<?xml version="1.0"?>
<test_results>
	<status>STATUS_SUCCESS</status>
	<custom>
		<num_loss>50</num_loss>
		<num_total>22438001</num_total>
		<num_misses>2</num_misses>
		<elapsed_time>6724.669425</elapsed_time>
		<query>
			<report>
				<misses>1001</misses>
				<total>1</total>
				<timestamp>0.299971</timestamp>
			</report>
			<report>
				<misses>2001</misses>
				<total>1</total>
				<timestamp>0.599620</timestamp>
			</report>
			<report>
				<misses>3001</misses>
				<total>1</total>
				<timestamp>0.899271</timestamp>
			</report>
			<report>
				<misses>4001</misses>
				<total>1</total>
				<timestamp>1.199044</timestamp>
			</report>
			<report>
				<misses>5001</misses>
				<total>1</total>
				<timestamp>1.498720</timestamp>
			</report>
			<report>
				<misses>6001</misses>
				<total>1</total>
				<timestamp>1.798371</timestamp>
			</report>
			<report>
				<misses>7001</misses>
				<total>1</total>
				<timestamp>2.098077</timestamp>
			</report>
			<report>
				<misses>8001</misses>
				<total>1</total>
				<timestamp>2.397806</timestamp>
			</report>
			<report>
				<misses>9001</misses>
				<total>1</total>
				<timestamp>2.697479</timestamp>
			</report>
			<report>
				<misses>10001</misses>
				<total>0</total>
				<timestamp>2.997302</timestamp>
			</report>
			<report>
				<misses>11001</misses>
				<total>1</total>
				<timestamp>3.296875</timestamp>
			</report>
			<report>
				<misses>12001</misses>
				<total>1</total>
				<timestamp>3.596607</timestamp>
			</report>
			<report>
				<misses>13001</misses>
				<total>1</total>
				<timestamp>3.896275</timestamp>
			</report>
			<report>
				<misses>14001</misses>
				<total>1</total>
				<timestamp>4.196021</timestamp>
			</report>
			<report>
				<misses>15001</misses>
				<total>1</total>
				<timestamp>4.495737</timestamp>
			</report>
			<report>
				<misses>16001</misses>
				<total>1</total>
				<timestamp>4.795418</timestamp>
			</report>
			<report>
				<misses>17001</misses>
				<total>1</total>
				<timestamp>5.095091</timestamp>
			</report>
			<report>
				<misses>18001</misses>
				<total>1</total>
				<timestamp>5.394776</timestamp>
			</report>
			<report>
				<misses>19001</misses>
				<total>1</total>
				<timestamp>5.694514</timestamp>
			</report>
			<report>
				<misses>20001</misses>
				<total>1</total>
				<timestamp>5.994212</timestamp>
			</report>
			<report>
				<misses>21001</misses>
				<total>1</total>
				<timestamp>6.293883</timestamp>
			</report>
			<report>
				<misses>22001</misses>
				<total>1</total>
				<timestamp>6.593590</timestamp>
			</report>
			<report>
				<misses>23001</misses>
				<total>1</total>
				<timestamp>6.893334</timestamp>
			</report>
			<report>
				<misses>24001</misses>
				<total>1</total>
				<timestamp>7.192983</timestamp>
			</report>
			<report>
				<misses>25001</misses>
				<total>1</total>
				<timestamp>7.492762</timestamp>
			</report>
			<report>
				<misses>26001</misses>
				<total>1</total>
				<timestamp>7.792389</timestamp>
			</report>
			<report>
				<misses>27001</misses>
				<total>1</total>
				<timestamp>8.092079</timestamp>
			</report>
			<report>
				<misses>28001</misses>
				<total>1</total>
				<timestamp>8.391790</timestamp>
			</report>
			<report>
				<misses>29001</misses>
				<total>1</total>
				<timestamp>8.691469</timestamp>
			</report>
			<report>
				<misses>30001</misses>
				<total>1</total>
				<timestamp>8.991201</timestamp>
			</report>
			<report>
				<misses>31001</misses>
				<total>1</total>
				<timestamp>9.290877</timestamp>
			</report>
			<report>
				<misses>32001</misses>
				<total>1</total>
				<timestamp>9.590669</timestamp>
			</report>
			<report>
				<misses>33001</misses>
				<total>1</total>
				<timestamp>9.890353</timestamp>
			</report>
			<report>
				<misses>34001</misses>
				<total>1</total>
				<timestamp>10.190012</timestamp>
			</report>
			<report>
				<misses>35001</misses>
				<total>1</total>
				<timestamp>10.489707</timestamp>
			</report>
			<report>
				<misses>36001</misses>
				<total>1</total>
				<timestamp>10.789365</timestamp>
			</report>
			<report>
				<misses>37001</misses>
				<total>1</total>
				<timestamp>11.089071</timestamp>
			</report>
			<report>
				<misses>38001</misses>
				<total>1</total>
				<timestamp>11.388776</timestamp>
			</report>
			<report>
				<misses>39001</misses>
				<total>1</total>
				<timestamp>11.688520</timestamp>
			</report>
			<report>
				<misses>40001</misses>
				<total>1</total>
				<timestamp>11.988245</timestamp>
			</report>
			<report>
				<misses>41001</misses>
				<total>1</total>
				<timestamp>12.287867</timestamp>
			</report>
			<report>
				<misses>42001</misses>
				<total>1</total>
				<timestamp>12.587591</timestamp>
			</report>
			<report>
				<misses>43001</misses>
				<total>1</total>
				<timestamp>12.887281</timestamp>
			</report>
			<report>
				<misses>44001</misses>
				<total>1</total>
				<timestamp>13.186967</timestamp>
			</report>
			<report>
				<misses>45001</misses>
				<total>1</total>
				<timestamp>13.486684</timestamp>
			</report>
			<report>
				<misses>46001</misses>
				<total>1</total>
				<timestamp>13.786387</timestamp>
			</report>
			<report>
				<misses>47001</misses>
				<total>1</total>
				<timestamp>14.086069</timestamp>
			</report>
			<report>
				<misses>48001</misses>
				<total>1</total>
				<timestamp>14.385773</timestamp>
			</report>
			<report>
				<misses>49001</misses>
				<total>1</total>
				<timestamp>14.685469</timestamp>
			</report>
			<report>
				<misses>50001</misses>
				<total>1</total>
				<timestamp>14.985225</timestamp>
			</report>
			<report>
				<misses>51001</misses>
				<total>1</total>
				<timestamp>15.284933</timestamp>
			</report>
			<report>
				<misses>52001</misses>
				<total>1</total>
				<timestamp>15.584628</timestamp>
			</report>
			<report>
				<misses>53001</misses>
				<total>1</total>
				<timestamp>15.884332</timestamp>
			</report>
			<report>
				<misses>54001</misses>
				<total>1</total>
				<timestamp>16.184037</timestamp>
			</report>
			<report>
				<misses>55001</misses>
				<total>1</total>
				<timestamp>16.483700</timestamp>
			</report>
			<report>
				<misses>56001</misses>
				<total>1</total>
				<timestamp>16.783356</timestamp>
			</report>
			<report>
				<misses>57001</misses>
				<total>1</total>
				<timestamp>17.083071</timestamp>
			</report>
			<report>
				<misses>58001</misses>
				<total>1</total>
				<timestamp>17.382827</timestamp>
			</report>
			<report>
				<misses>59001</misses>
				<total>1</total>
				<timestamp>17.682609</timestamp>
			</report>
			<report>
				<misses>60001</misses>
				<total>1</total>
				<timestamp>17.982233</timestamp>
			</report>
			<report>
				<misses>61001</misses>
				<total>1</total>
				<timestamp>18.281866</timestamp>
			</report>
			<report>
				<misses>62001</misses>
				<total>1</total>
				<timestamp>18.581620</timestamp>
			</report>
			<report>
				<misses>63001</misses>
				<total>1</total>
				<timestamp>18.881267</timestamp>
			</report>
			<report>
				<misses>64001</misses>
				<total>1</total>
				<timestamp>19.180984</timestamp>
			</report>
			<report>
				<misses>65001</misses>
				<total>1</total>
				<timestamp>19.480719</timestamp>
			</report>
			<report>
				<misses>66001</misses>
				<total>1</total>
				<timestamp>19.780378</timestamp>
			</report>
			<report>
				<misses>67001</misses>
				<total>1</total>
				<timestamp>20.080111</timestamp>
			</report>
			<report>
				<misses>68001</misses>
				<total>1</total>
				<timestamp>20.379787</timestamp>
			</report>
			<report>
				<misses>69001</misses>
				<total>1</total>
				<timestamp>20.679519</timestamp>
			</report>
			<report>
				<misses>70001</misses>
				<total>1</total>
				<timestamp>20.979247</timestamp>
			</report>
			<report>
				<misses>71001</misses>
				<total>1</total>
				<timestamp>21.278887</timestamp>
			</report>
			<report>
				<misses>72001</misses>
				<total>1</total>
				<timestamp>21.578580</timestamp>
			</report>
			<report>
				<misses>73001</misses>
				<total>1</total>
				<timestamp>21.878277</timestamp>
			</report>
			<report>
				<misses>74001</misses>
				<total>1</total>
				<timestamp>22.177991</timestamp>
			</report>
			<report>
				<misses>75001</misses>
				<total>1</total>
				<timestamp>22.477676</timestamp>
			</report>
			<report>
				<misses>76001</misses>
				<total>1</total>
				<timestamp>22.777410</timestamp>
			</report>
			<report>
				<misses>77001</misses>
				<total>1</total>
				<timestamp>23.077128</timestamp>
			</report>
			<report>
				<misses>78001</misses>
				<total>1</total>
				<timestamp>23.376782</timestamp>
			</report>
			<report>
				<misses>79001</misses>
				<total>0</total>
				<timestamp>23.676635</timestamp>
			</report>
			<report>
				<misses>80001</misses>
				<total>1</total>
				<timestamp>23.976180</timestamp>
			</report>
			<report>
				<misses>81001</misses>
				<total>1</total>
				<timestamp>24.275903</timestamp>
			</report>
			<report>
				<misses>82001</misses>
				<total>1</total>
				<timestamp>24.575565</timestamp>
			</report>
			<report>
				<misses>83001</misses>
				<total>1</total>
				<timestamp>24.875289</timestamp>
			</report>
			<report>
				<misses>84001</misses>
				<total>1</total>
				<timestamp>25.174994</timestamp>
			</report>
			<report>
				<misses>85001</misses>
				<total>1</total>
				<timestamp>25.474700</timestamp>
			</report>
			<report>
				<misses>86001</misses>
				<total>1</total>
				<timestamp>25.774383</timestamp>
			</report>
			<report>
				<misses>87001</misses>
				<total>1</total>
				<timestamp>26.074153</timestamp>
			</report>
			<report>
				<misses>88001</misses>
				<total>3</total>
				<timestamp>26.373772</timestamp>
			</report>
			<report>
				<misses>89001</misses>
				<total>3</total>
				<timestamp>26.673550</timestamp>
			</report>
			<report>
				<misses>90001</misses>
				<total>3</total>
				<timestamp>26.973244</timestamp>
			</report>
			<report>
				<misses>91001</misses>
				<total>3</total>
				<timestamp>27.272920</timestamp>
			</report>
			<report>
				<misses>92001</misses>
				<total>3</total>
				<timestamp>27.572736</timestamp>
			</report>
			<report>
				<misses>93001</misses>
				<total>3</total>
				<timestamp>27.872262</timestamp>
			</report>
			<report>
				<misses>94001</misses>
				<total>3</total>
				<timestamp>28.171994</timestamp>
			</report>
			<report>
				<misses>95001</misses>
				<total>3</total>
				<timestamp>28.471696</timestamp>
			</report>
			<report>
				<misses>96001</misses>
				<total>3</total>
				<timestamp>28.771384</timestamp>
			</report>
			<report>
				<misses>97001</misses>
				<total>3</total>
				<timestamp>29.071097</timestamp>
			</report>
			<report>
				<misses>98001</misses>
				<total>3</total>
				<timestamp>29.370803</timestamp>
			</report>
			<report>
				<misses>99001</misses>
				<total>3</total>
				<timestamp>29.670503</timestamp>
			</report>
			<report>
				<misses>100001</misses>
				<total>3</total>
				<timestamp>29.970166</timestamp>
			</report>
			<report>
				<misses>101001</misses>
				<total>3</total>
				<timestamp>30.269875</timestamp>
			</report>
			<report>
				<misses>102001</misses>
				<total>3</total>
				<timestamp>30.569603</timestamp>
			</report>
			<report>
				<misses>103001</misses>
				<total>3</total>
				<timestamp>30.869294</timestamp>
			</report>
			<report>
				<misses>104001</misses>
				<total>3</total>
				<timestamp>31.168976</timestamp>
			</report>
			<report>
				<misses>105001</misses>
				<total>3</total>
				<timestamp>31.468685</timestamp>
			</report>
			<report>
				<misses>106001</misses>
				<total>3</total>
				<timestamp>31.768389</timestamp>
			</report>
			<report>
				<misses>107001</misses>
				<total>3</total>
				<timestamp>32.068056</timestamp>
			</report>
			<report>
				<misses>108001</misses>
				<total>3</total>
				<timestamp>32.367770</timestamp>
			</report>
			<report>
				<misses>109001</misses>
				<total>2</total>
				<timestamp>32.667620</timestamp>
			</report>
			<report>
				<misses>110001</misses>
				<total>3</total>
				<timestamp>32.967159</timestamp>
			</report>
			<report>
				<misses>111001</misses>
				<total>3</total>
				<timestamp>33.266880</timestamp>
			</report>
			<report>
				<misses>112001</misses>
				<total>3</total>
				<timestamp>33.566610</timestamp>
			</report>
			<report>
				<misses>113001</misses>
				<total>3</total>
				<timestamp>33.866277</timestamp>
			</report>
			<report>
				<misses>114001</misses>
				<total>3</total>
				<timestamp>34.165996</timestamp>
			</report>
			<report>
				<misses>115001</misses>
				<total>3</total>
				<timestamp>34.465670</timestamp>
			</report>
			<report>
				<misses>116001</misses>
				<total>2</total>
				<timestamp>34.765486</timestamp>
			</report>
			<report>
				<misses>117001</misses>
				<total>3</total>
				<timestamp>35.065131</timestamp>
			</report>
			<report>
				<misses>118001</misses>
				<total>2</total>
				<timestamp>35.364950</timestamp>
			</report>
			<report>
				<misses>119001</misses>
				<total>3</total>
				<timestamp>35.664523</timestamp>
			</report>
			<report>
				<misses>120001</misses>
				<total>3</total>
				<timestamp>35.964184</timestamp>
			</report>
			<report>
				<misses>121001</misses>
				<total>3</total>
				<timestamp>36.263876</timestamp>
			</report>
			<report>
				<misses>122001</misses>
				<total>3</total>
				<timestamp>36.563596</timestamp>
			</report>
			<report>
				<misses>123001</misses>
				<total>3</total>
				<timestamp>36.863421</timestamp>
			</report>
			<report>
				<misses>124001</misses>
				<total>3</total>
				<timestamp>37.162973</timestamp>
			</report>
			<report>
				<misses>125001</misses>
				<total>3</total>
				<timestamp>37.462685</timestamp>
			</report>
			<report>
				<misses>126001</misses>
				<total>3</total>
				<timestamp>37.762466</timestamp>
			</report>
			<report>
				<misses>127001</misses>
				<total>3</total>
				<timestamp>38.062069</timestamp>
			</report>
			<report>
				<misses>128001</misses>
				<total>3</total>
				<timestamp>38.361785</timestamp>
			</report>
			<report>
				<misses>129001</misses>
				<total>3</total>
				<timestamp>38.661514</timestamp>
			</report>
			<report>
				<misses>130001</misses>
				<total>3</total>
				<timestamp>38.961218</timestamp>
			</report>
			<report>
				<misses>131001</misses>
				<total>3</total>
				<timestamp>39.260877</timestamp>
			</report>
			<report>
				<misses>132001</misses>
				<total>3</total>
				<timestamp>39.560561</timestamp>
			</report>
			<report>
				<misses>133001</misses>
				<total>3</total>
				<timestamp>39.860268</timestamp>
			</report>
			<report>
				<misses>134001</misses>
				<total>3</total>
				<timestamp>40.159989</timestamp>
			</report>
			<report>
				<misses>135001</misses>
				<total>3</total>
				<timestamp>40.459678</timestamp>
			</report>
			<report>
				<misses>136001</misses>
				<total>3</total>
				<timestamp>40.759460</timestamp>
			</report>
			<report>
				<misses>137001</misses>
				<total>3</total>
				<timestamp>41.059129</timestamp>
			</report>
			<report>
				<misses>138001</misses>
				<total>3</total>
				<timestamp>41.358783</timestamp>
			</report>
			<report>
				<misses>139001</misses>
				<total>3</total>
				<timestamp>41.658490</timestamp>
			</report>
			<report>
				<misses>140001</misses>
				<total>3</total>
				<timestamp>41.958273</timestamp>
			</report>
			<report>
				<misses>141001</misses>
				<total>3</total>
				<timestamp>42.257871</timestamp>
			</report>
			<report>
				<misses>142001</misses>
				<total>3</total>
				<timestamp>42.557595</timestamp>
			</report>
			<report>
				<misses>143001</misses>
				<total>3</total>
				<timestamp>42.857292</timestamp>
			</report>
			<report>
				<misses>144001</misses>
				<total>3</total>
				<timestamp>43.157042</timestamp>
			</report>
			<report>
				<misses>145001</misses>
				<total>3</total>
				<timestamp>43.456673</timestamp>
			</report>
			<report>
				<misses>146001</misses>
				<total>3</total>
				<timestamp>43.756396</timestamp>
			</report>
			<report>
				<misses>147001</misses>
				<total>3</total>
				<timestamp>44.056119</timestamp>
			</report>
			<report>
				<misses>148001</misses>
				<total>3</total>
				<timestamp>44.355770</timestamp>
			</report>
			<report>
				<misses>149001</misses>
				<total>3</total>
				<timestamp>44.655530</timestamp>
			</report>
			<report>
				<misses>150001</misses>
				<total>3</total>
				<timestamp>44.955183</timestamp>
			</report>
			<report>
				<misses>151001</misses>
				<total>3</total>
				<timestamp>45.254895</timestamp>
			</report>
			<report>
				<misses>152001</misses>
				<total>3</total>
				<timestamp>45.554570</timestamp>
			</report>
			<report>
				<misses>153001</misses>
				<total>3</total>
				<timestamp>45.854267</timestamp>
			</report>
			<report>
				<misses>154001</misses>
				<total>3</total>
				<timestamp>46.153988</timestamp>
			</report>
			<report>
				<misses>155001</misses>
				<total>3</total>
				<timestamp>46.453674</timestamp>
			</report>
			<report>
				<misses>156001</misses>
				<total>3</total>
				<timestamp>46.753443</timestamp>
			</report>
			<report>
				<misses>157001</misses>
				<total>3</total>
				<timestamp>47.053132</timestamp>
			</report>
			<report>
				<misses>158001</misses>
				<total>3</total>
				<timestamp>47.352840</timestamp>
			</report>
			<report>
				<misses>159001</misses>
				<total>3</total>
				<timestamp>47.652547</timestamp>
			</report>
			<report>
				<misses>160001</misses>
				<total>3</total>
				<timestamp>47.952174</timestamp>
			</report>
			<report>
				<misses>161001</misses>
				<total>3</total>
				<timestamp>48.251892</timestamp>
			</report>
			<report>
				<misses>162001</misses>
				<total>3</total>
				<timestamp>48.551556</timestamp>
			</report>
			<report>
				<misses>163001</misses>
				<total>3</total>
				<timestamp>48.851303</timestamp>
			</report>
			<report>
				<misses>164001</misses>
				<total>3</total>
				<timestamp>49.151072</timestamp>
			</report>
			<report>
				<misses>165001</misses>
				<total>3</total>
				<timestamp>49.450686</timestamp>
			</report>
			<report>
				<misses>166001</misses>
				<total>3</total>
				<timestamp>49.750400</timestamp>
			</report>
			<report>
				<misses>167001</misses>
				<total>3</total>
				<timestamp>50.050119</timestamp>
			</report>
			<report>
				<misses>168001</misses>
				<total>3</total>
				<timestamp>50.349770</timestamp>
			</report>
			<report>
				<misses>169001</misses>
				<total>3</total>
				<timestamp>50.649529</timestamp>
			</report>
			<report>
				<misses>170001</misses>
				<total>3</total>
				<timestamp>50.949174</timestamp>
			</report>
			<report>
				<misses>171001</misses>
				<total>3</total>
				<timestamp>51.248863</timestamp>
			</report>
			<report>
				<misses>172001</misses>
				<total>3</total>
				<timestamp>51.548567</timestamp>
			</report>
			<report>
				<misses>173001</misses>
				<total>3</total>
				<timestamp>51.848354</timestamp>
			</report>
			<report>
				<misses>174001</misses>
				<total>2</total>
				<timestamp>52.148082</timestamp>
			</report>
			<report>
				<misses>175001</misses>
				<total>3</total>
				<timestamp>52.447713</timestamp>
			</report>
			<report>
				<misses>176001</misses>
				<total>3</total>
				<timestamp>52.747397</timestamp>
			</report>
			<report>
				<misses>177001</misses>
				<total>3</total>
				<timestamp>53.047108</timestamp>
			</report>
			<report>
				<misses>178001</misses>
				<total>3</total>
				<timestamp>53.346813</timestamp>
			</report>
			<report>
				<misses>179001</misses>
				<total>3</total>
				<timestamp>53.646476</timestamp>
			</report>
			<report>
				<misses>180001</misses>
				<total>3</total>
				<timestamp>53.946176</timestamp>
			</report>
			<report>
				<misses>181001</misses>
				<total>3</total>
				<timestamp>54.245957</timestamp>
			</report>
			<report>
				<misses>182001</misses>
				<total>3</total>
				<timestamp>54.545586</timestamp>
			</report>
			<report>
				<misses>183001</misses>
				<total>3</total>
				<timestamp>54.845289</timestamp>
			</report>
			<report>
				<misses>184001</misses>
				<total>3</total>
				<timestamp>55.145087</timestamp>
			</report>
			<report>
				<misses>185001</misses>
				<total>3</total>
				<timestamp>55.444679</timestamp>
			</report>
			<report>
				<misses>186001</misses>
				<total>3</total>
				<timestamp>55.744403</timestamp>
			</report>
			<report>
				<misses>187001</misses>
				<total>3</total>
				<timestamp>56.044078</timestamp>
			</report>
			<report>
				<misses>188001</misses>
				<total>3</total>
				<timestamp>56.343771</timestamp>
			</report>
			<report>
				<misses>189001</misses>
				<total>3</total>
				<timestamp>56.643503</timestamp>
			</report>
			<report>
				<misses>190001</misses>
				<total>3</total>
				<timestamp>56.943253</timestamp>
			</report>
			<report>
				<misses>191001</misses>
				<total>3</total>
				<timestamp>57.242877</timestamp>
			</report>
			<report>
				<misses>192001</misses>
				<total>3</total>
				<timestamp>57.542590</timestamp>
			</report>
			<report>
				<misses>193001</misses>
				<total>3</total>
				<timestamp>57.842307</timestamp>
			</report>
			<report>
				<misses>194001</misses>
				<total>3</total>
				<timestamp>58.142059</timestamp>
			</report>
			<report>
				<misses>195001</misses>
				<total>3</total>
				<timestamp>58.441666</timestamp>
			</report>
			<report>
				<misses>196001</misses>
				<total>3</total>
				<timestamp>58.741404</timestamp>
			</report>
			<report>
				<misses>197001</misses>
				<total>3</total>
				<timestamp>59.041060</timestamp>
			</report>
			<report>
				<misses>198001</misses>
				<total>3</total>
				<timestamp>59.340772</timestamp>
			</report>
			<report>
				<misses>199001</misses>
				<total>3</total>
				<timestamp>59.640470</timestamp>
			</report>
			<report>
				<misses>200001</misses>
				<total>3</total>
				<timestamp>59.940277</timestamp>
			</report>
			<report>
				<misses>201001</misses>
				<total>3</total>
				<timestamp>60.239866</timestamp>
			</report>
			<report>
				<misses>202001</misses>
				<total>3</total>
				<timestamp>60.539561</timestamp>
			</report>
			<report>
				<misses>203001</misses>
				<total>3</total>
				<timestamp>60.839296</timestamp>
			</report>
			<report>
				<misses>204001</misses>
				<total>3</total>
				<timestamp>61.139040</timestamp>
			</report>
			<report>
				<misses>205001</misses>
				<total>3</total>
				<timestamp>61.438679</timestamp>
			</report>
			<report>
				<misses>206001</misses>
				<total>3</total>
				<timestamp>61.738389</timestamp>
			</report>
			<report>
				<misses>207001</misses>
				<total>3</total>
				<timestamp>62.038072</timestamp>
			</report>
			<report>
				<misses>208001</misses>
				<total>3</total>
				<timestamp>62.337770</timestamp>
			</report>
			<report>
				<misses>209001</misses>
				<total>3</total>
				<timestamp>62.637494</timestamp>
			</report>
			<report>
				<misses>210001</misses>
				<total>3</total>
				<timestamp>62.937183</timestamp>
			</report>
			<report>
				<misses>211001</misses>
				<total>3</total>
				<timestamp>63.236927</timestamp>
			</report>
			<report>
				<misses>212001</misses>
				<total>3</total>
				<timestamp>63.536570</timestamp>
			</report>
			<report>
				<misses>213001</misses>
				<total>3</total>
				<timestamp>63.836296</timestamp>
			</report>
			<report>
				<misses>214001</misses>
				<total>3</total>
				<timestamp>64.136067</timestamp>
			</report>
			<report>
				<misses>215001</misses>
				<total>3</total>
				<timestamp>64.435680</timestamp>
			</report>
			<report>
				<misses>216001</misses>
				<total>3</total>
				<timestamp>64.735401</timestamp>
			</report>
			<report>
				<misses>217001</misses>
				<total>3</total>
				<timestamp>65.035086</timestamp>
			</report>
			<report>
				<misses>218001</misses>
				<total>3</total>
				<timestamp>65.334771</timestamp>
			</report>
			<report>
				<misses>219001</misses>
				<total>3</total>
				<timestamp>65.634462</timestamp>
			</report>
			<report>
				<misses>220001</misses>
				<total>3</total>
				<timestamp>65.934259</timestamp>
			</report>
			<report>
				<misses>221001</misses>
				<total>3</total>
				<timestamp>66.233945</timestamp>
			</report>
			<report>
				<misses>222001</misses>
				<total>3</total>
				<timestamp>66.533576</timestamp>
			</report>
			<report>
				<misses>223001</misses>
				<total>3</total>
				<timestamp>66.833294</timestamp>
			</report>
			<report>
				<misses>224001</misses>
				<total>3</total>
				<timestamp>67.133053</timestamp>
			</report>
			<report>
				<misses>225001</misses>
				<total>3</total>
				<timestamp>67.432665</timestamp>
			</report>
			<report>
				<misses>226001</misses>
				<total>3</total>
				<timestamp>67.732415</timestamp>
			</report>
			<report>
				<misses>227001</misses>
				<total>3</total>
				<timestamp>68.032077</timestamp>
			</report>
			<report>
				<misses>228001</misses>
				<total>3</total>
				<timestamp>68.331765</timestamp>
			</report>
			<report>
				<misses>229001</misses>
				<total>3</total>
				<timestamp>68.631497</timestamp>
			</report>
			<report>
				<misses>230001</misses>
				<total>3</total>
				<timestamp>68.931206</timestamp>
			</report>
			<report>
				<misses>231001</misses>
				<total>3</total>
				<timestamp>69.230872</timestamp>
			</report>
			<report>
				<misses>232001</misses>
				<total>3</total>
				<timestamp>69.530560</timestamp>
			</report>
			<report>
				<misses>233001</misses>
				<total>3</total>
				<timestamp>69.830351</timestamp>
			</report>
			<report>
				<misses>234001</misses>
				<total>3</total>
				<timestamp>70.130017</timestamp>
			</report>
			<report>
				<misses>235001</misses>
				<total>3</total>
				<timestamp>70.429688</timestamp>
			</report>
			<report>
				<misses>236001</misses>
				<total>3</total>
				<timestamp>70.729407</timestamp>
			</report>
			<report>
				<misses>237001</misses>
				<total>3</total>
				<timestamp>71.029074</timestamp>
			</report>
			<report>
				<misses>238001</misses>
				<total>3</total>
				<timestamp>71.328768</timestamp>
			</report>
			<report>
				<misses>239001</misses>
				<total>3</total>
				<timestamp>71.628477</timestamp>
			</report>
			<report>
				<misses>240001</misses>
				<total>3</total>
				<timestamp>71.928221</timestamp>
			</report>
			<report>
				<misses>241001</misses>
				<total>3</total>
				<timestamp>72.227871</timestamp>
			</report>
			<report>
				<misses>242001</misses>
				<total>3</total>
				<timestamp>72.527572</timestamp>
			</report>
			<report>
				<misses>243001</misses>
				<total>3</total>
				<timestamp>72.827320</timestamp>
			</report>
			<report>
				<misses>244001</misses>
				<total>3</total>
				<timestamp>73.127027</timestamp>
			</report>
			<report>
				<misses>245001</misses>
				<total>3</total>
				<timestamp>73.426660</timestamp>
			</report>
			<report>
				<misses>246001</misses>
				<total>3</total>
				<timestamp>73.726374</timestamp>
			</report>
			<report>
				<misses>247001</misses>
				<total>3</total>
				<timestamp>74.026084</timestamp>
			</report>
			<report>
				<misses>248001</misses>
				<total>3</total>
				<timestamp>74.325782</timestamp>
			</report>
			<report>
				<misses>249001</misses>
				<total>3</total>
				<timestamp>74.625475</timestamp>
			</report>
			<report>
				<misses>250001</misses>
				<total>3</total>
				<timestamp>74.925200</timestamp>
			</report>
			<report>
				<misses>251001</misses>
				<total>3</total>
				<timestamp>75.224892</timestamp>
			</report>
			<report>
				<misses>252001</misses>
				<total>3</total>
				<timestamp>75.524577</timestamp>
			</report>
			<report>
				<misses>253001</misses>
				<total>3</total>
				<timestamp>75.824392</timestamp>
			</report>
			<report>
				<misses>254001</misses>
				<total>2</total>
				<timestamp>76.124090</timestamp>
			</report>
			<report>
				<misses>255001</misses>
				<total>3</total>
				<timestamp>76.423686</timestamp>
			</report>
			<report>
				<misses>256001</misses>
				<total>3</total>
				<timestamp>76.723362</timestamp>
			</report>
			<report>
				<misses>257001</misses>
				<total>3</total>
				<timestamp>77.023075</timestamp>
			</report>
			<report>
				<misses>258001</misses>
				<total>3</total>
				<timestamp>77.322774</timestamp>
			</report>
			<report>
				<misses>259001</misses>
				<total>3</total>
				<timestamp>77.622486</timestamp>
			</report>
			<report>
				<misses>260001</misses>
				<total>3</total>
				<timestamp>77.922190</timestamp>
			</report>
			<report>
				<misses>261001</misses>
				<total>3</total>
				<timestamp>78.221924</timestamp>
			</report>
			<report>
				<misses>262001</misses>
				<total>3</total>
				<timestamp>78.521562</timestamp>
			</report>
			<report>
				<misses>263001</misses>
				<total>3</total>
				<timestamp>78.821317</timestamp>
			</report>
			<report>
				<misses>264001</misses>
				<total>3</total>
				<timestamp>79.120987</timestamp>
			</report>
			<report>
				<misses>265001</misses>
				<total>3</total>
				<timestamp>79.420666</timestamp>
			</report>
			<report>
				<misses>266001</misses>
				<total>3</total>
				<timestamp>79.720418</timestamp>
			</report>
			<report>
				<misses>267001</misses>
				<total>3</total>
				<timestamp>80.020070</timestamp>
			</report>
			<report>
				<misses>268001</misses>
				<total>3</total>
				<timestamp>80.319869</timestamp>
			</report>
			<report>
				<misses>269001</misses>
				<total>3</total>
				<timestamp>80.619481</timestamp>
			</report>
			<report>
				<misses>270001</misses>
				<total>3</total>
				<timestamp>80.919171</timestamp>
			</report>
			<report>
				<misses>271001</misses>
				<total>3</total>
				<timestamp>81.218875</timestamp>
			</report>
			<report>
				<misses>272001</misses>
				<total>3</total>
				<timestamp>81.518641</timestamp>
			</report>
			<report>
				<misses>273001</misses>
				<total>3</total>
				<timestamp>81.818306</timestamp>
			</report>
			<report>
				<misses>274001</misses>
				<total>3</total>
				<timestamp>82.118019</timestamp>
			</report>
			<report>
				<misses>275001</misses>
				<total>3</total>
				<timestamp>82.417674</timestamp>
			</report>
			<report>
				<misses>276001</misses>
				<total>3</total>
				<timestamp>82.717447</timestamp>
			</report>
			<report>
				<misses>277001</misses>
				<total>3</total>
				<timestamp>83.017079</timestamp>
			</report>
			<report>
				<misses>278001</misses>
				<total>3</total>
				<timestamp>83.316801</timestamp>
			</report>
			<report>
				<misses>279001</misses>
				<total>3</total>
				<timestamp>83.616483</timestamp>
			</report>
			<report>
				<misses>280001</misses>
				<total>3</total>
				<timestamp>83.916163</timestamp>
			</report>
			<report>
				<misses>281001</misses>
				<total>3</total>
				<timestamp>84.215886</timestamp>
			</report>
			<report>
				<misses>282001</misses>
				<total>3</total>
				<timestamp>84.515588</timestamp>
			</report>
			<report>
				<misses>283001</misses>
				<total>3</total>
				<timestamp>84.815306</timestamp>
			</report>
			<report>
				<misses>284001</misses>
				<total>3</total>
				<timestamp>85.114984</timestamp>
			</report>
			<report>
				<misses>285001</misses>
				<total>3</total>
				<timestamp>85.414667</timestamp>
			</report>
			<report>
				<misses>286001</misses>
				<total>3</total>
				<timestamp>85.714365</timestamp>
			</report>
			<report>
				<misses>287001</misses>
				<total>3</total>
				<timestamp>86.014113</timestamp>
			</report>
			<report>
				<misses>288001</misses>
				<total>3</total>
				<timestamp>86.313778</timestamp>
			</report>
			<report>
				<misses>289001</misses>
				<total>3</total>
				<timestamp>86.613470</timestamp>
			</report>
			<report>
				<misses>290001</misses>
				<total>3</total>
				<timestamp>86.913223</timestamp>
			</report>
			<report>
				<misses>291001</misses>
				<total>3</total>
				<timestamp>87.212888</timestamp>
			</report>
			<report>
				<misses>292001</misses>
				<total>3</total>
				<timestamp>87.512573</timestamp>
			</report>
			<report>
				<misses>293001</misses>
				<total>3</total>
				<timestamp>87.812340</timestamp>
			</report>
			<report>
				<misses>294001</misses>
				<total>3</total>
				<timestamp>88.112005</timestamp>
			</report>
			<report>
				<misses>295001</misses>
				<total>3</total>
				<timestamp>88.411682</timestamp>
			</report>
			<report>
				<misses>296001</misses>
				<total>3</total>
				<timestamp>88.711434</timestamp>
			</report>
			<report>
				<misses>297001</misses>
				<total>3</total>
				<timestamp>89.011118</timestamp>
			</report>
			<report>
				<misses>298001</misses>
				<total>3</total>
				<timestamp>89.310805</timestamp>
			</report>
			<report>
				<misses>299001</misses>
				<total>3</total>
				<timestamp>89.610464</timestamp>
			</report>
			<report>
				<misses>300001</misses>
				<total>3</total>
				<timestamp>89.910245</timestamp>
			</report>
			<report>
				<misses>301001</misses>
				<total>3</total>
				<timestamp>90.209875</timestamp>
			</report>
			<report>
				<misses>302001</misses>
				<total>3</total>
				<timestamp>90.509575</timestamp>
			</report>
			<report>
				<misses>303001</misses>
				<total>3</total>
				<timestamp>90.809275</timestamp>
			</report>
			<report>
				<misses>304001</misses>
				<total>3</total>
				<timestamp>91.108999</timestamp>
			</report>
			<report>
				<misses>305001</misses>
				<total>3</total>
				<timestamp>91.408666</timestamp>
			</report>
			<report>
				<misses>306001</misses>
				<total>3</total>
				<timestamp>91.708373</timestamp>
			</report>
			<report>
				<misses>307001</misses>
				<total>3</total>
				<timestamp>92.008074</timestamp>
			</report>
			<report>
				<misses>308001</misses>
				<total>2</total>
				<timestamp>92.307882</timestamp>
			</report>
			<report>
				<misses>309001</misses>
				<total>3</total>
				<timestamp>92.607460</timestamp>
			</report>
			<report>
				<misses>310001</misses>
				<total>3</total>
				<timestamp>92.907209</timestamp>
			</report>
			<report>
				<misses>311001</misses>
				<total>3</total>
				<timestamp>93.206862</timestamp>
			</report>
			<report>
				<misses>312001</misses>
				<total>3</total>
				<timestamp>93.506578</timestamp>
			</report>
			<report>
				<misses>313001</misses>
				<total>3</total>
				<timestamp>93.806329</timestamp>
			</report>
			<report>
				<misses>314001</misses>
				<total>3</total>
				<timestamp>94.105991</timestamp>
			</report>
			<report>
				<misses>315001</misses>
				<total>3</total>
				<timestamp>94.405677</timestamp>
			</report>
			<report>
				<misses>316001</misses>
				<total>3</total>
				<timestamp>94.705402</timestamp>
			</report>
			<report>
				<misses>317001</misses>
				<total>3</total>
				<timestamp>95.005080</timestamp>
			</report>
			<report>
				<misses>318001</misses>
				<total>3</total>
				<timestamp>95.304819</timestamp>
			</report>
			<report>
				<misses>319001</misses>
				<total>3</total>
				<timestamp>95.604466</timestamp>
			</report>
			<report>
				<misses>320001</misses>
				<total>3</total>
				<timestamp>95.904205</timestamp>
			</report>
			<report>
				<misses>321001</misses>
				<total>3</total>
				<timestamp>96.203881</timestamp>
			</report>
			<report>
				<misses>322001</misses>
				<total>3</total>
				<timestamp>96.503570</timestamp>
			</report>
			<report>
				<misses>323001</misses>
				<total>3</total>
				<timestamp>96.803296</timestamp>
			</report>
			<report>
				<misses>324001</misses>
				<total>3</total>
				<timestamp>97.103009</timestamp>
			</report>
			<report>
				<misses>325001</misses>
				<total>3</total>
				<timestamp>97.402666</timestamp>
			</report>
			<report>
				<misses>326001</misses>
				<total>3</total>
				<timestamp>97.702447</timestamp>
			</report>
			<report>
				<misses>327001</misses>
				<total>3</total>
				<timestamp>98.002061</timestamp>
			</report>
			<report>
				<misses>328001</misses>
				<total>3</total>
				<timestamp>98.301835</timestamp>
			</report>
			<report>
				<misses>329001</misses>
				<total>3</total>
				<timestamp>98.601484</timestamp>
			</report>
			<report>
				<misses>330001</misses>
				<total>3</total>
				<timestamp>98.901256</timestamp>
			</report>
			<report>
				<misses>331001</misses>
				<total>3</total>
				<timestamp>99.200898</timestamp>
			</report>
			<report>
				<misses>332001</misses>
				<total>3</total>
				<timestamp>99.500583</timestamp>
			</report>
			<report>
				<misses>333001</misses>
				<total>3</total>
				<timestamp>99.800271</timestamp>
			</report>
			<report>
				<misses>334001</misses>
				<total>3</total>
				<timestamp>100.100050</timestamp>
			</report>
			<report>
				<misses>335001</misses>
				<total>3</total>
				<timestamp>100.399681</timestamp>
			</report>
			<report>
				<misses>336001</misses>
				<total>3</total>
				<timestamp>100.699391</timestamp>
			</report>
			<report>
				<misses>337001</misses>
				<total>3</total>
				<timestamp>100.999084</timestamp>
			</report>
			<report>
				<misses>338001</misses>
				<total>2</total>
				<timestamp>101.298857</timestamp>
			</report>
			<report>
				<misses>339001</misses>
				<total>3</total>
				<timestamp>101.598502</timestamp>
			</report>
			<report>
				<misses>340001</misses>
				<total>3</total>
				<timestamp>101.898172</timestamp>
			</report>
			<report>
				<misses>341001</misses>
				<total>2</total>
				<timestamp>102.197993</timestamp>
			</report>
			<report>
				<misses>342001</misses>
				<total>3</total>
				<timestamp>102.497580</timestamp>
			</report>
			<report>
				<misses>343001</misses>
				<total>3</total>
				<timestamp>102.797273</timestamp>
			</report>
			<report>
				<misses>344001</misses>
				<total>3</total>
				<timestamp>103.097023</timestamp>
			</report>
			<report>
				<misses>345001</misses>
				<total>3</total>
				<timestamp>103.396669</timestamp>
			</report>
			<report>
				<misses>346001</misses>
				<total>3</total>
				<timestamp>103.696400</timestamp>
			</report>
			<report>
				<misses>347001</misses>
				<total>3</total>
				<timestamp>103.996076</timestamp>
			</report>
			<report>
				<misses>348001</misses>
				<total>3</total>
				<timestamp>104.295847</timestamp>
			</report>
			<report>
				<misses>349001</misses>
				<total>3</total>
				<timestamp>104.595502</timestamp>
			</report>
			<report>
				<misses>350001</misses>
				<total>3</total>
				<timestamp>104.895169</timestamp>
			</report>
			<report>
				<misses>351001</misses>
				<total>2</total>
				<timestamp>105.194986</timestamp>
			</report>
			<report>
				<misses>352001</misses>
				<total>4</total>
				<timestamp>105.494558</timestamp>
			</report>
			<report>
				<misses>353001</misses>
				<total>4</total>
				<timestamp>105.794306</timestamp>
			</report>
			<report>
				<misses>354001</misses>
				<total>4</total>
				<timestamp>106.094037</timestamp>
			</report>
			<report>
				<misses>355001</misses>
				<total>4</total>
				<timestamp>106.393731</timestamp>
			</report>
			<report>
				<misses>356001</misses>
				<total>4</total>
				<timestamp>106.693377</timestamp>
			</report>
			<report>
				<misses>357001</misses>
				<total>4</total>
				<timestamp>106.993076</timestamp>
			</report>
			<report>
				<misses>358001</misses>
				<total>4</total>
				<timestamp>107.292764</timestamp>
			</report>
			<report>
				<misses>359001</misses>
				<total>4</total>
				<timestamp>107.592533</timestamp>
			</report>
			<report>
				<misses>360001</misses>
				<total>4</total>
				<timestamp>107.892196</timestamp>
			</report>
			<report>
				<misses>361001</misses>
				<total>4</total>
				<timestamp>108.191890</timestamp>
			</report>
			<report>
				<misses>362001</misses>
				<total>4</total>
				<timestamp>108.491585</timestamp>
			</report>
			<report>
				<misses>363001</misses>
				<total>4</total>
				<timestamp>108.791275</timestamp>
			</report>
			<report>
				<misses>364001</misses>
				<total>4</total>
				<timestamp>109.090992</timestamp>
			</report>
			<report>
				<misses>365001</misses>
				<total>3</total>
				<timestamp>109.390780</timestamp>
			</report>
			<report>
				<misses>366001</misses>
				<total>4</total>
				<timestamp>109.690378</timestamp>
			</report>
			<report>
				<misses>367001</misses>
				<total>4</total>
				<timestamp>109.990106</timestamp>
			</report>
			<report>
				<misses>368001</misses>
				<total>4</total>
				<timestamp>110.289792</timestamp>
			</report>
			<report>
				<misses>369001</misses>
				<total>4</total>
				<timestamp>110.589475</timestamp>
			</report>
			<report>
				<misses>370001</misses>
				<total>4</total>
				<timestamp>110.889175</timestamp>
			</report>
			<report>
				<misses>371001</misses>
				<total>4</total>
				<timestamp>111.188890</timestamp>
			</report>
			<report>
				<misses>372001</misses>
				<total>3</total>
				<timestamp>111.488670</timestamp>
			</report>
			<report>
				<misses>373001</misses>
				<total>4</total>
				<timestamp>111.788328</timestamp>
			</report>
			<report>
				<misses>374001</misses>
				<total>4</total>
				<timestamp>112.088022</timestamp>
			</report>
			<report>
				<misses>375001</misses>
				<total>4</total>
				<timestamp>112.387739</timestamp>
			</report>
			<report>
				<misses>376001</misses>
				<total>4</total>
				<timestamp>112.687368</timestamp>
			</report>
			<report>
				<misses>377001</misses>
				<total>4</total>
				<timestamp>112.987106</timestamp>
			</report>
			<report>
				<misses>378001</misses>
				<total>4</total>
				<timestamp>113.286811</timestamp>
			</report>
			<report>
				<misses>379001</misses>
				<total>4</total>
				<timestamp>113.586475</timestamp>
			</report>
			<report>
				<misses>380001</misses>
				<total>4</total>
				<timestamp>113.886249</timestamp>
			</report>
			<report>
				<misses>381001</misses>
				<total>4</total>
				<timestamp>114.185921</timestamp>
			</report>
			<report>
				<misses>382001</misses>
				<total>4</total>
				<timestamp>114.485562</timestamp>
			</report>
			<report>
				<misses>383001</misses>
				<total>4</total>
				<timestamp>114.785280</timestamp>
			</report>
			<report>
				<misses>384001</misses>
				<total>4</total>
				<timestamp>115.085024</timestamp>
			</report>
			<report>
				<misses>385001</misses>
				<total>4</total>
				<timestamp>115.384669</timestamp>
			</report>
			<report>
				<misses>386001</misses>
				<total>4</total>
				<timestamp>115.684380</timestamp>
			</report>
			<report>
				<misses>387001</misses>
				<total>4</total>
				<timestamp>115.984099</timestamp>
			</report>
			<report>
				<misses>388001</misses>
				<total>4</total>
				<timestamp>116.283879</timestamp>
			</report>
			<report>
				<misses>389001</misses>
				<total>4</total>
				<timestamp>116.583485</timestamp>
			</report>
			<report>
				<misses>390001</misses>
				<total>4</total>
				<timestamp>116.883190</timestamp>
			</report>
			<report>
				<misses>391001</misses>
				<total>4</total>
				<timestamp>117.182896</timestamp>
			</report>
			<report>
				<misses>392001</misses>
				<total>4</total>
				<timestamp>117.482624</timestamp>
			</report>
			<report>
				<misses>393001</misses>
				<total>4</total>
				<timestamp>117.782281</timestamp>
			</report>
			<report>
				<misses>394001</misses>
				<total>4</total>
				<timestamp>118.082001</timestamp>
			</report>
			<report>
				<misses>395001</misses>
				<total>4</total>
				<timestamp>118.381720</timestamp>
			</report>
			<report>
				<misses>396001</misses>
				<total>4</total>
				<timestamp>118.681387</timestamp>
			</report>
			<report>
				<misses>397001</misses>
				<total>4</total>
				<timestamp>118.981078</timestamp>
			</report>
			<report>
				<misses>398001</misses>
				<total>4</total>
				<timestamp>119.280768</timestamp>
			</report>
			<report>
				<misses>399001</misses>
				<total>4</total>
				<timestamp>119.580472</timestamp>
			</report>
			<report>
				<misses>400001</misses>
				<total>4</total>
				<timestamp>119.880179</timestamp>
			</report>
			<report>
				<misses>401001</misses>
				<total>4</total>
				<timestamp>120.179937</timestamp>
			</report>
			<report>
				<misses>402001</misses>
				<total>4</total>
				<timestamp>120.479578</timestamp>
			</report>
			<report>
				<misses>403001</misses>
				<total>4</total>
				<timestamp>120.779257</timestamp>
			</report>
			<report>
				<misses>404001</misses>
				<total>4</total>
				<timestamp>121.079004</timestamp>
			</report>
			<report>
				<misses>405001</misses>
				<total>4</total>
				<timestamp>121.378670</timestamp>
			</report>
			<report>
				<misses>406001</misses>
				<total>4</total>
				<timestamp>121.678359</timestamp>
			</report>
			<report>
				<misses>407001</misses>
				<total>4</total>
				<timestamp>121.978056</timestamp>
			</report>
			<report>
				<misses>408001</misses>
				<total>4</total>
				<timestamp>122.277858</timestamp>
			</report>
			<report>
				<misses>409001</misses>
				<total>4</total>
				<timestamp>122.577484</timestamp>
			</report>
			<report>
				<misses>410001</misses>
				<total>4</total>
				<timestamp>122.877194</timestamp>
			</report>
			<report>
				<misses>411001</misses>
				<total>4</total>
				<timestamp>123.176919</timestamp>
			</report>
			<report>
				<misses>412001</misses>
				<total>4</total>
				<timestamp>123.476593</timestamp>
			</report>
			<report>
				<misses>413001</misses>
				<total>3</total>
				<timestamp>123.776377</timestamp>
			</report>
			<report>
				<misses>414001</misses>
				<total>4</total>
				<timestamp>124.076009</timestamp>
			</report>
			<report>
				<misses>415001</misses>
				<total>4</total>
				<timestamp>124.375775</timestamp>
			</report>
			<report>
				<misses>416001</misses>
				<total>4</total>
				<timestamp>124.675367</timestamp>
			</report>
			<report>
				<misses>417001</misses>
				<total>4</total>
				<timestamp>124.975072</timestamp>
			</report>
			<report>
				<misses>418001</misses>
				<total>3</total>
				<timestamp>125.274888</timestamp>
			</report>
			<report>
				<misses>419001</misses>
				<total>4</total>
				<timestamp>125.574490</timestamp>
			</report>
			<report>
				<misses>420001</misses>
				<total>4</total>
				<timestamp>125.874164</timestamp>
			</report>
			<report>
				<misses>421001</misses>
				<total>4</total>
				<timestamp>126.173939</timestamp>
			</report>
			<report>
				<misses>422001</misses>
				<total>4</total>
				<timestamp>126.473565</timestamp>
			</report>
			<report>
				<misses>423001</misses>
				<total>4</total>
				<timestamp>126.773266</timestamp>
			</report>
			<report>
				<misses>424001</misses>
				<total>4</total>
				<timestamp>127.072996</timestamp>
			</report>
			<report>
				<misses>425001</misses>
				<total>4</total>
				<timestamp>127.372764</timestamp>
			</report>
			<report>
				<misses>426001</misses>
				<total>4</total>
				<timestamp>127.672365</timestamp>
			</report>
			<report>
				<misses>427001</misses>
				<total>4</total>
				<timestamp>127.972068</timestamp>
			</report>
			<report>
				<misses>428001</misses>
				<total>4</total>
				<timestamp>128.271860</timestamp>
			</report>
			<report>
				<misses>429001</misses>
				<total>4</total>
				<timestamp>128.571548</timestamp>
			</report>
			<report>
				<misses>430001</misses>
				<total>4</total>
				<timestamp>128.871175</timestamp>
			</report>
			<report>
				<misses>431001</misses>
				<total>4</total>
				<timestamp>129.170878</timestamp>
			</report>
			<report>
				<misses>432001</misses>
				<total>4</total>
				<timestamp>129.470644</timestamp>
			</report>
			<report>
				<misses>433001</misses>
				<total>4</total>
				<timestamp>129.770269</timestamp>
			</report>
			<report>
				<misses>434001</misses>
				<total>4</total>
				<timestamp>130.070007</timestamp>
			</report>
			<report>
				<misses>435001</misses>
				<total>4</total>
				<timestamp>130.369685</timestamp>
			</report>
			<report>
				<misses>436001</misses>
				<total>4</total>
				<timestamp>130.669453</timestamp>
			</report>
			<report>
				<misses>437001</misses>
				<total>4</total>
				<timestamp>130.969083</timestamp>
			</report>
			<report>
				<misses>438001</misses>
				<total>4</total>
				<timestamp>131.268776</timestamp>
			</report>
			<report>
				<misses>439001</misses>
				<total>4</total>
				<timestamp>131.568474</timestamp>
			</report>
			<report>
				<misses>440001</misses>
				<total>4</total>
				<timestamp>131.868173</timestamp>
			</report>
			<report>
				<misses>441001</misses>
				<total>4</total>
				<timestamp>132.167885</timestamp>
			</report>
			<report>
				<misses>442001</misses>
				<total>4</total>
				<timestamp>132.467617</timestamp>
			</report>
			<report>
				<misses>443001</misses>
				<total>4</total>
				<timestamp>132.767277</timestamp>
			</report>
			<report>
				<misses>444001</misses>
				<total>4</total>
				<timestamp>133.067062</timestamp>
			</report>
			<report>
				<misses>445001</misses>
				<total>4</total>
				<timestamp>133.366704</timestamp>
			</report>
			<report>
				<misses>446001</misses>
				<total>4</total>
				<timestamp>133.666361</timestamp>
			</report>
			<report>
				<misses>447001</misses>
				<total>4</total>
				<timestamp>133.966060</timestamp>
			</report>
			<report>
				<misses>448001</misses>
				<total>4</total>
				<timestamp>134.265805</timestamp>
			</report>
			<report>
				<misses>449001</misses>
				<total>4</total>
				<timestamp>134.565471</timestamp>
			</report>
			<report>
				<misses>450001</misses>
				<total>4</total>
				<timestamp>134.865223</timestamp>
			</report>
			<report>
				<misses>451001</misses>
				<total>4</total>
				<timestamp>135.164986</timestamp>
			</report>
			<report>
				<misses>452001</misses>
				<total>3</total>
				<timestamp>135.464686</timestamp>
			</report>
			<report>
				<misses>453001</misses>
				<total>4</total>
				<timestamp>135.764302</timestamp>
			</report>
			<report>
				<misses>454001</misses>
				<total>4</total>
				<timestamp>136.064029</timestamp>
			</report>
			<report>
				<misses>455001</misses>
				<total>4</total>
				<timestamp>136.363768</timestamp>
			</report>
			<report>
				<misses>456001</misses>
				<total>4</total>
				<timestamp>136.663388</timestamp>
			</report>
			<report>
				<misses>457001</misses>
				<total>4</total>
				<timestamp>136.963069</timestamp>
			</report>
			<report>
				<misses>458001</misses>
				<total>4</total>
				<timestamp>137.262794</timestamp>
			</report>
			<report>
				<misses>459001</misses>
				<total>4</total>
				<timestamp>137.562502</timestamp>
			</report>
			<report>
				<misses>460001</misses>
				<total>4</total>
				<timestamp>137.862168</timestamp>
			</report>
			<report>
				<misses>461001</misses>
				<total>4</total>
				<timestamp>138.161882</timestamp>
			</report>
			<report>
				<misses>462001</misses>
				<total>4</total>
				<timestamp>138.461564</timestamp>
			</report>
			<report>
				<misses>463001</misses>
				<total>4</total>
				<timestamp>138.761275</timestamp>
			</report>
			<report>
				<misses>464001</misses>
				<total>4</total>
				<timestamp>139.060970</timestamp>
			</report>
			<report>
				<misses>465001</misses>
				<total>4</total>
				<timestamp>139.360685</timestamp>
			</report>
			<report>
				<misses>466001</misses>
				<total>4</total>
				<timestamp>139.660375</timestamp>
			</report>
			<report>
				<misses>467001</misses>
				<total>4</total>
				<timestamp>139.960069</timestamp>
			</report>
			<report>
				<misses>468001</misses>
				<total>4</total>
				<timestamp>140.259867</timestamp>
			</report>
			<report>
				<misses>469001</misses>
				<total>4</total>
				<timestamp>140.559491</timestamp>
			</report>
			<report>
				<misses>470001</misses>
				<total>4</total>
				<timestamp>140.859165</timestamp>
			</report>
			<report>
				<misses>471001</misses>
				<total>4</total>
				<timestamp>141.158904</timestamp>
			</report>
			<report>
				<misses>472001</misses>
				<total>4</total>
				<timestamp>141.458608</timestamp>
			</report>
			<report>
				<misses>473001</misses>
				<total>4</total>
				<timestamp>141.758325</timestamp>
			</report>
			<report>
				<misses>474001</misses>
				<total>4</total>
				<timestamp>142.058009</timestamp>
			</report>
			<report>
				<misses>475001</misses>
				<total>4</total>
				<timestamp>142.357686</timestamp>
			</report>
			<report>
				<misses>476001</misses>
				<total>4</total>
				<timestamp>142.657360</timestamp>
			</report>
			<report>
				<misses>477001</misses>
				<total>4</total>
				<timestamp>142.957071</timestamp>
			</report>
			<report>
				<misses>478001</misses>
				<total>4</total>
				<timestamp>143.256771</timestamp>
			</report>
			<report>
				<misses>479001</misses>
				<total>4</total>
				<timestamp>143.556487</timestamp>
			</report>
			<report>
				<misses>480001</misses>
				<total>4</total>
				<timestamp>143.856174</timestamp>
			</report>
			<report>
				<misses>481001</misses>
				<total>4</total>
				<timestamp>144.155890</timestamp>
			</report>
			<report>
				<misses>482001</misses>
				<total>4</total>
				<timestamp>144.455569</timestamp>
			</report>
			<report>
				<misses>483001</misses>
				<total>4</total>
				<timestamp>144.755266</timestamp>
			</report>
			<report>
				<misses>484001</misses>
				<total>4</total>
				<timestamp>145.054989</timestamp>
			</report>
			<report>
				<misses>485001</misses>
				<total>4</total>
				<timestamp>145.354668</timestamp>
			</report>
			<report>
				<misses>486001</misses>
				<total>4</total>
				<timestamp>145.654430</timestamp>
			</report>
			<report>
				<misses>487001</misses>
				<total>4</total>
				<timestamp>145.954068</timestamp>
			</report>
			<report>
				<misses>488001</misses>
				<total>4</total>
				<timestamp>146.253817</timestamp>
			</report>
			<report>
				<misses>489001</misses>
				<total>4</total>
				<timestamp>146.553541</timestamp>
			</report>
			<report>
				<misses>490001</misses>
				<total>4</total>
				<timestamp>146.853194</timestamp>
			</report>
			<report>
				<misses>491001</misses>
				<total>4</total>
				<timestamp>147.152932</timestamp>
			</report>
			<report>
				<misses>492001</misses>
				<total>4</total>
				<timestamp>147.452622</timestamp>
			</report>
			<report>
				<misses>493001</misses>
				<total>4</total>
				<timestamp>147.752269</timestamp>
			</report>
			<report>
				<misses>494001</misses>
				<total>4</total>
				<timestamp>148.051997</timestamp>
			</report>
			<report>
				<misses>495001</misses>
				<total>4</total>
				<timestamp>148.351742</timestamp>
			</report>
			<report>
				<misses>496001</misses>
				<total>4</total>
				<timestamp>148.651371</timestamp>
			</report>
			<report>
				<misses>497001</misses>
				<total>4</total>
				<timestamp>148.951071</timestamp>
			</report>
			<report>
				<misses>498001</misses>
				<total>4</total>
				<timestamp>149.250801</timestamp>
			</report>
			<report>
				<misses>499001</misses>
				<total>4</total>
				<timestamp>149.550510</timestamp>
			</report>
			<report>
				<misses>500001</misses>
				<total>4</total>
				<timestamp>149.850160</timestamp>
			</report>
			<report>
				<misses>501001</misses>
				<total>4</total>
				<timestamp>150.149875</timestamp>
			</report>
			<report>
				<misses>502001</misses>
				<total>4</total>
				<timestamp>150.449635</timestamp>
			</report>
			<report>
				<misses>503001</misses>
				<total>4</total>
				<timestamp>150.749261</timestamp>
			</report>
			<report>
				<misses>504001</misses>
				<total>4</total>
				<timestamp>151.048981</timestamp>
			</report>
			<report>
				<misses>505001</misses>
				<total>3</total>
				<timestamp>151.348786</timestamp>
			</report>
			<report>
				<misses>506001</misses>
				<total>4</total>
				<timestamp>151.648379</timestamp>
			</report>
			<report>
				<misses>507001</misses>
				<total>4</total>
				<timestamp>151.948110</timestamp>
			</report>
			<report>
				<misses>508001</misses>
				<total>4</total>
				<timestamp>152.247817</timestamp>
			</report>
			<report>
				<misses>509001</misses>
				<total>4</total>
				<timestamp>152.547523</timestamp>
			</report>
			<report>
				<misses>510001</misses>
				<total>4</total>
				<timestamp>152.847174</timestamp>
			</report>
			<report>
				<misses>511001</misses>
				<total>4</total>
				<timestamp>153.146922</timestamp>
			</report>
			<report>
				<misses>512001</misses>
				<total>4</total>
				<timestamp>153.446579</timestamp>
			</report>
			<report>
				<misses>513001</misses>
				<total>4</total>
				<timestamp>153.746264</timestamp>
			</report>
			<report>
				<misses>514001</misses>
				<total>4</total>
				<timestamp>154.045990</timestamp>
			</report>
			<report>
				<misses>515001</misses>
				<total>4</total>
				<timestamp>154.345761</timestamp>
			</report>
			<report>
				<misses>516001</misses>
				<total>4</total>
				<timestamp>154.645377</timestamp>
			</report>
			<report>
				<misses>517001</misses>
				<total>4</total>
				<timestamp>154.945074</timestamp>
			</report>
			<report>
				<misses>518001</misses>
				<total>4</total>
				<timestamp>155.244835</timestamp>
			</report>
			<report>
				<misses>519001</misses>
				<total>3</total>
				<timestamp>155.544577</timestamp>
			</report>
			<report>
				<misses>520001</misses>
				<total>4</total>
				<timestamp>155.844187</timestamp>
			</report>
			<report>
				<misses>521001</misses>
				<total>4</total>
				<timestamp>156.143874</timestamp>
			</report>
			<report>
				<misses>522001</misses>
				<total>4</total>
				<timestamp>156.443571</timestamp>
			</report>
			<report>
				<misses>523001</misses>
				<total>4</total>
				<timestamp>156.743274</timestamp>
			</report>
			<report>
				<misses>524001</misses>
				<total>4</total>
				<timestamp>157.043106</timestamp>
			</report>
			<report>
				<misses>525001</misses>
				<total>4</total>
				<timestamp>157.342684</timestamp>
			</report>
			<report>
				<misses>526001</misses>
				<total>4</total>
				<timestamp>157.642370</timestamp>
			</report>
			<report>
				<misses>527001</misses>
				<total>4</total>
				<timestamp>157.942066</timestamp>
			</report>
			<report>
				<misses>528001</misses>
				<total>4</total>
				<timestamp>158.241781</timestamp>
			</report>
			<report>
				<misses>529001</misses>
				<total>4</total>
				<timestamp>158.541470</timestamp>
			</report>
			<report>
				<misses>530001</misses>
				<total>4</total>
				<timestamp>158.841179</timestamp>
			</report>
			<report>
				<misses>531001</misses>
				<total>4</total>
				<timestamp>159.140865</timestamp>
			</report>
			<report>
				<misses>532001</misses>
				<total>3</total>
				<timestamp>159.440687</timestamp>
			</report>
			<report>
				<misses>533001</misses>
				<total>4</total>
				<timestamp>159.740256</timestamp>
			</report>
			<report>
				<misses>534001</misses>
				<total>4</total>
				<timestamp>160.039991</timestamp>
			</report>
			<report>
				<misses>535001</misses>
				<total>4</total>
				<timestamp>160.339716</timestamp>
			</report>
			<report>
				<misses>536001</misses>
				<total>4</total>
				<timestamp>160.639372</timestamp>
			</report>
			<report>
				<misses>537001</misses>
				<total>4</total>
				<timestamp>160.939067</timestamp>
			</report>
			<report>
				<misses>538001</misses>
				<total>4</total>
				<timestamp>161.238774</timestamp>
			</report>
			<report>
				<misses>539001</misses>
				<total>4</total>
				<timestamp>161.538542</timestamp>
			</report>
			<report>
				<misses>540001</misses>
				<total>4</total>
				<timestamp>161.838219</timestamp>
			</report>
			<report>
				<misses>541001</misses>
				<total>4</total>
				<timestamp>162.137889</timestamp>
			</report>
			<report>
				<misses>542001</misses>
				<total>4</total>
				<timestamp>162.437603</timestamp>
			</report>
			<report>
				<misses>543001</misses>
				<total>4</total>
				<timestamp>162.737265</timestamp>
			</report>
			<report>
				<misses>544001</misses>
				<total>4</total>
				<timestamp>163.036996</timestamp>
			</report>
			<report>
				<misses>545001</misses>
				<total>4</total>
				<timestamp>163.336733</timestamp>
			</report>
			<report>
				<misses>546001</misses>
				<total>3</total>
				<timestamp>163.636467</timestamp>
			</report>
			<report>
				<misses>547001</misses>
				<total>3</total>
				<timestamp>163.936181</timestamp>
			</report>
			<report>
				<misses>548001</misses>
				<total>4</total>
				<timestamp>164.235771</timestamp>
			</report>
			<report>
				<misses>549001</misses>
				<total>4</total>
				<timestamp>164.535465</timestamp>
			</report>
			<report>
				<misses>550001</misses>
				<total>4</total>
				<timestamp>164.835167</timestamp>
			</report>
			<report>
				<misses>551001</misses>
				<total>4</total>
				<timestamp>165.134866</timestamp>
			</report>
			<report>
				<misses>552001</misses>
				<total>4</total>
				<timestamp>165.434652</timestamp>
			</report>
			<report>
				<misses>553001</misses>
				<total>4</total>
				<timestamp>165.734271</timestamp>
			</report>
			<report>
				<misses>554001</misses>
				<total>4</total>
				<timestamp>166.034002</timestamp>
			</report>
			<report>
				<misses>555001</misses>
				<total>4</total>
				<timestamp>166.333729</timestamp>
			</report>
			<report>
				<misses>556001</misses>
				<total>4</total>
				<timestamp>166.633377</timestamp>
			</report>
			<report>
				<misses>557001</misses>
				<total>4</total>
				<timestamp>166.933070</timestamp>
			</report>
			<report>
				<misses>558001</misses>
				<total>4</total>
				<timestamp>167.232771</timestamp>
			</report>
			<report>
				<misses>559001</misses>
				<total>4</total>
				<timestamp>167.532498</timestamp>
			</report>
			<report>
				<misses>560001</misses>
				<total>4</total>
				<timestamp>167.832176</timestamp>
			</report>
			<report>
				<misses>561001</misses>
				<total>4</total>
				<timestamp>168.131902</timestamp>
			</report>
			<report>
				<misses>562001</misses>
				<total>4</total>
				<timestamp>168.431613</timestamp>
			</report>
			<report>
				<misses>563001</misses>
				<total>4</total>
				<timestamp>168.731274</timestamp>
			</report>
			<report>
				<misses>564001</misses>
				<total>4</total>
				<timestamp>169.030979</timestamp>
			</report>
			<report>
				<misses>565001</misses>
				<total>4</total>
				<timestamp>169.330705</timestamp>
			</report>
			<report>
				<misses>566001</misses>
				<total>4</total>
				<timestamp>169.630441</timestamp>
			</report>
			<report>
				<misses>567001</misses>
				<total>4</total>
				<timestamp>169.930075</timestamp>
			</report>
			<report>
				<misses>568001</misses>
				<total>4</total>
				<timestamp>170.229792</timestamp>
			</report>
			<report>
				<misses>569001</misses>
				<total>4</total>
				<timestamp>170.529490</timestamp>
			</report>
			<report>
				<misses>570001</misses>
				<total>4</total>
				<timestamp>170.829244</timestamp>
			</report>
			<report>
				<misses>571001</misses>
				<total>4</total>
				<timestamp>171.128908</timestamp>
			</report>
			<report>
				<misses>572001</misses>
				<total>4</total>
				<timestamp>171.428604</timestamp>
			</report>
			<report>
				<misses>573001</misses>
				<total>4</total>
				<timestamp>171.728297</timestamp>
			</report>
			<report>
				<misses>574001</misses>
				<total>4</total>
				<timestamp>172.028044</timestamp>
			</report>
			<report>
				<misses>575001</misses>
				<total>4</total>
				<timestamp>172.327665</timestamp>
			</report>
			<report>
				<misses>576001</misses>
				<total>4</total>
				<timestamp>172.627428</timestamp>
			</report>
			<report>
				<misses>577001</misses>
				<total>4</total>
				<timestamp>172.927070</timestamp>
			</report>
			<report>
				<misses>578001</misses>
				<total>4</total>
				<timestamp>173.226778</timestamp>
			</report>
			<report>
				<misses>579001</misses>
				<total>4</total>
				<timestamp>173.526509</timestamp>
			</report>
			<report>
				<misses>580001</misses>
				<total>4</total>
				<timestamp>173.826236</timestamp>
			</report>
			<report>
				<misses>581001</misses>
				<total>4</total>
				<timestamp>174.125863</timestamp>
			</report>
			<report>
				<misses>582001</misses>
				<total>4</total>
				<timestamp>174.425608</timestamp>
			</report>
			<report>
				<misses>583001</misses>
				<total>4</total>
				<timestamp>174.725285</timestamp>
			</report>
			<report>
				<misses>584001</misses>
				<total>4</total>
				<timestamp>175.025029</timestamp>
			</report>
			<report>
				<misses>585001</misses>
				<total>4</total>
				<timestamp>175.324749</timestamp>
			</report>
			<report>
				<misses>586001</misses>
				<total>4</total>
				<timestamp>175.624368</timestamp>
			</report>
			<report>
				<misses>587001</misses>
				<total>4</total>
				<timestamp>175.924068</timestamp>
			</report>
			<report>
				<misses>588001</misses>
				<total>4</total>
				<timestamp>176.223763</timestamp>
			</report>
			<report>
				<misses>589001</misses>
				<total>4</total>
				<timestamp>176.523567</timestamp>
			</report>
			<report>
				<misses>590001</misses>
				<total>4</total>
				<timestamp>176.823162</timestamp>
			</report>
			<report>
				<misses>591001</misses>
				<total>4</total>
				<timestamp>177.122875</timestamp>
			</report>
			<report>
				<misses>592001</misses>
				<total>4</total>
				<timestamp>177.422661</timestamp>
			</report>
			<report>
				<misses>593001</misses>
				<total>4</total>
				<timestamp>177.722345</timestamp>
			</report>
			<report>
				<misses>594001</misses>
				<total>4</total>
				<timestamp>178.022007</timestamp>
			</report>
			<report>
				<misses>595001</misses>
				<total>4</total>
				<timestamp>178.321670</timestamp>
			</report>
			<report>
				<misses>596001</misses>
				<total>3</total>
				<timestamp>178.621482</timestamp>
			</report>
			<report>
				<misses>597001</misses>
				<total>4</total>
				<timestamp>178.921061</timestamp>
			</report>
			<report>
				<misses>598001</misses>
				<total>4</total>
				<timestamp>179.220769</timestamp>
			</report>
			<report>
				<misses>599001</misses>
				<total>4</total>
				<timestamp>179.520571</timestamp>
			</report>
			<report>
				<misses>600001</misses>
				<total>4</total>
				<timestamp>179.820168</timestamp>
			</report>
			<report>
				<misses>601001</misses>
				<total>4</total>
				<timestamp>180.119897</timestamp>
			</report>
			<report>
				<misses>602001</misses>
				<total>4</total>
				<timestamp>180.419608</timestamp>
			</report>
			<report>
				<misses>603001</misses>
				<total>4</total>
				<timestamp>180.719269</timestamp>
			</report>
			<report>
				<misses>604001</misses>
				<total>4</total>
				<timestamp>181.018991</timestamp>
			</report>
			<report>
				<misses>605001</misses>
				<total>4</total>
				<timestamp>181.318679</timestamp>
			</report>
			<report>
				<misses>606001</misses>
				<total>4</total>
				<timestamp>181.618405</timestamp>
			</report>
			<report>
				<misses>607001</misses>
				<total>4</total>
				<timestamp>181.918066</timestamp>
			</report>
			<report>
				<misses>608001</misses>
				<total>4</total>
				<timestamp>182.217780</timestamp>
			</report>
			<report>
				<misses>609001</misses>
				<total>4</total>
				<timestamp>182.517543</timestamp>
			</report>
			<report>
				<misses>610001</misses>
				<total>4</total>
				<timestamp>182.817173</timestamp>
			</report>
			<report>
				<misses>611001</misses>
				<total>4</total>
				<timestamp>183.116882</timestamp>
			</report>
			<report>
				<misses>612001</misses>
				<total>4</total>
				<timestamp>183.416597</timestamp>
			</report>
			<report>
				<misses>613001</misses>
				<total>4</total>
				<timestamp>183.716284</timestamp>
			</report>
			<report>
				<misses>614001</misses>
				<total>4</total>
				<timestamp>184.015983</timestamp>
			</report>
			<report>
				<misses>615001</misses>
				<total>4</total>
				<timestamp>184.315685</timestamp>
			</report>
			<report>
				<misses>616001</misses>
				<total>4</total>
				<timestamp>184.615375</timestamp>
			</report>
			<report>
				<misses>617001</misses>
				<total>4</total>
				<timestamp>184.915057</timestamp>
			</report>
			<report>
				<misses>618001</misses>
				<total>4</total>
				<timestamp>185.214780</timestamp>
			</report>
			<report>
				<misses>619001</misses>
				<total>4</total>
				<timestamp>185.514555</timestamp>
			</report>
			<report>
				<misses>620001</misses>
				<total>4</total>
				<timestamp>185.814168</timestamp>
			</report>
			<report>
				<misses>621001</misses>
				<total>4</total>
				<timestamp>186.113872</timestamp>
			</report>
			<report>
				<misses>622001</misses>
				<total>4</total>
				<timestamp>186.413593</timestamp>
			</report>
			<report>
				<misses>623001</misses>
				<total>4</total>
				<timestamp>186.713282</timestamp>
			</report>
			<report>
				<misses>624001</misses>
				<total>4</total>
				<timestamp>187.012996</timestamp>
			</report>
			<report>
				<misses>625001</misses>
				<total>4</total>
				<timestamp>187.312670</timestamp>
			</report>
			<report>
				<misses>626001</misses>
				<total>4</total>
				<timestamp>187.612377</timestamp>
			</report>
			<report>
				<misses>627001</misses>
				<total>4</total>
				<timestamp>187.912082</timestamp>
			</report>
			<report>
				<misses>628001</misses>
				<total>4</total>
				<timestamp>188.211768</timestamp>
			</report>
			<report>
				<misses>629001</misses>
				<total>3</total>
				<timestamp>188.511580</timestamp>
			</report>
			<report>
				<misses>630001</misses>
				<total>4</total>
				<timestamp>188.811182</timestamp>
			</report>
			<report>
				<misses>631001</misses>
				<total>4</total>
				<timestamp>189.110885</timestamp>
			</report>
			<report>
				<misses>632001</misses>
				<total>4</total>
				<timestamp>189.410623</timestamp>
			</report>
			<report>
				<misses>633001</misses>
				<total>4</total>
				<timestamp>189.710263</timestamp>
			</report>
			<report>
				<misses>634001</misses>
				<total>4</total>
				<timestamp>190.009982</timestamp>
			</report>
			<report>
				<misses>635001</misses>
				<total>4</total>
				<timestamp>190.309746</timestamp>
			</report>
			<report>
				<misses>636001</misses>
				<total>4</total>
				<timestamp>190.609444</timestamp>
			</report>
			<report>
				<misses>637001</misses>
				<total>4</total>
				<timestamp>190.909077</timestamp>
			</report>
			<report>
				<misses>638001</misses>
				<total>4</total>
				<timestamp>191.208793</timestamp>
			</report>
			<report>
				<misses>639001</misses>
				<total>4</total>
				<timestamp>191.508556</timestamp>
			</report>
			<report>
				<misses>640001</misses>
				<total>3</total>
				<timestamp>191.808268</timestamp>
			</report>
			<report>
				<misses>641001</misses>
				<total>4</total>
				<timestamp>192.107887</timestamp>
			</report>
			<report>
				<misses>642001</misses>
				<total>4</total>
				<timestamp>192.407585</timestamp>
			</report>
			<report>
				<misses>643001</misses>
				<total>4</total>
				<timestamp>192.707327</timestamp>
			</report>
			<report>
				<misses>644001</misses>
				<total>4</total>
				<timestamp>193.007033</timestamp>
			</report>
			<report>
				<misses>645001</misses>
				<total>4</total>
				<timestamp>193.306745</timestamp>
			</report>
			<report>
				<misses>646001</misses>
				<total>4</total>
				<timestamp>193.606444</timestamp>
			</report>
			<report>
				<misses>647001</misses>
				<total>4</total>
				<timestamp>193.906072</timestamp>
			</report>
			<report>
				<misses>648001</misses>
				<total>4</total>
				<timestamp>194.205828</timestamp>
			</report>
			<report>
				<misses>649001</misses>
				<total>4</total>
				<timestamp>194.505458</timestamp>
			</report>
			<report>
				<misses>650001</misses>
				<total>4</total>
				<timestamp>194.805155</timestamp>
			</report>
			<report>
				<misses>651001</misses>
				<total>4</total>
				<timestamp>195.104877</timestamp>
			</report>
			<report>
				<misses>652001</misses>
				<total>4</total>
				<timestamp>195.404633</timestamp>
			</report>
			<report>
				<misses>653001</misses>
				<total>4</total>
				<timestamp>195.704273</timestamp>
			</report>
			<report>
				<misses>654001</misses>
				<total>4</total>
				<timestamp>196.004106</timestamp>
			</report>
			<report>
				<misses>655001</misses>
				<total>4</total>
				<timestamp>196.303678</timestamp>
			</report>
			<report>
				<misses>656001</misses>
				<total>4</total>
				<timestamp>196.603377</timestamp>
			</report>
			<report>
				<misses>657001</misses>
				<total>4</total>
				<timestamp>196.903070</timestamp>
			</report>
			<report>
				<misses>658001</misses>
				<total>4</total>
				<timestamp>197.202767</timestamp>
			</report>
			<report>
				<misses>659001</misses>
				<total>4</total>
				<timestamp>197.502488</timestamp>
			</report>
			<report>
				<misses>660001</misses>
				<total>4</total>
				<timestamp>197.802180</timestamp>
			</report>
			<report>
				<misses>661001</misses>
				<total>4</total>
				<timestamp>198.101875</timestamp>
			</report>
			<report>
				<misses>662001</misses>
				<total>4</total>
				<timestamp>198.401614</timestamp>
			</report>
			<report>
				<misses>663001</misses>
				<total>4</total>
				<timestamp>198.701305</timestamp>
			</report>
			<report>
				<misses>664001</misses>
				<total>4</total>
				<timestamp>199.001055</timestamp>
			</report>
			<report>
				<misses>665001</misses>
				<total>4</total>
				<timestamp>199.300703</timestamp>
			</report>
			<report>
				<misses>666001</misses>
				<total>4</total>
				<timestamp>199.600411</timestamp>
			</report>
			<report>
				<misses>667001</misses>
				<total>4</total>
				<timestamp>199.900096</timestamp>
			</report>
			<report>
				<misses>668001</misses>
				<total>4</total>
				<timestamp>200.199782</timestamp>
			</report>
			<report>
				<misses>669001</misses>
				<total>4</total>
				<timestamp>200.499494</timestamp>
			</report>
			<report>
				<misses>670001</misses>
				<total>4</total>
				<timestamp>200.799175</timestamp>
			</report>
			<report>
				<misses>671001</misses>
				<total>4</total>
				<timestamp>201.098903</timestamp>
			</report>
			<report>
				<misses>672001</misses>
				<total>4</total>
				<timestamp>201.398573</timestamp>
			</report>
			<report>
				<misses>673001</misses>
				<total>4</total>
				<timestamp>201.698378</timestamp>
			</report>
			<report>
				<misses>674001</misses>
				<total>4</total>
				<timestamp>201.997998</timestamp>
			</report>
			<report>
				<misses>675001</misses>
				<total>4</total>
				<timestamp>202.297670</timestamp>
			</report>
			<report>
				<misses>676001</misses>
				<total>4</total>
				<timestamp>202.597397</timestamp>
			</report>
			<report>
				<misses>677001</misses>
				<total>4</total>
				<timestamp>202.897076</timestamp>
			</report>
			<report>
				<misses>678001</misses>
				<total>4</total>
				<timestamp>203.196786</timestamp>
			</report>
			<report>
				<misses>679001</misses>
				<total>4</total>
				<timestamp>203.496575</timestamp>
			</report>
			<report>
				<misses>680001</misses>
				<total>4</total>
				<timestamp>203.796165</timestamp>
			</report>
			<report>
				<misses>681001</misses>
				<total>4</total>
				<timestamp>204.095868</timestamp>
			</report>
			<report>
				<misses>682001</misses>
				<total>4</total>
				<timestamp>204.395576</timestamp>
			</report>
			<report>
				<misses>683001</misses>
				<total>4</total>
				<timestamp>204.695287</timestamp>
			</report>
			<report>
				<misses>684001</misses>
				<total>4</total>
				<timestamp>204.995025</timestamp>
			</report>
			<report>
				<misses>685001</misses>
				<total>4</total>
				<timestamp>205.294662</timestamp>
			</report>
			<report>
				<misses>686001</misses>
				<total>4</total>
				<timestamp>205.594395</timestamp>
			</report>
			<report>
				<misses>687001</misses>
				<total>4</total>
				<timestamp>205.894068</timestamp>
			</report>
			<report>
				<misses>688001</misses>
				<total>4</total>
				<timestamp>206.193761</timestamp>
			</report>
			<report>
				<misses>689001</misses>
				<total>4</total>
				<timestamp>206.493505</timestamp>
			</report>
			<report>
				<misses>690001</misses>
				<total>4</total>
				<timestamp>206.793199</timestamp>
			</report>
			<report>
				<misses>691001</misses>
				<total>4</total>
				<timestamp>207.092863</timestamp>
			</report>
			<report>
				<misses>692001</misses>
				<total>4</total>
				<timestamp>207.392587</timestamp>
			</report>
			<report>
				<misses>693001</misses>
				<total>4</total>
				<timestamp>207.692293</timestamp>
			</report>
			<report>
				<misses>694001</misses>
				<total>4</total>
				<timestamp>207.991985</timestamp>
			</report>
			<report>
				<misses>695001</misses>
				<total>4</total>
				<timestamp>208.291680</timestamp>
			</report>
			<report>
				<misses>696001</misses>
				<total>4</total>
				<timestamp>208.591427</timestamp>
			</report>
			<report>
				<misses>697001</misses>
				<total>4</total>
				<timestamp>208.891075</timestamp>
			</report>
			<report>
				<misses>698001</misses>
				<total>4</total>
				<timestamp>209.190783</timestamp>
			</report>
			<report>
				<misses>699001</misses>
				<total>3</total>
				<timestamp>209.490579</timestamp>
			</report>
			<report>
				<misses>700001</misses>
				<total>4</total>
				<timestamp>209.790173</timestamp>
			</report>
			<report>
				<misses>701001</misses>
				<total>4</total>
				<timestamp>210.089866</timestamp>
			</report>
			<report>
				<misses>702001</misses>
				<total>4</total>
				<timestamp>210.389568</timestamp>
			</report>
			<report>
				<misses>703001</misses>
				<total>4</total>
				<timestamp>210.689372</timestamp>
			</report>
			<report>
				<misses>704001</misses>
				<total>4</total>
				<timestamp>210.988977</timestamp>
			</report>
			<report>
				<misses>705001</misses>
				<total>4</total>
				<timestamp>211.288692</timestamp>
			</report>
			<report>
				<misses>706001</misses>
				<total>4</total>
				<timestamp>211.588381</timestamp>
			</report>
			<report>
				<misses>707001</misses>
				<total>4</total>
				<timestamp>211.888088</timestamp>
			</report>
			<report>
				<misses>708001</misses>
				<total>4</total>
				<timestamp>212.187772</timestamp>
			</report>
			<report>
				<misses>709001</misses>
				<total>4</total>
				<timestamp>212.487493</timestamp>
			</report>
			<report>
				<misses>710001</misses>
				<total>4</total>
				<timestamp>212.787185</timestamp>
			</report>
			<report>
				<misses>711001</misses>
				<total>4</total>
				<timestamp>213.086863</timestamp>
			</report>
			<report>
				<misses>712001</misses>
				<total>4</total>
				<timestamp>213.386575</timestamp>
			</report>
			<report>
				<misses>713001</misses>
				<total>4</total>
				<timestamp>213.686353</timestamp>
			</report>
			<report>
				<misses>714001</misses>
				<total>4</total>
				<timestamp>213.985983</timestamp>
			</report>
			<report>
				<misses>715001</misses>
				<total>4</total>
				<timestamp>214.285686</timestamp>
			</report>
			<report>
				<misses>716001</misses>
				<total>4</total>
				<timestamp>214.585399</timestamp>
			</report>
			<report>
				<misses>717001</misses>
				<total>4</total>
				<timestamp>214.885114</timestamp>
			</report>
			<report>
				<misses>718001</misses>
				<total>4</total>
				<timestamp>215.184782</timestamp>
			</report>
			<report>
				<misses>719001</misses>
				<total>4</total>
				<timestamp>215.484475</timestamp>
			</report>
			<report>
				<misses>720001</misses>
				<total>4</total>
				<timestamp>215.784186</timestamp>
			</report>
			<report>
				<misses>721001</misses>
				<total>4</total>
				<timestamp>216.083861</timestamp>
			</report>
			<report>
				<misses>722001</misses>
				<total>4</total>
				<timestamp>216.383634</timestamp>
			</report>
			<report>
				<misses>723001</misses>
				<total>4</total>
				<timestamp>216.683294</timestamp>
			</report>
			<report>
				<misses>724001</misses>
				<total>4</total>
				<timestamp>216.982982</timestamp>
			</report>
			<report>
				<misses>725001</misses>
				<total>4</total>
				<timestamp>217.282678</timestamp>
			</report>
			<report>
				<misses>726001</misses>
				<total>4</total>
				<timestamp>217.582400</timestamp>
			</report>
			<report>
				<misses>727001</misses>
				<total>4</total>
				<timestamp>217.882098</timestamp>
			</report>
			<report>
				<misses>728001</misses>
				<total>4</total>
				<timestamp>218.181772</timestamp>
			</report>
			<report>
				<misses>729001</misses>
				<total>4</total>
				<timestamp>218.481478</timestamp>
			</report>
			<report>
				<misses>730001</misses>
				<total>4</total>
				<timestamp>218.781294</timestamp>
			</report>
			<report>
				<misses>731001</misses>
				<total>4</total>
				<timestamp>219.080862</timestamp>
			</report>
			<report>
				<misses>732001</misses>
				<total>4</total>
				<timestamp>219.380576</timestamp>
			</report>
			<report>
				<misses>733001</misses>
				<total>4</total>
				<timestamp>219.680299</timestamp>
			</report>
			<report>
				<misses>734001</misses>
				<total>4</total>
				<timestamp>219.979992</timestamp>
			</report>
			<report>
				<misses>735001</misses>
				<total>4</total>
				<timestamp>220.279671</timestamp>
			</report>
			<report>
				<misses>736001</misses>
				<total>4</total>
				<timestamp>220.579437</timestamp>
			</report>
			<report>
				<misses>737001</misses>
				<total>3</total>
				<timestamp>220.879188</timestamp>
			</report>
			<report>
				<misses>738001</misses>
				<total>4</total>
				<timestamp>221.178757</timestamp>
			</report>
			<report>
				<misses>739001</misses>
				<total>4</total>
				<timestamp>221.478461</timestamp>
			</report>
			<report>
				<misses>740001</misses>
				<total>4</total>
				<timestamp>221.778239</timestamp>
			</report>
			<report>
				<misses>741001</misses>
				<total>4</total>
				<timestamp>222.077883</timestamp>
			</report>
			<report>
				<misses>742001</misses>
				<total>4</total>
				<timestamp>222.377577</timestamp>
			</report>
			<report>
				<misses>743001</misses>
				<total>4</total>
				<timestamp>222.677278</timestamp>
			</report>
			<report>
				<misses>744001</misses>
				<total>4</total>
				<timestamp>222.976981</timestamp>
			</report>
			<report>
				<misses>745001</misses>
				<total>4</total>
				<timestamp>223.276672</timestamp>
			</report>
			<report>
				<misses>746001</misses>
				<total>4</total>
				<timestamp>223.576423</timestamp>
			</report>
			<report>
				<misses>747001</misses>
				<total>4</total>
				<timestamp>223.876074</timestamp>
			</report>
			<report>
				<misses>748001</misses>
				<total>4</total>
				<timestamp>224.175773</timestamp>
			</report>
			<report>
				<misses>749001</misses>
				<total>3</total>
				<timestamp>224.475596</timestamp>
			</report>
			<report>
				<misses>750001</misses>
				<total>4</total>
				<timestamp>224.775228</timestamp>
			</report>
			<report>
				<misses>751001</misses>
				<total>4</total>
				<timestamp>225.074870</timestamp>
			</report>
			<report>
				<misses>752001</misses>
				<total>4</total>
				<timestamp>225.374570</timestamp>
			</report>
			<report>
				<misses>753001</misses>
				<total>4</total>
				<timestamp>225.674290</timestamp>
			</report>
			<report>
				<misses>754001</misses>
				<total>4</total>
				<timestamp>225.973989</timestamp>
			</report>
			<report>
				<misses>755001</misses>
				<total>4</total>
				<timestamp>226.273726</timestamp>
			</report>
			<report>
				<misses>756001</misses>
				<total>4</total>
				<timestamp>226.573394</timestamp>
			</report>
			<report>
				<misses>757001</misses>
				<total>4</total>
				<timestamp>226.873063</timestamp>
			</report>
			<report>
				<misses>758001</misses>
				<total>4</total>
				<timestamp>227.172858</timestamp>
			</report>
			<report>
				<misses>759001</misses>
				<total>4</total>
				<timestamp>227.472473</timestamp>
			</report>
			<report>
				<misses>760001</misses>
				<total>4</total>
				<timestamp>227.772238</timestamp>
			</report>
			<report>
				<misses>761001</misses>
				<total>4</total>
				<timestamp>228.071917</timestamp>
			</report>
			<report>
				<misses>762001</misses>
				<total>4</total>
				<timestamp>228.371573</timestamp>
			</report>
			<report>
				<misses>763001</misses>
				<total>4</total>
				<timestamp>228.671295</timestamp>
			</report>
			<report>
				<misses>764001</misses>
				<total>4</total>
				<timestamp>228.971014</timestamp>
			</report>
			<report>
				<misses>765001</misses>
				<total>4</total>
				<timestamp>229.270664</timestamp>
			</report>
			<report>
				<misses>766001</misses>
				<total>4</total>
				<timestamp>229.570396</timestamp>
			</report>
			<report>
				<misses>767001</misses>
				<total>4</total>
				<timestamp>229.870077</timestamp>
			</report>
			<report>
				<misses>768001</misses>
				<total>4</total>
				<timestamp>230.169765</timestamp>
			</report>
			<report>
				<misses>769001</misses>
				<total>4</total>
				<timestamp>230.469464</timestamp>
			</report>
			<report>
				<misses>770001</misses>
				<total>4</total>
				<timestamp>230.769212</timestamp>
			</report>
			<report>
				<misses>771001</misses>
				<total>4</total>
				<timestamp>231.068879</timestamp>
			</report>
			<report>
				<misses>772001</misses>
				<total>4</total>
				<timestamp>231.368578</timestamp>
			</report>
			<report>
				<misses>773001</misses>
				<total>4</total>
				<timestamp>231.668299</timestamp>
			</report>
			<report>
				<misses>774001</misses>
				<total>4</total>
				<timestamp>231.968002</timestamp>
			</report>
			<report>
				<misses>775001</misses>
				<total>4</total>
				<timestamp>232.267743</timestamp>
			</report>
			<report>
				<misses>776001</misses>
				<total>4</total>
				<timestamp>232.567371</timestamp>
			</report>
			<report>
				<misses>777001</misses>
				<total>4</total>
				<timestamp>232.867189</timestamp>
			</report>
			<report>
				<misses>778001</misses>
				<total>4</total>
				<timestamp>233.166773</timestamp>
			</report>
			<report>
				<misses>779001</misses>
				<total>4</total>
				<timestamp>233.466528</timestamp>
			</report>
			<report>
				<misses>780001</misses>
				<total>4</total>
				<timestamp>233.766201</timestamp>
			</report>
			<report>
				<misses>781001</misses>
				<total>3</total>
				<timestamp>234.066014</timestamp>
			</report>
			<report>
				<misses>782001</misses>
				<total>4</total>
				<timestamp>234.365604</timestamp>
			</report>
			<report>
				<misses>783001</misses>
				<total>4</total>
				<timestamp>234.665312</timestamp>
			</report>
			<report>
				<misses>784001</misses>
				<total>4</total>
				<timestamp>234.964992</timestamp>
			</report>
			<report>
				<misses>785001</misses>
				<total>4</total>
				<timestamp>235.264696</timestamp>
			</report>
			<report>
				<misses>786001</misses>
				<total>4</total>
				<timestamp>235.564465</timestamp>
			</report>
			<report>
				<misses>787001</misses>
				<total>4</total>
				<timestamp>235.864138</timestamp>
			</report>
			<report>
				<misses>788001</misses>
				<total>4</total>
				<timestamp>236.163772</timestamp>
			</report>
			<report>
				<misses>789001</misses>
				<total>4</total>
				<timestamp>236.463477</timestamp>
			</report>
			<report>
				<misses>790001</misses>
				<total>3</total>
				<timestamp>236.763281</timestamp>
			</report>
			<report>
				<misses>791001</misses>
				<total>4</total>
				<timestamp>237.062878</timestamp>
			</report>
			<report>
				<misses>792001</misses>
				<total>4</total>
				<timestamp>237.362568</timestamp>
			</report>
			<report>
				<misses>793001</misses>
				<total>4</total>
				<timestamp>237.662301</timestamp>
			</report>
			<report>
				<misses>794001</misses>
				<total>4</total>
				<timestamp>237.961999</timestamp>
			</report>
			<report>
				<misses>795001</misses>
				<total>4</total>
				<timestamp>238.261682</timestamp>
			</report>
			<report>
				<misses>796001</misses>
				<total>4</total>
				<timestamp>238.561424</timestamp>
			</report>
			<report>
				<misses>797001</misses>
				<total>4</total>
				<timestamp>238.861214</timestamp>
			</report>
			<report>
				<misses>798001</misses>
				<total>4</total>
				<timestamp>239.160774</timestamp>
			</report>
			<report>
				<misses>799001</misses>
				<total>3</total>
				<timestamp>239.460572</timestamp>
			</report>
			<report>
				<misses>800001</misses>
				<total>4</total>
				<timestamp>239.760280</timestamp>
			</report>
			<report>
				<misses>801001</misses>
				<total>4</total>
				<timestamp>240.059890</timestamp>
			</report>
			<report>
				<misses>802001</misses>
				<total>4</total>
				<timestamp>240.359578</timestamp>
			</report>
			<report>
				<misses>803001</misses>
				<total>4</total>
				<timestamp>240.659314</timestamp>
			</report>
			<report>
				<misses>804001</misses>
				<total>4</total>
				<timestamp>240.958991</timestamp>
			</report>
			<report>
				<misses>805001</misses>
				<total>4</total>
				<timestamp>241.258685</timestamp>
			</report>
			<report>
				<misses>806001</misses>
				<total>4</total>
				<timestamp>241.558394</timestamp>
			</report>
			<report>
				<misses>807001</misses>
				<total>4</total>
				<timestamp>241.858084</timestamp>
			</report>
			<report>
				<misses>808001</misses>
				<total>4</total>
				<timestamp>242.157770</timestamp>
			</report>
			<report>
				<misses>809001</misses>
				<total>4</total>
				<timestamp>242.457482</timestamp>
			</report>
			<report>
				<misses>810001</misses>
				<total>4</total>
				<timestamp>242.757256</timestamp>
			</report>
			<report>
				<misses>811001</misses>
				<total>4</total>
				<timestamp>243.056885</timestamp>
			</report>
			<report>
				<misses>812001</misses>
				<total>4</total>
				<timestamp>243.356572</timestamp>
			</report>
			<report>
				<misses>813001</misses>
				<total>4</total>
				<timestamp>243.656298</timestamp>
			</report>
			<report>
				<misses>814001</misses>
				<total>4</total>
				<timestamp>243.956120</timestamp>
			</report>
			<report>
				<misses>815001</misses>
				<total>4</total>
				<timestamp>244.255699</timestamp>
			</report>
			<report>
				<misses>816001</misses>
				<total>4</total>
				<timestamp>244.555365</timestamp>
			</report>
			<report>
				<misses>817001</misses>
				<total>3</total>
				<timestamp>244.855200</timestamp>
			</report>
			<report>
				<misses>818001</misses>
				<total>4</total>
				<timestamp>245.154778</timestamp>
			</report>
			<report>
				<misses>819001</misses>
				<total>4</total>
				<timestamp>245.454478</timestamp>
			</report>
			<report>
				<misses>820001</misses>
				<total>4</total>
				<timestamp>245.754178</timestamp>
			</report>
			<report>
				<misses>821001</misses>
				<total>4</total>
				<timestamp>246.053875</timestamp>
			</report>
			<report>
				<misses>822001</misses>
				<total>4</total>
				<timestamp>246.353569</timestamp>
			</report>
			<report>
				<misses>823001</misses>
				<total>4</total>
				<timestamp>246.653297</timestamp>
			</report>
			<report>
				<misses>824001</misses>
				<total>4</total>
				<timestamp>246.953032</timestamp>
			</report>
			<report>
				<misses>825001</misses>
				<total>3</total>
				<timestamp>247.252778</timestamp>
			</report>
			<report>
				<misses>826001</misses>
				<total>4</total>
				<timestamp>247.552371</timestamp>
			</report>
			<report>
				<misses>827001</misses>
				<total>4</total>
				<timestamp>247.852101</timestamp>
			</report>
			<report>
				<misses>828001</misses>
				<total>4</total>
				<timestamp>248.151782</timestamp>
			</report>
			<report>
				<misses>829001</misses>
				<total>4</total>
				<timestamp>248.451465</timestamp>
			</report>
			<report>
				<misses>830001</misses>
				<total>4</total>
				<timestamp>248.751209</timestamp>
			</report>
			<report>
				<misses>831001</misses>
				<total>4</total>
				<timestamp>249.050887</timestamp>
			</report>
			<report>
				<misses>832001</misses>
				<total>4</total>
				<timestamp>249.350563</timestamp>
			</report>
			<report>
				<misses>833001</misses>
				<total>4</total>
				<timestamp>249.650307</timestamp>
			</report>
			<report>
				<misses>834001</misses>
				<total>4</total>
				<timestamp>249.950011</timestamp>
			</report>
			<report>
				<misses>835001</misses>
				<total>4</total>
				<timestamp>250.249665</timestamp>
			</report>
			<report>
				<misses>836001</misses>
				<total>4</total>
				<timestamp>250.549359</timestamp>
			</report>
			<report>
				<misses>837001</misses>
				<total>3</total>
				<timestamp>250.849194</timestamp>
			</report>
			<report>
				<misses>838001</misses>
				<total>4</total>
				<timestamp>251.148765</timestamp>
			</report>
			<report>
				<misses>839001</misses>
				<total>4</total>
				<timestamp>251.448468</timestamp>
			</report>
			<report>
				<misses>840001</misses>
				<total>4</total>
				<timestamp>251.748217</timestamp>
			</report>
			<report>
				<misses>841001</misses>
				<total>4</total>
				<timestamp>252.047875</timestamp>
			</report>
			<report>
				<misses>842001</misses>
				<total>4</total>
				<timestamp>252.347571</timestamp>
			</report>
			<report>
				<misses>843001</misses>
				<total>4</total>
				<timestamp>252.647286</timestamp>
			</report>
			<report>
				<misses>844001</misses>
				<total>4</total>
				<timestamp>252.947033</timestamp>
			</report>
			<report>
				<misses>845001</misses>
				<total>4</total>
				<timestamp>253.246679</timestamp>
			</report>
			<report>
				<misses>846001</misses>
				<total>4</total>
				<timestamp>253.546446</timestamp>
			</report>
			<report>
				<misses>847001</misses>
				<total>4</total>
				<timestamp>253.846093</timestamp>
			</report>
			<report>
				<misses>848001</misses>
				<total>4</total>
				<timestamp>254.145793</timestamp>
			</report>
			<report>
				<misses>849001</misses>
				<total>4</total>
				<timestamp>254.445492</timestamp>
			</report>
			<report>
				<misses>850001</misses>
				<total>4</total>
				<timestamp>254.745258</timestamp>
			</report>
			<report>
				<misses>851001</misses>
				<total>4</total>
				<timestamp>255.044878</timestamp>
			</report>
			<report>
				<misses>852001</misses>
				<total>4</total>
				<timestamp>255.344639</timestamp>
			</report>
			<report>
				<misses>853001</misses>
				<total>4</total>
				<timestamp>255.644291</timestamp>
			</report>
			<report>
				<misses>854001</misses>
				<total>4</total>
				<timestamp>255.944037</timestamp>
			</report>
			<report>
				<misses>855001</misses>
				<total>4</total>
				<timestamp>256.243669</timestamp>
			</report>
			<report>
				<misses>856001</misses>
				<total>4</total>
				<timestamp>256.543442</timestamp>
			</report>
			<report>
				<misses>857001</misses>
				<total>4</total>
				<timestamp>256.843097</timestamp>
			</report>
			<report>
				<misses>858001</misses>
				<total>4</total>
				<timestamp>257.142789</timestamp>
			</report>
			<report>
				<misses>859001</misses>
				<total>4</total>
				<timestamp>257.442510</timestamp>
			</report>
			<report>
				<misses>860001</misses>
				<total>4</total>
				<timestamp>257.742182</timestamp>
			</report>
			<report>
				<misses>861001</misses>
				<total>4</total>
				<timestamp>258.041874</timestamp>
			</report>
			<report>
				<misses>862001</misses>
				<total>4</total>
				<timestamp>258.341570</timestamp>
			</report>
			<report>
				<misses>863001</misses>
				<total>4</total>
				<timestamp>258.641314</timestamp>
			</report>
			<report>
				<misses>864001</misses>
				<total>4</total>
				<timestamp>258.941033</timestamp>
			</report>
			<report>
				<misses>865001</misses>
				<total>4</total>
				<timestamp>259.240669</timestamp>
			</report>
			<report>
				<misses>866001</misses>
				<total>4</total>
				<timestamp>259.540401</timestamp>
			</report>
			<report>
				<misses>867001</misses>
				<total>4</total>
				<timestamp>259.840156</timestamp>
			</report>
			<report>
				<misses>868001</misses>
				<total>4</total>
				<timestamp>260.139778</timestamp>
			</report>
			<report>
				<misses>869001</misses>
				<total>4</total>
				<timestamp>260.439472</timestamp>
			</report>
			<report>
				<misses>870001</misses>
				<total>4</total>
				<timestamp>260.739176</timestamp>
			</report>
			<report>
				<misses>871001</misses>
				<total>4</total>
				<timestamp>261.038874</timestamp>
			</report>
			<report>
				<misses>872001</misses>
				<total>4</total>
				<timestamp>261.338609</timestamp>
			</report>
			<report>
				<misses>873001</misses>
				<total>4</total>
				<timestamp>261.638286</timestamp>
			</report>
			<report>
				<misses>874001</misses>
				<total>4</total>
				<timestamp>261.938077</timestamp>
			</report>
			<report>
				<misses>875001</misses>
				<total>4</total>
				<timestamp>262.237672</timestamp>
			</report>
			<report>
				<misses>876001</misses>
				<total>3</total>
				<timestamp>262.537484</timestamp>
			</report>
			<report>
				<misses>877001</misses>
				<total>4</total>
				<timestamp>262.837147</timestamp>
			</report>
			<report>
				<misses>878001</misses>
				<total>4</total>
				<timestamp>263.136772</timestamp>
			</report>
			<report>
				<misses>879001</misses>
				<total>4</total>
				<timestamp>263.436490</timestamp>
			</report>
			<report>
				<misses>880001</misses>
				<total>4</total>
				<timestamp>263.736171</timestamp>
			</report>
			<report>
				<misses>881001</misses>
				<total>4</total>
				<timestamp>264.035900</timestamp>
			</report>
			<report>
				<misses>882001</misses>
				<total>4</total>
				<timestamp>264.335573</timestamp>
			</report>
			<report>
				<misses>883001</misses>
				<total>4</total>
				<timestamp>264.635269</timestamp>
			</report>
			<report>
				<misses>884001</misses>
				<total>4</total>
				<timestamp>264.935048</timestamp>
			</report>
			<report>
				<misses>885001</misses>
				<total>4</total>
				<timestamp>265.234667</timestamp>
			</report>
			<report>
				<misses>886001</misses>
				<total>4</total>
				<timestamp>265.534434</timestamp>
			</report>
			<report>
				<misses>887001</misses>
				<total>4</total>
				<timestamp>265.834076</timestamp>
			</report>
			<report>
				<misses>888001</misses>
				<total>4</total>
				<timestamp>266.133774</timestamp>
			</report>
			<report>
				<misses>889001</misses>
				<total>4</total>
				<timestamp>266.433476</timestamp>
			</report>
			<report>
				<misses>890001</misses>
				<total>4</total>
				<timestamp>266.733170</timestamp>
			</report>
			<report>
				<misses>891001</misses>
				<total>4</total>
				<timestamp>267.032876</timestamp>
			</report>
			<report>
				<misses>892001</misses>
				<total>4</total>
				<timestamp>267.332583</timestamp>
			</report>
			<report>
				<misses>893001</misses>
				<total>4</total>
				<timestamp>267.632280</timestamp>
			</report>
			<report>
				<misses>894001</misses>
				<total>4</total>
				<timestamp>267.932010</timestamp>
			</report>
			<report>
				<misses>895001</misses>
				<total>4</total>
				<timestamp>268.231680</timestamp>
			</report>
			<report>
				<misses>896001</misses>
				<total>4</total>
				<timestamp>268.531369</timestamp>
			</report>
			<report>
				<misses>897001</misses>
				<total>4</total>
				<timestamp>268.831132</timestamp>
			</report>
			<report>
				<misses>898001</misses>
				<total>4</total>
				<timestamp>269.130773</timestamp>
			</report>
			<report>
				<misses>899001</misses>
				<total>4</total>
				<timestamp>269.430465</timestamp>
			</report>
			<report>
				<misses>900001</misses>
				<total>4</total>
				<timestamp>269.730170</timestamp>
			</report>
			<report>
				<misses>901001</misses>
				<total>4</total>
				<timestamp>270.029878</timestamp>
			</report>
			<report>
				<misses>902001</misses>
				<total>4</total>
				<timestamp>270.329577</timestamp>
			</report>
			<report>
				<misses>903001</misses>
				<total>4</total>
				<timestamp>270.629280</timestamp>
			</report>
			<report>
				<misses>904001</misses>
				<total>4</total>
				<timestamp>270.929068</timestamp>
			</report>
			<report>
				<misses>905001</misses>
				<total>4</total>
				<timestamp>271.228672</timestamp>
			</report>
			<report>
				<misses>906001</misses>
				<total>4</total>
				<timestamp>271.528368</timestamp>
			</report>
			<report>
				<misses>907001</misses>
				<total>4</total>
				<timestamp>271.828075</timestamp>
			</report>
			<report>
				<misses>908001</misses>
				<total>4</total>
				<timestamp>272.127769</timestamp>
			</report>
			<report>
				<misses>909001</misses>
				<total>4</total>
				<timestamp>272.427479</timestamp>
			</report>
			<report>
				<misses>910001</misses>
				<total>4</total>
				<timestamp>272.727179</timestamp>
			</report>
			<report>
				<misses>911001</misses>
				<total>4</total>
				<timestamp>273.026900</timestamp>
			</report>
			<report>
				<misses>912001</misses>
				<total>4</total>
				<timestamp>273.326575</timestamp>
			</report>
			<report>
				<misses>913001</misses>
				<total>4</total>
				<timestamp>273.626270</timestamp>
			</report>
			<report>
				<misses>914001</misses>
				<total>3</total>
				<timestamp>273.926102</timestamp>
			</report>
			<report>
				<misses>915001</misses>
				<total>4</total>
				<timestamp>274.225666</timestamp>
			</report>
			<report>
				<misses>916001</misses>
				<total>4</total>
				<timestamp>274.525380</timestamp>
			</report>
			<report>
				<misses>917001</misses>
				<total>4</total>
				<timestamp>274.825081</timestamp>
			</report>
			<report>
				<misses>918001</misses>
				<total>4</total>
				<timestamp>275.124768</timestamp>
			</report>
			<report>
				<misses>919001</misses>
				<total>4</total>
				<timestamp>275.424484</timestamp>
			</report>
			<report>
				<misses>920001</misses>
				<total>4</total>
				<timestamp>275.724159</timestamp>
			</report>
			<report>
				<misses>921001</misses>
				<total>4</total>
				<timestamp>276.023913</timestamp>
			</report>
			<report>
				<misses>922001</misses>
				<total>4</total>
				<timestamp>276.323563</timestamp>
			</report>
			<report>
				<misses>923001</misses>
				<total>4</total>
				<timestamp>276.623330</timestamp>
			</report>
			<report>
				<misses>924001</misses>
				<total>4</total>
				<timestamp>276.923053</timestamp>
			</report>
			<report>
				<misses>925001</misses>
				<total>4</total>
				<timestamp>277.222715</timestamp>
			</report>
			<report>
				<misses>926001</misses>
				<total>4</total>
				<timestamp>277.522370</timestamp>
			</report>
			<report>
				<misses>927001</misses>
				<total>4</total>
				<timestamp>277.822085</timestamp>
			</report>
			<report>
				<misses>928001</misses>
				<total>3</total>
				<timestamp>278.121924</timestamp>
			</report>
			<report>
				<misses>929001</misses>
				<total>4</total>
				<timestamp>278.421481</timestamp>
			</report>
			<report>
				<misses>930001</misses>
				<total>4</total>
				<timestamp>278.721193</timestamp>
			</report>
			<report>
				<misses>931001</misses>
				<total>4</total>
				<timestamp>279.020932</timestamp>
			</report>
			<report>
				<misses>932001</misses>
				<total>4</total>
				<timestamp>279.320576</timestamp>
			</report>
			<report>
				<misses>933001</misses>
				<total>4</total>
				<timestamp>279.620273</timestamp>
			</report>
			<report>
				<misses>934001</misses>
				<total>4</total>
				<timestamp>279.920068</timestamp>
			</report>
			<report>
				<misses>935001</misses>
				<total>4</total>
				<timestamp>280.219721</timestamp>
			</report>
			<report>
				<misses>936001</misses>
				<total>4</total>
				<timestamp>280.519360</timestamp>
			</report>
			<report>
				<misses>937001</misses>
				<total>4</total>
				<timestamp>280.819158</timestamp>
			</report>
			<report>
				<misses>938001</misses>
				<total>4</total>
				<timestamp>281.118777</timestamp>
			</report>
			<report>
				<misses>939001</misses>
				<total>4</total>
				<timestamp>281.418488</timestamp>
			</report>
			<report>
				<misses>940001</misses>
				<total>4</total>
				<timestamp>281.718185</timestamp>
			</report>
			<report>
				<misses>941001</misses>
				<total>3</total>
				<timestamp>282.017987</timestamp>
			</report>
			<report>
				<misses>942001</misses>
				<total>4</total>
				<timestamp>282.317577</timestamp>
			</report>
			<report>
				<misses>943001</misses>
				<total>4</total>
				<timestamp>282.617348</timestamp>
			</report>
			<report>
				<misses>944001</misses>
				<total>4</total>
				<timestamp>282.916992</timestamp>
			</report>
			<report>
				<misses>945001</misses>
				<total>4</total>
				<timestamp>283.216690</timestamp>
			</report>
			<report>
				<misses>946001</misses>
				<total>3</total>
				<timestamp>283.516484</timestamp>
			</report>
			<report>
				<misses>947001</misses>
				<total>4</total>
				<timestamp>283.816094</timestamp>
			</report>
			<report>
				<misses>948001</misses>
				<total>4</total>
				<timestamp>284.115771</timestamp>
			</report>
			<report>
				<misses>949001</misses>
				<total>4</total>
				<timestamp>284.415482</timestamp>
			</report>
			<report>
				<misses>950001</misses>
				<total>4</total>
				<timestamp>284.715168</timestamp>
			</report>
			<report>
				<misses>951001</misses>
				<total>4</total>
				<timestamp>285.014902</timestamp>
			</report>
			<report>
				<misses>952001</misses>
				<total>4</total>
				<timestamp>285.314565</timestamp>
			</report>
			<report>
				<misses>953001</misses>
				<total>4</total>
				<timestamp>285.614320</timestamp>
			</report>
			<report>
				<misses>954001</misses>
				<total>4</total>
				<timestamp>285.913992</timestamp>
			</report>
			<report>
				<misses>955001</misses>
				<total>4</total>
				<timestamp>286.213663</timestamp>
			</report>
			<report>
				<misses>956001</misses>
				<total>4</total>
				<timestamp>286.513381</timestamp>
			</report>
			<report>
				<misses>957001</misses>
				<total>4</total>
				<timestamp>286.813059</timestamp>
			</report>
			<report>
				<misses>958001</misses>
				<total>4</total>
				<timestamp>287.112847</timestamp>
			</report>
			<report>
				<misses>959001</misses>
				<total>4</total>
				<timestamp>287.412485</timestamp>
			</report>
			<report>
				<misses>960001</misses>
				<total>4</total>
				<timestamp>287.712228</timestamp>
			</report>
			<report>
				<misses>961001</misses>
				<total>4</total>
				<timestamp>288.011923</timestamp>
			</report>
			<report>
				<misses>962001</misses>
				<total>4</total>
				<timestamp>288.311582</timestamp>
			</report>
			<report>
				<misses>963001</misses>
				<total>4</total>
				<timestamp>288.611271</timestamp>
			</report>
			<report>
				<misses>964001</misses>
				<total>4</total>
				<timestamp>288.910992</timestamp>
			</report>
			<report>
				<misses>965001</misses>
				<total>4</total>
				<timestamp>289.210679</timestamp>
			</report>
			<report>
				<misses>966001</misses>
				<total>4</total>
				<timestamp>289.510376</timestamp>
			</report>
			<report>
				<misses>967001</misses>
				<total>4</total>
				<timestamp>289.810081</timestamp>
			</report>
			<report>
				<misses>968001</misses>
				<total>4</total>
				<timestamp>290.109802</timestamp>
			</report>
			<report>
				<misses>969001</misses>
				<total>4</total>
				<timestamp>290.409489</timestamp>
			</report>
			<report>
				<misses>970001</misses>
				<total>4</total>
				<timestamp>290.709222</timestamp>
			</report>
			<report>
				<misses>971001</misses>
				<total>4</total>
				<timestamp>291.008962</timestamp>
			</report>
			<report>
				<misses>972001</misses>
				<total>4</total>
				<timestamp>291.308572</timestamp>
			</report>
			<report>
				<misses>973001</misses>
				<total>4</total>
				<timestamp>291.608268</timestamp>
			</report>
			<report>
				<misses>974001</misses>
				<total>4</total>
				<timestamp>291.908019</timestamp>
			</report>
			<report>
				<misses>975001</misses>
				<total>4</total>
				<timestamp>292.207735</timestamp>
			</report>
			<report>
				<misses>976001</misses>
				<total>4</total>
				<timestamp>292.507368</timestamp>
			</report>
			<report>
				<misses>977001</misses>
				<total>4</total>
				<timestamp>292.807138</timestamp>
			</report>
			<report>
				<misses>978001</misses>
				<total>3</total>
				<timestamp>293.106916</timestamp>
			</report>
			<report>
				<misses>979001</misses>
				<total>4</total>
				<timestamp>293.406464</timestamp>
			</report>
			<report>
				<misses>980001</misses>
				<total>4</total>
				<timestamp>293.706190</timestamp>
			</report>
			<report>
				<misses>981001</misses>
				<total>4</total>
				<timestamp>294.005945</timestamp>
			</report>
			<report>
				<misses>982001</misses>
				<total>4</total>
				<timestamp>294.305658</timestamp>
			</report>
			<report>
				<misses>983001</misses>
				<total>4</total>
				<timestamp>294.605301</timestamp>
			</report>
			<report>
				<misses>984001</misses>
				<total>4</total>
				<timestamp>294.904995</timestamp>
			</report>
			<report>
				<misses>985001</misses>
				<total>4</total>
				<timestamp>295.204685</timestamp>
			</report>
			<report>
				<misses>986001</misses>
				<total>4</total>
				<timestamp>295.504375</timestamp>
			</report>
			<report>
				<misses>987001</misses>
				<total>4</total>
				<timestamp>295.804076</timestamp>
			</report>
			<report>
				<misses>988001</misses>
				<total>4</total>
				<timestamp>296.103829</timestamp>
			</report>
			<report>
				<misses>989001</misses>
				<total>4</total>
				<timestamp>296.403473</timestamp>
			</report>
			<report>
				<misses>990001</misses>
				<total>4</total>
				<timestamp>296.703185</timestamp>
			</report>
			<report>
				<misses>991001</misses>
				<total>4</total>
				<timestamp>297.002942</timestamp>
			</report>
			<report>
				<misses>992001</misses>
				<total>4</total>
				<timestamp>297.302621</timestamp>
			</report>
			<report>
				<misses>993001</misses>
				<total>4</total>
				<timestamp>297.602290</timestamp>
			</report>
			<report>
				<misses>994001</misses>
				<total>4</total>
				<timestamp>297.902022</timestamp>
			</report>
			<report>
				<misses>995001</misses>
				<total>4</total>
				<timestamp>298.201693</timestamp>
			</report>
			<report>
				<misses>996001</misses>
				<total>4</total>
				<timestamp>298.501361</timestamp>
			</report>
			<report>
				<misses>997001</misses>
				<total>4</total>
				<timestamp>298.801070</timestamp>
			</report>
			<report>
				<misses>998001</misses>
				<total>4</total>
				<timestamp>299.100857</timestamp>
			</report>
			<report>
				<misses>999001</misses>
				<total>4</total>
				<timestamp>299.400472</timestamp>
			</report>
			<report>
				<misses>1000001</misses>
				<total>4</total>
				<timestamp>299.700214</timestamp>
			</report>
			<report>
				<misses>1001001</misses>
				<total>4</total>
				<timestamp>299.999949</timestamp>
			</report>
			<report>
				<misses>1002001</misses>
				<total>4</total>
				<timestamp>300.299579</timestamp>
			</report>
			<report>
				<misses>1003001</misses>
				<total>4</total>
				<timestamp>300.599273</timestamp>
			</report>
			<report>
				<misses>1004001</misses>
				<total>4</total>
				<timestamp>300.899027</timestamp>
			</report>
			<report>
				<misses>1005001</misses>
				<total>4</total>
				<timestamp>301.198664</timestamp>
			</report>
			<report>
				<misses>1006001</misses>
				<total>4</total>
				<timestamp>301.498375</timestamp>
			</report>
			<report>
				<misses>1007001</misses>
				<total>4</total>
				<timestamp>301.798077</timestamp>
			</report>
			<report>
				<misses>1008001</misses>
				<total>4</total>
				<timestamp>302.097788</timestamp>
			</report>
			<report>
				<misses>1009001</misses>
				<total>4</total>
				<timestamp>302.397476</timestamp>
			</report>
			<report>
				<misses>1010001</misses>
				<total>4</total>
				<timestamp>302.697175</timestamp>
			</report>
			<report>
				<misses>1011001</misses>
				<total>4</total>
				<timestamp>302.996924</timestamp>
			</report>
			<report>
				<misses>1012001</misses>
				<total>4</total>
				<timestamp>303.296561</timestamp>
			</report>
			<report>
				<misses>1013001</misses>
				<total>4</total>
				<timestamp>303.596289</timestamp>
			</report>
			<report>
				<misses>1014001</misses>
				<total>4</total>
				<timestamp>303.896010</timestamp>
			</report>
			<report>
				<misses>1015001</misses>
				<total>4</total>
				<timestamp>304.195683</timestamp>
			</report>
			<report>
				<misses>1016001</misses>
				<total>4</total>
				<timestamp>304.495383</timestamp>
			</report>
			<report>
				<misses>1017001</misses>
				<total>4</total>
				<timestamp>304.795076</timestamp>
			</report>
			<report>
				<misses>1018001</misses>
				<total>4</total>
				<timestamp>305.094769</timestamp>
			</report>
			<report>
				<misses>1019001</misses>
				<total>4</total>
				<timestamp>305.394475</timestamp>
			</report>
			<report>
				<misses>1020001</misses>
				<total>4</total>
				<timestamp>305.694215</timestamp>
			</report>
			<report>
				<misses>1021001</misses>
				<total>4</total>
				<timestamp>305.993921</timestamp>
			</report>
			<report>
				<misses>1022001</misses>
				<total>4</total>
				<timestamp>306.293568</timestamp>
			</report>
			<report>
				<misses>1023001</misses>
				<total>4</total>
				<timestamp>306.593264</timestamp>
			</report>
			<report>
				<misses>1024001</misses>
				<total>4</total>
				<timestamp>306.893034</timestamp>
			</report>
			<report>
				<misses>1025001</misses>
				<total>4</total>
				<timestamp>307.192710</timestamp>
			</report>
			<report>
				<misses>1026001</misses>
				<total>4</total>
				<timestamp>307.492368</timestamp>
			</report>
			<report>
				<misses>1027001</misses>
				<total>4</total>
				<timestamp>307.792152</timestamp>
			</report>
			<report>
				<misses>1028001</misses>
				<total>4</total>
				<timestamp>308.091826</timestamp>
			</report>
			<report>
				<misses>1029001</misses>
				<total>4</total>
				<timestamp>308.391468</timestamp>
			</report>
			<report>
				<misses>1030001</misses>
				<total>4</total>
				<timestamp>308.691159</timestamp>
			</report>
			<report>
				<misses>1031001</misses>
				<total>4</total>
				<timestamp>308.990941</timestamp>
			</report>
			<report>
				<misses>1032001</misses>
				<total>4</total>
				<timestamp>309.290587</timestamp>
			</report>
			<report>
				<misses>1033001</misses>
				<total>4</total>
				<timestamp>309.590283</timestamp>
			</report>
			<report>
				<misses>1034001</misses>
				<total>4</total>
				<timestamp>309.890016</timestamp>
			</report>
			<report>
				<misses>1035001</misses>
				<total>4</total>
				<timestamp>310.189734</timestamp>
			</report>
			<report>
				<misses>1036001</misses>
				<total>4</total>
				<timestamp>310.489371</timestamp>
			</report>
			<report>
				<misses>1037001</misses>
				<total>4</total>
				<timestamp>310.789089</timestamp>
			</report>
			<report>
				<misses>1038001</misses>
				<total>4</total>
				<timestamp>311.088849</timestamp>
			</report>
			<report>
				<misses>1039001</misses>
				<total>4</total>
				<timestamp>311.388478</timestamp>
			</report>
			<report>
				<misses>1040001</misses>
				<total>4</total>
				<timestamp>311.688164</timestamp>
			</report>
			<report>
				<misses>1041001</misses>
				<total>4</total>
				<timestamp>311.987880</timestamp>
			</report>
			<report>
				<misses>1042001</misses>
				<total>4</total>
				<timestamp>312.287579</timestamp>
			</report>
			<report>
				<misses>1043001</misses>
				<total>4</total>
				<timestamp>312.587277</timestamp>
			</report>
			<report>
				<misses>1044001</misses>
				<total>4</total>
				<timestamp>312.887005</timestamp>
			</report>
			<report>
				<misses>1045001</misses>
				<total>4</total>
				<timestamp>313.186702</timestamp>
			</report>
			<report>
				<misses>1046001</misses>
				<total>4</total>
				<timestamp>313.486361</timestamp>
			</report>
			<report>
				<misses>1047001</misses>
				<total>4</total>
				<timestamp>313.786067</timestamp>
			</report>
			<report>
				<misses>1048001</misses>
				<total>4</total>
				<timestamp>314.085793</timestamp>
			</report>
			<report>
				<misses>1049001</misses>
				<total>4</total>
				<timestamp>314.385467</timestamp>
			</report>
			<report>
				<misses>1050001</misses>
				<total>4</total>
				<timestamp>314.685169</timestamp>
			</report>
			<report>
				<misses>1051001</misses>
				<total>3</total>
				<timestamp>314.984976</timestamp>
			</report>
			<report>
				<misses>1052001</misses>
				<total>4</total>
				<timestamp>315.284588</timestamp>
			</report>
			<report>
				<misses>1053001</misses>
				<total>4</total>
				<timestamp>315.584269</timestamp>
			</report>
			<report>
				<misses>1054001</misses>
				<total>4</total>
				<timestamp>315.883983</timestamp>
			</report>
			<report>
				<misses>1055001</misses>
				<total>4</total>
				<timestamp>316.183759</timestamp>
			</report>
			<report>
				<misses>1056001</misses>
				<total>4</total>
				<timestamp>316.483360</timestamp>
			</report>
			<report>
				<misses>1057001</misses>
				<total>4</total>
				<timestamp>316.783094</timestamp>
			</report>
			<report>
				<misses>1058001</misses>
				<total>4</total>
				<timestamp>317.082836</timestamp>
			</report>
			<report>
				<misses>1059001</misses>
				<total>4</total>
				<timestamp>317.382474</timestamp>
			</report>
			<report>
				<misses>1060001</misses>
				<total>4</total>
				<timestamp>317.682187</timestamp>
			</report>
			<report>
				<misses>1061001</misses>
				<total>4</total>
				<timestamp>317.981924</timestamp>
			</report>
			<report>
				<misses>1062001</misses>
				<total>4</total>
				<timestamp>318.281586</timestamp>
			</report>
			<report>
				<misses>1063001</misses>
				<total>4</total>
				<timestamp>318.581260</timestamp>
			</report>
			<report>
				<misses>1064001</misses>
				<total>4</total>
				<timestamp>318.880980</timestamp>
			</report>
			<report>
				<misses>1065001</misses>
				<total>4</total>
				<timestamp>319.180697</timestamp>
			</report>
			<report>
				<misses>1066001</misses>
				<total>4</total>
				<timestamp>319.480362</timestamp>
			</report>
			<report>
				<misses>1067001</misses>
				<total>4</total>
				<timestamp>319.780067</timestamp>
			</report>
			<report>
				<misses>1068001</misses>
				<total>4</total>
				<timestamp>320.079825</timestamp>
			</report>
			<report>
				<misses>1069001</misses>
				<total>4</total>
				<timestamp>320.379478</timestamp>
			</report>
			<report>
				<misses>1070001</misses>
				<total>4</total>
				<timestamp>320.679177</timestamp>
			</report>
			<report>
				<misses>1071001</misses>
				<total>4</total>
				<timestamp>320.978866</timestamp>
			</report>
			<report>
				<misses>1072001</misses>
				<total>4</total>
				<timestamp>321.278575</timestamp>
			</report>
			<report>
				<misses>1073001</misses>
				<total>4</total>
				<timestamp>321.578261</timestamp>
			</report>
			<report>
				<misses>1074001</misses>
				<total>4</total>
				<timestamp>321.877985</timestamp>
			</report>
			<report>
				<misses>1075001</misses>
				<total>4</total>
				<timestamp>322.177675</timestamp>
			</report>
			<report>
				<misses>1076001</misses>
				<total>4</total>
				<timestamp>322.477370</timestamp>
			</report>
			<report>
				<misses>1077001</misses>
				<total>4</total>
				<timestamp>322.777094</timestamp>
			</report>
			<report>
				<misses>1078001</misses>
				<total>4</total>
				<timestamp>323.076847</timestamp>
			</report>
			<report>
				<misses>1079001</misses>
				<total>4</total>
				<timestamp>323.376469</timestamp>
			</report>
			<report>
				<misses>1080001</misses>
				<total>4</total>
				<timestamp>323.676166</timestamp>
			</report>
			<report>
				<misses>1081001</misses>
				<total>4</total>
				<timestamp>323.975857</timestamp>
			</report>
			<report>
				<misses>1082001</misses>
				<total>4</total>
				<timestamp>324.275597</timestamp>
			</report>
			<report>
				<misses>1083001</misses>
				<total>4</total>
				<timestamp>324.575277</timestamp>
			</report>
			<report>
				<misses>1084001</misses>
				<total>4</total>
				<timestamp>324.875003</timestamp>
			</report>
			<report>
				<misses>1085001</misses>
				<total>4</total>
				<timestamp>325.174745</timestamp>
			</report>
			<report>
				<misses>1086001</misses>
				<total>4</total>
				<timestamp>325.474376</timestamp>
			</report>
			<report>
				<misses>1087001</misses>
				<total>4</total>
				<timestamp>325.774076</timestamp>
			</report>
			<report>
				<misses>1088001</misses>
				<total>4</total>
				<timestamp>326.073778</timestamp>
			</report>
			<report>
				<misses>1089001</misses>
				<total>4</total>
				<timestamp>326.373458</timestamp>
			</report>
			<report>
				<misses>1090001</misses>
				<total>4</total>
				<timestamp>326.673169</timestamp>
			</report>
			<report>
				<misses>1091001</misses>
				<total>4</total>
				<timestamp>326.972875</timestamp>
			</report>
			<report>
				<misses>1092001</misses>
				<total>4</total>
				<timestamp>327.272651</timestamp>
			</report>
			<report>
				<misses>1093001</misses>
				<total>4</total>
				<timestamp>327.572269</timestamp>
			</report>
			<report>
				<misses>1094001</misses>
				<total>4</total>
				<timestamp>327.871991</timestamp>
			</report>
			<report>
				<misses>1095001</misses>
				<total>4</total>
				<timestamp>328.171704</timestamp>
			</report>
			<report>
				<misses>1096001</misses>
				<total>4</total>
				<timestamp>328.471363</timestamp>
			</report>
			<report>
				<misses>1097001</misses>
				<total>4</total>
				<timestamp>328.771058</timestamp>
			</report>
			<report>
				<misses>1098001</misses>
				<total>4</total>
				<timestamp>329.070781</timestamp>
			</report>
			<report>
				<misses>1099001</misses>
				<total>4</total>
				<timestamp>329.370472</timestamp>
			</report>
			<report>
				<misses>1100001</misses>
				<total>4</total>
				<timestamp>329.670199</timestamp>
			</report>
			<report>
				<misses>1101001</misses>
				<total>4</total>
				<timestamp>329.969874</timestamp>
			</report>
			<report>
				<misses>1102001</misses>
				<total>4</total>
				<timestamp>330.269607</timestamp>
			</report>
			<report>
				<misses>1103001</misses>
				<total>3</total>
				<timestamp>330.569399</timestamp>
			</report>
			<report>
				<misses>1104001</misses>
				<total>4</total>
				<timestamp>330.869045</timestamp>
			</report>
			<report>
				<misses>1105001</misses>
				<total>4</total>
				<timestamp>331.168683</timestamp>
			</report>
			<report>
				<misses>1106001</misses>
				<total>4</total>
				<timestamp>331.468379</timestamp>
			</report>
			<report>
				<misses>1107001</misses>
				<total>4</total>
				<timestamp>331.768143</timestamp>
			</report>
			<report>
				<misses>1108001</misses>
				<total>4</total>
				<timestamp>332.067773</timestamp>
			</report>
			<report>
				<misses>1109001</misses>
				<total>4</total>
				<timestamp>332.367486</timestamp>
			</report>
			<report>
				<misses>1110001</misses>
				<total>4</total>
				<timestamp>332.667177</timestamp>
			</report>
			<report>
				<misses>1111001</misses>
				<total>4</total>
				<timestamp>332.966947</timestamp>
			</report>
			<report>
				<misses>1112001</misses>
				<total>4</total>
				<timestamp>333.266585</timestamp>
			</report>
			<report>
				<misses>1113001</misses>
				<total>4</total>
				<timestamp>333.566264</timestamp>
			</report>
			<report>
				<misses>1114001</misses>
				<total>4</total>
				<timestamp>333.866053</timestamp>
			</report>
			<report>
				<misses>1115001</misses>
				<total>4</total>
				<timestamp>334.165742</timestamp>
			</report>
			<report>
				<misses>1116001</misses>
				<total>4</total>
				<timestamp>334.465375</timestamp>
			</report>
			<report>
				<misses>1117001</misses>
				<total>4</total>
				<timestamp>334.765074</timestamp>
			</report>
			<report>
				<misses>1118001</misses>
				<total>4</total>
				<timestamp>335.064833</timestamp>
			</report>
			<report>
				<misses>1119001</misses>
				<total>4</total>
				<timestamp>335.364466</timestamp>
			</report>
			<report>
				<misses>1120001</misses>
				<total>4</total>
				<timestamp>335.664168</timestamp>
			</report>
			<report>
				<misses>1121001</misses>
				<total>4</total>
				<timestamp>335.963861</timestamp>
			</report>
			<report>
				<misses>1122001</misses>
				<total>4</total>
				<timestamp>336.263572</timestamp>
			</report>
			<report>
				<misses>1123001</misses>
				<total>4</total>
				<timestamp>336.563282</timestamp>
			</report>
			<report>
				<misses>1124001</misses>
				<total>4</total>
				<timestamp>336.863041</timestamp>
			</report>
			<report>
				<misses>1125001</misses>
				<total>4</total>
				<timestamp>337.162684</timestamp>
			</report>
			<report>
				<misses>1126001</misses>
				<total>4</total>
				<timestamp>337.462369</timestamp>
			</report>
			<report>
				<misses>1127001</misses>
				<total>4</total>
				<timestamp>337.762079</timestamp>
			</report>
			<report>
				<misses>1128001</misses>
				<total>4</total>
				<timestamp>338.061838</timestamp>
			</report>
			<report>
				<misses>1129001</misses>
				<total>4</total>
				<timestamp>338.361496</timestamp>
			</report>
			<report>
				<misses>1130001</misses>
				<total>4</total>
				<timestamp>338.661186</timestamp>
			</report>
			<report>
				<misses>1131001</misses>
				<total>4</total>
				<timestamp>338.960913</timestamp>
			</report>
			<report>
				<misses>1132001</misses>
				<total>4</total>
				<timestamp>339.260572</timestamp>
			</report>
			<report>
				<misses>1133001</misses>
				<total>4</total>
				<timestamp>339.560256</timestamp>
			</report>
			<report>
				<misses>1134001</misses>
				<total>4</total>
				<timestamp>339.859968</timestamp>
			</report>
			<report>
				<misses>1135001</misses>
				<total>4</total>
				<timestamp>340.159686</timestamp>
			</report>
			<report>
				<misses>1136001</misses>
				<total>4</total>
				<timestamp>340.459367</timestamp>
			</report>
			<report>
				<misses>1137001</misses>
				<total>4</total>
				<timestamp>340.759082</timestamp>
			</report>
			<report>
				<misses>1138001</misses>
				<total>4</total>
				<timestamp>341.058800</timestamp>
			</report>
			<report>
				<misses>1139001</misses>
				<total>4</total>
				<timestamp>341.358501</timestamp>
			</report>
			<report>
				<misses>1140001</misses>
				<total>4</total>
				<timestamp>341.658162</timestamp>
			</report>
			<report>
				<misses>1141001</misses>
				<total>4</total>
				<timestamp>341.957935</timestamp>
			</report>
			<report>
				<misses>1142001</misses>
				<total>4</total>
				<timestamp>342.257573</timestamp>
			</report>
			<report>
				<misses>1143001</misses>
				<total>4</total>
				<timestamp>342.557264</timestamp>
			</report>
			<report>
				<misses>1144001</misses>
				<total>4</total>
				<timestamp>342.856993</timestamp>
			</report>
			<report>
				<misses>1145001</misses>
				<total>4</total>
				<timestamp>343.156695</timestamp>
			</report>
			<report>
				<misses>1146001</misses>
				<total>3</total>
				<timestamp>343.456496</timestamp>
			</report>
			<report>
				<misses>1147001</misses>
				<total>4</total>
				<timestamp>343.756070</timestamp>
			</report>
			<report>
				<misses>1148001</misses>
				<total>4</total>
				<timestamp>344.055808</timestamp>
			</report>
			<report>
				<misses>1149001</misses>
				<total>4</total>
				<timestamp>344.355493</timestamp>
			</report>
			<report>
				<misses>1150001</misses>
				<total>4</total>
				<timestamp>344.655220</timestamp>
			</report>
			<report>
				<misses>1151001</misses>
				<total>4</total>
				<timestamp>344.954909</timestamp>
			</report>
			<report>
				<misses>1152001</misses>
				<total>4</total>
				<timestamp>345.254685</timestamp>
			</report>
			<report>
				<misses>1153001</misses>
				<total>4</total>
				<timestamp>345.554276</timestamp>
			</report>
			<report>
				<misses>1154001</misses>
				<total>4</total>
				<timestamp>345.853989</timestamp>
			</report>
			<report>
				<misses>1155001</misses>
				<total>4</total>
				<timestamp>346.153720</timestamp>
			</report>
			<report>
				<misses>1156001</misses>
				<total>4</total>
				<timestamp>346.453371</timestamp>
			</report>
			<report>
				<misses>1157001</misses>
				<total>4</total>
				<timestamp>346.753076</timestamp>
			</report>
			<report>
				<misses>1158001</misses>
				<total>4</total>
				<timestamp>347.052775</timestamp>
			</report>
			<report>
				<misses>1159001</misses>
				<total>4</total>
				<timestamp>347.352479</timestamp>
			</report>
			<report>
				<misses>1160001</misses>
				<total>4</total>
				<timestamp>347.652156</timestamp>
			</report>
			<report>
				<misses>1161001</misses>
				<total>4</total>
				<timestamp>347.951897</timestamp>
			</report>
			<report>
				<misses>1162001</misses>
				<total>4</total>
				<timestamp>348.251576</timestamp>
			</report>
			<report>
				<misses>1163001</misses>
				<total>4</total>
				<timestamp>348.551268</timestamp>
			</report>
			<report>
				<misses>1164001</misses>
				<total>4</total>
				<timestamp>348.851019</timestamp>
			</report>
			<report>
				<misses>1165001</misses>
				<total>4</total>
				<timestamp>349.150743</timestamp>
			</report>
			<report>
				<misses>1166001</misses>
				<total>4</total>
				<timestamp>349.450397</timestamp>
			</report>
			<report>
				<misses>1167001</misses>
				<total>4</total>
				<timestamp>349.750071</timestamp>
			</report>
			<report>
				<misses>1168001</misses>
				<total>4</total>
				<timestamp>350.049773</timestamp>
			</report>
			<report>
				<misses>1169001</misses>
				<total>4</total>
				<timestamp>350.349529</timestamp>
			</report>
			<report>
				<misses>1170001</misses>
				<total>4</total>
				<timestamp>350.649187</timestamp>
			</report>
			<report>
				<misses>1171001</misses>
				<total>4</total>
				<timestamp>350.948884</timestamp>
			</report>
			<report>
				<misses>1172001</misses>
				<total>4</total>
				<timestamp>351.248603</timestamp>
			</report>
			<report>
				<misses>1173001</misses>
				<total>4</total>
				<timestamp>351.548265</timestamp>
			</report>
			<report>
				<misses>1174001</misses>
				<total>4</total>
				<timestamp>351.847990</timestamp>
			</report>
			<report>
				<misses>1175001</misses>
				<total>3</total>
				<timestamp>352.147771</timestamp>
			</report>
			<report>
				<misses>1176001</misses>
				<total>4</total>
				<timestamp>352.447431</timestamp>
			</report>
			<report>
				<misses>1177001</misses>
				<total>4</total>
				<timestamp>352.747074</timestamp>
			</report>
			<report>
				<misses>1178001</misses>
				<total>4</total>
				<timestamp>353.046774</timestamp>
			</report>
			<report>
				<misses>1179001</misses>
				<total>4</total>
				<timestamp>353.346486</timestamp>
			</report>
			<report>
				<misses>1180001</misses>
				<total>4</total>
				<timestamp>353.646174</timestamp>
			</report>
			<report>
				<misses>1181001</misses>
				<total>4</total>
				<timestamp>353.945873</timestamp>
			</report>
			<report>
				<misses>1182001</misses>
				<total>4</total>
				<timestamp>354.245581</timestamp>
			</report>
			<report>
				<misses>1183001</misses>
				<total>4</total>
				<timestamp>354.545270</timestamp>
			</report>
			<report>
				<misses>1184001</misses>
				<total>4</total>
				<timestamp>354.844995</timestamp>
			</report>
			<report>
				<misses>1185001</misses>
				<total>4</total>
				<timestamp>355.144751</timestamp>
			</report>
			<report>
				<misses>1186001</misses>
				<total>4</total>
				<timestamp>355.444403</timestamp>
			</report>
			<report>
				<misses>1187001</misses>
				<total>4</total>
				<timestamp>355.744077</timestamp>
			</report>
			<report>
				<misses>1188001</misses>
				<total>4</total>
				<timestamp>356.043847</timestamp>
			</report>
			<report>
				<misses>1189001</misses>
				<total>4</total>
				<timestamp>356.343513</timestamp>
			</report>
			<report>
				<misses>1190001</misses>
				<total>4</total>
				<timestamp>356.643191</timestamp>
			</report>
			<report>
				<misses>1191001</misses>
				<total>4</total>
				<timestamp>356.942901</timestamp>
			</report>
			<report>
				<misses>1192001</misses>
				<total>4</total>
				<timestamp>357.242708</timestamp>
			</report>
			<report>
				<misses>1193001</misses>
				<total>4</total>
				<timestamp>357.542282</timestamp>
			</report>
			<report>
				<misses>1194001</misses>
				<total>4</total>
				<timestamp>357.842024</timestamp>
			</report>
			<report>
				<misses>1195001</misses>
				<total>4</total>
				<timestamp>358.141676</timestamp>
			</report>
			<report>
				<misses>1196001</misses>
				<total>4</total>
				<timestamp>358.441436</timestamp>
			</report>
			<report>
				<misses>1197001</misses>
				<total>4</total>
				<timestamp>358.741136</timestamp>
			</report>
			<report>
				<misses>1198001</misses>
				<total>4</total>
				<timestamp>359.040783</timestamp>
			</report>
			<report>
				<misses>1199001</misses>
				<total>4</total>
				<timestamp>359.340489</timestamp>
			</report>
			<report>
				<misses>1200001</misses>
				<total>4</total>
				<timestamp>359.640193</timestamp>
			</report>
			<report>
				<misses>1201001</misses>
				<total>4</total>
				<timestamp>359.939889</timestamp>
			</report>
			<report>
				<misses>1202001</misses>
				<total>4</total>
				<timestamp>360.239601</timestamp>
			</report>
			<report>
				<misses>1203001</misses>
				<total>4</total>
				<timestamp>360.539284</timestamp>
			</report>
			<report>
				<misses>1204001</misses>
				<total>4</total>
				<timestamp>360.839021</timestamp>
			</report>
			<report>
				<misses>1205001</misses>
				<total>4</total>
				<timestamp>361.138675</timestamp>
			</report>
			<report>
				<misses>1206001</misses>
				<total>4</total>
				<timestamp>361.438407</timestamp>
			</report>
			<report>
				<misses>1207001</misses>
				<total>4</total>
				<timestamp>361.738068</timestamp>
			</report>
			<report>
				<misses>1208001</misses>
				<total>4</total>
				<timestamp>362.037760</timestamp>
			</report>
			<report>
				<misses>1209001</misses>
				<total>4</total>
				<timestamp>362.337530</timestamp>
			</report>
			<report>
				<misses>1210001</misses>
				<total>4</total>
				<timestamp>362.637176</timestamp>
			</report>
			<report>
				<misses>1211001</misses>
				<total>4</total>
				<timestamp>362.936862</timestamp>
			</report>
			<report>
				<misses>1212001</misses>
				<total>4</total>
				<timestamp>363.236642</timestamp>
			</report>
			<report>
				<misses>1213001</misses>
				<total>4</total>
				<timestamp>363.536282</timestamp>
			</report>
			<report>
				<misses>1214001</misses>
				<total>4</total>
				<timestamp>363.835983</timestamp>
			</report>
			<report>
				<misses>1215001</misses>
				<total>4</total>
				<timestamp>364.135665</timestamp>
			</report>
			<report>
				<misses>1216001</misses>
				<total>4</total>
				<timestamp>364.435427</timestamp>
			</report>
			<report>
				<misses>1217001</misses>
				<total>4</total>
				<timestamp>364.735067</timestamp>
			</report>
			<report>
				<misses>1218001</misses>
				<total>4</total>
				<timestamp>365.034767</timestamp>
			</report>
			<report>
				<misses>1219001</misses>
				<total>4</total>
				<timestamp>365.334537</timestamp>
			</report>
			<report>
				<misses>1220001</misses>
				<total>3</total>
				<timestamp>365.634345</timestamp>
			</report>
			<report>
				<misses>1221001</misses>
				<total>3</total>
				<timestamp>365.933975</timestamp>
			</report>
			<report>
				<misses>1222001</misses>
				<total>4</total>
				<timestamp>366.233611</timestamp>
			</report>
			<report>
				<misses>1223001</misses>
				<total>4</total>
				<timestamp>366.533266</timestamp>
			</report>
			<report>
				<misses>1224001</misses>
				<total>4</total>
				<timestamp>366.832977</timestamp>
			</report>
			<report>
				<misses>1225001</misses>
				<total>4</total>
				<timestamp>367.132726</timestamp>
			</report>
			<report>
				<misses>1226001</misses>
				<total>4</total>
				<timestamp>367.432375</timestamp>
			</report>
			<report>
				<misses>1227001</misses>
				<total>4</total>
				<timestamp>367.732075</timestamp>
			</report>
			<report>
				<misses>1228001</misses>
				<total>4</total>
				<timestamp>368.031770</timestamp>
			</report>
			<report>
				<misses>1229001</misses>
				<total>4</total>
				<timestamp>368.331531</timestamp>
			</report>
			<report>
				<misses>1230001</misses>
				<total>4</total>
				<timestamp>368.631167</timestamp>
			</report>
			<report>
				<misses>1231001</misses>
				<total>4</total>
				<timestamp>368.930870</timestamp>
			</report>
			<report>
				<misses>1232001</misses>
				<total>4</total>
				<timestamp>369.230586</timestamp>
			</report>
			<report>
				<misses>1233001</misses>
				<total>4</total>
				<timestamp>369.530296</timestamp>
			</report>
			<report>
				<misses>1234001</misses>
				<total>4</total>
				<timestamp>369.830005</timestamp>
			</report>
			<report>
				<misses>1235001</misses>
				<total>4</total>
				<timestamp>370.129672</timestamp>
			</report>
			<report>
				<misses>1236001</misses>
				<total>4</total>
				<timestamp>370.429391</timestamp>
			</report>
			<report>
				<misses>1237001</misses>
				<total>4</total>
				<timestamp>370.729124</timestamp>
			</report>
			<report>
				<misses>1238001</misses>
				<total>4</total>
				<timestamp>371.028778</timestamp>
			</report>
			<report>
				<misses>1239001</misses>
				<total>4</total>
				<timestamp>371.328558</timestamp>
			</report>
			<report>
				<misses>1240001</misses>
				<total>4</total>
				<timestamp>371.628302</timestamp>
			</report>
			<report>
				<misses>1241001</misses>
				<total>4</total>
				<timestamp>371.927886</timestamp>
			</report>
			<report>
				<misses>1242001</misses>
				<total>4</total>
				<timestamp>372.227621</timestamp>
			</report>
			<report>
				<misses>1243001</misses>
				<total>4</total>
				<timestamp>372.527299</timestamp>
			</report>
			<report>
				<misses>1244001</misses>
				<total>4</total>
				<timestamp>372.827018</timestamp>
			</report>
			<report>
				<misses>1245001</misses>
				<total>4</total>
				<timestamp>373.126676</timestamp>
			</report>
			<report>
				<misses>1246001</misses>
				<total>4</total>
				<timestamp>373.426360</timestamp>
			</report>
			<report>
				<misses>1247001</misses>
				<total>4</total>
				<timestamp>373.726143</timestamp>
			</report>
			<report>
				<misses>1248001</misses>
				<total>4</total>
				<timestamp>374.025775</timestamp>
			</report>
			<report>
				<misses>1249001</misses>
				<total>4</total>
				<timestamp>374.325467</timestamp>
			</report>
			<report>
				<misses>1250001</misses>
				<total>4</total>
				<timestamp>374.625201</timestamp>
			</report>
			<report>
				<misses>1251001</misses>
				<total>4</total>
				<timestamp>374.924874</timestamp>
			</report>
			<report>
				<misses>1252001</misses>
				<total>4</total>
				<timestamp>375.224594</timestamp>
			</report>
			<report>
				<misses>1253001</misses>
				<total>4</total>
				<timestamp>375.524303</timestamp>
			</report>
			<report>
				<misses>1254001</misses>
				<total>4</total>
				<timestamp>375.823968</timestamp>
			</report>
			<report>
				<misses>1255001</misses>
				<total>4</total>
				<timestamp>376.123726</timestamp>
			</report>
			<report>
				<misses>1256001</misses>
				<total>4</total>
				<timestamp>376.423383</timestamp>
			</report>
			<report>
				<misses>1257001</misses>
				<total>4</total>
				<timestamp>376.723075</timestamp>
			</report>
			<report>
				<misses>1258001</misses>
				<total>4</total>
				<timestamp>377.022770</timestamp>
			</report>
			<report>
				<misses>1259001</misses>
				<total>4</total>
				<timestamp>377.322542</timestamp>
			</report>
			<report>
				<misses>1260001</misses>
				<total>4</total>
				<timestamp>377.622194</timestamp>
			</report>
			<report>
				<misses>1261001</misses>
				<total>4</total>
				<timestamp>377.921877</timestamp>
			</report>
			<report>
				<misses>1262001</misses>
				<total>4</total>
				<timestamp>378.221613</timestamp>
			</report>
			<report>
				<misses>1263001</misses>
				<total>4</total>
				<timestamp>378.521322</timestamp>
			</report>
			<report>
				<misses>1264001</misses>
				<total>4</total>
				<timestamp>378.820990</timestamp>
			</report>
			<report>
				<misses>1265001</misses>
				<total>4</total>
				<timestamp>379.120664</timestamp>
			</report>
			<report>
				<misses>1266001</misses>
				<total>4</total>
				<timestamp>379.420443</timestamp>
			</report>
			<report>
				<misses>1267001</misses>
				<total>4</total>
				<timestamp>379.720073</timestamp>
			</report>
			<report>
				<misses>1268001</misses>
				<total>4</total>
				<timestamp>380.019790</timestamp>
			</report>
			<report>
				<misses>1269001</misses>
				<total>4</total>
				<timestamp>380.319477</timestamp>
			</report>
			<report>
				<misses>1270001</misses>
				<total>4</total>
				<timestamp>380.619179</timestamp>
			</report>
			<report>
				<misses>1271001</misses>
				<total>4</total>
				<timestamp>380.918926</timestamp>
			</report>
			<report>
				<misses>1272001</misses>
				<total>4</total>
				<timestamp>381.218574</timestamp>
			</report>
			<report>
				<misses>1273001</misses>
				<total>4</total>
				<timestamp>381.518272</timestamp>
			</report>
			<report>
				<misses>1274001</misses>
				<total>4</total>
				<timestamp>381.817997</timestamp>
			</report>
			<report>
				<misses>1275001</misses>
				<total>4</total>
				<timestamp>382.117674</timestamp>
			</report>
			<report>
				<misses>1276001</misses>
				<total>4</total>
				<timestamp>382.417438</timestamp>
			</report>
			<report>
				<misses>1277001</misses>
				<total>4</total>
				<timestamp>382.717051</timestamp>
			</report>
			<report>
				<misses>1278001</misses>
				<total>4</total>
				<timestamp>383.016763</timestamp>
			</report>
			<report>
				<misses>1279001</misses>
				<total>4</total>
				<timestamp>383.316466</timestamp>
			</report>
			<report>
				<misses>1280001</misses>
				<total>4</total>
				<timestamp>383.616194</timestamp>
			</report>
			<report>
				<misses>1281001</misses>
				<total>4</total>
				<timestamp>383.915869</timestamp>
			</report>
			<report>
				<misses>1282001</misses>
				<total>4</total>
				<timestamp>384.215568</timestamp>
			</report>
			<report>
				<misses>1283001</misses>
				<total>4</total>
				<timestamp>384.515306</timestamp>
			</report>
			<report>
				<misses>1284001</misses>
				<total>4</total>
				<timestamp>384.814990</timestamp>
			</report>
			<report>
				<misses>1285001</misses>
				<total>4</total>
				<timestamp>385.114675</timestamp>
			</report>
			<report>
				<misses>1286001</misses>
				<total>4</total>
				<timestamp>385.414431</timestamp>
			</report>
			<report>
				<misses>1287001</misses>
				<total>4</total>
				<timestamp>385.714214</timestamp>
			</report>
			<report>
				<misses>1288001</misses>
				<total>4</total>
				<timestamp>386.013778</timestamp>
			</report>
			<report>
				<misses>1289001</misses>
				<total>4</total>
				<timestamp>386.313526</timestamp>
			</report>
			<report>
				<misses>1290001</misses>
				<total>4</total>
				<timestamp>386.613209</timestamp>
			</report>
			<report>
				<misses>1291001</misses>
				<total>3</total>
				<timestamp>386.912967</timestamp>
			</report>
			<report>
				<misses>1292001</misses>
				<total>4</total>
				<timestamp>387.212648</timestamp>
			</report>
			<report>
				<misses>1293001</misses>
				<total>4</total>
				<timestamp>387.512289</timestamp>
			</report>
			<report>
				<misses>1294001</misses>
				<total>4</total>
				<timestamp>387.811985</timestamp>
			</report>
			<report>
				<misses>1295001</misses>
				<total>4</total>
				<timestamp>388.111675</timestamp>
			</report>
			<report>
				<misses>1296001</misses>
				<total>4</total>
				<timestamp>388.411430</timestamp>
			</report>
			<report>
				<misses>1297001</misses>
				<total>4</total>
				<timestamp>388.711072</timestamp>
			</report>
			<report>
				<misses>1298001</misses>
				<total>4</total>
				<timestamp>389.010777</timestamp>
			</report>
			<report>
				<misses>1299001</misses>
				<total>4</total>
				<timestamp>389.310488</timestamp>
			</report>
			<report>
				<misses>1300001</misses>
				<total>3</total>
				<timestamp>389.610278</timestamp>
			</report>
			<report>
				<misses>1301001</misses>
				<total>4</total>
				<timestamp>389.909876</timestamp>
			</report>
			<report>
				<misses>1302001</misses>
				<total>4</total>
				<timestamp>390.209571</timestamp>
			</report>
			<report>
				<misses>1303001</misses>
				<total>4</total>
				<timestamp>390.509266</timestamp>
			</report>
			<report>
				<misses>1304001</misses>
				<total>4</total>
				<timestamp>390.808983</timestamp>
			</report>
			<report>
				<misses>1305001</misses>
				<total>4</total>
				<timestamp>391.108692</timestamp>
			</report>
			<report>
				<misses>1306001</misses>
				<total>4</total>
				<timestamp>391.408365</timestamp>
			</report>
			<report>
				<misses>1307001</misses>
				<total>4</total>
				<timestamp>391.708060</timestamp>
			</report>
			<report>
				<misses>1308001</misses>
				<total>4</total>
				<timestamp>392.007846</timestamp>
			</report>
			<report>
				<misses>1309001</misses>
				<total>4</total>
				<timestamp>392.307487</timestamp>
			</report>
			<report>
				<misses>1310001</misses>
				<total>4</total>
				<timestamp>392.607247</timestamp>
			</report>
			<report>
				<misses>1311001</misses>
				<total>4</total>
				<timestamp>392.906874</timestamp>
			</report>
			<report>
				<misses>1312001</misses>
				<total>4</total>
				<timestamp>393.206613</timestamp>
			</report>
			<report>
				<misses>1313001</misses>
				<total>4</total>
				<timestamp>393.506288</timestamp>
			</report>
			<report>
				<misses>1314001</misses>
				<total>4</total>
				<timestamp>393.806035</timestamp>
			</report>
			<report>
				<misses>1315001</misses>
				<total>4</total>
				<timestamp>394.105677</timestamp>
			</report>
			<report>
				<misses>1316001</misses>
				<total>4</total>
				<timestamp>394.405438</timestamp>
			</report>
			<report>
				<misses>1317001</misses>
				<total>4</total>
				<timestamp>394.705092</timestamp>
			</report>
			<report>
				<misses>1318001</misses>
				<total>4</total>
				<timestamp>395.004771</timestamp>
			</report>
			<report>
				<misses>1319001</misses>
				<total>4</total>
				<timestamp>395.304518</timestamp>
			</report>
			<report>
				<misses>1320001</misses>
				<total>4</total>
				<timestamp>395.604207</timestamp>
			</report>
			<report>
				<misses>1321001</misses>
				<total>4</total>
				<timestamp>395.903882</timestamp>
			</report>
			<report>
				<misses>1322001</misses>
				<total>4</total>
				<timestamp>396.203582</timestamp>
			</report>
			<report>
				<misses>1323001</misses>
				<total>4</total>
				<timestamp>396.503303</timestamp>
			</report>
			<report>
				<misses>1324001</misses>
				<total>4</total>
				<timestamp>396.802984</timestamp>
			</report>
			<report>
				<misses>1325001</misses>
				<total>4</total>
				<timestamp>397.102740</timestamp>
			</report>
			<report>
				<misses>1326001</misses>
				<total>4</total>
				<timestamp>397.402375</timestamp>
			</report>
			<report>
				<misses>1327001</misses>
				<total>4</total>
				<timestamp>397.702074</timestamp>
			</report>
			<report>
				<misses>1328001</misses>
				<total>4</total>
				<timestamp>398.001793</timestamp>
			</report>
			<report>
				<misses>1329001</misses>
				<total>4</total>
				<timestamp>398.301525</timestamp>
			</report>
			<report>
				<misses>1330001</misses>
				<total>4</total>
				<timestamp>398.601196</timestamp>
			</report>
			<report>
				<misses>1331001</misses>
				<total>4</total>
				<timestamp>398.900875</timestamp>
			</report>
			<report>
				<misses>1332001</misses>
				<total>4</total>
				<timestamp>399.200576</timestamp>
			</report>
			<report>
				<misses>1333001</misses>
				<total>3</total>
				<timestamp>399.500357</timestamp>
			</report>
			<report>
				<misses>1334001</misses>
				<total>4</total>
				<timestamp>399.799998</timestamp>
			</report>
			<report>
				<misses>1335001</misses>
				<total>4</total>
				<timestamp>400.099707</timestamp>
			</report>
			<report>
				<misses>1336001</misses>
				<total>4</total>
				<timestamp>400.399366</timestamp>
			</report>
			<report>
				<misses>1337001</misses>
				<total>4</total>
				<timestamp>400.699127</timestamp>
			</report>
			<report>
				<misses>1338001</misses>
				<total>4</total>
				<timestamp>400.998771</timestamp>
			</report>
			<report>
				<misses>1339001</misses>
				<total>4</total>
				<timestamp>401.298522</timestamp>
			</report>
			<report>
				<misses>1340001</misses>
				<total>4</total>
				<timestamp>401.598190</timestamp>
			</report>
			<report>
				<misses>1341001</misses>
				<total>4</total>
				<timestamp>401.897870</timestamp>
			</report>
			<report>
				<misses>1342001</misses>
				<total>3</total>
				<timestamp>402.197698</timestamp>
			</report>
			<report>
				<misses>1343001</misses>
				<total>4</total>
				<timestamp>402.497264</timestamp>
			</report>
			<report>
				<misses>1344001</misses>
				<total>4</total>
				<timestamp>402.796965</timestamp>
			</report>
			<report>
				<misses>1345001</misses>
				<total>4</total>
				<timestamp>403.096677</timestamp>
			</report>
			<report>
				<misses>1346001</misses>
				<total>4</total>
				<timestamp>403.396369</timestamp>
			</report>
			<report>
				<misses>1347001</misses>
				<total>4</total>
				<timestamp>403.696116</timestamp>
			</report>
			<report>
				<misses>1348001</misses>
				<total>4</total>
				<timestamp>403.995765</timestamp>
			</report>
			<report>
				<misses>1349001</misses>
				<total>4</total>
				<timestamp>404.295524</timestamp>
			</report>
			<report>
				<misses>1350001</misses>
				<total>4</total>
				<timestamp>404.595175</timestamp>
			</report>
			<report>
				<misses>1351001</misses>
				<total>4</total>
				<timestamp>404.894887</timestamp>
			</report>
			<report>
				<misses>1352001</misses>
				<total>4</total>
				<timestamp>405.194571</timestamp>
			</report>
			<report>
				<misses>1353001</misses>
				<total>4</total>
				<timestamp>405.494295</timestamp>
			</report>
			<report>
				<misses>1354001</misses>
				<total>4</total>
				<timestamp>405.794009</timestamp>
			</report>
			<report>
				<misses>1355001</misses>
				<total>4</total>
				<timestamp>406.093660</timestamp>
			</report>
			<report>
				<misses>1356001</misses>
				<total>4</total>
				<timestamp>406.393452</timestamp>
			</report>
			<report>
				<misses>1357001</misses>
				<total>3</total>
				<timestamp>406.693180</timestamp>
			</report>
			<report>
				<misses>1358001</misses>
				<total>4</total>
				<timestamp>406.992770</timestamp>
			</report>
			<report>
				<misses>1359001</misses>
				<total>4</total>
				<timestamp>407.292487</timestamp>
			</report>
			<report>
				<misses>1360001</misses>
				<total>4</total>
				<timestamp>407.592221</timestamp>
			</report>
			<report>
				<misses>1361001</misses>
				<total>4</total>
				<timestamp>407.891887</timestamp>
			</report>
			<report>
				<misses>1362001</misses>
				<total>4</total>
				<timestamp>408.191577</timestamp>
			</report>
			<report>
				<misses>1363001</misses>
				<total>4</total>
				<timestamp>408.491310</timestamp>
			</report>
			<report>
				<misses>1364001</misses>
				<total>4</total>
				<timestamp>408.790984</timestamp>
			</report>
			<report>
				<misses>1365001</misses>
				<total>4</total>
				<timestamp>409.090718</timestamp>
			</report>
			<report>
				<misses>1366001</misses>
				<total>4</total>
				<timestamp>409.390372</timestamp>
			</report>
			<report>
				<misses>1367001</misses>
				<total>4</total>
				<timestamp>409.690108</timestamp>
			</report>
			<report>
				<misses>1368001</misses>
				<total>4</total>
				<timestamp>409.989773</timestamp>
			</report>
			<report>
				<misses>1369001</misses>
				<total>4</total>
				<timestamp>410.289552</timestamp>
			</report>
			<report>
				<misses>1370001</misses>
				<total>4</total>
				<timestamp>410.589208</timestamp>
			</report>
			<report>
				<misses>1371001</misses>
				<total>3</total>
				<timestamp>410.888979</timestamp>
			</report>
			<report>
				<misses>1372001</misses>
				<total>4</total>
				<timestamp>411.188573</timestamp>
			</report>
			<report>
				<misses>1373001</misses>
				<total>4</total>
				<timestamp>411.488274</timestamp>
			</report>
			<report>
				<misses>1374001</misses>
				<total>4</total>
				<timestamp>411.788040</timestamp>
			</report>
			<report>
				<misses>1375001</misses>
				<total>4</total>
				<timestamp>412.087663</timestamp>
			</report>
			<report>
				<misses>1376001</misses>
				<total>4</total>
				<timestamp>412.387372</timestamp>
			</report>
			<report>
				<misses>1377001</misses>
				<total>4</total>
				<timestamp>412.687120</timestamp>
			</report>
			<report>
				<misses>1378001</misses>
				<total>4</total>
				<timestamp>412.986792</timestamp>
			</report>
			<report>
				<misses>1379001</misses>
				<total>4</total>
				<timestamp>413.286484</timestamp>
			</report>
			<report>
				<misses>1380001</misses>
				<total>4</total>
				<timestamp>413.586214</timestamp>
			</report>
			<report>
				<misses>1381001</misses>
				<total>4</total>
				<timestamp>413.885927</timestamp>
			</report>
			<report>
				<misses>1382001</misses>
				<total>4</total>
				<timestamp>414.185573</timestamp>
			</report>
			<report>
				<misses>1383001</misses>
				<total>4</total>
				<timestamp>414.485265</timestamp>
			</report>
			<report>
				<misses>1384001</misses>
				<total>4</total>
				<timestamp>414.785070</timestamp>
			</report>
			<report>
				<misses>1385001</misses>
				<total>4</total>
				<timestamp>415.084670</timestamp>
			</report>
			<report>
				<misses>1386001</misses>
				<total>4</total>
				<timestamp>415.384440</timestamp>
			</report>
			<report>
				<misses>1387001</misses>
				<total>4</total>
				<timestamp>415.684075</timestamp>
			</report>
			<report>
				<misses>1388001</misses>
				<total>4</total>
				<timestamp>415.983767</timestamp>
			</report>
			<report>
				<misses>1389001</misses>
				<total>4</total>
				<timestamp>416.283466</timestamp>
			</report>
			<report>
				<misses>1390001</misses>
				<total>4</total>
				<timestamp>416.583185</timestamp>
			</report>
			<report>
				<misses>1391001</misses>
				<total>4</total>
				<timestamp>416.882881</timestamp>
			</report>
			<report>
				<misses>1392001</misses>
				<total>4</total>
				<timestamp>417.182587</timestamp>
			</report>
			<report>
				<misses>1393001</misses>
				<total>4</total>
				<timestamp>417.482326</timestamp>
			</report>
			<report>
				<misses>1394001</misses>
				<total>4</total>
				<timestamp>417.782043</timestamp>
			</report>
			<report>
				<misses>1395001</misses>
				<total>4</total>
				<timestamp>418.081728</timestamp>
			</report>
			<report>
				<misses>1396001</misses>
				<total>4</total>
				<timestamp>418.381390</timestamp>
			</report>
			<report>
				<misses>1397001</misses>
				<total>4</total>
				<timestamp>418.681084</timestamp>
			</report>
			<report>
				<misses>1398001</misses>
				<total>4</total>
				<timestamp>418.980829</timestamp>
			</report>
			<report>
				<misses>1399001</misses>
				<total>4</total>
				<timestamp>419.280477</timestamp>
			</report>
			<report>
				<misses>1400001</misses>
				<total>4</total>
				<timestamp>419.580192</timestamp>
			</report>
			<report>
				<misses>1401001</misses>
				<total>4</total>
				<timestamp>419.879893</timestamp>
			</report>
			<report>
				<misses>1402001</misses>
				<total>3</total>
				<timestamp>420.179715</timestamp>
			</report>
			<report>
				<misses>1403001</misses>
				<total>4</total>
				<timestamp>420.479328</timestamp>
			</report>
			<report>
				<misses>1404001</misses>
				<total>4</total>
				<timestamp>420.779082</timestamp>
			</report>
			<report>
				<misses>1405001</misses>
				<total>4</total>
				<timestamp>421.078731</timestamp>
			</report>
			<report>
				<misses>1406001</misses>
				<total>4</total>
				<timestamp>421.378375</timestamp>
			</report>
			<report>
				<misses>1407001</misses>
				<total>4</total>
				<timestamp>421.678090</timestamp>
			</report>
			<report>
				<misses>1408001</misses>
				<total>4</total>
				<timestamp>421.977775</timestamp>
			</report>
			<report>
				<misses>1409001</misses>
				<total>4</total>
				<timestamp>422.277481</timestamp>
			</report>
			<report>
				<misses>1410001</misses>
				<total>4</total>
				<timestamp>422.577249</timestamp>
			</report>
			<report>
				<misses>1411001</misses>
				<total>4</total>
				<timestamp>422.876982</timestamp>
			</report>
			<report>
				<misses>1412001</misses>
				<total>4</total>
				<timestamp>423.176565</timestamp>
			</report>
			<report>
				<misses>1413001</misses>
				<total>4</total>
				<timestamp>423.476342</timestamp>
			</report>
			<report>
				<misses>1414001</misses>
				<total>4</total>
				<timestamp>423.776020</timestamp>
			</report>
			<report>
				<misses>1415001</misses>
				<total>4</total>
				<timestamp>424.075675</timestamp>
			</report>
			<report>
				<misses>1416001</misses>
				<total>4</total>
				<timestamp>424.375367</timestamp>
			</report>
			<report>
				<misses>1417001</misses>
				<total>4</total>
				<timestamp>424.675129</timestamp>
			</report>
			<report>
				<misses>1418001</misses>
				<total>4</total>
				<timestamp>424.974765</timestamp>
			</report>
			<report>
				<misses>1419001</misses>
				<total>4</total>
				<timestamp>425.274469</timestamp>
			</report>
			<report>
				<misses>1420001</misses>
				<total>4</total>
				<timestamp>425.574157</timestamp>
			</report>
			<report>
				<misses>1421001</misses>
				<total>4</total>
				<timestamp>425.873882</timestamp>
			</report>
			<report>
				<misses>1422001</misses>
				<total>4</total>
				<timestamp>426.173574</timestamp>
			</report>
			<report>
				<misses>1423001</misses>
				<total>4</total>
				<timestamp>426.473302</timestamp>
			</report>
			<report>
				<misses>1424001</misses>
				<total>4</total>
				<timestamp>426.773032</timestamp>
			</report>
			<report>
				<misses>1425001</misses>
				<total>4</total>
				<timestamp>427.072651</timestamp>
			</report>
			<report>
				<misses>1426001</misses>
				<total>4</total>
				<timestamp>427.372381</timestamp>
			</report>
			<report>
				<misses>1427001</misses>
				<total>4</total>
				<timestamp>427.672090</timestamp>
			</report>
			<report>
				<misses>1428001</misses>
				<total>4</total>
				<timestamp>427.971789</timestamp>
			</report>
			<report>
				<misses>1429001</misses>
				<total>4</total>
				<timestamp>428.271466</timestamp>
			</report>
			<report>
				<misses>1430001</misses>
				<total>4</total>
				<timestamp>428.571224</timestamp>
			</report>
			<report>
				<misses>1431001</misses>
				<total>4</total>
				<timestamp>428.870969</timestamp>
			</report>
			<report>
				<misses>1432001</misses>
				<total>4</total>
				<timestamp>429.170610</timestamp>
			</report>
			<report>
				<misses>1433001</misses>
				<total>3</total>
				<timestamp>429.470378</timestamp>
			</report>
			<report>
				<misses>1434001</misses>
				<total>4</total>
				<timestamp>429.770017</timestamp>
			</report>
			<report>
				<misses>1435001</misses>
				<total>4</total>
				<timestamp>430.069668</timestamp>
			</report>
			<report>
				<misses>1436001</misses>
				<total>4</total>
				<timestamp>430.369445</timestamp>
			</report>
			<report>
				<misses>1437001</misses>
				<total>4</total>
				<timestamp>430.669096</timestamp>
			</report>
			<report>
				<misses>1438001</misses>
				<total>4</total>
				<timestamp>430.968784</timestamp>
			</report>
			<report>
				<misses>1439001</misses>
				<total>4</total>
				<timestamp>431.268475</timestamp>
			</report>
			<report>
				<misses>1440001</misses>
				<total>4</total>
				<timestamp>431.568178</timestamp>
			</report>
			<report>
				<misses>1441001</misses>
				<total>4</total>
				<timestamp>431.867883</timestamp>
			</report>
			<report>
				<misses>1442001</misses>
				<total>4</total>
				<timestamp>432.167569</timestamp>
			</report>
			<report>
				<misses>1443001</misses>
				<total>4</total>
				<timestamp>432.467267</timestamp>
			</report>
			<report>
				<misses>1444001</misses>
				<total>4</total>
				<timestamp>432.767044</timestamp>
			</report>
			<report>
				<misses>1445001</misses>
				<total>4</total>
				<timestamp>433.066674</timestamp>
			</report>
			<report>
				<misses>1446001</misses>
				<total>4</total>
				<timestamp>433.366384</timestamp>
			</report>
			<report>
				<misses>1447001</misses>
				<total>4</total>
				<timestamp>433.666076</timestamp>
			</report>
			<report>
				<misses>1448001</misses>
				<total>4</total>
				<timestamp>433.965780</timestamp>
			</report>
			<report>
				<misses>1449001</misses>
				<total>4</total>
				<timestamp>434.265467</timestamp>
			</report>
			<report>
				<misses>1450001</misses>
				<total>4</total>
				<timestamp>434.565246</timestamp>
			</report>
			<report>
				<misses>1451001</misses>
				<total>4</total>
				<timestamp>434.864886</timestamp>
			</report>
			<report>
				<misses>1452001</misses>
				<total>4</total>
				<timestamp>435.164616</timestamp>
			</report>
			<report>
				<misses>1453001</misses>
				<total>4</total>
				<timestamp>435.464297</timestamp>
			</report>
			<report>
				<misses>1454001</misses>
				<total>4</total>
				<timestamp>435.764024</timestamp>
			</report>
			<report>
				<misses>1455001</misses>
				<total>4</total>
				<timestamp>436.063679</timestamp>
			</report>
			<report>
				<misses>1456001</misses>
				<total>5</total>
				<timestamp>436.363377</timestamp>
			</report>
			<report>
				<misses>1457001</misses>
				<total>5</total>
				<timestamp>436.663116</timestamp>
			</report>
			<report>
				<misses>1458001</misses>
				<total>5</total>
				<timestamp>436.962769</timestamp>
			</report>
			<report>
				<misses>1459001</misses>
				<total>5</total>
				<timestamp>437.262486</timestamp>
			</report>
			<report>
				<misses>1460001</misses>
				<total>5</total>
				<timestamp>437.562204</timestamp>
			</report>
			<report>
				<misses>1461001</misses>
				<total>5</total>
				<timestamp>437.861907</timestamp>
			</report>
			<report>
				<misses>1462001</misses>
				<total>5</total>
				<timestamp>438.161563</timestamp>
			</report>
			<report>
				<misses>1463001</misses>
				<total>5</total>
				<timestamp>438.461361</timestamp>
			</report>
			<report>
				<misses>1464001</misses>
				<total>5</total>
				<timestamp>438.761040</timestamp>
			</report>
			<report>
				<misses>1465001</misses>
				<total>5</total>
				<timestamp>439.060662</timestamp>
			</report>
			<report>
				<misses>1466001</misses>
				<total>5</total>
				<timestamp>439.360367</timestamp>
			</report>
			<report>
				<misses>1467001</misses>
				<total>5</total>
				<timestamp>439.660064</timestamp>
			</report>
			<report>
				<misses>1468001</misses>
				<total>5</total>
				<timestamp>439.959770</timestamp>
			</report>
			<report>
				<misses>1469001</misses>
				<total>5</total>
				<timestamp>440.259553</timestamp>
			</report>
			<report>
				<misses>1470001</misses>
				<total>5</total>
				<timestamp>440.559236</timestamp>
			</report>
			<report>
				<misses>1471001</misses>
				<total>5</total>
				<timestamp>440.858884</timestamp>
			</report>
			<report>
				<misses>1472001</misses>
				<total>5</total>
				<timestamp>441.158561</timestamp>
			</report>
			<report>
				<misses>1473001</misses>
				<total>5</total>
				<timestamp>441.458265</timestamp>
			</report>
			<report>
				<misses>1474001</misses>
				<total>5</total>
				<timestamp>441.758036</timestamp>
			</report>
			<report>
				<misses>1475001</misses>
				<total>5</total>
				<timestamp>442.057686</timestamp>
			</report>
			<report>
				<misses>1476001</misses>
				<total>5</total>
				<timestamp>442.357457</timestamp>
			</report>
			<report>
				<misses>1477001</misses>
				<total>5</total>
				<timestamp>442.657067</timestamp>
			</report>
			<report>
				<misses>1478001</misses>
				<total>4</total>
				<timestamp>442.956892</timestamp>
			</report>
			<report>
				<misses>1479001</misses>
				<total>5</total>
				<timestamp>443.256467</timestamp>
			</report>
			<report>
				<misses>1480001</misses>
				<total>5</total>
				<timestamp>443.556168</timestamp>
			</report>
			<report>
				<misses>1481001</misses>
				<total>5</total>
				<timestamp>443.855914</timestamp>
			</report>
			<report>
				<misses>1482001</misses>
				<total>5</total>
				<timestamp>444.155565</timestamp>
			</report>
			<report>
				<misses>1483001</misses>
				<total>4</total>
				<timestamp>444.455394</timestamp>
			</report>
			<report>
				<misses>1484001</misses>
				<total>5</total>
				<timestamp>444.754996</timestamp>
			</report>
			<report>
				<misses>1485001</misses>
				<total>5</total>
				<timestamp>445.054659</timestamp>
			</report>
			<report>
				<misses>1486001</misses>
				<total>5</total>
				<timestamp>445.354368</timestamp>
			</report>
			<report>
				<misses>1487001</misses>
				<total>5</total>
				<timestamp>445.654064</timestamp>
			</report>
			<report>
				<misses>1488001</misses>
				<total>5</total>
				<timestamp>445.953770</timestamp>
			</report>
			<report>
				<misses>1489001</misses>
				<total>5</total>
				<timestamp>446.253517</timestamp>
			</report>
			<report>
				<misses>1490001</misses>
				<total>5</total>
				<timestamp>446.553223</timestamp>
			</report>
			<report>
				<misses>1491001</misses>
				<total>5</total>
				<timestamp>446.852878</timestamp>
			</report>
			<report>
				<misses>1492001</misses>
				<total>5</total>
				<timestamp>447.152561</timestamp>
			</report>
			<report>
				<misses>1493001</misses>
				<total>5</total>
				<timestamp>447.452256</timestamp>
			</report>
			<report>
				<misses>1494001</misses>
				<total>5</total>
				<timestamp>447.751980</timestamp>
			</report>
			<report>
				<misses>1495001</misses>
				<total>5</total>
				<timestamp>448.051682</timestamp>
			</report>
			<report>
				<misses>1496001</misses>
				<total>5</total>
				<timestamp>448.351423</timestamp>
			</report>
			<report>
				<misses>1497001</misses>
				<total>5</total>
				<timestamp>448.651070</timestamp>
			</report>
			<report>
				<misses>1498001</misses>
				<total>4</total>
				<timestamp>448.950868</timestamp>
			</report>
			<report>
				<misses>1499001</misses>
				<total>5</total>
				<timestamp>449.250504</timestamp>
			</report>
			<report>
				<misses>1500001</misses>
				<total>5</total>
				<timestamp>449.550175</timestamp>
			</report>
			<report>
				<misses>1501001</misses>
				<total>5</total>
				<timestamp>449.849885</timestamp>
			</report>
			<report>
				<misses>1502001</misses>
				<total>5</total>
				<timestamp>450.149595</timestamp>
			</report>
			<report>
				<misses>1503001</misses>
				<total>5</total>
				<timestamp>450.449265</timestamp>
			</report>
			<report>
				<misses>1504001</misses>
				<total>5</total>
				<timestamp>450.749028</timestamp>
			</report>
			<report>
				<misses>1505001</misses>
				<total>5</total>
				<timestamp>451.048685</timestamp>
			</report>
			<report>
				<misses>1506001</misses>
				<total>5</total>
				<timestamp>451.348448</timestamp>
			</report>
			<report>
				<misses>1507001</misses>
				<total>4</total>
				<timestamp>451.648185</timestamp>
			</report>
			<report>
				<misses>1508001</misses>
				<total>5</total>
				<timestamp>451.947789</timestamp>
			</report>
			<report>
				<misses>1509001</misses>
				<total>5</total>
				<timestamp>452.247480</timestamp>
			</report>
			<report>
				<misses>1510001</misses>
				<total>5</total>
				<timestamp>452.547178</timestamp>
			</report>
			<report>
				<misses>1511001</misses>
				<total>5</total>
				<timestamp>452.846891</timestamp>
			</report>
			<report>
				<misses>1512001</misses>
				<total>5</total>
				<timestamp>453.146604</timestamp>
			</report>
			<report>
				<misses>1513001</misses>
				<total>5</total>
				<timestamp>453.446321</timestamp>
			</report>
			<report>
				<misses>1514001</misses>
				<total>5</total>
				<timestamp>453.746000</timestamp>
			</report>
			<report>
				<misses>1515001</misses>
				<total>5</total>
				<timestamp>454.045674</timestamp>
			</report>
			<report>
				<misses>1516001</misses>
				<total>5</total>
				<timestamp>454.345394</timestamp>
			</report>
			<report>
				<misses>1517001</misses>
				<total>5</total>
				<timestamp>454.645116</timestamp>
			</report>
			<report>
				<misses>1518001</misses>
				<total>5</total>
				<timestamp>454.944795</timestamp>
			</report>
			<report>
				<misses>1519001</misses>
				<total>5</total>
				<timestamp>455.244471</timestamp>
			</report>
			<report>
				<misses>1520001</misses>
				<total>5</total>
				<timestamp>455.544242</timestamp>
			</report>
			<report>
				<misses>1521001</misses>
				<total>5</total>
				<timestamp>455.843902</timestamp>
			</report>
			<report>
				<misses>1522001</misses>
				<total>5</total>
				<timestamp>456.143570</timestamp>
			</report>
			<report>
				<misses>1523001</misses>
				<total>5</total>
				<timestamp>456.443270</timestamp>
			</report>
			<report>
				<misses>1524001</misses>
				<total>5</total>
				<timestamp>456.743037</timestamp>
			</report>
			<report>
				<misses>1525001</misses>
				<total>5</total>
				<timestamp>457.042818</timestamp>
			</report>
			<report>
				<misses>1526001</misses>
				<total>5</total>
				<timestamp>457.342369</timestamp>
			</report>
			<report>
				<misses>1527001</misses>
				<total>5</total>
				<timestamp>457.642159</timestamp>
			</report>
			<report>
				<misses>1528001</misses>
				<total>5</total>
				<timestamp>457.941831</timestamp>
			</report>
			<report>
				<misses>1529001</misses>
				<total>5</total>
				<timestamp>458.241493</timestamp>
			</report>
			<report>
				<misses>1530001</misses>
				<total>5</total>
				<timestamp>458.541217</timestamp>
			</report>
			<report>
				<misses>1531001</misses>
				<total>5</total>
				<timestamp>458.840900</timestamp>
			</report>
			<report>
				<misses>1532001</misses>
				<total>5</total>
				<timestamp>459.140567</timestamp>
			</report>
			<report>
				<misses>1533001</misses>
				<total>5</total>
				<timestamp>459.440308</timestamp>
			</report>
			<report>
				<misses>1534001</misses>
				<total>5</total>
				<timestamp>459.740035</timestamp>
			</report>
			<report>
				<misses>1535001</misses>
				<total>5</total>
				<timestamp>460.039670</timestamp>
			</report>
			<report>
				<misses>1536001</misses>
				<total>5</total>
				<timestamp>460.339362</timestamp>
			</report>
			<report>
				<misses>1537001</misses>
				<total>5</total>
				<timestamp>460.639068</timestamp>
			</report>
			<report>
				<misses>1538001</misses>
				<total>5</total>
				<timestamp>460.938796</timestamp>
			</report>
			<report>
				<misses>1539001</misses>
				<total>5</total>
				<timestamp>461.238470</timestamp>
			</report>
			<report>
				<misses>1540001</misses>
				<total>5</total>
				<timestamp>461.538257</timestamp>
			</report>
			<report>
				<misses>1541001</misses>
				<total>5</total>
				<timestamp>461.837936</timestamp>
			</report>
			<report>
				<misses>1542001</misses>
				<total>5</total>
				<timestamp>462.137672</timestamp>
			</report>
			<report>
				<misses>1543001</misses>
				<total>5</total>
				<timestamp>462.437339</timestamp>
			</report>
			<report>
				<misses>1544001</misses>
				<total>5</total>
				<timestamp>462.737020</timestamp>
			</report>
			<report>
				<misses>1545001</misses>
				<total>5</total>
				<timestamp>463.036700</timestamp>
			</report>
			<report>
				<misses>1546001</misses>
				<total>5</total>
				<timestamp>463.336376</timestamp>
			</report>
			<report>
				<misses>1547001</misses>
				<total>5</total>
				<timestamp>463.636108</timestamp>
			</report>
			<report>
				<misses>1548001</misses>
				<total>5</total>
				<timestamp>463.935787</timestamp>
			</report>
			<report>
				<misses>1549001</misses>
				<total>5</total>
				<timestamp>464.235458</timestamp>
			</report>
			<report>
				<misses>1550001</misses>
				<total>5</total>
				<timestamp>464.535161</timestamp>
			</report>
			<report>
				<misses>1551001</misses>
				<total>5</total>
				<timestamp>464.834877</timestamp>
			</report>
			<report>
				<misses>1552001</misses>
				<total>5</total>
				<timestamp>465.134562</timestamp>
			</report>
			<report>
				<misses>1553001</misses>
				<total>5</total>
				<timestamp>465.434278</timestamp>
			</report>
			<report>
				<misses>1554001</misses>
				<total>5</total>
				<timestamp>465.734058</timestamp>
			</report>
			<report>
				<misses>1555001</misses>
				<total>5</total>
				<timestamp>466.033663</timestamp>
			</report>
			<report>
				<misses>1556001</misses>
				<total>5</total>
				<timestamp>466.333375</timestamp>
			</report>
			<report>
				<misses>1557001</misses>
				<total>5</total>
				<timestamp>466.633149</timestamp>
			</report>
			<report>
				<misses>1558001</misses>
				<total>5</total>
				<timestamp>466.932842</timestamp>
			</report>
			<report>
				<misses>1559001</misses>
				<total>5</total>
				<timestamp>467.232504</timestamp>
			</report>
			<report>
				<misses>1560001</misses>
				<total>5</total>
				<timestamp>467.532225</timestamp>
			</report>
			<report>
				<misses>1561001</misses>
				<total>5</total>
				<timestamp>467.831879</timestamp>
			</report>
			<report>
				<misses>1562001</misses>
				<total>5</total>
				<timestamp>468.131567</timestamp>
			</report>
			<report>
				<misses>1563001</misses>
				<total>5</total>
				<timestamp>468.431275</timestamp>
			</report>
			<report>
				<misses>1564001</misses>
				<total>5</total>
				<timestamp>468.730980</timestamp>
			</report>
			<report>
				<misses>1565001</misses>
				<total>5</total>
				<timestamp>469.030699</timestamp>
			</report>
			<report>
				<misses>1566001</misses>
				<total>5</total>
				<timestamp>469.330371</timestamp>
			</report>
			<report>
				<misses>1567001</misses>
				<total>5</total>
				<timestamp>469.630137</timestamp>
			</report>
			<report>
				<misses>1568001</misses>
				<total>5</total>
				<timestamp>469.929802</timestamp>
			</report>
			<report>
				<misses>1569001</misses>
				<total>5</total>
				<timestamp>470.229485</timestamp>
			</report>
			<report>
				<misses>1570001</misses>
				<total>5</total>
				<timestamp>470.529187</timestamp>
			</report>
			<report>
				<misses>1571001</misses>
				<total>5</total>
				<timestamp>470.828948</timestamp>
			</report>
			<report>
				<misses>1572001</misses>
				<total>5</total>
				<timestamp>471.128593</timestamp>
			</report>
			<report>
				<misses>1573001</misses>
				<total>5</total>
				<timestamp>471.428266</timestamp>
			</report>
			<report>
				<misses>1574001</misses>
				<total>4</total>
				<timestamp>471.728078</timestamp>
			</report>
			<report>
				<misses>1575001</misses>
				<total>5</total>
				<timestamp>472.027713</timestamp>
			</report>
			<report>
				<misses>1576001</misses>
				<total>5</total>
				<timestamp>472.327396</timestamp>
			</report>
			<report>
				<misses>1577001</misses>
				<total>5</total>
				<timestamp>472.627080</timestamp>
			</report>
			<report>
				<misses>1578001</misses>
				<total>5</total>
				<timestamp>472.926820</timestamp>
			</report>
			<report>
				<misses>1579001</misses>
				<total>5</total>
				<timestamp>473.226477</timestamp>
			</report>
			<report>
				<misses>1580001</misses>
				<total>5</total>
				<timestamp>473.526198</timestamp>
			</report>
			<report>
				<misses>1581001</misses>
				<total>5</total>
				<timestamp>473.825882</timestamp>
			</report>
			<report>
				<misses>1582001</misses>
				<total>5</total>
				<timestamp>474.125594</timestamp>
			</report>
			<report>
				<misses>1583001</misses>
				<total>5</total>
				<timestamp>474.425296</timestamp>
			</report>
			<report>
				<misses>1584001</misses>
				<total>5</total>
				<timestamp>474.724974</timestamp>
			</report>
			<report>
				<misses>1585001</misses>
				<total>5</total>
				<timestamp>475.024692</timestamp>
			</report>
			<report>
				<misses>1586001</misses>
				<total>5</total>
				<timestamp>475.324365</timestamp>
			</report>
			<report>
				<misses>1587001</misses>
				<total>5</total>
				<timestamp>475.624120</timestamp>
			</report>
			<report>
				<misses>1588001</misses>
				<total>5</total>
				<timestamp>475.923803</timestamp>
			</report>
			<report>
				<misses>1589001</misses>
				<total>5</total>
				<timestamp>476.223463</timestamp>
			</report>
			<report>
				<misses>1590001</misses>
				<total>5</total>
				<timestamp>476.523161</timestamp>
			</report>
			<report>
				<misses>1591001</misses>
				<total>5</total>
				<timestamp>476.822881</timestamp>
			</report>
			<report>
				<misses>1592001</misses>
				<total>5</total>
				<timestamp>477.122613</timestamp>
			</report>
			<report>
				<misses>1593001</misses>
				<total>5</total>
				<timestamp>477.422272</timestamp>
			</report>
			<report>
				<misses>1594001</misses>
				<total>5</total>
				<timestamp>477.721995</timestamp>
			</report>
			<report>
				<misses>1595001</misses>
				<total>5</total>
				<timestamp>478.021691</timestamp>
			</report>
			<report>
				<misses>1596001</misses>
				<total>5</total>
				<timestamp>478.321416</timestamp>
			</report>
			<report>
				<misses>1597001</misses>
				<total>5</total>
				<timestamp>478.621082</timestamp>
			</report>
			<report>
				<misses>1598001</misses>
				<total>5</total>
				<timestamp>478.920797</timestamp>
			</report>
			<report>
				<misses>1599001</misses>
				<total>5</total>
				<timestamp>479.220494</timestamp>
			</report>
			<report>
				<misses>1600001</misses>
				<total>5</total>
				<timestamp>479.520173</timestamp>
			</report>
			<report>
				<misses>1601001</misses>
				<total>5</total>
				<timestamp>479.819870</timestamp>
			</report>
			<report>
				<misses>1602001</misses>
				<total>5</total>
				<timestamp>480.119590</timestamp>
			</report>
			<report>
				<misses>1603001</misses>
				<total>5</total>
				<timestamp>480.419279</timestamp>
			</report>
			<report>
				<misses>1604001</misses>
				<total>5</total>
				<timestamp>480.719003</timestamp>
			</report>
			<report>
				<misses>1605001</misses>
				<total>5</total>
				<timestamp>481.018693</timestamp>
			</report>
			<report>
				<misses>1606001</misses>
				<total>5</total>
				<timestamp>481.318425</timestamp>
			</report>
			<report>
				<misses>1607001</misses>
				<total>5</total>
				<timestamp>481.618078</timestamp>
			</report>
			<report>
				<misses>1608001</misses>
				<total>5</total>
				<timestamp>481.917776</timestamp>
			</report>
			<report>
				<misses>1609001</misses>
				<total>5</total>
				<timestamp>482.217493</timestamp>
			</report>
			<report>
				<misses>1610001</misses>
				<total>5</total>
				<timestamp>482.517176</timestamp>
			</report>
			<report>
				<misses>1611001</misses>
				<total>5</total>
				<timestamp>482.816880</timestamp>
			</report>
			<report>
				<misses>1612001</misses>
				<total>5</total>
				<timestamp>483.116633</timestamp>
			</report>
			<report>
				<misses>1613001</misses>
				<total>5</total>
				<timestamp>483.416287</timestamp>
			</report>
			<report>
				<misses>1614001</misses>
				<total>5</total>
				<timestamp>483.716054</timestamp>
			</report>
			<report>
				<misses>1615001</misses>
				<total>5</total>
				<timestamp>484.015684</timestamp>
			</report>
			<report>
				<misses>1616001</misses>
				<total>5</total>
				<timestamp>484.315391</timestamp>
			</report>
			<report>
				<misses>1617001</misses>
				<total>5</total>
				<timestamp>484.615158</timestamp>
			</report>
			<report>
				<misses>1618001</misses>
				<total>5</total>
				<timestamp>484.914771</timestamp>
			</report>
			<report>
				<misses>1619001</misses>
				<total>5</total>
				<timestamp>485.214466</timestamp>
			</report>
			<report>
				<misses>1620001</misses>
				<total>5</total>
				<timestamp>485.514165</timestamp>
			</report>
			<report>
				<misses>1621001</misses>
				<total>5</total>
				<timestamp>485.813960</timestamp>
			</report>
			<report>
				<misses>1622001</misses>
				<total>5</total>
				<timestamp>486.113607</timestamp>
			</report>
			<report>
				<misses>1623001</misses>
				<total>5</total>
				<timestamp>486.413268</timestamp>
			</report>
			<report>
				<misses>1624001</misses>
				<total>5</total>
				<timestamp>486.712981</timestamp>
			</report>
			<report>
				<misses>1625001</misses>
				<total>5</total>
				<timestamp>487.012744</timestamp>
			</report>
			<report>
				<misses>1626001</misses>
				<total>5</total>
				<timestamp>487.312358</timestamp>
			</report>
			<report>
				<misses>1627001</misses>
				<total>5</total>
				<timestamp>487.612155</timestamp>
			</report>
			<report>
				<misses>1628001</misses>
				<total>5</total>
				<timestamp>487.911790</timestamp>
			</report>
			<report>
				<misses>1629001</misses>
				<total>5</total>
				<timestamp>488.211467</timestamp>
			</report>
			<report>
				<misses>1630001</misses>
				<total>5</total>
				<timestamp>488.511164</timestamp>
			</report>
			<report>
				<misses>1631001</misses>
				<total>5</total>
				<timestamp>488.810905</timestamp>
			</report>
			<report>
				<misses>1632001</misses>
				<total>5</total>
				<timestamp>489.110619</timestamp>
			</report>
			<report>
				<misses>1633001</misses>
				<total>5</total>
				<timestamp>489.410302</timestamp>
			</report>
			<report>
				<misses>1634001</misses>
				<total>5</total>
				<timestamp>489.709996</timestamp>
			</report>
			<report>
				<misses>1635001</misses>
				<total>5</total>
				<timestamp>490.009714</timestamp>
			</report>
			<report>
				<misses>1636001</misses>
				<total>5</total>
				<timestamp>490.309367</timestamp>
			</report>
			<report>
				<misses>1637001</misses>
				<total>5</total>
				<timestamp>490.609073</timestamp>
			</report>
			<report>
				<misses>1638001</misses>
				<total>5</total>
				<timestamp>490.908766</timestamp>
			</report>
			<report>
				<misses>1639001</misses>
				<total>5</total>
				<timestamp>491.208483</timestamp>
			</report>
			<report>
				<misses>1640001</misses>
				<total>5</total>
				<timestamp>491.508201</timestamp>
			</report>
			<report>
				<misses>1641001</misses>
				<total>5</total>
				<timestamp>491.807930</timestamp>
			</report>
			<report>
				<misses>1642001</misses>
				<total>5</total>
				<timestamp>492.107618</timestamp>
			</report>
			<report>
				<misses>1643001</misses>
				<total>5</total>
				<timestamp>492.407274</timestamp>
			</report>
			<report>
				<misses>1644001</misses>
				<total>5</total>
				<timestamp>492.707012</timestamp>
			</report>
			<report>
				<misses>1645001</misses>
				<total>5</total>
				<timestamp>493.006696</timestamp>
			</report>
			<report>
				<misses>1646001</misses>
				<total>5</total>
				<timestamp>493.306373</timestamp>
			</report>
			<report>
				<misses>1647001</misses>
				<total>5</total>
				<timestamp>493.606076</timestamp>
			</report>
			<report>
				<misses>1648001</misses>
				<total>5</total>
				<timestamp>493.905778</timestamp>
			</report>
			<report>
				<misses>1649001</misses>
				<total>5</total>
				<timestamp>494.205492</timestamp>
			</report>
			<report>
				<misses>1650001</misses>
				<total>5</total>
				<timestamp>494.505243</timestamp>
			</report>
			<report>
				<misses>1651001</misses>
				<total>5</total>
				<timestamp>494.804880</timestamp>
			</report>
			<report>
				<misses>1652001</misses>
				<total>5</total>
				<timestamp>495.104598</timestamp>
			</report>
			<report>
				<misses>1653001</misses>
				<total>5</total>
				<timestamp>495.404284</timestamp>
			</report>
			<report>
				<misses>1654001</misses>
				<total>5</total>
				<timestamp>495.704000</timestamp>
			</report>
			<report>
				<misses>1655001</misses>
				<total>5</total>
				<timestamp>496.003671</timestamp>
			</report>
			<report>
				<misses>1656001</misses>
				<total>5</total>
				<timestamp>496.303388</timestamp>
			</report>
			<report>
				<misses>1657001</misses>
				<total>5</total>
				<timestamp>496.603126</timestamp>
			</report>
			<report>
				<misses>1658001</misses>
				<total>5</total>
				<timestamp>496.902768</timestamp>
			</report>
			<report>
				<misses>1659001</misses>
				<total>5</total>
				<timestamp>497.202514</timestamp>
			</report>
			<report>
				<misses>1660001</misses>
				<total>5</total>
				<timestamp>497.502174</timestamp>
			</report>
			<report>
				<misses>1661001</misses>
				<total>5</total>
				<timestamp>497.801891</timestamp>
			</report>
			<report>
				<misses>1662001</misses>
				<total>5</total>
				<timestamp>498.101591</timestamp>
			</report>
			<report>
				<misses>1663001</misses>
				<total>5</total>
				<timestamp>498.401342</timestamp>
			</report>
			<report>
				<misses>1664001</misses>
				<total>5</total>
				<timestamp>498.701038</timestamp>
			</report>
			<report>
				<misses>1665001</misses>
				<total>5</total>
				<timestamp>499.000678</timestamp>
			</report>
			<report>
				<misses>1666001</misses>
				<total>5</total>
				<timestamp>499.300391</timestamp>
			</report>
			<report>
				<misses>1667001</misses>
				<total>5</total>
				<timestamp>499.600107</timestamp>
			</report>
			<report>
				<misses>1668001</misses>
				<total>5</total>
				<timestamp>499.899779</timestamp>
			</report>
			<report>
				<misses>1669001</misses>
				<total>5</total>
				<timestamp>500.199509</timestamp>
			</report>
			<report>
				<misses>1670001</misses>
				<total>5</total>
				<timestamp>500.499232</timestamp>
			</report>
			<report>
				<misses>1671001</misses>
				<total>5</total>
				<timestamp>500.798870</timestamp>
			</report>
			<report>
				<misses>1672001</misses>
				<total>5</total>
				<timestamp>501.098565</timestamp>
			</report>
			<report>
				<misses>1673001</misses>
				<total>5</total>
				<timestamp>501.398276</timestamp>
			</report>
			<report>
				<misses>1674001</misses>
				<total>5</total>
				<timestamp>501.697983</timestamp>
			</report>
			<report>
				<misses>1675001</misses>
				<total>5</total>
				<timestamp>501.997686</timestamp>
			</report>
			<report>
				<misses>1676001</misses>
				<total>5</total>
				<timestamp>502.297458</timestamp>
			</report>
			<report>
				<misses>1677001</misses>
				<total>5</total>
				<timestamp>502.597064</timestamp>
			</report>
			<report>
				<misses>1678001</misses>
				<total>5</total>
				<timestamp>502.896777</timestamp>
			</report>
			<report>
				<misses>1679001</misses>
				<total>5</total>
				<timestamp>503.196565</timestamp>
			</report>
			<report>
				<misses>1680001</misses>
				<total>5</total>
				<timestamp>503.496161</timestamp>
			</report>
			<report>
				<misses>1681001</misses>
				<total>5</total>
				<timestamp>503.795955</timestamp>
			</report>
			<report>
				<misses>1682001</misses>
				<total>5</total>
				<timestamp>504.095577</timestamp>
			</report>
			<report>
				<misses>1683001</misses>
				<total>5</total>
				<timestamp>504.395283</timestamp>
			</report>
			<report>
				<misses>1684001</misses>
				<total>5</total>
				<timestamp>504.695039</timestamp>
			</report>
			<report>
				<misses>1685001</misses>
				<total>5</total>
				<timestamp>504.994680</timestamp>
			</report>
			<report>
				<misses>1686001</misses>
				<total>5</total>
				<timestamp>505.294366</timestamp>
			</report>
			<report>
				<misses>1687001</misses>
				<total>5</total>
				<timestamp>505.594074</timestamp>
			</report>
			<report>
				<misses>1688001</misses>
				<total>5</total>
				<timestamp>505.893769</timestamp>
			</report>
			<report>
				<misses>1689001</misses>
				<total>4</total>
				<timestamp>506.193575</timestamp>
			</report>
			<report>
				<misses>1690001</misses>
				<total>5</total>
				<timestamp>506.493239</timestamp>
			</report>
			<report>
				<misses>1691001</misses>
				<total>5</total>
				<timestamp>506.792877</timestamp>
			</report>
			<report>
				<misses>1692001</misses>
				<total>5</total>
				<timestamp>507.092577</timestamp>
			</report>
			<report>
				<misses>1693001</misses>
				<total>5</total>
				<timestamp>507.392278</timestamp>
			</report>
			<report>
				<misses>1694001</misses>
				<total>5</total>
				<timestamp>507.692005</timestamp>
			</report>
			<report>
				<misses>1695001</misses>
				<total>5</total>
				<timestamp>507.991683</timestamp>
			</report>
			<report>
				<misses>1696001</misses>
				<total>5</total>
				<timestamp>508.291470</timestamp>
			</report>
			<report>
				<misses>1697001</misses>
				<total>5</total>
				<timestamp>508.591063</timestamp>
			</report>
			<report>
				<misses>1698001</misses>
				<total>5</total>
				<timestamp>508.890764</timestamp>
			</report>
			<report>
				<misses>1699001</misses>
				<total>5</total>
				<timestamp>509.190477</timestamp>
			</report>
			<report>
				<misses>1700001</misses>
				<total>5</total>
				<timestamp>509.490170</timestamp>
			</report>
			<report>
				<misses>1701001</misses>
				<total>5</total>
				<timestamp>509.789946</timestamp>
			</report>
			<report>
				<misses>1702001</misses>
				<total>5</total>
				<timestamp>510.089578</timestamp>
			</report>
			<report>
				<misses>1703001</misses>
				<total>5</total>
				<timestamp>510.389272</timestamp>
			</report>
			<report>
				<misses>1704001</misses>
				<total>5</total>
				<timestamp>510.688983</timestamp>
			</report>
			<report>
				<misses>1705001</misses>
				<total>5</total>
				<timestamp>510.988709</timestamp>
			</report>
			<report>
				<misses>1706001</misses>
				<total>5</total>
				<timestamp>511.288466</timestamp>
			</report>
			<report>
				<misses>1707001</misses>
				<total>5</total>
				<timestamp>511.588073</timestamp>
			</report>
			<report>
				<misses>1708001</misses>
				<total>5</total>
				<timestamp>511.887838</timestamp>
			</report>
			<report>
				<misses>1709001</misses>
				<total>5</total>
				<timestamp>512.187471</timestamp>
			</report>
			<report>
				<misses>1710001</misses>
				<total>5</total>
				<timestamp>512.487174</timestamp>
			</report>
			<report>
				<misses>1711001</misses>
				<total>5</total>
				<timestamp>512.786875</timestamp>
			</report>
			<report>
				<misses>1712001</misses>
				<total>5</total>
				<timestamp>513.086594</timestamp>
			</report>
			<report>
				<misses>1713001</misses>
				<total>5</total>
				<timestamp>513.386264</timestamp>
			</report>
			<report>
				<misses>1714001</misses>
				<total>5</total>
				<timestamp>513.685974</timestamp>
			</report>
			<report>
				<misses>1715001</misses>
				<total>5</total>
				<timestamp>513.985693</timestamp>
			</report>
			<report>
				<misses>1716001</misses>
				<total>5</total>
				<timestamp>514.285409</timestamp>
			</report>
			<report>
				<misses>1717001</misses>
				<total>5</total>
				<timestamp>514.585082</timestamp>
			</report>
			<report>
				<misses>1718001</misses>
				<total>5</total>
				<timestamp>514.884772</timestamp>
			</report>
			<report>
				<misses>1719001</misses>
				<total>5</total>
				<timestamp>515.184502</timestamp>
			</report>
			<report>
				<misses>1720001</misses>
				<total>5</total>
				<timestamp>515.484168</timestamp>
			</report>
			<report>
				<misses>1721001</misses>
				<total>5</total>
				<timestamp>515.783943</timestamp>
			</report>
			<report>
				<misses>1722001</misses>
				<total>5</total>
				<timestamp>516.083567</timestamp>
			</report>
			<report>
				<misses>1723001</misses>
				<total>5</total>
				<timestamp>516.383312</timestamp>
			</report>
			<report>
				<misses>1724001</misses>
				<total>5</total>
				<timestamp>516.682980</timestamp>
			</report>
			<report>
				<misses>1725001</misses>
				<total>5</total>
				<timestamp>516.982666</timestamp>
			</report>
			<report>
				<misses>1726001</misses>
				<total>5</total>
				<timestamp>517.282413</timestamp>
			</report>
			<report>
				<misses>1727001</misses>
				<total>5</total>
				<timestamp>517.582087</timestamp>
			</report>
			<report>
				<misses>1728001</misses>
				<total>5</total>
				<timestamp>517.881764</timestamp>
			</report>
			<report>
				<misses>1729001</misses>
				<total>5</total>
				<timestamp>518.181492</timestamp>
			</report>
			<report>
				<misses>1730001</misses>
				<total>5</total>
				<timestamp>518.481195</timestamp>
			</report>
			<report>
				<misses>1731001</misses>
				<total>5</total>
				<timestamp>518.780894</timestamp>
			</report>
			<report>
				<misses>1732001</misses>
				<total>5</total>
				<timestamp>519.080566</timestamp>
			</report>
			<report>
				<misses>1733001</misses>
				<total>5</total>
				<timestamp>519.380281</timestamp>
			</report>
			<report>
				<misses>1734001</misses>
				<total>5</total>
				<timestamp>519.680001</timestamp>
			</report>
			<report>
				<misses>1735001</misses>
				<total>5</total>
				<timestamp>519.979718</timestamp>
			</report>
			<report>
				<misses>1736001</misses>
				<total>5</total>
				<timestamp>520.279430</timestamp>
			</report>
			<report>
				<misses>1737001</misses>
				<total>5</total>
				<timestamp>520.579098</timestamp>
			</report>
			<report>
				<misses>1738001</misses>
				<total>5</total>
				<timestamp>520.878831</timestamp>
			</report>
			<report>
				<misses>1739001</misses>
				<total>5</total>
				<timestamp>521.178522</timestamp>
			</report>
			<report>
				<misses>1740001</misses>
				<total>5</total>
				<timestamp>521.478214</timestamp>
			</report>
			<report>
				<misses>1741001</misses>
				<total>5</total>
				<timestamp>521.777911</timestamp>
			</report>
			<report>
				<misses>1742001</misses>
				<total>5</total>
				<timestamp>522.077576</timestamp>
			</report>
			<report>
				<misses>1743001</misses>
				<total>5</total>
				<timestamp>522.377280</timestamp>
			</report>
			<report>
				<misses>1744001</misses>
				<total>5</total>
				<timestamp>522.676971</timestamp>
			</report>
			<report>
				<misses>1745001</misses>
				<total>5</total>
				<timestamp>522.976753</timestamp>
			</report>
			<report>
				<misses>1746001</misses>
				<total>5</total>
				<timestamp>523.276413</timestamp>
			</report>
			<report>
				<misses>1747001</misses>
				<total>5</total>
				<timestamp>523.576085</timestamp>
			</report>
			<report>
				<misses>1748001</misses>
				<total>5</total>
				<timestamp>523.875860</timestamp>
			</report>
			<report>
				<misses>1749001</misses>
				<total>5</total>
				<timestamp>524.175518</timestamp>
			</report>
			<report>
				<misses>1750001</misses>
				<total>5</total>
				<timestamp>524.475168</timestamp>
			</report>
			<report>
				<misses>1751001</misses>
				<total>5</total>
				<timestamp>524.774927</timestamp>
			</report>
			<report>
				<misses>1752001</misses>
				<total>5</total>
				<timestamp>525.074605</timestamp>
			</report>
			<report>
				<misses>1753001</misses>
				<total>5</total>
				<timestamp>525.374271</timestamp>
			</report>
			<report>
				<misses>1754001</misses>
				<total>5</total>
				<timestamp>525.673990</timestamp>
			</report>
			<report>
				<misses>1755001</misses>
				<total>5</total>
				<timestamp>525.973671</timestamp>
			</report>
			<report>
				<misses>1756001</misses>
				<total>5</total>
				<timestamp>526.273441</timestamp>
			</report>
			<report>
				<misses>1757001</misses>
				<total>5</total>
				<timestamp>526.573062</timestamp>
			</report>
			<report>
				<misses>1758001</misses>
				<total>5</total>
				<timestamp>526.872774</timestamp>
			</report>
			<report>
				<misses>1759001</misses>
				<total>5</total>
				<timestamp>527.172477</timestamp>
			</report>
			<report>
				<misses>1760001</misses>
				<total>5</total>
				<timestamp>527.472168</timestamp>
			</report>
			<report>
				<misses>1761001</misses>
				<total>5</total>
				<timestamp>527.771937</timestamp>
			</report>
			<report>
				<misses>1762001</misses>
				<total>5</total>
				<timestamp>528.071577</timestamp>
			</report>
			<report>
				<misses>1763001</misses>
				<total>5</total>
				<timestamp>528.371371</timestamp>
			</report>
			<report>
				<misses>1764001</misses>
				<total>5</total>
				<timestamp>528.671054</timestamp>
			</report>
			<report>
				<misses>1765001</misses>
				<total>5</total>
				<timestamp>528.970698</timestamp>
			</report>
			<report>
				<misses>1766001</misses>
				<total>5</total>
				<timestamp>529.270421</timestamp>
			</report>
			<report>
				<misses>1767001</misses>
				<total>5</total>
				<timestamp>529.570157</timestamp>
			</report>
			<report>
				<misses>1768001</misses>
				<total>5</total>
				<timestamp>529.869805</timestamp>
			</report>
			<report>
				<misses>1769001</misses>
				<total>5</total>
				<timestamp>530.169483</timestamp>
			</report>
			<report>
				<misses>1770001</misses>
				<total>5</total>
				<timestamp>530.469170</timestamp>
			</report>
			<report>
				<misses>1771001</misses>
				<total>5</total>
				<timestamp>530.768884</timestamp>
			</report>
			<report>
				<misses>1772001</misses>
				<total>5</total>
				<timestamp>531.068581</timestamp>
			</report>
			<report>
				<misses>1773001</misses>
				<total>5</total>
				<timestamp>531.368280</timestamp>
			</report>
			<report>
				<misses>1774001</misses>
				<total>5</total>
				<timestamp>531.667997</timestamp>
			</report>
			<report>
				<misses>1775001</misses>
				<total>5</total>
				<timestamp>531.967751</timestamp>
			</report>
			<report>
				<misses>1776001</misses>
				<total>5</total>
				<timestamp>532.267388</timestamp>
			</report>
			<report>
				<misses>1777001</misses>
				<total>5</total>
				<timestamp>532.567071</timestamp>
			</report>
			<report>
				<misses>1778001</misses>
				<total>5</total>
				<timestamp>532.866787</timestamp>
			</report>
			<report>
				<misses>1779001</misses>
				<total>5</total>
				<timestamp>533.166477</timestamp>
			</report>
			<report>
				<misses>1780001</misses>
				<total>5</total>
				<timestamp>533.466179</timestamp>
			</report>
			<report>
				<misses>1781001</misses>
				<total>5</total>
				<timestamp>533.765876</timestamp>
			</report>
			<report>
				<misses>1782001</misses>
				<total>5</total>
				<timestamp>534.065574</timestamp>
			</report>
			<report>
				<misses>1783001</misses>
				<total>5</total>
				<timestamp>534.365332</timestamp>
			</report>
			<report>
				<misses>1784001</misses>
				<total>5</total>
				<timestamp>534.664982</timestamp>
			</report>
			<report>
				<misses>1785001</misses>
				<total>5</total>
				<timestamp>534.964671</timestamp>
			</report>
			<report>
				<misses>1786001</misses>
				<total>5</total>
				<timestamp>535.264386</timestamp>
			</report>
			<report>
				<misses>1787001</misses>
				<total>5</total>
				<timestamp>535.564075</timestamp>
			</report>
			<report>
				<misses>1788001</misses>
				<total>5</total>
				<timestamp>535.863822</timestamp>
			</report>
			<report>
				<misses>1789001</misses>
				<total>5</total>
				<timestamp>536.163483</timestamp>
			</report>
			<report>
				<misses>1790001</misses>
				<total>5</total>
				<timestamp>536.463176</timestamp>
			</report>
			<report>
				<misses>1791001</misses>
				<total>5</total>
				<timestamp>536.762899</timestamp>
			</report>
			<report>
				<misses>1792001</misses>
				<total>5</total>
				<timestamp>537.062589</timestamp>
			</report>
			<report>
				<misses>1793001</misses>
				<total>5</total>
				<timestamp>537.362319</timestamp>
			</report>
			<report>
				<misses>1794001</misses>
				<total>5</total>
				<timestamp>537.662019</timestamp>
			</report>
			<report>
				<misses>1795001</misses>
				<total>5</total>
				<timestamp>537.961670</timestamp>
			</report>
			<report>
				<misses>1796001</misses>
				<total>5</total>
				<timestamp>538.261387</timestamp>
			</report>
			<report>
				<misses>1797001</misses>
				<total>5</total>
				<timestamp>538.561088</timestamp>
			</report>
			<report>
				<misses>1798001</misses>
				<total>5</total>
				<timestamp>538.860794</timestamp>
			</report>
			<report>
				<misses>1799001</misses>
				<total>5</total>
				<timestamp>539.160461</timestamp>
			</report>
			<report>
				<misses>1800001</misses>
				<total>4</total>
				<timestamp>539.460292</timestamp>
			</report>
			<report>
				<misses>1801001</misses>
				<total>5</total>
				<timestamp>539.759907</timestamp>
			</report>
			<report>
				<misses>1802001</misses>
				<total>5</total>
				<timestamp>540.059577</timestamp>
			</report>
			<report>
				<misses>1803001</misses>
				<total>5</total>
				<timestamp>540.359281</timestamp>
			</report>
			<report>
				<misses>1804001</misses>
				<total>5</total>
				<timestamp>540.659005</timestamp>
			</report>
			<report>
				<misses>1805001</misses>
				<total>5</total>
				<timestamp>540.958679</timestamp>
			</report>
			<report>
				<misses>1806001</misses>
				<total>5</total>
				<timestamp>541.258385</timestamp>
			</report>
			<report>
				<misses>1807001</misses>
				<total>5</total>
				<timestamp>541.558061</timestamp>
			</report>
			<report>
				<misses>1808001</misses>
				<total>5</total>
				<timestamp>541.857786</timestamp>
			</report>
			<report>
				<misses>1809001</misses>
				<total>5</total>
				<timestamp>542.157466</timestamp>
			</report>
			<report>
				<misses>1810001</misses>
				<total>5</total>
				<timestamp>542.457197</timestamp>
			</report>
			<report>
				<misses>1811001</misses>
				<total>5</total>
				<timestamp>542.756903</timestamp>
			</report>
			<report>
				<misses>1812001</misses>
				<total>5</total>
				<timestamp>543.056567</timestamp>
			</report>
			<report>
				<misses>1813001</misses>
				<total>5</total>
				<timestamp>543.356288</timestamp>
			</report>
			<report>
				<misses>1814001</misses>
				<total>5</total>
				<timestamp>543.655968</timestamp>
			</report>
			<report>
				<misses>1815001</misses>
				<total>5</total>
				<timestamp>543.955769</timestamp>
			</report>
			<report>
				<misses>1816001</misses>
				<total>5</total>
				<timestamp>544.255428</timestamp>
			</report>
			<report>
				<misses>1817001</misses>
				<total>5</total>
				<timestamp>544.555062</timestamp>
			</report>
			<report>
				<misses>1818001</misses>
				<total>5</total>
				<timestamp>544.854768</timestamp>
			</report>
			<report>
				<misses>1819001</misses>
				<total>5</total>
				<timestamp>545.154476</timestamp>
			</report>
			<report>
				<misses>1820001</misses>
				<total>5</total>
				<timestamp>545.454294</timestamp>
			</report>
			<report>
				<misses>1821001</misses>
				<total>5</total>
				<timestamp>545.753884</timestamp>
			</report>
			<report>
				<misses>1822001</misses>
				<total>5</total>
				<timestamp>546.053572</timestamp>
			</report>
			<report>
				<misses>1823001</misses>
				<total>5</total>
				<timestamp>546.353301</timestamp>
			</report>
			<report>
				<misses>1824001</misses>
				<total>5</total>
				<timestamp>546.652980</timestamp>
			</report>
			<report>
				<misses>1825001</misses>
				<total>5</total>
				<timestamp>546.952684</timestamp>
			</report>
			<report>
				<misses>1826001</misses>
				<total>5</total>
				<timestamp>547.252376</timestamp>
			</report>
			<report>
				<misses>1827001</misses>
				<total>5</total>
				<timestamp>547.552080</timestamp>
			</report>
			<report>
				<misses>1828001</misses>
				<total>5</total>
				<timestamp>547.851847</timestamp>
			</report>
			<report>
				<misses>1829001</misses>
				<total>4</total>
				<timestamp>548.151625</timestamp>
			</report>
			<report>
				<misses>1830001</misses>
				<total>4</total>
				<timestamp>548.451333</timestamp>
			</report>
			<report>
				<misses>1831001</misses>
				<total>5</total>
				<timestamp>548.750920</timestamp>
			</report>
			<report>
				<misses>1832001</misses>
				<total>5</total>
				<timestamp>549.050564</timestamp>
			</report>
			<report>
				<misses>1833001</misses>
				<total>5</total>
				<timestamp>549.350286</timestamp>
			</report>
			<report>
				<misses>1834001</misses>
				<total>5</total>
				<timestamp>549.650013</timestamp>
			</report>
			<report>
				<misses>1835001</misses>
				<total>5</total>
				<timestamp>549.949656</timestamp>
			</report>
			<report>
				<misses>1836001</misses>
				<total>5</total>
				<timestamp>550.249398</timestamp>
			</report>
			<report>
				<misses>1837001</misses>
				<total>5</total>
				<timestamp>550.549123</timestamp>
			</report>
			<report>
				<misses>1838001</misses>
				<total>5</total>
				<timestamp>550.848793</timestamp>
			</report>
			<report>
				<misses>1839001</misses>
				<total>5</total>
				<timestamp>551.148485</timestamp>
			</report>
			<report>
				<misses>1840001</misses>
				<total>5</total>
				<timestamp>551.448168</timestamp>
			</report>
			<report>
				<misses>1841001</misses>
				<total>5</total>
				<timestamp>551.747911</timestamp>
			</report>
			<report>
				<misses>1842001</misses>
				<total>5</total>
				<timestamp>552.047649</timestamp>
			</report>
			<report>
				<misses>1843001</misses>
				<total>5</total>
				<timestamp>552.347361</timestamp>
			</report>
			<report>
				<misses>1844001</misses>
				<total>4</total>
				<timestamp>552.647127</timestamp>
			</report>
			<report>
				<misses>1845001</misses>
				<total>5</total>
				<timestamp>552.946680</timestamp>
			</report>
			<report>
				<misses>1846001</misses>
				<total>5</total>
				<timestamp>553.246370</timestamp>
			</report>
			<report>
				<misses>1847001</misses>
				<total>5</total>
				<timestamp>553.546064</timestamp>
			</report>
			<report>
				<misses>1848001</misses>
				<total>5</total>
				<timestamp>553.845775</timestamp>
			</report>
			<report>
				<misses>1849001</misses>
				<total>5</total>
				<timestamp>554.145494</timestamp>
			</report>
			<report>
				<misses>1850001</misses>
				<total>4</total>
				<timestamp>554.445284</timestamp>
			</report>
			<report>
				<misses>1851001</misses>
				<total>5</total>
				<timestamp>554.744867</timestamp>
			</report>
			<report>
				<misses>1852001</misses>
				<total>5</total>
				<timestamp>555.044624</timestamp>
			</report>
			<report>
				<misses>1853001</misses>
				<total>5</total>
				<timestamp>555.344301</timestamp>
			</report>
			<report>
				<misses>1854001</misses>
				<total>5</total>
				<timestamp>555.643984</timestamp>
			</report>
			<report>
				<misses>1855001</misses>
				<total>5</total>
				<timestamp>555.943747</timestamp>
			</report>
			<report>
				<misses>1856001</misses>
				<total>5</total>
				<timestamp>556.243362</timestamp>
			</report>
			<report>
				<misses>1857001</misses>
				<total>5</total>
				<timestamp>556.543161</timestamp>
			</report>
			<report>
				<misses>1858001</misses>
				<total>5</total>
				<timestamp>556.842777</timestamp>
			</report>
			<report>
				<misses>1859001</misses>
				<total>5</total>
				<timestamp>557.142515</timestamp>
			</report>
			<report>
				<misses>1860001</misses>
				<total>5</total>
				<timestamp>557.442225</timestamp>
			</report>
			<report>
				<misses>1861001</misses>
				<total>5</total>
				<timestamp>557.741871</timestamp>
			</report>
			<report>
				<misses>1862001</misses>
				<total>5</total>
				<timestamp>558.041598</timestamp>
			</report>
			<report>
				<misses>1863001</misses>
				<total>5</total>
				<timestamp>558.341292</timestamp>
			</report>
			<report>
				<misses>1864001</misses>
				<total>5</total>
				<timestamp>558.641044</timestamp>
			</report>
			<report>
				<misses>1865001</misses>
				<total>4</total>
				<timestamp>558.940791</timestamp>
			</report>
			<report>
				<misses>1866001</misses>
				<total>5</total>
				<timestamp>559.240394</timestamp>
			</report>
			<report>
				<misses>1867001</misses>
				<total>5</total>
				<timestamp>559.540187</timestamp>
			</report>
			<report>
				<misses>1868001</misses>
				<total>4</total>
				<timestamp>559.839868</timestamp>
			</report>
			<report>
				<misses>1869001</misses>
				<total>5</total>
				<timestamp>560.139475</timestamp>
			</report>
			<report>
				<misses>1870001</misses>
				<total>5</total>
				<timestamp>560.439189</timestamp>
			</report>
			<report>
				<misses>1871001</misses>
				<total>5</total>
				<timestamp>560.738870</timestamp>
			</report>
			<report>
				<misses>1872001</misses>
				<total>5</total>
				<timestamp>561.038567</timestamp>
			</report>
			<report>
				<misses>1873001</misses>
				<total>5</total>
				<timestamp>561.338290</timestamp>
			</report>
			<report>
				<misses>1874001</misses>
				<total>5</total>
				<timestamp>561.638014</timestamp>
			</report>
			<report>
				<misses>1875001</misses>
				<total>5</total>
				<timestamp>561.937684</timestamp>
			</report>
			<report>
				<misses>1876001</misses>
				<total>5</total>
				<timestamp>562.237379</timestamp>
			</report>
			<report>
				<misses>1877001</misses>
				<total>5</total>
				<timestamp>562.537111</timestamp>
			</report>
			<report>
				<misses>1878001</misses>
				<total>5</total>
				<timestamp>562.836780</timestamp>
			</report>
			<report>
				<misses>1879001</misses>
				<total>5</total>
				<timestamp>563.136462</timestamp>
			</report>
			<report>
				<misses>1880001</misses>
				<total>5</total>
				<timestamp>563.436181</timestamp>
			</report>
			<report>
				<misses>1881001</misses>
				<total>5</total>
				<timestamp>563.735870</timestamp>
			</report>
			<report>
				<misses>1882001</misses>
				<total>4</total>
				<timestamp>564.035659</timestamp>
			</report>
			<report>
				<misses>1883001</misses>
				<total>5</total>
				<timestamp>564.335266</timestamp>
			</report>
			<report>
				<misses>1884001</misses>
				<total>5</total>
				<timestamp>564.634997</timestamp>
			</report>
			<report>
				<misses>1885001</misses>
				<total>5</total>
				<timestamp>564.934755</timestamp>
			</report>
			<report>
				<misses>1886001</misses>
				<total>5</total>
				<timestamp>565.234371</timestamp>
			</report>
			<report>
				<misses>1887001</misses>
				<total>5</total>
				<timestamp>565.534101</timestamp>
			</report>
			<report>
				<misses>1888001</misses>
				<total>5</total>
				<timestamp>565.833784</timestamp>
			</report>
			<report>
				<misses>1889001</misses>
				<total>5</total>
				<timestamp>566.133467</timestamp>
			</report>
			<report>
				<misses>1890001</misses>
				<total>5</total>
				<timestamp>566.433210</timestamp>
			</report>
			<report>
				<misses>1891001</misses>
				<total>5</total>
				<timestamp>566.732863</timestamp>
			</report>
			<report>
				<misses>1892001</misses>
				<total>5</total>
				<timestamp>567.032583</timestamp>
			</report>
			<report>
				<misses>1893001</misses>
				<total>5</total>
				<timestamp>567.332297</timestamp>
			</report>
			<report>
				<misses>1894001</misses>
				<total>5</total>
				<timestamp>567.632075</timestamp>
			</report>
			<report>
				<misses>1895001</misses>
				<total>5</total>
				<timestamp>567.931753</timestamp>
			</report>
			<report>
				<misses>1896001</misses>
				<total>5</total>
				<timestamp>568.231364</timestamp>
			</report>
			<report>
				<misses>1897001</misses>
				<total>5</total>
				<timestamp>568.531159</timestamp>
			</report>
			<report>
				<misses>1898001</misses>
				<total>5</total>
				<timestamp>568.830775</timestamp>
			</report>
			<report>
				<misses>1899001</misses>
				<total>5</total>
				<timestamp>569.130498</timestamp>
			</report>
			<report>
				<misses>1900001</misses>
				<total>5</total>
				<timestamp>569.430255</timestamp>
			</report>
			<report>
				<misses>1901001</misses>
				<total>5</total>
				<timestamp>569.729872</timestamp>
			</report>
			<report>
				<misses>1902001</misses>
				<total>5</total>
				<timestamp>570.029610</timestamp>
			</report>
			<report>
				<misses>1903001</misses>
				<total>5</total>
				<timestamp>570.329362</timestamp>
			</report>
			<report>
				<misses>1904001</misses>
				<total>5</total>
				<timestamp>570.629003</timestamp>
			</report>
			<report>
				<misses>1905001</misses>
				<total>5</total>
				<timestamp>570.928749</timestamp>
			</report>
			<report>
				<misses>1906001</misses>
				<total>5</total>
				<timestamp>571.228370</timestamp>
			</report>
			<report>
				<misses>1907001</misses>
				<total>5</total>
				<timestamp>571.528104</timestamp>
			</report>
			<report>
				<misses>1908001</misses>
				<total>5</total>
				<timestamp>571.827772</timestamp>
			</report>
			<report>
				<misses>1909001</misses>
				<total>5</total>
				<timestamp>572.127511</timestamp>
			</report>
			<report>
				<misses>1910001</misses>
				<total>5</total>
				<timestamp>572.427212</timestamp>
			</report>
			<report>
				<misses>1911001</misses>
				<total>5</total>
				<timestamp>572.726866</timestamp>
			</report>
			<report>
				<misses>1912001</misses>
				<total>5</total>
				<timestamp>573.026621</timestamp>
			</report>
			<report>
				<misses>1913001</misses>
				<total>5</total>
				<timestamp>573.326268</timestamp>
			</report>
			<report>
				<misses>1914001</misses>
				<total>5</total>
				<timestamp>573.626088</timestamp>
			</report>
			<report>
				<misses>1915001</misses>
				<total>5</total>
				<timestamp>573.925681</timestamp>
			</report>
			<report>
				<misses>1916001</misses>
				<total>5</total>
				<timestamp>574.225363</timestamp>
			</report>
			<report>
				<misses>1917001</misses>
				<total>5</total>
				<timestamp>574.525121</timestamp>
			</report>
			<report>
				<misses>1918001</misses>
				<total>5</total>
				<timestamp>574.824796</timestamp>
			</report>
			<report>
				<misses>1919001</misses>
				<total>5</total>
				<timestamp>575.124537</timestamp>
			</report>
			<report>
				<misses>1920001</misses>
				<total>5</total>
				<timestamp>575.424190</timestamp>
			</report>
			<report>
				<misses>1921001</misses>
				<total>5</total>
				<timestamp>575.723950</timestamp>
			</report>
			<report>
				<misses>1922001</misses>
				<total>5</total>
				<timestamp>576.023646</timestamp>
			</report>
			<report>
				<misses>1923001</misses>
				<total>5</total>
				<timestamp>576.323284</timestamp>
			</report>
			<report>
				<misses>1924001</misses>
				<total>5</total>
				<timestamp>576.623022</timestamp>
			</report>
			<report>
				<misses>1925001</misses>
				<total>5</total>
				<timestamp>576.922765</timestamp>
			</report>
			<report>
				<misses>1926001</misses>
				<total>5</total>
				<timestamp>577.222375</timestamp>
			</report>
			<report>
				<misses>1927001</misses>
				<total>5</total>
				<timestamp>577.522126</timestamp>
			</report>
			<report>
				<misses>1928001</misses>
				<total>5</total>
				<timestamp>577.821764</timestamp>
			</report>
			<report>
				<misses>1929001</misses>
				<total>5</total>
				<timestamp>578.121466</timestamp>
			</report>
			<report>
				<misses>1930001</misses>
				<total>5</total>
				<timestamp>578.421239</timestamp>
			</report>
			<report>
				<misses>1931001</misses>
				<total>5</total>
				<timestamp>578.720899</timestamp>
			</report>
			<report>
				<misses>1932001</misses>
				<total>5</total>
				<timestamp>579.020575</timestamp>
			</report>
			<report>
				<misses>1933001</misses>
				<total>5</total>
				<timestamp>579.320275</timestamp>
			</report>
			<report>
				<misses>1934001</misses>
				<total>5</total>
				<timestamp>579.620014</timestamp>
			</report>
			<report>
				<misses>1935001</misses>
				<total>5</total>
				<timestamp>579.919673</timestamp>
			</report>
			<report>
				<misses>1936001</misses>
				<total>5</total>
				<timestamp>580.219372</timestamp>
			</report>
			<report>
				<misses>1937001</misses>
				<total>5</total>
				<timestamp>580.519080</timestamp>
			</report>
			<report>
				<misses>1938001</misses>
				<total>5</total>
				<timestamp>580.818773</timestamp>
			</report>
			<report>
				<misses>1939001</misses>
				<total>5</total>
				<timestamp>581.118489</timestamp>
			</report>
			<report>
				<misses>1940001</misses>
				<total>5</total>
				<timestamp>581.418251</timestamp>
			</report>
			<report>
				<misses>1941001</misses>
				<total>5</total>
				<timestamp>581.717878</timestamp>
			</report>
			<report>
				<misses>1942001</misses>
				<total>5</total>
				<timestamp>582.017565</timestamp>
			</report>
			<report>
				<misses>1943001</misses>
				<total>5</total>
				<timestamp>582.317288</timestamp>
			</report>
			<report>
				<misses>1944001</misses>
				<total>5</total>
				<timestamp>582.617065</timestamp>
			</report>
			<report>
				<misses>1945001</misses>
				<total>5</total>
				<timestamp>582.916690</timestamp>
			</report>
			<report>
				<misses>1946001</misses>
				<total>5</total>
				<timestamp>583.216405</timestamp>
			</report>
			<report>
				<misses>1947001</misses>
				<total>5</total>
				<timestamp>583.516082</timestamp>
			</report>
			<report>
				<misses>1948001</misses>
				<total>5</total>
				<timestamp>583.815759</timestamp>
			</report>
			<report>
				<misses>1949001</misses>
				<total>5</total>
				<timestamp>584.115533</timestamp>
			</report>
			<report>
				<misses>1950001</misses>
				<total>5</total>
				<timestamp>584.415165</timestamp>
			</report>
			<report>
				<misses>1951001</misses>
				<total>5</total>
				<timestamp>584.714914</timestamp>
			</report>
			<report>
				<misses>1952001</misses>
				<total>5</total>
				<timestamp>585.014589</timestamp>
			</report>
			<report>
				<misses>1953001</misses>
				<total>5</total>
				<timestamp>585.314285</timestamp>
			</report>
			<report>
				<misses>1954001</misses>
				<total>5</total>
				<timestamp>585.614020</timestamp>
			</report>
			<report>
				<misses>1955001</misses>
				<total>5</total>
				<timestamp>585.913658</timestamp>
			</report>
			<report>
				<misses>1956001</misses>
				<total>5</total>
				<timestamp>586.213365</timestamp>
			</report>
			<report>
				<misses>1957001</misses>
				<total>5</total>
				<timestamp>586.513064</timestamp>
			</report>
			<report>
				<misses>1958001</misses>
				<total>5</total>
				<timestamp>586.812767</timestamp>
			</report>
			<report>
				<misses>1959001</misses>
				<total>5</total>
				<timestamp>587.112534</timestamp>
			</report>
			<report>
				<misses>1960001</misses>
				<total>5</total>
				<timestamp>587.412172</timestamp>
			</report>
			<report>
				<misses>1961001</misses>
				<total>5</total>
				<timestamp>587.711865</timestamp>
			</report>
			<report>
				<misses>1962001</misses>
				<total>5</total>
				<timestamp>588.011564</timestamp>
			</report>
			<report>
				<misses>1963001</misses>
				<total>5</total>
				<timestamp>588.311275</timestamp>
			</report>
			<report>
				<misses>1964001</misses>
				<total>5</total>
				<timestamp>588.611031</timestamp>
			</report>
			<report>
				<misses>1965001</misses>
				<total>5</total>
				<timestamp>588.910671</timestamp>
			</report>
			<report>
				<misses>1966001</misses>
				<total>5</total>
				<timestamp>589.210472</timestamp>
			</report>
			<report>
				<misses>1967001</misses>
				<total>5</total>
				<timestamp>589.510110</timestamp>
			</report>
			<report>
				<misses>1968001</misses>
				<total>4</total>
				<timestamp>589.809875</timestamp>
			</report>
			<report>
				<misses>1969001</misses>
				<total>5</total>
				<timestamp>590.109555</timestamp>
			</report>
			<report>
				<misses>1970001</misses>
				<total>5</total>
				<timestamp>590.409244</timestamp>
			</report>
			<report>
				<misses>1971001</misses>
				<total>5</total>
				<timestamp>590.708871</timestamp>
			</report>
			<report>
				<misses>1972001</misses>
				<total>5</total>
				<timestamp>591.008595</timestamp>
			</report>
			<report>
				<misses>1973001</misses>
				<total>5</total>
				<timestamp>591.308293</timestamp>
			</report>
			<report>
				<misses>1974001</misses>
				<total>5</total>
				<timestamp>591.607987</timestamp>
			</report>
			<report>
				<misses>1975001</misses>
				<total>5</total>
				<timestamp>591.907676</timestamp>
			</report>
			<report>
				<misses>1976001</misses>
				<total>5</total>
				<timestamp>592.207380</timestamp>
			</report>
			<report>
				<misses>1977001</misses>
				<total>5</total>
				<timestamp>592.507085</timestamp>
			</report>
			<report>
				<misses>1978001</misses>
				<total>5</total>
				<timestamp>592.806783</timestamp>
			</report>
			<report>
				<misses>1979001</misses>
				<total>5</total>
				<timestamp>593.106484</timestamp>
			</report>
			<report>
				<misses>1980001</misses>
				<total>5</total>
				<timestamp>593.406177</timestamp>
			</report>
			<report>
				<misses>1981001</misses>
				<total>5</total>
				<timestamp>593.705917</timestamp>
			</report>
			<report>
				<misses>1982001</misses>
				<total>5</total>
				<timestamp>594.005585</timestamp>
			</report>
			<report>
				<misses>1983001</misses>
				<total>5</total>
				<timestamp>594.305273</timestamp>
			</report>
			<report>
				<misses>1984001</misses>
				<total>5</total>
				<timestamp>594.605018</timestamp>
			</report>
			<report>
				<misses>1985001</misses>
				<total>5</total>
				<timestamp>594.904704</timestamp>
			</report>
			<report>
				<misses>1986001</misses>
				<total>5</total>
				<timestamp>595.204443</timestamp>
			</report>
			<report>
				<misses>1987001</misses>
				<total>5</total>
				<timestamp>595.504134</timestamp>
			</report>
			<report>
				<misses>1988001</misses>
				<total>5</total>
				<timestamp>595.803776</timestamp>
			</report>
			<report>
				<misses>1989001</misses>
				<total>5</total>
				<timestamp>596.103498</timestamp>
			</report>
			<report>
				<misses>1990001</misses>
				<total>5</total>
				<timestamp>596.403253</timestamp>
			</report>
			<report>
				<misses>1991001</misses>
				<total>5</total>
				<timestamp>596.702929</timestamp>
			</report>
			<report>
				<misses>1992001</misses>
				<total>5</total>
				<timestamp>597.002574</timestamp>
			</report>
			<report>
				<misses>1993001</misses>
				<total>4</total>
				<timestamp>597.302401</timestamp>
			</report>
			<report>
				<misses>1994001</misses>
				<total>5</total>
				<timestamp>597.602058</timestamp>
			</report>
			<report>
				<misses>1995001</misses>
				<total>4</total>
				<timestamp>597.901775</timestamp>
			</report>
			<report>
				<misses>1996001</misses>
				<total>5</total>
				<timestamp>598.201403</timestamp>
			</report>
			<report>
				<misses>1997001</misses>
				<total>5</total>
				<timestamp>598.501092</timestamp>
			</report>
			<report>
				<misses>1998001</misses>
				<total>5</total>
				<timestamp>598.800780</timestamp>
			</report>
			<report>
				<misses>1999001</misses>
				<total>5</total>
				<timestamp>599.100563</timestamp>
			</report>
			<report>
				<misses>2000001</misses>
				<total>5</total>
				<timestamp>599.400190</timestamp>
			</report>
			<report>
				<misses>2001001</misses>
				<total>5</total>
				<timestamp>599.699949</timestamp>
			</report>
			<report>
				<misses>2002001</misses>
				<total>5</total>
				<timestamp>599.999608</timestamp>
			</report>
			<report>
				<misses>2003001</misses>
				<total>5</total>
				<timestamp>600.299270</timestamp>
			</report>
			<report>
				<misses>2004001</misses>
				<total>5</total>
				<timestamp>600.598991</timestamp>
			</report>
			<report>
				<misses>2005001</misses>
				<total>5</total>
				<timestamp>600.898668</timestamp>
			</report>
			<report>
				<misses>2006001</misses>
				<total>5</total>
				<timestamp>601.198373</timestamp>
			</report>
			<report>
				<misses>2007001</misses>
				<total>5</total>
				<timestamp>601.498067</timestamp>
			</report>
			<report>
				<misses>2008001</misses>
				<total>5</total>
				<timestamp>601.797779</timestamp>
			</report>
			<report>
				<misses>2009001</misses>
				<total>5</total>
				<timestamp>602.097556</timestamp>
			</report>
			<report>
				<misses>2010001</misses>
				<total>5</total>
				<timestamp>602.397181</timestamp>
			</report>
			<report>
				<misses>2011001</misses>
				<total>5</total>
				<timestamp>602.696938</timestamp>
			</report>
			<report>
				<misses>2012001</misses>
				<total>5</total>
				<timestamp>602.996643</timestamp>
			</report>
			<report>
				<misses>2013001</misses>
				<total>5</total>
				<timestamp>603.296265</timestamp>
			</report>
			<report>
				<misses>2014001</misses>
				<total>5</total>
				<timestamp>603.596016</timestamp>
			</report>
			<report>
				<misses>2015001</misses>
				<total>5</total>
				<timestamp>603.895663</timestamp>
			</report>
			<report>
				<misses>2016001</misses>
				<total>5</total>
				<timestamp>604.195373</timestamp>
			</report>
			<report>
				<misses>2017001</misses>
				<total>5</total>
				<timestamp>604.495100</timestamp>
			</report>
			<report>
				<misses>2018001</misses>
				<total>5</total>
				<timestamp>604.794788</timestamp>
			</report>
			<report>
				<misses>2019001</misses>
				<total>5</total>
				<timestamp>605.094476</timestamp>
			</report>
			<report>
				<misses>2020001</misses>
				<total>5</total>
				<timestamp>605.394180</timestamp>
			</report>
			<report>
				<misses>2021001</misses>
				<total>5</total>
				<timestamp>605.693885</timestamp>
			</report>
			<report>
				<misses>2022001</misses>
				<total>5</total>
				<timestamp>605.993583</timestamp>
			</report>
			<report>
				<misses>2023001</misses>
				<total>5</total>
				<timestamp>606.293281</timestamp>
			</report>
			<report>
				<misses>2024001</misses>
				<total>5</total>
				<timestamp>606.592979</timestamp>
			</report>
			<report>
				<misses>2025001</misses>
				<total>5</total>
				<timestamp>606.892665</timestamp>
			</report>
			<report>
				<misses>2026001</misses>
				<total>5</total>
				<timestamp>607.192373</timestamp>
			</report>
			<report>
				<misses>2027001</misses>
				<total>5</total>
				<timestamp>607.492085</timestamp>
			</report>
			<report>
				<misses>2028001</misses>
				<total>5</total>
				<timestamp>607.791803</timestamp>
			</report>
			<report>
				<misses>2029001</misses>
				<total>5</total>
				<timestamp>608.091463</timestamp>
			</report>
			<report>
				<misses>2030001</misses>
				<total>5</total>
				<timestamp>608.391161</timestamp>
			</report>
			<report>
				<misses>2031001</misses>
				<total>5</total>
				<timestamp>608.690882</timestamp>
			</report>
			<report>
				<misses>2032001</misses>
				<total>5</total>
				<timestamp>608.990606</timestamp>
			</report>
			<report>
				<misses>2033001</misses>
				<total>5</total>
				<timestamp>609.290269</timestamp>
			</report>
			<report>
				<misses>2034001</misses>
				<total>5</total>
				<timestamp>609.589999</timestamp>
			</report>
			<report>
				<misses>2035001</misses>
				<total>5</total>
				<timestamp>609.889673</timestamp>
			</report>
			<report>
				<misses>2036001</misses>
				<total>5</total>
				<timestamp>610.189370</timestamp>
			</report>
			<report>
				<misses>2037001</misses>
				<total>5</total>
				<timestamp>610.489076</timestamp>
			</report>
			<report>
				<misses>2038001</misses>
				<total>5</total>
				<timestamp>610.788822</timestamp>
			</report>
			<report>
				<misses>2039001</misses>
				<total>5</total>
				<timestamp>611.088522</timestamp>
			</report>
			<report>
				<misses>2040001</misses>
				<total>5</total>
				<timestamp>611.388166</timestamp>
			</report>
			<report>
				<misses>2041001</misses>
				<total>5</total>
				<timestamp>611.687889</timestamp>
			</report>
			<report>
				<misses>2042001</misses>
				<total>5</total>
				<timestamp>611.987583</timestamp>
			</report>
			<report>
				<misses>2043001</misses>
				<total>5</total>
				<timestamp>612.287266</timestamp>
			</report>
			<report>
				<misses>2044001</misses>
				<total>5</total>
				<timestamp>612.586981</timestamp>
			</report>
			<report>
				<misses>2045001</misses>
				<total>5</total>
				<timestamp>612.886676</timestamp>
			</report>
			<report>
				<misses>2046001</misses>
				<total>5</total>
				<timestamp>613.186405</timestamp>
			</report>
			<report>
				<misses>2047001</misses>
				<total>5</total>
				<timestamp>613.486074</timestamp>
			</report>
			<report>
				<misses>2048001</misses>
				<total>5</total>
				<timestamp>613.785836</timestamp>
			</report>
			<report>
				<misses>2049001</misses>
				<total>5</total>
				<timestamp>614.085472</timestamp>
			</report>
			<report>
				<misses>2050001</misses>
				<total>5</total>
				<timestamp>614.385168</timestamp>
			</report>
			<report>
				<misses>2051001</misses>
				<total>5</total>
				<timestamp>614.684861</timestamp>
			</report>
			<report>
				<misses>2052001</misses>
				<total>5</total>
				<timestamp>614.984588</timestamp>
			</report>
			<report>
				<misses>2053001</misses>
				<total>5</total>
				<timestamp>615.284273</timestamp>
			</report>
			<report>
				<misses>2054001</misses>
				<total>5</total>
				<timestamp>615.584005</timestamp>
			</report>
			<report>
				<misses>2055001</misses>
				<total>5</total>
				<timestamp>615.883686</timestamp>
			</report>
			<report>
				<misses>2056001</misses>
				<total>5</total>
				<timestamp>616.183391</timestamp>
			</report>
			<report>
				<misses>2057001</misses>
				<total>5</total>
				<timestamp>616.483085</timestamp>
			</report>
			<report>
				<misses>2058001</misses>
				<total>5</total>
				<timestamp>616.782836</timestamp>
			</report>
			<report>
				<misses>2059001</misses>
				<total>5</total>
				<timestamp>617.082536</timestamp>
			</report>
			<report>
				<misses>2060001</misses>
				<total>5</total>
				<timestamp>617.382267</timestamp>
			</report>
			<report>
				<misses>2061001</misses>
				<total>5</total>
				<timestamp>617.681912</timestamp>
			</report>
			<report>
				<misses>2062001</misses>
				<total>5</total>
				<timestamp>617.981567</timestamp>
			</report>
			<report>
				<misses>2063001</misses>
				<total>4</total>
				<timestamp>618.281389</timestamp>
			</report>
			<report>
				<misses>2064001</misses>
				<total>5</total>
				<timestamp>618.581009</timestamp>
			</report>
			<report>
				<misses>2065001</misses>
				<total>5</total>
				<timestamp>618.880710</timestamp>
			</report>
			<report>
				<misses>2066001</misses>
				<total>5</total>
				<timestamp>619.180426</timestamp>
			</report>
			<report>
				<misses>2067001</misses>
				<total>5</total>
				<timestamp>619.480089</timestamp>
			</report>
			<report>
				<misses>2068001</misses>
				<total>5</total>
				<timestamp>619.779817</timestamp>
			</report>
			<report>
				<misses>2069001</misses>
				<total>5</total>
				<timestamp>620.079467</timestamp>
			</report>
			<report>
				<misses>2070001</misses>
				<total>5</total>
				<timestamp>620.379213</timestamp>
			</report>
			<report>
				<misses>2071001</misses>
				<total>5</total>
				<timestamp>620.678888</timestamp>
			</report>
			<report>
				<misses>2072001</misses>
				<total>5</total>
				<timestamp>620.978593</timestamp>
			</report>
			<report>
				<misses>2073001</misses>
				<total>5</total>
				<timestamp>621.278282</timestamp>
			</report>
			<report>
				<misses>2074001</misses>
				<total>5</total>
				<timestamp>621.577988</timestamp>
			</report>
			<report>
				<misses>2075001</misses>
				<total>5</total>
				<timestamp>621.877681</timestamp>
			</report>
			<report>
				<misses>2076001</misses>
				<total>5</total>
				<timestamp>622.177417</timestamp>
			</report>
			<report>
				<misses>2077001</misses>
				<total>5</total>
				<timestamp>622.477083</timestamp>
			</report>
			<report>
				<misses>2078001</misses>
				<total>5</total>
				<timestamp>622.776792</timestamp>
			</report>
			<report>
				<misses>2079001</misses>
				<total>5</total>
				<timestamp>623.076454</timestamp>
			</report>
			<report>
				<misses>2080001</misses>
				<total>5</total>
				<timestamp>623.376243</timestamp>
			</report>
			<report>
				<misses>2081001</misses>
				<total>5</total>
				<timestamp>623.675878</timestamp>
			</report>
			<report>
				<misses>2082001</misses>
				<total>5</total>
				<timestamp>623.975575</timestamp>
			</report>
			<report>
				<misses>2083001</misses>
				<total>5</total>
				<timestamp>624.275310</timestamp>
			</report>
			<report>
				<misses>2084001</misses>
				<total>5</total>
				<timestamp>624.574997</timestamp>
			</report>
			<report>
				<misses>2085001</misses>
				<total>5</total>
				<timestamp>624.874698</timestamp>
			</report>
			<report>
				<misses>2086001</misses>
				<total>5</total>
				<timestamp>625.174457</timestamp>
			</report>
			<report>
				<misses>2087001</misses>
				<total>5</total>
				<timestamp>625.474083</timestamp>
			</report>
			<report>
				<misses>2088001</misses>
				<total>5</total>
				<timestamp>625.773807</timestamp>
			</report>
			<report>
				<misses>2089001</misses>
				<total>5</total>
				<timestamp>626.073529</timestamp>
			</report>
			<report>
				<misses>2090001</misses>
				<total>5</total>
				<timestamp>626.373182</timestamp>
			</report>
			<report>
				<misses>2091001</misses>
				<total>5</total>
				<timestamp>626.672920</timestamp>
			</report>
			<report>
				<misses>2092001</misses>
				<total>5</total>
				<timestamp>626.972593</timestamp>
			</report>
			<report>
				<misses>2093001</misses>
				<total>4</total>
				<timestamp>627.272384</timestamp>
			</report>
			<report>
				<misses>2094001</misses>
				<total>5</total>
				<timestamp>627.572001</timestamp>
			</report>
			<report>
				<misses>2095001</misses>
				<total>5</total>
				<timestamp>627.871808</timestamp>
			</report>
			<report>
				<misses>2096001</misses>
				<total>5</total>
				<timestamp>628.171383</timestamp>
			</report>
			<report>
				<misses>2097001</misses>
				<total>5</total>
				<timestamp>628.471101</timestamp>
			</report>
			<report>
				<misses>2098001</misses>
				<total>5</total>
				<timestamp>628.770812</timestamp>
			</report>
			<report>
				<misses>2099001</misses>
				<total>5</total>
				<timestamp>629.070478</timestamp>
			</report>
			<report>
				<misses>2100001</misses>
				<total>5</total>
				<timestamp>629.370187</timestamp>
			</report>
			<report>
				<misses>2101001</misses>
				<total>5</total>
				<timestamp>629.669910</timestamp>
			</report>
			<report>
				<misses>2102001</misses>
				<total>5</total>
				<timestamp>629.969572</timestamp>
			</report>
			<report>
				<misses>2103001</misses>
				<total>5</total>
				<timestamp>630.269309</timestamp>
			</report>
			<report>
				<misses>2104001</misses>
				<total>5</total>
				<timestamp>630.569005</timestamp>
			</report>
			<report>
				<misses>2105001</misses>
				<total>5</total>
				<timestamp>630.868721</timestamp>
			</report>
			<report>
				<misses>2106001</misses>
				<total>5</total>
				<timestamp>631.168378</timestamp>
			</report>
			<report>
				<misses>2107001</misses>
				<total>5</total>
				<timestamp>631.468075</timestamp>
			</report>
			<report>
				<misses>2108001</misses>
				<total>5</total>
				<timestamp>631.767795</timestamp>
			</report>
			<report>
				<misses>2109001</misses>
				<total>5</total>
				<timestamp>632.067490</timestamp>
			</report>
			<report>
				<misses>2110001</misses>
				<total>5</total>
				<timestamp>632.367170</timestamp>
			</report>
			<report>
				<misses>2111001</misses>
				<total>5</total>
				<timestamp>632.666884</timestamp>
			</report>
			<report>
				<misses>2112001</misses>
				<total>5</total>
				<timestamp>632.966635</timestamp>
			</report>
			<report>
				<misses>2113001</misses>
				<total>5</total>
				<timestamp>633.266360</timestamp>
			</report>
			<report>
				<misses>2114001</misses>
				<total>5</total>
				<timestamp>633.565987</timestamp>
			</report>
			<report>
				<misses>2115001</misses>
				<total>5</total>
				<timestamp>633.865759</timestamp>
			</report>
			<report>
				<misses>2116001</misses>
				<total>4</total>
				<timestamp>634.165481</timestamp>
			</report>
			<report>
				<misses>2117001</misses>
				<total>5</total>
				<timestamp>634.465070</timestamp>
			</report>
			<report>
				<misses>2118001</misses>
				<total>5</total>
				<timestamp>634.764810</timestamp>
			</report>
			<report>
				<misses>2119001</misses>
				<total>5</total>
				<timestamp>635.064472</timestamp>
			</report>
			<report>
				<misses>2120001</misses>
				<total>5</total>
				<timestamp>635.364229</timestamp>
			</report>
			<report>
				<misses>2121001</misses>
				<total>5</total>
				<timestamp>635.663869</timestamp>
			</report>
			<report>
				<misses>2122001</misses>
				<total>5</total>
				<timestamp>635.963593</timestamp>
			</report>
			<report>
				<misses>2123001</misses>
				<total>5</total>
				<timestamp>636.263256</timestamp>
			</report>
			<report>
				<misses>2124001</misses>
				<total>5</total>
				<timestamp>636.562994</timestamp>
			</report>
			<report>
				<misses>2125001</misses>
				<total>5</total>
				<timestamp>636.862674</timestamp>
			</report>
			<report>
				<misses>2126001</misses>
				<total>5</total>
				<timestamp>637.162434</timestamp>
			</report>
			<report>
				<misses>2127001</misses>
				<total>5</total>
				<timestamp>637.462087</timestamp>
			</report>
			<report>
				<misses>2128001</misses>
				<total>5</total>
				<timestamp>637.761796</timestamp>
			</report>
			<report>
				<misses>2129001</misses>
				<total>5</total>
				<timestamp>638.061469</timestamp>
			</report>
			<report>
				<misses>2130001</misses>
				<total>5</total>
				<timestamp>638.361176</timestamp>
			</report>
			<report>
				<misses>2131001</misses>
				<total>5</total>
				<timestamp>638.660910</timestamp>
			</report>
			<report>
				<misses>2132001</misses>
				<total>5</total>
				<timestamp>638.960571</timestamp>
			</report>
			<report>
				<misses>2133001</misses>
				<total>5</total>
				<timestamp>639.260325</timestamp>
			</report>
			<report>
				<misses>2134001</misses>
				<total>5</total>
				<timestamp>639.560015</timestamp>
			</report>
			<report>
				<misses>2135001</misses>
				<total>5</total>
				<timestamp>639.859689</timestamp>
			</report>
			<report>
				<misses>2136001</misses>
				<total>5</total>
				<timestamp>640.159379</timestamp>
			</report>
			<report>
				<misses>2137001</misses>
				<total>5</total>
				<timestamp>640.459130</timestamp>
			</report>
			<report>
				<misses>2138001</misses>
				<total>5</total>
				<timestamp>640.758797</timestamp>
			</report>
			<report>
				<misses>2139001</misses>
				<total>5</total>
				<timestamp>641.058487</timestamp>
			</report>
			<report>
				<misses>2140001</misses>
				<total>5</total>
				<timestamp>641.358184</timestamp>
			</report>
			<report>
				<misses>2141001</misses>
				<total>5</total>
				<timestamp>641.657870</timestamp>
			</report>
			<report>
				<misses>2142001</misses>
				<total>5</total>
				<timestamp>641.957568</timestamp>
			</report>
			<report>
				<misses>2143001</misses>
				<total>5</total>
				<timestamp>642.257295</timestamp>
			</report>
			<report>
				<misses>2144001</misses>
				<total>5</total>
				<timestamp>642.556990</timestamp>
			</report>
			<report>
				<misses>2145001</misses>
				<total>4</total>
				<timestamp>642.856766</timestamp>
			</report>
			<report>
				<misses>2146001</misses>
				<total>5</total>
				<timestamp>643.156372</timestamp>
			</report>
			<report>
				<misses>2147001</misses>
				<total>5</total>
				<timestamp>643.456072</timestamp>
			</report>
			<report>
				<misses>2148001</misses>
				<total>5</total>
				<timestamp>643.755837</timestamp>
			</report>
			<report>
				<misses>2149001</misses>
				<total>5</total>
				<timestamp>644.055526</timestamp>
			</report>
			<report>
				<misses>2150001</misses>
				<total>5</total>
				<timestamp>644.355201</timestamp>
			</report>
			<report>
				<misses>2151001</misses>
				<total>5</total>
				<timestamp>644.654871</timestamp>
			</report>
			<report>
				<misses>2152001</misses>
				<total>5</total>
				<timestamp>644.954679</timestamp>
			</report>
			<report>
				<misses>2153001</misses>
				<total>5</total>
				<timestamp>645.254268</timestamp>
			</report>
			<report>
				<misses>2154001</misses>
				<total>5</total>
				<timestamp>645.554000</timestamp>
			</report>
			<report>
				<misses>2155001</misses>
				<total>5</total>
				<timestamp>645.853686</timestamp>
			</report>
			<report>
				<misses>2156001</misses>
				<total>5</total>
				<timestamp>646.153358</timestamp>
			</report>
			<report>
				<misses>2157001</misses>
				<total>5</total>
				<timestamp>646.453084</timestamp>
			</report>
			<report>
				<misses>2158001</misses>
				<total>5</total>
				<timestamp>646.752787</timestamp>
			</report>
			<report>
				<misses>2159001</misses>
				<total>5</total>
				<timestamp>647.052511</timestamp>
			</report>
			<report>
				<misses>2160001</misses>
				<total>5</total>
				<timestamp>647.352247</timestamp>
			</report>
			<report>
				<misses>2161001</misses>
				<total>5</total>
				<timestamp>647.651872</timestamp>
			</report>
			<report>
				<misses>2162001</misses>
				<total>5</total>
				<timestamp>647.951621</timestamp>
			</report>
			<report>
				<misses>2163001</misses>
				<total>5</total>
				<timestamp>648.251277</timestamp>
			</report>
			<report>
				<misses>2164001</misses>
				<total>5</total>
				<timestamp>648.551022</timestamp>
			</report>
			<report>
				<misses>2165001</misses>
				<total>5</total>
				<timestamp>648.850724</timestamp>
			</report>
			<report>
				<misses>2166001</misses>
				<total>5</total>
				<timestamp>649.150439</timestamp>
			</report>
			<report>
				<misses>2167001</misses>
				<total>5</total>
				<timestamp>649.450095</timestamp>
			</report>
			<report>
				<misses>2168001</misses>
				<total>5</total>
				<timestamp>649.749782</timestamp>
			</report>
			<report>
				<misses>2169001</misses>
				<total>5</total>
				<timestamp>650.049502</timestamp>
			</report>
			<report>
				<misses>2170001</misses>
				<total>4</total>
				<timestamp>650.349293</timestamp>
			</report>
			<report>
				<misses>2171001</misses>
				<total>5</total>
				<timestamp>650.648889</timestamp>
			</report>
			<report>
				<misses>2172001</misses>
				<total>5</total>
				<timestamp>650.948639</timestamp>
			</report>
			<report>
				<misses>2173001</misses>
				<total>5</total>
				<timestamp>651.248326</timestamp>
			</report>
			<report>
				<misses>2174001</misses>
				<total>5</total>
				<timestamp>651.547991</timestamp>
			</report>
			<report>
				<misses>2175001</misses>
				<total>5</total>
				<timestamp>651.847738</timestamp>
			</report>
			<report>
				<misses>2176001</misses>
				<total>5</total>
				<timestamp>652.147371</timestamp>
			</report>
			<report>
				<misses>2177001</misses>
				<total>5</total>
				<timestamp>652.447059</timestamp>
			</report>
			<report>
				<misses>2178001</misses>
				<total>5</total>
				<timestamp>652.746807</timestamp>
			</report>
			<report>
				<misses>2179001</misses>
				<total>5</total>
				<timestamp>653.046520</timestamp>
			</report>
			<report>
				<misses>2180001</misses>
				<total>5</total>
				<timestamp>653.346170</timestamp>
			</report>
			<report>
				<misses>2181001</misses>
				<total>5</total>
				<timestamp>653.645889</timestamp>
			</report>
			<report>
				<misses>2182001</misses>
				<total>5</total>
				<timestamp>653.945608</timestamp>
			</report>
			<report>
				<misses>2183001</misses>
				<total>5</total>
				<timestamp>654.245297</timestamp>
			</report>
			<report>
				<misses>2184001</misses>
				<total>5</total>
				<timestamp>654.545011</timestamp>
			</report>
			<report>
				<misses>2185001</misses>
				<total>5</total>
				<timestamp>654.844737</timestamp>
			</report>
			<report>
				<misses>2186001</misses>
				<total>5</total>
				<timestamp>655.144392</timestamp>
			</report>
			<report>
				<misses>2187001</misses>
				<total>5</total>
				<timestamp>655.444096</timestamp>
			</report>
			<report>
				<misses>2188001</misses>
				<total>5</total>
				<timestamp>655.743770</timestamp>
			</report>
			<report>
				<misses>2189001</misses>
				<total>5</total>
				<timestamp>656.043571</timestamp>
			</report>
			<report>
				<misses>2190001</misses>
				<total>5</total>
				<timestamp>656.343178</timestamp>
			</report>
			<report>
				<misses>2191001</misses>
				<total>5</total>
				<timestamp>656.642870</timestamp>
			</report>
			<report>
				<misses>2192001</misses>
				<total>5</total>
				<timestamp>656.942566</timestamp>
			</report>
			<report>
				<misses>2193001</misses>
				<total>5</total>
				<timestamp>657.242342</timestamp>
			</report>
			<report>
				<misses>2194001</misses>
				<total>4</total>
				<timestamp>657.542081</timestamp>
			</report>
			<report>
				<misses>2195001</misses>
				<total>5</total>
				<timestamp>657.841700</timestamp>
			</report>
			<report>
				<misses>2196001</misses>
				<total>5</total>
				<timestamp>658.141372</timestamp>
			</report>
			<report>
				<misses>2197001</misses>
				<total>5</total>
				<timestamp>658.441074</timestamp>
			</report>
			<report>
				<misses>2198001</misses>
				<total>5</total>
				<timestamp>658.740772</timestamp>
			</report>
			<report>
				<misses>2199001</misses>
				<total>5</total>
				<timestamp>659.040484</timestamp>
			</report>
			<report>
				<misses>2200001</misses>
				<total>5</total>
				<timestamp>659.340191</timestamp>
			</report>
			<report>
				<misses>2201001</misses>
				<total>5</total>
				<timestamp>659.639867</timestamp>
			</report>
			<report>
				<misses>2202001</misses>
				<total>5</total>
				<timestamp>659.939602</timestamp>
			</report>
			<report>
				<misses>2203001</misses>
				<total>5</total>
				<timestamp>660.239349</timestamp>
			</report>
			<report>
				<misses>2204001</misses>
				<total>5</total>
				<timestamp>660.538997</timestamp>
			</report>
			<report>
				<misses>2205001</misses>
				<total>5</total>
				<timestamp>660.838689</timestamp>
			</report>
			<report>
				<misses>2206001</misses>
				<total>5</total>
				<timestamp>661.138375</timestamp>
			</report>
			<report>
				<misses>2207001</misses>
				<total>5</total>
				<timestamp>661.438076</timestamp>
			</report>
			<report>
				<misses>2208001</misses>
				<total>5</total>
				<timestamp>661.737765</timestamp>
			</report>
			<report>
				<misses>2209001</misses>
				<total>5</total>
				<timestamp>662.037544</timestamp>
			</report>
			<report>
				<misses>2210001</misses>
				<total>5</total>
				<timestamp>662.337255</timestamp>
			</report>
			<report>
				<misses>2211001</misses>
				<total>5</total>
				<timestamp>662.636872</timestamp>
			</report>
			<report>
				<misses>2212001</misses>
				<total>5</total>
				<timestamp>662.936577</timestamp>
			</report>
			<report>
				<misses>2213001</misses>
				<total>5</total>
				<timestamp>663.236309</timestamp>
			</report>
			<report>
				<misses>2214001</misses>
				<total>5</total>
				<timestamp>663.535993</timestamp>
			</report>
			<report>
				<misses>2215001</misses>
				<total>5</total>
				<timestamp>663.835670</timestamp>
			</report>
			<report>
				<misses>2216001</misses>
				<total>5</total>
				<timestamp>664.135372</timestamp>
			</report>
			<report>
				<misses>2217001</misses>
				<total>5</total>
				<timestamp>664.435092</timestamp>
			</report>
			<report>
				<misses>2218001</misses>
				<total>5</total>
				<timestamp>664.734763</timestamp>
			</report>
			<report>
				<misses>2219001</misses>
				<total>5</total>
				<timestamp>665.034537</timestamp>
			</report>
			<report>
				<misses>2220001</misses>
				<total>5</total>
				<timestamp>665.334172</timestamp>
			</report>
			<report>
				<misses>2221001</misses>
				<total>5</total>
				<timestamp>665.633947</timestamp>
			</report>
			<report>
				<misses>2222001</misses>
				<total>5</total>
				<timestamp>665.933671</timestamp>
			</report>
			<report>
				<misses>2223001</misses>
				<total>5</total>
				<timestamp>666.233339</timestamp>
			</report>
			<report>
				<misses>2224001</misses>
				<total>5</total>
				<timestamp>666.533015</timestamp>
			</report>
			<report>
				<misses>2225001</misses>
				<total>5</total>
				<timestamp>666.832672</timestamp>
			</report>
			<report>
				<misses>2226001</misses>
				<total>5</total>
				<timestamp>667.132370</timestamp>
			</report>
			<report>
				<misses>2227001</misses>
				<total>5</total>
				<timestamp>667.432142</timestamp>
			</report>
			<report>
				<misses>2228001</misses>
				<total>5</total>
				<timestamp>667.731764</timestamp>
			</report>
			<report>
				<misses>2229001</misses>
				<total>5</total>
				<timestamp>668.031503</timestamp>
			</report>
			<report>
				<misses>2230001</misses>
				<total>5</total>
				<timestamp>668.331229</timestamp>
			</report>
			<report>
				<misses>2231001</misses>
				<total>5</total>
				<timestamp>668.630920</timestamp>
			</report>
			<report>
				<misses>2232001</misses>
				<total>5</total>
				<timestamp>668.930637</timestamp>
			</report>
			<report>
				<misses>2233001</misses>
				<total>5</total>
				<timestamp>669.230279</timestamp>
			</report>
			<report>
				<misses>2234001</misses>
				<total>5</total>
				<timestamp>669.530016</timestamp>
			</report>
			<report>
				<misses>2235001</misses>
				<total>5</total>
				<timestamp>669.829685</timestamp>
			</report>
			<report>
				<misses>2236001</misses>
				<total>5</total>
				<timestamp>670.129378</timestamp>
			</report>
			<report>
				<misses>2237001</misses>
				<total>5</total>
				<timestamp>670.429074</timestamp>
			</report>
			<report>
				<misses>2238001</misses>
				<total>5</total>
				<timestamp>670.728799</timestamp>
			</report>
			<report>
				<misses>2239001</misses>
				<total>5</total>
				<timestamp>671.028483</timestamp>
			</report>
			<report>
				<misses>2240001</misses>
				<total>5</total>
				<timestamp>671.328184</timestamp>
			</report>
			<report>
				<misses>2241001</misses>
				<total>5</total>
				<timestamp>671.627876</timestamp>
			</report>
			<report>
				<misses>2242001</misses>
				<total>5</total>
				<timestamp>671.927579</timestamp>
			</report>
			<report>
				<misses>2243001</misses>
				<total>5</total>
				<timestamp>672.227272</timestamp>
			</report>
			<report>
				<misses>2244001</misses>
				<total>5</total>
				<timestamp>672.526979</timestamp>
			</report>
			<report>
				<misses>2245001</misses>
				<total>5</total>
				<timestamp>672.826682</timestamp>
			</report>
			<report>
				<misses>2246001</misses>
				<total>5</total>
				<timestamp>673.126424</timestamp>
			</report>
			<report>
				<misses>2247001</misses>
				<total>5</total>
				<timestamp>673.426078</timestamp>
			</report>
			<report>
				<misses>2248001</misses>
				<total>5</total>
				<timestamp>673.725773</timestamp>
			</report>
			<report>
				<misses>2249001</misses>
				<total>5</total>
				<timestamp>674.025496</timestamp>
			</report>
			<report>
				<misses>2250001</misses>
				<total>5</total>
				<timestamp>674.325188</timestamp>
			</report>
			<report>
				<misses>2251001</misses>
				<total>5</total>
				<timestamp>674.624865</timestamp>
			</report>
			<report>
				<misses>2252001</misses>
				<total>5</total>
				<timestamp>674.924596</timestamp>
			</report>
			<report>
				<misses>2253001</misses>
				<total>5</total>
				<timestamp>675.224332</timestamp>
			</report>
			<report>
				<misses>2254001</misses>
				<total>5</total>
				<timestamp>675.523999</timestamp>
			</report>
			<report>
				<misses>2255001</misses>
				<total>5</total>
				<timestamp>675.823681</timestamp>
			</report>
			<report>
				<misses>2256001</misses>
				<total>5</total>
				<timestamp>676.123448</timestamp>
			</report>
			<report>
				<misses>2257001</misses>
				<total>5</total>
				<timestamp>676.423163</timestamp>
			</report>
			<report>
				<misses>2258001</misses>
				<total>5</total>
				<timestamp>676.722790</timestamp>
			</report>
			<report>
				<misses>2259001</misses>
				<total>5</total>
				<timestamp>677.022549</timestamp>
			</report>
			<report>
				<misses>2260001</misses>
				<total>5</total>
				<timestamp>677.322178</timestamp>
			</report>
			<report>
				<misses>2261001</misses>
				<total>5</total>
				<timestamp>677.621875</timestamp>
			</report>
			<report>
				<misses>2262001</misses>
				<total>5</total>
				<timestamp>677.921605</timestamp>
			</report>
			<report>
				<misses>2263001</misses>
				<total>4</total>
				<timestamp>678.221340</timestamp>
			</report>
			<report>
				<misses>2264001</misses>
				<total>5</total>
				<timestamp>678.521012</timestamp>
			</report>
			<report>
				<misses>2265001</misses>
				<total>5</total>
				<timestamp>678.820678</timestamp>
			</report>
			<report>
				<misses>2266001</misses>
				<total>5</total>
				<timestamp>679.120407</timestamp>
			</report>
			<report>
				<misses>2267001</misses>
				<total>5</total>
				<timestamp>679.420071</timestamp>
			</report>
			<report>
				<misses>2268001</misses>
				<total>5</total>
				<timestamp>679.719776</timestamp>
			</report>
			<report>
				<misses>2269001</misses>
				<total>5</total>
				<timestamp>680.019480</timestamp>
			</report>
			<report>
				<misses>2270001</misses>
				<total>5</total>
				<timestamp>680.319178</timestamp>
			</report>
			<report>
				<misses>2271001</misses>
				<total>5</total>
				<timestamp>680.618859</timestamp>
			</report>
			<report>
				<misses>2272001</misses>
				<total>5</total>
				<timestamp>680.918568</timestamp>
			</report>
			<report>
				<misses>2273001</misses>
				<total>5</total>
				<timestamp>681.218284</timestamp>
			</report>
			<report>
				<misses>2274001</misses>
				<total>5</total>
				<timestamp>681.518002</timestamp>
			</report>
			<report>
				<misses>2275001</misses>
				<total>5</total>
				<timestamp>681.817693</timestamp>
			</report>
			<report>
				<misses>2276001</misses>
				<total>5</total>
				<timestamp>682.117440</timestamp>
			</report>
			<report>
				<misses>2277001</misses>
				<total>5</total>
				<timestamp>682.417119</timestamp>
			</report>
			<report>
				<misses>2278001</misses>
				<total>5</total>
				<timestamp>682.716773</timestamp>
			</report>
			<report>
				<misses>2279001</misses>
				<total>5</total>
				<timestamp>683.016561</timestamp>
			</report>
			<report>
				<misses>2280001</misses>
				<total>5</total>
				<timestamp>683.316254</timestamp>
			</report>
			<report>
				<misses>2281001</misses>
				<total>5</total>
				<timestamp>683.615873</timestamp>
			</report>
			<report>
				<misses>2282001</misses>
				<total>5</total>
				<timestamp>683.915575</timestamp>
			</report>
			<report>
				<misses>2283001</misses>
				<total>5</total>
				<timestamp>684.215291</timestamp>
			</report>
			<report>
				<misses>2284001</misses>
				<total>4</total>
				<timestamp>684.515107</timestamp>
			</report>
			<report>
				<misses>2285001</misses>
				<total>5</total>
				<timestamp>684.814669</timestamp>
			</report>
			<report>
				<misses>2286001</misses>
				<total>5</total>
				<timestamp>685.114389</timestamp>
			</report>
			<report>
				<misses>2287001</misses>
				<total>5</total>
				<timestamp>685.414109</timestamp>
			</report>
			<report>
				<misses>2288001</misses>
				<total>5</total>
				<timestamp>685.713789</timestamp>
			</report>
			<report>
				<misses>2289001</misses>
				<total>5</total>
				<timestamp>686.013533</timestamp>
			</report>
			<report>
				<misses>2290001</misses>
				<total>5</total>
				<timestamp>686.313184</timestamp>
			</report>
			<report>
				<misses>2291001</misses>
				<total>5</total>
				<timestamp>686.612871</timestamp>
			</report>
			<report>
				<misses>2292001</misses>
				<total>5</total>
				<timestamp>686.912576</timestamp>
			</report>
			<report>
				<misses>2293001</misses>
				<total>5</total>
				<timestamp>687.212314</timestamp>
			</report>
			<report>
				<misses>2294001</misses>
				<total>5</total>
				<timestamp>687.511981</timestamp>
			</report>
			<report>
				<misses>2295001</misses>
				<total>5</total>
				<timestamp>687.811672</timestamp>
			</report>
			<report>
				<misses>2296001</misses>
				<total>5</total>
				<timestamp>688.111400</timestamp>
			</report>
			<report>
				<misses>2297001</misses>
				<total>5</total>
				<timestamp>688.411104</timestamp>
			</report>
			<report>
				<misses>2298001</misses>
				<total>5</total>
				<timestamp>688.710773</timestamp>
			</report>
			<report>
				<misses>2299001</misses>
				<total>5</total>
				<timestamp>689.010512</timestamp>
			</report>
			<report>
				<misses>2300001</misses>
				<total>5</total>
				<timestamp>689.310188</timestamp>
			</report>
			<report>
				<misses>2301001</misses>
				<total>5</total>
				<timestamp>689.609879</timestamp>
			</report>
			<report>
				<misses>2302001</misses>
				<total>5</total>
				<timestamp>689.909578</timestamp>
			</report>
			<report>
				<misses>2303001</misses>
				<total>5</total>
				<timestamp>690.209282</timestamp>
			</report>
			<report>
				<misses>2304001</misses>
				<total>5</total>
				<timestamp>690.509059</timestamp>
			</report>
			<report>
				<misses>2305001</misses>
				<total>5</total>
				<timestamp>690.808667</timestamp>
			</report>
			<report>
				<misses>2306001</misses>
				<total>5</total>
				<timestamp>691.108377</timestamp>
			</report>
			<report>
				<misses>2307001</misses>
				<total>5</total>
				<timestamp>691.408088</timestamp>
			</report>
			<report>
				<misses>2308001</misses>
				<total>5</total>
				<timestamp>691.707766</timestamp>
			</report>
			<report>
				<misses>2309001</misses>
				<total>5</total>
				<timestamp>692.007472</timestamp>
			</report>
			<report>
				<misses>2310001</misses>
				<total>5</total>
				<timestamp>692.307234</timestamp>
			</report>
			<report>
				<misses>2311001</misses>
				<total>5</total>
				<timestamp>692.606924</timestamp>
			</report>
			<report>
				<misses>2312001</misses>
				<total>5</total>
				<timestamp>692.906570</timestamp>
			</report>
			<report>
				<misses>2313001</misses>
				<total>5</total>
				<timestamp>693.206319</timestamp>
			</report>
			<report>
				<misses>2314001</misses>
				<total>5</total>
				<timestamp>693.506089</timestamp>
			</report>
			<report>
				<misses>2315001</misses>
				<total>5</total>
				<timestamp>693.805744</timestamp>
			</report>
			<report>
				<misses>2316001</misses>
				<total>5</total>
				<timestamp>694.105452</timestamp>
			</report>
			<report>
				<misses>2317001</misses>
				<total>5</total>
				<timestamp>694.405096</timestamp>
			</report>
			<report>
				<misses>2318001</misses>
				<total>5</total>
				<timestamp>694.704767</timestamp>
			</report>
			<report>
				<misses>2319001</misses>
				<total>5</total>
				<timestamp>695.004506</timestamp>
			</report>
			<report>
				<misses>2320001</misses>
				<total>5</total>
				<timestamp>695.304198</timestamp>
			</report>
			<report>
				<misses>2321001</misses>
				<total>5</total>
				<timestamp>695.603875</timestamp>
			</report>
			<report>
				<misses>2322001</misses>
				<total>5</total>
				<timestamp>695.903585</timestamp>
			</report>
			<report>
				<misses>2323001</misses>
				<total>5</total>
				<timestamp>696.203347</timestamp>
			</report>
			<report>
				<misses>2324001</misses>
				<total>5</total>
				<timestamp>696.503001</timestamp>
			</report>
			<report>
				<misses>2325001</misses>
				<total>5</total>
				<timestamp>696.802683</timestamp>
			</report>
			<report>
				<misses>2326001</misses>
				<total>5</total>
				<timestamp>697.102472</timestamp>
			</report>
			<report>
				<misses>2327001</misses>
				<total>5</total>
				<timestamp>697.402072</timestamp>
			</report>
			<report>
				<misses>2328001</misses>
				<total>5</total>
				<timestamp>697.701759</timestamp>
			</report>
			<report>
				<misses>2329001</misses>
				<total>5</total>
				<timestamp>698.001532</timestamp>
			</report>
			<report>
				<misses>2330001</misses>
				<total>5</total>
				<timestamp>698.301274</timestamp>
			</report>
			<report>
				<misses>2331001</misses>
				<total>5</total>
				<timestamp>698.600968</timestamp>
			</report>
			<report>
				<misses>2332001</misses>
				<total>5</total>
				<timestamp>698.900575</timestamp>
			</report>
			<report>
				<misses>2333001</misses>
				<total>5</total>
				<timestamp>699.200291</timestamp>
			</report>
			<report>
				<misses>2334001</misses>
				<total>5</total>
				<timestamp>699.499981</timestamp>
			</report>
			<report>
				<misses>2335001</misses>
				<total>5</total>
				<timestamp>699.799656</timestamp>
			</report>
			<report>
				<misses>2336001</misses>
				<total>5</total>
				<timestamp>700.099422</timestamp>
			</report>
			<report>
				<misses>2337001</misses>
				<total>5</total>
				<timestamp>700.399120</timestamp>
			</report>
			<report>
				<misses>2338001</misses>
				<total>5</total>
				<timestamp>700.698777</timestamp>
			</report>
			<report>
				<misses>2339001</misses>
				<total>5</total>
				<timestamp>700.998504</timestamp>
			</report>
			<report>
				<misses>2340001</misses>
				<total>5</total>
				<timestamp>701.298193</timestamp>
			</report>
			<report>
				<misses>2341001</misses>
				<total>5</total>
				<timestamp>701.597872</timestamp>
			</report>
			<report>
				<misses>2342001</misses>
				<total>5</total>
				<timestamp>701.897594</timestamp>
			</report>
			<report>
				<misses>2343001</misses>
				<total>5</total>
				<timestamp>702.197328</timestamp>
			</report>
			<report>
				<misses>2344001</misses>
				<total>5</total>
				<timestamp>702.497069</timestamp>
			</report>
			<report>
				<misses>2345001</misses>
				<total>5</total>
				<timestamp>702.796676</timestamp>
			</report>
			<report>
				<misses>2346001</misses>
				<total>5</total>
				<timestamp>703.096385</timestamp>
			</report>
			<report>
				<misses>2347001</misses>
				<total>5</total>
				<timestamp>703.396079</timestamp>
			</report>
			<report>
				<misses>2348001</misses>
				<total>5</total>
				<timestamp>703.695770</timestamp>
			</report>
			<report>
				<misses>2349001</misses>
				<total>5</total>
				<timestamp>703.995497</timestamp>
			</report>
			<report>
				<misses>2350001</misses>
				<total>5</total>
				<timestamp>704.295228</timestamp>
			</report>
			<report>
				<misses>2351001</misses>
				<total>5</total>
				<timestamp>704.594931</timestamp>
			</report>
			<report>
				<misses>2352001</misses>
				<total>5</total>
				<timestamp>704.894577</timestamp>
			</report>
			<report>
				<misses>2353001</misses>
				<total>5</total>
				<timestamp>705.194286</timestamp>
			</report>
			<report>
				<misses>2354001</misses>
				<total>5</total>
				<timestamp>705.494031</timestamp>
			</report>
			<report>
				<misses>2355001</misses>
				<total>5</total>
				<timestamp>705.793663</timestamp>
			</report>
			<report>
				<misses>2356001</misses>
				<total>5</total>
				<timestamp>706.093430</timestamp>
			</report>
			<report>
				<misses>2357001</misses>
				<total>5</total>
				<timestamp>706.393133</timestamp>
			</report>
			<report>
				<misses>2358001</misses>
				<total>5</total>
				<timestamp>706.692770</timestamp>
			</report>
			<report>
				<misses>2359001</misses>
				<total>5</total>
				<timestamp>706.992566</timestamp>
			</report>
			<report>
				<misses>2360001</misses>
				<total>5</total>
				<timestamp>707.292194</timestamp>
			</report>
			<report>
				<misses>2361001</misses>
				<total>5</total>
				<timestamp>707.591883</timestamp>
			</report>
			<report>
				<misses>2362001</misses>
				<total>5</total>
				<timestamp>707.891570</timestamp>
			</report>
			<report>
				<misses>2363001</misses>
				<total>5</total>
				<timestamp>708.191298</timestamp>
			</report>
			<report>
				<misses>2364001</misses>
				<total>5</total>
				<timestamp>708.491093</timestamp>
			</report>
			<report>
				<misses>2365001</misses>
				<total>5</total>
				<timestamp>708.790679</timestamp>
			</report>
			<report>
				<misses>2366001</misses>
				<total>5</total>
				<timestamp>709.090380</timestamp>
			</report>
			<report>
				<misses>2367001</misses>
				<total>5</total>
				<timestamp>709.390124</timestamp>
			</report>
			<report>
				<misses>2368001</misses>
				<total>5</total>
				<timestamp>709.689775</timestamp>
			</report>
			<report>
				<misses>2369001</misses>
				<total>5</total>
				<timestamp>709.989479</timestamp>
			</report>
			<report>
				<misses>2370001</misses>
				<total>5</total>
				<timestamp>710.289247</timestamp>
			</report>
			<report>
				<misses>2371001</misses>
				<total>5</total>
				<timestamp>710.588967</timestamp>
			</report>
			<report>
				<misses>2372001</misses>
				<total>5</total>
				<timestamp>710.888578</timestamp>
			</report>
			<report>
				<misses>2373001</misses>
				<total>5</total>
				<timestamp>711.188297</timestamp>
			</report>
			<report>
				<misses>2374001</misses>
				<total>5</total>
				<timestamp>711.488002</timestamp>
			</report>
			<report>
				<misses>2375001</misses>
				<total>5</total>
				<timestamp>711.787661</timestamp>
			</report>
			<report>
				<misses>2376001</misses>
				<total>5</total>
				<timestamp>712.087456</timestamp>
			</report>
			<report>
				<misses>2377001</misses>
				<total>5</total>
				<timestamp>712.387161</timestamp>
			</report>
			<report>
				<misses>2378001</misses>
				<total>5</total>
				<timestamp>712.686765</timestamp>
			</report>
			<report>
				<misses>2379001</misses>
				<total>5</total>
				<timestamp>712.986479</timestamp>
			</report>
			<report>
				<misses>2380001</misses>
				<total>5</total>
				<timestamp>713.286207</timestamp>
			</report>
			<report>
				<misses>2381001</misses>
				<total>5</total>
				<timestamp>713.585875</timestamp>
			</report>
			<report>
				<misses>2382001</misses>
				<total>5</total>
				<timestamp>713.885562</timestamp>
			</report>
			<report>
				<misses>2383001</misses>
				<total>5</total>
				<timestamp>714.185383</timestamp>
			</report>
			<report>
				<misses>2384001</misses>
				<total>5</total>
				<timestamp>714.485005</timestamp>
			</report>
			<report>
				<misses>2385001</misses>
				<total>5</total>
				<timestamp>714.784666</timestamp>
			</report>
			<report>
				<misses>2386001</misses>
				<total>5</total>
				<timestamp>715.084393</timestamp>
			</report>
			<report>
				<misses>2387001</misses>
				<total>5</total>
				<timestamp>715.384069</timestamp>
			</report>
			<report>
				<misses>2388001</misses>
				<total>5</total>
				<timestamp>715.683761</timestamp>
			</report>
			<report>
				<misses>2389001</misses>
				<total>5</total>
				<timestamp>715.983497</timestamp>
			</report>
			<report>
				<misses>2390001</misses>
				<total>5</total>
				<timestamp>716.283194</timestamp>
			</report>
			<report>
				<misses>2391001</misses>
				<total>5</total>
				<timestamp>716.582865</timestamp>
			</report>
			<report>
				<misses>2392001</misses>
				<total>5</total>
				<timestamp>716.882579</timestamp>
			</report>
			<report>
				<misses>2393001</misses>
				<total>5</total>
				<timestamp>717.182327</timestamp>
			</report>
			<report>
				<misses>2394001</misses>
				<total>5</total>
				<timestamp>717.482012</timestamp>
			</report>
			<report>
				<misses>2395001</misses>
				<total>5</total>
				<timestamp>717.781691</timestamp>
			</report>
			<report>
				<misses>2396001</misses>
				<total>5</total>
				<timestamp>718.081387</timestamp>
			</report>
			<report>
				<misses>2397001</misses>
				<total>5</total>
				<timestamp>718.381110</timestamp>
			</report>
			<report>
				<misses>2398001</misses>
				<total>5</total>
				<timestamp>718.680835</timestamp>
			</report>
			<report>
				<misses>2399001</misses>
				<total>5</total>
				<timestamp>718.980476</timestamp>
			</report>
			<report>
				<misses>2400001</misses>
				<total>5</total>
				<timestamp>719.280192</timestamp>
			</report>
			<report>
				<misses>2401001</misses>
				<total>5</total>
				<timestamp>719.579898</timestamp>
			</report>
			<report>
				<misses>2402001</misses>
				<total>5</total>
				<timestamp>719.879581</timestamp>
			</report>
			<report>
				<misses>2403001</misses>
				<total>5</total>
				<timestamp>720.179304</timestamp>
			</report>
			<report>
				<misses>2404001</misses>
				<total>5</total>
				<timestamp>720.479002</timestamp>
			</report>
			<report>
				<misses>2405001</misses>
				<total>5</total>
				<timestamp>720.778695</timestamp>
			</report>
			<report>
				<misses>2406001</misses>
				<total>5</total>
				<timestamp>721.078371</timestamp>
			</report>
			<report>
				<misses>2407001</misses>
				<total>5</total>
				<timestamp>721.378099</timestamp>
			</report>
			<report>
				<misses>2408001</misses>
				<total>5</total>
				<timestamp>721.677837</timestamp>
			</report>
			<report>
				<misses>2409001</misses>
				<total>5</total>
				<timestamp>721.977470</timestamp>
			</report>
			<report>
				<misses>2410001</misses>
				<total>5</total>
				<timestamp>722.277165</timestamp>
			</report>
			<report>
				<misses>2411001</misses>
				<total>5</total>
				<timestamp>722.576888</timestamp>
			</report>
			<report>
				<misses>2412001</misses>
				<total>5</total>
				<timestamp>722.876563</timestamp>
			</report>
			<report>
				<misses>2413001</misses>
				<total>5</total>
				<timestamp>723.176290</timestamp>
			</report>
			<report>
				<misses>2414001</misses>
				<total>5</total>
				<timestamp>723.476009</timestamp>
			</report>
			<report>
				<misses>2415001</misses>
				<total>5</total>
				<timestamp>723.775666</timestamp>
			</report>
			<report>
				<misses>2416001</misses>
				<total>5</total>
				<timestamp>724.075362</timestamp>
			</report>
			<report>
				<misses>2417001</misses>
				<total>5</total>
				<timestamp>724.375073</timestamp>
			</report>
			<report>
				<misses>2418001</misses>
				<total>5</total>
				<timestamp>724.674768</timestamp>
			</report>
			<report>
				<misses>2419001</misses>
				<total>5</total>
				<timestamp>724.974488</timestamp>
			</report>
			<report>
				<misses>2420001</misses>
				<total>5</total>
				<timestamp>725.274163</timestamp>
			</report>
			<report>
				<misses>2421001</misses>
				<total>5</total>
				<timestamp>725.573868</timestamp>
			</report>
			<report>
				<misses>2422001</misses>
				<total>5</total>
				<timestamp>725.873578</timestamp>
			</report>
			<report>
				<misses>2423001</misses>
				<total>5</total>
				<timestamp>726.173311</timestamp>
			</report>
			<report>
				<misses>2424001</misses>
				<total>5</total>
				<timestamp>726.473028</timestamp>
			</report>
			<report>
				<misses>2425001</misses>
				<total>5</total>
				<timestamp>726.772695</timestamp>
			</report>
			<report>
				<misses>2426001</misses>
				<total>5</total>
				<timestamp>727.072376</timestamp>
			</report>
			<report>
				<misses>2427001</misses>
				<total>5</total>
				<timestamp>727.372162</timestamp>
			</report>
			<report>
				<misses>2428001</misses>
				<total>5</total>
				<timestamp>727.671766</timestamp>
			</report>
			<report>
				<misses>2429001</misses>
				<total>5</total>
				<timestamp>727.971503</timestamp>
			</report>
			<report>
				<misses>2430001</misses>
				<total>5</total>
				<timestamp>728.271196</timestamp>
			</report>
			<report>
				<misses>2431001</misses>
				<total>5</total>
				<timestamp>728.570917</timestamp>
			</report>
			<report>
				<misses>2432001</misses>
				<total>5</total>
				<timestamp>728.870565</timestamp>
			</report>
			<report>
				<misses>2433001</misses>
				<total>5</total>
				<timestamp>729.170274</timestamp>
			</report>
			<report>
				<misses>2434001</misses>
				<total>5</total>
				<timestamp>729.470052</timestamp>
			</report>
			<report>
				<misses>2435001</misses>
				<total>5</total>
				<timestamp>729.769694</timestamp>
			</report>
			<report>
				<misses>2436001</misses>
				<total>5</total>
				<timestamp>730.069372</timestamp>
			</report>
			<report>
				<misses>2437001</misses>
				<total>5</total>
				<timestamp>730.369106</timestamp>
			</report>
			<report>
				<misses>2438001</misses>
				<total>5</total>
				<timestamp>730.668811</timestamp>
			</report>
			<report>
				<misses>2439001</misses>
				<total>5</total>
				<timestamp>730.968478</timestamp>
			</report>
			<report>
				<misses>2440001</misses>
				<total>5</total>
				<timestamp>731.268212</timestamp>
			</report>
			<report>
				<misses>2441001</misses>
				<total>5</total>
				<timestamp>731.567919</timestamp>
			</report>
			<report>
				<misses>2442001</misses>
				<total>5</total>
				<timestamp>731.867604</timestamp>
			</report>
			<report>
				<misses>2443001</misses>
				<total>5</total>
				<timestamp>732.167295</timestamp>
			</report>
			<report>
				<misses>2444001</misses>
				<total>5</total>
				<timestamp>732.466985</timestamp>
			</report>
			<report>
				<misses>2445001</misses>
				<total>5</total>
				<timestamp>732.766691</timestamp>
			</report>
			<report>
				<misses>2446001</misses>
				<total>5</total>
				<timestamp>733.066380</timestamp>
			</report>
			<report>
				<misses>2447001</misses>
				<total>5</total>
				<timestamp>733.366071</timestamp>
			</report>
			<report>
				<misses>2448001</misses>
				<total>5</total>
				<timestamp>733.665843</timestamp>
			</report>
			<report>
				<misses>2449001</misses>
				<total>5</total>
				<timestamp>733.965474</timestamp>
			</report>
			<report>
				<misses>2450001</misses>
				<total>5</total>
				<timestamp>734.265248</timestamp>
			</report>
			<report>
				<misses>2451001</misses>
				<total>4</total>
				<timestamp>734.564996</timestamp>
			</report>
			<report>
				<misses>2452001</misses>
				<total>5</total>
				<timestamp>734.864578</timestamp>
			</report>
			<report>
				<misses>2453001</misses>
				<total>5</total>
				<timestamp>735.164275</timestamp>
			</report>
			<report>
				<misses>2454001</misses>
				<total>5</total>
				<timestamp>735.464001</timestamp>
			</report>
			<report>
				<misses>2455001</misses>
				<total>5</total>
				<timestamp>735.763666</timestamp>
			</report>
			<report>
				<misses>2456001</misses>
				<total>5</total>
				<timestamp>736.063369</timestamp>
			</report>
			<report>
				<misses>2457001</misses>
				<total>5</total>
				<timestamp>736.363150</timestamp>
			</report>
			<report>
				<misses>2458001</misses>
				<total>5</total>
				<timestamp>736.662858</timestamp>
			</report>
			<report>
				<misses>2459001</misses>
				<total>5</total>
				<timestamp>736.962467</timestamp>
			</report>
			<report>
				<misses>2460001</misses>
				<total>5</total>
				<timestamp>737.262185</timestamp>
			</report>
			<report>
				<misses>2461001</misses>
				<total>5</total>
				<timestamp>737.561899</timestamp>
			</report>
			<report>
				<misses>2462001</misses>
				<total>5</total>
				<timestamp>737.861575</timestamp>
			</report>
			<report>
				<misses>2463001</misses>
				<total>5</total>
				<timestamp>738.161274</timestamp>
			</report>
			<report>
				<misses>2464001</misses>
				<total>5</total>
				<timestamp>738.461006</timestamp>
			</report>
			<report>
				<misses>2465001</misses>
				<total>5</total>
				<timestamp>738.760693</timestamp>
			</report>
			<report>
				<misses>2466001</misses>
				<total>5</total>
				<timestamp>739.060371</timestamp>
			</report>
			<report>
				<misses>2467001</misses>
				<total>5</total>
				<timestamp>739.360102</timestamp>
			</report>
			<report>
				<misses>2468001</misses>
				<total>5</total>
				<timestamp>739.659793</timestamp>
			</report>
			<report>
				<misses>2469001</misses>
				<total>5</total>
				<timestamp>739.959463</timestamp>
			</report>
			<report>
				<misses>2470001</misses>
				<total>5</total>
				<timestamp>740.259159</timestamp>
			</report>
			<report>
				<misses>2471001</misses>
				<total>5</total>
				<timestamp>740.558916</timestamp>
			</report>
			<report>
				<misses>2472001</misses>
				<total>5</total>
				<timestamp>740.858577</timestamp>
			</report>
			<report>
				<misses>2473001</misses>
				<total>5</total>
				<timestamp>741.158277</timestamp>
			</report>
			<report>
				<misses>2474001</misses>
				<total>5</total>
				<timestamp>741.458004</timestamp>
			</report>
			<report>
				<misses>2475001</misses>
				<total>4</total>
				<timestamp>741.757784</timestamp>
			</report>
			<report>
				<misses>2476001</misses>
				<total>5</total>
				<timestamp>742.057371</timestamp>
			</report>
			<report>
				<misses>2477001</misses>
				<total>5</total>
				<timestamp>742.357080</timestamp>
			</report>
			<report>
				<misses>2478001</misses>
				<total>5</total>
				<timestamp>742.656766</timestamp>
			</report>
			<report>
				<misses>2479001</misses>
				<total>5</total>
				<timestamp>742.956474</timestamp>
			</report>
			<report>
				<misses>2480001</misses>
				<total>5</total>
				<timestamp>743.256172</timestamp>
			</report>
			<report>
				<misses>2481001</misses>
				<total>5</total>
				<timestamp>743.555990</timestamp>
			</report>
			<report>
				<misses>2482001</misses>
				<total>5</total>
				<timestamp>743.855564</timestamp>
			</report>
			<report>
				<misses>2483001</misses>
				<total>5</total>
				<timestamp>744.155277</timestamp>
			</report>
			<report>
				<misses>2484001</misses>
				<total>5</total>
				<timestamp>744.455018</timestamp>
			</report>
			<report>
				<misses>2485001</misses>
				<total>5</total>
				<timestamp>744.754684</timestamp>
			</report>
			<report>
				<misses>2486001</misses>
				<total>5</total>
				<timestamp>745.054362</timestamp>
			</report>
			<report>
				<misses>2487001</misses>
				<total>5</total>
				<timestamp>745.354105</timestamp>
			</report>
			<report>
				<misses>2488001</misses>
				<total>5</total>
				<timestamp>745.653797</timestamp>
			</report>
			<report>
				<misses>2489001</misses>
				<total>5</total>
				<timestamp>745.953483</timestamp>
			</report>
			<report>
				<misses>2490001</misses>
				<total>5</total>
				<timestamp>746.253184</timestamp>
			</report>
			<report>
				<misses>2491001</misses>
				<total>5</total>
				<timestamp>746.552867</timestamp>
			</report>
			<report>
				<misses>2492001</misses>
				<total>5</total>
				<timestamp>746.852627</timestamp>
			</report>
			<report>
				<misses>2493001</misses>
				<total>5</total>
				<timestamp>747.152273</timestamp>
			</report>
			<report>
				<misses>2494001</misses>
				<total>5</total>
				<timestamp>747.452041</timestamp>
			</report>
			<report>
				<misses>2495001</misses>
				<total>5</total>
				<timestamp>747.751751</timestamp>
			</report>
			<report>
				<misses>2496001</misses>
				<total>4</total>
				<timestamp>748.051469</timestamp>
			</report>
			<report>
				<misses>2497001</misses>
				<total>5</total>
				<timestamp>748.351142</timestamp>
			</report>
			<report>
				<misses>2498001</misses>
				<total>5</total>
				<timestamp>748.650850</timestamp>
			</report>
			<report>
				<misses>2499001</misses>
				<total>5</total>
				<timestamp>748.950477</timestamp>
			</report>
			<report>
				<misses>2500001</misses>
				<total>5</total>
				<timestamp>749.250172</timestamp>
			</report>
			<report>
				<misses>2501001</misses>
				<total>5</total>
				<timestamp>749.549894</timestamp>
			</report>
			<report>
				<misses>2502001</misses>
				<total>5</total>
				<timestamp>749.849572</timestamp>
			</report>
			<report>
				<misses>2503001</misses>
				<total>4</total>
				<timestamp>750.149366</timestamp>
			</report>
			<report>
				<misses>2504001</misses>
				<total>5</total>
				<timestamp>750.449080</timestamp>
			</report>
			<report>
				<misses>2505001</misses>
				<total>5</total>
				<timestamp>750.748693</timestamp>
			</report>
			<report>
				<misses>2506001</misses>
				<total>5</total>
				<timestamp>751.048367</timestamp>
			</report>
			<report>
				<misses>2507001</misses>
				<total>5</total>
				<timestamp>751.348095</timestamp>
			</report>
			<report>
				<misses>2508001</misses>
				<total>5</total>
				<timestamp>751.647802</timestamp>
			</report>
			<report>
				<misses>2509001</misses>
				<total>5</total>
				<timestamp>751.947479</timestamp>
			</report>
			<report>
				<misses>2510001</misses>
				<total>5</total>
				<timestamp>752.247183</timestamp>
			</report>
			<report>
				<misses>2511001</misses>
				<total>5</total>
				<timestamp>752.546890</timestamp>
			</report>
			<report>
				<misses>2512001</misses>
				<total>5</total>
				<timestamp>752.846574</timestamp>
			</report>
			<report>
				<misses>2513001</misses>
				<total>5</total>
				<timestamp>753.146266</timestamp>
			</report>
			<report>
				<misses>2514001</misses>
				<total>5</total>
				<timestamp>753.446053</timestamp>
			</report>
			<report>
				<misses>2515001</misses>
				<total>5</total>
				<timestamp>753.745674</timestamp>
			</report>
			<report>
				<misses>2516001</misses>
				<total>5</total>
				<timestamp>754.045375</timestamp>
			</report>
			<report>
				<misses>2517001</misses>
				<total>5</total>
				<timestamp>754.345087</timestamp>
			</report>
			<report>
				<misses>2518001</misses>
				<total>4</total>
				<timestamp>754.644869</timestamp>
			</report>
			<report>
				<misses>2519001</misses>
				<total>5</total>
				<timestamp>754.944490</timestamp>
			</report>
			<report>
				<misses>2520001</misses>
				<total>5</total>
				<timestamp>755.244173</timestamp>
			</report>
			<report>
				<misses>2521001</misses>
				<total>5</total>
				<timestamp>755.543908</timestamp>
			</report>
			<report>
				<misses>2522001</misses>
				<total>5</total>
				<timestamp>755.843575</timestamp>
			</report>
			<report>
				<misses>2523001</misses>
				<total>5</total>
				<timestamp>756.143271</timestamp>
			</report>
			<report>
				<misses>2524001</misses>
				<total>5</total>
				<timestamp>756.443008</timestamp>
			</report>
			<report>
				<misses>2525001</misses>
				<total>4</total>
				<timestamp>756.742778</timestamp>
			</report>
			<report>
				<misses>2526001</misses>
				<total>5</total>
				<timestamp>757.042375</timestamp>
			</report>
			<report>
				<misses>2527001</misses>
				<total>5</total>
				<timestamp>757.342075</timestamp>
			</report>
			<report>
				<misses>2528001</misses>
				<total>5</total>
				<timestamp>757.641786</timestamp>
			</report>
			<report>
				<misses>2529001</misses>
				<total>5</total>
				<timestamp>757.941501</timestamp>
			</report>
			<report>
				<misses>2530001</misses>
				<total>5</total>
				<timestamp>758.241232</timestamp>
			</report>
			<report>
				<misses>2531001</misses>
				<total>5</total>
				<timestamp>758.540970</timestamp>
			</report>
			<report>
				<misses>2532001</misses>
				<total>5</total>
				<timestamp>758.840577</timestamp>
			</report>
			<report>
				<misses>2533001</misses>
				<total>5</total>
				<timestamp>759.140314</timestamp>
			</report>
			<report>
				<misses>2534001</misses>
				<total>5</total>
				<timestamp>759.440055</timestamp>
			</report>
			<report>
				<misses>2535001</misses>
				<total>5</total>
				<timestamp>759.739712</timestamp>
			</report>
			<report>
				<misses>2536001</misses>
				<total>5</total>
				<timestamp>760.039448</timestamp>
			</report>
			<report>
				<misses>2537001</misses>
				<total>5</total>
				<timestamp>760.339099</timestamp>
			</report>
			<report>
				<misses>2538001</misses>
				<total>5</total>
				<timestamp>760.638786</timestamp>
			</report>
			<report>
				<misses>2539001</misses>
				<total>5</total>
				<timestamp>760.938466</timestamp>
			</report>
			<report>
				<misses>2540001</misses>
				<total>5</total>
				<timestamp>761.238175</timestamp>
			</report>
			<report>
				<misses>2541001</misses>
				<total>5</total>
				<timestamp>761.537933</timestamp>
			</report>
			<report>
				<misses>2542001</misses>
				<total>5</total>
				<timestamp>761.837575</timestamp>
			</report>
			<report>
				<misses>2543001</misses>
				<total>5</total>
				<timestamp>762.137299</timestamp>
			</report>
			<report>
				<misses>2544001</misses>
				<total>5</total>
				<timestamp>762.437032</timestamp>
			</report>
			<report>
				<misses>2545001</misses>
				<total>5</total>
				<timestamp>762.736709</timestamp>
			</report>
			<report>
				<misses>2546001</misses>
				<total>5</total>
				<timestamp>763.036433</timestamp>
			</report>
			<report>
				<misses>2547001</misses>
				<total>5</total>
				<timestamp>763.336155</timestamp>
			</report>
			<report>
				<misses>2548001</misses>
				<total>5</total>
				<timestamp>763.635777</timestamp>
			</report>
			<report>
				<misses>2549001</misses>
				<total>5</total>
				<timestamp>763.935478</timestamp>
			</report>
			<report>
				<misses>2550001</misses>
				<total>5</total>
				<timestamp>764.235186</timestamp>
			</report>
			<report>
				<misses>2551001</misses>
				<total>5</total>
				<timestamp>764.534918</timestamp>
			</report>
			<report>
				<misses>2552001</misses>
				<total>5</total>
				<timestamp>764.834585</timestamp>
			</report>
			<report>
				<misses>2553001</misses>
				<total>5</total>
				<timestamp>765.134309</timestamp>
			</report>
			<report>
				<misses>2554001</misses>
				<total>5</total>
				<timestamp>765.434002</timestamp>
			</report>
			<report>
				<misses>2555001</misses>
				<total>5</total>
				<timestamp>765.733674</timestamp>
			</report>
			<report>
				<misses>2556001</misses>
				<total>5</total>
				<timestamp>766.033370</timestamp>
			</report>
			<report>
				<misses>2557001</misses>
				<total>5</total>
				<timestamp>766.333133</timestamp>
			</report>
			<report>
				<misses>2558001</misses>
				<total>5</total>
				<timestamp>766.632830</timestamp>
			</report>
			<report>
				<misses>2559001</misses>
				<total>5</total>
				<timestamp>766.932472</timestamp>
			</report>
			<report>
				<misses>2560001</misses>
				<total>5</total>
				<timestamp>767.232174</timestamp>
			</report>
			<report>
				<misses>2561001</misses>
				<total>5</total>
				<timestamp>767.531926</timestamp>
			</report>
			<report>
				<misses>2562001</misses>
				<total>4</total>
				<timestamp>767.831686</timestamp>
			</report>
			<report>
				<misses>2563001</misses>
				<total>5</total>
				<timestamp>768.131269</timestamp>
			</report>
			<report>
				<misses>2564001</misses>
				<total>5</total>
				<timestamp>768.430999</timestamp>
			</report>
			<report>
				<misses>2565001</misses>
				<total>5</total>
				<timestamp>768.730676</timestamp>
			</report>
			<report>
				<misses>2566001</misses>
				<total>5</total>
				<timestamp>769.030372</timestamp>
			</report>
			<report>
				<misses>2567001</misses>
				<total>5</total>
				<timestamp>769.330078</timestamp>
			</report>
			<report>
				<misses>2568001</misses>
				<total>5</total>
				<timestamp>769.629827</timestamp>
			</report>
			<report>
				<misses>2569001</misses>
				<total>5</total>
				<timestamp>769.929471</timestamp>
			</report>
			<report>
				<misses>2570001</misses>
				<total>5</total>
				<timestamp>770.229220</timestamp>
			</report>
			<report>
				<misses>2571001</misses>
				<total>5</total>
				<timestamp>770.528883</timestamp>
			</report>
			<report>
				<misses>2572001</misses>
				<total>4</total>
				<timestamp>770.828661</timestamp>
			</report>
			<report>
				<misses>2573001</misses>
				<total>5</total>
				<timestamp>771.128273</timestamp>
			</report>
			<report>
				<misses>2574001</misses>
				<total>5</total>
				<timestamp>771.427990</timestamp>
			</report>
			<report>
				<misses>2575001</misses>
				<total>5</total>
				<timestamp>771.727699</timestamp>
			</report>
			<report>
				<misses>2576001</misses>
				<total>5</total>
				<timestamp>772.027368</timestamp>
			</report>
			<report>
				<misses>2577001</misses>
				<total>5</total>
				<timestamp>772.327092</timestamp>
			</report>
			<report>
				<misses>2578001</misses>
				<total>5</total>
				<timestamp>772.626814</timestamp>
			</report>
			<report>
				<misses>2579001</misses>
				<total>5</total>
				<timestamp>772.926482</timestamp>
			</report>
			<report>
				<misses>2580001</misses>
				<total>5</total>
				<timestamp>773.226168</timestamp>
			</report>
			<report>
				<misses>2581001</misses>
				<total>5</total>
				<timestamp>773.525894</timestamp>
			</report>
			<report>
				<misses>2582001</misses>
				<total>5</total>
				<timestamp>773.825590</timestamp>
			</report>
			<report>
				<misses>2583001</misses>
				<total>5</total>
				<timestamp>774.125272</timestamp>
			</report>
			<report>
				<misses>2584001</misses>
				<total>5</total>
				<timestamp>774.425019</timestamp>
			</report>
			<report>
				<misses>2585001</misses>
				<total>5</total>
				<timestamp>774.724693</timestamp>
			</report>
			<report>
				<misses>2586001</misses>
				<total>5</total>
				<timestamp>775.024379</timestamp>
			</report>
			<report>
				<misses>2587001</misses>
				<total>5</total>
				<timestamp>775.324092</timestamp>
			</report>
			<report>
				<misses>2588001</misses>
				<total>5</total>
				<timestamp>775.623797</timestamp>
			</report>
			<report>
				<misses>2589001</misses>
				<total>5</total>
				<timestamp>775.923457</timestamp>
			</report>
			<report>
				<misses>2590001</misses>
				<total>5</total>
				<timestamp>776.223178</timestamp>
			</report>
			<report>
				<misses>2591001</misses>
				<total>5</total>
				<timestamp>776.522956</timestamp>
			</report>
			<report>
				<misses>2592001</misses>
				<total>5</total>
				<timestamp>776.822642</timestamp>
			</report>
			<report>
				<misses>2593001</misses>
				<total>5</total>
				<timestamp>777.122272</timestamp>
			</report>
			<report>
				<misses>2594001</misses>
				<total>5</total>
				<timestamp>777.422034</timestamp>
			</report>
			<report>
				<misses>2595001</misses>
				<total>5</total>
				<timestamp>777.721769</timestamp>
			</report>
			<report>
				<misses>2596001</misses>
				<total>5</total>
				<timestamp>778.021371</timestamp>
			</report>
			<report>
				<misses>2597001</misses>
				<total>5</total>
				<timestamp>778.321069</timestamp>
			</report>
			<report>
				<misses>2598001</misses>
				<total>5</total>
				<timestamp>778.620822</timestamp>
			</report>
			<report>
				<misses>2599001</misses>
				<total>4</total>
				<timestamp>778.920577</timestamp>
			</report>
			<report>
				<misses>2600001</misses>
				<total>5</total>
				<timestamp>779.220180</timestamp>
			</report>
			<report>
				<misses>2601001</misses>
				<total>5</total>
				<timestamp>779.519893</timestamp>
			</report>
			<report>
				<misses>2602001</misses>
				<total>5</total>
				<timestamp>779.819630</timestamp>
			</report>
			<report>
				<misses>2603001</misses>
				<total>5</total>
				<timestamp>780.119264</timestamp>
			</report>
			<report>
				<misses>2604001</misses>
				<total>5</total>
				<timestamp>780.418984</timestamp>
			</report>
			<report>
				<misses>2605001</misses>
				<total>5</total>
				<timestamp>780.718679</timestamp>
			</report>
			<report>
				<misses>2606001</misses>
				<total>5</total>
				<timestamp>781.018363</timestamp>
			</report>
			<report>
				<misses>2607001</misses>
				<total>5</total>
				<timestamp>781.318119</timestamp>
			</report>
			<report>
				<misses>2608001</misses>
				<total>5</total>
				<timestamp>781.617811</timestamp>
			</report>
			<report>
				<misses>2609001</misses>
				<total>5</total>
				<timestamp>781.917468</timestamp>
			</report>
			<report>
				<misses>2610001</misses>
				<total>5</total>
				<timestamp>782.217176</timestamp>
			</report>
			<report>
				<misses>2611001</misses>
				<total>5</total>
				<timestamp>782.516926</timestamp>
			</report>
			<report>
				<misses>2612001</misses>
				<total>4</total>
				<timestamp>782.816692</timestamp>
			</report>
			<report>
				<misses>2613001</misses>
				<total>5</total>
				<timestamp>783.116354</timestamp>
			</report>
			<report>
				<misses>2614001</misses>
				<total>5</total>
				<timestamp>783.415982</timestamp>
			</report>
			<report>
				<misses>2615001</misses>
				<total>5</total>
				<timestamp>783.715756</timestamp>
			</report>
			<report>
				<misses>2616001</misses>
				<total>5</total>
				<timestamp>784.015364</timestamp>
			</report>
			<report>
				<misses>2617001</misses>
				<total>5</total>
				<timestamp>784.315091</timestamp>
			</report>
			<report>
				<misses>2618001</misses>
				<total>5</total>
				<timestamp>784.614785</timestamp>
			</report>
			<report>
				<misses>2619001</misses>
				<total>5</total>
				<timestamp>784.914499</timestamp>
			</report>
			<report>
				<misses>2620001</misses>
				<total>5</total>
				<timestamp>785.214190</timestamp>
			</report>
			<report>
				<misses>2621001</misses>
				<total>4</total>
				<timestamp>785.513980</timestamp>
			</report>
			<report>
				<misses>2622001</misses>
				<total>5</total>
				<timestamp>785.813563</timestamp>
			</report>
			<report>
				<misses>2623001</misses>
				<total>5</total>
				<timestamp>786.113278</timestamp>
			</report>
			<report>
				<misses>2624001</misses>
				<total>5</total>
				<timestamp>786.413044</timestamp>
			</report>
			<report>
				<misses>2625001</misses>
				<total>5</total>
				<timestamp>786.712742</timestamp>
			</report>
			<report>
				<misses>2626001</misses>
				<total>4</total>
				<timestamp>787.012460</timestamp>
			</report>
			<report>
				<misses>2627001</misses>
				<total>5</total>
				<timestamp>787.312072</timestamp>
			</report>
			<report>
				<misses>2628001</misses>
				<total>4</total>
				<timestamp>787.611870</timestamp>
			</report>
			<report>
				<misses>2629001</misses>
				<total>5</total>
				<timestamp>787.911464</timestamp>
			</report>
			<report>
				<misses>2630001</misses>
				<total>5</total>
				<timestamp>788.211178</timestamp>
			</report>
			<report>
				<misses>2631001</misses>
				<total>5</total>
				<timestamp>788.510927</timestamp>
			</report>
			<report>
				<misses>2632001</misses>
				<total>5</total>
				<timestamp>788.810638</timestamp>
			</report>
			<report>
				<misses>2633001</misses>
				<total>5</total>
				<timestamp>789.110270</timestamp>
			</report>
			<report>
				<misses>2634001</misses>
				<total>5</total>
				<timestamp>789.410004</timestamp>
			</report>
			<report>
				<misses>2635001</misses>
				<total>5</total>
				<timestamp>789.709740</timestamp>
			</report>
			<report>
				<misses>2636001</misses>
				<total>5</total>
				<timestamp>790.009381</timestamp>
			</report>
			<report>
				<misses>2637001</misses>
				<total>5</total>
				<timestamp>790.309125</timestamp>
			</report>
			<report>
				<misses>2638001</misses>
				<total>5</total>
				<timestamp>790.608790</timestamp>
			</report>
			<report>
				<misses>2639001</misses>
				<total>5</total>
				<timestamp>790.908515</timestamp>
			</report>
			<report>
				<misses>2640001</misses>
				<total>5</total>
				<timestamp>791.208184</timestamp>
			</report>
			<report>
				<misses>2641001</misses>
				<total>5</total>
				<timestamp>791.507867</timestamp>
			</report>
			<report>
				<misses>2642001</misses>
				<total>5</total>
				<timestamp>791.807570</timestamp>
			</report>
			<report>
				<misses>2643001</misses>
				<total>5</total>
				<timestamp>792.107283</timestamp>
			</report>
			<report>
				<misses>2644001</misses>
				<total>5</total>
				<timestamp>792.406976</timestamp>
			</report>
			<report>
				<misses>2645001</misses>
				<total>5</total>
				<timestamp>792.706716</timestamp>
			</report>
			<report>
				<misses>2646001</misses>
				<total>5</total>
				<timestamp>793.006380</timestamp>
			</report>
			<report>
				<misses>2647001</misses>
				<total>5</total>
				<timestamp>793.306080</timestamp>
			</report>
			<report>
				<misses>2648001</misses>
				<total>5</total>
				<timestamp>793.605859</timestamp>
			</report>
			<report>
				<misses>2649001</misses>
				<total>4</total>
				<timestamp>793.905584</timestamp>
			</report>
			<report>
				<misses>2650001</misses>
				<total>5</total>
				<timestamp>794.205169</timestamp>
			</report>
			<report>
				<misses>2651001</misses>
				<total>5</total>
				<timestamp>794.504868</timestamp>
			</report>
			<report>
				<misses>2652001</misses>
				<total>5</total>
				<timestamp>794.804558</timestamp>
			</report>
			<report>
				<misses>2653001</misses>
				<total>5</total>
				<timestamp>795.104268</timestamp>
			</report>
			<report>
				<misses>2654001</misses>
				<total>5</total>
				<timestamp>795.403977</timestamp>
			</report>
			<report>
				<misses>2655001</misses>
				<total>5</total>
				<timestamp>795.703703</timestamp>
			</report>
			<report>
				<misses>2656001</misses>
				<total>5</total>
				<timestamp>796.003379</timestamp>
			</report>
			<report>
				<misses>2657001</misses>
				<total>5</total>
				<timestamp>796.303074</timestamp>
			</report>
			<report>
				<misses>2658001</misses>
				<total>5</total>
				<timestamp>796.602805</timestamp>
			</report>
			<report>
				<misses>2659001</misses>
				<total>5</total>
				<timestamp>796.902459</timestamp>
			</report>
			<report>
				<misses>2660001</misses>
				<total>5</total>
				<timestamp>797.202176</timestamp>
			</report>
			<report>
				<misses>2661001</misses>
				<total>5</total>
				<timestamp>797.501895</timestamp>
			</report>
			<report>
				<misses>2662001</misses>
				<total>5</total>
				<timestamp>797.801627</timestamp>
			</report>
			<report>
				<misses>2663001</misses>
				<total>5</total>
				<timestamp>798.101357</timestamp>
			</report>
			<report>
				<misses>2664001</misses>
				<total>5</total>
				<timestamp>798.400993</timestamp>
			</report>
			<report>
				<misses>2665001</misses>
				<total>5</total>
				<timestamp>798.700713</timestamp>
			</report>
			<report>
				<misses>2666001</misses>
				<total>5</total>
				<timestamp>799.000379</timestamp>
			</report>
			<report>
				<misses>2667001</misses>
				<total>5</total>
				<timestamp>799.300061</timestamp>
			</report>
			<report>
				<misses>2668001</misses>
				<total>5</total>
				<timestamp>799.599813</timestamp>
			</report>
			<report>
				<misses>2669001</misses>
				<total>5</total>
				<timestamp>799.899477</timestamp>
			</report>
			<report>
				<misses>2670001</misses>
				<total>5</total>
				<timestamp>800.199167</timestamp>
			</report>
			<report>
				<misses>2671001</misses>
				<total>5</total>
				<timestamp>800.498883</timestamp>
			</report>
			<report>
				<misses>2672001</misses>
				<total>5</total>
				<timestamp>800.798643</timestamp>
			</report>
			<report>
				<misses>2673001</misses>
				<total>5</total>
				<timestamp>801.098273</timestamp>
			</report>
			<report>
				<misses>2674001</misses>
				<total>5</total>
				<timestamp>801.397982</timestamp>
			</report>
			<report>
				<misses>2675001</misses>
				<total>5</total>
				<timestamp>801.697697</timestamp>
			</report>
			<report>
				<misses>2676001</misses>
				<total>5</total>
				<timestamp>801.997394</timestamp>
			</report>
			<report>
				<misses>2677001</misses>
				<total>5</total>
				<timestamp>802.297089</timestamp>
			</report>
			<report>
				<misses>2678001</misses>
				<total>5</total>
				<timestamp>802.596784</timestamp>
			</report>
			<report>
				<misses>2679001</misses>
				<total>5</total>
				<timestamp>802.896462</timestamp>
			</report>
			<report>
				<misses>2680001</misses>
				<total>5</total>
				<timestamp>803.196160</timestamp>
			</report>
			<report>
				<misses>2681001</misses>
				<total>5</total>
				<timestamp>803.495876</timestamp>
			</report>
			<report>
				<misses>2682001</misses>
				<total>5</total>
				<timestamp>803.795664</timestamp>
			</report>
			<report>
				<misses>2683001</misses>
				<total>5</total>
				<timestamp>804.095284</timestamp>
			</report>
			<report>
				<misses>2684001</misses>
				<total>5</total>
				<timestamp>804.395000</timestamp>
			</report>
			<report>
				<misses>2685001</misses>
				<total>5</total>
				<timestamp>804.694666</timestamp>
			</report>
			<report>
				<misses>2686001</misses>
				<total>5</total>
				<timestamp>804.994376</timestamp>
			</report>
			<report>
				<misses>2687001</misses>
				<total>5</total>
				<timestamp>805.294064</timestamp>
			</report>
			<report>
				<misses>2688001</misses>
				<total>5</total>
				<timestamp>805.593771</timestamp>
			</report>
			<report>
				<misses>2689001</misses>
				<total>5</total>
				<timestamp>805.893467</timestamp>
			</report>
			<report>
				<misses>2690001</misses>
				<total>5</total>
				<timestamp>806.193175</timestamp>
			</report>
			<report>
				<misses>2691001</misses>
				<total>5</total>
				<timestamp>806.492913</timestamp>
			</report>
			<report>
				<misses>2692001</misses>
				<total>5</total>
				<timestamp>806.792683</timestamp>
			</report>
			<report>
				<misses>2693001</misses>
				<total>5</total>
				<timestamp>807.092369</timestamp>
			</report>
			<report>
				<misses>2694001</misses>
				<total>5</total>
				<timestamp>807.392042</timestamp>
			</report>
			<report>
				<misses>2695001</misses>
				<total>5</total>
				<timestamp>807.691711</timestamp>
			</report>
			<report>
				<misses>2696001</misses>
				<total>5</total>
				<timestamp>807.991434</timestamp>
			</report>
			<report>
				<misses>2697001</misses>
				<total>5</total>
				<timestamp>808.291058</timestamp>
			</report>
			<report>
				<misses>2698001</misses>
				<total>5</total>
				<timestamp>808.590785</timestamp>
			</report>
			<report>
				<misses>2699001</misses>
				<total>5</total>
				<timestamp>808.890502</timestamp>
			</report>
			<report>
				<misses>2700001</misses>
				<total>5</total>
				<timestamp>809.190174</timestamp>
			</report>
			<report>
				<misses>2701001</misses>
				<total>5</total>
				<timestamp>809.489882</timestamp>
			</report>
			<report>
				<misses>2702001</misses>
				<total>5</total>
				<timestamp>809.789620</timestamp>
			</report>
			<report>
				<misses>2703001</misses>
				<total>5</total>
				<timestamp>810.089272</timestamp>
			</report>
			<report>
				<misses>2704001</misses>
				<total>5</total>
				<timestamp>810.388991</timestamp>
			</report>
			<report>
				<misses>2705001</misses>
				<total>5</total>
				<timestamp>810.688707</timestamp>
			</report>
			<report>
				<misses>2706001</misses>
				<total>5</total>
				<timestamp>810.988380</timestamp>
			</report>
			<report>
				<misses>2707001</misses>
				<total>5</total>
				<timestamp>811.288074</timestamp>
			</report>
			<report>
				<misses>2708001</misses>
				<total>5</total>
				<timestamp>811.587767</timestamp>
			</report>
			<report>
				<misses>2709001</misses>
				<total>5</total>
				<timestamp>811.887486</timestamp>
			</report>
			<report>
				<misses>2710001</misses>
				<total>5</total>
				<timestamp>812.187170</timestamp>
			</report>
			<report>
				<misses>2711001</misses>
				<total>5</total>
				<timestamp>812.486873</timestamp>
			</report>
			<report>
				<misses>2712001</misses>
				<total>5</total>
				<timestamp>812.786656</timestamp>
			</report>
			<report>
				<misses>2713001</misses>
				<total>5</total>
				<timestamp>813.086276</timestamp>
			</report>
			<report>
				<misses>2714001</misses>
				<total>5</total>
				<timestamp>813.386063</timestamp>
			</report>
			<report>
				<misses>2715001</misses>
				<total>5</total>
				<timestamp>813.685702</timestamp>
			</report>
			<report>
				<misses>2716001</misses>
				<total>5</total>
				<timestamp>813.985404</timestamp>
			</report>
			<report>
				<misses>2717001</misses>
				<total>5</total>
				<timestamp>814.285113</timestamp>
			</report>
			<report>
				<misses>2718001</misses>
				<total>5</total>
				<timestamp>814.584767</timestamp>
			</report>
			<report>
				<misses>2719001</misses>
				<total>5</total>
				<timestamp>814.884612</timestamp>
			</report>
			<report>
				<misses>2720001</misses>
				<total>5</total>
				<timestamp>815.184164</timestamp>
			</report>
			<report>
				<misses>2721001</misses>
				<total>5</total>
				<timestamp>815.483895</timestamp>
			</report>
			<report>
				<misses>2722001</misses>
				<total>5</total>
				<timestamp>815.783683</timestamp>
			</report>
			<report>
				<misses>2723001</misses>
				<total>5</total>
				<timestamp>816.083272</timestamp>
			</report>
			<report>
				<misses>2724001</misses>
				<total>5</total>
				<timestamp>816.382977</timestamp>
			</report>
			<report>
				<misses>2725001</misses>
				<total>5</total>
				<timestamp>816.682673</timestamp>
			</report>
			<report>
				<misses>2726001</misses>
				<total>5</total>
				<timestamp>816.982434</timestamp>
			</report>
			<report>
				<misses>2727001</misses>
				<total>5</total>
				<timestamp>817.282080</timestamp>
			</report>
			<report>
				<misses>2728001</misses>
				<total>5</total>
				<timestamp>817.581805</timestamp>
			</report>
			<report>
				<misses>2729001</misses>
				<total>5</total>
				<timestamp>817.881482</timestamp>
			</report>
			<report>
				<misses>2730001</misses>
				<total>5</total>
				<timestamp>818.181171</timestamp>
			</report>
			<report>
				<misses>2731001</misses>
				<total>5</total>
				<timestamp>818.480872</timestamp>
			</report>
			<report>
				<misses>2732001</misses>
				<total>5</total>
				<timestamp>818.780595</timestamp>
			</report>
			<report>
				<misses>2733001</misses>
				<total>4</total>
				<timestamp>819.080355</timestamp>
			</report>
			<report>
				<misses>2734001</misses>
				<total>5</total>
				<timestamp>819.380005</timestamp>
			</report>
			<report>
				<misses>2735001</misses>
				<total>5</total>
				<timestamp>819.679687</timestamp>
			</report>
			<report>
				<misses>2736001</misses>
				<total>5</total>
				<timestamp>819.979476</timestamp>
			</report>
			<report>
				<misses>2737001</misses>
				<total>5</total>
				<timestamp>820.279058</timestamp>
			</report>
			<report>
				<misses>2738001</misses>
				<total>5</total>
				<timestamp>820.578768</timestamp>
			</report>
			<report>
				<misses>2739001</misses>
				<total>5</total>
				<timestamp>820.878509</timestamp>
			</report>
			<report>
				<misses>2740001</misses>
				<total>5</total>
				<timestamp>821.178185</timestamp>
			</report>
			<report>
				<misses>2741001</misses>
				<total>5</total>
				<timestamp>821.477884</timestamp>
			</report>
			<report>
				<misses>2742001</misses>
				<total>5</total>
				<timestamp>821.777620</timestamp>
			</report>
			<report>
				<misses>2743001</misses>
				<total>5</total>
				<timestamp>822.077285</timestamp>
			</report>
			<report>
				<misses>2744001</misses>
				<total>5</total>
				<timestamp>822.376996</timestamp>
			</report>
			<report>
				<misses>2745001</misses>
				<total>5</total>
				<timestamp>822.676673</timestamp>
			</report>
			<report>
				<misses>2746001</misses>
				<total>5</total>
				<timestamp>822.976384</timestamp>
			</report>
			<report>
				<misses>2747001</misses>
				<total>5</total>
				<timestamp>823.276061</timestamp>
			</report>
			<report>
				<misses>2748001</misses>
				<total>5</total>
				<timestamp>823.575777</timestamp>
			</report>
			<report>
				<misses>2749001</misses>
				<total>5</total>
				<timestamp>823.875550</timestamp>
			</report>
			<report>
				<misses>2750001</misses>
				<total>5</total>
				<timestamp>824.175167</timestamp>
			</report>
			<report>
				<misses>2751001</misses>
				<total>5</total>
				<timestamp>824.474879</timestamp>
			</report>
			<report>
				<misses>2752001</misses>
				<total>5</total>
				<timestamp>824.774643</timestamp>
			</report>
			<report>
				<misses>2753001</misses>
				<total>5</total>
				<timestamp>825.074275</timestamp>
			</report>
			<report>
				<misses>2754001</misses>
				<total>5</total>
				<timestamp>825.373986</timestamp>
			</report>
			<report>
				<misses>2755001</misses>
				<total>5</total>
				<timestamp>825.673688</timestamp>
			</report>
			<report>
				<misses>2756001</misses>
				<total>5</total>
				<timestamp>825.973382</timestamp>
			</report>
			<report>
				<misses>2757001</misses>
				<total>5</total>
				<timestamp>826.273057</timestamp>
			</report>
			<report>
				<misses>2758001</misses>
				<total>5</total>
				<timestamp>826.572764</timestamp>
			</report>
			<report>
				<misses>2759001</misses>
				<total>5</total>
				<timestamp>826.872500</timestamp>
			</report>
			<report>
				<misses>2760001</misses>
				<total>5</total>
				<timestamp>827.172223</timestamp>
			</report>
			<report>
				<misses>2761001</misses>
				<total>5</total>
				<timestamp>827.471870</timestamp>
			</report>
			<report>
				<misses>2762001</misses>
				<total>5</total>
				<timestamp>827.771591</timestamp>
			</report>
			<report>
				<misses>2763001</misses>
				<total>5</total>
				<timestamp>828.071267</timestamp>
			</report>
			<report>
				<misses>2764001</misses>
				<total>5</total>
				<timestamp>828.371058</timestamp>
			</report>
			<report>
				<misses>2765001</misses>
				<total>5</total>
				<timestamp>828.670683</timestamp>
			</report>
			<report>
				<misses>2766001</misses>
				<total>5</total>
				<timestamp>828.970387</timestamp>
			</report>
			<report>
				<misses>2767001</misses>
				<total>5</total>
				<timestamp>829.270072</timestamp>
			</report>
			<report>
				<misses>2768001</misses>
				<total>5</total>
				<timestamp>829.569777</timestamp>
			</report>
			<report>
				<misses>2769001</misses>
				<total>5</total>
				<timestamp>829.869570</timestamp>
			</report>
			<report>
				<misses>2770001</misses>
				<total>5</total>
				<timestamp>830.169180</timestamp>
			</report>
			<report>
				<misses>2771001</misses>
				<total>5</total>
				<timestamp>830.468912</timestamp>
			</report>
			<report>
				<misses>2772001</misses>
				<total>5</total>
				<timestamp>830.768591</timestamp>
			</report>
			<report>
				<misses>2773001</misses>
				<total>5</total>
				<timestamp>831.068352</timestamp>
			</report>
			<report>
				<misses>2774001</misses>
				<total>5</total>
				<timestamp>831.368004</timestamp>
			</report>
			<report>
				<misses>2775001</misses>
				<total>5</total>
				<timestamp>831.667673</timestamp>
			</report>
			<report>
				<misses>2776001</misses>
				<total>5</total>
				<timestamp>831.967464</timestamp>
			</report>
			<report>
				<misses>2777001</misses>
				<total>5</total>
				<timestamp>832.267065</timestamp>
			</report>
			<report>
				<misses>2778001</misses>
				<total>5</total>
				<timestamp>832.566781</timestamp>
			</report>
			<report>
				<misses>2779001</misses>
				<total>5</total>
				<timestamp>832.866614</timestamp>
			</report>
			<report>
				<misses>2780001</misses>
				<total>5</total>
				<timestamp>833.166170</timestamp>
			</report>
			<report>
				<misses>2781001</misses>
				<total>5</total>
				<timestamp>833.465940</timestamp>
			</report>
			<report>
				<misses>2782001</misses>
				<total>5</total>
				<timestamp>833.765580</timestamp>
			</report>
			<report>
				<misses>2783001</misses>
				<total>4</total>
				<timestamp>834.065421</timestamp>
			</report>
			<report>
				<misses>2784001</misses>
				<total>5</total>
				<timestamp>834.365034</timestamp>
			</report>
			<report>
				<misses>2785001</misses>
				<total>5</total>
				<timestamp>834.664684</timestamp>
			</report>
			<report>
				<misses>2786001</misses>
				<total>5</total>
				<timestamp>834.964440</timestamp>
			</report>
			<report>
				<misses>2787001</misses>
				<total>5</total>
				<timestamp>835.264067</timestamp>
			</report>
			<report>
				<misses>2788001</misses>
				<total>5</total>
				<timestamp>835.563804</timestamp>
			</report>
			<report>
				<misses>2789001</misses>
				<total>5</total>
				<timestamp>835.863505</timestamp>
			</report>
			<report>
				<misses>2790001</misses>
				<total>5</total>
				<timestamp>836.163165</timestamp>
			</report>
			<report>
				<misses>2791001</misses>
				<total>5</total>
				<timestamp>836.462867</timestamp>
			</report>
			<report>
				<misses>2792001</misses>
				<total>5</total>
				<timestamp>836.762555</timestamp>
			</report>
			<report>
				<misses>2793001</misses>
				<total>5</total>
				<timestamp>837.062319</timestamp>
			</report>
			<report>
				<misses>2794001</misses>
				<total>5</total>
				<timestamp>837.362047</timestamp>
			</report>
			<report>
				<misses>2795001</misses>
				<total>5</total>
				<timestamp>837.661685</timestamp>
			</report>
			<report>
				<misses>2796001</misses>
				<total>5</total>
				<timestamp>837.961480</timestamp>
			</report>
			<report>
				<misses>2797001</misses>
				<total>5</total>
				<timestamp>838.261077</timestamp>
			</report>
			<report>
				<misses>2798001</misses>
				<total>5</total>
				<timestamp>838.560765</timestamp>
			</report>
			<report>
				<misses>2799001</misses>
				<total>5</total>
				<timestamp>838.860538</timestamp>
			</report>
			<report>
				<misses>2800001</misses>
				<total>5</total>
				<timestamp>839.160171</timestamp>
			</report>
			<report>
				<misses>2801001</misses>
				<total>5</total>
				<timestamp>839.459904</timestamp>
			</report>
			<report>
				<misses>2802001</misses>
				<total>5</total>
				<timestamp>839.759569</timestamp>
			</report>
			<report>
				<misses>2803001</misses>
				<total>5</total>
				<timestamp>840.059273</timestamp>
			</report>
			<report>
				<misses>2804001</misses>
				<total>5</total>
				<timestamp>840.358981</timestamp>
			</report>
			<report>
				<misses>2805001</misses>
				<total>5</total>
				<timestamp>840.658679</timestamp>
			</report>
			<report>
				<misses>2806001</misses>
				<total>5</total>
				<timestamp>840.958424</timestamp>
			</report>
			<report>
				<misses>2807001</misses>
				<total>5</total>
				<timestamp>841.258113</timestamp>
			</report>
			<report>
				<misses>2808001</misses>
				<total>5</total>
				<timestamp>841.557785</timestamp>
			</report>
			<report>
				<misses>2809001</misses>
				<total>5</total>
				<timestamp>841.857517</timestamp>
			</report>
			<report>
				<misses>2810001</misses>
				<total>5</total>
				<timestamp>842.157174</timestamp>
			</report>
			<report>
				<misses>2811001</misses>
				<total>5</total>
				<timestamp>842.456863</timestamp>
			</report>
			<report>
				<misses>2812001</misses>
				<total>5</total>
				<timestamp>842.756586</timestamp>
			</report>
			<report>
				<misses>2813001</misses>
				<total>4</total>
				<timestamp>843.056428</timestamp>
			</report>
			<report>
				<misses>2814001</misses>
				<total>5</total>
				<timestamp>843.355991</timestamp>
			</report>
			<report>
				<misses>2815001</misses>
				<total>5</total>
				<timestamp>843.655684</timestamp>
			</report>
			<report>
				<misses>2816001</misses>
				<total>5</total>
				<timestamp>843.955433</timestamp>
			</report>
			<report>
				<misses>2817001</misses>
				<total>5</total>
				<timestamp>844.255068</timestamp>
			</report>
			<report>
				<misses>2818001</misses>
				<total>5</total>
				<timestamp>844.554791</timestamp>
			</report>
			<report>
				<misses>2819001</misses>
				<total>5</total>
				<timestamp>844.854494</timestamp>
			</report>
			<report>
				<misses>2820001</misses>
				<total>5</total>
				<timestamp>845.154175</timestamp>
			</report>
			<report>
				<misses>2821001</misses>
				<total>5</total>
				<timestamp>845.453879</timestamp>
			</report>
			<report>
				<misses>2822001</misses>
				<total>5</total>
				<timestamp>845.753576</timestamp>
			</report>
			<report>
				<misses>2823001</misses>
				<total>5</total>
				<timestamp>846.053281</timestamp>
			</report>
			<report>
				<misses>2824001</misses>
				<total>5</total>
				<timestamp>846.352973</timestamp>
			</report>
			<report>
				<misses>2825001</misses>
				<total>5</total>
				<timestamp>846.652707</timestamp>
			</report>
			<report>
				<misses>2826001</misses>
				<total>5</total>
				<timestamp>846.952382</timestamp>
			</report>
			<report>
				<misses>2827001</misses>
				<total>5</total>
				<timestamp>847.252082</timestamp>
			</report>
			<report>
				<misses>2828001</misses>
				<total>5</total>
				<timestamp>847.551764</timestamp>
			</report>
			<report>
				<misses>2829001</misses>
				<total>5</total>
				<timestamp>847.851501</timestamp>
			</report>
			<report>
				<misses>2830001</misses>
				<total>5</total>
				<timestamp>848.151274</timestamp>
			</report>
			<report>
				<misses>2831001</misses>
				<total>5</total>
				<timestamp>848.450891</timestamp>
			</report>
			<report>
				<misses>2832001</misses>
				<total>5</total>
				<timestamp>848.750625</timestamp>
			</report>
			<report>
				<misses>2833001</misses>
				<total>4</total>
				<timestamp>849.050449</timestamp>
			</report>
			<report>
				<misses>2834001</misses>
				<total>5</total>
				<timestamp>849.350013</timestamp>
			</report>
			<report>
				<misses>2835001</misses>
				<total>5</total>
				<timestamp>849.649714</timestamp>
			</report>
			<report>
				<misses>2836001</misses>
				<total>5</total>
				<timestamp>849.949481</timestamp>
			</report>
			<report>
				<misses>2837001</misses>
				<total>5</total>
				<timestamp>850.249068</timestamp>
			</report>
			<report>
				<misses>2838001</misses>
				<total>5</total>
				<timestamp>850.548768</timestamp>
			</report>
			<report>
				<misses>2839001</misses>
				<total>5</total>
				<timestamp>850.848502</timestamp>
			</report>
			<report>
				<misses>2840001</misses>
				<total>5</total>
				<timestamp>851.148229</timestamp>
			</report>
			<report>
				<misses>2841001</misses>
				<total>5</total>
				<timestamp>851.447859</timestamp>
			</report>
			<report>
				<misses>2842001</misses>
				<total>4</total>
				<timestamp>851.747709</timestamp>
			</report>
			<report>
				<misses>2843001</misses>
				<total>5</total>
				<timestamp>852.047365</timestamp>
			</report>
			<report>
				<misses>2844001</misses>
				<total>5</total>
				<timestamp>852.346991</timestamp>
			</report>
			<report>
				<misses>2845001</misses>
				<total>5</total>
				<timestamp>852.646682</timestamp>
			</report>
			<report>
				<misses>2846001</misses>
				<total>4</total>
				<timestamp>852.946483</timestamp>
			</report>
			<report>
				<misses>2847001</misses>
				<total>5</total>
				<timestamp>853.246070</timestamp>
			</report>
			<report>
				<misses>2848001</misses>
				<total>5</total>
				<timestamp>853.545819</timestamp>
			</report>
			<report>
				<misses>2849001</misses>
				<total>5</total>
				<timestamp>853.845472</timestamp>
			</report>
			<report>
				<misses>2850001</misses>
				<total>5</total>
				<timestamp>854.145240</timestamp>
			</report>
			<report>
				<misses>2851001</misses>
				<total>5</total>
				<timestamp>854.444870</timestamp>
			</report>
			<report>
				<misses>2852001</misses>
				<total>5</total>
				<timestamp>854.744581</timestamp>
			</report>
			<report>
				<misses>2853001</misses>
				<total>5</total>
				<timestamp>855.044327</timestamp>
			</report>
			<report>
				<misses>2854001</misses>
				<total>5</total>
				<timestamp>855.343991</timestamp>
			</report>
			<report>
				<misses>2855001</misses>
				<total>5</total>
				<timestamp>855.643723</timestamp>
			</report>
			<report>
				<misses>2856001</misses>
				<total>5</total>
				<timestamp>855.943437</timestamp>
			</report>
			<report>
				<misses>2857001</misses>
				<total>5</total>
				<timestamp>856.243081</timestamp>
			</report>
			<report>
				<misses>2858001</misses>
				<total>5</total>
				<timestamp>856.542810</timestamp>
			</report>
			<report>
				<misses>2859001</misses>
				<total>5</total>
				<timestamp>856.842488</timestamp>
			</report>
			<report>
				<misses>2860001</misses>
				<total>5</total>
				<timestamp>857.142184</timestamp>
			</report>
			<report>
				<misses>2861001</misses>
				<total>5</total>
				<timestamp>857.441872</timestamp>
			</report>
			<report>
				<misses>2862001</misses>
				<total>5</total>
				<timestamp>857.741568</timestamp>
			</report>
			<report>
				<misses>2863001</misses>
				<total>5</total>
				<timestamp>858.041399</timestamp>
			</report>
			<report>
				<misses>2864001</misses>
				<total>5</total>
				<timestamp>858.341005</timestamp>
			</report>
			<report>
				<misses>2865001</misses>
				<total>5</total>
				<timestamp>858.640666</timestamp>
			</report>
			<report>
				<misses>2866001</misses>
				<total>5</total>
				<timestamp>858.940381</timestamp>
			</report>
			<report>
				<misses>2867001</misses>
				<total>5</total>
				<timestamp>859.240094</timestamp>
			</report>
			<report>
				<misses>2868001</misses>
				<total>5</total>
				<timestamp>859.539773</timestamp>
			</report>
			<report>
				<misses>2869001</misses>
				<total>5</total>
				<timestamp>859.839488</timestamp>
			</report>
			<report>
				<misses>2870001</misses>
				<total>4</total>
				<timestamp>860.139266</timestamp>
			</report>
			<report>
				<misses>2871001</misses>
				<total>5</total>
				<timestamp>860.438862</timestamp>
			</report>
			<report>
				<misses>2872001</misses>
				<total>5</total>
				<timestamp>860.738573</timestamp>
			</report>
			<report>
				<misses>2873001</misses>
				<total>5</total>
				<timestamp>861.038344</timestamp>
			</report>
			<report>
				<misses>2874001</misses>
				<total>5</total>
				<timestamp>861.338008</timestamp>
			</report>
			<report>
				<misses>2875001</misses>
				<total>5</total>
				<timestamp>861.637673</timestamp>
			</report>
			<report>
				<misses>2876001</misses>
				<total>5</total>
				<timestamp>861.937384</timestamp>
			</report>
			<report>
				<misses>2877001</misses>
				<total>5</total>
				<timestamp>862.237066</timestamp>
			</report>
			<report>
				<misses>2878001</misses>
				<total>5</total>
				<timestamp>862.536783</timestamp>
			</report>
			<report>
				<misses>2879001</misses>
				<total>5</total>
				<timestamp>862.836495</timestamp>
			</report>
			<report>
				<misses>2880001</misses>
				<total>5</total>
				<timestamp>863.136249</timestamp>
			</report>
			<report>
				<misses>2881001</misses>
				<total>5</total>
				<timestamp>863.435870</timestamp>
			</report>
			<report>
				<misses>2882001</misses>
				<total>5</total>
				<timestamp>863.735589</timestamp>
			</report>
			<report>
				<misses>2883001</misses>
				<total>5</total>
				<timestamp>864.035296</timestamp>
			</report>
			<report>
				<misses>2884001</misses>
				<total>5</total>
				<timestamp>864.335019</timestamp>
			</report>
			<report>
				<misses>2885001</misses>
				<total>5</total>
				<timestamp>864.634683</timestamp>
			</report>
			<report>
				<misses>2886001</misses>
				<total>5</total>
				<timestamp>864.934367</timestamp>
			</report>
			<report>
				<misses>2887001</misses>
				<total>5</total>
				<timestamp>865.234072</timestamp>
			</report>
			<report>
				<misses>2888001</misses>
				<total>5</total>
				<timestamp>865.533790</timestamp>
			</report>
			<report>
				<misses>2889001</misses>
				<total>5</total>
				<timestamp>865.833468</timestamp>
			</report>
			<report>
				<misses>2890001</misses>
				<total>5</total>
				<timestamp>866.133232</timestamp>
			</report>
			<report>
				<misses>2891001</misses>
				<total>5</total>
				<timestamp>866.432884</timestamp>
			</report>
			<report>
				<misses>2892001</misses>
				<total>5</total>
				<timestamp>866.732578</timestamp>
			</report>
			<report>
				<misses>2893001</misses>
				<total>5</total>
				<timestamp>867.032380</timestamp>
			</report>
			<report>
				<misses>2894001</misses>
				<total>5</total>
				<timestamp>867.332028</timestamp>
			</report>
			<report>
				<misses>2895001</misses>
				<total>5</total>
				<timestamp>867.631689</timestamp>
			</report>
			<report>
				<misses>2896001</misses>
				<total>5</total>
				<timestamp>867.931377</timestamp>
			</report>
			<report>
				<misses>2897001</misses>
				<total>5</total>
				<timestamp>868.231170</timestamp>
			</report>
			<report>
				<misses>2898001</misses>
				<total>5</total>
				<timestamp>868.530788</timestamp>
			</report>
			<report>
				<misses>2899001</misses>
				<total>5</total>
				<timestamp>868.830462</timestamp>
			</report>
			<report>
				<misses>2900001</misses>
				<total>5</total>
				<timestamp>869.130184</timestamp>
			</report>
			<report>
				<misses>2901001</misses>
				<total>5</total>
				<timestamp>869.429876</timestamp>
			</report>
			<report>
				<misses>2902001</misses>
				<total>5</total>
				<timestamp>869.729582</timestamp>
			</report>
			<report>
				<misses>2903001</misses>
				<total>5</total>
				<timestamp>870.029287</timestamp>
			</report>
			<report>
				<misses>2904001</misses>
				<total>5</total>
				<timestamp>870.328994</timestamp>
			</report>
			<report>
				<misses>2905001</misses>
				<total>5</total>
				<timestamp>870.628680</timestamp>
			</report>
			<report>
				<misses>2906001</misses>
				<total>5</total>
				<timestamp>870.928390</timestamp>
			</report>
			<report>
				<misses>2907001</misses>
				<total>5</total>
				<timestamp>871.228133</timestamp>
			</report>
			<report>
				<misses>2908001</misses>
				<total>5</total>
				<timestamp>871.527780</timestamp>
			</report>
			<report>
				<misses>2909001</misses>
				<total>5</total>
				<timestamp>871.827476</timestamp>
			</report>
			<report>
				<misses>2910001</misses>
				<total>5</total>
				<timestamp>872.127196</timestamp>
			</report>
			<report>
				<misses>2911001</misses>
				<total>5</total>
				<timestamp>872.426871</timestamp>
			</report>
			<report>
				<misses>2912001</misses>
				<total>5</total>
				<timestamp>872.726584</timestamp>
			</report>
			<report>
				<misses>2913001</misses>
				<total>5</total>
				<timestamp>873.026297</timestamp>
			</report>
			<report>
				<misses>2914001</misses>
				<total>5</total>
				<timestamp>873.325980</timestamp>
			</report>
			<report>
				<misses>2915001</misses>
				<total>5</total>
				<timestamp>873.625669</timestamp>
			</report>
			<report>
				<misses>2916001</misses>
				<total>5</total>
				<timestamp>873.925408</timestamp>
			</report>
			<report>
				<misses>2917001</misses>
				<total>5</total>
				<timestamp>874.225102</timestamp>
			</report>
			<report>
				<misses>2918001</misses>
				<total>5</total>
				<timestamp>874.524770</timestamp>
			</report>
			<report>
				<misses>2919001</misses>
				<total>5</total>
				<timestamp>874.824567</timestamp>
			</report>
			<report>
				<misses>2920001</misses>
				<total>5</total>
				<timestamp>875.124219</timestamp>
			</report>
			<report>
				<misses>2921001</misses>
				<total>5</total>
				<timestamp>875.423871</timestamp>
			</report>
			<report>
				<misses>2922001</misses>
				<total>5</total>
				<timestamp>875.723576</timestamp>
			</report>
			<report>
				<misses>2923001</misses>
				<total>5</total>
				<timestamp>876.023301</timestamp>
			</report>
			<report>
				<misses>2924001</misses>
				<total>5</total>
				<timestamp>876.323010</timestamp>
			</report>
			<report>
				<misses>2925001</misses>
				<total>5</total>
				<timestamp>876.622661</timestamp>
			</report>
			<report>
				<misses>2926001</misses>
				<total>5</total>
				<timestamp>876.922391</timestamp>
			</report>
			<report>
				<misses>2927001</misses>
				<total>5</total>
				<timestamp>877.222082</timestamp>
			</report>
			<report>
				<misses>2928001</misses>
				<total>5</total>
				<timestamp>877.521847</timestamp>
			</report>
			<report>
				<misses>2929001</misses>
				<total>5</total>
				<timestamp>877.821575</timestamp>
			</report>
			<report>
				<misses>2930001</misses>
				<total>5</total>
				<timestamp>878.121285</timestamp>
			</report>
			<report>
				<misses>2931001</misses>
				<total>5</total>
				<timestamp>878.420900</timestamp>
			</report>
			<report>
				<misses>2932001</misses>
				<total>5</total>
				<timestamp>878.720600</timestamp>
			</report>
			<report>
				<misses>2933001</misses>
				<total>5</total>
				<timestamp>879.020344</timestamp>
			</report>
			<report>
				<misses>2934001</misses>
				<total>5</total>
				<timestamp>879.320018</timestamp>
			</report>
			<report>
				<misses>2935001</misses>
				<total>5</total>
				<timestamp>879.619674</timestamp>
			</report>
			<report>
				<misses>2936001</misses>
				<total>5</total>
				<timestamp>879.919378</timestamp>
			</report>
			<report>
				<misses>2937001</misses>
				<total>5</total>
				<timestamp>880.219122</timestamp>
			</report>
			<report>
				<misses>2938001</misses>
				<total>5</total>
				<timestamp>880.518769</timestamp>
			</report>
			<report>
				<misses>2939001</misses>
				<total>5</total>
				<timestamp>880.818477</timestamp>
			</report>
			<report>
				<misses>2940001</misses>
				<total>5</total>
				<timestamp>881.118172</timestamp>
			</report>
			<report>
				<misses>2941001</misses>
				<total>5</total>
				<timestamp>881.417880</timestamp>
			</report>
			<report>
				<misses>2942001</misses>
				<total>5</total>
				<timestamp>881.717567</timestamp>
			</report>
			<report>
				<misses>2943001</misses>
				<total>5</total>
				<timestamp>882.017290</timestamp>
			</report>
			<report>
				<misses>2944001</misses>
				<total>5</total>
				<timestamp>882.316989</timestamp>
			</report>
			<report>
				<misses>2945001</misses>
				<total>5</total>
				<timestamp>882.616676</timestamp>
			</report>
			<report>
				<misses>2946001</misses>
				<total>5</total>
				<timestamp>882.916432</timestamp>
			</report>
			<report>
				<misses>2947001</misses>
				<total>5</total>
				<timestamp>883.216093</timestamp>
			</report>
			<report>
				<misses>2948001</misses>
				<total>5</total>
				<timestamp>883.515794</timestamp>
			</report>
			<report>
				<misses>2949001</misses>
				<total>5</total>
				<timestamp>883.815479</timestamp>
			</report>
			<report>
				<misses>2950001</misses>
				<total>5</total>
				<timestamp>884.115238</timestamp>
			</report>
			<report>
				<misses>2951001</misses>
				<total>5</total>
				<timestamp>884.414895</timestamp>
			</report>
			<report>
				<misses>2952001</misses>
				<total>5</total>
				<timestamp>884.714570</timestamp>
			</report>
			<report>
				<misses>2953001</misses>
				<total>5</total>
				<timestamp>885.014264</timestamp>
			</report>
			<report>
				<misses>2954001</misses>
				<total>5</total>
				<timestamp>885.314004</timestamp>
			</report>
			<report>
				<misses>2955001</misses>
				<total>5</total>
				<timestamp>885.613671</timestamp>
			</report>
			<report>
				<misses>2956001</misses>
				<total>5</total>
				<timestamp>885.913406</timestamp>
			</report>
			<report>
				<misses>2957001</misses>
				<total>5</total>
				<timestamp>886.213155</timestamp>
			</report>
			<report>
				<misses>2958001</misses>
				<total>5</total>
				<timestamp>886.512771</timestamp>
			</report>
			<report>
				<misses>2959001</misses>
				<total>5</total>
				<timestamp>886.812473</timestamp>
			</report>
			<report>
				<misses>2960001</misses>
				<total>5</total>
				<timestamp>887.112220</timestamp>
			</report>
			<report>
				<misses>2961001</misses>
				<total>5</total>
				<timestamp>887.411864</timestamp>
			</report>
			<report>
				<misses>2962001</misses>
				<total>5</total>
				<timestamp>887.711566</timestamp>
			</report>
			<report>
				<misses>2963001</misses>
				<total>5</total>
				<timestamp>888.011280</timestamp>
			</report>
			<report>
				<misses>2964001</misses>
				<total>4</total>
				<timestamp>888.311106</timestamp>
			</report>
			<report>
				<misses>2965001</misses>
				<total>5</total>
				<timestamp>888.610714</timestamp>
			</report>
			<report>
				<misses>2966001</misses>
				<total>5</total>
				<timestamp>888.910365</timestamp>
			</report>
			<report>
				<misses>2967001</misses>
				<total>5</total>
				<timestamp>889.210142</timestamp>
			</report>
			<report>
				<misses>2968001</misses>
				<total>5</total>
				<timestamp>889.509773</timestamp>
			</report>
			<report>
				<misses>2969001</misses>
				<total>5</total>
				<timestamp>889.809468</timestamp>
			</report>
			<report>
				<misses>2970001</misses>
				<total>5</total>
				<timestamp>890.109223</timestamp>
			</report>
			<report>
				<misses>2971001</misses>
				<total>5</total>
				<timestamp>890.408882</timestamp>
			</report>
			<report>
				<misses>2972001</misses>
				<total>5</total>
				<timestamp>890.708577</timestamp>
			</report>
			<report>
				<misses>2973001</misses>
				<total>5</total>
				<timestamp>891.008267</timestamp>
			</report>
			<report>
				<misses>2974001</misses>
				<total>5</total>
				<timestamp>891.307990</timestamp>
			</report>
			<report>
				<misses>2975001</misses>
				<total>5</total>
				<timestamp>891.607679</timestamp>
			</report>
			<report>
				<misses>2976001</misses>
				<total>5</total>
				<timestamp>891.907442</timestamp>
			</report>
			<report>
				<misses>2977001</misses>
				<total>5</total>
				<timestamp>892.207083</timestamp>
			</report>
			<report>
				<misses>2978001</misses>
				<total>5</total>
				<timestamp>892.506769</timestamp>
			</report>
			<report>
				<misses>2979001</misses>
				<total>5</total>
				<timestamp>892.806469</timestamp>
			</report>
			<report>
				<misses>2980001</misses>
				<total>5</total>
				<timestamp>893.106224</timestamp>
			</report>
			<report>
				<misses>2981001</misses>
				<total>5</total>
				<timestamp>893.405867</timestamp>
			</report>
			<report>
				<misses>2982001</misses>
				<total>5</total>
				<timestamp>893.705566</timestamp>
			</report>
			<report>
				<misses>2983001</misses>
				<total>5</total>
				<timestamp>894.005279</timestamp>
			</report>
			<report>
				<misses>2984001</misses>
				<total>5</total>
				<timestamp>894.305013</timestamp>
			</report>
			<report>
				<misses>2985001</misses>
				<total>5</total>
				<timestamp>894.604667</timestamp>
			</report>
			<report>
				<misses>2986001</misses>
				<total>5</total>
				<timestamp>894.904361</timestamp>
			</report>
			<report>
				<misses>2987001</misses>
				<total>4</total>
				<timestamp>895.204191</timestamp>
			</report>
			<report>
				<misses>2988001</misses>
				<total>5</total>
				<timestamp>895.503778</timestamp>
			</report>
			<report>
				<misses>2989001</misses>
				<total>5</total>
				<timestamp>895.803487</timestamp>
			</report>
			<report>
				<misses>2990001</misses>
				<total>5</total>
				<timestamp>896.103263</timestamp>
			</report>
			<report>
				<misses>2991001</misses>
				<total>5</total>
				<timestamp>896.402890</timestamp>
			</report>
			<report>
				<misses>2992001</misses>
				<total>5</total>
				<timestamp>896.702589</timestamp>
			</report>
			<report>
				<misses>2993001</misses>
				<total>5</total>
				<timestamp>897.002275</timestamp>
			</report>
			<report>
				<misses>2994001</misses>
				<total>4</total>
				<timestamp>897.302089</timestamp>
			</report>
			<report>
				<misses>2995001</misses>
				<total>5</total>
				<timestamp>897.601668</timestamp>
			</report>
			<report>
				<misses>2996001</misses>
				<total>5</total>
				<timestamp>897.901367</timestamp>
			</report>
			<report>
				<misses>2997001</misses>
				<total>5</total>
				<timestamp>898.201075</timestamp>
			</report>
			<report>
				<misses>2998001</misses>
				<total>5</total>
				<timestamp>898.500768</timestamp>
			</report>
			<report>
				<misses>2999001</misses>
				<total>5</total>
				<timestamp>898.800478</timestamp>
			</report>
			<report>
				<misses>3000001</misses>
				<total>5</total>
				<timestamp>899.100231</timestamp>
			</report>
			<report>
				<misses>3001001</misses>
				<total>5</total>
				<timestamp>899.399881</timestamp>
			</report>
			<report>
				<misses>3002001</misses>
				<total>5</total>
				<timestamp>899.699582</timestamp>
			</report>
			<report>
				<misses>3003001</misses>
				<total>5</total>
				<timestamp>899.999264</timestamp>
			</report>
			<report>
				<misses>3004001</misses>
				<total>5</total>
				<timestamp>900.299079</timestamp>
			</report>
			<report>
				<misses>3005001</misses>
				<total>5</total>
				<timestamp>900.598681</timestamp>
			</report>
			<report>
				<misses>3006001</misses>
				<total>5</total>
				<timestamp>900.898423</timestamp>
			</report>
			<report>
				<misses>3007001</misses>
				<total>5</total>
				<timestamp>901.198109</timestamp>
			</report>
			<report>
				<misses>3008001</misses>
				<total>5</total>
				<timestamp>901.497776</timestamp>
			</report>
			<report>
				<misses>3009001</misses>
				<total>5</total>
				<timestamp>901.797475</timestamp>
			</report>
			<report>
				<misses>3010001</misses>
				<total>5</total>
				<timestamp>902.097169</timestamp>
			</report>
			<report>
				<misses>3011001</misses>
				<total>5</total>
				<timestamp>902.396878</timestamp>
			</report>
			<report>
				<misses>3012001</misses>
				<total>5</total>
				<timestamp>902.696631</timestamp>
			</report>
			<report>
				<misses>3013001</misses>
				<total>5</total>
				<timestamp>902.996273</timestamp>
			</report>
			<report>
				<misses>3014001</misses>
				<total>4</total>
				<timestamp>903.296100</timestamp>
			</report>
			<report>
				<misses>3015001</misses>
				<total>5</total>
				<timestamp>903.595673</timestamp>
			</report>
			<report>
				<misses>3016001</misses>
				<total>5</total>
				<timestamp>903.895374</timestamp>
			</report>
			<report>
				<misses>3017001</misses>
				<total>5</total>
				<timestamp>904.195076</timestamp>
			</report>
			<report>
				<misses>3018001</misses>
				<total>5</total>
				<timestamp>904.494770</timestamp>
			</report>
			<report>
				<misses>3019001</misses>
				<total>5</total>
				<timestamp>904.794461</timestamp>
			</report>
			<report>
				<misses>3020001</misses>
				<total>5</total>
				<timestamp>905.094166</timestamp>
			</report>
			<report>
				<misses>3021001</misses>
				<total>5</total>
				<timestamp>905.393881</timestamp>
			</report>
			<report>
				<misses>3022001</misses>
				<total>5</total>
				<timestamp>905.693597</timestamp>
			</report>
			<report>
				<misses>3023001</misses>
				<total>5</total>
				<timestamp>905.993265</timestamp>
			</report>
			<report>
				<misses>3024001</misses>
				<total>5</total>
				<timestamp>906.293013</timestamp>
			</report>
			<report>
				<misses>3025001</misses>
				<total>5</total>
				<timestamp>906.592671</timestamp>
			</report>
			<report>
				<misses>3026001</misses>
				<total>5</total>
				<timestamp>906.892387</timestamp>
			</report>
			<report>
				<misses>3027001</misses>
				<total>5</total>
				<timestamp>907.192094</timestamp>
			</report>
			<report>
				<misses>3028001</misses>
				<total>5</total>
				<timestamp>907.491769</timestamp>
			</report>
			<report>
				<misses>3029001</misses>
				<total>5</total>
				<timestamp>907.791471</timestamp>
			</report>
			<report>
				<misses>3030001</misses>
				<total>5</total>
				<timestamp>908.091159</timestamp>
			</report>
			<report>
				<misses>3031001</misses>
				<total>5</total>
				<timestamp>908.390880</timestamp>
			</report>
			<report>
				<misses>3032001</misses>
				<total>5</total>
				<timestamp>908.690579</timestamp>
			</report>
			<report>
				<misses>3033001</misses>
				<total>5</total>
				<timestamp>908.990275</timestamp>
			</report>
			<report>
				<misses>3034001</misses>
				<total>5</total>
				<timestamp>909.289994</timestamp>
			</report>
			<report>
				<misses>3035001</misses>
				<total>5</total>
				<timestamp>909.589675</timestamp>
			</report>
			<report>
				<misses>3036001</misses>
				<total>5</total>
				<timestamp>909.889379</timestamp>
			</report>
			<report>
				<misses>3037001</misses>
				<total>4</total>
				<timestamp>910.189178</timestamp>
			</report>
			<report>
				<misses>3038001</misses>
				<total>5</total>
				<timestamp>910.488772</timestamp>
			</report>
			<report>
				<misses>3039001</misses>
				<total>5</total>
				<timestamp>910.788484</timestamp>
			</report>
			<report>
				<misses>3040001</misses>
				<total>4</total>
				<timestamp>911.088287</timestamp>
			</report>
			<report>
				<misses>3041001</misses>
				<total>5</total>
				<timestamp>911.387878</timestamp>
			</report>
			<report>
				<misses>3042001</misses>
				<total>5</total>
				<timestamp>911.687567</timestamp>
			</report>
			<report>
				<misses>3043001</misses>
				<total>5</total>
				<timestamp>911.987275</timestamp>
			</report>
			<report>
				<misses>3044001</misses>
				<total>5</total>
				<timestamp>912.287027</timestamp>
			</report>
			<report>
				<misses>3045001</misses>
				<total>5</total>
				<timestamp>912.586676</timestamp>
			</report>
			<report>
				<misses>3046001</misses>
				<total>5</total>
				<timestamp>912.886370</timestamp>
			</report>
			<report>
				<misses>3047001</misses>
				<total>5</total>
				<timestamp>913.186075</timestamp>
			</report>
			<report>
				<misses>3048001</misses>
				<total>5</total>
				<timestamp>913.485770</timestamp>
			</report>
			<report>
				<misses>3049001</misses>
				<total>5</total>
				<timestamp>913.785484</timestamp>
			</report>
			<report>
				<misses>3050001</misses>
				<total>5</total>
				<timestamp>914.085173</timestamp>
			</report>
			<report>
				<misses>3051001</misses>
				<total>5</total>
				<timestamp>914.384959</timestamp>
			</report>
			<report>
				<misses>3052001</misses>
				<total>5</total>
				<timestamp>914.684562</timestamp>
			</report>
			<report>
				<misses>3053001</misses>
				<total>5</total>
				<timestamp>914.984274</timestamp>
			</report>
			<report>
				<misses>3054001</misses>
				<total>5</total>
				<timestamp>915.284015</timestamp>
			</report>
			<report>
				<misses>3055001</misses>
				<total>5</total>
				<timestamp>915.583671</timestamp>
			</report>
			<report>
				<misses>3056001</misses>
				<total>5</total>
				<timestamp>915.883369</timestamp>
			</report>
			<report>
				<misses>3057001</misses>
				<total>5</total>
				<timestamp>916.183136</timestamp>
			</report>
			<report>
				<misses>3058001</misses>
				<total>5</total>
				<timestamp>916.482787</timestamp>
			</report>
			<report>
				<misses>3059001</misses>
				<total>5</total>
				<timestamp>916.782488</timestamp>
			</report>
			<report>
				<misses>3060001</misses>
				<total>5</total>
				<timestamp>917.082170</timestamp>
			</report>
			<report>
				<misses>3061001</misses>
				<total>5</total>
				<timestamp>917.381930</timestamp>
			</report>
			<report>
				<misses>3062001</misses>
				<total>5</total>
				<timestamp>917.681580</timestamp>
			</report>
			<report>
				<misses>3063001</misses>
				<total>5</total>
				<timestamp>917.981266</timestamp>
			</report>
			<report>
				<misses>3064001</misses>
				<total>5</total>
				<timestamp>918.281049</timestamp>
			</report>
			<report>
				<misses>3065001</misses>
				<total>5</total>
				<timestamp>918.580676</timestamp>
			</report>
			<report>
				<misses>3066001</misses>
				<total>5</total>
				<timestamp>918.880372</timestamp>
			</report>
			<report>
				<misses>3067001</misses>
				<total>5</total>
				<timestamp>919.180091</timestamp>
			</report>
			<report>
				<misses>3068001</misses>
				<total>5</total>
				<timestamp>919.479775</timestamp>
			</report>
			<report>
				<misses>3069001</misses>
				<total>5</total>
				<timestamp>919.779457</timestamp>
			</report>
			<report>
				<misses>3070001</misses>
				<total>5</total>
				<timestamp>920.079191</timestamp>
			</report>
			<report>
				<misses>3071001</misses>
				<total>5</total>
				<timestamp>920.378896</timestamp>
			</report>
			<report>
				<misses>3072001</misses>
				<total>5</total>
				<timestamp>920.678663</timestamp>
			</report>
			<report>
				<misses>3073001</misses>
				<total>5</total>
				<timestamp>920.978263</timestamp>
			</report>
			<report>
				<misses>3074001</misses>
				<total>5</total>
				<timestamp>921.278009</timestamp>
			</report>
			<report>
				<misses>3075001</misses>
				<total>5</total>
				<timestamp>921.577663</timestamp>
			</report>
			<report>
				<misses>3076001</misses>
				<total>5</total>
				<timestamp>921.877365</timestamp>
			</report>
			<report>
				<misses>3077001</misses>
				<total>5</total>
				<timestamp>922.177134</timestamp>
			</report>
			<report>
				<misses>3078001</misses>
				<total>5</total>
				<timestamp>922.476802</timestamp>
			</report>
			<report>
				<misses>3079001</misses>
				<total>5</total>
				<timestamp>922.776469</timestamp>
			</report>
			<report>
				<misses>3080001</misses>
				<total>5</total>
				<timestamp>923.076163</timestamp>
			</report>
			<report>
				<misses>3081001</misses>
				<total>5</total>
				<timestamp>923.375934</timestamp>
			</report>
			<report>
				<misses>3082001</misses>
				<total>5</total>
				<timestamp>923.675583</timestamp>
			</report>
			<report>
				<misses>3083001</misses>
				<total>5</total>
				<timestamp>923.975263</timestamp>
			</report>
			<report>
				<misses>3084001</misses>
				<total>4</total>
				<timestamp>924.275071</timestamp>
			</report>
			<report>
				<misses>3085001</misses>
				<total>5</total>
				<timestamp>924.574671</timestamp>
			</report>
			<report>
				<misses>3086001</misses>
				<total>5</total>
				<timestamp>924.874371</timestamp>
			</report>
			<report>
				<misses>3087001</misses>
				<total>5</total>
				<timestamp>925.174082</timestamp>
			</report>
			<report>
				<misses>3088001</misses>
				<total>5</total>
				<timestamp>925.473833</timestamp>
			</report>
			<report>
				<misses>3089001</misses>
				<total>5</total>
				<timestamp>925.773475</timestamp>
			</report>
			<report>
				<misses>3090001</misses>
				<total>5</total>
				<timestamp>926.073259</timestamp>
			</report>
			<report>
				<misses>3091001</misses>
				<total>4</total>
				<timestamp>926.372986</timestamp>
			</report>
			<report>
				<misses>3092001</misses>
				<total>5</total>
				<timestamp>926.672582</timestamp>
			</report>
			<report>
				<misses>3093001</misses>
				<total>5</total>
				<timestamp>926.972267</timestamp>
			</report>
			<report>
				<misses>3094001</misses>
				<total>4</total>
				<timestamp>927.272088</timestamp>
			</report>
			<report>
				<misses>3095001</misses>
				<total>5</total>
				<timestamp>927.571683</timestamp>
			</report>
			<report>
				<misses>3096001</misses>
				<total>5</total>
				<timestamp>927.871371</timestamp>
			</report>
			<report>
				<misses>3097001</misses>
				<total>5</total>
				<timestamp>928.171119</timestamp>
			</report>
			<report>
				<misses>3098001</misses>
				<total>5</total>
				<timestamp>928.470823</timestamp>
			</report>
			<report>
				<misses>3099001</misses>
				<total>5</total>
				<timestamp>928.770475</timestamp>
			</report>
			<report>
				<misses>3100001</misses>
				<total>5</total>
				<timestamp>929.070191</timestamp>
			</report>
			<report>
				<misses>3101001</misses>
				<total>5</total>
				<timestamp>929.369929</timestamp>
			</report>
			<report>
				<misses>3102001</misses>
				<total>5</total>
				<timestamp>929.669571</timestamp>
			</report>
			<report>
				<misses>3103001</misses>
				<total>5</total>
				<timestamp>929.969283</timestamp>
			</report>
			<report>
				<misses>3104001</misses>
				<total>4</total>
				<timestamp>930.269099</timestamp>
			</report>
			<report>
				<misses>3105001</misses>
				<total>5</total>
				<timestamp>930.568687</timestamp>
			</report>
			<report>
				<misses>3106001</misses>
				<total>5</total>
				<timestamp>930.868372</timestamp>
			</report>
			<report>
				<misses>3107001</misses>
				<total>5</total>
				<timestamp>931.168086</timestamp>
			</report>
			<report>
				<misses>3108001</misses>
				<total>5</total>
				<timestamp>931.467824</timestamp>
			</report>
			<report>
				<misses>3109001</misses>
				<total>5</total>
				<timestamp>931.767466</timestamp>
			</report>
			<report>
				<misses>3110001</misses>
				<total>5</total>
				<timestamp>932.067182</timestamp>
			</report>
			<report>
				<misses>3111001</misses>
				<total>5</total>
				<timestamp>932.366954</timestamp>
			</report>
			<report>
				<misses>3112001</misses>
				<total>5</total>
				<timestamp>932.666613</timestamp>
			</report>
			<report>
				<misses>3113001</misses>
				<total>5</total>
				<timestamp>932.966303</timestamp>
			</report>
			<report>
				<misses>3114001</misses>
				<total>5</total>
				<timestamp>933.265996</timestamp>
			</report>
			<report>
				<misses>3115001</misses>
				<total>5</total>
				<timestamp>933.565658</timestamp>
			</report>
			<report>
				<misses>3116001</misses>
				<total>5</total>
				<timestamp>933.865367</timestamp>
			</report>
			<report>
				<misses>3117001</misses>
				<total>5</total>
				<timestamp>934.165145</timestamp>
			</report>
			<report>
				<misses>3118001</misses>
				<total>5</total>
				<timestamp>934.464852</timestamp>
			</report>
			<report>
				<misses>3119001</misses>
				<total>5</total>
				<timestamp>934.764486</timestamp>
			</report>
			<report>
				<misses>3120001</misses>
				<total>5</total>
				<timestamp>935.064165</timestamp>
			</report>
			<report>
				<misses>3121001</misses>
				<total>5</total>
				<timestamp>935.363881</timestamp>
			</report>
			<report>
				<misses>3122001</misses>
				<total>5</total>
				<timestamp>935.663569</timestamp>
			</report>
			<report>
				<misses>3123001</misses>
				<total>5</total>
				<timestamp>935.963277</timestamp>
			</report>
			<report>
				<misses>3124001</misses>
				<total>5</total>
				<timestamp>936.263060</timestamp>
			</report>
			<report>
				<misses>3125001</misses>
				<total>5</total>
				<timestamp>936.562673</timestamp>
			</report>
			<report>
				<misses>3126001</misses>
				<total>5</total>
				<timestamp>936.862377</timestamp>
			</report>
			<report>
				<misses>3127001</misses>
				<total>5</total>
				<timestamp>937.162071</timestamp>
			</report>
			<report>
				<misses>3128001</misses>
				<total>5</total>
				<timestamp>937.461868</timestamp>
			</report>
			<report>
				<misses>3129001</misses>
				<total>5</total>
				<timestamp>937.761478</timestamp>
			</report>
			<report>
				<misses>3130001</misses>
				<total>5</total>
				<timestamp>938.061173</timestamp>
			</report>
			<report>
				<misses>3131001</misses>
				<total>5</total>
				<timestamp>938.360926</timestamp>
			</report>
			<report>
				<misses>3132001</misses>
				<total>5</total>
				<timestamp>938.660576</timestamp>
			</report>
			<report>
				<misses>3133001</misses>
				<total>5</total>
				<timestamp>938.960272</timestamp>
			</report>
			<report>
				<misses>3134001</misses>
				<total>5</total>
				<timestamp>939.259998</timestamp>
			</report>
			<report>
				<misses>3135001</misses>
				<total>5</total>
				<timestamp>939.559682</timestamp>
			</report>
			<report>
				<misses>3136001</misses>
				<total>5</total>
				<timestamp>939.859456</timestamp>
			</report>
			<report>
				<misses>3137001</misses>
				<total>5</total>
				<timestamp>940.159086</timestamp>
			</report>
			<report>
				<misses>3138001</misses>
				<total>5</total>
				<timestamp>940.458773</timestamp>
			</report>
			<report>
				<misses>3139001</misses>
				<total>5</total>
				<timestamp>940.758463</timestamp>
			</report>
			<report>
				<misses>3140001</misses>
				<total>5</total>
				<timestamp>941.058194</timestamp>
			</report>
			<report>
				<misses>3141001</misses>
				<total>5</total>
				<timestamp>941.357885</timestamp>
			</report>
			<report>
				<misses>3142001</misses>
				<total>5</total>
				<timestamp>941.657577</timestamp>
			</report>
			<report>
				<misses>3143001</misses>
				<total>5</total>
				<timestamp>941.957276</timestamp>
			</report>
			<report>
				<misses>3144001</misses>
				<total>5</total>
				<timestamp>942.257017</timestamp>
			</report>
			<report>
				<misses>3145001</misses>
				<total>5</total>
				<timestamp>942.556700</timestamp>
			</report>
			<report>
				<misses>3146001</misses>
				<total>5</total>
				<timestamp>942.856370</timestamp>
			</report>
			<report>
				<misses>3147001</misses>
				<total>5</total>
				<timestamp>943.156065</timestamp>
			</report>
			<report>
				<misses>3148001</misses>
				<total>5</total>
				<timestamp>943.455778</timestamp>
			</report>
			<report>
				<misses>3149001</misses>
				<total>5</total>
				<timestamp>943.755464</timestamp>
			</report>
			<report>
				<misses>3150001</misses>
				<total>5</total>
				<timestamp>944.055181</timestamp>
			</report>
			<report>
				<misses>3151001</misses>
				<total>5</total>
				<timestamp>944.354915</timestamp>
			</report>
			<report>
				<misses>3152001</misses>
				<total>5</total>
				<timestamp>944.654643</timestamp>
			</report>
			<report>
				<misses>3153001</misses>
				<total>5</total>
				<timestamp>944.954277</timestamp>
			</report>
			<report>
				<misses>3154001</misses>
				<total>5</total>
				<timestamp>945.254012</timestamp>
			</report>
			<report>
				<misses>3155001</misses>
				<total>5</total>
				<timestamp>945.553702</timestamp>
			</report>
			<report>
				<misses>3156001</misses>
				<total>5</total>
				<timestamp>945.853392</timestamp>
			</report>
			<report>
				<misses>3157001</misses>
				<total>5</total>
				<timestamp>946.153134</timestamp>
			</report>
			<report>
				<misses>3158001</misses>
				<total>5</total>
				<timestamp>946.452832</timestamp>
			</report>
			<report>
				<misses>3159001</misses>
				<total>5</total>
				<timestamp>946.752479</timestamp>
			</report>
			<report>
				<misses>3160001</misses>
				<total>5</total>
				<timestamp>947.052173</timestamp>
			</report>
			<report>
				<misses>3161001</misses>
				<total>5</total>
				<timestamp>947.351903</timestamp>
			</report>
			<report>
				<misses>3162001</misses>
				<total>5</total>
				<timestamp>947.651564</timestamp>
			</report>
			<report>
				<misses>3163001</misses>
				<total>5</total>
				<timestamp>947.951290</timestamp>
			</report>
			<report>
				<misses>3164001</misses>
				<total>5</total>
				<timestamp>948.250995</timestamp>
			</report>
			<report>
				<misses>3165001</misses>
				<total>5</total>
				<timestamp>948.550704</timestamp>
			</report>
			<report>
				<misses>3166001</misses>
				<total>5</total>
				<timestamp>948.850371</timestamp>
			</report>
			<report>
				<misses>3167001</misses>
				<total>5</total>
				<timestamp>949.150151</timestamp>
			</report>
			<report>
				<misses>3168001</misses>
				<total>5</total>
				<timestamp>949.449848</timestamp>
			</report>
			<report>
				<misses>3169001</misses>
				<total>5</total>
				<timestamp>949.749472</timestamp>
			</report>
			<report>
				<misses>3170001</misses>
				<total>5</total>
				<timestamp>950.049175</timestamp>
			</report>
			<report>
				<misses>3171001</misses>
				<total>5</total>
				<timestamp>950.348879</timestamp>
			</report>
			<report>
				<misses>3172001</misses>
				<total>5</total>
				<timestamp>950.648580</timestamp>
			</report>
			<report>
				<misses>3173001</misses>
				<total>5</total>
				<timestamp>950.948263</timestamp>
			</report>
			<report>
				<misses>3174001</misses>
				<total>5</total>
				<timestamp>951.248004</timestamp>
			</report>
			<report>
				<misses>3175001</misses>
				<total>5</total>
				<timestamp>951.547790</timestamp>
			</report>
			<report>
				<misses>3176001</misses>
				<total>5</total>
				<timestamp>951.847376</timestamp>
			</report>
			<report>
				<misses>3177001</misses>
				<total>5</total>
				<timestamp>952.147062</timestamp>
			</report>
			<report>
				<misses>3178001</misses>
				<total>5</total>
				<timestamp>952.446826</timestamp>
			</report>
			<report>
				<misses>3179001</misses>
				<total>5</total>
				<timestamp>952.746469</timestamp>
			</report>
			<report>
				<misses>3180001</misses>
				<total>5</total>
				<timestamp>953.046164</timestamp>
			</report>
			<report>
				<misses>3181001</misses>
				<total>5</total>
				<timestamp>953.345891</timestamp>
			</report>
			<report>
				<misses>3182001</misses>
				<total>5</total>
				<timestamp>953.645568</timestamp>
			</report>
			<report>
				<misses>3183001</misses>
				<total>5</total>
				<timestamp>953.945289</timestamp>
			</report>
			<report>
				<misses>3184001</misses>
				<total>5</total>
				<timestamp>954.244983</timestamp>
			</report>
			<report>
				<misses>3185001</misses>
				<total>5</total>
				<timestamp>954.544691</timestamp>
			</report>
			<report>
				<misses>3186001</misses>
				<total>5</total>
				<timestamp>954.844373</timestamp>
			</report>
			<report>
				<misses>3187001</misses>
				<total>5</total>
				<timestamp>955.144064</timestamp>
			</report>
			<report>
				<misses>3188001</misses>
				<total>5</total>
				<timestamp>955.443869</timestamp>
			</report>
			<report>
				<misses>3189001</misses>
				<total>5</total>
				<timestamp>955.743474</timestamp>
			</report>
			<report>
				<misses>3190001</misses>
				<total>5</total>
				<timestamp>956.043220</timestamp>
			</report>
			<report>
				<misses>3191001</misses>
				<total>4</total>
				<timestamp>956.342980</timestamp>
			</report>
			<report>
				<misses>3192001</misses>
				<total>5</total>
				<timestamp>956.642598</timestamp>
			</report>
			<report>
				<misses>3193001</misses>
				<total>5</total>
				<timestamp>956.942319</timestamp>
			</report>
			<report>
				<misses>3194001</misses>
				<total>5</total>
				<timestamp>957.242032</timestamp>
			</report>
			<report>
				<misses>3195001</misses>
				<total>5</total>
				<timestamp>957.541683</timestamp>
			</report>
			<report>
				<misses>3196001</misses>
				<total>5</total>
				<timestamp>957.841402</timestamp>
			</report>
			<report>
				<misses>3197001</misses>
				<total>5</total>
				<timestamp>958.141119</timestamp>
			</report>
			<report>
				<misses>3198001</misses>
				<total>5</total>
				<timestamp>958.440801</timestamp>
			</report>
			<report>
				<misses>3199001</misses>
				<total>5</total>
				<timestamp>958.740479</timestamp>
			</report>
			<report>
				<misses>3200001</misses>
				<total>5</total>
				<timestamp>959.040176</timestamp>
			</report>
			<report>
				<misses>3201001</misses>
				<total>5</total>
				<timestamp>959.339905</timestamp>
			</report>
			<report>
				<misses>3202001</misses>
				<total>5</total>
				<timestamp>959.639593</timestamp>
			</report>
			<report>
				<misses>3203001</misses>
				<total>5</total>
				<timestamp>959.939279</timestamp>
			</report>
			<report>
				<misses>3204001</misses>
				<total>5</total>
				<timestamp>960.239061</timestamp>
			</report>
			<report>
				<misses>3205001</misses>
				<total>5</total>
				<timestamp>960.538686</timestamp>
			</report>
			<report>
				<misses>3206001</misses>
				<total>5</total>
				<timestamp>960.838374</timestamp>
			</report>
			<report>
				<misses>3207001</misses>
				<total>5</total>
				<timestamp>961.138093</timestamp>
			</report>
			<report>
				<misses>3208001</misses>
				<total>5</total>
				<timestamp>961.437859</timestamp>
			</report>
			<report>
				<misses>3209001</misses>
				<total>4</total>
				<timestamp>961.737618</timestamp>
			</report>
			<report>
				<misses>3210001</misses>
				<total>5</total>
				<timestamp>962.037173</timestamp>
			</report>
			<report>
				<misses>3211001</misses>
				<total>5</total>
				<timestamp>962.336868</timestamp>
			</report>
			<report>
				<misses>3212001</misses>
				<total>5</total>
				<timestamp>962.636600</timestamp>
			</report>
			<report>
				<misses>3213001</misses>
				<total>5</total>
				<timestamp>962.936274</timestamp>
			</report>
			<report>
				<misses>3214001</misses>
				<total>5</total>
				<timestamp>963.236006</timestamp>
			</report>
			<report>
				<misses>3215001</misses>
				<total>5</total>
				<timestamp>963.535729</timestamp>
			</report>
			<report>
				<misses>3216001</misses>
				<total>5</total>
				<timestamp>963.835452</timestamp>
			</report>
			<report>
				<misses>3217001</misses>
				<total>4</total>
				<timestamp>964.135164</timestamp>
			</report>
			<report>
				<misses>3218001</misses>
				<total>5</total>
				<timestamp>964.434784</timestamp>
			</report>
			<report>
				<misses>3219001</misses>
				<total>5</total>
				<timestamp>964.734509</timestamp>
			</report>
			<report>
				<misses>3220001</misses>
				<total>5</total>
				<timestamp>965.034249</timestamp>
			</report>
			<report>
				<misses>3221001</misses>
				<total>5</total>
				<timestamp>965.333882</timestamp>
			</report>
			<report>
				<misses>3222001</misses>
				<total>5</total>
				<timestamp>965.633641</timestamp>
			</report>
			<report>
				<misses>3223001</misses>
				<total>5</total>
				<timestamp>965.933265</timestamp>
			</report>
			<report>
				<misses>3224001</misses>
				<total>5</total>
				<timestamp>966.232985</timestamp>
			</report>
			<report>
				<misses>3225001</misses>
				<total>5</total>
				<timestamp>966.532740</timestamp>
			</report>
			<report>
				<misses>3226001</misses>
				<total>5</total>
				<timestamp>966.832409</timestamp>
			</report>
			<report>
				<misses>3227001</misses>
				<total>5</total>
				<timestamp>967.132108</timestamp>
			</report>
			<report>
				<misses>3228001</misses>
				<total>5</total>
				<timestamp>967.431835</timestamp>
			</report>
			<report>
				<misses>3229001</misses>
				<total>5</total>
				<timestamp>967.731473</timestamp>
			</report>
			<report>
				<misses>3230001</misses>
				<total>5</total>
				<timestamp>968.031191</timestamp>
			</report>
			<report>
				<misses>3231001</misses>
				<total>5</total>
				<timestamp>968.330874</timestamp>
			</report>
			<report>
				<misses>3232001</misses>
				<total>5</total>
				<timestamp>968.630628</timestamp>
			</report>
			<report>
				<misses>3233001</misses>
				<total>5</total>
				<timestamp>968.930326</timestamp>
			</report>
			<report>
				<misses>3234001</misses>
				<total>5</total>
				<timestamp>969.230008</timestamp>
			</report>
			<report>
				<misses>3235001</misses>
				<total>5</total>
				<timestamp>969.529756</timestamp>
			</report>
			<report>
				<misses>3236001</misses>
				<total>5</total>
				<timestamp>969.829417</timestamp>
			</report>
			<report>
				<misses>3237001</misses>
				<total>5</total>
				<timestamp>970.129126</timestamp>
			</report>
			<report>
				<misses>3238001</misses>
				<total>5</total>
				<timestamp>970.428776</timestamp>
			</report>
			<report>
				<misses>3239001</misses>
				<total>5</total>
				<timestamp>970.728496</timestamp>
			</report>
			<report>
				<misses>3240001</misses>
				<total>5</total>
				<timestamp>971.028167</timestamp>
			</report>
			<report>
				<misses>3241001</misses>
				<total>5</total>
				<timestamp>971.327863</timestamp>
			</report>
			<report>
				<misses>3242001</misses>
				<total>5</total>
				<timestamp>971.627569</timestamp>
			</report>
			<report>
				<misses>3243001</misses>
				<total>5</total>
				<timestamp>971.927275</timestamp>
			</report>
			<report>
				<misses>3244001</misses>
				<total>5</total>
				<timestamp>972.226998</timestamp>
			</report>
			<report>
				<misses>3245001</misses>
				<total>5</total>
				<timestamp>972.526715</timestamp>
			</report>
			<report>
				<misses>3246001</misses>
				<total>5</total>
				<timestamp>972.826369</timestamp>
			</report>
			<report>
				<misses>3247001</misses>
				<total>5</total>
				<timestamp>973.126167</timestamp>
			</report>
			<report>
				<misses>3248001</misses>
				<total>5</total>
				<timestamp>973.425782</timestamp>
			</report>
			<report>
				<misses>3249001</misses>
				<total>5</total>
				<timestamp>973.725501</timestamp>
			</report>
			<report>
				<misses>3250001</misses>
				<total>5</total>
				<timestamp>974.025166</timestamp>
			</report>
			<report>
				<misses>3251001</misses>
				<total>5</total>
				<timestamp>974.324948</timestamp>
			</report>
			<report>
				<misses>3252001</misses>
				<total>5</total>
				<timestamp>974.624603</timestamp>
			</report>
			<report>
				<misses>3253001</misses>
				<total>5</total>
				<timestamp>974.924323</timestamp>
			</report>
			<report>
				<misses>3254001</misses>
				<total>5</total>
				<timestamp>975.223993</timestamp>
			</report>
			<report>
				<misses>3255001</misses>
				<total>5</total>
				<timestamp>975.523683</timestamp>
			</report>
			<report>
				<misses>3256001</misses>
				<total>5</total>
				<timestamp>975.823361</timestamp>
			</report>
			<report>
				<misses>3257001</misses>
				<total>5</total>
				<timestamp>976.123066</timestamp>
			</report>
			<report>
				<misses>3258001</misses>
				<total>5</total>
				<timestamp>976.422850</timestamp>
			</report>
			<report>
				<misses>3259001</misses>
				<total>5</total>
				<timestamp>976.722528</timestamp>
			</report>
			<report>
				<misses>3260001</misses>
				<total>5</total>
				<timestamp>977.022174</timestamp>
			</report>
			<report>
				<misses>3261001</misses>
				<total>5</total>
				<timestamp>977.321877</timestamp>
			</report>
			<report>
				<misses>3262001</misses>
				<total>5</total>
				<timestamp>977.621633</timestamp>
			</report>
			<report>
				<misses>3263001</misses>
				<total>5</total>
				<timestamp>977.921276</timestamp>
			</report>
			<report>
				<misses>3264001</misses>
				<total>5</total>
				<timestamp>978.221017</timestamp>
			</report>
			<report>
				<misses>3265001</misses>
				<total>5</total>
				<timestamp>978.520683</timestamp>
			</report>
			<report>
				<misses>3266001</misses>
				<total>5</total>
				<timestamp>978.820388</timestamp>
			</report>
			<report>
				<misses>3267001</misses>
				<total>5</total>
				<timestamp>979.120100</timestamp>
			</report>
			<report>
				<misses>3268001</misses>
				<total>5</total>
				<timestamp>979.419859</timestamp>
			</report>
			<report>
				<misses>3269001</misses>
				<total>5</total>
				<timestamp>979.719510</timestamp>
			</report>
			<report>
				<misses>3270001</misses>
				<total>5</total>
				<timestamp>980.019191</timestamp>
			</report>
			<report>
				<misses>3271001</misses>
				<total>5</total>
				<timestamp>980.318917</timestamp>
			</report>
			<report>
				<misses>3272001</misses>
				<total>5</total>
				<timestamp>980.618567</timestamp>
			</report>
			<report>
				<misses>3273001</misses>
				<total>5</total>
				<timestamp>980.918263</timestamp>
			</report>
			<report>
				<misses>3274001</misses>
				<total>4</total>
				<timestamp>981.218082</timestamp>
			</report>
			<report>
				<misses>3275001</misses>
				<total>5</total>
				<timestamp>981.517722</timestamp>
			</report>
			<report>
				<misses>3276001</misses>
				<total>5</total>
				<timestamp>981.817367</timestamp>
			</report>
			<report>
				<misses>3277001</misses>
				<total>5</total>
				<timestamp>982.117063</timestamp>
			</report>
			<report>
				<misses>3278001</misses>
				<total>5</total>
				<timestamp>982.416770</timestamp>
			</report>
			<report>
				<misses>3279001</misses>
				<total>5</total>
				<timestamp>982.716503</timestamp>
			</report>
			<report>
				<misses>3280001</misses>
				<total>5</total>
				<timestamp>983.016165</timestamp>
			</report>
			<report>
				<misses>3281001</misses>
				<total>5</total>
				<timestamp>983.315934</timestamp>
			</report>
			<report>
				<misses>3282001</misses>
				<total>5</total>
				<timestamp>983.615633</timestamp>
			</report>
			<report>
				<misses>3283001</misses>
				<total>5</total>
				<timestamp>983.915276</timestamp>
			</report>
			<report>
				<misses>3284001</misses>
				<total>5</total>
				<timestamp>984.214989</timestamp>
			</report>
			<report>
				<misses>3285001</misses>
				<total>5</total>
				<timestamp>984.514665</timestamp>
			</report>
			<report>
				<misses>3286001</misses>
				<total>5</total>
				<timestamp>984.814379</timestamp>
			</report>
			<report>
				<misses>3287001</misses>
				<total>5</total>
				<timestamp>985.114161</timestamp>
			</report>
			<report>
				<misses>3288001</misses>
				<total>5</total>
				<timestamp>985.413815</timestamp>
			</report>
			<report>
				<misses>3289001</misses>
				<total>5</total>
				<timestamp>985.713495</timestamp>
			</report>
			<report>
				<misses>3290001</misses>
				<total>5</total>
				<timestamp>986.013235</timestamp>
			</report>
			<report>
				<misses>3291001</misses>
				<total>5</total>
				<timestamp>986.312863</timestamp>
			</report>
			<report>
				<misses>3292001</misses>
				<total>5</total>
				<timestamp>986.612590</timestamp>
			</report>
			<report>
				<misses>3293001</misses>
				<total>5</total>
				<timestamp>986.912263</timestamp>
			</report>
			<report>
				<misses>3294001</misses>
				<total>5</total>
				<timestamp>987.212008</timestamp>
			</report>
			<report>
				<misses>3295001</misses>
				<total>5</total>
				<timestamp>987.511733</timestamp>
			</report>
			<report>
				<misses>3296001</misses>
				<total>5</total>
				<timestamp>987.811399</timestamp>
			</report>
			<report>
				<misses>3297001</misses>
				<total>5</total>
				<timestamp>988.111070</timestamp>
			</report>
			<report>
				<misses>3298001</misses>
				<total>5</total>
				<timestamp>988.410791</timestamp>
			</report>
			<report>
				<misses>3299001</misses>
				<total>5</total>
				<timestamp>988.710490</timestamp>
			</report>
			<report>
				<misses>3300001</misses>
				<total>5</total>
				<timestamp>989.010167</timestamp>
			</report>
			<report>
				<misses>3301001</misses>
				<total>5</total>
				<timestamp>989.309881</timestamp>
			</report>
			<report>
				<misses>3302001</misses>
				<total>4</total>
				<timestamp>989.609671</timestamp>
			</report>
			<report>
				<misses>3303001</misses>
				<total>5</total>
				<timestamp>989.909286</timestamp>
			</report>
			<report>
				<misses>3304001</misses>
				<total>5</total>
				<timestamp>990.208989</timestamp>
			</report>
			<report>
				<misses>3305001</misses>
				<total>5</total>
				<timestamp>990.508757</timestamp>
			</report>
			<report>
				<misses>3306001</misses>
				<total>5</total>
				<timestamp>990.808479</timestamp>
			</report>
			<report>
				<misses>3307001</misses>
				<total>5</total>
				<timestamp>991.108075</timestamp>
			</report>
			<report>
				<misses>3308001</misses>
				<total>5</total>
				<timestamp>991.407766</timestamp>
			</report>
			<report>
				<misses>3309001</misses>
				<total>5</total>
				<timestamp>991.707488</timestamp>
			</report>
			<report>
				<misses>3310001</misses>
				<total>5</total>
				<timestamp>992.007176</timestamp>
			</report>
			<report>
				<misses>3311001</misses>
				<total>5</total>
				<timestamp>992.306873</timestamp>
			</report>
			<report>
				<misses>3312001</misses>
				<total>5</total>
				<timestamp>992.606559</timestamp>
			</report>
			<report>
				<misses>3313001</misses>
				<total>5</total>
				<timestamp>992.906271</timestamp>
			</report>
			<report>
				<misses>3314001</misses>
				<total>5</total>
				<timestamp>993.206074</timestamp>
			</report>
			<report>
				<misses>3315001</misses>
				<total>5</total>
				<timestamp>993.505685</timestamp>
			</report>
			<report>
				<misses>3316001</misses>
				<total>5</total>
				<timestamp>993.805400</timestamp>
			</report>
			<report>
				<misses>3317001</misses>
				<total>5</total>
				<timestamp>994.105083</timestamp>
			</report>
			<report>
				<misses>3318001</misses>
				<total>5</total>
				<timestamp>994.404759</timestamp>
			</report>
			<report>
				<misses>3319001</misses>
				<total>5</total>
				<timestamp>994.704559</timestamp>
			</report>
			<report>
				<misses>3320001</misses>
				<total>5</total>
				<timestamp>995.004231</timestamp>
			</report>
			<report>
				<misses>3321001</misses>
				<total>5</total>
				<timestamp>995.303874</timestamp>
			</report>
			<report>
				<misses>3322001</misses>
				<total>5</total>
				<timestamp>995.603634</timestamp>
			</report>
			<report>
				<misses>3323001</misses>
				<total>5</total>
				<timestamp>995.903275</timestamp>
			</report>
			<report>
				<misses>3324001</misses>
				<total>5</total>
				<timestamp>996.203053</timestamp>
			</report>
			<report>
				<misses>3325001</misses>
				<total>5</total>
				<timestamp>996.502740</timestamp>
			</report>
			<report>
				<misses>3326001</misses>
				<total>5</total>
				<timestamp>996.802392</timestamp>
			</report>
			<report>
				<misses>3327001</misses>
				<total>5</total>
				<timestamp>997.102082</timestamp>
			</report>
			<report>
				<misses>3328001</misses>
				<total>5</total>
				<timestamp>997.401770</timestamp>
			</report>
			<report>
				<misses>3329001</misses>
				<total>5</total>
				<timestamp>997.701546</timestamp>
			</report>
			<report>
				<misses>3330001</misses>
				<total>5</total>
				<timestamp>998.001168</timestamp>
			</report>
			<report>
				<misses>3331001</misses>
				<total>4</total>
				<timestamp>998.300968</timestamp>
			</report>
			<report>
				<misses>3332001</misses>
				<total>5</total>
				<timestamp>998.600662</timestamp>
			</report>
			<report>
				<misses>3333001</misses>
				<total>4</total>
				<timestamp>998.900404</timestamp>
			</report>
			<report>
				<misses>3334001</misses>
				<total>5</total>
				<timestamp>999.200066</timestamp>
			</report>
			<report>
				<misses>3335001</misses>
				<total>5</total>
				<timestamp>999.499740</timestamp>
			</report>
			<report>
				<misses>3336001</misses>
				<total>5</total>
				<timestamp>999.799406</timestamp>
			</report>
			<report>
				<misses>3337001</misses>
				<total>5</total>
				<timestamp>1000.099072</timestamp>
			</report>
			<report>
				<misses>3338001</misses>
				<total>5</total>
				<timestamp>1000.398766</timestamp>
			</report>
			<report>
				<misses>3339001</misses>
				<total>5</total>
				<timestamp>1000.698561</timestamp>
			</report>
			<report>
				<misses>3340001</misses>
				<total>5</total>
				<timestamp>1000.998189</timestamp>
			</report>
			<report>
				<misses>3341001</misses>
				<total>5</total>
				<timestamp>1001.297966</timestamp>
			</report>
			<report>
				<misses>3342001</misses>
				<total>5</total>
				<timestamp>1001.597562</timestamp>
			</report>
			<report>
				<misses>3343001</misses>
				<total>5</total>
				<timestamp>1001.897375</timestamp>
			</report>
			<report>
				<misses>3344001</misses>
				<total>4</total>
				<timestamp>1002.197102</timestamp>
			</report>
			<report>
				<misses>3345001</misses>
				<total>5</total>
				<timestamp>1002.496701</timestamp>
			</report>
			<report>
				<misses>3346001</misses>
				<total>5</total>
				<timestamp>1002.796405</timestamp>
			</report>
			<report>
				<misses>3347001</misses>
				<total>5</total>
				<timestamp>1003.096075</timestamp>
			</report>
			<report>
				<misses>3348001</misses>
				<total>5</total>
				<timestamp>1003.395766</timestamp>
			</report>
			<report>
				<misses>3349001</misses>
				<total>5</total>
				<timestamp>1003.695548</timestamp>
			</report>
			<report>
				<misses>3350001</misses>
				<total>4</total>
				<timestamp>1003.995286</timestamp>
			</report>
			<report>
				<misses>3351001</misses>
				<total>5</total>
				<timestamp>1004.294879</timestamp>
			</report>
			<report>
				<misses>3352001</misses>
				<total>5</total>
				<timestamp>1004.594589</timestamp>
			</report>
			<report>
				<misses>3353001</misses>
				<total>5</total>
				<timestamp>1004.894268</timestamp>
			</report>
			<report>
				<misses>3354001</misses>
				<total>5</total>
				<timestamp>1005.194058</timestamp>
			</report>
			<report>
				<misses>3355001</misses>
				<total>5</total>
				<timestamp>1005.493717</timestamp>
			</report>
			<report>
				<misses>3356001</misses>
				<total>5</total>
				<timestamp>1005.793369</timestamp>
			</report>
			<report>
				<misses>3357001</misses>
				<total>5</total>
				<timestamp>1006.093077</timestamp>
			</report>
			<report>
				<misses>3358001</misses>
				<total>5</total>
				<timestamp>1006.392783</timestamp>
			</report>
			<report>
				<misses>3359001</misses>
				<total>5</total>
				<timestamp>1006.692482</timestamp>
			</report>
			<report>
				<misses>3360001</misses>
				<total>5</total>
				<timestamp>1006.992194</timestamp>
			</report>
			<report>
				<misses>3361001</misses>
				<total>5</total>
				<timestamp>1007.291890</timestamp>
			</report>
			<report>
				<misses>3362001</misses>
				<total>4</total>
				<timestamp>1007.591662</timestamp>
			</report>
			<report>
				<misses>3363001</misses>
				<total>4</total>
				<timestamp>1007.891391</timestamp>
			</report>
			<report>
				<misses>3364001</misses>
				<total>5</total>
				<timestamp>1008.191075</timestamp>
			</report>
			<report>
				<misses>3365001</misses>
				<total>5</total>
				<timestamp>1008.490706</timestamp>
			</report>
			<report>
				<misses>3366001</misses>
				<total>5</total>
				<timestamp>1008.790394</timestamp>
			</report>
			<report>
				<misses>3367001</misses>
				<total>5</total>
				<timestamp>1009.090064</timestamp>
			</report>
			<report>
				<misses>3368001</misses>
				<total>5</total>
				<timestamp>1009.389781</timestamp>
			</report>
			<report>
				<misses>3369001</misses>
				<total>4</total>
				<timestamp>1009.689619</timestamp>
			</report>
			<report>
				<misses>3370001</misses>
				<total>5</total>
				<timestamp>1009.989185</timestamp>
			</report>
			<report>
				<misses>3371001</misses>
				<total>5</total>
				<timestamp>1010.288878</timestamp>
			</report>
			<report>
				<misses>3372001</misses>
				<total>5</total>
				<timestamp>1010.588570</timestamp>
			</report>
			<report>
				<misses>3373001</misses>
				<total>5</total>
				<timestamp>1010.888321</timestamp>
			</report>
			<report>
				<misses>3374001</misses>
				<total>5</total>
				<timestamp>1011.187969</timestamp>
			</report>
			<report>
				<misses>3375001</misses>
				<total>5</total>
				<timestamp>1011.487696</timestamp>
			</report>
			<report>
				<misses>3376001</misses>
				<total>5</total>
				<timestamp>1011.787369</timestamp>
			</report>
			<report>
				<misses>3377001</misses>
				<total>5</total>
				<timestamp>1012.087077</timestamp>
			</report>
			<report>
				<misses>3378001</misses>
				<total>5</total>
				<timestamp>1012.386818</timestamp>
			</report>
			<report>
				<misses>3379001</misses>
				<total>5</total>
				<timestamp>1012.686545</timestamp>
			</report>
			<report>
				<misses>3380001</misses>
				<total>5</total>
				<timestamp>1012.986174</timestamp>
			</report>
			<report>
				<misses>3381001</misses>
				<total>5</total>
				<timestamp>1013.285875</timestamp>
			</report>
			<report>
				<misses>3382001</misses>
				<total>5</total>
				<timestamp>1013.585575</timestamp>
			</report>
			<report>
				<misses>3383001</misses>
				<total>5</total>
				<timestamp>1013.885314</timestamp>
			</report>
			<report>
				<misses>3384001</misses>
				<total>5</total>
				<timestamp>1014.184985</timestamp>
			</report>
			<report>
				<misses>3385001</misses>
				<total>5</total>
				<timestamp>1014.484731</timestamp>
			</report>
			<report>
				<misses>3386001</misses>
				<total>5</total>
				<timestamp>1014.784416</timestamp>
			</report>
			<report>
				<misses>3387001</misses>
				<total>5</total>
				<timestamp>1015.084130</timestamp>
			</report>
			<report>
				<misses>3388001</misses>
				<total>5</total>
				<timestamp>1015.383804</timestamp>
			</report>
			<report>
				<misses>3389001</misses>
				<total>5</total>
				<timestamp>1015.683567</timestamp>
			</report>
			<report>
				<misses>3390001</misses>
				<total>5</total>
				<timestamp>1015.983167</timestamp>
			</report>
			<report>
				<misses>3391001</misses>
				<total>5</total>
				<timestamp>1016.282880</timestamp>
			</report>
			<report>
				<misses>3392001</misses>
				<total>5</total>
				<timestamp>1016.582562</timestamp>
			</report>
			<report>
				<misses>3393001</misses>
				<total>5</total>
				<timestamp>1016.882285</timestamp>
			</report>
			<report>
				<misses>3394001</misses>
				<total>5</total>
				<timestamp>1017.181998</timestamp>
			</report>
			<report>
				<misses>3395001</misses>
				<total>5</total>
				<timestamp>1017.481683</timestamp>
			</report>
			<report>
				<misses>3396001</misses>
				<total>5</total>
				<timestamp>1017.781386</timestamp>
			</report>
			<report>
				<misses>3397001</misses>
				<total>5</total>
				<timestamp>1018.081087</timestamp>
			</report>
			<report>
				<misses>3398001</misses>
				<total>5</total>
				<timestamp>1018.380803</timestamp>
			</report>
			<report>
				<misses>3399001</misses>
				<total>5</total>
				<timestamp>1018.680502</timestamp>
			</report>
			<report>
				<misses>3400001</misses>
				<total>5</total>
				<timestamp>1018.980175</timestamp>
			</report>
			<report>
				<misses>3401001</misses>
				<total>5</total>
				<timestamp>1019.279921</timestamp>
			</report>
			<report>
				<misses>3402001</misses>
				<total>5</total>
				<timestamp>1019.579570</timestamp>
			</report>
			<report>
				<misses>3403001</misses>
				<total>5</total>
				<timestamp>1019.879314</timestamp>
			</report>
			<report>
				<misses>3404001</misses>
				<total>5</total>
				<timestamp>1020.178985</timestamp>
			</report>
			<report>
				<misses>3405001</misses>
				<total>5</total>
				<timestamp>1020.478670</timestamp>
			</report>
			<report>
				<misses>3406001</misses>
				<total>5</total>
				<timestamp>1020.778457</timestamp>
			</report>
			<report>
				<misses>3407001</misses>
				<total>5</total>
				<timestamp>1021.078070</timestamp>
			</report>
			<report>
				<misses>3408001</misses>
				<total>5</total>
				<timestamp>1021.377813</timestamp>
			</report>
			<report>
				<misses>3409001</misses>
				<total>5</total>
				<timestamp>1021.677481</timestamp>
			</report>
			<report>
				<misses>3410001</misses>
				<total>5</total>
				<timestamp>1021.977203</timestamp>
			</report>
			<report>
				<misses>3411001</misses>
				<total>5</total>
				<timestamp>1022.276864</timestamp>
			</report>
			<report>
				<misses>3412001</misses>
				<total>5</total>
				<timestamp>1022.576583</timestamp>
			</report>
			<report>
				<misses>3413001</misses>
				<total>5</total>
				<timestamp>1022.876276</timestamp>
			</report>
			<report>
				<misses>3414001</misses>
				<total>5</total>
				<timestamp>1023.176006</timestamp>
			</report>
			<report>
				<misses>3415001</misses>
				<total>5</total>
				<timestamp>1023.475711</timestamp>
			</report>
			<report>
				<misses>3416001</misses>
				<total>5</total>
				<timestamp>1023.775419</timestamp>
			</report>
			<report>
				<misses>3417001</misses>
				<total>5</total>
				<timestamp>1024.075172</timestamp>
			</report>
			<report>
				<misses>3418001</misses>
				<total>6</total>
				<timestamp>1024.374777</timestamp>
			</report>
			<report>
				<misses>3419001</misses>
				<total>6</total>
				<timestamp>1024.674540</timestamp>
			</report>
			<report>
				<misses>3420001</misses>
				<total>6</total>
				<timestamp>1024.974207</timestamp>
			</report>
			<report>
				<misses>3421001</misses>
				<total>6</total>
				<timestamp>1025.273890</timestamp>
			</report>
			<report>
				<misses>3422001</misses>
				<total>6</total>
				<timestamp>1025.573576</timestamp>
			</report>
			<report>
				<misses>3423001</misses>
				<total>6</total>
				<timestamp>1025.873286</timestamp>
			</report>
			<report>
				<misses>3424001</misses>
				<total>6</total>
				<timestamp>1026.172985</timestamp>
			</report>
			<report>
				<misses>3425001</misses>
				<total>6</total>
				<timestamp>1026.472685</timestamp>
			</report>
			<report>
				<misses>3426001</misses>
				<total>6</total>
				<timestamp>1026.772478</timestamp>
			</report>
			<report>
				<misses>3427001</misses>
				<total>6</total>
				<timestamp>1027.072093</timestamp>
			</report>
			<report>
				<misses>3428001</misses>
				<total>6</total>
				<timestamp>1027.371780</timestamp>
			</report>
			<report>
				<misses>3429001</misses>
				<total>6</total>
				<timestamp>1027.671496</timestamp>
			</report>
			<report>
				<misses>3430001</misses>
				<total>6</total>
				<timestamp>1027.971235</timestamp>
			</report>
			<report>
				<misses>3431001</misses>
				<total>6</total>
				<timestamp>1028.270881</timestamp>
			</report>
			<report>
				<misses>3432001</misses>
				<total>6</total>
				<timestamp>1028.570568</timestamp>
			</report>
			<report>
				<misses>3433001</misses>
				<total>6</total>
				<timestamp>1028.870295</timestamp>
			</report>
			<report>
				<misses>3434001</misses>
				<total>6</total>
				<timestamp>1029.169982</timestamp>
			</report>
			<report>
				<misses>3435001</misses>
				<total>6</total>
				<timestamp>1029.469690</timestamp>
			</report>
			<report>
				<misses>3436001</misses>
				<total>6</total>
				<timestamp>1029.769381</timestamp>
			</report>
			<report>
				<misses>3437001</misses>
				<total>6</total>
				<timestamp>1030.069079</timestamp>
			</report>
			<report>
				<misses>3438001</misses>
				<total>6</total>
				<timestamp>1030.368779</timestamp>
			</report>
			<report>
				<misses>3439001</misses>
				<total>6</total>
				<timestamp>1030.668505</timestamp>
			</report>
			<report>
				<misses>3440001</misses>
				<total>6</total>
				<timestamp>1030.968180</timestamp>
			</report>
			<report>
				<misses>3441001</misses>
				<total>6</total>
				<timestamp>1031.267880</timestamp>
			</report>
			<report>
				<misses>3442001</misses>
				<total>6</total>
				<timestamp>1031.567570</timestamp>
			</report>
			<report>
				<misses>3443001</misses>
				<total>6</total>
				<timestamp>1031.867336</timestamp>
			</report>
			<report>
				<misses>3444001</misses>
				<total>6</total>
				<timestamp>1032.166997</timestamp>
			</report>
			<report>
				<misses>3445001</misses>
				<total>6</total>
				<timestamp>1032.466675</timestamp>
			</report>
			<report>
				<misses>3446001</misses>
				<total>6</total>
				<timestamp>1032.766441</timestamp>
			</report>
			<report>
				<misses>3447001</misses>
				<total>6</total>
				<timestamp>1033.066099</timestamp>
			</report>
			<report>
				<misses>3448001</misses>
				<total>6</total>
				<timestamp>1033.365763</timestamp>
			</report>
			<report>
				<misses>3449001</misses>
				<total>6</total>
				<timestamp>1033.665467</timestamp>
			</report>
			<report>
				<misses>3450001</misses>
				<total>6</total>
				<timestamp>1033.965209</timestamp>
			</report>
			<report>
				<misses>3451001</misses>
				<total>6</total>
				<timestamp>1034.264875</timestamp>
			</report>
			<report>
				<misses>3452001</misses>
				<total>5</total>
				<timestamp>1034.564679</timestamp>
			</report>
			<report>
				<misses>3453001</misses>
				<total>6</total>
				<timestamp>1034.864295</timestamp>
			</report>
			<report>
				<misses>3454001</misses>
				<total>6</total>
				<timestamp>1035.164000</timestamp>
			</report>
			<report>
				<misses>3455001</misses>
				<total>6</total>
				<timestamp>1035.463718</timestamp>
			</report>
			<report>
				<misses>3456001</misses>
				<total>6</total>
				<timestamp>1035.763418</timestamp>
			</report>
			<report>
				<misses>3457001</misses>
				<total>6</total>
				<timestamp>1036.063074</timestamp>
			</report>
			<report>
				<misses>3458001</misses>
				<total>6</total>
				<timestamp>1036.362847</timestamp>
			</report>
			<report>
				<misses>3459001</misses>
				<total>6</total>
				<timestamp>1036.662480</timestamp>
			</report>
			<report>
				<misses>3460001</misses>
				<total>6</total>
				<timestamp>1036.962179</timestamp>
			</report>
			<report>
				<misses>3461001</misses>
				<total>6</total>
				<timestamp>1037.261881</timestamp>
			</report>
			<report>
				<misses>3462001</misses>
				<total>6</total>
				<timestamp>1037.561565</timestamp>
			</report>
			<report>
				<misses>3463001</misses>
				<total>5</total>
				<timestamp>1037.861379</timestamp>
			</report>
			<report>
				<misses>3464001</misses>
				<total>6</total>
				<timestamp>1038.161031</timestamp>
			</report>
			<report>
				<misses>3465001</misses>
				<total>6</total>
				<timestamp>1038.460698</timestamp>
			</report>
			<report>
				<misses>3466001</misses>
				<total>6</total>
				<timestamp>1038.760370</timestamp>
			</report>
			<report>
				<misses>3467001</misses>
				<total>6</total>
				<timestamp>1039.060076</timestamp>
			</report>
			<report>
				<misses>3468001</misses>
				<total>6</total>
				<timestamp>1039.359787</timestamp>
			</report>
			<report>
				<misses>3469001</misses>
				<total>5</total>
				<timestamp>1039.659579</timestamp>
			</report>
			<report>
				<misses>3470001</misses>
				<total>6</total>
				<timestamp>1039.959240</timestamp>
			</report>
			<report>
				<misses>3471001</misses>
				<total>6</total>
				<timestamp>1040.258889</timestamp>
			</report>
			<report>
				<misses>3472001</misses>
				<total>6</total>
				<timestamp>1040.558570</timestamp>
			</report>
			<report>
				<misses>3473001</misses>
				<total>6</total>
				<timestamp>1040.858282</timestamp>
			</report>
			<report>
				<misses>3474001</misses>
				<total>6</total>
				<timestamp>1041.158003</timestamp>
			</report>
			<report>
				<misses>3475001</misses>
				<total>6</total>
				<timestamp>1041.457668</timestamp>
			</report>
			<report>
				<misses>3476001</misses>
				<total>6</total>
				<timestamp>1041.757427</timestamp>
			</report>
			<report>
				<misses>3477001</misses>
				<total>6</total>
				<timestamp>1042.057129</timestamp>
			</report>
			<report>
				<misses>3478001</misses>
				<total>6</total>
				<timestamp>1042.356769</timestamp>
			</report>
			<report>
				<misses>3479001</misses>
				<total>6</total>
				<timestamp>1042.656478</timestamp>
			</report>
			<report>
				<misses>3480001</misses>
				<total>6</total>
				<timestamp>1042.956199</timestamp>
			</report>
			<report>
				<misses>3481001</misses>
				<total>6</total>
				<timestamp>1043.255861</timestamp>
			</report>
			<report>
				<misses>3482001</misses>
				<total>6</total>
				<timestamp>1043.555559</timestamp>
			</report>
			<report>
				<misses>3483001</misses>
				<total>6</total>
				<timestamp>1043.855266</timestamp>
			</report>
			<report>
				<misses>3484001</misses>
				<total>6</total>
				<timestamp>1044.155080</timestamp>
			</report>
			<report>
				<misses>3485001</misses>
				<total>6</total>
				<timestamp>1044.454660</timestamp>
			</report>
			<report>
				<misses>3486001</misses>
				<total>6</total>
				<timestamp>1044.754369</timestamp>
			</report>
			<report>
				<misses>3487001</misses>
				<total>6</total>
				<timestamp>1045.054140</timestamp>
			</report>
			<report>
				<misses>3488001</misses>
				<total>6</total>
				<timestamp>1045.353771</timestamp>
			</report>
			<report>
				<misses>3489001</misses>
				<total>6</total>
				<timestamp>1045.653481</timestamp>
			</report>
			<report>
				<misses>3490001</misses>
				<total>6</total>
				<timestamp>1045.953179</timestamp>
			</report>
			<report>
				<misses>3491001</misses>
				<total>6</total>
				<timestamp>1046.252876</timestamp>
			</report>
			<report>
				<misses>3492001</misses>
				<total>6</total>
				<timestamp>1046.552579</timestamp>
			</report>
			<report>
				<misses>3493001</misses>
				<total>5</total>
				<timestamp>1046.852354</timestamp>
			</report>
			<report>
				<misses>3494001</misses>
				<total>6</total>
				<timestamp>1047.152006</timestamp>
			</report>
			<report>
				<misses>3495001</misses>
				<total>6</total>
				<timestamp>1047.451676</timestamp>
			</report>
			<report>
				<misses>3496001</misses>
				<total>6</total>
				<timestamp>1047.751369</timestamp>
			</report>
			<report>
				<misses>3497001</misses>
				<total>6</total>
				<timestamp>1048.051093</timestamp>
			</report>
			<report>
				<misses>3498001</misses>
				<total>6</total>
				<timestamp>1048.350787</timestamp>
			</report>
			<report>
				<misses>3499001</misses>
				<total>6</total>
				<timestamp>1048.650548</timestamp>
			</report>
			<report>
				<misses>3500001</misses>
				<total>6</total>
				<timestamp>1048.950216</timestamp>
			</report>
			<report>
				<misses>3501001</misses>
				<total>6</total>
				<timestamp>1049.249879</timestamp>
			</report>
			<report>
				<misses>3502001</misses>
				<total>6</total>
				<timestamp>1049.549587</timestamp>
			</report>
			<report>
				<misses>3503001</misses>
				<total>6</total>
				<timestamp>1049.849300</timestamp>
			</report>
			<report>
				<misses>3504001</misses>
				<total>6</total>
				<timestamp>1050.149085</timestamp>
			</report>
			<report>
				<misses>3505001</misses>
				<total>6</total>
				<timestamp>1050.448675</timestamp>
			</report>
			<report>
				<misses>3506001</misses>
				<total>6</total>
				<timestamp>1050.748390</timestamp>
			</report>
			<report>
				<misses>3507001</misses>
				<total>6</total>
				<timestamp>1051.048106</timestamp>
			</report>
			<report>
				<misses>3508001</misses>
				<total>6</total>
				<timestamp>1051.347758</timestamp>
			</report>
			<report>
				<misses>3509001</misses>
				<total>6</total>
				<timestamp>1051.647546</timestamp>
			</report>
			<report>
				<misses>3510001</misses>
				<total>6</total>
				<timestamp>1051.947188</timestamp>
			</report>
			<report>
				<misses>3511001</misses>
				<total>5</total>
				<timestamp>1052.246972</timestamp>
			</report>
			<report>
				<misses>3512001</misses>
				<total>6</total>
				<timestamp>1052.546577</timestamp>
			</report>
			<report>
				<misses>3513001</misses>
				<total>6</total>
				<timestamp>1052.846286</timestamp>
			</report>
			<report>
				<misses>3514001</misses>
				<total>6</total>
				<timestamp>1053.145984</timestamp>
			</report>
			<report>
				<misses>3515001</misses>
				<total>5</total>
				<timestamp>1053.445785</timestamp>
			</report>
			<report>
				<misses>3516001</misses>
				<total>6</total>
				<timestamp>1053.745388</timestamp>
			</report>
			<report>
				<misses>3517001</misses>
				<total>6</total>
				<timestamp>1054.045076</timestamp>
			</report>
			<report>
				<misses>3518001</misses>
				<total>6</total>
				<timestamp>1054.344842</timestamp>
			</report>
			<report>
				<misses>3519001</misses>
				<total>6</total>
				<timestamp>1054.644515</timestamp>
			</report>
			<report>
				<misses>3520001</misses>
				<total>6</total>
				<timestamp>1054.944173</timestamp>
			</report>
			<report>
				<misses>3521001</misses>
				<total>6</total>
				<timestamp>1055.243882</timestamp>
			</report>
			<report>
				<misses>3522001</misses>
				<total>6</total>
				<timestamp>1055.543712</timestamp>
			</report>
			<report>
				<misses>3523001</misses>
				<total>6</total>
				<timestamp>1055.843373</timestamp>
			</report>
			<report>
				<misses>3524001</misses>
				<total>6</total>
				<timestamp>1056.143055</timestamp>
			</report>
			<report>
				<misses>3525001</misses>
				<total>6</total>
				<timestamp>1056.442676</timestamp>
			</report>
			<report>
				<misses>3526001</misses>
				<total>6</total>
				<timestamp>1056.742380</timestamp>
			</report>
			<report>
				<misses>3527001</misses>
				<total>6</total>
				<timestamp>1057.042058</timestamp>
			</report>
			<report>
				<misses>3528001</misses>
				<total>6</total>
				<timestamp>1057.341785</timestamp>
			</report>
			<report>
				<misses>3529001</misses>
				<total>6</total>
				<timestamp>1057.641493</timestamp>
			</report>
			<report>
				<misses>3530001</misses>
				<total>6</total>
				<timestamp>1057.941163</timestamp>
			</report>
			<report>
				<misses>3531001</misses>
				<total>6</total>
				<timestamp>1058.240885</timestamp>
			</report>
			<report>
				<misses>3532001</misses>
				<total>6</total>
				<timestamp>1058.540569</timestamp>
			</report>
			<report>
				<misses>3533001</misses>
				<total>6</total>
				<timestamp>1058.840340</timestamp>
			</report>
			<report>
				<misses>3534001</misses>
				<total>6</total>
				<timestamp>1059.140056</timestamp>
			</report>
			<report>
				<misses>3535001</misses>
				<total>6</total>
				<timestamp>1059.439674</timestamp>
			</report>
			<report>
				<misses>3536001</misses>
				<total>6</total>
				<timestamp>1059.739420</timestamp>
			</report>
			<report>
				<misses>3537001</misses>
				<total>6</total>
				<timestamp>1060.039088</timestamp>
			</report>
			<report>
				<misses>3538001</misses>
				<total>6</total>
				<timestamp>1060.338773</timestamp>
			</report>
			<report>
				<misses>3539001</misses>
				<total>5</total>
				<timestamp>1060.638566</timestamp>
			</report>
			<report>
				<misses>3540001</misses>
				<total>6</total>
				<timestamp>1060.938168</timestamp>
			</report>
			<report>
				<misses>3541001</misses>
				<total>6</total>
				<timestamp>1061.237877</timestamp>
			</report>
			<report>
				<misses>3542001</misses>
				<total>6</total>
				<timestamp>1061.537569</timestamp>
			</report>
			<report>
				<misses>3543001</misses>
				<total>6</total>
				<timestamp>1061.837344</timestamp>
			</report>
			<report>
				<misses>3544001</misses>
				<total>6</total>
				<timestamp>1062.137033</timestamp>
			</report>
			<report>
				<misses>3545001</misses>
				<total>6</total>
				<timestamp>1062.436710</timestamp>
			</report>
			<report>
				<misses>3546001</misses>
				<total>6</total>
				<timestamp>1062.736369</timestamp>
			</report>
			<report>
				<misses>3547001</misses>
				<total>6</total>
				<timestamp>1063.036073</timestamp>
			</report>
			<report>
				<misses>3548001</misses>
				<total>6</total>
				<timestamp>1063.335774</timestamp>
			</report>
			<report>
				<misses>3549001</misses>
				<total>6</total>
				<timestamp>1063.635459</timestamp>
			</report>
			<report>
				<misses>3550001</misses>
				<total>6</total>
				<timestamp>1063.935313</timestamp>
			</report>
			<report>
				<misses>3551001</misses>
				<total>6</total>
				<timestamp>1064.234892</timestamp>
			</report>
			<report>
				<misses>3552001</misses>
				<total>6</total>
				<timestamp>1064.534577</timestamp>
			</report>
			<report>
				<misses>3553001</misses>
				<total>6</total>
				<timestamp>1064.834343</timestamp>
			</report>
			<report>
				<misses>3554001</misses>
				<total>6</total>
				<timestamp>1065.134007</timestamp>
			</report>
			<report>
				<misses>3555001</misses>
				<total>6</total>
				<timestamp>1065.433672</timestamp>
			</report>
			<report>
				<misses>3556001</misses>
				<total>6</total>
				<timestamp>1065.733383</timestamp>
			</report>
			<report>
				<misses>3557001</misses>
				<total>6</total>
				<timestamp>1066.033107</timestamp>
			</report>
			<report>
				<misses>3558001</misses>
				<total>6</total>
				<timestamp>1066.332780</timestamp>
			</report>
			<report>
				<misses>3559001</misses>
				<total>6</total>
				<timestamp>1066.632490</timestamp>
			</report>
			<report>
				<misses>3560001</misses>
				<total>6</total>
				<timestamp>1066.932183</timestamp>
			</report>
			<report>
				<misses>3561001</misses>
				<total>6</total>
				<timestamp>1067.231944</timestamp>
			</report>
			<report>
				<misses>3562001</misses>
				<total>6</total>
				<timestamp>1067.531568</timestamp>
			</report>
			<report>
				<misses>3563001</misses>
				<total>6</total>
				<timestamp>1067.831269</timestamp>
			</report>
			<report>
				<misses>3564001</misses>
				<total>6</total>
				<timestamp>1068.131015</timestamp>
			</report>
			<report>
				<misses>3565001</misses>
				<total>6</total>
				<timestamp>1068.430669</timestamp>
			</report>
			<report>
				<misses>3566001</misses>
				<total>6</total>
				<timestamp>1068.730370</timestamp>
			</report>
			<report>
				<misses>3567001</misses>
				<total>6</total>
				<timestamp>1069.030137</timestamp>
			</report>
			<report>
				<misses>3568001</misses>
				<total>6</total>
				<timestamp>1069.329824</timestamp>
			</report>
			<report>
				<misses>3569001</misses>
				<total>6</total>
				<timestamp>1069.629475</timestamp>
			</report>
			<report>
				<misses>3570001</misses>
				<total>6</total>
				<timestamp>1069.929214</timestamp>
			</report>
			<report>
				<misses>3571001</misses>
				<total>6</total>
				<timestamp>1070.228902</timestamp>
			</report>
			<report>
				<misses>3572001</misses>
				<total>6</total>
				<timestamp>1070.528579</timestamp>
			</report>
			<report>
				<misses>3573001</misses>
				<total>6</total>
				<timestamp>1070.828338</timestamp>
			</report>
			<report>
				<misses>3574001</misses>
				<total>6</total>
				<timestamp>1071.128009</timestamp>
			</report>
			<report>
				<misses>3575001</misses>
				<total>6</total>
				<timestamp>1071.427678</timestamp>
			</report>
			<report>
				<misses>3576001</misses>
				<total>6</total>
				<timestamp>1071.727371</timestamp>
			</report>
			<report>
				<misses>3577001</misses>
				<total>6</total>
				<timestamp>1072.027082</timestamp>
			</report>
			<report>
				<misses>3578001</misses>
				<total>6</total>
				<timestamp>1072.326905</timestamp>
			</report>
			<report>
				<misses>3579001</misses>
				<total>6</total>
				<timestamp>1072.626478</timestamp>
			</report>
			<report>
				<misses>3580001</misses>
				<total>6</total>
				<timestamp>1072.926174</timestamp>
			</report>
			<report>
				<misses>3581001</misses>
				<total>6</total>
				<timestamp>1073.225905</timestamp>
			</report>
			<report>
				<misses>3582001</misses>
				<total>6</total>
				<timestamp>1073.525639</timestamp>
			</report>
			<report>
				<misses>3583001</misses>
				<total>6</total>
				<timestamp>1073.825319</timestamp>
			</report>
			<report>
				<misses>3584001</misses>
				<total>6</total>
				<timestamp>1074.125003</timestamp>
			</report>
			<report>
				<misses>3585001</misses>
				<total>6</total>
				<timestamp>1074.424681</timestamp>
			</report>
			<report>
				<misses>3586001</misses>
				<total>6</total>
				<timestamp>1074.724364</timestamp>
			</report>
			<report>
				<misses>3587001</misses>
				<total>6</total>
				<timestamp>1075.024146</timestamp>
			</report>
			<report>
				<misses>3588001</misses>
				<total>6</total>
				<timestamp>1075.323766</timestamp>
			</report>
			<report>
				<misses>3589001</misses>
				<total>7</total>
				<timestamp>1075.623478</timestamp>
			</report>
			<report>
				<misses>3590001</misses>
				<total>7</total>
				<timestamp>1075.923215</timestamp>
			</report>
			<report>
				<misses>3591001</misses>
				<total>7</total>
				<timestamp>1076.222904</timestamp>
			</report>
			<report>
				<misses>3592001</misses>
				<total>7</total>
				<timestamp>1076.522590</timestamp>
			</report>
			<report>
				<misses>3593001</misses>
				<total>7</total>
				<timestamp>1076.822361</timestamp>
			</report>
			<report>
				<misses>3594001</misses>
				<total>7</total>
				<timestamp>1077.122006</timestamp>
			</report>
			<report>
				<misses>3595001</misses>
				<total>7</total>
				<timestamp>1077.421681</timestamp>
			</report>
			<report>
				<misses>3596001</misses>
				<total>7</total>
				<timestamp>1077.721362</timestamp>
			</report>
			<report>
				<misses>3597001</misses>
				<total>7</total>
				<timestamp>1078.021054</timestamp>
			</report>
			<report>
				<misses>3598001</misses>
				<total>7</total>
				<timestamp>1078.320764</timestamp>
			</report>
			<report>
				<misses>3599001</misses>
				<total>7</total>
				<timestamp>1078.620496</timestamp>
			</report>
			<report>
				<misses>3600001</misses>
				<total>7</total>
				<timestamp>1078.920177</timestamp>
			</report>
			<report>
				<misses>3601001</misses>
				<total>7</total>
				<timestamp>1079.219921</timestamp>
			</report>
			<report>
				<misses>3602001</misses>
				<total>7</total>
				<timestamp>1079.519571</timestamp>
			</report>
			<report>
				<misses>3603001</misses>
				<total>6</total>
				<timestamp>1079.819367</timestamp>
			</report>
			<report>
				<misses>3604001</misses>
				<total>7</total>
				<timestamp>1080.119061</timestamp>
			</report>
			<report>
				<misses>3605001</misses>
				<total>7</total>
				<timestamp>1080.418684</timestamp>
			</report>
			<report>
				<misses>3606001</misses>
				<total>7</total>
				<timestamp>1080.718377</timestamp>
			</report>
			<report>
				<misses>3607001</misses>
				<total>7</total>
				<timestamp>1081.018144</timestamp>
			</report>
			<report>
				<misses>3608001</misses>
				<total>7</total>
				<timestamp>1081.317780</timestamp>
			</report>
			<report>
				<misses>3609001</misses>
				<total>7</total>
				<timestamp>1081.617472</timestamp>
			</report>
			<report>
				<misses>3610001</misses>
				<total>7</total>
				<timestamp>1081.917277</timestamp>
			</report>
			<report>
				<misses>3611001</misses>
				<total>7</total>
				<timestamp>1082.216928</timestamp>
			</report>
			<report>
				<misses>3612001</misses>
				<total>7</total>
				<timestamp>1082.516560</timestamp>
			</report>
			<report>
				<misses>3613001</misses>
				<total>7</total>
				<timestamp>1082.816330</timestamp>
			</report>
			<report>
				<misses>3614001</misses>
				<total>7</total>
				<timestamp>1083.115991</timestamp>
			</report>
			<report>
				<misses>3615001</misses>
				<total>7</total>
				<timestamp>1083.415673</timestamp>
			</report>
			<report>
				<misses>3616001</misses>
				<total>7</total>
				<timestamp>1083.715363</timestamp>
			</report>
			<report>
				<misses>3617001</misses>
				<total>7</total>
				<timestamp>1084.015061</timestamp>
			</report>
			<report>
				<misses>3618001</misses>
				<total>7</total>
				<timestamp>1084.314785</timestamp>
			</report>
			<report>
				<misses>3619001</misses>
				<total>7</total>
				<timestamp>1084.614462</timestamp>
			</report>
			<report>
				<misses>3620001</misses>
				<total>7</total>
				<timestamp>1084.914177</timestamp>
			</report>
			<report>
				<misses>3621001</misses>
				<total>7</total>
				<timestamp>1085.213885</timestamp>
			</report>
			<report>
				<misses>3622001</misses>
				<total>7</total>
				<timestamp>1085.513566</timestamp>
			</report>
			<report>
				<misses>3623001</misses>
				<total>7</total>
				<timestamp>1085.813348</timestamp>
			</report>
			<report>
				<misses>3624001</misses>
				<total>7</total>
				<timestamp>1086.113053</timestamp>
			</report>
			<report>
				<misses>3625001</misses>
				<total>7</total>
				<timestamp>1086.412682</timestamp>
			</report>
			<report>
				<misses>3626001</misses>
				<total>7</total>
				<timestamp>1086.712379</timestamp>
			</report>
			<report>
				<misses>3627001</misses>
				<total>7</total>
				<timestamp>1087.012117</timestamp>
			</report>
			<report>
				<misses>3628001</misses>
				<total>7</total>
				<timestamp>1087.311845</timestamp>
			</report>
			<report>
				<misses>3629001</misses>
				<total>7</total>
				<timestamp>1087.611493</timestamp>
			</report>
			<report>
				<misses>3630001</misses>
				<total>7</total>
				<timestamp>1087.911173</timestamp>
			</report>
			<report>
				<misses>3631001</misses>
				<total>7</total>
				<timestamp>1088.210890</timestamp>
			</report>
			<report>
				<misses>3632001</misses>
				<total>7</total>
				<timestamp>1088.510592</timestamp>
			</report>
			<report>
				<misses>3633001</misses>
				<total>7</total>
				<timestamp>1088.810287</timestamp>
			</report>
			<report>
				<misses>3634001</misses>
				<total>7</total>
				<timestamp>1089.110007</timestamp>
			</report>
			<report>
				<misses>3635001</misses>
				<total>7</total>
				<timestamp>1089.409675</timestamp>
			</report>
			<report>
				<misses>3636001</misses>
				<total>7</total>
				<timestamp>1089.709370</timestamp>
			</report>
			<report>
				<misses>3637001</misses>
				<total>7</total>
				<timestamp>1090.009101</timestamp>
			</report>
			<report>
				<misses>3638001</misses>
				<total>7</total>
				<timestamp>1090.308830</timestamp>
			</report>
			<report>
				<misses>3639001</misses>
				<total>7</total>
				<timestamp>1090.608470</timestamp>
			</report>
			<report>
				<misses>3640001</misses>
				<total>7</total>
				<timestamp>1090.908244</timestamp>
			</report>
			<report>
				<misses>3641001</misses>
				<total>7</total>
				<timestamp>1091.207866</timestamp>
			</report>
			<report>
				<misses>3642001</misses>
				<total>7</total>
				<timestamp>1091.507600</timestamp>
			</report>
			<report>
				<misses>3643001</misses>
				<total>7</total>
				<timestamp>1091.807273</timestamp>
			</report>
			<report>
				<misses>3644001</misses>
				<total>7</total>
				<timestamp>1092.106999</timestamp>
			</report>
			<report>
				<misses>3645001</misses>
				<total>6</total>
				<timestamp>1092.406787</timestamp>
			</report>
			<report>
				<misses>3646001</misses>
				<total>7</total>
				<timestamp>1092.706390</timestamp>
			</report>
			<report>
				<misses>3647001</misses>
				<total>7</total>
				<timestamp>1093.006118</timestamp>
			</report>
			<report>
				<misses>3648001</misses>
				<total>7</total>
				<timestamp>1093.305841</timestamp>
			</report>
			<report>
				<misses>3649001</misses>
				<total>7</total>
				<timestamp>1093.605496</timestamp>
			</report>
			<report>
				<misses>3650001</misses>
				<total>7</total>
				<timestamp>1093.905205</timestamp>
			</report>
			<report>
				<misses>3651001</misses>
				<total>7</total>
				<timestamp>1094.204941</timestamp>
			</report>
			<report>
				<misses>3652001</misses>
				<total>7</total>
				<timestamp>1094.504573</timestamp>
			</report>
			<report>
				<misses>3653001</misses>
				<total>6</total>
				<timestamp>1094.804363</timestamp>
			</report>
			<report>
				<misses>3654001</misses>
				<total>7</total>
				<timestamp>1095.103990</timestamp>
			</report>
			<report>
				<misses>3655001</misses>
				<total>7</total>
				<timestamp>1095.403661</timestamp>
			</report>
			<report>
				<misses>3656001</misses>
				<total>7</total>
				<timestamp>1095.703369</timestamp>
			</report>
			<report>
				<misses>3657001</misses>
				<total>7</total>
				<timestamp>1096.003103</timestamp>
			</report>
			<report>
				<misses>3658001</misses>
				<total>7</total>
				<timestamp>1096.302820</timestamp>
			</report>
			<report>
				<misses>3659001</misses>
				<total>7</total>
				<timestamp>1096.602474</timestamp>
			</report>
			<report>
				<misses>3660001</misses>
				<total>7</total>
				<timestamp>1096.902271</timestamp>
			</report>
			<report>
				<misses>3661001</misses>
				<total>7</total>
				<timestamp>1097.201872</timestamp>
			</report>
			<report>
				<misses>3662001</misses>
				<total>7</total>
				<timestamp>1097.501586</timestamp>
			</report>
			<report>
				<misses>3663001</misses>
				<total>7</total>
				<timestamp>1097.801323</timestamp>
			</report>
			<report>
				<misses>3664001</misses>
				<total>7</total>
				<timestamp>1098.101079</timestamp>
			</report>
			<report>
				<misses>3665001</misses>
				<total>7</total>
				<timestamp>1098.400683</timestamp>
			</report>
			<report>
				<misses>3666001</misses>
				<total>7</total>
				<timestamp>1098.700418</timestamp>
			</report>
			<report>
				<misses>3667001</misses>
				<total>7</total>
				<timestamp>1099.000102</timestamp>
			</report>
			<report>
				<misses>3668001</misses>
				<total>7</total>
				<timestamp>1099.299765</timestamp>
			</report>
			<report>
				<misses>3669001</misses>
				<total>7</total>
				<timestamp>1099.599479</timestamp>
			</report>
			<report>
				<misses>3670001</misses>
				<total>7</total>
				<timestamp>1099.899155</timestamp>
			</report>
			<report>
				<misses>3671001</misses>
				<total>7</total>
				<timestamp>1100.198881</timestamp>
			</report>
			<report>
				<misses>3672001</misses>
				<total>7</total>
				<timestamp>1100.498580</timestamp>
			</report>
			<report>
				<misses>3673001</misses>
				<total>6</total>
				<timestamp>1100.798359</timestamp>
			</report>
			<report>
				<misses>3674001</misses>
				<total>7</total>
				<timestamp>1101.098078</timestamp>
			</report>
			<report>
				<misses>3675001</misses>
				<total>7</total>
				<timestamp>1101.397664</timestamp>
			</report>
			<report>
				<misses>3676001</misses>
				<total>6</total>
				<timestamp>1101.697474</timestamp>
			</report>
			<report>
				<misses>3677001</misses>
				<total>7</total>
				<timestamp>1101.997089</timestamp>
			</report>
			<report>
				<misses>3678001</misses>
				<total>7</total>
				<timestamp>1102.296772</timestamp>
			</report>
			<report>
				<misses>3679001</misses>
				<total>7</total>
				<timestamp>1102.596536</timestamp>
			</report>
			<report>
				<misses>3680001</misses>
				<total>7</total>
				<timestamp>1102.896190</timestamp>
			</report>
			<report>
				<misses>3681001</misses>
				<total>7</total>
				<timestamp>1103.195892</timestamp>
			</report>
			<report>
				<misses>3682001</misses>
				<total>7</total>
				<timestamp>1103.495582</timestamp>
			</report>
			<report>
				<misses>3683001</misses>
				<total>7</total>
				<timestamp>1103.795320</timestamp>
			</report>
			<report>
				<misses>3684001</misses>
				<total>7</total>
				<timestamp>1104.094987</timestamp>
			</report>
			<report>
				<misses>3685001</misses>
				<total>7</total>
				<timestamp>1104.394693</timestamp>
			</report>
			<report>
				<misses>3686001</misses>
				<total>7</total>
				<timestamp>1104.694370</timestamp>
			</report>
			<report>
				<misses>3687001</misses>
				<total>7</total>
				<timestamp>1104.994073</timestamp>
			</report>
			<report>
				<misses>3688001</misses>
				<total>7</total>
				<timestamp>1105.293779</timestamp>
			</report>
			<report>
				<misses>3689001</misses>
				<total>7</total>
				<timestamp>1105.593477</timestamp>
			</report>
			<report>
				<misses>3690001</misses>
				<total>7</total>
				<timestamp>1105.893185</timestamp>
			</report>
			<report>
				<misses>3691001</misses>
				<total>7</total>
				<timestamp>1106.192884</timestamp>
			</report>
			<report>
				<misses>3692001</misses>
				<total>6</total>
				<timestamp>1106.492704</timestamp>
			</report>
			<report>
				<misses>3693001</misses>
				<total>7</total>
				<timestamp>1106.792268</timestamp>
			</report>
			<report>
				<misses>3694001</misses>
				<total>7</total>
				<timestamp>1107.091988</timestamp>
			</report>
			<report>
				<misses>3695001</misses>
				<total>7</total>
				<timestamp>1107.391773</timestamp>
			</report>
			<report>
				<misses>3696001</misses>
				<total>7</total>
				<timestamp>1107.691387</timestamp>
			</report>
			<report>
				<misses>3697001</misses>
				<total>7</total>
				<timestamp>1107.991072</timestamp>
			</report>
			<report>
				<misses>3698001</misses>
				<total>7</total>
				<timestamp>1108.290786</timestamp>
			</report>
			<report>
				<misses>3699001</misses>
				<total>7</total>
				<timestamp>1108.590470</timestamp>
			</report>
			<report>
				<misses>3700001</misses>
				<total>7</total>
				<timestamp>1108.890236</timestamp>
			</report>
			<report>
				<misses>3701001</misses>
				<total>7</total>
				<timestamp>1109.189884</timestamp>
			</report>
			<report>
				<misses>3702001</misses>
				<total>7</total>
				<timestamp>1109.489593</timestamp>
			</report>
			<report>
				<misses>3703001</misses>
				<total>7</total>
				<timestamp>1109.789337</timestamp>
			</report>
			<report>
				<misses>3704001</misses>
				<total>7</total>
				<timestamp>1110.089007</timestamp>
			</report>
			<report>
				<misses>3705001</misses>
				<total>7</total>
				<timestamp>1110.388712</timestamp>
			</report>
			<report>
				<misses>3706001</misses>
				<total>7</total>
				<timestamp>1110.688382</timestamp>
			</report>
			<report>
				<misses>3707001</misses>
				<total>7</total>
				<timestamp>1110.988068</timestamp>
			</report>
			<report>
				<misses>3708001</misses>
				<total>7</total>
				<timestamp>1111.287782</timestamp>
			</report>
			<report>
				<misses>3709001</misses>
				<total>7</total>
				<timestamp>1111.587484</timestamp>
			</report>
			<report>
				<misses>3710001</misses>
				<total>7</total>
				<timestamp>1111.887213</timestamp>
			</report>
			<report>
				<misses>3711001</misses>
				<total>7</total>
				<timestamp>1112.186891</timestamp>
			</report>
			<report>
				<misses>3712001</misses>
				<total>7</total>
				<timestamp>1112.486586</timestamp>
			</report>
			<report>
				<misses>3713001</misses>
				<total>7</total>
				<timestamp>1112.786273</timestamp>
			</report>
			<report>
				<misses>3714001</misses>
				<total>7</total>
				<timestamp>1113.086009</timestamp>
			</report>
			<report>
				<misses>3715001</misses>
				<total>7</total>
				<timestamp>1113.385709</timestamp>
			</report>
			<report>
				<misses>3716001</misses>
				<total>7</total>
				<timestamp>1113.685384</timestamp>
			</report>
			<report>
				<misses>3717001</misses>
				<total>7</total>
				<timestamp>1113.985071</timestamp>
			</report>
			<report>
				<misses>3718001</misses>
				<total>7</total>
				<timestamp>1114.284822</timestamp>
			</report>
			<report>
				<misses>3719001</misses>
				<total>7</total>
				<timestamp>1114.584480</timestamp>
			</report>
			<report>
				<misses>3720001</misses>
				<total>7</total>
				<timestamp>1114.884207</timestamp>
			</report>
			<report>
				<misses>3721001</misses>
				<total>7</total>
				<timestamp>1115.183867</timestamp>
			</report>
			<report>
				<misses>3722001</misses>
				<total>7</total>
				<timestamp>1115.483594</timestamp>
			</report>
			<report>
				<misses>3723001</misses>
				<total>7</total>
				<timestamp>1115.783270</timestamp>
			</report>
			<report>
				<misses>3724001</misses>
				<total>7</total>
				<timestamp>1116.082997</timestamp>
			</report>
			<report>
				<misses>3725001</misses>
				<total>7</total>
				<timestamp>1116.382692</timestamp>
			</report>
			<report>
				<misses>3726001</misses>
				<total>7</total>
				<timestamp>1116.682417</timestamp>
			</report>
			<report>
				<misses>3727001</misses>
				<total>7</total>
				<timestamp>1116.982112</timestamp>
			</report>
			<report>
				<misses>3728001</misses>
				<total>7</total>
				<timestamp>1117.281784</timestamp>
			</report>
			<report>
				<misses>3729001</misses>
				<total>7</total>
				<timestamp>1117.581467</timestamp>
			</report>
			<report>
				<misses>3730001</misses>
				<total>7</total>
				<timestamp>1117.881165</timestamp>
			</report>
			<report>
				<misses>3731001</misses>
				<total>7</total>
				<timestamp>1118.180891</timestamp>
			</report>
			<report>
				<misses>3732001</misses>
				<total>7</total>
				<timestamp>1118.480597</timestamp>
			</report>
			<report>
				<misses>3733001</misses>
				<total>7</total>
				<timestamp>1118.780278</timestamp>
			</report>
			<report>
				<misses>3734001</misses>
				<total>7</total>
				<timestamp>1119.080005</timestamp>
			</report>
			<report>
				<misses>3735001</misses>
				<total>7</total>
				<timestamp>1119.379701</timestamp>
			</report>
			<report>
				<misses>3736001</misses>
				<total>7</total>
				<timestamp>1119.679370</timestamp>
			</report>
			<report>
				<misses>3737001</misses>
				<total>7</total>
				<timestamp>1119.979090</timestamp>
			</report>
			<report>
				<misses>3738001</misses>
				<total>7</total>
				<timestamp>1120.278814</timestamp>
			</report>
			<report>
				<misses>3739001</misses>
				<total>7</total>
				<timestamp>1120.578506</timestamp>
			</report>
			<report>
				<misses>3740001</misses>
				<total>7</total>
				<timestamp>1120.878235</timestamp>
			</report>
			<report>
				<misses>3741001</misses>
				<total>7</total>
				<timestamp>1121.177928</timestamp>
			</report>
			<report>
				<misses>3742001</misses>
				<total>7</total>
				<timestamp>1121.477623</timestamp>
			</report>
			<report>
				<misses>3743001</misses>
				<total>7</total>
				<timestamp>1121.777293</timestamp>
			</report>
			<report>
				<misses>3744001</misses>
				<total>7</total>
				<timestamp>1122.077065</timestamp>
			</report>
			<report>
				<misses>3745001</misses>
				<total>7</total>
				<timestamp>1122.376712</timestamp>
			</report>
			<report>
				<misses>3746001</misses>
				<total>7</total>
				<timestamp>1122.676379</timestamp>
			</report>
			<report>
				<misses>3747001</misses>
				<total>7</total>
				<timestamp>1122.976071</timestamp>
			</report>
			<report>
				<misses>3748001</misses>
				<total>7</total>
				<timestamp>1123.275766</timestamp>
			</report>
			<report>
				<misses>3749001</misses>
				<total>7</total>
				<timestamp>1123.575488</timestamp>
			</report>
			<report>
				<misses>3750001</misses>
				<total>7</total>
				<timestamp>1123.875178</timestamp>
			</report>
			<report>
				<misses>3751001</misses>
				<total>7</total>
				<timestamp>1124.174870</timestamp>
			</report>
			<report>
				<misses>3752001</misses>
				<total>7</total>
				<timestamp>1124.474639</timestamp>
			</report>
			<report>
				<misses>3753001</misses>
				<total>7</total>
				<timestamp>1124.774361</timestamp>
			</report>
			<report>
				<misses>3754001</misses>
				<total>7</total>
				<timestamp>1125.074003</timestamp>
			</report>
			<report>
				<misses>3755001</misses>
				<total>7</total>
				<timestamp>1125.373768</timestamp>
			</report>
			<report>
				<misses>3756001</misses>
				<total>7</total>
				<timestamp>1125.673373</timestamp>
			</report>
			<report>
				<misses>3757001</misses>
				<total>7</total>
				<timestamp>1125.973097</timestamp>
			</report>
			<report>
				<misses>3758001</misses>
				<total>7</total>
				<timestamp>1126.272765</timestamp>
			</report>
			<report>
				<misses>3759001</misses>
				<total>6</total>
				<timestamp>1126.572627</timestamp>
			</report>
			<report>
				<misses>3760001</misses>
				<total>7</total>
				<timestamp>1126.872220</timestamp>
			</report>
			<report>
				<misses>3761001</misses>
				<total>7</total>
				<timestamp>1127.171935</timestamp>
			</report>
			<report>
				<misses>3762001</misses>
				<total>7</total>
				<timestamp>1127.471632</timestamp>
			</report>
			<report>
				<misses>3763001</misses>
				<total>7</total>
				<timestamp>1127.771275</timestamp>
			</report>
			<report>
				<misses>3764001</misses>
				<total>7</total>
				<timestamp>1128.071009</timestamp>
			</report>
			<report>
				<misses>3765001</misses>
				<total>7</total>
				<timestamp>1128.370730</timestamp>
			</report>
			<report>
				<misses>3766001</misses>
				<total>7</total>
				<timestamp>1128.670380</timestamp>
			</report>
			<report>
				<misses>3767001</misses>
				<total>7</total>
				<timestamp>1128.970113</timestamp>
			</report>
			<report>
				<misses>3768001</misses>
				<total>7</total>
				<timestamp>1129.269767</timestamp>
			</report>
			<report>
				<misses>3769001</misses>
				<total>7</total>
				<timestamp>1129.569493</timestamp>
			</report>
			<report>
				<misses>3770001</misses>
				<total>7</total>
				<timestamp>1129.869200</timestamp>
			</report>
			<report>
				<misses>3771001</misses>
				<total>7</total>
				<timestamp>1130.168893</timestamp>
			</report>
			<report>
				<misses>3772001</misses>
				<total>7</total>
				<timestamp>1130.468587</timestamp>
			</report>
			<report>
				<misses>3773001</misses>
				<total>7</total>
				<timestamp>1130.768264</timestamp>
			</report>
			<report>
				<misses>3774001</misses>
				<total>7</total>
				<timestamp>1131.068032</timestamp>
			</report>
			<report>
				<misses>3775001</misses>
				<total>7</total>
				<timestamp>1131.367686</timestamp>
			</report>
			<report>
				<misses>3776001</misses>
				<total>6</total>
				<timestamp>1131.667489</timestamp>
			</report>
			<report>
				<misses>3777001</misses>
				<total>7</total>
				<timestamp>1131.967077</timestamp>
			</report>
			<report>
				<misses>3778001</misses>
				<total>7</total>
				<timestamp>1132.266777</timestamp>
			</report>
			<report>
				<misses>3779001</misses>
				<total>7</total>
				<timestamp>1132.566479</timestamp>
			</report>
			<report>
				<misses>3780001</misses>
				<total>7</total>
				<timestamp>1132.866209</timestamp>
			</report>
			<report>
				<misses>3781001</misses>
				<total>6</total>
				<timestamp>1133.165975</timestamp>
			</report>
			<report>
				<misses>3782001</misses>
				<total>7</total>
				<timestamp>1133.465593</timestamp>
			</report>
			<report>
				<misses>3783001</misses>
				<total>7</total>
				<timestamp>1133.765269</timestamp>
			</report>
			<report>
				<misses>3784001</misses>
				<total>7</total>
				<timestamp>1134.065046</timestamp>
			</report>
			<report>
				<misses>3785001</misses>
				<total>7</total>
				<timestamp>1134.364672</timestamp>
			</report>
			<report>
				<misses>3786001</misses>
				<total>7</total>
				<timestamp>1134.664377</timestamp>
			</report>
			<report>
				<misses>3787001</misses>
				<total>7</total>
				<timestamp>1134.964075</timestamp>
			</report>
			<report>
				<misses>3788001</misses>
				<total>7</total>
				<timestamp>1135.263778</timestamp>
			</report>
			<report>
				<misses>3789001</misses>
				<total>7</total>
				<timestamp>1135.563507</timestamp>
			</report>
			<report>
				<misses>3790001</misses>
				<total>7</total>
				<timestamp>1135.863177</timestamp>
			</report>
			<report>
				<misses>3791001</misses>
				<total>7</total>
				<timestamp>1136.162879</timestamp>
			</report>
			<report>
				<misses>3792001</misses>
				<total>7</total>
				<timestamp>1136.462656</timestamp>
			</report>
			<report>
				<misses>3793001</misses>
				<total>7</total>
				<timestamp>1136.762263</timestamp>
			</report>
			<report>
				<misses>3794001</misses>
				<total>7</total>
				<timestamp>1137.061983</timestamp>
			</report>
			<report>
				<misses>3795001</misses>
				<total>7</total>
				<timestamp>1137.361676</timestamp>
			</report>
			<report>
				<misses>3796001</misses>
				<total>7</total>
				<timestamp>1137.661375</timestamp>
			</report>
			<report>
				<misses>3797001</misses>
				<total>7</total>
				<timestamp>1137.961063</timestamp>
			</report>
			<report>
				<misses>3798001</misses>
				<total>7</total>
				<timestamp>1138.260772</timestamp>
			</report>
			<report>
				<misses>3799001</misses>
				<total>7</total>
				<timestamp>1138.560512</timestamp>
			</report>
			<report>
				<misses>3800001</misses>
				<total>7</total>
				<timestamp>1138.860162</timestamp>
			</report>
			<report>
				<misses>3801001</misses>
				<total>6</total>
				<timestamp>1139.159979</timestamp>
			</report>
			<report>
				<misses>3802001</misses>
				<total>7</total>
				<timestamp>1139.459627</timestamp>
			</report>
			<report>
				<misses>3803001</misses>
				<total>7</total>
				<timestamp>1139.759279</timestamp>
			</report>
			<report>
				<misses>3804001</misses>
				<total>7</total>
				<timestamp>1140.059084</timestamp>
			</report>
			<report>
				<misses>3805001</misses>
				<total>7</total>
				<timestamp>1140.358691</timestamp>
			</report>
			<report>
				<misses>3806001</misses>
				<total>7</total>
				<timestamp>1140.658410</timestamp>
			</report>
			<report>
				<misses>3807001</misses>
				<total>7</total>
				<timestamp>1140.958099</timestamp>
			</report>
			<report>
				<misses>3808001</misses>
				<total>7</total>
				<timestamp>1141.257789</timestamp>
			</report>
			<report>
				<misses>3809001</misses>
				<total>7</total>
				<timestamp>1141.557501</timestamp>
			</report>
			<report>
				<misses>3810001</misses>
				<total>7</total>
				<timestamp>1141.857173</timestamp>
			</report>
			<report>
				<misses>3811001</misses>
				<total>7</total>
				<timestamp>1142.156891</timestamp>
			</report>
			<report>
				<misses>3812001</misses>
				<total>7</total>
				<timestamp>1142.456594</timestamp>
			</report>
			<report>
				<misses>3813001</misses>
				<total>7</total>
				<timestamp>1142.756277</timestamp>
			</report>
			<report>
				<misses>3814001</misses>
				<total>7</total>
				<timestamp>1143.056052</timestamp>
			</report>
			<report>
				<misses>3815001</misses>
				<total>7</total>
				<timestamp>1143.355666</timestamp>
			</report>
			<report>
				<misses>3816001</misses>
				<total>7</total>
				<timestamp>1143.655377</timestamp>
			</report>
			<report>
				<misses>3817001</misses>
				<total>7</total>
				<timestamp>1143.955070</timestamp>
			</report>
			<report>
				<misses>3818001</misses>
				<total>7</total>
				<timestamp>1144.254845</timestamp>
			</report>
			<report>
				<misses>3819001</misses>
				<total>7</total>
				<timestamp>1144.554490</timestamp>
			</report>
			<report>
				<misses>3820001</misses>
				<total>7</total>
				<timestamp>1144.854175</timestamp>
			</report>
			<report>
				<misses>3821001</misses>
				<total>7</total>
				<timestamp>1145.153908</timestamp>
			</report>
			<report>
				<misses>3822001</misses>
				<total>7</total>
				<timestamp>1145.453591</timestamp>
			</report>
			<report>
				<misses>3823001</misses>
				<total>7</total>
				<timestamp>1145.753273</timestamp>
			</report>
			<report>
				<misses>3824001</misses>
				<total>7</total>
				<timestamp>1146.052983</timestamp>
			</report>
			<report>
				<misses>3825001</misses>
				<total>7</total>
				<timestamp>1146.352672</timestamp>
			</report>
			<report>
				<misses>3826001</misses>
				<total>7</total>
				<timestamp>1146.652449</timestamp>
			</report>
			<report>
				<misses>3827001</misses>
				<total>7</total>
				<timestamp>1146.952070</timestamp>
			</report>
			<report>
				<misses>3828001</misses>
				<total>7</total>
				<timestamp>1147.251781</timestamp>
			</report>
			<report>
				<misses>3829001</misses>
				<total>7</total>
				<timestamp>1147.551561</timestamp>
			</report>
			<report>
				<misses>3830001</misses>
				<total>7</total>
				<timestamp>1147.851164</timestamp>
			</report>
			<report>
				<misses>3831001</misses>
				<total>7</total>
				<timestamp>1148.150932</timestamp>
			</report>
			<report>
				<misses>3832001</misses>
				<total>7</total>
				<timestamp>1148.450592</timestamp>
			</report>
			<report>
				<misses>3833001</misses>
				<total>7</total>
				<timestamp>1148.750287</timestamp>
			</report>
			<report>
				<misses>3834001</misses>
				<total>7</total>
				<timestamp>1149.050005</timestamp>
			</report>
			<report>
				<misses>3835001</misses>
				<total>7</total>
				<timestamp>1149.349677</timestamp>
			</report>
			<report>
				<misses>3836001</misses>
				<total>7</total>
				<timestamp>1149.649399</timestamp>
			</report>
			<report>
				<misses>3837001</misses>
				<total>7</total>
				<timestamp>1149.949125</timestamp>
			</report>
			<report>
				<misses>3838001</misses>
				<total>6</total>
				<timestamp>1150.248884</timestamp>
			</report>
			<report>
				<misses>3839001</misses>
				<total>7</total>
				<timestamp>1150.548478</timestamp>
			</report>
			<report>
				<misses>3840001</misses>
				<total>7</total>
				<timestamp>1150.848185</timestamp>
			</report>
			<report>
				<misses>3841001</misses>
				<total>7</total>
				<timestamp>1151.147878</timestamp>
			</report>
			<report>
				<misses>3842001</misses>
				<total>7</total>
				<timestamp>1151.447587</timestamp>
			</report>
			<report>
				<misses>3843001</misses>
				<total>7</total>
				<timestamp>1151.747281</timestamp>
			</report>
			<report>
				<misses>3844001</misses>
				<total>7</total>
				<timestamp>1152.047001</timestamp>
			</report>
			<report>
				<misses>3845001</misses>
				<total>7</total>
				<timestamp>1152.346738</timestamp>
			</report>
			<report>
				<misses>3846001</misses>
				<total>7</total>
				<timestamp>1152.646454</timestamp>
			</report>
			<report>
				<misses>3847001</misses>
				<total>7</total>
				<timestamp>1152.946065</timestamp>
			</report>
			<report>
				<misses>3848001</misses>
				<total>7</total>
				<timestamp>1153.245848</timestamp>
			</report>
			<report>
				<misses>3849001</misses>
				<total>7</total>
				<timestamp>1153.545465</timestamp>
			</report>
			<report>
				<misses>3850001</misses>
				<total>6</total>
				<timestamp>1153.845270</timestamp>
			</report>
			<report>
				<misses>3851001</misses>
				<total>7</total>
				<timestamp>1154.144918</timestamp>
			</report>
			<report>
				<misses>3852001</misses>
				<total>7</total>
				<timestamp>1154.444578</timestamp>
			</report>
			<report>
				<misses>3853001</misses>
				<total>7</total>
				<timestamp>1154.744270</timestamp>
			</report>
			<report>
				<misses>3854001</misses>
				<total>7</total>
				<timestamp>1155.043998</timestamp>
			</report>
			<report>
				<misses>3855001</misses>
				<total>7</total>
				<timestamp>1155.343677</timestamp>
			</report>
			<report>
				<misses>3856001</misses>
				<total>7</total>
				<timestamp>1155.643398</timestamp>
			</report>
			<report>
				<misses>3857001</misses>
				<total>7</total>
				<timestamp>1155.943078</timestamp>
			</report>
			<report>
				<misses>3858001</misses>
				<total>7</total>
				<timestamp>1156.242767</timestamp>
			</report>
			<report>
				<misses>3859001</misses>
				<total>7</total>
				<timestamp>1156.542478</timestamp>
			</report>
			<report>
				<misses>3860001</misses>
				<total>7</total>
				<timestamp>1156.842179</timestamp>
			</report>
			<report>
				<misses>3861001</misses>
				<total>7</total>
				<timestamp>1157.141867</timestamp>
			</report>
			<report>
				<misses>3862001</misses>
				<total>7</total>
				<timestamp>1157.441576</timestamp>
			</report>
			<report>
				<misses>3863001</misses>
				<total>7</total>
				<timestamp>1157.741301</timestamp>
			</report>
			<report>
				<misses>3864001</misses>
				<total>7</total>
				<timestamp>1158.040973</timestamp>
			</report>
			<report>
				<misses>3865001</misses>
				<total>7</total>
				<timestamp>1158.340668</timestamp>
			</report>
			<report>
				<misses>3866001</misses>
				<total>7</total>
				<timestamp>1158.640392</timestamp>
			</report>
			<report>
				<misses>3867001</misses>
				<total>7</total>
				<timestamp>1158.940068</timestamp>
			</report>
			<report>
				<misses>3868001</misses>
				<total>7</total>
				<timestamp>1159.239778</timestamp>
			</report>
			<report>
				<misses>3869001</misses>
				<total>7</total>
				<timestamp>1159.539539</timestamp>
			</report>
			<report>
				<misses>3870001</misses>
				<total>7</total>
				<timestamp>1159.839204</timestamp>
			</report>
			<report>
				<misses>3871001</misses>
				<total>7</total>
				<timestamp>1160.138882</timestamp>
			</report>
			<report>
				<misses>3872001</misses>
				<total>7</total>
				<timestamp>1160.438572</timestamp>
			</report>
			<report>
				<misses>3873001</misses>
				<total>7</total>
				<timestamp>1160.738296</timestamp>
			</report>
			<report>
				<misses>3874001</misses>
				<total>7</total>
				<timestamp>1161.037964</timestamp>
			</report>
			<report>
				<misses>3875001</misses>
				<total>7</total>
				<timestamp>1161.337677</timestamp>
			</report>
			<report>
				<misses>3876001</misses>
				<total>7</total>
				<timestamp>1161.637377</timestamp>
			</report>
			<report>
				<misses>3877001</misses>
				<total>7</total>
				<timestamp>1161.937066</timestamp>
			</report>
			<report>
				<misses>3878001</misses>
				<total>7</total>
				<timestamp>1162.236765</timestamp>
			</report>
			<report>
				<misses>3879001</misses>
				<total>7</total>
				<timestamp>1162.536499</timestamp>
			</report>
			<report>
				<misses>3880001</misses>
				<total>7</total>
				<timestamp>1162.836173</timestamp>
			</report>
			<report>
				<misses>3881001</misses>
				<total>6</total>
				<timestamp>1163.135973</timestamp>
			</report>
			<report>
				<misses>3882001</misses>
				<total>7</total>
				<timestamp>1163.435578</timestamp>
			</report>
			<report>
				<misses>3883001</misses>
				<total>6</total>
				<timestamp>1163.735409</timestamp>
			</report>
			<report>
				<misses>3884001</misses>
				<total>7</total>
				<timestamp>1164.034986</timestamp>
			</report>
			<report>
				<misses>3885001</misses>
				<total>7</total>
				<timestamp>1164.334666</timestamp>
			</report>
			<report>
				<misses>3886001</misses>
				<total>7</total>
				<timestamp>1164.634382</timestamp>
			</report>
			<report>
				<misses>3887001</misses>
				<total>7</total>
				<timestamp>1164.934123</timestamp>
			</report>
			<report>
				<misses>3888001</misses>
				<total>7</total>
				<timestamp>1165.233832</timestamp>
			</report>
			<report>
				<misses>3889001</misses>
				<total>7</total>
				<timestamp>1165.533496</timestamp>
			</report>
			<report>
				<misses>3890001</misses>
				<total>7</total>
				<timestamp>1165.833171</timestamp>
			</report>
			<report>
				<misses>3891001</misses>
				<total>7</total>
				<timestamp>1166.132870</timestamp>
			</report>
			<report>
				<misses>3892001</misses>
				<total>7</total>
				<timestamp>1166.432570</timestamp>
			</report>
			<report>
				<misses>3893001</misses>
				<total>7</total>
				<timestamp>1166.732317</timestamp>
			</report>
			<report>
				<misses>3894001</misses>
				<total>7</total>
				<timestamp>1167.031980</timestamp>
			</report>
			<report>
				<misses>3895001</misses>
				<total>7</total>
				<timestamp>1167.331668</timestamp>
			</report>
			<report>
				<misses>3896001</misses>
				<total>7</total>
				<timestamp>1167.631381</timestamp>
			</report>
			<report>
				<misses>3897001</misses>
				<total>7</total>
				<timestamp>1167.931067</timestamp>
			</report>
			<report>
				<misses>3898001</misses>
				<total>7</total>
				<timestamp>1168.230761</timestamp>
			</report>
			<report>
				<misses>3899001</misses>
				<total>7</total>
				<timestamp>1168.530482</timestamp>
			</report>
			<report>
				<misses>3900001</misses>
				<total>7</total>
				<timestamp>1168.830176</timestamp>
			</report>
			<report>
				<misses>3901001</misses>
				<total>7</total>
				<timestamp>1169.129880</timestamp>
			</report>
			<report>
				<misses>3902001</misses>
				<total>7</total>
				<timestamp>1169.429587</timestamp>
			</report>
			<report>
				<misses>3903001</misses>
				<total>7</total>
				<timestamp>1169.729345</timestamp>
			</report>
			<report>
				<misses>3904001</misses>
				<total>7</total>
				<timestamp>1170.029048</timestamp>
			</report>
			<report>
				<misses>3905001</misses>
				<total>6</total>
				<timestamp>1170.328775</timestamp>
			</report>
			<report>
				<misses>3906001</misses>
				<total>7</total>
				<timestamp>1170.628437</timestamp>
			</report>
			<report>
				<misses>3907001</misses>
				<total>7</total>
				<timestamp>1170.928078</timestamp>
			</report>
			<report>
				<misses>3908001</misses>
				<total>7</total>
				<timestamp>1171.227826</timestamp>
			</report>
			<report>
				<misses>3909001</misses>
				<total>7</total>
				<timestamp>1171.527464</timestamp>
			</report>
			<report>
				<misses>3910001</misses>
				<total>7</total>
				<timestamp>1171.827192</timestamp>
			</report>
			<report>
				<misses>3911001</misses>
				<total>7</total>
				<timestamp>1172.126869</timestamp>
			</report>
			<report>
				<misses>3912001</misses>
				<total>7</total>
				<timestamp>1172.426574</timestamp>
			</report>
			<report>
				<misses>3913001</misses>
				<total>7</total>
				<timestamp>1172.726291</timestamp>
			</report>
			<report>
				<misses>3914001</misses>
				<total>7</total>
				<timestamp>1173.025968</timestamp>
			</report>
			<report>
				<misses>3915001</misses>
				<total>7</total>
				<timestamp>1173.325674</timestamp>
			</report>
			<report>
				<misses>3916001</misses>
				<total>7</total>
				<timestamp>1173.625394</timestamp>
			</report>
			<report>
				<misses>3917001</misses>
				<total>7</total>
				<timestamp>1173.925063</timestamp>
			</report>
			<report>
				<misses>3918001</misses>
				<total>7</total>
				<timestamp>1174.224768</timestamp>
			</report>
			<report>
				<misses>3919001</misses>
				<total>7</total>
				<timestamp>1174.524502</timestamp>
			</report>
			<report>
				<misses>3920001</misses>
				<total>7</total>
				<timestamp>1174.824168</timestamp>
			</report>
			<report>
				<misses>3921001</misses>
				<total>7</total>
				<timestamp>1175.123910</timestamp>
			</report>
			<report>
				<misses>3922001</misses>
				<total>7</total>
				<timestamp>1175.423570</timestamp>
			</report>
			<report>
				<misses>3923001</misses>
				<total>7</total>
				<timestamp>1175.723318</timestamp>
			</report>
			<report>
				<misses>3924001</misses>
				<total>6</total>
				<timestamp>1176.023082</timestamp>
			</report>
			<report>
				<misses>3925001</misses>
				<total>7</total>
				<timestamp>1176.322680</timestamp>
			</report>
			<report>
				<misses>3926001</misses>
				<total>7</total>
				<timestamp>1176.622387</timestamp>
			</report>
			<report>
				<misses>3927001</misses>
				<total>7</total>
				<timestamp>1176.922076</timestamp>
			</report>
			<report>
				<misses>3928001</misses>
				<total>7</total>
				<timestamp>1177.221894</timestamp>
			</report>
			<report>
				<misses>3929001</misses>
				<total>7</total>
				<timestamp>1177.521474</timestamp>
			</report>
			<report>
				<misses>3930001</misses>
				<total>7</total>
				<timestamp>1177.821180</timestamp>
			</report>
			<report>
				<misses>3931001</misses>
				<total>7</total>
				<timestamp>1178.120865</timestamp>
			</report>
			<report>
				<misses>3932001</misses>
				<total>7</total>
				<timestamp>1178.420575</timestamp>
			</report>
			<report>
				<misses>3933001</misses>
				<total>7</total>
				<timestamp>1178.720317</timestamp>
			</report>
			<report>
				<misses>3934001</misses>
				<total>7</total>
				<timestamp>1179.020003</timestamp>
			</report>
			<report>
				<misses>3935001</misses>
				<total>7</total>
				<timestamp>1179.319681</timestamp>
			</report>
			<report>
				<misses>3936001</misses>
				<total>7</total>
				<timestamp>1179.619403</timestamp>
			</report>
			<report>
				<misses>3937001</misses>
				<total>7</total>
				<timestamp>1179.919085</timestamp>
			</report>
			<report>
				<misses>3938001</misses>
				<total>7</total>
				<timestamp>1180.218822</timestamp>
			</report>
			<report>
				<misses>3939001</misses>
				<total>7</total>
				<timestamp>1180.518471</timestamp>
			</report>
			<report>
				<misses>3940001</misses>
				<total>7</total>
				<timestamp>1180.818204</timestamp>
			</report>
			<report>
				<misses>3941001</misses>
				<total>7</total>
				<timestamp>1181.117892</timestamp>
			</report>
			<report>
				<misses>3942001</misses>
				<total>7</total>
				<timestamp>1181.417559</timestamp>
			</report>
			<report>
				<misses>3943001</misses>
				<total>7</total>
				<timestamp>1181.717313</timestamp>
			</report>
			<report>
				<misses>3944001</misses>
				<total>7</total>
				<timestamp>1182.016997</timestamp>
			</report>
			<report>
				<misses>3945001</misses>
				<total>7</total>
				<timestamp>1182.316724</timestamp>
			</report>
			<report>
				<misses>3946001</misses>
				<total>7</total>
				<timestamp>1182.616399</timestamp>
			</report>
			<report>
				<misses>3947001</misses>
				<total>7</total>
				<timestamp>1182.916064</timestamp>
			</report>
			<report>
				<misses>3948001</misses>
				<total>7</total>
				<timestamp>1183.215827</timestamp>
			</report>
			<report>
				<misses>3949001</misses>
				<total>7</total>
				<timestamp>1183.515488</timestamp>
			</report>
			<report>
				<misses>3950001</misses>
				<total>7</total>
				<timestamp>1183.815200</timestamp>
			</report>
			<report>
				<misses>3951001</misses>
				<total>7</total>
				<timestamp>1184.114867</timestamp>
			</report>
			<report>
				<misses>3952001</misses>
				<total>7</total>
				<timestamp>1184.414564</timestamp>
			</report>
			<report>
				<misses>3953001</misses>
				<total>7</total>
				<timestamp>1184.714349</timestamp>
			</report>
			<report>
				<misses>3954001</misses>
				<total>7</total>
				<timestamp>1185.013979</timestamp>
			</report>
			<report>
				<misses>3955001</misses>
				<total>7</total>
				<timestamp>1185.313667</timestamp>
			</report>
			<report>
				<misses>3956001</misses>
				<total>7</total>
				<timestamp>1185.613412</timestamp>
			</report>
			<report>
				<misses>3957001</misses>
				<total>7</total>
				<timestamp>1185.913064</timestamp>
			</report>
			<report>
				<misses>3958001</misses>
				<total>7</total>
				<timestamp>1186.212782</timestamp>
			</report>
			<report>
				<misses>3959001</misses>
				<total>6</total>
				<timestamp>1186.512561</timestamp>
			</report>
			<report>
				<misses>3960001</misses>
				<total>7</total>
				<timestamp>1186.812226</timestamp>
			</report>
			<report>
				<misses>3961001</misses>
				<total>7</total>
				<timestamp>1187.111884</timestamp>
			</report>
			<report>
				<misses>3962001</misses>
				<total>7</total>
				<timestamp>1187.411625</timestamp>
			</report>
			<report>
				<misses>3963001</misses>
				<total>7</total>
				<timestamp>1187.711304</timestamp>
			</report>
			<report>
				<misses>3964001</misses>
				<total>7</total>
				<timestamp>1188.010978</timestamp>
			</report>
			<report>
				<misses>3965001</misses>
				<total>7</total>
				<timestamp>1188.310718</timestamp>
			</report>
			<report>
				<misses>3966001</misses>
				<total>7</total>
				<timestamp>1188.610364</timestamp>
			</report>
			<report>
				<misses>3967001</misses>
				<total>7</total>
				<timestamp>1188.910057</timestamp>
			</report>
			<report>
				<misses>3968001</misses>
				<total>7</total>
				<timestamp>1189.209774</timestamp>
			</report>
			<report>
				<misses>3969001</misses>
				<total>7</total>
				<timestamp>1189.509463</timestamp>
			</report>
			<report>
				<misses>3970001</misses>
				<total>7</total>
				<timestamp>1189.809204</timestamp>
			</report>
			<report>
				<misses>3971001</misses>
				<total>7</total>
				<timestamp>1190.108872</timestamp>
			</report>
			<report>
				<misses>3972001</misses>
				<total>7</total>
				<timestamp>1190.408646</timestamp>
			</report>
			<report>
				<misses>3973001</misses>
				<total>7</total>
				<timestamp>1190.708339</timestamp>
			</report>
			<report>
				<misses>3974001</misses>
				<total>7</total>
				<timestamp>1191.007998</timestamp>
			</report>
			<report>
				<misses>3975001</misses>
				<total>6</total>
				<timestamp>1191.307764</timestamp>
			</report>
			<report>
				<misses>3976001</misses>
				<total>7</total>
				<timestamp>1191.607368</timestamp>
			</report>
			<report>
				<misses>3977001</misses>
				<total>7</total>
				<timestamp>1191.907091</timestamp>
			</report>
			<report>
				<misses>3978001</misses>
				<total>7</total>
				<timestamp>1192.206772</timestamp>
			</report>
			<report>
				<misses>3979001</misses>
				<total>7</total>
				<timestamp>1192.506463</timestamp>
			</report>
			<report>
				<misses>3980001</misses>
				<total>7</total>
				<timestamp>1192.806187</timestamp>
			</report>
			<report>
				<misses>3981001</misses>
				<total>7</total>
				<timestamp>1193.105875</timestamp>
			</report>
			<report>
				<misses>3982001</misses>
				<total>7</total>
				<timestamp>1193.405580</timestamp>
			</report>
			<report>
				<misses>3983001</misses>
				<total>7</total>
				<timestamp>1193.705291</timestamp>
			</report>
			<report>
				<misses>3984001</misses>
				<total>7</total>
				<timestamp>1194.004999</timestamp>
			</report>
			<report>
				<misses>3985001</misses>
				<total>7</total>
				<timestamp>1194.304748</timestamp>
			</report>
			<report>
				<misses>3986001</misses>
				<total>7</total>
				<timestamp>1194.604389</timestamp>
			</report>
			<report>
				<misses>3987001</misses>
				<total>7</total>
				<timestamp>1194.904077</timestamp>
			</report>
			<report>
				<misses>3988001</misses>
				<total>7</total>
				<timestamp>1195.203784</timestamp>
			</report>
			<report>
				<misses>3989001</misses>
				<total>7</total>
				<timestamp>1195.503469</timestamp>
			</report>
			<report>
				<misses>3990001</misses>
				<total>7</total>
				<timestamp>1195.803188</timestamp>
			</report>
			<report>
				<misses>3991001</misses>
				<total>7</total>
				<timestamp>1196.102931</timestamp>
			</report>
			<report>
				<misses>3992001</misses>
				<total>7</total>
				<timestamp>1196.402662</timestamp>
			</report>
			<report>
				<misses>3993001</misses>
				<total>7</total>
				<timestamp>1196.702302</timestamp>
			</report>
			<report>
				<misses>3994001</misses>
				<total>7</total>
				<timestamp>1197.002018</timestamp>
			</report>
			<report>
				<misses>3995001</misses>
				<total>7</total>
				<timestamp>1197.301725</timestamp>
			</report>
			<report>
				<misses>3996001</misses>
				<total>7</total>
				<timestamp>1197.601388</timestamp>
			</report>
			<report>
				<misses>3997001</misses>
				<total>7</total>
				<timestamp>1197.901087</timestamp>
			</report>
			<report>
				<misses>3998001</misses>
				<total>7</total>
				<timestamp>1198.200767</timestamp>
			</report>
			<report>
				<misses>3999001</misses>
				<total>7</total>
				<timestamp>1198.500539</timestamp>
			</report>
			<report>
				<misses>4000001</misses>
				<total>7</total>
				<timestamp>1198.800240</timestamp>
			</report>
			<report>
				<misses>4001001</misses>
				<total>7</total>
				<timestamp>1199.099870</timestamp>
			</report>
			<report>
				<misses>4002001</misses>
				<total>7</total>
				<timestamp>1199.399572</timestamp>
			</report>
			<report>
				<misses>4003001</misses>
				<total>7</total>
				<timestamp>1199.699282</timestamp>
			</report>
			<report>
				<misses>4004001</misses>
				<total>7</total>
				<timestamp>1199.999055</timestamp>
			</report>
			<report>
				<misses>4005001</misses>
				<total>7</total>
				<timestamp>1200.298709</timestamp>
			</report>
			<report>
				<misses>4006001</misses>
				<total>7</total>
				<timestamp>1200.598369</timestamp>
			</report>
			<report>
				<misses>4007001</misses>
				<total>7</total>
				<timestamp>1200.898133</timestamp>
			</report>
			<report>
				<misses>4008001</misses>
				<total>7</total>
				<timestamp>1201.197827</timestamp>
			</report>
			<report>
				<misses>4009001</misses>
				<total>7</total>
				<timestamp>1201.497465</timestamp>
			</report>
			<report>
				<misses>4010001</misses>
				<total>7</total>
				<timestamp>1201.797248</timestamp>
			</report>
			<report>
				<misses>4011001</misses>
				<total>7</total>
				<timestamp>1202.096883</timestamp>
			</report>
			<report>
				<misses>4012001</misses>
				<total>7</total>
				<timestamp>1202.396616</timestamp>
			</report>
			<report>
				<misses>4013001</misses>
				<total>7</total>
				<timestamp>1202.696293</timestamp>
			</report>
			<report>
				<misses>4014001</misses>
				<total>6</total>
				<timestamp>1202.996134</timestamp>
			</report>
			<report>
				<misses>4015001</misses>
				<total>7</total>
				<timestamp>1203.295718</timestamp>
			</report>
			<report>
				<misses>4016001</misses>
				<total>7</total>
				<timestamp>1203.595371</timestamp>
			</report>
			<report>
				<misses>4017001</misses>
				<total>7</total>
				<timestamp>1203.895120</timestamp>
			</report>
			<report>
				<misses>4018001</misses>
				<total>7</total>
				<timestamp>1204.194781</timestamp>
			</report>
			<report>
				<misses>4019001</misses>
				<total>7</total>
				<timestamp>1204.494509</timestamp>
			</report>
			<report>
				<misses>4020001</misses>
				<total>7</total>
				<timestamp>1204.794215</timestamp>
			</report>
			<report>
				<misses>4021001</misses>
				<total>7</total>
				<timestamp>1205.093884</timestamp>
			</report>
			<report>
				<misses>4022001</misses>
				<total>7</total>
				<timestamp>1205.393644</timestamp>
			</report>
			<report>
				<misses>4023001</misses>
				<total>7</total>
				<timestamp>1205.693276</timestamp>
			</report>
			<report>
				<misses>4024001</misses>
				<total>7</total>
				<timestamp>1205.992978</timestamp>
			</report>
			<report>
				<misses>4025001</misses>
				<total>7</total>
				<timestamp>1206.292699</timestamp>
			</report>
			<report>
				<misses>4026001</misses>
				<total>7</total>
				<timestamp>1206.592380</timestamp>
			</report>
			<report>
				<misses>4027001</misses>
				<total>7</total>
				<timestamp>1206.892134</timestamp>
			</report>
			<report>
				<misses>4028001</misses>
				<total>7</total>
				<timestamp>1207.191776</timestamp>
			</report>
			<report>
				<misses>4029001</misses>
				<total>7</total>
				<timestamp>1207.491543</timestamp>
			</report>
			<report>
				<misses>4030001</misses>
				<total>7</total>
				<timestamp>1207.791176</timestamp>
			</report>
			<report>
				<misses>4031001</misses>
				<total>7</total>
				<timestamp>1208.090861</timestamp>
			</report>
			<report>
				<misses>4032001</misses>
				<total>7</total>
				<timestamp>1208.390584</timestamp>
			</report>
			<report>
				<misses>4033001</misses>
				<total>7</total>
				<timestamp>1208.690284</timestamp>
			</report>
			<report>
				<misses>4034001</misses>
				<total>7</total>
				<timestamp>1208.990007</timestamp>
			</report>
			<report>
				<misses>4035001</misses>
				<total>7</total>
				<timestamp>1209.289704</timestamp>
			</report>
			<report>
				<misses>4036001</misses>
				<total>7</total>
				<timestamp>1209.589360</timestamp>
			</report>
			<report>
				<misses>4037001</misses>
				<total>7</total>
				<timestamp>1209.889091</timestamp>
			</report>
			<report>
				<misses>4038001</misses>
				<total>6</total>
				<timestamp>1210.188888</timestamp>
			</report>
			<report>
				<misses>4039001</misses>
				<total>7</total>
				<timestamp>1210.488542</timestamp>
			</report>
			<report>
				<misses>4040001</misses>
				<total>7</total>
				<timestamp>1210.788221</timestamp>
			</report>
			<report>
				<misses>4041001</misses>
				<total>7</total>
				<timestamp>1211.087862</timestamp>
			</report>
			<report>
				<misses>4042001</misses>
				<total>7</total>
				<timestamp>1211.387582</timestamp>
			</report>
			<report>
				<misses>4043001</misses>
				<total>7</total>
				<timestamp>1211.687268</timestamp>
			</report>
			<report>
				<misses>4044001</misses>
				<total>7</total>
				<timestamp>1211.987028</timestamp>
			</report>
			<report>
				<misses>4045001</misses>
				<total>6</total>
				<timestamp>1212.286763</timestamp>
			</report>
			<report>
				<misses>4046001</misses>
				<total>7</total>
				<timestamp>1212.586372</timestamp>
			</report>
			<report>
				<misses>4047001</misses>
				<total>7</total>
				<timestamp>1212.886079</timestamp>
			</report>
			<report>
				<misses>4048001</misses>
				<total>7</total>
				<timestamp>1213.185766</timestamp>
			</report>
			<report>
				<misses>4049001</misses>
				<total>7</total>
				<timestamp>1213.485472</timestamp>
			</report>
			<report>
				<misses>4050001</misses>
				<total>7</total>
				<timestamp>1213.785178</timestamp>
			</report>
			<report>
				<misses>4051001</misses>
				<total>7</total>
				<timestamp>1214.084879</timestamp>
			</report>
			<report>
				<misses>4052001</misses>
				<total>7</total>
				<timestamp>1214.384568</timestamp>
			</report>
			<report>
				<misses>4053001</misses>
				<total>7</total>
				<timestamp>1214.684276</timestamp>
			</report>
			<report>
				<misses>4054001</misses>
				<total>7</total>
				<timestamp>1214.984092</timestamp>
			</report>
			<report>
				<misses>4055001</misses>
				<total>6</total>
				<timestamp>1215.283762</timestamp>
			</report>
			<report>
				<misses>4056001</misses>
				<total>7</total>
				<timestamp>1215.583370</timestamp>
			</report>
			<report>
				<misses>4057001</misses>
				<total>7</total>
				<timestamp>1215.883085</timestamp>
			</report>
			<report>
				<misses>4058001</misses>
				<total>7</total>
				<timestamp>1216.182782</timestamp>
			</report>
			<report>
				<misses>4059001</misses>
				<total>7</total>
				<timestamp>1216.482534</timestamp>
			</report>
			<report>
				<misses>4060001</misses>
				<total>7</total>
				<timestamp>1216.782170</timestamp>
			</report>
			<report>
				<misses>4061001</misses>
				<total>7</total>
				<timestamp>1217.081867</timestamp>
			</report>
			<report>
				<misses>4062001</misses>
				<total>7</total>
				<timestamp>1217.381654</timestamp>
			</report>
			<report>
				<misses>4063001</misses>
				<total>7</total>
				<timestamp>1217.681271</timestamp>
			</report>
			<report>
				<misses>4064001</misses>
				<total>7</total>
				<timestamp>1217.981054</timestamp>
			</report>
			<report>
				<misses>4065001</misses>
				<total>7</total>
				<timestamp>1218.280733</timestamp>
			</report>
			<report>
				<misses>4066001</misses>
				<total>7</total>
				<timestamp>1218.580377</timestamp>
			</report>
			<report>
				<misses>4067001</misses>
				<total>7</total>
				<timestamp>1218.880112</timestamp>
			</report>
			<report>
				<misses>4068001</misses>
				<total>7</total>
				<timestamp>1219.179771</timestamp>
			</report>
			<report>
				<misses>4069001</misses>
				<total>7</total>
				<timestamp>1219.479527</timestamp>
			</report>
			<report>
				<misses>4070001</misses>
				<total>7</total>
				<timestamp>1219.779190</timestamp>
			</report>
			<report>
				<misses>4071001</misses>
				<total>7</total>
				<timestamp>1220.078891</timestamp>
			</report>
			<report>
				<misses>4072001</misses>
				<total>7</total>
				<timestamp>1220.378639</timestamp>
			</report>
			<report>
				<misses>4073001</misses>
				<total>7</total>
				<timestamp>1220.678268</timestamp>
			</report>
			<report>
				<misses>4074001</misses>
				<total>7</total>
				<timestamp>1220.978045</timestamp>
			</report>
			<report>
				<misses>4075001</misses>
				<total>7</total>
				<timestamp>1221.277678</timestamp>
			</report>
			<report>
				<misses>4076001</misses>
				<total>7</total>
				<timestamp>1221.577363</timestamp>
			</report>
			<report>
				<misses>4077001</misses>
				<total>7</total>
				<timestamp>1221.877130</timestamp>
			</report>
			<report>
				<misses>4078001</misses>
				<total>7</total>
				<timestamp>1222.176758</timestamp>
			</report>
			<report>
				<misses>4079001</misses>
				<total>7</total>
				<timestamp>1222.476540</timestamp>
			</report>
			<report>
				<misses>4080001</misses>
				<total>7</total>
				<timestamp>1222.776256</timestamp>
			</report>
			<report>
				<misses>4081001</misses>
				<total>7</total>
				<timestamp>1223.075871</timestamp>
			</report>
			<report>
				<misses>4082001</misses>
				<total>7</total>
				<timestamp>1223.375565</timestamp>
			</report>
			<report>
				<misses>4083001</misses>
				<total>7</total>
				<timestamp>1223.675259</timestamp>
			</report>
			<report>
				<misses>4084001</misses>
				<total>7</total>
				<timestamp>1223.975044</timestamp>
			</report>
			<report>
				<misses>4085001</misses>
				<total>7</total>
				<timestamp>1224.274667</timestamp>
			</report>
			<report>
				<misses>4086001</misses>
				<total>7</total>
				<timestamp>1224.574372</timestamp>
			</report>
			<report>
				<misses>4087001</misses>
				<total>7</total>
				<timestamp>1224.874147</timestamp>
			</report>
			<report>
				<misses>4088001</misses>
				<total>7</total>
				<timestamp>1225.173769</timestamp>
			</report>
			<report>
				<misses>4089001</misses>
				<total>7</total>
				<timestamp>1225.473467</timestamp>
			</report>
			<report>
				<misses>4090001</misses>
				<total>7</total>
				<timestamp>1225.773233</timestamp>
			</report>
			<report>
				<misses>4091001</misses>
				<total>7</total>
				<timestamp>1226.072884</timestamp>
			</report>
			<report>
				<misses>4092001</misses>
				<total>7</total>
				<timestamp>1226.372575</timestamp>
			</report>
			<report>
				<misses>4093001</misses>
				<total>7</total>
				<timestamp>1226.672256</timestamp>
			</report>
			<report>
				<misses>4094001</misses>
				<total>7</total>
				<timestamp>1226.972025</timestamp>
			</report>
			<report>
				<misses>4095001</misses>
				<total>7</total>
				<timestamp>1227.271669</timestamp>
			</report>
			<report>
				<misses>4096001</misses>
				<total>7</total>
				<timestamp>1227.571357</timestamp>
			</report>
			<report>
				<misses>4097001</misses>
				<total>7</total>
				<timestamp>1227.871108</timestamp>
			</report>
			<report>
				<misses>4098001</misses>
				<total>7</total>
				<timestamp>1228.170804</timestamp>
			</report>
			<report>
				<misses>4099001</misses>
				<total>7</total>
				<timestamp>1228.470468</timestamp>
			</report>
			<report>
				<misses>4100001</misses>
				<total>7</total>
				<timestamp>1228.770245</timestamp>
			</report>
			<report>
				<misses>4101001</misses>
				<total>7</total>
				<timestamp>1229.069889</timestamp>
			</report>
			<report>
				<misses>4102001</misses>
				<total>7</total>
				<timestamp>1229.369565</timestamp>
			</report>
			<report>
				<misses>4103001</misses>
				<total>7</total>
				<timestamp>1229.669269</timestamp>
			</report>
			<report>
				<misses>4104001</misses>
				<total>7</total>
				<timestamp>1229.969028</timestamp>
			</report>
			<report>
				<misses>4105001</misses>
				<total>7</total>
				<timestamp>1230.268677</timestamp>
			</report>
			<report>
				<misses>4106001</misses>
				<total>7</total>
				<timestamp>1230.568470</timestamp>
			</report>
			<report>
				<misses>4107001</misses>
				<total>7</total>
				<timestamp>1230.868094</timestamp>
			</report>
			<report>
				<misses>4108001</misses>
				<total>7</total>
				<timestamp>1231.167781</timestamp>
			</report>
			<report>
				<misses>4109001</misses>
				<total>6</total>
				<timestamp>1231.467571</timestamp>
			</report>
			<report>
				<misses>4110001</misses>
				<total>7</total>
				<timestamp>1231.767161</timestamp>
			</report>
			<report>
				<misses>4111001</misses>
				<total>7</total>
				<timestamp>1232.066900</timestamp>
			</report>
			<report>
				<misses>4112001</misses>
				<total>7</total>
				<timestamp>1232.366644</timestamp>
			</report>
			<report>
				<misses>4113001</misses>
				<total>7</total>
				<timestamp>1232.666278</timestamp>
			</report>
			<report>
				<misses>4114001</misses>
				<total>7</total>
				<timestamp>1232.966017</timestamp>
			</report>
			<report>
				<misses>4115001</misses>
				<total>7</total>
				<timestamp>1233.265675</timestamp>
			</report>
			<report>
				<misses>4116001</misses>
				<total>6</total>
				<timestamp>1233.565467</timestamp>
			</report>
			<report>
				<misses>4117001</misses>
				<total>7</total>
				<timestamp>1233.865099</timestamp>
			</report>
			<report>
				<misses>4118001</misses>
				<total>7</total>
				<timestamp>1234.164767</timestamp>
			</report>
			<report>
				<misses>4119001</misses>
				<total>7</total>
				<timestamp>1234.464524</timestamp>
			</report>
			<report>
				<misses>4120001</misses>
				<total>7</total>
				<timestamp>1234.764172</timestamp>
			</report>
			<report>
				<misses>4121001</misses>
				<total>7</total>
				<timestamp>1235.063893</timestamp>
			</report>
			<report>
				<misses>4122001</misses>
				<total>7</total>
				<timestamp>1235.363642</timestamp>
			</report>
			<report>
				<misses>4123001</misses>
				<total>7</total>
				<timestamp>1235.663280</timestamp>
			</report>
			<report>
				<misses>4124001</misses>
				<total>7</total>
				<timestamp>1235.963019</timestamp>
			</report>
			<report>
				<misses>4125001</misses>
				<total>7</total>
				<timestamp>1236.262711</timestamp>
			</report>
			<report>
				<misses>4126001</misses>
				<total>7</total>
				<timestamp>1236.562415</timestamp>
			</report>
			<report>
				<misses>4127001</misses>
				<total>7</total>
				<timestamp>1236.862083</timestamp>
			</report>
			<report>
				<misses>4128001</misses>
				<total>7</total>
				<timestamp>1237.161772</timestamp>
			</report>
			<report>
				<misses>4129001</misses>
				<total>7</total>
				<timestamp>1237.461520</timestamp>
			</report>
			<report>
				<misses>4130001</misses>
				<total>7</total>
				<timestamp>1237.761262</timestamp>
			</report>
			<report>
				<misses>4131001</misses>
				<total>6</total>
				<timestamp>1238.060969</timestamp>
			</report>
			<report>
				<misses>4132001</misses>
				<total>7</total>
				<timestamp>1238.360657</timestamp>
			</report>
			<report>
				<misses>4133001</misses>
				<total>7</total>
				<timestamp>1238.660306</timestamp>
			</report>
			<report>
				<misses>4134001</misses>
				<total>7</total>
				<timestamp>1238.960046</timestamp>
			</report>
			<report>
				<misses>4135001</misses>
				<total>7</total>
				<timestamp>1239.259680</timestamp>
			</report>
			<report>
				<misses>4136001</misses>
				<total>6</total>
				<timestamp>1239.559479</timestamp>
			</report>
			<report>
				<misses>4137001</misses>
				<total>7</total>
				<timestamp>1239.859127</timestamp>
			</report>
			<report>
				<misses>4138001</misses>
				<total>7</total>
				<timestamp>1240.158783</timestamp>
			</report>
			<report>
				<misses>4139001</misses>
				<total>7</total>
				<timestamp>1240.458486</timestamp>
			</report>
			<report>
				<misses>4140001</misses>
				<total>7</total>
				<timestamp>1240.758179</timestamp>
			</report>
			<report>
				<misses>4141001</misses>
				<total>7</total>
				<timestamp>1241.057881</timestamp>
			</report>
			<report>
				<misses>4142001</misses>
				<total>7</total>
				<timestamp>1241.357605</timestamp>
			</report>
			<report>
				<misses>4143001</misses>
				<total>7</total>
				<timestamp>1241.657267</timestamp>
			</report>
			<report>
				<misses>4144001</misses>
				<total>7</total>
				<timestamp>1241.957009</timestamp>
			</report>
			<report>
				<misses>4145001</misses>
				<total>7</total>
				<timestamp>1242.256671</timestamp>
			</report>
			<report>
				<misses>4146001</misses>
				<total>7</total>
				<timestamp>1242.556382</timestamp>
			</report>
			<report>
				<misses>4147001</misses>
				<total>7</total>
				<timestamp>1242.856077</timestamp>
			</report>
			<report>
				<misses>4148001</misses>
				<total>7</total>
				<timestamp>1243.155878</timestamp>
			</report>
			<report>
				<misses>4149001</misses>
				<total>7</total>
				<timestamp>1243.455475</timestamp>
			</report>
			<report>
				<misses>4150001</misses>
				<total>7</total>
				<timestamp>1243.755177</timestamp>
			</report>
			<report>
				<misses>4151001</misses>
				<total>7</total>
				<timestamp>1244.054906</timestamp>
			</report>
			<report>
				<misses>4152001</misses>
				<total>7</total>
				<timestamp>1244.354577</timestamp>
			</report>
			<report>
				<misses>4153001</misses>
				<total>7</total>
				<timestamp>1244.654264</timestamp>
			</report>
			<report>
				<misses>4154001</misses>
				<total>7</total>
				<timestamp>1244.954011</timestamp>
			</report>
			<report>
				<misses>4155001</misses>
				<total>7</total>
				<timestamp>1245.253674</timestamp>
			</report>
			<report>
				<misses>4156001</misses>
				<total>7</total>
				<timestamp>1245.553419</timestamp>
			</report>
			<report>
				<misses>4157001</misses>
				<total>7</total>
				<timestamp>1245.853070</timestamp>
			</report>
			<report>
				<misses>4158001</misses>
				<total>7</total>
				<timestamp>1246.152857</timestamp>
			</report>
			<report>
				<misses>4159001</misses>
				<total>7</total>
				<timestamp>1246.452539</timestamp>
			</report>
			<report>
				<misses>4160001</misses>
				<total>7</total>
				<timestamp>1246.752172</timestamp>
			</report>
			<report>
				<misses>4161001</misses>
				<total>7</total>
				<timestamp>1247.051884</timestamp>
			</report>
			<report>
				<misses>4162001</misses>
				<total>7</total>
				<timestamp>1247.351560</timestamp>
			</report>
			<report>
				<misses>4163001</misses>
				<total>7</total>
				<timestamp>1247.651280</timestamp>
			</report>
			<report>
				<misses>4164001</misses>
				<total>7</total>
				<timestamp>1247.951027</timestamp>
			</report>
			<report>
				<misses>4165001</misses>
				<total>7</total>
				<timestamp>1248.250666</timestamp>
			</report>
			<report>
				<misses>4166001</misses>
				<total>7</total>
				<timestamp>1248.550429</timestamp>
			</report>
			<report>
				<misses>4167001</misses>
				<total>7</total>
				<timestamp>1248.850071</timestamp>
			</report>
			<report>
				<misses>4168001</misses>
				<total>7</total>
				<timestamp>1249.149842</timestamp>
			</report>
			<report>
				<misses>4169001</misses>
				<total>7</total>
				<timestamp>1249.449547</timestamp>
			</report>
			<report>
				<misses>4170001</misses>
				<total>7</total>
				<timestamp>1249.749163</timestamp>
			</report>
			<report>
				<misses>4171001</misses>
				<total>7</total>
				<timestamp>1250.048903</timestamp>
			</report>
			<report>
				<misses>4172001</misses>
				<total>7</total>
				<timestamp>1250.348566</timestamp>
			</report>
			<report>
				<misses>4173001</misses>
				<total>7</total>
				<timestamp>1250.648333</timestamp>
			</report>
			<report>
				<misses>4174001</misses>
				<total>7</total>
				<timestamp>1250.948010</timestamp>
			</report>
			<report>
				<misses>4175001</misses>
				<total>7</total>
				<timestamp>1251.247672</timestamp>
			</report>
			<report>
				<misses>4176001</misses>
				<total>7</total>
				<timestamp>1251.547407</timestamp>
			</report>
			<report>
				<misses>4177001</misses>
				<total>7</total>
				<timestamp>1251.847079</timestamp>
			</report>
			<report>
				<misses>4178001</misses>
				<total>7</total>
				<timestamp>1252.146797</timestamp>
			</report>
			<report>
				<misses>4179001</misses>
				<total>7</total>
				<timestamp>1252.446489</timestamp>
			</report>
			<report>
				<misses>4180001</misses>
				<total>7</total>
				<timestamp>1252.746161</timestamp>
			</report>
			<report>
				<misses>4181001</misses>
				<total>7</total>
				<timestamp>1253.045888</timestamp>
			</report>
			<report>
				<misses>4182001</misses>
				<total>7</total>
				<timestamp>1253.345579</timestamp>
			</report>
			<report>
				<misses>4183001</misses>
				<total>7</total>
				<timestamp>1253.645337</timestamp>
			</report>
			<report>
				<misses>4184001</misses>
				<total>7</total>
				<timestamp>1253.945008</timestamp>
			</report>
			<report>
				<misses>4185001</misses>
				<total>7</total>
				<timestamp>1254.244651</timestamp>
			</report>
			<report>
				<misses>4186001</misses>
				<total>7</total>
				<timestamp>1254.544436</timestamp>
			</report>
			<report>
				<misses>4187001</misses>
				<total>7</total>
				<timestamp>1254.844088</timestamp>
			</report>
			<report>
				<misses>4188001</misses>
				<total>7</total>
				<timestamp>1255.143856</timestamp>
			</report>
			<report>
				<misses>4189001</misses>
				<total>7</total>
				<timestamp>1255.443473</timestamp>
			</report>
			<report>
				<misses>4190001</misses>
				<total>7</total>
				<timestamp>1255.743171</timestamp>
			</report>
			<report>
				<misses>4191001</misses>
				<total>7</total>
				<timestamp>1256.042948</timestamp>
			</report>
			<report>
				<misses>4192001</misses>
				<total>7</total>
				<timestamp>1256.342575</timestamp>
			</report>
			<report>
				<misses>4193001</misses>
				<total>7</total>
				<timestamp>1256.642260</timestamp>
			</report>
			<report>
				<misses>4194001</misses>
				<total>6</total>
				<timestamp>1256.942072</timestamp>
			</report>
			<report>
				<misses>4195001</misses>
				<total>7</total>
				<timestamp>1257.241708</timestamp>
			</report>
			<report>
				<misses>4196001</misses>
				<total>7</total>
				<timestamp>1257.541386</timestamp>
			</report>
			<report>
				<misses>4197001</misses>
				<total>7</total>
				<timestamp>1257.841089</timestamp>
			</report>
			<report>
				<misses>4198001</misses>
				<total>7</total>
				<timestamp>1258.140840</timestamp>
			</report>
			<report>
				<misses>4199001</misses>
				<total>7</total>
				<timestamp>1258.440475</timestamp>
			</report>
			<report>
				<misses>4200001</misses>
				<total>7</total>
				<timestamp>1258.740249</timestamp>
			</report>
			<report>
				<misses>4201001</misses>
				<total>7</total>
				<timestamp>1259.039925</timestamp>
			</report>
			<report>
				<misses>4202001</misses>
				<total>7</total>
				<timestamp>1259.339577</timestamp>
			</report>
			<report>
				<misses>4203001</misses>
				<total>6</total>
				<timestamp>1259.639386</timestamp>
			</report>
			<report>
				<misses>4204001</misses>
				<total>7</total>
				<timestamp>1259.938977</timestamp>
			</report>
			<report>
				<misses>4205001</misses>
				<total>7</total>
				<timestamp>1260.238720</timestamp>
			</report>
			<report>
				<misses>4206001</misses>
				<total>7</total>
				<timestamp>1260.538391</timestamp>
			</report>
			<report>
				<misses>4207001</misses>
				<total>7</total>
				<timestamp>1260.838070</timestamp>
			</report>
			<report>
				<misses>4208001</misses>
				<total>7</total>
				<timestamp>1261.137774</timestamp>
			</report>
			<report>
				<misses>4209001</misses>
				<total>7</total>
				<timestamp>1261.437466</timestamp>
			</report>
			<report>
				<misses>4210001</misses>
				<total>7</total>
				<timestamp>1261.737174</timestamp>
			</report>
			<report>
				<misses>4211001</misses>
				<total>7</total>
				<timestamp>1262.036964</timestamp>
			</report>
			<report>
				<misses>4212001</misses>
				<total>7</total>
				<timestamp>1262.336652</timestamp>
			</report>
			<report>
				<misses>4213001</misses>
				<total>7</total>
				<timestamp>1262.636263</timestamp>
			</report>
			<report>
				<misses>4214001</misses>
				<total>7</total>
				<timestamp>1262.936010</timestamp>
			</report>
			<report>
				<misses>4215001</misses>
				<total>7</total>
				<timestamp>1263.235693</timestamp>
			</report>
			<report>
				<misses>4216001</misses>
				<total>7</total>
				<timestamp>1263.535435</timestamp>
			</report>
			<report>
				<misses>4217001</misses>
				<total>7</total>
				<timestamp>1263.835063</timestamp>
			</report>
			<report>
				<misses>4218001</misses>
				<total>7</total>
				<timestamp>1264.134815</timestamp>
			</report>
			<report>
				<misses>4219001</misses>
				<total>7</total>
				<timestamp>1264.434474</timestamp>
			</report>
			<report>
				<misses>4220001</misses>
				<total>7</total>
				<timestamp>1264.734167</timestamp>
			</report>
			<report>
				<misses>4221001</misses>
				<total>7</total>
				<timestamp>1265.033887</timestamp>
			</report>
			<report>
				<misses>4222001</misses>
				<total>7</total>
				<timestamp>1265.333614</timestamp>
			</report>
			<report>
				<misses>4223001</misses>
				<total>7</total>
				<timestamp>1265.633263</timestamp>
			</report>
			<report>
				<misses>4224001</misses>
				<total>7</total>
				<timestamp>1265.932994</timestamp>
			</report>
			<report>
				<misses>4225001</misses>
				<total>7</total>
				<timestamp>1266.232704</timestamp>
			</report>
			<report>
				<misses>4226001</misses>
				<total>7</total>
				<timestamp>1266.532380</timestamp>
			</report>
			<report>
				<misses>4227001</misses>
				<total>7</total>
				<timestamp>1266.832066</timestamp>
			</report>
			<report>
				<misses>4228001</misses>
				<total>7</total>
				<timestamp>1267.131820</timestamp>
			</report>
			<report>
				<misses>4229001</misses>
				<total>7</total>
				<timestamp>1267.431492</timestamp>
			</report>
			<report>
				<misses>4230001</misses>
				<total>7</total>
				<timestamp>1267.731178</timestamp>
			</report>
			<report>
				<misses>4231001</misses>
				<total>7</total>
				<timestamp>1268.030872</timestamp>
			</report>
			<report>
				<misses>4232001</misses>
				<total>7</total>
				<timestamp>1268.330668</timestamp>
			</report>
			<report>
				<misses>4233001</misses>
				<total>7</total>
				<timestamp>1268.630312</timestamp>
			</report>
			<report>
				<misses>4234001</misses>
				<total>7</total>
				<timestamp>1268.930008</timestamp>
			</report>
			<report>
				<misses>4235001</misses>
				<total>7</total>
				<timestamp>1269.229753</timestamp>
			</report>
			<report>
				<misses>4236001</misses>
				<total>7</total>
				<timestamp>1269.529385</timestamp>
			</report>
			<report>
				<misses>4237001</misses>
				<total>7</total>
				<timestamp>1269.829054</timestamp>
			</report>
			<report>
				<misses>4238001</misses>
				<total>7</total>
				<timestamp>1270.128793</timestamp>
			</report>
			<report>
				<misses>4239001</misses>
				<total>7</total>
				<timestamp>1270.428462</timestamp>
			</report>
			<report>
				<misses>4240001</misses>
				<total>7</total>
				<timestamp>1270.728231</timestamp>
			</report>
			<report>
				<misses>4241001</misses>
				<total>7</total>
				<timestamp>1271.027868</timestamp>
			</report>
			<report>
				<misses>4242001</misses>
				<total>7</total>
				<timestamp>1271.327555</timestamp>
			</report>
			<report>
				<misses>4243001</misses>
				<total>7</total>
				<timestamp>1271.627325</timestamp>
			</report>
			<report>
				<misses>4244001</misses>
				<total>7</total>
				<timestamp>1271.926976</timestamp>
			</report>
			<report>
				<misses>4245001</misses>
				<total>7</total>
				<timestamp>1272.226702</timestamp>
			</report>
			<report>
				<misses>4246001</misses>
				<total>7</total>
				<timestamp>1272.526424</timestamp>
			</report>
			<report>
				<misses>4247001</misses>
				<total>7</total>
				<timestamp>1272.826081</timestamp>
			</report>
			<report>
				<misses>4248001</misses>
				<total>7</total>
				<timestamp>1273.125817</timestamp>
			</report>
			<report>
				<misses>4249001</misses>
				<total>7</total>
				<timestamp>1273.425527</timestamp>
			</report>
			<report>
				<misses>4250001</misses>
				<total>6</total>
				<timestamp>1273.725260</timestamp>
			</report>
			<report>
				<misses>4251001</misses>
				<total>7</total>
				<timestamp>1274.024905</timestamp>
			</report>
			<report>
				<misses>4252001</misses>
				<total>7</total>
				<timestamp>1274.324572</timestamp>
			</report>
			<report>
				<misses>4253001</misses>
				<total>7</total>
				<timestamp>1274.624275</timestamp>
			</report>
			<report>
				<misses>4254001</misses>
				<total>7</total>
				<timestamp>1274.924060</timestamp>
			</report>
			<report>
				<misses>4255001</misses>
				<total>7</total>
				<timestamp>1275.223707</timestamp>
			</report>
			<report>
				<misses>4256001</misses>
				<total>7</total>
				<timestamp>1275.523396</timestamp>
			</report>
			<report>
				<misses>4257001</misses>
				<total>7</total>
				<timestamp>1275.823079</timestamp>
			</report>
			<report>
				<misses>4258001</misses>
				<total>7</total>
				<timestamp>1276.122816</timestamp>
			</report>
			<report>
				<misses>4259001</misses>
				<total>7</total>
				<timestamp>1276.422508</timestamp>
			</report>
			<report>
				<misses>4260001</misses>
				<total>7</total>
				<timestamp>1276.722264</timestamp>
			</report>
			<report>
				<misses>4261001</misses>
				<total>7</total>
				<timestamp>1277.021880</timestamp>
			</report>
			<report>
				<misses>4262001</misses>
				<total>7</total>
				<timestamp>1277.321617</timestamp>
			</report>
			<report>
				<misses>4263001</misses>
				<total>7</total>
				<timestamp>1277.621298</timestamp>
			</report>
			<report>
				<misses>4264001</misses>
				<total>7</total>
				<timestamp>1277.920976</timestamp>
			</report>
			<report>
				<misses>4265001</misses>
				<total>7</total>
				<timestamp>1278.220683</timestamp>
			</report>
			<report>
				<misses>4266001</misses>
				<total>7</total>
				<timestamp>1278.520371</timestamp>
			</report>
			<report>
				<misses>4267001</misses>
				<total>7</total>
				<timestamp>1278.820102</timestamp>
			</report>
			<report>
				<misses>4268001</misses>
				<total>7</total>
				<timestamp>1279.119802</timestamp>
			</report>
			<report>
				<misses>4269001</misses>
				<total>7</total>
				<timestamp>1279.419473</timestamp>
			</report>
			<report>
				<misses>4270001</misses>
				<total>7</total>
				<timestamp>1279.719244</timestamp>
			</report>
			<report>
				<misses>4271001</misses>
				<total>7</total>
				<timestamp>1280.018877</timestamp>
			</report>
			<report>
				<misses>4272001</misses>
				<total>7</total>
				<timestamp>1280.318635</timestamp>
			</report>
			<report>
				<misses>4273001</misses>
				<total>7</total>
				<timestamp>1280.618280</timestamp>
			</report>
			<report>
				<misses>4274001</misses>
				<total>7</total>
				<timestamp>1280.917976</timestamp>
			</report>
			<report>
				<misses>4275001</misses>
				<total>7</total>
				<timestamp>1281.217715</timestamp>
			</report>
			<report>
				<misses>4276001</misses>
				<total>7</total>
				<timestamp>1281.517395</timestamp>
			</report>
			<report>
				<misses>4277001</misses>
				<total>7</total>
				<timestamp>1281.817151</timestamp>
			</report>
			<report>
				<misses>4278001</misses>
				<total>7</total>
				<timestamp>1282.116790</timestamp>
			</report>
			<report>
				<misses>4279001</misses>
				<total>7</total>
				<timestamp>1282.416461</timestamp>
			</report>
			<report>
				<misses>4280001</misses>
				<total>7</total>
				<timestamp>1282.716190</timestamp>
			</report>
			<report>
				<misses>4281001</misses>
				<total>7</total>
				<timestamp>1283.015878</timestamp>
			</report>
			<report>
				<misses>4282001</misses>
				<total>7</total>
				<timestamp>1283.315672</timestamp>
			</report>
			<report>
				<misses>4283001</misses>
				<total>7</total>
				<timestamp>1283.615330</timestamp>
			</report>
			<report>
				<misses>4284001</misses>
				<total>7</total>
				<timestamp>1283.914988</timestamp>
			</report>
			<report>
				<misses>4285001</misses>
				<total>7</total>
				<timestamp>1284.214699</timestamp>
			</report>
			<report>
				<misses>4286001</misses>
				<total>7</total>
				<timestamp>1284.514394</timestamp>
			</report>
			<report>
				<misses>4287001</misses>
				<total>7</total>
				<timestamp>1284.814096</timestamp>
			</report>
			<report>
				<misses>4288001</misses>
				<total>7</total>
				<timestamp>1285.113767</timestamp>
			</report>
			<report>
				<misses>4289001</misses>
				<total>7</total>
				<timestamp>1285.413498</timestamp>
			</report>
			<report>
				<misses>4290001</misses>
				<total>7</total>
				<timestamp>1285.713234</timestamp>
			</report>
			<report>
				<misses>4291001</misses>
				<total>7</total>
				<timestamp>1286.012898</timestamp>
			</report>
			<report>
				<misses>4292001</misses>
				<total>7</total>
				<timestamp>1286.312632</timestamp>
			</report>
			<report>
				<misses>4293001</misses>
				<total>7</total>
				<timestamp>1286.612304</timestamp>
			</report>
			<report>
				<misses>4294001</misses>
				<total>7</total>
				<timestamp>1286.912014</timestamp>
			</report>
			<report>
				<misses>4295001</misses>
				<total>7</total>
				<timestamp>1287.211674</timestamp>
			</report>
			<report>
				<misses>4296001</misses>
				<total>7</total>
				<timestamp>1287.511372</timestamp>
			</report>
			<report>
				<misses>4297001</misses>
				<total>7</total>
				<timestamp>1287.811143</timestamp>
			</report>
			<report>
				<misses>4298001</misses>
				<total>7</total>
				<timestamp>1288.110773</timestamp>
			</report>
			<report>
				<misses>4299001</misses>
				<total>7</total>
				<timestamp>1288.410491</timestamp>
			</report>
			<report>
				<misses>4300001</misses>
				<total>7</total>
				<timestamp>1288.710172</timestamp>
			</report>
			<report>
				<misses>4301001</misses>
				<total>7</total>
				<timestamp>1289.009867</timestamp>
			</report>
			<report>
				<misses>4302001</misses>
				<total>7</total>
				<timestamp>1289.309618</timestamp>
			</report>
			<report>
				<misses>4303001</misses>
				<total>7</total>
				<timestamp>1289.609318</timestamp>
			</report>
			<report>
				<misses>4304001</misses>
				<total>7</total>
				<timestamp>1289.908981</timestamp>
			</report>
			<report>
				<misses>4305001</misses>
				<total>7</total>
				<timestamp>1290.208730</timestamp>
			</report>
			<report>
				<misses>4306001</misses>
				<total>7</total>
				<timestamp>1290.508369</timestamp>
			</report>
			<report>
				<misses>4307001</misses>
				<total>7</total>
				<timestamp>1290.808074</timestamp>
			</report>
			<report>
				<misses>4308001</misses>
				<total>7</total>
				<timestamp>1291.107830</timestamp>
			</report>
			<report>
				<misses>4309001</misses>
				<total>7</total>
				<timestamp>1291.407548</timestamp>
			</report>
			<report>
				<misses>4310001</misses>
				<total>7</total>
				<timestamp>1291.707194</timestamp>
			</report>
			<report>
				<misses>4311001</misses>
				<total>7</total>
				<timestamp>1292.006866</timestamp>
			</report>
			<report>
				<misses>4312001</misses>
				<total>7</total>
				<timestamp>1292.306597</timestamp>
			</report>
			<report>
				<misses>4313001</misses>
				<total>7</total>
				<timestamp>1292.606344</timestamp>
			</report>
			<report>
				<misses>4314001</misses>
				<total>7</total>
				<timestamp>1292.905991</timestamp>
			</report>
			<report>
				<misses>4315001</misses>
				<total>7</total>
				<timestamp>1293.205705</timestamp>
			</report>
			<report>
				<misses>4316001</misses>
				<total>7</total>
				<timestamp>1293.505388</timestamp>
			</report>
			<report>
				<misses>4317001</misses>
				<total>7</total>
				<timestamp>1293.805059</timestamp>
			</report>
			<report>
				<misses>4318001</misses>
				<total>7</total>
				<timestamp>1294.104768</timestamp>
			</report>
			<report>
				<misses>4319001</misses>
				<total>7</total>
				<timestamp>1294.404539</timestamp>
			</report>
			<report>
				<misses>4320001</misses>
				<total>7</total>
				<timestamp>1294.704170</timestamp>
			</report>
			<report>
				<misses>4321001</misses>
				<total>7</total>
				<timestamp>1295.003879</timestamp>
			</report>
			<report>
				<misses>4322001</misses>
				<total>7</total>
				<timestamp>1295.303596</timestamp>
			</report>
			<report>
				<misses>4323001</misses>
				<total>7</total>
				<timestamp>1295.603305</timestamp>
			</report>
			<report>
				<misses>4324001</misses>
				<total>6</total>
				<timestamp>1295.903107</timestamp>
			</report>
			<report>
				<misses>4325001</misses>
				<total>7</total>
				<timestamp>1296.202675</timestamp>
			</report>
			<report>
				<misses>4326001</misses>
				<total>7</total>
				<timestamp>1296.502381</timestamp>
			</report>
			<report>
				<misses>4327001</misses>
				<total>7</total>
				<timestamp>1296.802108</timestamp>
			</report>
			<report>
				<misses>4328001</misses>
				<total>7</total>
				<timestamp>1297.101768</timestamp>
			</report>
			<report>
				<misses>4329001</misses>
				<total>7</total>
				<timestamp>1297.401527</timestamp>
			</report>
			<report>
				<misses>4330001</misses>
				<total>7</total>
				<timestamp>1297.701166</timestamp>
			</report>
			<report>
				<misses>4331001</misses>
				<total>7</total>
				<timestamp>1298.000874</timestamp>
			</report>
			<report>
				<misses>4332001</misses>
				<total>7</total>
				<timestamp>1298.300609</timestamp>
			</report>
			<report>
				<misses>4333001</misses>
				<total>7</total>
				<timestamp>1298.600280</timestamp>
			</report>
			<report>
				<misses>4334001</misses>
				<total>7</total>
				<timestamp>1298.899992</timestamp>
			</report>
			<report>
				<misses>4335001</misses>
				<total>7</total>
				<timestamp>1299.199697</timestamp>
			</report>
			<report>
				<misses>4336001</misses>
				<total>7</total>
				<timestamp>1299.499369</timestamp>
			</report>
			<report>
				<misses>4337001</misses>
				<total>6</total>
				<timestamp>1299.799178</timestamp>
			</report>
			<report>
				<misses>4338001</misses>
				<total>7</total>
				<timestamp>1300.098766</timestamp>
			</report>
			<report>
				<misses>4339001</misses>
				<total>7</total>
				<timestamp>1300.398509</timestamp>
			</report>
			<report>
				<misses>4340001</misses>
				<total>7</total>
				<timestamp>1300.698176</timestamp>
			</report>
			<report>
				<misses>4341001</misses>
				<total>7</total>
				<timestamp>1300.997902</timestamp>
			</report>
			<report>
				<misses>4342001</misses>
				<total>7</total>
				<timestamp>1301.297567</timestamp>
			</report>
			<report>
				<misses>4343001</misses>
				<total>7</total>
				<timestamp>1301.597323</timestamp>
			</report>
			<report>
				<misses>4344001</misses>
				<total>7</total>
				<timestamp>1301.897068</timestamp>
			</report>
			<report>
				<misses>4345001</misses>
				<total>7</total>
				<timestamp>1302.196681</timestamp>
			</report>
			<report>
				<misses>4346001</misses>
				<total>7</total>
				<timestamp>1302.496474</timestamp>
			</report>
			<report>
				<misses>4347001</misses>
				<total>7</total>
				<timestamp>1302.796084</timestamp>
			</report>
			<report>
				<misses>4348001</misses>
				<total>7</total>
				<timestamp>1303.095773</timestamp>
			</report>
			<report>
				<misses>4349001</misses>
				<total>7</total>
				<timestamp>1303.395503</timestamp>
			</report>
			<report>
				<misses>4350001</misses>
				<total>7</total>
				<timestamp>1303.695201</timestamp>
			</report>
			<report>
				<misses>4351001</misses>
				<total>7</total>
				<timestamp>1303.994928</timestamp>
			</report>
			<report>
				<misses>4352001</misses>
				<total>7</total>
				<timestamp>1304.294638</timestamp>
			</report>
			<report>
				<misses>4353001</misses>
				<total>7</total>
				<timestamp>1304.594271</timestamp>
			</report>
			<report>
				<misses>4354001</misses>
				<total>7</total>
				<timestamp>1304.893992</timestamp>
			</report>
			<report>
				<misses>4355001</misses>
				<total>7</total>
				<timestamp>1305.193671</timestamp>
			</report>
			<report>
				<misses>4356001</misses>
				<total>7</total>
				<timestamp>1305.493491</timestamp>
			</report>
			<report>
				<misses>4357001</misses>
				<total>7</total>
				<timestamp>1305.793073</timestamp>
			</report>
			<report>
				<misses>4358001</misses>
				<total>7</total>
				<timestamp>1306.092780</timestamp>
			</report>
			<report>
				<misses>4359001</misses>
				<total>7</total>
				<timestamp>1306.392476</timestamp>
			</report>
			<report>
				<misses>4360001</misses>
				<total>7</total>
				<timestamp>1306.692221</timestamp>
			</report>
			<report>
				<misses>4361001</misses>
				<total>7</total>
				<timestamp>1306.991882</timestamp>
			</report>
			<report>
				<misses>4362001</misses>
				<total>7</total>
				<timestamp>1307.291633</timestamp>
			</report>
			<report>
				<misses>4363001</misses>
				<total>7</total>
				<timestamp>1307.591350</timestamp>
			</report>
			<report>
				<misses>4364001</misses>
				<total>7</total>
				<timestamp>1307.891048</timestamp>
			</report>
			<report>
				<misses>4365001</misses>
				<total>6</total>
				<timestamp>1308.190772</timestamp>
			</report>
			<report>
				<misses>4366001</misses>
				<total>7</total>
				<timestamp>1308.490445</timestamp>
			</report>
			<report>
				<misses>4367001</misses>
				<total>7</total>
				<timestamp>1308.790062</timestamp>
			</report>
			<report>
				<misses>4368001</misses>
				<total>7</total>
				<timestamp>1309.089779</timestamp>
			</report>
			<report>
				<misses>4369001</misses>
				<total>7</total>
				<timestamp>1309.389487</timestamp>
			</report>
			<report>
				<misses>4370001</misses>
				<total>7</total>
				<timestamp>1309.689242</timestamp>
			</report>
			<report>
				<misses>4371001</misses>
				<total>7</total>
				<timestamp>1309.988914</timestamp>
			</report>
			<report>
				<misses>4372001</misses>
				<total>7</total>
				<timestamp>1310.288588</timestamp>
			</report>
			<report>
				<misses>4373001</misses>
				<total>6</total>
				<timestamp>1310.588445</timestamp>
			</report>
			<report>
				<misses>4374001</misses>
				<total>7</total>
				<timestamp>1310.887998</timestamp>
			</report>
			<report>
				<misses>4375001</misses>
				<total>7</total>
				<timestamp>1311.187676</timestamp>
			</report>
			<report>
				<misses>4376001</misses>
				<total>7</total>
				<timestamp>1311.487403</timestamp>
			</report>
			<report>
				<misses>4377001</misses>
				<total>7</total>
				<timestamp>1311.787122</timestamp>
			</report>
			<report>
				<misses>4378001</misses>
				<total>7</total>
				<timestamp>1312.086765</timestamp>
			</report>
			<report>
				<misses>4379001</misses>
				<total>7</total>
				<timestamp>1312.386509</timestamp>
			</report>
			<report>
				<misses>4380001</misses>
				<total>7</total>
				<timestamp>1312.686156</timestamp>
			</report>
			<report>
				<misses>4381001</misses>
				<total>7</total>
				<timestamp>1312.985875</timestamp>
			</report>
			<report>
				<misses>4382001</misses>
				<total>7</total>
				<timestamp>1313.285581</timestamp>
			</report>
			<report>
				<misses>4383001</misses>
				<total>7</total>
				<timestamp>1313.585290</timestamp>
			</report>
			<report>
				<misses>4384001</misses>
				<total>7</total>
				<timestamp>1313.884997</timestamp>
			</report>
			<report>
				<misses>4385001</misses>
				<total>7</total>
				<timestamp>1314.184684</timestamp>
			</report>
			<report>
				<misses>4386001</misses>
				<total>7</total>
				<timestamp>1314.484395</timestamp>
			</report>
			<report>
				<misses>4387001</misses>
				<total>7</total>
				<timestamp>1314.784057</timestamp>
			</report>
			<report>
				<misses>4388001</misses>
				<total>7</total>
				<timestamp>1315.083765</timestamp>
			</report>
			<report>
				<misses>4389001</misses>
				<total>7</total>
				<timestamp>1315.383461</timestamp>
			</report>
			<report>
				<misses>4390001</misses>
				<total>7</total>
				<timestamp>1315.683249</timestamp>
			</report>
			<report>
				<misses>4391001</misses>
				<total>7</total>
				<timestamp>1315.982876</timestamp>
			</report>
			<report>
				<misses>4392001</misses>
				<total>7</total>
				<timestamp>1316.282582</timestamp>
			</report>
			<report>
				<misses>4393001</misses>
				<total>6</total>
				<timestamp>1316.582383</timestamp>
			</report>
			<report>
				<misses>4394001</misses>
				<total>7</total>
				<timestamp>1316.882048</timestamp>
			</report>
			<report>
				<misses>4395001</misses>
				<total>7</total>
				<timestamp>1317.181700</timestamp>
			</report>
			<report>
				<misses>4396001</misses>
				<total>7</total>
				<timestamp>1317.481467</timestamp>
			</report>
			<report>
				<misses>4397001</misses>
				<total>7</total>
				<timestamp>1317.781130</timestamp>
			</report>
			<report>
				<misses>4398001</misses>
				<total>7</total>
				<timestamp>1318.080785</timestamp>
			</report>
			<report>
				<misses>4399001</misses>
				<total>7</total>
				<timestamp>1318.380563</timestamp>
			</report>
			<report>
				<misses>4400001</misses>
				<total>7</total>
				<timestamp>1318.680161</timestamp>
			</report>
			<report>
				<misses>4401001</misses>
				<total>7</total>
				<timestamp>1318.979878</timestamp>
			</report>
			<report>
				<misses>4402001</misses>
				<total>7</total>
				<timestamp>1319.279560</timestamp>
			</report>
			<report>
				<misses>4403001</misses>
				<total>7</total>
				<timestamp>1319.579268</timestamp>
			</report>
			<report>
				<misses>4404001</misses>
				<total>6</total>
				<timestamp>1319.879089</timestamp>
			</report>
			<report>
				<misses>4405001</misses>
				<total>7</total>
				<timestamp>1320.178679</timestamp>
			</report>
			<report>
				<misses>4406001</misses>
				<total>7</total>
				<timestamp>1320.478395</timestamp>
			</report>
			<report>
				<misses>4407001</misses>
				<total>7</total>
				<timestamp>1320.778073</timestamp>
			</report>
			<report>
				<misses>4408001</misses>
				<total>7</total>
				<timestamp>1321.077781</timestamp>
			</report>
			<report>
				<misses>4409001</misses>
				<total>7</total>
				<timestamp>1321.377493</timestamp>
			</report>
			<report>
				<misses>4410001</misses>
				<total>7</total>
				<timestamp>1321.677172</timestamp>
			</report>
			<report>
				<misses>4411001</misses>
				<total>7</total>
				<timestamp>1321.976876</timestamp>
			</report>
			<report>
				<misses>4412001</misses>
				<total>7</total>
				<timestamp>1322.276574</timestamp>
			</report>
			<report>
				<misses>4413001</misses>
				<total>7</total>
				<timestamp>1322.576379</timestamp>
			</report>
			<report>
				<misses>4414001</misses>
				<total>7</total>
				<timestamp>1322.876009</timestamp>
			</report>
			<report>
				<misses>4415001</misses>
				<total>7</total>
				<timestamp>1323.175670</timestamp>
			</report>
			<report>
				<misses>4416001</misses>
				<total>7</total>
				<timestamp>1323.475383</timestamp>
			</report>
			<report>
				<misses>4417001</misses>
				<total>7</total>
				<timestamp>1323.775150</timestamp>
			</report>
			<report>
				<misses>4418001</misses>
				<total>7</total>
				<timestamp>1324.074757</timestamp>
			</report>
			<report>
				<misses>4419001</misses>
				<total>7</total>
				<timestamp>1324.374489</timestamp>
			</report>
			<report>
				<misses>4420001</misses>
				<total>7</total>
				<timestamp>1324.674176</timestamp>
			</report>
			<report>
				<misses>4421001</misses>
				<total>7</total>
				<timestamp>1324.973868</timestamp>
			</report>
			<report>
				<misses>4422001</misses>
				<total>7</total>
				<timestamp>1325.273602</timestamp>
			</report>
			<report>
				<misses>4423001</misses>
				<total>7</total>
				<timestamp>1325.573366</timestamp>
			</report>
			<report>
				<misses>4424001</misses>
				<total>7</total>
				<timestamp>1325.872977</timestamp>
			</report>
			<report>
				<misses>4425001</misses>
				<total>7</total>
				<timestamp>1326.172693</timestamp>
			</report>
			<report>
				<misses>4426001</misses>
				<total>7</total>
				<timestamp>1326.472474</timestamp>
			</report>
			<report>
				<misses>4427001</misses>
				<total>7</total>
				<timestamp>1326.772056</timestamp>
			</report>
			<report>
				<misses>4428001</misses>
				<total>7</total>
				<timestamp>1327.071770</timestamp>
			</report>
			<report>
				<misses>4429001</misses>
				<total>7</total>
				<timestamp>1327.371506</timestamp>
			</report>
			<report>
				<misses>4430001</misses>
				<total>7</total>
				<timestamp>1327.671173</timestamp>
			</report>
			<report>
				<misses>4431001</misses>
				<total>7</total>
				<timestamp>1327.970872</timestamp>
			</report>
			<report>
				<misses>4432001</misses>
				<total>7</total>
				<timestamp>1328.270567</timestamp>
			</report>
			<report>
				<misses>4433001</misses>
				<total>7</total>
				<timestamp>1328.570327</timestamp>
			</report>
			<report>
				<misses>4434001</misses>
				<total>7</total>
				<timestamp>1328.869999</timestamp>
			</report>
			<report>
				<misses>4435001</misses>
				<total>7</total>
				<timestamp>1329.169673</timestamp>
			</report>
			<report>
				<misses>4436001</misses>
				<total>7</total>
				<timestamp>1329.469376</timestamp>
			</report>
			<report>
				<misses>4437001</misses>
				<total>7</total>
				<timestamp>1329.769125</timestamp>
			</report>
			<report>
				<misses>4438001</misses>
				<total>7</total>
				<timestamp>1330.068776</timestamp>
			</report>
			<report>
				<misses>4439001</misses>
				<total>7</total>
				<timestamp>1330.368469</timestamp>
			</report>
			<report>
				<misses>4440001</misses>
				<total>7</total>
				<timestamp>1330.668286</timestamp>
			</report>
			<report>
				<misses>4441001</misses>
				<total>7</total>
				<timestamp>1330.967857</timestamp>
			</report>
			<report>
				<misses>4442001</misses>
				<total>7</total>
				<timestamp>1331.267566</timestamp>
			</report>
			<report>
				<misses>4443001</misses>
				<total>7</total>
				<timestamp>1331.567336</timestamp>
			</report>
			<report>
				<misses>4444001</misses>
				<total>7</total>
				<timestamp>1331.867074</timestamp>
			</report>
			<report>
				<misses>4445001</misses>
				<total>7</total>
				<timestamp>1332.166725</timestamp>
			</report>
			<report>
				<misses>4446001</misses>
				<total>7</total>
				<timestamp>1332.466406</timestamp>
			</report>
			<report>
				<misses>4447001</misses>
				<total>7</total>
				<timestamp>1332.766125</timestamp>
			</report>
			<report>
				<misses>4448001</misses>
				<total>7</total>
				<timestamp>1333.065764</timestamp>
			</report>
			<report>
				<misses>4449001</misses>
				<total>7</total>
				<timestamp>1333.365503</timestamp>
			</report>
			<report>
				<misses>4450001</misses>
				<total>7</total>
				<timestamp>1333.665180</timestamp>
			</report>
			<report>
				<misses>4451001</misses>
				<total>7</total>
				<timestamp>1333.964942</timestamp>
			</report>
			<report>
				<misses>4452001</misses>
				<total>7</total>
				<timestamp>1334.264570</timestamp>
			</report>
			<report>
				<misses>4453001</misses>
				<total>7</total>
				<timestamp>1334.564314</timestamp>
			</report>
			<report>
				<misses>4454001</misses>
				<total>7</total>
				<timestamp>1334.864000</timestamp>
			</report>
			<report>
				<misses>4455001</misses>
				<total>7</total>
				<timestamp>1335.163671</timestamp>
			</report>
			<report>
				<misses>4456001</misses>
				<total>7</total>
				<timestamp>1335.463421</timestamp>
			</report>
			<report>
				<misses>4457001</misses>
				<total>7</total>
				<timestamp>1335.763089</timestamp>
			</report>
			<report>
				<misses>4458001</misses>
				<total>7</total>
				<timestamp>1336.062769</timestamp>
			</report>
			<report>
				<misses>4459001</misses>
				<total>7</total>
				<timestamp>1336.362457</timestamp>
			</report>
			<report>
				<misses>4460001</misses>
				<total>7</total>
				<timestamp>1336.662279</timestamp>
			</report>
			<report>
				<misses>4461001</misses>
				<total>7</total>
				<timestamp>1336.961874</timestamp>
			</report>
			<report>
				<misses>4462001</misses>
				<total>7</total>
				<timestamp>1337.261590</timestamp>
			</report>
			<report>
				<misses>4463001</misses>
				<total>7</total>
				<timestamp>1337.561287</timestamp>
			</report>
			<report>
				<misses>4464001</misses>
				<total>7</total>
				<timestamp>1337.860981</timestamp>
			</report>
			<report>
				<misses>4465001</misses>
				<total>7</total>
				<timestamp>1338.160672</timestamp>
			</report>
			<report>
				<misses>4466001</misses>
				<total>7</total>
				<timestamp>1338.460378</timestamp>
			</report>
			<report>
				<misses>4467001</misses>
				<total>7</total>
				<timestamp>1338.760068</timestamp>
			</report>
			<report>
				<misses>4468001</misses>
				<total>7</total>
				<timestamp>1339.059780</timestamp>
			</report>
			<report>
				<misses>4469001</misses>
				<total>7</total>
				<timestamp>1339.359516</timestamp>
			</report>
			<report>
				<misses>4470001</misses>
				<total>7</total>
				<timestamp>1339.659216</timestamp>
			</report>
			<report>
				<misses>4471001</misses>
				<total>7</total>
				<timestamp>1339.958943</timestamp>
			</report>
			<report>
				<misses>4472001</misses>
				<total>7</total>
				<timestamp>1340.258591</timestamp>
			</report>
			<report>
				<misses>4473001</misses>
				<total>6</total>
				<timestamp>1340.558411</timestamp>
			</report>
			<report>
				<misses>4474001</misses>
				<total>7</total>
				<timestamp>1340.857997</timestamp>
			</report>
			<report>
				<misses>4475001</misses>
				<total>7</total>
				<timestamp>1341.157657</timestamp>
			</report>
			<report>
				<misses>4476001</misses>
				<total>7</total>
				<timestamp>1341.457409</timestamp>
			</report>
			<report>
				<misses>4477001</misses>
				<total>7</total>
				<timestamp>1341.757074</timestamp>
			</report>
			<report>
				<misses>4478001</misses>
				<total>7</total>
				<timestamp>1342.056777</timestamp>
			</report>
			<report>
				<misses>4479001</misses>
				<total>7</total>
				<timestamp>1342.356479</timestamp>
			</report>
			<report>
				<misses>4480001</misses>
				<total>7</total>
				<timestamp>1342.656222</timestamp>
			</report>
			<report>
				<misses>4481001</misses>
				<total>6</total>
				<timestamp>1342.955985</timestamp>
			</report>
			<report>
				<misses>4482001</misses>
				<total>7</total>
				<timestamp>1343.255570</timestamp>
			</report>
			<report>
				<misses>4483001</misses>
				<total>7</total>
				<timestamp>1343.555294</timestamp>
			</report>
			<report>
				<misses>4484001</misses>
				<total>7</total>
				<timestamp>1343.854994</timestamp>
			</report>
			<report>
				<misses>4485001</misses>
				<total>7</total>
				<timestamp>1344.154682</timestamp>
			</report>
			<report>
				<misses>4486001</misses>
				<total>7</total>
				<timestamp>1344.454432</timestamp>
			</report>
			<report>
				<misses>4487001</misses>
				<total>7</total>
				<timestamp>1344.754064</timestamp>
			</report>
			<report>
				<misses>4488001</misses>
				<total>7</total>
				<timestamp>1345.053783</timestamp>
			</report>
			<report>
				<misses>4489001</misses>
				<total>7</total>
				<timestamp>1345.353494</timestamp>
			</report>
			<report>
				<misses>4490001</misses>
				<total>7</total>
				<timestamp>1345.653287</timestamp>
			</report>
			<report>
				<misses>4491001</misses>
				<total>7</total>
				<timestamp>1345.952901</timestamp>
			</report>
			<report>
				<misses>4492001</misses>
				<total>7</total>
				<timestamp>1346.252560</timestamp>
			</report>
			<report>
				<misses>4493001</misses>
				<total>7</total>
				<timestamp>1346.552300</timestamp>
			</report>
			<report>
				<misses>4494001</misses>
				<total>7</total>
				<timestamp>1346.852013</timestamp>
			</report>
			<report>
				<misses>4495001</misses>
				<total>7</total>
				<timestamp>1347.151679</timestamp>
			</report>
			<report>
				<misses>4496001</misses>
				<total>7</total>
				<timestamp>1347.451385</timestamp>
			</report>
			<report>
				<misses>4497001</misses>
				<total>7</total>
				<timestamp>1347.751075</timestamp>
			</report>
			<report>
				<misses>4498001</misses>
				<total>7</total>
				<timestamp>1348.050780</timestamp>
			</report>
			<report>
				<misses>4499001</misses>
				<total>7</total>
				<timestamp>1348.350483</timestamp>
			</report>
			<report>
				<misses>4500001</misses>
				<total>7</total>
				<timestamp>1348.650194</timestamp>
			</report>
			<report>
				<misses>4501001</misses>
				<total>7</total>
				<timestamp>1348.949955</timestamp>
			</report>
			<report>
				<misses>4502001</misses>
				<total>7</total>
				<timestamp>1349.249567</timestamp>
			</report>
			<report>
				<misses>4503001</misses>
				<total>7</total>
				<timestamp>1349.549285</timestamp>
			</report>
			<report>
				<misses>4504001</misses>
				<total>7</total>
				<timestamp>1349.848983</timestamp>
			</report>
			<report>
				<misses>4505001</misses>
				<total>7</total>
				<timestamp>1350.148689</timestamp>
			</report>
			<report>
				<misses>4506001</misses>
				<total>7</total>
				<timestamp>1350.448385</timestamp>
			</report>
			<report>
				<misses>4507001</misses>
				<total>7</total>
				<timestamp>1350.748145</timestamp>
			</report>
			<report>
				<misses>4508001</misses>
				<total>7</total>
				<timestamp>1351.047830</timestamp>
			</report>
			<report>
				<misses>4509001</misses>
				<total>7</total>
				<timestamp>1351.347484</timestamp>
			</report>
			<report>
				<misses>4510001</misses>
				<total>7</total>
				<timestamp>1351.647190</timestamp>
			</report>
			<report>
				<misses>4511001</misses>
				<total>7</total>
				<timestamp>1351.946930</timestamp>
			</report>
			<report>
				<misses>4512001</misses>
				<total>7</total>
				<timestamp>1352.246589</timestamp>
			</report>
			<report>
				<misses>4513001</misses>
				<total>7</total>
				<timestamp>1352.546284</timestamp>
			</report>
			<report>
				<misses>4514001</misses>
				<total>7</total>
				<timestamp>1352.846025</timestamp>
			</report>
			<report>
				<misses>4515001</misses>
				<total>7</total>
				<timestamp>1353.145665</timestamp>
			</report>
			<report>
				<misses>4516001</misses>
				<total>7</total>
				<timestamp>1353.445415</timestamp>
			</report>
			<report>
				<misses>4517001</misses>
				<total>7</total>
				<timestamp>1353.745116</timestamp>
			</report>
			<report>
				<misses>4518001</misses>
				<total>7</total>
				<timestamp>1354.044768</timestamp>
			</report>
			<report>
				<misses>4519001</misses>
				<total>7</total>
				<timestamp>1354.344468</timestamp>
			</report>
			<report>
				<misses>4520001</misses>
				<total>7</total>
				<timestamp>1354.644174</timestamp>
			</report>
			<report>
				<misses>4521001</misses>
				<total>7</total>
				<timestamp>1354.943896</timestamp>
			</report>
			<report>
				<misses>4522001</misses>
				<total>7</total>
				<timestamp>1355.243569</timestamp>
			</report>
			<report>
				<misses>4523001</misses>
				<total>7</total>
				<timestamp>1355.543315</timestamp>
			</report>
			<report>
				<misses>4524001</misses>
				<total>7</total>
				<timestamp>1355.842984</timestamp>
			</report>
			<report>
				<misses>4525001</misses>
				<total>7</total>
				<timestamp>1356.142678</timestamp>
			</report>
			<report>
				<misses>4526001</misses>
				<total>7</total>
				<timestamp>1356.442441</timestamp>
			</report>
			<report>
				<misses>4527001</misses>
				<total>7</total>
				<timestamp>1356.742105</timestamp>
			</report>
			<report>
				<misses>4528001</misses>
				<total>7</total>
				<timestamp>1357.041857</timestamp>
			</report>
			<report>
				<misses>4529001</misses>
				<total>7</total>
				<timestamp>1357.341474</timestamp>
			</report>
			<report>
				<misses>4530001</misses>
				<total>7</total>
				<timestamp>1357.641193</timestamp>
			</report>
			<report>
				<misses>4531001</misses>
				<total>7</total>
				<timestamp>1357.940897</timestamp>
			</report>
			<report>
				<misses>4532001</misses>
				<total>7</total>
				<timestamp>1358.240569</timestamp>
			</report>
			<report>
				<misses>4533001</misses>
				<total>7</total>
				<timestamp>1358.540276</timestamp>
			</report>
			<report>
				<misses>4534001</misses>
				<total>7</total>
				<timestamp>1358.840064</timestamp>
			</report>
			<report>
				<misses>4535001</misses>
				<total>7</total>
				<timestamp>1359.139683</timestamp>
			</report>
			<report>
				<misses>4536001</misses>
				<total>6</total>
				<timestamp>1359.439491</timestamp>
			</report>
			<report>
				<misses>4537001</misses>
				<total>7</total>
				<timestamp>1359.739101</timestamp>
			</report>
			<report>
				<misses>4538001</misses>
				<total>7</total>
				<timestamp>1360.038777</timestamp>
			</report>
			<report>
				<misses>4539001</misses>
				<total>7</total>
				<timestamp>1360.338469</timestamp>
			</report>
			<report>
				<misses>4540001</misses>
				<total>7</total>
				<timestamp>1360.638202</timestamp>
			</report>
			<report>
				<misses>4541001</misses>
				<total>7</total>
				<timestamp>1360.937866</timestamp>
			</report>
			<report>
				<misses>4542001</misses>
				<total>7</total>
				<timestamp>1361.237576</timestamp>
			</report>
			<report>
				<misses>4543001</misses>
				<total>7</total>
				<timestamp>1361.537311</timestamp>
			</report>
			<report>
				<misses>4544001</misses>
				<total>6</total>
				<timestamp>1361.837093</timestamp>
			</report>
			<report>
				<misses>4545001</misses>
				<total>7</total>
				<timestamp>1362.136676</timestamp>
			</report>
			<report>
				<misses>4546001</misses>
				<total>7</total>
				<timestamp>1362.436379</timestamp>
			</report>
			<report>
				<misses>4547001</misses>
				<total>7</total>
				<timestamp>1362.736110</timestamp>
			</report>
			<report>
				<misses>4548001</misses>
				<total>7</total>
				<timestamp>1363.035767</timestamp>
			</report>
			<report>
				<misses>4549001</misses>
				<total>7</total>
				<timestamp>1363.335522</timestamp>
			</report>
			<report>
				<misses>4550001</misses>
				<total>7</total>
				<timestamp>1363.635198</timestamp>
			</report>
			<report>
				<misses>4551001</misses>
				<total>7</total>
				<timestamp>1363.934943</timestamp>
			</report>
			<report>
				<misses>4552001</misses>
				<total>7</total>
				<timestamp>1364.234570</timestamp>
			</report>
			<report>
				<misses>4553001</misses>
				<total>7</total>
				<timestamp>1364.534297</timestamp>
			</report>
			<report>
				<misses>4554001</misses>
				<total>7</total>
				<timestamp>1364.834076</timestamp>
			</report>
			<report>
				<misses>4555001</misses>
				<total>7</total>
				<timestamp>1365.133672</timestamp>
			</report>
			<report>
				<misses>4556001</misses>
				<total>7</total>
				<timestamp>1365.433383</timestamp>
			</report>
			<report>
				<misses>4557001</misses>
				<total>7</total>
				<timestamp>1365.733082</timestamp>
			</report>
			<report>
				<misses>4558001</misses>
				<total>7</total>
				<timestamp>1366.032813</timestamp>
			</report>
			<report>
				<misses>4559001</misses>
				<total>7</total>
				<timestamp>1366.332473</timestamp>
			</report>
			<report>
				<misses>4560001</misses>
				<total>7</total>
				<timestamp>1366.632232</timestamp>
			</report>
			<report>
				<misses>4561001</misses>
				<total>7</total>
				<timestamp>1366.931926</timestamp>
			</report>
			<report>
				<misses>4562001</misses>
				<total>7</total>
				<timestamp>1367.231561</timestamp>
			</report>
			<report>
				<misses>4563001</misses>
				<total>7</total>
				<timestamp>1367.531287</timestamp>
			</report>
			<report>
				<misses>4564001</misses>
				<total>7</total>
				<timestamp>1367.830997</timestamp>
			</report>
			<report>
				<misses>4565001</misses>
				<total>7</total>
				<timestamp>1368.130684</timestamp>
			</report>
			<report>
				<misses>4566001</misses>
				<total>7</total>
				<timestamp>1368.430373</timestamp>
			</report>
			<report>
				<misses>4567001</misses>
				<total>7</total>
				<timestamp>1368.730140</timestamp>
			</report>
			<report>
				<misses>4568001</misses>
				<total>7</total>
				<timestamp>1369.029783</timestamp>
			</report>
			<report>
				<misses>4569001</misses>
				<total>7</total>
				<timestamp>1369.329483</timestamp>
			</report>
			<report>
				<misses>4570001</misses>
				<total>7</total>
				<timestamp>1369.629179</timestamp>
			</report>
			<report>
				<misses>4571001</misses>
				<total>7</total>
				<timestamp>1369.928863</timestamp>
			</report>
			<report>
				<misses>4572001</misses>
				<total>7</total>
				<timestamp>1370.228566</timestamp>
			</report>
			<report>
				<misses>4573001</misses>
				<total>7</total>
				<timestamp>1370.528321</timestamp>
			</report>
			<report>
				<misses>4574001</misses>
				<total>7</total>
				<timestamp>1370.828098</timestamp>
			</report>
			<report>
				<misses>4575001</misses>
				<total>7</total>
				<timestamp>1371.127757</timestamp>
			</report>
			<report>
				<misses>4576001</misses>
				<total>7</total>
				<timestamp>1371.427367</timestamp>
			</report>
			<report>
				<misses>4577001</misses>
				<total>7</total>
				<timestamp>1371.727104</timestamp>
			</report>
			<report>
				<misses>4578001</misses>
				<total>7</total>
				<timestamp>1372.026847</timestamp>
			</report>
			<report>
				<misses>4579001</misses>
				<total>7</total>
				<timestamp>1372.326472</timestamp>
			</report>
			<report>
				<misses>4580001</misses>
				<total>7</total>
				<timestamp>1372.626203</timestamp>
			</report>
			<report>
				<misses>4581001</misses>
				<total>7</total>
				<timestamp>1372.925887</timestamp>
			</report>
			<report>
				<misses>4582001</misses>
				<total>7</total>
				<timestamp>1373.225580</timestamp>
			</report>
			<report>
				<misses>4583001</misses>
				<total>7</total>
				<timestamp>1373.525340</timestamp>
			</report>
			<report>
				<misses>4584001</misses>
				<total>7</total>
				<timestamp>1373.825057</timestamp>
			</report>
			<report>
				<misses>4585001</misses>
				<total>7</total>
				<timestamp>1374.124670</timestamp>
			</report>
			<report>
				<misses>4586001</misses>
				<total>7</total>
				<timestamp>1374.424370</timestamp>
			</report>
			<report>
				<misses>4587001</misses>
				<total>7</total>
				<timestamp>1374.724103</timestamp>
			</report>
			<report>
				<misses>4588001</misses>
				<total>7</total>
				<timestamp>1375.023873</timestamp>
			</report>
			<report>
				<misses>4589001</misses>
				<total>6</total>
				<timestamp>1375.323617</timestamp>
			</report>
			<report>
				<misses>4590001</misses>
				<total>7</total>
				<timestamp>1375.623204</timestamp>
			</report>
			<report>
				<misses>4591001</misses>
				<total>7</total>
				<timestamp>1375.922889</timestamp>
			</report>
			<report>
				<misses>4592001</misses>
				<total>7</total>
				<timestamp>1376.222584</timestamp>
			</report>
			<report>
				<misses>4593001</misses>
				<total>7</total>
				<timestamp>1376.522330</timestamp>
			</report>
			<report>
				<misses>4594001</misses>
				<total>7</total>
				<timestamp>1376.822028</timestamp>
			</report>
			<report>
				<misses>4595001</misses>
				<total>7</total>
				<timestamp>1377.121667</timestamp>
			</report>
			<report>
				<misses>4596001</misses>
				<total>7</total>
				<timestamp>1377.421373</timestamp>
			</report>
			<report>
				<misses>4597001</misses>
				<total>7</total>
				<timestamp>1377.721079</timestamp>
			</report>
			<report>
				<misses>4598001</misses>
				<total>7</total>
				<timestamp>1378.020775</timestamp>
			</report>
			<report>
				<misses>4599001</misses>
				<total>7</total>
				<timestamp>1378.320468</timestamp>
			</report>
			<report>
				<misses>4600001</misses>
				<total>7</total>
				<timestamp>1378.620241</timestamp>
			</report>
			<report>
				<misses>4601001</misses>
				<total>7</total>
				<timestamp>1378.919949</timestamp>
			</report>
			<report>
				<misses>4602001</misses>
				<total>7</total>
				<timestamp>1379.219583</timestamp>
			</report>
			<report>
				<misses>4603001</misses>
				<total>7</total>
				<timestamp>1379.519285</timestamp>
			</report>
			<report>
				<misses>4604001</misses>
				<total>7</total>
				<timestamp>1379.819027</timestamp>
			</report>
			<report>
				<misses>4605001</misses>
				<total>7</total>
				<timestamp>1380.118675</timestamp>
			</report>
			<report>
				<misses>4606001</misses>
				<total>7</total>
				<timestamp>1380.418378</timestamp>
			</report>
			<report>
				<misses>4607001</misses>
				<total>7</total>
				<timestamp>1380.718155</timestamp>
			</report>
			<report>
				<misses>4608001</misses>
				<total>7</total>
				<timestamp>1381.017793</timestamp>
			</report>
			<report>
				<misses>4609001</misses>
				<total>7</total>
				<timestamp>1381.317466</timestamp>
			</report>
			<report>
				<misses>4610001</misses>
				<total>7</total>
				<timestamp>1381.617182</timestamp>
			</report>
			<report>
				<misses>4611001</misses>
				<total>7</total>
				<timestamp>1381.916894</timestamp>
			</report>
			<report>
				<misses>4612001</misses>
				<total>7</total>
				<timestamp>1382.216586</timestamp>
			</report>
			<report>
				<misses>4613001</misses>
				<total>7</total>
				<timestamp>1382.516302</timestamp>
			</report>
			<report>
				<misses>4614001</misses>
				<total>7</total>
				<timestamp>1382.816035</timestamp>
			</report>
			<report>
				<misses>4615001</misses>
				<total>7</total>
				<timestamp>1383.115726</timestamp>
			</report>
			<report>
				<misses>4616001</misses>
				<total>7</total>
				<timestamp>1383.415357</timestamp>
			</report>
			<report>
				<misses>4617001</misses>
				<total>7</total>
				<timestamp>1383.715143</timestamp>
			</report>
			<report>
				<misses>4618001</misses>
				<total>7</total>
				<timestamp>1384.014836</timestamp>
			</report>
			<report>
				<misses>4619001</misses>
				<total>7</total>
				<timestamp>1384.314473</timestamp>
			</report>
			<report>
				<misses>4620001</misses>
				<total>7</total>
				<timestamp>1384.614174</timestamp>
			</report>
			<report>
				<misses>4621001</misses>
				<total>7</total>
				<timestamp>1384.913886</timestamp>
			</report>
			<report>
				<misses>4622001</misses>
				<total>7</total>
				<timestamp>1385.213598</timestamp>
			</report>
			<report>
				<misses>4623001</misses>
				<total>7</total>
				<timestamp>1385.513286</timestamp>
			</report>
			<report>
				<misses>4624001</misses>
				<total>7</total>
				<timestamp>1385.813003</timestamp>
			</report>
			<report>
				<misses>4625001</misses>
				<total>6</total>
				<timestamp>1386.112769</timestamp>
			</report>
			<report>
				<misses>4626001</misses>
				<total>7</total>
				<timestamp>1386.412370</timestamp>
			</report>
			<report>
				<misses>4627001</misses>
				<total>7</total>
				<timestamp>1386.712101</timestamp>
			</report>
			<report>
				<misses>4628001</misses>
				<total>7</total>
				<timestamp>1387.011778</timestamp>
			</report>
			<report>
				<misses>4629001</misses>
				<total>7</total>
				<timestamp>1387.311486</timestamp>
			</report>
			<report>
				<misses>4630001</misses>
				<total>7</total>
				<timestamp>1387.611206</timestamp>
			</report>
			<report>
				<misses>4631001</misses>
				<total>7</total>
				<timestamp>1387.910905</timestamp>
			</report>
			<report>
				<misses>4632001</misses>
				<total>7</total>
				<timestamp>1388.210581</timestamp>
			</report>
			<report>
				<misses>4633001</misses>
				<total>7</total>
				<timestamp>1388.510280</timestamp>
			</report>
			<report>
				<misses>4634001</misses>
				<total>7</total>
				<timestamp>1388.810025</timestamp>
			</report>
			<report>
				<misses>4635001</misses>
				<total>7</total>
				<timestamp>1389.109718</timestamp>
			</report>
			<report>
				<misses>4636001</misses>
				<total>7</total>
				<timestamp>1389.409372</timestamp>
			</report>
			<report>
				<misses>4637001</misses>
				<total>7</total>
				<timestamp>1389.709094</timestamp>
			</report>
			<report>
				<misses>4638001</misses>
				<total>7</total>
				<timestamp>1390.008781</timestamp>
			</report>
			<report>
				<misses>4639001</misses>
				<total>7</total>
				<timestamp>1390.308462</timestamp>
			</report>
			<report>
				<misses>4640001</misses>
				<total>7</total>
				<timestamp>1390.608225</timestamp>
			</report>
			<report>
				<misses>4641001</misses>
				<total>7</total>
				<timestamp>1390.907893</timestamp>
			</report>
			<report>
				<misses>4642001</misses>
				<total>7</total>
				<timestamp>1391.207574</timestamp>
			</report>
			<report>
				<misses>4643001</misses>
				<total>7</total>
				<timestamp>1391.507273</timestamp>
			</report>
			<report>
				<misses>4644001</misses>
				<total>7</total>
				<timestamp>1391.807020</timestamp>
			</report>
			<report>
				<misses>4645001</misses>
				<total>7</total>
				<timestamp>1392.106672</timestamp>
			</report>
			<report>
				<misses>4646001</misses>
				<total>7</total>
				<timestamp>1392.406361</timestamp>
			</report>
			<report>
				<misses>4647001</misses>
				<total>7</total>
				<timestamp>1392.706070</timestamp>
			</report>
			<report>
				<misses>4648001</misses>
				<total>7</total>
				<timestamp>1393.005815</timestamp>
			</report>
			<report>
				<misses>4649001</misses>
				<total>7</total>
				<timestamp>1393.305493</timestamp>
			</report>
			<report>
				<misses>4650001</misses>
				<total>7</total>
				<timestamp>1393.605174</timestamp>
			</report>
			<report>
				<misses>4651001</misses>
				<total>7</total>
				<timestamp>1393.904936</timestamp>
			</report>
			<report>
				<misses>4652001</misses>
				<total>7</total>
				<timestamp>1394.204575</timestamp>
			</report>
			<report>
				<misses>4653001</misses>
				<total>7</total>
				<timestamp>1394.504326</timestamp>
			</report>
			<report>
				<misses>4654001</misses>
				<total>7</total>
				<timestamp>1394.804014</timestamp>
			</report>
			<report>
				<misses>4655001</misses>
				<total>7</total>
				<timestamp>1395.103680</timestamp>
			</report>
			<report>
				<misses>4656001</misses>
				<total>7</total>
				<timestamp>1395.403358</timestamp>
			</report>
			<report>
				<misses>4657001</misses>
				<total>7</total>
				<timestamp>1395.703079</timestamp>
			</report>
			<report>
				<misses>4658001</misses>
				<total>7</total>
				<timestamp>1396.002771</timestamp>
			</report>
			<report>
				<misses>4659001</misses>
				<total>7</total>
				<timestamp>1396.302470</timestamp>
			</report>
			<report>
				<misses>4660001</misses>
				<total>7</total>
				<timestamp>1396.602167</timestamp>
			</report>
			<report>
				<misses>4661001</misses>
				<total>6</total>
				<timestamp>1396.902001</timestamp>
			</report>
			<report>
				<misses>4662001</misses>
				<total>7</total>
				<timestamp>1397.201569</timestamp>
			</report>
			<report>
				<misses>4663001</misses>
				<total>7</total>
				<timestamp>1397.501277</timestamp>
			</report>
			<report>
				<misses>4664001</misses>
				<total>7</total>
				<timestamp>1397.801031</timestamp>
			</report>
			<report>
				<misses>4665001</misses>
				<total>7</total>
				<timestamp>1398.100672</timestamp>
			</report>
			<report>
				<misses>4666001</misses>
				<total>7</total>
				<timestamp>1398.400363</timestamp>
			</report>
			<report>
				<misses>4667001</misses>
				<total>7</total>
				<timestamp>1398.700084</timestamp>
			</report>
			<report>
				<misses>4668001</misses>
				<total>7</total>
				<timestamp>1398.999794</timestamp>
			</report>
			<report>
				<misses>4669001</misses>
				<total>7</total>
				<timestamp>1399.299468</timestamp>
			</report>
			<report>
				<misses>4670001</misses>
				<total>7</total>
				<timestamp>1399.599226</timestamp>
			</report>
			<report>
				<misses>4671001</misses>
				<total>7</total>
				<timestamp>1399.898888</timestamp>
			</report>
			<report>
				<misses>4672001</misses>
				<total>7</total>
				<timestamp>1400.198632</timestamp>
			</report>
			<report>
				<misses>4673001</misses>
				<total>7</total>
				<timestamp>1400.498274</timestamp>
			</report>
			<report>
				<misses>4674001</misses>
				<total>7</total>
				<timestamp>1400.797984</timestamp>
			</report>
			<report>
				<misses>4675001</misses>
				<total>6</total>
				<timestamp>1401.097777</timestamp>
			</report>
			<report>
				<misses>4676001</misses>
				<total>7</total>
				<timestamp>1401.397388</timestamp>
			</report>
			<report>
				<misses>4677001</misses>
				<total>7</total>
				<timestamp>1401.697072</timestamp>
			</report>
			<report>
				<misses>4678001</misses>
				<total>7</total>
				<timestamp>1401.996773</timestamp>
			</report>
			<report>
				<misses>4679001</misses>
				<total>7</total>
				<timestamp>1402.296481</timestamp>
			</report>
			<report>
				<misses>4680001</misses>
				<total>7</total>
				<timestamp>1402.596191</timestamp>
			</report>
			<report>
				<misses>4681001</misses>
				<total>7</total>
				<timestamp>1402.895954</timestamp>
			</report>
			<report>
				<misses>4682001</misses>
				<total>7</total>
				<timestamp>1403.195616</timestamp>
			</report>
			<report>
				<misses>4683001</misses>
				<total>7</total>
				<timestamp>1403.495283</timestamp>
			</report>
			<report>
				<misses>4684001</misses>
				<total>7</total>
				<timestamp>1403.795002</timestamp>
			</report>
			<report>
				<misses>4685001</misses>
				<total>7</total>
				<timestamp>1404.094680</timestamp>
			</report>
			<report>
				<misses>4686001</misses>
				<total>7</total>
				<timestamp>1404.394373</timestamp>
			</report>
			<report>
				<misses>4687001</misses>
				<total>7</total>
				<timestamp>1404.694074</timestamp>
			</report>
			<report>
				<misses>4688001</misses>
				<total>7</total>
				<timestamp>1404.993828</timestamp>
			</report>
			<report>
				<misses>4689001</misses>
				<total>7</total>
				<timestamp>1405.293478</timestamp>
			</report>
			<report>
				<misses>4690001</misses>
				<total>7</total>
				<timestamp>1405.593177</timestamp>
			</report>
			<report>
				<misses>4691001</misses>
				<total>7</total>
				<timestamp>1405.892877</timestamp>
			</report>
			<report>
				<misses>4692001</misses>
				<total>7</total>
				<timestamp>1406.192562</timestamp>
			</report>
			<report>
				<misses>4693001</misses>
				<total>7</total>
				<timestamp>1406.492256</timestamp>
			</report>
			<report>
				<misses>4694001</misses>
				<total>7</total>
				<timestamp>1406.792008</timestamp>
			</report>
			<report>
				<misses>4695001</misses>
				<total>7</total>
				<timestamp>1407.091676</timestamp>
			</report>
			<report>
				<misses>4696001</misses>
				<total>7</total>
				<timestamp>1407.391374</timestamp>
			</report>
			<report>
				<misses>4697001</misses>
				<total>7</total>
				<timestamp>1407.691091</timestamp>
			</report>
			<report>
				<misses>4698001</misses>
				<total>7</total>
				<timestamp>1407.990849</timestamp>
			</report>
			<report>
				<misses>4699001</misses>
				<total>7</total>
				<timestamp>1408.290470</timestamp>
			</report>
			<report>
				<misses>4700001</misses>
				<total>7</total>
				<timestamp>1408.590168</timestamp>
			</report>
			<report>
				<misses>4701001</misses>
				<total>7</total>
				<timestamp>1408.889862</timestamp>
			</report>
			<report>
				<misses>4702001</misses>
				<total>7</total>
				<timestamp>1409.189566</timestamp>
			</report>
			<report>
				<misses>4703001</misses>
				<total>7</total>
				<timestamp>1409.489265</timestamp>
			</report>
			<report>
				<misses>4704001</misses>
				<total>7</total>
				<timestamp>1409.788978</timestamp>
			</report>
			<report>
				<misses>4705001</misses>
				<total>7</total>
				<timestamp>1410.088670</timestamp>
			</report>
			<report>
				<misses>4706001</misses>
				<total>7</total>
				<timestamp>1410.388365</timestamp>
			</report>
			<report>
				<misses>4707001</misses>
				<total>7</total>
				<timestamp>1410.688095</timestamp>
			</report>
			<report>
				<misses>4708001</misses>
				<total>6</total>
				<timestamp>1410.987879</timestamp>
			</report>
			<report>
				<misses>4709001</misses>
				<total>7</total>
				<timestamp>1411.287461</timestamp>
			</report>
			<report>
				<misses>4710001</misses>
				<total>7</total>
				<timestamp>1411.587177</timestamp>
			</report>
			<report>
				<misses>4711001</misses>
				<total>7</total>
				<timestamp>1411.886881</timestamp>
			</report>
			<report>
				<misses>4712001</misses>
				<total>7</total>
				<timestamp>1412.186632</timestamp>
			</report>
			<report>
				<misses>4713001</misses>
				<total>7</total>
				<timestamp>1412.486256</timestamp>
			</report>
			<report>
				<misses>4714001</misses>
				<total>7</total>
				<timestamp>1412.786003</timestamp>
			</report>
			<report>
				<misses>4715001</misses>
				<total>7</total>
				<timestamp>1413.085778</timestamp>
			</report>
			<report>
				<misses>4716001</misses>
				<total>7</total>
				<timestamp>1413.385418</timestamp>
			</report>
			<report>
				<misses>4717001</misses>
				<total>7</total>
				<timestamp>1413.685071</timestamp>
			</report>
			<report>
				<misses>4718001</misses>
				<total>7</total>
				<timestamp>1413.984848</timestamp>
			</report>
			<report>
				<misses>4719001</misses>
				<total>7</total>
				<timestamp>1414.284478</timestamp>
			</report>
			<report>
				<misses>4720001</misses>
				<total>7</total>
				<timestamp>1414.584167</timestamp>
			</report>
			<report>
				<misses>4721001</misses>
				<total>7</total>
				<timestamp>1414.883897</timestamp>
			</report>
			<report>
				<misses>4722001</misses>
				<total>7</total>
				<timestamp>1415.183574</timestamp>
			</report>
			<report>
				<misses>4723001</misses>
				<total>7</total>
				<timestamp>1415.483277</timestamp>
			</report>
			<report>
				<misses>4724001</misses>
				<total>7</total>
				<timestamp>1415.782986</timestamp>
			</report>
			<report>
				<misses>4725001</misses>
				<total>7</total>
				<timestamp>1416.082678</timestamp>
			</report>
			<report>
				<misses>4726001</misses>
				<total>7</total>
				<timestamp>1416.382405</timestamp>
			</report>
			<report>
				<misses>4727001</misses>
				<total>7</total>
				<timestamp>1416.682070</timestamp>
			</report>
			<report>
				<misses>4728001</misses>
				<total>7</total>
				<timestamp>1416.981765</timestamp>
			</report>
			<report>
				<misses>4729001</misses>
				<total>7</total>
				<timestamp>1417.281481</timestamp>
			</report>
			<report>
				<misses>4730001</misses>
				<total>7</total>
				<timestamp>1417.581177</timestamp>
			</report>
			<report>
				<misses>4731001</misses>
				<total>7</total>
				<timestamp>1417.880876</timestamp>
			</report>
			<report>
				<misses>4732001</misses>
				<total>7</total>
				<timestamp>1418.180627</timestamp>
			</report>
			<report>
				<misses>4733001</misses>
				<total>7</total>
				<timestamp>1418.480266</timestamp>
			</report>
			<report>
				<misses>4734001</misses>
				<total>7</total>
				<timestamp>1418.780059</timestamp>
			</report>
			<report>
				<misses>4735001</misses>
				<total>7</total>
				<timestamp>1419.079752</timestamp>
			</report>
			<report>
				<misses>4736001</misses>
				<total>7</total>
				<timestamp>1419.379454</timestamp>
			</report>
			<report>
				<misses>4737001</misses>
				<total>7</total>
				<timestamp>1419.679066</timestamp>
			</report>
			<report>
				<misses>4738001</misses>
				<total>7</total>
				<timestamp>1419.978773</timestamp>
			</report>
			<report>
				<misses>4739001</misses>
				<total>7</total>
				<timestamp>1420.278529</timestamp>
			</report>
			<report>
				<misses>4740001</misses>
				<total>7</total>
				<timestamp>1420.578188</timestamp>
			</report>
			<report>
				<misses>4741001</misses>
				<total>7</total>
				<timestamp>1420.877901</timestamp>
			</report>
			<report>
				<misses>4742001</misses>
				<total>7</total>
				<timestamp>1421.177634</timestamp>
			</report>
			<report>
				<misses>4743001</misses>
				<total>7</total>
				<timestamp>1421.477264</timestamp>
			</report>
			<report>
				<misses>4744001</misses>
				<total>7</total>
				<timestamp>1421.777041</timestamp>
			</report>
			<report>
				<misses>4745001</misses>
				<total>7</total>
				<timestamp>1422.076712</timestamp>
			</report>
			<report>
				<misses>4746001</misses>
				<total>7</total>
				<timestamp>1422.376367</timestamp>
			</report>
			<report>
				<misses>4747001</misses>
				<total>7</total>
				<timestamp>1422.676153</timestamp>
			</report>
			<report>
				<misses>4748001</misses>
				<total>7</total>
				<timestamp>1422.975841</timestamp>
			</report>
			<report>
				<misses>4749001</misses>
				<total>7</total>
				<timestamp>1423.275478</timestamp>
			</report>
			<report>
				<misses>4750001</misses>
				<total>7</total>
				<timestamp>1423.575177</timestamp>
			</report>
			<report>
				<misses>4751001</misses>
				<total>7</total>
				<timestamp>1423.874880</timestamp>
			</report>
			<report>
				<misses>4752001</misses>
				<total>7</total>
				<timestamp>1424.174626</timestamp>
			</report>
			<report>
				<misses>4753001</misses>
				<total>7</total>
				<timestamp>1424.474409</timestamp>
			</report>
			<report>
				<misses>4754001</misses>
				<total>7</total>
				<timestamp>1424.773979</timestamp>
			</report>
			<report>
				<misses>4755001</misses>
				<total>7</total>
				<timestamp>1425.073706</timestamp>
			</report>
			<report>
				<misses>4756001</misses>
				<total>7</total>
				<timestamp>1425.373375</timestamp>
			</report>
			<report>
				<misses>4757001</misses>
				<total>7</total>
				<timestamp>1425.673079</timestamp>
			</report>
			<report>
				<misses>4758001</misses>
				<total>7</total>
				<timestamp>1425.972875</timestamp>
			</report>
			<report>
				<misses>4759001</misses>
				<total>7</total>
				<timestamp>1426.272516</timestamp>
			</report>
			<report>
				<misses>4760001</misses>
				<total>7</total>
				<timestamp>1426.572173</timestamp>
			</report>
			<report>
				<misses>4761001</misses>
				<total>7</total>
				<timestamp>1426.871901</timestamp>
			</report>
			<report>
				<misses>4762001</misses>
				<total>7</total>
				<timestamp>1427.171578</timestamp>
			</report>
			<report>
				<misses>4763001</misses>
				<total>7</total>
				<timestamp>1427.471291</timestamp>
			</report>
			<report>
				<misses>4764001</misses>
				<total>7</total>
				<timestamp>1427.771002</timestamp>
			</report>
			<report>
				<misses>4765001</misses>
				<total>7</total>
				<timestamp>1428.070751</timestamp>
			</report>
			<report>
				<misses>4766001</misses>
				<total>7</total>
				<timestamp>1428.370364</timestamp>
			</report>
			<report>
				<misses>4767001</misses>
				<total>7</total>
				<timestamp>1428.670077</timestamp>
			</report>
			<report>
				<misses>4768001</misses>
				<total>7</total>
				<timestamp>1428.969807</timestamp>
			</report>
			<report>
				<misses>4769001</misses>
				<total>6</total>
				<timestamp>1429.269594</timestamp>
			</report>
			<report>
				<misses>4770001</misses>
				<total>7</total>
				<timestamp>1429.569180</timestamp>
			</report>
			<report>
				<misses>4771001</misses>
				<total>7</total>
				<timestamp>1429.868871</timestamp>
			</report>
			<report>
				<misses>4772001</misses>
				<total>7</total>
				<timestamp>1430.168657</timestamp>
			</report>
			<report>
				<misses>4773001</misses>
				<total>7</total>
				<timestamp>1430.468275</timestamp>
			</report>
			<report>
				<misses>4774001</misses>
				<total>7</total>
				<timestamp>1430.768003</timestamp>
			</report>
			<report>
				<misses>4775001</misses>
				<total>7</total>
				<timestamp>1431.067732</timestamp>
			</report>
			<report>
				<misses>4776001</misses>
				<total>7</total>
				<timestamp>1431.367365</timestamp>
			</report>
			<report>
				<misses>4777001</misses>
				<total>7</total>
				<timestamp>1431.667091</timestamp>
			</report>
			<report>
				<misses>4778001</misses>
				<total>7</total>
				<timestamp>1431.966777</timestamp>
			</report>
			<report>
				<misses>4779001</misses>
				<total>7</total>
				<timestamp>1432.266583</timestamp>
			</report>
			<report>
				<misses>4780001</misses>
				<total>7</total>
				<timestamp>1432.566167</timestamp>
			</report>
			<report>
				<misses>4781001</misses>
				<total>7</total>
				<timestamp>1432.865870</timestamp>
			</report>
			<report>
				<misses>4782001</misses>
				<total>7</total>
				<timestamp>1433.165674</timestamp>
			</report>
			<report>
				<misses>4783001</misses>
				<total>7</total>
				<timestamp>1433.465298</timestamp>
			</report>
			<report>
				<misses>4784001</misses>
				<total>7</total>
				<timestamp>1433.765013</timestamp>
			</report>
			<report>
				<misses>4785001</misses>
				<total>7</total>
				<timestamp>1434.064696</timestamp>
			</report>
			<report>
				<misses>4786001</misses>
				<total>7</total>
				<timestamp>1434.364366</timestamp>
			</report>
			<report>
				<misses>4787001</misses>
				<total>7</total>
				<timestamp>1434.664057</timestamp>
			</report>
			<report>
				<misses>4788001</misses>
				<total>7</total>
				<timestamp>1434.963780</timestamp>
			</report>
			<report>
				<misses>4789001</misses>
				<total>6</total>
				<timestamp>1435.263623</timestamp>
			</report>
			<report>
				<misses>4790001</misses>
				<total>7</total>
				<timestamp>1435.563159</timestamp>
			</report>
			<report>
				<misses>4791001</misses>
				<total>7</total>
				<timestamp>1435.862929</timestamp>
			</report>
			<report>
				<misses>4792001</misses>
				<total>7</total>
				<timestamp>1436.162647</timestamp>
			</report>
			<report>
				<misses>4793001</misses>
				<total>7</total>
				<timestamp>1436.462328</timestamp>
			</report>
			<report>
				<misses>4794001</misses>
				<total>7</total>
				<timestamp>1436.761996</timestamp>
			</report>
			<report>
				<misses>4795001</misses>
				<total>7</total>
				<timestamp>1437.061697</timestamp>
			</report>
			<report>
				<misses>4796001</misses>
				<total>7</total>
				<timestamp>1437.361368</timestamp>
			</report>
			<report>
				<misses>4797001</misses>
				<total>7</total>
				<timestamp>1437.661068</timestamp>
			</report>
			<report>
				<misses>4798001</misses>
				<total>7</total>
				<timestamp>1437.960825</timestamp>
			</report>
			<report>
				<misses>4799001</misses>
				<total>7</total>
				<timestamp>1438.260541</timestamp>
			</report>
			<report>
				<misses>4800001</misses>
				<total>7</total>
				<timestamp>1438.560177</timestamp>
			</report>
			<report>
				<misses>4801001</misses>
				<total>7</total>
				<timestamp>1438.859875</timestamp>
			</report>
			<report>
				<misses>4802001</misses>
				<total>7</total>
				<timestamp>1439.159621</timestamp>
			</report>
			<report>
				<misses>4803001</misses>
				<total>7</total>
				<timestamp>1439.459278</timestamp>
			</report>
			<report>
				<misses>4804001</misses>
				<total>7</total>
				<timestamp>1439.759010</timestamp>
			</report>
			<report>
				<misses>4805001</misses>
				<total>7</total>
				<timestamp>1440.058703</timestamp>
			</report>
			<report>
				<misses>4806001</misses>
				<total>7</total>
				<timestamp>1440.358438</timestamp>
			</report>
			<report>
				<misses>4807001</misses>
				<total>7</total>
				<timestamp>1440.658093</timestamp>
			</report>
			<report>
				<misses>4808001</misses>
				<total>7</total>
				<timestamp>1440.957764</timestamp>
			</report>
			<report>
				<misses>4809001</misses>
				<total>7</total>
				<timestamp>1441.257488</timestamp>
			</report>
			<report>
				<misses>4810001</misses>
				<total>7</total>
				<timestamp>1441.557178</timestamp>
			</report>
			<report>
				<misses>4811001</misses>
				<total>7</total>
				<timestamp>1441.856886</timestamp>
			</report>
			<report>
				<misses>4812001</misses>
				<total>7</total>
				<timestamp>1442.156628</timestamp>
			</report>
			<report>
				<misses>4813001</misses>
				<total>6</total>
				<timestamp>1442.456375</timestamp>
			</report>
			<report>
				<misses>4814001</misses>
				<total>7</total>
				<timestamp>1442.756039</timestamp>
			</report>
			<report>
				<misses>4815001</misses>
				<total>7</total>
				<timestamp>1443.055709</timestamp>
			</report>
			<report>
				<misses>4816001</misses>
				<total>7</total>
				<timestamp>1443.355450</timestamp>
			</report>
			<report>
				<misses>4817001</misses>
				<total>7</total>
				<timestamp>1443.655074</timestamp>
			</report>
			<report>
				<misses>4818001</misses>
				<total>7</total>
				<timestamp>1443.954767</timestamp>
			</report>
			<report>
				<misses>4819001</misses>
				<total>7</total>
				<timestamp>1444.254590</timestamp>
			</report>
			<report>
				<misses>4820001</misses>
				<total>7</total>
				<timestamp>1444.554185</timestamp>
			</report>
			<report>
				<misses>4821001</misses>
				<total>7</total>
				<timestamp>1444.853918</timestamp>
			</report>
			<report>
				<misses>4822001</misses>
				<total>7</total>
				<timestamp>1445.153581</timestamp>
			</report>
			<report>
				<misses>4823001</misses>
				<total>7</total>
				<timestamp>1445.453273</timestamp>
			</report>
			<report>
				<misses>4824001</misses>
				<total>7</total>
				<timestamp>1445.753056</timestamp>
			</report>
			<report>
				<misses>4825001</misses>
				<total>7</total>
				<timestamp>1446.052685</timestamp>
			</report>
			<report>
				<misses>4826001</misses>
				<total>7</total>
				<timestamp>1446.352438</timestamp>
			</report>
			<report>
				<misses>4827001</misses>
				<total>7</total>
				<timestamp>1446.652066</timestamp>
			</report>
			<report>
				<misses>4828001</misses>
				<total>7</total>
				<timestamp>1446.951758</timestamp>
			</report>
			<report>
				<misses>4829001</misses>
				<total>7</total>
				<timestamp>1447.251484</timestamp>
			</report>
			<report>
				<misses>4830001</misses>
				<total>6</total>
				<timestamp>1447.551307</timestamp>
			</report>
			<report>
				<misses>4831001</misses>
				<total>7</total>
				<timestamp>1447.850893</timestamp>
			</report>
			<report>
				<misses>4832001</misses>
				<total>6</total>
				<timestamp>1448.150723</timestamp>
			</report>
			<report>
				<misses>4833001</misses>
				<total>7</total>
				<timestamp>1448.450272</timestamp>
			</report>
			<report>
				<misses>4834001</misses>
				<total>7</total>
				<timestamp>1448.749991</timestamp>
			</report>
			<report>
				<misses>4835001</misses>
				<total>7</total>
				<timestamp>1449.049710</timestamp>
			</report>
			<report>
				<misses>4836001</misses>
				<total>6</total>
				<timestamp>1449.349528</timestamp>
			</report>
			<report>
				<misses>4837001</misses>
				<total>7</total>
				<timestamp>1449.649063</timestamp>
			</report>
			<report>
				<misses>4838001</misses>
				<total>7</total>
				<timestamp>1449.948768</timestamp>
			</report>
			<report>
				<misses>4839001</misses>
				<total>7</total>
				<timestamp>1450.248544</timestamp>
			</report>
			<report>
				<misses>4840001</misses>
				<total>7</total>
				<timestamp>1450.548187</timestamp>
			</report>
			<report>
				<misses>4841001</misses>
				<total>7</total>
				<timestamp>1450.847869</timestamp>
			</report>
			<report>
				<misses>4842001</misses>
				<total>7</total>
				<timestamp>1451.147574</timestamp>
			</report>
			<report>
				<misses>4843001</misses>
				<total>7</total>
				<timestamp>1451.447276</timestamp>
			</report>
			<report>
				<misses>4844001</misses>
				<total>7</total>
				<timestamp>1451.746965</timestamp>
			</report>
			<report>
				<misses>4845001</misses>
				<total>7</total>
				<timestamp>1452.046686</timestamp>
			</report>
			<report>
				<misses>4846001</misses>
				<total>7</total>
				<timestamp>1452.346461</timestamp>
			</report>
			<report>
				<misses>4847001</misses>
				<total>7</total>
				<timestamp>1452.646069</timestamp>
			</report>
			<report>
				<misses>4848001</misses>
				<total>7</total>
				<timestamp>1452.945762</timestamp>
			</report>
			<report>
				<misses>4849001</misses>
				<total>7</total>
				<timestamp>1453.245544</timestamp>
			</report>
			<report>
				<misses>4850001</misses>
				<total>7</total>
				<timestamp>1453.545162</timestamp>
			</report>
			<report>
				<misses>4851001</misses>
				<total>7</total>
				<timestamp>1453.844946</timestamp>
			</report>
			<report>
				<misses>4852001</misses>
				<total>7</total>
				<timestamp>1454.144629</timestamp>
			</report>
			<report>
				<misses>4853001</misses>
				<total>7</total>
				<timestamp>1454.444268</timestamp>
			</report>
			<report>
				<misses>4854001</misses>
				<total>7</total>
				<timestamp>1454.744041</timestamp>
			</report>
			<report>
				<misses>4855001</misses>
				<total>7</total>
				<timestamp>1455.043665</timestamp>
			</report>
			<report>
				<misses>4856001</misses>
				<total>6</total>
				<timestamp>1455.343485</timestamp>
			</report>
			<report>
				<misses>4857001</misses>
				<total>7</total>
				<timestamp>1455.643071</timestamp>
			</report>
			<report>
				<misses>4858001</misses>
				<total>7</total>
				<timestamp>1455.942775</timestamp>
			</report>
			<report>
				<misses>4859001</misses>
				<total>7</total>
				<timestamp>1456.242506</timestamp>
			</report>
			<report>
				<misses>4860001</misses>
				<total>7</total>
				<timestamp>1456.542162</timestamp>
			</report>
			<report>
				<misses>4861001</misses>
				<total>7</total>
				<timestamp>1456.841915</timestamp>
			</report>
			<report>
				<misses>4862001</misses>
				<total>7</total>
				<timestamp>1457.141572</timestamp>
			</report>
			<report>
				<misses>4863001</misses>
				<total>7</total>
				<timestamp>1457.441280</timestamp>
			</report>
			<report>
				<misses>4864001</misses>
				<total>7</total>
				<timestamp>1457.741041</timestamp>
			</report>
			<report>
				<misses>4865001</misses>
				<total>7</total>
				<timestamp>1458.040675</timestamp>
			</report>
			<report>
				<misses>4866001</misses>
				<total>7</total>
				<timestamp>1458.340443</timestamp>
			</report>
			<report>
				<misses>4867001</misses>
				<total>7</total>
				<timestamp>1458.640072</timestamp>
			</report>
			<report>
				<misses>4868001</misses>
				<total>7</total>
				<timestamp>1458.939771</timestamp>
			</report>
			<report>
				<misses>4869001</misses>
				<total>7</total>
				<timestamp>1459.239563</timestamp>
			</report>
			<report>
				<misses>4870001</misses>
				<total>7</total>
				<timestamp>1459.539182</timestamp>
			</report>
			<report>
				<misses>4871001</misses>
				<total>7</total>
				<timestamp>1459.838866</timestamp>
			</report>
			<report>
				<misses>4872001</misses>
				<total>7</total>
				<timestamp>1460.138573</timestamp>
			</report>
			<report>
				<misses>4873001</misses>
				<total>7</total>
				<timestamp>1460.438282</timestamp>
			</report>
			<report>
				<misses>4874001</misses>
				<total>7</total>
				<timestamp>1460.737989</timestamp>
			</report>
			<report>
				<misses>4875001</misses>
				<total>7</total>
				<timestamp>1461.037683</timestamp>
			</report>
			<report>
				<misses>4876001</misses>
				<total>7</total>
				<timestamp>1461.337389</timestamp>
			</report>
			<report>
				<misses>4877001</misses>
				<total>7</total>
				<timestamp>1461.637078</timestamp>
			</report>
			<report>
				<misses>4878001</misses>
				<total>7</total>
				<timestamp>1461.936773</timestamp>
			</report>
			<report>
				<misses>4879001</misses>
				<total>7</total>
				<timestamp>1462.236503</timestamp>
			</report>
			<report>
				<misses>4880001</misses>
				<total>7</total>
				<timestamp>1462.536167</timestamp>
			</report>
			<report>
				<misses>4881001</misses>
				<total>7</total>
				<timestamp>1462.835876</timestamp>
			</report>
			<report>
				<misses>4882001</misses>
				<total>7</total>
				<timestamp>1463.135572</timestamp>
			</report>
			<report>
				<misses>4883001</misses>
				<total>7</total>
				<timestamp>1463.435268</timestamp>
			</report>
			<report>
				<misses>4884001</misses>
				<total>7</total>
				<timestamp>1463.735007</timestamp>
			</report>
			<report>
				<misses>4885001</misses>
				<total>7</total>
				<timestamp>1464.034667</timestamp>
			</report>
			<report>
				<misses>4886001</misses>
				<total>7</total>
				<timestamp>1464.334398</timestamp>
			</report>
			<report>
				<misses>4887001</misses>
				<total>8</total>
				<timestamp>1464.634142</timestamp>
			</report>
			<report>
				<misses>4888001</misses>
				<total>8</total>
				<timestamp>1464.933777</timestamp>
			</report>
			<report>
				<misses>4889001</misses>
				<total>8</total>
				<timestamp>1465.233478</timestamp>
			</report>
			<report>
				<misses>4890001</misses>
				<total>8</total>
				<timestamp>1465.533166</timestamp>
			</report>
			<report>
				<misses>4891001</misses>
				<total>8</total>
				<timestamp>1465.832894</timestamp>
			</report>
			<report>
				<misses>4892001</misses>
				<total>8</total>
				<timestamp>1466.132615</timestamp>
			</report>
			<report>
				<misses>4893001</misses>
				<total>8</total>
				<timestamp>1466.432322</timestamp>
			</report>
			<report>
				<misses>4894001</misses>
				<total>8</total>
				<timestamp>1466.731999</timestamp>
			</report>
			<report>
				<misses>4895001</misses>
				<total>8</total>
				<timestamp>1467.031681</timestamp>
			</report>
			<report>
				<misses>4896001</misses>
				<total>8</total>
				<timestamp>1467.331391</timestamp>
			</report>
			<report>
				<misses>4897001</misses>
				<total>8</total>
				<timestamp>1467.631064</timestamp>
			</report>
			<report>
				<misses>4898001</misses>
				<total>8</total>
				<timestamp>1467.930803</timestamp>
			</report>
			<report>
				<misses>4899001</misses>
				<total>8</total>
				<timestamp>1468.230478</timestamp>
			</report>
			<report>
				<misses>4900001</misses>
				<total>8</total>
				<timestamp>1468.530168</timestamp>
			</report>
			<report>
				<misses>4901001</misses>
				<total>8</total>
				<timestamp>1468.829869</timestamp>
			</report>
			<report>
				<misses>4902001</misses>
				<total>8</total>
				<timestamp>1469.129630</timestamp>
			</report>
			<report>
				<misses>4903001</misses>
				<total>8</total>
				<timestamp>1469.429272</timestamp>
			</report>
			<report>
				<misses>4904001</misses>
				<total>8</total>
				<timestamp>1469.728972</timestamp>
			</report>
			<report>
				<misses>4905001</misses>
				<total>8</total>
				<timestamp>1470.028674</timestamp>
			</report>
			<report>
				<misses>4906001</misses>
				<total>8</total>
				<timestamp>1470.328385</timestamp>
			</report>
			<report>
				<misses>4907001</misses>
				<total>8</total>
				<timestamp>1470.628066</timestamp>
			</report>
			<report>
				<misses>4908001</misses>
				<total>8</total>
				<timestamp>1470.927775</timestamp>
			</report>
			<report>
				<misses>4909001</misses>
				<total>8</total>
				<timestamp>1471.227472</timestamp>
			</report>
			<report>
				<misses>4910001</misses>
				<total>8</total>
				<timestamp>1471.527180</timestamp>
			</report>
			<report>
				<misses>4911001</misses>
				<total>8</total>
				<timestamp>1471.826867</timestamp>
			</report>
			<report>
				<misses>4912001</misses>
				<total>8</total>
				<timestamp>1472.126587</timestamp>
			</report>
			<report>
				<misses>4913001</misses>
				<total>8</total>
				<timestamp>1472.426263</timestamp>
			</report>
			<report>
				<misses>4914001</misses>
				<total>8</total>
				<timestamp>1472.726011</timestamp>
			</report>
			<report>
				<misses>4915001</misses>
				<total>8</total>
				<timestamp>1473.025690</timestamp>
			</report>
			<report>
				<misses>4916001</misses>
				<total>8</total>
				<timestamp>1473.325438</timestamp>
			</report>
			<report>
				<misses>4917001</misses>
				<total>8</total>
				<timestamp>1473.625127</timestamp>
			</report>
			<report>
				<misses>4918001</misses>
				<total>8</total>
				<timestamp>1473.924773</timestamp>
			</report>
			<report>
				<misses>4919001</misses>
				<total>8</total>
				<timestamp>1474.224492</timestamp>
			</report>
			<report>
				<misses>4920001</misses>
				<total>8</total>
				<timestamp>1474.524167</timestamp>
			</report>
			<report>
				<misses>4921001</misses>
				<total>8</total>
				<timestamp>1474.823870</timestamp>
			</report>
			<report>
				<misses>4922001</misses>
				<total>8</total>
				<timestamp>1475.123581</timestamp>
			</report>
			<report>
				<misses>4923001</misses>
				<total>8</total>
				<timestamp>1475.423379</timestamp>
			</report>
			<report>
				<misses>4924001</misses>
				<total>8</total>
				<timestamp>1475.723034</timestamp>
			</report>
			<report>
				<misses>4925001</misses>
				<total>8</total>
				<timestamp>1476.022679</timestamp>
			</report>
			<report>
				<misses>4926001</misses>
				<total>8</total>
				<timestamp>1476.322437</timestamp>
			</report>
			<report>
				<misses>4927001</misses>
				<total>8</total>
				<timestamp>1476.622065</timestamp>
			</report>
			<report>
				<misses>4928001</misses>
				<total>8</total>
				<timestamp>1476.921767</timestamp>
			</report>
			<report>
				<misses>4929001</misses>
				<total>8</total>
				<timestamp>1477.221470</timestamp>
			</report>
			<report>
				<misses>4930001</misses>
				<total>8</total>
				<timestamp>1477.521170</timestamp>
			</report>
			<report>
				<misses>4931001</misses>
				<total>8</total>
				<timestamp>1477.820863</timestamp>
			</report>
			<report>
				<misses>4932001</misses>
				<total>8</total>
				<timestamp>1478.120570</timestamp>
			</report>
			<report>
				<misses>4933001</misses>
				<total>8</total>
				<timestamp>1478.420286</timestamp>
			</report>
			<report>
				<misses>4934001</misses>
				<total>8</total>
				<timestamp>1478.720004</timestamp>
			</report>
			<report>
				<misses>4935001</misses>
				<total>8</total>
				<timestamp>1479.019687</timestamp>
			</report>
			<report>
				<misses>4936001</misses>
				<total>8</total>
				<timestamp>1479.319382</timestamp>
			</report>
			<report>
				<misses>4937001</misses>
				<total>8</total>
				<timestamp>1479.619060</timestamp>
			</report>
			<report>
				<misses>4938001</misses>
				<total>8</total>
				<timestamp>1479.918757</timestamp>
			</report>
			<report>
				<misses>4939001</misses>
				<total>8</total>
				<timestamp>1480.218511</timestamp>
			</report>
			<report>
				<misses>4940001</misses>
				<total>8</total>
				<timestamp>1480.518182</timestamp>
			</report>
			<report>
				<misses>4941001</misses>
				<total>8</total>
				<timestamp>1480.817877</timestamp>
			</report>
			<report>
				<misses>4942001</misses>
				<total>8</total>
				<timestamp>1481.117575</timestamp>
			</report>
			<report>
				<misses>4943001</misses>
				<total>8</total>
				<timestamp>1481.417334</timestamp>
			</report>
			<report>
				<misses>4944001</misses>
				<total>8</total>
				<timestamp>1481.716958</timestamp>
			</report>
			<report>
				<misses>4945001</misses>
				<total>8</total>
				<timestamp>1482.016667</timestamp>
			</report>
			<report>
				<misses>4946001</misses>
				<total>8</total>
				<timestamp>1482.316418</timestamp>
			</report>
			<report>
				<misses>4947001</misses>
				<total>8</total>
				<timestamp>1482.616068</timestamp>
			</report>
			<report>
				<misses>4948001</misses>
				<total>8</total>
				<timestamp>1482.915779</timestamp>
			</report>
			<report>
				<misses>4949001</misses>
				<total>7</total>
				<timestamp>1483.215578</timestamp>
			</report>
			<report>
				<misses>4950001</misses>
				<total>8</total>
				<timestamp>1483.515159</timestamp>
			</report>
			<report>
				<misses>4951001</misses>
				<total>8</total>
				<timestamp>1483.814863</timestamp>
			</report>
			<report>
				<misses>4952001</misses>
				<total>8</total>
				<timestamp>1484.114556</timestamp>
			</report>
			<report>
				<misses>4953001</misses>
				<total>8</total>
				<timestamp>1484.414368</timestamp>
			</report>
			<report>
				<misses>4954001</misses>
				<total>8</total>
				<timestamp>1484.714021</timestamp>
			</report>
			<report>
				<misses>4955001</misses>
				<total>8</total>
				<timestamp>1485.013692</timestamp>
			</report>
			<report>
				<misses>4956001</misses>
				<total>8</total>
				<timestamp>1485.313491</timestamp>
			</report>
			<report>
				<misses>4957001</misses>
				<total>8</total>
				<timestamp>1485.613065</timestamp>
			</report>
			<report>
				<misses>4958001</misses>
				<total>8</total>
				<timestamp>1485.912772</timestamp>
			</report>
			<report>
				<misses>4959001</misses>
				<total>8</total>
				<timestamp>1486.212502</timestamp>
			</report>
			<report>
				<misses>4960001</misses>
				<total>8</total>
				<timestamp>1486.512255</timestamp>
			</report>
			<report>
				<misses>4961001</misses>
				<total>8</total>
				<timestamp>1486.811872</timestamp>
			</report>
			<report>
				<misses>4962001</misses>
				<total>8</total>
				<timestamp>1487.111595</timestamp>
			</report>
			<report>
				<misses>4963001</misses>
				<total>7</total>
				<timestamp>1487.411387</timestamp>
			</report>
			<report>
				<misses>4964001</misses>
				<total>8</total>
				<timestamp>1487.710981</timestamp>
			</report>
			<report>
				<misses>4965001</misses>
				<total>8</total>
				<timestamp>1488.010730</timestamp>
			</report>
			<report>
				<misses>4966001</misses>
				<total>8</total>
				<timestamp>1488.310391</timestamp>
			</report>
			<report>
				<misses>4967001</misses>
				<total>8</total>
				<timestamp>1488.610086</timestamp>
			</report>
			<report>
				<misses>4968001</misses>
				<total>8</total>
				<timestamp>1488.909771</timestamp>
			</report>
			<report>
				<misses>4969001</misses>
				<total>8</total>
				<timestamp>1489.209487</timestamp>
			</report>
			<report>
				<misses>4970001</misses>
				<total>8</total>
				<timestamp>1489.509161</timestamp>
			</report>
			<report>
				<misses>4971001</misses>
				<total>8</total>
				<timestamp>1489.808880</timestamp>
			</report>
			<report>
				<misses>4972001</misses>
				<total>8</total>
				<timestamp>1490.108664</timestamp>
			</report>
			<report>
				<misses>4973001</misses>
				<total>8</total>
				<timestamp>1490.408295</timestamp>
			</report>
			<report>
				<misses>4974001</misses>
				<total>8</total>
				<timestamp>1490.708070</timestamp>
			</report>
			<report>
				<misses>4975001</misses>
				<total>8</total>
				<timestamp>1491.007682</timestamp>
			</report>
			<report>
				<misses>4976001</misses>
				<total>8</total>
				<timestamp>1491.307450</timestamp>
			</report>
			<report>
				<misses>4977001</misses>
				<total>8</total>
				<timestamp>1491.607094</timestamp>
			</report>
			<report>
				<misses>4978001</misses>
				<total>8</total>
				<timestamp>1491.906824</timestamp>
			</report>
			<report>
				<misses>4979001</misses>
				<total>8</total>
				<timestamp>1492.206470</timestamp>
			</report>
			<report>
				<misses>4980001</misses>
				<total>7</total>
				<timestamp>1492.506305</timestamp>
			</report>
			<report>
				<misses>4981001</misses>
				<total>8</total>
				<timestamp>1492.805866</timestamp>
			</report>
			<report>
				<misses>4982001</misses>
				<total>8</total>
				<timestamp>1493.105577</timestamp>
			</report>
			<report>
				<misses>4983001</misses>
				<total>8</total>
				<timestamp>1493.405315</timestamp>
			</report>
			<report>
				<misses>4984001</misses>
				<total>8</total>
				<timestamp>1493.705034</timestamp>
			</report>
			<report>
				<misses>4985001</misses>
				<total>8</total>
				<timestamp>1494.004667</timestamp>
			</report>
			<report>
				<misses>4986001</misses>
				<total>8</total>
				<timestamp>1494.304374</timestamp>
			</report>
			<report>
				<misses>4987001</misses>
				<total>8</total>
				<timestamp>1494.604065</timestamp>
			</report>
			<report>
				<misses>4988001</misses>
				<total>8</total>
				<timestamp>1494.903815</timestamp>
			</report>
			<report>
				<misses>4989001</misses>
				<total>8</total>
				<timestamp>1495.203460</timestamp>
			</report>
			<report>
				<misses>4990001</misses>
				<total>8</total>
				<timestamp>1495.503175</timestamp>
			</report>
			<report>
				<misses>4991001</misses>
				<total>8</total>
				<timestamp>1495.802948</timestamp>
			</report>
			<report>
				<misses>4992001</misses>
				<total>8</total>
				<timestamp>1496.102574</timestamp>
			</report>
			<report>
				<misses>4993001</misses>
				<total>8</total>
				<timestamp>1496.402327</timestamp>
			</report>
			<report>
				<misses>4994001</misses>
				<total>8</total>
				<timestamp>1496.702013</timestamp>
			</report>
			<report>
				<misses>4995001</misses>
				<total>8</total>
				<timestamp>1497.001668</timestamp>
			</report>
			<report>
				<misses>4996001</misses>
				<total>8</total>
				<timestamp>1497.301384</timestamp>
			</report>
			<report>
				<misses>4997001</misses>
				<total>8</total>
				<timestamp>1497.601065</timestamp>
			</report>
			<report>
				<misses>4998001</misses>
				<total>8</total>
				<timestamp>1497.900779</timestamp>
			</report>
			<report>
				<misses>4999001</misses>
				<total>8</total>
				<timestamp>1498.200484</timestamp>
			</report>
			<report>
				<misses>5000001</misses>
				<total>8</total>
				<timestamp>1498.500263</timestamp>
			</report>
			<report>
				<misses>5001001</misses>
				<total>8</total>
				<timestamp>1498.799876</timestamp>
			</report>
			<report>
				<misses>5002001</misses>
				<total>8</total>
				<timestamp>1499.099574</timestamp>
			</report>
			<report>
				<misses>5003001</misses>
				<total>8</total>
				<timestamp>1499.399293</timestamp>
			</report>
			<report>
				<misses>5004001</misses>
				<total>8</total>
				<timestamp>1499.698983</timestamp>
			</report>
			<report>
				<misses>5005001</misses>
				<total>8</total>
				<timestamp>1499.998681</timestamp>
			</report>
			<report>
				<misses>5006001</misses>
				<total>8</total>
				<timestamp>1500.298394</timestamp>
			</report>
			<report>
				<misses>5007001</misses>
				<total>8</total>
				<timestamp>1500.598056</timestamp>
			</report>
			<report>
				<misses>5008001</misses>
				<total>8</total>
				<timestamp>1500.897767</timestamp>
			</report>
			<report>
				<misses>5009001</misses>
				<total>8</total>
				<timestamp>1501.197471</timestamp>
			</report>
			<report>
				<misses>5010001</misses>
				<total>8</total>
				<timestamp>1501.497201</timestamp>
			</report>
			<report>
				<misses>5011001</misses>
				<total>8</total>
				<timestamp>1501.796880</timestamp>
			</report>
			<report>
				<misses>5012001</misses>
				<total>8</total>
				<timestamp>1502.096566</timestamp>
			</report>
			<report>
				<misses>5013001</misses>
				<total>8</total>
				<timestamp>1502.396345</timestamp>
			</report>
			<report>
				<misses>5014001</misses>
				<total>8</total>
				<timestamp>1502.695983</timestamp>
			</report>
			<report>
				<misses>5015001</misses>
				<total>8</total>
				<timestamp>1502.995690</timestamp>
			</report>
			<report>
				<misses>5016001</misses>
				<total>8</total>
				<timestamp>1503.295380</timestamp>
			</report>
			<report>
				<misses>5017001</misses>
				<total>8</total>
				<timestamp>1503.595065</timestamp>
			</report>
			<report>
				<misses>5018001</misses>
				<total>8</total>
				<timestamp>1503.894789</timestamp>
			</report>
			<report>
				<misses>5019001</misses>
				<total>8</total>
				<timestamp>1504.194476</timestamp>
			</report>
			<report>
				<misses>5020001</misses>
				<total>8</total>
				<timestamp>1504.494196</timestamp>
			</report>
			<report>
				<misses>5021001</misses>
				<total>8</total>
				<timestamp>1504.793894</timestamp>
			</report>
			<report>
				<misses>5022001</misses>
				<total>8</total>
				<timestamp>1505.093589</timestamp>
			</report>
			<report>
				<misses>5023001</misses>
				<total>8</total>
				<timestamp>1505.393346</timestamp>
			</report>
			<report>
				<misses>5024001</misses>
				<total>8</total>
				<timestamp>1505.693052</timestamp>
			</report>
			<report>
				<misses>5025001</misses>
				<total>8</total>
				<timestamp>1505.992679</timestamp>
			</report>
			<report>
				<misses>5026001</misses>
				<total>8</total>
				<timestamp>1506.292364</timestamp>
			</report>
			<report>
				<misses>5027001</misses>
				<total>8</total>
				<timestamp>1506.592073</timestamp>
			</report>
			<report>
				<misses>5028001</misses>
				<total>8</total>
				<timestamp>1506.891765</timestamp>
			</report>
			<report>
				<misses>5029001</misses>
				<total>8</total>
				<timestamp>1507.191559</timestamp>
			</report>
			<report>
				<misses>5030001</misses>
				<total>8</total>
				<timestamp>1507.491217</timestamp>
			</report>
			<report>
				<misses>5031001</misses>
				<total>8</total>
				<timestamp>1507.790877</timestamp>
			</report>
			<report>
				<misses>5032001</misses>
				<total>8</total>
				<timestamp>1508.090584</timestamp>
			</report>
			<report>
				<misses>5033001</misses>
				<total>8</total>
				<timestamp>1508.390344</timestamp>
			</report>
			<report>
				<misses>5034001</misses>
				<total>8</total>
				<timestamp>1508.690026</timestamp>
			</report>
			<report>
				<misses>5035001</misses>
				<total>8</total>
				<timestamp>1508.989754</timestamp>
			</report>
			<report>
				<misses>5036001</misses>
				<total>8</total>
				<timestamp>1509.289389</timestamp>
			</report>
			<report>
				<misses>5037001</misses>
				<total>8</total>
				<timestamp>1509.589079</timestamp>
			</report>
			<report>
				<misses>5038001</misses>
				<total>8</total>
				<timestamp>1509.888835</timestamp>
			</report>
			<report>
				<misses>5039001</misses>
				<total>8</total>
				<timestamp>1510.188481</timestamp>
			</report>
			<report>
				<misses>5040001</misses>
				<total>8</total>
				<timestamp>1510.488219</timestamp>
			</report>
			<report>
				<misses>5041001</misses>
				<total>8</total>
				<timestamp>1510.787876</timestamp>
			</report>
			<report>
				<misses>5042001</misses>
				<total>8</total>
				<timestamp>1511.087589</timestamp>
			</report>
			<report>
				<misses>5043001</misses>
				<total>8</total>
				<timestamp>1511.387329</timestamp>
			</report>
			<report>
				<misses>5044001</misses>
				<total>8</total>
				<timestamp>1511.686990</timestamp>
			</report>
			<report>
				<misses>5045001</misses>
				<total>8</total>
				<timestamp>1511.986686</timestamp>
			</report>
			<report>
				<misses>5046001</misses>
				<total>8</total>
				<timestamp>1512.286410</timestamp>
			</report>
			<report>
				<misses>5047001</misses>
				<total>8</total>
				<timestamp>1512.586113</timestamp>
			</report>
			<report>
				<misses>5048001</misses>
				<total>8</total>
				<timestamp>1512.885782</timestamp>
			</report>
			<report>
				<misses>5049001</misses>
				<total>8</total>
				<timestamp>1513.185536</timestamp>
			</report>
			<report>
				<misses>5050001</misses>
				<total>8</total>
				<timestamp>1513.485205</timestamp>
			</report>
			<report>
				<misses>5051001</misses>
				<total>8</total>
				<timestamp>1513.784861</timestamp>
			</report>
			<report>
				<misses>5052001</misses>
				<total>8</total>
				<timestamp>1514.084658</timestamp>
			</report>
			<report>
				<misses>5053001</misses>
				<total>8</total>
				<timestamp>1514.384306</timestamp>
			</report>
			<report>
				<misses>5054001</misses>
				<total>8</total>
				<timestamp>1514.683979</timestamp>
			</report>
			<report>
				<misses>5055001</misses>
				<total>8</total>
				<timestamp>1514.983677</timestamp>
			</report>
			<report>
				<misses>5056001</misses>
				<total>8</total>
				<timestamp>1515.283366</timestamp>
			</report>
			<report>
				<misses>5057001</misses>
				<total>8</total>
				<timestamp>1515.583087</timestamp>
			</report>
			<report>
				<misses>5058001</misses>
				<total>8</total>
				<timestamp>1515.882760</timestamp>
			</report>
			<report>
				<misses>5059001</misses>
				<total>8</total>
				<timestamp>1516.182470</timestamp>
			</report>
			<report>
				<misses>5060001</misses>
				<total>8</total>
				<timestamp>1516.482241</timestamp>
			</report>
			<report>
				<misses>5061001</misses>
				<total>8</total>
				<timestamp>1516.781874</timestamp>
			</report>
			<report>
				<misses>5062001</misses>
				<total>8</total>
				<timestamp>1517.081574</timestamp>
			</report>
			<report>
				<misses>5063001</misses>
				<total>8</total>
				<timestamp>1517.381309</timestamp>
			</report>
			<report>
				<misses>5064001</misses>
				<total>8</total>
				<timestamp>1517.680986</timestamp>
			</report>
			<report>
				<misses>5065001</misses>
				<total>8</total>
				<timestamp>1517.980680</timestamp>
			</report>
			<report>
				<misses>5066001</misses>
				<total>8</total>
				<timestamp>1518.280396</timestamp>
			</report>
			<report>
				<misses>5067001</misses>
				<total>8</total>
				<timestamp>1518.580158</timestamp>
			</report>
			<report>
				<misses>5068001</misses>
				<total>8</total>
				<timestamp>1518.879890</timestamp>
			</report>
			<report>
				<misses>5069001</misses>
				<total>8</total>
				<timestamp>1519.179472</timestamp>
			</report>
			<report>
				<misses>5070001</misses>
				<total>8</total>
				<timestamp>1519.479243</timestamp>
			</report>
			<report>
				<misses>5071001</misses>
				<total>8</total>
				<timestamp>1519.778879</timestamp>
			</report>
			<report>
				<misses>5072001</misses>
				<total>8</total>
				<timestamp>1520.078566</timestamp>
			</report>
			<report>
				<misses>5073001</misses>
				<total>8</total>
				<timestamp>1520.378305</timestamp>
			</report>
			<report>
				<misses>5074001</misses>
				<total>8</total>
				<timestamp>1520.678006</timestamp>
			</report>
			<report>
				<misses>5075001</misses>
				<total>8</total>
				<timestamp>1520.977695</timestamp>
			</report>
			<report>
				<misses>5076001</misses>
				<total>8</total>
				<timestamp>1521.277423</timestamp>
			</report>
			<report>
				<misses>5077001</misses>
				<total>8</total>
				<timestamp>1521.577121</timestamp>
			</report>
			<report>
				<misses>5078001</misses>
				<total>8</total>
				<timestamp>1521.876775</timestamp>
			</report>
			<report>
				<misses>5079001</misses>
				<total>8</total>
				<timestamp>1522.176473</timestamp>
			</report>
			<report>
				<misses>5080001</misses>
				<total>8</total>
				<timestamp>1522.476203</timestamp>
			</report>
			<report>
				<misses>5081001</misses>
				<total>8</total>
				<timestamp>1522.775877</timestamp>
			</report>
			<report>
				<misses>5082001</misses>
				<total>8</total>
				<timestamp>1523.075601</timestamp>
			</report>
			<report>
				<misses>5083001</misses>
				<total>8</total>
				<timestamp>1523.375320</timestamp>
			</report>
			<report>
				<misses>5084001</misses>
				<total>8</total>
				<timestamp>1523.675008</timestamp>
			</report>
			<report>
				<misses>5085001</misses>
				<total>8</total>
				<timestamp>1523.974682</timestamp>
			</report>
			<report>
				<misses>5086001</misses>
				<total>8</total>
				<timestamp>1524.274376</timestamp>
			</report>
			<report>
				<misses>5087001</misses>
				<total>8</total>
				<timestamp>1524.574127</timestamp>
			</report>
			<report>
				<misses>5088001</misses>
				<total>8</total>
				<timestamp>1524.873780</timestamp>
			</report>
			<report>
				<misses>5089001</misses>
				<total>8</total>
				<timestamp>1525.173493</timestamp>
			</report>
			<report>
				<misses>5090001</misses>
				<total>8</total>
				<timestamp>1525.473257</timestamp>
			</report>
			<report>
				<misses>5091001</misses>
				<total>8</total>
				<timestamp>1525.772886</timestamp>
			</report>
			<report>
				<misses>5092001</misses>
				<total>8</total>
				<timestamp>1526.072577</timestamp>
			</report>
			<report>
				<misses>5093001</misses>
				<total>8</total>
				<timestamp>1526.372333</timestamp>
			</report>
			<report>
				<misses>5094001</misses>
				<total>8</total>
				<timestamp>1526.672048</timestamp>
			</report>
			<report>
				<misses>5095001</misses>
				<total>8</total>
				<timestamp>1526.971675</timestamp>
			</report>
			<report>
				<misses>5096001</misses>
				<total>8</total>
				<timestamp>1527.271422</timestamp>
			</report>
			<report>
				<misses>5097001</misses>
				<total>8</total>
				<timestamp>1527.571110</timestamp>
			</report>
			<report>
				<misses>5098001</misses>
				<total>8</total>
				<timestamp>1527.870829</timestamp>
			</report>
			<report>
				<misses>5099001</misses>
				<total>8</total>
				<timestamp>1528.170469</timestamp>
			</report>
			<report>
				<misses>5100001</misses>
				<total>8</total>
				<timestamp>1528.470219</timestamp>
			</report>
			<report>
				<misses>5101001</misses>
				<total>8</total>
				<timestamp>1528.769868</timestamp>
			</report>
			<report>
				<misses>5102001</misses>
				<total>8</total>
				<timestamp>1529.069587</timestamp>
			</report>
			<report>
				<misses>5103001</misses>
				<total>8</total>
				<timestamp>1529.369264</timestamp>
			</report>
			<report>
				<misses>5104001</misses>
				<total>8</total>
				<timestamp>1529.669029</timestamp>
			</report>
			<report>
				<misses>5105001</misses>
				<total>8</total>
				<timestamp>1529.968703</timestamp>
			</report>
			<report>
				<misses>5106001</misses>
				<total>8</total>
				<timestamp>1530.268393</timestamp>
			</report>
			<report>
				<misses>5107001</misses>
				<total>8</total>
				<timestamp>1530.568123</timestamp>
			</report>
			<report>
				<misses>5108001</misses>
				<total>8</total>
				<timestamp>1530.867821</timestamp>
			</report>
			<report>
				<misses>5109001</misses>
				<total>8</total>
				<timestamp>1531.167520</timestamp>
			</report>
			<report>
				<misses>5110001</misses>
				<total>8</total>
				<timestamp>1531.467226</timestamp>
			</report>
			<report>
				<misses>5111001</misses>
				<total>8</total>
				<timestamp>1531.766866</timestamp>
			</report>
			<report>
				<misses>5112001</misses>
				<total>8</total>
				<timestamp>1532.066574</timestamp>
			</report>
			<report>
				<misses>5113001</misses>
				<total>8</total>
				<timestamp>1532.366278</timestamp>
			</report>
			<report>
				<misses>5114001</misses>
				<total>7</total>
				<timestamp>1532.666093</timestamp>
			</report>
			<report>
				<misses>5115001</misses>
				<total>8</total>
				<timestamp>1532.965672</timestamp>
			</report>
			<report>
				<misses>5116001</misses>
				<total>8</total>
				<timestamp>1533.265369</timestamp>
			</report>
			<report>
				<misses>5117001</misses>
				<total>8</total>
				<timestamp>1533.565108</timestamp>
			</report>
			<report>
				<misses>5118001</misses>
				<total>8</total>
				<timestamp>1533.864779</timestamp>
			</report>
			<report>
				<misses>5119001</misses>
				<total>8</total>
				<timestamp>1534.164506</timestamp>
			</report>
			<report>
				<misses>5120001</misses>
				<total>8</total>
				<timestamp>1534.464268</timestamp>
			</report>
			<report>
				<misses>5121001</misses>
				<total>8</total>
				<timestamp>1534.763903</timestamp>
			</report>
			<report>
				<misses>5122001</misses>
				<total>8</total>
				<timestamp>1535.063564</timestamp>
			</report>
			<report>
				<misses>5123001</misses>
				<total>8</total>
				<timestamp>1535.363261</timestamp>
			</report>
			<report>
				<misses>5124001</misses>
				<total>8</total>
				<timestamp>1535.662981</timestamp>
			</report>
			<report>
				<misses>5125001</misses>
				<total>8</total>
				<timestamp>1535.962703</timestamp>
			</report>
			<report>
				<misses>5126001</misses>
				<total>7</total>
				<timestamp>1536.262507</timestamp>
			</report>
			<report>
				<misses>5127001</misses>
				<total>8</total>
				<timestamp>1536.562165</timestamp>
			</report>
			<report>
				<misses>5128001</misses>
				<total>8</total>
				<timestamp>1536.861764</timestamp>
			</report>
			<report>
				<misses>5129001</misses>
				<total>8</total>
				<timestamp>1537.161478</timestamp>
			</report>
			<report>
				<misses>5130001</misses>
				<total>8</total>
				<timestamp>1537.461231</timestamp>
			</report>
			<report>
				<misses>5131001</misses>
				<total>8</total>
				<timestamp>1537.760879</timestamp>
			</report>
			<report>
				<misses>5132001</misses>
				<total>8</total>
				<timestamp>1538.060568</timestamp>
			</report>
			<report>
				<misses>5133001</misses>
				<total>8</total>
				<timestamp>1538.360274</timestamp>
			</report>
			<report>
				<misses>5134001</misses>
				<total>8</total>
				<timestamp>1538.660044</timestamp>
			</report>
			<report>
				<misses>5135001</misses>
				<total>8</total>
				<timestamp>1538.959669</timestamp>
			</report>
			<report>
				<misses>5136001</misses>
				<total>8</total>
				<timestamp>1539.259430</timestamp>
			</report>
			<report>
				<misses>5137001</misses>
				<total>8</total>
				<timestamp>1539.559071</timestamp>
			</report>
			<report>
				<misses>5138001</misses>
				<total>8</total>
				<timestamp>1539.858766</timestamp>
			</report>
			<report>
				<misses>5139001</misses>
				<total>8</total>
				<timestamp>1540.158472</timestamp>
			</report>
			<report>
				<misses>5140001</misses>
				<total>8</total>
				<timestamp>1540.458181</timestamp>
			</report>
			<report>
				<misses>5141001</misses>
				<total>7</total>
				<timestamp>1540.758003</timestamp>
			</report>
			<report>
				<misses>5142001</misses>
				<total>8</total>
				<timestamp>1541.057568</timestamp>
			</report>
			<report>
				<misses>5143001</misses>
				<total>8</total>
				<timestamp>1541.357266</timestamp>
			</report>
			<report>
				<misses>5144001</misses>
				<total>8</total>
				<timestamp>1541.657017</timestamp>
			</report>
			<report>
				<misses>5145001</misses>
				<total>8</total>
				<timestamp>1541.956675</timestamp>
			</report>
			<report>
				<misses>5146001</misses>
				<total>8</total>
				<timestamp>1542.256378</timestamp>
			</report>
			<report>
				<misses>5147001</misses>
				<total>8</total>
				<timestamp>1542.556098</timestamp>
			</report>
			<report>
				<misses>5148001</misses>
				<total>8</total>
				<timestamp>1542.855809</timestamp>
			</report>
			<report>
				<misses>5149001</misses>
				<total>8</total>
				<timestamp>1543.155474</timestamp>
			</report>
			<report>
				<misses>5150001</misses>
				<total>8</total>
				<timestamp>1543.455241</timestamp>
			</report>
			<report>
				<misses>5151001</misses>
				<total>8</total>
				<timestamp>1543.754928</timestamp>
			</report>
			<report>
				<misses>5152001</misses>
				<total>8</total>
				<timestamp>1544.054564</timestamp>
			</report>
			<report>
				<misses>5153001</misses>
				<total>8</total>
				<timestamp>1544.354325</timestamp>
			</report>
			<report>
				<misses>5154001</misses>
				<total>8</total>
				<timestamp>1544.654058</timestamp>
			</report>
			<report>
				<misses>5155001</misses>
				<total>8</total>
				<timestamp>1544.953687</timestamp>
			</report>
			<report>
				<misses>5156001</misses>
				<total>8</total>
				<timestamp>1545.253376</timestamp>
			</report>
			<report>
				<misses>5157001</misses>
				<total>8</total>
				<timestamp>1545.553080</timestamp>
			</report>
			<report>
				<misses>5158001</misses>
				<total>8</total>
				<timestamp>1545.852764</timestamp>
			</report>
			<report>
				<misses>5159001</misses>
				<total>8</total>
				<timestamp>1546.152479</timestamp>
			</report>
			<report>
				<misses>5160001</misses>
				<total>8</total>
				<timestamp>1546.452167</timestamp>
			</report>
			<report>
				<misses>5161001</misses>
				<total>8</total>
				<timestamp>1546.751898</timestamp>
			</report>
			<report>
				<misses>5162001</misses>
				<total>8</total>
				<timestamp>1547.051574</timestamp>
			</report>
			<report>
				<misses>5163001</misses>
				<total>8</total>
				<timestamp>1547.351288</timestamp>
			</report>
			<report>
				<misses>5164001</misses>
				<total>8</total>
				<timestamp>1547.651078</timestamp>
			</report>
			<report>
				<misses>5165001</misses>
				<total>8</total>
				<timestamp>1547.950668</timestamp>
			</report>
			<report>
				<misses>5166001</misses>
				<total>8</total>
				<timestamp>1548.250399</timestamp>
			</report>
			<report>
				<misses>5167001</misses>
				<total>8</total>
				<timestamp>1548.550128</timestamp>
			</report>
			<report>
				<misses>5168001</misses>
				<total>8</total>
				<timestamp>1548.849762</timestamp>
			</report>
			<report>
				<misses>5169001</misses>
				<total>8</total>
				<timestamp>1549.149475</timestamp>
			</report>
			<report>
				<misses>5170001</misses>
				<total>8</total>
				<timestamp>1549.449231</timestamp>
			</report>
			<report>
				<misses>5171001</misses>
				<total>8</total>
				<timestamp>1549.748900</timestamp>
			</report>
			<report>
				<misses>5172001</misses>
				<total>8</total>
				<timestamp>1550.048634</timestamp>
			</report>
			<report>
				<misses>5173001</misses>
				<total>8</total>
				<timestamp>1550.348258</timestamp>
			</report>
			<report>
				<misses>5174001</misses>
				<total>8</total>
				<timestamp>1550.648079</timestamp>
			</report>
			<report>
				<misses>5175001</misses>
				<total>8</total>
				<timestamp>1550.947690</timestamp>
			</report>
			<report>
				<misses>5176001</misses>
				<total>8</total>
				<timestamp>1551.247382</timestamp>
			</report>
			<report>
				<misses>5177001</misses>
				<total>8</total>
				<timestamp>1551.547072</timestamp>
			</report>
			<report>
				<misses>5178001</misses>
				<total>8</total>
				<timestamp>1551.846779</timestamp>
			</report>
			<report>
				<misses>5179001</misses>
				<total>8</total>
				<timestamp>1552.146489</timestamp>
			</report>
			<report>
				<misses>5180001</misses>
				<total>8</total>
				<timestamp>1552.446246</timestamp>
			</report>
			<report>
				<misses>5181001</misses>
				<total>8</total>
				<timestamp>1552.745950</timestamp>
			</report>
			<report>
				<misses>5182001</misses>
				<total>8</total>
				<timestamp>1553.045572</timestamp>
			</report>
			<report>
				<misses>5183001</misses>
				<total>8</total>
				<timestamp>1553.345268</timestamp>
			</report>
			<report>
				<misses>5184001</misses>
				<total>8</total>
				<timestamp>1553.645042</timestamp>
			</report>
			<report>
				<misses>5185001</misses>
				<total>8</total>
				<timestamp>1553.944680</timestamp>
			</report>
			<report>
				<misses>5186001</misses>
				<total>8</total>
				<timestamp>1554.244380</timestamp>
			</report>
			<report>
				<misses>5187001</misses>
				<total>8</total>
				<timestamp>1554.544079</timestamp>
			</report>
			<report>
				<misses>5188001</misses>
				<total>8</total>
				<timestamp>1554.843778</timestamp>
			</report>
			<report>
				<misses>5189001</misses>
				<total>8</total>
				<timestamp>1555.143480</timestamp>
			</report>
			<report>
				<misses>5190001</misses>
				<total>8</total>
				<timestamp>1555.443178</timestamp>
			</report>
			<report>
				<misses>5191001</misses>
				<total>8</total>
				<timestamp>1555.742893</timestamp>
			</report>
			<report>
				<misses>5192001</misses>
				<total>8</total>
				<timestamp>1556.042583</timestamp>
			</report>
			<report>
				<misses>5193001</misses>
				<total>8</total>
				<timestamp>1556.342276</timestamp>
			</report>
			<report>
				<misses>5194001</misses>
				<total>8</total>
				<timestamp>1556.642029</timestamp>
			</report>
			<report>
				<misses>5195001</misses>
				<total>8</total>
				<timestamp>1556.941678</timestamp>
			</report>
			<report>
				<misses>5196001</misses>
				<total>8</total>
				<timestamp>1557.241369</timestamp>
			</report>
			<report>
				<misses>5197001</misses>
				<total>8</total>
				<timestamp>1557.541072</timestamp>
			</report>
			<report>
				<misses>5198001</misses>
				<total>8</total>
				<timestamp>1557.840796</timestamp>
			</report>
			<report>
				<misses>5199001</misses>
				<total>8</total>
				<timestamp>1558.140471</timestamp>
			</report>
			<report>
				<misses>5200001</misses>
				<total>8</total>
				<timestamp>1558.440173</timestamp>
			</report>
			<report>
				<misses>5201001</misses>
				<total>7</total>
				<timestamp>1558.740026</timestamp>
			</report>
			<report>
				<misses>5202001</misses>
				<total>8</total>
				<timestamp>1559.039605</timestamp>
			</report>
			<report>
				<misses>5203001</misses>
				<total>8</total>
				<timestamp>1559.339260</timestamp>
			</report>
			<report>
				<misses>5204001</misses>
				<total>8</total>
				<timestamp>1559.639079</timestamp>
			</report>
			<report>
				<misses>5205001</misses>
				<total>8</total>
				<timestamp>1559.938672</timestamp>
			</report>
			<report>
				<misses>5206001</misses>
				<total>8</total>
				<timestamp>1560.238376</timestamp>
			</report>
			<report>
				<misses>5207001</misses>
				<total>8</total>
				<timestamp>1560.538099</timestamp>
			</report>
			<report>
				<misses>5208001</misses>
				<total>8</total>
				<timestamp>1560.837795</timestamp>
			</report>
			<report>
				<misses>5209001</misses>
				<total>8</total>
				<timestamp>1561.137475</timestamp>
			</report>
			<report>
				<misses>5210001</misses>
				<total>8</total>
				<timestamp>1561.437163</timestamp>
			</report>
			<report>
				<misses>5211001</misses>
				<total>8</total>
				<timestamp>1561.736886</timestamp>
			</report>
			<report>
				<misses>5212001</misses>
				<total>8</total>
				<timestamp>1562.036611</timestamp>
			</report>
			<report>
				<misses>5213001</misses>
				<total>8</total>
				<timestamp>1562.336267</timestamp>
			</report>
			<report>
				<misses>5214001</misses>
				<total>8</total>
				<timestamp>1562.636002</timestamp>
			</report>
			<report>
				<misses>5215001</misses>
				<total>8</total>
				<timestamp>1562.935727</timestamp>
			</report>
			<report>
				<misses>5216001</misses>
				<total>8</total>
				<timestamp>1563.235369</timestamp>
			</report>
			<report>
				<misses>5217001</misses>
				<total>8</total>
				<timestamp>1563.535062</timestamp>
			</report>
			<report>
				<misses>5218001</misses>
				<total>8</total>
				<timestamp>1563.834811</timestamp>
			</report>
			<report>
				<misses>5219001</misses>
				<total>8</total>
				<timestamp>1564.134492</timestamp>
			</report>
			<report>
				<misses>5220001</misses>
				<total>8</total>
				<timestamp>1564.434188</timestamp>
			</report>
			<report>
				<misses>5221001</misses>
				<total>8</total>
				<timestamp>1564.733937</timestamp>
			</report>
			<report>
				<misses>5222001</misses>
				<total>8</total>
				<timestamp>1565.033590</timestamp>
			</report>
			<report>
				<misses>5223001</misses>
				<total>8</total>
				<timestamp>1565.333277</timestamp>
			</report>
			<report>
				<misses>5224001</misses>
				<total>7</total>
				<timestamp>1565.633086</timestamp>
			</report>
			<report>
				<misses>5225001</misses>
				<total>8</total>
				<timestamp>1565.932682</timestamp>
			</report>
			<report>
				<misses>5226001</misses>
				<total>8</total>
				<timestamp>1566.232374</timestamp>
			</report>
			<report>
				<misses>5227001</misses>
				<total>8</total>
				<timestamp>1566.532080</timestamp>
			</report>
			<report>
				<misses>5228001</misses>
				<total>8</total>
				<timestamp>1566.831853</timestamp>
			</report>
			<report>
				<misses>5229001</misses>
				<total>8</total>
				<timestamp>1567.131458</timestamp>
			</report>
			<report>
				<misses>5230001</misses>
				<total>8</total>
				<timestamp>1567.431171</timestamp>
			</report>
			<report>
				<misses>5231001</misses>
				<total>8</total>
				<timestamp>1567.730896</timestamp>
			</report>
			<report>
				<misses>5232001</misses>
				<total>8</total>
				<timestamp>1568.030555</timestamp>
			</report>
			<report>
				<misses>5233001</misses>
				<total>8</total>
				<timestamp>1568.330291</timestamp>
			</report>
			<report>
				<misses>5234001</misses>
				<total>8</total>
				<timestamp>1568.629982</timestamp>
			</report>
			<report>
				<misses>5235001</misses>
				<total>8</total>
				<timestamp>1568.929660</timestamp>
			</report>
			<report>
				<misses>5236001</misses>
				<total>8</total>
				<timestamp>1569.229369</timestamp>
			</report>
			<report>
				<misses>5237001</misses>
				<total>8</total>
				<timestamp>1569.529067</timestamp>
			</report>
			<report>
				<misses>5238001</misses>
				<total>8</total>
				<timestamp>1569.828809</timestamp>
			</report>
			<report>
				<misses>5239001</misses>
				<total>8</total>
				<timestamp>1570.128542</timestamp>
			</report>
			<report>
				<misses>5240001</misses>
				<total>8</total>
				<timestamp>1570.428172</timestamp>
			</report>
			<report>
				<misses>5241001</misses>
				<total>8</total>
				<timestamp>1570.727940</timestamp>
			</report>
			<report>
				<misses>5242001</misses>
				<total>8</total>
				<timestamp>1571.027591</timestamp>
			</report>
			<report>
				<misses>5243001</misses>
				<total>8</total>
				<timestamp>1571.327274</timestamp>
			</report>
			<report>
				<misses>5244001</misses>
				<total>8</total>
				<timestamp>1571.627000</timestamp>
			</report>
			<report>
				<misses>5245001</misses>
				<total>8</total>
				<timestamp>1571.926693</timestamp>
			</report>
			<report>
				<misses>5246001</misses>
				<total>8</total>
				<timestamp>1572.226373</timestamp>
			</report>
			<report>
				<misses>5247001</misses>
				<total>8</total>
				<timestamp>1572.526138</timestamp>
			</report>
			<report>
				<misses>5248001</misses>
				<total>8</total>
				<timestamp>1572.825775</timestamp>
			</report>
			<report>
				<misses>5249001</misses>
				<total>8</total>
				<timestamp>1573.125470</timestamp>
			</report>
			<report>
				<misses>5250001</misses>
				<total>8</total>
				<timestamp>1573.425174</timestamp>
			</report>
			<report>
				<misses>5251001</misses>
				<total>8</total>
				<timestamp>1573.724922</timestamp>
			</report>
			<report>
				<misses>5252001</misses>
				<total>8</total>
				<timestamp>1574.024562</timestamp>
			</report>
			<report>
				<misses>5253001</misses>
				<total>8</total>
				<timestamp>1574.324274</timestamp>
			</report>
			<report>
				<misses>5254001</misses>
				<total>8</total>
				<timestamp>1574.624048</timestamp>
			</report>
			<report>
				<misses>5255001</misses>
				<total>7</total>
				<timestamp>1574.923809</timestamp>
			</report>
			<report>
				<misses>5256001</misses>
				<total>8</total>
				<timestamp>1575.223391</timestamp>
			</report>
			<report>
				<misses>5257001</misses>
				<total>8</total>
				<timestamp>1575.523062</timestamp>
			</report>
			<report>
				<misses>5258001</misses>
				<total>8</total>
				<timestamp>1575.822791</timestamp>
			</report>
			<report>
				<misses>5259001</misses>
				<total>8</total>
				<timestamp>1576.122496</timestamp>
			</report>
			<report>
				<misses>5260001</misses>
				<total>8</total>
				<timestamp>1576.422175</timestamp>
			</report>
			<report>
				<misses>5261001</misses>
				<total>8</total>
				<timestamp>1576.721934</timestamp>
			</report>
			<report>
				<misses>5262001</misses>
				<total>8</total>
				<timestamp>1577.021563</timestamp>
			</report>
			<report>
				<misses>5263001</misses>
				<total>8</total>
				<timestamp>1577.321308</timestamp>
			</report>
			<report>
				<misses>5264001</misses>
				<total>8</total>
				<timestamp>1577.621050</timestamp>
			</report>
			<report>
				<misses>5265001</misses>
				<total>8</total>
				<timestamp>1577.920747</timestamp>
			</report>
			<report>
				<misses>5266001</misses>
				<total>8</total>
				<timestamp>1578.220372</timestamp>
			</report>
			<report>
				<misses>5267001</misses>
				<total>8</total>
				<timestamp>1578.520072</timestamp>
			</report>
			<report>
				<misses>5268001</misses>
				<total>8</total>
				<timestamp>1578.819869</timestamp>
			</report>
			<report>
				<misses>5269001</misses>
				<total>8</total>
				<timestamp>1579.119477</timestamp>
			</report>
			<report>
				<misses>5270001</misses>
				<total>8</total>
				<timestamp>1579.419248</timestamp>
			</report>
			<report>
				<misses>5271001</misses>
				<total>8</total>
				<timestamp>1579.718908</timestamp>
			</report>
			<report>
				<misses>5272001</misses>
				<total>8</total>
				<timestamp>1580.018587</timestamp>
			</report>
			<report>
				<misses>5273001</misses>
				<total>8</total>
				<timestamp>1580.318288</timestamp>
			</report>
			<report>
				<misses>5274001</misses>
				<total>8</total>
				<timestamp>1580.618050</timestamp>
			</report>
			<report>
				<misses>5275001</misses>
				<total>8</total>
				<timestamp>1580.917732</timestamp>
			</report>
			<report>
				<misses>5276001</misses>
				<total>8</total>
				<timestamp>1581.217370</timestamp>
			</report>
			<report>
				<misses>5277001</misses>
				<total>8</total>
				<timestamp>1581.517057</timestamp>
			</report>
			<report>
				<misses>5278001</misses>
				<total>8</total>
				<timestamp>1581.816848</timestamp>
			</report>
			<report>
				<misses>5279001</misses>
				<total>8</total>
				<timestamp>1582.116566</timestamp>
			</report>
			<report>
				<misses>5280001</misses>
				<total>8</total>
				<timestamp>1582.416187</timestamp>
			</report>
			<report>
				<misses>5281001</misses>
				<total>8</total>
				<timestamp>1582.715889</timestamp>
			</report>
			<report>
				<misses>5282001</misses>
				<total>8</total>
				<timestamp>1583.015583</timestamp>
			</report>
			<report>
				<misses>5283001</misses>
				<total>8</total>
				<timestamp>1583.315267</timestamp>
			</report>
			<report>
				<misses>5284001</misses>
				<total>8</total>
				<timestamp>1583.614995</timestamp>
			</report>
			<report>
				<misses>5285001</misses>
				<total>8</total>
				<timestamp>1583.914693</timestamp>
			</report>
			<report>
				<misses>5286001</misses>
				<total>8</total>
				<timestamp>1584.214373</timestamp>
			</report>
			<report>
				<misses>5287001</misses>
				<total>8</total>
				<timestamp>1584.514069</timestamp>
			</report>
			<report>
				<misses>5288001</misses>
				<total>8</total>
				<timestamp>1584.813841</timestamp>
			</report>
			<report>
				<misses>5289001</misses>
				<total>8</total>
				<timestamp>1585.113467</timestamp>
			</report>
			<report>
				<misses>5290001</misses>
				<total>8</total>
				<timestamp>1585.413186</timestamp>
			</report>
			<report>
				<misses>5291001</misses>
				<total>8</total>
				<timestamp>1585.712913</timestamp>
			</report>
			<report>
				<misses>5292001</misses>
				<total>8</total>
				<timestamp>1586.012565</timestamp>
			</report>
			<report>
				<misses>5293001</misses>
				<total>8</total>
				<timestamp>1586.312368</timestamp>
			</report>
			<report>
				<misses>5294001</misses>
				<total>8</total>
				<timestamp>1586.611979</timestamp>
			</report>
			<report>
				<misses>5295001</misses>
				<total>8</total>
				<timestamp>1586.911768</timestamp>
			</report>
			<report>
				<misses>5296001</misses>
				<total>8</total>
				<timestamp>1587.211373</timestamp>
			</report>
			<report>
				<misses>5297001</misses>
				<total>8</total>
				<timestamp>1587.511107</timestamp>
			</report>
			<report>
				<misses>5298001</misses>
				<total>8</total>
				<timestamp>1587.810847</timestamp>
			</report>
			<report>
				<misses>5299001</misses>
				<total>8</total>
				<timestamp>1588.110461</timestamp>
			</report>
			<report>
				<misses>5300001</misses>
				<total>8</total>
				<timestamp>1588.410173</timestamp>
			</report>
			<report>
				<misses>5301001</misses>
				<total>8</total>
				<timestamp>1588.709864</timestamp>
			</report>
			<report>
				<misses>5302001</misses>
				<total>8</total>
				<timestamp>1589.009568</timestamp>
			</report>
			<report>
				<misses>5303001</misses>
				<total>8</total>
				<timestamp>1589.309296</timestamp>
			</report>
			<report>
				<misses>5304001</misses>
				<total>8</total>
				<timestamp>1589.608988</timestamp>
			</report>
			<report>
				<misses>5305001</misses>
				<total>7</total>
				<timestamp>1589.908804</timestamp>
			</report>
			<report>
				<misses>5306001</misses>
				<total>8</total>
				<timestamp>1590.208379</timestamp>
			</report>
			<report>
				<misses>5307001</misses>
				<total>8</total>
				<timestamp>1590.508142</timestamp>
			</report>
			<report>
				<misses>5308001</misses>
				<total>8</total>
				<timestamp>1590.807792</timestamp>
			</report>
			<report>
				<misses>5309001</misses>
				<total>8</total>
				<timestamp>1591.107485</timestamp>
			</report>
			<report>
				<misses>5310001</misses>
				<total>8</total>
				<timestamp>1591.407169</timestamp>
			</report>
			<report>
				<misses>5311001</misses>
				<total>8</total>
				<timestamp>1591.706879</timestamp>
			</report>
			<report>
				<misses>5312001</misses>
				<total>8</total>
				<timestamp>1592.006561</timestamp>
			</report>
			<report>
				<misses>5313001</misses>
				<total>8</total>
				<timestamp>1592.306279</timestamp>
			</report>
			<report>
				<misses>5314001</misses>
				<total>8</total>
				<timestamp>1592.605985</timestamp>
			</report>
			<report>
				<misses>5315001</misses>
				<total>8</total>
				<timestamp>1592.905756</timestamp>
			</report>
			<report>
				<misses>5316001</misses>
				<total>8</total>
				<timestamp>1593.205367</timestamp>
			</report>
			<report>
				<misses>5317001</misses>
				<total>8</total>
				<timestamp>1593.505078</timestamp>
			</report>
			<report>
				<misses>5318001</misses>
				<total>8</total>
				<timestamp>1593.804797</timestamp>
			</report>
			<report>
				<misses>5319001</misses>
				<total>8</total>
				<timestamp>1594.104513</timestamp>
			</report>
			<report>
				<misses>5320001</misses>
				<total>8</total>
				<timestamp>1594.404208</timestamp>
			</report>
			<report>
				<misses>5321001</misses>
				<total>8</total>
				<timestamp>1594.703891</timestamp>
			</report>
			<report>
				<misses>5322001</misses>
				<total>8</total>
				<timestamp>1595.003601</timestamp>
			</report>
			<report>
				<misses>5323001</misses>
				<total>8</total>
				<timestamp>1595.303283</timestamp>
			</report>
			<report>
				<misses>5324001</misses>
				<total>8</total>
				<timestamp>1595.603073</timestamp>
			</report>
			<report>
				<misses>5325001</misses>
				<total>8</total>
				<timestamp>1595.902677</timestamp>
			</report>
			<report>
				<misses>5326001</misses>
				<total>8</total>
				<timestamp>1596.202372</timestamp>
			</report>
			<report>
				<misses>5327001</misses>
				<total>8</total>
				<timestamp>1596.502084</timestamp>
			</report>
			<report>
				<misses>5328001</misses>
				<total>8</total>
				<timestamp>1596.801849</timestamp>
			</report>
			<report>
				<misses>5329001</misses>
				<total>8</total>
				<timestamp>1597.101483</timestamp>
			</report>
			<report>
				<misses>5330001</misses>
				<total>8</total>
				<timestamp>1597.401169</timestamp>
			</report>
			<report>
				<misses>5331001</misses>
				<total>8</total>
				<timestamp>1597.700862</timestamp>
			</report>
			<report>
				<misses>5332001</misses>
				<total>8</total>
				<timestamp>1598.000644</timestamp>
			</report>
			<report>
				<misses>5333001</misses>
				<total>8</total>
				<timestamp>1598.300285</timestamp>
			</report>
			<report>
				<misses>5334001</misses>
				<total>8</total>
				<timestamp>1598.600011</timestamp>
			</report>
			<report>
				<misses>5335001</misses>
				<total>8</total>
				<timestamp>1598.899674</timestamp>
			</report>
			<report>
				<misses>5336001</misses>
				<total>8</total>
				<timestamp>1599.199379</timestamp>
			</report>
			<report>
				<misses>5337001</misses>
				<total>8</total>
				<timestamp>1599.499092</timestamp>
			</report>
			<report>
				<misses>5338001</misses>
				<total>8</total>
				<timestamp>1599.798839</timestamp>
			</report>
			<report>
				<misses>5339001</misses>
				<total>8</total>
				<timestamp>1600.098460</timestamp>
			</report>
			<report>
				<misses>5340001</misses>
				<total>8</total>
				<timestamp>1600.398164</timestamp>
			</report>
			<report>
				<misses>5341001</misses>
				<total>8</total>
				<timestamp>1600.697874</timestamp>
			</report>
			<report>
				<misses>5342001</misses>
				<total>8</total>
				<timestamp>1600.997637</timestamp>
			</report>
			<report>
				<misses>5343001</misses>
				<total>8</total>
				<timestamp>1601.297278</timestamp>
			</report>
			<report>
				<misses>5344001</misses>
				<total>8</total>
				<timestamp>1601.596987</timestamp>
			</report>
			<report>
				<misses>5345001</misses>
				<total>8</total>
				<timestamp>1601.896679</timestamp>
			</report>
			<report>
				<misses>5346001</misses>
				<total>8</total>
				<timestamp>1602.196359</timestamp>
			</report>
			<report>
				<misses>5347001</misses>
				<total>8</total>
				<timestamp>1602.496079</timestamp>
			</report>
			<report>
				<misses>5348001</misses>
				<total>8</total>
				<timestamp>1602.795768</timestamp>
			</report>
			<report>
				<misses>5349001</misses>
				<total>8</total>
				<timestamp>1603.095463</timestamp>
			</report>
			<report>
				<misses>5350001</misses>
				<total>8</total>
				<timestamp>1603.395233</timestamp>
			</report>
			<report>
				<misses>5351001</misses>
				<total>7</total>
				<timestamp>1603.694972</timestamp>
			</report>
			<report>
				<misses>5352001</misses>
				<total>8</total>
				<timestamp>1603.994592</timestamp>
			</report>
			<report>
				<misses>5353001</misses>
				<total>8</total>
				<timestamp>1604.294276</timestamp>
			</report>
			<report>
				<misses>5354001</misses>
				<total>7</total>
				<timestamp>1604.594080</timestamp>
			</report>
			<report>
				<misses>5355001</misses>
				<total>8</total>
				<timestamp>1604.893674</timestamp>
			</report>
			<report>
				<misses>5356001</misses>
				<total>8</total>
				<timestamp>1605.193380</timestamp>
			</report>
			<report>
				<misses>5357001</misses>
				<total>8</total>
				<timestamp>1605.493074</timestamp>
			</report>
			<report>
				<misses>5358001</misses>
				<total>8</total>
				<timestamp>1605.792779</timestamp>
			</report>
			<report>
				<misses>5359001</misses>
				<total>8</total>
				<timestamp>1606.092604</timestamp>
			</report>
			<report>
				<misses>5360001</misses>
				<total>8</total>
				<timestamp>1606.392169</timestamp>
			</report>
			<report>
				<misses>5361001</misses>
				<total>8</total>
				<timestamp>1606.691974</timestamp>
			</report>
			<report>
				<misses>5362001</misses>
				<total>8</total>
				<timestamp>1606.991591</timestamp>
			</report>
			<report>
				<misses>5363001</misses>
				<total>8</total>
				<timestamp>1607.291266</timestamp>
			</report>
			<report>
				<misses>5364001</misses>
				<total>8</total>
				<timestamp>1607.591051</timestamp>
			</report>
			<report>
				<misses>5365001</misses>
				<total>8</total>
				<timestamp>1607.890734</timestamp>
			</report>
			<report>
				<misses>5366001</misses>
				<total>8</total>
				<timestamp>1608.190361</timestamp>
			</report>
			<report>
				<misses>5367001</misses>
				<total>8</total>
				<timestamp>1608.490071</timestamp>
			</report>
			<report>
				<misses>5368001</misses>
				<total>8</total>
				<timestamp>1608.789775</timestamp>
			</report>
			<report>
				<misses>5369001</misses>
				<total>8</total>
				<timestamp>1609.089483</timestamp>
			</report>
			<report>
				<misses>5370001</misses>
				<total>8</total>
				<timestamp>1609.389178</timestamp>
			</report>
			<report>
				<misses>5371001</misses>
				<total>8</total>
				<timestamp>1609.688868</timestamp>
			</report>
			<report>
				<misses>5372001</misses>
				<total>8</total>
				<timestamp>1609.988563</timestamp>
			</report>
			<report>
				<misses>5373001</misses>
				<total>8</total>
				<timestamp>1610.288265</timestamp>
			</report>
			<report>
				<misses>5374001</misses>
				<total>8</total>
				<timestamp>1610.587970</timestamp>
			</report>
			<report>
				<misses>5375001</misses>
				<total>8</total>
				<timestamp>1610.887679</timestamp>
			</report>
			<report>
				<misses>5376001</misses>
				<total>8</total>
				<timestamp>1611.187375</timestamp>
			</report>
			<report>
				<misses>5377001</misses>
				<total>8</total>
				<timestamp>1611.487089</timestamp>
			</report>
			<report>
				<misses>5378001</misses>
				<total>8</total>
				<timestamp>1611.786823</timestamp>
			</report>
			<report>
				<misses>5379001</misses>
				<total>9</total>
				<timestamp>1612.086555</timestamp>
			</report>
			<report>
				<misses>5380001</misses>
				<total>9</total>
				<timestamp>1612.386207</timestamp>
			</report>
			<report>
				<misses>5381001</misses>
				<total>9</total>
				<timestamp>1612.685879</timestamp>
			</report>
			<report>
				<misses>5382001</misses>
				<total>8</total>
				<timestamp>1612.985690</timestamp>
			</report>
			<report>
				<misses>5383001</misses>
				<total>9</total>
				<timestamp>1613.285264</timestamp>
			</report>
			<report>
				<misses>5384001</misses>
				<total>9</total>
				<timestamp>1613.584996</timestamp>
			</report>
			<report>
				<misses>5385001</misses>
				<total>9</total>
				<timestamp>1613.884701</timestamp>
			</report>
			<report>
				<misses>5386001</misses>
				<total>9</total>
				<timestamp>1614.184399</timestamp>
			</report>
			<report>
				<misses>5387001</misses>
				<total>9</total>
				<timestamp>1614.484078</timestamp>
			</report>
			<report>
				<misses>5388001</misses>
				<total>9</total>
				<timestamp>1614.783828</timestamp>
			</report>
			<report>
				<misses>5389001</misses>
				<total>9</total>
				<timestamp>1615.083542</timestamp>
			</report>
			<report>
				<misses>5390001</misses>
				<total>9</total>
				<timestamp>1615.383169</timestamp>
			</report>
			<report>
				<misses>5391001</misses>
				<total>8</total>
				<timestamp>1615.682970</timestamp>
			</report>
			<report>
				<misses>5392001</misses>
				<total>8</total>
				<timestamp>1615.982673</timestamp>
			</report>
			<report>
				<misses>5393001</misses>
				<total>9</total>
				<timestamp>1616.282352</timestamp>
			</report>
			<report>
				<misses>5394001</misses>
				<total>9</total>
				<timestamp>1616.581991</timestamp>
			</report>
			<report>
				<misses>5395001</misses>
				<total>9</total>
				<timestamp>1616.881661</timestamp>
			</report>
			<report>
				<misses>5396001</misses>
				<total>9</total>
				<timestamp>1617.181471</timestamp>
			</report>
			<report>
				<misses>5397001</misses>
				<total>9</total>
				<timestamp>1617.481080</timestamp>
			</report>
			<report>
				<misses>5398001</misses>
				<total>9</total>
				<timestamp>1617.780778</timestamp>
			</report>
			<report>
				<misses>5399001</misses>
				<total>9</total>
				<timestamp>1618.080559</timestamp>
			</report>
			<report>
				<misses>5400001</misses>
				<total>9</total>
				<timestamp>1618.380180</timestamp>
			</report>
			<report>
				<misses>5401001</misses>
				<total>9</total>
				<timestamp>1618.679881</timestamp>
			</report>
			<report>
				<misses>5402001</misses>
				<total>9</total>
				<timestamp>1618.979661</timestamp>
			</report>
			<report>
				<misses>5403001</misses>
				<total>9</total>
				<timestamp>1619.279276</timestamp>
			</report>
			<report>
				<misses>5404001</misses>
				<total>9</total>
				<timestamp>1619.578991</timestamp>
			</report>
			<report>
				<misses>5405001</misses>
				<total>9</total>
				<timestamp>1619.878669</timestamp>
			</report>
			<report>
				<misses>5406001</misses>
				<total>9</total>
				<timestamp>1620.178378</timestamp>
			</report>
			<report>
				<misses>5407001</misses>
				<total>9</total>
				<timestamp>1620.478074</timestamp>
			</report>
			<report>
				<misses>5408001</misses>
				<total>9</total>
				<timestamp>1620.777787</timestamp>
			</report>
			<report>
				<misses>5409001</misses>
				<total>9</total>
				<timestamp>1621.077518</timestamp>
			</report>
			<report>
				<misses>5410001</misses>
				<total>9</total>
				<timestamp>1621.377170</timestamp>
			</report>
			<report>
				<misses>5411001</misses>
				<total>9</total>
				<timestamp>1621.676889</timestamp>
			</report>
			<report>
				<misses>5412001</misses>
				<total>9</total>
				<timestamp>1621.976603</timestamp>
			</report>
			<report>
				<misses>5413001</misses>
				<total>9</total>
				<timestamp>1622.276284</timestamp>
			</report>
			<report>
				<misses>5414001</misses>
				<total>9</total>
				<timestamp>1622.576006</timestamp>
			</report>
			<report>
				<misses>5415001</misses>
				<total>9</total>
				<timestamp>1622.875694</timestamp>
			</report>
			<report>
				<misses>5416001</misses>
				<total>9</total>
				<timestamp>1623.175377</timestamp>
			</report>
			<report>
				<misses>5417001</misses>
				<total>9</total>
				<timestamp>1623.475072</timestamp>
			</report>
			<report>
				<misses>5418001</misses>
				<total>9</total>
				<timestamp>1623.774857</timestamp>
			</report>
			<report>
				<misses>5419001</misses>
				<total>9</total>
				<timestamp>1624.074508</timestamp>
			</report>
			<report>
				<misses>5420001</misses>
				<total>9</total>
				<timestamp>1624.374174</timestamp>
			</report>
			<report>
				<misses>5421001</misses>
				<total>9</total>
				<timestamp>1624.673921</timestamp>
			</report>
			<report>
				<misses>5422001</misses>
				<total>9</total>
				<timestamp>1624.973604</timestamp>
			</report>
			<report>
				<misses>5423001</misses>
				<total>9</total>
				<timestamp>1625.273271</timestamp>
			</report>
			<report>
				<misses>5424001</misses>
				<total>9</total>
				<timestamp>1625.572987</timestamp>
			</report>
			<report>
				<misses>5425001</misses>
				<total>9</total>
				<timestamp>1625.872684</timestamp>
			</report>
			<report>
				<misses>5426001</misses>
				<total>9</total>
				<timestamp>1626.172401</timestamp>
			</report>
			<report>
				<misses>5427001</misses>
				<total>9</total>
				<timestamp>1626.472074</timestamp>
			</report>
			<report>
				<misses>5428001</misses>
				<total>9</total>
				<timestamp>1626.771824</timestamp>
			</report>
			<report>
				<misses>5429001</misses>
				<total>9</total>
				<timestamp>1627.071489</timestamp>
			</report>
			<report>
				<misses>5430001</misses>
				<total>9</total>
				<timestamp>1627.371174</timestamp>
			</report>
			<report>
				<misses>5431001</misses>
				<total>9</total>
				<timestamp>1627.670878</timestamp>
			</report>
			<report>
				<misses>5432001</misses>
				<total>9</total>
				<timestamp>1627.970573</timestamp>
			</report>
			<report>
				<misses>5433001</misses>
				<total>9</total>
				<timestamp>1628.270268</timestamp>
			</report>
			<report>
				<misses>5434001</misses>
				<total>9</total>
				<timestamp>1628.569980</timestamp>
			</report>
			<report>
				<misses>5435001</misses>
				<total>9</total>
				<timestamp>1628.869672</timestamp>
			</report>
			<report>
				<misses>5436001</misses>
				<total>9</total>
				<timestamp>1629.169419</timestamp>
			</report>
			<report>
				<misses>5437001</misses>
				<total>9</total>
				<timestamp>1629.469120</timestamp>
			</report>
			<report>
				<misses>5438001</misses>
				<total>9</total>
				<timestamp>1629.768767</timestamp>
			</report>
			<report>
				<misses>5439001</misses>
				<total>9</total>
				<timestamp>1630.068569</timestamp>
			</report>
			<report>
				<misses>5440001</misses>
				<total>9</total>
				<timestamp>1630.368160</timestamp>
			</report>
			<report>
				<misses>5441001</misses>
				<total>9</total>
				<timestamp>1630.667864</timestamp>
			</report>
			<report>
				<misses>5442001</misses>
				<total>9</total>
				<timestamp>1630.967616</timestamp>
			</report>
			<report>
				<misses>5443001</misses>
				<total>9</total>
				<timestamp>1631.267253</timestamp>
			</report>
			<report>
				<misses>5444001</misses>
				<total>9</total>
				<timestamp>1631.567010</timestamp>
			</report>
			<report>
				<misses>5445001</misses>
				<total>9</total>
				<timestamp>1631.866674</timestamp>
			</report>
			<report>
				<misses>5446001</misses>
				<total>9</total>
				<timestamp>1632.166425</timestamp>
			</report>
			<report>
				<misses>5447001</misses>
				<total>9</total>
				<timestamp>1632.466073</timestamp>
			</report>
			<report>
				<misses>5448001</misses>
				<total>9</total>
				<timestamp>1632.765759</timestamp>
			</report>
			<report>
				<misses>5449001</misses>
				<total>9</total>
				<timestamp>1633.065549</timestamp>
			</report>
			<report>
				<misses>5450001</misses>
				<total>9</total>
				<timestamp>1633.365199</timestamp>
			</report>
			<report>
				<misses>5451001</misses>
				<total>9</total>
				<timestamp>1633.664867</timestamp>
			</report>
			<report>
				<misses>5452001</misses>
				<total>9</total>
				<timestamp>1633.964684</timestamp>
			</report>
			<report>
				<misses>5453001</misses>
				<total>9</total>
				<timestamp>1634.264340</timestamp>
			</report>
			<report>
				<misses>5454001</misses>
				<total>9</total>
				<timestamp>1634.564060</timestamp>
			</report>
			<report>
				<misses>5455001</misses>
				<total>9</total>
				<timestamp>1634.863761</timestamp>
			</report>
			<report>
				<misses>5456001</misses>
				<total>9</total>
				<timestamp>1635.163410</timestamp>
			</report>
			<report>
				<misses>5457001</misses>
				<total>8</total>
				<timestamp>1635.463178</timestamp>
			</report>
			<report>
				<misses>5458001</misses>
				<total>9</total>
				<timestamp>1635.762770</timestamp>
			</report>
			<report>
				<misses>5459001</misses>
				<total>9</total>
				<timestamp>1636.062543</timestamp>
			</report>
			<report>
				<misses>5460001</misses>
				<total>9</total>
				<timestamp>1636.362211</timestamp>
			</report>
			<report>
				<misses>5461001</misses>
				<total>9</total>
				<timestamp>1636.661885</timestamp>
			</report>
			<report>
				<misses>5462001</misses>
				<total>9</total>
				<timestamp>1636.961635</timestamp>
			</report>
			<report>
				<misses>5463001</misses>
				<total>9</total>
				<timestamp>1637.261390</timestamp>
			</report>
			<report>
				<misses>5464001</misses>
				<total>9</total>
				<timestamp>1637.561001</timestamp>
			</report>
			<report>
				<misses>5465001</misses>
				<total>9</total>
				<timestamp>1637.860681</timestamp>
			</report>
			<report>
				<misses>5466001</misses>
				<total>9</total>
				<timestamp>1638.160408</timestamp>
			</report>
			<report>
				<misses>5467001</misses>
				<total>9</total>
				<timestamp>1638.460067</timestamp>
			</report>
			<report>
				<misses>5468001</misses>
				<total>9</total>
				<timestamp>1638.759825</timestamp>
			</report>
			<report>
				<misses>5469001</misses>
				<total>9</total>
				<timestamp>1639.059517</timestamp>
			</report>
			<report>
				<misses>5470001</misses>
				<total>9</total>
				<timestamp>1639.359186</timestamp>
			</report>
			<report>
				<misses>5471001</misses>
				<total>9</total>
				<timestamp>1639.658928</timestamp>
			</report>
			<report>
				<misses>5472001</misses>
				<total>9</total>
				<timestamp>1639.958565</timestamp>
			</report>
			<report>
				<misses>5473001</misses>
				<total>9</total>
				<timestamp>1640.258282</timestamp>
			</report>
			<report>
				<misses>5474001</misses>
				<total>9</total>
				<timestamp>1640.558008</timestamp>
			</report>
			<report>
				<misses>5475001</misses>
				<total>9</total>
				<timestamp>1640.857682</timestamp>
			</report>
			<report>
				<misses>5476001</misses>
				<total>9</total>
				<timestamp>1641.157394</timestamp>
			</report>
			<report>
				<misses>5477001</misses>
				<total>9</total>
				<timestamp>1641.457071</timestamp>
			</report>
			<report>
				<misses>5478001</misses>
				<total>9</total>
				<timestamp>1641.756772</timestamp>
			</report>
			<report>
				<misses>5479001</misses>
				<total>9</total>
				<timestamp>1642.056555</timestamp>
			</report>
			<report>
				<misses>5480001</misses>
				<total>8</total>
				<timestamp>1642.356281</timestamp>
			</report>
			<report>
				<misses>5481001</misses>
				<total>9</total>
				<timestamp>1642.655884</timestamp>
			</report>
			<report>
				<misses>5482001</misses>
				<total>9</total>
				<timestamp>1642.955632</timestamp>
			</report>
			<report>
				<misses>5483001</misses>
				<total>9</total>
				<timestamp>1643.255279</timestamp>
			</report>
			<report>
				<misses>5484001</misses>
				<total>9</total>
				<timestamp>1643.554994</timestamp>
			</report>
			<report>
				<misses>5485001</misses>
				<total>9</total>
				<timestamp>1643.854671</timestamp>
			</report>
			<report>
				<misses>5486001</misses>
				<total>9</total>
				<timestamp>1644.154376</timestamp>
			</report>
			<report>
				<misses>5487001</misses>
				<total>9</total>
				<timestamp>1644.454065</timestamp>
			</report>
			<report>
				<misses>5488001</misses>
				<total>9</total>
				<timestamp>1644.753772</timestamp>
			</report>
			<report>
				<misses>5489001</misses>
				<total>9</total>
				<timestamp>1645.053491</timestamp>
			</report>
			<report>
				<misses>5490001</misses>
				<total>9</total>
				<timestamp>1645.353171</timestamp>
			</report>
			<report>
				<misses>5491001</misses>
				<total>9</total>
				<timestamp>1645.652869</timestamp>
			</report>
			<report>
				<misses>5492001</misses>
				<total>9</total>
				<timestamp>1645.952565</timestamp>
			</report>
			<report>
				<misses>5493001</misses>
				<total>9</total>
				<timestamp>1646.252304</timestamp>
			</report>
			<report>
				<misses>5494001</misses>
				<total>9</total>
				<timestamp>1646.552013</timestamp>
			</report>
			<report>
				<misses>5495001</misses>
				<total>9</total>
				<timestamp>1646.851659</timestamp>
			</report>
			<report>
				<misses>5496001</misses>
				<total>9</total>
				<timestamp>1647.151391</timestamp>
			</report>
			<report>
				<misses>5497001</misses>
				<total>9</total>
				<timestamp>1647.451069</timestamp>
			</report>
			<report>
				<misses>5498001</misses>
				<total>8</total>
				<timestamp>1647.750875</timestamp>
			</report>
			<report>
				<misses>5499001</misses>
				<total>8</total>
				<timestamp>1648.050582</timestamp>
			</report>
			<report>
				<misses>5500001</misses>
				<total>9</total>
				<timestamp>1648.350177</timestamp>
			</report>
			<report>
				<misses>5501001</misses>
				<total>9</total>
				<timestamp>1648.649892</timestamp>
			</report>
			<report>
				<misses>5502001</misses>
				<total>9</total>
				<timestamp>1648.949592</timestamp>
			</report>
			<report>
				<misses>5503001</misses>
				<total>9</total>
				<timestamp>1649.249316</timestamp>
			</report>
			<report>
				<misses>5504001</misses>
				<total>9</total>
				<timestamp>1649.549028</timestamp>
			</report>
			<report>
				<misses>5505001</misses>
				<total>8</total>
				<timestamp>1649.848780</timestamp>
			</report>
			<report>
				<misses>5506001</misses>
				<total>9</total>
				<timestamp>1650.148384</timestamp>
			</report>
			<report>
				<misses>5507001</misses>
				<total>9</total>
				<timestamp>1650.448092</timestamp>
			</report>
			<report>
				<misses>5508001</misses>
				<total>9</total>
				<timestamp>1650.747769</timestamp>
			</report>
			<report>
				<misses>5509001</misses>
				<total>9</total>
				<timestamp>1651.047473</timestamp>
			</report>
			<report>
				<misses>5510001</misses>
				<total>9</total>
				<timestamp>1651.347170</timestamp>
			</report>
			<report>
				<misses>5511001</misses>
				<total>9</total>
				<timestamp>1651.646879</timestamp>
			</report>
			<report>
				<misses>5512001</misses>
				<total>9</total>
				<timestamp>1651.946564</timestamp>
			</report>
			<report>
				<misses>5513001</misses>
				<total>9</total>
				<timestamp>1652.246309</timestamp>
			</report>
			<report>
				<misses>5514001</misses>
				<total>9</total>
				<timestamp>1652.545985</timestamp>
			</report>
			<report>
				<misses>5515001</misses>
				<total>9</total>
				<timestamp>1652.845669</timestamp>
			</report>
			<report>
				<misses>5516001</misses>
				<total>9</total>
				<timestamp>1653.145412</timestamp>
			</report>
			<report>
				<misses>5517001</misses>
				<total>8</total>
				<timestamp>1653.445198</timestamp>
			</report>
			<report>
				<misses>5518001</misses>
				<total>9</total>
				<timestamp>1653.744780</timestamp>
			</report>
			<report>
				<misses>5519001</misses>
				<total>9</total>
				<timestamp>1654.044481</timestamp>
			</report>
			<report>
				<misses>5520001</misses>
				<total>9</total>
				<timestamp>1654.344166</timestamp>
			</report>
			<report>
				<misses>5521001</misses>
				<total>9</total>
				<timestamp>1654.643970</timestamp>
			</report>
			<report>
				<misses>5522001</misses>
				<total>9</total>
				<timestamp>1654.943590</timestamp>
			</report>
			<report>
				<misses>5523001</misses>
				<total>9</total>
				<timestamp>1655.243274</timestamp>
			</report>
			<report>
				<misses>5524001</misses>
				<total>9</total>
				<timestamp>1655.543013</timestamp>
			</report>
			<report>
				<misses>5525001</misses>
				<total>9</total>
				<timestamp>1655.842676</timestamp>
			</report>
			<report>
				<misses>5526001</misses>
				<total>9</total>
				<timestamp>1656.142431</timestamp>
			</report>
			<report>
				<misses>5527001</misses>
				<total>9</total>
				<timestamp>1656.442110</timestamp>
			</report>
			<report>
				<misses>5528001</misses>
				<total>9</total>
				<timestamp>1656.741770</timestamp>
			</report>
			<report>
				<misses>5529001</misses>
				<total>9</total>
				<timestamp>1657.041474</timestamp>
			</report>
			<report>
				<misses>5530001</misses>
				<total>9</total>
				<timestamp>1657.341185</timestamp>
			</report>
			<report>
				<misses>5531001</misses>
				<total>9</total>
				<timestamp>1657.640940</timestamp>
			</report>
			<report>
				<misses>5532001</misses>
				<total>9</total>
				<timestamp>1657.940568</timestamp>
			</report>
			<report>
				<misses>5533001</misses>
				<total>9</total>
				<timestamp>1658.240375</timestamp>
			</report>
			<report>
				<misses>5534001</misses>
				<total>9</total>
				<timestamp>1658.540003</timestamp>
			</report>
			<report>
				<misses>5535001</misses>
				<total>9</total>
				<timestamp>1658.839666</timestamp>
			</report>
			<report>
				<misses>5536001</misses>
				<total>9</total>
				<timestamp>1659.139476</timestamp>
			</report>
			<report>
				<misses>5537001</misses>
				<total>9</total>
				<timestamp>1659.439061</timestamp>
			</report>
			<report>
				<misses>5538001</misses>
				<total>9</total>
				<timestamp>1659.738782</timestamp>
			</report>
			<report>
				<misses>5539001</misses>
				<total>9</total>
				<timestamp>1660.038472</timestamp>
			</report>
			<report>
				<misses>5540001</misses>
				<total>9</total>
				<timestamp>1660.338236</timestamp>
			</report>
			<report>
				<misses>5541001</misses>
				<total>9</total>
				<timestamp>1660.637878</timestamp>
			</report>
			<report>
				<misses>5542001</misses>
				<total>9</total>
				<timestamp>1660.937577</timestamp>
			</report>
			<report>
				<misses>5543001</misses>
				<total>9</total>
				<timestamp>1661.237296</timestamp>
			</report>
			<report>
				<misses>5544001</misses>
				<total>9</total>
				<timestamp>1661.536988</timestamp>
			</report>
			<report>
				<misses>5545001</misses>
				<total>9</total>
				<timestamp>1661.836682</timestamp>
			</report>
			<report>
				<misses>5546001</misses>
				<total>9</total>
				<timestamp>1662.136385</timestamp>
			</report>
			<report>
				<misses>5547001</misses>
				<total>9</total>
				<timestamp>1662.436076</timestamp>
			</report>
			<report>
				<misses>5548001</misses>
				<total>9</total>
				<timestamp>1662.735774</timestamp>
			</report>
			<report>
				<misses>5549001</misses>
				<total>9</total>
				<timestamp>1663.035545</timestamp>
			</report>
			<report>
				<misses>5550001</misses>
				<total>9</total>
				<timestamp>1663.335225</timestamp>
			</report>
			<report>
				<misses>5551001</misses>
				<total>9</total>
				<timestamp>1663.634876</timestamp>
			</report>
			<report>
				<misses>5552001</misses>
				<total>9</total>
				<timestamp>1663.934565</timestamp>
			</report>
			<report>
				<misses>5553001</misses>
				<total>9</total>
				<timestamp>1664.234296</timestamp>
			</report>
			<report>
				<misses>5554001</misses>
				<total>9</total>
				<timestamp>1664.533978</timestamp>
			</report>
			<report>
				<misses>5555001</misses>
				<total>9</total>
				<timestamp>1664.833700</timestamp>
			</report>
			<report>
				<misses>5556001</misses>
				<total>9</total>
				<timestamp>1665.133369</timestamp>
			</report>
			<report>
				<misses>5557001</misses>
				<total>9</total>
				<timestamp>1665.433074</timestamp>
			</report>
			<report>
				<misses>5558001</misses>
				<total>9</total>
				<timestamp>1665.732846</timestamp>
			</report>
			<report>
				<misses>5559001</misses>
				<total>9</total>
				<timestamp>1666.032520</timestamp>
			</report>
			<report>
				<misses>5560001</misses>
				<total>9</total>
				<timestamp>1666.332232</timestamp>
			</report>
			<report>
				<misses>5561001</misses>
				<total>9</total>
				<timestamp>1666.631886</timestamp>
			</report>
			<report>
				<misses>5562001</misses>
				<total>9</total>
				<timestamp>1666.931564</timestamp>
			</report>
			<report>
				<misses>5563001</misses>
				<total>9</total>
				<timestamp>1667.231313</timestamp>
			</report>
			<report>
				<misses>5564001</misses>
				<total>8</total>
				<timestamp>1667.531086</timestamp>
			</report>
			<report>
				<misses>5565001</misses>
				<total>9</total>
				<timestamp>1667.830692</timestamp>
			</report>
			<report>
				<misses>5566001</misses>
				<total>9</total>
				<timestamp>1668.130423</timestamp>
			</report>
			<report>
				<misses>5567001</misses>
				<total>9</total>
				<timestamp>1668.430061</timestamp>
			</report>
			<report>
				<misses>5568001</misses>
				<total>9</total>
				<timestamp>1668.729771</timestamp>
			</report>
			<report>
				<misses>5569001</misses>
				<total>9</total>
				<timestamp>1669.029470</timestamp>
			</report>
			<report>
				<misses>5570001</misses>
				<total>9</total>
				<timestamp>1669.329189</timestamp>
			</report>
			<report>
				<misses>5571001</misses>
				<total>9</total>
				<timestamp>1669.628882</timestamp>
			</report>
			<report>
				<misses>5572001</misses>
				<total>9</total>
				<timestamp>1669.928575</timestamp>
			</report>
			<report>
				<misses>5573001</misses>
				<total>9</total>
				<timestamp>1670.228337</timestamp>
			</report>
			<report>
				<misses>5574001</misses>
				<total>9</total>
				<timestamp>1670.527986</timestamp>
			</report>
			<report>
				<misses>5575001</misses>
				<total>9</total>
				<timestamp>1670.827742</timestamp>
			</report>
			<report>
				<misses>5576001</misses>
				<total>9</total>
				<timestamp>1671.127458</timestamp>
			</report>
			<report>
				<misses>5577001</misses>
				<total>9</total>
				<timestamp>1671.427124</timestamp>
			</report>
			<report>
				<misses>5578001</misses>
				<total>9</total>
				<timestamp>1671.726799</timestamp>
			</report>
			<report>
				<misses>5579001</misses>
				<total>9</total>
				<timestamp>1672.026474</timestamp>
			</report>
			<report>
				<misses>5580001</misses>
				<total>9</total>
				<timestamp>1672.326209</timestamp>
			</report>
			<report>
				<misses>5581001</misses>
				<total>9</total>
				<timestamp>1672.625877</timestamp>
			</report>
			<report>
				<misses>5582001</misses>
				<total>9</total>
				<timestamp>1672.925641</timestamp>
			</report>
			<report>
				<misses>5583001</misses>
				<total>9</total>
				<timestamp>1673.225289</timestamp>
			</report>
			<report>
				<misses>5584001</misses>
				<total>9</total>
				<timestamp>1673.524997</timestamp>
			</report>
			<report>
				<misses>5585001</misses>
				<total>9</total>
				<timestamp>1673.824664</timestamp>
			</report>
			<report>
				<misses>5586001</misses>
				<total>9</total>
				<timestamp>1674.124391</timestamp>
			</report>
			<report>
				<misses>5587001</misses>
				<total>9</total>
				<timestamp>1674.424060</timestamp>
			</report>
			<report>
				<misses>5588001</misses>
				<total>9</total>
				<timestamp>1674.723834</timestamp>
			</report>
			<report>
				<misses>5589001</misses>
				<total>9</total>
				<timestamp>1675.023482</timestamp>
			</report>
			<report>
				<misses>5590001</misses>
				<total>9</total>
				<timestamp>1675.323185</timestamp>
			</report>
			<report>
				<misses>5591001</misses>
				<total>9</total>
				<timestamp>1675.622904</timestamp>
			</report>
			<report>
				<misses>5592001</misses>
				<total>9</total>
				<timestamp>1675.922594</timestamp>
			</report>
			<report>
				<misses>5593001</misses>
				<total>9</total>
				<timestamp>1676.222288</timestamp>
			</report>
			<report>
				<misses>5594001</misses>
				<total>9</total>
				<timestamp>1676.522004</timestamp>
			</report>
			<report>
				<misses>5595001</misses>
				<total>8</total>
				<timestamp>1676.821795</timestamp>
			</report>
			<report>
				<misses>5596001</misses>
				<total>9</total>
				<timestamp>1677.121370</timestamp>
			</report>
			<report>
				<misses>5597001</misses>
				<total>9</total>
				<timestamp>1677.421073</timestamp>
			</report>
			<report>
				<misses>5598001</misses>
				<total>9</total>
				<timestamp>1677.720770</timestamp>
			</report>
			<report>
				<misses>5599001</misses>
				<total>9</total>
				<timestamp>1678.020477</timestamp>
			</report>
			<report>
				<misses>5600001</misses>
				<total>9</total>
				<timestamp>1678.320177</timestamp>
			</report>
			<report>
				<misses>5601001</misses>
				<total>9</total>
				<timestamp>1678.619868</timestamp>
			</report>
			<report>
				<misses>5602001</misses>
				<total>9</total>
				<timestamp>1678.919576</timestamp>
			</report>
			<report>
				<misses>5603001</misses>
				<total>9</total>
				<timestamp>1679.219315</timestamp>
			</report>
			<report>
				<misses>5604001</misses>
				<total>9</total>
				<timestamp>1679.519006</timestamp>
			</report>
			<report>
				<misses>5605001</misses>
				<total>9</total>
				<timestamp>1679.818703</timestamp>
			</report>
			<report>
				<misses>5606001</misses>
				<total>9</total>
				<timestamp>1680.118372</timestamp>
			</report>
			<report>
				<misses>5607001</misses>
				<total>9</total>
				<timestamp>1680.418133</timestamp>
			</report>
			<report>
				<misses>5608001</misses>
				<total>9</total>
				<timestamp>1680.717781</timestamp>
			</report>
			<report>
				<misses>5609001</misses>
				<total>9</total>
				<timestamp>1681.017484</timestamp>
			</report>
			<report>
				<misses>5610001</misses>
				<total>9</total>
				<timestamp>1681.317181</timestamp>
			</report>
			<report>
				<misses>5611001</misses>
				<total>9</total>
				<timestamp>1681.616882</timestamp>
			</report>
			<report>
				<misses>5612001</misses>
				<total>9</total>
				<timestamp>1681.916574</timestamp>
			</report>
			<report>
				<misses>5613001</misses>
				<total>8</total>
				<timestamp>1682.216370</timestamp>
			</report>
			<report>
				<misses>5614001</misses>
				<total>9</total>
				<timestamp>1682.516021</timestamp>
			</report>
			<report>
				<misses>5615001</misses>
				<total>9</total>
				<timestamp>1682.815675</timestamp>
			</report>
			<report>
				<misses>5616001</misses>
				<total>9</total>
				<timestamp>1683.115372</timestamp>
			</report>
			<report>
				<misses>5617001</misses>
				<total>9</total>
				<timestamp>1683.415128</timestamp>
			</report>
			<report>
				<misses>5618001</misses>
				<total>9</total>
				<timestamp>1683.714816</timestamp>
			</report>
			<report>
				<misses>5619001</misses>
				<total>9</total>
				<timestamp>1684.014463</timestamp>
			</report>
			<report>
				<misses>5620001</misses>
				<total>9</total>
				<timestamp>1684.314190</timestamp>
			</report>
			<report>
				<misses>5621001</misses>
				<total>9</total>
				<timestamp>1684.613878</timestamp>
			</report>
			<report>
				<misses>5622001</misses>
				<total>9</total>
				<timestamp>1684.913568</timestamp>
			</report>
			<report>
				<misses>5623001</misses>
				<total>8</total>
				<timestamp>1685.213399</timestamp>
			</report>
			<report>
				<misses>5624001</misses>
				<total>9</total>
				<timestamp>1685.512999</timestamp>
			</report>
			<report>
				<misses>5625001</misses>
				<total>9</total>
				<timestamp>1685.812677</timestamp>
			</report>
			<report>
				<misses>5626001</misses>
				<total>9</total>
				<timestamp>1686.112437</timestamp>
			</report>
			<report>
				<misses>5627001</misses>
				<total>9</total>
				<timestamp>1686.412087</timestamp>
			</report>
			<report>
				<misses>5628001</misses>
				<total>9</total>
				<timestamp>1686.711775</timestamp>
			</report>
			<report>
				<misses>5629001</misses>
				<total>9</total>
				<timestamp>1687.011527</timestamp>
			</report>
			<report>
				<misses>5630001</misses>
				<total>9</total>
				<timestamp>1687.311198</timestamp>
			</report>
			<report>
				<misses>5631001</misses>
				<total>9</total>
				<timestamp>1687.610986</timestamp>
			</report>
			<report>
				<misses>5632001</misses>
				<total>9</total>
				<timestamp>1687.910580</timestamp>
			</report>
			<report>
				<misses>5633001</misses>
				<total>9</total>
				<timestamp>1688.210325</timestamp>
			</report>
			<report>
				<misses>5634001</misses>
				<total>9</total>
				<timestamp>1688.510026</timestamp>
			</report>
			<report>
				<misses>5635001</misses>
				<total>9</total>
				<timestamp>1688.809692</timestamp>
			</report>
			<report>
				<misses>5636001</misses>
				<total>9</total>
				<timestamp>1689.109395</timestamp>
			</report>
			<report>
				<misses>5637001</misses>
				<total>9</total>
				<timestamp>1689.409130</timestamp>
			</report>
			<report>
				<misses>5638001</misses>
				<total>9</total>
				<timestamp>1689.708771</timestamp>
			</report>
			<report>
				<misses>5639001</misses>
				<total>9</total>
				<timestamp>1690.008545</timestamp>
			</report>
			<report>
				<misses>5640001</misses>
				<total>9</total>
				<timestamp>1690.308218</timestamp>
			</report>
			<report>
				<misses>5641001</misses>
				<total>9</total>
				<timestamp>1690.607866</timestamp>
			</report>
			<report>
				<misses>5642001</misses>
				<total>9</total>
				<timestamp>1690.907582</timestamp>
			</report>
			<report>
				<misses>5643001</misses>
				<total>9</total>
				<timestamp>1691.207337</timestamp>
			</report>
			<report>
				<misses>5644001</misses>
				<total>9</total>
				<timestamp>1691.507010</timestamp>
			</report>
			<report>
				<misses>5645001</misses>
				<total>9</total>
				<timestamp>1691.806672</timestamp>
			</report>
			<report>
				<misses>5646001</misses>
				<total>9</total>
				<timestamp>1692.106379</timestamp>
			</report>
			<report>
				<misses>5647001</misses>
				<total>9</total>
				<timestamp>1692.406077</timestamp>
			</report>
			<report>
				<misses>5648001</misses>
				<total>9</total>
				<timestamp>1692.705793</timestamp>
			</report>
			<report>
				<misses>5649001</misses>
				<total>9</total>
				<timestamp>1693.005477</timestamp>
			</report>
			<report>
				<misses>5650001</misses>
				<total>9</total>
				<timestamp>1693.305245</timestamp>
			</report>
			<report>
				<misses>5651001</misses>
				<total>9</total>
				<timestamp>1693.604875</timestamp>
			</report>
			<report>
				<misses>5652001</misses>
				<total>9</total>
				<timestamp>1693.904578</timestamp>
			</report>
			<report>
				<misses>5653001</misses>
				<total>9</total>
				<timestamp>1694.204280</timestamp>
			</report>
			<report>
				<misses>5654001</misses>
				<total>9</total>
				<timestamp>1694.504010</timestamp>
			</report>
			<report>
				<misses>5655001</misses>
				<total>9</total>
				<timestamp>1694.803671</timestamp>
			</report>
			<report>
				<misses>5656001</misses>
				<total>9</total>
				<timestamp>1695.103375</timestamp>
			</report>
			<report>
				<misses>5657001</misses>
				<total>9</total>
				<timestamp>1695.403154</timestamp>
			</report>
			<report>
				<misses>5658001</misses>
				<total>9</total>
				<timestamp>1695.702765</timestamp>
			</report>
			<report>
				<misses>5659001</misses>
				<total>9</total>
				<timestamp>1696.002473</timestamp>
			</report>
			<report>
				<misses>5660001</misses>
				<total>9</total>
				<timestamp>1696.302178</timestamp>
			</report>
			<report>
				<misses>5661001</misses>
				<total>9</total>
				<timestamp>1696.601880</timestamp>
			</report>
			<report>
				<misses>5662001</misses>
				<total>9</total>
				<timestamp>1696.901568</timestamp>
			</report>
			<report>
				<misses>5663001</misses>
				<total>9</total>
				<timestamp>1697.201286</timestamp>
			</report>
			<report>
				<misses>5664001</misses>
				<total>9</total>
				<timestamp>1697.501053</timestamp>
			</report>
			<report>
				<misses>5665001</misses>
				<total>9</total>
				<timestamp>1697.800680</timestamp>
			</report>
			<report>
				<misses>5666001</misses>
				<total>9</total>
				<timestamp>1698.100370</timestamp>
			</report>
			<report>
				<misses>5667001</misses>
				<total>9</total>
				<timestamp>1698.400096</timestamp>
			</report>
			<report>
				<misses>5668001</misses>
				<total>9</total>
				<timestamp>1698.699776</timestamp>
			</report>
			<report>
				<misses>5669001</misses>
				<total>9</total>
				<timestamp>1698.999468</timestamp>
			</report>
			<report>
				<misses>5670001</misses>
				<total>9</total>
				<timestamp>1699.299183</timestamp>
			</report>
			<report>
				<misses>5671001</misses>
				<total>9</total>
				<timestamp>1699.598878</timestamp>
			</report>
			<report>
				<misses>5672001</misses>
				<total>9</total>
				<timestamp>1699.898633</timestamp>
			</report>
			<report>
				<misses>5673001</misses>
				<total>9</total>
				<timestamp>1700.198319</timestamp>
			</report>
			<report>
				<misses>5674001</misses>
				<total>9</total>
				<timestamp>1700.497997</timestamp>
			</report>
			<report>
				<misses>5675001</misses>
				<total>9</total>
				<timestamp>1700.797671</timestamp>
			</report>
			<report>
				<misses>5676001</misses>
				<total>9</total>
				<timestamp>1701.097381</timestamp>
			</report>
			<report>
				<misses>5677001</misses>
				<total>9</total>
				<timestamp>1701.397101</timestamp>
			</report>
			<report>
				<misses>5678001</misses>
				<total>9</total>
				<timestamp>1701.696864</timestamp>
			</report>
			<report>
				<misses>5679001</misses>
				<total>9</total>
				<timestamp>1701.996467</timestamp>
			</report>
			<report>
				<misses>5680001</misses>
				<total>9</total>
				<timestamp>1702.296236</timestamp>
			</report>
			<report>
				<misses>5681001</misses>
				<total>9</total>
				<timestamp>1702.595890</timestamp>
			</report>
			<report>
				<misses>5682001</misses>
				<total>9</total>
				<timestamp>1702.895571</timestamp>
			</report>
			<report>
				<misses>5683001</misses>
				<total>9</total>
				<timestamp>1703.195327</timestamp>
			</report>
			<report>
				<misses>5684001</misses>
				<total>9</total>
				<timestamp>1703.494986</timestamp>
			</report>
			<report>
				<misses>5685001</misses>
				<total>9</total>
				<timestamp>1703.794673</timestamp>
			</report>
			<report>
				<misses>5686001</misses>
				<total>9</total>
				<timestamp>1704.094372</timestamp>
			</report>
			<report>
				<misses>5687001</misses>
				<total>9</total>
				<timestamp>1704.394112</timestamp>
			</report>
			<report>
				<misses>5688001</misses>
				<total>9</total>
				<timestamp>1704.693785</timestamp>
			</report>
			<report>
				<misses>5689001</misses>
				<total>9</total>
				<timestamp>1704.993466</timestamp>
			</report>
			<report>
				<misses>5690001</misses>
				<total>9</total>
				<timestamp>1705.293216</timestamp>
			</report>
			<report>
				<misses>5691001</misses>
				<total>9</total>
				<timestamp>1705.592921</timestamp>
			</report>
			<report>
				<misses>5692001</misses>
				<total>9</total>
				<timestamp>1705.892644</timestamp>
			</report>
			<report>
				<misses>5693001</misses>
				<total>9</total>
				<timestamp>1706.192359</timestamp>
			</report>
			<report>
				<misses>5694001</misses>
				<total>9</total>
				<timestamp>1706.491979</timestamp>
			</report>
			<report>
				<misses>5695001</misses>
				<total>9</total>
				<timestamp>1706.791669</timestamp>
			</report>
			<report>
				<misses>5696001</misses>
				<total>9</total>
				<timestamp>1707.091451</timestamp>
			</report>
			<report>
				<misses>5697001</misses>
				<total>8</total>
				<timestamp>1707.391172</timestamp>
			</report>
			<report>
				<misses>5698001</misses>
				<total>9</total>
				<timestamp>1707.690827</timestamp>
			</report>
			<report>
				<misses>5699001</misses>
				<total>9</total>
				<timestamp>1707.990457</timestamp>
			</report>
			<report>
				<misses>5700001</misses>
				<total>9</total>
				<timestamp>1708.290180</timestamp>
			</report>
			<report>
				<misses>5701001</misses>
				<total>9</total>
				<timestamp>1708.589915</timestamp>
			</report>
			<report>
				<misses>5702001</misses>
				<total>9</total>
				<timestamp>1708.889556</timestamp>
			</report>
			<report>
				<misses>5703001</misses>
				<total>9</total>
				<timestamp>1709.189283</timestamp>
			</report>
			<report>
				<misses>5704001</misses>
				<total>9</total>
				<timestamp>1709.489001</timestamp>
			</report>
			<report>
				<misses>5705001</misses>
				<total>9</total>
				<timestamp>1709.788674</timestamp>
			</report>
			<report>
				<misses>5706001</misses>
				<total>9</total>
				<timestamp>1710.088359</timestamp>
			</report>
			<report>
				<misses>5707001</misses>
				<total>9</total>
				<timestamp>1710.388098</timestamp>
			</report>
			<report>
				<misses>5708001</misses>
				<total>9</total>
				<timestamp>1710.687768</timestamp>
			</report>
			<report>
				<misses>5709001</misses>
				<total>9</total>
				<timestamp>1710.987480</timestamp>
			</report>
			<report>
				<misses>5710001</misses>
				<total>9</total>
				<timestamp>1711.287189</timestamp>
			</report>
			<report>
				<misses>5711001</misses>
				<total>9</total>
				<timestamp>1711.586934</timestamp>
			</report>
			<report>
				<misses>5712001</misses>
				<total>8</total>
				<timestamp>1711.886683</timestamp>
			</report>
			<report>
				<misses>5713001</misses>
				<total>9</total>
				<timestamp>1712.186259</timestamp>
			</report>
			<report>
				<misses>5714001</misses>
				<total>9</total>
				<timestamp>1712.486097</timestamp>
			</report>
			<report>
				<misses>5715001</misses>
				<total>9</total>
				<timestamp>1712.785719</timestamp>
			</report>
			<report>
				<misses>5716001</misses>
				<total>9</total>
				<timestamp>1713.085386</timestamp>
			</report>
			<report>
				<misses>5717001</misses>
				<total>9</total>
				<timestamp>1713.385085</timestamp>
			</report>
			<report>
				<misses>5718001</misses>
				<total>9</total>
				<timestamp>1713.684847</timestamp>
			</report>
			<report>
				<misses>5719001</misses>
				<total>9</total>
				<timestamp>1713.984568</timestamp>
			</report>
			<report>
				<misses>5720001</misses>
				<total>9</total>
				<timestamp>1714.284213</timestamp>
			</report>
			<report>
				<misses>5721001</misses>
				<total>9</total>
				<timestamp>1714.583931</timestamp>
			</report>
			<report>
				<misses>5722001</misses>
				<total>9</total>
				<timestamp>1714.883587</timestamp>
			</report>
			<report>
				<misses>5723001</misses>
				<total>8</total>
				<timestamp>1715.183368</timestamp>
			</report>
			<report>
				<misses>5724001</misses>
				<total>9</total>
				<timestamp>1715.483048</timestamp>
			</report>
			<report>
				<misses>5725001</misses>
				<total>9</total>
				<timestamp>1715.782670</timestamp>
			</report>
			<report>
				<misses>5726001</misses>
				<total>9</total>
				<timestamp>1716.082358</timestamp>
			</report>
			<report>
				<misses>5727001</misses>
				<total>9</total>
				<timestamp>1716.382084</timestamp>
			</report>
			<report>
				<misses>5728001</misses>
				<total>9</total>
				<timestamp>1716.681780</timestamp>
			</report>
			<report>
				<misses>5729001</misses>
				<total>9</total>
				<timestamp>1716.981505</timestamp>
			</report>
			<report>
				<misses>5730001</misses>
				<total>9</total>
				<timestamp>1717.281215</timestamp>
			</report>
			<report>
				<misses>5731001</misses>
				<total>9</total>
				<timestamp>1717.580875</timestamp>
			</report>
			<report>
				<misses>5732001</misses>
				<total>9</total>
				<timestamp>1717.880562</timestamp>
			</report>
			<report>
				<misses>5733001</misses>
				<total>9</total>
				<timestamp>1718.180269</timestamp>
			</report>
			<report>
				<misses>5734001</misses>
				<total>8</total>
				<timestamp>1718.480099</timestamp>
			</report>
			<report>
				<misses>5735001</misses>
				<total>9</total>
				<timestamp>1718.779666</timestamp>
			</report>
			<report>
				<misses>5736001</misses>
				<total>9</total>
				<timestamp>1719.079360</timestamp>
			</report>
			<report>
				<misses>5737001</misses>
				<total>9</total>
				<timestamp>1719.379080</timestamp>
			</report>
			<report>
				<misses>5738001</misses>
				<total>9</total>
				<timestamp>1719.678793</timestamp>
			</report>
			<report>
				<misses>5739001</misses>
				<total>9</total>
				<timestamp>1719.978482</timestamp>
			</report>
			<report>
				<misses>5740001</misses>
				<total>9</total>
				<timestamp>1720.278187</timestamp>
			</report>
			<report>
				<misses>5741001</misses>
				<total>9</total>
				<timestamp>1720.577879</timestamp>
			</report>
			<report>
				<misses>5742001</misses>
				<total>9</total>
				<timestamp>1720.877570</timestamp>
			</report>
			<report>
				<misses>5743001</misses>
				<total>9</total>
				<timestamp>1721.177312</timestamp>
			</report>
			<report>
				<misses>5744001</misses>
				<total>9</total>
				<timestamp>1721.477015</timestamp>
			</report>
			<report>
				<misses>5745001</misses>
				<total>9</total>
				<timestamp>1721.776751</timestamp>
			</report>
			<report>
				<misses>5746001</misses>
				<total>9</total>
				<timestamp>1722.076368</timestamp>
			</report>
			<report>
				<misses>5747001</misses>
				<total>9</total>
				<timestamp>1722.376136</timestamp>
			</report>
			<report>
				<misses>5748001</misses>
				<total>9</total>
				<timestamp>1722.675795</timestamp>
			</report>
			<report>
				<misses>5749001</misses>
				<total>9</total>
				<timestamp>1722.975457</timestamp>
			</report>
			<report>
				<misses>5750001</misses>
				<total>9</total>
				<timestamp>1723.275220</timestamp>
			</report>
			<report>
				<misses>5751001</misses>
				<total>9</total>
				<timestamp>1723.574898</timestamp>
			</report>
			<report>
				<misses>5752001</misses>
				<total>9</total>
				<timestamp>1723.874577</timestamp>
			</report>
			<report>
				<misses>5753001</misses>
				<total>9</total>
				<timestamp>1724.174262</timestamp>
			</report>
			<report>
				<misses>5754001</misses>
				<total>9</total>
				<timestamp>1724.473990</timestamp>
			</report>
			<report>
				<misses>5755001</misses>
				<total>9</total>
				<timestamp>1724.773682</timestamp>
			</report>
			<report>
				<misses>5756001</misses>
				<total>9</total>
				<timestamp>1725.073362</timestamp>
			</report>
			<report>
				<misses>5757001</misses>
				<total>9</total>
				<timestamp>1725.373118</timestamp>
			</report>
			<report>
				<misses>5758001</misses>
				<total>9</total>
				<timestamp>1725.672814</timestamp>
			</report>
			<report>
				<misses>5759001</misses>
				<total>9</total>
				<timestamp>1725.972464</timestamp>
			</report>
			<report>
				<misses>5760001</misses>
				<total>9</total>
				<timestamp>1726.272259</timestamp>
			</report>
			<report>
				<misses>5761001</misses>
				<total>9</total>
				<timestamp>1726.571878</timestamp>
			</report>
			<report>
				<misses>5762001</misses>
				<total>9</total>
				<timestamp>1726.871582</timestamp>
			</report>
			<report>
				<misses>5763001</misses>
				<total>9</total>
				<timestamp>1727.171274</timestamp>
			</report>
			<report>
				<misses>5764001</misses>
				<total>9</total>
				<timestamp>1727.471073</timestamp>
			</report>
			<report>
				<misses>5765001</misses>
				<total>9</total>
				<timestamp>1727.770732</timestamp>
			</report>
			<report>
				<misses>5766001</misses>
				<total>9</total>
				<timestamp>1728.070396</timestamp>
			</report>
			<report>
				<misses>5767001</misses>
				<total>9</total>
				<timestamp>1728.370066</timestamp>
			</report>
			<report>
				<misses>5768001</misses>
				<total>9</total>
				<timestamp>1728.669785</timestamp>
			</report>
			<report>
				<misses>5769001</misses>
				<total>10</total>
				<timestamp>1728.969533</timestamp>
			</report>
			<report>
				<misses>5770001</misses>
				<total>10</total>
				<timestamp>1729.269218</timestamp>
			</report>
			<report>
				<misses>5771001</misses>
				<total>10</total>
				<timestamp>1729.568879</timestamp>
			</report>
			<report>
				<misses>5772001</misses>
				<total>10</total>
				<timestamp>1729.868572</timestamp>
			</report>
			<report>
				<misses>5773001</misses>
				<total>10</total>
				<timestamp>1730.168276</timestamp>
			</report>
			<report>
				<misses>5774001</misses>
				<total>10</total>
				<timestamp>1730.467984</timestamp>
			</report>
			<report>
				<misses>5775001</misses>
				<total>9</total>
				<timestamp>1730.767829</timestamp>
			</report>
			<report>
				<misses>5776001</misses>
				<total>10</total>
				<timestamp>1731.067371</timestamp>
			</report>
			<report>
				<misses>5777001</misses>
				<total>9</total>
				<timestamp>1731.367170</timestamp>
			</report>
			<report>
				<misses>5778001</misses>
				<total>10</total>
				<timestamp>1731.666799</timestamp>
			</report>
			<report>
				<misses>5779001</misses>
				<total>10</total>
				<timestamp>1731.966543</timestamp>
			</report>
			<report>
				<misses>5780001</misses>
				<total>10</total>
				<timestamp>1732.266170</timestamp>
			</report>
			<report>
				<misses>5781001</misses>
				<total>10</total>
				<timestamp>1732.565946</timestamp>
			</report>
			<report>
				<misses>5782001</misses>
				<total>10</total>
				<timestamp>1732.865584</timestamp>
			</report>
			<report>
				<misses>5783001</misses>
				<total>10</total>
				<timestamp>1733.165277</timestamp>
			</report>
			<report>
				<misses>5784001</misses>
				<total>10</total>
				<timestamp>1733.465009</timestamp>
			</report>
			<report>
				<misses>5785001</misses>
				<total>10</total>
				<timestamp>1733.764734</timestamp>
			</report>
			<report>
				<misses>5786001</misses>
				<total>10</total>
				<timestamp>1734.064362</timestamp>
			</report>
			<report>
				<misses>5787001</misses>
				<total>10</total>
				<timestamp>1734.364116</timestamp>
			</report>
			<report>
				<misses>5788001</misses>
				<total>10</total>
				<timestamp>1734.663784</timestamp>
			</report>
			<report>
				<misses>5789001</misses>
				<total>10</total>
				<timestamp>1734.963480</timestamp>
			</report>
			<report>
				<misses>5790001</misses>
				<total>10</total>
				<timestamp>1735.263162</timestamp>
			</report>
			<report>
				<misses>5791001</misses>
				<total>10</total>
				<timestamp>1735.562869</timestamp>
			</report>
			<report>
				<misses>5792001</misses>
				<total>10</total>
				<timestamp>1735.862570</timestamp>
			</report>
			<report>
				<misses>5793001</misses>
				<total>10</total>
				<timestamp>1736.162259</timestamp>
			</report>
			<report>
				<misses>5794001</misses>
				<total>10</total>
				<timestamp>1736.462012</timestamp>
			</report>
			<report>
				<misses>5795001</misses>
				<total>10</total>
				<timestamp>1736.761696</timestamp>
			</report>
			<report>
				<misses>5796001</misses>
				<total>10</total>
				<timestamp>1737.061371</timestamp>
			</report>
			<report>
				<misses>5797001</misses>
				<total>10</total>
				<timestamp>1737.361089</timestamp>
			</report>
			<report>
				<misses>5798001</misses>
				<total>10</total>
				<timestamp>1737.660769</timestamp>
			</report>
			<report>
				<misses>5799001</misses>
				<total>10</total>
				<timestamp>1737.960466</timestamp>
			</report>
			<report>
				<misses>5800001</misses>
				<total>10</total>
				<timestamp>1738.260160</timestamp>
			</report>
			<report>
				<misses>5801001</misses>
				<total>10</total>
				<timestamp>1738.559893</timestamp>
			</report>
			<report>
				<misses>5802001</misses>
				<total>10</total>
				<timestamp>1738.859559</timestamp>
			</report>
			<report>
				<misses>5803001</misses>
				<total>10</total>
				<timestamp>1739.159269</timestamp>
			</report>
			<report>
				<misses>5804001</misses>
				<total>9</total>
				<timestamp>1739.459087</timestamp>
			</report>
			<report>
				<misses>5805001</misses>
				<total>10</total>
				<timestamp>1739.758745</timestamp>
			</report>
			<report>
				<misses>5806001</misses>
				<total>10</total>
				<timestamp>1740.058369</timestamp>
			</report>
			<report>
				<misses>5807001</misses>
				<total>10</total>
				<timestamp>1740.358089</timestamp>
			</report>
			<report>
				<misses>5808001</misses>
				<total>10</total>
				<timestamp>1740.657782</timestamp>
			</report>
			<report>
				<misses>5809001</misses>
				<total>10</total>
				<timestamp>1740.957468</timestamp>
			</report>
			<report>
				<misses>5810001</misses>
				<total>10</total>
				<timestamp>1741.257170</timestamp>
			</report>
			<report>
				<misses>5811001</misses>
				<total>10</total>
				<timestamp>1741.556868</timestamp>
			</report>
			<report>
				<misses>5812001</misses>
				<total>10</total>
				<timestamp>1741.856593</timestamp>
			</report>
			<report>
				<misses>5813001</misses>
				<total>10</total>
				<timestamp>1742.156313</timestamp>
			</report>
			<report>
				<misses>5814001</misses>
				<total>9</total>
				<timestamp>1742.456104</timestamp>
			</report>
			<report>
				<misses>5815001</misses>
				<total>10</total>
				<timestamp>1742.755724</timestamp>
			</report>
			<report>
				<misses>5816001</misses>
				<total>10</total>
				<timestamp>1743.055375</timestamp>
			</report>
			<report>
				<misses>5817001</misses>
				<total>10</total>
				<timestamp>1743.355070</timestamp>
			</report>
			<report>
				<misses>5818001</misses>
				<total>10</total>
				<timestamp>1743.654787</timestamp>
			</report>
			<report>
				<misses>5819001</misses>
				<total>10</total>
				<timestamp>1743.954467</timestamp>
			</report>
			<report>
				<misses>5820001</misses>
				<total>10</total>
				<timestamp>1744.254257</timestamp>
			</report>
			<report>
				<misses>5821001</misses>
				<total>10</total>
				<timestamp>1744.553879</timestamp>
			</report>
			<report>
				<misses>5822001</misses>
				<total>10</total>
				<timestamp>1744.853590</timestamp>
			</report>
			<report>
				<misses>5823001</misses>
				<total>10</total>
				<timestamp>1745.153269</timestamp>
			</report>
			<report>
				<misses>5824001</misses>
				<total>10</total>
				<timestamp>1745.453060</timestamp>
			</report>
			<report>
				<misses>5825001</misses>
				<total>10</total>
				<timestamp>1745.752691</timestamp>
			</report>
			<report>
				<misses>5826001</misses>
				<total>10</total>
				<timestamp>1746.052419</timestamp>
			</report>
			<report>
				<misses>5827001</misses>
				<total>10</total>
				<timestamp>1746.352137</timestamp>
			</report>
			<report>
				<misses>5828001</misses>
				<total>10</total>
				<timestamp>1746.651799</timestamp>
			</report>
			<report>
				<misses>5829001</misses>
				<total>10</total>
				<timestamp>1746.951471</timestamp>
			</report>
			<report>
				<misses>5830001</misses>
				<total>10</total>
				<timestamp>1747.251161</timestamp>
			</report>
			<report>
				<misses>5831001</misses>
				<total>10</total>
				<timestamp>1747.550868</timestamp>
			</report>
			<report>
				<misses>5832001</misses>
				<total>10</total>
				<timestamp>1747.850572</timestamp>
			</report>
			<report>
				<misses>5833001</misses>
				<total>10</total>
				<timestamp>1748.150303</timestamp>
			</report>
			<report>
				<misses>5834001</misses>
				<total>10</total>
				<timestamp>1748.449992</timestamp>
			</report>
			<report>
				<misses>5835001</misses>
				<total>10</total>
				<timestamp>1748.749684</timestamp>
			</report>
			<report>
				<misses>5836001</misses>
				<total>10</total>
				<timestamp>1749.049371</timestamp>
			</report>
			<report>
				<misses>5837001</misses>
				<total>10</total>
				<timestamp>1749.349113</timestamp>
			</report>
			<report>
				<misses>5838001</misses>
				<total>10</total>
				<timestamp>1749.648776</timestamp>
			</report>
			<report>
				<misses>5839001</misses>
				<total>10</total>
				<timestamp>1749.948464</timestamp>
			</report>
			<report>
				<misses>5840001</misses>
				<total>10</total>
				<timestamp>1750.248206</timestamp>
			</report>
			<report>
				<misses>5841001</misses>
				<total>10</total>
				<timestamp>1750.547890</timestamp>
			</report>
			<report>
				<misses>5842001</misses>
				<total>10</total>
				<timestamp>1750.847672</timestamp>
			</report>
			<report>
				<misses>5843001</misses>
				<total>10</total>
				<timestamp>1751.147331</timestamp>
			</report>
			<report>
				<misses>5844001</misses>
				<total>10</total>
				<timestamp>1751.446991</timestamp>
			</report>
			<report>
				<misses>5845001</misses>
				<total>10</total>
				<timestamp>1751.746702</timestamp>
			</report>
			<report>
				<misses>5846001</misses>
				<total>10</total>
				<timestamp>1752.046456</timestamp>
			</report>
			<report>
				<misses>5847001</misses>
				<total>10</total>
				<timestamp>1752.346106</timestamp>
			</report>
			<report>
				<misses>5848001</misses>
				<total>10</total>
				<timestamp>1752.645797</timestamp>
			</report>
			<report>
				<misses>5849001</misses>
				<total>10</total>
				<timestamp>1752.945473</timestamp>
			</report>
			<report>
				<misses>5850001</misses>
				<total>10</total>
				<timestamp>1753.245171</timestamp>
			</report>
			<report>
				<misses>5851001</misses>
				<total>10</total>
				<timestamp>1753.544938</timestamp>
			</report>
			<report>
				<misses>5852001</misses>
				<total>10</total>
				<timestamp>1753.844572</timestamp>
			</report>
			<report>
				<misses>5853001</misses>
				<total>10</total>
				<timestamp>1754.144277</timestamp>
			</report>
			<report>
				<misses>5854001</misses>
				<total>10</total>
				<timestamp>1754.443995</timestamp>
			</report>
			<report>
				<misses>5855001</misses>
				<total>10</total>
				<timestamp>1754.743663</timestamp>
			</report>
			<report>
				<misses>5856001</misses>
				<total>10</total>
				<timestamp>1755.043416</timestamp>
			</report>
			<report>
				<misses>5857001</misses>
				<total>10</total>
				<timestamp>1755.343108</timestamp>
			</report>
			<report>
				<misses>5858001</misses>
				<total>10</total>
				<timestamp>1755.642766</timestamp>
			</report>
			<report>
				<misses>5859001</misses>
				<total>10</total>
				<timestamp>1755.942504</timestamp>
			</report>
			<report>
				<misses>5860001</misses>
				<total>9</total>
				<timestamp>1756.242265</timestamp>
			</report>
			<report>
				<misses>5861001</misses>
				<total>10</total>
				<timestamp>1756.541937</timestamp>
			</report>
			<report>
				<misses>5862001</misses>
				<total>10</total>
				<timestamp>1756.841590</timestamp>
			</report>
			<report>
				<misses>5863001</misses>
				<total>10</total>
				<timestamp>1757.141289</timestamp>
			</report>
			<report>
				<misses>5864001</misses>
				<total>10</total>
				<timestamp>1757.441034</timestamp>
			</report>
			<report>
				<misses>5865001</misses>
				<total>10</total>
				<timestamp>1757.740696</timestamp>
			</report>
			<report>
				<misses>5866001</misses>
				<total>10</total>
				<timestamp>1758.040393</timestamp>
			</report>
			<report>
				<misses>5867001</misses>
				<total>10</total>
				<timestamp>1758.340124</timestamp>
			</report>
			<report>
				<misses>5868001</misses>
				<total>10</total>
				<timestamp>1758.639784</timestamp>
			</report>
			<report>
				<misses>5869001</misses>
				<total>10</total>
				<timestamp>1758.939488</timestamp>
			</report>
			<report>
				<misses>5870001</misses>
				<total>10</total>
				<timestamp>1759.239172</timestamp>
			</report>
			<report>
				<misses>5871001</misses>
				<total>10</total>
				<timestamp>1759.538858</timestamp>
			</report>
			<report>
				<misses>5872001</misses>
				<total>10</total>
				<timestamp>1759.838578</timestamp>
			</report>
			<report>
				<misses>5873001</misses>
				<total>10</total>
				<timestamp>1760.138265</timestamp>
			</report>
			<report>
				<misses>5874001</misses>
				<total>10</total>
				<timestamp>1760.438005</timestamp>
			</report>
			<report>
				<misses>5875001</misses>
				<total>10</total>
				<timestamp>1760.737696</timestamp>
			</report>
			<report>
				<misses>5876001</misses>
				<total>11</total>
				<timestamp>1761.037371</timestamp>
			</report>
			<report>
				<misses>5877001</misses>
				<total>11</total>
				<timestamp>1761.337058</timestamp>
			</report>
			<report>
				<misses>5878001</misses>
				<total>11</total>
				<timestamp>1761.636772</timestamp>
			</report>
			<report>
				<misses>5879001</misses>
				<total>11</total>
				<timestamp>1761.936467</timestamp>
			</report>
			<report>
				<misses>5880001</misses>
				<total>10</total>
				<timestamp>1762.236274</timestamp>
			</report>
			<report>
				<misses>5881001</misses>
				<total>10</total>
				<timestamp>1762.535995</timestamp>
			</report>
			<report>
				<misses>5882001</misses>
				<total>10</total>
				<timestamp>1762.835726</timestamp>
			</report>
			<report>
				<misses>5883001</misses>
				<total>11</total>
				<timestamp>1763.135272</timestamp>
			</report>
			<report>
				<misses>5884001</misses>
				<total>11</total>
				<timestamp>1763.435010</timestamp>
			</report>
			<report>
				<misses>5885001</misses>
				<total>11</total>
				<timestamp>1763.734696</timestamp>
			</report>
			<report>
				<misses>5886001</misses>
				<total>11</total>
				<timestamp>1764.034372</timestamp>
			</report>
			<report>
				<misses>5887001</misses>
				<total>11</total>
				<timestamp>1764.334095</timestamp>
			</report>
			<report>
				<misses>5888001</misses>
				<total>11</total>
				<timestamp>1764.633767</timestamp>
			</report>
			<report>
				<misses>5889001</misses>
				<total>11</total>
				<timestamp>1764.933487</timestamp>
			</report>
			<report>
				<misses>5890001</misses>
				<total>11</total>
				<timestamp>1765.233174</timestamp>
			</report>
			<report>
				<misses>5891001</misses>
				<total>11</total>
				<timestamp>1765.532906</timestamp>
			</report>
			<report>
				<misses>5892001</misses>
				<total>11</total>
				<timestamp>1765.832573</timestamp>
			</report>
			<report>
				<misses>5893001</misses>
				<total>11</total>
				<timestamp>1766.132267</timestamp>
			</report>
			<report>
				<misses>5894001</misses>
				<total>11</total>
				<timestamp>1766.431992</timestamp>
			</report>
			<report>
				<misses>5895001</misses>
				<total>11</total>
				<timestamp>1766.731700</timestamp>
			</report>
			<report>
				<misses>5896001</misses>
				<total>11</total>
				<timestamp>1767.031371</timestamp>
			</report>
			<report>
				<misses>5897001</misses>
				<total>11</total>
				<timestamp>1767.331071</timestamp>
			</report>
			<report>
				<misses>5898001</misses>
				<total>11</total>
				<timestamp>1767.630767</timestamp>
			</report>
			<report>
				<misses>5899001</misses>
				<total>11</total>
				<timestamp>1767.930525</timestamp>
			</report>
			<report>
				<misses>5900001</misses>
				<total>11</total>
				<timestamp>1768.230180</timestamp>
			</report>
			<report>
				<misses>5901001</misses>
				<total>11</total>
				<timestamp>1768.529875</timestamp>
			</report>
			<report>
				<misses>5902001</misses>
				<total>11</total>
				<timestamp>1768.829587</timestamp>
			</report>
			<report>
				<misses>5903001</misses>
				<total>11</total>
				<timestamp>1769.129287</timestamp>
			</report>
			<report>
				<misses>5904001</misses>
				<total>11</total>
				<timestamp>1769.428972</timestamp>
			</report>
			<report>
				<misses>5905001</misses>
				<total>11</total>
				<timestamp>1769.728670</timestamp>
			</report>
			<report>
				<misses>5906001</misses>
				<total>11</total>
				<timestamp>1770.028375</timestamp>
			</report>
			<report>
				<misses>5907001</misses>
				<total>11</total>
				<timestamp>1770.328161</timestamp>
			</report>
			<report>
				<misses>5908001</misses>
				<total>10</total>
				<timestamp>1770.627867</timestamp>
			</report>
			<report>
				<misses>5909001</misses>
				<total>11</total>
				<timestamp>1770.927486</timestamp>
			</report>
			<report>
				<misses>5910001</misses>
				<total>11</total>
				<timestamp>1771.227246</timestamp>
			</report>
			<report>
				<misses>5911001</misses>
				<total>11</total>
				<timestamp>1771.526877</timestamp>
			</report>
			<report>
				<misses>5912001</misses>
				<total>11</total>
				<timestamp>1771.826565</timestamp>
			</report>
			<report>
				<misses>5913001</misses>
				<total>11</total>
				<timestamp>1772.126269</timestamp>
			</report>
			<report>
				<misses>5914001</misses>
				<total>11</total>
				<timestamp>1772.426011</timestamp>
			</report>
			<report>
				<misses>5915001</misses>
				<total>11</total>
				<timestamp>1772.725680</timestamp>
			</report>
			<report>
				<misses>5916001</misses>
				<total>11</total>
				<timestamp>1773.025366</timestamp>
			</report>
			<report>
				<misses>5917001</misses>
				<total>11</total>
				<timestamp>1773.325094</timestamp>
			</report>
			<report>
				<misses>5918001</misses>
				<total>11</total>
				<timestamp>1773.624806</timestamp>
			</report>
			<report>
				<misses>5919001</misses>
				<total>11</total>
				<timestamp>1773.924495</timestamp>
			</report>
			<report>
				<misses>5920001</misses>
				<total>11</total>
				<timestamp>1774.224194</timestamp>
			</report>
			<report>
				<misses>5921001</misses>
				<total>11</total>
				<timestamp>1774.523925</timestamp>
			</report>
			<report>
				<misses>5922001</misses>
				<total>11</total>
				<timestamp>1774.823580</timestamp>
			</report>
			<report>
				<misses>5923001</misses>
				<total>11</total>
				<timestamp>1775.123271</timestamp>
			</report>
			<report>
				<misses>5924001</misses>
				<total>11</total>
				<timestamp>1775.422991</timestamp>
			</report>
			<report>
				<misses>5925001</misses>
				<total>11</total>
				<timestamp>1775.722679</timestamp>
			</report>
			<report>
				<misses>5926001</misses>
				<total>11</total>
				<timestamp>1776.022475</timestamp>
			</report>
			<report>
				<misses>5927001</misses>
				<total>11</total>
				<timestamp>1776.322111</timestamp>
			</report>
			<report>
				<misses>5928001</misses>
				<total>11</total>
				<timestamp>1776.621861</timestamp>
			</report>
			<report>
				<misses>5929001</misses>
				<total>11</total>
				<timestamp>1776.921534</timestamp>
			</report>
			<report>
				<misses>5930001</misses>
				<total>11</total>
				<timestamp>1777.221176</timestamp>
			</report>
			<report>
				<misses>5931001</misses>
				<total>11</total>
				<timestamp>1777.520885</timestamp>
			</report>
			<report>
				<misses>5932001</misses>
				<total>11</total>
				<timestamp>1777.820609</timestamp>
			</report>
			<report>
				<misses>5933001</misses>
				<total>11</total>
				<timestamp>1778.120315</timestamp>
			</report>
			<report>
				<misses>5934001</misses>
				<total>11</total>
				<timestamp>1778.419990</timestamp>
			</report>
			<report>
				<misses>5935001</misses>
				<total>11</total>
				<timestamp>1778.719685</timestamp>
			</report>
			<report>
				<misses>5936001</misses>
				<total>11</total>
				<timestamp>1779.019370</timestamp>
			</report>
			<report>
				<misses>5937001</misses>
				<total>11</total>
				<timestamp>1779.319102</timestamp>
			</report>
			<report>
				<misses>5938001</misses>
				<total>11</total>
				<timestamp>1779.618866</timestamp>
			</report>
			<report>
				<misses>5939001</misses>
				<total>11</total>
				<timestamp>1779.918507</timestamp>
			</report>
			<report>
				<misses>5940001</misses>
				<total>11</total>
				<timestamp>1780.218160</timestamp>
			</report>
			<report>
				<misses>5941001</misses>
				<total>11</total>
				<timestamp>1780.517903</timestamp>
			</report>
			<report>
				<misses>5942001</misses>
				<total>11</total>
				<timestamp>1780.817587</timestamp>
			</report>
			<report>
				<misses>5943001</misses>
				<total>11</total>
				<timestamp>1781.117277</timestamp>
			</report>
			<report>
				<misses>5944001</misses>
				<total>11</total>
				<timestamp>1781.417040</timestamp>
			</report>
			<report>
				<misses>5945001</misses>
				<total>11</total>
				<timestamp>1781.716684</timestamp>
			</report>
			<report>
				<misses>5946001</misses>
				<total>11</total>
				<timestamp>1782.016364</timestamp>
			</report>
			<report>
				<misses>5947001</misses>
				<total>11</total>
				<timestamp>1782.316116</timestamp>
			</report>
			<report>
				<misses>5948001</misses>
				<total>11</total>
				<timestamp>1782.615830</timestamp>
			</report>
			<report>
				<misses>5949001</misses>
				<total>11</total>
				<timestamp>1782.915508</timestamp>
			</report>
			<report>
				<misses>5950001</misses>
				<total>11</total>
				<timestamp>1783.215175</timestamp>
			</report>
			<report>
				<misses>5951001</misses>
				<total>11</total>
				<timestamp>1783.514940</timestamp>
			</report>
			<report>
				<misses>5952001</misses>
				<total>11</total>
				<timestamp>1783.814636</timestamp>
			</report>
			<report>
				<misses>5953001</misses>
				<total>11</total>
				<timestamp>1784.114280</timestamp>
			</report>
			<report>
				<misses>5954001</misses>
				<total>11</total>
				<timestamp>1784.413992</timestamp>
			</report>
			<report>
				<misses>5955001</misses>
				<total>11</total>
				<timestamp>1784.713691</timestamp>
			</report>
			<report>
				<misses>5956001</misses>
				<total>11</total>
				<timestamp>1785.013426</timestamp>
			</report>
			<report>
				<misses>5957001</misses>
				<total>11</total>
				<timestamp>1785.313061</timestamp>
			</report>
			<report>
				<misses>5958001</misses>
				<total>11</total>
				<timestamp>1785.612764</timestamp>
			</report>
			<report>
				<misses>5959001</misses>
				<total>11</total>
				<timestamp>1785.912490</timestamp>
			</report>
			<report>
				<misses>5960001</misses>
				<total>11</total>
				<timestamp>1786.212173</timestamp>
			</report>
			<report>
				<misses>5961001</misses>
				<total>11</total>
				<timestamp>1786.511872</timestamp>
			</report>
			<report>
				<misses>5962001</misses>
				<total>11</total>
				<timestamp>1786.811574</timestamp>
			</report>
			<report>
				<misses>5963001</misses>
				<total>11</total>
				<timestamp>1787.111279</timestamp>
			</report>
			<report>
				<misses>5964001</misses>
				<total>11</total>
				<timestamp>1787.410987</timestamp>
			</report>
			<report>
				<misses>5965001</misses>
				<total>11</total>
				<timestamp>1787.710681</timestamp>
			</report>
			<report>
				<misses>5966001</misses>
				<total>11</total>
				<timestamp>1788.010390</timestamp>
			</report>
			<report>
				<misses>5967001</misses>
				<total>11</total>
				<timestamp>1788.310142</timestamp>
			</report>
			<report>
				<misses>5968001</misses>
				<total>11</total>
				<timestamp>1788.609818</timestamp>
			</report>
			<report>
				<misses>5969001</misses>
				<total>11</total>
				<timestamp>1788.909477</timestamp>
			</report>
			<report>
				<misses>5970001</misses>
				<total>11</total>
				<timestamp>1789.209240</timestamp>
			</report>
			<report>
				<misses>5971001</misses>
				<total>11</total>
				<timestamp>1789.508872</timestamp>
			</report>
			<report>
				<misses>5972001</misses>
				<total>11</total>
				<timestamp>1789.808572</timestamp>
			</report>
			<report>
				<misses>5973001</misses>
				<total>11</total>
				<timestamp>1790.108270</timestamp>
			</report>
			<report>
				<misses>5974001</misses>
				<total>11</total>
				<timestamp>1790.407995</timestamp>
			</report>
			<report>
				<misses>5975001</misses>
				<total>11</total>
				<timestamp>1790.707672</timestamp>
			</report>
			<report>
				<misses>5976001</misses>
				<total>11</total>
				<timestamp>1791.007401</timestamp>
			</report>
			<report>
				<misses>5977001</misses>
				<total>11</total>
				<timestamp>1791.307124</timestamp>
			</report>
			<report>
				<misses>5978001</misses>
				<total>10</total>
				<timestamp>1791.606917</timestamp>
			</report>
			<report>
				<misses>5979001</misses>
				<total>11</total>
				<timestamp>1791.906504</timestamp>
			</report>
			<report>
				<misses>5980001</misses>
				<total>11</total>
				<timestamp>1792.206165</timestamp>
			</report>
			<report>
				<misses>5981001</misses>
				<total>11</total>
				<timestamp>1792.505875</timestamp>
			</report>
			<report>
				<misses>5982001</misses>
				<total>11</total>
				<timestamp>1792.805570</timestamp>
			</report>
			<report>
				<misses>5983001</misses>
				<total>11</total>
				<timestamp>1793.105289</timestamp>
			</report>
			<report>
				<misses>5984001</misses>
				<total>11</total>
				<timestamp>1793.405046</timestamp>
			</report>
			<report>
				<misses>5985001</misses>
				<total>11</total>
				<timestamp>1793.704670</timestamp>
			</report>
			<report>
				<misses>5986001</misses>
				<total>11</total>
				<timestamp>1794.004418</timestamp>
			</report>
			<report>
				<misses>5987001</misses>
				<total>11</total>
				<timestamp>1794.304075</timestamp>
			</report>
			<report>
				<misses>5988001</misses>
				<total>11</total>
				<timestamp>1794.603769</timestamp>
			</report>
			<report>
				<misses>5989001</misses>
				<total>11</total>
				<timestamp>1794.903496</timestamp>
			</report>
			<report>
				<misses>5990001</misses>
				<total>11</total>
				<timestamp>1795.203204</timestamp>
			</report>
			<report>
				<misses>5991001</misses>
				<total>11</total>
				<timestamp>1795.502941</timestamp>
			</report>
			<report>
				<misses>5992001</misses>
				<total>11</total>
				<timestamp>1795.802593</timestamp>
			</report>
			<report>
				<misses>5993001</misses>
				<total>11</total>
				<timestamp>1796.102277</timestamp>
			</report>
			<report>
				<misses>5994001</misses>
				<total>11</total>
				<timestamp>1796.402048</timestamp>
			</report>
			<report>
				<misses>5995001</misses>
				<total>11</total>
				<timestamp>1796.701669</timestamp>
			</report>
			<report>
				<misses>5996001</misses>
				<total>11</total>
				<timestamp>1797.001434</timestamp>
			</report>
			<report>
				<misses>5997001</misses>
				<total>11</total>
				<timestamp>1797.301060</timestamp>
			</report>
			<report>
				<misses>5998001</misses>
				<total>11</total>
				<timestamp>1797.600774</timestamp>
			</report>
			<report>
				<misses>5999001</misses>
				<total>11</total>
				<timestamp>1797.900537</timestamp>
			</report>
			<report>
				<misses>6000001</misses>
				<total>11</total>
				<timestamp>1798.200186</timestamp>
			</report>
			<report>
				<misses>6001001</misses>
				<total>11</total>
				<timestamp>1798.499930</timestamp>
			</report>
			<report>
				<misses>6002001</misses>
				<total>11</total>
				<timestamp>1798.799563</timestamp>
			</report>
			<report>
				<misses>6003001</misses>
				<total>11</total>
				<timestamp>1799.099317</timestamp>
			</report>
			<report>
				<misses>6004001</misses>
				<total>11</total>
				<timestamp>1799.399008</timestamp>
			</report>
			<report>
				<misses>6005001</misses>
				<total>11</total>
				<timestamp>1799.698666</timestamp>
			</report>
			<report>
				<misses>6006001</misses>
				<total>11</total>
				<timestamp>1799.998460</timestamp>
			</report>
			<report>
				<misses>6007001</misses>
				<total>11</total>
				<timestamp>1800.298154</timestamp>
			</report>
			<report>
				<misses>6008001</misses>
				<total>11</total>
				<timestamp>1800.597780</timestamp>
			</report>
			<report>
				<misses>6009001</misses>
				<total>11</total>
				<timestamp>1800.897545</timestamp>
			</report>
			<report>
				<misses>6010001</misses>
				<total>11</total>
				<timestamp>1801.197166</timestamp>
			</report>
			<report>
				<misses>6011001</misses>
				<total>11</total>
				<timestamp>1801.496870</timestamp>
			</report>
			<report>
				<misses>6012001</misses>
				<total>11</total>
				<timestamp>1801.796587</timestamp>
			</report>
			<report>
				<misses>6013001</misses>
				<total>11</total>
				<timestamp>1802.096364</timestamp>
			</report>
			<report>
				<misses>6014001</misses>
				<total>11</total>
				<timestamp>1802.396010</timestamp>
			</report>
			<report>
				<misses>6015001</misses>
				<total>11</total>
				<timestamp>1802.695727</timestamp>
			</report>
			<report>
				<misses>6016001</misses>
				<total>11</total>
				<timestamp>1802.995367</timestamp>
			</report>
			<report>
				<misses>6017001</misses>
				<total>11</total>
				<timestamp>1803.295070</timestamp>
			</report>
			<report>
				<misses>6018001</misses>
				<total>11</total>
				<timestamp>1803.594776</timestamp>
			</report>
			<report>
				<misses>6019001</misses>
				<total>11</total>
				<timestamp>1803.894469</timestamp>
			</report>
			<report>
				<misses>6020001</misses>
				<total>11</total>
				<timestamp>1804.194218</timestamp>
			</report>
			<report>
				<misses>6021001</misses>
				<total>11</total>
				<timestamp>1804.493865</timestamp>
			</report>
			<report>
				<misses>6022001</misses>
				<total>11</total>
				<timestamp>1804.793566</timestamp>
			</report>
			<report>
				<misses>6023001</misses>
				<total>11</total>
				<timestamp>1805.093308</timestamp>
			</report>
			<report>
				<misses>6024001</misses>
				<total>11</total>
				<timestamp>1805.393001</timestamp>
			</report>
			<report>
				<misses>6025001</misses>
				<total>11</total>
				<timestamp>1805.692659</timestamp>
			</report>
			<report>
				<misses>6026001</misses>
				<total>11</total>
				<timestamp>1805.992381</timestamp>
			</report>
			<report>
				<misses>6027001</misses>
				<total>11</total>
				<timestamp>1806.292121</timestamp>
			</report>
			<report>
				<misses>6028001</misses>
				<total>11</total>
				<timestamp>1806.591774</timestamp>
			</report>
			<report>
				<misses>6029001</misses>
				<total>11</total>
				<timestamp>1806.891476</timestamp>
			</report>
			<report>
				<misses>6030001</misses>
				<total>11</total>
				<timestamp>1807.191184</timestamp>
			</report>
			<report>
				<misses>6031001</misses>
				<total>11</total>
				<timestamp>1807.490873</timestamp>
			</report>
			<report>
				<misses>6032001</misses>
				<total>11</total>
				<timestamp>1807.790572</timestamp>
			</report>
			<report>
				<misses>6033001</misses>
				<total>11</total>
				<timestamp>1808.090328</timestamp>
			</report>
			<report>
				<misses>6034001</misses>
				<total>11</total>
				<timestamp>1808.390008</timestamp>
			</report>
			<report>
				<misses>6035001</misses>
				<total>11</total>
				<timestamp>1808.689751</timestamp>
			</report>
			<report>
				<misses>6036001</misses>
				<total>11</total>
				<timestamp>1808.989400</timestamp>
			</report>
			<report>
				<misses>6037001</misses>
				<total>11</total>
				<timestamp>1809.289094</timestamp>
			</report>
			<report>
				<misses>6038001</misses>
				<total>11</total>
				<timestamp>1809.588798</timestamp>
			</report>
			<report>
				<misses>6039001</misses>
				<total>11</total>
				<timestamp>1809.888470</timestamp>
			</report>
			<report>
				<misses>6040001</misses>
				<total>11</total>
				<timestamp>1810.188168</timestamp>
			</report>
			<report>
				<misses>6041001</misses>
				<total>11</total>
				<timestamp>1810.487865</timestamp>
			</report>
			<report>
				<misses>6042001</misses>
				<total>11</total>
				<timestamp>1810.787567</timestamp>
			</report>
			<report>
				<misses>6043001</misses>
				<total>11</total>
				<timestamp>1811.087344</timestamp>
			</report>
			<report>
				<misses>6044001</misses>
				<total>11</total>
				<timestamp>1811.387059</timestamp>
			</report>
			<report>
				<misses>6045001</misses>
				<total>11</total>
				<timestamp>1811.686736</timestamp>
			</report>
			<report>
				<misses>6046001</misses>
				<total>11</total>
				<timestamp>1811.986386</timestamp>
			</report>
			<report>
				<misses>6047001</misses>
				<total>11</total>
				<timestamp>1812.286097</timestamp>
			</report>
			<report>
				<misses>6048001</misses>
				<total>11</total>
				<timestamp>1812.585793</timestamp>
			</report>
			<report>
				<misses>6049001</misses>
				<total>11</total>
				<timestamp>1812.885472</timestamp>
			</report>
			<report>
				<misses>6050001</misses>
				<total>11</total>
				<timestamp>1813.185196</timestamp>
			</report>
			<report>
				<misses>6051001</misses>
				<total>11</total>
				<timestamp>1813.484915</timestamp>
			</report>
			<report>
				<misses>6052001</misses>
				<total>11</total>
				<timestamp>1813.784589</timestamp>
			</report>
			<report>
				<misses>6053001</misses>
				<total>11</total>
				<timestamp>1814.084276</timestamp>
			</report>
			<report>
				<misses>6054001</misses>
				<total>11</total>
				<timestamp>1814.383977</timestamp>
			</report>
			<report>
				<misses>6055001</misses>
				<total>11</total>
				<timestamp>1814.683693</timestamp>
			</report>
			<report>
				<misses>6056001</misses>
				<total>11</total>
				<timestamp>1814.983393</timestamp>
			</report>
			<report>
				<misses>6057001</misses>
				<total>11</total>
				<timestamp>1815.283074</timestamp>
			</report>
			<report>
				<misses>6058001</misses>
				<total>11</total>
				<timestamp>1815.582768</timestamp>
			</report>
			<report>
				<misses>6059001</misses>
				<total>11</total>
				<timestamp>1815.882471</timestamp>
			</report>
			<report>
				<misses>6060001</misses>
				<total>11</total>
				<timestamp>1816.182192</timestamp>
			</report>
			<report>
				<misses>6061001</misses>
				<total>11</total>
				<timestamp>1816.481866</timestamp>
			</report>
			<report>
				<misses>6062001</misses>
				<total>11</total>
				<timestamp>1816.781616</timestamp>
			</report>
			<report>
				<misses>6063001</misses>
				<total>11</total>
				<timestamp>1817.081271</timestamp>
			</report>
			<report>
				<misses>6064001</misses>
				<total>11</total>
				<timestamp>1817.381057</timestamp>
			</report>
			<report>
				<misses>6065001</misses>
				<total>10</total>
				<timestamp>1817.680770</timestamp>
			</report>
			<report>
				<misses>6066001</misses>
				<total>11</total>
				<timestamp>1817.980377</timestamp>
			</report>
			<report>
				<misses>6067001</misses>
				<total>10</total>
				<timestamp>1818.280220</timestamp>
			</report>
			<report>
				<misses>6068001</misses>
				<total>11</total>
				<timestamp>1818.579794</timestamp>
			</report>
			<report>
				<misses>6069001</misses>
				<total>11</total>
				<timestamp>1818.879473</timestamp>
			</report>
			<report>
				<misses>6070001</misses>
				<total>11</total>
				<timestamp>1819.179279</timestamp>
			</report>
			<report>
				<misses>6071001</misses>
				<total>11</total>
				<timestamp>1819.478870</timestamp>
			</report>
			<report>
				<misses>6072001</misses>
				<total>11</total>
				<timestamp>1819.778576</timestamp>
			</report>
			<report>
				<misses>6073001</misses>
				<total>11</total>
				<timestamp>1820.078281</timestamp>
			</report>
			<report>
				<misses>6074001</misses>
				<total>11</total>
				<timestamp>1820.378005</timestamp>
			</report>
			<report>
				<misses>6075001</misses>
				<total>11</total>
				<timestamp>1820.677674</timestamp>
			</report>
			<report>
				<misses>6076001</misses>
				<total>11</total>
				<timestamp>1820.977383</timestamp>
			</report>
			<report>
				<misses>6077001</misses>
				<total>11</total>
				<timestamp>1821.277112</timestamp>
			</report>
			<report>
				<misses>6078001</misses>
				<total>11</total>
				<timestamp>1821.576840</timestamp>
			</report>
			<report>
				<misses>6079001</misses>
				<total>11</total>
				<timestamp>1821.876473</timestamp>
			</report>
			<report>
				<misses>6080001</misses>
				<total>11</total>
				<timestamp>1822.176201</timestamp>
			</report>
			<report>
				<misses>6081001</misses>
				<total>11</total>
				<timestamp>1822.475876</timestamp>
			</report>
			<report>
				<misses>6082001</misses>
				<total>11</total>
				<timestamp>1822.775628</timestamp>
			</report>
			<report>
				<misses>6083001</misses>
				<total>11</total>
				<timestamp>1823.075355</timestamp>
			</report>
			<report>
				<misses>6084001</misses>
				<total>11</total>
				<timestamp>1823.374999</timestamp>
			</report>
			<report>
				<misses>6085001</misses>
				<total>11</total>
				<timestamp>1823.674742</timestamp>
			</report>
			<report>
				<misses>6086001</misses>
				<total>11</total>
				<timestamp>1823.974380</timestamp>
			</report>
			<report>
				<misses>6087001</misses>
				<total>11</total>
				<timestamp>1824.274082</timestamp>
			</report>
			<report>
				<misses>6088001</misses>
				<total>11</total>
				<timestamp>1824.573821</timestamp>
			</report>
			<report>
				<misses>6089001</misses>
				<total>11</total>
				<timestamp>1824.873464</timestamp>
			</report>
			<report>
				<misses>6090001</misses>
				<total>11</total>
				<timestamp>1825.173214</timestamp>
			</report>
			<report>
				<misses>6091001</misses>
				<total>11</total>
				<timestamp>1825.472867</timestamp>
			</report>
			<report>
				<misses>6092001</misses>
				<total>11</total>
				<timestamp>1825.772564</timestamp>
			</report>
			<report>
				<misses>6093001</misses>
				<total>11</total>
				<timestamp>1826.072348</timestamp>
			</report>
			<report>
				<misses>6094001</misses>
				<total>11</total>
				<timestamp>1826.371979</timestamp>
			</report>
			<report>
				<misses>6095001</misses>
				<total>11</total>
				<timestamp>1826.671676</timestamp>
			</report>
			<report>
				<misses>6096001</misses>
				<total>11</total>
				<timestamp>1826.971378</timestamp>
			</report>
			<report>
				<misses>6097001</misses>
				<total>11</total>
				<timestamp>1827.271075</timestamp>
			</report>
			<report>
				<misses>6098001</misses>
				<total>11</total>
				<timestamp>1827.570814</timestamp>
			</report>
			<report>
				<misses>6099001</misses>
				<total>11</total>
				<timestamp>1827.870463</timestamp>
			</report>
			<report>
				<misses>6100001</misses>
				<total>11</total>
				<timestamp>1828.170173</timestamp>
			</report>
			<report>
				<misses>6101001</misses>
				<total>11</total>
				<timestamp>1828.469857</timestamp>
			</report>
			<report>
				<misses>6102001</misses>
				<total>11</total>
				<timestamp>1828.769648</timestamp>
			</report>
			<report>
				<misses>6103001</misses>
				<total>11</total>
				<timestamp>1829.069364</timestamp>
			</report>
			<report>
				<misses>6104001</misses>
				<total>11</total>
				<timestamp>1829.369041</timestamp>
			</report>
			<report>
				<misses>6105001</misses>
				<total>10</total>
				<timestamp>1829.668770</timestamp>
			</report>
			<report>
				<misses>6106001</misses>
				<total>11</total>
				<timestamp>1829.968371</timestamp>
			</report>
			<report>
				<misses>6107001</misses>
				<total>11</total>
				<timestamp>1830.268081</timestamp>
			</report>
			<report>
				<misses>6108001</misses>
				<total>11</total>
				<timestamp>1830.567859</timestamp>
			</report>
			<report>
				<misses>6109001</misses>
				<total>11</total>
				<timestamp>1830.867468</timestamp>
			</report>
			<report>
				<misses>6110001</misses>
				<total>11</total>
				<timestamp>1831.167191</timestamp>
			</report>
			<report>
				<misses>6111001</misses>
				<total>11</total>
				<timestamp>1831.466874</timestamp>
			</report>
			<report>
				<misses>6112001</misses>
				<total>11</total>
				<timestamp>1831.766651</timestamp>
			</report>
			<report>
				<misses>6113001</misses>
				<total>11</total>
				<timestamp>1832.066286</timestamp>
			</report>
			<report>
				<misses>6114001</misses>
				<total>11</total>
				<timestamp>1832.366006</timestamp>
			</report>
			<report>
				<misses>6115001</misses>
				<total>11</total>
				<timestamp>1832.665741</timestamp>
			</report>
			<report>
				<misses>6116001</misses>
				<total>11</total>
				<timestamp>1832.965376</timestamp>
			</report>
			<report>
				<misses>6117001</misses>
				<total>11</total>
				<timestamp>1833.265109</timestamp>
			</report>
			<report>
				<misses>6118001</misses>
				<total>11</total>
				<timestamp>1833.564765</timestamp>
			</report>
			<report>
				<misses>6119001</misses>
				<total>11</total>
				<timestamp>1833.864484</timestamp>
			</report>
			<report>
				<misses>6120001</misses>
				<total>11</total>
				<timestamp>1834.164195</timestamp>
			</report>
			<report>
				<misses>6121001</misses>
				<total>11</total>
				<timestamp>1834.463888</timestamp>
			</report>
			<report>
				<misses>6122001</misses>
				<total>11</total>
				<timestamp>1834.763645</timestamp>
			</report>
			<report>
				<misses>6123001</misses>
				<total>11</total>
				<timestamp>1835.063270</timestamp>
			</report>
			<report>
				<misses>6124001</misses>
				<total>11</total>
				<timestamp>1835.362992</timestamp>
			</report>
			<report>
				<misses>6125001</misses>
				<total>10</total>
				<timestamp>1835.662794</timestamp>
			</report>
			<report>
				<misses>6126001</misses>
				<total>11</total>
				<timestamp>1835.962365</timestamp>
			</report>
			<report>
				<misses>6127001</misses>
				<total>11</total>
				<timestamp>1836.262096</timestamp>
			</report>
			<report>
				<misses>6128001</misses>
				<total>10</total>
				<timestamp>1836.561872</timestamp>
			</report>
			<report>
				<misses>6129001</misses>
				<total>11</total>
				<timestamp>1836.861472</timestamp>
			</report>
			<report>
				<misses>6130001</misses>
				<total>11</total>
				<timestamp>1837.161188</timestamp>
			</report>
			<report>
				<misses>6131001</misses>
				<total>11</total>
				<timestamp>1837.460865</timestamp>
			</report>
			<report>
				<misses>6132001</misses>
				<total>11</total>
				<timestamp>1837.760561</timestamp>
			</report>
			<report>
				<misses>6133001</misses>
				<total>11</total>
				<timestamp>1838.060286</timestamp>
			</report>
			<report>
				<misses>6134001</misses>
				<total>11</total>
				<timestamp>1838.360047</timestamp>
			</report>
			<report>
				<misses>6135001</misses>
				<total>11</total>
				<timestamp>1838.659673</timestamp>
			</report>
			<report>
				<misses>6136001</misses>
				<total>11</total>
				<timestamp>1838.959388</timestamp>
			</report>
			<report>
				<misses>6137001</misses>
				<total>11</total>
				<timestamp>1839.259086</timestamp>
			</report>
			<report>
				<misses>6138001</misses>
				<total>11</total>
				<timestamp>1839.558834</timestamp>
			</report>
			<report>
				<misses>6139001</misses>
				<total>11</total>
				<timestamp>1839.858541</timestamp>
			</report>
			<report>
				<misses>6140001</misses>
				<total>11</total>
				<timestamp>1840.158184</timestamp>
			</report>
			<report>
				<misses>6141001</misses>
				<total>11</total>
				<timestamp>1840.457870</timestamp>
			</report>
			<report>
				<misses>6142001</misses>
				<total>11</total>
				<timestamp>1840.757572</timestamp>
			</report>
			<report>
				<misses>6143001</misses>
				<total>11</total>
				<timestamp>1841.057260</timestamp>
			</report>
			<report>
				<misses>6144001</misses>
				<total>11</total>
				<timestamp>1841.356977</timestamp>
			</report>
			<report>
				<misses>6145001</misses>
				<total>11</total>
				<timestamp>1841.656723</timestamp>
			</report>
			<report>
				<misses>6146001</misses>
				<total>11</total>
				<timestamp>1841.956365</timestamp>
			</report>
			<report>
				<misses>6147001</misses>
				<total>11</total>
				<timestamp>1842.256150</timestamp>
			</report>
			<report>
				<misses>6148001</misses>
				<total>11</total>
				<timestamp>1842.555769</timestamp>
			</report>
			<report>
				<misses>6149001</misses>
				<total>10</total>
				<timestamp>1842.855615</timestamp>
			</report>
			<report>
				<misses>6150001</misses>
				<total>11</total>
				<timestamp>1843.155193</timestamp>
			</report>
			<report>
				<misses>6151001</misses>
				<total>11</total>
				<timestamp>1843.454865</timestamp>
			</report>
			<report>
				<misses>6152001</misses>
				<total>11</total>
				<timestamp>1843.754653</timestamp>
			</report>
			<report>
				<misses>6153001</misses>
				<total>11</total>
				<timestamp>1844.054285</timestamp>
			</report>
			<report>
				<misses>6154001</misses>
				<total>11</total>
				<timestamp>1844.354007</timestamp>
			</report>
			<report>
				<misses>6155001</misses>
				<total>11</total>
				<timestamp>1844.653674</timestamp>
			</report>
			<report>
				<misses>6156001</misses>
				<total>11</total>
				<timestamp>1844.953373</timestamp>
			</report>
			<report>
				<misses>6157001</misses>
				<total>11</total>
				<timestamp>1845.253098</timestamp>
			</report>
			<report>
				<misses>6158001</misses>
				<total>11</total>
				<timestamp>1845.552780</timestamp>
			</report>
			<report>
				<misses>6159001</misses>
				<total>10</total>
				<timestamp>1845.852610</timestamp>
			</report>
			<report>
				<misses>6160001</misses>
				<total>11</total>
				<timestamp>1846.152192</timestamp>
			</report>
			<report>
				<misses>6161001</misses>
				<total>11</total>
				<timestamp>1846.451879</timestamp>
			</report>
			<report>
				<misses>6162001</misses>
				<total>11</total>
				<timestamp>1846.751633</timestamp>
			</report>
			<report>
				<misses>6163001</misses>
				<total>11</total>
				<timestamp>1847.051282</timestamp>
			</report>
			<report>
				<misses>6164001</misses>
				<total>11</total>
				<timestamp>1847.351031</timestamp>
			</report>
			<report>
				<misses>6165001</misses>
				<total>11</total>
				<timestamp>1847.650671</timestamp>
			</report>
			<report>
				<misses>6166001</misses>
				<total>11</total>
				<timestamp>1847.950376</timestamp>
			</report>
			<report>
				<misses>6167001</misses>
				<total>11</total>
				<timestamp>1848.250086</timestamp>
			</report>
			<report>
				<misses>6168001</misses>
				<total>11</total>
				<timestamp>1848.549774</timestamp>
			</report>
			<report>
				<misses>6169001</misses>
				<total>11</total>
				<timestamp>1848.849476</timestamp>
			</report>
			<report>
				<misses>6170001</misses>
				<total>11</total>
				<timestamp>1849.149226</timestamp>
			</report>
			<report>
				<misses>6171001</misses>
				<total>11</total>
				<timestamp>1849.448886</timestamp>
			</report>
			<report>
				<misses>6172001</misses>
				<total>11</total>
				<timestamp>1849.748666</timestamp>
			</report>
			<report>
				<misses>6173001</misses>
				<total>11</total>
				<timestamp>1850.048286</timestamp>
			</report>
			<report>
				<misses>6174001</misses>
				<total>11</total>
				<timestamp>1850.348058</timestamp>
			</report>
			<report>
				<misses>6175001</misses>
				<total>11</total>
				<timestamp>1850.647703</timestamp>
			</report>
			<report>
				<misses>6176001</misses>
				<total>11</total>
				<timestamp>1850.947395</timestamp>
			</report>
			<report>
				<misses>6177001</misses>
				<total>11</total>
				<timestamp>1851.247056</timestamp>
			</report>
			<report>
				<misses>6178001</misses>
				<total>11</total>
				<timestamp>1851.546764</timestamp>
			</report>
			<report>
				<misses>6179001</misses>
				<total>11</total>
				<timestamp>1851.846516</timestamp>
			</report>
			<report>
				<misses>6180001</misses>
				<total>11</total>
				<timestamp>1852.146179</timestamp>
			</report>
			<report>
				<misses>6181001</misses>
				<total>11</total>
				<timestamp>1852.445869</timestamp>
			</report>
			<report>
				<misses>6182001</misses>
				<total>11</total>
				<timestamp>1852.745589</timestamp>
			</report>
			<report>
				<misses>6183001</misses>
				<total>11</total>
				<timestamp>1853.045282</timestamp>
			</report>
			<report>
				<misses>6184001</misses>
				<total>11</total>
				<timestamp>1853.345045</timestamp>
			</report>
			<report>
				<misses>6185001</misses>
				<total>11</total>
				<timestamp>1853.644687</timestamp>
			</report>
			<report>
				<misses>6186001</misses>
				<total>11</total>
				<timestamp>1853.944467</timestamp>
			</report>
			<report>
				<misses>6187001</misses>
				<total>11</total>
				<timestamp>1854.244065</timestamp>
			</report>
			<report>
				<misses>6188001</misses>
				<total>11</total>
				<timestamp>1854.543767</timestamp>
			</report>
			<report>
				<misses>6189001</misses>
				<total>11</total>
				<timestamp>1854.843564</timestamp>
			</report>
			<report>
				<misses>6190001</misses>
				<total>11</total>
				<timestamp>1855.143232</timestamp>
			</report>
			<report>
				<misses>6191001</misses>
				<total>11</total>
				<timestamp>1855.442895</timestamp>
			</report>
			<report>
				<misses>6192001</misses>
				<total>11</total>
				<timestamp>1855.742576</timestamp>
			</report>
			<report>
				<misses>6193001</misses>
				<total>11</total>
				<timestamp>1856.042274</timestamp>
			</report>
			<report>
				<misses>6194001</misses>
				<total>11</total>
				<timestamp>1856.342043</timestamp>
			</report>
			<report>
				<misses>6195001</misses>
				<total>11</total>
				<timestamp>1856.641728</timestamp>
			</report>
			<report>
				<misses>6196001</misses>
				<total>11</total>
				<timestamp>1856.941399</timestamp>
			</report>
			<report>
				<misses>6197001</misses>
				<total>11</total>
				<timestamp>1857.241121</timestamp>
			</report>
			<report>
				<misses>6198001</misses>
				<total>11</total>
				<timestamp>1857.540772</timestamp>
			</report>
			<report>
				<misses>6199001</misses>
				<total>11</total>
				<timestamp>1857.840468</timestamp>
			</report>
			<report>
				<misses>6200001</misses>
				<total>11</total>
				<timestamp>1858.140260</timestamp>
			</report>
			<report>
				<misses>6201001</misses>
				<total>11</total>
				<timestamp>1858.439893</timestamp>
			</report>
			<report>
				<misses>6202001</misses>
				<total>11</total>
				<timestamp>1858.739628</timestamp>
			</report>
			<report>
				<misses>6203001</misses>
				<total>11</total>
				<timestamp>1859.039275</timestamp>
			</report>
			<report>
				<misses>6204001</misses>
				<total>11</total>
				<timestamp>1859.339043</timestamp>
			</report>
			<report>
				<misses>6205001</misses>
				<total>11</total>
				<timestamp>1859.638709</timestamp>
			</report>
			<report>
				<misses>6206001</misses>
				<total>11</total>
				<timestamp>1859.938388</timestamp>
			</report>
			<report>
				<misses>6207001</misses>
				<total>11</total>
				<timestamp>1860.238139</timestamp>
			</report>
			<report>
				<misses>6208001</misses>
				<total>11</total>
				<timestamp>1860.537800</timestamp>
			</report>
			<report>
				<misses>6209001</misses>
				<total>10</total>
				<timestamp>1860.837600</timestamp>
			</report>
			<report>
				<misses>6210001</misses>
				<total>11</total>
				<timestamp>1861.137179</timestamp>
			</report>
			<report>
				<misses>6211001</misses>
				<total>11</total>
				<timestamp>1861.436908</timestamp>
			</report>
			<report>
				<misses>6212001</misses>
				<total>11</total>
				<timestamp>1861.736569</timestamp>
			</report>
			<report>
				<misses>6213001</misses>
				<total>11</total>
				<timestamp>1862.036280</timestamp>
			</report>
			<report>
				<misses>6214001</misses>
				<total>11</total>
				<timestamp>1862.336010</timestamp>
			</report>
			<report>
				<misses>6215001</misses>
				<total>11</total>
				<timestamp>1862.635711</timestamp>
			</report>
			<report>
				<misses>6216001</misses>
				<total>11</total>
				<timestamp>1862.935427</timestamp>
			</report>
			<report>
				<misses>6217001</misses>
				<total>11</total>
				<timestamp>1863.235108</timestamp>
			</report>
			<report>
				<misses>6218001</misses>
				<total>11</total>
				<timestamp>1863.534765</timestamp>
			</report>
			<report>
				<misses>6219001</misses>
				<total>11</total>
				<timestamp>1863.834478</timestamp>
			</report>
			<report>
				<misses>6220001</misses>
				<total>11</total>
				<timestamp>1864.134171</timestamp>
			</report>
			<report>
				<misses>6221001</misses>
				<total>11</total>
				<timestamp>1864.433920</timestamp>
			</report>
			<report>
				<misses>6222001</misses>
				<total>11</total>
				<timestamp>1864.733573</timestamp>
			</report>
			<report>
				<misses>6223001</misses>
				<total>11</total>
				<timestamp>1865.033269</timestamp>
			</report>
			<report>
				<misses>6224001</misses>
				<total>11</total>
				<timestamp>1865.333012</timestamp>
			</report>
			<report>
				<misses>6225001</misses>
				<total>11</total>
				<timestamp>1865.632709</timestamp>
			</report>
			<report>
				<misses>6226001</misses>
				<total>11</total>
				<timestamp>1865.932446</timestamp>
			</report>
			<report>
				<misses>6227001</misses>
				<total>11</total>
				<timestamp>1866.232110</timestamp>
			</report>
			<report>
				<misses>6228001</misses>
				<total>11</total>
				<timestamp>1866.531764</timestamp>
			</report>
			<report>
				<misses>6229001</misses>
				<total>11</total>
				<timestamp>1866.831459</timestamp>
			</report>
			<report>
				<misses>6230001</misses>
				<total>11</total>
				<timestamp>1867.131172</timestamp>
			</report>
			<report>
				<misses>6231001</misses>
				<total>11</total>
				<timestamp>1867.430924</timestamp>
			</report>
			<report>
				<misses>6232001</misses>
				<total>11</total>
				<timestamp>1867.730566</timestamp>
			</report>
			<report>
				<misses>6233001</misses>
				<total>11</total>
				<timestamp>1868.030277</timestamp>
			</report>
			<report>
				<misses>6234001</misses>
				<total>11</total>
				<timestamp>1868.329994</timestamp>
			</report>
			<report>
				<misses>6235001</misses>
				<total>11</total>
				<timestamp>1868.629699</timestamp>
			</report>
			<report>
				<misses>6236001</misses>
				<total>11</total>
				<timestamp>1868.929435</timestamp>
			</report>
			<report>
				<misses>6237001</misses>
				<total>11</total>
				<timestamp>1869.229077</timestamp>
			</report>
			<report>
				<misses>6238001</misses>
				<total>11</total>
				<timestamp>1869.528770</timestamp>
			</report>
			<report>
				<misses>6239001</misses>
				<total>11</total>
				<timestamp>1869.828587</timestamp>
			</report>
			<report>
				<misses>6240001</misses>
				<total>11</total>
				<timestamp>1870.128241</timestamp>
			</report>
			<report>
				<misses>6241001</misses>
				<total>11</total>
				<timestamp>1870.427902</timestamp>
			</report>
			<report>
				<misses>6242001</misses>
				<total>11</total>
				<timestamp>1870.727626</timestamp>
			</report>
			<report>
				<misses>6243001</misses>
				<total>11</total>
				<timestamp>1871.027268</timestamp>
			</report>
			<report>
				<misses>6244001</misses>
				<total>11</total>
				<timestamp>1871.327043</timestamp>
			</report>
			<report>
				<misses>6245001</misses>
				<total>10</total>
				<timestamp>1871.626762</timestamp>
			</report>
			<report>
				<misses>6246001</misses>
				<total>11</total>
				<timestamp>1871.926379</timestamp>
			</report>
			<report>
				<misses>6247001</misses>
				<total>11</total>
				<timestamp>1872.226121</timestamp>
			</report>
			<report>
				<misses>6248001</misses>
				<total>11</total>
				<timestamp>1872.525779</timestamp>
			</report>
			<report>
				<misses>6249001</misses>
				<total>11</total>
				<timestamp>1872.825509</timestamp>
			</report>
			<report>
				<misses>6250001</misses>
				<total>11</total>
				<timestamp>1873.125167</timestamp>
			</report>
			<report>
				<misses>6251001</misses>
				<total>11</total>
				<timestamp>1873.424927</timestamp>
			</report>
			<report>
				<misses>6252001</misses>
				<total>11</total>
				<timestamp>1873.724578</timestamp>
			</report>
			<report>
				<misses>6253001</misses>
				<total>10</total>
				<timestamp>1874.024367</timestamp>
			</report>
			<report>
				<misses>6254001</misses>
				<total>11</total>
				<timestamp>1874.324039</timestamp>
			</report>
			<report>
				<misses>6255001</misses>
				<total>11</total>
				<timestamp>1874.623660</timestamp>
			</report>
			<report>
				<misses>6256001</misses>
				<total>11</total>
				<timestamp>1874.923360</timestamp>
			</report>
			<report>
				<misses>6257001</misses>
				<total>11</total>
				<timestamp>1875.223089</timestamp>
			</report>
			<report>
				<misses>6258001</misses>
				<total>11</total>
				<timestamp>1875.522773</timestamp>
			</report>
			<report>
				<misses>6259001</misses>
				<total>11</total>
				<timestamp>1875.822464</timestamp>
			</report>
			<report>
				<misses>6260001</misses>
				<total>11</total>
				<timestamp>1876.122169</timestamp>
			</report>
			<report>
				<misses>6261001</misses>
				<total>10</total>
				<timestamp>1876.422020</timestamp>
			</report>
			<report>
				<misses>6262001</misses>
				<total>11</total>
				<timestamp>1876.721578</timestamp>
			</report>
			<report>
				<misses>6263001</misses>
				<total>11</total>
				<timestamp>1877.021275</timestamp>
			</report>
			<report>
				<misses>6264001</misses>
				<total>11</total>
				<timestamp>1877.320994</timestamp>
			</report>
			<report>
				<misses>6265001</misses>
				<total>11</total>
				<timestamp>1877.620674</timestamp>
			</report>
			<report>
				<misses>6266001</misses>
				<total>11</total>
				<timestamp>1877.920423</timestamp>
			</report>
			<report>
				<misses>6267001</misses>
				<total>11</total>
				<timestamp>1878.220060</timestamp>
			</report>
			<report>
				<misses>6268001</misses>
				<total>11</total>
				<timestamp>1878.519778</timestamp>
			</report>
			<report>
				<misses>6269001</misses>
				<total>11</total>
				<timestamp>1878.819544</timestamp>
			</report>
			<report>
				<misses>6270001</misses>
				<total>11</total>
				<timestamp>1879.119163</timestamp>
			</report>
			<report>
				<misses>6271001</misses>
				<total>11</total>
				<timestamp>1879.418887</timestamp>
			</report>
			<report>
				<misses>6272001</misses>
				<total>11</total>
				<timestamp>1879.718564</timestamp>
			</report>
			<report>
				<misses>6273001</misses>
				<total>11</total>
				<timestamp>1880.018326</timestamp>
			</report>
			<report>
				<misses>6274001</misses>
				<total>11</total>
				<timestamp>1880.318009</timestamp>
			</report>
			<report>
				<misses>6275001</misses>
				<total>11</total>
				<timestamp>1880.617665</timestamp>
			</report>
			<report>
				<misses>6276001</misses>
				<total>11</total>
				<timestamp>1880.917370</timestamp>
			</report>
			<report>
				<misses>6277001</misses>
				<total>11</total>
				<timestamp>1881.217105</timestamp>
			</report>
			<report>
				<misses>6278001</misses>
				<total>10</total>
				<timestamp>1881.516916</timestamp>
			</report>
			<report>
				<misses>6279001</misses>
				<total>11</total>
				<timestamp>1881.816500</timestamp>
			</report>
			<report>
				<misses>6280001</misses>
				<total>11</total>
				<timestamp>1882.116177</timestamp>
			</report>
			<report>
				<misses>6281001</misses>
				<total>11</total>
				<timestamp>1882.415933</timestamp>
			</report>
			<report>
				<misses>6282001</misses>
				<total>11</total>
				<timestamp>1882.715573</timestamp>
			</report>
			<report>
				<misses>6283001</misses>
				<total>11</total>
				<timestamp>1883.015283</timestamp>
			</report>
			<report>
				<misses>6284001</misses>
				<total>11</total>
				<timestamp>1883.314988</timestamp>
			</report>
			<report>
				<misses>6285001</misses>
				<total>11</total>
				<timestamp>1883.614679</timestamp>
			</report>
			<report>
				<misses>6286001</misses>
				<total>11</total>
				<timestamp>1883.914389</timestamp>
			</report>
			<report>
				<misses>6287001</misses>
				<total>11</total>
				<timestamp>1884.214074</timestamp>
			</report>
			<report>
				<misses>6288001</misses>
				<total>11</total>
				<timestamp>1884.513843</timestamp>
			</report>
			<report>
				<misses>6289001</misses>
				<total>11</total>
				<timestamp>1884.813518</timestamp>
			</report>
			<report>
				<misses>6290001</misses>
				<total>11</total>
				<timestamp>1885.113176</timestamp>
			</report>
			<report>
				<misses>6291001</misses>
				<total>11</total>
				<timestamp>1885.412896</timestamp>
			</report>
			<report>
				<misses>6292001</misses>
				<total>11</total>
				<timestamp>1885.712576</timestamp>
			</report>
			<report>
				<misses>6293001</misses>
				<total>11</total>
				<timestamp>1886.012339</timestamp>
			</report>
			<report>
				<misses>6294001</misses>
				<total>11</total>
				<timestamp>1886.311987</timestamp>
			</report>
			<report>
				<misses>6295001</misses>
				<total>11</total>
				<timestamp>1886.611662</timestamp>
			</report>
			<report>
				<misses>6296001</misses>
				<total>11</total>
				<timestamp>1886.911451</timestamp>
			</report>
			<report>
				<misses>6297001</misses>
				<total>11</total>
				<timestamp>1887.211113</timestamp>
			</report>
			<report>
				<misses>6298001</misses>
				<total>11</total>
				<timestamp>1887.510786</timestamp>
			</report>
			<report>
				<misses>6299001</misses>
				<total>11</total>
				<timestamp>1887.810472</timestamp>
			</report>
			<report>
				<misses>6300001</misses>
				<total>11</total>
				<timestamp>1888.110165</timestamp>
			</report>
			<report>
				<misses>6301001</misses>
				<total>11</total>
				<timestamp>1888.409866</timestamp>
			</report>
			<report>
				<misses>6302001</misses>
				<total>11</total>
				<timestamp>1888.709562</timestamp>
			</report>
			<report>
				<misses>6303001</misses>
				<total>11</total>
				<timestamp>1889.009329</timestamp>
			</report>
			<report>
				<misses>6304001</misses>
				<total>11</total>
				<timestamp>1889.309017</timestamp>
			</report>
			<report>
				<misses>6305001</misses>
				<total>11</total>
				<timestamp>1889.608670</timestamp>
			</report>
			<report>
				<misses>6306001</misses>
				<total>11</total>
				<timestamp>1889.908445</timestamp>
			</report>
			<report>
				<misses>6307001</misses>
				<total>11</total>
				<timestamp>1890.208084</timestamp>
			</report>
			<report>
				<misses>6308001</misses>
				<total>11</total>
				<timestamp>1890.507848</timestamp>
			</report>
			<report>
				<misses>6309001</misses>
				<total>11</total>
				<timestamp>1890.807480</timestamp>
			</report>
			<report>
				<misses>6310001</misses>
				<total>10</total>
				<timestamp>1891.107267</timestamp>
			</report>
			<report>
				<misses>6311001</misses>
				<total>11</total>
				<timestamp>1891.406893</timestamp>
			</report>
			<report>
				<misses>6312001</misses>
				<total>11</total>
				<timestamp>1891.706573</timestamp>
			</report>
			<report>
				<misses>6313001</misses>
				<total>10</total>
				<timestamp>1892.006368</timestamp>
			</report>
			<report>
				<misses>6314001</misses>
				<total>11</total>
				<timestamp>1892.305989</timestamp>
			</report>
			<report>
				<misses>6315001</misses>
				<total>11</total>
				<timestamp>1892.605688</timestamp>
			</report>
			<report>
				<misses>6316001</misses>
				<total>11</total>
				<timestamp>1892.905418</timestamp>
			</report>
			<report>
				<misses>6317001</misses>
				<total>11</total>
				<timestamp>1893.205082</timestamp>
			</report>
			<report>
				<misses>6318001</misses>
				<total>11</total>
				<timestamp>1893.504840</timestamp>
			</report>
			<report>
				<misses>6319001</misses>
				<total>11</total>
				<timestamp>1893.804463</timestamp>
			</report>
			<report>
				<misses>6320001</misses>
				<total>11</total>
				<timestamp>1894.104173</timestamp>
			</report>
			<report>
				<misses>6321001</misses>
				<total>11</total>
				<timestamp>1894.403919</timestamp>
			</report>
			<report>
				<misses>6322001</misses>
				<total>11</total>
				<timestamp>1894.703572</timestamp>
			</report>
			<report>
				<misses>6323001</misses>
				<total>11</total>
				<timestamp>1895.003337</timestamp>
			</report>
			<report>
				<misses>6324001</misses>
				<total>11</total>
				<timestamp>1895.302988</timestamp>
			</report>
			<report>
				<misses>6325001</misses>
				<total>11</total>
				<timestamp>1895.602693</timestamp>
			</report>
			<report>
				<misses>6326001</misses>
				<total>11</total>
				<timestamp>1895.902401</timestamp>
			</report>
			<report>
				<misses>6327001</misses>
				<total>11</total>
				<timestamp>1896.202093</timestamp>
			</report>
			<report>
				<misses>6328001</misses>
				<total>11</total>
				<timestamp>1896.501770</timestamp>
			</report>
			<report>
				<misses>6329001</misses>
				<total>11</total>
				<timestamp>1896.801485</timestamp>
			</report>
			<report>
				<misses>6330001</misses>
				<total>11</total>
				<timestamp>1897.101179</timestamp>
			</report>
			<report>
				<misses>6331001</misses>
				<total>11</total>
				<timestamp>1897.400903</timestamp>
			</report>
			<report>
				<misses>6332001</misses>
				<total>11</total>
				<timestamp>1897.700643</timestamp>
			</report>
			<report>
				<misses>6333001</misses>
				<total>11</total>
				<timestamp>1898.000278</timestamp>
			</report>
			<report>
				<misses>6334001</misses>
				<total>11</total>
				<timestamp>1898.299969</timestamp>
			</report>
			<report>
				<misses>6335001</misses>
				<total>11</total>
				<timestamp>1898.599713</timestamp>
			</report>
			<report>
				<misses>6336001</misses>
				<total>11</total>
				<timestamp>1898.899434</timestamp>
			</report>
			<report>
				<misses>6337001</misses>
				<total>11</total>
				<timestamp>1899.199095</timestamp>
			</report>
			<report>
				<misses>6338001</misses>
				<total>11</total>
				<timestamp>1899.498769</timestamp>
			</report>
			<report>
				<misses>6339001</misses>
				<total>10</total>
				<timestamp>1899.798586</timestamp>
			</report>
			<report>
				<misses>6340001</misses>
				<total>11</total>
				<timestamp>1900.098163</timestamp>
			</report>
			<report>
				<misses>6341001</misses>
				<total>11</total>
				<timestamp>1900.397895</timestamp>
			</report>
			<report>
				<misses>6342001</misses>
				<total>11</total>
				<timestamp>1900.697573</timestamp>
			</report>
			<report>
				<misses>6343001</misses>
				<total>11</total>
				<timestamp>1900.997289</timestamp>
			</report>
			<report>
				<misses>6344001</misses>
				<total>11</total>
				<timestamp>1901.297032</timestamp>
			</report>
			<report>
				<misses>6345001</misses>
				<total>11</total>
				<timestamp>1901.596712</timestamp>
			</report>
			<report>
				<misses>6346001</misses>
				<total>11</total>
				<timestamp>1901.896442</timestamp>
			</report>
			<report>
				<misses>6347001</misses>
				<total>11</total>
				<timestamp>1902.196082</timestamp>
			</report>
			<report>
				<misses>6348001</misses>
				<total>11</total>
				<timestamp>1902.495820</timestamp>
			</report>
			<report>
				<misses>6349001</misses>
				<total>11</total>
				<timestamp>1902.795473</timestamp>
			</report>
			<report>
				<misses>6350001</misses>
				<total>11</total>
				<timestamp>1903.095227</timestamp>
			</report>
			<report>
				<misses>6351001</misses>
				<total>11</total>
				<timestamp>1903.394873</timestamp>
			</report>
			<report>
				<misses>6352001</misses>
				<total>11</total>
				<timestamp>1903.694618</timestamp>
			</report>
			<report>
				<misses>6353001</misses>
				<total>11</total>
				<timestamp>1903.994279</timestamp>
			</report>
			<report>
				<misses>6354001</misses>
				<total>11</total>
				<timestamp>1904.293976</timestamp>
			</report>
			<report>
				<misses>6355001</misses>
				<total>11</total>
				<timestamp>1904.593731</timestamp>
			</report>
			<report>
				<misses>6356001</misses>
				<total>11</total>
				<timestamp>1904.893406</timestamp>
			</report>
			<report>
				<misses>6357001</misses>
				<total>11</total>
				<timestamp>1905.193068</timestamp>
			</report>
			<report>
				<misses>6358001</misses>
				<total>11</total>
				<timestamp>1905.492864</timestamp>
			</report>
			<report>
				<misses>6359001</misses>
				<total>11</total>
				<timestamp>1905.792466</timestamp>
			</report>
			<report>
				<misses>6360001</misses>
				<total>11</total>
				<timestamp>1906.092164</timestamp>
			</report>
			<report>
				<misses>6361001</misses>
				<total>11</total>
				<timestamp>1906.391872</timestamp>
			</report>
			<report>
				<misses>6362001</misses>
				<total>11</total>
				<timestamp>1906.691576</timestamp>
			</report>
			<report>
				<misses>6363001</misses>
				<total>11</total>
				<timestamp>1906.991277</timestamp>
			</report>
			<report>
				<misses>6364001</misses>
				<total>11</total>
				<timestamp>1907.290994</timestamp>
			</report>
			<report>
				<misses>6365001</misses>
				<total>11</total>
				<timestamp>1907.590699</timestamp>
			</report>
			<report>
				<misses>6366001</misses>
				<total>11</total>
				<timestamp>1907.890401</timestamp>
			</report>
			<report>
				<misses>6367001</misses>
				<total>11</total>
				<timestamp>1908.190093</timestamp>
			</report>
			<report>
				<misses>6368001</misses>
				<total>11</total>
				<timestamp>1908.489846</timestamp>
			</report>
			<report>
				<misses>6369001</misses>
				<total>11</total>
				<timestamp>1908.789467</timestamp>
			</report>
			<report>
				<misses>6370001</misses>
				<total>11</total>
				<timestamp>1909.089257</timestamp>
			</report>
			<report>
				<misses>6371001</misses>
				<total>11</total>
				<timestamp>1909.388873</timestamp>
			</report>
			<report>
				<misses>6372001</misses>
				<total>11</total>
				<timestamp>1909.688596</timestamp>
			</report>
			<report>
				<misses>6373001</misses>
				<total>11</total>
				<timestamp>1909.988353</timestamp>
			</report>
			<report>
				<misses>6374001</misses>
				<total>11</total>
				<timestamp>1910.288000</timestamp>
			</report>
			<report>
				<misses>6375001</misses>
				<total>11</total>
				<timestamp>1910.587695</timestamp>
			</report>
			<report>
				<misses>6376001</misses>
				<total>11</total>
				<timestamp>1910.887399</timestamp>
			</report>
			<report>
				<misses>6377001</misses>
				<total>11</total>
				<timestamp>1911.187090</timestamp>
			</report>
			<report>
				<misses>6378001</misses>
				<total>11</total>
				<timestamp>1911.486775</timestamp>
			</report>
			<report>
				<misses>6379001</misses>
				<total>11</total>
				<timestamp>1911.786517</timestamp>
			</report>
			<report>
				<misses>6380001</misses>
				<total>11</total>
				<timestamp>1912.086179</timestamp>
			</report>
			<report>
				<misses>6381001</misses>
				<total>11</total>
				<timestamp>1912.385879</timestamp>
			</report>
			<report>
				<misses>6382001</misses>
				<total>11</total>
				<timestamp>1912.685609</timestamp>
			</report>
			<report>
				<misses>6383001</misses>
				<total>11</total>
				<timestamp>1912.985328</timestamp>
			</report>
			<report>
				<misses>6384001</misses>
				<total>11</total>
				<timestamp>1913.284972</timestamp>
			</report>
			<report>
				<misses>6385001</misses>
				<total>11</total>
				<timestamp>1913.584744</timestamp>
			</report>
			<report>
				<misses>6386001</misses>
				<total>11</total>
				<timestamp>1913.884359</timestamp>
			</report>
			<report>
				<misses>6387001</misses>
				<total>11</total>
				<timestamp>1914.184056</timestamp>
			</report>
			<report>
				<misses>6388001</misses>
				<total>11</total>
				<timestamp>1914.483766</timestamp>
			</report>
			<report>
				<misses>6389001</misses>
				<total>11</total>
				<timestamp>1914.783482</timestamp>
			</report>
			<report>
				<misses>6390001</misses>
				<total>11</total>
				<timestamp>1915.083159</timestamp>
			</report>
			<report>
				<misses>6391001</misses>
				<total>11</total>
				<timestamp>1915.382866</timestamp>
			</report>
			<report>
				<misses>6392001</misses>
				<total>11</total>
				<timestamp>1915.682610</timestamp>
			</report>
			<report>
				<misses>6393001</misses>
				<total>11</total>
				<timestamp>1915.982259</timestamp>
			</report>
			<report>
				<misses>6394001</misses>
				<total>11</total>
				<timestamp>1916.281992</timestamp>
			</report>
			<report>
				<misses>6395001</misses>
				<total>11</total>
				<timestamp>1916.581695</timestamp>
			</report>
			<report>
				<misses>6396001</misses>
				<total>11</total>
				<timestamp>1916.881441</timestamp>
			</report>
			<report>
				<misses>6397001</misses>
				<total>11</total>
				<timestamp>1917.181075</timestamp>
			</report>
			<report>
				<misses>6398001</misses>
				<total>11</total>
				<timestamp>1917.480783</timestamp>
			</report>
			<report>
				<misses>6399001</misses>
				<total>11</total>
				<timestamp>1917.780479</timestamp>
			</report>
			<report>
				<misses>6400001</misses>
				<total>11</total>
				<timestamp>1918.080218</timestamp>
			</report>
			<report>
				<misses>6401001</misses>
				<total>11</total>
				<timestamp>1918.379879</timestamp>
			</report>
			<report>
				<misses>6402001</misses>
				<total>11</total>
				<timestamp>1918.679668</timestamp>
			</report>
			<report>
				<misses>6403001</misses>
				<total>11</total>
				<timestamp>1918.979282</timestamp>
			</report>
			<report>
				<misses>6404001</misses>
				<total>11</total>
				<timestamp>1919.278987</timestamp>
			</report>
			<report>
				<misses>6405001</misses>
				<total>11</total>
				<timestamp>1919.578703</timestamp>
			</report>
			<report>
				<misses>6406001</misses>
				<total>11</total>
				<timestamp>1919.878374</timestamp>
			</report>
			<report>
				<misses>6407001</misses>
				<total>11</total>
				<timestamp>1920.178083</timestamp>
			</report>
			<report>
				<misses>6408001</misses>
				<total>11</total>
				<timestamp>1920.477816</timestamp>
			</report>
			<report>
				<misses>6409001</misses>
				<total>11</total>
				<timestamp>1920.777477</timestamp>
			</report>
			<report>
				<misses>6410001</misses>
				<total>11</total>
				<timestamp>1921.077170</timestamp>
			</report>
			<report>
				<misses>6411001</misses>
				<total>10</total>
				<timestamp>1921.376994</timestamp>
			</report>
			<report>
				<misses>6412001</misses>
				<total>11</total>
				<timestamp>1921.676659</timestamp>
			</report>
			<report>
				<misses>6413001</misses>
				<total>11</total>
				<timestamp>1921.976262</timestamp>
			</report>
			<report>
				<misses>6414001</misses>
				<total>11</total>
				<timestamp>1922.275976</timestamp>
			</report>
			<report>
				<misses>6415001</misses>
				<total>11</total>
				<timestamp>1922.575679</timestamp>
			</report>
			<report>
				<misses>6416001</misses>
				<total>11</total>
				<timestamp>1922.875373</timestamp>
			</report>
			<report>
				<misses>6417001</misses>
				<total>11</total>
				<timestamp>1923.175109</timestamp>
			</report>
			<report>
				<misses>6418001</misses>
				<total>11</total>
				<timestamp>1923.474780</timestamp>
			</report>
			<report>
				<misses>6419001</misses>
				<total>11</total>
				<timestamp>1923.774472</timestamp>
			</report>
			<report>
				<misses>6420001</misses>
				<total>11</total>
				<timestamp>1924.074233</timestamp>
			</report>
			<report>
				<misses>6421001</misses>
				<total>11</total>
				<timestamp>1924.373865</timestamp>
			</report>
			<report>
				<misses>6422001</misses>
				<total>11</total>
				<timestamp>1924.673599</timestamp>
			</report>
			<report>
				<misses>6423001</misses>
				<total>11</total>
				<timestamp>1924.973277</timestamp>
			</report>
			<report>
				<misses>6424001</misses>
				<total>11</total>
				<timestamp>1925.273062</timestamp>
			</report>
			<report>
				<misses>6425001</misses>
				<total>11</total>
				<timestamp>1925.572721</timestamp>
			</report>
			<report>
				<misses>6426001</misses>
				<total>11</total>
				<timestamp>1925.872373</timestamp>
			</report>
			<report>
				<misses>6427001</misses>
				<total>11</total>
				<timestamp>1926.172112</timestamp>
			</report>
			<report>
				<misses>6428001</misses>
				<total>10</total>
				<timestamp>1926.471871</timestamp>
			</report>
			<report>
				<misses>6429001</misses>
				<total>11</total>
				<timestamp>1926.771501</timestamp>
			</report>
			<report>
				<misses>6430001</misses>
				<total>11</total>
				<timestamp>1927.071212</timestamp>
			</report>
			<report>
				<misses>6431001</misses>
				<total>11</total>
				<timestamp>1927.370920</timestamp>
			</report>
			<report>
				<misses>6432001</misses>
				<total>11</total>
				<timestamp>1927.670697</timestamp>
			</report>
			<report>
				<misses>6433001</misses>
				<total>11</total>
				<timestamp>1927.970269</timestamp>
			</report>
			<report>
				<misses>6434001</misses>
				<total>11</total>
				<timestamp>1928.269979</timestamp>
			</report>
			<report>
				<misses>6435001</misses>
				<total>11</total>
				<timestamp>1928.569700</timestamp>
			</report>
			<report>
				<misses>6436001</misses>
				<total>11</total>
				<timestamp>1928.869385</timestamp>
			</report>
			<report>
				<misses>6437001</misses>
				<total>11</total>
				<timestamp>1929.169081</timestamp>
			</report>
			<report>
				<misses>6438001</misses>
				<total>11</total>
				<timestamp>1929.468763</timestamp>
			</report>
			<report>
				<misses>6439001</misses>
				<total>11</total>
				<timestamp>1929.768517</timestamp>
			</report>
			<report>
				<misses>6440001</misses>
				<total>11</total>
				<timestamp>1930.068193</timestamp>
			</report>
			<report>
				<misses>6441001</misses>
				<total>11</total>
				<timestamp>1930.367874</timestamp>
			</report>
			<report>
				<misses>6442001</misses>
				<total>11</total>
				<timestamp>1930.667622</timestamp>
			</report>
			<report>
				<misses>6443001</misses>
				<total>11</total>
				<timestamp>1930.967335</timestamp>
			</report>
			<report>
				<misses>6444001</misses>
				<total>11</total>
				<timestamp>1931.266999</timestamp>
			</report>
			<report>
				<misses>6445001</misses>
				<total>11</total>
				<timestamp>1931.566714</timestamp>
			</report>
			<report>
				<misses>6446001</misses>
				<total>11</total>
				<timestamp>1931.866383</timestamp>
			</report>
			<report>
				<misses>6447001</misses>
				<total>11</total>
				<timestamp>1932.166124</timestamp>
			</report>
			<report>
				<misses>6448001</misses>
				<total>10</total>
				<timestamp>1932.465873</timestamp>
			</report>
			<report>
				<misses>6449001</misses>
				<total>11</total>
				<timestamp>1932.765538</timestamp>
			</report>
			<report>
				<misses>6450001</misses>
				<total>11</total>
				<timestamp>1933.065211</timestamp>
			</report>
			<report>
				<misses>6451001</misses>
				<total>11</total>
				<timestamp>1933.364882</timestamp>
			</report>
			<report>
				<misses>6452001</misses>
				<total>11</total>
				<timestamp>1933.664571</timestamp>
			</report>
			<report>
				<misses>6453001</misses>
				<total>11</total>
				<timestamp>1933.964328</timestamp>
			</report>
			<report>
				<misses>6454001</misses>
				<total>11</total>
				<timestamp>1934.263993</timestamp>
			</report>
			<report>
				<misses>6455001</misses>
				<total>11</total>
				<timestamp>1934.563682</timestamp>
			</report>
			<report>
				<misses>6456001</misses>
				<total>11</total>
				<timestamp>1934.863365</timestamp>
			</report>
			<report>
				<misses>6457001</misses>
				<total>11</total>
				<timestamp>1935.163138</timestamp>
			</report>
			<report>
				<misses>6458001</misses>
				<total>11</total>
				<timestamp>1935.462785</timestamp>
			</report>
			<report>
				<misses>6459001</misses>
				<total>11</total>
				<timestamp>1935.762586</timestamp>
			</report>
			<report>
				<misses>6460001</misses>
				<total>11</total>
				<timestamp>1936.062179</timestamp>
			</report>
			<report>
				<misses>6461001</misses>
				<total>11</total>
				<timestamp>1936.361859</timestamp>
			</report>
			<report>
				<misses>6462001</misses>
				<total>11</total>
				<timestamp>1936.661603</timestamp>
			</report>
			<report>
				<misses>6463001</misses>
				<total>11</total>
				<timestamp>1936.961307</timestamp>
			</report>
			<report>
				<misses>6464001</misses>
				<total>10</total>
				<timestamp>1937.261076</timestamp>
			</report>
			<report>
				<misses>6465001</misses>
				<total>11</total>
				<timestamp>1937.560672</timestamp>
			</report>
			<report>
				<misses>6466001</misses>
				<total>11</total>
				<timestamp>1937.860408</timestamp>
			</report>
			<report>
				<misses>6467001</misses>
				<total>11</total>
				<timestamp>1938.160111</timestamp>
			</report>
			<report>
				<misses>6468001</misses>
				<total>11</total>
				<timestamp>1938.459759</timestamp>
			</report>
			<report>
				<misses>6469001</misses>
				<total>11</total>
				<timestamp>1938.759539</timestamp>
			</report>
			<report>
				<misses>6470001</misses>
				<total>11</total>
				<timestamp>1939.059177</timestamp>
			</report>
			<report>
				<misses>6471001</misses>
				<total>11</total>
				<timestamp>1939.358861</timestamp>
			</report>
			<report>
				<misses>6472001</misses>
				<total>11</total>
				<timestamp>1939.658603</timestamp>
			</report>
			<report>
				<misses>6473001</misses>
				<total>11</total>
				<timestamp>1939.958272</timestamp>
			</report>
			<report>
				<misses>6474001</misses>
				<total>11</total>
				<timestamp>1940.257979</timestamp>
			</report>
			<report>
				<misses>6475001</misses>
				<total>11</total>
				<timestamp>1940.557674</timestamp>
			</report>
			<report>
				<misses>6476001</misses>
				<total>11</total>
				<timestamp>1940.857465</timestamp>
			</report>
			<report>
				<misses>6477001</misses>
				<total>11</total>
				<timestamp>1941.157168</timestamp>
			</report>
			<report>
				<misses>6478001</misses>
				<total>11</total>
				<timestamp>1941.456772</timestamp>
			</report>
			<report>
				<misses>6479001</misses>
				<total>11</total>
				<timestamp>1941.756507</timestamp>
			</report>
			<report>
				<misses>6480001</misses>
				<total>11</total>
				<timestamp>1942.056261</timestamp>
			</report>
			<report>
				<misses>6481001</misses>
				<total>11</total>
				<timestamp>1942.355886</timestamp>
			</report>
			<report>
				<misses>6482001</misses>
				<total>11</total>
				<timestamp>1942.655643</timestamp>
			</report>
			<report>
				<misses>6483001</misses>
				<total>11</total>
				<timestamp>1942.955284</timestamp>
			</report>
			<report>
				<misses>6484001</misses>
				<total>11</total>
				<timestamp>1943.255051</timestamp>
			</report>
			<report>
				<misses>6485001</misses>
				<total>11</total>
				<timestamp>1943.554684</timestamp>
			</report>
			<report>
				<misses>6486001</misses>
				<total>11</total>
				<timestamp>1943.854458</timestamp>
			</report>
			<report>
				<misses>6487001</misses>
				<total>11</total>
				<timestamp>1944.154122</timestamp>
			</report>
			<report>
				<misses>6488001</misses>
				<total>11</total>
				<timestamp>1944.453773</timestamp>
			</report>
			<report>
				<misses>6489001</misses>
				<total>11</total>
				<timestamp>1944.753515</timestamp>
			</report>
			<report>
				<misses>6490001</misses>
				<total>11</total>
				<timestamp>1945.053178</timestamp>
			</report>
			<report>
				<misses>6491001</misses>
				<total>11</total>
				<timestamp>1945.352868</timestamp>
			</report>
			<report>
				<misses>6492001</misses>
				<total>11</total>
				<timestamp>1945.652607</timestamp>
			</report>
			<report>
				<misses>6493001</misses>
				<total>11</total>
				<timestamp>1945.952271</timestamp>
			</report>
			<report>
				<misses>6494001</misses>
				<total>11</total>
				<timestamp>1946.252029</timestamp>
			</report>
			<report>
				<misses>6495001</misses>
				<total>11</total>
				<timestamp>1946.551665</timestamp>
			</report>
			<report>
				<misses>6496001</misses>
				<total>11</total>
				<timestamp>1946.851458</timestamp>
			</report>
			<report>
				<misses>6497001</misses>
				<total>11</total>
				<timestamp>1947.151083</timestamp>
			</report>
			<report>
				<misses>6498001</misses>
				<total>11</total>
				<timestamp>1947.450780</timestamp>
			</report>
			<report>
				<misses>6499001</misses>
				<total>11</total>
				<timestamp>1947.750535</timestamp>
			</report>
			<report>
				<misses>6500001</misses>
				<total>11</total>
				<timestamp>1948.050190</timestamp>
			</report>
			<report>
				<misses>6501001</misses>
				<total>11</total>
				<timestamp>1948.349867</timestamp>
			</report>
			<report>
				<misses>6502001</misses>
				<total>11</total>
				<timestamp>1948.649585</timestamp>
			</report>
			<report>
				<misses>6503001</misses>
				<total>11</total>
				<timestamp>1948.949273</timestamp>
			</report>
			<report>
				<misses>6504001</misses>
				<total>11</total>
				<timestamp>1949.249060</timestamp>
			</report>
			<report>
				<misses>6505001</misses>
				<total>11</total>
				<timestamp>1949.548680</timestamp>
			</report>
			<report>
				<misses>6506001</misses>
				<total>11</total>
				<timestamp>1949.848469</timestamp>
			</report>
			<report>
				<misses>6507001</misses>
				<total>11</total>
				<timestamp>1950.148066</timestamp>
			</report>
			<report>
				<misses>6508001</misses>
				<total>11</total>
				<timestamp>1950.447850</timestamp>
			</report>
			<report>
				<misses>6509001</misses>
				<total>11</total>
				<timestamp>1950.747462</timestamp>
			</report>
			<report>
				<misses>6510001</misses>
				<total>11</total>
				<timestamp>1951.047169</timestamp>
			</report>
			<report>
				<misses>6511001</misses>
				<total>11</total>
				<timestamp>1951.346863</timestamp>
			</report>
			<report>
				<misses>6512001</misses>
				<total>11</total>
				<timestamp>1951.646595</timestamp>
			</report>
			<report>
				<misses>6513001</misses>
				<total>11</total>
				<timestamp>1951.946270</timestamp>
			</report>
			<report>
				<misses>6514001</misses>
				<total>11</total>
				<timestamp>1952.246073</timestamp>
			</report>
			<report>
				<misses>6515001</misses>
				<total>11</total>
				<timestamp>1952.545681</timestamp>
			</report>
			<report>
				<misses>6516001</misses>
				<total>11</total>
				<timestamp>1952.845429</timestamp>
			</report>
			<report>
				<misses>6517001</misses>
				<total>11</total>
				<timestamp>1953.145095</timestamp>
			</report>
			<report>
				<misses>6518001</misses>
				<total>11</total>
				<timestamp>1953.444783</timestamp>
			</report>
			<report>
				<misses>6519001</misses>
				<total>11</total>
				<timestamp>1953.744485</timestamp>
			</report>
			<report>
				<misses>6520001</misses>
				<total>11</total>
				<timestamp>1954.044177</timestamp>
			</report>
			<report>
				<misses>6521001</misses>
				<total>11</total>
				<timestamp>1954.343900</timestamp>
			</report>
			<report>
				<misses>6522001</misses>
				<total>11</total>
				<timestamp>1954.643581</timestamp>
			</report>
			<report>
				<misses>6523001</misses>
				<total>11</total>
				<timestamp>1954.943311</timestamp>
			</report>
			<report>
				<misses>6524001</misses>
				<total>11</total>
				<timestamp>1955.243024</timestamp>
			</report>
			<report>
				<misses>6525001</misses>
				<total>11</total>
				<timestamp>1955.542689</timestamp>
			</report>
			<report>
				<misses>6526001</misses>
				<total>11</total>
				<timestamp>1955.842388</timestamp>
			</report>
			<report>
				<misses>6527001</misses>
				<total>11</total>
				<timestamp>1956.142137</timestamp>
			</report>
			<report>
				<misses>6528001</misses>
				<total>11</total>
				<timestamp>1956.441785</timestamp>
			</report>
			<report>
				<misses>6529001</misses>
				<total>11</total>
				<timestamp>1956.741517</timestamp>
			</report>
			<report>
				<misses>6530001</misses>
				<total>11</total>
				<timestamp>1957.041218</timestamp>
			</report>
			<report>
				<misses>6531001</misses>
				<total>11</total>
				<timestamp>1957.340870</timestamp>
			</report>
			<report>
				<misses>6532001</misses>
				<total>11</total>
				<timestamp>1957.640573</timestamp>
			</report>
			<report>
				<misses>6533001</misses>
				<total>11</total>
				<timestamp>1957.940342</timestamp>
			</report>
			<report>
				<misses>6534001</misses>
				<total>11</total>
				<timestamp>1958.239999</timestamp>
			</report>
			<report>
				<misses>6535001</misses>
				<total>11</total>
				<timestamp>1958.539747</timestamp>
			</report>
			<report>
				<misses>6536001</misses>
				<total>11</total>
				<timestamp>1958.839421</timestamp>
			</report>
			<report>
				<misses>6537001</misses>
				<total>11</total>
				<timestamp>1959.139152</timestamp>
			</report>
			<report>
				<misses>6538001</misses>
				<total>11</total>
				<timestamp>1959.438768</timestamp>
			</report>
			<report>
				<misses>6539001</misses>
				<total>11</total>
				<timestamp>1959.738561</timestamp>
			</report>
			<report>
				<misses>6540001</misses>
				<total>11</total>
				<timestamp>1960.038173</timestamp>
			</report>
			<report>
				<misses>6541001</misses>
				<total>11</total>
				<timestamp>1960.337871</timestamp>
			</report>
			<report>
				<misses>6542001</misses>
				<total>11</total>
				<timestamp>1960.637567</timestamp>
			</report>
			<report>
				<misses>6543001</misses>
				<total>11</total>
				<timestamp>1960.937308</timestamp>
			</report>
			<report>
				<misses>6544001</misses>
				<total>11</total>
				<timestamp>1961.236965</timestamp>
			</report>
			<report>
				<misses>6545001</misses>
				<total>11</total>
				<timestamp>1961.536674</timestamp>
			</report>
			<report>
				<misses>6546001</misses>
				<total>11</total>
				<timestamp>1961.836426</timestamp>
			</report>
			<report>
				<misses>6547001</misses>
				<total>11</total>
				<timestamp>1962.136086</timestamp>
			</report>
			<report>
				<misses>6548001</misses>
				<total>11</total>
				<timestamp>1962.435769</timestamp>
			</report>
			<report>
				<misses>6549001</misses>
				<total>11</total>
				<timestamp>1962.735482</timestamp>
			</report>
			<report>
				<misses>6550001</misses>
				<total>11</total>
				<timestamp>1963.035178</timestamp>
			</report>
			<report>
				<misses>6551001</misses>
				<total>11</total>
				<timestamp>1963.334950</timestamp>
			</report>
			<report>
				<misses>6552001</misses>
				<total>11</total>
				<timestamp>1963.634568</timestamp>
			</report>
			<report>
				<misses>6553001</misses>
				<total>11</total>
				<timestamp>1963.934304</timestamp>
			</report>
			<report>
				<misses>6554001</misses>
				<total>11</total>
				<timestamp>1964.234039</timestamp>
			</report>
			<report>
				<misses>6555001</misses>
				<total>11</total>
				<timestamp>1964.533662</timestamp>
			</report>
			<report>
				<misses>6556001</misses>
				<total>11</total>
				<timestamp>1964.833379</timestamp>
			</report>
			<report>
				<misses>6557001</misses>
				<total>11</total>
				<timestamp>1965.133103</timestamp>
			</report>
			<report>
				<misses>6558001</misses>
				<total>11</total>
				<timestamp>1965.432775</timestamp>
			</report>
			<report>
				<misses>6559001</misses>
				<total>11</total>
				<timestamp>1965.732496</timestamp>
			</report>
			<report>
				<misses>6560001</misses>
				<total>11</total>
				<timestamp>1966.032199</timestamp>
			</report>
			<report>
				<misses>6561001</misses>
				<total>11</total>
				<timestamp>1966.331885</timestamp>
			</report>
			<report>
				<misses>6562001</misses>
				<total>11</total>
				<timestamp>1966.631586</timestamp>
			</report>
			<report>
				<misses>6563001</misses>
				<total>11</total>
				<timestamp>1966.931347</timestamp>
			</report>
			<report>
				<misses>6564001</misses>
				<total>11</total>
				<timestamp>1967.231059</timestamp>
			</report>
			<report>
				<misses>6565001</misses>
				<total>11</total>
				<timestamp>1967.530696</timestamp>
			</report>
			<report>
				<misses>6566001</misses>
				<total>11</total>
				<timestamp>1967.830380</timestamp>
			</report>
			<report>
				<misses>6567001</misses>
				<total>11</total>
				<timestamp>1968.130074</timestamp>
			</report>
			<report>
				<misses>6568001</misses>
				<total>11</total>
				<timestamp>1968.429777</timestamp>
			</report>
			<report>
				<misses>6569001</misses>
				<total>11</total>
				<timestamp>1968.729476</timestamp>
			</report>
			<report>
				<misses>6570001</misses>
				<total>11</total>
				<timestamp>1969.029201</timestamp>
			</report>
			<report>
				<misses>6571001</misses>
				<total>11</total>
				<timestamp>1969.328888</timestamp>
			</report>
			<report>
				<misses>6572001</misses>
				<total>11</total>
				<timestamp>1969.628563</timestamp>
			</report>
			<report>
				<misses>6573001</misses>
				<total>11</total>
				<timestamp>1969.928288</timestamp>
			</report>
			<report>
				<misses>6574001</misses>
				<total>11</total>
				<timestamp>1970.227982</timestamp>
			</report>
			<report>
				<misses>6575001</misses>
				<total>11</total>
				<timestamp>1970.527708</timestamp>
			</report>
			<report>
				<misses>6576001</misses>
				<total>11</total>
				<timestamp>1970.827400</timestamp>
			</report>
			<report>
				<misses>6577001</misses>
				<total>11</total>
				<timestamp>1971.127130</timestamp>
			</report>
			<report>
				<misses>6578001</misses>
				<total>11</total>
				<timestamp>1971.426782</timestamp>
			</report>
			<report>
				<misses>6579001</misses>
				<total>11</total>
				<timestamp>1971.726462</timestamp>
			</report>
			<report>
				<misses>6580001</misses>
				<total>10</total>
				<timestamp>1972.026342</timestamp>
			</report>
			<report>
				<misses>6581001</misses>
				<total>11</total>
				<timestamp>1972.325874</timestamp>
			</report>
			<report>
				<misses>6582001</misses>
				<total>11</total>
				<timestamp>1972.625575</timestamp>
			</report>
			<report>
				<misses>6583001</misses>
				<total>11</total>
				<timestamp>1972.925291</timestamp>
			</report>
			<report>
				<misses>6584001</misses>
				<total>11</total>
				<timestamp>1973.225053</timestamp>
			</report>
			<report>
				<misses>6585001</misses>
				<total>11</total>
				<timestamp>1973.524679</timestamp>
			</report>
			<report>
				<misses>6586001</misses>
				<total>11</total>
				<timestamp>1973.824420</timestamp>
			</report>
			<report>
				<misses>6587001</misses>
				<total>11</total>
				<timestamp>1974.124067</timestamp>
			</report>
			<report>
				<misses>6588001</misses>
				<total>11</total>
				<timestamp>1974.423765</timestamp>
			</report>
			<report>
				<misses>6589001</misses>
				<total>11</total>
				<timestamp>1974.723470</timestamp>
			</report>
			<report>
				<misses>6590001</misses>
				<total>11</total>
				<timestamp>1975.023158</timestamp>
			</report>
			<report>
				<misses>6591001</misses>
				<total>11</total>
				<timestamp>1975.322916</timestamp>
			</report>
			<report>
				<misses>6592001</misses>
				<total>11</total>
				<timestamp>1975.622567</timestamp>
			</report>
			<report>
				<misses>6593001</misses>
				<total>11</total>
				<timestamp>1975.922314</timestamp>
			</report>
			<report>
				<misses>6594001</misses>
				<total>11</total>
				<timestamp>1976.222046</timestamp>
			</report>
			<report>
				<misses>6595001</misses>
				<total>11</total>
				<timestamp>1976.521668</timestamp>
			</report>
			<report>
				<misses>6596001</misses>
				<total>11</total>
				<timestamp>1976.821410</timestamp>
			</report>
			<report>
				<misses>6597001</misses>
				<total>11</total>
				<timestamp>1977.121072</timestamp>
			</report>
			<report>
				<misses>6598001</misses>
				<total>11</total>
				<timestamp>1977.420772</timestamp>
			</report>
			<report>
				<misses>6599001</misses>
				<total>11</total>
				<timestamp>1977.720468</timestamp>
			</report>
			<report>
				<misses>6600001</misses>
				<total>11</total>
				<timestamp>1978.020171</timestamp>
			</report>
			<report>
				<misses>6601001</misses>
				<total>11</total>
				<timestamp>1978.319883</timestamp>
			</report>
			<report>
				<misses>6602001</misses>
				<total>11</total>
				<timestamp>1978.619562</timestamp>
			</report>
			<report>
				<misses>6603001</misses>
				<total>11</total>
				<timestamp>1978.919292</timestamp>
			</report>
			<report>
				<misses>6604001</misses>
				<total>11</total>
				<timestamp>1979.219025</timestamp>
			</report>
			<report>
				<misses>6605001</misses>
				<total>11</total>
				<timestamp>1979.518670</timestamp>
			</report>
			<report>
				<misses>6606001</misses>
				<total>11</total>
				<timestamp>1979.818382</timestamp>
			</report>
			<report>
				<misses>6607001</misses>
				<total>11</total>
				<timestamp>1980.118177</timestamp>
			</report>
			<report>
				<misses>6608001</misses>
				<total>11</total>
				<timestamp>1980.417793</timestamp>
			</report>
			<report>
				<misses>6609001</misses>
				<total>11</total>
				<timestamp>1980.717466</timestamp>
			</report>
			<report>
				<misses>6610001</misses>
				<total>11</total>
				<timestamp>1981.017181</timestamp>
			</report>
			<report>
				<misses>6611001</misses>
				<total>11</total>
				<timestamp>1981.316945</timestamp>
			</report>
			<report>
				<misses>6612001</misses>
				<total>11</total>
				<timestamp>1981.616624</timestamp>
			</report>
			<report>
				<misses>6613001</misses>
				<total>11</total>
				<timestamp>1981.916287</timestamp>
			</report>
			<report>
				<misses>6614001</misses>
				<total>11</total>
				<timestamp>1982.216000</timestamp>
			</report>
			<report>
				<misses>6615001</misses>
				<total>11</total>
				<timestamp>1982.515673</timestamp>
			</report>
			<report>
				<misses>6616001</misses>
				<total>11</total>
				<timestamp>1982.815387</timestamp>
			</report>
			<report>
				<misses>6617001</misses>
				<total>11</total>
				<timestamp>1983.115154</timestamp>
			</report>
			<report>
				<misses>6618001</misses>
				<total>11</total>
				<timestamp>1983.414779</timestamp>
			</report>
			<report>
				<misses>6619001</misses>
				<total>11</total>
				<timestamp>1983.714520</timestamp>
			</report>
			<report>
				<misses>6620001</misses>
				<total>11</total>
				<timestamp>1984.014235</timestamp>
			</report>
			<report>
				<misses>6621001</misses>
				<total>11</total>
				<timestamp>1984.313894</timestamp>
			</report>
			<report>
				<misses>6622001</misses>
				<total>11</total>
				<timestamp>1984.613587</timestamp>
			</report>
			<report>
				<misses>6623001</misses>
				<total>11</total>
				<timestamp>1984.913283</timestamp>
			</report>
			<report>
				<misses>6624001</misses>
				<total>11</total>
				<timestamp>1985.213019</timestamp>
			</report>
			<report>
				<misses>6625001</misses>
				<total>11</total>
				<timestamp>1985.512755</timestamp>
			</report>
			<report>
				<misses>6626001</misses>
				<total>11</total>
				<timestamp>1985.812414</timestamp>
			</report>
			<report>
				<misses>6627001</misses>
				<total>11</total>
				<timestamp>1986.112126</timestamp>
			</report>
			<report>
				<misses>6628001</misses>
				<total>11</total>
				<timestamp>1986.411766</timestamp>
			</report>
			<report>
				<misses>6629001</misses>
				<total>11</total>
				<timestamp>1986.711478</timestamp>
			</report>
			<report>
				<misses>6630001</misses>
				<total>11</total>
				<timestamp>1987.011204</timestamp>
			</report>
			<report>
				<misses>6631001</misses>
				<total>11</total>
				<timestamp>1987.310874</timestamp>
			</report>
			<report>
				<misses>6632001</misses>
				<total>11</total>
				<timestamp>1987.610573</timestamp>
			</report>
			<report>
				<misses>6633001</misses>
				<total>11</total>
				<timestamp>1987.910309</timestamp>
			</report>
			<report>
				<misses>6634001</misses>
				<total>11</total>
				<timestamp>1988.209978</timestamp>
			</report>
			<report>
				<misses>6635001</misses>
				<total>11</total>
				<timestamp>1988.509717</timestamp>
			</report>
			<report>
				<misses>6636001</misses>
				<total>11</total>
				<timestamp>1988.809454</timestamp>
			</report>
			<report>
				<misses>6637001</misses>
				<total>11</total>
				<timestamp>1989.109086</timestamp>
			</report>
			<report>
				<misses>6638001</misses>
				<total>11</total>
				<timestamp>1989.408825</timestamp>
			</report>
			<report>
				<misses>6639001</misses>
				<total>11</total>
				<timestamp>1989.708480</timestamp>
			</report>
			<report>
				<misses>6640001</misses>
				<total>11</total>
				<timestamp>1990.008252</timestamp>
			</report>
			<report>
				<misses>6641001</misses>
				<total>11</total>
				<timestamp>1990.307904</timestamp>
			</report>
			<report>
				<misses>6642001</misses>
				<total>11</total>
				<timestamp>1990.607570</timestamp>
			</report>
			<report>
				<misses>6643001</misses>
				<total>11</total>
				<timestamp>1990.907299</timestamp>
			</report>
			<report>
				<misses>6644001</misses>
				<total>11</total>
				<timestamp>1991.206999</timestamp>
			</report>
			<report>
				<misses>6645001</misses>
				<total>11</total>
				<timestamp>1991.506675</timestamp>
			</report>
			<report>
				<misses>6646001</misses>
				<total>11</total>
				<timestamp>1991.806384</timestamp>
			</report>
			<report>
				<misses>6647001</misses>
				<total>11</total>
				<timestamp>1992.106087</timestamp>
			</report>
			<report>
				<misses>6648001</misses>
				<total>11</total>
				<timestamp>1992.405772</timestamp>
			</report>
			<report>
				<misses>6649001</misses>
				<total>11</total>
				<timestamp>1992.705472</timestamp>
			</report>
			<report>
				<misses>6650001</misses>
				<total>11</total>
				<timestamp>1993.005197</timestamp>
			</report>
			<report>
				<misses>6651001</misses>
				<total>11</total>
				<timestamp>1993.304935</timestamp>
			</report>
			<report>
				<misses>6652001</misses>
				<total>11</total>
				<timestamp>1993.604584</timestamp>
			</report>
			<report>
				<misses>6653001</misses>
				<total>11</total>
				<timestamp>1993.904320</timestamp>
			</report>
			<report>
				<misses>6654001</misses>
				<total>11</total>
				<timestamp>1994.203990</timestamp>
			</report>
			<report>
				<misses>6655001</misses>
				<total>11</total>
				<timestamp>1994.503700</timestamp>
			</report>
			<report>
				<misses>6656001</misses>
				<total>11</total>
				<timestamp>1994.803371</timestamp>
			</report>
			<report>
				<misses>6657001</misses>
				<total>11</total>
				<timestamp>1995.103134</timestamp>
			</report>
			<report>
				<misses>6658001</misses>
				<total>11</total>
				<timestamp>1995.402857</timestamp>
			</report>
			<report>
				<misses>6659001</misses>
				<total>11</total>
				<timestamp>1995.702472</timestamp>
			</report>
			<report>
				<misses>6660001</misses>
				<total>11</total>
				<timestamp>1996.002186</timestamp>
			</report>
			<report>
				<misses>6661001</misses>
				<total>11</total>
				<timestamp>1996.301877</timestamp>
			</report>
			<report>
				<misses>6662001</misses>
				<total>11</total>
				<timestamp>1996.601563</timestamp>
			</report>
			<report>
				<misses>6663001</misses>
				<total>11</total>
				<timestamp>1996.901273</timestamp>
			</report>
			<report>
				<misses>6664001</misses>
				<total>11</total>
				<timestamp>1997.201056</timestamp>
			</report>
			<report>
				<misses>6665001</misses>
				<total>11</total>
				<timestamp>1997.500666</timestamp>
			</report>
			<report>
				<misses>6666001</misses>
				<total>11</total>
				<timestamp>1997.800380</timestamp>
			</report>
			<report>
				<misses>6667001</misses>
				<total>11</total>
				<timestamp>1998.100073</timestamp>
			</report>
			<report>
				<misses>6668001</misses>
				<total>11</total>
				<timestamp>1998.399769</timestamp>
			</report>
			<report>
				<misses>6669001</misses>
				<total>11</total>
				<timestamp>1998.699464</timestamp>
			</report>
			<report>
				<misses>6670001</misses>
				<total>11</total>
				<timestamp>1998.999181</timestamp>
			</report>
			<report>
				<misses>6671001</misses>
				<total>11</total>
				<timestamp>1999.298882</timestamp>
			</report>
			<report>
				<misses>6672001</misses>
				<total>11</total>
				<timestamp>1999.598564</timestamp>
			</report>
			<report>
				<misses>6673001</misses>
				<total>11</total>
				<timestamp>1999.898327</timestamp>
			</report>
			<report>
				<misses>6674001</misses>
				<total>11</total>
				<timestamp>2000.198086</timestamp>
			</report>
			<report>
				<misses>6675001</misses>
				<total>11</total>
				<timestamp>2000.497675</timestamp>
			</report>
			<report>
				<misses>6676001</misses>
				<total>11</total>
				<timestamp>2000.797461</timestamp>
			</report>
			<report>
				<misses>6677001</misses>
				<total>11</total>
				<timestamp>2001.097088</timestamp>
			</report>
			<report>
				<misses>6678001</misses>
				<total>10</total>
				<timestamp>2001.396871</timestamp>
			</report>
			<report>
				<misses>6679001</misses>
				<total>11</total>
				<timestamp>2001.696469</timestamp>
			</report>
			<report>
				<misses>6680001</misses>
				<total>11</total>
				<timestamp>2001.996276</timestamp>
			</report>
			<report>
				<misses>6681001</misses>
				<total>10</total>
				<timestamp>2002.295960</timestamp>
			</report>
			<report>
				<misses>6682001</misses>
				<total>11</total>
				<timestamp>2002.595601</timestamp>
			</report>
			<report>
				<misses>6683001</misses>
				<total>11</total>
				<timestamp>2002.895268</timestamp>
			</report>
			<report>
				<misses>6684001</misses>
				<total>11</total>
				<timestamp>2003.194988</timestamp>
			</report>
			<report>
				<misses>6685001</misses>
				<total>11</total>
				<timestamp>2003.494669</timestamp>
			</report>
			<report>
				<misses>6686001</misses>
				<total>11</total>
				<timestamp>2003.794368</timestamp>
			</report>
			<report>
				<misses>6687001</misses>
				<total>11</total>
				<timestamp>2004.094111</timestamp>
			</report>
			<report>
				<misses>6688001</misses>
				<total>11</total>
				<timestamp>2004.393762</timestamp>
			</report>
			<report>
				<misses>6689001</misses>
				<total>11</total>
				<timestamp>2004.693457</timestamp>
			</report>
			<report>
				<misses>6690001</misses>
				<total>11</total>
				<timestamp>2004.993225</timestamp>
			</report>
			<report>
				<misses>6691001</misses>
				<total>11</total>
				<timestamp>2005.292929</timestamp>
			</report>
			<report>
				<misses>6692001</misses>
				<total>11</total>
				<timestamp>2005.592582</timestamp>
			</report>
			<report>
				<misses>6693001</misses>
				<total>11</total>
				<timestamp>2005.892267</timestamp>
			</report>
			<report>
				<misses>6694001</misses>
				<total>11</total>
				<timestamp>2006.192068</timestamp>
			</report>
			<report>
				<misses>6695001</misses>
				<total>11</total>
				<timestamp>2006.491730</timestamp>
			</report>
			<report>
				<misses>6696001</misses>
				<total>11</total>
				<timestamp>2006.791369</timestamp>
			</report>
			<report>
				<misses>6697001</misses>
				<total>11</total>
				<timestamp>2007.091074</timestamp>
			</report>
			<report>
				<misses>6698001</misses>
				<total>11</total>
				<timestamp>2007.390765</timestamp>
			</report>
			<report>
				<misses>6699001</misses>
				<total>11</total>
				<timestamp>2007.690474</timestamp>
			</report>
			<report>
				<misses>6700001</misses>
				<total>11</total>
				<timestamp>2007.990246</timestamp>
			</report>
			<report>
				<misses>6701001</misses>
				<total>11</total>
				<timestamp>2008.289874</timestamp>
			</report>
			<report>
				<misses>6702001</misses>
				<total>11</total>
				<timestamp>2008.589565</timestamp>
			</report>
			<report>
				<misses>6703001</misses>
				<total>11</total>
				<timestamp>2008.889263</timestamp>
			</report>
			<report>
				<misses>6704001</misses>
				<total>11</total>
				<timestamp>2009.189028</timestamp>
			</report>
			<report>
				<misses>6705001</misses>
				<total>11</total>
				<timestamp>2009.488678</timestamp>
			</report>
			<report>
				<misses>6706001</misses>
				<total>11</total>
				<timestamp>2009.788374</timestamp>
			</report>
			<report>
				<misses>6707001</misses>
				<total>11</total>
				<timestamp>2010.088105</timestamp>
			</report>
			<report>
				<misses>6708001</misses>
				<total>11</total>
				<timestamp>2010.387800</timestamp>
			</report>
			<report>
				<misses>6709001</misses>
				<total>11</total>
				<timestamp>2010.687462</timestamp>
			</report>
			<report>
				<misses>6710001</misses>
				<total>11</total>
				<timestamp>2010.987172</timestamp>
			</report>
			<report>
				<misses>6711001</misses>
				<total>11</total>
				<timestamp>2011.286895</timestamp>
			</report>
			<report>
				<misses>6712001</misses>
				<total>11</total>
				<timestamp>2011.586569</timestamp>
			</report>
			<report>
				<misses>6713001</misses>
				<total>11</total>
				<timestamp>2011.886268</timestamp>
			</report>
			<report>
				<misses>6714001</misses>
				<total>11</total>
				<timestamp>2012.186028</timestamp>
			</report>
			<report>
				<misses>6715001</misses>
				<total>11</total>
				<timestamp>2012.485664</timestamp>
			</report>
			<report>
				<misses>6716001</misses>
				<total>11</total>
				<timestamp>2012.785435</timestamp>
			</report>
			<report>
				<misses>6717001</misses>
				<total>11</total>
				<timestamp>2013.085183</timestamp>
			</report>
			<report>
				<misses>6718001</misses>
				<total>11</total>
				<timestamp>2013.384793</timestamp>
			</report>
			<report>
				<misses>6719001</misses>
				<total>11</total>
				<timestamp>2013.684467</timestamp>
			</report>
			<report>
				<misses>6720001</misses>
				<total>11</total>
				<timestamp>2013.984178</timestamp>
			</report>
			<report>
				<misses>6721001</misses>
				<total>11</total>
				<timestamp>2014.283908</timestamp>
			</report>
			<report>
				<misses>6722001</misses>
				<total>11</total>
				<timestamp>2014.583587</timestamp>
			</report>
			<report>
				<misses>6723001</misses>
				<total>11</total>
				<timestamp>2014.883288</timestamp>
			</report>
			<report>
				<misses>6724001</misses>
				<total>11</total>
				<timestamp>2015.183002</timestamp>
			</report>
			<report>
				<misses>6725001</misses>
				<total>11</total>
				<timestamp>2015.482660</timestamp>
			</report>
			<report>
				<misses>6726001</misses>
				<total>11</total>
				<timestamp>2015.782358</timestamp>
			</report>
			<report>
				<misses>6727001</misses>
				<total>11</total>
				<timestamp>2016.082085</timestamp>
			</report>
			<report>
				<misses>6728001</misses>
				<total>11</total>
				<timestamp>2016.381774</timestamp>
			</report>
			<report>
				<misses>6729001</misses>
				<total>11</total>
				<timestamp>2016.681488</timestamp>
			</report>
			<report>
				<misses>6730001</misses>
				<total>11</total>
				<timestamp>2016.981200</timestamp>
			</report>
			<report>
				<misses>6731001</misses>
				<total>11</total>
				<timestamp>2017.280865</timestamp>
			</report>
			<report>
				<misses>6732001</misses>
				<total>11</total>
				<timestamp>2017.580573</timestamp>
			</report>
			<report>
				<misses>6733001</misses>
				<total>11</total>
				<timestamp>2017.880339</timestamp>
			</report>
			<report>
				<misses>6734001</misses>
				<total>11</total>
				<timestamp>2018.180040</timestamp>
			</report>
			<report>
				<misses>6735001</misses>
				<total>11</total>
				<timestamp>2018.479818</timestamp>
			</report>
			<report>
				<misses>6736001</misses>
				<total>11</total>
				<timestamp>2018.779367</timestamp>
			</report>
			<report>
				<misses>6737001</misses>
				<total>11</total>
				<timestamp>2019.079165</timestamp>
			</report>
			<report>
				<misses>6738001</misses>
				<total>11</total>
				<timestamp>2019.378766</timestamp>
			</report>
			<report>
				<misses>6739001</misses>
				<total>11</total>
				<timestamp>2019.678522</timestamp>
			</report>
			<report>
				<misses>6740001</misses>
				<total>11</total>
				<timestamp>2019.978195</timestamp>
			</report>
			<report>
				<misses>6741001</misses>
				<total>11</total>
				<timestamp>2020.277984</timestamp>
			</report>
			<report>
				<misses>6742001</misses>
				<total>10</total>
				<timestamp>2020.577683</timestamp>
			</report>
			<report>
				<misses>6743001</misses>
				<total>11</total>
				<timestamp>2020.877271</timestamp>
			</report>
			<report>
				<misses>6744001</misses>
				<total>11</total>
				<timestamp>2021.177007</timestamp>
			</report>
			<report>
				<misses>6745001</misses>
				<total>11</total>
				<timestamp>2021.476749</timestamp>
			</report>
			<report>
				<misses>6746001</misses>
				<total>11</total>
				<timestamp>2021.776363</timestamp>
			</report>
			<report>
				<misses>6747001</misses>
				<total>11</total>
				<timestamp>2022.076100</timestamp>
			</report>
			<report>
				<misses>6748001</misses>
				<total>11</total>
				<timestamp>2022.375793</timestamp>
			</report>
			<report>
				<misses>6749001</misses>
				<total>11</total>
				<timestamp>2022.675494</timestamp>
			</report>
			<report>
				<misses>6750001</misses>
				<total>11</total>
				<timestamp>2022.975196</timestamp>
			</report>
			<report>
				<misses>6751001</misses>
				<total>11</total>
				<timestamp>2023.274903</timestamp>
			</report>
			<report>
				<misses>6752001</misses>
				<total>11</total>
				<timestamp>2023.574571</timestamp>
			</report>
			<report>
				<misses>6753001</misses>
				<total>11</total>
				<timestamp>2023.874285</timestamp>
			</report>
			<report>
				<misses>6754001</misses>
				<total>11</total>
				<timestamp>2024.174000</timestamp>
			</report>
			<report>
				<misses>6755001</misses>
				<total>11</total>
				<timestamp>2024.473669</timestamp>
			</report>
			<report>
				<misses>6756001</misses>
				<total>11</total>
				<timestamp>2024.773369</timestamp>
			</report>
			<report>
				<misses>6757001</misses>
				<total>11</total>
				<timestamp>2025.073077</timestamp>
			</report>
			<report>
				<misses>6758001</misses>
				<total>10</total>
				<timestamp>2025.372931</timestamp>
			</report>
			<report>
				<misses>6759001</misses>
				<total>11</total>
				<timestamp>2025.672471</timestamp>
			</report>
			<report>
				<misses>6760001</misses>
				<total>11</total>
				<timestamp>2025.972174</timestamp>
			</report>
			<report>
				<misses>6761001</misses>
				<total>11</total>
				<timestamp>2026.271894</timestamp>
			</report>
			<report>
				<misses>6762001</misses>
				<total>11</total>
				<timestamp>2026.571563</timestamp>
			</report>
			<report>
				<misses>6763001</misses>
				<total>11</total>
				<timestamp>2026.871261</timestamp>
			</report>
			<report>
				<misses>6764001</misses>
				<total>11</total>
				<timestamp>2027.170998</timestamp>
			</report>
			<report>
				<misses>6765001</misses>
				<total>11</total>
				<timestamp>2027.470672</timestamp>
			</report>
			<report>
				<misses>6766001</misses>
				<total>11</total>
				<timestamp>2027.770378</timestamp>
			</report>
			<report>
				<misses>6767001</misses>
				<total>11</total>
				<timestamp>2028.070102</timestamp>
			</report>
			<report>
				<misses>6768001</misses>
				<total>11</total>
				<timestamp>2028.369866</timestamp>
			</report>
			<report>
				<misses>6769001</misses>
				<total>11</total>
				<timestamp>2028.669467</timestamp>
			</report>
			<report>
				<misses>6770001</misses>
				<total>11</total>
				<timestamp>2028.969169</timestamp>
			</report>
			<report>
				<misses>6771001</misses>
				<total>11</total>
				<timestamp>2029.268916</timestamp>
			</report>
			<report>
				<misses>6772001</misses>
				<total>11</total>
				<timestamp>2029.568634</timestamp>
			</report>
			<report>
				<misses>6773001</misses>
				<total>11</total>
				<timestamp>2029.868290</timestamp>
			</report>
			<report>
				<misses>6774001</misses>
				<total>11</total>
				<timestamp>2030.168035</timestamp>
			</report>
			<report>
				<misses>6775001</misses>
				<total>11</total>
				<timestamp>2030.467715</timestamp>
			</report>
			<report>
				<misses>6776001</misses>
				<total>11</total>
				<timestamp>2030.767456</timestamp>
			</report>
			<report>
				<misses>6777001</misses>
				<total>11</total>
				<timestamp>2031.067088</timestamp>
			</report>
			<report>
				<misses>6778001</misses>
				<total>11</total>
				<timestamp>2031.366791</timestamp>
			</report>
			<report>
				<misses>6779001</misses>
				<total>11</total>
				<timestamp>2031.666476</timestamp>
			</report>
			<report>
				<misses>6780001</misses>
				<total>11</total>
				<timestamp>2031.966185</timestamp>
			</report>
			<report>
				<misses>6781001</misses>
				<total>11</total>
				<timestamp>2032.265884</timestamp>
			</report>
			<report>
				<misses>6782001</misses>
				<total>11</total>
				<timestamp>2032.565578</timestamp>
			</report>
			<report>
				<misses>6783001</misses>
				<total>11</total>
				<timestamp>2032.865291</timestamp>
			</report>
			<report>
				<misses>6784001</misses>
				<total>11</total>
				<timestamp>2033.165073</timestamp>
			</report>
			<report>
				<misses>6785001</misses>
				<total>11</total>
				<timestamp>2033.464668</timestamp>
			</report>
			<report>
				<misses>6786001</misses>
				<total>11</total>
				<timestamp>2033.764380</timestamp>
			</report>
			<report>
				<misses>6787001</misses>
				<total>11</total>
				<timestamp>2034.064123</timestamp>
			</report>
			<report>
				<misses>6788001</misses>
				<total>11</total>
				<timestamp>2034.363854</timestamp>
			</report>
			<report>
				<misses>6789001</misses>
				<total>11</total>
				<timestamp>2034.663488</timestamp>
			</report>
			<report>
				<misses>6790001</misses>
				<total>11</total>
				<timestamp>2034.963178</timestamp>
			</report>
			<report>
				<misses>6791001</misses>
				<total>11</total>
				<timestamp>2035.262899</timestamp>
			</report>
			<report>
				<misses>6792001</misses>
				<total>10</total>
				<timestamp>2035.562711</timestamp>
			</report>
			<report>
				<misses>6793001</misses>
				<total>11</total>
				<timestamp>2035.862266</timestamp>
			</report>
			<report>
				<misses>6794001</misses>
				<total>11</total>
				<timestamp>2036.161998</timestamp>
			</report>
			<report>
				<misses>6795001</misses>
				<total>11</total>
				<timestamp>2036.461698</timestamp>
			</report>
			<report>
				<misses>6796001</misses>
				<total>11</total>
				<timestamp>2036.761370</timestamp>
			</report>
			<report>
				<misses>6797001</misses>
				<total>11</total>
				<timestamp>2037.061079</timestamp>
			</report>
			<report>
				<misses>6798001</misses>
				<total>11</total>
				<timestamp>2037.360784</timestamp>
			</report>
			<report>
				<misses>6799001</misses>
				<total>11</total>
				<timestamp>2037.660469</timestamp>
			</report>
			<report>
				<misses>6800001</misses>
				<total>11</total>
				<timestamp>2037.960236</timestamp>
			</report>
			<report>
				<misses>6801001</misses>
				<total>11</total>
				<timestamp>2038.260002</timestamp>
			</report>
			<report>
				<misses>6802001</misses>
				<total>11</total>
				<timestamp>2038.559654</timestamp>
			</report>
			<report>
				<misses>6803001</misses>
				<total>10</total>
				<timestamp>2038.859378</timestamp>
			</report>
			<report>
				<misses>6804001</misses>
				<total>11</total>
				<timestamp>2039.159003</timestamp>
			</report>
			<report>
				<misses>6805001</misses>
				<total>11</total>
				<timestamp>2039.458714</timestamp>
			</report>
			<report>
				<misses>6806001</misses>
				<total>11</total>
				<timestamp>2039.758420</timestamp>
			</report>
			<report>
				<misses>6807001</misses>
				<total>11</total>
				<timestamp>2040.058089</timestamp>
			</report>
			<report>
				<misses>6808001</misses>
				<total>11</total>
				<timestamp>2040.357789</timestamp>
			</report>
			<report>
				<misses>6809001</misses>
				<total>11</total>
				<timestamp>2040.657472</timestamp>
			</report>
			<report>
				<misses>6810001</misses>
				<total>11</total>
				<timestamp>2040.957174</timestamp>
			</report>
			<report>
				<misses>6811001</misses>
				<total>11</total>
				<timestamp>2041.256856</timestamp>
			</report>
			<report>
				<misses>6812001</misses>
				<total>10</total>
				<timestamp>2041.556675</timestamp>
			</report>
			<report>
				<misses>6813001</misses>
				<total>11</total>
				<timestamp>2041.856312</timestamp>
			</report>
			<report>
				<misses>6814001</misses>
				<total>11</total>
				<timestamp>2042.155968</timestamp>
			</report>
			<report>
				<misses>6815001</misses>
				<total>11</total>
				<timestamp>2042.455736</timestamp>
			</report>
			<report>
				<misses>6816001</misses>
				<total>11</total>
				<timestamp>2042.755359</timestamp>
			</report>
			<report>
				<misses>6817001</misses>
				<total>11</total>
				<timestamp>2043.055062</timestamp>
			</report>
			<report>
				<misses>6818001</misses>
				<total>11</total>
				<timestamp>2043.354814</timestamp>
			</report>
			<report>
				<misses>6819001</misses>
				<total>11</total>
				<timestamp>2043.654472</timestamp>
			</report>
			<report>
				<misses>6820001</misses>
				<total>11</total>
				<timestamp>2043.954170</timestamp>
			</report>
			<report>
				<misses>6821001</misses>
				<total>11</total>
				<timestamp>2044.253890</timestamp>
			</report>
			<report>
				<misses>6822001</misses>
				<total>11</total>
				<timestamp>2044.553599</timestamp>
			</report>
			<report>
				<misses>6823001</misses>
				<total>11</total>
				<timestamp>2044.853278</timestamp>
			</report>
			<report>
				<misses>6824001</misses>
				<total>11</total>
				<timestamp>2045.153069</timestamp>
			</report>
			<report>
				<misses>6825001</misses>
				<total>11</total>
				<timestamp>2045.452663</timestamp>
			</report>
			<report>
				<misses>6826001</misses>
				<total>11</total>
				<timestamp>2045.752368</timestamp>
			</report>
			<report>
				<misses>6827001</misses>
				<total>11</total>
				<timestamp>2046.052075</timestamp>
			</report>
			<report>
				<misses>6828001</misses>
				<total>11</total>
				<timestamp>2046.351806</timestamp>
			</report>
			<report>
				<misses>6829001</misses>
				<total>11</total>
				<timestamp>2046.651476</timestamp>
			</report>
			<report>
				<misses>6830001</misses>
				<total>11</total>
				<timestamp>2046.951165</timestamp>
			</report>
			<report>
				<misses>6831001</misses>
				<total>11</total>
				<timestamp>2047.250898</timestamp>
			</report>
			<report>
				<misses>6832001</misses>
				<total>11</total>
				<timestamp>2047.550564</timestamp>
			</report>
			<report>
				<misses>6833001</misses>
				<total>11</total>
				<timestamp>2047.850271</timestamp>
			</report>
			<report>
				<misses>6834001</misses>
				<total>11</total>
				<timestamp>2048.150035</timestamp>
			</report>
			<report>
				<misses>6835001</misses>
				<total>11</total>
				<timestamp>2048.449701</timestamp>
			</report>
			<report>
				<misses>6836001</misses>
				<total>11</total>
				<timestamp>2048.749376</timestamp>
			</report>
			<report>
				<misses>6837001</misses>
				<total>11</total>
				<timestamp>2049.049073</timestamp>
			</report>
			<report>
				<misses>6838001</misses>
				<total>11</total>
				<timestamp>2049.348823</timestamp>
			</report>
			<report>
				<misses>6839001</misses>
				<total>11</total>
				<timestamp>2049.648533</timestamp>
			</report>
			<report>
				<misses>6840001</misses>
				<total>11</total>
				<timestamp>2049.948172</timestamp>
			</report>
			<report>
				<misses>6841001</misses>
				<total>11</total>
				<timestamp>2050.247918</timestamp>
			</report>
			<report>
				<misses>6842001</misses>
				<total>11</total>
				<timestamp>2050.547584</timestamp>
			</report>
			<report>
				<misses>6843001</misses>
				<total>11</total>
				<timestamp>2050.847280</timestamp>
			</report>
			<report>
				<misses>6844001</misses>
				<total>11</total>
				<timestamp>2051.146992</timestamp>
			</report>
			<report>
				<misses>6845001</misses>
				<total>11</total>
				<timestamp>2051.446699</timestamp>
			</report>
			<report>
				<misses>6846001</misses>
				<total>11</total>
				<timestamp>2051.746392</timestamp>
			</report>
			<report>
				<misses>6847001</misses>
				<total>11</total>
				<timestamp>2052.046078</timestamp>
			</report>
			<report>
				<misses>6848001</misses>
				<total>11</total>
				<timestamp>2052.345828</timestamp>
			</report>
			<report>
				<misses>6849001</misses>
				<total>11</total>
				<timestamp>2052.645466</timestamp>
			</report>
			<report>
				<misses>6850001</misses>
				<total>11</total>
				<timestamp>2052.945183</timestamp>
			</report>
			<report>
				<misses>6851001</misses>
				<total>11</total>
				<timestamp>2053.244919</timestamp>
			</report>
			<report>
				<misses>6852001</misses>
				<total>11</total>
				<timestamp>2053.544596</timestamp>
			</report>
			<report>
				<misses>6853001</misses>
				<total>11</total>
				<timestamp>2053.844277</timestamp>
			</report>
			<report>
				<misses>6854001</misses>
				<total>11</total>
				<timestamp>2054.144006</timestamp>
			</report>
			<report>
				<misses>6855001</misses>
				<total>11</total>
				<timestamp>2054.443693</timestamp>
			</report>
			<report>
				<misses>6856001</misses>
				<total>11</total>
				<timestamp>2054.743363</timestamp>
			</report>
			<report>
				<misses>6857001</misses>
				<total>11</total>
				<timestamp>2055.043074</timestamp>
			</report>
			<report>
				<misses>6858001</misses>
				<total>11</total>
				<timestamp>2055.342780</timestamp>
			</report>
			<report>
				<misses>6859001</misses>
				<total>11</total>
				<timestamp>2055.642476</timestamp>
			</report>
			<report>
				<misses>6860001</misses>
				<total>11</total>
				<timestamp>2055.942249</timestamp>
			</report>
			<report>
				<misses>6861001</misses>
				<total>11</total>
				<timestamp>2056.241878</timestamp>
			</report>
			<report>
				<misses>6862001</misses>
				<total>11</total>
				<timestamp>2056.541580</timestamp>
			</report>
			<report>
				<misses>6863001</misses>
				<total>11</total>
				<timestamp>2056.841285</timestamp>
			</report>
			<report>
				<misses>6864001</misses>
				<total>11</total>
				<timestamp>2057.141011</timestamp>
			</report>
			<report>
				<misses>6865001</misses>
				<total>11</total>
				<timestamp>2057.440768</timestamp>
			</report>
			<report>
				<misses>6866001</misses>
				<total>11</total>
				<timestamp>2057.740401</timestamp>
			</report>
			<report>
				<misses>6867001</misses>
				<total>11</total>
				<timestamp>2058.040082</timestamp>
			</report>
			<report>
				<misses>6868001</misses>
				<total>11</total>
				<timestamp>2058.339802</timestamp>
			</report>
			<report>
				<misses>6869001</misses>
				<total>11</total>
				<timestamp>2058.639542</timestamp>
			</report>
			<report>
				<misses>6870001</misses>
				<total>11</total>
				<timestamp>2058.939202</timestamp>
			</report>
			<report>
				<misses>6871001</misses>
				<total>11</total>
				<timestamp>2059.238879</timestamp>
			</report>
			<report>
				<misses>6872001</misses>
				<total>11</total>
				<timestamp>2059.538564</timestamp>
			</report>
			<report>
				<misses>6873001</misses>
				<total>11</total>
				<timestamp>2059.838264</timestamp>
			</report>
			<report>
				<misses>6874001</misses>
				<total>11</total>
				<timestamp>2060.137998</timestamp>
			</report>
			<report>
				<misses>6875001</misses>
				<total>11</total>
				<timestamp>2060.437721</timestamp>
			</report>
			<report>
				<misses>6876001</misses>
				<total>11</total>
				<timestamp>2060.737388</timestamp>
			</report>
			<report>
				<misses>6877001</misses>
				<total>11</total>
				<timestamp>2061.037063</timestamp>
			</report>
			<report>
				<misses>6878001</misses>
				<total>11</total>
				<timestamp>2061.336776</timestamp>
			</report>
			<report>
				<misses>6879001</misses>
				<total>11</total>
				<timestamp>2061.636555</timestamp>
			</report>
			<report>
				<misses>6880001</misses>
				<total>11</total>
				<timestamp>2061.936183</timestamp>
			</report>
			<report>
				<misses>6881001</misses>
				<total>11</total>
				<timestamp>2062.235880</timestamp>
			</report>
			<report>
				<misses>6882001</misses>
				<total>11</total>
				<timestamp>2062.535578</timestamp>
			</report>
			<report>
				<misses>6883001</misses>
				<total>11</total>
				<timestamp>2062.835324</timestamp>
			</report>
			<report>
				<misses>6884001</misses>
				<total>11</total>
				<timestamp>2063.135048</timestamp>
			</report>
			<report>
				<misses>6885001</misses>
				<total>11</total>
				<timestamp>2063.434724</timestamp>
			</report>
			<report>
				<misses>6886001</misses>
				<total>11</total>
				<timestamp>2063.734364</timestamp>
			</report>
			<report>
				<misses>6887001</misses>
				<total>11</total>
				<timestamp>2064.034064</timestamp>
			</report>
			<report>
				<misses>6888001</misses>
				<total>11</total>
				<timestamp>2064.333789</timestamp>
			</report>
			<report>
				<misses>6889001</misses>
				<total>10</total>
				<timestamp>2064.633592</timestamp>
			</report>
			<report>
				<misses>6890001</misses>
				<total>11</total>
				<timestamp>2064.933168</timestamp>
			</report>
			<report>
				<misses>6891001</misses>
				<total>11</total>
				<timestamp>2065.232874</timestamp>
			</report>
			<report>
				<misses>6892001</misses>
				<total>11</total>
				<timestamp>2065.532575</timestamp>
			</report>
			<report>
				<misses>6893001</misses>
				<total>11</total>
				<timestamp>2065.832261</timestamp>
			</report>
			<report>
				<misses>6894001</misses>
				<total>11</total>
				<timestamp>2066.131976</timestamp>
			</report>
			<report>
				<misses>6895001</misses>
				<total>11</total>
				<timestamp>2066.431673</timestamp>
			</report>
			<report>
				<misses>6896001</misses>
				<total>11</total>
				<timestamp>2066.731364</timestamp>
			</report>
			<report>
				<misses>6897001</misses>
				<total>11</total>
				<timestamp>2067.031125</timestamp>
			</report>
			<report>
				<misses>6898001</misses>
				<total>11</total>
				<timestamp>2067.330843</timestamp>
			</report>
			<report>
				<misses>6899001</misses>
				<total>11</total>
				<timestamp>2067.630533</timestamp>
			</report>
			<report>
				<misses>6900001</misses>
				<total>11</total>
				<timestamp>2067.930190</timestamp>
			</report>
			<report>
				<misses>6901001</misses>
				<total>11</total>
				<timestamp>2068.229938</timestamp>
			</report>
			<report>
				<misses>6902001</misses>
				<total>11</total>
				<timestamp>2068.529586</timestamp>
			</report>
			<report>
				<misses>6903001</misses>
				<total>11</total>
				<timestamp>2068.829269</timestamp>
			</report>
			<report>
				<misses>6904001</misses>
				<total>11</total>
				<timestamp>2069.129003</timestamp>
			</report>
			<report>
				<misses>6905001</misses>
				<total>11</total>
				<timestamp>2069.428689</timestamp>
			</report>
			<report>
				<misses>6906001</misses>
				<total>11</total>
				<timestamp>2069.728372</timestamp>
			</report>
			<report>
				<misses>6907001</misses>
				<total>11</total>
				<timestamp>2070.028079</timestamp>
			</report>
			<report>
				<misses>6908001</misses>
				<total>11</total>
				<timestamp>2070.327801</timestamp>
			</report>
			<report>
				<misses>6909001</misses>
				<total>11</total>
				<timestamp>2070.627567</timestamp>
			</report>
			<report>
				<misses>6910001</misses>
				<total>11</total>
				<timestamp>2070.927165</timestamp>
			</report>
			<report>
				<misses>6911001</misses>
				<total>11</total>
				<timestamp>2071.226879</timestamp>
			</report>
			<report>
				<misses>6912001</misses>
				<total>11</total>
				<timestamp>2071.526586</timestamp>
			</report>
			<report>
				<misses>6913001</misses>
				<total>11</total>
				<timestamp>2071.826277</timestamp>
			</report>
			<report>
				<misses>6914001</misses>
				<total>11</total>
				<timestamp>2072.125966</timestamp>
			</report>
			<report>
				<misses>6915001</misses>
				<total>11</total>
				<timestamp>2072.425704</timestamp>
			</report>
			<report>
				<misses>6916001</misses>
				<total>11</total>
				<timestamp>2072.725366</timestamp>
			</report>
			<report>
				<misses>6917001</misses>
				<total>11</total>
				<timestamp>2073.025101</timestamp>
			</report>
			<report>
				<misses>6918001</misses>
				<total>11</total>
				<timestamp>2073.324792</timestamp>
			</report>
			<report>
				<misses>6919001</misses>
				<total>11</total>
				<timestamp>2073.624539</timestamp>
			</report>
			<report>
				<misses>6920001</misses>
				<total>11</total>
				<timestamp>2073.924167</timestamp>
			</report>
			<report>
				<misses>6921001</misses>
				<total>11</total>
				<timestamp>2074.223871</timestamp>
			</report>
			<report>
				<misses>6922001</misses>
				<total>11</total>
				<timestamp>2074.523612</timestamp>
			</report>
			<report>
				<misses>6923001</misses>
				<total>11</total>
				<timestamp>2074.823274</timestamp>
			</report>
			<report>
				<misses>6924001</misses>
				<total>11</total>
				<timestamp>2075.122997</timestamp>
			</report>
			<report>
				<misses>6925001</misses>
				<total>11</total>
				<timestamp>2075.422707</timestamp>
			</report>
			<report>
				<misses>6926001</misses>
				<total>10</total>
				<timestamp>2075.722482</timestamp>
			</report>
			<report>
				<misses>6927001</misses>
				<total>11</total>
				<timestamp>2076.022097</timestamp>
			</report>
			<report>
				<misses>6928001</misses>
				<total>11</total>
				<timestamp>2076.321763</timestamp>
			</report>
			<report>
				<misses>6929001</misses>
				<total>11</total>
				<timestamp>2076.621563</timestamp>
			</report>
			<report>
				<misses>6930001</misses>
				<total>11</total>
				<timestamp>2076.921179</timestamp>
			</report>
			<report>
				<misses>6931001</misses>
				<total>11</total>
				<timestamp>2077.220883</timestamp>
			</report>
			<report>
				<misses>6932001</misses>
				<total>11</total>
				<timestamp>2077.520620</timestamp>
			</report>
			<report>
				<misses>6933001</misses>
				<total>11</total>
				<timestamp>2077.820301</timestamp>
			</report>
			<report>
				<misses>6934001</misses>
				<total>11</total>
				<timestamp>2078.119985</timestamp>
			</report>
			<report>
				<misses>6935001</misses>
				<total>11</total>
				<timestamp>2078.419715</timestamp>
			</report>
			<report>
				<misses>6936001</misses>
				<total>11</total>
				<timestamp>2078.719380</timestamp>
			</report>
			<report>
				<misses>6937001</misses>
				<total>11</total>
				<timestamp>2079.019079</timestamp>
			</report>
			<report>
				<misses>6938001</misses>
				<total>11</total>
				<timestamp>2079.318818</timestamp>
			</report>
			<report>
				<misses>6939001</misses>
				<total>11</total>
				<timestamp>2079.618550</timestamp>
			</report>
			<report>
				<misses>6940001</misses>
				<total>11</total>
				<timestamp>2079.918171</timestamp>
			</report>
			<report>
				<misses>6941001</misses>
				<total>11</total>
				<timestamp>2080.217869</timestamp>
			</report>
			<report>
				<misses>6942001</misses>
				<total>11</total>
				<timestamp>2080.517610</timestamp>
			</report>
			<report>
				<misses>6943001</misses>
				<total>11</total>
				<timestamp>2080.817274</timestamp>
			</report>
			<report>
				<misses>6944001</misses>
				<total>11</total>
				<timestamp>2081.117069</timestamp>
			</report>
			<report>
				<misses>6945001</misses>
				<total>11</total>
				<timestamp>2081.416695</timestamp>
			</report>
			<report>
				<misses>6946001</misses>
				<total>11</total>
				<timestamp>2081.716383</timestamp>
			</report>
			<report>
				<misses>6947001</misses>
				<total>11</total>
				<timestamp>2082.016092</timestamp>
			</report>
			<report>
				<misses>6948001</misses>
				<total>11</total>
				<timestamp>2082.315762</timestamp>
			</report>
			<report>
				<misses>6949001</misses>
				<total>11</total>
				<timestamp>2082.615490</timestamp>
			</report>
			<report>
				<misses>6950001</misses>
				<total>11</total>
				<timestamp>2082.915167</timestamp>
			</report>
			<report>
				<misses>6951001</misses>
				<total>11</total>
				<timestamp>2083.214875</timestamp>
			</report>
			<report>
				<misses>6952001</misses>
				<total>11</total>
				<timestamp>2083.514590</timestamp>
			</report>
			<report>
				<misses>6953001</misses>
				<total>11</total>
				<timestamp>2083.814269</timestamp>
			</report>
			<report>
				<misses>6954001</misses>
				<total>11</total>
				<timestamp>2084.114018</timestamp>
			</report>
			<report>
				<misses>6955001</misses>
				<total>11</total>
				<timestamp>2084.413697</timestamp>
			</report>
			<report>
				<misses>6956001</misses>
				<total>10</total>
				<timestamp>2084.713530</timestamp>
			</report>
			<report>
				<misses>6957001</misses>
				<total>11</total>
				<timestamp>2085.013082</timestamp>
			</report>
			<report>
				<misses>6958001</misses>
				<total>11</total>
				<timestamp>2085.312762</timestamp>
			</report>
			<report>
				<misses>6959001</misses>
				<total>10</total>
				<timestamp>2085.612593</timestamp>
			</report>
			<report>
				<misses>6960001</misses>
				<total>11</total>
				<timestamp>2085.912170</timestamp>
			</report>
			<report>
				<misses>6961001</misses>
				<total>11</total>
				<timestamp>2086.211873</timestamp>
			</report>
			<report>
				<misses>6962001</misses>
				<total>11</total>
				<timestamp>2086.511654</timestamp>
			</report>
			<report>
				<misses>6963001</misses>
				<total>11</total>
				<timestamp>2086.811267</timestamp>
			</report>
			<report>
				<misses>6964001</misses>
				<total>10</total>
				<timestamp>2087.111071</timestamp>
			</report>
			<report>
				<misses>6965001</misses>
				<total>11</total>
				<timestamp>2087.410736</timestamp>
			</report>
			<report>
				<misses>6966001</misses>
				<total>11</total>
				<timestamp>2087.710465</timestamp>
			</report>
			<report>
				<misses>6967001</misses>
				<total>11</total>
				<timestamp>2088.010072</timestamp>
			</report>
			<report>
				<misses>6968001</misses>
				<total>11</total>
				<timestamp>2088.309772</timestamp>
			</report>
			<report>
				<misses>6969001</misses>
				<total>11</total>
				<timestamp>2088.609464</timestamp>
			</report>
			<report>
				<misses>6970001</misses>
				<total>11</total>
				<timestamp>2088.909166</timestamp>
			</report>
			<report>
				<misses>6971001</misses>
				<total>11</total>
				<timestamp>2089.208867</timestamp>
			</report>
			<report>
				<misses>6972001</misses>
				<total>11</total>
				<timestamp>2089.508584</timestamp>
			</report>
			<report>
				<misses>6973001</misses>
				<total>11</total>
				<timestamp>2089.808268</timestamp>
			</report>
			<report>
				<misses>6974001</misses>
				<total>11</total>
				<timestamp>2090.107999</timestamp>
			</report>
			<report>
				<misses>6975001</misses>
				<total>11</total>
				<timestamp>2090.407669</timestamp>
			</report>
			<report>
				<misses>6976001</misses>
				<total>11</total>
				<timestamp>2090.707366</timestamp>
			</report>
			<report>
				<misses>6977001</misses>
				<total>11</total>
				<timestamp>2091.007071</timestamp>
			</report>
			<report>
				<misses>6978001</misses>
				<total>11</total>
				<timestamp>2091.306776</timestamp>
			</report>
			<report>
				<misses>6979001</misses>
				<total>11</total>
				<timestamp>2091.606487</timestamp>
			</report>
			<report>
				<misses>6980001</misses>
				<total>11</total>
				<timestamp>2091.906239</timestamp>
			</report>
			<report>
				<misses>6981001</misses>
				<total>11</total>
				<timestamp>2092.205892</timestamp>
			</report>
			<report>
				<misses>6982001</misses>
				<total>11</total>
				<timestamp>2092.505661</timestamp>
			</report>
			<report>
				<misses>6983001</misses>
				<total>11</total>
				<timestamp>2092.805354</timestamp>
			</report>
			<report>
				<misses>6984001</misses>
				<total>11</total>
				<timestamp>2093.105010</timestamp>
			</report>
			<report>
				<misses>6985001</misses>
				<total>11</total>
				<timestamp>2093.404664</timestamp>
			</report>
			<report>
				<misses>6986001</misses>
				<total>11</total>
				<timestamp>2093.704356</timestamp>
			</report>
			<report>
				<misses>6987001</misses>
				<total>11</total>
				<timestamp>2094.004122</timestamp>
			</report>
			<report>
				<misses>6988001</misses>
				<total>11</total>
				<timestamp>2094.303781</timestamp>
			</report>
			<report>
				<misses>6989001</misses>
				<total>11</total>
				<timestamp>2094.603541</timestamp>
			</report>
			<report>
				<misses>6990001</misses>
				<total>11</total>
				<timestamp>2094.903161</timestamp>
			</report>
			<report>
				<misses>6991001</misses>
				<total>11</total>
				<timestamp>2095.202865</timestamp>
			</report>
			<report>
				<misses>6992001</misses>
				<total>11</total>
				<timestamp>2095.502625</timestamp>
			</report>
			<report>
				<misses>6993001</misses>
				<total>11</total>
				<timestamp>2095.802323</timestamp>
			</report>
			<report>
				<misses>6994001</misses>
				<total>11</total>
				<timestamp>2096.101994</timestamp>
			</report>
			<report>
				<misses>6995001</misses>
				<total>11</total>
				<timestamp>2096.401659</timestamp>
			</report>
			<report>
				<misses>6996001</misses>
				<total>11</total>
				<timestamp>2096.701456</timestamp>
			</report>
			<report>
				<misses>6997001</misses>
				<total>11</total>
				<timestamp>2097.001071</timestamp>
			</report>
			<report>
				<misses>6998001</misses>
				<total>11</total>
				<timestamp>2097.300855</timestamp>
			</report>
			<report>
				<misses>6999001</misses>
				<total>11</total>
				<timestamp>2097.600506</timestamp>
			</report>
			<report>
				<misses>7000001</misses>
				<total>11</total>
				<timestamp>2097.900173</timestamp>
			</report>
			<report>
				<misses>7001001</misses>
				<total>11</total>
				<timestamp>2098.199953</timestamp>
			</report>
			<report>
				<misses>7002001</misses>
				<total>11</total>
				<timestamp>2098.499583</timestamp>
			</report>
			<report>
				<misses>7003001</misses>
				<total>11</total>
				<timestamp>2098.799310</timestamp>
			</report>
			<report>
				<misses>7004001</misses>
				<total>11</total>
				<timestamp>2099.099034</timestamp>
			</report>
			<report>
				<misses>7005001</misses>
				<total>11</total>
				<timestamp>2099.398672</timestamp>
			</report>
			<report>
				<misses>7006001</misses>
				<total>11</total>
				<timestamp>2099.698413</timestamp>
			</report>
			<report>
				<misses>7007001</misses>
				<total>11</total>
				<timestamp>2099.998059</timestamp>
			</report>
			<report>
				<misses>7008001</misses>
				<total>11</total>
				<timestamp>2100.297777</timestamp>
			</report>
			<report>
				<misses>7009001</misses>
				<total>11</total>
				<timestamp>2100.597507</timestamp>
			</report>
			<report>
				<misses>7010001</misses>
				<total>11</total>
				<timestamp>2100.897173</timestamp>
			</report>
			<report>
				<misses>7011001</misses>
				<total>11</total>
				<timestamp>2101.196885</timestamp>
			</report>
			<report>
				<misses>7012001</misses>
				<total>11</total>
				<timestamp>2101.496588</timestamp>
			</report>
			<report>
				<misses>7013001</misses>
				<total>11</total>
				<timestamp>2101.796362</timestamp>
			</report>
			<report>
				<misses>7014001</misses>
				<total>11</total>
				<timestamp>2102.095989</timestamp>
			</report>
			<report>
				<misses>7015001</misses>
				<total>11</total>
				<timestamp>2102.395766</timestamp>
			</report>
			<report>
				<misses>7016001</misses>
				<total>11</total>
				<timestamp>2102.695393</timestamp>
			</report>
			<report>
				<misses>7017001</misses>
				<total>11</total>
				<timestamp>2102.995076</timestamp>
			</report>
			<report>
				<misses>7018001</misses>
				<total>11</total>
				<timestamp>2103.294770</timestamp>
			</report>
			<report>
				<misses>7019001</misses>
				<total>11</total>
				<timestamp>2103.594471</timestamp>
			</report>
			<report>
				<misses>7020001</misses>
				<total>11</total>
				<timestamp>2103.894178</timestamp>
			</report>
			<report>
				<misses>7021001</misses>
				<total>11</total>
				<timestamp>2104.193886</timestamp>
			</report>
			<report>
				<misses>7022001</misses>
				<total>11</total>
				<timestamp>2104.493585</timestamp>
			</report>
			<report>
				<misses>7023001</misses>
				<total>11</total>
				<timestamp>2104.793367</timestamp>
			</report>
			<report>
				<misses>7024001</misses>
				<total>11</total>
				<timestamp>2105.093015</timestamp>
			</report>
			<report>
				<misses>7025001</misses>
				<total>11</total>
				<timestamp>2105.392676</timestamp>
			</report>
			<report>
				<misses>7026001</misses>
				<total>11</total>
				<timestamp>2105.692448</timestamp>
			</report>
			<report>
				<misses>7027001</misses>
				<total>11</total>
				<timestamp>2105.992090</timestamp>
			</report>
			<report>
				<misses>7028001</misses>
				<total>11</total>
				<timestamp>2106.291779</timestamp>
			</report>
			<report>
				<misses>7029001</misses>
				<total>11</total>
				<timestamp>2106.591484</timestamp>
			</report>
			<report>
				<misses>7030001</misses>
				<total>11</total>
				<timestamp>2106.891178</timestamp>
			</report>
			<report>
				<misses>7031001</misses>
				<total>11</total>
				<timestamp>2107.190883</timestamp>
			</report>
			<report>
				<misses>7032001</misses>
				<total>11</total>
				<timestamp>2107.490614</timestamp>
			</report>
			<report>
				<misses>7033001</misses>
				<total>11</total>
				<timestamp>2107.790266</timestamp>
			</report>
			<report>
				<misses>7034001</misses>
				<total>11</total>
				<timestamp>2108.090029</timestamp>
			</report>
			<report>
				<misses>7035001</misses>
				<total>11</total>
				<timestamp>2108.389675</timestamp>
			</report>
			<report>
				<misses>7036001</misses>
				<total>11</total>
				<timestamp>2108.689474</timestamp>
			</report>
			<report>
				<misses>7037001</misses>
				<total>11</total>
				<timestamp>2108.989078</timestamp>
			</report>
			<report>
				<misses>7038001</misses>
				<total>11</total>
				<timestamp>2109.288803</timestamp>
			</report>
			<report>
				<misses>7039001</misses>
				<total>11</total>
				<timestamp>2109.588501</timestamp>
			</report>
			<report>
				<misses>7040001</misses>
				<total>11</total>
				<timestamp>2109.888176</timestamp>
			</report>
			<report>
				<misses>7041001</misses>
				<total>11</total>
				<timestamp>2110.187866</timestamp>
			</report>
			<report>
				<misses>7042001</misses>
				<total>11</total>
				<timestamp>2110.487574</timestamp>
			</report>
			<report>
				<misses>7043001</misses>
				<total>11</total>
				<timestamp>2110.787300</timestamp>
			</report>
			<report>
				<misses>7044001</misses>
				<total>11</total>
				<timestamp>2111.086988</timestamp>
			</report>
			<report>
				<misses>7045001</misses>
				<total>11</total>
				<timestamp>2111.386670</timestamp>
			</report>
			<report>
				<misses>7046001</misses>
				<total>11</total>
				<timestamp>2111.686439</timestamp>
			</report>
			<report>
				<misses>7047001</misses>
				<total>11</total>
				<timestamp>2111.986087</timestamp>
			</report>
			<report>
				<misses>7048001</misses>
				<total>11</total>
				<timestamp>2112.285767</timestamp>
			</report>
			<report>
				<misses>7049001</misses>
				<total>11</total>
				<timestamp>2112.585518</timestamp>
			</report>
			<report>
				<misses>7050001</misses>
				<total>11</total>
				<timestamp>2112.885172</timestamp>
			</report>
			<report>
				<misses>7051001</misses>
				<total>11</total>
				<timestamp>2113.184882</timestamp>
			</report>
			<report>
				<misses>7052001</misses>
				<total>11</total>
				<timestamp>2113.484661</timestamp>
			</report>
			<report>
				<misses>7053001</misses>
				<total>11</total>
				<timestamp>2113.784303</timestamp>
			</report>
			<report>
				<misses>7054001</misses>
				<total>11</total>
				<timestamp>2114.084068</timestamp>
			</report>
			<report>
				<misses>7055001</misses>
				<total>11</total>
				<timestamp>2114.383700</timestamp>
			</report>
			<report>
				<misses>7056001</misses>
				<total>11</total>
				<timestamp>2114.683381</timestamp>
			</report>
			<report>
				<misses>7057001</misses>
				<total>11</total>
				<timestamp>2114.983071</timestamp>
			</report>
			<report>
				<misses>7058001</misses>
				<total>11</total>
				<timestamp>2115.282843</timestamp>
			</report>
			<report>
				<misses>7059001</misses>
				<total>11</total>
				<timestamp>2115.582505</timestamp>
			</report>
			<report>
				<misses>7060001</misses>
				<total>11</total>
				<timestamp>2115.882206</timestamp>
			</report>
			<report>
				<misses>7061001</misses>
				<total>11</total>
				<timestamp>2116.181865</timestamp>
			</report>
			<report>
				<misses>7062001</misses>
				<total>11</total>
				<timestamp>2116.481577</timestamp>
			</report>
			<report>
				<misses>7063001</misses>
				<total>11</total>
				<timestamp>2116.781369</timestamp>
			</report>
			<report>
				<misses>7064001</misses>
				<total>11</total>
				<timestamp>2117.080999</timestamp>
			</report>
			<report>
				<misses>7065001</misses>
				<total>11</total>
				<timestamp>2117.380686</timestamp>
			</report>
			<report>
				<misses>7066001</misses>
				<total>11</total>
				<timestamp>2117.680441</timestamp>
			</report>
			<report>
				<misses>7067001</misses>
				<total>11</total>
				<timestamp>2117.980057</timestamp>
			</report>
			<report>
				<misses>7068001</misses>
				<total>11</total>
				<timestamp>2118.279765</timestamp>
			</report>
			<report>
				<misses>7069001</misses>
				<total>11</total>
				<timestamp>2118.579501</timestamp>
			</report>
			<report>
				<misses>7070001</misses>
				<total>11</total>
				<timestamp>2118.879221</timestamp>
			</report>
			<report>
				<misses>7071001</misses>
				<total>11</total>
				<timestamp>2119.178874</timestamp>
			</report>
			<report>
				<misses>7072001</misses>
				<total>11</total>
				<timestamp>2119.478559</timestamp>
			</report>
			<report>
				<misses>7073001</misses>
				<total>11</total>
				<timestamp>2119.778306</timestamp>
			</report>
			<report>
				<misses>7074001</misses>
				<total>11</total>
				<timestamp>2120.077996</timestamp>
			</report>
			<report>
				<misses>7075001</misses>
				<total>11</total>
				<timestamp>2120.377690</timestamp>
			</report>
			<report>
				<misses>7076001</misses>
				<total>11</total>
				<timestamp>2120.677393</timestamp>
			</report>
			<report>
				<misses>7077001</misses>
				<total>11</total>
				<timestamp>2120.977071</timestamp>
			</report>
			<report>
				<misses>7078001</misses>
				<total>11</total>
				<timestamp>2121.276765</timestamp>
			</report>
			<report>
				<misses>7079001</misses>
				<total>11</total>
				<timestamp>2121.576474</timestamp>
			</report>
			<report>
				<misses>7080001</misses>
				<total>11</total>
				<timestamp>2121.876166</timestamp>
			</report>
			<report>
				<misses>7081001</misses>
				<total>11</total>
				<timestamp>2122.175872</timestamp>
			</report>
			<report>
				<misses>7082001</misses>
				<total>11</total>
				<timestamp>2122.475575</timestamp>
			</report>
			<report>
				<misses>7083001</misses>
				<total>11</total>
				<timestamp>2122.775364</timestamp>
			</report>
			<report>
				<misses>7084001</misses>
				<total>11</total>
				<timestamp>2123.074997</timestamp>
			</report>
			<report>
				<misses>7085001</misses>
				<total>11</total>
				<timestamp>2123.374679</timestamp>
			</report>
			<report>
				<misses>7086001</misses>
				<total>11</total>
				<timestamp>2123.674430</timestamp>
			</report>
			<report>
				<misses>7087001</misses>
				<total>11</total>
				<timestamp>2123.974077</timestamp>
			</report>
			<report>
				<misses>7088001</misses>
				<total>11</total>
				<timestamp>2124.273830</timestamp>
			</report>
			<report>
				<misses>7089001</misses>
				<total>11</total>
				<timestamp>2124.573482</timestamp>
			</report>
			<report>
				<misses>7090001</misses>
				<total>10</total>
				<timestamp>2124.873300</timestamp>
			</report>
			<report>
				<misses>7091001</misses>
				<total>11</total>
				<timestamp>2125.172886</timestamp>
			</report>
			<report>
				<misses>7092001</misses>
				<total>11</total>
				<timestamp>2125.472562</timestamp>
			</report>
			<report>
				<misses>7093001</misses>
				<total>11</total>
				<timestamp>2125.772322</timestamp>
			</report>
			<report>
				<misses>7094001</misses>
				<total>11</total>
				<timestamp>2126.072006</timestamp>
			</report>
			<report>
				<misses>7095001</misses>
				<total>11</total>
				<timestamp>2126.371689</timestamp>
			</report>
			<report>
				<misses>7096001</misses>
				<total>11</total>
				<timestamp>2126.671389</timestamp>
			</report>
			<report>
				<misses>7097001</misses>
				<total>11</total>
				<timestamp>2126.971068</timestamp>
			</report>
			<report>
				<misses>7098001</misses>
				<total>11</total>
				<timestamp>2127.270778</timestamp>
			</report>
			<report>
				<misses>7099001</misses>
				<total>11</total>
				<timestamp>2127.570468</timestamp>
			</report>
			<report>
				<misses>7100001</misses>
				<total>11</total>
				<timestamp>2127.870247</timestamp>
			</report>
			<report>
				<misses>7101001</misses>
				<total>11</total>
				<timestamp>2128.169867</timestamp>
			</report>
			<report>
				<misses>7102001</misses>
				<total>11</total>
				<timestamp>2128.469580</timestamp>
			</report>
			<report>
				<misses>7103001</misses>
				<total>11</total>
				<timestamp>2128.769338</timestamp>
			</report>
			<report>
				<misses>7104001</misses>
				<total>11</total>
				<timestamp>2129.068996</timestamp>
			</report>
			<report>
				<misses>7105001</misses>
				<total>11</total>
				<timestamp>2129.368668</timestamp>
			</report>
			<report>
				<misses>7106001</misses>
				<total>11</total>
				<timestamp>2129.668421</timestamp>
			</report>
			<report>
				<misses>7107001</misses>
				<total>11</total>
				<timestamp>2129.968081</timestamp>
			</report>
			<report>
				<misses>7108001</misses>
				<total>11</total>
				<timestamp>2130.267764</timestamp>
			</report>
			<report>
				<misses>7109001</misses>
				<total>11</total>
				<timestamp>2130.567460</timestamp>
			</report>
			<report>
				<misses>7110001</misses>
				<total>11</total>
				<timestamp>2130.867262</timestamp>
			</report>
			<report>
				<misses>7111001</misses>
				<total>10</total>
				<timestamp>2131.166993</timestamp>
			</report>
			<report>
				<misses>7112001</misses>
				<total>11</total>
				<timestamp>2131.466575</timestamp>
			</report>
			<report>
				<misses>7113001</misses>
				<total>11</total>
				<timestamp>2131.766310</timestamp>
			</report>
			<report>
				<misses>7114001</misses>
				<total>11</total>
				<timestamp>2132.065991</timestamp>
			</report>
			<report>
				<misses>7115001</misses>
				<total>11</total>
				<timestamp>2132.365681</timestamp>
			</report>
			<report>
				<misses>7116001</misses>
				<total>11</total>
				<timestamp>2132.665411</timestamp>
			</report>
			<report>
				<misses>7117001</misses>
				<total>11</total>
				<timestamp>2132.965134</timestamp>
			</report>
			<report>
				<misses>7118001</misses>
				<total>11</total>
				<timestamp>2133.264778</timestamp>
			</report>
			<report>
				<misses>7119001</misses>
				<total>11</total>
				<timestamp>2133.564462</timestamp>
			</report>
			<report>
				<misses>7120001</misses>
				<total>11</total>
				<timestamp>2133.864278</timestamp>
			</report>
			<report>
				<misses>7121001</misses>
				<total>11</total>
				<timestamp>2134.163862</timestamp>
			</report>
			<report>
				<misses>7122001</misses>
				<total>11</total>
				<timestamp>2134.463589</timestamp>
			</report>
			<report>
				<misses>7123001</misses>
				<total>11</total>
				<timestamp>2134.763276</timestamp>
			</report>
			<report>
				<misses>7124001</misses>
				<total>11</total>
				<timestamp>2135.062988</timestamp>
			</report>
			<report>
				<misses>7125001</misses>
				<total>11</total>
				<timestamp>2135.362740</timestamp>
			</report>
			<report>
				<misses>7126001</misses>
				<total>11</total>
				<timestamp>2135.662398</timestamp>
			</report>
			<report>
				<misses>7127001</misses>
				<total>11</total>
				<timestamp>2135.962074</timestamp>
			</report>
			<report>
				<misses>7128001</misses>
				<total>11</total>
				<timestamp>2136.261763</timestamp>
			</report>
			<report>
				<misses>7129001</misses>
				<total>11</total>
				<timestamp>2136.561496</timestamp>
			</report>
			<report>
				<misses>7130001</misses>
				<total>11</total>
				<timestamp>2136.861195</timestamp>
			</report>
			<report>
				<misses>7131001</misses>
				<total>11</total>
				<timestamp>2137.160883</timestamp>
			</report>
			<report>
				<misses>7132001</misses>
				<total>11</total>
				<timestamp>2137.460623</timestamp>
			</report>
			<report>
				<misses>7133001</misses>
				<total>11</total>
				<timestamp>2137.760336</timestamp>
			</report>
			<report>
				<misses>7134001</misses>
				<total>11</total>
				<timestamp>2138.059998</timestamp>
			</report>
			<report>
				<misses>7135001</misses>
				<total>11</total>
				<timestamp>2138.359725</timestamp>
			</report>
			<report>
				<misses>7136001</misses>
				<total>11</total>
				<timestamp>2138.659418</timestamp>
			</report>
			<report>
				<misses>7137001</misses>
				<total>11</total>
				<timestamp>2138.959081</timestamp>
			</report>
			<report>
				<misses>7138001</misses>
				<total>11</total>
				<timestamp>2139.258766</timestamp>
			</report>
			<report>
				<misses>7139001</misses>
				<total>11</total>
				<timestamp>2139.558492</timestamp>
			</report>
			<report>
				<misses>7140001</misses>
				<total>11</total>
				<timestamp>2139.858212</timestamp>
			</report>
			<report>
				<misses>7141001</misses>
				<total>11</total>
				<timestamp>2140.157871</timestamp>
			</report>
			<report>
				<misses>7142001</misses>
				<total>11</total>
				<timestamp>2140.457608</timestamp>
			</report>
			<report>
				<misses>7143001</misses>
				<total>11</total>
				<timestamp>2140.757290</timestamp>
			</report>
			<report>
				<misses>7144001</misses>
				<total>11</total>
				<timestamp>2141.056977</timestamp>
			</report>
			<report>
				<misses>7145001</misses>
				<total>11</total>
				<timestamp>2141.356670</timestamp>
			</report>
			<report>
				<misses>7146001</misses>
				<total>11</total>
				<timestamp>2141.656359</timestamp>
			</report>
			<report>
				<misses>7147001</misses>
				<total>10</total>
				<timestamp>2141.956228</timestamp>
			</report>
			<report>
				<misses>7148001</misses>
				<total>11</total>
				<timestamp>2142.255778</timestamp>
			</report>
			<report>
				<misses>7149001</misses>
				<total>11</total>
				<timestamp>2142.555467</timestamp>
			</report>
			<report>
				<misses>7150001</misses>
				<total>11</total>
				<timestamp>2142.855255</timestamp>
			</report>
			<report>
				<misses>7151001</misses>
				<total>11</total>
				<timestamp>2143.154879</timestamp>
			</report>
			<report>
				<misses>7152001</misses>
				<total>11</total>
				<timestamp>2143.454560</timestamp>
			</report>
			<report>
				<misses>7153001</misses>
				<total>11</total>
				<timestamp>2143.754299</timestamp>
			</report>
			<report>
				<misses>7154001</misses>
				<total>11</total>
				<timestamp>2144.054004</timestamp>
			</report>
			<report>
				<misses>7155001</misses>
				<total>11</total>
				<timestamp>2144.353708</timestamp>
			</report>
			<report>
				<misses>7156001</misses>
				<total>11</total>
				<timestamp>2144.653429</timestamp>
			</report>
			<report>
				<misses>7157001</misses>
				<total>11</total>
				<timestamp>2144.953152</timestamp>
			</report>
			<report>
				<misses>7158001</misses>
				<total>11</total>
				<timestamp>2145.252787</timestamp>
			</report>
			<report>
				<misses>7159001</misses>
				<total>11</total>
				<timestamp>2145.552476</timestamp>
			</report>
			<report>
				<misses>7160001</misses>
				<total>11</total>
				<timestamp>2145.852248</timestamp>
			</report>
			<report>
				<misses>7161001</misses>
				<total>11</total>
				<timestamp>2146.151870</timestamp>
			</report>
			<report>
				<misses>7162001</misses>
				<total>11</total>
				<timestamp>2146.451636</timestamp>
			</report>
			<report>
				<misses>7163001</misses>
				<total>11</total>
				<timestamp>2146.751284</timestamp>
			</report>
			<report>
				<misses>7164001</misses>
				<total>11</total>
				<timestamp>2147.050985</timestamp>
			</report>
			<report>
				<misses>7165001</misses>
				<total>11</total>
				<timestamp>2147.350663</timestamp>
			</report>
			<report>
				<misses>7166001</misses>
				<total>11</total>
				<timestamp>2147.650371</timestamp>
			</report>
			<report>
				<misses>7167001</misses>
				<total>11</total>
				<timestamp>2147.950179</timestamp>
			</report>
			<report>
				<misses>7168001</misses>
				<total>11</total>
				<timestamp>2148.249776</timestamp>
			</report>
			<report>
				<misses>7169001</misses>
				<total>11</total>
				<timestamp>2148.549485</timestamp>
			</report>
			<report>
				<misses>7170001</misses>
				<total>11</total>
				<timestamp>2148.849196</timestamp>
			</report>
			<report>
				<misses>7171001</misses>
				<total>11</total>
				<timestamp>2149.148886</timestamp>
			</report>
			<report>
				<misses>7172001</misses>
				<total>11</total>
				<timestamp>2149.448618</timestamp>
			</report>
			<report>
				<misses>7173001</misses>
				<total>11</total>
				<timestamp>2149.748292</timestamp>
			</report>
			<report>
				<misses>7174001</misses>
				<total>11</total>
				<timestamp>2150.047986</timestamp>
			</report>
			<report>
				<misses>7175001</misses>
				<total>11</total>
				<timestamp>2150.347675</timestamp>
			</report>
			<report>
				<misses>7176001</misses>
				<total>11</total>
				<timestamp>2150.647441</timestamp>
			</report>
			<report>
				<misses>7177001</misses>
				<total>11</total>
				<timestamp>2150.947071</timestamp>
			</report>
			<report>
				<misses>7178001</misses>
				<total>11</total>
				<timestamp>2151.246783</timestamp>
			</report>
			<report>
				<misses>7179001</misses>
				<total>11</total>
				<timestamp>2151.546480</timestamp>
			</report>
			<report>
				<misses>7180001</misses>
				<total>11</total>
				<timestamp>2151.846184</timestamp>
			</report>
			<report>
				<misses>7181001</misses>
				<total>11</total>
				<timestamp>2152.145916</timestamp>
			</report>
			<report>
				<misses>7182001</misses>
				<total>11</total>
				<timestamp>2152.445587</timestamp>
			</report>
			<report>
				<misses>7183001</misses>
				<total>11</total>
				<timestamp>2152.745311</timestamp>
			</report>
			<report>
				<misses>7184001</misses>
				<total>11</total>
				<timestamp>2153.045048</timestamp>
			</report>
			<report>
				<misses>7185001</misses>
				<total>11</total>
				<timestamp>2153.344761</timestamp>
			</report>
			<report>
				<misses>7186001</misses>
				<total>11</total>
				<timestamp>2153.644366</timestamp>
			</report>
			<report>
				<misses>7187001</misses>
				<total>11</total>
				<timestamp>2153.944156</timestamp>
			</report>
			<report>
				<misses>7188001</misses>
				<total>11</total>
				<timestamp>2154.243785</timestamp>
			</report>
			<report>
				<misses>7189001</misses>
				<total>11</total>
				<timestamp>2154.543464</timestamp>
			</report>
			<report>
				<misses>7190001</misses>
				<total>11</total>
				<timestamp>2154.843196</timestamp>
			</report>
			<report>
				<misses>7191001</misses>
				<total>11</total>
				<timestamp>2155.142906</timestamp>
			</report>
			<report>
				<misses>7192001</misses>
				<total>11</total>
				<timestamp>2155.442598</timestamp>
			</report>
			<report>
				<misses>7193001</misses>
				<total>10</total>
				<timestamp>2155.742383</timestamp>
			</report>
			<report>
				<misses>7194001</misses>
				<total>11</total>
				<timestamp>2156.042074</timestamp>
			</report>
			<report>
				<misses>7195001</misses>
				<total>11</total>
				<timestamp>2156.341677</timestamp>
			</report>
			<report>
				<misses>7196001</misses>
				<total>11</total>
				<timestamp>2156.641412</timestamp>
			</report>
			<report>
				<misses>7197001</misses>
				<total>11</total>
				<timestamp>2156.941141</timestamp>
			</report>
			<report>
				<misses>7198001</misses>
				<total>11</total>
				<timestamp>2157.240768</timestamp>
			</report>
			<report>
				<misses>7199001</misses>
				<total>11</total>
				<timestamp>2157.540484</timestamp>
			</report>
			<report>
				<misses>7200001</misses>
				<total>11</total>
				<timestamp>2157.840237</timestamp>
			</report>
			<report>
				<misses>7201001</misses>
				<total>11</total>
				<timestamp>2158.139961</timestamp>
			</report>
			<report>
				<misses>7202001</misses>
				<total>11</total>
				<timestamp>2158.439584</timestamp>
			</report>
			<report>
				<misses>7203001</misses>
				<total>11</total>
				<timestamp>2158.739308</timestamp>
			</report>
			<report>
				<misses>7204001</misses>
				<total>11</total>
				<timestamp>2159.039094</timestamp>
			</report>
			<report>
				<misses>7205001</misses>
				<total>11</total>
				<timestamp>2159.338682</timestamp>
			</report>
			<report>
				<misses>7206001</misses>
				<total>11</total>
				<timestamp>2159.638376</timestamp>
			</report>
			<report>
				<misses>7207001</misses>
				<total>11</total>
				<timestamp>2159.938098</timestamp>
			</report>
			<report>
				<misses>7208001</misses>
				<total>11</total>
				<timestamp>2160.237773</timestamp>
			</report>
			<report>
				<misses>7209001</misses>
				<total>11</total>
				<timestamp>2160.537533</timestamp>
			</report>
			<report>
				<misses>7210001</misses>
				<total>11</total>
				<timestamp>2160.837255</timestamp>
			</report>
			<report>
				<misses>7211001</misses>
				<total>11</total>
				<timestamp>2161.136864</timestamp>
			</report>
			<report>
				<misses>7212001</misses>
				<total>11</total>
				<timestamp>2161.436565</timestamp>
			</report>
			<report>
				<misses>7213001</misses>
				<total>11</total>
				<timestamp>2161.736265</timestamp>
			</report>
			<report>
				<misses>7214001</misses>
				<total>11</total>
				<timestamp>2162.036159</timestamp>
			</report>
			<report>
				<misses>7215001</misses>
				<total>11</total>
				<timestamp>2162.335662</timestamp>
			</report>
			<report>
				<misses>7216001</misses>
				<total>11</total>
				<timestamp>2162.635415</timestamp>
			</report>
			<report>
				<misses>7217001</misses>
				<total>11</total>
				<timestamp>2162.935126</timestamp>
			</report>
			<report>
				<misses>7218001</misses>
				<total>11</total>
				<timestamp>2163.234772</timestamp>
			</report>
			<report>
				<misses>7219001</misses>
				<total>11</total>
				<timestamp>2163.534470</timestamp>
			</report>
			<report>
				<misses>7220001</misses>
				<total>11</total>
				<timestamp>2163.834181</timestamp>
			</report>
			<report>
				<misses>7221001</misses>
				<total>11</total>
				<timestamp>2164.133875</timestamp>
			</report>
			<report>
				<misses>7222001</misses>
				<total>11</total>
				<timestamp>2164.433561</timestamp>
			</report>
			<report>
				<misses>7223001</misses>
				<total>11</total>
				<timestamp>2164.733278</timestamp>
			</report>
			<report>
				<misses>7224001</misses>
				<total>10</total>
				<timestamp>2165.033080</timestamp>
			</report>
			<report>
				<misses>7225001</misses>
				<total>11</total>
				<timestamp>2165.332674</timestamp>
			</report>
			<report>
				<misses>7226001</misses>
				<total>11</total>
				<timestamp>2165.632406</timestamp>
			</report>
			<report>
				<misses>7227001</misses>
				<total>11</total>
				<timestamp>2165.932074</timestamp>
			</report>
			<report>
				<misses>7228001</misses>
				<total>11</total>
				<timestamp>2166.231778</timestamp>
			</report>
			<report>
				<misses>7229001</misses>
				<total>11</total>
				<timestamp>2166.531470</timestamp>
			</report>
			<report>
				<misses>7230001</misses>
				<total>11</total>
				<timestamp>2166.831215</timestamp>
			</report>
			<report>
				<misses>7231001</misses>
				<total>11</total>
				<timestamp>2167.130888</timestamp>
			</report>
			<report>
				<misses>7232001</misses>
				<total>11</total>
				<timestamp>2167.430561</timestamp>
			</report>
			<report>
				<misses>7233001</misses>
				<total>11</total>
				<timestamp>2167.730273</timestamp>
			</report>
			<report>
				<misses>7234001</misses>
				<total>11</total>
				<timestamp>2168.030030</timestamp>
			</report>
			<report>
				<misses>7235001</misses>
				<total>11</total>
				<timestamp>2168.329676</timestamp>
			</report>
			<report>
				<misses>7236001</misses>
				<total>11</total>
				<timestamp>2168.629380</timestamp>
			</report>
			<report>
				<misses>7237001</misses>
				<total>11</total>
				<timestamp>2168.929076</timestamp>
			</report>
			<report>
				<misses>7238001</misses>
				<total>11</total>
				<timestamp>2169.228810</timestamp>
			</report>
			<report>
				<misses>7239001</misses>
				<total>11</total>
				<timestamp>2169.528468</timestamp>
			</report>
			<report>
				<misses>7240001</misses>
				<total>11</total>
				<timestamp>2169.828226</timestamp>
			</report>
			<report>
				<misses>7241001</misses>
				<total>11</total>
				<timestamp>2170.127885</timestamp>
			</report>
			<report>
				<misses>7242001</misses>
				<total>11</total>
				<timestamp>2170.427619</timestamp>
			</report>
			<report>
				<misses>7243001</misses>
				<total>11</total>
				<timestamp>2170.727357</timestamp>
			</report>
			<report>
				<misses>7244001</misses>
				<total>11</total>
				<timestamp>2171.027045</timestamp>
			</report>
			<report>
				<misses>7245001</misses>
				<total>11</total>
				<timestamp>2171.326682</timestamp>
			</report>
			<report>
				<misses>7246001</misses>
				<total>11</total>
				<timestamp>2171.626383</timestamp>
			</report>
			<report>
				<misses>7247001</misses>
				<total>11</total>
				<timestamp>2171.926111</timestamp>
			</report>
			<report>
				<misses>7248001</misses>
				<total>11</total>
				<timestamp>2172.225772</timestamp>
			</report>
			<report>
				<misses>7249001</misses>
				<total>11</total>
				<timestamp>2172.525548</timestamp>
			</report>
			<report>
				<misses>7250001</misses>
				<total>11</total>
				<timestamp>2172.825179</timestamp>
			</report>
			<report>
				<misses>7251001</misses>
				<total>11</total>
				<timestamp>2173.124982</timestamp>
			</report>
			<report>
				<misses>7252001</misses>
				<total>11</total>
				<timestamp>2173.424567</timestamp>
			</report>
			<report>
				<misses>7253001</misses>
				<total>11</total>
				<timestamp>2173.724283</timestamp>
			</report>
			<report>
				<misses>7254001</misses>
				<total>11</total>
				<timestamp>2174.024034</timestamp>
			</report>
			<report>
				<misses>7255001</misses>
				<total>11</total>
				<timestamp>2174.323673</timestamp>
			</report>
			<report>
				<misses>7256001</misses>
				<total>11</total>
				<timestamp>2174.623376</timestamp>
			</report>
			<report>
				<misses>7257001</misses>
				<total>11</total>
				<timestamp>2174.923112</timestamp>
			</report>
			<report>
				<misses>7258001</misses>
				<total>11</total>
				<timestamp>2175.222769</timestamp>
			</report>
			<report>
				<misses>7259001</misses>
				<total>11</total>
				<timestamp>2175.522475</timestamp>
			</report>
			<report>
				<misses>7260001</misses>
				<total>11</total>
				<timestamp>2175.822185</timestamp>
			</report>
			<report>
				<misses>7261001</misses>
				<total>11</total>
				<timestamp>2176.121874</timestamp>
			</report>
			<report>
				<misses>7262001</misses>
				<total>11</total>
				<timestamp>2176.421562</timestamp>
			</report>
			<report>
				<misses>7263001</misses>
				<total>10</total>
				<timestamp>2176.721379</timestamp>
			</report>
			<report>
				<misses>7264001</misses>
				<total>11</total>
				<timestamp>2177.021055</timestamp>
			</report>
			<report>
				<misses>7265001</misses>
				<total>10</total>
				<timestamp>2177.320790</timestamp>
			</report>
			<report>
				<misses>7266001</misses>
				<total>11</total>
				<timestamp>2177.620391</timestamp>
			</report>
			<report>
				<misses>7267001</misses>
				<total>11</total>
				<timestamp>2177.920121</timestamp>
			</report>
			<report>
				<misses>7268001</misses>
				<total>11</total>
				<timestamp>2178.219765</timestamp>
			</report>
			<report>
				<misses>7269001</misses>
				<total>11</total>
				<timestamp>2178.519482</timestamp>
			</report>
			<report>
				<misses>7270001</misses>
				<total>11</total>
				<timestamp>2178.819172</timestamp>
			</report>
			<report>
				<misses>7271001</misses>
				<total>11</total>
				<timestamp>2179.118938</timestamp>
			</report>
			<report>
				<misses>7272001</misses>
				<total>11</total>
				<timestamp>2179.418572</timestamp>
			</report>
			<report>
				<misses>7273001</misses>
				<total>11</total>
				<timestamp>2179.718290</timestamp>
			</report>
			<report>
				<misses>7274001</misses>
				<total>11</total>
				<timestamp>2180.018086</timestamp>
			</report>
			<report>
				<misses>7275001</misses>
				<total>11</total>
				<timestamp>2180.317677</timestamp>
			</report>
			<report>
				<misses>7276001</misses>
				<total>11</total>
				<timestamp>2180.617398</timestamp>
			</report>
			<report>
				<misses>7277001</misses>
				<total>11</total>
				<timestamp>2180.917100</timestamp>
			</report>
			<report>
				<misses>7278001</misses>
				<total>11</total>
				<timestamp>2181.216810</timestamp>
			</report>
			<report>
				<misses>7279001</misses>
				<total>11</total>
				<timestamp>2181.516467</timestamp>
			</report>
			<report>
				<misses>7280001</misses>
				<total>11</total>
				<timestamp>2181.816173</timestamp>
			</report>
			<report>
				<misses>7281001</misses>
				<total>11</total>
				<timestamp>2182.115888</timestamp>
			</report>
			<report>
				<misses>7282001</misses>
				<total>11</total>
				<timestamp>2182.415569</timestamp>
			</report>
			<report>
				<misses>7283001</misses>
				<total>11</total>
				<timestamp>2182.715292</timestamp>
			</report>
			<report>
				<misses>7284001</misses>
				<total>11</total>
				<timestamp>2183.015018</timestamp>
			</report>
			<report>
				<misses>7285001</misses>
				<total>11</total>
				<timestamp>2183.314681</timestamp>
			</report>
			<report>
				<misses>7286001</misses>
				<total>11</total>
				<timestamp>2183.614391</timestamp>
			</report>
			<report>
				<misses>7287001</misses>
				<total>11</total>
				<timestamp>2183.914127</timestamp>
			</report>
			<report>
				<misses>7288001</misses>
				<total>11</total>
				<timestamp>2184.213762</timestamp>
			</report>
			<report>
				<misses>7289001</misses>
				<total>11</total>
				<timestamp>2184.513484</timestamp>
			</report>
			<report>
				<misses>7290001</misses>
				<total>11</total>
				<timestamp>2184.813172</timestamp>
			</report>
			<report>
				<misses>7291001</misses>
				<total>10</total>
				<timestamp>2185.112968</timestamp>
			</report>
			<report>
				<misses>7292001</misses>
				<total>11</total>
				<timestamp>2185.412568</timestamp>
			</report>
			<report>
				<misses>7293001</misses>
				<total>11</total>
				<timestamp>2185.712275</timestamp>
			</report>
			<report>
				<misses>7294001</misses>
				<total>11</total>
				<timestamp>2186.012033</timestamp>
			</report>
			<report>
				<misses>7295001</misses>
				<total>11</total>
				<timestamp>2186.311736</timestamp>
			</report>
			<report>
				<misses>7296001</misses>
				<total>11</total>
				<timestamp>2186.611365</timestamp>
			</report>
			<report>
				<misses>7297001</misses>
				<total>11</total>
				<timestamp>2186.911100</timestamp>
			</report>
			<report>
				<misses>7298001</misses>
				<total>11</total>
				<timestamp>2187.210824</timestamp>
			</report>
			<report>
				<misses>7299001</misses>
				<total>11</total>
				<timestamp>2187.510468</timestamp>
			</report>
			<report>
				<misses>7300001</misses>
				<total>11</total>
				<timestamp>2187.810197</timestamp>
			</report>
			<report>
				<misses>7301001</misses>
				<total>11</total>
				<timestamp>2188.109930</timestamp>
			</report>
			<report>
				<misses>7302001</misses>
				<total>11</total>
				<timestamp>2188.409572</timestamp>
			</report>
			<report>
				<misses>7303001</misses>
				<total>11</total>
				<timestamp>2188.709295</timestamp>
			</report>
			<report>
				<misses>7304001</misses>
				<total>11</total>
				<timestamp>2189.009011</timestamp>
			</report>
			<report>
				<misses>7305001</misses>
				<total>11</total>
				<timestamp>2189.308687</timestamp>
			</report>
			<report>
				<misses>7306001</misses>
				<total>11</total>
				<timestamp>2189.608371</timestamp>
			</report>
			<report>
				<misses>7307001</misses>
				<total>11</total>
				<timestamp>2189.908159</timestamp>
			</report>
			<report>
				<misses>7308001</misses>
				<total>11</total>
				<timestamp>2190.207773</timestamp>
			</report>
			<report>
				<misses>7309001</misses>
				<total>11</total>
				<timestamp>2190.507477</timestamp>
			</report>
			<report>
				<misses>7310001</misses>
				<total>11</total>
				<timestamp>2190.807173</timestamp>
			</report>
			<report>
				<misses>7311001</misses>
				<total>11</total>
				<timestamp>2191.106935</timestamp>
			</report>
			<report>
				<misses>7312001</misses>
				<total>11</total>
				<timestamp>2191.406567</timestamp>
			</report>
			<report>
				<misses>7313001</misses>
				<total>11</total>
				<timestamp>2191.706269</timestamp>
			</report>
			<report>
				<misses>7314001</misses>
				<total>10</total>
				<timestamp>2192.006076</timestamp>
			</report>
			<report>
				<misses>7315001</misses>
				<total>11</total>
				<timestamp>2192.305664</timestamp>
			</report>
			<report>
				<misses>7316001</misses>
				<total>11</total>
				<timestamp>2192.605439</timestamp>
			</report>
			<report>
				<misses>7317001</misses>
				<total>11</total>
				<timestamp>2192.905077</timestamp>
			</report>
			<report>
				<misses>7318001</misses>
				<total>11</total>
				<timestamp>2193.204766</timestamp>
			</report>
			<report>
				<misses>7319001</misses>
				<total>11</total>
				<timestamp>2193.504468</timestamp>
			</report>
			<report>
				<misses>7320001</misses>
				<total>11</total>
				<timestamp>2193.804160</timestamp>
			</report>
			<report>
				<misses>7321001</misses>
				<total>11</total>
				<timestamp>2194.103917</timestamp>
			</report>
			<report>
				<misses>7322001</misses>
				<total>11</total>
				<timestamp>2194.403562</timestamp>
			</report>
			<report>
				<misses>7323001</misses>
				<total>11</total>
				<timestamp>2194.703333</timestamp>
			</report>
			<report>
				<misses>7324001</misses>
				<total>11</total>
				<timestamp>2195.003064</timestamp>
			</report>
			<report>
				<misses>7325001</misses>
				<total>11</total>
				<timestamp>2195.302680</timestamp>
			</report>
			<report>
				<misses>7326001</misses>
				<total>11</total>
				<timestamp>2195.602375</timestamp>
			</report>
			<report>
				<misses>7327001</misses>
				<total>11</total>
				<timestamp>2195.902081</timestamp>
			</report>
			<report>
				<misses>7328001</misses>
				<total>11</total>
				<timestamp>2196.201883</timestamp>
			</report>
			<report>
				<misses>7329001</misses>
				<total>11</total>
				<timestamp>2196.501519</timestamp>
			</report>
			<report>
				<misses>7330001</misses>
				<total>11</total>
				<timestamp>2196.801169</timestamp>
			</report>
			<report>
				<misses>7331001</misses>
				<total>11</total>
				<timestamp>2197.100906</timestamp>
			</report>
			<report>
				<misses>7332001</misses>
				<total>11</total>
				<timestamp>2197.400584</timestamp>
			</report>
			<report>
				<misses>7333001</misses>
				<total>11</total>
				<timestamp>2197.700280</timestamp>
			</report>
			<report>
				<misses>7334001</misses>
				<total>11</total>
				<timestamp>2198.000009</timestamp>
			</report>
			<report>
				<misses>7335001</misses>
				<total>11</total>
				<timestamp>2198.299667</timestamp>
			</report>
			<report>
				<misses>7336001</misses>
				<total>11</total>
				<timestamp>2198.599383</timestamp>
			</report>
			<report>
				<misses>7337001</misses>
				<total>11</total>
				<timestamp>2198.899072</timestamp>
			</report>
			<report>
				<misses>7338001</misses>
				<total>11</total>
				<timestamp>2199.198838</timestamp>
			</report>
			<report>
				<misses>7339001</misses>
				<total>11</total>
				<timestamp>2199.498464</timestamp>
			</report>
			<report>
				<misses>7340001</misses>
				<total>11</total>
				<timestamp>2199.798176</timestamp>
			</report>
			<report>
				<misses>7341001</misses>
				<total>11</total>
				<timestamp>2200.097876</timestamp>
			</report>
			<report>
				<misses>7342001</misses>
				<total>11</total>
				<timestamp>2200.397614</timestamp>
			</report>
			<report>
				<misses>7343001</misses>
				<total>11</total>
				<timestamp>2200.697284</timestamp>
			</report>
			<report>
				<misses>7344001</misses>
				<total>11</total>
				<timestamp>2200.997017</timestamp>
			</report>
			<report>
				<misses>7345001</misses>
				<total>11</total>
				<timestamp>2201.296669</timestamp>
			</report>
			<report>
				<misses>7346001</misses>
				<total>11</total>
				<timestamp>2201.596378</timestamp>
			</report>
			<report>
				<misses>7347001</misses>
				<total>11</total>
				<timestamp>2201.896075</timestamp>
			</report>
			<report>
				<misses>7348001</misses>
				<total>11</total>
				<timestamp>2202.195852</timestamp>
			</report>
			<report>
				<misses>7349001</misses>
				<total>11</total>
				<timestamp>2202.495469</timestamp>
			</report>
			<report>
				<misses>7350001</misses>
				<total>11</total>
				<timestamp>2202.795186</timestamp>
			</report>
			<report>
				<misses>7351001</misses>
				<total>10</total>
				<timestamp>2203.094956</timestamp>
			</report>
			<report>
				<misses>7352001</misses>
				<total>11</total>
				<timestamp>2203.394586</timestamp>
			</report>
			<report>
				<misses>7353001</misses>
				<total>11</total>
				<timestamp>2203.694275</timestamp>
			</report>
			<report>
				<misses>7354001</misses>
				<total>10</total>
				<timestamp>2203.994083</timestamp>
			</report>
			<report>
				<misses>7355001</misses>
				<total>11</total>
				<timestamp>2204.293667</timestamp>
			</report>
			<report>
				<misses>7356001</misses>
				<total>11</total>
				<timestamp>2204.593368</timestamp>
			</report>
			<report>
				<misses>7357001</misses>
				<total>11</total>
				<timestamp>2204.893073</timestamp>
			</report>
			<report>
				<misses>7358001</misses>
				<total>11</total>
				<timestamp>2205.192806</timestamp>
			</report>
			<report>
				<misses>7359001</misses>
				<total>11</total>
				<timestamp>2205.492472</timestamp>
			</report>
			<report>
				<misses>7360001</misses>
				<total>11</total>
				<timestamp>2205.792174</timestamp>
			</report>
			<report>
				<misses>7361001</misses>
				<total>10</total>
				<timestamp>2206.091977</timestamp>
			</report>
			<report>
				<misses>7362001</misses>
				<total>11</total>
				<timestamp>2206.391579</timestamp>
			</report>
			<report>
				<misses>7363001</misses>
				<total>11</total>
				<timestamp>2206.691272</timestamp>
			</report>
			<report>
				<misses>7364001</misses>
				<total>11</total>
				<timestamp>2206.991073</timestamp>
			</report>
			<report>
				<misses>7365001</misses>
				<total>11</total>
				<timestamp>2207.290674</timestamp>
			</report>
			<report>
				<misses>7366001</misses>
				<total>11</total>
				<timestamp>2207.590381</timestamp>
			</report>
			<report>
				<misses>7367001</misses>
				<total>11</total>
				<timestamp>2207.890079</timestamp>
			</report>
			<report>
				<misses>7368001</misses>
				<total>11</total>
				<timestamp>2208.189816</timestamp>
			</report>
			<report>
				<misses>7369001</misses>
				<total>11</total>
				<timestamp>2208.489465</timestamp>
			</report>
			<report>
				<misses>7370001</misses>
				<total>11</total>
				<timestamp>2208.789206</timestamp>
			</report>
			<report>
				<misses>7371001</misses>
				<total>11</total>
				<timestamp>2209.088921</timestamp>
			</report>
			<report>
				<misses>7372001</misses>
				<total>11</total>
				<timestamp>2209.388566</timestamp>
			</report>
			<report>
				<misses>7373001</misses>
				<total>11</total>
				<timestamp>2209.688280</timestamp>
			</report>
			<report>
				<misses>7374001</misses>
				<total>11</total>
				<timestamp>2209.988113</timestamp>
			</report>
			<report>
				<misses>7375001</misses>
				<total>11</total>
				<timestamp>2210.287681</timestamp>
			</report>
			<report>
				<misses>7376001</misses>
				<total>11</total>
				<timestamp>2210.587399</timestamp>
			</report>
			<report>
				<misses>7377001</misses>
				<total>11</total>
				<timestamp>2210.887079</timestamp>
			</report>
			<report>
				<misses>7378001</misses>
				<total>11</total>
				<timestamp>2211.186786</timestamp>
			</report>
			<report>
				<misses>7379001</misses>
				<total>11</total>
				<timestamp>2211.486492</timestamp>
			</report>
			<report>
				<misses>7380001</misses>
				<total>11</total>
				<timestamp>2211.786183</timestamp>
			</report>
			<report>
				<misses>7381001</misses>
				<total>11</total>
				<timestamp>2212.085908</timestamp>
			</report>
			<report>
				<misses>7382001</misses>
				<total>11</total>
				<timestamp>2212.385601</timestamp>
			</report>
			<report>
				<misses>7383001</misses>
				<total>11</total>
				<timestamp>2212.685267</timestamp>
			</report>
			<report>
				<misses>7384001</misses>
				<total>11</total>
				<timestamp>2212.985040</timestamp>
			</report>
			<report>
				<misses>7385001</misses>
				<total>11</total>
				<timestamp>2213.284767</timestamp>
			</report>
			<report>
				<misses>7386001</misses>
				<total>11</total>
				<timestamp>2213.584363</timestamp>
			</report>
			<report>
				<misses>7387001</misses>
				<total>11</total>
				<timestamp>2213.884074</timestamp>
			</report>
			<report>
				<misses>7388001</misses>
				<total>11</total>
				<timestamp>2214.183873</timestamp>
			</report>
			<report>
				<misses>7389001</misses>
				<total>11</total>
				<timestamp>2214.483469</timestamp>
			</report>
			<report>
				<misses>7390001</misses>
				<total>11</total>
				<timestamp>2214.783164</timestamp>
			</report>
			<report>
				<misses>7391001</misses>
				<total>11</total>
				<timestamp>2215.082879</timestamp>
			</report>
			<report>
				<misses>7392001</misses>
				<total>11</total>
				<timestamp>2215.382587</timestamp>
			</report>
			<report>
				<misses>7393001</misses>
				<total>11</total>
				<timestamp>2215.682387</timestamp>
			</report>
			<report>
				<misses>7394001</misses>
				<total>11</total>
				<timestamp>2215.982008</timestamp>
			</report>
			<report>
				<misses>7395001</misses>
				<total>11</total>
				<timestamp>2216.281755</timestamp>
			</report>
			<report>
				<misses>7396001</misses>
				<total>11</total>
				<timestamp>2216.581360</timestamp>
			</report>
			<report>
				<misses>7397001</misses>
				<total>11</total>
				<timestamp>2216.881075</timestamp>
			</report>
			<report>
				<misses>7398001</misses>
				<total>11</total>
				<timestamp>2217.180783</timestamp>
			</report>
			<report>
				<misses>7399001</misses>
				<total>11</total>
				<timestamp>2217.480520</timestamp>
			</report>
			<report>
				<misses>7400001</misses>
				<total>11</total>
				<timestamp>2217.780216</timestamp>
			</report>
			<report>
				<misses>7401001</misses>
				<total>11</total>
				<timestamp>2218.079872</timestamp>
			</report>
			<report>
				<misses>7402001</misses>
				<total>11</total>
				<timestamp>2218.379579</timestamp>
			</report>
			<report>
				<misses>7403001</misses>
				<total>11</total>
				<timestamp>2218.679266</timestamp>
			</report>
			<report>
				<misses>7404001</misses>
				<total>10</total>
				<timestamp>2218.979101</timestamp>
			</report>
			<report>
				<misses>7405001</misses>
				<total>11</total>
				<timestamp>2219.278678</timestamp>
			</report>
			<report>
				<misses>7406001</misses>
				<total>11</total>
				<timestamp>2219.578362</timestamp>
			</report>
			<report>
				<misses>7407001</misses>
				<total>11</total>
				<timestamp>2219.878082</timestamp>
			</report>
			<report>
				<misses>7408001</misses>
				<total>11</total>
				<timestamp>2220.177846</timestamp>
			</report>
			<report>
				<misses>7409001</misses>
				<total>11</total>
				<timestamp>2220.477505</timestamp>
			</report>
			<report>
				<misses>7410001</misses>
				<total>11</total>
				<timestamp>2220.777179</timestamp>
			</report>
			<report>
				<misses>7411001</misses>
				<total>11</total>
				<timestamp>2221.076932</timestamp>
			</report>
			<report>
				<misses>7412001</misses>
				<total>11</total>
				<timestamp>2221.376677</timestamp>
			</report>
			<report>
				<misses>7413001</misses>
				<total>11</total>
				<timestamp>2221.676266</timestamp>
			</report>
			<report>
				<misses>7414001</misses>
				<total>11</total>
				<timestamp>2221.975996</timestamp>
			</report>
			<report>
				<misses>7415001</misses>
				<total>11</total>
				<timestamp>2222.275686</timestamp>
			</report>
			<report>
				<misses>7416001</misses>
				<total>11</total>
				<timestamp>2222.575382</timestamp>
			</report>
			<report>
				<misses>7417001</misses>
				<total>11</total>
				<timestamp>2222.875067</timestamp>
			</report>
			<report>
				<misses>7418001</misses>
				<total>11</total>
				<timestamp>2223.174845</timestamp>
			</report>
			<report>
				<misses>7419001</misses>
				<total>11</total>
				<timestamp>2223.474461</timestamp>
			</report>
			<report>
				<misses>7420001</misses>
				<total>11</total>
				<timestamp>2223.774176</timestamp>
			</report>
			<report>
				<misses>7421001</misses>
				<total>11</total>
				<timestamp>2224.073919</timestamp>
			</report>
			<report>
				<misses>7422001</misses>
				<total>11</total>
				<timestamp>2224.373588</timestamp>
			</report>
			<report>
				<misses>7423001</misses>
				<total>11</total>
				<timestamp>2224.673299</timestamp>
			</report>
			<report>
				<misses>7424001</misses>
				<total>11</total>
				<timestamp>2224.973046</timestamp>
			</report>
			<report>
				<misses>7425001</misses>
				<total>11</total>
				<timestamp>2225.272701</timestamp>
			</report>
			<report>
				<misses>7426001</misses>
				<total>11</total>
				<timestamp>2225.572378</timestamp>
			</report>
			<report>
				<misses>7427001</misses>
				<total>11</total>
				<timestamp>2225.872078</timestamp>
			</report>
			<report>
				<misses>7428001</misses>
				<total>11</total>
				<timestamp>2226.171826</timestamp>
			</report>
			<report>
				<misses>7429001</misses>
				<total>11</total>
				<timestamp>2226.471472</timestamp>
			</report>
			<report>
				<misses>7430001</misses>
				<total>11</total>
				<timestamp>2226.771164</timestamp>
			</report>
			<report>
				<misses>7431001</misses>
				<total>11</total>
				<timestamp>2227.070869</timestamp>
			</report>
			<report>
				<misses>7432001</misses>
				<total>11</total>
				<timestamp>2227.370604</timestamp>
			</report>
			<report>
				<misses>7433001</misses>
				<total>11</total>
				<timestamp>2227.670276</timestamp>
			</report>
			<report>
				<misses>7434001</misses>
				<total>11</total>
				<timestamp>2227.970017</timestamp>
			</report>
			<report>
				<misses>7435001</misses>
				<total>11</total>
				<timestamp>2228.269749</timestamp>
			</report>
			<report>
				<misses>7436001</misses>
				<total>11</total>
				<timestamp>2228.569386</timestamp>
			</report>
			<report>
				<misses>7437001</misses>
				<total>11</total>
				<timestamp>2228.869153</timestamp>
			</report>
			<report>
				<misses>7438001</misses>
				<total>11</total>
				<timestamp>2229.168852</timestamp>
			</report>
			<report>
				<misses>7439001</misses>
				<total>11</total>
				<timestamp>2229.468477</timestamp>
			</report>
			<report>
				<misses>7440001</misses>
				<total>11</total>
				<timestamp>2229.768165</timestamp>
			</report>
			<report>
				<misses>7441001</misses>
				<total>11</total>
				<timestamp>2230.067897</timestamp>
			</report>
			<report>
				<misses>7442001</misses>
				<total>11</total>
				<timestamp>2230.367598</timestamp>
			</report>
			<report>
				<misses>7443001</misses>
				<total>11</total>
				<timestamp>2230.667272</timestamp>
			</report>
			<report>
				<misses>7444001</misses>
				<total>11</total>
				<timestamp>2230.966991</timestamp>
			</report>
			<report>
				<misses>7445001</misses>
				<total>11</total>
				<timestamp>2231.266681</timestamp>
			</report>
			<report>
				<misses>7446001</misses>
				<total>11</total>
				<timestamp>2231.566367</timestamp>
			</report>
			<report>
				<misses>7447001</misses>
				<total>11</total>
				<timestamp>2231.866146</timestamp>
			</report>
			<report>
				<misses>7448001</misses>
				<total>11</total>
				<timestamp>2232.165804</timestamp>
			</report>
			<report>
				<misses>7449001</misses>
				<total>11</total>
				<timestamp>2232.465491</timestamp>
			</report>
			<report>
				<misses>7450001</misses>
				<total>11</total>
				<timestamp>2232.765237</timestamp>
			</report>
			<report>
				<misses>7451001</misses>
				<total>11</total>
				<timestamp>2233.064867</timestamp>
			</report>
			<report>
				<misses>7452001</misses>
				<total>11</total>
				<timestamp>2233.364619</timestamp>
			</report>
			<report>
				<misses>7453001</misses>
				<total>11</total>
				<timestamp>2233.664277</timestamp>
			</report>
			<report>
				<misses>7454001</misses>
				<total>11</total>
				<timestamp>2233.964033</timestamp>
			</report>
			<report>
				<misses>7455001</misses>
				<total>11</total>
				<timestamp>2234.263686</timestamp>
			</report>
			<report>
				<misses>7456001</misses>
				<total>11</total>
				<timestamp>2234.563366</timestamp>
			</report>
			<report>
				<misses>7457001</misses>
				<total>11</total>
				<timestamp>2234.863151</timestamp>
			</report>
			<report>
				<misses>7458001</misses>
				<total>11</total>
				<timestamp>2235.162831</timestamp>
			</report>
			<report>
				<misses>7459001</misses>
				<total>11</total>
				<timestamp>2235.462478</timestamp>
			</report>
			<report>
				<misses>7460001</misses>
				<total>11</total>
				<timestamp>2235.762170</timestamp>
			</report>
			<report>
				<misses>7461001</misses>
				<total>11</total>
				<timestamp>2236.061914</timestamp>
			</report>
			<report>
				<misses>7462001</misses>
				<total>11</total>
				<timestamp>2236.361630</timestamp>
			</report>
			<report>
				<misses>7463001</misses>
				<total>11</total>
				<timestamp>2236.661276</timestamp>
			</report>
			<report>
				<misses>7464001</misses>
				<total>11</total>
				<timestamp>2236.961019</timestamp>
			</report>
			<report>
				<misses>7465001</misses>
				<total>11</total>
				<timestamp>2237.260771</timestamp>
			</report>
			<report>
				<misses>7466001</misses>
				<total>10</total>
				<timestamp>2237.560469</timestamp>
			</report>
			<report>
				<misses>7467001</misses>
				<total>11</total>
				<timestamp>2237.860074</timestamp>
			</report>
			<report>
				<misses>7468001</misses>
				<total>11</total>
				<timestamp>2238.159841</timestamp>
			</report>
			<report>
				<misses>7469001</misses>
				<total>11</total>
				<timestamp>2238.459460</timestamp>
			</report>
			<report>
				<misses>7470001</misses>
				<total>11</total>
				<timestamp>2238.759204</timestamp>
			</report>
			<report>
				<misses>7471001</misses>
				<total>11</total>
				<timestamp>2239.058867</timestamp>
			</report>
			<report>
				<misses>7472001</misses>
				<total>11</total>
				<timestamp>2239.358616</timestamp>
			</report>
			<report>
				<misses>7473001</misses>
				<total>11</total>
				<timestamp>2239.658280</timestamp>
			</report>
			<report>
				<misses>7474001</misses>
				<total>11</total>
				<timestamp>2239.958012</timestamp>
			</report>
			<report>
				<misses>7475001</misses>
				<total>11</total>
				<timestamp>2240.257671</timestamp>
			</report>
			<report>
				<misses>7476001</misses>
				<total>11</total>
				<timestamp>2240.557363</timestamp>
			</report>
			<report>
				<misses>7477001</misses>
				<total>11</total>
				<timestamp>2240.857086</timestamp>
			</report>
			<report>
				<misses>7478001</misses>
				<total>11</total>
				<timestamp>2241.156768</timestamp>
			</report>
			<report>
				<misses>7479001</misses>
				<total>11</total>
				<timestamp>2241.456472</timestamp>
			</report>
			<report>
				<misses>7480001</misses>
				<total>11</total>
				<timestamp>2241.756177</timestamp>
			</report>
			<report>
				<misses>7481001</misses>
				<total>11</total>
				<timestamp>2242.055946</timestamp>
			</report>
			<report>
				<misses>7482001</misses>
				<total>11</total>
				<timestamp>2242.355568</timestamp>
			</report>
			<report>
				<misses>7483001</misses>
				<total>11</total>
				<timestamp>2242.655273</timestamp>
			</report>
			<report>
				<misses>7484001</misses>
				<total>11</total>
				<timestamp>2242.954981</timestamp>
			</report>
			<report>
				<misses>7485001</misses>
				<total>11</total>
				<timestamp>2243.254700</timestamp>
			</report>
			<report>
				<misses>7486001</misses>
				<total>11</total>
				<timestamp>2243.554371</timestamp>
			</report>
			<report>
				<misses>7487001</misses>
				<total>11</total>
				<timestamp>2243.854162</timestamp>
			</report>
			<report>
				<misses>7488001</misses>
				<total>11</total>
				<timestamp>2244.153853</timestamp>
			</report>
			<report>
				<misses>7489001</misses>
				<total>11</total>
				<timestamp>2244.453498</timestamp>
			</report>
			<report>
				<misses>7490001</misses>
				<total>11</total>
				<timestamp>2244.753167</timestamp>
			</report>
			<report>
				<misses>7491001</misses>
				<total>11</total>
				<timestamp>2245.052863</timestamp>
			</report>
			<report>
				<misses>7492001</misses>
				<total>10</total>
				<timestamp>2245.352706</timestamp>
			</report>
			<report>
				<misses>7493001</misses>
				<total>11</total>
				<timestamp>2245.652282</timestamp>
			</report>
			<report>
				<misses>7494001</misses>
				<total>11</total>
				<timestamp>2245.952025</timestamp>
			</report>
			<report>
				<misses>7495001</misses>
				<total>11</total>
				<timestamp>2246.251693</timestamp>
			</report>
			<report>
				<misses>7496001</misses>
				<total>11</total>
				<timestamp>2246.551391</timestamp>
			</report>
			<report>
				<misses>7497001</misses>
				<total>11</total>
				<timestamp>2246.851079</timestamp>
			</report>
			<report>
				<misses>7498001</misses>
				<total>11</total>
				<timestamp>2247.150781</timestamp>
			</report>
			<report>
				<misses>7499001</misses>
				<total>11</total>
				<timestamp>2247.450515</timestamp>
			</report>
			<report>
				<misses>7500001</misses>
				<total>11</total>
				<timestamp>2247.750174</timestamp>
			</report>
			<report>
				<misses>7501001</misses>
				<total>11</total>
				<timestamp>2248.049932</timestamp>
			</report>
			<report>
				<misses>7502001</misses>
				<total>11</total>
				<timestamp>2248.349591</timestamp>
			</report>
			<report>
				<misses>7503001</misses>
				<total>11</total>
				<timestamp>2248.649279</timestamp>
			</report>
			<report>
				<misses>7504001</misses>
				<total>11</total>
				<timestamp>2248.949020</timestamp>
			</report>
			<report>
				<misses>7505001</misses>
				<total>11</total>
				<timestamp>2249.248742</timestamp>
			</report>
			<report>
				<misses>7506001</misses>
				<total>11</total>
				<timestamp>2249.548423</timestamp>
			</report>
			<report>
				<misses>7507001</misses>
				<total>11</total>
				<timestamp>2249.848060</timestamp>
			</report>
			<report>
				<misses>7508001</misses>
				<total>11</total>
				<timestamp>2250.147762</timestamp>
			</report>
			<report>
				<misses>7509001</misses>
				<total>11</total>
				<timestamp>2250.447492</timestamp>
			</report>
			<report>
				<misses>7510001</misses>
				<total>11</total>
				<timestamp>2250.747184</timestamp>
			</report>
			<report>
				<misses>7511001</misses>
				<total>11</total>
				<timestamp>2251.046878</timestamp>
			</report>
			<report>
				<misses>7512001</misses>
				<total>11</total>
				<timestamp>2251.346567</timestamp>
			</report>
			<report>
				<misses>7513001</misses>
				<total>11</total>
				<timestamp>2251.646265</timestamp>
			</report>
			<report>
				<misses>7514001</misses>
				<total>11</total>
				<timestamp>2251.945968</timestamp>
			</report>
			<report>
				<misses>7515001</misses>
				<total>11</total>
				<timestamp>2252.245670</timestamp>
			</report>
			<report>
				<misses>7516001</misses>
				<total>11</total>
				<timestamp>2252.545404</timestamp>
			</report>
			<report>
				<misses>7517001</misses>
				<total>11</total>
				<timestamp>2252.845073</timestamp>
			</report>
			<report>
				<misses>7518001</misses>
				<total>11</total>
				<timestamp>2253.144781</timestamp>
			</report>
			<report>
				<misses>7519001</misses>
				<total>11</total>
				<timestamp>2253.444512</timestamp>
			</report>
			<report>
				<misses>7520001</misses>
				<total>11</total>
				<timestamp>2253.744180</timestamp>
			</report>
			<report>
				<misses>7521001</misses>
				<total>11</total>
				<timestamp>2254.043880</timestamp>
			</report>
			<report>
				<misses>7522001</misses>
				<total>11</total>
				<timestamp>2254.343645</timestamp>
			</report>
			<report>
				<misses>7523001</misses>
				<total>11</total>
				<timestamp>2254.643276</timestamp>
			</report>
			<report>
				<misses>7524001</misses>
				<total>11</total>
				<timestamp>2254.942988</timestamp>
			</report>
			<report>
				<misses>7525001</misses>
				<total>11</total>
				<timestamp>2255.242670</timestamp>
			</report>
			<report>
				<misses>7526001</misses>
				<total>11</total>
				<timestamp>2255.542400</timestamp>
			</report>
			<report>
				<misses>7527001</misses>
				<total>11</total>
				<timestamp>2255.842063</timestamp>
			</report>
			<report>
				<misses>7528001</misses>
				<total>11</total>
				<timestamp>2256.141791</timestamp>
			</report>
			<report>
				<misses>7529001</misses>
				<total>11</total>
				<timestamp>2256.441474</timestamp>
			</report>
			<report>
				<misses>7530001</misses>
				<total>11</total>
				<timestamp>2256.741262</timestamp>
			</report>
			<report>
				<misses>7531001</misses>
				<total>11</total>
				<timestamp>2257.040874</timestamp>
			</report>
			<report>
				<misses>7532001</misses>
				<total>11</total>
				<timestamp>2257.340621</timestamp>
			</report>
			<report>
				<misses>7533001</misses>
				<total>11</total>
				<timestamp>2257.640285</timestamp>
			</report>
			<report>
				<misses>7534001</misses>
				<total>10</total>
				<timestamp>2257.940086</timestamp>
			</report>
			<report>
				<misses>7535001</misses>
				<total>11</total>
				<timestamp>2258.239711</timestamp>
			</report>
			<report>
				<misses>7536001</misses>
				<total>11</total>
				<timestamp>2258.539396</timestamp>
			</report>
			<report>
				<misses>7537001</misses>
				<total>11</total>
				<timestamp>2258.839132</timestamp>
			</report>
			<report>
				<misses>7538001</misses>
				<total>11</total>
				<timestamp>2259.138768</timestamp>
			</report>
			<report>
				<misses>7539001</misses>
				<total>11</total>
				<timestamp>2259.438472</timestamp>
			</report>
			<report>
				<misses>7540001</misses>
				<total>11</total>
				<timestamp>2259.738166</timestamp>
			</report>
			<report>
				<misses>7541001</misses>
				<total>11</total>
				<timestamp>2260.037866</timestamp>
			</report>
			<report>
				<misses>7542001</misses>
				<total>11</total>
				<timestamp>2260.337571</timestamp>
			</report>
			<report>
				<misses>7543001</misses>
				<total>11</total>
				<timestamp>2260.637271</timestamp>
			</report>
			<report>
				<misses>7544001</misses>
				<total>11</total>
				<timestamp>2260.936989</timestamp>
			</report>
			<report>
				<misses>7545001</misses>
				<total>11</total>
				<timestamp>2261.236681</timestamp>
			</report>
			<report>
				<misses>7546001</misses>
				<total>11</total>
				<timestamp>2261.536453</timestamp>
			</report>
			<report>
				<misses>7547001</misses>
				<total>11</total>
				<timestamp>2261.836123</timestamp>
			</report>
			<report>
				<misses>7548001</misses>
				<total>11</total>
				<timestamp>2262.135793</timestamp>
			</report>
			<report>
				<misses>7549001</misses>
				<total>11</total>
				<timestamp>2262.435512</timestamp>
			</report>
			<report>
				<misses>7550001</misses>
				<total>11</total>
				<timestamp>2262.735196</timestamp>
			</report>
			<report>
				<misses>7551001</misses>
				<total>11</total>
				<timestamp>2263.034873</timestamp>
			</report>
			<report>
				<misses>7552001</misses>
				<total>11</total>
				<timestamp>2263.334570</timestamp>
			</report>
			<report>
				<misses>7553001</misses>
				<total>11</total>
				<timestamp>2263.634298</timestamp>
			</report>
			<report>
				<misses>7554001</misses>
				<total>11</total>
				<timestamp>2263.933993</timestamp>
			</report>
			<report>
				<misses>7555001</misses>
				<total>11</total>
				<timestamp>2264.233673</timestamp>
			</report>
			<report>
				<misses>7556001</misses>
				<total>11</total>
				<timestamp>2264.533393</timestamp>
			</report>
			<report>
				<misses>7557001</misses>
				<total>11</total>
				<timestamp>2264.833083</timestamp>
			</report>
			<report>
				<misses>7558001</misses>
				<total>11</total>
				<timestamp>2265.132768</timestamp>
			</report>
			<report>
				<misses>7559001</misses>
				<total>10</total>
				<timestamp>2265.432559</timestamp>
			</report>
			<report>
				<misses>7560001</misses>
				<total>11</total>
				<timestamp>2265.732179</timestamp>
			</report>
			<report>
				<misses>7561001</misses>
				<total>11</total>
				<timestamp>2266.031867</timestamp>
			</report>
			<report>
				<misses>7562001</misses>
				<total>11</total>
				<timestamp>2266.331636</timestamp>
			</report>
			<report>
				<misses>7563001</misses>
				<total>11</total>
				<timestamp>2266.631321</timestamp>
			</report>
			<report>
				<misses>7564001</misses>
				<total>11</total>
				<timestamp>2266.930981</timestamp>
			</report>
			<report>
				<misses>7565001</misses>
				<total>11</total>
				<timestamp>2267.230675</timestamp>
			</report>
			<report>
				<misses>7566001</misses>
				<total>11</total>
				<timestamp>2267.530451</timestamp>
			</report>
			<report>
				<misses>7567001</misses>
				<total>11</total>
				<timestamp>2267.830081</timestamp>
			</report>
			<report>
				<misses>7568001</misses>
				<total>11</total>
				<timestamp>2268.129773</timestamp>
			</report>
			<report>
				<misses>7569001</misses>
				<total>11</total>
				<timestamp>2268.429542</timestamp>
			</report>
			<report>
				<misses>7570001</misses>
				<total>11</total>
				<timestamp>2268.729165</timestamp>
			</report>
			<report>
				<misses>7571001</misses>
				<total>11</total>
				<timestamp>2269.028864</timestamp>
			</report>
			<report>
				<misses>7572001</misses>
				<total>11</total>
				<timestamp>2269.328591</timestamp>
			</report>
			<report>
				<misses>7573001</misses>
				<total>11</total>
				<timestamp>2269.628266</timestamp>
			</report>
			<report>
				<misses>7574001</misses>
				<total>11</total>
				<timestamp>2269.927993</timestamp>
			</report>
			<report>
				<misses>7575001</misses>
				<total>11</total>
				<timestamp>2270.227664</timestamp>
			</report>
			<report>
				<misses>7576001</misses>
				<total>11</total>
				<timestamp>2270.527433</timestamp>
			</report>
			<report>
				<misses>7577001</misses>
				<total>11</total>
				<timestamp>2270.827147</timestamp>
			</report>
			<report>
				<misses>7578001</misses>
				<total>11</total>
				<timestamp>2271.126762</timestamp>
			</report>
			<report>
				<misses>7579001</misses>
				<total>11</total>
				<timestamp>2271.426467</timestamp>
			</report>
			<report>
				<misses>7580001</misses>
				<total>11</total>
				<timestamp>2271.726177</timestamp>
			</report>
			<report>
				<misses>7581001</misses>
				<total>11</total>
				<timestamp>2272.025879</timestamp>
			</report>
			<report>
				<misses>7582001</misses>
				<total>11</total>
				<timestamp>2272.325610</timestamp>
			</report>
			<report>
				<misses>7583001</misses>
				<total>11</total>
				<timestamp>2272.625264</timestamp>
			</report>
			<report>
				<misses>7584001</misses>
				<total>11</total>
				<timestamp>2272.925031</timestamp>
			</report>
			<report>
				<misses>7585001</misses>
				<total>11</total>
				<timestamp>2273.224668</timestamp>
			</report>
			<report>
				<misses>7586001</misses>
				<total>11</total>
				<timestamp>2273.524410</timestamp>
			</report>
			<report>
				<misses>7587001</misses>
				<total>11</total>
				<timestamp>2273.824082</timestamp>
			</report>
			<report>
				<misses>7588001</misses>
				<total>11</total>
				<timestamp>2274.123775</timestamp>
			</report>
			<report>
				<misses>7589001</misses>
				<total>11</total>
				<timestamp>2274.423508</timestamp>
			</report>
			<report>
				<misses>7590001</misses>
				<total>11</total>
				<timestamp>2274.723160</timestamp>
			</report>
			<report>
				<misses>7591001</misses>
				<total>11</total>
				<timestamp>2275.022873</timestamp>
			</report>
			<report>
				<misses>7592001</misses>
				<total>11</total>
				<timestamp>2275.322572</timestamp>
			</report>
			<report>
				<misses>7593001</misses>
				<total>11</total>
				<timestamp>2275.622281</timestamp>
			</report>
			<report>
				<misses>7594001</misses>
				<total>11</total>
				<timestamp>2275.921989</timestamp>
			</report>
			<report>
				<misses>7595001</misses>
				<total>11</total>
				<timestamp>2276.221679</timestamp>
			</report>
			<report>
				<misses>7596001</misses>
				<total>11</total>
				<timestamp>2276.521460</timestamp>
			</report>
			<report>
				<misses>7597001</misses>
				<total>11</total>
				<timestamp>2276.821068</timestamp>
			</report>
			<report>
				<misses>7598001</misses>
				<total>11</total>
				<timestamp>2277.120773</timestamp>
			</report>
			<report>
				<misses>7599001</misses>
				<total>11</total>
				<timestamp>2277.420528</timestamp>
			</report>
			<report>
				<misses>7600001</misses>
				<total>11</total>
				<timestamp>2277.720164</timestamp>
			</report>
			<report>
				<misses>7601001</misses>
				<total>11</total>
				<timestamp>2278.019866</timestamp>
			</report>
			<report>
				<misses>7602001</misses>
				<total>11</total>
				<timestamp>2278.319584</timestamp>
			</report>
			<report>
				<misses>7603001</misses>
				<total>11</total>
				<timestamp>2278.619319</timestamp>
			</report>
			<report>
				<misses>7604001</misses>
				<total>11</total>
				<timestamp>2278.918994</timestamp>
			</report>
			<report>
				<misses>7605001</misses>
				<total>11</total>
				<timestamp>2279.218687</timestamp>
			</report>
			<report>
				<misses>7606001</misses>
				<total>11</total>
				<timestamp>2279.518387</timestamp>
			</report>
			<report>
				<misses>7607001</misses>
				<total>11</total>
				<timestamp>2279.818063</timestamp>
			</report>
			<report>
				<misses>7608001</misses>
				<total>11</total>
				<timestamp>2280.117772</timestamp>
			</report>
			<report>
				<misses>7609001</misses>
				<total>11</total>
				<timestamp>2280.417532</timestamp>
			</report>
			<report>
				<misses>7610001</misses>
				<total>11</total>
				<timestamp>2280.717157</timestamp>
			</report>
			<report>
				<misses>7611001</misses>
				<total>11</total>
				<timestamp>2281.016868</timestamp>
			</report>
			<report>
				<misses>7612001</misses>
				<total>11</total>
				<timestamp>2281.316626</timestamp>
			</report>
			<report>
				<misses>7613001</misses>
				<total>11</total>
				<timestamp>2281.616308</timestamp>
			</report>
			<report>
				<misses>7614001</misses>
				<total>11</total>
				<timestamp>2281.916003</timestamp>
			</report>
			<report>
				<misses>7615001</misses>
				<total>11</total>
				<timestamp>2282.215677</timestamp>
			</report>
			<report>
				<misses>7616001</misses>
				<total>11</total>
				<timestamp>2282.515367</timestamp>
			</report>
			<report>
				<misses>7617001</misses>
				<total>11</total>
				<timestamp>2282.815108</timestamp>
			</report>
			<report>
				<misses>7618001</misses>
				<total>11</total>
				<timestamp>2283.114780</timestamp>
			</report>
			<report>
				<misses>7619001</misses>
				<total>11</total>
				<timestamp>2283.414493</timestamp>
			</report>
			<report>
				<misses>7620001</misses>
				<total>11</total>
				<timestamp>2283.714169</timestamp>
			</report>
			<report>
				<misses>7621001</misses>
				<total>11</total>
				<timestamp>2284.013911</timestamp>
			</report>
			<report>
				<misses>7622001</misses>
				<total>11</total>
				<timestamp>2284.313593</timestamp>
			</report>
			<report>
				<misses>7623001</misses>
				<total>11</total>
				<timestamp>2284.613313</timestamp>
			</report>
			<report>
				<misses>7624001</misses>
				<total>11</total>
				<timestamp>2284.912982</timestamp>
			</report>
			<report>
				<misses>7625001</misses>
				<total>11</total>
				<timestamp>2285.212657</timestamp>
			</report>
			<report>
				<misses>7626001</misses>
				<total>11</total>
				<timestamp>2285.512389</timestamp>
			</report>
			<report>
				<misses>7627001</misses>
				<total>11</total>
				<timestamp>2285.812068</timestamp>
			</report>
			<report>
				<misses>7628001</misses>
				<total>11</total>
				<timestamp>2286.111776</timestamp>
			</report>
			<report>
				<misses>7629001</misses>
				<total>11</total>
				<timestamp>2286.411516</timestamp>
			</report>
			<report>
				<misses>7630001</misses>
				<total>11</total>
				<timestamp>2286.711180</timestamp>
			</report>
			<report>
				<misses>7631001</misses>
				<total>10</total>
				<timestamp>2287.010981</timestamp>
			</report>
			<report>
				<misses>7632001</misses>
				<total>11</total>
				<timestamp>2287.310593</timestamp>
			</report>
			<report>
				<misses>7633001</misses>
				<total>11</total>
				<timestamp>2287.610295</timestamp>
			</report>
			<report>
				<misses>7634001</misses>
				<total>11</total>
				<timestamp>2287.910001</timestamp>
			</report>
			<report>
				<misses>7635001</misses>
				<total>11</total>
				<timestamp>2288.209664</timestamp>
			</report>
			<report>
				<misses>7636001</misses>
				<total>11</total>
				<timestamp>2288.509393</timestamp>
			</report>
			<report>
				<misses>7637001</misses>
				<total>11</total>
				<timestamp>2288.809074</timestamp>
			</report>
			<report>
				<misses>7638001</misses>
				<total>11</total>
				<timestamp>2289.108791</timestamp>
			</report>
			<report>
				<misses>7639001</misses>
				<total>10</total>
				<timestamp>2289.408591</timestamp>
			</report>
			<report>
				<misses>7640001</misses>
				<total>11</total>
				<timestamp>2289.708177</timestamp>
			</report>
			<report>
				<misses>7641001</misses>
				<total>11</total>
				<timestamp>2290.007860</timestamp>
			</report>
			<report>
				<misses>7642001</misses>
				<total>11</total>
				<timestamp>2290.307570</timestamp>
			</report>
			<report>
				<misses>7643001</misses>
				<total>11</total>
				<timestamp>2290.607305</timestamp>
			</report>
			<report>
				<misses>7644001</misses>
				<total>11</total>
				<timestamp>2290.907011</timestamp>
			</report>
			<report>
				<misses>7645001</misses>
				<total>11</total>
				<timestamp>2291.206679</timestamp>
			</report>
			<report>
				<misses>7646001</misses>
				<total>11</total>
				<timestamp>2291.506413</timestamp>
			</report>
			<report>
				<misses>7647001</misses>
				<total>11</total>
				<timestamp>2291.806070</timestamp>
			</report>
			<report>
				<misses>7648001</misses>
				<total>11</total>
				<timestamp>2292.105768</timestamp>
			</report>
			<report>
				<misses>7649001</misses>
				<total>11</total>
				<timestamp>2292.405469</timestamp>
			</report>
			<report>
				<misses>7650001</misses>
				<total>11</total>
				<timestamp>2292.705162</timestamp>
			</report>
			<report>
				<misses>7651001</misses>
				<total>11</total>
				<timestamp>2293.004867</timestamp>
			</report>
			<report>
				<misses>7652001</misses>
				<total>11</total>
				<timestamp>2293.304556</timestamp>
			</report>
			<report>
				<misses>7653001</misses>
				<total>11</total>
				<timestamp>2293.604291</timestamp>
			</report>
			<report>
				<misses>7654001</misses>
				<total>11</total>
				<timestamp>2293.903995</timestamp>
			</report>
			<report>
				<misses>7655001</misses>
				<total>11</total>
				<timestamp>2294.203719</timestamp>
			</report>
			<report>
				<misses>7656001</misses>
				<total>11</total>
				<timestamp>2294.503429</timestamp>
			</report>
			<report>
				<misses>7657001</misses>
				<total>11</total>
				<timestamp>2294.803085</timestamp>
			</report>
			<report>
				<misses>7658001</misses>
				<total>11</total>
				<timestamp>2295.102761</timestamp>
			</report>
			<report>
				<misses>7659001</misses>
				<total>11</total>
				<timestamp>2295.402500</timestamp>
			</report>
			<report>
				<misses>7660001</misses>
				<total>11</total>
				<timestamp>2295.702187</timestamp>
			</report>
			<report>
				<misses>7661001</misses>
				<total>11</total>
				<timestamp>2296.001876</timestamp>
			</report>
			<report>
				<misses>7662001</misses>
				<total>11</total>
				<timestamp>2296.301648</timestamp>
			</report>
			<report>
				<misses>7663001</misses>
				<total>11</total>
				<timestamp>2296.601356</timestamp>
			</report>
			<report>
				<misses>7664001</misses>
				<total>11</total>
				<timestamp>2296.901064</timestamp>
			</report>
			<report>
				<misses>7665001</misses>
				<total>11</total>
				<timestamp>2297.200686</timestamp>
			</report>
			<report>
				<misses>7666001</misses>
				<total>11</total>
				<timestamp>2297.500390</timestamp>
			</report>
			<report>
				<misses>7667001</misses>
				<total>11</total>
				<timestamp>2297.800093</timestamp>
			</report>
			<report>
				<misses>7668001</misses>
				<total>11</total>
				<timestamp>2298.099798</timestamp>
			</report>
			<report>
				<misses>7669001</misses>
				<total>11</total>
				<timestamp>2298.399492</timestamp>
			</report>
			<report>
				<misses>7670001</misses>
				<total>11</total>
				<timestamp>2298.699233</timestamp>
			</report>
			<report>
				<misses>7671001</misses>
				<total>11</total>
				<timestamp>2298.998880</timestamp>
			</report>
			<report>
				<misses>7672001</misses>
				<total>11</total>
				<timestamp>2299.298629</timestamp>
			</report>
			<report>
				<misses>7673001</misses>
				<total>11</total>
				<timestamp>2299.598308</timestamp>
			</report>
			<report>
				<misses>7674001</misses>
				<total>11</total>
				<timestamp>2299.897989</timestamp>
			</report>
			<report>
				<misses>7675001</misses>
				<total>11</total>
				<timestamp>2300.197675</timestamp>
			</report>
			<report>
				<misses>7676001</misses>
				<total>11</total>
				<timestamp>2300.497399</timestamp>
			</report>
			<report>
				<misses>7677001</misses>
				<total>11</total>
				<timestamp>2300.797077</timestamp>
			</report>
			<report>
				<misses>7678001</misses>
				<total>11</total>
				<timestamp>2301.096785</timestamp>
			</report>
			<report>
				<misses>7679001</misses>
				<total>10</total>
				<timestamp>2301.396589</timestamp>
			</report>
			<report>
				<misses>7680001</misses>
				<total>11</total>
				<timestamp>2301.696200</timestamp>
			</report>
			<report>
				<misses>7681001</misses>
				<total>11</total>
				<timestamp>2301.995965</timestamp>
			</report>
			<report>
				<misses>7682001</misses>
				<total>11</total>
				<timestamp>2302.295582</timestamp>
			</report>
			<report>
				<misses>7683001</misses>
				<total>10</total>
				<timestamp>2302.595365</timestamp>
			</report>
			<report>
				<misses>7684001</misses>
				<total>11</total>
				<timestamp>2302.895008</timestamp>
			</report>
			<report>
				<misses>7685001</misses>
				<total>11</total>
				<timestamp>2303.194669</timestamp>
			</report>
			<report>
				<misses>7686001</misses>
				<total>11</total>
				<timestamp>2303.494369</timestamp>
			</report>
			<report>
				<misses>7687001</misses>
				<total>11</total>
				<timestamp>2303.794099</timestamp>
			</report>
			<report>
				<misses>7688001</misses>
				<total>11</total>
				<timestamp>2304.093849</timestamp>
			</report>
			<report>
				<misses>7689001</misses>
				<total>11</total>
				<timestamp>2304.393461</timestamp>
			</report>
			<report>
				<misses>7690001</misses>
				<total>11</total>
				<timestamp>2304.693190</timestamp>
			</report>
			<report>
				<misses>7691001</misses>
				<total>11</total>
				<timestamp>2304.992913</timestamp>
			</report>
			<report>
				<misses>7692001</misses>
				<total>11</total>
				<timestamp>2305.292585</timestamp>
			</report>
			<report>
				<misses>7693001</misses>
				<total>11</total>
				<timestamp>2305.592299</timestamp>
			</report>
			<report>
				<misses>7694001</misses>
				<total>11</total>
				<timestamp>2305.891991</timestamp>
			</report>
			<report>
				<misses>7695001</misses>
				<total>11</total>
				<timestamp>2306.191668</timestamp>
			</report>
			<report>
				<misses>7696001</misses>
				<total>11</total>
				<timestamp>2306.491434</timestamp>
			</report>
			<report>
				<misses>7697001</misses>
				<total>11</total>
				<timestamp>2306.791098</timestamp>
			</report>
			<report>
				<misses>7698001</misses>
				<total>11</total>
				<timestamp>2307.090772</timestamp>
			</report>
			<report>
				<misses>7699001</misses>
				<total>11</total>
				<timestamp>2307.390476</timestamp>
			</report>
			<report>
				<misses>7700001</misses>
				<total>11</total>
				<timestamp>2307.690199</timestamp>
			</report>
			<report>
				<misses>7701001</misses>
				<total>11</total>
				<timestamp>2307.989881</timestamp>
			</report>
			<report>
				<misses>7702001</misses>
				<total>11</total>
				<timestamp>2308.289566</timestamp>
			</report>
			<report>
				<misses>7703001</misses>
				<total>11</total>
				<timestamp>2308.589317</timestamp>
			</report>
			<report>
				<misses>7704001</misses>
				<total>11</total>
				<timestamp>2308.889003</timestamp>
			</report>
			<report>
				<misses>7705001</misses>
				<total>11</total>
				<timestamp>2309.188684</timestamp>
			</report>
			<report>
				<misses>7706001</misses>
				<total>11</total>
				<timestamp>2309.488371</timestamp>
			</report>
			<report>
				<misses>7707001</misses>
				<total>11</total>
				<timestamp>2309.788090</timestamp>
			</report>
			<report>
				<misses>7708001</misses>
				<total>11</total>
				<timestamp>2310.087778</timestamp>
			</report>
			<report>
				<misses>7709001</misses>
				<total>11</total>
				<timestamp>2310.387466</timestamp>
			</report>
			<report>
				<misses>7710001</misses>
				<total>11</total>
				<timestamp>2310.687183</timestamp>
			</report>
			<report>
				<misses>7711001</misses>
				<total>11</total>
				<timestamp>2310.986872</timestamp>
			</report>
			<report>
				<misses>7712001</misses>
				<total>11</total>
				<timestamp>2311.286566</timestamp>
			</report>
			<report>
				<misses>7713001</misses>
				<total>11</total>
				<timestamp>2311.586320</timestamp>
			</report>
			<report>
				<misses>7714001</misses>
				<total>11</total>
				<timestamp>2311.886007</timestamp>
			</report>
			<report>
				<misses>7715001</misses>
				<total>11</total>
				<timestamp>2312.185674</timestamp>
			</report>
			<report>
				<misses>7716001</misses>
				<total>11</total>
				<timestamp>2312.485370</timestamp>
			</report>
			<report>
				<misses>7717001</misses>
				<total>11</total>
				<timestamp>2312.785071</timestamp>
			</report>
			<report>
				<misses>7718001</misses>
				<total>11</total>
				<timestamp>2313.084843</timestamp>
			</report>
			<report>
				<misses>7719001</misses>
				<total>11</total>
				<timestamp>2313.384484</timestamp>
			</report>
			<report>
				<misses>7720001</misses>
				<total>10</total>
				<timestamp>2313.684276</timestamp>
			</report>
			<report>
				<misses>7721001</misses>
				<total>11</total>
				<timestamp>2313.983884</timestamp>
			</report>
			<report>
				<misses>7722001</misses>
				<total>11</total>
				<timestamp>2314.283571</timestamp>
			</report>
			<report>
				<misses>7723001</misses>
				<total>11</total>
				<timestamp>2314.583343</timestamp>
			</report>
			<report>
				<misses>7724001</misses>
				<total>11</total>
				<timestamp>2314.882991</timestamp>
			</report>
			<report>
				<misses>7725001</misses>
				<total>11</total>
				<timestamp>2315.182663</timestamp>
			</report>
			<report>
				<misses>7726001</misses>
				<total>11</total>
				<timestamp>2315.482467</timestamp>
			</report>
			<report>
				<misses>7727001</misses>
				<total>11</total>
				<timestamp>2315.782151</timestamp>
			</report>
			<report>
				<misses>7728001</misses>
				<total>11</total>
				<timestamp>2316.081836</timestamp>
			</report>
			<report>
				<misses>7729001</misses>
				<total>11</total>
				<timestamp>2316.381468</timestamp>
			</report>
			<report>
				<misses>7730001</misses>
				<total>11</total>
				<timestamp>2316.681174</timestamp>
			</report>
			<report>
				<misses>7731001</misses>
				<total>11</total>
				<timestamp>2316.980890</timestamp>
			</report>
			<report>
				<misses>7732001</misses>
				<total>11</total>
				<timestamp>2317.280640</timestamp>
			</report>
			<report>
				<misses>7733001</misses>
				<total>11</total>
				<timestamp>2317.580359</timestamp>
			</report>
			<report>
				<misses>7734001</misses>
				<total>11</total>
				<timestamp>2317.879977</timestamp>
			</report>
			<report>
				<misses>7735001</misses>
				<total>11</total>
				<timestamp>2318.179680</timestamp>
			</report>
			<report>
				<misses>7736001</misses>
				<total>11</total>
				<timestamp>2318.479371</timestamp>
			</report>
			<report>
				<misses>7737001</misses>
				<total>11</total>
				<timestamp>2318.779163</timestamp>
			</report>
			<report>
				<misses>7738001</misses>
				<total>11</total>
				<timestamp>2319.078772</timestamp>
			</report>
			<report>
				<misses>7739001</misses>
				<total>11</total>
				<timestamp>2319.378485</timestamp>
			</report>
			<report>
				<misses>7740001</misses>
				<total>11</total>
				<timestamp>2319.678224</timestamp>
			</report>
			<report>
				<misses>7741001</misses>
				<total>11</total>
				<timestamp>2319.977882</timestamp>
			</report>
			<report>
				<misses>7742001</misses>
				<total>11</total>
				<timestamp>2320.277569</timestamp>
			</report>
			<report>
				<misses>7743001</misses>
				<total>10</total>
				<timestamp>2320.577381</timestamp>
			</report>
			<report>
				<misses>7744001</misses>
				<total>11</total>
				<timestamp>2320.877018</timestamp>
			</report>
			<report>
				<misses>7745001</misses>
				<total>11</total>
				<timestamp>2321.176710</timestamp>
			</report>
			<report>
				<misses>7746001</misses>
				<total>11</total>
				<timestamp>2321.476387</timestamp>
			</report>
			<report>
				<misses>7747001</misses>
				<total>11</total>
				<timestamp>2321.776088</timestamp>
			</report>
			<report>
				<misses>7748001</misses>
				<total>11</total>
				<timestamp>2322.075768</timestamp>
			</report>
			<report>
				<misses>7749001</misses>
				<total>11</total>
				<timestamp>2322.375485</timestamp>
			</report>
			<report>
				<misses>7750001</misses>
				<total>11</total>
				<timestamp>2322.675187</timestamp>
			</report>
			<report>
				<misses>7751001</misses>
				<total>11</total>
				<timestamp>2322.974874</timestamp>
			</report>
			<report>
				<misses>7752001</misses>
				<total>11</total>
				<timestamp>2323.274588</timestamp>
			</report>
			<report>
				<misses>7753001</misses>
				<total>11</total>
				<timestamp>2323.574320</timestamp>
			</report>
			<report>
				<misses>7754001</misses>
				<total>11</total>
				<timestamp>2323.873997</timestamp>
			</report>
			<report>
				<misses>7755001</misses>
				<total>11</total>
				<timestamp>2324.173759</timestamp>
			</report>
			<report>
				<misses>7756001</misses>
				<total>11</total>
				<timestamp>2324.473423</timestamp>
			</report>
			<report>
				<misses>7757001</misses>
				<total>11</total>
				<timestamp>2324.773083</timestamp>
			</report>
			<report>
				<misses>7758001</misses>
				<total>11</total>
				<timestamp>2325.072840</timestamp>
			</report>
			<report>
				<misses>7759001</misses>
				<total>11</total>
				<timestamp>2325.372467</timestamp>
			</report>
			<report>
				<misses>7760001</misses>
				<total>11</total>
				<timestamp>2325.672218</timestamp>
			</report>
			<report>
				<misses>7761001</misses>
				<total>11</total>
				<timestamp>2325.971895</timestamp>
			</report>
			<report>
				<misses>7762001</misses>
				<total>11</total>
				<timestamp>2326.271578</timestamp>
			</report>
			<report>
				<misses>7763001</misses>
				<total>11</total>
				<timestamp>2326.571311</timestamp>
			</report>
			<report>
				<misses>7764001</misses>
				<total>11</total>
				<timestamp>2326.871061</timestamp>
			</report>
			<report>
				<misses>7765001</misses>
				<total>11</total>
				<timestamp>2327.170682</timestamp>
			</report>
			<report>
				<misses>7766001</misses>
				<total>11</total>
				<timestamp>2327.470391</timestamp>
			</report>
			<report>
				<misses>7767001</misses>
				<total>11</total>
				<timestamp>2327.770112</timestamp>
			</report>
			<report>
				<misses>7768001</misses>
				<total>11</total>
				<timestamp>2328.069762</timestamp>
			</report>
			<report>
				<misses>7769001</misses>
				<total>11</total>
				<timestamp>2328.369453</timestamp>
			</report>
			<report>
				<misses>7770001</misses>
				<total>11</total>
				<timestamp>2328.669202</timestamp>
			</report>
			<report>
				<misses>7771001</misses>
				<total>11</total>
				<timestamp>2328.968885</timestamp>
			</report>
			<report>
				<misses>7772001</misses>
				<total>11</total>
				<timestamp>2329.268576</timestamp>
			</report>
			<report>
				<misses>7773001</misses>
				<total>11</total>
				<timestamp>2329.568265</timestamp>
			</report>
			<report>
				<misses>7774001</misses>
				<total>11</total>
				<timestamp>2329.868329</timestamp>
			</report>
			<report>
				<misses>7775001</misses>
				<total>11</total>
				<timestamp>2330.168033</timestamp>
			</report>
			<report>
				<misses>7776001</misses>
				<total>11</total>
				<timestamp>2330.467677</timestamp>
			</report>
			<report>
				<misses>7777001</misses>
				<total>11</total>
				<timestamp>2330.767368</timestamp>
			</report>
			<report>
				<misses>7778001</misses>
				<total>11</total>
				<timestamp>2331.067100</timestamp>
			</report>
			<report>
				<misses>7779001</misses>
				<total>11</total>
				<timestamp>2331.366801</timestamp>
			</report>
			<report>
				<misses>7780001</misses>
				<total>11</total>
				<timestamp>2331.666469</timestamp>
			</report>
			<report>
				<misses>7781001</misses>
				<total>10</total>
				<timestamp>2331.966257</timestamp>
			</report>
			<report>
				<misses>7782001</misses>
				<total>11</total>
				<timestamp>2332.265861</timestamp>
			</report>
			<report>
				<misses>7783001</misses>
				<total>11</total>
				<timestamp>2332.565569</timestamp>
			</report>
			<report>
				<misses>7784001</misses>
				<total>11</total>
				<timestamp>2332.865266</timestamp>
			</report>
			<report>
				<misses>7785001</misses>
				<total>11</total>
				<timestamp>2333.165014</timestamp>
			</report>
			<report>
				<misses>7786001</misses>
				<total>11</total>
				<timestamp>2333.464675</timestamp>
			</report>
			<report>
				<misses>7787001</misses>
				<total>11</total>
				<timestamp>2333.764427</timestamp>
			</report>
			<report>
				<misses>7788001</misses>
				<total>11</total>
				<timestamp>2334.064087</timestamp>
			</report>
			<report>
				<misses>7789001</misses>
				<total>11</total>
				<timestamp>2334.363772</timestamp>
			</report>
			<report>
				<misses>7790001</misses>
				<total>11</total>
				<timestamp>2334.663460</timestamp>
			</report>
			<report>
				<misses>7791001</misses>
				<total>11</total>
				<timestamp>2334.963190</timestamp>
			</report>
			<report>
				<misses>7792001</misses>
				<total>11</total>
				<timestamp>2335.262876</timestamp>
			</report>
			<report>
				<misses>7793001</misses>
				<total>11</total>
				<timestamp>2335.562563</timestamp>
			</report>
			<report>
				<misses>7794001</misses>
				<total>11</total>
				<timestamp>2335.862290</timestamp>
			</report>
			<report>
				<misses>7795001</misses>
				<total>11</total>
				<timestamp>2336.162010</timestamp>
			</report>
			<report>
				<misses>7796001</misses>
				<total>11</total>
				<timestamp>2336.461681</timestamp>
			</report>
			<report>
				<misses>7797001</misses>
				<total>11</total>
				<timestamp>2336.761365</timestamp>
			</report>
			<report>
				<misses>7798001</misses>
				<total>11</total>
				<timestamp>2337.061125</timestamp>
			</report>
			<report>
				<misses>7799001</misses>
				<total>11</total>
				<timestamp>2337.360759</timestamp>
			</report>
			<report>
				<misses>7800001</misses>
				<total>11</total>
				<timestamp>2337.660464</timestamp>
			</report>
			<report>
				<misses>7801001</misses>
				<total>11</total>
				<timestamp>2337.960210</timestamp>
			</report>
			<report>
				<misses>7802001</misses>
				<total>10</total>
				<timestamp>2338.259988</timestamp>
			</report>
			<report>
				<misses>7803001</misses>
				<total>11</total>
				<timestamp>2338.559586</timestamp>
			</report>
			<report>
				<misses>7804001</misses>
				<total>11</total>
				<timestamp>2338.859323</timestamp>
			</report>
			<report>
				<misses>7805001</misses>
				<total>11</total>
				<timestamp>2339.159019</timestamp>
			</report>
			<report>
				<misses>7806001</misses>
				<total>11</total>
				<timestamp>2339.458745</timestamp>
			</report>
			<report>
				<misses>7807001</misses>
				<total>11</total>
				<timestamp>2339.758391</timestamp>
			</report>
			<report>
				<misses>7808001</misses>
				<total>11</total>
				<timestamp>2340.058149</timestamp>
			</report>
			<report>
				<misses>7809001</misses>
				<total>11</total>
				<timestamp>2340.357773</timestamp>
			</report>
			<report>
				<misses>7810001</misses>
				<total>11</total>
				<timestamp>2340.657509</timestamp>
			</report>
			<report>
				<misses>7811001</misses>
				<total>11</total>
				<timestamp>2340.957228</timestamp>
			</report>
			<report>
				<misses>7812001</misses>
				<total>11</total>
				<timestamp>2341.256868</timestamp>
			</report>
			<report>
				<misses>7813001</misses>
				<total>11</total>
				<timestamp>2341.556585</timestamp>
			</report>
			<report>
				<misses>7814001</misses>
				<total>11</total>
				<timestamp>2341.856278</timestamp>
			</report>
			<report>
				<misses>7815001</misses>
				<total>11</total>
				<timestamp>2342.156082</timestamp>
			</report>
			<report>
				<misses>7816001</misses>
				<total>11</total>
				<timestamp>2342.455675</timestamp>
			</report>
			<report>
				<misses>7817001</misses>
				<total>11</total>
				<timestamp>2342.755370</timestamp>
			</report>
			<report>
				<misses>7818001</misses>
				<total>11</total>
				<timestamp>2343.055082</timestamp>
			</report>
			<report>
				<misses>7819001</misses>
				<total>11</total>
				<timestamp>2343.354785</timestamp>
			</report>
			<report>
				<misses>7820001</misses>
				<total>11</total>
				<timestamp>2343.654466</timestamp>
			</report>
			<report>
				<misses>7821001</misses>
				<total>11</total>
				<timestamp>2343.954176</timestamp>
			</report>
			<report>
				<misses>7822001</misses>
				<total>11</total>
				<timestamp>2344.253901</timestamp>
			</report>
			<report>
				<misses>7823001</misses>
				<total>11</total>
				<timestamp>2344.553561</timestamp>
			</report>
			<report>
				<misses>7824001</misses>
				<total>11</total>
				<timestamp>2344.853269</timestamp>
			</report>
			<report>
				<misses>7825001</misses>
				<total>11</total>
				<timestamp>2345.152986</timestamp>
			</report>
			<report>
				<misses>7826001</misses>
				<total>11</total>
				<timestamp>2345.452676</timestamp>
			</report>
			<report>
				<misses>7827001</misses>
				<total>11</total>
				<timestamp>2345.752376</timestamp>
			</report>
			<report>
				<misses>7828001</misses>
				<total>11</total>
				<timestamp>2346.052153</timestamp>
			</report>
			<report>
				<misses>7829001</misses>
				<total>11</total>
				<timestamp>2346.351766</timestamp>
			</report>
			<report>
				<misses>7830001</misses>
				<total>11</total>
				<timestamp>2346.651554</timestamp>
			</report>
			<report>
				<misses>7831001</misses>
				<total>11</total>
				<timestamp>2346.951194</timestamp>
			</report>
			<report>
				<misses>7832001</misses>
				<total>11</total>
				<timestamp>2347.250980</timestamp>
			</report>
			<report>
				<misses>7833001</misses>
				<total>11</total>
				<timestamp>2347.550568</timestamp>
			</report>
			<report>
				<misses>7834001</misses>
				<total>11</total>
				<timestamp>2347.850312</timestamp>
			</report>
			<report>
				<misses>7835001</misses>
				<total>11</total>
				<timestamp>2348.150006</timestamp>
			</report>
			<report>
				<misses>7836001</misses>
				<total>11</total>
				<timestamp>2348.449667</timestamp>
			</report>
			<report>
				<misses>7837001</misses>
				<total>11</total>
				<timestamp>2348.749362</timestamp>
			</report>
			<report>
				<misses>7838001</misses>
				<total>11</total>
				<timestamp>2349.049083</timestamp>
			</report>
			<report>
				<misses>7839001</misses>
				<total>11</total>
				<timestamp>2349.348771</timestamp>
			</report>
			<report>
				<misses>7840001</misses>
				<total>11</total>
				<timestamp>2349.648473</timestamp>
			</report>
			<report>
				<misses>7841001</misses>
				<total>11</total>
				<timestamp>2349.948171</timestamp>
			</report>
			<report>
				<misses>7842001</misses>
				<total>11</total>
				<timestamp>2350.247885</timestamp>
			</report>
			<report>
				<misses>7843001</misses>
				<total>11</total>
				<timestamp>2350.547581</timestamp>
			</report>
			<report>
				<misses>7844001</misses>
				<total>11</total>
				<timestamp>2350.847338</timestamp>
			</report>
			<report>
				<misses>7845001</misses>
				<total>11</total>
				<timestamp>2351.147021</timestamp>
			</report>
			<report>
				<misses>7846001</misses>
				<total>11</total>
				<timestamp>2351.446659</timestamp>
			</report>
			<report>
				<misses>7847001</misses>
				<total>11</total>
				<timestamp>2351.746372</timestamp>
			</report>
			<report>
				<misses>7848001</misses>
				<total>11</total>
				<timestamp>2352.046072</timestamp>
			</report>
			<report>
				<misses>7849001</misses>
				<total>11</total>
				<timestamp>2352.345769</timestamp>
			</report>
			<report>
				<misses>7850001</misses>
				<total>11</total>
				<timestamp>2352.645468</timestamp>
			</report>
			<report>
				<misses>7851001</misses>
				<total>11</total>
				<timestamp>2352.945217</timestamp>
			</report>
			<report>
				<misses>7852001</misses>
				<total>11</total>
				<timestamp>2353.244894</timestamp>
			</report>
			<report>
				<misses>7853001</misses>
				<total>11</total>
				<timestamp>2353.544573</timestamp>
			</report>
			<report>
				<misses>7854001</misses>
				<total>11</total>
				<timestamp>2353.844357</timestamp>
			</report>
			<report>
				<misses>7855001</misses>
				<total>11</total>
				<timestamp>2354.144044</timestamp>
			</report>
			<report>
				<misses>7856001</misses>
				<total>11</total>
				<timestamp>2354.443666</timestamp>
			</report>
			<report>
				<misses>7857001</misses>
				<total>11</total>
				<timestamp>2354.743421</timestamp>
			</report>
			<report>
				<misses>7858001</misses>
				<total>11</total>
				<timestamp>2355.043092</timestamp>
			</report>
			<report>
				<misses>7859001</misses>
				<total>11</total>
				<timestamp>2355.342785</timestamp>
			</report>
			<report>
				<misses>7860001</misses>
				<total>11</total>
				<timestamp>2355.642543</timestamp>
			</report>
			<report>
				<misses>7861001</misses>
				<total>11</total>
				<timestamp>2355.942170</timestamp>
			</report>
			<report>
				<misses>7862001</misses>
				<total>11</total>
				<timestamp>2356.241895</timestamp>
			</report>
			<report>
				<misses>7863001</misses>
				<total>11</total>
				<timestamp>2356.541576</timestamp>
			</report>
			<report>
				<misses>7864001</misses>
				<total>11</total>
				<timestamp>2356.841317</timestamp>
			</report>
			<report>
				<misses>7865001</misses>
				<total>11</total>
				<timestamp>2357.140986</timestamp>
			</report>
			<report>
				<misses>7866001</misses>
				<total>11</total>
				<timestamp>2357.440664</timestamp>
			</report>
			<report>
				<misses>7867001</misses>
				<total>11</total>
				<timestamp>2357.740362</timestamp>
			</report>
			<report>
				<misses>7868001</misses>
				<total>11</total>
				<timestamp>2358.040091</timestamp>
			</report>
			<report>
				<misses>7869001</misses>
				<total>11</total>
				<timestamp>2358.339761</timestamp>
			</report>
			<report>
				<misses>7870001</misses>
				<total>11</total>
				<timestamp>2358.639462</timestamp>
			</report>
			<report>
				<misses>7871001</misses>
				<total>11</total>
				<timestamp>2358.939180</timestamp>
			</report>
			<report>
				<misses>7872001</misses>
				<total>11</total>
				<timestamp>2359.238882</timestamp>
			</report>
			<report>
				<misses>7873001</misses>
				<total>11</total>
				<timestamp>2359.538591</timestamp>
			</report>
			<report>
				<misses>7874001</misses>
				<total>11</total>
				<timestamp>2359.838337</timestamp>
			</report>
			<report>
				<misses>7875001</misses>
				<total>11</total>
				<timestamp>2360.138039</timestamp>
			</report>
			<report>
				<misses>7876001</misses>
				<total>11</total>
				<timestamp>2360.437667</timestamp>
			</report>
			<report>
				<misses>7877001</misses>
				<total>11</total>
				<timestamp>2360.737370</timestamp>
			</report>
			<report>
				<misses>7878001</misses>
				<total>11</total>
				<timestamp>2361.037111</timestamp>
			</report>
			<report>
				<misses>7879001</misses>
				<total>11</total>
				<timestamp>2361.336821</timestamp>
			</report>
			<report>
				<misses>7880001</misses>
				<total>11</total>
				<timestamp>2361.636466</timestamp>
			</report>
			<report>
				<misses>7881001</misses>
				<total>10</total>
				<timestamp>2361.936253</timestamp>
			</report>
			<report>
				<misses>7882001</misses>
				<total>11</total>
				<timestamp>2362.235885</timestamp>
			</report>
			<report>
				<misses>7883001</misses>
				<total>11</total>
				<timestamp>2362.535575</timestamp>
			</report>
			<report>
				<misses>7884001</misses>
				<total>11</total>
				<timestamp>2362.835275</timestamp>
			</report>
			<report>
				<misses>7885001</misses>
				<total>11</total>
				<timestamp>2363.134992</timestamp>
			</report>
			<report>
				<misses>7886001</misses>
				<total>11</total>
				<timestamp>2363.434670</timestamp>
			</report>
			<report>
				<misses>7887001</misses>
				<total>11</total>
				<timestamp>2363.734417</timestamp>
			</report>
			<report>
				<misses>7888001</misses>
				<total>11</total>
				<timestamp>2364.034116</timestamp>
			</report>
			<report>
				<misses>7889001</misses>
				<total>11</total>
				<timestamp>2364.333799</timestamp>
			</report>
			<report>
				<misses>7890001</misses>
				<total>11</total>
				<timestamp>2364.633481</timestamp>
			</report>
			<report>
				<misses>7891001</misses>
				<total>11</total>
				<timestamp>2364.933251</timestamp>
			</report>
			<report>
				<misses>7892001</misses>
				<total>11</total>
				<timestamp>2365.232885</timestamp>
			</report>
			<report>
				<misses>7893001</misses>
				<total>11</total>
				<timestamp>2365.532579</timestamp>
			</report>
			<report>
				<misses>7894001</misses>
				<total>11</total>
				<timestamp>2365.832263</timestamp>
			</report>
			<report>
				<misses>7895001</misses>
				<total>11</total>
				<timestamp>2366.132020</timestamp>
			</report>
			<report>
				<misses>7896001</misses>
				<total>11</total>
				<timestamp>2366.431669</timestamp>
			</report>
			<report>
				<misses>7897001</misses>
				<total>11</total>
				<timestamp>2366.731405</timestamp>
			</report>
			<report>
				<misses>7898001</misses>
				<total>11</total>
				<timestamp>2367.031130</timestamp>
			</report>
			<report>
				<misses>7899001</misses>
				<total>11</total>
				<timestamp>2367.330800</timestamp>
			</report>
			<report>
				<misses>7900001</misses>
				<total>11</total>
				<timestamp>2367.630508</timestamp>
			</report>
			<report>
				<misses>7901001</misses>
				<total>11</total>
				<timestamp>2367.930203</timestamp>
			</report>
			<report>
				<misses>7902001</misses>
				<total>11</total>
				<timestamp>2368.229905</timestamp>
			</report>
			<report>
				<misses>7903001</misses>
				<total>11</total>
				<timestamp>2368.529627</timestamp>
			</report>
			<report>
				<misses>7904001</misses>
				<total>11</total>
				<timestamp>2368.829272</timestamp>
			</report>
			<report>
				<misses>7905001</misses>
				<total>10</total>
				<timestamp>2369.129085</timestamp>
			</report>
			<report>
				<misses>7906001</misses>
				<total>11</total>
				<timestamp>2369.428682</timestamp>
			</report>
			<report>
				<misses>7907001</misses>
				<total>11</total>
				<timestamp>2369.728442</timestamp>
			</report>
			<report>
				<misses>7908001</misses>
				<total>11</total>
				<timestamp>2370.028140</timestamp>
			</report>
			<report>
				<misses>7909001</misses>
				<total>11</total>
				<timestamp>2370.327774</timestamp>
			</report>
			<report>
				<misses>7910001</misses>
				<total>11</total>
				<timestamp>2370.627487</timestamp>
			</report>
			<report>
				<misses>7911001</misses>
				<total>11</total>
				<timestamp>2370.927225</timestamp>
			</report>
			<report>
				<misses>7912001</misses>
				<total>11</total>
				<timestamp>2371.226923</timestamp>
			</report>
			<report>
				<misses>7913001</misses>
				<total>11</total>
				<timestamp>2371.526569</timestamp>
			</report>
			<report>
				<misses>7914001</misses>
				<total>11</total>
				<timestamp>2371.826324</timestamp>
			</report>
			<report>
				<misses>7915001</misses>
				<total>11</total>
				<timestamp>2372.126006</timestamp>
			</report>
			<report>
				<misses>7916001</misses>
				<total>11</total>
				<timestamp>2372.425693</timestamp>
			</report>
			<report>
				<misses>7917001</misses>
				<total>11</total>
				<timestamp>2372.725379</timestamp>
			</report>
			<report>
				<misses>7918001</misses>
				<total>11</total>
				<timestamp>2373.025063</timestamp>
			</report>
			<report>
				<misses>7919001</misses>
				<total>11</total>
				<timestamp>2373.324772</timestamp>
			</report>
			<report>
				<misses>7920001</misses>
				<total>11</total>
				<timestamp>2373.624471</timestamp>
			</report>
			<report>
				<misses>7921001</misses>
				<total>11</total>
				<timestamp>2373.924177</timestamp>
			</report>
			<report>
				<misses>7922001</misses>
				<total>11</total>
				<timestamp>2374.223878</timestamp>
			</report>
			<report>
				<misses>7923001</misses>
				<total>11</total>
				<timestamp>2374.523568</timestamp>
			</report>
			<report>
				<misses>7924001</misses>
				<total>11</total>
				<timestamp>2374.823270</timestamp>
			</report>
			<report>
				<misses>7925001</misses>
				<total>11</total>
				<timestamp>2375.123057</timestamp>
			</report>
			<report>
				<misses>7926001</misses>
				<total>11</total>
				<timestamp>2375.422699</timestamp>
			</report>
			<report>
				<misses>7927001</misses>
				<total>11</total>
				<timestamp>2375.722377</timestamp>
			</report>
			<report>
				<misses>7928001</misses>
				<total>11</total>
				<timestamp>2376.022125</timestamp>
			</report>
			<report>
				<misses>7929001</misses>
				<total>11</total>
				<timestamp>2376.321760</timestamp>
			</report>
			<report>
				<misses>7930001</misses>
				<total>11</total>
				<timestamp>2376.621497</timestamp>
			</report>
			<report>
				<misses>7931001</misses>
				<total>11</total>
				<timestamp>2376.921196</timestamp>
			</report>
			<report>
				<misses>7932001</misses>
				<total>11</total>
				<timestamp>2377.220898</timestamp>
			</report>
			<report>
				<misses>7933001</misses>
				<total>11</total>
				<timestamp>2377.520573</timestamp>
			</report>
			<report>
				<misses>7934001</misses>
				<total>11</total>
				<timestamp>2377.820269</timestamp>
			</report>
			<report>
				<misses>7935001</misses>
				<total>11</total>
				<timestamp>2378.120010</timestamp>
			</report>
			<report>
				<misses>7936001</misses>
				<total>11</total>
				<timestamp>2378.419728</timestamp>
			</report>
			<report>
				<misses>7937001</misses>
				<total>11</total>
				<timestamp>2378.719372</timestamp>
			</report>
			<report>
				<misses>7938001</misses>
				<total>11</total>
				<timestamp>2379.019069</timestamp>
			</report>
			<report>
				<misses>7939001</misses>
				<total>11</total>
				<timestamp>2379.318798</timestamp>
			</report>
			<report>
				<misses>7940001</misses>
				<total>11</total>
				<timestamp>2379.618527</timestamp>
			</report>
			<report>
				<misses>7941001</misses>
				<total>10</total>
				<timestamp>2379.918289</timestamp>
			</report>
			<report>
				<misses>7942001</misses>
				<total>11</total>
				<timestamp>2380.217881</timestamp>
			</report>
			<report>
				<misses>7943001</misses>
				<total>10</total>
				<timestamp>2380.517706</timestamp>
			</report>
			<report>
				<misses>7944001</misses>
				<total>11</total>
				<timestamp>2380.817282</timestamp>
			</report>
			<report>
				<misses>7945001</misses>
				<total>11</total>
				<timestamp>2381.117030</timestamp>
			</report>
			<report>
				<misses>7946001</misses>
				<total>11</total>
				<timestamp>2381.416696</timestamp>
			</report>
			<report>
				<misses>7947001</misses>
				<total>11</total>
				<timestamp>2381.716419</timestamp>
			</report>
			<report>
				<misses>7948001</misses>
				<total>11</total>
				<timestamp>2382.016083</timestamp>
			</report>
			<report>
				<misses>7949001</misses>
				<total>11</total>
				<timestamp>2382.315786</timestamp>
			</report>
			<report>
				<misses>7950001</misses>
				<total>11</total>
				<timestamp>2382.615472</timestamp>
			</report>
			<report>
				<misses>7951001</misses>
				<total>11</total>
				<timestamp>2382.915191</timestamp>
			</report>
			<report>
				<misses>7952001</misses>
				<total>11</total>
				<timestamp>2383.214858</timestamp>
			</report>
			<report>
				<misses>7953001</misses>
				<total>11</total>
				<timestamp>2383.514566</timestamp>
			</report>
			<report>
				<misses>7954001</misses>
				<total>11</total>
				<timestamp>2383.814279</timestamp>
			</report>
			<report>
				<misses>7955001</misses>
				<total>10</total>
				<timestamp>2384.114080</timestamp>
			</report>
			<report>
				<misses>7956001</misses>
				<total>11</total>
				<timestamp>2384.413682</timestamp>
			</report>
			<report>
				<misses>7957001</misses>
				<total>11</total>
				<timestamp>2384.713369</timestamp>
			</report>
			<report>
				<misses>7958001</misses>
				<total>11</total>
				<timestamp>2385.013063</timestamp>
			</report>
			<report>
				<misses>7959001</misses>
				<total>11</total>
				<timestamp>2385.312793</timestamp>
			</report>
			<report>
				<misses>7960001</misses>
				<total>11</total>
				<timestamp>2385.612525</timestamp>
			</report>
			<report>
				<misses>7961001</misses>
				<total>11</total>
				<timestamp>2385.912160</timestamp>
			</report>
			<report>
				<misses>7962001</misses>
				<total>11</total>
				<timestamp>2386.211931</timestamp>
			</report>
			<report>
				<misses>7963001</misses>
				<total>11</total>
				<timestamp>2386.511603</timestamp>
			</report>
			<report>
				<misses>7964001</misses>
				<total>11</total>
				<timestamp>2386.811287</timestamp>
			</report>
			<report>
				<misses>7965001</misses>
				<total>11</total>
				<timestamp>2387.111007</timestamp>
			</report>
			<report>
				<misses>7966001</misses>
				<total>11</total>
				<timestamp>2387.410698</timestamp>
			</report>
			<report>
				<misses>7967001</misses>
				<total>11</total>
				<timestamp>2387.710381</timestamp>
			</report>
			<report>
				<misses>7968001</misses>
				<total>11</total>
				<timestamp>2388.010100</timestamp>
			</report>
			<report>
				<misses>7969001</misses>
				<total>11</total>
				<timestamp>2388.309839</timestamp>
			</report>
			<report>
				<misses>7970001</misses>
				<total>11</total>
				<timestamp>2388.609462</timestamp>
			</report>
			<report>
				<misses>7971001</misses>
				<total>11</total>
				<timestamp>2388.909223</timestamp>
			</report>
			<report>
				<misses>7972001</misses>
				<total>11</total>
				<timestamp>2389.208915</timestamp>
			</report>
			<report>
				<misses>7973001</misses>
				<total>11</total>
				<timestamp>2389.508575</timestamp>
			</report>
			<report>
				<misses>7974001</misses>
				<total>11</total>
				<timestamp>2389.808319</timestamp>
			</report>
			<report>
				<misses>7975001</misses>
				<total>11</total>
				<timestamp>2390.107989</timestamp>
			</report>
			<report>
				<misses>7976001</misses>
				<total>11</total>
				<timestamp>2390.407671</timestamp>
			</report>
			<report>
				<misses>7977001</misses>
				<total>11</total>
				<timestamp>2390.707381</timestamp>
			</report>
			<report>
				<misses>7978001</misses>
				<total>11</total>
				<timestamp>2391.007081</timestamp>
			</report>
			<report>
				<misses>7979001</misses>
				<total>11</total>
				<timestamp>2391.306787</timestamp>
			</report>
			<report>
				<misses>7980001</misses>
				<total>11</total>
				<timestamp>2391.606481</timestamp>
			</report>
			<report>
				<misses>7981001</misses>
				<total>11</total>
				<timestamp>2391.906180</timestamp>
			</report>
			<report>
				<misses>7982001</misses>
				<total>11</total>
				<timestamp>2392.205876</timestamp>
			</report>
			<report>
				<misses>7983001</misses>
				<total>11</total>
				<timestamp>2392.505586</timestamp>
			</report>
			<report>
				<misses>7984001</misses>
				<total>11</total>
				<timestamp>2392.805266</timestamp>
			</report>
			<report>
				<misses>7985001</misses>
				<total>11</total>
				<timestamp>2393.104993</timestamp>
			</report>
			<report>
				<misses>7986001</misses>
				<total>11</total>
				<timestamp>2393.404675</timestamp>
			</report>
			<report>
				<misses>7987001</misses>
				<total>11</total>
				<timestamp>2393.704394</timestamp>
			</report>
			<report>
				<misses>7988001</misses>
				<total>11</total>
				<timestamp>2394.004124</timestamp>
			</report>
			<report>
				<misses>7989001</misses>
				<total>11</total>
				<timestamp>2394.303767</timestamp>
			</report>
			<report>
				<misses>7990001</misses>
				<total>11</total>
				<timestamp>2394.603486</timestamp>
			</report>
			<report>
				<misses>7991001</misses>
				<total>11</total>
				<timestamp>2394.903236</timestamp>
			</report>
			<report>
				<misses>7992001</misses>
				<total>10</total>
				<timestamp>2395.202978</timestamp>
			</report>
			<report>
				<misses>7993001</misses>
				<total>11</total>
				<timestamp>2395.502605</timestamp>
			</report>
			<report>
				<misses>7994001</misses>
				<total>11</total>
				<timestamp>2395.802260</timestamp>
			</report>
			<report>
				<misses>7995001</misses>
				<total>11</total>
				<timestamp>2396.101999</timestamp>
			</report>
			<report>
				<misses>7996001</misses>
				<total>11</total>
				<timestamp>2396.401711</timestamp>
			</report>
			<report>
				<misses>7997001</misses>
				<total>11</total>
				<timestamp>2396.701371</timestamp>
			</report>
			<report>
				<misses>7998001</misses>
				<total>11</total>
				<timestamp>2397.001091</timestamp>
			</report>
			<report>
				<misses>7999001</misses>
				<total>11</total>
				<timestamp>2397.300814</timestamp>
			</report>
			<report>
				<misses>8000001</misses>
				<total>11</total>
				<timestamp>2397.600459</timestamp>
			</report>
			<report>
				<misses>8001001</misses>
				<total>11</total>
				<timestamp>2397.900228</timestamp>
			</report>
			<report>
				<misses>8002001</misses>
				<total>11</total>
				<timestamp>2398.199915</timestamp>
			</report>
			<report>
				<misses>8003001</misses>
				<total>11</total>
				<timestamp>2398.499594</timestamp>
			</report>
			<report>
				<misses>8004001</misses>
				<total>11</total>
				<timestamp>2398.799276</timestamp>
			</report>
			<report>
				<misses>8005001</misses>
				<total>11</total>
				<timestamp>2399.098969</timestamp>
			</report>
			<report>
				<misses>8006001</misses>
				<total>11</total>
				<timestamp>2399.398710</timestamp>
			</report>
			<report>
				<misses>8007001</misses>
				<total>11</total>
				<timestamp>2399.698364</timestamp>
			</report>
			<report>
				<misses>8008001</misses>
				<total>11</total>
				<timestamp>2399.998101</timestamp>
			</report>
			<report>
				<misses>8009001</misses>
				<total>11</total>
				<timestamp>2400.297784</timestamp>
			</report>
			<report>
				<misses>8010001</misses>
				<total>10</total>
				<timestamp>2400.597571</timestamp>
			</report>
			<report>
				<misses>8011001</misses>
				<total>11</total>
				<timestamp>2400.897226</timestamp>
			</report>
			<report>
				<misses>8012001</misses>
				<total>11</total>
				<timestamp>2401.196950</timestamp>
			</report>
			<report>
				<misses>8013001</misses>
				<total>11</total>
				<timestamp>2401.496591</timestamp>
			</report>
			<report>
				<misses>8014001</misses>
				<total>11</total>
				<timestamp>2401.796272</timestamp>
			</report>
			<report>
				<misses>8015001</misses>
				<total>11</total>
				<timestamp>2402.095998</timestamp>
			</report>
			<report>
				<misses>8016001</misses>
				<total>11</total>
				<timestamp>2402.395720</timestamp>
			</report>
			<report>
				<misses>8017001</misses>
				<total>11</total>
				<timestamp>2402.695396</timestamp>
			</report>
			<report>
				<misses>8018001</misses>
				<total>11</total>
				<timestamp>2402.995062</timestamp>
			</report>
			<report>
				<misses>8019001</misses>
				<total>11</total>
				<timestamp>2403.294834</timestamp>
			</report>
			<report>
				<misses>8020001</misses>
				<total>11</total>
				<timestamp>2403.594465</timestamp>
			</report>
			<report>
				<misses>8021001</misses>
				<total>11</total>
				<timestamp>2403.894189</timestamp>
			</report>
			<report>
				<misses>8022001</misses>
				<total>11</total>
				<timestamp>2404.193879</timestamp>
			</report>
			<report>
				<misses>8023001</misses>
				<total>11</total>
				<timestamp>2404.493583</timestamp>
			</report>
			<report>
				<misses>8024001</misses>
				<total>11</total>
				<timestamp>2404.793283</timestamp>
			</report>
			<report>
				<misses>8025001</misses>
				<total>11</total>
				<timestamp>2405.093064</timestamp>
			</report>
			<report>
				<misses>8026001</misses>
				<total>11</total>
				<timestamp>2405.392691</timestamp>
			</report>
			<report>
				<misses>8027001</misses>
				<total>11</total>
				<timestamp>2405.692375</timestamp>
			</report>
			<report>
				<misses>8028001</misses>
				<total>11</total>
				<timestamp>2405.992118</timestamp>
			</report>
			<report>
				<misses>8029001</misses>
				<total>11</total>
				<timestamp>2406.291802</timestamp>
			</report>
			<report>
				<misses>8030001</misses>
				<total>11</total>
				<timestamp>2406.591516</timestamp>
			</report>
			<report>
				<misses>8031001</misses>
				<total>11</total>
				<timestamp>2406.891173</timestamp>
			</report>
			<report>
				<misses>8032001</misses>
				<total>11</total>
				<timestamp>2407.190870</timestamp>
			</report>
			<report>
				<misses>8033001</misses>
				<total>11</total>
				<timestamp>2407.490568</timestamp>
			</report>
			<report>
				<misses>8034001</misses>
				<total>11</total>
				<timestamp>2407.790283</timestamp>
			</report>
			<report>
				<misses>8035001</misses>
				<total>11</total>
				<timestamp>2408.090009</timestamp>
			</report>
			<report>
				<misses>8036001</misses>
				<total>11</total>
				<timestamp>2408.389684</timestamp>
			</report>
			<report>
				<misses>8037001</misses>
				<total>11</total>
				<timestamp>2408.689395</timestamp>
			</report>
			<report>
				<misses>8038001</misses>
				<total>11</total>
				<timestamp>2408.989093</timestamp>
			</report>
			<report>
				<misses>8039001</misses>
				<total>11</total>
				<timestamp>2409.288772</timestamp>
			</report>
			<report>
				<misses>8040001</misses>
				<total>11</total>
				<timestamp>2409.588508</timestamp>
			</report>
			<report>
				<misses>8041001</misses>
				<total>11</total>
				<timestamp>2409.888175</timestamp>
			</report>
			<report>
				<misses>8042001</misses>
				<total>11</total>
				<timestamp>2410.187865</timestamp>
			</report>
			<report>
				<misses>8043001</misses>
				<total>11</total>
				<timestamp>2410.487655</timestamp>
			</report>
			<report>
				<misses>8044001</misses>
				<total>11</total>
				<timestamp>2410.787272</timestamp>
			</report>
			<report>
				<misses>8045001</misses>
				<total>11</total>
				<timestamp>2411.086991</timestamp>
			</report>
			<report>
				<misses>8046001</misses>
				<total>11</total>
				<timestamp>2411.386670</timestamp>
			</report>
			<report>
				<misses>8047001</misses>
				<total>11</total>
				<timestamp>2411.686363</timestamp>
			</report>
			<report>
				<misses>8048001</misses>
				<total>11</total>
				<timestamp>2411.986087</timestamp>
			</report>
			<report>
				<misses>8049001</misses>
				<total>11</total>
				<timestamp>2412.285774</timestamp>
			</report>
			<report>
				<misses>8050001</misses>
				<total>11</total>
				<timestamp>2412.585529</timestamp>
			</report>
			<report>
				<misses>8051001</misses>
				<total>11</total>
				<timestamp>2412.885165</timestamp>
			</report>
			<report>
				<misses>8052001</misses>
				<total>11</total>
				<timestamp>2413.184923</timestamp>
			</report>
			<report>
				<misses>8053001</misses>
				<total>11</total>
				<timestamp>2413.484599</timestamp>
			</report>
			<report>
				<misses>8054001</misses>
				<total>11</total>
				<timestamp>2413.784332</timestamp>
			</report>
			<report>
				<misses>8055001</misses>
				<total>11</total>
				<timestamp>2414.083995</timestamp>
			</report>
			<report>
				<misses>8056001</misses>
				<total>11</total>
				<timestamp>2414.383691</timestamp>
			</report>
			<report>
				<misses>8057001</misses>
				<total>11</total>
				<timestamp>2414.683403</timestamp>
			</report>
			<report>
				<misses>8058001</misses>
				<total>11</total>
				<timestamp>2414.983124</timestamp>
			</report>
			<report>
				<misses>8059001</misses>
				<total>10</total>
				<timestamp>2415.282875</timestamp>
			</report>
			<report>
				<misses>8060001</misses>
				<total>11</total>
				<timestamp>2415.582506</timestamp>
			</report>
			<report>
				<misses>8061001</misses>
				<total>11</total>
				<timestamp>2415.882162</timestamp>
			</report>
			<report>
				<misses>8062001</misses>
				<total>11</total>
				<timestamp>2416.181933</timestamp>
			</report>
			<report>
				<misses>8063001</misses>
				<total>11</total>
				<timestamp>2416.481650</timestamp>
			</report>
			<report>
				<misses>8064001</misses>
				<total>11</total>
				<timestamp>2416.781267</timestamp>
			</report>
			<report>
				<misses>8065001</misses>
				<total>11</total>
				<timestamp>2417.080997</timestamp>
			</report>
			<report>
				<misses>8066001</misses>
				<total>11</total>
				<timestamp>2417.380728</timestamp>
			</report>
			<report>
				<misses>8067001</misses>
				<total>11</total>
				<timestamp>2417.680380</timestamp>
			</report>
			<report>
				<misses>8068001</misses>
				<total>11</total>
				<timestamp>2417.980068</timestamp>
			</report>
			<report>
				<misses>8069001</misses>
				<total>11</total>
				<timestamp>2418.279864</timestamp>
			</report>
			<report>
				<misses>8070001</misses>
				<total>11</total>
				<timestamp>2418.579486</timestamp>
			</report>
			<report>
				<misses>8071001</misses>
				<total>10</total>
				<timestamp>2418.879269</timestamp>
			</report>
			<report>
				<misses>8072001</misses>
				<total>11</total>
				<timestamp>2419.178960</timestamp>
			</report>
			<report>
				<misses>8073001</misses>
				<total>11</total>
				<timestamp>2419.478582</timestamp>
			</report>
			<report>
				<misses>8074001</misses>
				<total>11</total>
				<timestamp>2419.778265</timestamp>
			</report>
			<report>
				<misses>8075001</misses>
				<total>11</total>
				<timestamp>2420.077998</timestamp>
			</report>
			<report>
				<misses>8076001</misses>
				<total>11</total>
				<timestamp>2420.377681</timestamp>
			</report>
			<report>
				<misses>8077001</misses>
				<total>11</total>
				<timestamp>2420.677455</timestamp>
			</report>
			<report>
				<misses>8078001</misses>
				<total>11</total>
				<timestamp>2420.977071</timestamp>
			</report>
			<report>
				<misses>8079001</misses>
				<total>11</total>
				<timestamp>2421.276801</timestamp>
			</report>
			<report>
				<misses>8080001</misses>
				<total>11</total>
				<timestamp>2421.576470</timestamp>
			</report>
			<report>
				<misses>8081001</misses>
				<total>11</total>
				<timestamp>2421.876180</timestamp>
			</report>
			<report>
				<misses>8082001</misses>
				<total>11</total>
				<timestamp>2422.175873</timestamp>
			</report>
			<report>
				<misses>8083001</misses>
				<total>11</total>
				<timestamp>2422.475590</timestamp>
			</report>
			<report>
				<misses>8084001</misses>
				<total>11</total>
				<timestamp>2422.775274</timestamp>
			</report>
			<report>
				<misses>8085001</misses>
				<total>10</total>
				<timestamp>2423.075079</timestamp>
			</report>
			<report>
				<misses>8086001</misses>
				<total>11</total>
				<timestamp>2423.374663</timestamp>
			</report>
			<report>
				<misses>8087001</misses>
				<total>11</total>
				<timestamp>2423.674404</timestamp>
			</report>
			<report>
				<misses>8088001</misses>
				<total>10</total>
				<timestamp>2423.974158</timestamp>
			</report>
			<report>
				<misses>8089001</misses>
				<total>11</total>
				<timestamp>2424.273808</timestamp>
			</report>
			<report>
				<misses>8090001</misses>
				<total>12</total>
				<timestamp>2424.573478</timestamp>
			</report>
			<report>
				<misses>8091001</misses>
				<total>12</total>
				<timestamp>2424.873172</timestamp>
			</report>
			<report>
				<misses>8092001</misses>
				<total>12</total>
				<timestamp>2425.172876</timestamp>
			</report>
			<report>
				<misses>8093001</misses>
				<total>12</total>
				<timestamp>2425.472593</timestamp>
			</report>
			<report>
				<misses>8094001</misses>
				<total>12</total>
				<timestamp>2425.772258</timestamp>
			</report>
			<report>
				<misses>8095001</misses>
				<total>12</total>
				<timestamp>2426.071997</timestamp>
			</report>
			<report>
				<misses>8096001</misses>
				<total>12</total>
				<timestamp>2426.371741</timestamp>
			</report>
			<report>
				<misses>8097001</misses>
				<total>12</total>
				<timestamp>2426.671396</timestamp>
			</report>
			<report>
				<misses>8098001</misses>
				<total>12</total>
				<timestamp>2426.971075</timestamp>
			</report>
			<report>
				<misses>8099001</misses>
				<total>12</total>
				<timestamp>2427.270807</timestamp>
			</report>
			<report>
				<misses>8100001</misses>
				<total>12</total>
				<timestamp>2427.570481</timestamp>
			</report>
			<report>
				<misses>8101001</misses>
				<total>12</total>
				<timestamp>2427.870190</timestamp>
			</report>
			<report>
				<misses>8102001</misses>
				<total>12</total>
				<timestamp>2428.169897</timestamp>
			</report>
			<report>
				<misses>8103001</misses>
				<total>12</total>
				<timestamp>2428.469593</timestamp>
			</report>
			<report>
				<misses>8104001</misses>
				<total>12</total>
				<timestamp>2428.769332</timestamp>
			</report>
			<report>
				<misses>8105001</misses>
				<total>12</total>
				<timestamp>2429.068989</timestamp>
			</report>
			<report>
				<misses>8106001</misses>
				<total>12</total>
				<timestamp>2429.368747</timestamp>
			</report>
			<report>
				<misses>8107001</misses>
				<total>12</total>
				<timestamp>2429.668410</timestamp>
			</report>
			<report>
				<misses>8108001</misses>
				<total>12</total>
				<timestamp>2429.968122</timestamp>
			</report>
			<report>
				<misses>8109001</misses>
				<total>12</total>
				<timestamp>2430.267832</timestamp>
			</report>
			<report>
				<misses>8110001</misses>
				<total>12</total>
				<timestamp>2430.567479</timestamp>
			</report>
			<report>
				<misses>8111001</misses>
				<total>12</total>
				<timestamp>2430.867174</timestamp>
			</report>
			<report>
				<misses>8112001</misses>
				<total>12</total>
				<timestamp>2431.166908</timestamp>
			</report>
			<report>
				<misses>8113001</misses>
				<total>12</total>
				<timestamp>2431.466577</timestamp>
			</report>
			<report>
				<misses>8114001</misses>
				<total>12</total>
				<timestamp>2431.766285</timestamp>
			</report>
			<report>
				<misses>8115001</misses>
				<total>12</total>
				<timestamp>2432.065974</timestamp>
			</report>
			<report>
				<misses>8116001</misses>
				<total>12</total>
				<timestamp>2432.365768</timestamp>
			</report>
			<report>
				<misses>8117001</misses>
				<total>12</total>
				<timestamp>2432.665406</timestamp>
			</report>
			<report>
				<misses>8118001</misses>
				<total>12</total>
				<timestamp>2432.965164</timestamp>
			</report>
			<report>
				<misses>8119001</misses>
				<total>12</total>
				<timestamp>2433.264788</timestamp>
			</report>
			<report>
				<misses>8120001</misses>
				<total>12</total>
				<timestamp>2433.564494</timestamp>
			</report>
			<report>
				<misses>8121001</misses>
				<total>12</total>
				<timestamp>2433.864178</timestamp>
			</report>
			<report>
				<misses>8122001</misses>
				<total>12</total>
				<timestamp>2434.163862</timestamp>
			</report>
			<report>
				<misses>8123001</misses>
				<total>12</total>
				<timestamp>2434.463567</timestamp>
			</report>
			<report>
				<misses>8124001</misses>
				<total>12</total>
				<timestamp>2434.763329</timestamp>
			</report>
			<report>
				<misses>8125001</misses>
				<total>12</total>
				<timestamp>2435.063009</timestamp>
			</report>
			<report>
				<misses>8126001</misses>
				<total>12</total>
				<timestamp>2435.362672</timestamp>
			</report>
			<report>
				<misses>8127001</misses>
				<total>12</total>
				<timestamp>2435.662400</timestamp>
			</report>
			<report>
				<misses>8128001</misses>
				<total>11</total>
				<timestamp>2435.962177</timestamp>
			</report>
			<report>
				<misses>8129001</misses>
				<total>12</total>
				<timestamp>2436.261821</timestamp>
			</report>
			<report>
				<misses>8130001</misses>
				<total>12</total>
				<timestamp>2436.561486</timestamp>
			</report>
			<report>
				<misses>8131001</misses>
				<total>12</total>
				<timestamp>2436.861238</timestamp>
			</report>
			<report>
				<misses>8132001</misses>
				<total>12</total>
				<timestamp>2437.160864</timestamp>
			</report>
			<report>
				<misses>8133001</misses>
				<total>12</total>
				<timestamp>2437.460598</timestamp>
			</report>
			<report>
				<misses>8134001</misses>
				<total>12</total>
				<timestamp>2437.760325</timestamp>
			</report>
			<report>
				<misses>8135001</misses>
				<total>12</total>
				<timestamp>2438.060008</timestamp>
			</report>
			<report>
				<misses>8136001</misses>
				<total>12</total>
				<timestamp>2438.359673</timestamp>
			</report>
			<report>
				<misses>8137001</misses>
				<total>12</total>
				<timestamp>2438.659393</timestamp>
			</report>
			<report>
				<misses>8138001</misses>
				<total>12</total>
				<timestamp>2438.959086</timestamp>
			</report>
			<report>
				<misses>8139001</misses>
				<total>12</total>
				<timestamp>2439.258806</timestamp>
			</report>
			<report>
				<misses>8140001</misses>
				<total>12</total>
				<timestamp>2439.558543</timestamp>
			</report>
			<report>
				<misses>8141001</misses>
				<total>12</total>
				<timestamp>2439.858189</timestamp>
			</report>
			<report>
				<misses>8142001</misses>
				<total>12</total>
				<timestamp>2440.157870</timestamp>
			</report>
			<report>
				<misses>8143001</misses>
				<total>12</total>
				<timestamp>2440.457566</timestamp>
			</report>
			<report>
				<misses>8144001</misses>
				<total>12</total>
				<timestamp>2440.757294</timestamp>
			</report>
			<report>
				<misses>8145001</misses>
				<total>12</total>
				<timestamp>2441.057005</timestamp>
			</report>
			<report>
				<misses>8146001</misses>
				<total>12</total>
				<timestamp>2441.356754</timestamp>
			</report>
			<report>
				<misses>8147001</misses>
				<total>12</total>
				<timestamp>2441.656408</timestamp>
			</report>
			<report>
				<misses>8148001</misses>
				<total>12</total>
				<timestamp>2441.956061</timestamp>
			</report>
			<report>
				<misses>8149001</misses>
				<total>12</total>
				<timestamp>2442.255810</timestamp>
			</report>
			<report>
				<misses>8150001</misses>
				<total>12</total>
				<timestamp>2442.555510</timestamp>
			</report>
			<report>
				<misses>8151001</misses>
				<total>12</total>
				<timestamp>2442.855215</timestamp>
			</report>
			<report>
				<misses>8152001</misses>
				<total>12</total>
				<timestamp>2443.154888</timestamp>
			</report>
			<report>
				<misses>8153001</misses>
				<total>12</total>
				<timestamp>2443.454562</timestamp>
			</report>
			<report>
				<misses>8154001</misses>
				<total>12</total>
				<timestamp>2443.754318</timestamp>
			</report>
			<report>
				<misses>8155001</misses>
				<total>12</total>
				<timestamp>2444.053996</timestamp>
			</report>
			<report>
				<misses>8156001</misses>
				<total>12</total>
				<timestamp>2444.353738</timestamp>
			</report>
			<report>
				<misses>8157001</misses>
				<total>12</total>
				<timestamp>2444.653392</timestamp>
			</report>
			<report>
				<misses>8158001</misses>
				<total>12</total>
				<timestamp>2444.953073</timestamp>
			</report>
			<report>
				<misses>8159001</misses>
				<total>12</total>
				<timestamp>2445.252780</timestamp>
			</report>
			<report>
				<misses>8160001</misses>
				<total>12</total>
				<timestamp>2445.552485</timestamp>
			</report>
			<report>
				<misses>8161001</misses>
				<total>12</total>
				<timestamp>2445.852192</timestamp>
			</report>
			<report>
				<misses>8162001</misses>
				<total>12</total>
				<timestamp>2446.151925</timestamp>
			</report>
			<report>
				<misses>8163001</misses>
				<total>12</total>
				<timestamp>2446.451574</timestamp>
			</report>
			<report>
				<misses>8164001</misses>
				<total>12</total>
				<timestamp>2446.751310</timestamp>
			</report>
			<report>
				<misses>8165001</misses>
				<total>12</total>
				<timestamp>2447.050981</timestamp>
			</report>
			<report>
				<misses>8166001</misses>
				<total>12</total>
				<timestamp>2447.350730</timestamp>
			</report>
			<report>
				<misses>8167001</misses>
				<total>12</total>
				<timestamp>2447.650441</timestamp>
			</report>
			<report>
				<misses>8168001</misses>
				<total>12</total>
				<timestamp>2447.950069</timestamp>
			</report>
			<report>
				<misses>8169001</misses>
				<total>12</total>
				<timestamp>2448.249787</timestamp>
			</report>
			<report>
				<misses>8170001</misses>
				<total>12</total>
				<timestamp>2448.549467</timestamp>
			</report>
			<report>
				<misses>8171001</misses>
				<total>12</total>
				<timestamp>2448.849175</timestamp>
			</report>
			<report>
				<misses>8172001</misses>
				<total>12</total>
				<timestamp>2449.148928</timestamp>
			</report>
			<report>
				<misses>8173001</misses>
				<total>12</total>
				<timestamp>2449.448644</timestamp>
			</report>
			<report>
				<misses>8174001</misses>
				<total>12</total>
				<timestamp>2449.748290</timestamp>
			</report>
			<report>
				<misses>8175001</misses>
				<total>12</total>
				<timestamp>2450.047984</timestamp>
			</report>
			<report>
				<misses>8176001</misses>
				<total>12</total>
				<timestamp>2450.347694</timestamp>
			</report>
			<report>
				<misses>8177001</misses>
				<total>12</total>
				<timestamp>2450.647399</timestamp>
			</report>
			<report>
				<misses>8178001</misses>
				<total>12</total>
				<timestamp>2450.947081</timestamp>
			</report>
			<report>
				<misses>8179001</misses>
				<total>12</total>
				<timestamp>2451.246859</timestamp>
			</report>
			<report>
				<misses>8180001</misses>
				<total>12</total>
				<timestamp>2451.546486</timestamp>
			</report>
			<report>
				<misses>8181001</misses>
				<total>12</total>
				<timestamp>2451.846275</timestamp>
			</report>
			<report>
				<misses>8182001</misses>
				<total>12</total>
				<timestamp>2452.145871</timestamp>
			</report>
			<report>
				<misses>8183001</misses>
				<total>12</total>
				<timestamp>2452.445625</timestamp>
			</report>
			<report>
				<misses>8184001</misses>
				<total>12</total>
				<timestamp>2452.745272</timestamp>
			</report>
			<report>
				<misses>8185001</misses>
				<total>12</total>
				<timestamp>2453.044997</timestamp>
			</report>
			<report>
				<misses>8186001</misses>
				<total>12</total>
				<timestamp>2453.344756</timestamp>
			</report>
			<report>
				<misses>8187001</misses>
				<total>12</total>
				<timestamp>2453.644382</timestamp>
			</report>
			<report>
				<misses>8188001</misses>
				<total>12</total>
				<timestamp>2453.944117</timestamp>
			</report>
			<report>
				<misses>8189001</misses>
				<total>12</total>
				<timestamp>2454.243776</timestamp>
			</report>
			<report>
				<misses>8190001</misses>
				<total>12</total>
				<timestamp>2454.543468</timestamp>
			</report>
			<report>
				<misses>8191001</misses>
				<total>12</total>
				<timestamp>2454.843177</timestamp>
			</report>
			<report>
				<misses>8192001</misses>
				<total>12</total>
				<timestamp>2455.142863</timestamp>
			</report>
			<report>
				<misses>8193001</misses>
				<total>12</total>
				<timestamp>2455.442595</timestamp>
			</report>
			<report>
				<misses>8194001</misses>
				<total>12</total>
				<timestamp>2455.742287</timestamp>
			</report>
			<report>
				<misses>8195001</misses>
				<total>12</total>
				<timestamp>2456.042030</timestamp>
			</report>
			<report>
				<misses>8196001</misses>
				<total>12</total>
				<timestamp>2456.341679</timestamp>
			</report>
			<report>
				<misses>8197001</misses>
				<total>12</total>
				<timestamp>2456.641376</timestamp>
			</report>
			<report>
				<misses>8198001</misses>
				<total>12</total>
				<timestamp>2456.941071</timestamp>
			</report>
			<report>
				<misses>8199001</misses>
				<total>12</total>
				<timestamp>2457.240796</timestamp>
			</report>
			<report>
				<misses>8200001</misses>
				<total>12</total>
				<timestamp>2457.540500</timestamp>
			</report>
			<report>
				<misses>8201001</misses>
				<total>12</total>
				<timestamp>2457.840213</timestamp>
			</report>
			<report>
				<misses>8202001</misses>
				<total>11</total>
				<timestamp>2458.139986</timestamp>
			</report>
			<report>
				<misses>8203001</misses>
				<total>11</total>
				<timestamp>2458.439707</timestamp>
			</report>
			<report>
				<misses>8204001</misses>
				<total>12</total>
				<timestamp>2458.739289</timestamp>
			</report>
			<report>
				<misses>8205001</misses>
				<total>12</total>
				<timestamp>2459.038999</timestamp>
			</report>
			<report>
				<misses>8206001</misses>
				<total>12</total>
				<timestamp>2459.338684</timestamp>
			</report>
			<report>
				<misses>8207001</misses>
				<total>12</total>
				<timestamp>2459.638365</timestamp>
			</report>
			<report>
				<misses>8208001</misses>
				<total>12</total>
				<timestamp>2459.938070</timestamp>
			</report>
			<report>
				<misses>8209001</misses>
				<total>12</total>
				<timestamp>2460.237869</timestamp>
			</report>
			<report>
				<misses>8210001</misses>
				<total>12</total>
				<timestamp>2460.537491</timestamp>
			</report>
			<report>
				<misses>8211001</misses>
				<total>12</total>
				<timestamp>2460.837230</timestamp>
			</report>
			<report>
				<misses>8212001</misses>
				<total>12</total>
				<timestamp>2461.136869</timestamp>
			</report>
			<report>
				<misses>8213001</misses>
				<total>12</total>
				<timestamp>2461.436622</timestamp>
			</report>
			<report>
				<misses>8214001</misses>
				<total>12</total>
				<timestamp>2461.736305</timestamp>
			</report>
			<report>
				<misses>8215001</misses>
				<total>12</total>
				<timestamp>2462.036007</timestamp>
			</report>
			<report>
				<misses>8216001</misses>
				<total>12</total>
				<timestamp>2462.335669</timestamp>
			</report>
			<report>
				<misses>8217001</misses>
				<total>12</total>
				<timestamp>2462.635363</timestamp>
			</report>
			<report>
				<misses>8218001</misses>
				<total>12</total>
				<timestamp>2462.935070</timestamp>
			</report>
			<report>
				<misses>8219001</misses>
				<total>12</total>
				<timestamp>2463.234775</timestamp>
			</report>
			<report>
				<misses>8220001</misses>
				<total>12</total>
				<timestamp>2463.534538</timestamp>
			</report>
			<report>
				<misses>8221001</misses>
				<total>12</total>
				<timestamp>2463.834212</timestamp>
			</report>
			<report>
				<misses>8222001</misses>
				<total>12</total>
				<timestamp>2464.133890</timestamp>
			</report>
			<report>
				<misses>8223001</misses>
				<total>12</total>
				<timestamp>2464.433613</timestamp>
			</report>
			<report>
				<misses>8224001</misses>
				<total>12</total>
				<timestamp>2464.733296</timestamp>
			</report>
			<report>
				<misses>8225001</misses>
				<total>12</total>
				<timestamp>2465.033001</timestamp>
			</report>
			<report>
				<misses>8226001</misses>
				<total>12</total>
				<timestamp>2465.332666</timestamp>
			</report>
			<report>
				<misses>8227001</misses>
				<total>12</total>
				<timestamp>2465.632409</timestamp>
			</report>
			<report>
				<misses>8228001</misses>
				<total>12</total>
				<timestamp>2465.932168</timestamp>
			</report>
			<report>
				<misses>8229001</misses>
				<total>12</total>
				<timestamp>2466.231859</timestamp>
			</report>
			<report>
				<misses>8230001</misses>
				<total>12</total>
				<timestamp>2466.531457</timestamp>
			</report>
			<report>
				<misses>8231001</misses>
				<total>12</total>
				<timestamp>2466.831194</timestamp>
			</report>
			<report>
				<misses>8232001</misses>
				<total>12</total>
				<timestamp>2467.130883</timestamp>
			</report>
			<report>
				<misses>8233001</misses>
				<total>12</total>
				<timestamp>2467.430574</timestamp>
			</report>
			<report>
				<misses>8234001</misses>
				<total>12</total>
				<timestamp>2467.730280</timestamp>
			</report>
			<report>
				<misses>8235001</misses>
				<total>12</total>
				<timestamp>2468.029989</timestamp>
			</report>
			<report>
				<misses>8236001</misses>
				<total>12</total>
				<timestamp>2468.329714</timestamp>
			</report>
			<report>
				<misses>8237001</misses>
				<total>12</total>
				<timestamp>2468.629366</timestamp>
			</report>
			<report>
				<misses>8238001</misses>
				<total>12</total>
				<timestamp>2468.929102</timestamp>
			</report>
			<report>
				<misses>8239001</misses>
				<total>12</total>
				<timestamp>2469.228775</timestamp>
			</report>
			<report>
				<misses>8240001</misses>
				<total>12</total>
				<timestamp>2469.528538</timestamp>
			</report>
			<report>
				<misses>8241001</misses>
				<total>12</total>
				<timestamp>2469.828215</timestamp>
			</report>
			<report>
				<misses>8242001</misses>
				<total>12</total>
				<timestamp>2470.127869</timestamp>
			</report>
			<report>
				<misses>8243001</misses>
				<total>12</total>
				<timestamp>2470.427569</timestamp>
			</report>
			<report>
				<misses>8244001</misses>
				<total>12</total>
				<timestamp>2470.727266</timestamp>
			</report>
			<report>
				<misses>8245001</misses>
				<total>12</total>
				<timestamp>2471.027023</timestamp>
			</report>
			<report>
				<misses>8246001</misses>
				<total>12</total>
				<timestamp>2471.326735</timestamp>
			</report>
			<report>
				<misses>8247001</misses>
				<total>12</total>
				<timestamp>2471.626370</timestamp>
			</report>
			<report>
				<misses>8248001</misses>
				<total>12</total>
				<timestamp>2471.926101</timestamp>
			</report>
			<report>
				<misses>8249001</misses>
				<total>12</total>
				<timestamp>2472.225792</timestamp>
			</report>
			<report>
				<misses>8250001</misses>
				<total>11</total>
				<timestamp>2472.525562</timestamp>
			</report>
			<report>
				<misses>8251001</misses>
				<total>12</total>
				<timestamp>2472.825187</timestamp>
			</report>
			<report>
				<misses>8252001</misses>
				<total>12</total>
				<timestamp>2473.124875</timestamp>
			</report>
			<report>
				<misses>8253001</misses>
				<total>12</total>
				<timestamp>2473.424594</timestamp>
			</report>
			<report>
				<misses>8254001</misses>
				<total>12</total>
				<timestamp>2473.724364</timestamp>
			</report>
			<report>
				<misses>8255001</misses>
				<total>12</total>
				<timestamp>2474.024039</timestamp>
			</report>
			<report>
				<misses>8256001</misses>
				<total>12</total>
				<timestamp>2474.323663</timestamp>
			</report>
			<report>
				<misses>8257001</misses>
				<total>12</total>
				<timestamp>2474.623372</timestamp>
			</report>
			<report>
				<misses>8258001</misses>
				<total>12</total>
				<timestamp>2474.923118</timestamp>
			</report>
			<report>
				<misses>8259001</misses>
				<total>12</total>
				<timestamp>2475.222761</timestamp>
			</report>
			<report>
				<misses>8260001</misses>
				<total>12</total>
				<timestamp>2475.522521</timestamp>
			</report>
			<report>
				<misses>8261001</misses>
				<total>12</total>
				<timestamp>2475.822167</timestamp>
			</report>
			<report>
				<misses>8262001</misses>
				<total>12</total>
				<timestamp>2476.121873</timestamp>
			</report>
			<report>
				<misses>8263001</misses>
				<total>12</total>
				<timestamp>2476.421581</timestamp>
			</report>
			<report>
				<misses>8264001</misses>
				<total>12</total>
				<timestamp>2476.721273</timestamp>
			</report>
			<report>
				<misses>8265001</misses>
				<total>12</total>
				<timestamp>2477.021002</timestamp>
			</report>
			<report>
				<misses>8266001</misses>
				<total>12</total>
				<timestamp>2477.320680</timestamp>
			</report>
			<report>
				<misses>8267001</misses>
				<total>12</total>
				<timestamp>2477.620373</timestamp>
			</report>
			<report>
				<misses>8268001</misses>
				<total>12</total>
				<timestamp>2477.920082</timestamp>
			</report>
			<report>
				<misses>8269001</misses>
				<total>12</total>
				<timestamp>2478.219850</timestamp>
			</report>
			<report>
				<misses>8270001</misses>
				<total>12</total>
				<timestamp>2478.519508</timestamp>
			</report>
			<report>
				<misses>8271001</misses>
				<total>12</total>
				<timestamp>2478.819201</timestamp>
			</report>
			<report>
				<misses>8272001</misses>
				<total>12</total>
				<timestamp>2479.118878</timestamp>
			</report>
			<report>
				<misses>8273001</misses>
				<total>12</total>
				<timestamp>2479.418568</timestamp>
			</report>
			<report>
				<misses>8274001</misses>
				<total>12</total>
				<timestamp>2479.718333</timestamp>
			</report>
			<report>
				<misses>8275001</misses>
				<total>12</total>
				<timestamp>2480.018022</timestamp>
			</report>
			<report>
				<misses>8276001</misses>
				<total>12</total>
				<timestamp>2480.317675</timestamp>
			</report>
			<report>
				<misses>8277001</misses>
				<total>12</total>
				<timestamp>2480.617363</timestamp>
			</report>
			<report>
				<misses>8278001</misses>
				<total>12</total>
				<timestamp>2480.917135</timestamp>
			</report>
			<report>
				<misses>8279001</misses>
				<total>12</total>
				<timestamp>2481.216782</timestamp>
			</report>
			<report>
				<misses>8280001</misses>
				<total>12</total>
				<timestamp>2481.516523</timestamp>
			</report>
			<report>
				<misses>8281001</misses>
				<total>12</total>
				<timestamp>2481.816252</timestamp>
			</report>
			<report>
				<misses>8282001</misses>
				<total>12</total>
				<timestamp>2482.115861</timestamp>
			</report>
			<report>
				<misses>8283001</misses>
				<total>11</total>
				<timestamp>2482.415671</timestamp>
			</report>
			<report>
				<misses>8284001</misses>
				<total>12</total>
				<timestamp>2482.715262</timestamp>
			</report>
			<report>
				<misses>8285001</misses>
				<total>12</total>
				<timestamp>2483.015062</timestamp>
			</report>
			<report>
				<misses>8286001</misses>
				<total>12</total>
				<timestamp>2483.314667</timestamp>
			</report>
			<report>
				<misses>8287001</misses>
				<total>12</total>
				<timestamp>2483.614447</timestamp>
			</report>
			<report>
				<misses>8288001</misses>
				<total>12</total>
				<timestamp>2483.914125</timestamp>
			</report>
			<report>
				<misses>8289001</misses>
				<total>12</total>
				<timestamp>2484.213767</timestamp>
			</report>
			<report>
				<misses>8290001</misses>
				<total>12</total>
				<timestamp>2484.513480</timestamp>
			</report>
			<report>
				<misses>8291001</misses>
				<total>12</total>
				<timestamp>2484.813192</timestamp>
			</report>
			<report>
				<misses>8292001</misses>
				<total>12</total>
				<timestamp>2485.112963</timestamp>
			</report>
			<report>
				<misses>8293001</misses>
				<total>11</total>
				<timestamp>2485.412672</timestamp>
			</report>
			<report>
				<misses>8294001</misses>
				<total>12</total>
				<timestamp>2485.712285</timestamp>
			</report>
			<report>
				<misses>8295001</misses>
				<total>12</total>
				<timestamp>2486.012050</timestamp>
			</report>
			<report>
				<misses>8296001</misses>
				<total>12</total>
				<timestamp>2486.311668</timestamp>
			</report>
			<report>
				<misses>8297001</misses>
				<total>12</total>
				<timestamp>2486.611377</timestamp>
			</report>
			<report>
				<misses>8298001</misses>
				<total>12</total>
				<timestamp>2486.911097</timestamp>
			</report>
			<report>
				<misses>8299001</misses>
				<total>12</total>
				<timestamp>2487.210781</timestamp>
			</report>
			<report>
				<misses>8300001</misses>
				<total>11</total>
				<timestamp>2487.510629</timestamp>
			</report>
			<report>
				<misses>8301001</misses>
				<total>12</total>
				<timestamp>2487.810161</timestamp>
			</report>
			<report>
				<misses>8302001</misses>
				<total>12</total>
				<timestamp>2488.109897</timestamp>
			</report>
			<report>
				<misses>8303001</misses>
				<total>12</total>
				<timestamp>2488.409576</timestamp>
			</report>
			<report>
				<misses>8304001</misses>
				<total>12</total>
				<timestamp>2488.709272</timestamp>
			</report>
			<report>
				<misses>8305001</misses>
				<total>12</total>
				<timestamp>2489.009016</timestamp>
			</report>
			<report>
				<misses>8306001</misses>
				<total>12</total>
				<timestamp>2489.308765</timestamp>
			</report>
			<report>
				<misses>8307001</misses>
				<total>12</total>
				<timestamp>2489.608436</timestamp>
			</report>
			<report>
				<misses>8308001</misses>
				<total>12</total>
				<timestamp>2489.908058</timestamp>
			</report>
			<report>
				<misses>8309001</misses>
				<total>12</total>
				<timestamp>2490.207782</timestamp>
			</report>
			<report>
				<misses>8310001</misses>
				<total>12</total>
				<timestamp>2490.507476</timestamp>
			</report>
			<report>
				<misses>8311001</misses>
				<total>12</total>
				<timestamp>2490.807215</timestamp>
			</report>
			<report>
				<misses>8312001</misses>
				<total>12</total>
				<timestamp>2491.106884</timestamp>
			</report>
			<report>
				<misses>8313001</misses>
				<total>12</total>
				<timestamp>2491.406560</timestamp>
			</report>
			<report>
				<misses>8314001</misses>
				<total>12</total>
				<timestamp>2491.706275</timestamp>
			</report>
			<report>
				<misses>8315001</misses>
				<total>12</total>
				<timestamp>2492.006004</timestamp>
			</report>
			<report>
				<misses>8316001</misses>
				<total>12</total>
				<timestamp>2492.305719</timestamp>
			</report>
			<report>
				<misses>8317001</misses>
				<total>12</total>
				<timestamp>2492.605379</timestamp>
			</report>
			<report>
				<misses>8318001</misses>
				<total>12</total>
				<timestamp>2492.905094</timestamp>
			</report>
			<report>
				<misses>8319001</misses>
				<total>12</total>
				<timestamp>2493.204773</timestamp>
			</report>
			<report>
				<misses>8320001</misses>
				<total>11</total>
				<timestamp>2493.504580</timestamp>
			</report>
			<report>
				<misses>8321001</misses>
				<total>12</total>
				<timestamp>2493.804187</timestamp>
			</report>
			<report>
				<misses>8322001</misses>
				<total>12</total>
				<timestamp>2494.103893</timestamp>
			</report>
			<report>
				<misses>8323001</misses>
				<total>12</total>
				<timestamp>2494.403577</timestamp>
			</report>
			<report>
				<misses>8324001</misses>
				<total>12</total>
				<timestamp>2494.703282</timestamp>
			</report>
			<report>
				<misses>8325001</misses>
				<total>12</total>
				<timestamp>2495.003036</timestamp>
			</report>
			<report>
				<misses>8326001</misses>
				<total>12</total>
				<timestamp>2495.302672</timestamp>
			</report>
			<report>
				<misses>8327001</misses>
				<total>12</total>
				<timestamp>2495.602378</timestamp>
			</report>
			<report>
				<misses>8328001</misses>
				<total>12</total>
				<timestamp>2495.902143</timestamp>
			</report>
			<report>
				<misses>8329001</misses>
				<total>12</total>
				<timestamp>2496.201801</timestamp>
			</report>
			<report>
				<misses>8330001</misses>
				<total>12</total>
				<timestamp>2496.501554</timestamp>
			</report>
			<report>
				<misses>8331001</misses>
				<total>12</total>
				<timestamp>2496.801172</timestamp>
			</report>
			<report>
				<misses>8332001</misses>
				<total>12</total>
				<timestamp>2497.100900</timestamp>
			</report>
			<report>
				<misses>8333001</misses>
				<total>12</total>
				<timestamp>2497.400564</timestamp>
			</report>
			<report>
				<misses>8334001</misses>
				<total>12</total>
				<timestamp>2497.700275</timestamp>
			</report>
			<report>
				<misses>8335001</misses>
				<total>12</total>
				<timestamp>2498.000020</timestamp>
			</report>
			<report>
				<misses>8336001</misses>
				<total>12</total>
				<timestamp>2498.299732</timestamp>
			</report>
			<report>
				<misses>8337001</misses>
				<total>12</total>
				<timestamp>2498.599430</timestamp>
			</report>
			<report>
				<misses>8338001</misses>
				<total>12</total>
				<timestamp>2498.899126</timestamp>
			</report>
			<report>
				<misses>8339001</misses>
				<total>12</total>
				<timestamp>2499.198776</timestamp>
			</report>
			<report>
				<misses>8340001</misses>
				<total>12</total>
				<timestamp>2499.498533</timestamp>
			</report>
			<report>
				<misses>8341001</misses>
				<total>12</total>
				<timestamp>2499.798167</timestamp>
			</report>
			<report>
				<misses>8342001</misses>
				<total>12</total>
				<timestamp>2500.097881</timestamp>
			</report>
			<report>
				<misses>8343001</misses>
				<total>12</total>
				<timestamp>2500.397569</timestamp>
			</report>
			<report>
				<misses>8344001</misses>
				<total>12</total>
				<timestamp>2500.697283</timestamp>
			</report>
			<report>
				<misses>8345001</misses>
				<total>12</total>
				<timestamp>2500.997004</timestamp>
			</report>
			<report>
				<misses>8346001</misses>
				<total>12</total>
				<timestamp>2501.296676</timestamp>
			</report>
			<report>
				<misses>8347001</misses>
				<total>11</total>
				<timestamp>2501.596477</timestamp>
			</report>
			<report>
				<misses>8348001</misses>
				<total>11</total>
				<timestamp>2501.896171</timestamp>
			</report>
			<report>
				<misses>8349001</misses>
				<total>12</total>
				<timestamp>2502.195838</timestamp>
			</report>
			<report>
				<misses>8350001</misses>
				<total>12</total>
				<timestamp>2502.495465</timestamp>
			</report>
			<report>
				<misses>8351001</misses>
				<total>12</total>
				<timestamp>2502.795177</timestamp>
			</report>
			<report>
				<misses>8352001</misses>
				<total>12</total>
				<timestamp>2503.094922</timestamp>
			</report>
			<report>
				<misses>8353001</misses>
				<total>12</total>
				<timestamp>2503.394623</timestamp>
			</report>
			<report>
				<misses>8354001</misses>
				<total>12</total>
				<timestamp>2503.694281</timestamp>
			</report>
			<report>
				<misses>8355001</misses>
				<total>12</total>
				<timestamp>2503.994012</timestamp>
			</report>
			<report>
				<misses>8356001</misses>
				<total>12</total>
				<timestamp>2504.293678</timestamp>
			</report>
			<report>
				<misses>8357001</misses>
				<total>11</total>
				<timestamp>2504.593466</timestamp>
			</report>
			<report>
				<misses>8358001</misses>
				<total>12</total>
				<timestamp>2504.893052</timestamp>
			</report>
			<report>
				<misses>8359001</misses>
				<total>12</total>
				<timestamp>2505.192775</timestamp>
			</report>
			<report>
				<misses>8360001</misses>
				<total>11</total>
				<timestamp>2505.492593</timestamp>
			</report>
			<report>
				<misses>8361001</misses>
				<total>12</total>
				<timestamp>2505.792180</timestamp>
			</report>
			<report>
				<misses>8362001</misses>
				<total>12</total>
				<timestamp>2506.091890</timestamp>
			</report>
			<report>
				<misses>8363001</misses>
				<total>12</total>
				<timestamp>2506.391570</timestamp>
			</report>
			<report>
				<misses>8364001</misses>
				<total>12</total>
				<timestamp>2506.691274</timestamp>
			</report>
			<report>
				<misses>8365001</misses>
				<total>12</total>
				<timestamp>2506.991039</timestamp>
			</report>
			<report>
				<misses>8366001</misses>
				<total>12</total>
				<timestamp>2507.290665</timestamp>
			</report>
			<report>
				<misses>8367001</misses>
				<total>12</total>
				<timestamp>2507.590362</timestamp>
			</report>
			<report>
				<misses>8368001</misses>
				<total>12</total>
				<timestamp>2507.890054</timestamp>
			</report>
			<report>
				<misses>8369001</misses>
				<total>12</total>
				<timestamp>2508.189838</timestamp>
			</report>
			<report>
				<misses>8370001</misses>
				<total>12</total>
				<timestamp>2508.489545</timestamp>
			</report>
			<report>
				<misses>8371001</misses>
				<total>12</total>
				<timestamp>2508.789227</timestamp>
			</report>
			<report>
				<misses>8372001</misses>
				<total>12</total>
				<timestamp>2509.088941</timestamp>
			</report>
			<report>
				<misses>8373001</misses>
				<total>12</total>
				<timestamp>2509.388624</timestamp>
			</report>
			<report>
				<misses>8374001</misses>
				<total>12</total>
				<timestamp>2509.688262</timestamp>
			</report>
			<report>
				<misses>8375001</misses>
				<total>12</total>
				<timestamp>2509.988008</timestamp>
			</report>
			<report>
				<misses>8376001</misses>
				<total>12</total>
				<timestamp>2510.287669</timestamp>
			</report>
			<report>
				<misses>8377001</misses>
				<total>12</total>
				<timestamp>2510.587420</timestamp>
			</report>
			<report>
				<misses>8378001</misses>
				<total>12</total>
				<timestamp>2510.887094</timestamp>
			</report>
			<report>
				<misses>8379001</misses>
				<total>12</total>
				<timestamp>2511.186788</timestamp>
			</report>
			<report>
				<misses>8380001</misses>
				<total>12</total>
				<timestamp>2511.486478</timestamp>
			</report>
			<report>
				<misses>8381001</misses>
				<total>12</total>
				<timestamp>2511.786169</timestamp>
			</report>
			<report>
				<misses>8382001</misses>
				<total>12</total>
				<timestamp>2512.085887</timestamp>
			</report>
			<report>
				<misses>8383001</misses>
				<total>12</total>
				<timestamp>2512.385574</timestamp>
			</report>
			<report>
				<misses>8384001</misses>
				<total>12</total>
				<timestamp>2512.685273</timestamp>
			</report>
			<report>
				<misses>8385001</misses>
				<total>12</total>
				<timestamp>2512.985002</timestamp>
			</report>
			<report>
				<misses>8386001</misses>
				<total>11</total>
				<timestamp>2513.284859</timestamp>
			</report>
			<report>
				<misses>8387001</misses>
				<total>12</total>
				<timestamp>2513.584370</timestamp>
			</report>
			<report>
				<misses>8388001</misses>
				<total>12</total>
				<timestamp>2513.884138</timestamp>
			</report>
			<report>
				<misses>8389001</misses>
				<total>12</total>
				<timestamp>2514.183770</timestamp>
			</report>
			<report>
				<misses>8390001</misses>
				<total>12</total>
				<timestamp>2514.483503</timestamp>
			</report>
			<report>
				<misses>8391001</misses>
				<total>12</total>
				<timestamp>2514.783167</timestamp>
			</report>
			<report>
				<misses>8392001</misses>
				<total>12</total>
				<timestamp>2515.082876</timestamp>
			</report>
			<report>
				<misses>8393001</misses>
				<total>12</total>
				<timestamp>2515.382567</timestamp>
			</report>
			<report>
				<misses>8394001</misses>
				<total>12</total>
				<timestamp>2515.682271</timestamp>
			</report>
			<report>
				<misses>8395001</misses>
				<total>12</total>
				<timestamp>2515.981992</timestamp>
			</report>
			<report>
				<misses>8396001</misses>
				<total>12</total>
				<timestamp>2516.281759</timestamp>
			</report>
			<report>
				<misses>8397001</misses>
				<total>12</total>
				<timestamp>2516.581365</timestamp>
			</report>
			<report>
				<misses>8398001</misses>
				<total>12</total>
				<timestamp>2516.881064</timestamp>
			</report>
			<report>
				<misses>8399001</misses>
				<total>12</total>
				<timestamp>2517.180849</timestamp>
			</report>
			<report>
				<misses>8400001</misses>
				<total>12</total>
				<timestamp>2517.480474</timestamp>
			</report>
			<report>
				<misses>8401001</misses>
				<total>12</total>
				<timestamp>2517.780168</timestamp>
			</report>
			<report>
				<misses>8402001</misses>
				<total>12</total>
				<timestamp>2518.079877</timestamp>
			</report>
			<report>
				<misses>8403001</misses>
				<total>12</total>
				<timestamp>2518.379567</timestamp>
			</report>
			<report>
				<misses>8404001</misses>
				<total>12</total>
				<timestamp>2518.679272</timestamp>
			</report>
			<report>
				<misses>8405001</misses>
				<total>12</total>
				<timestamp>2518.979019</timestamp>
			</report>
			<report>
				<misses>8406001</misses>
				<total>12</total>
				<timestamp>2519.278680</timestamp>
			</report>
			<report>
				<misses>8407001</misses>
				<total>12</total>
				<timestamp>2519.578373</timestamp>
			</report>
			<report>
				<misses>8408001</misses>
				<total>12</total>
				<timestamp>2519.878068</timestamp>
			</report>
			<report>
				<misses>8409001</misses>
				<total>12</total>
				<timestamp>2520.177855</timestamp>
			</report>
			<report>
				<misses>8410001</misses>
				<total>12</total>
				<timestamp>2520.477501</timestamp>
			</report>
			<report>
				<misses>8411001</misses>
				<total>12</total>
				<timestamp>2520.777212</timestamp>
			</report>
			<report>
				<misses>8412001</misses>
				<total>12</total>
				<timestamp>2521.076886</timestamp>
			</report>
			<report>
				<misses>8413001</misses>
				<total>12</total>
				<timestamp>2521.376561</timestamp>
			</report>
			<report>
				<misses>8414001</misses>
				<total>11</total>
				<timestamp>2521.676368</timestamp>
			</report>
			<report>
				<misses>8415001</misses>
				<total>12</total>
				<timestamp>2521.975963</timestamp>
			</report>
			<report>
				<misses>8416001</misses>
				<total>12</total>
				<timestamp>2522.275749</timestamp>
			</report>
			<report>
				<misses>8417001</misses>
				<total>12</total>
				<timestamp>2522.575416</timestamp>
			</report>
			<report>
				<misses>8418001</misses>
				<total>12</total>
				<timestamp>2522.875144</timestamp>
			</report>
			<report>
				<misses>8419001</misses>
				<total>12</total>
				<timestamp>2523.174815</timestamp>
			</report>
			<report>
				<misses>8420001</misses>
				<total>12</total>
				<timestamp>2523.474464</timestamp>
			</report>
			<report>
				<misses>8421001</misses>
				<total>12</total>
				<timestamp>2523.774235</timestamp>
			</report>
			<report>
				<misses>8422001</misses>
				<total>12</total>
				<timestamp>2524.073869</timestamp>
			</report>
			<report>
				<misses>8423001</misses>
				<total>12</total>
				<timestamp>2524.373570</timestamp>
			</report>
			<report>
				<misses>8424001</misses>
				<total>12</total>
				<timestamp>2524.673272</timestamp>
			</report>
			<report>
				<misses>8425001</misses>
				<total>12</total>
				<timestamp>2524.972963</timestamp>
			</report>
			<report>
				<misses>8426001</misses>
				<total>12</total>
				<timestamp>2525.272657</timestamp>
			</report>
			<report>
				<misses>8427001</misses>
				<total>12</total>
				<timestamp>2525.572410</timestamp>
			</report>
			<report>
				<misses>8428001</misses>
				<total>12</total>
				<timestamp>2525.872073</timestamp>
			</report>
			<report>
				<misses>8429001</misses>
				<total>12</total>
				<timestamp>2526.171841</timestamp>
			</report>
			<report>
				<misses>8430001</misses>
				<total>12</total>
				<timestamp>2526.471469</timestamp>
			</report>
			<report>
				<misses>8431001</misses>
				<total>12</total>
				<timestamp>2526.771179</timestamp>
			</report>
			<report>
				<misses>8432001</misses>
				<total>12</total>
				<timestamp>2527.070917</timestamp>
			</report>
			<report>
				<misses>8433001</misses>
				<total>12</total>
				<timestamp>2527.370565</timestamp>
			</report>
			<report>
				<misses>8434001</misses>
				<total>12</total>
				<timestamp>2527.670284</timestamp>
			</report>
			<report>
				<misses>8435001</misses>
				<total>12</total>
				<timestamp>2527.969990</timestamp>
			</report>
			<report>
				<misses>8436001</misses>
				<total>12</total>
				<timestamp>2528.269676</timestamp>
			</report>
			<report>
				<misses>8437001</misses>
				<total>12</total>
				<timestamp>2528.569368</timestamp>
			</report>
			<report>
				<misses>8438001</misses>
				<total>12</total>
				<timestamp>2528.869089</timestamp>
			</report>
			<report>
				<misses>8439001</misses>
				<total>12</total>
				<timestamp>2529.168788</timestamp>
			</report>
			<report>
				<misses>8440001</misses>
				<total>12</total>
				<timestamp>2529.468529</timestamp>
			</report>
			<report>
				<misses>8441001</misses>
				<total>12</total>
				<timestamp>2529.768248</timestamp>
			</report>
			<report>
				<misses>8442001</misses>
				<total>12</total>
				<timestamp>2530.067887</timestamp>
			</report>
			<report>
				<misses>8443001</misses>
				<total>11</total>
				<timestamp>2530.367695</timestamp>
			</report>
			<report>
				<misses>8444001</misses>
				<total>12</total>
				<timestamp>2530.667281</timestamp>
			</report>
			<report>
				<misses>8445001</misses>
				<total>12</total>
				<timestamp>2530.966985</timestamp>
			</report>
			<report>
				<misses>8446001</misses>
				<total>12</total>
				<timestamp>2531.266688</timestamp>
			</report>
			<report>
				<misses>8447001</misses>
				<total>12</total>
				<timestamp>2531.566462</timestamp>
			</report>
			<report>
				<misses>8448001</misses>
				<total>12</total>
				<timestamp>2531.866082</timestamp>
			</report>
			<report>
				<misses>8449001</misses>
				<total>12</total>
				<timestamp>2532.165790</timestamp>
			</report>
			<report>
				<misses>8450001</misses>
				<total>12</total>
				<timestamp>2532.465464</timestamp>
			</report>
			<report>
				<misses>8451001</misses>
				<total>12</total>
				<timestamp>2532.765177</timestamp>
			</report>
			<report>
				<misses>8452001</misses>
				<total>12</total>
				<timestamp>2533.064893</timestamp>
			</report>
			<report>
				<misses>8453001</misses>
				<total>12</total>
				<timestamp>2533.364563</timestamp>
			</report>
			<report>
				<misses>8454001</misses>
				<total>12</total>
				<timestamp>2533.664273</timestamp>
			</report>
			<report>
				<misses>8455001</misses>
				<total>12</total>
				<timestamp>2533.963995</timestamp>
			</report>
			<report>
				<misses>8456001</misses>
				<total>12</total>
				<timestamp>2534.263736</timestamp>
			</report>
			<report>
				<misses>8457001</misses>
				<total>12</total>
				<timestamp>2534.563425</timestamp>
			</report>
			<report>
				<misses>8458001</misses>
				<total>12</total>
				<timestamp>2534.863087</timestamp>
			</report>
			<report>
				<misses>8459001</misses>
				<total>12</total>
				<timestamp>2535.162815</timestamp>
			</report>
			<report>
				<misses>8460001</misses>
				<total>12</total>
				<timestamp>2535.462459</timestamp>
			</report>
			<report>
				<misses>8461001</misses>
				<total>12</total>
				<timestamp>2535.762171</timestamp>
			</report>
			<report>
				<misses>8462001</misses>
				<total>12</total>
				<timestamp>2536.061879</timestamp>
			</report>
			<report>
				<misses>8463001</misses>
				<total>12</total>
				<timestamp>2536.361602</timestamp>
			</report>
			<report>
				<misses>8464001</misses>
				<total>12</total>
				<timestamp>2536.661275</timestamp>
			</report>
			<report>
				<misses>8465001</misses>
				<total>12</total>
				<timestamp>2536.960979</timestamp>
			</report>
			<report>
				<misses>8466001</misses>
				<total>11</total>
				<timestamp>2537.260773</timestamp>
			</report>
			<report>
				<misses>8467001</misses>
				<total>12</total>
				<timestamp>2537.560387</timestamp>
			</report>
			<report>
				<misses>8468001</misses>
				<total>12</total>
				<timestamp>2537.860076</timestamp>
			</report>
			<report>
				<misses>8469001</misses>
				<total>12</total>
				<timestamp>2538.159817</timestamp>
			</report>
			<report>
				<misses>8470001</misses>
				<total>12</total>
				<timestamp>2538.459478</timestamp>
			</report>
			<report>
				<misses>8471001</misses>
				<total>12</total>
				<timestamp>2538.759231</timestamp>
			</report>
			<report>
				<misses>8472001</misses>
				<total>12</total>
				<timestamp>2539.058871</timestamp>
			</report>
			<report>
				<misses>8473001</misses>
				<total>12</total>
				<timestamp>2539.358570</timestamp>
			</report>
			<report>
				<misses>8474001</misses>
				<total>12</total>
				<timestamp>2539.658337</timestamp>
			</report>
			<report>
				<misses>8475001</misses>
				<total>12</total>
				<timestamp>2539.957995</timestamp>
			</report>
			<report>
				<misses>8476001</misses>
				<total>12</total>
				<timestamp>2540.257754</timestamp>
			</report>
			<report>
				<misses>8477001</misses>
				<total>12</total>
				<timestamp>2540.557372</timestamp>
			</report>
			<report>
				<misses>8478001</misses>
				<total>12</total>
				<timestamp>2540.857099</timestamp>
			</report>
			<report>
				<misses>8479001</misses>
				<total>12</total>
				<timestamp>2541.156777</timestamp>
			</report>
			<report>
				<misses>8480001</misses>
				<total>12</total>
				<timestamp>2541.456464</timestamp>
			</report>
			<report>
				<misses>8481001</misses>
				<total>12</total>
				<timestamp>2541.756195</timestamp>
			</report>
			<report>
				<misses>8482001</misses>
				<total>12</total>
				<timestamp>2542.055920</timestamp>
			</report>
			<report>
				<misses>8483001</misses>
				<total>12</total>
				<timestamp>2542.355556</timestamp>
			</report>
			<report>
				<misses>8484001</misses>
				<total>12</total>
				<timestamp>2542.655264</timestamp>
			</report>
			<report>
				<misses>8485001</misses>
				<total>12</total>
				<timestamp>2542.955040</timestamp>
			</report>
			<report>
				<misses>8486001</misses>
				<total>11</total>
				<timestamp>2543.254789</timestamp>
			</report>
			<report>
				<misses>8487001</misses>
				<total>12</total>
				<timestamp>2543.554374</timestamp>
			</report>
			<report>
				<misses>8488001</misses>
				<total>12</total>
				<timestamp>2543.854068</timestamp>
			</report>
			<report>
				<misses>8489001</misses>
				<total>12</total>
				<timestamp>2544.153851</timestamp>
			</report>
			<report>
				<misses>8490001</misses>
				<total>12</total>
				<timestamp>2544.453506</timestamp>
			</report>
			<report>
				<misses>8491001</misses>
				<total>12</total>
				<timestamp>2544.753238</timestamp>
			</report>
			<report>
				<misses>8492001</misses>
				<total>12</total>
				<timestamp>2545.052873</timestamp>
			</report>
			<report>
				<misses>8493001</misses>
				<total>12</total>
				<timestamp>2545.352570</timestamp>
			</report>
			<report>
				<misses>8494001</misses>
				<total>12</total>
				<timestamp>2545.652326</timestamp>
			</report>
			<report>
				<misses>8495001</misses>
				<total>12</total>
				<timestamp>2545.952005</timestamp>
			</report>
			<report>
				<misses>8496001</misses>
				<total>12</total>
				<timestamp>2546.251686</timestamp>
			</report>
			<report>
				<misses>8497001</misses>
				<total>12</total>
				<timestamp>2546.551374</timestamp>
			</report>
			<report>
				<misses>8498001</misses>
				<total>12</total>
				<timestamp>2546.851065</timestamp>
			</report>
			<report>
				<misses>8499001</misses>
				<total>12</total>
				<timestamp>2547.150816</timestamp>
			</report>
			<report>
				<misses>8500001</misses>
				<total>12</total>
				<timestamp>2547.450479</timestamp>
			</report>
			<report>
				<misses>8501001</misses>
				<total>12</total>
				<timestamp>2547.750192</timestamp>
			</report>
			<report>
				<misses>8502001</misses>
				<total>12</total>
				<timestamp>2548.049877</timestamp>
			</report>
			<report>
				<misses>8503001</misses>
				<total>12</total>
				<timestamp>2548.349563</timestamp>
			</report>
			<report>
				<misses>8504001</misses>
				<total>12</total>
				<timestamp>2548.649337</timestamp>
			</report>
			<report>
				<misses>8505001</misses>
				<total>11</total>
				<timestamp>2548.949091</timestamp>
			</report>
			<report>
				<misses>8506001</misses>
				<total>12</total>
				<timestamp>2549.248725</timestamp>
			</report>
			<report>
				<misses>8507001</misses>
				<total>12</total>
				<timestamp>2549.548369</timestamp>
			</report>
			<report>
				<misses>8508001</misses>
				<total>12</total>
				<timestamp>2549.848088</timestamp>
			</report>
			<report>
				<misses>8509001</misses>
				<total>12</total>
				<timestamp>2550.147813</timestamp>
			</report>
			<report>
				<misses>8510001</misses>
				<total>12</total>
				<timestamp>2550.447470</timestamp>
			</report>
			<report>
				<misses>8511001</misses>
				<total>12</total>
				<timestamp>2550.747183</timestamp>
			</report>
			<report>
				<misses>8512001</misses>
				<total>12</total>
				<timestamp>2551.046870</timestamp>
			</report>
			<report>
				<misses>8513001</misses>
				<total>12</total>
				<timestamp>2551.346622</timestamp>
			</report>
			<report>
				<misses>8514001</misses>
				<total>12</total>
				<timestamp>2551.646334</timestamp>
			</report>
			<report>
				<misses>8515001</misses>
				<total>12</total>
				<timestamp>2551.946021</timestamp>
			</report>
			<report>
				<misses>8516001</misses>
				<total>12</total>
				<timestamp>2552.245716</timestamp>
			</report>
			<report>
				<misses>8517001</misses>
				<total>12</total>
				<timestamp>2552.545368</timestamp>
			</report>
			<report>
				<misses>8518001</misses>
				<total>12</total>
				<timestamp>2552.845092</timestamp>
			</report>
			<report>
				<misses>8519001</misses>
				<total>12</total>
				<timestamp>2553.144789</timestamp>
			</report>
			<report>
				<misses>8520001</misses>
				<total>12</total>
				<timestamp>2553.444486</timestamp>
			</report>
			<report>
				<misses>8521001</misses>
				<total>12</total>
				<timestamp>2553.744171</timestamp>
			</report>
			<report>
				<misses>8522001</misses>
				<total>12</total>
				<timestamp>2554.043878</timestamp>
			</report>
			<report>
				<misses>8523001</misses>
				<total>12</total>
				<timestamp>2554.343616</timestamp>
			</report>
			<report>
				<misses>8524001</misses>
				<total>12</total>
				<timestamp>2554.643272</timestamp>
			</report>
			<report>
				<misses>8525001</misses>
				<total>12</total>
				<timestamp>2554.943010</timestamp>
			</report>
			<report>
				<misses>8526001</misses>
				<total>12</total>
				<timestamp>2555.242670</timestamp>
			</report>
			<report>
				<misses>8527001</misses>
				<total>12</total>
				<timestamp>2555.542380</timestamp>
			</report>
			<report>
				<misses>8528001</misses>
				<total>12</total>
				<timestamp>2555.842162</timestamp>
			</report>
			<report>
				<misses>8529001</misses>
				<total>12</total>
				<timestamp>2556.141795</timestamp>
			</report>
			<report>
				<misses>8530001</misses>
				<total>12</total>
				<timestamp>2556.441483</timestamp>
			</report>
			<report>
				<misses>8531001</misses>
				<total>12</total>
				<timestamp>2556.741173</timestamp>
			</report>
			<report>
				<misses>8532001</misses>
				<total>12</total>
				<timestamp>2557.040871</timestamp>
			</report>
			<report>
				<misses>8533001</misses>
				<total>12</total>
				<timestamp>2557.340585</timestamp>
			</report>
			<report>
				<misses>8534001</misses>
				<total>12</total>
				<timestamp>2557.640324</timestamp>
			</report>
			<report>
				<misses>8535001</misses>
				<total>12</total>
				<timestamp>2557.939989</timestamp>
			</report>
			<report>
				<misses>8536001</misses>
				<total>12</total>
				<timestamp>2558.239696</timestamp>
			</report>
			<report>
				<misses>8537001</misses>
				<total>12</total>
				<timestamp>2558.539377</timestamp>
			</report>
			<report>
				<misses>8538001</misses>
				<total>12</total>
				<timestamp>2558.839059</timestamp>
			</report>
			<report>
				<misses>8539001</misses>
				<total>12</total>
				<timestamp>2559.138763</timestamp>
			</report>
			<report>
				<misses>8540001</misses>
				<total>12</total>
				<timestamp>2559.438575</timestamp>
			</report>
			<report>
				<misses>8541001</misses>
				<total>12</total>
				<timestamp>2559.738234</timestamp>
			</report>
			<report>
				<misses>8542001</misses>
				<total>12</total>
				<timestamp>2560.037877</timestamp>
			</report>
			<report>
				<misses>8543001</misses>
				<total>12</total>
				<timestamp>2560.337625</timestamp>
			</report>
			<report>
				<misses>8544001</misses>
				<total>11</total>
				<timestamp>2560.637373</timestamp>
			</report>
			<report>
				<misses>8545001</misses>
				<total>12</total>
				<timestamp>2560.937015</timestamp>
			</report>
			<report>
				<misses>8546001</misses>
				<total>12</total>
				<timestamp>2561.236736</timestamp>
			</report>
			<report>
				<misses>8547001</misses>
				<total>12</total>
				<timestamp>2561.536370</timestamp>
			</report>
			<report>
				<misses>8548001</misses>
				<total>12</total>
				<timestamp>2561.836135</timestamp>
			</report>
			<report>
				<misses>8549001</misses>
				<total>12</total>
				<timestamp>2562.135770</timestamp>
			</report>
			<report>
				<misses>8550001</misses>
				<total>12</total>
				<timestamp>2562.435537</timestamp>
			</report>
			<report>
				<misses>8551001</misses>
				<total>12</total>
				<timestamp>2562.735188</timestamp>
			</report>
			<report>
				<misses>8552001</misses>
				<total>12</total>
				<timestamp>2563.034884</timestamp>
			</report>
			<report>
				<misses>8553001</misses>
				<total>12</total>
				<timestamp>2563.334607</timestamp>
			</report>
			<report>
				<misses>8554001</misses>
				<total>12</total>
				<timestamp>2563.634273</timestamp>
			</report>
			<report>
				<misses>8555001</misses>
				<total>12</total>
				<timestamp>2563.933974</timestamp>
			</report>
			<report>
				<misses>8556001</misses>
				<total>12</total>
				<timestamp>2564.233719</timestamp>
			</report>
			<report>
				<misses>8557001</misses>
				<total>12</total>
				<timestamp>2564.533367</timestamp>
			</report>
			<report>
				<misses>8558001</misses>
				<total>12</total>
				<timestamp>2564.833131</timestamp>
			</report>
			<report>
				<misses>8559001</misses>
				<total>12</total>
				<timestamp>2565.132785</timestamp>
			</report>
			<report>
				<misses>8560001</misses>
				<total>12</total>
				<timestamp>2565.432516</timestamp>
			</report>
			<report>
				<misses>8561001</misses>
				<total>12</total>
				<timestamp>2565.732207</timestamp>
			</report>
			<report>
				<misses>8562001</misses>
				<total>12</total>
				<timestamp>2566.031890</timestamp>
			</report>
			<report>
				<misses>8563001</misses>
				<total>12</total>
				<timestamp>2566.331715</timestamp>
			</report>
			<report>
				<misses>8564001</misses>
				<total>12</total>
				<timestamp>2566.631278</timestamp>
			</report>
			<report>
				<misses>8565001</misses>
				<total>12</total>
				<timestamp>2566.930994</timestamp>
			</report>
			<report>
				<misses>8566001</misses>
				<total>12</total>
				<timestamp>2567.230674</timestamp>
			</report>
			<report>
				<misses>8567001</misses>
				<total>12</total>
				<timestamp>2567.530360</timestamp>
			</report>
			<report>
				<misses>8568001</misses>
				<total>12</total>
				<timestamp>2567.830146</timestamp>
			</report>
			<report>
				<misses>8569001</misses>
				<total>12</total>
				<timestamp>2568.129783</timestamp>
			</report>
			<report>
				<misses>8570001</misses>
				<total>12</total>
				<timestamp>2568.429479</timestamp>
			</report>
			<report>
				<misses>8571001</misses>
				<total>11</total>
				<timestamp>2568.729288</timestamp>
			</report>
			<report>
				<misses>8572001</misses>
				<total>12</total>
				<timestamp>2569.028896</timestamp>
			</report>
			<report>
				<misses>8573001</misses>
				<total>12</total>
				<timestamp>2569.328618</timestamp>
			</report>
			<report>
				<misses>8574001</misses>
				<total>12</total>
				<timestamp>2569.628269</timestamp>
			</report>
			<report>
				<misses>8575001</misses>
				<total>12</total>
				<timestamp>2569.927988</timestamp>
			</report>
			<report>
				<misses>8576001</misses>
				<total>12</total>
				<timestamp>2570.227675</timestamp>
			</report>
			<report>
				<misses>8577001</misses>
				<total>12</total>
				<timestamp>2570.527378</timestamp>
			</report>
			<report>
				<misses>8578001</misses>
				<total>12</total>
				<timestamp>2570.827110</timestamp>
			</report>
			<report>
				<misses>8579001</misses>
				<total>12</total>
				<timestamp>2571.126782</timestamp>
			</report>
			<report>
				<misses>8580001</misses>
				<total>12</total>
				<timestamp>2571.426500</timestamp>
			</report>
			<report>
				<misses>8581001</misses>
				<total>12</total>
				<timestamp>2571.726165</timestamp>
			</report>
			<report>
				<misses>8582001</misses>
				<total>12</total>
				<timestamp>2572.025883</timestamp>
			</report>
			<report>
				<misses>8583001</misses>
				<total>12</total>
				<timestamp>2572.325606</timestamp>
			</report>
			<report>
				<misses>8584001</misses>
				<total>12</total>
				<timestamp>2572.625261</timestamp>
			</report>
			<report>
				<misses>8585001</misses>
				<total>12</total>
				<timestamp>2572.924993</timestamp>
			</report>
			<report>
				<misses>8586001</misses>
				<total>12</total>
				<timestamp>2573.224697</timestamp>
			</report>
			<report>
				<misses>8587001</misses>
				<total>12</total>
				<timestamp>2573.524378</timestamp>
			</report>
			<report>
				<misses>8588001</misses>
				<total>12</total>
				<timestamp>2573.824093</timestamp>
			</report>
			<report>
				<misses>8589001</misses>
				<total>12</total>
				<timestamp>2574.123777</timestamp>
			</report>
			<report>
				<misses>8590001</misses>
				<total>12</total>
				<timestamp>2574.423532</timestamp>
			</report>
			<report>
				<misses>8591001</misses>
				<total>12</total>
				<timestamp>2574.723178</timestamp>
			</report>
			<report>
				<misses>8592001</misses>
				<total>12</total>
				<timestamp>2575.022889</timestamp>
			</report>
			<report>
				<misses>8593001</misses>
				<total>12</total>
				<timestamp>2575.322616</timestamp>
			</report>
			<report>
				<misses>8594001</misses>
				<total>12</total>
				<timestamp>2575.622260</timestamp>
			</report>
			<report>
				<misses>8595001</misses>
				<total>12</total>
				<timestamp>2575.922049</timestamp>
			</report>
			<report>
				<misses>8596001</misses>
				<total>12</total>
				<timestamp>2576.221674</timestamp>
			</report>
			<report>
				<misses>8597001</misses>
				<total>12</total>
				<timestamp>2576.521368</timestamp>
			</report>
			<report>
				<misses>8598001</misses>
				<total>12</total>
				<timestamp>2576.821063</timestamp>
			</report>
			<report>
				<misses>8599001</misses>
				<total>12</total>
				<timestamp>2577.120773</timestamp>
			</report>
			<report>
				<misses>8600001</misses>
				<total>13</total>
				<timestamp>2577.420502</timestamp>
			</report>
			<report>
				<misses>8601001</misses>
				<total>13</total>
				<timestamp>2577.720157</timestamp>
			</report>
			<report>
				<misses>8602001</misses>
				<total>13</total>
				<timestamp>2578.019865</timestamp>
			</report>
			<report>
				<misses>8603001</misses>
				<total>13</total>
				<timestamp>2578.319611</timestamp>
			</report>
			<report>
				<misses>8604001</misses>
				<total>13</total>
				<timestamp>2578.619260</timestamp>
			</report>
			<report>
				<misses>8605001</misses>
				<total>13</total>
				<timestamp>2578.919014</timestamp>
			</report>
			<report>
				<misses>8606001</misses>
				<total>12</total>
				<timestamp>2579.218766</timestamp>
			</report>
			<report>
				<misses>8607001</misses>
				<total>13</total>
				<timestamp>2579.518372</timestamp>
			</report>
			<report>
				<misses>8608001</misses>
				<total>13</total>
				<timestamp>2579.818095</timestamp>
			</report>
			<report>
				<misses>8609001</misses>
				<total>13</total>
				<timestamp>2580.117764</timestamp>
			</report>
			<report>
				<misses>8610001</misses>
				<total>13</total>
				<timestamp>2580.417521</timestamp>
			</report>
			<report>
				<misses>8611001</misses>
				<total>13</total>
				<timestamp>2580.717183</timestamp>
			</report>
			<report>
				<misses>8612001</misses>
				<total>13</total>
				<timestamp>2581.016872</timestamp>
			</report>
			<report>
				<misses>8613001</misses>
				<total>13</total>
				<timestamp>2581.316606</timestamp>
			</report>
			<report>
				<misses>8614001</misses>
				<total>13</total>
				<timestamp>2581.616281</timestamp>
			</report>
			<report>
				<misses>8615001</misses>
				<total>12</total>
				<timestamp>2581.916085</timestamp>
			</report>
			<report>
				<misses>8616001</misses>
				<total>12</total>
				<timestamp>2582.215781</timestamp>
			</report>
			<report>
				<misses>8617001</misses>
				<total>13</total>
				<timestamp>2582.515411</timestamp>
			</report>
			<report>
				<misses>8618001</misses>
				<total>13</total>
				<timestamp>2582.815081</timestamp>
			</report>
			<report>
				<misses>8619001</misses>
				<total>13</total>
				<timestamp>2583.114787</timestamp>
			</report>
			<report>
				<misses>8620001</misses>
				<total>13</total>
				<timestamp>2583.414496</timestamp>
			</report>
			<report>
				<misses>8621001</misses>
				<total>13</total>
				<timestamp>2583.714172</timestamp>
			</report>
			<report>
				<misses>8622001</misses>
				<total>13</total>
				<timestamp>2584.013865</timestamp>
			</report>
			<report>
				<misses>8623001</misses>
				<total>13</total>
				<timestamp>2584.313595</timestamp>
			</report>
			<report>
				<misses>8624001</misses>
				<total>13</total>
				<timestamp>2584.613261</timestamp>
			</report>
			<report>
				<misses>8625001</misses>
				<total>12</total>
				<timestamp>2584.913094</timestamp>
			</report>
			<report>
				<misses>8626001</misses>
				<total>13</total>
				<timestamp>2585.212676</timestamp>
			</report>
			<report>
				<misses>8627001</misses>
				<total>13</total>
				<timestamp>2585.512408</timestamp>
			</report>
			<report>
				<misses>8628001</misses>
				<total>13</total>
				<timestamp>2585.812118</timestamp>
			</report>
			<report>
				<misses>8629001</misses>
				<total>13</total>
				<timestamp>2586.111789</timestamp>
			</report>
			<report>
				<misses>8630001</misses>
				<total>13</total>
				<timestamp>2586.411539</timestamp>
			</report>
			<report>
				<misses>8631001</misses>
				<total>13</total>
				<timestamp>2586.711165</timestamp>
			</report>
			<report>
				<misses>8632001</misses>
				<total>13</total>
				<timestamp>2587.010880</timestamp>
			</report>
			<report>
				<misses>8633001</misses>
				<total>13</total>
				<timestamp>2587.310588</timestamp>
			</report>
			<report>
				<misses>8634001</misses>
				<total>13</total>
				<timestamp>2587.610278</timestamp>
			</report>
			<report>
				<misses>8635001</misses>
				<total>13</total>
				<timestamp>2587.910012</timestamp>
			</report>
			<report>
				<misses>8636001</misses>
				<total>13</total>
				<timestamp>2588.209678</timestamp>
			</report>
			<report>
				<misses>8637001</misses>
				<total>12</total>
				<timestamp>2588.509516</timestamp>
			</report>
			<report>
				<misses>8638001</misses>
				<total>13</total>
				<timestamp>2588.809125</timestamp>
			</report>
			<report>
				<misses>8639001</misses>
				<total>13</total>
				<timestamp>2589.108790</timestamp>
			</report>
			<report>
				<misses>8640001</misses>
				<total>13</total>
				<timestamp>2589.408466</timestamp>
			</report>
			<report>
				<misses>8641001</misses>
				<total>13</total>
				<timestamp>2589.708165</timestamp>
			</report>
			<report>
				<misses>8642001</misses>
				<total>13</total>
				<timestamp>2590.007873</timestamp>
			</report>
			<report>
				<misses>8643001</misses>
				<total>13</total>
				<timestamp>2590.307631</timestamp>
			</report>
			<report>
				<misses>8644001</misses>
				<total>13</total>
				<timestamp>2590.607282</timestamp>
			</report>
			<report>
				<misses>8645001</misses>
				<total>13</total>
				<timestamp>2590.907045</timestamp>
			</report>
			<report>
				<misses>8646001</misses>
				<total>13</total>
				<timestamp>2591.206675</timestamp>
			</report>
			<report>
				<misses>8647001</misses>
				<total>13</total>
				<timestamp>2591.506381</timestamp>
			</report>
			<report>
				<misses>8648001</misses>
				<total>13</total>
				<timestamp>2591.806070</timestamp>
			</report>
			<report>
				<misses>8649001</misses>
				<total>13</total>
				<timestamp>2592.105776</timestamp>
			</report>
			<report>
				<misses>8650001</misses>
				<total>13</total>
				<timestamp>2592.405492</timestamp>
			</report>
			<report>
				<misses>8651001</misses>
				<total>13</total>
				<timestamp>2592.705239</timestamp>
			</report>
			<report>
				<misses>8652001</misses>
				<total>13</total>
				<timestamp>2593.004973</timestamp>
			</report>
			<report>
				<misses>8653001</misses>
				<total>13</total>
				<timestamp>2593.304571</timestamp>
			</report>
			<report>
				<misses>8654001</misses>
				<total>13</total>
				<timestamp>2593.604269</timestamp>
			</report>
			<report>
				<misses>8655001</misses>
				<total>13</total>
				<timestamp>2593.904024</timestamp>
			</report>
			<report>
				<misses>8656001</misses>
				<total>13</total>
				<timestamp>2594.203669</timestamp>
			</report>
			<report>
				<misses>8657001</misses>
				<total>13</total>
				<timestamp>2594.503425</timestamp>
			</report>
			<report>
				<misses>8658001</misses>
				<total>13</total>
				<timestamp>2594.803064</timestamp>
			</report>
			<report>
				<misses>8659001</misses>
				<total>13</total>
				<timestamp>2595.102775</timestamp>
			</report>
			<report>
				<misses>8660001</misses>
				<total>13</total>
				<timestamp>2595.402530</timestamp>
			</report>
			<report>
				<misses>8661001</misses>
				<total>13</total>
				<timestamp>2595.702194</timestamp>
			</report>
			<report>
				<misses>8662001</misses>
				<total>13</total>
				<timestamp>2596.001951</timestamp>
			</report>
			<report>
				<misses>8663001</misses>
				<total>13</total>
				<timestamp>2596.301565</timestamp>
			</report>
			<report>
				<misses>8664001</misses>
				<total>13</total>
				<timestamp>2596.601292</timestamp>
			</report>
			<report>
				<misses>8665001</misses>
				<total>13</total>
				<timestamp>2596.901019</timestamp>
			</report>
			<report>
				<misses>8666001</misses>
				<total>13</total>
				<timestamp>2597.200675</timestamp>
			</report>
			<report>
				<misses>8667001</misses>
				<total>13</total>
				<timestamp>2597.500382</timestamp>
			</report>
			<report>
				<misses>8668001</misses>
				<total>13</total>
				<timestamp>2597.800108</timestamp>
			</report>
			<report>
				<misses>8669001</misses>
				<total>13</total>
				<timestamp>2598.099775</timestamp>
			</report>
			<report>
				<misses>8670001</misses>
				<total>13</total>
				<timestamp>2598.399535</timestamp>
			</report>
			<report>
				<misses>8671001</misses>
				<total>13</total>
				<timestamp>2598.699168</timestamp>
			</report>
			<report>
				<misses>8672001</misses>
				<total>13</total>
				<timestamp>2598.998987</timestamp>
			</report>
			<report>
				<misses>8673001</misses>
				<total>13</total>
				<timestamp>2599.298564</timestamp>
			</report>
			<report>
				<misses>8674001</misses>
				<total>13</total>
				<timestamp>2599.598353</timestamp>
			</report>
			<report>
				<misses>8675001</misses>
				<total>13</total>
				<timestamp>2599.898072</timestamp>
			</report>
			<report>
				<misses>8676001</misses>
				<total>13</total>
				<timestamp>2600.197669</timestamp>
			</report>
			<report>
				<misses>8677001</misses>
				<total>12</total>
				<timestamp>2600.497457</timestamp>
			</report>
			<report>
				<misses>8678001</misses>
				<total>13</total>
				<timestamp>2600.797072</timestamp>
			</report>
			<report>
				<misses>8679001</misses>
				<total>13</total>
				<timestamp>2601.096771</timestamp>
			</report>
			<report>
				<misses>8680001</misses>
				<total>13</total>
				<timestamp>2601.396499</timestamp>
			</report>
			<report>
				<misses>8681001</misses>
				<total>13</total>
				<timestamp>2601.696182</timestamp>
			</report>
			<report>
				<misses>8682001</misses>
				<total>13</total>
				<timestamp>2601.995863</timestamp>
			</report>
			<report>
				<misses>8683001</misses>
				<total>13</total>
				<timestamp>2602.295571</timestamp>
			</report>
			<report>
				<misses>8684001</misses>
				<total>13</total>
				<timestamp>2602.595372</timestamp>
			</report>
			<report>
				<misses>8685001</misses>
				<total>13</total>
				<timestamp>2602.895038</timestamp>
			</report>
			<report>
				<misses>8686001</misses>
				<total>13</total>
				<timestamp>2603.194689</timestamp>
			</report>
			<report>
				<misses>8687001</misses>
				<total>13</total>
				<timestamp>2603.494370</timestamp>
			</report>
			<report>
				<misses>8688001</misses>
				<total>13</total>
				<timestamp>2603.794059</timestamp>
			</report>
			<report>
				<misses>8689001</misses>
				<total>13</total>
				<timestamp>2604.093779</timestamp>
			</report>
			<report>
				<misses>8690001</misses>
				<total>13</total>
				<timestamp>2604.393472</timestamp>
			</report>
			<report>
				<misses>8691001</misses>
				<total>13</total>
				<timestamp>2604.693175</timestamp>
			</report>
			<report>
				<misses>8692001</misses>
				<total>12</total>
				<timestamp>2604.992981</timestamp>
			</report>
			<report>
				<misses>8693001</misses>
				<total>13</total>
				<timestamp>2605.292576</timestamp>
			</report>
			<report>
				<misses>8694001</misses>
				<total>13</total>
				<timestamp>2605.592379</timestamp>
			</report>
			<report>
				<misses>8695001</misses>
				<total>13</total>
				<timestamp>2605.891989</timestamp>
			</report>
			<report>
				<misses>8696001</misses>
				<total>13</total>
				<timestamp>2606.191676</timestamp>
			</report>
			<report>
				<misses>8697001</misses>
				<total>13</total>
				<timestamp>2606.491443</timestamp>
			</report>
			<report>
				<misses>8698001</misses>
				<total>13</total>
				<timestamp>2606.791062</timestamp>
			</report>
			<report>
				<misses>8699001</misses>
				<total>13</total>
				<timestamp>2607.090763</timestamp>
			</report>
			<report>
				<misses>8700001</misses>
				<total>13</total>
				<timestamp>2607.390487</timestamp>
			</report>
			<report>
				<misses>8701001</misses>
				<total>13</total>
				<timestamp>2607.690276</timestamp>
			</report>
			<report>
				<misses>8702001</misses>
				<total>13</total>
				<timestamp>2607.989876</timestamp>
			</report>
			<report>
				<misses>8703001</misses>
				<total>13</total>
				<timestamp>2608.289596</timestamp>
			</report>
			<report>
				<misses>8704001</misses>
				<total>13</total>
				<timestamp>2608.589397</timestamp>
			</report>
			<report>
				<misses>8705001</misses>
				<total>13</total>
				<timestamp>2608.889019</timestamp>
			</report>
			<report>
				<misses>8706001</misses>
				<total>13</total>
				<timestamp>2609.188667</timestamp>
			</report>
			<report>
				<misses>8707001</misses>
				<total>13</total>
				<timestamp>2609.488392</timestamp>
			</report>
			<report>
				<misses>8708001</misses>
				<total>13</total>
				<timestamp>2609.788066</timestamp>
			</report>
			<report>
				<misses>8709001</misses>
				<total>13</total>
				<timestamp>2610.087765</timestamp>
			</report>
			<report>
				<misses>8710001</misses>
				<total>13</total>
				<timestamp>2610.387470</timestamp>
			</report>
			<report>
				<misses>8711001</misses>
				<total>13</total>
				<timestamp>2610.687185</timestamp>
			</report>
			<report>
				<misses>8712001</misses>
				<total>13</total>
				<timestamp>2610.986932</timestamp>
			</report>
			<report>
				<misses>8713001</misses>
				<total>13</total>
				<timestamp>2611.286572</timestamp>
			</report>
			<report>
				<misses>8714001</misses>
				<total>13</total>
				<timestamp>2611.586304</timestamp>
			</report>
			<report>
				<misses>8715001</misses>
				<total>13</total>
				<timestamp>2611.886003</timestamp>
			</report>
			<report>
				<misses>8716001</misses>
				<total>13</total>
				<timestamp>2612.185673</timestamp>
			</report>
			<report>
				<misses>8717001</misses>
				<total>13</total>
				<timestamp>2612.485425</timestamp>
			</report>
			<report>
				<misses>8718001</misses>
				<total>12</total>
				<timestamp>2612.785223</timestamp>
			</report>
			<report>
				<misses>8719001</misses>
				<total>13</total>
				<timestamp>2613.084773</timestamp>
			</report>
			<report>
				<misses>8720001</misses>
				<total>13</total>
				<timestamp>2613.384462</timestamp>
			</report>
			<report>
				<misses>8721001</misses>
				<total>13</total>
				<timestamp>2613.684213</timestamp>
			</report>
			<report>
				<misses>8722001</misses>
				<total>13</total>
				<timestamp>2613.983945</timestamp>
			</report>
			<report>
				<misses>8723001</misses>
				<total>13</total>
				<timestamp>2614.283571</timestamp>
			</report>
			<report>
				<misses>8724001</misses>
				<total>13</total>
				<timestamp>2614.583342</timestamp>
			</report>
			<report>
				<misses>8725001</misses>
				<total>13</total>
				<timestamp>2614.882993</timestamp>
			</report>
			<report>
				<misses>8726001</misses>
				<total>13</total>
				<timestamp>2615.182673</timestamp>
			</report>
			<report>
				<misses>8727001</misses>
				<total>13</total>
				<timestamp>2615.482410</timestamp>
			</report>
			<report>
				<misses>8728001</misses>
				<total>13</total>
				<timestamp>2615.782069</timestamp>
			</report>
			<report>
				<misses>8729001</misses>
				<total>13</total>
				<timestamp>2616.081792</timestamp>
			</report>
			<report>
				<misses>8730001</misses>
				<total>13</total>
				<timestamp>2616.381471</timestamp>
			</report>
			<report>
				<misses>8731001</misses>
				<total>13</total>
				<timestamp>2616.681196</timestamp>
			</report>
			<report>
				<misses>8732001</misses>
				<total>13</total>
				<timestamp>2616.980908</timestamp>
			</report>
			<report>
				<misses>8733001</misses>
				<total>13</total>
				<timestamp>2617.280570</timestamp>
			</report>
			<report>
				<misses>8734001</misses>
				<total>12</total>
				<timestamp>2617.580368</timestamp>
			</report>
			<report>
				<misses>8735001</misses>
				<total>14</total>
				<timestamp>2617.879989</timestamp>
			</report>
			<report>
				<misses>8736001</misses>
				<total>14</total>
				<timestamp>2618.179705</timestamp>
			</report>
			<report>
				<misses>8737001</misses>
				<total>14</total>
				<timestamp>2618.479377</timestamp>
			</report>
			<report>
				<misses>8738001</misses>
				<total>14</total>
				<timestamp>2618.779107</timestamp>
			</report>
			<report>
				<misses>8739001</misses>
				<total>14</total>
				<timestamp>2619.078823</timestamp>
			</report>
			<report>
				<misses>8740001</misses>
				<total>14</total>
				<timestamp>2619.378462</timestamp>
			</report>
			<report>
				<misses>8741001</misses>
				<total>14</total>
				<timestamp>2619.678218</timestamp>
			</report>
			<report>
				<misses>8742001</misses>
				<total>13</total>
				<timestamp>2619.977969</timestamp>
			</report>
			<report>
				<misses>8743001</misses>
				<total>14</total>
				<timestamp>2620.277573</timestamp>
			</report>
			<report>
				<misses>8744001</misses>
				<total>14</total>
				<timestamp>2620.577351</timestamp>
			</report>
			<report>
				<misses>8745001</misses>
				<total>14</total>
				<timestamp>2620.876978</timestamp>
			</report>
			<report>
				<misses>8746001</misses>
				<total>14</total>
				<timestamp>2621.176667</timestamp>
			</report>
			<report>
				<misses>8747001</misses>
				<total>14</total>
				<timestamp>2621.476370</timestamp>
			</report>
			<report>
				<misses>8748001</misses>
				<total>14</total>
				<timestamp>2621.776107</timestamp>
			</report>
			<report>
				<misses>8749001</misses>
				<total>14</total>
				<timestamp>2622.075780</timestamp>
			</report>
			<report>
				<misses>8750001</misses>
				<total>14</total>
				<timestamp>2622.375473</timestamp>
			</report>
			<report>
				<misses>8751001</misses>
				<total>14</total>
				<timestamp>2622.675244</timestamp>
			</report>
			<report>
				<misses>8752001</misses>
				<total>14</total>
				<timestamp>2622.974860</timestamp>
			</report>
			<report>
				<misses>8753001</misses>
				<total>14</total>
				<timestamp>2623.274590</timestamp>
			</report>
			<report>
				<misses>8754001</misses>
				<total>14</total>
				<timestamp>2623.574337</timestamp>
			</report>
			<report>
				<misses>8755001</misses>
				<total>14</total>
				<timestamp>2623.874064</timestamp>
			</report>
			<report>
				<misses>8756001</misses>
				<total>14</total>
				<timestamp>2624.173682</timestamp>
			</report>
			<report>
				<misses>8757001</misses>
				<total>14</total>
				<timestamp>2624.473384</timestamp>
			</report>
			<report>
				<misses>8758001</misses>
				<total>14</total>
				<timestamp>2624.773069</timestamp>
			</report>
			<report>
				<misses>8759001</misses>
				<total>14</total>
				<timestamp>2625.072852</timestamp>
			</report>
			<report>
				<misses>8760001</misses>
				<total>14</total>
				<timestamp>2625.372489</timestamp>
			</report>
			<report>
				<misses>8761001</misses>
				<total>14</total>
				<timestamp>2625.672206</timestamp>
			</report>
			<report>
				<misses>8762001</misses>
				<total>14</total>
				<timestamp>2625.971924</timestamp>
			</report>
			<report>
				<misses>8763001</misses>
				<total>14</total>
				<timestamp>2626.271566</timestamp>
			</report>
			<report>
				<misses>8764001</misses>
				<total>14</total>
				<timestamp>2626.571282</timestamp>
			</report>
			<report>
				<misses>8765001</misses>
				<total>13</total>
				<timestamp>2626.871154</timestamp>
			</report>
			<report>
				<misses>8766001</misses>
				<total>14</total>
				<timestamp>2627.170689</timestamp>
			</report>
			<report>
				<misses>8767001</misses>
				<total>14</total>
				<timestamp>2627.470388</timestamp>
			</report>
			<report>
				<misses>8768001</misses>
				<total>14</total>
				<timestamp>2627.770105</timestamp>
			</report>
			<report>
				<misses>8769001</misses>
				<total>14</total>
				<timestamp>2628.069836</timestamp>
			</report>
			<report>
				<misses>8770001</misses>
				<total>14</total>
				<timestamp>2628.369481</timestamp>
			</report>
			<report>
				<misses>8771001</misses>
				<total>14</total>
				<timestamp>2628.669218</timestamp>
			</report>
			<report>
				<misses>8772001</misses>
				<total>14</total>
				<timestamp>2628.968894</timestamp>
			</report>
			<report>
				<misses>8773001</misses>
				<total>14</total>
				<timestamp>2629.268574</timestamp>
			</report>
			<report>
				<misses>8774001</misses>
				<total>14</total>
				<timestamp>2629.568298</timestamp>
			</report>
			<report>
				<misses>8775001</misses>
				<total>14</total>
				<timestamp>2629.868006</timestamp>
			</report>
			<report>
				<misses>8776001</misses>
				<total>14</total>
				<timestamp>2630.167667</timestamp>
			</report>
			<report>
				<misses>8777001</misses>
				<total>14</total>
				<timestamp>2630.467377</timestamp>
			</report>
			<report>
				<misses>8778001</misses>
				<total>14</total>
				<timestamp>2630.767125</timestamp>
			</report>
			<report>
				<misses>8779001</misses>
				<total>13</total>
				<timestamp>2631.066895</timestamp>
			</report>
			<report>
				<misses>8780001</misses>
				<total>14</total>
				<timestamp>2631.366481</timestamp>
			</report>
			<report>
				<misses>8781001</misses>
				<total>14</total>
				<timestamp>2631.666192</timestamp>
			</report>
			<report>
				<misses>8782001</misses>
				<total>14</total>
				<timestamp>2631.965883</timestamp>
			</report>
			<report>
				<misses>8783001</misses>
				<total>14</total>
				<timestamp>2632.265565</timestamp>
			</report>
			<report>
				<misses>8784001</misses>
				<total>14</total>
				<timestamp>2632.565295</timestamp>
			</report>
			<report>
				<misses>8785001</misses>
				<total>14</total>
				<timestamp>2632.865017</timestamp>
			</report>
			<report>
				<misses>8786001</misses>
				<total>14</total>
				<timestamp>2633.164682</timestamp>
			</report>
			<report>
				<misses>8787001</misses>
				<total>14</total>
				<timestamp>2633.464376</timestamp>
			</report>
			<report>
				<misses>8788001</misses>
				<total>14</total>
				<timestamp>2633.764129</timestamp>
			</report>
			<report>
				<misses>8789001</misses>
				<total>14</total>
				<timestamp>2634.063826</timestamp>
			</report>
			<report>
				<misses>8790001</misses>
				<total>14</total>
				<timestamp>2634.363544</timestamp>
			</report>
			<report>
				<misses>8791001</misses>
				<total>14</total>
				<timestamp>2634.663176</timestamp>
			</report>
			<report>
				<misses>8792001</misses>
				<total>13</total>
				<timestamp>2634.962962</timestamp>
			</report>
			<report>
				<misses>8793001</misses>
				<total>14</total>
				<timestamp>2635.262573</timestamp>
			</report>
			<report>
				<misses>8794001</misses>
				<total>14</total>
				<timestamp>2635.562273</timestamp>
			</report>
			<report>
				<misses>8795001</misses>
				<total>14</total>
				<timestamp>2635.861997</timestamp>
			</report>
			<report>
				<misses>8796001</misses>
				<total>13</total>
				<timestamp>2636.161761</timestamp>
			</report>
			<report>
				<misses>8797001</misses>
				<total>14</total>
				<timestamp>2636.461376</timestamp>
			</report>
			<report>
				<misses>8798001</misses>
				<total>14</total>
				<timestamp>2636.761084</timestamp>
			</report>
			<report>
				<misses>8799001</misses>
				<total>14</total>
				<timestamp>2637.060831</timestamp>
			</report>
			<report>
				<misses>8800001</misses>
				<total>14</total>
				<timestamp>2637.360475</timestamp>
			</report>
			<report>
				<misses>8801001</misses>
				<total>14</total>
				<timestamp>2637.660212</timestamp>
			</report>
			<report>
				<misses>8802001</misses>
				<total>14</total>
				<timestamp>2637.959865</timestamp>
			</report>
			<report>
				<misses>8803001</misses>
				<total>14</total>
				<timestamp>2638.259558</timestamp>
			</report>
			<report>
				<misses>8804001</misses>
				<total>14</total>
				<timestamp>2638.559278</timestamp>
			</report>
			<report>
				<misses>8805001</misses>
				<total>14</total>
				<timestamp>2638.859060</timestamp>
			</report>
			<report>
				<misses>8806001</misses>
				<total>13</total>
				<timestamp>2639.158779</timestamp>
			</report>
			<report>
				<misses>8807001</misses>
				<total>14</total>
				<timestamp>2639.458366</timestamp>
			</report>
			<report>
				<misses>8808001</misses>
				<total>14</total>
				<timestamp>2639.758078</timestamp>
			</report>
			<report>
				<misses>8809001</misses>
				<total>14</total>
				<timestamp>2640.057784</timestamp>
			</report>
			<report>
				<misses>8810001</misses>
				<total>14</total>
				<timestamp>2640.357469</timestamp>
			</report>
			<report>
				<misses>8811001</misses>
				<total>14</total>
				<timestamp>2640.657233</timestamp>
			</report>
			<report>
				<misses>8812001</misses>
				<total>14</total>
				<timestamp>2640.956937</timestamp>
			</report>
			<report>
				<misses>8813001</misses>
				<total>14</total>
				<timestamp>2641.256561</timestamp>
			</report>
			<report>
				<misses>8814001</misses>
				<total>14</total>
				<timestamp>2641.556270</timestamp>
			</report>
			<report>
				<misses>8815001</misses>
				<total>14</total>
				<timestamp>2641.856015</timestamp>
			</report>
			<report>
				<misses>8816001</misses>
				<total>14</total>
				<timestamp>2642.155740</timestamp>
			</report>
			<report>
				<misses>8817001</misses>
				<total>14</total>
				<timestamp>2642.455390</timestamp>
			</report>
			<report>
				<misses>8818001</misses>
				<total>14</total>
				<timestamp>2642.755065</timestamp>
			</report>
			<report>
				<misses>8819001</misses>
				<total>14</total>
				<timestamp>2643.054835</timestamp>
			</report>
			<report>
				<misses>8820001</misses>
				<total>14</total>
				<timestamp>2643.354471</timestamp>
			</report>
			<report>
				<misses>8821001</misses>
				<total>14</total>
				<timestamp>2643.654204</timestamp>
			</report>
			<report>
				<misses>8822001</misses>
				<total>14</total>
				<timestamp>2643.953872</timestamp>
			</report>
			<report>
				<misses>8823001</misses>
				<total>14</total>
				<timestamp>2644.253585</timestamp>
			</report>
			<report>
				<misses>8824001</misses>
				<total>14</total>
				<timestamp>2644.553319</timestamp>
			</report>
			<report>
				<misses>8825001</misses>
				<total>14</total>
				<timestamp>2644.853018</timestamp>
			</report>
			<report>
				<misses>8826001</misses>
				<total>14</total>
				<timestamp>2645.152664</timestamp>
			</report>
			<report>
				<misses>8827001</misses>
				<total>14</total>
				<timestamp>2645.452373</timestamp>
			</report>
			<report>
				<misses>8828001</misses>
				<total>14</total>
				<timestamp>2645.752083</timestamp>
			</report>
			<report>
				<misses>8829001</misses>
				<total>14</total>
				<timestamp>2646.051777</timestamp>
			</report>
			<report>
				<misses>8830001</misses>
				<total>14</total>
				<timestamp>2646.351462</timestamp>
			</report>
			<report>
				<misses>8831001</misses>
				<total>14</total>
				<timestamp>2646.651213</timestamp>
			</report>
			<report>
				<misses>8832001</misses>
				<total>14</total>
				<timestamp>2646.950878</timestamp>
			</report>
			<report>
				<misses>8833001</misses>
				<total>14</total>
				<timestamp>2647.250580</timestamp>
			</report>
			<report>
				<misses>8834001</misses>
				<total>14</total>
				<timestamp>2647.550261</timestamp>
			</report>
			<report>
				<misses>8835001</misses>
				<total>14</total>
				<timestamp>2647.850050</timestamp>
			</report>
			<report>
				<misses>8836001</misses>
				<total>14</total>
				<timestamp>2648.149710</timestamp>
			</report>
			<report>
				<misses>8837001</misses>
				<total>14</total>
				<timestamp>2648.449375</timestamp>
			</report>
			<report>
				<misses>8838001</misses>
				<total>14</total>
				<timestamp>2648.749111</timestamp>
			</report>
			<report>
				<misses>8839001</misses>
				<total>14</total>
				<timestamp>2649.048785</timestamp>
			</report>
			<report>
				<misses>8840001</misses>
				<total>14</total>
				<timestamp>2649.348475</timestamp>
			</report>
			<report>
				<misses>8841001</misses>
				<total>14</total>
				<timestamp>2649.648183</timestamp>
			</report>
			<report>
				<misses>8842001</misses>
				<total>14</total>
				<timestamp>2649.947864</timestamp>
			</report>
			<report>
				<misses>8843001</misses>
				<total>14</total>
				<timestamp>2650.247626</timestamp>
			</report>
			<report>
				<misses>8844001</misses>
				<total>14</total>
				<timestamp>2650.547346</timestamp>
			</report>
			<report>
				<misses>8845001</misses>
				<total>14</total>
				<timestamp>2650.847019</timestamp>
			</report>
			<report>
				<misses>8846001</misses>
				<total>14</total>
				<timestamp>2651.146679</timestamp>
			</report>
			<report>
				<misses>8847001</misses>
				<total>14</total>
				<timestamp>2651.446364</timestamp>
			</report>
			<report>
				<misses>8848001</misses>
				<total>14</total>
				<timestamp>2651.746159</timestamp>
			</report>
			<report>
				<misses>8849001</misses>
				<total>14</total>
				<timestamp>2652.045860</timestamp>
			</report>
			<report>
				<misses>8850001</misses>
				<total>14</total>
				<timestamp>2652.345464</timestamp>
			</report>
			<report>
				<misses>8851001</misses>
				<total>14</total>
				<timestamp>2652.645221</timestamp>
			</report>
			<report>
				<misses>8852001</misses>
				<total>14</total>
				<timestamp>2652.944946</timestamp>
			</report>
			<report>
				<misses>8853001</misses>
				<total>14</total>
				<timestamp>2653.244568</timestamp>
			</report>
			<report>
				<misses>8854001</misses>
				<total>14</total>
				<timestamp>2653.544285</timestamp>
			</report>
			<report>
				<misses>8855001</misses>
				<total>14</total>
				<timestamp>2653.844121</timestamp>
			</report>
			<report>
				<misses>8856001</misses>
				<total>14</total>
				<timestamp>2654.143673</timestamp>
			</report>
			<report>
				<misses>8857001</misses>
				<total>14</total>
				<timestamp>2654.443376</timestamp>
			</report>
			<report>
				<misses>8858001</misses>
				<total>14</total>
				<timestamp>2654.743133</timestamp>
			</report>
			<report>
				<misses>8859001</misses>
				<total>14</total>
				<timestamp>2655.042823</timestamp>
			</report>
			<report>
				<misses>8860001</misses>
				<total>14</total>
				<timestamp>2655.342464</timestamp>
			</report>
			<report>
				<misses>8861001</misses>
				<total>14</total>
				<timestamp>2655.642177</timestamp>
			</report>
			<report>
				<misses>8862001</misses>
				<total>14</total>
				<timestamp>2655.941869</timestamp>
			</report>
			<report>
				<misses>8863001</misses>
				<total>14</total>
				<timestamp>2656.241563</timestamp>
			</report>
			<report>
				<misses>8864001</misses>
				<total>14</total>
				<timestamp>2656.541280</timestamp>
			</report>
			<report>
				<misses>8865001</misses>
				<total>14</total>
				<timestamp>2656.841051</timestamp>
			</report>
			<report>
				<misses>8866001</misses>
				<total>14</total>
				<timestamp>2657.140682</timestamp>
			</report>
			<report>
				<misses>8867001</misses>
				<total>14</total>
				<timestamp>2657.440373</timestamp>
			</report>
			<report>
				<misses>8868001</misses>
				<total>14</total>
				<timestamp>2657.740066</timestamp>
			</report>
			<report>
				<misses>8869001</misses>
				<total>14</total>
				<timestamp>2658.039780</timestamp>
			</report>
			<report>
				<misses>8870001</misses>
				<total>14</total>
				<timestamp>2658.339478</timestamp>
			</report>
			<report>
				<misses>8871001</misses>
				<total>14</total>
				<timestamp>2658.639166</timestamp>
			</report>
			<report>
				<misses>8872001</misses>
				<total>14</total>
				<timestamp>2658.938915</timestamp>
			</report>
			<report>
				<misses>8873001</misses>
				<total>14</total>
				<timestamp>2659.238605</timestamp>
			</report>
			<report>
				<misses>8874001</misses>
				<total>14</total>
				<timestamp>2659.538270</timestamp>
			</report>
			<report>
				<misses>8875001</misses>
				<total>14</total>
				<timestamp>2659.838001</timestamp>
			</report>
			<report>
				<misses>8876001</misses>
				<total>13</total>
				<timestamp>2660.137769</timestamp>
			</report>
			<report>
				<misses>8877001</misses>
				<total>14</total>
				<timestamp>2660.437367</timestamp>
			</report>
			<report>
				<misses>8878001</misses>
				<total>14</total>
				<timestamp>2660.737094</timestamp>
			</report>
			<report>
				<misses>8879001</misses>
				<total>14</total>
				<timestamp>2661.036842</timestamp>
			</report>
			<report>
				<misses>8880001</misses>
				<total>14</total>
				<timestamp>2661.336464</timestamp>
			</report>
			<report>
				<misses>8881001</misses>
				<total>14</total>
				<timestamp>2661.636181</timestamp>
			</report>
			<report>
				<misses>8882001</misses>
				<total>14</total>
				<timestamp>2661.935949</timestamp>
			</report>
			<report>
				<misses>8883001</misses>
				<total>14</total>
				<timestamp>2662.235564</timestamp>
			</report>
			<report>
				<misses>8884001</misses>
				<total>14</total>
				<timestamp>2662.535271</timestamp>
			</report>
			<report>
				<misses>8885001</misses>
				<total>14</total>
				<timestamp>2662.835004</timestamp>
			</report>
			<report>
				<misses>8886001</misses>
				<total>14</total>
				<timestamp>2663.134688</timestamp>
			</report>
			<report>
				<misses>8887001</misses>
				<total>14</total>
				<timestamp>2663.434371</timestamp>
			</report>
			<report>
				<misses>8888001</misses>
				<total>14</total>
				<timestamp>2663.734081</timestamp>
			</report>
			<report>
				<misses>8889001</misses>
				<total>14</total>
				<timestamp>2664.033772</timestamp>
			</report>
			<report>
				<misses>8890001</misses>
				<total>14</total>
				<timestamp>2664.333462</timestamp>
			</report>
			<report>
				<misses>8891001</misses>
				<total>14</total>
				<timestamp>2664.633151</timestamp>
			</report>
			<report>
				<misses>8892001</misses>
				<total>14</total>
				<timestamp>2664.932916</timestamp>
			</report>
			<report>
				<misses>8893001</misses>
				<total>13</total>
				<timestamp>2665.232675</timestamp>
			</report>
			<report>
				<misses>8894001</misses>
				<total>14</total>
				<timestamp>2665.532270</timestamp>
			</report>
			<report>
				<misses>8895001</misses>
				<total>14</total>
				<timestamp>2665.831989</timestamp>
			</report>
			<report>
				<misses>8896001</misses>
				<total>14</total>
				<timestamp>2666.131739</timestamp>
			</report>
			<report>
				<misses>8897001</misses>
				<total>14</total>
				<timestamp>2666.431352</timestamp>
			</report>
			<report>
				<misses>8898001</misses>
				<total>14</total>
				<timestamp>2666.731150</timestamp>
			</report>
			<report>
				<misses>8899001</misses>
				<total>14</total>
				<timestamp>2667.030972</timestamp>
			</report>
			<report>
				<misses>8900001</misses>
				<total>14</total>
				<timestamp>2667.330474</timestamp>
			</report>
			<report>
				<misses>8901001</misses>
				<total>14</total>
				<timestamp>2667.630168</timestamp>
			</report>
			<report>
				<misses>8902001</misses>
				<total>14</total>
				<timestamp>2667.929919</timestamp>
			</report>
			<report>
				<misses>8903001</misses>
				<total>14</total>
				<timestamp>2668.229573</timestamp>
			</report>
			<report>
				<misses>8904001</misses>
				<total>14</total>
				<timestamp>2668.529309</timestamp>
			</report>
			<report>
				<misses>8905001</misses>
				<total>14</total>
				<timestamp>2668.829023</timestamp>
			</report>
			<report>
				<misses>8906001</misses>
				<total>14</total>
				<timestamp>2669.128711</timestamp>
			</report>
			<report>
				<misses>8907001</misses>
				<total>14</total>
				<timestamp>2669.428386</timestamp>
			</report>
			<report>
				<misses>8908001</misses>
				<total>14</total>
				<timestamp>2669.728129</timestamp>
			</report>
			<report>
				<misses>8909001</misses>
				<total>14</total>
				<timestamp>2670.027788</timestamp>
			</report>
			<report>
				<misses>8910001</misses>
				<total>14</total>
				<timestamp>2670.327473</timestamp>
			</report>
			<report>
				<misses>8911001</misses>
				<total>14</total>
				<timestamp>2670.627164</timestamp>
			</report>
			<report>
				<misses>8912001</misses>
				<total>14</total>
				<timestamp>2670.926952</timestamp>
			</report>
			<report>
				<misses>8913001</misses>
				<total>14</total>
				<timestamp>2671.226648</timestamp>
			</report>
			<report>
				<misses>8914001</misses>
				<total>14</total>
				<timestamp>2671.526287</timestamp>
			</report>
			<report>
				<misses>8915001</misses>
				<total>14</total>
				<timestamp>2671.826026</timestamp>
			</report>
			<report>
				<misses>8916001</misses>
				<total>14</total>
				<timestamp>2672.125693</timestamp>
			</report>
			<report>
				<misses>8917001</misses>
				<total>14</total>
				<timestamp>2672.425374</timestamp>
			</report>
			<report>
				<misses>8918001</misses>
				<total>14</total>
				<timestamp>2672.725097</timestamp>
			</report>
			<report>
				<misses>8919001</misses>
				<total>14</total>
				<timestamp>2673.024839</timestamp>
			</report>
			<report>
				<misses>8920001</misses>
				<total>14</total>
				<timestamp>2673.324486</timestamp>
			</report>
			<report>
				<misses>8921001</misses>
				<total>14</total>
				<timestamp>2673.624187</timestamp>
			</report>
			<report>
				<misses>8922001</misses>
				<total>14</total>
				<timestamp>2673.923888</timestamp>
			</report>
			<report>
				<misses>8923001</misses>
				<total>14</total>
				<timestamp>2674.223654</timestamp>
			</report>
			<report>
				<misses>8924001</misses>
				<total>14</total>
				<timestamp>2674.523306</timestamp>
			</report>
			<report>
				<misses>8925001</misses>
				<total>14</total>
				<timestamp>2674.823009</timestamp>
			</report>
			<report>
				<misses>8926001</misses>
				<total>14</total>
				<timestamp>2675.122686</timestamp>
			</report>
			<report>
				<misses>8927001</misses>
				<total>14</total>
				<timestamp>2675.422382</timestamp>
			</report>
			<report>
				<misses>8928001</misses>
				<total>14</total>
				<timestamp>2675.722078</timestamp>
			</report>
			<report>
				<misses>8929001</misses>
				<total>14</total>
				<timestamp>2676.021880</timestamp>
			</report>
			<report>
				<misses>8930001</misses>
				<total>14</total>
				<timestamp>2676.321490</timestamp>
			</report>
			<report>
				<misses>8931001</misses>
				<total>14</total>
				<timestamp>2676.621176</timestamp>
			</report>
			<report>
				<misses>8932001</misses>
				<total>14</total>
				<timestamp>2676.920877</timestamp>
			</report>
			<report>
				<misses>8933001</misses>
				<total>14</total>
				<timestamp>2677.220630</timestamp>
			</report>
			<report>
				<misses>8934001</misses>
				<total>14</total>
				<timestamp>2677.520267</timestamp>
			</report>
			<report>
				<misses>8935001</misses>
				<total>14</total>
				<timestamp>2677.820007</timestamp>
			</report>
			<report>
				<misses>8936001</misses>
				<total>14</total>
				<timestamp>2678.119755</timestamp>
			</report>
			<report>
				<misses>8937001</misses>
				<total>14</total>
				<timestamp>2678.419374</timestamp>
			</report>
			<report>
				<misses>8938001</misses>
				<total>14</total>
				<timestamp>2678.719085</timestamp>
			</report>
			<report>
				<misses>8939001</misses>
				<total>14</total>
				<timestamp>2679.018807</timestamp>
			</report>
			<report>
				<misses>8940001</misses>
				<total>14</total>
				<timestamp>2679.318471</timestamp>
			</report>
			<report>
				<misses>8941001</misses>
				<total>14</total>
				<timestamp>2679.618162</timestamp>
			</report>
			<report>
				<misses>8942001</misses>
				<total>14</total>
				<timestamp>2679.917919</timestamp>
			</report>
			<report>
				<misses>8943001</misses>
				<total>14</total>
				<timestamp>2680.217595</timestamp>
			</report>
			<report>
				<misses>8944001</misses>
				<total>14</total>
				<timestamp>2680.517287</timestamp>
			</report>
			<report>
				<misses>8945001</misses>
				<total>14</total>
				<timestamp>2680.816996</timestamp>
			</report>
			<report>
				<misses>8946001</misses>
				<total>14</total>
				<timestamp>2681.116676</timestamp>
			</report>
			<report>
				<misses>8947001</misses>
				<total>14</total>
				<timestamp>2681.416368</timestamp>
			</report>
			<report>
				<misses>8948001</misses>
				<total>14</total>
				<timestamp>2681.716080</timestamp>
			</report>
			<report>
				<misses>8949001</misses>
				<total>14</total>
				<timestamp>2682.015769</timestamp>
			</report>
			<report>
				<misses>8950001</misses>
				<total>14</total>
				<timestamp>2682.315474</timestamp>
			</report>
			<report>
				<misses>8951001</misses>
				<total>15</total>
				<timestamp>2682.615191</timestamp>
			</report>
			<report>
				<misses>8952001</misses>
				<total>15</total>
				<timestamp>2682.914972</timestamp>
			</report>
			<report>
				<misses>8953001</misses>
				<total>15</total>
				<timestamp>2683.214616</timestamp>
			</report>
			<report>
				<misses>8954001</misses>
				<total>15</total>
				<timestamp>2683.514273</timestamp>
			</report>
			<report>
				<misses>8955001</misses>
				<total>15</total>
				<timestamp>2683.813983</timestamp>
			</report>
			<report>
				<misses>8956001</misses>
				<total>15</total>
				<timestamp>2684.113762</timestamp>
			</report>
			<report>
				<misses>8957001</misses>
				<total>15</total>
				<timestamp>2684.413366</timestamp>
			</report>
			<report>
				<misses>8958001</misses>
				<total>15</total>
				<timestamp>2684.713082</timestamp>
			</report>
			<report>
				<misses>8959001</misses>
				<total>15</total>
				<timestamp>2685.012806</timestamp>
			</report>
			<report>
				<misses>8960001</misses>
				<total>15</total>
				<timestamp>2685.312498</timestamp>
			</report>
			<report>
				<misses>8961001</misses>
				<total>15</total>
				<timestamp>2685.612157</timestamp>
			</report>
			<report>
				<misses>8962001</misses>
				<total>15</total>
				<timestamp>2685.911953</timestamp>
			</report>
			<report>
				<misses>8963001</misses>
				<total>15</total>
				<timestamp>2686.211598</timestamp>
			</report>
			<report>
				<misses>8964001</misses>
				<total>15</total>
				<timestamp>2686.511279</timestamp>
			</report>
			<report>
				<misses>8965001</misses>
				<total>15</total>
				<timestamp>2686.811009</timestamp>
			</report>
			<report>
				<misses>8966001</misses>
				<total>15</total>
				<timestamp>2687.110710</timestamp>
			</report>
			<report>
				<misses>8967001</misses>
				<total>15</total>
				<timestamp>2687.410363</timestamp>
			</report>
			<report>
				<misses>8968001</misses>
				<total>15</total>
				<timestamp>2687.710070</timestamp>
			</report>
			<report>
				<misses>8969001</misses>
				<total>15</total>
				<timestamp>2688.009798</timestamp>
			</report>
			<report>
				<misses>8970001</misses>
				<total>15</total>
				<timestamp>2688.309473</timestamp>
			</report>
			<report>
				<misses>8971001</misses>
				<total>15</total>
				<timestamp>2688.609155</timestamp>
			</report>
			<report>
				<misses>8972001</misses>
				<total>15</total>
				<timestamp>2688.908876</timestamp>
			</report>
			<report>
				<misses>8973001</misses>
				<total>15</total>
				<timestamp>2689.208642</timestamp>
			</report>
			<report>
				<misses>8974001</misses>
				<total>15</total>
				<timestamp>2689.508257</timestamp>
			</report>
			<report>
				<misses>8975001</misses>
				<total>15</total>
				<timestamp>2689.807985</timestamp>
			</report>
			<report>
				<misses>8976001</misses>
				<total>15</total>
				<timestamp>2690.107692</timestamp>
			</report>
			<report>
				<misses>8977001</misses>
				<total>15</total>
				<timestamp>2690.407390</timestamp>
			</report>
			<report>
				<misses>8978001</misses>
				<total>15</total>
				<timestamp>2690.707142</timestamp>
			</report>
			<report>
				<misses>8979001</misses>
				<total>15</total>
				<timestamp>2691.006811</timestamp>
			</report>
			<report>
				<misses>8980001</misses>
				<total>15</total>
				<timestamp>2691.306541</timestamp>
			</report>
			<report>
				<misses>8981001</misses>
				<total>15</total>
				<timestamp>2691.606169</timestamp>
			</report>
			<report>
				<misses>8982001</misses>
				<total>15</total>
				<timestamp>2691.905884</timestamp>
			</report>
			<report>
				<misses>8983001</misses>
				<total>15</total>
				<timestamp>2692.205677</timestamp>
			</report>
			<report>
				<misses>8984001</misses>
				<total>15</total>
				<timestamp>2692.505286</timestamp>
			</report>
			<report>
				<misses>8985001</misses>
				<total>15</total>
				<timestamp>2692.804977</timestamp>
			</report>
			<report>
				<misses>8986001</misses>
				<total>15</total>
				<timestamp>2693.104725</timestamp>
			</report>
			<report>
				<misses>8987001</misses>
				<total>15</total>
				<timestamp>2693.404378</timestamp>
			</report>
			<report>
				<misses>8988001</misses>
				<total>15</total>
				<timestamp>2693.704094</timestamp>
			</report>
			<report>
				<misses>8989001</misses>
				<total>15</total>
				<timestamp>2694.003787</timestamp>
			</report>
			<report>
				<misses>8990001</misses>
				<total>15</total>
				<timestamp>2694.303472</timestamp>
			</report>
			<report>
				<misses>8991001</misses>
				<total>15</total>
				<timestamp>2694.603171</timestamp>
			</report>
			<report>
				<misses>8992001</misses>
				<total>15</total>
				<timestamp>2694.902877</timestamp>
			</report>
			<report>
				<misses>8993001</misses>
				<total>15</total>
				<timestamp>2695.202594</timestamp>
			</report>
			<report>
				<misses>8994001</misses>
				<total>15</total>
				<timestamp>2695.502303</timestamp>
			</report>
			<report>
				<misses>8995001</misses>
				<total>15</total>
				<timestamp>2695.801997</timestamp>
			</report>
			<report>
				<misses>8996001</misses>
				<total>15</total>
				<timestamp>2696.101701</timestamp>
			</report>
			<report>
				<misses>8997001</misses>
				<total>15</total>
				<timestamp>2696.401372</timestamp>
			</report>
			<report>
				<misses>8998001</misses>
				<total>15</total>
				<timestamp>2696.701076</timestamp>
			</report>
			<report>
				<misses>8999001</misses>
				<total>15</total>
				<timestamp>2697.000780</timestamp>
			</report>
			<report>
				<misses>9000001</misses>
				<total>15</total>
				<timestamp>2697.300461</timestamp>
			</report>
			<report>
				<misses>9001001</misses>
				<total>15</total>
				<timestamp>2697.600178</timestamp>
			</report>
			<report>
				<misses>9002001</misses>
				<total>15</total>
				<timestamp>2697.899881</timestamp>
			</report>
			<report>
				<misses>9003001</misses>
				<total>15</total>
				<timestamp>2698.199694</timestamp>
			</report>
			<report>
				<misses>9004001</misses>
				<total>15</total>
				<timestamp>2698.499276</timestamp>
			</report>
			<report>
				<misses>9005001</misses>
				<total>15</total>
				<timestamp>2698.798973</timestamp>
			</report>
			<report>
				<misses>9006001</misses>
				<total>15</total>
				<timestamp>2699.098682</timestamp>
			</report>
			<report>
				<misses>9007001</misses>
				<total>15</total>
				<timestamp>2699.398359</timestamp>
			</report>
			<report>
				<misses>9008001</misses>
				<total>15</total>
				<timestamp>2699.698085</timestamp>
			</report>
			<report>
				<misses>9009001</misses>
				<total>15</total>
				<timestamp>2699.997769</timestamp>
			</report>
			<report>
				<misses>9010001</misses>
				<total>14</total>
				<timestamp>2700.297568</timestamp>
			</report>
			<report>
				<misses>9011001</misses>
				<total>15</total>
				<timestamp>2700.597188</timestamp>
			</report>
			<report>
				<misses>9012001</misses>
				<total>15</total>
				<timestamp>2700.896900</timestamp>
			</report>
			<report>
				<misses>9013001</misses>
				<total>15</total>
				<timestamp>2701.196593</timestamp>
			</report>
			<report>
				<misses>9014001</misses>
				<total>15</total>
				<timestamp>2701.496321</timestamp>
			</report>
			<report>
				<misses>9015001</misses>
				<total>15</total>
				<timestamp>2701.795983</timestamp>
			</report>
			<report>
				<misses>9016001</misses>
				<total>15</total>
				<timestamp>2702.095683</timestamp>
			</report>
			<report>
				<misses>9017001</misses>
				<total>15</total>
				<timestamp>2702.395397</timestamp>
			</report>
			<report>
				<misses>9018001</misses>
				<total>15</total>
				<timestamp>2702.695088</timestamp>
			</report>
			<report>
				<misses>9019001</misses>
				<total>15</total>
				<timestamp>2702.994804</timestamp>
			</report>
			<report>
				<misses>9020001</misses>
				<total>14</total>
				<timestamp>2703.294582</timestamp>
			</report>
			<report>
				<misses>9021001</misses>
				<total>15</total>
				<timestamp>2703.594174</timestamp>
			</report>
			<report>
				<misses>9022001</misses>
				<total>15</total>
				<timestamp>2703.893890</timestamp>
			</report>
			<report>
				<misses>9023001</misses>
				<total>15</total>
				<timestamp>2704.193575</timestamp>
			</report>
			<report>
				<misses>9024001</misses>
				<total>15</total>
				<timestamp>2704.493265</timestamp>
			</report>
			<report>
				<misses>9025001</misses>
				<total>15</total>
				<timestamp>2704.792998</timestamp>
			</report>
			<report>
				<misses>9026001</misses>
				<total>15</total>
				<timestamp>2705.092686</timestamp>
			</report>
			<report>
				<misses>9027001</misses>
				<total>15</total>
				<timestamp>2705.392362</timestamp>
			</report>
			<report>
				<misses>9028001</misses>
				<total>15</total>
				<timestamp>2705.692063</timestamp>
			</report>
			<report>
				<misses>9029001</misses>
				<total>15</total>
				<timestamp>2705.991812</timestamp>
			</report>
			<report>
				<misses>9030001</misses>
				<total>15</total>
				<timestamp>2706.291486</timestamp>
			</report>
			<report>
				<misses>9031001</misses>
				<total>15</total>
				<timestamp>2706.591170</timestamp>
			</report>
			<report>
				<misses>9032001</misses>
				<total>15</total>
				<timestamp>2706.890882</timestamp>
			</report>
			<report>
				<misses>9033001</misses>
				<total>15</total>
				<timestamp>2707.190580</timestamp>
			</report>
			<report>
				<misses>9034001</misses>
				<total>15</total>
				<timestamp>2707.490264</timestamp>
			</report>
			<report>
				<misses>9035001</misses>
				<total>15</total>
				<timestamp>2707.789982</timestamp>
			</report>
			<report>
				<misses>9036001</misses>
				<total>15</total>
				<timestamp>2708.089718</timestamp>
			</report>
			<report>
				<misses>9037001</misses>
				<total>15</total>
				<timestamp>2708.389360</timestamp>
			</report>
			<report>
				<misses>9038001</misses>
				<total>15</total>
				<timestamp>2708.689086</timestamp>
			</report>
			<report>
				<misses>9039001</misses>
				<total>15</total>
				<timestamp>2708.988785</timestamp>
			</report>
			<report>
				<misses>9040001</misses>
				<total>15</total>
				<timestamp>2709.288472</timestamp>
			</report>
			<report>
				<misses>9041001</misses>
				<total>15</total>
				<timestamp>2709.588173</timestamp>
			</report>
			<report>
				<misses>9042001</misses>
				<total>15</total>
				<timestamp>2709.887899</timestamp>
			</report>
			<report>
				<misses>9043001</misses>
				<total>15</total>
				<timestamp>2710.187583</timestamp>
			</report>
			<report>
				<misses>9044001</misses>
				<total>15</total>
				<timestamp>2710.487272</timestamp>
			</report>
			<report>
				<misses>9045001</misses>
				<total>15</total>
				<timestamp>2710.786991</timestamp>
			</report>
			<report>
				<misses>9046001</misses>
				<total>15</total>
				<timestamp>2711.086683</timestamp>
			</report>
			<report>
				<misses>9047001</misses>
				<total>15</total>
				<timestamp>2711.386368</timestamp>
			</report>
			<report>
				<misses>9048001</misses>
				<total>15</total>
				<timestamp>2711.686070</timestamp>
			</report>
			<report>
				<misses>9049001</misses>
				<total>15</total>
				<timestamp>2711.985780</timestamp>
			</report>
			<report>
				<misses>9050001</misses>
				<total>15</total>
				<timestamp>2712.285505</timestamp>
			</report>
			<report>
				<misses>9051001</misses>
				<total>15</total>
				<timestamp>2712.585176</timestamp>
			</report>
			<report>
				<misses>9052001</misses>
				<total>15</total>
				<timestamp>2712.884873</timestamp>
			</report>
			<report>
				<misses>9053001</misses>
				<total>15</total>
				<timestamp>2713.184587</timestamp>
			</report>
			<report>
				<misses>9054001</misses>
				<total>15</total>
				<timestamp>2713.484279</timestamp>
			</report>
			<report>
				<misses>9055001</misses>
				<total>15</total>
				<timestamp>2713.783993</timestamp>
			</report>
			<report>
				<misses>9056001</misses>
				<total>15</total>
				<timestamp>2714.083687</timestamp>
			</report>
			<report>
				<misses>9057001</misses>
				<total>15</total>
				<timestamp>2714.383422</timestamp>
			</report>
			<report>
				<misses>9058001</misses>
				<total>15</total>
				<timestamp>2714.683100</timestamp>
			</report>
			<report>
				<misses>9059001</misses>
				<total>15</total>
				<timestamp>2714.982794</timestamp>
			</report>
			<report>
				<misses>9060001</misses>
				<total>15</total>
				<timestamp>2715.282508</timestamp>
			</report>
			<report>
				<misses>9061001</misses>
				<total>15</total>
				<timestamp>2715.582168</timestamp>
			</report>
			<report>
				<misses>9062001</misses>
				<total>15</total>
				<timestamp>2715.881871</timestamp>
			</report>
			<report>
				<misses>9063001</misses>
				<total>15</total>
				<timestamp>2716.181614</timestamp>
			</report>
			<report>
				<misses>9064001</misses>
				<total>15</total>
				<timestamp>2716.481322</timestamp>
			</report>
			<report>
				<misses>9065001</misses>
				<total>15</total>
				<timestamp>2716.780991</timestamp>
			</report>
			<report>
				<misses>9066001</misses>
				<total>15</total>
				<timestamp>2717.080690</timestamp>
			</report>
			<report>
				<misses>9067001</misses>
				<total>15</total>
				<timestamp>2717.380429</timestamp>
			</report>
			<report>
				<misses>9068001</misses>
				<total>15</total>
				<timestamp>2717.680092</timestamp>
			</report>
			<report>
				<misses>9069001</misses>
				<total>15</total>
				<timestamp>2717.979779</timestamp>
			</report>
			<report>
				<misses>9070001</misses>
				<total>15</total>
				<timestamp>2718.279489</timestamp>
			</report>
			<report>
				<misses>9071001</misses>
				<total>15</total>
				<timestamp>2718.579177</timestamp>
			</report>
			<report>
				<misses>9072001</misses>
				<total>15</total>
				<timestamp>2718.878866</timestamp>
			</report>
			<report>
				<misses>9073001</misses>
				<total>15</total>
				<timestamp>2719.178594</timestamp>
			</report>
			<report>
				<misses>9074001</misses>
				<total>14</total>
				<timestamp>2719.478388</timestamp>
			</report>
			<report>
				<misses>9075001</misses>
				<total>15</total>
				<timestamp>2719.777999</timestamp>
			</report>
			<report>
				<misses>9076001</misses>
				<total>15</total>
				<timestamp>2720.077690</timestamp>
			</report>
			<report>
				<misses>9077001</misses>
				<total>14</total>
				<timestamp>2720.377474</timestamp>
			</report>
			<report>
				<misses>9078001</misses>
				<total>15</total>
				<timestamp>2720.677091</timestamp>
			</report>
			<report>
				<misses>9079001</misses>
				<total>15</total>
				<timestamp>2720.976771</timestamp>
			</report>
			<report>
				<misses>9080001</misses>
				<total>15</total>
				<timestamp>2721.276530</timestamp>
			</report>
			<report>
				<misses>9081001</misses>
				<total>15</total>
				<timestamp>2721.576212</timestamp>
			</report>
			<report>
				<misses>9082001</misses>
				<total>15</total>
				<timestamp>2721.875867</timestamp>
			</report>
			<report>
				<misses>9083001</misses>
				<total>15</total>
				<timestamp>2722.175596</timestamp>
			</report>
			<report>
				<misses>9084001</misses>
				<total>15</total>
				<timestamp>2722.475270</timestamp>
			</report>
			<report>
				<misses>9085001</misses>
				<total>15</total>
				<timestamp>2722.775007</timestamp>
			</report>
			<report>
				<misses>9086001</misses>
				<total>15</total>
				<timestamp>2723.074700</timestamp>
			</report>
			<report>
				<misses>9087001</misses>
				<total>15</total>
				<timestamp>2723.374376</timestamp>
			</report>
			<report>
				<misses>9088001</misses>
				<total>15</total>
				<timestamp>2723.674085</timestamp>
			</report>
			<report>
				<misses>9089001</misses>
				<total>15</total>
				<timestamp>2723.973786</timestamp>
			</report>
			<report>
				<misses>9090001</misses>
				<total>15</total>
				<timestamp>2724.273497</timestamp>
			</report>
			<report>
				<misses>9091001</misses>
				<total>15</total>
				<timestamp>2724.573183</timestamp>
			</report>
			<report>
				<misses>9092001</misses>
				<total>15</total>
				<timestamp>2724.872870</timestamp>
			</report>
			<report>
				<misses>9093001</misses>
				<total>15</total>
				<timestamp>2725.172582</timestamp>
			</report>
			<report>
				<misses>9094001</misses>
				<total>15</total>
				<timestamp>2725.472270</timestamp>
			</report>
			<report>
				<misses>9095001</misses>
				<total>15</total>
				<timestamp>2725.771991</timestamp>
			</report>
			<report>
				<misses>9096001</misses>
				<total>15</total>
				<timestamp>2726.071693</timestamp>
			</report>
			<report>
				<misses>9097001</misses>
				<total>15</total>
				<timestamp>2726.371370</timestamp>
			</report>
			<report>
				<misses>9098001</misses>
				<total>15</total>
				<timestamp>2726.671064</timestamp>
			</report>
			<report>
				<misses>9099001</misses>
				<total>15</total>
				<timestamp>2726.970773</timestamp>
			</report>
			<report>
				<misses>9100001</misses>
				<total>15</total>
				<timestamp>2727.270556</timestamp>
			</report>
			<report>
				<misses>9101001</misses>
				<total>15</total>
				<timestamp>2727.570164</timestamp>
			</report>
			<report>
				<misses>9102001</misses>
				<total>15</total>
				<timestamp>2727.869879</timestamp>
			</report>
			<report>
				<misses>9103001</misses>
				<total>15</total>
				<timestamp>2728.169582</timestamp>
			</report>
			<report>
				<misses>9104001</misses>
				<total>15</total>
				<timestamp>2728.469265</timestamp>
			</report>
			<report>
				<misses>9105001</misses>
				<total>15</total>
				<timestamp>2728.768970</timestamp>
			</report>
			<report>
				<misses>9106001</misses>
				<total>15</total>
				<timestamp>2729.068671</timestamp>
			</report>
			<report>
				<misses>9107001</misses>
				<total>15</total>
				<timestamp>2729.368363</timestamp>
			</report>
			<report>
				<misses>9108001</misses>
				<total>15</total>
				<timestamp>2729.668059</timestamp>
			</report>
			<report>
				<misses>9109001</misses>
				<total>15</total>
				<timestamp>2729.967789</timestamp>
			</report>
			<report>
				<misses>9110001</misses>
				<total>15</total>
				<timestamp>2730.267550</timestamp>
			</report>
			<report>
				<misses>9111001</misses>
				<total>15</total>
				<timestamp>2730.567161</timestamp>
			</report>
			<report>
				<misses>9112001</misses>
				<total>15</total>
				<timestamp>2730.866871</timestamp>
			</report>
			<report>
				<misses>9113001</misses>
				<total>15</total>
				<timestamp>2731.166575</timestamp>
			</report>
			<report>
				<misses>9114001</misses>
				<total>15</total>
				<timestamp>2731.466317</timestamp>
			</report>
			<report>
				<misses>9115001</misses>
				<total>15</total>
				<timestamp>2731.766057</timestamp>
			</report>
			<report>
				<misses>9116001</misses>
				<total>15</total>
				<timestamp>2732.065671</timestamp>
			</report>
			<report>
				<misses>9117001</misses>
				<total>15</total>
				<timestamp>2732.365382</timestamp>
			</report>
			<report>
				<misses>9118001</misses>
				<total>15</total>
				<timestamp>2732.665078</timestamp>
			</report>
			<report>
				<misses>9119001</misses>
				<total>15</total>
				<timestamp>2732.964795</timestamp>
			</report>
			<report>
				<misses>9120001</misses>
				<total>15</total>
				<timestamp>2733.264502</timestamp>
			</report>
			<report>
				<misses>9121001</misses>
				<total>15</total>
				<timestamp>2733.564170</timestamp>
			</report>
			<report>
				<misses>9122001</misses>
				<total>15</total>
				<timestamp>2733.863866</timestamp>
			</report>
			<report>
				<misses>9123001</misses>
				<total>15</total>
				<timestamp>2734.163602</timestamp>
			</report>
			<report>
				<misses>9124001</misses>
				<total>15</total>
				<timestamp>2734.463278</timestamp>
			</report>
			<report>
				<misses>9125001</misses>
				<total>15</total>
				<timestamp>2734.763008</timestamp>
			</report>
			<report>
				<misses>9126001</misses>
				<total>15</total>
				<timestamp>2735.062663</timestamp>
			</report>
			<report>
				<misses>9127001</misses>
				<total>15</total>
				<timestamp>2735.362403</timestamp>
			</report>
			<report>
				<misses>9128001</misses>
				<total>15</total>
				<timestamp>2735.662062</timestamp>
			</report>
			<report>
				<misses>9129001</misses>
				<total>15</total>
				<timestamp>2735.961779</timestamp>
			</report>
			<report>
				<misses>9130001</misses>
				<total>15</total>
				<timestamp>2736.261475</timestamp>
			</report>
			<report>
				<misses>9131001</misses>
				<total>15</total>
				<timestamp>2736.561221</timestamp>
			</report>
			<report>
				<misses>9132001</misses>
				<total>15</total>
				<timestamp>2736.860878</timestamp>
			</report>
			<report>
				<misses>9133001</misses>
				<total>15</total>
				<timestamp>2737.160590</timestamp>
			</report>
			<report>
				<misses>9134001</misses>
				<total>15</total>
				<timestamp>2737.460268</timestamp>
			</report>
			<report>
				<misses>9135001</misses>
				<total>15</total>
				<timestamp>2737.759984</timestamp>
			</report>
			<report>
				<misses>9136001</misses>
				<total>15</total>
				<timestamp>2738.059706</timestamp>
			</report>
			<report>
				<misses>9137001</misses>
				<total>15</total>
				<timestamp>2738.359487</timestamp>
			</report>
			<report>
				<misses>9138001</misses>
				<total>15</total>
				<timestamp>2738.659084</timestamp>
			</report>
			<report>
				<misses>9139001</misses>
				<total>15</total>
				<timestamp>2738.958777</timestamp>
			</report>
			<report>
				<misses>9140001</misses>
				<total>14</total>
				<timestamp>2739.258596</timestamp>
			</report>
			<report>
				<misses>9141001</misses>
				<total>15</total>
				<timestamp>2739.558172</timestamp>
			</report>
			<report>
				<misses>9142001</misses>
				<total>15</total>
				<timestamp>2739.857871</timestamp>
			</report>
			<report>
				<misses>9143001</misses>
				<total>15</total>
				<timestamp>2740.157602</timestamp>
			</report>
			<report>
				<misses>9144001</misses>
				<total>15</total>
				<timestamp>2740.457311</timestamp>
			</report>
			<report>
				<misses>9145001</misses>
				<total>15</total>
				<timestamp>2740.756984</timestamp>
			</report>
			<report>
				<misses>9146001</misses>
				<total>15</total>
				<timestamp>2741.056679</timestamp>
			</report>
			<report>
				<misses>9147001</misses>
				<total>15</total>
				<timestamp>2741.356388</timestamp>
			</report>
			<report>
				<misses>9148001</misses>
				<total>15</total>
				<timestamp>2741.656064</timestamp>
			</report>
			<report>
				<misses>9149001</misses>
				<total>15</total>
				<timestamp>2741.955770</timestamp>
			</report>
			<report>
				<misses>9150001</misses>
				<total>15</total>
				<timestamp>2742.255474</timestamp>
			</report>
			<report>
				<misses>9151001</misses>
				<total>15</total>
				<timestamp>2742.555171</timestamp>
			</report>
			<report>
				<misses>9152001</misses>
				<total>15</total>
				<timestamp>2742.854882</timestamp>
			</report>
			<report>
				<misses>9153001</misses>
				<total>15</total>
				<timestamp>2743.154578</timestamp>
			</report>
			<report>
				<misses>9154001</misses>
				<total>15</total>
				<timestamp>2743.454281</timestamp>
			</report>
			<report>
				<misses>9155001</misses>
				<total>15</total>
				<timestamp>2743.753996</timestamp>
			</report>
			<report>
				<misses>9156001</misses>
				<total>15</total>
				<timestamp>2744.053673</timestamp>
			</report>
			<report>
				<misses>9157001</misses>
				<total>15</total>
				<timestamp>2744.353474</timestamp>
			</report>
			<report>
				<misses>9158001</misses>
				<total>15</total>
				<timestamp>2744.653074</timestamp>
			</report>
			<report>
				<misses>9159001</misses>
				<total>15</total>
				<timestamp>2744.952784</timestamp>
			</report>
			<report>
				<misses>9160001</misses>
				<total>15</total>
				<timestamp>2745.252476</timestamp>
			</report>
			<report>
				<misses>9161001</misses>
				<total>15</total>
				<timestamp>2745.552202</timestamp>
			</report>
			<report>
				<misses>9162001</misses>
				<total>15</total>
				<timestamp>2745.851873</timestamp>
			</report>
			<report>
				<misses>9163001</misses>
				<total>15</total>
				<timestamp>2746.151609</timestamp>
			</report>
			<report>
				<misses>9164001</misses>
				<total>15</total>
				<timestamp>2746.451303</timestamp>
			</report>
			<report>
				<misses>9165001</misses>
				<total>15</total>
				<timestamp>2746.750986</timestamp>
			</report>
			<report>
				<misses>9166001</misses>
				<total>15</total>
				<timestamp>2747.050667</timestamp>
			</report>
			<report>
				<misses>9167001</misses>
				<total>15</total>
				<timestamp>2747.350389</timestamp>
			</report>
			<report>
				<misses>9168001</misses>
				<total>15</total>
				<timestamp>2747.650070</timestamp>
			</report>
			<report>
				<misses>9169001</misses>
				<total>15</total>
				<timestamp>2747.949826</timestamp>
			</report>
			<report>
				<misses>9170001</misses>
				<total>15</total>
				<timestamp>2748.249496</timestamp>
			</report>
			<report>
				<misses>9171001</misses>
				<total>15</total>
				<timestamp>2748.549230</timestamp>
			</report>
			<report>
				<misses>9172001</misses>
				<total>15</total>
				<timestamp>2748.848876</timestamp>
			</report>
			<report>
				<misses>9173001</misses>
				<total>15</total>
				<timestamp>2749.148580</timestamp>
			</report>
			<report>
				<misses>9174001</misses>
				<total>14</total>
				<timestamp>2749.448390</timestamp>
			</report>
			<report>
				<misses>9175001</misses>
				<total>15</total>
				<timestamp>2749.748020</timestamp>
			</report>
			<report>
				<misses>9176001</misses>
				<total>15</total>
				<timestamp>2750.047697</timestamp>
			</report>
			<report>
				<misses>9177001</misses>
				<total>15</total>
				<timestamp>2750.347382</timestamp>
			</report>
			<report>
				<misses>9178001</misses>
				<total>15</total>
				<timestamp>2750.647079</timestamp>
			</report>
			<report>
				<misses>9179001</misses>
				<total>15</total>
				<timestamp>2750.946776</timestamp>
			</report>
			<report>
				<misses>9180001</misses>
				<total>15</total>
				<timestamp>2751.246499</timestamp>
			</report>
			<report>
				<misses>9181001</misses>
				<total>15</total>
				<timestamp>2751.546214</timestamp>
			</report>
			<report>
				<misses>9182001</misses>
				<total>15</total>
				<timestamp>2751.845893</timestamp>
			</report>
			<report>
				<misses>9183001</misses>
				<total>15</total>
				<timestamp>2752.145587</timestamp>
			</report>
			<report>
				<misses>9184001</misses>
				<total>15</total>
				<timestamp>2752.445271</timestamp>
			</report>
			<report>
				<misses>9185001</misses>
				<total>15</total>
				<timestamp>2752.745016</timestamp>
			</report>
			<report>
				<misses>9186001</misses>
				<total>15</total>
				<timestamp>2753.044666</timestamp>
			</report>
			<report>
				<misses>9187001</misses>
				<total>15</total>
				<timestamp>2753.344487</timestamp>
			</report>
			<report>
				<misses>9188001</misses>
				<total>15</total>
				<timestamp>2753.644072</timestamp>
			</report>
			<report>
				<misses>9189001</misses>
				<total>15</total>
				<timestamp>2753.943772</timestamp>
			</report>
			<report>
				<misses>9190001</misses>
				<total>15</total>
				<timestamp>2754.243481</timestamp>
			</report>
			<report>
				<misses>9191001</misses>
				<total>15</total>
				<timestamp>2754.543166</timestamp>
			</report>
			<report>
				<misses>9192001</misses>
				<total>15</total>
				<timestamp>2754.842883</timestamp>
			</report>
			<report>
				<misses>9193001</misses>
				<total>15</total>
				<timestamp>2755.142576</timestamp>
			</report>
			<report>
				<misses>9194001</misses>
				<total>15</total>
				<timestamp>2755.442322</timestamp>
			</report>
			<report>
				<misses>9195001</misses>
				<total>15</total>
				<timestamp>2755.742045</timestamp>
			</report>
			<report>
				<misses>9196001</misses>
				<total>15</total>
				<timestamp>2756.041666</timestamp>
			</report>
			<report>
				<misses>9197001</misses>
				<total>15</total>
				<timestamp>2756.341376</timestamp>
			</report>
			<report>
				<misses>9198001</misses>
				<total>15</total>
				<timestamp>2756.641067</timestamp>
			</report>
			<report>
				<misses>9199001</misses>
				<total>15</total>
				<timestamp>2756.940757</timestamp>
			</report>
			<report>
				<misses>9200001</misses>
				<total>15</total>
				<timestamp>2757.240479</timestamp>
			</report>
			<report>
				<misses>9201001</misses>
				<total>15</total>
				<timestamp>2757.540207</timestamp>
			</report>
			<report>
				<misses>9202001</misses>
				<total>14</total>
				<timestamp>2757.840000</timestamp>
			</report>
			<report>
				<misses>9203001</misses>
				<total>15</total>
				<timestamp>2758.139566</timestamp>
			</report>
			<report>
				<misses>9204001</misses>
				<total>15</total>
				<timestamp>2758.439366</timestamp>
			</report>
			<report>
				<misses>9205001</misses>
				<total>15</total>
				<timestamp>2758.738983</timestamp>
			</report>
			<report>
				<misses>9206001</misses>
				<total>15</total>
				<timestamp>2759.038696</timestamp>
			</report>
			<report>
				<misses>9207001</misses>
				<total>15</total>
				<timestamp>2759.338392</timestamp>
			</report>
			<report>
				<misses>9208001</misses>
				<total>15</total>
				<timestamp>2759.638149</timestamp>
			</report>
			<report>
				<misses>9209001</misses>
				<total>15</total>
				<timestamp>2759.937780</timestamp>
			</report>
			<report>
				<misses>9210001</misses>
				<total>15</total>
				<timestamp>2760.237478</timestamp>
			</report>
			<report>
				<misses>9211001</misses>
				<total>15</total>
				<timestamp>2760.537169</timestamp>
			</report>
			<report>
				<misses>9212001</misses>
				<total>15</total>
				<timestamp>2760.836887</timestamp>
			</report>
			<report>
				<misses>9213001</misses>
				<total>15</total>
				<timestamp>2761.136562</timestamp>
			</report>
			<report>
				<misses>9214001</misses>
				<total>14</total>
				<timestamp>2761.436394</timestamp>
			</report>
			<report>
				<misses>9215001</misses>
				<total>15</total>
				<timestamp>2761.735973</timestamp>
			</report>
			<report>
				<misses>9216001</misses>
				<total>15</total>
				<timestamp>2762.035679</timestamp>
			</report>
			<report>
				<misses>9217001</misses>
				<total>15</total>
				<timestamp>2762.335380</timestamp>
			</report>
			<report>
				<misses>9218001</misses>
				<total>15</total>
				<timestamp>2762.635076</timestamp>
			</report>
			<report>
				<misses>9219001</misses>
				<total>15</total>
				<timestamp>2762.934773</timestamp>
			</report>
			<report>
				<misses>9220001</misses>
				<total>15</total>
				<timestamp>2763.234538</timestamp>
			</report>
			<report>
				<misses>9221001</misses>
				<total>15</total>
				<timestamp>2763.534209</timestamp>
			</report>
			<report>
				<misses>9222001</misses>
				<total>15</total>
				<timestamp>2763.833880</timestamp>
			</report>
			<report>
				<misses>9223001</misses>
				<total>15</total>
				<timestamp>2764.133572</timestamp>
			</report>
			<report>
				<misses>9224001</misses>
				<total>15</total>
				<timestamp>2764.433307</timestamp>
			</report>
			<report>
				<misses>9225001</misses>
				<total>15</total>
				<timestamp>2764.732973</timestamp>
			</report>
			<report>
				<misses>9226001</misses>
				<total>15</total>
				<timestamp>2765.032716</timestamp>
			</report>
			<report>
				<misses>9227001</misses>
				<total>15</total>
				<timestamp>2765.332434</timestamp>
			</report>
			<report>
				<misses>9228001</misses>
				<total>15</total>
				<timestamp>2765.632129</timestamp>
			</report>
			<report>
				<misses>9229001</misses>
				<total>15</total>
				<timestamp>2765.931771</timestamp>
			</report>
			<report>
				<misses>9230001</misses>
				<total>15</total>
				<timestamp>2766.231465</timestamp>
			</report>
			<report>
				<misses>9231001</misses>
				<total>14</total>
				<timestamp>2766.531292</timestamp>
			</report>
			<report>
				<misses>9232001</misses>
				<total>15</total>
				<timestamp>2766.830873</timestamp>
			</report>
			<report>
				<misses>9233001</misses>
				<total>15</total>
				<timestamp>2767.130575</timestamp>
			</report>
			<report>
				<misses>9234001</misses>
				<total>15</total>
				<timestamp>2767.430310</timestamp>
			</report>
			<report>
				<misses>9235001</misses>
				<total>15</total>
				<timestamp>2767.729992</timestamp>
			</report>
			<report>
				<misses>9236001</misses>
				<total>15</total>
				<timestamp>2768.029674</timestamp>
			</report>
			<report>
				<misses>9237001</misses>
				<total>15</total>
				<timestamp>2768.329373</timestamp>
			</report>
			<report>
				<misses>9238001</misses>
				<total>15</total>
				<timestamp>2768.629104</timestamp>
			</report>
			<report>
				<misses>9239001</misses>
				<total>15</total>
				<timestamp>2768.928763</timestamp>
			</report>
			<report>
				<misses>9240001</misses>
				<total>15</total>
				<timestamp>2769.228466</timestamp>
			</report>
			<report>
				<misses>9241001</misses>
				<total>15</total>
				<timestamp>2769.528191</timestamp>
			</report>
			<report>
				<misses>9242001</misses>
				<total>15</total>
				<timestamp>2769.827880</timestamp>
			</report>
			<report>
				<misses>9243001</misses>
				<total>15</total>
				<timestamp>2770.127556</timestamp>
			</report>
			<report>
				<misses>9244001</misses>
				<total>15</total>
				<timestamp>2770.427280</timestamp>
			</report>
			<report>
				<misses>9245001</misses>
				<total>15</total>
				<timestamp>2770.726994</timestamp>
			</report>
			<report>
				<misses>9246001</misses>
				<total>15</total>
				<timestamp>2771.026666</timestamp>
			</report>
			<report>
				<misses>9247001</misses>
				<total>15</total>
				<timestamp>2771.326401</timestamp>
			</report>
			<report>
				<misses>9248001</misses>
				<total>14</total>
				<timestamp>2771.626182</timestamp>
			</report>
			<report>
				<misses>9249001</misses>
				<total>15</total>
				<timestamp>2771.925754</timestamp>
			</report>
			<report>
				<misses>9250001</misses>
				<total>15</total>
				<timestamp>2772.225472</timestamp>
			</report>
			<report>
				<misses>9251001</misses>
				<total>15</total>
				<timestamp>2772.525265</timestamp>
			</report>
			<report>
				<misses>9252001</misses>
				<total>15</total>
				<timestamp>2772.824870</timestamp>
			</report>
			<report>
				<misses>9253001</misses>
				<total>15</total>
				<timestamp>2773.124567</timestamp>
			</report>
			<report>
				<misses>9254001</misses>
				<total>15</total>
				<timestamp>2773.424301</timestamp>
			</report>
			<report>
				<misses>9255001</misses>
				<total>15</total>
				<timestamp>2773.723995</timestamp>
			</report>
			<report>
				<misses>9256001</misses>
				<total>15</total>
				<timestamp>2774.023675</timestamp>
			</report>
			<report>
				<misses>9257001</misses>
				<total>15</total>
				<timestamp>2774.323359</timestamp>
			</report>
			<report>
				<misses>9258001</misses>
				<total>15</total>
				<timestamp>2774.623109</timestamp>
			</report>
			<report>
				<misses>9259001</misses>
				<total>15</total>
				<timestamp>2774.922781</timestamp>
			</report>
			<report>
				<misses>9260001</misses>
				<total>15</total>
				<timestamp>2775.222457</timestamp>
			</report>
			<report>
				<misses>9261001</misses>
				<total>14</total>
				<timestamp>2775.522276</timestamp>
			</report>
			<report>
				<misses>9262001</misses>
				<total>15</total>
				<timestamp>2775.821863</timestamp>
			</report>
			<report>
				<misses>9263001</misses>
				<total>15</total>
				<timestamp>2776.121574</timestamp>
			</report>
			<report>
				<misses>9264001</misses>
				<total>15</total>
				<timestamp>2776.421328</timestamp>
			</report>
			<report>
				<misses>9265001</misses>
				<total>15</total>
				<timestamp>2776.720980</timestamp>
			</report>
			<report>
				<misses>9266001</misses>
				<total>15</total>
				<timestamp>2777.020680</timestamp>
			</report>
			<report>
				<misses>9267001</misses>
				<total>15</total>
				<timestamp>2777.320362</timestamp>
			</report>
			<report>
				<misses>9268001</misses>
				<total>15</total>
				<timestamp>2777.620078</timestamp>
			</report>
			<report>
				<misses>9269001</misses>
				<total>15</total>
				<timestamp>2777.919769</timestamp>
			</report>
			<report>
				<misses>9270001</misses>
				<total>15</total>
				<timestamp>2778.219480</timestamp>
			</report>
			<report>
				<misses>9271001</misses>
				<total>15</total>
				<timestamp>2778.519270</timestamp>
			</report>
			<report>
				<misses>9272001</misses>
				<total>15</total>
				<timestamp>2778.818871</timestamp>
			</report>
			<report>
				<misses>9273001</misses>
				<total>15</total>
				<timestamp>2779.118589</timestamp>
			</report>
			<report>
				<misses>9274001</misses>
				<total>15</total>
				<timestamp>2779.418338</timestamp>
			</report>
			<report>
				<misses>9275001</misses>
				<total>15</total>
				<timestamp>2779.718060</timestamp>
			</report>
			<report>
				<misses>9276001</misses>
				<total>15</total>
				<timestamp>2780.017670</timestamp>
			</report>
			<report>
				<misses>9277001</misses>
				<total>15</total>
				<timestamp>2780.317372</timestamp>
			</report>
			<report>
				<misses>9278001</misses>
				<total>15</total>
				<timestamp>2780.617132</timestamp>
			</report>
			<report>
				<misses>9279001</misses>
				<total>15</total>
				<timestamp>2780.916763</timestamp>
			</report>
			<report>
				<misses>9280001</misses>
				<total>15</total>
				<timestamp>2781.216478</timestamp>
			</report>
			<report>
				<misses>9281001</misses>
				<total>15</total>
				<timestamp>2781.516188</timestamp>
			</report>
			<report>
				<misses>9282001</misses>
				<total>15</total>
				<timestamp>2781.815867</timestamp>
			</report>
			<report>
				<misses>9283001</misses>
				<total>15</total>
				<timestamp>2782.115564</timestamp>
			</report>
			<report>
				<misses>9284001</misses>
				<total>15</total>
				<timestamp>2782.415289</timestamp>
			</report>
			<report>
				<misses>9285001</misses>
				<total>15</total>
				<timestamp>2782.715055</timestamp>
			</report>
			<report>
				<misses>9286001</misses>
				<total>15</total>
				<timestamp>2783.014679</timestamp>
			</report>
			<report>
				<misses>9287001</misses>
				<total>15</total>
				<timestamp>2783.314378</timestamp>
			</report>
			<report>
				<misses>9288001</misses>
				<total>15</total>
				<timestamp>2783.614090</timestamp>
			</report>
			<report>
				<misses>9289001</misses>
				<total>15</total>
				<timestamp>2783.913772</timestamp>
			</report>
			<report>
				<misses>9290001</misses>
				<total>15</total>
				<timestamp>2784.213529</timestamp>
			</report>
			<report>
				<misses>9291001</misses>
				<total>15</total>
				<timestamp>2784.513285</timestamp>
			</report>
			<report>
				<misses>9292001</misses>
				<total>15</total>
				<timestamp>2784.812868</timestamp>
			</report>
			<report>
				<misses>9293001</misses>
				<total>15</total>
				<timestamp>2785.112565</timestamp>
			</report>
			<report>
				<misses>9294001</misses>
				<total>15</total>
				<timestamp>2785.412300</timestamp>
			</report>
			<report>
				<misses>9295001</misses>
				<total>15</total>
				<timestamp>2785.712120</timestamp>
			</report>
			<report>
				<misses>9296001</misses>
				<total>15</total>
				<timestamp>2786.011665</timestamp>
			</report>
			<report>
				<misses>9297001</misses>
				<total>15</total>
				<timestamp>2786.311366</timestamp>
			</report>
			<report>
				<misses>9298001</misses>
				<total>15</total>
				<timestamp>2786.611139</timestamp>
			</report>
			<report>
				<misses>9299001</misses>
				<total>15</total>
				<timestamp>2786.910766</timestamp>
			</report>
			<report>
				<misses>9300001</misses>
				<total>15</total>
				<timestamp>2787.210484</timestamp>
			</report>
			<report>
				<misses>9301001</misses>
				<total>15</total>
				<timestamp>2787.510232</timestamp>
			</report>
			<report>
				<misses>9302001</misses>
				<total>15</total>
				<timestamp>2787.809863</timestamp>
			</report>
			<report>
				<misses>9303001</misses>
				<total>15</total>
				<timestamp>2788.109582</timestamp>
			</report>
			<report>
				<misses>9304001</misses>
				<total>15</total>
				<timestamp>2788.409288</timestamp>
			</report>
			<report>
				<misses>9305001</misses>
				<total>15</total>
				<timestamp>2788.709003</timestamp>
			</report>
			<report>
				<misses>9306001</misses>
				<total>15</total>
				<timestamp>2789.008691</timestamp>
			</report>
			<report>
				<misses>9307001</misses>
				<total>15</total>
				<timestamp>2789.308384</timestamp>
			</report>
			<report>
				<misses>9308001</misses>
				<total>15</total>
				<timestamp>2789.608074</timestamp>
			</report>
			<report>
				<misses>9309001</misses>
				<total>15</total>
				<timestamp>2789.907772</timestamp>
			</report>
			<report>
				<misses>9310001</misses>
				<total>15</total>
				<timestamp>2790.207490</timestamp>
			</report>
			<report>
				<misses>9311001</misses>
				<total>15</total>
				<timestamp>2790.507275</timestamp>
			</report>
			<report>
				<misses>9312001</misses>
				<total>15</total>
				<timestamp>2790.806948</timestamp>
			</report>
			<report>
				<misses>9313001</misses>
				<total>15</total>
				<timestamp>2791.106570</timestamp>
			</report>
			<report>
				<misses>9314001</misses>
				<total>15</total>
				<timestamp>2791.406275</timestamp>
			</report>
			<report>
				<misses>9315001</misses>
				<total>15</total>
				<timestamp>2791.706088</timestamp>
			</report>
			<report>
				<misses>9316001</misses>
				<total>15</total>
				<timestamp>2792.005671</timestamp>
			</report>
			<report>
				<misses>9317001</misses>
				<total>15</total>
				<timestamp>2792.305362</timestamp>
			</report>
			<report>
				<misses>9318001</misses>
				<total>15</total>
				<timestamp>2792.605132</timestamp>
			</report>
			<report>
				<misses>9319001</misses>
				<total>15</total>
				<timestamp>2792.904764</timestamp>
			</report>
			<report>
				<misses>9320001</misses>
				<total>15</total>
				<timestamp>2793.204478</timestamp>
			</report>
			<report>
				<misses>9321001</misses>
				<total>15</total>
				<timestamp>2793.504269</timestamp>
			</report>
			<report>
				<misses>9322001</misses>
				<total>15</total>
				<timestamp>2793.803887</timestamp>
			</report>
			<report>
				<misses>9323001</misses>
				<total>15</total>
				<timestamp>2794.103616</timestamp>
			</report>
			<report>
				<misses>9324001</misses>
				<total>15</total>
				<timestamp>2794.403271</timestamp>
			</report>
			<report>
				<misses>9325001</misses>
				<total>15</total>
				<timestamp>2794.703106</timestamp>
			</report>
			<report>
				<misses>9326001</misses>
				<total>15</total>
				<timestamp>2795.002673</timestamp>
			</report>
			<report>
				<misses>9327001</misses>
				<total>15</total>
				<timestamp>2795.302373</timestamp>
			</report>
			<report>
				<misses>9328001</misses>
				<total>15</total>
				<timestamp>2795.602120</timestamp>
			</report>
			<report>
				<misses>9329001</misses>
				<total>15</total>
				<timestamp>2795.901778</timestamp>
			</report>
			<report>
				<misses>9330001</misses>
				<total>15</total>
				<timestamp>2796.201461</timestamp>
			</report>
			<report>
				<misses>9331001</misses>
				<total>15</total>
				<timestamp>2796.501224</timestamp>
			</report>
			<report>
				<misses>9332001</misses>
				<total>15</total>
				<timestamp>2796.800950</timestamp>
			</report>
			<report>
				<misses>9333001</misses>
				<total>15</total>
				<timestamp>2797.100578</timestamp>
			</report>
			<report>
				<misses>9334001</misses>
				<total>15</total>
				<timestamp>2797.400327</timestamp>
			</report>
			<report>
				<misses>9335001</misses>
				<total>15</total>
				<timestamp>2797.700046</timestamp>
			</report>
			<report>
				<misses>9336001</misses>
				<total>15</total>
				<timestamp>2797.999673</timestamp>
			</report>
			<report>
				<misses>9337001</misses>
				<total>15</total>
				<timestamp>2798.299373</timestamp>
			</report>
			<report>
				<misses>9338001</misses>
				<total>15</total>
				<timestamp>2798.599071</timestamp>
			</report>
			<report>
				<misses>9339001</misses>
				<total>15</total>
				<timestamp>2798.898790</timestamp>
			</report>
			<report>
				<misses>9340001</misses>
				<total>15</total>
				<timestamp>2799.198477</timestamp>
			</report>
			<report>
				<misses>9341001</misses>
				<total>15</total>
				<timestamp>2799.498184</timestamp>
			</report>
			<report>
				<misses>9342001</misses>
				<total>15</total>
				<timestamp>2799.797973</timestamp>
			</report>
			<report>
				<misses>9343001</misses>
				<total>15</total>
				<timestamp>2800.097618</timestamp>
			</report>
			<report>
				<misses>9344001</misses>
				<total>15</total>
				<timestamp>2800.397279</timestamp>
			</report>
			<report>
				<misses>9345001</misses>
				<total>15</total>
				<timestamp>2800.697085</timestamp>
			</report>
			<report>
				<misses>9346001</misses>
				<total>15</total>
				<timestamp>2800.996671</timestamp>
			</report>
			<report>
				<misses>9347001</misses>
				<total>15</total>
				<timestamp>2801.296381</timestamp>
			</report>
			<report>
				<misses>9348001</misses>
				<total>15</total>
				<timestamp>2801.596166</timestamp>
			</report>
			<report>
				<misses>9349001</misses>
				<total>15</total>
				<timestamp>2801.895759</timestamp>
			</report>
			<report>
				<misses>9350001</misses>
				<total>15</total>
				<timestamp>2802.195482</timestamp>
			</report>
			<report>
				<misses>9351001</misses>
				<total>15</total>
				<timestamp>2802.495218</timestamp>
			</report>
			<report>
				<misses>9352001</misses>
				<total>15</total>
				<timestamp>2802.794881</timestamp>
			</report>
			<report>
				<misses>9353001</misses>
				<total>15</total>
				<timestamp>2803.094629</timestamp>
			</report>
			<report>
				<misses>9354001</misses>
				<total>15</total>
				<timestamp>2803.394284</timestamp>
			</report>
			<report>
				<misses>9355001</misses>
				<total>15</total>
				<timestamp>2803.694054</timestamp>
			</report>
			<report>
				<misses>9356001</misses>
				<total>15</total>
				<timestamp>2803.993671</timestamp>
			</report>
			<report>
				<misses>9357001</misses>
				<total>14</total>
				<timestamp>2804.293496</timestamp>
			</report>
			<report>
				<misses>9358001</misses>
				<total>15</total>
				<timestamp>2804.593072</timestamp>
			</report>
			<report>
				<misses>9359001</misses>
				<total>15</total>
				<timestamp>2804.892811</timestamp>
			</report>
			<report>
				<misses>9360001</misses>
				<total>15</total>
				<timestamp>2805.192475</timestamp>
			</report>
			<report>
				<misses>9361001</misses>
				<total>15</total>
				<timestamp>2805.492166</timestamp>
			</report>
			<report>
				<misses>9362001</misses>
				<total>15</total>
				<timestamp>2805.791921</timestamp>
			</report>
			<report>
				<misses>9363001</misses>
				<total>15</total>
				<timestamp>2806.091565</timestamp>
			</report>
			<report>
				<misses>9364001</misses>
				<total>15</total>
				<timestamp>2806.391353</timestamp>
			</report>
			<report>
				<misses>9365001</misses>
				<total>15</total>
				<timestamp>2806.691085</timestamp>
			</report>
			<report>
				<misses>9366001</misses>
				<total>15</total>
				<timestamp>2806.990683</timestamp>
			</report>
			<report>
				<misses>9367001</misses>
				<total>15</total>
				<timestamp>2807.290380</timestamp>
			</report>
			<report>
				<misses>9368001</misses>
				<total>15</total>
				<timestamp>2807.590159</timestamp>
			</report>
			<report>
				<misses>9369001</misses>
				<total>15</total>
				<timestamp>2807.889771</timestamp>
			</report>
			<report>
				<misses>9370001</misses>
				<total>15</total>
				<timestamp>2808.189479</timestamp>
			</report>
			<report>
				<misses>9371001</misses>
				<total>15</total>
				<timestamp>2808.489161</timestamp>
			</report>
			<report>
				<misses>9372001</misses>
				<total>14</total>
				<timestamp>2808.789006</timestamp>
			</report>
			<report>
				<misses>9373001</misses>
				<total>15</total>
				<timestamp>2809.088579</timestamp>
			</report>
			<report>
				<misses>9374001</misses>
				<total>15</total>
				<timestamp>2809.388296</timestamp>
			</report>
			<report>
				<misses>9375001</misses>
				<total>15</total>
				<timestamp>2809.688021</timestamp>
			</report>
			<report>
				<misses>9376001</misses>
				<total>15</total>
				<timestamp>2809.987674</timestamp>
			</report>
			<report>
				<misses>9377001</misses>
				<total>15</total>
				<timestamp>2810.287402</timestamp>
			</report>
			<report>
				<misses>9378001</misses>
				<total>15</total>
				<timestamp>2810.587098</timestamp>
			</report>
			<report>
				<misses>9379001</misses>
				<total>15</total>
				<timestamp>2810.886822</timestamp>
			</report>
			<report>
				<misses>9380001</misses>
				<total>15</total>
				<timestamp>2811.186466</timestamp>
			</report>
			<report>
				<misses>9381001</misses>
				<total>15</total>
				<timestamp>2811.486223</timestamp>
			</report>
			<report>
				<misses>9382001</misses>
				<total>15</total>
				<timestamp>2811.786011</timestamp>
			</report>
			<report>
				<misses>9383001</misses>
				<total>15</total>
				<timestamp>2812.085585</timestamp>
			</report>
			<report>
				<misses>9384001</misses>
				<total>15</total>
				<timestamp>2812.385266</timestamp>
			</report>
			<report>
				<misses>9385001</misses>
				<total>15</total>
				<timestamp>2812.685048</timestamp>
			</report>
			<report>
				<misses>9386001</misses>
				<total>15</total>
				<timestamp>2812.984684</timestamp>
			</report>
			<report>
				<misses>9387001</misses>
				<total>15</total>
				<timestamp>2813.284450</timestamp>
			</report>
			<report>
				<misses>9388001</misses>
				<total>15</total>
				<timestamp>2813.584109</timestamp>
			</report>
			<report>
				<misses>9389001</misses>
				<total>15</total>
				<timestamp>2813.883775</timestamp>
			</report>
			<report>
				<misses>9390001</misses>
				<total>15</total>
				<timestamp>2814.183471</timestamp>
			</report>
			<report>
				<misses>9391001</misses>
				<total>15</total>
				<timestamp>2814.483181</timestamp>
			</report>
			<report>
				<misses>9392001</misses>
				<total>15</total>
				<timestamp>2814.782882</timestamp>
			</report>
			<report>
				<misses>9393001</misses>
				<total>15</total>
				<timestamp>2815.082576</timestamp>
			</report>
			<report>
				<misses>9394001</misses>
				<total>15</total>
				<timestamp>2815.382269</timestamp>
			</report>
			<report>
				<misses>9395001</misses>
				<total>15</total>
				<timestamp>2815.682006</timestamp>
			</report>
			<report>
				<misses>9396001</misses>
				<total>15</total>
				<timestamp>2815.981677</timestamp>
			</report>
			<report>
				<misses>9397001</misses>
				<total>15</total>
				<timestamp>2816.281361</timestamp>
			</report>
			<report>
				<misses>9398001</misses>
				<total>15</total>
				<timestamp>2816.581084</timestamp>
			</report>
			<report>
				<misses>9399001</misses>
				<total>15</total>
				<timestamp>2816.880855</timestamp>
			</report>
			<report>
				<misses>9400001</misses>
				<total>15</total>
				<timestamp>2817.180528</timestamp>
			</report>
			<report>
				<misses>9401001</misses>
				<total>15</total>
				<timestamp>2817.480233</timestamp>
			</report>
			<report>
				<misses>9402001</misses>
				<total>15</total>
				<timestamp>2817.779886</timestamp>
			</report>
			<report>
				<misses>9403001</misses>
				<total>15</total>
				<timestamp>2818.079575</timestamp>
			</report>
			<report>
				<misses>9404001</misses>
				<total>15</total>
				<timestamp>2818.379282</timestamp>
			</report>
			<report>
				<misses>9405001</misses>
				<total>15</total>
				<timestamp>2818.679017</timestamp>
			</report>
			<report>
				<misses>9406001</misses>
				<total>15</total>
				<timestamp>2818.978660</timestamp>
			</report>
			<report>
				<misses>9407001</misses>
				<total>15</total>
				<timestamp>2819.278374</timestamp>
			</report>
			<report>
				<misses>9408001</misses>
				<total>15</total>
				<timestamp>2819.578089</timestamp>
			</report>
			<report>
				<misses>9409001</misses>
				<total>15</total>
				<timestamp>2819.877858</timestamp>
			</report>
			<report>
				<misses>9410001</misses>
				<total>15</total>
				<timestamp>2820.177470</timestamp>
			</report>
			<report>
				<misses>9411001</misses>
				<total>15</total>
				<timestamp>2820.477171</timestamp>
			</report>
			<report>
				<misses>9412001</misses>
				<total>15</total>
				<timestamp>2820.776881</timestamp>
			</report>
			<report>
				<misses>9413001</misses>
				<total>15</total>
				<timestamp>2821.076570</timestamp>
			</report>
			<report>
				<misses>9414001</misses>
				<total>15</total>
				<timestamp>2821.376279</timestamp>
			</report>
			<report>
				<misses>9415001</misses>
				<total>15</total>
				<timestamp>2821.676012</timestamp>
			</report>
			<report>
				<misses>9416001</misses>
				<total>15</total>
				<timestamp>2821.975691</timestamp>
			</report>
			<report>
				<misses>9417001</misses>
				<total>15</total>
				<timestamp>2822.275368</timestamp>
			</report>
			<report>
				<misses>9418001</misses>
				<total>15</total>
				<timestamp>2822.575086</timestamp>
			</report>
			<report>
				<misses>9419001</misses>
				<total>15</total>
				<timestamp>2822.874862</timestamp>
			</report>
			<report>
				<misses>9420001</misses>
				<total>15</total>
				<timestamp>2823.174473</timestamp>
			</report>
			<report>
				<misses>9421001</misses>
				<total>15</total>
				<timestamp>2823.474174</timestamp>
			</report>
			<report>
				<misses>9422001</misses>
				<total>14</total>
				<timestamp>2823.773991</timestamp>
			</report>
			<report>
				<misses>9423001</misses>
				<total>15</total>
				<timestamp>2824.073642</timestamp>
			</report>
			<report>
				<misses>9424001</misses>
				<total>15</total>
				<timestamp>2824.373280</timestamp>
			</report>
			<report>
				<misses>9425001</misses>
				<total>15</total>
				<timestamp>2824.673119</timestamp>
			</report>
			<report>
				<misses>9426001</misses>
				<total>15</total>
				<timestamp>2824.972678</timestamp>
			</report>
			<report>
				<misses>9427001</misses>
				<total>15</total>
				<timestamp>2825.272377</timestamp>
			</report>
			<report>
				<misses>9428001</misses>
				<total>15</total>
				<timestamp>2825.572101</timestamp>
			</report>
			<report>
				<misses>9429001</misses>
				<total>15</total>
				<timestamp>2825.871781</timestamp>
			</report>
			<report>
				<misses>9430001</misses>
				<total>15</total>
				<timestamp>2826.171475</timestamp>
			</report>
			<report>
				<misses>9431001</misses>
				<total>15</total>
				<timestamp>2826.471203</timestamp>
			</report>
			<report>
				<misses>9432001</misses>
				<total>15</total>
				<timestamp>2826.770923</timestamp>
			</report>
			<report>
				<misses>9433001</misses>
				<total>15</total>
				<timestamp>2827.070581</timestamp>
			</report>
			<report>
				<misses>9434001</misses>
				<total>15</total>
				<timestamp>2827.370276</timestamp>
			</report>
			<report>
				<misses>9435001</misses>
				<total>15</total>
				<timestamp>2827.670052</timestamp>
			</report>
			<report>
				<misses>9436001</misses>
				<total>15</total>
				<timestamp>2827.969676</timestamp>
			</report>
			<report>
				<misses>9437001</misses>
				<total>15</total>
				<timestamp>2828.269376</timestamp>
			</report>
			<report>
				<misses>9438001</misses>
				<total>15</total>
				<timestamp>2828.569110</timestamp>
			</report>
			<report>
				<misses>9439001</misses>
				<total>15</total>
				<timestamp>2828.868803</timestamp>
			</report>
			<report>
				<misses>9440001</misses>
				<total>14</total>
				<timestamp>2829.168568</timestamp>
			</report>
			<report>
				<misses>9441001</misses>
				<total>15</total>
				<timestamp>2829.468169</timestamp>
			</report>
			<report>
				<misses>9442001</misses>
				<total>15</total>
				<timestamp>2829.767893</timestamp>
			</report>
			<report>
				<misses>9443001</misses>
				<total>15</total>
				<timestamp>2830.067608</timestamp>
			</report>
			<report>
				<misses>9444001</misses>
				<total>15</total>
				<timestamp>2830.367269</timestamp>
			</report>
			<report>
				<misses>9445001</misses>
				<total>15</total>
				<timestamp>2830.667104</timestamp>
			</report>
			<report>
				<misses>9446001</misses>
				<total>14</total>
				<timestamp>2830.966787</timestamp>
			</report>
			<report>
				<misses>9447001</misses>
				<total>15</total>
				<timestamp>2831.266381</timestamp>
			</report>
			<report>
				<misses>9448001</misses>
				<total>15</total>
				<timestamp>2831.566070</timestamp>
			</report>
			<report>
				<misses>9449001</misses>
				<total>15</total>
				<timestamp>2831.865778</timestamp>
			</report>
			<report>
				<misses>9450001</misses>
				<total>15</total>
				<timestamp>2832.165476</timestamp>
			</report>
			<report>
				<misses>9451001</misses>
				<total>15</total>
				<timestamp>2832.465176</timestamp>
			</report>
			<report>
				<misses>9452001</misses>
				<total>15</total>
				<timestamp>2832.764887</timestamp>
			</report>
			<report>
				<misses>9453001</misses>
				<total>15</total>
				<timestamp>2833.064576</timestamp>
			</report>
			<report>
				<misses>9454001</misses>
				<total>15</total>
				<timestamp>2833.364277</timestamp>
			</report>
			<report>
				<misses>9455001</misses>
				<total>15</total>
				<timestamp>2833.664056</timestamp>
			</report>
			<report>
				<misses>9456001</misses>
				<total>15</total>
				<timestamp>2833.963690</timestamp>
			</report>
			<report>
				<misses>9457001</misses>
				<total>15</total>
				<timestamp>2834.263372</timestamp>
			</report>
			<report>
				<misses>9458001</misses>
				<total>15</total>
				<timestamp>2834.563079</timestamp>
			</report>
			<report>
				<misses>9459001</misses>
				<total>15</total>
				<timestamp>2834.862904</timestamp>
			</report>
			<report>
				<misses>9460001</misses>
				<total>15</total>
				<timestamp>2835.162473</timestamp>
			</report>
			<report>
				<misses>9461001</misses>
				<total>15</total>
				<timestamp>2835.462170</timestamp>
			</report>
			<report>
				<misses>9462001</misses>
				<total>15</total>
				<timestamp>2835.761888</timestamp>
			</report>
			<report>
				<misses>9463001</misses>
				<total>15</total>
				<timestamp>2836.061584</timestamp>
			</report>
			<report>
				<misses>9464001</misses>
				<total>15</total>
				<timestamp>2836.361328</timestamp>
			</report>
			<report>
				<misses>9465001</misses>
				<total>15</total>
				<timestamp>2836.660977</timestamp>
			</report>
			<report>
				<misses>9466001</misses>
				<total>15</total>
				<timestamp>2836.960730</timestamp>
			</report>
			<report>
				<misses>9467001</misses>
				<total>15</total>
				<timestamp>2837.260370</timestamp>
			</report>
			<report>
				<misses>9468001</misses>
				<total>15</total>
				<timestamp>2837.560103</timestamp>
			</report>
			<report>
				<misses>9469001</misses>
				<total>15</total>
				<timestamp>2837.859848</timestamp>
			</report>
			<report>
				<misses>9470001</misses>
				<total>15</total>
				<timestamp>2838.159463</timestamp>
			</report>
			<report>
				<misses>9471001</misses>
				<total>15</total>
				<timestamp>2838.459178</timestamp>
			</report>
			<report>
				<misses>9472001</misses>
				<total>15</total>
				<timestamp>2838.758908</timestamp>
			</report>
			<report>
				<misses>9473001</misses>
				<total>15</total>
				<timestamp>2839.058571</timestamp>
			</report>
			<report>
				<misses>9474001</misses>
				<total>15</total>
				<timestamp>2839.358270</timestamp>
			</report>
			<report>
				<misses>9475001</misses>
				<total>15</total>
				<timestamp>2839.657982</timestamp>
			</report>
			<report>
				<misses>9476001</misses>
				<total>15</total>
				<timestamp>2839.957678</timestamp>
			</report>
			<report>
				<misses>9477001</misses>
				<total>15</total>
				<timestamp>2840.257378</timestamp>
			</report>
			<report>
				<misses>9478001</misses>
				<total>15</total>
				<timestamp>2840.557132</timestamp>
			</report>
			<report>
				<misses>9479001</misses>
				<total>15</total>
				<timestamp>2840.856794</timestamp>
			</report>
			<report>
				<misses>9480001</misses>
				<total>15</total>
				<timestamp>2841.156476</timestamp>
			</report>
			<report>
				<misses>9481001</misses>
				<total>15</total>
				<timestamp>2841.456254</timestamp>
			</report>
			<report>
				<misses>9482001</misses>
				<total>15</total>
				<timestamp>2841.755903</timestamp>
			</report>
			<report>
				<misses>9483001</misses>
				<total>15</total>
				<timestamp>2842.055581</timestamp>
			</report>
			<report>
				<misses>9484001</misses>
				<total>15</total>
				<timestamp>2842.355278</timestamp>
			</report>
			<report>
				<misses>9485001</misses>
				<total>15</total>
				<timestamp>2842.654983</timestamp>
			</report>
			<report>
				<misses>9486001</misses>
				<total>15</total>
				<timestamp>2842.954681</timestamp>
			</report>
			<report>
				<misses>9487001</misses>
				<total>15</total>
				<timestamp>2843.254386</timestamp>
			</report>
			<report>
				<misses>9488001</misses>
				<total>15</total>
				<timestamp>2843.554059</timestamp>
			</report>
			<report>
				<misses>9489001</misses>
				<total>15</total>
				<timestamp>2843.853804</timestamp>
			</report>
			<report>
				<misses>9490001</misses>
				<total>15</total>
				<timestamp>2844.153523</timestamp>
			</report>
			<report>
				<misses>9491001</misses>
				<total>15</total>
				<timestamp>2844.453173</timestamp>
			</report>
			<report>
				<misses>9492001</misses>
				<total>15</total>
				<timestamp>2844.752884</timestamp>
			</report>
			<report>
				<misses>9493001</misses>
				<total>15</total>
				<timestamp>2845.052560</timestamp>
			</report>
			<report>
				<misses>9494001</misses>
				<total>15</total>
				<timestamp>2845.352273</timestamp>
			</report>
			<report>
				<misses>9495001</misses>
				<total>15</total>
				<timestamp>2845.651994</timestamp>
			</report>
			<report>
				<misses>9496001</misses>
				<total>15</total>
				<timestamp>2845.951746</timestamp>
			</report>
			<report>
				<misses>9497001</misses>
				<total>15</total>
				<timestamp>2846.251376</timestamp>
			</report>
			<report>
				<misses>9498001</misses>
				<total>15</total>
				<timestamp>2846.551113</timestamp>
			</report>
			<report>
				<misses>9499001</misses>
				<total>14</total>
				<timestamp>2846.850890</timestamp>
			</report>
			<report>
				<misses>9500001</misses>
				<total>15</total>
				<timestamp>2847.150486</timestamp>
			</report>
			<report>
				<misses>9501001</misses>
				<total>15</total>
				<timestamp>2847.450166</timestamp>
			</report>
			<report>
				<misses>9502001</misses>
				<total>15</total>
				<timestamp>2847.749889</timestamp>
			</report>
			<report>
				<misses>9503001</misses>
				<total>15</total>
				<timestamp>2848.049583</timestamp>
			</report>
			<report>
				<misses>9504001</misses>
				<total>15</total>
				<timestamp>2848.349288</timestamp>
			</report>
			<report>
				<misses>9505001</misses>
				<total>15</total>
				<timestamp>2848.648978</timestamp>
			</report>
			<report>
				<misses>9506001</misses>
				<total>14</total>
				<timestamp>2848.948812</timestamp>
			</report>
			<report>
				<misses>9507001</misses>
				<total>15</total>
				<timestamp>2849.248364</timestamp>
			</report>
			<report>
				<misses>9508001</misses>
				<total>15</total>
				<timestamp>2849.548081</timestamp>
			</report>
			<report>
				<misses>9509001</misses>
				<total>15</total>
				<timestamp>2849.847867</timestamp>
			</report>
			<report>
				<misses>9510001</misses>
				<total>15</total>
				<timestamp>2850.147472</timestamp>
			</report>
			<report>
				<misses>9511001</misses>
				<total>15</total>
				<timestamp>2850.447171</timestamp>
			</report>
			<report>
				<misses>9512001</misses>
				<total>15</total>
				<timestamp>2850.746878</timestamp>
			</report>
			<report>
				<misses>9513001</misses>
				<total>15</total>
				<timestamp>2851.046584</timestamp>
			</report>
			<report>
				<misses>9514001</misses>
				<total>15</total>
				<timestamp>2851.346272</timestamp>
			</report>
			<report>
				<misses>9515001</misses>
				<total>15</total>
				<timestamp>2851.645996</timestamp>
			</report>
			<report>
				<misses>9516001</misses>
				<total>14</total>
				<timestamp>2851.945785</timestamp>
			</report>
			<report>
				<misses>9517001</misses>
				<total>15</total>
				<timestamp>2852.245380</timestamp>
			</report>
			<report>
				<misses>9518001</misses>
				<total>15</total>
				<timestamp>2852.545137</timestamp>
			</report>
			<report>
				<misses>9519001</misses>
				<total>15</total>
				<timestamp>2852.844803</timestamp>
			</report>
			<report>
				<misses>9520001</misses>
				<total>15</total>
				<timestamp>2853.144519</timestamp>
			</report>
			<report>
				<misses>9521001</misses>
				<total>15</total>
				<timestamp>2853.444168</timestamp>
			</report>
			<report>
				<misses>9522001</misses>
				<total>15</total>
				<timestamp>2853.743866</timestamp>
			</report>
			<report>
				<misses>9523001</misses>
				<total>15</total>
				<timestamp>2854.043573</timestamp>
			</report>
			<report>
				<misses>9524001</misses>
				<total>15</total>
				<timestamp>2854.343272</timestamp>
			</report>
			<report>
				<misses>9525001</misses>
				<total>15</total>
				<timestamp>2854.642998</timestamp>
			</report>
			<report>
				<misses>9526001</misses>
				<total>15</total>
				<timestamp>2854.942744</timestamp>
			</report>
			<report>
				<misses>9527001</misses>
				<total>15</total>
				<timestamp>2855.242385</timestamp>
			</report>
			<report>
				<misses>9528001</misses>
				<total>15</total>
				<timestamp>2855.542076</timestamp>
			</report>
			<report>
				<misses>9529001</misses>
				<total>15</total>
				<timestamp>2855.841861</timestamp>
			</report>
			<report>
				<misses>9530001</misses>
				<total>15</total>
				<timestamp>2856.141470</timestamp>
			</report>
			<report>
				<misses>9531001</misses>
				<total>15</total>
				<timestamp>2856.441176</timestamp>
			</report>
			<report>
				<misses>9532001</misses>
				<total>15</total>
				<timestamp>2856.740882</timestamp>
			</report>
			<report>
				<misses>9533001</misses>
				<total>15</total>
				<timestamp>2857.040580</timestamp>
			</report>
			<report>
				<misses>9534001</misses>
				<total>15</total>
				<timestamp>2857.340275</timestamp>
			</report>
			<report>
				<misses>9535001</misses>
				<total>15</total>
				<timestamp>2857.639987</timestamp>
			</report>
			<report>
				<misses>9536001</misses>
				<total>15</total>
				<timestamp>2857.939754</timestamp>
			</report>
			<report>
				<misses>9537001</misses>
				<total>14</total>
				<timestamp>2858.239466</timestamp>
			</report>
			<report>
				<misses>9538001</misses>
				<total>15</total>
				<timestamp>2858.539069</timestamp>
			</report>
			<report>
				<misses>9539001</misses>
				<total>15</total>
				<timestamp>2858.838852</timestamp>
			</report>
			<report>
				<misses>9540001</misses>
				<total>15</total>
				<timestamp>2859.138467</timestamp>
			</report>
			<report>
				<misses>9541001</misses>
				<total>15</total>
				<timestamp>2859.438163</timestamp>
			</report>
			<report>
				<misses>9542001</misses>
				<total>15</total>
				<timestamp>2859.737871</timestamp>
			</report>
			<report>
				<misses>9543001</misses>
				<total>15</total>
				<timestamp>2860.037660</timestamp>
			</report>
			<report>
				<misses>9544001</misses>
				<total>15</total>
				<timestamp>2860.337264</timestamp>
			</report>
			<report>
				<misses>9545001</misses>
				<total>15</total>
				<timestamp>2860.637033</timestamp>
			</report>
			<report>
				<misses>9546001</misses>
				<total>15</total>
				<timestamp>2860.936707</timestamp>
			</report>
			<report>
				<misses>9547001</misses>
				<total>15</total>
				<timestamp>2861.236368</timestamp>
			</report>
			<report>
				<misses>9548001</misses>
				<total>15</total>
				<timestamp>2861.536142</timestamp>
			</report>
			<report>
				<misses>9549001</misses>
				<total>15</total>
				<timestamp>2861.835817</timestamp>
			</report>
			<report>
				<misses>9550001</misses>
				<total>15</total>
				<timestamp>2862.135493</timestamp>
			</report>
			<report>
				<misses>9551001</misses>
				<total>15</total>
				<timestamp>2862.435183</timestamp>
			</report>
			<report>
				<misses>9552001</misses>
				<total>15</total>
				<timestamp>2862.734878</timestamp>
			</report>
			<report>
				<misses>9553001</misses>
				<total>15</total>
				<timestamp>2863.034679</timestamp>
			</report>
			<report>
				<misses>9554001</misses>
				<total>15</total>
				<timestamp>2863.334276</timestamp>
			</report>
			<report>
				<misses>9555001</misses>
				<total>15</total>
				<timestamp>2863.634004</timestamp>
			</report>
			<report>
				<misses>9556001</misses>
				<total>15</total>
				<timestamp>2863.933771</timestamp>
			</report>
			<report>
				<misses>9557001</misses>
				<total>15</total>
				<timestamp>2864.233373</timestamp>
			</report>
			<report>
				<misses>9558001</misses>
				<total>15</total>
				<timestamp>2864.533117</timestamp>
			</report>
			<report>
				<misses>9559001</misses>
				<total>15</total>
				<timestamp>2864.832841</timestamp>
			</report>
			<report>
				<misses>9560001</misses>
				<total>15</total>
				<timestamp>2865.132540</timestamp>
			</report>
			<report>
				<misses>9561001</misses>
				<total>15</total>
				<timestamp>2865.432194</timestamp>
			</report>
			<report>
				<misses>9562001</misses>
				<total>15</total>
				<timestamp>2865.731886</timestamp>
			</report>
			<report>
				<misses>9563001</misses>
				<total>15</total>
				<timestamp>2866.031599</timestamp>
			</report>
			<report>
				<misses>9564001</misses>
				<total>15</total>
				<timestamp>2866.331281</timestamp>
			</report>
			<report>
				<misses>9565001</misses>
				<total>15</total>
				<timestamp>2866.630981</timestamp>
			</report>
			<report>
				<misses>9566001</misses>
				<total>14</total>
				<timestamp>2866.930819</timestamp>
			</report>
			<report>
				<misses>9567001</misses>
				<total>15</total>
				<timestamp>2867.230367</timestamp>
			</report>
			<report>
				<misses>9568001</misses>
				<total>15</total>
				<timestamp>2867.530094</timestamp>
			</report>
			<report>
				<misses>9569001</misses>
				<total>15</total>
				<timestamp>2867.829795</timestamp>
			</report>
			<report>
				<misses>9570001</misses>
				<total>15</total>
				<timestamp>2868.129492</timestamp>
			</report>
			<report>
				<misses>9571001</misses>
				<total>15</total>
				<timestamp>2868.429174</timestamp>
			</report>
			<report>
				<misses>9572001</misses>
				<total>15</total>
				<timestamp>2868.728935</timestamp>
			</report>
			<report>
				<misses>9573001</misses>
				<total>15</total>
				<timestamp>2869.028563</timestamp>
			</report>
			<report>
				<misses>9574001</misses>
				<total>15</total>
				<timestamp>2869.328297</timestamp>
			</report>
			<report>
				<misses>9575001</misses>
				<total>15</total>
				<timestamp>2869.628004</timestamp>
			</report>
			<report>
				<misses>9576001</misses>
				<total>15</total>
				<timestamp>2869.927748</timestamp>
			</report>
			<report>
				<misses>9577001</misses>
				<total>15</total>
				<timestamp>2870.227378</timestamp>
			</report>
			<report>
				<misses>9578001</misses>
				<total>15</total>
				<timestamp>2870.527096</timestamp>
			</report>
			<report>
				<misses>9579001</misses>
				<total>14</total>
				<timestamp>2870.826896</timestamp>
			</report>
			<report>
				<misses>9580001</misses>
				<total>15</total>
				<timestamp>2871.126460</timestamp>
			</report>
			<report>
				<misses>9581001</misses>
				<total>15</total>
				<timestamp>2871.426181</timestamp>
			</report>
			<report>
				<misses>9582001</misses>
				<total>15</total>
				<timestamp>2871.725869</timestamp>
			</report>
			<report>
				<misses>9583001</misses>
				<total>15</total>
				<timestamp>2872.025640</timestamp>
			</report>
			<report>
				<misses>9584001</misses>
				<total>15</total>
				<timestamp>2872.325265</timestamp>
			</report>
			<report>
				<misses>9585001</misses>
				<total>15</total>
				<timestamp>2872.625028</timestamp>
			</report>
			<report>
				<misses>9586001</misses>
				<total>15</total>
				<timestamp>2872.924713</timestamp>
			</report>
			<report>
				<misses>9587001</misses>
				<total>15</total>
				<timestamp>2873.224363</timestamp>
			</report>
			<report>
				<misses>9588001</misses>
				<total>15</total>
				<timestamp>2873.524090</timestamp>
			</report>
			<report>
				<misses>9589001</misses>
				<total>15</total>
				<timestamp>2873.823836</timestamp>
			</report>
			<report>
				<misses>9590001</misses>
				<total>15</total>
				<timestamp>2874.123469</timestamp>
			</report>
			<report>
				<misses>9591001</misses>
				<total>15</total>
				<timestamp>2874.423193</timestamp>
			</report>
			<report>
				<misses>9592001</misses>
				<total>15</total>
				<timestamp>2874.722868</timestamp>
			</report>
			<report>
				<misses>9593001</misses>
				<total>15</total>
				<timestamp>2875.022653</timestamp>
			</report>
			<report>
				<misses>9594001</misses>
				<total>15</total>
				<timestamp>2875.322264</timestamp>
			</report>
			<report>
				<misses>9595001</misses>
				<total>15</total>
				<timestamp>2875.621999</timestamp>
			</report>
			<report>
				<misses>9596001</misses>
				<total>15</total>
				<timestamp>2875.921738</timestamp>
			</report>
			<report>
				<misses>9597001</misses>
				<total>15</total>
				<timestamp>2876.221373</timestamp>
			</report>
			<report>
				<misses>9598001</misses>
				<total>15</total>
				<timestamp>2876.521096</timestamp>
			</report>
			<report>
				<misses>9599001</misses>
				<total>15</total>
				<timestamp>2876.820758</timestamp>
			</report>
			<report>
				<misses>9600001</misses>
				<total>15</total>
				<timestamp>2877.120481</timestamp>
			</report>
			<report>
				<misses>9601001</misses>
				<total>15</total>
				<timestamp>2877.420177</timestamp>
			</report>
			<report>
				<misses>9602001</misses>
				<total>15</total>
				<timestamp>2877.719925</timestamp>
			</report>
			<report>
				<misses>9603001</misses>
				<total>15</total>
				<timestamp>2878.019590</timestamp>
			</report>
			<report>
				<misses>9604001</misses>
				<total>15</total>
				<timestamp>2878.319277</timestamp>
			</report>
			<report>
				<misses>9605001</misses>
				<total>15</total>
				<timestamp>2878.618984</timestamp>
			</report>
			<report>
				<misses>9606001</misses>
				<total>15</total>
				<timestamp>2878.918738</timestamp>
			</report>
			<report>
				<misses>9607001</misses>
				<total>15</total>
				<timestamp>2879.218376</timestamp>
			</report>
			<report>
				<misses>9608001</misses>
				<total>15</total>
				<timestamp>2879.518113</timestamp>
			</report>
			<report>
				<misses>9609001</misses>
				<total>15</total>
				<timestamp>2879.817789</timestamp>
			</report>
			<report>
				<misses>9610001</misses>
				<total>15</total>
				<timestamp>2880.117470</timestamp>
			</report>
			<report>
				<misses>9611001</misses>
				<total>15</total>
				<timestamp>2880.417179</timestamp>
			</report>
			<report>
				<misses>9612001</misses>
				<total>15</total>
				<timestamp>2880.716881</timestamp>
			</report>
			<report>
				<misses>9613001</misses>
				<total>15</total>
				<timestamp>2881.016572</timestamp>
			</report>
			<report>
				<misses>9614001</misses>
				<total>15</total>
				<timestamp>2881.316282</timestamp>
			</report>
			<report>
				<misses>9615001</misses>
				<total>15</total>
				<timestamp>2881.615987</timestamp>
			</report>
			<report>
				<misses>9616001</misses>
				<total>15</total>
				<timestamp>2881.915713</timestamp>
			</report>
			<report>
				<misses>9617001</misses>
				<total>15</total>
				<timestamp>2882.215382</timestamp>
			</report>
			<report>
				<misses>9618001</misses>
				<total>15</total>
				<timestamp>2882.515077</timestamp>
			</report>
			<report>
				<misses>9619001</misses>
				<total>15</total>
				<timestamp>2882.814767</timestamp>
			</report>
			<report>
				<misses>9620001</misses>
				<total>15</total>
				<timestamp>2883.114568</timestamp>
			</report>
			<report>
				<misses>9621001</misses>
				<total>15</total>
				<timestamp>2883.414176</timestamp>
			</report>
			<report>
				<misses>9622001</misses>
				<total>14</total>
				<timestamp>2883.713975</timestamp>
			</report>
			<report>
				<misses>9623001</misses>
				<total>15</total>
				<timestamp>2884.013655</timestamp>
			</report>
			<report>
				<misses>9624001</misses>
				<total>15</total>
				<timestamp>2884.313292</timestamp>
			</report>
			<report>
				<misses>9625001</misses>
				<total>15</total>
				<timestamp>2884.612988</timestamp>
			</report>
			<report>
				<misses>9626001</misses>
				<total>15</total>
				<timestamp>2884.912743</timestamp>
			</report>
			<report>
				<misses>9627001</misses>
				<total>15</total>
				<timestamp>2885.212372</timestamp>
			</report>
			<report>
				<misses>9628001</misses>
				<total>15</total>
				<timestamp>2885.512073</timestamp>
			</report>
			<report>
				<misses>9629001</misses>
				<total>15</total>
				<timestamp>2885.811767</timestamp>
			</report>
			<report>
				<misses>9630001</misses>
				<total>15</total>
				<timestamp>2886.111502</timestamp>
			</report>
			<report>
				<misses>9631001</misses>
				<total>15</total>
				<timestamp>2886.411167</timestamp>
			</report>
			<report>
				<misses>9632001</misses>
				<total>15</total>
				<timestamp>2886.710952</timestamp>
			</report>
			<report>
				<misses>9633001</misses>
				<total>15</total>
				<timestamp>2887.010663</timestamp>
			</report>
			<report>
				<misses>9634001</misses>
				<total>15</total>
				<timestamp>2887.310273</timestamp>
			</report>
			<report>
				<misses>9635001</misses>
				<total>15</total>
				<timestamp>2887.610017</timestamp>
			</report>
			<report>
				<misses>9636001</misses>
				<total>15</total>
				<timestamp>2887.909742</timestamp>
			</report>
			<report>
				<misses>9637001</misses>
				<total>15</total>
				<timestamp>2888.209361</timestamp>
			</report>
			<report>
				<misses>9638001</misses>
				<total>15</total>
				<timestamp>2888.509075</timestamp>
			</report>
			<report>
				<misses>9639001</misses>
				<total>15</total>
				<timestamp>2888.808823</timestamp>
			</report>
			<report>
				<misses>9640001</misses>
				<total>15</total>
				<timestamp>2889.108477</timestamp>
			</report>
			<report>
				<misses>9641001</misses>
				<total>15</total>
				<timestamp>2889.408198</timestamp>
			</report>
			<report>
				<misses>9642001</misses>
				<total>15</total>
				<timestamp>2889.707919</timestamp>
			</report>
			<report>
				<misses>9643001</misses>
				<total>15</total>
				<timestamp>2890.007591</timestamp>
			</report>
			<report>
				<misses>9644001</misses>
				<total>15</total>
				<timestamp>2890.307267</timestamp>
			</report>
			<report>
				<misses>9645001</misses>
				<total>15</total>
				<timestamp>2890.607065</timestamp>
			</report>
			<report>
				<misses>9646001</misses>
				<total>15</total>
				<timestamp>2890.906721</timestamp>
			</report>
			<report>
				<misses>9647001</misses>
				<total>15</total>
				<timestamp>2891.206365</timestamp>
			</report>
			<report>
				<misses>9648001</misses>
				<total>15</total>
				<timestamp>2891.506090</timestamp>
			</report>
			<report>
				<misses>9649001</misses>
				<total>15</total>
				<timestamp>2891.805776</timestamp>
			</report>
			<report>
				<misses>9650001</misses>
				<total>15</total>
				<timestamp>2892.105541</timestamp>
			</report>
			<report>
				<misses>9651001</misses>
				<total>15</total>
				<timestamp>2892.405170</timestamp>
			</report>
			<report>
				<misses>9652001</misses>
				<total>15</total>
				<timestamp>2892.704880</timestamp>
			</report>
			<report>
				<misses>9653001</misses>
				<total>15</total>
				<timestamp>2893.004571</timestamp>
			</report>
			<report>
				<misses>9654001</misses>
				<total>15</total>
				<timestamp>2893.304269</timestamp>
			</report>
			<report>
				<misses>9655001</misses>
				<total>15</total>
				<timestamp>2893.603990</timestamp>
			</report>
			<report>
				<misses>9656001</misses>
				<total>15</total>
				<timestamp>2893.903667</timestamp>
			</report>
			<report>
				<misses>9657001</misses>
				<total>15</total>
				<timestamp>2894.203415</timestamp>
			</report>
			<report>
				<misses>9658001</misses>
				<total>15</total>
				<timestamp>2894.503071</timestamp>
			</report>
			<report>
				<misses>9659001</misses>
				<total>15</total>
				<timestamp>2894.802773</timestamp>
			</report>
			<report>
				<misses>9660001</misses>
				<total>15</total>
				<timestamp>2895.102498</timestamp>
			</report>
			<report>
				<misses>9661001</misses>
				<total>15</total>
				<timestamp>2895.402170</timestamp>
			</report>
			<report>
				<misses>9662001</misses>
				<total>15</total>
				<timestamp>2895.701889</timestamp>
			</report>
			<report>
				<misses>9663001</misses>
				<total>15</total>
				<timestamp>2896.001651</timestamp>
			</report>
			<report>
				<misses>9664001</misses>
				<total>15</total>
				<timestamp>2896.301279</timestamp>
			</report>
			<report>
				<misses>9665001</misses>
				<total>15</total>
				<timestamp>2896.601002</timestamp>
			</report>
			<report>
				<misses>9666001</misses>
				<total>15</total>
				<timestamp>2896.900678</timestamp>
			</report>
			<report>
				<misses>9667001</misses>
				<total>15</total>
				<timestamp>2897.200368</timestamp>
			</report>
			<report>
				<misses>9668001</misses>
				<total>15</total>
				<timestamp>2897.500059</timestamp>
			</report>
			<report>
				<misses>9669001</misses>
				<total>15</total>
				<timestamp>2897.799846</timestamp>
			</report>
			<report>
				<misses>9670001</misses>
				<total>15</total>
				<timestamp>2898.099499</timestamp>
			</report>
			<report>
				<misses>9671001</misses>
				<total>15</total>
				<timestamp>2898.399175</timestamp>
			</report>
			<report>
				<misses>9672001</misses>
				<total>15</total>
				<timestamp>2898.698871</timestamp>
			</report>
			<report>
				<misses>9673001</misses>
				<total>15</total>
				<timestamp>2898.998616</timestamp>
			</report>
			<report>
				<misses>9674001</misses>
				<total>15</total>
				<timestamp>2899.298284</timestamp>
			</report>
			<report>
				<misses>9675001</misses>
				<total>15</total>
				<timestamp>2899.598032</timestamp>
			</report>
			<report>
				<misses>9676001</misses>
				<total>15</total>
				<timestamp>2899.897671</timestamp>
			</report>
			<report>
				<misses>9677001</misses>
				<total>15</total>
				<timestamp>2900.197443</timestamp>
			</report>
			<report>
				<misses>9678001</misses>
				<total>15</total>
				<timestamp>2900.497070</timestamp>
			</report>
			<report>
				<misses>9679001</misses>
				<total>15</total>
				<timestamp>2900.796769</timestamp>
			</report>
			<report>
				<misses>9680001</misses>
				<total>15</total>
				<timestamp>2901.096474</timestamp>
			</report>
			<report>
				<misses>9681001</misses>
				<total>15</total>
				<timestamp>2901.396167</timestamp>
			</report>
			<report>
				<misses>9682001</misses>
				<total>15</total>
				<timestamp>2901.695884</timestamp>
			</report>
			<report>
				<misses>9683001</misses>
				<total>15</total>
				<timestamp>2901.995575</timestamp>
			</report>
			<report>
				<misses>9684001</misses>
				<total>15</total>
				<timestamp>2902.295269</timestamp>
			</report>
			<report>
				<misses>9685001</misses>
				<total>15</total>
				<timestamp>2902.594993</timestamp>
			</report>
			<report>
				<misses>9686001</misses>
				<total>15</total>
				<timestamp>2902.894675</timestamp>
			</report>
			<report>
				<misses>9687001</misses>
				<total>15</total>
				<timestamp>2903.194427</timestamp>
			</report>
			<report>
				<misses>9688001</misses>
				<total>15</total>
				<timestamp>2903.494104</timestamp>
			</report>
			<report>
				<misses>9689001</misses>
				<total>15</total>
				<timestamp>2903.793812</timestamp>
			</report>
			<report>
				<misses>9690001</misses>
				<total>15</total>
				<timestamp>2904.093535</timestamp>
			</report>
			<report>
				<misses>9691001</misses>
				<total>15</total>
				<timestamp>2904.393192</timestamp>
			</report>
			<report>
				<misses>9692001</misses>
				<total>15</total>
				<timestamp>2904.692877</timestamp>
			</report>
			<report>
				<misses>9693001</misses>
				<total>15</total>
				<timestamp>2904.992595</timestamp>
			</report>
			<report>
				<misses>9694001</misses>
				<total>15</total>
				<timestamp>2905.292267</timestamp>
			</report>
			<report>
				<misses>9695001</misses>
				<total>15</total>
				<timestamp>2905.592010</timestamp>
			</report>
			<report>
				<misses>9696001</misses>
				<total>15</total>
				<timestamp>2905.891668</timestamp>
			</report>
			<report>
				<misses>9697001</misses>
				<total>15</total>
				<timestamp>2906.191383</timestamp>
			</report>
			<report>
				<misses>9698001</misses>
				<total>15</total>
				<timestamp>2906.491109</timestamp>
			</report>
			<report>
				<misses>9699001</misses>
				<total>15</total>
				<timestamp>2906.790782</timestamp>
			</report>
			<report>
				<misses>9700001</misses>
				<total>15</total>
				<timestamp>2907.090546</timestamp>
			</report>
			<report>
				<misses>9701001</misses>
				<total>15</total>
				<timestamp>2907.390177</timestamp>
			</report>
			<report>
				<misses>9702001</misses>
				<total>15</total>
				<timestamp>2907.689868</timestamp>
			</report>
			<report>
				<misses>9703001</misses>
				<total>15</total>
				<timestamp>2907.989592</timestamp>
			</report>
			<report>
				<misses>9704001</misses>
				<total>15</total>
				<timestamp>2908.289347</timestamp>
			</report>
			<report>
				<misses>9705001</misses>
				<total>15</total>
				<timestamp>2908.588984</timestamp>
			</report>
			<report>
				<misses>9706001</misses>
				<total>15</total>
				<timestamp>2908.888720</timestamp>
			</report>
			<report>
				<misses>9707001</misses>
				<total>15</total>
				<timestamp>2909.188439</timestamp>
			</report>
			<report>
				<misses>9708001</misses>
				<total>15</total>
				<timestamp>2909.488072</timestamp>
			</report>
			<report>
				<misses>9709001</misses>
				<total>15</total>
				<timestamp>2909.787775</timestamp>
			</report>
			<report>
				<misses>9710001</misses>
				<total>15</total>
				<timestamp>2910.087477</timestamp>
			</report>
			<report>
				<misses>9711001</misses>
				<total>15</total>
				<timestamp>2910.387184</timestamp>
			</report>
			<report>
				<misses>9712001</misses>
				<total>15</total>
				<timestamp>2910.686875</timestamp>
			</report>
			<report>
				<misses>9713001</misses>
				<total>15</total>
				<timestamp>2910.986581</timestamp>
			</report>
			<report>
				<misses>9714001</misses>
				<total>15</total>
				<timestamp>2911.286282</timestamp>
			</report>
			<report>
				<misses>9715001</misses>
				<total>15</total>
				<timestamp>2911.585992</timestamp>
			</report>
			<report>
				<misses>9716001</misses>
				<total>15</total>
				<timestamp>2911.885663</timestamp>
			</report>
			<report>
				<misses>9717001</misses>
				<total>15</total>
				<timestamp>2912.185384</timestamp>
			</report>
			<report>
				<misses>9718001</misses>
				<total>15</total>
				<timestamp>2912.485122</timestamp>
			</report>
			<report>
				<misses>9719001</misses>
				<total>15</total>
				<timestamp>2912.784784</timestamp>
			</report>
			<report>
				<misses>9720001</misses>
				<total>15</total>
				<timestamp>2913.084523</timestamp>
			</report>
			<report>
				<misses>9721001</misses>
				<total>15</total>
				<timestamp>2913.384249</timestamp>
			</report>
			<report>
				<misses>9722001</misses>
				<total>15</total>
				<timestamp>2913.683869</timestamp>
			</report>
			<report>
				<misses>9723001</misses>
				<total>15</total>
				<timestamp>2913.983575</timestamp>
			</report>
			<report>
				<misses>9724001</misses>
				<total>15</total>
				<timestamp>2914.283323</timestamp>
			</report>
			<report>
				<misses>9725001</misses>
				<total>15</total>
				<timestamp>2914.582993</timestamp>
			</report>
			<report>
				<misses>9726001</misses>
				<total>15</total>
				<timestamp>2914.882679</timestamp>
			</report>
			<report>
				<misses>9727001</misses>
				<total>15</total>
				<timestamp>2915.182391</timestamp>
			</report>
			<report>
				<misses>9728001</misses>
				<total>15</total>
				<timestamp>2915.482085</timestamp>
			</report>
			<report>
				<misses>9729001</misses>
				<total>15</total>
				<timestamp>2915.781773</timestamp>
			</report>
			<report>
				<misses>9730001</misses>
				<total>15</total>
				<timestamp>2916.081540</timestamp>
			</report>
			<report>
				<misses>9731001</misses>
				<total>15</total>
				<timestamp>2916.381174</timestamp>
			</report>
			<report>
				<misses>9732001</misses>
				<total>15</total>
				<timestamp>2916.680883</timestamp>
			</report>
			<report>
				<misses>9733001</misses>
				<total>15</total>
				<timestamp>2916.980579</timestamp>
			</report>
			<report>
				<misses>9734001</misses>
				<total>15</total>
				<timestamp>2917.280267</timestamp>
			</report>
			<report>
				<misses>9735001</misses>
				<total>15</total>
				<timestamp>2917.579974</timestamp>
			</report>
			<report>
				<misses>9736001</misses>
				<total>15</total>
				<timestamp>2917.879694</timestamp>
			</report>
			<report>
				<misses>9737001</misses>
				<total>14</total>
				<timestamp>2918.179466</timestamp>
			</report>
			<report>
				<misses>9738001</misses>
				<total>15</total>
				<timestamp>2918.479080</timestamp>
			</report>
			<report>
				<misses>9739001</misses>
				<total>15</total>
				<timestamp>2918.778767</timestamp>
			</report>
			<report>
				<misses>9740001</misses>
				<total>15</total>
				<timestamp>2919.078482</timestamp>
			</report>
			<report>
				<misses>9741001</misses>
				<total>15</total>
				<timestamp>2919.378169</timestamp>
			</report>
			<report>
				<misses>9742001</misses>
				<total>15</total>
				<timestamp>2919.677882</timestamp>
			</report>
			<report>
				<misses>9743001</misses>
				<total>15</total>
				<timestamp>2919.977560</timestamp>
			</report>
			<report>
				<misses>9744001</misses>
				<total>15</total>
				<timestamp>2920.277328</timestamp>
			</report>
			<report>
				<misses>9745001</misses>
				<total>15</total>
				<timestamp>2920.576988</timestamp>
			</report>
			<report>
				<misses>9746001</misses>
				<total>15</total>
				<timestamp>2920.876672</timestamp>
			</report>
			<report>
				<misses>9747001</misses>
				<total>15</total>
				<timestamp>2921.176392</timestamp>
			</report>
			<report>
				<misses>9748001</misses>
				<total>15</total>
				<timestamp>2921.476062</timestamp>
			</report>
			<report>
				<misses>9749001</misses>
				<total>15</total>
				<timestamp>2921.775823</timestamp>
			</report>
			<report>
				<misses>9750001</misses>
				<total>15</total>
				<timestamp>2922.075545</timestamp>
			</report>
			<report>
				<misses>9751001</misses>
				<total>15</total>
				<timestamp>2922.375197</timestamp>
			</report>
			<report>
				<misses>9752001</misses>
				<total>15</total>
				<timestamp>2922.674887</timestamp>
			</report>
			<report>
				<misses>9753001</misses>
				<total>15</total>
				<timestamp>2922.974574</timestamp>
			</report>
			<report>
				<misses>9754001</misses>
				<total>15</total>
				<timestamp>2923.274281</timestamp>
			</report>
			<report>
				<misses>9755001</misses>
				<total>15</total>
				<timestamp>2923.574022</timestamp>
			</report>
			<report>
				<misses>9756001</misses>
				<total>14</total>
				<timestamp>2923.873764</timestamp>
			</report>
			<report>
				<misses>9757001</misses>
				<total>15</total>
				<timestamp>2924.173403</timestamp>
			</report>
			<report>
				<misses>9758001</misses>
				<total>15</total>
				<timestamp>2924.473097</timestamp>
			</report>
			<report>
				<misses>9759001</misses>
				<total>15</total>
				<timestamp>2924.772771</timestamp>
			</report>
			<report>
				<misses>9760001</misses>
				<total>15</total>
				<timestamp>2925.072461</timestamp>
			</report>
			<report>
				<misses>9761001</misses>
				<total>14</total>
				<timestamp>2925.372272</timestamp>
			</report>
			<report>
				<misses>9762001</misses>
				<total>15</total>
				<timestamp>2925.671882</timestamp>
			</report>
			<report>
				<misses>9763001</misses>
				<total>15</total>
				<timestamp>2925.971638</timestamp>
			</report>
			<report>
				<misses>9764001</misses>
				<total>15</total>
				<timestamp>2926.271296</timestamp>
			</report>
			<report>
				<misses>9765001</misses>
				<total>15</total>
				<timestamp>2926.570994</timestamp>
			</report>
			<report>
				<misses>9766001</misses>
				<total>14</total>
				<timestamp>2926.870810</timestamp>
			</report>
			<report>
				<misses>9767001</misses>
				<total>15</total>
				<timestamp>2927.170434</timestamp>
			</report>
			<report>
				<misses>9768001</misses>
				<total>15</total>
				<timestamp>2927.470069</timestamp>
			</report>
			<report>
				<misses>9769001</misses>
				<total>15</total>
				<timestamp>2927.769764</timestamp>
			</report>
			<report>
				<misses>9770001</misses>
				<total>15</total>
				<timestamp>2928.069482</timestamp>
			</report>
			<report>
				<misses>9771001</misses>
				<total>15</total>
				<timestamp>2928.369180</timestamp>
			</report>
			<report>
				<misses>9772001</misses>
				<total>15</total>
				<timestamp>2928.668929</timestamp>
			</report>
			<report>
				<misses>9773001</misses>
				<total>15</total>
				<timestamp>2928.968566</timestamp>
			</report>
			<report>
				<misses>9774001</misses>
				<total>15</total>
				<timestamp>2929.268338</timestamp>
			</report>
			<report>
				<misses>9775001</misses>
				<total>15</total>
				<timestamp>2929.568004</timestamp>
			</report>
			<report>
				<misses>9776001</misses>
				<total>15</total>
				<timestamp>2929.867661</timestamp>
			</report>
			<report>
				<misses>9777001</misses>
				<total>15</total>
				<timestamp>2930.167399</timestamp>
			</report>
			<report>
				<misses>9778001</misses>
				<total>15</total>
				<timestamp>2930.467068</timestamp>
			</report>
			<report>
				<misses>9779001</misses>
				<total>15</total>
				<timestamp>2930.766809</timestamp>
			</report>
			<report>
				<misses>9780001</misses>
				<total>15</total>
				<timestamp>2931.066482</timestamp>
			</report>
			<report>
				<misses>9781001</misses>
				<total>15</total>
				<timestamp>2931.366173</timestamp>
			</report>
			<report>
				<misses>9782001</misses>
				<total>15</total>
				<timestamp>2931.665925</timestamp>
			</report>
			<report>
				<misses>9783001</misses>
				<total>14</total>
				<timestamp>2931.965675</timestamp>
			</report>
			<report>
				<misses>9784001</misses>
				<total>15</total>
				<timestamp>2932.265376</timestamp>
			</report>
			<report>
				<misses>9785001</misses>
				<total>15</total>
				<timestamp>2932.564996</timestamp>
			</report>
			<report>
				<misses>9786001</misses>
				<total>15</total>
				<timestamp>2932.864676</timestamp>
			</report>
			<report>
				<misses>9787001</misses>
				<total>15</total>
				<timestamp>2933.164371</timestamp>
			</report>
			<report>
				<misses>9788001</misses>
				<total>15</total>
				<timestamp>2933.464198</timestamp>
			</report>
			<report>
				<misses>9789001</misses>
				<total>15</total>
				<timestamp>2933.763825</timestamp>
			</report>
			<report>
				<misses>9790001</misses>
				<total>15</total>
				<timestamp>2934.063487</timestamp>
			</report>
			<report>
				<misses>9791001</misses>
				<total>15</total>
				<timestamp>2934.363185</timestamp>
			</report>
			<report>
				<misses>9792001</misses>
				<total>15</total>
				<timestamp>2934.662895</timestamp>
			</report>
			<report>
				<misses>9793001</misses>
				<total>15</total>
				<timestamp>2934.962576</timestamp>
			</report>
			<report>
				<misses>9794001</misses>
				<total>14</total>
				<timestamp>2935.262378</timestamp>
			</report>
			<report>
				<misses>9795001</misses>
				<total>15</total>
				<timestamp>2935.561986</timestamp>
			</report>
			<report>
				<misses>9796001</misses>
				<total>15</total>
				<timestamp>2935.861691</timestamp>
			</report>
			<report>
				<misses>9797001</misses>
				<total>15</total>
				<timestamp>2936.161387</timestamp>
			</report>
			<report>
				<misses>9798001</misses>
				<total>15</total>
				<timestamp>2936.461090</timestamp>
			</report>
			<report>
				<misses>9799001</misses>
				<total>15</total>
				<timestamp>2936.760847</timestamp>
			</report>
			<report>
				<misses>9800001</misses>
				<total>15</total>
				<timestamp>2937.060476</timestamp>
			</report>
			<report>
				<misses>9801001</misses>
				<total>15</total>
				<timestamp>2937.360226</timestamp>
			</report>
			<report>
				<misses>9802001</misses>
				<total>15</total>
				<timestamp>2937.659874</timestamp>
			</report>
			<report>
				<misses>9803001</misses>
				<total>15</total>
				<timestamp>2937.959621</timestamp>
			</report>
			<report>
				<misses>9804001</misses>
				<total>14</total>
				<timestamp>2938.259395</timestamp>
			</report>
			<report>
				<misses>9805001</misses>
				<total>15</total>
				<timestamp>2938.559006</timestamp>
			</report>
			<report>
				<misses>9806001</misses>
				<total>15</total>
				<timestamp>2938.858681</timestamp>
			</report>
			<report>
				<misses>9807001</misses>
				<total>15</total>
				<timestamp>2939.158374</timestamp>
			</report>
			<report>
				<misses>9808001</misses>
				<total>15</total>
				<timestamp>2939.458100</timestamp>
			</report>
			<report>
				<misses>9809001</misses>
				<total>15</total>
				<timestamp>2939.757852</timestamp>
			</report>
			<report>
				<misses>9810001</misses>
				<total>15</total>
				<timestamp>2940.057485</timestamp>
			</report>
			<report>
				<misses>9811001</misses>
				<total>15</total>
				<timestamp>2940.357177</timestamp>
			</report>
			<report>
				<misses>9812001</misses>
				<total>14</total>
				<timestamp>2940.657004</timestamp>
			</report>
			<report>
				<misses>9813001</misses>
				<total>15</total>
				<timestamp>2940.956558</timestamp>
			</report>
			<report>
				<misses>9814001</misses>
				<total>15</total>
				<timestamp>2941.256304</timestamp>
			</report>
			<report>
				<misses>9815001</misses>
				<total>15</total>
				<timestamp>2941.556006</timestamp>
			</report>
			<report>
				<misses>9816001</misses>
				<total>15</total>
				<timestamp>2941.855737</timestamp>
			</report>
			<report>
				<misses>9817001</misses>
				<total>15</total>
				<timestamp>2942.155428</timestamp>
			</report>
			<report>
				<misses>9818001</misses>
				<total>15</total>
				<timestamp>2942.455086</timestamp>
			</report>
			<report>
				<misses>9819001</misses>
				<total>15</total>
				<timestamp>2942.754766</timestamp>
			</report>
			<report>
				<misses>9820001</misses>
				<total>15</total>
				<timestamp>2943.054467</timestamp>
			</report>
			<report>
				<misses>9821001</misses>
				<total>15</total>
				<timestamp>2943.354196</timestamp>
			</report>
			<report>
				<misses>9822001</misses>
				<total>15</total>
				<timestamp>2943.653872</timestamp>
			</report>
			<report>
				<misses>9823001</misses>
				<total>15</total>
				<timestamp>2943.953577</timestamp>
			</report>
			<report>
				<misses>9824001</misses>
				<total>14</total>
				<timestamp>2944.253383</timestamp>
			</report>
			<report>
				<misses>9825001</misses>
				<total>15</total>
				<timestamp>2944.552998</timestamp>
			</report>
			<report>
				<misses>9826001</misses>
				<total>15</total>
				<timestamp>2944.852713</timestamp>
			</report>
			<report>
				<misses>9827001</misses>
				<total>15</total>
				<timestamp>2945.152368</timestamp>
			</report>
			<report>
				<misses>9828001</misses>
				<total>15</total>
				<timestamp>2945.452083</timestamp>
			</report>
			<report>
				<misses>9829001</misses>
				<total>15</total>
				<timestamp>2945.751771</timestamp>
			</report>
			<report>
				<misses>9830001</misses>
				<total>15</total>
				<timestamp>2946.051464</timestamp>
			</report>
			<report>
				<misses>9831001</misses>
				<total>15</total>
				<timestamp>2946.351197</timestamp>
			</report>
			<report>
				<misses>9832001</misses>
				<total>15</total>
				<timestamp>2946.650873</timestamp>
			</report>
			<report>
				<misses>9833001</misses>
				<total>15</total>
				<timestamp>2946.950567</timestamp>
			</report>
			<report>
				<misses>9834001</misses>
				<total>15</total>
				<timestamp>2947.250306</timestamp>
			</report>
			<report>
				<misses>9835001</misses>
				<total>15</total>
				<timestamp>2947.550013</timestamp>
			</report>
			<report>
				<misses>9836001</misses>
				<total>15</total>
				<timestamp>2947.849668</timestamp>
			</report>
			<report>
				<misses>9837001</misses>
				<total>15</total>
				<timestamp>2948.149364</timestamp>
			</report>
			<report>
				<misses>9838001</misses>
				<total>15</total>
				<timestamp>2948.449073</timestamp>
			</report>
			<report>
				<misses>9839001</misses>
				<total>15</total>
				<timestamp>2948.748773</timestamp>
			</report>
			<report>
				<misses>9840001</misses>
				<total>15</total>
				<timestamp>2949.048477</timestamp>
			</report>
			<report>
				<misses>9841001</misses>
				<total>15</total>
				<timestamp>2949.348233</timestamp>
			</report>
			<report>
				<misses>9842001</misses>
				<total>15</total>
				<timestamp>2949.647872</timestamp>
			</report>
			<report>
				<misses>9843001</misses>
				<total>15</total>
				<timestamp>2949.947570</timestamp>
			</report>
			<report>
				<misses>9844001</misses>
				<total>15</total>
				<timestamp>2950.247272</timestamp>
			</report>
			<report>
				<misses>9845001</misses>
				<total>15</total>
				<timestamp>2950.547110</timestamp>
			</report>
			<report>
				<misses>9846001</misses>
				<total>15</total>
				<timestamp>2950.846743</timestamp>
			</report>
			<report>
				<misses>9847001</misses>
				<total>15</total>
				<timestamp>2951.146375</timestamp>
			</report>
			<report>
				<misses>9848001</misses>
				<total>15</total>
				<timestamp>2951.446122</timestamp>
			</report>
			<report>
				<misses>9849001</misses>
				<total>15</total>
				<timestamp>2951.745778</timestamp>
			</report>
			<report>
				<misses>9850001</misses>
				<total>14</total>
				<timestamp>2952.045570</timestamp>
			</report>
			<report>
				<misses>9851001</misses>
				<total>15</total>
				<timestamp>2952.345279</timestamp>
			</report>
			<report>
				<misses>9852001</misses>
				<total>15</total>
				<timestamp>2952.644899</timestamp>
			</report>
			<report>
				<misses>9853001</misses>
				<total>15</total>
				<timestamp>2952.944572</timestamp>
			</report>
			<report>
				<misses>9854001</misses>
				<total>15</total>
				<timestamp>2953.244283</timestamp>
			</report>
			<report>
				<misses>9855001</misses>
				<total>15</total>
				<timestamp>2953.544012</timestamp>
			</report>
			<report>
				<misses>9856001</misses>
				<total>15</total>
				<timestamp>2953.843672</timestamp>
			</report>
			<report>
				<misses>9857001</misses>
				<total>15</total>
				<timestamp>2954.143422</timestamp>
			</report>
			<report>
				<misses>9858001</misses>
				<total>15</total>
				<timestamp>2954.443162</timestamp>
			</report>
			<report>
				<misses>9859001</misses>
				<total>15</total>
				<timestamp>2954.742784</timestamp>
			</report>
			<report>
				<misses>9860001</misses>
				<total>15</total>
				<timestamp>2955.042466</timestamp>
			</report>
			<report>
				<misses>9861001</misses>
				<total>15</total>
				<timestamp>2955.342209</timestamp>
			</report>
			<report>
				<misses>9862001</misses>
				<total>15</total>
				<timestamp>2955.641862</timestamp>
			</report>
			<report>
				<misses>9863001</misses>
				<total>15</total>
				<timestamp>2955.941596</timestamp>
			</report>
			<report>
				<misses>9864001</misses>
				<total>15</total>
				<timestamp>2956.241315</timestamp>
			</report>
			<report>
				<misses>9865001</misses>
				<total>15</total>
				<timestamp>2956.541006</timestamp>
			</report>
			<report>
				<misses>9866001</misses>
				<total>15</total>
				<timestamp>2956.840684</timestamp>
			</report>
			<report>
				<misses>9867001</misses>
				<total>15</total>
				<timestamp>2957.140366</timestamp>
			</report>
			<report>
				<misses>9868001</misses>
				<total>15</total>
				<timestamp>2957.440089</timestamp>
			</report>
			<report>
				<misses>9869001</misses>
				<total>15</total>
				<timestamp>2957.739809</timestamp>
			</report>
			<report>
				<misses>9870001</misses>
				<total>15</total>
				<timestamp>2958.039542</timestamp>
			</report>
			<report>
				<misses>9871001</misses>
				<total>15</total>
				<timestamp>2958.339276</timestamp>
			</report>
			<report>
				<misses>9872001</misses>
				<total>15</total>
				<timestamp>2958.638875</timestamp>
			</report>
			<report>
				<misses>9873001</misses>
				<total>15</total>
				<timestamp>2958.938565</timestamp>
			</report>
			<report>
				<misses>9874001</misses>
				<total>15</total>
				<timestamp>2959.238326</timestamp>
			</report>
			<report>
				<misses>9875001</misses>
				<total>15</total>
				<timestamp>2959.538039</timestamp>
			</report>
			<report>
				<misses>9876001</misses>
				<total>15</total>
				<timestamp>2959.837722</timestamp>
			</report>
			<report>
				<misses>9877001</misses>
				<total>15</total>
				<timestamp>2960.137370</timestamp>
			</report>
			<report>
				<misses>9878001</misses>
				<total>15</total>
				<timestamp>2960.437090</timestamp>
			</report>
			<report>
				<misses>9879001</misses>
				<total>15</total>
				<timestamp>2960.736791</timestamp>
			</report>
			<report>
				<misses>9880001</misses>
				<total>15</total>
				<timestamp>2961.036480</timestamp>
			</report>
			<report>
				<misses>9881001</misses>
				<total>15</total>
				<timestamp>2961.336193</timestamp>
			</report>
			<report>
				<misses>9882001</misses>
				<total>15</total>
				<timestamp>2961.635881</timestamp>
			</report>
			<report>
				<misses>9883001</misses>
				<total>15</total>
				<timestamp>2961.935591</timestamp>
			</report>
			<report>
				<misses>9884001</misses>
				<total>15</total>
				<timestamp>2962.235327</timestamp>
			</report>
			<report>
				<misses>9885001</misses>
				<total>15</total>
				<timestamp>2962.535028</timestamp>
			</report>
			<report>
				<misses>9886001</misses>
				<total>15</total>
				<timestamp>2962.834678</timestamp>
			</report>
			<report>
				<misses>9887001</misses>
				<total>15</total>
				<timestamp>2963.134376</timestamp>
			</report>
			<report>
				<misses>9888001</misses>
				<total>15</total>
				<timestamp>2963.434087</timestamp>
			</report>
			<report>
				<misses>9889001</misses>
				<total>15</total>
				<timestamp>2963.733763</timestamp>
			</report>
			<report>
				<misses>9890001</misses>
				<total>15</total>
				<timestamp>2964.033478</timestamp>
			</report>
			<report>
				<misses>9891001</misses>
				<total>15</total>
				<timestamp>2964.333198</timestamp>
			</report>
			<report>
				<misses>9892001</misses>
				<total>15</total>
				<timestamp>2964.632969</timestamp>
			</report>
			<report>
				<misses>9893001</misses>
				<total>15</total>
				<timestamp>2964.932634</timestamp>
			</report>
			<report>
				<misses>9894001</misses>
				<total>15</total>
				<timestamp>2965.232332</timestamp>
			</report>
			<report>
				<misses>9895001</misses>
				<total>15</total>
				<timestamp>2965.532047</timestamp>
			</report>
			<report>
				<misses>9896001</misses>
				<total>15</total>
				<timestamp>2965.831689</timestamp>
			</report>
			<report>
				<misses>9897001</misses>
				<total>15</total>
				<timestamp>2966.131373</timestamp>
			</report>
			<report>
				<misses>9898001</misses>
				<total>15</total>
				<timestamp>2966.431096</timestamp>
			</report>
			<report>
				<misses>9899001</misses>
				<total>15</total>
				<timestamp>2966.730766</timestamp>
			</report>
			<report>
				<misses>9900001</misses>
				<total>15</total>
				<timestamp>2967.030547</timestamp>
			</report>
			<report>
				<misses>9901001</misses>
				<total>15</total>
				<timestamp>2967.330170</timestamp>
			</report>
			<report>
				<misses>9902001</misses>
				<total>15</total>
				<timestamp>2967.629865</timestamp>
			</report>
			<report>
				<misses>9903001</misses>
				<total>15</total>
				<timestamp>2967.929578</timestamp>
			</report>
			<report>
				<misses>9904001</misses>
				<total>15</total>
				<timestamp>2968.229274</timestamp>
			</report>
			<report>
				<misses>9905001</misses>
				<total>15</total>
				<timestamp>2968.528992</timestamp>
			</report>
			<report>
				<misses>9906001</misses>
				<total>15</total>
				<timestamp>2968.828665</timestamp>
			</report>
			<report>
				<misses>9907001</misses>
				<total>14</total>
				<timestamp>2969.128468</timestamp>
			</report>
			<report>
				<misses>9908001</misses>
				<total>15</total>
				<timestamp>2969.428174</timestamp>
			</report>
			<report>
				<misses>9909001</misses>
				<total>15</total>
				<timestamp>2969.727811</timestamp>
			</report>
			<report>
				<misses>9910001</misses>
				<total>15</total>
				<timestamp>2970.027467</timestamp>
			</report>
			<report>
				<misses>9911001</misses>
				<total>15</total>
				<timestamp>2970.327177</timestamp>
			</report>
			<report>
				<misses>9912001</misses>
				<total>15</total>
				<timestamp>2970.626888</timestamp>
			</report>
			<report>
				<misses>9913001</misses>
				<total>15</total>
				<timestamp>2970.926566</timestamp>
			</report>
			<report>
				<misses>9914001</misses>
				<total>14</total>
				<timestamp>2971.226392</timestamp>
			</report>
			<report>
				<misses>9915001</misses>
				<total>15</total>
				<timestamp>2971.526031</timestamp>
			</report>
			<report>
				<misses>9916001</misses>
				<total>15</total>
				<timestamp>2971.825679</timestamp>
			</report>
			<report>
				<misses>9917001</misses>
				<total>15</total>
				<timestamp>2972.125393</timestamp>
			</report>
			<report>
				<misses>9918001</misses>
				<total>15</total>
				<timestamp>2972.425090</timestamp>
			</report>
			<report>
				<misses>9919001</misses>
				<total>15</total>
				<timestamp>2972.724771</timestamp>
			</report>
			<report>
				<misses>9920001</misses>
				<total>15</total>
				<timestamp>2973.024461</timestamp>
			</report>
			<report>
				<misses>9921001</misses>
				<total>14</total>
				<timestamp>2973.324273</timestamp>
			</report>
			<report>
				<misses>9922001</misses>
				<total>15</total>
				<timestamp>2973.623894</timestamp>
			</report>
			<report>
				<misses>9923001</misses>
				<total>15</total>
				<timestamp>2973.923615</timestamp>
			</report>
			<report>
				<misses>9924001</misses>
				<total>15</total>
				<timestamp>2974.223256</timestamp>
			</report>
			<report>
				<misses>9925001</misses>
				<total>15</total>
				<timestamp>2974.523015</timestamp>
			</report>
			<report>
				<misses>9926001</misses>
				<total>15</total>
				<timestamp>2974.822663</timestamp>
			</report>
			<report>
				<misses>9927001</misses>
				<total>15</total>
				<timestamp>2975.122386</timestamp>
			</report>
			<report>
				<misses>9928001</misses>
				<total>15</total>
				<timestamp>2975.422178</timestamp>
			</report>
			<report>
				<misses>9929001</misses>
				<total>15</total>
				<timestamp>2975.721770</timestamp>
			</report>
			<report>
				<misses>9930001</misses>
				<total>15</total>
				<timestamp>2976.021481</timestamp>
			</report>
			<report>
				<misses>9931001</misses>
				<total>15</total>
				<timestamp>2976.321175</timestamp>
			</report>
			<report>
				<misses>9932001</misses>
				<total>15</total>
				<timestamp>2976.620927</timestamp>
			</report>
			<report>
				<misses>9933001</misses>
				<total>15</total>
				<timestamp>2976.920570</timestamp>
			</report>
			<report>
				<misses>9934001</misses>
				<total>15</total>
				<timestamp>2977.220284</timestamp>
			</report>
			<report>
				<misses>9935001</misses>
				<total>15</total>
				<timestamp>2977.520000</timestamp>
			</report>
			<report>
				<misses>9936001</misses>
				<total>15</total>
				<timestamp>2977.819670</timestamp>
			</report>
			<report>
				<misses>9937001</misses>
				<total>15</total>
				<timestamp>2978.119465</timestamp>
			</report>
			<report>
				<misses>9938001</misses>
				<total>15</total>
				<timestamp>2978.419119</timestamp>
			</report>
			<report>
				<misses>9939001</misses>
				<total>15</total>
				<timestamp>2978.718767</timestamp>
			</report>
			<report>
				<misses>9940001</misses>
				<total>15</total>
				<timestamp>2979.018477</timestamp>
			</report>
			<report>
				<misses>9941001</misses>
				<total>15</total>
				<timestamp>2979.318173</timestamp>
			</report>
			<report>
				<misses>9942001</misses>
				<total>15</total>
				<timestamp>2979.617879</timestamp>
			</report>
			<report>
				<misses>9943001</misses>
				<total>15</total>
				<timestamp>2979.917573</timestamp>
			</report>
			<report>
				<misses>9944001</misses>
				<total>15</total>
				<timestamp>2980.217270</timestamp>
			</report>
			<report>
				<misses>9945001</misses>
				<total>15</total>
				<timestamp>2980.517081</timestamp>
			</report>
			<report>
				<misses>9946001</misses>
				<total>15</total>
				<timestamp>2980.816686</timestamp>
			</report>
			<report>
				<misses>9947001</misses>
				<total>15</total>
				<timestamp>2981.116370</timestamp>
			</report>
			<report>
				<misses>9948001</misses>
				<total>15</total>
				<timestamp>2981.416076</timestamp>
			</report>
			<report>
				<misses>9949001</misses>
				<total>15</total>
				<timestamp>2981.715777</timestamp>
			</report>
			<report>
				<misses>9950001</misses>
				<total>14</total>
				<timestamp>2982.015577</timestamp>
			</report>
			<report>
				<misses>9951001</misses>
				<total>15</total>
				<timestamp>2982.315182</timestamp>
			</report>
			<report>
				<misses>9952001</misses>
				<total>15</total>
				<timestamp>2982.614883</timestamp>
			</report>
			<report>
				<misses>9953001</misses>
				<total>15</total>
				<timestamp>2982.914582</timestamp>
			</report>
			<report>
				<misses>9954001</misses>
				<total>15</total>
				<timestamp>2983.214335</timestamp>
			</report>
			<report>
				<misses>9955001</misses>
				<total>15</total>
				<timestamp>2983.514022</timestamp>
			</report>
			<report>
				<misses>9956001</misses>
				<total>15</total>
				<timestamp>2983.813703</timestamp>
			</report>
			<report>
				<misses>9957001</misses>
				<total>15</total>
				<timestamp>2984.113383</timestamp>
			</report>
			<report>
				<misses>9958001</misses>
				<total>15</total>
				<timestamp>2984.413160</timestamp>
			</report>
			<report>
				<misses>9959001</misses>
				<total>15</total>
				<timestamp>2984.712775</timestamp>
			</report>
			<report>
				<misses>9960001</misses>
				<total>15</total>
				<timestamp>2985.012555</timestamp>
			</report>
			<report>
				<misses>9961001</misses>
				<total>15</total>
				<timestamp>2985.312232</timestamp>
			</report>
			<report>
				<misses>9962001</misses>
				<total>15</total>
				<timestamp>2985.611928</timestamp>
			</report>
			<report>
				<misses>9963001</misses>
				<total>15</total>
				<timestamp>2985.911571</timestamp>
			</report>
			<report>
				<misses>9964001</misses>
				<total>15</total>
				<timestamp>2986.211283</timestamp>
			</report>
			<report>
				<misses>9965001</misses>
				<total>15</total>
				<timestamp>2986.511038</timestamp>
			</report>
			<report>
				<misses>9966001</misses>
				<total>15</total>
				<timestamp>2986.810675</timestamp>
			</report>
			<report>
				<misses>9967001</misses>
				<total>15</total>
				<timestamp>2987.110365</timestamp>
			</report>
			<report>
				<misses>9968001</misses>
				<total>15</total>
				<timestamp>2987.410112</timestamp>
			</report>
			<report>
				<misses>9969001</misses>
				<total>15</total>
				<timestamp>2987.709812</timestamp>
			</report>
			<report>
				<misses>9970001</misses>
				<total>15</total>
				<timestamp>2988.009475</timestamp>
			</report>
			<report>
				<misses>9971001</misses>
				<total>15</total>
				<timestamp>2988.309209</timestamp>
			</report>
			<report>
				<misses>9972001</misses>
				<total>15</total>
				<timestamp>2988.608887</timestamp>
			</report>
			<report>
				<misses>9973001</misses>
				<total>15</total>
				<timestamp>2988.908577</timestamp>
			</report>
			<report>
				<misses>9974001</misses>
				<total>15</total>
				<timestamp>2989.208312</timestamp>
			</report>
			<report>
				<misses>9975001</misses>
				<total>15</total>
				<timestamp>2989.508026</timestamp>
			</report>
			<report>
				<misses>9976001</misses>
				<total>15</total>
				<timestamp>2989.807671</timestamp>
			</report>
			<report>
				<misses>9977001</misses>
				<total>15</total>
				<timestamp>2990.107365</timestamp>
			</report>
			<report>
				<misses>9978001</misses>
				<total>15</total>
				<timestamp>2990.407086</timestamp>
			</report>
			<report>
				<misses>9979001</misses>
				<total>15</total>
				<timestamp>2990.706766</timestamp>
			</report>
			<report>
				<misses>9980001</misses>
				<total>15</total>
				<timestamp>2991.006471</timestamp>
			</report>
			<report>
				<misses>9981001</misses>
				<total>15</total>
				<timestamp>2991.306205</timestamp>
			</report>
			<report>
				<misses>9982001</misses>
				<total>15</total>
				<timestamp>2991.605976</timestamp>
			</report>
			<report>
				<misses>9983001</misses>
				<total>15</total>
				<timestamp>2991.905591</timestamp>
			</report>
			<report>
				<misses>9984001</misses>
				<total>15</total>
				<timestamp>2992.205331</timestamp>
			</report>
			<report>
				<misses>9985001</misses>
				<total>15</total>
				<timestamp>2992.505032</timestamp>
			</report>
			<report>
				<misses>9986001</misses>
				<total>15</total>
				<timestamp>2992.804679</timestamp>
			</report>
			<report>
				<misses>9987001</misses>
				<total>15</total>
				<timestamp>2993.104391</timestamp>
			</report>
			<report>
				<misses>9988001</misses>
				<total>15</total>
				<timestamp>2993.404082</timestamp>
			</report>
			<report>
				<misses>9989001</misses>
				<total>15</total>
				<timestamp>2993.703788</timestamp>
			</report>
			<report>
				<misses>9990001</misses>
				<total>15</total>
				<timestamp>2994.003478</timestamp>
			</report>
			<report>
				<misses>9991001</misses>
				<total>15</total>
				<timestamp>2994.303174</timestamp>
			</report>
			<report>
				<misses>9992001</misses>
				<total>15</total>
				<timestamp>2994.602911</timestamp>
			</report>
			<report>
				<misses>9993001</misses>
				<total>15</total>
				<timestamp>2994.902569</timestamp>
			</report>
			<report>
				<misses>9994001</misses>
				<total>15</total>
				<timestamp>2995.202286</timestamp>
			</report>
			<report>
				<misses>9995001</misses>
				<total>15</total>
				<timestamp>2995.502043</timestamp>
			</report>
			<report>
				<misses>9996001</misses>
				<total>15</total>
				<timestamp>2995.801671</timestamp>
			</report>
			<report>
				<misses>9997001</misses>
				<total>15</total>
				<timestamp>2996.101369</timestamp>
			</report>
			<report>
				<misses>9998001</misses>
				<total>15</total>
				<timestamp>2996.401126</timestamp>
			</report>
			<report>
				<misses>9999001</misses>
				<total>15</total>
				<timestamp>2996.700774</timestamp>
			</report>
			<report>
				<misses>10000001</misses>
				<total>15</total>
				<timestamp>2997.000468</timestamp>
			</report>
			<report>
				<misses>10001001</misses>
				<total>15</total>
				<timestamp>2997.300210</timestamp>
			</report>
			<report>
				<misses>10002001</misses>
				<total>15</total>
				<timestamp>2997.599891</timestamp>
			</report>
			<report>
				<misses>10003001</misses>
				<total>15</total>
				<timestamp>2997.899555</timestamp>
			</report>
			<report>
				<misses>10004001</misses>
				<total>15</total>
				<timestamp>2998.199264</timestamp>
			</report>
			<report>
				<misses>10005001</misses>
				<total>14</total>
				<timestamp>2998.499117</timestamp>
			</report>
			<report>
				<misses>10006001</misses>
				<total>15</total>
				<timestamp>2998.798678</timestamp>
			</report>
			<report>
				<misses>10007001</misses>
				<total>15</total>
				<timestamp>2999.098376</timestamp>
			</report>
			<report>
				<misses>10008001</misses>
				<total>15</total>
				<timestamp>2999.398159</timestamp>
			</report>
			<report>
				<misses>10009001</misses>
				<total>15</total>
				<timestamp>2999.697821</timestamp>
			</report>
			<report>
				<misses>10010001</misses>
				<total>15</total>
				<timestamp>2999.997462</timestamp>
			</report>
			<report>
				<misses>10011001</misses>
				<total>17</total>
				<timestamp>3000.297173</timestamp>
			</report>
			<report>
				<misses>10012001</misses>
				<total>17</total>
				<timestamp>3000.596907</timestamp>
			</report>
			<report>
				<misses>10013001</misses>
				<total>17</total>
				<timestamp>3000.896648</timestamp>
			</report>
			<report>
				<misses>10014001</misses>
				<total>17</total>
				<timestamp>3001.196263</timestamp>
			</report>
			<report>
				<misses>10015001</misses>
				<total>17</total>
				<timestamp>3001.496080</timestamp>
			</report>
			<report>
				<misses>10016001</misses>
				<total>17</total>
				<timestamp>3001.795682</timestamp>
			</report>
			<report>
				<misses>10017001</misses>
				<total>17</total>
				<timestamp>3002.095381</timestamp>
			</report>
			<report>
				<misses>10018001</misses>
				<total>17</total>
				<timestamp>3002.395059</timestamp>
			</report>
			<report>
				<misses>10019001</misses>
				<total>17</total>
				<timestamp>3002.694805</timestamp>
			</report>
			<report>
				<misses>10020001</misses>
				<total>17</total>
				<timestamp>3002.994502</timestamp>
			</report>
			<report>
				<misses>10021001</misses>
				<total>17</total>
				<timestamp>3003.294221</timestamp>
			</report>
			<report>
				<misses>10022001</misses>
				<total>17</total>
				<timestamp>3003.593918</timestamp>
			</report>
			<report>
				<misses>10023001</misses>
				<total>17</total>
				<timestamp>3003.893571</timestamp>
			</report>
			<report>
				<misses>10024001</misses>
				<total>17</total>
				<timestamp>3004.193267</timestamp>
			</report>
			<report>
				<misses>10025001</misses>
				<total>17</total>
				<timestamp>3004.493041</timestamp>
			</report>
			<report>
				<misses>10026001</misses>
				<total>17</total>
				<timestamp>3004.792672</timestamp>
			</report>
			<report>
				<misses>10027001</misses>
				<total>17</total>
				<timestamp>3005.092378</timestamp>
			</report>
			<report>
				<misses>10028001</misses>
				<total>17</total>
				<timestamp>3005.392091</timestamp>
			</report>
			<report>
				<misses>10029001</misses>
				<total>17</total>
				<timestamp>3005.691791</timestamp>
			</report>
			<report>
				<misses>10030001</misses>
				<total>17</total>
				<timestamp>3005.991488</timestamp>
			</report>
			<report>
				<misses>10031001</misses>
				<total>17</total>
				<timestamp>3006.291267</timestamp>
			</report>
			<report>
				<misses>10032001</misses>
				<total>17</total>
				<timestamp>3006.590936</timestamp>
			</report>
			<report>
				<misses>10033001</misses>
				<total>17</total>
				<timestamp>3006.890577</timestamp>
			</report>
			<report>
				<misses>10034001</misses>
				<total>17</total>
				<timestamp>3007.190269</timestamp>
			</report>
			<report>
				<misses>10035001</misses>
				<total>17</total>
				<timestamp>3007.489976</timestamp>
			</report>
			<report>
				<misses>10036001</misses>
				<total>17</total>
				<timestamp>3007.789676</timestamp>
			</report>
			<report>
				<misses>10037001</misses>
				<total>17</total>
				<timestamp>3008.089379</timestamp>
			</report>
			<report>
				<misses>10038001</misses>
				<total>17</total>
				<timestamp>3008.389062</timestamp>
			</report>
			<report>
				<misses>10039001</misses>
				<total>17</total>
				<timestamp>3008.688863</timestamp>
			</report>
			<report>
				<misses>10040001</misses>
				<total>17</total>
				<timestamp>3008.988485</timestamp>
			</report>
			<report>
				<misses>10041001</misses>
				<total>17</total>
				<timestamp>3009.288230</timestamp>
			</report>
			<report>
				<misses>10042001</misses>
				<total>17</total>
				<timestamp>3009.587888</timestamp>
			</report>
			<report>
				<misses>10043001</misses>
				<total>17</total>
				<timestamp>3009.887566</timestamp>
			</report>
			<report>
				<misses>10044001</misses>
				<total>17</total>
				<timestamp>3010.187287</timestamp>
			</report>
			<report>
				<misses>10045001</misses>
				<total>17</total>
				<timestamp>3010.487065</timestamp>
			</report>
			<report>
				<misses>10046001</misses>
				<total>17</total>
				<timestamp>3010.786743</timestamp>
			</report>
			<report>
				<misses>10047001</misses>
				<total>17</total>
				<timestamp>3011.086409</timestamp>
			</report>
			<report>
				<misses>10048001</misses>
				<total>17</total>
				<timestamp>3011.386081</timestamp>
			</report>
			<report>
				<misses>10049001</misses>
				<total>17</total>
				<timestamp>3011.685775</timestamp>
			</report>
			<report>
				<misses>10050001</misses>
				<total>17</total>
				<timestamp>3011.985479</timestamp>
			</report>
			<report>
				<misses>10051001</misses>
				<total>17</total>
				<timestamp>3012.285256</timestamp>
			</report>
			<report>
				<misses>10052001</misses>
				<total>17</total>
				<timestamp>3012.584920</timestamp>
			</report>
			<report>
				<misses>10053001</misses>
				<total>17</total>
				<timestamp>3012.884592</timestamp>
			</report>
			<report>
				<misses>10054001</misses>
				<total>17</total>
				<timestamp>3013.184271</timestamp>
			</report>
			<report>
				<misses>10055001</misses>
				<total>17</total>
				<timestamp>3013.484041</timestamp>
			</report>
			<report>
				<misses>10056001</misses>
				<total>17</total>
				<timestamp>3013.783699</timestamp>
			</report>
			<report>
				<misses>10057001</misses>
				<total>17</total>
				<timestamp>3014.083379</timestamp>
			</report>
			<report>
				<misses>10058001</misses>
				<total>17</total>
				<timestamp>3014.383073</timestamp>
			</report>
			<report>
				<misses>10059001</misses>
				<total>17</total>
				<timestamp>3014.682783</timestamp>
			</report>
			<report>
				<misses>10060001</misses>
				<total>17</total>
				<timestamp>3014.982481</timestamp>
			</report>
			<report>
				<misses>10061001</misses>
				<total>17</total>
				<timestamp>3015.282183</timestamp>
			</report>
			<report>
				<misses>10062001</misses>
				<total>17</total>
				<timestamp>3015.581859</timestamp>
			</report>
			<report>
				<misses>10063001</misses>
				<total>17</total>
				<timestamp>3015.881564</timestamp>
			</report>
			<report>
				<misses>10064001</misses>
				<total>17</total>
				<timestamp>3016.181262</timestamp>
			</report>
			<report>
				<misses>10065001</misses>
				<total>17</total>
				<timestamp>3016.480989</timestamp>
			</report>
			<report>
				<misses>10066001</misses>
				<total>17</total>
				<timestamp>3016.780718</timestamp>
			</report>
			<report>
				<misses>10067001</misses>
				<total>17</total>
				<timestamp>3017.080401</timestamp>
			</report>
			<report>
				<misses>10068001</misses>
				<total>17</total>
				<timestamp>3017.380153</timestamp>
			</report>
			<report>
				<misses>10069001</misses>
				<total>17</total>
				<timestamp>3017.679861</timestamp>
			</report>
			<report>
				<misses>10070001</misses>
				<total>17</total>
				<timestamp>3017.979478</timestamp>
			</report>
			<report>
				<misses>10071001</misses>
				<total>17</total>
				<timestamp>3018.279225</timestamp>
			</report>
			<report>
				<misses>10072001</misses>
				<total>17</total>
				<timestamp>3018.578941</timestamp>
			</report>
			<report>
				<misses>10073001</misses>
				<total>17</total>
				<timestamp>3018.878571</timestamp>
			</report>
			<report>
				<misses>10074001</misses>
				<total>17</total>
				<timestamp>3019.178267</timestamp>
			</report>
			<report>
				<misses>10075001</misses>
				<total>17</total>
				<timestamp>3019.477978</timestamp>
			</report>
			<report>
				<misses>10076001</misses>
				<total>17</total>
				<timestamp>3019.777694</timestamp>
			</report>
			<report>
				<misses>10077001</misses>
				<total>16</total>
				<timestamp>3020.077471</timestamp>
			</report>
			<report>
				<misses>10078001</misses>
				<total>17</total>
				<timestamp>3020.377117</timestamp>
			</report>
			<report>
				<misses>10079001</misses>
				<total>17</total>
				<timestamp>3020.676816</timestamp>
			</report>
			<report>
				<misses>10080001</misses>
				<total>17</total>
				<timestamp>3020.976505</timestamp>
			</report>
			<report>
				<misses>10081001</misses>
				<total>17</total>
				<timestamp>3021.276169</timestamp>
			</report>
			<report>
				<misses>10082001</misses>
				<total>17</total>
				<timestamp>3021.575951</timestamp>
			</report>
			<report>
				<misses>10083001</misses>
				<total>17</total>
				<timestamp>3021.875563</timestamp>
			</report>
			<report>
				<misses>10084001</misses>
				<total>17</total>
				<timestamp>3022.175275</timestamp>
			</report>
			<report>
				<misses>10085001</misses>
				<total>17</total>
				<timestamp>3022.474998</timestamp>
			</report>
			<report>
				<misses>10086001</misses>
				<total>17</total>
				<timestamp>3022.774668</timestamp>
			</report>
			<report>
				<misses>10087001</misses>
				<total>17</total>
				<timestamp>3023.074376</timestamp>
			</report>
			<report>
				<misses>10088001</misses>
				<total>17</total>
				<timestamp>3023.374087</timestamp>
			</report>
			<report>
				<misses>10089001</misses>
				<total>17</total>
				<timestamp>3023.673818</timestamp>
			</report>
			<report>
				<misses>10090001</misses>
				<total>17</total>
				<timestamp>3023.973470</timestamp>
			</report>
			<report>
				<misses>10091001</misses>
				<total>17</total>
				<timestamp>3024.273171</timestamp>
			</report>
			<report>
				<misses>10092001</misses>
				<total>17</total>
				<timestamp>3024.572878</timestamp>
			</report>
			<report>
				<misses>10093001</misses>
				<total>17</total>
				<timestamp>3024.872589</timestamp>
			</report>
			<report>
				<misses>10094001</misses>
				<total>17</total>
				<timestamp>3025.172277</timestamp>
			</report>
			<report>
				<misses>10095001</misses>
				<total>17</total>
				<timestamp>3025.472070</timestamp>
			</report>
			<report>
				<misses>10096001</misses>
				<total>17</total>
				<timestamp>3025.771684</timestamp>
			</report>
			<report>
				<misses>10097001</misses>
				<total>17</total>
				<timestamp>3026.071377</timestamp>
			</report>
			<report>
				<misses>10098001</misses>
				<total>17</total>
				<timestamp>3026.371090</timestamp>
			</report>
			<report>
				<misses>10099001</misses>
				<total>17</total>
				<timestamp>3026.670774</timestamp>
			</report>
			<report>
				<misses>10100001</misses>
				<total>17</total>
				<timestamp>3026.970473</timestamp>
			</report>
			<report>
				<misses>10101001</misses>
				<total>17</total>
				<timestamp>3027.270248</timestamp>
			</report>
			<report>
				<misses>10102001</misses>
				<total>17</total>
				<timestamp>3027.569951</timestamp>
			</report>
			<report>
				<misses>10103001</misses>
				<total>17</total>
				<timestamp>3027.869601</timestamp>
			</report>
			<report>
				<misses>10104001</misses>
				<total>17</total>
				<timestamp>3028.169271</timestamp>
			</report>
			<report>
				<misses>10105001</misses>
				<total>17</total>
				<timestamp>3028.469008</timestamp>
			</report>
			<report>
				<misses>10106001</misses>
				<total>17</total>
				<timestamp>3028.768685</timestamp>
			</report>
			<report>
				<misses>10107001</misses>
				<total>17</total>
				<timestamp>3029.068379</timestamp>
			</report>
			<report>
				<misses>10108001</misses>
				<total>17</total>
				<timestamp>3029.368119</timestamp>
			</report>
			<report>
				<misses>10109001</misses>
				<total>17</total>
				<timestamp>3029.667838</timestamp>
			</report>
			<report>
				<misses>10110001</misses>
				<total>17</total>
				<timestamp>3029.967465</timestamp>
			</report>
			<report>
				<misses>10111001</misses>
				<total>17</total>
				<timestamp>3030.267177</timestamp>
			</report>
			<report>
				<misses>10112001</misses>
				<total>17</total>
				<timestamp>3030.566937</timestamp>
			</report>
			<report>
				<misses>10113001</misses>
				<total>17</total>
				<timestamp>3030.866579</timestamp>
			</report>
			<report>
				<misses>10114001</misses>
				<total>17</total>
				<timestamp>3031.166277</timestamp>
			</report>
			<report>
				<misses>10115001</misses>
				<total>17</total>
				<timestamp>3031.465987</timestamp>
			</report>
			<report>
				<misses>10116001</misses>
				<total>17</total>
				<timestamp>3031.765725</timestamp>
			</report>
			<report>
				<misses>10117001</misses>
				<total>17</total>
				<timestamp>3032.065379</timestamp>
			</report>
			<report>
				<misses>10118001</misses>
				<total>17</total>
				<timestamp>3032.365098</timestamp>
			</report>
			<report>
				<misses>10119001</misses>
				<total>17</total>
				<timestamp>3032.664770</timestamp>
			</report>
			<report>
				<misses>10120001</misses>
				<total>17</total>
				<timestamp>3032.964482</timestamp>
			</report>
			<report>
				<misses>10121001</misses>
				<total>17</total>
				<timestamp>3033.264188</timestamp>
			</report>
			<report>
				<misses>10122001</misses>
				<total>17</total>
				<timestamp>3033.563943</timestamp>
			</report>
			<report>
				<misses>10123001</misses>
				<total>17</total>
				<timestamp>3033.863628</timestamp>
			</report>
			<report>
				<misses>10124001</misses>
				<total>17</total>
				<timestamp>3034.163278</timestamp>
			</report>
			<report>
				<misses>10125001</misses>
				<total>17</total>
				<timestamp>3034.463048</timestamp>
			</report>
			<report>
				<misses>10126001</misses>
				<total>17</total>
				<timestamp>3034.762712</timestamp>
			</report>
			<report>
				<misses>10127001</misses>
				<total>18</total>
				<timestamp>3035.062360</timestamp>
			</report>
			<report>
				<misses>10128001</misses>
				<total>18</total>
				<timestamp>3035.362165</timestamp>
			</report>
			<report>
				<misses>10129001</misses>
				<total>18</total>
				<timestamp>3035.661785</timestamp>
			</report>
			<report>
				<misses>10130001</misses>
				<total>18</total>
				<timestamp>3035.961464</timestamp>
			</report>
			<report>
				<misses>10131001</misses>
				<total>18</total>
				<timestamp>3036.261171</timestamp>
			</report>
			<report>
				<misses>10132001</misses>
				<total>18</total>
				<timestamp>3036.560886</timestamp>
			</report>
			<report>
				<misses>10133001</misses>
				<total>18</total>
				<timestamp>3036.860593</timestamp>
			</report>
			<report>
				<misses>10134001</misses>
				<total>18</total>
				<timestamp>3037.160277</timestamp>
			</report>
			<report>
				<misses>10135001</misses>
				<total>18</total>
				<timestamp>3037.459999</timestamp>
			</report>
			<report>
				<misses>10136001</misses>
				<total>18</total>
				<timestamp>3037.759759</timestamp>
			</report>
			<report>
				<misses>10137001</misses>
				<total>18</total>
				<timestamp>3038.059366</timestamp>
			</report>
			<report>
				<misses>10138001</misses>
				<total>18</total>
				<timestamp>3038.359059</timestamp>
			</report>
			<report>
				<misses>10139001</misses>
				<total>18</total>
				<timestamp>3038.658790</timestamp>
			</report>
			<report>
				<misses>10140001</misses>
				<total>18</total>
				<timestamp>3038.958467</timestamp>
			</report>
			<report>
				<misses>10141001</misses>
				<total>18</total>
				<timestamp>3039.258186</timestamp>
			</report>
			<report>
				<misses>10142001</misses>
				<total>18</total>
				<timestamp>3039.557937</timestamp>
			</report>
			<report>
				<misses>10143001</misses>
				<total>18</total>
				<timestamp>3039.857589</timestamp>
			</report>
			<report>
				<misses>10144001</misses>
				<total>18</total>
				<timestamp>3040.157330</timestamp>
			</report>
			<report>
				<misses>10145001</misses>
				<total>18</total>
				<timestamp>3040.457004</timestamp>
			</report>
			<report>
				<misses>10146001</misses>
				<total>18</total>
				<timestamp>3040.756677</timestamp>
			</report>
			<report>
				<misses>10147001</misses>
				<total>18</total>
				<timestamp>3041.056409</timestamp>
			</report>
			<report>
				<misses>10148001</misses>
				<total>18</total>
				<timestamp>3041.356068</timestamp>
			</report>
			<report>
				<misses>10149001</misses>
				<total>18</total>
				<timestamp>3041.655758</timestamp>
			</report>
			<report>
				<misses>10150001</misses>
				<total>18</total>
				<timestamp>3041.955582</timestamp>
			</report>
			<report>
				<misses>10151001</misses>
				<total>18</total>
				<timestamp>3042.255203</timestamp>
			</report>
			<report>
				<misses>10152001</misses>
				<total>18</total>
				<timestamp>3042.554861</timestamp>
			</report>
			<report>
				<misses>10153001</misses>
				<total>18</total>
				<timestamp>3042.854582</timestamp>
			</report>
			<report>
				<misses>10154001</misses>
				<total>18</total>
				<timestamp>3043.154272</timestamp>
			</report>
			<report>
				<misses>10155001</misses>
				<total>18</total>
				<timestamp>3043.454008</timestamp>
			</report>
			<report>
				<misses>10156001</misses>
				<total>18</total>
				<timestamp>3043.753706</timestamp>
			</report>
			<report>
				<misses>10157001</misses>
				<total>18</total>
				<timestamp>3044.053365</timestamp>
			</report>
			<report>
				<misses>10158001</misses>
				<total>18</total>
				<timestamp>3044.353083</timestamp>
			</report>
			<report>
				<misses>10159001</misses>
				<total>17</total>
				<timestamp>3044.652862</timestamp>
			</report>
			<report>
				<misses>10160001</misses>
				<total>18</total>
				<timestamp>3044.952569</timestamp>
			</report>
			<report>
				<misses>10161001</misses>
				<total>18</total>
				<timestamp>3045.252158</timestamp>
			</report>
			<report>
				<misses>10162001</misses>
				<total>18</total>
				<timestamp>3045.551895</timestamp>
			</report>
			<report>
				<misses>10163001</misses>
				<total>18</total>
				<timestamp>3045.851597</timestamp>
			</report>
			<report>
				<misses>10164001</misses>
				<total>18</total>
				<timestamp>3046.151295</timestamp>
			</report>
			<report>
				<misses>10165001</misses>
				<total>18</total>
				<timestamp>3046.451004</timestamp>
			</report>
			<report>
				<misses>10166001</misses>
				<total>18</total>
				<timestamp>3046.750686</timestamp>
			</report>
			<report>
				<misses>10167001</misses>
				<total>17</total>
				<timestamp>3047.050545</timestamp>
			</report>
			<report>
				<misses>10168001</misses>
				<total>18</total>
				<timestamp>3047.350061</timestamp>
			</report>
			<report>
				<misses>10169001</misses>
				<total>18</total>
				<timestamp>3047.649781</timestamp>
			</report>
			<report>
				<misses>10170001</misses>
				<total>18</total>
				<timestamp>3047.949494</timestamp>
			</report>
			<report>
				<misses>10171001</misses>
				<total>18</total>
				<timestamp>3048.249195</timestamp>
			</report>
			<report>
				<misses>10172001</misses>
				<total>18</total>
				<timestamp>3048.548876</timestamp>
			</report>
			<report>
				<misses>10173001</misses>
				<total>18</total>
				<timestamp>3048.848605</timestamp>
			</report>
			<report>
				<misses>10174001</misses>
				<total>18</total>
				<timestamp>3049.148263</timestamp>
			</report>
			<report>
				<misses>10175001</misses>
				<total>18</total>
				<timestamp>3049.447991</timestamp>
			</report>
			<report>
				<misses>10176001</misses>
				<total>18</total>
				<timestamp>3049.747670</timestamp>
			</report>
			<report>
				<misses>10177001</misses>
				<total>18</total>
				<timestamp>3050.047392</timestamp>
			</report>
			<report>
				<misses>10178001</misses>
				<total>18</total>
				<timestamp>3050.347066</timestamp>
			</report>
			<report>
				<misses>10179001</misses>
				<total>18</total>
				<timestamp>3050.646776</timestamp>
			</report>
			<report>
				<misses>10180001</misses>
				<total>18</total>
				<timestamp>3050.946507</timestamp>
			</report>
			<report>
				<misses>10181001</misses>
				<total>18</total>
				<timestamp>3051.246181</timestamp>
			</report>
			<report>
				<misses>10182001</misses>
				<total>18</total>
				<timestamp>3051.545866</timestamp>
			</report>
			<report>
				<misses>10183001</misses>
				<total>18</total>
				<timestamp>3051.845571</timestamp>
			</report>
			<report>
				<misses>10184001</misses>
				<total>19</total>
				<timestamp>3052.145290</timestamp>
			</report>
			<report>
				<misses>10185001</misses>
				<total>19</total>
				<timestamp>3052.445042</timestamp>
			</report>
			<report>
				<misses>10186001</misses>
				<total>19</total>
				<timestamp>3052.744661</timestamp>
			</report>
			<report>
				<misses>10187001</misses>
				<total>19</total>
				<timestamp>3053.044382</timestamp>
			</report>
			<report>
				<misses>10188001</misses>
				<total>19</total>
				<timestamp>3053.344076</timestamp>
			</report>
			<report>
				<misses>10189001</misses>
				<total>19</total>
				<timestamp>3053.643860</timestamp>
			</report>
			<report>
				<misses>10190001</misses>
				<total>19</total>
				<timestamp>3053.943506</timestamp>
			</report>
			<report>
				<misses>10191001</misses>
				<total>19</total>
				<timestamp>3054.243167</timestamp>
			</report>
			<report>
				<misses>10192001</misses>
				<total>19</total>
				<timestamp>3054.542874</timestamp>
			</report>
			<report>
				<misses>10193001</misses>
				<total>19</total>
				<timestamp>3054.842579</timestamp>
			</report>
			<report>
				<misses>10194001</misses>
				<total>19</total>
				<timestamp>3055.142271</timestamp>
			</report>
			<report>
				<misses>10195001</misses>
				<total>19</total>
				<timestamp>3055.441992</timestamp>
			</report>
			<report>
				<misses>10196001</misses>
				<total>19</total>
				<timestamp>3055.741669</timestamp>
			</report>
			<report>
				<misses>10197001</misses>
				<total>19</total>
				<timestamp>3056.041422</timestamp>
			</report>
			<report>
				<misses>10198001</misses>
				<total>19</total>
				<timestamp>3056.341086</timestamp>
			</report>
			<report>
				<misses>10199001</misses>
				<total>19</total>
				<timestamp>3056.640829</timestamp>
			</report>
			<report>
				<misses>10200001</misses>
				<total>19</total>
				<timestamp>3056.940490</timestamp>
			</report>
			<report>
				<misses>10201001</misses>
				<total>19</total>
				<timestamp>3057.240186</timestamp>
			</report>
			<report>
				<misses>10202001</misses>
				<total>19</total>
				<timestamp>3057.539930</timestamp>
			</report>
			<report>
				<misses>10203001</misses>
				<total>19</total>
				<timestamp>3057.839642</timestamp>
			</report>
			<report>
				<misses>10204001</misses>
				<total>19</total>
				<timestamp>3058.139266</timestamp>
			</report>
			<report>
				<misses>10205001</misses>
				<total>19</total>
				<timestamp>3058.439013</timestamp>
			</report>
			<report>
				<misses>10206001</misses>
				<total>19</total>
				<timestamp>3058.738677</timestamp>
			</report>
			<report>
				<misses>10207001</misses>
				<total>19</total>
				<timestamp>3059.038427</timestamp>
			</report>
			<report>
				<misses>10208001</misses>
				<total>19</total>
				<timestamp>3059.338063</timestamp>
			</report>
			<report>
				<misses>10209001</misses>
				<total>19</total>
				<timestamp>3059.637818</timestamp>
			</report>
			<report>
				<misses>10210001</misses>
				<total>19</total>
				<timestamp>3059.937490</timestamp>
			</report>
			<report>
				<misses>10211001</misses>
				<total>19</total>
				<timestamp>3060.237181</timestamp>
			</report>
			<report>
				<misses>10212001</misses>
				<total>19</total>
				<timestamp>3060.536917</timestamp>
			</report>
			<report>
				<misses>10213001</misses>
				<total>19</total>
				<timestamp>3060.836655</timestamp>
			</report>
			<report>
				<misses>10214001</misses>
				<total>19</total>
				<timestamp>3061.136294</timestamp>
			</report>
			<report>
				<misses>10215001</misses>
				<total>19</total>
				<timestamp>3061.435988</timestamp>
			</report>
			<report>
				<misses>10216001</misses>
				<total>19</total>
				<timestamp>3061.735696</timestamp>
			</report>
			<report>
				<misses>10217001</misses>
				<total>19</total>
				<timestamp>3062.035562</timestamp>
			</report>
			<report>
				<misses>10218001</misses>
				<total>19</total>
				<timestamp>3062.335068</timestamp>
			</report>
			<report>
				<misses>10219001</misses>
				<total>19</total>
				<timestamp>3062.634805</timestamp>
			</report>
			<report>
				<misses>10220001</misses>
				<total>19</total>
				<timestamp>3062.934492</timestamp>
			</report>
			<report>
				<misses>10221001</misses>
				<total>19</total>
				<timestamp>3063.234196</timestamp>
			</report>
			<report>
				<misses>10222001</misses>
				<total>19</total>
				<timestamp>3063.533880</timestamp>
			</report>
			<report>
				<misses>10223001</misses>
				<total>19</total>
				<timestamp>3063.833576</timestamp>
			</report>
			<report>
				<misses>10224001</misses>
				<total>18</total>
				<timestamp>3064.133400</timestamp>
			</report>
			<report>
				<misses>10225001</misses>
				<total>19</total>
				<timestamp>3064.432991</timestamp>
			</report>
			<report>
				<misses>10226001</misses>
				<total>18</total>
				<timestamp>3064.732760</timestamp>
			</report>
			<report>
				<misses>10227001</misses>
				<total>19</total>
				<timestamp>3065.032415</timestamp>
			</report>
			<report>
				<misses>10228001</misses>
				<total>19</total>
				<timestamp>3065.332081</timestamp>
			</report>
			<report>
				<misses>10229001</misses>
				<total>19</total>
				<timestamp>3065.631822</timestamp>
			</report>
			<report>
				<misses>10230001</misses>
				<total>19</total>
				<timestamp>3065.931503</timestamp>
			</report>
			<report>
				<misses>10231001</misses>
				<total>19</total>
				<timestamp>3066.231190</timestamp>
			</report>
			<report>
				<misses>10232001</misses>
				<total>19</total>
				<timestamp>3066.530863</timestamp>
			</report>
			<report>
				<misses>10233001</misses>
				<total>19</total>
				<timestamp>3066.830577</timestamp>
			</report>
			<report>
				<misses>10234001</misses>
				<total>19</total>
				<timestamp>3067.130406</timestamp>
			</report>
			<report>
				<misses>10235001</misses>
				<total>19</total>
				<timestamp>3067.430070</timestamp>
			</report>
			<report>
				<misses>10236001</misses>
				<total>19</total>
				<timestamp>3067.729679</timestamp>
			</report>
			<report>
				<misses>10237001</misses>
				<total>19</total>
				<timestamp>3068.029381</timestamp>
			</report>
			<report>
				<misses>10238001</misses>
				<total>19</total>
				<timestamp>3068.329077</timestamp>
			</report>
			<report>
				<misses>10239001</misses>
				<total>19</total>
				<timestamp>3068.628836</timestamp>
			</report>
			<report>
				<misses>10240001</misses>
				<total>19</total>
				<timestamp>3068.928501</timestamp>
			</report>
			<report>
				<misses>10241001</misses>
				<total>19</total>
				<timestamp>3069.228168</timestamp>
			</report>
			<report>
				<misses>10242001</misses>
				<total>19</total>
				<timestamp>3069.527862</timestamp>
			</report>
			<report>
				<misses>10243001</misses>
				<total>19</total>
				<timestamp>3069.827572</timestamp>
			</report>
			<report>
				<misses>10244001</misses>
				<total>19</total>
				<timestamp>3070.127281</timestamp>
			</report>
			<report>
				<misses>10245001</misses>
				<total>19</total>
				<timestamp>3070.427020</timestamp>
			</report>
			<report>
				<misses>10246001</misses>
				<total>19</total>
				<timestamp>3070.726670</timestamp>
			</report>
			<report>
				<misses>10247001</misses>
				<total>19</total>
				<timestamp>3071.026420</timestamp>
			</report>
			<report>
				<misses>10248001</misses>
				<total>19</total>
				<timestamp>3071.326088</timestamp>
			</report>
			<report>
				<misses>10249001</misses>
				<total>19</total>
				<timestamp>3071.625780</timestamp>
			</report>
			<report>
				<misses>10250001</misses>
				<total>19</total>
				<timestamp>3071.925492</timestamp>
			</report>
			<report>
				<misses>10251001</misses>
				<total>19</total>
				<timestamp>3072.225185</timestamp>
			</report>
			<report>
				<misses>10252001</misses>
				<total>19</total>
				<timestamp>3072.524952</timestamp>
			</report>
			<report>
				<misses>10253001</misses>
				<total>19</total>
				<timestamp>3072.824630</timestamp>
			</report>
			<report>
				<misses>10254001</misses>
				<total>19</total>
				<timestamp>3073.124316</timestamp>
			</report>
			<report>
				<misses>10255001</misses>
				<total>19</total>
				<timestamp>3073.423986</timestamp>
			</report>
			<report>
				<misses>10256001</misses>
				<total>19</total>
				<timestamp>3073.723724</timestamp>
			</report>
			<report>
				<misses>10257001</misses>
				<total>19</total>
				<timestamp>3074.023381</timestamp>
			</report>
			<report>
				<misses>10258001</misses>
				<total>19</total>
				<timestamp>3074.323081</timestamp>
			</report>
			<report>
				<misses>10259001</misses>
				<total>19</total>
				<timestamp>3074.622788</timestamp>
			</report>
			<report>
				<misses>10260001</misses>
				<total>18</total>
				<timestamp>3074.922571</timestamp>
			</report>
			<report>
				<misses>10261001</misses>
				<total>19</total>
				<timestamp>3075.222186</timestamp>
			</report>
			<report>
				<misses>10262001</misses>
				<total>19</total>
				<timestamp>3075.521885</timestamp>
			</report>
			<report>
				<misses>10263001</misses>
				<total>19</total>
				<timestamp>3075.821643</timestamp>
			</report>
			<report>
				<misses>10264001</misses>
				<total>19</total>
				<timestamp>3076.121290</timestamp>
			</report>
			<report>
				<misses>10265001</misses>
				<total>19</total>
				<timestamp>3076.421040</timestamp>
			</report>
			<report>
				<misses>10266001</misses>
				<total>19</total>
				<timestamp>3076.720665</timestamp>
			</report>
			<report>
				<misses>10267001</misses>
				<total>19</total>
				<timestamp>3077.020371</timestamp>
			</report>
			<report>
				<misses>10268001</misses>
				<total>19</total>
				<timestamp>3077.320072</timestamp>
			</report>
			<report>
				<misses>10269001</misses>
				<total>19</total>
				<timestamp>3077.619826</timestamp>
			</report>
			<report>
				<misses>10270001</misses>
				<total>19</total>
				<timestamp>3077.919475</timestamp>
			</report>
			<report>
				<misses>10271001</misses>
				<total>19</total>
				<timestamp>3078.219176</timestamp>
			</report>
			<report>
				<misses>10272001</misses>
				<total>19</total>
				<timestamp>3078.518883</timestamp>
			</report>
			<report>
				<misses>10273001</misses>
				<total>19</total>
				<timestamp>3078.818563</timestamp>
			</report>
			<report>
				<misses>10274001</misses>
				<total>19</total>
				<timestamp>3079.118351</timestamp>
			</report>
			<report>
				<misses>10275001</misses>
				<total>19</total>
				<timestamp>3079.418000</timestamp>
			</report>
			<report>
				<misses>10276001</misses>
				<total>19</total>
				<timestamp>3079.717669</timestamp>
			</report>
			<report>
				<misses>10277001</misses>
				<total>19</total>
				<timestamp>3080.017398</timestamp>
			</report>
			<report>
				<misses>10278001</misses>
				<total>19</total>
				<timestamp>3080.317086</timestamp>
			</report>
			<report>
				<misses>10279001</misses>
				<total>19</total>
				<timestamp>3080.616783</timestamp>
			</report>
			<report>
				<misses>10280001</misses>
				<total>19</total>
				<timestamp>3080.916473</timestamp>
			</report>
			<report>
				<misses>10281001</misses>
				<total>18</total>
				<timestamp>3081.216305</timestamp>
			</report>
			<report>
				<misses>10282001</misses>
				<total>19</total>
				<timestamp>3081.515865</timestamp>
			</report>
			<report>
				<misses>10283001</misses>
				<total>19</total>
				<timestamp>3081.815634</timestamp>
			</report>
			<report>
				<misses>10284001</misses>
				<total>19</total>
				<timestamp>3082.115317</timestamp>
			</report>
			<report>
				<misses>10285001</misses>
				<total>19</total>
				<timestamp>3082.415003</timestamp>
			</report>
			<report>
				<misses>10286001</misses>
				<total>19</total>
				<timestamp>3082.714696</timestamp>
			</report>
			<report>
				<misses>10287001</misses>
				<total>19</total>
				<timestamp>3083.014383</timestamp>
			</report>
			<report>
				<misses>10288001</misses>
				<total>19</total>
				<timestamp>3083.314062</timestamp>
			</report>
			<report>
				<misses>10289001</misses>
				<total>19</total>
				<timestamp>3083.613774</timestamp>
			</report>
			<report>
				<misses>10290001</misses>
				<total>19</total>
				<timestamp>3083.913480</timestamp>
			</report>
			<report>
				<misses>10291001</misses>
				<total>18</total>
				<timestamp>3084.213267</timestamp>
			</report>
			<report>
				<misses>10292001</misses>
				<total>19</total>
				<timestamp>3084.512870</timestamp>
			</report>
			<report>
				<misses>10293001</misses>
				<total>19</total>
				<timestamp>3084.812580</timestamp>
			</report>
			<report>
				<misses>10294001</misses>
				<total>19</total>
				<timestamp>3085.112284</timestamp>
			</report>
			<report>
				<misses>10295001</misses>
				<total>19</total>
				<timestamp>3085.411961</timestamp>
			</report>
			<report>
				<misses>10296001</misses>
				<total>19</total>
				<timestamp>3085.711675</timestamp>
			</report>
			<report>
				<misses>10297001</misses>
				<total>19</total>
				<timestamp>3086.011437</timestamp>
			</report>
			<report>
				<misses>10298001</misses>
				<total>19</total>
				<timestamp>3086.311087</timestamp>
			</report>
			<report>
				<misses>10299001</misses>
				<total>19</total>
				<timestamp>3086.610775</timestamp>
			</report>
			<report>
				<misses>10300001</misses>
				<total>19</total>
				<timestamp>3086.910485</timestamp>
			</report>
			<report>
				<misses>10301001</misses>
				<total>19</total>
				<timestamp>3087.210250</timestamp>
			</report>
			<report>
				<misses>10302001</misses>
				<total>19</total>
				<timestamp>3087.509879</timestamp>
			</report>
			<report>
				<misses>10303001</misses>
				<total>19</total>
				<timestamp>3087.809573</timestamp>
			</report>
			<report>
				<misses>10304001</misses>
				<total>19</total>
				<timestamp>3088.109294</timestamp>
			</report>
			<report>
				<misses>10305001</misses>
				<total>19</total>
				<timestamp>3088.408986</timestamp>
			</report>
			<report>
				<misses>10306001</misses>
				<total>19</total>
				<timestamp>3088.708670</timestamp>
			</report>
			<report>
				<misses>10307001</misses>
				<total>19</total>
				<timestamp>3089.008385</timestamp>
			</report>
			<report>
				<misses>10308001</misses>
				<total>19</total>
				<timestamp>3089.308098</timestamp>
			</report>
			<report>
				<misses>10309001</misses>
				<total>19</total>
				<timestamp>3089.607772</timestamp>
			</report>
			<report>
				<misses>10310001</misses>
				<total>19</total>
				<timestamp>3089.907473</timestamp>
			</report>
			<report>
				<misses>10311001</misses>
				<total>19</total>
				<timestamp>3090.207216</timestamp>
			</report>
			<report>
				<misses>10312001</misses>
				<total>19</total>
				<timestamp>3090.506881</timestamp>
			</report>
			<report>
				<misses>10313001</misses>
				<total>19</total>
				<timestamp>3090.806561</timestamp>
			</report>
			<report>
				<misses>10314001</misses>
				<total>19</total>
				<timestamp>3091.106376</timestamp>
			</report>
			<report>
				<misses>10315001</misses>
				<total>19</total>
				<timestamp>3091.405985</timestamp>
			</report>
			<report>
				<misses>10316001</misses>
				<total>19</total>
				<timestamp>3091.705729</timestamp>
			</report>
			<report>
				<misses>10317001</misses>
				<total>19</total>
				<timestamp>3092.005376</timestamp>
			</report>
			<report>
				<misses>10318001</misses>
				<total>19</total>
				<timestamp>3092.305082</timestamp>
			</report>
			<report>
				<misses>10319001</misses>
				<total>19</total>
				<timestamp>3092.604779</timestamp>
			</report>
			<report>
				<misses>10320001</misses>
				<total>19</total>
				<timestamp>3092.904490</timestamp>
			</report>
			<report>
				<misses>10321001</misses>
				<total>19</total>
				<timestamp>3093.204225</timestamp>
			</report>
			<report>
				<misses>10322001</misses>
				<total>19</total>
				<timestamp>3093.503863</timestamp>
			</report>
			<report>
				<misses>10323001</misses>
				<total>19</total>
				<timestamp>3093.803570</timestamp>
			</report>
			<report>
				<misses>10324001</misses>
				<total>19</total>
				<timestamp>3094.103363</timestamp>
			</report>
			<report>
				<misses>10325001</misses>
				<total>19</total>
				<timestamp>3094.403022</timestamp>
			</report>
			<report>
				<misses>10326001</misses>
				<total>19</total>
				<timestamp>3094.702683</timestamp>
			</report>
			<report>
				<misses>10327001</misses>
				<total>19</total>
				<timestamp>3095.002370</timestamp>
			</report>
			<report>
				<misses>10328001</misses>
				<total>19</total>
				<timestamp>3095.302088</timestamp>
			</report>
			<report>
				<misses>10329001</misses>
				<total>19</total>
				<timestamp>3095.601778</timestamp>
			</report>
			<report>
				<misses>10330001</misses>
				<total>19</total>
				<timestamp>3095.901464</timestamp>
			</report>
			<report>
				<misses>10331001</misses>
				<total>18</total>
				<timestamp>3096.201287</timestamp>
			</report>
			<report>
				<misses>10332001</misses>
				<total>19</total>
				<timestamp>3096.500870</timestamp>
			</report>
			<report>
				<misses>10333001</misses>
				<total>19</total>
				<timestamp>3096.800645</timestamp>
			</report>
			<report>
				<misses>10334001</misses>
				<total>19</total>
				<timestamp>3097.100304</timestamp>
			</report>
			<report>
				<misses>10335001</misses>
				<total>19</total>
				<timestamp>3097.399987</timestamp>
			</report>
			<report>
				<misses>10336001</misses>
				<total>19</total>
				<timestamp>3097.699725</timestamp>
			</report>
			<report>
				<misses>10337001</misses>
				<total>19</total>
				<timestamp>3097.999376</timestamp>
			</report>
			<report>
				<misses>10338001</misses>
				<total>19</total>
				<timestamp>3098.299082</timestamp>
			</report>
			<report>
				<misses>10339001</misses>
				<total>19</total>
				<timestamp>3098.598779</timestamp>
			</report>
			<report>
				<misses>10340001</misses>
				<total>19</total>
				<timestamp>3098.898471</timestamp>
			</report>
			<report>
				<misses>10341001</misses>
				<total>19</total>
				<timestamp>3099.198197</timestamp>
			</report>
			<report>
				<misses>10342001</misses>
				<total>19</total>
				<timestamp>3099.497918</timestamp>
			</report>
			<report>
				<misses>10343001</misses>
				<total>19</total>
				<timestamp>3099.797619</timestamp>
			</report>
			<report>
				<misses>10344001</misses>
				<total>19</total>
				<timestamp>3100.097280</timestamp>
			</report>
			<report>
				<misses>10345001</misses>
				<total>19</total>
				<timestamp>3100.396989</timestamp>
			</report>
			<report>
				<misses>10346001</misses>
				<total>19</total>
				<timestamp>3100.696677</timestamp>
			</report>
			<report>
				<misses>10347001</misses>
				<total>19</total>
				<timestamp>3100.996401</timestamp>
			</report>
			<report>
				<misses>10348001</misses>
				<total>19</total>
				<timestamp>3101.296071</timestamp>
			</report>
			<report>
				<misses>10349001</misses>
				<total>19</total>
				<timestamp>3101.595774</timestamp>
			</report>
			<report>
				<misses>10350001</misses>
				<total>19</total>
				<timestamp>3101.895482</timestamp>
			</report>
			<report>
				<misses>10351001</misses>
				<total>19</total>
				<timestamp>3102.195212</timestamp>
			</report>
			<report>
				<misses>10352001</misses>
				<total>19</total>
				<timestamp>3102.494879</timestamp>
			</report>
			<report>
				<misses>10353001</misses>
				<total>19</total>
				<timestamp>3102.794568</timestamp>
			</report>
			<report>
				<misses>10354001</misses>
				<total>20</total>
				<timestamp>3103.094273</timestamp>
			</report>
			<report>
				<misses>10355001</misses>
				<total>20</total>
				<timestamp>3103.393985</timestamp>
			</report>
			<report>
				<misses>10356001</misses>
				<total>20</total>
				<timestamp>3103.693691</timestamp>
			</report>
			<report>
				<misses>10357001</misses>
				<total>20</total>
				<timestamp>3103.993388</timestamp>
			</report>
			<report>
				<misses>10358001</misses>
				<total>20</total>
				<timestamp>3104.293138</timestamp>
			</report>
			<report>
				<misses>10359001</misses>
				<total>20</total>
				<timestamp>3104.592811</timestamp>
			</report>
			<report>
				<misses>10360001</misses>
				<total>20</total>
				<timestamp>3104.892474</timestamp>
			</report>
			<report>
				<misses>10361001</misses>
				<total>20</total>
				<timestamp>3105.192179</timestamp>
			</report>
			<report>
				<misses>10362001</misses>
				<total>20</total>
				<timestamp>3105.491861</timestamp>
			</report>
			<report>
				<misses>10363001</misses>
				<total>19</total>
				<timestamp>3105.791679</timestamp>
			</report>
			<report>
				<misses>10364001</misses>
				<total>20</total>
				<timestamp>3106.091295</timestamp>
			</report>
			<report>
				<misses>10365001</misses>
				<total>20</total>
				<timestamp>3106.390992</timestamp>
			</report>
			<report>
				<misses>10366001</misses>
				<total>20</total>
				<timestamp>3106.690676</timestamp>
			</report>
			<report>
				<misses>10367001</misses>
				<total>20</total>
				<timestamp>3106.990382</timestamp>
			</report>
			<report>
				<misses>10368001</misses>
				<total>20</total>
				<timestamp>3107.290111</timestamp>
			</report>
			<report>
				<misses>10369001</misses>
				<total>20</total>
				<timestamp>3107.589777</timestamp>
			</report>
			<report>
				<misses>10370001</misses>
				<total>20</total>
				<timestamp>3107.889466</timestamp>
			</report>
			<report>
				<misses>10371001</misses>
				<total>20</total>
				<timestamp>3108.189173</timestamp>
			</report>
			<report>
				<misses>10372001</misses>
				<total>20</total>
				<timestamp>3108.488878</timestamp>
			</report>
			<report>
				<misses>10373001</misses>
				<total>20</total>
				<timestamp>3108.788569</timestamp>
			</report>
			<report>
				<misses>10374001</misses>
				<total>20</total>
				<timestamp>3109.088280</timestamp>
			</report>
			<report>
				<misses>10375001</misses>
				<total>20</total>
				<timestamp>3109.387998</timestamp>
			</report>
			<report>
				<misses>10376001</misses>
				<total>20</total>
				<timestamp>3109.687671</timestamp>
			</report>
			<report>
				<misses>10377001</misses>
				<total>20</total>
				<timestamp>3109.987419</timestamp>
			</report>
			<report>
				<misses>10378001</misses>
				<total>20</total>
				<timestamp>3110.287083</timestamp>
			</report>
			<report>
				<misses>10379001</misses>
				<total>20</total>
				<timestamp>3110.586763</timestamp>
			</report>
			<report>
				<misses>10380001</misses>
				<total>20</total>
				<timestamp>3110.886547</timestamp>
			</report>
			<report>
				<misses>10381001</misses>
				<total>20</total>
				<timestamp>3111.186200</timestamp>
			</report>
			<report>
				<misses>10382001</misses>
				<total>20</total>
				<timestamp>3111.485926</timestamp>
			</report>
			<report>
				<misses>10383001</misses>
				<total>20</total>
				<timestamp>3111.785675</timestamp>
			</report>
			<report>
				<misses>10384001</misses>
				<total>20</total>
				<timestamp>3112.085270</timestamp>
			</report>
			<report>
				<misses>10385001</misses>
				<total>20</total>
				<timestamp>3112.384978</timestamp>
			</report>
			<report>
				<misses>10386001</misses>
				<total>20</total>
				<timestamp>3112.684734</timestamp>
			</report>
			<report>
				<misses>10387001</misses>
				<total>20</total>
				<timestamp>3112.984452</timestamp>
			</report>
			<report>
				<misses>10388001</misses>
				<total>20</total>
				<timestamp>3113.284114</timestamp>
			</report>
			<report>
				<misses>10389001</misses>
				<total>20</total>
				<timestamp>3113.583784</timestamp>
			</report>
			<report>
				<misses>10390001</misses>
				<total>20</total>
				<timestamp>3113.883482</timestamp>
			</report>
			<report>
				<misses>10391001</misses>
				<total>20</total>
				<timestamp>3114.183274</timestamp>
			</report>
			<report>
				<misses>10392001</misses>
				<total>20</total>
				<timestamp>3114.482888</timestamp>
			</report>
			<report>
				<misses>10393001</misses>
				<total>20</total>
				<timestamp>3114.782600</timestamp>
			</report>
			<report>
				<misses>10394001</misses>
				<total>20</total>
				<timestamp>3115.082312</timestamp>
			</report>
			<report>
				<misses>10395001</misses>
				<total>20</total>
				<timestamp>3115.381979</timestamp>
			</report>
			<report>
				<misses>10396001</misses>
				<total>20</total>
				<timestamp>3115.681694</timestamp>
			</report>
			<report>
				<misses>10397001</misses>
				<total>20</total>
				<timestamp>3115.981384</timestamp>
			</report>
			<report>
				<misses>10398001</misses>
				<total>20</total>
				<timestamp>3116.281088</timestamp>
			</report>
			<report>
				<misses>10399001</misses>
				<total>20</total>
				<timestamp>3116.580767</timestamp>
			</report>
			<report>
				<misses>10400001</misses>
				<total>20</total>
				<timestamp>3116.880517</timestamp>
			</report>
			<report>
				<misses>10401001</misses>
				<total>20</total>
				<timestamp>3117.180195</timestamp>
			</report>
			<report>
				<misses>10402001</misses>
				<total>20</total>
				<timestamp>3117.479869</timestamp>
			</report>
			<report>
				<misses>10403001</misses>
				<total>20</total>
				<timestamp>3117.779568</timestamp>
			</report>
			<report>
				<misses>10404001</misses>
				<total>20</total>
				<timestamp>3118.079272</timestamp>
			</report>
			<report>
				<misses>10405001</misses>
				<total>20</total>
				<timestamp>3118.379071</timestamp>
			</report>
			<report>
				<misses>10406001</misses>
				<total>20</total>
				<timestamp>3118.678700</timestamp>
			</report>
			<report>
				<misses>10407001</misses>
				<total>20</total>
				<timestamp>3118.978383</timestamp>
			</report>
			<report>
				<misses>10408001</misses>
				<total>20</total>
				<timestamp>3119.278105</timestamp>
			</report>
			<report>
				<misses>10409001</misses>
				<total>20</total>
				<timestamp>3119.577771</timestamp>
			</report>
			<report>
				<misses>10410001</misses>
				<total>20</total>
				<timestamp>3119.877552</timestamp>
			</report>
			<report>
				<misses>10411001</misses>
				<total>20</total>
				<timestamp>3120.177220</timestamp>
			</report>
			<report>
				<misses>10412001</misses>
				<total>20</total>
				<timestamp>3120.476861</timestamp>
			</report>
			<report>
				<misses>10413001</misses>
				<total>19</total>
				<timestamp>3120.776682</timestamp>
			</report>
			<report>
				<misses>10414001</misses>
				<total>20</total>
				<timestamp>3121.076274</timestamp>
			</report>
			<report>
				<misses>10415001</misses>
				<total>20</total>
				<timestamp>3121.376025</timestamp>
			</report>
			<report>
				<misses>10416001</misses>
				<total>20</total>
				<timestamp>3121.675669</timestamp>
			</report>
			<report>
				<misses>10417001</misses>
				<total>20</total>
				<timestamp>3121.975457</timestamp>
			</report>
			<report>
				<misses>10418001</misses>
				<total>20</total>
				<timestamp>3122.275070</timestamp>
			</report>
			<report>
				<misses>10419001</misses>
				<total>20</total>
				<timestamp>3122.574781</timestamp>
			</report>
			<report>
				<misses>10420001</misses>
				<total>20</total>
				<timestamp>3122.874526</timestamp>
			</report>
			<report>
				<misses>10421001</misses>
				<total>20</total>
				<timestamp>3123.174188</timestamp>
			</report>
			<report>
				<misses>10422001</misses>
				<total>20</total>
				<timestamp>3123.473878</timestamp>
			</report>
			<report>
				<misses>10423001</misses>
				<total>20</total>
				<timestamp>3123.773603</timestamp>
			</report>
			<report>
				<misses>10424001</misses>
				<total>20</total>
				<timestamp>3124.073304</timestamp>
			</report>
			<report>
				<misses>10425001</misses>
				<total>20</total>
				<timestamp>3124.373008</timestamp>
			</report>
			<report>
				<misses>10426001</misses>
				<total>20</total>
				<timestamp>3124.672671</timestamp>
			</report>
			<report>
				<misses>10427001</misses>
				<total>19</total>
				<timestamp>3124.972472</timestamp>
			</report>
			<report>
				<misses>10428001</misses>
				<total>20</total>
				<timestamp>3125.272097</timestamp>
			</report>
			<report>
				<misses>10429001</misses>
				<total>20</total>
				<timestamp>3125.571786</timestamp>
			</report>
			<report>
				<misses>10430001</misses>
				<total>20</total>
				<timestamp>3125.871475</timestamp>
			</report>
			<report>
				<misses>10431001</misses>
				<total>20</total>
				<timestamp>3126.171179</timestamp>
			</report>
			<report>
				<misses>10432001</misses>
				<total>20</total>
				<timestamp>3126.470869</timestamp>
			</report>
			<report>
				<misses>10433001</misses>
				<total>20</total>
				<timestamp>3126.770638</timestamp>
			</report>
			<report>
				<misses>10434001</misses>
				<total>20</total>
				<timestamp>3127.070283</timestamp>
			</report>
			<report>
				<misses>10435001</misses>
				<total>20</total>
				<timestamp>3127.369997</timestamp>
			</report>
			<report>
				<misses>10436001</misses>
				<total>20</total>
				<timestamp>3127.669725</timestamp>
			</report>
			<report>
				<misses>10437001</misses>
				<total>20</total>
				<timestamp>3127.969431</timestamp>
			</report>
			<report>
				<misses>10438001</misses>
				<total>20</total>
				<timestamp>3128.269104</timestamp>
			</report>
			<report>
				<misses>10439001</misses>
				<total>20</total>
				<timestamp>3128.568770</timestamp>
			</report>
			<report>
				<misses>10440001</misses>
				<total>20</total>
				<timestamp>3128.868555</timestamp>
			</report>
			<report>
				<misses>10441001</misses>
				<total>20</total>
				<timestamp>3129.168164</timestamp>
			</report>
			<report>
				<misses>10442001</misses>
				<total>20</total>
				<timestamp>3129.467886</timestamp>
			</report>
			<report>
				<misses>10443001</misses>
				<total>20</total>
				<timestamp>3129.767575</timestamp>
			</report>
			<report>
				<misses>10444001</misses>
				<total>20</total>
				<timestamp>3130.067316</timestamp>
			</report>
			<report>
				<misses>10445001</misses>
				<total>20</total>
				<timestamp>3130.367003</timestamp>
			</report>
			<report>
				<misses>10446001</misses>
				<total>20</total>
				<timestamp>3130.666673</timestamp>
			</report>
			<report>
				<misses>10447001</misses>
				<total>20</total>
				<timestamp>3130.966371</timestamp>
			</report>
			<report>
				<misses>10448001</misses>
				<total>20</total>
				<timestamp>3131.266106</timestamp>
			</report>
			<report>
				<misses>10449001</misses>
				<total>20</total>
				<timestamp>3131.565762</timestamp>
			</report>
			<report>
				<misses>10450001</misses>
				<total>20</total>
				<timestamp>3131.865467</timestamp>
			</report>
			<report>
				<misses>10451001</misses>
				<total>20</total>
				<timestamp>3132.165189</timestamp>
			</report>
			<report>
				<misses>10452001</misses>
				<total>20</total>
				<timestamp>3132.464885</timestamp>
			</report>
			<report>
				<misses>10453001</misses>
				<total>20</total>
				<timestamp>3132.764565</timestamp>
			</report>
			<report>
				<misses>10454001</misses>
				<total>20</total>
				<timestamp>3133.064276</timestamp>
			</report>
			<report>
				<misses>10455001</misses>
				<total>20</total>
				<timestamp>3133.364020</timestamp>
			</report>
			<report>
				<misses>10456001</misses>
				<total>20</total>
				<timestamp>3133.663681</timestamp>
			</report>
			<report>
				<misses>10457001</misses>
				<total>20</total>
				<timestamp>3133.963405</timestamp>
			</report>
			<report>
				<misses>10458001</misses>
				<total>20</total>
				<timestamp>3134.263127</timestamp>
			</report>
			<report>
				<misses>10459001</misses>
				<total>20</total>
				<timestamp>3134.562811</timestamp>
			</report>
			<report>
				<misses>10460001</misses>
				<total>20</total>
				<timestamp>3134.862469</timestamp>
			</report>
			<report>
				<misses>10461001</misses>
				<total>20</total>
				<timestamp>3135.162171</timestamp>
			</report>
			<report>
				<misses>10462001</misses>
				<total>19</total>
				<timestamp>3135.462004</timestamp>
			</report>
			<report>
				<misses>10463001</misses>
				<total>20</total>
				<timestamp>3135.761622</timestamp>
			</report>
			<report>
				<misses>10464001</misses>
				<total>20</total>
				<timestamp>3136.061341</timestamp>
			</report>
			<report>
				<misses>10465001</misses>
				<total>20</total>
				<timestamp>3136.360989</timestamp>
			</report>
			<report>
				<misses>10466001</misses>
				<total>20</total>
				<timestamp>3136.660711</timestamp>
			</report>
			<report>
				<misses>10467001</misses>
				<total>20</total>
				<timestamp>3136.960387</timestamp>
			</report>
			<report>
				<misses>10468001</misses>
				<total>20</total>
				<timestamp>3137.260087</timestamp>
			</report>
			<report>
				<misses>10469001</misses>
				<total>20</total>
				<timestamp>3137.559775</timestamp>
			</report>
			<report>
				<misses>10470001</misses>
				<total>20</total>
				<timestamp>3137.859466</timestamp>
			</report>
			<report>
				<misses>10471001</misses>
				<total>20</total>
				<timestamp>3138.159172</timestamp>
			</report>
			<report>
				<misses>10472001</misses>
				<total>20</total>
				<timestamp>3138.458894</timestamp>
			</report>
			<report>
				<misses>10473001</misses>
				<total>20</total>
				<timestamp>3138.758588</timestamp>
			</report>
			<report>
				<misses>10474001</misses>
				<total>20</total>
				<timestamp>3139.058338</timestamp>
			</report>
			<report>
				<misses>10475001</misses>
				<total>20</total>
				<timestamp>3139.358008</timestamp>
			</report>
			<report>
				<misses>10476001</misses>
				<total>20</total>
				<timestamp>3139.657674</timestamp>
			</report>
			<report>
				<misses>10477001</misses>
				<total>20</total>
				<timestamp>3139.957363</timestamp>
			</report>
			<report>
				<misses>10478001</misses>
				<total>20</total>
				<timestamp>3140.257075</timestamp>
			</report>
			<report>
				<misses>10479001</misses>
				<total>20</total>
				<timestamp>3140.556769</timestamp>
			</report>
			<report>
				<misses>10480001</misses>
				<total>20</total>
				<timestamp>3140.856476</timestamp>
			</report>
			<report>
				<misses>10481001</misses>
				<total>20</total>
				<timestamp>3141.156220</timestamp>
			</report>
			<report>
				<misses>10482001</misses>
				<total>20</total>
				<timestamp>3141.455886</timestamp>
			</report>
			<report>
				<misses>10483001</misses>
				<total>20</total>
				<timestamp>3141.755564</timestamp>
			</report>
			<report>
				<misses>10484001</misses>
				<total>20</total>
				<timestamp>3142.055341</timestamp>
			</report>
			<report>
				<misses>10485001</misses>
				<total>20</total>
				<timestamp>3142.354985</timestamp>
			</report>
			<report>
				<misses>10486001</misses>
				<total>20</total>
				<timestamp>3142.654721</timestamp>
			</report>
			<report>
				<misses>10487001</misses>
				<total>20</total>
				<timestamp>3142.954371</timestamp>
			</report>
			<report>
				<misses>10488001</misses>
				<total>20</total>
				<timestamp>3143.254184</timestamp>
			</report>
			<report>
				<misses>10489001</misses>
				<total>20</total>
				<timestamp>3143.553784</timestamp>
			</report>
			<report>
				<misses>10490001</misses>
				<total>20</total>
				<timestamp>3143.853482</timestamp>
			</report>
			<report>
				<misses>10491001</misses>
				<total>20</total>
				<timestamp>3144.153198</timestamp>
			</report>
			<report>
				<misses>10492001</misses>
				<total>20</total>
				<timestamp>3144.452891</timestamp>
			</report>
			<report>
				<misses>10493001</misses>
				<total>19</total>
				<timestamp>3144.752670</timestamp>
			</report>
			<report>
				<misses>10494001</misses>
				<total>19</total>
				<timestamp>3145.052389</timestamp>
			</report>
			<report>
				<misses>10495001</misses>
				<total>20</total>
				<timestamp>3145.352035</timestamp>
			</report>
			<report>
				<misses>10496001</misses>
				<total>20</total>
				<timestamp>3145.651664</timestamp>
			</report>
			<report>
				<misses>10497001</misses>
				<total>20</total>
				<timestamp>3145.951374</timestamp>
			</report>
			<report>
				<misses>10498001</misses>
				<total>20</total>
				<timestamp>3146.251100</timestamp>
			</report>
			<report>
				<misses>10499001</misses>
				<total>20</total>
				<timestamp>3146.550784</timestamp>
			</report>
			<report>
				<misses>10500001</misses>
				<total>20</total>
				<timestamp>3146.850459</timestamp>
			</report>
			<report>
				<misses>10501001</misses>
				<total>20</total>
				<timestamp>3147.150160</timestamp>
			</report>
			<report>
				<misses>10502001</misses>
				<total>20</total>
				<timestamp>3147.449905</timestamp>
			</report>
			<report>
				<misses>10503001</misses>
				<total>20</total>
				<timestamp>3147.749628</timestamp>
			</report>
			<report>
				<misses>10504001</misses>
				<total>20</total>
				<timestamp>3148.049295</timestamp>
			</report>
			<report>
				<misses>10505001</misses>
				<total>20</total>
				<timestamp>3148.349017</timestamp>
			</report>
			<report>
				<misses>10506001</misses>
				<total>20</total>
				<timestamp>3148.648674</timestamp>
			</report>
			<report>
				<misses>10507001</misses>
				<total>20</total>
				<timestamp>3148.948379</timestamp>
			</report>
			<report>
				<misses>10508001</misses>
				<total>20</total>
				<timestamp>3149.248138</timestamp>
			</report>
			<report>
				<misses>10509001</misses>
				<total>20</total>
				<timestamp>3149.547791</timestamp>
			</report>
			<report>
				<misses>10510001</misses>
				<total>20</total>
				<timestamp>3149.847470</timestamp>
			</report>
			<report>
				<misses>10511001</misses>
				<total>20</total>
				<timestamp>3150.147166</timestamp>
			</report>
			<report>
				<misses>10512001</misses>
				<total>20</total>
				<timestamp>3150.446874</timestamp>
			</report>
			<report>
				<misses>10513001</misses>
				<total>20</total>
				<timestamp>3150.746579</timestamp>
			</report>
			<report>
				<misses>10514001</misses>
				<total>20</total>
				<timestamp>3151.046271</timestamp>
			</report>
			<report>
				<misses>10515001</misses>
				<total>20</total>
				<timestamp>3151.346023</timestamp>
			</report>
			<report>
				<misses>10516001</misses>
				<total>20</total>
				<timestamp>3151.645674</timestamp>
			</report>
			<report>
				<misses>10517001</misses>
				<total>20</total>
				<timestamp>3151.945366</timestamp>
			</report>
			<report>
				<misses>10518001</misses>
				<total>20</total>
				<timestamp>3152.245135</timestamp>
			</report>
			<report>
				<misses>10519001</misses>
				<total>20</total>
				<timestamp>3152.544796</timestamp>
			</report>
			<report>
				<misses>10520001</misses>
				<total>20</total>
				<timestamp>3152.844482</timestamp>
			</report>
			<report>
				<misses>10521001</misses>
				<total>20</total>
				<timestamp>3153.144234</timestamp>
			</report>
			<report>
				<misses>10522001</misses>
				<total>20</total>
				<timestamp>3153.443949</timestamp>
			</report>
			<report>
				<misses>10523001</misses>
				<total>20</total>
				<timestamp>3153.743582</timestamp>
			</report>
			<report>
				<misses>10524001</misses>
				<total>20</total>
				<timestamp>3154.043338</timestamp>
			</report>
			<report>
				<misses>10525001</misses>
				<total>20</total>
				<timestamp>3154.343025</timestamp>
			</report>
			<report>
				<misses>10526001</misses>
				<total>20</total>
				<timestamp>3154.642674</timestamp>
			</report>
			<report>
				<misses>10527001</misses>
				<total>20</total>
				<timestamp>3154.942395</timestamp>
			</report>
			<report>
				<misses>10528001</misses>
				<total>20</total>
				<timestamp>3155.242087</timestamp>
			</report>
			<report>
				<misses>10529001</misses>
				<total>20</total>
				<timestamp>3155.541815</timestamp>
			</report>
			<report>
				<misses>10530001</misses>
				<total>20</total>
				<timestamp>3155.841529</timestamp>
			</report>
			<report>
				<misses>10531001</misses>
				<total>20</total>
				<timestamp>3156.141160</timestamp>
			</report>
			<report>
				<misses>10532001</misses>
				<total>20</total>
				<timestamp>3156.440878</timestamp>
			</report>
			<report>
				<misses>10533001</misses>
				<total>20</total>
				<timestamp>3156.740626</timestamp>
			</report>
			<report>
				<misses>10534001</misses>
				<total>20</total>
				<timestamp>3157.040308</timestamp>
			</report>
			<report>
				<misses>10535001</misses>
				<total>20</total>
				<timestamp>3157.339990</timestamp>
			</report>
			<report>
				<misses>10536001</misses>
				<total>20</total>
				<timestamp>3157.639807</timestamp>
			</report>
			<report>
				<misses>10537001</misses>
				<total>20</total>
				<timestamp>3157.939414</timestamp>
			</report>
			<report>
				<misses>10538001</misses>
				<total>20</total>
				<timestamp>3158.239073</timestamp>
			</report>
			<report>
				<misses>10539001</misses>
				<total>20</total>
				<timestamp>3158.538828</timestamp>
			</report>
			<report>
				<misses>10540001</misses>
				<total>20</total>
				<timestamp>3158.838463</timestamp>
			</report>
			<report>
				<misses>10541001</misses>
				<total>20</total>
				<timestamp>3159.138221</timestamp>
			</report>
			<report>
				<misses>10542001</misses>
				<total>20</total>
				<timestamp>3159.437912</timestamp>
			</report>
			<report>
				<misses>10543001</misses>
				<total>20</total>
				<timestamp>3159.737567</timestamp>
			</report>
			<report>
				<misses>10544001</misses>
				<total>20</total>
				<timestamp>3160.037336</timestamp>
			</report>
			<report>
				<misses>10545001</misses>
				<total>20</total>
				<timestamp>3160.336992</timestamp>
			</report>
			<report>
				<misses>10546001</misses>
				<total>20</total>
				<timestamp>3160.636664</timestamp>
			</report>
			<report>
				<misses>10547001</misses>
				<total>20</total>
				<timestamp>3160.936380</timestamp>
			</report>
			<report>
				<misses>10548001</misses>
				<total>20</total>
				<timestamp>3161.236096</timestamp>
			</report>
			<report>
				<misses>10549001</misses>
				<total>20</total>
				<timestamp>3161.535807</timestamp>
			</report>
			<report>
				<misses>10550001</misses>
				<total>20</total>
				<timestamp>3161.835468</timestamp>
			</report>
			<report>
				<misses>10551001</misses>
				<total>20</total>
				<timestamp>3162.135219</timestamp>
			</report>
			<report>
				<misses>10552001</misses>
				<total>20</total>
				<timestamp>3162.434900</timestamp>
			</report>
			<report>
				<misses>10553001</misses>
				<total>20</total>
				<timestamp>3162.734580</timestamp>
			</report>
			<report>
				<misses>10554001</misses>
				<total>20</total>
				<timestamp>3163.034320</timestamp>
			</report>
			<report>
				<misses>10555001</misses>
				<total>20</total>
				<timestamp>3163.334031</timestamp>
			</report>
			<report>
				<misses>10556001</misses>
				<total>20</total>
				<timestamp>3163.633784</timestamp>
			</report>
			<report>
				<misses>10557001</misses>
				<total>20</total>
				<timestamp>3163.933391</timestamp>
			</report>
			<report>
				<misses>10558001</misses>
				<total>20</total>
				<timestamp>3164.233077</timestamp>
			</report>
			<report>
				<misses>10559001</misses>
				<total>20</total>
				<timestamp>3164.532809</timestamp>
			</report>
			<report>
				<misses>10560001</misses>
				<total>20</total>
				<timestamp>3164.832480</timestamp>
			</report>
			<report>
				<misses>10561001</misses>
				<total>20</total>
				<timestamp>3165.132187</timestamp>
			</report>
			<report>
				<misses>10562001</misses>
				<total>20</total>
				<timestamp>3165.431948</timestamp>
			</report>
			<report>
				<misses>10563001</misses>
				<total>20</total>
				<timestamp>3165.731564</timestamp>
			</report>
			<report>
				<misses>10564001</misses>
				<total>20</total>
				<timestamp>3166.031333</timestamp>
			</report>
			<report>
				<misses>10565001</misses>
				<total>20</total>
				<timestamp>3166.330974</timestamp>
			</report>
			<report>
				<misses>10566001</misses>
				<total>20</total>
				<timestamp>3166.630681</timestamp>
			</report>
			<report>
				<misses>10567001</misses>
				<total>20</total>
				<timestamp>3166.930409</timestamp>
			</report>
			<report>
				<misses>10568001</misses>
				<total>20</total>
				<timestamp>3167.230076</timestamp>
			</report>
			<report>
				<misses>10569001</misses>
				<total>20</total>
				<timestamp>3167.529797</timestamp>
			</report>
			<report>
				<misses>10570001</misses>
				<total>19</total>
				<timestamp>3167.829563</timestamp>
			</report>
			<report>
				<misses>10571001</misses>
				<total>20</total>
				<timestamp>3168.129259</timestamp>
			</report>
			<report>
				<misses>10572001</misses>
				<total>20</total>
				<timestamp>3168.428883</timestamp>
			</report>
			<report>
				<misses>10573001</misses>
				<total>20</total>
				<timestamp>3168.728579</timestamp>
			</report>
			<report>
				<misses>10574001</misses>
				<total>20</total>
				<timestamp>3169.028321</timestamp>
			</report>
			<report>
				<misses>10575001</misses>
				<total>20</total>
				<timestamp>3169.327992</timestamp>
			</report>
			<report>
				<misses>10576001</misses>
				<total>20</total>
				<timestamp>3169.627779</timestamp>
			</report>
			<report>
				<misses>10577001</misses>
				<total>20</total>
				<timestamp>3169.927384</timestamp>
			</report>
			<report>
				<misses>10578001</misses>
				<total>20</total>
				<timestamp>3170.227080</timestamp>
			</report>
			<report>
				<misses>10579001</misses>
				<total>20</total>
				<timestamp>3170.526772</timestamp>
			</report>
			<report>
				<misses>10580001</misses>
				<total>20</total>
				<timestamp>3170.826476</timestamp>
			</report>
			<report>
				<misses>10581001</misses>
				<total>20</total>
				<timestamp>3171.126242</timestamp>
			</report>
			<report>
				<misses>10582001</misses>
				<total>20</total>
				<timestamp>3171.425880</timestamp>
			</report>
			<report>
				<misses>10583001</misses>
				<total>20</total>
				<timestamp>3171.725586</timestamp>
			</report>
			<report>
				<misses>10584001</misses>
				<total>20</total>
				<timestamp>3172.025279</timestamp>
			</report>
			<report>
				<misses>10585001</misses>
				<total>20</total>
				<timestamp>3172.324984</timestamp>
			</report>
			<report>
				<misses>10586001</misses>
				<total>20</total>
				<timestamp>3172.624735</timestamp>
			</report>
			<report>
				<misses>10587001</misses>
				<total>20</total>
				<timestamp>3172.924366</timestamp>
			</report>
			<report>
				<misses>10588001</misses>
				<total>20</total>
				<timestamp>3173.224063</timestamp>
			</report>
			<report>
				<misses>10589001</misses>
				<total>20</total>
				<timestamp>3173.523810</timestamp>
			</report>
			<report>
				<misses>10590001</misses>
				<total>20</total>
				<timestamp>3173.823482</timestamp>
			</report>
			<report>
				<misses>10591001</misses>
				<total>20</total>
				<timestamp>3174.123167</timestamp>
			</report>
			<report>
				<misses>10592001</misses>
				<total>20</total>
				<timestamp>3174.422876</timestamp>
			</report>
			<report>
				<misses>10593001</misses>
				<total>20</total>
				<timestamp>3174.722692</timestamp>
			</report>
			<report>
				<misses>10594001</misses>
				<total>20</total>
				<timestamp>3175.022276</timestamp>
			</report>
			<report>
				<misses>10595001</misses>
				<total>20</total>
				<timestamp>3175.321989</timestamp>
			</report>
			<report>
				<misses>10596001</misses>
				<total>20</total>
				<timestamp>3175.621750</timestamp>
			</report>
			<report>
				<misses>10597001</misses>
				<total>20</total>
				<timestamp>3175.921368</timestamp>
			</report>
			<report>
				<misses>10598001</misses>
				<total>20</total>
				<timestamp>3176.221126</timestamp>
			</report>
			<report>
				<misses>10599001</misses>
				<total>20</total>
				<timestamp>3176.520773</timestamp>
			</report>
			<report>
				<misses>10600001</misses>
				<total>20</total>
				<timestamp>3176.820474</timestamp>
			</report>
			<report>
				<misses>10601001</misses>
				<total>20</total>
				<timestamp>3177.120197</timestamp>
			</report>
			<report>
				<misses>10602001</misses>
				<total>20</total>
				<timestamp>3177.419886</timestamp>
			</report>
			<report>
				<misses>10603001</misses>
				<total>20</total>
				<timestamp>3177.719586</timestamp>
			</report>
			<report>
				<misses>10604001</misses>
				<total>20</total>
				<timestamp>3178.019346</timestamp>
			</report>
			<report>
				<misses>10605001</misses>
				<total>20</total>
				<timestamp>3178.318969</timestamp>
			</report>
			<report>
				<misses>10606001</misses>
				<total>20</total>
				<timestamp>3178.618724</timestamp>
			</report>
			<report>
				<misses>10607001</misses>
				<total>20</total>
				<timestamp>3178.918376</timestamp>
			</report>
			<report>
				<misses>10608001</misses>
				<total>20</total>
				<timestamp>3179.218147</timestamp>
			</report>
			<report>
				<misses>10609001</misses>
				<total>20</total>
				<timestamp>3179.517800</timestamp>
			</report>
			<report>
				<misses>10610001</misses>
				<total>20</total>
				<timestamp>3179.817480</timestamp>
			</report>
			<report>
				<misses>10611001</misses>
				<total>20</total>
				<timestamp>3180.117245</timestamp>
			</report>
			<report>
				<misses>10612001</misses>
				<total>20</total>
				<timestamp>3180.416878</timestamp>
			</report>
			<report>
				<misses>10613001</misses>
				<total>20</total>
				<timestamp>3180.716582</timestamp>
			</report>
			<report>
				<misses>10614001</misses>
				<total>20</total>
				<timestamp>3181.016262</timestamp>
			</report>
			<report>
				<misses>10615001</misses>
				<total>20</total>
				<timestamp>3181.315982</timestamp>
			</report>
			<report>
				<misses>10616001</misses>
				<total>20</total>
				<timestamp>3181.615681</timestamp>
			</report>
			<report>
				<misses>10617001</misses>
				<total>20</total>
				<timestamp>3181.915379</timestamp>
			</report>
			<report>
				<misses>10618001</misses>
				<total>20</total>
				<timestamp>3182.215118</timestamp>
			</report>
			<report>
				<misses>10619001</misses>
				<total>20</total>
				<timestamp>3182.514828</timestamp>
			</report>
			<report>
				<misses>10620001</misses>
				<total>20</total>
				<timestamp>3182.814460</timestamp>
			</report>
			<report>
				<misses>10621001</misses>
				<total>20</total>
				<timestamp>3183.114227</timestamp>
			</report>
			<report>
				<misses>10622001</misses>
				<total>20</total>
				<timestamp>3183.413883</timestamp>
			</report>
			<report>
				<misses>10623001</misses>
				<total>20</total>
				<timestamp>3183.713619</timestamp>
			</report>
			<report>
				<misses>10624001</misses>
				<total>20</total>
				<timestamp>3184.013285</timestamp>
			</report>
			<report>
				<misses>10625001</misses>
				<total>20</total>
				<timestamp>3184.313045</timestamp>
			</report>
			<report>
				<misses>10626001</misses>
				<total>20</total>
				<timestamp>3184.612672</timestamp>
			</report>
			<report>
				<misses>10627001</misses>
				<total>20</total>
				<timestamp>3184.912377</timestamp>
			</report>
			<report>
				<misses>10628001</misses>
				<total>19</total>
				<timestamp>3185.212196</timestamp>
			</report>
			<report>
				<misses>10629001</misses>
				<total>20</total>
				<timestamp>3185.511793</timestamp>
			</report>
			<report>
				<misses>10630001</misses>
				<total>20</total>
				<timestamp>3185.811473</timestamp>
			</report>
			<report>
				<misses>10631001</misses>
				<total>19</total>
				<timestamp>3186.111295</timestamp>
			</report>
			<report>
				<misses>10632001</misses>
				<total>20</total>
				<timestamp>3186.410874</timestamp>
			</report>
			<report>
				<misses>10633001</misses>
				<total>20</total>
				<timestamp>3186.710600</timestamp>
			</report>
			<report>
				<misses>10634001</misses>
				<total>20</total>
				<timestamp>3187.010261</timestamp>
			</report>
			<report>
				<misses>10635001</misses>
				<total>20</total>
				<timestamp>3187.310002</timestamp>
			</report>
			<report>
				<misses>10636001</misses>
				<total>20</total>
				<timestamp>3187.609679</timestamp>
			</report>
			<report>
				<misses>10637001</misses>
				<total>20</total>
				<timestamp>3187.909373</timestamp>
			</report>
			<report>
				<misses>10638001</misses>
				<total>19</total>
				<timestamp>3188.209201</timestamp>
			</report>
			<report>
				<misses>10639001</misses>
				<total>20</total>
				<timestamp>3188.508771</timestamp>
			</report>
			<report>
				<misses>10640001</misses>
				<total>20</total>
				<timestamp>3188.808460</timestamp>
			</report>
			<report>
				<misses>10641001</misses>
				<total>20</total>
				<timestamp>3189.108183</timestamp>
			</report>
			<report>
				<misses>10642001</misses>
				<total>20</total>
				<timestamp>3189.407874</timestamp>
			</report>
			<report>
				<misses>10643001</misses>
				<total>20</total>
				<timestamp>3189.707610</timestamp>
			</report>
			<report>
				<misses>10644001</misses>
				<total>20</total>
				<timestamp>3190.007291</timestamp>
			</report>
			<report>
				<misses>10645001</misses>
				<total>20</total>
				<timestamp>3190.307047</timestamp>
			</report>
			<report>
				<misses>10646001</misses>
				<total>20</total>
				<timestamp>3190.606683</timestamp>
			</report>
			<report>
				<misses>10647001</misses>
				<total>20</total>
				<timestamp>3190.906373</timestamp>
			</report>
			<report>
				<misses>10648001</misses>
				<total>20</total>
				<timestamp>3191.206070</timestamp>
			</report>
			<report>
				<misses>10649001</misses>
				<total>20</total>
				<timestamp>3191.505773</timestamp>
			</report>
			<report>
				<misses>10650001</misses>
				<total>20</total>
				<timestamp>3191.805492</timestamp>
			</report>
			<report>
				<misses>10651001</misses>
				<total>20</total>
				<timestamp>3192.105188</timestamp>
			</report>
			<report>
				<misses>10652001</misses>
				<total>20</total>
				<timestamp>3192.404877</timestamp>
			</report>
			<report>
				<misses>10653001</misses>
				<total>20</total>
				<timestamp>3192.704652</timestamp>
			</report>
			<report>
				<misses>10654001</misses>
				<total>20</total>
				<timestamp>3193.004298</timestamp>
			</report>
			<report>
				<misses>10655001</misses>
				<total>20</total>
				<timestamp>3193.303982</timestamp>
			</report>
			<report>
				<misses>10656001</misses>
				<total>20</total>
				<timestamp>3193.603703</timestamp>
			</report>
			<report>
				<misses>10657001</misses>
				<total>20</total>
				<timestamp>3193.903446</timestamp>
			</report>
			<report>
				<misses>10658001</misses>
				<total>20</total>
				<timestamp>3194.203126</timestamp>
			</report>
			<report>
				<misses>10659001</misses>
				<total>20</total>
				<timestamp>3194.502768</timestamp>
			</report>
			<report>
				<misses>10660001</misses>
				<total>20</total>
				<timestamp>3194.802487</timestamp>
			</report>
			<report>
				<misses>10661001</misses>
				<total>20</total>
				<timestamp>3195.102168</timestamp>
			</report>
			<report>
				<misses>10662001</misses>
				<total>20</total>
				<timestamp>3195.401906</timestamp>
			</report>
			<report>
				<misses>10663001</misses>
				<total>20</total>
				<timestamp>3195.701594</timestamp>
			</report>
			<report>
				<misses>10664001</misses>
				<total>20</total>
				<timestamp>3196.001284</timestamp>
			</report>
			<report>
				<misses>10665001</misses>
				<total>20</total>
				<timestamp>3196.301056</timestamp>
			</report>
			<report>
				<misses>10666001</misses>
				<total>20</total>
				<timestamp>3196.600688</timestamp>
			</report>
			<report>
				<misses>10667001</misses>
				<total>20</total>
				<timestamp>3196.900432</timestamp>
			</report>
			<report>
				<misses>10668001</misses>
				<total>20</total>
				<timestamp>3197.200061</timestamp>
			</report>
			<report>
				<misses>10669001</misses>
				<total>20</total>
				<timestamp>3197.499767</timestamp>
			</report>
			<report>
				<misses>10670001</misses>
				<total>20</total>
				<timestamp>3197.799487</timestamp>
			</report>
			<report>
				<misses>10671001</misses>
				<total>20</total>
				<timestamp>3198.099167</timestamp>
			</report>
			<report>
				<misses>10672001</misses>
				<total>20</total>
				<timestamp>3198.398860</timestamp>
			</report>
			<report>
				<misses>10673001</misses>
				<total>20</total>
				<timestamp>3198.698597</timestamp>
			</report>
			<report>
				<misses>10674001</misses>
				<total>20</total>
				<timestamp>3198.998265</timestamp>
			</report>
			<report>
				<misses>10675001</misses>
				<total>20</total>
				<timestamp>3199.298042</timestamp>
			</report>
			<report>
				<misses>10676001</misses>
				<total>20</total>
				<timestamp>3199.597698</timestamp>
			</report>
			<report>
				<misses>10677001</misses>
				<total>20</total>
				<timestamp>3199.897362</timestamp>
			</report>
			<report>
				<misses>10678001</misses>
				<total>20</total>
				<timestamp>3200.197101</timestamp>
			</report>
			<report>
				<misses>10679001</misses>
				<total>20</total>
				<timestamp>3200.496773</timestamp>
			</report>
			<report>
				<misses>10680001</misses>
				<total>20</total>
				<timestamp>3200.796497</timestamp>
			</report>
			<report>
				<misses>10681001</misses>
				<total>20</total>
				<timestamp>3201.096185</timestamp>
			</report>
			<report>
				<misses>10682001</misses>
				<total>20</total>
				<timestamp>3201.395884</timestamp>
			</report>
			<report>
				<misses>10683001</misses>
				<total>20</total>
				<timestamp>3201.695690</timestamp>
			</report>
			<report>
				<misses>10684001</misses>
				<total>20</total>
				<timestamp>3201.995287</timestamp>
			</report>
			<report>
				<misses>10685001</misses>
				<total>19</total>
				<timestamp>3202.295099</timestamp>
			</report>
			<report>
				<misses>10686001</misses>
				<total>20</total>
				<timestamp>3202.594682</timestamp>
			</report>
			<report>
				<misses>10687001</misses>
				<total>20</total>
				<timestamp>3202.894399</timestamp>
			</report>
			<report>
				<misses>10688001</misses>
				<total>20</total>
				<timestamp>3203.194143</timestamp>
			</report>
			<report>
				<misses>10689001</misses>
				<total>20</total>
				<timestamp>3203.493773</timestamp>
			</report>
			<report>
				<misses>10690001</misses>
				<total>20</total>
				<timestamp>3203.793481</timestamp>
			</report>
			<report>
				<misses>10691001</misses>
				<total>20</total>
				<timestamp>3204.093180</timestamp>
			</report>
			<report>
				<misses>10692001</misses>
				<total>20</total>
				<timestamp>3204.392869</timestamp>
			</report>
			<report>
				<misses>10693001</misses>
				<total>20</total>
				<timestamp>3204.692649</timestamp>
			</report>
			<report>
				<misses>10694001</misses>
				<total>20</total>
				<timestamp>3204.992317</timestamp>
			</report>
			<report>
				<misses>10695001</misses>
				<total>20</total>
				<timestamp>3205.291989</timestamp>
			</report>
			<report>
				<misses>10696001</misses>
				<total>20</total>
				<timestamp>3205.591678</timestamp>
			</report>
			<report>
				<misses>10697001</misses>
				<total>20</total>
				<timestamp>3205.891384</timestamp>
			</report>
			<report>
				<misses>10698001</misses>
				<total>20</total>
				<timestamp>3206.191165</timestamp>
			</report>
			<report>
				<misses>10699001</misses>
				<total>20</total>
				<timestamp>3206.490769</timestamp>
			</report>
			<report>
				<misses>10700001</misses>
				<total>19</total>
				<timestamp>3206.790610</timestamp>
			</report>
			<report>
				<misses>10701001</misses>
				<total>20</total>
				<timestamp>3207.090180</timestamp>
			</report>
			<report>
				<misses>10702001</misses>
				<total>20</total>
				<timestamp>3207.389881</timestamp>
			</report>
			<report>
				<misses>10703001</misses>
				<total>20</total>
				<timestamp>3207.689580</timestamp>
			</report>
			<report>
				<misses>10704001</misses>
				<total>20</total>
				<timestamp>3207.989353</timestamp>
			</report>
			<report>
				<misses>10705001</misses>
				<total>20</total>
				<timestamp>3208.289060</timestamp>
			</report>
			<report>
				<misses>10706001</misses>
				<total>20</total>
				<timestamp>3208.588672</timestamp>
			</report>
			<report>
				<misses>10707001</misses>
				<total>20</total>
				<timestamp>3208.888361</timestamp>
			</report>
			<report>
				<misses>10708001</misses>
				<total>20</total>
				<timestamp>3209.188071</timestamp>
			</report>
			<report>
				<misses>10709001</misses>
				<total>19</total>
				<timestamp>3209.487879</timestamp>
			</report>
			<report>
				<misses>10710001</misses>
				<total>20</total>
				<timestamp>3209.787539</timestamp>
			</report>
			<report>
				<misses>10711001</misses>
				<total>20</total>
				<timestamp>3210.087208</timestamp>
			</report>
			<report>
				<misses>10712001</misses>
				<total>20</total>
				<timestamp>3210.386873</timestamp>
			</report>
			<report>
				<misses>10713001</misses>
				<total>20</total>
				<timestamp>3210.686641</timestamp>
			</report>
			<report>
				<misses>10714001</misses>
				<total>20</total>
				<timestamp>3210.986285</timestamp>
			</report>
			<report>
				<misses>10715001</misses>
				<total>20</total>
				<timestamp>3211.286058</timestamp>
			</report>
			<report>
				<misses>10716001</misses>
				<total>20</total>
				<timestamp>3211.585665</timestamp>
			</report>
			<report>
				<misses>10717001</misses>
				<total>20</total>
				<timestamp>3211.885376</timestamp>
			</report>
			<report>
				<misses>10718001</misses>
				<total>20</total>
				<timestamp>3212.185067</timestamp>
			</report>
			<report>
				<misses>10719001</misses>
				<total>20</total>
				<timestamp>3212.484778</timestamp>
			</report>
			<report>
				<misses>10720001</misses>
				<total>20</total>
				<timestamp>3212.784480</timestamp>
			</report>
			<report>
				<misses>10721001</misses>
				<total>20</total>
				<timestamp>3213.084195</timestamp>
			</report>
			<report>
				<misses>10722001</misses>
				<total>20</total>
				<timestamp>3213.383876</timestamp>
			</report>
			<report>
				<misses>10723001</misses>
				<total>20</total>
				<timestamp>3213.683597</timestamp>
			</report>
			<report>
				<misses>10724001</misses>
				<total>20</total>
				<timestamp>3213.983319</timestamp>
			</report>
			<report>
				<misses>10725001</misses>
				<total>20</total>
				<timestamp>3214.283024</timestamp>
			</report>
			<report>
				<misses>10726001</misses>
				<total>20</total>
				<timestamp>3214.582708</timestamp>
			</report>
			<report>
				<misses>10727001</misses>
				<total>20</total>
				<timestamp>3214.882368</timestamp>
			</report>
			<report>
				<misses>10728001</misses>
				<total>20</total>
				<timestamp>3215.182073</timestamp>
			</report>
			<report>
				<misses>10729001</misses>
				<total>20</total>
				<timestamp>3215.481779</timestamp>
			</report>
			<report>
				<misses>10730001</misses>
				<total>20</total>
				<timestamp>3215.781560</timestamp>
			</report>
			<report>
				<misses>10731001</misses>
				<total>20</total>
				<timestamp>3216.081169</timestamp>
			</report>
			<report>
				<misses>10732001</misses>
				<total>20</total>
				<timestamp>3216.380958</timestamp>
			</report>
			<report>
				<misses>10733001</misses>
				<total>20</total>
				<timestamp>3216.680576</timestamp>
			</report>
			<report>
				<misses>10734001</misses>
				<total>20</total>
				<timestamp>3216.980267</timestamp>
			</report>
			<report>
				<misses>10735001</misses>
				<total>20</total>
				<timestamp>3217.279997</timestamp>
			</report>
			<report>
				<misses>10736001</misses>
				<total>20</total>
				<timestamp>3217.579673</timestamp>
			</report>
			<report>
				<misses>10737001</misses>
				<total>20</total>
				<timestamp>3217.879408</timestamp>
			</report>
			<report>
				<misses>10738001</misses>
				<total>20</total>
				<timestamp>3218.179155</timestamp>
			</report>
			<report>
				<misses>10739001</misses>
				<total>20</total>
				<timestamp>3218.478770</timestamp>
			</report>
			<report>
				<misses>10740001</misses>
				<total>20</total>
				<timestamp>3218.778559</timestamp>
			</report>
			<report>
				<misses>10741001</misses>
				<total>20</total>
				<timestamp>3219.078168</timestamp>
			</report>
			<report>
				<misses>10742001</misses>
				<total>19</total>
				<timestamp>3219.378004</timestamp>
			</report>
			<report>
				<misses>10743001</misses>
				<total>20</total>
				<timestamp>3219.677573</timestamp>
			</report>
			<report>
				<misses>10744001</misses>
				<total>20</total>
				<timestamp>3219.977274</timestamp>
			</report>
			<report>
				<misses>10745001</misses>
				<total>20</total>
				<timestamp>3220.277005</timestamp>
			</report>
			<report>
				<misses>10746001</misses>
				<total>20</total>
				<timestamp>3220.576682</timestamp>
			</report>
			<report>
				<misses>10747001</misses>
				<total>20</total>
				<timestamp>3220.876407</timestamp>
			</report>
			<report>
				<misses>10748001</misses>
				<total>20</total>
				<timestamp>3221.176075</timestamp>
			</report>
			<report>
				<misses>10749001</misses>
				<total>20</total>
				<timestamp>3221.475847</timestamp>
			</report>
			<report>
				<misses>10750001</misses>
				<total>19</total>
				<timestamp>3221.775566</timestamp>
			</report>
			<report>
				<misses>10751001</misses>
				<total>20</total>
				<timestamp>3222.075190</timestamp>
			</report>
			<report>
				<misses>10752001</misses>
				<total>20</total>
				<timestamp>3222.374943</timestamp>
			</report>
			<report>
				<misses>10753001</misses>
				<total>20</total>
				<timestamp>3222.674577</timestamp>
			</report>
			<report>
				<misses>10754001</misses>
				<total>20</total>
				<timestamp>3222.974267</timestamp>
			</report>
			<report>
				<misses>10755001</misses>
				<total>20</total>
				<timestamp>3223.273977</timestamp>
			</report>
			<report>
				<misses>10756001</misses>
				<total>20</total>
				<timestamp>3223.573665</timestamp>
			</report>
			<report>
				<misses>10757001</misses>
				<total>20</total>
				<timestamp>3223.873453</timestamp>
			</report>
			<report>
				<misses>10758001</misses>
				<total>20</total>
				<timestamp>3224.173073</timestamp>
			</report>
			<report>
				<misses>10759001</misses>
				<total>20</total>
				<timestamp>3224.472772</timestamp>
			</report>
			<report>
				<misses>10760001</misses>
				<total>20</total>
				<timestamp>3224.772511</timestamp>
			</report>
			<report>
				<misses>10761001</misses>
				<total>20</total>
				<timestamp>3225.072180</timestamp>
			</report>
			<report>
				<misses>10762001</misses>
				<total>20</total>
				<timestamp>3225.371875</timestamp>
			</report>
			<report>
				<misses>10763001</misses>
				<total>20</total>
				<timestamp>3225.671569</timestamp>
			</report>
			<report>
				<misses>10764001</misses>
				<total>20</total>
				<timestamp>3225.971278</timestamp>
			</report>
			<report>
				<misses>10765001</misses>
				<total>20</total>
				<timestamp>3226.271095</timestamp>
			</report>
			<report>
				<misses>10766001</misses>
				<total>20</total>
				<timestamp>3226.570680</timestamp>
			</report>
			<report>
				<misses>10767001</misses>
				<total>20</total>
				<timestamp>3226.870470</timestamp>
			</report>
			<report>
				<misses>10768001</misses>
				<total>20</total>
				<timestamp>3227.170067</timestamp>
			</report>
			<report>
				<misses>10769001</misses>
				<total>20</total>
				<timestamp>3227.469762</timestamp>
			</report>
			<report>
				<misses>10770001</misses>
				<total>20</total>
				<timestamp>3227.769490</timestamp>
			</report>
			<report>
				<misses>10771001</misses>
				<total>20</total>
				<timestamp>3228.069164</timestamp>
			</report>
			<report>
				<misses>10772001</misses>
				<total>20</total>
				<timestamp>3228.368904</timestamp>
			</report>
			<report>
				<misses>10773001</misses>
				<total>20</total>
				<timestamp>3228.668563</timestamp>
			</report>
			<report>
				<misses>10774001</misses>
				<total>20</total>
				<timestamp>3228.968267</timestamp>
			</report>
			<report>
				<misses>10775001</misses>
				<total>20</total>
				<timestamp>3229.267991</timestamp>
			</report>
			<report>
				<misses>10776001</misses>
				<total>20</total>
				<timestamp>3229.567675</timestamp>
			</report>
			<report>
				<misses>10777001</misses>
				<total>20</total>
				<timestamp>3229.867412</timestamp>
			</report>
			<report>
				<misses>10778001</misses>
				<total>20</total>
				<timestamp>3230.167070</timestamp>
			</report>
			<report>
				<misses>10779001</misses>
				<total>20</total>
				<timestamp>3230.466766</timestamp>
			</report>
			<report>
				<misses>10780001</misses>
				<total>20</total>
				<timestamp>3230.766506</timestamp>
			</report>
			<report>
				<misses>10781001</misses>
				<total>20</total>
				<timestamp>3231.066172</timestamp>
			</report>
			<report>
				<misses>10782001</misses>
				<total>20</total>
				<timestamp>3231.365949</timestamp>
			</report>
			<report>
				<misses>10783001</misses>
				<total>20</total>
				<timestamp>3231.665571</timestamp>
			</report>
			<report>
				<misses>10784001</misses>
				<total>20</total>
				<timestamp>3231.965340</timestamp>
			</report>
			<report>
				<misses>10785001</misses>
				<total>20</total>
				<timestamp>3232.265034</timestamp>
			</report>
			<report>
				<misses>10786001</misses>
				<total>20</total>
				<timestamp>3232.564693</timestamp>
			</report>
			<report>
				<misses>10787001</misses>
				<total>20</total>
				<timestamp>3232.864420</timestamp>
			</report>
			<report>
				<misses>10788001</misses>
				<total>20</total>
				<timestamp>3233.164124</timestamp>
			</report>
			<report>
				<misses>10789001</misses>
				<total>20</total>
				<timestamp>3233.463776</timestamp>
			</report>
			<report>
				<misses>10790001</misses>
				<total>20</total>
				<timestamp>3233.763475</timestamp>
			</report>
			<report>
				<misses>10791001</misses>
				<total>20</total>
				<timestamp>3234.063170</timestamp>
			</report>
			<report>
				<misses>10792001</misses>
				<total>20</total>
				<timestamp>3234.362889</timestamp>
			</report>
			<report>
				<misses>10793001</misses>
				<total>20</total>
				<timestamp>3234.662580</timestamp>
			</report>
			<report>
				<misses>10794001</misses>
				<total>20</total>
				<timestamp>3234.962338</timestamp>
			</report>
			<report>
				<misses>10795001</misses>
				<total>20</total>
				<timestamp>3235.262001</timestamp>
			</report>
			<report>
				<misses>10796001</misses>
				<total>20</total>
				<timestamp>3235.561679</timestamp>
			</report>
			<report>
				<misses>10797001</misses>
				<total>20</total>
				<timestamp>3235.861432</timestamp>
			</report>
			<report>
				<misses>10798001</misses>
				<total>20</total>
				<timestamp>3236.161121</timestamp>
			</report>
			<report>
				<misses>10799001</misses>
				<total>20</total>
				<timestamp>3236.460777</timestamp>
			</report>
			<report>
				<misses>10800001</misses>
				<total>20</total>
				<timestamp>3236.760496</timestamp>
			</report>
			<report>
				<misses>10801001</misses>
				<total>20</total>
				<timestamp>3237.060295</timestamp>
			</report>
			<report>
				<misses>10802001</misses>
				<total>20</total>
				<timestamp>3237.359889</timestamp>
			</report>
			<report>
				<misses>10803001</misses>
				<total>20</total>
				<timestamp>3237.659563</timestamp>
			</report>
			<report>
				<misses>10804001</misses>
				<total>20</total>
				<timestamp>3237.959323</timestamp>
			</report>
			<report>
				<misses>10805001</misses>
				<total>20</total>
				<timestamp>3238.259021</timestamp>
			</report>
			<report>
				<misses>10806001</misses>
				<total>20</total>
				<timestamp>3238.558693</timestamp>
			</report>
			<report>
				<misses>10807001</misses>
				<total>20</total>
				<timestamp>3238.858430</timestamp>
			</report>
			<report>
				<misses>10808001</misses>
				<total>20</total>
				<timestamp>3239.158125</timestamp>
			</report>
			<report>
				<misses>10809001</misses>
				<total>20</total>
				<timestamp>3239.457787</timestamp>
			</report>
			<report>
				<misses>10810001</misses>
				<total>20</total>
				<timestamp>3239.757477</timestamp>
			</report>
			<report>
				<misses>10811001</misses>
				<total>20</total>
				<timestamp>3240.057267</timestamp>
			</report>
			<report>
				<misses>10812001</misses>
				<total>20</total>
				<timestamp>3240.356939</timestamp>
			</report>
			<report>
				<misses>10813001</misses>
				<total>20</total>
				<timestamp>3240.656591</timestamp>
			</report>
			<report>
				<misses>10814001</misses>
				<total>20</total>
				<timestamp>3240.956354</timestamp>
			</report>
			<report>
				<misses>10815001</misses>
				<total>20</total>
				<timestamp>3241.255997</timestamp>
			</report>
			<report>
				<misses>10816001</misses>
				<total>20</total>
				<timestamp>3241.555681</timestamp>
			</report>
			<report>
				<misses>10817001</misses>
				<total>20</total>
				<timestamp>3241.855409</timestamp>
			</report>
			<report>
				<misses>10818001</misses>
				<total>20</total>
				<timestamp>3242.155063</timestamp>
			</report>
			<report>
				<misses>10819001</misses>
				<total>19</total>
				<timestamp>3242.454882</timestamp>
			</report>
			<report>
				<misses>10820001</misses>
				<total>20</total>
				<timestamp>3242.754460</timestamp>
			</report>
			<report>
				<misses>10821001</misses>
				<total>20</total>
				<timestamp>3243.054177</timestamp>
			</report>
			<report>
				<misses>10822001</misses>
				<total>20</total>
				<timestamp>3243.353872</timestamp>
			</report>
			<report>
				<misses>10823001</misses>
				<total>20</total>
				<timestamp>3243.653604</timestamp>
			</report>
			<report>
				<misses>10824001</misses>
				<total>20</total>
				<timestamp>3243.953300</timestamp>
			</report>
			<report>
				<misses>10825001</misses>
				<total>20</total>
				<timestamp>3244.253047</timestamp>
			</report>
			<report>
				<misses>10826001</misses>
				<total>20</total>
				<timestamp>3244.552667</timestamp>
			</report>
			<report>
				<misses>10827001</misses>
				<total>20</total>
				<timestamp>3244.852432</timestamp>
			</report>
			<report>
				<misses>10828001</misses>
				<total>20</total>
				<timestamp>3245.152071</timestamp>
			</report>
			<report>
				<misses>10829001</misses>
				<total>20</total>
				<timestamp>3245.451766</timestamp>
			</report>
			<report>
				<misses>10830001</misses>
				<total>20</total>
				<timestamp>3245.751479</timestamp>
			</report>
			<report>
				<misses>10831001</misses>
				<total>19</total>
				<timestamp>3246.051311</timestamp>
			</report>
			<report>
				<misses>10832001</misses>
				<total>20</total>
				<timestamp>3246.350881</timestamp>
			</report>
			<report>
				<misses>10833001</misses>
				<total>20</total>
				<timestamp>3246.650587</timestamp>
			</report>
			<report>
				<misses>10834001</misses>
				<total>20</total>
				<timestamp>3246.950343</timestamp>
			</report>
			<report>
				<misses>10835001</misses>
				<total>20</total>
				<timestamp>3247.250031</timestamp>
			</report>
			<report>
				<misses>10836001</misses>
				<total>20</total>
				<timestamp>3247.549671</timestamp>
			</report>
			<report>
				<misses>10837001</misses>
				<total>20</total>
				<timestamp>3247.849379</timestamp>
			</report>
			<report>
				<misses>10838001</misses>
				<total>19</total>
				<timestamp>3248.149202</timestamp>
			</report>
			<report>
				<misses>10839001</misses>
				<total>19</total>
				<timestamp>3248.448896</timestamp>
			</report>
			<report>
				<misses>10840001</misses>
				<total>20</total>
				<timestamp>3248.748463</timestamp>
			</report>
			<report>
				<misses>10841001</misses>
				<total>20</total>
				<timestamp>3249.048204</timestamp>
			</report>
			<report>
				<misses>10842001</misses>
				<total>20</total>
				<timestamp>3249.347877</timestamp>
			</report>
			<report>
				<misses>10843001</misses>
				<total>20</total>
				<timestamp>3249.647573</timestamp>
			</report>
			<report>
				<misses>10844001</misses>
				<total>20</total>
				<timestamp>3249.947291</timestamp>
			</report>
			<report>
				<misses>10845001</misses>
				<total>20</total>
				<timestamp>3250.247071</timestamp>
			</report>
			<report>
				<misses>10846001</misses>
				<total>20</total>
				<timestamp>3250.546687</timestamp>
			</report>
			<report>
				<misses>10847001</misses>
				<total>20</total>
				<timestamp>3250.846391</timestamp>
			</report>
			<report>
				<misses>10848001</misses>
				<total>20</total>
				<timestamp>3251.146126</timestamp>
			</report>
			<report>
				<misses>10849001</misses>
				<total>20</total>
				<timestamp>3251.445862</timestamp>
			</report>
			<report>
				<misses>10850001</misses>
				<total>20</total>
				<timestamp>3251.745485</timestamp>
			</report>
			<report>
				<misses>10851001</misses>
				<total>20</total>
				<timestamp>3252.045252</timestamp>
			</report>
			<report>
				<misses>10852001</misses>
				<total>20</total>
				<timestamp>3252.344947</timestamp>
			</report>
			<report>
				<misses>10853001</misses>
				<total>20</total>
				<timestamp>3252.644566</timestamp>
			</report>
			<report>
				<misses>10854001</misses>
				<total>20</total>
				<timestamp>3252.944292</timestamp>
			</report>
			<report>
				<misses>10855001</misses>
				<total>20</total>
				<timestamp>3253.244026</timestamp>
			</report>
			<report>
				<misses>10856001</misses>
				<total>20</total>
				<timestamp>3253.543668</timestamp>
			</report>
			<report>
				<misses>10857001</misses>
				<total>20</total>
				<timestamp>3253.843367</timestamp>
			</report>
			<report>
				<misses>10858001</misses>
				<total>20</total>
				<timestamp>3254.143068</timestamp>
			</report>
			<report>
				<misses>10859001</misses>
				<total>20</total>
				<timestamp>3254.442820</timestamp>
			</report>
			<report>
				<misses>10860001</misses>
				<total>20</total>
				<timestamp>3254.742476</timestamp>
			</report>
			<report>
				<misses>10861001</misses>
				<total>20</total>
				<timestamp>3255.042180</timestamp>
			</report>
			<report>
				<misses>10862001</misses>
				<total>20</total>
				<timestamp>3255.341881</timestamp>
			</report>
			<report>
				<misses>10863001</misses>
				<total>20</total>
				<timestamp>3255.641577</timestamp>
			</report>
			<report>
				<misses>10864001</misses>
				<total>20</total>
				<timestamp>3255.941329</timestamp>
			</report>
			<report>
				<misses>10865001</misses>
				<total>20</total>
				<timestamp>3256.240987</timestamp>
			</report>
			<report>
				<misses>10866001</misses>
				<total>20</total>
				<timestamp>3256.540665</timestamp>
			</report>
			<report>
				<misses>10867001</misses>
				<total>20</total>
				<timestamp>3256.840389</timestamp>
			</report>
			<report>
				<misses>10868001</misses>
				<total>20</total>
				<timestamp>3257.140066</timestamp>
			</report>
			<report>
				<misses>10869001</misses>
				<total>20</total>
				<timestamp>3257.439781</timestamp>
			</report>
			<report>
				<misses>10870001</misses>
				<total>19</total>
				<timestamp>3257.739570</timestamp>
			</report>
			<report>
				<misses>10871001</misses>
				<total>20</total>
				<timestamp>3258.039193</timestamp>
			</report>
			<report>
				<misses>10872001</misses>
				<total>20</total>
				<timestamp>3258.338875</timestamp>
			</report>
			<report>
				<misses>10873001</misses>
				<total>20</total>
				<timestamp>3258.638577</timestamp>
			</report>
			<report>
				<misses>10874001</misses>
				<total>20</total>
				<timestamp>3258.938263</timestamp>
			</report>
			<report>
				<misses>10875001</misses>
				<total>20</total>
				<timestamp>3259.238026</timestamp>
			</report>
			<report>
				<misses>10876001</misses>
				<total>20</total>
				<timestamp>3259.537670</timestamp>
			</report>
			<report>
				<misses>10877001</misses>
				<total>20</total>
				<timestamp>3259.837383</timestamp>
			</report>
			<report>
				<misses>10878001</misses>
				<total>20</total>
				<timestamp>3260.137148</timestamp>
			</report>
			<report>
				<misses>10879001</misses>
				<total>19</total>
				<timestamp>3260.436872</timestamp>
			</report>
			<report>
				<misses>10880001</misses>
				<total>20</total>
				<timestamp>3260.736461</timestamp>
			</report>
			<report>
				<misses>10881001</misses>
				<total>20</total>
				<timestamp>3261.036243</timestamp>
			</report>
			<report>
				<misses>10882001</misses>
				<total>20</total>
				<timestamp>3261.335890</timestamp>
			</report>
			<report>
				<misses>10883001</misses>
				<total>20</total>
				<timestamp>3261.635574</timestamp>
			</report>
			<report>
				<misses>10884001</misses>
				<total>20</total>
				<timestamp>3261.935299</timestamp>
			</report>
			<report>
				<misses>10885001</misses>
				<total>20</total>
				<timestamp>3262.234972</timestamp>
			</report>
			<report>
				<misses>10886001</misses>
				<total>20</total>
				<timestamp>3262.534716</timestamp>
			</report>
			<report>
				<misses>10887001</misses>
				<total>20</total>
				<timestamp>3262.834373</timestamp>
			</report>
			<report>
				<misses>10888001</misses>
				<total>20</total>
				<timestamp>3263.134183</timestamp>
			</report>
			<report>
				<misses>10889001</misses>
				<total>20</total>
				<timestamp>3263.433777</timestamp>
			</report>
			<report>
				<misses>10890001</misses>
				<total>20</total>
				<timestamp>3263.733477</timestamp>
			</report>
			<report>
				<misses>10891001</misses>
				<total>20</total>
				<timestamp>3264.033253</timestamp>
			</report>
			<report>
				<misses>10892001</misses>
				<total>20</total>
				<timestamp>3264.332947</timestamp>
			</report>
			<report>
				<misses>10893001</misses>
				<total>20</total>
				<timestamp>3264.632577</timestamp>
			</report>
			<report>
				<misses>10894001</misses>
				<total>20</total>
				<timestamp>3264.932295</timestamp>
			</report>
			<report>
				<misses>10895001</misses>
				<total>20</total>
				<timestamp>3265.231985</timestamp>
			</report>
			<report>
				<misses>10896001</misses>
				<total>19</total>
				<timestamp>3265.531768</timestamp>
			</report>
			<report>
				<misses>10897001</misses>
				<total>20</total>
				<timestamp>3265.831385</timestamp>
			</report>
			<report>
				<misses>10898001</misses>
				<total>20</total>
				<timestamp>3266.131128</timestamp>
			</report>
			<report>
				<misses>10899001</misses>
				<total>20</total>
				<timestamp>3266.430785</timestamp>
			</report>
			<report>
				<misses>10900001</misses>
				<total>20</total>
				<timestamp>3266.730468</timestamp>
			</report>
			<report>
				<misses>10901001</misses>
				<total>20</total>
				<timestamp>3267.030187</timestamp>
			</report>
			<report>
				<misses>10902001</misses>
				<total>20</total>
				<timestamp>3267.329907</timestamp>
			</report>
			<report>
				<misses>10903001</misses>
				<total>20</total>
				<timestamp>3267.629570</timestamp>
			</report>
			<report>
				<misses>10904001</misses>
				<total>20</total>
				<timestamp>3267.929303</timestamp>
			</report>
			<report>
				<misses>10905001</misses>
				<total>20</total>
				<timestamp>3268.228989</timestamp>
			</report>
			<report>
				<misses>10906001</misses>
				<total>20</total>
				<timestamp>3268.528695</timestamp>
			</report>
			<report>
				<misses>10907001</misses>
				<total>20</total>
				<timestamp>3268.828374</timestamp>
			</report>
			<report>
				<misses>10908001</misses>
				<total>20</total>
				<timestamp>3269.128157</timestamp>
			</report>
			<report>
				<misses>10909001</misses>
				<total>20</total>
				<timestamp>3269.427819</timestamp>
			</report>
			<report>
				<misses>10910001</misses>
				<total>20</total>
				<timestamp>3269.727469</timestamp>
			</report>
			<report>
				<misses>10911001</misses>
				<total>21</total>
				<timestamp>3270.027181</timestamp>
			</report>
			<report>
				<misses>10912001</misses>
				<total>21</total>
				<timestamp>3270.326895</timestamp>
			</report>
			<report>
				<misses>10913001</misses>
				<total>20</total>
				<timestamp>3270.626678</timestamp>
			</report>
			<report>
				<misses>10914001</misses>
				<total>20</total>
				<timestamp>3270.926382</timestamp>
			</report>
			<report>
				<misses>10915001</misses>
				<total>21</total>
				<timestamp>3271.225955</timestamp>
			</report>
			<report>
				<misses>10916001</misses>
				<total>21</total>
				<timestamp>3271.525679</timestamp>
			</report>
			<report>
				<misses>10917001</misses>
				<total>21</total>
				<timestamp>3271.825373</timestamp>
			</report>
			<report>
				<misses>10918001</misses>
				<total>21</total>
				<timestamp>3272.125124</timestamp>
			</report>
			<report>
				<misses>10919001</misses>
				<total>21</total>
				<timestamp>3272.424773</timestamp>
			</report>
			<report>
				<misses>10920001</misses>
				<total>21</total>
				<timestamp>3272.724471</timestamp>
			</report>
			<report>
				<misses>10921001</misses>
				<total>21</total>
				<timestamp>3273.024202</timestamp>
			</report>
			<report>
				<misses>10922001</misses>
				<total>21</total>
				<timestamp>3273.323901</timestamp>
			</report>
			<report>
				<misses>10923001</misses>
				<total>21</total>
				<timestamp>3273.623571</timestamp>
			</report>
			<report>
				<misses>10924001</misses>
				<total>21</total>
				<timestamp>3273.923281</timestamp>
			</report>
			<report>
				<misses>10925001</misses>
				<total>20</total>
				<timestamp>3274.223131</timestamp>
			</report>
			<report>
				<misses>10926001</misses>
				<total>21</total>
				<timestamp>3274.522699</timestamp>
			</report>
			<report>
				<misses>10927001</misses>
				<total>21</total>
				<timestamp>3274.822355</timestamp>
			</report>
			<report>
				<misses>10928001</misses>
				<total>21</total>
				<timestamp>3275.122120</timestamp>
			</report>
			<report>
				<misses>10929001</misses>
				<total>21</total>
				<timestamp>3275.421770</timestamp>
			</report>
			<report>
				<misses>10930001</misses>
				<total>21</total>
				<timestamp>3275.721488</timestamp>
			</report>
			<report>
				<misses>10931001</misses>
				<total>21</total>
				<timestamp>3276.021191</timestamp>
			</report>
			<report>
				<misses>10932001</misses>
				<total>21</total>
				<timestamp>3276.320880</timestamp>
			</report>
			<report>
				<misses>10933001</misses>
				<total>21</total>
				<timestamp>3276.620586</timestamp>
			</report>
			<report>
				<misses>10934001</misses>
				<total>21</total>
				<timestamp>3276.920268</timestamp>
			</report>
			<report>
				<misses>10935001</misses>
				<total>21</total>
				<timestamp>3277.220079</timestamp>
			</report>
			<report>
				<misses>10936001</misses>
				<total>21</total>
				<timestamp>3277.519670</timestamp>
			</report>
			<report>
				<misses>10937001</misses>
				<total>21</total>
				<timestamp>3277.819444</timestamp>
			</report>
			<report>
				<misses>10938001</misses>
				<total>21</total>
				<timestamp>3278.119096</timestamp>
			</report>
			<report>
				<misses>10939001</misses>
				<total>21</total>
				<timestamp>3278.418784</timestamp>
			</report>
			<report>
				<misses>10940001</misses>
				<total>21</total>
				<timestamp>3278.718484</timestamp>
			</report>
			<report>
				<misses>10941001</misses>
				<total>21</total>
				<timestamp>3279.018159</timestamp>
			</report>
			<report>
				<misses>10942001</misses>
				<total>21</total>
				<timestamp>3279.317900</timestamp>
			</report>
			<report>
				<misses>10943001</misses>
				<total>21</total>
				<timestamp>3279.617586</timestamp>
			</report>
			<report>
				<misses>10944001</misses>
				<total>21</total>
				<timestamp>3279.917270</timestamp>
			</report>
			<report>
				<misses>10945001</misses>
				<total>21</total>
				<timestamp>3280.217039</timestamp>
			</report>
			<report>
				<misses>10946001</misses>
				<total>21</total>
				<timestamp>3280.516727</timestamp>
			</report>
			<report>
				<misses>10947001</misses>
				<total>21</total>
				<timestamp>3280.816395</timestamp>
			</report>
			<report>
				<misses>10948001</misses>
				<total>21</total>
				<timestamp>3281.116137</timestamp>
			</report>
			<report>
				<misses>10949001</misses>
				<total>21</total>
				<timestamp>3281.415801</timestamp>
			</report>
			<report>
				<misses>10950001</misses>
				<total>20</total>
				<timestamp>3281.715620</timestamp>
			</report>
			<report>
				<misses>10951001</misses>
				<total>21</total>
				<timestamp>3282.015206</timestamp>
			</report>
			<report>
				<misses>10952001</misses>
				<total>21</total>
				<timestamp>3282.314901</timestamp>
			</report>
			<report>
				<misses>10953001</misses>
				<total>20</total>
				<timestamp>3282.614676</timestamp>
			</report>
			<report>
				<misses>10954001</misses>
				<total>21</total>
				<timestamp>3282.914275</timestamp>
			</report>
			<report>
				<misses>10955001</misses>
				<total>21</total>
				<timestamp>3283.214006</timestamp>
			</report>
			<report>
				<misses>10956001</misses>
				<total>21</total>
				<timestamp>3283.513717</timestamp>
			</report>
			<report>
				<misses>10957001</misses>
				<total>21</total>
				<timestamp>3283.813429</timestamp>
			</report>
			<report>
				<misses>10958001</misses>
				<total>21</total>
				<timestamp>3284.113074</timestamp>
			</report>
			<report>
				<misses>10959001</misses>
				<total>20</total>
				<timestamp>3284.412875</timestamp>
			</report>
			<report>
				<misses>10960001</misses>
				<total>21</total>
				<timestamp>3284.712477</timestamp>
			</report>
			<report>
				<misses>10961001</misses>
				<total>21</total>
				<timestamp>3285.012177</timestamp>
			</report>
			<report>
				<misses>10962001</misses>
				<total>21</total>
				<timestamp>3285.311870</timestamp>
			</report>
			<report>
				<misses>10963001</misses>
				<total>21</total>
				<timestamp>3285.611585</timestamp>
			</report>
			<report>
				<misses>10964001</misses>
				<total>21</total>
				<timestamp>3285.911279</timestamp>
			</report>
			<report>
				<misses>10965001</misses>
				<total>21</total>
				<timestamp>3286.211026</timestamp>
			</report>
			<report>
				<misses>10966001</misses>
				<total>21</total>
				<timestamp>3286.510675</timestamp>
			</report>
			<report>
				<misses>10967001</misses>
				<total>21</total>
				<timestamp>3286.810364</timestamp>
			</report>
			<report>
				<misses>10968001</misses>
				<total>21</total>
				<timestamp>3287.110123</timestamp>
			</report>
			<report>
				<misses>10969001</misses>
				<total>21</total>
				<timestamp>3287.409830</timestamp>
			</report>
			<report>
				<misses>10970001</misses>
				<total>21</total>
				<timestamp>3287.709555</timestamp>
			</report>
			<report>
				<misses>10971001</misses>
				<total>21</total>
				<timestamp>3288.009199</timestamp>
			</report>
			<report>
				<misses>10972001</misses>
				<total>21</total>
				<timestamp>3288.308880</timestamp>
			</report>
			<report>
				<misses>10973001</misses>
				<total>21</total>
				<timestamp>3288.608577</timestamp>
			</report>
			<report>
				<misses>10974001</misses>
				<total>21</total>
				<timestamp>3288.908267</timestamp>
			</report>
			<report>
				<misses>10975001</misses>
				<total>21</total>
				<timestamp>3289.208004</timestamp>
			</report>
			<report>
				<misses>10976001</misses>
				<total>21</total>
				<timestamp>3289.507666</timestamp>
			</report>
			<report>
				<misses>10977001</misses>
				<total>21</total>
				<timestamp>3289.807369</timestamp>
			</report>
			<report>
				<misses>10978001</misses>
				<total>21</total>
				<timestamp>3290.107126</timestamp>
			</report>
			<report>
				<misses>10979001</misses>
				<total>21</total>
				<timestamp>3290.406780</timestamp>
			</report>
			<report>
				<misses>10980001</misses>
				<total>21</total>
				<timestamp>3290.706485</timestamp>
			</report>
			<report>
				<misses>10981001</misses>
				<total>21</total>
				<timestamp>3291.006179</timestamp>
			</report>
			<report>
				<misses>10982001</misses>
				<total>21</total>
				<timestamp>3291.305884</timestamp>
			</report>
			<report>
				<misses>10983001</misses>
				<total>21</total>
				<timestamp>3291.605590</timestamp>
			</report>
			<report>
				<misses>10984001</misses>
				<total>21</total>
				<timestamp>3291.905273</timestamp>
			</report>
			<report>
				<misses>10985001</misses>
				<total>21</total>
				<timestamp>3292.205005</timestamp>
			</report>
			<report>
				<misses>10986001</misses>
				<total>21</total>
				<timestamp>3292.504674</timestamp>
			</report>
			<report>
				<misses>10987001</misses>
				<total>21</total>
				<timestamp>3292.804376</timestamp>
			</report>
			<report>
				<misses>10988001</misses>
				<total>21</total>
				<timestamp>3293.104132</timestamp>
			</report>
			<report>
				<misses>10989001</misses>
				<total>21</total>
				<timestamp>3293.403814</timestamp>
			</report>
			<report>
				<misses>10990001</misses>
				<total>21</total>
				<timestamp>3293.703485</timestamp>
			</report>
			<report>
				<misses>10991001</misses>
				<total>21</total>
				<timestamp>3294.003176</timestamp>
			</report>
			<report>
				<misses>10992001</misses>
				<total>21</total>
				<timestamp>3294.302864</timestamp>
			</report>
			<report>
				<misses>10993001</misses>
				<total>21</total>
				<timestamp>3294.602597</timestamp>
			</report>
			<report>
				<misses>10994001</misses>
				<total>21</total>
				<timestamp>3294.902277</timestamp>
			</report>
			<report>
				<misses>10995001</misses>
				<total>21</total>
				<timestamp>3295.202088</timestamp>
			</report>
			<report>
				<misses>10996001</misses>
				<total>21</total>
				<timestamp>3295.501667</timestamp>
			</report>
			<report>
				<misses>10997001</misses>
				<total>21</total>
				<timestamp>3295.801372</timestamp>
			</report>
			<report>
				<misses>10998001</misses>
				<total>21</total>
				<timestamp>3296.101104</timestamp>
			</report>
			<report>
				<misses>10999001</misses>
				<total>21</total>
				<timestamp>3296.400764</timestamp>
			</report>
			<report>
				<misses>11000001</misses>
				<total>21</total>
				<timestamp>3296.700465</timestamp>
			</report>
			<report>
				<misses>11001001</misses>
				<total>21</total>
				<timestamp>3297.000155</timestamp>
			</report>
			<report>
				<misses>11002001</misses>
				<total>21</total>
				<timestamp>3297.299890</timestamp>
			</report>
			<report>
				<misses>11003001</misses>
				<total>21</total>
				<timestamp>3297.599565</timestamp>
			</report>
			<report>
				<misses>11004001</misses>
				<total>21</total>
				<timestamp>3297.899300</timestamp>
			</report>
			<report>
				<misses>11005001</misses>
				<total>21</total>
				<timestamp>3298.199088</timestamp>
			</report>
			<report>
				<misses>11006001</misses>
				<total>21</total>
				<timestamp>3298.498756</timestamp>
			</report>
			<report>
				<misses>11007001</misses>
				<total>21</total>
				<timestamp>3298.798362</timestamp>
			</report>
			<report>
				<misses>11008001</misses>
				<total>21</total>
				<timestamp>3299.098080</timestamp>
			</report>
			<report>
				<misses>11009001</misses>
				<total>21</total>
				<timestamp>3299.397772</timestamp>
			</report>
			<report>
				<misses>11010001</misses>
				<total>21</total>
				<timestamp>3299.697533</timestamp>
			</report>
			<report>
				<misses>11011001</misses>
				<total>21</total>
				<timestamp>3299.997213</timestamp>
			</report>
			<report>
				<misses>11012001</misses>
				<total>21</total>
				<timestamp>3300.296883</timestamp>
			</report>
			<report>
				<misses>11013001</misses>
				<total>21</total>
				<timestamp>3300.596566</timestamp>
			</report>
			<report>
				<misses>11014001</misses>
				<total>21</total>
				<timestamp>3300.896268</timestamp>
			</report>
			<report>
				<misses>11015001</misses>
				<total>21</total>
				<timestamp>3301.196039</timestamp>
			</report>
			<report>
				<misses>11016001</misses>
				<total>21</total>
				<timestamp>3301.495676</timestamp>
			</report>
			<report>
				<misses>11017001</misses>
				<total>21</total>
				<timestamp>3301.795380</timestamp>
			</report>
			<report>
				<misses>11018001</misses>
				<total>21</total>
				<timestamp>3302.095082</timestamp>
			</report>
			<report>
				<misses>11019001</misses>
				<total>21</total>
				<timestamp>3302.394787</timestamp>
			</report>
			<report>
				<misses>11020001</misses>
				<total>21</total>
				<timestamp>3302.694525</timestamp>
			</report>
			<report>
				<misses>11021001</misses>
				<total>21</total>
				<timestamp>3302.994173</timestamp>
			</report>
			<report>
				<misses>11022001</misses>
				<total>21</total>
				<timestamp>3303.293970</timestamp>
			</report>
			<report>
				<misses>11023001</misses>
				<total>21</total>
				<timestamp>3303.593642</timestamp>
			</report>
			<report>
				<misses>11024001</misses>
				<total>21</total>
				<timestamp>3303.893281</timestamp>
			</report>
			<report>
				<misses>11025001</misses>
				<total>21</total>
				<timestamp>3304.193052</timestamp>
			</report>
			<report>
				<misses>11026001</misses>
				<total>20</total>
				<timestamp>3304.492785</timestamp>
			</report>
			<report>
				<misses>11027001</misses>
				<total>21</total>
				<timestamp>3304.792369</timestamp>
			</report>
			<report>
				<misses>11028001</misses>
				<total>21</total>
				<timestamp>3305.092075</timestamp>
			</report>
			<report>
				<misses>11029001</misses>
				<total>21</total>
				<timestamp>3305.391773</timestamp>
			</report>
			<report>
				<misses>11030001</misses>
				<total>20</total>
				<timestamp>3305.691574</timestamp>
			</report>
			<report>
				<misses>11031001</misses>
				<total>21</total>
				<timestamp>3305.991163</timestamp>
			</report>
			<report>
				<misses>11032001</misses>
				<total>21</total>
				<timestamp>3306.290928</timestamp>
			</report>
			<report>
				<misses>11033001</misses>
				<total>21</total>
				<timestamp>3306.590581</timestamp>
			</report>
			<report>
				<misses>11034001</misses>
				<total>21</total>
				<timestamp>3306.890270</timestamp>
			</report>
			<report>
				<misses>11035001</misses>
				<total>21</total>
				<timestamp>3307.190007</timestamp>
			</report>
			<report>
				<misses>11036001</misses>
				<total>21</total>
				<timestamp>3307.489662</timestamp>
			</report>
			<report>
				<misses>11037001</misses>
				<total>20</total>
				<timestamp>3307.789471</timestamp>
			</report>
			<report>
				<misses>11038001</misses>
				<total>21</total>
				<timestamp>3308.089083</timestamp>
			</report>
			<report>
				<misses>11039001</misses>
				<total>21</total>
				<timestamp>3308.388764</timestamp>
			</report>
			<report>
				<misses>11040001</misses>
				<total>21</total>
				<timestamp>3308.688477</timestamp>
			</report>
			<report>
				<misses>11041001</misses>
				<total>21</total>
				<timestamp>3308.988168</timestamp>
			</report>
			<report>
				<misses>11042001</misses>
				<total>21</total>
				<timestamp>3309.287873</timestamp>
			</report>
			<report>
				<misses>11043001</misses>
				<total>21</total>
				<timestamp>3309.587562</timestamp>
			</report>
			<report>
				<misses>11044001</misses>
				<total>21</total>
				<timestamp>3309.887260</timestamp>
			</report>
			<report>
				<misses>11045001</misses>
				<total>21</total>
				<timestamp>3310.187008</timestamp>
			</report>
			<report>
				<misses>11046001</misses>
				<total>21</total>
				<timestamp>3310.486677</timestamp>
			</report>
			<report>
				<misses>11047001</misses>
				<total>21</total>
				<timestamp>3310.786371</timestamp>
			</report>
			<report>
				<misses>11048001</misses>
				<total>21</total>
				<timestamp>3311.086083</timestamp>
			</report>
			<report>
				<misses>11049001</misses>
				<total>21</total>
				<timestamp>3311.385771</timestamp>
			</report>
			<report>
				<misses>11050001</misses>
				<total>21</total>
				<timestamp>3311.685469</timestamp>
			</report>
			<report>
				<misses>11051001</misses>
				<total>21</total>
				<timestamp>3311.985163</timestamp>
			</report>
			<report>
				<misses>11052001</misses>
				<total>21</total>
				<timestamp>3312.284879</timestamp>
			</report>
			<report>
				<misses>11053001</misses>
				<total>21</total>
				<timestamp>3312.584616</timestamp>
			</report>
			<report>
				<misses>11054001</misses>
				<total>21</total>
				<timestamp>3312.884270</timestamp>
			</report>
			<report>
				<misses>11055001</misses>
				<total>21</total>
				<timestamp>3313.184017</timestamp>
			</report>
			<report>
				<misses>11056001</misses>
				<total>21</total>
				<timestamp>3313.483671</timestamp>
			</report>
			<report>
				<misses>11057001</misses>
				<total>21</total>
				<timestamp>3313.783367</timestamp>
			</report>
			<report>
				<misses>11058001</misses>
				<total>21</total>
				<timestamp>3314.083085</timestamp>
			</report>
			<report>
				<misses>11059001</misses>
				<total>21</total>
				<timestamp>3314.382819</timestamp>
			</report>
			<report>
				<misses>11060001</misses>
				<total>20</total>
				<timestamp>3314.682585</timestamp>
			</report>
			<report>
				<misses>11061001</misses>
				<total>21</total>
				<timestamp>3314.982171</timestamp>
			</report>
			<report>
				<misses>11062001</misses>
				<total>21</total>
				<timestamp>3315.281904</timestamp>
			</report>
			<report>
				<misses>11063001</misses>
				<total>20</total>
				<timestamp>3315.581685</timestamp>
			</report>
			<report>
				<misses>11064001</misses>
				<total>21</total>
				<timestamp>3315.881277</timestamp>
			</report>
			<report>
				<misses>11065001</misses>
				<total>21</total>
				<timestamp>3316.181007</timestamp>
			</report>
			<report>
				<misses>11066001</misses>
				<total>21</total>
				<timestamp>3316.480765</timestamp>
			</report>
			<report>
				<misses>11067001</misses>
				<total>21</total>
				<timestamp>3316.780378</timestamp>
			</report>
			<report>
				<misses>11068001</misses>
				<total>21</total>
				<timestamp>3317.080073</timestamp>
			</report>
			<report>
				<misses>11069001</misses>
				<total>21</total>
				<timestamp>3317.379892</timestamp>
			</report>
			<report>
				<misses>11070001</misses>
				<total>21</total>
				<timestamp>3317.679527</timestamp>
			</report>
			<report>
				<misses>11071001</misses>
				<total>21</total>
				<timestamp>3317.979172</timestamp>
			</report>
			<report>
				<misses>11072001</misses>
				<total>21</total>
				<timestamp>3318.278878</timestamp>
			</report>
			<report>
				<misses>11073001</misses>
				<total>21</total>
				<timestamp>3318.578566</timestamp>
			</report>
			<report>
				<misses>11074001</misses>
				<total>21</total>
				<timestamp>3318.878267</timestamp>
			</report>
			<report>
				<misses>11075001</misses>
				<total>21</total>
				<timestamp>3319.178002</timestamp>
			</report>
			<report>
				<misses>11076001</misses>
				<total>21</total>
				<timestamp>3319.477682</timestamp>
			</report>
			<report>
				<misses>11077001</misses>
				<total>21</total>
				<timestamp>3319.777365</timestamp>
			</report>
			<report>
				<misses>11078001</misses>
				<total>21</total>
				<timestamp>3320.077102</timestamp>
			</report>
			<report>
				<misses>11079001</misses>
				<total>21</total>
				<timestamp>3320.376784</timestamp>
			</report>
			<report>
				<misses>11080001</misses>
				<total>21</total>
				<timestamp>3320.676505</timestamp>
			</report>
			<report>
				<misses>11081001</misses>
				<total>20</total>
				<timestamp>3320.976280</timestamp>
			</report>
			<report>
				<misses>11082001</misses>
				<total>21</total>
				<timestamp>3321.275907</timestamp>
			</report>
			<report>
				<misses>11083001</misses>
				<total>21</total>
				<timestamp>3321.575631</timestamp>
			</report>
			<report>
				<misses>11084001</misses>
				<total>21</total>
				<timestamp>3321.875275</timestamp>
			</report>
			<report>
				<misses>11085001</misses>
				<total>21</total>
				<timestamp>3322.174991</timestamp>
			</report>
			<report>
				<misses>11086001</misses>
				<total>21</total>
				<timestamp>3322.474676</timestamp>
			</report>
			<report>
				<misses>11087001</misses>
				<total>21</total>
				<timestamp>3322.774448</timestamp>
			</report>
			<report>
				<misses>11088001</misses>
				<total>21</total>
				<timestamp>3323.074137</timestamp>
			</report>
			<report>
				<misses>11089001</misses>
				<total>21</total>
				<timestamp>3323.373794</timestamp>
			</report>
			<report>
				<misses>11090001</misses>
				<total>21</total>
				<timestamp>3323.673483</timestamp>
			</report>
			<report>
				<misses>11091001</misses>
				<total>21</total>
				<timestamp>3323.973157</timestamp>
			</report>
			<report>
				<misses>11092001</misses>
				<total>21</total>
				<timestamp>3324.272883</timestamp>
			</report>
			<report>
				<misses>11093001</misses>
				<total>21</total>
				<timestamp>3324.572572</timestamp>
			</report>
			<report>
				<misses>11094001</misses>
				<total>21</total>
				<timestamp>3324.872271</timestamp>
			</report>
			<report>
				<misses>11095001</misses>
				<total>21</total>
				<timestamp>3325.172005</timestamp>
			</report>
			<report>
				<misses>11096001</misses>
				<total>21</total>
				<timestamp>3325.471679</timestamp>
			</report>
			<report>
				<misses>11097001</misses>
				<total>20</total>
				<timestamp>3325.771481</timestamp>
			</report>
			<report>
				<misses>11098001</misses>
				<total>20</total>
				<timestamp>3326.071193</timestamp>
			</report>
			<report>
				<misses>11099001</misses>
				<total>21</total>
				<timestamp>3326.370832</timestamp>
			</report>
			<report>
				<misses>11100001</misses>
				<total>21</total>
				<timestamp>3326.670459</timestamp>
			</report>
			<report>
				<misses>11101001</misses>
				<total>21</total>
				<timestamp>3326.970172</timestamp>
			</report>
			<report>
				<misses>11102001</misses>
				<total>21</total>
				<timestamp>3327.269928</timestamp>
			</report>
			<report>
				<misses>11103001</misses>
				<total>21</total>
				<timestamp>3327.569568</timestamp>
			</report>
			<report>
				<misses>11104001</misses>
				<total>21</total>
				<timestamp>3327.869269</timestamp>
			</report>
			<report>
				<misses>11105001</misses>
				<total>21</total>
				<timestamp>3328.169040</timestamp>
			</report>
			<report>
				<misses>11106001</misses>
				<total>21</total>
				<timestamp>3328.468679</timestamp>
			</report>
			<report>
				<misses>11107001</misses>
				<total>21</total>
				<timestamp>3328.768449</timestamp>
			</report>
			<report>
				<misses>11108001</misses>
				<total>21</total>
				<timestamp>3329.068095</timestamp>
			</report>
			<report>
				<misses>11109001</misses>
				<total>21</total>
				<timestamp>3329.367779</timestamp>
			</report>
			<report>
				<misses>11110001</misses>
				<total>20</total>
				<timestamp>3329.667557</timestamp>
			</report>
			<report>
				<misses>11111001</misses>
				<total>20</total>
				<timestamp>3329.967267</timestamp>
			</report>
			<report>
				<misses>11112001</misses>
				<total>21</total>
				<timestamp>3330.266915</timestamp>
			</report>
			<report>
				<misses>11113001</misses>
				<total>21</total>
				<timestamp>3330.566607</timestamp>
			</report>
			<report>
				<misses>11114001</misses>
				<total>21</total>
				<timestamp>3330.866281</timestamp>
			</report>
			<report>
				<misses>11115001</misses>
				<total>21</total>
				<timestamp>3331.166002</timestamp>
			</report>
			<report>
				<misses>11116001</misses>
				<total>21</total>
				<timestamp>3331.465720</timestamp>
			</report>
			<report>
				<misses>11117001</misses>
				<total>21</total>
				<timestamp>3331.765440</timestamp>
			</report>
			<report>
				<misses>11118001</misses>
				<total>21</total>
				<timestamp>3332.065065</timestamp>
			</report>
			<report>
				<misses>11119001</misses>
				<total>21</total>
				<timestamp>3332.364778</timestamp>
			</report>
			<report>
				<misses>11120001</misses>
				<total>21</total>
				<timestamp>3332.664493</timestamp>
			</report>
			<report>
				<misses>11121001</misses>
				<total>21</total>
				<timestamp>3332.964185</timestamp>
			</report>
			<report>
				<misses>11122001</misses>
				<total>21</total>
				<timestamp>3333.263876</timestamp>
			</report>
			<report>
				<misses>11123001</misses>
				<total>21</total>
				<timestamp>3333.563590</timestamp>
			</report>
			<report>
				<misses>11124001</misses>
				<total>21</total>
				<timestamp>3333.863340</timestamp>
			</report>
			<report>
				<misses>11125001</misses>
				<total>21</total>
				<timestamp>3334.162986</timestamp>
			</report>
			<report>
				<misses>11126001</misses>
				<total>21</total>
				<timestamp>3334.462719</timestamp>
			</report>
			<report>
				<misses>11127001</misses>
				<total>20</total>
				<timestamp>3334.762474</timestamp>
			</report>
			<report>
				<misses>11128001</misses>
				<total>21</total>
				<timestamp>3335.062064</timestamp>
			</report>
			<report>
				<misses>11129001</misses>
				<total>21</total>
				<timestamp>3335.361780</timestamp>
			</report>
			<report>
				<misses>11130001</misses>
				<total>21</total>
				<timestamp>3335.661466</timestamp>
			</report>
			<report>
				<misses>11131001</misses>
				<total>21</total>
				<timestamp>3335.961174</timestamp>
			</report>
			<report>
				<misses>11132001</misses>
				<total>21</total>
				<timestamp>3336.260884</timestamp>
			</report>
			<report>
				<misses>11133001</misses>
				<total>21</total>
				<timestamp>3336.560620</timestamp>
			</report>
			<report>
				<misses>11134001</misses>
				<total>21</total>
				<timestamp>3336.860276</timestamp>
			</report>
			<report>
				<misses>11135001</misses>
				<total>21</total>
				<timestamp>3337.160021</timestamp>
			</report>
			<report>
				<misses>11136001</misses>
				<total>21</total>
				<timestamp>3337.459725</timestamp>
			</report>
			<report>
				<misses>11137001</misses>
				<total>21</total>
				<timestamp>3337.759365</timestamp>
			</report>
			<report>
				<misses>11138001</misses>
				<total>21</total>
				<timestamp>3338.059083</timestamp>
			</report>
			<report>
				<misses>11139001</misses>
				<total>21</total>
				<timestamp>3338.358836</timestamp>
			</report>
			<report>
				<misses>11140001</misses>
				<total>21</total>
				<timestamp>3338.658534</timestamp>
			</report>
			<report>
				<misses>11141001</misses>
				<total>21</total>
				<timestamp>3338.958170</timestamp>
			</report>
			<report>
				<misses>11142001</misses>
				<total>21</total>
				<timestamp>3339.257867</timestamp>
			</report>
			<report>
				<misses>11143001</misses>
				<total>20</total>
				<timestamp>3339.557678</timestamp>
			</report>
			<report>
				<misses>11144001</misses>
				<total>21</total>
				<timestamp>3339.857334</timestamp>
			</report>
			<report>
				<misses>11145001</misses>
				<total>21</total>
				<timestamp>3340.157005</timestamp>
			</report>
			<report>
				<misses>11146001</misses>
				<total>21</total>
				<timestamp>3340.456686</timestamp>
			</report>
			<report>
				<misses>11147001</misses>
				<total>21</total>
				<timestamp>3340.756390</timestamp>
			</report>
			<report>
				<misses>11148001</misses>
				<total>21</total>
				<timestamp>3341.056072</timestamp>
			</report>
			<report>
				<misses>11149001</misses>
				<total>21</total>
				<timestamp>3341.355825</timestamp>
			</report>
			<report>
				<misses>11150001</misses>
				<total>21</total>
				<timestamp>3341.655467</timestamp>
			</report>
			<report>
				<misses>11151001</misses>
				<total>21</total>
				<timestamp>3341.955169</timestamp>
			</report>
			<report>
				<misses>11152001</misses>
				<total>21</total>
				<timestamp>3342.254892</timestamp>
			</report>
			<report>
				<misses>11153001</misses>
				<total>21</total>
				<timestamp>3342.554646</timestamp>
			</report>
			<report>
				<misses>11154001</misses>
				<total>21</total>
				<timestamp>3342.854327</timestamp>
			</report>
			<report>
				<misses>11155001</misses>
				<total>21</total>
				<timestamp>3343.153982</timestamp>
			</report>
			<report>
				<misses>11156001</misses>
				<total>21</total>
				<timestamp>3343.453716</timestamp>
			</report>
			<report>
				<misses>11157001</misses>
				<total>21</total>
				<timestamp>3343.753369</timestamp>
			</report>
			<report>
				<misses>11158001</misses>
				<total>21</total>
				<timestamp>3344.053067</timestamp>
			</report>
			<report>
				<misses>11159001</misses>
				<total>21</total>
				<timestamp>3344.352801</timestamp>
			</report>
			<report>
				<misses>11160001</misses>
				<total>21</total>
				<timestamp>3344.652557</timestamp>
			</report>
			<report>
				<misses>11161001</misses>
				<total>21</total>
				<timestamp>3344.952186</timestamp>
			</report>
			<report>
				<misses>11162001</misses>
				<total>21</total>
				<timestamp>3345.251898</timestamp>
			</report>
			<report>
				<misses>11163001</misses>
				<total>21</total>
				<timestamp>3345.551695</timestamp>
			</report>
			<report>
				<misses>11164001</misses>
				<total>20</total>
				<timestamp>3345.851387</timestamp>
			</report>
			<report>
				<misses>11165001</misses>
				<total>21</total>
				<timestamp>3346.151000</timestamp>
			</report>
			<report>
				<misses>11166001</misses>
				<total>21</total>
				<timestamp>3346.450771</timestamp>
			</report>
			<report>
				<misses>11167001</misses>
				<total>21</total>
				<timestamp>3346.750384</timestamp>
			</report>
			<report>
				<misses>11168001</misses>
				<total>21</total>
				<timestamp>3347.050080</timestamp>
			</report>
			<report>
				<misses>11169001</misses>
				<total>21</total>
				<timestamp>3347.349794</timestamp>
			</report>
			<report>
				<misses>11170001</misses>
				<total>20</total>
				<timestamp>3347.649599</timestamp>
			</report>
			<report>
				<misses>11171001</misses>
				<total>21</total>
				<timestamp>3347.949174</timestamp>
			</report>
			<report>
				<misses>11172001</misses>
				<total>21</total>
				<timestamp>3348.248872</timestamp>
			</report>
			<report>
				<misses>11173001</misses>
				<total>21</total>
				<timestamp>3348.548635</timestamp>
			</report>
			<report>
				<misses>11174001</misses>
				<total>21</total>
				<timestamp>3348.848288</timestamp>
			</report>
			<report>
				<misses>11175001</misses>
				<total>21</total>
				<timestamp>3349.147987</timestamp>
			</report>
			<report>
				<misses>11176001</misses>
				<total>21</total>
				<timestamp>3349.447702</timestamp>
			</report>
			<report>
				<misses>11177001</misses>
				<total>20</total>
				<timestamp>3349.747485</timestamp>
			</report>
			<report>
				<misses>11178001</misses>
				<total>21</total>
				<timestamp>3350.047136</timestamp>
			</report>
			<report>
				<misses>11179001</misses>
				<total>21</total>
				<timestamp>3350.346805</timestamp>
			</report>
			<report>
				<misses>11180001</misses>
				<total>21</total>
				<timestamp>3350.646511</timestamp>
			</report>
			<report>
				<misses>11181001</misses>
				<total>21</total>
				<timestamp>3350.946180</timestamp>
			</report>
			<report>
				<misses>11182001</misses>
				<total>21</total>
				<timestamp>3351.245887</timestamp>
			</report>
			<report>
				<misses>11183001</misses>
				<total>21</total>
				<timestamp>3351.545580</timestamp>
			</report>
			<report>
				<misses>11184001</misses>
				<total>21</total>
				<timestamp>3351.845325</timestamp>
			</report>
			<report>
				<misses>11185001</misses>
				<total>21</total>
				<timestamp>3352.144986</timestamp>
			</report>
			<report>
				<misses>11186001</misses>
				<total>21</total>
				<timestamp>3352.444730</timestamp>
			</report>
			<report>
				<misses>11187001</misses>
				<total>21</total>
				<timestamp>3352.744429</timestamp>
			</report>
			<report>
				<misses>11188001</misses>
				<total>21</total>
				<timestamp>3353.044111</timestamp>
			</report>
			<report>
				<misses>11189001</misses>
				<total>21</total>
				<timestamp>3353.343804</timestamp>
			</report>
			<report>
				<misses>11190001</misses>
				<total>21</total>
				<timestamp>3353.643486</timestamp>
			</report>
			<report>
				<misses>11191001</misses>
				<total>21</total>
				<timestamp>3353.943165</timestamp>
			</report>
			<report>
				<misses>11192001</misses>
				<total>21</total>
				<timestamp>3354.242886</timestamp>
			</report>
			<report>
				<misses>11193001</misses>
				<total>21</total>
				<timestamp>3354.542591</timestamp>
			</report>
			<report>
				<misses>11194001</misses>
				<total>21</total>
				<timestamp>3354.842285</timestamp>
			</report>
			<report>
				<misses>11195001</misses>
				<total>21</total>
				<timestamp>3355.141993</timestamp>
			</report>
			<report>
				<misses>11196001</misses>
				<total>21</total>
				<timestamp>3355.441691</timestamp>
			</report>
			<report>
				<misses>11197001</misses>
				<total>20</total>
				<timestamp>3355.741468</timestamp>
			</report>
			<report>
				<misses>11198001</misses>
				<total>21</total>
				<timestamp>3356.041068</timestamp>
			</report>
			<report>
				<misses>11199001</misses>
				<total>21</total>
				<timestamp>3356.340793</timestamp>
			</report>
			<report>
				<misses>11200001</misses>
				<total>21</total>
				<timestamp>3356.640559</timestamp>
			</report>
			<report>
				<misses>11201001</misses>
				<total>21</total>
				<timestamp>3356.940164</timestamp>
			</report>
			<report>
				<misses>11202001</misses>
				<total>21</total>
				<timestamp>3357.239873</timestamp>
			</report>
			<report>
				<misses>11203001</misses>
				<total>21</total>
				<timestamp>3357.539586</timestamp>
			</report>
			<report>
				<misses>11204001</misses>
				<total>21</total>
				<timestamp>3357.839272</timestamp>
			</report>
			<report>
				<misses>11205001</misses>
				<total>21</total>
				<timestamp>3358.139001</timestamp>
			</report>
			<report>
				<misses>11206001</misses>
				<total>21</total>
				<timestamp>3358.438731</timestamp>
			</report>
			<report>
				<misses>11207001</misses>
				<total>20</total>
				<timestamp>3358.738498</timestamp>
			</report>
			<report>
				<misses>11208001</misses>
				<total>21</total>
				<timestamp>3359.038061</timestamp>
			</report>
			<report>
				<misses>11209001</misses>
				<total>21</total>
				<timestamp>3359.337774</timestamp>
			</report>
			<report>
				<misses>11210001</misses>
				<total>21</total>
				<timestamp>3359.637545</timestamp>
			</report>
			<report>
				<misses>11211001</misses>
				<total>21</total>
				<timestamp>3359.937179</timestamp>
			</report>
			<report>
				<misses>11212001</misses>
				<total>21</total>
				<timestamp>3360.236866</timestamp>
			</report>
			<report>
				<misses>11213001</misses>
				<total>21</total>
				<timestamp>3360.536609</timestamp>
			</report>
			<report>
				<misses>11214001</misses>
				<total>21</total>
				<timestamp>3360.836361</timestamp>
			</report>
			<report>
				<misses>11215001</misses>
				<total>21</total>
				<timestamp>3361.135992</timestamp>
			</report>
			<report>
				<misses>11216001</misses>
				<total>21</total>
				<timestamp>3361.435678</timestamp>
			</report>
			<report>
				<misses>11217001</misses>
				<total>21</total>
				<timestamp>3361.735387</timestamp>
			</report>
			<report>
				<misses>11218001</misses>
				<total>21</total>
				<timestamp>3362.035071</timestamp>
			</report>
			<report>
				<misses>11219001</misses>
				<total>21</total>
				<timestamp>3362.334781</timestamp>
			</report>
			<report>
				<misses>11220001</misses>
				<total>21</total>
				<timestamp>3362.634540</timestamp>
			</report>
			<report>
				<misses>11221001</misses>
				<total>21</total>
				<timestamp>3362.934162</timestamp>
			</report>
			<report>
				<misses>11222001</misses>
				<total>21</total>
				<timestamp>3363.233873</timestamp>
			</report>
			<report>
				<misses>11223001</misses>
				<total>21</total>
				<timestamp>3363.533604</timestamp>
			</report>
			<report>
				<misses>11224001</misses>
				<total>21</total>
				<timestamp>3363.833385</timestamp>
			</report>
			<report>
				<misses>11225001</misses>
				<total>21</total>
				<timestamp>3364.132967</timestamp>
			</report>
			<report>
				<misses>11226001</misses>
				<total>21</total>
				<timestamp>3364.432697</timestamp>
			</report>
			<report>
				<misses>11227001</misses>
				<total>21</total>
				<timestamp>3364.732430</timestamp>
			</report>
			<report>
				<misses>11228001</misses>
				<total>21</total>
				<timestamp>3365.032090</timestamp>
			</report>
			<report>
				<misses>11229001</misses>
				<total>21</total>
				<timestamp>3365.331763</timestamp>
			</report>
			<report>
				<misses>11230001</misses>
				<total>21</total>
				<timestamp>3365.631506</timestamp>
			</report>
			<report>
				<misses>11231001</misses>
				<total>21</total>
				<timestamp>3365.931262</timestamp>
			</report>
			<report>
				<misses>11232001</misses>
				<total>21</total>
				<timestamp>3366.230867</timestamp>
			</report>
			<report>
				<misses>11233001</misses>
				<total>21</total>
				<timestamp>3366.530594</timestamp>
			</report>
			<report>
				<misses>11234001</misses>
				<total>21</total>
				<timestamp>3366.830284</timestamp>
			</report>
			<report>
				<misses>11235001</misses>
				<total>21</total>
				<timestamp>3367.129999</timestamp>
			</report>
			<report>
				<misses>11236001</misses>
				<total>21</total>
				<timestamp>3367.429682</timestamp>
			</report>
			<report>
				<misses>11237001</misses>
				<total>20</total>
				<timestamp>3367.729500</timestamp>
			</report>
			<report>
				<misses>11238001</misses>
				<total>21</total>
				<timestamp>3368.029067</timestamp>
			</report>
			<report>
				<misses>11239001</misses>
				<total>21</total>
				<timestamp>3368.328781</timestamp>
			</report>
			<report>
				<misses>11240001</misses>
				<total>21</total>
				<timestamp>3368.628486</timestamp>
			</report>
			<report>
				<misses>11241001</misses>
				<total>21</total>
				<timestamp>3368.928232</timestamp>
			</report>
			<report>
				<misses>11242001</misses>
				<total>21</total>
				<timestamp>3369.227882</timestamp>
			</report>
			<report>
				<misses>11243001</misses>
				<total>21</total>
				<timestamp>3369.527590</timestamp>
			</report>
			<report>
				<misses>11244001</misses>
				<total>20</total>
				<timestamp>3369.827394</timestamp>
			</report>
			<report>
				<misses>11245001</misses>
				<total>21</total>
				<timestamp>3370.127006</timestamp>
			</report>
			<report>
				<misses>11246001</misses>
				<total>21</total>
				<timestamp>3370.426660</timestamp>
			</report>
			<report>
				<misses>11247001</misses>
				<total>21</total>
				<timestamp>3370.726407</timestamp>
			</report>
			<report>
				<misses>11248001</misses>
				<total>21</total>
				<timestamp>3371.026123</timestamp>
			</report>
			<report>
				<misses>11249001</misses>
				<total>21</total>
				<timestamp>3371.325780</timestamp>
			</report>
			<report>
				<misses>11250001</misses>
				<total>21</total>
				<timestamp>3371.625486</timestamp>
			</report>
			<report>
				<misses>11251001</misses>
				<total>21</total>
				<timestamp>3371.925182</timestamp>
			</report>
			<report>
				<misses>11252001</misses>
				<total>21</total>
				<timestamp>3372.224870</timestamp>
			</report>
			<report>
				<misses>11253001</misses>
				<total>21</total>
				<timestamp>3372.524597</timestamp>
			</report>
			<report>
				<misses>11254001</misses>
				<total>20</total>
				<timestamp>3372.824382</timestamp>
			</report>
			<report>
				<misses>11255001</misses>
				<total>21</total>
				<timestamp>3373.123995</timestamp>
			</report>
			<report>
				<misses>11256001</misses>
				<total>21</total>
				<timestamp>3373.423674</timestamp>
			</report>
			<report>
				<misses>11257001</misses>
				<total>21</total>
				<timestamp>3373.723386</timestamp>
			</report>
			<report>
				<misses>11258001</misses>
				<total>21</total>
				<timestamp>3374.023073</timestamp>
			</report>
			<report>
				<misses>11259001</misses>
				<total>21</total>
				<timestamp>3374.322764</timestamp>
			</report>
			<report>
				<misses>11260001</misses>
				<total>21</total>
				<timestamp>3374.622524</timestamp>
			</report>
			<report>
				<misses>11261001</misses>
				<total>21</total>
				<timestamp>3374.922225</timestamp>
			</report>
			<report>
				<misses>11262001</misses>
				<total>21</total>
				<timestamp>3375.221867</timestamp>
			</report>
			<report>
				<misses>11263001</misses>
				<total>21</total>
				<timestamp>3375.521582</timestamp>
			</report>
			<report>
				<misses>11264001</misses>
				<total>21</total>
				<timestamp>3375.821278</timestamp>
			</report>
			<report>
				<misses>11265001</misses>
				<total>21</total>
				<timestamp>3376.120982</timestamp>
			</report>
			<report>
				<misses>11266001</misses>
				<total>21</total>
				<timestamp>3376.420700</timestamp>
			</report>
			<report>
				<misses>11267001</misses>
				<total>21</total>
				<timestamp>3376.720453</timestamp>
			</report>
			<report>
				<misses>11268001</misses>
				<total>21</total>
				<timestamp>3377.020081</timestamp>
			</report>
			<report>
				<misses>11269001</misses>
				<total>21</total>
				<timestamp>3377.319766</timestamp>
			</report>
			<report>
				<misses>11270001</misses>
				<total>21</total>
				<timestamp>3377.619490</timestamp>
			</report>
			<report>
				<misses>11271001</misses>
				<total>21</total>
				<timestamp>3377.919223</timestamp>
			</report>
			<report>
				<misses>11272001</misses>
				<total>21</total>
				<timestamp>3378.218869</timestamp>
			</report>
			<report>
				<misses>11273001</misses>
				<total>21</total>
				<timestamp>3378.518639</timestamp>
			</report>
			<report>
				<misses>11274001</misses>
				<total>21</total>
				<timestamp>3378.818285</timestamp>
			</report>
			<report>
				<misses>11275001</misses>
				<total>21</total>
				<timestamp>3379.117987</timestamp>
			</report>
			<report>
				<misses>11276001</misses>
				<total>21</total>
				<timestamp>3379.417676</timestamp>
			</report>
			<report>
				<misses>11277001</misses>
				<total>21</total>
				<timestamp>3379.717402</timestamp>
			</report>
			<report>
				<misses>11278001</misses>
				<total>21</total>
				<timestamp>3380.017089</timestamp>
			</report>
			<report>
				<misses>11279001</misses>
				<total>21</total>
				<timestamp>3380.316758</timestamp>
			</report>
			<report>
				<misses>11280001</misses>
				<total>21</total>
				<timestamp>3380.616461</timestamp>
			</report>
			<report>
				<misses>11281001</misses>
				<total>21</total>
				<timestamp>3380.916199</timestamp>
			</report>
			<report>
				<misses>11282001</misses>
				<total>21</total>
				<timestamp>3381.215881</timestamp>
			</report>
			<report>
				<misses>11283001</misses>
				<total>21</total>
				<timestamp>3381.515626</timestamp>
			</report>
			<report>
				<misses>11284001</misses>
				<total>21</total>
				<timestamp>3381.815276</timestamp>
			</report>
			<report>
				<misses>11285001</misses>
				<total>21</total>
				<timestamp>3382.114967</timestamp>
			</report>
			<report>
				<misses>11286001</misses>
				<total>21</total>
				<timestamp>3382.414670</timestamp>
			</report>
			<report>
				<misses>11287001</misses>
				<total>21</total>
				<timestamp>3382.714428</timestamp>
			</report>
			<report>
				<misses>11288001</misses>
				<total>21</total>
				<timestamp>3383.014170</timestamp>
			</report>
			<report>
				<misses>11289001</misses>
				<total>21</total>
				<timestamp>3383.313791</timestamp>
			</report>
			<report>
				<misses>11290001</misses>
				<total>21</total>
				<timestamp>3383.613465</timestamp>
			</report>
			<report>
				<misses>11291001</misses>
				<total>20</total>
				<timestamp>3383.913278</timestamp>
			</report>
			<report>
				<misses>11292001</misses>
				<total>21</total>
				<timestamp>3384.212880</timestamp>
			</report>
			<report>
				<misses>11293001</misses>
				<total>21</total>
				<timestamp>3384.512623</timestamp>
			</report>
			<report>
				<misses>11294001</misses>
				<total>21</total>
				<timestamp>3384.812286</timestamp>
			</report>
			<report>
				<misses>11295001</misses>
				<total>21</total>
				<timestamp>3385.111990</timestamp>
			</report>
			<report>
				<misses>11296001</misses>
				<total>20</total>
				<timestamp>3385.411771</timestamp>
			</report>
			<report>
				<misses>11297001</misses>
				<total>21</total>
				<timestamp>3385.711408</timestamp>
			</report>
			<report>
				<misses>11298001</misses>
				<total>21</total>
				<timestamp>3386.011083</timestamp>
			</report>
			<report>
				<misses>11299001</misses>
				<total>21</total>
				<timestamp>3386.310776</timestamp>
			</report>
			<report>
				<misses>11300001</misses>
				<total>21</total>
				<timestamp>3386.610504</timestamp>
			</report>
			<report>
				<misses>11301001</misses>
				<total>21</total>
				<timestamp>3386.910255</timestamp>
			</report>
			<report>
				<misses>11302001</misses>
				<total>21</total>
				<timestamp>3387.209915</timestamp>
			</report>
			<report>
				<misses>11303001</misses>
				<total>21</total>
				<timestamp>3387.509560</timestamp>
			</report>
			<report>
				<misses>11304001</misses>
				<total>21</total>
				<timestamp>3387.809341</timestamp>
			</report>
			<report>
				<misses>11305001</misses>
				<total>21</total>
				<timestamp>3388.109003</timestamp>
			</report>
			<report>
				<misses>11306001</misses>
				<total>21</total>
				<timestamp>3388.408676</timestamp>
			</report>
			<report>
				<misses>11307001</misses>
				<total>21</total>
				<timestamp>3388.708449</timestamp>
			</report>
			<report>
				<misses>11308001</misses>
				<total>21</total>
				<timestamp>3389.008062</timestamp>
			</report>
			<report>
				<misses>11309001</misses>
				<total>21</total>
				<timestamp>3389.307761</timestamp>
			</report>
			<report>
				<misses>11310001</misses>
				<total>21</total>
				<timestamp>3389.607529</timestamp>
			</report>
			<report>
				<misses>11311001</misses>
				<total>21</total>
				<timestamp>3389.907260</timestamp>
			</report>
			<report>
				<misses>11312001</misses>
				<total>21</total>
				<timestamp>3390.206879</timestamp>
			</report>
			<report>
				<misses>11313001</misses>
				<total>21</total>
				<timestamp>3390.506582</timestamp>
			</report>
			<report>
				<misses>11314001</misses>
				<total>21</total>
				<timestamp>3390.806328</timestamp>
			</report>
			<report>
				<misses>11315001</misses>
				<total>21</total>
				<timestamp>3391.106001</timestamp>
			</report>
			<report>
				<misses>11316001</misses>
				<total>21</total>
				<timestamp>3391.405674</timestamp>
			</report>
			<report>
				<misses>11317001</misses>
				<total>21</total>
				<timestamp>3391.705394</timestamp>
			</report>
			<report>
				<misses>11318001</misses>
				<total>21</total>
				<timestamp>3392.005162</timestamp>
			</report>
			<report>
				<misses>11319001</misses>
				<total>21</total>
				<timestamp>3392.304846</timestamp>
			</report>
			<report>
				<misses>11320001</misses>
				<total>21</total>
				<timestamp>3392.604477</timestamp>
			</report>
			<report>
				<misses>11321001</misses>
				<total>21</total>
				<timestamp>3392.904182</timestamp>
			</report>
			<report>
				<misses>11322001</misses>
				<total>21</total>
				<timestamp>3393.203876</timestamp>
			</report>
			<report>
				<misses>11323001</misses>
				<total>21</total>
				<timestamp>3393.503573</timestamp>
			</report>
			<report>
				<misses>11324001</misses>
				<total>21</total>
				<timestamp>3393.803334</timestamp>
			</report>
			<report>
				<misses>11325001</misses>
				<total>21</total>
				<timestamp>3394.102984</timestamp>
			</report>
			<report>
				<misses>11326001</misses>
				<total>21</total>
				<timestamp>3394.402732</timestamp>
			</report>
			<report>
				<misses>11327001</misses>
				<total>21</total>
				<timestamp>3394.702391</timestamp>
			</report>
			<report>
				<misses>11328001</misses>
				<total>21</total>
				<timestamp>3395.002091</timestamp>
			</report>
			<report>
				<misses>11329001</misses>
				<total>21</total>
				<timestamp>3395.301771</timestamp>
			</report>
			<report>
				<misses>11330001</misses>
				<total>21</total>
				<timestamp>3395.601473</timestamp>
			</report>
			<report>
				<misses>11331001</misses>
				<total>21</total>
				<timestamp>3395.901170</timestamp>
			</report>
			<report>
				<misses>11332001</misses>
				<total>21</total>
				<timestamp>3396.200869</timestamp>
			</report>
			<report>
				<misses>11333001</misses>
				<total>21</total>
				<timestamp>3396.500568</timestamp>
			</report>
			<report>
				<misses>11334001</misses>
				<total>21</total>
				<timestamp>3396.800315</timestamp>
			</report>
			<report>
				<misses>11335001</misses>
				<total>21</total>
				<timestamp>3397.099999</timestamp>
			</report>
			<report>
				<misses>11336001</misses>
				<total>21</total>
				<timestamp>3397.399677</timestamp>
			</report>
			<report>
				<misses>11337001</misses>
				<total>21</total>
				<timestamp>3397.699433</timestamp>
			</report>
			<report>
				<misses>11338001</misses>
				<total>21</total>
				<timestamp>3397.999134</timestamp>
			</report>
			<report>
				<misses>11339001</misses>
				<total>21</total>
				<timestamp>3398.298768</timestamp>
			</report>
			<report>
				<misses>11340001</misses>
				<total>21</total>
				<timestamp>3398.598466</timestamp>
			</report>
			<report>
				<misses>11341001</misses>
				<total>21</total>
				<timestamp>3398.898186</timestamp>
			</report>
			<report>
				<misses>11342001</misses>
				<total>21</total>
				<timestamp>3399.197887</timestamp>
			</report>
			<report>
				<misses>11343001</misses>
				<total>21</total>
				<timestamp>3399.497576</timestamp>
			</report>
			<report>
				<misses>11344001</misses>
				<total>21</total>
				<timestamp>3399.797289</timestamp>
			</report>
			<report>
				<misses>11345001</misses>
				<total>21</total>
				<timestamp>3400.096999</timestamp>
			</report>
			<report>
				<misses>11346001</misses>
				<total>21</total>
				<timestamp>3400.396708</timestamp>
			</report>
			<report>
				<misses>11347001</misses>
				<total>21</total>
				<timestamp>3400.696392</timestamp>
			</report>
			<report>
				<misses>11348001</misses>
				<total>21</total>
				<timestamp>3400.996069</timestamp>
			</report>
			<report>
				<misses>11349001</misses>
				<total>21</total>
				<timestamp>3401.295765</timestamp>
			</report>
			<report>
				<misses>11350001</misses>
				<total>21</total>
				<timestamp>3401.595483</timestamp>
			</report>
			<report>
				<misses>11351001</misses>
				<total>21</total>
				<timestamp>3401.895193</timestamp>
			</report>
			<report>
				<misses>11352001</misses>
				<total>21</total>
				<timestamp>3402.194871</timestamp>
			</report>
			<report>
				<misses>11353001</misses>
				<total>21</total>
				<timestamp>3402.494594</timestamp>
			</report>
			<report>
				<misses>11354001</misses>
				<total>21</total>
				<timestamp>3402.794303</timestamp>
			</report>
			<report>
				<misses>11355001</misses>
				<total>21</total>
				<timestamp>3403.094045</timestamp>
			</report>
			<report>
				<misses>11356001</misses>
				<total>21</total>
				<timestamp>3403.393684</timestamp>
			</report>
			<report>
				<misses>11357001</misses>
				<total>21</total>
				<timestamp>3403.693389</timestamp>
			</report>
			<report>
				<misses>11358001</misses>
				<total>21</total>
				<timestamp>3403.993106</timestamp>
			</report>
			<report>
				<misses>11359001</misses>
				<total>21</total>
				<timestamp>3404.292775</timestamp>
			</report>
			<report>
				<misses>11360001</misses>
				<total>21</total>
				<timestamp>3404.592463</timestamp>
			</report>
			<report>
				<misses>11361001</misses>
				<total>21</total>
				<timestamp>3404.892168</timestamp>
			</report>
			<report>
				<misses>11362001</misses>
				<total>21</total>
				<timestamp>3405.191878</timestamp>
			</report>
			<report>
				<misses>11363001</misses>
				<total>21</total>
				<timestamp>3405.491602</timestamp>
			</report>
			<report>
				<misses>11364001</misses>
				<total>21</total>
				<timestamp>3405.791305</timestamp>
			</report>
			<report>
				<misses>11365001</misses>
				<total>21</total>
				<timestamp>3406.090976</timestamp>
			</report>
			<report>
				<misses>11366001</misses>
				<total>21</total>
				<timestamp>3406.390702</timestamp>
			</report>
			<report>
				<misses>11367001</misses>
				<total>21</total>
				<timestamp>3406.690374</timestamp>
			</report>
			<report>
				<misses>11368001</misses>
				<total>21</total>
				<timestamp>3406.990089</timestamp>
			</report>
			<report>
				<misses>11369001</misses>
				<total>21</total>
				<timestamp>3407.289769</timestamp>
			</report>
			<report>
				<misses>11370001</misses>
				<total>21</total>
				<timestamp>3407.589485</timestamp>
			</report>
			<report>
				<misses>11371001</misses>
				<total>21</total>
				<timestamp>3407.889223</timestamp>
			</report>
			<report>
				<misses>11372001</misses>
				<total>21</total>
				<timestamp>3408.188921</timestamp>
			</report>
			<report>
				<misses>11373001</misses>
				<total>21</total>
				<timestamp>3408.488569</timestamp>
			</report>
			<report>
				<misses>11374001</misses>
				<total>21</total>
				<timestamp>3408.788377</timestamp>
			</report>
			<report>
				<misses>11375001</misses>
				<total>21</total>
				<timestamp>3409.087996</timestamp>
			</report>
			<report>
				<misses>11376001</misses>
				<total>21</total>
				<timestamp>3409.387677</timestamp>
			</report>
			<report>
				<misses>11377001</misses>
				<total>21</total>
				<timestamp>3409.687370</timestamp>
			</report>
			<report>
				<misses>11378001</misses>
				<total>20</total>
				<timestamp>3409.987254</timestamp>
			</report>
			<report>
				<misses>11379001</misses>
				<total>21</total>
				<timestamp>3410.286795</timestamp>
			</report>
			<report>
				<misses>11380001</misses>
				<total>21</total>
				<timestamp>3410.586476</timestamp>
			</report>
			<report>
				<misses>11381001</misses>
				<total>21</total>
				<timestamp>3410.886227</timestamp>
			</report>
			<report>
				<misses>11382001</misses>
				<total>21</total>
				<timestamp>3411.185880</timestamp>
			</report>
			<report>
				<misses>11383001</misses>
				<total>21</total>
				<timestamp>3411.485570</timestamp>
			</report>
			<report>
				<misses>11384001</misses>
				<total>21</total>
				<timestamp>3411.785343</timestamp>
			</report>
			<report>
				<misses>11385001</misses>
				<total>21</total>
				<timestamp>3412.085052</timestamp>
			</report>
			<report>
				<misses>11386001</misses>
				<total>21</total>
				<timestamp>3412.384663</timestamp>
			</report>
			<report>
				<misses>11387001</misses>
				<total>21</total>
				<timestamp>3412.684375</timestamp>
			</report>
			<report>
				<misses>11388001</misses>
				<total>21</total>
				<timestamp>3412.984092</timestamp>
			</report>
			<report>
				<misses>11389001</misses>
				<total>21</total>
				<timestamp>3413.283787</timestamp>
			</report>
			<report>
				<misses>11390001</misses>
				<total>21</total>
				<timestamp>3413.583526</timestamp>
			</report>
			<report>
				<misses>11391001</misses>
				<total>21</total>
				<timestamp>3413.883183</timestamp>
			</report>
			<report>
				<misses>11392001</misses>
				<total>21</total>
				<timestamp>3414.182889</timestamp>
			</report>
			<report>
				<misses>11393001</misses>
				<total>21</total>
				<timestamp>3414.482567</timestamp>
			</report>
			<report>
				<misses>11394001</misses>
				<total>21</total>
				<timestamp>3414.782317</timestamp>
			</report>
			<report>
				<misses>11395001</misses>
				<total>21</total>
				<timestamp>3415.082074</timestamp>
			</report>
			<report>
				<misses>11396001</misses>
				<total>21</total>
				<timestamp>3415.381669</timestamp>
			</report>
			<report>
				<misses>11397001</misses>
				<total>21</total>
				<timestamp>3415.681371</timestamp>
			</report>
			<report>
				<misses>11398001</misses>
				<total>21</total>
				<timestamp>3415.981134</timestamp>
			</report>
			<report>
				<misses>11399001</misses>
				<total>21</total>
				<timestamp>3416.280768</timestamp>
			</report>
			<report>
				<misses>11400001</misses>
				<total>21</total>
				<timestamp>3416.580497</timestamp>
			</report>
			<report>
				<misses>11401001</misses>
				<total>21</total>
				<timestamp>3416.880223</timestamp>
			</report>
			<report>
				<misses>11402001</misses>
				<total>21</total>
				<timestamp>3417.179869</timestamp>
			</report>
			<report>
				<misses>11403001</misses>
				<total>21</total>
				<timestamp>3417.479576</timestamp>
			</report>
			<report>
				<misses>11404001</misses>
				<total>21</total>
				<timestamp>3417.779345</timestamp>
			</report>
			<report>
				<misses>11405001</misses>
				<total>21</total>
				<timestamp>3418.079013</timestamp>
			</report>
			<report>
				<misses>11406001</misses>
				<total>21</total>
				<timestamp>3418.378675</timestamp>
			</report>
			<report>
				<misses>11407001</misses>
				<total>21</total>
				<timestamp>3418.678364</timestamp>
			</report>
			<report>
				<misses>11408001</misses>
				<total>21</total>
				<timestamp>3418.978126</timestamp>
			</report>
			<report>
				<misses>11409001</misses>
				<total>21</total>
				<timestamp>3419.277771</timestamp>
			</report>
			<report>
				<misses>11410001</misses>
				<total>21</total>
				<timestamp>3419.577485</timestamp>
			</report>
			<report>
				<misses>11411001</misses>
				<total>21</total>
				<timestamp>3419.877167</timestamp>
			</report>
			<report>
				<misses>11412001</misses>
				<total>21</total>
				<timestamp>3420.176966</timestamp>
			</report>
			<report>
				<misses>11413001</misses>
				<total>21</total>
				<timestamp>3420.476577</timestamp>
			</report>
			<report>
				<misses>11414001</misses>
				<total>21</total>
				<timestamp>3420.776284</timestamp>
			</report>
			<report>
				<misses>11415001</misses>
				<total>20</total>
				<timestamp>3421.076130</timestamp>
			</report>
			<report>
				<misses>11416001</misses>
				<total>21</total>
				<timestamp>3421.375667</timestamp>
			</report>
			<report>
				<misses>11417001</misses>
				<total>21</total>
				<timestamp>3421.675415</timestamp>
			</report>
			<report>
				<misses>11418001</misses>
				<total>21</total>
				<timestamp>3421.975105</timestamp>
			</report>
			<report>
				<misses>11419001</misses>
				<total>21</total>
				<timestamp>3422.274775</timestamp>
			</report>
			<report>
				<misses>11420001</misses>
				<total>21</total>
				<timestamp>3422.574524</timestamp>
			</report>
			<report>
				<misses>11421001</misses>
				<total>20</total>
				<timestamp>3422.874260</timestamp>
			</report>
			<report>
				<misses>11422001</misses>
				<total>21</total>
				<timestamp>3423.173941</timestamp>
			</report>
			<report>
				<misses>11423001</misses>
				<total>21</total>
				<timestamp>3423.473574</timestamp>
			</report>
			<report>
				<misses>11424001</misses>
				<total>21</total>
				<timestamp>3423.773275</timestamp>
			</report>
			<report>
				<misses>11425001</misses>
				<total>21</total>
				<timestamp>3424.073005</timestamp>
			</report>
			<report>
				<misses>11426001</misses>
				<total>21</total>
				<timestamp>3424.372664</timestamp>
			</report>
			<report>
				<misses>11427001</misses>
				<total>21</total>
				<timestamp>3424.672426</timestamp>
			</report>
			<report>
				<misses>11428001</misses>
				<total>21</total>
				<timestamp>3424.972133</timestamp>
			</report>
			<report>
				<misses>11429001</misses>
				<total>21</total>
				<timestamp>3425.271785</timestamp>
			</report>
			<report>
				<misses>11430001</misses>
				<total>21</total>
				<timestamp>3425.571475</timestamp>
			</report>
			<report>
				<misses>11431001</misses>
				<total>21</total>
				<timestamp>3425.871182</timestamp>
			</report>
			<report>
				<misses>11432001</misses>
				<total>21</total>
				<timestamp>3426.170876</timestamp>
			</report>
			<report>
				<misses>11433001</misses>
				<total>21</total>
				<timestamp>3426.470565</timestamp>
			</report>
			<report>
				<misses>11434001</misses>
				<total>21</total>
				<timestamp>3426.770321</timestamp>
			</report>
			<report>
				<misses>11435001</misses>
				<total>21</total>
				<timestamp>3427.070059</timestamp>
			</report>
			<report>
				<misses>11436001</misses>
				<total>21</total>
				<timestamp>3427.369690</timestamp>
			</report>
			<report>
				<misses>11437001</misses>
				<total>21</total>
				<timestamp>3427.669370</timestamp>
			</report>
			<report>
				<misses>11438001</misses>
				<total>21</total>
				<timestamp>3427.969113</timestamp>
			</report>
			<report>
				<misses>11439001</misses>
				<total>21</total>
				<timestamp>3428.268796</timestamp>
			</report>
			<report>
				<misses>11440001</misses>
				<total>21</total>
				<timestamp>3428.568479</timestamp>
			</report>
			<report>
				<misses>11441001</misses>
				<total>21</total>
				<timestamp>3428.868180</timestamp>
			</report>
			<report>
				<misses>11442001</misses>
				<total>21</total>
				<timestamp>3429.167868</timestamp>
			</report>
			<report>
				<misses>11443001</misses>
				<total>21</total>
				<timestamp>3429.467579</timestamp>
			</report>
			<report>
				<misses>11444001</misses>
				<total>21</total>
				<timestamp>3429.767319</timestamp>
			</report>
			<report>
				<misses>11445001</misses>
				<total>21</total>
				<timestamp>3430.067029</timestamp>
			</report>
			<report>
				<misses>11446001</misses>
				<total>21</total>
				<timestamp>3430.366683</timestamp>
			</report>
			<report>
				<misses>11447001</misses>
				<total>21</total>
				<timestamp>3430.666407</timestamp>
			</report>
			<report>
				<misses>11448001</misses>
				<total>21</total>
				<timestamp>3430.966138</timestamp>
			</report>
			<report>
				<misses>11449001</misses>
				<total>21</total>
				<timestamp>3431.265785</timestamp>
			</report>
			<report>
				<misses>11450001</misses>
				<total>21</total>
				<timestamp>3431.565478</timestamp>
			</report>
			<report>
				<misses>11451001</misses>
				<total>21</total>
				<timestamp>3431.865170</timestamp>
			</report>
			<report>
				<misses>11452001</misses>
				<total>21</total>
				<timestamp>3432.164887</timestamp>
			</report>
			<report>
				<misses>11453001</misses>
				<total>21</total>
				<timestamp>3432.464571</timestamp>
			</report>
			<report>
				<misses>11454001</misses>
				<total>20</total>
				<timestamp>3432.764367</timestamp>
			</report>
			<report>
				<misses>11455001</misses>
				<total>21</total>
				<timestamp>3433.064086</timestamp>
			</report>
			<report>
				<misses>11456001</misses>
				<total>21</total>
				<timestamp>3433.363676</timestamp>
			</report>
			<report>
				<misses>11457001</misses>
				<total>21</total>
				<timestamp>3433.663358</timestamp>
			</report>
			<report>
				<misses>11458001</misses>
				<total>21</total>
				<timestamp>3433.963131</timestamp>
			</report>
			<report>
				<misses>11459001</misses>
				<total>21</total>
				<timestamp>3434.262777</timestamp>
			</report>
			<report>
				<misses>11460001</misses>
				<total>21</total>
				<timestamp>3434.562513</timestamp>
			</report>
			<report>
				<misses>11461001</misses>
				<total>21</total>
				<timestamp>3434.862211</timestamp>
			</report>
			<report>
				<misses>11462001</misses>
				<total>20</total>
				<timestamp>3435.161973</timestamp>
			</report>
			<report>
				<misses>11463001</misses>
				<total>21</total>
				<timestamp>3435.461594</timestamp>
			</report>
			<report>
				<misses>11464001</misses>
				<total>21</total>
				<timestamp>3435.761276</timestamp>
			</report>
			<report>
				<misses>11465001</misses>
				<total>21</total>
				<timestamp>3436.061040</timestamp>
			</report>
			<report>
				<misses>11466001</misses>
				<total>21</total>
				<timestamp>3436.360672</timestamp>
			</report>
			<report>
				<misses>11467001</misses>
				<total>21</total>
				<timestamp>3436.660386</timestamp>
			</report>
			<report>
				<misses>11468001</misses>
				<total>21</total>
				<timestamp>3436.960068</timestamp>
			</report>
			<report>
				<misses>11469001</misses>
				<total>21</total>
				<timestamp>3437.259771</timestamp>
			</report>
			<report>
				<misses>11470001</misses>
				<total>21</total>
				<timestamp>3437.559469</timestamp>
			</report>
			<report>
				<misses>11471001</misses>
				<total>21</total>
				<timestamp>3437.859215</timestamp>
			</report>
			<report>
				<misses>11472001</misses>
				<total>21</total>
				<timestamp>3438.158981</timestamp>
			</report>
			<report>
				<misses>11473001</misses>
				<total>21</total>
				<timestamp>3438.458646</timestamp>
			</report>
			<report>
				<misses>11474001</misses>
				<total>21</total>
				<timestamp>3438.758351</timestamp>
			</report>
			<report>
				<misses>11475001</misses>
				<total>21</total>
				<timestamp>3439.058011</timestamp>
			</report>
			<report>
				<misses>11476001</misses>
				<total>21</total>
				<timestamp>3439.357753</timestamp>
			</report>
			<report>
				<misses>11477001</misses>
				<total>21</total>
				<timestamp>3439.657382</timestamp>
			</report>
			<report>
				<misses>11478001</misses>
				<total>21</total>
				<timestamp>3439.957090</timestamp>
			</report>
			<report>
				<misses>11479001</misses>
				<total>21</total>
				<timestamp>3440.256802</timestamp>
			</report>
			<report>
				<misses>11480001</misses>
				<total>21</total>
				<timestamp>3440.556465</timestamp>
			</report>
			<report>
				<misses>11481001</misses>
				<total>21</total>
				<timestamp>3440.856178</timestamp>
			</report>
			<report>
				<misses>11482001</misses>
				<total>21</total>
				<timestamp>3441.155939</timestamp>
			</report>
			<report>
				<misses>11483001</misses>
				<total>21</total>
				<timestamp>3441.455569</timestamp>
			</report>
			<report>
				<misses>11484001</misses>
				<total>21</total>
				<timestamp>3441.755281</timestamp>
			</report>
			<report>
				<misses>11485001</misses>
				<total>21</total>
				<timestamp>3442.055067</timestamp>
			</report>
			<report>
				<misses>11486001</misses>
				<total>21</total>
				<timestamp>3442.354683</timestamp>
			</report>
			<report>
				<misses>11487001</misses>
				<total>20</total>
				<timestamp>3442.654518</timestamp>
			</report>
			<report>
				<misses>11488001</misses>
				<total>21</total>
				<timestamp>3442.954111</timestamp>
			</report>
			<report>
				<misses>11489001</misses>
				<total>21</total>
				<timestamp>3443.253764</timestamp>
			</report>
			<report>
				<misses>11490001</misses>
				<total>21</total>
				<timestamp>3443.553471</timestamp>
			</report>
			<report>
				<misses>11491001</misses>
				<total>21</total>
				<timestamp>3443.853163</timestamp>
			</report>
			<report>
				<misses>11492001</misses>
				<total>21</total>
				<timestamp>3444.152870</timestamp>
			</report>
			<report>
				<misses>11493001</misses>
				<total>21</total>
				<timestamp>3444.452577</timestamp>
			</report>
			<report>
				<misses>11494001</misses>
				<total>21</total>
				<timestamp>3444.752271</timestamp>
			</report>
			<report>
				<misses>11495001</misses>
				<total>21</total>
				<timestamp>3445.052025</timestamp>
			</report>
			<report>
				<misses>11496001</misses>
				<total>21</total>
				<timestamp>3445.351664</timestamp>
			</report>
			<report>
				<misses>11497001</misses>
				<total>21</total>
				<timestamp>3445.651369</timestamp>
			</report>
			<report>
				<misses>11498001</misses>
				<total>21</total>
				<timestamp>3445.951140</timestamp>
			</report>
			<report>
				<misses>11499001</misses>
				<total>21</total>
				<timestamp>3446.250779</timestamp>
			</report>
			<report>
				<misses>11500001</misses>
				<total>21</total>
				<timestamp>3446.550548</timestamp>
			</report>
			<report>
				<misses>11501001</misses>
				<total>21</total>
				<timestamp>3446.850201</timestamp>
			</report>
			<report>
				<misses>11502001</misses>
				<total>21</total>
				<timestamp>3447.149885</timestamp>
			</report>
			<report>
				<misses>11503001</misses>
				<total>21</total>
				<timestamp>3447.449586</timestamp>
			</report>
			<report>
				<misses>11504001</misses>
				<total>21</total>
				<timestamp>3447.749299</timestamp>
			</report>
			<report>
				<misses>11505001</misses>
				<total>21</total>
				<timestamp>3448.049064</timestamp>
			</report>
			<report>
				<misses>11506001</misses>
				<total>21</total>
				<timestamp>3448.348663</timestamp>
			</report>
			<report>
				<misses>11507001</misses>
				<total>21</total>
				<timestamp>3448.648359</timestamp>
			</report>
			<report>
				<misses>11508001</misses>
				<total>21</total>
				<timestamp>3448.948195</timestamp>
			</report>
			<report>
				<misses>11509001</misses>
				<total>21</total>
				<timestamp>3449.247769</timestamp>
			</report>
			<report>
				<misses>11510001</misses>
				<total>21</total>
				<timestamp>3449.547488</timestamp>
			</report>
			<report>
				<misses>11511001</misses>
				<total>21</total>
				<timestamp>3449.847178</timestamp>
			</report>
			<report>
				<misses>11512001</misses>
				<total>21</total>
				<timestamp>3450.146893</timestamp>
			</report>
			<report>
				<misses>11513001</misses>
				<total>21</total>
				<timestamp>3450.446566</timestamp>
			</report>
			<report>
				<misses>11514001</misses>
				<total>21</total>
				<timestamp>3450.746298</timestamp>
			</report>
			<report>
				<misses>11515001</misses>
				<total>21</total>
				<timestamp>3451.046038</timestamp>
			</report>
			<report>
				<misses>11516001</misses>
				<total>21</total>
				<timestamp>3451.345686</timestamp>
			</report>
			<report>
				<misses>11517001</misses>
				<total>20</total>
				<timestamp>3451.645467</timestamp>
			</report>
			<report>
				<misses>11518001</misses>
				<total>21</total>
				<timestamp>3451.945133</timestamp>
			</report>
			<report>
				<misses>11519001</misses>
				<total>21</total>
				<timestamp>3452.244781</timestamp>
			</report>
			<report>
				<misses>11520001</misses>
				<total>21</total>
				<timestamp>3452.544473</timestamp>
			</report>
			<report>
				<misses>11521001</misses>
				<total>21</total>
				<timestamp>3452.844177</timestamp>
			</report>
			<report>
				<misses>11522001</misses>
				<total>21</total>
				<timestamp>3453.143977</timestamp>
			</report>
			<report>
				<misses>11523001</misses>
				<total>21</total>
				<timestamp>3453.443582</timestamp>
			</report>
			<report>
				<misses>11524001</misses>
				<total>21</total>
				<timestamp>3453.743303</timestamp>
			</report>
			<report>
				<misses>11525001</misses>
				<total>21</total>
				<timestamp>3454.043013</timestamp>
			</report>
			<report>
				<misses>11526001</misses>
				<total>21</total>
				<timestamp>3454.342668</timestamp>
			</report>
			<report>
				<misses>11527001</misses>
				<total>21</total>
				<timestamp>3454.642412</timestamp>
			</report>
			<report>
				<misses>11528001</misses>
				<total>21</total>
				<timestamp>3454.942071</timestamp>
			</report>
			<report>
				<misses>11529001</misses>
				<total>21</total>
				<timestamp>3455.241864</timestamp>
			</report>
			<report>
				<misses>11530001</misses>
				<total>21</total>
				<timestamp>3455.541468</timestamp>
			</report>
			<report>
				<misses>11531001</misses>
				<total>21</total>
				<timestamp>3455.841164</timestamp>
			</report>
			<report>
				<misses>11532001</misses>
				<total>21</total>
				<timestamp>3456.140937</timestamp>
			</report>
			<report>
				<misses>11533001</misses>
				<total>21</total>
				<timestamp>3456.440580</timestamp>
			</report>
			<report>
				<misses>11534001</misses>
				<total>21</total>
				<timestamp>3456.740267</timestamp>
			</report>
			<report>
				<misses>11535001</misses>
				<total>21</total>
				<timestamp>3457.039983</timestamp>
			</report>
			<report>
				<misses>11536001</misses>
				<total>21</total>
				<timestamp>3457.339665</timestamp>
			</report>
			<report>
				<misses>11537001</misses>
				<total>21</total>
				<timestamp>3457.639387</timestamp>
			</report>
			<report>
				<misses>11538001</misses>
				<total>21</total>
				<timestamp>3457.939071</timestamp>
			</report>
			<report>
				<misses>11539001</misses>
				<total>21</total>
				<timestamp>3458.238845</timestamp>
			</report>
			<report>
				<misses>11540001</misses>
				<total>21</total>
				<timestamp>3458.538478</timestamp>
			</report>
			<report>
				<misses>11541001</misses>
				<total>21</total>
				<timestamp>3458.838167</timestamp>
			</report>
			<report>
				<misses>11542001</misses>
				<total>21</total>
				<timestamp>3459.137909</timestamp>
			</report>
			<report>
				<misses>11543001</misses>
				<total>21</total>
				<timestamp>3459.437572</timestamp>
			</report>
			<report>
				<misses>11544001</misses>
				<total>21</total>
				<timestamp>3459.737271</timestamp>
			</report>
			<report>
				<misses>11545001</misses>
				<total>21</total>
				<timestamp>3460.037019</timestamp>
			</report>
			<report>
				<misses>11546001</misses>
				<total>21</total>
				<timestamp>3460.336691</timestamp>
			</report>
			<report>
				<misses>11547001</misses>
				<total>21</total>
				<timestamp>3460.636368</timestamp>
			</report>
			<report>
				<misses>11548001</misses>
				<total>21</total>
				<timestamp>3460.936076</timestamp>
			</report>
			<report>
				<misses>11549001</misses>
				<total>21</total>
				<timestamp>3461.235858</timestamp>
			</report>
			<report>
				<misses>11550001</misses>
				<total>21</total>
				<timestamp>3461.535474</timestamp>
			</report>
			<report>
				<misses>11551001</misses>
				<total>21</total>
				<timestamp>3461.835170</timestamp>
			</report>
			<report>
				<misses>11552001</misses>
				<total>20</total>
				<timestamp>3462.134985</timestamp>
			</report>
			<report>
				<misses>11553001</misses>
				<total>21</total>
				<timestamp>3462.434569</timestamp>
			</report>
			<report>
				<misses>11554001</misses>
				<total>21</total>
				<timestamp>3462.734322</timestamp>
			</report>
			<report>
				<misses>11555001</misses>
				<total>21</total>
				<timestamp>3463.034021</timestamp>
			</report>
			<report>
				<misses>11556001</misses>
				<total>21</total>
				<timestamp>3463.333752</timestamp>
			</report>
			<report>
				<misses>11557001</misses>
				<total>21</total>
				<timestamp>3463.633379</timestamp>
			</report>
			<report>
				<misses>11558001</misses>
				<total>21</total>
				<timestamp>3463.933084</timestamp>
			</report>
			<report>
				<misses>11559001</misses>
				<total>21</total>
				<timestamp>3464.232772</timestamp>
			</report>
			<report>
				<misses>11560001</misses>
				<total>21</total>
				<timestamp>3464.532467</timestamp>
			</report>
			<report>
				<misses>11561001</misses>
				<total>20</total>
				<timestamp>3464.832283</timestamp>
			</report>
			<report>
				<misses>11562001</misses>
				<total>21</total>
				<timestamp>3465.131900</timestamp>
			</report>
			<report>
				<misses>11563001</misses>
				<total>21</total>
				<timestamp>3465.431581</timestamp>
			</report>
			<report>
				<misses>11564001</misses>
				<total>21</total>
				<timestamp>3465.731280</timestamp>
			</report>
			<report>
				<misses>11565001</misses>
				<total>21</total>
				<timestamp>3466.031004</timestamp>
			</report>
			<report>
				<misses>11566001</misses>
				<total>21</total>
				<timestamp>3466.330666</timestamp>
			</report>
			<report>
				<misses>11567001</misses>
				<total>21</total>
				<timestamp>3466.630409</timestamp>
			</report>
			<report>
				<misses>11568001</misses>
				<total>21</total>
				<timestamp>3466.930111</timestamp>
			</report>
			<report>
				<misses>11569001</misses>
				<total>21</total>
				<timestamp>3467.229831</timestamp>
			</report>
			<report>
				<misses>11570001</misses>
				<total>21</total>
				<timestamp>3467.529478</timestamp>
			</report>
			<report>
				<misses>11571001</misses>
				<total>21</total>
				<timestamp>3467.829182</timestamp>
			</report>
			<report>
				<misses>11572001</misses>
				<total>21</total>
				<timestamp>3468.128910</timestamp>
			</report>
			<report>
				<misses>11573001</misses>
				<total>21</total>
				<timestamp>3468.428569</timestamp>
			</report>
			<report>
				<misses>11574001</misses>
				<total>21</total>
				<timestamp>3468.728273</timestamp>
			</report>
			<report>
				<misses>11575001</misses>
				<total>21</total>
				<timestamp>3469.028003</timestamp>
			</report>
			<report>
				<misses>11576001</misses>
				<total>21</total>
				<timestamp>3469.327718</timestamp>
			</report>
			<report>
				<misses>11577001</misses>
				<total>21</total>
				<timestamp>3469.627370</timestamp>
			</report>
			<report>
				<misses>11578001</misses>
				<total>21</total>
				<timestamp>3469.927108</timestamp>
			</report>
			<report>
				<misses>11579001</misses>
				<total>21</total>
				<timestamp>3470.226842</timestamp>
			</report>
			<report>
				<misses>11580001</misses>
				<total>21</total>
				<timestamp>3470.526470</timestamp>
			</report>
			<report>
				<misses>11581001</misses>
				<total>21</total>
				<timestamp>3470.826170</timestamp>
			</report>
			<report>
				<misses>11582001</misses>
				<total>21</total>
				<timestamp>3471.125910</timestamp>
			</report>
			<report>
				<misses>11583001</misses>
				<total>21</total>
				<timestamp>3471.425567</timestamp>
			</report>
			<report>
				<misses>11584001</misses>
				<total>21</total>
				<timestamp>3471.725350</timestamp>
			</report>
			<report>
				<misses>11585001</misses>
				<total>21</total>
				<timestamp>3472.024986</timestamp>
			</report>
			<report>
				<misses>11586001</misses>
				<total>21</total>
				<timestamp>3472.324666</timestamp>
			</report>
			<report>
				<misses>11587001</misses>
				<total>21</total>
				<timestamp>3472.624367</timestamp>
			</report>
			<report>
				<misses>11588001</misses>
				<total>21</total>
				<timestamp>3472.924123</timestamp>
			</report>
			<report>
				<misses>11589001</misses>
				<total>21</total>
				<timestamp>3473.223837</timestamp>
			</report>
			<report>
				<misses>11590001</misses>
				<total>21</total>
				<timestamp>3473.523475</timestamp>
			</report>
			<report>
				<misses>11591001</misses>
				<total>21</total>
				<timestamp>3473.823158</timestamp>
			</report>
			<report>
				<misses>11592001</misses>
				<total>21</total>
				<timestamp>3474.122903</timestamp>
			</report>
			<report>
				<misses>11593001</misses>
				<total>21</total>
				<timestamp>3474.422575</timestamp>
			</report>
			<report>
				<misses>11594001</misses>
				<total>21</total>
				<timestamp>3474.722287</timestamp>
			</report>
			<report>
				<misses>11595001</misses>
				<total>21</total>
				<timestamp>3475.022008</timestamp>
			</report>
			<report>
				<misses>11596001</misses>
				<total>20</total>
				<timestamp>3475.321796</timestamp>
			</report>
			<report>
				<misses>11597001</misses>
				<total>21</total>
				<timestamp>3475.621366</timestamp>
			</report>
			<report>
				<misses>11598001</misses>
				<total>21</total>
				<timestamp>3475.921087</timestamp>
			</report>
			<report>
				<misses>11599001</misses>
				<total>21</total>
				<timestamp>3476.220845</timestamp>
			</report>
			<report>
				<misses>11600001</misses>
				<total>21</total>
				<timestamp>3476.520463</timestamp>
			</report>
			<report>
				<misses>11601001</misses>
				<total>21</total>
				<timestamp>3476.820180</timestamp>
			</report>
			<report>
				<misses>11602001</misses>
				<total>21</total>
				<timestamp>3477.119901</timestamp>
			</report>
			<report>
				<misses>11603001</misses>
				<total>21</total>
				<timestamp>3477.419561</timestamp>
			</report>
			<report>
				<misses>11604001</misses>
				<total>21</total>
				<timestamp>3477.719262</timestamp>
			</report>
			<report>
				<misses>11605001</misses>
				<total>21</total>
				<timestamp>3478.019009</timestamp>
			</report>
			<report>
				<misses>11606001</misses>
				<total>21</total>
				<timestamp>3478.318701</timestamp>
			</report>
			<report>
				<misses>11607001</misses>
				<total>21</total>
				<timestamp>3478.618404</timestamp>
			</report>
			<report>
				<misses>11608001</misses>
				<total>21</total>
				<timestamp>3478.918062</timestamp>
			</report>
			<report>
				<misses>11609001</misses>
				<total>21</total>
				<timestamp>3479.217821</timestamp>
			</report>
			<report>
				<misses>11610001</misses>
				<total>21</total>
				<timestamp>3479.517481</timestamp>
			</report>
			<report>
				<misses>11611001</misses>
				<total>21</total>
				<timestamp>3479.817189</timestamp>
			</report>
			<report>
				<misses>11612001</misses>
				<total>21</total>
				<timestamp>3480.116908</timestamp>
			</report>
			<report>
				<misses>11613001</misses>
				<total>21</total>
				<timestamp>3480.416563</timestamp>
			</report>
			<report>
				<misses>11614001</misses>
				<total>21</total>
				<timestamp>3480.716286</timestamp>
			</report>
			<report>
				<misses>11615001</misses>
				<total>21</total>
				<timestamp>3481.016005</timestamp>
			</report>
			<report>
				<misses>11616001</misses>
				<total>21</total>
				<timestamp>3481.315682</timestamp>
			</report>
			<report>
				<misses>11617001</misses>
				<total>21</total>
				<timestamp>3481.615368</timestamp>
			</report>
			<report>
				<misses>11618001</misses>
				<total>21</total>
				<timestamp>3481.915071</timestamp>
			</report>
			<report>
				<misses>11619001</misses>
				<total>21</total>
				<timestamp>3482.214794</timestamp>
			</report>
			<report>
				<misses>11620001</misses>
				<total>21</total>
				<timestamp>3482.514464</timestamp>
			</report>
			<report>
				<misses>11621001</misses>
				<total>21</total>
				<timestamp>3482.814172</timestamp>
			</report>
			<report>
				<misses>11622001</misses>
				<total>21</total>
				<timestamp>3483.113882</timestamp>
			</report>
			<report>
				<misses>11623001</misses>
				<total>22</total>
				<timestamp>3483.413581</timestamp>
			</report>
			<report>
				<misses>11624001</misses>
				<total>22</total>
				<timestamp>3483.713271</timestamp>
			</report>
			<report>
				<misses>11625001</misses>
				<total>22</total>
				<timestamp>3484.013018</timestamp>
			</report>
			<report>
				<misses>11626001</misses>
				<total>21</total>
				<timestamp>3484.312787</timestamp>
			</report>
			<report>
				<misses>11627001</misses>
				<total>22</total>
				<timestamp>3484.612374</timestamp>
			</report>
			<report>
				<misses>11628001</misses>
				<total>22</total>
				<timestamp>3484.912075</timestamp>
			</report>
			<report>
				<misses>11629001</misses>
				<total>22</total>
				<timestamp>3485.211775</timestamp>
			</report>
			<report>
				<misses>11630001</misses>
				<total>22</total>
				<timestamp>3485.511461</timestamp>
			</report>
			<report>
				<misses>11631001</misses>
				<total>22</total>
				<timestamp>3485.811175</timestamp>
			</report>
			<report>
				<misses>11632001</misses>
				<total>22</total>
				<timestamp>3486.110874</timestamp>
			</report>
			<report>
				<misses>11633001</misses>
				<total>22</total>
				<timestamp>3486.410577</timestamp>
			</report>
			<report>
				<misses>11634001</misses>
				<total>22</total>
				<timestamp>3486.710281</timestamp>
			</report>
			<report>
				<misses>11635001</misses>
				<total>22</total>
				<timestamp>3487.010004</timestamp>
			</report>
			<report>
				<misses>11636001</misses>
				<total>22</total>
				<timestamp>3487.309715</timestamp>
			</report>
			<report>
				<misses>11637001</misses>
				<total>22</total>
				<timestamp>3487.609370</timestamp>
			</report>
			<report>
				<misses>11638001</misses>
				<total>22</total>
				<timestamp>3487.909087</timestamp>
			</report>
			<report>
				<misses>11639001</misses>
				<total>22</total>
				<timestamp>3488.208822</timestamp>
			</report>
			<report>
				<misses>11640001</misses>
				<total>22</total>
				<timestamp>3488.508467</timestamp>
			</report>
			<report>
				<misses>11641001</misses>
				<total>22</total>
				<timestamp>3488.808168</timestamp>
			</report>
			<report>
				<misses>11642001</misses>
				<total>22</total>
				<timestamp>3489.107891</timestamp>
			</report>
			<report>
				<misses>11643001</misses>
				<total>22</total>
				<timestamp>3489.407670</timestamp>
			</report>
			<report>
				<misses>11644001</misses>
				<total>22</total>
				<timestamp>3489.707291</timestamp>
			</report>
			<report>
				<misses>11645001</misses>
				<total>22</total>
				<timestamp>3490.006990</timestamp>
			</report>
			<report>
				<misses>11646001</misses>
				<total>22</total>
				<timestamp>3490.306708</timestamp>
			</report>
			<report>
				<misses>11647001</misses>
				<total>22</total>
				<timestamp>3490.606379</timestamp>
			</report>
			<report>
				<misses>11648001</misses>
				<total>22</total>
				<timestamp>3490.906084</timestamp>
			</report>
			<report>
				<misses>11649001</misses>
				<total>22</total>
				<timestamp>3491.205774</timestamp>
			</report>
			<report>
				<misses>11650001</misses>
				<total>22</total>
				<timestamp>3491.505469</timestamp>
			</report>
			<report>
				<misses>11651001</misses>
				<total>22</total>
				<timestamp>3491.805171</timestamp>
			</report>
			<report>
				<misses>11652001</misses>
				<total>22</total>
				<timestamp>3492.104881</timestamp>
			</report>
			<report>
				<misses>11653001</misses>
				<total>22</total>
				<timestamp>3492.404570</timestamp>
			</report>
			<report>
				<misses>11654001</misses>
				<total>22</total>
				<timestamp>3492.704264</timestamp>
			</report>
			<report>
				<misses>11655001</misses>
				<total>22</total>
				<timestamp>3493.004043</timestamp>
			</report>
			<report>
				<misses>11656001</misses>
				<total>22</total>
				<timestamp>3493.303695</timestamp>
			</report>
			<report>
				<misses>11657001</misses>
				<total>22</total>
				<timestamp>3493.603385</timestamp>
			</report>
			<report>
				<misses>11658001</misses>
				<total>22</total>
				<timestamp>3493.903116</timestamp>
			</report>
			<report>
				<misses>11659001</misses>
				<total>22</total>
				<timestamp>3494.202825</timestamp>
			</report>
			<report>
				<misses>11660001</misses>
				<total>22</total>
				<timestamp>3494.502474</timestamp>
			</report>
			<report>
				<misses>11661001</misses>
				<total>22</total>
				<timestamp>3494.802172</timestamp>
			</report>
			<report>
				<misses>11662001</misses>
				<total>22</total>
				<timestamp>3495.101888</timestamp>
			</report>
			<report>
				<misses>11663001</misses>
				<total>22</total>
				<timestamp>3495.401561</timestamp>
			</report>
			<report>
				<misses>11664001</misses>
				<total>22</total>
				<timestamp>3495.701278</timestamp>
			</report>
			<report>
				<misses>11665001</misses>
				<total>22</total>
				<timestamp>3496.000994</timestamp>
			</report>
			<report>
				<misses>11666001</misses>
				<total>22</total>
				<timestamp>3496.300729</timestamp>
			</report>
			<report>
				<misses>11667001</misses>
				<total>22</total>
				<timestamp>3496.600372</timestamp>
			</report>
			<report>
				<misses>11668001</misses>
				<total>22</total>
				<timestamp>3496.900072</timestamp>
			</report>
			<report>
				<misses>11669001</misses>
				<total>22</total>
				<timestamp>3497.199830</timestamp>
			</report>
			<report>
				<misses>11670001</misses>
				<total>22</total>
				<timestamp>3497.499465</timestamp>
			</report>
			<report>
				<misses>11671001</misses>
				<total>22</total>
				<timestamp>3497.799167</timestamp>
			</report>
			<report>
				<misses>11672001</misses>
				<total>22</total>
				<timestamp>3498.098871</timestamp>
			</report>
			<report>
				<misses>11673001</misses>
				<total>24</total>
				<timestamp>3498.398573</timestamp>
			</report>
			<report>
				<misses>11674001</misses>
				<total>24</total>
				<timestamp>3498.698273</timestamp>
			</report>
			<report>
				<misses>11675001</misses>
				<total>24</total>
				<timestamp>3498.998008</timestamp>
			</report>
			<report>
				<misses>11676001</misses>
				<total>24</total>
				<timestamp>3499.297772</timestamp>
			</report>
			<report>
				<misses>11677001</misses>
				<total>24</total>
				<timestamp>3499.597371</timestamp>
			</report>
			<report>
				<misses>11678001</misses>
				<total>24</total>
				<timestamp>3499.897169</timestamp>
			</report>
			<report>
				<misses>11679001</misses>
				<total>23</total>
				<timestamp>3500.196908</timestamp>
			</report>
			<report>
				<misses>11680001</misses>
				<total>24</total>
				<timestamp>3500.496526</timestamp>
			</report>
			<report>
				<misses>11681001</misses>
				<total>24</total>
				<timestamp>3500.796194</timestamp>
			</report>
			<report>
				<misses>11682001</misses>
				<total>24</total>
				<timestamp>3501.095933</timestamp>
			</report>
			<report>
				<misses>11683001</misses>
				<total>24</total>
				<timestamp>3501.395692</timestamp>
			</report>
			<report>
				<misses>11684001</misses>
				<total>24</total>
				<timestamp>3501.695271</timestamp>
			</report>
			<report>
				<misses>11685001</misses>
				<total>24</total>
				<timestamp>3501.995029</timestamp>
			</report>
			<report>
				<misses>11686001</misses>
				<total>24</total>
				<timestamp>3502.294672</timestamp>
			</report>
			<report>
				<misses>11687001</misses>
				<total>24</total>
				<timestamp>3502.594366</timestamp>
			</report>
			<report>
				<misses>11688001</misses>
				<total>24</total>
				<timestamp>3502.894073</timestamp>
			</report>
			<report>
				<misses>11689001</misses>
				<total>24</total>
				<timestamp>3503.193798</timestamp>
			</report>
			<report>
				<misses>11690001</misses>
				<total>24</total>
				<timestamp>3503.493461</timestamp>
			</report>
			<report>
				<misses>11691001</misses>
				<total>24</total>
				<timestamp>3503.793183</timestamp>
			</report>
			<report>
				<misses>11692001</misses>
				<total>24</total>
				<timestamp>3504.092871</timestamp>
			</report>
			<report>
				<misses>11693001</misses>
				<total>24</total>
				<timestamp>3504.392658</timestamp>
			</report>
			<report>
				<misses>11694001</misses>
				<total>24</total>
				<timestamp>3504.692278</timestamp>
			</report>
			<report>
				<misses>11695001</misses>
				<total>24</total>
				<timestamp>3504.991985</timestamp>
			</report>
			<report>
				<misses>11696001</misses>
				<total>24</total>
				<timestamp>3505.291799</timestamp>
			</report>
			<report>
				<misses>11697001</misses>
				<total>24</total>
				<timestamp>3505.591362</timestamp>
			</report>
			<report>
				<misses>11698001</misses>
				<total>24</total>
				<timestamp>3505.891094</timestamp>
			</report>
			<report>
				<misses>11699001</misses>
				<total>24</total>
				<timestamp>3506.190790</timestamp>
			</report>
			<report>
				<misses>11700001</misses>
				<total>24</total>
				<timestamp>3506.490470</timestamp>
			</report>
			<report>
				<misses>11701001</misses>
				<total>24</total>
				<timestamp>3506.790249</timestamp>
			</report>
			<report>
				<misses>11702001</misses>
				<total>24</total>
				<timestamp>3507.089883</timestamp>
			</report>
			<report>
				<misses>11703001</misses>
				<total>24</total>
				<timestamp>3507.389667</timestamp>
			</report>
			<report>
				<misses>11704001</misses>
				<total>24</total>
				<timestamp>3507.689267</timestamp>
			</report>
			<report>
				<misses>11705001</misses>
				<total>24</total>
				<timestamp>3507.989014</timestamp>
			</report>
			<report>
				<misses>11706001</misses>
				<total>24</total>
				<timestamp>3508.288716</timestamp>
			</report>
			<report>
				<misses>11707001</misses>
				<total>24</total>
				<timestamp>3508.588381</timestamp>
			</report>
			<report>
				<misses>11708001</misses>
				<total>24</total>
				<timestamp>3508.888066</timestamp>
			</report>
			<report>
				<misses>11709001</misses>
				<total>24</total>
				<timestamp>3509.187771</timestamp>
			</report>
			<report>
				<misses>11710001</misses>
				<total>24</total>
				<timestamp>3509.487482</timestamp>
			</report>
			<report>
				<misses>11711001</misses>
				<total>24</total>
				<timestamp>3509.787170</timestamp>
			</report>
			<report>
				<misses>11712001</misses>
				<total>24</total>
				<timestamp>3510.086859</timestamp>
			</report>
			<report>
				<misses>11713001</misses>
				<total>24</total>
				<timestamp>3510.386615</timestamp>
			</report>
			<report>
				<misses>11714001</misses>
				<total>24</total>
				<timestamp>3510.686265</timestamp>
			</report>
			<report>
				<misses>11715001</misses>
				<total>24</total>
				<timestamp>3510.986021</timestamp>
			</report>
			<report>
				<misses>11716001</misses>
				<total>24</total>
				<timestamp>3511.285709</timestamp>
			</report>
			<report>
				<misses>11717001</misses>
				<total>24</total>
				<timestamp>3511.585374</timestamp>
			</report>
			<report>
				<misses>11718001</misses>
				<total>24</total>
				<timestamp>3511.885076</timestamp>
			</report>
			<report>
				<misses>11719001</misses>
				<total>24</total>
				<timestamp>3512.184767</timestamp>
			</report>
			<report>
				<misses>11720001</misses>
				<total>24</total>
				<timestamp>3512.484617</timestamp>
			</report>
			<report>
				<misses>11721001</misses>
				<total>24</total>
				<timestamp>3512.784222</timestamp>
			</report>
			<report>
				<misses>11722001</misses>
				<total>24</total>
				<timestamp>3513.083881</timestamp>
			</report>
			<report>
				<misses>11723001</misses>
				<total>24</total>
				<timestamp>3513.383610</timestamp>
			</report>
			<report>
				<misses>11724001</misses>
				<total>24</total>
				<timestamp>3513.683268</timestamp>
			</report>
			<report>
				<misses>11725001</misses>
				<total>24</total>
				<timestamp>3513.983006</timestamp>
			</report>
			<report>
				<misses>11726001</misses>
				<total>24</total>
				<timestamp>3514.282700</timestamp>
			</report>
			<report>
				<misses>11727001</misses>
				<total>24</total>
				<timestamp>3514.582456</timestamp>
			</report>
			<report>
				<misses>11728001</misses>
				<total>24</total>
				<timestamp>3514.882068</timestamp>
			</report>
			<report>
				<misses>11729001</misses>
				<total>24</total>
				<timestamp>3515.181767</timestamp>
			</report>
			<report>
				<misses>11730001</misses>
				<total>24</total>
				<timestamp>3515.481557</timestamp>
			</report>
			<report>
				<misses>11731001</misses>
				<total>24</total>
				<timestamp>3515.781176</timestamp>
			</report>
			<report>
				<misses>11732001</misses>
				<total>24</total>
				<timestamp>3516.080899</timestamp>
			</report>
			<report>
				<misses>11733001</misses>
				<total>24</total>
				<timestamp>3516.380576</timestamp>
			</report>
			<report>
				<misses>11734001</misses>
				<total>24</total>
				<timestamp>3516.680268</timestamp>
			</report>
			<report>
				<misses>11735001</misses>
				<total>24</total>
				<timestamp>3516.979984</timestamp>
			</report>
			<report>
				<misses>11736001</misses>
				<total>24</total>
				<timestamp>3517.279673</timestamp>
			</report>
			<report>
				<misses>11737001</misses>
				<total>24</total>
				<timestamp>3517.579374</timestamp>
			</report>
			<report>
				<misses>11738001</misses>
				<total>24</total>
				<timestamp>3517.879144</timestamp>
			</report>
			<report>
				<misses>11739001</misses>
				<total>24</total>
				<timestamp>3518.178808</timestamp>
			</report>
			<report>
				<misses>11740001</misses>
				<total>24</total>
				<timestamp>3518.478494</timestamp>
			</report>
			<report>
				<misses>11741001</misses>
				<total>24</total>
				<timestamp>3518.778174</timestamp>
			</report>
			<report>
				<misses>11742001</misses>
				<total>24</total>
				<timestamp>3519.077891</timestamp>
			</report>
			<report>
				<misses>11743001</misses>
				<total>23</total>
				<timestamp>3519.377703</timestamp>
			</report>
			<report>
				<misses>11744001</misses>
				<total>24</total>
				<timestamp>3519.677280</timestamp>
			</report>
			<report>
				<misses>11745001</misses>
				<total>24</total>
				<timestamp>3519.976989</timestamp>
			</report>
			<report>
				<misses>11746001</misses>
				<total>24</total>
				<timestamp>3520.276686</timestamp>
			</report>
			<report>
				<misses>11747001</misses>
				<total>24</total>
				<timestamp>3520.576373</timestamp>
			</report>
			<report>
				<misses>11748001</misses>
				<total>24</total>
				<timestamp>3520.876131</timestamp>
			</report>
			<report>
				<misses>11749001</misses>
				<total>24</total>
				<timestamp>3521.175792</timestamp>
			</report>
			<report>
				<misses>11750001</misses>
				<total>24</total>
				<timestamp>3521.475568</timestamp>
			</report>
			<report>
				<misses>11751001</misses>
				<total>24</total>
				<timestamp>3521.775178</timestamp>
			</report>
			<report>
				<misses>11752001</misses>
				<total>24</total>
				<timestamp>3522.074880</timestamp>
			</report>
			<report>
				<misses>11753001</misses>
				<total>24</total>
				<timestamp>3522.374677</timestamp>
			</report>
			<report>
				<misses>11754001</misses>
				<total>23</total>
				<timestamp>3522.674380</timestamp>
			</report>
			<report>
				<misses>11755001</misses>
				<total>24</total>
				<timestamp>3522.973981</timestamp>
			</report>
			<report>
				<misses>11756001</misses>
				<total>24</total>
				<timestamp>3523.273677</timestamp>
			</report>
			<report>
				<misses>11757001</misses>
				<total>24</total>
				<timestamp>3523.573386</timestamp>
			</report>
			<report>
				<misses>11758001</misses>
				<total>24</total>
				<timestamp>3523.873074</timestamp>
			</report>
			<report>
				<misses>11759001</misses>
				<total>24</total>
				<timestamp>3524.172776</timestamp>
			</report>
			<report>
				<misses>11760001</misses>
				<total>24</total>
				<timestamp>3524.472537</timestamp>
			</report>
			<report>
				<misses>11761001</misses>
				<total>24</total>
				<timestamp>3524.772163</timestamp>
			</report>
			<report>
				<misses>11762001</misses>
				<total>24</total>
				<timestamp>3525.071891</timestamp>
			</report>
			<report>
				<misses>11763001</misses>
				<total>24</total>
				<timestamp>3525.371623</timestamp>
			</report>
			<report>
				<misses>11764001</misses>
				<total>24</total>
				<timestamp>3525.671270</timestamp>
			</report>
			<report>
				<misses>11765001</misses>
				<total>24</total>
				<timestamp>3525.970995</timestamp>
			</report>
			<report>
				<misses>11766001</misses>
				<total>24</total>
				<timestamp>3526.270682</timestamp>
			</report>
			<report>
				<misses>11767001</misses>
				<total>24</total>
				<timestamp>3526.570393</timestamp>
			</report>
			<report>
				<misses>11768001</misses>
				<total>24</total>
				<timestamp>3526.870059</timestamp>
			</report>
			<report>
				<misses>11769001</misses>
				<total>24</total>
				<timestamp>3527.169773</timestamp>
			</report>
			<report>
				<misses>11770001</misses>
				<total>24</total>
				<timestamp>3527.469497</timestamp>
			</report>
			<report>
				<misses>11771001</misses>
				<total>24</total>
				<timestamp>3527.769165</timestamp>
			</report>
			<report>
				<misses>11772001</misses>
				<total>24</total>
				<timestamp>3528.068870</timestamp>
			</report>
			<report>
				<misses>11773001</misses>
				<total>24</total>
				<timestamp>3528.368629</timestamp>
			</report>
			<report>
				<misses>11774001</misses>
				<total>24</total>
				<timestamp>3528.668279</timestamp>
			</report>
			<report>
				<misses>11775001</misses>
				<total>24</total>
				<timestamp>3528.967994</timestamp>
			</report>
			<report>
				<misses>11776001</misses>
				<total>24</total>
				<timestamp>3529.267773</timestamp>
			</report>
			<report>
				<misses>11777001</misses>
				<total>24</total>
				<timestamp>3529.567382</timestamp>
			</report>
			<report>
				<misses>11778001</misses>
				<total>23</total>
				<timestamp>3529.867158</timestamp>
			</report>
			<report>
				<misses>11779001</misses>
				<total>24</total>
				<timestamp>3530.166761</timestamp>
			</report>
			<report>
				<misses>11780001</misses>
				<total>24</total>
				<timestamp>3530.466492</timestamp>
			</report>
			<report>
				<misses>11781001</misses>
				<total>24</total>
				<timestamp>3530.766178</timestamp>
			</report>
			<report>
				<misses>11782001</misses>
				<total>24</total>
				<timestamp>3531.065875</timestamp>
			</report>
			<report>
				<misses>11783001</misses>
				<total>24</total>
				<timestamp>3531.365621</timestamp>
			</report>
			<report>
				<misses>11784001</misses>
				<total>24</total>
				<timestamp>3531.665271</timestamp>
			</report>
			<report>
				<misses>11785001</misses>
				<total>24</total>
				<timestamp>3531.965003</timestamp>
			</report>
			<report>
				<misses>11786001</misses>
				<total>24</total>
				<timestamp>3532.264706</timestamp>
			</report>
			<report>
				<misses>11787001</misses>
				<total>24</total>
				<timestamp>3532.564376</timestamp>
			</report>
			<report>
				<misses>11788001</misses>
				<total>24</total>
				<timestamp>3532.864082</timestamp>
			</report>
			<report>
				<misses>11789001</misses>
				<total>24</total>
				<timestamp>3533.163780</timestamp>
			</report>
			<report>
				<misses>11790001</misses>
				<total>24</total>
				<timestamp>3533.463476</timestamp>
			</report>
			<report>
				<misses>11791001</misses>
				<total>24</total>
				<timestamp>3533.763157</timestamp>
			</report>
			<report>
				<misses>11792001</misses>
				<total>24</total>
				<timestamp>3534.062862</timestamp>
			</report>
			<report>
				<misses>11793001</misses>
				<total>24</total>
				<timestamp>3534.362619</timestamp>
			</report>
			<report>
				<misses>11794001</misses>
				<total>24</total>
				<timestamp>3534.662275</timestamp>
			</report>
			<report>
				<misses>11795001</misses>
				<total>24</total>
				<timestamp>3534.962025</timestamp>
			</report>
			<report>
				<misses>11796001</misses>
				<total>24</total>
				<timestamp>3535.261682</timestamp>
			</report>
			<report>
				<misses>11797001</misses>
				<total>24</total>
				<timestamp>3535.561409</timestamp>
			</report>
			<report>
				<misses>11798001</misses>
				<total>24</total>
				<timestamp>3535.861061</timestamp>
			</report>
			<report>
				<misses>11799001</misses>
				<total>24</total>
				<timestamp>3536.160771</timestamp>
			</report>
			<report>
				<misses>11800001</misses>
				<total>24</total>
				<timestamp>3536.460567</timestamp>
			</report>
			<report>
				<misses>11801001</misses>
				<total>24</total>
				<timestamp>3536.760172</timestamp>
			</report>
			<report>
				<misses>11802001</misses>
				<total>24</total>
				<timestamp>3537.059869</timestamp>
			</report>
			<report>
				<misses>11803001</misses>
				<total>24</total>
				<timestamp>3537.359575</timestamp>
			</report>
			<report>
				<misses>11804001</misses>
				<total>24</total>
				<timestamp>3537.659267</timestamp>
			</report>
			<report>
				<misses>11805001</misses>
				<total>24</total>
				<timestamp>3537.958989</timestamp>
			</report>
			<report>
				<misses>11806001</misses>
				<total>24</total>
				<timestamp>3538.258672</timestamp>
			</report>
			<report>
				<misses>11807001</misses>
				<total>24</total>
				<timestamp>3538.558493</timestamp>
			</report>
			<report>
				<misses>11808001</misses>
				<total>24</total>
				<timestamp>3538.858129</timestamp>
			</report>
			<report>
				<misses>11809001</misses>
				<total>24</total>
				<timestamp>3539.157757</timestamp>
			</report>
			<report>
				<misses>11810001</misses>
				<total>24</total>
				<timestamp>3539.457518</timestamp>
			</report>
			<report>
				<misses>11811001</misses>
				<total>24</total>
				<timestamp>3539.757179</timestamp>
			</report>
			<report>
				<misses>11812001</misses>
				<total>24</total>
				<timestamp>3540.056863</timestamp>
			</report>
			<report>
				<misses>11813001</misses>
				<total>24</total>
				<timestamp>3540.356583</timestamp>
			</report>
			<report>
				<misses>11814001</misses>
				<total>24</total>
				<timestamp>3540.656267</timestamp>
			</report>
			<report>
				<misses>11815001</misses>
				<total>24</total>
				<timestamp>3540.956003</timestamp>
			</report>
			<report>
				<misses>11816001</misses>
				<total>24</total>
				<timestamp>3541.255710</timestamp>
			</report>
			<report>
				<misses>11817001</misses>
				<total>24</total>
				<timestamp>3541.555474</timestamp>
			</report>
			<report>
				<misses>11818001</misses>
				<total>24</total>
				<timestamp>3541.855135</timestamp>
			</report>
			<report>
				<misses>11819001</misses>
				<total>24</total>
				<timestamp>3542.154770</timestamp>
			</report>
			<report>
				<misses>11820001</misses>
				<total>24</total>
				<timestamp>3542.454495</timestamp>
			</report>
			<report>
				<misses>11821001</misses>
				<total>24</total>
				<timestamp>3542.754176</timestamp>
			</report>
			<report>
				<misses>11822001</misses>
				<total>24</total>
				<timestamp>3543.053887</timestamp>
			</report>
			<report>
				<misses>11823001</misses>
				<total>24</total>
				<timestamp>3543.353569</timestamp>
			</report>
			<report>
				<misses>11824001</misses>
				<total>24</total>
				<timestamp>3543.653270</timestamp>
			</report>
			<report>
				<misses>11825001</misses>
				<total>24</total>
				<timestamp>3543.952997</timestamp>
			</report>
			<report>
				<misses>11826001</misses>
				<total>24</total>
				<timestamp>3544.252671</timestamp>
			</report>
			<report>
				<misses>11827001</misses>
				<total>24</total>
				<timestamp>3544.552427</timestamp>
			</report>
			<report>
				<misses>11828001</misses>
				<total>24</total>
				<timestamp>3544.852077</timestamp>
			</report>
			<report>
				<misses>11829001</misses>
				<total>24</total>
				<timestamp>3545.151775</timestamp>
			</report>
			<report>
				<misses>11830001</misses>
				<total>24</total>
				<timestamp>3545.451569</timestamp>
			</report>
			<report>
				<misses>11831001</misses>
				<total>24</total>
				<timestamp>3545.751181</timestamp>
			</report>
			<report>
				<misses>11832001</misses>
				<total>24</total>
				<timestamp>3546.050886</timestamp>
			</report>
			<report>
				<misses>11833001</misses>
				<total>24</total>
				<timestamp>3546.350628</timestamp>
			</report>
			<report>
				<misses>11834001</misses>
				<total>23</total>
				<timestamp>3546.650399</timestamp>
			</report>
			<report>
				<misses>11835001</misses>
				<total>23</total>
				<timestamp>3546.950073</timestamp>
			</report>
			<report>
				<misses>11836001</misses>
				<total>24</total>
				<timestamp>3547.249672</timestamp>
			</report>
			<report>
				<misses>11837001</misses>
				<total>24</total>
				<timestamp>3547.549434</timestamp>
			</report>
			<report>
				<misses>11838001</misses>
				<total>24</total>
				<timestamp>3547.849110</timestamp>
			</report>
			<report>
				<misses>11839001</misses>
				<total>24</total>
				<timestamp>3548.148780</timestamp>
			</report>
			<report>
				<misses>11840001</misses>
				<total>24</total>
				<timestamp>3548.448488</timestamp>
			</report>
			<report>
				<misses>11841001</misses>
				<total>24</total>
				<timestamp>3548.748173</timestamp>
			</report>
			<report>
				<misses>11842001</misses>
				<total>24</total>
				<timestamp>3549.047870</timestamp>
			</report>
			<report>
				<misses>11843001</misses>
				<total>24</total>
				<timestamp>3549.347571</timestamp>
			</report>
			<report>
				<misses>11844001</misses>
				<total>24</total>
				<timestamp>3549.647282</timestamp>
			</report>
			<report>
				<misses>11845001</misses>
				<total>24</total>
				<timestamp>3549.946988</timestamp>
			</report>
			<report>
				<misses>11846001</misses>
				<total>24</total>
				<timestamp>3550.246759</timestamp>
			</report>
			<report>
				<misses>11847001</misses>
				<total>24</total>
				<timestamp>3550.546435</timestamp>
			</report>
			<report>
				<misses>11848001</misses>
				<total>24</total>
				<timestamp>3550.846070</timestamp>
			</report>
			<report>
				<misses>11849001</misses>
				<total>24</total>
				<timestamp>3551.145851</timestamp>
			</report>
			<report>
				<misses>11850001</misses>
				<total>24</total>
				<timestamp>3551.445532</timestamp>
			</report>
			<report>
				<misses>11851001</misses>
				<total>24</total>
				<timestamp>3551.745175</timestamp>
			</report>
			<report>
				<misses>11852001</misses>
				<total>24</total>
				<timestamp>3552.044875</timestamp>
			</report>
			<report>
				<misses>11853001</misses>
				<total>24</total>
				<timestamp>3552.344579</timestamp>
			</report>
			<report>
				<misses>11854001</misses>
				<total>24</total>
				<timestamp>3552.644298</timestamp>
			</report>
			<report>
				<misses>11855001</misses>
				<total>24</total>
				<timestamp>3552.944030</timestamp>
			</report>
			<report>
				<misses>11856001</misses>
				<total>24</total>
				<timestamp>3553.243685</timestamp>
			</report>
			<report>
				<misses>11857001</misses>
				<total>24</total>
				<timestamp>3553.543481</timestamp>
			</report>
			<report>
				<misses>11858001</misses>
				<total>24</total>
				<timestamp>3553.843061</timestamp>
			</report>
			<report>
				<misses>11859001</misses>
				<total>24</total>
				<timestamp>3554.142769</timestamp>
			</report>
			<report>
				<misses>11860001</misses>
				<total>24</total>
				<timestamp>3554.442551</timestamp>
			</report>
			<report>
				<misses>11861001</misses>
				<total>24</total>
				<timestamp>3554.742156</timestamp>
			</report>
			<report>
				<misses>11862001</misses>
				<total>24</total>
				<timestamp>3555.041863</timestamp>
			</report>
			<report>
				<misses>11863001</misses>
				<total>24</total>
				<timestamp>3555.341581</timestamp>
			</report>
			<report>
				<misses>11864001</misses>
				<total>24</total>
				<timestamp>3555.641289</timestamp>
			</report>
			<report>
				<misses>11865001</misses>
				<total>24</total>
				<timestamp>3555.940994</timestamp>
			</report>
			<report>
				<misses>11866001</misses>
				<total>24</total>
				<timestamp>3556.240672</timestamp>
			</report>
			<report>
				<misses>11867001</misses>
				<total>24</total>
				<timestamp>3556.540392</timestamp>
			</report>
			<report>
				<misses>11868001</misses>
				<total>24</total>
				<timestamp>3556.840080</timestamp>
			</report>
			<report>
				<misses>11869001</misses>
				<total>24</total>
				<timestamp>3557.139773</timestamp>
			</report>
			<report>
				<misses>11870001</misses>
				<total>24</total>
				<timestamp>3557.439482</timestamp>
			</report>
			<report>
				<misses>11871001</misses>
				<total>24</total>
				<timestamp>3557.739197</timestamp>
			</report>
			<report>
				<misses>11872001</misses>
				<total>24</total>
				<timestamp>3558.038884</timestamp>
			</report>
			<report>
				<misses>11873001</misses>
				<total>24</total>
				<timestamp>3558.338588</timestamp>
			</report>
			<report>
				<misses>11874001</misses>
				<total>24</total>
				<timestamp>3558.638291</timestamp>
			</report>
			<report>
				<misses>11875001</misses>
				<total>24</total>
				<timestamp>3558.937987</timestamp>
			</report>
			<report>
				<misses>11876001</misses>
				<total>24</total>
				<timestamp>3559.237706</timestamp>
			</report>
			<report>
				<misses>11877001</misses>
				<total>24</total>
				<timestamp>3559.537427</timestamp>
			</report>
			<report>
				<misses>11878001</misses>
				<total>24</total>
				<timestamp>3559.837072</timestamp>
			</report>
			<report>
				<misses>11879001</misses>
				<total>24</total>
				<timestamp>3560.136779</timestamp>
			</report>
			<report>
				<misses>11880001</misses>
				<total>24</total>
				<timestamp>3560.436541</timestamp>
			</report>
			<report>
				<misses>11881001</misses>
				<total>24</total>
				<timestamp>3560.736165</timestamp>
			</report>
			<report>
				<misses>11882001</misses>
				<total>24</total>
				<timestamp>3561.035862</timestamp>
			</report>
			<report>
				<misses>11883001</misses>
				<total>24</total>
				<timestamp>3561.335639</timestamp>
			</report>
			<report>
				<misses>11884001</misses>
				<total>24</total>
				<timestamp>3561.635389</timestamp>
			</report>
			<report>
				<misses>11885001</misses>
				<total>24</total>
				<timestamp>3561.935004</timestamp>
			</report>
			<report>
				<misses>11886001</misses>
				<total>24</total>
				<timestamp>3562.234774</timestamp>
			</report>
			<report>
				<misses>11887001</misses>
				<total>24</total>
				<timestamp>3562.534399</timestamp>
			</report>
			<report>
				<misses>11888001</misses>
				<total>24</total>
				<timestamp>3562.834073</timestamp>
			</report>
			<report>
				<misses>11889001</misses>
				<total>24</total>
				<timestamp>3563.133789</timestamp>
			</report>
			<report>
				<misses>11890001</misses>
				<total>24</total>
				<timestamp>3563.433470</timestamp>
			</report>
			<report>
				<misses>11891001</misses>
				<total>24</total>
				<timestamp>3563.733210</timestamp>
			</report>
			<report>
				<misses>11892001</misses>
				<total>24</total>
				<timestamp>3564.032868</timestamp>
			</report>
			<report>
				<misses>11893001</misses>
				<total>24</total>
				<timestamp>3564.332574</timestamp>
			</report>
			<report>
				<misses>11894001</misses>
				<total>24</total>
				<timestamp>3564.632342</timestamp>
			</report>
			<report>
				<misses>11895001</misses>
				<total>24</total>
				<timestamp>3564.931981</timestamp>
			</report>
			<report>
				<misses>11896001</misses>
				<total>24</total>
				<timestamp>3565.231669</timestamp>
			</report>
			<report>
				<misses>11897001</misses>
				<total>24</total>
				<timestamp>3565.531372</timestamp>
			</report>
			<report>
				<misses>11898001</misses>
				<total>24</total>
				<timestamp>3565.831067</timestamp>
			</report>
			<report>
				<misses>11899001</misses>
				<total>24</total>
				<timestamp>3566.130765</timestamp>
			</report>
			<report>
				<misses>11900001</misses>
				<total>24</total>
				<timestamp>3566.430491</timestamp>
			</report>
			<report>
				<misses>11901001</misses>
				<total>24</total>
				<timestamp>3566.730194</timestamp>
			</report>
			<report>
				<misses>11902001</misses>
				<total>24</total>
				<timestamp>3567.029870</timestamp>
			</report>
			<report>
				<misses>11903001</misses>
				<total>24</total>
				<timestamp>3567.329574</timestamp>
			</report>
			<report>
				<misses>11904001</misses>
				<total>24</total>
				<timestamp>3567.629271</timestamp>
			</report>
			<report>
				<misses>11905001</misses>
				<total>24</total>
				<timestamp>3567.928994</timestamp>
			</report>
			<report>
				<misses>11906001</misses>
				<total>24</total>
				<timestamp>3568.228682</timestamp>
			</report>
			<report>
				<misses>11907001</misses>
				<total>24</total>
				<timestamp>3568.528438</timestamp>
			</report>
			<report>
				<misses>11908001</misses>
				<total>24</total>
				<timestamp>3568.828174</timestamp>
			</report>
			<report>
				<misses>11909001</misses>
				<total>24</total>
				<timestamp>3569.127778</timestamp>
			</report>
			<report>
				<misses>11910001</misses>
				<total>24</total>
				<timestamp>3569.427483</timestamp>
			</report>
			<report>
				<misses>11911001</misses>
				<total>24</total>
				<timestamp>3569.727256</timestamp>
			</report>
			<report>
				<misses>11912001</misses>
				<total>24</total>
				<timestamp>3570.026917</timestamp>
			</report>
			<report>
				<misses>11913001</misses>
				<total>24</total>
				<timestamp>3570.326584</timestamp>
			</report>
			<report>
				<misses>11914001</misses>
				<total>23</total>
				<timestamp>3570.626368</timestamp>
			</report>
			<report>
				<misses>11915001</misses>
				<total>24</total>
				<timestamp>3570.926002</timestamp>
			</report>
			<report>
				<misses>11916001</misses>
				<total>24</total>
				<timestamp>3571.225707</timestamp>
			</report>
			<report>
				<misses>11917001</misses>
				<total>24</total>
				<timestamp>3571.525382</timestamp>
			</report>
			<report>
				<misses>11918001</misses>
				<total>23</total>
				<timestamp>3571.825225</timestamp>
			</report>
			<report>
				<misses>11919001</misses>
				<total>24</total>
				<timestamp>3572.124779</timestamp>
			</report>
			<report>
				<misses>11920001</misses>
				<total>24</total>
				<timestamp>3572.424479</timestamp>
			</report>
			<report>
				<misses>11921001</misses>
				<total>24</total>
				<timestamp>3572.724225</timestamp>
			</report>
			<report>
				<misses>11922001</misses>
				<total>23</total>
				<timestamp>3573.024001</timestamp>
			</report>
			<report>
				<misses>11923001</misses>
				<total>24</total>
				<timestamp>3573.323569</timestamp>
			</report>
			<report>
				<misses>11924001</misses>
				<total>24</total>
				<timestamp>3573.623318</timestamp>
			</report>
			<report>
				<misses>11925001</misses>
				<total>24</total>
				<timestamp>3573.922989</timestamp>
			</report>
			<report>
				<misses>11926001</misses>
				<total>24</total>
				<timestamp>3574.222680</timestamp>
			</report>
			<report>
				<misses>11927001</misses>
				<total>24</total>
				<timestamp>3574.522367</timestamp>
			</report>
			<report>
				<misses>11928001</misses>
				<total>24</total>
				<timestamp>3574.822080</timestamp>
			</report>
			<report>
				<misses>11929001</misses>
				<total>24</total>
				<timestamp>3575.121770</timestamp>
			</report>
			<report>
				<misses>11930001</misses>
				<total>24</total>
				<timestamp>3575.421498</timestamp>
			</report>
			<report>
				<misses>11931001</misses>
				<total>24</total>
				<timestamp>3575.721318</timestamp>
			</report>
			<report>
				<misses>11932001</misses>
				<total>24</total>
				<timestamp>3576.020875</timestamp>
			</report>
			<report>
				<misses>11933001</misses>
				<total>24</total>
				<timestamp>3576.320557</timestamp>
			</report>
			<report>
				<misses>11934001</misses>
				<total>24</total>
				<timestamp>3576.620339</timestamp>
			</report>
			<report>
				<misses>11935001</misses>
				<total>24</total>
				<timestamp>3576.919984</timestamp>
			</report>
			<report>
				<misses>11936001</misses>
				<total>24</total>
				<timestamp>3577.219679</timestamp>
			</report>
			<report>
				<misses>11937001</misses>
				<total>24</total>
				<timestamp>3577.519433</timestamp>
			</report>
			<report>
				<misses>11938001</misses>
				<total>24</total>
				<timestamp>3577.819119</timestamp>
			</report>
			<report>
				<misses>11939001</misses>
				<total>24</total>
				<timestamp>3578.118800</timestamp>
			</report>
			<report>
				<misses>11940001</misses>
				<total>24</total>
				<timestamp>3578.418485</timestamp>
			</report>
			<report>
				<misses>11941001</misses>
				<total>23</total>
				<timestamp>3578.718295</timestamp>
			</report>
			<report>
				<misses>11942001</misses>
				<total>24</total>
				<timestamp>3579.017879</timestamp>
			</report>
			<report>
				<misses>11943001</misses>
				<total>24</total>
				<timestamp>3579.317627</timestamp>
			</report>
			<report>
				<misses>11944001</misses>
				<total>24</total>
				<timestamp>3579.617306</timestamp>
			</report>
			<report>
				<misses>11945001</misses>
				<total>24</total>
				<timestamp>3579.916975</timestamp>
			</report>
			<report>
				<misses>11946001</misses>
				<total>24</total>
				<timestamp>3580.216663</timestamp>
			</report>
			<report>
				<misses>11947001</misses>
				<total>24</total>
				<timestamp>3580.516420</timestamp>
			</report>
			<report>
				<misses>11948001</misses>
				<total>24</total>
				<timestamp>3580.816087</timestamp>
			</report>
			<report>
				<misses>11949001</misses>
				<total>24</total>
				<timestamp>3581.115835</timestamp>
			</report>
			<report>
				<misses>11950001</misses>
				<total>24</total>
				<timestamp>3581.415457</timestamp>
			</report>
			<report>
				<misses>11951001</misses>
				<total>24</total>
				<timestamp>3581.715221</timestamp>
			</report>
			<report>
				<misses>11952001</misses>
				<total>24</total>
				<timestamp>3582.014885</timestamp>
			</report>
			<report>
				<misses>11953001</misses>
				<total>24</total>
				<timestamp>3582.314572</timestamp>
			</report>
			<report>
				<misses>11954001</misses>
				<total>24</total>
				<timestamp>3582.614323</timestamp>
			</report>
			<report>
				<misses>11955001</misses>
				<total>24</total>
				<timestamp>3582.914086</timestamp>
			</report>
			<report>
				<misses>11956001</misses>
				<total>24</total>
				<timestamp>3583.213751</timestamp>
			</report>
			<report>
				<misses>11957001</misses>
				<total>24</total>
				<timestamp>3583.513378</timestamp>
			</report>
			<report>
				<misses>11958001</misses>
				<total>24</total>
				<timestamp>3583.813070</timestamp>
			</report>
			<report>
				<misses>11959001</misses>
				<total>24</total>
				<timestamp>3584.112796</timestamp>
			</report>
			<report>
				<misses>11960001</misses>
				<total>24</total>
				<timestamp>3584.412470</timestamp>
			</report>
			<report>
				<misses>11961001</misses>
				<total>24</total>
				<timestamp>3584.712187</timestamp>
			</report>
			<report>
				<misses>11962001</misses>
				<total>24</total>
				<timestamp>3585.011909</timestamp>
			</report>
			<report>
				<misses>11963001</misses>
				<total>24</total>
				<timestamp>3585.311582</timestamp>
			</report>
			<report>
				<misses>11964001</misses>
				<total>24</total>
				<timestamp>3585.611320</timestamp>
			</report>
			<report>
				<misses>11965001</misses>
				<total>24</total>
				<timestamp>3585.911021</timestamp>
			</report>
			<report>
				<misses>11966001</misses>
				<total>24</total>
				<timestamp>3586.210667</timestamp>
			</report>
			<report>
				<misses>11967001</misses>
				<total>24</total>
				<timestamp>3586.510375</timestamp>
			</report>
			<report>
				<misses>11968001</misses>
				<total>24</total>
				<timestamp>3586.810140</timestamp>
			</report>
			<report>
				<misses>11969001</misses>
				<total>24</total>
				<timestamp>3587.109785</timestamp>
			</report>
			<report>
				<misses>11970001</misses>
				<total>24</total>
				<timestamp>3587.409502</timestamp>
			</report>
			<report>
				<misses>11971001</misses>
				<total>24</total>
				<timestamp>3587.709182</timestamp>
			</report>
			<report>
				<misses>11972001</misses>
				<total>24</total>
				<timestamp>3588.008871</timestamp>
			</report>
			<report>
				<misses>11973001</misses>
				<total>24</total>
				<timestamp>3588.308639</timestamp>
			</report>
			<report>
				<misses>11974001</misses>
				<total>24</total>
				<timestamp>3588.608359</timestamp>
			</report>
			<report>
				<misses>11975001</misses>
				<total>24</total>
				<timestamp>3588.908006</timestamp>
			</report>
			<report>
				<misses>11976001</misses>
				<total>24</total>
				<timestamp>3589.207754</timestamp>
			</report>
			<report>
				<misses>11977001</misses>
				<total>24</total>
				<timestamp>3589.507390</timestamp>
			</report>
			<report>
				<misses>11978001</misses>
				<total>24</total>
				<timestamp>3589.807173</timestamp>
			</report>
			<report>
				<misses>11979001</misses>
				<total>24</total>
				<timestamp>3590.106769</timestamp>
			</report>
			<report>
				<misses>11980001</misses>
				<total>24</total>
				<timestamp>3590.406473</timestamp>
			</report>
			<report>
				<misses>11981001</misses>
				<total>24</total>
				<timestamp>3590.706248</timestamp>
			</report>
			<report>
				<misses>11982001</misses>
				<total>24</total>
				<timestamp>3591.005879</timestamp>
			</report>
			<report>
				<misses>11983001</misses>
				<total>24</total>
				<timestamp>3591.305579</timestamp>
			</report>
			<report>
				<misses>11984001</misses>
				<total>24</total>
				<timestamp>3591.605292</timestamp>
			</report>
			<report>
				<misses>11985001</misses>
				<total>24</total>
				<timestamp>3591.905016</timestamp>
			</report>
			<report>
				<misses>11986001</misses>
				<total>24</total>
				<timestamp>3592.204680</timestamp>
			</report>
			<report>
				<misses>11987001</misses>
				<total>24</total>
				<timestamp>3592.504450</timestamp>
			</report>
			<report>
				<misses>11988001</misses>
				<total>24</total>
				<timestamp>3592.804075</timestamp>
			</report>
			<report>
				<misses>11989001</misses>
				<total>24</total>
				<timestamp>3593.103766</timestamp>
			</report>
			<report>
				<misses>11990001</misses>
				<total>24</total>
				<timestamp>3593.403475</timestamp>
			</report>
			<report>
				<misses>11991001</misses>
				<total>24</total>
				<timestamp>3593.703194</timestamp>
			</report>
			<report>
				<misses>11992001</misses>
				<total>24</total>
				<timestamp>3594.002890</timestamp>
			</report>
			<report>
				<misses>11993001</misses>
				<total>24</total>
				<timestamp>3594.302567</timestamp>
			</report>
			<report>
				<misses>11994001</misses>
				<total>24</total>
				<timestamp>3594.602265</timestamp>
			</report>
			<report>
				<misses>11995001</misses>
				<total>24</total>
				<timestamp>3594.902027</timestamp>
			</report>
			<report>
				<misses>11996001</misses>
				<total>24</total>
				<timestamp>3595.201674</timestamp>
			</report>
			<report>
				<misses>11997001</misses>
				<total>24</total>
				<timestamp>3595.501379</timestamp>
			</report>
			<report>
				<misses>11998001</misses>
				<total>24</total>
				<timestamp>3595.801129</timestamp>
			</report>
			<report>
				<misses>11999001</misses>
				<total>24</total>
				<timestamp>3596.100814</timestamp>
			</report>
			<report>
				<misses>12000001</misses>
				<total>24</total>
				<timestamp>3596.400506</timestamp>
			</report>
			<report>
				<misses>12001001</misses>
				<total>24</total>
				<timestamp>3596.700170</timestamp>
			</report>
			<report>
				<misses>12002001</misses>
				<total>24</total>
				<timestamp>3596.999928</timestamp>
			</report>
			<report>
				<misses>12003001</misses>
				<total>24</total>
				<timestamp>3597.299569</timestamp>
			</report>
			<report>
				<misses>12004001</misses>
				<total>24</total>
				<timestamp>3597.599300</timestamp>
			</report>
			<report>
				<misses>12005001</misses>
				<total>24</total>
				<timestamp>3597.899036</timestamp>
			</report>
			<report>
				<misses>12006001</misses>
				<total>24</total>
				<timestamp>3598.198684</timestamp>
			</report>
			<report>
				<misses>12007001</misses>
				<total>24</total>
				<timestamp>3598.498420</timestamp>
			</report>
			<report>
				<misses>12008001</misses>
				<total>24</total>
				<timestamp>3598.798128</timestamp>
			</report>
			<report>
				<misses>12009001</misses>
				<total>24</total>
				<timestamp>3599.097779</timestamp>
			</report>
			<report>
				<misses>12010001</misses>
				<total>24</total>
				<timestamp>3599.397458</timestamp>
			</report>
			<report>
				<misses>12011001</misses>
				<total>24</total>
				<timestamp>3599.697225</timestamp>
			</report>
			<report>
				<misses>12012001</misses>
				<total>24</total>
				<timestamp>3599.996873</timestamp>
			</report>
			<report>
				<misses>12013001</misses>
				<total>24</total>
				<timestamp>3600.296575</timestamp>
			</report>
			<report>
				<misses>12014001</misses>
				<total>24</total>
				<timestamp>3600.596264</timestamp>
			</report>
			<report>
				<misses>12015001</misses>
				<total>24</total>
				<timestamp>3600.896049</timestamp>
			</report>
			<report>
				<misses>12016001</misses>
				<total>24</total>
				<timestamp>3601.195660</timestamp>
			</report>
			<report>
				<misses>12017001</misses>
				<total>24</total>
				<timestamp>3601.495371</timestamp>
			</report>
			<report>
				<misses>12018001</misses>
				<total>24</total>
				<timestamp>3601.795068</timestamp>
			</report>
			<report>
				<misses>12019001</misses>
				<total>24</total>
				<timestamp>3602.094767</timestamp>
			</report>
			<report>
				<misses>12020001</misses>
				<total>24</total>
				<timestamp>3602.394465</timestamp>
			</report>
			<report>
				<misses>12021001</misses>
				<total>24</total>
				<timestamp>3602.694170</timestamp>
			</report>
			<report>
				<misses>12022001</misses>
				<total>24</total>
				<timestamp>3602.993872</timestamp>
			</report>
			<report>
				<misses>12023001</misses>
				<total>24</total>
				<timestamp>3603.293630</timestamp>
			</report>
			<report>
				<misses>12024001</misses>
				<total>24</total>
				<timestamp>3603.593278</timestamp>
			</report>
			<report>
				<misses>12025001</misses>
				<total>24</total>
				<timestamp>3603.893036</timestamp>
			</report>
			<report>
				<misses>12026001</misses>
				<total>24</total>
				<timestamp>3604.192670</timestamp>
			</report>
			<report>
				<misses>12027001</misses>
				<total>24</total>
				<timestamp>3604.492368</timestamp>
			</report>
			<report>
				<misses>12028001</misses>
				<total>24</total>
				<timestamp>3604.792125</timestamp>
			</report>
			<report>
				<misses>12029001</misses>
				<total>24</total>
				<timestamp>3605.091779</timestamp>
			</report>
			<report>
				<misses>12030001</misses>
				<total>24</total>
				<timestamp>3605.391484</timestamp>
			</report>
			<report>
				<misses>12031001</misses>
				<total>24</total>
				<timestamp>3605.691276</timestamp>
			</report>
			<report>
				<misses>12032001</misses>
				<total>24</total>
				<timestamp>3605.990888</timestamp>
			</report>
			<report>
				<misses>12033001</misses>
				<total>24</total>
				<timestamp>3606.290575</timestamp>
			</report>
			<report>
				<misses>12034001</misses>
				<total>24</total>
				<timestamp>3606.590276</timestamp>
			</report>
			<report>
				<misses>12035001</misses>
				<total>24</total>
				<timestamp>3606.890013</timestamp>
			</report>
			<report>
				<misses>12036001</misses>
				<total>24</total>
				<timestamp>3607.189660</timestamp>
			</report>
			<report>
				<misses>12037001</misses>
				<total>24</total>
				<timestamp>3607.489359</timestamp>
			</report>
			<report>
				<misses>12038001</misses>
				<total>24</total>
				<timestamp>3607.789106</timestamp>
			</report>
			<report>
				<misses>12039001</misses>
				<total>24</total>
				<timestamp>3608.088782</timestamp>
			</report>
			<report>
				<misses>12040001</misses>
				<total>24</total>
				<timestamp>3608.388483</timestamp>
			</report>
			<report>
				<misses>12041001</misses>
				<total>24</total>
				<timestamp>3608.688241</timestamp>
			</report>
			<report>
				<misses>12042001</misses>
				<total>24</total>
				<timestamp>3608.987902</timestamp>
			</report>
			<report>
				<misses>12043001</misses>
				<total>24</total>
				<timestamp>3609.287581</timestamp>
			</report>
			<report>
				<misses>12044001</misses>
				<total>24</total>
				<timestamp>3609.587294</timestamp>
			</report>
			<report>
				<misses>12045001</misses>
				<total>24</total>
				<timestamp>3609.887005</timestamp>
			</report>
			<report>
				<misses>12046001</misses>
				<total>24</total>
				<timestamp>3610.186662</timestamp>
			</report>
			<report>
				<misses>12047001</misses>
				<total>24</total>
				<timestamp>3610.486375</timestamp>
			</report>
			<report>
				<misses>12048001</misses>
				<total>24</total>
				<timestamp>3610.786081</timestamp>
			</report>
			<report>
				<misses>12049001</misses>
				<total>24</total>
				<timestamp>3611.085770</timestamp>
			</report>
			<report>
				<misses>12050001</misses>
				<total>24</total>
				<timestamp>3611.385481</timestamp>
			</report>
			<report>
				<misses>12051001</misses>
				<total>24</total>
				<timestamp>3611.685217</timestamp>
			</report>
			<report>
				<misses>12052001</misses>
				<total>24</total>
				<timestamp>3611.984961</timestamp>
			</report>
			<report>
				<misses>12053001</misses>
				<total>24</total>
				<timestamp>3612.284570</timestamp>
			</report>
			<report>
				<misses>12054001</misses>
				<total>24</total>
				<timestamp>3612.584267</timestamp>
			</report>
			<report>
				<misses>12055001</misses>
				<total>24</total>
				<timestamp>3612.884031</timestamp>
			</report>
			<report>
				<misses>12056001</misses>
				<total>24</total>
				<timestamp>3613.183762</timestamp>
			</report>
			<report>
				<misses>12057001</misses>
				<total>24</total>
				<timestamp>3613.483453</timestamp>
			</report>
			<report>
				<misses>12058001</misses>
				<total>24</total>
				<timestamp>3613.783085</timestamp>
			</report>
			<report>
				<misses>12059001</misses>
				<total>24</total>
				<timestamp>3614.082764</timestamp>
			</report>
			<report>
				<misses>12060001</misses>
				<total>24</total>
				<timestamp>3614.382471</timestamp>
			</report>
			<report>
				<misses>12061001</misses>
				<total>23</total>
				<timestamp>3614.682257</timestamp>
			</report>
			<report>
				<misses>12062001</misses>
				<total>24</total>
				<timestamp>3614.981906</timestamp>
			</report>
			<report>
				<misses>12063001</misses>
				<total>24</total>
				<timestamp>3615.281658</timestamp>
			</report>
			<report>
				<misses>12064001</misses>
				<total>24</total>
				<timestamp>3615.581265</timestamp>
			</report>
			<report>
				<misses>12065001</misses>
				<total>24</total>
				<timestamp>3615.881080</timestamp>
			</report>
			<report>
				<misses>12066001</misses>
				<total>24</total>
				<timestamp>3616.180755</timestamp>
			</report>
			<report>
				<misses>12067001</misses>
				<total>24</total>
				<timestamp>3616.480379</timestamp>
			</report>
			<report>
				<misses>12068001</misses>
				<total>24</total>
				<timestamp>3616.780076</timestamp>
			</report>
			<report>
				<misses>12069001</misses>
				<total>24</total>
				<timestamp>3617.079773</timestamp>
			</report>
			<report>
				<misses>12070001</misses>
				<total>24</total>
				<timestamp>3617.379534</timestamp>
			</report>
			<report>
				<misses>12071001</misses>
				<total>24</total>
				<timestamp>3617.679175</timestamp>
			</report>
			<report>
				<misses>12072001</misses>
				<total>24</total>
				<timestamp>3617.978898</timestamp>
			</report>
			<report>
				<misses>12073001</misses>
				<total>24</total>
				<timestamp>3618.278574</timestamp>
			</report>
			<report>
				<misses>12074001</misses>
				<total>24</total>
				<timestamp>3618.578270</timestamp>
			</report>
			<report>
				<misses>12075001</misses>
				<total>24</total>
				<timestamp>3618.878045</timestamp>
			</report>
			<report>
				<misses>12076001</misses>
				<total>24</total>
				<timestamp>3619.177685</timestamp>
			</report>
			<report>
				<misses>12077001</misses>
				<total>24</total>
				<timestamp>3619.477388</timestamp>
			</report>
			<report>
				<misses>12078001</misses>
				<total>24</total>
				<timestamp>3619.777117</timestamp>
			</report>
			<report>
				<misses>12079001</misses>
				<total>23</total>
				<timestamp>3620.076931</timestamp>
			</report>
			<report>
				<misses>12080001</misses>
				<total>24</total>
				<timestamp>3620.376475</timestamp>
			</report>
			<report>
				<misses>12081001</misses>
				<total>24</total>
				<timestamp>3620.676185</timestamp>
			</report>
			<report>
				<misses>12082001</misses>
				<total>24</total>
				<timestamp>3620.975915</timestamp>
			</report>
			<report>
				<misses>12083001</misses>
				<total>24</total>
				<timestamp>3621.275574</timestamp>
			</report>
			<report>
				<misses>12084001</misses>
				<total>24</total>
				<timestamp>3621.575279</timestamp>
			</report>
			<report>
				<misses>12085001</misses>
				<total>24</total>
				<timestamp>3621.875039</timestamp>
			</report>
			<report>
				<misses>12086001</misses>
				<total>24</total>
				<timestamp>3622.174678</timestamp>
			</report>
			<report>
				<misses>12087001</misses>
				<total>24</total>
				<timestamp>3622.474382</timestamp>
			</report>
			<report>
				<misses>12088001</misses>
				<total>24</total>
				<timestamp>3622.774110</timestamp>
			</report>
			<report>
				<misses>12089001</misses>
				<total>24</total>
				<timestamp>3623.073762</timestamp>
			</report>
			<report>
				<misses>12090001</misses>
				<total>24</total>
				<timestamp>3623.373484</timestamp>
			</report>
			<report>
				<misses>12091001</misses>
				<total>24</total>
				<timestamp>3623.673169</timestamp>
			</report>
			<report>
				<misses>12092001</misses>
				<total>24</total>
				<timestamp>3623.972917</timestamp>
			</report>
			<report>
				<misses>12093001</misses>
				<total>24</total>
				<timestamp>3624.272606</timestamp>
			</report>
			<report>
				<misses>12094001</misses>
				<total>24</total>
				<timestamp>3624.572257</timestamp>
			</report>
			<report>
				<misses>12095001</misses>
				<total>24</total>
				<timestamp>3624.872038</timestamp>
			</report>
			<report>
				<misses>12096001</misses>
				<total>24</total>
				<timestamp>3625.171665</timestamp>
			</report>
			<report>
				<misses>12097001</misses>
				<total>24</total>
				<timestamp>3625.471381</timestamp>
			</report>
			<report>
				<misses>12098001</misses>
				<total>24</total>
				<timestamp>3625.771116</timestamp>
			</report>
			<report>
				<misses>12099001</misses>
				<total>24</total>
				<timestamp>3626.070783</timestamp>
			</report>
			<report>
				<misses>12100001</misses>
				<total>24</total>
				<timestamp>3626.370466</timestamp>
			</report>
			<report>
				<misses>12101001</misses>
				<total>24</total>
				<timestamp>3626.670197</timestamp>
			</report>
			<report>
				<misses>12102001</misses>
				<total>24</total>
				<timestamp>3626.970005</timestamp>
			</report>
			<report>
				<misses>12103001</misses>
				<total>24</total>
				<timestamp>3627.269598</timestamp>
			</report>
			<report>
				<misses>12104001</misses>
				<total>24</total>
				<timestamp>3627.569349</timestamp>
			</report>
			<report>
				<misses>12105001</misses>
				<total>24</total>
				<timestamp>3627.868990</timestamp>
			</report>
			<report>
				<misses>12106001</misses>
				<total>24</total>
				<timestamp>3628.168669</timestamp>
			</report>
			<report>
				<misses>12107001</misses>
				<total>24</total>
				<timestamp>3628.468376</timestamp>
			</report>
			<report>
				<misses>12108001</misses>
				<total>24</total>
				<timestamp>3628.768106</timestamp>
			</report>
			<report>
				<misses>12109001</misses>
				<total>24</total>
				<timestamp>3629.067814</timestamp>
			</report>
			<report>
				<misses>12110001</misses>
				<total>24</total>
				<timestamp>3629.367459</timestamp>
			</report>
			<report>
				<misses>12111001</misses>
				<total>24</total>
				<timestamp>3629.667178</timestamp>
			</report>
			<report>
				<misses>12112001</misses>
				<total>24</total>
				<timestamp>3629.966920</timestamp>
			</report>
			<report>
				<misses>12113001</misses>
				<total>24</total>
				<timestamp>3630.266589</timestamp>
			</report>
			<report>
				<misses>12114001</misses>
				<total>24</total>
				<timestamp>3630.566271</timestamp>
			</report>
			<report>
				<misses>12115001</misses>
				<total>24</total>
				<timestamp>3630.866022</timestamp>
			</report>
			<report>
				<misses>12116001</misses>
				<total>24</total>
				<timestamp>3631.165662</timestamp>
			</report>
			<report>
				<misses>12117001</misses>
				<total>24</total>
				<timestamp>3631.465369</timestamp>
			</report>
			<report>
				<misses>12118001</misses>
				<total>23</total>
				<timestamp>3631.765179</timestamp>
			</report>
			<report>
				<misses>12119001</misses>
				<total>24</total>
				<timestamp>3632.064837</timestamp>
			</report>
			<report>
				<misses>12120001</misses>
				<total>24</total>
				<timestamp>3632.364457</timestamp>
			</report>
			<report>
				<misses>12121001</misses>
				<total>24</total>
				<timestamp>3632.664162</timestamp>
			</report>
			<report>
				<misses>12122001</misses>
				<total>24</total>
				<timestamp>3632.963884</timestamp>
			</report>
			<report>
				<misses>12123001</misses>
				<total>23</total>
				<timestamp>3633.263667</timestamp>
			</report>
			<report>
				<misses>12124001</misses>
				<total>24</total>
				<timestamp>3633.563343</timestamp>
			</report>
			<report>
				<misses>12125001</misses>
				<total>24</total>
				<timestamp>3633.863034</timestamp>
			</report>
			<report>
				<misses>12126001</misses>
				<total>24</total>
				<timestamp>3634.162669</timestamp>
			</report>
			<report>
				<misses>12127001</misses>
				<total>24</total>
				<timestamp>3634.462373</timestamp>
			</report>
			<report>
				<misses>12128001</misses>
				<total>24</total>
				<timestamp>3634.762090</timestamp>
			</report>
			<report>
				<misses>12129001</misses>
				<total>24</total>
				<timestamp>3635.061822</timestamp>
			</report>
			<report>
				<misses>12130001</misses>
				<total>24</total>
				<timestamp>3635.361471</timestamp>
			</report>
			<report>
				<misses>12131001</misses>
				<total>24</total>
				<timestamp>3635.661166</timestamp>
			</report>
			<report>
				<misses>12132001</misses>
				<total>24</total>
				<timestamp>3635.960881</timestamp>
			</report>
			<report>
				<misses>12133001</misses>
				<total>24</total>
				<timestamp>3636.260585</timestamp>
			</report>
			<report>
				<misses>12134001</misses>
				<total>24</total>
				<timestamp>3636.560267</timestamp>
			</report>
			<report>
				<misses>12135001</misses>
				<total>24</total>
				<timestamp>3636.860073</timestamp>
			</report>
			<report>
				<misses>12136001</misses>
				<total>24</total>
				<timestamp>3637.159684</timestamp>
			</report>
			<report>
				<misses>12137001</misses>
				<total>24</total>
				<timestamp>3637.459366</timestamp>
			</report>
			<report>
				<misses>12138001</misses>
				<total>24</total>
				<timestamp>3637.759064</timestamp>
			</report>
			<report>
				<misses>12139001</misses>
				<total>24</total>
				<timestamp>3638.058801</timestamp>
			</report>
			<report>
				<misses>12140001</misses>
				<total>24</total>
				<timestamp>3638.358507</timestamp>
			</report>
			<report>
				<misses>12141001</misses>
				<total>24</total>
				<timestamp>3638.658174</timestamp>
			</report>
			<report>
				<misses>12142001</misses>
				<total>24</total>
				<timestamp>3638.957968</timestamp>
			</report>
			<report>
				<misses>12143001</misses>
				<total>24</total>
				<timestamp>3639.257568</timestamp>
			</report>
			<report>
				<misses>12144001</misses>
				<total>24</total>
				<timestamp>3639.557279</timestamp>
			</report>
			<report>
				<misses>12145001</misses>
				<total>24</total>
				<timestamp>3639.856990</timestamp>
			</report>
			<report>
				<misses>12146001</misses>
				<total>24</total>
				<timestamp>3640.156681</timestamp>
			</report>
			<report>
				<misses>12147001</misses>
				<total>24</total>
				<timestamp>3640.456367</timestamp>
			</report>
			<report>
				<misses>12148001</misses>
				<total>23</total>
				<timestamp>3640.756175</timestamp>
			</report>
			<report>
				<misses>12149001</misses>
				<total>23</total>
				<timestamp>3641.055910</timestamp>
			</report>
			<report>
				<misses>12150001</misses>
				<total>24</total>
				<timestamp>3641.355465</timestamp>
			</report>
			<report>
				<misses>12151001</misses>
				<total>24</total>
				<timestamp>3641.655182</timestamp>
			</report>
			<report>
				<misses>12152001</misses>
				<total>23</total>
				<timestamp>3641.954963</timestamp>
			</report>
			<report>
				<misses>12153001</misses>
				<total>24</total>
				<timestamp>3642.254584</timestamp>
			</report>
			<report>
				<misses>12154001</misses>
				<total>24</total>
				<timestamp>3642.554268</timestamp>
			</report>
			<report>
				<misses>12155001</misses>
				<total>24</total>
				<timestamp>3642.854037</timestamp>
			</report>
			<report>
				<misses>12156001</misses>
				<total>23</total>
				<timestamp>3643.153814</timestamp>
			</report>
			<report>
				<misses>12157001</misses>
				<total>24</total>
				<timestamp>3643.453405</timestamp>
			</report>
			<report>
				<misses>12158001</misses>
				<total>24</total>
				<timestamp>3643.753089</timestamp>
			</report>
			<report>
				<misses>12159001</misses>
				<total>24</total>
				<timestamp>3644.052795</timestamp>
			</report>
			<report>
				<misses>12160001</misses>
				<total>24</total>
				<timestamp>3644.352474</timestamp>
			</report>
			<report>
				<misses>12161001</misses>
				<total>24</total>
				<timestamp>3644.652173</timestamp>
			</report>
			<report>
				<misses>12162001</misses>
				<total>24</total>
				<timestamp>3644.951926</timestamp>
			</report>
			<report>
				<misses>12163001</misses>
				<total>24</total>
				<timestamp>3645.251568</timestamp>
			</report>
			<report>
				<misses>12164001</misses>
				<total>24</total>
				<timestamp>3645.551264</timestamp>
			</report>
			<report>
				<misses>12165001</misses>
				<total>24</total>
				<timestamp>3645.851040</timestamp>
			</report>
			<report>
				<misses>12166001</misses>
				<total>24</total>
				<timestamp>3646.150712</timestamp>
			</report>
			<report>
				<misses>12167001</misses>
				<total>24</total>
				<timestamp>3646.450369</timestamp>
			</report>
			<report>
				<misses>12168001</misses>
				<total>24</total>
				<timestamp>3646.750097</timestamp>
			</report>
			<report>
				<misses>12169001</misses>
				<total>24</total>
				<timestamp>3647.049790</timestamp>
			</report>
			<report>
				<misses>12170001</misses>
				<total>24</total>
				<timestamp>3647.349479</timestamp>
			</report>
			<report>
				<misses>12171001</misses>
				<total>24</total>
				<timestamp>3647.649181</timestamp>
			</report>
			<report>
				<misses>12172001</misses>
				<total>24</total>
				<timestamp>3647.948882</timestamp>
			</report>
			<report>
				<misses>12173001</misses>
				<total>24</total>
				<timestamp>3648.248570</timestamp>
			</report>
			<report>
				<misses>12174001</misses>
				<total>24</total>
				<timestamp>3648.548275</timestamp>
			</report>
			<report>
				<misses>12175001</misses>
				<total>24</total>
				<timestamp>3648.848034</timestamp>
			</report>
			<report>
				<misses>12176001</misses>
				<total>24</total>
				<timestamp>3649.147716</timestamp>
			</report>
			<report>
				<misses>12177001</misses>
				<total>24</total>
				<timestamp>3649.447385</timestamp>
			</report>
			<report>
				<misses>12178001</misses>
				<total>24</total>
				<timestamp>3649.747082</timestamp>
			</report>
			<report>
				<misses>12179001</misses>
				<total>24</total>
				<timestamp>3650.046801</timestamp>
			</report>
			<report>
				<misses>12180001</misses>
				<total>24</total>
				<timestamp>3650.346479</timestamp>
			</report>
			<report>
				<misses>12181001</misses>
				<total>24</total>
				<timestamp>3650.646251</timestamp>
			</report>
			<report>
				<misses>12182001</misses>
				<total>24</total>
				<timestamp>3650.945919</timestamp>
			</report>
			<report>
				<misses>12183001</misses>
				<total>24</total>
				<timestamp>3651.245580</timestamp>
			</report>
			<report>
				<misses>12184001</misses>
				<total>24</total>
				<timestamp>3651.545355</timestamp>
			</report>
			<report>
				<misses>12185001</misses>
				<total>24</total>
				<timestamp>3651.844995</timestamp>
			</report>
			<report>
				<misses>12186001</misses>
				<total>24</total>
				<timestamp>3652.144693</timestamp>
			</report>
			<report>
				<misses>12187001</misses>
				<total>24</total>
				<timestamp>3652.444411</timestamp>
			</report>
			<report>
				<misses>12188001</misses>
				<total>24</total>
				<timestamp>3652.744068</timestamp>
			</report>
			<report>
				<misses>12189001</misses>
				<total>24</total>
				<timestamp>3653.043833</timestamp>
			</report>
			<report>
				<misses>12190001</misses>
				<total>24</total>
				<timestamp>3653.343485</timestamp>
			</report>
			<report>
				<misses>12191001</misses>
				<total>24</total>
				<timestamp>3653.643184</timestamp>
			</report>
			<report>
				<misses>12192001</misses>
				<total>24</total>
				<timestamp>3653.942913</timestamp>
			</report>
			<report>
				<misses>12193001</misses>
				<total>24</total>
				<timestamp>3654.242576</timestamp>
			</report>
			<report>
				<misses>12194001</misses>
				<total>24</total>
				<timestamp>3654.542272</timestamp>
			</report>
			<report>
				<misses>12195001</misses>
				<total>24</total>
				<timestamp>3654.842012</timestamp>
			</report>
			<report>
				<misses>12196001</misses>
				<total>24</total>
				<timestamp>3655.141682</timestamp>
			</report>
			<report>
				<misses>12197001</misses>
				<total>24</total>
				<timestamp>3655.441387</timestamp>
			</report>
			<report>
				<misses>12198001</misses>
				<total>24</total>
				<timestamp>3655.741063</timestamp>
			</report>
			<report>
				<misses>12199001</misses>
				<total>24</total>
				<timestamp>3656.040793</timestamp>
			</report>
			<report>
				<misses>12200001</misses>
				<total>23</total>
				<timestamp>3656.340584</timestamp>
			</report>
			<report>
				<misses>12201001</misses>
				<total>24</total>
				<timestamp>3656.640165</timestamp>
			</report>
			<report>
				<misses>12202001</misses>
				<total>24</total>
				<timestamp>3656.939933</timestamp>
			</report>
			<report>
				<misses>12203001</misses>
				<total>24</total>
				<timestamp>3657.239575</timestamp>
			</report>
			<report>
				<misses>12204001</misses>
				<total>24</total>
				<timestamp>3657.539295</timestamp>
			</report>
			<report>
				<misses>12205001</misses>
				<total>24</total>
				<timestamp>3657.839014</timestamp>
			</report>
			<report>
				<misses>12206001</misses>
				<total>24</total>
				<timestamp>3658.138679</timestamp>
			</report>
			<report>
				<misses>12207001</misses>
				<total>24</total>
				<timestamp>3658.438374</timestamp>
			</report>
			<report>
				<misses>12208001</misses>
				<total>24</total>
				<timestamp>3658.738139</timestamp>
			</report>
			<report>
				<misses>12209001</misses>
				<total>24</total>
				<timestamp>3659.037797</timestamp>
			</report>
			<report>
				<misses>12210001</misses>
				<total>24</total>
				<timestamp>3659.337471</timestamp>
			</report>
			<report>
				<misses>12211001</misses>
				<total>24</total>
				<timestamp>3659.637170</timestamp>
			</report>
			<report>
				<misses>12212001</misses>
				<total>24</total>
				<timestamp>3659.936930</timestamp>
			</report>
			<report>
				<misses>12213001</misses>
				<total>24</total>
				<timestamp>3660.236568</timestamp>
			</report>
			<report>
				<misses>12214001</misses>
				<total>24</total>
				<timestamp>3660.536266</timestamp>
			</report>
			<report>
				<misses>12215001</misses>
				<total>23</total>
				<timestamp>3660.836086</timestamp>
			</report>
			<report>
				<misses>12216001</misses>
				<total>24</total>
				<timestamp>3661.135663</timestamp>
			</report>
			<report>
				<misses>12217001</misses>
				<total>24</total>
				<timestamp>3661.435359</timestamp>
			</report>
			<report>
				<misses>12218001</misses>
				<total>24</total>
				<timestamp>3661.735094</timestamp>
			</report>
			<report>
				<misses>12219001</misses>
				<total>24</total>
				<timestamp>3662.034804</timestamp>
			</report>
			<report>
				<misses>12220001</misses>
				<total>24</total>
				<timestamp>3662.334467</timestamp>
			</report>
			<report>
				<misses>12221001</misses>
				<total>24</total>
				<timestamp>3662.634196</timestamp>
			</report>
			<report>
				<misses>12222001</misses>
				<total>24</total>
				<timestamp>3662.933890</timestamp>
			</report>
			<report>
				<misses>12223001</misses>
				<total>24</total>
				<timestamp>3663.233605</timestamp>
			</report>
			<report>
				<misses>12224001</misses>
				<total>24</total>
				<timestamp>3663.533277</timestamp>
			</report>
			<report>
				<misses>12225001</misses>
				<total>24</total>
				<timestamp>3663.832982</timestamp>
			</report>
			<report>
				<misses>12226001</misses>
				<total>24</total>
				<timestamp>3664.132702</timestamp>
			</report>
			<report>
				<misses>12227001</misses>
				<total>24</total>
				<timestamp>3664.432374</timestamp>
			</report>
			<report>
				<misses>12228001</misses>
				<total>24</total>
				<timestamp>3664.732075</timestamp>
			</report>
			<report>
				<misses>12229001</misses>
				<total>24</total>
				<timestamp>3665.031793</timestamp>
			</report>
			<report>
				<misses>12230001</misses>
				<total>24</total>
				<timestamp>3665.331481</timestamp>
			</report>
			<report>
				<misses>12231001</misses>
				<total>24</total>
				<timestamp>3665.631186</timestamp>
			</report>
			<report>
				<misses>12232001</misses>
				<total>24</total>
				<timestamp>3665.930887</timestamp>
			</report>
			<report>
				<misses>12233001</misses>
				<total>26</total>
				<timestamp>3666.230611</timestamp>
			</report>
			<report>
				<misses>12234001</misses>
				<total>26</total>
				<timestamp>3666.530263</timestamp>
			</report>
			<report>
				<misses>12235001</misses>
				<total>25</total>
				<timestamp>3666.830082</timestamp>
			</report>
			<report>
				<misses>12236001</misses>
				<total>26</total>
				<timestamp>3667.129683</timestamp>
			</report>
			<report>
				<misses>12237001</misses>
				<total>26</total>
				<timestamp>3667.429423</timestamp>
			</report>
			<report>
				<misses>12238001</misses>
				<total>26</total>
				<timestamp>3667.729058</timestamp>
			</report>
			<report>
				<misses>12239001</misses>
				<total>26</total>
				<timestamp>3668.028763</timestamp>
			</report>
			<report>
				<misses>12240001</misses>
				<total>26</total>
				<timestamp>3668.328492</timestamp>
			</report>
			<report>
				<misses>12241001</misses>
				<total>26</total>
				<timestamp>3668.628193</timestamp>
			</report>
			<report>
				<misses>12242001</misses>
				<total>26</total>
				<timestamp>3668.927917</timestamp>
			</report>
			<report>
				<misses>12243001</misses>
				<total>26</total>
				<timestamp>3669.227576</timestamp>
			</report>
			<report>
				<misses>12244001</misses>
				<total>26</total>
				<timestamp>3669.527262</timestamp>
			</report>
			<report>
				<misses>12245001</misses>
				<total>26</total>
				<timestamp>3669.826985</timestamp>
			</report>
			<report>
				<misses>12246001</misses>
				<total>26</total>
				<timestamp>3670.126725</timestamp>
			</report>
			<report>
				<misses>12247001</misses>
				<total>26</total>
				<timestamp>3670.426371</timestamp>
			</report>
			<report>
				<misses>12248001</misses>
				<total>26</total>
				<timestamp>3670.726091</timestamp>
			</report>
			<report>
				<misses>12249001</misses>
				<total>25</total>
				<timestamp>3671.025880</timestamp>
			</report>
			<report>
				<misses>12250001</misses>
				<total>26</total>
				<timestamp>3671.325482</timestamp>
			</report>
			<report>
				<misses>12251001</misses>
				<total>26</total>
				<timestamp>3671.625210</timestamp>
			</report>
			<report>
				<misses>12252001</misses>
				<total>26</total>
				<timestamp>3671.924933</timestamp>
			</report>
			<report>
				<misses>12253001</misses>
				<total>26</total>
				<timestamp>3672.224588</timestamp>
			</report>
			<report>
				<misses>12254001</misses>
				<total>26</total>
				<timestamp>3672.524267</timestamp>
			</report>
			<report>
				<misses>12255001</misses>
				<total>26</total>
				<timestamp>3672.823993</timestamp>
			</report>
			<report>
				<misses>12256001</misses>
				<total>26</total>
				<timestamp>3673.123735</timestamp>
			</report>
			<report>
				<misses>12257001</misses>
				<total>26</total>
				<timestamp>3673.423378</timestamp>
			</report>
			<report>
				<misses>12258001</misses>
				<total>26</total>
				<timestamp>3673.723071</timestamp>
			</report>
			<report>
				<misses>12259001</misses>
				<total>26</total>
				<timestamp>3674.022783</timestamp>
			</report>
			<report>
				<misses>12260001</misses>
				<total>26</total>
				<timestamp>3674.322519</timestamp>
			</report>
			<report>
				<misses>12261001</misses>
				<total>26</total>
				<timestamp>3674.622166</timestamp>
			</report>
			<report>
				<misses>12262001</misses>
				<total>26</total>
				<timestamp>3674.921886</timestamp>
			</report>
			<report>
				<misses>12263001</misses>
				<total>26</total>
				<timestamp>3675.221571</timestamp>
			</report>
			<report>
				<misses>12264001</misses>
				<total>26</total>
				<timestamp>3675.521304</timestamp>
			</report>
			<report>
				<misses>12265001</misses>
				<total>26</total>
				<timestamp>3675.820983</timestamp>
			</report>
			<report>
				<misses>12266001</misses>
				<total>26</total>
				<timestamp>3676.120719</timestamp>
			</report>
			<report>
				<misses>12267001</misses>
				<total>26</total>
				<timestamp>3676.420382</timestamp>
			</report>
			<report>
				<misses>12268001</misses>
				<total>26</total>
				<timestamp>3676.720074</timestamp>
			</report>
			<report>
				<misses>12269001</misses>
				<total>26</total>
				<timestamp>3677.019799</timestamp>
			</report>
			<report>
				<misses>12270001</misses>
				<total>26</total>
				<timestamp>3677.319557</timestamp>
			</report>
			<report>
				<misses>12271001</misses>
				<total>26</total>
				<timestamp>3677.619174</timestamp>
			</report>
			<report>
				<misses>12272001</misses>
				<total>26</total>
				<timestamp>3677.918966</timestamp>
			</report>
			<report>
				<misses>12273001</misses>
				<total>26</total>
				<timestamp>3678.218577</timestamp>
			</report>
			<report>
				<misses>12274001</misses>
				<total>26</total>
				<timestamp>3678.518283</timestamp>
			</report>
			<report>
				<misses>12275001</misses>
				<total>26</total>
				<timestamp>3678.817990</timestamp>
			</report>
			<report>
				<misses>12276001</misses>
				<total>26</total>
				<timestamp>3679.117688</timestamp>
			</report>
			<report>
				<misses>12277001</misses>
				<total>26</total>
				<timestamp>3679.417399</timestamp>
			</report>
			<report>
				<misses>12278001</misses>
				<total>26</total>
				<timestamp>3679.717075</timestamp>
			</report>
			<report>
				<misses>12279001</misses>
				<total>26</total>
				<timestamp>3680.016769</timestamp>
			</report>
			<report>
				<misses>12280001</misses>
				<total>26</total>
				<timestamp>3680.316527</timestamp>
			</report>
			<report>
				<misses>12281001</misses>
				<total>26</total>
				<timestamp>3680.616173</timestamp>
			</report>
			<report>
				<misses>12282001</misses>
				<total>25</total>
				<timestamp>3680.915984</timestamp>
			</report>
			<report>
				<misses>12283001</misses>
				<total>26</total>
				<timestamp>3681.215594</timestamp>
			</report>
			<report>
				<misses>12284001</misses>
				<total>26</total>
				<timestamp>3681.515311</timestamp>
			</report>
			<report>
				<misses>12285001</misses>
				<total>26</total>
				<timestamp>3681.814977</timestamp>
			</report>
			<report>
				<misses>12286001</misses>
				<total>26</total>
				<timestamp>3682.114705</timestamp>
			</report>
			<report>
				<misses>12287001</misses>
				<total>26</total>
				<timestamp>3682.414372</timestamp>
			</report>
			<report>
				<misses>12288001</misses>
				<total>26</total>
				<timestamp>3682.714076</timestamp>
			</report>
			<report>
				<misses>12289001</misses>
				<total>26</total>
				<timestamp>3683.013825</timestamp>
			</report>
			<report>
				<misses>12290001</misses>
				<total>26</total>
				<timestamp>3683.313501</timestamp>
			</report>
			<report>
				<misses>12291001</misses>
				<total>26</total>
				<timestamp>3683.613164</timestamp>
			</report>
			<report>
				<misses>12292001</misses>
				<total>26</total>
				<timestamp>3683.912881</timestamp>
			</report>
			<report>
				<misses>12293001</misses>
				<total>26</total>
				<timestamp>3684.212591</timestamp>
			</report>
			<report>
				<misses>12294001</misses>
				<total>26</total>
				<timestamp>3684.512269</timestamp>
			</report>
			<report>
				<misses>12295001</misses>
				<total>26</total>
				<timestamp>3684.812092</timestamp>
			</report>
			<report>
				<misses>12296001</misses>
				<total>26</total>
				<timestamp>3685.111679</timestamp>
			</report>
			<report>
				<misses>12297001</misses>
				<total>26</total>
				<timestamp>3685.411383</timestamp>
			</report>
			<report>
				<misses>12298001</misses>
				<total>26</total>
				<timestamp>3685.711063</timestamp>
			</report>
			<report>
				<misses>12299001</misses>
				<total>26</total>
				<timestamp>3686.010776</timestamp>
			</report>
			<report>
				<misses>12300001</misses>
				<total>26</total>
				<timestamp>3686.310502</timestamp>
			</report>
			<report>
				<misses>12301001</misses>
				<total>26</total>
				<timestamp>3686.610176</timestamp>
			</report>
			<report>
				<misses>12302001</misses>
				<total>26</total>
				<timestamp>3686.909862</timestamp>
			</report>
			<report>
				<misses>12303001</misses>
				<total>26</total>
				<timestamp>3687.209623</timestamp>
			</report>
			<report>
				<misses>12304001</misses>
				<total>26</total>
				<timestamp>3687.509345</timestamp>
			</report>
			<report>
				<misses>12305001</misses>
				<total>26</total>
				<timestamp>3687.809074</timestamp>
			</report>
			<report>
				<misses>12306001</misses>
				<total>25</total>
				<timestamp>3688.108766</timestamp>
			</report>
			<report>
				<misses>12307001</misses>
				<total>26</total>
				<timestamp>3688.408377</timestamp>
			</report>
			<report>
				<misses>12308001</misses>
				<total>26</total>
				<timestamp>3688.708069</timestamp>
			</report>
			<report>
				<misses>12309001</misses>
				<total>26</total>
				<timestamp>3689.007783</timestamp>
			</report>
			<report>
				<misses>12310001</misses>
				<total>26</total>
				<timestamp>3689.307463</timestamp>
			</report>
			<report>
				<misses>12311001</misses>
				<total>26</total>
				<timestamp>3689.607185</timestamp>
			</report>
			<report>
				<misses>12312001</misses>
				<total>26</total>
				<timestamp>3689.906886</timestamp>
			</report>
			<report>
				<misses>12313001</misses>
				<total>26</total>
				<timestamp>3690.206569</timestamp>
			</report>
			<report>
				<misses>12314001</misses>
				<total>26</total>
				<timestamp>3690.506290</timestamp>
			</report>
			<report>
				<misses>12315001</misses>
				<total>26</total>
				<timestamp>3690.805995</timestamp>
			</report>
			<report>
				<misses>12316001</misses>
				<total>26</total>
				<timestamp>3691.105676</timestamp>
			</report>
			<report>
				<misses>12317001</misses>
				<total>26</total>
				<timestamp>3691.405379</timestamp>
			</report>
			<report>
				<misses>12318001</misses>
				<total>26</total>
				<timestamp>3691.705074</timestamp>
			</report>
			<report>
				<misses>12319001</misses>
				<total>26</total>
				<timestamp>3692.004771</timestamp>
			</report>
			<report>
				<misses>12320001</misses>
				<total>26</total>
				<timestamp>3692.304475</timestamp>
			</report>
			<report>
				<misses>12321001</misses>
				<total>26</total>
				<timestamp>3692.604185</timestamp>
			</report>
			<report>
				<misses>12322001</misses>
				<total>26</total>
				<timestamp>3692.903920</timestamp>
			</report>
			<report>
				<misses>12323001</misses>
				<total>26</total>
				<timestamp>3693.203604</timestamp>
			</report>
			<report>
				<misses>12324001</misses>
				<total>26</total>
				<timestamp>3693.503276</timestamp>
			</report>
			<report>
				<misses>12325001</misses>
				<total>26</total>
				<timestamp>3693.802986</timestamp>
			</report>
			<report>
				<misses>12326001</misses>
				<total>26</total>
				<timestamp>3694.102741</timestamp>
			</report>
			<report>
				<misses>12327001</misses>
				<total>26</total>
				<timestamp>3694.402376</timestamp>
			</report>
			<report>
				<misses>12328001</misses>
				<total>26</total>
				<timestamp>3694.702079</timestamp>
			</report>
			<report>
				<misses>12329001</misses>
				<total>26</total>
				<timestamp>3695.001773</timestamp>
			</report>
			<report>
				<misses>12330001</misses>
				<total>26</total>
				<timestamp>3695.301473</timestamp>
			</report>
			<report>
				<misses>12331001</misses>
				<total>26</total>
				<timestamp>3695.601168</timestamp>
			</report>
			<report>
				<misses>12332001</misses>
				<total>26</total>
				<timestamp>3695.900874</timestamp>
			</report>
			<report>
				<misses>12333001</misses>
				<total>26</total>
				<timestamp>3696.200573</timestamp>
			</report>
			<report>
				<misses>12334001</misses>
				<total>26</total>
				<timestamp>3696.500291</timestamp>
			</report>
			<report>
				<misses>12335001</misses>
				<total>26</total>
				<timestamp>3696.800043</timestamp>
			</report>
			<report>
				<misses>12336001</misses>
				<total>26</total>
				<timestamp>3697.099663</timestamp>
			</report>
			<report>
				<misses>12337001</misses>
				<total>26</total>
				<timestamp>3697.399406</timestamp>
			</report>
			<report>
				<misses>12338001</misses>
				<total>26</total>
				<timestamp>3697.699147</timestamp>
			</report>
			<report>
				<misses>12339001</misses>
				<total>26</total>
				<timestamp>3697.998771</timestamp>
			</report>
			<report>
				<misses>12340001</misses>
				<total>26</total>
				<timestamp>3698.298485</timestamp>
			</report>
			<report>
				<misses>12341001</misses>
				<total>26</total>
				<timestamp>3698.598168</timestamp>
			</report>
			<report>
				<misses>12342001</misses>
				<total>26</total>
				<timestamp>3698.897870</timestamp>
			</report>
			<report>
				<misses>12343001</misses>
				<total>26</total>
				<timestamp>3699.197572</timestamp>
			</report>
			<report>
				<misses>12344001</misses>
				<total>26</total>
				<timestamp>3699.497273</timestamp>
			</report>
			<report>
				<misses>12345001</misses>
				<total>26</total>
				<timestamp>3699.796991</timestamp>
			</report>
			<report>
				<misses>12346001</misses>
				<total>26</total>
				<timestamp>3700.096719</timestamp>
			</report>
			<report>
				<misses>12347001</misses>
				<total>26</total>
				<timestamp>3700.396447</timestamp>
			</report>
			<report>
				<misses>12348001</misses>
				<total>26</total>
				<timestamp>3700.696144</timestamp>
			</report>
			<report>
				<misses>12349001</misses>
				<total>26</total>
				<timestamp>3700.995797</timestamp>
			</report>
			<report>
				<misses>12350001</misses>
				<total>26</total>
				<timestamp>3701.295509</timestamp>
			</report>
			<report>
				<misses>12351001</misses>
				<total>26</total>
				<timestamp>3701.595169</timestamp>
			</report>
			<report>
				<misses>12352001</misses>
				<total>26</total>
				<timestamp>3701.894899</timestamp>
			</report>
			<report>
				<misses>12353001</misses>
				<total>25</total>
				<timestamp>3702.194675</timestamp>
			</report>
			<report>
				<misses>12354001</misses>
				<total>26</total>
				<timestamp>3702.494295</timestamp>
			</report>
			<report>
				<misses>12355001</misses>
				<total>26</total>
				<timestamp>3702.794030</timestamp>
			</report>
			<report>
				<misses>12356001</misses>
				<total>26</total>
				<timestamp>3703.093726</timestamp>
			</report>
			<report>
				<misses>12357001</misses>
				<total>26</total>
				<timestamp>3703.393456</timestamp>
			</report>
			<report>
				<misses>12358001</misses>
				<total>26</total>
				<timestamp>3703.693089</timestamp>
			</report>
			<report>
				<misses>12359001</misses>
				<total>26</total>
				<timestamp>3703.992764</timestamp>
			</report>
			<report>
				<misses>12360001</misses>
				<total>26</total>
				<timestamp>3704.292516</timestamp>
			</report>
			<report>
				<misses>12361001</misses>
				<total>26</total>
				<timestamp>3704.592229</timestamp>
			</report>
			<report>
				<misses>12362001</misses>
				<total>26</total>
				<timestamp>3704.891861</timestamp>
			</report>
			<report>
				<misses>12363001</misses>
				<total>26</total>
				<timestamp>3705.191642</timestamp>
			</report>
			<report>
				<misses>12364001</misses>
				<total>26</total>
				<timestamp>3705.491314</timestamp>
			</report>
			<report>
				<misses>12365001</misses>
				<total>26</total>
				<timestamp>3705.791027</timestamp>
			</report>
			<report>
				<misses>12366001</misses>
				<total>26</total>
				<timestamp>3706.090685</timestamp>
			</report>
			<report>
				<misses>12367001</misses>
				<total>26</total>
				<timestamp>3706.390390</timestamp>
			</report>
			<report>
				<misses>12368001</misses>
				<total>26</total>
				<timestamp>3706.690091</timestamp>
			</report>
			<report>
				<misses>12369001</misses>
				<total>26</total>
				<timestamp>3706.989783</timestamp>
			</report>
			<report>
				<misses>12370001</misses>
				<total>26</total>
				<timestamp>3707.289494</timestamp>
			</report>
			<report>
				<misses>12371001</misses>
				<total>26</total>
				<timestamp>3707.589172</timestamp>
			</report>
			<report>
				<misses>12372001</misses>
				<total>26</total>
				<timestamp>3707.888922</timestamp>
			</report>
			<report>
				<misses>12373001</misses>
				<total>26</total>
				<timestamp>3708.188627</timestamp>
			</report>
			<report>
				<misses>12374001</misses>
				<total>26</total>
				<timestamp>3708.488273</timestamp>
			</report>
			<report>
				<misses>12375001</misses>
				<total>26</total>
				<timestamp>3708.788004</timestamp>
			</report>
			<report>
				<misses>12376001</misses>
				<total>26</total>
				<timestamp>3709.087681</timestamp>
			</report>
			<report>
				<misses>12377001</misses>
				<total>26</total>
				<timestamp>3709.387389</timestamp>
			</report>
			<report>
				<misses>12378001</misses>
				<total>26</total>
				<timestamp>3709.687117</timestamp>
			</report>
			<report>
				<misses>12379001</misses>
				<total>26</total>
				<timestamp>3709.986782</timestamp>
			</report>
			<report>
				<misses>12380001</misses>
				<total>26</total>
				<timestamp>3710.286470</timestamp>
			</report>
			<report>
				<misses>12381001</misses>
				<total>26</total>
				<timestamp>3710.586187</timestamp>
			</report>
			<report>
				<misses>12382001</misses>
				<total>26</total>
				<timestamp>3710.885880</timestamp>
			</report>
			<report>
				<misses>12383001</misses>
				<total>26</total>
				<timestamp>3711.185617</timestamp>
			</report>
			<report>
				<misses>12384001</misses>
				<total>26</total>
				<timestamp>3711.485357</timestamp>
			</report>
			<report>
				<misses>12385001</misses>
				<total>26</total>
				<timestamp>3711.784991</timestamp>
			</report>
			<report>
				<misses>12386001</misses>
				<total>26</total>
				<timestamp>3712.084718</timestamp>
			</report>
			<report>
				<misses>12387001</misses>
				<total>26</total>
				<timestamp>3712.384387</timestamp>
			</report>
			<report>
				<misses>12388001</misses>
				<total>26</total>
				<timestamp>3712.684069</timestamp>
			</report>
			<report>
				<misses>12389001</misses>
				<total>26</total>
				<timestamp>3712.983819</timestamp>
			</report>
			<report>
				<misses>12390001</misses>
				<total>26</total>
				<timestamp>3713.283475</timestamp>
			</report>
			<report>
				<misses>12391001</misses>
				<total>26</total>
				<timestamp>3713.583164</timestamp>
			</report>
			<report>
				<misses>12392001</misses>
				<total>26</total>
				<timestamp>3713.882911</timestamp>
			</report>
			<report>
				<misses>12393001</misses>
				<total>26</total>
				<timestamp>3714.182570</timestamp>
			</report>
			<report>
				<misses>12394001</misses>
				<total>26</total>
				<timestamp>3714.482326</timestamp>
			</report>
			<report>
				<misses>12395001</misses>
				<total>26</total>
				<timestamp>3714.782063</timestamp>
			</report>
			<report>
				<misses>12396001</misses>
				<total>26</total>
				<timestamp>3715.081690</timestamp>
			</report>
			<report>
				<misses>12397001</misses>
				<total>26</total>
				<timestamp>3715.381403</timestamp>
			</report>
			<report>
				<misses>12398001</misses>
				<total>26</total>
				<timestamp>3715.681080</timestamp>
			</report>
			<report>
				<misses>12399001</misses>
				<total>26</total>
				<timestamp>3715.980779</timestamp>
			</report>
			<report>
				<misses>12400001</misses>
				<total>26</total>
				<timestamp>3716.280468</timestamp>
			</report>
			<report>
				<misses>12401001</misses>
				<total>26</total>
				<timestamp>3716.580187</timestamp>
			</report>
			<report>
				<misses>12402001</misses>
				<total>26</total>
				<timestamp>3716.879925</timestamp>
			</report>
			<report>
				<misses>12403001</misses>
				<total>26</total>
				<timestamp>3717.179639</timestamp>
			</report>
			<report>
				<misses>12404001</misses>
				<total>26</total>
				<timestamp>3717.479301</timestamp>
			</report>
			<report>
				<misses>12405001</misses>
				<total>26</total>
				<timestamp>3717.778986</timestamp>
			</report>
			<report>
				<misses>12406001</misses>
				<total>26</total>
				<timestamp>3718.078666</timestamp>
			</report>
			<report>
				<misses>12407001</misses>
				<total>26</total>
				<timestamp>3718.378393</timestamp>
			</report>
			<report>
				<misses>12408001</misses>
				<total>26</total>
				<timestamp>3718.678116</timestamp>
			</report>
			<report>
				<misses>12409001</misses>
				<total>26</total>
				<timestamp>3718.977829</timestamp>
			</report>
			<report>
				<misses>12410001</misses>
				<total>26</total>
				<timestamp>3719.277531</timestamp>
			</report>
			<report>
				<misses>12411001</misses>
				<total>26</total>
				<timestamp>3719.577186</timestamp>
			</report>
			<report>
				<misses>12412001</misses>
				<total>26</total>
				<timestamp>3719.876884</timestamp>
			</report>
			<report>
				<misses>12413001</misses>
				<total>26</total>
				<timestamp>3720.176582</timestamp>
			</report>
			<report>
				<misses>12414001</misses>
				<total>26</total>
				<timestamp>3720.476270</timestamp>
			</report>
			<report>
				<misses>12415001</misses>
				<total>26</total>
				<timestamp>3720.775982</timestamp>
			</report>
			<report>
				<misses>12416001</misses>
				<total>26</total>
				<timestamp>3721.075704</timestamp>
			</report>
			<report>
				<misses>12417001</misses>
				<total>26</total>
				<timestamp>3721.375391</timestamp>
			</report>
			<report>
				<misses>12418001</misses>
				<total>26</total>
				<timestamp>3721.675065</timestamp>
			</report>
			<report>
				<misses>12419001</misses>
				<total>26</total>
				<timestamp>3721.974802</timestamp>
			</report>
			<report>
				<misses>12420001</misses>
				<total>26</total>
				<timestamp>3722.274508</timestamp>
			</report>
			<report>
				<misses>12421001</misses>
				<total>26</total>
				<timestamp>3722.574200</timestamp>
			</report>
			<report>
				<misses>12422001</misses>
				<total>26</total>
				<timestamp>3722.873874</timestamp>
			</report>
			<report>
				<misses>12423001</misses>
				<total>26</total>
				<timestamp>3723.173631</timestamp>
			</report>
			<report>
				<misses>12424001</misses>
				<total>25</total>
				<timestamp>3723.473398</timestamp>
			</report>
			<report>
				<misses>12425001</misses>
				<total>26</total>
				<timestamp>3723.772989</timestamp>
			</report>
			<report>
				<misses>12426001</misses>
				<total>26</total>
				<timestamp>3724.072674</timestamp>
			</report>
			<report>
				<misses>12427001</misses>
				<total>26</total>
				<timestamp>3724.372378</timestamp>
			</report>
			<report>
				<misses>12428001</misses>
				<total>26</total>
				<timestamp>3724.672061</timestamp>
			</report>
			<report>
				<misses>12429001</misses>
				<total>26</total>
				<timestamp>3724.971782</timestamp>
			</report>
			<report>
				<misses>12430001</misses>
				<total>26</total>
				<timestamp>3725.271472</timestamp>
			</report>
			<report>
				<misses>12431001</misses>
				<total>26</total>
				<timestamp>3725.571188</timestamp>
			</report>
			<report>
				<misses>12432001</misses>
				<total>26</total>
				<timestamp>3725.870886</timestamp>
			</report>
			<report>
				<misses>12433001</misses>
				<total>26</total>
				<timestamp>3726.170577</timestamp>
			</report>
			<report>
				<misses>12434001</misses>
				<total>26</total>
				<timestamp>3726.470275</timestamp>
			</report>
			<report>
				<misses>12435001</misses>
				<total>26</total>
				<timestamp>3726.770066</timestamp>
			</report>
			<report>
				<misses>12436001</misses>
				<total>26</total>
				<timestamp>3727.069677</timestamp>
			</report>
			<report>
				<misses>12437001</misses>
				<total>26</total>
				<timestamp>3727.369374</timestamp>
			</report>
			<report>
				<misses>12438001</misses>
				<total>26</total>
				<timestamp>3727.669070</timestamp>
			</report>
			<report>
				<misses>12439001</misses>
				<total>26</total>
				<timestamp>3727.968765</timestamp>
			</report>
			<report>
				<misses>12440001</misses>
				<total>26</total>
				<timestamp>3728.268505</timestamp>
			</report>
			<report>
				<misses>12441001</misses>
				<total>26</total>
				<timestamp>3728.568255</timestamp>
			</report>
			<report>
				<misses>12442001</misses>
				<total>26</total>
				<timestamp>3728.867869</timestamp>
			</report>
			<report>
				<misses>12443001</misses>
				<total>26</total>
				<timestamp>3729.167582</timestamp>
			</report>
			<report>
				<misses>12444001</misses>
				<total>26</total>
				<timestamp>3729.467316</timestamp>
			</report>
			<report>
				<misses>12445001</misses>
				<total>26</total>
				<timestamp>3729.766987</timestamp>
			</report>
			<report>
				<misses>12446001</misses>
				<total>26</total>
				<timestamp>3730.066673</timestamp>
			</report>
			<report>
				<misses>12447001</misses>
				<total>26</total>
				<timestamp>3730.366379</timestamp>
			</report>
			<report>
				<misses>12448001</misses>
				<total>26</total>
				<timestamp>3730.666102</timestamp>
			</report>
			<report>
				<misses>12449001</misses>
				<total>26</total>
				<timestamp>3730.965783</timestamp>
			</report>
			<report>
				<misses>12450001</misses>
				<total>26</total>
				<timestamp>3731.265487</timestamp>
			</report>
			<report>
				<misses>12451001</misses>
				<total>27</total>
				<timestamp>3731.565209</timestamp>
			</report>
			<report>
				<misses>12452001</misses>
				<total>27</total>
				<timestamp>3731.864865</timestamp>
			</report>
			<report>
				<misses>12453001</misses>
				<total>27</total>
				<timestamp>3732.164620</timestamp>
			</report>
			<report>
				<misses>12454001</misses>
				<total>27</total>
				<timestamp>3732.464348</timestamp>
			</report>
			<report>
				<misses>12455001</misses>
				<total>27</total>
				<timestamp>3732.763992</timestamp>
			</report>
			<report>
				<misses>12456001</misses>
				<total>27</total>
				<timestamp>3733.063675</timestamp>
			</report>
			<report>
				<misses>12457001</misses>
				<total>27</total>
				<timestamp>3733.363371</timestamp>
			</report>
			<report>
				<misses>12458001</misses>
				<total>27</total>
				<timestamp>3733.663077</timestamp>
			</report>
			<report>
				<misses>12459001</misses>
				<total>27</total>
				<timestamp>3733.962765</timestamp>
			</report>
			<report>
				<misses>12460001</misses>
				<total>27</total>
				<timestamp>3734.262556</timestamp>
			</report>
			<report>
				<misses>12461001</misses>
				<total>27</total>
				<timestamp>3734.562173</timestamp>
			</report>
			<report>
				<misses>12462001</misses>
				<total>27</total>
				<timestamp>3734.861937</timestamp>
			</report>
			<report>
				<misses>12463001</misses>
				<total>27</total>
				<timestamp>3735.161585</timestamp>
			</report>
			<report>
				<misses>12464001</misses>
				<total>27</total>
				<timestamp>3735.461289</timestamp>
			</report>
			<report>
				<misses>12465001</misses>
				<total>27</total>
				<timestamp>3735.761001</timestamp>
			</report>
			<report>
				<misses>12466001</misses>
				<total>27</total>
				<timestamp>3736.060677</timestamp>
			</report>
			<report>
				<misses>12467001</misses>
				<total>27</total>
				<timestamp>3736.360389</timestamp>
			</report>
			<report>
				<misses>12468001</misses>
				<total>27</total>
				<timestamp>3736.660095</timestamp>
			</report>
			<report>
				<misses>12469001</misses>
				<total>27</total>
				<timestamp>3736.959854</timestamp>
			</report>
			<report>
				<misses>12470001</misses>
				<total>27</total>
				<timestamp>3737.259478</timestamp>
			</report>
			<report>
				<misses>12471001</misses>
				<total>27</total>
				<timestamp>3737.559251</timestamp>
			</report>
			<report>
				<misses>12472001</misses>
				<total>27</total>
				<timestamp>3737.858882</timestamp>
			</report>
			<report>
				<misses>12473001</misses>
				<total>27</total>
				<timestamp>3738.158576</timestamp>
			</report>
			<report>
				<misses>12474001</misses>
				<total>27</total>
				<timestamp>3738.458304</timestamp>
			</report>
			<report>
				<misses>12475001</misses>
				<total>27</total>
				<timestamp>3738.757972</timestamp>
			</report>
			<report>
				<misses>12476001</misses>
				<total>27</total>
				<timestamp>3739.057695</timestamp>
			</report>
			<report>
				<misses>12477001</misses>
				<total>27</total>
				<timestamp>3739.357370</timestamp>
			</report>
			<report>
				<misses>12478001</misses>
				<total>27</total>
				<timestamp>3739.657071</timestamp>
			</report>
			<report>
				<misses>12479001</misses>
				<total>27</total>
				<timestamp>3739.956776</timestamp>
			</report>
			<report>
				<misses>12480001</misses>
				<total>27</total>
				<timestamp>3740.256530</timestamp>
			</report>
			<report>
				<misses>12481001</misses>
				<total>26</total>
				<timestamp>3740.556291</timestamp>
			</report>
			<report>
				<misses>12482001</misses>
				<total>27</total>
				<timestamp>3740.855928</timestamp>
			</report>
			<report>
				<misses>12483001</misses>
				<total>27</total>
				<timestamp>3741.155582</timestamp>
			</report>
			<report>
				<misses>12484001</misses>
				<total>27</total>
				<timestamp>3741.455279</timestamp>
			</report>
			<report>
				<misses>12485001</misses>
				<total>27</total>
				<timestamp>3741.754990</timestamp>
			</report>
			<report>
				<misses>12486001</misses>
				<total>27</total>
				<timestamp>3742.054683</timestamp>
			</report>
			<report>
				<misses>12487001</misses>
				<total>27</total>
				<timestamp>3742.354378</timestamp>
			</report>
			<report>
				<misses>12488001</misses>
				<total>27</total>
				<timestamp>3742.654080</timestamp>
			</report>
			<report>
				<misses>12489001</misses>
				<total>27</total>
				<timestamp>3742.953768</timestamp>
			</report>
			<report>
				<misses>12490001</misses>
				<total>27</total>
				<timestamp>3743.253481</timestamp>
			</report>
			<report>
				<misses>12491001</misses>
				<total>27</total>
				<timestamp>3743.553180</timestamp>
			</report>
			<report>
				<misses>12492001</misses>
				<total>27</total>
				<timestamp>3743.852864</timestamp>
			</report>
			<report>
				<misses>12493001</misses>
				<total>27</total>
				<timestamp>3744.152579</timestamp>
			</report>
			<report>
				<misses>12494001</misses>
				<total>27</total>
				<timestamp>3744.452268</timestamp>
			</report>
			<report>
				<misses>12495001</misses>
				<total>27</total>
				<timestamp>3744.752022</timestamp>
			</report>
			<report>
				<misses>12496001</misses>
				<total>27</total>
				<timestamp>3745.051672</timestamp>
			</report>
			<report>
				<misses>12497001</misses>
				<total>27</total>
				<timestamp>3745.351457</timestamp>
			</report>
			<report>
				<misses>12498001</misses>
				<total>27</total>
				<timestamp>3745.651146</timestamp>
			</report>
			<report>
				<misses>12499001</misses>
				<total>27</total>
				<timestamp>3745.950806</timestamp>
			</report>
			<report>
				<misses>12500001</misses>
				<total>27</total>
				<timestamp>3746.250478</timestamp>
			</report>
			<report>
				<misses>12501001</misses>
				<total>27</total>
				<timestamp>3746.550213</timestamp>
			</report>
			<report>
				<misses>12502001</misses>
				<total>27</total>
				<timestamp>3746.849932</timestamp>
			</report>
			<report>
				<misses>12503001</misses>
				<total>27</total>
				<timestamp>3747.149568</timestamp>
			</report>
			<report>
				<misses>12504001</misses>
				<total>27</total>
				<timestamp>3747.449316</timestamp>
			</report>
			<report>
				<misses>12505001</misses>
				<total>27</total>
				<timestamp>3747.748982</timestamp>
			</report>
			<report>
				<misses>12506001</misses>
				<total>27</total>
				<timestamp>3748.048694</timestamp>
			</report>
			<report>
				<misses>12507001</misses>
				<total>27</total>
				<timestamp>3748.348455</timestamp>
			</report>
			<report>
				<misses>12508001</misses>
				<total>27</total>
				<timestamp>3748.648125</timestamp>
			</report>
			<report>
				<misses>12509001</misses>
				<total>27</total>
				<timestamp>3748.947771</timestamp>
			</report>
			<report>
				<misses>12510001</misses>
				<total>27</total>
				<timestamp>3749.247468</timestamp>
			</report>
			<report>
				<misses>12511001</misses>
				<total>27</total>
				<timestamp>3749.547189</timestamp>
			</report>
			<report>
				<misses>12512001</misses>
				<total>27</total>
				<timestamp>3749.846875</timestamp>
			</report>
			<report>
				<misses>12513001</misses>
				<total>27</total>
				<timestamp>3750.146583</timestamp>
			</report>
			<report>
				<misses>12514001</misses>
				<total>27</total>
				<timestamp>3750.446299</timestamp>
			</report>
			<report>
				<misses>12515001</misses>
				<total>27</total>
				<timestamp>3750.746045</timestamp>
			</report>
			<report>
				<misses>12516001</misses>
				<total>27</total>
				<timestamp>3751.045697</timestamp>
			</report>
			<report>
				<misses>12517001</misses>
				<total>27</total>
				<timestamp>3751.345427</timestamp>
			</report>
			<report>
				<misses>12518001</misses>
				<total>27</total>
				<timestamp>3751.645111</timestamp>
			</report>
			<report>
				<misses>12519001</misses>
				<total>27</total>
				<timestamp>3751.944841</timestamp>
			</report>
			<report>
				<misses>12520001</misses>
				<total>26</total>
				<timestamp>3752.244603</timestamp>
			</report>
			<report>
				<misses>12521001</misses>
				<total>27</total>
				<timestamp>3752.544215</timestamp>
			</report>
			<report>
				<misses>12522001</misses>
				<total>27</total>
				<timestamp>3752.843869</timestamp>
			</report>
			<report>
				<misses>12523001</misses>
				<total>27</total>
				<timestamp>3753.143570</timestamp>
			</report>
			<report>
				<misses>12524001</misses>
				<total>27</total>
				<timestamp>3753.443267</timestamp>
			</report>
			<report>
				<misses>12525001</misses>
				<total>27</total>
				<timestamp>3753.743009</timestamp>
			</report>
			<report>
				<misses>12526001</misses>
				<total>27</total>
				<timestamp>3754.042671</timestamp>
			</report>
			<report>
				<misses>12527001</misses>
				<total>26</total>
				<timestamp>3754.342484</timestamp>
			</report>
			<report>
				<misses>12528001</misses>
				<total>27</total>
				<timestamp>3754.642132</timestamp>
			</report>
			<report>
				<misses>12529001</misses>
				<total>27</total>
				<timestamp>3754.941779</timestamp>
			</report>
			<report>
				<misses>12530001</misses>
				<total>27</total>
				<timestamp>3755.241487</timestamp>
			</report>
			<report>
				<misses>12531001</misses>
				<total>27</total>
				<timestamp>3755.541198</timestamp>
			</report>
			<report>
				<misses>12532001</misses>
				<total>27</total>
				<timestamp>3755.840868</timestamp>
			</report>
			<report>
				<misses>12533001</misses>
				<total>27</total>
				<timestamp>3756.140564</timestamp>
			</report>
			<report>
				<misses>12534001</misses>
				<total>27</total>
				<timestamp>3756.440322</timestamp>
			</report>
			<report>
				<misses>12535001</misses>
				<total>27</total>
				<timestamp>3756.740022</timestamp>
			</report>
			<report>
				<misses>12536001</misses>
				<total>27</total>
				<timestamp>3757.039679</timestamp>
			</report>
			<report>
				<misses>12537001</misses>
				<total>27</total>
				<timestamp>3757.339365</timestamp>
			</report>
			<report>
				<misses>12538001</misses>
				<total>27</total>
				<timestamp>3757.639071</timestamp>
			</report>
			<report>
				<misses>12539001</misses>
				<total>27</total>
				<timestamp>3757.938799</timestamp>
			</report>
			<report>
				<misses>12540001</misses>
				<total>27</total>
				<timestamp>3758.238462</timestamp>
			</report>
			<report>
				<misses>12541001</misses>
				<total>27</total>
				<timestamp>3758.538188</timestamp>
			</report>
			<report>
				<misses>12542001</misses>
				<total>27</total>
				<timestamp>3758.837949</timestamp>
			</report>
			<report>
				<misses>12543001</misses>
				<total>27</total>
				<timestamp>3759.137631</timestamp>
			</report>
			<report>
				<misses>12544001</misses>
				<total>26</total>
				<timestamp>3759.437392</timestamp>
			</report>
			<report>
				<misses>12545001</misses>
				<total>27</total>
				<timestamp>3759.737015</timestamp>
			</report>
			<report>
				<misses>12546001</misses>
				<total>27</total>
				<timestamp>3760.036667</timestamp>
			</report>
			<report>
				<misses>12547001</misses>
				<total>27</total>
				<timestamp>3760.336365</timestamp>
			</report>
			<report>
				<misses>12548001</misses>
				<total>27</total>
				<timestamp>3760.636137</timestamp>
			</report>
			<report>
				<misses>12549001</misses>
				<total>27</total>
				<timestamp>3760.935789</timestamp>
			</report>
			<report>
				<misses>12550001</misses>
				<total>26</total>
				<timestamp>3761.235568</timestamp>
			</report>
			<report>
				<misses>12551001</misses>
				<total>27</total>
				<timestamp>3761.535188</timestamp>
			</report>
			<report>
				<misses>12552001</misses>
				<total>27</total>
				<timestamp>3761.834901</timestamp>
			</report>
			<report>
				<misses>12553001</misses>
				<total>27</total>
				<timestamp>3762.134560</timestamp>
			</report>
			<report>
				<misses>12554001</misses>
				<total>27</total>
				<timestamp>3762.434347</timestamp>
			</report>
			<report>
				<misses>12555001</misses>
				<total>27</total>
				<timestamp>3762.734073</timestamp>
			</report>
			<report>
				<misses>12556001</misses>
				<total>27</total>
				<timestamp>3763.033665</timestamp>
			</report>
			<report>
				<misses>12557001</misses>
				<total>27</total>
				<timestamp>3763.333373</timestamp>
			</report>
			<report>
				<misses>12558001</misses>
				<total>27</total>
				<timestamp>3763.633062</timestamp>
			</report>
			<report>
				<misses>12559001</misses>
				<total>27</total>
				<timestamp>3763.932775</timestamp>
			</report>
			<report>
				<misses>12560001</misses>
				<total>27</total>
				<timestamp>3764.232504</timestamp>
			</report>
			<report>
				<misses>12561001</misses>
				<total>27</total>
				<timestamp>3764.532214</timestamp>
			</report>
			<report>
				<misses>12562001</misses>
				<total>27</total>
				<timestamp>3764.831884</timestamp>
			</report>
			<report>
				<misses>12563001</misses>
				<total>27</total>
				<timestamp>3765.131577</timestamp>
			</report>
			<report>
				<misses>12564001</misses>
				<total>27</total>
				<timestamp>3765.431275</timestamp>
			</report>
			<report>
				<misses>12565001</misses>
				<total>27</total>
				<timestamp>3765.731036</timestamp>
			</report>
			<report>
				<misses>12566001</misses>
				<total>27</total>
				<timestamp>3766.030668</timestamp>
			</report>
			<report>
				<misses>12567001</misses>
				<total>27</total>
				<timestamp>3766.330430</timestamp>
			</report>
			<report>
				<misses>12568001</misses>
				<total>27</total>
				<timestamp>3766.630091</timestamp>
			</report>
			<report>
				<misses>12569001</misses>
				<total>27</total>
				<timestamp>3766.929775</timestamp>
			</report>
			<report>
				<misses>12570001</misses>
				<total>27</total>
				<timestamp>3767.229534</timestamp>
			</report>
			<report>
				<misses>12571001</misses>
				<total>27</total>
				<timestamp>3767.529168</timestamp>
			</report>
			<report>
				<misses>12572001</misses>
				<total>27</total>
				<timestamp>3767.828871</timestamp>
			</report>
			<report>
				<misses>12573001</misses>
				<total>27</total>
				<timestamp>3768.128560</timestamp>
			</report>
			<report>
				<misses>12574001</misses>
				<total>27</total>
				<timestamp>3768.428269</timestamp>
			</report>
			<report>
				<misses>12575001</misses>
				<total>27</total>
				<timestamp>3768.727993</timestamp>
			</report>
			<report>
				<misses>12576001</misses>
				<total>27</total>
				<timestamp>3769.027683</timestamp>
			</report>
			<report>
				<misses>12577001</misses>
				<total>27</total>
				<timestamp>3769.327409</timestamp>
			</report>
			<report>
				<misses>12578001</misses>
				<total>27</total>
				<timestamp>3769.627087</timestamp>
			</report>
			<report>
				<misses>12579001</misses>
				<total>27</total>
				<timestamp>3769.926768</timestamp>
			</report>
			<report>
				<misses>12580001</misses>
				<total>27</total>
				<timestamp>3770.226481</timestamp>
			</report>
			<report>
				<misses>12581001</misses>
				<total>27</total>
				<timestamp>3770.526170</timestamp>
			</report>
			<report>
				<misses>12582001</misses>
				<total>27</total>
				<timestamp>3770.825899</timestamp>
			</report>
			<report>
				<misses>12583001</misses>
				<total>27</total>
				<timestamp>3771.125569</timestamp>
			</report>
			<report>
				<misses>12584001</misses>
				<total>27</total>
				<timestamp>3771.425334</timestamp>
			</report>
			<report>
				<misses>12585001</misses>
				<total>27</total>
				<timestamp>3771.725056</timestamp>
			</report>
			<report>
				<misses>12586001</misses>
				<total>27</total>
				<timestamp>3772.024666</timestamp>
			</report>
			<report>
				<misses>12587001</misses>
				<total>27</total>
				<timestamp>3772.324387</timestamp>
			</report>
			<report>
				<misses>12588001</misses>
				<total>27</total>
				<timestamp>3772.624128</timestamp>
			</report>
			<report>
				<misses>12589001</misses>
				<total>27</total>
				<timestamp>3772.923873</timestamp>
			</report>
			<report>
				<misses>12590001</misses>
				<total>27</total>
				<timestamp>3773.223484</timestamp>
			</report>
			<report>
				<misses>12591001</misses>
				<total>27</total>
				<timestamp>3773.523176</timestamp>
			</report>
			<report>
				<misses>12592001</misses>
				<total>27</total>
				<timestamp>3773.822893</timestamp>
			</report>
			<report>
				<misses>12593001</misses>
				<total>27</total>
				<timestamp>3774.122574</timestamp>
			</report>
			<report>
				<misses>12594001</misses>
				<total>27</total>
				<timestamp>3774.422264</timestamp>
			</report>
			<report>
				<misses>12595001</misses>
				<total>27</total>
				<timestamp>3774.722011</timestamp>
			</report>
			<report>
				<misses>12596001</misses>
				<total>27</total>
				<timestamp>3775.021671</timestamp>
			</report>
			<report>
				<misses>12597001</misses>
				<total>27</total>
				<timestamp>3775.321435</timestamp>
			</report>
			<report>
				<misses>12598001</misses>
				<total>27</total>
				<timestamp>3775.621073</timestamp>
			</report>
			<report>
				<misses>12599001</misses>
				<total>27</total>
				<timestamp>3775.920778</timestamp>
			</report>
			<report>
				<misses>12600001</misses>
				<total>27</total>
				<timestamp>3776.220467</timestamp>
			</report>
			<report>
				<misses>12601001</misses>
				<total>27</total>
				<timestamp>3776.520195</timestamp>
			</report>
			<report>
				<misses>12602001</misses>
				<total>27</total>
				<timestamp>3776.819945</timestamp>
			</report>
			<report>
				<misses>12603001</misses>
				<total>27</total>
				<timestamp>3777.119564</timestamp>
			</report>
			<report>
				<misses>12604001</misses>
				<total>27</total>
				<timestamp>3777.419322</timestamp>
			</report>
			<report>
				<misses>12605001</misses>
				<total>27</total>
				<timestamp>3777.719001</timestamp>
			</report>
			<report>
				<misses>12606001</misses>
				<total>27</total>
				<timestamp>3778.018674</timestamp>
			</report>
			<report>
				<misses>12607001</misses>
				<total>27</total>
				<timestamp>3778.318403</timestamp>
			</report>
			<report>
				<misses>12608001</misses>
				<total>27</total>
				<timestamp>3778.618078</timestamp>
			</report>
			<report>
				<misses>12609001</misses>
				<total>27</total>
				<timestamp>3778.917769</timestamp>
			</report>
			<report>
				<misses>12610001</misses>
				<total>27</total>
				<timestamp>3779.217494</timestamp>
			</report>
			<report>
				<misses>12611001</misses>
				<total>27</total>
				<timestamp>3779.517185</timestamp>
			</report>
			<report>
				<misses>12612001</misses>
				<total>27</total>
				<timestamp>3779.816893</timestamp>
			</report>
			<report>
				<misses>12613001</misses>
				<total>27</total>
				<timestamp>3780.116565</timestamp>
			</report>
			<report>
				<misses>12614001</misses>
				<total>27</total>
				<timestamp>3780.416267</timestamp>
			</report>
			<report>
				<misses>12615001</misses>
				<total>27</total>
				<timestamp>3780.716000</timestamp>
			</report>
			<report>
				<misses>12616001</misses>
				<total>27</total>
				<timestamp>3781.015676</timestamp>
			</report>
			<report>
				<misses>12617001</misses>
				<total>27</total>
				<timestamp>3781.315468</timestamp>
			</report>
			<report>
				<misses>12618001</misses>
				<total>27</total>
				<timestamp>3781.615081</timestamp>
			</report>
			<report>
				<misses>12619001</misses>
				<total>27</total>
				<timestamp>3781.914786</timestamp>
			</report>
			<report>
				<misses>12620001</misses>
				<total>27</total>
				<timestamp>3782.214472</timestamp>
			</report>
			<report>
				<misses>12621001</misses>
				<total>27</total>
				<timestamp>3782.514172</timestamp>
			</report>
			<report>
				<misses>12622001</misses>
				<total>27</total>
				<timestamp>3782.813892</timestamp>
			</report>
			<report>
				<misses>12623001</misses>
				<total>27</total>
				<timestamp>3783.113577</timestamp>
			</report>
			<report>
				<misses>12624001</misses>
				<total>27</total>
				<timestamp>3783.413274</timestamp>
			</report>
			<report>
				<misses>12625001</misses>
				<total>27</total>
				<timestamp>3783.712993</timestamp>
			</report>
			<report>
				<misses>12626001</misses>
				<total>27</total>
				<timestamp>3784.012662</timestamp>
			</report>
			<report>
				<misses>12627001</misses>
				<total>27</total>
				<timestamp>3784.312422</timestamp>
			</report>
			<report>
				<misses>12628001</misses>
				<total>27</total>
				<timestamp>3784.612124</timestamp>
			</report>
			<report>
				<misses>12629001</misses>
				<total>27</total>
				<timestamp>3784.911791</timestamp>
			</report>
			<report>
				<misses>12630001</misses>
				<total>27</total>
				<timestamp>3785.211457</timestamp>
			</report>
			<report>
				<misses>12631001</misses>
				<total>27</total>
				<timestamp>3785.511176</timestamp>
			</report>
			<report>
				<misses>12632001</misses>
				<total>27</total>
				<timestamp>3785.810939</timestamp>
			</report>
			<report>
				<misses>12633001</misses>
				<total>27</total>
				<timestamp>3786.110571</timestamp>
			</report>
			<report>
				<misses>12634001</misses>
				<total>27</total>
				<timestamp>3786.410263</timestamp>
			</report>
			<report>
				<misses>12635001</misses>
				<total>27</total>
				<timestamp>3786.710009</timestamp>
			</report>
			<report>
				<misses>12636001</misses>
				<total>27</total>
				<timestamp>3787.009656</timestamp>
			</report>
			<report>
				<misses>12637001</misses>
				<total>27</total>
				<timestamp>3787.309368</timestamp>
			</report>
			<report>
				<misses>12638001</misses>
				<total>27</total>
				<timestamp>3787.609069</timestamp>
			</report>
			<report>
				<misses>12639001</misses>
				<total>27</total>
				<timestamp>3787.908873</timestamp>
			</report>
			<report>
				<misses>12640001</misses>
				<total>27</total>
				<timestamp>3788.208541</timestamp>
			</report>
			<report>
				<misses>12641001</misses>
				<total>26</total>
				<timestamp>3788.508261</timestamp>
			</report>
			<report>
				<misses>12642001</misses>
				<total>27</total>
				<timestamp>3788.807929</timestamp>
			</report>
			<report>
				<misses>12643001</misses>
				<total>27</total>
				<timestamp>3789.107573</timestamp>
			</report>
			<report>
				<misses>12644001</misses>
				<total>27</total>
				<timestamp>3789.407292</timestamp>
			</report>
			<report>
				<misses>12645001</misses>
				<total>27</total>
				<timestamp>3789.706984</timestamp>
			</report>
			<report>
				<misses>12646001</misses>
				<total>27</total>
				<timestamp>3790.006670</timestamp>
			</report>
			<report>
				<misses>12647001</misses>
				<total>27</total>
				<timestamp>3790.306366</timestamp>
			</report>
			<report>
				<misses>12648001</misses>
				<total>27</total>
				<timestamp>3790.606066</timestamp>
			</report>
			<report>
				<misses>12649001</misses>
				<total>27</total>
				<timestamp>3790.905812</timestamp>
			</report>
			<report>
				<misses>12650001</misses>
				<total>27</total>
				<timestamp>3791.205491</timestamp>
			</report>
			<report>
				<misses>12651001</misses>
				<total>27</total>
				<timestamp>3791.505266</timestamp>
			</report>
			<report>
				<misses>12652001</misses>
				<total>27</total>
				<timestamp>3791.804956</timestamp>
			</report>
			<report>
				<misses>12653001</misses>
				<total>27</total>
				<timestamp>3792.104575</timestamp>
			</report>
			<report>
				<misses>12654001</misses>
				<total>27</total>
				<timestamp>3792.404360</timestamp>
			</report>
			<report>
				<misses>12655001</misses>
				<total>27</total>
				<timestamp>3792.704009</timestamp>
			</report>
			<report>
				<misses>12656001</misses>
				<total>27</total>
				<timestamp>3793.003680</timestamp>
			</report>
			<report>
				<misses>12657001</misses>
				<total>27</total>
				<timestamp>3793.303361</timestamp>
			</report>
			<report>
				<misses>12658001</misses>
				<total>27</total>
				<timestamp>3793.603092</timestamp>
			</report>
			<report>
				<misses>12659001</misses>
				<total>27</total>
				<timestamp>3793.902871</timestamp>
			</report>
			<report>
				<misses>12660001</misses>
				<total>27</total>
				<timestamp>3794.202512</timestamp>
			</report>
			<report>
				<misses>12661001</misses>
				<total>27</total>
				<timestamp>3794.502211</timestamp>
			</report>
			<report>
				<misses>12662001</misses>
				<total>27</total>
				<timestamp>3794.801884</timestamp>
			</report>
			<report>
				<misses>12663001</misses>
				<total>27</total>
				<timestamp>3795.101577</timestamp>
			</report>
			<report>
				<misses>12664001</misses>
				<total>27</total>
				<timestamp>3795.401283</timestamp>
			</report>
			<report>
				<misses>12665001</misses>
				<total>27</total>
				<timestamp>3795.701005</timestamp>
			</report>
			<report>
				<misses>12666001</misses>
				<total>27</total>
				<timestamp>3796.000698</timestamp>
			</report>
			<report>
				<misses>12667001</misses>
				<total>27</total>
				<timestamp>3796.300398</timestamp>
			</report>
			<report>
				<misses>12668001</misses>
				<total>27</total>
				<timestamp>3796.600073</timestamp>
			</report>
			<report>
				<misses>12669001</misses>
				<total>27</total>
				<timestamp>3796.899814</timestamp>
			</report>
			<report>
				<misses>12670001</misses>
				<total>27</total>
				<timestamp>3797.199476</timestamp>
			</report>
			<report>
				<misses>12671001</misses>
				<total>27</total>
				<timestamp>3797.499224</timestamp>
			</report>
			<report>
				<misses>12672001</misses>
				<total>27</total>
				<timestamp>3797.798949</timestamp>
			</report>
			<report>
				<misses>12673001</misses>
				<total>27</total>
				<timestamp>3798.098566</timestamp>
			</report>
			<report>
				<misses>12674001</misses>
				<total>27</total>
				<timestamp>3798.398264</timestamp>
			</report>
			<report>
				<misses>12675001</misses>
				<total>27</total>
				<timestamp>3798.697983</timestamp>
			</report>
			<report>
				<misses>12676001</misses>
				<total>27</total>
				<timestamp>3798.997675</timestamp>
			</report>
			<report>
				<misses>12677001</misses>
				<total>27</total>
				<timestamp>3799.297372</timestamp>
			</report>
			<report>
				<misses>12678001</misses>
				<total>27</total>
				<timestamp>3799.597093</timestamp>
			</report>
			<report>
				<misses>12679001</misses>
				<total>27</total>
				<timestamp>3799.896787</timestamp>
			</report>
			<report>
				<misses>12680001</misses>
				<total>27</total>
				<timestamp>3800.196541</timestamp>
			</report>
			<report>
				<misses>12681001</misses>
				<total>27</total>
				<timestamp>3800.496168</timestamp>
			</report>
			<report>
				<misses>12682001</misses>
				<total>27</total>
				<timestamp>3800.795899</timestamp>
			</report>
			<report>
				<misses>12683001</misses>
				<total>27</total>
				<timestamp>3801.095579</timestamp>
			</report>
			<report>
				<misses>12684001</misses>
				<total>27</total>
				<timestamp>3801.395272</timestamp>
			</report>
			<report>
				<misses>12685001</misses>
				<total>27</total>
				<timestamp>3801.694965</timestamp>
			</report>
			<report>
				<misses>12686001</misses>
				<total>27</total>
				<timestamp>3801.994704</timestamp>
			</report>
			<report>
				<misses>12687001</misses>
				<total>27</total>
				<timestamp>3802.294374</timestamp>
			</report>
			<report>
				<misses>12688001</misses>
				<total>27</total>
				<timestamp>3802.594156</timestamp>
			</report>
			<report>
				<misses>12689001</misses>
				<total>27</total>
				<timestamp>3802.893785</timestamp>
			</report>
			<report>
				<misses>12690001</misses>
				<total>27</total>
				<timestamp>3803.193472</timestamp>
			</report>
			<report>
				<misses>12691001</misses>
				<total>27</total>
				<timestamp>3803.493175</timestamp>
			</report>
			<report>
				<misses>12692001</misses>
				<total>27</total>
				<timestamp>3803.792911</timestamp>
			</report>
			<report>
				<misses>12693001</misses>
				<total>27</total>
				<timestamp>3804.092594</timestamp>
			</report>
			<report>
				<misses>12694001</misses>
				<total>27</total>
				<timestamp>3804.392347</timestamp>
			</report>
			<report>
				<misses>12695001</misses>
				<total>27</total>
				<timestamp>3804.691989</timestamp>
			</report>
			<report>
				<misses>12696001</misses>
				<total>27</total>
				<timestamp>3804.991733</timestamp>
			</report>
			<report>
				<misses>12697001</misses>
				<total>27</total>
				<timestamp>3805.291428</timestamp>
			</report>
			<report>
				<misses>12698001</misses>
				<total>26</total>
				<timestamp>3805.591184</timestamp>
			</report>
			<report>
				<misses>12699001</misses>
				<total>27</total>
				<timestamp>3805.890785</timestamp>
			</report>
			<report>
				<misses>12700001</misses>
				<total>27</total>
				<timestamp>3806.190462</timestamp>
			</report>
			<report>
				<misses>12701001</misses>
				<total>27</total>
				<timestamp>3806.490179</timestamp>
			</report>
			<report>
				<misses>12702001</misses>
				<total>27</total>
				<timestamp>3806.789907</timestamp>
			</report>
			<report>
				<misses>12703001</misses>
				<total>27</total>
				<timestamp>3807.089568</timestamp>
			</report>
			<report>
				<misses>12704001</misses>
				<total>27</total>
				<timestamp>3807.389366</timestamp>
			</report>
			<report>
				<misses>12705001</misses>
				<total>27</total>
				<timestamp>3807.689006</timestamp>
			</report>
			<report>
				<misses>12706001</misses>
				<total>27</total>
				<timestamp>3807.988736</timestamp>
			</report>
			<report>
				<misses>12707001</misses>
				<total>27</total>
				<timestamp>3808.288369</timestamp>
			</report>
			<report>
				<misses>12708001</misses>
				<total>27</total>
				<timestamp>3808.588071</timestamp>
			</report>
			<report>
				<misses>12709001</misses>
				<total>27</total>
				<timestamp>3808.887793</timestamp>
			</report>
			<report>
				<misses>12710001</misses>
				<total>27</total>
				<timestamp>3809.187468</timestamp>
			</report>
			<report>
				<misses>12711001</misses>
				<total>27</total>
				<timestamp>3809.487263</timestamp>
			</report>
			<report>
				<misses>12712001</misses>
				<total>27</total>
				<timestamp>3809.786867</timestamp>
			</report>
			<report>
				<misses>12713001</misses>
				<total>27</total>
				<timestamp>3810.086573</timestamp>
			</report>
			<report>
				<misses>12714001</misses>
				<total>27</total>
				<timestamp>3810.386285</timestamp>
			</report>
			<report>
				<misses>12715001</misses>
				<total>27</total>
				<timestamp>3810.685969</timestamp>
			</report>
			<report>
				<misses>12716001</misses>
				<total>27</total>
				<timestamp>3810.985738</timestamp>
			</report>
			<report>
				<misses>12717001</misses>
				<total>27</total>
				<timestamp>3811.285357</timestamp>
			</report>
			<report>
				<misses>12718001</misses>
				<total>27</total>
				<timestamp>3811.585076</timestamp>
			</report>
			<report>
				<misses>12719001</misses>
				<total>27</total>
				<timestamp>3811.884809</timestamp>
			</report>
			<report>
				<misses>12720001</misses>
				<total>27</total>
				<timestamp>3812.184474</timestamp>
			</report>
			<report>
				<misses>12721001</misses>
				<total>27</total>
				<timestamp>3812.484233</timestamp>
			</report>
			<report>
				<misses>12722001</misses>
				<total>27</total>
				<timestamp>3812.783976</timestamp>
			</report>
			<report>
				<misses>12723001</misses>
				<total>27</total>
				<timestamp>3813.083575</timestamp>
			</report>
			<report>
				<misses>12724001</misses>
				<total>27</total>
				<timestamp>3813.383286</timestamp>
			</report>
			<report>
				<misses>12725001</misses>
				<total>27</total>
				<timestamp>3813.683106</timestamp>
			</report>
			<report>
				<misses>12726001</misses>
				<total>27</total>
				<timestamp>3813.982736</timestamp>
			</report>
			<report>
				<misses>12727001</misses>
				<total>27</total>
				<timestamp>3814.282363</timestamp>
			</report>
			<report>
				<misses>12728001</misses>
				<total>27</total>
				<timestamp>3814.582133</timestamp>
			</report>
			<report>
				<misses>12729001</misses>
				<total>27</total>
				<timestamp>3814.881777</timestamp>
			</report>
			<report>
				<misses>12730001</misses>
				<total>27</total>
				<timestamp>3815.181491</timestamp>
			</report>
			<report>
				<misses>12731001</misses>
				<total>27</total>
				<timestamp>3815.481251</timestamp>
			</report>
			<report>
				<misses>12732001</misses>
				<total>27</total>
				<timestamp>3815.780957</timestamp>
			</report>
			<report>
				<misses>12733001</misses>
				<total>27</total>
				<timestamp>3816.080583</timestamp>
			</report>
			<report>
				<misses>12734001</misses>
				<total>27</total>
				<timestamp>3816.380314</timestamp>
			</report>
			<report>
				<misses>12735001</misses>
				<total>27</total>
				<timestamp>3816.679975</timestamp>
			</report>
			<report>
				<misses>12736001</misses>
				<total>27</total>
				<timestamp>3816.979662</timestamp>
			</report>
			<report>
				<misses>12737001</misses>
				<total>27</total>
				<timestamp>3817.279369</timestamp>
			</report>
			<report>
				<misses>12738001</misses>
				<total>27</total>
				<timestamp>3817.579146</timestamp>
			</report>
			<report>
				<misses>12739001</misses>
				<total>27</total>
				<timestamp>3817.878810</timestamp>
			</report>
			<report>
				<misses>12740001</misses>
				<total>27</total>
				<timestamp>3818.178498</timestamp>
			</report>
			<report>
				<misses>12741001</misses>
				<total>27</total>
				<timestamp>3818.478160</timestamp>
			</report>
			<report>
				<misses>12742001</misses>
				<total>27</total>
				<timestamp>3818.777884</timestamp>
			</report>
			<report>
				<misses>12743001</misses>
				<total>27</total>
				<timestamp>3819.077598</timestamp>
			</report>
			<report>
				<misses>12744001</misses>
				<total>27</total>
				<timestamp>3819.377276</timestamp>
			</report>
			<report>
				<misses>12745001</misses>
				<total>27</total>
				<timestamp>3819.677039</timestamp>
			</report>
			<report>
				<misses>12746001</misses>
				<total>27</total>
				<timestamp>3819.976704</timestamp>
			</report>
			<report>
				<misses>12747001</misses>
				<total>27</total>
				<timestamp>3820.276378</timestamp>
			</report>
			<report>
				<misses>12748001</misses>
				<total>27</total>
				<timestamp>3820.576074</timestamp>
			</report>
			<report>
				<misses>12749001</misses>
				<total>27</total>
				<timestamp>3820.875771</timestamp>
			</report>
			<report>
				<misses>12750001</misses>
				<total>27</total>
				<timestamp>3821.175461</timestamp>
			</report>
			<report>
				<misses>12751001</misses>
				<total>27</total>
				<timestamp>3821.475228</timestamp>
			</report>
			<report>
				<misses>12752001</misses>
				<total>27</total>
				<timestamp>3821.774867</timestamp>
			</report>
			<report>
				<misses>12753001</misses>
				<total>27</total>
				<timestamp>3822.074590</timestamp>
			</report>
			<report>
				<misses>12754001</misses>
				<total>27</total>
				<timestamp>3822.374284</timestamp>
			</report>
			<report>
				<misses>12755001</misses>
				<total>26</total>
				<timestamp>3822.674107</timestamp>
			</report>
			<report>
				<misses>12756001</misses>
				<total>27</total>
				<timestamp>3822.973680</timestamp>
			</report>
			<report>
				<misses>12757001</misses>
				<total>27</total>
				<timestamp>3823.273375</timestamp>
			</report>
			<report>
				<misses>12758001</misses>
				<total>27</total>
				<timestamp>3823.573100</timestamp>
			</report>
			<report>
				<misses>12759001</misses>
				<total>27</total>
				<timestamp>3823.872787</timestamp>
			</report>
			<report>
				<misses>12760001</misses>
				<total>27</total>
				<timestamp>3824.172480</timestamp>
			</report>
			<report>
				<misses>12761001</misses>
				<total>27</total>
				<timestamp>3824.472193</timestamp>
			</report>
			<report>
				<misses>12762001</misses>
				<total>27</total>
				<timestamp>3824.771867</timestamp>
			</report>
			<report>
				<misses>12763001</misses>
				<total>27</total>
				<timestamp>3825.071600</timestamp>
			</report>
			<report>
				<misses>12764001</misses>
				<total>27</total>
				<timestamp>3825.371274</timestamp>
			</report>
			<report>
				<misses>12765001</misses>
				<total>26</total>
				<timestamp>3825.671072</timestamp>
			</report>
			<report>
				<misses>12766001</misses>
				<total>27</total>
				<timestamp>3825.970672</timestamp>
			</report>
			<report>
				<misses>12767001</misses>
				<total>27</total>
				<timestamp>3826.270374</timestamp>
			</report>
			<report>
				<misses>12768001</misses>
				<total>27</total>
				<timestamp>3826.570127</timestamp>
			</report>
			<report>
				<misses>12769001</misses>
				<total>27</total>
				<timestamp>3826.869781</timestamp>
			</report>
			<report>
				<misses>12770001</misses>
				<total>27</total>
				<timestamp>3827.169486</timestamp>
			</report>
			<report>
				<misses>12771001</misses>
				<total>27</total>
				<timestamp>3827.469237</timestamp>
			</report>
			<report>
				<misses>12772001</misses>
				<total>27</total>
				<timestamp>3827.768876</timestamp>
			</report>
			<report>
				<misses>12773001</misses>
				<total>27</total>
				<timestamp>3828.068657</timestamp>
			</report>
			<report>
				<misses>12774001</misses>
				<total>27</total>
				<timestamp>3828.368270</timestamp>
			</report>
			<report>
				<misses>12775001</misses>
				<total>27</total>
				<timestamp>3828.667977</timestamp>
			</report>
			<report>
				<misses>12776001</misses>
				<total>27</total>
				<timestamp>3828.967664</timestamp>
			</report>
			<report>
				<misses>12777001</misses>
				<total>27</total>
				<timestamp>3829.267380</timestamp>
			</report>
			<report>
				<misses>12778001</misses>
				<total>27</total>
				<timestamp>3829.567129</timestamp>
			</report>
			<report>
				<misses>12779001</misses>
				<total>27</total>
				<timestamp>3829.866838</timestamp>
			</report>
			<report>
				<misses>12780001</misses>
				<total>27</total>
				<timestamp>3830.166480</timestamp>
			</report>
			<report>
				<misses>12781001</misses>
				<total>27</total>
				<timestamp>3830.466177</timestamp>
			</report>
			<report>
				<misses>12782001</misses>
				<total>27</total>
				<timestamp>3830.765868</timestamp>
			</report>
			<report>
				<misses>12783001</misses>
				<total>27</total>
				<timestamp>3831.065579</timestamp>
			</report>
			<report>
				<misses>12784001</misses>
				<total>27</total>
				<timestamp>3831.365275</timestamp>
			</report>
			<report>
				<misses>12785001</misses>
				<total>27</total>
				<timestamp>3831.665035</timestamp>
			</report>
			<report>
				<misses>12786001</misses>
				<total>27</total>
				<timestamp>3831.964663</timestamp>
			</report>
			<report>
				<misses>12787001</misses>
				<total>27</total>
				<timestamp>3832.264374</timestamp>
			</report>
			<report>
				<misses>12788001</misses>
				<total>27</total>
				<timestamp>3832.564063</timestamp>
			</report>
			<report>
				<misses>12789001</misses>
				<total>27</total>
				<timestamp>3832.863858</timestamp>
			</report>
			<report>
				<misses>12790001</misses>
				<total>27</total>
				<timestamp>3833.163530</timestamp>
			</report>
			<report>
				<misses>12791001</misses>
				<total>27</total>
				<timestamp>3833.463168</timestamp>
			</report>
			<report>
				<misses>12792001</misses>
				<total>27</total>
				<timestamp>3833.762928</timestamp>
			</report>
			<report>
				<misses>12793001</misses>
				<total>27</total>
				<timestamp>3834.062590</timestamp>
			</report>
			<report>
				<misses>12794001</misses>
				<total>27</total>
				<timestamp>3834.362267</timestamp>
			</report>
			<report>
				<misses>12795001</misses>
				<total>27</total>
				<timestamp>3834.662017</timestamp>
			</report>
			<report>
				<misses>12796001</misses>
				<total>27</total>
				<timestamp>3834.961713</timestamp>
			</report>
			<report>
				<misses>12797001</misses>
				<total>27</total>
				<timestamp>3835.261408</timestamp>
			</report>
			<report>
				<misses>12798001</misses>
				<total>27</total>
				<timestamp>3835.561121</timestamp>
			</report>
			<report>
				<misses>12799001</misses>
				<total>27</total>
				<timestamp>3835.860768</timestamp>
			</report>
			<report>
				<misses>12800001</misses>
				<total>27</total>
				<timestamp>3836.160537</timestamp>
			</report>
			<report>
				<misses>12801001</misses>
				<total>27</total>
				<timestamp>3836.460168</timestamp>
			</report>
			<report>
				<misses>12802001</misses>
				<total>27</total>
				<timestamp>3836.759952</timestamp>
			</report>
			<report>
				<misses>12803001</misses>
				<total>27</total>
				<timestamp>3837.059588</timestamp>
			</report>
			<report>
				<misses>12804001</misses>
				<total>27</total>
				<timestamp>3837.359343</timestamp>
			</report>
			<report>
				<misses>12805001</misses>
				<total>27</total>
				<timestamp>3837.659040</timestamp>
			</report>
			<report>
				<misses>12806001</misses>
				<total>27</total>
				<timestamp>3837.958675</timestamp>
			</report>
			<report>
				<misses>12807001</misses>
				<total>27</total>
				<timestamp>3838.258399</timestamp>
			</report>
			<report>
				<misses>12808001</misses>
				<total>27</total>
				<timestamp>3838.558128</timestamp>
			</report>
			<report>
				<misses>12809001</misses>
				<total>27</total>
				<timestamp>3838.857781</timestamp>
			</report>
			<report>
				<misses>12810001</misses>
				<total>27</total>
				<timestamp>3839.157552</timestamp>
			</report>
			<report>
				<misses>12811001</misses>
				<total>27</total>
				<timestamp>3839.457175</timestamp>
			</report>
			<report>
				<misses>12812001</misses>
				<total>27</total>
				<timestamp>3839.756866</timestamp>
			</report>
			<report>
				<misses>12813001</misses>
				<total>27</total>
				<timestamp>3840.056588</timestamp>
			</report>
			<report>
				<misses>12814001</misses>
				<total>27</total>
				<timestamp>3840.356267</timestamp>
			</report>
			<report>
				<misses>12815001</misses>
				<total>27</total>
				<timestamp>3840.656006</timestamp>
			</report>
			<report>
				<misses>12816001</misses>
				<total>27</total>
				<timestamp>3840.955740</timestamp>
			</report>
			<report>
				<misses>12817001</misses>
				<total>27</total>
				<timestamp>3841.255373</timestamp>
			</report>
			<report>
				<misses>12818001</misses>
				<total>27</total>
				<timestamp>3841.555107</timestamp>
			</report>
			<report>
				<misses>12819001</misses>
				<total>27</total>
				<timestamp>3841.854821</timestamp>
			</report>
			<report>
				<misses>12820001</misses>
				<total>27</total>
				<timestamp>3842.154560</timestamp>
			</report>
			<report>
				<misses>12821001</misses>
				<total>27</total>
				<timestamp>3842.454263</timestamp>
			</report>
			<report>
				<misses>12822001</misses>
				<total>27</total>
				<timestamp>3842.753894</timestamp>
			</report>
			<report>
				<misses>12823001</misses>
				<total>27</total>
				<timestamp>3843.053602</timestamp>
			</report>
			<report>
				<misses>12824001</misses>
				<total>27</total>
				<timestamp>3843.353273</timestamp>
			</report>
			<report>
				<misses>12825001</misses>
				<total>27</total>
				<timestamp>3843.653035</timestamp>
			</report>
			<report>
				<misses>12826001</misses>
				<total>27</total>
				<timestamp>3843.952672</timestamp>
			</report>
			<report>
				<misses>12827001</misses>
				<total>27</total>
				<timestamp>3844.252451</timestamp>
			</report>
			<report>
				<misses>12828001</misses>
				<total>27</total>
				<timestamp>3844.552069</timestamp>
			</report>
			<report>
				<misses>12829001</misses>
				<total>27</total>
				<timestamp>3844.851798</timestamp>
			</report>
			<report>
				<misses>12830001</misses>
				<total>27</total>
				<timestamp>3845.151509</timestamp>
			</report>
			<report>
				<misses>12831001</misses>
				<total>27</total>
				<timestamp>3845.451199</timestamp>
			</report>
			<report>
				<misses>12832001</misses>
				<total>27</total>
				<timestamp>3845.750930</timestamp>
			</report>
			<report>
				<misses>12833001</misses>
				<total>27</total>
				<timestamp>3846.050654</timestamp>
			</report>
			<report>
				<misses>12834001</misses>
				<total>27</total>
				<timestamp>3846.350287</timestamp>
			</report>
			<report>
				<misses>12835001</misses>
				<total>27</total>
				<timestamp>3846.649993</timestamp>
			</report>
			<report>
				<misses>12836001</misses>
				<total>27</total>
				<timestamp>3846.949679</timestamp>
			</report>
			<report>
				<misses>12837001</misses>
				<total>27</total>
				<timestamp>3847.249398</timestamp>
			</report>
			<report>
				<misses>12838001</misses>
				<total>27</total>
				<timestamp>3847.549061</timestamp>
			</report>
			<report>
				<misses>12839001</misses>
				<total>27</total>
				<timestamp>3847.848771</timestamp>
			</report>
			<report>
				<misses>12840001</misses>
				<total>27</total>
				<timestamp>3848.148474</timestamp>
			</report>
			<report>
				<misses>12841001</misses>
				<total>27</total>
				<timestamp>3848.448196</timestamp>
			</report>
			<report>
				<misses>12842001</misses>
				<total>27</total>
				<timestamp>3848.747885</timestamp>
			</report>
			<report>
				<misses>12843001</misses>
				<total>27</total>
				<timestamp>3849.047590</timestamp>
			</report>
			<report>
				<misses>12844001</misses>
				<total>27</total>
				<timestamp>3849.347294</timestamp>
			</report>
			<report>
				<misses>12845001</misses>
				<total>27</total>
				<timestamp>3849.646987</timestamp>
			</report>
			<report>
				<misses>12846001</misses>
				<total>27</total>
				<timestamp>3849.946680</timestamp>
			</report>
			<report>
				<misses>12847001</misses>
				<total>27</total>
				<timestamp>3850.246412</timestamp>
			</report>
			<report>
				<misses>12848001</misses>
				<total>27</total>
				<timestamp>3850.546081</timestamp>
			</report>
			<report>
				<misses>12849001</misses>
				<total>27</total>
				<timestamp>3850.845778</timestamp>
			</report>
			<report>
				<misses>12850001</misses>
				<total>27</total>
				<timestamp>3851.145467</timestamp>
			</report>
			<report>
				<misses>12851001</misses>
				<total>27</total>
				<timestamp>3851.445202</timestamp>
			</report>
			<report>
				<misses>12852001</misses>
				<total>27</total>
				<timestamp>3851.744928</timestamp>
			</report>
			<report>
				<misses>12853001</misses>
				<total>27</total>
				<timestamp>3852.044592</timestamp>
			</report>
			<report>
				<misses>12854001</misses>
				<total>27</total>
				<timestamp>3852.344281</timestamp>
			</report>
			<report>
				<misses>12855001</misses>
				<total>27</total>
				<timestamp>3852.643991</timestamp>
			</report>
			<report>
				<misses>12856001</misses>
				<total>27</total>
				<timestamp>3852.943667</timestamp>
			</report>
			<report>
				<misses>12857001</misses>
				<total>27</total>
				<timestamp>3853.243422</timestamp>
			</report>
			<report>
				<misses>12858001</misses>
				<total>27</total>
				<timestamp>3853.543126</timestamp>
			</report>
			<report>
				<misses>12859001</misses>
				<total>27</total>
				<timestamp>3853.842838</timestamp>
			</report>
			<report>
				<misses>12860001</misses>
				<total>27</total>
				<timestamp>3854.142485</timestamp>
			</report>
			<report>
				<misses>12861001</misses>
				<total>27</total>
				<timestamp>3854.442173</timestamp>
			</report>
			<report>
				<misses>12862001</misses>
				<total>27</total>
				<timestamp>3854.741871</timestamp>
			</report>
			<report>
				<misses>12863001</misses>
				<total>27</total>
				<timestamp>3855.041639</timestamp>
			</report>
			<report>
				<misses>12864001</misses>
				<total>27</total>
				<timestamp>3855.341277</timestamp>
			</report>
			<report>
				<misses>12865001</misses>
				<total>26</total>
				<timestamp>3855.641067</timestamp>
			</report>
			<report>
				<misses>12866001</misses>
				<total>27</total>
				<timestamp>3855.940686</timestamp>
			</report>
			<report>
				<misses>12867001</misses>
				<total>27</total>
				<timestamp>3856.240391</timestamp>
			</report>
			<report>
				<misses>12868001</misses>
				<total>27</total>
				<timestamp>3856.540083</timestamp>
			</report>
			<report>
				<misses>12869001</misses>
				<total>27</total>
				<timestamp>3856.839774</timestamp>
			</report>
			<report>
				<misses>12870001</misses>
				<total>27</total>
				<timestamp>3857.139480</timestamp>
			</report>
			<report>
				<misses>12871001</misses>
				<total>27</total>
				<timestamp>3857.439194</timestamp>
			</report>
			<report>
				<misses>12872001</misses>
				<total>27</total>
				<timestamp>3857.738948</timestamp>
			</report>
			<report>
				<misses>12873001</misses>
				<total>27</total>
				<timestamp>3858.038566</timestamp>
			</report>
			<report>
				<misses>12874001</misses>
				<total>26</total>
				<timestamp>3858.338425</timestamp>
			</report>
			<report>
				<misses>12875001</misses>
				<total>27</total>
				<timestamp>3858.638032</timestamp>
			</report>
			<report>
				<misses>12876001</misses>
				<total>27</total>
				<timestamp>3858.937673</timestamp>
			</report>
			<report>
				<misses>12877001</misses>
				<total>27</total>
				<timestamp>3859.237418</timestamp>
			</report>
			<report>
				<misses>12878001</misses>
				<total>27</total>
				<timestamp>3859.537077</timestamp>
			</report>
			<report>
				<misses>12879001</misses>
				<total>27</total>
				<timestamp>3859.836783</timestamp>
			</report>
			<report>
				<misses>12880001</misses>
				<total>27</total>
				<timestamp>3860.136494</timestamp>
			</report>
			<report>
				<misses>12881001</misses>
				<total>27</total>
				<timestamp>3860.436175</timestamp>
			</report>
			<report>
				<misses>12882001</misses>
				<total>27</total>
				<timestamp>3860.735932</timestamp>
			</report>
			<report>
				<misses>12883001</misses>
				<total>27</total>
				<timestamp>3861.035579</timestamp>
			</report>
			<report>
				<misses>12884001</misses>
				<total>27</total>
				<timestamp>3861.335297</timestamp>
			</report>
			<report>
				<misses>12885001</misses>
				<total>27</total>
				<timestamp>3861.634993</timestamp>
			</report>
			<report>
				<misses>12886001</misses>
				<total>27</total>
				<timestamp>3861.934678</timestamp>
			</report>
			<report>
				<misses>12887001</misses>
				<total>27</total>
				<timestamp>3862.234398</timestamp>
			</report>
			<report>
				<misses>12888001</misses>
				<total>27</total>
				<timestamp>3862.534067</timestamp>
			</report>
			<report>
				<misses>12889001</misses>
				<total>27</total>
				<timestamp>3862.833791</timestamp>
			</report>
			<report>
				<misses>12890001</misses>
				<total>26</total>
				<timestamp>3863.133561</timestamp>
			</report>
			<report>
				<misses>12891001</misses>
				<total>27</total>
				<timestamp>3863.433164</timestamp>
			</report>
			<report>
				<misses>12892001</misses>
				<total>27</total>
				<timestamp>3863.732868</timestamp>
			</report>
			<report>
				<misses>12893001</misses>
				<total>27</total>
				<timestamp>3864.032567</timestamp>
			</report>
			<report>
				<misses>12894001</misses>
				<total>27</total>
				<timestamp>3864.332278</timestamp>
			</report>
			<report>
				<misses>12895001</misses>
				<total>27</total>
				<timestamp>3864.632055</timestamp>
			</report>
			<report>
				<misses>12896001</misses>
				<total>27</total>
				<timestamp>3864.931667</timestamp>
			</report>
			<report>
				<misses>12897001</misses>
				<total>27</total>
				<timestamp>3865.231402</timestamp>
			</report>
			<report>
				<misses>12898001</misses>
				<total>27</total>
				<timestamp>3865.531111</timestamp>
			</report>
			<report>
				<misses>12899001</misses>
				<total>27</total>
				<timestamp>3865.830812</timestamp>
			</report>
			<report>
				<misses>12900001</misses>
				<total>27</total>
				<timestamp>3866.130507</timestamp>
			</report>
			<report>
				<misses>12901001</misses>
				<total>27</total>
				<timestamp>3866.430168</timestamp>
			</report>
			<report>
				<misses>12902001</misses>
				<total>27</total>
				<timestamp>3866.729881</timestamp>
			</report>
			<report>
				<misses>12903001</misses>
				<total>27</total>
				<timestamp>3867.029567</timestamp>
			</report>
			<report>
				<misses>12904001</misses>
				<total>27</total>
				<timestamp>3867.329313</timestamp>
			</report>
			<report>
				<misses>12905001</misses>
				<total>27</total>
				<timestamp>3867.628981</timestamp>
			</report>
			<report>
				<misses>12906001</misses>
				<total>27</total>
				<timestamp>3867.928676</timestamp>
			</report>
			<report>
				<misses>12907001</misses>
				<total>27</total>
				<timestamp>3868.228412</timestamp>
			</report>
			<report>
				<misses>12908001</misses>
				<total>26</total>
				<timestamp>3868.528173</timestamp>
			</report>
			<report>
				<misses>12909001</misses>
				<total>27</total>
				<timestamp>3868.827805</timestamp>
			</report>
			<report>
				<misses>12910001</misses>
				<total>27</total>
				<timestamp>3869.127477</timestamp>
			</report>
			<report>
				<misses>12911001</misses>
				<total>27</total>
				<timestamp>3869.427248</timestamp>
			</report>
			<report>
				<misses>12912001</misses>
				<total>27</total>
				<timestamp>3869.726873</timestamp>
			</report>
			<report>
				<misses>12913001</misses>
				<total>27</total>
				<timestamp>3870.026563</timestamp>
			</report>
			<report>
				<misses>12914001</misses>
				<total>27</total>
				<timestamp>3870.326331</timestamp>
			</report>
			<report>
				<misses>12915001</misses>
				<total>27</total>
				<timestamp>3870.625986</timestamp>
			</report>
			<report>
				<misses>12916001</misses>
				<total>26</total>
				<timestamp>3870.925760</timestamp>
			</report>
			<report>
				<misses>12917001</misses>
				<total>27</total>
				<timestamp>3871.225398</timestamp>
			</report>
			<report>
				<misses>12918001</misses>
				<total>26</total>
				<timestamp>3871.525170</timestamp>
			</report>
			<report>
				<misses>12919001</misses>
				<total>27</total>
				<timestamp>3871.824853</timestamp>
			</report>
			<report>
				<misses>12920001</misses>
				<total>27</total>
				<timestamp>3872.124480</timestamp>
			</report>
			<report>
				<misses>12921001</misses>
				<total>27</total>
				<timestamp>3872.424178</timestamp>
			</report>
			<report>
				<misses>12922001</misses>
				<total>27</total>
				<timestamp>3872.723919</timestamp>
			</report>
			<report>
				<misses>12923001</misses>
				<total>27</total>
				<timestamp>3873.023563</timestamp>
			</report>
			<report>
				<misses>12924001</misses>
				<total>27</total>
				<timestamp>3873.323280</timestamp>
			</report>
			<report>
				<misses>12925001</misses>
				<total>27</total>
				<timestamp>3873.622976</timestamp>
			</report>
			<report>
				<misses>12926001</misses>
				<total>27</total>
				<timestamp>3873.922679</timestamp>
			</report>
			<report>
				<misses>12927001</misses>
				<total>27</total>
				<timestamp>3874.222404</timestamp>
			</report>
			<report>
				<misses>12928001</misses>
				<total>27</total>
				<timestamp>3874.522072</timestamp>
			</report>
			<report>
				<misses>12929001</misses>
				<total>26</total>
				<timestamp>3874.821912</timestamp>
			</report>
			<report>
				<misses>12930001</misses>
				<total>27</total>
				<timestamp>3875.121487</timestamp>
			</report>
			<report>
				<misses>12931001</misses>
				<total>27</total>
				<timestamp>3875.421181</timestamp>
			</report>
			<report>
				<misses>12932001</misses>
				<total>27</total>
				<timestamp>3875.720862</timestamp>
			</report>
			<report>
				<misses>12933001</misses>
				<total>27</total>
				<timestamp>3876.020574</timestamp>
			</report>
			<report>
				<misses>12934001</misses>
				<total>27</total>
				<timestamp>3876.320317</timestamp>
			</report>
			<report>
				<misses>12935001</misses>
				<total>27</total>
				<timestamp>3876.620009</timestamp>
			</report>
			<report>
				<misses>12936001</misses>
				<total>27</total>
				<timestamp>3876.919676</timestamp>
			</report>
			<report>
				<misses>12937001</misses>
				<total>27</total>
				<timestamp>3877.219465</timestamp>
			</report>
			<report>
				<misses>12938001</misses>
				<total>27</total>
				<timestamp>3877.519066</timestamp>
			</report>
			<report>
				<misses>12939001</misses>
				<total>27</total>
				<timestamp>3877.818797</timestamp>
			</report>
			<report>
				<misses>12940001</misses>
				<total>27</total>
				<timestamp>3878.118489</timestamp>
			</report>
			<report>
				<misses>12941001</misses>
				<total>27</total>
				<timestamp>3878.418205</timestamp>
			</report>
			<report>
				<misses>12942001</misses>
				<total>27</total>
				<timestamp>3878.717874</timestamp>
			</report>
			<report>
				<misses>12943001</misses>
				<total>26</total>
				<timestamp>3879.017668</timestamp>
			</report>
			<report>
				<misses>12944001</misses>
				<total>27</total>
				<timestamp>3879.317317</timestamp>
			</report>
			<report>
				<misses>12945001</misses>
				<total>27</total>
				<timestamp>3879.616979</timestamp>
			</report>
			<report>
				<misses>12946001</misses>
				<total>27</total>
				<timestamp>3879.916666</timestamp>
			</report>
			<report>
				<misses>12947001</misses>
				<total>26</total>
				<timestamp>3880.216467</timestamp>
			</report>
			<report>
				<misses>12948001</misses>
				<total>27</total>
				<timestamp>3880.516085</timestamp>
			</report>
			<report>
				<misses>12949001</misses>
				<total>27</total>
				<timestamp>3880.815816</timestamp>
			</report>
			<report>
				<misses>12950001</misses>
				<total>27</total>
				<timestamp>3881.115496</timestamp>
			</report>
			<report>
				<misses>12951001</misses>
				<total>27</total>
				<timestamp>3881.415202</timestamp>
			</report>
			<report>
				<misses>12952001</misses>
				<total>27</total>
				<timestamp>3881.714864</timestamp>
			</report>
			<report>
				<misses>12953001</misses>
				<total>27</total>
				<timestamp>3882.014576</timestamp>
			</report>
			<report>
				<misses>12954001</misses>
				<total>27</total>
				<timestamp>3882.314301</timestamp>
			</report>
			<report>
				<misses>12955001</misses>
				<total>27</total>
				<timestamp>3882.614015</timestamp>
			</report>
			<report>
				<misses>12956001</misses>
				<total>27</total>
				<timestamp>3882.913746</timestamp>
			</report>
			<report>
				<misses>12957001</misses>
				<total>27</total>
				<timestamp>3883.213395</timestamp>
			</report>
			<report>
				<misses>12958001</misses>
				<total>27</total>
				<timestamp>3883.513075</timestamp>
			</report>
			<report>
				<misses>12959001</misses>
				<total>27</total>
				<timestamp>3883.812832</timestamp>
			</report>
			<report>
				<misses>12960001</misses>
				<total>27</total>
				<timestamp>3884.112488</timestamp>
			</report>
			<report>
				<misses>12961001</misses>
				<total>27</total>
				<timestamp>3884.412202</timestamp>
			</report>
			<report>
				<misses>12962001</misses>
				<total>27</total>
				<timestamp>3884.711869</timestamp>
			</report>
			<report>
				<misses>12963001</misses>
				<total>27</total>
				<timestamp>3885.011574</timestamp>
			</report>
			<report>
				<misses>12964001</misses>
				<total>27</total>
				<timestamp>3885.311307</timestamp>
			</report>
			<report>
				<misses>12965001</misses>
				<total>27</total>
				<timestamp>3885.611054</timestamp>
			</report>
			<report>
				<misses>12966001</misses>
				<total>27</total>
				<timestamp>3885.910678</timestamp>
			</report>
			<report>
				<misses>12967001</misses>
				<total>26</total>
				<timestamp>3886.210465</timestamp>
			</report>
			<report>
				<misses>12968001</misses>
				<total>27</total>
				<timestamp>3886.510063</timestamp>
			</report>
			<report>
				<misses>12969001</misses>
				<total>27</total>
				<timestamp>3886.809797</timestamp>
			</report>
			<report>
				<misses>12970001</misses>
				<total>27</total>
				<timestamp>3887.109501</timestamp>
			</report>
			<report>
				<misses>12971001</misses>
				<total>27</total>
				<timestamp>3887.409290</timestamp>
			</report>
			<report>
				<misses>12972001</misses>
				<total>27</total>
				<timestamp>3887.708914</timestamp>
			</report>
			<report>
				<misses>12973001</misses>
				<total>27</total>
				<timestamp>3888.008569</timestamp>
			</report>
			<report>
				<misses>12974001</misses>
				<total>27</total>
				<timestamp>3888.308339</timestamp>
			</report>
			<report>
				<misses>12975001</misses>
				<total>27</total>
				<timestamp>3888.607983</timestamp>
			</report>
			<report>
				<misses>12976001</misses>
				<total>27</total>
				<timestamp>3888.907714</timestamp>
			</report>
			<report>
				<misses>12977001</misses>
				<total>27</total>
				<timestamp>3889.207371</timestamp>
			</report>
			<report>
				<misses>12978001</misses>
				<total>27</total>
				<timestamp>3889.507071</timestamp>
			</report>
			<report>
				<misses>12979001</misses>
				<total>27</total>
				<timestamp>3889.806779</timestamp>
			</report>
			<report>
				<misses>12980001</misses>
				<total>27</total>
				<timestamp>3890.106502</timestamp>
			</report>
			<report>
				<misses>12981001</misses>
				<total>27</total>
				<timestamp>3890.406185</timestamp>
			</report>
			<report>
				<misses>12982001</misses>
				<total>27</total>
				<timestamp>3890.705876</timestamp>
			</report>
			<report>
				<misses>12983001</misses>
				<total>27</total>
				<timestamp>3891.005571</timestamp>
			</report>
			<report>
				<misses>12984001</misses>
				<total>27</total>
				<timestamp>3891.305297</timestamp>
			</report>
			<report>
				<misses>12985001</misses>
				<total>27</total>
				<timestamp>3891.605051</timestamp>
			</report>
			<report>
				<misses>12986001</misses>
				<total>26</total>
				<timestamp>3891.904798</timestamp>
			</report>
			<report>
				<misses>12987001</misses>
				<total>27</total>
				<timestamp>3892.204375</timestamp>
			</report>
			<report>
				<misses>12988001</misses>
				<total>27</total>
				<timestamp>3892.504073</timestamp>
			</report>
			<report>
				<misses>12989001</misses>
				<total>27</total>
				<timestamp>3892.803766</timestamp>
			</report>
			<report>
				<misses>12990001</misses>
				<total>27</total>
				<timestamp>3893.103472</timestamp>
			</report>
			<report>
				<misses>12991001</misses>
				<total>27</total>
				<timestamp>3893.403205</timestamp>
			</report>
			<report>
				<misses>12992001</misses>
				<total>27</total>
				<timestamp>3893.702924</timestamp>
			</report>
			<report>
				<misses>12993001</misses>
				<total>27</total>
				<timestamp>3894.002572</timestamp>
			</report>
			<report>
				<misses>12994001</misses>
				<total>27</total>
				<timestamp>3894.302316</timestamp>
			</report>
			<report>
				<misses>12995001</misses>
				<total>27</total>
				<timestamp>3894.601999</timestamp>
			</report>
			<report>
				<misses>12996001</misses>
				<total>27</total>
				<timestamp>3894.901736</timestamp>
			</report>
			<report>
				<misses>12997001</misses>
				<total>27</total>
				<timestamp>3895.201371</timestamp>
			</report>
			<report>
				<misses>12998001</misses>
				<total>27</total>
				<timestamp>3895.501182</timestamp>
			</report>
			<report>
				<misses>12999001</misses>
				<total>27</total>
				<timestamp>3895.800788</timestamp>
			</report>
			<report>
				<misses>13000001</misses>
				<total>27</total>
				<timestamp>3896.100476</timestamp>
			</report>
			<report>
				<misses>13001001</misses>
				<total>27</total>
				<timestamp>3896.400205</timestamp>
			</report>
			<report>
				<misses>13002001</misses>
				<total>27</total>
				<timestamp>3896.699871</timestamp>
			</report>
			<report>
				<misses>13003001</misses>
				<total>27</total>
				<timestamp>3896.999561</timestamp>
			</report>
			<report>
				<misses>13004001</misses>
				<total>27</total>
				<timestamp>3897.299296</timestamp>
			</report>
			<report>
				<misses>13005001</misses>
				<total>27</total>
				<timestamp>3897.598985</timestamp>
			</report>
			<report>
				<misses>13006001</misses>
				<total>27</total>
				<timestamp>3897.898678</timestamp>
			</report>
			<report>
				<misses>13007001</misses>
				<total>27</total>
				<timestamp>3898.198370</timestamp>
			</report>
			<report>
				<misses>13008001</misses>
				<total>27</total>
				<timestamp>3898.498071</timestamp>
			</report>
			<report>
				<misses>13009001</misses>
				<total>27</total>
				<timestamp>3898.797810</timestamp>
			</report>
			<report>
				<misses>13010001</misses>
				<total>27</total>
				<timestamp>3899.097480</timestamp>
			</report>
			<report>
				<misses>13011001</misses>
				<total>27</total>
				<timestamp>3899.397187</timestamp>
			</report>
			<report>
				<misses>13012001</misses>
				<total>27</total>
				<timestamp>3899.696875</timestamp>
			</report>
			<report>
				<misses>13013001</misses>
				<total>27</total>
				<timestamp>3899.996603</timestamp>
			</report>
			<report>
				<misses>13014001</misses>
				<total>27</total>
				<timestamp>3900.296284</timestamp>
			</report>
			<report>
				<misses>13015001</misses>
				<total>27</total>
				<timestamp>3900.595981</timestamp>
			</report>
			<report>
				<misses>13016001</misses>
				<total>27</total>
				<timestamp>3900.895678</timestamp>
			</report>
			<report>
				<misses>13017001</misses>
				<total>27</total>
				<timestamp>3901.195366</timestamp>
			</report>
			<report>
				<misses>13018001</misses>
				<total>26</total>
				<timestamp>3901.495173</timestamp>
			</report>
			<report>
				<misses>13019001</misses>
				<total>27</total>
				<timestamp>3901.794783</timestamp>
			</report>
			<report>
				<misses>13020001</misses>
				<total>27</total>
				<timestamp>3902.094477</timestamp>
			</report>
			<report>
				<misses>13021001</misses>
				<total>27</total>
				<timestamp>3902.394199</timestamp>
			</report>
			<report>
				<misses>13022001</misses>
				<total>27</total>
				<timestamp>3902.693868</timestamp>
			</report>
			<report>
				<misses>13023001</misses>
				<total>27</total>
				<timestamp>3902.993652</timestamp>
			</report>
			<report>
				<misses>13024001</misses>
				<total>27</total>
				<timestamp>3903.293273</timestamp>
			</report>
			<report>
				<misses>13025001</misses>
				<total>27</total>
				<timestamp>3903.592982</timestamp>
			</report>
			<report>
				<misses>13026001</misses>
				<total>27</total>
				<timestamp>3903.892679</timestamp>
			</report>
			<report>
				<misses>13027001</misses>
				<total>27</total>
				<timestamp>3904.192380</timestamp>
			</report>
			<report>
				<misses>13028001</misses>
				<total>27</total>
				<timestamp>3904.492096</timestamp>
			</report>
			<report>
				<misses>13029001</misses>
				<total>27</total>
				<timestamp>3904.791761</timestamp>
			</report>
			<report>
				<misses>13030001</misses>
				<total>27</total>
				<timestamp>3905.091522</timestamp>
			</report>
			<report>
				<misses>13031001</misses>
				<total>27</total>
				<timestamp>3905.391209</timestamp>
			</report>
			<report>
				<misses>13032001</misses>
				<total>27</total>
				<timestamp>3905.690879</timestamp>
			</report>
			<report>
				<misses>13033001</misses>
				<total>27</total>
				<timestamp>3905.990622</timestamp>
			</report>
			<report>
				<misses>13034001</misses>
				<total>27</total>
				<timestamp>3906.290350</timestamp>
			</report>
			<report>
				<misses>13035001</misses>
				<total>27</total>
				<timestamp>3906.590025</timestamp>
			</report>
			<report>
				<misses>13036001</misses>
				<total>27</total>
				<timestamp>3906.889685</timestamp>
			</report>
			<report>
				<misses>13037001</misses>
				<total>27</total>
				<timestamp>3907.189366</timestamp>
			</report>
			<report>
				<misses>13038001</misses>
				<total>27</total>
				<timestamp>3907.489113</timestamp>
			</report>
			<report>
				<misses>13039001</misses>
				<total>27</total>
				<timestamp>3907.788776</timestamp>
			</report>
			<report>
				<misses>13040001</misses>
				<total>27</total>
				<timestamp>3908.088496</timestamp>
			</report>
			<report>
				<misses>13041001</misses>
				<total>27</total>
				<timestamp>3908.388185</timestamp>
			</report>
			<report>
				<misses>13042001</misses>
				<total>27</total>
				<timestamp>3908.687881</timestamp>
			</report>
			<report>
				<misses>13043001</misses>
				<total>27</total>
				<timestamp>3908.987649</timestamp>
			</report>
			<report>
				<misses>13044001</misses>
				<total>27</total>
				<timestamp>3909.287279</timestamp>
			</report>
			<report>
				<misses>13045001</misses>
				<total>27</total>
				<timestamp>3909.586999</timestamp>
			</report>
			<report>
				<misses>13046001</misses>
				<total>27</total>
				<timestamp>3909.886677</timestamp>
			</report>
			<report>
				<misses>13047001</misses>
				<total>27</total>
				<timestamp>3910.186455</timestamp>
			</report>
			<report>
				<misses>13048001</misses>
				<total>27</total>
				<timestamp>3910.486126</timestamp>
			</report>
			<report>
				<misses>13049001</misses>
				<total>27</total>
				<timestamp>3910.785849</timestamp>
			</report>
			<report>
				<misses>13050001</misses>
				<total>27</total>
				<timestamp>3911.085505</timestamp>
			</report>
			<report>
				<misses>13051001</misses>
				<total>27</total>
				<timestamp>3911.385200</timestamp>
			</report>
			<report>
				<misses>13052001</misses>
				<total>27</total>
				<timestamp>3911.684915</timestamp>
			</report>
			<report>
				<misses>13053001</misses>
				<total>26</total>
				<timestamp>3911.984670</timestamp>
			</report>
			<report>
				<misses>13054001</misses>
				<total>27</total>
				<timestamp>3912.284268</timestamp>
			</report>
			<report>
				<misses>13055001</misses>
				<total>27</total>
				<timestamp>3912.584051</timestamp>
			</report>
			<report>
				<misses>13056001</misses>
				<total>27</total>
				<timestamp>3912.883703</timestamp>
			</report>
			<report>
				<misses>13057001</misses>
				<total>27</total>
				<timestamp>3913.183438</timestamp>
			</report>
			<report>
				<misses>13058001</misses>
				<total>27</total>
				<timestamp>3913.483117</timestamp>
			</report>
			<report>
				<misses>13059001</misses>
				<total>27</total>
				<timestamp>3913.782768</timestamp>
			</report>
			<report>
				<misses>13060001</misses>
				<total>27</total>
				<timestamp>3914.082476</timestamp>
			</report>
			<report>
				<misses>13061001</misses>
				<total>27</total>
				<timestamp>3914.382206</timestamp>
			</report>
			<report>
				<misses>13062001</misses>
				<total>27</total>
				<timestamp>3914.681862</timestamp>
			</report>
			<report>
				<misses>13063001</misses>
				<total>27</total>
				<timestamp>3914.981569</timestamp>
			</report>
			<report>
				<misses>13064001</misses>
				<total>27</total>
				<timestamp>3915.281310</timestamp>
			</report>
			<report>
				<misses>13065001</misses>
				<total>27</total>
				<timestamp>3915.581023</timestamp>
			</report>
			<report>
				<misses>13066001</misses>
				<total>27</total>
				<timestamp>3915.880723</timestamp>
			</report>
			<report>
				<misses>13067001</misses>
				<total>27</total>
				<timestamp>3916.180431</timestamp>
			</report>
			<report>
				<misses>13068001</misses>
				<total>27</total>
				<timestamp>3916.480131</timestamp>
			</report>
			<report>
				<misses>13069001</misses>
				<total>27</total>
				<timestamp>3916.779763</timestamp>
			</report>
			<report>
				<misses>13070001</misses>
				<total>27</total>
				<timestamp>3917.079471</timestamp>
			</report>
			<report>
				<misses>13071001</misses>
				<total>27</total>
				<timestamp>3917.379170</timestamp>
			</report>
			<report>
				<misses>13072001</misses>
				<total>27</total>
				<timestamp>3917.678931</timestamp>
			</report>
			<report>
				<misses>13073001</misses>
				<total>27</total>
				<timestamp>3917.978559</timestamp>
			</report>
			<report>
				<misses>13074001</misses>
				<total>27</total>
				<timestamp>3918.278360</timestamp>
			</report>
			<report>
				<misses>13075001</misses>
				<total>27</total>
				<timestamp>3918.578052</timestamp>
			</report>
			<report>
				<misses>13076001</misses>
				<total>27</total>
				<timestamp>3918.877693</timestamp>
			</report>
			<report>
				<misses>13077001</misses>
				<total>27</total>
				<timestamp>3919.177374</timestamp>
			</report>
			<report>
				<misses>13078001</misses>
				<total>27</total>
				<timestamp>3919.477103</timestamp>
			</report>
			<report>
				<misses>13079001</misses>
				<total>27</total>
				<timestamp>3919.776792</timestamp>
			</report>
			<report>
				<misses>13080001</misses>
				<total>27</total>
				<timestamp>3920.076507</timestamp>
			</report>
			<report>
				<misses>13081001</misses>
				<total>27</total>
				<timestamp>3920.376174</timestamp>
			</report>
			<report>
				<misses>13082001</misses>
				<total>27</total>
				<timestamp>3920.675868</timestamp>
			</report>
			<report>
				<misses>13083001</misses>
				<total>27</total>
				<timestamp>3920.975631</timestamp>
			</report>
			<report>
				<misses>13084001</misses>
				<total>27</total>
				<timestamp>3921.275268</timestamp>
			</report>
			<report>
				<misses>13085001</misses>
				<total>27</total>
				<timestamp>3921.575037</timestamp>
			</report>
			<report>
				<misses>13086001</misses>
				<total>27</total>
				<timestamp>3921.874669</timestamp>
			</report>
			<report>
				<misses>13087001</misses>
				<total>27</total>
				<timestamp>3922.174381</timestamp>
			</report>
			<report>
				<misses>13088001</misses>
				<total>27</total>
				<timestamp>3922.474156</timestamp>
			</report>
			<report>
				<misses>13089001</misses>
				<total>27</total>
				<timestamp>3922.773808</timestamp>
			</report>
			<report>
				<misses>13090001</misses>
				<total>27</total>
				<timestamp>3923.073461</timestamp>
			</report>
			<report>
				<misses>13091001</misses>
				<total>27</total>
				<timestamp>3923.373194</timestamp>
			</report>
			<report>
				<misses>13092001</misses>
				<total>27</total>
				<timestamp>3923.672891</timestamp>
			</report>
			<report>
				<misses>13093001</misses>
				<total>27</total>
				<timestamp>3923.972597</timestamp>
			</report>
			<report>
				<misses>13094001</misses>
				<total>27</total>
				<timestamp>3924.272267</timestamp>
			</report>
			<report>
				<misses>13095001</misses>
				<total>27</total>
				<timestamp>3924.572025</timestamp>
			</report>
			<report>
				<misses>13096001</misses>
				<total>27</total>
				<timestamp>3924.871742</timestamp>
			</report>
			<report>
				<misses>13097001</misses>
				<total>27</total>
				<timestamp>3925.171365</timestamp>
			</report>
			<report>
				<misses>13098001</misses>
				<total>27</total>
				<timestamp>3925.471145</timestamp>
			</report>
			<report>
				<misses>13099001</misses>
				<total>27</total>
				<timestamp>3925.770767</timestamp>
			</report>
			<report>
				<misses>13100001</misses>
				<total>27</total>
				<timestamp>3926.070472</timestamp>
			</report>
			<report>
				<misses>13101001</misses>
				<total>27</total>
				<timestamp>3926.370180</timestamp>
			</report>
			<report>
				<misses>13102001</misses>
				<total>27</total>
				<timestamp>3926.669958</timestamp>
			</report>
			<report>
				<misses>13103001</misses>
				<total>27</total>
				<timestamp>3926.969574</timestamp>
			</report>
			<report>
				<misses>13104001</misses>
				<total>27</total>
				<timestamp>3927.269271</timestamp>
			</report>
			<report>
				<misses>13105001</misses>
				<total>27</total>
				<timestamp>3927.568993</timestamp>
			</report>
			<report>
				<misses>13106001</misses>
				<total>27</total>
				<timestamp>3927.868664</timestamp>
			</report>
			<report>
				<misses>13107001</misses>
				<total>27</total>
				<timestamp>3928.168380</timestamp>
			</report>
			<report>
				<misses>13108001</misses>
				<total>27</total>
				<timestamp>3928.468091</timestamp>
			</report>
			<report>
				<misses>13109001</misses>
				<total>27</total>
				<timestamp>3928.767770</timestamp>
			</report>
			<report>
				<misses>13110001</misses>
				<total>27</total>
				<timestamp>3929.067468</timestamp>
			</report>
			<report>
				<misses>13111001</misses>
				<total>27</total>
				<timestamp>3929.367180</timestamp>
			</report>
			<report>
				<misses>13112001</misses>
				<total>27</total>
				<timestamp>3929.666914</timestamp>
			</report>
			<report>
				<misses>13113001</misses>
				<total>27</total>
				<timestamp>3929.966651</timestamp>
			</report>
			<report>
				<misses>13114001</misses>
				<total>27</total>
				<timestamp>3930.266275</timestamp>
			</report>
			<report>
				<misses>13115001</misses>
				<total>27</total>
				<timestamp>3930.566003</timestamp>
			</report>
			<report>
				<misses>13116001</misses>
				<total>27</total>
				<timestamp>3930.865738</timestamp>
			</report>
			<report>
				<misses>13117001</misses>
				<total>27</total>
				<timestamp>3931.165361</timestamp>
			</report>
			<report>
				<misses>13118001</misses>
				<total>27</total>
				<timestamp>3931.465099</timestamp>
			</report>
			<report>
				<misses>13119001</misses>
				<total>27</total>
				<timestamp>3931.764786</timestamp>
			</report>
			<report>
				<misses>13120001</misses>
				<total>27</total>
				<timestamp>3932.064569</timestamp>
			</report>
			<report>
				<misses>13121001</misses>
				<total>27</total>
				<timestamp>3932.364177</timestamp>
			</report>
			<report>
				<misses>13122001</misses>
				<total>27</total>
				<timestamp>3932.663913</timestamp>
			</report>
			<report>
				<misses>13123001</misses>
				<total>27</total>
				<timestamp>3932.963632</timestamp>
			</report>
			<report>
				<misses>13124001</misses>
				<total>27</total>
				<timestamp>3933.263329</timestamp>
			</report>
			<report>
				<misses>13125001</misses>
				<total>27</total>
				<timestamp>3933.563009</timestamp>
			</report>
			<report>
				<misses>13126001</misses>
				<total>27</total>
				<timestamp>3933.862678</timestamp>
			</report>
			<report>
				<misses>13127001</misses>
				<total>27</total>
				<timestamp>3934.162374</timestamp>
			</report>
			<report>
				<misses>13128001</misses>
				<total>27</total>
				<timestamp>3934.462088</timestamp>
			</report>
			<report>
				<misses>13129001</misses>
				<total>27</total>
				<timestamp>3934.761766</timestamp>
			</report>
			<report>
				<misses>13130001</misses>
				<total>27</total>
				<timestamp>3935.061469</timestamp>
			</report>
			<report>
				<misses>13131001</misses>
				<total>27</total>
				<timestamp>3935.361219</timestamp>
			</report>
			<report>
				<misses>13132001</misses>
				<total>27</total>
				<timestamp>3935.660946</timestamp>
			</report>
			<report>
				<misses>13133001</misses>
				<total>27</total>
				<timestamp>3935.960563</timestamp>
			</report>
			<report>
				<misses>13134001</misses>
				<total>27</total>
				<timestamp>3936.260263</timestamp>
			</report>
			<report>
				<misses>13135001</misses>
				<total>27</total>
				<timestamp>3936.560049</timestamp>
			</report>
			<report>
				<misses>13136001</misses>
				<total>27</total>
				<timestamp>3936.859672</timestamp>
			</report>
			<report>
				<misses>13137001</misses>
				<total>27</total>
				<timestamp>3937.159392</timestamp>
			</report>
			<report>
				<misses>13138001</misses>
				<total>27</total>
				<timestamp>3937.459096</timestamp>
			</report>
			<report>
				<misses>13139001</misses>
				<total>27</total>
				<timestamp>3937.758773</timestamp>
			</report>
			<report>
				<misses>13140001</misses>
				<total>26</total>
				<timestamp>3938.058569</timestamp>
			</report>
			<report>
				<misses>13141001</misses>
				<total>27</total>
				<timestamp>3938.358163</timestamp>
			</report>
			<report>
				<misses>13142001</misses>
				<total>27</total>
				<timestamp>3938.657898</timestamp>
			</report>
			<report>
				<misses>13143001</misses>
				<total>27</total>
				<timestamp>3938.957610</timestamp>
			</report>
			<report>
				<misses>13144001</misses>
				<total>27</total>
				<timestamp>3939.257273</timestamp>
			</report>
			<report>
				<misses>13145001</misses>
				<total>27</total>
				<timestamp>3939.556994</timestamp>
			</report>
			<report>
				<misses>13146001</misses>
				<total>27</total>
				<timestamp>3939.856668</timestamp>
			</report>
			<report>
				<misses>13147001</misses>
				<total>27</total>
				<timestamp>3940.156441</timestamp>
			</report>
			<report>
				<misses>13148001</misses>
				<total>27</total>
				<timestamp>3940.456086</timestamp>
			</report>
			<report>
				<misses>13149001</misses>
				<total>27</total>
				<timestamp>3940.755881</timestamp>
			</report>
			<report>
				<misses>13150001</misses>
				<total>27</total>
				<timestamp>3941.055561</timestamp>
			</report>
			<report>
				<misses>13151001</misses>
				<total>27</total>
				<timestamp>3941.355172</timestamp>
			</report>
			<report>
				<misses>13152001</misses>
				<total>27</total>
				<timestamp>3941.654944</timestamp>
			</report>
			<report>
				<misses>13153001</misses>
				<total>27</total>
				<timestamp>3941.954633</timestamp>
			</report>
			<report>
				<misses>13154001</misses>
				<total>27</total>
				<timestamp>3942.254264</timestamp>
			</report>
			<report>
				<misses>13155001</misses>
				<total>27</total>
				<timestamp>3942.554059</timestamp>
			</report>
			<report>
				<misses>13156001</misses>
				<total>27</total>
				<timestamp>3942.853679</timestamp>
			</report>
			<report>
				<misses>13157001</misses>
				<total>27</total>
				<timestamp>3943.153372</timestamp>
			</report>
			<report>
				<misses>13158001</misses>
				<total>27</total>
				<timestamp>3943.453071</timestamp>
			</report>
			<report>
				<misses>13159001</misses>
				<total>27</total>
				<timestamp>3943.752840</timestamp>
			</report>
			<report>
				<misses>13160001</misses>
				<total>27</total>
				<timestamp>3944.052477</timestamp>
			</report>
			<report>
				<misses>13161001</misses>
				<total>27</total>
				<timestamp>3944.352161</timestamp>
			</report>
			<report>
				<misses>13162001</misses>
				<total>27</total>
				<timestamp>3944.651922</timestamp>
			</report>
			<report>
				<misses>13163001</misses>
				<total>27</total>
				<timestamp>3944.951573</timestamp>
			</report>
			<report>
				<misses>13164001</misses>
				<total>27</total>
				<timestamp>3945.251271</timestamp>
			</report>
			<report>
				<misses>13165001</misses>
				<total>27</total>
				<timestamp>3945.551036</timestamp>
			</report>
			<report>
				<misses>13166001</misses>
				<total>27</total>
				<timestamp>3945.850670</timestamp>
			</report>
			<report>
				<misses>13167001</misses>
				<total>27</total>
				<timestamp>3946.150421</timestamp>
			</report>
			<report>
				<misses>13168001</misses>
				<total>27</total>
				<timestamp>3946.450111</timestamp>
			</report>
			<report>
				<misses>13169001</misses>
				<total>27</total>
				<timestamp>3946.749878</timestamp>
			</report>
			<report>
				<misses>13170001</misses>
				<total>27</total>
				<timestamp>3947.049512</timestamp>
			</report>
			<report>
				<misses>13171001</misses>
				<total>27</total>
				<timestamp>3947.349187</timestamp>
			</report>
			<report>
				<misses>13172001</misses>
				<total>27</total>
				<timestamp>3947.648924</timestamp>
			</report>
			<report>
				<misses>13173001</misses>
				<total>27</total>
				<timestamp>3947.948573</timestamp>
			</report>
			<report>
				<misses>13174001</misses>
				<total>27</total>
				<timestamp>3948.248286</timestamp>
			</report>
			<report>
				<misses>13175001</misses>
				<total>27</total>
				<timestamp>3948.548003</timestamp>
			</report>
			<report>
				<misses>13176001</misses>
				<total>27</total>
				<timestamp>3948.847667</timestamp>
			</report>
			<report>
				<misses>13177001</misses>
				<total>26</total>
				<timestamp>3949.147474</timestamp>
			</report>
			<report>
				<misses>13178001</misses>
				<total>27</total>
				<timestamp>3949.447068</timestamp>
			</report>
			<report>
				<misses>13179001</misses>
				<total>26</total>
				<timestamp>3949.746864</timestamp>
			</report>
			<report>
				<misses>13180001</misses>
				<total>27</total>
				<timestamp>3950.046504</timestamp>
			</report>
			<report>
				<misses>13181001</misses>
				<total>27</total>
				<timestamp>3950.346176</timestamp>
			</report>
			<report>
				<misses>13182001</misses>
				<total>27</total>
				<timestamp>3950.645893</timestamp>
			</report>
			<report>
				<misses>13183001</misses>
				<total>27</total>
				<timestamp>3950.945574</timestamp>
			</report>
			<report>
				<misses>13184001</misses>
				<total>27</total>
				<timestamp>3951.245306</timestamp>
			</report>
			<report>
				<misses>13185001</misses>
				<total>27</total>
				<timestamp>3951.544994</timestamp>
			</report>
			<report>
				<misses>13186001</misses>
				<total>27</total>
				<timestamp>3951.844668</timestamp>
			</report>
			<report>
				<misses>13187001</misses>
				<total>26</total>
				<timestamp>3952.144486</timestamp>
			</report>
			<report>
				<misses>13188001</misses>
				<total>27</total>
				<timestamp>3952.444090</timestamp>
			</report>
			<report>
				<misses>13189001</misses>
				<total>27</total>
				<timestamp>3952.743803</timestamp>
			</report>
			<report>
				<misses>13190001</misses>
				<total>27</total>
				<timestamp>3953.043465</timestamp>
			</report>
			<report>
				<misses>13191001</misses>
				<total>27</total>
				<timestamp>3953.343201</timestamp>
			</report>
			<report>
				<misses>13192001</misses>
				<total>27</total>
				<timestamp>3953.642920</timestamp>
			</report>
			<report>
				<misses>13193001</misses>
				<total>27</total>
				<timestamp>3953.942638</timestamp>
			</report>
			<report>
				<misses>13194001</misses>
				<total>27</total>
				<timestamp>3954.242270</timestamp>
			</report>
			<report>
				<misses>13195001</misses>
				<total>27</total>
				<timestamp>3954.542034</timestamp>
			</report>
			<report>
				<misses>13196001</misses>
				<total>27</total>
				<timestamp>3954.841669</timestamp>
			</report>
			<report>
				<misses>13197001</misses>
				<total>26</total>
				<timestamp>3955.141467</timestamp>
			</report>
			<report>
				<misses>13198001</misses>
				<total>27</total>
				<timestamp>3955.441078</timestamp>
			</report>
			<report>
				<misses>13199001</misses>
				<total>27</total>
				<timestamp>3955.740785</timestamp>
			</report>
			<report>
				<misses>13200001</misses>
				<total>27</total>
				<timestamp>3956.040469</timestamp>
			</report>
			<report>
				<misses>13201001</misses>
				<total>27</total>
				<timestamp>3956.340173</timestamp>
			</report>
			<report>
				<misses>13202001</misses>
				<total>27</total>
				<timestamp>3956.639893</timestamp>
			</report>
			<report>
				<misses>13203001</misses>
				<total>27</total>
				<timestamp>3956.939570</timestamp>
			</report>
			<report>
				<misses>13204001</misses>
				<total>27</total>
				<timestamp>3957.239294</timestamp>
			</report>
			<report>
				<misses>13205001</misses>
				<total>27</total>
				<timestamp>3957.538997</timestamp>
			</report>
			<report>
				<misses>13206001</misses>
				<total>27</total>
				<timestamp>3957.838686</timestamp>
			</report>
			<report>
				<misses>13207001</misses>
				<total>27</total>
				<timestamp>3958.138456</timestamp>
			</report>
			<report>
				<misses>13208001</misses>
				<total>27</total>
				<timestamp>3958.438087</timestamp>
			</report>
			<report>
				<misses>13209001</misses>
				<total>27</total>
				<timestamp>3958.737781</timestamp>
			</report>
			<report>
				<misses>13210001</misses>
				<total>27</total>
				<timestamp>3959.037472</timestamp>
			</report>
			<report>
				<misses>13211001</misses>
				<total>27</total>
				<timestamp>3959.337162</timestamp>
			</report>
			<report>
				<misses>13212001</misses>
				<total>27</total>
				<timestamp>3959.636884</timestamp>
			</report>
			<report>
				<misses>13213001</misses>
				<total>27</total>
				<timestamp>3959.936575</timestamp>
			</report>
			<report>
				<misses>13214001</misses>
				<total>27</total>
				<timestamp>3960.236335</timestamp>
			</report>
			<report>
				<misses>13215001</misses>
				<total>27</total>
				<timestamp>3960.536005</timestamp>
			</report>
			<report>
				<misses>13216001</misses>
				<total>27</total>
				<timestamp>3960.835713</timestamp>
			</report>
			<report>
				<misses>13217001</misses>
				<total>27</total>
				<timestamp>3961.135453</timestamp>
			</report>
			<report>
				<misses>13218001</misses>
				<total>27</total>
				<timestamp>3961.435076</timestamp>
			</report>
			<report>
				<misses>13219001</misses>
				<total>27</total>
				<timestamp>3961.734774</timestamp>
			</report>
			<report>
				<misses>13220001</misses>
				<total>27</total>
				<timestamp>3962.034480</timestamp>
			</report>
			<report>
				<misses>13221001</misses>
				<total>27</total>
				<timestamp>3962.334174</timestamp>
			</report>
			<report>
				<misses>13222001</misses>
				<total>27</total>
				<timestamp>3962.633860</timestamp>
			</report>
			<report>
				<misses>13223001</misses>
				<total>27</total>
				<timestamp>3962.933612</timestamp>
			</report>
			<report>
				<misses>13224001</misses>
				<total>27</total>
				<timestamp>3963.233372</timestamp>
			</report>
			<report>
				<misses>13225001</misses>
				<total>27</total>
				<timestamp>3963.532991</timestamp>
			</report>
			<report>
				<misses>13226001</misses>
				<total>27</total>
				<timestamp>3963.832700</timestamp>
			</report>
			<report>
				<misses>13227001</misses>
				<total>27</total>
				<timestamp>3964.132372</timestamp>
			</report>
			<report>
				<misses>13228001</misses>
				<total>27</total>
				<timestamp>3964.432091</timestamp>
			</report>
			<report>
				<misses>13229001</misses>
				<total>27</total>
				<timestamp>3964.731881</timestamp>
			</report>
			<report>
				<misses>13230001</misses>
				<total>27</total>
				<timestamp>3965.031484</timestamp>
			</report>
			<report>
				<misses>13231001</misses>
				<total>27</total>
				<timestamp>3965.331160</timestamp>
			</report>
			<report>
				<misses>13232001</misses>
				<total>27</total>
				<timestamp>3965.630892</timestamp>
			</report>
			<report>
				<misses>13233001</misses>
				<total>27</total>
				<timestamp>3965.930566</timestamp>
			</report>
			<report>
				<misses>13234001</misses>
				<total>26</total>
				<timestamp>3966.230389</timestamp>
			</report>
			<report>
				<misses>13235001</misses>
				<total>27</total>
				<timestamp>3966.529998</timestamp>
			</report>
			<report>
				<misses>13236001</misses>
				<total>27</total>
				<timestamp>3966.829683</timestamp>
			</report>
			<report>
				<misses>13237001</misses>
				<total>27</total>
				<timestamp>3967.129413</timestamp>
			</report>
			<report>
				<misses>13238001</misses>
				<total>27</total>
				<timestamp>3967.429129</timestamp>
			</report>
			<report>
				<misses>13239001</misses>
				<total>27</total>
				<timestamp>3967.728807</timestamp>
			</report>
			<report>
				<misses>13240001</misses>
				<total>27</total>
				<timestamp>3968.028469</timestamp>
			</report>
			<report>
				<misses>13241001</misses>
				<total>27</total>
				<timestamp>3968.328186</timestamp>
			</report>
			<report>
				<misses>13242001</misses>
				<total>27</total>
				<timestamp>3968.627911</timestamp>
			</report>
			<report>
				<misses>13243001</misses>
				<total>27</total>
				<timestamp>3968.927559</timestamp>
			</report>
			<report>
				<misses>13244001</misses>
				<total>27</total>
				<timestamp>3969.227271</timestamp>
			</report>
			<report>
				<misses>13245001</misses>
				<total>27</total>
				<timestamp>3969.526994</timestamp>
			</report>
			<report>
				<misses>13246001</misses>
				<total>27</total>
				<timestamp>3969.826738</timestamp>
			</report>
			<report>
				<misses>13247001</misses>
				<total>27</total>
				<timestamp>3970.126416</timestamp>
			</report>
			<report>
				<misses>13248001</misses>
				<total>27</total>
				<timestamp>3970.426127</timestamp>
			</report>
			<report>
				<misses>13249001</misses>
				<total>27</total>
				<timestamp>3970.725811</timestamp>
			</report>
			<report>
				<misses>13250001</misses>
				<total>27</total>
				<timestamp>3971.025481</timestamp>
			</report>
			<report>
				<misses>13251001</misses>
				<total>27</total>
				<timestamp>3971.325180</timestamp>
			</report>
			<report>
				<misses>13252001</misses>
				<total>27</total>
				<timestamp>3971.624870</timestamp>
			</report>
			<report>
				<misses>13253001</misses>
				<total>27</total>
				<timestamp>3971.924639</timestamp>
			</report>
			<report>
				<misses>13254001</misses>
				<total>27</total>
				<timestamp>3972.224384</timestamp>
			</report>
			<report>
				<misses>13255001</misses>
				<total>27</total>
				<timestamp>3972.524013</timestamp>
			</report>
			<report>
				<misses>13256001</misses>
				<total>27</total>
				<timestamp>3972.823683</timestamp>
			</report>
			<report>
				<misses>13257001</misses>
				<total>27</total>
				<timestamp>3973.123388</timestamp>
			</report>
			<report>
				<misses>13258001</misses>
				<total>27</total>
				<timestamp>3973.423081</timestamp>
			</report>
			<report>
				<misses>13259001</misses>
				<total>27</total>
				<timestamp>3973.722793</timestamp>
			</report>
			<report>
				<misses>13260001</misses>
				<total>27</total>
				<timestamp>3974.022510</timestamp>
			</report>
			<report>
				<misses>13261001</misses>
				<total>27</total>
				<timestamp>3974.322159</timestamp>
			</report>
			<report>
				<misses>13262001</misses>
				<total>27</total>
				<timestamp>3974.621886</timestamp>
			</report>
			<report>
				<misses>13263001</misses>
				<total>27</total>
				<timestamp>3974.921630</timestamp>
			</report>
			<report>
				<misses>13264001</misses>
				<total>27</total>
				<timestamp>3975.221356</timestamp>
			</report>
			<report>
				<misses>13265001</misses>
				<total>27</total>
				<timestamp>3975.520989</timestamp>
			</report>
			<report>
				<misses>13266001</misses>
				<total>27</total>
				<timestamp>3975.820688</timestamp>
			</report>
			<report>
				<misses>13267001</misses>
				<total>27</total>
				<timestamp>3976.120368</timestamp>
			</report>
			<report>
				<misses>13268001</misses>
				<total>27</total>
				<timestamp>3976.420083</timestamp>
			</report>
			<report>
				<misses>13269001</misses>
				<total>27</total>
				<timestamp>3976.719784</timestamp>
			</report>
			<report>
				<misses>13270001</misses>
				<total>27</total>
				<timestamp>3977.019468</timestamp>
			</report>
			<report>
				<misses>13271001</misses>
				<total>27</total>
				<timestamp>3977.319163</timestamp>
			</report>
			<report>
				<misses>13272001</misses>
				<total>27</total>
				<timestamp>3977.618880</timestamp>
			</report>
			<report>
				<misses>13273001</misses>
				<total>27</total>
				<timestamp>3977.918640</timestamp>
			</report>
			<report>
				<misses>13274001</misses>
				<total>27</total>
				<timestamp>3978.218329</timestamp>
			</report>
			<report>
				<misses>13275001</misses>
				<total>27</total>
				<timestamp>3978.518009</timestamp>
			</report>
			<report>
				<misses>13276001</misses>
				<total>27</total>
				<timestamp>3978.817682</timestamp>
			</report>
			<report>
				<misses>13277001</misses>
				<total>27</total>
				<timestamp>3979.117367</timestamp>
			</report>
			<report>
				<misses>13278001</misses>
				<total>27</total>
				<timestamp>3979.417067</timestamp>
			</report>
			<report>
				<misses>13279001</misses>
				<total>27</total>
				<timestamp>3979.716791</timestamp>
			</report>
			<report>
				<misses>13280001</misses>
				<total>27</total>
				<timestamp>3980.016463</timestamp>
			</report>
			<report>
				<misses>13281001</misses>
				<total>27</total>
				<timestamp>3980.316165</timestamp>
			</report>
			<report>
				<misses>13282001</misses>
				<total>27</total>
				<timestamp>3980.615883</timestamp>
			</report>
			<report>
				<misses>13283001</misses>
				<total>27</total>
				<timestamp>3980.915595</timestamp>
			</report>
			<report>
				<misses>13284001</misses>
				<total>27</total>
				<timestamp>3981.215282</timestamp>
			</report>
			<report>
				<misses>13285001</misses>
				<total>27</total>
				<timestamp>3981.514983</timestamp>
			</report>
			<report>
				<misses>13286001</misses>
				<total>27</total>
				<timestamp>3981.814689</timestamp>
			</report>
			<report>
				<misses>13287001</misses>
				<total>27</total>
				<timestamp>3982.114404</timestamp>
			</report>
			<report>
				<misses>13288001</misses>
				<total>27</total>
				<timestamp>3982.414056</timestamp>
			</report>
			<report>
				<misses>13289001</misses>
				<total>27</total>
				<timestamp>3982.713794</timestamp>
			</report>
			<report>
				<misses>13290001</misses>
				<total>27</total>
				<timestamp>3983.013483</timestamp>
			</report>
			<report>
				<misses>13291001</misses>
				<total>27</total>
				<timestamp>3983.313176</timestamp>
			</report>
			<report>
				<misses>13292001</misses>
				<total>27</total>
				<timestamp>3983.612882</timestamp>
			</report>
			<report>
				<misses>13293001</misses>
				<total>27</total>
				<timestamp>3983.912660</timestamp>
			</report>
			<report>
				<misses>13294001</misses>
				<total>27</total>
				<timestamp>3984.212276</timestamp>
			</report>
			<report>
				<misses>13295001</misses>
				<total>27</total>
				<timestamp>3984.511995</timestamp>
			</report>
			<report>
				<misses>13296001</misses>
				<total>27</total>
				<timestamp>3984.811717</timestamp>
			</report>
			<report>
				<misses>13297001</misses>
				<total>27</total>
				<timestamp>3985.111376</timestamp>
			</report>
			<report>
				<misses>13298001</misses>
				<total>27</total>
				<timestamp>3985.411070</timestamp>
			</report>
			<report>
				<misses>13299001</misses>
				<total>27</total>
				<timestamp>3985.710762</timestamp>
			</report>
			<report>
				<misses>13300001</misses>
				<total>27</total>
				<timestamp>3986.010486</timestamp>
			</report>
			<report>
				<misses>13301001</misses>
				<total>27</total>
				<timestamp>3986.310257</timestamp>
			</report>
			<report>
				<misses>13302001</misses>
				<total>27</total>
				<timestamp>3986.609936</timestamp>
			</report>
			<report>
				<misses>13303001</misses>
				<total>27</total>
				<timestamp>3986.909641</timestamp>
			</report>
			<report>
				<misses>13304001</misses>
				<total>27</total>
				<timestamp>3987.209318</timestamp>
			</report>
			<report>
				<misses>13305001</misses>
				<total>27</total>
				<timestamp>3987.508976</timestamp>
			</report>
			<report>
				<misses>13306001</misses>
				<total>27</total>
				<timestamp>3987.808704</timestamp>
			</report>
			<report>
				<misses>13307001</misses>
				<total>27</total>
				<timestamp>3988.108385</timestamp>
			</report>
			<report>
				<misses>13308001</misses>
				<total>27</total>
				<timestamp>3988.408086</timestamp>
			</report>
			<report>
				<misses>13309001</misses>
				<total>27</total>
				<timestamp>3988.707883</timestamp>
			</report>
			<report>
				<misses>13310001</misses>
				<total>27</total>
				<timestamp>3989.007473</timestamp>
			</report>
			<report>
				<misses>13311001</misses>
				<total>27</total>
				<timestamp>3989.307176</timestamp>
			</report>
			<report>
				<misses>13312001</misses>
				<total>27</total>
				<timestamp>3989.606893</timestamp>
			</report>
			<report>
				<misses>13313001</misses>
				<total>27</total>
				<timestamp>3989.906610</timestamp>
			</report>
			<report>
				<misses>13314001</misses>
				<total>27</total>
				<timestamp>3990.206357</timestamp>
			</report>
			<report>
				<misses>13315001</misses>
				<total>27</total>
				<timestamp>3990.505995</timestamp>
			</report>
			<report>
				<misses>13316001</misses>
				<total>27</total>
				<timestamp>3990.805685</timestamp>
			</report>
			<report>
				<misses>13317001</misses>
				<total>27</total>
				<timestamp>3991.105427</timestamp>
			</report>
			<report>
				<misses>13318001</misses>
				<total>27</total>
				<timestamp>3991.405103</timestamp>
			</report>
			<report>
				<misses>13319001</misses>
				<total>27</total>
				<timestamp>3991.704765</timestamp>
			</report>
			<report>
				<misses>13320001</misses>
				<total>27</total>
				<timestamp>3992.004532</timestamp>
			</report>
			<report>
				<misses>13321001</misses>
				<total>27</total>
				<timestamp>3992.304238</timestamp>
			</report>
			<report>
				<misses>13322001</misses>
				<total>27</total>
				<timestamp>3992.603867</timestamp>
			</report>
			<report>
				<misses>13323001</misses>
				<total>27</total>
				<timestamp>3992.903583</timestamp>
			</report>
			<report>
				<misses>13324001</misses>
				<total>27</total>
				<timestamp>3993.203323</timestamp>
			</report>
			<report>
				<misses>13325001</misses>
				<total>27</total>
				<timestamp>3993.503017</timestamp>
			</report>
			<report>
				<misses>13326001</misses>
				<total>27</total>
				<timestamp>3993.802686</timestamp>
			</report>
			<report>
				<misses>13327001</misses>
				<total>27</total>
				<timestamp>3994.102411</timestamp>
			</report>
			<report>
				<misses>13328001</misses>
				<total>27</total>
				<timestamp>3994.402077</timestamp>
			</report>
			<report>
				<misses>13329001</misses>
				<total>27</total>
				<timestamp>3994.701780</timestamp>
			</report>
			<report>
				<misses>13330001</misses>
				<total>27</total>
				<timestamp>3995.001471</timestamp>
			</report>
			<report>
				<misses>13331001</misses>
				<total>27</total>
				<timestamp>3995.301177</timestamp>
			</report>
			<report>
				<misses>13332001</misses>
				<total>27</total>
				<timestamp>3995.600868</timestamp>
			</report>
			<report>
				<misses>13333001</misses>
				<total>27</total>
				<timestamp>3995.900599</timestamp>
			</report>
			<report>
				<misses>13334001</misses>
				<total>27</total>
				<timestamp>3996.200278</timestamp>
			</report>
			<report>
				<misses>13335001</misses>
				<total>27</total>
				<timestamp>3996.500063</timestamp>
			</report>
			<report>
				<misses>13336001</misses>
				<total>27</total>
				<timestamp>3996.799688</timestamp>
			</report>
			<report>
				<misses>13337001</misses>
				<total>27</total>
				<timestamp>3997.099403</timestamp>
			</report>
			<report>
				<misses>13338001</misses>
				<total>27</total>
				<timestamp>3997.399082</timestamp>
			</report>
			<report>
				<misses>13339001</misses>
				<total>27</total>
				<timestamp>3997.698776</timestamp>
			</report>
			<report>
				<misses>13340001</misses>
				<total>27</total>
				<timestamp>3997.998498</timestamp>
			</report>
			<report>
				<misses>13341001</misses>
				<total>27</total>
				<timestamp>3998.298193</timestamp>
			</report>
			<report>
				<misses>13342001</misses>
				<total>27</total>
				<timestamp>3998.597917</timestamp>
			</report>
			<report>
				<misses>13343001</misses>
				<total>27</total>
				<timestamp>3998.897680</timestamp>
			</report>
			<report>
				<misses>13344001</misses>
				<total>26</total>
				<timestamp>3999.197372</timestamp>
			</report>
			<report>
				<misses>13345001</misses>
				<total>27</total>
				<timestamp>3999.496960</timestamp>
			</report>
			<report>
				<misses>13346001</misses>
				<total>27</total>
				<timestamp>3999.796683</timestamp>
			</report>
			<report>
				<misses>13347001</misses>
				<total>27</total>
				<timestamp>4000.096407</timestamp>
			</report>
			<report>
				<misses>13348001</misses>
				<total>27</total>
				<timestamp>4000.396083</timestamp>
			</report>
			<report>
				<misses>13349001</misses>
				<total>27</total>
				<timestamp>4000.695767</timestamp>
			</report>
			<report>
				<misses>13350001</misses>
				<total>27</total>
				<timestamp>4000.995518</timestamp>
			</report>
			<report>
				<misses>13351001</misses>
				<total>27</total>
				<timestamp>4001.295218</timestamp>
			</report>
			<report>
				<misses>13352001</misses>
				<total>27</total>
				<timestamp>4001.594926</timestamp>
			</report>
			<report>
				<misses>13353001</misses>
				<total>27</total>
				<timestamp>4001.894672</timestamp>
			</report>
			<report>
				<misses>13354001</misses>
				<total>27</total>
				<timestamp>4002.194312</timestamp>
			</report>
			<report>
				<misses>13355001</misses>
				<total>27</total>
				<timestamp>4002.493988</timestamp>
			</report>
			<report>
				<misses>13356001</misses>
				<total>27</total>
				<timestamp>4002.793748</timestamp>
			</report>
			<report>
				<misses>13357001</misses>
				<total>27</total>
				<timestamp>4003.093374</timestamp>
			</report>
			<report>
				<misses>13358001</misses>
				<total>27</total>
				<timestamp>4003.393124</timestamp>
			</report>
			<report>
				<misses>13359001</misses>
				<total>27</total>
				<timestamp>4003.692776</timestamp>
			</report>
			<report>
				<misses>13360001</misses>
				<total>27</total>
				<timestamp>4003.992510</timestamp>
			</report>
			<report>
				<misses>13361001</misses>
				<total>27</total>
				<timestamp>4004.292225</timestamp>
			</report>
			<report>
				<misses>13362001</misses>
				<total>27</total>
				<timestamp>4004.591867</timestamp>
			</report>
			<report>
				<misses>13363001</misses>
				<total>27</total>
				<timestamp>4004.891606</timestamp>
			</report>
			<report>
				<misses>13364001</misses>
				<total>27</total>
				<timestamp>4005.191287</timestamp>
			</report>
			<report>
				<misses>13365001</misses>
				<total>27</total>
				<timestamp>4005.490996</timestamp>
			</report>
			<report>
				<misses>13366001</misses>
				<total>27</total>
				<timestamp>4005.790682</timestamp>
			</report>
			<report>
				<misses>13367001</misses>
				<total>27</total>
				<timestamp>4006.090400</timestamp>
			</report>
			<report>
				<misses>13368001</misses>
				<total>27</total>
				<timestamp>4006.390080</timestamp>
			</report>
			<report>
				<misses>13369001</misses>
				<total>27</total>
				<timestamp>4006.689764</timestamp>
			</report>
			<report>
				<misses>13370001</misses>
				<total>27</total>
				<timestamp>4006.989480</timestamp>
			</report>
			<report>
				<misses>13371001</misses>
				<total>26</total>
				<timestamp>4007.289270</timestamp>
			</report>
			<report>
				<misses>13372001</misses>
				<total>27</total>
				<timestamp>4007.588906</timestamp>
			</report>
			<report>
				<misses>13373001</misses>
				<total>27</total>
				<timestamp>4007.888599</timestamp>
			</report>
			<report>
				<misses>13374001</misses>
				<total>26</total>
				<timestamp>4008.188393</timestamp>
			</report>
			<report>
				<misses>13375001</misses>
				<total>27</total>
				<timestamp>4008.487989</timestamp>
			</report>
			<report>
				<misses>13376001</misses>
				<total>27</total>
				<timestamp>4008.787686</timestamp>
			</report>
			<report>
				<misses>13377001</misses>
				<total>27</total>
				<timestamp>4009.087387</timestamp>
			</report>
			<report>
				<misses>13378001</misses>
				<total>27</total>
				<timestamp>4009.387159</timestamp>
			</report>
			<report>
				<misses>13379001</misses>
				<total>27</total>
				<timestamp>4009.686768</timestamp>
			</report>
			<report>
				<misses>13380001</misses>
				<total>27</total>
				<timestamp>4009.986501</timestamp>
			</report>
			<report>
				<misses>13381001</misses>
				<total>27</total>
				<timestamp>4010.286217</timestamp>
			</report>
			<report>
				<misses>13382001</misses>
				<total>27</total>
				<timestamp>4010.585912</timestamp>
			</report>
			<report>
				<misses>13383001</misses>
				<total>27</total>
				<timestamp>4010.885632</timestamp>
			</report>
			<report>
				<misses>13384001</misses>
				<total>27</total>
				<timestamp>4011.185280</timestamp>
			</report>
			<report>
				<misses>13385001</misses>
				<total>27</total>
				<timestamp>4011.485020</timestamp>
			</report>
			<report>
				<misses>13386001</misses>
				<total>27</total>
				<timestamp>4011.784742</timestamp>
			</report>
			<report>
				<misses>13387001</misses>
				<total>27</total>
				<timestamp>4012.084433</timestamp>
			</report>
			<report>
				<misses>13388001</misses>
				<total>27</total>
				<timestamp>4012.384065</timestamp>
			</report>
			<report>
				<misses>13389001</misses>
				<total>27</total>
				<timestamp>4012.683776</timestamp>
			</report>
			<report>
				<misses>13390001</misses>
				<total>27</total>
				<timestamp>4012.983500</timestamp>
			</report>
			<report>
				<misses>13391001</misses>
				<total>28</total>
				<timestamp>4013.283246</timestamp>
			</report>
			<report>
				<misses>13392001</misses>
				<total>28</total>
				<timestamp>4013.582877</timestamp>
			</report>
			<report>
				<misses>13393001</misses>
				<total>28</total>
				<timestamp>4013.882619</timestamp>
			</report>
			<report>
				<misses>13394001</misses>
				<total>28</total>
				<timestamp>4014.182340</timestamp>
			</report>
			<report>
				<misses>13395001</misses>
				<total>28</total>
				<timestamp>4014.482036</timestamp>
			</report>
			<report>
				<misses>13396001</misses>
				<total>28</total>
				<timestamp>4014.781675</timestamp>
			</report>
			<report>
				<misses>13397001</misses>
				<total>28</total>
				<timestamp>4015.081429</timestamp>
			</report>
			<report>
				<misses>13398001</misses>
				<total>28</total>
				<timestamp>4015.381133</timestamp>
			</report>
			<report>
				<misses>13399001</misses>
				<total>28</total>
				<timestamp>4015.680789</timestamp>
			</report>
			<report>
				<misses>13400001</misses>
				<total>28</total>
				<timestamp>4015.980474</timestamp>
			</report>
			<report>
				<misses>13401001</misses>
				<total>28</total>
				<timestamp>4016.280227</timestamp>
			</report>
			<report>
				<misses>13402001</misses>
				<total>28</total>
				<timestamp>4016.579888</timestamp>
			</report>
			<report>
				<misses>13403001</misses>
				<total>28</total>
				<timestamp>4016.879580</timestamp>
			</report>
			<report>
				<misses>13404001</misses>
				<total>28</total>
				<timestamp>4017.179299</timestamp>
			</report>
			<report>
				<misses>13405001</misses>
				<total>28</total>
				<timestamp>4017.478982</timestamp>
			</report>
			<report>
				<misses>13406001</misses>
				<total>28</total>
				<timestamp>4017.778663</timestamp>
			</report>
			<report>
				<misses>13407001</misses>
				<total>28</total>
				<timestamp>4018.078395</timestamp>
			</report>
			<report>
				<misses>13408001</misses>
				<total>28</total>
				<timestamp>4018.378129</timestamp>
			</report>
			<report>
				<misses>13409001</misses>
				<total>28</total>
				<timestamp>4018.677825</timestamp>
			</report>
			<report>
				<misses>13410001</misses>
				<total>28</total>
				<timestamp>4018.977502</timestamp>
			</report>
			<report>
				<misses>13411001</misses>
				<total>28</total>
				<timestamp>4019.277163</timestamp>
			</report>
			<report>
				<misses>13412001</misses>
				<total>28</total>
				<timestamp>4019.576880</timestamp>
			</report>
			<report>
				<misses>13413001</misses>
				<total>28</total>
				<timestamp>4019.876603</timestamp>
			</report>
			<report>
				<misses>13414001</misses>
				<total>28</total>
				<timestamp>4020.176363</timestamp>
			</report>
			<report>
				<misses>13415001</misses>
				<total>28</total>
				<timestamp>4020.475989</timestamp>
			</report>
			<report>
				<misses>13416001</misses>
				<total>28</total>
				<timestamp>4020.775674</timestamp>
			</report>
			<report>
				<misses>13417001</misses>
				<total>28</total>
				<timestamp>4021.075434</timestamp>
			</report>
			<report>
				<misses>13418001</misses>
				<total>27</total>
				<timestamp>4021.375176</timestamp>
			</report>
			<report>
				<misses>13419001</misses>
				<total>28</total>
				<timestamp>4021.674777</timestamp>
			</report>
			<report>
				<misses>13420001</misses>
				<total>28</total>
				<timestamp>4021.974506</timestamp>
			</report>
			<report>
				<misses>13421001</misses>
				<total>28</total>
				<timestamp>4022.274165</timestamp>
			</report>
			<report>
				<misses>13422001</misses>
				<total>28</total>
				<timestamp>4022.573874</timestamp>
			</report>
			<report>
				<misses>13423001</misses>
				<total>28</total>
				<timestamp>4022.873571</timestamp>
			</report>
			<report>
				<misses>13424001</misses>
				<total>28</total>
				<timestamp>4023.173355</timestamp>
			</report>
			<report>
				<misses>13425001</misses>
				<total>28</total>
				<timestamp>4023.473045</timestamp>
			</report>
			<report>
				<misses>13426001</misses>
				<total>28</total>
				<timestamp>4023.772664</timestamp>
			</report>
			<report>
				<misses>13427001</misses>
				<total>28</total>
				<timestamp>4024.072378</timestamp>
			</report>
			<report>
				<misses>13428001</misses>
				<total>28</total>
				<timestamp>4024.372147</timestamp>
			</report>
			<report>
				<misses>13429001</misses>
				<total>28</total>
				<timestamp>4024.671869</timestamp>
			</report>
			<report>
				<misses>13430001</misses>
				<total>28</total>
				<timestamp>4024.971524</timestamp>
			</report>
			<report>
				<misses>13431001</misses>
				<total>28</total>
				<timestamp>4025.271178</timestamp>
			</report>
			<report>
				<misses>13432001</misses>
				<total>28</total>
				<timestamp>4025.570952</timestamp>
			</report>
			<report>
				<misses>13433001</misses>
				<total>28</total>
				<timestamp>4025.870584</timestamp>
			</report>
			<report>
				<misses>13434001</misses>
				<total>28</total>
				<timestamp>4026.170283</timestamp>
			</report>
			<report>
				<misses>13435001</misses>
				<total>28</total>
				<timestamp>4026.469988</timestamp>
			</report>
			<report>
				<misses>13436001</misses>
				<total>28</total>
				<timestamp>4026.769652</timestamp>
			</report>
			<report>
				<misses>13437001</misses>
				<total>28</total>
				<timestamp>4027.069470</timestamp>
			</report>
			<report>
				<misses>13438001</misses>
				<total>28</total>
				<timestamp>4027.369142</timestamp>
			</report>
			<report>
				<misses>13439001</misses>
				<total>28</total>
				<timestamp>4027.668767</timestamp>
			</report>
			<report>
				<misses>13440001</misses>
				<total>28</total>
				<timestamp>4027.968461</timestamp>
			</report>
			<report>
				<misses>13441001</misses>
				<total>28</total>
				<timestamp>4028.268170</timestamp>
			</report>
			<report>
				<misses>13442001</misses>
				<total>28</total>
				<timestamp>4028.567882</timestamp>
			</report>
			<report>
				<misses>13443001</misses>
				<total>28</total>
				<timestamp>4028.867611</timestamp>
			</report>
			<report>
				<misses>13444001</misses>
				<total>28</total>
				<timestamp>4029.167279</timestamp>
			</report>
			<report>
				<misses>13445001</misses>
				<total>28</total>
				<timestamp>4029.467064</timestamp>
			</report>
			<report>
				<misses>13446001</misses>
				<total>28</total>
				<timestamp>4029.766693</timestamp>
			</report>
			<report>
				<misses>13447001</misses>
				<total>28</total>
				<timestamp>4030.066383</timestamp>
			</report>
			<report>
				<misses>13448001</misses>
				<total>28</total>
				<timestamp>4030.366071</timestamp>
			</report>
			<report>
				<misses>13449001</misses>
				<total>28</total>
				<timestamp>4030.665778</timestamp>
			</report>
			<report>
				<misses>13450001</misses>
				<total>28</total>
				<timestamp>4030.965476</timestamp>
			</report>
			<report>
				<misses>13451001</misses>
				<total>28</total>
				<timestamp>4031.265280</timestamp>
			</report>
			<report>
				<misses>13452001</misses>
				<total>28</total>
				<timestamp>4031.564864</timestamp>
			</report>
			<report>
				<misses>13453001</misses>
				<total>28</total>
				<timestamp>4031.864563</timestamp>
			</report>
			<report>
				<misses>13454001</misses>
				<total>28</total>
				<timestamp>4032.164295</timestamp>
			</report>
			<report>
				<misses>13455001</misses>
				<total>28</total>
				<timestamp>4032.464081</timestamp>
			</report>
			<report>
				<misses>13456001</misses>
				<total>28</total>
				<timestamp>4032.763671</timestamp>
			</report>
			<report>
				<misses>13457001</misses>
				<total>28</total>
				<timestamp>4033.063395</timestamp>
			</report>
			<report>
				<misses>13458001</misses>
				<total>28</total>
				<timestamp>4033.363106</timestamp>
			</report>
			<report>
				<misses>13459001</misses>
				<total>28</total>
				<timestamp>4033.662780</timestamp>
			</report>
			<report>
				<misses>13460001</misses>
				<total>28</total>
				<timestamp>4033.962504</timestamp>
			</report>
			<report>
				<misses>13461001</misses>
				<total>28</total>
				<timestamp>4034.262252</timestamp>
			</report>
			<report>
				<misses>13462001</misses>
				<total>28</total>
				<timestamp>4034.561882</timestamp>
			</report>
			<report>
				<misses>13463001</misses>
				<total>28</total>
				<timestamp>4034.861571</timestamp>
			</report>
			<report>
				<misses>13464001</misses>
				<total>28</total>
				<timestamp>4035.161297</timestamp>
			</report>
			<report>
				<misses>13465001</misses>
				<total>28</total>
				<timestamp>4035.461070</timestamp>
			</report>
			<report>
				<misses>13466001</misses>
				<total>28</total>
				<timestamp>4035.760674</timestamp>
			</report>
			<report>
				<misses>13467001</misses>
				<total>28</total>
				<timestamp>4036.060404</timestamp>
			</report>
			<report>
				<misses>13468001</misses>
				<total>28</total>
				<timestamp>4036.360071</timestamp>
			</report>
			<report>
				<misses>13469001</misses>
				<total>28</total>
				<timestamp>4036.659776</timestamp>
			</report>
			<report>
				<misses>13470001</misses>
				<total>28</total>
				<timestamp>4036.959509</timestamp>
			</report>
			<report>
				<misses>13471001</misses>
				<total>28</total>
				<timestamp>4037.259172</timestamp>
			</report>
			<report>
				<misses>13472001</misses>
				<total>28</total>
				<timestamp>4037.558865</timestamp>
			</report>
			<report>
				<misses>13473001</misses>
				<total>28</total>
				<timestamp>4037.858576</timestamp>
			</report>
			<report>
				<misses>13474001</misses>
				<total>27</total>
				<timestamp>4038.158375</timestamp>
			</report>
			<report>
				<misses>13475001</misses>
				<total>28</total>
				<timestamp>4038.458049</timestamp>
			</report>
			<report>
				<misses>13476001</misses>
				<total>28</total>
				<timestamp>4038.757702</timestamp>
			</report>
			<report>
				<misses>13477001</misses>
				<total>28</total>
				<timestamp>4039.057393</timestamp>
			</report>
			<report>
				<misses>13478001</misses>
				<total>28</total>
				<timestamp>4039.357096</timestamp>
			</report>
			<report>
				<misses>13479001</misses>
				<total>28</total>
				<timestamp>4039.656779</timestamp>
			</report>
			<report>
				<misses>13480001</misses>
				<total>28</total>
				<timestamp>4039.956467</timestamp>
			</report>
			<report>
				<misses>13481001</misses>
				<total>28</total>
				<timestamp>4040.256180</timestamp>
			</report>
			<report>
				<misses>13482001</misses>
				<total>28</total>
				<timestamp>4040.555884</timestamp>
			</report>
			<report>
				<misses>13483001</misses>
				<total>28</total>
				<timestamp>4040.855600</timestamp>
			</report>
			<report>
				<misses>13484001</misses>
				<total>28</total>
				<timestamp>4041.155338</timestamp>
			</report>
			<report>
				<misses>13485001</misses>
				<total>28</total>
				<timestamp>4041.455069</timestamp>
			</report>
			<report>
				<misses>13486001</misses>
				<total>28</total>
				<timestamp>4041.754668</timestamp>
			</report>
			<report>
				<misses>13487001</misses>
				<total>28</total>
				<timestamp>4042.054404</timestamp>
			</report>
			<report>
				<misses>13488001</misses>
				<total>28</total>
				<timestamp>4042.354129</timestamp>
			</report>
			<report>
				<misses>13489001</misses>
				<total>28</total>
				<timestamp>4042.653774</timestamp>
			</report>
			<report>
				<misses>13490001</misses>
				<total>28</total>
				<timestamp>4042.953470</timestamp>
			</report>
			<report>
				<misses>13491001</misses>
				<total>27</total>
				<timestamp>4043.253316</timestamp>
			</report>
			<report>
				<misses>13492001</misses>
				<total>28</total>
				<timestamp>4043.552871</timestamp>
			</report>
			<report>
				<misses>13493001</misses>
				<total>28</total>
				<timestamp>4043.852572</timestamp>
			</report>
			<report>
				<misses>13494001</misses>
				<total>28</total>
				<timestamp>4044.152343</timestamp>
			</report>
			<report>
				<misses>13495001</misses>
				<total>28</total>
				<timestamp>4044.452022</timestamp>
			</report>
			<report>
				<misses>13496001</misses>
				<total>28</total>
				<timestamp>4044.751674</timestamp>
			</report>
			<report>
				<misses>13497001</misses>
				<total>28</total>
				<timestamp>4045.051385</timestamp>
			</report>
			<report>
				<misses>13498001</misses>
				<total>28</total>
				<timestamp>4045.351130</timestamp>
			</report>
			<report>
				<misses>13499001</misses>
				<total>28</total>
				<timestamp>4045.650771</timestamp>
			</report>
			<report>
				<misses>13500001</misses>
				<total>28</total>
				<timestamp>4045.950494</timestamp>
			</report>
			<report>
				<misses>13501001</misses>
				<total>28</total>
				<timestamp>4046.250194</timestamp>
			</report>
			<report>
				<misses>13502001</misses>
				<total>28</total>
				<timestamp>4046.549937</timestamp>
			</report>
			<report>
				<misses>13503001</misses>
				<total>28</total>
				<timestamp>4046.849584</timestamp>
			</report>
			<report>
				<misses>13504001</misses>
				<total>28</total>
				<timestamp>4047.149293</timestamp>
			</report>
			<report>
				<misses>13505001</misses>
				<total>28</total>
				<timestamp>4047.449117</timestamp>
			</report>
			<report>
				<misses>13506001</misses>
				<total>28</total>
				<timestamp>4047.748678</timestamp>
			</report>
			<report>
				<misses>13507001</misses>
				<total>28</total>
				<timestamp>4048.048389</timestamp>
			</report>
			<report>
				<misses>13508001</misses>
				<total>28</total>
				<timestamp>4048.348138</timestamp>
			</report>
			<report>
				<misses>13509001</misses>
				<total>28</total>
				<timestamp>4048.647768</timestamp>
			</report>
			<report>
				<misses>13510001</misses>
				<total>28</total>
				<timestamp>4048.947481</timestamp>
			</report>
			<report>
				<misses>13511001</misses>
				<total>28</total>
				<timestamp>4049.247246</timestamp>
			</report>
			<report>
				<misses>13512001</misses>
				<total>28</total>
				<timestamp>4049.546930</timestamp>
			</report>
			<report>
				<misses>13513001</misses>
				<total>28</total>
				<timestamp>4049.846572</timestamp>
			</report>
			<report>
				<misses>13514001</misses>
				<total>28</total>
				<timestamp>4050.146298</timestamp>
			</report>
			<report>
				<misses>13515001</misses>
				<total>28</total>
				<timestamp>4050.446045</timestamp>
			</report>
			<report>
				<misses>13516001</misses>
				<total>28</total>
				<timestamp>4050.745680</timestamp>
			</report>
			<report>
				<misses>13517001</misses>
				<total>28</total>
				<timestamp>4051.045388</timestamp>
			</report>
			<report>
				<misses>13518001</misses>
				<total>28</total>
				<timestamp>4051.345088</timestamp>
			</report>
			<report>
				<misses>13519001</misses>
				<total>28</total>
				<timestamp>4051.644769</timestamp>
			</report>
			<report>
				<misses>13520001</misses>
				<total>28</total>
				<timestamp>4051.944498</timestamp>
			</report>
			<report>
				<misses>13521001</misses>
				<total>28</total>
				<timestamp>4052.244184</timestamp>
			</report>
			<report>
				<misses>13522001</misses>
				<total>28</total>
				<timestamp>4052.543940</timestamp>
			</report>
			<report>
				<misses>13523001</misses>
				<total>28</total>
				<timestamp>4052.843580</timestamp>
			</report>
			<report>
				<misses>13524001</misses>
				<total>28</total>
				<timestamp>4053.143391</timestamp>
			</report>
			<report>
				<misses>13525001</misses>
				<total>28</total>
				<timestamp>4053.443000</timestamp>
			</report>
			<report>
				<misses>13526001</misses>
				<total>28</total>
				<timestamp>4053.742674</timestamp>
			</report>
			<report>
				<misses>13527001</misses>
				<total>27</total>
				<timestamp>4054.042472</timestamp>
			</report>
			<report>
				<misses>13528001</misses>
				<total>28</total>
				<timestamp>4054.342183</timestamp>
			</report>
			<report>
				<misses>13529001</misses>
				<total>28</total>
				<timestamp>4054.641783</timestamp>
			</report>
			<report>
				<misses>13530001</misses>
				<total>28</total>
				<timestamp>4054.941484</timestamp>
			</report>
			<report>
				<misses>13531001</misses>
				<total>28</total>
				<timestamp>4055.241170</timestamp>
			</report>
			<report>
				<misses>13532001</misses>
				<total>28</total>
				<timestamp>4055.540916</timestamp>
			</report>
			<report>
				<misses>13533001</misses>
				<total>28</total>
				<timestamp>4055.840574</timestamp>
			</report>
			<report>
				<misses>13534001</misses>
				<total>28</total>
				<timestamp>4056.140274</timestamp>
			</report>
			<report>
				<misses>13535001</misses>
				<total>28</total>
				<timestamp>4056.440031</timestamp>
			</report>
			<report>
				<misses>13536001</misses>
				<total>28</total>
				<timestamp>4056.739663</timestamp>
			</report>
			<report>
				<misses>13537001</misses>
				<total>28</total>
				<timestamp>4057.039427</timestamp>
			</report>
			<report>
				<misses>13538001</misses>
				<total>28</total>
				<timestamp>4057.339086</timestamp>
			</report>
			<report>
				<misses>13539001</misses>
				<total>28</total>
				<timestamp>4057.638841</timestamp>
			</report>
			<report>
				<misses>13540001</misses>
				<total>28</total>
				<timestamp>4057.938496</timestamp>
			</report>
			<report>
				<misses>13541001</misses>
				<total>28</total>
				<timestamp>4058.238184</timestamp>
			</report>
			<report>
				<misses>13542001</misses>
				<total>27</total>
				<timestamp>4058.538053</timestamp>
			</report>
			<report>
				<misses>13543001</misses>
				<total>28</total>
				<timestamp>4058.837581</timestamp>
			</report>
			<report>
				<misses>13544001</misses>
				<total>28</total>
				<timestamp>4059.137291</timestamp>
			</report>
			<report>
				<misses>13545001</misses>
				<total>28</total>
				<timestamp>4059.436977</timestamp>
			</report>
			<report>
				<misses>13546001</misses>
				<total>27</total>
				<timestamp>4059.736803</timestamp>
			</report>
			<report>
				<misses>13547001</misses>
				<total>28</total>
				<timestamp>4060.036384</timestamp>
			</report>
			<report>
				<misses>13548001</misses>
				<total>28</total>
				<timestamp>4060.336142</timestamp>
			</report>
			<report>
				<misses>13549001</misses>
				<total>28</total>
				<timestamp>4060.635769</timestamp>
			</report>
			<report>
				<misses>13550001</misses>
				<total>28</total>
				<timestamp>4060.935473</timestamp>
			</report>
			<report>
				<misses>13551001</misses>
				<total>28</total>
				<timestamp>4061.235168</timestamp>
			</report>
			<report>
				<misses>13552001</misses>
				<total>28</total>
				<timestamp>4061.534879</timestamp>
			</report>
			<report>
				<misses>13553001</misses>
				<total>28</total>
				<timestamp>4061.834589</timestamp>
			</report>
			<report>
				<misses>13554001</misses>
				<total>28</total>
				<timestamp>4062.134296</timestamp>
			</report>
			<report>
				<misses>13555001</misses>
				<total>28</total>
				<timestamp>4062.434039</timestamp>
			</report>
			<report>
				<misses>13556001</misses>
				<total>28</total>
				<timestamp>4062.733680</timestamp>
			</report>
			<report>
				<misses>13557001</misses>
				<total>28</total>
				<timestamp>4063.033410</timestamp>
			</report>
			<report>
				<misses>13558001</misses>
				<total>28</total>
				<timestamp>4063.333137</timestamp>
			</report>
			<report>
				<misses>13559001</misses>
				<total>28</total>
				<timestamp>4063.632765</timestamp>
			</report>
			<report>
				<misses>13560001</misses>
				<total>28</total>
				<timestamp>4063.932485</timestamp>
			</report>
			<report>
				<misses>13561001</misses>
				<total>28</total>
				<timestamp>4064.232251</timestamp>
			</report>
			<report>
				<misses>13562001</misses>
				<total>28</total>
				<timestamp>4064.531913</timestamp>
			</report>
			<report>
				<misses>13563001</misses>
				<total>28</total>
				<timestamp>4064.831563</timestamp>
			</report>
			<report>
				<misses>13564001</misses>
				<total>28</total>
				<timestamp>4065.131284</timestamp>
			</report>
			<report>
				<misses>13565001</misses>
				<total>28</total>
				<timestamp>4065.430997</timestamp>
			</report>
			<report>
				<misses>13566001</misses>
				<total>28</total>
				<timestamp>4065.730677</timestamp>
			</report>
			<report>
				<misses>13567001</misses>
				<total>28</total>
				<timestamp>4066.030380</timestamp>
			</report>
			<report>
				<misses>13568001</misses>
				<total>28</total>
				<timestamp>4066.330098</timestamp>
			</report>
			<report>
				<misses>13569001</misses>
				<total>28</total>
				<timestamp>4066.629765</timestamp>
			</report>
			<report>
				<misses>13570001</misses>
				<total>28</total>
				<timestamp>4066.929466</timestamp>
			</report>
			<report>
				<misses>13571001</misses>
				<total>28</total>
				<timestamp>4067.229249</timestamp>
			</report>
			<report>
				<misses>13572001</misses>
				<total>28</total>
				<timestamp>4067.528928</timestamp>
			</report>
			<report>
				<misses>13573001</misses>
				<total>28</total>
				<timestamp>4067.828571</timestamp>
			</report>
			<report>
				<misses>13574001</misses>
				<total>28</total>
				<timestamp>4068.128342</timestamp>
			</report>
			<report>
				<misses>13575001</misses>
				<total>28</total>
				<timestamp>4068.428054</timestamp>
			</report>
			<report>
				<misses>13576001</misses>
				<total>28</total>
				<timestamp>4068.727672</timestamp>
			</report>
			<report>
				<misses>13577001</misses>
				<total>28</total>
				<timestamp>4069.027368</timestamp>
			</report>
			<report>
				<misses>13578001</misses>
				<total>28</total>
				<timestamp>4069.327091</timestamp>
			</report>
			<report>
				<misses>13579001</misses>
				<total>28</total>
				<timestamp>4069.626775</timestamp>
			</report>
			<report>
				<misses>13580001</misses>
				<total>28</total>
				<timestamp>4069.926461</timestamp>
			</report>
			<report>
				<misses>13581001</misses>
				<total>28</total>
				<timestamp>4070.226192</timestamp>
			</report>
			<report>
				<misses>13582001</misses>
				<total>28</total>
				<timestamp>4070.525905</timestamp>
			</report>
			<report>
				<misses>13583001</misses>
				<total>28</total>
				<timestamp>4070.825587</timestamp>
			</report>
			<report>
				<misses>13584001</misses>
				<total>28</total>
				<timestamp>4071.125274</timestamp>
			</report>
			<report>
				<misses>13585001</misses>
				<total>28</total>
				<timestamp>4071.425081</timestamp>
			</report>
			<report>
				<misses>13586001</misses>
				<total>28</total>
				<timestamp>4071.724669</timestamp>
			</report>
			<report>
				<misses>13587001</misses>
				<total>28</total>
				<timestamp>4072.024395</timestamp>
			</report>
			<report>
				<misses>13588001</misses>
				<total>28</total>
				<timestamp>4072.324090</timestamp>
			</report>
			<report>
				<misses>13589001</misses>
				<total>28</total>
				<timestamp>4072.623778</timestamp>
			</report>
			<report>
				<misses>13590001</misses>
				<total>28</total>
				<timestamp>4072.923474</timestamp>
			</report>
			<report>
				<misses>13591001</misses>
				<total>28</total>
				<timestamp>4073.223206</timestamp>
			</report>
			<report>
				<misses>13592001</misses>
				<total>28</total>
				<timestamp>4073.522876</timestamp>
			</report>
			<report>
				<misses>13593001</misses>
				<total>28</total>
				<timestamp>4073.822577</timestamp>
			</report>
			<report>
				<misses>13594001</misses>
				<total>28</total>
				<timestamp>4074.122278</timestamp>
			</report>
			<report>
				<misses>13595001</misses>
				<total>28</total>
				<timestamp>4074.421988</timestamp>
			</report>
			<report>
				<misses>13596001</misses>
				<total>28</total>
				<timestamp>4074.721664</timestamp>
			</report>
			<report>
				<misses>13597001</misses>
				<total>28</total>
				<timestamp>4075.021403</timestamp>
			</report>
			<report>
				<misses>13598001</misses>
				<total>28</total>
				<timestamp>4075.321084</timestamp>
			</report>
			<report>
				<misses>13599001</misses>
				<total>28</total>
				<timestamp>4075.620763</timestamp>
			</report>
			<report>
				<misses>13600001</misses>
				<total>28</total>
				<timestamp>4075.920472</timestamp>
			</report>
			<report>
				<misses>13601001</misses>
				<total>28</total>
				<timestamp>4076.220178</timestamp>
			</report>
			<report>
				<misses>13602001</misses>
				<total>28</total>
				<timestamp>4076.519939</timestamp>
			</report>
			<report>
				<misses>13603001</misses>
				<total>28</total>
				<timestamp>4076.819562</timestamp>
			</report>
			<report>
				<misses>13604001</misses>
				<total>28</total>
				<timestamp>4077.119295</timestamp>
			</report>
			<report>
				<misses>13605001</misses>
				<total>28</total>
				<timestamp>4077.419035</timestamp>
			</report>
			<report>
				<misses>13606001</misses>
				<total>28</total>
				<timestamp>4077.718673</timestamp>
			</report>
			<report>
				<misses>13607001</misses>
				<total>28</total>
				<timestamp>4078.018391</timestamp>
			</report>
			<report>
				<misses>13608001</misses>
				<total>28</total>
				<timestamp>4078.318084</timestamp>
			</report>
			<report>
				<misses>13609001</misses>
				<total>28</total>
				<timestamp>4078.617841</timestamp>
			</report>
			<report>
				<misses>13610001</misses>
				<total>28</total>
				<timestamp>4078.917459</timestamp>
			</report>
			<report>
				<misses>13611001</misses>
				<total>28</total>
				<timestamp>4079.217161</timestamp>
			</report>
			<report>
				<misses>13612001</misses>
				<total>28</total>
				<timestamp>4079.516902</timestamp>
			</report>
			<report>
				<misses>13613001</misses>
				<total>28</total>
				<timestamp>4079.816571</timestamp>
			</report>
			<report>
				<misses>13614001</misses>
				<total>28</total>
				<timestamp>4080.116272</timestamp>
			</report>
			<report>
				<misses>13615001</misses>
				<total>28</total>
				<timestamp>4080.416000</timestamp>
			</report>
			<report>
				<misses>13616001</misses>
				<total>28</total>
				<timestamp>4080.715658</timestamp>
			</report>
			<report>
				<misses>13617001</misses>
				<total>28</total>
				<timestamp>4081.015372</timestamp>
			</report>
			<report>
				<misses>13618001</misses>
				<total>28</total>
				<timestamp>4081.315091</timestamp>
			</report>
			<report>
				<misses>13619001</misses>
				<total>28</total>
				<timestamp>4081.614849</timestamp>
			</report>
			<report>
				<misses>13620001</misses>
				<total>28</total>
				<timestamp>4081.914484</timestamp>
			</report>
			<report>
				<misses>13621001</misses>
				<total>28</total>
				<timestamp>4082.214159</timestamp>
			</report>
			<report>
				<misses>13622001</misses>
				<total>28</total>
				<timestamp>4082.513888</timestamp>
			</report>
			<report>
				<misses>13623001</misses>
				<total>28</total>
				<timestamp>4082.813573</timestamp>
			</report>
			<report>
				<misses>13624001</misses>
				<total>28</total>
				<timestamp>4083.113292</timestamp>
			</report>
			<report>
				<misses>13625001</misses>
				<total>28</total>
				<timestamp>4083.412996</timestamp>
			</report>
			<report>
				<misses>13626001</misses>
				<total>28</total>
				<timestamp>4083.712666</timestamp>
			</report>
			<report>
				<misses>13627001</misses>
				<total>28</total>
				<timestamp>4084.012361</timestamp>
			</report>
			<report>
				<misses>13628001</misses>
				<total>28</total>
				<timestamp>4084.312130</timestamp>
			</report>
			<report>
				<misses>13629001</misses>
				<total>28</total>
				<timestamp>4084.611836</timestamp>
			</report>
			<report>
				<misses>13630001</misses>
				<total>28</total>
				<timestamp>4084.911467</timestamp>
			</report>
			<report>
				<misses>13631001</misses>
				<total>28</total>
				<timestamp>4085.211171</timestamp>
			</report>
			<report>
				<misses>13632001</misses>
				<total>28</total>
				<timestamp>4085.510919</timestamp>
			</report>
			<report>
				<misses>13633001</misses>
				<total>28</total>
				<timestamp>4085.810573</timestamp>
			</report>
			<report>
				<misses>13634001</misses>
				<total>28</total>
				<timestamp>4086.110326</timestamp>
			</report>
			<report>
				<misses>13635001</misses>
				<total>28</total>
				<timestamp>4086.410047</timestamp>
			</report>
			<report>
				<misses>13636001</misses>
				<total>28</total>
				<timestamp>4086.709661</timestamp>
			</report>
			<report>
				<misses>13637001</misses>
				<total>28</total>
				<timestamp>4087.009378</timestamp>
			</report>
			<report>
				<misses>13638001</misses>
				<total>28</total>
				<timestamp>4087.309088</timestamp>
			</report>
			<report>
				<misses>13639001</misses>
				<total>28</total>
				<timestamp>4087.608775</timestamp>
			</report>
			<report>
				<misses>13640001</misses>
				<total>28</total>
				<timestamp>4087.908483</timestamp>
			</report>
			<report>
				<misses>13641001</misses>
				<total>28</total>
				<timestamp>4088.208173</timestamp>
			</report>
			<report>
				<misses>13642001</misses>
				<total>28</total>
				<timestamp>4088.507892</timestamp>
			</report>
			<report>
				<misses>13643001</misses>
				<total>28</total>
				<timestamp>4088.807566</timestamp>
			</report>
			<report>
				<misses>13644001</misses>
				<total>29</total>
				<timestamp>4089.107302</timestamp>
			</report>
			<report>
				<misses>13645001</misses>
				<total>29</total>
				<timestamp>4089.407005</timestamp>
			</report>
			<report>
				<misses>13646001</misses>
				<total>28</total>
				<timestamp>4089.706759</timestamp>
			</report>
			<report>
				<misses>13647001</misses>
				<total>29</total>
				<timestamp>4090.006396</timestamp>
			</report>
			<report>
				<misses>13648001</misses>
				<total>29</total>
				<timestamp>4090.306107</timestamp>
			</report>
			<report>
				<misses>13649001</misses>
				<total>29</total>
				<timestamp>4090.605782</timestamp>
			</report>
			<report>
				<misses>13650001</misses>
				<total>29</total>
				<timestamp>4090.905478</timestamp>
			</report>
			<report>
				<misses>13651001</misses>
				<total>29</total>
				<timestamp>4091.205181</timestamp>
			</report>
			<report>
				<misses>13652001</misses>
				<total>29</total>
				<timestamp>4091.504919</timestamp>
			</report>
			<report>
				<misses>13653001</misses>
				<total>29</total>
				<timestamp>4091.804570</timestamp>
			</report>
			<report>
				<misses>13654001</misses>
				<total>29</total>
				<timestamp>4092.104274</timestamp>
			</report>
			<report>
				<misses>13655001</misses>
				<total>29</total>
				<timestamp>4092.404022</timestamp>
			</report>
			<report>
				<misses>13656001</misses>
				<total>29</total>
				<timestamp>4092.703737</timestamp>
			</report>
			<report>
				<misses>13657001</misses>
				<total>29</total>
				<timestamp>4093.003375</timestamp>
			</report>
			<report>
				<misses>13658001</misses>
				<total>29</total>
				<timestamp>4093.303126</timestamp>
			</report>
			<report>
				<misses>13659001</misses>
				<total>28</total>
				<timestamp>4093.602917</timestamp>
			</report>
			<report>
				<misses>13660001</misses>
				<total>29</total>
				<timestamp>4093.902472</timestamp>
			</report>
			<report>
				<misses>13661001</misses>
				<total>29</total>
				<timestamp>4094.202181</timestamp>
			</report>
			<report>
				<misses>13662001</misses>
				<total>29</total>
				<timestamp>4094.501909</timestamp>
			</report>
			<report>
				<misses>13663001</misses>
				<total>29</total>
				<timestamp>4094.801617</timestamp>
			</report>
			<report>
				<misses>13664001</misses>
				<total>29</total>
				<timestamp>4095.101336</timestamp>
			</report>
			<report>
				<misses>13665001</misses>
				<total>29</total>
				<timestamp>4095.401091</timestamp>
			</report>
			<report>
				<misses>13666001</misses>
				<total>29</total>
				<timestamp>4095.700710</timestamp>
			</report>
			<report>
				<misses>13667001</misses>
				<total>29</total>
				<timestamp>4096.000361</timestamp>
			</report>
			<report>
				<misses>13668001</misses>
				<total>29</total>
				<timestamp>4096.300069</timestamp>
			</report>
			<report>
				<misses>13669001</misses>
				<total>30</total>
				<timestamp>4096.599772</timestamp>
			</report>
			<report>
				<misses>13670001</misses>
				<total>30</total>
				<timestamp>4096.899495</timestamp>
			</report>
			<report>
				<misses>13671001</misses>
				<total>29</total>
				<timestamp>4097.199277</timestamp>
			</report>
			<report>
				<misses>13672001</misses>
				<total>30</total>
				<timestamp>4097.498879</timestamp>
			</report>
			<report>
				<misses>13673001</misses>
				<total>30</total>
				<timestamp>4097.798579</timestamp>
			</report>
			<report>
				<misses>13674001</misses>
				<total>31</total>
				<timestamp>4098.098314</timestamp>
			</report>
			<report>
				<misses>13675001</misses>
				<total>31</total>
				<timestamp>4098.398031</timestamp>
			</report>
			<report>
				<misses>13676001</misses>
				<total>30</total>
				<timestamp>4098.697781</timestamp>
			</report>
			<report>
				<misses>13677001</misses>
				<total>31</total>
				<timestamp>4098.997370</timestamp>
			</report>
			<report>
				<misses>13678001</misses>
				<total>31</total>
				<timestamp>4099.297080</timestamp>
			</report>
			<report>
				<misses>13679001</misses>
				<total>31</total>
				<timestamp>4099.596828</timestamp>
			</report>
			<report>
				<misses>13680001</misses>
				<total>31</total>
				<timestamp>4099.896530</timestamp>
			</report>
			<report>
				<misses>13681001</misses>
				<total>31</total>
				<timestamp>4100.196195</timestamp>
			</report>
			<report>
				<misses>13682001</misses>
				<total>31</total>
				<timestamp>4100.495869</timestamp>
			</report>
			<report>
				<misses>13683001</misses>
				<total>31</total>
				<timestamp>4100.795573</timestamp>
			</report>
			<report>
				<misses>13684001</misses>
				<total>31</total>
				<timestamp>4101.095264</timestamp>
			</report>
			<report>
				<misses>13685001</misses>
				<total>31</total>
				<timestamp>4101.395043</timestamp>
			</report>
			<report>
				<misses>13686001</misses>
				<total>31</total>
				<timestamp>4101.694804</timestamp>
			</report>
			<report>
				<misses>13687001</misses>
				<total>31</total>
				<timestamp>4101.994371</timestamp>
			</report>
			<report>
				<misses>13688001</misses>
				<total>31</total>
				<timestamp>4102.294063</timestamp>
			</report>
			<report>
				<misses>13689001</misses>
				<total>31</total>
				<timestamp>4102.593841</timestamp>
			</report>
			<report>
				<misses>13690001</misses>
				<total>31</total>
				<timestamp>4102.893466</timestamp>
			</report>
			<report>
				<misses>13691001</misses>
				<total>31</total>
				<timestamp>4103.193234</timestamp>
			</report>
			<report>
				<misses>13692001</misses>
				<total>31</total>
				<timestamp>4103.492863</timestamp>
			</report>
			<report>
				<misses>13693001</misses>
				<total>31</total>
				<timestamp>4103.792561</timestamp>
			</report>
			<report>
				<misses>13694001</misses>
				<total>31</total>
				<timestamp>4104.092291</timestamp>
			</report>
			<report>
				<misses>13695001</misses>
				<total>31</total>
				<timestamp>4104.392005</timestamp>
			</report>
			<report>
				<misses>13696001</misses>
				<total>31</total>
				<timestamp>4104.691748</timestamp>
			</report>
			<report>
				<misses>13697001</misses>
				<total>31</total>
				<timestamp>4104.991368</timestamp>
			</report>
			<report>
				<misses>13698001</misses>
				<total>31</total>
				<timestamp>4105.291086</timestamp>
			</report>
			<report>
				<misses>13699001</misses>
				<total>31</total>
				<timestamp>4105.590775</timestamp>
			</report>
			<report>
				<misses>13700001</misses>
				<total>31</total>
				<timestamp>4105.890516</timestamp>
			</report>
			<report>
				<misses>13701001</misses>
				<total>31</total>
				<timestamp>4106.190175</timestamp>
			</report>
			<report>
				<misses>13702001</misses>
				<total>31</total>
				<timestamp>4106.489896</timestamp>
			</report>
			<report>
				<misses>13703001</misses>
				<total>31</total>
				<timestamp>4106.789580</timestamp>
			</report>
			<report>
				<misses>13704001</misses>
				<total>31</total>
				<timestamp>4107.089282</timestamp>
			</report>
			<report>
				<misses>13705001</misses>
				<total>31</total>
				<timestamp>4107.389044</timestamp>
			</report>
			<report>
				<misses>13706001</misses>
				<total>31</total>
				<timestamp>4107.688665</timestamp>
			</report>
			<report>
				<misses>13707001</misses>
				<total>31</total>
				<timestamp>4107.988377</timestamp>
			</report>
			<report>
				<misses>13708001</misses>
				<total>31</total>
				<timestamp>4108.288094</timestamp>
			</report>
			<report>
				<misses>13709001</misses>
				<total>31</total>
				<timestamp>4108.587854</timestamp>
			</report>
			<report>
				<misses>13710001</misses>
				<total>31</total>
				<timestamp>4108.887465</timestamp>
			</report>
			<report>
				<misses>13711001</misses>
				<total>31</total>
				<timestamp>4109.187192</timestamp>
			</report>
			<report>
				<misses>13712001</misses>
				<total>31</total>
				<timestamp>4109.486888</timestamp>
			</report>
			<report>
				<misses>13713001</misses>
				<total>31</total>
				<timestamp>4109.786650</timestamp>
			</report>
			<report>
				<misses>13714001</misses>
				<total>31</total>
				<timestamp>4110.086286</timestamp>
			</report>
			<report>
				<misses>13715001</misses>
				<total>31</total>
				<timestamp>4110.385978</timestamp>
			</report>
			<report>
				<misses>13716001</misses>
				<total>31</total>
				<timestamp>4110.685695</timestamp>
			</report>
			<report>
				<misses>13717001</misses>
				<total>31</total>
				<timestamp>4110.985370</timestamp>
			</report>
			<report>
				<misses>13718001</misses>
				<total>31</total>
				<timestamp>4111.285081</timestamp>
			</report>
			<report>
				<misses>13719001</misses>
				<total>31</total>
				<timestamp>4111.584794</timestamp>
			</report>
			<report>
				<misses>13720001</misses>
				<total>31</total>
				<timestamp>4111.884473</timestamp>
			</report>
			<report>
				<misses>13721001</misses>
				<total>31</total>
				<timestamp>4112.184165</timestamp>
			</report>
			<report>
				<misses>13722001</misses>
				<total>31</total>
				<timestamp>4112.483951</timestamp>
			</report>
			<report>
				<misses>13723001</misses>
				<total>31</total>
				<timestamp>4112.783647</timestamp>
			</report>
			<report>
				<misses>13724001</misses>
				<total>31</total>
				<timestamp>4113.083279</timestamp>
			</report>
			<report>
				<misses>13725001</misses>
				<total>31</total>
				<timestamp>4113.382974</timestamp>
			</report>
			<report>
				<misses>13726001</misses>
				<total>31</total>
				<timestamp>4113.682673</timestamp>
			</report>
			<report>
				<misses>13727001</misses>
				<total>31</total>
				<timestamp>4113.982382</timestamp>
			</report>
			<report>
				<misses>13728001</misses>
				<total>31</total>
				<timestamp>4114.282104</timestamp>
			</report>
			<report>
				<misses>13729001</misses>
				<total>31</total>
				<timestamp>4114.581871</timestamp>
			</report>
			<report>
				<misses>13730001</misses>
				<total>31</total>
				<timestamp>4114.881478</timestamp>
			</report>
			<report>
				<misses>13731001</misses>
				<total>31</total>
				<timestamp>4115.181175</timestamp>
			</report>
			<report>
				<misses>13732001</misses>
				<total>31</total>
				<timestamp>4115.480882</timestamp>
			</report>
			<report>
				<misses>13733001</misses>
				<total>31</total>
				<timestamp>4115.780583</timestamp>
			</report>
			<report>
				<misses>13734001</misses>
				<total>31</total>
				<timestamp>4116.080271</timestamp>
			</report>
			<report>
				<misses>13735001</misses>
				<total>31</total>
				<timestamp>4116.380011</timestamp>
			</report>
			<report>
				<misses>13736001</misses>
				<total>31</total>
				<timestamp>4116.679750</timestamp>
			</report>
			<report>
				<misses>13737001</misses>
				<total>31</total>
				<timestamp>4116.979382</timestamp>
			</report>
			<report>
				<misses>13738001</misses>
				<total>31</total>
				<timestamp>4117.279098</timestamp>
			</report>
			<report>
				<misses>13739001</misses>
				<total>31</total>
				<timestamp>4117.578798</timestamp>
			</report>
			<report>
				<misses>13740001</misses>
				<total>31</total>
				<timestamp>4117.878496</timestamp>
			</report>
			<report>
				<misses>13741001</misses>
				<total>31</total>
				<timestamp>4118.178193</timestamp>
			</report>
			<report>
				<misses>13742001</misses>
				<total>31</total>
				<timestamp>4118.477881</timestamp>
			</report>
			<report>
				<misses>13743001</misses>
				<total>31</total>
				<timestamp>4118.777582</timestamp>
			</report>
			<report>
				<misses>13744001</misses>
				<total>31</total>
				<timestamp>4119.077309</timestamp>
			</report>
			<report>
				<misses>13745001</misses>
				<total>31</total>
				<timestamp>4119.376981</timestamp>
			</report>
			<report>
				<misses>13746001</misses>
				<total>31</total>
				<timestamp>4119.676692</timestamp>
			</report>
			<report>
				<misses>13747001</misses>
				<total>31</total>
				<timestamp>4119.976396</timestamp>
			</report>
			<report>
				<misses>13748001</misses>
				<total>34</total>
				<timestamp>4120.276110</timestamp>
			</report>
			<report>
				<misses>13749001</misses>
				<total>34</total>
				<timestamp>4120.575793</timestamp>
			</report>
			<report>
				<misses>13750001</misses>
				<total>34</total>
				<timestamp>4120.875467</timestamp>
			</report>
			<report>
				<misses>13751001</misses>
				<total>34</total>
				<timestamp>4121.175174</timestamp>
			</report>
			<report>
				<misses>13752001</misses>
				<total>34</total>
				<timestamp>4121.474924</timestamp>
			</report>
			<report>
				<misses>13753001</misses>
				<total>34</total>
				<timestamp>4121.774566</timestamp>
			</report>
			<report>
				<misses>13754001</misses>
				<total>34</total>
				<timestamp>4122.074294</timestamp>
			</report>
			<report>
				<misses>13755001</misses>
				<total>34</total>
				<timestamp>4122.374005</timestamp>
			</report>
			<report>
				<misses>13756001</misses>
				<total>34</total>
				<timestamp>4122.673741</timestamp>
			</report>
			<report>
				<misses>13757001</misses>
				<total>34</total>
				<timestamp>4122.973366</timestamp>
			</report>
			<report>
				<misses>13758001</misses>
				<total>34</total>
				<timestamp>4123.273088</timestamp>
			</report>
			<report>
				<misses>13759001</misses>
				<total>34</total>
				<timestamp>4123.572811</timestamp>
			</report>
			<report>
				<misses>13760001</misses>
				<total>34</total>
				<timestamp>4123.872474</timestamp>
			</report>
			<report>
				<misses>13761001</misses>
				<total>34</total>
				<timestamp>4124.172178</timestamp>
			</report>
			<report>
				<misses>13762001</misses>
				<total>34</total>
				<timestamp>4124.471881</timestamp>
			</report>
			<report>
				<misses>13763001</misses>
				<total>33</total>
				<timestamp>4124.771701</timestamp>
			</report>
			<report>
				<misses>13764001</misses>
				<total>34</total>
				<timestamp>4125.071276</timestamp>
			</report>
			<report>
				<misses>13765001</misses>
				<total>34</total>
				<timestamp>4125.371031</timestamp>
			</report>
			<report>
				<misses>13766001</misses>
				<total>34</total>
				<timestamp>4125.670727</timestamp>
			</report>
			<report>
				<misses>13767001</misses>
				<total>34</total>
				<timestamp>4125.970362</timestamp>
			</report>
			<report>
				<misses>13768001</misses>
				<total>34</total>
				<timestamp>4126.270060</timestamp>
			</report>
			<report>
				<misses>13769001</misses>
				<total>34</total>
				<timestamp>4126.569775</timestamp>
			</report>
			<report>
				<misses>13770001</misses>
				<total>34</total>
				<timestamp>4126.869470</timestamp>
			</report>
			<report>
				<misses>13771001</misses>
				<total>34</total>
				<timestamp>4127.169162</timestamp>
			</report>
			<report>
				<misses>13772001</misses>
				<total>34</total>
				<timestamp>4127.468862</timestamp>
			</report>
			<report>
				<misses>13773001</misses>
				<total>34</total>
				<timestamp>4127.768583</timestamp>
			</report>
			<report>
				<misses>13774001</misses>
				<total>34</total>
				<timestamp>4128.068272</timestamp>
			</report>
			<report>
				<misses>13775001</misses>
				<total>34</total>
				<timestamp>4128.367988</timestamp>
			</report>
			<report>
				<misses>13776001</misses>
				<total>34</total>
				<timestamp>4128.667707</timestamp>
			</report>
			<report>
				<misses>13777001</misses>
				<total>34</total>
				<timestamp>4128.967374</timestamp>
			</report>
			<report>
				<misses>13778001</misses>
				<total>34</total>
				<timestamp>4129.267067</timestamp>
			</report>
			<report>
				<misses>13779001</misses>
				<total>34</total>
				<timestamp>4129.566824</timestamp>
			</report>
			<report>
				<misses>13780001</misses>
				<total>34</total>
				<timestamp>4129.866563</timestamp>
			</report>
			<report>
				<misses>13781001</misses>
				<total>34</total>
				<timestamp>4130.166178</timestamp>
			</report>
			<report>
				<misses>13782001</misses>
				<total>34</total>
				<timestamp>4130.465889</timestamp>
			</report>
			<report>
				<misses>13783001</misses>
				<total>33</total>
				<timestamp>4130.765691</timestamp>
			</report>
			<report>
				<misses>13784001</misses>
				<total>34</total>
				<timestamp>4131.065277</timestamp>
			</report>
			<report>
				<misses>13785001</misses>
				<total>34</total>
				<timestamp>4131.365058</timestamp>
			</report>
			<report>
				<misses>13786001</misses>
				<total>34</total>
				<timestamp>4131.664700</timestamp>
			</report>
			<report>
				<misses>13787001</misses>
				<total>34</total>
				<timestamp>4131.964375</timestamp>
			</report>
			<report>
				<misses>13788001</misses>
				<total>34</total>
				<timestamp>4132.264074</timestamp>
			</report>
			<report>
				<misses>13789001</misses>
				<total>34</total>
				<timestamp>4132.563812</timestamp>
			</report>
			<report>
				<misses>13790001</misses>
				<total>34</total>
				<timestamp>4132.863471</timestamp>
			</report>
			<report>
				<misses>13791001</misses>
				<total>34</total>
				<timestamp>4133.163158</timestamp>
			</report>
			<report>
				<misses>13792001</misses>
				<total>34</total>
				<timestamp>4133.462885</timestamp>
			</report>
			<report>
				<misses>13793001</misses>
				<total>34</total>
				<timestamp>4133.762623</timestamp>
			</report>
			<report>
				<misses>13794001</misses>
				<total>34</total>
				<timestamp>4134.062276</timestamp>
			</report>
			<report>
				<misses>13795001</misses>
				<total>34</total>
				<timestamp>4134.361969</timestamp>
			</report>
			<report>
				<misses>13796001</misses>
				<total>34</total>
				<timestamp>4134.661758</timestamp>
			</report>
			<report>
				<misses>13797001</misses>
				<total>34</total>
				<timestamp>4134.961363</timestamp>
			</report>
			<report>
				<misses>13798001</misses>
				<total>34</total>
				<timestamp>4135.261069</timestamp>
			</report>
			<report>
				<misses>13799001</misses>
				<total>34</total>
				<timestamp>4135.560812</timestamp>
			</report>
			<report>
				<misses>13800001</misses>
				<total>34</total>
				<timestamp>4135.860516</timestamp>
			</report>
			<report>
				<misses>13801001</misses>
				<total>34</total>
				<timestamp>4136.160179</timestamp>
			</report>
			<report>
				<misses>13802001</misses>
				<total>34</total>
				<timestamp>4136.459874</timestamp>
			</report>
			<report>
				<misses>13803001</misses>
				<total>34</total>
				<timestamp>4136.759600</timestamp>
			</report>
			<report>
				<misses>13804001</misses>
				<total>34</total>
				<timestamp>4137.059281</timestamp>
			</report>
			<report>
				<misses>13805001</misses>
				<total>34</total>
				<timestamp>4137.358994</timestamp>
			</report>
			<report>
				<misses>13806001</misses>
				<total>34</total>
				<timestamp>4137.658701</timestamp>
			</report>
			<report>
				<misses>13807001</misses>
				<total>34</total>
				<timestamp>4137.958379</timestamp>
			</report>
			<report>
				<misses>13808001</misses>
				<total>34</total>
				<timestamp>4138.258107</timestamp>
			</report>
			<report>
				<misses>13809001</misses>
				<total>34</total>
				<timestamp>4138.557766</timestamp>
			</report>
			<report>
				<misses>13810001</misses>
				<total>34</total>
				<timestamp>4138.857550</timestamp>
			</report>
			<report>
				<misses>13811001</misses>
				<total>34</total>
				<timestamp>4139.157162</timestamp>
			</report>
			<report>
				<misses>13812001</misses>
				<total>34</total>
				<timestamp>4139.456949</timestamp>
			</report>
			<report>
				<misses>13813001</misses>
				<total>34</total>
				<timestamp>4139.756611</timestamp>
			</report>
			<report>
				<misses>13814001</misses>
				<total>34</total>
				<timestamp>4140.056282</timestamp>
			</report>
			<report>
				<misses>13815001</misses>
				<total>34</total>
				<timestamp>4140.356000</timestamp>
			</report>
			<report>
				<misses>13816001</misses>
				<total>34</total>
				<timestamp>4140.655670</timestamp>
			</report>
			<report>
				<misses>13817001</misses>
				<total>34</total>
				<timestamp>4140.955357</timestamp>
			</report>
			<report>
				<misses>13818001</misses>
				<total>34</total>
				<timestamp>4141.255073</timestamp>
			</report>
			<report>
				<misses>13819001</misses>
				<total>34</total>
				<timestamp>4141.554774</timestamp>
			</report>
			<report>
				<misses>13820001</misses>
				<total>34</total>
				<timestamp>4141.854568</timestamp>
			</report>
			<report>
				<misses>13821001</misses>
				<total>34</total>
				<timestamp>4142.154156</timestamp>
			</report>
			<report>
				<misses>13822001</misses>
				<total>34</total>
				<timestamp>4142.453878</timestamp>
			</report>
			<report>
				<misses>13823001</misses>
				<total>34</total>
				<timestamp>4142.753618</timestamp>
			</report>
			<report>
				<misses>13824001</misses>
				<total>34</total>
				<timestamp>4143.053262</timestamp>
			</report>
			<report>
				<misses>13825001</misses>
				<total>34</total>
				<timestamp>4143.353005</timestamp>
			</report>
			<report>
				<misses>13826001</misses>
				<total>34</total>
				<timestamp>4143.652697</timestamp>
			</report>
			<report>
				<misses>13827001</misses>
				<total>34</total>
				<timestamp>4143.952371</timestamp>
			</report>
			<report>
				<misses>13828001</misses>
				<total>34</total>
				<timestamp>4144.252068</timestamp>
			</report>
			<report>
				<misses>13829001</misses>
				<total>34</total>
				<timestamp>4144.551776</timestamp>
			</report>
			<report>
				<misses>13830001</misses>
				<total>34</total>
				<timestamp>4144.851466</timestamp>
			</report>
			<report>
				<misses>13831001</misses>
				<total>34</total>
				<timestamp>4145.151184</timestamp>
			</report>
			<report>
				<misses>13832001</misses>
				<total>34</total>
				<timestamp>4145.450876</timestamp>
			</report>
			<report>
				<misses>13833001</misses>
				<total>33</total>
				<timestamp>4145.750696</timestamp>
			</report>
			<report>
				<misses>13834001</misses>
				<total>34</total>
				<timestamp>4146.050271</timestamp>
			</report>
			<report>
				<misses>13835001</misses>
				<total>34</total>
				<timestamp>4146.349970</timestamp>
			</report>
			<report>
				<misses>13836001</misses>
				<total>34</total>
				<timestamp>4146.649692</timestamp>
			</report>
			<report>
				<misses>13837001</misses>
				<total>34</total>
				<timestamp>4146.949431</timestamp>
			</report>
			<report>
				<misses>13838001</misses>
				<total>34</total>
				<timestamp>4147.249079</timestamp>
			</report>
			<report>
				<misses>13839001</misses>
				<total>34</total>
				<timestamp>4147.548777</timestamp>
			</report>
			<report>
				<misses>13840001</misses>
				<total>34</total>
				<timestamp>4147.848486</timestamp>
			</report>
			<report>
				<misses>13841001</misses>
				<total>34</total>
				<timestamp>4148.148160</timestamp>
			</report>
			<report>
				<misses>13842001</misses>
				<total>34</total>
				<timestamp>4148.447925</timestamp>
			</report>
			<report>
				<misses>13843001</misses>
				<total>34</total>
				<timestamp>4148.747649</timestamp>
			</report>
			<report>
				<misses>13844001</misses>
				<total>34</total>
				<timestamp>4149.047279</timestamp>
			</report>
			<report>
				<misses>13845001</misses>
				<total>34</total>
				<timestamp>4149.347020</timestamp>
			</report>
			<report>
				<misses>13846001</misses>
				<total>34</total>
				<timestamp>4149.646690</timestamp>
			</report>
			<report>
				<misses>13847001</misses>
				<total>34</total>
				<timestamp>4149.946380</timestamp>
			</report>
			<report>
				<misses>13848001</misses>
				<total>34</total>
				<timestamp>4150.246081</timestamp>
			</report>
			<report>
				<misses>13849001</misses>
				<total>34</total>
				<timestamp>4150.545780</timestamp>
			</report>
			<report>
				<misses>13850001</misses>
				<total>34</total>
				<timestamp>4150.845547</timestamp>
			</report>
			<report>
				<misses>13851001</misses>
				<total>34</total>
				<timestamp>4151.145209</timestamp>
			</report>
			<report>
				<misses>13852001</misses>
				<total>34</total>
				<timestamp>4151.444919</timestamp>
			</report>
			<report>
				<misses>13853001</misses>
				<total>34</total>
				<timestamp>4151.744647</timestamp>
			</report>
			<report>
				<misses>13854001</misses>
				<total>34</total>
				<timestamp>4152.044359</timestamp>
			</report>
			<report>
				<misses>13855001</misses>
				<total>34</total>
				<timestamp>4152.343989</timestamp>
			</report>
			<report>
				<misses>13856001</misses>
				<total>34</total>
				<timestamp>4152.643671</timestamp>
			</report>
			<report>
				<misses>13857001</misses>
				<total>34</total>
				<timestamp>4152.943365</timestamp>
			</report>
			<report>
				<misses>13858001</misses>
				<total>34</total>
				<timestamp>4153.243074</timestamp>
			</report>
			<report>
				<misses>13859001</misses>
				<total>34</total>
				<timestamp>4153.542780</timestamp>
			</report>
			<report>
				<misses>13860001</misses>
				<total>34</total>
				<timestamp>4153.842553</timestamp>
			</report>
			<report>
				<misses>13861001</misses>
				<total>34</total>
				<timestamp>4154.142165</timestamp>
			</report>
			<report>
				<misses>13862001</misses>
				<total>34</total>
				<timestamp>4154.441886</timestamp>
			</report>
			<report>
				<misses>13863001</misses>
				<total>34</total>
				<timestamp>4154.741608</timestamp>
			</report>
			<report>
				<misses>13864001</misses>
				<total>34</total>
				<timestamp>4155.041360</timestamp>
			</report>
			<report>
				<misses>13865001</misses>
				<total>34</total>
				<timestamp>4155.341003</timestamp>
			</report>
			<report>
				<misses>13866001</misses>
				<total>34</total>
				<timestamp>4155.640694</timestamp>
			</report>
			<report>
				<misses>13867001</misses>
				<total>34</total>
				<timestamp>4155.940399</timestamp>
			</report>
			<report>
				<misses>13868001</misses>
				<total>34</total>
				<timestamp>4156.240061</timestamp>
			</report>
			<report>
				<misses>13869001</misses>
				<total>34</total>
				<timestamp>4156.539761</timestamp>
			</report>
			<report>
				<misses>13870001</misses>
				<total>34</total>
				<timestamp>4156.839552</timestamp>
			</report>
			<report>
				<misses>13871001</misses>
				<total>34</total>
				<timestamp>4157.139227</timestamp>
			</report>
			<report>
				<misses>13872001</misses>
				<total>34</total>
				<timestamp>4157.438881</timestamp>
			</report>
			<report>
				<misses>13873001</misses>
				<total>34</total>
				<timestamp>4157.738622</timestamp>
			</report>
			<report>
				<misses>13874001</misses>
				<total>34</total>
				<timestamp>4158.038268</timestamp>
			</report>
			<report>
				<misses>13875001</misses>
				<total>34</total>
				<timestamp>4158.337996</timestamp>
			</report>
			<report>
				<misses>13876001</misses>
				<total>34</total>
				<timestamp>4158.637672</timestamp>
			</report>
			<report>
				<misses>13877001</misses>
				<total>34</total>
				<timestamp>4158.937384</timestamp>
			</report>
			<report>
				<misses>13878001</misses>
				<total>34</total>
				<timestamp>4159.237088</timestamp>
			</report>
			<report>
				<misses>13879001</misses>
				<total>34</total>
				<timestamp>4159.536767</timestamp>
			</report>
			<report>
				<misses>13880001</misses>
				<total>34</total>
				<timestamp>4159.836552</timestamp>
			</report>
			<report>
				<misses>13881001</misses>
				<total>34</total>
				<timestamp>4160.136186</timestamp>
			</report>
			<report>
				<misses>13882001</misses>
				<total>34</total>
				<timestamp>4160.435873</timestamp>
			</report>
			<report>
				<misses>13883001</misses>
				<total>34</total>
				<timestamp>4160.735586</timestamp>
			</report>
			<report>
				<misses>13884001</misses>
				<total>34</total>
				<timestamp>4161.035267</timestamp>
			</report>
			<report>
				<misses>13885001</misses>
				<total>34</total>
				<timestamp>4161.334976</timestamp>
			</report>
			<report>
				<misses>13886001</misses>
				<total>34</total>
				<timestamp>4161.634678</timestamp>
			</report>
			<report>
				<misses>13887001</misses>
				<total>34</total>
				<timestamp>4161.934428</timestamp>
			</report>
			<report>
				<misses>13888001</misses>
				<total>34</total>
				<timestamp>4162.234090</timestamp>
			</report>
			<report>
				<misses>13889001</misses>
				<total>34</total>
				<timestamp>4162.533805</timestamp>
			</report>
			<report>
				<misses>13890001</misses>
				<total>34</total>
				<timestamp>4162.833500</timestamp>
			</report>
			<report>
				<misses>13891001</misses>
				<total>34</total>
				<timestamp>4163.133215</timestamp>
			</report>
			<report>
				<misses>13892001</misses>
				<total>34</total>
				<timestamp>4163.432871</timestamp>
			</report>
			<report>
				<misses>13893001</misses>
				<total>34</total>
				<timestamp>4163.732596</timestamp>
			</report>
			<report>
				<misses>13894001</misses>
				<total>34</total>
				<timestamp>4164.032281</timestamp>
			</report>
			<report>
				<misses>13895001</misses>
				<total>34</total>
				<timestamp>4164.331987</timestamp>
			</report>
			<report>
				<misses>13896001</misses>
				<total>34</total>
				<timestamp>4164.631705</timestamp>
			</report>
			<report>
				<misses>13897001</misses>
				<total>34</total>
				<timestamp>4164.931378</timestamp>
			</report>
			<report>
				<misses>13898001</misses>
				<total>34</total>
				<timestamp>4165.231074</timestamp>
			</report>
			<report>
				<misses>13899001</misses>
				<total>34</total>
				<timestamp>4165.530775</timestamp>
			</report>
			<report>
				<misses>13900001</misses>
				<total>34</total>
				<timestamp>4165.830611</timestamp>
			</report>
			<report>
				<misses>13901001</misses>
				<total>34</total>
				<timestamp>4166.130160</timestamp>
			</report>
			<report>
				<misses>13902001</misses>
				<total>34</total>
				<timestamp>4166.429881</timestamp>
			</report>
			<report>
				<misses>13903001</misses>
				<total>34</total>
				<timestamp>4166.729576</timestamp>
			</report>
			<report>
				<misses>13904001</misses>
				<total>34</total>
				<timestamp>4167.029273</timestamp>
			</report>
			<report>
				<misses>13905001</misses>
				<total>34</total>
				<timestamp>4167.328984</timestamp>
			</report>
			<report>
				<misses>13906001</misses>
				<total>34</total>
				<timestamp>4167.628735</timestamp>
			</report>
			<report>
				<misses>13907001</misses>
				<total>34</total>
				<timestamp>4167.928473</timestamp>
			</report>
			<report>
				<misses>13908001</misses>
				<total>34</total>
				<timestamp>4168.228087</timestamp>
			</report>
			<report>
				<misses>13909001</misses>
				<total>34</total>
				<timestamp>4168.527781</timestamp>
			</report>
			<report>
				<misses>13910001</misses>
				<total>34</total>
				<timestamp>4168.827480</timestamp>
			</report>
			<report>
				<misses>13911001</misses>
				<total>34</total>
				<timestamp>4169.127167</timestamp>
			</report>
			<report>
				<misses>13912001</misses>
				<total>34</total>
				<timestamp>4169.426880</timestamp>
			</report>
			<report>
				<misses>13913001</misses>
				<total>34</total>
				<timestamp>4169.726625</timestamp>
			</report>
			<report>
				<misses>13914001</misses>
				<total>34</total>
				<timestamp>4170.026290</timestamp>
			</report>
			<report>
				<misses>13915001</misses>
				<total>34</total>
				<timestamp>4170.326047</timestamp>
			</report>
			<report>
				<misses>13916001</misses>
				<total>34</total>
				<timestamp>4170.625668</timestamp>
			</report>
			<report>
				<misses>13917001</misses>
				<total>34</total>
				<timestamp>4170.925407</timestamp>
			</report>
			<report>
				<misses>13918001</misses>
				<total>34</total>
				<timestamp>4171.225083</timestamp>
			</report>
			<report>
				<misses>13919001</misses>
				<total>34</total>
				<timestamp>4171.524782</timestamp>
			</report>
			<report>
				<misses>13920001</misses>
				<total>34</total>
				<timestamp>4171.824484</timestamp>
			</report>
			<report>
				<misses>13921001</misses>
				<total>34</total>
				<timestamp>4172.124177</timestamp>
			</report>
			<report>
				<misses>13922001</misses>
				<total>34</total>
				<timestamp>4172.423878</timestamp>
			</report>
			<report>
				<misses>13923001</misses>
				<total>34</total>
				<timestamp>4172.723560</timestamp>
			</report>
			<report>
				<misses>13924001</misses>
				<total>34</total>
				<timestamp>4173.023311</timestamp>
			</report>
			<report>
				<misses>13925001</misses>
				<total>34</total>
				<timestamp>4173.322975</timestamp>
			</report>
			<report>
				<misses>13926001</misses>
				<total>34</total>
				<timestamp>4173.622694</timestamp>
			</report>
			<report>
				<misses>13927001</misses>
				<total>34</total>
				<timestamp>4173.922437</timestamp>
			</report>
			<report>
				<misses>13928001</misses>
				<total>34</total>
				<timestamp>4174.222076</timestamp>
			</report>
			<report>
				<misses>13929001</misses>
				<total>34</total>
				<timestamp>4174.521767</timestamp>
			</report>
			<report>
				<misses>13930001</misses>
				<total>34</total>
				<timestamp>4174.821509</timestamp>
			</report>
			<report>
				<misses>13931001</misses>
				<total>34</total>
				<timestamp>4175.121179</timestamp>
			</report>
			<report>
				<misses>13932001</misses>
				<total>34</total>
				<timestamp>4175.420875</timestamp>
			</report>
			<report>
				<misses>13933001</misses>
				<total>34</total>
				<timestamp>4175.720582</timestamp>
			</report>
			<report>
				<misses>13934001</misses>
				<total>33</total>
				<timestamp>4176.020411</timestamp>
			</report>
			<report>
				<misses>13935001</misses>
				<total>34</total>
				<timestamp>4176.319969</timestamp>
			</report>
			<report>
				<misses>13936001</misses>
				<total>34</total>
				<timestamp>4176.619677</timestamp>
			</report>
			<report>
				<misses>13937001</misses>
				<total>34</total>
				<timestamp>4176.919462</timestamp>
			</report>
			<report>
				<misses>13938001</misses>
				<total>34</total>
				<timestamp>4177.219069</timestamp>
			</report>
			<report>
				<misses>13939001</misses>
				<total>34</total>
				<timestamp>4177.518779</timestamp>
			</report>
			<report>
				<misses>13940001</misses>
				<total>34</total>
				<timestamp>4177.818485</timestamp>
			</report>
			<report>
				<misses>13941001</misses>
				<total>34</total>
				<timestamp>4178.118173</timestamp>
			</report>
			<report>
				<misses>13942001</misses>
				<total>34</total>
				<timestamp>4178.417947</timestamp>
			</report>
			<report>
				<misses>13943001</misses>
				<total>34</total>
				<timestamp>4178.717576</timestamp>
			</report>
			<report>
				<misses>13944001</misses>
				<total>34</total>
				<timestamp>4179.017304</timestamp>
			</report>
			<report>
				<misses>13945001</misses>
				<total>34</total>
				<timestamp>4179.316984</timestamp>
			</report>
			<report>
				<misses>13946001</misses>
				<total>34</total>
				<timestamp>4179.616672</timestamp>
			</report>
			<report>
				<misses>13947001</misses>
				<total>34</total>
				<timestamp>4179.916373</timestamp>
			</report>
			<report>
				<misses>13948001</misses>
				<total>34</total>
				<timestamp>4180.216074</timestamp>
			</report>
			<report>
				<misses>13949001</misses>
				<total>34</total>
				<timestamp>4180.515781</timestamp>
			</report>
			<report>
				<misses>13950001</misses>
				<total>34</total>
				<timestamp>4180.815492</timestamp>
			</report>
			<report>
				<misses>13951001</misses>
				<total>34</total>
				<timestamp>4181.115172</timestamp>
			</report>
			<report>
				<misses>13952001</misses>
				<total>34</total>
				<timestamp>4181.414886</timestamp>
			</report>
			<report>
				<misses>13953001</misses>
				<total>34</total>
				<timestamp>4181.714572</timestamp>
			</report>
			<report>
				<misses>13954001</misses>
				<total>34</total>
				<timestamp>4182.014296</timestamp>
			</report>
			<report>
				<misses>13955001</misses>
				<total>34</total>
				<timestamp>4182.314004</timestamp>
			</report>
			<report>
				<misses>13956001</misses>
				<total>34</total>
				<timestamp>4182.613723</timestamp>
			</report>
			<report>
				<misses>13957001</misses>
				<total>34</total>
				<timestamp>4182.913362</timestamp>
			</report>
			<report>
				<misses>13958001</misses>
				<total>34</total>
				<timestamp>4183.213071</timestamp>
			</report>
			<report>
				<misses>13959001</misses>
				<total>34</total>
				<timestamp>4183.512770</timestamp>
			</report>
			<report>
				<misses>13960001</misses>
				<total>34</total>
				<timestamp>4183.812487</timestamp>
			</report>
			<report>
				<misses>13961001</misses>
				<total>34</total>
				<timestamp>4184.112200</timestamp>
			</report>
			<report>
				<misses>13962001</misses>
				<total>34</total>
				<timestamp>4184.411874</timestamp>
			</report>
			<report>
				<misses>13963001</misses>
				<total>34</total>
				<timestamp>4184.711567</timestamp>
			</report>
			<report>
				<misses>13964001</misses>
				<total>34</total>
				<timestamp>4185.011329</timestamp>
			</report>
			<report>
				<misses>13965001</misses>
				<total>34</total>
				<timestamp>4185.310985</timestamp>
			</report>
			<report>
				<misses>13966001</misses>
				<total>34</total>
				<timestamp>4185.610760</timestamp>
			</report>
			<report>
				<misses>13967001</misses>
				<total>34</total>
				<timestamp>4185.910450</timestamp>
			</report>
			<report>
				<misses>13968001</misses>
				<total>34</total>
				<timestamp>4186.210073</timestamp>
			</report>
			<report>
				<misses>13969001</misses>
				<total>34</total>
				<timestamp>4186.509780</timestamp>
			</report>
			<report>
				<misses>13970001</misses>
				<total>34</total>
				<timestamp>4186.809531</timestamp>
			</report>
			<report>
				<misses>13971001</misses>
				<total>34</total>
				<timestamp>4187.109167</timestamp>
			</report>
			<report>
				<misses>13972001</misses>
				<total>34</total>
				<timestamp>4187.408864</timestamp>
			</report>
			<report>
				<misses>13973001</misses>
				<total>34</total>
				<timestamp>4187.708609</timestamp>
			</report>
			<report>
				<misses>13974001</misses>
				<total>34</total>
				<timestamp>4188.008296</timestamp>
			</report>
			<report>
				<misses>13975001</misses>
				<total>34</total>
				<timestamp>4188.308001</timestamp>
			</report>
			<report>
				<misses>13976001</misses>
				<total>34</total>
				<timestamp>4188.607682</timestamp>
			</report>
			<report>
				<misses>13977001</misses>
				<total>34</total>
				<timestamp>4188.907432</timestamp>
			</report>
			<report>
				<misses>13978001</misses>
				<total>34</total>
				<timestamp>4189.207084</timestamp>
			</report>
			<report>
				<misses>13979001</misses>
				<total>34</total>
				<timestamp>4189.506799</timestamp>
			</report>
			<report>
				<misses>13980001</misses>
				<total>34</total>
				<timestamp>4189.806469</timestamp>
			</report>
			<report>
				<misses>13981001</misses>
				<total>34</total>
				<timestamp>4190.106172</timestamp>
			</report>
			<report>
				<misses>13982001</misses>
				<total>34</total>
				<timestamp>4190.405883</timestamp>
			</report>
			<report>
				<misses>13983001</misses>
				<total>34</total>
				<timestamp>4190.705583</timestamp>
			</report>
			<report>
				<misses>13984001</misses>
				<total>34</total>
				<timestamp>4191.005357</timestamp>
			</report>
			<report>
				<misses>13985001</misses>
				<total>34</total>
				<timestamp>4191.305031</timestamp>
			</report>
			<report>
				<misses>13986001</misses>
				<total>34</total>
				<timestamp>4191.604677</timestamp>
			</report>
			<report>
				<misses>13987001</misses>
				<total>34</total>
				<timestamp>4191.904383</timestamp>
			</report>
			<report>
				<misses>13988001</misses>
				<total>34</total>
				<timestamp>4192.204069</timestamp>
			</report>
			<report>
				<misses>13989001</misses>
				<total>34</total>
				<timestamp>4192.503772</timestamp>
			</report>
			<report>
				<misses>13990001</misses>
				<total>34</total>
				<timestamp>4192.803471</timestamp>
			</report>
			<report>
				<misses>13991001</misses>
				<total>34</total>
				<timestamp>4193.103173</timestamp>
			</report>
			<report>
				<misses>13992001</misses>
				<total>34</total>
				<timestamp>4193.402878</timestamp>
			</report>
			<report>
				<misses>13993001</misses>
				<total>34</total>
				<timestamp>4193.702576</timestamp>
			</report>
			<report>
				<misses>13994001</misses>
				<total>34</total>
				<timestamp>4194.002347</timestamp>
			</report>
			<report>
				<misses>13995001</misses>
				<total>34</total>
				<timestamp>4194.301996</timestamp>
			</report>
			<report>
				<misses>13996001</misses>
				<total>34</total>
				<timestamp>4194.601674</timestamp>
			</report>
			<report>
				<misses>13997001</misses>
				<total>34</total>
				<timestamp>4194.901371</timestamp>
			</report>
			<report>
				<misses>13998001</misses>
				<total>34</total>
				<timestamp>4195.201066</timestamp>
			</report>
			<report>
				<misses>13999001</misses>
				<total>34</total>
				<timestamp>4195.500777</timestamp>
			</report>
			<report>
				<misses>14000001</misses>
				<total>34</total>
				<timestamp>4195.800481</timestamp>
			</report>
			<report>
				<misses>14001001</misses>
				<total>34</total>
				<timestamp>4196.100167</timestamp>
			</report>
			<report>
				<misses>14002001</misses>
				<total>34</total>
				<timestamp>4196.399926</timestamp>
			</report>
			<report>
				<misses>14003001</misses>
				<total>34</total>
				<timestamp>4196.699677</timestamp>
			</report>
			<report>
				<misses>14004001</misses>
				<total>34</total>
				<timestamp>4196.999316</timestamp>
			</report>
			<report>
				<misses>14005001</misses>
				<total>34</total>
				<timestamp>4197.299037</timestamp>
			</report>
			<report>
				<misses>14006001</misses>
				<total>34</total>
				<timestamp>4197.598737</timestamp>
			</report>
			<report>
				<misses>14007001</misses>
				<total>34</total>
				<timestamp>4197.898412</timestamp>
			</report>
			<report>
				<misses>14008001</misses>
				<total>34</total>
				<timestamp>4198.198075</timestamp>
			</report>
			<report>
				<misses>14009001</misses>
				<total>34</total>
				<timestamp>4198.497785</timestamp>
			</report>
			<report>
				<misses>14010001</misses>
				<total>34</total>
				<timestamp>4198.797520</timestamp>
			</report>
			<report>
				<misses>14011001</misses>
				<total>34</total>
				<timestamp>4199.097175</timestamp>
			</report>
			<report>
				<misses>14012001</misses>
				<total>34</total>
				<timestamp>4199.396896</timestamp>
			</report>
			<report>
				<misses>14013001</misses>
				<total>34</total>
				<timestamp>4199.696673</timestamp>
			</report>
			<report>
				<misses>14014001</misses>
				<total>34</total>
				<timestamp>4199.996303</timestamp>
			</report>
			<report>
				<misses>14015001</misses>
				<total>34</total>
				<timestamp>4200.296004</timestamp>
			</report>
			<report>
				<misses>14016001</misses>
				<total>34</total>
				<timestamp>4200.595695</timestamp>
			</report>
			<report>
				<misses>14017001</misses>
				<total>33</total>
				<timestamp>4200.895483</timestamp>
			</report>
			<report>
				<misses>14018001</misses>
				<total>34</total>
				<timestamp>4201.195073</timestamp>
			</report>
			<report>
				<misses>14019001</misses>
				<total>34</total>
				<timestamp>4201.494789</timestamp>
			</report>
			<report>
				<misses>14020001</misses>
				<total>34</total>
				<timestamp>4201.794479</timestamp>
			</report>
			<report>
				<misses>14021001</misses>
				<total>34</total>
				<timestamp>4202.094209</timestamp>
			</report>
			<report>
				<misses>14022001</misses>
				<total>34</total>
				<timestamp>4202.393888</timestamp>
			</report>
			<report>
				<misses>14023001</misses>
				<total>34</total>
				<timestamp>4202.693577</timestamp>
			</report>
			<report>
				<misses>14024001</misses>
				<total>34</total>
				<timestamp>4202.993279</timestamp>
			</report>
			<report>
				<misses>14025001</misses>
				<total>34</total>
				<timestamp>4203.293014</timestamp>
			</report>
			<report>
				<misses>14026001</misses>
				<total>34</total>
				<timestamp>4203.592681</timestamp>
			</report>
			<report>
				<misses>14027001</misses>
				<total>34</total>
				<timestamp>4203.892365</timestamp>
			</report>
			<report>
				<misses>14028001</misses>
				<total>34</total>
				<timestamp>4204.192069</timestamp>
			</report>
			<report>
				<misses>14029001</misses>
				<total>34</total>
				<timestamp>4204.491760</timestamp>
			</report>
			<report>
				<misses>14030001</misses>
				<total>34</total>
				<timestamp>4204.791480</timestamp>
			</report>
			<report>
				<misses>14031001</misses>
				<total>33</total>
				<timestamp>4205.091299</timestamp>
			</report>
			<report>
				<misses>14032001</misses>
				<total>34</total>
				<timestamp>4205.390883</timestamp>
			</report>
			<report>
				<misses>14033001</misses>
				<total>34</total>
				<timestamp>4205.690583</timestamp>
			</report>
			<report>
				<misses>14034001</misses>
				<total>34</total>
				<timestamp>4205.990315</timestamp>
			</report>
			<report>
				<misses>14035001</misses>
				<total>34</total>
				<timestamp>4206.289992</timestamp>
			</report>
			<report>
				<misses>14036001</misses>
				<total>34</total>
				<timestamp>4206.589673</timestamp>
			</report>
			<report>
				<misses>14037001</misses>
				<total>34</total>
				<timestamp>4206.889398</timestamp>
			</report>
			<report>
				<misses>14038001</misses>
				<total>34</total>
				<timestamp>4207.189078</timestamp>
			</report>
			<report>
				<misses>14039001</misses>
				<total>34</total>
				<timestamp>4207.488770</timestamp>
			</report>
			<report>
				<misses>14040001</misses>
				<total>34</total>
				<timestamp>4207.788500</timestamp>
			</report>
			<report>
				<misses>14041001</misses>
				<total>34</total>
				<timestamp>4208.088252</timestamp>
			</report>
			<report>
				<misses>14042001</misses>
				<total>34</total>
				<timestamp>4208.387867</timestamp>
			</report>
			<report>
				<misses>14043001</misses>
				<total>34</total>
				<timestamp>4208.687596</timestamp>
			</report>
			<report>
				<misses>14044001</misses>
				<total>34</total>
				<timestamp>4208.987321</timestamp>
			</report>
			<report>
				<misses>14045001</misses>
				<total>34</total>
				<timestamp>4209.287010</timestamp>
			</report>
			<report>
				<misses>14046001</misses>
				<total>34</total>
				<timestamp>4209.586675</timestamp>
			</report>
			<report>
				<misses>14047001</misses>
				<total>33</total>
				<timestamp>4209.886487</timestamp>
			</report>
			<report>
				<misses>14048001</misses>
				<total>34</total>
				<timestamp>4210.186099</timestamp>
			</report>
			<report>
				<misses>14049001</misses>
				<total>34</total>
				<timestamp>4210.485768</timestamp>
			</report>
			<report>
				<misses>14050001</misses>
				<total>34</total>
				<timestamp>4210.785522</timestamp>
			</report>
			<report>
				<misses>14051001</misses>
				<total>34</total>
				<timestamp>4211.085212</timestamp>
			</report>
			<report>
				<misses>14052001</misses>
				<total>34</total>
				<timestamp>4211.384875</timestamp>
			</report>
			<report>
				<misses>14053001</misses>
				<total>34</total>
				<timestamp>4211.684582</timestamp>
			</report>
			<report>
				<misses>14054001</misses>
				<total>34</total>
				<timestamp>4211.984288</timestamp>
			</report>
			<report>
				<misses>14055001</misses>
				<total>34</total>
				<timestamp>4212.284000</timestamp>
			</report>
			<report>
				<misses>14056001</misses>
				<total>34</total>
				<timestamp>4212.583676</timestamp>
			</report>
			<report>
				<misses>14057001</misses>
				<total>34</total>
				<timestamp>4212.883403</timestamp>
			</report>
			<report>
				<misses>14058001</misses>
				<total>34</total>
				<timestamp>4213.183082</timestamp>
			</report>
			<report>
				<misses>14059001</misses>
				<total>34</total>
				<timestamp>4213.482822</timestamp>
			</report>
			<report>
				<misses>14060001</misses>
				<total>34</total>
				<timestamp>4213.782483</timestamp>
			</report>
			<report>
				<misses>14061001</misses>
				<total>34</total>
				<timestamp>4214.082180</timestamp>
			</report>
			<report>
				<misses>14062001</misses>
				<total>34</total>
				<timestamp>4214.381866</timestamp>
			</report>
			<report>
				<misses>14063001</misses>
				<total>34</total>
				<timestamp>4214.681580</timestamp>
			</report>
			<report>
				<misses>14064001</misses>
				<total>34</total>
				<timestamp>4214.981299</timestamp>
			</report>
			<report>
				<misses>14065001</misses>
				<total>34</total>
				<timestamp>4215.280963</timestamp>
			</report>
			<report>
				<misses>14066001</misses>
				<total>34</total>
				<timestamp>4215.580667</timestamp>
			</report>
			<report>
				<misses>14067001</misses>
				<total>34</total>
				<timestamp>4215.880410</timestamp>
			</report>
			<report>
				<misses>14068001</misses>
				<total>34</total>
				<timestamp>4216.180143</timestamp>
			</report>
			<report>
				<misses>14069001</misses>
				<total>34</total>
				<timestamp>4216.479785</timestamp>
			</report>
			<report>
				<misses>14070001</misses>
				<total>34</total>
				<timestamp>4216.779510</timestamp>
			</report>
			<report>
				<misses>14071001</misses>
				<total>34</total>
				<timestamp>4217.079199</timestamp>
			</report>
			<report>
				<misses>14072001</misses>
				<total>34</total>
				<timestamp>4217.378871</timestamp>
			</report>
			<report>
				<misses>14073001</misses>
				<total>34</total>
				<timestamp>4217.678590</timestamp>
			</report>
			<report>
				<misses>14074001</misses>
				<total>34</total>
				<timestamp>4217.978288</timestamp>
			</report>
			<report>
				<misses>14075001</misses>
				<total>34</total>
				<timestamp>4218.277969</timestamp>
			</report>
			<report>
				<misses>14076001</misses>
				<total>34</total>
				<timestamp>4218.577736</timestamp>
			</report>
			<report>
				<misses>14077001</misses>
				<total>34</total>
				<timestamp>4218.877382</timestamp>
			</report>
			<report>
				<misses>14078001</misses>
				<total>34</total>
				<timestamp>4219.177161</timestamp>
			</report>
			<report>
				<misses>14079001</misses>
				<total>34</total>
				<timestamp>4219.476773</timestamp>
			</report>
			<report>
				<misses>14080001</misses>
				<total>34</total>
				<timestamp>4219.776458</timestamp>
			</report>
			<report>
				<misses>14081001</misses>
				<total>34</total>
				<timestamp>4220.076175</timestamp>
			</report>
			<report>
				<misses>14082001</misses>
				<total>34</total>
				<timestamp>4220.375867</timestamp>
			</report>
			<report>
				<misses>14083001</misses>
				<total>34</total>
				<timestamp>4220.675582</timestamp>
			</report>
			<report>
				<misses>14084001</misses>
				<total>34</total>
				<timestamp>4220.975326</timestamp>
			</report>
			<report>
				<misses>14085001</misses>
				<total>34</total>
				<timestamp>4221.274996</timestamp>
			</report>
			<report>
				<misses>14086001</misses>
				<total>34</total>
				<timestamp>4221.574671</timestamp>
			</report>
			<report>
				<misses>14087001</misses>
				<total>34</total>
				<timestamp>4221.874370</timestamp>
			</report>
			<report>
				<misses>14088001</misses>
				<total>34</total>
				<timestamp>4222.174125</timestamp>
			</report>
			<report>
				<misses>14089001</misses>
				<total>34</total>
				<timestamp>4222.473775</timestamp>
			</report>
			<report>
				<misses>14090001</misses>
				<total>34</total>
				<timestamp>4222.773526</timestamp>
			</report>
			<report>
				<misses>14091001</misses>
				<total>34</total>
				<timestamp>4223.073181</timestamp>
			</report>
			<report>
				<misses>14092001</misses>
				<total>34</total>
				<timestamp>4223.372864</timestamp>
			</report>
			<report>
				<misses>14093001</misses>
				<total>34</total>
				<timestamp>4223.672568</timestamp>
			</report>
			<report>
				<misses>14094001</misses>
				<total>34</total>
				<timestamp>4223.972272</timestamp>
			</report>
			<report>
				<misses>14095001</misses>
				<total>34</total>
				<timestamp>4224.271982</timestamp>
			</report>
			<report>
				<misses>14096001</misses>
				<total>34</total>
				<timestamp>4224.571680</timestamp>
			</report>
			<report>
				<misses>14097001</misses>
				<total>34</total>
				<timestamp>4224.871362</timestamp>
			</report>
			<report>
				<misses>14098001</misses>
				<total>34</total>
				<timestamp>4225.171143</timestamp>
			</report>
			<report>
				<misses>14099001</misses>
				<total>34</total>
				<timestamp>4225.470781</timestamp>
			</report>
			<report>
				<misses>14100001</misses>
				<total>34</total>
				<timestamp>4225.770469</timestamp>
			</report>
			<report>
				<misses>14101001</misses>
				<total>34</total>
				<timestamp>4226.070242</timestamp>
			</report>
			<report>
				<misses>14102001</misses>
				<total>34</total>
				<timestamp>4226.369878</timestamp>
			</report>
			<report>
				<misses>14103001</misses>
				<total>34</total>
				<timestamp>4226.669634</timestamp>
			</report>
			<report>
				<misses>14104001</misses>
				<total>34</total>
				<timestamp>4226.969342</timestamp>
			</report>
			<report>
				<misses>14105001</misses>
				<total>34</total>
				<timestamp>4227.269003</timestamp>
			</report>
			<report>
				<misses>14106001</misses>
				<total>34</total>
				<timestamp>4227.568674</timestamp>
			</report>
			<report>
				<misses>14107001</misses>
				<total>34</total>
				<timestamp>4227.868430</timestamp>
			</report>
			<report>
				<misses>14108001</misses>
				<total>34</total>
				<timestamp>4228.168159</timestamp>
			</report>
			<report>
				<misses>14109001</misses>
				<total>34</total>
				<timestamp>4228.467777</timestamp>
			</report>
			<report>
				<misses>14110001</misses>
				<total>34</total>
				<timestamp>4228.767485</timestamp>
			</report>
			<report>
				<misses>14111001</misses>
				<total>34</total>
				<timestamp>4229.067204</timestamp>
			</report>
			<report>
				<misses>14112001</misses>
				<total>34</total>
				<timestamp>4229.366875</timestamp>
			</report>
			<report>
				<misses>14113001</misses>
				<total>34</total>
				<timestamp>4229.666596</timestamp>
			</report>
			<report>
				<misses>14114001</misses>
				<total>34</total>
				<timestamp>4229.966276</timestamp>
			</report>
			<report>
				<misses>14115001</misses>
				<total>34</total>
				<timestamp>4230.266022</timestamp>
			</report>
			<report>
				<misses>14116001</misses>
				<total>34</total>
				<timestamp>4230.565673</timestamp>
			</report>
			<report>
				<misses>14117001</misses>
				<total>33</total>
				<timestamp>4230.865462</timestamp>
			</report>
			<report>
				<misses>14118001</misses>
				<total>34</total>
				<timestamp>4231.165092</timestamp>
			</report>
			<report>
				<misses>14119001</misses>
				<total>34</total>
				<timestamp>4231.464765</timestamp>
			</report>
			<report>
				<misses>14120001</misses>
				<total>34</total>
				<timestamp>4231.764478</timestamp>
			</report>
			<report>
				<misses>14121001</misses>
				<total>34</total>
				<timestamp>4232.064182</timestamp>
			</report>
			<report>
				<misses>14122001</misses>
				<total>34</total>
				<timestamp>4232.363879</timestamp>
			</report>
			<report>
				<misses>14123001</misses>
				<total>34</total>
				<timestamp>4232.663568</timestamp>
			</report>
			<report>
				<misses>14124001</misses>
				<total>34</total>
				<timestamp>4232.963324</timestamp>
			</report>
			<report>
				<misses>14125001</misses>
				<total>34</total>
				<timestamp>4233.263056</timestamp>
			</report>
			<report>
				<misses>14126001</misses>
				<total>34</total>
				<timestamp>4233.562681</timestamp>
			</report>
			<report>
				<misses>14127001</misses>
				<total>34</total>
				<timestamp>4233.862372</timestamp>
			</report>
			<report>
				<misses>14128001</misses>
				<total>34</total>
				<timestamp>4234.162144</timestamp>
			</report>
			<report>
				<misses>14129001</misses>
				<total>34</total>
				<timestamp>4234.461772</timestamp>
			</report>
			<report>
				<misses>14130001</misses>
				<total>34</total>
				<timestamp>4234.761478</timestamp>
			</report>
			<report>
				<misses>14131001</misses>
				<total>34</total>
				<timestamp>4235.061206</timestamp>
			</report>
			<report>
				<misses>14132001</misses>
				<total>34</total>
				<timestamp>4235.360871</timestamp>
			</report>
			<report>
				<misses>14133001</misses>
				<total>34</total>
				<timestamp>4235.660561</timestamp>
			</report>
			<report>
				<misses>14134001</misses>
				<total>34</total>
				<timestamp>4235.960281</timestamp>
			</report>
			<report>
				<misses>14135001</misses>
				<total>34</total>
				<timestamp>4236.260005</timestamp>
			</report>
			<report>
				<misses>14136001</misses>
				<total>34</total>
				<timestamp>4236.559662</timestamp>
			</report>
			<report>
				<misses>14137001</misses>
				<total>34</total>
				<timestamp>4236.859379</timestamp>
			</report>
			<report>
				<misses>14138001</misses>
				<total>34</total>
				<timestamp>4237.159072</timestamp>
			</report>
			<report>
				<misses>14139001</misses>
				<total>34</total>
				<timestamp>4237.458764</timestamp>
			</report>
			<report>
				<misses>14140001</misses>
				<total>34</total>
				<timestamp>4237.758467</timestamp>
			</report>
			<report>
				<misses>14141001</misses>
				<total>34</total>
				<timestamp>4238.058242</timestamp>
			</report>
			<report>
				<misses>14142001</misses>
				<total>34</total>
				<timestamp>4238.357869</timestamp>
			</report>
			<report>
				<misses>14143001</misses>
				<total>34</total>
				<timestamp>4238.657590</timestamp>
			</report>
			<report>
				<misses>14144001</misses>
				<total>34</total>
				<timestamp>4238.957273</timestamp>
			</report>
			<report>
				<misses>14145001</misses>
				<total>34</total>
				<timestamp>4239.256996</timestamp>
			</report>
			<report>
				<misses>14146001</misses>
				<total>34</total>
				<timestamp>4239.556664</timestamp>
			</report>
			<report>
				<misses>14147001</misses>
				<total>34</total>
				<timestamp>4239.856363</timestamp>
			</report>
			<report>
				<misses>14148001</misses>
				<total>34</total>
				<timestamp>4240.156127</timestamp>
			</report>
			<report>
				<misses>14149001</misses>
				<total>34</total>
				<timestamp>4240.455793</timestamp>
			</report>
			<report>
				<misses>14150001</misses>
				<total>34</total>
				<timestamp>4240.755477</timestamp>
			</report>
			<report>
				<misses>14151001</misses>
				<total>34</total>
				<timestamp>4241.055255</timestamp>
			</report>
			<report>
				<misses>14152001</misses>
				<total>34</total>
				<timestamp>4241.354891</timestamp>
			</report>
			<report>
				<misses>14153001</misses>
				<total>34</total>
				<timestamp>4241.654560</timestamp>
			</report>
			<report>
				<misses>14154001</misses>
				<total>34</total>
				<timestamp>4241.954330</timestamp>
			</report>
			<report>
				<misses>14155001</misses>
				<total>34</total>
				<timestamp>4242.253989</timestamp>
			</report>
			<report>
				<misses>14156001</misses>
				<total>34</total>
				<timestamp>4242.553666</timestamp>
			</report>
			<report>
				<misses>14157001</misses>
				<total>34</total>
				<timestamp>4242.853363</timestamp>
			</report>
			<report>
				<misses>14158001</misses>
				<total>34</total>
				<timestamp>4243.153099</timestamp>
			</report>
			<report>
				<misses>14159001</misses>
				<total>34</total>
				<timestamp>4243.452769</timestamp>
			</report>
			<report>
				<misses>14160001</misses>
				<total>34</total>
				<timestamp>4243.752464</timestamp>
			</report>
			<report>
				<misses>14161001</misses>
				<total>34</total>
				<timestamp>4244.052165</timestamp>
			</report>
			<report>
				<misses>14162001</misses>
				<total>33</total>
				<timestamp>4244.351985</timestamp>
			</report>
			<report>
				<misses>14163001</misses>
				<total>34</total>
				<timestamp>4244.651579</timestamp>
			</report>
			<report>
				<misses>14164001</misses>
				<total>34</total>
				<timestamp>4244.951272</timestamp>
			</report>
			<report>
				<misses>14165001</misses>
				<total>34</total>
				<timestamp>4245.251035</timestamp>
			</report>
			<report>
				<misses>14166001</misses>
				<total>34</total>
				<timestamp>4245.550679</timestamp>
			</report>
			<report>
				<misses>14167001</misses>
				<total>34</total>
				<timestamp>4245.850371</timestamp>
			</report>
			<report>
				<misses>14168001</misses>
				<total>34</total>
				<timestamp>4246.150103</timestamp>
			</report>
			<report>
				<misses>14169001</misses>
				<total>34</total>
				<timestamp>4246.449757</timestamp>
			</report>
			<report>
				<misses>14170001</misses>
				<total>34</total>
				<timestamp>4246.749473</timestamp>
			</report>
			<report>
				<misses>14171001</misses>
				<total>34</total>
				<timestamp>4247.049173</timestamp>
			</report>
			<report>
				<misses>14172001</misses>
				<total>34</total>
				<timestamp>4247.348883</timestamp>
			</report>
			<report>
				<misses>14173001</misses>
				<total>34</total>
				<timestamp>4247.648563</timestamp>
			</report>
			<report>
				<misses>14174001</misses>
				<total>34</total>
				<timestamp>4247.948277</timestamp>
			</report>
			<report>
				<misses>14175001</misses>
				<total>34</total>
				<timestamp>4248.248034</timestamp>
			</report>
			<report>
				<misses>14176001</misses>
				<total>34</total>
				<timestamp>4248.547679</timestamp>
			</report>
			<report>
				<misses>14177001</misses>
				<total>34</total>
				<timestamp>4248.847364</timestamp>
			</report>
			<report>
				<misses>14178001</misses>
				<total>34</total>
				<timestamp>4249.147101</timestamp>
			</report>
			<report>
				<misses>14179001</misses>
				<total>34</total>
				<timestamp>4249.446762</timestamp>
			</report>
			<report>
				<misses>14180001</misses>
				<total>34</total>
				<timestamp>4249.746486</timestamp>
			</report>
			<report>
				<misses>14181001</misses>
				<total>34</total>
				<timestamp>4250.046186</timestamp>
			</report>
			<report>
				<misses>14182001</misses>
				<total>34</total>
				<timestamp>4250.345959</timestamp>
			</report>
			<report>
				<misses>14183001</misses>
				<total>34</total>
				<timestamp>4250.645614</timestamp>
			</report>
			<report>
				<misses>14184001</misses>
				<total>34</total>
				<timestamp>4250.945288</timestamp>
			</report>
			<report>
				<misses>14185001</misses>
				<total>34</total>
				<timestamp>4251.245061</timestamp>
			</report>
			<report>
				<misses>14186001</misses>
				<total>34</total>
				<timestamp>4251.544682</timestamp>
			</report>
			<report>
				<misses>14187001</misses>
				<total>34</total>
				<timestamp>4251.844417</timestamp>
			</report>
			<report>
				<misses>14188001</misses>
				<total>34</total>
				<timestamp>4252.144093</timestamp>
			</report>
			<report>
				<misses>14189001</misses>
				<total>34</total>
				<timestamp>4252.443790</timestamp>
			</report>
			<report>
				<misses>14190001</misses>
				<total>34</total>
				<timestamp>4252.743572</timestamp>
			</report>
			<report>
				<misses>14191001</misses>
				<total>34</total>
				<timestamp>4253.043178</timestamp>
			</report>
			<report>
				<misses>14192001</misses>
				<total>34</total>
				<timestamp>4253.342910</timestamp>
			</report>
			<report>
				<misses>14193001</misses>
				<total>34</total>
				<timestamp>4253.642562</timestamp>
			</report>
			<report>
				<misses>14194001</misses>
				<total>34</total>
				<timestamp>4253.942265</timestamp>
			</report>
			<report>
				<misses>14195001</misses>
				<total>34</total>
				<timestamp>4254.242067</timestamp>
			</report>
			<report>
				<misses>14196001</misses>
				<total>34</total>
				<timestamp>4254.541684</timestamp>
			</report>
			<report>
				<misses>14197001</misses>
				<total>34</total>
				<timestamp>4254.841376</timestamp>
			</report>
			<report>
				<misses>14198001</misses>
				<total>34</total>
				<timestamp>4255.141149</timestamp>
			</report>
			<report>
				<misses>14199001</misses>
				<total>34</total>
				<timestamp>4255.440785</timestamp>
			</report>
			<report>
				<misses>14200001</misses>
				<total>34</total>
				<timestamp>4255.740476</timestamp>
			</report>
			<report>
				<misses>14201001</misses>
				<total>34</total>
				<timestamp>4256.040185</timestamp>
			</report>
			<report>
				<misses>14202001</misses>
				<total>34</total>
				<timestamp>4256.339929</timestamp>
			</report>
			<report>
				<misses>14203001</misses>
				<total>34</total>
				<timestamp>4256.639568</timestamp>
			</report>
			<report>
				<misses>14204001</misses>
				<total>34</total>
				<timestamp>4256.939276</timestamp>
			</report>
			<report>
				<misses>14205001</misses>
				<total>34</total>
				<timestamp>4257.239022</timestamp>
			</report>
			<report>
				<misses>14206001</misses>
				<total>34</total>
				<timestamp>4257.538681</timestamp>
			</report>
			<report>
				<misses>14207001</misses>
				<total>34</total>
				<timestamp>4257.838365</timestamp>
			</report>
			<report>
				<misses>14208001</misses>
				<total>34</total>
				<timestamp>4258.138097</timestamp>
			</report>
			<report>
				<misses>14209001</misses>
				<total>34</total>
				<timestamp>4258.437799</timestamp>
			</report>
			<report>
				<misses>14210001</misses>
				<total>34</total>
				<timestamp>4258.737502</timestamp>
			</report>
			<report>
				<misses>14211001</misses>
				<total>34</total>
				<timestamp>4259.037169</timestamp>
			</report>
			<report>
				<misses>14212001</misses>
				<total>34</total>
				<timestamp>4259.336990</timestamp>
			</report>
			<report>
				<misses>14213001</misses>
				<total>34</total>
				<timestamp>4259.636576</timestamp>
			</report>
			<report>
				<misses>14214001</misses>
				<total>34</total>
				<timestamp>4259.936310</timestamp>
			</report>
			<report>
				<misses>14215001</misses>
				<total>34</total>
				<timestamp>4260.236001</timestamp>
			</report>
			<report>
				<misses>14216001</misses>
				<total>34</total>
				<timestamp>4260.535687</timestamp>
			</report>
			<report>
				<misses>14217001</misses>
				<total>34</total>
				<timestamp>4260.835377</timestamp>
			</report>
			<report>
				<misses>14218001</misses>
				<total>34</total>
				<timestamp>4261.135106</timestamp>
			</report>
			<report>
				<misses>14219001</misses>
				<total>34</total>
				<timestamp>4261.434766</timestamp>
			</report>
			<report>
				<misses>14220001</misses>
				<total>34</total>
				<timestamp>4261.734476</timestamp>
			</report>
			<report>
				<misses>14221001</misses>
				<total>34</total>
				<timestamp>4262.034191</timestamp>
			</report>
			<report>
				<misses>14222001</misses>
				<total>34</total>
				<timestamp>4262.333960</timestamp>
			</report>
			<report>
				<misses>14223001</misses>
				<total>34</total>
				<timestamp>4262.633567</timestamp>
			</report>
			<report>
				<misses>14224001</misses>
				<total>34</total>
				<timestamp>4262.933267</timestamp>
			</report>
			<report>
				<misses>14225001</misses>
				<total>33</total>
				<timestamp>4263.233098</timestamp>
			</report>
			<report>
				<misses>14226001</misses>
				<total>34</total>
				<timestamp>4263.532685</timestamp>
			</report>
			<report>
				<misses>14227001</misses>
				<total>34</total>
				<timestamp>4263.832369</timestamp>
			</report>
			<report>
				<misses>14228001</misses>
				<total>34</total>
				<timestamp>4264.132118</timestamp>
			</report>
			<report>
				<misses>14229001</misses>
				<total>34</total>
				<timestamp>4264.431825</timestamp>
			</report>
			<report>
				<misses>14230001</misses>
				<total>34</total>
				<timestamp>4264.731475</timestamp>
			</report>
			<report>
				<misses>14231001</misses>
				<total>34</total>
				<timestamp>4265.031182</timestamp>
			</report>
			<report>
				<misses>14232001</misses>
				<total>34</total>
				<timestamp>4265.330943</timestamp>
			</report>
			<report>
				<misses>14233001</misses>
				<total>34</total>
				<timestamp>4265.630566</timestamp>
			</report>
			<report>
				<misses>14234001</misses>
				<total>34</total>
				<timestamp>4265.930260</timestamp>
			</report>
			<report>
				<misses>14235001</misses>
				<total>34</total>
				<timestamp>4266.230058</timestamp>
			</report>
			<report>
				<misses>14236001</misses>
				<total>34</total>
				<timestamp>4266.529668</timestamp>
			</report>
			<report>
				<misses>14237001</misses>
				<total>34</total>
				<timestamp>4266.829371</timestamp>
			</report>
			<report>
				<misses>14238001</misses>
				<total>34</total>
				<timestamp>4267.129068</timestamp>
			</report>
			<report>
				<misses>14239001</misses>
				<total>34</total>
				<timestamp>4267.428787</timestamp>
			</report>
			<report>
				<misses>14240001</misses>
				<total>34</total>
				<timestamp>4267.728468</timestamp>
			</report>
			<report>
				<misses>14241001</misses>
				<total>34</total>
				<timestamp>4268.028199</timestamp>
			</report>
			<report>
				<misses>14242001</misses>
				<total>34</total>
				<timestamp>4268.327887</timestamp>
			</report>
			<report>
				<misses>14243001</misses>
				<total>34</total>
				<timestamp>4268.627576</timestamp>
			</report>
			<report>
				<misses>14244001</misses>
				<total>34</total>
				<timestamp>4268.927268</timestamp>
			</report>
			<report>
				<misses>14245001</misses>
				<total>34</total>
				<timestamp>4269.227033</timestamp>
			</report>
			<report>
				<misses>14246001</misses>
				<total>34</total>
				<timestamp>4269.526665</timestamp>
			</report>
			<report>
				<misses>14247001</misses>
				<total>34</total>
				<timestamp>4269.826381</timestamp>
			</report>
			<report>
				<misses>14248001</misses>
				<total>34</total>
				<timestamp>4270.126065</timestamp>
			</report>
			<report>
				<misses>14249001</misses>
				<total>34</total>
				<timestamp>4270.425794</timestamp>
			</report>
			<report>
				<misses>14250001</misses>
				<total>34</total>
				<timestamp>4270.725491</timestamp>
			</report>
			<report>
				<misses>14251001</misses>
				<total>34</total>
				<timestamp>4271.025166</timestamp>
			</report>
			<report>
				<misses>14252001</misses>
				<total>34</total>
				<timestamp>4271.324925</timestamp>
			</report>
			<report>
				<misses>14253001</misses>
				<total>34</total>
				<timestamp>4271.624572</timestamp>
			</report>
			<report>
				<misses>14254001</misses>
				<total>34</total>
				<timestamp>4271.924269</timestamp>
			</report>
			<report>
				<misses>14255001</misses>
				<total>34</total>
				<timestamp>4272.224053</timestamp>
			</report>
			<report>
				<misses>14256001</misses>
				<total>34</total>
				<timestamp>4272.523676</timestamp>
			</report>
			<report>
				<misses>14257001</misses>
				<total>34</total>
				<timestamp>4272.823431</timestamp>
			</report>
			<report>
				<misses>14258001</misses>
				<total>34</total>
				<timestamp>4273.123092</timestamp>
			</report>
			<report>
				<misses>14259001</misses>
				<total>34</total>
				<timestamp>4273.422786</timestamp>
			</report>
			<report>
				<misses>14260001</misses>
				<total>34</total>
				<timestamp>4273.722537</timestamp>
			</report>
			<report>
				<misses>14261001</misses>
				<total>34</total>
				<timestamp>4274.022174</timestamp>
			</report>
			<report>
				<misses>14262001</misses>
				<total>34</total>
				<timestamp>4274.321913</timestamp>
			</report>
			<report>
				<misses>14263001</misses>
				<total>34</total>
				<timestamp>4274.621565</timestamp>
			</report>
			<report>
				<misses>14264001</misses>
				<total>33</total>
				<timestamp>4274.921361</timestamp>
			</report>
			<report>
				<misses>14265001</misses>
				<total>34</total>
				<timestamp>4275.221005</timestamp>
			</report>
			<report>
				<misses>14266001</misses>
				<total>34</total>
				<timestamp>4275.520671</timestamp>
			</report>
			<report>
				<misses>14267001</misses>
				<total>34</total>
				<timestamp>4275.820370</timestamp>
			</report>
			<report>
				<misses>14268001</misses>
				<total>34</total>
				<timestamp>4276.120062</timestamp>
			</report>
			<report>
				<misses>14269001</misses>
				<total>34</total>
				<timestamp>4276.419771</timestamp>
			</report>
			<report>
				<misses>14270001</misses>
				<total>34</total>
				<timestamp>4276.719496</timestamp>
			</report>
			<report>
				<misses>14271001</misses>
				<total>34</total>
				<timestamp>4277.019157</timestamp>
			</report>
			<report>
				<misses>14272001</misses>
				<total>34</total>
				<timestamp>4277.318919</timestamp>
			</report>
			<report>
				<misses>14273001</misses>
				<total>34</total>
				<timestamp>4277.618561</timestamp>
			</report>
			<report>
				<misses>14274001</misses>
				<total>34</total>
				<timestamp>4277.918279</timestamp>
			</report>
			<report>
				<misses>14275001</misses>
				<total>34</total>
				<timestamp>4278.217986</timestamp>
			</report>
			<report>
				<misses>14276001</misses>
				<total>33</total>
				<timestamp>4278.517788</timestamp>
			</report>
			<report>
				<misses>14277001</misses>
				<total>34</total>
				<timestamp>4278.817367</timestamp>
			</report>
			<report>
				<misses>14278001</misses>
				<total>34</total>
				<timestamp>4279.117085</timestamp>
			</report>
			<report>
				<misses>14279001</misses>
				<total>34</total>
				<timestamp>4279.416849</timestamp>
			</report>
			<report>
				<misses>14280001</misses>
				<total>34</total>
				<timestamp>4279.716471</timestamp>
			</report>
			<report>
				<misses>14281001</misses>
				<total>34</total>
				<timestamp>4280.016157</timestamp>
			</report>
			<report>
				<misses>14282001</misses>
				<total>34</total>
				<timestamp>4280.315894</timestamp>
			</report>
			<report>
				<misses>14283001</misses>
				<total>34</total>
				<timestamp>4280.615567</timestamp>
			</report>
			<report>
				<misses>14284001</misses>
				<total>34</total>
				<timestamp>4280.915267</timestamp>
			</report>
			<report>
				<misses>14285001</misses>
				<total>34</total>
				<timestamp>4281.215049</timestamp>
			</report>
			<report>
				<misses>14286001</misses>
				<total>34</total>
				<timestamp>4281.514663</timestamp>
			</report>
			<report>
				<misses>14287001</misses>
				<total>34</total>
				<timestamp>4281.814377</timestamp>
			</report>
			<report>
				<misses>14288001</misses>
				<total>34</total>
				<timestamp>4282.114069</timestamp>
			</report>
			<report>
				<misses>14289001</misses>
				<total>34</total>
				<timestamp>4282.413842</timestamp>
			</report>
			<report>
				<misses>14290001</misses>
				<total>34</total>
				<timestamp>4282.713518</timestamp>
			</report>
			<report>
				<misses>14291001</misses>
				<total>34</total>
				<timestamp>4283.013170</timestamp>
			</report>
			<report>
				<misses>14292001</misses>
				<total>34</total>
				<timestamp>4283.312885</timestamp>
			</report>
			<report>
				<misses>14293001</misses>
				<total>34</total>
				<timestamp>4283.612580</timestamp>
			</report>
			<report>
				<misses>14294001</misses>
				<total>34</total>
				<timestamp>4283.912271</timestamp>
			</report>
			<report>
				<misses>14295001</misses>
				<total>34</total>
				<timestamp>4284.211985</timestamp>
			</report>
			<report>
				<misses>14296001</misses>
				<total>33</total>
				<timestamp>4284.511795</timestamp>
			</report>
			<report>
				<misses>14297001</misses>
				<total>34</total>
				<timestamp>4284.811380</timestamp>
			</report>
			<report>
				<misses>14298001</misses>
				<total>34</total>
				<timestamp>4285.111095</timestamp>
			</report>
			<report>
				<misses>14299001</misses>
				<total>33</total>
				<timestamp>4285.410876</timestamp>
			</report>
			<report>
				<misses>14300001</misses>
				<total>34</total>
				<timestamp>4285.710478</timestamp>
			</report>
			<report>
				<misses>14301001</misses>
				<total>34</total>
				<timestamp>4286.010256</timestamp>
			</report>
			<report>
				<misses>14302001</misses>
				<total>34</total>
				<timestamp>4286.309945</timestamp>
			</report>
			<report>
				<misses>14303001</misses>
				<total>34</total>
				<timestamp>4286.609588</timestamp>
			</report>
			<report>
				<misses>14304001</misses>
				<total>34</total>
				<timestamp>4286.909283</timestamp>
			</report>
			<report>
				<misses>14305001</misses>
				<total>34</total>
				<timestamp>4287.208990</timestamp>
			</report>
			<report>
				<misses>14306001</misses>
				<total>34</total>
				<timestamp>4287.508686</timestamp>
			</report>
			<report>
				<misses>14307001</misses>
				<total>34</total>
				<timestamp>4287.808379</timestamp>
			</report>
			<report>
				<misses>14308001</misses>
				<total>34</total>
				<timestamp>4288.108061</timestamp>
			</report>
			<report>
				<misses>14309001</misses>
				<total>34</total>
				<timestamp>4288.407853</timestamp>
			</report>
			<report>
				<misses>14310001</misses>
				<total>34</total>
				<timestamp>4288.707460</timestamp>
			</report>
			<report>
				<misses>14311001</misses>
				<total>34</total>
				<timestamp>4289.007170</timestamp>
			</report>
			<report>
				<misses>14312001</misses>
				<total>34</total>
				<timestamp>4289.306873</timestamp>
			</report>
			<report>
				<misses>14313001</misses>
				<total>34</total>
				<timestamp>4289.606616</timestamp>
			</report>
			<report>
				<misses>14314001</misses>
				<total>34</total>
				<timestamp>4289.906352</timestamp>
			</report>
			<report>
				<misses>14315001</misses>
				<total>34</total>
				<timestamp>4290.205961</timestamp>
			</report>
			<report>
				<misses>14316001</misses>
				<total>34</total>
				<timestamp>4290.505699</timestamp>
			</report>
			<report>
				<misses>14317001</misses>
				<total>34</total>
				<timestamp>4290.805387</timestamp>
			</report>
			<report>
				<misses>14318001</misses>
				<total>34</total>
				<timestamp>4291.105094</timestamp>
			</report>
			<report>
				<misses>14319001</misses>
				<total>34</total>
				<timestamp>4291.404852</timestamp>
			</report>
			<report>
				<misses>14320001</misses>
				<total>34</total>
				<timestamp>4291.704462</timestamp>
			</report>
			<report>
				<misses>14321001</misses>
				<total>34</total>
				<timestamp>4292.004163</timestamp>
			</report>
			<report>
				<misses>14322001</misses>
				<total>34</total>
				<timestamp>4292.303894</timestamp>
			</report>
			<report>
				<misses>14323001</misses>
				<total>34</total>
				<timestamp>4292.603575</timestamp>
			</report>
			<report>
				<misses>14324001</misses>
				<total>34</total>
				<timestamp>4292.903274</timestamp>
			</report>
			<report>
				<misses>14325001</misses>
				<total>34</total>
				<timestamp>4293.203009</timestamp>
			</report>
			<report>
				<misses>14326001</misses>
				<total>34</total>
				<timestamp>4293.502711</timestamp>
			</report>
			<report>
				<misses>14327001</misses>
				<total>34</total>
				<timestamp>4293.802440</timestamp>
			</report>
			<report>
				<misses>14328001</misses>
				<total>34</total>
				<timestamp>4294.102106</timestamp>
			</report>
			<report>
				<misses>14329001</misses>
				<total>34</total>
				<timestamp>4294.401858</timestamp>
			</report>
			<report>
				<misses>14330001</misses>
				<total>34</total>
				<timestamp>4294.701466</timestamp>
			</report>
			<report>
				<misses>14331001</misses>
				<total>34</total>
				<timestamp>4295.001186</timestamp>
			</report>
			<report>
				<misses>14332001</misses>
				<total>34</total>
				<timestamp>4295.300873</timestamp>
			</report>
			<report>
				<misses>14333001</misses>
				<total>34</total>
				<timestamp>4295.600607</timestamp>
			</report>
			<report>
				<misses>14334001</misses>
				<total>34</total>
				<timestamp>4295.900282</timestamp>
			</report>
			<report>
				<misses>14335001</misses>
				<total>34</total>
				<timestamp>4296.199999</timestamp>
			</report>
			<report>
				<misses>14336001</misses>
				<total>34</total>
				<timestamp>4296.499783</timestamp>
			</report>
			<report>
				<misses>14337001</misses>
				<total>34</total>
				<timestamp>4296.799376</timestamp>
			</report>
			<report>
				<misses>14338001</misses>
				<total>34</total>
				<timestamp>4297.099102</timestamp>
			</report>
			<report>
				<misses>14339001</misses>
				<total>34</total>
				<timestamp>4297.398782</timestamp>
			</report>
			<report>
				<misses>14340001</misses>
				<total>34</total>
				<timestamp>4297.698515</timestamp>
			</report>
			<report>
				<misses>14341001</misses>
				<total>34</total>
				<timestamp>4297.998162</timestamp>
			</report>
			<report>
				<misses>14342001</misses>
				<total>34</total>
				<timestamp>4298.297867</timestamp>
			</report>
			<report>
				<misses>14343001</misses>
				<total>34</total>
				<timestamp>4298.597624</timestamp>
			</report>
			<report>
				<misses>14344001</misses>
				<total>34</total>
				<timestamp>4298.897281</timestamp>
			</report>
			<report>
				<misses>14345001</misses>
				<total>34</total>
				<timestamp>4299.197039</timestamp>
			</report>
			<report>
				<misses>14346001</misses>
				<total>34</total>
				<timestamp>4299.496737</timestamp>
			</report>
			<report>
				<misses>14347001</misses>
				<total>34</total>
				<timestamp>4299.796376</timestamp>
			</report>
			<report>
				<misses>14348001</misses>
				<total>34</total>
				<timestamp>4300.096069</timestamp>
			</report>
			<report>
				<misses>14349001</misses>
				<total>34</total>
				<timestamp>4300.395774</timestamp>
			</report>
			<report>
				<misses>14350001</misses>
				<total>34</total>
				<timestamp>4300.695497</timestamp>
			</report>
			<report>
				<misses>14351001</misses>
				<total>34</total>
				<timestamp>4300.995159</timestamp>
			</report>
			<report>
				<misses>14352001</misses>
				<total>34</total>
				<timestamp>4301.294924</timestamp>
			</report>
			<report>
				<misses>14353001</misses>
				<total>34</total>
				<timestamp>4301.594602</timestamp>
			</report>
			<report>
				<misses>14354001</misses>
				<total>34</total>
				<timestamp>4301.894278</timestamp>
			</report>
			<report>
				<misses>14355001</misses>
				<total>34</total>
				<timestamp>4302.193981</timestamp>
			</report>
			<report>
				<misses>14356001</misses>
				<total>34</total>
				<timestamp>4302.493717</timestamp>
			</report>
			<report>
				<misses>14357001</misses>
				<total>34</total>
				<timestamp>4302.793360</timestamp>
			</report>
			<report>
				<misses>14358001</misses>
				<total>34</total>
				<timestamp>4303.093068</timestamp>
			</report>
			<report>
				<misses>14359001</misses>
				<total>34</total>
				<timestamp>4303.392792</timestamp>
			</report>
			<report>
				<misses>14360001</misses>
				<total>34</total>
				<timestamp>4303.692468</timestamp>
			</report>
			<report>
				<misses>14361001</misses>
				<total>34</total>
				<timestamp>4303.992159</timestamp>
			</report>
			<report>
				<misses>14362001</misses>
				<total>34</total>
				<timestamp>4304.291930</timestamp>
			</report>
			<report>
				<misses>14363001</misses>
				<total>34</total>
				<timestamp>4304.591626</timestamp>
			</report>
			<report>
				<misses>14364001</misses>
				<total>34</total>
				<timestamp>4304.891286</timestamp>
			</report>
			<report>
				<misses>14365001</misses>
				<total>34</total>
				<timestamp>4305.190997</timestamp>
			</report>
			<report>
				<misses>14366001</misses>
				<total>34</total>
				<timestamp>4305.490695</timestamp>
			</report>
			<report>
				<misses>14367001</misses>
				<total>34</total>
				<timestamp>4305.790446</timestamp>
			</report>
			<report>
				<misses>14368001</misses>
				<total>34</total>
				<timestamp>4306.090064</timestamp>
			</report>
			<report>
				<misses>14369001</misses>
				<total>34</total>
				<timestamp>4306.389846</timestamp>
			</report>
			<report>
				<misses>14370001</misses>
				<total>34</total>
				<timestamp>4306.689480</timestamp>
			</report>
			<report>
				<misses>14371001</misses>
				<total>34</total>
				<timestamp>4306.989245</timestamp>
			</report>
			<report>
				<misses>14372001</misses>
				<total>34</total>
				<timestamp>4307.288918</timestamp>
			</report>
			<report>
				<misses>14373001</misses>
				<total>34</total>
				<timestamp>4307.588620</timestamp>
			</report>
			<report>
				<misses>14374001</misses>
				<total>34</total>
				<timestamp>4307.888304</timestamp>
			</report>
			<report>
				<misses>14375001</misses>
				<total>34</total>
				<timestamp>4308.187975</timestamp>
			</report>
			<report>
				<misses>14376001</misses>
				<total>34</total>
				<timestamp>4308.487747</timestamp>
			</report>
			<report>
				<misses>14377001</misses>
				<total>34</total>
				<timestamp>4308.787370</timestamp>
			</report>
			<report>
				<misses>14378001</misses>
				<total>34</total>
				<timestamp>4309.087060</timestamp>
			</report>
			<report>
				<misses>14379001</misses>
				<total>34</total>
				<timestamp>4309.386771</timestamp>
			</report>
			<report>
				<misses>14380001</misses>
				<total>34</total>
				<timestamp>4309.686578</timestamp>
			</report>
			<report>
				<misses>14381001</misses>
				<total>34</total>
				<timestamp>4309.986171</timestamp>
			</report>
			<report>
				<misses>14382001</misses>
				<total>34</total>
				<timestamp>4310.285876</timestamp>
			</report>
			<report>
				<misses>14383001</misses>
				<total>34</total>
				<timestamp>4310.585579</timestamp>
			</report>
			<report>
				<misses>14384001</misses>
				<total>34</total>
				<timestamp>4310.885283</timestamp>
			</report>
			<report>
				<misses>14385001</misses>
				<total>33</total>
				<timestamp>4311.185090</timestamp>
			</report>
			<report>
				<misses>14386001</misses>
				<total>34</total>
				<timestamp>4311.484731</timestamp>
			</report>
			<report>
				<misses>14387001</misses>
				<total>34</total>
				<timestamp>4311.784372</timestamp>
			</report>
			<report>
				<misses>14388001</misses>
				<total>34</total>
				<timestamp>4312.084075</timestamp>
			</report>
			<report>
				<misses>14389001</misses>
				<total>34</total>
				<timestamp>4312.383812</timestamp>
			</report>
			<report>
				<misses>14390001</misses>
				<total>34</total>
				<timestamp>4312.683499</timestamp>
			</report>
			<report>
				<misses>14391001</misses>
				<total>34</total>
				<timestamp>4312.983179</timestamp>
			</report>
			<report>
				<misses>14392001</misses>
				<total>34</total>
				<timestamp>4313.282878</timestamp>
			</report>
			<report>
				<misses>14393001</misses>
				<total>34</total>
				<timestamp>4313.582673</timestamp>
			</report>
			<report>
				<misses>14394001</misses>
				<total>34</total>
				<timestamp>4313.882275</timestamp>
			</report>
			<report>
				<misses>14395001</misses>
				<total>33</total>
				<timestamp>4314.182071</timestamp>
			</report>
			<report>
				<misses>14396001</misses>
				<total>34</total>
				<timestamp>4314.481743</timestamp>
			</report>
			<report>
				<misses>14397001</misses>
				<total>34</total>
				<timestamp>4314.781380</timestamp>
			</report>
			<report>
				<misses>14398001</misses>
				<total>34</total>
				<timestamp>4315.081091</timestamp>
			</report>
			<report>
				<misses>14399001</misses>
				<total>33</total>
				<timestamp>4315.380874</timestamp>
			</report>
			<report>
				<misses>14400001</misses>
				<total>34</total>
				<timestamp>4315.680499</timestamp>
			</report>
			<report>
				<misses>14401001</misses>
				<total>34</total>
				<timestamp>4315.980202</timestamp>
			</report>
			<report>
				<misses>14402001</misses>
				<total>34</total>
				<timestamp>4316.279872</timestamp>
			</report>
			<report>
				<misses>14403001</misses>
				<total>34</total>
				<timestamp>4316.579647</timestamp>
			</report>
			<report>
				<misses>14404001</misses>
				<total>34</total>
				<timestamp>4316.879317</timestamp>
			</report>
			<report>
				<misses>14405001</misses>
				<total>34</total>
				<timestamp>4317.178975</timestamp>
			</report>
			<report>
				<misses>14406001</misses>
				<total>34</total>
				<timestamp>4317.478689</timestamp>
			</report>
			<report>
				<misses>14407001</misses>
				<total>34</total>
				<timestamp>4317.778388</timestamp>
			</report>
			<report>
				<misses>14408001</misses>
				<total>34</total>
				<timestamp>4318.078130</timestamp>
			</report>
			<report>
				<misses>14409001</misses>
				<total>34</total>
				<timestamp>4318.377782</timestamp>
			</report>
			<report>
				<misses>14410001</misses>
				<total>34</total>
				<timestamp>4318.677507</timestamp>
			</report>
			<report>
				<misses>14411001</misses>
				<total>34</total>
				<timestamp>4318.977173</timestamp>
			</report>
			<report>
				<misses>14412001</misses>
				<total>34</total>
				<timestamp>4319.276888</timestamp>
			</report>
			<report>
				<misses>14413001</misses>
				<total>34</total>
				<timestamp>4319.576652</timestamp>
			</report>
			<report>
				<misses>14414001</misses>
				<total>34</total>
				<timestamp>4319.876343</timestamp>
			</report>
			<report>
				<misses>14415001</misses>
				<total>34</total>
				<timestamp>4320.175992</timestamp>
			</report>
			<report>
				<misses>14416001</misses>
				<total>34</total>
				<timestamp>4320.475698</timestamp>
			</report>
			<report>
				<misses>14417001</misses>
				<total>34</total>
				<timestamp>4320.775428</timestamp>
			</report>
			<report>
				<misses>14418001</misses>
				<total>34</total>
				<timestamp>4321.075075</timestamp>
			</report>
			<report>
				<misses>14419001</misses>
				<total>34</total>
				<timestamp>4321.374775</timestamp>
			</report>
			<report>
				<misses>14420001</misses>
				<total>34</total>
				<timestamp>4321.674513</timestamp>
			</report>
			<report>
				<misses>14421001</misses>
				<total>34</total>
				<timestamp>4321.974244</timestamp>
			</report>
			<report>
				<misses>14422001</misses>
				<total>34</total>
				<timestamp>4322.273874</timestamp>
			</report>
			<report>
				<misses>14423001</misses>
				<total>34</total>
				<timestamp>4322.573606</timestamp>
			</report>
			<report>
				<misses>14424001</misses>
				<total>34</total>
				<timestamp>4322.873300</timestamp>
			</report>
			<report>
				<misses>14425001</misses>
				<total>34</total>
				<timestamp>4323.173073</timestamp>
			</report>
			<report>
				<misses>14426001</misses>
				<total>34</total>
				<timestamp>4323.472700</timestamp>
			</report>
			<report>
				<misses>14427001</misses>
				<total>34</total>
				<timestamp>4323.772373</timestamp>
			</report>
			<report>
				<misses>14428001</misses>
				<total>34</total>
				<timestamp>4324.072079</timestamp>
			</report>
			<report>
				<misses>14429001</misses>
				<total>34</total>
				<timestamp>4324.371790</timestamp>
			</report>
			<report>
				<misses>14430001</misses>
				<total>33</total>
				<timestamp>4324.671575</timestamp>
			</report>
			<report>
				<misses>14431001</misses>
				<total>34</total>
				<timestamp>4324.971174</timestamp>
			</report>
			<report>
				<misses>14432001</misses>
				<total>34</total>
				<timestamp>4325.270884</timestamp>
			</report>
			<report>
				<misses>14433001</misses>
				<total>34</total>
				<timestamp>4325.570664</timestamp>
			</report>
			<report>
				<misses>14434001</misses>
				<total>34</total>
				<timestamp>4325.870272</timestamp>
			</report>
			<report>
				<misses>14435001</misses>
				<total>34</total>
				<timestamp>4326.170011</timestamp>
			</report>
			<report>
				<misses>14436001</misses>
				<total>34</total>
				<timestamp>4326.469705</timestamp>
			</report>
			<report>
				<misses>14437001</misses>
				<total>34</total>
				<timestamp>4326.769403</timestamp>
			</report>
			<report>
				<misses>14438001</misses>
				<total>34</total>
				<timestamp>4327.069083</timestamp>
			</report>
			<report>
				<misses>14439001</misses>
				<total>34</total>
				<timestamp>4327.368843</timestamp>
			</report>
			<report>
				<misses>14440001</misses>
				<total>34</total>
				<timestamp>4327.668479</timestamp>
			</report>
			<report>
				<misses>14441001</misses>
				<total>33</total>
				<timestamp>4327.968277</timestamp>
			</report>
			<report>
				<misses>14442001</misses>
				<total>34</total>
				<timestamp>4328.267884</timestamp>
			</report>
			<report>
				<misses>14443001</misses>
				<total>34</total>
				<timestamp>4328.567587</timestamp>
			</report>
			<report>
				<misses>14444001</misses>
				<total>34</total>
				<timestamp>4328.867264</timestamp>
			</report>
			<report>
				<misses>14445001</misses>
				<total>34</total>
				<timestamp>4329.167008</timestamp>
			</report>
			<report>
				<misses>14446001</misses>
				<total>34</total>
				<timestamp>4329.466695</timestamp>
			</report>
			<report>
				<misses>14447001</misses>
				<total>34</total>
				<timestamp>4329.766414</timestamp>
			</report>
			<report>
				<misses>14448001</misses>
				<total>34</total>
				<timestamp>4330.066074</timestamp>
			</report>
			<report>
				<misses>14449001</misses>
				<total>34</total>
				<timestamp>4330.365768</timestamp>
			</report>
			<report>
				<misses>14450001</misses>
				<total>34</total>
				<timestamp>4330.665480</timestamp>
			</report>
			<report>
				<misses>14451001</misses>
				<total>34</total>
				<timestamp>4330.965250</timestamp>
			</report>
			<report>
				<misses>14452001</misses>
				<total>34</total>
				<timestamp>4331.264862</timestamp>
			</report>
			<report>
				<misses>14453001</misses>
				<total>34</total>
				<timestamp>4331.564567</timestamp>
			</report>
			<report>
				<misses>14454001</misses>
				<total>34</total>
				<timestamp>4331.864268</timestamp>
			</report>
			<report>
				<misses>14455001</misses>
				<total>34</total>
				<timestamp>4332.164004</timestamp>
			</report>
			<report>
				<misses>14456001</misses>
				<total>34</total>
				<timestamp>4332.463671</timestamp>
			</report>
			<report>
				<misses>14457001</misses>
				<total>34</total>
				<timestamp>4332.763410</timestamp>
			</report>
			<report>
				<misses>14458001</misses>
				<total>34</total>
				<timestamp>4333.063082</timestamp>
			</report>
			<report>
				<misses>14459001</misses>
				<total>34</total>
				<timestamp>4333.362774</timestamp>
			</report>
			<report>
				<misses>14460001</misses>
				<total>33</total>
				<timestamp>4333.662598</timestamp>
			</report>
			<report>
				<misses>14461001</misses>
				<total>34</total>
				<timestamp>4333.962171</timestamp>
			</report>
			<report>
				<misses>14462001</misses>
				<total>34</total>
				<timestamp>4334.261875</timestamp>
			</report>
			<report>
				<misses>14463001</misses>
				<total>34</total>
				<timestamp>4334.561598</timestamp>
			</report>
			<report>
				<misses>14464001</misses>
				<total>34</total>
				<timestamp>4334.861306</timestamp>
			</report>
			<report>
				<misses>14465001</misses>
				<total>34</total>
				<timestamp>4335.160987</timestamp>
			</report>
			<report>
				<misses>14466001</misses>
				<total>34</total>
				<timestamp>4335.460715</timestamp>
			</report>
			<report>
				<misses>14467001</misses>
				<total>34</total>
				<timestamp>4335.760380</timestamp>
			</report>
			<report>
				<misses>14468001</misses>
				<total>34</total>
				<timestamp>4336.060076</timestamp>
			</report>
			<report>
				<misses>14469001</misses>
				<total>34</total>
				<timestamp>4336.359778</timestamp>
			</report>
			<report>
				<misses>14470001</misses>
				<total>34</total>
				<timestamp>4336.659493</timestamp>
			</report>
			<report>
				<misses>14471001</misses>
				<total>34</total>
				<timestamp>4336.959189</timestamp>
			</report>
			<report>
				<misses>14472001</misses>
				<total>34</total>
				<timestamp>4337.258921</timestamp>
			</report>
			<report>
				<misses>14473001</misses>
				<total>33</total>
				<timestamp>4337.558683</timestamp>
			</report>
			<report>
				<misses>14474001</misses>
				<total>34</total>
				<timestamp>4337.858284</timestamp>
			</report>
			<report>
				<misses>14475001</misses>
				<total>34</total>
				<timestamp>4338.158052</timestamp>
			</report>
			<report>
				<misses>14476001</misses>
				<total>33</total>
				<timestamp>4338.457773</timestamp>
			</report>
			<report>
				<misses>14477001</misses>
				<total>34</total>
				<timestamp>4338.757394</timestamp>
			</report>
			<report>
				<misses>14478001</misses>
				<total>34</total>
				<timestamp>4339.057106</timestamp>
			</report>
			<report>
				<misses>14479001</misses>
				<total>34</total>
				<timestamp>4339.356775</timestamp>
			</report>
			<report>
				<misses>14480001</misses>
				<total>34</total>
				<timestamp>4339.656532</timestamp>
			</report>
			<report>
				<misses>14481001</misses>
				<total>34</total>
				<timestamp>4339.956176</timestamp>
			</report>
			<report>
				<misses>14482001</misses>
				<total>34</total>
				<timestamp>4340.255876</timestamp>
			</report>
			<report>
				<misses>14483001</misses>
				<total>34</total>
				<timestamp>4340.555575</timestamp>
			</report>
			<report>
				<misses>14484001</misses>
				<total>34</total>
				<timestamp>4340.855292</timestamp>
			</report>
			<report>
				<misses>14485001</misses>
				<total>33</total>
				<timestamp>4341.155083</timestamp>
			</report>
			<report>
				<misses>14486001</misses>
				<total>34</total>
				<timestamp>4341.454694</timestamp>
			</report>
			<report>
				<misses>14487001</misses>
				<total>34</total>
				<timestamp>4341.754378</timestamp>
			</report>
			<report>
				<misses>14488001</misses>
				<total>34</total>
				<timestamp>4342.054095</timestamp>
			</report>
			<report>
				<misses>14489001</misses>
				<total>34</total>
				<timestamp>4342.353770</timestamp>
			</report>
			<report>
				<misses>14490001</misses>
				<total>34</total>
				<timestamp>4342.653516</timestamp>
			</report>
			<report>
				<misses>14491001</misses>
				<total>34</total>
				<timestamp>4342.953203</timestamp>
			</report>
			<report>
				<misses>14492001</misses>
				<total>34</total>
				<timestamp>4343.252876</timestamp>
			</report>
			<report>
				<misses>14493001</misses>
				<total>34</total>
				<timestamp>4343.552633</timestamp>
			</report>
			<report>
				<misses>14494001</misses>
				<total>33</total>
				<timestamp>4343.852375</timestamp>
			</report>
			<report>
				<misses>14495001</misses>
				<total>34</total>
				<timestamp>4344.151984</timestamp>
			</report>
			<report>
				<misses>14496001</misses>
				<total>33</total>
				<timestamp>4344.451777</timestamp>
			</report>
			<report>
				<misses>14497001</misses>
				<total>34</total>
				<timestamp>4344.751467</timestamp>
			</report>
			<report>
				<misses>14498001</misses>
				<total>34</total>
				<timestamp>4345.051069</timestamp>
			</report>
			<report>
				<misses>14499001</misses>
				<total>34</total>
				<timestamp>4345.350811</timestamp>
			</report>
			<report>
				<misses>14500001</misses>
				<total>34</total>
				<timestamp>4345.650467</timestamp>
			</report>
			<report>
				<misses>14501001</misses>
				<total>34</total>
				<timestamp>4345.950167</timestamp>
			</report>
			<report>
				<misses>14502001</misses>
				<total>34</total>
				<timestamp>4346.249877</timestamp>
			</report>
			<report>
				<misses>14503001</misses>
				<total>34</total>
				<timestamp>4346.549602</timestamp>
			</report>
			<report>
				<misses>14504001</misses>
				<total>34</total>
				<timestamp>4346.849292</timestamp>
			</report>
			<report>
				<misses>14505001</misses>
				<total>34</total>
				<timestamp>4347.149005</timestamp>
			</report>
			<report>
				<misses>14506001</misses>
				<total>34</total>
				<timestamp>4347.448657</timestamp>
			</report>
			<report>
				<misses>14507001</misses>
				<total>34</total>
				<timestamp>4347.748374</timestamp>
			</report>
			<report>
				<misses>14508001</misses>
				<total>34</total>
				<timestamp>4348.048073</timestamp>
			</report>
			<report>
				<misses>14509001</misses>
				<total>34</total>
				<timestamp>4348.347782</timestamp>
			</report>
			<report>
				<misses>14510001</misses>
				<total>34</total>
				<timestamp>4348.647485</timestamp>
			</report>
			<report>
				<misses>14511001</misses>
				<total>34</total>
				<timestamp>4348.947185</timestamp>
			</report>
			<report>
				<misses>14512001</misses>
				<total>34</total>
				<timestamp>4349.246864</timestamp>
			</report>
			<report>
				<misses>14513001</misses>
				<total>34</total>
				<timestamp>4349.546564</timestamp>
			</report>
			<report>
				<misses>14514001</misses>
				<total>34</total>
				<timestamp>4349.846288</timestamp>
			</report>
			<report>
				<misses>14515001</misses>
				<total>34</total>
				<timestamp>4350.145998</timestamp>
			</report>
			<report>
				<misses>14516001</misses>
				<total>34</total>
				<timestamp>4350.445671</timestamp>
			</report>
			<report>
				<misses>14517001</misses>
				<total>34</total>
				<timestamp>4350.745386</timestamp>
			</report>
			<report>
				<misses>14518001</misses>
				<total>34</total>
				<timestamp>4351.045075</timestamp>
			</report>
			<report>
				<misses>14519001</misses>
				<total>34</total>
				<timestamp>4351.344771</timestamp>
			</report>
			<report>
				<misses>14520001</misses>
				<total>34</total>
				<timestamp>4351.644484</timestamp>
			</report>
			<report>
				<misses>14521001</misses>
				<total>34</total>
				<timestamp>4351.944185</timestamp>
			</report>
			<report>
				<misses>14522001</misses>
				<total>33</total>
				<timestamp>4352.243972</timestamp>
			</report>
			<report>
				<misses>14523001</misses>
				<total>34</total>
				<timestamp>4352.543683</timestamp>
			</report>
			<report>
				<misses>14524001</misses>
				<total>34</total>
				<timestamp>4352.843353</timestamp>
			</report>
			<report>
				<misses>14525001</misses>
				<total>34</total>
				<timestamp>4353.142983</timestamp>
			</report>
			<report>
				<misses>14526001</misses>
				<total>34</total>
				<timestamp>4353.442700</timestamp>
			</report>
			<report>
				<misses>14527001</misses>
				<total>34</total>
				<timestamp>4353.742476</timestamp>
			</report>
			<report>
				<misses>14528001</misses>
				<total>34</total>
				<timestamp>4354.042067</timestamp>
			</report>
			<report>
				<misses>14529001</misses>
				<total>34</total>
				<timestamp>4354.341770</timestamp>
			</report>
			<report>
				<misses>14530001</misses>
				<total>34</total>
				<timestamp>4354.641471</timestamp>
			</report>
			<report>
				<misses>14531001</misses>
				<total>34</total>
				<timestamp>4354.941204</timestamp>
			</report>
			<report>
				<misses>14532001</misses>
				<total>34</total>
				<timestamp>4355.240874</timestamp>
			</report>
			<report>
				<misses>14533001</misses>
				<total>33</total>
				<timestamp>4355.540677</timestamp>
			</report>
			<report>
				<misses>14534001</misses>
				<total>34</total>
				<timestamp>4355.840302</timestamp>
			</report>
			<report>
				<misses>14535001</misses>
				<total>34</total>
				<timestamp>4356.139986</timestamp>
			</report>
			<report>
				<misses>14536001</misses>
				<total>33</total>
				<timestamp>4356.439770</timestamp>
			</report>
			<report>
				<misses>14537001</misses>
				<total>34</total>
				<timestamp>4356.739387</timestamp>
			</report>
			<report>
				<misses>14538001</misses>
				<total>34</total>
				<timestamp>4357.039091</timestamp>
			</report>
			<report>
				<misses>14539001</misses>
				<total>34</total>
				<timestamp>4357.338784</timestamp>
			</report>
			<report>
				<misses>14540001</misses>
				<total>34</total>
				<timestamp>4357.638468</timestamp>
			</report>
			<report>
				<misses>14541001</misses>
				<total>34</total>
				<timestamp>4357.938224</timestamp>
			</report>
			<report>
				<misses>14542001</misses>
				<total>34</total>
				<timestamp>4358.237868</timestamp>
			</report>
			<report>
				<misses>14543001</misses>
				<total>34</total>
				<timestamp>4358.537643</timestamp>
			</report>
			<report>
				<misses>14544001</misses>
				<total>34</total>
				<timestamp>4358.837296</timestamp>
			</report>
			<report>
				<misses>14545001</misses>
				<total>34</total>
				<timestamp>4359.137037</timestamp>
			</report>
			<report>
				<misses>14546001</misses>
				<total>34</total>
				<timestamp>4359.436683</timestamp>
			</report>
			<report>
				<misses>14547001</misses>
				<total>34</total>
				<timestamp>4359.736383</timestamp>
			</report>
			<report>
				<misses>14548001</misses>
				<total>34</total>
				<timestamp>4360.036073</timestamp>
			</report>
			<report>
				<misses>14549001</misses>
				<total>34</total>
				<timestamp>4360.335766</timestamp>
			</report>
			<report>
				<misses>14550001</misses>
				<total>33</total>
				<timestamp>4360.635574</timestamp>
			</report>
			<report>
				<misses>14551001</misses>
				<total>34</total>
				<timestamp>4360.935213</timestamp>
			</report>
			<report>
				<misses>14552001</misses>
				<total>34</total>
				<timestamp>4361.234887</timestamp>
			</report>
			<report>
				<misses>14553001</misses>
				<total>34</total>
				<timestamp>4361.534643</timestamp>
			</report>
			<report>
				<misses>14554001</misses>
				<total>34</total>
				<timestamp>4361.834323</timestamp>
			</report>
			<report>
				<misses>14555001</misses>
				<total>34</total>
				<timestamp>4362.134066</timestamp>
			</report>
			<report>
				<misses>14556001</misses>
				<total>34</total>
				<timestamp>4362.433678</timestamp>
			</report>
			<report>
				<misses>14557001</misses>
				<total>34</total>
				<timestamp>4362.733456</timestamp>
			</report>
			<report>
				<misses>14558001</misses>
				<total>34</total>
				<timestamp>4363.033071</timestamp>
			</report>
			<report>
				<misses>14559001</misses>
				<total>34</total>
				<timestamp>4363.332776</timestamp>
			</report>
			<report>
				<misses>14560001</misses>
				<total>34</total>
				<timestamp>4363.632553</timestamp>
			</report>
			<report>
				<misses>14561001</misses>
				<total>34</total>
				<timestamp>4363.932205</timestamp>
			</report>
			<report>
				<misses>14562001</misses>
				<total>34</total>
				<timestamp>4364.231878</timestamp>
			</report>
			<report>
				<misses>14563001</misses>
				<total>34</total>
				<timestamp>4364.531559</timestamp>
			</report>
			<report>
				<misses>14564001</misses>
				<total>34</total>
				<timestamp>4364.831332</timestamp>
			</report>
			<report>
				<misses>14565001</misses>
				<total>34</total>
				<timestamp>4365.130993</timestamp>
			</report>
			<report>
				<misses>14566001</misses>
				<total>34</total>
				<timestamp>4365.430677</timestamp>
			</report>
			<report>
				<misses>14567001</misses>
				<total>33</total>
				<timestamp>4365.730490</timestamp>
			</report>
			<report>
				<misses>14568001</misses>
				<total>34</total>
				<timestamp>4366.030077</timestamp>
			</report>
			<report>
				<misses>14569001</misses>
				<total>34</total>
				<timestamp>4366.329768</timestamp>
			</report>
			<report>
				<misses>14570001</misses>
				<total>34</total>
				<timestamp>4366.629526</timestamp>
			</report>
			<report>
				<misses>14571001</misses>
				<total>34</total>
				<timestamp>4366.929205</timestamp>
			</report>
			<report>
				<misses>14572001</misses>
				<total>34</total>
				<timestamp>4367.228871</timestamp>
			</report>
			<report>
				<misses>14573001</misses>
				<total>34</total>
				<timestamp>4367.528567</timestamp>
			</report>
			<report>
				<misses>14574001</misses>
				<total>34</total>
				<timestamp>4367.828308</timestamp>
			</report>
			<report>
				<misses>14575001</misses>
				<total>34</total>
				<timestamp>4368.127976</timestamp>
			</report>
			<report>
				<misses>14576001</misses>
				<total>34</total>
				<timestamp>4368.427672</timestamp>
			</report>
			<report>
				<misses>14577001</misses>
				<total>33</total>
				<timestamp>4368.727487</timestamp>
			</report>
			<report>
				<misses>14578001</misses>
				<total>34</total>
				<timestamp>4369.027080</timestamp>
			</report>
			<report>
				<misses>14579001</misses>
				<total>34</total>
				<timestamp>4369.326843</timestamp>
			</report>
			<report>
				<misses>14580001</misses>
				<total>34</total>
				<timestamp>4369.626477</timestamp>
			</report>
			<report>
				<misses>14581001</misses>
				<total>34</total>
				<timestamp>4369.926192</timestamp>
			</report>
			<report>
				<misses>14582001</misses>
				<total>34</total>
				<timestamp>4370.225928</timestamp>
			</report>
			<report>
				<misses>14583001</misses>
				<total>34</total>
				<timestamp>4370.525565</timestamp>
			</report>
			<report>
				<misses>14584001</misses>
				<total>34</total>
				<timestamp>4370.825319</timestamp>
			</report>
			<report>
				<misses>14585001</misses>
				<total>34</total>
				<timestamp>4371.124983</timestamp>
			</report>
			<report>
				<misses>14586001</misses>
				<total>34</total>
				<timestamp>4371.424714</timestamp>
			</report>
			<report>
				<misses>14587001</misses>
				<total>34</total>
				<timestamp>4371.724460</timestamp>
			</report>
			<report>
				<misses>14588001</misses>
				<total>34</total>
				<timestamp>4372.024108</timestamp>
			</report>
			<report>
				<misses>14589001</misses>
				<total>34</total>
				<timestamp>4372.323769</timestamp>
			</report>
			<report>
				<misses>14590001</misses>
				<total>34</total>
				<timestamp>4372.623516</timestamp>
			</report>
			<report>
				<misses>14591001</misses>
				<total>34</total>
				<timestamp>4372.923256</timestamp>
			</report>
			<report>
				<misses>14592001</misses>
				<total>34</total>
				<timestamp>4373.222870</timestamp>
			</report>
			<report>
				<misses>14593001</misses>
				<total>34</total>
				<timestamp>4373.522571</timestamp>
			</report>
			<report>
				<misses>14594001</misses>
				<total>34</total>
				<timestamp>4373.822304</timestamp>
			</report>
			<report>
				<misses>14595001</misses>
				<total>34</total>
				<timestamp>4374.121962</timestamp>
			</report>
			<report>
				<misses>14596001</misses>
				<total>34</total>
				<timestamp>4374.421660</timestamp>
			</report>
			<report>
				<misses>14597001</misses>
				<total>34</total>
				<timestamp>4374.721442</timestamp>
			</report>
			<report>
				<misses>14598001</misses>
				<total>34</total>
				<timestamp>4375.021122</timestamp>
			</report>
			<report>
				<misses>14599001</misses>
				<total>34</total>
				<timestamp>4375.320767</timestamp>
			</report>
			<report>
				<misses>14600001</misses>
				<total>34</total>
				<timestamp>4375.620549</timestamp>
			</report>
			<report>
				<misses>14601001</misses>
				<total>34</total>
				<timestamp>4375.920212</timestamp>
			</report>
			<report>
				<misses>14602001</misses>
				<total>34</total>
				<timestamp>4376.219859</timestamp>
			</report>
			<report>
				<misses>14603001</misses>
				<total>33</total>
				<timestamp>4376.519658</timestamp>
			</report>
			<report>
				<misses>14604001</misses>
				<total>34</total>
				<timestamp>4376.819274</timestamp>
			</report>
			<report>
				<misses>14605001</misses>
				<total>34</total>
				<timestamp>4377.118990</timestamp>
			</report>
			<report>
				<misses>14606001</misses>
				<total>34</total>
				<timestamp>4377.418671</timestamp>
			</report>
			<report>
				<misses>14607001</misses>
				<total>34</total>
				<timestamp>4377.718354</timestamp>
			</report>
			<report>
				<misses>14608001</misses>
				<total>34</total>
				<timestamp>4378.018111</timestamp>
			</report>
			<report>
				<misses>14609001</misses>
				<total>34</total>
				<timestamp>4378.317767</timestamp>
			</report>
			<report>
				<misses>14610001</misses>
				<total>34</total>
				<timestamp>4378.617474</timestamp>
			</report>
			<report>
				<misses>14611001</misses>
				<total>34</total>
				<timestamp>4378.917172</timestamp>
			</report>
			<report>
				<misses>14612001</misses>
				<total>34</total>
				<timestamp>4379.216874</timestamp>
			</report>
			<report>
				<misses>14613001</misses>
				<total>34</total>
				<timestamp>4379.516582</timestamp>
			</report>
			<report>
				<misses>14614001</misses>
				<total>34</total>
				<timestamp>4379.816302</timestamp>
			</report>
			<report>
				<misses>14615001</misses>
				<total>34</total>
				<timestamp>4380.115986</timestamp>
			</report>
			<report>
				<misses>14616001</misses>
				<total>34</total>
				<timestamp>4380.415669</timestamp>
			</report>
			<report>
				<misses>14617001</misses>
				<total>34</total>
				<timestamp>4380.715406</timestamp>
			</report>
			<report>
				<misses>14618001</misses>
				<total>34</total>
				<timestamp>4381.015111</timestamp>
			</report>
			<report>
				<misses>14619001</misses>
				<total>34</total>
				<timestamp>4381.314785</timestamp>
			</report>
			<report>
				<misses>14620001</misses>
				<total>34</total>
				<timestamp>4381.614475</timestamp>
			</report>
			<report>
				<misses>14621001</misses>
				<total>34</total>
				<timestamp>4381.914194</timestamp>
			</report>
			<report>
				<misses>14622001</misses>
				<total>34</total>
				<timestamp>4382.213952</timestamp>
			</report>
			<report>
				<misses>14623001</misses>
				<total>34</total>
				<timestamp>4382.513669</timestamp>
			</report>
			<report>
				<misses>14624001</misses>
				<total>34</total>
				<timestamp>4382.813345</timestamp>
			</report>
			<report>
				<misses>14625001</misses>
				<total>34</total>
				<timestamp>4383.113007</timestamp>
			</report>
			<report>
				<misses>14626001</misses>
				<total>34</total>
				<timestamp>4383.412687</timestamp>
			</report>
			<report>
				<misses>14627001</misses>
				<total>34</total>
				<timestamp>4383.712389</timestamp>
			</report>
			<report>
				<misses>14628001</misses>
				<total>34</total>
				<timestamp>4384.012124</timestamp>
			</report>
			<report>
				<misses>14629001</misses>
				<total>33</total>
				<timestamp>4384.311885</timestamp>
			</report>
			<report>
				<misses>14630001</misses>
				<total>34</total>
				<timestamp>4384.611499</timestamp>
			</report>
			<report>
				<misses>14631001</misses>
				<total>34</total>
				<timestamp>4384.911191</timestamp>
			</report>
			<report>
				<misses>14632001</misses>
				<total>34</total>
				<timestamp>4385.210877</timestamp>
			</report>
			<report>
				<misses>14633001</misses>
				<total>34</total>
				<timestamp>4385.510615</timestamp>
			</report>
			<report>
				<misses>14634001</misses>
				<total>34</total>
				<timestamp>4385.810266</timestamp>
			</report>
			<report>
				<misses>14635001</misses>
				<total>34</total>
				<timestamp>4386.109992</timestamp>
			</report>
			<report>
				<misses>14636001</misses>
				<total>34</total>
				<timestamp>4386.409668</timestamp>
			</report>
			<report>
				<misses>14637001</misses>
				<total>33</total>
				<timestamp>4386.709476</timestamp>
			</report>
			<report>
				<misses>14638001</misses>
				<total>34</total>
				<timestamp>4387.009083</timestamp>
			</report>
			<report>
				<misses>14639001</misses>
				<total>34</total>
				<timestamp>4387.308817</timestamp>
			</report>
			<report>
				<misses>14640001</misses>
				<total>34</total>
				<timestamp>4387.608475</timestamp>
			</report>
			<report>
				<misses>14641001</misses>
				<total>34</total>
				<timestamp>4387.908206</timestamp>
			</report>
			<report>
				<misses>14642001</misses>
				<total>34</total>
				<timestamp>4388.207876</timestamp>
			</report>
			<report>
				<misses>14643001</misses>
				<total>34</total>
				<timestamp>4388.507578</timestamp>
			</report>
			<report>
				<misses>14644001</misses>
				<total>34</total>
				<timestamp>4388.807348</timestamp>
			</report>
			<report>
				<misses>14645001</misses>
				<total>34</total>
				<timestamp>4389.107007</timestamp>
			</report>
			<report>
				<misses>14646001</misses>
				<total>34</total>
				<timestamp>4389.406672</timestamp>
			</report>
			<report>
				<misses>14647001</misses>
				<total>34</total>
				<timestamp>4389.706476</timestamp>
			</report>
			<report>
				<misses>14648001</misses>
				<total>34</total>
				<timestamp>4390.006099</timestamp>
			</report>
			<report>
				<misses>14649001</misses>
				<total>33</total>
				<timestamp>4390.305881</timestamp>
			</report>
			<report>
				<misses>14650001</misses>
				<total>34</total>
				<timestamp>4390.605468</timestamp>
			</report>
			<report>
				<misses>14651001</misses>
				<total>34</total>
				<timestamp>4390.905190</timestamp>
			</report>
			<report>
				<misses>14652001</misses>
				<total>34</total>
				<timestamp>4391.204900</timestamp>
			</report>
			<report>
				<misses>14653001</misses>
				<total>33</total>
				<timestamp>4391.504678</timestamp>
			</report>
			<report>
				<misses>14654001</misses>
				<total>34</total>
				<timestamp>4391.804293</timestamp>
			</report>
			<report>
				<misses>14655001</misses>
				<total>34</total>
				<timestamp>4392.104010</timestamp>
			</report>
			<report>
				<misses>14656001</misses>
				<total>34</total>
				<timestamp>4392.403683</timestamp>
			</report>
			<report>
				<misses>14657001</misses>
				<total>34</total>
				<timestamp>4392.703383</timestamp>
			</report>
			<report>
				<misses>14658001</misses>
				<total>34</total>
				<timestamp>4393.003078</timestamp>
			</report>
			<report>
				<misses>14659001</misses>
				<total>34</total>
				<timestamp>4393.302766</timestamp>
			</report>
			<report>
				<misses>14660001</misses>
				<total>34</total>
				<timestamp>4393.602465</timestamp>
			</report>
			<report>
				<misses>14661001</misses>
				<total>34</total>
				<timestamp>4393.902199</timestamp>
			</report>
			<report>
				<misses>14662001</misses>
				<total>34</total>
				<timestamp>4394.201962</timestamp>
			</report>
			<report>
				<misses>14663001</misses>
				<total>34</total>
				<timestamp>4394.501582</timestamp>
			</report>
			<report>
				<misses>14664001</misses>
				<total>34</total>
				<timestamp>4394.801308</timestamp>
			</report>
			<report>
				<misses>14665001</misses>
				<total>34</total>
				<timestamp>4395.101021</timestamp>
			</report>
			<report>
				<misses>14666001</misses>
				<total>34</total>
				<timestamp>4395.400662</timestamp>
			</report>
			<report>
				<misses>14667001</misses>
				<total>34</total>
				<timestamp>4395.700372</timestamp>
			</report>
			<report>
				<misses>14668001</misses>
				<total>34</total>
				<timestamp>4396.000103</timestamp>
			</report>
			<report>
				<misses>14669001</misses>
				<total>34</total>
				<timestamp>4396.299766</timestamp>
			</report>
			<report>
				<misses>14670001</misses>
				<total>34</total>
				<timestamp>4396.599478</timestamp>
			</report>
			<report>
				<misses>14671001</misses>
				<total>34</total>
				<timestamp>4396.899200</timestamp>
			</report>
			<report>
				<misses>14672001</misses>
				<total>34</total>
				<timestamp>4397.198878</timestamp>
			</report>
			<report>
				<misses>14673001</misses>
				<total>34</total>
				<timestamp>4397.498614</timestamp>
			</report>
			<report>
				<misses>14674001</misses>
				<total>34</total>
				<timestamp>4397.798319</timestamp>
			</report>
			<report>
				<misses>14675001</misses>
				<total>34</total>
				<timestamp>4398.098011</timestamp>
			</report>
			<report>
				<misses>14676001</misses>
				<total>34</total>
				<timestamp>4398.397685</timestamp>
			</report>
			<report>
				<misses>14677001</misses>
				<total>34</total>
				<timestamp>4398.697368</timestamp>
			</report>
			<report>
				<misses>14678001</misses>
				<total>34</total>
				<timestamp>4398.997127</timestamp>
			</report>
			<report>
				<misses>14679001</misses>
				<total>34</total>
				<timestamp>4399.296779</timestamp>
			</report>
			<report>
				<misses>14680001</misses>
				<total>34</total>
				<timestamp>4399.596471</timestamp>
			</report>
			<report>
				<misses>14681001</misses>
				<total>34</total>
				<timestamp>4399.896276</timestamp>
			</report>
			<report>
				<misses>14682001</misses>
				<total>34</total>
				<timestamp>4400.195869</timestamp>
			</report>
			<report>
				<misses>14683001</misses>
				<total>34</total>
				<timestamp>4400.495639</timestamp>
			</report>
			<report>
				<misses>14684001</misses>
				<total>34</total>
				<timestamp>4400.795265</timestamp>
			</report>
			<report>
				<misses>14685001</misses>
				<total>34</total>
				<timestamp>4401.095067</timestamp>
			</report>
			<report>
				<misses>14686001</misses>
				<total>34</total>
				<timestamp>4401.394682</timestamp>
			</report>
			<report>
				<misses>14687001</misses>
				<total>34</total>
				<timestamp>4401.694427</timestamp>
			</report>
			<report>
				<misses>14688001</misses>
				<total>34</total>
				<timestamp>4401.994112</timestamp>
			</report>
			<report>
				<misses>14689001</misses>
				<total>34</total>
				<timestamp>4402.293852</timestamp>
			</report>
			<report>
				<misses>14690001</misses>
				<total>34</total>
				<timestamp>4402.593482</timestamp>
			</report>
			<report>
				<misses>14691001</misses>
				<total>34</total>
				<timestamp>4402.893228</timestamp>
			</report>
			<report>
				<misses>14692001</misses>
				<total>34</total>
				<timestamp>4403.192869</timestamp>
			</report>
			<report>
				<misses>14693001</misses>
				<total>34</total>
				<timestamp>4403.492565</timestamp>
			</report>
			<report>
				<misses>14694001</misses>
				<total>34</total>
				<timestamp>4403.792313</timestamp>
			</report>
			<report>
				<misses>14695001</misses>
				<total>34</total>
				<timestamp>4404.092063</timestamp>
			</report>
			<report>
				<misses>14696001</misses>
				<total>34</total>
				<timestamp>4404.391672</timestamp>
			</report>
			<report>
				<misses>14697001</misses>
				<total>34</total>
				<timestamp>4404.691371</timestamp>
			</report>
			<report>
				<misses>14698001</misses>
				<total>34</total>
				<timestamp>4404.991073</timestamp>
			</report>
			<report>
				<misses>14699001</misses>
				<total>34</total>
				<timestamp>4405.290783</timestamp>
			</report>
			<report>
				<misses>14700001</misses>
				<total>34</total>
				<timestamp>4405.590561</timestamp>
			</report>
			<report>
				<misses>14701001</misses>
				<total>34</total>
				<timestamp>4405.890167</timestamp>
			</report>
			<report>
				<misses>14702001</misses>
				<total>34</total>
				<timestamp>4406.189898</timestamp>
			</report>
			<report>
				<misses>14703001</misses>
				<total>34</total>
				<timestamp>4406.489571</timestamp>
			</report>
			<report>
				<misses>14704001</misses>
				<total>34</total>
				<timestamp>4406.789271</timestamp>
			</report>
			<report>
				<misses>14705001</misses>
				<total>34</total>
				<timestamp>4407.089087</timestamp>
			</report>
			<report>
				<misses>14706001</misses>
				<total>34</total>
				<timestamp>4407.388671</timestamp>
			</report>
			<report>
				<misses>14707001</misses>
				<total>34</total>
				<timestamp>4407.688373</timestamp>
			</report>
			<report>
				<misses>14708001</misses>
				<total>34</total>
				<timestamp>4407.988085</timestamp>
			</report>
			<report>
				<misses>14709001</misses>
				<total>34</total>
				<timestamp>4408.287791</timestamp>
			</report>
			<report>
				<misses>14710001</misses>
				<total>34</total>
				<timestamp>4408.587485</timestamp>
			</report>
			<report>
				<misses>14711001</misses>
				<total>34</total>
				<timestamp>4408.887172</timestamp>
			</report>
			<report>
				<misses>14712001</misses>
				<total>34</total>
				<timestamp>4409.186918</timestamp>
			</report>
			<report>
				<misses>14713001</misses>
				<total>34</total>
				<timestamp>4409.486571</timestamp>
			</report>
			<report>
				<misses>14714001</misses>
				<total>34</total>
				<timestamp>4409.786333</timestamp>
			</report>
			<report>
				<misses>14715001</misses>
				<total>34</total>
				<timestamp>4410.086053</timestamp>
			</report>
			<report>
				<misses>14716001</misses>
				<total>34</total>
				<timestamp>4410.385678</timestamp>
			</report>
			<report>
				<misses>14717001</misses>
				<total>34</total>
				<timestamp>4410.685443</timestamp>
			</report>
			<report>
				<misses>14718001</misses>
				<total>34</total>
				<timestamp>4410.985111</timestamp>
			</report>
			<report>
				<misses>14719001</misses>
				<total>34</total>
				<timestamp>4411.284775</timestamp>
			</report>
			<report>
				<misses>14720001</misses>
				<total>34</total>
				<timestamp>4411.584476</timestamp>
			</report>
			<report>
				<misses>14721001</misses>
				<total>34</total>
				<timestamp>4411.884203</timestamp>
			</report>
			<report>
				<misses>14722001</misses>
				<total>34</total>
				<timestamp>4412.183933</timestamp>
			</report>
			<report>
				<misses>14723001</misses>
				<total>34</total>
				<timestamp>4412.483572</timestamp>
			</report>
			<report>
				<misses>14724001</misses>
				<total>34</total>
				<timestamp>4412.783291</timestamp>
			</report>
			<report>
				<misses>14725001</misses>
				<total>34</total>
				<timestamp>4413.083013</timestamp>
			</report>
			<report>
				<misses>14726001</misses>
				<total>34</total>
				<timestamp>4413.382686</timestamp>
			</report>
			<report>
				<misses>14727001</misses>
				<total>34</total>
				<timestamp>4413.682375</timestamp>
			</report>
			<report>
				<misses>14728001</misses>
				<total>34</total>
				<timestamp>4413.982155</timestamp>
			</report>
			<report>
				<misses>14729001</misses>
				<total>34</total>
				<timestamp>4414.281777</timestamp>
			</report>
			<report>
				<misses>14730001</misses>
				<total>34</total>
				<timestamp>4414.581477</timestamp>
			</report>
			<report>
				<misses>14731001</misses>
				<total>34</total>
				<timestamp>4414.881168</timestamp>
			</report>
			<report>
				<misses>14732001</misses>
				<total>34</total>
				<timestamp>4415.180922</timestamp>
			</report>
			<report>
				<misses>14733001</misses>
				<total>34</total>
				<timestamp>4415.480575</timestamp>
			</report>
			<report>
				<misses>14734001</misses>
				<total>34</total>
				<timestamp>4415.780273</timestamp>
			</report>
			<report>
				<misses>14735001</misses>
				<total>34</total>
				<timestamp>4416.080005</timestamp>
			</report>
			<report>
				<misses>14736001</misses>
				<total>34</total>
				<timestamp>4416.379755</timestamp>
			</report>
			<report>
				<misses>14737001</misses>
				<total>34</total>
				<timestamp>4416.679379</timestamp>
			</report>
			<report>
				<misses>14738001</misses>
				<total>34</total>
				<timestamp>4416.979088</timestamp>
			</report>
			<report>
				<misses>14739001</misses>
				<total>34</total>
				<timestamp>4417.278841</timestamp>
			</report>
			<report>
				<misses>14740001</misses>
				<total>34</total>
				<timestamp>4417.578467</timestamp>
			</report>
			<report>
				<misses>14741001</misses>
				<total>34</total>
				<timestamp>4417.878247</timestamp>
			</report>
			<report>
				<misses>14742001</misses>
				<total>34</total>
				<timestamp>4418.177892</timestamp>
			</report>
			<report>
				<misses>14743001</misses>
				<total>34</total>
				<timestamp>4418.477581</timestamp>
			</report>
			<report>
				<misses>14744001</misses>
				<total>34</total>
				<timestamp>4418.777285</timestamp>
			</report>
			<report>
				<misses>14745001</misses>
				<total>34</total>
				<timestamp>4419.077063</timestamp>
			</report>
			<report>
				<misses>14746001</misses>
				<total>34</total>
				<timestamp>4419.376680</timestamp>
			</report>
			<report>
				<misses>14747001</misses>
				<total>34</total>
				<timestamp>4419.676410</timestamp>
			</report>
			<report>
				<misses>14748001</misses>
				<total>34</total>
				<timestamp>4419.976121</timestamp>
			</report>
			<report>
				<misses>14749001</misses>
				<total>34</total>
				<timestamp>4420.275793</timestamp>
			</report>
			<report>
				<misses>14750001</misses>
				<total>34</total>
				<timestamp>4420.575459</timestamp>
			</report>
			<report>
				<misses>14751001</misses>
				<total>34</total>
				<timestamp>4420.875183</timestamp>
			</report>
			<report>
				<misses>14752001</misses>
				<total>34</total>
				<timestamp>4421.174936</timestamp>
			</report>
			<report>
				<misses>14753001</misses>
				<total>34</total>
				<timestamp>4421.474575</timestamp>
			</report>
			<report>
				<misses>14754001</misses>
				<total>34</total>
				<timestamp>4421.774266</timestamp>
			</report>
			<report>
				<misses>14755001</misses>
				<total>34</total>
				<timestamp>4422.074024</timestamp>
			</report>
			<report>
				<misses>14756001</misses>
				<total>34</total>
				<timestamp>4422.373681</timestamp>
			</report>
			<report>
				<misses>14757001</misses>
				<total>34</total>
				<timestamp>4422.673364</timestamp>
			</report>
			<report>
				<misses>14758001</misses>
				<total>34</total>
				<timestamp>4422.973072</timestamp>
			</report>
			<report>
				<misses>14759001</misses>
				<total>34</total>
				<timestamp>4423.272816</timestamp>
			</report>
			<report>
				<misses>14760001</misses>
				<total>34</total>
				<timestamp>4423.572462</timestamp>
			</report>
			<report>
				<misses>14761001</misses>
				<total>34</total>
				<timestamp>4423.872221</timestamp>
			</report>
			<report>
				<misses>14762001</misses>
				<total>34</total>
				<timestamp>4424.171880</timestamp>
			</report>
			<report>
				<misses>14763001</misses>
				<total>34</total>
				<timestamp>4424.471568</timestamp>
			</report>
			<report>
				<misses>14764001</misses>
				<total>34</total>
				<timestamp>4424.771269</timestamp>
			</report>
			<report>
				<misses>14765001</misses>
				<total>34</total>
				<timestamp>4425.070987</timestamp>
			</report>
			<report>
				<misses>14766001</misses>
				<total>34</total>
				<timestamp>4425.370684</timestamp>
			</report>
			<report>
				<misses>14767001</misses>
				<total>33</total>
				<timestamp>4425.670486</timestamp>
			</report>
			<report>
				<misses>14768001</misses>
				<total>34</total>
				<timestamp>4425.970082</timestamp>
			</report>
			<report>
				<misses>14769001</misses>
				<total>34</total>
				<timestamp>4426.269782</timestamp>
			</report>
			<report>
				<misses>14770001</misses>
				<total>34</total>
				<timestamp>4426.569490</timestamp>
			</report>
			<report>
				<misses>14771001</misses>
				<total>34</total>
				<timestamp>4426.869193</timestamp>
			</report>
			<report>
				<misses>14772001</misses>
				<total>34</total>
				<timestamp>4427.168867</timestamp>
			</report>
			<report>
				<misses>14773001</misses>
				<total>34</total>
				<timestamp>4427.468568</timestamp>
			</report>
			<report>
				<misses>14774001</misses>
				<total>34</total>
				<timestamp>4427.768323</timestamp>
			</report>
			<report>
				<misses>14775001</misses>
				<total>34</total>
				<timestamp>4428.068020</timestamp>
			</report>
			<report>
				<misses>14776001</misses>
				<total>34</total>
				<timestamp>4428.367681</timestamp>
			</report>
			<report>
				<misses>14777001</misses>
				<total>34</total>
				<timestamp>4428.667357</timestamp>
			</report>
			<report>
				<misses>14778001</misses>
				<total>34</total>
				<timestamp>4428.967070</timestamp>
			</report>
			<report>
				<misses>14779001</misses>
				<total>34</total>
				<timestamp>4429.266826</timestamp>
			</report>
			<report>
				<misses>14780001</misses>
				<total>34</total>
				<timestamp>4429.566483</timestamp>
			</report>
			<report>
				<misses>14781001</misses>
				<total>34</total>
				<timestamp>4429.866196</timestamp>
			</report>
			<report>
				<misses>14782001</misses>
				<total>34</total>
				<timestamp>4430.165912</timestamp>
			</report>
			<report>
				<misses>14783001</misses>
				<total>34</total>
				<timestamp>4430.465574</timestamp>
			</report>
			<report>
				<misses>14784001</misses>
				<total>34</total>
				<timestamp>4430.765282</timestamp>
			</report>
			<report>
				<misses>14785001</misses>
				<total>34</total>
				<timestamp>4431.065037</timestamp>
			</report>
			<report>
				<misses>14786001</misses>
				<total>34</total>
				<timestamp>4431.364659</timestamp>
			</report>
			<report>
				<misses>14787001</misses>
				<total>33</total>
				<timestamp>4431.664486</timestamp>
			</report>
			<report>
				<misses>14788001</misses>
				<total>34</total>
				<timestamp>4431.964090</timestamp>
			</report>
			<report>
				<misses>14789001</misses>
				<total>34</total>
				<timestamp>4432.263799</timestamp>
			</report>
			<report>
				<misses>14790001</misses>
				<total>34</total>
				<timestamp>4432.563487</timestamp>
			</report>
			<report>
				<misses>14791001</misses>
				<total>34</total>
				<timestamp>4432.863191</timestamp>
			</report>
			<report>
				<misses>14792001</misses>
				<total>34</total>
				<timestamp>4433.162903</timestamp>
			</report>
			<report>
				<misses>14793001</misses>
				<total>34</total>
				<timestamp>4433.462575</timestamp>
			</report>
			<report>
				<misses>14794001</misses>
				<total>34</total>
				<timestamp>4433.762291</timestamp>
			</report>
			<report>
				<misses>14795001</misses>
				<total>34</total>
				<timestamp>4434.062078</timestamp>
			</report>
			<report>
				<misses>14796001</misses>
				<total>34</total>
				<timestamp>4434.361744</timestamp>
			</report>
			<report>
				<misses>14797001</misses>
				<total>34</total>
				<timestamp>4434.661369</timestamp>
			</report>
			<report>
				<misses>14798001</misses>
				<total>34</total>
				<timestamp>4434.961109</timestamp>
			</report>
			<report>
				<misses>14799001</misses>
				<total>34</total>
				<timestamp>4435.260803</timestamp>
			</report>
			<report>
				<misses>14800001</misses>
				<total>34</total>
				<timestamp>4435.560473</timestamp>
			</report>
			<report>
				<misses>14801001</misses>
				<total>34</total>
				<timestamp>4435.860218</timestamp>
			</report>
			<report>
				<misses>14802001</misses>
				<total>34</total>
				<timestamp>4436.159902</timestamp>
			</report>
			<report>
				<misses>14803001</misses>
				<total>34</total>
				<timestamp>4436.459575</timestamp>
			</report>
			<report>
				<misses>14804001</misses>
				<total>34</total>
				<timestamp>4436.759330</timestamp>
			</report>
			<report>
				<misses>14805001</misses>
				<total>34</total>
				<timestamp>4437.059013</timestamp>
			</report>
			<report>
				<misses>14806001</misses>
				<total>34</total>
				<timestamp>4437.358681</timestamp>
			</report>
			<report>
				<misses>14807001</misses>
				<total>34</total>
				<timestamp>4437.658382</timestamp>
			</report>
			<report>
				<misses>14808001</misses>
				<total>34</total>
				<timestamp>4437.958103</timestamp>
			</report>
			<report>
				<misses>14809001</misses>
				<total>33</total>
				<timestamp>4438.257881</timestamp>
			</report>
			<report>
				<misses>14810001</misses>
				<total>34</total>
				<timestamp>4438.557470</timestamp>
			</report>
			<report>
				<misses>14811001</misses>
				<total>34</total>
				<timestamp>4438.857192</timestamp>
			</report>
			<report>
				<misses>14812001</misses>
				<total>34</total>
				<timestamp>4439.156889</timestamp>
			</report>
			<report>
				<misses>14813001</misses>
				<total>34</total>
				<timestamp>4439.456573</timestamp>
			</report>
			<report>
				<misses>14814001</misses>
				<total>34</total>
				<timestamp>4439.756275</timestamp>
			</report>
			<report>
				<misses>14815001</misses>
				<total>34</total>
				<timestamp>4440.055997</timestamp>
			</report>
			<report>
				<misses>14816001</misses>
				<total>34</total>
				<timestamp>4440.355701</timestamp>
			</report>
			<report>
				<misses>14817001</misses>
				<total>34</total>
				<timestamp>4440.655370</timestamp>
			</report>
			<report>
				<misses>14818001</misses>
				<total>34</total>
				<timestamp>4440.955065</timestamp>
			</report>
			<report>
				<misses>14819001</misses>
				<total>34</total>
				<timestamp>4441.254797</timestamp>
			</report>
			<report>
				<misses>14820001</misses>
				<total>34</total>
				<timestamp>4441.554481</timestamp>
			</report>
			<report>
				<misses>14821001</misses>
				<total>34</total>
				<timestamp>4441.854226</timestamp>
			</report>
			<report>
				<misses>14822001</misses>
				<total>34</total>
				<timestamp>4442.153878</timestamp>
			</report>
			<report>
				<misses>14823001</misses>
				<total>34</total>
				<timestamp>4442.453594</timestamp>
			</report>
			<report>
				<misses>14824001</misses>
				<total>34</total>
				<timestamp>4442.753341</timestamp>
			</report>
			<report>
				<misses>14825001</misses>
				<total>34</total>
				<timestamp>4443.052998</timestamp>
			</report>
			<report>
				<misses>14826001</misses>
				<total>34</total>
				<timestamp>4443.352761</timestamp>
			</report>
			<report>
				<misses>14827001</misses>
				<total>34</total>
				<timestamp>4443.652370</timestamp>
			</report>
			<report>
				<misses>14828001</misses>
				<total>34</total>
				<timestamp>4443.952090</timestamp>
			</report>
			<report>
				<misses>14829001</misses>
				<total>34</total>
				<timestamp>4444.251786</timestamp>
			</report>
			<report>
				<misses>14830001</misses>
				<total>34</total>
				<timestamp>4444.551464</timestamp>
			</report>
			<report>
				<misses>14831001</misses>
				<total>34</total>
				<timestamp>4444.851209</timestamp>
			</report>
			<report>
				<misses>14832001</misses>
				<total>34</total>
				<timestamp>4445.150966</timestamp>
			</report>
			<report>
				<misses>14833001</misses>
				<total>34</total>
				<timestamp>4445.450574</timestamp>
			</report>
			<report>
				<misses>14834001</misses>
				<total>34</total>
				<timestamp>4445.750282</timestamp>
			</report>
			<report>
				<misses>14835001</misses>
				<total>34</total>
				<timestamp>4446.049970</timestamp>
			</report>
			<report>
				<misses>14836001</misses>
				<total>34</total>
				<timestamp>4446.349718</timestamp>
			</report>
			<report>
				<misses>14837001</misses>
				<total>34</total>
				<timestamp>4446.649393</timestamp>
			</report>
			<report>
				<misses>14838001</misses>
				<total>34</total>
				<timestamp>4446.949129</timestamp>
			</report>
			<report>
				<misses>14839001</misses>
				<total>34</total>
				<timestamp>4447.248801</timestamp>
			</report>
			<report>
				<misses>14840001</misses>
				<total>34</total>
				<timestamp>4447.548469</timestamp>
			</report>
			<report>
				<misses>14841001</misses>
				<total>34</total>
				<timestamp>4447.848178</timestamp>
			</report>
			<report>
				<misses>14842001</misses>
				<total>34</total>
				<timestamp>4448.147864</timestamp>
			</report>
			<report>
				<misses>14843001</misses>
				<total>34</total>
				<timestamp>4448.447590</timestamp>
			</report>
			<report>
				<misses>14844001</misses>
				<total>34</total>
				<timestamp>4448.747327</timestamp>
			</report>
			<report>
				<misses>14845001</misses>
				<total>34</total>
				<timestamp>4449.047016</timestamp>
			</report>
			<report>
				<misses>14846001</misses>
				<total>34</total>
				<timestamp>4449.346733</timestamp>
			</report>
			<report>
				<misses>14847001</misses>
				<total>34</total>
				<timestamp>4449.646378</timestamp>
			</report>
			<report>
				<misses>14848001</misses>
				<total>34</total>
				<timestamp>4449.946070</timestamp>
			</report>
			<report>
				<misses>14849001</misses>
				<total>34</total>
				<timestamp>4450.245797</timestamp>
			</report>
			<report>
				<misses>14850001</misses>
				<total>34</total>
				<timestamp>4450.545466</timestamp>
			</report>
			<report>
				<misses>14851001</misses>
				<total>34</total>
				<timestamp>4450.845173</timestamp>
			</report>
			<report>
				<misses>14852001</misses>
				<total>33</total>
				<timestamp>4451.144969</timestamp>
			</report>
			<report>
				<misses>14853001</misses>
				<total>34</total>
				<timestamp>4451.444634</timestamp>
			</report>
			<report>
				<misses>14854001</misses>
				<total>34</total>
				<timestamp>4451.744274</timestamp>
			</report>
			<report>
				<misses>14855001</misses>
				<total>34</total>
				<timestamp>4452.044049</timestamp>
			</report>
			<report>
				<misses>14856001</misses>
				<total>34</total>
				<timestamp>4452.343680</timestamp>
			</report>
			<report>
				<misses>14857001</misses>
				<total>34</total>
				<timestamp>4452.643405</timestamp>
			</report>
			<report>
				<misses>14858001</misses>
				<total>34</total>
				<timestamp>4452.943139</timestamp>
			</report>
			<report>
				<misses>14859001</misses>
				<total>34</total>
				<timestamp>4453.242794</timestamp>
			</report>
			<report>
				<misses>14860001</misses>
				<total>34</total>
				<timestamp>4453.542480</timestamp>
			</report>
			<report>
				<misses>14861001</misses>
				<total>34</total>
				<timestamp>4453.842192</timestamp>
			</report>
			<report>
				<misses>14862001</misses>
				<total>34</total>
				<timestamp>4454.141881</timestamp>
			</report>
			<report>
				<misses>14863001</misses>
				<total>34</total>
				<timestamp>4454.441561</timestamp>
			</report>
			<report>
				<misses>14864001</misses>
				<total>34</total>
				<timestamp>4454.741342</timestamp>
			</report>
			<report>
				<misses>14865001</misses>
				<total>34</total>
				<timestamp>4455.041003</timestamp>
			</report>
			<report>
				<misses>14866001</misses>
				<total>34</total>
				<timestamp>4455.340694</timestamp>
			</report>
			<report>
				<misses>14867001</misses>
				<total>34</total>
				<timestamp>4455.640375</timestamp>
			</report>
			<report>
				<misses>14868001</misses>
				<total>34</total>
				<timestamp>4455.940165</timestamp>
			</report>
			<report>
				<misses>14869001</misses>
				<total>34</total>
				<timestamp>4456.239784</timestamp>
			</report>
			<report>
				<misses>14870001</misses>
				<total>34</total>
				<timestamp>4456.539468</timestamp>
			</report>
			<report>
				<misses>14871001</misses>
				<total>34</total>
				<timestamp>4456.839197</timestamp>
			</report>
			<report>
				<misses>14872001</misses>
				<total>34</total>
				<timestamp>4457.138882</timestamp>
			</report>
			<report>
				<misses>14873001</misses>
				<total>34</total>
				<timestamp>4457.438592</timestamp>
			</report>
			<report>
				<misses>14874001</misses>
				<total>34</total>
				<timestamp>4457.738269</timestamp>
			</report>
			<report>
				<misses>14875001</misses>
				<total>34</total>
				<timestamp>4458.038044</timestamp>
			</report>
			<report>
				<misses>14876001</misses>
				<total>34</total>
				<timestamp>4458.337691</timestamp>
			</report>
			<report>
				<misses>14877001</misses>
				<total>34</total>
				<timestamp>4458.637385</timestamp>
			</report>
			<report>
				<misses>14878001</misses>
				<total>34</total>
				<timestamp>4458.937133</timestamp>
			</report>
			<report>
				<misses>14879001</misses>
				<total>34</total>
				<timestamp>4459.236770</timestamp>
			</report>
			<report>
				<misses>14880001</misses>
				<total>34</total>
				<timestamp>4459.536512</timestamp>
			</report>
			<report>
				<misses>14881001</misses>
				<total>34</total>
				<timestamp>4459.836263</timestamp>
			</report>
			<report>
				<misses>14882001</misses>
				<total>33</total>
				<timestamp>4460.135968</timestamp>
			</report>
			<report>
				<misses>14883001</misses>
				<total>34</total>
				<timestamp>4460.435619</timestamp>
			</report>
			<report>
				<misses>14884001</misses>
				<total>34</total>
				<timestamp>4460.735261</timestamp>
			</report>
			<report>
				<misses>14885001</misses>
				<total>34</total>
				<timestamp>4461.034997</timestamp>
			</report>
			<report>
				<misses>14886001</misses>
				<total>34</total>
				<timestamp>4461.334680</timestamp>
			</report>
			<report>
				<misses>14887001</misses>
				<total>34</total>
				<timestamp>4461.634412</timestamp>
			</report>
			<report>
				<misses>14888001</misses>
				<total>34</total>
				<timestamp>4461.934119</timestamp>
			</report>
			<report>
				<misses>14889001</misses>
				<total>34</total>
				<timestamp>4462.233797</timestamp>
			</report>
			<report>
				<misses>14890001</misses>
				<total>34</total>
				<timestamp>4462.533473</timestamp>
			</report>
			<report>
				<misses>14891001</misses>
				<total>34</total>
				<timestamp>4462.833183</timestamp>
			</report>
			<report>
				<misses>14892001</misses>
				<total>34</total>
				<timestamp>4463.132929</timestamp>
			</report>
			<report>
				<misses>14893001</misses>
				<total>34</total>
				<timestamp>4463.432579</timestamp>
			</report>
			<report>
				<misses>14894001</misses>
				<total>34</total>
				<timestamp>4463.732261</timestamp>
			</report>
			<report>
				<misses>14895001</misses>
				<total>34</total>
				<timestamp>4464.032001</timestamp>
			</report>
			<report>
				<misses>14896001</misses>
				<total>34</total>
				<timestamp>4464.331711</timestamp>
			</report>
			<report>
				<misses>14897001</misses>
				<total>34</total>
				<timestamp>4464.631442</timestamp>
			</report>
			<report>
				<misses>14898001</misses>
				<total>34</total>
				<timestamp>4464.931086</timestamp>
			</report>
			<report>
				<misses>14899001</misses>
				<total>34</total>
				<timestamp>4465.230790</timestamp>
			</report>
			<report>
				<misses>14900001</misses>
				<total>34</total>
				<timestamp>4465.530512</timestamp>
			</report>
			<report>
				<misses>14901001</misses>
				<total>34</total>
				<timestamp>4465.830176</timestamp>
			</report>
			<report>
				<misses>14902001</misses>
				<total>34</total>
				<timestamp>4466.129938</timestamp>
			</report>
			<report>
				<misses>14903001</misses>
				<total>34</total>
				<timestamp>4466.429587</timestamp>
			</report>
			<report>
				<misses>14904001</misses>
				<total>34</total>
				<timestamp>4466.729287</timestamp>
			</report>
			<report>
				<misses>14905001</misses>
				<total>34</total>
				<timestamp>4467.028998</timestamp>
			</report>
			<report>
				<misses>14906001</misses>
				<total>34</total>
				<timestamp>4467.328678</timestamp>
			</report>
			<report>
				<misses>14907001</misses>
				<total>34</total>
				<timestamp>4467.628385</timestamp>
			</report>
			<report>
				<misses>14908001</misses>
				<total>34</total>
				<timestamp>4467.928062</timestamp>
			</report>
			<report>
				<misses>14909001</misses>
				<total>34</total>
				<timestamp>4468.227812</timestamp>
			</report>
			<report>
				<misses>14910001</misses>
				<total>34</total>
				<timestamp>4468.527570</timestamp>
			</report>
			<report>
				<misses>14911001</misses>
				<total>34</total>
				<timestamp>4468.827201</timestamp>
			</report>
			<report>
				<misses>14912001</misses>
				<total>33</total>
				<timestamp>4469.126995</timestamp>
			</report>
			<report>
				<misses>14913001</misses>
				<total>34</total>
				<timestamp>4469.426609</timestamp>
			</report>
			<report>
				<misses>14914001</misses>
				<total>34</total>
				<timestamp>4469.726278</timestamp>
			</report>
			<report>
				<misses>14915001</misses>
				<total>34</total>
				<timestamp>4470.026058</timestamp>
			</report>
			<report>
				<misses>14916001</misses>
				<total>34</total>
				<timestamp>4470.325727</timestamp>
			</report>
			<report>
				<misses>14917001</misses>
				<total>34</total>
				<timestamp>4470.625439</timestamp>
			</report>
			<report>
				<misses>14918001</misses>
				<total>34</total>
				<timestamp>4470.925074</timestamp>
			</report>
			<report>
				<misses>14919001</misses>
				<total>34</total>
				<timestamp>4471.224773</timestamp>
			</report>
			<report>
				<misses>14920001</misses>
				<total>34</total>
				<timestamp>4471.524540</timestamp>
			</report>
			<report>
				<misses>14921001</misses>
				<total>34</total>
				<timestamp>4471.824185</timestamp>
			</report>
			<report>
				<misses>14922001</misses>
				<total>34</total>
				<timestamp>4472.123876</timestamp>
			</report>
			<report>
				<misses>14923001</misses>
				<total>34</total>
				<timestamp>4472.423593</timestamp>
			</report>
			<report>
				<misses>14924001</misses>
				<total>34</total>
				<timestamp>4472.723275</timestamp>
			</report>
			<report>
				<misses>14925001</misses>
				<total>34</total>
				<timestamp>4473.023016</timestamp>
			</report>
			<report>
				<misses>14926001</misses>
				<total>34</total>
				<timestamp>4473.322672</timestamp>
			</report>
			<report>
				<misses>14927001</misses>
				<total>34</total>
				<timestamp>4473.622376</timestamp>
			</report>
			<report>
				<misses>14928001</misses>
				<total>34</total>
				<timestamp>4473.922082</timestamp>
			</report>
			<report>
				<misses>14929001</misses>
				<total>34</total>
				<timestamp>4474.221824</timestamp>
			</report>
			<report>
				<misses>14930001</misses>
				<total>34</total>
				<timestamp>4474.521510</timestamp>
			</report>
			<report>
				<misses>14931001</misses>
				<total>34</total>
				<timestamp>4474.821181</timestamp>
			</report>
			<report>
				<misses>14932001</misses>
				<total>34</total>
				<timestamp>4475.120938</timestamp>
			</report>
			<report>
				<misses>14933001</misses>
				<total>34</total>
				<timestamp>4475.420600</timestamp>
			</report>
			<report>
				<misses>14934001</misses>
				<total>33</total>
				<timestamp>4475.720439</timestamp>
			</report>
			<report>
				<misses>14935001</misses>
				<total>34</total>
				<timestamp>4476.019989</timestamp>
			</report>
			<report>
				<misses>14936001</misses>
				<total>34</total>
				<timestamp>4476.319683</timestamp>
			</report>
			<report>
				<misses>14937001</misses>
				<total>34</total>
				<timestamp>4476.619397</timestamp>
			</report>
			<report>
				<misses>14938001</misses>
				<total>34</total>
				<timestamp>4476.919146</timestamp>
			</report>
			<report>
				<misses>14939001</misses>
				<total>34</total>
				<timestamp>4477.218769</timestamp>
			</report>
			<report>
				<misses>14940001</misses>
				<total>34</total>
				<timestamp>4477.518524</timestamp>
			</report>
			<report>
				<misses>14941001</misses>
				<total>34</total>
				<timestamp>4477.818187</timestamp>
			</report>
			<report>
				<misses>14942001</misses>
				<total>34</total>
				<timestamp>4478.117879</timestamp>
			</report>
			<report>
				<misses>14943001</misses>
				<total>34</total>
				<timestamp>4478.417627</timestamp>
			</report>
			<report>
				<misses>14944001</misses>
				<total>34</total>
				<timestamp>4478.717275</timestamp>
			</report>
			<report>
				<misses>14945001</misses>
				<total>34</total>
				<timestamp>4479.017003</timestamp>
			</report>
			<report>
				<misses>14946001</misses>
				<total>34</total>
				<timestamp>4479.316671</timestamp>
			</report>
			<report>
				<misses>14947001</misses>
				<total>34</total>
				<timestamp>4479.616372</timestamp>
			</report>
			<report>
				<misses>14948001</misses>
				<total>34</total>
				<timestamp>4479.916092</timestamp>
			</report>
			<report>
				<misses>14949001</misses>
				<total>34</total>
				<timestamp>4480.215776</timestamp>
			</report>
			<report>
				<misses>14950001</misses>
				<total>34</total>
				<timestamp>4480.515484</timestamp>
			</report>
			<report>
				<misses>14951001</misses>
				<total>34</total>
				<timestamp>4480.815213</timestamp>
			</report>
			<report>
				<misses>14952001</misses>
				<total>34</total>
				<timestamp>4481.114920</timestamp>
			</report>
			<report>
				<misses>14953001</misses>
				<total>34</total>
				<timestamp>4481.414581</timestamp>
			</report>
			<report>
				<misses>14954001</misses>
				<total>34</total>
				<timestamp>4481.714270</timestamp>
			</report>
			<report>
				<misses>14955001</misses>
				<total>34</total>
				<timestamp>4482.014037</timestamp>
			</report>
			<report>
				<misses>14956001</misses>
				<total>34</total>
				<timestamp>4482.313743</timestamp>
			</report>
			<report>
				<misses>14957001</misses>
				<total>34</total>
				<timestamp>4482.613378</timestamp>
			</report>
			<report>
				<misses>14958001</misses>
				<total>34</total>
				<timestamp>4482.913074</timestamp>
			</report>
			<report>
				<misses>14959001</misses>
				<total>34</total>
				<timestamp>4483.212848</timestamp>
			</report>
			<report>
				<misses>14960001</misses>
				<total>34</total>
				<timestamp>4483.512477</timestamp>
			</report>
			<report>
				<misses>14961001</misses>
				<total>34</total>
				<timestamp>4483.812171</timestamp>
			</report>
			<report>
				<misses>14962001</misses>
				<total>34</total>
				<timestamp>4484.111897</timestamp>
			</report>
			<report>
				<misses>14963001</misses>
				<total>34</total>
				<timestamp>4484.411569</timestamp>
			</report>
			<report>
				<misses>14964001</misses>
				<total>34</total>
				<timestamp>4484.711269</timestamp>
			</report>
			<report>
				<misses>14965001</misses>
				<total>34</total>
				<timestamp>4485.011001</timestamp>
			</report>
			<report>
				<misses>14966001</misses>
				<total>34</total>
				<timestamp>4485.310687</timestamp>
			</report>
			<report>
				<misses>14967001</misses>
				<total>34</total>
				<timestamp>4485.610403</timestamp>
			</report>
			<report>
				<misses>14968001</misses>
				<total>34</total>
				<timestamp>4485.910087</timestamp>
			</report>
			<report>
				<misses>14969001</misses>
				<total>34</total>
				<timestamp>4486.209801</timestamp>
			</report>
			<report>
				<misses>14970001</misses>
				<total>34</total>
				<timestamp>4486.509478</timestamp>
			</report>
			<report>
				<misses>14971001</misses>
				<total>34</total>
				<timestamp>4486.809169</timestamp>
			</report>
			<report>
				<misses>14972001</misses>
				<total>34</total>
				<timestamp>4487.108903</timestamp>
			</report>
			<report>
				<misses>14973001</misses>
				<total>34</total>
				<timestamp>4487.408590</timestamp>
			</report>
			<report>
				<misses>14974001</misses>
				<total>34</total>
				<timestamp>4487.708284</timestamp>
			</report>
			<report>
				<misses>14975001</misses>
				<total>34</total>
				<timestamp>4488.007985</timestamp>
			</report>
			<report>
				<misses>14976001</misses>
				<total>34</total>
				<timestamp>4488.307686</timestamp>
			</report>
			<report>
				<misses>14977001</misses>
				<total>34</total>
				<timestamp>4488.607408</timestamp>
			</report>
			<report>
				<misses>14978001</misses>
				<total>34</total>
				<timestamp>4488.907058</timestamp>
			</report>
			<report>
				<misses>14979001</misses>
				<total>34</total>
				<timestamp>4489.206827</timestamp>
			</report>
			<report>
				<misses>14980001</misses>
				<total>34</total>
				<timestamp>4489.506510</timestamp>
			</report>
			<report>
				<misses>14981001</misses>
				<total>34</total>
				<timestamp>4489.806168</timestamp>
			</report>
			<report>
				<misses>14982001</misses>
				<total>34</total>
				<timestamp>4490.105941</timestamp>
			</report>
			<report>
				<misses>14983001</misses>
				<total>34</total>
				<timestamp>4490.405566</timestamp>
			</report>
			<report>
				<misses>14984001</misses>
				<total>34</total>
				<timestamp>4490.705276</timestamp>
			</report>
			<report>
				<misses>14985001</misses>
				<total>34</total>
				<timestamp>4491.005033</timestamp>
			</report>
			<report>
				<misses>14986001</misses>
				<total>34</total>
				<timestamp>4491.304670</timestamp>
			</report>
			<report>
				<misses>14987001</misses>
				<total>34</total>
				<timestamp>4491.604435</timestamp>
			</report>
			<report>
				<misses>14988001</misses>
				<total>34</total>
				<timestamp>4491.904120</timestamp>
			</report>
			<report>
				<misses>14989001</misses>
				<total>34</total>
				<timestamp>4492.203777</timestamp>
			</report>
			<report>
				<misses>14990001</misses>
				<total>34</total>
				<timestamp>4492.503503</timestamp>
			</report>
			<report>
				<misses>14991001</misses>
				<total>34</total>
				<timestamp>4492.803179</timestamp>
			</report>
			<report>
				<misses>14992001</misses>
				<total>34</total>
				<timestamp>4493.102873</timestamp>
			</report>
			<report>
				<misses>14993001</misses>
				<total>34</total>
				<timestamp>4493.402567</timestamp>
			</report>
			<report>
				<misses>14994001</misses>
				<total>34</total>
				<timestamp>4493.702278</timestamp>
			</report>
			<report>
				<misses>14995001</misses>
				<total>34</total>
				<timestamp>4494.002017</timestamp>
			</report>
			<report>
				<misses>14996001</misses>
				<total>34</total>
				<timestamp>4494.301698</timestamp>
			</report>
			<report>
				<misses>14997001</misses>
				<total>34</total>
				<timestamp>4494.601396</timestamp>
			</report>
			<report>
				<misses>14998001</misses>
				<total>34</total>
				<timestamp>4494.901066</timestamp>
			</report>
			<report>
				<misses>14999001</misses>
				<total>34</total>
				<timestamp>4495.200778</timestamp>
			</report>
			<report>
				<misses>15000001</misses>
				<total>34</total>
				<timestamp>4495.500510</timestamp>
			</report>
			<report>
				<misses>15001001</misses>
				<total>34</total>
				<timestamp>4495.800171</timestamp>
			</report>
			<report>
				<misses>15002001</misses>
				<total>34</total>
				<timestamp>4496.099872</timestamp>
			</report>
			<report>
				<misses>15003001</misses>
				<total>34</total>
				<timestamp>4496.399573</timestamp>
			</report>
			<report>
				<misses>15004001</misses>
				<total>34</total>
				<timestamp>4496.699327</timestamp>
			</report>
			<report>
				<misses>15005001</misses>
				<total>34</total>
				<timestamp>4496.998978</timestamp>
			</report>
			<report>
				<misses>15006001</misses>
				<total>34</total>
				<timestamp>4497.298677</timestamp>
			</report>
			<report>
				<misses>15007001</misses>
				<total>34</total>
				<timestamp>4497.598484</timestamp>
			</report>
			<report>
				<misses>15008001</misses>
				<total>34</total>
				<timestamp>4497.898092</timestamp>
			</report>
			<report>
				<misses>15009001</misses>
				<total>34</total>
				<timestamp>4498.197784</timestamp>
			</report>
			<report>
				<misses>15010001</misses>
				<total>33</total>
				<timestamp>4498.497568</timestamp>
			</report>
			<report>
				<misses>15011001</misses>
				<total>34</total>
				<timestamp>4498.797182</timestamp>
			</report>
			<report>
				<misses>15012001</misses>
				<total>34</total>
				<timestamp>4499.096867</timestamp>
			</report>
			<report>
				<misses>15013001</misses>
				<total>34</total>
				<timestamp>4499.396578</timestamp>
			</report>
			<report>
				<misses>15014001</misses>
				<total>34</total>
				<timestamp>4499.696350</timestamp>
			</report>
			<report>
				<misses>15015001</misses>
				<total>34</total>
				<timestamp>4499.996045</timestamp>
			</report>
			<report>
				<misses>15016001</misses>
				<total>34</total>
				<timestamp>4500.295670</timestamp>
			</report>
			<report>
				<misses>15017001</misses>
				<total>34</total>
				<timestamp>4500.595413</timestamp>
			</report>
			<report>
				<misses>15018001</misses>
				<total>34</total>
				<timestamp>4500.895064</timestamp>
			</report>
			<report>
				<misses>15019001</misses>
				<total>34</total>
				<timestamp>4501.194776</timestamp>
			</report>
			<report>
				<misses>15020001</misses>
				<total>34</total>
				<timestamp>4501.494519</timestamp>
			</report>
			<report>
				<misses>15021001</misses>
				<total>34</total>
				<timestamp>4501.794165</timestamp>
			</report>
			<report>
				<misses>15022001</misses>
				<total>34</total>
				<timestamp>4502.093870</timestamp>
			</report>
			<report>
				<misses>15023001</misses>
				<total>34</total>
				<timestamp>4502.393579</timestamp>
			</report>
			<report>
				<misses>15024001</misses>
				<total>34</total>
				<timestamp>4502.693294</timestamp>
			</report>
			<report>
				<misses>15025001</misses>
				<total>34</total>
				<timestamp>4502.993014</timestamp>
			</report>
			<report>
				<misses>15026001</misses>
				<total>34</total>
				<timestamp>4503.292745</timestamp>
			</report>
			<report>
				<misses>15027001</misses>
				<total>34</total>
				<timestamp>4503.592378</timestamp>
			</report>
			<report>
				<misses>15028001</misses>
				<total>34</total>
				<timestamp>4503.892087</timestamp>
			</report>
			<report>
				<misses>15029001</misses>
				<total>34</total>
				<timestamp>4504.191785</timestamp>
			</report>
			<report>
				<misses>15030001</misses>
				<total>34</total>
				<timestamp>4504.491483</timestamp>
			</report>
			<report>
				<misses>15031001</misses>
				<total>34</total>
				<timestamp>4504.791197</timestamp>
			</report>
			<report>
				<misses>15032001</misses>
				<total>34</total>
				<timestamp>4505.090871</timestamp>
			</report>
			<report>
				<misses>15033001</misses>
				<total>34</total>
				<timestamp>4505.390573</timestamp>
			</report>
			<report>
				<misses>15034001</misses>
				<total>34</total>
				<timestamp>4505.690316</timestamp>
			</report>
			<report>
				<misses>15035001</misses>
				<total>34</total>
				<timestamp>4505.990027</timestamp>
			</report>
			<report>
				<misses>15036001</misses>
				<total>34</total>
				<timestamp>4506.289683</timestamp>
			</report>
			<report>
				<misses>15037001</misses>
				<total>34</total>
				<timestamp>4506.589395</timestamp>
			</report>
			<report>
				<misses>15038001</misses>
				<total>34</total>
				<timestamp>4506.889061</timestamp>
			</report>
			<report>
				<misses>15039001</misses>
				<total>34</total>
				<timestamp>4507.188780</timestamp>
			</report>
			<report>
				<misses>15040001</misses>
				<total>34</total>
				<timestamp>4507.488468</timestamp>
			</report>
			<report>
				<misses>15041001</misses>
				<total>34</total>
				<timestamp>4507.788185</timestamp>
			</report>
			<report>
				<misses>15042001</misses>
				<total>34</total>
				<timestamp>4508.087880</timestamp>
			</report>
			<report>
				<misses>15043001</misses>
				<total>34</total>
				<timestamp>4508.387564</timestamp>
			</report>
			<report>
				<misses>15044001</misses>
				<total>34</total>
				<timestamp>4508.687310</timestamp>
			</report>
			<report>
				<misses>15045001</misses>
				<total>34</total>
				<timestamp>4508.986996</timestamp>
			</report>
			<report>
				<misses>15046001</misses>
				<total>34</total>
				<timestamp>4509.286679</timestamp>
			</report>
			<report>
				<misses>15047001</misses>
				<total>34</total>
				<timestamp>4509.586384</timestamp>
			</report>
			<report>
				<misses>15048001</misses>
				<total>34</total>
				<timestamp>4509.886124</timestamp>
			</report>
			<report>
				<misses>15049001</misses>
				<total>34</total>
				<timestamp>4510.185809</timestamp>
			</report>
			<report>
				<misses>15050001</misses>
				<total>34</total>
				<timestamp>4510.485488</timestamp>
			</report>
			<report>
				<misses>15051001</misses>
				<total>34</total>
				<timestamp>4510.785188</timestamp>
			</report>
			<report>
				<misses>15052001</misses>
				<total>34</total>
				<timestamp>4511.084873</timestamp>
			</report>
			<report>
				<misses>15053001</misses>
				<total>34</total>
				<timestamp>4511.384571</timestamp>
			</report>
			<report>
				<misses>15054001</misses>
				<total>34</total>
				<timestamp>4511.684293</timestamp>
			</report>
			<report>
				<misses>15055001</misses>
				<total>34</total>
				<timestamp>4511.983977</timestamp>
			</report>
			<report>
				<misses>15056001</misses>
				<total>34</total>
				<timestamp>4512.283712</timestamp>
			</report>
			<report>
				<misses>15057001</misses>
				<total>34</total>
				<timestamp>4512.583475</timestamp>
			</report>
			<report>
				<misses>15058001</misses>
				<total>34</total>
				<timestamp>4512.883078</timestamp>
			</report>
			<report>
				<misses>15059001</misses>
				<total>34</total>
				<timestamp>4513.182827</timestamp>
			</report>
			<report>
				<misses>15060001</misses>
				<total>34</total>
				<timestamp>4513.482474</timestamp>
			</report>
			<report>
				<misses>15061001</misses>
				<total>34</total>
				<timestamp>4513.782303</timestamp>
			</report>
			<report>
				<misses>15062001</misses>
				<total>34</total>
				<timestamp>4514.081877</timestamp>
			</report>
			<report>
				<misses>15063001</misses>
				<total>34</total>
				<timestamp>4514.381581</timestamp>
			</report>
			<report>
				<misses>15064001</misses>
				<total>34</total>
				<timestamp>4514.681328</timestamp>
			</report>
			<report>
				<misses>15065001</misses>
				<total>34</total>
				<timestamp>4514.980990</timestamp>
			</report>
			<report>
				<misses>15066001</misses>
				<total>34</total>
				<timestamp>4515.280669</timestamp>
			</report>
			<report>
				<misses>15067001</misses>
				<total>34</total>
				<timestamp>4515.580379</timestamp>
			</report>
			<report>
				<misses>15068001</misses>
				<total>34</total>
				<timestamp>4515.880091</timestamp>
			</report>
			<report>
				<misses>15069001</misses>
				<total>34</total>
				<timestamp>4516.179851</timestamp>
			</report>
			<report>
				<misses>15070001</misses>
				<total>34</total>
				<timestamp>4516.479504</timestamp>
			</report>
			<report>
				<misses>15071001</misses>
				<total>34</total>
				<timestamp>4516.779194</timestamp>
			</report>
			<report>
				<misses>15072001</misses>
				<total>34</total>
				<timestamp>4517.078914</timestamp>
			</report>
			<report>
				<misses>15073001</misses>
				<total>34</total>
				<timestamp>4517.378578</timestamp>
			</report>
			<report>
				<misses>15074001</misses>
				<total>34</total>
				<timestamp>4517.678278</timestamp>
			</report>
			<report>
				<misses>15075001</misses>
				<total>34</total>
				<timestamp>4517.978037</timestamp>
			</report>
			<report>
				<misses>15076001</misses>
				<total>34</total>
				<timestamp>4518.277731</timestamp>
			</report>
			<report>
				<misses>15077001</misses>
				<total>34</total>
				<timestamp>4518.577371</timestamp>
			</report>
			<report>
				<misses>15078001</misses>
				<total>34</total>
				<timestamp>4518.877083</timestamp>
			</report>
			<report>
				<misses>15079001</misses>
				<total>33</total>
				<timestamp>4519.176874</timestamp>
			</report>
			<report>
				<misses>15080001</misses>
				<total>34</total>
				<timestamp>4519.476476</timestamp>
			</report>
			<report>
				<misses>15081001</misses>
				<total>34</total>
				<timestamp>4519.776281</timestamp>
			</report>
			<report>
				<misses>15082001</misses>
				<total>34</total>
				<timestamp>4520.075872</timestamp>
			</report>
			<report>
				<misses>15083001</misses>
				<total>34</total>
				<timestamp>4520.375593</timestamp>
			</report>
			<report>
				<misses>15084001</misses>
				<total>34</total>
				<timestamp>4520.675291</timestamp>
			</report>
			<report>
				<misses>15085001</misses>
				<total>34</total>
				<timestamp>4520.974984</timestamp>
			</report>
			<report>
				<misses>15086001</misses>
				<total>33</total>
				<timestamp>4521.274803</timestamp>
			</report>
			<report>
				<misses>15087001</misses>
				<total>34</total>
				<timestamp>4521.574425</timestamp>
			</report>
			<report>
				<misses>15088001</misses>
				<total>34</total>
				<timestamp>4521.874085</timestamp>
			</report>
			<report>
				<misses>15089001</misses>
				<total>34</total>
				<timestamp>4522.173766</timestamp>
			</report>
			<report>
				<misses>15090001</misses>
				<total>34</total>
				<timestamp>4522.473483</timestamp>
			</report>
			<report>
				<misses>15091001</misses>
				<total>34</total>
				<timestamp>4522.773206</timestamp>
			</report>
			<report>
				<misses>15092001</misses>
				<total>34</total>
				<timestamp>4523.072886</timestamp>
			</report>
			<report>
				<misses>15093001</misses>
				<total>34</total>
				<timestamp>4523.372655</timestamp>
			</report>
			<report>
				<misses>15094001</misses>
				<total>34</total>
				<timestamp>4523.672345</timestamp>
			</report>
			<report>
				<misses>15095001</misses>
				<total>34</total>
				<timestamp>4523.972000</timestamp>
			</report>
			<report>
				<misses>15096001</misses>
				<total>34</total>
				<timestamp>4524.271693</timestamp>
			</report>
			<report>
				<misses>15097001</misses>
				<total>34</total>
				<timestamp>4524.571376</timestamp>
			</report>
			<report>
				<misses>15098001</misses>
				<total>34</total>
				<timestamp>4524.871180</timestamp>
			</report>
			<report>
				<misses>15099001</misses>
				<total>34</total>
				<timestamp>4525.170770</timestamp>
			</report>
			<report>
				<misses>15100001</misses>
				<total>34</total>
				<timestamp>4525.470482</timestamp>
			</report>
			<report>
				<misses>15101001</misses>
				<total>34</total>
				<timestamp>4525.770230</timestamp>
			</report>
			<report>
				<misses>15102001</misses>
				<total>34</total>
				<timestamp>4526.069874</timestamp>
			</report>
			<report>
				<misses>15103001</misses>
				<total>34</total>
				<timestamp>4526.369599</timestamp>
			</report>
			<report>
				<misses>15104001</misses>
				<total>34</total>
				<timestamp>4526.669309</timestamp>
			</report>
			<report>
				<misses>15105001</misses>
				<total>34</total>
				<timestamp>4526.969067</timestamp>
			</report>
			<report>
				<misses>15106001</misses>
				<total>34</total>
				<timestamp>4527.268703</timestamp>
			</report>
			<report>
				<misses>15107001</misses>
				<total>34</total>
				<timestamp>4527.568368</timestamp>
			</report>
			<report>
				<misses>15108001</misses>
				<total>34</total>
				<timestamp>4527.868105</timestamp>
			</report>
			<report>
				<misses>15109001</misses>
				<total>34</total>
				<timestamp>4528.167806</timestamp>
			</report>
			<report>
				<misses>15110001</misses>
				<total>34</total>
				<timestamp>4528.467461</timestamp>
			</report>
			<report>
				<misses>15111001</misses>
				<total>34</total>
				<timestamp>4528.767198</timestamp>
			</report>
			<report>
				<misses>15112001</misses>
				<total>34</total>
				<timestamp>4529.066882</timestamp>
			</report>
			<report>
				<misses>15113001</misses>
				<total>34</total>
				<timestamp>4529.366586</timestamp>
			</report>
			<report>
				<misses>15114001</misses>
				<total>34</total>
				<timestamp>4529.666326</timestamp>
			</report>
			<report>
				<misses>15115001</misses>
				<total>34</total>
				<timestamp>4529.965984</timestamp>
			</report>
			<report>
				<misses>15116001</misses>
				<total>34</total>
				<timestamp>4530.265735</timestamp>
			</report>
			<report>
				<misses>15117001</misses>
				<total>34</total>
				<timestamp>4530.565373</timestamp>
			</report>
			<report>
				<misses>15118001</misses>
				<total>34</total>
				<timestamp>4530.865173</timestamp>
			</report>
			<report>
				<misses>15119001</misses>
				<total>34</total>
				<timestamp>4531.164768</timestamp>
			</report>
			<report>
				<misses>15120001</misses>
				<total>34</total>
				<timestamp>4531.464536</timestamp>
			</report>
			<report>
				<misses>15121001</misses>
				<total>34</total>
				<timestamp>4531.764211</timestamp>
			</report>
			<report>
				<misses>15122001</misses>
				<total>34</total>
				<timestamp>4532.063895</timestamp>
			</report>
			<report>
				<misses>15123001</misses>
				<total>33</total>
				<timestamp>4532.363683</timestamp>
			</report>
			<report>
				<misses>15124001</misses>
				<total>34</total>
				<timestamp>4532.663280</timestamp>
			</report>
			<report>
				<misses>15125001</misses>
				<total>34</total>
				<timestamp>4532.962998</timestamp>
			</report>
			<report>
				<misses>15126001</misses>
				<total>34</total>
				<timestamp>4533.262677</timestamp>
			</report>
			<report>
				<misses>15127001</misses>
				<total>34</total>
				<timestamp>4533.562374</timestamp>
			</report>
			<report>
				<misses>15128001</misses>
				<total>34</total>
				<timestamp>4533.862127</timestamp>
			</report>
			<report>
				<misses>15129001</misses>
				<total>34</total>
				<timestamp>4534.161771</timestamp>
			</report>
			<report>
				<misses>15130001</misses>
				<total>34</total>
				<timestamp>4534.461501</timestamp>
			</report>
			<report>
				<misses>15131001</misses>
				<total>34</total>
				<timestamp>4534.761178</timestamp>
			</report>
			<report>
				<misses>15132001</misses>
				<total>34</total>
				<timestamp>4535.060892</timestamp>
			</report>
			<report>
				<misses>15133001</misses>
				<total>34</total>
				<timestamp>4535.360580</timestamp>
			</report>
			<report>
				<misses>15134001</misses>
				<total>34</total>
				<timestamp>4535.660309</timestamp>
			</report>
			<report>
				<misses>15135001</misses>
				<total>34</total>
				<timestamp>4535.959994</timestamp>
			</report>
			<report>
				<misses>15136001</misses>
				<total>34</total>
				<timestamp>4536.259671</timestamp>
			</report>
			<report>
				<misses>15137001</misses>
				<total>34</total>
				<timestamp>4536.559383</timestamp>
			</report>
			<report>
				<misses>15138001</misses>
				<total>34</total>
				<timestamp>4536.859087</timestamp>
			</report>
			<report>
				<misses>15139001</misses>
				<total>34</total>
				<timestamp>4537.158773</timestamp>
			</report>
			<report>
				<misses>15140001</misses>
				<total>34</total>
				<timestamp>4537.458479</timestamp>
			</report>
			<report>
				<misses>15141001</misses>
				<total>34</total>
				<timestamp>4537.758227</timestamp>
			</report>
			<report>
				<misses>15142001</misses>
				<total>34</total>
				<timestamp>4538.057878</timestamp>
			</report>
			<report>
				<misses>15143001</misses>
				<total>34</total>
				<timestamp>4538.357660</timestamp>
			</report>
			<report>
				<misses>15144001</misses>
				<total>34</total>
				<timestamp>4538.657285</timestamp>
			</report>
			<report>
				<misses>15145001</misses>
				<total>33</total>
				<timestamp>4538.957122</timestamp>
			</report>
			<report>
				<misses>15146001</misses>
				<total>33</total>
				<timestamp>4539.256834</timestamp>
			</report>
			<report>
				<misses>15147001</misses>
				<total>34</total>
				<timestamp>4539.556381</timestamp>
			</report>
			<report>
				<misses>15148001</misses>
				<total>34</total>
				<timestamp>4539.856094</timestamp>
			</report>
			<report>
				<misses>15149001</misses>
				<total>34</total>
				<timestamp>4540.155799</timestamp>
			</report>
			<report>
				<misses>15150001</misses>
				<total>34</total>
				<timestamp>4540.455509</timestamp>
			</report>
			<report>
				<misses>15151001</misses>
				<total>34</total>
				<timestamp>4540.755187</timestamp>
			</report>
			<report>
				<misses>15152001</misses>
				<total>34</total>
				<timestamp>4541.054871</timestamp>
			</report>
			<report>
				<misses>15153001</misses>
				<total>34</total>
				<timestamp>4541.354650</timestamp>
			</report>
			<report>
				<misses>15154001</misses>
				<total>34</total>
				<timestamp>4541.654264</timestamp>
			</report>
			<report>
				<misses>15155001</misses>
				<total>34</total>
				<timestamp>4541.954008</timestamp>
			</report>
			<report>
				<misses>15156001</misses>
				<total>34</total>
				<timestamp>4542.253672</timestamp>
			</report>
			<report>
				<misses>15157001</misses>
				<total>34</total>
				<timestamp>4542.553367</timestamp>
			</report>
			<report>
				<misses>15158001</misses>
				<total>34</total>
				<timestamp>4542.853102</timestamp>
			</report>
			<report>
				<misses>15159001</misses>
				<total>34</total>
				<timestamp>4543.152795</timestamp>
			</report>
			<report>
				<misses>15160001</misses>
				<total>34</total>
				<timestamp>4543.452531</timestamp>
			</report>
			<report>
				<misses>15161001</misses>
				<total>34</total>
				<timestamp>4543.752205</timestamp>
			</report>
			<report>
				<misses>15162001</misses>
				<total>34</total>
				<timestamp>4544.051864</timestamp>
			</report>
			<report>
				<misses>15163001</misses>
				<total>34</total>
				<timestamp>4544.351601</timestamp>
			</report>
			<report>
				<misses>15164001</misses>
				<total>34</total>
				<timestamp>4544.651284</timestamp>
			</report>
			<report>
				<misses>15165001</misses>
				<total>35</total>
				<timestamp>4544.951099</timestamp>
			</report>
			<report>
				<misses>15166001</misses>
				<total>35</total>
				<timestamp>4545.250762</timestamp>
			</report>
			<report>
				<misses>15167001</misses>
				<total>35</total>
				<timestamp>4545.550360</timestamp>
			</report>
			<report>
				<misses>15168001</misses>
				<total>35</total>
				<timestamp>4545.850097</timestamp>
			</report>
			<report>
				<misses>15169001</misses>
				<total>35</total>
				<timestamp>4546.149779</timestamp>
			</report>
			<report>
				<misses>15170001</misses>
				<total>35</total>
				<timestamp>4546.449542</timestamp>
			</report>
			<report>
				<misses>15171001</misses>
				<total>35</total>
				<timestamp>4546.749202</timestamp>
			</report>
			<report>
				<misses>15172001</misses>
				<total>35</total>
				<timestamp>4547.048863</timestamp>
			</report>
			<report>
				<misses>15173001</misses>
				<total>35</total>
				<timestamp>4547.348573</timestamp>
			</report>
			<report>
				<misses>15174001</misses>
				<total>35</total>
				<timestamp>4547.648266</timestamp>
			</report>
			<report>
				<misses>15175001</misses>
				<total>35</total>
				<timestamp>4547.948007</timestamp>
			</report>
			<report>
				<misses>15176001</misses>
				<total>35</total>
				<timestamp>4548.247741</timestamp>
			</report>
			<report>
				<misses>15177001</misses>
				<total>35</total>
				<timestamp>4548.547374</timestamp>
			</report>
			<report>
				<misses>15178001</misses>
				<total>35</total>
				<timestamp>4548.847133</timestamp>
			</report>
			<report>
				<misses>15179001</misses>
				<total>35</total>
				<timestamp>4549.146765</timestamp>
			</report>
			<report>
				<misses>15180001</misses>
				<total>35</total>
				<timestamp>4549.446512</timestamp>
			</report>
			<report>
				<misses>15181001</misses>
				<total>35</total>
				<timestamp>4549.746206</timestamp>
			</report>
			<report>
				<misses>15182001</misses>
				<total>35</total>
				<timestamp>4550.045885</timestamp>
			</report>
			<report>
				<misses>15183001</misses>
				<total>35</total>
				<timestamp>4550.345589</timestamp>
			</report>
			<report>
				<misses>15184001</misses>
				<total>35</total>
				<timestamp>4550.645357</timestamp>
			</report>
			<report>
				<misses>15185001</misses>
				<total>35</total>
				<timestamp>4550.945021</timestamp>
			</report>
			<report>
				<misses>15186001</misses>
				<total>35</total>
				<timestamp>4551.244666</timestamp>
			</report>
			<report>
				<misses>15187001</misses>
				<total>35</total>
				<timestamp>4551.544367</timestamp>
			</report>
			<report>
				<misses>15188001</misses>
				<total>35</total>
				<timestamp>4551.844097</timestamp>
			</report>
			<report>
				<misses>15189001</misses>
				<total>35</total>
				<timestamp>4552.143782</timestamp>
			</report>
			<report>
				<misses>15190001</misses>
				<total>35</total>
				<timestamp>4552.443468</timestamp>
			</report>
			<report>
				<misses>15191001</misses>
				<total>35</total>
				<timestamp>4552.743246</timestamp>
			</report>
			<report>
				<misses>15192001</misses>
				<total>35</total>
				<timestamp>4553.042873</timestamp>
			</report>
			<report>
				<misses>15193001</misses>
				<total>35</total>
				<timestamp>4553.342625</timestamp>
			</report>
			<report>
				<misses>15194001</misses>
				<total>35</total>
				<timestamp>4553.642276</timestamp>
			</report>
			<report>
				<misses>15195001</misses>
				<total>35</total>
				<timestamp>4553.941999</timestamp>
			</report>
			<report>
				<misses>15196001</misses>
				<total>35</total>
				<timestamp>4554.241665</timestamp>
			</report>
			<report>
				<misses>15197001</misses>
				<total>35</total>
				<timestamp>4554.541366</timestamp>
			</report>
			<report>
				<misses>15198001</misses>
				<total>35</total>
				<timestamp>4554.841105</timestamp>
			</report>
			<report>
				<misses>15199001</misses>
				<total>35</total>
				<timestamp>4555.140765</timestamp>
			</report>
			<report>
				<misses>15200001</misses>
				<total>35</total>
				<timestamp>4555.440527</timestamp>
			</report>
			<report>
				<misses>15201001</misses>
				<total>35</total>
				<timestamp>4555.740161</timestamp>
			</report>
			<report>
				<misses>15202001</misses>
				<total>35</total>
				<timestamp>4556.039886</timestamp>
			</report>
			<report>
				<misses>15203001</misses>
				<total>35</total>
				<timestamp>4556.339576</timestamp>
			</report>
			<report>
				<misses>15204001</misses>
				<total>35</total>
				<timestamp>4556.639274</timestamp>
			</report>
			<report>
				<misses>15205001</misses>
				<total>35</total>
				<timestamp>4556.939013</timestamp>
			</report>
			<report>
				<misses>15206001</misses>
				<total>35</total>
				<timestamp>4557.238671</timestamp>
			</report>
			<report>
				<misses>15207001</misses>
				<total>35</total>
				<timestamp>4557.538373</timestamp>
			</report>
			<report>
				<misses>15208001</misses>
				<total>35</total>
				<timestamp>4557.838106</timestamp>
			</report>
			<report>
				<misses>15209001</misses>
				<total>35</total>
				<timestamp>4558.137762</timestamp>
			</report>
			<report>
				<misses>15210001</misses>
				<total>35</total>
				<timestamp>4558.437489</timestamp>
			</report>
			<report>
				<misses>15211001</misses>
				<total>35</total>
				<timestamp>4558.737179</timestamp>
			</report>
			<report>
				<misses>15212001</misses>
				<total>35</total>
				<timestamp>4559.036879</timestamp>
			</report>
			<report>
				<misses>15213001</misses>
				<total>35</total>
				<timestamp>4559.336563</timestamp>
			</report>
			<report>
				<misses>15214001</misses>
				<total>35</total>
				<timestamp>4559.636259</timestamp>
			</report>
			<report>
				<misses>15215001</misses>
				<total>35</total>
				<timestamp>4559.936072</timestamp>
			</report>
			<report>
				<misses>15216001</misses>
				<total>35</total>
				<timestamp>4560.235697</timestamp>
			</report>
			<report>
				<misses>15217001</misses>
				<total>35</total>
				<timestamp>4560.535378</timestamp>
			</report>
			<report>
				<misses>15218001</misses>
				<total>35</total>
				<timestamp>4560.835104</timestamp>
			</report>
			<report>
				<misses>15219001</misses>
				<total>35</total>
				<timestamp>4561.134760</timestamp>
			</report>
			<report>
				<misses>15220001</misses>
				<total>35</total>
				<timestamp>4561.434550</timestamp>
			</report>
			<report>
				<misses>15221001</misses>
				<total>35</total>
				<timestamp>4561.734209</timestamp>
			</report>
			<report>
				<misses>15222001</misses>
				<total>35</total>
				<timestamp>4562.033887</timestamp>
			</report>
			<report>
				<misses>15223001</misses>
				<total>35</total>
				<timestamp>4562.333605</timestamp>
			</report>
			<report>
				<misses>15224001</misses>
				<total>35</total>
				<timestamp>4562.633266</timestamp>
			</report>
			<report>
				<misses>15225001</misses>
				<total>35</total>
				<timestamp>4562.932999</timestamp>
			</report>
			<report>
				<misses>15226001</misses>
				<total>35</total>
				<timestamp>4563.232687</timestamp>
			</report>
			<report>
				<misses>15227001</misses>
				<total>35</total>
				<timestamp>4563.532437</timestamp>
			</report>
			<report>
				<misses>15228001</misses>
				<total>35</total>
				<timestamp>4563.832119</timestamp>
			</report>
			<report>
				<misses>15229001</misses>
				<total>35</total>
				<timestamp>4564.131768</timestamp>
			</report>
			<report>
				<misses>15230001</misses>
				<total>35</total>
				<timestamp>4564.431525</timestamp>
			</report>
			<report>
				<misses>15231001</misses>
				<total>35</total>
				<timestamp>4564.731171</timestamp>
			</report>
			<report>
				<misses>15232001</misses>
				<total>35</total>
				<timestamp>4565.030909</timestamp>
			</report>
			<report>
				<misses>15233001</misses>
				<total>35</total>
				<timestamp>4565.330675</timestamp>
			</report>
			<report>
				<misses>15234001</misses>
				<total>35</total>
				<timestamp>4565.630271</timestamp>
			</report>
			<report>
				<misses>15235001</misses>
				<total>35</total>
				<timestamp>4565.930004</timestamp>
			</report>
			<report>
				<misses>15236001</misses>
				<total>35</total>
				<timestamp>4566.229679</timestamp>
			</report>
			<report>
				<misses>15237001</misses>
				<total>35</total>
				<timestamp>4566.529439</timestamp>
			</report>
			<report>
				<misses>15238001</misses>
				<total>35</total>
				<timestamp>4566.829076</timestamp>
			</report>
			<report>
				<misses>15239001</misses>
				<total>35</total>
				<timestamp>4567.128766</timestamp>
			</report>
			<report>
				<misses>15240001</misses>
				<total>35</total>
				<timestamp>4567.428511</timestamp>
			</report>
			<report>
				<misses>15241001</misses>
				<total>35</total>
				<timestamp>4567.728164</timestamp>
			</report>
			<report>
				<misses>15242001</misses>
				<total>35</total>
				<timestamp>4568.027909</timestamp>
			</report>
			<report>
				<misses>15243001</misses>
				<total>35</total>
				<timestamp>4568.327564</timestamp>
			</report>
			<report>
				<misses>15244001</misses>
				<total>35</total>
				<timestamp>4568.627283</timestamp>
			</report>
			<report>
				<misses>15245001</misses>
				<total>35</total>
				<timestamp>4568.926996</timestamp>
			</report>
			<report>
				<misses>15246001</misses>
				<total>35</total>
				<timestamp>4569.226677</timestamp>
			</report>
			<report>
				<misses>15247001</misses>
				<total>35</total>
				<timestamp>4569.526436</timestamp>
			</report>
			<report>
				<misses>15248001</misses>
				<total>35</total>
				<timestamp>4569.826128</timestamp>
			</report>
			<report>
				<misses>15249001</misses>
				<total>35</total>
				<timestamp>4570.125764</timestamp>
			</report>
			<report>
				<misses>15250001</misses>
				<total>35</total>
				<timestamp>4570.425541</timestamp>
			</report>
			<report>
				<misses>15251001</misses>
				<total>35</total>
				<timestamp>4570.725174</timestamp>
			</report>
			<report>
				<misses>15252001</misses>
				<total>35</total>
				<timestamp>4571.024940</timestamp>
			</report>
			<report>
				<misses>15253001</misses>
				<total>35</total>
				<timestamp>4571.324574</timestamp>
			</report>
			<report>
				<misses>15254001</misses>
				<total>35</total>
				<timestamp>4571.624279</timestamp>
			</report>
			<report>
				<misses>15255001</misses>
				<total>35</total>
				<timestamp>4571.924017</timestamp>
			</report>
			<report>
				<misses>15256001</misses>
				<total>35</total>
				<timestamp>4572.223665</timestamp>
			</report>
			<report>
				<misses>15257001</misses>
				<total>35</total>
				<timestamp>4572.523413</timestamp>
			</report>
			<report>
				<misses>15258001</misses>
				<total>35</total>
				<timestamp>4572.823143</timestamp>
			</report>
			<report>
				<misses>15259001</misses>
				<total>35</total>
				<timestamp>4573.122775</timestamp>
			</report>
			<report>
				<misses>15260001</misses>
				<total>35</total>
				<timestamp>4573.422533</timestamp>
			</report>
			<report>
				<misses>15261001</misses>
				<total>35</total>
				<timestamp>4573.722233</timestamp>
			</report>
			<report>
				<misses>15262001</misses>
				<total>35</total>
				<timestamp>4574.021887</timestamp>
			</report>
			<report>
				<misses>15263001</misses>
				<total>35</total>
				<timestamp>4574.321584</timestamp>
			</report>
			<report>
				<misses>15264001</misses>
				<total>35</total>
				<timestamp>4574.621315</timestamp>
			</report>
			<report>
				<misses>15265001</misses>
				<total>35</total>
				<timestamp>4574.921019</timestamp>
			</report>
			<report>
				<misses>15266001</misses>
				<total>35</total>
				<timestamp>4575.220690</timestamp>
			</report>
			<report>
				<misses>15267001</misses>
				<total>35</total>
				<timestamp>4575.520366</timestamp>
			</report>
			<report>
				<misses>15268001</misses>
				<total>35</total>
				<timestamp>4575.820088</timestamp>
			</report>
			<report>
				<misses>15269001</misses>
				<total>35</total>
				<timestamp>4576.119829</timestamp>
			</report>
			<report>
				<misses>15270001</misses>
				<total>35</total>
				<timestamp>4576.419482</timestamp>
			</report>
			<report>
				<misses>15271001</misses>
				<total>35</total>
				<timestamp>4576.719163</timestamp>
			</report>
			<report>
				<misses>15272001</misses>
				<total>35</total>
				<timestamp>4577.018916</timestamp>
			</report>
			<report>
				<misses>15273001</misses>
				<total>35</total>
				<timestamp>4577.318568</timestamp>
			</report>
			<report>
				<misses>15274001</misses>
				<total>35</total>
				<timestamp>4577.618288</timestamp>
			</report>
			<report>
				<misses>15275001</misses>
				<total>35</total>
				<timestamp>4577.918063</timestamp>
			</report>
			<report>
				<misses>15276001</misses>
				<total>35</total>
				<timestamp>4578.217676</timestamp>
			</report>
			<report>
				<misses>15277001</misses>
				<total>34</total>
				<timestamp>4578.517482</timestamp>
			</report>
			<report>
				<misses>15278001</misses>
				<total>35</total>
				<timestamp>4578.817101</timestamp>
			</report>
			<report>
				<misses>15279001</misses>
				<total>35</total>
				<timestamp>4579.116786</timestamp>
			</report>
			<report>
				<misses>15280001</misses>
				<total>35</total>
				<timestamp>4579.416469</timestamp>
			</report>
			<report>
				<misses>15281001</misses>
				<total>35</total>
				<timestamp>4579.716193</timestamp>
			</report>
			<report>
				<misses>15282001</misses>
				<total>35</total>
				<timestamp>4580.015902</timestamp>
			</report>
			<report>
				<misses>15283001</misses>
				<total>35</total>
				<timestamp>4580.315576</timestamp>
			</report>
			<report>
				<misses>15284001</misses>
				<total>35</total>
				<timestamp>4580.615283</timestamp>
			</report>
			<report>
				<misses>15285001</misses>
				<total>35</total>
				<timestamp>4580.914990</timestamp>
			</report>
			<report>
				<misses>15286001</misses>
				<total>35</total>
				<timestamp>4581.214672</timestamp>
			</report>
			<report>
				<misses>15287001</misses>
				<total>35</total>
				<timestamp>4581.514421</timestamp>
			</report>
			<report>
				<misses>15288001</misses>
				<total>35</total>
				<timestamp>4581.814056</timestamp>
			</report>
			<report>
				<misses>15289001</misses>
				<total>35</total>
				<timestamp>4582.113840</timestamp>
			</report>
			<report>
				<misses>15290001</misses>
				<total>35</total>
				<timestamp>4582.413466</timestamp>
			</report>
			<report>
				<misses>15291001</misses>
				<total>35</total>
				<timestamp>4582.713174</timestamp>
			</report>
			<report>
				<misses>15292001</misses>
				<total>35</total>
				<timestamp>4583.012906</timestamp>
			</report>
			<report>
				<misses>15293001</misses>
				<total>35</total>
				<timestamp>4583.312560</timestamp>
			</report>
			<report>
				<misses>15294001</misses>
				<total>35</total>
				<timestamp>4583.612279</timestamp>
			</report>
			<report>
				<misses>15295001</misses>
				<total>35</total>
				<timestamp>4583.912001</timestamp>
			</report>
			<report>
				<misses>15296001</misses>
				<total>35</total>
				<timestamp>4584.211674</timestamp>
			</report>
			<report>
				<misses>15297001</misses>
				<total>35</total>
				<timestamp>4584.511476</timestamp>
			</report>
			<report>
				<misses>15298001</misses>
				<total>35</total>
				<timestamp>4584.811077</timestamp>
			</report>
			<report>
				<misses>15299001</misses>
				<total>35</total>
				<timestamp>4585.110870</timestamp>
			</report>
			<report>
				<misses>15300001</misses>
				<total>35</total>
				<timestamp>4585.410465</timestamp>
			</report>
			<report>
				<misses>15301001</misses>
				<total>35</total>
				<timestamp>4585.710175</timestamp>
			</report>
			<report>
				<misses>15302001</misses>
				<total>35</total>
				<timestamp>4586.009893</timestamp>
			</report>
			<report>
				<misses>15303001</misses>
				<total>35</total>
				<timestamp>4586.309572</timestamp>
			</report>
			<report>
				<misses>15304001</misses>
				<total>35</total>
				<timestamp>4586.609340</timestamp>
			</report>
			<report>
				<misses>15305001</misses>
				<total>35</total>
				<timestamp>4586.908999</timestamp>
			</report>
			<report>
				<misses>15306001</misses>
				<total>35</total>
				<timestamp>4587.208677</timestamp>
			</report>
			<report>
				<misses>15307001</misses>
				<total>35</total>
				<timestamp>4587.508429</timestamp>
			</report>
			<report>
				<misses>15308001</misses>
				<total>35</total>
				<timestamp>4587.808088</timestamp>
			</report>
			<report>
				<misses>15309001</misses>
				<total>35</total>
				<timestamp>4588.107790</timestamp>
			</report>
			<report>
				<misses>15310001</misses>
				<total>34</total>
				<timestamp>4588.407566</timestamp>
			</report>
			<report>
				<misses>15311001</misses>
				<total>35</total>
				<timestamp>4588.707166</timestamp>
			</report>
			<report>
				<misses>15312001</misses>
				<total>35</total>
				<timestamp>4589.006945</timestamp>
			</report>
			<report>
				<misses>15313001</misses>
				<total>35</total>
				<timestamp>4589.306573</timestamp>
			</report>
			<report>
				<misses>15314001</misses>
				<total>35</total>
				<timestamp>4589.606336</timestamp>
			</report>
			<report>
				<misses>15315001</misses>
				<total>35</total>
				<timestamp>4589.905975</timestamp>
			</report>
			<report>
				<misses>15316001</misses>
				<total>35</total>
				<timestamp>4590.205682</timestamp>
			</report>
			<report>
				<misses>15317001</misses>
				<total>35</total>
				<timestamp>4590.505367</timestamp>
			</report>
			<report>
				<misses>15318001</misses>
				<total>35</total>
				<timestamp>4590.805099</timestamp>
			</report>
			<report>
				<misses>15319001</misses>
				<total>35</total>
				<timestamp>4591.104816</timestamp>
			</report>
			<report>
				<misses>15320001</misses>
				<total>35</total>
				<timestamp>4591.404472</timestamp>
			</report>
			<report>
				<misses>15321001</misses>
				<total>35</total>
				<timestamp>4591.704173</timestamp>
			</report>
			<report>
				<misses>15322001</misses>
				<total>35</total>
				<timestamp>4592.003896</timestamp>
			</report>
			<report>
				<misses>15323001</misses>
				<total>35</total>
				<timestamp>4592.303594</timestamp>
			</report>
			<report>
				<misses>15324001</misses>
				<total>35</total>
				<timestamp>4592.603299</timestamp>
			</report>
			<report>
				<misses>15325001</misses>
				<total>35</total>
				<timestamp>4592.903033</timestamp>
			</report>
			<report>
				<misses>15326001</misses>
				<total>35</total>
				<timestamp>4593.202710</timestamp>
			</report>
			<report>
				<misses>15327001</misses>
				<total>35</total>
				<timestamp>4593.502371</timestamp>
			</report>
			<report>
				<misses>15328001</misses>
				<total>35</total>
				<timestamp>4593.802086</timestamp>
			</report>
			<report>
				<misses>15329001</misses>
				<total>35</total>
				<timestamp>4594.101798</timestamp>
			</report>
			<report>
				<misses>15330001</misses>
				<total>35</total>
				<timestamp>4594.401500</timestamp>
			</report>
			<report>
				<misses>15331001</misses>
				<total>35</total>
				<timestamp>4594.701233</timestamp>
			</report>
			<report>
				<misses>15332001</misses>
				<total>35</total>
				<timestamp>4595.000904</timestamp>
			</report>
			<report>
				<misses>15333001</misses>
				<total>35</total>
				<timestamp>4595.300591</timestamp>
			</report>
			<report>
				<misses>15334001</misses>
				<total>34</total>
				<timestamp>4595.600379</timestamp>
			</report>
			<report>
				<misses>15335001</misses>
				<total>35</total>
				<timestamp>4595.899983</timestamp>
			</report>
			<report>
				<misses>15336001</misses>
				<total>35</total>
				<timestamp>4596.199709</timestamp>
			</report>
			<report>
				<misses>15337001</misses>
				<total>35</total>
				<timestamp>4596.499442</timestamp>
			</report>
			<report>
				<misses>15338001</misses>
				<total>35</total>
				<timestamp>4596.799148</timestamp>
			</report>
			<report>
				<misses>15339001</misses>
				<total>35</total>
				<timestamp>4597.098786</timestamp>
			</report>
			<report>
				<misses>15340001</misses>
				<total>35</total>
				<timestamp>4597.398473</timestamp>
			</report>
			<report>
				<misses>15341001</misses>
				<total>35</total>
				<timestamp>4597.698166</timestamp>
			</report>
			<report>
				<misses>15342001</misses>
				<total>35</total>
				<timestamp>4597.997913</timestamp>
			</report>
			<report>
				<misses>15343001</misses>
				<total>35</total>
				<timestamp>4598.297574</timestamp>
			</report>
			<report>
				<misses>15344001</misses>
				<total>35</total>
				<timestamp>4598.597344</timestamp>
			</report>
			<report>
				<misses>15345001</misses>
				<total>35</total>
				<timestamp>4598.896986</timestamp>
			</report>
			<report>
				<misses>15346001</misses>
				<total>35</total>
				<timestamp>4599.196750</timestamp>
			</report>
			<report>
				<misses>15347001</misses>
				<total>35</total>
				<timestamp>4599.496452</timestamp>
			</report>
			<report>
				<misses>15348001</misses>
				<total>35</total>
				<timestamp>4599.796073</timestamp>
			</report>
			<report>
				<misses>15349001</misses>
				<total>35</total>
				<timestamp>4600.095802</timestamp>
			</report>
			<report>
				<misses>15350001</misses>
				<total>35</total>
				<timestamp>4600.395501</timestamp>
			</report>
			<report>
				<misses>15351001</misses>
				<total>35</total>
				<timestamp>4600.695169</timestamp>
			</report>
			<report>
				<misses>15352001</misses>
				<total>35</total>
				<timestamp>4600.994861</timestamp>
			</report>
			<report>
				<misses>15353001</misses>
				<total>35</total>
				<timestamp>4601.294601</timestamp>
			</report>
			<report>
				<misses>15354001</misses>
				<total>35</total>
				<timestamp>4601.594332</timestamp>
			</report>
			<report>
				<misses>15355001</misses>
				<total>35</total>
				<timestamp>4601.893991</timestamp>
			</report>
			<report>
				<misses>15356001</misses>
				<total>35</total>
				<timestamp>4602.193723</timestamp>
			</report>
			<report>
				<misses>15357001</misses>
				<total>35</total>
				<timestamp>4602.493459</timestamp>
			</report>
			<report>
				<misses>15358001</misses>
				<total>35</total>
				<timestamp>4602.793058</timestamp>
			</report>
			<report>
				<misses>15359001</misses>
				<total>35</total>
				<timestamp>4603.092783</timestamp>
			</report>
			<report>
				<misses>15360001</misses>
				<total>35</total>
				<timestamp>4603.392543</timestamp>
			</report>
			<report>
				<misses>15361001</misses>
				<total>35</total>
				<timestamp>4603.692196</timestamp>
			</report>
			<report>
				<misses>15362001</misses>
				<total>35</total>
				<timestamp>4603.991867</timestamp>
			</report>
			<report>
				<misses>15363001</misses>
				<total>35</total>
				<timestamp>4604.291580</timestamp>
			</report>
			<report>
				<misses>15364001</misses>
				<total>35</total>
				<timestamp>4604.591328</timestamp>
			</report>
			<report>
				<misses>15365001</misses>
				<total>35</total>
				<timestamp>4604.890993</timestamp>
			</report>
			<report>
				<misses>15366001</misses>
				<total>35</total>
				<timestamp>4605.190765</timestamp>
			</report>
			<report>
				<misses>15367001</misses>
				<total>35</total>
				<timestamp>4605.490454</timestamp>
			</report>
			<report>
				<misses>15368001</misses>
				<total>35</total>
				<timestamp>4605.790078</timestamp>
			</report>
			<report>
				<misses>15369001</misses>
				<total>35</total>
				<timestamp>4606.089793</timestamp>
			</report>
			<report>
				<misses>15370001</misses>
				<total>35</total>
				<timestamp>4606.389467</timestamp>
			</report>
			<report>
				<misses>15371001</misses>
				<total>35</total>
				<timestamp>4606.689162</timestamp>
			</report>
			<report>
				<misses>15372001</misses>
				<total>35</total>
				<timestamp>4606.988889</timestamp>
			</report>
			<report>
				<misses>15373001</misses>
				<total>35</total>
				<timestamp>4607.288573</timestamp>
			</report>
			<report>
				<misses>15374001</misses>
				<total>35</total>
				<timestamp>4607.588300</timestamp>
			</report>
			<report>
				<misses>15375001</misses>
				<total>35</total>
				<timestamp>4607.887986</timestamp>
			</report>
			<report>
				<misses>15376001</misses>
				<total>35</total>
				<timestamp>4608.187678</timestamp>
			</report>
			<report>
				<misses>15377001</misses>
				<total>35</total>
				<timestamp>4608.487365</timestamp>
			</report>
			<report>
				<misses>15378001</misses>
				<total>35</total>
				<timestamp>4608.787073</timestamp>
			</report>
			<report>
				<misses>15379001</misses>
				<total>35</total>
				<timestamp>4609.086786</timestamp>
			</report>
			<report>
				<misses>15380001</misses>
				<total>35</total>
				<timestamp>4609.386487</timestamp>
			</report>
			<report>
				<misses>15381001</misses>
				<total>35</total>
				<timestamp>4609.686221</timestamp>
			</report>
			<report>
				<misses>15382001</misses>
				<total>35</total>
				<timestamp>4609.985871</timestamp>
			</report>
			<report>
				<misses>15383001</misses>
				<total>35</total>
				<timestamp>4610.285576</timestamp>
			</report>
			<report>
				<misses>15384001</misses>
				<total>35</total>
				<timestamp>4610.585292</timestamp>
			</report>
			<report>
				<misses>15385001</misses>
				<total>35</total>
				<timestamp>4610.884993</timestamp>
			</report>
			<report>
				<misses>15386001</misses>
				<total>35</total>
				<timestamp>4611.184728</timestamp>
			</report>
			<report>
				<misses>15387001</misses>
				<total>35</total>
				<timestamp>4611.484419</timestamp>
			</report>
			<report>
				<misses>15388001</misses>
				<total>35</total>
				<timestamp>4611.784077</timestamp>
			</report>
			<report>
				<misses>15389001</misses>
				<total>35</total>
				<timestamp>4612.083778</timestamp>
			</report>
			<report>
				<misses>15390001</misses>
				<total>35</total>
				<timestamp>4612.383483</timestamp>
			</report>
			<report>
				<misses>15391001</misses>
				<total>35</total>
				<timestamp>4612.683199</timestamp>
			</report>
			<report>
				<misses>15392001</misses>
				<total>35</total>
				<timestamp>4612.982864</timestamp>
			</report>
			<report>
				<misses>15393001</misses>
				<total>35</total>
				<timestamp>4613.282598</timestamp>
			</report>
			<report>
				<misses>15394001</misses>
				<total>35</total>
				<timestamp>4613.582274</timestamp>
			</report>
			<report>
				<misses>15395001</misses>
				<total>35</total>
				<timestamp>4613.881998</timestamp>
			</report>
			<report>
				<misses>15396001</misses>
				<total>35</total>
				<timestamp>4614.181703</timestamp>
			</report>
			<report>
				<misses>15397001</misses>
				<total>35</total>
				<timestamp>4614.481460</timestamp>
			</report>
			<report>
				<misses>15398001</misses>
				<total>35</total>
				<timestamp>4614.781063</timestamp>
			</report>
			<report>
				<misses>15399001</misses>
				<total>35</total>
				<timestamp>4615.080808</timestamp>
			</report>
			<report>
				<misses>15400001</misses>
				<total>35</total>
				<timestamp>4615.380493</timestamp>
			</report>
			<report>
				<misses>15401001</misses>
				<total>35</total>
				<timestamp>4615.680170</timestamp>
			</report>
			<report>
				<misses>15402001</misses>
				<total>35</total>
				<timestamp>4615.979897</timestamp>
			</report>
			<report>
				<misses>15403001</misses>
				<total>35</total>
				<timestamp>4616.279671</timestamp>
			</report>
			<report>
				<misses>15404001</misses>
				<total>35</total>
				<timestamp>4616.579269</timestamp>
			</report>
			<report>
				<misses>15405001</misses>
				<total>35</total>
				<timestamp>4616.878956</timestamp>
			</report>
			<report>
				<misses>15406001</misses>
				<total>35</total>
				<timestamp>4617.178681</timestamp>
			</report>
			<report>
				<misses>15407001</misses>
				<total>35</total>
				<timestamp>4617.478433</timestamp>
			</report>
			<report>
				<misses>15408001</misses>
				<total>35</total>
				<timestamp>4617.778068</timestamp>
			</report>
			<report>
				<misses>15409001</misses>
				<total>35</total>
				<timestamp>4618.077777</timestamp>
			</report>
			<report>
				<misses>15410001</misses>
				<total>35</total>
				<timestamp>4618.377471</timestamp>
			</report>
			<report>
				<misses>15411001</misses>
				<total>35</total>
				<timestamp>4618.677174</timestamp>
			</report>
			<report>
				<misses>15412001</misses>
				<total>35</total>
				<timestamp>4618.976882</timestamp>
			</report>
			<report>
				<misses>15413001</misses>
				<total>35</total>
				<timestamp>4619.276625</timestamp>
			</report>
			<report>
				<misses>15414001</misses>
				<total>35</total>
				<timestamp>4619.576308</timestamp>
			</report>
			<report>
				<misses>15415001</misses>
				<total>35</total>
				<timestamp>4619.875967</timestamp>
			</report>
			<report>
				<misses>15416001</misses>
				<total>35</total>
				<timestamp>4620.175667</timestamp>
			</report>
			<report>
				<misses>15417001</misses>
				<total>35</total>
				<timestamp>4620.475437</timestamp>
			</report>
			<report>
				<misses>15418001</misses>
				<total>35</total>
				<timestamp>4620.775072</timestamp>
			</report>
			<report>
				<misses>15419001</misses>
				<total>35</total>
				<timestamp>4621.074787</timestamp>
			</report>
			<report>
				<misses>15420001</misses>
				<total>35</total>
				<timestamp>4621.374474</timestamp>
			</report>
			<report>
				<misses>15421001</misses>
				<total>35</total>
				<timestamp>4621.674173</timestamp>
			</report>
			<report>
				<misses>15422001</misses>
				<total>35</total>
				<timestamp>4621.973869</timestamp>
			</report>
			<report>
				<misses>15423001</misses>
				<total>35</total>
				<timestamp>4622.273595</timestamp>
			</report>
			<report>
				<misses>15424001</misses>
				<total>35</total>
				<timestamp>4622.573324</timestamp>
			</report>
			<report>
				<misses>15425001</misses>
				<total>35</total>
				<timestamp>4622.872969</timestamp>
			</report>
			<report>
				<misses>15426001</misses>
				<total>35</total>
				<timestamp>4623.172714</timestamp>
			</report>
			<report>
				<misses>15427001</misses>
				<total>35</total>
				<timestamp>4623.472366</timestamp>
			</report>
			<report>
				<misses>15428001</misses>
				<total>35</total>
				<timestamp>4623.772152</timestamp>
			</report>
			<report>
				<misses>15429001</misses>
				<total>35</total>
				<timestamp>4624.071767</timestamp>
			</report>
			<report>
				<misses>15430001</misses>
				<total>35</total>
				<timestamp>4624.371485</timestamp>
			</report>
			<report>
				<misses>15431001</misses>
				<total>35</total>
				<timestamp>4624.671201</timestamp>
			</report>
			<report>
				<misses>15432001</misses>
				<total>35</total>
				<timestamp>4624.970880</timestamp>
			</report>
			<report>
				<misses>15433001</misses>
				<total>35</total>
				<timestamp>4625.270602</timestamp>
			</report>
			<report>
				<misses>15434001</misses>
				<total>35</total>
				<timestamp>4625.570271</timestamp>
			</report>
			<report>
				<misses>15435001</misses>
				<total>35</total>
				<timestamp>4625.869956</timestamp>
			</report>
			<report>
				<misses>15436001</misses>
				<total>35</total>
				<timestamp>4626.169675</timestamp>
			</report>
			<report>
				<misses>15437001</misses>
				<total>35</total>
				<timestamp>4626.469364</timestamp>
			</report>
			<report>
				<misses>15438001</misses>
				<total>35</total>
				<timestamp>4626.769077</timestamp>
			</report>
			<report>
				<misses>15439001</misses>
				<total>34</total>
				<timestamp>4627.068866</timestamp>
			</report>
			<report>
				<misses>15440001</misses>
				<total>35</total>
				<timestamp>4627.368535</timestamp>
			</report>
			<report>
				<misses>15441001</misses>
				<total>35</total>
				<timestamp>4627.668217</timestamp>
			</report>
			<report>
				<misses>15442001</misses>
				<total>35</total>
				<timestamp>4627.967869</timestamp>
			</report>
			<report>
				<misses>15443001</misses>
				<total>35</total>
				<timestamp>4628.267584</timestamp>
			</report>
			<report>
				<misses>15444001</misses>
				<total>35</total>
				<timestamp>4628.567264</timestamp>
			</report>
			<report>
				<misses>15445001</misses>
				<total>35</total>
				<timestamp>4628.867012</timestamp>
			</report>
			<report>
				<misses>15446001</misses>
				<total>35</total>
				<timestamp>4629.166682</timestamp>
			</report>
			<report>
				<misses>15447001</misses>
				<total>35</total>
				<timestamp>4629.466427</timestamp>
			</report>
			<report>
				<misses>15448001</misses>
				<total>35</total>
				<timestamp>4629.766127</timestamp>
			</report>
			<report>
				<misses>15449001</misses>
				<total>35</total>
				<timestamp>4630.065862</timestamp>
			</report>
			<report>
				<misses>15450001</misses>
				<total>35</total>
				<timestamp>4630.365496</timestamp>
			</report>
			<report>
				<misses>15451001</misses>
				<total>35</total>
				<timestamp>4630.665232</timestamp>
			</report>
			<report>
				<misses>15452001</misses>
				<total>35</total>
				<timestamp>4630.964877</timestamp>
			</report>
			<report>
				<misses>15453001</misses>
				<total>35</total>
				<timestamp>4631.264585</timestamp>
			</report>
			<report>
				<misses>15454001</misses>
				<total>35</total>
				<timestamp>4631.564350</timestamp>
			</report>
			<report>
				<misses>15455001</misses>
				<total>35</total>
				<timestamp>4631.863986</timestamp>
			</report>
			<report>
				<misses>15456001</misses>
				<total>35</total>
				<timestamp>4632.163701</timestamp>
			</report>
			<report>
				<misses>15457001</misses>
				<total>35</total>
				<timestamp>4632.463356</timestamp>
			</report>
			<report>
				<misses>15458001</misses>
				<total>35</total>
				<timestamp>4632.763137</timestamp>
			</report>
			<report>
				<misses>15459001</misses>
				<total>35</total>
				<timestamp>4633.062771</timestamp>
			</report>
			<report>
				<misses>15460001</misses>
				<total>35</total>
				<timestamp>4633.362494</timestamp>
			</report>
			<report>
				<misses>15461001</misses>
				<total>35</total>
				<timestamp>4633.662188</timestamp>
			</report>
			<report>
				<misses>15462001</misses>
				<total>35</total>
				<timestamp>4633.961870</timestamp>
			</report>
			<report>
				<misses>15463001</misses>
				<total>35</total>
				<timestamp>4634.261615</timestamp>
			</report>
			<report>
				<misses>15464001</misses>
				<total>35</total>
				<timestamp>4634.561300</timestamp>
			</report>
			<report>
				<misses>15465001</misses>
				<total>35</total>
				<timestamp>4634.861052</timestamp>
			</report>
			<report>
				<misses>15466001</misses>
				<total>35</total>
				<timestamp>4635.160686</timestamp>
			</report>
			<report>
				<misses>15467001</misses>
				<total>35</total>
				<timestamp>4635.460369</timestamp>
			</report>
			<report>
				<misses>15468001</misses>
				<total>35</total>
				<timestamp>4635.760061</timestamp>
			</report>
			<report>
				<misses>15469001</misses>
				<total>35</total>
				<timestamp>4636.059778</timestamp>
			</report>
			<report>
				<misses>15470001</misses>
				<total>35</total>
				<timestamp>4636.359495</timestamp>
			</report>
			<report>
				<misses>15471001</misses>
				<total>35</total>
				<timestamp>4636.659203</timestamp>
			</report>
			<report>
				<misses>15472001</misses>
				<total>35</total>
				<timestamp>4636.958869</timestamp>
			</report>
			<report>
				<misses>15473001</misses>
				<total>35</total>
				<timestamp>4637.258610</timestamp>
			</report>
			<report>
				<misses>15474001</misses>
				<total>35</total>
				<timestamp>4637.558266</timestamp>
			</report>
			<report>
				<misses>15475001</misses>
				<total>35</total>
				<timestamp>4637.858016</timestamp>
			</report>
			<report>
				<misses>15476001</misses>
				<total>35</total>
				<timestamp>4638.157672</timestamp>
			</report>
			<report>
				<misses>15477001</misses>
				<total>35</total>
				<timestamp>4638.457386</timestamp>
			</report>
			<report>
				<misses>15478001</misses>
				<total>35</total>
				<timestamp>4638.757067</timestamp>
			</report>
			<report>
				<misses>15479001</misses>
				<total>35</total>
				<timestamp>4639.056775</timestamp>
			</report>
			<report>
				<misses>15480001</misses>
				<total>35</total>
				<timestamp>4639.356515</timestamp>
			</report>
			<report>
				<misses>15481001</misses>
				<total>35</total>
				<timestamp>4639.656240</timestamp>
			</report>
			<report>
				<misses>15482001</misses>
				<total>35</total>
				<timestamp>4639.955947</timestamp>
			</report>
			<report>
				<misses>15483001</misses>
				<total>35</total>
				<timestamp>4640.255584</timestamp>
			</report>
			<report>
				<misses>15484001</misses>
				<total>35</total>
				<timestamp>4640.555304</timestamp>
			</report>
			<report>
				<misses>15485001</misses>
				<total>35</total>
				<timestamp>4640.854992</timestamp>
			</report>
			<report>
				<misses>15486001</misses>
				<total>35</total>
				<timestamp>4641.154699</timestamp>
			</report>
			<report>
				<misses>15487001</misses>
				<total>35</total>
				<timestamp>4641.454378</timestamp>
			</report>
			<report>
				<misses>15488001</misses>
				<total>35</total>
				<timestamp>4641.754131</timestamp>
			</report>
			<report>
				<misses>15489001</misses>
				<total>35</total>
				<timestamp>4642.053766</timestamp>
			</report>
			<report>
				<misses>15490001</misses>
				<total>35</total>
				<timestamp>4642.353546</timestamp>
			</report>
			<report>
				<misses>15491001</misses>
				<total>35</total>
				<timestamp>4642.653186</timestamp>
			</report>
			<report>
				<misses>15492001</misses>
				<total>35</total>
				<timestamp>4642.952873</timestamp>
			</report>
			<report>
				<misses>15493001</misses>
				<total>35</total>
				<timestamp>4643.252596</timestamp>
			</report>
			<report>
				<misses>15494001</misses>
				<total>35</total>
				<timestamp>4643.552308</timestamp>
			</report>
			<report>
				<misses>15495001</misses>
				<total>35</total>
				<timestamp>4643.852075</timestamp>
			</report>
			<report>
				<misses>15496001</misses>
				<total>35</total>
				<timestamp>4644.151684</timestamp>
			</report>
			<report>
				<misses>15497001</misses>
				<total>35</total>
				<timestamp>4644.451416</timestamp>
			</report>
			<report>
				<misses>15498001</misses>
				<total>35</total>
				<timestamp>4644.751073</timestamp>
			</report>
			<report>
				<misses>15499001</misses>
				<total>35</total>
				<timestamp>4645.050777</timestamp>
			</report>
			<report>
				<misses>15500001</misses>
				<total>35</total>
				<timestamp>4645.350493</timestamp>
			</report>
			<report>
				<misses>15501001</misses>
				<total>35</total>
				<timestamp>4645.650248</timestamp>
			</report>
			<report>
				<misses>15502001</misses>
				<total>35</total>
				<timestamp>4645.949867</timestamp>
			</report>
			<report>
				<misses>15503001</misses>
				<total>35</total>
				<timestamp>4646.249609</timestamp>
			</report>
			<report>
				<misses>15504001</misses>
				<total>34</total>
				<timestamp>4646.549372</timestamp>
			</report>
			<report>
				<misses>15505001</misses>
				<total>35</total>
				<timestamp>4646.848987</timestamp>
			</report>
			<report>
				<misses>15506001</misses>
				<total>35</total>
				<timestamp>4647.148695</timestamp>
			</report>
			<report>
				<misses>15507001</misses>
				<total>35</total>
				<timestamp>4647.448390</timestamp>
			</report>
			<report>
				<misses>15508001</misses>
				<total>35</total>
				<timestamp>4647.748105</timestamp>
			</report>
			<report>
				<misses>15509001</misses>
				<total>35</total>
				<timestamp>4648.047842</timestamp>
			</report>
			<report>
				<misses>15510001</misses>
				<total>35</total>
				<timestamp>4648.347501</timestamp>
			</report>
			<report>
				<misses>15511001</misses>
				<total>35</total>
				<timestamp>4648.647211</timestamp>
			</report>
			<report>
				<misses>15512001</misses>
				<total>35</total>
				<timestamp>4648.946887</timestamp>
			</report>
			<report>
				<misses>15513001</misses>
				<total>35</total>
				<timestamp>4649.246603</timestamp>
			</report>
			<report>
				<misses>15514001</misses>
				<total>35</total>
				<timestamp>4649.546270</timestamp>
			</report>
			<report>
				<misses>15515001</misses>
				<total>35</total>
				<timestamp>4649.846033</timestamp>
			</report>
			<report>
				<misses>15516001</misses>
				<total>35</total>
				<timestamp>4650.145674</timestamp>
			</report>
			<report>
				<misses>15517001</misses>
				<total>35</total>
				<timestamp>4650.445391</timestamp>
			</report>
			<report>
				<misses>15518001</misses>
				<total>35</total>
				<timestamp>4650.745060</timestamp>
			</report>
			<report>
				<misses>15519001</misses>
				<total>34</total>
				<timestamp>4651.044869</timestamp>
			</report>
			<report>
				<misses>15520001</misses>
				<total>35</total>
				<timestamp>4651.344502</timestamp>
			</report>
			<report>
				<misses>15521001</misses>
				<total>35</total>
				<timestamp>4651.644173</timestamp>
			</report>
			<report>
				<misses>15522001</misses>
				<total>35</total>
				<timestamp>4651.943873</timestamp>
			</report>
			<report>
				<misses>15523001</misses>
				<total>35</total>
				<timestamp>4652.243564</timestamp>
			</report>
			<report>
				<misses>15524001</misses>
				<total>35</total>
				<timestamp>4652.543295</timestamp>
			</report>
			<report>
				<misses>15525001</misses>
				<total>35</total>
				<timestamp>4652.843038</timestamp>
			</report>
			<report>
				<misses>15526001</misses>
				<total>35</total>
				<timestamp>4653.142670</timestamp>
			</report>
			<report>
				<misses>15527001</misses>
				<total>35</total>
				<timestamp>4653.442387</timestamp>
			</report>
			<report>
				<misses>15528001</misses>
				<total>35</total>
				<timestamp>4653.742063</timestamp>
			</report>
			<report>
				<misses>15529001</misses>
				<total>35</total>
				<timestamp>4654.041780</timestamp>
			</report>
			<report>
				<misses>15530001</misses>
				<total>35</total>
				<timestamp>4654.341517</timestamp>
			</report>
			<report>
				<misses>15531001</misses>
				<total>35</total>
				<timestamp>4654.641177</timestamp>
			</report>
			<report>
				<misses>15532001</misses>
				<total>35</total>
				<timestamp>4654.940877</timestamp>
			</report>
			<report>
				<misses>15533001</misses>
				<total>35</total>
				<timestamp>4655.240585</timestamp>
			</report>
			<report>
				<misses>15534001</misses>
				<total>35</total>
				<timestamp>4655.540267</timestamp>
			</report>
			<report>
				<misses>15535001</misses>
				<total>35</total>
				<timestamp>4655.840007</timestamp>
			</report>
			<report>
				<misses>15536001</misses>
				<total>35</total>
				<timestamp>4656.139669</timestamp>
			</report>
			<report>
				<misses>15537001</misses>
				<total>35</total>
				<timestamp>4656.439373</timestamp>
			</report>
			<report>
				<misses>15538001</misses>
				<total>35</total>
				<timestamp>4656.739130</timestamp>
			</report>
			<report>
				<misses>15539001</misses>
				<total>35</total>
				<timestamp>4657.038768</timestamp>
			</report>
			<report>
				<misses>15540001</misses>
				<total>35</total>
				<timestamp>4657.338520</timestamp>
			</report>
			<report>
				<misses>15541001</misses>
				<total>35</total>
				<timestamp>4657.638200</timestamp>
			</report>
			<report>
				<misses>15542001</misses>
				<total>35</total>
				<timestamp>4657.937876</timestamp>
			</report>
			<report>
				<misses>15543001</misses>
				<total>35</total>
				<timestamp>4658.237572</timestamp>
			</report>
			<report>
				<misses>15544001</misses>
				<total>35</total>
				<timestamp>4658.537325</timestamp>
			</report>
			<report>
				<misses>15545001</misses>
				<total>35</total>
				<timestamp>4658.836986</timestamp>
			</report>
			<report>
				<misses>15546001</misses>
				<total>35</total>
				<timestamp>4659.136681</timestamp>
			</report>
			<report>
				<misses>15547001</misses>
				<total>35</total>
				<timestamp>4659.436377</timestamp>
			</report>
			<report>
				<misses>15548001</misses>
				<total>35</total>
				<timestamp>4659.736148</timestamp>
			</report>
			<report>
				<misses>15549001</misses>
				<total>35</total>
				<timestamp>4660.035766</timestamp>
			</report>
			<report>
				<misses>15550001</misses>
				<total>35</total>
				<timestamp>4660.335509</timestamp>
			</report>
			<report>
				<misses>15551001</misses>
				<total>35</total>
				<timestamp>4660.635177</timestamp>
			</report>
			<report>
				<misses>15552001</misses>
				<total>35</total>
				<timestamp>4660.934891</timestamp>
			</report>
			<report>
				<misses>15553001</misses>
				<total>35</total>
				<timestamp>4661.234592</timestamp>
			</report>
			<report>
				<misses>15554001</misses>
				<total>35</total>
				<timestamp>4661.534319</timestamp>
			</report>
			<report>
				<misses>15555001</misses>
				<total>35</total>
				<timestamp>4661.834059</timestamp>
			</report>
			<report>
				<misses>15556001</misses>
				<total>35</total>
				<timestamp>4662.133678</timestamp>
			</report>
			<report>
				<misses>15557001</misses>
				<total>35</total>
				<timestamp>4662.433377</timestamp>
			</report>
			<report>
				<misses>15558001</misses>
				<total>35</total>
				<timestamp>4662.733099</timestamp>
			</report>
			<report>
				<misses>15559001</misses>
				<total>35</total>
				<timestamp>4663.032765</timestamp>
			</report>
			<report>
				<misses>15560001</misses>
				<total>35</total>
				<timestamp>4663.332472</timestamp>
			</report>
			<report>
				<misses>15561001</misses>
				<total>35</total>
				<timestamp>4663.632186</timestamp>
			</report>
			<report>
				<misses>15562001</misses>
				<total>35</total>
				<timestamp>4663.931867</timestamp>
			</report>
			<report>
				<misses>15563001</misses>
				<total>35</total>
				<timestamp>4664.231576</timestamp>
			</report>
			<report>
				<misses>15564001</misses>
				<total>35</total>
				<timestamp>4664.531290</timestamp>
			</report>
			<report>
				<misses>15565001</misses>
				<total>35</total>
				<timestamp>4664.831131</timestamp>
			</report>
			<report>
				<misses>15566001</misses>
				<total>35</total>
				<timestamp>4665.130682</timestamp>
			</report>
			<report>
				<misses>15567001</misses>
				<total>35</total>
				<timestamp>4665.430380</timestamp>
			</report>
			<report>
				<misses>15568001</misses>
				<total>35</total>
				<timestamp>4665.730112</timestamp>
			</report>
			<report>
				<misses>15569001</misses>
				<total>35</total>
				<timestamp>4666.029766</timestamp>
			</report>
			<report>
				<misses>15570001</misses>
				<total>35</total>
				<timestamp>4666.329507</timestamp>
			</report>
			<report>
				<misses>15571001</misses>
				<total>35</total>
				<timestamp>4666.629190</timestamp>
			</report>
			<report>
				<misses>15572001</misses>
				<total>35</total>
				<timestamp>4666.928880</timestamp>
			</report>
			<report>
				<misses>15573001</misses>
				<total>35</total>
				<timestamp>4667.228578</timestamp>
			</report>
			<report>
				<misses>15574001</misses>
				<total>35</total>
				<timestamp>4667.528318</timestamp>
			</report>
			<report>
				<misses>15575001</misses>
				<total>35</total>
				<timestamp>4667.828017</timestamp>
			</report>
			<report>
				<misses>15576001</misses>
				<total>35</total>
				<timestamp>4668.127659</timestamp>
			</report>
			<report>
				<misses>15577001</misses>
				<total>35</total>
				<timestamp>4668.427440</timestamp>
			</report>
			<report>
				<misses>15578001</misses>
				<total>35</total>
				<timestamp>4668.727061</timestamp>
			</report>
			<report>
				<misses>15579001</misses>
				<total>35</total>
				<timestamp>4669.026770</timestamp>
			</report>
			<report>
				<misses>15580001</misses>
				<total>35</total>
				<timestamp>4669.326495</timestamp>
			</report>
			<report>
				<misses>15581001</misses>
				<total>35</total>
				<timestamp>4669.626163</timestamp>
			</report>
			<report>
				<misses>15582001</misses>
				<total>35</total>
				<timestamp>4669.925896</timestamp>
			</report>
			<report>
				<misses>15583001</misses>
				<total>35</total>
				<timestamp>4670.225583</timestamp>
			</report>
			<report>
				<misses>15584001</misses>
				<total>35</total>
				<timestamp>4670.525320</timestamp>
			</report>
			<report>
				<misses>15585001</misses>
				<total>35</total>
				<timestamp>4670.824987</timestamp>
			</report>
			<report>
				<misses>15586001</misses>
				<total>35</total>
				<timestamp>4671.124667</timestamp>
			</report>
			<report>
				<misses>15587001</misses>
				<total>35</total>
				<timestamp>4671.424388</timestamp>
			</report>
			<report>
				<misses>15588001</misses>
				<total>35</total>
				<timestamp>4671.724099</timestamp>
			</report>
			<report>
				<misses>15589001</misses>
				<total>35</total>
				<timestamp>4672.023764</timestamp>
			</report>
			<report>
				<misses>15590001</misses>
				<total>35</total>
				<timestamp>4672.323471</timestamp>
			</report>
			<report>
				<misses>15591001</misses>
				<total>35</total>
				<timestamp>4672.623207</timestamp>
			</report>
			<report>
				<misses>15592001</misses>
				<total>35</total>
				<timestamp>4672.922943</timestamp>
			</report>
			<report>
				<misses>15593001</misses>
				<total>35</total>
				<timestamp>4673.222642</timestamp>
			</report>
			<report>
				<misses>15594001</misses>
				<total>35</total>
				<timestamp>4673.522277</timestamp>
			</report>
			<report>
				<misses>15595001</misses>
				<total>35</total>
				<timestamp>4673.822007</timestamp>
			</report>
			<report>
				<misses>15596001</misses>
				<total>35</total>
				<timestamp>4674.121653</timestamp>
			</report>
			<report>
				<misses>15597001</misses>
				<total>35</total>
				<timestamp>4674.421419</timestamp>
			</report>
			<report>
				<misses>15598001</misses>
				<total>35</total>
				<timestamp>4674.721087</timestamp>
			</report>
			<report>
				<misses>15599001</misses>
				<total>35</total>
				<timestamp>4675.020793</timestamp>
			</report>
			<report>
				<misses>15600001</misses>
				<total>35</total>
				<timestamp>4675.320463</timestamp>
			</report>
			<report>
				<misses>15601001</misses>
				<total>35</total>
				<timestamp>4675.620194</timestamp>
			</report>
			<report>
				<misses>15602001</misses>
				<total>35</total>
				<timestamp>4675.919929</timestamp>
			</report>
			<report>
				<misses>15603001</misses>
				<total>35</total>
				<timestamp>4676.219567</timestamp>
			</report>
			<report>
				<misses>15604001</misses>
				<total>35</total>
				<timestamp>4676.519271</timestamp>
			</report>
			<report>
				<misses>15605001</misses>
				<total>35</total>
				<timestamp>4676.818999</timestamp>
			</report>
			<report>
				<misses>15606001</misses>
				<total>35</total>
				<timestamp>4677.118680</timestamp>
			</report>
			<report>
				<misses>15607001</misses>
				<total>35</total>
				<timestamp>4677.418411</timestamp>
			</report>
			<report>
				<misses>15608001</misses>
				<total>35</total>
				<timestamp>4677.718070</timestamp>
			</report>
			<report>
				<misses>15609001</misses>
				<total>35</total>
				<timestamp>4678.017820</timestamp>
			</report>
			<report>
				<misses>15610001</misses>
				<total>35</total>
				<timestamp>4678.317520</timestamp>
			</report>
			<report>
				<misses>15611001</misses>
				<total>35</total>
				<timestamp>4678.617266</timestamp>
			</report>
			<report>
				<misses>15612001</misses>
				<total>35</total>
				<timestamp>4678.916880</timestamp>
			</report>
			<report>
				<misses>15613001</misses>
				<total>35</total>
				<timestamp>4679.216617</timestamp>
			</report>
			<report>
				<misses>15614001</misses>
				<total>35</total>
				<timestamp>4679.516279</timestamp>
			</report>
			<report>
				<misses>15615001</misses>
				<total>35</total>
				<timestamp>4679.816007</timestamp>
			</report>
			<report>
				<misses>15616001</misses>
				<total>35</total>
				<timestamp>4680.115669</timestamp>
			</report>
			<report>
				<misses>15617001</misses>
				<total>35</total>
				<timestamp>4680.415400</timestamp>
			</report>
			<report>
				<misses>15618001</misses>
				<total>35</total>
				<timestamp>4680.715083</timestamp>
			</report>
			<report>
				<misses>15619001</misses>
				<total>35</total>
				<timestamp>4681.014778</timestamp>
			</report>
			<report>
				<misses>15620001</misses>
				<total>35</total>
				<timestamp>4681.314471</timestamp>
			</report>
			<report>
				<misses>15621001</misses>
				<total>35</total>
				<timestamp>4681.614181</timestamp>
			</report>
			<report>
				<misses>15622001</misses>
				<total>35</total>
				<timestamp>4681.913956</timestamp>
			</report>
			<report>
				<misses>15623001</misses>
				<total>35</total>
				<timestamp>4682.213568</timestamp>
			</report>
			<report>
				<misses>15624001</misses>
				<total>35</total>
				<timestamp>4682.513280</timestamp>
			</report>
			<report>
				<misses>15625001</misses>
				<total>35</total>
				<timestamp>4682.813079</timestamp>
			</report>
			<report>
				<misses>15626001</misses>
				<total>35</total>
				<timestamp>4683.112674</timestamp>
			</report>
			<report>
				<misses>15627001</misses>
				<total>35</total>
				<timestamp>4683.412374</timestamp>
			</report>
			<report>
				<misses>15628001</misses>
				<total>35</total>
				<timestamp>4683.712071</timestamp>
			</report>
			<report>
				<misses>15629001</misses>
				<total>35</total>
				<timestamp>4684.011792</timestamp>
			</report>
			<report>
				<misses>15630001</misses>
				<total>35</total>
				<timestamp>4684.311460</timestamp>
			</report>
			<report>
				<misses>15631001</misses>
				<total>35</total>
				<timestamp>4684.611207</timestamp>
			</report>
			<report>
				<misses>15632001</misses>
				<total>34</total>
				<timestamp>4684.910985</timestamp>
			</report>
			<report>
				<misses>15633001</misses>
				<total>35</total>
				<timestamp>4685.210583</timestamp>
			</report>
			<report>
				<misses>15634001</misses>
				<total>35</total>
				<timestamp>4685.510353</timestamp>
			</report>
			<report>
				<misses>15635001</misses>
				<total>35</total>
				<timestamp>4685.810043</timestamp>
			</report>
			<report>
				<misses>15636001</misses>
				<total>35</total>
				<timestamp>4686.109690</timestamp>
			</report>
			<report>
				<misses>15637001</misses>
				<total>35</total>
				<timestamp>4686.409382</timestamp>
			</report>
			<report>
				<misses>15638001</misses>
				<total>35</total>
				<timestamp>4686.709087</timestamp>
			</report>
			<report>
				<misses>15639001</misses>
				<total>35</total>
				<timestamp>4687.008809</timestamp>
			</report>
			<report>
				<misses>15640001</misses>
				<total>35</total>
				<timestamp>4687.308465</timestamp>
			</report>
			<report>
				<misses>15641001</misses>
				<total>35</total>
				<timestamp>4687.608188</timestamp>
			</report>
			<report>
				<misses>15642001</misses>
				<total>35</total>
				<timestamp>4687.907936</timestamp>
			</report>
			<report>
				<misses>15643001</misses>
				<total>35</total>
				<timestamp>4688.207566</timestamp>
			</report>
			<report>
				<misses>15644001</misses>
				<total>35</total>
				<timestamp>4688.507331</timestamp>
			</report>
			<report>
				<misses>15645001</misses>
				<total>35</total>
				<timestamp>4688.806984</timestamp>
			</report>
			<report>
				<misses>15646001</misses>
				<total>35</total>
				<timestamp>4689.106713</timestamp>
			</report>
			<report>
				<misses>15647001</misses>
				<total>35</total>
				<timestamp>4689.406386</timestamp>
			</report>
			<report>
				<misses>15648001</misses>
				<total>35</total>
				<timestamp>4689.706103</timestamp>
			</report>
			<report>
				<misses>15649001</misses>
				<total>35</total>
				<timestamp>4690.005842</timestamp>
			</report>
			<report>
				<misses>15650001</misses>
				<total>35</total>
				<timestamp>4690.305503</timestamp>
			</report>
			<report>
				<misses>15651001</misses>
				<total>35</total>
				<timestamp>4690.605182</timestamp>
			</report>
			<report>
				<misses>15652001</misses>
				<total>35</total>
				<timestamp>4690.904865</timestamp>
			</report>
			<report>
				<misses>15653001</misses>
				<total>35</total>
				<timestamp>4691.204568</timestamp>
			</report>
			<report>
				<misses>15654001</misses>
				<total>35</total>
				<timestamp>4691.504332</timestamp>
			</report>
			<report>
				<misses>15655001</misses>
				<total>35</total>
				<timestamp>4691.803976</timestamp>
			</report>
			<report>
				<misses>15656001</misses>
				<total>35</total>
				<timestamp>4692.103679</timestamp>
			</report>
			<report>
				<misses>15657001</misses>
				<total>35</total>
				<timestamp>4692.403413</timestamp>
			</report>
			<report>
				<misses>15658001</misses>
				<total>35</total>
				<timestamp>4692.703117</timestamp>
			</report>
			<report>
				<misses>15659001</misses>
				<total>35</total>
				<timestamp>4693.002817</timestamp>
			</report>
			<report>
				<misses>15660001</misses>
				<total>35</total>
				<timestamp>4693.302467</timestamp>
			</report>
			<report>
				<misses>15661001</misses>
				<total>35</total>
				<timestamp>4693.602178</timestamp>
			</report>
			<report>
				<misses>15662001</misses>
				<total>35</total>
				<timestamp>4693.901924</timestamp>
			</report>
			<report>
				<misses>15663001</misses>
				<total>35</total>
				<timestamp>4694.201619</timestamp>
			</report>
			<report>
				<misses>15664001</misses>
				<total>35</total>
				<timestamp>4694.501306</timestamp>
			</report>
			<report>
				<misses>15665001</misses>
				<total>35</total>
				<timestamp>4694.800993</timestamp>
			</report>
			<report>
				<misses>15666001</misses>
				<total>35</total>
				<timestamp>4695.100668</timestamp>
			</report>
			<report>
				<misses>15667001</misses>
				<total>35</total>
				<timestamp>4695.400368</timestamp>
			</report>
			<report>
				<misses>15668001</misses>
				<total>35</total>
				<timestamp>4695.700096</timestamp>
			</report>
			<report>
				<misses>15669001</misses>
				<total>35</total>
				<timestamp>4695.999760</timestamp>
			</report>
			<report>
				<misses>15670001</misses>
				<total>35</total>
				<timestamp>4696.299468</timestamp>
			</report>
			<report>
				<misses>15671001</misses>
				<total>35</total>
				<timestamp>4696.599241</timestamp>
			</report>
			<report>
				<misses>15672001</misses>
				<total>35</total>
				<timestamp>4696.898873</timestamp>
			</report>
			<report>
				<misses>15673001</misses>
				<total>35</total>
				<timestamp>4697.198608</timestamp>
			</report>
			<report>
				<misses>15674001</misses>
				<total>35</total>
				<timestamp>4697.498281</timestamp>
			</report>
			<report>
				<misses>15675001</misses>
				<total>35</total>
				<timestamp>4697.797987</timestamp>
			</report>
			<report>
				<misses>15676001</misses>
				<total>35</total>
				<timestamp>4698.097678</timestamp>
			</report>
			<report>
				<misses>15677001</misses>
				<total>35</total>
				<timestamp>4698.397375</timestamp>
			</report>
			<report>
				<misses>15678001</misses>
				<total>35</total>
				<timestamp>4698.697119</timestamp>
			</report>
			<report>
				<misses>15679001</misses>
				<total>35</total>
				<timestamp>4698.996834</timestamp>
			</report>
			<report>
				<misses>15680001</misses>
				<total>35</total>
				<timestamp>4699.296464</timestamp>
			</report>
			<report>
				<misses>15681001</misses>
				<total>35</total>
				<timestamp>4699.596214</timestamp>
			</report>
			<report>
				<misses>15682001</misses>
				<total>35</total>
				<timestamp>4699.895923</timestamp>
			</report>
			<report>
				<misses>15683001</misses>
				<total>35</total>
				<timestamp>4700.195574</timestamp>
			</report>
			<report>
				<misses>15684001</misses>
				<total>35</total>
				<timestamp>4700.495351</timestamp>
			</report>
			<report>
				<misses>15685001</misses>
				<total>35</total>
				<timestamp>4700.795016</timestamp>
			</report>
			<report>
				<misses>15686001</misses>
				<total>35</total>
				<timestamp>4701.094676</timestamp>
			</report>
			<report>
				<misses>15687001</misses>
				<total>35</total>
				<timestamp>4701.394376</timestamp>
			</report>
			<report>
				<misses>15688001</misses>
				<total>35</total>
				<timestamp>4701.694131</timestamp>
			</report>
			<report>
				<misses>15689001</misses>
				<total>35</total>
				<timestamp>4701.993762</timestamp>
			</report>
			<report>
				<misses>15690001</misses>
				<total>35</total>
				<timestamp>4702.293463</timestamp>
			</report>
			<report>
				<misses>15691001</misses>
				<total>35</total>
				<timestamp>4702.593209</timestamp>
			</report>
			<report>
				<misses>15692001</misses>
				<total>34</total>
				<timestamp>4702.892983</timestamp>
			</report>
			<report>
				<misses>15693001</misses>
				<total>35</total>
				<timestamp>4703.192649</timestamp>
			</report>
			<report>
				<misses>15694001</misses>
				<total>35</total>
				<timestamp>4703.492262</timestamp>
			</report>
			<report>
				<misses>15695001</misses>
				<total>35</total>
				<timestamp>4703.792068</timestamp>
			</report>
			<report>
				<misses>15696001</misses>
				<total>35</total>
				<timestamp>4704.091672</timestamp>
			</report>
			<report>
				<misses>15697001</misses>
				<total>35</total>
				<timestamp>4704.391375</timestamp>
			</report>
			<report>
				<misses>15698001</misses>
				<total>35</total>
				<timestamp>4704.691073</timestamp>
			</report>
			<report>
				<misses>15699001</misses>
				<total>35</total>
				<timestamp>4704.990768</timestamp>
			</report>
			<report>
				<misses>15700001</misses>
				<total>35</total>
				<timestamp>4705.290482</timestamp>
			</report>
			<report>
				<misses>15701001</misses>
				<total>35</total>
				<timestamp>4705.590196</timestamp>
			</report>
			<report>
				<misses>15702001</misses>
				<total>35</total>
				<timestamp>4705.889926</timestamp>
			</report>
			<report>
				<misses>15703001</misses>
				<total>35</total>
				<timestamp>4706.189557</timestamp>
			</report>
			<report>
				<misses>15704001</misses>
				<total>35</total>
				<timestamp>4706.489270</timestamp>
			</report>
			<report>
				<misses>15705001</misses>
				<total>35</total>
				<timestamp>4706.789036</timestamp>
			</report>
			<report>
				<misses>15706001</misses>
				<total>35</total>
				<timestamp>4707.088703</timestamp>
			</report>
			<report>
				<misses>15707001</misses>
				<total>35</total>
				<timestamp>4707.388364</timestamp>
			</report>
			<report>
				<misses>15708001</misses>
				<total>36</total>
				<timestamp>4707.688090</timestamp>
			</report>
			<report>
				<misses>15709001</misses>
				<total>36</total>
				<timestamp>4707.987765</timestamp>
			</report>
			<report>
				<misses>15710001</misses>
				<total>36</total>
				<timestamp>4708.287486</timestamp>
			</report>
			<report>
				<misses>15711001</misses>
				<total>36</total>
				<timestamp>4708.587189</timestamp>
			</report>
			<report>
				<misses>15712001</misses>
				<total>36</total>
				<timestamp>4708.886915</timestamp>
			</report>
			<report>
				<misses>15713001</misses>
				<total>36</total>
				<timestamp>4709.186568</timestamp>
			</report>
			<report>
				<misses>15714001</misses>
				<total>36</total>
				<timestamp>4709.486275</timestamp>
			</report>
			<report>
				<misses>15715001</misses>
				<total>36</total>
				<timestamp>4709.786021</timestamp>
			</report>
			<report>
				<misses>15716001</misses>
				<total>36</total>
				<timestamp>4710.085738</timestamp>
			</report>
			<report>
				<misses>15717001</misses>
				<total>36</total>
				<timestamp>4710.385374</timestamp>
			</report>
			<report>
				<misses>15718001</misses>
				<total>36</total>
				<timestamp>4710.685090</timestamp>
			</report>
			<report>
				<misses>15719001</misses>
				<total>36</total>
				<timestamp>4710.984769</timestamp>
			</report>
			<report>
				<misses>15720001</misses>
				<total>36</total>
				<timestamp>4711.284458</timestamp>
			</report>
			<report>
				<misses>15721001</misses>
				<total>36</total>
				<timestamp>4711.584195</timestamp>
			</report>
			<report>
				<misses>15722001</misses>
				<total>36</total>
				<timestamp>4711.883909</timestamp>
			</report>
			<report>
				<misses>15723001</misses>
				<total>36</total>
				<timestamp>4712.183566</timestamp>
			</report>
			<report>
				<misses>15724001</misses>
				<total>36</total>
				<timestamp>4712.483267</timestamp>
			</report>
			<report>
				<misses>15725001</misses>
				<total>35</total>
				<timestamp>4712.783085</timestamp>
			</report>
			<report>
				<misses>15726001</misses>
				<total>36</total>
				<timestamp>4713.082693</timestamp>
			</report>
			<report>
				<misses>15727001</misses>
				<total>36</total>
				<timestamp>4713.382418</timestamp>
			</report>
			<report>
				<misses>15728001</misses>
				<total>36</total>
				<timestamp>4713.682073</timestamp>
			</report>
			<report>
				<misses>15729001</misses>
				<total>36</total>
				<timestamp>4713.981777</timestamp>
			</report>
			<report>
				<misses>15730001</misses>
				<total>36</total>
				<timestamp>4714.281523</timestamp>
			</report>
			<report>
				<misses>15731001</misses>
				<total>36</total>
				<timestamp>4714.581205</timestamp>
			</report>
			<report>
				<misses>15732001</misses>
				<total>35</total>
				<timestamp>4714.881003</timestamp>
			</report>
			<report>
				<misses>15733001</misses>
				<total>36</total>
				<timestamp>4715.180564</timestamp>
			</report>
			<report>
				<misses>15734001</misses>
				<total>35</total>
				<timestamp>4715.480386</timestamp>
			</report>
			<report>
				<misses>15735001</misses>
				<total>36</total>
				<timestamp>4715.780019</timestamp>
			</report>
			<report>
				<misses>15736001</misses>
				<total>36</total>
				<timestamp>4716.079760</timestamp>
			</report>
			<report>
				<misses>15737001</misses>
				<total>36</total>
				<timestamp>4716.379378</timestamp>
			</report>
			<report>
				<misses>15738001</misses>
				<total>36</total>
				<timestamp>4716.679171</timestamp>
			</report>
			<report>
				<misses>15739001</misses>
				<total>35</total>
				<timestamp>4716.978881</timestamp>
			</report>
			<report>
				<misses>15740001</misses>
				<total>36</total>
				<timestamp>4717.278475</timestamp>
			</report>
			<report>
				<misses>15741001</misses>
				<total>36</total>
				<timestamp>4717.578170</timestamp>
			</report>
			<report>
				<misses>15742001</misses>
				<total>36</total>
				<timestamp>4717.877951</timestamp>
			</report>
			<report>
				<misses>15743001</misses>
				<total>36</total>
				<timestamp>4718.177578</timestamp>
			</report>
			<report>
				<misses>15744001</misses>
				<total>36</total>
				<timestamp>4718.477263</timestamp>
			</report>
			<report>
				<misses>15745001</misses>
				<total>36</total>
				<timestamp>4718.777010</timestamp>
			</report>
			<report>
				<misses>15746001</misses>
				<total>36</total>
				<timestamp>4719.076679</timestamp>
			</report>
			<report>
				<misses>15747001</misses>
				<total>36</total>
				<timestamp>4719.376361</timestamp>
			</report>
			<report>
				<misses>15748001</misses>
				<total>36</total>
				<timestamp>4719.676083</timestamp>
			</report>
			<report>
				<misses>15749001</misses>
				<total>36</total>
				<timestamp>4719.975779</timestamp>
			</report>
			<report>
				<misses>15750001</misses>
				<total>36</total>
				<timestamp>4720.275472</timestamp>
			</report>
			<report>
				<misses>15751001</misses>
				<total>36</total>
				<timestamp>4720.575184</timestamp>
			</report>
			<report>
				<misses>15752001</misses>
				<total>36</total>
				<timestamp>4720.874985</timestamp>
			</report>
			<report>
				<misses>15753001</misses>
				<total>36</total>
				<timestamp>4721.174568</timestamp>
			</report>
			<report>
				<misses>15754001</misses>
				<total>36</total>
				<timestamp>4721.474273</timestamp>
			</report>
			<report>
				<misses>15755001</misses>
				<total>36</total>
				<timestamp>4721.774033</timestamp>
			</report>
			<report>
				<misses>15756001</misses>
				<total>36</total>
				<timestamp>4722.073696</timestamp>
			</report>
			<report>
				<misses>15757001</misses>
				<total>36</total>
				<timestamp>4722.373377</timestamp>
			</report>
			<report>
				<misses>15758001</misses>
				<total>36</total>
				<timestamp>4722.673135</timestamp>
			</report>
			<report>
				<misses>15759001</misses>
				<total>36</total>
				<timestamp>4722.972859</timestamp>
			</report>
			<report>
				<misses>15760001</misses>
				<total>36</total>
				<timestamp>4723.272476</timestamp>
			</report>
			<report>
				<misses>15761001</misses>
				<total>36</total>
				<timestamp>4723.572232</timestamp>
			</report>
			<report>
				<misses>15762001</misses>
				<total>36</total>
				<timestamp>4723.871937</timestamp>
			</report>
			<report>
				<misses>15763001</misses>
				<total>36</total>
				<timestamp>4724.171583</timestamp>
			</report>
			<report>
				<misses>15764001</misses>
				<total>36</total>
				<timestamp>4724.471333</timestamp>
			</report>
			<report>
				<misses>15765001</misses>
				<total>36</total>
				<timestamp>4724.771019</timestamp>
			</report>
			<report>
				<misses>15766001</misses>
				<total>36</total>
				<timestamp>4725.070673</timestamp>
			</report>
			<report>
				<misses>15767001</misses>
				<total>36</total>
				<timestamp>4725.370373</timestamp>
			</report>
			<report>
				<misses>15768001</misses>
				<total>36</total>
				<timestamp>4725.670136</timestamp>
			</report>
			<report>
				<misses>15769001</misses>
				<total>36</total>
				<timestamp>4725.969771</timestamp>
			</report>
			<report>
				<misses>15770001</misses>
				<total>36</total>
				<timestamp>4726.269536</timestamp>
			</report>
			<report>
				<misses>15771001</misses>
				<total>36</total>
				<timestamp>4726.569175</timestamp>
			</report>
			<report>
				<misses>15772001</misses>
				<total>36</total>
				<timestamp>4726.868900</timestamp>
			</report>
			<report>
				<misses>15773001</misses>
				<total>35</total>
				<timestamp>4727.168675</timestamp>
			</report>
			<report>
				<misses>15774001</misses>
				<total>36</total>
				<timestamp>4727.468279</timestamp>
			</report>
			<report>
				<misses>15775001</misses>
				<total>36</total>
				<timestamp>4727.768007</timestamp>
			</report>
			<report>
				<misses>15776001</misses>
				<total>36</total>
				<timestamp>4728.067723</timestamp>
			</report>
			<report>
				<misses>15777001</misses>
				<total>36</total>
				<timestamp>4728.367367</timestamp>
			</report>
			<report>
				<misses>15778001</misses>
				<total>36</total>
				<timestamp>4728.667100</timestamp>
			</report>
			<report>
				<misses>15779001</misses>
				<total>36</total>
				<timestamp>4728.966869</timestamp>
			</report>
			<report>
				<misses>15780001</misses>
				<total>36</total>
				<timestamp>4729.266491</timestamp>
			</report>
			<report>
				<misses>15781001</misses>
				<total>36</total>
				<timestamp>4729.566170</timestamp>
			</report>
			<report>
				<misses>15782001</misses>
				<total>36</total>
				<timestamp>4729.865921</timestamp>
			</report>
			<report>
				<misses>15783001</misses>
				<total>36</total>
				<timestamp>4730.165569</timestamp>
			</report>
			<report>
				<misses>15784001</misses>
				<total>36</total>
				<timestamp>4730.465274</timestamp>
			</report>
			<report>
				<misses>15785001</misses>
				<total>35</total>
				<timestamp>4730.765077</timestamp>
			</report>
			<report>
				<misses>15786001</misses>
				<total>35</total>
				<timestamp>4731.064767</timestamp>
			</report>
			<report>
				<misses>15787001</misses>
				<total>36</total>
				<timestamp>4731.364357</timestamp>
			</report>
			<report>
				<misses>15788001</misses>
				<total>36</total>
				<timestamp>4731.664102</timestamp>
			</report>
			<report>
				<misses>15789001</misses>
				<total>36</total>
				<timestamp>4731.963883</timestamp>
			</report>
			<report>
				<misses>15790001</misses>
				<total>36</total>
				<timestamp>4732.263493</timestamp>
			</report>
			<report>
				<misses>15791001</misses>
				<total>36</total>
				<timestamp>4732.563161</timestamp>
			</report>
			<report>
				<misses>15792001</misses>
				<total>36</total>
				<timestamp>4732.862906</timestamp>
			</report>
			<report>
				<misses>15793001</misses>
				<total>36</total>
				<timestamp>4733.162623</timestamp>
			</report>
			<report>
				<misses>15794001</misses>
				<total>36</total>
				<timestamp>4733.462264</timestamp>
			</report>
			<report>
				<misses>15795001</misses>
				<total>36</total>
				<timestamp>4733.762046</timestamp>
			</report>
			<report>
				<misses>15796001</misses>
				<total>36</total>
				<timestamp>4734.061715</timestamp>
			</report>
			<report>
				<misses>15797001</misses>
				<total>36</total>
				<timestamp>4734.361368</timestamp>
			</report>
			<report>
				<misses>15798001</misses>
				<total>36</total>
				<timestamp>4734.661070</timestamp>
			</report>
			<report>
				<misses>15799001</misses>
				<total>36</total>
				<timestamp>4734.960837</timestamp>
			</report>
			<report>
				<misses>15800001</misses>
				<total>36</total>
				<timestamp>4735.260569</timestamp>
			</report>
			<report>
				<misses>15801001</misses>
				<total>36</total>
				<timestamp>4735.560166</timestamp>
			</report>
			<report>
				<misses>15802001</misses>
				<total>36</total>
				<timestamp>4735.859904</timestamp>
			</report>
			<report>
				<misses>15803001</misses>
				<total>36</total>
				<timestamp>4736.159612</timestamp>
			</report>
			<report>
				<misses>15804001</misses>
				<total>36</total>
				<timestamp>4736.459271</timestamp>
			</report>
			<report>
				<misses>15805001</misses>
				<total>36</total>
				<timestamp>4736.758983</timestamp>
			</report>
			<report>
				<misses>15806001</misses>
				<total>36</total>
				<timestamp>4737.058700</timestamp>
			</report>
			<report>
				<misses>15807001</misses>
				<total>36</total>
				<timestamp>4737.358368</timestamp>
			</report>
			<report>
				<misses>15808001</misses>
				<total>36</total>
				<timestamp>4737.658088</timestamp>
			</report>
			<report>
				<misses>15809001</misses>
				<total>36</total>
				<timestamp>4737.957868</timestamp>
			</report>
			<report>
				<misses>15810001</misses>
				<total>36</total>
				<timestamp>4738.257487</timestamp>
			</report>
			<report>
				<misses>15811001</misses>
				<total>36</total>
				<timestamp>4738.557183</timestamp>
			</report>
			<report>
				<misses>15812001</misses>
				<total>36</total>
				<timestamp>4738.856873</timestamp>
			</report>
			<report>
				<misses>15813001</misses>
				<total>36</total>
				<timestamp>4739.156573</timestamp>
			</report>
			<report>
				<misses>15814001</misses>
				<total>36</total>
				<timestamp>4739.456319</timestamp>
			</report>
			<report>
				<misses>15815001</misses>
				<total>36</total>
				<timestamp>4739.755978</timestamp>
			</report>
			<report>
				<misses>15816001</misses>
				<total>36</total>
				<timestamp>4740.055677</timestamp>
			</report>
			<report>
				<misses>15817001</misses>
				<total>36</total>
				<timestamp>4740.355458</timestamp>
			</report>
			<report>
				<misses>15818001</misses>
				<total>36</total>
				<timestamp>4740.655170</timestamp>
			</report>
			<report>
				<misses>15819001</misses>
				<total>36</total>
				<timestamp>4740.954859</timestamp>
			</report>
			<report>
				<misses>15820001</misses>
				<total>36</total>
				<timestamp>4741.254523</timestamp>
			</report>
			<report>
				<misses>15821001</misses>
				<total>36</total>
				<timestamp>4741.554254</timestamp>
			</report>
			<report>
				<misses>15822001</misses>
				<total>36</total>
				<timestamp>4741.853886</timestamp>
			</report>
			<report>
				<misses>15823001</misses>
				<total>35</total>
				<timestamp>4742.153669</timestamp>
			</report>
			<report>
				<misses>15824001</misses>
				<total>36</total>
				<timestamp>4742.453278</timestamp>
			</report>
			<report>
				<misses>15825001</misses>
				<total>36</total>
				<timestamp>4742.753040</timestamp>
			</report>
			<report>
				<misses>15826001</misses>
				<total>36</total>
				<timestamp>4743.052675</timestamp>
			</report>
			<report>
				<misses>15827001</misses>
				<total>36</total>
				<timestamp>4743.352375</timestamp>
			</report>
			<report>
				<misses>15828001</misses>
				<total>36</total>
				<timestamp>4743.652070</timestamp>
			</report>
			<report>
				<misses>15829001</misses>
				<total>36</total>
				<timestamp>4743.951798</timestamp>
			</report>
			<report>
				<misses>15830001</misses>
				<total>36</total>
				<timestamp>4744.251472</timestamp>
			</report>
			<report>
				<misses>15831001</misses>
				<total>36</total>
				<timestamp>4744.551163</timestamp>
			</report>
			<report>
				<misses>15832001</misses>
				<total>36</total>
				<timestamp>4744.850891</timestamp>
			</report>
			<report>
				<misses>15833001</misses>
				<total>36</total>
				<timestamp>4745.150684</timestamp>
			</report>
			<report>
				<misses>15834001</misses>
				<total>36</total>
				<timestamp>4745.450271</timestamp>
			</report>
			<report>
				<misses>15835001</misses>
				<total>36</total>
				<timestamp>4745.750006</timestamp>
			</report>
			<report>
				<misses>15836001</misses>
				<total>36</total>
				<timestamp>4746.049737</timestamp>
			</report>
			<report>
				<misses>15837001</misses>
				<total>36</total>
				<timestamp>4746.349363</timestamp>
			</report>
			<report>
				<misses>15838001</misses>
				<total>36</total>
				<timestamp>4746.649066</timestamp>
			</report>
			<report>
				<misses>15839001</misses>
				<total>36</total>
				<timestamp>4746.948773</timestamp>
			</report>
			<report>
				<misses>15840001</misses>
				<total>36</total>
				<timestamp>4747.248471</timestamp>
			</report>
			<report>
				<misses>15841001</misses>
				<total>36</total>
				<timestamp>4747.548166</timestamp>
			</report>
			<report>
				<misses>15842001</misses>
				<total>36</total>
				<timestamp>4747.847886</timestamp>
			</report>
			<report>
				<misses>15843001</misses>
				<total>35</total>
				<timestamp>4748.147698</timestamp>
			</report>
			<report>
				<misses>15844001</misses>
				<total>36</total>
				<timestamp>4748.447314</timestamp>
			</report>
			<report>
				<misses>15845001</misses>
				<total>36</total>
				<timestamp>4748.747067</timestamp>
			</report>
			<report>
				<misses>15846001</misses>
				<total>36</total>
				<timestamp>4749.046753</timestamp>
			</report>
			<report>
				<misses>15847001</misses>
				<total>36</total>
				<timestamp>4749.346379</timestamp>
			</report>
			<report>
				<misses>15848001</misses>
				<total>36</total>
				<timestamp>4749.646092</timestamp>
			</report>
			<report>
				<misses>15849001</misses>
				<total>36</total>
				<timestamp>4749.945868</timestamp>
			</report>
			<report>
				<misses>15850001</misses>
				<total>36</total>
				<timestamp>4750.245468</timestamp>
			</report>
			<report>
				<misses>15851001</misses>
				<total>36</total>
				<timestamp>4750.545160</timestamp>
			</report>
			<report>
				<misses>15852001</misses>
				<total>36</total>
				<timestamp>4750.844895</timestamp>
			</report>
			<report>
				<misses>15853001</misses>
				<total>36</total>
				<timestamp>4751.144583</timestamp>
			</report>
			<report>
				<misses>15854001</misses>
				<total>36</total>
				<timestamp>4751.444273</timestamp>
			</report>
			<report>
				<misses>15855001</misses>
				<total>36</total>
				<timestamp>4751.743981</timestamp>
			</report>
			<report>
				<misses>15856001</misses>
				<total>36</total>
				<timestamp>4752.043697</timestamp>
			</report>
			<report>
				<misses>15857001</misses>
				<total>36</total>
				<timestamp>4752.343368</timestamp>
			</report>
			<report>
				<misses>15858001</misses>
				<total>36</total>
				<timestamp>4752.643079</timestamp>
			</report>
			<report>
				<misses>15859001</misses>
				<total>36</total>
				<timestamp>4752.942846</timestamp>
			</report>
			<report>
				<misses>15860001</misses>
				<total>36</total>
				<timestamp>4753.242461</timestamp>
			</report>
			<report>
				<misses>15861001</misses>
				<total>36</total>
				<timestamp>4753.542170</timestamp>
			</report>
			<report>
				<misses>15862001</misses>
				<total>36</total>
				<timestamp>4753.841896</timestamp>
			</report>
			<report>
				<misses>15863001</misses>
				<total>36</total>
				<timestamp>4754.141577</timestamp>
			</report>
			<report>
				<misses>15864001</misses>
				<total>36</total>
				<timestamp>4754.441281</timestamp>
			</report>
			<report>
				<misses>15865001</misses>
				<total>36</total>
				<timestamp>4754.741046</timestamp>
			</report>
			<report>
				<misses>15866001</misses>
				<total>36</total>
				<timestamp>4755.040677</timestamp>
			</report>
			<report>
				<misses>15867001</misses>
				<total>36</total>
				<timestamp>4755.340369</timestamp>
			</report>
			<report>
				<misses>15868001</misses>
				<total>36</total>
				<timestamp>4755.640085</timestamp>
			</report>
			<report>
				<misses>15869001</misses>
				<total>36</total>
				<timestamp>4755.939800</timestamp>
			</report>
			<report>
				<misses>15870001</misses>
				<total>36</total>
				<timestamp>4756.239553</timestamp>
			</report>
			<report>
				<misses>15871001</misses>
				<total>36</total>
				<timestamp>4756.539187</timestamp>
			</report>
			<report>
				<misses>15872001</misses>
				<total>36</total>
				<timestamp>4756.838888</timestamp>
			</report>
			<report>
				<misses>15873001</misses>
				<total>36</total>
				<timestamp>4757.138664</timestamp>
			</report>
			<report>
				<misses>15874001</misses>
				<total>36</total>
				<timestamp>4757.438266</timestamp>
			</report>
			<report>
				<misses>15875001</misses>
				<total>36</total>
				<timestamp>4757.738021</timestamp>
			</report>
			<report>
				<misses>15876001</misses>
				<total>36</total>
				<timestamp>4758.037738</timestamp>
			</report>
			<report>
				<misses>15877001</misses>
				<total>36</total>
				<timestamp>4758.337395</timestamp>
			</report>
			<report>
				<misses>15878001</misses>
				<total>36</total>
				<timestamp>4758.637065</timestamp>
			</report>
			<report>
				<misses>15879001</misses>
				<total>36</total>
				<timestamp>4758.936784</timestamp>
			</report>
			<report>
				<misses>15880001</misses>
				<total>35</total>
				<timestamp>4759.236594</timestamp>
			</report>
			<report>
				<misses>15881001</misses>
				<total>36</total>
				<timestamp>4759.536170</timestamp>
			</report>
			<report>
				<misses>15882001</misses>
				<total>36</total>
				<timestamp>4759.835948</timestamp>
			</report>
			<report>
				<misses>15883001</misses>
				<total>35</total>
				<timestamp>4760.135750</timestamp>
			</report>
			<report>
				<misses>15884001</misses>
				<total>35</total>
				<timestamp>4760.435368</timestamp>
			</report>
			<report>
				<misses>15885001</misses>
				<total>36</total>
				<timestamp>4760.734967</timestamp>
			</report>
			<report>
				<misses>15886001</misses>
				<total>36</total>
				<timestamp>4761.034736</timestamp>
			</report>
			<report>
				<misses>15887001</misses>
				<total>36</total>
				<timestamp>4761.334367</timestamp>
			</report>
			<report>
				<misses>15888001</misses>
				<total>36</total>
				<timestamp>4761.634065</timestamp>
			</report>
			<report>
				<misses>15889001</misses>
				<total>36</total>
				<timestamp>4761.933789</timestamp>
			</report>
			<report>
				<misses>15890001</misses>
				<total>35</total>
				<timestamp>4762.233556</timestamp>
			</report>
			<report>
				<misses>15891001</misses>
				<total>36</total>
				<timestamp>4762.533175</timestamp>
			</report>
			<report>
				<misses>15892001</misses>
				<total>36</total>
				<timestamp>4762.832898</timestamp>
			</report>
			<report>
				<misses>15893001</misses>
				<total>36</total>
				<timestamp>4763.132560</timestamp>
			</report>
			<report>
				<misses>15894001</misses>
				<total>36</total>
				<timestamp>4763.432261</timestamp>
			</report>
			<report>
				<misses>15895001</misses>
				<total>36</total>
				<timestamp>4763.732025</timestamp>
			</report>
			<report>
				<misses>15896001</misses>
				<total>36</total>
				<timestamp>4764.031717</timestamp>
			</report>
			<report>
				<misses>15897001</misses>
				<total>36</total>
				<timestamp>4764.331431</timestamp>
			</report>
			<report>
				<misses>15898001</misses>
				<total>36</total>
				<timestamp>4764.631099</timestamp>
			</report>
			<report>
				<misses>15899001</misses>
				<total>36</total>
				<timestamp>4764.930760</timestamp>
			</report>
			<report>
				<misses>15900001</misses>
				<total>36</total>
				<timestamp>4765.230533</timestamp>
			</report>
			<report>
				<misses>15901001</misses>
				<total>36</total>
				<timestamp>4765.530225</timestamp>
			</report>
			<report>
				<misses>15902001</misses>
				<total>36</total>
				<timestamp>4765.829881</timestamp>
			</report>
			<report>
				<misses>15903001</misses>
				<total>36</total>
				<timestamp>4766.129595</timestamp>
			</report>
			<report>
				<misses>15904001</misses>
				<total>36</total>
				<timestamp>4766.429364</timestamp>
			</report>
			<report>
				<misses>15905001</misses>
				<total>36</total>
				<timestamp>4766.728976</timestamp>
			</report>
			<report>
				<misses>15906001</misses>
				<total>35</total>
				<timestamp>4767.028789</timestamp>
			</report>
			<report>
				<misses>15907001</misses>
				<total>36</total>
				<timestamp>4767.328365</timestamp>
			</report>
			<report>
				<misses>15908001</misses>
				<total>36</total>
				<timestamp>4767.628066</timestamp>
			</report>
			<report>
				<misses>15909001</misses>
				<total>36</total>
				<timestamp>4767.927815</timestamp>
			</report>
			<report>
				<misses>15910001</misses>
				<total>36</total>
				<timestamp>4768.227502</timestamp>
			</report>
			<report>
				<misses>15911001</misses>
				<total>36</total>
				<timestamp>4768.527200</timestamp>
			</report>
			<report>
				<misses>15912001</misses>
				<total>36</total>
				<timestamp>4768.826962</timestamp>
			</report>
			<report>
				<misses>15913001</misses>
				<total>36</total>
				<timestamp>4769.126646</timestamp>
			</report>
			<report>
				<misses>15914001</misses>
				<total>36</total>
				<timestamp>4769.426273</timestamp>
			</report>
			<report>
				<misses>15915001</misses>
				<total>36</total>
				<timestamp>4769.725979</timestamp>
			</report>
			<report>
				<misses>15916001</misses>
				<total>36</total>
				<timestamp>4770.025762</timestamp>
			</report>
			<report>
				<misses>15917001</misses>
				<total>36</total>
				<timestamp>4770.325429</timestamp>
			</report>
			<report>
				<misses>15918001</misses>
				<total>36</total>
				<timestamp>4770.625074</timestamp>
			</report>
			<report>
				<misses>15919001</misses>
				<total>36</total>
				<timestamp>4770.924800</timestamp>
			</report>
			<report>
				<misses>15920001</misses>
				<total>36</total>
				<timestamp>4771.224478</timestamp>
			</report>
			<report>
				<misses>15921001</misses>
				<total>36</total>
				<timestamp>4771.524222</timestamp>
			</report>
			<report>
				<misses>15922001</misses>
				<total>36</total>
				<timestamp>4771.823887</timestamp>
			</report>
			<report>
				<misses>15923001</misses>
				<total>36</total>
				<timestamp>4772.123634</timestamp>
			</report>
			<report>
				<misses>15924001</misses>
				<total>36</total>
				<timestamp>4772.423314</timestamp>
			</report>
			<report>
				<misses>15925001</misses>
				<total>36</total>
				<timestamp>4772.722983</timestamp>
			</report>
			<report>
				<misses>15926001</misses>
				<total>36</total>
				<timestamp>4773.022694</timestamp>
			</report>
			<report>
				<misses>15927001</misses>
				<total>36</total>
				<timestamp>4773.322371</timestamp>
			</report>
			<report>
				<misses>15928001</misses>
				<total>36</total>
				<timestamp>4773.622081</timestamp>
			</report>
			<report>
				<misses>15929001</misses>
				<total>36</total>
				<timestamp>4773.921790</timestamp>
			</report>
			<report>
				<misses>15930001</misses>
				<total>36</total>
				<timestamp>4774.221476</timestamp>
			</report>
			<report>
				<misses>15931001</misses>
				<total>36</total>
				<timestamp>4774.521169</timestamp>
			</report>
			<report>
				<misses>15932001</misses>
				<total>36</total>
				<timestamp>4774.820877</timestamp>
			</report>
			<report>
				<misses>15933001</misses>
				<total>36</total>
				<timestamp>4775.120587</timestamp>
			</report>
			<report>
				<misses>15934001</misses>
				<total>36</total>
				<timestamp>4775.420275</timestamp>
			</report>
			<report>
				<misses>15935001</misses>
				<total>36</total>
				<timestamp>4775.719997</timestamp>
			</report>
			<report>
				<misses>15936001</misses>
				<total>36</total>
				<timestamp>4776.019700</timestamp>
			</report>
			<report>
				<misses>15937001</misses>
				<total>36</total>
				<timestamp>4776.319391</timestamp>
			</report>
			<report>
				<misses>15938001</misses>
				<total>36</total>
				<timestamp>4776.619074</timestamp>
			</report>
			<report>
				<misses>15939001</misses>
				<total>36</total>
				<timestamp>4776.918765</timestamp>
			</report>
			<report>
				<misses>15940001</misses>
				<total>36</total>
				<timestamp>4777.218464</timestamp>
			</report>
			<report>
				<misses>15941001</misses>
				<total>36</total>
				<timestamp>4777.518190</timestamp>
			</report>
			<report>
				<misses>15942001</misses>
				<total>36</total>
				<timestamp>4777.817870</timestamp>
			</report>
			<report>
				<misses>15943001</misses>
				<total>36</total>
				<timestamp>4778.117623</timestamp>
			</report>
			<report>
				<misses>15944001</misses>
				<total>36</total>
				<timestamp>4778.417278</timestamp>
			</report>
			<report>
				<misses>15945001</misses>
				<total>36</total>
				<timestamp>4778.716985</timestamp>
			</report>
			<report>
				<misses>15946001</misses>
				<total>36</total>
				<timestamp>4779.016768</timestamp>
			</report>
			<report>
				<misses>15947001</misses>
				<total>36</total>
				<timestamp>4779.316381</timestamp>
			</report>
			<report>
				<misses>15948001</misses>
				<total>36</total>
				<timestamp>4779.616078</timestamp>
			</report>
			<report>
				<misses>15949001</misses>
				<total>36</total>
				<timestamp>4779.915779</timestamp>
			</report>
			<report>
				<misses>15950001</misses>
				<total>36</total>
				<timestamp>4780.215507</timestamp>
			</report>
			<report>
				<misses>15951001</misses>
				<total>36</total>
				<timestamp>4780.515196</timestamp>
			</report>
			<report>
				<misses>15952001</misses>
				<total>36</total>
				<timestamp>4780.814894</timestamp>
			</report>
			<report>
				<misses>15953001</misses>
				<total>36</total>
				<timestamp>4781.114609</timestamp>
			</report>
			<report>
				<misses>15954001</misses>
				<total>36</total>
				<timestamp>4781.414260</timestamp>
			</report>
			<report>
				<misses>15955001</misses>
				<total>36</total>
				<timestamp>4781.713981</timestamp>
			</report>
			<report>
				<misses>15956001</misses>
				<total>36</total>
				<timestamp>4782.013727</timestamp>
			</report>
			<report>
				<misses>15957001</misses>
				<total>36</total>
				<timestamp>4782.313448</timestamp>
			</report>
			<report>
				<misses>15958001</misses>
				<total>36</total>
				<timestamp>4782.613065</timestamp>
			</report>
			<report>
				<misses>15959001</misses>
				<total>35</total>
				<timestamp>4782.912873</timestamp>
			</report>
			<report>
				<misses>15960001</misses>
				<total>36</total>
				<timestamp>4783.212576</timestamp>
			</report>
			<report>
				<misses>15961001</misses>
				<total>36</total>
				<timestamp>4783.512192</timestamp>
			</report>
			<report>
				<misses>15962001</misses>
				<total>36</total>
				<timestamp>4783.811863</timestamp>
			</report>
			<report>
				<misses>15963001</misses>
				<total>36</total>
				<timestamp>4784.111618</timestamp>
			</report>
			<report>
				<misses>15964001</misses>
				<total>36</total>
				<timestamp>4784.411265</timestamp>
			</report>
			<report>
				<misses>15965001</misses>
				<total>36</total>
				<timestamp>4784.710988</timestamp>
			</report>
			<report>
				<misses>15966001</misses>
				<total>36</total>
				<timestamp>4785.010673</timestamp>
			</report>
			<report>
				<misses>15967001</misses>
				<total>36</total>
				<timestamp>4785.310472</timestamp>
			</report>
			<report>
				<misses>15968001</misses>
				<total>36</total>
				<timestamp>4785.610087</timestamp>
			</report>
			<report>
				<misses>15969001</misses>
				<total>36</total>
				<timestamp>4785.909774</timestamp>
			</report>
			<report>
				<misses>15970001</misses>
				<total>36</total>
				<timestamp>4786.209552</timestamp>
			</report>
			<report>
				<misses>15971001</misses>
				<total>36</total>
				<timestamp>4786.509173</timestamp>
			</report>
			<report>
				<misses>15972001</misses>
				<total>36</total>
				<timestamp>4786.808922</timestamp>
			</report>
			<report>
				<misses>15973001</misses>
				<total>36</total>
				<timestamp>4787.108622</timestamp>
			</report>
			<report>
				<misses>15974001</misses>
				<total>36</total>
				<timestamp>4787.408280</timestamp>
			</report>
			<report>
				<misses>15975001</misses>
				<total>36</total>
				<timestamp>4787.707991</timestamp>
			</report>
			<report>
				<misses>15976001</misses>
				<total>36</total>
				<timestamp>4788.007685</timestamp>
			</report>
			<report>
				<misses>15977001</misses>
				<total>36</total>
				<timestamp>4788.307371</timestamp>
			</report>
			<report>
				<misses>15978001</misses>
				<total>36</total>
				<timestamp>4788.607074</timestamp>
			</report>
			<report>
				<misses>15979001</misses>
				<total>36</total>
				<timestamp>4788.906782</timestamp>
			</report>
			<report>
				<misses>15980001</misses>
				<total>35</total>
				<timestamp>4789.206595</timestamp>
			</report>
			<report>
				<misses>15981001</misses>
				<total>36</total>
				<timestamp>4789.506158</timestamp>
			</report>
			<report>
				<misses>15982001</misses>
				<total>36</total>
				<timestamp>4789.805861</timestamp>
			</report>
			<report>
				<misses>15983001</misses>
				<total>36</total>
				<timestamp>4790.105583</timestamp>
			</report>
			<report>
				<misses>15984001</misses>
				<total>36</total>
				<timestamp>4790.405286</timestamp>
			</report>
			<report>
				<misses>15985001</misses>
				<total>36</total>
				<timestamp>4790.704998</timestamp>
			</report>
			<report>
				<misses>15986001</misses>
				<total>36</total>
				<timestamp>4791.004702</timestamp>
			</report>
			<report>
				<misses>15987001</misses>
				<total>36</total>
				<timestamp>4791.304410</timestamp>
			</report>
			<report>
				<misses>15988001</misses>
				<total>36</total>
				<timestamp>4791.604071</timestamp>
			</report>
			<report>
				<misses>15989001</misses>
				<total>36</total>
				<timestamp>4791.903772</timestamp>
			</report>
			<report>
				<misses>15990001</misses>
				<total>36</total>
				<timestamp>4792.203503</timestamp>
			</report>
			<report>
				<misses>15991001</misses>
				<total>36</total>
				<timestamp>4792.503170</timestamp>
			</report>
			<report>
				<misses>15992001</misses>
				<total>36</total>
				<timestamp>4792.802884</timestamp>
			</report>
			<report>
				<misses>15993001</misses>
				<total>36</total>
				<timestamp>4793.102569</timestamp>
			</report>
			<report>
				<misses>15994001</misses>
				<total>36</total>
				<timestamp>4793.402273</timestamp>
			</report>
			<report>
				<misses>15995001</misses>
				<total>36</total>
				<timestamp>4793.702027</timestamp>
			</report>
			<report>
				<misses>15996001</misses>
				<total>36</total>
				<timestamp>4794.001682</timestamp>
			</report>
			<report>
				<misses>15997001</misses>
				<total>36</total>
				<timestamp>4794.301449</timestamp>
			</report>
			<report>
				<misses>15998001</misses>
				<total>36</total>
				<timestamp>4794.601065</timestamp>
			</report>
			<report>
				<misses>15999001</misses>
				<total>36</total>
				<timestamp>4794.900772</timestamp>
			</report>
			<report>
				<misses>16000001</misses>
				<total>35</total>
				<timestamp>4795.200590</timestamp>
			</report>
			<report>
				<misses>16001001</misses>
				<total>36</total>
				<timestamp>4795.500165</timestamp>
			</report>
			<report>
				<misses>16002001</misses>
				<total>36</total>
				<timestamp>4795.799883</timestamp>
			</report>
			<report>
				<misses>16003001</misses>
				<total>36</total>
				<timestamp>4796.099575</timestamp>
			</report>
			<report>
				<misses>16004001</misses>
				<total>36</total>
				<timestamp>4796.399262</timestamp>
			</report>
			<report>
				<misses>16005001</misses>
				<total>36</total>
				<timestamp>4796.698996</timestamp>
			</report>
			<report>
				<misses>16006001</misses>
				<total>36</total>
				<timestamp>4796.998675</timestamp>
			</report>
			<report>
				<misses>16007001</misses>
				<total>36</total>
				<timestamp>4797.298450</timestamp>
			</report>
			<report>
				<misses>16008001</misses>
				<total>35</total>
				<timestamp>4797.598172</timestamp>
			</report>
			<report>
				<misses>16009001</misses>
				<total>36</total>
				<timestamp>4797.897774</timestamp>
			</report>
			<report>
				<misses>16010001</misses>
				<total>36</total>
				<timestamp>4798.197490</timestamp>
			</report>
			<report>
				<misses>16011001</misses>
				<total>36</total>
				<timestamp>4798.497173</timestamp>
			</report>
			<report>
				<misses>16012001</misses>
				<total>36</total>
				<timestamp>4798.796869</timestamp>
			</report>
			<report>
				<misses>16013001</misses>
				<total>36</total>
				<timestamp>4799.096616</timestamp>
			</report>
			<report>
				<misses>16014001</misses>
				<total>36</total>
				<timestamp>4799.396270</timestamp>
			</report>
			<report>
				<misses>16015001</misses>
				<total>36</total>
				<timestamp>4799.695985</timestamp>
			</report>
			<report>
				<misses>16016001</misses>
				<total>35</total>
				<timestamp>4799.995791</timestamp>
			</report>
			<report>
				<misses>16017001</misses>
				<total>36</total>
				<timestamp>4800.295478</timestamp>
			</report>
			<report>
				<misses>16018001</misses>
				<total>36</total>
				<timestamp>4800.595075</timestamp>
			</report>
			<report>
				<misses>16019001</misses>
				<total>36</total>
				<timestamp>4800.894770</timestamp>
			</report>
			<report>
				<misses>16020001</misses>
				<total>36</total>
				<timestamp>4801.194500</timestamp>
			</report>
			<report>
				<misses>16021001</misses>
				<total>36</total>
				<timestamp>4801.494177</timestamp>
			</report>
			<report>
				<misses>16022001</misses>
				<total>36</total>
				<timestamp>4801.793876</timestamp>
			</report>
			<report>
				<misses>16023001</misses>
				<total>36</total>
				<timestamp>4802.093628</timestamp>
			</report>
			<report>
				<misses>16024001</misses>
				<total>36</total>
				<timestamp>4802.393372</timestamp>
			</report>
			<report>
				<misses>16025001</misses>
				<total>36</total>
				<timestamp>4802.693055</timestamp>
			</report>
			<report>
				<misses>16026001</misses>
				<total>36</total>
				<timestamp>4802.992668</timestamp>
			</report>
			<report>
				<misses>16027001</misses>
				<total>36</total>
				<timestamp>4803.292443</timestamp>
			</report>
			<report>
				<misses>16028001</misses>
				<total>36</total>
				<timestamp>4803.592075</timestamp>
			</report>
			<report>
				<misses>16029001</misses>
				<total>36</total>
				<timestamp>4803.891776</timestamp>
			</report>
			<report>
				<misses>16030001</misses>
				<total>36</total>
				<timestamp>4804.191504</timestamp>
			</report>
			<report>
				<misses>16031001</misses>
				<total>36</total>
				<timestamp>4804.491164</timestamp>
			</report>
			<report>
				<misses>16032001</misses>
				<total>36</total>
				<timestamp>4804.790873</timestamp>
			</report>
			<report>
				<misses>16033001</misses>
				<total>36</total>
				<timestamp>4805.090589</timestamp>
			</report>
			<report>
				<misses>16034001</misses>
				<total>36</total>
				<timestamp>4805.390363</timestamp>
			</report>
			<report>
				<misses>16035001</misses>
				<total>36</total>
				<timestamp>4805.689987</timestamp>
			</report>
			<report>
				<misses>16036001</misses>
				<total>36</total>
				<timestamp>4805.989681</timestamp>
			</report>
			<report>
				<misses>16037001</misses>
				<total>36</total>
				<timestamp>4806.289401</timestamp>
			</report>
			<report>
				<misses>16038001</misses>
				<total>36</total>
				<timestamp>4806.589083</timestamp>
			</report>
			<report>
				<misses>16039001</misses>
				<total>36</total>
				<timestamp>4806.888781</timestamp>
			</report>
			<report>
				<misses>16040001</misses>
				<total>36</total>
				<timestamp>4807.188474</timestamp>
			</report>
			<report>
				<misses>16041001</misses>
				<total>36</total>
				<timestamp>4807.488206</timestamp>
			</report>
			<report>
				<misses>16042001</misses>
				<total>36</total>
				<timestamp>4807.787873</timestamp>
			</report>
			<report>
				<misses>16043001</misses>
				<total>36</total>
				<timestamp>4808.087568</timestamp>
			</report>
			<report>
				<misses>16044001</misses>
				<total>36</total>
				<timestamp>4808.387262</timestamp>
			</report>
			<report>
				<misses>16045001</misses>
				<total>36</total>
				<timestamp>4808.687012</timestamp>
			</report>
			<report>
				<misses>16046001</misses>
				<total>36</total>
				<timestamp>4808.986674</timestamp>
			</report>
			<report>
				<misses>16047001</misses>
				<total>36</total>
				<timestamp>4809.286473</timestamp>
			</report>
			<report>
				<misses>16048001</misses>
				<total>36</total>
				<timestamp>4809.586065</timestamp>
			</report>
			<report>
				<misses>16049001</misses>
				<total>36</total>
				<timestamp>4809.885782</timestamp>
			</report>
			<report>
				<misses>16050001</misses>
				<total>36</total>
				<timestamp>4810.185503</timestamp>
			</report>
			<report>
				<misses>16051001</misses>
				<total>36</total>
				<timestamp>4810.485187</timestamp>
			</report>
			<report>
				<misses>16052001</misses>
				<total>36</total>
				<timestamp>4810.784877</timestamp>
			</report>
			<report>
				<misses>16053001</misses>
				<total>36</total>
				<timestamp>4811.084574</timestamp>
			</report>
			<report>
				<misses>16054001</misses>
				<total>36</total>
				<timestamp>4811.384327</timestamp>
			</report>
			<report>
				<misses>16055001</misses>
				<total>36</total>
				<timestamp>4811.683997</timestamp>
			</report>
			<report>
				<misses>16056001</misses>
				<total>36</total>
				<timestamp>4811.983683</timestamp>
			</report>
			<report>
				<misses>16057001</misses>
				<total>36</total>
				<timestamp>4812.283408</timestamp>
			</report>
			<report>
				<misses>16058001</misses>
				<total>36</total>
				<timestamp>4812.583136</timestamp>
			</report>
			<report>
				<misses>16059001</misses>
				<total>36</total>
				<timestamp>4812.882777</timestamp>
			</report>
			<report>
				<misses>16060001</misses>
				<total>36</total>
				<timestamp>4813.182512</timestamp>
			</report>
			<report>
				<misses>16061001</misses>
				<total>36</total>
				<timestamp>4813.482223</timestamp>
			</report>
			<report>
				<misses>16062001</misses>
				<total>36</total>
				<timestamp>4813.781921</timestamp>
			</report>
			<report>
				<misses>16063001</misses>
				<total>36</total>
				<timestamp>4814.081574</timestamp>
			</report>
			<report>
				<misses>16064001</misses>
				<total>36</total>
				<timestamp>4814.381398</timestamp>
			</report>
			<report>
				<misses>16065001</misses>
				<total>36</total>
				<timestamp>4814.680991</timestamp>
			</report>
			<report>
				<misses>16066001</misses>
				<total>36</total>
				<timestamp>4814.980685</timestamp>
			</report>
			<report>
				<misses>16067001</misses>
				<total>36</total>
				<timestamp>4815.280388</timestamp>
			</report>
			<report>
				<misses>16068001</misses>
				<total>35</total>
				<timestamp>4815.580192</timestamp>
			</report>
			<report>
				<misses>16069001</misses>
				<total>36</total>
				<timestamp>4815.879773</timestamp>
			</report>
			<report>
				<misses>16070001</misses>
				<total>36</total>
				<timestamp>4816.179551</timestamp>
			</report>
			<report>
				<misses>16071001</misses>
				<total>36</total>
				<timestamp>4816.479265</timestamp>
			</report>
			<report>
				<misses>16072001</misses>
				<total>36</total>
				<timestamp>4816.778880</timestamp>
			</report>
			<report>
				<misses>16073001</misses>
				<total>36</total>
				<timestamp>4817.078553</timestamp>
			</report>
			<report>
				<misses>16074001</misses>
				<total>36</total>
				<timestamp>4817.378319</timestamp>
			</report>
			<report>
				<misses>16075001</misses>
				<total>36</total>
				<timestamp>4817.677996</timestamp>
			</report>
			<report>
				<misses>16076001</misses>
				<total>36</total>
				<timestamp>4817.977686</timestamp>
			</report>
			<report>
				<misses>16077001</misses>
				<total>36</total>
				<timestamp>4818.277507</timestamp>
			</report>
			<report>
				<misses>16078001</misses>
				<total>36</total>
				<timestamp>4818.577077</timestamp>
			</report>
			<report>
				<misses>16079001</misses>
				<total>36</total>
				<timestamp>4818.876770</timestamp>
			</report>
			<report>
				<misses>16080001</misses>
				<total>36</total>
				<timestamp>4819.176461</timestamp>
			</report>
			<report>
				<misses>16081001</misses>
				<total>36</total>
				<timestamp>4819.476258</timestamp>
			</report>
			<report>
				<misses>16082001</misses>
				<total>36</total>
				<timestamp>4819.775932</timestamp>
			</report>
			<report>
				<misses>16083001</misses>
				<total>36</total>
				<timestamp>4820.075576</timestamp>
			</report>
			<report>
				<misses>16084001</misses>
				<total>36</total>
				<timestamp>4820.375345</timestamp>
			</report>
			<report>
				<misses>16085001</misses>
				<total>36</total>
				<timestamp>4820.674981</timestamp>
			</report>
			<report>
				<misses>16086001</misses>
				<total>36</total>
				<timestamp>4820.974748</timestamp>
			</report>
			<report>
				<misses>16087001</misses>
				<total>36</total>
				<timestamp>4821.274403</timestamp>
			</report>
			<report>
				<misses>16088001</misses>
				<total>36</total>
				<timestamp>4821.574077</timestamp>
			</report>
			<report>
				<misses>16089001</misses>
				<total>36</total>
				<timestamp>4821.873776</timestamp>
			</report>
			<report>
				<misses>16090001</misses>
				<total>36</total>
				<timestamp>4822.173527</timestamp>
			</report>
			<report>
				<misses>16091001</misses>
				<total>36</total>
				<timestamp>4822.473231</timestamp>
			</report>
			<report>
				<misses>16092001</misses>
				<total>36</total>
				<timestamp>4822.772897</timestamp>
			</report>
			<report>
				<misses>16093001</misses>
				<total>36</total>
				<timestamp>4823.072560</timestamp>
			</report>
			<report>
				<misses>16094001</misses>
				<total>36</total>
				<timestamp>4823.372304</timestamp>
			</report>
			<report>
				<misses>16095001</misses>
				<total>36</total>
				<timestamp>4823.672011</timestamp>
			</report>
			<report>
				<misses>16096001</misses>
				<total>36</total>
				<timestamp>4823.971666</timestamp>
			</report>
			<report>
				<misses>16097001</misses>
				<total>35</total>
				<timestamp>4824.271472</timestamp>
			</report>
			<report>
				<misses>16098001</misses>
				<total>36</total>
				<timestamp>4824.571119</timestamp>
			</report>
			<report>
				<misses>16099001</misses>
				<total>36</total>
				<timestamp>4824.870778</timestamp>
			</report>
			<report>
				<misses>16100001</misses>
				<total>36</total>
				<timestamp>4825.170538</timestamp>
			</report>
			<report>
				<misses>16101001</misses>
				<total>36</total>
				<timestamp>4825.470226</timestamp>
			</report>
			<report>
				<misses>16102001</misses>
				<total>36</total>
				<timestamp>4825.769864</timestamp>
			</report>
			<report>
				<misses>16103001</misses>
				<total>36</total>
				<timestamp>4826.069568</timestamp>
			</report>
			<report>
				<misses>16104001</misses>
				<total>36</total>
				<timestamp>4826.369298</timestamp>
			</report>
			<report>
				<misses>16105001</misses>
				<total>36</total>
				<timestamp>4826.668985</timestamp>
			</report>
			<report>
				<misses>16106001</misses>
				<total>36</total>
				<timestamp>4826.968674</timestamp>
			</report>
			<report>
				<misses>16107001</misses>
				<total>36</total>
				<timestamp>4827.268398</timestamp>
			</report>
			<report>
				<misses>16108001</misses>
				<total>36</total>
				<timestamp>4827.568081</timestamp>
			</report>
			<report>
				<misses>16109001</misses>
				<total>36</total>
				<timestamp>4827.867775</timestamp>
			</report>
			<report>
				<misses>16110001</misses>
				<total>36</total>
				<timestamp>4828.167474</timestamp>
			</report>
			<report>
				<misses>16111001</misses>
				<total>35</total>
				<timestamp>4828.467296</timestamp>
			</report>
			<report>
				<misses>16112001</misses>
				<total>36</total>
				<timestamp>4828.766870</timestamp>
			</report>
			<report>
				<misses>16113001</misses>
				<total>36</total>
				<timestamp>4829.066588</timestamp>
			</report>
			<report>
				<misses>16114001</misses>
				<total>36</total>
				<timestamp>4829.366291</timestamp>
			</report>
			<report>
				<misses>16115001</misses>
				<total>36</total>
				<timestamp>4829.666035</timestamp>
			</report>
			<report>
				<misses>16116001</misses>
				<total>36</total>
				<timestamp>4829.965699</timestamp>
			</report>
			<report>
				<misses>16117001</misses>
				<total>36</total>
				<timestamp>4830.265415</timestamp>
			</report>
			<report>
				<misses>16118001</misses>
				<total>36</total>
				<timestamp>4830.565075</timestamp>
			</report>
			<report>
				<misses>16119001</misses>
				<total>36</total>
				<timestamp>4830.864764</timestamp>
			</report>
			<report>
				<misses>16120001</misses>
				<total>36</total>
				<timestamp>4831.164459</timestamp>
			</report>
			<report>
				<misses>16121001</misses>
				<total>36</total>
				<timestamp>4831.464170</timestamp>
			</report>
			<report>
				<misses>16122001</misses>
				<total>36</total>
				<timestamp>4831.763876</timestamp>
			</report>
			<report>
				<misses>16123001</misses>
				<total>36</total>
				<timestamp>4832.063576</timestamp>
			</report>
			<report>
				<misses>16124001</misses>
				<total>36</total>
				<timestamp>4832.363286</timestamp>
			</report>
			<report>
				<misses>16125001</misses>
				<total>36</total>
				<timestamp>4832.662995</timestamp>
			</report>
			<report>
				<misses>16126001</misses>
				<total>36</total>
				<timestamp>4832.962670</timestamp>
			</report>
			<report>
				<misses>16127001</misses>
				<total>36</total>
				<timestamp>4833.262398</timestamp>
			</report>
			<report>
				<misses>16128001</misses>
				<total>36</total>
				<timestamp>4833.562080</timestamp>
			</report>
			<report>
				<misses>16129001</misses>
				<total>36</total>
				<timestamp>4833.861764</timestamp>
			</report>
			<report>
				<misses>16130001</misses>
				<total>36</total>
				<timestamp>4834.161506</timestamp>
			</report>
			<report>
				<misses>16131001</misses>
				<total>36</total>
				<timestamp>4834.461233</timestamp>
			</report>
			<report>
				<misses>16132001</misses>
				<total>36</total>
				<timestamp>4834.760878</timestamp>
			</report>
			<report>
				<misses>16133001</misses>
				<total>36</total>
				<timestamp>4835.060569</timestamp>
			</report>
			<report>
				<misses>16134001</misses>
				<total>36</total>
				<timestamp>4835.360307</timestamp>
			</report>
			<report>
				<misses>16135001</misses>
				<total>36</total>
				<timestamp>4835.659998</timestamp>
			</report>
			<report>
				<misses>16136001</misses>
				<total>36</total>
				<timestamp>4835.959668</timestamp>
			</report>
			<report>
				<misses>16137001</misses>
				<total>36</total>
				<timestamp>4836.259367</timestamp>
			</report>
			<report>
				<misses>16138001</misses>
				<total>36</total>
				<timestamp>4836.559141</timestamp>
			</report>
			<report>
				<misses>16139001</misses>
				<total>36</total>
				<timestamp>4836.858772</timestamp>
			</report>
			<report>
				<misses>16140001</misses>
				<total>36</total>
				<timestamp>4837.158478</timestamp>
			</report>
			<report>
				<misses>16141001</misses>
				<total>36</total>
				<timestamp>4837.458209</timestamp>
			</report>
			<report>
				<misses>16142001</misses>
				<total>36</total>
				<timestamp>4837.757873</timestamp>
			</report>
			<report>
				<misses>16143001</misses>
				<total>36</total>
				<timestamp>4838.057580</timestamp>
			</report>
			<report>
				<misses>16144001</misses>
				<total>36</total>
				<timestamp>4838.357326</timestamp>
			</report>
			<report>
				<misses>16145001</misses>
				<total>36</total>
				<timestamp>4838.656990</timestamp>
			</report>
			<report>
				<misses>16146001</misses>
				<total>35</total>
				<timestamp>4838.956781</timestamp>
			</report>
			<report>
				<misses>16147001</misses>
				<total>36</total>
				<timestamp>4839.256376</timestamp>
			</report>
			<report>
				<misses>16148001</misses>
				<total>36</total>
				<timestamp>4839.556144</timestamp>
			</report>
			<report>
				<misses>16149001</misses>
				<total>36</total>
				<timestamp>4839.855777</timestamp>
			</report>
			<report>
				<misses>16150001</misses>
				<total>36</total>
				<timestamp>4840.155472</timestamp>
			</report>
			<report>
				<misses>16151001</misses>
				<total>36</total>
				<timestamp>4840.455242</timestamp>
			</report>
			<report>
				<misses>16152001</misses>
				<total>36</total>
				<timestamp>4840.754868</timestamp>
			</report>
			<report>
				<misses>16153001</misses>
				<total>36</total>
				<timestamp>4841.054572</timestamp>
			</report>
			<report>
				<misses>16154001</misses>
				<total>36</total>
				<timestamp>4841.354299</timestamp>
			</report>
			<report>
				<misses>16155001</misses>
				<total>36</total>
				<timestamp>4841.653979</timestamp>
			</report>
			<report>
				<misses>16156001</misses>
				<total>36</total>
				<timestamp>4841.953750</timestamp>
			</report>
			<report>
				<misses>16157001</misses>
				<total>36</total>
				<timestamp>4842.253365</timestamp>
			</report>
			<report>
				<misses>16158001</misses>
				<total>36</total>
				<timestamp>4842.553063</timestamp>
			</report>
			<report>
				<misses>16159001</misses>
				<total>36</total>
				<timestamp>4842.852824</timestamp>
			</report>
			<report>
				<misses>16160001</misses>
				<total>36</total>
				<timestamp>4843.152468</timestamp>
			</report>
			<report>
				<misses>16161001</misses>
				<total>36</total>
				<timestamp>4843.452241</timestamp>
			</report>
			<report>
				<misses>16162001</misses>
				<total>36</total>
				<timestamp>4843.751920</timestamp>
			</report>
			<report>
				<misses>16163001</misses>
				<total>36</total>
				<timestamp>4844.051634</timestamp>
			</report>
			<report>
				<misses>16164001</misses>
				<total>36</total>
				<timestamp>4844.351277</timestamp>
			</report>
			<report>
				<misses>16165001</misses>
				<total>36</total>
				<timestamp>4844.650974</timestamp>
			</report>
			<report>
				<misses>16166001</misses>
				<total>36</total>
				<timestamp>4844.950687</timestamp>
			</report>
			<report>
				<misses>16167001</misses>
				<total>36</total>
				<timestamp>4845.250436</timestamp>
			</report>
			<report>
				<misses>16168001</misses>
				<total>36</total>
				<timestamp>4845.550142</timestamp>
			</report>
			<report>
				<misses>16169001</misses>
				<total>36</total>
				<timestamp>4845.849776</timestamp>
			</report>
			<report>
				<misses>16170001</misses>
				<total>36</total>
				<timestamp>4846.149464</timestamp>
			</report>
			<report>
				<misses>16171001</misses>
				<total>36</total>
				<timestamp>4846.449254</timestamp>
			</report>
			<report>
				<misses>16172001</misses>
				<total>36</total>
				<timestamp>4846.748872</timestamp>
			</report>
			<report>
				<misses>16173001</misses>
				<total>36</total>
				<timestamp>4847.048582</timestamp>
			</report>
			<report>
				<misses>16174001</misses>
				<total>36</total>
				<timestamp>4847.348305</timestamp>
			</report>
			<report>
				<misses>16175001</misses>
				<total>36</total>
				<timestamp>4847.647975</timestamp>
			</report>
			<report>
				<misses>16176001</misses>
				<total>36</total>
				<timestamp>4847.947687</timestamp>
			</report>
			<report>
				<misses>16177001</misses>
				<total>36</total>
				<timestamp>4848.247398</timestamp>
			</report>
			<report>
				<misses>16178001</misses>
				<total>36</total>
				<timestamp>4848.547072</timestamp>
			</report>
			<report>
				<misses>16179001</misses>
				<total>35</total>
				<timestamp>4848.846882</timestamp>
			</report>
			<report>
				<misses>16180001</misses>
				<total>36</total>
				<timestamp>4849.146475</timestamp>
			</report>
			<report>
				<misses>16181001</misses>
				<total>36</total>
				<timestamp>4849.446207</timestamp>
			</report>
			<report>
				<misses>16182001</misses>
				<total>36</total>
				<timestamp>4849.745894</timestamp>
			</report>
			<report>
				<misses>16183001</misses>
				<total>36</total>
				<timestamp>4850.045573</timestamp>
			</report>
			<report>
				<misses>16184001</misses>
				<total>36</total>
				<timestamp>4850.345280</timestamp>
			</report>
			<report>
				<misses>16185001</misses>
				<total>36</total>
				<timestamp>4850.644988</timestamp>
			</report>
			<report>
				<misses>16186001</misses>
				<total>36</total>
				<timestamp>4850.944762</timestamp>
			</report>
			<report>
				<misses>16187001</misses>
				<total>36</total>
				<timestamp>4851.244405</timestamp>
			</report>
			<report>
				<misses>16188001</misses>
				<total>36</total>
				<timestamp>4851.544172</timestamp>
			</report>
			<report>
				<misses>16189001</misses>
				<total>36</total>
				<timestamp>4851.843765</timestamp>
			</report>
			<report>
				<misses>16190001</misses>
				<total>36</total>
				<timestamp>4852.143478</timestamp>
			</report>
			<report>
				<misses>16191001</misses>
				<total>36</total>
				<timestamp>4852.443222</timestamp>
			</report>
			<report>
				<misses>16192001</misses>
				<total>36</total>
				<timestamp>4852.742873</timestamp>
			</report>
			<report>
				<misses>16193001</misses>
				<total>36</total>
				<timestamp>4853.042616</timestamp>
			</report>
			<report>
				<misses>16194001</misses>
				<total>36</total>
				<timestamp>4853.342299</timestamp>
			</report>
			<report>
				<misses>16195001</misses>
				<total>36</total>
				<timestamp>4853.642058</timestamp>
			</report>
			<report>
				<misses>16196001</misses>
				<total>36</total>
				<timestamp>4853.941707</timestamp>
			</report>
			<report>
				<misses>16197001</misses>
				<total>36</total>
				<timestamp>4854.241378</timestamp>
			</report>
			<report>
				<misses>16198001</misses>
				<total>36</total>
				<timestamp>4854.541146</timestamp>
			</report>
			<report>
				<misses>16199001</misses>
				<total>36</total>
				<timestamp>4854.840773</timestamp>
			</report>
			<report>
				<misses>16200001</misses>
				<total>36</total>
				<timestamp>4855.140473</timestamp>
			</report>
			<report>
				<misses>16201001</misses>
				<total>36</total>
				<timestamp>4855.440243</timestamp>
			</report>
			<report>
				<misses>16202001</misses>
				<total>36</total>
				<timestamp>4855.739875</timestamp>
			</report>
			<report>
				<misses>16203001</misses>
				<total>36</total>
				<timestamp>4856.039565</timestamp>
			</report>
			<report>
				<misses>16204001</misses>
				<total>36</total>
				<timestamp>4856.339270</timestamp>
			</report>
			<report>
				<misses>16205001</misses>
				<total>36</total>
				<timestamp>4856.639098</timestamp>
			</report>
			<report>
				<misses>16206001</misses>
				<total>36</total>
				<timestamp>4856.938673</timestamp>
			</report>
			<report>
				<misses>16207001</misses>
				<total>36</total>
				<timestamp>4857.238377</timestamp>
			</report>
			<report>
				<misses>16208001</misses>
				<total>36</total>
				<timestamp>4857.538113</timestamp>
			</report>
			<report>
				<misses>16209001</misses>
				<total>36</total>
				<timestamp>4857.837798</timestamp>
			</report>
			<report>
				<misses>16210001</misses>
				<total>36</total>
				<timestamp>4858.137480</timestamp>
			</report>
			<report>
				<misses>16211001</misses>
				<total>36</total>
				<timestamp>4858.437220</timestamp>
			</report>
			<report>
				<misses>16212001</misses>
				<total>36</total>
				<timestamp>4858.736868</timestamp>
			</report>
			<report>
				<misses>16213001</misses>
				<total>36</total>
				<timestamp>4859.036580</timestamp>
			</report>
			<report>
				<misses>16214001</misses>
				<total>36</total>
				<timestamp>4859.336357</timestamp>
			</report>
			<report>
				<misses>16215001</misses>
				<total>36</total>
				<timestamp>4859.636072</timestamp>
			</report>
			<report>
				<misses>16216001</misses>
				<total>36</total>
				<timestamp>4859.935670</timestamp>
			</report>
			<report>
				<misses>16217001</misses>
				<total>36</total>
				<timestamp>4860.235382</timestamp>
			</report>
			<report>
				<misses>16218001</misses>
				<total>36</total>
				<timestamp>4860.535079</timestamp>
			</report>
			<report>
				<misses>16219001</misses>
				<total>36</total>
				<timestamp>4860.834778</timestamp>
			</report>
			<report>
				<misses>16220001</misses>
				<total>36</total>
				<timestamp>4861.134488</timestamp>
			</report>
			<report>
				<misses>16221001</misses>
				<total>36</total>
				<timestamp>4861.434189</timestamp>
			</report>
			<report>
				<misses>16222001</misses>
				<total>36</total>
				<timestamp>4861.733875</timestamp>
			</report>
			<report>
				<misses>16223001</misses>
				<total>36</total>
				<timestamp>4862.033576</timestamp>
			</report>
			<report>
				<misses>16224001</misses>
				<total>36</total>
				<timestamp>4862.333290</timestamp>
			</report>
			<report>
				<misses>16225001</misses>
				<total>36</total>
				<timestamp>4862.633067</timestamp>
			</report>
			<report>
				<misses>16226001</misses>
				<total>36</total>
				<timestamp>4862.932661</timestamp>
			</report>
			<report>
				<misses>16227001</misses>
				<total>36</total>
				<timestamp>4863.232464</timestamp>
			</report>
			<report>
				<misses>16228001</misses>
				<total>36</total>
				<timestamp>4863.532168</timestamp>
			</report>
			<report>
				<misses>16229001</misses>
				<total>36</total>
				<timestamp>4863.831768</timestamp>
			</report>
			<report>
				<misses>16230001</misses>
				<total>36</total>
				<timestamp>4864.131486</timestamp>
			</report>
			<report>
				<misses>16231001</misses>
				<total>36</total>
				<timestamp>4864.431212</timestamp>
			</report>
			<report>
				<misses>16232001</misses>
				<total>36</total>
				<timestamp>4864.730868</timestamp>
			</report>
			<report>
				<misses>16233001</misses>
				<total>36</total>
				<timestamp>4865.030572</timestamp>
			</report>
			<report>
				<misses>16234001</misses>
				<total>36</total>
				<timestamp>4865.330286</timestamp>
			</report>
			<report>
				<misses>16235001</misses>
				<total>36</total>
				<timestamp>4865.630059</timestamp>
			</report>
			<report>
				<misses>16236001</misses>
				<total>36</total>
				<timestamp>4865.929738</timestamp>
			</report>
			<report>
				<misses>16237001</misses>
				<total>36</total>
				<timestamp>4866.229364</timestamp>
			</report>
			<report>
				<misses>16238001</misses>
				<total>36</total>
				<timestamp>4866.529163</timestamp>
			</report>
			<report>
				<misses>16239001</misses>
				<total>36</total>
				<timestamp>4866.828758</timestamp>
			</report>
			<report>
				<misses>16240001</misses>
				<total>36</total>
				<timestamp>4867.128484</timestamp>
			</report>
			<report>
				<misses>16241001</misses>
				<total>36</total>
				<timestamp>4867.428200</timestamp>
			</report>
			<report>
				<misses>16242001</misses>
				<total>36</total>
				<timestamp>4867.727877</timestamp>
			</report>
			<report>
				<misses>16243001</misses>
				<total>36</total>
				<timestamp>4868.027644</timestamp>
			</report>
			<report>
				<misses>16244001</misses>
				<total>36</total>
				<timestamp>4868.327276</timestamp>
			</report>
			<report>
				<misses>16245001</misses>
				<total>36</total>
				<timestamp>4868.627038</timestamp>
			</report>
			<report>
				<misses>16246001</misses>
				<total>36</total>
				<timestamp>4868.926714</timestamp>
			</report>
			<report>
				<misses>16247001</misses>
				<total>36</total>
				<timestamp>4869.226379</timestamp>
			</report>
			<report>
				<misses>16248001</misses>
				<total>36</total>
				<timestamp>4869.526071</timestamp>
			</report>
			<report>
				<misses>16249001</misses>
				<total>36</total>
				<timestamp>4869.825772</timestamp>
			</report>
			<report>
				<misses>16250001</misses>
				<total>36</total>
				<timestamp>4870.125476</timestamp>
			</report>
			<report>
				<misses>16251001</misses>
				<total>36</total>
				<timestamp>4870.425189</timestamp>
			</report>
			<report>
				<misses>16252001</misses>
				<total>36</total>
				<timestamp>4870.724882</timestamp>
			</report>
			<report>
				<misses>16253001</misses>
				<total>36</total>
				<timestamp>4871.024574</timestamp>
			</report>
			<report>
				<misses>16254001</misses>
				<total>36</total>
				<timestamp>4871.324262</timestamp>
			</report>
			<report>
				<misses>16255001</misses>
				<total>36</total>
				<timestamp>4871.624031</timestamp>
			</report>
			<report>
				<misses>16256001</misses>
				<total>36</total>
				<timestamp>4871.923670</timestamp>
			</report>
			<report>
				<misses>16257001</misses>
				<total>36</total>
				<timestamp>4872.223360</timestamp>
			</report>
			<report>
				<misses>16258001</misses>
				<total>36</total>
				<timestamp>4872.523116</timestamp>
			</report>
			<report>
				<misses>16259001</misses>
				<total>36</total>
				<timestamp>4872.822782</timestamp>
			</report>
			<report>
				<misses>16260001</misses>
				<total>36</total>
				<timestamp>4873.122495</timestamp>
			</report>
			<report>
				<misses>16261001</misses>
				<total>36</total>
				<timestamp>4873.422215</timestamp>
			</report>
			<report>
				<misses>16262001</misses>
				<total>36</total>
				<timestamp>4873.721895</timestamp>
			</report>
			<report>
				<misses>16263001</misses>
				<total>36</total>
				<timestamp>4874.021573</timestamp>
			</report>
			<report>
				<misses>16264001</misses>
				<total>36</total>
				<timestamp>4874.321284</timestamp>
			</report>
			<report>
				<misses>16265001</misses>
				<total>36</total>
				<timestamp>4874.621026</timestamp>
			</report>
			<report>
				<misses>16266001</misses>
				<total>36</total>
				<timestamp>4874.920669</timestamp>
			</report>
			<report>
				<misses>16267001</misses>
				<total>36</total>
				<timestamp>4875.220376</timestamp>
			</report>
			<report>
				<misses>16268001</misses>
				<total>36</total>
				<timestamp>4875.520119</timestamp>
			</report>
			<report>
				<misses>16269001</misses>
				<total>36</total>
				<timestamp>4875.819773</timestamp>
			</report>
			<report>
				<misses>16270001</misses>
				<total>36</total>
				<timestamp>4876.119469</timestamp>
			</report>
			<report>
				<misses>16271001</misses>
				<total>36</total>
				<timestamp>4876.419197</timestamp>
			</report>
			<report>
				<misses>16272001</misses>
				<total>36</total>
				<timestamp>4876.718905</timestamp>
			</report>
			<report>
				<misses>16273001</misses>
				<total>36</total>
				<timestamp>4877.018583</timestamp>
			</report>
			<report>
				<misses>16274001</misses>
				<total>36</total>
				<timestamp>4877.318298</timestamp>
			</report>
			<report>
				<misses>16275001</misses>
				<total>36</total>
				<timestamp>4877.617998</timestamp>
			</report>
			<report>
				<misses>16276001</misses>
				<total>36</total>
				<timestamp>4877.917685</timestamp>
			</report>
			<report>
				<misses>16277001</misses>
				<total>36</total>
				<timestamp>4878.217387</timestamp>
			</report>
			<report>
				<misses>16278001</misses>
				<total>36</total>
				<timestamp>4878.517138</timestamp>
			</report>
			<report>
				<misses>16279001</misses>
				<total>36</total>
				<timestamp>4878.816772</timestamp>
			</report>
			<report>
				<misses>16280001</misses>
				<total>36</total>
				<timestamp>4879.116554</timestamp>
			</report>
			<report>
				<misses>16281001</misses>
				<total>36</total>
				<timestamp>4879.416239</timestamp>
			</report>
			<report>
				<misses>16282001</misses>
				<total>36</total>
				<timestamp>4879.715967</timestamp>
			</report>
			<report>
				<misses>16283001</misses>
				<total>36</total>
				<timestamp>4880.015603</timestamp>
			</report>
			<report>
				<misses>16284001</misses>
				<total>36</total>
				<timestamp>4880.315264</timestamp>
			</report>
			<report>
				<misses>16285001</misses>
				<total>36</total>
				<timestamp>4880.614998</timestamp>
			</report>
			<report>
				<misses>16286001</misses>
				<total>36</total>
				<timestamp>4880.914750</timestamp>
			</report>
			<report>
				<misses>16287001</misses>
				<total>36</total>
				<timestamp>4881.214364</timestamp>
			</report>
			<report>
				<misses>16288001</misses>
				<total>36</total>
				<timestamp>4881.514089</timestamp>
			</report>
			<report>
				<misses>16289001</misses>
				<total>36</total>
				<timestamp>4881.813760</timestamp>
			</report>
			<report>
				<misses>16290001</misses>
				<total>36</total>
				<timestamp>4882.113475</timestamp>
			</report>
			<report>
				<misses>16291001</misses>
				<total>36</total>
				<timestamp>4882.413184</timestamp>
			</report>
			<report>
				<misses>16292001</misses>
				<total>35</total>
				<timestamp>4882.712969</timestamp>
			</report>
			<report>
				<misses>16293001</misses>
				<total>36</total>
				<timestamp>4883.012578</timestamp>
			</report>
			<report>
				<misses>16294001</misses>
				<total>36</total>
				<timestamp>4883.312281</timestamp>
			</report>
			<report>
				<misses>16295001</misses>
				<total>36</total>
				<timestamp>4883.612000</timestamp>
			</report>
			<report>
				<misses>16296001</misses>
				<total>36</total>
				<timestamp>4883.911662</timestamp>
			</report>
			<report>
				<misses>16297001</misses>
				<total>36</total>
				<timestamp>4884.211375</timestamp>
			</report>
			<report>
				<misses>16298001</misses>
				<total>35</total>
				<timestamp>4884.511167</timestamp>
			</report>
			<report>
				<misses>16299001</misses>
				<total>36</total>
				<timestamp>4884.810771</timestamp>
			</report>
			<report>
				<misses>16300001</misses>
				<total>36</total>
				<timestamp>4885.110484</timestamp>
			</report>
			<report>
				<misses>16301001</misses>
				<total>36</total>
				<timestamp>4885.410177</timestamp>
			</report>
			<report>
				<misses>16302001</misses>
				<total>36</total>
				<timestamp>4885.709926</timestamp>
			</report>
			<report>
				<misses>16303001</misses>
				<total>36</total>
				<timestamp>4886.009582</timestamp>
			</report>
			<report>
				<misses>16304001</misses>
				<total>36</total>
				<timestamp>4886.309263</timestamp>
			</report>
			<report>
				<misses>16305001</misses>
				<total>36</total>
				<timestamp>4886.608995</timestamp>
			</report>
			<report>
				<misses>16306001</misses>
				<total>36</total>
				<timestamp>4886.908692</timestamp>
			</report>
			<report>
				<misses>16307001</misses>
				<total>36</total>
				<timestamp>4887.208376</timestamp>
			</report>
			<report>
				<misses>16308001</misses>
				<total>36</total>
				<timestamp>4887.508061</timestamp>
			</report>
			<report>
				<misses>16309001</misses>
				<total>35</total>
				<timestamp>4887.807900</timestamp>
			</report>
			<report>
				<misses>16310001</misses>
				<total>36</total>
				<timestamp>4888.107472</timestamp>
			</report>
			<report>
				<misses>16311001</misses>
				<total>36</total>
				<timestamp>4888.407187</timestamp>
			</report>
			<report>
				<misses>16312001</misses>
				<total>36</total>
				<timestamp>4888.706903</timestamp>
			</report>
			<report>
				<misses>16313001</misses>
				<total>36</total>
				<timestamp>4889.006560</timestamp>
			</report>
			<report>
				<misses>16314001</misses>
				<total>36</total>
				<timestamp>4889.306265</timestamp>
			</report>
			<report>
				<misses>16315001</misses>
				<total>35</total>
				<timestamp>4889.606091</timestamp>
			</report>
			<report>
				<misses>16316001</misses>
				<total>36</total>
				<timestamp>4889.905752</timestamp>
			</report>
			<report>
				<misses>16317001</misses>
				<total>36</total>
				<timestamp>4890.205387</timestamp>
			</report>
			<report>
				<misses>16318001</misses>
				<total>36</total>
				<timestamp>4890.505083</timestamp>
			</report>
			<report>
				<misses>16319001</misses>
				<total>36</total>
				<timestamp>4890.804779</timestamp>
			</report>
			<report>
				<misses>16320001</misses>
				<total>36</total>
				<timestamp>4891.104474</timestamp>
			</report>
			<report>
				<misses>16321001</misses>
				<total>36</total>
				<timestamp>4891.404225</timestamp>
			</report>
			<report>
				<misses>16322001</misses>
				<total>36</total>
				<timestamp>4891.703896</timestamp>
			</report>
			<report>
				<misses>16323001</misses>
				<total>36</total>
				<timestamp>4892.003587</timestamp>
			</report>
			<report>
				<misses>16324001</misses>
				<total>36</total>
				<timestamp>4892.303288</timestamp>
			</report>
			<report>
				<misses>16325001</misses>
				<total>36</total>
				<timestamp>4892.602989</timestamp>
			</report>
			<report>
				<misses>16326001</misses>
				<total>36</total>
				<timestamp>4892.902678</timestamp>
			</report>
			<report>
				<misses>16327001</misses>
				<total>36</total>
				<timestamp>4893.202383</timestamp>
			</report>
			<report>
				<misses>16328001</misses>
				<total>36</total>
				<timestamp>4893.502069</timestamp>
			</report>
			<report>
				<misses>16329001</misses>
				<total>36</total>
				<timestamp>4893.801780</timestamp>
			</report>
			<report>
				<misses>16330001</misses>
				<total>36</total>
				<timestamp>4894.101527</timestamp>
			</report>
			<report>
				<misses>16331001</misses>
				<total>36</total>
				<timestamp>4894.401168</timestamp>
			</report>
			<report>
				<misses>16332001</misses>
				<total>36</total>
				<timestamp>4894.700895</timestamp>
			</report>
			<report>
				<misses>16333001</misses>
				<total>36</total>
				<timestamp>4895.000565</timestamp>
			</report>
			<report>
				<misses>16334001</misses>
				<total>36</total>
				<timestamp>4895.300279</timestamp>
			</report>
			<report>
				<misses>16335001</misses>
				<total>36</total>
				<timestamp>4895.600079</timestamp>
			</report>
			<report>
				<misses>16336001</misses>
				<total>36</total>
				<timestamp>4895.899681</timestamp>
			</report>
			<report>
				<misses>16337001</misses>
				<total>36</total>
				<timestamp>4896.199368</timestamp>
			</report>
			<report>
				<misses>16338001</misses>
				<total>36</total>
				<timestamp>4896.499138</timestamp>
			</report>
			<report>
				<misses>16339001</misses>
				<total>36</total>
				<timestamp>4896.798851</timestamp>
			</report>
			<report>
				<misses>16340001</misses>
				<total>36</total>
				<timestamp>4897.098555</timestamp>
			</report>
			<report>
				<misses>16341001</misses>
				<total>36</total>
				<timestamp>4897.398168</timestamp>
			</report>
			<report>
				<misses>16342001</misses>
				<total>36</total>
				<timestamp>4897.697944</timestamp>
			</report>
			<report>
				<misses>16343001</misses>
				<total>36</total>
				<timestamp>4897.997597</timestamp>
			</report>
			<report>
				<misses>16344001</misses>
				<total>36</total>
				<timestamp>4898.297271</timestamp>
			</report>
			<report>
				<misses>16345001</misses>
				<total>35</total>
				<timestamp>4898.597070</timestamp>
			</report>
			<report>
				<misses>16346001</misses>
				<total>36</total>
				<timestamp>4898.896680</timestamp>
			</report>
			<report>
				<misses>16347001</misses>
				<total>36</total>
				<timestamp>4899.196429</timestamp>
			</report>
			<report>
				<misses>16348001</misses>
				<total>36</total>
				<timestamp>4899.496111</timestamp>
			</report>
			<report>
				<misses>16349001</misses>
				<total>36</total>
				<timestamp>4899.795786</timestamp>
			</report>
			<report>
				<misses>16350001</misses>
				<total>36</total>
				<timestamp>4900.095470</timestamp>
			</report>
			<report>
				<misses>16351001</misses>
				<total>36</total>
				<timestamp>4900.395173</timestamp>
			</report>
			<report>
				<misses>16352001</misses>
				<total>36</total>
				<timestamp>4900.694878</timestamp>
			</report>
			<report>
				<misses>16353001</misses>
				<total>36</total>
				<timestamp>4900.994578</timestamp>
			</report>
			<report>
				<misses>16354001</misses>
				<total>36</total>
				<timestamp>4901.294272</timestamp>
			</report>
			<report>
				<misses>16355001</misses>
				<total>36</total>
				<timestamp>4901.594001</timestamp>
			</report>
			<report>
				<misses>16356001</misses>
				<total>36</total>
				<timestamp>4901.893696</timestamp>
			</report>
			<report>
				<misses>16357001</misses>
				<total>36</total>
				<timestamp>4902.193379</timestamp>
			</report>
			<report>
				<misses>16358001</misses>
				<total>36</total>
				<timestamp>4902.493090</timestamp>
			</report>
			<report>
				<misses>16359001</misses>
				<total>36</total>
				<timestamp>4902.792800</timestamp>
			</report>
			<report>
				<misses>16360001</misses>
				<total>36</total>
				<timestamp>4903.092487</timestamp>
			</report>
			<report>
				<misses>16361001</misses>
				<total>35</total>
				<timestamp>4903.392283</timestamp>
			</report>
			<report>
				<misses>16362001</misses>
				<total>36</total>
				<timestamp>4903.691973</timestamp>
			</report>
			<report>
				<misses>16363001</misses>
				<total>36</total>
				<timestamp>4903.991579</timestamp>
			</report>
			<report>
				<misses>16364001</misses>
				<total>36</total>
				<timestamp>4904.291273</timestamp>
			</report>
			<report>
				<misses>16365001</misses>
				<total>36</total>
				<timestamp>4904.590982</timestamp>
			</report>
			<report>
				<misses>16366001</misses>
				<total>36</total>
				<timestamp>4904.890707</timestamp>
			</report>
			<report>
				<misses>16367001</misses>
				<total>36</total>
				<timestamp>4905.190364</timestamp>
			</report>
			<report>
				<misses>16368001</misses>
				<total>36</total>
				<timestamp>4905.490072</timestamp>
			</report>
			<report>
				<misses>16369001</misses>
				<total>36</total>
				<timestamp>4905.789819</timestamp>
			</report>
			<report>
				<misses>16370001</misses>
				<total>36</total>
				<timestamp>4906.089492</timestamp>
			</report>
			<report>
				<misses>16371001</misses>
				<total>36</total>
				<timestamp>4906.389230</timestamp>
			</report>
			<report>
				<misses>16372001</misses>
				<total>36</total>
				<timestamp>4906.688952</timestamp>
			</report>
			<report>
				<misses>16373001</misses>
				<total>36</total>
				<timestamp>4906.988561</timestamp>
			</report>
			<report>
				<misses>16374001</misses>
				<total>36</total>
				<timestamp>4907.288291</timestamp>
			</report>
			<report>
				<misses>16375001</misses>
				<total>36</total>
				<timestamp>4907.587985</timestamp>
			</report>
			<report>
				<misses>16376001</misses>
				<total>36</total>
				<timestamp>4907.887675</timestamp>
			</report>
			<report>
				<misses>16377001</misses>
				<total>36</total>
				<timestamp>4908.187368</timestamp>
			</report>
			<report>
				<misses>16378001</misses>
				<total>36</total>
				<timestamp>4908.487078</timestamp>
			</report>
			<report>
				<misses>16379001</misses>
				<total>36</total>
				<timestamp>4908.786795</timestamp>
			</report>
			<report>
				<misses>16380001</misses>
				<total>36</total>
				<timestamp>4909.086462</timestamp>
			</report>
			<report>
				<misses>16381001</misses>
				<total>36</total>
				<timestamp>4909.386171</timestamp>
			</report>
			<report>
				<misses>16382001</misses>
				<total>36</total>
				<timestamp>4909.685936</timestamp>
			</report>
			<report>
				<misses>16383001</misses>
				<total>36</total>
				<timestamp>4909.985581</timestamp>
			</report>
			<report>
				<misses>16384001</misses>
				<total>36</total>
				<timestamp>4910.285278</timestamp>
			</report>
			<report>
				<misses>16385001</misses>
				<total>36</total>
				<timestamp>4910.584987</timestamp>
			</report>
			<report>
				<misses>16386001</misses>
				<total>36</total>
				<timestamp>4910.884681</timestamp>
			</report>
			<report>
				<misses>16387001</misses>
				<total>36</total>
				<timestamp>4911.184367</timestamp>
			</report>
			<report>
				<misses>16388001</misses>
				<total>36</total>
				<timestamp>4911.484070</timestamp>
			</report>
			<report>
				<misses>16389001</misses>
				<total>36</total>
				<timestamp>4911.783838</timestamp>
			</report>
			<report>
				<misses>16390001</misses>
				<total>36</total>
				<timestamp>4912.083459</timestamp>
			</report>
			<report>
				<misses>16391001</misses>
				<total>36</total>
				<timestamp>4912.383230</timestamp>
			</report>
			<report>
				<misses>16392001</misses>
				<total>36</total>
				<timestamp>4912.682913</timestamp>
			</report>
			<report>
				<misses>16393001</misses>
				<total>36</total>
				<timestamp>4912.982634</timestamp>
			</report>
			<report>
				<misses>16394001</misses>
				<total>36</total>
				<timestamp>4913.282273</timestamp>
			</report>
			<report>
				<misses>16395001</misses>
				<total>36</total>
				<timestamp>4913.582028</timestamp>
			</report>
			<report>
				<misses>16396001</misses>
				<total>36</total>
				<timestamp>4913.881694</timestamp>
			</report>
			<report>
				<misses>16397001</misses>
				<total>36</total>
				<timestamp>4914.181383</timestamp>
			</report>
			<report>
				<misses>16398001</misses>
				<total>36</total>
				<timestamp>4914.481072</timestamp>
			</report>
			<report>
				<misses>16399001</misses>
				<total>36</total>
				<timestamp>4914.780800</timestamp>
			</report>
			<report>
				<misses>16400001</misses>
				<total>36</total>
				<timestamp>4915.080453</timestamp>
			</report>
			<report>
				<misses>16401001</misses>
				<total>36</total>
				<timestamp>4915.380174</timestamp>
			</report>
			<report>
				<misses>16402001</misses>
				<total>36</total>
				<timestamp>4915.679898</timestamp>
			</report>
			<report>
				<misses>16403001</misses>
				<total>36</total>
				<timestamp>4915.979570</timestamp>
			</report>
			<report>
				<misses>16404001</misses>
				<total>36</total>
				<timestamp>4916.279264</timestamp>
			</report>
			<report>
				<misses>16405001</misses>
				<total>36</total>
				<timestamp>4916.578976</timestamp>
			</report>
			<report>
				<misses>16406001</misses>
				<total>36</total>
				<timestamp>4916.878747</timestamp>
			</report>
			<report>
				<misses>16407001</misses>
				<total>36</total>
				<timestamp>4917.178390</timestamp>
			</report>
			<report>
				<misses>16408001</misses>
				<total>36</total>
				<timestamp>4917.478106</timestamp>
			</report>
			<report>
				<misses>16409001</misses>
				<total>36</total>
				<timestamp>4917.777851</timestamp>
			</report>
			<report>
				<misses>16410001</misses>
				<total>36</total>
				<timestamp>4918.077467</timestamp>
			</report>
			<report>
				<misses>16411001</misses>
				<total>36</total>
				<timestamp>4918.377182</timestamp>
			</report>
			<report>
				<misses>16412001</misses>
				<total>36</total>
				<timestamp>4918.676878</timestamp>
			</report>
			<report>
				<misses>16413001</misses>
				<total>36</total>
				<timestamp>4918.976565</timestamp>
			</report>
			<report>
				<misses>16414001</misses>
				<total>36</total>
				<timestamp>4919.276268</timestamp>
			</report>
			<report>
				<misses>16415001</misses>
				<total>36</total>
				<timestamp>4919.575985</timestamp>
			</report>
			<report>
				<misses>16416001</misses>
				<total>36</total>
				<timestamp>4919.875747</timestamp>
			</report>
			<report>
				<misses>16417001</misses>
				<total>37</total>
				<timestamp>4920.175376</timestamp>
			</report>
			<report>
				<misses>16418001</misses>
				<total>37</total>
				<timestamp>4920.475126</timestamp>
			</report>
			<report>
				<misses>16419001</misses>
				<total>37</total>
				<timestamp>4920.774800</timestamp>
			</report>
			<report>
				<misses>16420001</misses>
				<total>37</total>
				<timestamp>4921.074469</timestamp>
			</report>
			<report>
				<misses>16421001</misses>
				<total>37</total>
				<timestamp>4921.374233</timestamp>
			</report>
			<report>
				<misses>16422001</misses>
				<total>37</total>
				<timestamp>4921.673904</timestamp>
			</report>
			<report>
				<misses>16423001</misses>
				<total>37</total>
				<timestamp>4921.973582</timestamp>
			</report>
			<report>
				<misses>16424001</misses>
				<total>37</total>
				<timestamp>4922.273296</timestamp>
			</report>
			<report>
				<misses>16425001</misses>
				<total>37</total>
				<timestamp>4922.572987</timestamp>
			</report>
			<report>
				<misses>16426001</misses>
				<total>38</total>
				<timestamp>4922.872712</timestamp>
			</report>
			<report>
				<misses>16427001</misses>
				<total>38</total>
				<timestamp>4923.172368</timestamp>
			</report>
			<report>
				<misses>16428001</misses>
				<total>38</total>
				<timestamp>4923.472064</timestamp>
			</report>
			<report>
				<misses>16429001</misses>
				<total>38</total>
				<timestamp>4923.771768</timestamp>
			</report>
			<report>
				<misses>16430001</misses>
				<total>38</total>
				<timestamp>4924.071474</timestamp>
			</report>
			<report>
				<misses>16431001</misses>
				<total>38</total>
				<timestamp>4924.371224</timestamp>
			</report>
			<report>
				<misses>16432001</misses>
				<total>38</total>
				<timestamp>4924.670874</timestamp>
			</report>
			<report>
				<misses>16433001</misses>
				<total>38</total>
				<timestamp>4924.970578</timestamp>
			</report>
			<report>
				<misses>16434001</misses>
				<total>38</total>
				<timestamp>4925.270263</timestamp>
			</report>
			<report>
				<misses>16435001</misses>
				<total>38</total>
				<timestamp>4925.570056</timestamp>
			</report>
			<report>
				<misses>16436001</misses>
				<total>37</total>
				<timestamp>4925.869825</timestamp>
			</report>
			<report>
				<misses>16437001</misses>
				<total>38</total>
				<timestamp>4926.169364</timestamp>
			</report>
			<report>
				<misses>16438001</misses>
				<total>38</total>
				<timestamp>4926.469093</timestamp>
			</report>
			<report>
				<misses>16439001</misses>
				<total>38</total>
				<timestamp>4926.768821</timestamp>
			</report>
			<report>
				<misses>16440001</misses>
				<total>38</total>
				<timestamp>4927.068486</timestamp>
			</report>
			<report>
				<misses>16441001</misses>
				<total>38</total>
				<timestamp>4927.368186</timestamp>
			</report>
			<report>
				<misses>16442001</misses>
				<total>38</total>
				<timestamp>4927.667938</timestamp>
			</report>
			<report>
				<misses>16443001</misses>
				<total>38</total>
				<timestamp>4927.967663</timestamp>
			</report>
			<report>
				<misses>16444001</misses>
				<total>38</total>
				<timestamp>4928.267379</timestamp>
			</report>
			<report>
				<misses>16445001</misses>
				<total>38</total>
				<timestamp>4928.566992</timestamp>
			</report>
			<report>
				<misses>16446001</misses>
				<total>38</total>
				<timestamp>4928.866721</timestamp>
			</report>
			<report>
				<misses>16447001</misses>
				<total>38</total>
				<timestamp>4929.166374</timestamp>
			</report>
			<report>
				<misses>16448001</misses>
				<total>38</total>
				<timestamp>4929.466069</timestamp>
			</report>
			<report>
				<misses>16449001</misses>
				<total>38</total>
				<timestamp>4929.765783</timestamp>
			</report>
			<report>
				<misses>16450001</misses>
				<total>38</total>
				<timestamp>4930.065466</timestamp>
			</report>
			<report>
				<misses>16451001</misses>
				<total>38</total>
				<timestamp>4930.365179</timestamp>
			</report>
			<report>
				<misses>16452001</misses>
				<total>38</total>
				<timestamp>4930.664917</timestamp>
			</report>
			<report>
				<misses>16453001</misses>
				<total>38</total>
				<timestamp>4930.964603</timestamp>
			</report>
			<report>
				<misses>16454001</misses>
				<total>38</total>
				<timestamp>4931.264262</timestamp>
			</report>
			<report>
				<misses>16455001</misses>
				<total>38</total>
				<timestamp>4931.564010</timestamp>
			</report>
			<report>
				<misses>16456001</misses>
				<total>38</total>
				<timestamp>4931.863776</timestamp>
			</report>
			<report>
				<misses>16457001</misses>
				<total>38</total>
				<timestamp>4932.163366</timestamp>
			</report>
			<report>
				<misses>16458001</misses>
				<total>37</total>
				<timestamp>4932.463171</timestamp>
			</report>
			<report>
				<misses>16459001</misses>
				<total>38</total>
				<timestamp>4932.762791</timestamp>
			</report>
			<report>
				<misses>16460001</misses>
				<total>38</total>
				<timestamp>4933.062485</timestamp>
			</report>
			<report>
				<misses>16461001</misses>
				<total>38</total>
				<timestamp>4933.362175</timestamp>
			</report>
			<report>
				<misses>16462001</misses>
				<total>38</total>
				<timestamp>4933.661864</timestamp>
			</report>
			<report>
				<misses>16463001</misses>
				<total>38</total>
				<timestamp>4933.961602</timestamp>
			</report>
			<report>
				<misses>16464001</misses>
				<total>38</total>
				<timestamp>4934.261331</timestamp>
			</report>
			<report>
				<misses>16465001</misses>
				<total>38</total>
				<timestamp>4934.560997</timestamp>
			</report>
			<report>
				<misses>16466001</misses>
				<total>38</total>
				<timestamp>4934.860729</timestamp>
			</report>
			<report>
				<misses>16467001</misses>
				<total>38</total>
				<timestamp>4935.160380</timestamp>
			</report>
			<report>
				<misses>16468001</misses>
				<total>38</total>
				<timestamp>4935.460091</timestamp>
			</report>
			<report>
				<misses>16469001</misses>
				<total>38</total>
				<timestamp>4935.759778</timestamp>
			</report>
			<report>
				<misses>16470001</misses>
				<total>38</total>
				<timestamp>4936.059494</timestamp>
			</report>
			<report>
				<misses>16471001</misses>
				<total>38</total>
				<timestamp>4936.359181</timestamp>
			</report>
			<report>
				<misses>16472001</misses>
				<total>38</total>
				<timestamp>4936.658869</timestamp>
			</report>
			<report>
				<misses>16473001</misses>
				<total>38</total>
				<timestamp>4936.958669</timestamp>
			</report>
			<report>
				<misses>16474001</misses>
				<total>38</total>
				<timestamp>4937.258287</timestamp>
			</report>
			<report>
				<misses>16475001</misses>
				<total>38</total>
				<timestamp>4937.558004</timestamp>
			</report>
			<report>
				<misses>16476001</misses>
				<total>38</total>
				<timestamp>4937.857748</timestamp>
			</report>
			<report>
				<misses>16477001</misses>
				<total>38</total>
				<timestamp>4938.157381</timestamp>
			</report>
			<report>
				<misses>16478001</misses>
				<total>38</total>
				<timestamp>4938.457129</timestamp>
			</report>
			<report>
				<misses>16479001</misses>
				<total>38</total>
				<timestamp>4938.756767</timestamp>
			</report>
			<report>
				<misses>16480001</misses>
				<total>37</total>
				<timestamp>4939.056602</timestamp>
			</report>
			<report>
				<misses>16481001</misses>
				<total>38</total>
				<timestamp>4939.356175</timestamp>
			</report>
			<report>
				<misses>16482001</misses>
				<total>38</total>
				<timestamp>4939.655877</timestamp>
			</report>
			<report>
				<misses>16483001</misses>
				<total>38</total>
				<timestamp>4939.955641</timestamp>
			</report>
			<report>
				<misses>16484001</misses>
				<total>38</total>
				<timestamp>4940.255261</timestamp>
			</report>
			<report>
				<misses>16485001</misses>
				<total>37</total>
				<timestamp>4940.555075</timestamp>
			</report>
			<report>
				<misses>16486001</misses>
				<total>38</total>
				<timestamp>4940.854684</timestamp>
			</report>
			<report>
				<misses>16487001</misses>
				<total>38</total>
				<timestamp>4941.154377</timestamp>
			</report>
			<report>
				<misses>16488001</misses>
				<total>38</total>
				<timestamp>4941.454081</timestamp>
			</report>
			<report>
				<misses>16489001</misses>
				<total>38</total>
				<timestamp>4941.753797</timestamp>
			</report>
			<report>
				<misses>16490001</misses>
				<total>38</total>
				<timestamp>4942.053497</timestamp>
			</report>
			<report>
				<misses>16491001</misses>
				<total>38</total>
				<timestamp>4942.353243</timestamp>
			</report>
			<report>
				<misses>16492001</misses>
				<total>38</total>
				<timestamp>4942.652878</timestamp>
			</report>
			<report>
				<misses>16493001</misses>
				<total>38</total>
				<timestamp>4942.952592</timestamp>
			</report>
			<report>
				<misses>16494001</misses>
				<total>38</total>
				<timestamp>4943.252346</timestamp>
			</report>
			<report>
				<misses>16495001</misses>
				<total>38</total>
				<timestamp>4943.551995</timestamp>
			</report>
			<report>
				<misses>16496001</misses>
				<total>38</total>
				<timestamp>4943.851684</timestamp>
			</report>
			<report>
				<misses>16497001</misses>
				<total>38</total>
				<timestamp>4944.151364</timestamp>
			</report>
			<report>
				<misses>16498001</misses>
				<total>38</total>
				<timestamp>4944.451072</timestamp>
			</report>
			<report>
				<misses>16499001</misses>
				<total>38</total>
				<timestamp>4944.750832</timestamp>
			</report>
			<report>
				<misses>16500001</misses>
				<total>38</total>
				<timestamp>4945.050496</timestamp>
			</report>
			<report>
				<misses>16501001</misses>
				<total>38</total>
				<timestamp>4945.350191</timestamp>
			</report>
			<report>
				<misses>16502001</misses>
				<total>38</total>
				<timestamp>4945.649929</timestamp>
			</report>
			<report>
				<misses>16503001</misses>
				<total>38</total>
				<timestamp>4945.949587</timestamp>
			</report>
			<report>
				<misses>16504001</misses>
				<total>38</total>
				<timestamp>4946.249277</timestamp>
			</report>
			<report>
				<misses>16505001</misses>
				<total>38</total>
				<timestamp>4946.548989</timestamp>
			</report>
			<report>
				<misses>16506001</misses>
				<total>38</total>
				<timestamp>4946.848686</timestamp>
			</report>
			<report>
				<misses>16507001</misses>
				<total>38</total>
				<timestamp>4947.148390</timestamp>
			</report>
			<report>
				<misses>16508001</misses>
				<total>38</total>
				<timestamp>4947.448081</timestamp>
			</report>
			<report>
				<misses>16509001</misses>
				<total>38</total>
				<timestamp>4947.747773</timestamp>
			</report>
			<report>
				<misses>16510001</misses>
				<total>38</total>
				<timestamp>4948.047542</timestamp>
			</report>
			<report>
				<misses>16511001</misses>
				<total>38</total>
				<timestamp>4948.347193</timestamp>
			</report>
			<report>
				<misses>16512001</misses>
				<total>38</total>
				<timestamp>4948.646899</timestamp>
			</report>
			<report>
				<misses>16513001</misses>
				<total>38</total>
				<timestamp>4948.946641</timestamp>
			</report>
			<report>
				<misses>16514001</misses>
				<total>38</total>
				<timestamp>4949.246278</timestamp>
			</report>
			<report>
				<misses>16515001</misses>
				<total>38</total>
				<timestamp>4949.545998</timestamp>
			</report>
			<report>
				<misses>16516001</misses>
				<total>38</total>
				<timestamp>4949.845723</timestamp>
			</report>
			<report>
				<misses>16517001</misses>
				<total>38</total>
				<timestamp>4950.145394</timestamp>
			</report>
			<report>
				<misses>16518001</misses>
				<total>38</total>
				<timestamp>4950.445073</timestamp>
			</report>
			<report>
				<misses>16519001</misses>
				<total>38</total>
				<timestamp>4950.744786</timestamp>
			</report>
			<report>
				<misses>16520001</misses>
				<total>38</total>
				<timestamp>4951.044503</timestamp>
			</report>
			<report>
				<misses>16521001</misses>
				<total>38</total>
				<timestamp>4951.344176</timestamp>
			</report>
			<report>
				<misses>16522001</misses>
				<total>38</total>
				<timestamp>4951.643882</timestamp>
			</report>
			<report>
				<misses>16523001</misses>
				<total>37</total>
				<timestamp>4951.943673</timestamp>
			</report>
			<report>
				<misses>16524001</misses>
				<total>38</total>
				<timestamp>4952.243306</timestamp>
			</report>
			<report>
				<misses>16525001</misses>
				<total>38</total>
				<timestamp>4952.542988</timestamp>
			</report>
			<report>
				<misses>16526001</misses>
				<total>38</total>
				<timestamp>4952.842667</timestamp>
			</report>
			<report>
				<misses>16527001</misses>
				<total>38</total>
				<timestamp>4953.142363</timestamp>
			</report>
			<report>
				<misses>16528001</misses>
				<total>38</total>
				<timestamp>4953.442085</timestamp>
			</report>
			<report>
				<misses>16529001</misses>
				<total>38</total>
				<timestamp>4953.741772</timestamp>
			</report>
			<report>
				<misses>16530001</misses>
				<total>38</total>
				<timestamp>4954.041509</timestamp>
			</report>
			<report>
				<misses>16531001</misses>
				<total>38</total>
				<timestamp>4954.341177</timestamp>
			</report>
			<report>
				<misses>16532001</misses>
				<total>38</total>
				<timestamp>4954.640928</timestamp>
			</report>
			<report>
				<misses>16533001</misses>
				<total>38</total>
				<timestamp>4954.940590</timestamp>
			</report>
			<report>
				<misses>16534001</misses>
				<total>38</total>
				<timestamp>4955.240285</timestamp>
			</report>
			<report>
				<misses>16535001</misses>
				<total>38</total>
				<timestamp>4955.540018</timestamp>
			</report>
			<report>
				<misses>16536001</misses>
				<total>38</total>
				<timestamp>4955.839663</timestamp>
			</report>
			<report>
				<misses>16537001</misses>
				<total>38</total>
				<timestamp>4956.139394</timestamp>
			</report>
			<report>
				<misses>16538001</misses>
				<total>38</total>
				<timestamp>4956.439153</timestamp>
			</report>
			<report>
				<misses>16539001</misses>
				<total>38</total>
				<timestamp>4956.738803</timestamp>
			</report>
			<report>
				<misses>16540001</misses>
				<total>38</total>
				<timestamp>4957.038587</timestamp>
			</report>
			<report>
				<misses>16541001</misses>
				<total>38</total>
				<timestamp>4957.338188</timestamp>
			</report>
			<report>
				<misses>16542001</misses>
				<total>38</total>
				<timestamp>4957.637931</timestamp>
			</report>
			<report>
				<misses>16543001</misses>
				<total>38</total>
				<timestamp>4957.937664</timestamp>
			</report>
			<report>
				<misses>16544001</misses>
				<total>38</total>
				<timestamp>4958.237262</timestamp>
			</report>
			<report>
				<misses>16545001</misses>
				<total>38</total>
				<timestamp>4958.536973</timestamp>
			</report>
			<report>
				<misses>16546001</misses>
				<total>38</total>
				<timestamp>4958.836736</timestamp>
			</report>
			<report>
				<misses>16547001</misses>
				<total>38</total>
				<timestamp>4959.136411</timestamp>
			</report>
			<report>
				<misses>16548001</misses>
				<total>38</total>
				<timestamp>4959.436102</timestamp>
			</report>
			<report>
				<misses>16549001</misses>
				<total>37</total>
				<timestamp>4959.735867</timestamp>
			</report>
			<report>
				<misses>16550001</misses>
				<total>38</total>
				<timestamp>4960.035576</timestamp>
			</report>
			<report>
				<misses>16551001</misses>
				<total>38</total>
				<timestamp>4960.335192</timestamp>
			</report>
			<report>
				<misses>16552001</misses>
				<total>37</total>
				<timestamp>4960.634992</timestamp>
			</report>
			<report>
				<misses>16553001</misses>
				<total>38</total>
				<timestamp>4960.934601</timestamp>
			</report>
			<report>
				<misses>16554001</misses>
				<total>38</total>
				<timestamp>4961.234269</timestamp>
			</report>
			<report>
				<misses>16555001</misses>
				<total>38</total>
				<timestamp>4961.534007</timestamp>
			</report>
			<report>
				<misses>16556001</misses>
				<total>38</total>
				<timestamp>4961.833750</timestamp>
			</report>
			<report>
				<misses>16557001</misses>
				<total>38</total>
				<timestamp>4962.133428</timestamp>
			</report>
			<report>
				<misses>16558001</misses>
				<total>38</total>
				<timestamp>4962.433079</timestamp>
			</report>
			<report>
				<misses>16559001</misses>
				<total>38</total>
				<timestamp>4962.732775</timestamp>
			</report>
			<report>
				<misses>16560001</misses>
				<total>38</total>
				<timestamp>4963.032561</timestamp>
			</report>
			<report>
				<misses>16561001</misses>
				<total>38</total>
				<timestamp>4963.332172</timestamp>
			</report>
			<report>
				<misses>16562001</misses>
				<total>38</total>
				<timestamp>4963.631893</timestamp>
			</report>
			<report>
				<misses>16563001</misses>
				<total>38</total>
				<timestamp>4963.931582</timestamp>
			</report>
			<report>
				<misses>16564001</misses>
				<total>38</total>
				<timestamp>4964.231294</timestamp>
			</report>
			<report>
				<misses>16565001</misses>
				<total>38</total>
				<timestamp>4964.530989</timestamp>
			</report>
			<report>
				<misses>16566001</misses>
				<total>38</total>
				<timestamp>4964.830731</timestamp>
			</report>
			<report>
				<misses>16567001</misses>
				<total>38</total>
				<timestamp>4965.130430</timestamp>
			</report>
			<report>
				<misses>16568001</misses>
				<total>38</total>
				<timestamp>4965.430111</timestamp>
			</report>
			<report>
				<misses>16569001</misses>
				<total>38</total>
				<timestamp>4965.729784</timestamp>
			</report>
			<report>
				<misses>16570001</misses>
				<total>38</total>
				<timestamp>4966.029491</timestamp>
			</report>
			<report>
				<misses>16571001</misses>
				<total>38</total>
				<timestamp>4966.329182</timestamp>
			</report>
			<report>
				<misses>16572001</misses>
				<total>38</total>
				<timestamp>4966.628873</timestamp>
			</report>
			<report>
				<misses>16573001</misses>
				<total>38</total>
				<timestamp>4966.928608</timestamp>
			</report>
			<report>
				<misses>16574001</misses>
				<total>38</total>
				<timestamp>4967.228271</timestamp>
			</report>
			<report>
				<misses>16575001</misses>
				<total>38</total>
				<timestamp>4967.528046</timestamp>
			</report>
			<report>
				<misses>16576001</misses>
				<total>38</total>
				<timestamp>4967.827688</timestamp>
			</report>
			<report>
				<misses>16577001</misses>
				<total>38</total>
				<timestamp>4968.127437</timestamp>
			</report>
			<report>
				<misses>16578001</misses>
				<total>38</total>
				<timestamp>4968.427055</timestamp>
			</report>
			<report>
				<misses>16579001</misses>
				<total>38</total>
				<timestamp>4968.726830</timestamp>
			</report>
			<report>
				<misses>16580001</misses>
				<total>38</total>
				<timestamp>4969.026491</timestamp>
			</report>
			<report>
				<misses>16581001</misses>
				<total>38</total>
				<timestamp>4969.326170</timestamp>
			</report>
			<report>
				<misses>16582001</misses>
				<total>38</total>
				<timestamp>4969.625869</timestamp>
			</report>
			<report>
				<misses>16583001</misses>
				<total>38</total>
				<timestamp>4969.925654</timestamp>
			</report>
			<report>
				<misses>16584001</misses>
				<total>38</total>
				<timestamp>4970.225281</timestamp>
			</report>
			<report>
				<misses>16585001</misses>
				<total>38</total>
				<timestamp>4970.525010</timestamp>
			</report>
			<report>
				<misses>16586001</misses>
				<total>38</total>
				<timestamp>4970.824672</timestamp>
			</report>
			<report>
				<misses>16587001</misses>
				<total>38</total>
				<timestamp>4971.124377</timestamp>
			</report>
			<report>
				<misses>16588001</misses>
				<total>38</total>
				<timestamp>4971.424058</timestamp>
			</report>
			<report>
				<misses>16589001</misses>
				<total>38</total>
				<timestamp>4971.723778</timestamp>
			</report>
			<report>
				<misses>16590001</misses>
				<total>38</total>
				<timestamp>4972.023483</timestamp>
			</report>
			<report>
				<misses>16591001</misses>
				<total>38</total>
				<timestamp>4972.323188</timestamp>
			</report>
			<report>
				<misses>16592001</misses>
				<total>38</total>
				<timestamp>4972.622869</timestamp>
			</report>
			<report>
				<misses>16593001</misses>
				<total>38</total>
				<timestamp>4972.922574</timestamp>
			</report>
			<report>
				<misses>16594001</misses>
				<total>38</total>
				<timestamp>4973.222289</timestamp>
			</report>
			<report>
				<misses>16595001</misses>
				<total>38</total>
				<timestamp>4973.521989</timestamp>
			</report>
			<report>
				<misses>16596001</misses>
				<total>38</total>
				<timestamp>4973.821673</timestamp>
			</report>
			<report>
				<misses>16597001</misses>
				<total>38</total>
				<timestamp>4974.121397</timestamp>
			</report>
			<report>
				<misses>16598001</misses>
				<total>38</total>
				<timestamp>4974.421071</timestamp>
			</report>
			<report>
				<misses>16599001</misses>
				<total>38</total>
				<timestamp>4974.720789</timestamp>
			</report>
			<report>
				<misses>16600001</misses>
				<total>38</total>
				<timestamp>4975.020495</timestamp>
			</report>
			<report>
				<misses>16601001</misses>
				<total>38</total>
				<timestamp>4975.320179</timestamp>
			</report>
			<report>
				<misses>16602001</misses>
				<total>38</total>
				<timestamp>4975.619883</timestamp>
			</report>
			<report>
				<misses>16603001</misses>
				<total>38</total>
				<timestamp>4975.919570</timestamp>
			</report>
			<report>
				<misses>16604001</misses>
				<total>38</total>
				<timestamp>4976.219365</timestamp>
			</report>
			<report>
				<misses>16605001</misses>
				<total>38</total>
				<timestamp>4976.518983</timestamp>
			</report>
			<report>
				<misses>16606001</misses>
				<total>37</total>
				<timestamp>4976.818797</timestamp>
			</report>
			<report>
				<misses>16607001</misses>
				<total>38</total>
				<timestamp>4977.118380</timestamp>
			</report>
			<report>
				<misses>16608001</misses>
				<total>38</total>
				<timestamp>4977.418062</timestamp>
			</report>
			<report>
				<misses>16609001</misses>
				<total>38</total>
				<timestamp>4977.717816</timestamp>
			</report>
			<report>
				<misses>16610001</misses>
				<total>38</total>
				<timestamp>4978.017485</timestamp>
			</report>
			<report>
				<misses>16611001</misses>
				<total>38</total>
				<timestamp>4978.317183</timestamp>
			</report>
			<report>
				<misses>16612001</misses>
				<total>38</total>
				<timestamp>4978.616869</timestamp>
			</report>
			<report>
				<misses>16613001</misses>
				<total>38</total>
				<timestamp>4978.916572</timestamp>
			</report>
			<report>
				<misses>16614001</misses>
				<total>38</total>
				<timestamp>4979.216305</timestamp>
			</report>
			<report>
				<misses>16615001</misses>
				<total>38</total>
				<timestamp>4979.515998</timestamp>
			</report>
			<report>
				<misses>16616001</misses>
				<total>38</total>
				<timestamp>4979.815669</timestamp>
			</report>
			<report>
				<misses>16617001</misses>
				<total>38</total>
				<timestamp>4980.115405</timestamp>
			</report>
			<report>
				<misses>16618001</misses>
				<total>38</total>
				<timestamp>4980.415090</timestamp>
			</report>
			<report>
				<misses>16619001</misses>
				<total>38</total>
				<timestamp>4980.714847</timestamp>
			</report>
			<report>
				<misses>16620001</misses>
				<total>38</total>
				<timestamp>4981.014466</timestamp>
			</report>
			<report>
				<misses>16621001</misses>
				<total>38</total>
				<timestamp>4981.314199</timestamp>
			</report>
			<report>
				<misses>16622001</misses>
				<total>38</total>
				<timestamp>4981.613897</timestamp>
			</report>
			<report>
				<misses>16623001</misses>
				<total>38</total>
				<timestamp>4981.913620</timestamp>
			</report>
			<report>
				<misses>16624001</misses>
				<total>38</total>
				<timestamp>4982.213320</timestamp>
			</report>
			<report>
				<misses>16625001</misses>
				<total>38</total>
				<timestamp>4982.512980</timestamp>
			</report>
			<report>
				<misses>16626001</misses>
				<total>38</total>
				<timestamp>4982.812683</timestamp>
			</report>
			<report>
				<misses>16627001</misses>
				<total>38</total>
				<timestamp>4983.112454</timestamp>
			</report>
			<report>
				<misses>16628001</misses>
				<total>38</total>
				<timestamp>4983.412063</timestamp>
			</report>
			<report>
				<misses>16629001</misses>
				<total>38</total>
				<timestamp>4983.711791</timestamp>
			</report>
			<report>
				<misses>16630001</misses>
				<total>38</total>
				<timestamp>4984.011503</timestamp>
			</report>
			<report>
				<misses>16631001</misses>
				<total>38</total>
				<timestamp>4984.311174</timestamp>
			</report>
			<report>
				<misses>16632001</misses>
				<total>38</total>
				<timestamp>4984.610905</timestamp>
			</report>
			<report>
				<misses>16633001</misses>
				<total>38</total>
				<timestamp>4984.910603</timestamp>
			</report>
			<report>
				<misses>16634001</misses>
				<total>38</total>
				<timestamp>4985.210310</timestamp>
			</report>
			<report>
				<misses>16635001</misses>
				<total>38</total>
				<timestamp>4985.509983</timestamp>
			</report>
			<report>
				<misses>16636001</misses>
				<total>38</total>
				<timestamp>4985.809752</timestamp>
			</report>
			<report>
				<misses>16637001</misses>
				<total>38</total>
				<timestamp>4986.109439</timestamp>
			</report>
			<report>
				<misses>16638001</misses>
				<total>38</total>
				<timestamp>4986.409092</timestamp>
			</report>
			<report>
				<misses>16639001</misses>
				<total>38</total>
				<timestamp>4986.708791</timestamp>
			</report>
			<report>
				<misses>16640001</misses>
				<total>38</total>
				<timestamp>4987.008471</timestamp>
			</report>
			<report>
				<misses>16641001</misses>
				<total>38</total>
				<timestamp>4987.308196</timestamp>
			</report>
			<report>
				<misses>16642001</misses>
				<total>38</total>
				<timestamp>4987.607884</timestamp>
			</report>
			<report>
				<misses>16643001</misses>
				<total>38</total>
				<timestamp>4987.907567</timestamp>
			</report>
			<report>
				<misses>16644001</misses>
				<total>38</total>
				<timestamp>4988.207375</timestamp>
			</report>
			<report>
				<misses>16645001</misses>
				<total>38</total>
				<timestamp>4988.506992</timestamp>
			</report>
			<report>
				<misses>16646001</misses>
				<total>38</total>
				<timestamp>4988.806745</timestamp>
			</report>
			<report>
				<misses>16647001</misses>
				<total>38</total>
				<timestamp>4989.106434</timestamp>
			</report>
			<report>
				<misses>16648001</misses>
				<total>38</total>
				<timestamp>4989.406064</timestamp>
			</report>
			<report>
				<misses>16649001</misses>
				<total>38</total>
				<timestamp>4989.705856</timestamp>
			</report>
			<report>
				<misses>16650001</misses>
				<total>38</total>
				<timestamp>4990.005480</timestamp>
			</report>
			<report>
				<misses>16651001</misses>
				<total>38</total>
				<timestamp>4990.305200</timestamp>
			</report>
			<report>
				<misses>16652001</misses>
				<total>38</total>
				<timestamp>4990.604865</timestamp>
			</report>
			<report>
				<misses>16653001</misses>
				<total>38</total>
				<timestamp>4990.904596</timestamp>
			</report>
			<report>
				<misses>16654001</misses>
				<total>38</total>
				<timestamp>4991.204262</timestamp>
			</report>
			<report>
				<misses>16655001</misses>
				<total>38</total>
				<timestamp>4991.503970</timestamp>
			</report>
			<report>
				<misses>16656001</misses>
				<total>38</total>
				<timestamp>4991.803680</timestamp>
			</report>
			<report>
				<misses>16657001</misses>
				<total>38</total>
				<timestamp>4992.103444</timestamp>
			</report>
			<report>
				<misses>16658001</misses>
				<total>38</total>
				<timestamp>4992.403062</timestamp>
			</report>
			<report>
				<misses>16659001</misses>
				<total>38</total>
				<timestamp>4992.702821</timestamp>
			</report>
			<report>
				<misses>16660001</misses>
				<total>38</total>
				<timestamp>4993.002477</timestamp>
			</report>
			<report>
				<misses>16661001</misses>
				<total>38</total>
				<timestamp>4993.302190</timestamp>
			</report>
			<report>
				<misses>16662001</misses>
				<total>38</total>
				<timestamp>4993.601869</timestamp>
			</report>
			<report>
				<misses>16663001</misses>
				<total>38</total>
				<timestamp>4993.901570</timestamp>
			</report>
			<report>
				<misses>16664001</misses>
				<total>38</total>
				<timestamp>4994.201272</timestamp>
			</report>
			<report>
				<misses>16665001</misses>
				<total>38</total>
				<timestamp>4994.500978</timestamp>
			</report>
			<report>
				<misses>16666001</misses>
				<total>38</total>
				<timestamp>4994.800704</timestamp>
			</report>
			<report>
				<misses>16667001</misses>
				<total>37</total>
				<timestamp>4995.100459</timestamp>
			</report>
			<report>
				<misses>16668001</misses>
				<total>38</total>
				<timestamp>4995.400073</timestamp>
			</report>
			<report>
				<misses>16669001</misses>
				<total>38</total>
				<timestamp>4995.699775</timestamp>
			</report>
			<report>
				<misses>16670001</misses>
				<total>38</total>
				<timestamp>4995.999475</timestamp>
			</report>
			<report>
				<misses>16671001</misses>
				<total>38</total>
				<timestamp>4996.299221</timestamp>
			</report>
			<report>
				<misses>16672001</misses>
				<total>38</total>
				<timestamp>4996.598886</timestamp>
			</report>
			<report>
				<misses>16673001</misses>
				<total>38</total>
				<timestamp>4996.898565</timestamp>
			</report>
			<report>
				<misses>16674001</misses>
				<total>38</total>
				<timestamp>4997.198280</timestamp>
			</report>
			<report>
				<misses>16675001</misses>
				<total>38</total>
				<timestamp>4997.497992</timestamp>
			</report>
			<report>
				<misses>16676001</misses>
				<total>38</total>
				<timestamp>4997.797731</timestamp>
			</report>
			<report>
				<misses>16677001</misses>
				<total>38</total>
				<timestamp>4998.097378</timestamp>
			</report>
			<report>
				<misses>16678001</misses>
				<total>38</total>
				<timestamp>4998.397077</timestamp>
			</report>
			<report>
				<misses>16679001</misses>
				<total>38</total>
				<timestamp>4998.696786</timestamp>
			</report>
			<report>
				<misses>16680001</misses>
				<total>38</total>
				<timestamp>4998.996519</timestamp>
			</report>
			<report>
				<misses>16681001</misses>
				<total>38</total>
				<timestamp>4999.296224</timestamp>
			</report>
			<report>
				<misses>16682001</misses>
				<total>38</total>
				<timestamp>4999.595874</timestamp>
			</report>
			<report>
				<misses>16683001</misses>
				<total>38</total>
				<timestamp>4999.895635</timestamp>
			</report>
			<report>
				<misses>16684001</misses>
				<total>38</total>
				<timestamp>5000.195280</timestamp>
			</report>
			<report>
				<misses>16685001</misses>
				<total>38</total>
				<timestamp>5000.494999</timestamp>
			</report>
			<report>
				<misses>16686001</misses>
				<total>38</total>
				<timestamp>5000.794671</timestamp>
			</report>
			<report>
				<misses>16687001</misses>
				<total>38</total>
				<timestamp>5001.094369</timestamp>
			</report>
			<report>
				<misses>16688001</misses>
				<total>38</total>
				<timestamp>5001.394080</timestamp>
			</report>
			<report>
				<misses>16689001</misses>
				<total>38</total>
				<timestamp>5001.693769</timestamp>
			</report>
			<report>
				<misses>16690001</misses>
				<total>38</total>
				<timestamp>5001.993548</timestamp>
			</report>
			<report>
				<misses>16691001</misses>
				<total>38</total>
				<timestamp>5002.293210</timestamp>
			</report>
			<report>
				<misses>16692001</misses>
				<total>38</total>
				<timestamp>5002.592871</timestamp>
			</report>
			<report>
				<misses>16693001</misses>
				<total>38</total>
				<timestamp>5002.892579</timestamp>
			</report>
			<report>
				<misses>16694001</misses>
				<total>38</total>
				<timestamp>5003.192353</timestamp>
			</report>
			<report>
				<misses>16695001</misses>
				<total>38</total>
				<timestamp>5003.491993</timestamp>
			</report>
			<report>
				<misses>16696001</misses>
				<total>38</total>
				<timestamp>5003.791747</timestamp>
			</report>
			<report>
				<misses>16697001</misses>
				<total>38</total>
				<timestamp>5004.091441</timestamp>
			</report>
			<report>
				<misses>16698001</misses>
				<total>38</total>
				<timestamp>5004.391092</timestamp>
			</report>
			<report>
				<misses>16699001</misses>
				<total>38</total>
				<timestamp>5004.690780</timestamp>
			</report>
			<report>
				<misses>16700001</misses>
				<total>38</total>
				<timestamp>5004.990465</timestamp>
			</report>
			<report>
				<misses>16701001</misses>
				<total>38</total>
				<timestamp>5005.290203</timestamp>
			</report>
			<report>
				<misses>16702001</misses>
				<total>38</total>
				<timestamp>5005.589922</timestamp>
			</report>
			<report>
				<misses>16703001</misses>
				<total>38</total>
				<timestamp>5005.889567</timestamp>
			</report>
			<report>
				<misses>16704001</misses>
				<total>38</total>
				<timestamp>5006.189307</timestamp>
			</report>
			<report>
				<misses>16705001</misses>
				<total>38</total>
				<timestamp>5006.488993</timestamp>
			</report>
			<report>
				<misses>16706001</misses>
				<total>38</total>
				<timestamp>5006.788673</timestamp>
			</report>
			<report>
				<misses>16707001</misses>
				<total>38</total>
				<timestamp>5007.088373</timestamp>
			</report>
			<report>
				<misses>16708001</misses>
				<total>38</total>
				<timestamp>5007.388080</timestamp>
			</report>
			<report>
				<misses>16709001</misses>
				<total>38</total>
				<timestamp>5007.687854</timestamp>
			</report>
			<report>
				<misses>16710001</misses>
				<total>38</total>
				<timestamp>5007.987528</timestamp>
			</report>
			<report>
				<misses>16711001</misses>
				<total>38</total>
				<timestamp>5008.287203</timestamp>
			</report>
			<report>
				<misses>16712001</misses>
				<total>38</total>
				<timestamp>5008.586901</timestamp>
			</report>
			<report>
				<misses>16713001</misses>
				<total>38</total>
				<timestamp>5008.886568</timestamp>
			</report>
			<report>
				<misses>16714001</misses>
				<total>38</total>
				<timestamp>5009.186278</timestamp>
			</report>
			<report>
				<misses>16715001</misses>
				<total>38</total>
				<timestamp>5009.485989</timestamp>
			</report>
			<report>
				<misses>16716001</misses>
				<total>38</total>
				<timestamp>5009.785711</timestamp>
			</report>
			<report>
				<misses>16717001</misses>
				<total>38</total>
				<timestamp>5010.085415</timestamp>
			</report>
			<report>
				<misses>16718001</misses>
				<total>38</total>
				<timestamp>5010.385119</timestamp>
			</report>
			<report>
				<misses>16719001</misses>
				<total>37</total>
				<timestamp>5010.684881</timestamp>
			</report>
			<report>
				<misses>16720001</misses>
				<total>38</total>
				<timestamp>5010.984504</timestamp>
			</report>
			<report>
				<misses>16721001</misses>
				<total>38</total>
				<timestamp>5011.284222</timestamp>
			</report>
			<report>
				<misses>16722001</misses>
				<total>38</total>
				<timestamp>5011.583868</timestamp>
			</report>
			<report>
				<misses>16723001</misses>
				<total>38</total>
				<timestamp>5011.883556</timestamp>
			</report>
			<report>
				<misses>16724001</misses>
				<total>38</total>
				<timestamp>5012.183270</timestamp>
			</report>
			<report>
				<misses>16725001</misses>
				<total>38</total>
				<timestamp>5012.483023</timestamp>
			</report>
			<report>
				<misses>16726001</misses>
				<total>38</total>
				<timestamp>5012.782660</timestamp>
			</report>
			<report>
				<misses>16727001</misses>
				<total>38</total>
				<timestamp>5013.082443</timestamp>
			</report>
			<report>
				<misses>16728001</misses>
				<total>38</total>
				<timestamp>5013.382099</timestamp>
			</report>
			<report>
				<misses>16729001</misses>
				<total>38</total>
				<timestamp>5013.681841</timestamp>
			</report>
			<report>
				<misses>16730001</misses>
				<total>38</total>
				<timestamp>5013.981495</timestamp>
			</report>
			<report>
				<misses>16731001</misses>
				<total>38</total>
				<timestamp>5014.281207</timestamp>
			</report>
			<report>
				<misses>16732001</misses>
				<total>38</total>
				<timestamp>5014.580900</timestamp>
			</report>
			<report>
				<misses>16733001</misses>
				<total>38</total>
				<timestamp>5014.880575</timestamp>
			</report>
			<report>
				<misses>16734001</misses>
				<total>37</total>
				<timestamp>5015.180363</timestamp>
			</report>
			<report>
				<misses>16735001</misses>
				<total>38</total>
				<timestamp>5015.480000</timestamp>
			</report>
			<report>
				<misses>16736001</misses>
				<total>38</total>
				<timestamp>5015.779727</timestamp>
			</report>
			<report>
				<misses>16737001</misses>
				<total>38</total>
				<timestamp>5016.079383</timestamp>
			</report>
			<report>
				<misses>16738001</misses>
				<total>38</total>
				<timestamp>5016.379086</timestamp>
			</report>
			<report>
				<misses>16739001</misses>
				<total>38</total>
				<timestamp>5016.678784</timestamp>
			</report>
			<report>
				<misses>16740001</misses>
				<total>38</total>
				<timestamp>5016.978536</timestamp>
			</report>
			<report>
				<misses>16741001</misses>
				<total>38</total>
				<timestamp>5017.278209</timestamp>
			</report>
			<report>
				<misses>16742001</misses>
				<total>38</total>
				<timestamp>5017.577875</timestamp>
			</report>
			<report>
				<misses>16743001</misses>
				<total>38</total>
				<timestamp>5017.877565</timestamp>
			</report>
			<report>
				<misses>16744001</misses>
				<total>38</total>
				<timestamp>5018.177279</timestamp>
			</report>
			<report>
				<misses>16745001</misses>
				<total>38</total>
				<timestamp>5018.477013</timestamp>
			</report>
			<report>
				<misses>16746001</misses>
				<total>38</total>
				<timestamp>5018.776674</timestamp>
			</report>
			<report>
				<misses>16747001</misses>
				<total>38</total>
				<timestamp>5019.076377</timestamp>
			</report>
			<report>
				<misses>16748001</misses>
				<total>38</total>
				<timestamp>5019.376096</timestamp>
			</report>
			<report>
				<misses>16749001</misses>
				<total>38</total>
				<timestamp>5019.675779</timestamp>
			</report>
			<report>
				<misses>16750001</misses>
				<total>38</total>
				<timestamp>5019.975481</timestamp>
			</report>
			<report>
				<misses>16751001</misses>
				<total>38</total>
				<timestamp>5020.275249</timestamp>
			</report>
			<report>
				<misses>16752001</misses>
				<total>38</total>
				<timestamp>5020.574879</timestamp>
			</report>
			<report>
				<misses>16753001</misses>
				<total>38</total>
				<timestamp>5020.874588</timestamp>
			</report>
			<report>
				<misses>16754001</misses>
				<total>38</total>
				<timestamp>5021.174345</timestamp>
			</report>
			<report>
				<misses>16755001</misses>
				<total>38</total>
				<timestamp>5021.474032</timestamp>
			</report>
			<report>
				<misses>16756001</misses>
				<total>37</total>
				<timestamp>5021.773778</timestamp>
			</report>
			<report>
				<misses>16757001</misses>
				<total>38</total>
				<timestamp>5022.073385</timestamp>
			</report>
			<report>
				<misses>16758001</misses>
				<total>38</total>
				<timestamp>5022.373078</timestamp>
			</report>
			<report>
				<misses>16759001</misses>
				<total>38</total>
				<timestamp>5022.672768</timestamp>
			</report>
			<report>
				<misses>16760001</misses>
				<total>38</total>
				<timestamp>5022.972488</timestamp>
			</report>
			<report>
				<misses>16761001</misses>
				<total>38</total>
				<timestamp>5023.272216</timestamp>
			</report>
			<report>
				<misses>16762001</misses>
				<total>38</total>
				<timestamp>5023.571974</timestamp>
			</report>
			<report>
				<misses>16763001</misses>
				<total>39</total>
				<timestamp>5023.871563</timestamp>
			</report>
			<report>
				<misses>16764001</misses>
				<total>39</total>
				<timestamp>5024.171317</timestamp>
			</report>
			<report>
				<misses>16765001</misses>
				<total>39</total>
				<timestamp>5024.470996</timestamp>
			</report>
			<report>
				<misses>16766001</misses>
				<total>39</total>
				<timestamp>5024.770676</timestamp>
			</report>
			<report>
				<misses>16767001</misses>
				<total>39</total>
				<timestamp>5025.070365</timestamp>
			</report>
			<report>
				<misses>16768001</misses>
				<total>39</total>
				<timestamp>5025.370107</timestamp>
			</report>
			<report>
				<misses>16769001</misses>
				<total>39</total>
				<timestamp>5025.669772</timestamp>
			</report>
			<report>
				<misses>16770001</misses>
				<total>38</total>
				<timestamp>5025.969573</timestamp>
			</report>
			<report>
				<misses>16771001</misses>
				<total>39</total>
				<timestamp>5026.269219</timestamp>
			</report>
			<report>
				<misses>16772001</misses>
				<total>39</total>
				<timestamp>5026.568867</timestamp>
			</report>
			<report>
				<misses>16773001</misses>
				<total>39</total>
				<timestamp>5026.868563</timestamp>
			</report>
			<report>
				<misses>16774001</misses>
				<total>39</total>
				<timestamp>5027.168265</timestamp>
			</report>
			<report>
				<misses>16775001</misses>
				<total>39</total>
				<timestamp>5027.468069</timestamp>
			</report>
			<report>
				<misses>16776001</misses>
				<total>39</total>
				<timestamp>5027.767677</timestamp>
			</report>
			<report>
				<misses>16777001</misses>
				<total>39</total>
				<timestamp>5028.067385</timestamp>
			</report>
			<report>
				<misses>16778001</misses>
				<total>39</total>
				<timestamp>5028.367078</timestamp>
			</report>
			<report>
				<misses>16779001</misses>
				<total>39</total>
				<timestamp>5028.666793</timestamp>
			</report>
			<report>
				<misses>16780001</misses>
				<total>39</total>
				<timestamp>5028.966463</timestamp>
			</report>
			<report>
				<misses>16781001</misses>
				<total>39</total>
				<timestamp>5029.266223</timestamp>
			</report>
			<report>
				<misses>16782001</misses>
				<total>39</total>
				<timestamp>5029.565882</timestamp>
			</report>
			<report>
				<misses>16783001</misses>
				<total>39</total>
				<timestamp>5029.865586</timestamp>
			</report>
			<report>
				<misses>16784001</misses>
				<total>39</total>
				<timestamp>5030.165277</timestamp>
			</report>
			<report>
				<misses>16785001</misses>
				<total>39</total>
				<timestamp>5030.465017</timestamp>
			</report>
			<report>
				<misses>16786001</misses>
				<total>39</total>
				<timestamp>5030.764675</timestamp>
			</report>
			<report>
				<misses>16787001</misses>
				<total>39</total>
				<timestamp>5031.064391</timestamp>
			</report>
			<report>
				<misses>16788001</misses>
				<total>39</total>
				<timestamp>5031.364134</timestamp>
			</report>
			<report>
				<misses>16789001</misses>
				<total>39</total>
				<timestamp>5031.663778</timestamp>
			</report>
			<report>
				<misses>16790001</misses>
				<total>39</total>
				<timestamp>5031.963471</timestamp>
			</report>
			<report>
				<misses>16791001</misses>
				<total>39</total>
				<timestamp>5032.263166</timestamp>
			</report>
			<report>
				<misses>16792001</misses>
				<total>39</total>
				<timestamp>5032.562886</timestamp>
			</report>
			<report>
				<misses>16793001</misses>
				<total>39</total>
				<timestamp>5032.862568</timestamp>
			</report>
			<report>
				<misses>16794001</misses>
				<total>39</total>
				<timestamp>5033.162264</timestamp>
			</report>
			<report>
				<misses>16795001</misses>
				<total>39</total>
				<timestamp>5033.462026</timestamp>
			</report>
			<report>
				<misses>16796001</misses>
				<total>39</total>
				<timestamp>5033.761677</timestamp>
			</report>
			<report>
				<misses>16797001</misses>
				<total>39</total>
				<timestamp>5034.061369</timestamp>
			</report>
			<report>
				<misses>16798001</misses>
				<total>39</total>
				<timestamp>5034.361147</timestamp>
			</report>
			<report>
				<misses>16799001</misses>
				<total>39</total>
				<timestamp>5034.660766</timestamp>
			</report>
			<report>
				<misses>16800001</misses>
				<total>39</total>
				<timestamp>5034.960585</timestamp>
			</report>
			<report>
				<misses>16801001</misses>
				<total>39</total>
				<timestamp>5035.260236</timestamp>
			</report>
			<report>
				<misses>16802001</misses>
				<total>39</total>
				<timestamp>5035.559904</timestamp>
			</report>
			<report>
				<misses>16803001</misses>
				<total>39</total>
				<timestamp>5035.859673</timestamp>
			</report>
			<report>
				<misses>16804001</misses>
				<total>39</total>
				<timestamp>5036.159286</timestamp>
			</report>
			<report>
				<misses>16805001</misses>
				<total>39</total>
				<timestamp>5036.459025</timestamp>
			</report>
			<report>
				<misses>16806001</misses>
				<total>39</total>
				<timestamp>5036.758684</timestamp>
			</report>
			<report>
				<misses>16807001</misses>
				<total>39</total>
				<timestamp>5037.058401</timestamp>
			</report>
			<report>
				<misses>16808001</misses>
				<total>39</total>
				<timestamp>5037.358139</timestamp>
			</report>
			<report>
				<misses>16809001</misses>
				<total>39</total>
				<timestamp>5037.657791</timestamp>
			</report>
			<report>
				<misses>16810001</misses>
				<total>39</total>
				<timestamp>5037.957471</timestamp>
			</report>
			<report>
				<misses>16811001</misses>
				<total>39</total>
				<timestamp>5038.257172</timestamp>
			</report>
			<report>
				<misses>16812001</misses>
				<total>39</total>
				<timestamp>5038.556866</timestamp>
			</report>
			<report>
				<misses>16813001</misses>
				<total>39</total>
				<timestamp>5038.856565</timestamp>
			</report>
			<report>
				<misses>16814001</misses>
				<total>39</total>
				<timestamp>5039.156310</timestamp>
			</report>
			<report>
				<misses>16815001</misses>
				<total>39</total>
				<timestamp>5039.455999</timestamp>
			</report>
			<report>
				<misses>16816001</misses>
				<total>39</total>
				<timestamp>5039.755671</timestamp>
			</report>
			<report>
				<misses>16817001</misses>
				<total>39</total>
				<timestamp>5040.055405</timestamp>
			</report>
			<report>
				<misses>16818001</misses>
				<total>39</total>
				<timestamp>5040.355111</timestamp>
			</report>
			<report>
				<misses>16819001</misses>
				<total>39</total>
				<timestamp>5040.654770</timestamp>
			</report>
			<report>
				<misses>16820001</misses>
				<total>39</total>
				<timestamp>5040.954483</timestamp>
			</report>
			<report>
				<misses>16821001</misses>
				<total>39</total>
				<timestamp>5041.254243</timestamp>
			</report>
			<report>
				<misses>16822001</misses>
				<total>39</total>
				<timestamp>5041.553891</timestamp>
			</report>
			<report>
				<misses>16823001</misses>
				<total>39</total>
				<timestamp>5041.853578</timestamp>
			</report>
			<report>
				<misses>16824001</misses>
				<total>39</total>
				<timestamp>5042.153273</timestamp>
			</report>
			<report>
				<misses>16825001</misses>
				<total>39</total>
				<timestamp>5042.453000</timestamp>
			</report>
			<report>
				<misses>16826001</misses>
				<total>39</total>
				<timestamp>5042.752677</timestamp>
			</report>
			<report>
				<misses>16827001</misses>
				<total>39</total>
				<timestamp>5043.052444</timestamp>
			</report>
			<report>
				<misses>16828001</misses>
				<total>39</total>
				<timestamp>5043.352118</timestamp>
			</report>
			<report>
				<misses>16829001</misses>
				<total>39</total>
				<timestamp>5043.651769</timestamp>
			</report>
			<report>
				<misses>16830001</misses>
				<total>39</total>
				<timestamp>5043.951509</timestamp>
			</report>
			<report>
				<misses>16831001</misses>
				<total>39</total>
				<timestamp>5044.251228</timestamp>
			</report>
			<report>
				<misses>16832001</misses>
				<total>39</total>
				<timestamp>5044.550918</timestamp>
			</report>
			<report>
				<misses>16833001</misses>
				<total>39</total>
				<timestamp>5044.850577</timestamp>
			</report>
			<report>
				<misses>16834001</misses>
				<total>38</total>
				<timestamp>5045.150368</timestamp>
			</report>
			<report>
				<misses>16835001</misses>
				<total>39</total>
				<timestamp>5045.450042</timestamp>
			</report>
			<report>
				<misses>16836001</misses>
				<total>39</total>
				<timestamp>5045.749682</timestamp>
			</report>
			<report>
				<misses>16837001</misses>
				<total>39</total>
				<timestamp>5046.049384</timestamp>
			</report>
			<report>
				<misses>16838001</misses>
				<total>39</total>
				<timestamp>5046.349070</timestamp>
			</report>
			<report>
				<misses>16839001</misses>
				<total>39</total>
				<timestamp>5046.648771</timestamp>
			</report>
			<report>
				<misses>16840001</misses>
				<total>39</total>
				<timestamp>5046.948478</timestamp>
			</report>
			<report>
				<misses>16841001</misses>
				<total>39</total>
				<timestamp>5047.248172</timestamp>
			</report>
			<report>
				<misses>16842001</misses>
				<total>39</total>
				<timestamp>5047.547907</timestamp>
			</report>
			<report>
				<misses>16843001</misses>
				<total>39</total>
				<timestamp>5047.847574</timestamp>
			</report>
			<report>
				<misses>16844001</misses>
				<total>39</total>
				<timestamp>5048.147298</timestamp>
			</report>
			<report>
				<misses>16845001</misses>
				<total>39</total>
				<timestamp>5048.447026</timestamp>
			</report>
			<report>
				<misses>16846001</misses>
				<total>39</total>
				<timestamp>5048.746672</timestamp>
			</report>
			<report>
				<misses>16847001</misses>
				<total>39</total>
				<timestamp>5049.046383</timestamp>
			</report>
			<report>
				<misses>16848001</misses>
				<total>39</total>
				<timestamp>5049.346130</timestamp>
			</report>
			<report>
				<misses>16849001</misses>
				<total>39</total>
				<timestamp>5049.645775</timestamp>
			</report>
			<report>
				<misses>16850001</misses>
				<total>39</total>
				<timestamp>5049.945465</timestamp>
			</report>
			<report>
				<misses>16851001</misses>
				<total>39</total>
				<timestamp>5050.245182</timestamp>
			</report>
			<report>
				<misses>16852001</misses>
				<total>39</total>
				<timestamp>5050.544925</timestamp>
			</report>
			<report>
				<misses>16853001</misses>
				<total>39</total>
				<timestamp>5050.844568</timestamp>
			</report>
			<report>
				<misses>16854001</misses>
				<total>39</total>
				<timestamp>5051.144269</timestamp>
			</report>
			<report>
				<misses>16855001</misses>
				<total>39</total>
				<timestamp>5051.444038</timestamp>
			</report>
			<report>
				<misses>16856001</misses>
				<total>39</total>
				<timestamp>5051.743671</timestamp>
			</report>
			<report>
				<misses>16857001</misses>
				<total>39</total>
				<timestamp>5052.043363</timestamp>
			</report>
			<report>
				<misses>16858001</misses>
				<total>39</total>
				<timestamp>5052.343068</timestamp>
			</report>
			<report>
				<misses>16859001</misses>
				<total>39</total>
				<timestamp>5052.642810</timestamp>
			</report>
			<report>
				<misses>16860001</misses>
				<total>39</total>
				<timestamp>5052.942482</timestamp>
			</report>
			<report>
				<misses>16861001</misses>
				<total>39</total>
				<timestamp>5053.242249</timestamp>
			</report>
			<report>
				<misses>16862001</misses>
				<total>39</total>
				<timestamp>5053.541890</timestamp>
			</report>
			<report>
				<misses>16863001</misses>
				<total>39</total>
				<timestamp>5053.841576</timestamp>
			</report>
			<report>
				<misses>16864001</misses>
				<total>39</total>
				<timestamp>5054.141264</timestamp>
			</report>
			<report>
				<misses>16865001</misses>
				<total>39</total>
				<timestamp>5054.441043</timestamp>
			</report>
			<report>
				<misses>16866001</misses>
				<total>39</total>
				<timestamp>5054.740666</timestamp>
			</report>
			<report>
				<misses>16867001</misses>
				<total>39</total>
				<timestamp>5055.040358</timestamp>
			</report>
			<report>
				<misses>16868001</misses>
				<total>39</total>
				<timestamp>5055.340091</timestamp>
			</report>
			<report>
				<misses>16869001</misses>
				<total>39</total>
				<timestamp>5055.639859</timestamp>
			</report>
			<report>
				<misses>16870001</misses>
				<total>39</total>
				<timestamp>5055.939480</timestamp>
			</report>
			<report>
				<misses>16871001</misses>
				<total>39</total>
				<timestamp>5056.239165</timestamp>
			</report>
			<report>
				<misses>16872001</misses>
				<total>39</total>
				<timestamp>5056.538867</timestamp>
			</report>
			<report>
				<misses>16873001</misses>
				<total>39</total>
				<timestamp>5056.838653</timestamp>
			</report>
			<report>
				<misses>16874001</misses>
				<total>38</total>
				<timestamp>5057.138367</timestamp>
			</report>
			<report>
				<misses>16875001</misses>
				<total>39</total>
				<timestamp>5057.437975</timestamp>
			</report>
			<report>
				<misses>16876001</misses>
				<total>39</total>
				<timestamp>5057.737686</timestamp>
			</report>
			<report>
				<misses>16877001</misses>
				<total>39</total>
				<timestamp>5058.037452</timestamp>
			</report>
			<report>
				<misses>16878001</misses>
				<total>39</total>
				<timestamp>5058.337097</timestamp>
			</report>
			<report>
				<misses>16879001</misses>
				<total>39</total>
				<timestamp>5058.636792</timestamp>
			</report>
			<report>
				<misses>16880001</misses>
				<total>39</total>
				<timestamp>5058.936486</timestamp>
			</report>
			<report>
				<misses>16881001</misses>
				<total>39</total>
				<timestamp>5059.236214</timestamp>
			</report>
			<report>
				<misses>16882001</misses>
				<total>39</total>
				<timestamp>5059.535873</timestamp>
			</report>
			<report>
				<misses>16883001</misses>
				<total>39</total>
				<timestamp>5059.835563</timestamp>
			</report>
			<report>
				<misses>16884001</misses>
				<total>39</total>
				<timestamp>5060.135280</timestamp>
			</report>
			<report>
				<misses>16885001</misses>
				<total>39</total>
				<timestamp>5060.435056</timestamp>
			</report>
			<report>
				<misses>16886001</misses>
				<total>39</total>
				<timestamp>5060.734676</timestamp>
			</report>
			<report>
				<misses>16887001</misses>
				<total>39</total>
				<timestamp>5061.034374</timestamp>
			</report>
			<report>
				<misses>16888001</misses>
				<total>39</total>
				<timestamp>5061.334110</timestamp>
			</report>
			<report>
				<misses>16889001</misses>
				<total>39</total>
				<timestamp>5061.633810</timestamp>
			</report>
			<report>
				<misses>16890001</misses>
				<total>39</total>
				<timestamp>5061.933473</timestamp>
			</report>
			<report>
				<misses>16891001</misses>
				<total>39</total>
				<timestamp>5062.233185</timestamp>
			</report>
			<report>
				<misses>16892001</misses>
				<total>39</total>
				<timestamp>5062.532894</timestamp>
			</report>
			<report>
				<misses>16893001</misses>
				<total>39</total>
				<timestamp>5062.832568</timestamp>
			</report>
			<report>
				<misses>16894001</misses>
				<total>39</total>
				<timestamp>5063.132319</timestamp>
			</report>
			<report>
				<misses>16895001</misses>
				<total>39</total>
				<timestamp>5063.431981</timestamp>
			</report>
			<report>
				<misses>16896001</misses>
				<total>39</total>
				<timestamp>5063.731695</timestamp>
			</report>
			<report>
				<misses>16897001</misses>
				<total>39</total>
				<timestamp>5064.031360</timestamp>
			</report>
			<report>
				<misses>16898001</misses>
				<total>39</total>
				<timestamp>5064.331124</timestamp>
			</report>
			<report>
				<misses>16899001</misses>
				<total>39</total>
				<timestamp>5064.630796</timestamp>
			</report>
			<report>
				<misses>16900001</misses>
				<total>39</total>
				<timestamp>5064.930492</timestamp>
			</report>
			<report>
				<misses>16901001</misses>
				<total>39</total>
				<timestamp>5065.230184</timestamp>
			</report>
			<report>
				<misses>16902001</misses>
				<total>39</total>
				<timestamp>5065.529886</timestamp>
			</report>
			<report>
				<misses>16903001</misses>
				<total>39</total>
				<timestamp>5065.829567</timestamp>
			</report>
			<report>
				<misses>16904001</misses>
				<total>39</total>
				<timestamp>5066.129297</timestamp>
			</report>
			<report>
				<misses>16905001</misses>
				<total>39</total>
				<timestamp>5066.429028</timestamp>
			</report>
			<report>
				<misses>16906001</misses>
				<total>39</total>
				<timestamp>5066.728677</timestamp>
			</report>
			<report>
				<misses>16907001</misses>
				<total>39</total>
				<timestamp>5067.028369</timestamp>
			</report>
			<report>
				<misses>16908001</misses>
				<total>39</total>
				<timestamp>5067.328088</timestamp>
			</report>
			<report>
				<misses>16909001</misses>
				<total>39</total>
				<timestamp>5067.627786</timestamp>
			</report>
			<report>
				<misses>16910001</misses>
				<total>39</total>
				<timestamp>5067.927477</timestamp>
			</report>
			<report>
				<misses>16911001</misses>
				<total>39</total>
				<timestamp>5068.227168</timestamp>
			</report>
			<report>
				<misses>16912001</misses>
				<total>39</total>
				<timestamp>5068.526877</timestamp>
			</report>
			<report>
				<misses>16913001</misses>
				<total>39</total>
				<timestamp>5068.826568</timestamp>
			</report>
			<report>
				<misses>16914001</misses>
				<total>39</total>
				<timestamp>5069.126279</timestamp>
			</report>
			<report>
				<misses>16915001</misses>
				<total>39</total>
				<timestamp>5069.426076</timestamp>
			</report>
			<report>
				<misses>16916001</misses>
				<total>38</total>
				<timestamp>5069.725790</timestamp>
			</report>
			<report>
				<misses>16917001</misses>
				<total>39</total>
				<timestamp>5070.025374</timestamp>
			</report>
			<report>
				<misses>16918001</misses>
				<total>39</total>
				<timestamp>5070.325077</timestamp>
			</report>
			<report>
				<misses>16919001</misses>
				<total>39</total>
				<timestamp>5070.624813</timestamp>
			</report>
			<report>
				<misses>16920001</misses>
				<total>38</total>
				<timestamp>5070.924592</timestamp>
			</report>
			<report>
				<misses>16921001</misses>
				<total>39</total>
				<timestamp>5071.224180</timestamp>
			</report>
			<report>
				<misses>16922001</misses>
				<total>39</total>
				<timestamp>5071.523887</timestamp>
			</report>
			<report>
				<misses>16923001</misses>
				<total>39</total>
				<timestamp>5071.823600</timestamp>
			</report>
			<report>
				<misses>16924001</misses>
				<total>39</total>
				<timestamp>5072.123281</timestamp>
			</report>
			<report>
				<misses>16925001</misses>
				<total>38</total>
				<timestamp>5072.423086</timestamp>
			</report>
			<report>
				<misses>16926001</misses>
				<total>39</total>
				<timestamp>5072.722707</timestamp>
			</report>
			<report>
				<misses>16927001</misses>
				<total>39</total>
				<timestamp>5073.022375</timestamp>
			</report>
			<report>
				<misses>16928001</misses>
				<total>39</total>
				<timestamp>5073.322094</timestamp>
			</report>
			<report>
				<misses>16929001</misses>
				<total>39</total>
				<timestamp>5073.621805</timestamp>
			</report>
			<report>
				<misses>16930001</misses>
				<total>39</total>
				<timestamp>5073.921460</timestamp>
			</report>
			<report>
				<misses>16931001</misses>
				<total>39</total>
				<timestamp>5074.221227</timestamp>
			</report>
			<report>
				<misses>16932001</misses>
				<total>39</total>
				<timestamp>5074.520866</timestamp>
			</report>
			<report>
				<misses>16933001</misses>
				<total>39</total>
				<timestamp>5074.820572</timestamp>
			</report>
			<report>
				<misses>16934001</misses>
				<total>39</total>
				<timestamp>5075.120282</timestamp>
			</report>
			<report>
				<misses>16935001</misses>
				<total>39</total>
				<timestamp>5075.420073</timestamp>
			</report>
			<report>
				<misses>16936001</misses>
				<total>39</total>
				<timestamp>5075.719734</timestamp>
			</report>
			<report>
				<misses>16937001</misses>
				<total>39</total>
				<timestamp>5076.019379</timestamp>
			</report>
			<report>
				<misses>16938001</misses>
				<total>39</total>
				<timestamp>5076.319080</timestamp>
			</report>
			<report>
				<misses>16939001</misses>
				<total>38</total>
				<timestamp>5076.618862</timestamp>
			</report>
			<report>
				<misses>16940001</misses>
				<total>39</total>
				<timestamp>5076.918470</timestamp>
			</report>
			<report>
				<misses>16941001</misses>
				<total>39</total>
				<timestamp>5077.218169</timestamp>
			</report>
			<report>
				<misses>16942001</misses>
				<total>39</total>
				<timestamp>5077.517869</timestamp>
			</report>
			<report>
				<misses>16943001</misses>
				<total>39</total>
				<timestamp>5077.817565</timestamp>
			</report>
			<report>
				<misses>16944001</misses>
				<total>39</total>
				<timestamp>5078.117321</timestamp>
			</report>
			<report>
				<misses>16945001</misses>
				<total>39</total>
				<timestamp>5078.417050</timestamp>
			</report>
			<report>
				<misses>16946001</misses>
				<total>39</total>
				<timestamp>5078.716704</timestamp>
			</report>
			<report>
				<misses>16947001</misses>
				<total>39</total>
				<timestamp>5079.016380</timestamp>
			</report>
			<report>
				<misses>16948001</misses>
				<total>39</total>
				<timestamp>5079.316119</timestamp>
			</report>
			<report>
				<misses>16949001</misses>
				<total>39</total>
				<timestamp>5079.615830</timestamp>
			</report>
			<report>
				<misses>16950001</misses>
				<total>39</total>
				<timestamp>5079.915497</timestamp>
			</report>
			<report>
				<misses>16951001</misses>
				<total>39</total>
				<timestamp>5080.215185</timestamp>
			</report>
			<report>
				<misses>16952001</misses>
				<total>38</total>
				<timestamp>5080.514959</timestamp>
			</report>
			<report>
				<misses>16953001</misses>
				<total>39</total>
				<timestamp>5080.814573</timestamp>
			</report>
			<report>
				<misses>16954001</misses>
				<total>39</total>
				<timestamp>5081.114282</timestamp>
			</report>
			<report>
				<misses>16955001</misses>
				<total>39</total>
				<timestamp>5081.413991</timestamp>
			</report>
			<report>
				<misses>16956001</misses>
				<total>39</total>
				<timestamp>5081.713722</timestamp>
			</report>
			<report>
				<misses>16957001</misses>
				<total>39</total>
				<timestamp>5082.013381</timestamp>
			</report>
			<report>
				<misses>16958001</misses>
				<total>39</total>
				<timestamp>5082.313160</timestamp>
			</report>
			<report>
				<misses>16959001</misses>
				<total>39</total>
				<timestamp>5082.612783</timestamp>
			</report>
			<report>
				<misses>16960001</misses>
				<total>39</total>
				<timestamp>5082.912461</timestamp>
			</report>
			<report>
				<misses>16961001</misses>
				<total>39</total>
				<timestamp>5083.212179</timestamp>
			</report>
			<report>
				<misses>16962001</misses>
				<total>39</total>
				<timestamp>5083.511891</timestamp>
			</report>
			<report>
				<misses>16963001</misses>
				<total>39</total>
				<timestamp>5083.811559</timestamp>
			</report>
			<report>
				<misses>16964001</misses>
				<total>39</total>
				<timestamp>5084.111329</timestamp>
			</report>
			<report>
				<misses>16965001</misses>
				<total>39</total>
				<timestamp>5084.411045</timestamp>
			</report>
			<report>
				<misses>16966001</misses>
				<total>39</total>
				<timestamp>5084.710676</timestamp>
			</report>
			<report>
				<misses>16967001</misses>
				<total>39</total>
				<timestamp>5085.010368</timestamp>
			</report>
			<report>
				<misses>16968001</misses>
				<total>39</total>
				<timestamp>5085.310088</timestamp>
			</report>
			<report>
				<misses>16969001</misses>
				<total>39</total>
				<timestamp>5085.609815</timestamp>
			</report>
			<report>
				<misses>16970001</misses>
				<total>39</total>
				<timestamp>5085.909484</timestamp>
			</report>
			<report>
				<misses>16971001</misses>
				<total>39</total>
				<timestamp>5086.209170</timestamp>
			</report>
			<report>
				<misses>16972001</misses>
				<total>39</total>
				<timestamp>5086.508876</timestamp>
			</report>
			<report>
				<misses>16973001</misses>
				<total>39</total>
				<timestamp>5086.808588</timestamp>
			</report>
			<report>
				<misses>16974001</misses>
				<total>38</total>
				<timestamp>5087.108369</timestamp>
			</report>
			<report>
				<misses>16975001</misses>
				<total>39</total>
				<timestamp>5087.408056</timestamp>
			</report>
			<report>
				<misses>16976001</misses>
				<total>39</total>
				<timestamp>5087.707677</timestamp>
			</report>
			<report>
				<misses>16977001</misses>
				<total>39</total>
				<timestamp>5088.007367</timestamp>
			</report>
			<report>
				<misses>16978001</misses>
				<total>39</total>
				<timestamp>5088.307087</timestamp>
			</report>
			<report>
				<misses>16979001</misses>
				<total>39</total>
				<timestamp>5088.606789</timestamp>
			</report>
			<report>
				<misses>16980001</misses>
				<total>39</total>
				<timestamp>5088.906477</timestamp>
			</report>
			<report>
				<misses>16981001</misses>
				<total>39</total>
				<timestamp>5089.206161</timestamp>
			</report>
			<report>
				<misses>16982001</misses>
				<total>39</total>
				<timestamp>5089.505937</timestamp>
			</report>
			<report>
				<misses>16983001</misses>
				<total>39</total>
				<timestamp>5089.805593</timestamp>
			</report>
			<report>
				<misses>16984001</misses>
				<total>39</total>
				<timestamp>5090.105360</timestamp>
			</report>
			<report>
				<misses>16985001</misses>
				<total>39</total>
				<timestamp>5090.405061</timestamp>
			</report>
			<report>
				<misses>16986001</misses>
				<total>39</total>
				<timestamp>5090.704664</timestamp>
			</report>
			<report>
				<misses>16987001</misses>
				<total>39</total>
				<timestamp>5091.004448</timestamp>
			</report>
			<report>
				<misses>16988001</misses>
				<total>39</total>
				<timestamp>5091.304063</timestamp>
			</report>
			<report>
				<misses>16989001</misses>
				<total>39</total>
				<timestamp>5091.603779</timestamp>
			</report>
			<report>
				<misses>16990001</misses>
				<total>39</total>
				<timestamp>5091.903486</timestamp>
			</report>
			<report>
				<misses>16991001</misses>
				<total>39</total>
				<timestamp>5092.203176</timestamp>
			</report>
			<report>
				<misses>16992001</misses>
				<total>38</total>
				<timestamp>5092.502953</timestamp>
			</report>
			<report>
				<misses>16993001</misses>
				<total>39</total>
				<timestamp>5092.802624</timestamp>
			</report>
			<report>
				<misses>16994001</misses>
				<total>39</total>
				<timestamp>5093.102274</timestamp>
			</report>
			<report>
				<misses>16995001</misses>
				<total>39</total>
				<timestamp>5093.401998</timestamp>
			</report>
			<report>
				<misses>16996001</misses>
				<total>39</total>
				<timestamp>5093.701683</timestamp>
			</report>
			<report>
				<misses>16997001</misses>
				<total>39</total>
				<timestamp>5094.001370</timestamp>
			</report>
			<report>
				<misses>16998001</misses>
				<total>39</total>
				<timestamp>5094.301143</timestamp>
			</report>
			<report>
				<misses>16999001</misses>
				<total>39</total>
				<timestamp>5094.600819</timestamp>
			</report>
			<report>
				<misses>17000001</misses>
				<total>39</total>
				<timestamp>5094.900461</timestamp>
			</report>
			<report>
				<misses>17001001</misses>
				<total>39</total>
				<timestamp>5095.200178</timestamp>
			</report>
			<report>
				<misses>17002001</misses>
				<total>39</total>
				<timestamp>5095.499964</timestamp>
			</report>
			<report>
				<misses>17003001</misses>
				<total>39</total>
				<timestamp>5095.799653</timestamp>
			</report>
			<report>
				<misses>17004001</misses>
				<total>39</total>
				<timestamp>5096.099269</timestamp>
			</report>
			<report>
				<misses>17005001</misses>
				<total>39</total>
				<timestamp>5096.398978</timestamp>
			</report>
			<report>
				<misses>17006001</misses>
				<total>39</total>
				<timestamp>5096.698680</timestamp>
			</report>
			<report>
				<misses>17007001</misses>
				<total>39</total>
				<timestamp>5096.998409</timestamp>
			</report>
			<report>
				<misses>17008001</misses>
				<total>39</total>
				<timestamp>5097.298071</timestamp>
			</report>
			<report>
				<misses>17009001</misses>
				<total>39</total>
				<timestamp>5097.597789</timestamp>
			</report>
			<report>
				<misses>17010001</misses>
				<total>39</total>
				<timestamp>5097.897469</timestamp>
			</report>
			<report>
				<misses>17011001</misses>
				<total>38</total>
				<timestamp>5098.197268</timestamp>
			</report>
			<report>
				<misses>17012001</misses>
				<total>39</total>
				<timestamp>5098.496868</timestamp>
			</report>
			<report>
				<misses>17013001</misses>
				<total>39</total>
				<timestamp>5098.796607</timestamp>
			</report>
			<report>
				<misses>17014001</misses>
				<total>39</total>
				<timestamp>5099.096286</timestamp>
			</report>
			<report>
				<misses>17015001</misses>
				<total>39</total>
				<timestamp>5099.396054</timestamp>
			</report>
			<report>
				<misses>17016001</misses>
				<total>39</total>
				<timestamp>5099.695684</timestamp>
			</report>
			<report>
				<misses>17017001</misses>
				<total>39</total>
				<timestamp>5099.995414</timestamp>
			</report>
			<report>
				<misses>17018001</misses>
				<total>39</total>
				<timestamp>5100.295076</timestamp>
			</report>
			<report>
				<misses>17019001</misses>
				<total>39</total>
				<timestamp>5100.594782</timestamp>
			</report>
			<report>
				<misses>17020001</misses>
				<total>39</total>
				<timestamp>5100.894488</timestamp>
			</report>
			<report>
				<misses>17021001</misses>
				<total>39</total>
				<timestamp>5101.194185</timestamp>
			</report>
			<report>
				<misses>17022001</misses>
				<total>39</total>
				<timestamp>5101.493926</timestamp>
			</report>
			<report>
				<misses>17023001</misses>
				<total>39</total>
				<timestamp>5101.793581</timestamp>
			</report>
			<report>
				<misses>17024001</misses>
				<total>39</total>
				<timestamp>5102.093279</timestamp>
			</report>
			<report>
				<misses>17025001</misses>
				<total>39</total>
				<timestamp>5102.393047</timestamp>
			</report>
			<report>
				<misses>17026001</misses>
				<total>39</total>
				<timestamp>5102.692704</timestamp>
			</report>
			<report>
				<misses>17027001</misses>
				<total>39</total>
				<timestamp>5102.992376</timestamp>
			</report>
			<report>
				<misses>17028001</misses>
				<total>39</total>
				<timestamp>5103.292071</timestamp>
			</report>
			<report>
				<misses>17029001</misses>
				<total>39</total>
				<timestamp>5103.591864</timestamp>
			</report>
			<report>
				<misses>17030001</misses>
				<total>39</total>
				<timestamp>5103.891496</timestamp>
			</report>
			<report>
				<misses>17031001</misses>
				<total>39</total>
				<timestamp>5104.191184</timestamp>
			</report>
			<report>
				<misses>17032001</misses>
				<total>39</total>
				<timestamp>5104.490871</timestamp>
			</report>
			<report>
				<misses>17033001</misses>
				<total>39</total>
				<timestamp>5104.790583</timestamp>
			</report>
			<report>
				<misses>17034001</misses>
				<total>39</total>
				<timestamp>5105.090273</timestamp>
			</report>
			<report>
				<misses>17035001</misses>
				<total>39</total>
				<timestamp>5105.389977</timestamp>
			</report>
			<report>
				<misses>17036001</misses>
				<total>39</total>
				<timestamp>5105.689664</timestamp>
			</report>
			<report>
				<misses>17037001</misses>
				<total>39</total>
				<timestamp>5105.989359</timestamp>
			</report>
			<report>
				<misses>17038001</misses>
				<total>39</total>
				<timestamp>5106.289059</timestamp>
			</report>
			<report>
				<misses>17039001</misses>
				<total>39</total>
				<timestamp>5106.588834</timestamp>
			</report>
			<report>
				<misses>17040001</misses>
				<total>39</total>
				<timestamp>5106.888499</timestamp>
			</report>
			<report>
				<misses>17041001</misses>
				<total>39</total>
				<timestamp>5107.188166</timestamp>
			</report>
			<report>
				<misses>17042001</misses>
				<total>39</total>
				<timestamp>5107.487867</timestamp>
			</report>
			<report>
				<misses>17043001</misses>
				<total>39</total>
				<timestamp>5107.787628</timestamp>
			</report>
			<report>
				<misses>17044001</misses>
				<total>39</total>
				<timestamp>5108.087281</timestamp>
			</report>
			<report>
				<misses>17045001</misses>
				<total>39</total>
				<timestamp>5108.387004</timestamp>
			</report>
			<report>
				<misses>17046001</misses>
				<total>39</total>
				<timestamp>5108.686682</timestamp>
			</report>
			<report>
				<misses>17047001</misses>
				<total>39</total>
				<timestamp>5108.986377</timestamp>
			</report>
			<report>
				<misses>17048001</misses>
				<total>39</total>
				<timestamp>5109.286069</timestamp>
			</report>
			<report>
				<misses>17049001</misses>
				<total>39</total>
				<timestamp>5109.585835</timestamp>
			</report>
			<report>
				<misses>17050001</misses>
				<total>39</total>
				<timestamp>5109.885488</timestamp>
			</report>
			<report>
				<misses>17051001</misses>
				<total>39</total>
				<timestamp>5110.185164</timestamp>
			</report>
			<report>
				<misses>17052001</misses>
				<total>39</total>
				<timestamp>5110.484938</timestamp>
			</report>
			<report>
				<misses>17053001</misses>
				<total>39</total>
				<timestamp>5110.784587</timestamp>
			</report>
			<report>
				<misses>17054001</misses>
				<total>38</total>
				<timestamp>5111.084369</timestamp>
			</report>
			<report>
				<misses>17055001</misses>
				<total>39</total>
				<timestamp>5111.384014</timestamp>
			</report>
			<report>
				<misses>17056001</misses>
				<total>39</total>
				<timestamp>5111.683673</timestamp>
			</report>
			<report>
				<misses>17057001</misses>
				<total>39</total>
				<timestamp>5111.983395</timestamp>
			</report>
			<report>
				<misses>17058001</misses>
				<total>39</total>
				<timestamp>5112.283072</timestamp>
			</report>
			<report>
				<misses>17059001</misses>
				<total>39</total>
				<timestamp>5112.582781</timestamp>
			</report>
			<report>
				<misses>17060001</misses>
				<total>39</total>
				<timestamp>5112.882499</timestamp>
			</report>
			<report>
				<misses>17061001</misses>
				<total>39</total>
				<timestamp>5113.182166</timestamp>
			</report>
			<report>
				<misses>17062001</misses>
				<total>39</total>
				<timestamp>5113.481983</timestamp>
			</report>
			<report>
				<misses>17063001</misses>
				<total>39</total>
				<timestamp>5113.781642</timestamp>
			</report>
			<report>
				<misses>17064001</misses>
				<total>39</total>
				<timestamp>5114.081283</timestamp>
			</report>
			<report>
				<misses>17065001</misses>
				<total>39</total>
				<timestamp>5114.380982</timestamp>
			</report>
			<report>
				<misses>17066001</misses>
				<total>39</total>
				<timestamp>5114.680740</timestamp>
			</report>
			<report>
				<misses>17067001</misses>
				<total>39</total>
				<timestamp>5114.980399</timestamp>
			</report>
			<report>
				<misses>17068001</misses>
				<total>39</total>
				<timestamp>5115.280065</timestamp>
			</report>
			<report>
				<misses>17069001</misses>
				<total>39</total>
				<timestamp>5115.579847</timestamp>
			</report>
			<report>
				<misses>17070001</misses>
				<total>39</total>
				<timestamp>5115.879492</timestamp>
			</report>
			<report>
				<misses>17071001</misses>
				<total>39</total>
				<timestamp>5116.179162</timestamp>
			</report>
			<report>
				<misses>17072001</misses>
				<total>39</total>
				<timestamp>5116.478883</timestamp>
			</report>
			<report>
				<misses>17073001</misses>
				<total>39</total>
				<timestamp>5116.778585</timestamp>
			</report>
			<report>
				<misses>17074001</misses>
				<total>39</total>
				<timestamp>5117.078272</timestamp>
			</report>
			<report>
				<misses>17075001</misses>
				<total>39</total>
				<timestamp>5117.377991</timestamp>
			</report>
			<report>
				<misses>17076001</misses>
				<total>39</total>
				<timestamp>5117.677675</timestamp>
			</report>
			<report>
				<misses>17077001</misses>
				<total>39</total>
				<timestamp>5117.977403</timestamp>
			</report>
			<report>
				<misses>17078001</misses>
				<total>39</total>
				<timestamp>5118.277079</timestamp>
			</report>
			<report>
				<misses>17079001</misses>
				<total>39</total>
				<timestamp>5118.576838</timestamp>
			</report>
			<report>
				<misses>17080001</misses>
				<total>39</total>
				<timestamp>5118.876471</timestamp>
			</report>
			<report>
				<misses>17081001</misses>
				<total>39</total>
				<timestamp>5119.176165</timestamp>
			</report>
			<report>
				<misses>17082001</misses>
				<total>39</total>
				<timestamp>5119.475891</timestamp>
			</report>
			<report>
				<misses>17083001</misses>
				<total>39</total>
				<timestamp>5119.775587</timestamp>
			</report>
			<report>
				<misses>17084001</misses>
				<total>39</total>
				<timestamp>5120.075344</timestamp>
			</report>
			<report>
				<misses>17085001</misses>
				<total>39</total>
				<timestamp>5120.374987</timestamp>
			</report>
			<report>
				<misses>17086001</misses>
				<total>39</total>
				<timestamp>5120.674701</timestamp>
			</report>
			<report>
				<misses>17087001</misses>
				<total>39</total>
				<timestamp>5120.974366</timestamp>
			</report>
			<report>
				<misses>17088001</misses>
				<total>39</total>
				<timestamp>5121.274123</timestamp>
			</report>
			<report>
				<misses>17089001</misses>
				<total>39</total>
				<timestamp>5121.573760</timestamp>
			</report>
			<report>
				<misses>17090001</misses>
				<total>39</total>
				<timestamp>5121.873499</timestamp>
			</report>
			<report>
				<misses>17091001</misses>
				<total>39</total>
				<timestamp>5122.173176</timestamp>
			</report>
			<report>
				<misses>17092001</misses>
				<total>39</total>
				<timestamp>5122.472923</timestamp>
			</report>
			<report>
				<misses>17093001</misses>
				<total>39</total>
				<timestamp>5122.772605</timestamp>
			</report>
			<report>
				<misses>17094001</misses>
				<total>39</total>
				<timestamp>5123.072320</timestamp>
			</report>
			<report>
				<misses>17095001</misses>
				<total>39</total>
				<timestamp>5123.371987</timestamp>
			</report>
			<report>
				<misses>17096001</misses>
				<total>39</total>
				<timestamp>5123.671678</timestamp>
			</report>
			<report>
				<misses>17097001</misses>
				<total>39</total>
				<timestamp>5123.971387</timestamp>
			</report>
			<report>
				<misses>17098001</misses>
				<total>39</total>
				<timestamp>5124.271067</timestamp>
			</report>
			<report>
				<misses>17099001</misses>
				<total>39</total>
				<timestamp>5124.570778</timestamp>
			</report>
			<report>
				<misses>17100001</misses>
				<total>39</total>
				<timestamp>5124.870501</timestamp>
			</report>
			<report>
				<misses>17101001</misses>
				<total>38</total>
				<timestamp>5125.170271</timestamp>
			</report>
			<report>
				<misses>17102001</misses>
				<total>39</total>
				<timestamp>5125.469906</timestamp>
			</report>
			<report>
				<misses>17103001</misses>
				<total>39</total>
				<timestamp>5125.769572</timestamp>
			</report>
			<report>
				<misses>17104001</misses>
				<total>39</total>
				<timestamp>5126.069284</timestamp>
			</report>
			<report>
				<misses>17105001</misses>
				<total>39</total>
				<timestamp>5126.369007</timestamp>
			</report>
			<report>
				<misses>17106001</misses>
				<total>39</total>
				<timestamp>5126.668757</timestamp>
			</report>
			<report>
				<misses>17107001</misses>
				<total>39</total>
				<timestamp>5126.968385</timestamp>
			</report>
			<report>
				<misses>17108001</misses>
				<total>39</total>
				<timestamp>5127.268064</timestamp>
			</report>
			<report>
				<misses>17109001</misses>
				<total>39</total>
				<timestamp>5127.567883</timestamp>
			</report>
			<report>
				<misses>17110001</misses>
				<total>39</total>
				<timestamp>5127.867480</timestamp>
			</report>
			<report>
				<misses>17111001</misses>
				<total>39</total>
				<timestamp>5128.167178</timestamp>
			</report>
			<report>
				<misses>17112001</misses>
				<total>39</total>
				<timestamp>5128.466883</timestamp>
			</report>
			<report>
				<misses>17113001</misses>
				<total>39</total>
				<timestamp>5128.766575</timestamp>
			</report>
			<report>
				<misses>17114001</misses>
				<total>39</total>
				<timestamp>5129.066276</timestamp>
			</report>
			<report>
				<misses>17115001</misses>
				<total>39</total>
				<timestamp>5129.365982</timestamp>
			</report>
			<report>
				<misses>17116001</misses>
				<total>39</total>
				<timestamp>5129.665667</timestamp>
			</report>
			<report>
				<misses>17117001</misses>
				<total>39</total>
				<timestamp>5129.965417</timestamp>
			</report>
			<report>
				<misses>17118001</misses>
				<total>39</total>
				<timestamp>5130.265077</timestamp>
			</report>
			<report>
				<misses>17119001</misses>
				<total>39</total>
				<timestamp>5130.564770</timestamp>
			</report>
			<report>
				<misses>17120001</misses>
				<total>39</total>
				<timestamp>5130.864495</timestamp>
			</report>
			<report>
				<misses>17121001</misses>
				<total>39</total>
				<timestamp>5131.164181</timestamp>
			</report>
			<report>
				<misses>17122001</misses>
				<total>39</total>
				<timestamp>5131.463912</timestamp>
			</report>
			<report>
				<misses>17123001</misses>
				<total>39</total>
				<timestamp>5131.763618</timestamp>
			</report>
			<report>
				<misses>17124001</misses>
				<total>39</total>
				<timestamp>5132.063295</timestamp>
			</report>
			<report>
				<misses>17125001</misses>
				<total>39</total>
				<timestamp>5132.362980</timestamp>
			</report>
			<report>
				<misses>17126001</misses>
				<total>39</total>
				<timestamp>5132.662673</timestamp>
			</report>
			<report>
				<misses>17127001</misses>
				<total>39</total>
				<timestamp>5132.962422</timestamp>
			</report>
			<report>
				<misses>17128001</misses>
				<total>39</total>
				<timestamp>5133.262084</timestamp>
			</report>
			<report>
				<misses>17129001</misses>
				<total>39</total>
				<timestamp>5133.561781</timestamp>
			</report>
			<report>
				<misses>17130001</misses>
				<total>39</total>
				<timestamp>5133.861503</timestamp>
			</report>
			<report>
				<misses>17131001</misses>
				<total>39</total>
				<timestamp>5134.161158</timestamp>
			</report>
			<report>
				<misses>17132001</misses>
				<total>39</total>
				<timestamp>5134.460881</timestamp>
			</report>
			<report>
				<misses>17133001</misses>
				<total>39</total>
				<timestamp>5134.760591</timestamp>
			</report>
			<report>
				<misses>17134001</misses>
				<total>39</total>
				<timestamp>5135.060372</timestamp>
			</report>
			<report>
				<misses>17135001</misses>
				<total>39</total>
				<timestamp>5135.360048</timestamp>
			</report>
			<report>
				<misses>17136001</misses>
				<total>39</total>
				<timestamp>5135.659751</timestamp>
			</report>
			<report>
				<misses>17137001</misses>
				<total>39</total>
				<timestamp>5135.959397</timestamp>
			</report>
			<report>
				<misses>17138001</misses>
				<total>39</total>
				<timestamp>5136.259075</timestamp>
			</report>
			<report>
				<misses>17139001</misses>
				<total>38</total>
				<timestamp>5136.558897</timestamp>
			</report>
			<report>
				<misses>17140001</misses>
				<total>39</total>
				<timestamp>5136.858482</timestamp>
			</report>
			<report>
				<misses>17141001</misses>
				<total>39</total>
				<timestamp>5137.158184</timestamp>
			</report>
			<report>
				<misses>17142001</misses>
				<total>39</total>
				<timestamp>5137.457873</timestamp>
			</report>
			<report>
				<misses>17143001</misses>
				<total>39</total>
				<timestamp>5137.757582</timestamp>
			</report>
			<report>
				<misses>17144001</misses>
				<total>39</total>
				<timestamp>5138.057315</timestamp>
			</report>
			<report>
				<misses>17145001</misses>
				<total>39</total>
				<timestamp>5138.357008</timestamp>
			</report>
			<report>
				<misses>17146001</misses>
				<total>39</total>
				<timestamp>5138.656743</timestamp>
			</report>
			<report>
				<misses>17147001</misses>
				<total>39</total>
				<timestamp>5138.956388</timestamp>
			</report>
			<report>
				<misses>17148001</misses>
				<total>39</total>
				<timestamp>5139.256097</timestamp>
			</report>
			<report>
				<misses>17149001</misses>
				<total>39</total>
				<timestamp>5139.555836</timestamp>
			</report>
			<report>
				<misses>17150001</misses>
				<total>39</total>
				<timestamp>5139.855471</timestamp>
			</report>
			<report>
				<misses>17151001</misses>
				<total>39</total>
				<timestamp>5140.155188</timestamp>
			</report>
			<report>
				<misses>17152001</misses>
				<total>39</total>
				<timestamp>5140.454943</timestamp>
			</report>
			<report>
				<misses>17153001</misses>
				<total>39</total>
				<timestamp>5140.754620</timestamp>
			</report>
			<report>
				<misses>17154001</misses>
				<total>39</total>
				<timestamp>5141.054347</timestamp>
			</report>
			<report>
				<misses>17155001</misses>
				<total>39</total>
				<timestamp>5141.353980</timestamp>
			</report>
			<report>
				<misses>17156001</misses>
				<total>39</total>
				<timestamp>5141.653695</timestamp>
			</report>
			<report>
				<misses>17157001</misses>
				<total>39</total>
				<timestamp>5141.953373</timestamp>
			</report>
			<report>
				<misses>17158001</misses>
				<total>39</total>
				<timestamp>5142.253135</timestamp>
			</report>
			<report>
				<misses>17159001</misses>
				<total>39</total>
				<timestamp>5142.552768</timestamp>
			</report>
			<report>
				<misses>17160001</misses>
				<total>39</total>
				<timestamp>5142.852488</timestamp>
			</report>
			<report>
				<misses>17161001</misses>
				<total>39</total>
				<timestamp>5143.152172</timestamp>
			</report>
			<report>
				<misses>17162001</misses>
				<total>39</total>
				<timestamp>5143.451873</timestamp>
			</report>
			<report>
				<misses>17163001</misses>
				<total>39</total>
				<timestamp>5143.751600</timestamp>
			</report>
			<report>
				<misses>17164001</misses>
				<total>39</total>
				<timestamp>5144.051332</timestamp>
			</report>
			<report>
				<misses>17165001</misses>
				<total>39</total>
				<timestamp>5144.351013</timestamp>
			</report>
			<report>
				<misses>17166001</misses>
				<total>39</total>
				<timestamp>5144.650670</timestamp>
			</report>
			<report>
				<misses>17167001</misses>
				<total>39</total>
				<timestamp>5144.950406</timestamp>
			</report>
			<report>
				<misses>17168001</misses>
				<total>39</total>
				<timestamp>5145.250066</timestamp>
			</report>
			<report>
				<misses>17169001</misses>
				<total>39</total>
				<timestamp>5145.549784</timestamp>
			</report>
			<report>
				<misses>17170001</misses>
				<total>39</total>
				<timestamp>5145.849461</timestamp>
			</report>
			<report>
				<misses>17171001</misses>
				<total>39</total>
				<timestamp>5146.149178</timestamp>
			</report>
			<report>
				<misses>17172001</misses>
				<total>39</total>
				<timestamp>5146.448891</timestamp>
			</report>
			<report>
				<misses>17173001</misses>
				<total>39</total>
				<timestamp>5146.748643</timestamp>
			</report>
			<report>
				<misses>17174001</misses>
				<total>39</total>
				<timestamp>5147.048315</timestamp>
			</report>
			<report>
				<misses>17175001</misses>
				<total>39</total>
				<timestamp>5147.348012</timestamp>
			</report>
			<report>
				<misses>17176001</misses>
				<total>39</total>
				<timestamp>5147.647683</timestamp>
			</report>
			<report>
				<misses>17177001</misses>
				<total>39</total>
				<timestamp>5147.947416</timestamp>
			</report>
			<report>
				<misses>17178001</misses>
				<total>39</total>
				<timestamp>5148.247074</timestamp>
			</report>
			<report>
				<misses>17179001</misses>
				<total>39</total>
				<timestamp>5148.546835</timestamp>
			</report>
			<report>
				<misses>17180001</misses>
				<total>39</total>
				<timestamp>5148.846477</timestamp>
			</report>
			<report>
				<misses>17181001</misses>
				<total>39</total>
				<timestamp>5149.146169</timestamp>
			</report>
			<report>
				<misses>17182001</misses>
				<total>39</total>
				<timestamp>5149.445877</timestamp>
			</report>
			<report>
				<misses>17183001</misses>
				<total>39</total>
				<timestamp>5149.745583</timestamp>
			</report>
			<report>
				<misses>17184001</misses>
				<total>39</total>
				<timestamp>5150.045309</timestamp>
			</report>
			<report>
				<misses>17185001</misses>
				<total>39</total>
				<timestamp>5150.344983</timestamp>
			</report>
			<report>
				<misses>17186001</misses>
				<total>39</total>
				<timestamp>5150.644711</timestamp>
			</report>
			<report>
				<misses>17187001</misses>
				<total>39</total>
				<timestamp>5150.944378</timestamp>
			</report>
			<report>
				<misses>17188001</misses>
				<total>39</total>
				<timestamp>5151.244118</timestamp>
			</report>
			<report>
				<misses>17189001</misses>
				<total>39</total>
				<timestamp>5151.543774</timestamp>
			</report>
			<report>
				<misses>17190001</misses>
				<total>39</total>
				<timestamp>5151.843466</timestamp>
			</report>
			<report>
				<misses>17191001</misses>
				<total>39</total>
				<timestamp>5152.143221</timestamp>
			</report>
			<report>
				<misses>17192001</misses>
				<total>39</total>
				<timestamp>5152.442933</timestamp>
			</report>
			<report>
				<misses>17193001</misses>
				<total>38</total>
				<timestamp>5152.742670</timestamp>
			</report>
			<report>
				<misses>17194001</misses>
				<total>39</total>
				<timestamp>5153.042321</timestamp>
			</report>
			<report>
				<misses>17195001</misses>
				<total>39</total>
				<timestamp>5153.342059</timestamp>
			</report>
			<report>
				<misses>17196001</misses>
				<total>39</total>
				<timestamp>5153.641740</timestamp>
			</report>
			<report>
				<misses>17197001</misses>
				<total>39</total>
				<timestamp>5153.941370</timestamp>
			</report>
			<report>
				<misses>17198001</misses>
				<total>39</total>
				<timestamp>5154.241073</timestamp>
			</report>
			<report>
				<misses>17199001</misses>
				<total>38</total>
				<timestamp>5154.540874</timestamp>
			</report>
			<report>
				<misses>17200001</misses>
				<total>39</total>
				<timestamp>5154.840506</timestamp>
			</report>
			<report>
				<misses>17201001</misses>
				<total>39</total>
				<timestamp>5155.140192</timestamp>
			</report>
			<report>
				<misses>17202001</misses>
				<total>39</total>
				<timestamp>5155.439961</timestamp>
			</report>
			<report>
				<misses>17203001</misses>
				<total>39</total>
				<timestamp>5155.739565</timestamp>
			</report>
			<report>
				<misses>17204001</misses>
				<total>39</total>
				<timestamp>5156.039339</timestamp>
			</report>
			<report>
				<misses>17205001</misses>
				<total>39</total>
				<timestamp>5156.338971</timestamp>
			</report>
			<report>
				<misses>17206001</misses>
				<total>39</total>
				<timestamp>5156.638685</timestamp>
			</report>
			<report>
				<misses>17207001</misses>
				<total>39</total>
				<timestamp>5156.938369</timestamp>
			</report>
			<report>
				<misses>17208001</misses>
				<total>39</total>
				<timestamp>5157.238073</timestamp>
			</report>
			<report>
				<misses>17209001</misses>
				<total>39</total>
				<timestamp>5157.537809</timestamp>
			</report>
			<report>
				<misses>17210001</misses>
				<total>39</total>
				<timestamp>5157.837466</timestamp>
			</report>
			<report>
				<misses>17211001</misses>
				<total>39</total>
				<timestamp>5158.137188</timestamp>
			</report>
			<report>
				<misses>17212001</misses>
				<total>39</total>
				<timestamp>5158.436870</timestamp>
			</report>
			<report>
				<misses>17213001</misses>
				<total>39</total>
				<timestamp>5158.736572</timestamp>
			</report>
			<report>
				<misses>17214001</misses>
				<total>39</total>
				<timestamp>5159.036305</timestamp>
			</report>
			<report>
				<misses>17215001</misses>
				<total>39</total>
				<timestamp>5159.336002</timestamp>
			</report>
			<report>
				<misses>17216001</misses>
				<total>39</total>
				<timestamp>5159.635713</timestamp>
			</report>
			<report>
				<misses>17217001</misses>
				<total>39</total>
				<timestamp>5159.935385</timestamp>
			</report>
			<report>
				<misses>17218001</misses>
				<total>39</total>
				<timestamp>5160.235087</timestamp>
			</report>
			<report>
				<misses>17219001</misses>
				<total>39</total>
				<timestamp>5160.534775</timestamp>
			</report>
			<report>
				<misses>17220001</misses>
				<total>39</total>
				<timestamp>5160.834472</timestamp>
			</report>
			<report>
				<misses>17221001</misses>
				<total>39</total>
				<timestamp>5161.134280</timestamp>
			</report>
			<report>
				<misses>17222001</misses>
				<total>39</total>
				<timestamp>5161.433875</timestamp>
			</report>
			<report>
				<misses>17223001</misses>
				<total>38</total>
				<timestamp>5161.733657</timestamp>
			</report>
			<report>
				<misses>17224001</misses>
				<total>39</total>
				<timestamp>5162.033291</timestamp>
			</report>
			<report>
				<misses>17225001</misses>
				<total>39</total>
				<timestamp>5162.333083</timestamp>
			</report>
			<report>
				<misses>17226001</misses>
				<total>39</total>
				<timestamp>5162.632713</timestamp>
			</report>
			<report>
				<misses>17227001</misses>
				<total>39</total>
				<timestamp>5162.932410</timestamp>
			</report>
			<report>
				<misses>17228001</misses>
				<total>39</total>
				<timestamp>5163.232079</timestamp>
			</report>
			<report>
				<misses>17229001</misses>
				<total>39</total>
				<timestamp>5163.531817</timestamp>
			</report>
			<report>
				<misses>17230001</misses>
				<total>39</total>
				<timestamp>5163.831474</timestamp>
			</report>
			<report>
				<misses>17231001</misses>
				<total>39</total>
				<timestamp>5164.131215</timestamp>
			</report>
			<report>
				<misses>17232001</misses>
				<total>39</total>
				<timestamp>5164.430938</timestamp>
			</report>
			<report>
				<misses>17233001</misses>
				<total>39</total>
				<timestamp>5164.730570</timestamp>
			</report>
			<report>
				<misses>17234001</misses>
				<total>39</total>
				<timestamp>5165.030291</timestamp>
			</report>
			<report>
				<misses>17235001</misses>
				<total>39</total>
				<timestamp>5165.330007</timestamp>
			</report>
			<report>
				<misses>17236001</misses>
				<total>39</total>
				<timestamp>5165.629673</timestamp>
			</report>
			<report>
				<misses>17237001</misses>
				<total>39</total>
				<timestamp>5165.929381</timestamp>
			</report>
			<report>
				<misses>17238001</misses>
				<total>39</total>
				<timestamp>5166.229071</timestamp>
			</report>
			<report>
				<misses>17239001</misses>
				<total>39</total>
				<timestamp>5166.528839</timestamp>
			</report>
			<report>
				<misses>17240001</misses>
				<total>39</total>
				<timestamp>5166.828485</timestamp>
			</report>
			<report>
				<misses>17241001</misses>
				<total>39</total>
				<timestamp>5167.128186</timestamp>
			</report>
			<report>
				<misses>17242001</misses>
				<total>38</total>
				<timestamp>5167.427982</timestamp>
			</report>
			<report>
				<misses>17243001</misses>
				<total>39</total>
				<timestamp>5167.727566</timestamp>
			</report>
			<report>
				<misses>17244001</misses>
				<total>39</total>
				<timestamp>5168.027306</timestamp>
			</report>
			<report>
				<misses>17245001</misses>
				<total>39</total>
				<timestamp>5168.327046</timestamp>
			</report>
			<report>
				<misses>17246001</misses>
				<total>39</total>
				<timestamp>5168.626675</timestamp>
			</report>
			<report>
				<misses>17247001</misses>
				<total>39</total>
				<timestamp>5168.926369</timestamp>
			</report>
			<report>
				<misses>17248001</misses>
				<total>39</total>
				<timestamp>5169.226135</timestamp>
			</report>
			<report>
				<misses>17249001</misses>
				<total>39</total>
				<timestamp>5169.525771</timestamp>
			</report>
			<report>
				<misses>17250001</misses>
				<total>39</total>
				<timestamp>5169.825481</timestamp>
			</report>
			<report>
				<misses>17251001</misses>
				<total>39</total>
				<timestamp>5170.125191</timestamp>
			</report>
			<report>
				<misses>17252001</misses>
				<total>39</total>
				<timestamp>5170.424872</timestamp>
			</report>
			<report>
				<misses>17253001</misses>
				<total>39</total>
				<timestamp>5170.724606</timestamp>
			</report>
			<report>
				<misses>17254001</misses>
				<total>39</total>
				<timestamp>5171.024266</timestamp>
			</report>
			<report>
				<misses>17255001</misses>
				<total>38</total>
				<timestamp>5171.324117</timestamp>
			</report>
			<report>
				<misses>17256001</misses>
				<total>39</total>
				<timestamp>5171.623657</timestamp>
			</report>
			<report>
				<misses>17257001</misses>
				<total>39</total>
				<timestamp>5171.923368</timestamp>
			</report>
			<report>
				<misses>17258001</misses>
				<total>39</total>
				<timestamp>5172.223130</timestamp>
			</report>
			<report>
				<misses>17259001</misses>
				<total>39</total>
				<timestamp>5172.522764</timestamp>
			</report>
			<report>
				<misses>17260001</misses>
				<total>39</total>
				<timestamp>5172.822469</timestamp>
			</report>
			<report>
				<misses>17261001</misses>
				<total>39</total>
				<timestamp>5173.122218</timestamp>
			</report>
			<report>
				<misses>17262001</misses>
				<total>39</total>
				<timestamp>5173.421939</timestamp>
			</report>
			<report>
				<misses>17263001</misses>
				<total>39</total>
				<timestamp>5173.721605</timestamp>
			</report>
			<report>
				<misses>17264001</misses>
				<total>39</total>
				<timestamp>5174.021268</timestamp>
			</report>
			<report>
				<misses>17265001</misses>
				<total>39</total>
				<timestamp>5174.321042</timestamp>
			</report>
			<report>
				<misses>17266001</misses>
				<total>39</total>
				<timestamp>5174.620666</timestamp>
			</report>
			<report>
				<misses>17267001</misses>
				<total>39</total>
				<timestamp>5174.920374</timestamp>
			</report>
			<report>
				<misses>17268001</misses>
				<total>39</total>
				<timestamp>5175.220140</timestamp>
			</report>
			<report>
				<misses>17269001</misses>
				<total>39</total>
				<timestamp>5175.519795</timestamp>
			</report>
			<report>
				<misses>17270001</misses>
				<total>39</total>
				<timestamp>5175.819518</timestamp>
			</report>
			<report>
				<misses>17271001</misses>
				<total>39</total>
				<timestamp>5176.119168</timestamp>
			</report>
			<report>
				<misses>17272001</misses>
				<total>39</total>
				<timestamp>5176.418869</timestamp>
			</report>
			<report>
				<misses>17273001</misses>
				<total>39</total>
				<timestamp>5176.718577</timestamp>
			</report>
			<report>
				<misses>17274001</misses>
				<total>39</total>
				<timestamp>5177.018325</timestamp>
			</report>
			<report>
				<misses>17275001</misses>
				<total>39</total>
				<timestamp>5177.318119</timestamp>
			</report>
			<report>
				<misses>17276001</misses>
				<total>39</total>
				<timestamp>5177.617700</timestamp>
			</report>
			<report>
				<misses>17277001</misses>
				<total>39</total>
				<timestamp>5177.917362</timestamp>
			</report>
			<report>
				<misses>17278001</misses>
				<total>39</total>
				<timestamp>5178.217118</timestamp>
			</report>
			<report>
				<misses>17279001</misses>
				<total>39</total>
				<timestamp>5178.516776</timestamp>
			</report>
			<report>
				<misses>17280001</misses>
				<total>39</total>
				<timestamp>5178.816577</timestamp>
			</report>
			<report>
				<misses>17281001</misses>
				<total>39</total>
				<timestamp>5179.116166</timestamp>
			</report>
			<report>
				<misses>17282001</misses>
				<total>39</total>
				<timestamp>5179.415871</timestamp>
			</report>
			<report>
				<misses>17283001</misses>
				<total>39</total>
				<timestamp>5179.715611</timestamp>
			</report>
			<report>
				<misses>17284001</misses>
				<total>39</total>
				<timestamp>5180.015277</timestamp>
			</report>
			<report>
				<misses>17285001</misses>
				<total>39</total>
				<timestamp>5180.315034</timestamp>
			</report>
			<report>
				<misses>17286001</misses>
				<total>39</total>
				<timestamp>5180.614675</timestamp>
			</report>
			<report>
				<misses>17287001</misses>
				<total>39</total>
				<timestamp>5180.914450</timestamp>
			</report>
			<report>
				<misses>17288001</misses>
				<total>39</total>
				<timestamp>5181.214080</timestamp>
			</report>
			<report>
				<misses>17289001</misses>
				<total>39</total>
				<timestamp>5181.513772</timestamp>
			</report>
			<report>
				<misses>17290001</misses>
				<total>39</total>
				<timestamp>5181.813588</timestamp>
			</report>
			<report>
				<misses>17291001</misses>
				<total>39</total>
				<timestamp>5182.113181</timestamp>
			</report>
			<report>
				<misses>17292001</misses>
				<total>39</total>
				<timestamp>5182.412893</timestamp>
			</report>
			<report>
				<misses>17293001</misses>
				<total>39</total>
				<timestamp>5182.712576</timestamp>
			</report>
			<report>
				<misses>17294001</misses>
				<total>39</total>
				<timestamp>5183.012269</timestamp>
			</report>
			<report>
				<misses>17295001</misses>
				<total>39</total>
				<timestamp>5183.312022</timestamp>
			</report>
			<report>
				<misses>17296001</misses>
				<total>39</total>
				<timestamp>5183.611679</timestamp>
			</report>
			<report>
				<misses>17297001</misses>
				<total>39</total>
				<timestamp>5183.911369</timestamp>
			</report>
			<report>
				<misses>17298001</misses>
				<total>39</total>
				<timestamp>5184.211083</timestamp>
			</report>
			<report>
				<misses>17299001</misses>
				<total>39</total>
				<timestamp>5184.510766</timestamp>
			</report>
			<report>
				<misses>17300001</misses>
				<total>39</total>
				<timestamp>5184.810511</timestamp>
			</report>
			<report>
				<misses>17301001</misses>
				<total>39</total>
				<timestamp>5185.110174</timestamp>
			</report>
			<report>
				<misses>17302001</misses>
				<total>39</total>
				<timestamp>5185.409889</timestamp>
			</report>
			<report>
				<misses>17303001</misses>
				<total>39</total>
				<timestamp>5185.709560</timestamp>
			</report>
			<report>
				<misses>17304001</misses>
				<total>39</total>
				<timestamp>5186.009270</timestamp>
			</report>
			<report>
				<misses>17305001</misses>
				<total>39</total>
				<timestamp>5186.309045</timestamp>
			</report>
			<report>
				<misses>17306001</misses>
				<total>39</total>
				<timestamp>5186.608726</timestamp>
			</report>
			<report>
				<misses>17307001</misses>
				<total>39</total>
				<timestamp>5186.908414</timestamp>
			</report>
			<report>
				<misses>17308001</misses>
				<total>39</total>
				<timestamp>5187.208117</timestamp>
			</report>
			<report>
				<misses>17309001</misses>
				<total>39</total>
				<timestamp>5187.507811</timestamp>
			</report>
			<report>
				<misses>17310001</misses>
				<total>39</total>
				<timestamp>5187.807472</timestamp>
			</report>
			<report>
				<misses>17311001</misses>
				<total>39</total>
				<timestamp>5188.107180</timestamp>
			</report>
			<report>
				<misses>17312001</misses>
				<total>39</total>
				<timestamp>5188.406882</timestamp>
			</report>
			<report>
				<misses>17313001</misses>
				<total>39</total>
				<timestamp>5188.706634</timestamp>
			</report>
			<report>
				<misses>17314001</misses>
				<total>39</total>
				<timestamp>5189.006272</timestamp>
			</report>
			<report>
				<misses>17315001</misses>
				<total>39</total>
				<timestamp>5189.306003</timestamp>
			</report>
			<report>
				<misses>17316001</misses>
				<total>39</total>
				<timestamp>5189.605719</timestamp>
			</report>
			<report>
				<misses>17317001</misses>
				<total>39</total>
				<timestamp>5189.905433</timestamp>
			</report>
			<report>
				<misses>17318001</misses>
				<total>39</total>
				<timestamp>5190.205099</timestamp>
			</report>
			<report>
				<misses>17319001</misses>
				<total>39</total>
				<timestamp>5190.504800</timestamp>
			</report>
			<report>
				<misses>17320001</misses>
				<total>39</total>
				<timestamp>5190.804481</timestamp>
			</report>
			<report>
				<misses>17321001</misses>
				<total>39</total>
				<timestamp>5191.104162</timestamp>
			</report>
			<report>
				<misses>17322001</misses>
				<total>39</total>
				<timestamp>5191.403877</timestamp>
			</report>
			<report>
				<misses>17323001</misses>
				<total>39</total>
				<timestamp>5191.703577</timestamp>
			</report>
			<report>
				<misses>17324001</misses>
				<total>39</total>
				<timestamp>5192.003289</timestamp>
			</report>
			<report>
				<misses>17325001</misses>
				<total>39</total>
				<timestamp>5192.303047</timestamp>
			</report>
			<report>
				<misses>17326001</misses>
				<total>39</total>
				<timestamp>5192.602674</timestamp>
			</report>
			<report>
				<misses>17327001</misses>
				<total>39</total>
				<timestamp>5192.902416</timestamp>
			</report>
			<report>
				<misses>17328001</misses>
				<total>39</total>
				<timestamp>5193.202063</timestamp>
			</report>
			<report>
				<misses>17329001</misses>
				<total>39</total>
				<timestamp>5193.501767</timestamp>
			</report>
			<report>
				<misses>17330001</misses>
				<total>39</total>
				<timestamp>5193.801528</timestamp>
			</report>
			<report>
				<misses>17331001</misses>
				<total>39</total>
				<timestamp>5194.101180</timestamp>
			</report>
			<report>
				<misses>17332001</misses>
				<total>39</total>
				<timestamp>5194.400949</timestamp>
			</report>
			<report>
				<misses>17333001</misses>
				<total>39</total>
				<timestamp>5194.700561</timestamp>
			</report>
			<report>
				<misses>17334001</misses>
				<total>39</total>
				<timestamp>5195.000268</timestamp>
			</report>
			<report>
				<misses>17335001</misses>
				<total>39</total>
				<timestamp>5195.299975</timestamp>
			</report>
			<report>
				<misses>17336001</misses>
				<total>39</total>
				<timestamp>5195.599677</timestamp>
			</report>
			<report>
				<misses>17337001</misses>
				<total>39</total>
				<timestamp>5195.899468</timestamp>
			</report>
			<report>
				<misses>17338001</misses>
				<total>39</total>
				<timestamp>5196.199081</timestamp>
			</report>
			<report>
				<misses>17339001</misses>
				<total>39</total>
				<timestamp>5196.498781</timestamp>
			</report>
			<report>
				<misses>17340001</misses>
				<total>39</total>
				<timestamp>5196.798485</timestamp>
			</report>
			<report>
				<misses>17341001</misses>
				<total>38</total>
				<timestamp>5197.098237</timestamp>
			</report>
			<report>
				<misses>17342001</misses>
				<total>39</total>
				<timestamp>5197.397867</timestamp>
			</report>
			<report>
				<misses>17343001</misses>
				<total>39</total>
				<timestamp>5197.697572</timestamp>
			</report>
			<report>
				<misses>17344001</misses>
				<total>39</total>
				<timestamp>5197.997278</timestamp>
			</report>
			<report>
				<misses>17345001</misses>
				<total>39</total>
				<timestamp>5198.297081</timestamp>
			</report>
			<report>
				<misses>17346001</misses>
				<total>39</total>
				<timestamp>5198.596666</timestamp>
			</report>
			<report>
				<misses>17347001</misses>
				<total>39</total>
				<timestamp>5198.896384</timestamp>
			</report>
			<report>
				<misses>17348001</misses>
				<total>39</total>
				<timestamp>5199.196124</timestamp>
			</report>
			<report>
				<misses>17349001</misses>
				<total>39</total>
				<timestamp>5199.495769</timestamp>
			</report>
			<report>
				<misses>17350001</misses>
				<total>39</total>
				<timestamp>5199.795541</timestamp>
			</report>
			<report>
				<misses>17351001</misses>
				<total>39</total>
				<timestamp>5200.095177</timestamp>
			</report>
			<report>
				<misses>17352001</misses>
				<total>39</total>
				<timestamp>5200.394889</timestamp>
			</report>
			<report>
				<misses>17353001</misses>
				<total>39</total>
				<timestamp>5200.694655</timestamp>
			</report>
			<report>
				<misses>17354001</misses>
				<total>39</total>
				<timestamp>5200.994277</timestamp>
			</report>
			<report>
				<misses>17355001</misses>
				<total>39</total>
				<timestamp>5201.293999</timestamp>
			</report>
			<report>
				<misses>17356001</misses>
				<total>39</total>
				<timestamp>5201.593674</timestamp>
			</report>
			<report>
				<misses>17357001</misses>
				<total>39</total>
				<timestamp>5201.893366</timestamp>
			</report>
			<report>
				<misses>17358001</misses>
				<total>39</total>
				<timestamp>5202.193088</timestamp>
			</report>
			<report>
				<misses>17359001</misses>
				<total>39</total>
				<timestamp>5202.492768</timestamp>
			</report>
			<report>
				<misses>17360001</misses>
				<total>39</total>
				<timestamp>5202.792538</timestamp>
			</report>
			<report>
				<misses>17361001</misses>
				<total>39</total>
				<timestamp>5203.092191</timestamp>
			</report>
			<report>
				<misses>17362001</misses>
				<total>39</total>
				<timestamp>5203.391941</timestamp>
			</report>
			<report>
				<misses>17363001</misses>
				<total>39</total>
				<timestamp>5203.691566</timestamp>
			</report>
			<report>
				<misses>17364001</misses>
				<total>39</total>
				<timestamp>5203.991270</timestamp>
			</report>
			<report>
				<misses>17365001</misses>
				<total>38</total>
				<timestamp>5204.291101</timestamp>
			</report>
			<report>
				<misses>17366001</misses>
				<total>39</total>
				<timestamp>5204.590672</timestamp>
			</report>
			<report>
				<misses>17367001</misses>
				<total>38</total>
				<timestamp>5204.890465</timestamp>
			</report>
			<report>
				<misses>17368001</misses>
				<total>39</total>
				<timestamp>5205.190093</timestamp>
			</report>
			<report>
				<misses>17369001</misses>
				<total>39</total>
				<timestamp>5205.489768</timestamp>
			</report>
			<report>
				<misses>17370001</misses>
				<total>39</total>
				<timestamp>5205.789527</timestamp>
			</report>
			<report>
				<misses>17371001</misses>
				<total>39</total>
				<timestamp>5206.089189</timestamp>
			</report>
			<report>
				<misses>17372001</misses>
				<total>39</total>
				<timestamp>5206.388921</timestamp>
			</report>
			<report>
				<misses>17373001</misses>
				<total>39</total>
				<timestamp>5206.688566</timestamp>
			</report>
			<report>
				<misses>17374001</misses>
				<total>39</total>
				<timestamp>5206.988281</timestamp>
			</report>
			<report>
				<misses>17375001</misses>
				<total>39</total>
				<timestamp>5207.288007</timestamp>
			</report>
			<report>
				<misses>17376001</misses>
				<total>39</total>
				<timestamp>5207.587678</timestamp>
			</report>
			<report>
				<misses>17377001</misses>
				<total>39</total>
				<timestamp>5207.887359</timestamp>
			</report>
			<report>
				<misses>17378001</misses>
				<total>39</total>
				<timestamp>5208.187079</timestamp>
			</report>
			<report>
				<misses>17379001</misses>
				<total>39</total>
				<timestamp>5208.486799</timestamp>
			</report>
			<report>
				<misses>17380001</misses>
				<total>39</total>
				<timestamp>5208.786499</timestamp>
			</report>
			<report>
				<misses>17381001</misses>
				<total>39</total>
				<timestamp>5209.086177</timestamp>
			</report>
			<report>
				<misses>17382001</misses>
				<total>39</total>
				<timestamp>5209.385930</timestamp>
			</report>
			<report>
				<misses>17383001</misses>
				<total>39</total>
				<timestamp>5209.685615</timestamp>
			</report>
			<report>
				<misses>17384001</misses>
				<total>39</total>
				<timestamp>5209.985277</timestamp>
			</report>
			<report>
				<misses>17385001</misses>
				<total>39</total>
				<timestamp>5210.285042</timestamp>
			</report>
			<report>
				<misses>17386001</misses>
				<total>39</total>
				<timestamp>5210.584678</timestamp>
			</report>
			<report>
				<misses>17387001</misses>
				<total>39</total>
				<timestamp>5210.884366</timestamp>
			</report>
			<report>
				<misses>17388001</misses>
				<total>39</total>
				<timestamp>5211.184071</timestamp>
			</report>
			<report>
				<misses>17389001</misses>
				<total>39</total>
				<timestamp>5211.483790</timestamp>
			</report>
			<report>
				<misses>17390001</misses>
				<total>39</total>
				<timestamp>5211.783475</timestamp>
			</report>
			<report>
				<misses>17391001</misses>
				<total>39</total>
				<timestamp>5212.083246</timestamp>
			</report>
			<report>
				<misses>17392001</misses>
				<total>39</total>
				<timestamp>5212.382901</timestamp>
			</report>
			<report>
				<misses>17393001</misses>
				<total>39</total>
				<timestamp>5212.682576</timestamp>
			</report>
			<report>
				<misses>17394001</misses>
				<total>39</total>
				<timestamp>5212.982266</timestamp>
			</report>
			<report>
				<misses>17395001</misses>
				<total>39</total>
				<timestamp>5213.282008</timestamp>
			</report>
			<report>
				<misses>17396001</misses>
				<total>39</total>
				<timestamp>5213.581670</timestamp>
			</report>
			<report>
				<misses>17397001</misses>
				<total>39</total>
				<timestamp>5213.881426</timestamp>
			</report>
			<report>
				<misses>17398001</misses>
				<total>39</total>
				<timestamp>5214.181085</timestamp>
			</report>
			<report>
				<misses>17399001</misses>
				<total>39</total>
				<timestamp>5214.480795</timestamp>
			</report>
			<report>
				<misses>17400001</misses>
				<total>39</total>
				<timestamp>5214.780465</timestamp>
			</report>
			<report>
				<misses>17401001</misses>
				<total>39</total>
				<timestamp>5215.080174</timestamp>
			</report>
			<report>
				<misses>17402001</misses>
				<total>39</total>
				<timestamp>5215.379896</timestamp>
			</report>
			<report>
				<misses>17403001</misses>
				<total>39</total>
				<timestamp>5215.679576</timestamp>
			</report>
			<report>
				<misses>17404001</misses>
				<total>39</total>
				<timestamp>5215.979334</timestamp>
			</report>
			<report>
				<misses>17405001</misses>
				<total>39</total>
				<timestamp>5216.278977</timestamp>
			</report>
			<report>
				<misses>17406001</misses>
				<total>39</total>
				<timestamp>5216.578681</timestamp>
			</report>
			<report>
				<misses>17407001</misses>
				<total>38</total>
				<timestamp>5216.878472</timestamp>
			</report>
			<report>
				<misses>17408001</misses>
				<total>39</total>
				<timestamp>5217.178062</timestamp>
			</report>
			<report>
				<misses>17409001</misses>
				<total>39</total>
				<timestamp>5217.477775</timestamp>
			</report>
			<report>
				<misses>17410001</misses>
				<total>38</total>
				<timestamp>5217.777558</timestamp>
			</report>
			<report>
				<misses>17411001</misses>
				<total>39</total>
				<timestamp>5218.077176</timestamp>
			</report>
			<report>
				<misses>17412001</misses>
				<total>39</total>
				<timestamp>5218.376929</timestamp>
			</report>
			<report>
				<misses>17413001</misses>
				<total>39</total>
				<timestamp>5218.676575</timestamp>
			</report>
			<report>
				<misses>17414001</misses>
				<total>39</total>
				<timestamp>5218.976259</timestamp>
			</report>
			<report>
				<misses>17415001</misses>
				<total>39</total>
				<timestamp>5219.275975</timestamp>
			</report>
			<report>
				<misses>17416001</misses>
				<total>39</total>
				<timestamp>5219.575696</timestamp>
			</report>
			<report>
				<misses>17417001</misses>
				<total>39</total>
				<timestamp>5219.875405</timestamp>
			</report>
			<report>
				<misses>17418001</misses>
				<total>39</total>
				<timestamp>5220.175071</timestamp>
			</report>
			<report>
				<misses>17419001</misses>
				<total>39</total>
				<timestamp>5220.474810</timestamp>
			</report>
			<report>
				<misses>17420001</misses>
				<total>38</total>
				<timestamp>5220.774567</timestamp>
			</report>
			<report>
				<misses>17421001</misses>
				<total>39</total>
				<timestamp>5221.074170</timestamp>
			</report>
			<report>
				<misses>17422001</misses>
				<total>39</total>
				<timestamp>5221.373885</timestamp>
			</report>
			<report>
				<misses>17423001</misses>
				<total>39</total>
				<timestamp>5221.673563</timestamp>
			</report>
			<report>
				<misses>17424001</misses>
				<total>39</total>
				<timestamp>5221.973344</timestamp>
			</report>
			<report>
				<misses>17425001</misses>
				<total>39</total>
				<timestamp>5222.272988</timestamp>
			</report>
			<report>
				<misses>17426001</misses>
				<total>39</total>
				<timestamp>5222.572674</timestamp>
			</report>
			<report>
				<misses>17427001</misses>
				<total>39</total>
				<timestamp>5222.872369</timestamp>
			</report>
			<report>
				<misses>17428001</misses>
				<total>39</total>
				<timestamp>5223.172087</timestamp>
			</report>
			<report>
				<misses>17429001</misses>
				<total>39</total>
				<timestamp>5223.471859</timestamp>
			</report>
			<report>
				<misses>17430001</misses>
				<total>39</total>
				<timestamp>5223.771489</timestamp>
			</report>
			<report>
				<misses>17431001</misses>
				<total>39</total>
				<timestamp>5224.071161</timestamp>
			</report>
			<report>
				<misses>17432001</misses>
				<total>39</total>
				<timestamp>5224.370881</timestamp>
			</report>
			<report>
				<misses>17433001</misses>
				<total>39</total>
				<timestamp>5224.670641</timestamp>
			</report>
			<report>
				<misses>17434001</misses>
				<total>39</total>
				<timestamp>5224.970346</timestamp>
			</report>
			<report>
				<misses>17435001</misses>
				<total>39</total>
				<timestamp>5225.269993</timestamp>
			</report>
			<report>
				<misses>17436001</misses>
				<total>39</total>
				<timestamp>5225.569673</timestamp>
			</report>
			<report>
				<misses>17437001</misses>
				<total>39</total>
				<timestamp>5225.869372</timestamp>
			</report>
			<report>
				<misses>17438001</misses>
				<total>39</total>
				<timestamp>5226.169161</timestamp>
			</report>
			<report>
				<misses>17439001</misses>
				<total>39</total>
				<timestamp>5226.468819</timestamp>
			</report>
			<report>
				<misses>17440001</misses>
				<total>39</total>
				<timestamp>5226.768483</timestamp>
			</report>
			<report>
				<misses>17441001</misses>
				<total>39</total>
				<timestamp>5227.068161</timestamp>
			</report>
			<report>
				<misses>17442001</misses>
				<total>39</total>
				<timestamp>5227.367880</timestamp>
			</report>
			<report>
				<misses>17443001</misses>
				<total>39</total>
				<timestamp>5227.667578</timestamp>
			</report>
			<report>
				<misses>17444001</misses>
				<total>38</total>
				<timestamp>5227.967388</timestamp>
			</report>
			<report>
				<misses>17445001</misses>
				<total>39</total>
				<timestamp>5228.266989</timestamp>
			</report>
			<report>
				<misses>17446001</misses>
				<total>39</total>
				<timestamp>5228.566676</timestamp>
			</report>
			<report>
				<misses>17447001</misses>
				<total>39</total>
				<timestamp>5228.866400</timestamp>
			</report>
			<report>
				<misses>17448001</misses>
				<total>39</total>
				<timestamp>5229.166088</timestamp>
			</report>
			<report>
				<misses>17449001</misses>
				<total>39</total>
				<timestamp>5229.465782</timestamp>
			</report>
			<report>
				<misses>17450001</misses>
				<total>39</total>
				<timestamp>5229.765481</timestamp>
			</report>
			<report>
				<misses>17451001</misses>
				<total>39</total>
				<timestamp>5230.065188</timestamp>
			</report>
			<report>
				<misses>17452001</misses>
				<total>39</total>
				<timestamp>5230.364900</timestamp>
			</report>
			<report>
				<misses>17453001</misses>
				<total>39</total>
				<timestamp>5230.664588</timestamp>
			</report>
			<report>
				<misses>17454001</misses>
				<total>39</total>
				<timestamp>5230.964302</timestamp>
			</report>
			<report>
				<misses>17455001</misses>
				<total>39</total>
				<timestamp>5231.264012</timestamp>
			</report>
			<report>
				<misses>17456001</misses>
				<total>39</total>
				<timestamp>5231.563721</timestamp>
			</report>
			<report>
				<misses>17457001</misses>
				<total>39</total>
				<timestamp>5231.863377</timestamp>
			</report>
			<report>
				<misses>17458001</misses>
				<total>39</total>
				<timestamp>5232.163080</timestamp>
			</report>
			<report>
				<misses>17459001</misses>
				<total>39</total>
				<timestamp>5232.462835</timestamp>
			</report>
			<report>
				<misses>17460001</misses>
				<total>39</total>
				<timestamp>5232.762478</timestamp>
			</report>
			<report>
				<misses>17461001</misses>
				<total>39</total>
				<timestamp>5233.062215</timestamp>
			</report>
			<report>
				<misses>17462001</misses>
				<total>39</total>
				<timestamp>5233.361872</timestamp>
			</report>
			<report>
				<misses>17463001</misses>
				<total>39</total>
				<timestamp>5233.661608</timestamp>
			</report>
			<report>
				<misses>17464001</misses>
				<total>39</total>
				<timestamp>5233.961277</timestamp>
			</report>
			<report>
				<misses>17465001</misses>
				<total>39</total>
				<timestamp>5234.260990</timestamp>
			</report>
			<report>
				<misses>17466001</misses>
				<total>39</total>
				<timestamp>5234.560677</timestamp>
			</report>
			<report>
				<misses>17467001</misses>
				<total>39</total>
				<timestamp>5234.860364</timestamp>
			</report>
			<report>
				<misses>17468001</misses>
				<total>39</total>
				<timestamp>5235.160061</timestamp>
			</report>
			<report>
				<misses>17469001</misses>
				<total>39</total>
				<timestamp>5235.459793</timestamp>
			</report>
			<report>
				<misses>17470001</misses>
				<total>39</total>
				<timestamp>5235.759472</timestamp>
			</report>
			<report>
				<misses>17471001</misses>
				<total>39</total>
				<timestamp>5236.059226</timestamp>
			</report>
			<report>
				<misses>17472001</misses>
				<total>39</total>
				<timestamp>5236.358947</timestamp>
			</report>
			<report>
				<misses>17473001</misses>
				<total>39</total>
				<timestamp>5236.658569</timestamp>
			</report>
			<report>
				<misses>17474001</misses>
				<total>39</total>
				<timestamp>5236.958310</timestamp>
			</report>
			<report>
				<misses>17475001</misses>
				<total>39</total>
				<timestamp>5237.257989</timestamp>
			</report>
			<report>
				<misses>17476001</misses>
				<total>39</total>
				<timestamp>5237.557727</timestamp>
			</report>
			<report>
				<misses>17477001</misses>
				<total>39</total>
				<timestamp>5237.857405</timestamp>
			</report>
			<report>
				<misses>17478001</misses>
				<total>39</total>
				<timestamp>5238.157085</timestamp>
			</report>
			<report>
				<misses>17479001</misses>
				<total>39</total>
				<timestamp>5238.456774</timestamp>
			</report>
			<report>
				<misses>17480001</misses>
				<total>39</total>
				<timestamp>5238.756493</timestamp>
			</report>
			<report>
				<misses>17481001</misses>
				<total>38</total>
				<timestamp>5239.056278</timestamp>
			</report>
			<report>
				<misses>17482001</misses>
				<total>39</total>
				<timestamp>5239.355871</timestamp>
			</report>
			<report>
				<misses>17483001</misses>
				<total>39</total>
				<timestamp>5239.655574</timestamp>
			</report>
			<report>
				<misses>17484001</misses>
				<total>39</total>
				<timestamp>5239.955296</timestamp>
			</report>
			<report>
				<misses>17485001</misses>
				<total>39</total>
				<timestamp>5240.255077</timestamp>
			</report>
			<report>
				<misses>17486001</misses>
				<total>39</total>
				<timestamp>5240.554766</timestamp>
			</report>
			<report>
				<misses>17487001</misses>
				<total>39</total>
				<timestamp>5240.854366</timestamp>
			</report>
			<report>
				<misses>17488001</misses>
				<total>39</total>
				<timestamp>5241.154150</timestamp>
			</report>
			<report>
				<misses>17489001</misses>
				<total>39</total>
				<timestamp>5241.453788</timestamp>
			</report>
			<report>
				<misses>17490001</misses>
				<total>39</total>
				<timestamp>5241.753475</timestamp>
			</report>
			<report>
				<misses>17491001</misses>
				<total>39</total>
				<timestamp>5242.053198</timestamp>
			</report>
			<report>
				<misses>17492001</misses>
				<total>39</total>
				<timestamp>5242.352898</timestamp>
			</report>
			<report>
				<misses>17493001</misses>
				<total>39</total>
				<timestamp>5242.652560</timestamp>
			</report>
			<report>
				<misses>17494001</misses>
				<total>39</total>
				<timestamp>5242.952274</timestamp>
			</report>
			<report>
				<misses>17495001</misses>
				<total>39</total>
				<timestamp>5243.251996</timestamp>
			</report>
			<report>
				<misses>17496001</misses>
				<total>39</total>
				<timestamp>5243.551694</timestamp>
			</report>
			<report>
				<misses>17497001</misses>
				<total>39</total>
				<timestamp>5243.851370</timestamp>
			</report>
			<report>
				<misses>17498001</misses>
				<total>39</total>
				<timestamp>5244.151102</timestamp>
			</report>
			<report>
				<misses>17499001</misses>
				<total>39</total>
				<timestamp>5244.450798</timestamp>
			</report>
			<report>
				<misses>17500001</misses>
				<total>39</total>
				<timestamp>5244.750471</timestamp>
			</report>
			<report>
				<misses>17501001</misses>
				<total>39</total>
				<timestamp>5245.050218</timestamp>
			</report>
			<report>
				<misses>17502001</misses>
				<total>39</total>
				<timestamp>5245.349876</timestamp>
			</report>
			<report>
				<misses>17503001</misses>
				<total>39</total>
				<timestamp>5245.649588</timestamp>
			</report>
			<report>
				<misses>17504001</misses>
				<total>39</total>
				<timestamp>5245.949318</timestamp>
			</report>
			<report>
				<misses>17505001</misses>
				<total>39</total>
				<timestamp>5246.248981</timestamp>
			</report>
			<report>
				<misses>17506001</misses>
				<total>39</total>
				<timestamp>5246.548700</timestamp>
			</report>
			<report>
				<misses>17507001</misses>
				<total>39</total>
				<timestamp>5246.848418</timestamp>
			</report>
			<report>
				<misses>17508001</misses>
				<total>39</total>
				<timestamp>5247.148079</timestamp>
			</report>
			<report>
				<misses>17509001</misses>
				<total>39</total>
				<timestamp>5247.447786</timestamp>
			</report>
			<report>
				<misses>17510001</misses>
				<total>39</total>
				<timestamp>5247.747468</timestamp>
			</report>
			<report>
				<misses>17511001</misses>
				<total>39</total>
				<timestamp>5248.047184</timestamp>
			</report>
			<report>
				<misses>17512001</misses>
				<total>39</total>
				<timestamp>5248.346886</timestamp>
			</report>
			<report>
				<misses>17513001</misses>
				<total>39</total>
				<timestamp>5248.646565</timestamp>
			</report>
			<report>
				<misses>17514001</misses>
				<total>39</total>
				<timestamp>5248.946292</timestamp>
			</report>
			<report>
				<misses>17515001</misses>
				<total>39</total>
				<timestamp>5249.245996</timestamp>
			</report>
			<report>
				<misses>17516001</misses>
				<total>39</total>
				<timestamp>5249.545708</timestamp>
			</report>
			<report>
				<misses>17517001</misses>
				<total>39</total>
				<timestamp>5249.845375</timestamp>
			</report>
			<report>
				<misses>17518001</misses>
				<total>39</total>
				<timestamp>5250.145170</timestamp>
			</report>
			<report>
				<misses>17519001</misses>
				<total>39</total>
				<timestamp>5250.444793</timestamp>
			</report>
			<report>
				<misses>17520001</misses>
				<total>39</total>
				<timestamp>5250.744492</timestamp>
			</report>
			<report>
				<misses>17521001</misses>
				<total>39</total>
				<timestamp>5251.044178</timestamp>
			</report>
			<report>
				<misses>17522001</misses>
				<total>39</total>
				<timestamp>5251.343869</timestamp>
			</report>
			<report>
				<misses>17523001</misses>
				<total>39</total>
				<timestamp>5251.643600</timestamp>
			</report>
			<report>
				<misses>17524001</misses>
				<total>39</total>
				<timestamp>5251.943329</timestamp>
			</report>
			<report>
				<misses>17525001</misses>
				<total>39</total>
				<timestamp>5252.242999</timestamp>
			</report>
			<report>
				<misses>17526001</misses>
				<total>39</total>
				<timestamp>5252.542690</timestamp>
			</report>
			<report>
				<misses>17527001</misses>
				<total>39</total>
				<timestamp>5252.842379</timestamp>
			</report>
			<report>
				<misses>17528001</misses>
				<total>39</total>
				<timestamp>5253.142151</timestamp>
			</report>
			<report>
				<misses>17529001</misses>
				<total>39</total>
				<timestamp>5253.441790</timestamp>
			</report>
			<report>
				<misses>17530001</misses>
				<total>39</total>
				<timestamp>5253.741523</timestamp>
			</report>
			<report>
				<misses>17531001</misses>
				<total>39</total>
				<timestamp>5254.041209</timestamp>
			</report>
			<report>
				<misses>17532001</misses>
				<total>39</total>
				<timestamp>5254.340873</timestamp>
			</report>
			<report>
				<misses>17533001</misses>
				<total>39</total>
				<timestamp>5254.640633</timestamp>
			</report>
			<report>
				<misses>17534001</misses>
				<total>39</total>
				<timestamp>5254.940264</timestamp>
			</report>
			<report>
				<misses>17535001</misses>
				<total>39</total>
				<timestamp>5255.240035</timestamp>
			</report>
			<report>
				<misses>17536001</misses>
				<total>39</total>
				<timestamp>5255.539705</timestamp>
			</report>
			<report>
				<misses>17537001</misses>
				<total>39</total>
				<timestamp>5255.839385</timestamp>
			</report>
			<report>
				<misses>17538001</misses>
				<total>39</total>
				<timestamp>5256.139139</timestamp>
			</report>
			<report>
				<misses>17539001</misses>
				<total>39</total>
				<timestamp>5256.438779</timestamp>
			</report>
			<report>
				<misses>17540001</misses>
				<total>39</total>
				<timestamp>5256.738496</timestamp>
			</report>
			<report>
				<misses>17541001</misses>
				<total>39</total>
				<timestamp>5257.038192</timestamp>
			</report>
			<report>
				<misses>17542001</misses>
				<total>39</total>
				<timestamp>5257.337938</timestamp>
			</report>
			<report>
				<misses>17543001</misses>
				<total>39</total>
				<timestamp>5257.637622</timestamp>
			</report>
			<report>
				<misses>17544001</misses>
				<total>39</total>
				<timestamp>5257.937338</timestamp>
			</report>
			<report>
				<misses>17545001</misses>
				<total>39</total>
				<timestamp>5258.237015</timestamp>
			</report>
			<report>
				<misses>17546001</misses>
				<total>39</total>
				<timestamp>5258.536691</timestamp>
			</report>
			<report>
				<misses>17547001</misses>
				<total>39</total>
				<timestamp>5258.836373</timestamp>
			</report>
			<report>
				<misses>17548001</misses>
				<total>38</total>
				<timestamp>5259.136184</timestamp>
			</report>
			<report>
				<misses>17549001</misses>
				<total>39</total>
				<timestamp>5259.435775</timestamp>
			</report>
			<report>
				<misses>17550001</misses>
				<total>39</total>
				<timestamp>5259.735494</timestamp>
			</report>
			<report>
				<misses>17551001</misses>
				<total>38</total>
				<timestamp>5260.035269</timestamp>
			</report>
			<report>
				<misses>17552001</misses>
				<total>39</total>
				<timestamp>5260.334874</timestamp>
			</report>
			<report>
				<misses>17553001</misses>
				<total>39</total>
				<timestamp>5260.634607</timestamp>
			</report>
			<report>
				<misses>17554001</misses>
				<total>39</total>
				<timestamp>5260.934284</timestamp>
			</report>
			<report>
				<misses>17555001</misses>
				<total>39</total>
				<timestamp>5261.234005</timestamp>
			</report>
			<report>
				<misses>17556001</misses>
				<total>39</total>
				<timestamp>5261.533719</timestamp>
			</report>
			<report>
				<misses>17557001</misses>
				<total>39</total>
				<timestamp>5261.833376</timestamp>
			</report>
			<report>
				<misses>17558001</misses>
				<total>39</total>
				<timestamp>5262.133062</timestamp>
			</report>
			<report>
				<misses>17559001</misses>
				<total>39</total>
				<timestamp>5262.432771</timestamp>
			</report>
			<report>
				<misses>17560001</misses>
				<total>39</total>
				<timestamp>5262.732495</timestamp>
			</report>
			<report>
				<misses>17561001</misses>
				<total>39</total>
				<timestamp>5263.032209</timestamp>
			</report>
			<report>
				<misses>17562001</misses>
				<total>39</total>
				<timestamp>5263.331867</timestamp>
			</report>
			<report>
				<misses>17563001</misses>
				<total>39</total>
				<timestamp>5263.631632</timestamp>
			</report>
			<report>
				<misses>17564001</misses>
				<total>39</total>
				<timestamp>5263.931345</timestamp>
			</report>
			<report>
				<misses>17565001</misses>
				<total>39</total>
				<timestamp>5264.230989</timestamp>
			</report>
			<report>
				<misses>17566001</misses>
				<total>39</total>
				<timestamp>5264.530682</timestamp>
			</report>
			<report>
				<misses>17567001</misses>
				<total>39</total>
				<timestamp>5264.830408</timestamp>
			</report>
			<report>
				<misses>17568001</misses>
				<total>39</total>
				<timestamp>5265.130126</timestamp>
			</report>
			<report>
				<misses>17569001</misses>
				<total>39</total>
				<timestamp>5265.429781</timestamp>
			</report>
			<report>
				<misses>17570001</misses>
				<total>39</total>
				<timestamp>5265.729509</timestamp>
			</report>
			<report>
				<misses>17571001</misses>
				<total>39</total>
				<timestamp>5266.029174</timestamp>
			</report>
			<report>
				<misses>17572001</misses>
				<total>39</total>
				<timestamp>5266.328871</timestamp>
			</report>
			<report>
				<misses>17573001</misses>
				<total>39</total>
				<timestamp>5266.628575</timestamp>
			</report>
			<report>
				<misses>17574001</misses>
				<total>39</total>
				<timestamp>5266.928260</timestamp>
			</report>
			<report>
				<misses>17575001</misses>
				<total>39</total>
				<timestamp>5267.228066</timestamp>
			</report>
			<report>
				<misses>17576001</misses>
				<total>39</total>
				<timestamp>5267.527676</timestamp>
			</report>
			<report>
				<misses>17577001</misses>
				<total>39</total>
				<timestamp>5267.827455</timestamp>
			</report>
			<report>
				<misses>17578001</misses>
				<total>39</total>
				<timestamp>5268.127096</timestamp>
			</report>
			<report>
				<misses>17579001</misses>
				<total>39</total>
				<timestamp>5268.426763</timestamp>
			</report>
			<report>
				<misses>17580001</misses>
				<total>39</total>
				<timestamp>5268.726481</timestamp>
			</report>
			<report>
				<misses>17581001</misses>
				<total>39</total>
				<timestamp>5269.026254</timestamp>
			</report>
			<report>
				<misses>17582001</misses>
				<total>39</total>
				<timestamp>5269.325880</timestamp>
			</report>
			<report>
				<misses>17583001</misses>
				<total>39</total>
				<timestamp>5269.625603</timestamp>
			</report>
			<report>
				<misses>17584001</misses>
				<total>39</total>
				<timestamp>5269.925271</timestamp>
			</report>
			<report>
				<misses>17585001</misses>
				<total>39</total>
				<timestamp>5270.224993</timestamp>
			</report>
			<report>
				<misses>17586001</misses>
				<total>39</total>
				<timestamp>5270.524679</timestamp>
			</report>
			<report>
				<misses>17587001</misses>
				<total>39</total>
				<timestamp>5270.824380</timestamp>
			</report>
			<report>
				<misses>17588001</misses>
				<total>39</total>
				<timestamp>5271.124087</timestamp>
			</report>
			<report>
				<misses>17589001</misses>
				<total>39</total>
				<timestamp>5271.423766</timestamp>
			</report>
			<report>
				<misses>17590001</misses>
				<total>39</total>
				<timestamp>5271.723544</timestamp>
			</report>
			<report>
				<misses>17591001</misses>
				<total>39</total>
				<timestamp>5272.023267</timestamp>
			</report>
			<report>
				<misses>17592001</misses>
				<total>39</total>
				<timestamp>5272.322944</timestamp>
			</report>
			<report>
				<misses>17593001</misses>
				<total>39</total>
				<timestamp>5272.622589</timestamp>
			</report>
			<report>
				<misses>17594001</misses>
				<total>39</total>
				<timestamp>5272.922284</timestamp>
			</report>
			<report>
				<misses>17595001</misses>
				<total>39</total>
				<timestamp>5273.221989</timestamp>
			</report>
			<report>
				<misses>17596001</misses>
				<total>39</total>
				<timestamp>5273.521675</timestamp>
			</report>
			<report>
				<misses>17597001</misses>
				<total>39</total>
				<timestamp>5273.821375</timestamp>
			</report>
			<report>
				<misses>17598001</misses>
				<total>39</total>
				<timestamp>5274.121133</timestamp>
			</report>
			<report>
				<misses>17599001</misses>
				<total>39</total>
				<timestamp>5274.420771</timestamp>
			</report>
			<report>
				<misses>17600001</misses>
				<total>39</total>
				<timestamp>5274.720512</timestamp>
			</report>
			<report>
				<misses>17601001</misses>
				<total>39</total>
				<timestamp>5275.020245</timestamp>
			</report>
			<report>
				<misses>17602001</misses>
				<total>39</total>
				<timestamp>5275.319872</timestamp>
			</report>
			<report>
				<misses>17603001</misses>
				<total>39</total>
				<timestamp>5275.619628</timestamp>
			</report>
			<report>
				<misses>17604001</misses>
				<total>39</total>
				<timestamp>5275.919265</timestamp>
			</report>
			<report>
				<misses>17605001</misses>
				<total>39</total>
				<timestamp>5276.219077</timestamp>
			</report>
			<report>
				<misses>17606001</misses>
				<total>39</total>
				<timestamp>5276.518682</timestamp>
			</report>
			<report>
				<misses>17607001</misses>
				<total>39</total>
				<timestamp>5276.818409</timestamp>
			</report>
			<report>
				<misses>17608001</misses>
				<total>39</total>
				<timestamp>5277.118070</timestamp>
			</report>
			<report>
				<misses>17609001</misses>
				<total>38</total>
				<timestamp>5277.417879</timestamp>
			</report>
			<report>
				<misses>17610001</misses>
				<total>39</total>
				<timestamp>5277.717484</timestamp>
			</report>
			<report>
				<misses>17611001</misses>
				<total>39</total>
				<timestamp>5278.017166</timestamp>
			</report>
			<report>
				<misses>17612001</misses>
				<total>39</total>
				<timestamp>5278.316963</timestamp>
			</report>
			<report>
				<misses>17613001</misses>
				<total>39</total>
				<timestamp>5278.616611</timestamp>
			</report>
			<report>
				<misses>17614001</misses>
				<total>39</total>
				<timestamp>5278.916275</timestamp>
			</report>
			<report>
				<misses>17615001</misses>
				<total>39</total>
				<timestamp>5279.216026</timestamp>
			</report>
			<report>
				<misses>17616001</misses>
				<total>39</total>
				<timestamp>5279.515679</timestamp>
			</report>
			<report>
				<misses>17617001</misses>
				<total>39</total>
				<timestamp>5279.815373</timestamp>
			</report>
			<report>
				<misses>17618001</misses>
				<total>39</total>
				<timestamp>5280.115077</timestamp>
			</report>
			<report>
				<misses>17619001</misses>
				<total>39</total>
				<timestamp>5280.414840</timestamp>
			</report>
			<report>
				<misses>17620001</misses>
				<total>39</total>
				<timestamp>5280.714500</timestamp>
			</report>
			<report>
				<misses>17621001</misses>
				<total>39</total>
				<timestamp>5281.014172</timestamp>
			</report>
			<report>
				<misses>17622001</misses>
				<total>39</total>
				<timestamp>5281.313870</timestamp>
			</report>
			<report>
				<misses>17623001</misses>
				<total>39</total>
				<timestamp>5281.613598</timestamp>
			</report>
			<report>
				<misses>17624001</misses>
				<total>39</total>
				<timestamp>5281.913282</timestamp>
			</report>
			<report>
				<misses>17625001</misses>
				<total>39</total>
				<timestamp>5282.212989</timestamp>
			</report>
			<report>
				<misses>17626001</misses>
				<total>39</total>
				<timestamp>5282.512667</timestamp>
			</report>
			<report>
				<misses>17627001</misses>
				<total>39</total>
				<timestamp>5282.812485</timestamp>
			</report>
			<report>
				<misses>17628001</misses>
				<total>39</total>
				<timestamp>5283.112081</timestamp>
			</report>
			<report>
				<misses>17629001</misses>
				<total>39</total>
				<timestamp>5283.411835</timestamp>
			</report>
			<report>
				<misses>17630001</misses>
				<total>39</total>
				<timestamp>5283.711492</timestamp>
			</report>
			<report>
				<misses>17631001</misses>
				<total>39</total>
				<timestamp>5284.011173</timestamp>
			</report>
			<report>
				<misses>17632001</misses>
				<total>39</total>
				<timestamp>5284.310875</timestamp>
			</report>
			<report>
				<misses>17633001</misses>
				<total>39</total>
				<timestamp>5284.610571</timestamp>
			</report>
			<report>
				<misses>17634001</misses>
				<total>39</total>
				<timestamp>5284.910286</timestamp>
			</report>
			<report>
				<misses>17635001</misses>
				<total>39</total>
				<timestamp>5285.209984</timestamp>
			</report>
			<report>
				<misses>17636001</misses>
				<total>39</total>
				<timestamp>5285.509669</timestamp>
			</report>
			<report>
				<misses>17637001</misses>
				<total>39</total>
				<timestamp>5285.809442</timestamp>
			</report>
			<report>
				<misses>17638001</misses>
				<total>39</total>
				<timestamp>5286.109133</timestamp>
			</report>
			<report>
				<misses>17639001</misses>
				<total>39</total>
				<timestamp>5286.408777</timestamp>
			</report>
			<report>
				<misses>17640001</misses>
				<total>39</total>
				<timestamp>5286.708511</timestamp>
			</report>
			<report>
				<misses>17641001</misses>
				<total>39</total>
				<timestamp>5287.008177</timestamp>
			</report>
			<report>
				<misses>17642001</misses>
				<total>39</total>
				<timestamp>5287.307859</timestamp>
			</report>
			<report>
				<misses>17643001</misses>
				<total>39</total>
				<timestamp>5287.607579</timestamp>
			</report>
			<report>
				<misses>17644001</misses>
				<total>39</total>
				<timestamp>5287.907433</timestamp>
			</report>
			<report>
				<misses>17645001</misses>
				<total>39</total>
				<timestamp>5288.206979</timestamp>
			</report>
			<report>
				<misses>17646001</misses>
				<total>39</total>
				<timestamp>5288.506677</timestamp>
			</report>
			<report>
				<misses>17647001</misses>
				<total>39</total>
				<timestamp>5288.806436</timestamp>
			</report>
			<report>
				<misses>17648001</misses>
				<total>39</total>
				<timestamp>5289.106152</timestamp>
			</report>
			<report>
				<misses>17649001</misses>
				<total>39</total>
				<timestamp>5289.405762</timestamp>
			</report>
			<report>
				<misses>17650001</misses>
				<total>39</total>
				<timestamp>5289.705508</timestamp>
			</report>
			<report>
				<misses>17651001</misses>
				<total>39</total>
				<timestamp>5290.005186</timestamp>
			</report>
			<report>
				<misses>17652001</misses>
				<total>39</total>
				<timestamp>5290.304955</timestamp>
			</report>
			<report>
				<misses>17653001</misses>
				<total>39</total>
				<timestamp>5290.604598</timestamp>
			</report>
			<report>
				<misses>17654001</misses>
				<total>39</total>
				<timestamp>5290.904303</timestamp>
			</report>
			<report>
				<misses>17655001</misses>
				<total>39</total>
				<timestamp>5291.203998</timestamp>
			</report>
			<report>
				<misses>17656001</misses>
				<total>39</total>
				<timestamp>5291.503671</timestamp>
			</report>
			<report>
				<misses>17657001</misses>
				<total>38</total>
				<timestamp>5291.803544</timestamp>
			</report>
			<report>
				<misses>17658001</misses>
				<total>39</total>
				<timestamp>5292.103074</timestamp>
			</report>
			<report>
				<misses>17659001</misses>
				<total>39</total>
				<timestamp>5292.402768</timestamp>
			</report>
			<report>
				<misses>17660001</misses>
				<total>39</total>
				<timestamp>5292.702559</timestamp>
			</report>
			<report>
				<misses>17661001</misses>
				<total>39</total>
				<timestamp>5293.002234</timestamp>
			</report>
			<report>
				<misses>17662001</misses>
				<total>39</total>
				<timestamp>5293.301872</timestamp>
			</report>
			<report>
				<misses>17663001</misses>
				<total>39</total>
				<timestamp>5293.601577</timestamp>
			</report>
			<report>
				<misses>17664001</misses>
				<total>39</total>
				<timestamp>5293.901308</timestamp>
			</report>
			<report>
				<misses>17665001</misses>
				<total>39</total>
				<timestamp>5294.200991</timestamp>
			</report>
			<report>
				<misses>17666001</misses>
				<total>39</total>
				<timestamp>5294.500684</timestamp>
			</report>
			<report>
				<misses>17667001</misses>
				<total>39</total>
				<timestamp>5294.800402</timestamp>
			</report>
			<report>
				<misses>17668001</misses>
				<total>39</total>
				<timestamp>5295.100058</timestamp>
			</report>
			<report>
				<misses>17669001</misses>
				<total>39</total>
				<timestamp>5295.399774</timestamp>
			</report>
			<report>
				<misses>17670001</misses>
				<total>39</total>
				<timestamp>5295.699507</timestamp>
			</report>
			<report>
				<misses>17671001</misses>
				<total>39</total>
				<timestamp>5295.999244</timestamp>
			</report>
			<report>
				<misses>17672001</misses>
				<total>40</total>
				<timestamp>5296.298875</timestamp>
			</report>
			<report>
				<misses>17673001</misses>
				<total>40</total>
				<timestamp>5296.598664</timestamp>
			</report>
			<report>
				<misses>17674001</misses>
				<total>40</total>
				<timestamp>5296.898296</timestamp>
			</report>
			<report>
				<misses>17675001</misses>
				<total>40</total>
				<timestamp>5297.197983</timestamp>
			</report>
			<report>
				<misses>17676001</misses>
				<total>40</total>
				<timestamp>5297.497710</timestamp>
			</report>
			<report>
				<misses>17677001</misses>
				<total>40</total>
				<timestamp>5297.797400</timestamp>
			</report>
			<report>
				<misses>17678001</misses>
				<total>40</total>
				<timestamp>5298.097125</timestamp>
			</report>
			<report>
				<misses>17679001</misses>
				<total>40</total>
				<timestamp>5298.396822</timestamp>
			</report>
			<report>
				<misses>17680001</misses>
				<total>40</total>
				<timestamp>5298.696497</timestamp>
			</report>
			<report>
				<misses>17681001</misses>
				<total>40</total>
				<timestamp>5298.996156</timestamp>
			</report>
			<report>
				<misses>17682001</misses>
				<total>40</total>
				<timestamp>5299.295866</timestamp>
			</report>
			<report>
				<misses>17683001</misses>
				<total>40</total>
				<timestamp>5299.595582</timestamp>
			</report>
			<report>
				<misses>17684001</misses>
				<total>40</total>
				<timestamp>5299.895293</timestamp>
			</report>
			<report>
				<misses>17685001</misses>
				<total>40</total>
				<timestamp>5300.195029</timestamp>
			</report>
			<report>
				<misses>17686001</misses>
				<total>40</total>
				<timestamp>5300.494675</timestamp>
			</report>
			<report>
				<misses>17687001</misses>
				<total>40</total>
				<timestamp>5300.794466</timestamp>
			</report>
			<report>
				<misses>17688001</misses>
				<total>40</total>
				<timestamp>5301.094145</timestamp>
			</report>
			<report>
				<misses>17689001</misses>
				<total>40</total>
				<timestamp>5301.393779</timestamp>
			</report>
			<report>
				<misses>17690001</misses>
				<total>40</total>
				<timestamp>5301.693469</timestamp>
			</report>
			<report>
				<misses>17691001</misses>
				<total>40</total>
				<timestamp>5301.993178</timestamp>
			</report>
			<report>
				<misses>17692001</misses>
				<total>40</total>
				<timestamp>5302.292957</timestamp>
			</report>
			<report>
				<misses>17693001</misses>
				<total>40</total>
				<timestamp>5302.592586</timestamp>
			</report>
			<report>
				<misses>17694001</misses>
				<total>40</total>
				<timestamp>5302.892360</timestamp>
			</report>
			<report>
				<misses>17695001</misses>
				<total>40</total>
				<timestamp>5303.192038</timestamp>
			</report>
			<report>
				<misses>17696001</misses>
				<total>40</total>
				<timestamp>5303.491671</timestamp>
			</report>
			<report>
				<misses>17697001</misses>
				<total>40</total>
				<timestamp>5303.791384</timestamp>
			</report>
			<report>
				<misses>17698001</misses>
				<total>40</total>
				<timestamp>5304.091071</timestamp>
			</report>
			<report>
				<misses>17699001</misses>
				<total>40</total>
				<timestamp>5304.390772</timestamp>
			</report>
			<report>
				<misses>17700001</misses>
				<total>40</total>
				<timestamp>5304.690497</timestamp>
			</report>
			<report>
				<misses>17701001</misses>
				<total>40</total>
				<timestamp>5304.990178</timestamp>
			</report>
			<report>
				<misses>17702001</misses>
				<total>40</total>
				<timestamp>5305.289881</timestamp>
			</report>
			<report>
				<misses>17703001</misses>
				<total>40</total>
				<timestamp>5305.589574</timestamp>
			</report>
			<report>
				<misses>17704001</misses>
				<total>40</total>
				<timestamp>5305.889337</timestamp>
			</report>
			<report>
				<misses>17705001</misses>
				<total>39</total>
				<timestamp>5306.189096</timestamp>
			</report>
			<report>
				<misses>17706001</misses>
				<total>40</total>
				<timestamp>5306.488679</timestamp>
			</report>
			<report>
				<misses>17707001</misses>
				<total>40</total>
				<timestamp>5306.788419</timestamp>
			</report>
			<report>
				<misses>17708001</misses>
				<total>40</total>
				<timestamp>5307.088079</timestamp>
			</report>
			<report>
				<misses>17709001</misses>
				<total>40</total>
				<timestamp>5307.387781</timestamp>
			</report>
			<report>
				<misses>17710001</misses>
				<total>39</total>
				<timestamp>5307.687563</timestamp>
			</report>
			<report>
				<misses>17711001</misses>
				<total>40</total>
				<timestamp>5307.987258</timestamp>
			</report>
			<report>
				<misses>17712001</misses>
				<total>40</total>
				<timestamp>5308.286878</timestamp>
			</report>
			<report>
				<misses>17713001</misses>
				<total>40</total>
				<timestamp>5308.586568</timestamp>
			</report>
			<report>
				<misses>17714001</misses>
				<total>40</total>
				<timestamp>5308.886280</timestamp>
			</report>
			<report>
				<misses>17715001</misses>
				<total>40</total>
				<timestamp>5309.186042</timestamp>
			</report>
			<report>
				<misses>17716001</misses>
				<total>40</total>
				<timestamp>5309.485667</timestamp>
			</report>
			<report>
				<misses>17717001</misses>
				<total>40</total>
				<timestamp>5309.785395</timestamp>
			</report>
			<report>
				<misses>17718001</misses>
				<total>40</total>
				<timestamp>5310.085134</timestamp>
			</report>
			<report>
				<misses>17719001</misses>
				<total>40</total>
				<timestamp>5310.384774</timestamp>
			</report>
			<report>
				<misses>17720001</misses>
				<total>40</total>
				<timestamp>5310.684471</timestamp>
			</report>
			<report>
				<misses>17721001</misses>
				<total>40</total>
				<timestamp>5310.984169</timestamp>
			</report>
			<report>
				<misses>17722001</misses>
				<total>40</total>
				<timestamp>5311.283936</timestamp>
			</report>
			<report>
				<misses>17723001</misses>
				<total>40</total>
				<timestamp>5311.583589</timestamp>
			</report>
			<report>
				<misses>17724001</misses>
				<total>39</total>
				<timestamp>5311.883485</timestamp>
			</report>
			<report>
				<misses>17725001</misses>
				<total>40</total>
				<timestamp>5312.182989</timestamp>
			</report>
			<report>
				<misses>17726001</misses>
				<total>40</total>
				<timestamp>5312.482667</timestamp>
			</report>
			<report>
				<misses>17727001</misses>
				<total>40</total>
				<timestamp>5312.782429</timestamp>
			</report>
			<report>
				<misses>17728001</misses>
				<total>40</total>
				<timestamp>5313.082057</timestamp>
			</report>
			<report>
				<misses>17729001</misses>
				<total>40</total>
				<timestamp>5313.381776</timestamp>
			</report>
			<report>
				<misses>17730001</misses>
				<total>40</total>
				<timestamp>5313.681484</timestamp>
			</report>
			<report>
				<misses>17731001</misses>
				<total>40</total>
				<timestamp>5313.981220</timestamp>
			</report>
			<report>
				<misses>17732001</misses>
				<total>40</total>
				<timestamp>5314.280863</timestamp>
			</report>
			<report>
				<misses>17733001</misses>
				<total>40</total>
				<timestamp>5314.580570</timestamp>
			</report>
			<report>
				<misses>17734001</misses>
				<total>40</total>
				<timestamp>5314.880285</timestamp>
			</report>
			<report>
				<misses>17735001</misses>
				<total>40</total>
				<timestamp>5315.180029</timestamp>
			</report>
			<report>
				<misses>17736001</misses>
				<total>40</total>
				<timestamp>5315.479684</timestamp>
			</report>
			<report>
				<misses>17737001</misses>
				<total>40</total>
				<timestamp>5315.779407</timestamp>
			</report>
			<report>
				<misses>17738001</misses>
				<total>40</total>
				<timestamp>5316.079163</timestamp>
			</report>
			<report>
				<misses>17739001</misses>
				<total>40</total>
				<timestamp>5316.378818</timestamp>
			</report>
			<report>
				<misses>17740001</misses>
				<total>40</total>
				<timestamp>5316.678466</timestamp>
			</report>
			<report>
				<misses>17741001</misses>
				<total>40</total>
				<timestamp>5316.978256</timestamp>
			</report>
			<report>
				<misses>17742001</misses>
				<total>40</total>
				<timestamp>5317.277865</timestamp>
			</report>
			<report>
				<misses>17743001</misses>
				<total>40</total>
				<timestamp>5317.577556</timestamp>
			</report>
			<report>
				<misses>17744001</misses>
				<total>40</total>
				<timestamp>5317.877285</timestamp>
			</report>
			<report>
				<misses>17745001</misses>
				<total>40</total>
				<timestamp>5318.177030</timestamp>
			</report>
			<report>
				<misses>17746001</misses>
				<total>40</total>
				<timestamp>5318.476689</timestamp>
			</report>
			<report>
				<misses>17747001</misses>
				<total>40</total>
				<timestamp>5318.776379</timestamp>
			</report>
			<report>
				<misses>17748001</misses>
				<total>40</total>
				<timestamp>5319.076184</timestamp>
			</report>
			<report>
				<misses>17749001</misses>
				<total>40</total>
				<timestamp>5319.375769</timestamp>
			</report>
			<report>
				<misses>17750001</misses>
				<total>40</total>
				<timestamp>5319.675471</timestamp>
			</report>
			<report>
				<misses>17751001</misses>
				<total>40</total>
				<timestamp>5319.975255</timestamp>
			</report>
			<report>
				<misses>17752001</misses>
				<total>39</total>
				<timestamp>5320.274975</timestamp>
			</report>
			<report>
				<misses>17753001</misses>
				<total>40</total>
				<timestamp>5320.574561</timestamp>
			</report>
			<report>
				<misses>17754001</misses>
				<total>40</total>
				<timestamp>5320.874360</timestamp>
			</report>
			<report>
				<misses>17755001</misses>
				<total>40</total>
				<timestamp>5321.173989</timestamp>
			</report>
			<report>
				<misses>17756001</misses>
				<total>40</total>
				<timestamp>5321.473692</timestamp>
			</report>
			<report>
				<misses>17757001</misses>
				<total>40</total>
				<timestamp>5321.773364</timestamp>
			</report>
			<report>
				<misses>17758001</misses>
				<total>40</total>
				<timestamp>5322.073070</timestamp>
			</report>
			<report>
				<misses>17759001</misses>
				<total>39</total>
				<timestamp>5322.372903</timestamp>
			</report>
			<report>
				<misses>17760001</misses>
				<total>40</total>
				<timestamp>5322.672466</timestamp>
			</report>
			<report>
				<misses>17761001</misses>
				<total>40</total>
				<timestamp>5322.972202</timestamp>
			</report>
			<report>
				<misses>17762001</misses>
				<total>40</total>
				<timestamp>5323.271895</timestamp>
			</report>
			<report>
				<misses>17763001</misses>
				<total>40</total>
				<timestamp>5323.571575</timestamp>
			</report>
			<report>
				<misses>17764001</misses>
				<total>40</total>
				<timestamp>5323.871306</timestamp>
			</report>
			<report>
				<misses>17765001</misses>
				<total>40</total>
				<timestamp>5324.170997</timestamp>
			</report>
			<report>
				<misses>17766001</misses>
				<total>40</total>
				<timestamp>5324.470691</timestamp>
			</report>
			<report>
				<misses>17767001</misses>
				<total>40</total>
				<timestamp>5324.770396</timestamp>
			</report>
			<report>
				<misses>17768001</misses>
				<total>40</total>
				<timestamp>5325.070081</timestamp>
			</report>
			<report>
				<misses>17769001</misses>
				<total>40</total>
				<timestamp>5325.369762</timestamp>
			</report>
			<report>
				<misses>17770001</misses>
				<total>40</total>
				<timestamp>5325.669480</timestamp>
			</report>
			<report>
				<misses>17771001</misses>
				<total>40</total>
				<timestamp>5325.969204</timestamp>
			</report>
			<report>
				<misses>17772001</misses>
				<total>40</total>
				<timestamp>5326.268916</timestamp>
			</report>
			<report>
				<misses>17773001</misses>
				<total>40</total>
				<timestamp>5326.568567</timestamp>
			</report>
			<report>
				<misses>17774001</misses>
				<total>40</total>
				<timestamp>5326.868276</timestamp>
			</report>
			<report>
				<misses>17775001</misses>
				<total>40</total>
				<timestamp>5327.167990</timestamp>
			</report>
			<report>
				<misses>17776001</misses>
				<total>40</total>
				<timestamp>5327.467680</timestamp>
			</report>
			<report>
				<misses>17777001</misses>
				<total>40</total>
				<timestamp>5327.767372</timestamp>
			</report>
			<report>
				<misses>17778001</misses>
				<total>40</total>
				<timestamp>5328.067119</timestamp>
			</report>
			<report>
				<misses>17779001</misses>
				<total>40</total>
				<timestamp>5328.366812</timestamp>
			</report>
			<report>
				<misses>17780001</misses>
				<total>40</total>
				<timestamp>5328.666461</timestamp>
			</report>
			<report>
				<misses>17781001</misses>
				<total>40</total>
				<timestamp>5328.966205</timestamp>
			</report>
			<report>
				<misses>17782001</misses>
				<total>40</total>
				<timestamp>5329.265924</timestamp>
			</report>
			<report>
				<misses>17783001</misses>
				<total>40</total>
				<timestamp>5329.565566</timestamp>
			</report>
			<report>
				<misses>17784001</misses>
				<total>40</total>
				<timestamp>5329.865334</timestamp>
			</report>
			<report>
				<misses>17785001</misses>
				<total>40</total>
				<timestamp>5330.164986</timestamp>
			</report>
			<report>
				<misses>17786001</misses>
				<total>40</total>
				<timestamp>5330.464711</timestamp>
			</report>
			<report>
				<misses>17787001</misses>
				<total>40</total>
				<timestamp>5330.764403</timestamp>
			</report>
			<report>
				<misses>17788001</misses>
				<total>40</total>
				<timestamp>5331.064144</timestamp>
			</report>
			<report>
				<misses>17789001</misses>
				<total>40</total>
				<timestamp>5331.363824</timestamp>
			</report>
			<report>
				<misses>17790001</misses>
				<total>40</total>
				<timestamp>5331.663481</timestamp>
			</report>
			<report>
				<misses>17791001</misses>
				<total>40</total>
				<timestamp>5331.963179</timestamp>
			</report>
			<report>
				<misses>17792001</misses>
				<total>40</total>
				<timestamp>5332.262912</timestamp>
			</report>
			<report>
				<misses>17793001</misses>
				<total>40</total>
				<timestamp>5332.562564</timestamp>
			</report>
			<report>
				<misses>17794001</misses>
				<total>40</total>
				<timestamp>5332.862294</timestamp>
			</report>
			<report>
				<misses>17795001</misses>
				<total>40</total>
				<timestamp>5333.162018</timestamp>
			</report>
			<report>
				<misses>17796001</misses>
				<total>40</total>
				<timestamp>5333.461751</timestamp>
			</report>
			<report>
				<misses>17797001</misses>
				<total>40</total>
				<timestamp>5333.761368</timestamp>
			</report>
			<report>
				<misses>17798001</misses>
				<total>40</total>
				<timestamp>5334.061104</timestamp>
			</report>
			<report>
				<misses>17799001</misses>
				<total>40</total>
				<timestamp>5334.360811</timestamp>
			</report>
			<report>
				<misses>17800001</misses>
				<total>40</total>
				<timestamp>5334.660497</timestamp>
			</report>
			<report>
				<misses>17801001</misses>
				<total>40</total>
				<timestamp>5334.960225</timestamp>
			</report>
			<report>
				<misses>17802001</misses>
				<total>40</total>
				<timestamp>5335.259936</timestamp>
			</report>
			<report>
				<misses>17803001</misses>
				<total>40</total>
				<timestamp>5335.559638</timestamp>
			</report>
			<report>
				<misses>17804001</misses>
				<total>40</total>
				<timestamp>5335.859284</timestamp>
			</report>
			<report>
				<misses>17805001</misses>
				<total>40</total>
				<timestamp>5336.159047</timestamp>
			</report>
			<report>
				<misses>17806001</misses>
				<total>40</total>
				<timestamp>5336.458673</timestamp>
			</report>
			<report>
				<misses>17807001</misses>
				<total>40</total>
				<timestamp>5336.758399</timestamp>
			</report>
			<report>
				<misses>17808001</misses>
				<total>40</total>
				<timestamp>5337.058100</timestamp>
			</report>
			<report>
				<misses>17809001</misses>
				<total>40</total>
				<timestamp>5337.357843</timestamp>
			</report>
			<report>
				<misses>17810001</misses>
				<total>40</total>
				<timestamp>5337.657462</timestamp>
			</report>
			<report>
				<misses>17811001</misses>
				<total>40</total>
				<timestamp>5337.957243</timestamp>
			</report>
			<report>
				<misses>17812001</misses>
				<total>40</total>
				<timestamp>5338.256883</timestamp>
			</report>
			<report>
				<misses>17813001</misses>
				<total>40</total>
				<timestamp>5338.556564</timestamp>
			</report>
			<report>
				<misses>17814001</misses>
				<total>40</total>
				<timestamp>5338.856284</timestamp>
			</report>
			<report>
				<misses>17815001</misses>
				<total>40</total>
				<timestamp>5339.156002</timestamp>
			</report>
			<report>
				<misses>17816001</misses>
				<total>40</total>
				<timestamp>5339.455666</timestamp>
			</report>
			<report>
				<misses>17817001</misses>
				<total>40</total>
				<timestamp>5339.755427</timestamp>
			</report>
			<report>
				<misses>17818001</misses>
				<total>40</total>
				<timestamp>5340.055087</timestamp>
			</report>
			<report>
				<misses>17819001</misses>
				<total>40</total>
				<timestamp>5340.354781</timestamp>
			</report>
			<report>
				<misses>17820001</misses>
				<total>40</total>
				<timestamp>5340.654472</timestamp>
			</report>
			<report>
				<misses>17821001</misses>
				<total>40</total>
				<timestamp>5340.954194</timestamp>
			</report>
			<report>
				<misses>17822001</misses>
				<total>40</total>
				<timestamp>5341.253916</timestamp>
			</report>
			<report>
				<misses>17823001</misses>
				<total>40</total>
				<timestamp>5341.553567</timestamp>
			</report>
			<report>
				<misses>17824001</misses>
				<total>40</total>
				<timestamp>5341.853288</timestamp>
			</report>
			<report>
				<misses>17825001</misses>
				<total>40</total>
				<timestamp>5342.153052</timestamp>
			</report>
			<report>
				<misses>17826001</misses>
				<total>40</total>
				<timestamp>5342.452748</timestamp>
			</report>
			<report>
				<misses>17827001</misses>
				<total>40</total>
				<timestamp>5342.752375</timestamp>
			</report>
			<report>
				<misses>17828001</misses>
				<total>40</total>
				<timestamp>5343.052084</timestamp>
			</report>
			<report>
				<misses>17829001</misses>
				<total>40</total>
				<timestamp>5343.351789</timestamp>
			</report>
			<report>
				<misses>17830001</misses>
				<total>40</total>
				<timestamp>5343.651472</timestamp>
			</report>
			<report>
				<misses>17831001</misses>
				<total>40</total>
				<timestamp>5343.951211</timestamp>
			</report>
			<report>
				<misses>17832001</misses>
				<total>40</total>
				<timestamp>5344.250944</timestamp>
			</report>
			<report>
				<misses>17833001</misses>
				<total>40</total>
				<timestamp>5344.550581</timestamp>
			</report>
			<report>
				<misses>17834001</misses>
				<total>40</total>
				<timestamp>5344.850317</timestamp>
			</report>
			<report>
				<misses>17835001</misses>
				<total>40</total>
				<timestamp>5345.150065</timestamp>
			</report>
			<report>
				<misses>17836001</misses>
				<total>40</total>
				<timestamp>5345.449676</timestamp>
			</report>
			<report>
				<misses>17837001</misses>
				<total>40</total>
				<timestamp>5345.749369</timestamp>
			</report>
			<report>
				<misses>17838001</misses>
				<total>40</total>
				<timestamp>5346.049099</timestamp>
			</report>
			<report>
				<misses>17839001</misses>
				<total>40</total>
				<timestamp>5346.348779</timestamp>
			</report>
			<report>
				<misses>17840001</misses>
				<total>40</total>
				<timestamp>5346.648491</timestamp>
			</report>
			<report>
				<misses>17841001</misses>
				<total>40</total>
				<timestamp>5346.948190</timestamp>
			</report>
			<report>
				<misses>17842001</misses>
				<total>40</total>
				<timestamp>5347.247953</timestamp>
			</report>
			<report>
				<misses>17843001</misses>
				<total>40</total>
				<timestamp>5347.547568</timestamp>
			</report>
			<report>
				<misses>17844001</misses>
				<total>40</total>
				<timestamp>5347.847274</timestamp>
			</report>
			<report>
				<misses>17845001</misses>
				<total>40</total>
				<timestamp>5348.147040</timestamp>
			</report>
			<report>
				<misses>17846001</misses>
				<total>40</total>
				<timestamp>5348.446734</timestamp>
			</report>
			<report>
				<misses>17847001</misses>
				<total>40</total>
				<timestamp>5348.746369</timestamp>
			</report>
			<report>
				<misses>17848001</misses>
				<total>40</total>
				<timestamp>5349.046093</timestamp>
			</report>
			<report>
				<misses>17849001</misses>
				<total>40</total>
				<timestamp>5349.345787</timestamp>
			</report>
			<report>
				<misses>17850001</misses>
				<total>40</total>
				<timestamp>5349.645456</timestamp>
			</report>
			<report>
				<misses>17851001</misses>
				<total>40</total>
				<timestamp>5349.945190</timestamp>
			</report>
			<report>
				<misses>17852001</misses>
				<total>40</total>
				<timestamp>5350.245006</timestamp>
			</report>
			<report>
				<misses>17853001</misses>
				<total>40</total>
				<timestamp>5350.544572</timestamp>
			</report>
			<report>
				<misses>17854001</misses>
				<total>40</total>
				<timestamp>5350.844275</timestamp>
			</report>
			<report>
				<misses>17855001</misses>
				<total>40</total>
				<timestamp>5351.144013</timestamp>
			</report>
			<report>
				<misses>17856001</misses>
				<total>40</total>
				<timestamp>5351.443666</timestamp>
			</report>
			<report>
				<misses>17857001</misses>
				<total>40</total>
				<timestamp>5351.743357</timestamp>
			</report>
			<report>
				<misses>17858001</misses>
				<total>40</total>
				<timestamp>5352.043069</timestamp>
			</report>
			<report>
				<misses>17859001</misses>
				<total>40</total>
				<timestamp>5352.342776</timestamp>
			</report>
			<report>
				<misses>17860001</misses>
				<total>40</total>
				<timestamp>5352.642479</timestamp>
			</report>
			<report>
				<misses>17861001</misses>
				<total>40</total>
				<timestamp>5352.942178</timestamp>
			</report>
			<report>
				<misses>17862001</misses>
				<total>40</total>
				<timestamp>5353.241881</timestamp>
			</report>
			<report>
				<misses>17863001</misses>
				<total>40</total>
				<timestamp>5353.541653</timestamp>
			</report>
			<report>
				<misses>17864001</misses>
				<total>40</total>
				<timestamp>5353.841260</timestamp>
			</report>
			<report>
				<misses>17865001</misses>
				<total>40</total>
				<timestamp>5354.141016</timestamp>
			</report>
			<report>
				<misses>17866001</misses>
				<total>40</total>
				<timestamp>5354.440732</timestamp>
			</report>
			<report>
				<misses>17867001</misses>
				<total>40</total>
				<timestamp>5354.740373</timestamp>
			</report>
			<report>
				<misses>17868001</misses>
				<total>40</total>
				<timestamp>5355.040138</timestamp>
			</report>
			<report>
				<misses>17869001</misses>
				<total>40</total>
				<timestamp>5355.339785</timestamp>
			</report>
			<report>
				<misses>17870001</misses>
				<total>40</total>
				<timestamp>5355.639473</timestamp>
			</report>
			<report>
				<misses>17871001</misses>
				<total>40</total>
				<timestamp>5355.939177</timestamp>
			</report>
			<report>
				<misses>17872001</misses>
				<total>40</total>
				<timestamp>5356.238900</timestamp>
			</report>
			<report>
				<misses>17873001</misses>
				<total>39</total>
				<timestamp>5356.538674</timestamp>
			</report>
			<report>
				<misses>17874001</misses>
				<total>40</total>
				<timestamp>5356.838353</timestamp>
			</report>
			<report>
				<misses>17875001</misses>
				<total>39</total>
				<timestamp>5357.138107</timestamp>
			</report>
			<report>
				<misses>17876001</misses>
				<total>40</total>
				<timestamp>5357.437668</timestamp>
			</report>
			<report>
				<misses>17877001</misses>
				<total>40</total>
				<timestamp>5357.737368</timestamp>
			</report>
			<report>
				<misses>17878001</misses>
				<total>40</total>
				<timestamp>5358.037088</timestamp>
			</report>
			<report>
				<misses>17879001</misses>
				<total>40</total>
				<timestamp>5358.336772</timestamp>
			</report>
			<report>
				<misses>17880001</misses>
				<total>40</total>
				<timestamp>5358.636466</timestamp>
			</report>
			<report>
				<misses>17881001</misses>
				<total>40</total>
				<timestamp>5358.936248</timestamp>
			</report>
			<report>
				<misses>17882001</misses>
				<total>40</total>
				<timestamp>5359.235961</timestamp>
			</report>
			<report>
				<misses>17883001</misses>
				<total>40</total>
				<timestamp>5359.535561</timestamp>
			</report>
			<report>
				<misses>17884001</misses>
				<total>40</total>
				<timestamp>5359.835292</timestamp>
			</report>
			<report>
				<misses>17885001</misses>
				<total>40</total>
				<timestamp>5360.134987</timestamp>
			</report>
			<report>
				<misses>17886001</misses>
				<total>40</total>
				<timestamp>5360.434705</timestamp>
			</report>
			<report>
				<misses>17887001</misses>
				<total>40</total>
				<timestamp>5360.734401</timestamp>
			</report>
			<report>
				<misses>17888001</misses>
				<total>40</total>
				<timestamp>5361.034160</timestamp>
			</report>
			<report>
				<misses>17889001</misses>
				<total>40</total>
				<timestamp>5361.333768</timestamp>
			</report>
			<report>
				<misses>17890001</misses>
				<total>40</total>
				<timestamp>5361.633475</timestamp>
			</report>
			<report>
				<misses>17891001</misses>
				<total>40</total>
				<timestamp>5361.933172</timestamp>
			</report>
			<report>
				<misses>17892001</misses>
				<total>40</total>
				<timestamp>5362.232891</timestamp>
			</report>
			<report>
				<misses>17893001</misses>
				<total>39</total>
				<timestamp>5362.532687</timestamp>
			</report>
			<report>
				<misses>17894001</misses>
				<total>40</total>
				<timestamp>5362.832287</timestamp>
			</report>
			<report>
				<misses>17895001</misses>
				<total>40</total>
				<timestamp>5363.132126</timestamp>
			</report>
			<report>
				<misses>17896001</misses>
				<total>40</total>
				<timestamp>5363.431719</timestamp>
			</report>
			<report>
				<misses>17897001</misses>
				<total>40</total>
				<timestamp>5363.731354</timestamp>
			</report>
			<report>
				<misses>17898001</misses>
				<total>40</total>
				<timestamp>5364.031088</timestamp>
			</report>
			<report>
				<misses>17899001</misses>
				<total>40</total>
				<timestamp>5364.330821</timestamp>
			</report>
			<report>
				<misses>17900001</misses>
				<total>40</total>
				<timestamp>5364.630536</timestamp>
			</report>
			<report>
				<misses>17901001</misses>
				<total>40</total>
				<timestamp>5364.930167</timestamp>
			</report>
			<report>
				<misses>17902001</misses>
				<total>40</total>
				<timestamp>5365.229903</timestamp>
			</report>
			<report>
				<misses>17903001</misses>
				<total>40</total>
				<timestamp>5365.529575</timestamp>
			</report>
			<report>
				<misses>17904001</misses>
				<total>40</total>
				<timestamp>5365.829281</timestamp>
			</report>
			<report>
				<misses>17905001</misses>
				<total>40</total>
				<timestamp>5366.129052</timestamp>
			</report>
			<report>
				<misses>17906001</misses>
				<total>40</total>
				<timestamp>5366.428744</timestamp>
			</report>
			<report>
				<misses>17907001</misses>
				<total>40</total>
				<timestamp>5366.728369</timestamp>
			</report>
			<report>
				<misses>17908001</misses>
				<total>40</total>
				<timestamp>5367.028084</timestamp>
			</report>
			<report>
				<misses>17909001</misses>
				<total>39</total>
				<timestamp>5367.327894</timestamp>
			</report>
			<report>
				<misses>17910001</misses>
				<total>40</total>
				<timestamp>5367.627480</timestamp>
			</report>
			<report>
				<misses>17911001</misses>
				<total>40</total>
				<timestamp>5367.927175</timestamp>
			</report>
			<report>
				<misses>17912001</misses>
				<total>40</total>
				<timestamp>5368.226902</timestamp>
			</report>
			<report>
				<misses>17913001</misses>
				<total>40</total>
				<timestamp>5368.526559</timestamp>
			</report>
			<report>
				<misses>17914001</misses>
				<total>40</total>
				<timestamp>5368.826262</timestamp>
			</report>
			<report>
				<misses>17915001</misses>
				<total>40</total>
				<timestamp>5369.126048</timestamp>
			</report>
			<report>
				<misses>17916001</misses>
				<total>40</total>
				<timestamp>5369.425668</timestamp>
			</report>
			<report>
				<misses>17917001</misses>
				<total>40</total>
				<timestamp>5369.725417</timestamp>
			</report>
			<report>
				<misses>17918001</misses>
				<total>40</total>
				<timestamp>5370.025085</timestamp>
			</report>
			<report>
				<misses>17919001</misses>
				<total>40</total>
				<timestamp>5370.324899</timestamp>
			</report>
			<report>
				<misses>17920001</misses>
				<total>40</total>
				<timestamp>5370.624460</timestamp>
			</report>
			<report>
				<misses>17921001</misses>
				<total>40</total>
				<timestamp>5370.924179</timestamp>
			</report>
			<report>
				<misses>17922001</misses>
				<total>40</total>
				<timestamp>5371.223914</timestamp>
			</report>
			<report>
				<misses>17923001</misses>
				<total>40</total>
				<timestamp>5371.523625</timestamp>
			</report>
			<report>
				<misses>17924001</misses>
				<total>40</total>
				<timestamp>5371.823264</timestamp>
			</report>
			<report>
				<misses>17925001</misses>
				<total>40</total>
				<timestamp>5372.123069</timestamp>
			</report>
			<report>
				<misses>17926001</misses>
				<total>40</total>
				<timestamp>5372.422713</timestamp>
			</report>
			<report>
				<misses>17927001</misses>
				<total>40</total>
				<timestamp>5372.722367</timestamp>
			</report>
			<report>
				<misses>17928001</misses>
				<total>40</total>
				<timestamp>5373.022060</timestamp>
			</report>
			<report>
				<misses>17929001</misses>
				<total>40</total>
				<timestamp>5373.321795</timestamp>
			</report>
			<report>
				<misses>17930001</misses>
				<total>40</total>
				<timestamp>5373.621481</timestamp>
			</report>
			<report>
				<misses>17931001</misses>
				<total>41</total>
				<timestamp>5373.921168</timestamp>
			</report>
			<report>
				<misses>17932001</misses>
				<total>41</total>
				<timestamp>5374.220888</timestamp>
			</report>
			<report>
				<misses>17933001</misses>
				<total>41</total>
				<timestamp>5374.520607</timestamp>
			</report>
			<report>
				<misses>17934001</misses>
				<total>41</total>
				<timestamp>5374.820268</timestamp>
			</report>
			<report>
				<misses>17935001</misses>
				<total>41</total>
				<timestamp>5375.119992</timestamp>
			</report>
			<report>
				<misses>17936001</misses>
				<total>41</total>
				<timestamp>5375.419756</timestamp>
			</report>
			<report>
				<misses>17937001</misses>
				<total>41</total>
				<timestamp>5375.719486</timestamp>
			</report>
			<report>
				<misses>17938001</misses>
				<total>41</total>
				<timestamp>5376.019125</timestamp>
			</report>
			<report>
				<misses>17939001</misses>
				<total>41</total>
				<timestamp>5376.318877</timestamp>
			</report>
			<report>
				<misses>17940001</misses>
				<total>41</total>
				<timestamp>5376.618515</timestamp>
			</report>
			<report>
				<misses>17941001</misses>
				<total>41</total>
				<timestamp>5376.918179</timestamp>
			</report>
			<report>
				<misses>17942001</misses>
				<total>41</total>
				<timestamp>5377.217882</timestamp>
			</report>
			<report>
				<misses>17943001</misses>
				<total>41</total>
				<timestamp>5377.517567</timestamp>
			</report>
			<report>
				<misses>17944001</misses>
				<total>41</total>
				<timestamp>5377.817270</timestamp>
			</report>
			<report>
				<misses>17945001</misses>
				<total>41</total>
				<timestamp>5378.116990</timestamp>
			</report>
			<report>
				<misses>17946001</misses>
				<total>40</total>
				<timestamp>5378.416835</timestamp>
			</report>
			<report>
				<misses>17947001</misses>
				<total>41</total>
				<timestamp>5378.716372</timestamp>
			</report>
			<report>
				<misses>17948001</misses>
				<total>41</total>
				<timestamp>5379.016135</timestamp>
			</report>
			<report>
				<misses>17949001</misses>
				<total>41</total>
				<timestamp>5379.315822</timestamp>
			</report>
			<report>
				<misses>17950001</misses>
				<total>41</total>
				<timestamp>5379.615464</timestamp>
			</report>
			<report>
				<misses>17951001</misses>
				<total>41</total>
				<timestamp>5379.915168</timestamp>
			</report>
			<report>
				<misses>17952001</misses>
				<total>41</total>
				<timestamp>5380.214920</timestamp>
			</report>
			<report>
				<misses>17953001</misses>
				<total>41</total>
				<timestamp>5380.514621</timestamp>
			</report>
			<report>
				<misses>17954001</misses>
				<total>41</total>
				<timestamp>5380.814293</timestamp>
			</report>
			<report>
				<misses>17955001</misses>
				<total>41</total>
				<timestamp>5381.113994</timestamp>
			</report>
			<report>
				<misses>17956001</misses>
				<total>41</total>
				<timestamp>5381.413696</timestamp>
			</report>
			<report>
				<misses>17957001</misses>
				<total>41</total>
				<timestamp>5381.713403</timestamp>
			</report>
			<report>
				<misses>17958001</misses>
				<total>41</total>
				<timestamp>5382.013140</timestamp>
			</report>
			<report>
				<misses>17959001</misses>
				<total>41</total>
				<timestamp>5382.312808</timestamp>
			</report>
			<report>
				<misses>17960001</misses>
				<total>41</total>
				<timestamp>5382.612510</timestamp>
			</report>
			<report>
				<misses>17961001</misses>
				<total>41</total>
				<timestamp>5382.912166</timestamp>
			</report>
			<report>
				<misses>17962001</misses>
				<total>40</total>
				<timestamp>5383.211966</timestamp>
			</report>
			<report>
				<misses>17963001</misses>
				<total>40</total>
				<timestamp>5383.511701</timestamp>
			</report>
			<report>
				<misses>17964001</misses>
				<total>41</total>
				<timestamp>5383.811301</timestamp>
			</report>
			<report>
				<misses>17965001</misses>
				<total>41</total>
				<timestamp>5384.110967</timestamp>
			</report>
			<report>
				<misses>17966001</misses>
				<total>41</total>
				<timestamp>5384.410700</timestamp>
			</report>
			<report>
				<misses>17967001</misses>
				<total>41</total>
				<timestamp>5384.710365</timestamp>
			</report>
			<report>
				<misses>17968001</misses>
				<total>41</total>
				<timestamp>5385.010094</timestamp>
			</report>
			<report>
				<misses>17969001</misses>
				<total>41</total>
				<timestamp>5385.309801</timestamp>
			</report>
			<report>
				<misses>17970001</misses>
				<total>41</total>
				<timestamp>5385.609560</timestamp>
			</report>
			<report>
				<misses>17971001</misses>
				<total>41</total>
				<timestamp>5385.909177</timestamp>
			</report>
			<report>
				<misses>17972001</misses>
				<total>41</total>
				<timestamp>5386.208939</timestamp>
			</report>
			<report>
				<misses>17973001</misses>
				<total>41</total>
				<timestamp>5386.508570</timestamp>
			</report>
			<report>
				<misses>17974001</misses>
				<total>41</total>
				<timestamp>5386.808276</timestamp>
			</report>
			<report>
				<misses>17975001</misses>
				<total>41</total>
				<timestamp>5387.107994</timestamp>
			</report>
			<report>
				<misses>17976001</misses>
				<total>41</total>
				<timestamp>5387.407673</timestamp>
			</report>
			<report>
				<misses>17977001</misses>
				<total>41</total>
				<timestamp>5387.707365</timestamp>
			</report>
			<report>
				<misses>17978001</misses>
				<total>41</total>
				<timestamp>5388.007096</timestamp>
			</report>
			<report>
				<misses>17979001</misses>
				<total>41</total>
				<timestamp>5388.306769</timestamp>
			</report>
			<report>
				<misses>17980001</misses>
				<total>41</total>
				<timestamp>5388.606497</timestamp>
			</report>
			<report>
				<misses>17981001</misses>
				<total>41</total>
				<timestamp>5388.906165</timestamp>
			</report>
			<report>
				<misses>17982001</misses>
				<total>41</total>
				<timestamp>5389.205888</timestamp>
			</report>
			<report>
				<misses>17983001</misses>
				<total>41</total>
				<timestamp>5389.505623</timestamp>
			</report>
			<report>
				<misses>17984001</misses>
				<total>41</total>
				<timestamp>5389.805281</timestamp>
			</report>
			<report>
				<misses>17985001</misses>
				<total>41</total>
				<timestamp>5390.104966</timestamp>
			</report>
			<report>
				<misses>17986001</misses>
				<total>41</total>
				<timestamp>5390.404715</timestamp>
			</report>
			<report>
				<misses>17987001</misses>
				<total>41</total>
				<timestamp>5390.704374</timestamp>
			</report>
			<report>
				<misses>17988001</misses>
				<total>41</total>
				<timestamp>5391.004074</timestamp>
			</report>
			<report>
				<misses>17989001</misses>
				<total>41</total>
				<timestamp>5391.303794</timestamp>
			</report>
			<report>
				<misses>17990001</misses>
				<total>41</total>
				<timestamp>5391.603520</timestamp>
			</report>
			<report>
				<misses>17991001</misses>
				<total>41</total>
				<timestamp>5391.903178</timestamp>
			</report>
			<report>
				<misses>17992001</misses>
				<total>41</total>
				<timestamp>5392.202874</timestamp>
			</report>
			<report>
				<misses>17993001</misses>
				<total>41</total>
				<timestamp>5392.502573</timestamp>
			</report>
			<report>
				<misses>17994001</misses>
				<total>41</total>
				<timestamp>5392.802266</timestamp>
			</report>
			<report>
				<misses>17995001</misses>
				<total>41</total>
				<timestamp>5393.101984</timestamp>
			</report>
			<report>
				<misses>17996001</misses>
				<total>41</total>
				<timestamp>5393.401740</timestamp>
			</report>
			<report>
				<misses>17997001</misses>
				<total>40</total>
				<timestamp>5393.701501</timestamp>
			</report>
			<report>
				<misses>17998001</misses>
				<total>41</total>
				<timestamp>5394.001074</timestamp>
			</report>
			<report>
				<misses>17999001</misses>
				<total>41</total>
				<timestamp>5394.300810</timestamp>
			</report>
			<report>
				<misses>18000001</misses>
				<total>41</total>
				<timestamp>5394.600480</timestamp>
			</report>
			<report>
				<misses>18001001</misses>
				<total>41</total>
				<timestamp>5394.900189</timestamp>
			</report>
			<report>
				<misses>18002001</misses>
				<total>41</total>
				<timestamp>5395.199887</timestamp>
			</report>
			<report>
				<misses>18003001</misses>
				<total>41</total>
				<timestamp>5395.499582</timestamp>
			</report>
			<report>
				<misses>18004001</misses>
				<total>41</total>
				<timestamp>5395.799280</timestamp>
			</report>
			<report>
				<misses>18005001</misses>
				<total>41</total>
				<timestamp>5396.099055</timestamp>
			</report>
			<report>
				<misses>18006001</misses>
				<total>41</total>
				<timestamp>5396.398698</timestamp>
			</report>
			<report>
				<misses>18007001</misses>
				<total>41</total>
				<timestamp>5396.698428</timestamp>
			</report>
			<report>
				<misses>18008001</misses>
				<total>41</total>
				<timestamp>5396.998064</timestamp>
			</report>
			<report>
				<misses>18009001</misses>
				<total>41</total>
				<timestamp>5397.297770</timestamp>
			</report>
			<report>
				<misses>18010001</misses>
				<total>41</total>
				<timestamp>5397.597464</timestamp>
			</report>
			<report>
				<misses>18011001</misses>
				<total>41</total>
				<timestamp>5397.897237</timestamp>
			</report>
			<report>
				<misses>18012001</misses>
				<total>41</total>
				<timestamp>5398.196899</timestamp>
			</report>
			<report>
				<misses>18013001</misses>
				<total>41</total>
				<timestamp>5398.496601</timestamp>
			</report>
			<report>
				<misses>18014001</misses>
				<total>41</total>
				<timestamp>5398.796319</timestamp>
			</report>
			<report>
				<misses>18015001</misses>
				<total>41</total>
				<timestamp>5399.096056</timestamp>
			</report>
			<report>
				<misses>18016001</misses>
				<total>41</total>
				<timestamp>5399.395705</timestamp>
			</report>
			<report>
				<misses>18017001</misses>
				<total>41</total>
				<timestamp>5399.695374</timestamp>
			</report>
			<report>
				<misses>18018001</misses>
				<total>41</total>
				<timestamp>5399.995065</timestamp>
			</report>
			<report>
				<misses>18019001</misses>
				<total>41</total>
				<timestamp>5400.294891</timestamp>
			</report>
			<report>
				<misses>18020001</misses>
				<total>41</total>
				<timestamp>5400.594540</timestamp>
			</report>
			<report>
				<misses>18021001</misses>
				<total>41</total>
				<timestamp>5400.894176</timestamp>
			</report>
			<report>
				<misses>18022001</misses>
				<total>41</total>
				<timestamp>5401.193875</timestamp>
			</report>
			<report>
				<misses>18023001</misses>
				<total>41</total>
				<timestamp>5401.493582</timestamp>
			</report>
			<report>
				<misses>18024001</misses>
				<total>41</total>
				<timestamp>5401.793280</timestamp>
			</report>
			<report>
				<misses>18025001</misses>
				<total>41</total>
				<timestamp>5402.092988</timestamp>
			</report>
			<report>
				<misses>18026001</misses>
				<total>41</total>
				<timestamp>5402.392669</timestamp>
			</report>
			<report>
				<misses>18027001</misses>
				<total>41</total>
				<timestamp>5402.692417</timestamp>
			</report>
			<report>
				<misses>18028001</misses>
				<total>41</total>
				<timestamp>5402.992130</timestamp>
			</report>
			<report>
				<misses>18029001</misses>
				<total>41</total>
				<timestamp>5403.291849</timestamp>
			</report>
			<report>
				<misses>18030001</misses>
				<total>41</total>
				<timestamp>5403.591546</timestamp>
			</report>
			<report>
				<misses>18031001</misses>
				<total>41</total>
				<timestamp>5403.891206</timestamp>
			</report>
			<report>
				<misses>18032001</misses>
				<total>41</total>
				<timestamp>5404.190941</timestamp>
			</report>
			<report>
				<misses>18033001</misses>
				<total>40</total>
				<timestamp>5404.490667</timestamp>
			</report>
			<report>
				<misses>18034001</misses>
				<total>41</total>
				<timestamp>5404.790283</timestamp>
			</report>
			<report>
				<misses>18035001</misses>
				<total>41</total>
				<timestamp>5405.090020</timestamp>
			</report>
			<report>
				<misses>18036001</misses>
				<total>41</total>
				<timestamp>5405.389665</timestamp>
			</report>
			<report>
				<misses>18037001</misses>
				<total>40</total>
				<timestamp>5405.689489</timestamp>
			</report>
			<report>
				<misses>18038001</misses>
				<total>41</total>
				<timestamp>5405.989106</timestamp>
			</report>
			<report>
				<misses>18039001</misses>
				<total>41</total>
				<timestamp>5406.288769</timestamp>
			</report>
			<report>
				<misses>18040001</misses>
				<total>41</total>
				<timestamp>5406.588519</timestamp>
			</report>
			<report>
				<misses>18041001</misses>
				<total>41</total>
				<timestamp>5406.888159</timestamp>
			</report>
			<report>
				<misses>18042001</misses>
				<total>41</total>
				<timestamp>5407.187869</timestamp>
			</report>
			<report>
				<misses>18043001</misses>
				<total>41</total>
				<timestamp>5407.487694</timestamp>
			</report>
			<report>
				<misses>18044001</misses>
				<total>41</total>
				<timestamp>5407.787354</timestamp>
			</report>
			<report>
				<misses>18045001</misses>
				<total>41</total>
				<timestamp>5408.086981</timestamp>
			</report>
			<report>
				<misses>18046001</misses>
				<total>41</total>
				<timestamp>5408.386695</timestamp>
			</report>
			<report>
				<misses>18047001</misses>
				<total>40</total>
				<timestamp>5408.686466</timestamp>
			</report>
			<report>
				<misses>18048001</misses>
				<total>41</total>
				<timestamp>5408.986075</timestamp>
			</report>
			<report>
				<misses>18049001</misses>
				<total>41</total>
				<timestamp>5409.285798</timestamp>
			</report>
			<report>
				<misses>18050001</misses>
				<total>41</total>
				<timestamp>5409.585505</timestamp>
			</report>
			<report>
				<misses>18051001</misses>
				<total>41</total>
				<timestamp>5409.885250</timestamp>
			</report>
			<report>
				<misses>18052001</misses>
				<total>41</total>
				<timestamp>5410.184880</timestamp>
			</report>
			<report>
				<misses>18053001</misses>
				<total>41</total>
				<timestamp>5410.484624</timestamp>
			</report>
			<report>
				<misses>18054001</misses>
				<total>41</total>
				<timestamp>5410.784280</timestamp>
			</report>
			<report>
				<misses>18055001</misses>
				<total>41</total>
				<timestamp>5411.084060</timestamp>
			</report>
			<report>
				<misses>18056001</misses>
				<total>41</total>
				<timestamp>5411.383669</timestamp>
			</report>
			<report>
				<misses>18057001</misses>
				<total>41</total>
				<timestamp>5411.683381</timestamp>
			</report>
			<report>
				<misses>18058001</misses>
				<total>41</total>
				<timestamp>5411.983067</timestamp>
			</report>
			<report>
				<misses>18059001</misses>
				<total>41</total>
				<timestamp>5412.282772</timestamp>
			</report>
			<report>
				<misses>18060001</misses>
				<total>41</total>
				<timestamp>5412.582467</timestamp>
			</report>
			<report>
				<misses>18061001</misses>
				<total>41</total>
				<timestamp>5412.882182</timestamp>
			</report>
			<report>
				<misses>18062001</misses>
				<total>41</total>
				<timestamp>5413.181869</timestamp>
			</report>
			<report>
				<misses>18063001</misses>
				<total>41</total>
				<timestamp>5413.481617</timestamp>
			</report>
			<report>
				<misses>18064001</misses>
				<total>41</total>
				<timestamp>5413.781341</timestamp>
			</report>
			<report>
				<misses>18065001</misses>
				<total>41</total>
				<timestamp>5414.080995</timestamp>
			</report>
			<report>
				<misses>18066001</misses>
				<total>41</total>
				<timestamp>5414.380704</timestamp>
			</report>
			<report>
				<misses>18067001</misses>
				<total>41</total>
				<timestamp>5414.680377</timestamp>
			</report>
			<report>
				<misses>18068001</misses>
				<total>41</total>
				<timestamp>5414.980078</timestamp>
			</report>
			<report>
				<misses>18069001</misses>
				<total>41</total>
				<timestamp>5415.279786</timestamp>
			</report>
			<report>
				<misses>18070001</misses>
				<total>41</total>
				<timestamp>5415.579479</timestamp>
			</report>
			<report>
				<misses>18071001</misses>
				<total>41</total>
				<timestamp>5415.879175</timestamp>
			</report>
			<report>
				<misses>18072001</misses>
				<total>41</total>
				<timestamp>5416.178867</timestamp>
			</report>
			<report>
				<misses>18073001</misses>
				<total>41</total>
				<timestamp>5416.478652</timestamp>
			</report>
			<report>
				<misses>18074001</misses>
				<total>41</total>
				<timestamp>5416.778277</timestamp>
			</report>
			<report>
				<misses>18075001</misses>
				<total>41</total>
				<timestamp>5417.078032</timestamp>
			</report>
			<report>
				<misses>18076001</misses>
				<total>41</total>
				<timestamp>5417.377759</timestamp>
			</report>
			<report>
				<misses>18077001</misses>
				<total>41</total>
				<timestamp>5417.677381</timestamp>
			</report>
			<report>
				<misses>18078001</misses>
				<total>41</total>
				<timestamp>5417.977074</timestamp>
			</report>
			<report>
				<misses>18079001</misses>
				<total>41</total>
				<timestamp>5418.276834</timestamp>
			</report>
			<report>
				<misses>18080001</misses>
				<total>41</total>
				<timestamp>5418.576505</timestamp>
			</report>
			<report>
				<misses>18081001</misses>
				<total>41</total>
				<timestamp>5418.876163</timestamp>
			</report>
			<report>
				<misses>18082001</misses>
				<total>41</total>
				<timestamp>5419.175868</timestamp>
			</report>
			<report>
				<misses>18083001</misses>
				<total>41</total>
				<timestamp>5419.475575</timestamp>
			</report>
			<report>
				<misses>18084001</misses>
				<total>41</total>
				<timestamp>5419.775303</timestamp>
			</report>
			<report>
				<misses>18085001</misses>
				<total>41</total>
				<timestamp>5420.074992</timestamp>
			</report>
			<report>
				<misses>18086001</misses>
				<total>41</total>
				<timestamp>5420.374672</timestamp>
			</report>
			<report>
				<misses>18087001</misses>
				<total>41</total>
				<timestamp>5420.674375</timestamp>
			</report>
			<report>
				<misses>18088001</misses>
				<total>41</total>
				<timestamp>5420.974074</timestamp>
			</report>
			<report>
				<misses>18089001</misses>
				<total>41</total>
				<timestamp>5421.273785</timestamp>
			</report>
			<report>
				<misses>18090001</misses>
				<total>41</total>
				<timestamp>5421.573499</timestamp>
			</report>
			<report>
				<misses>18091001</misses>
				<total>41</total>
				<timestamp>5421.873199</timestamp>
			</report>
			<report>
				<misses>18092001</misses>
				<total>41</total>
				<timestamp>5422.172900</timestamp>
			</report>
			<report>
				<misses>18093001</misses>
				<total>41</total>
				<timestamp>5422.472572</timestamp>
			</report>
			<report>
				<misses>18094001</misses>
				<total>41</total>
				<timestamp>5422.772309</timestamp>
			</report>
			<report>
				<misses>18095001</misses>
				<total>41</total>
				<timestamp>5423.071980</timestamp>
			</report>
			<report>
				<misses>18096001</misses>
				<total>41</total>
				<timestamp>5423.371679</timestamp>
			</report>
			<report>
				<misses>18097001</misses>
				<total>41</total>
				<timestamp>5423.671368</timestamp>
			</report>
			<report>
				<misses>18098001</misses>
				<total>41</total>
				<timestamp>5423.971067</timestamp>
			</report>
			<report>
				<misses>18099001</misses>
				<total>41</total>
				<timestamp>5424.270770</timestamp>
			</report>
			<report>
				<misses>18100001</misses>
				<total>41</total>
				<timestamp>5424.570548</timestamp>
			</report>
			<report>
				<misses>18101001</misses>
				<total>41</total>
				<timestamp>5424.870228</timestamp>
			</report>
			<report>
				<misses>18102001</misses>
				<total>41</total>
				<timestamp>5425.169872</timestamp>
			</report>
			<report>
				<misses>18103001</misses>
				<total>41</total>
				<timestamp>5425.469579</timestamp>
			</report>
			<report>
				<misses>18104001</misses>
				<total>41</total>
				<timestamp>5425.769336</timestamp>
			</report>
			<report>
				<misses>18105001</misses>
				<total>41</total>
				<timestamp>5426.068999</timestamp>
			</report>
			<report>
				<misses>18106001</misses>
				<total>41</total>
				<timestamp>5426.368724</timestamp>
			</report>
			<report>
				<misses>18107001</misses>
				<total>41</total>
				<timestamp>5426.668371</timestamp>
			</report>
			<report>
				<misses>18108001</misses>
				<total>41</total>
				<timestamp>5426.968066</timestamp>
			</report>
			<report>
				<misses>18109001</misses>
				<total>41</total>
				<timestamp>5427.267776</timestamp>
			</report>
			<report>
				<misses>18110001</misses>
				<total>41</total>
				<timestamp>5427.567491</timestamp>
			</report>
			<report>
				<misses>18111001</misses>
				<total>41</total>
				<timestamp>5427.867182</timestamp>
			</report>
			<report>
				<misses>18112001</misses>
				<total>41</total>
				<timestamp>5428.166868</timestamp>
			</report>
			<report>
				<misses>18113001</misses>
				<total>41</total>
				<timestamp>5428.466577</timestamp>
			</report>
			<report>
				<misses>18114001</misses>
				<total>41</total>
				<timestamp>5428.766274</timestamp>
			</report>
			<report>
				<misses>18115001</misses>
				<total>41</total>
				<timestamp>5429.066061</timestamp>
			</report>
			<report>
				<misses>18116001</misses>
				<total>41</total>
				<timestamp>5429.365743</timestamp>
			</report>
			<report>
				<misses>18117001</misses>
				<total>41</total>
				<timestamp>5429.665486</timestamp>
			</report>
			<report>
				<misses>18118001</misses>
				<total>41</total>
				<timestamp>5429.965082</timestamp>
			</report>
			<report>
				<misses>18119001</misses>
				<total>41</total>
				<timestamp>5430.264781</timestamp>
			</report>
			<report>
				<misses>18120001</misses>
				<total>41</total>
				<timestamp>5430.564502</timestamp>
			</report>
			<report>
				<misses>18121001</misses>
				<total>41</total>
				<timestamp>5430.864167</timestamp>
			</report>
			<report>
				<misses>18122001</misses>
				<total>41</total>
				<timestamp>5431.163876</timestamp>
			</report>
			<report>
				<misses>18123001</misses>
				<total>41</total>
				<timestamp>5431.463580</timestamp>
			</report>
			<report>
				<misses>18124001</misses>
				<total>41</total>
				<timestamp>5431.763346</timestamp>
			</report>
			<report>
				<misses>18125001</misses>
				<total>41</total>
				<timestamp>5432.063012</timestamp>
			</report>
			<report>
				<misses>18126001</misses>
				<total>41</total>
				<timestamp>5432.362665</timestamp>
			</report>
			<report>
				<misses>18127001</misses>
				<total>41</total>
				<timestamp>5432.662446</timestamp>
			</report>
			<report>
				<misses>18128001</misses>
				<total>41</total>
				<timestamp>5432.962060</timestamp>
			</report>
			<report>
				<misses>18129001</misses>
				<total>41</total>
				<timestamp>5433.261781</timestamp>
			</report>
			<report>
				<misses>18130001</misses>
				<total>41</total>
				<timestamp>5433.561487</timestamp>
			</report>
			<report>
				<misses>18131001</misses>
				<total>41</total>
				<timestamp>5433.861192</timestamp>
			</report>
			<report>
				<misses>18132001</misses>
				<total>41</total>
				<timestamp>5434.160900</timestamp>
			</report>
			<report>
				<misses>18133001</misses>
				<total>41</total>
				<timestamp>5434.460598</timestamp>
			</report>
			<report>
				<misses>18134001</misses>
				<total>41</total>
				<timestamp>5434.760341</timestamp>
			</report>
			<report>
				<misses>18135001</misses>
				<total>41</total>
				<timestamp>5435.059980</timestamp>
			</report>
			<report>
				<misses>18136001</misses>
				<total>41</total>
				<timestamp>5435.359700</timestamp>
			</report>
			<report>
				<misses>18137001</misses>
				<total>41</total>
				<timestamp>5435.659416</timestamp>
			</report>
			<report>
				<misses>18138001</misses>
				<total>41</total>
				<timestamp>5435.959074</timestamp>
			</report>
			<report>
				<misses>18139001</misses>
				<total>41</total>
				<timestamp>5436.258800</timestamp>
			</report>
			<report>
				<misses>18140001</misses>
				<total>41</total>
				<timestamp>5436.558472</timestamp>
			</report>
			<report>
				<misses>18141001</misses>
				<total>41</total>
				<timestamp>5436.858168</timestamp>
			</report>
			<report>
				<misses>18142001</misses>
				<total>41</total>
				<timestamp>5437.157860</timestamp>
			</report>
			<report>
				<misses>18143001</misses>
				<total>41</total>
				<timestamp>5437.457587</timestamp>
			</report>
			<report>
				<misses>18144001</misses>
				<total>41</total>
				<timestamp>5437.757329</timestamp>
			</report>
			<report>
				<misses>18145001</misses>
				<total>41</total>
				<timestamp>5438.057051</timestamp>
			</report>
			<report>
				<misses>18146001</misses>
				<total>41</total>
				<timestamp>5438.356662</timestamp>
			</report>
			<report>
				<misses>18147001</misses>
				<total>41</total>
				<timestamp>5438.656378</timestamp>
			</report>
			<report>
				<misses>18148001</misses>
				<total>41</total>
				<timestamp>5438.956068</timestamp>
			</report>
			<report>
				<misses>18149001</misses>
				<total>41</total>
				<timestamp>5439.255775</timestamp>
			</report>
			<report>
				<misses>18150001</misses>
				<total>41</total>
				<timestamp>5439.555496</timestamp>
			</report>
			<report>
				<misses>18151001</misses>
				<total>41</total>
				<timestamp>5439.855225</timestamp>
			</report>
			<report>
				<misses>18152001</misses>
				<total>41</total>
				<timestamp>5440.154917</timestamp>
			</report>
			<report>
				<misses>18153001</misses>
				<total>41</total>
				<timestamp>5440.454606</timestamp>
			</report>
			<report>
				<misses>18154001</misses>
				<total>41</total>
				<timestamp>5440.754346</timestamp>
			</report>
			<report>
				<misses>18155001</misses>
				<total>41</total>
				<timestamp>5441.053993</timestamp>
			</report>
			<report>
				<misses>18156001</misses>
				<total>41</total>
				<timestamp>5441.353673</timestamp>
			</report>
			<report>
				<misses>18157001</misses>
				<total>41</total>
				<timestamp>5441.653388</timestamp>
			</report>
			<report>
				<misses>18158001</misses>
				<total>41</total>
				<timestamp>5441.953068</timestamp>
			</report>
			<report>
				<misses>18159001</misses>
				<total>41</total>
				<timestamp>5442.252767</timestamp>
			</report>
			<report>
				<misses>18160001</misses>
				<total>41</total>
				<timestamp>5442.552474</timestamp>
			</report>
			<report>
				<misses>18161001</misses>
				<total>40</total>
				<timestamp>5442.852322</timestamp>
			</report>
			<report>
				<misses>18162001</misses>
				<total>41</total>
				<timestamp>5443.151880</timestamp>
			</report>
			<report>
				<misses>18163001</misses>
				<total>41</total>
				<timestamp>5443.451567</timestamp>
			</report>
			<report>
				<misses>18164001</misses>
				<total>41</total>
				<timestamp>5443.751319</timestamp>
			</report>
			<report>
				<misses>18165001</misses>
				<total>41</total>
				<timestamp>5444.051013</timestamp>
			</report>
			<report>
				<misses>18166001</misses>
				<total>41</total>
				<timestamp>5444.350679</timestamp>
			</report>
			<report>
				<misses>18167001</misses>
				<total>41</total>
				<timestamp>5444.650393</timestamp>
			</report>
			<report>
				<misses>18168001</misses>
				<total>41</total>
				<timestamp>5444.950145</timestamp>
			</report>
			<report>
				<misses>18169001</misses>
				<total>41</total>
				<timestamp>5445.249775</timestamp>
			</report>
			<report>
				<misses>18170001</misses>
				<total>41</total>
				<timestamp>5445.549494</timestamp>
			</report>
			<report>
				<misses>18171001</misses>
				<total>41</total>
				<timestamp>5445.849244</timestamp>
			</report>
			<report>
				<misses>18172001</misses>
				<total>41</total>
				<timestamp>5446.148909</timestamp>
			</report>
			<report>
				<misses>18173001</misses>
				<total>41</total>
				<timestamp>5446.448570</timestamp>
			</report>
			<report>
				<misses>18174001</misses>
				<total>41</total>
				<timestamp>5446.748326</timestamp>
			</report>
			<report>
				<misses>18175001</misses>
				<total>41</total>
				<timestamp>5447.048009</timestamp>
			</report>
			<report>
				<misses>18176001</misses>
				<total>41</total>
				<timestamp>5447.347672</timestamp>
			</report>
			<report>
				<misses>18177001</misses>
				<total>41</total>
				<timestamp>5447.647411</timestamp>
			</report>
			<report>
				<misses>18178001</misses>
				<total>41</total>
				<timestamp>5447.947069</timestamp>
			</report>
			<report>
				<misses>18179001</misses>
				<total>41</total>
				<timestamp>5448.246771</timestamp>
			</report>
			<report>
				<misses>18180001</misses>
				<total>41</total>
				<timestamp>5448.546549</timestamp>
			</report>
			<report>
				<misses>18181001</misses>
				<total>40</total>
				<timestamp>5448.846289</timestamp>
			</report>
			<report>
				<misses>18182001</misses>
				<total>41</total>
				<timestamp>5449.145930</timestamp>
			</report>
			<report>
				<misses>18183001</misses>
				<total>41</total>
				<timestamp>5449.445568</timestamp>
			</report>
			<report>
				<misses>18184001</misses>
				<total>41</total>
				<timestamp>5449.745382</timestamp>
			</report>
			<report>
				<misses>18185001</misses>
				<total>41</total>
				<timestamp>5450.044983</timestamp>
			</report>
			<report>
				<misses>18186001</misses>
				<total>41</total>
				<timestamp>5450.344676</timestamp>
			</report>
			<report>
				<misses>18187001</misses>
				<total>41</total>
				<timestamp>5450.644386</timestamp>
			</report>
			<report>
				<misses>18188001</misses>
				<total>41</total>
				<timestamp>5450.944083</timestamp>
			</report>
			<report>
				<misses>18189001</misses>
				<total>40</total>
				<timestamp>5451.243881</timestamp>
			</report>
			<report>
				<misses>18190001</misses>
				<total>41</total>
				<timestamp>5451.543495</timestamp>
			</report>
			<report>
				<misses>18191001</misses>
				<total>41</total>
				<timestamp>5451.843179</timestamp>
			</report>
			<report>
				<misses>18192001</misses>
				<total>41</total>
				<timestamp>5452.142875</timestamp>
			</report>
			<report>
				<misses>18193001</misses>
				<total>41</total>
				<timestamp>5452.442570</timestamp>
			</report>
			<report>
				<misses>18194001</misses>
				<total>41</total>
				<timestamp>5452.742264</timestamp>
			</report>
			<report>
				<misses>18195001</misses>
				<total>41</total>
				<timestamp>5453.041982</timestamp>
			</report>
			<report>
				<misses>18196001</misses>
				<total>41</total>
				<timestamp>5453.341676</timestamp>
			</report>
			<report>
				<misses>18197001</misses>
				<total>41</total>
				<timestamp>5453.641396</timestamp>
			</report>
			<report>
				<misses>18198001</misses>
				<total>41</total>
				<timestamp>5453.941058</timestamp>
			</report>
			<report>
				<misses>18199001</misses>
				<total>41</total>
				<timestamp>5454.240843</timestamp>
			</report>
			<report>
				<misses>18200001</misses>
				<total>41</total>
				<timestamp>5454.540477</timestamp>
			</report>
			<report>
				<misses>18201001</misses>
				<total>41</total>
				<timestamp>5454.840249</timestamp>
			</report>
			<report>
				<misses>18202001</misses>
				<total>41</total>
				<timestamp>5455.139874</timestamp>
			</report>
			<report>
				<misses>18203001</misses>
				<total>41</total>
				<timestamp>5455.439570</timestamp>
			</report>
			<report>
				<misses>18204001</misses>
				<total>41</total>
				<timestamp>5455.739307</timestamp>
			</report>
			<report>
				<misses>18205001</misses>
				<total>41</total>
				<timestamp>5456.038993</timestamp>
			</report>
			<report>
				<misses>18206001</misses>
				<total>41</total>
				<timestamp>5456.338679</timestamp>
			</report>
			<report>
				<misses>18207001</misses>
				<total>41</total>
				<timestamp>5456.638375</timestamp>
			</report>
			<report>
				<misses>18208001</misses>
				<total>40</total>
				<timestamp>5456.938186</timestamp>
			</report>
			<report>
				<misses>18209001</misses>
				<total>41</total>
				<timestamp>5457.237780</timestamp>
			</report>
			<report>
				<misses>18210001</misses>
				<total>41</total>
				<timestamp>5457.537466</timestamp>
			</report>
			<report>
				<misses>18211001</misses>
				<total>41</total>
				<timestamp>5457.837277</timestamp>
			</report>
			<report>
				<misses>18212001</misses>
				<total>41</total>
				<timestamp>5458.136870</timestamp>
			</report>
			<report>
				<misses>18213001</misses>
				<total>41</total>
				<timestamp>5458.436579</timestamp>
			</report>
			<report>
				<misses>18214001</misses>
				<total>41</total>
				<timestamp>5458.736389</timestamp>
			</report>
			<report>
				<misses>18215001</misses>
				<total>40</total>
				<timestamp>5459.036106</timestamp>
			</report>
			<report>
				<misses>18216001</misses>
				<total>41</total>
				<timestamp>5459.335676</timestamp>
			</report>
			<report>
				<misses>18217001</misses>
				<total>41</total>
				<timestamp>5459.635383</timestamp>
			</report>
			<report>
				<misses>18218001</misses>
				<total>41</total>
				<timestamp>5459.935122</timestamp>
			</report>
			<report>
				<misses>18219001</misses>
				<total>41</total>
				<timestamp>5460.234847</timestamp>
			</report>
			<report>
				<misses>18220001</misses>
				<total>40</total>
				<timestamp>5460.534577</timestamp>
			</report>
			<report>
				<misses>18221001</misses>
				<total>41</total>
				<timestamp>5460.834307</timestamp>
			</report>
			<report>
				<misses>18222001</misses>
				<total>41</total>
				<timestamp>5461.133867</timestamp>
			</report>
			<report>
				<misses>18223001</misses>
				<total>41</total>
				<timestamp>5461.433623</timestamp>
			</report>
			<report>
				<misses>18224001</misses>
				<total>41</total>
				<timestamp>5461.733310</timestamp>
			</report>
			<report>
				<misses>18225001</misses>
				<total>41</total>
				<timestamp>5462.033032</timestamp>
			</report>
			<report>
				<misses>18226001</misses>
				<total>41</total>
				<timestamp>5462.332698</timestamp>
			</report>
			<report>
				<misses>18227001</misses>
				<total>41</total>
				<timestamp>5462.632400</timestamp>
			</report>
			<report>
				<misses>18228001</misses>
				<total>41</total>
				<timestamp>5462.932132</timestamp>
			</report>
			<report>
				<misses>18229001</misses>
				<total>41</total>
				<timestamp>5463.231765</timestamp>
			</report>
			<report>
				<misses>18230001</misses>
				<total>41</total>
				<timestamp>5463.531560</timestamp>
			</report>
			<report>
				<misses>18231001</misses>
				<total>41</total>
				<timestamp>5463.831279</timestamp>
			</report>
			<report>
				<misses>18232001</misses>
				<total>41</total>
				<timestamp>5464.130910</timestamp>
			</report>
			<report>
				<misses>18233001</misses>
				<total>41</total>
				<timestamp>5464.430564</timestamp>
			</report>
			<report>
				<misses>18234001</misses>
				<total>41</total>
				<timestamp>5464.730317</timestamp>
			</report>
			<report>
				<misses>18235001</misses>
				<total>41</total>
				<timestamp>5465.030007</timestamp>
			</report>
			<report>
				<misses>18236001</misses>
				<total>41</total>
				<timestamp>5465.329665</timestamp>
			</report>
			<report>
				<misses>18237001</misses>
				<total>41</total>
				<timestamp>5465.629415</timestamp>
			</report>
			<report>
				<misses>18238001</misses>
				<total>41</total>
				<timestamp>5465.929101</timestamp>
			</report>
			<report>
				<misses>18239001</misses>
				<total>41</total>
				<timestamp>5466.228778</timestamp>
			</report>
			<report>
				<misses>18240001</misses>
				<total>41</total>
				<timestamp>5466.528475</timestamp>
			</report>
			<report>
				<misses>18241001</misses>
				<total>41</total>
				<timestamp>5466.828263</timestamp>
			</report>
			<report>
				<misses>18242001</misses>
				<total>41</total>
				<timestamp>5467.127868</timestamp>
			</report>
			<report>
				<misses>18243001</misses>
				<total>41</total>
				<timestamp>5467.427573</timestamp>
			</report>
			<report>
				<misses>18244001</misses>
				<total>41</total>
				<timestamp>5467.727284</timestamp>
			</report>
			<report>
				<misses>18245001</misses>
				<total>41</total>
				<timestamp>5468.027088</timestamp>
			</report>
			<report>
				<misses>18246001</misses>
				<total>41</total>
				<timestamp>5468.326695</timestamp>
			</report>
			<report>
				<misses>18247001</misses>
				<total>41</total>
				<timestamp>5468.626376</timestamp>
			</report>
			<report>
				<misses>18248001</misses>
				<total>41</total>
				<timestamp>5468.926090</timestamp>
			</report>
			<report>
				<misses>18249001</misses>
				<total>41</total>
				<timestamp>5469.225776</timestamp>
			</report>
			<report>
				<misses>18250001</misses>
				<total>41</total>
				<timestamp>5469.525486</timestamp>
			</report>
			<report>
				<misses>18251001</misses>
				<total>41</total>
				<timestamp>5469.825215</timestamp>
			</report>
			<report>
				<misses>18252001</misses>
				<total>41</total>
				<timestamp>5470.124878</timestamp>
			</report>
			<report>
				<misses>18253001</misses>
				<total>41</total>
				<timestamp>5470.424627</timestamp>
			</report>
			<report>
				<misses>18254001</misses>
				<total>41</total>
				<timestamp>5470.724292</timestamp>
			</report>
			<report>
				<misses>18255001</misses>
				<total>41</total>
				<timestamp>5471.024049</timestamp>
			</report>
			<report>
				<misses>18256001</misses>
				<total>41</total>
				<timestamp>5471.323735</timestamp>
			</report>
			<report>
				<misses>18257001</misses>
				<total>41</total>
				<timestamp>5471.623393</timestamp>
			</report>
			<report>
				<misses>18258001</misses>
				<total>40</total>
				<timestamp>5471.923215</timestamp>
			</report>
			<report>
				<misses>18259001</misses>
				<total>41</total>
				<timestamp>5472.222777</timestamp>
			</report>
			<report>
				<misses>18260001</misses>
				<total>41</total>
				<timestamp>5472.522476</timestamp>
			</report>
			<report>
				<misses>18261001</misses>
				<total>41</total>
				<timestamp>5472.822202</timestamp>
			</report>
			<report>
				<misses>18262001</misses>
				<total>41</total>
				<timestamp>5473.121876</timestamp>
			</report>
			<report>
				<misses>18263001</misses>
				<total>41</total>
				<timestamp>5473.421565</timestamp>
			</report>
			<report>
				<misses>18264001</misses>
				<total>41</total>
				<timestamp>5473.721279</timestamp>
			</report>
			<report>
				<misses>18265001</misses>
				<total>41</total>
				<timestamp>5474.020996</timestamp>
			</report>
			<report>
				<misses>18266001</misses>
				<total>41</total>
				<timestamp>5474.320685</timestamp>
			</report>
			<report>
				<misses>18267001</misses>
				<total>41</total>
				<timestamp>5474.620363</timestamp>
			</report>
			<report>
				<misses>18268001</misses>
				<total>41</total>
				<timestamp>5474.920117</timestamp>
			</report>
			<report>
				<misses>18269001</misses>
				<total>41</total>
				<timestamp>5475.219784</timestamp>
			</report>
			<report>
				<misses>18270001</misses>
				<total>41</total>
				<timestamp>5475.519494</timestamp>
			</report>
			<report>
				<misses>18271001</misses>
				<total>41</total>
				<timestamp>5475.819221</timestamp>
			</report>
			<report>
				<misses>18272001</misses>
				<total>40</total>
				<timestamp>5476.118988</timestamp>
			</report>
			<report>
				<misses>18273001</misses>
				<total>41</total>
				<timestamp>5476.418570</timestamp>
			</report>
			<report>
				<misses>18274001</misses>
				<total>41</total>
				<timestamp>5476.718320</timestamp>
			</report>
			<report>
				<misses>18275001</misses>
				<total>41</total>
				<timestamp>5477.018089</timestamp>
			</report>
			<report>
				<misses>18276001</misses>
				<total>41</total>
				<timestamp>5477.317676</timestamp>
			</report>
			<report>
				<misses>18277001</misses>
				<total>41</total>
				<timestamp>5477.617374</timestamp>
			</report>
			<report>
				<misses>18278001</misses>
				<total>41</total>
				<timestamp>5477.917069</timestamp>
			</report>
			<report>
				<misses>18279001</misses>
				<total>41</total>
				<timestamp>5478.216763</timestamp>
			</report>
			<report>
				<misses>18280001</misses>
				<total>41</total>
				<timestamp>5478.516470</timestamp>
			</report>
			<report>
				<misses>18281001</misses>
				<total>41</total>
				<timestamp>5478.816255</timestamp>
			</report>
			<report>
				<misses>18282001</misses>
				<total>41</total>
				<timestamp>5479.115869</timestamp>
			</report>
			<report>
				<misses>18283001</misses>
				<total>41</total>
				<timestamp>5479.415592</timestamp>
			</report>
			<report>
				<misses>18284001</misses>
				<total>40</total>
				<timestamp>5479.715373</timestamp>
			</report>
			<report>
				<misses>18285001</misses>
				<total>41</total>
				<timestamp>5480.015047</timestamp>
			</report>
			<report>
				<misses>18286001</misses>
				<total>41</total>
				<timestamp>5480.314670</timestamp>
			</report>
			<report>
				<misses>18287001</misses>
				<total>41</total>
				<timestamp>5480.614377</timestamp>
			</report>
			<report>
				<misses>18288001</misses>
				<total>41</total>
				<timestamp>5480.914086</timestamp>
			</report>
			<report>
				<misses>18289001</misses>
				<total>41</total>
				<timestamp>5481.213849</timestamp>
			</report>
			<report>
				<misses>18290001</misses>
				<total>41</total>
				<timestamp>5481.513473</timestamp>
			</report>
			<report>
				<misses>18291001</misses>
				<total>41</total>
				<timestamp>5481.813208</timestamp>
			</report>
			<report>
				<misses>18292001</misses>
				<total>41</total>
				<timestamp>5482.112864</timestamp>
			</report>
			<report>
				<misses>18293001</misses>
				<total>41</total>
				<timestamp>5482.412577</timestamp>
			</report>
			<report>
				<misses>18294001</misses>
				<total>41</total>
				<timestamp>5482.712331</timestamp>
			</report>
			<report>
				<misses>18295001</misses>
				<total>41</total>
				<timestamp>5483.011979</timestamp>
			</report>
			<report>
				<misses>18296001</misses>
				<total>41</total>
				<timestamp>5483.311701</timestamp>
			</report>
			<report>
				<misses>18297001</misses>
				<total>41</total>
				<timestamp>5483.611378</timestamp>
			</report>
			<report>
				<misses>18298001</misses>
				<total>40</total>
				<timestamp>5483.911196</timestamp>
			</report>
			<report>
				<misses>18299001</misses>
				<total>41</total>
				<timestamp>5484.210779</timestamp>
			</report>
			<report>
				<misses>18300001</misses>
				<total>41</total>
				<timestamp>5484.510531</timestamp>
			</report>
			<report>
				<misses>18301001</misses>
				<total>41</total>
				<timestamp>5484.810204</timestamp>
			</report>
			<report>
				<misses>18302001</misses>
				<total>41</total>
				<timestamp>5485.109871</timestamp>
			</report>
			<report>
				<misses>18303001</misses>
				<total>41</total>
				<timestamp>5485.409570</timestamp>
			</report>
			<report>
				<misses>18304001</misses>
				<total>41</total>
				<timestamp>5485.709279</timestamp>
			</report>
			<report>
				<misses>18305001</misses>
				<total>41</total>
				<timestamp>5486.008986</timestamp>
			</report>
			<report>
				<misses>18306001</misses>
				<total>41</total>
				<timestamp>5486.308670</timestamp>
			</report>
			<report>
				<misses>18307001</misses>
				<total>41</total>
				<timestamp>5486.608393</timestamp>
			</report>
			<report>
				<misses>18308001</misses>
				<total>41</total>
				<timestamp>5486.908121</timestamp>
			</report>
			<report>
				<misses>18309001</misses>
				<total>41</total>
				<timestamp>5487.207780</timestamp>
			</report>
			<report>
				<misses>18310001</misses>
				<total>41</total>
				<timestamp>5487.507492</timestamp>
			</report>
			<report>
				<misses>18311001</misses>
				<total>41</total>
				<timestamp>5487.807245</timestamp>
			</report>
			<report>
				<misses>18312001</misses>
				<total>41</total>
				<timestamp>5488.106865</timestamp>
			</report>
			<report>
				<misses>18313001</misses>
				<total>41</total>
				<timestamp>5488.406559</timestamp>
			</report>
			<report>
				<misses>18314001</misses>
				<total>41</total>
				<timestamp>5488.706329</timestamp>
			</report>
			<report>
				<misses>18315001</misses>
				<total>41</total>
				<timestamp>5489.005998</timestamp>
			</report>
			<report>
				<misses>18316001</misses>
				<total>41</total>
				<timestamp>5489.305709</timestamp>
			</report>
			<report>
				<misses>18317001</misses>
				<total>41</total>
				<timestamp>5489.605375</timestamp>
			</report>
			<report>
				<misses>18318001</misses>
				<total>41</total>
				<timestamp>5489.905113</timestamp>
			</report>
			<report>
				<misses>18319001</misses>
				<total>41</total>
				<timestamp>5490.204762</timestamp>
			</report>
			<report>
				<misses>18320001</misses>
				<total>41</total>
				<timestamp>5490.504472</timestamp>
			</report>
			<report>
				<misses>18321001</misses>
				<total>41</total>
				<timestamp>5490.804199</timestamp>
			</report>
			<report>
				<misses>18322001</misses>
				<total>41</total>
				<timestamp>5491.103931</timestamp>
			</report>
			<report>
				<misses>18323001</misses>
				<total>41</total>
				<timestamp>5491.403569</timestamp>
			</report>
			<report>
				<misses>18324001</misses>
				<total>41</total>
				<timestamp>5491.703267</timestamp>
			</report>
			<report>
				<misses>18325001</misses>
				<total>41</total>
				<timestamp>5492.002994</timestamp>
			</report>
			<report>
				<misses>18326001</misses>
				<total>41</total>
				<timestamp>5492.302683</timestamp>
			</report>
			<report>
				<misses>18327001</misses>
				<total>41</total>
				<timestamp>5492.602419</timestamp>
			</report>
			<report>
				<misses>18328001</misses>
				<total>41</total>
				<timestamp>5492.902072</timestamp>
			</report>
			<report>
				<misses>18329001</misses>
				<total>41</total>
				<timestamp>5493.201765</timestamp>
			</report>
			<report>
				<misses>18330001</misses>
				<total>41</total>
				<timestamp>5493.501573</timestamp>
			</report>
			<report>
				<misses>18331001</misses>
				<total>41</total>
				<timestamp>5493.801203</timestamp>
			</report>
			<report>
				<misses>18332001</misses>
				<total>41</total>
				<timestamp>5494.100967</timestamp>
			</report>
			<report>
				<misses>18333001</misses>
				<total>41</total>
				<timestamp>5494.400572</timestamp>
			</report>
			<report>
				<misses>18334001</misses>
				<total>41</total>
				<timestamp>5494.700278</timestamp>
			</report>
			<report>
				<misses>18335001</misses>
				<total>41</total>
				<timestamp>5495.000096</timestamp>
			</report>
			<report>
				<misses>18336001</misses>
				<total>41</total>
				<timestamp>5495.299675</timestamp>
			</report>
			<report>
				<misses>18337001</misses>
				<total>41</total>
				<timestamp>5495.599398</timestamp>
			</report>
			<report>
				<misses>18338001</misses>
				<total>40</total>
				<timestamp>5495.899160</timestamp>
			</report>
			<report>
				<misses>18339001</misses>
				<total>41</total>
				<timestamp>5496.198782</timestamp>
			</report>
			<report>
				<misses>18340001</misses>
				<total>41</total>
				<timestamp>5496.498467</timestamp>
			</report>
			<report>
				<misses>18341001</misses>
				<total>41</total>
				<timestamp>5496.798192</timestamp>
			</report>
			<report>
				<misses>18342001</misses>
				<total>41</total>
				<timestamp>5497.097929</timestamp>
			</report>
			<report>
				<misses>18343001</misses>
				<total>41</total>
				<timestamp>5497.397578</timestamp>
			</report>
			<report>
				<misses>18344001</misses>
				<total>41</total>
				<timestamp>5497.697268</timestamp>
			</report>
			<report>
				<misses>18345001</misses>
				<total>41</total>
				<timestamp>5497.997029</timestamp>
			</report>
			<report>
				<misses>18346001</misses>
				<total>41</total>
				<timestamp>5498.296695</timestamp>
			</report>
			<report>
				<misses>18347001</misses>
				<total>41</total>
				<timestamp>5498.596395</timestamp>
			</report>
			<report>
				<misses>18348001</misses>
				<total>41</total>
				<timestamp>5498.896148</timestamp>
			</report>
			<report>
				<misses>18349001</misses>
				<total>41</total>
				<timestamp>5499.195782</timestamp>
			</report>
			<report>
				<misses>18350001</misses>
				<total>41</total>
				<timestamp>5499.495467</timestamp>
			</report>
			<report>
				<misses>18351001</misses>
				<total>41</total>
				<timestamp>5499.795224</timestamp>
			</report>
			<report>
				<misses>18352001</misses>
				<total>41</total>
				<timestamp>5500.094895</timestamp>
			</report>
			<report>
				<misses>18353001</misses>
				<total>41</total>
				<timestamp>5500.394575</timestamp>
			</report>
			<report>
				<misses>18354001</misses>
				<total>41</total>
				<timestamp>5500.694259</timestamp>
			</report>
			<report>
				<misses>18355001</misses>
				<total>41</total>
				<timestamp>5500.994036</timestamp>
			</report>
			<report>
				<misses>18356001</misses>
				<total>41</total>
				<timestamp>5501.293661</timestamp>
			</report>
			<report>
				<misses>18357001</misses>
				<total>41</total>
				<timestamp>5501.593403</timestamp>
			</report>
			<report>
				<misses>18358001</misses>
				<total>41</total>
				<timestamp>5501.893093</timestamp>
			</report>
			<report>
				<misses>18359001</misses>
				<total>41</total>
				<timestamp>5502.192786</timestamp>
			</report>
			<report>
				<misses>18360001</misses>
				<total>41</total>
				<timestamp>5502.492453</timestamp>
			</report>
			<report>
				<misses>18361001</misses>
				<total>41</total>
				<timestamp>5502.792202</timestamp>
			</report>
			<report>
				<misses>18362001</misses>
				<total>41</total>
				<timestamp>5503.091929</timestamp>
			</report>
			<report>
				<misses>18363001</misses>
				<total>41</total>
				<timestamp>5503.391587</timestamp>
			</report>
			<report>
				<misses>18364001</misses>
				<total>41</total>
				<timestamp>5503.691289</timestamp>
			</report>
			<report>
				<misses>18365001</misses>
				<total>41</total>
				<timestamp>5503.991002</timestamp>
			</report>
			<report>
				<misses>18366001</misses>
				<total>41</total>
				<timestamp>5504.290671</timestamp>
			</report>
			<report>
				<misses>18367001</misses>
				<total>41</total>
				<timestamp>5504.590377</timestamp>
			</report>
			<report>
				<misses>18368001</misses>
				<total>41</total>
				<timestamp>5504.890117</timestamp>
			</report>
			<report>
				<misses>18369001</misses>
				<total>41</total>
				<timestamp>5505.189771</timestamp>
			</report>
			<report>
				<misses>18370001</misses>
				<total>41</total>
				<timestamp>5505.489521</timestamp>
			</report>
			<report>
				<misses>18371001</misses>
				<total>41</total>
				<timestamp>5505.789295</timestamp>
			</report>
			<report>
				<misses>18372001</misses>
				<total>41</total>
				<timestamp>5506.088882</timestamp>
			</report>
			<report>
				<misses>18373001</misses>
				<total>41</total>
				<timestamp>5506.388613</timestamp>
			</report>
			<report>
				<misses>18374001</misses>
				<total>41</total>
				<timestamp>5506.688327</timestamp>
			</report>
			<report>
				<misses>18375001</misses>
				<total>41</total>
				<timestamp>5506.988019</timestamp>
			</report>
			<report>
				<misses>18376001</misses>
				<total>41</total>
				<timestamp>5507.287714</timestamp>
			</report>
			<report>
				<misses>18377001</misses>
				<total>41</total>
				<timestamp>5507.587407</timestamp>
			</report>
			<report>
				<misses>18378001</misses>
				<total>41</total>
				<timestamp>5507.887156</timestamp>
			</report>
			<report>
				<misses>18379001</misses>
				<total>41</total>
				<timestamp>5508.186841</timestamp>
			</report>
			<report>
				<misses>18380001</misses>
				<total>41</total>
				<timestamp>5508.486493</timestamp>
			</report>
			<report>
				<misses>18381001</misses>
				<total>41</total>
				<timestamp>5508.786192</timestamp>
			</report>
			<report>
				<misses>18382001</misses>
				<total>41</total>
				<timestamp>5509.085897</timestamp>
			</report>
			<report>
				<misses>18383001</misses>
				<total>41</total>
				<timestamp>5509.385586</timestamp>
			</report>
			<report>
				<misses>18384001</misses>
				<total>41</total>
				<timestamp>5509.685261</timestamp>
			</report>
			<report>
				<misses>18385001</misses>
				<total>41</total>
				<timestamp>5509.985039</timestamp>
			</report>
			<report>
				<misses>18386001</misses>
				<total>41</total>
				<timestamp>5510.284660</timestamp>
			</report>
			<report>
				<misses>18387001</misses>
				<total>41</total>
				<timestamp>5510.584358</timestamp>
			</report>
			<report>
				<misses>18388001</misses>
				<total>41</total>
				<timestamp>5510.884111</timestamp>
			</report>
			<report>
				<misses>18389001</misses>
				<total>41</total>
				<timestamp>5511.183773</timestamp>
			</report>
			<report>
				<misses>18390001</misses>
				<total>41</total>
				<timestamp>5511.483491</timestamp>
			</report>
			<report>
				<misses>18391001</misses>
				<total>41</total>
				<timestamp>5511.783186</timestamp>
			</report>
			<report>
				<misses>18392001</misses>
				<total>40</total>
				<timestamp>5512.082994</timestamp>
			</report>
			<report>
				<misses>18393001</misses>
				<total>41</total>
				<timestamp>5512.382564</timestamp>
			</report>
			<report>
				<misses>18394001</misses>
				<total>41</total>
				<timestamp>5512.682302</timestamp>
			</report>
			<report>
				<misses>18395001</misses>
				<total>41</total>
				<timestamp>5512.982017</timestamp>
			</report>
			<report>
				<misses>18396001</misses>
				<total>41</total>
				<timestamp>5513.281674</timestamp>
			</report>
			<report>
				<misses>18397001</misses>
				<total>41</total>
				<timestamp>5513.581395</timestamp>
			</report>
			<report>
				<misses>18398001</misses>
				<total>41</total>
				<timestamp>5513.881128</timestamp>
			</report>
			<report>
				<misses>18399001</misses>
				<total>41</total>
				<timestamp>5514.180766</timestamp>
			</report>
			<report>
				<misses>18400001</misses>
				<total>41</total>
				<timestamp>5514.480485</timestamp>
			</report>
			<report>
				<misses>18401001</misses>
				<total>41</total>
				<timestamp>5514.780224</timestamp>
			</report>
			<report>
				<misses>18402001</misses>
				<total>40</total>
				<timestamp>5515.079986</timestamp>
			</report>
			<report>
				<misses>18403001</misses>
				<total>41</total>
				<timestamp>5515.379562</timestamp>
			</report>
			<report>
				<misses>18404001</misses>
				<total>41</total>
				<timestamp>5515.679308</timestamp>
			</report>
			<report>
				<misses>18405001</misses>
				<total>41</total>
				<timestamp>5515.978993</timestamp>
			</report>
			<report>
				<misses>18406001</misses>
				<total>41</total>
				<timestamp>5516.278683</timestamp>
			</report>
			<report>
				<misses>18407001</misses>
				<total>41</total>
				<timestamp>5516.578373</timestamp>
			</report>
			<report>
				<misses>18408001</misses>
				<total>41</total>
				<timestamp>5516.878141</timestamp>
			</report>
			<report>
				<misses>18409001</misses>
				<total>41</total>
				<timestamp>5517.177781</timestamp>
			</report>
			<report>
				<misses>18410001</misses>
				<total>41</total>
				<timestamp>5517.477485</timestamp>
			</report>
			<report>
				<misses>18411001</misses>
				<total>41</total>
				<timestamp>5517.777217</timestamp>
			</report>
			<report>
				<misses>18412001</misses>
				<total>41</total>
				<timestamp>5518.076919</timestamp>
			</report>
			<report>
				<misses>18413001</misses>
				<total>41</total>
				<timestamp>5518.376568</timestamp>
			</report>
			<report>
				<misses>18414001</misses>
				<total>41</total>
				<timestamp>5518.676275</timestamp>
			</report>
			<report>
				<misses>18415001</misses>
				<total>41</total>
				<timestamp>5518.976079</timestamp>
			</report>
			<report>
				<misses>18416001</misses>
				<total>41</total>
				<timestamp>5519.275682</timestamp>
			</report>
			<report>
				<misses>18417001</misses>
				<total>41</total>
				<timestamp>5519.575380</timestamp>
			</report>
			<report>
				<misses>18418001</misses>
				<total>41</total>
				<timestamp>5519.875096</timestamp>
			</report>
			<report>
				<misses>18419001</misses>
				<total>40</total>
				<timestamp>5520.174916</timestamp>
			</report>
			<report>
				<misses>18420001</misses>
				<total>41</total>
				<timestamp>5520.474539</timestamp>
			</report>
			<report>
				<misses>18421001</misses>
				<total>41</total>
				<timestamp>5520.774236</timestamp>
			</report>
			<report>
				<misses>18422001</misses>
				<total>41</total>
				<timestamp>5521.073914</timestamp>
			</report>
			<report>
				<misses>18423001</misses>
				<total>41</total>
				<timestamp>5521.373573</timestamp>
			</report>
			<report>
				<misses>18424001</misses>
				<total>41</total>
				<timestamp>5521.673277</timestamp>
			</report>
			<report>
				<misses>18425001</misses>
				<total>41</total>
				<timestamp>5521.973017</timestamp>
			</report>
			<report>
				<misses>18426001</misses>
				<total>41</total>
				<timestamp>5522.272673</timestamp>
			</report>
			<report>
				<misses>18427001</misses>
				<total>41</total>
				<timestamp>5522.572381</timestamp>
			</report>
			<report>
				<misses>18428001</misses>
				<total>41</total>
				<timestamp>5522.872084</timestamp>
			</report>
			<report>
				<misses>18429001</misses>
				<total>41</total>
				<timestamp>5523.171778</timestamp>
			</report>
			<report>
				<misses>18430001</misses>
				<total>41</total>
				<timestamp>5523.471576</timestamp>
			</report>
			<report>
				<misses>18431001</misses>
				<total>41</total>
				<timestamp>5523.771195</timestamp>
			</report>
			<report>
				<misses>18432001</misses>
				<total>41</total>
				<timestamp>5524.070888</timestamp>
			</report>
			<report>
				<misses>18433001</misses>
				<total>41</total>
				<timestamp>5524.370579</timestamp>
			</report>
			<report>
				<misses>18434001</misses>
				<total>41</total>
				<timestamp>5524.670282</timestamp>
			</report>
			<report>
				<misses>18435001</misses>
				<total>41</total>
				<timestamp>5524.970024</timestamp>
			</report>
			<report>
				<misses>18436001</misses>
				<total>41</total>
				<timestamp>5525.269691</timestamp>
			</report>
			<report>
				<misses>18437001</misses>
				<total>41</total>
				<timestamp>5525.569364</timestamp>
			</report>
			<report>
				<misses>18438001</misses>
				<total>41</total>
				<timestamp>5525.869085</timestamp>
			</report>
			<report>
				<misses>18439001</misses>
				<total>41</total>
				<timestamp>5526.168791</timestamp>
			</report>
			<report>
				<misses>18440001</misses>
				<total>41</total>
				<timestamp>5526.468467</timestamp>
			</report>
			<report>
				<misses>18441001</misses>
				<total>41</total>
				<timestamp>5526.768178</timestamp>
			</report>
			<report>
				<misses>18442001</misses>
				<total>41</total>
				<timestamp>5527.067909</timestamp>
			</report>
			<report>
				<misses>18443001</misses>
				<total>41</total>
				<timestamp>5527.367566</timestamp>
			</report>
			<report>
				<misses>18444001</misses>
				<total>41</total>
				<timestamp>5527.667268</timestamp>
			</report>
			<report>
				<misses>18445001</misses>
				<total>41</total>
				<timestamp>5527.967077</timestamp>
			</report>
			<report>
				<misses>18446001</misses>
				<total>41</total>
				<timestamp>5528.266728</timestamp>
			</report>
			<report>
				<misses>18447001</misses>
				<total>41</total>
				<timestamp>5528.566386</timestamp>
			</report>
			<report>
				<misses>18448001</misses>
				<total>40</total>
				<timestamp>5528.866177</timestamp>
			</report>
			<report>
				<misses>18449001</misses>
				<total>41</total>
				<timestamp>5529.165876</timestamp>
			</report>
			<report>
				<misses>18450001</misses>
				<total>41</total>
				<timestamp>5529.465466</timestamp>
			</report>
			<report>
				<misses>18451001</misses>
				<total>41</total>
				<timestamp>5529.765166</timestamp>
			</report>
			<report>
				<misses>18452001</misses>
				<total>41</total>
				<timestamp>5530.064937</timestamp>
			</report>
			<report>
				<misses>18453001</misses>
				<total>41</total>
				<timestamp>5530.364580</timestamp>
			</report>
			<report>
				<misses>18454001</misses>
				<total>41</total>
				<timestamp>5530.664277</timestamp>
			</report>
			<report>
				<misses>18455001</misses>
				<total>41</total>
				<timestamp>5530.964029</timestamp>
			</report>
			<report>
				<misses>18456001</misses>
				<total>41</total>
				<timestamp>5531.263744</timestamp>
			</report>
			<report>
				<misses>18457001</misses>
				<total>41</total>
				<timestamp>5531.563421</timestamp>
			</report>
			<report>
				<misses>18458001</misses>
				<total>41</total>
				<timestamp>5531.863131</timestamp>
			</report>
			<report>
				<misses>18459001</misses>
				<total>41</total>
				<timestamp>5532.162788</timestamp>
			</report>
			<report>
				<misses>18460001</misses>
				<total>41</total>
				<timestamp>5532.462507</timestamp>
			</report>
			<report>
				<misses>18461001</misses>
				<total>41</total>
				<timestamp>5532.762227</timestamp>
			</report>
			<report>
				<misses>18462001</misses>
				<total>41</total>
				<timestamp>5533.061882</timestamp>
			</report>
			<report>
				<misses>18463001</misses>
				<total>41</total>
				<timestamp>5533.361592</timestamp>
			</report>
			<report>
				<misses>18464001</misses>
				<total>41</total>
				<timestamp>5533.661284</timestamp>
			</report>
			<report>
				<misses>18465001</misses>
				<total>41</total>
				<timestamp>5533.961067</timestamp>
			</report>
			<report>
				<misses>18466001</misses>
				<total>40</total>
				<timestamp>5534.260773</timestamp>
			</report>
			<report>
				<misses>18467001</misses>
				<total>41</total>
				<timestamp>5534.560428</timestamp>
			</report>
			<report>
				<misses>18468001</misses>
				<total>41</total>
				<timestamp>5534.860077</timestamp>
			</report>
			<report>
				<misses>18469001</misses>
				<total>41</total>
				<timestamp>5535.159860</timestamp>
			</report>
			<report>
				<misses>18470001</misses>
				<total>41</total>
				<timestamp>5535.459474</timestamp>
			</report>
			<report>
				<misses>18471001</misses>
				<total>41</total>
				<timestamp>5535.759214</timestamp>
			</report>
			<report>
				<misses>18472001</misses>
				<total>41</total>
				<timestamp>5536.058969</timestamp>
			</report>
			<report>
				<misses>18473001</misses>
				<total>41</total>
				<timestamp>5536.358561</timestamp>
			</report>
			<report>
				<misses>18474001</misses>
				<total>41</total>
				<timestamp>5536.658374</timestamp>
			</report>
			<report>
				<misses>18475001</misses>
				<total>41</total>
				<timestamp>5536.957973</timestamp>
			</report>
			<report>
				<misses>18476001</misses>
				<total>41</total>
				<timestamp>5537.257670</timestamp>
			</report>
			<report>
				<misses>18477001</misses>
				<total>40</total>
				<timestamp>5537.557488</timestamp>
			</report>
			<report>
				<misses>18478001</misses>
				<total>41</total>
				<timestamp>5537.857101</timestamp>
			</report>
			<report>
				<misses>18479001</misses>
				<total>41</total>
				<timestamp>5538.156818</timestamp>
			</report>
			<report>
				<misses>18480001</misses>
				<total>41</total>
				<timestamp>5538.456550</timestamp>
			</report>
			<report>
				<misses>18481001</misses>
				<total>41</total>
				<timestamp>5538.756170</timestamp>
			</report>
			<report>
				<misses>18482001</misses>
				<total>41</total>
				<timestamp>5539.055975</timestamp>
			</report>
			<report>
				<misses>18483001</misses>
				<total>41</total>
				<timestamp>5539.355586</timestamp>
			</report>
			<report>
				<misses>18484001</misses>
				<total>41</total>
				<timestamp>5539.655271</timestamp>
			</report>
			<report>
				<misses>18485001</misses>
				<total>41</total>
				<timestamp>5539.955013</timestamp>
			</report>
			<report>
				<misses>18486001</misses>
				<total>41</total>
				<timestamp>5540.254714</timestamp>
			</report>
			<report>
				<misses>18487001</misses>
				<total>41</total>
				<timestamp>5540.554388</timestamp>
			</report>
			<report>
				<misses>18488001</misses>
				<total>41</total>
				<timestamp>5540.854089</timestamp>
			</report>
			<report>
				<misses>18489001</misses>
				<total>41</total>
				<timestamp>5541.153816</timestamp>
			</report>
			<report>
				<misses>18490001</misses>
				<total>41</total>
				<timestamp>5541.453457</timestamp>
			</report>
			<report>
				<misses>18491001</misses>
				<total>41</total>
				<timestamp>5541.753185</timestamp>
			</report>
			<report>
				<misses>18492001</misses>
				<total>41</total>
				<timestamp>5542.052907</timestamp>
			</report>
			<report>
				<misses>18493001</misses>
				<total>41</total>
				<timestamp>5542.352619</timestamp>
			</report>
			<report>
				<misses>18494001</misses>
				<total>41</total>
				<timestamp>5542.652287</timestamp>
			</report>
			<report>
				<misses>18495001</misses>
				<total>41</total>
				<timestamp>5542.952016</timestamp>
			</report>
			<report>
				<misses>18496001</misses>
				<total>41</total>
				<timestamp>5543.251724</timestamp>
			</report>
			<report>
				<misses>18497001</misses>
				<total>41</total>
				<timestamp>5543.551427</timestamp>
			</report>
			<report>
				<misses>18498001</misses>
				<total>41</total>
				<timestamp>5543.851085</timestamp>
			</report>
			<report>
				<misses>18499001</misses>
				<total>41</total>
				<timestamp>5544.150846</timestamp>
			</report>
			<report>
				<misses>18500001</misses>
				<total>41</total>
				<timestamp>5544.450467</timestamp>
			</report>
			<report>
				<misses>18501001</misses>
				<total>41</total>
				<timestamp>5544.750226</timestamp>
			</report>
			<report>
				<misses>18502001</misses>
				<total>41</total>
				<timestamp>5545.049929</timestamp>
			</report>
			<report>
				<misses>18503001</misses>
				<total>41</total>
				<timestamp>5545.349648</timestamp>
			</report>
			<report>
				<misses>18504001</misses>
				<total>41</total>
				<timestamp>5545.649278</timestamp>
			</report>
			<report>
				<misses>18505001</misses>
				<total>41</total>
				<timestamp>5545.948986</timestamp>
			</report>
			<report>
				<misses>18506001</misses>
				<total>41</total>
				<timestamp>5546.248785</timestamp>
			</report>
			<report>
				<misses>18507001</misses>
				<total>41</total>
				<timestamp>5546.548378</timestamp>
			</report>
			<report>
				<misses>18508001</misses>
				<total>41</total>
				<timestamp>5546.848074</timestamp>
			</report>
			<report>
				<misses>18509001</misses>
				<total>41</total>
				<timestamp>5547.147776</timestamp>
			</report>
			<report>
				<misses>18510001</misses>
				<total>41</total>
				<timestamp>5547.447478</timestamp>
			</report>
			<report>
				<misses>18511001</misses>
				<total>41</total>
				<timestamp>5547.747197</timestamp>
			</report>
			<report>
				<misses>18512001</misses>
				<total>41</total>
				<timestamp>5548.046894</timestamp>
			</report>
			<report>
				<misses>18513001</misses>
				<total>41</total>
				<timestamp>5548.346586</timestamp>
			</report>
			<report>
				<misses>18514001</misses>
				<total>41</total>
				<timestamp>5548.646281</timestamp>
			</report>
			<report>
				<misses>18515001</misses>
				<total>41</total>
				<timestamp>5548.946006</timestamp>
			</report>
			<report>
				<misses>18516001</misses>
				<total>41</total>
				<timestamp>5549.245758</timestamp>
			</report>
			<report>
				<misses>18517001</misses>
				<total>41</total>
				<timestamp>5549.545364</timestamp>
			</report>
			<report>
				<misses>18518001</misses>
				<total>41</total>
				<timestamp>5549.845064</timestamp>
			</report>
			<report>
				<misses>18519001</misses>
				<total>41</total>
				<timestamp>5550.144778</timestamp>
			</report>
			<report>
				<misses>18520001</misses>
				<total>41</total>
				<timestamp>5550.444460</timestamp>
			</report>
			<report>
				<misses>18521001</misses>
				<total>41</total>
				<timestamp>5550.744178</timestamp>
			</report>
			<report>
				<misses>18522001</misses>
				<total>41</total>
				<timestamp>5551.043896</timestamp>
			</report>
			<report>
				<misses>18523001</misses>
				<total>41</total>
				<timestamp>5551.343572</timestamp>
			</report>
			<report>
				<misses>18524001</misses>
				<total>41</total>
				<timestamp>5551.643277</timestamp>
			</report>
			<report>
				<misses>18525001</misses>
				<total>41</total>
				<timestamp>5551.943006</timestamp>
			</report>
			<report>
				<misses>18526001</misses>
				<total>40</total>
				<timestamp>5552.242882</timestamp>
			</report>
			<report>
				<misses>18527001</misses>
				<total>41</total>
				<timestamp>5552.542371</timestamp>
			</report>
			<report>
				<misses>18528001</misses>
				<total>41</total>
				<timestamp>5552.842075</timestamp>
			</report>
			<report>
				<misses>18529001</misses>
				<total>41</total>
				<timestamp>5553.141776</timestamp>
			</report>
			<report>
				<misses>18530001</misses>
				<total>41</total>
				<timestamp>5553.441463</timestamp>
			</report>
			<report>
				<misses>18531001</misses>
				<total>41</total>
				<timestamp>5553.741192</timestamp>
			</report>
			<report>
				<misses>18532001</misses>
				<total>41</total>
				<timestamp>5554.040934</timestamp>
			</report>
			<report>
				<misses>18533001</misses>
				<total>41</total>
				<timestamp>5554.340568</timestamp>
			</report>
			<report>
				<misses>18534001</misses>
				<total>41</total>
				<timestamp>5554.640290</timestamp>
			</report>
			<report>
				<misses>18535001</misses>
				<total>41</total>
				<timestamp>5554.940007</timestamp>
			</report>
			<report>
				<misses>18536001</misses>
				<total>40</total>
				<timestamp>5555.239778</timestamp>
			</report>
			<report>
				<misses>18537001</misses>
				<total>40</total>
				<timestamp>5555.539468</timestamp>
			</report>
			<report>
				<misses>18538001</misses>
				<total>41</total>
				<timestamp>5555.839099</timestamp>
			</report>
			<report>
				<misses>18539001</misses>
				<total>40</total>
				<timestamp>5556.138923</timestamp>
			</report>
			<report>
				<misses>18540001</misses>
				<total>41</total>
				<timestamp>5556.438485</timestamp>
			</report>
			<report>
				<misses>18541001</misses>
				<total>41</total>
				<timestamp>5556.738172</timestamp>
			</report>
			<report>
				<misses>18542001</misses>
				<total>41</total>
				<timestamp>5557.037926</timestamp>
			</report>
			<report>
				<misses>18543001</misses>
				<total>41</total>
				<timestamp>5557.337576</timestamp>
			</report>
			<report>
				<misses>18544001</misses>
				<total>41</total>
				<timestamp>5557.637310</timestamp>
			</report>
			<report>
				<misses>18545001</misses>
				<total>41</total>
				<timestamp>5557.937043</timestamp>
			</report>
			<report>
				<misses>18546001</misses>
				<total>41</total>
				<timestamp>5558.236699</timestamp>
			</report>
			<report>
				<misses>18547001</misses>
				<total>41</total>
				<timestamp>5558.536367</timestamp>
			</report>
			<report>
				<misses>18548001</misses>
				<total>41</total>
				<timestamp>5558.836088</timestamp>
			</report>
			<report>
				<misses>18549001</misses>
				<total>41</total>
				<timestamp>5559.135779</timestamp>
			</report>
			<report>
				<misses>18550001</misses>
				<total>41</total>
				<timestamp>5559.435479</timestamp>
			</report>
			<report>
				<misses>18551001</misses>
				<total>41</total>
				<timestamp>5559.735189</timestamp>
			</report>
			<report>
				<misses>18552001</misses>
				<total>41</total>
				<timestamp>5560.034880</timestamp>
			</report>
			<report>
				<misses>18553001</misses>
				<total>41</total>
				<timestamp>5560.334573</timestamp>
			</report>
			<report>
				<misses>18554001</misses>
				<total>41</total>
				<timestamp>5560.634262</timestamp>
			</report>
			<report>
				<misses>18555001</misses>
				<total>41</total>
				<timestamp>5560.934025</timestamp>
			</report>
			<report>
				<misses>18556001</misses>
				<total>41</total>
				<timestamp>5561.233679</timestamp>
			</report>
			<report>
				<misses>18557001</misses>
				<total>41</total>
				<timestamp>5561.533366</timestamp>
			</report>
			<report>
				<misses>18558001</misses>
				<total>41</total>
				<timestamp>5561.833122</timestamp>
			</report>
			<report>
				<misses>18559001</misses>
				<total>41</total>
				<timestamp>5562.132831</timestamp>
			</report>
			<report>
				<misses>18560001</misses>
				<total>41</total>
				<timestamp>5562.432471</timestamp>
			</report>
			<report>
				<misses>18561001</misses>
				<total>41</total>
				<timestamp>5562.732248</timestamp>
			</report>
			<report>
				<misses>18562001</misses>
				<total>41</total>
				<timestamp>5563.031865</timestamp>
			</report>
			<report>
				<misses>18563001</misses>
				<total>41</total>
				<timestamp>5563.331657</timestamp>
			</report>
			<report>
				<misses>18564001</misses>
				<total>41</total>
				<timestamp>5563.631292</timestamp>
			</report>
			<report>
				<misses>18565001</misses>
				<total>41</total>
				<timestamp>5563.930990</timestamp>
			</report>
			<report>
				<misses>18566001</misses>
				<total>41</total>
				<timestamp>5564.230708</timestamp>
			</report>
			<report>
				<misses>18567001</misses>
				<total>41</total>
				<timestamp>5564.530380</timestamp>
			</report>
			<report>
				<misses>18568001</misses>
				<total>41</total>
				<timestamp>5564.830087</timestamp>
			</report>
			<report>
				<misses>18569001</misses>
				<total>41</total>
				<timestamp>5565.129790</timestamp>
			</report>
			<report>
				<misses>18570001</misses>
				<total>41</total>
				<timestamp>5565.429487</timestamp>
			</report>
			<report>
				<misses>18571001</misses>
				<total>41</total>
				<timestamp>5565.729197</timestamp>
			</report>
			<report>
				<misses>18572001</misses>
				<total>40</total>
				<timestamp>5566.028986</timestamp>
			</report>
			<report>
				<misses>18573001</misses>
				<total>41</total>
				<timestamp>5566.328623</timestamp>
			</report>
			<report>
				<misses>18574001</misses>
				<total>41</total>
				<timestamp>5566.628291</timestamp>
			</report>
			<report>
				<misses>18575001</misses>
				<total>41</total>
				<timestamp>5566.927996</timestamp>
			</report>
			<report>
				<misses>18576001</misses>
				<total>41</total>
				<timestamp>5567.227687</timestamp>
			</report>
			<report>
				<misses>18577001</misses>
				<total>41</total>
				<timestamp>5567.527370</timestamp>
			</report>
			<report>
				<misses>18578001</misses>
				<total>41</total>
				<timestamp>5567.827071</timestamp>
			</report>
			<report>
				<misses>18579001</misses>
				<total>41</total>
				<timestamp>5568.126776</timestamp>
			</report>
			<report>
				<misses>18580001</misses>
				<total>41</total>
				<timestamp>5568.426584</timestamp>
			</report>
			<report>
				<misses>18581001</misses>
				<total>41</total>
				<timestamp>5568.726180</timestamp>
			</report>
			<report>
				<misses>18582001</misses>
				<total>41</total>
				<timestamp>5569.025892</timestamp>
			</report>
			<report>
				<misses>18583001</misses>
				<total>41</total>
				<timestamp>5569.325587</timestamp>
			</report>
			<report>
				<misses>18584001</misses>
				<total>41</total>
				<timestamp>5569.625279</timestamp>
			</report>
			<report>
				<misses>18585001</misses>
				<total>41</total>
				<timestamp>5569.924986</timestamp>
			</report>
			<report>
				<misses>18586001</misses>
				<total>41</total>
				<timestamp>5570.224687</timestamp>
			</report>
			<report>
				<misses>18587001</misses>
				<total>41</total>
				<timestamp>5570.524389</timestamp>
			</report>
			<report>
				<misses>18588001</misses>
				<total>41</total>
				<timestamp>5570.824097</timestamp>
			</report>
			<report>
				<misses>18589001</misses>
				<total>41</total>
				<timestamp>5571.123777</timestamp>
			</report>
			<report>
				<misses>18590001</misses>
				<total>41</total>
				<timestamp>5571.423472</timestamp>
			</report>
			<report>
				<misses>18591001</misses>
				<total>41</total>
				<timestamp>5571.723190</timestamp>
			</report>
			<report>
				<misses>18592001</misses>
				<total>41</total>
				<timestamp>5572.022874</timestamp>
			</report>
			<report>
				<misses>18593001</misses>
				<total>41</total>
				<timestamp>5572.322611</timestamp>
			</report>
			<report>
				<misses>18594001</misses>
				<total>41</total>
				<timestamp>5572.622307</timestamp>
			</report>
			<report>
				<misses>18595001</misses>
				<total>41</total>
				<timestamp>5572.921996</timestamp>
			</report>
			<report>
				<misses>18596001</misses>
				<total>41</total>
				<timestamp>5573.221744</timestamp>
			</report>
			<report>
				<misses>18597001</misses>
				<total>41</total>
				<timestamp>5573.521380</timestamp>
			</report>
			<report>
				<misses>18598001</misses>
				<total>41</total>
				<timestamp>5573.821093</timestamp>
			</report>
			<report>
				<misses>18599001</misses>
				<total>41</total>
				<timestamp>5574.120816</timestamp>
			</report>
			<report>
				<misses>18600001</misses>
				<total>41</total>
				<timestamp>5574.420484</timestamp>
			</report>
			<report>
				<misses>18601001</misses>
				<total>41</total>
				<timestamp>5574.720167</timestamp>
			</report>
			<report>
				<misses>18602001</misses>
				<total>41</total>
				<timestamp>5575.019868</timestamp>
			</report>
			<report>
				<misses>18603001</misses>
				<total>41</total>
				<timestamp>5575.319624</timestamp>
			</report>
			<report>
				<misses>18604001</misses>
				<total>41</total>
				<timestamp>5575.619298</timestamp>
			</report>
			<report>
				<misses>18605001</misses>
				<total>41</total>
				<timestamp>5575.918992</timestamp>
			</report>
			<report>
				<misses>18606001</misses>
				<total>41</total>
				<timestamp>5576.218712</timestamp>
			</report>
			<report>
				<misses>18607001</misses>
				<total>41</total>
				<timestamp>5576.518360</timestamp>
			</report>
			<report>
				<misses>18608001</misses>
				<total>41</total>
				<timestamp>5576.818172</timestamp>
			</report>
			<report>
				<misses>18609001</misses>
				<total>41</total>
				<timestamp>5577.117819</timestamp>
			</report>
			<report>
				<misses>18610001</misses>
				<total>41</total>
				<timestamp>5577.417477</timestamp>
			</report>
			<report>
				<misses>18611001</misses>
				<total>41</total>
				<timestamp>5577.717183</timestamp>
			</report>
			<report>
				<misses>18612001</misses>
				<total>41</total>
				<timestamp>5578.016880</timestamp>
			</report>
			<report>
				<misses>18613001</misses>
				<total>41</total>
				<timestamp>5578.316593</timestamp>
			</report>
			<report>
				<misses>18614001</misses>
				<total>41</total>
				<timestamp>5578.616275</timestamp>
			</report>
			<report>
				<misses>18615001</misses>
				<total>41</total>
				<timestamp>5578.916023</timestamp>
			</report>
			<report>
				<misses>18616001</misses>
				<total>41</total>
				<timestamp>5579.215696</timestamp>
			</report>
			<report>
				<misses>18617001</misses>
				<total>41</total>
				<timestamp>5579.515372</timestamp>
			</report>
			<report>
				<misses>18618001</misses>
				<total>41</total>
				<timestamp>5579.815074</timestamp>
			</report>
			<report>
				<misses>18619001</misses>
				<total>41</total>
				<timestamp>5580.114866</timestamp>
			</report>
			<report>
				<misses>18620001</misses>
				<total>41</total>
				<timestamp>5580.414500</timestamp>
			</report>
			<report>
				<misses>18621001</misses>
				<total>41</total>
				<timestamp>5580.714166</timestamp>
			</report>
			<report>
				<misses>18622001</misses>
				<total>41</total>
				<timestamp>5581.013872</timestamp>
			</report>
			<report>
				<misses>18623001</misses>
				<total>41</total>
				<timestamp>5581.313578</timestamp>
			</report>
			<report>
				<misses>18624001</misses>
				<total>40</total>
				<timestamp>5581.613382</timestamp>
			</report>
			<report>
				<misses>18625001</misses>
				<total>41</total>
				<timestamp>5581.913016</timestamp>
			</report>
			<report>
				<misses>18626001</misses>
				<total>41</total>
				<timestamp>5582.212708</timestamp>
			</report>
			<report>
				<misses>18627001</misses>
				<total>41</total>
				<timestamp>5582.512370</timestamp>
			</report>
			<report>
				<misses>18628001</misses>
				<total>41</total>
				<timestamp>5582.812091</timestamp>
			</report>
			<report>
				<misses>18629001</misses>
				<total>41</total>
				<timestamp>5583.111849</timestamp>
			</report>
			<report>
				<misses>18630001</misses>
				<total>41</total>
				<timestamp>5583.411488</timestamp>
			</report>
			<report>
				<misses>18631001</misses>
				<total>41</total>
				<timestamp>5583.711179</timestamp>
			</report>
			<report>
				<misses>18632001</misses>
				<total>41</total>
				<timestamp>5584.010880</timestamp>
			</report>
			<report>
				<misses>18633001</misses>
				<total>41</total>
				<timestamp>5584.310631</timestamp>
			</report>
			<report>
				<misses>18634001</misses>
				<total>41</total>
				<timestamp>5584.610268</timestamp>
			</report>
			<report>
				<misses>18635001</misses>
				<total>41</total>
				<timestamp>5584.910006</timestamp>
			</report>
			<report>
				<misses>18636001</misses>
				<total>41</total>
				<timestamp>5585.209722</timestamp>
			</report>
			<report>
				<misses>18637001</misses>
				<total>41</total>
				<timestamp>5585.509367</timestamp>
			</report>
			<report>
				<misses>18638001</misses>
				<total>41</total>
				<timestamp>5585.809080</timestamp>
			</report>
			<report>
				<misses>18639001</misses>
				<total>41</total>
				<timestamp>5586.108772</timestamp>
			</report>
			<report>
				<misses>18640001</misses>
				<total>41</total>
				<timestamp>5586.408491</timestamp>
			</report>
			<report>
				<misses>18641001</misses>
				<total>41</total>
				<timestamp>5586.708166</timestamp>
			</report>
			<report>
				<misses>18642001</misses>
				<total>41</total>
				<timestamp>5587.007884</timestamp>
			</report>
			<report>
				<misses>18643001</misses>
				<total>41</total>
				<timestamp>5587.307574</timestamp>
			</report>
			<report>
				<misses>18644001</misses>
				<total>41</total>
				<timestamp>5587.607273</timestamp>
			</report>
			<report>
				<misses>18645001</misses>
				<total>41</total>
				<timestamp>5587.906990</timestamp>
			</report>
			<report>
				<misses>18646001</misses>
				<total>41</total>
				<timestamp>5588.206674</timestamp>
			</report>
			<report>
				<misses>18647001</misses>
				<total>41</total>
				<timestamp>5588.506362</timestamp>
			</report>
			<report>
				<misses>18648001</misses>
				<total>41</total>
				<timestamp>5588.806075</timestamp>
			</report>
			<report>
				<misses>18649001</misses>
				<total>41</total>
				<timestamp>5589.105793</timestamp>
			</report>
			<report>
				<misses>18650001</misses>
				<total>40</total>
				<timestamp>5589.405578</timestamp>
			</report>
			<report>
				<misses>18651001</misses>
				<total>41</total>
				<timestamp>5589.705187</timestamp>
			</report>
			<report>
				<misses>18652001</misses>
				<total>41</total>
				<timestamp>5590.004869</timestamp>
			</report>
			<report>
				<misses>18653001</misses>
				<total>40</total>
				<timestamp>5590.304673</timestamp>
			</report>
			<report>
				<misses>18654001</misses>
				<total>41</total>
				<timestamp>5590.604279</timestamp>
			</report>
			<report>
				<misses>18655001</misses>
				<total>41</total>
				<timestamp>5590.904034</timestamp>
			</report>
			<report>
				<misses>18656001</misses>
				<total>41</total>
				<timestamp>5591.203666</timestamp>
			</report>
			<report>
				<misses>18657001</misses>
				<total>41</total>
				<timestamp>5591.503396</timestamp>
			</report>
			<report>
				<misses>18658001</misses>
				<total>41</total>
				<timestamp>5591.803072</timestamp>
			</report>
			<report>
				<misses>18659001</misses>
				<total>41</total>
				<timestamp>5592.102775</timestamp>
			</report>
			<report>
				<misses>18660001</misses>
				<total>40</total>
				<timestamp>5592.402576</timestamp>
			</report>
			<report>
				<misses>18661001</misses>
				<total>41</total>
				<timestamp>5592.702176</timestamp>
			</report>
			<report>
				<misses>18662001</misses>
				<total>41</total>
				<timestamp>5593.001883</timestamp>
			</report>
			<report>
				<misses>18663001</misses>
				<total>41</total>
				<timestamp>5593.301629</timestamp>
			</report>
			<report>
				<misses>18664001</misses>
				<total>41</total>
				<timestamp>5593.601274</timestamp>
			</report>
			<report>
				<misses>18665001</misses>
				<total>41</total>
				<timestamp>5593.901004</timestamp>
			</report>
			<report>
				<misses>18666001</misses>
				<total>41</total>
				<timestamp>5594.200722</timestamp>
			</report>
			<report>
				<misses>18667001</misses>
				<total>41</total>
				<timestamp>5594.500408</timestamp>
			</report>
			<report>
				<misses>18668001</misses>
				<total>41</total>
				<timestamp>5594.800071</timestamp>
			</report>
			<report>
				<misses>18669001</misses>
				<total>41</total>
				<timestamp>5595.099777</timestamp>
			</report>
			<report>
				<misses>18670001</misses>
				<total>41</total>
				<timestamp>5595.399574</timestamp>
			</report>
			<report>
				<misses>18671001</misses>
				<total>41</total>
				<timestamp>5595.699157</timestamp>
			</report>
			<report>
				<misses>18672001</misses>
				<total>41</total>
				<timestamp>5595.998895</timestamp>
			</report>
			<report>
				<misses>18673001</misses>
				<total>40</total>
				<timestamp>5596.298690</timestamp>
			</report>
			<report>
				<misses>18674001</misses>
				<total>41</total>
				<timestamp>5596.598262</timestamp>
			</report>
			<report>
				<misses>18675001</misses>
				<total>41</total>
				<timestamp>5596.898048</timestamp>
			</report>
			<report>
				<misses>18676001</misses>
				<total>41</total>
				<timestamp>5597.197723</timestamp>
			</report>
			<report>
				<misses>18677001</misses>
				<total>41</total>
				<timestamp>5597.497388</timestamp>
			</report>
			<report>
				<misses>18678001</misses>
				<total>41</total>
				<timestamp>5597.797080</timestamp>
			</report>
			<report>
				<misses>18679001</misses>
				<total>41</total>
				<timestamp>5598.096818</timestamp>
			</report>
			<report>
				<misses>18680001</misses>
				<total>41</total>
				<timestamp>5598.396497</timestamp>
			</report>
			<report>
				<misses>18681001</misses>
				<total>41</total>
				<timestamp>5598.696234</timestamp>
			</report>
			<report>
				<misses>18682001</misses>
				<total>41</total>
				<timestamp>5598.995866</timestamp>
			</report>
			<report>
				<misses>18683001</misses>
				<total>41</total>
				<timestamp>5599.295587</timestamp>
			</report>
			<report>
				<misses>18684001</misses>
				<total>40</total>
				<timestamp>5599.595363</timestamp>
			</report>
			<report>
				<misses>18685001</misses>
				<total>41</total>
				<timestamp>5599.894994</timestamp>
			</report>
			<report>
				<misses>18686001</misses>
				<total>40</total>
				<timestamp>5600.194797</timestamp>
			</report>
			<report>
				<misses>18687001</misses>
				<total>41</total>
				<timestamp>5600.494399</timestamp>
			</report>
			<report>
				<misses>18688001</misses>
				<total>41</total>
				<timestamp>5600.794071</timestamp>
			</report>
			<report>
				<misses>18689001</misses>
				<total>41</total>
				<timestamp>5601.093850</timestamp>
			</report>
			<report>
				<misses>18690001</misses>
				<total>41</total>
				<timestamp>5601.393583</timestamp>
			</report>
			<report>
				<misses>18691001</misses>
				<total>41</total>
				<timestamp>5601.693164</timestamp>
			</report>
			<report>
				<misses>18692001</misses>
				<total>41</total>
				<timestamp>5601.992886</timestamp>
			</report>
			<report>
				<misses>18693001</misses>
				<total>41</total>
				<timestamp>5602.292656</timestamp>
			</report>
			<report>
				<misses>18694001</misses>
				<total>41</total>
				<timestamp>5602.592260</timestamp>
			</report>
			<report>
				<misses>18695001</misses>
				<total>41</total>
				<timestamp>5602.891970</timestamp>
			</report>
			<report>
				<misses>18696001</misses>
				<total>41</total>
				<timestamp>5603.191669</timestamp>
			</report>
			<report>
				<misses>18697001</misses>
				<total>41</total>
				<timestamp>5603.491397</timestamp>
			</report>
			<report>
				<misses>18698001</misses>
				<total>41</total>
				<timestamp>5603.791060</timestamp>
			</report>
			<report>
				<misses>18699001</misses>
				<total>41</total>
				<timestamp>5604.090764</timestamp>
			</report>
			<report>
				<misses>18700001</misses>
				<total>41</total>
				<timestamp>5604.390485</timestamp>
			</report>
			<report>
				<misses>18701001</misses>
				<total>41</total>
				<timestamp>5604.690179</timestamp>
			</report>
			<report>
				<misses>18702001</misses>
				<total>41</total>
				<timestamp>5604.989868</timestamp>
			</report>
			<report>
				<misses>18703001</misses>
				<total>41</total>
				<timestamp>5605.289572</timestamp>
			</report>
			<report>
				<misses>18704001</misses>
				<total>40</total>
				<timestamp>5605.589356</timestamp>
			</report>
			<report>
				<misses>18705001</misses>
				<total>41</total>
				<timestamp>5605.888984</timestamp>
			</report>
			<report>
				<misses>18706001</misses>
				<total>41</total>
				<timestamp>5606.188683</timestamp>
			</report>
			<report>
				<misses>18707001</misses>
				<total>41</total>
				<timestamp>5606.488401</timestamp>
			</report>
			<report>
				<misses>18708001</misses>
				<total>41</total>
				<timestamp>5606.788099</timestamp>
			</report>
			<report>
				<misses>18709001</misses>
				<total>41</total>
				<timestamp>5607.087774</timestamp>
			</report>
			<report>
				<misses>18710001</misses>
				<total>41</total>
				<timestamp>5607.387544</timestamp>
			</report>
			<report>
				<misses>18711001</misses>
				<total>41</total>
				<timestamp>5607.687185</timestamp>
			</report>
			<report>
				<misses>18712001</misses>
				<total>41</total>
				<timestamp>5607.986876</timestamp>
			</report>
			<report>
				<misses>18713001</misses>
				<total>41</total>
				<timestamp>5608.286612</timestamp>
			</report>
			<report>
				<misses>18714001</misses>
				<total>41</total>
				<timestamp>5608.586278</timestamp>
			</report>
			<report>
				<misses>18715001</misses>
				<total>41</total>
				<timestamp>5608.886010</timestamp>
			</report>
			<report>
				<misses>18716001</misses>
				<total>41</total>
				<timestamp>5609.185704</timestamp>
			</report>
			<report>
				<misses>18717001</misses>
				<total>41</total>
				<timestamp>5609.485487</timestamp>
			</report>
			<report>
				<misses>18718001</misses>
				<total>41</total>
				<timestamp>5609.785080</timestamp>
			</report>
			<report>
				<misses>18719001</misses>
				<total>41</total>
				<timestamp>5610.084781</timestamp>
			</report>
			<report>
				<misses>18720001</misses>
				<total>41</total>
				<timestamp>5610.384516</timestamp>
			</report>
			<report>
				<misses>18721001</misses>
				<total>41</total>
				<timestamp>5610.684261</timestamp>
			</report>
			<report>
				<misses>18722001</misses>
				<total>41</total>
				<timestamp>5610.983940</timestamp>
			</report>
			<report>
				<misses>18723001</misses>
				<total>41</total>
				<timestamp>5611.283569</timestamp>
			</report>
			<report>
				<misses>18724001</misses>
				<total>41</total>
				<timestamp>5611.583354</timestamp>
			</report>
			<report>
				<misses>18725001</misses>
				<total>41</total>
				<timestamp>5611.882996</timestamp>
			</report>
			<report>
				<misses>18726001</misses>
				<total>41</total>
				<timestamp>5612.182676</timestamp>
			</report>
			<report>
				<misses>18727001</misses>
				<total>41</total>
				<timestamp>5612.482480</timestamp>
			</report>
			<report>
				<misses>18728001</misses>
				<total>41</total>
				<timestamp>5612.782088</timestamp>
			</report>
			<report>
				<misses>18729001</misses>
				<total>41</total>
				<timestamp>5613.081792</timestamp>
			</report>
			<report>
				<misses>18730001</misses>
				<total>41</total>
				<timestamp>5613.381528</timestamp>
			</report>
			<report>
				<misses>18731001</misses>
				<total>41</total>
				<timestamp>5613.681160</timestamp>
			</report>
			<report>
				<misses>18732001</misses>
				<total>41</total>
				<timestamp>5613.980866</timestamp>
			</report>
			<report>
				<misses>18733001</misses>
				<total>41</total>
				<timestamp>5614.280597</timestamp>
			</report>
			<report>
				<misses>18734001</misses>
				<total>41</total>
				<timestamp>5614.580288</timestamp>
			</report>
			<report>
				<misses>18735001</misses>
				<total>41</total>
				<timestamp>5614.880004</timestamp>
			</report>
			<report>
				<misses>18736001</misses>
				<total>41</total>
				<timestamp>5615.179684</timestamp>
			</report>
			<report>
				<misses>18737001</misses>
				<total>41</total>
				<timestamp>5615.479402</timestamp>
			</report>
			<report>
				<misses>18738001</misses>
				<total>41</total>
				<timestamp>5615.779094</timestamp>
			</report>
			<report>
				<misses>18739001</misses>
				<total>41</total>
				<timestamp>5616.078788</timestamp>
			</report>
			<report>
				<misses>18740001</misses>
				<total>41</total>
				<timestamp>5616.378491</timestamp>
			</report>
			<report>
				<misses>18741001</misses>
				<total>41</total>
				<timestamp>5616.678257</timestamp>
			</report>
			<report>
				<misses>18742001</misses>
				<total>41</total>
				<timestamp>5616.977863</timestamp>
			</report>
			<report>
				<misses>18743001</misses>
				<total>41</total>
				<timestamp>5617.277569</timestamp>
			</report>
			<report>
				<misses>18744001</misses>
				<total>41</total>
				<timestamp>5617.577313</timestamp>
			</report>
			<report>
				<misses>18745001</misses>
				<total>41</total>
				<timestamp>5617.876973</timestamp>
			</report>
			<report>
				<misses>18746001</misses>
				<total>41</total>
				<timestamp>5618.176744</timestamp>
			</report>
			<report>
				<misses>18747001</misses>
				<total>41</total>
				<timestamp>5618.476470</timestamp>
			</report>
			<report>
				<misses>18748001</misses>
				<total>41</total>
				<timestamp>5618.776072</timestamp>
			</report>
			<report>
				<misses>18749001</misses>
				<total>41</total>
				<timestamp>5619.075783</timestamp>
			</report>
			<report>
				<misses>18750001</misses>
				<total>40</total>
				<timestamp>5619.375585</timestamp>
			</report>
			<report>
				<misses>18751001</misses>
				<total>41</total>
				<timestamp>5619.675260</timestamp>
			</report>
			<report>
				<misses>18752001</misses>
				<total>41</total>
				<timestamp>5619.974877</timestamp>
			</report>
			<report>
				<misses>18753001</misses>
				<total>41</total>
				<timestamp>5620.274567</timestamp>
			</report>
			<report>
				<misses>18754001</misses>
				<total>41</total>
				<timestamp>5620.574325</timestamp>
			</report>
			<report>
				<misses>18755001</misses>
				<total>41</total>
				<timestamp>5620.874045</timestamp>
			</report>
			<report>
				<misses>18756001</misses>
				<total>41</total>
				<timestamp>5621.173677</timestamp>
			</report>
			<report>
				<misses>18757001</misses>
				<total>41</total>
				<timestamp>5621.473382</timestamp>
			</report>
			<report>
				<misses>18758001</misses>
				<total>41</total>
				<timestamp>5621.773134</timestamp>
			</report>
			<report>
				<misses>18759001</misses>
				<total>41</total>
				<timestamp>5622.072789</timestamp>
			</report>
			<report>
				<misses>18760001</misses>
				<total>41</total>
				<timestamp>5622.372474</timestamp>
			</report>
			<report>
				<misses>18761001</misses>
				<total>41</total>
				<timestamp>5622.672201</timestamp>
			</report>
			<report>
				<misses>18762001</misses>
				<total>41</total>
				<timestamp>5622.971871</timestamp>
			</report>
			<report>
				<misses>18763001</misses>
				<total>41</total>
				<timestamp>5623.271592</timestamp>
			</report>
			<report>
				<misses>18764001</misses>
				<total>41</total>
				<timestamp>5623.571323</timestamp>
			</report>
			<report>
				<misses>18765001</misses>
				<total>41</total>
				<timestamp>5623.870985</timestamp>
			</report>
			<report>
				<misses>18766001</misses>
				<total>41</total>
				<timestamp>5624.170714</timestamp>
			</report>
			<report>
				<misses>18767001</misses>
				<total>41</total>
				<timestamp>5624.470417</timestamp>
			</report>
			<report>
				<misses>18768001</misses>
				<total>41</total>
				<timestamp>5624.770076</timestamp>
			</report>
			<report>
				<misses>18769001</misses>
				<total>41</total>
				<timestamp>5625.069780</timestamp>
			</report>
			<report>
				<misses>18770001</misses>
				<total>40</total>
				<timestamp>5625.369554</timestamp>
			</report>
			<report>
				<misses>18771001</misses>
				<total>41</total>
				<timestamp>5625.669192</timestamp>
			</report>
			<report>
				<misses>18772001</misses>
				<total>41</total>
				<timestamp>5625.968873</timestamp>
			</report>
			<report>
				<misses>18773001</misses>
				<total>41</total>
				<timestamp>5626.268570</timestamp>
			</report>
			<report>
				<misses>18774001</misses>
				<total>41</total>
				<timestamp>5626.568268</timestamp>
			</report>
			<report>
				<misses>18775001</misses>
				<total>41</total>
				<timestamp>5626.868021</timestamp>
			</report>
			<report>
				<misses>18776001</misses>
				<total>41</total>
				<timestamp>5627.167664</timestamp>
			</report>
			<report>
				<misses>18777001</misses>
				<total>41</total>
				<timestamp>5627.467380</timestamp>
			</report>
			<report>
				<misses>18778001</misses>
				<total>41</total>
				<timestamp>5627.767097</timestamp>
			</report>
			<report>
				<misses>18779001</misses>
				<total>41</total>
				<timestamp>5628.066804</timestamp>
			</report>
			<report>
				<misses>18780001</misses>
				<total>41</total>
				<timestamp>5628.366487</timestamp>
			</report>
			<report>
				<misses>18781001</misses>
				<total>41</total>
				<timestamp>5628.666223</timestamp>
			</report>
			<report>
				<misses>18782001</misses>
				<total>41</total>
				<timestamp>5628.965878</timestamp>
			</report>
			<report>
				<misses>18783001</misses>
				<total>41</total>
				<timestamp>5629.265583</timestamp>
			</report>
			<report>
				<misses>18784001</misses>
				<total>41</total>
				<timestamp>5629.565354</timestamp>
			</report>
			<report>
				<misses>18785001</misses>
				<total>41</total>
				<timestamp>5629.865029</timestamp>
			</report>
			<report>
				<misses>18786001</misses>
				<total>41</total>
				<timestamp>5630.164678</timestamp>
			</report>
			<report>
				<misses>18787001</misses>
				<total>41</total>
				<timestamp>5630.464368</timestamp>
			</report>
			<report>
				<misses>18788001</misses>
				<total>41</total>
				<timestamp>5630.764063</timestamp>
			</report>
			<report>
				<misses>18789001</misses>
				<total>41</total>
				<timestamp>5631.063767</timestamp>
			</report>
			<report>
				<misses>18790001</misses>
				<total>41</total>
				<timestamp>5631.363470</timestamp>
			</report>
			<report>
				<misses>18791001</misses>
				<total>41</total>
				<timestamp>5631.663210</timestamp>
			</report>
			<report>
				<misses>18792001</misses>
				<total>41</total>
				<timestamp>5631.962921</timestamp>
			</report>
			<report>
				<misses>18793001</misses>
				<total>41</total>
				<timestamp>5632.262573</timestamp>
			</report>
			<report>
				<misses>18794001</misses>
				<total>41</total>
				<timestamp>5632.562324</timestamp>
			</report>
			<report>
				<misses>18795001</misses>
				<total>41</total>
				<timestamp>5632.862007</timestamp>
			</report>
			<report>
				<misses>18796001</misses>
				<total>41</total>
				<timestamp>5633.161673</timestamp>
			</report>
			<report>
				<misses>18797001</misses>
				<total>41</total>
				<timestamp>5633.461427</timestamp>
			</report>
			<report>
				<misses>18798001</misses>
				<total>41</total>
				<timestamp>5633.761057</timestamp>
			</report>
			<report>
				<misses>18799001</misses>
				<total>41</total>
				<timestamp>5634.060781</timestamp>
			</report>
			<report>
				<misses>18800001</misses>
				<total>41</total>
				<timestamp>5634.360466</timestamp>
			</report>
			<report>
				<misses>18801001</misses>
				<total>41</total>
				<timestamp>5634.660257</timestamp>
			</report>
			<report>
				<misses>18802001</misses>
				<total>41</total>
				<timestamp>5634.959884</timestamp>
			</report>
			<report>
				<misses>18803001</misses>
				<total>41</total>
				<timestamp>5635.259564</timestamp>
			</report>
			<report>
				<misses>18804001</misses>
				<total>41</total>
				<timestamp>5635.559271</timestamp>
			</report>
			<report>
				<misses>18805001</misses>
				<total>41</total>
				<timestamp>5635.859001</timestamp>
			</report>
			<report>
				<misses>18806001</misses>
				<total>41</total>
				<timestamp>5636.158687</timestamp>
			</report>
			<report>
				<misses>18807001</misses>
				<total>41</total>
				<timestamp>5636.458428</timestamp>
			</report>
			<report>
				<misses>18808001</misses>
				<total>41</total>
				<timestamp>5636.758093</timestamp>
			</report>
			<report>
				<misses>18809001</misses>
				<total>41</total>
				<timestamp>5637.057767</timestamp>
			</report>
			<report>
				<misses>18810001</misses>
				<total>41</total>
				<timestamp>5637.357537</timestamp>
			</report>
			<report>
				<misses>18811001</misses>
				<total>41</total>
				<timestamp>5637.657211</timestamp>
			</report>
			<report>
				<misses>18812001</misses>
				<total>41</total>
				<timestamp>5637.956878</timestamp>
			</report>
			<report>
				<misses>18813001</misses>
				<total>41</total>
				<timestamp>5638.256574</timestamp>
			</report>
			<report>
				<misses>18814001</misses>
				<total>41</total>
				<timestamp>5638.556348</timestamp>
			</report>
			<report>
				<misses>18815001</misses>
				<total>41</total>
				<timestamp>5638.855993</timestamp>
			</report>
			<report>
				<misses>18816001</misses>
				<total>41</total>
				<timestamp>5639.155766</timestamp>
			</report>
			<report>
				<misses>18817001</misses>
				<total>41</total>
				<timestamp>5639.455362</timestamp>
			</report>
			<report>
				<misses>18818001</misses>
				<total>41</total>
				<timestamp>5639.755093</timestamp>
			</report>
			<report>
				<misses>18819001</misses>
				<total>41</total>
				<timestamp>5640.054768</timestamp>
			</report>
			<report>
				<misses>18820001</misses>
				<total>41</total>
				<timestamp>5640.354480</timestamp>
			</report>
			<report>
				<misses>18821001</misses>
				<total>41</total>
				<timestamp>5640.654199</timestamp>
			</report>
			<report>
				<misses>18822001</misses>
				<total>41</total>
				<timestamp>5640.953931</timestamp>
			</report>
			<report>
				<misses>18823001</misses>
				<total>41</total>
				<timestamp>5641.253630</timestamp>
			</report>
			<report>
				<misses>18824001</misses>
				<total>41</total>
				<timestamp>5641.553337</timestamp>
			</report>
			<report>
				<misses>18825001</misses>
				<total>41</total>
				<timestamp>5641.852990</timestamp>
			</report>
			<report>
				<misses>18826001</misses>
				<total>41</total>
				<timestamp>5642.152676</timestamp>
			</report>
			<report>
				<misses>18827001</misses>
				<total>41</total>
				<timestamp>5642.452370</timestamp>
			</report>
			<report>
				<misses>18828001</misses>
				<total>41</total>
				<timestamp>5642.752096</timestamp>
			</report>
			<report>
				<misses>18829001</misses>
				<total>41</total>
				<timestamp>5643.051774</timestamp>
			</report>
			<report>
				<misses>18830001</misses>
				<total>41</total>
				<timestamp>5643.351478</timestamp>
			</report>
			<report>
				<misses>18831001</misses>
				<total>41</total>
				<timestamp>5643.651201</timestamp>
			</report>
			<report>
				<misses>18832001</misses>
				<total>41</total>
				<timestamp>5643.950876</timestamp>
			</report>
			<report>
				<misses>18833001</misses>
				<total>41</total>
				<timestamp>5644.250564</timestamp>
			</report>
			<report>
				<misses>18834001</misses>
				<total>41</total>
				<timestamp>5644.550350</timestamp>
			</report>
			<report>
				<misses>18835001</misses>
				<total>41</total>
				<timestamp>5644.850005</timestamp>
			</report>
			<report>
				<misses>18836001</misses>
				<total>41</total>
				<timestamp>5645.149706</timestamp>
			</report>
			<report>
				<misses>18837001</misses>
				<total>41</total>
				<timestamp>5645.449386</timestamp>
			</report>
			<report>
				<misses>18838001</misses>
				<total>41</total>
				<timestamp>5645.749073</timestamp>
			</report>
			<report>
				<misses>18839001</misses>
				<total>41</total>
				<timestamp>5646.048780</timestamp>
			</report>
			<report>
				<misses>18840001</misses>
				<total>41</total>
				<timestamp>5646.348488</timestamp>
			</report>
			<report>
				<misses>18841001</misses>
				<total>41</total>
				<timestamp>5646.648216</timestamp>
			</report>
			<report>
				<misses>18842001</misses>
				<total>41</total>
				<timestamp>5646.947869</timestamp>
			</report>
			<report>
				<misses>18843001</misses>
				<total>41</total>
				<timestamp>5647.247569</timestamp>
			</report>
			<report>
				<misses>18844001</misses>
				<total>41</total>
				<timestamp>5647.547300</timestamp>
			</report>
			<report>
				<misses>18845001</misses>
				<total>41</total>
				<timestamp>5647.847038</timestamp>
			</report>
			<report>
				<misses>18846001</misses>
				<total>41</total>
				<timestamp>5648.146669</timestamp>
			</report>
			<report>
				<misses>18847001</misses>
				<total>41</total>
				<timestamp>5648.446378</timestamp>
			</report>
			<report>
				<misses>18848001</misses>
				<total>41</total>
				<timestamp>5648.746068</timestamp>
			</report>
			<report>
				<misses>18849001</misses>
				<total>41</total>
				<timestamp>5649.045776</timestamp>
			</report>
			<report>
				<misses>18850001</misses>
				<total>41</total>
				<timestamp>5649.345459</timestamp>
			</report>
			<report>
				<misses>18851001</misses>
				<total>41</total>
				<timestamp>5649.645177</timestamp>
			</report>
			<report>
				<misses>18852001</misses>
				<total>41</total>
				<timestamp>5649.944908</timestamp>
			</report>
			<report>
				<misses>18853001</misses>
				<total>41</total>
				<timestamp>5650.244565</timestamp>
			</report>
			<report>
				<misses>18854001</misses>
				<total>41</total>
				<timestamp>5650.544357</timestamp>
			</report>
			<report>
				<misses>18855001</misses>
				<total>41</total>
				<timestamp>5650.843983</timestamp>
			</report>
			<report>
				<misses>18856001</misses>
				<total>41</total>
				<timestamp>5651.143672</timestamp>
			</report>
			<report>
				<misses>18857001</misses>
				<total>41</total>
				<timestamp>5651.443387</timestamp>
			</report>
			<report>
				<misses>18858001</misses>
				<total>41</total>
				<timestamp>5651.743121</timestamp>
			</report>
			<report>
				<misses>18859001</misses>
				<total>41</total>
				<timestamp>5652.042775</timestamp>
			</report>
			<report>
				<misses>18860001</misses>
				<total>41</total>
				<timestamp>5652.342475</timestamp>
			</report>
			<report>
				<misses>18861001</misses>
				<total>41</total>
				<timestamp>5652.642280</timestamp>
			</report>
			<report>
				<misses>18862001</misses>
				<total>41</total>
				<timestamp>5652.941870</timestamp>
			</report>
			<report>
				<misses>18863001</misses>
				<total>41</total>
				<timestamp>5653.241574</timestamp>
			</report>
			<report>
				<misses>18864001</misses>
				<total>41</total>
				<timestamp>5653.541269</timestamp>
			</report>
			<report>
				<misses>18865001</misses>
				<total>41</total>
				<timestamp>5653.840993</timestamp>
			</report>
			<report>
				<misses>18866001</misses>
				<total>41</total>
				<timestamp>5654.140678</timestamp>
			</report>
			<report>
				<misses>18867001</misses>
				<total>41</total>
				<timestamp>5654.440365</timestamp>
			</report>
			<report>
				<misses>18868001</misses>
				<total>41</total>
				<timestamp>5654.740162</timestamp>
			</report>
			<report>
				<misses>18869001</misses>
				<total>41</total>
				<timestamp>5655.039769</timestamp>
			</report>
			<report>
				<misses>18870001</misses>
				<total>41</total>
				<timestamp>5655.339481</timestamp>
			</report>
			<report>
				<misses>18871001</misses>
				<total>41</total>
				<timestamp>5655.639181</timestamp>
			</report>
			<report>
				<misses>18872001</misses>
				<total>41</total>
				<timestamp>5655.938872</timestamp>
			</report>
			<report>
				<misses>18873001</misses>
				<total>41</total>
				<timestamp>5656.238673</timestamp>
			</report>
			<report>
				<misses>18874001</misses>
				<total>41</total>
				<timestamp>5656.538277</timestamp>
			</report>
			<report>
				<misses>18875001</misses>
				<total>41</total>
				<timestamp>5656.838058</timestamp>
			</report>
			<report>
				<misses>18876001</misses>
				<total>41</total>
				<timestamp>5657.137667</timestamp>
			</report>
			<report>
				<misses>18877001</misses>
				<total>41</total>
				<timestamp>5657.437371</timestamp>
			</report>
			<report>
				<misses>18878001</misses>
				<total>41</total>
				<timestamp>5657.737078</timestamp>
			</report>
			<report>
				<misses>18879001</misses>
				<total>41</total>
				<timestamp>5658.036779</timestamp>
			</report>
			<report>
				<misses>18880001</misses>
				<total>41</total>
				<timestamp>5658.336488</timestamp>
			</report>
			<report>
				<misses>18881001</misses>
				<total>41</total>
				<timestamp>5658.636232</timestamp>
			</report>
			<report>
				<misses>18882001</misses>
				<total>41</total>
				<timestamp>5658.935876</timestamp>
			</report>
			<report>
				<misses>18883001</misses>
				<total>41</total>
				<timestamp>5659.235586</timestamp>
			</report>
			<report>
				<misses>18884001</misses>
				<total>41</total>
				<timestamp>5659.535274</timestamp>
			</report>
			<report>
				<misses>18885001</misses>
				<total>41</total>
				<timestamp>5659.835013</timestamp>
			</report>
			<report>
				<misses>18886001</misses>
				<total>41</total>
				<timestamp>5660.134673</timestamp>
			</report>
			<report>
				<misses>18887001</misses>
				<total>41</total>
				<timestamp>5660.434400</timestamp>
			</report>
			<report>
				<misses>18888001</misses>
				<total>41</total>
				<timestamp>5660.734079</timestamp>
			</report>
			<report>
				<misses>18889001</misses>
				<total>41</total>
				<timestamp>5661.033782</timestamp>
			</report>
			<report>
				<misses>18890001</misses>
				<total>41</total>
				<timestamp>5661.333538</timestamp>
			</report>
			<report>
				<misses>18891001</misses>
				<total>41</total>
				<timestamp>5661.633234</timestamp>
			</report>
			<report>
				<misses>18892001</misses>
				<total>41</total>
				<timestamp>5661.932887</timestamp>
			</report>
			<report>
				<misses>18893001</misses>
				<total>41</total>
				<timestamp>5662.232570</timestamp>
			</report>
			<report>
				<misses>18894001</misses>
				<total>41</total>
				<timestamp>5662.532337</timestamp>
			</report>
			<report>
				<misses>18895001</misses>
				<total>41</total>
				<timestamp>5662.832015</timestamp>
			</report>
			<report>
				<misses>18896001</misses>
				<total>41</total>
				<timestamp>5663.131686</timestamp>
			</report>
			<report>
				<misses>18897001</misses>
				<total>41</total>
				<timestamp>5663.431399</timestamp>
			</report>
			<report>
				<misses>18898001</misses>
				<total>41</total>
				<timestamp>5663.731091</timestamp>
			</report>
			<report>
				<misses>18899001</misses>
				<total>41</total>
				<timestamp>5664.030774</timestamp>
			</report>
			<report>
				<misses>18900001</misses>
				<total>41</total>
				<timestamp>5664.330509</timestamp>
			</report>
			<report>
				<misses>18901001</misses>
				<total>41</total>
				<timestamp>5664.630277</timestamp>
			</report>
			<report>
				<misses>18902001</misses>
				<total>41</total>
				<timestamp>5664.929880</timestamp>
			</report>
			<report>
				<misses>18903001</misses>
				<total>41</total>
				<timestamp>5665.229597</timestamp>
			</report>
			<report>
				<misses>18904001</misses>
				<total>41</total>
				<timestamp>5665.529288</timestamp>
			</report>
			<report>
				<misses>18905001</misses>
				<total>41</total>
				<timestamp>5665.829017</timestamp>
			</report>
			<report>
				<misses>18906001</misses>
				<total>41</total>
				<timestamp>5666.128688</timestamp>
			</report>
			<report>
				<misses>18907001</misses>
				<total>41</total>
				<timestamp>5666.428373</timestamp>
			</report>
			<report>
				<misses>18908001</misses>
				<total>41</total>
				<timestamp>5666.728151</timestamp>
			</report>
			<report>
				<misses>18909001</misses>
				<total>41</total>
				<timestamp>5667.027772</timestamp>
			</report>
			<report>
				<misses>18910001</misses>
				<total>41</total>
				<timestamp>5667.327553</timestamp>
			</report>
			<report>
				<misses>18911001</misses>
				<total>41</total>
				<timestamp>5667.627285</timestamp>
			</report>
			<report>
				<misses>18912001</misses>
				<total>41</total>
				<timestamp>5667.926968</timestamp>
			</report>
			<report>
				<misses>18913001</misses>
				<total>41</total>
				<timestamp>5668.226569</timestamp>
			</report>
			<report>
				<misses>18914001</misses>
				<total>41</total>
				<timestamp>5668.526288</timestamp>
			</report>
			<report>
				<misses>18915001</misses>
				<total>41</total>
				<timestamp>5668.826025</timestamp>
			</report>
			<report>
				<misses>18916001</misses>
				<total>41</total>
				<timestamp>5669.125674</timestamp>
			</report>
			<report>
				<misses>18917001</misses>
				<total>41</total>
				<timestamp>5669.425376</timestamp>
			</report>
			<report>
				<misses>18918001</misses>
				<total>41</total>
				<timestamp>5669.725121</timestamp>
			</report>
			<report>
				<misses>18919001</misses>
				<total>41</total>
				<timestamp>5670.024775</timestamp>
			</report>
			<report>
				<misses>18920001</misses>
				<total>41</total>
				<timestamp>5670.324481</timestamp>
			</report>
			<report>
				<misses>18921001</misses>
				<total>41</total>
				<timestamp>5670.624184</timestamp>
			</report>
			<report>
				<misses>18922001</misses>
				<total>41</total>
				<timestamp>5670.923897</timestamp>
			</report>
			<report>
				<misses>18923001</misses>
				<total>41</total>
				<timestamp>5671.223584</timestamp>
			</report>
			<report>
				<misses>18924001</misses>
				<total>41</total>
				<timestamp>5671.523334</timestamp>
			</report>
			<report>
				<misses>18925001</misses>
				<total>41</total>
				<timestamp>5671.823020</timestamp>
			</report>
			<report>
				<misses>18926001</misses>
				<total>41</total>
				<timestamp>5672.122675</timestamp>
			</report>
			<report>
				<misses>18927001</misses>
				<total>41</total>
				<timestamp>5672.422367</timestamp>
			</report>
			<report>
				<misses>18928001</misses>
				<total>40</total>
				<timestamp>5672.722213</timestamp>
			</report>
			<report>
				<misses>18929001</misses>
				<total>41</total>
				<timestamp>5673.021829</timestamp>
			</report>
			<report>
				<misses>18930001</misses>
				<total>41</total>
				<timestamp>5673.321471</timestamp>
			</report>
			<report>
				<misses>18931001</misses>
				<total>41</total>
				<timestamp>5673.621230</timestamp>
			</report>
			<report>
				<misses>18932001</misses>
				<total>41</total>
				<timestamp>5673.920889</timestamp>
			</report>
			<report>
				<misses>18933001</misses>
				<total>41</total>
				<timestamp>5674.220566</timestamp>
			</report>
			<report>
				<misses>18934001</misses>
				<total>41</total>
				<timestamp>5674.520265</timestamp>
			</report>
			<report>
				<misses>18935001</misses>
				<total>41</total>
				<timestamp>5674.819984</timestamp>
			</report>
			<report>
				<misses>18936001</misses>
				<total>41</total>
				<timestamp>5675.119679</timestamp>
			</report>
			<report>
				<misses>18937001</misses>
				<total>41</total>
				<timestamp>5675.419365</timestamp>
			</report>
			<report>
				<misses>18938001</misses>
				<total>41</total>
				<timestamp>5675.719117</timestamp>
			</report>
			<report>
				<misses>18939001</misses>
				<total>41</total>
				<timestamp>5676.018769</timestamp>
			</report>
			<report>
				<misses>18940001</misses>
				<total>41</total>
				<timestamp>5676.318480</timestamp>
			</report>
			<report>
				<misses>18941001</misses>
				<total>40</total>
				<timestamp>5676.618290</timestamp>
			</report>
			<report>
				<misses>18942001</misses>
				<total>41</total>
				<timestamp>5676.917912</timestamp>
			</report>
			<report>
				<misses>18943001</misses>
				<total>41</total>
				<timestamp>5677.217572</timestamp>
			</report>
			<report>
				<misses>18944001</misses>
				<total>41</total>
				<timestamp>5677.517310</timestamp>
			</report>
			<report>
				<misses>18945001</misses>
				<total>41</total>
				<timestamp>5677.817078</timestamp>
			</report>
			<report>
				<misses>18946001</misses>
				<total>41</total>
				<timestamp>5678.116660</timestamp>
			</report>
			<report>
				<misses>18947001</misses>
				<total>41</total>
				<timestamp>5678.416368</timestamp>
			</report>
			<report>
				<misses>18948001</misses>
				<total>41</total>
				<timestamp>5678.716168</timestamp>
			</report>
			<report>
				<misses>18949001</misses>
				<total>41</total>
				<timestamp>5679.015769</timestamp>
			</report>
			<report>
				<misses>18950001</misses>
				<total>41</total>
				<timestamp>5679.315490</timestamp>
			</report>
			<report>
				<misses>18951001</misses>
				<total>40</total>
				<timestamp>5679.615278</timestamp>
			</report>
			<report>
				<misses>18952001</misses>
				<total>41</total>
				<timestamp>5679.914955</timestamp>
			</report>
			<report>
				<misses>18953001</misses>
				<total>41</total>
				<timestamp>5680.214649</timestamp>
			</report>
			<report>
				<misses>18954001</misses>
				<total>41</total>
				<timestamp>5680.514272</timestamp>
			</report>
			<report>
				<misses>18955001</misses>
				<total>41</total>
				<timestamp>5680.814015</timestamp>
			</report>
			<report>
				<misses>18956001</misses>
				<total>41</total>
				<timestamp>5681.113657</timestamp>
			</report>
			<report>
				<misses>18957001</misses>
				<total>41</total>
				<timestamp>5681.413420</timestamp>
			</report>
			<report>
				<misses>18958001</misses>
				<total>41</total>
				<timestamp>5681.713105</timestamp>
			</report>
			<report>
				<misses>18959001</misses>
				<total>41</total>
				<timestamp>5682.012772</timestamp>
			</report>
			<report>
				<misses>18960001</misses>
				<total>41</total>
				<timestamp>5682.312489</timestamp>
			</report>
			<report>
				<misses>18961001</misses>
				<total>41</total>
				<timestamp>5682.612245</timestamp>
			</report>
			<report>
				<misses>18962001</misses>
				<total>41</total>
				<timestamp>5682.911932</timestamp>
			</report>
			<report>
				<misses>18963001</misses>
				<total>41</total>
				<timestamp>5683.211574</timestamp>
			</report>
			<report>
				<misses>18964001</misses>
				<total>41</total>
				<timestamp>5683.511326</timestamp>
			</report>
			<report>
				<misses>18965001</misses>
				<total>41</total>
				<timestamp>5683.811051</timestamp>
			</report>
			<report>
				<misses>18966001</misses>
				<total>41</total>
				<timestamp>5684.110669</timestamp>
			</report>
			<report>
				<misses>18967001</misses>
				<total>41</total>
				<timestamp>5684.410405</timestamp>
			</report>
			<report>
				<misses>18968001</misses>
				<total>41</total>
				<timestamp>5684.710085</timestamp>
			</report>
			<report>
				<misses>18969001</misses>
				<total>41</total>
				<timestamp>5685.009760</timestamp>
			</report>
			<report>
				<misses>18970001</misses>
				<total>41</total>
				<timestamp>5685.309467</timestamp>
			</report>
			<report>
				<misses>18971001</misses>
				<total>41</total>
				<timestamp>5685.609222</timestamp>
			</report>
			<report>
				<misses>18972001</misses>
				<total>41</total>
				<timestamp>5685.908919</timestamp>
			</report>
			<report>
				<misses>18973001</misses>
				<total>41</total>
				<timestamp>5686.208596</timestamp>
			</report>
			<report>
				<misses>18974001</misses>
				<total>41</total>
				<timestamp>5686.508277</timestamp>
			</report>
			<report>
				<misses>18975001</misses>
				<total>41</total>
				<timestamp>5686.808035</timestamp>
			</report>
			<report>
				<misses>18976001</misses>
				<total>41</total>
				<timestamp>5687.107680</timestamp>
			</report>
			<report>
				<misses>18977001</misses>
				<total>41</total>
				<timestamp>5687.407424</timestamp>
			</report>
			<report>
				<misses>18978001</misses>
				<total>41</total>
				<timestamp>5687.707067</timestamp>
			</report>
			<report>
				<misses>18979001</misses>
				<total>41</total>
				<timestamp>5688.006777</timestamp>
			</report>
			<report>
				<misses>18980001</misses>
				<total>41</total>
				<timestamp>5688.306494</timestamp>
			</report>
			<report>
				<misses>18981001</misses>
				<total>41</total>
				<timestamp>5688.606203</timestamp>
			</report>
			<report>
				<misses>18982001</misses>
				<total>41</total>
				<timestamp>5688.905891</timestamp>
			</report>
			<report>
				<misses>18983001</misses>
				<total>41</total>
				<timestamp>5689.205605</timestamp>
			</report>
			<report>
				<misses>18984001</misses>
				<total>41</total>
				<timestamp>5689.505358</timestamp>
			</report>
			<report>
				<misses>18985001</misses>
				<total>41</total>
				<timestamp>5689.805001</timestamp>
			</report>
			<report>
				<misses>18986001</misses>
				<total>41</total>
				<timestamp>5690.104705</timestamp>
			</report>
			<report>
				<misses>18987001</misses>
				<total>41</total>
				<timestamp>5690.404421</timestamp>
			</report>
			<report>
				<misses>18988001</misses>
				<total>41</total>
				<timestamp>5690.704126</timestamp>
			</report>
			<report>
				<misses>18989001</misses>
				<total>41</total>
				<timestamp>5691.003784</timestamp>
			</report>
			<report>
				<misses>18990001</misses>
				<total>41</total>
				<timestamp>5691.303549</timestamp>
			</report>
			<report>
				<misses>18991001</misses>
				<total>41</total>
				<timestamp>5691.603190</timestamp>
			</report>
			<report>
				<misses>18992001</misses>
				<total>41</total>
				<timestamp>5691.902903</timestamp>
			</report>
			<report>
				<misses>18993001</misses>
				<total>41</total>
				<timestamp>5692.202578</timestamp>
			</report>
			<report>
				<misses>18994001</misses>
				<total>41</total>
				<timestamp>5692.502265</timestamp>
			</report>
			<report>
				<misses>18995001</misses>
				<total>40</total>
				<timestamp>5692.802009</timestamp>
			</report>
			<report>
				<misses>18996001</misses>
				<total>41</total>
				<timestamp>5693.101667</timestamp>
			</report>
			<report>
				<misses>18997001</misses>
				<total>41</total>
				<timestamp>5693.401373</timestamp>
			</report>
			<report>
				<misses>18998001</misses>
				<total>41</total>
				<timestamp>5693.701128</timestamp>
			</report>
			<report>
				<misses>18999001</misses>
				<total>41</total>
				<timestamp>5694.000823</timestamp>
			</report>
			<report>
				<misses>19000001</misses>
				<total>41</total>
				<timestamp>5694.300479</timestamp>
			</report>
			<report>
				<misses>19001001</misses>
				<total>41</total>
				<timestamp>5694.600217</timestamp>
			</report>
			<report>
				<misses>19002001</misses>
				<total>41</total>
				<timestamp>5694.899919</timestamp>
			</report>
			<report>
				<misses>19003001</misses>
				<total>41</total>
				<timestamp>5695.199586</timestamp>
			</report>
			<report>
				<misses>19004001</misses>
				<total>41</total>
				<timestamp>5695.499267</timestamp>
			</report>
			<report>
				<misses>19005001</misses>
				<total>41</total>
				<timestamp>5695.799072</timestamp>
			</report>
			<report>
				<misses>19006001</misses>
				<total>41</total>
				<timestamp>5696.098666</timestamp>
			</report>
			<report>
				<misses>19007001</misses>
				<total>41</total>
				<timestamp>5696.398381</timestamp>
			</report>
			<report>
				<misses>19008001</misses>
				<total>41</total>
				<timestamp>5696.698083</timestamp>
			</report>
			<report>
				<misses>19009001</misses>
				<total>41</total>
				<timestamp>5696.997784</timestamp>
			</report>
			<report>
				<misses>19010001</misses>
				<total>41</total>
				<timestamp>5697.297460</timestamp>
			</report>
			<report>
				<misses>19011001</misses>
				<total>41</total>
				<timestamp>5697.597176</timestamp>
			</report>
			<report>
				<misses>19012001</misses>
				<total>41</total>
				<timestamp>5697.896874</timestamp>
			</report>
			<report>
				<misses>19013001</misses>
				<total>41</total>
				<timestamp>5698.196574</timestamp>
			</report>
			<report>
				<misses>19014001</misses>
				<total>41</total>
				<timestamp>5698.496274</timestamp>
			</report>
			<report>
				<misses>19015001</misses>
				<total>40</total>
				<timestamp>5698.796094</timestamp>
			</report>
			<report>
				<misses>19016001</misses>
				<total>41</total>
				<timestamp>5699.095678</timestamp>
			</report>
			<report>
				<misses>19017001</misses>
				<total>41</total>
				<timestamp>5699.395371</timestamp>
			</report>
			<report>
				<misses>19018001</misses>
				<total>41</total>
				<timestamp>5699.695074</timestamp>
			</report>
			<report>
				<misses>19019001</misses>
				<total>41</total>
				<timestamp>5699.994818</timestamp>
			</report>
			<report>
				<misses>19020001</misses>
				<total>41</total>
				<timestamp>5700.294473</timestamp>
			</report>
			<report>
				<misses>19021001</misses>
				<total>41</total>
				<timestamp>5700.594172</timestamp>
			</report>
			<report>
				<misses>19022001</misses>
				<total>41</total>
				<timestamp>5700.893896</timestamp>
			</report>
			<report>
				<misses>19023001</misses>
				<total>41</total>
				<timestamp>5701.193565</timestamp>
			</report>
			<report>
				<misses>19024001</misses>
				<total>41</total>
				<timestamp>5701.493266</timestamp>
			</report>
			<report>
				<misses>19025001</misses>
				<total>41</total>
				<timestamp>5701.792989</timestamp>
			</report>
			<report>
				<misses>19026001</misses>
				<total>41</total>
				<timestamp>5702.092706</timestamp>
			</report>
			<report>
				<misses>19027001</misses>
				<total>41</total>
				<timestamp>5702.392366</timestamp>
			</report>
			<report>
				<misses>19028001</misses>
				<total>41</total>
				<timestamp>5702.692073</timestamp>
			</report>
			<report>
				<misses>19029001</misses>
				<total>41</total>
				<timestamp>5702.991784</timestamp>
			</report>
			<report>
				<misses>19030001</misses>
				<total>41</total>
				<timestamp>5703.291478</timestamp>
			</report>
			<report>
				<misses>19031001</misses>
				<total>41</total>
				<timestamp>5703.591158</timestamp>
			</report>
			<report>
				<misses>19032001</misses>
				<total>41</total>
				<timestamp>5703.890916</timestamp>
			</report>
			<report>
				<misses>19033001</misses>
				<total>41</total>
				<timestamp>5704.190569</timestamp>
			</report>
			<report>
				<misses>19034001</misses>
				<total>41</total>
				<timestamp>5704.490272</timestamp>
			</report>
			<report>
				<misses>19035001</misses>
				<total>41</total>
				<timestamp>5704.790027</timestamp>
			</report>
			<report>
				<misses>19036001</misses>
				<total>41</total>
				<timestamp>5705.089696</timestamp>
			</report>
			<report>
				<misses>19037001</misses>
				<total>41</total>
				<timestamp>5705.389389</timestamp>
			</report>
			<report>
				<misses>19038001</misses>
				<total>41</total>
				<timestamp>5705.689123</timestamp>
			</report>
			<report>
				<misses>19039001</misses>
				<total>41</total>
				<timestamp>5705.988781</timestamp>
			</report>
			<report>
				<misses>19040001</misses>
				<total>41</total>
				<timestamp>5706.288471</timestamp>
			</report>
			<report>
				<misses>19041001</misses>
				<total>41</total>
				<timestamp>5706.588249</timestamp>
			</report>
			<report>
				<misses>19042001</misses>
				<total>41</total>
				<timestamp>5706.887907</timestamp>
			</report>
			<report>
				<misses>19043001</misses>
				<total>41</total>
				<timestamp>5707.187571</timestamp>
			</report>
			<report>
				<misses>19044001</misses>
				<total>41</total>
				<timestamp>5707.487330</timestamp>
			</report>
			<report>
				<misses>19045001</misses>
				<total>41</total>
				<timestamp>5707.786977</timestamp>
			</report>
			<report>
				<misses>19046001</misses>
				<total>41</total>
				<timestamp>5708.086701</timestamp>
			</report>
			<report>
				<misses>19047001</misses>
				<total>41</total>
				<timestamp>5708.386436</timestamp>
			</report>
			<report>
				<misses>19048001</misses>
				<total>41</total>
				<timestamp>5708.686134</timestamp>
			</report>
			<report>
				<misses>19049001</misses>
				<total>41</total>
				<timestamp>5708.985777</timestamp>
			</report>
			<report>
				<misses>19050001</misses>
				<total>41</total>
				<timestamp>5709.285490</timestamp>
			</report>
			<report>
				<misses>19051001</misses>
				<total>41</total>
				<timestamp>5709.585184</timestamp>
			</report>
			<report>
				<misses>19052001</misses>
				<total>41</total>
				<timestamp>5709.884886</timestamp>
			</report>
			<report>
				<misses>19053001</misses>
				<total>41</total>
				<timestamp>5710.184600</timestamp>
			</report>
			<report>
				<misses>19054001</misses>
				<total>41</total>
				<timestamp>5710.484282</timestamp>
			</report>
			<report>
				<misses>19055001</misses>
				<total>41</total>
				<timestamp>5710.784039</timestamp>
			</report>
			<report>
				<misses>19056001</misses>
				<total>41</total>
				<timestamp>5711.083714</timestamp>
			</report>
			<report>
				<misses>19057001</misses>
				<total>41</total>
				<timestamp>5711.383357</timestamp>
			</report>
			<report>
				<misses>19058001</misses>
				<total>41</total>
				<timestamp>5711.683092</timestamp>
			</report>
			<report>
				<misses>19059001</misses>
				<total>41</total>
				<timestamp>5711.982867</timestamp>
			</report>
			<report>
				<misses>19060001</misses>
				<total>41</total>
				<timestamp>5712.282458</timestamp>
			</report>
			<report>
				<misses>19061001</misses>
				<total>41</total>
				<timestamp>5712.582172</timestamp>
			</report>
			<report>
				<misses>19062001</misses>
				<total>41</total>
				<timestamp>5712.881926</timestamp>
			</report>
			<report>
				<misses>19063001</misses>
				<total>41</total>
				<timestamp>5713.181564</timestamp>
			</report>
			<report>
				<misses>19064001</misses>
				<total>41</total>
				<timestamp>5713.481266</timestamp>
			</report>
			<report>
				<misses>19065001</misses>
				<total>41</total>
				<timestamp>5713.780996</timestamp>
			</report>
			<report>
				<misses>19066001</misses>
				<total>41</total>
				<timestamp>5714.080715</timestamp>
			</report>
			<report>
				<misses>19067001</misses>
				<total>41</total>
				<timestamp>5714.380360</timestamp>
			</report>
			<report>
				<misses>19068001</misses>
				<total>41</total>
				<timestamp>5714.680113</timestamp>
			</report>
			<report>
				<misses>19069001</misses>
				<total>41</total>
				<timestamp>5714.979798</timestamp>
			</report>
			<report>
				<misses>19070001</misses>
				<total>41</total>
				<timestamp>5715.279472</timestamp>
			</report>
			<report>
				<misses>19071001</misses>
				<total>41</total>
				<timestamp>5715.579172</timestamp>
			</report>
			<report>
				<misses>19072001</misses>
				<total>41</total>
				<timestamp>5715.878896</timestamp>
			</report>
			<report>
				<misses>19073001</misses>
				<total>41</total>
				<timestamp>5716.178574</timestamp>
			</report>
			<report>
				<misses>19074001</misses>
				<total>41</total>
				<timestamp>5716.478267</timestamp>
			</report>
			<report>
				<misses>19075001</misses>
				<total>41</total>
				<timestamp>5716.778018</timestamp>
			</report>
			<report>
				<misses>19076001</misses>
				<total>41</total>
				<timestamp>5717.077711</timestamp>
			</report>
			<report>
				<misses>19077001</misses>
				<total>41</total>
				<timestamp>5717.377380</timestamp>
			</report>
			<report>
				<misses>19078001</misses>
				<total>41</total>
				<timestamp>5717.677119</timestamp>
			</report>
			<report>
				<misses>19079001</misses>
				<total>41</total>
				<timestamp>5717.976795</timestamp>
			</report>
			<report>
				<misses>19080001</misses>
				<total>41</total>
				<timestamp>5718.276469</timestamp>
			</report>
			<report>
				<misses>19081001</misses>
				<total>41</total>
				<timestamp>5718.576170</timestamp>
			</report>
			<report>
				<misses>19082001</misses>
				<total>41</total>
				<timestamp>5718.875885</timestamp>
			</report>
			<report>
				<misses>19083001</misses>
				<total>41</total>
				<timestamp>5719.175570</timestamp>
			</report>
			<report>
				<misses>19084001</misses>
				<total>41</total>
				<timestamp>5719.475269</timestamp>
			</report>
			<report>
				<misses>19085001</misses>
				<total>41</total>
				<timestamp>5719.775006</timestamp>
			</report>
			<report>
				<misses>19086001</misses>
				<total>41</total>
				<timestamp>5720.074681</timestamp>
			</report>
			<report>
				<misses>19087001</misses>
				<total>41</total>
				<timestamp>5720.374386</timestamp>
			</report>
			<report>
				<misses>19088001</misses>
				<total>41</total>
				<timestamp>5720.674137</timestamp>
			</report>
			<report>
				<misses>19089001</misses>
				<total>41</total>
				<timestamp>5720.973795</timestamp>
			</report>
			<report>
				<misses>19090001</misses>
				<total>41</total>
				<timestamp>5721.273485</timestamp>
			</report>
			<report>
				<misses>19091001</misses>
				<total>41</total>
				<timestamp>5721.573287</timestamp>
			</report>
			<report>
				<misses>19092001</misses>
				<total>41</total>
				<timestamp>5721.872867</timestamp>
			</report>
			<report>
				<misses>19093001</misses>
				<total>41</total>
				<timestamp>5722.172562</timestamp>
			</report>
			<report>
				<misses>19094001</misses>
				<total>41</total>
				<timestamp>5722.472274</timestamp>
			</report>
			<report>
				<misses>19095001</misses>
				<total>41</total>
				<timestamp>5722.771991</timestamp>
			</report>
			<report>
				<misses>19096001</misses>
				<total>41</total>
				<timestamp>5723.071680</timestamp>
			</report>
			<report>
				<misses>19097001</misses>
				<total>41</total>
				<timestamp>5723.371369</timestamp>
			</report>
			<report>
				<misses>19098001</misses>
				<total>41</total>
				<timestamp>5723.671083</timestamp>
			</report>
			<report>
				<misses>19099001</misses>
				<total>41</total>
				<timestamp>5723.970795</timestamp>
			</report>
			<report>
				<misses>19100001</misses>
				<total>41</total>
				<timestamp>5724.270477</timestamp>
			</report>
			<report>
				<misses>19101001</misses>
				<total>41</total>
				<timestamp>5724.570176</timestamp>
			</report>
			<report>
				<misses>19102001</misses>
				<total>41</total>
				<timestamp>5724.869857</timestamp>
			</report>
			<report>
				<misses>19103001</misses>
				<total>41</total>
				<timestamp>5725.169597</timestamp>
			</report>
			<report>
				<misses>19104001</misses>
				<total>41</total>
				<timestamp>5725.469279</timestamp>
			</report>
			<report>
				<misses>19105001</misses>
				<total>41</total>
				<timestamp>5725.768985</timestamp>
			</report>
			<report>
				<misses>19106001</misses>
				<total>41</total>
				<timestamp>5726.068771</timestamp>
			</report>
			<report>
				<misses>19107001</misses>
				<total>41</total>
				<timestamp>5726.368359</timestamp>
			</report>
			<report>
				<misses>19108001</misses>
				<total>41</total>
				<timestamp>5726.668074</timestamp>
			</report>
			<report>
				<misses>19109001</misses>
				<total>41</total>
				<timestamp>5726.967768</timestamp>
			</report>
			<report>
				<misses>19110001</misses>
				<total>41</total>
				<timestamp>5727.267488</timestamp>
			</report>
			<report>
				<misses>19111001</misses>
				<total>41</total>
				<timestamp>5727.567166</timestamp>
			</report>
			<report>
				<misses>19112001</misses>
				<total>41</total>
				<timestamp>5727.866898</timestamp>
			</report>
			<report>
				<misses>19113001</misses>
				<total>41</total>
				<timestamp>5728.166628</timestamp>
			</report>
			<report>
				<misses>19114001</misses>
				<total>41</total>
				<timestamp>5728.466306</timestamp>
			</report>
			<report>
				<misses>19115001</misses>
				<total>41</total>
				<timestamp>5728.766000</timestamp>
			</report>
			<report>
				<misses>19116001</misses>
				<total>41</total>
				<timestamp>5729.065673</timestamp>
			</report>
			<report>
				<misses>19117001</misses>
				<total>41</total>
				<timestamp>5729.365366</timestamp>
			</report>
			<report>
				<misses>19118001</misses>
				<total>41</total>
				<timestamp>5729.665107</timestamp>
			</report>
			<report>
				<misses>19119001</misses>
				<total>41</total>
				<timestamp>5729.964807</timestamp>
			</report>
			<report>
				<misses>19120001</misses>
				<total>41</total>
				<timestamp>5730.264486</timestamp>
			</report>
			<report>
				<misses>19121001</misses>
				<total>41</total>
				<timestamp>5730.564172</timestamp>
			</report>
			<report>
				<misses>19122001</misses>
				<total>41</total>
				<timestamp>5730.863894</timestamp>
			</report>
			<report>
				<misses>19123001</misses>
				<total>41</total>
				<timestamp>5731.163579</timestamp>
			</report>
			<report>
				<misses>19124001</misses>
				<total>40</total>
				<timestamp>5731.463404</timestamp>
			</report>
			<report>
				<misses>19125001</misses>
				<total>41</total>
				<timestamp>5731.763042</timestamp>
			</report>
			<report>
				<misses>19126001</misses>
				<total>41</total>
				<timestamp>5732.062715</timestamp>
			</report>
			<report>
				<misses>19127001</misses>
				<total>41</total>
				<timestamp>5732.362377</timestamp>
			</report>
			<report>
				<misses>19128001</misses>
				<total>41</total>
				<timestamp>5732.662095</timestamp>
			</report>
			<report>
				<misses>19129001</misses>
				<total>41</total>
				<timestamp>5732.961770</timestamp>
			</report>
			<report>
				<misses>19130001</misses>
				<total>41</total>
				<timestamp>5733.261524</timestamp>
			</report>
			<report>
				<misses>19131001</misses>
				<total>41</total>
				<timestamp>5733.561184</timestamp>
			</report>
			<report>
				<misses>19132001</misses>
				<total>41</total>
				<timestamp>5733.860868</timestamp>
			</report>
			<report>
				<misses>19133001</misses>
				<total>41</total>
				<timestamp>5734.160590</timestamp>
			</report>
			<report>
				<misses>19134001</misses>
				<total>41</total>
				<timestamp>5734.460277</timestamp>
			</report>
			<report>
				<misses>19135001</misses>
				<total>41</total>
				<timestamp>5734.759982</timestamp>
			</report>
			<report>
				<misses>19136001</misses>
				<total>41</total>
				<timestamp>5735.059743</timestamp>
			</report>
			<report>
				<misses>19137001</misses>
				<total>41</total>
				<timestamp>5735.359369</timestamp>
			</report>
			<report>
				<misses>19138001</misses>
				<total>41</total>
				<timestamp>5735.659067</timestamp>
			</report>
			<report>
				<misses>19139001</misses>
				<total>41</total>
				<timestamp>5735.958842</timestamp>
			</report>
			<report>
				<misses>19140001</misses>
				<total>41</total>
				<timestamp>5736.258464</timestamp>
			</report>
			<report>
				<misses>19141001</misses>
				<total>41</total>
				<timestamp>5736.558176</timestamp>
			</report>
			<report>
				<misses>19142001</misses>
				<total>41</total>
				<timestamp>5736.857880</timestamp>
			</report>
			<report>
				<misses>19143001</misses>
				<total>41</total>
				<timestamp>5737.157604</timestamp>
			</report>
			<report>
				<misses>19144001</misses>
				<total>41</total>
				<timestamp>5737.457274</timestamp>
			</report>
			<report>
				<misses>19145001</misses>
				<total>41</total>
				<timestamp>5737.756994</timestamp>
			</report>
			<report>
				<misses>19146001</misses>
				<total>41</total>
				<timestamp>5738.056701</timestamp>
			</report>
			<report>
				<misses>19147001</misses>
				<total>41</total>
				<timestamp>5738.356386</timestamp>
			</report>
			<report>
				<misses>19148001</misses>
				<total>41</total>
				<timestamp>5738.656072</timestamp>
			</report>
			<report>
				<misses>19149001</misses>
				<total>41</total>
				<timestamp>5738.955771</timestamp>
			</report>
			<report>
				<misses>19150001</misses>
				<total>41</total>
				<timestamp>5739.255483</timestamp>
			</report>
			<report>
				<misses>19151001</misses>
				<total>41</total>
				<timestamp>5739.555166</timestamp>
			</report>
			<report>
				<misses>19152001</misses>
				<total>41</total>
				<timestamp>5739.854947</timestamp>
			</report>
			<report>
				<misses>19153001</misses>
				<total>41</total>
				<timestamp>5740.154719</timestamp>
			</report>
			<report>
				<misses>19154001</misses>
				<total>41</total>
				<timestamp>5740.454274</timestamp>
			</report>
			<report>
				<misses>19155001</misses>
				<total>41</total>
				<timestamp>5740.753999</timestamp>
			</report>
			<report>
				<misses>19156001</misses>
				<total>41</total>
				<timestamp>5741.053674</timestamp>
			</report>
			<report>
				<misses>19157001</misses>
				<total>41</total>
				<timestamp>5741.353357</timestamp>
			</report>
			<report>
				<misses>19158001</misses>
				<total>41</total>
				<timestamp>5741.653145</timestamp>
			</report>
			<report>
				<misses>19159001</misses>
				<total>41</total>
				<timestamp>5741.952832</timestamp>
			</report>
			<report>
				<misses>19160001</misses>
				<total>41</total>
				<timestamp>5742.252505</timestamp>
			</report>
			<report>
				<misses>19161001</misses>
				<total>41</total>
				<timestamp>5742.552171</timestamp>
			</report>
			<report>
				<misses>19162001</misses>
				<total>40</total>
				<timestamp>5742.851978</timestamp>
			</report>
			<report>
				<misses>19163001</misses>
				<total>41</total>
				<timestamp>5743.151627</timestamp>
			</report>
			<report>
				<misses>19164001</misses>
				<total>41</total>
				<timestamp>5743.451280</timestamp>
			</report>
			<report>
				<misses>19165001</misses>
				<total>41</total>
				<timestamp>5743.751074</timestamp>
			</report>
			<report>
				<misses>19166001</misses>
				<total>41</total>
				<timestamp>5744.050671</timestamp>
			</report>
			<report>
				<misses>19167001</misses>
				<total>41</total>
				<timestamp>5744.350414</timestamp>
			</report>
			<report>
				<misses>19168001</misses>
				<total>41</total>
				<timestamp>5744.650095</timestamp>
			</report>
			<report>
				<misses>19169001</misses>
				<total>41</total>
				<timestamp>5744.949784</timestamp>
			</report>
			<report>
				<misses>19170001</misses>
				<total>41</total>
				<timestamp>5745.249503</timestamp>
			</report>
			<report>
				<misses>19171001</misses>
				<total>41</total>
				<timestamp>5745.549238</timestamp>
			</report>
			<report>
				<misses>19172001</misses>
				<total>41</total>
				<timestamp>5745.848876</timestamp>
			</report>
			<report>
				<misses>19173001</misses>
				<total>41</total>
				<timestamp>5746.148585</timestamp>
			</report>
			<report>
				<misses>19174001</misses>
				<total>41</total>
				<timestamp>5746.448283</timestamp>
			</report>
			<report>
				<misses>19175001</misses>
				<total>41</total>
				<timestamp>5746.747991</timestamp>
			</report>
			<report>
				<misses>19176001</misses>
				<total>41</total>
				<timestamp>5747.047662</timestamp>
			</report>
			<report>
				<misses>19177001</misses>
				<total>41</total>
				<timestamp>5747.347404</timestamp>
			</report>
			<report>
				<misses>19178001</misses>
				<total>41</total>
				<timestamp>5747.647072</timestamp>
			</report>
			<report>
				<misses>19179001</misses>
				<total>41</total>
				<timestamp>5747.946835</timestamp>
			</report>
			<report>
				<misses>19180001</misses>
				<total>41</total>
				<timestamp>5748.246533</timestamp>
			</report>
			<report>
				<misses>19181001</misses>
				<total>41</total>
				<timestamp>5748.546178</timestamp>
			</report>
			<report>
				<misses>19182001</misses>
				<total>41</total>
				<timestamp>5748.845880</timestamp>
			</report>
			<report>
				<misses>19183001</misses>
				<total>41</total>
				<timestamp>5749.145646</timestamp>
			</report>
			<report>
				<misses>19184001</misses>
				<total>41</total>
				<timestamp>5749.445281</timestamp>
			</report>
			<report>
				<misses>19185001</misses>
				<total>41</total>
				<timestamp>5749.744982</timestamp>
			</report>
			<report>
				<misses>19186001</misses>
				<total>41</total>
				<timestamp>5750.044747</timestamp>
			</report>
			<report>
				<misses>19187001</misses>
				<total>41</total>
				<timestamp>5750.344383</timestamp>
			</report>
			<report>
				<misses>19188001</misses>
				<total>41</total>
				<timestamp>5750.644095</timestamp>
			</report>
			<report>
				<misses>19189001</misses>
				<total>41</total>
				<timestamp>5750.943829</timestamp>
			</report>
			<report>
				<misses>19190001</misses>
				<total>41</total>
				<timestamp>5751.243506</timestamp>
			</report>
			<report>
				<misses>19191001</misses>
				<total>41</total>
				<timestamp>5751.543175</timestamp>
			</report>
			<report>
				<misses>19192001</misses>
				<total>41</total>
				<timestamp>5751.842868</timestamp>
			</report>
			<report>
				<misses>19193001</misses>
				<total>41</total>
				<timestamp>5752.142624</timestamp>
			</report>
			<report>
				<misses>19194001</misses>
				<total>41</total>
				<timestamp>5752.442269</timestamp>
			</report>
			<report>
				<misses>19195001</misses>
				<total>41</total>
				<timestamp>5752.741968</timestamp>
			</report>
			<report>
				<misses>19196001</misses>
				<total>41</total>
				<timestamp>5753.041736</timestamp>
			</report>
			<report>
				<misses>19197001</misses>
				<total>41</total>
				<timestamp>5753.341380</timestamp>
			</report>
			<report>
				<misses>19198001</misses>
				<total>41</total>
				<timestamp>5753.641061</timestamp>
			</report>
			<report>
				<misses>19199001</misses>
				<total>41</total>
				<timestamp>5753.940781</timestamp>
			</report>
			<report>
				<misses>19200001</misses>
				<total>41</total>
				<timestamp>5754.240469</timestamp>
			</report>
			<report>
				<misses>19201001</misses>
				<total>41</total>
				<timestamp>5754.540177</timestamp>
			</report>
			<report>
				<misses>19202001</misses>
				<total>41</total>
				<timestamp>5754.839884</timestamp>
			</report>
			<report>
				<misses>19203001</misses>
				<total>41</total>
				<timestamp>5755.139586</timestamp>
			</report>
			<report>
				<misses>19204001</misses>
				<total>41</total>
				<timestamp>5755.439268</timestamp>
			</report>
			<report>
				<misses>19205001</misses>
				<total>41</total>
				<timestamp>5755.738996</timestamp>
			</report>
			<report>
				<misses>19206001</misses>
				<total>41</total>
				<timestamp>5756.038738</timestamp>
			</report>
			<report>
				<misses>19207001</misses>
				<total>41</total>
				<timestamp>5756.338407</timestamp>
			</report>
			<report>
				<misses>19208001</misses>
				<total>41</total>
				<timestamp>5756.638080</timestamp>
			</report>
			<report>
				<misses>19209001</misses>
				<total>41</total>
				<timestamp>5756.937836</timestamp>
			</report>
			<report>
				<misses>19210001</misses>
				<total>41</total>
				<timestamp>5757.237479</timestamp>
			</report>
			<report>
				<misses>19211001</misses>
				<total>41</total>
				<timestamp>5757.537194</timestamp>
			</report>
			<report>
				<misses>19212001</misses>
				<total>41</total>
				<timestamp>5757.836890</timestamp>
			</report>
			<report>
				<misses>19213001</misses>
				<total>41</total>
				<timestamp>5758.136579</timestamp>
			</report>
			<report>
				<misses>19214001</misses>
				<total>41</total>
				<timestamp>5758.436277</timestamp>
			</report>
			<report>
				<misses>19215001</misses>
				<total>41</total>
				<timestamp>5758.735984</timestamp>
			</report>
			<report>
				<misses>19216001</misses>
				<total>40</total>
				<timestamp>5759.035781</timestamp>
			</report>
			<report>
				<misses>19217001</misses>
				<total>41</total>
				<timestamp>5759.335458</timestamp>
			</report>
			<report>
				<misses>19218001</misses>
				<total>41</total>
				<timestamp>5759.635073</timestamp>
			</report>
			<report>
				<misses>19219001</misses>
				<total>41</total>
				<timestamp>5759.934835</timestamp>
			</report>
			<report>
				<misses>19220001</misses>
				<total>41</total>
				<timestamp>5760.234553</timestamp>
			</report>
			<report>
				<misses>19221001</misses>
				<total>41</total>
				<timestamp>5760.534171</timestamp>
			</report>
			<report>
				<misses>19222001</misses>
				<total>41</total>
				<timestamp>5760.833875</timestamp>
			</report>
			<report>
				<misses>19223001</misses>
				<total>41</total>
				<timestamp>5761.133573</timestamp>
			</report>
			<report>
				<misses>19224001</misses>
				<total>41</total>
				<timestamp>5761.433300</timestamp>
			</report>
			<report>
				<misses>19225001</misses>
				<total>41</total>
				<timestamp>5761.733049</timestamp>
			</report>
			<report>
				<misses>19226001</misses>
				<total>41</total>
				<timestamp>5762.032677</timestamp>
			</report>
			<report>
				<misses>19227001</misses>
				<total>41</total>
				<timestamp>5762.332394</timestamp>
			</report>
			<report>
				<misses>19228001</misses>
				<total>41</total>
				<timestamp>5762.632072</timestamp>
			</report>
			<report>
				<misses>19229001</misses>
				<total>41</total>
				<timestamp>5762.931776</timestamp>
			</report>
			<report>
				<misses>19230001</misses>
				<total>41</total>
				<timestamp>5763.231519</timestamp>
			</report>
			<report>
				<misses>19231001</misses>
				<total>41</total>
				<timestamp>5763.531233</timestamp>
			</report>
			<report>
				<misses>19232001</misses>
				<total>41</total>
				<timestamp>5763.830874</timestamp>
			</report>
			<report>
				<misses>19233001</misses>
				<total>41</total>
				<timestamp>5764.130569</timestamp>
			</report>
			<report>
				<misses>19234001</misses>
				<total>41</total>
				<timestamp>5764.430400</timestamp>
			</report>
			<report>
				<misses>19235001</misses>
				<total>41</total>
				<timestamp>5764.729983</timestamp>
			</report>
			<report>
				<misses>19236001</misses>
				<total>41</total>
				<timestamp>5765.029719</timestamp>
			</report>
			<report>
				<misses>19237001</misses>
				<total>41</total>
				<timestamp>5765.329412</timestamp>
			</report>
			<report>
				<misses>19238001</misses>
				<total>41</total>
				<timestamp>5765.629058</timestamp>
			</report>
			<report>
				<misses>19239001</misses>
				<total>41</total>
				<timestamp>5765.928792</timestamp>
			</report>
			<report>
				<misses>19240001</misses>
				<total>41</total>
				<timestamp>5766.228491</timestamp>
			</report>
			<report>
				<misses>19241001</misses>
				<total>41</total>
				<timestamp>5766.528171</timestamp>
			</report>
			<report>
				<misses>19242001</misses>
				<total>40</total>
				<timestamp>5766.827989</timestamp>
			</report>
			<report>
				<misses>19243001</misses>
				<total>41</total>
				<timestamp>5767.127593</timestamp>
			</report>
			<report>
				<misses>19244001</misses>
				<total>41</total>
				<timestamp>5767.427278</timestamp>
			</report>
			<report>
				<misses>19245001</misses>
				<total>41</total>
				<timestamp>5767.726979</timestamp>
			</report>
			<report>
				<misses>19246001</misses>
				<total>41</total>
				<timestamp>5768.026695</timestamp>
			</report>
			<report>
				<misses>19247001</misses>
				<total>41</total>
				<timestamp>5768.326430</timestamp>
			</report>
			<report>
				<misses>19248001</misses>
				<total>41</total>
				<timestamp>5768.626076</timestamp>
			</report>
			<report>
				<misses>19249001</misses>
				<total>41</total>
				<timestamp>5768.925808</timestamp>
			</report>
			<report>
				<misses>19250001</misses>
				<total>41</total>
				<timestamp>5769.225501</timestamp>
			</report>
			<report>
				<misses>19251001</misses>
				<total>41</total>
				<timestamp>5769.525170</timestamp>
			</report>
			<report>
				<misses>19252001</misses>
				<total>41</total>
				<timestamp>5769.824948</timestamp>
			</report>
			<report>
				<misses>19253001</misses>
				<total>41</total>
				<timestamp>5770.124588</timestamp>
			</report>
			<report>
				<misses>19254001</misses>
				<total>41</total>
				<timestamp>5770.424302</timestamp>
			</report>
			<report>
				<misses>19255001</misses>
				<total>41</total>
				<timestamp>5770.723990</timestamp>
			</report>
			<report>
				<misses>19256001</misses>
				<total>41</total>
				<timestamp>5771.023675</timestamp>
			</report>
			<report>
				<misses>19257001</misses>
				<total>41</total>
				<timestamp>5771.323383</timestamp>
			</report>
			<report>
				<misses>19258001</misses>
				<total>41</total>
				<timestamp>5771.623084</timestamp>
			</report>
			<report>
				<misses>19259001</misses>
				<total>41</total>
				<timestamp>5771.922772</timestamp>
			</report>
			<report>
				<misses>19260001</misses>
				<total>41</total>
				<timestamp>5772.222491</timestamp>
			</report>
			<report>
				<misses>19261001</misses>
				<total>41</total>
				<timestamp>5772.522263</timestamp>
			</report>
			<report>
				<misses>19262001</misses>
				<total>41</total>
				<timestamp>5772.821867</timestamp>
			</report>
			<report>
				<misses>19263001</misses>
				<total>41</total>
				<timestamp>5773.121610</timestamp>
			</report>
			<report>
				<misses>19264001</misses>
				<total>41</total>
				<timestamp>5773.421309</timestamp>
			</report>
			<report>
				<misses>19265001</misses>
				<total>41</total>
				<timestamp>5773.720988</timestamp>
			</report>
			<report>
				<misses>19266001</misses>
				<total>41</total>
				<timestamp>5774.020670</timestamp>
			</report>
			<report>
				<misses>19267001</misses>
				<total>41</total>
				<timestamp>5774.320387</timestamp>
			</report>
			<report>
				<misses>19268001</misses>
				<total>41</total>
				<timestamp>5774.620064</timestamp>
			</report>
			<report>
				<misses>19269001</misses>
				<total>41</total>
				<timestamp>5774.919868</timestamp>
			</report>
			<report>
				<misses>19270001</misses>
				<total>41</total>
				<timestamp>5775.219495</timestamp>
			</report>
			<report>
				<misses>19271001</misses>
				<total>41</total>
				<timestamp>5775.519163</timestamp>
			</report>
			<report>
				<misses>19272001</misses>
				<total>41</total>
				<timestamp>5775.818905</timestamp>
			</report>
			<report>
				<misses>19273001</misses>
				<total>41</total>
				<timestamp>5776.118568</timestamp>
			</report>
			<report>
				<misses>19274001</misses>
				<total>41</total>
				<timestamp>5776.418292</timestamp>
			</report>
			<report>
				<misses>19275001</misses>
				<total>41</total>
				<timestamp>5776.718020</timestamp>
			</report>
			<report>
				<misses>19276001</misses>
				<total>41</total>
				<timestamp>5777.017661</timestamp>
			</report>
			<report>
				<misses>19277001</misses>
				<total>41</total>
				<timestamp>5777.317368</timestamp>
			</report>
			<report>
				<misses>19278001</misses>
				<total>41</total>
				<timestamp>5777.617066</timestamp>
			</report>
			<report>
				<misses>19279001</misses>
				<total>41</total>
				<timestamp>5777.916777</timestamp>
			</report>
			<report>
				<misses>19280001</misses>
				<total>41</total>
				<timestamp>5778.216469</timestamp>
			</report>
			<report>
				<misses>19281001</misses>
				<total>41</total>
				<timestamp>5778.516158</timestamp>
			</report>
			<report>
				<misses>19282001</misses>
				<total>41</total>
				<timestamp>5778.815958</timestamp>
			</report>
			<report>
				<misses>19283001</misses>
				<total>40</total>
				<timestamp>5779.115699</timestamp>
			</report>
			<report>
				<misses>19284001</misses>
				<total>41</total>
				<timestamp>5779.415335</timestamp>
			</report>
			<report>
				<misses>19285001</misses>
				<total>41</total>
				<timestamp>5779.714999</timestamp>
			</report>
			<report>
				<misses>19286001</misses>
				<total>41</total>
				<timestamp>5780.014698</timestamp>
			</report>
			<report>
				<misses>19287001</misses>
				<total>41</total>
				<timestamp>5780.314396</timestamp>
			</report>
			<report>
				<misses>19288001</misses>
				<total>41</total>
				<timestamp>5780.614070</timestamp>
			</report>
			<report>
				<misses>19289001</misses>
				<total>41</total>
				<timestamp>5780.913769</timestamp>
			</report>
			<report>
				<misses>19290001</misses>
				<total>41</total>
				<timestamp>5781.213468</timestamp>
			</report>
			<report>
				<misses>19291001</misses>
				<total>41</total>
				<timestamp>5781.513179</timestamp>
			</report>
			<report>
				<misses>19292001</misses>
				<total>41</total>
				<timestamp>5781.812874</timestamp>
			</report>
			<report>
				<misses>19293001</misses>
				<total>41</total>
				<timestamp>5782.112577</timestamp>
			</report>
			<report>
				<misses>19294001</misses>
				<total>41</total>
				<timestamp>5782.412327</timestamp>
			</report>
			<report>
				<misses>19295001</misses>
				<total>41</total>
				<timestamp>5782.712062</timestamp>
			</report>
			<report>
				<misses>19296001</misses>
				<total>41</total>
				<timestamp>5783.011669</timestamp>
			</report>
			<report>
				<misses>19297001</misses>
				<total>41</total>
				<timestamp>5783.311406</timestamp>
			</report>
			<report>
				<misses>19298001</misses>
				<total>41</total>
				<timestamp>5783.611099</timestamp>
			</report>
			<report>
				<misses>19299001</misses>
				<total>41</total>
				<timestamp>5783.910767</timestamp>
			</report>
			<report>
				<misses>19300001</misses>
				<total>41</total>
				<timestamp>5784.210479</timestamp>
			</report>
			<report>
				<misses>19301001</misses>
				<total>41</total>
				<timestamp>5784.510176</timestamp>
			</report>
			<report>
				<misses>19302001</misses>
				<total>41</total>
				<timestamp>5784.809928</timestamp>
			</report>
			<report>
				<misses>19303001</misses>
				<total>40</total>
				<timestamp>5785.109690</timestamp>
			</report>
			<report>
				<misses>19304001</misses>
				<total>41</total>
				<timestamp>5785.409265</timestamp>
			</report>
			<report>
				<misses>19305001</misses>
				<total>41</total>
				<timestamp>5785.708994</timestamp>
			</report>
			<report>
				<misses>19306001</misses>
				<total>41</total>
				<timestamp>5786.008725</timestamp>
			</report>
			<report>
				<misses>19307001</misses>
				<total>41</total>
				<timestamp>5786.308365</timestamp>
			</report>
			<report>
				<misses>19308001</misses>
				<total>41</total>
				<timestamp>5786.608075</timestamp>
			</report>
			<report>
				<misses>19309001</misses>
				<total>41</total>
				<timestamp>5786.907781</timestamp>
			</report>
			<report>
				<misses>19310001</misses>
				<total>41</total>
				<timestamp>5787.207499</timestamp>
			</report>
			<report>
				<misses>19311001</misses>
				<total>41</total>
				<timestamp>5787.507177</timestamp>
			</report>
			<report>
				<misses>19312001</misses>
				<total>41</total>
				<timestamp>5787.806874</timestamp>
			</report>
			<report>
				<misses>19313001</misses>
				<total>41</total>
				<timestamp>5788.106624</timestamp>
			</report>
			<report>
				<misses>19314001</misses>
				<total>41</total>
				<timestamp>5788.406294</timestamp>
			</report>
			<report>
				<misses>19315001</misses>
				<total>41</total>
				<timestamp>5788.705994</timestamp>
			</report>
			<report>
				<misses>19316001</misses>
				<total>41</total>
				<timestamp>5789.005675</timestamp>
			</report>
			<report>
				<misses>19317001</misses>
				<total>41</total>
				<timestamp>5789.305376</timestamp>
			</report>
			<report>
				<misses>19318001</misses>
				<total>41</total>
				<timestamp>5789.605068</timestamp>
			</report>
			<report>
				<misses>19319001</misses>
				<total>41</total>
				<timestamp>5789.904771</timestamp>
			</report>
			<report>
				<misses>19320001</misses>
				<total>41</total>
				<timestamp>5790.204475</timestamp>
			</report>
			<report>
				<misses>19321001</misses>
				<total>41</total>
				<timestamp>5790.504212</timestamp>
			</report>
			<report>
				<misses>19322001</misses>
				<total>41</total>
				<timestamp>5790.803928</timestamp>
			</report>
			<report>
				<misses>19323001</misses>
				<total>41</total>
				<timestamp>5791.103568</timestamp>
			</report>
			<report>
				<misses>19324001</misses>
				<total>40</total>
				<timestamp>5791.403383</timestamp>
			</report>
			<report>
				<misses>19325001</misses>
				<total>41</total>
				<timestamp>5791.702991</timestamp>
			</report>
			<report>
				<misses>19326001</misses>
				<total>41</total>
				<timestamp>5792.002694</timestamp>
			</report>
			<report>
				<misses>19327001</misses>
				<total>41</total>
				<timestamp>5792.302396</timestamp>
			</report>
			<report>
				<misses>19328001</misses>
				<total>41</total>
				<timestamp>5792.602119</timestamp>
			</report>
			<report>
				<misses>19329001</misses>
				<total>41</total>
				<timestamp>5792.901773</timestamp>
			</report>
			<report>
				<misses>19330001</misses>
				<total>41</total>
				<timestamp>5793.201486</timestamp>
			</report>
			<report>
				<misses>19331001</misses>
				<total>41</total>
				<timestamp>5793.501228</timestamp>
			</report>
			<report>
				<misses>19332001</misses>
				<total>41</total>
				<timestamp>5793.800866</timestamp>
			</report>
			<report>
				<misses>19333001</misses>
				<total>41</total>
				<timestamp>5794.100579</timestamp>
			</report>
			<report>
				<misses>19334001</misses>
				<total>41</total>
				<timestamp>5794.400317</timestamp>
			</report>
			<report>
				<misses>19335001</misses>
				<total>41</total>
				<timestamp>5794.699996</timestamp>
			</report>
			<report>
				<misses>19336001</misses>
				<total>41</total>
				<timestamp>5794.999663</timestamp>
			</report>
			<report>
				<misses>19337001</misses>
				<total>41</total>
				<timestamp>5795.299372</timestamp>
			</report>
			<report>
				<misses>19338001</misses>
				<total>41</total>
				<timestamp>5795.599073</timestamp>
			</report>
			<report>
				<misses>19339001</misses>
				<total>40</total>
				<timestamp>5795.898884</timestamp>
			</report>
			<report>
				<misses>19340001</misses>
				<total>41</total>
				<timestamp>5796.198541</timestamp>
			</report>
			<report>
				<misses>19341001</misses>
				<total>41</total>
				<timestamp>5796.498199</timestamp>
			</report>
			<report>
				<misses>19342001</misses>
				<total>41</total>
				<timestamp>5796.797896</timestamp>
			</report>
			<report>
				<misses>19343001</misses>
				<total>41</total>
				<timestamp>5797.097586</timestamp>
			</report>
			<report>
				<misses>19344001</misses>
				<total>41</total>
				<timestamp>5797.397339</timestamp>
			</report>
			<report>
				<misses>19345001</misses>
				<total>41</total>
				<timestamp>5797.696981</timestamp>
			</report>
			<report>
				<misses>19346001</misses>
				<total>41</total>
				<timestamp>5797.996760</timestamp>
			</report>
			<report>
				<misses>19347001</misses>
				<total>41</total>
				<timestamp>5798.296372</timestamp>
			</report>
			<report>
				<misses>19348001</misses>
				<total>41</total>
				<timestamp>5798.596079</timestamp>
			</report>
			<report>
				<misses>19349001</misses>
				<total>41</total>
				<timestamp>5798.895772</timestamp>
			</report>
			<report>
				<misses>19350001</misses>
				<total>41</total>
				<timestamp>5799.195487</timestamp>
			</report>
			<report>
				<misses>19351001</misses>
				<total>41</total>
				<timestamp>5799.495197</timestamp>
			</report>
			<report>
				<misses>19352001</misses>
				<total>41</total>
				<timestamp>5799.794868</timestamp>
			</report>
			<report>
				<misses>19353001</misses>
				<total>41</total>
				<timestamp>5800.094568</timestamp>
			</report>
			<report>
				<misses>19354001</misses>
				<total>41</total>
				<timestamp>5800.394305</timestamp>
			</report>
			<report>
				<misses>19355001</misses>
				<total>41</total>
				<timestamp>5800.694036</timestamp>
			</report>
			<report>
				<misses>19356001</misses>
				<total>41</total>
				<timestamp>5800.993666</timestamp>
			</report>
			<report>
				<misses>19357001</misses>
				<total>41</total>
				<timestamp>5801.293369</timestamp>
			</report>
			<report>
				<misses>19358001</misses>
				<total>41</total>
				<timestamp>5801.593081</timestamp>
			</report>
			<report>
				<misses>19359001</misses>
				<total>41</total>
				<timestamp>5801.892870</timestamp>
			</report>
			<report>
				<misses>19360001</misses>
				<total>41</total>
				<timestamp>5802.192470</timestamp>
			</report>
			<report>
				<misses>19361001</misses>
				<total>41</total>
				<timestamp>5802.492177</timestamp>
			</report>
			<report>
				<misses>19362001</misses>
				<total>41</total>
				<timestamp>5802.791885</timestamp>
			</report>
			<report>
				<misses>19363001</misses>
				<total>41</total>
				<timestamp>5803.091571</timestamp>
			</report>
			<report>
				<misses>19364001</misses>
				<total>41</total>
				<timestamp>5803.391295</timestamp>
			</report>
			<report>
				<misses>19365001</misses>
				<total>41</total>
				<timestamp>5803.690995</timestamp>
			</report>
			<report>
				<misses>19366001</misses>
				<total>41</total>
				<timestamp>5803.990673</timestamp>
			</report>
			<report>
				<misses>19367001</misses>
				<total>41</total>
				<timestamp>5804.290393</timestamp>
			</report>
			<report>
				<misses>19368001</misses>
				<total>41</total>
				<timestamp>5804.590112</timestamp>
			</report>
			<report>
				<misses>19369001</misses>
				<total>41</total>
				<timestamp>5804.889766</timestamp>
			</report>
			<report>
				<misses>19370001</misses>
				<total>41</total>
				<timestamp>5805.189563</timestamp>
			</report>
			<report>
				<misses>19371001</misses>
				<total>41</total>
				<timestamp>5805.489277</timestamp>
			</report>
			<report>
				<misses>19372001</misses>
				<total>41</total>
				<timestamp>5805.788884</timestamp>
			</report>
			<report>
				<misses>19373001</misses>
				<total>41</total>
				<timestamp>5806.088561</timestamp>
			</report>
			<report>
				<misses>19374001</misses>
				<total>41</total>
				<timestamp>5806.388285</timestamp>
			</report>
			<report>
				<misses>19375001</misses>
				<total>41</total>
				<timestamp>5806.688079</timestamp>
			</report>
			<report>
				<misses>19376001</misses>
				<total>41</total>
				<timestamp>5806.987693</timestamp>
			</report>
			<report>
				<misses>19377001</misses>
				<total>41</total>
				<timestamp>5807.287369</timestamp>
			</report>
			<report>
				<misses>19378001</misses>
				<total>41</total>
				<timestamp>5807.587125</timestamp>
			</report>
			<report>
				<misses>19379001</misses>
				<total>41</total>
				<timestamp>5807.886777</timestamp>
			</report>
			<report>
				<misses>19380001</misses>
				<total>41</total>
				<timestamp>5808.186543</timestamp>
			</report>
			<report>
				<misses>19381001</misses>
				<total>41</total>
				<timestamp>5808.486199</timestamp>
			</report>
			<report>
				<misses>19382001</misses>
				<total>41</total>
				<timestamp>5808.785902</timestamp>
			</report>
			<report>
				<misses>19383001</misses>
				<total>41</total>
				<timestamp>5809.085653</timestamp>
			</report>
			<report>
				<misses>19384001</misses>
				<total>41</total>
				<timestamp>5809.385286</timestamp>
			</report>
			<report>
				<misses>19385001</misses>
				<total>41</total>
				<timestamp>5809.684983</timestamp>
			</report>
			<report>
				<misses>19386001</misses>
				<total>41</total>
				<timestamp>5809.985009</timestamp>
			</report>
			<report>
				<misses>19387001</misses>
				<total>41</total>
				<timestamp>5810.284671</timestamp>
			</report>
			<report>
				<misses>19388001</misses>
				<total>41</total>
				<timestamp>5810.584391</timestamp>
			</report>
			<report>
				<misses>19389001</misses>
				<total>41</total>
				<timestamp>5810.884098</timestamp>
			</report>
			<report>
				<misses>19390001</misses>
				<total>41</total>
				<timestamp>5811.183853</timestamp>
			</report>
			<report>
				<misses>19391001</misses>
				<total>41</total>
				<timestamp>5811.483479</timestamp>
			</report>
			<report>
				<misses>19392001</misses>
				<total>41</total>
				<timestamp>5811.783184</timestamp>
			</report>
			<report>
				<misses>19393001</misses>
				<total>41</total>
				<timestamp>5812.082873</timestamp>
			</report>
			<report>
				<misses>19394001</misses>
				<total>41</total>
				<timestamp>5812.382565</timestamp>
			</report>
			<report>
				<misses>19395001</misses>
				<total>41</total>
				<timestamp>5812.682265</timestamp>
			</report>
			<report>
				<misses>19396001</misses>
				<total>41</total>
				<timestamp>5812.982094</timestamp>
			</report>
			<report>
				<misses>19397001</misses>
				<total>41</total>
				<timestamp>5813.281675</timestamp>
			</report>
			<report>
				<misses>19398001</misses>
				<total>41</total>
				<timestamp>5813.581389</timestamp>
			</report>
			<report>
				<misses>19399001</misses>
				<total>41</total>
				<timestamp>5813.881084</timestamp>
			</report>
			<report>
				<misses>19400001</misses>
				<total>41</total>
				<timestamp>5814.180787</timestamp>
			</report>
			<report>
				<misses>19401001</misses>
				<total>41</total>
				<timestamp>5814.480489</timestamp>
			</report>
			<report>
				<misses>19402001</misses>
				<total>41</total>
				<timestamp>5814.780195</timestamp>
			</report>
			<report>
				<misses>19403001</misses>
				<total>41</total>
				<timestamp>5815.079876</timestamp>
			</report>
			<report>
				<misses>19404001</misses>
				<total>41</total>
				<timestamp>5815.379623</timestamp>
			</report>
			<report>
				<misses>19405001</misses>
				<total>41</total>
				<timestamp>5815.679268</timestamp>
			</report>
			<report>
				<misses>19406001</misses>
				<total>41</total>
				<timestamp>5815.979070</timestamp>
			</report>
			<report>
				<misses>19407001</misses>
				<total>41</total>
				<timestamp>5816.278678</timestamp>
			</report>
			<report>
				<misses>19408001</misses>
				<total>41</total>
				<timestamp>5816.578429</timestamp>
			</report>
			<report>
				<misses>19409001</misses>
				<total>41</total>
				<timestamp>5816.878097</timestamp>
			</report>
			<report>
				<misses>19410001</misses>
				<total>41</total>
				<timestamp>5817.177774</timestamp>
			</report>
			<report>
				<misses>19411001</misses>
				<total>41</total>
				<timestamp>5817.477513</timestamp>
			</report>
			<report>
				<misses>19412001</misses>
				<total>41</total>
				<timestamp>5817.777218</timestamp>
			</report>
			<report>
				<misses>19413001</misses>
				<total>41</total>
				<timestamp>5818.076889</timestamp>
			</report>
			<report>
				<misses>19414001</misses>
				<total>41</total>
				<timestamp>5818.376561</timestamp>
			</report>
			<report>
				<misses>19415001</misses>
				<total>41</total>
				<timestamp>5818.676283</timestamp>
			</report>
			<report>
				<misses>19416001</misses>
				<total>41</total>
				<timestamp>5818.976105</timestamp>
			</report>
			<report>
				<misses>19417001</misses>
				<total>41</total>
				<timestamp>5819.275664</timestamp>
			</report>
			<report>
				<misses>19418001</misses>
				<total>40</total>
				<timestamp>5819.575488</timestamp>
			</report>
			<report>
				<misses>19419001</misses>
				<total>41</total>
				<timestamp>5819.875069</timestamp>
			</report>
			<report>
				<misses>19420001</misses>
				<total>41</total>
				<timestamp>5820.174781</timestamp>
			</report>
			<report>
				<misses>19421001</misses>
				<total>41</total>
				<timestamp>5820.474552</timestamp>
			</report>
			<report>
				<misses>19422001</misses>
				<total>41</total>
				<timestamp>5820.774171</timestamp>
			</report>
			<report>
				<misses>19423001</misses>
				<total>41</total>
				<timestamp>5821.073873</timestamp>
			</report>
			<report>
				<misses>19424001</misses>
				<total>41</total>
				<timestamp>5821.373570</timestamp>
			</report>
			<report>
				<misses>19425001</misses>
				<total>41</total>
				<timestamp>5821.673285</timestamp>
			</report>
			<report>
				<misses>19426001</misses>
				<total>41</total>
				<timestamp>5821.973017</timestamp>
			</report>
			<report>
				<misses>19427001</misses>
				<total>41</total>
				<timestamp>5822.272671</timestamp>
			</report>
			<report>
				<misses>19428001</misses>
				<total>41</total>
				<timestamp>5822.572462</timestamp>
			</report>
			<report>
				<misses>19429001</misses>
				<total>41</total>
				<timestamp>5822.872080</timestamp>
			</report>
			<report>
				<misses>19430001</misses>
				<total>41</total>
				<timestamp>5823.171778</timestamp>
			</report>
			<report>
				<misses>19431001</misses>
				<total>41</total>
				<timestamp>5823.471499</timestamp>
			</report>
			<report>
				<misses>19432001</misses>
				<total>41</total>
				<timestamp>5823.771180</timestamp>
			</report>
			<report>
				<misses>19433001</misses>
				<total>41</total>
				<timestamp>5824.070880</timestamp>
			</report>
			<report>
				<misses>19434001</misses>
				<total>41</total>
				<timestamp>5824.370577</timestamp>
			</report>
			<report>
				<misses>19435001</misses>
				<total>41</total>
				<timestamp>5824.670281</timestamp>
			</report>
			<report>
				<misses>19436001</misses>
				<total>41</total>
				<timestamp>5824.970024</timestamp>
			</report>
			<report>
				<misses>19437001</misses>
				<total>41</total>
				<timestamp>5825.269682</timestamp>
			</report>
			<report>
				<misses>19438001</misses>
				<total>41</total>
				<timestamp>5825.569388</timestamp>
			</report>
			<report>
				<misses>19439001</misses>
				<total>41</total>
				<timestamp>5825.869089</timestamp>
			</report>
			<report>
				<misses>19440001</misses>
				<total>41</total>
				<timestamp>5826.168791</timestamp>
			</report>
			<report>
				<misses>19441001</misses>
				<total>41</total>
				<timestamp>5826.468561</timestamp>
			</report>
			<report>
				<misses>19442001</misses>
				<total>41</total>
				<timestamp>5826.768172</timestamp>
			</report>
			<report>
				<misses>19443001</misses>
				<total>41</total>
				<timestamp>5827.067898</timestamp>
			</report>
			<report>
				<misses>19444001</misses>
				<total>41</total>
				<timestamp>5827.367582</timestamp>
			</report>
			<report>
				<misses>19445001</misses>
				<total>41</total>
				<timestamp>5827.667271</timestamp>
			</report>
			<report>
				<misses>19446001</misses>
				<total>41</total>
				<timestamp>5827.967063</timestamp>
			</report>
			<report>
				<misses>19447001</misses>
				<total>41</total>
				<timestamp>5828.266675</timestamp>
			</report>
			<report>
				<misses>19448001</misses>
				<total>41</total>
				<timestamp>5828.566427</timestamp>
			</report>
			<report>
				<misses>19449001</misses>
				<total>41</total>
				<timestamp>5828.866110</timestamp>
			</report>
			<report>
				<misses>19450001</misses>
				<total>41</total>
				<timestamp>5829.165772</timestamp>
			</report>
			<report>
				<misses>19451001</misses>
				<total>41</total>
				<timestamp>5829.465491</timestamp>
			</report>
			<report>
				<misses>19452001</misses>
				<total>41</total>
				<timestamp>5829.765168</timestamp>
			</report>
			<report>
				<misses>19453001</misses>
				<total>41</total>
				<timestamp>5830.064879</timestamp>
			</report>
			<report>
				<misses>19454001</misses>
				<total>41</total>
				<timestamp>5830.364568</timestamp>
			</report>
			<report>
				<misses>19455001</misses>
				<total>41</total>
				<timestamp>5830.664280</timestamp>
			</report>
			<report>
				<misses>19456001</misses>
				<total>41</total>
				<timestamp>5830.964016</timestamp>
			</report>
			<report>
				<misses>19457001</misses>
				<total>41</total>
				<timestamp>5831.263731</timestamp>
			</report>
			<report>
				<misses>19458001</misses>
				<total>41</total>
				<timestamp>5831.563418</timestamp>
			</report>
			<report>
				<misses>19459001</misses>
				<total>41</total>
				<timestamp>5831.863086</timestamp>
			</report>
			<report>
				<misses>19460001</misses>
				<total>41</total>
				<timestamp>5832.162773</timestamp>
			</report>
			<report>
				<misses>19461001</misses>
				<total>41</total>
				<timestamp>5832.462510</timestamp>
			</report>
			<report>
				<misses>19462001</misses>
				<total>41</total>
				<timestamp>5832.762242</timestamp>
			</report>
			<report>
				<misses>19463001</misses>
				<total>41</total>
				<timestamp>5833.061920</timestamp>
			</report>
			<report>
				<misses>19464001</misses>
				<total>41</total>
				<timestamp>5833.361675</timestamp>
			</report>
			<report>
				<misses>19465001</misses>
				<total>41</total>
				<timestamp>5833.661297</timestamp>
			</report>
			<report>
				<misses>19466001</misses>
				<total>41</total>
				<timestamp>5833.961019</timestamp>
			</report>
			<report>
				<misses>19467001</misses>
				<total>40</total>
				<timestamp>5834.260804</timestamp>
			</report>
			<report>
				<misses>19468001</misses>
				<total>41</total>
				<timestamp>5834.560438</timestamp>
			</report>
			<report>
				<misses>19469001</misses>
				<total>41</total>
				<timestamp>5834.860119</timestamp>
			</report>
			<report>
				<misses>19470001</misses>
				<total>41</total>
				<timestamp>5835.159829</timestamp>
			</report>
			<report>
				<misses>19471001</misses>
				<total>41</total>
				<timestamp>5835.459462</timestamp>
			</report>
			<report>
				<misses>19472001</misses>
				<total>41</total>
				<timestamp>5835.759187</timestamp>
			</report>
			<report>
				<misses>19473001</misses>
				<total>41</total>
				<timestamp>5836.058932</timestamp>
			</report>
			<report>
				<misses>19474001</misses>
				<total>41</total>
				<timestamp>5836.358572</timestamp>
			</report>
			<report>
				<misses>19475001</misses>
				<total>41</total>
				<timestamp>5836.658322</timestamp>
			</report>
			<report>
				<misses>19476001</misses>
				<total>41</total>
				<timestamp>5836.957992</timestamp>
			</report>
			<report>
				<misses>19477001</misses>
				<total>41</total>
				<timestamp>5837.257667</timestamp>
			</report>
			<report>
				<misses>19478001</misses>
				<total>41</total>
				<timestamp>5837.557422</timestamp>
			</report>
			<report>
				<misses>19479001</misses>
				<total>41</total>
				<timestamp>5837.857083</timestamp>
			</report>
			<report>
				<misses>19480001</misses>
				<total>41</total>
				<timestamp>5838.156787</timestamp>
			</report>
			<report>
				<misses>19481001</misses>
				<total>41</total>
				<timestamp>5838.456492</timestamp>
			</report>
			<report>
				<misses>19482001</misses>
				<total>41</total>
				<timestamp>5838.756180</timestamp>
			</report>
			<report>
				<misses>19483001</misses>
				<total>41</total>
				<timestamp>5839.055915</timestamp>
			</report>
			<report>
				<misses>19484001</misses>
				<total>41</total>
				<timestamp>5839.355570</timestamp>
			</report>
			<report>
				<misses>19485001</misses>
				<total>41</total>
				<timestamp>5839.655343</timestamp>
			</report>
			<report>
				<misses>19486001</misses>
				<total>41</total>
				<timestamp>5839.954976</timestamp>
			</report>
			<report>
				<misses>19487001</misses>
				<total>41</total>
				<timestamp>5840.254678</timestamp>
			</report>
			<report>
				<misses>19488001</misses>
				<total>41</total>
				<timestamp>5840.554391</timestamp>
			</report>
			<report>
				<misses>19489001</misses>
				<total>41</total>
				<timestamp>5840.854096</timestamp>
			</report>
			<report>
				<misses>19490001</misses>
				<total>41</total>
				<timestamp>5841.153791</timestamp>
			</report>
			<report>
				<misses>19491001</misses>
				<total>41</total>
				<timestamp>5841.453473</timestamp>
			</report>
			<report>
				<misses>19492001</misses>
				<total>41</total>
				<timestamp>5841.753172</timestamp>
			</report>
			<report>
				<misses>19493001</misses>
				<total>41</total>
				<timestamp>5842.052918</timestamp>
			</report>
			<report>
				<misses>19494001</misses>
				<total>41</total>
				<timestamp>5842.352570</timestamp>
			</report>
			<report>
				<misses>19495001</misses>
				<total>41</total>
				<timestamp>5842.652275</timestamp>
			</report>
			<report>
				<misses>19496001</misses>
				<total>41</total>
				<timestamp>5842.952023</timestamp>
			</report>
			<report>
				<misses>19497001</misses>
				<total>41</total>
				<timestamp>5843.251667</timestamp>
			</report>
			<report>
				<misses>19498001</misses>
				<total>41</total>
				<timestamp>5843.551368</timestamp>
			</report>
			<report>
				<misses>19499001</misses>
				<total>41</total>
				<timestamp>5843.851091</timestamp>
			</report>
			<report>
				<misses>19500001</misses>
				<total>41</total>
				<timestamp>5844.150794</timestamp>
			</report>
			<report>
				<misses>19501001</misses>
				<total>41</total>
				<timestamp>5844.450462</timestamp>
			</report>
			<report>
				<misses>19502001</misses>
				<total>41</total>
				<timestamp>5844.750173</timestamp>
			</report>
			<report>
				<misses>19503001</misses>
				<total>41</total>
				<timestamp>5845.049913</timestamp>
			</report>
			<report>
				<misses>19504001</misses>
				<total>41</total>
				<timestamp>5845.349584</timestamp>
			</report>
			<report>
				<misses>19505001</misses>
				<total>40</total>
				<timestamp>5845.649370</timestamp>
			</report>
			<report>
				<misses>19506001</misses>
				<total>41</total>
				<timestamp>5845.948981</timestamp>
			</report>
			<report>
				<misses>19507001</misses>
				<total>41</total>
				<timestamp>5846.248678</timestamp>
			</report>
			<report>
				<misses>19508001</misses>
				<total>41</total>
				<timestamp>5846.548380</timestamp>
			</report>
			<report>
				<misses>19509001</misses>
				<total>41</total>
				<timestamp>5846.848092</timestamp>
			</report>
			<report>
				<misses>19510001</misses>
				<total>41</total>
				<timestamp>5847.147780</timestamp>
			</report>
			<report>
				<misses>19511001</misses>
				<total>41</total>
				<timestamp>5847.447466</timestamp>
			</report>
			<report>
				<misses>19512001</misses>
				<total>41</total>
				<timestamp>5847.747174</timestamp>
			</report>
			<report>
				<misses>19513001</misses>
				<total>41</total>
				<timestamp>5848.046896</timestamp>
			</report>
			<report>
				<misses>19514001</misses>
				<total>41</total>
				<timestamp>5848.346570</timestamp>
			</report>
			<report>
				<misses>19515001</misses>
				<total>41</total>
				<timestamp>5848.646275</timestamp>
			</report>
			<report>
				<misses>19516001</misses>
				<total>41</total>
				<timestamp>5848.945987</timestamp>
			</report>
			<report>
				<misses>19517001</misses>
				<total>41</total>
				<timestamp>5849.245761</timestamp>
			</report>
			<report>
				<misses>19518001</misses>
				<total>41</total>
				<timestamp>5849.545380</timestamp>
			</report>
			<report>
				<misses>19519001</misses>
				<total>41</total>
				<timestamp>5849.845086</timestamp>
			</report>
			<report>
				<misses>19520001</misses>
				<total>41</total>
				<timestamp>5850.144783</timestamp>
			</report>
			<report>
				<misses>19521001</misses>
				<total>41</total>
				<timestamp>5850.444493</timestamp>
			</report>
			<report>
				<misses>19522001</misses>
				<total>41</total>
				<timestamp>5850.744220</timestamp>
			</report>
			<report>
				<misses>19523001</misses>
				<total>41</total>
				<timestamp>5851.043914</timestamp>
			</report>
			<report>
				<misses>19524001</misses>
				<total>41</total>
				<timestamp>5851.343580</timestamp>
			</report>
			<report>
				<misses>19525001</misses>
				<total>41</total>
				<timestamp>5851.643343</timestamp>
			</report>
			<report>
				<misses>19526001</misses>
				<total>41</total>
				<timestamp>5851.943005</timestamp>
			</report>
			<report>
				<misses>19527001</misses>
				<total>41</total>
				<timestamp>5852.242698</timestamp>
			</report>
			<report>
				<misses>19528001</misses>
				<total>41</total>
				<timestamp>5852.542453</timestamp>
			</report>
			<report>
				<misses>19529001</misses>
				<total>41</total>
				<timestamp>5852.842093</timestamp>
			</report>
			<report>
				<misses>19530001</misses>
				<total>41</total>
				<timestamp>5853.141836</timestamp>
			</report>
			<report>
				<misses>19531001</misses>
				<total>41</total>
				<timestamp>5853.441464</timestamp>
			</report>
			<report>
				<misses>19532001</misses>
				<total>41</total>
				<timestamp>5853.741174</timestamp>
			</report>
			<report>
				<misses>19533001</misses>
				<total>41</total>
				<timestamp>5854.040905</timestamp>
			</report>
			<report>
				<misses>19534001</misses>
				<total>41</total>
				<timestamp>5854.340575</timestamp>
			</report>
			<report>
				<misses>19535001</misses>
				<total>40</total>
				<timestamp>5854.640375</timestamp>
			</report>
			<report>
				<misses>19536001</misses>
				<total>41</total>
				<timestamp>5854.940044</timestamp>
			</report>
			<report>
				<misses>19537001</misses>
				<total>41</total>
				<timestamp>5855.239672</timestamp>
			</report>
			<report>
				<misses>19538001</misses>
				<total>41</total>
				<timestamp>5855.539379</timestamp>
			</report>
			<report>
				<misses>19539001</misses>
				<total>40</total>
				<timestamp>5855.839192</timestamp>
			</report>
			<report>
				<misses>19540001</misses>
				<total>41</total>
				<timestamp>5856.138828</timestamp>
			</report>
			<report>
				<misses>19541001</misses>
				<total>41</total>
				<timestamp>5856.438459</timestamp>
			</report>
			<report>
				<misses>19542001</misses>
				<total>41</total>
				<timestamp>5856.738183</timestamp>
			</report>
			<report>
				<misses>19543001</misses>
				<total>41</total>
				<timestamp>5857.037938</timestamp>
			</report>
			<report>
				<misses>19544001</misses>
				<total>41</total>
				<timestamp>5857.337576</timestamp>
			</report>
			<report>
				<misses>19545001</misses>
				<total>41</total>
				<timestamp>5857.637331</timestamp>
			</report>
			<report>
				<misses>19546001</misses>
				<total>41</total>
				<timestamp>5857.937011</timestamp>
			</report>
			<report>
				<misses>19547001</misses>
				<total>41</total>
				<timestamp>5858.236698</timestamp>
			</report>
			<report>
				<misses>19548001</misses>
				<total>41</total>
				<timestamp>5858.536356</timestamp>
			</report>
			<report>
				<misses>19549001</misses>
				<total>41</total>
				<timestamp>5858.836079</timestamp>
			</report>
			<report>
				<misses>19550001</misses>
				<total>41</total>
				<timestamp>5859.135850</timestamp>
			</report>
			<report>
				<misses>19551001</misses>
				<total>41</total>
				<timestamp>5859.435482</timestamp>
			</report>
			<report>
				<misses>19552001</misses>
				<total>41</total>
				<timestamp>5859.735297</timestamp>
			</report>
			<report>
				<misses>19553001</misses>
				<total>41</total>
				<timestamp>5860.034906</timestamp>
			</report>
			<report>
				<misses>19554001</misses>
				<total>41</total>
				<timestamp>5860.334573</timestamp>
			</report>
			<report>
				<misses>19555001</misses>
				<total>41</total>
				<timestamp>5860.634352</timestamp>
			</report>
			<report>
				<misses>19556001</misses>
				<total>41</total>
				<timestamp>5860.934005</timestamp>
			</report>
			<report>
				<misses>19557001</misses>
				<total>41</total>
				<timestamp>5861.233680</timestamp>
			</report>
			<report>
				<misses>19558001</misses>
				<total>41</total>
				<timestamp>5861.533362</timestamp>
			</report>
			<report>
				<misses>19559001</misses>
				<total>41</total>
				<timestamp>5861.833057</timestamp>
			</report>
			<report>
				<misses>19560001</misses>
				<total>41</total>
				<timestamp>5862.132804</timestamp>
			</report>
			<report>
				<misses>19561001</misses>
				<total>41</total>
				<timestamp>5862.432474</timestamp>
			</report>
			<report>
				<misses>19562001</misses>
				<total>41</total>
				<timestamp>5862.732203</timestamp>
			</report>
			<report>
				<misses>19563001</misses>
				<total>41</total>
				<timestamp>5863.031886</timestamp>
			</report>
			<report>
				<misses>19564001</misses>
				<total>41</total>
				<timestamp>5863.331564</timestamp>
			</report>
			<report>
				<misses>19565001</misses>
				<total>41</total>
				<timestamp>5863.631331</timestamp>
			</report>
			<report>
				<misses>19566001</misses>
				<total>41</total>
				<timestamp>5863.930990</timestamp>
			</report>
			<report>
				<misses>19567001</misses>
				<total>41</total>
				<timestamp>5864.230663</timestamp>
			</report>
			<report>
				<misses>19568001</misses>
				<total>41</total>
				<timestamp>5864.530365</timestamp>
			</report>
			<report>
				<misses>19569001</misses>
				<total>41</total>
				<timestamp>5864.830059</timestamp>
			</report>
			<report>
				<misses>19570001</misses>
				<total>41</total>
				<timestamp>5865.129813</timestamp>
			</report>
			<report>
				<misses>19571001</misses>
				<total>41</total>
				<timestamp>5865.429474</timestamp>
			</report>
			<report>
				<misses>19572001</misses>
				<total>41</total>
				<timestamp>5865.729183</timestamp>
			</report>
			<report>
				<misses>19573001</misses>
				<total>41</total>
				<timestamp>5866.028867</timestamp>
			</report>
			<report>
				<misses>19574001</misses>
				<total>41</total>
				<timestamp>5866.328580</timestamp>
			</report>
			<report>
				<misses>19575001</misses>
				<total>41</total>
				<timestamp>5866.628275</timestamp>
			</report>
			<report>
				<misses>19576001</misses>
				<total>41</total>
				<timestamp>5866.927983</timestamp>
			</report>
			<report>
				<misses>19577001</misses>
				<total>41</total>
				<timestamp>5867.227678</timestamp>
			</report>
			<report>
				<misses>19578001</misses>
				<total>41</total>
				<timestamp>5867.527395</timestamp>
			</report>
			<report>
				<misses>19579001</misses>
				<total>41</total>
				<timestamp>5867.827121</timestamp>
			</report>
			<report>
				<misses>19580001</misses>
				<total>41</total>
				<timestamp>5868.126837</timestamp>
			</report>
			<report>
				<misses>19581001</misses>
				<total>41</total>
				<timestamp>5868.426476</timestamp>
			</report>
			<report>
				<misses>19582001</misses>
				<total>41</total>
				<timestamp>5868.726232</timestamp>
			</report>
			<report>
				<misses>19583001</misses>
				<total>41</total>
				<timestamp>5869.025876</timestamp>
			</report>
			<report>
				<misses>19584001</misses>
				<total>41</total>
				<timestamp>5869.325651</timestamp>
			</report>
			<report>
				<misses>19585001</misses>
				<total>41</total>
				<timestamp>5869.625266</timestamp>
			</report>
			<report>
				<misses>19586001</misses>
				<total>41</total>
				<timestamp>5869.925007</timestamp>
			</report>
			<report>
				<misses>19587001</misses>
				<total>41</total>
				<timestamp>5870.224731</timestamp>
			</report>
			<report>
				<misses>19588001</misses>
				<total>41</total>
				<timestamp>5870.524376</timestamp>
			</report>
			<report>
				<misses>19589001</misses>
				<total>41</total>
				<timestamp>5870.824154</timestamp>
			</report>
			<report>
				<misses>19590001</misses>
				<total>41</total>
				<timestamp>5871.123774</timestamp>
			</report>
			<report>
				<misses>19591001</misses>
				<total>41</total>
				<timestamp>5871.423475</timestamp>
			</report>
			<report>
				<misses>19592001</misses>
				<total>41</total>
				<timestamp>5871.723194</timestamp>
			</report>
			<report>
				<misses>19593001</misses>
				<total>41</total>
				<timestamp>5872.022887</timestamp>
			</report>
			<report>
				<misses>19594001</misses>
				<total>41</total>
				<timestamp>5872.322594</timestamp>
			</report>
			<report>
				<misses>19595001</misses>
				<total>41</total>
				<timestamp>5872.622380</timestamp>
			</report>
			<report>
				<misses>19596001</misses>
				<total>41</total>
				<timestamp>5872.922002</timestamp>
			</report>
			<report>
				<misses>19597001</misses>
				<total>41</total>
				<timestamp>5873.221763</timestamp>
			</report>
			<report>
				<misses>19598001</misses>
				<total>41</total>
				<timestamp>5873.521379</timestamp>
			</report>
			<report>
				<misses>19599001</misses>
				<total>41</total>
				<timestamp>5873.821066</timestamp>
			</report>
			<report>
				<misses>19600001</misses>
				<total>41</total>
				<timestamp>5874.120780</timestamp>
			</report>
			<report>
				<misses>19601001</misses>
				<total>41</total>
				<timestamp>5874.420467</timestamp>
			</report>
			<report>
				<misses>19602001</misses>
				<total>41</total>
				<timestamp>5874.720176</timestamp>
			</report>
			<report>
				<misses>19603001</misses>
				<total>41</total>
				<timestamp>5875.019887</timestamp>
			</report>
			<report>
				<misses>19604001</misses>
				<total>41</total>
				<timestamp>5875.319616</timestamp>
			</report>
			<report>
				<misses>19605001</misses>
				<total>41</total>
				<timestamp>5875.619338</timestamp>
			</report>
			<report>
				<misses>19606001</misses>
				<total>41</total>
				<timestamp>5875.918989</timestamp>
			</report>
			<report>
				<misses>19607001</misses>
				<total>41</total>
				<timestamp>5876.218683</timestamp>
			</report>
			<report>
				<misses>19608001</misses>
				<total>41</total>
				<timestamp>5876.518444</timestamp>
			</report>
			<report>
				<misses>19609001</misses>
				<total>41</total>
				<timestamp>5876.818079</timestamp>
			</report>
			<report>
				<misses>19610001</misses>
				<total>41</total>
				<timestamp>5877.117820</timestamp>
			</report>
			<report>
				<misses>19611001</misses>
				<total>41</total>
				<timestamp>5877.417472</timestamp>
			</report>
			<report>
				<misses>19612001</misses>
				<total>42</total>
				<timestamp>5877.717176</timestamp>
			</report>
			<report>
				<misses>19613001</misses>
				<total>42</total>
				<timestamp>5878.016886</timestamp>
			</report>
			<report>
				<misses>19614001</misses>
				<total>42</total>
				<timestamp>5878.316636</timestamp>
			</report>
			<report>
				<misses>19615001</misses>
				<total>42</total>
				<timestamp>5878.616275</timestamp>
			</report>
			<report>
				<misses>19616001</misses>
				<total>42</total>
				<timestamp>5878.915991</timestamp>
			</report>
			<report>
				<misses>19617001</misses>
				<total>42</total>
				<timestamp>5879.215697</timestamp>
			</report>
			<report>
				<misses>19618001</misses>
				<total>42</total>
				<timestamp>5879.515366</timestamp>
			</report>
			<report>
				<misses>19619001</misses>
				<total>42</total>
				<timestamp>5879.815085</timestamp>
			</report>
			<report>
				<misses>19620001</misses>
				<total>42</total>
				<timestamp>5880.114777</timestamp>
			</report>
			<report>
				<misses>19621001</misses>
				<total>42</total>
				<timestamp>5880.414470</timestamp>
			</report>
			<report>
				<misses>19622001</misses>
				<total>42</total>
				<timestamp>5880.714258</timestamp>
			</report>
			<report>
				<misses>19623001</misses>
				<total>42</total>
				<timestamp>5881.013866</timestamp>
			</report>
			<report>
				<misses>19624001</misses>
				<total>42</total>
				<timestamp>5881.313569</timestamp>
			</report>
			<report>
				<misses>19625001</misses>
				<total>42</total>
				<timestamp>5881.613339</timestamp>
			</report>
			<report>
				<misses>19626001</misses>
				<total>42</total>
				<timestamp>5881.913079</timestamp>
			</report>
			<report>
				<misses>19627001</misses>
				<total>42</total>
				<timestamp>5882.212693</timestamp>
			</report>
			<report>
				<misses>19628001</misses>
				<total>42</total>
				<timestamp>5882.512367</timestamp>
			</report>
			<report>
				<misses>19629001</misses>
				<total>42</total>
				<timestamp>5882.812073</timestamp>
			</report>
			<report>
				<misses>19630001</misses>
				<total>42</total>
				<timestamp>5883.111801</timestamp>
			</report>
			<report>
				<misses>19631001</misses>
				<total>42</total>
				<timestamp>5883.411470</timestamp>
			</report>
			<report>
				<misses>19632001</misses>
				<total>42</total>
				<timestamp>5883.711173</timestamp>
			</report>
			<report>
				<misses>19633001</misses>
				<total>42</total>
				<timestamp>5884.010887</timestamp>
			</report>
			<report>
				<misses>19634001</misses>
				<total>42</total>
				<timestamp>5884.310637</timestamp>
			</report>
			<report>
				<misses>19635001</misses>
				<total>42</total>
				<timestamp>5884.610282</timestamp>
			</report>
			<report>
				<misses>19636001</misses>
				<total>42</total>
				<timestamp>5884.910007</timestamp>
			</report>
			<report>
				<misses>19637001</misses>
				<total>42</total>
				<timestamp>5885.209716</timestamp>
			</report>
			<report>
				<misses>19638001</misses>
				<total>42</total>
				<timestamp>5885.509380</timestamp>
			</report>
			<report>
				<misses>19639001</misses>
				<total>42</total>
				<timestamp>5885.809105</timestamp>
			</report>
			<report>
				<misses>19640001</misses>
				<total>42</total>
				<timestamp>5886.108777</timestamp>
			</report>
			<report>
				<misses>19641001</misses>
				<total>42</total>
				<timestamp>5886.408475</timestamp>
			</report>
			<report>
				<misses>19642001</misses>
				<total>42</total>
				<timestamp>5886.708213</timestamp>
			</report>
			<report>
				<misses>19643001</misses>
				<total>42</total>
				<timestamp>5887.007876</timestamp>
			</report>
			<report>
				<misses>19644001</misses>
				<total>42</total>
				<timestamp>5887.307662</timestamp>
			</report>
			<report>
				<misses>19645001</misses>
				<total>42</total>
				<timestamp>5887.607291</timestamp>
			</report>
			<report>
				<misses>19646001</misses>
				<total>41</total>
				<timestamp>5887.907076</timestamp>
			</report>
			<report>
				<misses>19647001</misses>
				<total>42</total>
				<timestamp>5888.206713</timestamp>
			</report>
			<report>
				<misses>19648001</misses>
				<total>42</total>
				<timestamp>5888.506377</timestamp>
			</report>
			<report>
				<misses>19649001</misses>
				<total>42</total>
				<timestamp>5888.806209</timestamp>
			</report>
			<report>
				<misses>19650001</misses>
				<total>42</total>
				<timestamp>5889.105831</timestamp>
			</report>
			<report>
				<misses>19651001</misses>
				<total>42</total>
				<timestamp>5889.405473</timestamp>
			</report>
			<report>
				<misses>19652001</misses>
				<total>42</total>
				<timestamp>5889.705165</timestamp>
			</report>
			<report>
				<misses>19653001</misses>
				<total>42</total>
				<timestamp>5890.004863</timestamp>
			</report>
			<report>
				<misses>19654001</misses>
				<total>42</total>
				<timestamp>5890.304598</timestamp>
			</report>
			<report>
				<misses>19655001</misses>
				<total>42</total>
				<timestamp>5890.604273</timestamp>
			</report>
			<report>
				<misses>19656001</misses>
				<total>42</total>
				<timestamp>5890.904007</timestamp>
			</report>
			<report>
				<misses>19657001</misses>
				<total>42</total>
				<timestamp>5891.203700</timestamp>
			</report>
			<report>
				<misses>19658001</misses>
				<total>42</total>
				<timestamp>5891.503369</timestamp>
			</report>
			<report>
				<misses>19659001</misses>
				<total>42</total>
				<timestamp>5891.803107</timestamp>
			</report>
			<report>
				<misses>19660001</misses>
				<total>42</total>
				<timestamp>5892.102769</timestamp>
			</report>
			<report>
				<misses>19661001</misses>
				<total>42</total>
				<timestamp>5892.402498</timestamp>
			</report>
			<report>
				<misses>19662001</misses>
				<total>42</total>
				<timestamp>5892.702201</timestamp>
			</report>
			<report>
				<misses>19663001</misses>
				<total>42</total>
				<timestamp>5893.001914</timestamp>
			</report>
			<report>
				<misses>19664001</misses>
				<total>42</total>
				<timestamp>5893.301618</timestamp>
			</report>
			<report>
				<misses>19665001</misses>
				<total>42</total>
				<timestamp>5893.601271</timestamp>
			</report>
			<report>
				<misses>19666001</misses>
				<total>42</total>
				<timestamp>5893.901013</timestamp>
			</report>
			<report>
				<misses>19667001</misses>
				<total>42</total>
				<timestamp>5894.200724</timestamp>
			</report>
			<report>
				<misses>19668001</misses>
				<total>42</total>
				<timestamp>5894.500376</timestamp>
			</report>
			<report>
				<misses>19669001</misses>
				<total>42</total>
				<timestamp>5894.800068</timestamp>
			</report>
			<report>
				<misses>19670001</misses>
				<total>42</total>
				<timestamp>5895.099761</timestamp>
			</report>
			<report>
				<misses>19671001</misses>
				<total>42</total>
				<timestamp>5895.399474</timestamp>
			</report>
			<report>
				<misses>19672001</misses>
				<total>42</total>
				<timestamp>5895.699208</timestamp>
			</report>
			<report>
				<misses>19673001</misses>
				<total>42</total>
				<timestamp>5895.998882</timestamp>
			</report>
			<report>
				<misses>19674001</misses>
				<total>42</total>
				<timestamp>5896.298619</timestamp>
			</report>
			<report>
				<misses>19675001</misses>
				<total>42</total>
				<timestamp>5896.598284</timestamp>
			</report>
			<report>
				<misses>19676001</misses>
				<total>42</total>
				<timestamp>5896.898060</timestamp>
			</report>
			<report>
				<misses>19677001</misses>
				<total>42</total>
				<timestamp>5897.197698</timestamp>
			</report>
			<report>
				<misses>19678001</misses>
				<total>42</total>
				<timestamp>5897.497372</timestamp>
			</report>
			<report>
				<misses>19679001</misses>
				<total>42</total>
				<timestamp>5897.797120</timestamp>
			</report>
			<report>
				<misses>19680001</misses>
				<total>42</total>
				<timestamp>5898.096775</timestamp>
			</report>
			<report>
				<misses>19681001</misses>
				<total>42</total>
				<timestamp>5898.396519</timestamp>
			</report>
			<report>
				<misses>19682001</misses>
				<total>42</total>
				<timestamp>5898.696260</timestamp>
			</report>
			<report>
				<misses>19683001</misses>
				<total>42</total>
				<timestamp>5898.995904</timestamp>
			</report>
			<report>
				<misses>19684001</misses>
				<total>42</total>
				<timestamp>5899.295593</timestamp>
			</report>
			<report>
				<misses>19685001</misses>
				<total>42</total>
				<timestamp>5899.595264</timestamp>
			</report>
			<report>
				<misses>19686001</misses>
				<total>41</total>
				<timestamp>5899.895103</timestamp>
			</report>
			<report>
				<misses>19687001</misses>
				<total>42</total>
				<timestamp>5900.194686</timestamp>
			</report>
			<report>
				<misses>19688001</misses>
				<total>42</total>
				<timestamp>5900.494392</timestamp>
			</report>
			<report>
				<misses>19689001</misses>
				<total>42</total>
				<timestamp>5900.794070</timestamp>
			</report>
			<report>
				<misses>19690001</misses>
				<total>42</total>
				<timestamp>5901.093776</timestamp>
			</report>
			<report>
				<misses>19691001</misses>
				<total>42</total>
				<timestamp>5901.393549</timestamp>
			</report>
			<report>
				<misses>19692001</misses>
				<total>42</total>
				<timestamp>5901.693159</timestamp>
			</report>
			<report>
				<misses>19693001</misses>
				<total>42</total>
				<timestamp>5901.992882</timestamp>
			</report>
			<report>
				<misses>19694001</misses>
				<total>42</total>
				<timestamp>5902.292597</timestamp>
			</report>
			<report>
				<misses>19695001</misses>
				<total>41</total>
				<timestamp>5902.592453</timestamp>
			</report>
			<report>
				<misses>19696001</misses>
				<total>42</total>
				<timestamp>5902.892011</timestamp>
			</report>
			<report>
				<misses>19697001</misses>
				<total>42</total>
				<timestamp>5903.191680</timestamp>
			</report>
			<report>
				<misses>19698001</misses>
				<total>42</total>
				<timestamp>5903.491394</timestamp>
			</report>
			<report>
				<misses>19699001</misses>
				<total>42</total>
				<timestamp>5903.791066</timestamp>
			</report>
			<report>
				<misses>19700001</misses>
				<total>42</total>
				<timestamp>5904.090769</timestamp>
			</report>
			<report>
				<misses>19701001</misses>
				<total>42</total>
				<timestamp>5904.390504</timestamp>
			</report>
			<report>
				<misses>19702001</misses>
				<total>42</total>
				<timestamp>5904.690179</timestamp>
			</report>
			<report>
				<misses>19703001</misses>
				<total>42</total>
				<timestamp>5904.989870</timestamp>
			</report>
			<report>
				<misses>19704001</misses>
				<total>42</total>
				<timestamp>5905.289626</timestamp>
			</report>
			<report>
				<misses>19705001</misses>
				<total>42</total>
				<timestamp>5905.589278</timestamp>
			</report>
			<report>
				<misses>19706001</misses>
				<total>42</total>
				<timestamp>5905.888990</timestamp>
			</report>
			<report>
				<misses>19707001</misses>
				<total>41</total>
				<timestamp>5906.188820</timestamp>
			</report>
			<report>
				<misses>19708001</misses>
				<total>42</total>
				<timestamp>5906.488376</timestamp>
			</report>
			<report>
				<misses>19709001</misses>
				<total>42</total>
				<timestamp>5906.788072</timestamp>
			</report>
			<report>
				<misses>19710001</misses>
				<total>42</total>
				<timestamp>5907.087780</timestamp>
			</report>
			<report>
				<misses>19711001</misses>
				<total>42</total>
				<timestamp>5907.387499</timestamp>
			</report>
			<report>
				<misses>19712001</misses>
				<total>42</total>
				<timestamp>5907.687201</timestamp>
			</report>
			<report>
				<misses>19713001</misses>
				<total>42</total>
				<timestamp>5907.986960</timestamp>
			</report>
			<report>
				<misses>19714001</misses>
				<total>42</total>
				<timestamp>5908.286573</timestamp>
			</report>
			<report>
				<misses>19715001</misses>
				<total>42</total>
				<timestamp>5908.586263</timestamp>
			</report>
			<report>
				<misses>19716001</misses>
				<total>42</total>
				<timestamp>5908.886065</timestamp>
			</report>
			<report>
				<misses>19717001</misses>
				<total>42</total>
				<timestamp>5909.185664</timestamp>
			</report>
			<report>
				<misses>19718001</misses>
				<total>42</total>
				<timestamp>5909.485383</timestamp>
			</report>
			<report>
				<misses>19719001</misses>
				<total>42</total>
				<timestamp>5909.785094</timestamp>
			</report>
			<report>
				<misses>19720001</misses>
				<total>42</total>
				<timestamp>5910.084769</timestamp>
			</report>
			<report>
				<misses>19721001</misses>
				<total>42</total>
				<timestamp>5910.384498</timestamp>
			</report>
			<report>
				<misses>19722001</misses>
				<total>42</total>
				<timestamp>5910.684257</timestamp>
			</report>
			<report>
				<misses>19723001</misses>
				<total>42</total>
				<timestamp>5910.983888</timestamp>
			</report>
			<report>
				<misses>19724001</misses>
				<total>42</total>
				<timestamp>5911.283615</timestamp>
			</report>
			<report>
				<misses>19725001</misses>
				<total>42</total>
				<timestamp>5911.583292</timestamp>
			</report>
			<report>
				<misses>19726001</misses>
				<total>42</total>
				<timestamp>5911.883035</timestamp>
			</report>
			<report>
				<misses>19727001</misses>
				<total>42</total>
				<timestamp>5912.182670</timestamp>
			</report>
			<report>
				<misses>19728001</misses>
				<total>42</total>
				<timestamp>5912.482495</timestamp>
			</report>
			<report>
				<misses>19729001</misses>
				<total>42</total>
				<timestamp>5912.782122</timestamp>
			</report>
			<report>
				<misses>19730001</misses>
				<total>42</total>
				<timestamp>5913.081783</timestamp>
			</report>
			<report>
				<misses>19731001</misses>
				<total>42</total>
				<timestamp>5913.381520</timestamp>
			</report>
			<report>
				<misses>19732001</misses>
				<total>42</total>
				<timestamp>5913.681166</timestamp>
			</report>
			<report>
				<misses>19733001</misses>
				<total>42</total>
				<timestamp>5913.980881</timestamp>
			</report>
			<report>
				<misses>19734001</misses>
				<total>42</total>
				<timestamp>5914.280600</timestamp>
			</report>
			<report>
				<misses>19735001</misses>
				<total>42</total>
				<timestamp>5914.580260</timestamp>
			</report>
			<report>
				<misses>19736001</misses>
				<total>42</total>
				<timestamp>5914.880000</timestamp>
			</report>
			<report>
				<misses>19737001</misses>
				<total>42</total>
				<timestamp>5915.179687</timestamp>
			</report>
			<report>
				<misses>19738001</misses>
				<total>42</total>
				<timestamp>5915.479387</timestamp>
			</report>
			<report>
				<misses>19739001</misses>
				<total>42</total>
				<timestamp>5915.779088</timestamp>
			</report>
			<report>
				<misses>19740001</misses>
				<total>42</total>
				<timestamp>5916.078770</timestamp>
			</report>
			<report>
				<misses>19741001</misses>
				<total>42</total>
				<timestamp>5916.378501</timestamp>
			</report>
			<report>
				<misses>19742001</misses>
				<total>42</total>
				<timestamp>5916.678202</timestamp>
			</report>
			<report>
				<misses>19743001</misses>
				<total>42</total>
				<timestamp>5916.977920</timestamp>
			</report>
			<report>
				<misses>19744001</misses>
				<total>42</total>
				<timestamp>5917.277592</timestamp>
			</report>
			<report>
				<misses>19745001</misses>
				<total>42</total>
				<timestamp>5917.577260</timestamp>
			</report>
			<report>
				<misses>19746001</misses>
				<total>42</total>
				<timestamp>5917.877051</timestamp>
			</report>
			<report>
				<misses>19747001</misses>
				<total>42</total>
				<timestamp>5918.176671</timestamp>
			</report>
			<report>
				<misses>19748001</misses>
				<total>41</total>
				<timestamp>5918.476470</timestamp>
			</report>
			<report>
				<misses>19749001</misses>
				<total>42</total>
				<timestamp>5918.776113</timestamp>
			</report>
			<report>
				<misses>19750001</misses>
				<total>42</total>
				<timestamp>5919.075765</timestamp>
			</report>
			<report>
				<misses>19751001</misses>
				<total>42</total>
				<timestamp>5919.375480</timestamp>
			</report>
			<report>
				<misses>19752001</misses>
				<total>42</total>
				<timestamp>5919.675176</timestamp>
			</report>
			<report>
				<misses>19753001</misses>
				<total>42</total>
				<timestamp>5919.974971</timestamp>
			</report>
			<report>
				<misses>19754001</misses>
				<total>42</total>
				<timestamp>5920.274581</timestamp>
			</report>
			<report>
				<misses>19755001</misses>
				<total>42</total>
				<timestamp>5920.574287</timestamp>
			</report>
			<report>
				<misses>19756001</misses>
				<total>42</total>
				<timestamp>5920.874055</timestamp>
			</report>
			<report>
				<misses>19757001</misses>
				<total>42</total>
				<timestamp>5921.173670</timestamp>
			</report>
			<report>
				<misses>19758001</misses>
				<total>42</total>
				<timestamp>5921.473444</timestamp>
			</report>
			<report>
				<misses>19759001</misses>
				<total>42</total>
				<timestamp>5921.773102</timestamp>
			</report>
			<report>
				<misses>19760001</misses>
				<total>42</total>
				<timestamp>5922.072765</timestamp>
			</report>
			<report>
				<misses>19761001</misses>
				<total>42</total>
				<timestamp>5922.372470</timestamp>
			</report>
			<report>
				<misses>19762001</misses>
				<total>42</total>
				<timestamp>5922.672191</timestamp>
			</report>
			<report>
				<misses>19763001</misses>
				<total>42</total>
				<timestamp>5922.971922</timestamp>
			</report>
			<report>
				<misses>19764001</misses>
				<total>42</total>
				<timestamp>5923.271575</timestamp>
			</report>
			<report>
				<misses>19765001</misses>
				<total>42</total>
				<timestamp>5923.571287</timestamp>
			</report>
			<report>
				<misses>19766001</misses>
				<total>42</total>
				<timestamp>5923.871060</timestamp>
			</report>
			<report>
				<misses>19767001</misses>
				<total>42</total>
				<timestamp>5924.170665</timestamp>
			</report>
			<report>
				<misses>19768001</misses>
				<total>43</total>
				<timestamp>5924.470378</timestamp>
			</report>
			<report>
				<misses>19769001</misses>
				<total>43</total>
				<timestamp>5924.770070</timestamp>
			</report>
			<report>
				<misses>19770001</misses>
				<total>43</total>
				<timestamp>5925.069797</timestamp>
			</report>
			<report>
				<misses>19771001</misses>
				<total>43</total>
				<timestamp>5925.369517</timestamp>
			</report>
			<report>
				<misses>19772001</misses>
				<total>43</total>
				<timestamp>5925.669254</timestamp>
			</report>
			<report>
				<misses>19773001</misses>
				<total>43</total>
				<timestamp>5925.968972</timestamp>
			</report>
			<report>
				<misses>19774001</misses>
				<total>43</total>
				<timestamp>5926.268646</timestamp>
			</report>
			<report>
				<misses>19775001</misses>
				<total>43</total>
				<timestamp>5926.568284</timestamp>
			</report>
			<report>
				<misses>19776001</misses>
				<total>43</total>
				<timestamp>5926.867983</timestamp>
			</report>
			<report>
				<misses>19777001</misses>
				<total>43</total>
				<timestamp>5927.167671</timestamp>
			</report>
			<report>
				<misses>19778001</misses>
				<total>43</total>
				<timestamp>5927.467428</timestamp>
			</report>
			<report>
				<misses>19779001</misses>
				<total>43</total>
				<timestamp>5927.767073</timestamp>
			</report>
			<report>
				<misses>19780001</misses>
				<total>43</total>
				<timestamp>5928.066774</timestamp>
			</report>
			<report>
				<misses>19781001</misses>
				<total>43</total>
				<timestamp>5928.366510</timestamp>
			</report>
			<report>
				<misses>19782001</misses>
				<total>43</total>
				<timestamp>5928.666171</timestamp>
			</report>
			<report>
				<misses>19783001</misses>
				<total>43</total>
				<timestamp>5928.965884</timestamp>
			</report>
			<report>
				<misses>19784001</misses>
				<total>42</total>
				<timestamp>5929.265659</timestamp>
			</report>
			<report>
				<misses>19785001</misses>
				<total>43</total>
				<timestamp>5929.565309</timestamp>
			</report>
			<report>
				<misses>19786001</misses>
				<total>43</total>
				<timestamp>5929.864996</timestamp>
			</report>
			<report>
				<misses>19787001</misses>
				<total>43</total>
				<timestamp>5930.164684</timestamp>
			</report>
			<report>
				<misses>19788001</misses>
				<total>43</total>
				<timestamp>5930.464440</timestamp>
			</report>
			<report>
				<misses>19789001</misses>
				<total>43</total>
				<timestamp>5930.764066</timestamp>
			</report>
			<report>
				<misses>19790001</misses>
				<total>43</total>
				<timestamp>5931.063775</timestamp>
			</report>
			<report>
				<misses>19791001</misses>
				<total>43</total>
				<timestamp>5931.363545</timestamp>
			</report>
			<report>
				<misses>19792001</misses>
				<total>43</total>
				<timestamp>5931.663187</timestamp>
			</report>
			<report>
				<misses>19793001</misses>
				<total>43</total>
				<timestamp>5931.962957</timestamp>
			</report>
			<report>
				<misses>19794001</misses>
				<total>43</total>
				<timestamp>5932.262576</timestamp>
			</report>
			<report>
				<misses>19795001</misses>
				<total>43</total>
				<timestamp>5932.562293</timestamp>
			</report>
			<report>
				<misses>19796001</misses>
				<total>43</total>
				<timestamp>5932.862039</timestamp>
			</report>
			<report>
				<misses>19797001</misses>
				<total>43</total>
				<timestamp>5933.161664</timestamp>
			</report>
			<report>
				<misses>19798001</misses>
				<total>43</total>
				<timestamp>5933.461413</timestamp>
			</report>
			<report>
				<misses>19799001</misses>
				<total>43</total>
				<timestamp>5933.761067</timestamp>
			</report>
			<report>
				<misses>19800001</misses>
				<total>43</total>
				<timestamp>5934.060786</timestamp>
			</report>
			<report>
				<misses>19801001</misses>
				<total>43</total>
				<timestamp>5934.360488</timestamp>
			</report>
			<report>
				<misses>19802001</misses>
				<total>43</total>
				<timestamp>5934.660181</timestamp>
			</report>
			<report>
				<misses>19803001</misses>
				<total>43</total>
				<timestamp>5934.959872</timestamp>
			</report>
			<report>
				<misses>19804001</misses>
				<total>43</total>
				<timestamp>5935.259577</timestamp>
			</report>
			<report>
				<misses>19805001</misses>
				<total>43</total>
				<timestamp>5935.559290</timestamp>
			</report>
			<report>
				<misses>19806001</misses>
				<total>43</total>
				<timestamp>5935.859001</timestamp>
			</report>
			<report>
				<misses>19807001</misses>
				<total>43</total>
				<timestamp>5936.158664</timestamp>
			</report>
			<report>
				<misses>19808001</misses>
				<total>43</total>
				<timestamp>5936.458422</timestamp>
			</report>
			<report>
				<misses>19809001</misses>
				<total>43</total>
				<timestamp>5936.758111</timestamp>
			</report>
			<report>
				<misses>19810001</misses>
				<total>43</total>
				<timestamp>5937.057776</timestamp>
			</report>
			<report>
				<misses>19811001</misses>
				<total>43</total>
				<timestamp>5937.357519</timestamp>
			</report>
			<report>
				<misses>19812001</misses>
				<total>42</total>
				<timestamp>5937.657301</timestamp>
			</report>
			<report>
				<misses>19813001</misses>
				<total>43</total>
				<timestamp>5937.956912</timestamp>
			</report>
			<report>
				<misses>19814001</misses>
				<total>43</total>
				<timestamp>5938.256556</timestamp>
			</report>
			<report>
				<misses>19815001</misses>
				<total>43</total>
				<timestamp>5938.556319</timestamp>
			</report>
			<report>
				<misses>19816001</misses>
				<total>43</total>
				<timestamp>5938.856046</timestamp>
			</report>
			<report>
				<misses>19817001</misses>
				<total>43</total>
				<timestamp>5939.155675</timestamp>
			</report>
			<report>
				<misses>19818001</misses>
				<total>43</total>
				<timestamp>5939.455388</timestamp>
			</report>
			<report>
				<misses>19819001</misses>
				<total>43</total>
				<timestamp>5939.755067</timestamp>
			</report>
			<report>
				<misses>19820001</misses>
				<total>43</total>
				<timestamp>5940.054761</timestamp>
			</report>
			<report>
				<misses>19821001</misses>
				<total>43</total>
				<timestamp>5940.354480</timestamp>
			</report>
			<report>
				<misses>19822001</misses>
				<total>43</total>
				<timestamp>5940.654207</timestamp>
			</report>
			<report>
				<misses>19823001</misses>
				<total>43</total>
				<timestamp>5940.953916</timestamp>
			</report>
			<report>
				<misses>19824001</misses>
				<total>43</total>
				<timestamp>5941.253630</timestamp>
			</report>
			<report>
				<misses>19825001</misses>
				<total>43</total>
				<timestamp>5941.553298</timestamp>
			</report>
			<report>
				<misses>19826001</misses>
				<total>43</total>
				<timestamp>5941.853055</timestamp>
			</report>
			<report>
				<misses>19827001</misses>
				<total>43</total>
				<timestamp>5942.152666</timestamp>
			</report>
			<report>
				<misses>19828001</misses>
				<total>43</total>
				<timestamp>5942.452360</timestamp>
			</report>
			<report>
				<misses>19829001</misses>
				<total>43</total>
				<timestamp>5942.752075</timestamp>
			</report>
			<report>
				<misses>19830001</misses>
				<total>43</total>
				<timestamp>5943.051771</timestamp>
			</report>
			<report>
				<misses>19831001</misses>
				<total>43</total>
				<timestamp>5943.351480</timestamp>
			</report>
			<report>
				<misses>19832001</misses>
				<total>43</total>
				<timestamp>5943.651155</timestamp>
			</report>
			<report>
				<misses>19833001</misses>
				<total>42</total>
				<timestamp>5943.950980</timestamp>
			</report>
			<report>
				<misses>19834001</misses>
				<total>43</total>
				<timestamp>5944.250566</timestamp>
			</report>
			<report>
				<misses>19835001</misses>
				<total>43</total>
				<timestamp>5944.550276</timestamp>
			</report>
			<report>
				<misses>19836001</misses>
				<total>43</total>
				<timestamp>5944.849992</timestamp>
			</report>
			<report>
				<misses>19837001</misses>
				<total>43</total>
				<timestamp>5945.149683</timestamp>
			</report>
			<report>
				<misses>19838001</misses>
				<total>43</total>
				<timestamp>5945.449391</timestamp>
			</report>
			<report>
				<misses>19839001</misses>
				<total>43</total>
				<timestamp>5945.749084</timestamp>
			</report>
			<report>
				<misses>19840001</misses>
				<total>43</total>
				<timestamp>5946.048812</timestamp>
			</report>
			<report>
				<misses>19841001</misses>
				<total>43</total>
				<timestamp>5946.348492</timestamp>
			</report>
			<report>
				<misses>19842001</misses>
				<total>43</total>
				<timestamp>5946.648207</timestamp>
			</report>
			<report>
				<misses>19843001</misses>
				<total>43</total>
				<timestamp>5946.947930</timestamp>
			</report>
			<report>
				<misses>19844001</misses>
				<total>43</total>
				<timestamp>5947.247580</timestamp>
			</report>
			<report>
				<misses>19845001</misses>
				<total>43</total>
				<timestamp>5947.547278</timestamp>
			</report>
			<report>
				<misses>19846001</misses>
				<total>43</total>
				<timestamp>5947.847057</timestamp>
			</report>
			<report>
				<misses>19847001</misses>
				<total>43</total>
				<timestamp>5948.146680</timestamp>
			</report>
			<report>
				<misses>19848001</misses>
				<total>43</total>
				<timestamp>5948.446450</timestamp>
			</report>
			<report>
				<misses>19849001</misses>
				<total>43</total>
				<timestamp>5948.746078</timestamp>
			</report>
			<report>
				<misses>19850001</misses>
				<total>43</total>
				<timestamp>5949.045845</timestamp>
			</report>
			<report>
				<misses>19851001</misses>
				<total>43</total>
				<timestamp>5949.345478</timestamp>
			</report>
			<report>
				<misses>19852001</misses>
				<total>43</total>
				<timestamp>5949.645222</timestamp>
			</report>
			<report>
				<misses>19853001</misses>
				<total>43</total>
				<timestamp>5949.944860</timestamp>
			</report>
			<report>
				<misses>19854001</misses>
				<total>43</total>
				<timestamp>5950.244575</timestamp>
			</report>
			<report>
				<misses>19855001</misses>
				<total>42</total>
				<timestamp>5950.544377</timestamp>
			</report>
			<report>
				<misses>19856001</misses>
				<total>43</total>
				<timestamp>5950.843997</timestamp>
			</report>
			<report>
				<misses>19857001</misses>
				<total>43</total>
				<timestamp>5951.143675</timestamp>
			</report>
			<report>
				<misses>19858001</misses>
				<total>43</total>
				<timestamp>5951.443369</timestamp>
			</report>
			<report>
				<misses>19859001</misses>
				<total>43</total>
				<timestamp>5951.743133</timestamp>
			</report>
			<report>
				<misses>19860001</misses>
				<total>43</total>
				<timestamp>5952.042830</timestamp>
			</report>
			<report>
				<misses>19861001</misses>
				<total>43</total>
				<timestamp>5952.342463</timestamp>
			</report>
			<report>
				<misses>19862001</misses>
				<total>43</total>
				<timestamp>5952.642193</timestamp>
			</report>
			<report>
				<misses>19863001</misses>
				<total>43</total>
				<timestamp>5952.941879</timestamp>
			</report>
			<report>
				<misses>19864001</misses>
				<total>43</total>
				<timestamp>5953.241568</timestamp>
			</report>
			<report>
				<misses>19865001</misses>
				<total>43</total>
				<timestamp>5953.541324</timestamp>
			</report>
			<report>
				<misses>19866001</misses>
				<total>43</total>
				<timestamp>5953.841007</timestamp>
			</report>
			<report>
				<misses>19867001</misses>
				<total>43</total>
				<timestamp>5954.140693</timestamp>
			</report>
			<report>
				<misses>19868001</misses>
				<total>43</total>
				<timestamp>5954.440368</timestamp>
			</report>
			<report>
				<misses>19869001</misses>
				<total>43</total>
				<timestamp>5954.740123</timestamp>
			</report>
			<report>
				<misses>19870001</misses>
				<total>43</total>
				<timestamp>5955.039860</timestamp>
			</report>
			<report>
				<misses>19871001</misses>
				<total>43</total>
				<timestamp>5955.339468</timestamp>
			</report>
			<report>
				<misses>19872001</misses>
				<total>43</total>
				<timestamp>5955.639245</timestamp>
			</report>
			<report>
				<misses>19873001</misses>
				<total>43</total>
				<timestamp>5955.938876</timestamp>
			</report>
			<report>
				<misses>19874001</misses>
				<total>43</total>
				<timestamp>5956.238572</timestamp>
			</report>
			<report>
				<misses>19875001</misses>
				<total>43</total>
				<timestamp>5956.538355</timestamp>
			</report>
			<report>
				<misses>19876001</misses>
				<total>43</total>
				<timestamp>5956.838004</timestamp>
			</report>
			<report>
				<misses>19877001</misses>
				<total>43</total>
				<timestamp>5957.137664</timestamp>
			</report>
			<report>
				<misses>19878001</misses>
				<total>43</total>
				<timestamp>5957.437368</timestamp>
			</report>
			<report>
				<misses>19879001</misses>
				<total>43</total>
				<timestamp>5957.737074</timestamp>
			</report>
			<report>
				<misses>19880001</misses>
				<total>43</total>
				<timestamp>5958.036828</timestamp>
			</report>
			<report>
				<misses>19881001</misses>
				<total>43</total>
				<timestamp>5958.336546</timestamp>
			</report>
			<report>
				<misses>19882001</misses>
				<total>43</total>
				<timestamp>5958.636220</timestamp>
			</report>
			<report>
				<misses>19883001</misses>
				<total>43</total>
				<timestamp>5958.935871</timestamp>
			</report>
			<report>
				<misses>19884001</misses>
				<total>43</total>
				<timestamp>5959.235586</timestamp>
			</report>
			<report>
				<misses>19885001</misses>
				<total>43</total>
				<timestamp>5959.535302</timestamp>
			</report>
			<report>
				<misses>19886001</misses>
				<total>43</total>
				<timestamp>5959.834991</timestamp>
			</report>
			<report>
				<misses>19887001</misses>
				<total>43</total>
				<timestamp>5960.134732</timestamp>
			</report>
			<report>
				<misses>19888001</misses>
				<total>43</total>
				<timestamp>5960.434369</timestamp>
			</report>
			<report>
				<misses>19889001</misses>
				<total>43</total>
				<timestamp>5960.734103</timestamp>
			</report>
			<report>
				<misses>19890001</misses>
				<total>43</total>
				<timestamp>5961.033792</timestamp>
			</report>
			<report>
				<misses>19891001</misses>
				<total>43</total>
				<timestamp>5961.333466</timestamp>
			</report>
			<report>
				<misses>19892001</misses>
				<total>43</total>
				<timestamp>5961.633198</timestamp>
			</report>
			<report>
				<misses>19893001</misses>
				<total>43</total>
				<timestamp>5961.932872</timestamp>
			</report>
			<report>
				<misses>19894001</misses>
				<total>43</total>
				<timestamp>5962.232586</timestamp>
			</report>
			<report>
				<misses>19895001</misses>
				<total>43</total>
				<timestamp>5962.532316</timestamp>
			</report>
			<report>
				<misses>19896001</misses>
				<total>43</total>
				<timestamp>5962.832011</timestamp>
			</report>
			<report>
				<misses>19897001</misses>
				<total>43</total>
				<timestamp>5963.131675</timestamp>
			</report>
			<report>
				<misses>19898001</misses>
				<total>42</total>
				<timestamp>5963.431465</timestamp>
			</report>
			<report>
				<misses>19899001</misses>
				<total>43</total>
				<timestamp>5963.731214</timestamp>
			</report>
			<report>
				<misses>19900001</misses>
				<total>43</total>
				<timestamp>5964.030776</timestamp>
			</report>
			<report>
				<misses>19901001</misses>
				<total>43</total>
				<timestamp>5964.330472</timestamp>
			</report>
			<report>
				<misses>19902001</misses>
				<total>43</total>
				<timestamp>5964.630216</timestamp>
			</report>
			<report>
				<misses>19903001</misses>
				<total>43</total>
				<timestamp>5964.929905</timestamp>
			</report>
			<report>
				<misses>19904001</misses>
				<total>43</total>
				<timestamp>5965.229578</timestamp>
			</report>
			<report>
				<misses>19905001</misses>
				<total>43</total>
				<timestamp>5965.529356</timestamp>
			</report>
			<report>
				<misses>19906001</misses>
				<total>43</total>
				<timestamp>5965.829013</timestamp>
			</report>
			<report>
				<misses>19907001</misses>
				<total>43</total>
				<timestamp>5966.128736</timestamp>
			</report>
			<report>
				<misses>19908001</misses>
				<total>43</total>
				<timestamp>5966.428371</timestamp>
			</report>
			<report>
				<misses>19909001</misses>
				<total>43</total>
				<timestamp>5966.728103</timestamp>
			</report>
			<report>
				<misses>19910001</misses>
				<total>43</total>
				<timestamp>5967.027799</timestamp>
			</report>
			<report>
				<misses>19911001</misses>
				<total>43</total>
				<timestamp>5967.327510</timestamp>
			</report>
			<report>
				<misses>19912001</misses>
				<total>43</total>
				<timestamp>5967.627253</timestamp>
			</report>
			<report>
				<misses>19913001</misses>
				<total>43</total>
				<timestamp>5967.926868</timestamp>
			</report>
			<report>
				<misses>19914001</misses>
				<total>43</total>
				<timestamp>5968.226568</timestamp>
			</report>
			<report>
				<misses>19915001</misses>
				<total>43</total>
				<timestamp>5968.526276</timestamp>
			</report>
			<report>
				<misses>19916001</misses>
				<total>43</total>
				<timestamp>5968.825988</timestamp>
			</report>
			<report>
				<misses>19917001</misses>
				<total>43</total>
				<timestamp>5969.125692</timestamp>
			</report>
			<report>
				<misses>19918001</misses>
				<total>43</total>
				<timestamp>5969.425359</timestamp>
			</report>
			<report>
				<misses>19919001</misses>
				<total>43</total>
				<timestamp>5969.725098</timestamp>
			</report>
			<report>
				<misses>19920001</misses>
				<total>43</total>
				<timestamp>5970.024764</timestamp>
			</report>
			<report>
				<misses>19921001</misses>
				<total>43</total>
				<timestamp>5970.324470</timestamp>
			</report>
			<report>
				<misses>19922001</misses>
				<total>43</total>
				<timestamp>5970.624197</timestamp>
			</report>
			<report>
				<misses>19923001</misses>
				<total>43</total>
				<timestamp>5970.923865</timestamp>
			</report>
			<report>
				<misses>19924001</misses>
				<total>43</total>
				<timestamp>5971.223566</timestamp>
			</report>
			<report>
				<misses>19925001</misses>
				<total>43</total>
				<timestamp>5971.523282</timestamp>
			</report>
			<report>
				<misses>19926001</misses>
				<total>43</total>
				<timestamp>5971.822986</timestamp>
			</report>
			<report>
				<misses>19927001</misses>
				<total>43</total>
				<timestamp>5972.122672</timestamp>
			</report>
			<report>
				<misses>19928001</misses>
				<total>43</total>
				<timestamp>5972.422365</timestamp>
			</report>
			<report>
				<misses>19929001</misses>
				<total>43</total>
				<timestamp>5972.722151</timestamp>
			</report>
			<report>
				<misses>19930001</misses>
				<total>43</total>
				<timestamp>5973.021769</timestamp>
			</report>
			<report>
				<misses>19931001</misses>
				<total>43</total>
				<timestamp>5973.321467</timestamp>
			</report>
			<report>
				<misses>19932001</misses>
				<total>43</total>
				<timestamp>5973.621241</timestamp>
			</report>
			<report>
				<misses>19933001</misses>
				<total>43</total>
				<timestamp>5973.920969</timestamp>
			</report>
			<report>
				<misses>19934001</misses>
				<total>43</total>
				<timestamp>5974.220566</timestamp>
			</report>
			<report>
				<misses>19935001</misses>
				<total>43</total>
				<timestamp>5974.520255</timestamp>
			</report>
			<report>
				<misses>19936001</misses>
				<total>42</total>
				<timestamp>5974.820113</timestamp>
			</report>
			<report>
				<misses>19937001</misses>
				<total>43</total>
				<timestamp>5975.119752</timestamp>
			</report>
			<report>
				<misses>19938001</misses>
				<total>43</total>
				<timestamp>5975.419375</timestamp>
			</report>
			<report>
				<misses>19939001</misses>
				<total>43</total>
				<timestamp>5975.719072</timestamp>
			</report>
			<report>
				<misses>19940001</misses>
				<total>43</total>
				<timestamp>5976.018861</timestamp>
			</report>
			<report>
				<misses>19941001</misses>
				<total>43</total>
				<timestamp>5976.318466</timestamp>
			</report>
			<report>
				<misses>19942001</misses>
				<total>43</total>
				<timestamp>5976.618178</timestamp>
			</report>
			<report>
				<misses>19943001</misses>
				<total>43</total>
				<timestamp>5976.917870</timestamp>
			</report>
			<report>
				<misses>19944001</misses>
				<total>43</total>
				<timestamp>5977.217568</timestamp>
			</report>
			<report>
				<misses>19945001</misses>
				<total>43</total>
				<timestamp>5977.517341</timestamp>
			</report>
			<report>
				<misses>19946001</misses>
				<total>43</total>
				<timestamp>5977.817023</timestamp>
			</report>
			<report>
				<misses>19947001</misses>
				<total>43</total>
				<timestamp>5978.116671</timestamp>
			</report>
			<report>
				<misses>19948001</misses>
				<total>43</total>
				<timestamp>5978.416368</timestamp>
			</report>
			<report>
				<misses>19949001</misses>
				<total>43</total>
				<timestamp>5978.716079</timestamp>
			</report>
			<report>
				<misses>19950001</misses>
				<total>43</total>
				<timestamp>5979.015879</timestamp>
			</report>
			<report>
				<misses>19951001</misses>
				<total>43</total>
				<timestamp>5979.315506</timestamp>
			</report>
			<report>
				<misses>19952001</misses>
				<total>43</total>
				<timestamp>5979.615188</timestamp>
			</report>
			<report>
				<misses>19953001</misses>
				<total>43</total>
				<timestamp>5979.914875</timestamp>
			</report>
			<report>
				<misses>19954001</misses>
				<total>43</total>
				<timestamp>5980.214580</timestamp>
			</report>
			<report>
				<misses>19955001</misses>
				<total>43</total>
				<timestamp>5980.514272</timestamp>
			</report>
			<report>
				<misses>19956001</misses>
				<total>43</total>
				<timestamp>5980.814125</timestamp>
			</report>
			<report>
				<misses>19957001</misses>
				<total>43</total>
				<timestamp>5981.113667</timestamp>
			</report>
			<report>
				<misses>19958001</misses>
				<total>43</total>
				<timestamp>5981.413366</timestamp>
			</report>
			<report>
				<misses>19959001</misses>
				<total>43</total>
				<timestamp>5981.713075</timestamp>
			</report>
			<report>
				<misses>19960001</misses>
				<total>43</total>
				<timestamp>5982.012767</timestamp>
			</report>
			<report>
				<misses>19961001</misses>
				<total>43</total>
				<timestamp>5982.312466</timestamp>
			</report>
			<report>
				<misses>19962001</misses>
				<total>43</total>
				<timestamp>5982.612182</timestamp>
			</report>
			<report>
				<misses>19963001</misses>
				<total>43</total>
				<timestamp>5982.911934</timestamp>
			</report>
			<report>
				<misses>19964001</misses>
				<total>43</total>
				<timestamp>5983.211645</timestamp>
			</report>
			<report>
				<misses>19965001</misses>
				<total>43</total>
				<timestamp>5983.511275</timestamp>
			</report>
			<report>
				<misses>19966001</misses>
				<total>43</total>
				<timestamp>5983.811018</timestamp>
			</report>
			<report>
				<misses>19967001</misses>
				<total>43</total>
				<timestamp>5984.110684</timestamp>
			</report>
			<report>
				<misses>19968001</misses>
				<total>43</total>
				<timestamp>5984.410355</timestamp>
			</report>
			<report>
				<misses>19969001</misses>
				<total>43</total>
				<timestamp>5984.710103</timestamp>
			</report>
			<report>
				<misses>19970001</misses>
				<total>43</total>
				<timestamp>5985.009794</timestamp>
			</report>
			<report>
				<misses>19971001</misses>
				<total>43</total>
				<timestamp>5985.309529</timestamp>
			</report>
			<report>
				<misses>19972001</misses>
				<total>43</total>
				<timestamp>5985.609168</timestamp>
			</report>
			<report>
				<misses>19973001</misses>
				<total>43</total>
				<timestamp>5985.908883</timestamp>
			</report>
			<report>
				<misses>19974001</misses>
				<total>43</total>
				<timestamp>5986.208616</timestamp>
			</report>
			<report>
				<misses>19975001</misses>
				<total>43</total>
				<timestamp>5986.508276</timestamp>
			</report>
			<report>
				<misses>19976001</misses>
				<total>43</total>
				<timestamp>5986.807993</timestamp>
			</report>
			<report>
				<misses>19977001</misses>
				<total>43</total>
				<timestamp>5987.107731</timestamp>
			</report>
			<report>
				<misses>19978001</misses>
				<total>43</total>
				<timestamp>5987.407367</timestamp>
			</report>
			<report>
				<misses>19979001</misses>
				<total>43</total>
				<timestamp>5987.707124</timestamp>
			</report>
			<report>
				<misses>19980001</misses>
				<total>43</total>
				<timestamp>5988.006779</timestamp>
			</report>
			<report>
				<misses>19981001</misses>
				<total>43</total>
				<timestamp>5988.306533</timestamp>
			</report>
			<report>
				<misses>19982001</misses>
				<total>43</total>
				<timestamp>5988.606178</timestamp>
			</report>
			<report>
				<misses>19983001</misses>
				<total>43</total>
				<timestamp>5988.905882</timestamp>
			</report>
			<report>
				<misses>19984001</misses>
				<total>43</total>
				<timestamp>5989.205579</timestamp>
			</report>
			<report>
				<misses>19985001</misses>
				<total>43</total>
				<timestamp>5989.505258</timestamp>
			</report>
			<report>
				<misses>19986001</misses>
				<total>43</total>
				<timestamp>5989.804977</timestamp>
			</report>
			<report>
				<misses>19987001</misses>
				<total>43</total>
				<timestamp>5990.104738</timestamp>
			</report>
			<report>
				<misses>19988001</misses>
				<total>43</total>
				<timestamp>5990.404356</timestamp>
			</report>
			<report>
				<misses>19989001</misses>
				<total>43</total>
				<timestamp>5990.704112</timestamp>
			</report>
			<report>
				<misses>19990001</misses>
				<total>43</total>
				<timestamp>5991.003850</timestamp>
			</report>
			<report>
				<misses>19991001</misses>
				<total>43</total>
				<timestamp>5991.303476</timestamp>
			</report>
			<report>
				<misses>19992001</misses>
				<total>43</total>
				<timestamp>5991.603188</timestamp>
			</report>
			<report>
				<misses>19993001</misses>
				<total>43</total>
				<timestamp>5991.902899</timestamp>
			</report>
			<report>
				<misses>19994001</misses>
				<total>43</total>
				<timestamp>5992.202570</timestamp>
			</report>
			<report>
				<misses>19995001</misses>
				<total>43</total>
				<timestamp>5992.502262</timestamp>
			</report>
			<report>
				<misses>19996001</misses>
				<total>43</total>
				<timestamp>5992.802049</timestamp>
			</report>
			<report>
				<misses>19997001</misses>
				<total>43</total>
				<timestamp>5993.101704</timestamp>
			</report>
			<report>
				<misses>19998001</misses>
				<total>43</total>
				<timestamp>5993.401365</timestamp>
			</report>
			<report>
				<misses>19999001</misses>
				<total>43</total>
				<timestamp>5993.701106</timestamp>
			</report>
			<report>
				<misses>20000001</misses>
				<total>43</total>
				<timestamp>5994.000771</timestamp>
			</report>
			<report>
				<misses>20001001</misses>
				<total>43</total>
				<timestamp>5994.300464</timestamp>
			</report>
			<report>
				<misses>20002001</misses>
				<total>43</total>
				<timestamp>5994.600166</timestamp>
			</report>
			<report>
				<misses>20003001</misses>
				<total>43</total>
				<timestamp>5994.899878</timestamp>
			</report>
			<report>
				<misses>20004001</misses>
				<total>43</total>
				<timestamp>5995.199555</timestamp>
			</report>
			<report>
				<misses>20005001</misses>
				<total>43</total>
				<timestamp>5995.499269</timestamp>
			</report>
			<report>
				<misses>20006001</misses>
				<total>43</total>
				<timestamp>5995.799032</timestamp>
			</report>
			<report>
				<misses>20007001</misses>
				<total>43</total>
				<timestamp>5996.098708</timestamp>
			</report>
			<report>
				<misses>20008001</misses>
				<total>43</total>
				<timestamp>5996.398365</timestamp>
			</report>
			<report>
				<misses>20009001</misses>
				<total>43</total>
				<timestamp>5996.698124</timestamp>
			</report>
			<report>
				<misses>20010001</misses>
				<total>43</total>
				<timestamp>5996.997776</timestamp>
			</report>
			<report>
				<misses>20011001</misses>
				<total>43</total>
				<timestamp>5997.297473</timestamp>
			</report>
			<report>
				<misses>20012001</misses>
				<total>43</total>
				<timestamp>5997.597192</timestamp>
			</report>
			<report>
				<misses>20013001</misses>
				<total>43</total>
				<timestamp>5997.896933</timestamp>
			</report>
			<report>
				<misses>20014001</misses>
				<total>43</total>
				<timestamp>5998.196635</timestamp>
			</report>
			<report>
				<misses>20015001</misses>
				<total>43</total>
				<timestamp>5998.496279</timestamp>
			</report>
			<report>
				<misses>20016001</misses>
				<total>43</total>
				<timestamp>5998.795984</timestamp>
			</report>
			<report>
				<misses>20017001</misses>
				<total>43</total>
				<timestamp>5999.095776</timestamp>
			</report>
			<report>
				<misses>20018001</misses>
				<total>43</total>
				<timestamp>5999.395377</timestamp>
			</report>
			<report>
				<misses>20019001</misses>
				<total>43</total>
				<timestamp>5999.695087</timestamp>
			</report>
			<report>
				<misses>20020001</misses>
				<total>43</total>
				<timestamp>5999.994766</timestamp>
			</report>
			<report>
				<misses>20021001</misses>
				<total>43</total>
				<timestamp>6000.294468</timestamp>
			</report>
			<report>
				<misses>20022001</misses>
				<total>43</total>
				<timestamp>6000.594165</timestamp>
			</report>
			<report>
				<misses>20023001</misses>
				<total>43</total>
				<timestamp>6000.893913</timestamp>
			</report>
			<report>
				<misses>20024001</misses>
				<total>43</total>
				<timestamp>6001.193627</timestamp>
			</report>
			<report>
				<misses>20025001</misses>
				<total>43</total>
				<timestamp>6001.493275</timestamp>
			</report>
			<report>
				<misses>20026001</misses>
				<total>43</total>
				<timestamp>6001.793007</timestamp>
			</report>
			<report>
				<misses>20027001</misses>
				<total>43</total>
				<timestamp>6002.092683</timestamp>
			</report>
			<report>
				<misses>20028001</misses>
				<total>43</total>
				<timestamp>6002.392378</timestamp>
			</report>
			<report>
				<misses>20029001</misses>
				<total>43</total>
				<timestamp>6002.692092</timestamp>
			</report>
			<report>
				<misses>20030001</misses>
				<total>43</total>
				<timestamp>6002.991917</timestamp>
			</report>
			<report>
				<misses>20031001</misses>
				<total>43</total>
				<timestamp>6003.291531</timestamp>
			</report>
			<report>
				<misses>20032001</misses>
				<total>43</total>
				<timestamp>6003.591164</timestamp>
			</report>
			<report>
				<misses>20033001</misses>
				<total>43</total>
				<timestamp>6003.890984</timestamp>
			</report>
			<report>
				<misses>20034001</misses>
				<total>43</total>
				<timestamp>6004.190564</timestamp>
			</report>
			<report>
				<misses>20035001</misses>
				<total>43</total>
				<timestamp>6004.490278</timestamp>
			</report>
			<report>
				<misses>20036001</misses>
				<total>43</total>
				<timestamp>6004.790029</timestamp>
			</report>
			<report>
				<misses>20037001</misses>
				<total>43</total>
				<timestamp>6005.089669</timestamp>
			</report>
			<report>
				<misses>20038001</misses>
				<total>43</total>
				<timestamp>6005.389383</timestamp>
			</report>
			<report>
				<misses>20039001</misses>
				<total>43</total>
				<timestamp>6005.689072</timestamp>
			</report>
			<report>
				<misses>20040001</misses>
				<total>43</total>
				<timestamp>6005.988784</timestamp>
			</report>
			<report>
				<misses>20041001</misses>
				<total>43</total>
				<timestamp>6006.288481</timestamp>
			</report>
			<report>
				<misses>20042001</misses>
				<total>43</total>
				<timestamp>6006.588174</timestamp>
			</report>
			<report>
				<misses>20043001</misses>
				<total>43</total>
				<timestamp>6006.887903</timestamp>
			</report>
			<report>
				<misses>20044001</misses>
				<total>43</total>
				<timestamp>6007.187629</timestamp>
			</report>
			<report>
				<misses>20045001</misses>
				<total>43</total>
				<timestamp>6007.487266</timestamp>
			</report>
			<report>
				<misses>20046001</misses>
				<total>43</total>
				<timestamp>6007.786993</timestamp>
			</report>
			<report>
				<misses>20047001</misses>
				<total>43</total>
				<timestamp>6008.086675</timestamp>
			</report>
			<report>
				<misses>20048001</misses>
				<total>43</total>
				<timestamp>6008.386363</timestamp>
			</report>
			<report>
				<misses>20049001</misses>
				<total>43</total>
				<timestamp>6008.686074</timestamp>
			</report>
			<report>
				<misses>20050001</misses>
				<total>43</total>
				<timestamp>6008.985769</timestamp>
			</report>
			<report>
				<misses>20051001</misses>
				<total>43</total>
				<timestamp>6009.285479</timestamp>
			</report>
			<report>
				<misses>20052001</misses>
				<total>43</total>
				<timestamp>6009.585183</timestamp>
			</report>
			<report>
				<misses>20053001</misses>
				<total>43</total>
				<timestamp>6009.884908</timestamp>
			</report>
			<report>
				<misses>20054001</misses>
				<total>43</total>
				<timestamp>6010.184580</timestamp>
			</report>
			<report>
				<misses>20055001</misses>
				<total>43</total>
				<timestamp>6010.484319</timestamp>
			</report>
			<report>
				<misses>20056001</misses>
				<total>42</total>
				<timestamp>6010.784080</timestamp>
			</report>
			<report>
				<misses>20057001</misses>
				<total>43</total>
				<timestamp>6011.083747</timestamp>
			</report>
			<report>
				<misses>20058001</misses>
				<total>43</total>
				<timestamp>6011.383371</timestamp>
			</report>
			<report>
				<misses>20059001</misses>
				<total>43</total>
				<timestamp>6011.683057</timestamp>
			</report>
			<report>
				<misses>20060001</misses>
				<total>43</total>
				<timestamp>6011.982785</timestamp>
			</report>
			<report>
				<misses>20061001</misses>
				<total>42</total>
				<timestamp>6012.282574</timestamp>
			</report>
			<report>
				<misses>20062001</misses>
				<total>43</total>
				<timestamp>6012.582166</timestamp>
			</report>
			<report>
				<misses>20063001</misses>
				<total>43</total>
				<timestamp>6012.881874</timestamp>
			</report>
			<report>
				<misses>20064001</misses>
				<total>43</total>
				<timestamp>6013.181632</timestamp>
			</report>
			<report>
				<misses>20065001</misses>
				<total>43</total>
				<timestamp>6013.481268</timestamp>
			</report>
			<report>
				<misses>20066001</misses>
				<total>43</total>
				<timestamp>6013.780988</timestamp>
			</report>
			<report>
				<misses>20067001</misses>
				<total>43</total>
				<timestamp>6014.080760</timestamp>
			</report>
			<report>
				<misses>20068001</misses>
				<total>43</total>
				<timestamp>6014.380387</timestamp>
			</report>
			<report>
				<misses>20069001</misses>
				<total>43</total>
				<timestamp>6014.680099</timestamp>
			</report>
			<report>
				<misses>20070001</misses>
				<total>43</total>
				<timestamp>6014.979789</timestamp>
			</report>
			<report>
				<misses>20071001</misses>
				<total>43</total>
				<timestamp>6015.279476</timestamp>
			</report>
			<report>
				<misses>20072001</misses>
				<total>43</total>
				<timestamp>6015.579169</timestamp>
			</report>
			<report>
				<misses>20073001</misses>
				<total>43</total>
				<timestamp>6015.878898</timestamp>
			</report>
			<report>
				<misses>20074001</misses>
				<total>42</total>
				<timestamp>6016.178674</timestamp>
			</report>
			<report>
				<misses>20075001</misses>
				<total>43</total>
				<timestamp>6016.478276</timestamp>
			</report>
			<report>
				<misses>20076001</misses>
				<total>43</total>
				<timestamp>6016.777996</timestamp>
			</report>
			<report>
				<misses>20077001</misses>
				<total>43</total>
				<timestamp>6017.077752</timestamp>
			</report>
			<report>
				<misses>20078001</misses>
				<total>43</total>
				<timestamp>6017.377372</timestamp>
			</report>
			<report>
				<misses>20079001</misses>
				<total>43</total>
				<timestamp>6017.677078</timestamp>
			</report>
			<report>
				<misses>20080001</misses>
				<total>43</total>
				<timestamp>6017.976814</timestamp>
			</report>
			<report>
				<misses>20081001</misses>
				<total>43</total>
				<timestamp>6018.276537</timestamp>
			</report>
			<report>
				<misses>20082001</misses>
				<total>43</total>
				<timestamp>6018.576207</timestamp>
			</report>
			<report>
				<misses>20083001</misses>
				<total>43</total>
				<timestamp>6018.875941</timestamp>
			</report>
			<report>
				<misses>20084001</misses>
				<total>43</total>
				<timestamp>6019.175592</timestamp>
			</report>
			<report>
				<misses>20085001</misses>
				<total>43</total>
				<timestamp>6019.475274</timestamp>
			</report>
			<report>
				<misses>20086001</misses>
				<total>43</total>
				<timestamp>6019.775038</timestamp>
			</report>
			<report>
				<misses>20087001</misses>
				<total>43</total>
				<timestamp>6020.074703</timestamp>
			</report>
			<report>
				<misses>20088001</misses>
				<total>43</total>
				<timestamp>6020.374372</timestamp>
			</report>
			<report>
				<misses>20089001</misses>
				<total>43</total>
				<timestamp>6020.674097</timestamp>
			</report>
			<report>
				<misses>20090001</misses>
				<total>43</total>
				<timestamp>6020.973788</timestamp>
			</report>
			<report>
				<misses>20091001</misses>
				<total>43</total>
				<timestamp>6021.273506</timestamp>
			</report>
			<report>
				<misses>20092001</misses>
				<total>43</total>
				<timestamp>6021.573172</timestamp>
			</report>
			<report>
				<misses>20093001</misses>
				<total>43</total>
				<timestamp>6021.872920</timestamp>
			</report>
			<report>
				<misses>20094001</misses>
				<total>43</total>
				<timestamp>6022.172573</timestamp>
			</report>
			<report>
				<misses>20095001</misses>
				<total>43</total>
				<timestamp>6022.472288</timestamp>
			</report>
			<report>
				<misses>20096001</misses>
				<total>43</total>
				<timestamp>6022.772004</timestamp>
			</report>
			<report>
				<misses>20097001</misses>
				<total>43</total>
				<timestamp>6023.071692</timestamp>
			</report>
			<report>
				<misses>20098001</misses>
				<total>43</total>
				<timestamp>6023.371425</timestamp>
			</report>
			<report>
				<misses>20099001</misses>
				<total>43</total>
				<timestamp>6023.671119</timestamp>
			</report>
			<report>
				<misses>20100001</misses>
				<total>43</total>
				<timestamp>6023.970768</timestamp>
			</report>
			<report>
				<misses>20101001</misses>
				<total>43</total>
				<timestamp>6024.270544</timestamp>
			</report>
			<report>
				<misses>20102001</misses>
				<total>43</total>
				<timestamp>6024.570178</timestamp>
			</report>
			<report>
				<misses>20103001</misses>
				<total>43</total>
				<timestamp>6024.869890</timestamp>
			</report>
			<report>
				<misses>20104001</misses>
				<total>43</total>
				<timestamp>6025.169607</timestamp>
			</report>
			<report>
				<misses>20105001</misses>
				<total>43</total>
				<timestamp>6025.469280</timestamp>
			</report>
			<report>
				<misses>20106001</misses>
				<total>43</total>
				<timestamp>6025.768981</timestamp>
			</report>
			<report>
				<misses>20107001</misses>
				<total>43</total>
				<timestamp>6026.068752</timestamp>
			</report>
			<report>
				<misses>20108001</misses>
				<total>43</total>
				<timestamp>6026.368383</timestamp>
			</report>
			<report>
				<misses>20109001</misses>
				<total>43</total>
				<timestamp>6026.668087</timestamp>
			</report>
			<report>
				<misses>20110001</misses>
				<total>43</total>
				<timestamp>6026.967770</timestamp>
			</report>
			<report>
				<misses>20111001</misses>
				<total>43</total>
				<timestamp>6027.267556</timestamp>
			</report>
			<report>
				<misses>20112001</misses>
				<total>43</total>
				<timestamp>6027.567178</timestamp>
			</report>
			<report>
				<misses>20113001</misses>
				<total>43</total>
				<timestamp>6027.866893</timestamp>
			</report>
			<report>
				<misses>20114001</misses>
				<total>43</total>
				<timestamp>6028.166618</timestamp>
			</report>
			<report>
				<misses>20115001</misses>
				<total>43</total>
				<timestamp>6028.466268</timestamp>
			</report>
			<report>
				<misses>20116001</misses>
				<total>43</total>
				<timestamp>6028.765989</timestamp>
			</report>
			<report>
				<misses>20117001</misses>
				<total>43</total>
				<timestamp>6029.065757</timestamp>
			</report>
			<report>
				<misses>20118001</misses>
				<total>43</total>
				<timestamp>6029.365445</timestamp>
			</report>
			<report>
				<misses>20119001</misses>
				<total>43</total>
				<timestamp>6029.665072</timestamp>
			</report>
			<report>
				<misses>20120001</misses>
				<total>43</total>
				<timestamp>6029.964808</timestamp>
			</report>
			<report>
				<misses>20121001</misses>
				<total>43</total>
				<timestamp>6030.264465</timestamp>
			</report>
			<report>
				<misses>20122001</misses>
				<total>43</total>
				<timestamp>6030.564165</timestamp>
			</report>
			<report>
				<misses>20123001</misses>
				<total>43</total>
				<timestamp>6030.863879</timestamp>
			</report>
			<report>
				<misses>20124001</misses>
				<total>43</total>
				<timestamp>6031.163563</timestamp>
			</report>
			<report>
				<misses>20125001</misses>
				<total>43</total>
				<timestamp>6031.463271</timestamp>
			</report>
			<report>
				<misses>20126001</misses>
				<total>43</total>
				<timestamp>6031.762994</timestamp>
			</report>
			<report>
				<misses>20127001</misses>
				<total>43</total>
				<timestamp>6032.062705</timestamp>
			</report>
			<report>
				<misses>20128001</misses>
				<total>43</total>
				<timestamp>6032.362366</timestamp>
			</report>
			<report>
				<misses>20129001</misses>
				<total>43</total>
				<timestamp>6032.662087</timestamp>
			</report>
			<report>
				<misses>20130001</misses>
				<total>42</total>
				<timestamp>6032.961891</timestamp>
			</report>
			<report>
				<misses>20131001</misses>
				<total>43</total>
				<timestamp>6033.261469</timestamp>
			</report>
			<report>
				<misses>20132001</misses>
				<total>43</total>
				<timestamp>6033.561166</timestamp>
			</report>
			<report>
				<misses>20133001</misses>
				<total>43</total>
				<timestamp>6033.860930</timestamp>
			</report>
			<report>
				<misses>20134001</misses>
				<total>43</total>
				<timestamp>6034.160650</timestamp>
			</report>
			<report>
				<misses>20135001</misses>
				<total>43</total>
				<timestamp>6034.460269</timestamp>
			</report>
			<report>
				<misses>20136001</misses>
				<total>43</total>
				<timestamp>6034.759993</timestamp>
			</report>
			<report>
				<misses>20137001</misses>
				<total>43</total>
				<timestamp>6035.059705</timestamp>
			</report>
			<report>
				<misses>20138001</misses>
				<total>42</total>
				<timestamp>6035.359485</timestamp>
			</report>
			<report>
				<misses>20139001</misses>
				<total>43</total>
				<timestamp>6035.659072</timestamp>
			</report>
			<report>
				<misses>20140001</misses>
				<total>43</total>
				<timestamp>6035.958785</timestamp>
			</report>
			<report>
				<misses>20141001</misses>
				<total>43</total>
				<timestamp>6036.258464</timestamp>
			</report>
			<report>
				<misses>20142001</misses>
				<total>43</total>
				<timestamp>6036.558167</timestamp>
			</report>
			<report>
				<misses>20143001</misses>
				<total>43</total>
				<timestamp>6036.857880</timestamp>
			</report>
			<report>
				<misses>20144001</misses>
				<total>43</total>
				<timestamp>6037.157582</timestamp>
			</report>
			<report>
				<misses>20145001</misses>
				<total>43</total>
				<timestamp>6037.457337</timestamp>
			</report>
			<report>
				<misses>20146001</misses>
				<total>43</total>
				<timestamp>6037.757003</timestamp>
			</report>
			<report>
				<misses>20147001</misses>
				<total>43</total>
				<timestamp>6038.056699</timestamp>
			</report>
			<report>
				<misses>20148001</misses>
				<total>42</total>
				<timestamp>6038.356487</timestamp>
			</report>
			<report>
				<misses>20149001</misses>
				<total>43</total>
				<timestamp>6038.656090</timestamp>
			</report>
			<report>
				<misses>20150001</misses>
				<total>43</total>
				<timestamp>6038.955772</timestamp>
			</report>
			<report>
				<misses>20151001</misses>
				<total>43</total>
				<timestamp>6039.255479</timestamp>
			</report>
			<report>
				<misses>20152001</misses>
				<total>43</total>
				<timestamp>6039.555181</timestamp>
			</report>
			<report>
				<misses>20153001</misses>
				<total>43</total>
				<timestamp>6039.854878</timestamp>
			</report>
			<report>
				<misses>20154001</misses>
				<total>43</total>
				<timestamp>6040.154565</timestamp>
			</report>
			<report>
				<misses>20155001</misses>
				<total>43</total>
				<timestamp>6040.454276</timestamp>
			</report>
			<report>
				<misses>20156001</misses>
				<total>43</total>
				<timestamp>6040.753972</timestamp>
			</report>
			<report>
				<misses>20157001</misses>
				<total>43</total>
				<timestamp>6041.053701</timestamp>
			</report>
			<report>
				<misses>20158001</misses>
				<total>43</total>
				<timestamp>6041.353451</timestamp>
			</report>
			<report>
				<misses>20159001</misses>
				<total>43</total>
				<timestamp>6041.653077</timestamp>
			</report>
			<report>
				<misses>20160001</misses>
				<total>43</total>
				<timestamp>6041.952794</timestamp>
			</report>
			<report>
				<misses>20161001</misses>
				<total>43</total>
				<timestamp>6042.252475</timestamp>
			</report>
			<report>
				<misses>20162001</misses>
				<total>43</total>
				<timestamp>6042.552164</timestamp>
			</report>
			<report>
				<misses>20163001</misses>
				<total>43</total>
				<timestamp>6042.851898</timestamp>
			</report>
			<report>
				<misses>20164001</misses>
				<total>43</total>
				<timestamp>6043.151574</timestamp>
			</report>
			<report>
				<misses>20165001</misses>
				<total>43</total>
				<timestamp>6043.451284</timestamp>
			</report>
			<report>
				<misses>20166001</misses>
				<total>43</total>
				<timestamp>6043.750976</timestamp>
			</report>
			<report>
				<misses>20167001</misses>
				<total>43</total>
				<timestamp>6044.050791</timestamp>
			</report>
			<report>
				<misses>20168001</misses>
				<total>43</total>
				<timestamp>6044.350447</timestamp>
			</report>
			<report>
				<misses>20169001</misses>
				<total>43</total>
				<timestamp>6044.650057</timestamp>
			</report>
			<report>
				<misses>20170001</misses>
				<total>43</total>
				<timestamp>6044.949808</timestamp>
			</report>
			<report>
				<misses>20171001</misses>
				<total>43</total>
				<timestamp>6045.249530</timestamp>
			</report>
			<report>
				<misses>20172001</misses>
				<total>42</total>
				<timestamp>6045.549281</timestamp>
			</report>
			<report>
				<misses>20173001</misses>
				<total>43</total>
				<timestamp>6045.848885</timestamp>
			</report>
			<report>
				<misses>20174001</misses>
				<total>43</total>
				<timestamp>6046.148635</timestamp>
			</report>
			<report>
				<misses>20175001</misses>
				<total>43</total>
				<timestamp>6046.448369</timestamp>
			</report>
			<report>
				<misses>20176001</misses>
				<total>43</total>
				<timestamp>6046.747992</timestamp>
			</report>
			<report>
				<misses>20177001</misses>
				<total>43</total>
				<timestamp>6047.047676</timestamp>
			</report>
			<report>
				<misses>20178001</misses>
				<total>43</total>
				<timestamp>6047.347443</timestamp>
			</report>
			<report>
				<misses>20179001</misses>
				<total>43</total>
				<timestamp>6047.647089</timestamp>
			</report>
			<report>
				<misses>20180001</misses>
				<total>43</total>
				<timestamp>6047.946812</timestamp>
			</report>
			<report>
				<misses>20181001</misses>
				<total>43</total>
				<timestamp>6048.246558</timestamp>
			</report>
			<report>
				<misses>20182001</misses>
				<total>43</total>
				<timestamp>6048.546179</timestamp>
			</report>
			<report>
				<misses>20183001</misses>
				<total>43</total>
				<timestamp>6048.845911</timestamp>
			</report>
			<report>
				<misses>20184001</misses>
				<total>43</total>
				<timestamp>6049.145591</timestamp>
			</report>
			<report>
				<misses>20185001</misses>
				<total>43</total>
				<timestamp>6049.445328</timestamp>
			</report>
			<report>
				<misses>20186001</misses>
				<total>43</total>
				<timestamp>6049.745001</timestamp>
			</report>
			<report>
				<misses>20187001</misses>
				<total>43</total>
				<timestamp>6050.044702</timestamp>
			</report>
			<report>
				<misses>20188001</misses>
				<total>43</total>
				<timestamp>6050.344468</timestamp>
			</report>
			<report>
				<misses>20189001</misses>
				<total>43</total>
				<timestamp>6050.644081</timestamp>
			</report>
			<report>
				<misses>20190001</misses>
				<total>43</total>
				<timestamp>6050.943776</timestamp>
			</report>
			<report>
				<misses>20191001</misses>
				<total>43</total>
				<timestamp>6051.243488</timestamp>
			</report>
			<report>
				<misses>20192001</misses>
				<total>43</total>
				<timestamp>6051.543176</timestamp>
			</report>
			<report>
				<misses>20193001</misses>
				<total>43</total>
				<timestamp>6051.842880</timestamp>
			</report>
			<report>
				<misses>20194001</misses>
				<total>43</total>
				<timestamp>6052.142642</timestamp>
			</report>
			<report>
				<misses>20195001</misses>
				<total>42</total>
				<timestamp>6052.442370</timestamp>
			</report>
			<report>
				<misses>20196001</misses>
				<total>43</total>
				<timestamp>6052.741996</timestamp>
			</report>
			<report>
				<misses>20197001</misses>
				<total>43</total>
				<timestamp>6053.041711</timestamp>
			</report>
			<report>
				<misses>20198001</misses>
				<total>43</total>
				<timestamp>6053.341426</timestamp>
			</report>
			<report>
				<misses>20199001</misses>
				<total>43</total>
				<timestamp>6053.641068</timestamp>
			</report>
			<report>
				<misses>20200001</misses>
				<total>43</total>
				<timestamp>6053.940782</timestamp>
			</report>
			<report>
				<misses>20201001</misses>
				<total>43</total>
				<timestamp>6054.240478</timestamp>
			</report>
			<report>
				<misses>20202001</misses>
				<total>43</total>
				<timestamp>6054.540176</timestamp>
			</report>
			<report>
				<misses>20203001</misses>
				<total>45</total>
				<timestamp>6054.839891</timestamp>
			</report>
			<report>
				<misses>20204001</misses>
				<total>44</total>
				<timestamp>6055.139721</timestamp>
			</report>
			<report>
				<misses>20205001</misses>
				<total>45</total>
				<timestamp>6055.439275</timestamp>
			</report>
			<report>
				<misses>20206001</misses>
				<total>45</total>
				<timestamp>6055.739004</timestamp>
			</report>
			<report>
				<misses>20207001</misses>
				<total>45</total>
				<timestamp>6056.038735</timestamp>
			</report>
			<report>
				<misses>20208001</misses>
				<total>45</total>
				<timestamp>6056.338405</timestamp>
			</report>
			<report>
				<misses>20209001</misses>
				<total>45</total>
				<timestamp>6056.638160</timestamp>
			</report>
			<report>
				<misses>20210001</misses>
				<total>45</total>
				<timestamp>6056.937804</timestamp>
			</report>
			<report>
				<misses>20211001</misses>
				<total>45</total>
				<timestamp>6057.237495</timestamp>
			</report>
			<report>
				<misses>20212001</misses>
				<total>45</total>
				<timestamp>6057.537238</timestamp>
			</report>
			<report>
				<misses>20213001</misses>
				<total>45</total>
				<timestamp>6057.836889</timestamp>
			</report>
			<report>
				<misses>20214001</misses>
				<total>45</total>
				<timestamp>6058.136588</timestamp>
			</report>
			<report>
				<misses>20215001</misses>
				<total>45</total>
				<timestamp>6058.436324</timestamp>
			</report>
			<report>
				<misses>20216001</misses>
				<total>45</total>
				<timestamp>6058.735991</timestamp>
			</report>
			<report>
				<misses>20217001</misses>
				<total>45</total>
				<timestamp>6059.035703</timestamp>
			</report>
			<report>
				<misses>20218001</misses>
				<total>45</total>
				<timestamp>6059.335381</timestamp>
			</report>
			<report>
				<misses>20219001</misses>
				<total>45</total>
				<timestamp>6059.635064</timestamp>
			</report>
			<report>
				<misses>20220001</misses>
				<total>44</total>
				<timestamp>6059.934851</timestamp>
			</report>
			<report>
				<misses>20221001</misses>
				<total>45</total>
				<timestamp>6060.234525</timestamp>
			</report>
			<report>
				<misses>20222001</misses>
				<total>45</total>
				<timestamp>6060.534184</timestamp>
			</report>
			<report>
				<misses>20223001</misses>
				<total>45</total>
				<timestamp>6060.833957</timestamp>
			</report>
			<report>
				<misses>20224001</misses>
				<total>45</total>
				<timestamp>6061.133583</timestamp>
			</report>
			<report>
				<misses>20225001</misses>
				<total>45</total>
				<timestamp>6061.433262</timestamp>
			</report>
			<report>
				<misses>20226001</misses>
				<total>45</total>
				<timestamp>6061.733012</timestamp>
			</report>
			<report>
				<misses>20227001</misses>
				<total>45</total>
				<timestamp>6062.032681</timestamp>
			</report>
			<report>
				<misses>20228001</misses>
				<total>45</total>
				<timestamp>6062.332417</timestamp>
			</report>
			<report>
				<misses>20229001</misses>
				<total>45</total>
				<timestamp>6062.632062</timestamp>
			</report>
			<report>
				<misses>20230001</misses>
				<total>45</total>
				<timestamp>6062.931787</timestamp>
			</report>
			<report>
				<misses>20231001</misses>
				<total>45</total>
				<timestamp>6063.231470</timestamp>
			</report>
			<report>
				<misses>20232001</misses>
				<total>45</total>
				<timestamp>6063.531177</timestamp>
			</report>
			<report>
				<misses>20233001</misses>
				<total>45</total>
				<timestamp>6063.830860</timestamp>
			</report>
			<report>
				<misses>20234001</misses>
				<total>45</total>
				<timestamp>6064.130561</timestamp>
			</report>
			<report>
				<misses>20235001</misses>
				<total>45</total>
				<timestamp>6064.430321</timestamp>
			</report>
			<report>
				<misses>20236001</misses>
				<total>45</total>
				<timestamp>6064.730057</timestamp>
			</report>
			<report>
				<misses>20237001</misses>
				<total>45</total>
				<timestamp>6065.029690</timestamp>
			</report>
			<report>
				<misses>20238001</misses>
				<total>45</total>
				<timestamp>6065.329452</timestamp>
			</report>
			<report>
				<misses>20239001</misses>
				<total>44</total>
				<timestamp>6065.629170</timestamp>
			</report>
			<report>
				<misses>20240001</misses>
				<total>45</total>
				<timestamp>6065.928764</timestamp>
			</report>
			<report>
				<misses>20241001</misses>
				<total>45</total>
				<timestamp>6066.228510</timestamp>
			</report>
			<report>
				<misses>20242001</misses>
				<total>45</total>
				<timestamp>6066.528169</timestamp>
			</report>
			<report>
				<misses>20243001</misses>
				<total>45</total>
				<timestamp>6066.827863</timestamp>
			</report>
			<report>
				<misses>20244001</misses>
				<total>45</total>
				<timestamp>6067.127604</timestamp>
			</report>
			<report>
				<misses>20245001</misses>
				<total>45</total>
				<timestamp>6067.427267</timestamp>
			</report>
			<report>
				<misses>20246001</misses>
				<total>45</total>
				<timestamp>6067.727057</timestamp>
			</report>
			<report>
				<misses>20247001</misses>
				<total>45</total>
				<timestamp>6068.026697</timestamp>
			</report>
			<report>
				<misses>20248001</misses>
				<total>45</total>
				<timestamp>6068.326380</timestamp>
			</report>
			<report>
				<misses>20249001</misses>
				<total>45</total>
				<timestamp>6068.626062</timestamp>
			</report>
			<report>
				<misses>20250001</misses>
				<total>45</total>
				<timestamp>6068.925777</timestamp>
			</report>
			<report>
				<misses>20251001</misses>
				<total>45</total>
				<timestamp>6069.225502</timestamp>
			</report>
			<report>
				<misses>20252001</misses>
				<total>45</total>
				<timestamp>6069.525187</timestamp>
			</report>
			<report>
				<misses>20253001</misses>
				<total>45</total>
				<timestamp>6069.824871</timestamp>
			</report>
			<report>
				<misses>20254001</misses>
				<total>45</total>
				<timestamp>6070.124652</timestamp>
			</report>
			<report>
				<misses>20255001</misses>
				<total>44</total>
				<timestamp>6070.424376</timestamp>
			</report>
			<report>
				<misses>20256001</misses>
				<total>45</total>
				<timestamp>6070.724022</timestamp>
			</report>
			<report>
				<misses>20257001</misses>
				<total>45</total>
				<timestamp>6071.023675</timestamp>
			</report>
			<report>
				<misses>20258001</misses>
				<total>45</total>
				<timestamp>6071.323466</timestamp>
			</report>
			<report>
				<misses>20259001</misses>
				<total>45</total>
				<timestamp>6071.623063</timestamp>
			</report>
			<report>
				<misses>20260001</misses>
				<total>45</total>
				<timestamp>6071.922777</timestamp>
			</report>
			<report>
				<misses>20261001</misses>
				<total>45</total>
				<timestamp>6072.222506</timestamp>
			</report>
			<report>
				<misses>20262001</misses>
				<total>45</total>
				<timestamp>6072.522162</timestamp>
			</report>
			<report>
				<misses>20263001</misses>
				<total>45</total>
				<timestamp>6072.821862</timestamp>
			</report>
			<report>
				<misses>20264001</misses>
				<total>45</total>
				<timestamp>6073.121601</timestamp>
			</report>
			<report>
				<misses>20265001</misses>
				<total>45</total>
				<timestamp>6073.421274</timestamp>
			</report>
			<report>
				<misses>20266001</misses>
				<total>45</total>
				<timestamp>6073.720988</timestamp>
			</report>
			<report>
				<misses>20267001</misses>
				<total>45</total>
				<timestamp>6074.020667</timestamp>
			</report>
			<report>
				<misses>20268001</misses>
				<total>45</total>
				<timestamp>6074.320399</timestamp>
			</report>
			<report>
				<misses>20269001</misses>
				<total>45</total>
				<timestamp>6074.620073</timestamp>
			</report>
			<report>
				<misses>20270001</misses>
				<total>45</total>
				<timestamp>6074.919784</timestamp>
			</report>
			<report>
				<misses>20271001</misses>
				<total>45</total>
				<timestamp>6075.219498</timestamp>
			</report>
			<report>
				<misses>20272001</misses>
				<total>45</total>
				<timestamp>6075.519187</timestamp>
			</report>
			<report>
				<misses>20273001</misses>
				<total>45</total>
				<timestamp>6075.818869</timestamp>
			</report>
			<report>
				<misses>20274001</misses>
				<total>45</total>
				<timestamp>6076.118564</timestamp>
			</report>
			<report>
				<misses>20275001</misses>
				<total>45</total>
				<timestamp>6076.418262</timestamp>
			</report>
			<report>
				<misses>20276001</misses>
				<total>45</total>
				<timestamp>6076.717972</timestamp>
			</report>
			<report>
				<misses>20277001</misses>
				<total>45</total>
				<timestamp>6077.017668</timestamp>
			</report>
			<report>
				<misses>20278001</misses>
				<total>45</total>
				<timestamp>6077.317458</timestamp>
			</report>
			<report>
				<misses>20279001</misses>
				<total>45</total>
				<timestamp>6077.617067</timestamp>
			</report>
			<report>
				<misses>20280001</misses>
				<total>45</total>
				<timestamp>6077.916769</timestamp>
			</report>
			<report>
				<misses>20281001</misses>
				<total>45</total>
				<timestamp>6078.216549</timestamp>
			</report>
			<report>
				<misses>20282001</misses>
				<total>45</total>
				<timestamp>6078.516186</timestamp>
			</report>
			<report>
				<misses>20283001</misses>
				<total>45</total>
				<timestamp>6078.815865</timestamp>
			</report>
			<report>
				<misses>20284001</misses>
				<total>45</total>
				<timestamp>6079.115561</timestamp>
			</report>
			<report>
				<misses>20285001</misses>
				<total>45</total>
				<timestamp>6079.415308</timestamp>
			</report>
			<report>
				<misses>20286001</misses>
				<total>45</total>
				<timestamp>6079.714966</timestamp>
			</report>
			<report>
				<misses>20287001</misses>
				<total>45</total>
				<timestamp>6080.014673</timestamp>
			</report>
			<report>
				<misses>20288001</misses>
				<total>45</total>
				<timestamp>6080.314426</timestamp>
			</report>
			<report>
				<misses>20289001</misses>
				<total>45</total>
				<timestamp>6080.614074</timestamp>
			</report>
			<report>
				<misses>20290001</misses>
				<total>45</total>
				<timestamp>6080.913797</timestamp>
			</report>
			<report>
				<misses>20291001</misses>
				<total>45</total>
				<timestamp>6081.213507</timestamp>
			</report>
			<report>
				<misses>20292001</misses>
				<total>45</total>
				<timestamp>6081.513220</timestamp>
			</report>
			<report>
				<misses>20293001</misses>
				<total>45</total>
				<timestamp>6081.812875</timestamp>
			</report>
			<report>
				<misses>20294001</misses>
				<total>45</total>
				<timestamp>6082.112618</timestamp>
			</report>
			<report>
				<misses>20295001</misses>
				<total>45</total>
				<timestamp>6082.412259</timestamp>
			</report>
			<report>
				<misses>20296001</misses>
				<total>45</total>
				<timestamp>6082.712010</timestamp>
			</report>
			<report>
				<misses>20297001</misses>
				<total>45</total>
				<timestamp>6083.011686</timestamp>
			</report>
			<report>
				<misses>20298001</misses>
				<total>45</total>
				<timestamp>6083.311404</timestamp>
			</report>
			<report>
				<misses>20299001</misses>
				<total>45</total>
				<timestamp>6083.611073</timestamp>
			</report>
			<report>
				<misses>20300001</misses>
				<total>45</total>
				<timestamp>6083.910767</timestamp>
			</report>
			<report>
				<misses>20301001</misses>
				<total>45</total>
				<timestamp>6084.210481</timestamp>
			</report>
			<report>
				<misses>20302001</misses>
				<total>45</total>
				<timestamp>6084.510181</timestamp>
			</report>
			<report>
				<misses>20303001</misses>
				<total>45</total>
				<timestamp>6084.809891</timestamp>
			</report>
			<report>
				<misses>20304001</misses>
				<total>45</total>
				<timestamp>6085.109569</timestamp>
			</report>
			<report>
				<misses>20305001</misses>
				<total>44</total>
				<timestamp>6085.409371</timestamp>
			</report>
			<report>
				<misses>20306001</misses>
				<total>45</total>
				<timestamp>6085.708983</timestamp>
			</report>
			<report>
				<misses>20307001</misses>
				<total>45</total>
				<timestamp>6086.008672</timestamp>
			</report>
			<report>
				<misses>20308001</misses>
				<total>45</total>
				<timestamp>6086.308375</timestamp>
			</report>
			<report>
				<misses>20309001</misses>
				<total>45</total>
				<timestamp>6086.608072</timestamp>
			</report>
			<report>
				<misses>20310001</misses>
				<total>45</total>
				<timestamp>6086.907821</timestamp>
			</report>
			<report>
				<misses>20311001</misses>
				<total>45</total>
				<timestamp>6087.207502</timestamp>
			</report>
			<report>
				<misses>20312001</misses>
				<total>45</total>
				<timestamp>6087.507226</timestamp>
			</report>
			<report>
				<misses>20313001</misses>
				<total>45</total>
				<timestamp>6087.806919</timestamp>
			</report>
			<report>
				<misses>20314001</misses>
				<total>45</total>
				<timestamp>6088.106639</timestamp>
			</report>
			<report>
				<misses>20315001</misses>
				<total>45</total>
				<timestamp>6088.406324</timestamp>
			</report>
			<report>
				<misses>20316001</misses>
				<total>45</total>
				<timestamp>6088.705995</timestamp>
			</report>
			<report>
				<misses>20317001</misses>
				<total>45</total>
				<timestamp>6089.005672</timestamp>
			</report>
			<report>
				<misses>20318001</misses>
				<total>45</total>
				<timestamp>6089.305372</timestamp>
			</report>
			<report>
				<misses>20319001</misses>
				<total>45</total>
				<timestamp>6089.605108</timestamp>
			</report>
			<report>
				<misses>20320001</misses>
				<total>45</total>
				<timestamp>6089.904830</timestamp>
			</report>
			<report>
				<misses>20321001</misses>
				<total>45</total>
				<timestamp>6090.204489</timestamp>
			</report>
			<report>
				<misses>20322001</misses>
				<total>45</total>
				<timestamp>6090.504270</timestamp>
			</report>
			<report>
				<misses>20323001</misses>
				<total>45</total>
				<timestamp>6090.803880</timestamp>
			</report>
			<report>
				<misses>20324001</misses>
				<total>45</total>
				<timestamp>6091.103578</timestamp>
			</report>
			<report>
				<misses>20325001</misses>
				<total>45</total>
				<timestamp>6091.403331</timestamp>
			</report>
			<report>
				<misses>20326001</misses>
				<total>45</total>
				<timestamp>6091.703013</timestamp>
			</report>
			<report>
				<misses>20327001</misses>
				<total>45</total>
				<timestamp>6092.002675</timestamp>
			</report>
			<report>
				<misses>20328001</misses>
				<total>45</total>
				<timestamp>6092.302363</timestamp>
			</report>
			<report>
				<misses>20329001</misses>
				<total>45</total>
				<timestamp>6092.602081</timestamp>
			</report>
			<report>
				<misses>20330001</misses>
				<total>45</total>
				<timestamp>6092.901827</timestamp>
			</report>
			<report>
				<misses>20331001</misses>
				<total>45</total>
				<timestamp>6093.201476</timestamp>
			</report>
			<report>
				<misses>20332001</misses>
				<total>45</total>
				<timestamp>6093.501191</timestamp>
			</report>
			<report>
				<misses>20333001</misses>
				<total>45</total>
				<timestamp>6093.800868</timestamp>
			</report>
			<report>
				<misses>20334001</misses>
				<total>45</total>
				<timestamp>6094.100583</timestamp>
			</report>
			<report>
				<misses>20335001</misses>
				<total>45</total>
				<timestamp>6094.400332</timestamp>
			</report>
			<report>
				<misses>20336001</misses>
				<total>45</total>
				<timestamp>6094.699980</timestamp>
			</report>
			<report>
				<misses>20337001</misses>
				<total>45</total>
				<timestamp>6094.999688</timestamp>
			</report>
			<report>
				<misses>20338001</misses>
				<total>45</total>
				<timestamp>6095.299402</timestamp>
			</report>
			<report>
				<misses>20339001</misses>
				<total>45</total>
				<timestamp>6095.599073</timestamp>
			</report>
			<report>
				<misses>20340001</misses>
				<total>45</total>
				<timestamp>6095.898773</timestamp>
			</report>
			<report>
				<misses>20341001</misses>
				<total>45</total>
				<timestamp>6096.198465</timestamp>
			</report>
			<report>
				<misses>20342001</misses>
				<total>45</total>
				<timestamp>6096.498211</timestamp>
			</report>
			<report>
				<misses>20343001</misses>
				<total>45</total>
				<timestamp>6096.797883</timestamp>
			</report>
			<report>
				<misses>20344001</misses>
				<total>45</total>
				<timestamp>6097.097564</timestamp>
			</report>
			<report>
				<misses>20345001</misses>
				<total>45</total>
				<timestamp>6097.397341</timestamp>
			</report>
			<report>
				<misses>20346001</misses>
				<total>45</total>
				<timestamp>6097.696985</timestamp>
			</report>
			<report>
				<misses>20347001</misses>
				<total>45</total>
				<timestamp>6097.996684</timestamp>
			</report>
			<report>
				<misses>20348001</misses>
				<total>45</total>
				<timestamp>6098.296411</timestamp>
			</report>
			<report>
				<misses>20349001</misses>
				<total>45</total>
				<timestamp>6098.596131</timestamp>
			</report>
			<report>
				<misses>20350001</misses>
				<total>45</total>
				<timestamp>6098.895767</timestamp>
			</report>
			<report>
				<misses>20351001</misses>
				<total>45</total>
				<timestamp>6099.195484</timestamp>
			</report>
			<report>
				<misses>20352001</misses>
				<total>45</total>
				<timestamp>6099.495182</timestamp>
			</report>
			<report>
				<misses>20353001</misses>
				<total>45</total>
				<timestamp>6099.794874</timestamp>
			</report>
			<report>
				<misses>20354001</misses>
				<total>45</total>
				<timestamp>6100.094563</timestamp>
			</report>
			<report>
				<misses>20355001</misses>
				<total>45</total>
				<timestamp>6100.394303</timestamp>
			</report>
			<report>
				<misses>20356001</misses>
				<total>45</total>
				<timestamp>6100.693993</timestamp>
			</report>
			<report>
				<misses>20357001</misses>
				<total>45</total>
				<timestamp>6100.993674</timestamp>
			</report>
			<report>
				<misses>20358001</misses>
				<total>45</total>
				<timestamp>6101.293443</timestamp>
			</report>
			<report>
				<misses>20359001</misses>
				<total>45</total>
				<timestamp>6101.593116</timestamp>
			</report>
			<report>
				<misses>20360001</misses>
				<total>45</total>
				<timestamp>6101.892794</timestamp>
			</report>
			<report>
				<misses>20361001</misses>
				<total>45</total>
				<timestamp>6102.192464</timestamp>
			</report>
			<report>
				<misses>20362001</misses>
				<total>45</total>
				<timestamp>6102.492186</timestamp>
			</report>
			<report>
				<misses>20363001</misses>
				<total>45</total>
				<timestamp>6102.791876</timestamp>
			</report>
			<report>
				<misses>20364001</misses>
				<total>45</total>
				<timestamp>6103.091567</timestamp>
			</report>
			<report>
				<misses>20365001</misses>
				<total>45</total>
				<timestamp>6103.391286</timestamp>
			</report>
			<report>
				<misses>20366001</misses>
				<total>45</total>
				<timestamp>6103.690998</timestamp>
			</report>
			<report>
				<misses>20367001</misses>
				<total>45</total>
				<timestamp>6103.990661</timestamp>
			</report>
			<report>
				<misses>20368001</misses>
				<total>45</total>
				<timestamp>6104.290392</timestamp>
			</report>
			<report>
				<misses>20369001</misses>
				<total>45</total>
				<timestamp>6104.590107</timestamp>
			</report>
			<report>
				<misses>20370001</misses>
				<total>45</total>
				<timestamp>6104.889765</timestamp>
			</report>
			<report>
				<misses>20371001</misses>
				<total>45</total>
				<timestamp>6105.189508</timestamp>
			</report>
			<report>
				<misses>20372001</misses>
				<total>45</total>
				<timestamp>6105.489240</timestamp>
			</report>
			<report>
				<misses>20373001</misses>
				<total>45</total>
				<timestamp>6105.788874</timestamp>
			</report>
			<report>
				<misses>20374001</misses>
				<total>45</total>
				<timestamp>6106.088562</timestamp>
			</report>
			<report>
				<misses>20375001</misses>
				<total>45</total>
				<timestamp>6106.388284</timestamp>
			</report>
			<report>
				<misses>20376001</misses>
				<total>45</total>
				<timestamp>6106.687979</timestamp>
			</report>
			<report>
				<misses>20377001</misses>
				<total>45</total>
				<timestamp>6106.987669</timestamp>
			</report>
			<report>
				<misses>20378001</misses>
				<total>45</total>
				<timestamp>6107.287394</timestamp>
			</report>
			<report>
				<misses>20379001</misses>
				<total>45</total>
				<timestamp>6107.587181</timestamp>
			</report>
			<report>
				<misses>20380001</misses>
				<total>45</total>
				<timestamp>6107.886779</timestamp>
			</report>
			<report>
				<misses>20381001</misses>
				<total>45</total>
				<timestamp>6108.186471</timestamp>
			</report>
			<report>
				<misses>20382001</misses>
				<total>45</total>
				<timestamp>6108.486222</timestamp>
			</report>
			<report>
				<misses>20383001</misses>
				<total>45</total>
				<timestamp>6108.785897</timestamp>
			</report>
			<report>
				<misses>20384001</misses>
				<total>45</total>
				<timestamp>6109.085598</timestamp>
			</report>
			<report>
				<misses>20385001</misses>
				<total>45</total>
				<timestamp>6109.385291</timestamp>
			</report>
			<report>
				<misses>20386001</misses>
				<total>44</total>
				<timestamp>6109.685079</timestamp>
			</report>
			<report>
				<misses>20387001</misses>
				<total>45</total>
				<timestamp>6109.984676</timestamp>
			</report>
			<report>
				<misses>20388001</misses>
				<total>45</total>
				<timestamp>6110.284393</timestamp>
			</report>
			<report>
				<misses>20389001</misses>
				<total>45</total>
				<timestamp>6110.584072</timestamp>
			</report>
			<report>
				<misses>20390001</misses>
				<total>45</total>
				<timestamp>6110.883816</timestamp>
			</report>
			<report>
				<misses>20391001</misses>
				<total>45</total>
				<timestamp>6111.183474</timestamp>
			</report>
			<report>
				<misses>20392001</misses>
				<total>44</total>
				<timestamp>6111.483322</timestamp>
			</report>
			<report>
				<misses>20393001</misses>
				<total>45</total>
				<timestamp>6111.782867</timestamp>
			</report>
			<report>
				<misses>20394001</misses>
				<total>45</total>
				<timestamp>6112.082569</timestamp>
			</report>
			<report>
				<misses>20395001</misses>
				<total>45</total>
				<timestamp>6112.382278</timestamp>
			</report>
			<report>
				<misses>20396001</misses>
				<total>45</total>
				<timestamp>6112.682040</timestamp>
			</report>
			<report>
				<misses>20397001</misses>
				<total>45</total>
				<timestamp>6112.981668</timestamp>
			</report>
			<report>
				<misses>20398001</misses>
				<total>45</total>
				<timestamp>6113.281370</timestamp>
			</report>
			<report>
				<misses>20399001</misses>
				<total>45</total>
				<timestamp>6113.581170</timestamp>
			</report>
			<report>
				<misses>20400001</misses>
				<total>45</total>
				<timestamp>6113.880775</timestamp>
			</report>
			<report>
				<misses>20401001</misses>
				<total>45</total>
				<timestamp>6114.180484</timestamp>
			</report>
			<report>
				<misses>20402001</misses>
				<total>45</total>
				<timestamp>6114.480207</timestamp>
			</report>
			<report>
				<misses>20403001</misses>
				<total>45</total>
				<timestamp>6114.779865</timestamp>
			</report>
			<report>
				<misses>20404001</misses>
				<total>45</total>
				<timestamp>6115.079567</timestamp>
			</report>
			<report>
				<misses>20405001</misses>
				<total>45</total>
				<timestamp>6115.379316</timestamp>
			</report>
			<report>
				<misses>20406001</misses>
				<total>45</total>
				<timestamp>6115.679051</timestamp>
			</report>
			<report>
				<misses>20407001</misses>
				<total>45</total>
				<timestamp>6115.978677</timestamp>
			</report>
			<report>
				<misses>20408001</misses>
				<total>45</total>
				<timestamp>6116.278474</timestamp>
			</report>
			<report>
				<misses>20409001</misses>
				<total>45</total>
				<timestamp>6116.578120</timestamp>
			</report>
			<report>
				<misses>20410001</misses>
				<total>45</total>
				<timestamp>6116.877775</timestamp>
			</report>
			<report>
				<misses>20411001</misses>
				<total>45</total>
				<timestamp>6117.177471</timestamp>
			</report>
			<report>
				<misses>20412001</misses>
				<total>45</total>
				<timestamp>6117.477206</timestamp>
			</report>
			<report>
				<misses>20413001</misses>
				<total>45</total>
				<timestamp>6117.776876</timestamp>
			</report>
			<report>
				<misses>20414001</misses>
				<total>45</total>
				<timestamp>6118.076572</timestamp>
			</report>
			<report>
				<misses>20415001</misses>
				<total>45</total>
				<timestamp>6118.376273</timestamp>
			</report>
			<report>
				<misses>20416001</misses>
				<total>45</total>
				<timestamp>6118.675975</timestamp>
			</report>
			<report>
				<misses>20417001</misses>
				<total>45</total>
				<timestamp>6118.975666</timestamp>
			</report>
			<report>
				<misses>20418001</misses>
				<total>45</total>
				<timestamp>6119.275389</timestamp>
			</report>
			<report>
				<misses>20419001</misses>
				<total>45</total>
				<timestamp>6119.575156</timestamp>
			</report>
			<report>
				<misses>20420001</misses>
				<total>45</total>
				<timestamp>6119.874769</timestamp>
			</report>
			<report>
				<misses>20421001</misses>
				<total>45</total>
				<timestamp>6120.174496</timestamp>
			</report>
			<report>
				<misses>20422001</misses>
				<total>45</total>
				<timestamp>6120.474180</timestamp>
			</report>
			<report>
				<misses>20423001</misses>
				<total>45</total>
				<timestamp>6120.773885</timestamp>
			</report>
			<report>
				<misses>20424001</misses>
				<total>45</total>
				<timestamp>6121.073565</timestamp>
			</report>
			<report>
				<misses>20425001</misses>
				<total>45</total>
				<timestamp>6121.373321</timestamp>
			</report>
			<report>
				<misses>20426001</misses>
				<total>45</total>
				<timestamp>6121.672984</timestamp>
			</report>
			<report>
				<misses>20427001</misses>
				<total>45</total>
				<timestamp>6121.972677</timestamp>
			</report>
			<report>
				<misses>20428001</misses>
				<total>45</total>
				<timestamp>6122.272371</timestamp>
			</report>
			<report>
				<misses>20429001</misses>
				<total>45</total>
				<timestamp>6122.572126</timestamp>
			</report>
			<report>
				<misses>20430001</misses>
				<total>45</total>
				<timestamp>6122.871854</timestamp>
			</report>
			<report>
				<misses>20431001</misses>
				<total>45</total>
				<timestamp>6123.171486</timestamp>
			</report>
			<report>
				<misses>20432001</misses>
				<total>45</total>
				<timestamp>6123.471276</timestamp>
			</report>
			<report>
				<misses>20433001</misses>
				<total>45</total>
				<timestamp>6123.770946</timestamp>
			</report>
			<report>
				<misses>20434001</misses>
				<total>44</total>
				<timestamp>6124.070667</timestamp>
			</report>
			<report>
				<misses>20435001</misses>
				<total>45</total>
				<timestamp>6124.370337</timestamp>
			</report>
			<report>
				<misses>20436001</misses>
				<total>45</total>
				<timestamp>6124.669971</timestamp>
			</report>
			<report>
				<misses>20437001</misses>
				<total>45</total>
				<timestamp>6124.969670</timestamp>
			</report>
			<report>
				<misses>20438001</misses>
				<total>45</total>
				<timestamp>6125.269376</timestamp>
			</report>
			<report>
				<misses>20439001</misses>
				<total>45</total>
				<timestamp>6125.569128</timestamp>
			</report>
			<report>
				<misses>20440001</misses>
				<total>45</total>
				<timestamp>6125.868784</timestamp>
			</report>
			<report>
				<misses>20441001</misses>
				<total>45</total>
				<timestamp>6126.168479</timestamp>
			</report>
			<report>
				<misses>20442001</misses>
				<total>45</total>
				<timestamp>6126.468250</timestamp>
			</report>
			<report>
				<misses>20443001</misses>
				<total>45</total>
				<timestamp>6126.767874</timestamp>
			</report>
			<report>
				<misses>20444001</misses>
				<total>45</total>
				<timestamp>6127.067561</timestamp>
			</report>
			<report>
				<misses>20445001</misses>
				<total>45</total>
				<timestamp>6127.367308</timestamp>
			</report>
			<report>
				<misses>20446001</misses>
				<total>45</total>
				<timestamp>6127.666981</timestamp>
			</report>
			<report>
				<misses>20447001</misses>
				<total>45</total>
				<timestamp>6127.966691</timestamp>
			</report>
			<report>
				<misses>20448001</misses>
				<total>45</total>
				<timestamp>6128.266380</timestamp>
			</report>
			<report>
				<misses>20449001</misses>
				<total>45</total>
				<timestamp>6128.566094</timestamp>
			</report>
			<report>
				<misses>20450001</misses>
				<total>45</total>
				<timestamp>6128.865782</timestamp>
			</report>
			<report>
				<misses>20451001</misses>
				<total>45</total>
				<timestamp>6129.165477</timestamp>
			</report>
			<report>
				<misses>20452001</misses>
				<total>45</total>
				<timestamp>6129.465195</timestamp>
			</report>
			<report>
				<misses>20453001</misses>
				<total>45</total>
				<timestamp>6129.764938</timestamp>
			</report>
			<report>
				<misses>20454001</misses>
				<total>45</total>
				<timestamp>6130.064580</timestamp>
			</report>
			<report>
				<misses>20455001</misses>
				<total>45</total>
				<timestamp>6130.364258</timestamp>
			</report>
			<report>
				<misses>20456001</misses>
				<total>45</total>
				<timestamp>6130.664077</timestamp>
			</report>
			<report>
				<misses>20457001</misses>
				<total>44</total>
				<timestamp>6130.963794</timestamp>
			</report>
			<report>
				<misses>20458001</misses>
				<total>45</total>
				<timestamp>6131.263381</timestamp>
			</report>
			<report>
				<misses>20459001</misses>
				<total>45</total>
				<timestamp>6131.563164</timestamp>
			</report>
			<report>
				<misses>20460001</misses>
				<total>45</total>
				<timestamp>6131.862784</timestamp>
			</report>
			<report>
				<misses>20461001</misses>
				<total>45</total>
				<timestamp>6132.162463</timestamp>
			</report>
			<report>
				<misses>20462001</misses>
				<total>45</total>
				<timestamp>6132.462239</timestamp>
			</report>
			<report>
				<misses>20463001</misses>
				<total>44</total>
				<timestamp>6132.762009</timestamp>
			</report>
			<report>
				<misses>20464001</misses>
				<total>45</total>
				<timestamp>6133.061562</timestamp>
			</report>
			<report>
				<misses>20465001</misses>
				<total>45</total>
				<timestamp>6133.361282</timestamp>
			</report>
			<report>
				<misses>20466001</misses>
				<total>45</total>
				<timestamp>6133.661050</timestamp>
			</report>
			<report>
				<misses>20467001</misses>
				<total>45</total>
				<timestamp>6133.960678</timestamp>
			</report>
			<report>
				<misses>20468001</misses>
				<total>45</total>
				<timestamp>6134.260369</timestamp>
			</report>
			<report>
				<misses>20469001</misses>
				<total>45</total>
				<timestamp>6134.560135</timestamp>
			</report>
			<report>
				<misses>20470001</misses>
				<total>45</total>
				<timestamp>6134.859779</timestamp>
			</report>
			<report>
				<misses>20471001</misses>
				<total>45</total>
				<timestamp>6135.159520</timestamp>
			</report>
			<report>
				<misses>20472001</misses>
				<total>45</total>
				<timestamp>6135.459177</timestamp>
			</report>
			<report>
				<misses>20473001</misses>
				<total>45</total>
				<timestamp>6135.758916</timestamp>
			</report>
			<report>
				<misses>20474001</misses>
				<total>45</total>
				<timestamp>6136.058583</timestamp>
			</report>
			<report>
				<misses>20475001</misses>
				<total>45</total>
				<timestamp>6136.358259</timestamp>
			</report>
			<report>
				<misses>20476001</misses>
				<total>45</total>
				<timestamp>6136.658034</timestamp>
			</report>
			<report>
				<misses>20477001</misses>
				<total>45</total>
				<timestamp>6136.957694</timestamp>
			</report>
			<report>
				<misses>20478001</misses>
				<total>45</total>
				<timestamp>6137.257414</timestamp>
			</report>
			<report>
				<misses>20479001</misses>
				<total>45</total>
				<timestamp>6137.557069</timestamp>
			</report>
			<report>
				<misses>20480001</misses>
				<total>45</total>
				<timestamp>6137.856772</timestamp>
			</report>
			<report>
				<misses>20481001</misses>
				<total>45</total>
				<timestamp>6138.156475</timestamp>
			</report>
			<report>
				<misses>20482001</misses>
				<total>45</total>
				<timestamp>6138.456174</timestamp>
			</report>
			<report>
				<misses>20483001</misses>
				<total>44</total>
				<timestamp>6138.756001</timestamp>
			</report>
			<report>
				<misses>20484001</misses>
				<total>45</total>
				<timestamp>6139.055573</timestamp>
			</report>
			<report>
				<misses>20485001</misses>
				<total>45</total>
				<timestamp>6139.355324</timestamp>
			</report>
			<report>
				<misses>20486001</misses>
				<total>45</total>
				<timestamp>6139.655038</timestamp>
			</report>
			<report>
				<misses>20487001</misses>
				<total>45</total>
				<timestamp>6139.954676</timestamp>
			</report>
			<report>
				<misses>20488001</misses>
				<total>45</total>
				<timestamp>6140.254360</timestamp>
			</report>
			<report>
				<misses>20489001</misses>
				<total>45</total>
				<timestamp>6140.554127</timestamp>
			</report>
			<report>
				<misses>20490001</misses>
				<total>45</total>
				<timestamp>6140.853767</timestamp>
			</report>
			<report>
				<misses>20491001</misses>
				<total>45</total>
				<timestamp>6141.153458</timestamp>
			</report>
			<report>
				<misses>20492001</misses>
				<total>45</total>
				<timestamp>6141.453174</timestamp>
			</report>
			<report>
				<misses>20493001</misses>
				<total>45</total>
				<timestamp>6141.752930</timestamp>
			</report>
			<report>
				<misses>20494001</misses>
				<total>45</total>
				<timestamp>6142.052571</timestamp>
			</report>
			<report>
				<misses>20495001</misses>
				<total>45</total>
				<timestamp>6142.352261</timestamp>
			</report>
			<report>
				<misses>20496001</misses>
				<total>45</total>
				<timestamp>6142.652022</timestamp>
			</report>
			<report>
				<misses>20497001</misses>
				<total>45</total>
				<timestamp>6142.951682</timestamp>
			</report>
			<report>
				<misses>20498001</misses>
				<total>45</total>
				<timestamp>6143.251376</timestamp>
			</report>
			<report>
				<misses>20499001</misses>
				<total>45</total>
				<timestamp>6143.551109</timestamp>
			</report>
			<report>
				<misses>20500001</misses>
				<total>45</total>
				<timestamp>6143.850850</timestamp>
			</report>
			<report>
				<misses>20501001</misses>
				<total>45</total>
				<timestamp>6144.150466</timestamp>
			</report>
			<report>
				<misses>20502001</misses>
				<total>45</total>
				<timestamp>6144.450164</timestamp>
			</report>
			<report>
				<misses>20503001</misses>
				<total>45</total>
				<timestamp>6144.749946</timestamp>
			</report>
			<report>
				<misses>20504001</misses>
				<total>45</total>
				<timestamp>6145.049578</timestamp>
			</report>
			<report>
				<misses>20505001</misses>
				<total>45</total>
				<timestamp>6145.349297</timestamp>
			</report>
			<report>
				<misses>20506001</misses>
				<total>45</total>
				<timestamp>6145.649044</timestamp>
			</report>
			<report>
				<misses>20507001</misses>
				<total>45</total>
				<timestamp>6145.948667</timestamp>
			</report>
			<report>
				<misses>20508001</misses>
				<total>45</total>
				<timestamp>6146.248385</timestamp>
			</report>
			<report>
				<misses>20509001</misses>
				<total>45</total>
				<timestamp>6146.548104</timestamp>
			</report>
			<report>
				<misses>20510001</misses>
				<total>45</total>
				<timestamp>6146.847768</timestamp>
			</report>
			<report>
				<misses>20511001</misses>
				<total>45</total>
				<timestamp>6147.147461</timestamp>
			</report>
			<report>
				<misses>20512001</misses>
				<total>45</total>
				<timestamp>6147.447179</timestamp>
			</report>
			<report>
				<misses>20513001</misses>
				<total>45</total>
				<timestamp>6147.746932</timestamp>
			</report>
			<report>
				<misses>20514001</misses>
				<total>45</total>
				<timestamp>6148.046575</timestamp>
			</report>
			<report>
				<misses>20515001</misses>
				<total>45</total>
				<timestamp>6148.346276</timestamp>
			</report>
			<report>
				<misses>20516001</misses>
				<total>45</total>
				<timestamp>6148.645987</timestamp>
			</report>
			<report>
				<misses>20517001</misses>
				<total>45</total>
				<timestamp>6148.945722</timestamp>
			</report>
			<report>
				<misses>20518001</misses>
				<total>45</total>
				<timestamp>6149.245366</timestamp>
			</report>
			<report>
				<misses>20519001</misses>
				<total>45</total>
				<timestamp>6149.545110</timestamp>
			</report>
			<report>
				<misses>20520001</misses>
				<total>44</total>
				<timestamp>6149.844908</timestamp>
			</report>
			<report>
				<misses>20521001</misses>
				<total>45</total>
				<timestamp>6150.144478</timestamp>
			</report>
			<report>
				<misses>20522001</misses>
				<total>45</total>
				<timestamp>6150.444170</timestamp>
			</report>
			<report>
				<misses>20523001</misses>
				<total>45</total>
				<timestamp>6150.743925</timestamp>
			</report>
			<report>
				<misses>20524001</misses>
				<total>45</total>
				<timestamp>6151.043573</timestamp>
			</report>
			<report>
				<misses>20525001</misses>
				<total>45</total>
				<timestamp>6151.343292</timestamp>
			</report>
			<report>
				<misses>20526001</misses>
				<total>45</total>
				<timestamp>6151.643071</timestamp>
			</report>
			<report>
				<misses>20527001</misses>
				<total>45</total>
				<timestamp>6151.942755</timestamp>
			</report>
			<report>
				<misses>20528001</misses>
				<total>45</total>
				<timestamp>6152.242376</timestamp>
			</report>
			<report>
				<misses>20529001</misses>
				<total>45</total>
				<timestamp>6152.542082</timestamp>
			</report>
			<report>
				<misses>20530001</misses>
				<total>45</total>
				<timestamp>6152.841837</timestamp>
			</report>
			<report>
				<misses>20531001</misses>
				<total>45</total>
				<timestamp>6153.141490</timestamp>
			</report>
			<report>
				<misses>20532001</misses>
				<total>45</total>
				<timestamp>6153.441252</timestamp>
			</report>
			<report>
				<misses>20533001</misses>
				<total>45</total>
				<timestamp>6153.740900</timestamp>
			</report>
			<report>
				<misses>20534001</misses>
				<total>45</total>
				<timestamp>6154.040656</timestamp>
			</report>
			<report>
				<misses>20535001</misses>
				<total>45</total>
				<timestamp>6154.340275</timestamp>
			</report>
			<report>
				<misses>20536001</misses>
				<total>45</total>
				<timestamp>6154.640046</timestamp>
			</report>
			<report>
				<misses>20537001</misses>
				<total>45</total>
				<timestamp>6154.939678</timestamp>
			</report>
			<report>
				<misses>20538001</misses>
				<total>45</total>
				<timestamp>6155.239372</timestamp>
			</report>
			<report>
				<misses>20539001</misses>
				<total>45</total>
				<timestamp>6155.539085</timestamp>
			</report>
			<report>
				<misses>20540001</misses>
				<total>45</total>
				<timestamp>6155.838780</timestamp>
			</report>
			<report>
				<misses>20541001</misses>
				<total>45</total>
				<timestamp>6156.138471</timestamp>
			</report>
			<report>
				<misses>20542001</misses>
				<total>45</total>
				<timestamp>6156.438177</timestamp>
			</report>
			<report>
				<misses>20543001</misses>
				<total>45</total>
				<timestamp>6156.737949</timestamp>
			</report>
			<report>
				<misses>20544001</misses>
				<total>45</total>
				<timestamp>6157.037566</timestamp>
			</report>
			<report>
				<misses>20545001</misses>
				<total>45</total>
				<timestamp>6157.337270</timestamp>
			</report>
			<report>
				<misses>20546001</misses>
				<total>45</total>
				<timestamp>6157.637067</timestamp>
			</report>
			<report>
				<misses>20547001</misses>
				<total>45</total>
				<timestamp>6157.936670</timestamp>
			</report>
			<report>
				<misses>20548001</misses>
				<total>45</total>
				<timestamp>6158.236366</timestamp>
			</report>
			<report>
				<misses>20549001</misses>
				<total>45</total>
				<timestamp>6158.536063</timestamp>
			</report>
			<report>
				<misses>20550001</misses>
				<total>44</total>
				<timestamp>6158.835927</timestamp>
			</report>
			<report>
				<misses>20551001</misses>
				<total>45</total>
				<timestamp>6159.135482</timestamp>
			</report>
			<report>
				<misses>20552001</misses>
				<total>45</total>
				<timestamp>6159.435166</timestamp>
			</report>
			<report>
				<misses>20553001</misses>
				<total>45</total>
				<timestamp>6159.734920</timestamp>
			</report>
			<report>
				<misses>20554001</misses>
				<total>45</total>
				<timestamp>6160.034563</timestamp>
			</report>
			<report>
				<misses>20555001</misses>
				<total>45</total>
				<timestamp>6160.334276</timestamp>
			</report>
			<report>
				<misses>20556001</misses>
				<total>45</total>
				<timestamp>6160.634007</timestamp>
			</report>
			<report>
				<misses>20557001</misses>
				<total>45</total>
				<timestamp>6160.933680</timestamp>
			</report>
			<report>
				<misses>20558001</misses>
				<total>45</total>
				<timestamp>6161.233369</timestamp>
			</report>
			<report>
				<misses>20559001</misses>
				<total>45</total>
				<timestamp>6161.533088</timestamp>
			</report>
			<report>
				<misses>20560001</misses>
				<total>45</total>
				<timestamp>6161.832888</timestamp>
			</report>
			<report>
				<misses>20561001</misses>
				<total>45</total>
				<timestamp>6162.132479</timestamp>
			</report>
			<report>
				<misses>20562001</misses>
				<total>45</total>
				<timestamp>6162.432171</timestamp>
			</report>
			<report>
				<misses>20563001</misses>
				<total>44</total>
				<timestamp>6162.731973</timestamp>
			</report>
			<report>
				<misses>20564001</misses>
				<total>45</total>
				<timestamp>6163.031563</timestamp>
			</report>
			<report>
				<misses>20565001</misses>
				<total>45</total>
				<timestamp>6163.331291</timestamp>
			</report>
			<report>
				<misses>20566001</misses>
				<total>45</total>
				<timestamp>6163.630986</timestamp>
			</report>
			<report>
				<misses>20567001</misses>
				<total>45</total>
				<timestamp>6163.930754</timestamp>
			</report>
			<report>
				<misses>20568001</misses>
				<total>45</total>
				<timestamp>6164.230379</timestamp>
			</report>
			<report>
				<misses>20569001</misses>
				<total>45</total>
				<timestamp>6164.530076</timestamp>
			</report>
			<report>
				<misses>20570001</misses>
				<total>45</total>
				<timestamp>6164.829773</timestamp>
			</report>
			<report>
				<misses>20571001</misses>
				<total>45</total>
				<timestamp>6165.129468</timestamp>
			</report>
			<report>
				<misses>20572001</misses>
				<total>45</total>
				<timestamp>6165.429183</timestamp>
			</report>
			<report>
				<misses>20573001</misses>
				<total>45</total>
				<timestamp>6165.728926</timestamp>
			</report>
			<report>
				<misses>20574001</misses>
				<total>45</total>
				<timestamp>6166.028571</timestamp>
			</report>
			<report>
				<misses>20575001</misses>
				<total>45</total>
				<timestamp>6166.328329</timestamp>
			</report>
			<report>
				<misses>20576001</misses>
				<total>45</total>
				<timestamp>6166.628015</timestamp>
			</report>
			<report>
				<misses>20577001</misses>
				<total>45</total>
				<timestamp>6166.927685</timestamp>
			</report>
			<report>
				<misses>20578001</misses>
				<total>45</total>
				<timestamp>6167.227364</timestamp>
			</report>
			<report>
				<misses>20579001</misses>
				<total>45</total>
				<timestamp>6167.527097</timestamp>
			</report>
			<report>
				<misses>20580001</misses>
				<total>45</total>
				<timestamp>6167.826808</timestamp>
			</report>
			<report>
				<misses>20581001</misses>
				<total>45</total>
				<timestamp>6168.126468</timestamp>
			</report>
			<report>
				<misses>20582001</misses>
				<total>45</total>
				<timestamp>6168.426191</timestamp>
			</report>
			<report>
				<misses>20583001</misses>
				<total>45</total>
				<timestamp>6168.725868</timestamp>
			</report>
			<report>
				<misses>20584001</misses>
				<total>45</total>
				<timestamp>6169.025584</timestamp>
			</report>
			<report>
				<misses>20585001</misses>
				<total>45</total>
				<timestamp>6169.325272</timestamp>
			</report>
			<report>
				<misses>20586001</misses>
				<total>45</total>
				<timestamp>6169.624983</timestamp>
			</report>
			<report>
				<misses>20587001</misses>
				<total>45</total>
				<timestamp>6169.924758</timestamp>
			</report>
			<report>
				<misses>20588001</misses>
				<total>45</total>
				<timestamp>6170.224371</timestamp>
			</report>
			<report>
				<misses>20589001</misses>
				<total>45</total>
				<timestamp>6170.524089</timestamp>
			</report>
			<report>
				<misses>20590001</misses>
				<total>45</total>
				<timestamp>6170.823818</timestamp>
			</report>
			<report>
				<misses>20591001</misses>
				<total>45</total>
				<timestamp>6171.123481</timestamp>
			</report>
			<report>
				<misses>20592001</misses>
				<total>44</total>
				<timestamp>6171.423273</timestamp>
			</report>
			<report>
				<misses>20593001</misses>
				<total>45</total>
				<timestamp>6171.722884</timestamp>
			</report>
			<report>
				<misses>20594001</misses>
				<total>44</total>
				<timestamp>6172.022671</timestamp>
			</report>
			<report>
				<misses>20595001</misses>
				<total>45</total>
				<timestamp>6172.322276</timestamp>
			</report>
			<report>
				<misses>20596001</misses>
				<total>45</total>
				<timestamp>6172.621988</timestamp>
			</report>
			<report>
				<misses>20597001</misses>
				<total>45</total>
				<timestamp>6172.921724</timestamp>
			</report>
			<report>
				<misses>20598001</misses>
				<total>45</total>
				<timestamp>6173.221380</timestamp>
			</report>
			<report>
				<misses>20599001</misses>
				<total>45</total>
				<timestamp>6173.521090</timestamp>
			</report>
			<report>
				<misses>20600001</misses>
				<total>45</total>
				<timestamp>6173.820845</timestamp>
			</report>
			<report>
				<misses>20601001</misses>
				<total>45</total>
				<timestamp>6174.120478</timestamp>
			</report>
			<report>
				<misses>20602001</misses>
				<total>45</total>
				<timestamp>6174.420168</timestamp>
			</report>
			<report>
				<misses>20603001</misses>
				<total>45</total>
				<timestamp>6174.719911</timestamp>
			</report>
			<report>
				<misses>20604001</misses>
				<total>45</total>
				<timestamp>6175.019559</timestamp>
			</report>
			<report>
				<misses>20605001</misses>
				<total>45</total>
				<timestamp>6175.319309</timestamp>
			</report>
			<report>
				<misses>20606001</misses>
				<total>45</total>
				<timestamp>6175.618985</timestamp>
			</report>
			<report>
				<misses>20607001</misses>
				<total>45</total>
				<timestamp>6175.918755</timestamp>
			</report>
			<report>
				<misses>20608001</misses>
				<total>45</total>
				<timestamp>6176.218377</timestamp>
			</report>
			<report>
				<misses>20609001</misses>
				<total>45</total>
				<timestamp>6176.518083</timestamp>
			</report>
			<report>
				<misses>20610001</misses>
				<total>45</total>
				<timestamp>6176.817782</timestamp>
			</report>
			<report>
				<misses>20611001</misses>
				<total>45</total>
				<timestamp>6177.117464</timestamp>
			</report>
			<report>
				<misses>20612001</misses>
				<total>45</total>
				<timestamp>6177.417167</timestamp>
			</report>
			<report>
				<misses>20613001</misses>
				<total>45</total>
				<timestamp>6177.716886</timestamp>
			</report>
			<report>
				<misses>20614001</misses>
				<total>45</total>
				<timestamp>6178.016580</timestamp>
			</report>
			<report>
				<misses>20615001</misses>
				<total>45</total>
				<timestamp>6178.316280</timestamp>
			</report>
			<report>
				<misses>20616001</misses>
				<total>45</total>
				<timestamp>6178.615965</timestamp>
			</report>
			<report>
				<misses>20617001</misses>
				<total>45</total>
				<timestamp>6178.915740</timestamp>
			</report>
			<report>
				<misses>20618001</misses>
				<total>45</total>
				<timestamp>6179.215374</timestamp>
			</report>
			<report>
				<misses>20619001</misses>
				<total>45</total>
				<timestamp>6179.515065</timestamp>
			</report>
			<report>
				<misses>20620001</misses>
				<total>45</total>
				<timestamp>6179.814835</timestamp>
			</report>
			<report>
				<misses>20621001</misses>
				<total>45</total>
				<timestamp>6180.114539</timestamp>
			</report>
			<report>
				<misses>20622001</misses>
				<total>45</total>
				<timestamp>6180.414162</timestamp>
			</report>
			<report>
				<misses>20623001</misses>
				<total>45</total>
				<timestamp>6180.713925</timestamp>
			</report>
			<report>
				<misses>20624001</misses>
				<total>45</total>
				<timestamp>6181.013569</timestamp>
			</report>
			<report>
				<misses>20625001</misses>
				<total>45</total>
				<timestamp>6181.313306</timestamp>
			</report>
			<report>
				<misses>20626001</misses>
				<total>45</total>
				<timestamp>6181.612991</timestamp>
			</report>
			<report>
				<misses>20627001</misses>
				<total>45</total>
				<timestamp>6181.912703</timestamp>
			</report>
			<report>
				<misses>20628001</misses>
				<total>45</total>
				<timestamp>6182.212366</timestamp>
			</report>
			<report>
				<misses>20629001</misses>
				<total>45</total>
				<timestamp>6182.512091</timestamp>
			</report>
			<report>
				<misses>20630001</misses>
				<total>45</total>
				<timestamp>6182.811888</timestamp>
			</report>
			<report>
				<misses>20631001</misses>
				<total>45</total>
				<timestamp>6183.111464</timestamp>
			</report>
			<report>
				<misses>20632001</misses>
				<total>45</total>
				<timestamp>6183.411168</timestamp>
			</report>
			<report>
				<misses>20633001</misses>
				<total>45</total>
				<timestamp>6183.710884</timestamp>
			</report>
			<report>
				<misses>20634001</misses>
				<total>45</total>
				<timestamp>6184.010563</timestamp>
			</report>
			<report>
				<misses>20635001</misses>
				<total>45</total>
				<timestamp>6184.310276</timestamp>
			</report>
			<report>
				<misses>20636001</misses>
				<total>45</total>
				<timestamp>6184.610000</timestamp>
			</report>
			<report>
				<misses>20637001</misses>
				<total>45</total>
				<timestamp>6184.909692</timestamp>
			</report>
			<report>
				<misses>20638001</misses>
				<total>45</total>
				<timestamp>6185.209421</timestamp>
			</report>
			<report>
				<misses>20639001</misses>
				<total>45</total>
				<timestamp>6185.509080</timestamp>
			</report>
			<report>
				<misses>20640001</misses>
				<total>45</total>
				<timestamp>6185.808856</timestamp>
			</report>
			<report>
				<misses>20641001</misses>
				<total>45</total>
				<timestamp>6186.108490</timestamp>
			</report>
			<report>
				<misses>20642001</misses>
				<total>45</total>
				<timestamp>6186.408166</timestamp>
			</report>
			<report>
				<misses>20643001</misses>
				<total>45</total>
				<timestamp>6186.707879</timestamp>
			</report>
			<report>
				<misses>20644001</misses>
				<total>45</total>
				<timestamp>6187.007563</timestamp>
			</report>
			<report>
				<misses>20645001</misses>
				<total>45</total>
				<timestamp>6187.307267</timestamp>
			</report>
			<report>
				<misses>20646001</misses>
				<total>45</total>
				<timestamp>6187.607028</timestamp>
			</report>
			<report>
				<misses>20647001</misses>
				<total>45</total>
				<timestamp>6187.906715</timestamp>
			</report>
			<report>
				<misses>20648001</misses>
				<total>45</total>
				<timestamp>6188.206440</timestamp>
			</report>
			<report>
				<misses>20649001</misses>
				<total>45</total>
				<timestamp>6188.506065</timestamp>
			</report>
			<report>
				<misses>20650001</misses>
				<total>45</total>
				<timestamp>6188.805780</timestamp>
			</report>
			<report>
				<misses>20651001</misses>
				<total>45</total>
				<timestamp>6189.105471</timestamp>
			</report>
			<report>
				<misses>20652001</misses>
				<total>45</total>
				<timestamp>6189.405184</timestamp>
			</report>
			<report>
				<misses>20653001</misses>
				<total>45</total>
				<timestamp>6189.704882</timestamp>
			</report>
			<report>
				<misses>20654001</misses>
				<total>45</total>
				<timestamp>6190.004680</timestamp>
			</report>
			<report>
				<misses>20655001</misses>
				<total>45</total>
				<timestamp>6190.304267</timestamp>
			</report>
			<report>
				<misses>20656001</misses>
				<total>45</total>
				<timestamp>6190.603973</timestamp>
			</report>
			<report>
				<misses>20657001</misses>
				<total>45</total>
				<timestamp>6190.903682</timestamp>
			</report>
			<report>
				<misses>20658001</misses>
				<total>45</total>
				<timestamp>6191.203373</timestamp>
			</report>
			<report>
				<misses>20659001</misses>
				<total>45</total>
				<timestamp>6191.503090</timestamp>
			</report>
			<report>
				<misses>20660001</misses>
				<total>45</total>
				<timestamp>6191.802856</timestamp>
			</report>
			<report>
				<misses>20661001</misses>
				<total>45</total>
				<timestamp>6192.102473</timestamp>
			</report>
			<report>
				<misses>20662001</misses>
				<total>45</total>
				<timestamp>6192.402167</timestamp>
			</report>
			<report>
				<misses>20663001</misses>
				<total>45</total>
				<timestamp>6192.701877</timestamp>
			</report>
			<report>
				<misses>20664001</misses>
				<total>45</total>
				<timestamp>6193.001654</timestamp>
			</report>
			<report>
				<misses>20665001</misses>
				<total>45</total>
				<timestamp>6193.301270</timestamp>
			</report>
			<report>
				<misses>20666001</misses>
				<total>45</total>
				<timestamp>6193.600990</timestamp>
			</report>
			<report>
				<misses>20667001</misses>
				<total>45</total>
				<timestamp>6193.900679</timestamp>
			</report>
			<report>
				<misses>20668001</misses>
				<total>45</total>
				<timestamp>6194.200442</timestamp>
			</report>
			<report>
				<misses>20669001</misses>
				<total>45</total>
				<timestamp>6194.500064</timestamp>
			</report>
			<report>
				<misses>20670001</misses>
				<total>45</total>
				<timestamp>6194.799819</timestamp>
			</report>
			<report>
				<misses>20671001</misses>
				<total>45</total>
				<timestamp>6195.099459</timestamp>
			</report>
			<report>
				<misses>20672001</misses>
				<total>45</total>
				<timestamp>6195.399165</timestamp>
			</report>
			<report>
				<misses>20673001</misses>
				<total>45</total>
				<timestamp>6195.698867</timestamp>
			</report>
			<report>
				<misses>20674001</misses>
				<total>45</total>
				<timestamp>6195.998589</timestamp>
			</report>
			<report>
				<misses>20675001</misses>
				<total>45</total>
				<timestamp>6196.298281</timestamp>
			</report>
			<report>
				<misses>20676001</misses>
				<total>45</total>
				<timestamp>6196.597984</timestamp>
			</report>
			<report>
				<misses>20677001</misses>
				<total>45</total>
				<timestamp>6196.897773</timestamp>
			</report>
			<report>
				<misses>20678001</misses>
				<total>45</total>
				<timestamp>6197.197362</timestamp>
			</report>
			<report>
				<misses>20679001</misses>
				<total>45</total>
				<timestamp>6197.497066</timestamp>
			</report>
			<report>
				<misses>20680001</misses>
				<total>45</total>
				<timestamp>6197.796784</timestamp>
			</report>
			<report>
				<misses>20681001</misses>
				<total>45</total>
				<timestamp>6198.096466</timestamp>
			</report>
			<report>
				<misses>20682001</misses>
				<total>45</total>
				<timestamp>6198.396183</timestamp>
			</report>
			<report>
				<misses>20683001</misses>
				<total>45</total>
				<timestamp>6198.695865</timestamp>
			</report>
			<report>
				<misses>20684001</misses>
				<total>45</total>
				<timestamp>6198.995579</timestamp>
			</report>
			<report>
				<misses>20685001</misses>
				<total>45</total>
				<timestamp>6199.295269</timestamp>
			</report>
			<report>
				<misses>20686001</misses>
				<total>45</total>
				<timestamp>6199.594998</timestamp>
			</report>
			<report>
				<misses>20687001</misses>
				<total>45</total>
				<timestamp>6199.894684</timestamp>
			</report>
			<report>
				<misses>20688001</misses>
				<total>45</total>
				<timestamp>6200.194366</timestamp>
			</report>
			<report>
				<misses>20689001</misses>
				<total>45</total>
				<timestamp>6200.494086</timestamp>
			</report>
			<report>
				<misses>20690001</misses>
				<total>45</total>
				<timestamp>6200.793779</timestamp>
			</report>
			<report>
				<misses>20691001</misses>
				<total>45</total>
				<timestamp>6201.093456</timestamp>
			</report>
			<report>
				<misses>20692001</misses>
				<total>45</total>
				<timestamp>6201.393159</timestamp>
			</report>
			<report>
				<misses>20693001</misses>
				<total>44</total>
				<timestamp>6201.692985</timestamp>
			</report>
			<report>
				<misses>20694001</misses>
				<total>44</total>
				<timestamp>6201.992687</timestamp>
			</report>
			<report>
				<misses>20695001</misses>
				<total>45</total>
				<timestamp>6202.292323</timestamp>
			</report>
			<report>
				<misses>20696001</misses>
				<total>45</total>
				<timestamp>6202.591998</timestamp>
			</report>
			<report>
				<misses>20697001</misses>
				<total>45</total>
				<timestamp>6202.891725</timestamp>
			</report>
			<report>
				<misses>20698001</misses>
				<total>45</total>
				<timestamp>6203.191391</timestamp>
			</report>
			<report>
				<misses>20699001</misses>
				<total>45</total>
				<timestamp>6203.491074</timestamp>
			</report>
			<report>
				<misses>20700001</misses>
				<total>45</total>
				<timestamp>6203.790789</timestamp>
			</report>
			<report>
				<misses>20701001</misses>
				<total>45</total>
				<timestamp>6204.090494</timestamp>
			</report>
			<report>
				<misses>20702001</misses>
				<total>45</total>
				<timestamp>6204.390181</timestamp>
			</report>
			<report>
				<misses>20703001</misses>
				<total>45</total>
				<timestamp>6204.689864</timestamp>
			</report>
			<report>
				<misses>20704001</misses>
				<total>45</total>
				<timestamp>6204.989620</timestamp>
			</report>
			<report>
				<misses>20705001</misses>
				<total>45</total>
				<timestamp>6205.289269</timestamp>
			</report>
			<report>
				<misses>20706001</misses>
				<total>45</total>
				<timestamp>6205.588995</timestamp>
			</report>
			<report>
				<misses>20707001</misses>
				<total>45</total>
				<timestamp>6205.888747</timestamp>
			</report>
			<report>
				<misses>20708001</misses>
				<total>45</total>
				<timestamp>6206.188371</timestamp>
			</report>
			<report>
				<misses>20709001</misses>
				<total>45</total>
				<timestamp>6206.488098</timestamp>
			</report>
			<report>
				<misses>20710001</misses>
				<total>45</total>
				<timestamp>6206.787777</timestamp>
			</report>
			<report>
				<misses>20711001</misses>
				<total>45</total>
				<timestamp>6207.087483</timestamp>
			</report>
			<report>
				<misses>20712001</misses>
				<total>45</total>
				<timestamp>6207.387178</timestamp>
			</report>
			<report>
				<misses>20713001</misses>
				<total>45</total>
				<timestamp>6207.686873</timestamp>
			</report>
			<report>
				<misses>20714001</misses>
				<total>45</total>
				<timestamp>6207.986677</timestamp>
			</report>
			<report>
				<misses>20715001</misses>
				<total>45</total>
				<timestamp>6208.286300</timestamp>
			</report>
			<report>
				<misses>20716001</misses>
				<total>45</total>
				<timestamp>6208.586007</timestamp>
			</report>
			<report>
				<misses>20717001</misses>
				<total>45</total>
				<timestamp>6208.885730</timestamp>
			</report>
			<report>
				<misses>20718001</misses>
				<total>45</total>
				<timestamp>6209.185367</timestamp>
			</report>
			<report>
				<misses>20719001</misses>
				<total>45</total>
				<timestamp>6209.485060</timestamp>
			</report>
			<report>
				<misses>20720001</misses>
				<total>45</total>
				<timestamp>6209.784772</timestamp>
			</report>
			<report>
				<misses>20721001</misses>
				<total>45</total>
				<timestamp>6210.084558</timestamp>
			</report>
			<report>
				<misses>20722001</misses>
				<total>45</total>
				<timestamp>6210.384170</timestamp>
			</report>
			<report>
				<misses>20723001</misses>
				<total>45</total>
				<timestamp>6210.683924</timestamp>
			</report>
			<report>
				<misses>20724001</misses>
				<total>45</total>
				<timestamp>6210.983596</timestamp>
			</report>
			<report>
				<misses>20725001</misses>
				<total>45</total>
				<timestamp>6211.283284</timestamp>
			</report>
			<report>
				<misses>20726001</misses>
				<total>45</total>
				<timestamp>6211.583025</timestamp>
			</report>
			<report>
				<misses>20727001</misses>
				<total>45</total>
				<timestamp>6211.882710</timestamp>
			</report>
			<report>
				<misses>20728001</misses>
				<total>45</total>
				<timestamp>6212.182380</timestamp>
			</report>
			<report>
				<misses>20729001</misses>
				<total>45</total>
				<timestamp>6212.482077</timestamp>
			</report>
			<report>
				<misses>20730001</misses>
				<total>45</total>
				<timestamp>6212.781791</timestamp>
			</report>
			<report>
				<misses>20731001</misses>
				<total>45</total>
				<timestamp>6213.081575</timestamp>
			</report>
			<report>
				<misses>20732001</misses>
				<total>45</total>
				<timestamp>6213.381170</timestamp>
			</report>
			<report>
				<misses>20733001</misses>
				<total>45</total>
				<timestamp>6213.680869</timestamp>
			</report>
			<report>
				<misses>20734001</misses>
				<total>45</total>
				<timestamp>6213.980711</timestamp>
			</report>
			<report>
				<misses>20735001</misses>
				<total>45</total>
				<timestamp>6214.280328</timestamp>
			</report>
			<report>
				<misses>20736001</misses>
				<total>45</total>
				<timestamp>6214.579998</timestamp>
			</report>
			<report>
				<misses>20737001</misses>
				<total>45</total>
				<timestamp>6214.879749</timestamp>
			</report>
			<report>
				<misses>20738001</misses>
				<total>45</total>
				<timestamp>6215.179367</timestamp>
			</report>
			<report>
				<misses>20739001</misses>
				<total>45</total>
				<timestamp>6215.479067</timestamp>
			</report>
			<report>
				<misses>20740001</misses>
				<total>45</total>
				<timestamp>6215.778777</timestamp>
			</report>
			<report>
				<misses>20741001</misses>
				<total>45</total>
				<timestamp>6216.078491</timestamp>
			</report>
			<report>
				<misses>20742001</misses>
				<total>45</total>
				<timestamp>6216.378160</timestamp>
			</report>
			<report>
				<misses>20743001</misses>
				<total>45</total>
				<timestamp>6216.677873</timestamp>
			</report>
			<report>
				<misses>20744001</misses>
				<total>45</total>
				<timestamp>6216.977679</timestamp>
			</report>
			<report>
				<misses>20745001</misses>
				<total>45</total>
				<timestamp>6217.277266</timestamp>
			</report>
			<report>
				<misses>20746001</misses>
				<total>45</total>
				<timestamp>6217.576997</timestamp>
			</report>
			<report>
				<misses>20747001</misses>
				<total>45</total>
				<timestamp>6217.876671</timestamp>
			</report>
			<report>
				<misses>20748001</misses>
				<total>45</total>
				<timestamp>6218.176361</timestamp>
			</report>
			<report>
				<misses>20749001</misses>
				<total>45</total>
				<timestamp>6218.476067</timestamp>
			</report>
			<report>
				<misses>20750001</misses>
				<total>45</total>
				<timestamp>6218.775800</timestamp>
			</report>
			<report>
				<misses>20751001</misses>
				<total>45</total>
				<timestamp>6219.075513</timestamp>
			</report>
			<report>
				<misses>20752001</misses>
				<total>45</total>
				<timestamp>6219.375220</timestamp>
			</report>
			<report>
				<misses>20753001</misses>
				<total>45</total>
				<timestamp>6219.674896</timestamp>
			</report>
			<report>
				<misses>20754001</misses>
				<total>45</total>
				<timestamp>6219.974672</timestamp>
			</report>
			<report>
				<misses>20755001</misses>
				<total>45</total>
				<timestamp>6220.274278</timestamp>
			</report>
			<report>
				<misses>20756001</misses>
				<total>45</total>
				<timestamp>6220.573986</timestamp>
			</report>
			<report>
				<misses>20757001</misses>
				<total>45</total>
				<timestamp>6220.873697</timestamp>
			</report>
			<report>
				<misses>20758001</misses>
				<total>44</total>
				<timestamp>6221.173527</timestamp>
			</report>
			<report>
				<misses>20759001</misses>
				<total>45</total>
				<timestamp>6221.473069</timestamp>
			</report>
			<report>
				<misses>20760001</misses>
				<total>45</total>
				<timestamp>6221.772766</timestamp>
			</report>
			<report>
				<misses>20761001</misses>
				<total>45</total>
				<timestamp>6222.072491</timestamp>
			</report>
			<report>
				<misses>20762001</misses>
				<total>45</total>
				<timestamp>6222.372164</timestamp>
			</report>
			<report>
				<misses>20763001</misses>
				<total>45</total>
				<timestamp>6222.671875</timestamp>
			</report>
			<report>
				<misses>20764001</misses>
				<total>45</total>
				<timestamp>6222.971606</timestamp>
			</report>
			<report>
				<misses>20765001</misses>
				<total>45</total>
				<timestamp>6223.271274</timestamp>
			</report>
			<report>
				<misses>20766001</misses>
				<total>45</total>
				<timestamp>6223.570986</timestamp>
			</report>
			<report>
				<misses>20767001</misses>
				<total>45</total>
				<timestamp>6223.870689</timestamp>
			</report>
			<report>
				<misses>20768001</misses>
				<total>45</total>
				<timestamp>6224.170391</timestamp>
			</report>
			<report>
				<misses>20769001</misses>
				<total>45</total>
				<timestamp>6224.470072</timestamp>
			</report>
			<report>
				<misses>20770001</misses>
				<total>45</total>
				<timestamp>6224.769769</timestamp>
			</report>
			<report>
				<misses>20771001</misses>
				<total>44</total>
				<timestamp>6225.069580</timestamp>
			</report>
			<report>
				<misses>20772001</misses>
				<total>45</total>
				<timestamp>6225.369191</timestamp>
			</report>
			<report>
				<misses>20773001</misses>
				<total>45</total>
				<timestamp>6225.668883</timestamp>
			</report>
			<report>
				<misses>20774001</misses>
				<total>45</total>
				<timestamp>6225.968587</timestamp>
			</report>
			<report>
				<misses>20775001</misses>
				<total>45</total>
				<timestamp>6226.268261</timestamp>
			</report>
			<report>
				<misses>20776001</misses>
				<total>45</total>
				<timestamp>6226.567981</timestamp>
			</report>
			<report>
				<misses>20777001</misses>
				<total>45</total>
				<timestamp>6226.867723</timestamp>
			</report>
			<report>
				<misses>20778001</misses>
				<total>45</total>
				<timestamp>6227.167379</timestamp>
			</report>
			<report>
				<misses>20779001</misses>
				<total>45</total>
				<timestamp>6227.467067</timestamp>
			</report>
			<report>
				<misses>20780001</misses>
				<total>45</total>
				<timestamp>6227.766797</timestamp>
			</report>
			<report>
				<misses>20781001</misses>
				<total>45</total>
				<timestamp>6228.066516</timestamp>
			</report>
			<report>
				<misses>20782001</misses>
				<total>45</total>
				<timestamp>6228.366183</timestamp>
			</report>
			<report>
				<misses>20783001</misses>
				<total>45</total>
				<timestamp>6228.665876</timestamp>
			</report>
			<report>
				<misses>20784001</misses>
				<total>45</total>
				<timestamp>6228.965631</timestamp>
			</report>
			<report>
				<misses>20785001</misses>
				<total>45</total>
				<timestamp>6229.265261</timestamp>
			</report>
			<report>
				<misses>20786001</misses>
				<total>45</total>
				<timestamp>6229.565007</timestamp>
			</report>
			<report>
				<misses>20787001</misses>
				<total>45</total>
				<timestamp>6229.864729</timestamp>
			</report>
			<report>
				<misses>20788001</misses>
				<total>45</total>
				<timestamp>6230.164467</timestamp>
			</report>
			<report>
				<misses>20789001</misses>
				<total>45</total>
				<timestamp>6230.464082</timestamp>
			</report>
			<report>
				<misses>20790001</misses>
				<total>45</total>
				<timestamp>6230.763766</timestamp>
			</report>
			<report>
				<misses>20791001</misses>
				<total>45</total>
				<timestamp>6231.063612</timestamp>
			</report>
			<report>
				<misses>20792001</misses>
				<total>45</total>
				<timestamp>6231.363185</timestamp>
			</report>
			<report>
				<misses>20793001</misses>
				<total>45</total>
				<timestamp>6231.662938</timestamp>
			</report>
			<report>
				<misses>20794001</misses>
				<total>47</total>
				<timestamp>6231.962601</timestamp>
			</report>
			<report>
				<misses>20795001</misses>
				<total>47</total>
				<timestamp>6232.262265</timestamp>
			</report>
			<report>
				<misses>20796001</misses>
				<total>47</total>
				<timestamp>6232.561985</timestamp>
			</report>
			<report>
				<misses>20797001</misses>
				<total>47</total>
				<timestamp>6232.861675</timestamp>
			</report>
			<report>
				<misses>20798001</misses>
				<total>47</total>
				<timestamp>6233.161447</timestamp>
			</report>
			<report>
				<misses>20799001</misses>
				<total>47</total>
				<timestamp>6233.461088</timestamp>
			</report>
			<report>
				<misses>20800001</misses>
				<total>47</total>
				<timestamp>6233.760843</timestamp>
			</report>
			<report>
				<misses>20801001</misses>
				<total>47</total>
				<timestamp>6234.060557</timestamp>
			</report>
			<report>
				<misses>20802001</misses>
				<total>47</total>
				<timestamp>6234.360173</timestamp>
			</report>
			<report>
				<misses>20803001</misses>
				<total>47</total>
				<timestamp>6234.659885</timestamp>
			</report>
			<report>
				<misses>20804001</misses>
				<total>47</total>
				<timestamp>6234.959580</timestamp>
			</report>
			<report>
				<misses>20805001</misses>
				<total>47</total>
				<timestamp>6235.259268</timestamp>
			</report>
			<report>
				<misses>20806001</misses>
				<total>47</total>
				<timestamp>6235.559056</timestamp>
			</report>
			<report>
				<misses>20807001</misses>
				<total>47</total>
				<timestamp>6235.858681</timestamp>
			</report>
			<report>
				<misses>20808001</misses>
				<total>47</total>
				<timestamp>6236.158402</timestamp>
			</report>
			<report>
				<misses>20809001</misses>
				<total>47</total>
				<timestamp>6236.458070</timestamp>
			</report>
			<report>
				<misses>20810001</misses>
				<total>47</total>
				<timestamp>6236.757760</timestamp>
			</report>
			<report>
				<misses>20811001</misses>
				<total>47</total>
				<timestamp>6237.057547</timestamp>
			</report>
			<report>
				<misses>20812001</misses>
				<total>47</total>
				<timestamp>6237.357255</timestamp>
			</report>
			<report>
				<misses>20813001</misses>
				<total>47</total>
				<timestamp>6237.656879</timestamp>
			</report>
			<report>
				<misses>20814001</misses>
				<total>47</total>
				<timestamp>6237.956562</timestamp>
			</report>
			<report>
				<misses>20815001</misses>
				<total>47</total>
				<timestamp>6238.256268</timestamp>
			</report>
			<report>
				<misses>20816001</misses>
				<total>47</total>
				<timestamp>6238.555982</timestamp>
			</report>
			<report>
				<misses>20817001</misses>
				<total>47</total>
				<timestamp>6238.855711</timestamp>
			</report>
			<report>
				<misses>20818001</misses>
				<total>47</total>
				<timestamp>6239.155392</timestamp>
			</report>
			<report>
				<misses>20819001</misses>
				<total>47</total>
				<timestamp>6239.455080</timestamp>
			</report>
			<report>
				<misses>20820001</misses>
				<total>47</total>
				<timestamp>6239.754784</timestamp>
			</report>
			<report>
				<misses>20821001</misses>
				<total>47</total>
				<timestamp>6240.054484</timestamp>
			</report>
			<report>
				<misses>20822001</misses>
				<total>47</total>
				<timestamp>6240.354189</timestamp>
			</report>
			<report>
				<misses>20823001</misses>
				<total>47</total>
				<timestamp>6240.653872</timestamp>
			</report>
			<report>
				<misses>20824001</misses>
				<total>47</total>
				<timestamp>6240.953583</timestamp>
			</report>
			<report>
				<misses>20825001</misses>
				<total>47</total>
				<timestamp>6241.253399</timestamp>
			</report>
			<report>
				<misses>20826001</misses>
				<total>47</total>
				<timestamp>6241.552997</timestamp>
			</report>
			<report>
				<misses>20827001</misses>
				<total>47</total>
				<timestamp>6241.852674</timestamp>
			</report>
			<report>
				<misses>20828001</misses>
				<total>46</total>
				<timestamp>6242.152481</timestamp>
			</report>
			<report>
				<misses>20829001</misses>
				<total>47</total>
				<timestamp>6242.452081</timestamp>
			</report>
			<report>
				<misses>20830001</misses>
				<total>47</total>
				<timestamp>6242.751827</timestamp>
			</report>
			<report>
				<misses>20831001</misses>
				<total>47</total>
				<timestamp>6243.051543</timestamp>
			</report>
			<report>
				<misses>20832001</misses>
				<total>47</total>
				<timestamp>6243.351162</timestamp>
			</report>
			<report>
				<misses>20833001</misses>
				<total>47</total>
				<timestamp>6243.650883</timestamp>
			</report>
			<report>
				<misses>20834001</misses>
				<total>47</total>
				<timestamp>6243.950560</timestamp>
			</report>
			<report>
				<misses>20835001</misses>
				<total>47</total>
				<timestamp>6244.250285</timestamp>
			</report>
			<report>
				<misses>20836001</misses>
				<total>47</total>
				<timestamp>6244.549987</timestamp>
			</report>
			<report>
				<misses>20837001</misses>
				<total>47</total>
				<timestamp>6244.849723</timestamp>
			</report>
			<report>
				<misses>20838001</misses>
				<total>47</total>
				<timestamp>6245.149392</timestamp>
			</report>
			<report>
				<misses>20839001</misses>
				<total>47</total>
				<timestamp>6245.449083</timestamp>
			</report>
			<report>
				<misses>20840001</misses>
				<total>47</total>
				<timestamp>6245.748772</timestamp>
			</report>
			<report>
				<misses>20841001</misses>
				<total>47</total>
				<timestamp>6246.048547</timestamp>
			</report>
			<report>
				<misses>20842001</misses>
				<total>47</total>
				<timestamp>6246.348238</timestamp>
			</report>
			<report>
				<misses>20843001</misses>
				<total>47</total>
				<timestamp>6246.647862</timestamp>
			</report>
			<report>
				<misses>20844001</misses>
				<total>47</total>
				<timestamp>6246.947597</timestamp>
			</report>
			<report>
				<misses>20845001</misses>
				<total>47</total>
				<timestamp>6247.247354</timestamp>
			</report>
			<report>
				<misses>20846001</misses>
				<total>47</total>
				<timestamp>6247.546972</timestamp>
			</report>
			<report>
				<misses>20847001</misses>
				<total>47</total>
				<timestamp>6247.846716</timestamp>
			</report>
			<report>
				<misses>20848001</misses>
				<total>47</total>
				<timestamp>6248.146459</timestamp>
			</report>
			<report>
				<misses>20849001</misses>
				<total>47</total>
				<timestamp>6248.446081</timestamp>
			</report>
			<report>
				<misses>20850001</misses>
				<total>47</total>
				<timestamp>6248.745780</timestamp>
			</report>
			<report>
				<misses>20851001</misses>
				<total>47</total>
				<timestamp>6249.045515</timestamp>
			</report>
			<report>
				<misses>20852001</misses>
				<total>47</total>
				<timestamp>6249.345191</timestamp>
			</report>
			<report>
				<misses>20853001</misses>
				<total>47</total>
				<timestamp>6249.644882</timestamp>
			</report>
			<report>
				<misses>20854001</misses>
				<total>47</total>
				<timestamp>6249.944593</timestamp>
			</report>
			<report>
				<misses>20855001</misses>
				<total>47</total>
				<timestamp>6250.244324</timestamp>
			</report>
			<report>
				<misses>20856001</misses>
				<total>47</total>
				<timestamp>6250.544030</timestamp>
			</report>
			<report>
				<misses>20857001</misses>
				<total>47</total>
				<timestamp>6250.843684</timestamp>
			</report>
			<report>
				<misses>20858001</misses>
				<total>47</total>
				<timestamp>6251.143421</timestamp>
			</report>
			<report>
				<misses>20859001</misses>
				<total>46</total>
				<timestamp>6251.443184</timestamp>
			</report>
			<report>
				<misses>20860001</misses>
				<total>47</total>
				<timestamp>6251.742777</timestamp>
			</report>
			<report>
				<misses>20861001</misses>
				<total>47</total>
				<timestamp>6252.042521</timestamp>
			</report>
			<report>
				<misses>20862001</misses>
				<total>47</total>
				<timestamp>6252.342181</timestamp>
			</report>
			<report>
				<misses>20863001</misses>
				<total>47</total>
				<timestamp>6252.641898</timestamp>
			</report>
			<report>
				<misses>20864001</misses>
				<total>47</total>
				<timestamp>6252.941576</timestamp>
			</report>
			<report>
				<misses>20865001</misses>
				<total>47</total>
				<timestamp>6253.241351</timestamp>
			</report>
			<report>
				<misses>20866001</misses>
				<total>47</total>
				<timestamp>6253.541004</timestamp>
			</report>
			<report>
				<misses>20867001</misses>
				<total>47</total>
				<timestamp>6253.840687</timestamp>
			</report>
			<report>
				<misses>20868001</misses>
				<total>47</total>
				<timestamp>6254.140379</timestamp>
			</report>
			<report>
				<misses>20869001</misses>
				<total>47</total>
				<timestamp>6254.440083</timestamp>
			</report>
			<report>
				<misses>20870001</misses>
				<total>47</total>
				<timestamp>6254.739772</timestamp>
			</report>
			<report>
				<misses>20871001</misses>
				<total>47</total>
				<timestamp>6255.039488</timestamp>
			</report>
			<report>
				<misses>20872001</misses>
				<total>47</total>
				<timestamp>6255.339171</timestamp>
			</report>
			<report>
				<misses>20873001</misses>
				<total>47</total>
				<timestamp>6255.638874</timestamp>
			</report>
			<report>
				<misses>20874001</misses>
				<total>47</total>
				<timestamp>6255.938568</timestamp>
			</report>
			<report>
				<misses>20875001</misses>
				<total>47</total>
				<timestamp>6256.238302</timestamp>
			</report>
			<report>
				<misses>20876001</misses>
				<total>47</total>
				<timestamp>6256.538011</timestamp>
			</report>
			<report>
				<misses>20877001</misses>
				<total>47</total>
				<timestamp>6256.837706</timestamp>
			</report>
			<report>
				<misses>20878001</misses>
				<total>47</total>
				<timestamp>6257.137383</timestamp>
			</report>
			<report>
				<misses>20879001</misses>
				<total>47</total>
				<timestamp>6257.437076</timestamp>
			</report>
			<report>
				<misses>20880001</misses>
				<total>47</total>
				<timestamp>6257.736768</timestamp>
			</report>
			<report>
				<misses>20881001</misses>
				<total>47</total>
				<timestamp>6258.036531</timestamp>
			</report>
			<report>
				<misses>20882001</misses>
				<total>47</total>
				<timestamp>6258.336184</timestamp>
			</report>
			<report>
				<misses>20883001</misses>
				<total>47</total>
				<timestamp>6258.635866</timestamp>
			</report>
			<report>
				<misses>20884001</misses>
				<total>47</total>
				<timestamp>6258.935622</timestamp>
			</report>
			<report>
				<misses>20885001</misses>
				<total>47</total>
				<timestamp>6259.235274</timestamp>
			</report>
			<report>
				<misses>20886001</misses>
				<total>47</total>
				<timestamp>6259.535010</timestamp>
			</report>
			<report>
				<misses>20887001</misses>
				<total>47</total>
				<timestamp>6259.834674</timestamp>
			</report>
			<report>
				<misses>20888001</misses>
				<total>47</total>
				<timestamp>6260.134382</timestamp>
			</report>
			<report>
				<misses>20889001</misses>
				<total>47</total>
				<timestamp>6260.434135</timestamp>
			</report>
			<report>
				<misses>20890001</misses>
				<total>47</total>
				<timestamp>6260.733783</timestamp>
			</report>
			<report>
				<misses>20891001</misses>
				<total>47</total>
				<timestamp>6261.033473</timestamp>
			</report>
			<report>
				<misses>20892001</misses>
				<total>47</total>
				<timestamp>6261.333177</timestamp>
			</report>
			<report>
				<misses>20893001</misses>
				<total>47</total>
				<timestamp>6261.632885</timestamp>
			</report>
			<report>
				<misses>20894001</misses>
				<total>47</total>
				<timestamp>6261.932561</timestamp>
			</report>
			<report>
				<misses>20895001</misses>
				<total>47</total>
				<timestamp>6262.232355</timestamp>
			</report>
			<report>
				<misses>20896001</misses>
				<total>47</total>
				<timestamp>6262.531987</timestamp>
			</report>
			<report>
				<misses>20897001</misses>
				<total>47</total>
				<timestamp>6262.831670</timestamp>
			</report>
			<report>
				<misses>20898001</misses>
				<total>47</total>
				<timestamp>6263.131441</timestamp>
			</report>
			<report>
				<misses>20899001</misses>
				<total>47</total>
				<timestamp>6263.431138</timestamp>
			</report>
			<report>
				<misses>20900001</misses>
				<total>47</total>
				<timestamp>6263.730765</timestamp>
			</report>
			<report>
				<misses>20901001</misses>
				<total>47</total>
				<timestamp>6264.030465</timestamp>
			</report>
			<report>
				<misses>20902001</misses>
				<total>47</total>
				<timestamp>6264.330172</timestamp>
			</report>
			<report>
				<misses>20903001</misses>
				<total>47</total>
				<timestamp>6264.629872</timestamp>
			</report>
			<report>
				<misses>20904001</misses>
				<total>47</total>
				<timestamp>6264.929599</timestamp>
			</report>
			<report>
				<misses>20905001</misses>
				<total>47</total>
				<timestamp>6265.229291</timestamp>
			</report>
			<report>
				<misses>20906001</misses>
				<total>47</total>
				<timestamp>6265.528997</timestamp>
			</report>
			<report>
				<misses>20907001</misses>
				<total>47</total>
				<timestamp>6265.828770</timestamp>
			</report>
			<report>
				<misses>20908001</misses>
				<total>47</total>
				<timestamp>6266.128380</timestamp>
			</report>
			<report>
				<misses>20909001</misses>
				<total>47</total>
				<timestamp>6266.428061</timestamp>
			</report>
			<report>
				<misses>20910001</misses>
				<total>47</total>
				<timestamp>6266.727773</timestamp>
			</report>
			<report>
				<misses>20911001</misses>
				<total>47</total>
				<timestamp>6267.027462</timestamp>
			</report>
			<report>
				<misses>20912001</misses>
				<total>47</total>
				<timestamp>6267.327245</timestamp>
			</report>
			<report>
				<misses>20913001</misses>
				<total>47</total>
				<timestamp>6267.626865</timestamp>
			</report>
			<report>
				<misses>20914001</misses>
				<total>47</total>
				<timestamp>6267.926635</timestamp>
			</report>
			<report>
				<misses>20915001</misses>
				<total>47</total>
				<timestamp>6268.226286</timestamp>
			</report>
			<report>
				<misses>20916001</misses>
				<total>47</total>
				<timestamp>6268.526013</timestamp>
			</report>
			<report>
				<misses>20917001</misses>
				<total>47</total>
				<timestamp>6268.825685</timestamp>
			</report>
			<report>
				<misses>20918001</misses>
				<total>47</total>
				<timestamp>6269.125392</timestamp>
			</report>
			<report>
				<misses>20919001</misses>
				<total>47</total>
				<timestamp>6269.425072</timestamp>
			</report>
			<report>
				<misses>20920001</misses>
				<total>47</total>
				<timestamp>6269.724817</timestamp>
			</report>
			<report>
				<misses>20921001</misses>
				<total>47</total>
				<timestamp>6270.024464</timestamp>
			</report>
			<report>
				<misses>20922001</misses>
				<total>47</total>
				<timestamp>6270.324214</timestamp>
			</report>
			<report>
				<misses>20923001</misses>
				<total>47</total>
				<timestamp>6270.623925</timestamp>
			</report>
			<report>
				<misses>20924001</misses>
				<total>47</total>
				<timestamp>6270.923579</timestamp>
			</report>
			<report>
				<misses>20925001</misses>
				<total>46</total>
				<timestamp>6271.223374</timestamp>
			</report>
			<report>
				<misses>20926001</misses>
				<total>47</total>
				<timestamp>6271.522990</timestamp>
			</report>
			<report>
				<misses>20927001</misses>
				<total>47</total>
				<timestamp>6271.822667</timestamp>
			</report>
			<report>
				<misses>20928001</misses>
				<total>47</total>
				<timestamp>6272.122365</timestamp>
			</report>
			<report>
				<misses>20929001</misses>
				<total>47</total>
				<timestamp>6272.422078</timestamp>
			</report>
			<report>
				<misses>20930001</misses>
				<total>47</total>
				<timestamp>6272.721781</timestamp>
			</report>
			<report>
				<misses>20931001</misses>
				<total>47</total>
				<timestamp>6273.021502</timestamp>
			</report>
			<report>
				<misses>20932001</misses>
				<total>47</total>
				<timestamp>6273.321188</timestamp>
			</report>
			<report>
				<misses>20933001</misses>
				<total>47</total>
				<timestamp>6273.620919</timestamp>
			</report>
			<report>
				<misses>20934001</misses>
				<total>47</total>
				<timestamp>6273.920607</timestamp>
			</report>
			<report>
				<misses>20935001</misses>
				<total>47</total>
				<timestamp>6274.220299</timestamp>
			</report>
			<report>
				<misses>20936001</misses>
				<total>47</total>
				<timestamp>6274.519986</timestamp>
			</report>
			<report>
				<misses>20937001</misses>
				<total>47</total>
				<timestamp>6274.819700</timestamp>
			</report>
			<report>
				<misses>20938001</misses>
				<total>47</total>
				<timestamp>6275.119388</timestamp>
			</report>
			<report>
				<misses>20939001</misses>
				<total>47</total>
				<timestamp>6275.419100</timestamp>
			</report>
			<report>
				<misses>20940001</misses>
				<total>47</total>
				<timestamp>6275.718806</timestamp>
			</report>
			<report>
				<misses>20941001</misses>
				<total>47</total>
				<timestamp>6276.018470</timestamp>
			</report>
			<report>
				<misses>20942001</misses>
				<total>47</total>
				<timestamp>6276.318232</timestamp>
			</report>
			<report>
				<misses>20943001</misses>
				<total>47</total>
				<timestamp>6276.617896</timestamp>
			</report>
			<report>
				<misses>20944001</misses>
				<total>47</total>
				<timestamp>6276.917559</timestamp>
			</report>
			<report>
				<misses>20945001</misses>
				<total>47</total>
				<timestamp>6277.217283</timestamp>
			</report>
			<report>
				<misses>20946001</misses>
				<total>47</total>
				<timestamp>6277.516993</timestamp>
			</report>
			<report>
				<misses>20947001</misses>
				<total>47</total>
				<timestamp>6277.816713</timestamp>
			</report>
			<report>
				<misses>20948001</misses>
				<total>47</total>
				<timestamp>6278.116363</timestamp>
			</report>
			<report>
				<misses>20949001</misses>
				<total>47</total>
				<timestamp>6278.416121</timestamp>
			</report>
			<report>
				<misses>20950001</misses>
				<total>47</total>
				<timestamp>6278.715826</timestamp>
			</report>
			<report>
				<misses>20951001</misses>
				<total>47</total>
				<timestamp>6279.015474</timestamp>
			</report>
			<report>
				<misses>20952001</misses>
				<total>47</total>
				<timestamp>6279.315199</timestamp>
			</report>
			<report>
				<misses>20953001</misses>
				<total>47</total>
				<timestamp>6279.614872</timestamp>
			</report>
			<report>
				<misses>20954001</misses>
				<total>46</total>
				<timestamp>6279.914660</timestamp>
			</report>
			<report>
				<misses>20955001</misses>
				<total>47</total>
				<timestamp>6280.214305</timestamp>
			</report>
			<report>
				<misses>20956001</misses>
				<total>47</total>
				<timestamp>6280.513995</timestamp>
			</report>
			<report>
				<misses>20957001</misses>
				<total>47</total>
				<timestamp>6280.813672</timestamp>
			</report>
			<report>
				<misses>20958001</misses>
				<total>47</total>
				<timestamp>6281.113389</timestamp>
			</report>
			<report>
				<misses>20959001</misses>
				<total>46</total>
				<timestamp>6281.413174</timestamp>
			</report>
			<report>
				<misses>20960001</misses>
				<total>47</total>
				<timestamp>6281.712840</timestamp>
			</report>
			<report>
				<misses>20961001</misses>
				<total>47</total>
				<timestamp>6282.012509</timestamp>
			</report>
			<report>
				<misses>20962001</misses>
				<total>46</total>
				<timestamp>6282.312283</timestamp>
			</report>
			<report>
				<misses>20963001</misses>
				<total>47</total>
				<timestamp>6282.611885</timestamp>
			</report>
			<report>
				<misses>20964001</misses>
				<total>47</total>
				<timestamp>6282.911582</timestamp>
			</report>
			<report>
				<misses>20965001</misses>
				<total>47</total>
				<timestamp>6283.211283</timestamp>
			</report>
			<report>
				<misses>20966001</misses>
				<total>47</total>
				<timestamp>6283.511109</timestamp>
			</report>
			<report>
				<misses>20967001</misses>
				<total>47</total>
				<timestamp>6283.810668</timestamp>
			</report>
			<report>
				<misses>20968001</misses>
				<total>47</total>
				<timestamp>6284.110413</timestamp>
			</report>
			<report>
				<misses>20969001</misses>
				<total>47</total>
				<timestamp>6284.410116</timestamp>
			</report>
			<report>
				<misses>20970001</misses>
				<total>47</total>
				<timestamp>6284.709773</timestamp>
			</report>
			<report>
				<misses>20971001</misses>
				<total>47</total>
				<timestamp>6285.009467</timestamp>
			</report>
			<report>
				<misses>20972001</misses>
				<total>46</total>
				<timestamp>6285.309277</timestamp>
			</report>
			<report>
				<misses>20973001</misses>
				<total>47</total>
				<timestamp>6285.608876</timestamp>
			</report>
			<report>
				<misses>20974001</misses>
				<total>47</total>
				<timestamp>6285.908560</timestamp>
			</report>
			<report>
				<misses>20975001</misses>
				<total>47</total>
				<timestamp>6286.208406</timestamp>
			</report>
			<report>
				<misses>20976001</misses>
				<total>47</total>
				<timestamp>6286.507969</timestamp>
			</report>
			<report>
				<misses>20977001</misses>
				<total>47</total>
				<timestamp>6286.807671</timestamp>
			</report>
			<report>
				<misses>20978001</misses>
				<total>47</total>
				<timestamp>6287.107370</timestamp>
			</report>
			<report>
				<misses>20979001</misses>
				<total>47</total>
				<timestamp>6287.407116</timestamp>
			</report>
			<report>
				<misses>20980001</misses>
				<total>47</total>
				<timestamp>6287.706770</timestamp>
			</report>
			<report>
				<misses>20981001</misses>
				<total>47</total>
				<timestamp>6288.006480</timestamp>
			</report>
			<report>
				<misses>20982001</misses>
				<total>47</total>
				<timestamp>6288.306254</timestamp>
			</report>
			<report>
				<misses>20983001</misses>
				<total>47</total>
				<timestamp>6288.605870</timestamp>
			</report>
			<report>
				<misses>20984001</misses>
				<total>47</total>
				<timestamp>6288.905577</timestamp>
			</report>
			<report>
				<misses>20985001</misses>
				<total>47</total>
				<timestamp>6289.205272</timestamp>
			</report>
			<report>
				<misses>20986001</misses>
				<total>47</total>
				<timestamp>6289.505041</timestamp>
			</report>
			<report>
				<misses>20987001</misses>
				<total>47</total>
				<timestamp>6289.804675</timestamp>
			</report>
			<report>
				<misses>20988001</misses>
				<total>47</total>
				<timestamp>6290.104419</timestamp>
			</report>
			<report>
				<misses>20989001</misses>
				<total>47</total>
				<timestamp>6290.404098</timestamp>
			</report>
			<report>
				<misses>20990001</misses>
				<total>47</total>
				<timestamp>6290.703786</timestamp>
			</report>
			<report>
				<misses>20991001</misses>
				<total>47</total>
				<timestamp>6291.003492</timestamp>
			</report>
			<report>
				<misses>20992001</misses>
				<total>47</total>
				<timestamp>6291.303193</timestamp>
			</report>
			<report>
				<misses>20993001</misses>
				<total>47</total>
				<timestamp>6291.602868</timestamp>
			</report>
			<report>
				<misses>20994001</misses>
				<total>47</total>
				<timestamp>6291.902655</timestamp>
			</report>
			<report>
				<misses>20995001</misses>
				<total>47</total>
				<timestamp>6292.202307</timestamp>
			</report>
			<report>
				<misses>20996001</misses>
				<total>47</total>
				<timestamp>6292.502006</timestamp>
			</report>
			<report>
				<misses>20997001</misses>
				<total>47</total>
				<timestamp>6292.801743</timestamp>
			</report>
			<report>
				<misses>20998001</misses>
				<total>47</total>
				<timestamp>6293.101365</timestamp>
			</report>
			<report>
				<misses>20999001</misses>
				<total>47</total>
				<timestamp>6293.401072</timestamp>
			</report>
			<report>
				<misses>21000001</misses>
				<total>47</total>
				<timestamp>6293.700767</timestamp>
			</report>
			<report>
				<misses>21001001</misses>
				<total>47</total>
				<timestamp>6294.000474</timestamp>
			</report>
			<report>
				<misses>21002001</misses>
				<total>47</total>
				<timestamp>6294.300198</timestamp>
			</report>
			<report>
				<misses>21003001</misses>
				<total>47</total>
				<timestamp>6294.599887</timestamp>
			</report>
			<report>
				<misses>21004001</misses>
				<total>47</total>
				<timestamp>6294.899576</timestamp>
			</report>
			<report>
				<misses>21005001</misses>
				<total>47</total>
				<timestamp>6295.199368</timestamp>
			</report>
			<report>
				<misses>21006001</misses>
				<total>47</total>
				<timestamp>6295.499029</timestamp>
			</report>
			<report>
				<misses>21007001</misses>
				<total>47</total>
				<timestamp>6295.798666</timestamp>
			</report>
			<report>
				<misses>21008001</misses>
				<total>47</total>
				<timestamp>6296.098469</timestamp>
			</report>
			<report>
				<misses>21009001</misses>
				<total>47</total>
				<timestamp>6296.398153</timestamp>
			</report>
			<report>
				<misses>21010001</misses>
				<total>47</total>
				<timestamp>6296.697766</timestamp>
			</report>
			<report>
				<misses>21011001</misses>
				<total>47</total>
				<timestamp>6296.997475</timestamp>
			</report>
			<report>
				<misses>21012001</misses>
				<total>47</total>
				<timestamp>6297.297190</timestamp>
			</report>
			<report>
				<misses>21013001</misses>
				<total>47</total>
				<timestamp>6297.596885</timestamp>
			</report>
			<report>
				<misses>21014001</misses>
				<total>47</total>
				<timestamp>6297.896627</timestamp>
			</report>
			<report>
				<misses>21015001</misses>
				<total>47</total>
				<timestamp>6298.196274</timestamp>
			</report>
			<report>
				<misses>21016001</misses>
				<total>47</total>
				<timestamp>6298.496020</timestamp>
			</report>
			<report>
				<misses>21017001</misses>
				<total>47</total>
				<timestamp>6298.795670</timestamp>
			</report>
			<report>
				<misses>21018001</misses>
				<total>47</total>
				<timestamp>6299.095367</timestamp>
			</report>
			<report>
				<misses>21019001</misses>
				<total>47</total>
				<timestamp>6299.395096</timestamp>
			</report>
			<report>
				<misses>21020001</misses>
				<total>47</total>
				<timestamp>6299.694764</timestamp>
			</report>
			<report>
				<misses>21021001</misses>
				<total>47</total>
				<timestamp>6299.994504</timestamp>
			</report>
			<report>
				<misses>21022001</misses>
				<total>47</total>
				<timestamp>6300.294164</timestamp>
			</report>
			<report>
				<misses>21023001</misses>
				<total>47</total>
				<timestamp>6300.593868</timestamp>
			</report>
			<report>
				<misses>21024001</misses>
				<total>46</total>
				<timestamp>6300.893685</timestamp>
			</report>
			<report>
				<misses>21025001</misses>
				<total>47</total>
				<timestamp>6301.193330</timestamp>
			</report>
			<report>
				<misses>21026001</misses>
				<total>47</total>
				<timestamp>6301.493026</timestamp>
			</report>
			<report>
				<misses>21027001</misses>
				<total>47</total>
				<timestamp>6301.792737</timestamp>
			</report>
			<report>
				<misses>21028001</misses>
				<total>47</total>
				<timestamp>6302.092368</timestamp>
			</report>
			<report>
				<misses>21029001</misses>
				<total>47</total>
				<timestamp>6302.392144</timestamp>
			</report>
			<report>
				<misses>21030001</misses>
				<total>47</total>
				<timestamp>6302.691770</timestamp>
			</report>
			<report>
				<misses>21031001</misses>
				<total>47</total>
				<timestamp>6302.991481</timestamp>
			</report>
			<report>
				<misses>21032001</misses>
				<total>47</total>
				<timestamp>6303.291175</timestamp>
			</report>
			<report>
				<misses>21033001</misses>
				<total>47</total>
				<timestamp>6303.590963</timestamp>
			</report>
			<report>
				<misses>21034001</misses>
				<total>47</total>
				<timestamp>6303.890573</timestamp>
			</report>
			<report>
				<misses>21035001</misses>
				<total>47</total>
				<timestamp>6304.190294</timestamp>
			</report>
			<report>
				<misses>21036001</misses>
				<total>47</total>
				<timestamp>6304.490005</timestamp>
			</report>
			<report>
				<misses>21037001</misses>
				<total>47</total>
				<timestamp>6304.789670</timestamp>
			</report>
			<report>
				<misses>21038001</misses>
				<total>47</total>
				<timestamp>6305.089430</timestamp>
			</report>
			<report>
				<misses>21039001</misses>
				<total>47</total>
				<timestamp>6305.389173</timestamp>
			</report>
			<report>
				<misses>21040001</misses>
				<total>47</total>
				<timestamp>6305.688773</timestamp>
			</report>
			<report>
				<misses>21041001</misses>
				<total>47</total>
				<timestamp>6305.988470</timestamp>
			</report>
			<report>
				<misses>21042001</misses>
				<total>47</total>
				<timestamp>6306.288180</timestamp>
			</report>
			<report>
				<misses>21043001</misses>
				<total>47</total>
				<timestamp>6306.587882</timestamp>
			</report>
			<report>
				<misses>21044001</misses>
				<total>47</total>
				<timestamp>6306.887563</timestamp>
			</report>
			<report>
				<misses>21045001</misses>
				<total>47</total>
				<timestamp>6307.187258</timestamp>
			</report>
			<report>
				<misses>21046001</misses>
				<total>47</total>
				<timestamp>6307.487003</timestamp>
			</report>
			<report>
				<misses>21047001</misses>
				<total>47</total>
				<timestamp>6307.786671</timestamp>
			</report>
			<report>
				<misses>21048001</misses>
				<total>47</total>
				<timestamp>6308.086378</timestamp>
			</report>
			<report>
				<misses>21049001</misses>
				<total>46</total>
				<timestamp>6308.386172</timestamp>
			</report>
			<report>
				<misses>21050001</misses>
				<total>47</total>
				<timestamp>6308.685783</timestamp>
			</report>
			<report>
				<misses>21051001</misses>
				<total>47</total>
				<timestamp>6308.985542</timestamp>
			</report>
			<report>
				<misses>21052001</misses>
				<total>47</total>
				<timestamp>6309.285217</timestamp>
			</report>
			<report>
				<misses>21053001</misses>
				<total>47</total>
				<timestamp>6309.584868</timestamp>
			</report>
			<report>
				<misses>21054001</misses>
				<total>47</total>
				<timestamp>6309.884569</timestamp>
			</report>
			<report>
				<misses>21055001</misses>
				<total>47</total>
				<timestamp>6310.184274</timestamp>
			</report>
			<report>
				<misses>21056001</misses>
				<total>47</total>
				<timestamp>6310.483979</timestamp>
			</report>
			<report>
				<misses>21057001</misses>
				<total>47</total>
				<timestamp>6310.783678</timestamp>
			</report>
			<report>
				<misses>21058001</misses>
				<total>47</total>
				<timestamp>6311.083372</timestamp>
			</report>
			<report>
				<misses>21059001</misses>
				<total>47</total>
				<timestamp>6311.383076</timestamp>
			</report>
			<report>
				<misses>21060001</misses>
				<total>47</total>
				<timestamp>6311.682851</timestamp>
			</report>
			<report>
				<misses>21061001</misses>
				<total>47</total>
				<timestamp>6311.982466</timestamp>
			</report>
			<report>
				<misses>21062001</misses>
				<total>47</total>
				<timestamp>6312.282172</timestamp>
			</report>
			<report>
				<misses>21063001</misses>
				<total>47</total>
				<timestamp>6312.581883</timestamp>
			</report>
			<report>
				<misses>21064001</misses>
				<total>47</total>
				<timestamp>6312.881575</timestamp>
			</report>
			<report>
				<misses>21065001</misses>
				<total>47</total>
				<timestamp>6313.181280</timestamp>
			</report>
			<report>
				<misses>21066001</misses>
				<total>47</total>
				<timestamp>6313.480999</timestamp>
			</report>
			<report>
				<misses>21067001</misses>
				<total>47</total>
				<timestamp>6313.780727</timestamp>
			</report>
			<report>
				<misses>21068001</misses>
				<total>47</total>
				<timestamp>6314.080363</timestamp>
			</report>
			<report>
				<misses>21069001</misses>
				<total>46</total>
				<timestamp>6314.380188</timestamp>
			</report>
			<report>
				<misses>21070001</misses>
				<total>47</total>
				<timestamp>6314.679771</timestamp>
			</report>
			<report>
				<misses>21071001</misses>
				<total>47</total>
				<timestamp>6314.979493</timestamp>
			</report>
			<report>
				<misses>21072001</misses>
				<total>47</total>
				<timestamp>6315.279179</timestamp>
			</report>
			<report>
				<misses>21073001</misses>
				<total>47</total>
				<timestamp>6315.578909</timestamp>
			</report>
			<report>
				<misses>21074001</misses>
				<total>47</total>
				<timestamp>6315.878575</timestamp>
			</report>
			<report>
				<misses>21075001</misses>
				<total>47</total>
				<timestamp>6316.178294</timestamp>
			</report>
			<report>
				<misses>21076001</misses>
				<total>47</total>
				<timestamp>6316.478062</timestamp>
			</report>
			<report>
				<misses>21077001</misses>
				<total>47</total>
				<timestamp>6316.777674</timestamp>
			</report>
			<report>
				<misses>21078001</misses>
				<total>47</total>
				<timestamp>6317.077372</timestamp>
			</report>
			<report>
				<misses>21079001</misses>
				<total>47</total>
				<timestamp>6317.377121</timestamp>
			</report>
			<report>
				<misses>21080001</misses>
				<total>47</total>
				<timestamp>6317.676773</timestamp>
			</report>
			<report>
				<misses>21081001</misses>
				<total>47</total>
				<timestamp>6317.976472</timestamp>
			</report>
			<report>
				<misses>21082001</misses>
				<total>47</total>
				<timestamp>6318.276192</timestamp>
			</report>
			<report>
				<misses>21083001</misses>
				<total>47</total>
				<timestamp>6318.575910</timestamp>
			</report>
			<report>
				<misses>21084001</misses>
				<total>47</total>
				<timestamp>6318.875568</timestamp>
			</report>
			<report>
				<misses>21085001</misses>
				<total>47</total>
				<timestamp>6319.175271</timestamp>
			</report>
			<report>
				<misses>21086001</misses>
				<total>47</total>
				<timestamp>6319.475055</timestamp>
			</report>
			<report>
				<misses>21087001</misses>
				<total>47</total>
				<timestamp>6319.774676</timestamp>
			</report>
			<report>
				<misses>21088001</misses>
				<total>47</total>
				<timestamp>6320.074372</timestamp>
			</report>
			<report>
				<misses>21089001</misses>
				<total>47</total>
				<timestamp>6320.374156</timestamp>
			</report>
			<report>
				<misses>21090001</misses>
				<total>47</total>
				<timestamp>6320.673799</timestamp>
			</report>
			<report>
				<misses>21091001</misses>
				<total>47</total>
				<timestamp>6320.973464</timestamp>
			</report>
			<report>
				<misses>21092001</misses>
				<total>47</total>
				<timestamp>6321.273177</timestamp>
			</report>
			<report>
				<misses>21093001</misses>
				<total>47</total>
				<timestamp>6321.572890</timestamp>
			</report>
			<report>
				<misses>21094001</misses>
				<total>47</total>
				<timestamp>6321.872576</timestamp>
			</report>
			<report>
				<misses>21095001</misses>
				<total>47</total>
				<timestamp>6322.172279</timestamp>
			</report>
			<report>
				<misses>21096001</misses>
				<total>47</total>
				<timestamp>6322.472013</timestamp>
			</report>
			<report>
				<misses>21097001</misses>
				<total>47</total>
				<timestamp>6322.771668</timestamp>
			</report>
			<report>
				<misses>21098001</misses>
				<total>47</total>
				<timestamp>6323.071384</timestamp>
			</report>
			<report>
				<misses>21099001</misses>
				<total>47</total>
				<timestamp>6323.371097</timestamp>
			</report>
			<report>
				<misses>21100001</misses>
				<total>47</total>
				<timestamp>6323.670805</timestamp>
			</report>
			<report>
				<misses>21101001</misses>
				<total>47</total>
				<timestamp>6323.970460</timestamp>
			</report>
			<report>
				<misses>21102001</misses>
				<total>47</total>
				<timestamp>6324.270169</timestamp>
			</report>
			<report>
				<misses>21103001</misses>
				<total>47</total>
				<timestamp>6324.569892</timestamp>
			</report>
			<report>
				<misses>21104001</misses>
				<total>47</total>
				<timestamp>6324.869572</timestamp>
			</report>
			<report>
				<misses>21105001</misses>
				<total>47</total>
				<timestamp>6325.169268</timestamp>
			</report>
			<report>
				<misses>21106001</misses>
				<total>47</total>
				<timestamp>6325.469056</timestamp>
			</report>
			<report>
				<misses>21107001</misses>
				<total>47</total>
				<timestamp>6325.768734</timestamp>
			</report>
			<report>
				<misses>21108001</misses>
				<total>47</total>
				<timestamp>6326.068369</timestamp>
			</report>
			<report>
				<misses>21109001</misses>
				<total>46</total>
				<timestamp>6326.368162</timestamp>
			</report>
			<report>
				<misses>21110001</misses>
				<total>47</total>
				<timestamp>6326.667782</timestamp>
			</report>
			<report>
				<misses>21111001</misses>
				<total>47</total>
				<timestamp>6326.967458</timestamp>
			</report>
			<report>
				<misses>21112001</misses>
				<total>47</total>
				<timestamp>6327.267170</timestamp>
			</report>
			<report>
				<misses>21113001</misses>
				<total>47</total>
				<timestamp>6327.566878</timestamp>
			</report>
			<report>
				<misses>21114001</misses>
				<total>47</total>
				<timestamp>6327.866574</timestamp>
			</report>
			<report>
				<misses>21115001</misses>
				<total>47</total>
				<timestamp>6328.166265</timestamp>
			</report>
			<report>
				<misses>21116001</misses>
				<total>47</total>
				<timestamp>6328.466066</timestamp>
			</report>
			<report>
				<misses>21117001</misses>
				<total>47</total>
				<timestamp>6328.765685</timestamp>
			</report>
			<report>
				<misses>21118001</misses>
				<total>47</total>
				<timestamp>6329.065364</timestamp>
			</report>
			<report>
				<misses>21119001</misses>
				<total>47</total>
				<timestamp>6329.365073</timestamp>
			</report>
			<report>
				<misses>21120001</misses>
				<total>47</total>
				<timestamp>6329.664809</timestamp>
			</report>
			<report>
				<misses>21121001</misses>
				<total>47</total>
				<timestamp>6329.964474</timestamp>
			</report>
			<report>
				<misses>21122001</misses>
				<total>47</total>
				<timestamp>6330.264166</timestamp>
			</report>
			<report>
				<misses>21123001</misses>
				<total>47</total>
				<timestamp>6330.563889</timestamp>
			</report>
			<report>
				<misses>21124001</misses>
				<total>47</total>
				<timestamp>6330.863650</timestamp>
			</report>
			<report>
				<misses>21125001</misses>
				<total>47</total>
				<timestamp>6331.163267</timestamp>
			</report>
			<report>
				<misses>21126001</misses>
				<total>47</total>
				<timestamp>6331.463032</timestamp>
			</report>
			<report>
				<misses>21127001</misses>
				<total>47</total>
				<timestamp>6331.762667</timestamp>
			</report>
			<report>
				<misses>21128001</misses>
				<total>47</total>
				<timestamp>6332.062357</timestamp>
			</report>
			<report>
				<misses>21129001</misses>
				<total>47</total>
				<timestamp>6332.362123</timestamp>
			</report>
			<report>
				<misses>21130001</misses>
				<total>47</total>
				<timestamp>6332.661808</timestamp>
			</report>
			<report>
				<misses>21131001</misses>
				<total>47</total>
				<timestamp>6332.961476</timestamp>
			</report>
			<report>
				<misses>21132001</misses>
				<total>46</total>
				<timestamp>6333.261300</timestamp>
			</report>
			<report>
				<misses>21133001</misses>
				<total>46</total>
				<timestamp>6333.560968</timestamp>
			</report>
			<report>
				<misses>21134001</misses>
				<total>47</total>
				<timestamp>6333.860626</timestamp>
			</report>
			<report>
				<misses>21135001</misses>
				<total>47</total>
				<timestamp>6334.160282</timestamp>
			</report>
			<report>
				<misses>21136001</misses>
				<total>47</total>
				<timestamp>6334.460067</timestamp>
			</report>
			<report>
				<misses>21137001</misses>
				<total>47</total>
				<timestamp>6334.759678</timestamp>
			</report>
			<report>
				<misses>21138001</misses>
				<total>46</total>
				<timestamp>6335.059459</timestamp>
			</report>
			<report>
				<misses>21139001</misses>
				<total>47</total>
				<timestamp>6335.359163</timestamp>
			</report>
			<report>
				<misses>21140001</misses>
				<total>47</total>
				<timestamp>6335.658814</timestamp>
			</report>
			<report>
				<misses>21141001</misses>
				<total>47</total>
				<timestamp>6335.958469</timestamp>
			</report>
			<report>
				<misses>21142001</misses>
				<total>47</total>
				<timestamp>6336.258190</timestamp>
			</report>
			<report>
				<misses>21143001</misses>
				<total>47</total>
				<timestamp>6336.557893</timestamp>
			</report>
			<report>
				<misses>21144001</misses>
				<total>47</total>
				<timestamp>6336.857581</timestamp>
			</report>
			<report>
				<misses>21145001</misses>
				<total>47</total>
				<timestamp>6337.157356</timestamp>
			</report>
			<report>
				<misses>21146001</misses>
				<total>47</total>
				<timestamp>6337.457020</timestamp>
			</report>
			<report>
				<misses>21147001</misses>
				<total>47</total>
				<timestamp>6337.756671</timestamp>
			</report>
			<report>
				<misses>21148001</misses>
				<total>47</total>
				<timestamp>6338.056415</timestamp>
			</report>
			<report>
				<misses>21149001</misses>
				<total>47</total>
				<timestamp>6338.356072</timestamp>
			</report>
			<report>
				<misses>21150001</misses>
				<total>47</total>
				<timestamp>6338.655804</timestamp>
			</report>
			<report>
				<misses>21151001</misses>
				<total>47</total>
				<timestamp>6338.955464</timestamp>
			</report>
			<report>
				<misses>21152001</misses>
				<total>47</total>
				<timestamp>6339.255164</timestamp>
			</report>
			<report>
				<misses>21153001</misses>
				<total>47</total>
				<timestamp>6339.554885</timestamp>
			</report>
			<report>
				<misses>21154001</misses>
				<total>47</total>
				<timestamp>6339.854574</timestamp>
			</report>
			<report>
				<misses>21155001</misses>
				<total>47</total>
				<timestamp>6340.154269</timestamp>
			</report>
			<report>
				<misses>21156001</misses>
				<total>47</total>
				<timestamp>6340.454041</timestamp>
			</report>
			<report>
				<misses>21157001</misses>
				<total>47</total>
				<timestamp>6340.753774</timestamp>
			</report>
			<report>
				<misses>21158001</misses>
				<total>47</total>
				<timestamp>6341.053367</timestamp>
			</report>
			<report>
				<misses>21159001</misses>
				<total>47</total>
				<timestamp>6341.353096</timestamp>
			</report>
			<report>
				<misses>21160001</misses>
				<total>47</total>
				<timestamp>6341.652781</timestamp>
			</report>
			<report>
				<misses>21161001</misses>
				<total>47</total>
				<timestamp>6341.952476</timestamp>
			</report>
			<report>
				<misses>21162001</misses>
				<total>47</total>
				<timestamp>6342.252194</timestamp>
			</report>
			<report>
				<misses>21163001</misses>
				<total>46</total>
				<timestamp>6342.551976</timestamp>
			</report>
			<report>
				<misses>21164001</misses>
				<total>47</total>
				<timestamp>6342.851559</timestamp>
			</report>
			<report>
				<misses>21165001</misses>
				<total>47</total>
				<timestamp>6343.151275</timestamp>
			</report>
			<report>
				<misses>21166001</misses>
				<total>47</total>
				<timestamp>6343.451059</timestamp>
			</report>
			<report>
				<misses>21167001</misses>
				<total>47</total>
				<timestamp>6343.750707</timestamp>
			</report>
			<report>
				<misses>21168001</misses>
				<total>47</total>
				<timestamp>6344.050396</timestamp>
			</report>
			<report>
				<misses>21169001</misses>
				<total>47</total>
				<timestamp>6344.350117</timestamp>
			</report>
			<report>
				<misses>21170001</misses>
				<total>47</total>
				<timestamp>6344.649783</timestamp>
			</report>
			<report>
				<misses>21171001</misses>
				<total>47</total>
				<timestamp>6344.949476</timestamp>
			</report>
			<report>
				<misses>21172001</misses>
				<total>47</total>
				<timestamp>6345.249184</timestamp>
			</report>
			<report>
				<misses>21173001</misses>
				<total>46</total>
				<timestamp>6345.548974</timestamp>
			</report>
			<report>
				<misses>21174001</misses>
				<total>47</total>
				<timestamp>6345.848576</timestamp>
			</report>
			<report>
				<misses>21175001</misses>
				<total>47</total>
				<timestamp>6346.148276</timestamp>
			</report>
			<report>
				<misses>21176001</misses>
				<total>47</total>
				<timestamp>6346.448031</timestamp>
			</report>
			<report>
				<misses>21177001</misses>
				<total>47</total>
				<timestamp>6346.747686</timestamp>
			</report>
			<report>
				<misses>21178001</misses>
				<total>47</total>
				<timestamp>6347.047369</timestamp>
			</report>
			<report>
				<misses>21179001</misses>
				<total>47</total>
				<timestamp>6347.347104</timestamp>
			</report>
			<report>
				<misses>21180001</misses>
				<total>47</total>
				<timestamp>6347.646773</timestamp>
			</report>
			<report>
				<misses>21181001</misses>
				<total>47</total>
				<timestamp>6347.946477</timestamp>
			</report>
			<report>
				<misses>21182001</misses>
				<total>47</total>
				<timestamp>6348.246178</timestamp>
			</report>
			<report>
				<misses>21183001</misses>
				<total>46</total>
				<timestamp>6348.545964</timestamp>
			</report>
			<report>
				<misses>21184001</misses>
				<total>47</total>
				<timestamp>6348.845604</timestamp>
			</report>
			<report>
				<misses>21185001</misses>
				<total>47</total>
				<timestamp>6349.145267</timestamp>
			</report>
			<report>
				<misses>21186001</misses>
				<total>47</total>
				<timestamp>6349.444983</timestamp>
			</report>
			<report>
				<misses>21187001</misses>
				<total>47</total>
				<timestamp>6349.744723</timestamp>
			</report>
			<report>
				<misses>21188001</misses>
				<total>47</total>
				<timestamp>6350.044393</timestamp>
			</report>
			<report>
				<misses>21189001</misses>
				<total>47</total>
				<timestamp>6350.344071</timestamp>
			</report>
			<report>
				<misses>21190001</misses>
				<total>47</total>
				<timestamp>6350.643781</timestamp>
			</report>
			<report>
				<misses>21191001</misses>
				<total>47</total>
				<timestamp>6350.943470</timestamp>
			</report>
			<report>
				<misses>21192001</misses>
				<total>47</total>
				<timestamp>6351.243183</timestamp>
			</report>
			<report>
				<misses>21193001</misses>
				<total>47</total>
				<timestamp>6351.542925</timestamp>
			</report>
			<report>
				<misses>21194001</misses>
				<total>47</total>
				<timestamp>6351.842570</timestamp>
			</report>
			<report>
				<misses>21195001</misses>
				<total>47</total>
				<timestamp>6352.142310</timestamp>
			</report>
			<report>
				<misses>21196001</misses>
				<total>47</total>
				<timestamp>6352.441980</timestamp>
			</report>
			<report>
				<misses>21197001</misses>
				<total>47</total>
				<timestamp>6352.741697</timestamp>
			</report>
			<report>
				<misses>21198001</misses>
				<total>47</total>
				<timestamp>6353.041381</timestamp>
			</report>
			<report>
				<misses>21199001</misses>
				<total>47</total>
				<timestamp>6353.341080</timestamp>
			</report>
			<report>
				<misses>21200001</misses>
				<total>47</total>
				<timestamp>6353.640784</timestamp>
			</report>
			<report>
				<misses>21201001</misses>
				<total>47</total>
				<timestamp>6353.940473</timestamp>
			</report>
			<report>
				<misses>21202001</misses>
				<total>47</total>
				<timestamp>6354.240251</timestamp>
			</report>
			<report>
				<misses>21203001</misses>
				<total>47</total>
				<timestamp>6354.539927</timestamp>
			</report>
			<report>
				<misses>21204001</misses>
				<total>47</total>
				<timestamp>6354.839625</timestamp>
			</report>
			<report>
				<misses>21205001</misses>
				<total>47</total>
				<timestamp>6355.139277</timestamp>
			</report>
			<report>
				<misses>21206001</misses>
				<total>47</total>
				<timestamp>6355.439034</timestamp>
			</report>
			<report>
				<misses>21207001</misses>
				<total>47</total>
				<timestamp>6355.738687</timestamp>
			</report>
			<report>
				<misses>21208001</misses>
				<total>47</total>
				<timestamp>6356.038368</timestamp>
			</report>
			<report>
				<misses>21209001</misses>
				<total>47</total>
				<timestamp>6356.338093</timestamp>
			</report>
			<report>
				<misses>21210001</misses>
				<total>47</total>
				<timestamp>6356.637876</timestamp>
			</report>
			<report>
				<misses>21211001</misses>
				<total>47</total>
				<timestamp>6356.937521</timestamp>
			</report>
			<report>
				<misses>21212001</misses>
				<total>47</total>
				<timestamp>6357.237178</timestamp>
			</report>
			<report>
				<misses>21213001</misses>
				<total>47</total>
				<timestamp>6357.536921</timestamp>
			</report>
			<report>
				<misses>21214001</misses>
				<total>47</total>
				<timestamp>6357.836591</timestamp>
			</report>
			<report>
				<misses>21215001</misses>
				<total>47</total>
				<timestamp>6358.136321</timestamp>
			</report>
			<report>
				<misses>21216001</misses>
				<total>47</total>
				<timestamp>6358.436001</timestamp>
			</report>
			<report>
				<misses>21217001</misses>
				<total>47</total>
				<timestamp>6358.735733</timestamp>
			</report>
			<report>
				<misses>21218001</misses>
				<total>47</total>
				<timestamp>6359.035387</timestamp>
			</report>
			<report>
				<misses>21219001</misses>
				<total>47</total>
				<timestamp>6359.335087</timestamp>
			</report>
			<report>
				<misses>21220001</misses>
				<total>47</total>
				<timestamp>6359.634826</timestamp>
			</report>
			<report>
				<misses>21221001</misses>
				<total>47</total>
				<timestamp>6359.934526</timestamp>
			</report>
			<report>
				<misses>21222001</misses>
				<total>47</total>
				<timestamp>6360.234185</timestamp>
			</report>
			<report>
				<misses>21223001</misses>
				<total>47</total>
				<timestamp>6360.533886</timestamp>
			</report>
			<report>
				<misses>21224001</misses>
				<total>46</total>
				<timestamp>6360.833710</timestamp>
			</report>
			<report>
				<misses>21225001</misses>
				<total>47</total>
				<timestamp>6361.133279</timestamp>
			</report>
			<report>
				<misses>21226001</misses>
				<total>47</total>
				<timestamp>6361.432978</timestamp>
			</report>
			<report>
				<misses>21227001</misses>
				<total>47</total>
				<timestamp>6361.732699</timestamp>
			</report>
			<report>
				<misses>21228001</misses>
				<total>47</total>
				<timestamp>6362.032379</timestamp>
			</report>
			<report>
				<misses>21229001</misses>
				<total>47</total>
				<timestamp>6362.332066</timestamp>
			</report>
			<report>
				<misses>21230001</misses>
				<total>47</total>
				<timestamp>6362.631789</timestamp>
			</report>
			<report>
				<misses>21231001</misses>
				<total>47</total>
				<timestamp>6362.931465</timestamp>
			</report>
			<report>
				<misses>21232001</misses>
				<total>47</total>
				<timestamp>6363.231185</timestamp>
			</report>
			<report>
				<misses>21233001</misses>
				<total>47</total>
				<timestamp>6363.530878</timestamp>
			</report>
			<report>
				<misses>21234001</misses>
				<total>47</total>
				<timestamp>6363.830612</timestamp>
			</report>
			<report>
				<misses>21235001</misses>
				<total>47</total>
				<timestamp>6364.130282</timestamp>
			</report>
			<report>
				<misses>21236001</misses>
				<total>47</total>
				<timestamp>6364.430052</timestamp>
			</report>
			<report>
				<misses>21237001</misses>
				<total>47</total>
				<timestamp>6364.729705</timestamp>
			</report>
			<report>
				<misses>21238001</misses>
				<total>47</total>
				<timestamp>6365.029367</timestamp>
			</report>
			<report>
				<misses>21239001</misses>
				<total>47</total>
				<timestamp>6365.329074</timestamp>
			</report>
			<report>
				<misses>21240001</misses>
				<total>47</total>
				<timestamp>6365.628783</timestamp>
			</report>
			<report>
				<misses>21241001</misses>
				<total>47</total>
				<timestamp>6365.928473</timestamp>
			</report>
			<report>
				<misses>21242001</misses>
				<total>47</total>
				<timestamp>6366.228177</timestamp>
			</report>
			<report>
				<misses>21243001</misses>
				<total>47</total>
				<timestamp>6366.527894</timestamp>
			</report>
			<report>
				<misses>21244001</misses>
				<total>47</total>
				<timestamp>6366.827621</timestamp>
			</report>
			<report>
				<misses>21245001</misses>
				<total>47</total>
				<timestamp>6367.127271</timestamp>
			</report>
			<report>
				<misses>21246001</misses>
				<total>47</total>
				<timestamp>6367.427029</timestamp>
			</report>
			<report>
				<misses>21247001</misses>
				<total>47</total>
				<timestamp>6367.726694</timestamp>
			</report>
			<report>
				<misses>21248001</misses>
				<total>46</total>
				<timestamp>6368.026508</timestamp>
			</report>
			<report>
				<misses>21249001</misses>
				<total>47</total>
				<timestamp>6368.326075</timestamp>
			</report>
			<report>
				<misses>21250001</misses>
				<total>47</total>
				<timestamp>6368.625821</timestamp>
			</report>
			<report>
				<misses>21251001</misses>
				<total>47</total>
				<timestamp>6368.925501</timestamp>
			</report>
			<report>
				<misses>21252001</misses>
				<total>47</total>
				<timestamp>6369.225233</timestamp>
			</report>
			<report>
				<misses>21253001</misses>
				<total>46</total>
				<timestamp>6369.524973</timestamp>
			</report>
			<report>
				<misses>21254001</misses>
				<total>47</total>
				<timestamp>6369.824612</timestamp>
			</report>
			<report>
				<misses>21255001</misses>
				<total>47</total>
				<timestamp>6370.124340</timestamp>
			</report>
			<report>
				<misses>21256001</misses>
				<total>47</total>
				<timestamp>6370.423990</timestamp>
			</report>
			<report>
				<misses>21257001</misses>
				<total>47</total>
				<timestamp>6370.723729</timestamp>
			</report>
			<report>
				<misses>21258001</misses>
				<total>47</total>
				<timestamp>6371.023381</timestamp>
			</report>
			<report>
				<misses>21259001</misses>
				<total>47</total>
				<timestamp>6371.323099</timestamp>
			</report>
			<report>
				<misses>21260001</misses>
				<total>47</total>
				<timestamp>6371.622772</timestamp>
			</report>
			<report>
				<misses>21261001</misses>
				<total>47</total>
				<timestamp>6371.922512</timestamp>
			</report>
			<report>
				<misses>21262001</misses>
				<total>47</total>
				<timestamp>6372.222175</timestamp>
			</report>
			<report>
				<misses>21263001</misses>
				<total>47</total>
				<timestamp>6372.521921</timestamp>
			</report>
			<report>
				<misses>21264001</misses>
				<total>47</total>
				<timestamp>6372.821591</timestamp>
			</report>
			<report>
				<misses>21265001</misses>
				<total>47</total>
				<timestamp>6373.121278</timestamp>
			</report>
			<report>
				<misses>21266001</misses>
				<total>47</total>
				<timestamp>6373.420987</timestamp>
			</report>
			<report>
				<misses>21267001</misses>
				<total>47</total>
				<timestamp>6373.720676</timestamp>
			</report>
			<report>
				<misses>21268001</misses>
				<total>47</total>
				<timestamp>6374.020374</timestamp>
			</report>
			<report>
				<misses>21269001</misses>
				<total>47</total>
				<timestamp>6374.320070</timestamp>
			</report>
			<report>
				<misses>21270001</misses>
				<total>47</total>
				<timestamp>6374.619810</timestamp>
			</report>
			<report>
				<misses>21271001</misses>
				<total>47</total>
				<timestamp>6374.919569</timestamp>
			</report>
			<report>
				<misses>21272001</misses>
				<total>47</total>
				<timestamp>6375.219175</timestamp>
			</report>
			<report>
				<misses>21273001</misses>
				<total>47</total>
				<timestamp>6375.518901</timestamp>
			</report>
			<report>
				<misses>21274001</misses>
				<total>47</total>
				<timestamp>6375.818583</timestamp>
			</report>
			<report>
				<misses>21275001</misses>
				<total>47</total>
				<timestamp>6376.118301</timestamp>
			</report>
			<report>
				<misses>21276001</misses>
				<total>47</total>
				<timestamp>6376.418085</timestamp>
			</report>
			<report>
				<misses>21277001</misses>
				<total>47</total>
				<timestamp>6376.717675</timestamp>
			</report>
			<report>
				<misses>21278001</misses>
				<total>47</total>
				<timestamp>6377.017369</timestamp>
			</report>
			<report>
				<misses>21279001</misses>
				<total>47</total>
				<timestamp>6377.317079</timestamp>
			</report>
			<report>
				<misses>21280001</misses>
				<total>47</total>
				<timestamp>6377.616757</timestamp>
			</report>
			<report>
				<misses>21281001</misses>
				<total>47</total>
				<timestamp>6377.916485</timestamp>
			</report>
			<report>
				<misses>21282001</misses>
				<total>47</total>
				<timestamp>6378.216181</timestamp>
			</report>
			<report>
				<misses>21283001</misses>
				<total>47</total>
				<timestamp>6378.515865</timestamp>
			</report>
			<report>
				<misses>21284001</misses>
				<total>47</total>
				<timestamp>6378.815579</timestamp>
			</report>
			<report>
				<misses>21285001</misses>
				<total>47</total>
				<timestamp>6379.115268</timestamp>
			</report>
			<report>
				<misses>21286001</misses>
				<total>47</total>
				<timestamp>6379.414994</timestamp>
			</report>
			<report>
				<misses>21287001</misses>
				<total>47</total>
				<timestamp>6379.714694</timestamp>
			</report>
			<report>
				<misses>21288001</misses>
				<total>47</total>
				<timestamp>6380.014395</timestamp>
			</report>
			<report>
				<misses>21289001</misses>
				<total>47</total>
				<timestamp>6380.314062</timestamp>
			</report>
			<report>
				<misses>21290001</misses>
				<total>47</total>
				<timestamp>6380.613764</timestamp>
			</report>
			<report>
				<misses>21291001</misses>
				<total>47</total>
				<timestamp>6380.913494</timestamp>
			</report>
			<report>
				<misses>21292001</misses>
				<total>47</total>
				<timestamp>6381.213172</timestamp>
			</report>
			<report>
				<misses>21293001</misses>
				<total>47</total>
				<timestamp>6381.512891</timestamp>
			</report>
			<report>
				<misses>21294001</misses>
				<total>47</total>
				<timestamp>6381.812604</timestamp>
			</report>
			<report>
				<misses>21295001</misses>
				<total>47</total>
				<timestamp>6382.112270</timestamp>
			</report>
			<report>
				<misses>21296001</misses>
				<total>47</total>
				<timestamp>6382.412002</timestamp>
			</report>
			<report>
				<misses>21297001</misses>
				<total>47</total>
				<timestamp>6382.711665</timestamp>
			</report>
			<report>
				<misses>21298001</misses>
				<total>47</total>
				<timestamp>6383.011374</timestamp>
			</report>
			<report>
				<misses>21299001</misses>
				<total>47</total>
				<timestamp>6383.311176</timestamp>
			</report>
			<report>
				<misses>21300001</misses>
				<total>47</total>
				<timestamp>6383.610797</timestamp>
			</report>
			<report>
				<misses>21301001</misses>
				<total>47</total>
				<timestamp>6383.910504</timestamp>
			</report>
			<report>
				<misses>21302001</misses>
				<total>47</total>
				<timestamp>6384.210187</timestamp>
			</report>
			<report>
				<misses>21303001</misses>
				<total>47</total>
				<timestamp>6384.509869</timestamp>
			</report>
			<report>
				<misses>21304001</misses>
				<total>47</total>
				<timestamp>6384.809621</timestamp>
			</report>
			<report>
				<misses>21305001</misses>
				<total>47</total>
				<timestamp>6385.109263</timestamp>
			</report>
			<report>
				<misses>21306001</misses>
				<total>47</total>
				<timestamp>6385.408999</timestamp>
			</report>
			<report>
				<misses>21307001</misses>
				<total>47</total>
				<timestamp>6385.708679</timestamp>
			</report>
			<report>
				<misses>21308001</misses>
				<total>46</total>
				<timestamp>6386.008514</timestamp>
			</report>
			<report>
				<misses>21309001</misses>
				<total>47</total>
				<timestamp>6386.308065</timestamp>
			</report>
			<report>
				<misses>21310001</misses>
				<total>47</total>
				<timestamp>6386.607776</timestamp>
			</report>
			<report>
				<misses>21311001</misses>
				<total>47</total>
				<timestamp>6386.907496</timestamp>
			</report>
			<report>
				<misses>21312001</misses>
				<total>47</total>
				<timestamp>6387.207176</timestamp>
			</report>
			<report>
				<misses>21313001</misses>
				<total>47</total>
				<timestamp>6387.506879</timestamp>
			</report>
			<report>
				<misses>21314001</misses>
				<total>47</total>
				<timestamp>6387.806633</timestamp>
			</report>
			<report>
				<misses>21315001</misses>
				<total>47</total>
				<timestamp>6388.106274</timestamp>
			</report>
			<report>
				<misses>21316001</misses>
				<total>47</total>
				<timestamp>6388.406008</timestamp>
			</report>
			<report>
				<misses>21317001</misses>
				<total>46</total>
				<timestamp>6388.705779</timestamp>
			</report>
			<report>
				<misses>21318001</misses>
				<total>47</total>
				<timestamp>6389.005386</timestamp>
			</report>
			<report>
				<misses>21319001</misses>
				<total>46</total>
				<timestamp>6389.305192</timestamp>
			</report>
			<report>
				<misses>21320001</misses>
				<total>47</total>
				<timestamp>6389.604807</timestamp>
			</report>
			<report>
				<misses>21321001</misses>
				<total>47</total>
				<timestamp>6389.904465</timestamp>
			</report>
			<report>
				<misses>21322001</misses>
				<total>47</total>
				<timestamp>6390.204165</timestamp>
			</report>
			<report>
				<misses>21323001</misses>
				<total>47</total>
				<timestamp>6390.503855</timestamp>
			</report>
			<report>
				<misses>21324001</misses>
				<total>47</total>
				<timestamp>6390.803575</timestamp>
			</report>
			<report>
				<misses>21325001</misses>
				<total>47</total>
				<timestamp>6391.103273</timestamp>
			</report>
			<report>
				<misses>21326001</misses>
				<total>47</total>
				<timestamp>6391.402974</timestamp>
			</report>
			<report>
				<misses>21327001</misses>
				<total>47</total>
				<timestamp>6391.702752</timestamp>
			</report>
			<report>
				<misses>21328001</misses>
				<total>47</total>
				<timestamp>6392.002395</timestamp>
			</report>
			<report>
				<misses>21329001</misses>
				<total>47</total>
				<timestamp>6392.302127</timestamp>
			</report>
			<report>
				<misses>21330001</misses>
				<total>47</total>
				<timestamp>6392.601782</timestamp>
			</report>
			<report>
				<misses>21331001</misses>
				<total>47</total>
				<timestamp>6392.901515</timestamp>
			</report>
			<report>
				<misses>21332001</misses>
				<total>47</total>
				<timestamp>6393.201179</timestamp>
			</report>
			<report>
				<misses>21333001</misses>
				<total>47</total>
				<timestamp>6393.500933</timestamp>
			</report>
			<report>
				<misses>21334001</misses>
				<total>47</total>
				<timestamp>6393.800601</timestamp>
			</report>
			<report>
				<misses>21335001</misses>
				<total>47</total>
				<timestamp>6394.100301</timestamp>
			</report>
			<report>
				<misses>21336001</misses>
				<total>47</total>
				<timestamp>6394.400029</timestamp>
			</report>
			<report>
				<misses>21337001</misses>
				<total>47</total>
				<timestamp>6394.699674</timestamp>
			</report>
			<report>
				<misses>21338001</misses>
				<total>47</total>
				<timestamp>6394.999408</timestamp>
			</report>
			<report>
				<misses>21339001</misses>
				<total>47</total>
				<timestamp>6395.299080</timestamp>
			</report>
			<report>
				<misses>21340001</misses>
				<total>47</total>
				<timestamp>6395.598845</timestamp>
			</report>
			<report>
				<misses>21341001</misses>
				<total>47</total>
				<timestamp>6395.898524</timestamp>
			</report>
			<report>
				<misses>21342001</misses>
				<total>47</total>
				<timestamp>6396.198169</timestamp>
			</report>
			<report>
				<misses>21343001</misses>
				<total>47</total>
				<timestamp>6396.497862</timestamp>
			</report>
			<report>
				<misses>21344001</misses>
				<total>47</total>
				<timestamp>6396.797563</timestamp>
			</report>
			<report>
				<misses>21345001</misses>
				<total>47</total>
				<timestamp>6397.097285</timestamp>
			</report>
			<report>
				<misses>21346001</misses>
				<total>47</total>
				<timestamp>6397.396997</timestamp>
			</report>
			<report>
				<misses>21347001</misses>
				<total>46</total>
				<timestamp>6397.696782</timestamp>
			</report>
			<report>
				<misses>21348001</misses>
				<total>47</total>
				<timestamp>6397.996407</timestamp>
			</report>
			<report>
				<misses>21349001</misses>
				<total>47</total>
				<timestamp>6398.296090</timestamp>
			</report>
			<report>
				<misses>21350001</misses>
				<total>47</total>
				<timestamp>6398.595790</timestamp>
			</report>
			<report>
				<misses>21351001</misses>
				<total>47</total>
				<timestamp>6398.895495</timestamp>
			</report>
			<report>
				<misses>21352001</misses>
				<total>47</total>
				<timestamp>6399.195161</timestamp>
			</report>
			<report>
				<misses>21353001</misses>
				<total>47</total>
				<timestamp>6399.494938</timestamp>
			</report>
			<report>
				<misses>21354001</misses>
				<total>47</total>
				<timestamp>6399.794576</timestamp>
			</report>
			<report>
				<misses>21355001</misses>
				<total>47</total>
				<timestamp>6400.094273</timestamp>
			</report>
			<report>
				<misses>21356001</misses>
				<total>47</total>
				<timestamp>6400.394009</timestamp>
			</report>
			<report>
				<misses>21357001</misses>
				<total>47</total>
				<timestamp>6400.693674</timestamp>
			</report>
			<report>
				<misses>21358001</misses>
				<total>47</total>
				<timestamp>6400.993406</timestamp>
			</report>
			<report>
				<misses>21359001</misses>
				<total>47</total>
				<timestamp>6401.293075</timestamp>
			</report>
			<report>
				<misses>21360001</misses>
				<total>47</total>
				<timestamp>6401.592780</timestamp>
			</report>
			<report>
				<misses>21361001</misses>
				<total>46</total>
				<timestamp>6401.892570</timestamp>
			</report>
			<report>
				<misses>21362001</misses>
				<total>47</total>
				<timestamp>6402.192199</timestamp>
			</report>
			<report>
				<misses>21363001</misses>
				<total>47</total>
				<timestamp>6402.491874</timestamp>
			</report>
			<report>
				<misses>21364001</misses>
				<total>47</total>
				<timestamp>6402.791592</timestamp>
			</report>
			<report>
				<misses>21365001</misses>
				<total>47</total>
				<timestamp>6403.091273</timestamp>
			</report>
			<report>
				<misses>21366001</misses>
				<total>46</total>
				<timestamp>6403.391094</timestamp>
			</report>
			<report>
				<misses>21367001</misses>
				<total>46</total>
				<timestamp>6403.690784</timestamp>
			</report>
			<report>
				<misses>21368001</misses>
				<total>47</total>
				<timestamp>6403.990387</timestamp>
			</report>
			<report>
				<misses>21369001</misses>
				<total>47</total>
				<timestamp>6404.290071</timestamp>
			</report>
			<report>
				<misses>21370001</misses>
				<total>47</total>
				<timestamp>6404.589816</timestamp>
			</report>
			<report>
				<misses>21371001</misses>
				<total>47</total>
				<timestamp>6404.889478</timestamp>
			</report>
			<report>
				<misses>21372001</misses>
				<total>47</total>
				<timestamp>6405.189176</timestamp>
			</report>
			<report>
				<misses>21373001</misses>
				<total>47</total>
				<timestamp>6405.488898</timestamp>
			</report>
			<report>
				<misses>21374001</misses>
				<total>47</total>
				<timestamp>6405.788589</timestamp>
			</report>
			<report>
				<misses>21375001</misses>
				<total>47</total>
				<timestamp>6406.088272</timestamp>
			</report>
			<report>
				<misses>21376001</misses>
				<total>47</total>
				<timestamp>6406.388010</timestamp>
			</report>
			<report>
				<misses>21377001</misses>
				<total>47</total>
				<timestamp>6406.687681</timestamp>
			</report>
			<report>
				<misses>21378001</misses>
				<total>47</total>
				<timestamp>6406.987406</timestamp>
			</report>
			<report>
				<misses>21379001</misses>
				<total>47</total>
				<timestamp>6407.287101</timestamp>
			</report>
			<report>
				<misses>21380001</misses>
				<total>47</total>
				<timestamp>6407.586776</timestamp>
			</report>
			<report>
				<misses>21381001</misses>
				<total>47</total>
				<timestamp>6407.886494</timestamp>
			</report>
			<report>
				<misses>21382001</misses>
				<total>47</total>
				<timestamp>6408.186175</timestamp>
			</report>
			<report>
				<misses>21383001</misses>
				<total>47</total>
				<timestamp>6408.485880</timestamp>
			</report>
			<report>
				<misses>21384001</misses>
				<total>47</total>
				<timestamp>6408.785596</timestamp>
			</report>
			<report>
				<misses>21385001</misses>
				<total>47</total>
				<timestamp>6409.085292</timestamp>
			</report>
			<report>
				<misses>21386001</misses>
				<total>47</total>
				<timestamp>6409.384990</timestamp>
			</report>
			<report>
				<misses>21387001</misses>
				<total>46</total>
				<timestamp>6409.684795</timestamp>
			</report>
			<report>
				<misses>21388001</misses>
				<total>47</total>
				<timestamp>6409.984402</timestamp>
			</report>
			<report>
				<misses>21389001</misses>
				<total>47</total>
				<timestamp>6410.284095</timestamp>
			</report>
			<report>
				<misses>21390001</misses>
				<total>46</total>
				<timestamp>6410.583871</timestamp>
			</report>
			<report>
				<misses>21391001</misses>
				<total>47</total>
				<timestamp>6410.883491</timestamp>
			</report>
			<report>
				<misses>21392001</misses>
				<total>47</total>
				<timestamp>6411.183180</timestamp>
			</report>
			<report>
				<misses>21393001</misses>
				<total>47</total>
				<timestamp>6411.482944</timestamp>
			</report>
			<report>
				<misses>21394001</misses>
				<total>47</total>
				<timestamp>6411.782643</timestamp>
			</report>
			<report>
				<misses>21395001</misses>
				<total>47</total>
				<timestamp>6412.082300</timestamp>
			</report>
			<report>
				<misses>21396001</misses>
				<total>47</total>
				<timestamp>6412.381980</timestamp>
			</report>
			<report>
				<misses>21397001</misses>
				<total>47</total>
				<timestamp>6412.681742</timestamp>
			</report>
			<report>
				<misses>21398001</misses>
				<total>47</total>
				<timestamp>6412.981384</timestamp>
			</report>
			<report>
				<misses>21399001</misses>
				<total>47</total>
				<timestamp>6413.281061</timestamp>
			</report>
			<report>
				<misses>21400001</misses>
				<total>47</total>
				<timestamp>6413.580766</timestamp>
			</report>
			<report>
				<misses>21401001</misses>
				<total>47</total>
				<timestamp>6413.880467</timestamp>
			</report>
			<report>
				<misses>21402001</misses>
				<total>47</total>
				<timestamp>6414.180188</timestamp>
			</report>
			<report>
				<misses>21403001</misses>
				<total>47</total>
				<timestamp>6414.479927</timestamp>
			</report>
			<report>
				<misses>21404001</misses>
				<total>47</total>
				<timestamp>6414.779642</timestamp>
			</report>
			<report>
				<misses>21405001</misses>
				<total>47</total>
				<timestamp>6415.079289</timestamp>
			</report>
			<report>
				<misses>21406001</misses>
				<total>47</total>
				<timestamp>6415.378994</timestamp>
			</report>
			<report>
				<misses>21407001</misses>
				<total>47</total>
				<timestamp>6415.678755</timestamp>
			</report>
			<report>
				<misses>21408001</misses>
				<total>47</total>
				<timestamp>6415.978410</timestamp>
			</report>
			<report>
				<misses>21409001</misses>
				<total>47</total>
				<timestamp>6416.278064</timestamp>
			</report>
			<report>
				<misses>21410001</misses>
				<total>47</total>
				<timestamp>6416.577764</timestamp>
			</report>
			<report>
				<misses>21411001</misses>
				<total>47</total>
				<timestamp>6416.877481</timestamp>
			</report>
			<report>
				<misses>21412001</misses>
				<total>47</total>
				<timestamp>6417.177176</timestamp>
			</report>
			<report>
				<misses>21413001</misses>
				<total>47</total>
				<timestamp>6417.476870</timestamp>
			</report>
			<report>
				<misses>21414001</misses>
				<total>47</total>
				<timestamp>6417.776592</timestamp>
			</report>
			<report>
				<misses>21415001</misses>
				<total>47</total>
				<timestamp>6418.076290</timestamp>
			</report>
			<report>
				<misses>21416001</misses>
				<total>47</total>
				<timestamp>6418.376014</timestamp>
			</report>
			<report>
				<misses>21417001</misses>
				<total>47</total>
				<timestamp>6418.675699</timestamp>
			</report>
			<report>
				<misses>21418001</misses>
				<total>47</total>
				<timestamp>6418.975388</timestamp>
			</report>
			<report>
				<misses>21419001</misses>
				<total>47</total>
				<timestamp>6419.275065</timestamp>
			</report>
			<report>
				<misses>21420001</misses>
				<total>47</total>
				<timestamp>6419.574846</timestamp>
			</report>
			<report>
				<misses>21421001</misses>
				<total>47</total>
				<timestamp>6419.874542</timestamp>
			</report>
			<report>
				<misses>21422001</misses>
				<total>47</total>
				<timestamp>6420.174166</timestamp>
			</report>
			<report>
				<misses>21423001</misses>
				<total>47</total>
				<timestamp>6420.473877</timestamp>
			</report>
			<report>
				<misses>21424001</misses>
				<total>47</total>
				<timestamp>6420.773571</timestamp>
			</report>
			<report>
				<misses>21425001</misses>
				<total>47</total>
				<timestamp>6421.073284</timestamp>
			</report>
			<report>
				<misses>21426001</misses>
				<total>47</total>
				<timestamp>6421.373009</timestamp>
			</report>
			<report>
				<misses>21427001</misses>
				<total>47</total>
				<timestamp>6421.672720</timestamp>
			</report>
			<report>
				<misses>21428001</misses>
				<total>47</total>
				<timestamp>6421.972415</timestamp>
			</report>
			<report>
				<misses>21429001</misses>
				<total>47</total>
				<timestamp>6422.272110</timestamp>
			</report>
			<report>
				<misses>21430001</misses>
				<total>47</total>
				<timestamp>6422.571839</timestamp>
			</report>
			<report>
				<misses>21431001</misses>
				<total>46</total>
				<timestamp>6422.871587</timestamp>
			</report>
			<report>
				<misses>21432001</misses>
				<total>47</total>
				<timestamp>6423.171211</timestamp>
			</report>
			<report>
				<misses>21433001</misses>
				<total>47</total>
				<timestamp>6423.470885</timestamp>
			</report>
			<report>
				<misses>21434001</misses>
				<total>46</total>
				<timestamp>6423.770764</timestamp>
			</report>
			<report>
				<misses>21435001</misses>
				<total>47</total>
				<timestamp>6424.070293</timestamp>
			</report>
			<report>
				<misses>21436001</misses>
				<total>47</total>
				<timestamp>6424.369983</timestamp>
			</report>
			<report>
				<misses>21437001</misses>
				<total>47</total>
				<timestamp>6424.669708</timestamp>
			</report>
			<report>
				<misses>21438001</misses>
				<total>47</total>
				<timestamp>6424.969366</timestamp>
			</report>
			<report>
				<misses>21439001</misses>
				<total>47</total>
				<timestamp>6425.269081</timestamp>
			</report>
			<report>
				<misses>21440001</misses>
				<total>47</total>
				<timestamp>6425.568807</timestamp>
			</report>
			<report>
				<misses>21441001</misses>
				<total>46</total>
				<timestamp>6425.868589</timestamp>
			</report>
			<report>
				<misses>21442001</misses>
				<total>47</total>
				<timestamp>6426.168211</timestamp>
			</report>
			<report>
				<misses>21443001</misses>
				<total>47</total>
				<timestamp>6426.467957</timestamp>
			</report>
			<report>
				<misses>21444001</misses>
				<total>47</total>
				<timestamp>6426.767648</timestamp>
			</report>
			<report>
				<misses>21445001</misses>
				<total>47</total>
				<timestamp>6427.067272</timestamp>
			</report>
			<report>
				<misses>21446001</misses>
				<total>47</total>
				<timestamp>6427.366996</timestamp>
			</report>
			<report>
				<misses>21447001</misses>
				<total>47</total>
				<timestamp>6427.666672</timestamp>
			</report>
			<report>
				<misses>21448001</misses>
				<total>47</total>
				<timestamp>6427.966366</timestamp>
			</report>
			<report>
				<misses>21449001</misses>
				<total>47</total>
				<timestamp>6428.266137</timestamp>
			</report>
			<report>
				<misses>21450001</misses>
				<total>47</total>
				<timestamp>6428.565769</timestamp>
			</report>
			<report>
				<misses>21451001</misses>
				<total>47</total>
				<timestamp>6428.865467</timestamp>
			</report>
			<report>
				<misses>21452001</misses>
				<total>47</total>
				<timestamp>6429.165236</timestamp>
			</report>
			<report>
				<misses>21453001</misses>
				<total>47</total>
				<timestamp>6429.464874</timestamp>
			</report>
			<report>
				<misses>21454001</misses>
				<total>47</total>
				<timestamp>6429.764581</timestamp>
			</report>
			<report>
				<misses>21455001</misses>
				<total>47</total>
				<timestamp>6430.064293</timestamp>
			</report>
			<report>
				<misses>21456001</misses>
				<total>47</total>
				<timestamp>6430.363978</timestamp>
			</report>
			<report>
				<misses>21457001</misses>
				<total>47</total>
				<timestamp>6430.663710</timestamp>
			</report>
			<report>
				<misses>21458001</misses>
				<total>47</total>
				<timestamp>6430.963369</timestamp>
			</report>
			<report>
				<misses>21459001</misses>
				<total>47</total>
				<timestamp>6431.263065</timestamp>
			</report>
			<report>
				<misses>21460001</misses>
				<total>47</total>
				<timestamp>6431.562843</timestamp>
			</report>
			<report>
				<misses>21461001</misses>
				<total>47</total>
				<timestamp>6431.862499</timestamp>
			</report>
			<report>
				<misses>21462001</misses>
				<total>47</total>
				<timestamp>6432.162218</timestamp>
			</report>
			<report>
				<misses>21463001</misses>
				<total>47</total>
				<timestamp>6432.461864</timestamp>
			</report>
			<report>
				<misses>21464001</misses>
				<total>46</total>
				<timestamp>6432.761681</timestamp>
			</report>
			<report>
				<misses>21465001</misses>
				<total>47</total>
				<timestamp>6433.061303</timestamp>
			</report>
			<report>
				<misses>21466001</misses>
				<total>47</total>
				<timestamp>6433.360985</timestamp>
			</report>
			<report>
				<misses>21467001</misses>
				<total>47</total>
				<timestamp>6433.660658</timestamp>
			</report>
			<report>
				<misses>21468001</misses>
				<total>47</total>
				<timestamp>6433.960432</timestamp>
			</report>
			<report>
				<misses>21469001</misses>
				<total>47</total>
				<timestamp>6434.260076</timestamp>
			</report>
			<report>
				<misses>21470001</misses>
				<total>47</total>
				<timestamp>6434.559762</timestamp>
			</report>
			<report>
				<misses>21471001</misses>
				<total>47</total>
				<timestamp>6434.859528</timestamp>
			</report>
			<report>
				<misses>21472001</misses>
				<total>47</total>
				<timestamp>6435.159211</timestamp>
			</report>
			<report>
				<misses>21473001</misses>
				<total>47</total>
				<timestamp>6435.458874</timestamp>
			</report>
			<report>
				<misses>21474001</misses>
				<total>47</total>
				<timestamp>6435.758625</timestamp>
			</report>
			<report>
				<misses>21475001</misses>
				<total>47</total>
				<timestamp>6436.058295</timestamp>
			</report>
			<report>
				<misses>21476001</misses>
				<total>47</total>
				<timestamp>6436.357998</timestamp>
			</report>
			<report>
				<misses>21477001</misses>
				<total>47</total>
				<timestamp>6436.657666</timestamp>
			</report>
			<report>
				<misses>21478001</misses>
				<total>47</total>
				<timestamp>6436.957376</timestamp>
			</report>
			<report>
				<misses>21479001</misses>
				<total>47</total>
				<timestamp>6437.257098</timestamp>
			</report>
			<report>
				<misses>21480001</misses>
				<total>47</total>
				<timestamp>6437.556777</timestamp>
			</report>
			<report>
				<misses>21481001</misses>
				<total>47</total>
				<timestamp>6437.856476</timestamp>
			</report>
			<report>
				<misses>21482001</misses>
				<total>47</total>
				<timestamp>6438.156212</timestamp>
			</report>
			<report>
				<misses>21483001</misses>
				<total>47</total>
				<timestamp>6438.455900</timestamp>
			</report>
			<report>
				<misses>21484001</misses>
				<total>47</total>
				<timestamp>6438.755580</timestamp>
			</report>
			<report>
				<misses>21485001</misses>
				<total>47</total>
				<timestamp>6439.055286</timestamp>
			</report>
			<report>
				<misses>21486001</misses>
				<total>47</total>
				<timestamp>6439.355009</timestamp>
			</report>
			<report>
				<misses>21487001</misses>
				<total>47</total>
				<timestamp>6439.654681</timestamp>
			</report>
			<report>
				<misses>21488001</misses>
				<total>47</total>
				<timestamp>6439.954428</timestamp>
			</report>
			<report>
				<misses>21489001</misses>
				<total>47</total>
				<timestamp>6440.254091</timestamp>
			</report>
			<report>
				<misses>21490001</misses>
				<total>47</total>
				<timestamp>6440.553764</timestamp>
			</report>
			<report>
				<misses>21491001</misses>
				<total>47</total>
				<timestamp>6440.853554</timestamp>
			</report>
			<report>
				<misses>21492001</misses>
				<total>47</total>
				<timestamp>6441.153174</timestamp>
			</report>
			<report>
				<misses>21493001</misses>
				<total>47</total>
				<timestamp>6441.452954</timestamp>
			</report>
			<report>
				<misses>21494001</misses>
				<total>47</total>
				<timestamp>6441.752577</timestamp>
			</report>
			<report>
				<misses>21495001</misses>
				<total>47</total>
				<timestamp>6442.052276</timestamp>
			</report>
			<report>
				<misses>21496001</misses>
				<total>47</total>
				<timestamp>6442.351999</timestamp>
			</report>
			<report>
				<misses>21497001</misses>
				<total>47</total>
				<timestamp>6442.651688</timestamp>
			</report>
			<report>
				<misses>21498001</misses>
				<total>47</total>
				<timestamp>6442.951370</timestamp>
			</report>
			<report>
				<misses>21499001</misses>
				<total>47</total>
				<timestamp>6443.251150</timestamp>
			</report>
			<report>
				<misses>21500001</misses>
				<total>47</total>
				<timestamp>6443.550801</timestamp>
			</report>
			<report>
				<misses>21501001</misses>
				<total>47</total>
				<timestamp>6443.850473</timestamp>
			</report>
			<report>
				<misses>21502001</misses>
				<total>47</total>
				<timestamp>6444.150239</timestamp>
			</report>
			<report>
				<misses>21503001</misses>
				<total>47</total>
				<timestamp>6444.449881</timestamp>
			</report>
			<report>
				<misses>21504001</misses>
				<total>47</total>
				<timestamp>6444.749631</timestamp>
			</report>
			<report>
				<misses>21505001</misses>
				<total>47</total>
				<timestamp>6445.049269</timestamp>
			</report>
			<report>
				<misses>21506001</misses>
				<total>47</total>
				<timestamp>6445.348996</timestamp>
			</report>
			<report>
				<misses>21507001</misses>
				<total>47</total>
				<timestamp>6445.648660</timestamp>
			</report>
			<report>
				<misses>21508001</misses>
				<total>47</total>
				<timestamp>6445.948397</timestamp>
			</report>
			<report>
				<misses>21509001</misses>
				<total>47</total>
				<timestamp>6446.248116</timestamp>
			</report>
			<report>
				<misses>21510001</misses>
				<total>46</total>
				<timestamp>6446.547872</timestamp>
			</report>
			<report>
				<misses>21511001</misses>
				<total>47</total>
				<timestamp>6446.847473</timestamp>
			</report>
			<report>
				<misses>21512001</misses>
				<total>47</total>
				<timestamp>6447.147207</timestamp>
			</report>
			<report>
				<misses>21513001</misses>
				<total>47</total>
				<timestamp>6447.446864</timestamp>
			</report>
			<report>
				<misses>21514001</misses>
				<total>47</total>
				<timestamp>6447.746586</timestamp>
			</report>
			<report>
				<misses>21515001</misses>
				<total>47</total>
				<timestamp>6448.046285</timestamp>
			</report>
			<report>
				<misses>21516001</misses>
				<total>47</total>
				<timestamp>6448.346067</timestamp>
			</report>
			<report>
				<misses>21517001</misses>
				<total>47</total>
				<timestamp>6448.645675</timestamp>
			</report>
			<report>
				<misses>21518001</misses>
				<total>47</total>
				<timestamp>6448.945411</timestamp>
			</report>
			<report>
				<misses>21519001</misses>
				<total>47</total>
				<timestamp>6449.245100</timestamp>
			</report>
			<report>
				<misses>21520001</misses>
				<total>47</total>
				<timestamp>6449.544768</timestamp>
			</report>
			<report>
				<misses>21521001</misses>
				<total>46</total>
				<timestamp>6449.844584</timestamp>
			</report>
			<report>
				<misses>21522001</misses>
				<total>47</total>
				<timestamp>6450.144253</timestamp>
			</report>
			<report>
				<misses>21523001</misses>
				<total>47</total>
				<timestamp>6450.443893</timestamp>
			</report>
			<report>
				<misses>21524001</misses>
				<total>47</total>
				<timestamp>6450.743576</timestamp>
			</report>
			<report>
				<misses>21525001</misses>
				<total>47</total>
				<timestamp>6451.043286</timestamp>
			</report>
			<report>
				<misses>21526001</misses>
				<total>47</total>
				<timestamp>6451.343050</timestamp>
			</report>
			<report>
				<misses>21527001</misses>
				<total>47</total>
				<timestamp>6451.642703</timestamp>
			</report>
			<report>
				<misses>21528001</misses>
				<total>47</total>
				<timestamp>6451.942370</timestamp>
			</report>
			<report>
				<misses>21529001</misses>
				<total>47</total>
				<timestamp>6452.242081</timestamp>
			</report>
			<report>
				<misses>21530001</misses>
				<total>47</total>
				<timestamp>6452.541877</timestamp>
			</report>
			<report>
				<misses>21531001</misses>
				<total>47</total>
				<timestamp>6452.841528</timestamp>
			</report>
			<report>
				<misses>21532001</misses>
				<total>47</total>
				<timestamp>6453.141197</timestamp>
			</report>
			<report>
				<misses>21533001</misses>
				<total>47</total>
				<timestamp>6453.440866</timestamp>
			</report>
			<report>
				<misses>21534001</misses>
				<total>47</total>
				<timestamp>6453.740616</timestamp>
			</report>
			<report>
				<misses>21535001</misses>
				<total>47</total>
				<timestamp>6454.040290</timestamp>
			</report>
			<report>
				<misses>21536001</misses>
				<total>47</total>
				<timestamp>6454.340082</timestamp>
			</report>
			<report>
				<misses>21537001</misses>
				<total>47</total>
				<timestamp>6454.639685</timestamp>
			</report>
			<report>
				<misses>21538001</misses>
				<total>47</total>
				<timestamp>6454.939437</timestamp>
			</report>
			<report>
				<misses>21539001</misses>
				<total>47</total>
				<timestamp>6455.239073</timestamp>
			</report>
			<report>
				<misses>21540001</misses>
				<total>47</total>
				<timestamp>6455.538783</timestamp>
			</report>
			<report>
				<misses>21541001</misses>
				<total>47</total>
				<timestamp>6455.838475</timestamp>
			</report>
			<report>
				<misses>21542001</misses>
				<total>47</total>
				<timestamp>6456.138176</timestamp>
			</report>
			<report>
				<misses>21543001</misses>
				<total>47</total>
				<timestamp>6456.437879</timestamp>
			</report>
			<report>
				<misses>21544001</misses>
				<total>47</total>
				<timestamp>6456.737568</timestamp>
			</report>
			<report>
				<misses>21545001</misses>
				<total>47</total>
				<timestamp>6457.037283</timestamp>
			</report>
			<report>
				<misses>21546001</misses>
				<total>47</total>
				<timestamp>6457.337001</timestamp>
			</report>
			<report>
				<misses>21547001</misses>
				<total>47</total>
				<timestamp>6457.636668</timestamp>
			</report>
			<report>
				<misses>21548001</misses>
				<total>47</total>
				<timestamp>6457.936357</timestamp>
			</report>
			<report>
				<misses>21549001</misses>
				<total>47</total>
				<timestamp>6458.236070</timestamp>
			</report>
			<report>
				<misses>21550001</misses>
				<total>47</total>
				<timestamp>6458.535771</timestamp>
			</report>
			<report>
				<misses>21551001</misses>
				<total>47</total>
				<timestamp>6458.835495</timestamp>
			</report>
			<report>
				<misses>21552001</misses>
				<total>47</total>
				<timestamp>6459.135199</timestamp>
			</report>
			<report>
				<misses>21553001</misses>
				<total>47</total>
				<timestamp>6459.434873</timestamp>
			</report>
			<report>
				<misses>21554001</misses>
				<total>47</total>
				<timestamp>6459.734610</timestamp>
			</report>
			<report>
				<misses>21555001</misses>
				<total>47</total>
				<timestamp>6460.034282</timestamp>
			</report>
			<report>
				<misses>21556001</misses>
				<total>47</total>
				<timestamp>6460.334024</timestamp>
			</report>
			<report>
				<misses>21557001</misses>
				<total>47</total>
				<timestamp>6460.633670</timestamp>
			</report>
			<report>
				<misses>21558001</misses>
				<total>47</total>
				<timestamp>6460.933400</timestamp>
			</report>
			<report>
				<misses>21559001</misses>
				<total>47</total>
				<timestamp>6461.233110</timestamp>
			</report>
			<report>
				<misses>21560001</misses>
				<total>47</total>
				<timestamp>6461.532776</timestamp>
			</report>
			<report>
				<misses>21561001</misses>
				<total>47</total>
				<timestamp>6461.832540</timestamp>
			</report>
			<report>
				<misses>21562001</misses>
				<total>47</total>
				<timestamp>6462.132182</timestamp>
			</report>
			<report>
				<misses>21563001</misses>
				<total>47</total>
				<timestamp>6462.431881</timestamp>
			</report>
			<report>
				<misses>21564001</misses>
				<total>47</total>
				<timestamp>6462.731632</timestamp>
			</report>
			<report>
				<misses>21565001</misses>
				<total>47</total>
				<timestamp>6463.031295</timestamp>
			</report>
			<report>
				<misses>21566001</misses>
				<total>47</total>
				<timestamp>6463.331027</timestamp>
			</report>
			<report>
				<misses>21567001</misses>
				<total>47</total>
				<timestamp>6463.630751</timestamp>
			</report>
			<report>
				<misses>21568001</misses>
				<total>47</total>
				<timestamp>6463.930403</timestamp>
			</report>
			<report>
				<misses>21569001</misses>
				<total>47</total>
				<timestamp>6464.230146</timestamp>
			</report>
			<report>
				<misses>21570001</misses>
				<total>47</total>
				<timestamp>6464.529788</timestamp>
			</report>
			<report>
				<misses>21571001</misses>
				<total>47</total>
				<timestamp>6464.829473</timestamp>
			</report>
			<report>
				<misses>21572001</misses>
				<total>47</total>
				<timestamp>6465.129169</timestamp>
			</report>
			<report>
				<misses>21573001</misses>
				<total>47</total>
				<timestamp>6465.428883</timestamp>
			</report>
			<report>
				<misses>21574001</misses>
				<total>47</total>
				<timestamp>6465.728574</timestamp>
			</report>
			<report>
				<misses>21575001</misses>
				<total>47</total>
				<timestamp>6466.028269</timestamp>
			</report>
			<report>
				<misses>21576001</misses>
				<total>47</total>
				<timestamp>6466.328050</timestamp>
			</report>
			<report>
				<misses>21577001</misses>
				<total>47</total>
				<timestamp>6466.627680</timestamp>
			</report>
			<report>
				<misses>21578001</misses>
				<total>47</total>
				<timestamp>6466.927434</timestamp>
			</report>
			<report>
				<misses>21579001</misses>
				<total>47</total>
				<timestamp>6467.227105</timestamp>
			</report>
			<report>
				<misses>21580001</misses>
				<total>47</total>
				<timestamp>6467.526773</timestamp>
			</report>
			<report>
				<misses>21581001</misses>
				<total>47</total>
				<timestamp>6467.826497</timestamp>
			</report>
			<report>
				<misses>21582001</misses>
				<total>47</total>
				<timestamp>6468.126160</timestamp>
			</report>
			<report>
				<misses>21583001</misses>
				<total>47</total>
				<timestamp>6468.425933</timestamp>
			</report>
			<report>
				<misses>21584001</misses>
				<total>47</total>
				<timestamp>6468.725583</timestamp>
			</report>
			<report>
				<misses>21585001</misses>
				<total>46</total>
				<timestamp>6469.025371</timestamp>
			</report>
			<report>
				<misses>21586001</misses>
				<total>47</total>
				<timestamp>6469.325069</timestamp>
			</report>
			<report>
				<misses>21587001</misses>
				<total>47</total>
				<timestamp>6469.624673</timestamp>
			</report>
			<report>
				<misses>21588001</misses>
				<total>46</total>
				<timestamp>6469.924476</timestamp>
			</report>
			<report>
				<misses>21589001</misses>
				<total>47</total>
				<timestamp>6470.224114</timestamp>
			</report>
			<report>
				<misses>21590001</misses>
				<total>47</total>
				<timestamp>6470.523767</timestamp>
			</report>
			<report>
				<misses>21591001</misses>
				<total>47</total>
				<timestamp>6470.823472</timestamp>
			</report>
			<report>
				<misses>21592001</misses>
				<total>47</total>
				<timestamp>6471.123170</timestamp>
			</report>
			<report>
				<misses>21593001</misses>
				<total>47</total>
				<timestamp>6471.422948</timestamp>
			</report>
			<report>
				<misses>21594001</misses>
				<total>47</total>
				<timestamp>6471.722644</timestamp>
			</report>
			<report>
				<misses>21595001</misses>
				<total>47</total>
				<timestamp>6472.022258</timestamp>
			</report>
			<report>
				<misses>21596001</misses>
				<total>47</total>
				<timestamp>6472.321983</timestamp>
			</report>
			<report>
				<misses>21597001</misses>
				<total>47</total>
				<timestamp>6472.621669</timestamp>
			</report>
			<report>
				<misses>21598001</misses>
				<total>47</total>
				<timestamp>6472.921379</timestamp>
			</report>
			<report>
				<misses>21599001</misses>
				<total>47</total>
				<timestamp>6473.221070</timestamp>
			</report>
			<report>
				<misses>21600001</misses>
				<total>47</total>
				<timestamp>6473.520784</timestamp>
			</report>
			<report>
				<misses>21601001</misses>
				<total>47</total>
				<timestamp>6473.820467</timestamp>
			</report>
			<report>
				<misses>21602001</misses>
				<total>47</total>
				<timestamp>6474.120168</timestamp>
			</report>
			<report>
				<misses>21603001</misses>
				<total>47</total>
				<timestamp>6474.419936</timestamp>
			</report>
			<report>
				<misses>21604001</misses>
				<total>47</total>
				<timestamp>6474.719573</timestamp>
			</report>
			<report>
				<misses>21605001</misses>
				<total>47</total>
				<timestamp>6475.019322</timestamp>
			</report>
			<report>
				<misses>21606001</misses>
				<total>47</total>
				<timestamp>6475.319017</timestamp>
			</report>
			<report>
				<misses>21607001</misses>
				<total>47</total>
				<timestamp>6475.618679</timestamp>
			</report>
			<report>
				<misses>21608001</misses>
				<total>47</total>
				<timestamp>6475.918370</timestamp>
			</report>
			<report>
				<misses>21609001</misses>
				<total>47</total>
				<timestamp>6476.218074</timestamp>
			</report>
			<report>
				<misses>21610001</misses>
				<total>47</total>
				<timestamp>6476.517806</timestamp>
			</report>
			<report>
				<misses>21611001</misses>
				<total>46</total>
				<timestamp>6476.817577</timestamp>
			</report>
			<report>
				<misses>21612001</misses>
				<total>47</total>
				<timestamp>6477.117208</timestamp>
			</report>
			<report>
				<misses>21613001</misses>
				<total>47</total>
				<timestamp>6477.416900</timestamp>
			</report>
			<report>
				<misses>21614001</misses>
				<total>47</total>
				<timestamp>6477.716560</timestamp>
			</report>
			<report>
				<misses>21615001</misses>
				<total>47</total>
				<timestamp>6478.016271</timestamp>
			</report>
			<report>
				<misses>21616001</misses>
				<total>47</total>
				<timestamp>6478.316009</timestamp>
			</report>
			<report>
				<misses>21617001</misses>
				<total>47</total>
				<timestamp>6478.615673</timestamp>
			</report>
			<report>
				<misses>21618001</misses>
				<total>47</total>
				<timestamp>6478.915360</timestamp>
			</report>
			<report>
				<misses>21619001</misses>
				<total>47</total>
				<timestamp>6479.215082</timestamp>
			</report>
			<report>
				<misses>21620001</misses>
				<total>47</total>
				<timestamp>6479.514786</timestamp>
			</report>
			<report>
				<misses>21621001</misses>
				<total>47</total>
				<timestamp>6479.814487</timestamp>
			</report>
			<report>
				<misses>21622001</misses>
				<total>47</total>
				<timestamp>6480.114173</timestamp>
			</report>
			<report>
				<misses>21623001</misses>
				<total>47</total>
				<timestamp>6480.413896</timestamp>
			</report>
			<report>
				<misses>21624001</misses>
				<total>47</total>
				<timestamp>6480.713579</timestamp>
			</report>
			<report>
				<misses>21625001</misses>
				<total>46</total>
				<timestamp>6481.013384</timestamp>
			</report>
			<report>
				<misses>21626001</misses>
				<total>47</total>
				<timestamp>6481.312992</timestamp>
			</report>
			<report>
				<misses>21627001</misses>
				<total>47</total>
				<timestamp>6481.612740</timestamp>
			</report>
			<report>
				<misses>21628001</misses>
				<total>47</total>
				<timestamp>6481.912446</timestamp>
			</report>
			<report>
				<misses>21629001</misses>
				<total>47</total>
				<timestamp>6482.212073</timestamp>
			</report>
			<report>
				<misses>21630001</misses>
				<total>47</total>
				<timestamp>6482.511778</timestamp>
			</report>
			<report>
				<misses>21631001</misses>
				<total>47</total>
				<timestamp>6482.811486</timestamp>
			</report>
			<report>
				<misses>21632001</misses>
				<total>47</total>
				<timestamp>6483.111249</timestamp>
			</report>
			<report>
				<misses>21633001</misses>
				<total>47</total>
				<timestamp>6483.410873</timestamp>
			</report>
			<report>
				<misses>21634001</misses>
				<total>47</total>
				<timestamp>6483.710567</timestamp>
			</report>
			<report>
				<misses>21635001</misses>
				<total>47</total>
				<timestamp>6484.010283</timestamp>
			</report>
			<report>
				<misses>21636001</misses>
				<total>47</total>
				<timestamp>6484.309996</timestamp>
			</report>
			<report>
				<misses>21637001</misses>
				<total>47</total>
				<timestamp>6484.609744</timestamp>
			</report>
			<report>
				<misses>21638001</misses>
				<total>47</total>
				<timestamp>6484.909427</timestamp>
			</report>
			<report>
				<misses>21639001</misses>
				<total>47</total>
				<timestamp>6485.209073</timestamp>
			</report>
			<report>
				<misses>21640001</misses>
				<total>47</total>
				<timestamp>6485.508777</timestamp>
			</report>
			<report>
				<misses>21641001</misses>
				<total>47</total>
				<timestamp>6485.808478</timestamp>
			</report>
			<report>
				<misses>21642001</misses>
				<total>47</total>
				<timestamp>6486.108170</timestamp>
			</report>
			<report>
				<misses>21643001</misses>
				<total>47</total>
				<timestamp>6486.407874</timestamp>
			</report>
			<report>
				<misses>21644001</misses>
				<total>47</total>
				<timestamp>6486.707569</timestamp>
			</report>
			<report>
				<misses>21645001</misses>
				<total>46</total>
				<timestamp>6487.007362</timestamp>
			</report>
			<report>
				<misses>21646001</misses>
				<total>47</total>
				<timestamp>6487.307001</timestamp>
			</report>
			<report>
				<misses>21647001</misses>
				<total>47</total>
				<timestamp>6487.606685</timestamp>
			</report>
			<report>
				<misses>21648001</misses>
				<total>47</total>
				<timestamp>6487.906372</timestamp>
			</report>
			<report>
				<misses>21649001</misses>
				<total>47</total>
				<timestamp>6488.206091</timestamp>
			</report>
			<report>
				<misses>21650001</misses>
				<total>47</total>
				<timestamp>6488.505912</timestamp>
			</report>
			<report>
				<misses>21651001</misses>
				<total>47</total>
				<timestamp>6488.805519</timestamp>
			</report>
			<report>
				<misses>21652001</misses>
				<total>47</total>
				<timestamp>6489.105229</timestamp>
			</report>
			<report>
				<misses>21653001</misses>
				<total>47</total>
				<timestamp>6489.404877</timestamp>
			</report>
			<report>
				<misses>21654001</misses>
				<total>47</total>
				<timestamp>6489.704570</timestamp>
			</report>
			<report>
				<misses>21655001</misses>
				<total>47</total>
				<timestamp>6490.004274</timestamp>
			</report>
			<report>
				<misses>21656001</misses>
				<total>47</total>
				<timestamp>6490.303994</timestamp>
			</report>
			<report>
				<misses>21657001</misses>
				<total>47</total>
				<timestamp>6490.603676</timestamp>
			</report>
			<report>
				<misses>21658001</misses>
				<total>47</total>
				<timestamp>6490.903367</timestamp>
			</report>
			<report>
				<misses>21659001</misses>
				<total>47</total>
				<timestamp>6491.203078</timestamp>
			</report>
			<report>
				<misses>21660001</misses>
				<total>47</total>
				<timestamp>6491.502824</timestamp>
			</report>
			<report>
				<misses>21661001</misses>
				<total>47</total>
				<timestamp>6491.802467</timestamp>
			</report>
			<report>
				<misses>21662001</misses>
				<total>47</total>
				<timestamp>6492.102180</timestamp>
			</report>
			<report>
				<misses>21663001</misses>
				<total>47</total>
				<timestamp>6492.401890</timestamp>
			</report>
			<report>
				<misses>21664001</misses>
				<total>47</total>
				<timestamp>6492.701570</timestamp>
			</report>
			<report>
				<misses>21665001</misses>
				<total>47</total>
				<timestamp>6493.001325</timestamp>
			</report>
			<report>
				<misses>21666001</misses>
				<total>47</total>
				<timestamp>6493.301008</timestamp>
			</report>
			<report>
				<misses>21667001</misses>
				<total>47</total>
				<timestamp>6493.600682</timestamp>
			</report>
			<report>
				<misses>21668001</misses>
				<total>47</total>
				<timestamp>6493.900372</timestamp>
			</report>
			<report>
				<misses>21669001</misses>
				<total>47</total>
				<timestamp>6494.200075</timestamp>
			</report>
			<report>
				<misses>21670001</misses>
				<total>47</total>
				<timestamp>6494.499807</timestamp>
			</report>
			<report>
				<misses>21671001</misses>
				<total>47</total>
				<timestamp>6494.799495</timestamp>
			</report>
			<report>
				<misses>21672001</misses>
				<total>47</total>
				<timestamp>6495.099272</timestamp>
			</report>
			<report>
				<misses>21673001</misses>
				<total>47</total>
				<timestamp>6495.398913</timestamp>
			</report>
			<report>
				<misses>21674001</misses>
				<total>47</total>
				<timestamp>6495.698568</timestamp>
			</report>
			<report>
				<misses>21675001</misses>
				<total>47</total>
				<timestamp>6495.998333</timestamp>
			</report>
			<report>
				<misses>21676001</misses>
				<total>47</total>
				<timestamp>6496.297986</timestamp>
			</report>
			<report>
				<misses>21677001</misses>
				<total>47</total>
				<timestamp>6496.597665</timestamp>
			</report>
			<report>
				<misses>21678001</misses>
				<total>46</total>
				<timestamp>6496.897480</timestamp>
			</report>
			<report>
				<misses>21679001</misses>
				<total>47</total>
				<timestamp>6497.197062</timestamp>
			</report>
			<report>
				<misses>21680001</misses>
				<total>47</total>
				<timestamp>6497.496780</timestamp>
			</report>
			<report>
				<misses>21681001</misses>
				<total>47</total>
				<timestamp>6497.796506</timestamp>
			</report>
			<report>
				<misses>21682001</misses>
				<total>47</total>
				<timestamp>6498.096255</timestamp>
			</report>
			<report>
				<misses>21683001</misses>
				<total>47</total>
				<timestamp>6498.395892</timestamp>
			</report>
			<report>
				<misses>21684001</misses>
				<total>47</total>
				<timestamp>6498.695565</timestamp>
			</report>
			<report>
				<misses>21685001</misses>
				<total>46</total>
				<timestamp>6498.995370</timestamp>
			</report>
			<report>
				<misses>21686001</misses>
				<total>47</total>
				<timestamp>6499.295011</timestamp>
			</report>
			<report>
				<misses>21687001</misses>
				<total>47</total>
				<timestamp>6499.594680</timestamp>
			</report>
			<report>
				<misses>21688001</misses>
				<total>47</total>
				<timestamp>6499.894376</timestamp>
			</report>
			<report>
				<misses>21689001</misses>
				<total>47</total>
				<timestamp>6500.194075</timestamp>
			</report>
			<report>
				<misses>21690001</misses>
				<total>47</total>
				<timestamp>6500.493785</timestamp>
			</report>
			<report>
				<misses>21691001</misses>
				<total>47</total>
				<timestamp>6500.793465</timestamp>
			</report>
			<report>
				<misses>21692001</misses>
				<total>47</total>
				<timestamp>6501.093263</timestamp>
			</report>
			<report>
				<misses>21693001</misses>
				<total>47</total>
				<timestamp>6501.392880</timestamp>
			</report>
			<report>
				<misses>21694001</misses>
				<total>47</total>
				<timestamp>6501.692557</timestamp>
			</report>
			<report>
				<misses>21695001</misses>
				<total>47</total>
				<timestamp>6501.992263</timestamp>
			</report>
			<report>
				<misses>21696001</misses>
				<total>47</total>
				<timestamp>6502.291991</timestamp>
			</report>
			<report>
				<misses>21697001</misses>
				<total>47</total>
				<timestamp>6502.591723</timestamp>
			</report>
			<report>
				<misses>21698001</misses>
				<total>47</total>
				<timestamp>6502.891378</timestamp>
			</report>
			<report>
				<misses>21699001</misses>
				<total>47</total>
				<timestamp>6503.191077</timestamp>
			</report>
			<report>
				<misses>21700001</misses>
				<total>47</total>
				<timestamp>6503.490784</timestamp>
			</report>
			<report>
				<misses>21701001</misses>
				<total>47</total>
				<timestamp>6503.790479</timestamp>
			</report>
			<report>
				<misses>21702001</misses>
				<total>47</total>
				<timestamp>6504.090168</timestamp>
			</report>
			<report>
				<misses>21703001</misses>
				<total>47</total>
				<timestamp>6504.389889</timestamp>
			</report>
			<report>
				<misses>21704001</misses>
				<total>47</total>
				<timestamp>6504.689571</timestamp>
			</report>
			<report>
				<misses>21705001</misses>
				<total>47</total>
				<timestamp>6504.989284</timestamp>
			</report>
			<report>
				<misses>21706001</misses>
				<total>47</total>
				<timestamp>6505.289054</timestamp>
			</report>
			<report>
				<misses>21707001</misses>
				<total>47</total>
				<timestamp>6505.588701</timestamp>
			</report>
			<report>
				<misses>21708001</misses>
				<total>47</total>
				<timestamp>6505.888372</timestamp>
			</report>
			<report>
				<misses>21709001</misses>
				<total>47</total>
				<timestamp>6506.188066</timestamp>
			</report>
			<report>
				<misses>21710001</misses>
				<total>47</total>
				<timestamp>6506.487797</timestamp>
			</report>
			<report>
				<misses>21711001</misses>
				<total>47</total>
				<timestamp>6506.787469</timestamp>
			</report>
			<report>
				<misses>21712001</misses>
				<total>47</total>
				<timestamp>6507.087159</timestamp>
			</report>
			<report>
				<misses>21713001</misses>
				<total>47</total>
				<timestamp>6507.386884</timestamp>
			</report>
			<report>
				<misses>21714001</misses>
				<total>47</total>
				<timestamp>6507.686577</timestamp>
			</report>
			<report>
				<misses>21715001</misses>
				<total>47</total>
				<timestamp>6507.986284</timestamp>
			</report>
			<report>
				<misses>21716001</misses>
				<total>47</total>
				<timestamp>6508.285980</timestamp>
			</report>
			<report>
				<misses>21717001</misses>
				<total>47</total>
				<timestamp>6508.585719</timestamp>
			</report>
			<report>
				<misses>21718001</misses>
				<total>47</total>
				<timestamp>6508.885358</timestamp>
			</report>
			<report>
				<misses>21719001</misses>
				<total>47</total>
				<timestamp>6509.185083</timestamp>
			</report>
			<report>
				<misses>21720001</misses>
				<total>47</total>
				<timestamp>6509.484828</timestamp>
			</report>
			<report>
				<misses>21721001</misses>
				<total>47</total>
				<timestamp>6509.784511</timestamp>
			</report>
			<report>
				<misses>21722001</misses>
				<total>47</total>
				<timestamp>6510.084227</timestamp>
			</report>
			<report>
				<misses>21723001</misses>
				<total>47</total>
				<timestamp>6510.383871</timestamp>
			</report>
			<report>
				<misses>21724001</misses>
				<total>47</total>
				<timestamp>6510.683575</timestamp>
			</report>
			<report>
				<misses>21725001</misses>
				<total>47</total>
				<timestamp>6510.983286</timestamp>
			</report>
			<report>
				<misses>21726001</misses>
				<total>47</total>
				<timestamp>6511.283037</timestamp>
			</report>
			<report>
				<misses>21727001</misses>
				<total>47</total>
				<timestamp>6511.582694</timestamp>
			</report>
			<report>
				<misses>21728001</misses>
				<total>47</total>
				<timestamp>6511.882369</timestamp>
			</report>
			<report>
				<misses>21729001</misses>
				<total>47</total>
				<timestamp>6512.182074</timestamp>
			</report>
			<report>
				<misses>21730001</misses>
				<total>47</total>
				<timestamp>6512.481786</timestamp>
			</report>
			<report>
				<misses>21731001</misses>
				<total>47</total>
				<timestamp>6512.781479</timestamp>
			</report>
			<report>
				<misses>21732001</misses>
				<total>47</total>
				<timestamp>6513.081180</timestamp>
			</report>
			<report>
				<misses>21733001</misses>
				<total>47</total>
				<timestamp>6513.380893</timestamp>
			</report>
			<report>
				<misses>21734001</misses>
				<total>47</total>
				<timestamp>6513.680590</timestamp>
			</report>
			<report>
				<misses>21735001</misses>
				<total>47</total>
				<timestamp>6513.980270</timestamp>
			</report>
			<report>
				<misses>21736001</misses>
				<total>47</total>
				<timestamp>6514.280058</timestamp>
			</report>
			<report>
				<misses>21737001</misses>
				<total>47</total>
				<timestamp>6514.579706</timestamp>
			</report>
			<report>
				<misses>21738001</misses>
				<total>47</total>
				<timestamp>6514.879375</timestamp>
			</report>
			<report>
				<misses>21739001</misses>
				<total>47</total>
				<timestamp>6515.179063</timestamp>
			</report>
			<report>
				<misses>21740001</misses>
				<total>47</total>
				<timestamp>6515.478793</timestamp>
			</report>
			<report>
				<misses>21741001</misses>
				<total>47</total>
				<timestamp>6515.778459</timestamp>
			</report>
			<report>
				<misses>21742001</misses>
				<total>47</total>
				<timestamp>6516.078166</timestamp>
			</report>
			<report>
				<misses>21743001</misses>
				<total>47</total>
				<timestamp>6516.377881</timestamp>
			</report>
			<report>
				<misses>21744001</misses>
				<total>47</total>
				<timestamp>6516.677593</timestamp>
			</report>
			<report>
				<misses>21745001</misses>
				<total>47</total>
				<timestamp>6516.977299</timestamp>
			</report>
			<report>
				<misses>21746001</misses>
				<total>47</total>
				<timestamp>6517.277065</timestamp>
			</report>
			<report>
				<misses>21747001</misses>
				<total>47</total>
				<timestamp>6517.576685</timestamp>
			</report>
			<report>
				<misses>21748001</misses>
				<total>47</total>
				<timestamp>6517.876379</timestamp>
			</report>
			<report>
				<misses>21749001</misses>
				<total>47</total>
				<timestamp>6518.176135</timestamp>
			</report>
			<report>
				<misses>21750001</misses>
				<total>47</total>
				<timestamp>6518.475847</timestamp>
			</report>
			<report>
				<misses>21751001</misses>
				<total>47</total>
				<timestamp>6518.775478</timestamp>
			</report>
			<report>
				<misses>21752001</misses>
				<total>47</total>
				<timestamp>6519.075154</timestamp>
			</report>
			<report>
				<misses>21753001</misses>
				<total>47</total>
				<timestamp>6519.374871</timestamp>
			</report>
			<report>
				<misses>21754001</misses>
				<total>47</total>
				<timestamp>6519.674627</timestamp>
			</report>
			<report>
				<misses>21755001</misses>
				<total>47</total>
				<timestamp>6519.974325</timestamp>
			</report>
			<report>
				<misses>21756001</misses>
				<total>47</total>
				<timestamp>6520.274001</timestamp>
			</report>
			<report>
				<misses>21757001</misses>
				<total>47</total>
				<timestamp>6520.573719</timestamp>
			</report>
			<report>
				<misses>21758001</misses>
				<total>47</total>
				<timestamp>6520.873391</timestamp>
			</report>
			<report>
				<misses>21759001</misses>
				<total>47</total>
				<timestamp>6521.173127</timestamp>
			</report>
			<report>
				<misses>21760001</misses>
				<total>47</total>
				<timestamp>6521.472779</timestamp>
			</report>
			<report>
				<misses>21761001</misses>
				<total>47</total>
				<timestamp>6521.772466</timestamp>
			</report>
			<report>
				<misses>21762001</misses>
				<total>47</total>
				<timestamp>6522.072203</timestamp>
			</report>
			<report>
				<misses>21763001</misses>
				<total>47</total>
				<timestamp>6522.371873</timestamp>
			</report>
			<report>
				<misses>21764001</misses>
				<total>47</total>
				<timestamp>6522.671594</timestamp>
			</report>
			<report>
				<misses>21765001</misses>
				<total>47</total>
				<timestamp>6522.971329</timestamp>
			</report>
			<report>
				<misses>21766001</misses>
				<total>47</total>
				<timestamp>6523.271046</timestamp>
			</report>
			<report>
				<misses>21767001</misses>
				<total>47</total>
				<timestamp>6523.570661</timestamp>
			</report>
			<report>
				<misses>21768001</misses>
				<total>47</total>
				<timestamp>6523.870360</timestamp>
			</report>
			<report>
				<misses>21769001</misses>
				<total>47</total>
				<timestamp>6524.170105</timestamp>
			</report>
			<report>
				<misses>21770001</misses>
				<total>47</total>
				<timestamp>6524.469782</timestamp>
			</report>
			<report>
				<misses>21771001</misses>
				<total>47</total>
				<timestamp>6524.769498</timestamp>
			</report>
			<report>
				<misses>21772001</misses>
				<total>47</total>
				<timestamp>6525.069174</timestamp>
			</report>
			<report>
				<misses>21773001</misses>
				<total>47</total>
				<timestamp>6525.368893</timestamp>
			</report>
			<report>
				<misses>21774001</misses>
				<total>47</total>
				<timestamp>6525.668625</timestamp>
			</report>
			<report>
				<misses>21775001</misses>
				<total>47</total>
				<timestamp>6525.968329</timestamp>
			</report>
			<report>
				<misses>21776001</misses>
				<total>47</total>
				<timestamp>6526.268080</timestamp>
			</report>
			<report>
				<misses>21777001</misses>
				<total>47</total>
				<timestamp>6526.567708</timestamp>
			</report>
			<report>
				<misses>21778001</misses>
				<total>47</total>
				<timestamp>6526.867381</timestamp>
			</report>
			<report>
				<misses>21779001</misses>
				<total>47</total>
				<timestamp>6527.167133</timestamp>
			</report>
			<report>
				<misses>21780001</misses>
				<total>47</total>
				<timestamp>6527.466769</timestamp>
			</report>
			<report>
				<misses>21781001</misses>
				<total>47</total>
				<timestamp>6527.766497</timestamp>
			</report>
			<report>
				<misses>21782001</misses>
				<total>47</total>
				<timestamp>6528.066176</timestamp>
			</report>
			<report>
				<misses>21783001</misses>
				<total>46</total>
				<timestamp>6528.365970</timestamp>
			</report>
			<report>
				<misses>21784001</misses>
				<total>47</total>
				<timestamp>6528.665572</timestamp>
			</report>
			<report>
				<misses>21785001</misses>
				<total>47</total>
				<timestamp>6528.965272</timestamp>
			</report>
			<report>
				<misses>21786001</misses>
				<total>47</total>
				<timestamp>6529.265077</timestamp>
			</report>
			<report>
				<misses>21787001</misses>
				<total>47</total>
				<timestamp>6529.564743</timestamp>
			</report>
			<report>
				<misses>21788001</misses>
				<total>47</total>
				<timestamp>6529.864375</timestamp>
			</report>
			<report>
				<misses>21789001</misses>
				<total>47</total>
				<timestamp>6530.164143</timestamp>
			</report>
			<report>
				<misses>21790001</misses>
				<total>47</total>
				<timestamp>6530.463776</timestamp>
			</report>
			<report>
				<misses>21791001</misses>
				<total>47</total>
				<timestamp>6530.763479</timestamp>
			</report>
			<report>
				<misses>21792001</misses>
				<total>47</total>
				<timestamp>6531.063264</timestamp>
			</report>
			<report>
				<misses>21793001</misses>
				<total>47</total>
				<timestamp>6531.362880</timestamp>
			</report>
			<report>
				<misses>21794001</misses>
				<total>47</total>
				<timestamp>6531.662653</timestamp>
			</report>
			<report>
				<misses>21795001</misses>
				<total>47</total>
				<timestamp>6531.962294</timestamp>
			</report>
			<report>
				<misses>21796001</misses>
				<total>47</total>
				<timestamp>6532.262002</timestamp>
			</report>
			<report>
				<misses>21797001</misses>
				<total>47</total>
				<timestamp>6532.561668</timestamp>
			</report>
			<report>
				<misses>21798001</misses>
				<total>47</total>
				<timestamp>6532.861394</timestamp>
			</report>
			<report>
				<misses>21799001</misses>
				<total>47</total>
				<timestamp>6533.161171</timestamp>
			</report>
			<report>
				<misses>21800001</misses>
				<total>47</total>
				<timestamp>6533.460789</timestamp>
			</report>
			<report>
				<misses>21801001</misses>
				<total>47</total>
				<timestamp>6533.760480</timestamp>
			</report>
			<report>
				<misses>21802001</misses>
				<total>47</total>
				<timestamp>6534.060229</timestamp>
			</report>
			<report>
				<misses>21803001</misses>
				<total>47</total>
				<timestamp>6534.359867</timestamp>
			</report>
			<report>
				<misses>21804001</misses>
				<total>47</total>
				<timestamp>6534.659594</timestamp>
			</report>
			<report>
				<misses>21805001</misses>
				<total>47</total>
				<timestamp>6534.959302</timestamp>
			</report>
			<report>
				<misses>21806001</misses>
				<total>46</total>
				<timestamp>6535.259072</timestamp>
			</report>
			<report>
				<misses>21807001</misses>
				<total>47</total>
				<timestamp>6535.558703</timestamp>
			</report>
			<report>
				<misses>21808001</misses>
				<total>46</total>
				<timestamp>6535.858473</timestamp>
			</report>
			<report>
				<misses>21809001</misses>
				<total>47</total>
				<timestamp>6536.158112</timestamp>
			</report>
			<report>
				<misses>21810001</misses>
				<total>47</total>
				<timestamp>6536.457764</timestamp>
			</report>
			<report>
				<misses>21811001</misses>
				<total>47</total>
				<timestamp>6536.757496</timestamp>
			</report>
			<report>
				<misses>21812001</misses>
				<total>47</total>
				<timestamp>6537.057173</timestamp>
			</report>
			<report>
				<misses>21813001</misses>
				<total>47</total>
				<timestamp>6537.356893</timestamp>
			</report>
			<report>
				<misses>21814001</misses>
				<total>47</total>
				<timestamp>6537.656573</timestamp>
			</report>
			<report>
				<misses>21815001</misses>
				<total>47</total>
				<timestamp>6537.956299</timestamp>
			</report>
			<report>
				<misses>21816001</misses>
				<total>47</total>
				<timestamp>6538.255990</timestamp>
			</report>
			<report>
				<misses>21817001</misses>
				<total>47</total>
				<timestamp>6538.555685</timestamp>
			</report>
			<report>
				<misses>21818001</misses>
				<total>47</total>
				<timestamp>6538.855382</timestamp>
			</report>
			<report>
				<misses>21819001</misses>
				<total>47</total>
				<timestamp>6539.155112</timestamp>
			</report>
			<report>
				<misses>21820001</misses>
				<total>47</total>
				<timestamp>6539.454772</timestamp>
			</report>
			<report>
				<misses>21821001</misses>
				<total>47</total>
				<timestamp>6539.754502</timestamp>
			</report>
			<report>
				<misses>21822001</misses>
				<total>47</total>
				<timestamp>6540.054175</timestamp>
			</report>
			<report>
				<misses>21823001</misses>
				<total>47</total>
				<timestamp>6540.353883</timestamp>
			</report>
			<report>
				<misses>21824001</misses>
				<total>47</total>
				<timestamp>6540.653569</timestamp>
			</report>
			<report>
				<misses>21825001</misses>
				<total>47</total>
				<timestamp>6540.953269</timestamp>
			</report>
			<report>
				<misses>21826001</misses>
				<total>47</total>
				<timestamp>6541.252983</timestamp>
			</report>
			<report>
				<misses>21827001</misses>
				<total>47</total>
				<timestamp>6541.552679</timestamp>
			</report>
			<report>
				<misses>21828001</misses>
				<total>47</total>
				<timestamp>6541.852374</timestamp>
			</report>
			<report>
				<misses>21829001</misses>
				<total>47</total>
				<timestamp>6542.152093</timestamp>
			</report>
			<report>
				<misses>21830001</misses>
				<total>47</total>
				<timestamp>6542.451848</timestamp>
			</report>
			<report>
				<misses>21831001</misses>
				<total>47</total>
				<timestamp>6542.751519</timestamp>
			</report>
			<report>
				<misses>21832001</misses>
				<total>47</total>
				<timestamp>6543.051210</timestamp>
			</report>
			<report>
				<misses>21833001</misses>
				<total>47</total>
				<timestamp>6543.350865</timestamp>
			</report>
			<report>
				<misses>21834001</misses>
				<total>47</total>
				<timestamp>6543.650586</timestamp>
			</report>
			<report>
				<misses>21835001</misses>
				<total>47</total>
				<timestamp>6543.950283</timestamp>
			</report>
			<report>
				<misses>21836001</misses>
				<total>47</total>
				<timestamp>6544.249989</timestamp>
			</report>
			<report>
				<misses>21837001</misses>
				<total>47</total>
				<timestamp>6544.549689</timestamp>
			</report>
			<report>
				<misses>21838001</misses>
				<total>46</total>
				<timestamp>6544.849483</timestamp>
			</report>
			<report>
				<misses>21839001</misses>
				<total>47</total>
				<timestamp>6545.149071</timestamp>
			</report>
			<report>
				<misses>21840001</misses>
				<total>47</total>
				<timestamp>6545.448777</timestamp>
			</report>
			<report>
				<misses>21841001</misses>
				<total>47</total>
				<timestamp>6545.748553</timestamp>
			</report>
			<report>
				<misses>21842001</misses>
				<total>47</total>
				<timestamp>6546.048184</timestamp>
			</report>
			<report>
				<misses>21843001</misses>
				<total>47</total>
				<timestamp>6546.347895</timestamp>
			</report>
			<report>
				<misses>21844001</misses>
				<total>47</total>
				<timestamp>6546.647592</timestamp>
			</report>
			<report>
				<misses>21845001</misses>
				<total>47</total>
				<timestamp>6546.947269</timestamp>
			</report>
			<report>
				<misses>21846001</misses>
				<total>47</total>
				<timestamp>6547.247004</timestamp>
			</report>
			<report>
				<misses>21847001</misses>
				<total>47</total>
				<timestamp>6547.546756</timestamp>
			</report>
			<report>
				<misses>21848001</misses>
				<total>47</total>
				<timestamp>6547.846399</timestamp>
			</report>
			<report>
				<misses>21849001</misses>
				<total>47</total>
				<timestamp>6548.146080</timestamp>
			</report>
			<report>
				<misses>21850001</misses>
				<total>47</total>
				<timestamp>6548.445814</timestamp>
			</report>
			<report>
				<misses>21851001</misses>
				<total>47</total>
				<timestamp>6548.745566</timestamp>
			</report>
			<report>
				<misses>21852001</misses>
				<total>47</total>
				<timestamp>6549.045172</timestamp>
			</report>
			<report>
				<misses>21853001</misses>
				<total>47</total>
				<timestamp>6549.344908</timestamp>
			</report>
			<report>
				<misses>21854001</misses>
				<total>47</total>
				<timestamp>6549.644578</timestamp>
			</report>
			<report>
				<misses>21855001</misses>
				<total>47</total>
				<timestamp>6549.944263</timestamp>
			</report>
			<report>
				<misses>21856001</misses>
				<total>47</total>
				<timestamp>6550.244038</timestamp>
			</report>
			<report>
				<misses>21857001</misses>
				<total>47</total>
				<timestamp>6550.543686</timestamp>
			</report>
			<report>
				<misses>21858001</misses>
				<total>47</total>
				<timestamp>6550.843432</timestamp>
			</report>
			<report>
				<misses>21859001</misses>
				<total>47</total>
				<timestamp>6551.143069</timestamp>
			</report>
			<report>
				<misses>21860001</misses>
				<total>47</total>
				<timestamp>6551.442777</timestamp>
			</report>
			<report>
				<misses>21861001</misses>
				<total>47</total>
				<timestamp>6551.742497</timestamp>
			</report>
			<report>
				<misses>21862001</misses>
				<total>47</total>
				<timestamp>6552.042166</timestamp>
			</report>
			<report>
				<misses>21863001</misses>
				<total>46</total>
				<timestamp>6552.341980</timestamp>
			</report>
			<report>
				<misses>21864001</misses>
				<total>47</total>
				<timestamp>6552.641582</timestamp>
			</report>
			<report>
				<misses>21865001</misses>
				<total>47</total>
				<timestamp>6552.941262</timestamp>
			</report>
			<report>
				<misses>21866001</misses>
				<total>47</total>
				<timestamp>6553.241001</timestamp>
			</report>
			<report>
				<misses>21867001</misses>
				<total>47</total>
				<timestamp>6553.540681</timestamp>
			</report>
			<report>
				<misses>21868001</misses>
				<total>47</total>
				<timestamp>6553.840438</timestamp>
			</report>
			<report>
				<misses>21869001</misses>
				<total>47</total>
				<timestamp>6554.140067</timestamp>
			</report>
			<report>
				<misses>21870001</misses>
				<total>47</total>
				<timestamp>6554.439770</timestamp>
			</report>
			<report>
				<misses>21871001</misses>
				<total>47</total>
				<timestamp>6554.739499</timestamp>
			</report>
			<report>
				<misses>21872001</misses>
				<total>47</total>
				<timestamp>6555.039166</timestamp>
			</report>
			<report>
				<misses>21873001</misses>
				<total>47</total>
				<timestamp>6555.338943</timestamp>
			</report>
			<report>
				<misses>21874001</misses>
				<total>47</total>
				<timestamp>6555.638570</timestamp>
			</report>
			<report>
				<misses>21875001</misses>
				<total>47</total>
				<timestamp>6555.938268</timestamp>
			</report>
			<report>
				<misses>21876001</misses>
				<total>46</total>
				<timestamp>6556.238080</timestamp>
			</report>
			<report>
				<misses>21877001</misses>
				<total>47</total>
				<timestamp>6556.537688</timestamp>
			</report>
			<report>
				<misses>21878001</misses>
				<total>47</total>
				<timestamp>6556.837449</timestamp>
			</report>
			<report>
				<misses>21879001</misses>
				<total>47</total>
				<timestamp>6557.137078</timestamp>
			</report>
			<report>
				<misses>21880001</misses>
				<total>47</total>
				<timestamp>6557.436802</timestamp>
			</report>
			<report>
				<misses>21881001</misses>
				<total>47</total>
				<timestamp>6557.736513</timestamp>
			</report>
			<report>
				<misses>21882001</misses>
				<total>47</total>
				<timestamp>6558.036216</timestamp>
			</report>
			<report>
				<misses>21883001</misses>
				<total>47</total>
				<timestamp>6558.335956</timestamp>
			</report>
			<report>
				<misses>21884001</misses>
				<total>47</total>
				<timestamp>6558.635574</timestamp>
			</report>
			<report>
				<misses>21885001</misses>
				<total>47</total>
				<timestamp>6558.935295</timestamp>
			</report>
			<report>
				<misses>21886001</misses>
				<total>47</total>
				<timestamp>6559.235045</timestamp>
			</report>
			<report>
				<misses>21887001</misses>
				<total>47</total>
				<timestamp>6559.534719</timestamp>
			</report>
			<report>
				<misses>21888001</misses>
				<total>47</total>
				<timestamp>6559.834451</timestamp>
			</report>
			<report>
				<misses>21889001</misses>
				<total>47</total>
				<timestamp>6560.134074</timestamp>
			</report>
			<report>
				<misses>21890001</misses>
				<total>47</total>
				<timestamp>6560.433775</timestamp>
			</report>
			<report>
				<misses>21891001</misses>
				<total>47</total>
				<timestamp>6560.733486</timestamp>
			</report>
			<report>
				<misses>21892001</misses>
				<total>47</total>
				<timestamp>6561.033203</timestamp>
			</report>
			<report>
				<misses>21893001</misses>
				<total>47</total>
				<timestamp>6561.332972</timestamp>
			</report>
			<report>
				<misses>21894001</misses>
				<total>47</total>
				<timestamp>6561.632565</timestamp>
			</report>
			<report>
				<misses>21895001</misses>
				<total>47</total>
				<timestamp>6561.932285</timestamp>
			</report>
			<report>
				<misses>21896001</misses>
				<total>47</total>
				<timestamp>6562.232061</timestamp>
			</report>
			<report>
				<misses>21897001</misses>
				<total>47</total>
				<timestamp>6562.531732</timestamp>
			</report>
			<report>
				<misses>21898001</misses>
				<total>47</total>
				<timestamp>6562.831368</timestamp>
			</report>
			<report>
				<misses>21899001</misses>
				<total>47</total>
				<timestamp>6563.131149</timestamp>
			</report>
			<report>
				<misses>21900001</misses>
				<total>47</total>
				<timestamp>6563.430765</timestamp>
			</report>
			<report>
				<misses>21901001</misses>
				<total>47</total>
				<timestamp>6563.730477</timestamp>
			</report>
			<report>
				<misses>21902001</misses>
				<total>47</total>
				<timestamp>6564.030191</timestamp>
			</report>
			<report>
				<misses>21903001</misses>
				<total>47</total>
				<timestamp>6564.329911</timestamp>
			</report>
			<report>
				<misses>21904001</misses>
				<total>47</total>
				<timestamp>6564.629569</timestamp>
			</report>
			<report>
				<misses>21905001</misses>
				<total>47</total>
				<timestamp>6564.929296</timestamp>
			</report>
			<report>
				<misses>21906001</misses>
				<total>47</total>
				<timestamp>6565.228971</timestamp>
			</report>
			<report>
				<misses>21907001</misses>
				<total>47</total>
				<timestamp>6565.528679</timestamp>
			</report>
			<report>
				<misses>21908001</misses>
				<total>47</total>
				<timestamp>6565.828415</timestamp>
			</report>
			<report>
				<misses>21909001</misses>
				<total>47</total>
				<timestamp>6566.128074</timestamp>
			</report>
			<report>
				<misses>21910001</misses>
				<total>47</total>
				<timestamp>6566.427859</timestamp>
			</report>
			<report>
				<misses>21911001</misses>
				<total>47</total>
				<timestamp>6566.727483</timestamp>
			</report>
			<report>
				<misses>21912001</misses>
				<total>47</total>
				<timestamp>6567.027179</timestamp>
			</report>
			<report>
				<misses>21913001</misses>
				<total>47</total>
				<timestamp>6567.326870</timestamp>
			</report>
			<report>
				<misses>21914001</misses>
				<total>47</total>
				<timestamp>6567.626638</timestamp>
			</report>
			<report>
				<misses>21915001</misses>
				<total>47</total>
				<timestamp>6567.926319</timestamp>
			</report>
			<report>
				<misses>21916001</misses>
				<total>47</total>
				<timestamp>6568.225998</timestamp>
			</report>
			<report>
				<misses>21917001</misses>
				<total>46</total>
				<timestamp>6568.525795</timestamp>
			</report>
			<report>
				<misses>21918001</misses>
				<total>48</total>
				<timestamp>6568.825389</timestamp>
			</report>
			<report>
				<misses>21919001</misses>
				<total>48</total>
				<timestamp>6569.125076</timestamp>
			</report>
			<report>
				<misses>21920001</misses>
				<total>48</total>
				<timestamp>6569.424767</timestamp>
			</report>
			<report>
				<misses>21921001</misses>
				<total>48</total>
				<timestamp>6569.724470</timestamp>
			</report>
			<report>
				<misses>21922001</misses>
				<total>48</total>
				<timestamp>6570.024189</timestamp>
			</report>
			<report>
				<misses>21923001</misses>
				<total>48</total>
				<timestamp>6570.323875</timestamp>
			</report>
			<report>
				<misses>21924001</misses>
				<total>48</total>
				<timestamp>6570.623571</timestamp>
			</report>
			<report>
				<misses>21925001</misses>
				<total>48</total>
				<timestamp>6570.923313</timestamp>
			</report>
			<report>
				<misses>21926001</misses>
				<total>48</total>
				<timestamp>6571.222970</timestamp>
			</report>
			<report>
				<misses>21927001</misses>
				<total>48</total>
				<timestamp>6571.522677</timestamp>
			</report>
			<report>
				<misses>21928001</misses>
				<total>48</total>
				<timestamp>6571.822392</timestamp>
			</report>
			<report>
				<misses>21929001</misses>
				<total>48</total>
				<timestamp>6572.122074</timestamp>
			</report>
			<report>
				<misses>21930001</misses>
				<total>47</total>
				<timestamp>6572.421895</timestamp>
			</report>
			<report>
				<misses>21931001</misses>
				<total>48</total>
				<timestamp>6572.721487</timestamp>
			</report>
			<report>
				<misses>21932001</misses>
				<total>48</total>
				<timestamp>6573.021225</timestamp>
			</report>
			<report>
				<misses>21933001</misses>
				<total>48</total>
				<timestamp>6573.320945</timestamp>
			</report>
			<report>
				<misses>21934001</misses>
				<total>48</total>
				<timestamp>6573.620581</timestamp>
			</report>
			<report>
				<misses>21935001</misses>
				<total>48</total>
				<timestamp>6573.920308</timestamp>
			</report>
			<report>
				<misses>21936001</misses>
				<total>48</total>
				<timestamp>6574.219994</timestamp>
			</report>
			<report>
				<misses>21937001</misses>
				<total>48</total>
				<timestamp>6574.519671</timestamp>
			</report>
			<report>
				<misses>21938001</misses>
				<total>48</total>
				<timestamp>6574.819396</timestamp>
			</report>
			<report>
				<misses>21939001</misses>
				<total>48</total>
				<timestamp>6575.119061</timestamp>
			</report>
			<report>
				<misses>21940001</misses>
				<total>48</total>
				<timestamp>6575.418759</timestamp>
			</report>
			<report>
				<misses>21941001</misses>
				<total>48</total>
				<timestamp>6575.718470</timestamp>
			</report>
			<report>
				<misses>21942001</misses>
				<total>48</total>
				<timestamp>6576.018200</timestamp>
			</report>
			<report>
				<misses>21943001</misses>
				<total>48</total>
				<timestamp>6576.317925</timestamp>
			</report>
			<report>
				<misses>21944001</misses>
				<total>48</total>
				<timestamp>6576.617562</timestamp>
			</report>
			<report>
				<misses>21945001</misses>
				<total>48</total>
				<timestamp>6576.917292</timestamp>
			</report>
			<report>
				<misses>21946001</misses>
				<total>48</total>
				<timestamp>6577.217067</timestamp>
			</report>
			<report>
				<misses>21947001</misses>
				<total>48</total>
				<timestamp>6577.516682</timestamp>
			</report>
			<report>
				<misses>21948001</misses>
				<total>48</total>
				<timestamp>6577.816409</timestamp>
			</report>
			<report>
				<misses>21949001</misses>
				<total>48</total>
				<timestamp>6578.116075</timestamp>
			</report>
			<report>
				<misses>21950001</misses>
				<total>48</total>
				<timestamp>6578.415775</timestamp>
			</report>
			<report>
				<misses>21951001</misses>
				<total>48</total>
				<timestamp>6578.715521</timestamp>
			</report>
			<report>
				<misses>21952001</misses>
				<total>48</total>
				<timestamp>6579.015275</timestamp>
			</report>
			<report>
				<misses>21953001</misses>
				<total>48</total>
				<timestamp>6579.314896</timestamp>
			</report>
			<report>
				<misses>21954001</misses>
				<total>48</total>
				<timestamp>6579.614564</timestamp>
			</report>
			<report>
				<misses>21955001</misses>
				<total>48</total>
				<timestamp>6579.914358</timestamp>
			</report>
			<report>
				<misses>21956001</misses>
				<total>48</total>
				<timestamp>6580.214009</timestamp>
			</report>
			<report>
				<misses>21957001</misses>
				<total>48</total>
				<timestamp>6580.513674</timestamp>
			</report>
			<report>
				<misses>21958001</misses>
				<total>48</total>
				<timestamp>6580.813382</timestamp>
			</report>
			<report>
				<misses>21959001</misses>
				<total>48</total>
				<timestamp>6581.113067</timestamp>
			</report>
			<report>
				<misses>21960001</misses>
				<total>48</total>
				<timestamp>6581.412772</timestamp>
			</report>
			<report>
				<misses>21961001</misses>
				<total>48</total>
				<timestamp>6581.712476</timestamp>
			</report>
			<report>
				<misses>21962001</misses>
				<total>47</total>
				<timestamp>6582.012286</timestamp>
			</report>
			<report>
				<misses>21963001</misses>
				<total>48</total>
				<timestamp>6582.311943</timestamp>
			</report>
			<report>
				<misses>21964001</misses>
				<total>48</total>
				<timestamp>6582.611574</timestamp>
			</report>
			<report>
				<misses>21965001</misses>
				<total>48</total>
				<timestamp>6582.911312</timestamp>
			</report>
			<report>
				<misses>21966001</misses>
				<total>48</total>
				<timestamp>6583.210989</timestamp>
			</report>
			<report>
				<misses>21967001</misses>
				<total>48</total>
				<timestamp>6583.510685</timestamp>
			</report>
			<report>
				<misses>21968001</misses>
				<total>48</total>
				<timestamp>6583.810423</timestamp>
			</report>
			<report>
				<misses>21969001</misses>
				<total>48</total>
				<timestamp>6584.110073</timestamp>
			</report>
			<report>
				<misses>21970001</misses>
				<total>48</total>
				<timestamp>6584.409766</timestamp>
			</report>
			<report>
				<misses>21971001</misses>
				<total>48</total>
				<timestamp>6584.709467</timestamp>
			</report>
			<report>
				<misses>21972001</misses>
				<total>48</total>
				<timestamp>6585.009181</timestamp>
			</report>
			<report>
				<misses>21973001</misses>
				<total>48</total>
				<timestamp>6585.308930</timestamp>
			</report>
			<report>
				<misses>21974001</misses>
				<total>48</total>
				<timestamp>6585.608571</timestamp>
			</report>
			<report>
				<misses>21975001</misses>
				<total>48</total>
				<timestamp>6585.908283</timestamp>
			</report>
			<report>
				<misses>21976001</misses>
				<total>48</total>
				<timestamp>6586.208014</timestamp>
			</report>
			<report>
				<misses>21977001</misses>
				<total>48</total>
				<timestamp>6586.507731</timestamp>
			</report>
			<report>
				<misses>21978001</misses>
				<total>48</total>
				<timestamp>6586.807372</timestamp>
			</report>
			<report>
				<misses>21979001</misses>
				<total>48</total>
				<timestamp>6587.107071</timestamp>
			</report>
			<report>
				<misses>21980001</misses>
				<total>48</total>
				<timestamp>6587.406832</timestamp>
			</report>
			<report>
				<misses>21981001</misses>
				<total>48</total>
				<timestamp>6587.706476</timestamp>
			</report>
			<report>
				<misses>21982001</misses>
				<total>48</total>
				<timestamp>6588.006267</timestamp>
			</report>
			<report>
				<misses>21983001</misses>
				<total>48</total>
				<timestamp>6588.305906</timestamp>
			</report>
			<report>
				<misses>21984001</misses>
				<total>48</total>
				<timestamp>6588.605584</timestamp>
			</report>
			<report>
				<misses>21985001</misses>
				<total>48</total>
				<timestamp>6588.905305</timestamp>
			</report>
			<report>
				<misses>21986001</misses>
				<total>48</total>
				<timestamp>6589.204989</timestamp>
			</report>
			<report>
				<misses>21987001</misses>
				<total>48</total>
				<timestamp>6589.504673</timestamp>
			</report>
			<report>
				<misses>21988001</misses>
				<total>48</total>
				<timestamp>6589.804371</timestamp>
			</report>
			<report>
				<misses>21989001</misses>
				<total>48</total>
				<timestamp>6590.104122</timestamp>
			</report>
			<report>
				<misses>21990001</misses>
				<total>48</total>
				<timestamp>6590.403801</timestamp>
			</report>
			<report>
				<misses>21991001</misses>
				<total>48</total>
				<timestamp>6590.703467</timestamp>
			</report>
			<report>
				<misses>21992001</misses>
				<total>48</total>
				<timestamp>6591.003188</timestamp>
			</report>
			<report>
				<misses>21993001</misses>
				<total>48</total>
				<timestamp>6591.302876</timestamp>
			</report>
			<report>
				<misses>21994001</misses>
				<total>48</total>
				<timestamp>6591.602590</timestamp>
			</report>
			<report>
				<misses>21995001</misses>
				<total>48</total>
				<timestamp>6591.902285</timestamp>
			</report>
			<report>
				<misses>21996001</misses>
				<total>48</total>
				<timestamp>6592.201994</timestamp>
			</report>
			<report>
				<misses>21997001</misses>
				<total>48</total>
				<timestamp>6592.501732</timestamp>
			</report>
			<report>
				<misses>21998001</misses>
				<total>48</total>
				<timestamp>6592.801361</timestamp>
			</report>
			<report>
				<misses>21999001</misses>
				<total>48</total>
				<timestamp>6593.101085</timestamp>
			</report>
			<report>
				<misses>22000001</misses>
				<total>48</total>
				<timestamp>6593.400767</timestamp>
			</report>
			<report>
				<misses>22001001</misses>
				<total>48</total>
				<timestamp>6593.700484</timestamp>
			</report>
			<report>
				<misses>22002001</misses>
				<total>48</total>
				<timestamp>6594.000218</timestamp>
			</report>
			<report>
				<misses>22003001</misses>
				<total>48</total>
				<timestamp>6594.299878</timestamp>
			</report>
			<report>
				<misses>22004001</misses>
				<total>48</total>
				<timestamp>6594.599578</timestamp>
			</report>
			<report>
				<misses>22005001</misses>
				<total>48</total>
				<timestamp>6594.899302</timestamp>
			</report>
			<report>
				<misses>22006001</misses>
				<total>48</total>
				<timestamp>6595.199018</timestamp>
			</report>
			<report>
				<misses>22007001</misses>
				<total>47</total>
				<timestamp>6595.498778</timestamp>
			</report>
			<report>
				<misses>22008001</misses>
				<total>48</total>
				<timestamp>6595.798362</timestamp>
			</report>
			<report>
				<misses>22009001</misses>
				<total>48</total>
				<timestamp>6596.098092</timestamp>
			</report>
			<report>
				<misses>22010001</misses>
				<total>48</total>
				<timestamp>6596.397811</timestamp>
			</report>
			<report>
				<misses>22011001</misses>
				<total>48</total>
				<timestamp>6596.697484</timestamp>
			</report>
			<report>
				<misses>22012001</misses>
				<total>48</total>
				<timestamp>6596.997199</timestamp>
			</report>
			<report>
				<misses>22013001</misses>
				<total>48</total>
				<timestamp>6597.296977</timestamp>
			</report>
			<report>
				<misses>22014001</misses>
				<total>48</total>
				<timestamp>6597.596644</timestamp>
			</report>
			<report>
				<misses>22015001</misses>
				<total>48</total>
				<timestamp>6597.896283</timestamp>
			</report>
			<report>
				<misses>22016001</misses>
				<total>48</total>
				<timestamp>6598.196003</timestamp>
			</report>
			<report>
				<misses>22017001</misses>
				<total>48</total>
				<timestamp>6598.495742</timestamp>
			</report>
			<report>
				<misses>22018001</misses>
				<total>48</total>
				<timestamp>6598.795381</timestamp>
			</report>
			<report>
				<misses>22019001</misses>
				<total>48</total>
				<timestamp>6599.095128</timestamp>
			</report>
			<report>
				<misses>22020001</misses>
				<total>48</total>
				<timestamp>6599.394856</timestamp>
			</report>
			<report>
				<misses>22021001</misses>
				<total>48</total>
				<timestamp>6599.694483</timestamp>
			</report>
			<report>
				<misses>22022001</misses>
				<total>48</total>
				<timestamp>6599.994191</timestamp>
			</report>
			<report>
				<misses>22023001</misses>
				<total>48</total>
				<timestamp>6600.293909</timestamp>
			</report>
			<report>
				<misses>22024001</misses>
				<total>48</total>
				<timestamp>6600.593574</timestamp>
			</report>
			<report>
				<misses>22025001</misses>
				<total>48</total>
				<timestamp>6600.893271</timestamp>
			</report>
			<report>
				<misses>22026001</misses>
				<total>48</total>
				<timestamp>6601.193089</timestamp>
			</report>
			<report>
				<misses>22027001</misses>
				<total>48</total>
				<timestamp>6601.492747</timestamp>
			</report>
			<report>
				<misses>22028001</misses>
				<total>48</total>
				<timestamp>6601.792415</timestamp>
			</report>
			<report>
				<misses>22029001</misses>
				<total>48</total>
				<timestamp>6602.092123</timestamp>
			</report>
			<report>
				<misses>22030001</misses>
				<total>48</total>
				<timestamp>6602.391779</timestamp>
			</report>
			<report>
				<misses>22031001</misses>
				<total>48</total>
				<timestamp>6602.691488</timestamp>
			</report>
			<report>
				<misses>22032001</misses>
				<total>48</total>
				<timestamp>6602.991177</timestamp>
			</report>
			<report>
				<misses>22033001</misses>
				<total>48</total>
				<timestamp>6603.290942</timestamp>
			</report>
			<report>
				<misses>22034001</misses>
				<total>48</total>
				<timestamp>6603.590574</timestamp>
			</report>
			<report>
				<misses>22035001</misses>
				<total>48</total>
				<timestamp>6603.890276</timestamp>
			</report>
			<report>
				<misses>22036001</misses>
				<total>48</total>
				<timestamp>6604.190007</timestamp>
			</report>
			<report>
				<misses>22037001</misses>
				<total>48</total>
				<timestamp>6604.489675</timestamp>
			</report>
			<report>
				<misses>22038001</misses>
				<total>48</total>
				<timestamp>6604.789379</timestamp>
			</report>
			<report>
				<misses>22039001</misses>
				<total>48</total>
				<timestamp>6605.089109</timestamp>
			</report>
			<report>
				<misses>22040001</misses>
				<total>48</total>
				<timestamp>6605.388791</timestamp>
			</report>
			<report>
				<misses>22041001</misses>
				<total>48</total>
				<timestamp>6605.688480</timestamp>
			</report>
			<report>
				<misses>22042001</misses>
				<total>48</total>
				<timestamp>6605.988251</timestamp>
			</report>
			<report>
				<misses>22043001</misses>
				<total>48</total>
				<timestamp>6606.287871</timestamp>
			</report>
			<report>
				<misses>22044001</misses>
				<total>48</total>
				<timestamp>6606.587571</timestamp>
			</report>
			<report>
				<misses>22045001</misses>
				<total>48</total>
				<timestamp>6606.887295</timestamp>
			</report>
			<report>
				<misses>22046001</misses>
				<total>48</total>
				<timestamp>6607.187003</timestamp>
			</report>
			<report>
				<misses>22047001</misses>
				<total>48</total>
				<timestamp>6607.486676</timestamp>
			</report>
			<report>
				<misses>22048001</misses>
				<total>48</total>
				<timestamp>6607.786381</timestamp>
			</report>
			<report>
				<misses>22049001</misses>
				<total>48</total>
				<timestamp>6608.086183</timestamp>
			</report>
			<report>
				<misses>22050001</misses>
				<total>48</total>
				<timestamp>6608.385771</timestamp>
			</report>
			<report>
				<misses>22051001</misses>
				<total>48</total>
				<timestamp>6608.685467</timestamp>
			</report>
			<report>
				<misses>22052001</misses>
				<total>48</total>
				<timestamp>6608.985198</timestamp>
			</report>
			<report>
				<misses>22053001</misses>
				<total>48</total>
				<timestamp>6609.284862</timestamp>
			</report>
			<report>
				<misses>22054001</misses>
				<total>48</total>
				<timestamp>6609.584635</timestamp>
			</report>
			<report>
				<misses>22055001</misses>
				<total>48</total>
				<timestamp>6609.884284</timestamp>
			</report>
			<report>
				<misses>22056001</misses>
				<total>48</total>
				<timestamp>6610.183999</timestamp>
			</report>
			<report>
				<misses>22057001</misses>
				<total>48</total>
				<timestamp>6610.483666</timestamp>
			</report>
			<report>
				<misses>22058001</misses>
				<total>48</total>
				<timestamp>6610.783394</timestamp>
			</report>
			<report>
				<misses>22059001</misses>
				<total>48</total>
				<timestamp>6611.083120</timestamp>
			</report>
			<report>
				<misses>22060001</misses>
				<total>48</total>
				<timestamp>6611.382776</timestamp>
			</report>
			<report>
				<misses>22061001</misses>
				<total>48</total>
				<timestamp>6611.682486</timestamp>
			</report>
			<report>
				<misses>22062001</misses>
				<total>48</total>
				<timestamp>6611.982217</timestamp>
			</report>
			<report>
				<misses>22063001</misses>
				<total>48</total>
				<timestamp>6612.281868</timestamp>
			</report>
			<report>
				<misses>22064001</misses>
				<total>48</total>
				<timestamp>6612.581638</timestamp>
			</report>
			<report>
				<misses>22065001</misses>
				<total>48</total>
				<timestamp>6612.881282</timestamp>
			</report>
			<report>
				<misses>22066001</misses>
				<total>48</total>
				<timestamp>6613.181025</timestamp>
			</report>
			<report>
				<misses>22067001</misses>
				<total>48</total>
				<timestamp>6613.480676</timestamp>
			</report>
			<report>
				<misses>22068001</misses>
				<total>48</total>
				<timestamp>6613.780379</timestamp>
			</report>
			<report>
				<misses>22069001</misses>
				<total>48</total>
				<timestamp>6614.080123</timestamp>
			</report>
			<report>
				<misses>22070001</misses>
				<total>48</total>
				<timestamp>6614.379772</timestamp>
			</report>
			<report>
				<misses>22071001</misses>
				<total>48</total>
				<timestamp>6614.679474</timestamp>
			</report>
			<report>
				<misses>22072001</misses>
				<total>48</total>
				<timestamp>6614.979219</timestamp>
			</report>
			<report>
				<misses>22073001</misses>
				<total>48</total>
				<timestamp>6615.278884</timestamp>
			</report>
			<report>
				<misses>22074001</misses>
				<total>47</total>
				<timestamp>6615.578702</timestamp>
			</report>
			<report>
				<misses>22075001</misses>
				<total>48</total>
				<timestamp>6615.878278</timestamp>
			</report>
			<report>
				<misses>22076001</misses>
				<total>48</total>
				<timestamp>6616.178061</timestamp>
			</report>
			<report>
				<misses>22077001</misses>
				<total>48</total>
				<timestamp>6616.477680</timestamp>
			</report>
			<report>
				<misses>22078001</misses>
				<total>48</total>
				<timestamp>6616.777372</timestamp>
			</report>
			<report>
				<misses>22079001</misses>
				<total>48</total>
				<timestamp>6617.077103</timestamp>
			</report>
			<report>
				<misses>22080001</misses>
				<total>48</total>
				<timestamp>6617.376776</timestamp>
			</report>
			<report>
				<misses>22081001</misses>
				<total>48</total>
				<timestamp>6617.676474</timestamp>
			</report>
			<report>
				<misses>22082001</misses>
				<total>48</total>
				<timestamp>6617.976199</timestamp>
			</report>
			<report>
				<misses>22083001</misses>
				<total>48</total>
				<timestamp>6618.275865</timestamp>
			</report>
			<report>
				<misses>22084001</misses>
				<total>48</total>
				<timestamp>6618.575644</timestamp>
			</report>
			<report>
				<misses>22085001</misses>
				<total>48</total>
				<timestamp>6618.875293</timestamp>
			</report>
			<report>
				<misses>22086001</misses>
				<total>48</total>
				<timestamp>6619.175067</timestamp>
			</report>
			<report>
				<misses>22087001</misses>
				<total>48</total>
				<timestamp>6619.474670</timestamp>
			</report>
			<report>
				<misses>22088001</misses>
				<total>48</total>
				<timestamp>6619.774368</timestamp>
			</report>
			<report>
				<misses>22089001</misses>
				<total>48</total>
				<timestamp>6620.074076</timestamp>
			</report>
			<report>
				<misses>22090001</misses>
				<total>48</total>
				<timestamp>6620.373771</timestamp>
			</report>
			<report>
				<misses>22091001</misses>
				<total>48</total>
				<timestamp>6620.673480</timestamp>
			</report>
			<report>
				<misses>22092001</misses>
				<total>48</total>
				<timestamp>6620.973175</timestamp>
			</report>
			<report>
				<misses>22093001</misses>
				<total>48</total>
				<timestamp>6621.272868</timestamp>
			</report>
			<report>
				<misses>22094001</misses>
				<total>48</total>
				<timestamp>6621.572566</timestamp>
			</report>
			<report>
				<misses>22095001</misses>
				<total>48</total>
				<timestamp>6621.872283</timestamp>
			</report>
			<report>
				<misses>22096001</misses>
				<total>48</total>
				<timestamp>6622.171977</timestamp>
			</report>
			<report>
				<misses>22097001</misses>
				<total>48</total>
				<timestamp>6622.471665</timestamp>
			</report>
			<report>
				<misses>22098001</misses>
				<total>48</total>
				<timestamp>6622.771376</timestamp>
			</report>
			<report>
				<misses>22099001</misses>
				<total>48</total>
				<timestamp>6623.071144</timestamp>
			</report>
			<report>
				<misses>22100001</misses>
				<total>48</total>
				<timestamp>6623.370773</timestamp>
			</report>
			<report>
				<misses>22101001</misses>
				<total>48</total>
				<timestamp>6623.670463</timestamp>
			</report>
			<report>
				<misses>22102001</misses>
				<total>48</total>
				<timestamp>6623.970210</timestamp>
			</report>
			<report>
				<misses>22103001</misses>
				<total>48</total>
				<timestamp>6624.269984</timestamp>
			</report>
			<report>
				<misses>22104001</misses>
				<total>48</total>
				<timestamp>6624.569559</timestamp>
			</report>
			<report>
				<misses>22105001</misses>
				<total>48</total>
				<timestamp>6624.869279</timestamp>
			</report>
			<report>
				<misses>22106001</misses>
				<total>48</total>
				<timestamp>6625.169032</timestamp>
			</report>
			<report>
				<misses>22107001</misses>
				<total>48</total>
				<timestamp>6625.468705</timestamp>
			</report>
			<report>
				<misses>22108001</misses>
				<total>48</total>
				<timestamp>6625.768383</timestamp>
			</report>
			<report>
				<misses>22109001</misses>
				<total>48</total>
				<timestamp>6626.068139</timestamp>
			</report>
			<report>
				<misses>22110001</misses>
				<total>48</total>
				<timestamp>6626.367760</timestamp>
			</report>
			<report>
				<misses>22111001</misses>
				<total>48</total>
				<timestamp>6626.667465</timestamp>
			</report>
			<report>
				<misses>22112001</misses>
				<total>48</total>
				<timestamp>6626.967158</timestamp>
			</report>
			<report>
				<misses>22113001</misses>
				<total>48</total>
				<timestamp>6627.266865</timestamp>
			</report>
			<report>
				<misses>22114001</misses>
				<total>48</total>
				<timestamp>6627.566572</timestamp>
			</report>
			<report>
				<misses>22115001</misses>
				<total>48</total>
				<timestamp>6627.866266</timestamp>
			</report>
			<report>
				<misses>22116001</misses>
				<total>48</total>
				<timestamp>6628.166015</timestamp>
			</report>
			<report>
				<misses>22117001</misses>
				<total>48</total>
				<timestamp>6628.465758</timestamp>
			</report>
			<report>
				<misses>22118001</misses>
				<total>48</total>
				<timestamp>6628.765378</timestamp>
			</report>
			<report>
				<misses>22119001</misses>
				<total>48</total>
				<timestamp>6629.065124</timestamp>
			</report>
			<report>
				<misses>22120001</misses>
				<total>48</total>
				<timestamp>6629.364775</timestamp>
			</report>
			<report>
				<misses>22121001</misses>
				<total>48</total>
				<timestamp>6629.664527</timestamp>
			</report>
			<report>
				<misses>22122001</misses>
				<total>48</total>
				<timestamp>6629.964159</timestamp>
			</report>
			<report>
				<misses>22123001</misses>
				<total>48</total>
				<timestamp>6630.263921</timestamp>
			</report>
			<report>
				<misses>22124001</misses>
				<total>48</total>
				<timestamp>6630.563605</timestamp>
			</report>
			<report>
				<misses>22125001</misses>
				<total>48</total>
				<timestamp>6630.863269</timestamp>
			</report>
			<report>
				<misses>22126001</misses>
				<total>48</total>
				<timestamp>6631.163008</timestamp>
			</report>
			<report>
				<misses>22127001</misses>
				<total>48</total>
				<timestamp>6631.462661</timestamp>
			</report>
			<report>
				<misses>22128001</misses>
				<total>48</total>
				<timestamp>6631.762433</timestamp>
			</report>
			<report>
				<misses>22129001</misses>
				<total>48</total>
				<timestamp>6632.062074</timestamp>
			</report>
			<report>
				<misses>22130001</misses>
				<total>48</total>
				<timestamp>6632.361765</timestamp>
			</report>
			<report>
				<misses>22131001</misses>
				<total>48</total>
				<timestamp>6632.661464</timestamp>
			</report>
			<report>
				<misses>22132001</misses>
				<total>48</total>
				<timestamp>6632.961167</timestamp>
			</report>
			<report>
				<misses>22133001</misses>
				<total>48</total>
				<timestamp>6633.260981</timestamp>
			</report>
			<report>
				<misses>22134001</misses>
				<total>48</total>
				<timestamp>6633.560571</timestamp>
			</report>
			<report>
				<misses>22135001</misses>
				<total>48</total>
				<timestamp>6633.860274</timestamp>
			</report>
			<report>
				<misses>22136001</misses>
				<total>48</total>
				<timestamp>6634.160032</timestamp>
			</report>
			<report>
				<misses>22137001</misses>
				<total>48</total>
				<timestamp>6634.459667</timestamp>
			</report>
			<report>
				<misses>22138001</misses>
				<total>48</total>
				<timestamp>6634.759365</timestamp>
			</report>
			<report>
				<misses>22139001</misses>
				<total>48</total>
				<timestamp>6635.059080</timestamp>
			</report>
			<report>
				<misses>22140001</misses>
				<total>48</total>
				<timestamp>6635.358770</timestamp>
			</report>
			<report>
				<misses>22141001</misses>
				<total>48</total>
				<timestamp>6635.658458</timestamp>
			</report>
			<report>
				<misses>22142001</misses>
				<total>48</total>
				<timestamp>6635.958191</timestamp>
			</report>
			<report>
				<misses>22143001</misses>
				<total>48</total>
				<timestamp>6636.257972</timestamp>
			</report>
			<report>
				<misses>22144001</misses>
				<total>48</total>
				<timestamp>6636.557624</timestamp>
			</report>
			<report>
				<misses>22145001</misses>
				<total>48</total>
				<timestamp>6636.857285</timestamp>
			</report>
			<report>
				<misses>22146001</misses>
				<total>48</total>
				<timestamp>6637.157064</timestamp>
			</report>
			<report>
				<misses>22147001</misses>
				<total>48</total>
				<timestamp>6637.456764</timestamp>
			</report>
			<report>
				<misses>22148001</misses>
				<total>48</total>
				<timestamp>6637.756365</timestamp>
			</report>
			<report>
				<misses>22149001</misses>
				<total>48</total>
				<timestamp>6638.056061</timestamp>
			</report>
			<report>
				<misses>22150001</misses>
				<total>48</total>
				<timestamp>6638.355833</timestamp>
			</report>
			<report>
				<misses>22151001</misses>
				<total>48</total>
				<timestamp>6638.655489</timestamp>
			</report>
			<report>
				<misses>22152001</misses>
				<total>48</total>
				<timestamp>6638.955182</timestamp>
			</report>
			<report>
				<misses>22153001</misses>
				<total>48</total>
				<timestamp>6639.254892</timestamp>
			</report>
			<report>
				<misses>22154001</misses>
				<total>48</total>
				<timestamp>6639.554576</timestamp>
			</report>
			<report>
				<misses>22155001</misses>
				<total>48</total>
				<timestamp>6639.854260</timestamp>
			</report>
			<report>
				<misses>22156001</misses>
				<total>48</total>
				<timestamp>6640.154029</timestamp>
			</report>
			<report>
				<misses>22157001</misses>
				<total>48</total>
				<timestamp>6640.453675</timestamp>
			</report>
			<report>
				<misses>22158001</misses>
				<total>48</total>
				<timestamp>6640.753366</timestamp>
			</report>
			<report>
				<misses>22159001</misses>
				<total>48</total>
				<timestamp>6641.053105</timestamp>
			</report>
			<report>
				<misses>22160001</misses>
				<total>48</total>
				<timestamp>6641.352777</timestamp>
			</report>
			<report>
				<misses>22161001</misses>
				<total>48</total>
				<timestamp>6641.652538</timestamp>
			</report>
			<report>
				<misses>22162001</misses>
				<total>48</total>
				<timestamp>6641.952192</timestamp>
			</report>
			<report>
				<misses>22163001</misses>
				<total>48</total>
				<timestamp>6642.251882</timestamp>
			</report>
			<report>
				<misses>22164001</misses>
				<total>48</total>
				<timestamp>6642.551572</timestamp>
			</report>
			<report>
				<misses>22165001</misses>
				<total>48</total>
				<timestamp>6642.851285</timestamp>
			</report>
			<report>
				<misses>22166001</misses>
				<total>48</total>
				<timestamp>6643.151036</timestamp>
			</report>
			<report>
				<misses>22167001</misses>
				<total>48</total>
				<timestamp>6643.450743</timestamp>
			</report>
			<report>
				<misses>22168001</misses>
				<total>49</total>
				<timestamp>6643.750395</timestamp>
			</report>
			<report>
				<misses>22169001</misses>
				<total>49</total>
				<timestamp>6644.050072</timestamp>
			</report>
			<report>
				<misses>22170001</misses>
				<total>49</total>
				<timestamp>6644.349792</timestamp>
			</report>
			<report>
				<misses>22171001</misses>
				<total>49</total>
				<timestamp>6644.649474</timestamp>
			</report>
			<report>
				<misses>22172001</misses>
				<total>49</total>
				<timestamp>6644.949165</timestamp>
			</report>
			<report>
				<misses>22173001</misses>
				<total>49</total>
				<timestamp>6645.248882</timestamp>
			</report>
			<report>
				<misses>22174001</misses>
				<total>49</total>
				<timestamp>6645.548597</timestamp>
			</report>
			<report>
				<misses>22175001</misses>
				<total>49</total>
				<timestamp>6645.848331</timestamp>
			</report>
			<report>
				<misses>22176001</misses>
				<total>49</total>
				<timestamp>6646.148009</timestamp>
			</report>
			<report>
				<misses>22177001</misses>
				<total>49</total>
				<timestamp>6646.447669</timestamp>
			</report>
			<report>
				<misses>22178001</misses>
				<total>49</total>
				<timestamp>6646.747372</timestamp>
			</report>
			<report>
				<misses>22179001</misses>
				<total>49</total>
				<timestamp>6647.047076</timestamp>
			</report>
			<report>
				<misses>22180001</misses>
				<total>49</total>
				<timestamp>6647.346797</timestamp>
			</report>
			<report>
				<misses>22181001</misses>
				<total>49</total>
				<timestamp>6647.646488</timestamp>
			</report>
			<report>
				<misses>22182001</misses>
				<total>49</total>
				<timestamp>6647.946185</timestamp>
			</report>
			<report>
				<misses>22183001</misses>
				<total>49</total>
				<timestamp>6648.245878</timestamp>
			</report>
			<report>
				<misses>22184001</misses>
				<total>49</total>
				<timestamp>6648.545623</timestamp>
			</report>
			<report>
				<misses>22185001</misses>
				<total>49</total>
				<timestamp>6648.845261</timestamp>
			</report>
			<report>
				<misses>22186001</misses>
				<total>49</total>
				<timestamp>6649.144985</timestamp>
			</report>
			<report>
				<misses>22187001</misses>
				<total>49</total>
				<timestamp>6649.444660</timestamp>
			</report>
			<report>
				<misses>22188001</misses>
				<total>49</total>
				<timestamp>6649.744429</timestamp>
			</report>
			<report>
				<misses>22189001</misses>
				<total>49</total>
				<timestamp>6650.044064</timestamp>
			</report>
			<report>
				<misses>22190001</misses>
				<total>49</total>
				<timestamp>6650.343931</timestamp>
			</report>
			<report>
				<misses>22191001</misses>
				<total>49</total>
				<timestamp>6650.643549</timestamp>
			</report>
			<report>
				<misses>22192001</misses>
				<total>49</total>
				<timestamp>6650.943177</timestamp>
			</report>
			<report>
				<misses>22193001</misses>
				<total>49</total>
				<timestamp>6651.242891</timestamp>
			</report>
			<report>
				<misses>22194001</misses>
				<total>49</total>
				<timestamp>6651.542603</timestamp>
			</report>
			<report>
				<misses>22195001</misses>
				<total>49</total>
				<timestamp>6651.842354</timestamp>
			</report>
			<report>
				<misses>22196001</misses>
				<total>49</total>
				<timestamp>6652.141988</timestamp>
			</report>
			<report>
				<misses>22197001</misses>
				<total>49</total>
				<timestamp>6652.441674</timestamp>
			</report>
			<report>
				<misses>22198001</misses>
				<total>49</total>
				<timestamp>6652.741422</timestamp>
			</report>
			<report>
				<misses>22199001</misses>
				<total>49</total>
				<timestamp>6653.041069</timestamp>
			</report>
			<report>
				<misses>22200001</misses>
				<total>49</total>
				<timestamp>6653.340849</timestamp>
			</report>
			<report>
				<misses>22201001</misses>
				<total>49</total>
				<timestamp>6653.640526</timestamp>
			</report>
			<report>
				<misses>22202001</misses>
				<total>49</total>
				<timestamp>6653.940169</timestamp>
			</report>
			<report>
				<misses>22203001</misses>
				<total>49</total>
				<timestamp>6654.239915</timestamp>
			</report>
			<report>
				<misses>22204001</misses>
				<total>49</total>
				<timestamp>6654.539568</timestamp>
			</report>
			<report>
				<misses>22205001</misses>
				<total>49</total>
				<timestamp>6654.839268</timestamp>
			</report>
			<report>
				<misses>22206001</misses>
				<total>49</total>
				<timestamp>6655.138976</timestamp>
			</report>
			<report>
				<misses>22207001</misses>
				<total>49</total>
				<timestamp>6655.438690</timestamp>
			</report>
			<report>
				<misses>22208001</misses>
				<total>49</total>
				<timestamp>6655.738438</timestamp>
			</report>
			<report>
				<misses>22209001</misses>
				<total>49</total>
				<timestamp>6656.038071</timestamp>
			</report>
			<report>
				<misses>22210001</misses>
				<total>49</total>
				<timestamp>6656.337785</timestamp>
			</report>
			<report>
				<misses>22211001</misses>
				<total>49</total>
				<timestamp>6656.637519</timestamp>
			</report>
			<report>
				<misses>22212001</misses>
				<total>49</total>
				<timestamp>6656.937167</timestamp>
			</report>
			<report>
				<misses>22213001</misses>
				<total>49</total>
				<timestamp>6657.236940</timestamp>
			</report>
			<report>
				<misses>22214001</misses>
				<total>49</total>
				<timestamp>6657.536573</timestamp>
			</report>
			<report>
				<misses>22215001</misses>
				<total>49</total>
				<timestamp>6657.836266</timestamp>
			</report>
			<report>
				<misses>22216001</misses>
				<total>49</total>
				<timestamp>6658.136024</timestamp>
			</report>
			<report>
				<misses>22217001</misses>
				<total>49</total>
				<timestamp>6658.435684</timestamp>
			</report>
			<report>
				<misses>22218001</misses>
				<total>48</total>
				<timestamp>6658.735461</timestamp>
			</report>
			<report>
				<misses>22219001</misses>
				<total>49</total>
				<timestamp>6659.035078</timestamp>
			</report>
			<report>
				<misses>22220001</misses>
				<total>49</total>
				<timestamp>6659.334770</timestamp>
			</report>
			<report>
				<misses>22221001</misses>
				<total>49</total>
				<timestamp>6659.634520</timestamp>
			</report>
			<report>
				<misses>22222001</misses>
				<total>49</total>
				<timestamp>6659.934200</timestamp>
			</report>
			<report>
				<misses>22223001</misses>
				<total>49</total>
				<timestamp>6660.233922</timestamp>
			</report>
			<report>
				<misses>22224001</misses>
				<total>49</total>
				<timestamp>6660.533555</timestamp>
			</report>
			<report>
				<misses>22225001</misses>
				<total>49</total>
				<timestamp>6660.833277</timestamp>
			</report>
			<report>
				<misses>22226001</misses>
				<total>49</total>
				<timestamp>6661.132963</timestamp>
			</report>
			<report>
				<misses>22227001</misses>
				<total>49</total>
				<timestamp>6661.432724</timestamp>
			</report>
			<report>
				<misses>22228001</misses>
				<total>49</total>
				<timestamp>6661.732420</timestamp>
			</report>
			<report>
				<misses>22229001</misses>
				<total>49</total>
				<timestamp>6662.032092</timestamp>
			</report>
			<report>
				<misses>22230001</misses>
				<total>49</total>
				<timestamp>6662.331798</timestamp>
			</report>
			<report>
				<misses>22231001</misses>
				<total>49</total>
				<timestamp>6662.631465</timestamp>
			</report>
			<report>
				<misses>22232001</misses>
				<total>49</total>
				<timestamp>6662.931165</timestamp>
			</report>
			<report>
				<misses>22233001</misses>
				<total>49</total>
				<timestamp>6663.230870</timestamp>
			</report>
			<report>
				<misses>22234001</misses>
				<total>48</total>
				<timestamp>6663.530698</timestamp>
			</report>
			<report>
				<misses>22235001</misses>
				<total>49</total>
				<timestamp>6663.830254</timestamp>
			</report>
			<report>
				<misses>22236001</misses>
				<total>49</total>
				<timestamp>6664.129989</timestamp>
			</report>
			<report>
				<misses>22237001</misses>
				<total>49</total>
				<timestamp>6664.429732</timestamp>
			</report>
			<report>
				<misses>22238001</misses>
				<total>49</total>
				<timestamp>6664.729443</timestamp>
			</report>
			<report>
				<misses>22239001</misses>
				<total>49</total>
				<timestamp>6665.029154</timestamp>
			</report>
			<report>
				<misses>22240001</misses>
				<total>49</total>
				<timestamp>6665.328844</timestamp>
			</report>
			<report>
				<misses>22241001</misses>
				<total>49</total>
				<timestamp>6665.628467</timestamp>
			</report>
			<report>
				<misses>22242001</misses>
				<total>49</total>
				<timestamp>6665.928165</timestamp>
			</report>
			<report>
				<misses>22243001</misses>
				<total>49</total>
				<timestamp>6666.227957</timestamp>
			</report>
			<report>
				<misses>22244001</misses>
				<total>49</total>
				<timestamp>6666.527570</timestamp>
			</report>
			<report>
				<misses>22245001</misses>
				<total>49</total>
				<timestamp>6666.827262</timestamp>
			</report>
			<report>
				<misses>22246001</misses>
				<total>49</total>
				<timestamp>6667.126978</timestamp>
			</report>
			<report>
				<misses>22247001</misses>
				<total>49</total>
				<timestamp>6667.426721</timestamp>
			</report>
			<report>
				<misses>22248001</misses>
				<total>49</total>
				<timestamp>6667.726367</timestamp>
			</report>
			<report>
				<misses>22249001</misses>
				<total>49</total>
				<timestamp>6668.026060</timestamp>
			</report>
			<report>
				<misses>22250001</misses>
				<total>49</total>
				<timestamp>6668.325811</timestamp>
			</report>
			<report>
				<misses>22251001</misses>
				<total>49</total>
				<timestamp>6668.625498</timestamp>
			</report>
			<report>
				<misses>22252001</misses>
				<total>48</total>
				<timestamp>6668.925284</timestamp>
			</report>
			<report>
				<misses>22253001</misses>
				<total>49</total>
				<timestamp>6669.224917</timestamp>
			</report>
			<report>
				<misses>22254001</misses>
				<total>49</total>
				<timestamp>6669.524600</timestamp>
			</report>
			<report>
				<misses>22255001</misses>
				<total>49</total>
				<timestamp>6669.824356</timestamp>
			</report>
			<report>
				<misses>22256001</misses>
				<total>49</total>
				<timestamp>6670.124020</timestamp>
			</report>
			<report>
				<misses>22257001</misses>
				<total>49</total>
				<timestamp>6670.423705</timestamp>
			</report>
			<report>
				<misses>22258001</misses>
				<total>49</total>
				<timestamp>6670.723368</timestamp>
			</report>
			<report>
				<misses>22259001</misses>
				<total>49</total>
				<timestamp>6671.023067</timestamp>
			</report>
			<report>
				<misses>22260001</misses>
				<total>49</total>
				<timestamp>6671.322842</timestamp>
			</report>
			<report>
				<misses>22261001</misses>
				<total>49</total>
				<timestamp>6671.622477</timestamp>
			</report>
			<report>
				<misses>22262001</misses>
				<total>49</total>
				<timestamp>6671.922249</timestamp>
			</report>
			<report>
				<misses>22263001</misses>
				<total>49</total>
				<timestamp>6672.221873</timestamp>
			</report>
			<report>
				<misses>22264001</misses>
				<total>49</total>
				<timestamp>6672.521582</timestamp>
			</report>
			<report>
				<misses>22265001</misses>
				<total>49</total>
				<timestamp>6672.821273</timestamp>
			</report>
			<report>
				<misses>22266001</misses>
				<total>49</total>
				<timestamp>6673.120975</timestamp>
			</report>
			<report>
				<misses>22267001</misses>
				<total>49</total>
				<timestamp>6673.420821</timestamp>
			</report>
			<report>
				<misses>22268001</misses>
				<total>49</total>
				<timestamp>6673.720364</timestamp>
			</report>
			<report>
				<misses>22269001</misses>
				<total>49</total>
				<timestamp>6674.020075</timestamp>
			</report>
			<report>
				<misses>22270001</misses>
				<total>49</total>
				<timestamp>6674.319818</timestamp>
			</report>
			<report>
				<misses>22271001</misses>
				<total>49</total>
				<timestamp>6674.619469</timestamp>
			</report>
			<report>
				<misses>22272001</misses>
				<total>49</total>
				<timestamp>6674.919157</timestamp>
			</report>
			<report>
				<misses>22273001</misses>
				<total>49</total>
				<timestamp>6675.218874</timestamp>
			</report>
			<report>
				<misses>22274001</misses>
				<total>49</total>
				<timestamp>6675.518629</timestamp>
			</report>
			<report>
				<misses>22275001</misses>
				<total>49</total>
				<timestamp>6675.818271</timestamp>
			</report>
			<report>
				<misses>22276001</misses>
				<total>49</total>
				<timestamp>6676.118001</timestamp>
			</report>
			<report>
				<misses>22277001</misses>
				<total>49</total>
				<timestamp>6676.417678</timestamp>
			</report>
			<report>
				<misses>22278001</misses>
				<total>49</total>
				<timestamp>6676.717366</timestamp>
			</report>
			<report>
				<misses>22279001</misses>
				<total>49</total>
				<timestamp>6677.017102</timestamp>
			</report>
			<report>
				<misses>22280001</misses>
				<total>49</total>
				<timestamp>6677.316819</timestamp>
			</report>
			<report>
				<misses>22281001</misses>
				<total>49</total>
				<timestamp>6677.616477</timestamp>
			</report>
			<report>
				<misses>22282001</misses>
				<total>49</total>
				<timestamp>6677.916168</timestamp>
			</report>
			<report>
				<misses>22283001</misses>
				<total>48</total>
				<timestamp>6678.215980</timestamp>
			</report>
			<report>
				<misses>22284001</misses>
				<total>49</total>
				<timestamp>6678.515579</timestamp>
			</report>
			<report>
				<misses>22285001</misses>
				<total>49</total>
				<timestamp>6678.815273</timestamp>
			</report>
			<report>
				<misses>22286001</misses>
				<total>49</total>
				<timestamp>6679.114989</timestamp>
			</report>
			<report>
				<misses>22287001</misses>
				<total>49</total>
				<timestamp>6679.414687</timestamp>
			</report>
			<report>
				<misses>22288001</misses>
				<total>49</total>
				<timestamp>6679.714371</timestamp>
			</report>
			<report>
				<misses>22289001</misses>
				<total>48</total>
				<timestamp>6680.014164</timestamp>
			</report>
			<report>
				<misses>22290001</misses>
				<total>49</total>
				<timestamp>6680.313786</timestamp>
			</report>
			<report>
				<misses>22291001</misses>
				<total>49</total>
				<timestamp>6680.613474</timestamp>
			</report>
			<report>
				<misses>22292001</misses>
				<total>49</total>
				<timestamp>6680.913169</timestamp>
			</report>
			<report>
				<misses>22293001</misses>
				<total>49</total>
				<timestamp>6681.212876</timestamp>
			</report>
			<report>
				<misses>22294001</misses>
				<total>48</total>
				<timestamp>6681.512674</timestamp>
			</report>
			<report>
				<misses>22295001</misses>
				<total>48</total>
				<timestamp>6681.812414</timestamp>
			</report>
			<report>
				<misses>22296001</misses>
				<total>49</total>
				<timestamp>6682.111982</timestamp>
			</report>
			<report>
				<misses>22297001</misses>
				<total>49</total>
				<timestamp>6682.411677</timestamp>
			</report>
			<report>
				<misses>22298001</misses>
				<total>48</total>
				<timestamp>6682.711471</timestamp>
			</report>
			<report>
				<misses>22299001</misses>
				<total>49</total>
				<timestamp>6683.011091</timestamp>
			</report>
			<report>
				<misses>22300001</misses>
				<total>49</total>
				<timestamp>6683.310813</timestamp>
			</report>
			<report>
				<misses>22301001</misses>
				<total>49</total>
				<timestamp>6683.610487</timestamp>
			</report>
			<report>
				<misses>22302001</misses>
				<total>49</total>
				<timestamp>6683.910166</timestamp>
			</report>
			<report>
				<misses>22303001</misses>
				<total>49</total>
				<timestamp>6684.209878</timestamp>
			</report>
			<report>
				<misses>22304001</misses>
				<total>49</total>
				<timestamp>6684.509634</timestamp>
			</report>
			<report>
				<misses>22305001</misses>
				<total>49</total>
				<timestamp>6684.809350</timestamp>
			</report>
			<report>
				<misses>22306001</misses>
				<total>49</total>
				<timestamp>6685.109008</timestamp>
			</report>
			<report>
				<misses>22307001</misses>
				<total>49</total>
				<timestamp>6685.408736</timestamp>
			</report>
			<report>
				<misses>22308001</misses>
				<total>49</total>
				<timestamp>6685.708401</timestamp>
			</report>
			<report>
				<misses>22309001</misses>
				<total>49</total>
				<timestamp>6686.008158</timestamp>
			</report>
			<report>
				<misses>22310001</misses>
				<total>49</total>
				<timestamp>6686.307782</timestamp>
			</report>
			<report>
				<misses>22311001</misses>
				<total>49</total>
				<timestamp>6686.607539</timestamp>
			</report>
			<report>
				<misses>22312001</misses>
				<total>49</total>
				<timestamp>6686.907190</timestamp>
			</report>
			<report>
				<misses>22313001</misses>
				<total>49</total>
				<timestamp>6687.206867</timestamp>
			</report>
			<report>
				<misses>22314001</misses>
				<total>49</total>
				<timestamp>6687.506585</timestamp>
			</report>
			<report>
				<misses>22315001</misses>
				<total>49</total>
				<timestamp>6687.806327</timestamp>
			</report>
			<report>
				<misses>22316001</misses>
				<total>49</total>
				<timestamp>6688.106005</timestamp>
			</report>
			<report>
				<misses>22317001</misses>
				<total>49</total>
				<timestamp>6688.405714</timestamp>
			</report>
			<report>
				<misses>22318001</misses>
				<total>49</total>
				<timestamp>6688.705473</timestamp>
			</report>
			<report>
				<misses>22319001</misses>
				<total>49</total>
				<timestamp>6689.005081</timestamp>
			</report>
			<report>
				<misses>22320001</misses>
				<total>49</total>
				<timestamp>6689.304780</timestamp>
			</report>
			<report>
				<misses>22321001</misses>
				<total>49</total>
				<timestamp>6689.604483</timestamp>
			</report>
			<report>
				<misses>22322001</misses>
				<total>49</total>
				<timestamp>6689.904223</timestamp>
			</report>
			<report>
				<misses>22323001</misses>
				<total>49</total>
				<timestamp>6690.203864</timestamp>
			</report>
			<report>
				<misses>22324001</misses>
				<total>49</total>
				<timestamp>6690.503773</timestamp>
			</report>
			<report>
				<misses>22325001</misses>
				<total>49</total>
				<timestamp>6690.803288</timestamp>
			</report>
			<report>
				<misses>22326001</misses>
				<total>49</total>
				<timestamp>6691.103001</timestamp>
			</report>
			<report>
				<misses>22327001</misses>
				<total>49</total>
				<timestamp>6691.402719</timestamp>
			</report>
			<report>
				<misses>22328001</misses>
				<total>49</total>
				<timestamp>6691.702386</timestamp>
			</report>
			<report>
				<misses>22329001</misses>
				<total>49</total>
				<timestamp>6692.002076</timestamp>
			</report>
			<report>
				<misses>22330001</misses>
				<total>49</total>
				<timestamp>6692.301799</timestamp>
			</report>
			<report>
				<misses>22331001</misses>
				<total>49</total>
				<timestamp>6692.601513</timestamp>
			</report>
			<report>
				<misses>22332001</misses>
				<total>48</total>
				<timestamp>6692.901271</timestamp>
			</report>
			<report>
				<misses>22333001</misses>
				<total>49</total>
				<timestamp>6693.200866</timestamp>
			</report>
			<report>
				<misses>22334001</misses>
				<total>49</total>
				<timestamp>6693.500581</timestamp>
			</report>
			<report>
				<misses>22335001</misses>
				<total>49</total>
				<timestamp>6693.800296</timestamp>
			</report>
			<report>
				<misses>22336001</misses>
				<total>49</total>
				<timestamp>6694.099988</timestamp>
			</report>
			<report>
				<misses>22337001</misses>
				<total>49</total>
				<timestamp>6694.399706</timestamp>
			</report>
			<report>
				<misses>22338001</misses>
				<total>49</total>
				<timestamp>6694.699382</timestamp>
			</report>
			<report>
				<misses>22339001</misses>
				<total>49</total>
				<timestamp>6694.999074</timestamp>
			</report>
			<report>
				<misses>22340001</misses>
				<total>49</total>
				<timestamp>6695.298773</timestamp>
			</report>
			<report>
				<misses>22341001</misses>
				<total>49</total>
				<timestamp>6695.598501</timestamp>
			</report>
			<report>
				<misses>22342001</misses>
				<total>49</total>
				<timestamp>6695.898171</timestamp>
			</report>
			<report>
				<misses>22343001</misses>
				<total>49</total>
				<timestamp>6696.197879</timestamp>
			</report>
			<report>
				<misses>22344001</misses>
				<total>49</total>
				<timestamp>6696.497574</timestamp>
			</report>
			<report>
				<misses>22345001</misses>
				<total>49</total>
				<timestamp>6696.797273</timestamp>
			</report>
			<report>
				<misses>22346001</misses>
				<total>49</total>
				<timestamp>6697.097024</timestamp>
			</report>
			<report>
				<misses>22347001</misses>
				<total>49</total>
				<timestamp>6697.396677</timestamp>
			</report>
			<report>
				<misses>22348001</misses>
				<total>49</total>
				<timestamp>6697.696415</timestamp>
			</report>
			<report>
				<misses>22349001</misses>
				<total>49</total>
				<timestamp>6697.996053</timestamp>
			</report>
			<report>
				<misses>22350001</misses>
				<total>49</total>
				<timestamp>6698.295780</timestamp>
			</report>
			<report>
				<misses>22351001</misses>
				<total>49</total>
				<timestamp>6698.595489</timestamp>
			</report>
			<report>
				<misses>22352001</misses>
				<total>49</total>
				<timestamp>6698.895173</timestamp>
			</report>
			<report>
				<misses>22353001</misses>
				<total>49</total>
				<timestamp>6699.194902</timestamp>
			</report>
			<report>
				<misses>22354001</misses>
				<total>49</total>
				<timestamp>6699.494597</timestamp>
			</report>
			<report>
				<misses>22355001</misses>
				<total>49</total>
				<timestamp>6699.794333</timestamp>
			</report>
			<report>
				<misses>22356001</misses>
				<total>49</total>
				<timestamp>6700.093975</timestamp>
			</report>
			<report>
				<misses>22357001</misses>
				<total>49</total>
				<timestamp>6700.393699</timestamp>
			</report>
			<report>
				<misses>22358001</misses>
				<total>49</total>
				<timestamp>6700.693439</timestamp>
			</report>
			<report>
				<misses>22359001</misses>
				<total>49</total>
				<timestamp>6700.993074</timestamp>
			</report>
			<report>
				<misses>22360001</misses>
				<total>49</total>
				<timestamp>6701.292856</timestamp>
			</report>
			<report>
				<misses>22361001</misses>
				<total>49</total>
				<timestamp>6701.592473</timestamp>
			</report>
			<report>
				<misses>22362001</misses>
				<total>49</total>
				<timestamp>6701.892173</timestamp>
			</report>
			<report>
				<misses>22363001</misses>
				<total>49</total>
				<timestamp>6702.191875</timestamp>
			</report>
			<report>
				<misses>22364001</misses>
				<total>49</total>
				<timestamp>6702.491587</timestamp>
			</report>
			<report>
				<misses>22365001</misses>
				<total>49</total>
				<timestamp>6702.791273</timestamp>
			</report>
			<report>
				<misses>22366001</misses>
				<total>49</total>
				<timestamp>6703.090975</timestamp>
			</report>
			<report>
				<misses>22367001</misses>
				<total>49</total>
				<timestamp>6703.390668</timestamp>
			</report>
			<report>
				<misses>22368001</misses>
				<total>49</total>
				<timestamp>6703.690390</timestamp>
			</report>
			<report>
				<misses>22369001</misses>
				<total>49</total>
				<timestamp>6703.990111</timestamp>
			</report>
			<report>
				<misses>22370001</misses>
				<total>49</total>
				<timestamp>6704.289834</timestamp>
			</report>
			<report>
				<misses>22371001</misses>
				<total>49</total>
				<timestamp>6704.589493</timestamp>
			</report>
			<report>
				<misses>22372001</misses>
				<total>49</total>
				<timestamp>6704.889180</timestamp>
			</report>
			<report>
				<misses>22373001</misses>
				<total>49</total>
				<timestamp>6705.188933</timestamp>
			</report>
			<report>
				<misses>22374001</misses>
				<total>49</total>
				<timestamp>6705.488645</timestamp>
			</report>
			<report>
				<misses>22375001</misses>
				<total>49</total>
				<timestamp>6705.788387</timestamp>
			</report>
			<report>
				<misses>22376001</misses>
				<total>49</total>
				<timestamp>6706.087994</timestamp>
			</report>
			<report>
				<misses>22377001</misses>
				<total>49</total>
				<timestamp>6706.387684</timestamp>
			</report>
			<report>
				<misses>22378001</misses>
				<total>48</total>
				<timestamp>6706.687508</timestamp>
			</report>
			<report>
				<misses>22379001</misses>
				<total>49</total>
				<timestamp>6706.987070</timestamp>
			</report>
			<report>
				<misses>22380001</misses>
				<total>49</total>
				<timestamp>6707.286767</timestamp>
			</report>
			<report>
				<misses>22381001</misses>
				<total>48</total>
				<timestamp>6707.586620</timestamp>
			</report>
			<report>
				<misses>22382001</misses>
				<total>49</total>
				<timestamp>6707.886172</timestamp>
			</report>
			<report>
				<misses>22383001</misses>
				<total>49</total>
				<timestamp>6708.185885</timestamp>
			</report>
			<report>
				<misses>22384001</misses>
				<total>49</total>
				<timestamp>6708.485624</timestamp>
			</report>
			<report>
				<misses>22385001</misses>
				<total>49</total>
				<timestamp>6708.785363</timestamp>
			</report>
			<report>
				<misses>22386001</misses>
				<total>49</total>
				<timestamp>6709.084984</timestamp>
			</report>
			<report>
				<misses>22387001</misses>
				<total>49</total>
				<timestamp>6709.384722</timestamp>
			</report>
			<report>
				<misses>22388001</misses>
				<total>49</total>
				<timestamp>6709.684388</timestamp>
			</report>
			<report>
				<misses>22389001</misses>
				<total>49</total>
				<timestamp>6709.984085</timestamp>
			</report>
			<report>
				<misses>22390001</misses>
				<total>49</total>
				<timestamp>6710.283779</timestamp>
			</report>
			<report>
				<misses>22391001</misses>
				<total>49</total>
				<timestamp>6710.583463</timestamp>
			</report>
			<report>
				<misses>22392001</misses>
				<total>49</total>
				<timestamp>6710.883183</timestamp>
			</report>
			<report>
				<misses>22393001</misses>
				<total>49</total>
				<timestamp>6711.182883</timestamp>
			</report>
			<report>
				<misses>22394001</misses>
				<total>49</total>
				<timestamp>6711.482597</timestamp>
			</report>
			<report>
				<misses>22395001</misses>
				<total>49</total>
				<timestamp>6711.782308</timestamp>
			</report>
			<report>
				<misses>22396001</misses>
				<total>49</total>
				<timestamp>6712.081969</timestamp>
			</report>
			<report>
				<misses>22397001</misses>
				<total>49</total>
				<timestamp>6712.381671</timestamp>
			</report>
			<report>
				<misses>22398001</misses>
				<total>49</total>
				<timestamp>6712.681424</timestamp>
			</report>
			<report>
				<misses>22399001</misses>
				<total>49</total>
				<timestamp>6712.981133</timestamp>
			</report>
			<report>
				<misses>22400001</misses>
				<total>49</total>
				<timestamp>6713.280779</timestamp>
			</report>
			<report>
				<misses>22401001</misses>
				<total>49</total>
				<timestamp>6713.580493</timestamp>
			</report>
			<report>
				<misses>22402001</misses>
				<total>49</total>
				<timestamp>6713.880172</timestamp>
			</report>
			<report>
				<misses>22403001</misses>
				<total>49</total>
				<timestamp>6714.179875</timestamp>
			</report>
			<report>
				<misses>22404001</misses>
				<total>49</total>
				<timestamp>6714.479602</timestamp>
			</report>
			<report>
				<misses>22405001</misses>
				<total>48</total>
				<timestamp>6714.779410</timestamp>
			</report>
			<report>
				<misses>22406001</misses>
				<total>49</total>
				<timestamp>6715.078993</timestamp>
			</report>
			<report>
				<misses>22407001</misses>
				<total>49</total>
				<timestamp>6715.378680</timestamp>
			</report>
			<report>
				<misses>22408001</misses>
				<total>49</total>
				<timestamp>6715.678432</timestamp>
			</report>
			<report>
				<misses>22409001</misses>
				<total>49</total>
				<timestamp>6715.978079</timestamp>
			</report>
			<report>
				<misses>22410001</misses>
				<total>49</total>
				<timestamp>6716.277786</timestamp>
			</report>
			<report>
				<misses>22411001</misses>
				<total>49</total>
				<timestamp>6716.577462</timestamp>
			</report>
			<report>
				<misses>22412001</misses>
				<total>48</total>
				<timestamp>6716.877260</timestamp>
			</report>
			<report>
				<misses>22413001</misses>
				<total>49</total>
				<timestamp>6717.176873</timestamp>
			</report>
			<report>
				<misses>22414001</misses>
				<total>49</total>
				<timestamp>6717.476611</timestamp>
			</report>
			<report>
				<misses>22415001</misses>
				<total>49</total>
				<timestamp>6717.776274</timestamp>
			</report>
			<report>
				<misses>22416001</misses>
				<total>49</total>
				<timestamp>6718.076034</timestamp>
			</report>
			<report>
				<misses>22417001</misses>
				<total>49</total>
				<timestamp>6718.375676</timestamp>
			</report>
			<report>
				<misses>22418001</misses>
				<total>49</total>
				<timestamp>6718.675408</timestamp>
			</report>
			<report>
				<misses>22419001</misses>
				<total>49</total>
				<timestamp>6718.975079</timestamp>
			</report>
			<report>
				<misses>22420001</misses>
				<total>49</total>
				<timestamp>6719.274766</timestamp>
			</report>
			<report>
				<misses>22421001</misses>
				<total>48</total>
				<timestamp>6719.574598</timestamp>
			</report>
			<report>
				<misses>22422001</misses>
				<total>49</total>
				<timestamp>6719.874164</timestamp>
			</report>
			<report>
				<misses>22423001</misses>
				<total>49</total>
				<timestamp>6720.173885</timestamp>
			</report>
			<report>
				<misses>22424001</misses>
				<total>49</total>
				<timestamp>6720.473588</timestamp>
			</report>
			<report>
				<misses>22425001</misses>
				<total>49</total>
				<timestamp>6720.773282</timestamp>
			</report>
			<report>
				<misses>22426001</misses>
				<total>49</total>
				<timestamp>6721.072994</timestamp>
			</report>
			<report>
				<misses>22427001</misses>
				<total>49</total>
				<timestamp>6721.372668</timestamp>
			</report>
			<report>
				<misses>22428001</misses>
				<total>49</total>
				<timestamp>6721.672381</timestamp>
			</report>
			<report>
				<misses>22429001</misses>
				<total>49</total>
				<timestamp>6721.972117</timestamp>
			</report>
			<report>
				<misses>22430001</misses>
				<total>49</total>
				<timestamp>6722.271770</timestamp>
			</report>
			<report>
				<misses>22431001</misses>
				<total>49</total>
				<timestamp>6722.571491</timestamp>
			</report>
			<report>
				<misses>22432001</misses>
				<total>49</total>
				<timestamp>6722.871170</timestamp>
			</report>
			<report>
				<misses>22433001</misses>
				<total>49</total>
				<timestamp>6723.170883</timestamp>
			</report>
			<report>
				<misses>22434001</misses>
				<total>49</total>
				<timestamp>6723.470567</timestamp>
			</report>
			<report>
				<misses>22435001</misses>
				<total>49</total>
				<timestamp>6723.770342</timestamp>
			</report>
			<report>
				<misses>22436001</misses>
				<total>49</total>
				<timestamp>6724.069982</timestamp>
			</report>
			<report>
				<misses>22437001</misses>
				<total>49</total>
				<timestamp>6724.369689</timestamp>
			</report>
			<report>
				<misses>22438001</misses>
				<total>51</total>
				<timestamp>6724.669399</timestamp>
			</report>
		</query>
	</custom>
	<ethtool_statistic>
		<rx_packets>
			<start>8874025915</start>
			<end>9428656688</end>
		</rx_packets>
		<tx_packets>
			<start>14764759041</start>
			<end>15619635552</end>
		</tx_packets>
		<rx_dropped>
			<start>1251</start>
			<end>1251</end>
		</rx_dropped>
		<tx_dropped>
			<start>0</start>
			<end>0</end>
		</tx_dropped>
		<collisions>
			<start>0</start>
			<end>0</end>
		</collisions>
		<port_tx_errors>
			<start>0</start>
			<end>0</end>
		</port_tx_errors>
		<port_rx_dropped>
			<start>0</start>
			<end>0</end>
		</port_rx_dropped>
		<port_tx_dropped_link_down>
			<start>0</start>
			<end>0</end>
		</port_tx_dropped_link_down>
	</ethtool_statistic>
	<ip_statistic>
		<mtu>
			<start>9000</start>
			<end>9000</end>
		</mtu>
		<rx_bytes>
			<start>36299774505255</start>
			<end>38536307825234</end>
		</rx_bytes>
		<rx_packets>
			<start>8874025973</start>
			<end>9428656957</end>
		</rx_packets>
		<rx_errors>
			<start>0</start>
			<end>0</end>
		</rx_errors>
		<rx_dropped>
			<start>1251</start>
			<end>1251</end>
		</rx_dropped>
		<rx_missed>
			<start>0</start>
			<end>0</end>
		</rx_missed>
		<rx_mcast>
			<start>5155</start>
			<end>5238</end>
		</rx_mcast>
		<tx_bytes>
			<start>51915084031850</start>
			<end>55089991987854</end>
		</tx_bytes>
		<tx_packets>
			<start>14764759150</start>
			<end>15619636038</end>
		</tx_packets>
		<tx_errors>
			<start>0</start>
			<end>0</end>
		</tx_errors>
		<tx_dropped>
			<start>0</start>
			<end>0</end>
		</tx_dropped>
		<tx_carrier>
			<start>0</start>
			<end>0</end>
		</tx_carrier>
		<tx_collisions>
			<start>0</start>
			<end>0</end>
		</tx_collisions>
	</ip_statistic>
	<netstat_statistic>
		<udp_pkg_rec>
			<start>7517549471</start>
			<end>8007290063</end>
		</udp_pkg_rec>
		<udp_pkg_snt>
			<start>12791347547</start>
			<end>13489350609</end>
		</udp_pkg_snt>
		<udp_rec_err>
			<start>1358500142</start>
			<end>1423425095</end>
		</udp_rec_err>
		<udp_rec_buf_err>
			<start>1358500142</start>
			<end>1423425095</end>
		</udp_rec_buf_err>
		<udp_snt_buf_err>
			<start>0</start>
			<end>0</end>
		</udp_snt_buf_err>
	</netstat_statistic>
</test_results>
