<?xml version="1.0"?>
<test_results>
	<status>STATUS_SUCCESS</status>
	<custom>
		<num_loss>4954699</num_loss>
		<num_total>5000001</num_total>
		<num_misses>3776</num_misses>
		<elapsed_time>400.298352</elapsed_time>
		<query>
			<report>
				<misses>100000</misses>
				<total>96739</total>
				<timestamp>8.004613</timestamp>
			</report>
			<report>
				<misses>200000</misses>
				<total>196738</total>
				<timestamp>16.011913</timestamp>
			</report>
			<report>
				<misses>300000</misses>
				<total>296737</total>
				<timestamp>24.018405</timestamp>
			</report>
			<report>
				<misses>400000</misses>
				<total>394161</total>
				<timestamp>32.031792</timestamp>
			</report>
			<report>
				<misses>500000</misses>
				<total>494160</total>
				<timestamp>40.038480</timestamp>
			</report>
			<report>
				<misses>600000</misses>
				<total>594159</total>
				<timestamp>48.044588</timestamp>
			</report>
			<report>
				<misses>700000</misses>
				<total>691117</total>
				<timestamp>56.052825</timestamp>
			</report>
			<report>
				<misses>800000</misses>
				<total>791116</total>
				<timestamp>64.055743</timestamp>
			</report>
			<report>
				<misses>900000</misses>
				<total>891115</total>
				<timestamp>72.060626</timestamp>
			</report>
			<report>
				<misses>1000000</misses>
				<total>991114</total>
				<timestamp>80.067994</timestamp>
			</report>
			<report>
				<misses>1100000</misses>
				<total>1087652</total>
				<timestamp>88.075675</timestamp>
			</report>
			<report>
				<misses>1200000</misses>
				<total>1187651</total>
				<timestamp>96.081753</timestamp>
			</report>
			<report>
				<misses>1300000</misses>
				<total>1287650</total>
				<timestamp>104.084645</timestamp>
			</report>
			<report>
				<misses>1400000</misses>
				<total>1384338</total>
				<timestamp>112.087055</timestamp>
			</report>
			<report>
				<misses>1500000</misses>
				<total>1484337</total>
				<timestamp>120.091475</timestamp>
			</report>
			<report>
				<misses>1600000</misses>
				<total>1584336</total>
				<timestamp>128.096309</timestamp>
			</report>
			<report>
				<misses>1700000</misses>
				<total>1684202</total>
				<timestamp>136.102502</timestamp>
			</report>
			<report>
				<misses>1800000</misses>
				<total>1780643</total>
				<timestamp>144.105215</timestamp>
			</report>
			<report>
				<misses>1900000</misses>
				<total>1880642</total>
				<timestamp>152.116405</timestamp>
			</report>
			<report>
				<misses>2000000</misses>
				<total>1980641</total>
				<timestamp>160.123846</timestamp>
			</report>
			<report>
				<misses>2100000</misses>
				<total>2077506</total>
				<timestamp>168.126335</timestamp>
			</report>
			<report>
				<misses>2200000</misses>
				<total>2177505</total>
				<timestamp>176.131791</timestamp>
			</report>
			<report>
				<misses>2300000</misses>
				<total>2277504</total>
				<timestamp>184.137227</timestamp>
			</report>
			<report>
				<misses>2400000</misses>
				<total>2372174</total>
				<timestamp>192.144408</timestamp>
			</report>
			<report>
				<misses>2500000</misses>
				<total>2472173</total>
				<timestamp>200.149801</timestamp>
			</report>
			<report>
				<misses>2600000</misses>
				<total>2572172</total>
				<timestamp>208.157590</timestamp>
			</report>
			<report>
				<misses>2700000</misses>
				<total>2672171</total>
				<timestamp>216.161406</timestamp>
			</report>
			<report>
				<misses>2800000</misses>
				<total>2769780</total>
				<timestamp>224.164092</timestamp>
			</report>
			<report>
				<misses>2900000</misses>
				<total>2869779</total>
				<timestamp>232.168324</timestamp>
			</report>
			<report>
				<misses>3000000</misses>
				<total>2969778</total>
				<timestamp>240.176893</timestamp>
			</report>
			<report>
				<misses>3100000</misses>
				<total>3067738</total>
				<timestamp>248.181770</timestamp>
			</report>
			<report>
				<misses>3200000</misses>
				<total>3167737</total>
				<timestamp>256.195462</timestamp>
			</report>
			<report>
				<misses>3300000</misses>
				<total>3267736</total>
				<timestamp>264.198406</timestamp>
			</report>
			<report>
				<misses>3400000</misses>
				<total>3366419</total>
				<timestamp>272.207119</timestamp>
			</report>
			<report>
				<misses>3500000</misses>
				<total>3465865</total>
				<timestamp>280.212112</timestamp>
			</report>
			<report>
				<misses>3600000</misses>
				<total>3565864</total>
				<timestamp>288.218482</timestamp>
			</report>
			<report>
				<misses>3700000</misses>
				<total>3665863</total>
				<timestamp>296.224099</timestamp>
			</report>
			<report>
				<misses>3800000</misses>
				<total>3763797</total>
				<timestamp>304.231786</timestamp>
			</report>
			<report>
				<misses>3900000</misses>
				<total>3863796</total>
				<timestamp>312.236816</timestamp>
			</report>
			<report>
				<misses>4000000</misses>
				<total>3963795</total>
				<timestamp>320.244812</timestamp>
			</report>
			<report>
				<misses>4100000</misses>
				<total>4062646</total>
				<timestamp>328.257065</timestamp>
			</report>
			<report>
				<misses>4200000</misses>
				<total>4162645</total>
				<timestamp>336.263516</timestamp>
			</report>
			<report>
				<misses>4300000</misses>
				<total>4262644</total>
				<timestamp>344.269356</timestamp>
			</report>
			<report>
				<misses>4400000</misses>
				<total>4362643</total>
				<timestamp>352.273246</timestamp>
			</report>
			<report>
				<misses>4500000</misses>
				<total>4457501</total>
				<timestamp>360.278345</timestamp>
			</report>
			<report>
				<misses>4600000</misses>
				<total>4557500</total>
				<timestamp>368.284371</timestamp>
			</report>
			<report>
				<misses>4700000</misses>
				<total>4657499</total>
				<timestamp>376.286521</timestamp>
			</report>
			<report>
				<misses>4800000</misses>
				<total>4754701</total>
				<timestamp>384.289333</timestamp>
			</report>
			<report>
				<misses>4900000</misses>
				<total>4854700</total>
				<timestamp>392.295709</timestamp>
			</report>
			<report>
				<misses>5000000</misses>
				<total>4954699</total>
				<timestamp>400.298332</timestamp>
			</report>
		</query>
	</custom>
	<ethtool_statistic>
		<rx_packets>
			<start>3667868918</start>
			<end>3686735880</end>
		</rx_packets>
		<tx_packets>
			<start>4616201673</start>
			<end>4667522569</end>
		</tx_packets>
		<rx_dropped>
			<start>0</start>
			<end>0</end>
		</rx_dropped>
		<tx_dropped>
			<start>0</start>
			<end>0</end>
		</tx_dropped>
		<collisions>
			<start>0</start>
			<end>0</end>
		</collisions>
		<port_tx_errors>
			<start>0</start>
			<end>0</end>
		</port_tx_errors>
		<port_rx_dropped>
			<start>0</start>
			<end>0</end>
		</port_rx_dropped>
		<port_tx_dropped_link_down>
			<start>0</start>
			<end>0</end>
		</port_tx_dropped_link_down>
	</ethtool_statistic>
	<ip_statistic>
		<mtu>
			<start>9000</start>
			<end>9000</end>
		</mtu>
		<rx_bytes>
			<start>32972832916598</start>
			<end>33142443060354</end>
		</rx_bytes>
		<rx_packets>
			<start>3667869045</start>
			<end>3686735915</end>
		</rx_packets>
		<rx_errors>
			<start>0</start>
			<end>0</end>
		</rx_errors>
		<rx_dropped>
			<start>0</start>
			<end>0</end>
		</rx_dropped>
		<rx_missed>
			<start>0</start>
			<end>0</end>
		</rx_missed>
		<rx_mcast>
			<start>1023</start>
			<end>1035</end>
		</rx_mcast>
		<tx_bytes>
			<start>28897567306934</start>
			<end>29325740781158</end>
		</tx_bytes>
		<tx_packets>
			<start>4616201722</start>
			<end>4667522625</end>
		</tx_packets>
		<tx_errors>
			<start>0</start>
			<end>0</end>
		</tx_errors>
		<tx_dropped>
			<start>0</start>
			<end>0</end>
		</tx_dropped>
		<tx_carrier>
			<start>0</start>
			<end>0</end>
		</tx_carrier>
		<tx_collisions>
			<start>0</start>
			<end>0</end>
		</tx_collisions>
	</ip_statistic>
	<netstat_statistic>
		<udp_pkg_rec>
			<start>3464604069</start>
			<end>3482517838</end>
		</udp_pkg_rec>
		<udp_pkg_snt>
			<start>3862169023</start>
			<end>3878493263</end>
		</udp_pkg_snt>
		<udp_rec_err>
			<start>203657612</start>
			<end>204612561</end>
		</udp_rec_err>
		<udp_rec_buf_err>
			<start>203657612</start>
			<end>204612561</end>
		</udp_rec_buf_err>
		<udp_snt_buf_err>
			<start>0</start>
			<end>0</end>
		</udp_snt_buf_err>
	</netstat_statistic>
</test_results>
