<?xml version="1.0"?>
<test_results>
	<status>STATUS_SUCCESS</status>
	<custom>
		<num_loss>29842</num_loss>
		<num_total>56100001</num_total>
		<num_misses>1421473913</num_misses>
		<elapsed_time>3693.933662</elapsed_time>
		<query>
			<report>
				<misses>100000</misses>
				<total>2</total>
				<timestamp>6.585133</timestamp>
			</report>
			<report>
				<misses>200000</misses>
				<total>1</total>
				<timestamp>13.170539</timestamp>
			</report>
			<report>
				<misses>300000</misses>
				<total>1</total>
				<timestamp>19.756193</timestamp>
			</report>
			<report>
				<misses>400000</misses>
				<total>1</total>
				<timestamp>26.336999</timestamp>
			</report>
			<report>
				<misses>500000</misses>
				<total>1</total>
				<timestamp>32.923742</timestamp>
			</report>
			<report>
				<misses>600000</misses>
				<total>2</total>
				<timestamp>39.508222</timestamp>
			</report>
			<report>
				<misses>700000</misses>
				<total>1</total>
				<timestamp>46.089674</timestamp>
			</report>
			<report>
				<misses>800000</misses>
				<total>2</total>
				<timestamp>52.670494</timestamp>
			</report>
			<report>
				<misses>900000</misses>
				<total>2</total>
				<timestamp>59.253520</timestamp>
			</report>
			<report>
				<misses>1000000</misses>
				<total>1</total>
				<timestamp>65.838227</timestamp>
			</report>
			<report>
				<misses>1100000</misses>
				<total>1</total>
				<timestamp>72.418013</timestamp>
			</report>
			<report>
				<misses>1200000</misses>
				<total>2</total>
				<timestamp>79.004045</timestamp>
			</report>
			<report>
				<misses>1300000</misses>
				<total>1</total>
				<timestamp>85.588622</timestamp>
			</report>
			<report>
				<misses>1400000</misses>
				<total>1</total>
				<timestamp>92.173564</timestamp>
			</report>
			<report>
				<misses>1500000</misses>
				<total>1</total>
				<timestamp>98.758275</timestamp>
			</report>
			<report>
				<misses>1600000</misses>
				<total>1</total>
				<timestamp>105.344841</timestamp>
			</report>
			<report>
				<misses>1700000</misses>
				<total>2</total>
				<timestamp>111.931848</timestamp>
			</report>
			<report>
				<misses>1800000</misses>
				<total>1</total>
				<timestamp>118.517650</timestamp>
			</report>
			<report>
				<misses>1900000</misses>
				<total>1</total>
				<timestamp>125.101308</timestamp>
			</report>
			<report>
				<misses>2000000</misses>
				<total>1</total>
				<timestamp>131.686746</timestamp>
			</report>
			<report>
				<misses>2100000</misses>
				<total>1</total>
				<timestamp>138.274839</timestamp>
			</report>
			<report>
				<misses>2200000</misses>
				<total>1</total>
				<timestamp>144.860559</timestamp>
			</report>
			<report>
				<misses>2300000</misses>
				<total>1</total>
				<timestamp>151.442789</timestamp>
			</report>
			<report>
				<misses>2400000</misses>
				<total>2</total>
				<timestamp>158.021753</timestamp>
			</report>
			<report>
				<misses>2500000</misses>
				<total>1</total>
				<timestamp>164.607140</timestamp>
			</report>
			<report>
				<misses>2600000</misses>
				<total>2</total>
				<timestamp>171.194356</timestamp>
			</report>
			<report>
				<misses>2700000</misses>
				<total>1</total>
				<timestamp>177.775803</timestamp>
			</report>
			<report>
				<misses>2800000</misses>
				<total>1</total>
				<timestamp>184.362257</timestamp>
			</report>
			<report>
				<misses>2900000</misses>
				<total>2</total>
				<timestamp>190.944338</timestamp>
			</report>
			<report>
				<misses>3000000</misses>
				<total>1</total>
				<timestamp>197.528666</timestamp>
			</report>
			<report>
				<misses>3100000</misses>
				<total>2</total>
				<timestamp>204.115179</timestamp>
			</report>
			<report>
				<misses>3200000</misses>
				<total>1</total>
				<timestamp>210.701565</timestamp>
			</report>
			<report>
				<misses>3300000</misses>
				<total>2</total>
				<timestamp>217.285970</timestamp>
			</report>
			<report>
				<misses>3400000</misses>
				<total>1</total>
				<timestamp>223.866727</timestamp>
			</report>
			<report>
				<misses>3500000</misses>
				<total>1</total>
				<timestamp>230.449223</timestamp>
			</report>
			<report>
				<misses>3600000</misses>
				<total>2</total>
				<timestamp>237.031785</timestamp>
			</report>
			<report>
				<misses>3700000</misses>
				<total>2</total>
				<timestamp>243.618168</timestamp>
			</report>
			<report>
				<misses>3800000</misses>
				<total>1</total>
				<timestamp>250.202124</timestamp>
			</report>
			<report>
				<misses>3900000</misses>
				<total>1</total>
				<timestamp>256.790249</timestamp>
			</report>
			<report>
				<misses>4000000</misses>
				<total>1</total>
				<timestamp>263.374507</timestamp>
			</report>
			<report>
				<misses>4100000</misses>
				<total>2</total>
				<timestamp>269.957241</timestamp>
			</report>
			<report>
				<misses>4200000</misses>
				<total>1</total>
				<timestamp>276.543746</timestamp>
			</report>
			<report>
				<misses>4300000</misses>
				<total>2</total>
				<timestamp>283.123588</timestamp>
			</report>
			<report>
				<misses>4400000</misses>
				<total>2</total>
				<timestamp>289.712317</timestamp>
			</report>
			<report>
				<misses>4500000</misses>
				<total>1</total>
				<timestamp>296.297603</timestamp>
			</report>
			<report>
				<misses>4600000</misses>
				<total>1</total>
				<timestamp>302.880391</timestamp>
			</report>
			<report>
				<misses>4700000</misses>
				<total>1</total>
				<timestamp>309.462370</timestamp>
			</report>
			<report>
				<misses>4800000</misses>
				<total>2</total>
				<timestamp>316.043792</timestamp>
			</report>
			<report>
				<misses>4900000</misses>
				<total>2</total>
				<timestamp>322.631375</timestamp>
			</report>
			<report>
				<misses>5000000</misses>
				<total>2</total>
				<timestamp>329.213250</timestamp>
			</report>
			<report>
				<misses>5100000</misses>
				<total>1</total>
				<timestamp>335.797745</timestamp>
			</report>
			<report>
				<misses>5200000</misses>
				<total>1</total>
				<timestamp>342.383005</timestamp>
			</report>
			<report>
				<misses>5300000</misses>
				<total>2</total>
				<timestamp>348.968676</timestamp>
			</report>
			<report>
				<misses>5400000</misses>
				<total>1</total>
				<timestamp>355.552623</timestamp>
			</report>
			<report>
				<misses>5500000</misses>
				<total>2</total>
				<timestamp>362.134646</timestamp>
			</report>
			<report>
				<misses>5600000</misses>
				<total>2</total>
				<timestamp>368.722825</timestamp>
			</report>
			<report>
				<misses>5700000</misses>
				<total>1</total>
				<timestamp>375.311766</timestamp>
			</report>
			<report>
				<misses>5800000</misses>
				<total>2</total>
				<timestamp>381.894999</timestamp>
			</report>
			<report>
				<misses>5900000</misses>
				<total>1</total>
				<timestamp>388.484937</timestamp>
			</report>
			<report>
				<misses>6000000</misses>
				<total>2</total>
				<timestamp>395.077243</timestamp>
			</report>
			<report>
				<misses>6100000</misses>
				<total>2</total>
				<timestamp>401.662003</timestamp>
			</report>
			<report>
				<misses>6200000</misses>
				<total>2</total>
				<timestamp>408.244031</timestamp>
			</report>
			<report>
				<misses>6300000</misses>
				<total>2</total>
				<timestamp>414.825623</timestamp>
			</report>
			<report>
				<misses>6400000</misses>
				<total>1</total>
				<timestamp>421.413915</timestamp>
			</report>
			<report>
				<misses>6500000</misses>
				<total>2</total>
				<timestamp>427.999626</timestamp>
			</report>
			<report>
				<misses>6600000</misses>
				<total>1</total>
				<timestamp>434.586193</timestamp>
			</report>
			<report>
				<misses>6700000</misses>
				<total>1</total>
				<timestamp>441.170319</timestamp>
			</report>
			<report>
				<misses>6800000</misses>
				<total>1</total>
				<timestamp>447.753169</timestamp>
			</report>
			<report>
				<misses>6900000</misses>
				<total>1</total>
				<timestamp>454.334271</timestamp>
			</report>
			<report>
				<misses>7000000</misses>
				<total>1</total>
				<timestamp>460.919514</timestamp>
			</report>
			<report>
				<misses>7100000</misses>
				<total>1</total>
				<timestamp>467.497533</timestamp>
			</report>
			<report>
				<misses>7200000</misses>
				<total>2</total>
				<timestamp>474.080184</timestamp>
			</report>
			<report>
				<misses>7300000</misses>
				<total>1</total>
				<timestamp>480.667688</timestamp>
			</report>
			<report>
				<misses>7400000</misses>
				<total>1</total>
				<timestamp>487.253244</timestamp>
			</report>
			<report>
				<misses>7500000</misses>
				<total>2</total>
				<timestamp>493.838969</timestamp>
			</report>
			<report>
				<misses>7600000</misses>
				<total>1</total>
				<timestamp>500.422719</timestamp>
			</report>
			<report>
				<misses>7700000</misses>
				<total>1</total>
				<timestamp>507.005566</timestamp>
			</report>
			<report>
				<misses>7800000</misses>
				<total>2</total>
				<timestamp>513.588335</timestamp>
			</report>
			<report>
				<misses>7900000</misses>
				<total>1</total>
				<timestamp>520.172621</timestamp>
			</report>
			<report>
				<misses>8000000</misses>
				<total>2</total>
				<timestamp>526.757362</timestamp>
			</report>
			<report>
				<misses>8100000</misses>
				<total>2</total>
				<timestamp>533.339732</timestamp>
			</report>
			<report>
				<misses>8200000</misses>
				<total>2</total>
				<timestamp>539.922907</timestamp>
			</report>
			<report>
				<misses>8300000</misses>
				<total>1</total>
				<timestamp>546.509285</timestamp>
			</report>
			<report>
				<misses>8400000</misses>
				<total>1</total>
				<timestamp>553.094712</timestamp>
			</report>
			<report>
				<misses>8500000</misses>
				<total>1</total>
				<timestamp>559.683628</timestamp>
			</report>
			<report>
				<misses>8600000</misses>
				<total>2</total>
				<timestamp>566.262973</timestamp>
			</report>
			<report>
				<misses>8700000</misses>
				<total>2</total>
				<timestamp>572.841990</timestamp>
			</report>
			<report>
				<misses>8800000</misses>
				<total>1</total>
				<timestamp>579.427308</timestamp>
			</report>
			<report>
				<misses>8900000</misses>
				<total>1</total>
				<timestamp>586.011438</timestamp>
			</report>
			<report>
				<misses>9000000</misses>
				<total>2</total>
				<timestamp>592.595906</timestamp>
			</report>
			<report>
				<misses>9100000</misses>
				<total>1</total>
				<timestamp>599.178891</timestamp>
			</report>
			<report>
				<misses>9200000</misses>
				<total>1</total>
				<timestamp>605.762827</timestamp>
			</report>
			<report>
				<misses>9300000</misses>
				<total>2</total>
				<timestamp>612.350959</timestamp>
			</report>
			<report>
				<misses>9400000</misses>
				<total>1</total>
				<timestamp>618.933656</timestamp>
			</report>
			<report>
				<misses>9500000</misses>
				<total>2</total>
				<timestamp>625.514540</timestamp>
			</report>
			<report>
				<misses>9600000</misses>
				<total>1</total>
				<timestamp>632.099146</timestamp>
			</report>
			<report>
				<misses>9700000</misses>
				<total>2</total>
				<timestamp>638.683100</timestamp>
			</report>
			<report>
				<misses>9800000</misses>
				<total>2</total>
				<timestamp>645.267675</timestamp>
			</report>
			<report>
				<misses>9900000</misses>
				<total>2</total>
				<timestamp>651.854395</timestamp>
			</report>
			<report>
				<misses>10000000</misses>
				<total>1</total>
				<timestamp>658.441008</timestamp>
			</report>
			<report>
				<misses>10100000</misses>
				<total>2</total>
				<timestamp>665.023767</timestamp>
			</report>
			<report>
				<misses>10200000</misses>
				<total>1</total>
				<timestamp>671.608366</timestamp>
			</report>
			<report>
				<misses>10300000</misses>
				<total>1</total>
				<timestamp>678.196340</timestamp>
			</report>
			<report>
				<misses>10400000</misses>
				<total>1</total>
				<timestamp>684.780117</timestamp>
			</report>
			<report>
				<misses>10500000</misses>
				<total>2</total>
				<timestamp>691.362056</timestamp>
			</report>
			<report>
				<misses>10600000</misses>
				<total>1</total>
				<timestamp>697.951026</timestamp>
			</report>
			<report>
				<misses>10700000</misses>
				<total>2</total>
				<timestamp>704.532492</timestamp>
			</report>
			<report>
				<misses>10800000</misses>
				<total>1</total>
				<timestamp>711.115961</timestamp>
			</report>
			<report>
				<misses>10900000</misses>
				<total>2</total>
				<timestamp>717.699567</timestamp>
			</report>
			<report>
				<misses>11000000</misses>
				<total>1</total>
				<timestamp>724.284334</timestamp>
			</report>
			<report>
				<misses>11100000</misses>
				<total>0</total>
				<timestamp>730.869581</timestamp>
			</report>
			<report>
				<misses>11200000</misses>
				<total>1</total>
				<timestamp>737.453266</timestamp>
			</report>
			<report>
				<misses>11300000</misses>
				<total>2</total>
				<timestamp>744.035380</timestamp>
			</report>
			<report>
				<misses>11400000</misses>
				<total>1</total>
				<timestamp>750.623142</timestamp>
			</report>
			<report>
				<misses>11500000</misses>
				<total>1</total>
				<timestamp>757.207711</timestamp>
			</report>
			<report>
				<misses>11600000</misses>
				<total>2</total>
				<timestamp>763.787716</timestamp>
			</report>
			<report>
				<misses>11700000</misses>
				<total>1</total>
				<timestamp>770.366545</timestamp>
			</report>
			<report>
				<misses>11800000</misses>
				<total>2</total>
				<timestamp>776.951404</timestamp>
			</report>
			<report>
				<misses>11900000</misses>
				<total>1</total>
				<timestamp>783.544477</timestamp>
			</report>
			<report>
				<misses>12000000</misses>
				<total>2</total>
				<timestamp>790.127597</timestamp>
			</report>
			<report>
				<misses>12100000</misses>
				<total>1</total>
				<timestamp>796.712703</timestamp>
			</report>
			<report>
				<misses>12200000</misses>
				<total>1</total>
				<timestamp>803.296469</timestamp>
			</report>
			<report>
				<misses>12300000</misses>
				<total>2</total>
				<timestamp>809.877964</timestamp>
			</report>
			<report>
				<misses>12400000</misses>
				<total>1</total>
				<timestamp>816.464680</timestamp>
			</report>
			<report>
				<misses>12500000</misses>
				<total>1</total>
				<timestamp>823.047341</timestamp>
			</report>
			<report>
				<misses>12600000</misses>
				<total>2</total>
				<timestamp>829.634223</timestamp>
			</report>
			<report>
				<misses>12700000</misses>
				<total>1</total>
				<timestamp>836.220825</timestamp>
			</report>
			<report>
				<misses>12800000</misses>
				<total>2</total>
				<timestamp>842.807215</timestamp>
			</report>
			<report>
				<misses>12900000</misses>
				<total>1</total>
				<timestamp>849.388163</timestamp>
			</report>
			<report>
				<misses>13000000</misses>
				<total>2</total>
				<timestamp>855.974286</timestamp>
			</report>
			<report>
				<misses>13100000</misses>
				<total>1</total>
				<timestamp>862.563155</timestamp>
			</report>
			<report>
				<misses>13200000</misses>
				<total>2</total>
				<timestamp>869.145624</timestamp>
			</report>
			<report>
				<misses>13300000</misses>
				<total>1</total>
				<timestamp>875.733449</timestamp>
			</report>
			<report>
				<misses>13400000</misses>
				<total>1</total>
				<timestamp>882.321721</timestamp>
			</report>
			<report>
				<misses>13500000</misses>
				<total>1</total>
				<timestamp>888.904283</timestamp>
			</report>
			<report>
				<misses>13600000</misses>
				<total>1</total>
				<timestamp>895.489213</timestamp>
			</report>
			<report>
				<misses>13700000</misses>
				<total>1</total>
				<timestamp>902.070969</timestamp>
			</report>
			<report>
				<misses>13800000</misses>
				<total>1</total>
				<timestamp>908.657421</timestamp>
			</report>
			<report>
				<misses>13900000</misses>
				<total>1</total>
				<timestamp>915.240843</timestamp>
			</report>
			<report>
				<misses>14000000</misses>
				<total>2</total>
				<timestamp>921.822656</timestamp>
			</report>
			<report>
				<misses>14100000</misses>
				<total>2</total>
				<timestamp>928.406680</timestamp>
			</report>
			<report>
				<misses>14200000</misses>
				<total>1</total>
				<timestamp>934.988264</timestamp>
			</report>
			<report>
				<misses>14300000</misses>
				<total>1</total>
				<timestamp>941.574271</timestamp>
			</report>
			<report>
				<misses>14400000</misses>
				<total>1</total>
				<timestamp>948.165078</timestamp>
			</report>
			<report>
				<misses>14500000</misses>
				<total>1</total>
				<timestamp>954.749376</timestamp>
			</report>
			<report>
				<misses>14600000</misses>
				<total>1</total>
				<timestamp>961.334948</timestamp>
			</report>
			<report>
				<misses>14700000</misses>
				<total>2</total>
				<timestamp>967.913052</timestamp>
			</report>
			<report>
				<misses>14800000</misses>
				<total>2</total>
				<timestamp>974.500458</timestamp>
			</report>
			<report>
				<misses>14900000</misses>
				<total>2</total>
				<timestamp>981.082978</timestamp>
			</report>
			<report>
				<misses>15000000</misses>
				<total>2</total>
				<timestamp>987.671931</timestamp>
			</report>
			<report>
				<misses>15100000</misses>
				<total>1</total>
				<timestamp>994.255654</timestamp>
			</report>
			<report>
				<misses>15200000</misses>
				<total>2</total>
				<timestamp>1000.840732</timestamp>
			</report>
			<report>
				<misses>15300000</misses>
				<total>2</total>
				<timestamp>1007.427158</timestamp>
			</report>
			<report>
				<misses>15400000</misses>
				<total>2</total>
				<timestamp>1014.011458</timestamp>
			</report>
			<report>
				<misses>15500000</misses>
				<total>1</total>
				<timestamp>1020.591037</timestamp>
			</report>
			<report>
				<misses>15600000</misses>
				<total>1</total>
				<timestamp>1027.174064</timestamp>
			</report>
			<report>
				<misses>15700000</misses>
				<total>1</total>
				<timestamp>1033.762738</timestamp>
			</report>
			<report>
				<misses>15800000</misses>
				<total>2</total>
				<timestamp>1040.344561</timestamp>
			</report>
			<report>
				<misses>15900000</misses>
				<total>1</total>
				<timestamp>1046.926517</timestamp>
			</report>
			<report>
				<misses>16000000</misses>
				<total>2</total>
				<timestamp>1053.512515</timestamp>
			</report>
			<report>
				<misses>16100000</misses>
				<total>1</total>
				<timestamp>1060.100309</timestamp>
			</report>
			<report>
				<misses>16200000</misses>
				<total>1</total>
				<timestamp>1066.681866</timestamp>
			</report>
			<report>
				<misses>16300000</misses>
				<total>1</total>
				<timestamp>1073.266730</timestamp>
			</report>
			<report>
				<misses>16400000</misses>
				<total>2</total>
				<timestamp>1079.849980</timestamp>
			</report>
			<report>
				<misses>16500000</misses>
				<total>2</total>
				<timestamp>1086.430344</timestamp>
			</report>
			<report>
				<misses>16600000</misses>
				<total>1</total>
				<timestamp>1093.014667</timestamp>
			</report>
			<report>
				<misses>16700000</misses>
				<total>2</total>
				<timestamp>1099.597989</timestamp>
			</report>
			<report>
				<misses>16800000</misses>
				<total>1</total>
				<timestamp>1106.185809</timestamp>
			</report>
			<report>
				<misses>16900000</misses>
				<total>2</total>
				<timestamp>1112.769910</timestamp>
			</report>
			<report>
				<misses>17000000</misses>
				<total>2</total>
				<timestamp>1119.359131</timestamp>
			</report>
			<report>
				<misses>17100000</misses>
				<total>2</total>
				<timestamp>1125.943137</timestamp>
			</report>
			<report>
				<misses>17200000</misses>
				<total>2</total>
				<timestamp>1132.525804</timestamp>
			</report>
			<report>
				<misses>17300000</misses>
				<total>2</total>
				<timestamp>1139.112194</timestamp>
			</report>
			<report>
				<misses>17400000</misses>
				<total>2</total>
				<timestamp>1145.697584</timestamp>
			</report>
			<report>
				<misses>17500000</misses>
				<total>1</total>
				<timestamp>1152.282875</timestamp>
			</report>
			<report>
				<misses>17600000</misses>
				<total>1</total>
				<timestamp>1158.870863</timestamp>
			</report>
			<report>
				<misses>17700000</misses>
				<total>1</total>
				<timestamp>1165.456032</timestamp>
			</report>
			<report>
				<misses>17800000</misses>
				<total>2</total>
				<timestamp>1172.043973</timestamp>
			</report>
			<report>
				<misses>17900000</misses>
				<total>2</total>
				<timestamp>1178.623221</timestamp>
			</report>
			<report>
				<misses>18000000</misses>
				<total>2</total>
				<timestamp>1185.210331</timestamp>
			</report>
			<report>
				<misses>18100000</misses>
				<total>1</total>
				<timestamp>1191.796083</timestamp>
			</report>
			<report>
				<misses>18200000</misses>
				<total>1</total>
				<timestamp>1198.379410</timestamp>
			</report>
			<report>
				<misses>18300000</misses>
				<total>1</total>
				<timestamp>1204.963385</timestamp>
			</report>
			<report>
				<misses>18400000</misses>
				<total>1</total>
				<timestamp>1211.545546</timestamp>
			</report>
			<report>
				<misses>18500000</misses>
				<total>2</total>
				<timestamp>1218.132047</timestamp>
			</report>
			<report>
				<misses>18600000</misses>
				<total>1</total>
				<timestamp>1224.717603</timestamp>
			</report>
			<report>
				<misses>18700000</misses>
				<total>1</total>
				<timestamp>1231.304922</timestamp>
			</report>
			<report>
				<misses>18800000</misses>
				<total>1</total>
				<timestamp>1237.892880</timestamp>
			</report>
			<report>
				<misses>18900000</misses>
				<total>2</total>
				<timestamp>1244.481517</timestamp>
			</report>
			<report>
				<misses>19000000</misses>
				<total>1</total>
				<timestamp>1251.063147</timestamp>
			</report>
			<report>
				<misses>19100000</misses>
				<total>2</total>
				<timestamp>1257.648625</timestamp>
			</report>
			<report>
				<misses>19200000</misses>
				<total>2</total>
				<timestamp>1264.230128</timestamp>
			</report>
			<report>
				<misses>19300000</misses>
				<total>1</total>
				<timestamp>1270.814921</timestamp>
			</report>
			<report>
				<misses>19400000</misses>
				<total>2</total>
				<timestamp>1277.395188</timestamp>
			</report>
			<report>
				<misses>19500000</misses>
				<total>1</total>
				<timestamp>1283.986916</timestamp>
			</report>
			<report>
				<misses>19600000</misses>
				<total>1</total>
				<timestamp>1290.566965</timestamp>
			</report>
			<report>
				<misses>19700000</misses>
				<total>1</total>
				<timestamp>1297.151655</timestamp>
			</report>
			<report>
				<misses>19800000</misses>
				<total>1</total>
				<timestamp>1303.735483</timestamp>
			</report>
			<report>
				<misses>19900000</misses>
				<total>2</total>
				<timestamp>1310.316548</timestamp>
			</report>
			<report>
				<misses>20000000</misses>
				<total>2</total>
				<timestamp>1316.899292</timestamp>
			</report>
			<report>
				<misses>20100000</misses>
				<total>1</total>
				<timestamp>1323.484679</timestamp>
			</report>
			<report>
				<misses>20200000</misses>
				<total>1</total>
				<timestamp>1330.075181</timestamp>
			</report>
			<report>
				<misses>20300000</misses>
				<total>1</total>
				<timestamp>1336.656436</timestamp>
			</report>
			<report>
				<misses>20400000</misses>
				<total>1</total>
				<timestamp>1343.243551</timestamp>
			</report>
			<report>
				<misses>20500000</misses>
				<total>1</total>
				<timestamp>1349.828482</timestamp>
			</report>
			<report>
				<misses>20600000</misses>
				<total>2</total>
				<timestamp>1356.408755</timestamp>
			</report>
			<report>
				<misses>20700000</misses>
				<total>1</total>
				<timestamp>1362.993434</timestamp>
			</report>
			<report>
				<misses>20800000</misses>
				<total>1</total>
				<timestamp>1369.576774</timestamp>
			</report>
			<report>
				<misses>20900000</misses>
				<total>1</total>
				<timestamp>1376.165091</timestamp>
			</report>
			<report>
				<misses>21000000</misses>
				<total>1</total>
				<timestamp>1382.749566</timestamp>
			</report>
			<report>
				<misses>21100000</misses>
				<total>1</total>
				<timestamp>1389.339651</timestamp>
			</report>
			<report>
				<misses>21200000</misses>
				<total>2</total>
				<timestamp>1395.918655</timestamp>
			</report>
			<report>
				<misses>21300000</misses>
				<total>2</total>
				<timestamp>1402.502491</timestamp>
			</report>
			<report>
				<misses>21400000</misses>
				<total>1</total>
				<timestamp>1409.090095</timestamp>
			</report>
			<report>
				<misses>21500000</misses>
				<total>2</total>
				<timestamp>1415.671609</timestamp>
			</report>
			<report>
				<misses>21600000</misses>
				<total>1</total>
				<timestamp>1422.262133</timestamp>
			</report>
			<report>
				<misses>21700000</misses>
				<total>1</total>
				<timestamp>1428.845451</timestamp>
			</report>
			<report>
				<misses>21800000</misses>
				<total>2</total>
				<timestamp>1435.431401</timestamp>
			</report>
			<report>
				<misses>21900000</misses>
				<total>1</total>
				<timestamp>1442.013740</timestamp>
			</report>
			<report>
				<misses>22000000</misses>
				<total>0</total>
				<timestamp>1448.597143</timestamp>
			</report>
			<report>
				<misses>22100000</misses>
				<total>1</total>
				<timestamp>1455.183120</timestamp>
			</report>
			<report>
				<misses>22200000</misses>
				<total>1</total>
				<timestamp>1461.768520</timestamp>
			</report>
			<report>
				<misses>22300000</misses>
				<total>1</total>
				<timestamp>1468.348073</timestamp>
			</report>
			<report>
				<misses>22400000</misses>
				<total>1</total>
				<timestamp>1474.931750</timestamp>
			</report>
			<report>
				<misses>22500000</misses>
				<total>2</total>
				<timestamp>1481.516584</timestamp>
			</report>
			<report>
				<misses>22600000</misses>
				<total>1</total>
				<timestamp>1488.100154</timestamp>
			</report>
			<report>
				<misses>22700000</misses>
				<total>2</total>
				<timestamp>1494.684297</timestamp>
			</report>
			<report>
				<misses>22800000</misses>
				<total>1</total>
				<timestamp>1501.269000</timestamp>
			</report>
			<report>
				<misses>22900000</misses>
				<total>1</total>
				<timestamp>1507.851919</timestamp>
			</report>
			<report>
				<misses>23000000</misses>
				<total>2</total>
				<timestamp>1514.433961</timestamp>
			</report>
			<report>
				<misses>23100000</misses>
				<total>1</total>
				<timestamp>1521.018307</timestamp>
			</report>
			<report>
				<misses>23200000</misses>
				<total>1</total>
				<timestamp>1527.606263</timestamp>
			</report>
			<report>
				<misses>23300000</misses>
				<total>2</total>
				<timestamp>1534.188793</timestamp>
			</report>
			<report>
				<misses>23400000</misses>
				<total>2</total>
				<timestamp>1540.777951</timestamp>
			</report>
			<report>
				<misses>23500000</misses>
				<total>2</total>
				<timestamp>1547.357151</timestamp>
			</report>
			<report>
				<misses>23600000</misses>
				<total>2</total>
				<timestamp>1553.942658</timestamp>
			</report>
			<report>
				<misses>23700000</misses>
				<total>2</total>
				<timestamp>1560.527268</timestamp>
			</report>
			<report>
				<misses>23800000</misses>
				<total>2</total>
				<timestamp>1567.109671</timestamp>
			</report>
			<report>
				<misses>23900000</misses>
				<total>1</total>
				<timestamp>1573.693585</timestamp>
			</report>
			<report>
				<misses>24000000</misses>
				<total>2</total>
				<timestamp>1580.275405</timestamp>
			</report>
			<report>
				<misses>24100000</misses>
				<total>1</total>
				<timestamp>1586.863106</timestamp>
			</report>
			<report>
				<misses>24200000</misses>
				<total>1</total>
				<timestamp>1593.454081</timestamp>
			</report>
			<report>
				<misses>24300000</misses>
				<total>2</total>
				<timestamp>1600.038092</timestamp>
			</report>
			<report>
				<misses>24400000</misses>
				<total>2</total>
				<timestamp>1606.625608</timestamp>
			</report>
			<report>
				<misses>24500000</misses>
				<total>2</total>
				<timestamp>1613.208019</timestamp>
			</report>
			<report>
				<misses>24600000</misses>
				<total>1</total>
				<timestamp>1619.787451</timestamp>
			</report>
			<report>
				<misses>24700000</misses>
				<total>2</total>
				<timestamp>1626.372999</timestamp>
			</report>
			<report>
				<misses>24800000</misses>
				<total>1</total>
				<timestamp>1632.962669</timestamp>
			</report>
			<report>
				<misses>24900000</misses>
				<total>1</total>
				<timestamp>1639.546640</timestamp>
			</report>
			<report>
				<misses>25000000</misses>
				<total>2</total>
				<timestamp>1646.128355</timestamp>
			</report>
			<report>
				<misses>25100000</misses>
				<total>1</total>
				<timestamp>1652.711894</timestamp>
			</report>
			<report>
				<misses>25200000</misses>
				<total>2</total>
				<timestamp>1659.299414</timestamp>
			</report>
			<report>
				<misses>25300000</misses>
				<total>1</total>
				<timestamp>1665.884452</timestamp>
			</report>
			<report>
				<misses>25400000</misses>
				<total>1</total>
				<timestamp>1672.469622</timestamp>
			</report>
			<report>
				<misses>25500000</misses>
				<total>2</total>
				<timestamp>1679.057712</timestamp>
			</report>
			<report>
				<misses>25600000</misses>
				<total>1</total>
				<timestamp>1685.640573</timestamp>
			</report>
			<report>
				<misses>25700000</misses>
				<total>2</total>
				<timestamp>1692.224835</timestamp>
			</report>
			<report>
				<misses>25800000</misses>
				<total>1</total>
				<timestamp>1698.810746</timestamp>
			</report>
			<report>
				<misses>25900000</misses>
				<total>1</total>
				<timestamp>1705.394038</timestamp>
			</report>
			<report>
				<misses>26000000</misses>
				<total>1</total>
				<timestamp>1711.983521</timestamp>
			</report>
			<report>
				<misses>26100000</misses>
				<total>1</total>
				<timestamp>1718.570378</timestamp>
			</report>
			<report>
				<misses>26200000</misses>
				<total>1</total>
				<timestamp>1725.152650</timestamp>
			</report>
			<report>
				<misses>26300000</misses>
				<total>2</total>
				<timestamp>1731.744476</timestamp>
			</report>
			<report>
				<misses>26400000</misses>
				<total>2</total>
				<timestamp>1738.327910</timestamp>
			</report>
			<report>
				<misses>26500000</misses>
				<total>1</total>
				<timestamp>1744.912018</timestamp>
			</report>
			<report>
				<misses>26600000</misses>
				<total>2</total>
				<timestamp>1751.495964</timestamp>
			</report>
			<report>
				<misses>26700000</misses>
				<total>1</total>
				<timestamp>1758.081927</timestamp>
			</report>
			<report>
				<misses>26800000</misses>
				<total>1</total>
				<timestamp>1764.664987</timestamp>
			</report>
			<report>
				<misses>26900000</misses>
				<total>1</total>
				<timestamp>1771.251283</timestamp>
			</report>
			<report>
				<misses>27000000</misses>
				<total>2</total>
				<timestamp>1777.836261</timestamp>
			</report>
			<report>
				<misses>27100000</misses>
				<total>1</total>
				<timestamp>1784.422137</timestamp>
			</report>
			<report>
				<misses>27200000</misses>
				<total>1</total>
				<timestamp>1791.006818</timestamp>
			</report>
			<report>
				<misses>27300000</misses>
				<total>1</total>
				<timestamp>1797.593415</timestamp>
			</report>
			<report>
				<misses>27400000</misses>
				<total>2</total>
				<timestamp>1804.179777</timestamp>
			</report>
			<report>
				<misses>27500000</misses>
				<total>2</total>
				<timestamp>1810.764301</timestamp>
			</report>
			<report>
				<misses>27600000</misses>
				<total>2</total>
				<timestamp>1817.349391</timestamp>
			</report>
			<report>
				<misses>27700000</misses>
				<total>2</total>
				<timestamp>1823.932436</timestamp>
			</report>
			<report>
				<misses>27800000</misses>
				<total>1</total>
				<timestamp>1830.518060</timestamp>
			</report>
			<report>
				<misses>27900000</misses>
				<total>1</total>
				<timestamp>1837.100571</timestamp>
			</report>
			<report>
				<misses>28000000</misses>
				<total>2</total>
				<timestamp>1843.684701</timestamp>
			</report>
			<report>
				<misses>28100000</misses>
				<total>2</total>
				<timestamp>1850.267514</timestamp>
			</report>
			<report>
				<misses>28200000</misses>
				<total>1</total>
				<timestamp>1856.849531</timestamp>
			</report>
			<report>
				<misses>28300000</misses>
				<total>2</total>
				<timestamp>1863.436080</timestamp>
			</report>
			<report>
				<misses>28400000</misses>
				<total>1</total>
				<timestamp>1870.022880</timestamp>
			</report>
			<report>
				<misses>28500000</misses>
				<total>2</total>
				<timestamp>1876.604158</timestamp>
			</report>
			<report>
				<misses>28600000</misses>
				<total>2</total>
				<timestamp>1883.192652</timestamp>
			</report>
			<report>
				<misses>28700000</misses>
				<total>2</total>
				<timestamp>1889.777151</timestamp>
			</report>
			<report>
				<misses>28800000</misses>
				<total>2</total>
				<timestamp>1896.366192</timestamp>
			</report>
			<report>
				<misses>28900000</misses>
				<total>1</total>
				<timestamp>1902.949110</timestamp>
			</report>
			<report>
				<misses>29000000</misses>
				<total>1</total>
				<timestamp>1909.538041</timestamp>
			</report>
			<report>
				<misses>29100000</misses>
				<total>0</total>
				<timestamp>1916.123125</timestamp>
			</report>
			<report>
				<misses>29200000</misses>
				<total>2</total>
				<timestamp>1922.707129</timestamp>
			</report>
			<report>
				<misses>29300000</misses>
				<total>2</total>
				<timestamp>1929.292310</timestamp>
			</report>
			<report>
				<misses>29400000</misses>
				<total>2</total>
				<timestamp>1935.880060</timestamp>
			</report>
			<report>
				<misses>29500000</misses>
				<total>1</total>
				<timestamp>1942.466641</timestamp>
			</report>
			<report>
				<misses>29600000</misses>
				<total>1</total>
				<timestamp>1949.048291</timestamp>
			</report>
			<report>
				<misses>29700000</misses>
				<total>2</total>
				<timestamp>1955.633767</timestamp>
			</report>
			<report>
				<misses>29800000</misses>
				<total>1</total>
				<timestamp>1962.216881</timestamp>
			</report>
			<report>
				<misses>29900000</misses>
				<total>1</total>
				<timestamp>1968.799697</timestamp>
			</report>
			<report>
				<misses>30000000</misses>
				<total>1</total>
				<timestamp>1975.384578</timestamp>
			</report>
			<report>
				<misses>30100000</misses>
				<total>1</total>
				<timestamp>1981.965582</timestamp>
			</report>
			<report>
				<misses>30200000</misses>
				<total>1</total>
				<timestamp>1988.551881</timestamp>
			</report>
			<report>
				<misses>30300000</misses>
				<total>1</total>
				<timestamp>1995.132845</timestamp>
			</report>
			<report>
				<misses>30400000</misses>
				<total>2</total>
				<timestamp>2001.716897</timestamp>
			</report>
			<report>
				<misses>30500000</misses>
				<total>2</total>
				<timestamp>2008.302841</timestamp>
			</report>
			<report>
				<misses>30600000</misses>
				<total>1</total>
				<timestamp>2014.881479</timestamp>
			</report>
			<report>
				<misses>30700000</misses>
				<total>1</total>
				<timestamp>2021.464919</timestamp>
			</report>
			<report>
				<misses>30800000</misses>
				<total>2</total>
				<timestamp>2028.052168</timestamp>
			</report>
			<report>
				<misses>30900000</misses>
				<total>1</total>
				<timestamp>2034.635436</timestamp>
			</report>
			<report>
				<misses>31000000</misses>
				<total>2</total>
				<timestamp>2041.217622</timestamp>
			</report>
			<report>
				<misses>31100000</misses>
				<total>0</total>
				<timestamp>2047.802208</timestamp>
			</report>
			<report>
				<misses>31200000</misses>
				<total>2</total>
				<timestamp>2054.384550</timestamp>
			</report>
			<report>
				<misses>31300000</misses>
				<total>2</total>
				<timestamp>2060.968842</timestamp>
			</report>
			<report>
				<misses>31400000</misses>
				<total>1</total>
				<timestamp>2067.551106</timestamp>
			</report>
			<report>
				<misses>31500000</misses>
				<total>2</total>
				<timestamp>2074.140078</timestamp>
			</report>
			<report>
				<misses>31600000</misses>
				<total>1</total>
				<timestamp>2080.721047</timestamp>
			</report>
			<report>
				<misses>31700000</misses>
				<total>1</total>
				<timestamp>2087.302278</timestamp>
			</report>
			<report>
				<misses>31800000</misses>
				<total>2</total>
				<timestamp>2093.882248</timestamp>
			</report>
			<report>
				<misses>31900000</misses>
				<total>2</total>
				<timestamp>2100.469859</timestamp>
			</report>
			<report>
				<misses>32000000</misses>
				<total>2</total>
				<timestamp>2107.055843</timestamp>
			</report>
			<report>
				<misses>32100000</misses>
				<total>1</total>
				<timestamp>2113.643883</timestamp>
			</report>
			<report>
				<misses>32200000</misses>
				<total>1</total>
				<timestamp>2120.231959</timestamp>
			</report>
			<report>
				<misses>32300000</misses>
				<total>1</total>
				<timestamp>2126.817329</timestamp>
			</report>
			<report>
				<misses>32400000</misses>
				<total>1</total>
				<timestamp>2133.400503</timestamp>
			</report>
			<report>
				<misses>32500000</misses>
				<total>1</total>
				<timestamp>2139.986398</timestamp>
			</report>
			<report>
				<misses>32600000</misses>
				<total>2</total>
				<timestamp>2146.572071</timestamp>
			</report>
			<report>
				<misses>32700000</misses>
				<total>2</total>
				<timestamp>2153.155749</timestamp>
			</report>
			<report>
				<misses>32800000</misses>
				<total>1</total>
				<timestamp>2159.741475</timestamp>
			</report>
			<report>
				<misses>32900000</misses>
				<total>1</total>
				<timestamp>2166.328147</timestamp>
			</report>
			<report>
				<misses>33000000</misses>
				<total>1</total>
				<timestamp>2172.910143</timestamp>
			</report>
			<report>
				<misses>33100000</misses>
				<total>0</total>
				<timestamp>2179.497098</timestamp>
			</report>
			<report>
				<misses>33200000</misses>
				<total>1</total>
				<timestamp>2186.077352</timestamp>
			</report>
			<report>
				<misses>33300000</misses>
				<total>1</total>
				<timestamp>2192.662022</timestamp>
			</report>
			<report>
				<misses>33400000</misses>
				<total>2</total>
				<timestamp>2199.247017</timestamp>
			</report>
			<report>
				<misses>33500000</misses>
				<total>1</total>
				<timestamp>2205.831798</timestamp>
			</report>
			<report>
				<misses>33600000</misses>
				<total>1</total>
				<timestamp>2212.415491</timestamp>
			</report>
			<report>
				<misses>33700000</misses>
				<total>2</total>
				<timestamp>2218.997365</timestamp>
			</report>
			<report>
				<misses>33800000</misses>
				<total>1</total>
				<timestamp>2225.581458</timestamp>
			</report>
			<report>
				<misses>33900000</misses>
				<total>2</total>
				<timestamp>2232.162756</timestamp>
			</report>
			<report>
				<misses>34000000</misses>
				<total>2</total>
				<timestamp>2238.746838</timestamp>
			</report>
			<report>
				<misses>34100000</misses>
				<total>1</total>
				<timestamp>2245.335485</timestamp>
			</report>
			<report>
				<misses>34200000</misses>
				<total>1</total>
				<timestamp>2251.921677</timestamp>
			</report>
			<report>
				<misses>34300000</misses>
				<total>2</total>
				<timestamp>2258.500807</timestamp>
			</report>
			<report>
				<misses>34400000</misses>
				<total>1</total>
				<timestamp>2265.085173</timestamp>
			</report>
			<report>
				<misses>34500000</misses>
				<total>1</total>
				<timestamp>2271.671984</timestamp>
			</report>
			<report>
				<misses>34600000</misses>
				<total>1</total>
				<timestamp>2278.255244</timestamp>
			</report>
			<report>
				<misses>34700000</misses>
				<total>2</total>
				<timestamp>2284.839641</timestamp>
			</report>
			<report>
				<misses>34800000</misses>
				<total>1</total>
				<timestamp>2291.426719</timestamp>
			</report>
			<report>
				<misses>34900000</misses>
				<total>2</total>
				<timestamp>2298.015852</timestamp>
			</report>
			<report>
				<misses>35000000</misses>
				<total>1</total>
				<timestamp>2304.602186</timestamp>
			</report>
			<report>
				<misses>35100000</misses>
				<total>2</total>
				<timestamp>2311.186922</timestamp>
			</report>
			<report>
				<misses>35200000</misses>
				<total>2</total>
				<timestamp>2317.778502</timestamp>
			</report>
			<report>
				<misses>35300000</misses>
				<total>1</total>
				<timestamp>2324.377289</timestamp>
			</report>
			<report>
				<misses>35400000</misses>
				<total>1</total>
				<timestamp>2330.963549</timestamp>
			</report>
			<report>
				<misses>35500000</misses>
				<total>2</total>
				<timestamp>2337.545221</timestamp>
			</report>
			<report>
				<misses>35600000</misses>
				<total>1</total>
				<timestamp>2344.130583</timestamp>
			</report>
			<report>
				<misses>35700000</misses>
				<total>1</total>
				<timestamp>2350.717320</timestamp>
			</report>
			<report>
				<misses>35800000</misses>
				<total>1</total>
				<timestamp>2357.300079</timestamp>
			</report>
			<report>
				<misses>35900000</misses>
				<total>2</total>
				<timestamp>2363.883844</timestamp>
			</report>
			<report>
				<misses>36000000</misses>
				<total>2</total>
				<timestamp>2370.467343</timestamp>
			</report>
			<report>
				<misses>36100000</misses>
				<total>1</total>
				<timestamp>2377.048027</timestamp>
			</report>
			<report>
				<misses>36200000</misses>
				<total>1</total>
				<timestamp>2383.632031</timestamp>
			</report>
			<report>
				<misses>36300000</misses>
				<total>1</total>
				<timestamp>2390.221437</timestamp>
			</report>
			<report>
				<misses>36400000</misses>
				<total>2</total>
				<timestamp>2396.804109</timestamp>
			</report>
			<report>
				<misses>36500000</misses>
				<total>1</total>
				<timestamp>2403.387875</timestamp>
			</report>
			<report>
				<misses>36600000</misses>
				<total>1</total>
				<timestamp>2409.968148</timestamp>
			</report>
			<report>
				<misses>36700000</misses>
				<total>1</total>
				<timestamp>2416.551170</timestamp>
			</report>
			<report>
				<misses>36800000</misses>
				<total>2</total>
				<timestamp>2423.133035</timestamp>
			</report>
			<report>
				<misses>36900000</misses>
				<total>2</total>
				<timestamp>2429.722525</timestamp>
			</report>
			<report>
				<misses>37000000</misses>
				<total>2</total>
				<timestamp>2436.308785</timestamp>
			</report>
			<report>
				<misses>37100000</misses>
				<total>2</total>
				<timestamp>2442.892552</timestamp>
			</report>
			<report>
				<misses>37200000</misses>
				<total>2</total>
				<timestamp>2449.474806</timestamp>
			</report>
			<report>
				<misses>37300000</misses>
				<total>2</total>
				<timestamp>2456.058050</timestamp>
			</report>
			<report>
				<misses>37400000</misses>
				<total>2</total>
				<timestamp>2462.640824</timestamp>
			</report>
			<report>
				<misses>37500000</misses>
				<total>2</total>
				<timestamp>2469.225782</timestamp>
			</report>
			<report>
				<misses>37600000</misses>
				<total>1</total>
				<timestamp>2475.806320</timestamp>
			</report>
			<report>
				<misses>37700000</misses>
				<total>2</total>
				<timestamp>2482.388882</timestamp>
			</report>
			<report>
				<misses>37800000</misses>
				<total>2</total>
				<timestamp>2488.970657</timestamp>
			</report>
			<report>
				<misses>37900000</misses>
				<total>1</total>
				<timestamp>2495.552478</timestamp>
			</report>
			<report>
				<misses>38000000</misses>
				<total>2</total>
				<timestamp>2502.135486</timestamp>
			</report>
			<report>
				<misses>38100000</misses>
				<total>2</total>
				<timestamp>2508.721663</timestamp>
			</report>
			<report>
				<misses>38200000</misses>
				<total>1</total>
				<timestamp>2515.306680</timestamp>
			</report>
			<report>
				<misses>38300000</misses>
				<total>0</total>
				<timestamp>2521.888941</timestamp>
			</report>
			<report>
				<misses>38400000</misses>
				<total>1</total>
				<timestamp>2528.470448</timestamp>
			</report>
			<report>
				<misses>38500000</misses>
				<total>1</total>
				<timestamp>2535.051905</timestamp>
			</report>
			<report>
				<misses>38600000</misses>
				<total>1</total>
				<timestamp>2541.638487</timestamp>
			</report>
			<report>
				<misses>38700000</misses>
				<total>1</total>
				<timestamp>2548.213784</timestamp>
			</report>
			<report>
				<misses>38800000</misses>
				<total>1</total>
				<timestamp>2554.800090</timestamp>
			</report>
			<report>
				<misses>38900000</misses>
				<total>1</total>
				<timestamp>2561.382882</timestamp>
			</report>
			<report>
				<misses>39000000</misses>
				<total>1</total>
				<timestamp>2567.966223</timestamp>
			</report>
			<report>
				<misses>39100000</misses>
				<total>2</total>
				<timestamp>2574.548477</timestamp>
			</report>
			<report>
				<misses>39200000</misses>
				<total>1</total>
				<timestamp>2581.132952</timestamp>
			</report>
			<report>
				<misses>39300000</misses>
				<total>1</total>
				<timestamp>2587.718712</timestamp>
			</report>
			<report>
				<misses>39400000</misses>
				<total>2</total>
				<timestamp>2594.302227</timestamp>
			</report>
			<report>
				<misses>39500000</misses>
				<total>1</total>
				<timestamp>2600.887096</timestamp>
			</report>
			<report>
				<misses>39600000</misses>
				<total>1</total>
				<timestamp>2607.470779</timestamp>
			</report>
			<report>
				<misses>39700000</misses>
				<total>1</total>
				<timestamp>2614.058334</timestamp>
			</report>
			<report>
				<misses>39800000</misses>
				<total>1</total>
				<timestamp>2620.640872</timestamp>
			</report>
			<report>
				<misses>39900000</misses>
				<total>2</total>
				<timestamp>2627.227047</timestamp>
			</report>
			<report>
				<misses>40000000</misses>
				<total>1</total>
				<timestamp>2633.810464</timestamp>
			</report>
			<report>
				<misses>40100000</misses>
				<total>1</total>
				<timestamp>2640.397639</timestamp>
			</report>
			<report>
				<misses>40200000</misses>
				<total>2</total>
				<timestamp>2646.983638</timestamp>
			</report>
			<report>
				<misses>40300000</misses>
				<total>1</total>
				<timestamp>2653.570637</timestamp>
			</report>
			<report>
				<misses>40400000</misses>
				<total>2</total>
				<timestamp>2660.157558</timestamp>
			</report>
			<report>
				<misses>40500000</misses>
				<total>1</total>
				<timestamp>2666.741045</timestamp>
			</report>
			<report>
				<misses>40600000</misses>
				<total>1</total>
				<timestamp>2673.323635</timestamp>
			</report>
			<report>
				<misses>40700000</misses>
				<total>2</total>
				<timestamp>2679.906623</timestamp>
			</report>
			<report>
				<misses>40800000</misses>
				<total>2</total>
				<timestamp>2686.490128</timestamp>
			</report>
			<report>
				<misses>40900000</misses>
				<total>1</total>
				<timestamp>2693.070055</timestamp>
			</report>
			<report>
				<misses>41000000</misses>
				<total>1</total>
				<timestamp>2699.655111</timestamp>
			</report>
			<report>
				<misses>41100000</misses>
				<total>1</total>
				<timestamp>2706.243007</timestamp>
			</report>
			<report>
				<misses>41200000</misses>
				<total>2</total>
				<timestamp>2712.828609</timestamp>
			</report>
			<report>
				<misses>41300000</misses>
				<total>1</total>
				<timestamp>2719.410429</timestamp>
			</report>
			<report>
				<misses>41400000</misses>
				<total>2</total>
				<timestamp>2725.994953</timestamp>
			</report>
			<report>
				<misses>41500000</misses>
				<total>1</total>
				<timestamp>2732.578706</timestamp>
			</report>
			<report>
				<misses>41600000</misses>
				<total>2</total>
				<timestamp>2739.161207</timestamp>
			</report>
			<report>
				<misses>41700000</misses>
				<total>2</total>
				<timestamp>2745.746276</timestamp>
			</report>
			<report>
				<misses>41800000</misses>
				<total>2</total>
				<timestamp>2752.331233</timestamp>
			</report>
			<report>
				<misses>41900000</misses>
				<total>2</total>
				<timestamp>2758.918156</timestamp>
			</report>
			<report>
				<misses>42000000</misses>
				<total>1</total>
				<timestamp>2765.505199</timestamp>
			</report>
			<report>
				<misses>42100000</misses>
				<total>2</total>
				<timestamp>2772.090924</timestamp>
			</report>
			<report>
				<misses>42200000</misses>
				<total>2</total>
				<timestamp>2778.675627</timestamp>
			</report>
			<report>
				<misses>42300000</misses>
				<total>1</total>
				<timestamp>2785.258486</timestamp>
			</report>
			<report>
				<misses>42400000</misses>
				<total>2</total>
				<timestamp>2791.841818</timestamp>
			</report>
			<report>
				<misses>42500000</misses>
				<total>1</total>
				<timestamp>2798.425782</timestamp>
			</report>
			<report>
				<misses>42600000</misses>
				<total>1</total>
				<timestamp>2805.010213</timestamp>
			</report>
			<report>
				<misses>42700000</misses>
				<total>3</total>
				<timestamp>2811.591028</timestamp>
			</report>
			<report>
				<misses>42800000</misses>
				<total>2</total>
				<timestamp>2818.175218</timestamp>
			</report>
			<report>
				<misses>42900000</misses>
				<total>1</total>
				<timestamp>2824.757035</timestamp>
			</report>
			<report>
				<misses>43000000</misses>
				<total>1</total>
				<timestamp>2831.342801</timestamp>
			</report>
			<report>
				<misses>43100000</misses>
				<total>1</total>
				<timestamp>2837.924828</timestamp>
			</report>
			<report>
				<misses>43200000</misses>
				<total>1</total>
				<timestamp>2844.509734</timestamp>
			</report>
			<report>
				<misses>43300000</misses>
				<total>1</total>
				<timestamp>2851.095068</timestamp>
			</report>
			<report>
				<misses>43400000</misses>
				<total>1</total>
				<timestamp>2857.680794</timestamp>
			</report>
			<report>
				<misses>43500000</misses>
				<total>1</total>
				<timestamp>2864.264179</timestamp>
			</report>
			<report>
				<misses>43600000</misses>
				<total>2</total>
				<timestamp>2870.847630</timestamp>
			</report>
			<report>
				<misses>43700000</misses>
				<total>1</total>
				<timestamp>2877.432016</timestamp>
			</report>
			<report>
				<misses>43800000</misses>
				<total>2</total>
				<timestamp>2884.026945</timestamp>
			</report>
			<report>
				<misses>43900000</misses>
				<total>2</total>
				<timestamp>2890.610690</timestamp>
			</report>
			<report>
				<misses>44000000</misses>
				<total>1</total>
				<timestamp>2897.195716</timestamp>
			</report>
			<report>
				<misses>44100000</misses>
				<total>2</total>
				<timestamp>2903.780333</timestamp>
			</report>
			<report>
				<misses>44200000</misses>
				<total>2</total>
				<timestamp>2910.360044</timestamp>
			</report>
			<report>
				<misses>44300000</misses>
				<total>1</total>
				<timestamp>2916.943414</timestamp>
			</report>
			<report>
				<misses>44400000</misses>
				<total>2</total>
				<timestamp>2923.526955</timestamp>
			</report>
			<report>
				<misses>44500000</misses>
				<total>2</total>
				<timestamp>2930.112713</timestamp>
			</report>
			<report>
				<misses>44600000</misses>
				<total>1</total>
				<timestamp>2936.689346</timestamp>
			</report>
			<report>
				<misses>44700000</misses>
				<total>2</total>
				<timestamp>2943.270476</timestamp>
			</report>
			<report>
				<misses>44800000</misses>
				<total>2</total>
				<timestamp>2949.850229</timestamp>
			</report>
			<report>
				<misses>44900000</misses>
				<total>1</total>
				<timestamp>2956.435355</timestamp>
			</report>
			<report>
				<misses>45000000</misses>
				<total>2</total>
				<timestamp>2963.019539</timestamp>
			</report>
			<report>
				<misses>45100000</misses>
				<total>1</total>
				<timestamp>2969.604868</timestamp>
			</report>
			<report>
				<misses>45200000</misses>
				<total>1</total>
				<timestamp>2976.189488</timestamp>
			</report>
			<report>
				<misses>45300000</misses>
				<total>2</total>
				<timestamp>2982.773094</timestamp>
			</report>
			<report>
				<misses>45400000</misses>
				<total>2</total>
				<timestamp>2989.357387</timestamp>
			</report>
			<report>
				<misses>45500000</misses>
				<total>1</total>
				<timestamp>2995.937566</timestamp>
			</report>
			<report>
				<misses>45600000</misses>
				<total>2</total>
				<timestamp>3002.523768</timestamp>
			</report>
			<report>
				<misses>45700000</misses>
				<total>1</total>
				<timestamp>3009.106842</timestamp>
			</report>
			<report>
				<misses>45800000</misses>
				<total>2</total>
				<timestamp>3015.695538</timestamp>
			</report>
			<report>
				<misses>45900000</misses>
				<total>2</total>
				<timestamp>3022.280581</timestamp>
			</report>
			<report>
				<misses>46000000</misses>
				<total>2</total>
				<timestamp>3028.869993</timestamp>
			</report>
			<report>
				<misses>46100000</misses>
				<total>1</total>
				<timestamp>3035.455580</timestamp>
			</report>
			<report>
				<misses>46200000</misses>
				<total>1</total>
				<timestamp>3042.042676</timestamp>
			</report>
			<report>
				<misses>46300000</misses>
				<total>2</total>
				<timestamp>3048.631334</timestamp>
			</report>
			<report>
				<misses>46400000</misses>
				<total>2</total>
				<timestamp>3055.214927</timestamp>
			</report>
			<report>
				<misses>46500000</misses>
				<total>1</total>
				<timestamp>3061.800651</timestamp>
			</report>
			<report>
				<misses>46600000</misses>
				<total>2</total>
				<timestamp>3068.387172</timestamp>
			</report>
			<report>
				<misses>46700000</misses>
				<total>2</total>
				<timestamp>3074.978735</timestamp>
			</report>
			<report>
				<misses>46800000</misses>
				<total>2</total>
				<timestamp>3081.561386</timestamp>
			</report>
			<report>
				<misses>46900000</misses>
				<total>2</total>
				<timestamp>3088.144923</timestamp>
			</report>
			<report>
				<misses>47000000</misses>
				<total>1</total>
				<timestamp>3094.727678</timestamp>
			</report>
			<report>
				<misses>47100000</misses>
				<total>0</total>
				<timestamp>3101.313734</timestamp>
			</report>
			<report>
				<misses>47200000</misses>
				<total>2</total>
				<timestamp>3107.897283</timestamp>
			</report>
			<report>
				<misses>47300000</misses>
				<total>2</total>
				<timestamp>3114.481629</timestamp>
			</report>
			<report>
				<misses>47400000</misses>
				<total>2</total>
				<timestamp>3121.066547</timestamp>
			</report>
			<report>
				<misses>47500000</misses>
				<total>2</total>
				<timestamp>3127.650717</timestamp>
			</report>
			<report>
				<misses>47600000</misses>
				<total>2</total>
				<timestamp>3134.236710</timestamp>
			</report>
			<report>
				<misses>47700000</misses>
				<total>2</total>
				<timestamp>3140.819577</timestamp>
			</report>
			<report>
				<misses>47800000</misses>
				<total>1</total>
				<timestamp>3147.403188</timestamp>
			</report>
			<report>
				<misses>47900000</misses>
				<total>2</total>
				<timestamp>3153.987437</timestamp>
			</report>
			<report>
				<misses>48000000</misses>
				<total>2</total>
				<timestamp>3160.570089</timestamp>
			</report>
			<report>
				<misses>48100000</misses>
				<total>2</total>
				<timestamp>3167.151565</timestamp>
			</report>
			<report>
				<misses>48200000</misses>
				<total>1</total>
				<timestamp>3173.737210</timestamp>
			</report>
			<report>
				<misses>48300000</misses>
				<total>2</total>
				<timestamp>3180.323001</timestamp>
			</report>
			<report>
				<misses>48400000</misses>
				<total>2</total>
				<timestamp>3186.913241</timestamp>
			</report>
			<report>
				<misses>48500000</misses>
				<total>1</total>
				<timestamp>3193.493347</timestamp>
			</report>
			<report>
				<misses>48600000</misses>
				<total>2</total>
				<timestamp>3200.076141</timestamp>
			</report>
			<report>
				<misses>48700000</misses>
				<total>1</total>
				<timestamp>3206.665601</timestamp>
			</report>
			<report>
				<misses>48800000</misses>
				<total>1</total>
				<timestamp>3213.250675</timestamp>
			</report>
			<report>
				<misses>48900000</misses>
				<total>1</total>
				<timestamp>3219.831928</timestamp>
			</report>
			<report>
				<misses>49000000</misses>
				<total>2</total>
				<timestamp>3226.420705</timestamp>
			</report>
			<report>
				<misses>49100000</misses>
				<total>2</total>
				<timestamp>3233.004889</timestamp>
			</report>
			<report>
				<misses>49200000</misses>
				<total>1</total>
				<timestamp>3239.590666</timestamp>
			</report>
			<report>
				<misses>49300000</misses>
				<total>2</total>
				<timestamp>3246.175276</timestamp>
			</report>
			<report>
				<misses>49400000</misses>
				<total>1</total>
				<timestamp>3252.762643</timestamp>
			</report>
			<report>
				<misses>49500000</misses>
				<total>2</total>
				<timestamp>3259.345986</timestamp>
			</report>
			<report>
				<misses>49600000</misses>
				<total>1</total>
				<timestamp>3265.929921</timestamp>
			</report>
			<report>
				<misses>49700000</misses>
				<total>1</total>
				<timestamp>3272.517051</timestamp>
			</report>
			<report>
				<misses>49800000</misses>
				<total>1</total>
				<timestamp>3279.103609</timestamp>
			</report>
			<report>
				<misses>49900000</misses>
				<total>2</total>
				<timestamp>3285.689604</timestamp>
			</report>
			<report>
				<misses>50000000</misses>
				<total>1</total>
				<timestamp>3292.273423</timestamp>
			</report>
			<report>
				<misses>50100000</misses>
				<total>1</total>
				<timestamp>3298.855479</timestamp>
			</report>
			<report>
				<misses>50200000</misses>
				<total>1</total>
				<timestamp>3305.440538</timestamp>
			</report>
			<report>
				<misses>50300000</misses>
				<total>1</total>
				<timestamp>3312.023131</timestamp>
			</report>
			<report>
				<misses>50400000</misses>
				<total>2</total>
				<timestamp>3318.604265</timestamp>
			</report>
			<report>
				<misses>50500000</misses>
				<total>1</total>
				<timestamp>3325.190227</timestamp>
			</report>
			<report>
				<misses>50600000</misses>
				<total>1</total>
				<timestamp>3331.776102</timestamp>
			</report>
			<report>
				<misses>50700000</misses>
				<total>1</total>
				<timestamp>3338.359314</timestamp>
			</report>
			<report>
				<misses>50800000</misses>
				<total>1</total>
				<timestamp>3344.946601</timestamp>
			</report>
			<report>
				<misses>50900000</misses>
				<total>2</total>
				<timestamp>3351.531221</timestamp>
			</report>
			<report>
				<misses>51000000</misses>
				<total>1</total>
				<timestamp>3358.118932</timestamp>
			</report>
			<report>
				<misses>51100000</misses>
				<total>1</total>
				<timestamp>3364.704363</timestamp>
			</report>
			<report>
				<misses>51200000</misses>
				<total>2</total>
				<timestamp>3371.287429</timestamp>
			</report>
			<report>
				<misses>51300000</misses>
				<total>1</total>
				<timestamp>3377.865871</timestamp>
			</report>
			<report>
				<misses>51400000</misses>
				<total>1</total>
				<timestamp>3384.446614</timestamp>
			</report>
			<report>
				<misses>51500000</misses>
				<total>0</total>
				<timestamp>3391.031281</timestamp>
			</report>
			<report>
				<misses>51600000</misses>
				<total>1</total>
				<timestamp>3397.619092</timestamp>
			</report>
			<report>
				<misses>51700000</misses>
				<total>1</total>
				<timestamp>3404.200917</timestamp>
			</report>
			<report>
				<misses>51800000</misses>
				<total>1</total>
				<timestamp>3410.788455</timestamp>
			</report>
			<report>
				<misses>51900000</misses>
				<total>2</total>
				<timestamp>3417.379820</timestamp>
			</report>
			<report>
				<misses>52000000</misses>
				<total>1</total>
				<timestamp>3423.964310</timestamp>
			</report>
			<report>
				<misses>52100000</misses>
				<total>2</total>
				<timestamp>3430.546509</timestamp>
			</report>
			<report>
				<misses>52200000</misses>
				<total>1</total>
				<timestamp>3437.132629</timestamp>
			</report>
			<report>
				<misses>52300000</misses>
				<total>1</total>
				<timestamp>3443.716809</timestamp>
			</report>
			<report>
				<misses>52400000</misses>
				<total>1</total>
				<timestamp>3450.306309</timestamp>
			</report>
			<report>
				<misses>52500000</misses>
				<total>2</total>
				<timestamp>3456.890224</timestamp>
			</report>
			<report>
				<misses>52600000</misses>
				<total>2</total>
				<timestamp>3463.474183</timestamp>
			</report>
			<report>
				<misses>52700000</misses>
				<total>2</total>
				<timestamp>3470.058647</timestamp>
			</report>
			<report>
				<misses>52800000</misses>
				<total>2</total>
				<timestamp>3476.641025</timestamp>
			</report>
			<report>
				<misses>52900000</misses>
				<total>2</total>
				<timestamp>3483.226278</timestamp>
			</report>
			<report>
				<misses>53000000</misses>
				<total>1</total>
				<timestamp>3489.806624</timestamp>
			</report>
			<report>
				<misses>53100000</misses>
				<total>1</total>
				<timestamp>3496.391912</timestamp>
			</report>
			<report>
				<misses>53200000</misses>
				<total>2</total>
				<timestamp>3502.976409</timestamp>
			</report>
			<report>
				<misses>53300000</misses>
				<total>2</total>
				<timestamp>3509.561995</timestamp>
			</report>
			<report>
				<misses>53400000</misses>
				<total>2</total>
				<timestamp>3516.145811</timestamp>
			</report>
			<report>
				<misses>53500000</misses>
				<total>2</total>
				<timestamp>3522.732103</timestamp>
			</report>
			<report>
				<misses>53600000</misses>
				<total>2</total>
				<timestamp>3529.315651</timestamp>
			</report>
			<report>
				<misses>53700000</misses>
				<total>1</total>
				<timestamp>3535.899990</timestamp>
			</report>
			<report>
				<misses>53800000</misses>
				<total>1</total>
				<timestamp>3542.487477</timestamp>
			</report>
			<report>
				<misses>53900000</misses>
				<total>2</total>
				<timestamp>3549.071759</timestamp>
			</report>
			<report>
				<misses>54000000</misses>
				<total>1</total>
				<timestamp>3555.659167</timestamp>
			</report>
			<report>
				<misses>54100000</misses>
				<total>2</total>
				<timestamp>3562.242201</timestamp>
			</report>
			<report>
				<misses>54200000</misses>
				<total>2</total>
				<timestamp>3568.826269</timestamp>
			</report>
			<report>
				<misses>54300000</misses>
				<total>2</total>
				<timestamp>3575.408643</timestamp>
			</report>
			<report>
				<misses>54400000</misses>
				<total>2</total>
				<timestamp>3581.996281</timestamp>
			</report>
			<report>
				<misses>54500000</misses>
				<total>2</total>
				<timestamp>3588.578498</timestamp>
			</report>
			<report>
				<misses>54600000</misses>
				<total>2</total>
				<timestamp>3595.163688</timestamp>
			</report>
			<report>
				<misses>54700000</misses>
				<total>1</total>
				<timestamp>3601.751212</timestamp>
			</report>
			<report>
				<misses>54800000</misses>
				<total>2</total>
				<timestamp>3608.342505</timestamp>
			</report>
			<report>
				<misses>54900000</misses>
				<total>1</total>
				<timestamp>3614.924288</timestamp>
			</report>
			<report>
				<misses>55000000</misses>
				<total>2</total>
				<timestamp>3621.511825</timestamp>
			</report>
			<report>
				<misses>55100000</misses>
				<total>2</total>
				<timestamp>3628.094915</timestamp>
			</report>
			<report>
				<misses>55200000</misses>
				<total>1</total>
				<timestamp>3634.676004</timestamp>
			</report>
			<report>
				<misses>55300000</misses>
				<total>1</total>
				<timestamp>3641.261543</timestamp>
			</report>
			<report>
				<misses>55400000</misses>
				<total>2</total>
				<timestamp>3647.846857</timestamp>
			</report>
			<report>
				<misses>55500000</misses>
				<total>1</total>
				<timestamp>3654.429784</timestamp>
			</report>
			<report>
				<misses>55600000</misses>
				<total>2</total>
				<timestamp>3661.014135</timestamp>
			</report>
			<report>
				<misses>55700000</misses>
				<total>1</total>
				<timestamp>3667.597994</timestamp>
			</report>
			<report>
				<misses>55800000</misses>
				<total>2</total>
				<timestamp>3674.180148</timestamp>
			</report>
			<report>
				<misses>55900000</misses>
				<total>2</total>
				<timestamp>3680.764208</timestamp>
			</report>
			<report>
				<misses>56000000</misses>
				<total>1</total>
				<timestamp>3687.351782</timestamp>
			</report>
			<report>
				<misses>56100000</misses>
				<total>29842</total>
				<timestamp>3693.933632</timestamp>
			</report>
		</query>
	</custom>
	<ethtool_statistic>
		<rx_packets>
			<start>880235592</start>
			<end>1036059695</end>
		</rx_packets>
		<tx_packets>
			<start>2472331198</start>
			<end>3025028442</end>
		</tx_packets>
		<rx_dropped>
			<start>0</start>
			<end>0</end>
		</rx_dropped>
		<tx_dropped>
			<start>0</start>
			<end>0</end>
		</tx_dropped>
		<collisions>
			<start>0</start>
			<end>0</end>
		</collisions>
		<port_tx_errors>
			<start>0</start>
			<end>0</end>
		</port_tx_errors>
		<port_rx_dropped>
			<start>0</start>
			<end>0</end>
		</port_rx_dropped>
		<port_tx_dropped_link_down>
			<start>0</start>
			<end>0</end>
		</port_tx_dropped_link_down>
	</ethtool_statistic>
	<ip_statistic>
		<mtu>
			<start>9000</start>
			<end>9000</end>
		</mtu>
		<rx_bytes>
			<start>7870840534052</start>
			<end>9264205286237</end>
		</rx_bytes>
		<rx_packets>
			<start>880235685</start>
			<end>1036059785</end>
		</rx_packets>
		<rx_errors>
			<start>0</start>
			<end>0</end>
		</rx_errors>
		<rx_dropped>
			<start>0</start>
			<end>0</end>
		</rx_dropped>
		<rx_missed>
			<start>0</start>
			<end>0</end>
		</rx_missed>
		<rx_mcast>
			<start>636</start>
			<end>704</end>
		</rx_mcast>
		<tx_bytes>
			<start>11525330656472</start>
			<end>16116580522455</end>
		</tx_bytes>
		<tx_packets>
			<start>2472331259</start>
			<end>3025028497</end>
		</tx_packets>
		<tx_errors>
			<start>0</start>
			<end>0</end>
		</tx_errors>
		<tx_dropped>
			<start>0</start>
			<end>0</end>
		</tx_dropped>
		<tx_carrier>
			<start>0</start>
			<end>0</end>
		</tx_carrier>
		<tx_collisions>
			<start>0</start>
			<end>0</end>
		</tx_collisions>
	</ip_statistic>
	<netstat_statistic>
		<udp_pkg_rec>
			<start>880371264</start>
			<end>1036214728</end>
		</udp_pkg_rec>
		<udp_pkg_snt>
			<start>2472468892</start>
			<end>2632489782</end>
		</udp_pkg_snt>
		<udp_rec_err>
			<start>1</start>
			<end>1</end>
		</udp_rec_err>
		<udp_rec_buf_err>
			<start>1</start>
			<end>1</end>
		</udp_rec_buf_err>
		<udp_snt_buf_err>
			<start>0</start>
			<end>0</end>
		</udp_snt_buf_err>
	</netstat_statistic>
</test_results>
