<?xml version="1.0"?>
<test_results>
	<status>STATUS_SUCCESS</status>
	<custom>
		<num_loss>1891343</num_loss>
		<num_total>5000001</num_total>
		<num_misses>67</num_misses>
		<elapsed_time>600.002257</elapsed_time>
		<query>
			<report>
				<misses>100000</misses>
				<total>90945</total>
				<timestamp>12.000413</timestamp>
			</report>
			<report>
				<misses>200000</misses>
				<total>190944</total>
				<timestamp>24.000628</timestamp>
			</report>
			<report>
				<misses>300000</misses>
				<total>272589</total>
				<timestamp>36.000848</timestamp>
			</report>
			<report>
				<misses>400000</misses>
				<total>372588</total>
				<timestamp>48.000884</timestamp>
			</report>
			<report>
				<misses>500000</misses>
				<total>453611</total>
				<timestamp>60.000862</timestamp>
			</report>
			<report>
				<misses>600000</misses>
				<total>553610</total>
				<timestamp>72.000768</timestamp>
			</report>
			<report>
				<misses>700000</misses>
				<total>645888</total>
				<timestamp>84.000986</timestamp>
			</report>
			<report>
				<misses>800000</misses>
				<total>742310</total>
				<timestamp>96.001121</timestamp>
			</report>
			<report>
				<misses>900000</misses>
				<total>842309</total>
				<timestamp>108.001134</timestamp>
			</report>
			<report>
				<misses>1000000</misses>
				<total>920041</total>
				<timestamp>120.001077</timestamp>
			</report>
			<report>
				<misses>1100000</misses>
				<total>1020040</total>
				<timestamp>132.001028</timestamp>
			</report>
			<report>
				<misses>1200000</misses>
				<total>1104600</total>
				<timestamp>144.000983</timestamp>
			</report>
			<report>
				<misses>1300000</misses>
				<total>1204599</total>
				<timestamp>156.000893</timestamp>
			</report>
			<report>
				<misses>1400000</misses>
				<total>1296924</total>
				<timestamp>168.000968</timestamp>
			</report>
			<report>
				<misses>1500000</misses>
				<total>1388859</total>
				<timestamp>180.000887</timestamp>
			</report>
			<report>
				<misses>1600000</misses>
				<total>1478658</total>
				<timestamp>192.000784</timestamp>
			</report>
			<report>
				<misses>1700000</misses>
				<total>1562599</total>
				<timestamp>204.000813</timestamp>
			</report>
			<report>
				<misses>1800000</misses>
				<total>1662598</total>
				<timestamp>216.000759</timestamp>
			</report>
			<report>
				<misses>1900000</misses>
				<total>1734616</total>
				<timestamp>228.000652</timestamp>
			</report>
			<report>
				<misses>2000000</misses>
				<total>1834615</total>
				<timestamp>240.000663</timestamp>
			</report>
			<report>
				<misses>2100000</misses>
				<total>1891343</total>
				<timestamp>252.000960</timestamp>
			</report>
			<report>
				<misses>2200000</misses>
				<total>1891344</total>
				<timestamp>264.001517</timestamp>
			</report>
			<report>
				<misses>2300000</misses>
				<total>1891343</total>
				<timestamp>276.001522</timestamp>
			</report>
			<report>
				<misses>2400000</misses>
				<total>1891343</total>
				<timestamp>288.001675</timestamp>
			</report>
			<report>
				<misses>2500000</misses>
				<total>1891343</total>
				<timestamp>300.001999</timestamp>
			</report>
			<report>
				<misses>2600000</misses>
				<total>1891344</total>
				<timestamp>312.001876</timestamp>
			</report>
			<report>
				<misses>2700000</misses>
				<total>1891344</total>
				<timestamp>324.001909</timestamp>
			</report>
			<report>
				<misses>2800000</misses>
				<total>1891344</total>
				<timestamp>336.001767</timestamp>
			</report>
			<report>
				<misses>2900000</misses>
				<total>1891344</total>
				<timestamp>348.001757</timestamp>
			</report>
			<report>
				<misses>3000000</misses>
				<total>1891344</total>
				<timestamp>360.001636</timestamp>
			</report>
			<report>
				<misses>3100000</misses>
				<total>1891344</total>
				<timestamp>372.001764</timestamp>
			</report>
			<report>
				<misses>3200000</misses>
				<total>1891344</total>
				<timestamp>384.001646</timestamp>
			</report>
			<report>
				<misses>3300000</misses>
				<total>1891343</total>
				<timestamp>396.001635</timestamp>
			</report>
			<report>
				<misses>3400000</misses>
				<total>1891343</total>
				<timestamp>408.001647</timestamp>
			</report>
			<report>
				<misses>3500000</misses>
				<total>1891343</total>
				<timestamp>420.001682</timestamp>
			</report>
			<report>
				<misses>3600000</misses>
				<total>1891344</total>
				<timestamp>432.001874</timestamp>
			</report>
			<report>
				<misses>3700000</misses>
				<total>1891344</total>
				<timestamp>444.001878</timestamp>
			</report>
			<report>
				<misses>3800000</misses>
				<total>1891344</total>
				<timestamp>456.001991</timestamp>
			</report>
			<report>
				<misses>3900000</misses>
				<total>1891344</total>
				<timestamp>468.001875</timestamp>
			</report>
			<report>
				<misses>4000000</misses>
				<total>1891344</total>
				<timestamp>480.001880</timestamp>
			</report>
			<report>
				<misses>4100000</misses>
				<total>1891343</total>
				<timestamp>492.001885</timestamp>
			</report>
			<report>
				<misses>4200000</misses>
				<total>1891343</total>
				<timestamp>504.001912</timestamp>
			</report>
			<report>
				<misses>4300000</misses>
				<total>1891343</total>
				<timestamp>516.001755</timestamp>
			</report>
			<report>
				<misses>4400000</misses>
				<total>1891344</total>
				<timestamp>528.001873</timestamp>
			</report>
			<report>
				<misses>4500000</misses>
				<total>1891343</total>
				<timestamp>540.002238</timestamp>
			</report>
			<report>
				<misses>4600000</misses>
				<total>1891343</total>
				<timestamp>552.002121</timestamp>
			</report>
			<report>
				<misses>4700000</misses>
				<total>1891344</total>
				<timestamp>564.002124</timestamp>
			</report>
			<report>
				<misses>4800000</misses>
				<total>1891344</total>
				<timestamp>576.002115</timestamp>
			</report>
			<report>
				<misses>4900000</misses>
				<total>1891344</total>
				<timestamp>588.002112</timestamp>
			</report>
			<report>
				<misses>5000000</misses>
				<total>1891344</total>
				<timestamp>600.002236</timestamp>
			</report>
		</query>
	</custom>
	<ethtool_statistic>
		<rx_packets>
			<start>3608895940</start>
			<end>3620144589</end>
		</rx_packets>
		<tx_packets>
			<start>3977384460</start>
			<end>4024394632</end>
		</tx_packets>
		<rx_dropped>
			<start>0</start>
			<end>0</end>
		</rx_dropped>
		<tx_dropped>
			<start>0</start>
			<end>0</end>
		</tx_dropped>
		<collisions>
			<start>0</start>
			<end>0</end>
		</collisions>
		<port_tx_errors>
			<start>0</start>
			<end>0</end>
		</port_tx_errors>
		<port_rx_dropped>
			<start>0</start>
			<end>0</end>
		</port_rx_dropped>
		<port_tx_dropped_link_down>
			<start>0</start>
			<end>0</end>
		</port_tx_dropped_link_down>
	</ethtool_statistic>
	<ip_statistic>
		<mtu>
			<start>9000</start>
			<end>9000</end>
		</mtu>
		<rx_bytes>
			<start>32442765779559</start>
			<end>32543886272728</end>
		</rx_bytes>
		<rx_packets>
			<start>3608896091</start>
			<end>3620144589</end>
		</rx_packets>
		<rx_errors>
			<start>0</start>
			<end>0</end>
		</rx_errors>
		<rx_dropped>
			<start>0</start>
			<end>0</end>
		</rx_dropped>
		<rx_missed>
			<start>0</start>
			<end>0</end>
		</rx_missed>
		<rx_mcast>
			<start>788</start>
			<end>800</end>
		</rx_mcast>
		<tx_bytes>
			<start>23655406271900</start>
			<end>24044825647800</end>
		</tx_bytes>
		<tx_packets>
			<start>3977384501</start>
			<end>4024394632</end>
		</tx_packets>
		<tx_errors>
			<start>0</start>
			<end>0</end>
		</tx_errors>
		<tx_dropped>
			<start>0</start>
			<end>0</end>
		</tx_dropped>
		<tx_carrier>
			<start>0</start>
			<end>0</end>
		</tx_carrier>
		<tx_collisions>
			<start>0</start>
			<end>0</end>
		</tx_collisions>
	</ip_statistic>
	<netstat_statistic>
		<udp_pkg_rec>
			<start>3408329324</start>
			<end>3418994144</end>
		</udp_pkg_rec>
		<udp_pkg_snt>
			<start>3750906710</start>
			<end>3762921731</end>
		</udp_pkg_snt>
		<udp_rec_err>
			<start>200880515</start>
			<end>201466989</end>
		</udp_rec_err>
		<udp_rec_buf_err>
			<start>200880515</start>
			<end>201466989</end>
		</udp_rec_buf_err>
		<udp_snt_buf_err>
			<start>0</start>
			<end>0</end>
		</udp_snt_buf_err>
	</netstat_statistic>
</test_results>
