<?xml version="1.0"?>
<test_results>
	<status>STATUS_SUCCESS</status>
	<custom>
		<num_loss>922339</num_loss>
		<num_total>1000001</num_total>
		<num_misses>15804</num_misses>
		<elapsed_time>81.264632</elapsed_time>
	</custom>
	<ethtool_statistic>
		<rx_packets>
			<start>13789660048</start>
			<end>13793154791</end>
		</rx_packets>
		<tx_packets>
			<start>18066513539</start>
			<end>18076923274</end>
		</tx_packets>
		<rx_dropped>
			<start>0</start>
			<end>0</end>
		</rx_dropped>
		<tx_dropped>
			<start>0</start>
			<end>0</end>
		</tx_dropped>
		<collisions>
			<start>0</start>
			<end>0</end>
		</collisions>
		<port_tx_errors>
			<start>-1</start>
			<end>-1</end>
		</port_tx_errors>
		<port_rx_dropped>
			<start>-1</start>
			<end>-1</end>
		</port_rx_dropped>
		<port_tx_dropped_link_down>
			<start>-1</start>
			<end>-1</end>
		</port_tx_dropped_link_down>
	</ethtool_statistic>
	<ip_statistic>
		<mtu>
			<start>9000</start>
			<end>9000</end>
		</mtu>
		<rx_bytes>
			<start>123923643522651</start>
			<end>123955060704680</end>
		</rx_bytes>
		<rx_packets>
			<start>13789660166</start>
			<end>13793154910</end>
		</rx_packets>
		<rx_errors>
			<start>0</start>
			<end>0</end>
		</rx_errors>
		<rx_dropped>
			<start>0</start>
			<end>0</end>
		</rx_dropped>
		<rx_missed>
			<start>1619</start>
			<end>1619</end>
		</rx_missed>
		<rx_mcast>
			<start>9254</start>
			<end>9263</end>
		</rx_mcast>
		<tx_bytes>
			<start>146108206875977</start>
			<end>146195150889933</end>
		</tx_bytes>
		<tx_packets>
			<start>18066513539</start>
			<end>18076923353</end>
		</tx_packets>
		<tx_errors>
			<start>0</start>
			<end>0</end>
		</tx_errors>
		<tx_dropped>
			<start>0</start>
			<end>0</end>
		</tx_dropped>
		<tx_carrier>
			<start>0</start>
			<end>0</end>
		</tx_carrier>
		<tx_collisions>
			<start>0</start>
			<end>0</end>
		</tx_collisions>
	</ip_statistic>
</test_results>
