<?xml version="1.0"?>
<test_results>
	<status>STATUS_SUCCESS</status>
	<custom>
		<num_loss>8</num_loss>
		<num_total>205690247</num_total>
		<num_misses>22006</num_misses>
		<elapsed_time>7199.856898</elapsed_time>
		<query>
			<report>
				<misses>100000</misses>
				<total>0</total>
				<timestamp>3.500050</timestamp>
			</report>
			<report>
				<misses>200000</misses>
				<total>0</total>
				<timestamp>7.000117</timestamp>
			</report>
			<report>
				<misses>300000</misses>
				<total>0</total>
				<timestamp>10.500341</timestamp>
			</report>
			<report>
				<misses>400000</misses>
				<total>0</total>
				<timestamp>14.000375</timestamp>
			</report>
			<report>
				<misses>500000</misses>
				<total>0</total>
				<timestamp>17.500367</timestamp>
			</report>
			<report>
				<misses>600000</misses>
				<total>0</total>
				<timestamp>21.000416</timestamp>
			</report>
			<report>
				<misses>700000</misses>
				<total>0</total>
				<timestamp>24.501456</timestamp>
			</report>
			<report>
				<misses>800000</misses>
				<total>0</total>
				<timestamp>28.001441</timestamp>
			</report>
			<report>
				<misses>900000</misses>
				<total>0</total>
				<timestamp>31.501438</timestamp>
			</report>
			<report>
				<misses>1000000</misses>
				<total>0</total>
				<timestamp>35.001714</timestamp>
			</report>
			<report>
				<misses>1100000</misses>
				<total>0</total>
				<timestamp>38.502700</timestamp>
			</report>
			<report>
				<misses>1200000</misses>
				<total>0</total>
				<timestamp>42.003399</timestamp>
			</report>
			<report>
				<misses>1300000</misses>
				<total>0</total>
				<timestamp>45.503453</timestamp>
			</report>
			<report>
				<misses>1400000</misses>
				<total>0</total>
				<timestamp>49.003459</timestamp>
			</report>
			<report>
				<misses>1500000</misses>
				<total>0</total>
				<timestamp>52.503540</timestamp>
			</report>
			<report>
				<misses>1600000</misses>
				<total>0</total>
				<timestamp>56.003578</timestamp>
			</report>
			<report>
				<misses>1700000</misses>
				<total>0</total>
				<timestamp>59.503726</timestamp>
			</report>
			<report>
				<misses>1800000</misses>
				<total>0</total>
				<timestamp>63.003968</timestamp>
			</report>
			<report>
				<misses>1900000</misses>
				<total>0</total>
				<timestamp>66.504376</timestamp>
			</report>
			<report>
				<misses>2000000</misses>
				<total>0</total>
				<timestamp>70.005152</timestamp>
			</report>
			<report>
				<misses>2100000</misses>
				<total>0</total>
				<timestamp>73.505232</timestamp>
			</report>
			<report>
				<misses>2200000</misses>
				<total>0</total>
				<timestamp>77.005217</timestamp>
			</report>
			<report>
				<misses>2300000</misses>
				<total>0</total>
				<timestamp>80.505337</timestamp>
			</report>
			<report>
				<misses>2400000</misses>
				<total>0</total>
				<timestamp>84.005346</timestamp>
			</report>
			<report>
				<misses>2500000</misses>
				<total>0</total>
				<timestamp>87.505366</timestamp>
			</report>
			<report>
				<misses>2600000</misses>
				<total>0</total>
				<timestamp>91.005583</timestamp>
			</report>
			<report>
				<misses>2700000</misses>
				<total>0</total>
				<timestamp>94.505601</timestamp>
			</report>
			<report>
				<misses>2800000</misses>
				<total>0</total>
				<timestamp>98.005635</timestamp>
			</report>
			<report>
				<misses>2900000</misses>
				<total>0</total>
				<timestamp>101.505708</timestamp>
			</report>
			<report>
				<misses>3000000</misses>
				<total>0</total>
				<timestamp>105.005850</timestamp>
			</report>
			<report>
				<misses>3100000</misses>
				<total>0</total>
				<timestamp>108.506030</timestamp>
			</report>
			<report>
				<misses>3200000</misses>
				<total>0</total>
				<timestamp>112.006060</timestamp>
			</report>
			<report>
				<misses>3300000</misses>
				<total>0</total>
				<timestamp>115.506156</timestamp>
			</report>
			<report>
				<misses>3400000</misses>
				<total>0</total>
				<timestamp>119.006454</timestamp>
			</report>
			<report>
				<misses>3500000</misses>
				<total>0</total>
				<timestamp>122.507404</timestamp>
			</report>
			<report>
				<misses>3600000</misses>
				<total>0</total>
				<timestamp>126.007702</timestamp>
			</report>
			<report>
				<misses>3700000</misses>
				<total>0</total>
				<timestamp>129.507724</timestamp>
			</report>
			<report>
				<misses>3800000</misses>
				<total>0</total>
				<timestamp>133.007701</timestamp>
			</report>
			<report>
				<misses>3900000</misses>
				<total>0</total>
				<timestamp>136.507771</timestamp>
			</report>
			<report>
				<misses>4000000</misses>
				<total>0</total>
				<timestamp>140.008864</timestamp>
			</report>
			<report>
				<misses>4100000</misses>
				<total>0</total>
				<timestamp>143.508968</timestamp>
			</report>
			<report>
				<misses>4200000</misses>
				<total>0</total>
				<timestamp>147.009055</timestamp>
			</report>
			<report>
				<misses>4300000</misses>
				<total>0</total>
				<timestamp>150.509081</timestamp>
			</report>
			<report>
				<misses>4400000</misses>
				<total>0</total>
				<timestamp>154.009184</timestamp>
			</report>
			<report>
				<misses>4500000</misses>
				<total>0</total>
				<timestamp>157.510110</timestamp>
			</report>
			<report>
				<misses>4600000</misses>
				<total>0</total>
				<timestamp>161.010480</timestamp>
			</report>
			<report>
				<misses>4700000</misses>
				<total>0</total>
				<timestamp>164.510576</timestamp>
			</report>
			<report>
				<misses>4800000</misses>
				<total>0</total>
				<timestamp>168.010699</timestamp>
			</report>
			<report>
				<misses>4900000</misses>
				<total>0</total>
				<timestamp>171.511345</timestamp>
			</report>
			<report>
				<misses>5000000</misses>
				<total>0</total>
				<timestamp>175.011698</timestamp>
			</report>
			<report>
				<misses>5100000</misses>
				<total>0</total>
				<timestamp>178.512752</timestamp>
			</report>
			<report>
				<misses>5200000</misses>
				<total>0</total>
				<timestamp>182.012748</timestamp>
			</report>
			<report>
				<misses>5300000</misses>
				<total>0</total>
				<timestamp>185.512782</timestamp>
			</report>
			<report>
				<misses>5400000</misses>
				<total>0</total>
				<timestamp>189.012782</timestamp>
			</report>
			<report>
				<misses>5500000</misses>
				<total>0</total>
				<timestamp>192.512814</timestamp>
			</report>
			<report>
				<misses>5600000</misses>
				<total>0</total>
				<timestamp>196.013448</timestamp>
			</report>
			<report>
				<misses>5700000</misses>
				<total>0</total>
				<timestamp>199.513773</timestamp>
			</report>
			<report>
				<misses>5800000</misses>
				<total>0</total>
				<timestamp>203.013790</timestamp>
			</report>
			<report>
				<misses>5900000</misses>
				<total>0</total>
				<timestamp>206.513887</timestamp>
			</report>
			<report>
				<misses>6000000</misses>
				<total>0</total>
				<timestamp>210.014018</timestamp>
			</report>
			<report>
				<misses>6100000</misses>
				<total>0</total>
				<timestamp>213.514145</timestamp>
			</report>
			<report>
				<misses>6200000</misses>
				<total>0</total>
				<timestamp>217.014397</timestamp>
			</report>
			<report>
				<misses>6300000</misses>
				<total>0</total>
				<timestamp>220.514490</timestamp>
			</report>
			<report>
				<misses>6400000</misses>
				<total>0</total>
				<timestamp>224.014706</timestamp>
			</report>
			<report>
				<misses>6500000</misses>
				<total>0</total>
				<timestamp>227.514700</timestamp>
			</report>
			<report>
				<misses>6600000</misses>
				<total>0</total>
				<timestamp>231.014732</timestamp>
			</report>
			<report>
				<misses>6700000</misses>
				<total>0</total>
				<timestamp>234.515096</timestamp>
			</report>
			<report>
				<misses>6800000</misses>
				<total>0</total>
				<timestamp>238.015798</timestamp>
			</report>
			<report>
				<misses>6900000</misses>
				<total>0</total>
				<timestamp>241.516492</timestamp>
			</report>
			<report>
				<misses>7000000</misses>
				<total>0</total>
				<timestamp>245.016923</timestamp>
			</report>
			<report>
				<misses>7100000</misses>
				<total>0</total>
				<timestamp>248.516914</timestamp>
			</report>
			<report>
				<misses>7200000</misses>
				<total>0</total>
				<timestamp>252.017049</timestamp>
			</report>
			<report>
				<misses>7300000</misses>
				<total>0</total>
				<timestamp>255.517149</timestamp>
			</report>
			<report>
				<misses>7400000</misses>
				<total>0</total>
				<timestamp>259.017862</timestamp>
			</report>
			<report>
				<misses>7500000</misses>
				<total>0</total>
				<timestamp>262.517893</timestamp>
			</report>
			<report>
				<misses>7600000</misses>
				<total>0</total>
				<timestamp>266.017921</timestamp>
			</report>
			<report>
				<misses>7700000</misses>
				<total>0</total>
				<timestamp>269.517938</timestamp>
			</report>
			<report>
				<misses>7800000</misses>
				<total>0</total>
				<timestamp>273.017983</timestamp>
			</report>
			<report>
				<misses>7900000</misses>
				<total>0</total>
				<timestamp>276.518232</timestamp>
			</report>
			<report>
				<misses>8000000</misses>
				<total>0</total>
				<timestamp>280.018564</timestamp>
			</report>
			<report>
				<misses>8100000</misses>
				<total>0</total>
				<timestamp>283.518890</timestamp>
			</report>
			<report>
				<misses>8200000</misses>
				<total>0</total>
				<timestamp>287.018972</timestamp>
			</report>
			<report>
				<misses>8300000</misses>
				<total>0</total>
				<timestamp>290.518986</timestamp>
			</report>
			<report>
				<misses>8400000</misses>
				<total>0</total>
				<timestamp>294.018976</timestamp>
			</report>
			<report>
				<misses>8500000</misses>
				<total>0</total>
				<timestamp>297.518979</timestamp>
			</report>
			<report>
				<misses>8600000</misses>
				<total>0</total>
				<timestamp>301.018985</timestamp>
			</report>
			<report>
				<misses>8700000</misses>
				<total>0</total>
				<timestamp>304.519217</timestamp>
			</report>
			<report>
				<misses>8800000</misses>
				<total>0</total>
				<timestamp>308.019219</timestamp>
			</report>
			<report>
				<misses>8900000</misses>
				<total>0</total>
				<timestamp>311.519235</timestamp>
			</report>
			<report>
				<misses>9000000</misses>
				<total>0</total>
				<timestamp>315.019782</timestamp>
			</report>
			<report>
				<misses>9100000</misses>
				<total>0</total>
				<timestamp>318.519889</timestamp>
			</report>
			<report>
				<misses>9200000</misses>
				<total>0</total>
				<timestamp>322.020275</timestamp>
			</report>
			<report>
				<misses>9300000</misses>
				<total>0</total>
				<timestamp>325.521149</timestamp>
			</report>
			<report>
				<misses>9400000</misses>
				<total>0</total>
				<timestamp>329.021333</timestamp>
			</report>
			<report>
				<misses>9500000</misses>
				<total>0</total>
				<timestamp>332.522126</timestamp>
			</report>
			<report>
				<misses>9600000</misses>
				<total>0</total>
				<timestamp>336.022206</timestamp>
			</report>
			<report>
				<misses>9700000</misses>
				<total>0</total>
				<timestamp>339.522305</timestamp>
			</report>
			<report>
				<misses>9800000</misses>
				<total>0</total>
				<timestamp>343.022400</timestamp>
			</report>
			<report>
				<misses>9900000</misses>
				<total>0</total>
				<timestamp>346.522430</timestamp>
			</report>
			<report>
				<misses>10000000</misses>
				<total>0</total>
				<timestamp>350.022825</timestamp>
			</report>
			<report>
				<misses>10100000</misses>
				<total>0</total>
				<timestamp>353.522823</timestamp>
			</report>
			<report>
				<misses>10200000</misses>
				<total>0</total>
				<timestamp>357.022827</timestamp>
			</report>
			<report>
				<misses>10300000</misses>
				<total>0</total>
				<timestamp>360.522824</timestamp>
			</report>
			<report>
				<misses>10400000</misses>
				<total>0</total>
				<timestamp>364.024787</timestamp>
			</report>
			<report>
				<misses>10500000</misses>
				<total>0</total>
				<timestamp>367.525791</timestamp>
			</report>
			<report>
				<misses>10600000</misses>
				<total>0</total>
				<timestamp>371.026659</timestamp>
			</report>
			<report>
				<misses>10700000</misses>
				<total>0</total>
				<timestamp>374.527427</timestamp>
			</report>
			<report>
				<misses>10800000</misses>
				<total>0</total>
				<timestamp>378.027629</timestamp>
			</report>
			<report>
				<misses>10900000</misses>
				<total>0</total>
				<timestamp>381.527658</timestamp>
			</report>
			<report>
				<misses>11000000</misses>
				<total>0</total>
				<timestamp>385.027706</timestamp>
			</report>
			<report>
				<misses>11100000</misses>
				<total>0</total>
				<timestamp>388.527737</timestamp>
			</report>
			<report>
				<misses>11200000</misses>
				<total>0</total>
				<timestamp>392.027784</timestamp>
			</report>
			<report>
				<misses>11300000</misses>
				<total>0</total>
				<timestamp>395.527994</timestamp>
			</report>
			<report>
				<misses>11400000</misses>
				<total>0</total>
				<timestamp>399.028124</timestamp>
			</report>
			<report>
				<misses>11500000</misses>
				<total>0</total>
				<timestamp>402.528131</timestamp>
			</report>
			<report>
				<misses>11600000</misses>
				<total>0</total>
				<timestamp>406.028118</timestamp>
			</report>
			<report>
				<misses>11700000</misses>
				<total>0</total>
				<timestamp>409.528694</timestamp>
			</report>
			<report>
				<misses>11800000</misses>
				<total>0</total>
				<timestamp>413.029254</timestamp>
			</report>
			<report>
				<misses>11900000</misses>
				<total>0</total>
				<timestamp>416.529336</timestamp>
			</report>
			<report>
				<misses>12000000</misses>
				<total>0</total>
				<timestamp>420.029872</timestamp>
			</report>
			<report>
				<misses>12100000</misses>
				<total>0</total>
				<timestamp>423.530523</timestamp>
			</report>
			<report>
				<misses>12200000</misses>
				<total>0</total>
				<timestamp>427.031436</timestamp>
			</report>
			<report>
				<misses>12300000</misses>
				<total>0</total>
				<timestamp>430.532194</timestamp>
			</report>
			<report>
				<misses>12400000</misses>
				<total>0</total>
				<timestamp>434.032834</timestamp>
			</report>
			<report>
				<misses>12500000</misses>
				<total>0</total>
				<timestamp>437.532833</timestamp>
			</report>
			<report>
				<misses>12600000</misses>
				<total>0</total>
				<timestamp>441.032838</timestamp>
			</report>
			<report>
				<misses>12700000</misses>
				<total>0</total>
				<timestamp>444.532840</timestamp>
			</report>
			<report>
				<misses>12800000</misses>
				<total>0</total>
				<timestamp>448.032832</timestamp>
			</report>
			<report>
				<misses>12900000</misses>
				<total>0</total>
				<timestamp>451.532833</timestamp>
			</report>
			<report>
				<misses>13000000</misses>
				<total>0</total>
				<timestamp>455.033340</timestamp>
			</report>
			<report>
				<misses>13100000</misses>
				<total>0</total>
				<timestamp>458.533426</timestamp>
			</report>
			<report>
				<misses>13200000</misses>
				<total>0</total>
				<timestamp>462.033434</timestamp>
			</report>
			<report>
				<misses>13300000</misses>
				<total>1</total>
				<timestamp>465.533433</timestamp>
			</report>
			<report>
				<misses>13400000</misses>
				<total>1</total>
				<timestamp>469.033432</timestamp>
			</report>
			<report>
				<misses>13500000</misses>
				<total>1</total>
				<timestamp>472.533429</timestamp>
			</report>
			<report>
				<misses>13600000</misses>
				<total>1</total>
				<timestamp>476.033427</timestamp>
			</report>
			<report>
				<misses>13700000</misses>
				<total>1</total>
				<timestamp>479.533447</timestamp>
			</report>
			<report>
				<misses>13800000</misses>
				<total>1</total>
				<timestamp>483.033743</timestamp>
			</report>
			<report>
				<misses>13900000</misses>
				<total>1</total>
				<timestamp>486.533731</timestamp>
			</report>
			<report>
				<misses>14000000</misses>
				<total>1</total>
				<timestamp>490.033712</timestamp>
			</report>
			<report>
				<misses>14100000</misses>
				<total>1</total>
				<timestamp>493.533727</timestamp>
			</report>
			<report>
				<misses>14200000</misses>
				<total>1</total>
				<timestamp>497.033729</timestamp>
			</report>
			<report>
				<misses>14300000</misses>
				<total>1</total>
				<timestamp>500.533791</timestamp>
			</report>
			<report>
				<misses>14400000</misses>
				<total>1</total>
				<timestamp>504.033839</timestamp>
			</report>
			<report>
				<misses>14500000</misses>
				<total>1</total>
				<timestamp>507.533877</timestamp>
			</report>
			<report>
				<misses>14600000</misses>
				<total>1</total>
				<timestamp>511.034038</timestamp>
			</report>
			<report>
				<misses>14700000</misses>
				<total>1</total>
				<timestamp>514.534363</timestamp>
			</report>
			<report>
				<misses>14800000</misses>
				<total>1</total>
				<timestamp>518.034623</timestamp>
			</report>
			<report>
				<misses>14900000</misses>
				<total>1</total>
				<timestamp>521.534756</timestamp>
			</report>
			<report>
				<misses>15000000</misses>
				<total>1</total>
				<timestamp>525.034975</timestamp>
			</report>
			<report>
				<misses>15100000</misses>
				<total>1</total>
				<timestamp>528.535062</timestamp>
			</report>
			<report>
				<misses>15200000</misses>
				<total>1</total>
				<timestamp>532.035033</timestamp>
			</report>
			<report>
				<misses>15300000</misses>
				<total>1</total>
				<timestamp>535.535026</timestamp>
			</report>
			<report>
				<misses>15400000</misses>
				<total>1</total>
				<timestamp>539.035589</timestamp>
			</report>
			<report>
				<misses>15500000</misses>
				<total>1</total>
				<timestamp>542.535622</timestamp>
			</report>
			<report>
				<misses>15600000</misses>
				<total>1</total>
				<timestamp>546.035702</timestamp>
			</report>
			<report>
				<misses>15700000</misses>
				<total>1</total>
				<timestamp>549.535734</timestamp>
			</report>
			<report>
				<misses>15800000</misses>
				<total>1</total>
				<timestamp>553.036614</timestamp>
			</report>
			<report>
				<misses>15900000</misses>
				<total>1</total>
				<timestamp>556.537234</timestamp>
			</report>
			<report>
				<misses>16000000</misses>
				<total>1</total>
				<timestamp>560.038142</timestamp>
			</report>
			<report>
				<misses>16100000</misses>
				<total>1</total>
				<timestamp>563.538638</timestamp>
			</report>
			<report>
				<misses>16200000</misses>
				<total>1</total>
				<timestamp>567.039613</timestamp>
			</report>
			<report>
				<misses>16300000</misses>
				<total>1</total>
				<timestamp>570.539749</timestamp>
			</report>
			<report>
				<misses>16400000</misses>
				<total>1</total>
				<timestamp>574.040008</timestamp>
			</report>
			<report>
				<misses>16500000</misses>
				<total>1</total>
				<timestamp>577.540054</timestamp>
			</report>
			<report>
				<misses>16600000</misses>
				<total>1</total>
				<timestamp>581.041359</timestamp>
			</report>
			<report>
				<misses>16700000</misses>
				<total>1</total>
				<timestamp>584.541341</timestamp>
			</report>
			<report>
				<misses>16800000</misses>
				<total>1</total>
				<timestamp>588.041329</timestamp>
			</report>
			<report>
				<misses>16900000</misses>
				<total>1</total>
				<timestamp>591.541322</timestamp>
			</report>
			<report>
				<misses>17000000</misses>
				<total>1</total>
				<timestamp>595.041319</timestamp>
			</report>
			<report>
				<misses>17100000</misses>
				<total>1</total>
				<timestamp>598.543392</timestamp>
			</report>
			<report>
				<misses>17200000</misses>
				<total>1</total>
				<timestamp>602.044123</timestamp>
			</report>
			<report>
				<misses>17300000</misses>
				<total>1</total>
				<timestamp>605.544397</timestamp>
			</report>
			<report>
				<misses>17400000</misses>
				<total>1</total>
				<timestamp>609.044413</timestamp>
			</report>
			<report>
				<misses>17500000</misses>
				<total>1</total>
				<timestamp>612.544421</timestamp>
			</report>
			<report>
				<misses>17600000</misses>
				<total>1</total>
				<timestamp>616.044748</timestamp>
			</report>
			<report>
				<misses>17700000</misses>
				<total>1</total>
				<timestamp>619.545085</timestamp>
			</report>
			<report>
				<misses>17800000</misses>
				<total>1</total>
				<timestamp>623.045872</timestamp>
			</report>
			<report>
				<misses>17900000</misses>
				<total>1</total>
				<timestamp>626.545845</timestamp>
			</report>
			<report>
				<misses>18000000</misses>
				<total>1</total>
				<timestamp>630.045857</timestamp>
			</report>
			<report>
				<misses>18100000</misses>
				<total>1</total>
				<timestamp>633.546307</timestamp>
			</report>
			<report>
				<misses>18200000</misses>
				<total>1</total>
				<timestamp>637.046898</timestamp>
			</report>
			<report>
				<misses>18300000</misses>
				<total>1</total>
				<timestamp>640.546905</timestamp>
			</report>
			<report>
				<misses>18400000</misses>
				<total>1</total>
				<timestamp>644.049565</timestamp>
			</report>
			<report>
				<misses>18500000</misses>
				<total>1</total>
				<timestamp>647.550008</timestamp>
			</report>
			<report>
				<misses>18600000</misses>
				<total>1</total>
				<timestamp>651.049986</timestamp>
			</report>
			<report>
				<misses>18700000</misses>
				<total>1</total>
				<timestamp>654.549974</timestamp>
			</report>
			<report>
				<misses>18800000</misses>
				<total>1</total>
				<timestamp>658.049949</timestamp>
			</report>
			<report>
				<misses>18900000</misses>
				<total>1</total>
				<timestamp>661.549951</timestamp>
			</report>
			<report>
				<misses>19000000</misses>
				<total>1</total>
				<timestamp>665.049955</timestamp>
			</report>
			<report>
				<misses>19100000</misses>
				<total>1</total>
				<timestamp>668.549996</timestamp>
			</report>
			<report>
				<misses>19200000</misses>
				<total>1</total>
				<timestamp>672.050271</timestamp>
			</report>
			<report>
				<misses>19300000</misses>
				<total>1</total>
				<timestamp>675.550755</timestamp>
			</report>
			<report>
				<misses>19400000</misses>
				<total>1</total>
				<timestamp>679.050854</timestamp>
			</report>
			<report>
				<misses>19500000</misses>
				<total>1</total>
				<timestamp>682.552845</timestamp>
			</report>
			<report>
				<misses>19600000</misses>
				<total>1</total>
				<timestamp>686.052922</timestamp>
			</report>
			<report>
				<misses>19700000</misses>
				<total>1</total>
				<timestamp>689.552998</timestamp>
			</report>
			<report>
				<misses>19800000</misses>
				<total>1</total>
				<timestamp>693.053402</timestamp>
			</report>
			<report>
				<misses>19900000</misses>
				<total>1</total>
				<timestamp>696.553456</timestamp>
			</report>
			<report>
				<misses>20000000</misses>
				<total>1</total>
				<timestamp>700.053661</timestamp>
			</report>
			<report>
				<misses>20100000</misses>
				<total>1</total>
				<timestamp>703.553656</timestamp>
			</report>
			<report>
				<misses>20200000</misses>
				<total>1</total>
				<timestamp>707.053662</timestamp>
			</report>
			<report>
				<misses>20300000</misses>
				<total>1</total>
				<timestamp>710.553656</timestamp>
			</report>
			<report>
				<misses>20400000</misses>
				<total>1</total>
				<timestamp>714.053766</timestamp>
			</report>
			<report>
				<misses>20500000</misses>
				<total>1</total>
				<timestamp>717.553926</timestamp>
			</report>
			<report>
				<misses>20600000</misses>
				<total>1</total>
				<timestamp>721.054209</timestamp>
			</report>
			<report>
				<misses>20700000</misses>
				<total>1</total>
				<timestamp>724.554527</timestamp>
			</report>
			<report>
				<misses>20800000</misses>
				<total>1</total>
				<timestamp>728.054722</timestamp>
			</report>
			<report>
				<misses>20900000</misses>
				<total>1</total>
				<timestamp>731.554802</timestamp>
			</report>
			<report>
				<misses>21000000</misses>
				<total>1</total>
				<timestamp>735.054865</timestamp>
			</report>
			<report>
				<misses>21100000</misses>
				<total>1</total>
				<timestamp>738.555134</timestamp>
			</report>
			<report>
				<misses>21200000</misses>
				<total>1</total>
				<timestamp>742.055251</timestamp>
			</report>
			<report>
				<misses>21300000</misses>
				<total>1</total>
				<timestamp>745.555666</timestamp>
			</report>
			<report>
				<misses>21400000</misses>
				<total>1</total>
				<timestamp>749.056417</timestamp>
			</report>
			<report>
				<misses>21500000</misses>
				<total>1</total>
				<timestamp>752.557291</timestamp>
			</report>
			<report>
				<misses>21600000</misses>
				<total>1</total>
				<timestamp>756.057297</timestamp>
			</report>
			<report>
				<misses>21700000</misses>
				<total>1</total>
				<timestamp>759.557305</timestamp>
			</report>
			<report>
				<misses>21800000</misses>
				<total>1</total>
				<timestamp>763.057386</timestamp>
			</report>
			<report>
				<misses>21900000</misses>
				<total>1</total>
				<timestamp>766.557657</timestamp>
			</report>
			<report>
				<misses>22000000</misses>
				<total>1</total>
				<timestamp>770.058419</timestamp>
			</report>
			<report>
				<misses>22100000</misses>
				<total>1</total>
				<timestamp>773.559610</timestamp>
			</report>
			<report>
				<misses>22200000</misses>
				<total>1</total>
				<timestamp>777.059815</timestamp>
			</report>
			<report>
				<misses>22300000</misses>
				<total>1</total>
				<timestamp>780.559816</timestamp>
			</report>
			<report>
				<misses>22400000</misses>
				<total>1</total>
				<timestamp>784.060729</timestamp>
			</report>
			<report>
				<misses>22500000</misses>
				<total>1</total>
				<timestamp>787.560727</timestamp>
			</report>
			<report>
				<misses>22600000</misses>
				<total>1</total>
				<timestamp>791.060770</timestamp>
			</report>
			<report>
				<misses>22700000</misses>
				<total>1</total>
				<timestamp>794.560778</timestamp>
			</report>
			<report>
				<misses>22800000</misses>
				<total>1</total>
				<timestamp>798.060889</timestamp>
			</report>
			<report>
				<misses>22900000</misses>
				<total>1</total>
				<timestamp>801.561016</timestamp>
			</report>
			<report>
				<misses>23000000</misses>
				<total>1</total>
				<timestamp>805.061058</timestamp>
			</report>
			<report>
				<misses>23100000</misses>
				<total>1</total>
				<timestamp>808.562739</timestamp>
			</report>
			<report>
				<misses>23200000</misses>
				<total>1</total>
				<timestamp>812.062855</timestamp>
			</report>
			<report>
				<misses>23300000</misses>
				<total>1</total>
				<timestamp>815.562910</timestamp>
			</report>
			<report>
				<misses>23400000</misses>
				<total>1</total>
				<timestamp>819.062950</timestamp>
			</report>
			<report>
				<misses>23500000</misses>
				<total>1</total>
				<timestamp>822.563099</timestamp>
			</report>
			<report>
				<misses>23600000</misses>
				<total>1</total>
				<timestamp>826.063083</timestamp>
			</report>
			<report>
				<misses>23700000</misses>
				<total>1</total>
				<timestamp>829.563079</timestamp>
			</report>
			<report>
				<misses>23800000</misses>
				<total>1</total>
				<timestamp>833.063073</timestamp>
			</report>
			<report>
				<misses>23900000</misses>
				<total>1</total>
				<timestamp>836.564126</timestamp>
			</report>
			<report>
				<misses>24000000</misses>
				<total>1</total>
				<timestamp>840.064993</timestamp>
			</report>
			<report>
				<misses>24100000</misses>
				<total>1</total>
				<timestamp>843.565800</timestamp>
			</report>
			<report>
				<misses>24200000</misses>
				<total>1</total>
				<timestamp>847.066159</timestamp>
			</report>
			<report>
				<misses>24300000</misses>
				<total>1</total>
				<timestamp>850.566145</timestamp>
			</report>
			<report>
				<misses>24400000</misses>
				<total>1</total>
				<timestamp>854.066823</timestamp>
			</report>
			<report>
				<misses>24500000</misses>
				<total>1</total>
				<timestamp>857.567258</timestamp>
			</report>
			<report>
				<misses>24600000</misses>
				<total>1</total>
				<timestamp>861.067596</timestamp>
			</report>
			<report>
				<misses>24700000</misses>
				<total>1</total>
				<timestamp>864.569699</timestamp>
			</report>
			<report>
				<misses>24800000</misses>
				<total>1</total>
				<timestamp>868.069831</timestamp>
			</report>
			<report>
				<misses>24900000</misses>
				<total>1</total>
				<timestamp>871.571419</timestamp>
			</report>
			<report>
				<misses>25000000</misses>
				<total>1</total>
				<timestamp>875.071459</timestamp>
			</report>
			<report>
				<misses>25100000</misses>
				<total>1</total>
				<timestamp>878.571504</timestamp>
			</report>
			<report>
				<misses>25200000</misses>
				<total>1</total>
				<timestamp>882.072287</timestamp>
			</report>
			<report>
				<misses>25300000</misses>
				<total>1</total>
				<timestamp>885.572429</timestamp>
			</report>
			<report>
				<misses>25400000</misses>
				<total>1</total>
				<timestamp>889.073100</timestamp>
			</report>
			<report>
				<misses>25500000</misses>
				<total>1</total>
				<timestamp>892.573368</timestamp>
			</report>
			<report>
				<misses>25600000</misses>
				<total>1</total>
				<timestamp>896.073379</timestamp>
			</report>
			<report>
				<misses>25700000</misses>
				<total>1</total>
				<timestamp>899.573370</timestamp>
			</report>
			<report>
				<misses>25800000</misses>
				<total>1</total>
				<timestamp>903.073407</timestamp>
			</report>
			<report>
				<misses>25900000</misses>
				<total>1</total>
				<timestamp>906.573477</timestamp>
			</report>
			<report>
				<misses>26000000</misses>
				<total>1</total>
				<timestamp>910.073476</timestamp>
			</report>
			<report>
				<misses>26100000</misses>
				<total>1</total>
				<timestamp>913.573483</timestamp>
			</report>
			<report>
				<misses>26200000</misses>
				<total>1</total>
				<timestamp>917.073465</timestamp>
			</report>
			<report>
				<misses>26300000</misses>
				<total>1</total>
				<timestamp>920.573471</timestamp>
			</report>
			<report>
				<misses>26400000</misses>
				<total>1</total>
				<timestamp>924.073483</timestamp>
			</report>
			<report>
				<misses>26500000</misses>
				<total>1</total>
				<timestamp>927.573660</timestamp>
			</report>
			<report>
				<misses>26600000</misses>
				<total>1</total>
				<timestamp>931.073830</timestamp>
			</report>
			<report>
				<misses>26700000</misses>
				<total>1</total>
				<timestamp>934.573846</timestamp>
			</report>
			<report>
				<misses>26800000</misses>
				<total>1</total>
				<timestamp>938.073938</timestamp>
			</report>
			<report>
				<misses>26900000</misses>
				<total>1</total>
				<timestamp>941.574848</timestamp>
			</report>
			<report>
				<misses>27000000</misses>
				<total>1</total>
				<timestamp>945.076302</timestamp>
			</report>
			<report>
				<misses>27100000</misses>
				<total>1</total>
				<timestamp>948.577114</timestamp>
			</report>
			<report>
				<misses>27200000</misses>
				<total>1</total>
				<timestamp>952.077568</timestamp>
			</report>
			<report>
				<misses>27300000</misses>
				<total>1</total>
				<timestamp>955.577565</timestamp>
			</report>
			<report>
				<misses>27400000</misses>
				<total>1</total>
				<timestamp>959.077984</timestamp>
			</report>
			<report>
				<misses>27500000</misses>
				<total>1</total>
				<timestamp>962.578806</timestamp>
			</report>
			<report>
				<misses>27600000</misses>
				<total>1</total>
				<timestamp>966.078839</timestamp>
			</report>
			<report>
				<misses>27700000</misses>
				<total>1</total>
				<timestamp>969.578864</timestamp>
			</report>
			<report>
				<misses>27800000</misses>
				<total>1</total>
				<timestamp>973.078903</timestamp>
			</report>
			<report>
				<misses>27900000</misses>
				<total>1</total>
				<timestamp>976.578927</timestamp>
			</report>
			<report>
				<misses>28000000</misses>
				<total>1</total>
				<timestamp>980.079002</timestamp>
			</report>
			<report>
				<misses>28100000</misses>
				<total>1</total>
				<timestamp>983.579138</timestamp>
			</report>
			<report>
				<misses>28200000</misses>
				<total>1</total>
				<timestamp>987.079211</timestamp>
			</report>
			<report>
				<misses>28300000</misses>
				<total>1</total>
				<timestamp>990.579341</timestamp>
			</report>
			<report>
				<misses>28400000</misses>
				<total>1</total>
				<timestamp>994.079906</timestamp>
			</report>
			<report>
				<misses>28500000</misses>
				<total>1</total>
				<timestamp>997.580319</timestamp>
			</report>
			<report>
				<misses>28600000</misses>
				<total>1</total>
				<timestamp>1001.080788</timestamp>
			</report>
			<report>
				<misses>28700000</misses>
				<total>1</total>
				<timestamp>1004.580785</timestamp>
			</report>
			<report>
				<misses>28800000</misses>
				<total>1</total>
				<timestamp>1008.080825</timestamp>
			</report>
			<report>
				<misses>28900000</misses>
				<total>1</total>
				<timestamp>1011.580997</timestamp>
			</report>
			<report>
				<misses>29000000</misses>
				<total>1</total>
				<timestamp>1015.081846</timestamp>
			</report>
			<report>
				<misses>29100000</misses>
				<total>1</total>
				<timestamp>1018.581881</timestamp>
			</report>
			<report>
				<misses>29200000</misses>
				<total>1</total>
				<timestamp>1022.083865</timestamp>
			</report>
			<report>
				<misses>29300000</misses>
				<total>1</total>
				<timestamp>1025.584256</timestamp>
			</report>
			<report>
				<misses>29400000</misses>
				<total>1</total>
				<timestamp>1029.084250</timestamp>
			</report>
			<report>
				<misses>29500000</misses>
				<total>1</total>
				<timestamp>1032.584430</timestamp>
			</report>
			<report>
				<misses>29600000</misses>
				<total>1</total>
				<timestamp>1036.084427</timestamp>
			</report>
			<report>
				<misses>29700000</misses>
				<total>1</total>
				<timestamp>1039.584427</timestamp>
			</report>
			<report>
				<misses>29800000</misses>
				<total>1</total>
				<timestamp>1043.084427</timestamp>
			</report>
			<report>
				<misses>29900000</misses>
				<total>1</total>
				<timestamp>1046.584430</timestamp>
			</report>
			<report>
				<misses>30000000</misses>
				<total>1</total>
				<timestamp>1050.085579</timestamp>
			</report>
			<report>
				<misses>30100000</misses>
				<total>1</total>
				<timestamp>1053.585736</timestamp>
			</report>
			<report>
				<misses>30200000</misses>
				<total>1</total>
				<timestamp>1057.086767</timestamp>
			</report>
			<report>
				<misses>30300000</misses>
				<total>1</total>
				<timestamp>1060.587036</timestamp>
			</report>
			<report>
				<misses>30400000</misses>
				<total>1</total>
				<timestamp>1064.087090</timestamp>
			</report>
			<report>
				<misses>30500000</misses>
				<total>1</total>
				<timestamp>1067.587083</timestamp>
			</report>
			<report>
				<misses>30600000</misses>
				<total>1</total>
				<timestamp>1071.087303</timestamp>
			</report>
			<report>
				<misses>30700000</misses>
				<total>1</total>
				<timestamp>1074.587620</timestamp>
			</report>
			<report>
				<misses>30800000</misses>
				<total>1</total>
				<timestamp>1078.089860</timestamp>
			</report>
			<report>
				<misses>30900000</misses>
				<total>1</total>
				<timestamp>1081.590193</timestamp>
			</report>
			<report>
				<misses>31000000</misses>
				<total>1</total>
				<timestamp>1085.090697</timestamp>
			</report>
			<report>
				<misses>31100000</misses>
				<total>1</total>
				<timestamp>1088.590720</timestamp>
			</report>
			<report>
				<misses>31200000</misses>
				<total>1</total>
				<timestamp>1092.090968</timestamp>
			</report>
			<report>
				<misses>31300000</misses>
				<total>1</total>
				<timestamp>1095.592289</timestamp>
			</report>
			<report>
				<misses>31400000</misses>
				<total>1</total>
				<timestamp>1099.092556</timestamp>
			</report>
			<report>
				<misses>31500000</misses>
				<total>1</total>
				<timestamp>1102.592617</timestamp>
			</report>
			<report>
				<misses>31600000</misses>
				<total>1</total>
				<timestamp>1106.092796</timestamp>
			</report>
			<report>
				<misses>31700000</misses>
				<total>1</total>
				<timestamp>1109.593764</timestamp>
			</report>
			<report>
				<misses>31800000</misses>
				<total>1</total>
				<timestamp>1113.094102</timestamp>
			</report>
			<report>
				<misses>31900000</misses>
				<total>1</total>
				<timestamp>1116.594447</timestamp>
			</report>
			<report>
				<misses>32000000</misses>
				<total>2</total>
				<timestamp>1120.095971</timestamp>
			</report>
			<report>
				<misses>32100000</misses>
				<total>2</total>
				<timestamp>1123.596880</timestamp>
			</report>
			<report>
				<misses>32200000</misses>
				<total>2</total>
				<timestamp>1127.097090</timestamp>
			</report>
			<report>
				<misses>32300000</misses>
				<total>2</total>
				<timestamp>1130.597201</timestamp>
			</report>
			<report>
				<misses>32400000</misses>
				<total>2</total>
				<timestamp>1134.097372</timestamp>
			</report>
			<report>
				<misses>32500000</misses>
				<total>2</total>
				<timestamp>1137.597867</timestamp>
			</report>
			<report>
				<misses>32600000</misses>
				<total>2</total>
				<timestamp>1141.097927</timestamp>
			</report>
			<report>
				<misses>32700000</misses>
				<total>2</total>
				<timestamp>1144.597984</timestamp>
			</report>
			<report>
				<misses>32800000</misses>
				<total>2</total>
				<timestamp>1148.098051</timestamp>
			</report>
			<report>
				<misses>32900000</misses>
				<total>2</total>
				<timestamp>1151.598364</timestamp>
			</report>
			<report>
				<misses>33000000</misses>
				<total>2</total>
				<timestamp>1155.098603</timestamp>
			</report>
			<report>
				<misses>33100000</misses>
				<total>2</total>
				<timestamp>1158.599021</timestamp>
			</report>
			<report>
				<misses>33200000</misses>
				<total>2</total>
				<timestamp>1162.099304</timestamp>
			</report>
			<report>
				<misses>33300000</misses>
				<total>2</total>
				<timestamp>1165.600136</timestamp>
			</report>
			<report>
				<misses>33400000</misses>
				<total>2</total>
				<timestamp>1169.100184</timestamp>
			</report>
			<report>
				<misses>33500000</misses>
				<total>2</total>
				<timestamp>1172.600313</timestamp>
			</report>
			<report>
				<misses>33600000</misses>
				<total>2</total>
				<timestamp>1176.100451</timestamp>
			</report>
			<report>
				<misses>33700000</misses>
				<total>2</total>
				<timestamp>1179.600495</timestamp>
			</report>
			<report>
				<misses>33800000</misses>
				<total>2</total>
				<timestamp>1183.101155</timestamp>
			</report>
			<report>
				<misses>33900000</misses>
				<total>2</total>
				<timestamp>1186.601301</timestamp>
			</report>
			<report>
				<misses>34000000</misses>
				<total>2</total>
				<timestamp>1190.101293</timestamp>
			</report>
			<report>
				<misses>34100000</misses>
				<total>2</total>
				<timestamp>1193.601641</timestamp>
			</report>
			<report>
				<misses>34200000</misses>
				<total>2</total>
				<timestamp>1197.101791</timestamp>
			</report>
			<report>
				<misses>34300000</misses>
				<total>2</total>
				<timestamp>1200.601960</timestamp>
			</report>
			<report>
				<misses>34400000</misses>
				<total>2</total>
				<timestamp>1204.102075</timestamp>
			</report>
			<report>
				<misses>34500000</misses>
				<total>2</total>
				<timestamp>1207.602854</timestamp>
			</report>
			<report>
				<misses>34600000</misses>
				<total>2</total>
				<timestamp>1211.102919</timestamp>
			</report>
			<report>
				<misses>34700000</misses>
				<total>2</total>
				<timestamp>1214.603058</timestamp>
			</report>
			<report>
				<misses>34800000</misses>
				<total>2</total>
				<timestamp>1218.103159</timestamp>
			</report>
			<report>
				<misses>34900000</misses>
				<total>2</total>
				<timestamp>1221.603174</timestamp>
			</report>
			<report>
				<misses>35000000</misses>
				<total>2</total>
				<timestamp>1225.103210</timestamp>
			</report>
			<report>
				<misses>35100000</misses>
				<total>2</total>
				<timestamp>1228.603819</timestamp>
			</report>
			<report>
				<misses>35200000</misses>
				<total>2</total>
				<timestamp>1232.104323</timestamp>
			</report>
			<report>
				<misses>35300000</misses>
				<total>2</total>
				<timestamp>1235.604319</timestamp>
			</report>
			<report>
				<misses>35400000</misses>
				<total>2</total>
				<timestamp>1239.104412</timestamp>
			</report>
			<report>
				<misses>35500000</misses>
				<total>2</total>
				<timestamp>1242.604792</timestamp>
			</report>
			<report>
				<misses>35600000</misses>
				<total>2</total>
				<timestamp>1246.104862</timestamp>
			</report>
			<report>
				<misses>35700000</misses>
				<total>2</total>
				<timestamp>1249.604904</timestamp>
			</report>
			<report>
				<misses>35800000</misses>
				<total>2</total>
				<timestamp>1253.105425</timestamp>
			</report>
			<report>
				<misses>35900000</misses>
				<total>2</total>
				<timestamp>1256.606276</timestamp>
			</report>
			<report>
				<misses>36000000</misses>
				<total>2</total>
				<timestamp>1260.106455</timestamp>
			</report>
			<report>
				<misses>36100000</misses>
				<total>2</total>
				<timestamp>1263.606471</timestamp>
			</report>
			<report>
				<misses>36200000</misses>
				<total>2</total>
				<timestamp>1267.106796</timestamp>
			</report>
			<report>
				<misses>36300000</misses>
				<total>2</total>
				<timestamp>1270.607009</timestamp>
			</report>
			<report>
				<misses>36400000</misses>
				<total>2</total>
				<timestamp>1274.107569</timestamp>
			</report>
			<report>
				<misses>36500000</misses>
				<total>2</total>
				<timestamp>1277.607953</timestamp>
			</report>
			<report>
				<misses>36600000</misses>
				<total>2</total>
				<timestamp>1281.109638</timestamp>
			</report>
			<report>
				<misses>36700000</misses>
				<total>2</total>
				<timestamp>1284.610571</timestamp>
			</report>
			<report>
				<misses>36800000</misses>
				<total>2</total>
				<timestamp>1288.110589</timestamp>
			</report>
			<report>
				<misses>36900000</misses>
				<total>2</total>
				<timestamp>1291.610633</timestamp>
			</report>
			<report>
				<misses>37000000</misses>
				<total>2</total>
				<timestamp>1295.111198</timestamp>
			</report>
			<report>
				<misses>37100000</misses>
				<total>2</total>
				<timestamp>1298.612083</timestamp>
			</report>
			<report>
				<misses>37200000</misses>
				<total>2</total>
				<timestamp>1302.112219</timestamp>
			</report>
			<report>
				<misses>37300000</misses>
				<total>2</total>
				<timestamp>1305.612324</timestamp>
			</report>
			<report>
				<misses>37400000</misses>
				<total>2</total>
				<timestamp>1309.112463</timestamp>
			</report>
			<report>
				<misses>37500000</misses>
				<total>2</total>
				<timestamp>1312.612638</timestamp>
			</report>
			<report>
				<misses>37600000</misses>
				<total>2</total>
				<timestamp>1316.112990</timestamp>
			</report>
			<report>
				<misses>37700000</misses>
				<total>2</total>
				<timestamp>1319.614332</timestamp>
			</report>
			<report>
				<misses>37800000</misses>
				<total>2</total>
				<timestamp>1323.114427</timestamp>
			</report>
			<report>
				<misses>37900000</misses>
				<total>2</total>
				<timestamp>1326.614509</timestamp>
			</report>
			<report>
				<misses>38000000</misses>
				<total>2</total>
				<timestamp>1330.114919</timestamp>
			</report>
			<report>
				<misses>38100000</misses>
				<total>2</total>
				<timestamp>1333.614925</timestamp>
			</report>
			<report>
				<misses>38200000</misses>
				<total>2</total>
				<timestamp>1337.114907</timestamp>
			</report>
			<report>
				<misses>38300000</misses>
				<total>2</total>
				<timestamp>1340.614922</timestamp>
			</report>
			<report>
				<misses>38400000</misses>
				<total>2</total>
				<timestamp>1344.115410</timestamp>
			</report>
			<report>
				<misses>38500000</misses>
				<total>2</total>
				<timestamp>1347.616284</timestamp>
			</report>
			<report>
				<misses>38600000</misses>
				<total>2</total>
				<timestamp>1351.116277</timestamp>
			</report>
			<report>
				<misses>38700000</misses>
				<total>2</total>
				<timestamp>1354.616280</timestamp>
			</report>
			<report>
				<misses>38800000</misses>
				<total>2</total>
				<timestamp>1358.116272</timestamp>
			</report>
			<report>
				<misses>38900000</misses>
				<total>2</total>
				<timestamp>1361.616284</timestamp>
			</report>
			<report>
				<misses>39000000</misses>
				<total>2</total>
				<timestamp>1365.116734</timestamp>
			</report>
			<report>
				<misses>39100000</misses>
				<total>2</total>
				<timestamp>1368.617472</timestamp>
			</report>
			<report>
				<misses>39200000</misses>
				<total>2</total>
				<timestamp>1372.117810</timestamp>
			</report>
			<report>
				<misses>39300000</misses>
				<total>2</total>
				<timestamp>1375.618410</timestamp>
			</report>
			<report>
				<misses>39400000</misses>
				<total>2</total>
				<timestamp>1379.118667</timestamp>
			</report>
			<report>
				<misses>39500000</misses>
				<total>2</total>
				<timestamp>1382.619671</timestamp>
			</report>
			<report>
				<misses>39600000</misses>
				<total>2</total>
				<timestamp>1386.119671</timestamp>
			</report>
			<report>
				<misses>39700000</misses>
				<total>2</total>
				<timestamp>1389.619664</timestamp>
			</report>
			<report>
				<misses>39800000</misses>
				<total>2</total>
				<timestamp>1393.119679</timestamp>
			</report>
			<report>
				<misses>39900000</misses>
				<total>2</total>
				<timestamp>1396.620486</timestamp>
			</report>
			<report>
				<misses>40000000</misses>
				<total>2</total>
				<timestamp>1400.121736</timestamp>
			</report>
			<report>
				<misses>40100000</misses>
				<total>2</total>
				<timestamp>1403.622134</timestamp>
			</report>
			<report>
				<misses>40200000</misses>
				<total>2</total>
				<timestamp>1407.122188</timestamp>
			</report>
			<report>
				<misses>40300000</misses>
				<total>2</total>
				<timestamp>1410.622187</timestamp>
			</report>
			<report>
				<misses>40400000</misses>
				<total>2</total>
				<timestamp>1414.122186</timestamp>
			</report>
			<report>
				<misses>40500000</misses>
				<total>2</total>
				<timestamp>1417.622188</timestamp>
			</report>
			<report>
				<misses>40600000</misses>
				<total>2</total>
				<timestamp>1421.122250</timestamp>
			</report>
			<report>
				<misses>40700000</misses>
				<total>2</total>
				<timestamp>1424.623277</timestamp>
			</report>
			<report>
				<misses>40800000</misses>
				<total>2</total>
				<timestamp>1428.123424</timestamp>
			</report>
			<report>
				<misses>40900000</misses>
				<total>2</total>
				<timestamp>1431.623786</timestamp>
			</report>
			<report>
				<misses>41000000</misses>
				<total>2</total>
				<timestamp>1435.123766</timestamp>
			</report>
			<report>
				<misses>41100000</misses>
				<total>2</total>
				<timestamp>1438.623781</timestamp>
			</report>
			<report>
				<misses>41200000</misses>
				<total>2</total>
				<timestamp>1442.123768</timestamp>
			</report>
			<report>
				<misses>41300000</misses>
				<total>2</total>
				<timestamp>1445.624226</timestamp>
			</report>
			<report>
				<misses>41400000</misses>
				<total>2</total>
				<timestamp>1449.125166</timestamp>
			</report>
			<report>
				<misses>41500000</misses>
				<total>2</total>
				<timestamp>1452.625206</timestamp>
			</report>
			<report>
				<misses>41600000</misses>
				<total>2</total>
				<timestamp>1456.125219</timestamp>
			</report>
			<report>
				<misses>41700000</misses>
				<total>2</total>
				<timestamp>1459.625313</timestamp>
			</report>
			<report>
				<misses>41800000</misses>
				<total>2</total>
				<timestamp>1463.125417</timestamp>
			</report>
			<report>
				<misses>41900000</misses>
				<total>2</total>
				<timestamp>1466.625562</timestamp>
			</report>
			<report>
				<misses>42000000</misses>
				<total>2</total>
				<timestamp>1470.125965</timestamp>
			</report>
			<report>
				<misses>42100000</misses>
				<total>2</total>
				<timestamp>1473.626103</timestamp>
			</report>
			<report>
				<misses>42200000</misses>
				<total>2</total>
				<timestamp>1477.126113</timestamp>
			</report>
			<report>
				<misses>42300000</misses>
				<total>2</total>
				<timestamp>1480.626663</timestamp>
			</report>
			<report>
				<misses>42400000</misses>
				<total>2</total>
				<timestamp>1484.127059</timestamp>
			</report>
			<report>
				<misses>42500000</misses>
				<total>2</total>
				<timestamp>1487.627482</timestamp>
			</report>
			<report>
				<misses>42600000</misses>
				<total>2</total>
				<timestamp>1491.127494</timestamp>
			</report>
			<report>
				<misses>42700000</misses>
				<total>2</total>
				<timestamp>1494.627579</timestamp>
			</report>
			<report>
				<misses>42800000</misses>
				<total>2</total>
				<timestamp>1498.128150</timestamp>
			</report>
			<report>
				<misses>42900000</misses>
				<total>2</total>
				<timestamp>1501.629160</timestamp>
			</report>
			<report>
				<misses>43000000</misses>
				<total>2</total>
				<timestamp>1505.130448</timestamp>
			</report>
			<report>
				<misses>43100000</misses>
				<total>2</total>
				<timestamp>1508.631335</timestamp>
			</report>
			<report>
				<misses>43200000</misses>
				<total>2</total>
				<timestamp>1512.132376</timestamp>
			</report>
			<report>
				<misses>43300000</misses>
				<total>2</total>
				<timestamp>1515.632381</timestamp>
			</report>
			<report>
				<misses>43400000</misses>
				<total>2</total>
				<timestamp>1519.132560</timestamp>
			</report>
			<report>
				<misses>43500000</misses>
				<total>2</total>
				<timestamp>1522.633464</timestamp>
			</report>
			<report>
				<misses>43600000</misses>
				<total>2</total>
				<timestamp>1526.135121</timestamp>
			</report>
			<report>
				<misses>43700000</misses>
				<total>2</total>
				<timestamp>1529.637209</timestamp>
			</report>
			<report>
				<misses>43800000</misses>
				<total>2</total>
				<timestamp>1533.137214</timestamp>
			</report>
			<report>
				<misses>43900000</misses>
				<total>2</total>
				<timestamp>1536.637211</timestamp>
			</report>
			<report>
				<misses>44000000</misses>
				<total>2</total>
				<timestamp>1540.137204</timestamp>
			</report>
			<report>
				<misses>44100000</misses>
				<total>2</total>
				<timestamp>1543.637211</timestamp>
			</report>
			<report>
				<misses>44200000</misses>
				<total>2</total>
				<timestamp>1547.137215</timestamp>
			</report>
			<report>
				<misses>44300000</misses>
				<total>2</total>
				<timestamp>1550.637250</timestamp>
			</report>
			<report>
				<misses>44400000</misses>
				<total>2</total>
				<timestamp>1554.137283</timestamp>
			</report>
			<report>
				<misses>44500000</misses>
				<total>2</total>
				<timestamp>1557.637307</timestamp>
			</report>
			<report>
				<misses>44600000</misses>
				<total>2</total>
				<timestamp>1561.138155</timestamp>
			</report>
			<report>
				<misses>44700000</misses>
				<total>2</total>
				<timestamp>1564.638479</timestamp>
			</report>
			<report>
				<misses>44800000</misses>
				<total>2</total>
				<timestamp>1568.138779</timestamp>
			</report>
			<report>
				<misses>44900000</misses>
				<total>2</total>
				<timestamp>1571.639370</timestamp>
			</report>
			<report>
				<misses>45000000</misses>
				<total>2</total>
				<timestamp>1575.139454</timestamp>
			</report>
			<report>
				<misses>45100000</misses>
				<total>2</total>
				<timestamp>1578.639550</timestamp>
			</report>
			<report>
				<misses>45200000</misses>
				<total>2</total>
				<timestamp>1582.139584</timestamp>
			</report>
			<report>
				<misses>45300000</misses>
				<total>2</total>
				<timestamp>1585.639848</timestamp>
			</report>
			<report>
				<misses>45400000</misses>
				<total>2</total>
				<timestamp>1589.139878</timestamp>
			</report>
			<report>
				<misses>45500000</misses>
				<total>2</total>
				<timestamp>1592.640207</timestamp>
			</report>
			<report>
				<misses>45600000</misses>
				<total>2</total>
				<timestamp>1596.140322</timestamp>
			</report>
			<report>
				<misses>45700000</misses>
				<total>2</total>
				<timestamp>1599.640467</timestamp>
			</report>
			<report>
				<misses>45800000</misses>
				<total>2</total>
				<timestamp>1603.140478</timestamp>
			</report>
			<report>
				<misses>45900000</misses>
				<total>2</total>
				<timestamp>1606.640511</timestamp>
			</report>
			<report>
				<misses>46000000</misses>
				<total>2</total>
				<timestamp>1610.140514</timestamp>
			</report>
			<report>
				<misses>46100000</misses>
				<total>2</total>
				<timestamp>1613.640494</timestamp>
			</report>
			<report>
				<misses>46200000</misses>
				<total>2</total>
				<timestamp>1617.140608</timestamp>
			</report>
			<report>
				<misses>46300000</misses>
				<total>2</total>
				<timestamp>1620.640595</timestamp>
			</report>
			<report>
				<misses>46400000</misses>
				<total>2</total>
				<timestamp>1624.140681</timestamp>
			</report>
			<report>
				<misses>46500000</misses>
				<total>2</total>
				<timestamp>1627.640673</timestamp>
			</report>
			<report>
				<misses>46600000</misses>
				<total>2</total>
				<timestamp>1631.140687</timestamp>
			</report>
			<report>
				<misses>46700000</misses>
				<total>2</total>
				<timestamp>1634.640756</timestamp>
			</report>
			<report>
				<misses>46800000</misses>
				<total>2</total>
				<timestamp>1638.140778</timestamp>
			</report>
			<report>
				<misses>46900000</misses>
				<total>2</total>
				<timestamp>1641.640775</timestamp>
			</report>
			<report>
				<misses>47000000</misses>
				<total>2</total>
				<timestamp>1645.140771</timestamp>
			</report>
			<report>
				<misses>47100000</misses>
				<total>2</total>
				<timestamp>1648.640790</timestamp>
			</report>
			<report>
				<misses>47200000</misses>
				<total>2</total>
				<timestamp>1652.140788</timestamp>
			</report>
			<report>
				<misses>47300000</misses>
				<total>2</total>
				<timestamp>1655.640773</timestamp>
			</report>
			<report>
				<misses>47400000</misses>
				<total>2</total>
				<timestamp>1659.141060</timestamp>
			</report>
			<report>
				<misses>47500000</misses>
				<total>2</total>
				<timestamp>1662.641163</timestamp>
			</report>
			<report>
				<misses>47600000</misses>
				<total>2</total>
				<timestamp>1666.141159</timestamp>
			</report>
			<report>
				<misses>47700000</misses>
				<total>2</total>
				<timestamp>1669.641373</timestamp>
			</report>
			<report>
				<misses>47800000</misses>
				<total>2</total>
				<timestamp>1673.141532</timestamp>
			</report>
			<report>
				<misses>47900000</misses>
				<total>2</total>
				<timestamp>1676.641670</timestamp>
			</report>
			<report>
				<misses>48000000</misses>
				<total>2</total>
				<timestamp>1680.141724</timestamp>
			</report>
			<report>
				<misses>48100000</misses>
				<total>2</total>
				<timestamp>1683.641797</timestamp>
			</report>
			<report>
				<misses>48200000</misses>
				<total>2</total>
				<timestamp>1687.141793</timestamp>
			</report>
			<report>
				<misses>48300000</misses>
				<total>2</total>
				<timestamp>1690.641842</timestamp>
			</report>
			<report>
				<misses>48400000</misses>
				<total>2</total>
				<timestamp>1694.142663</timestamp>
			</report>
			<report>
				<misses>48500000</misses>
				<total>2</total>
				<timestamp>1697.642807</timestamp>
			</report>
			<report>
				<misses>48600000</misses>
				<total>2</total>
				<timestamp>1701.142968</timestamp>
			</report>
			<report>
				<misses>48700000</misses>
				<total>2</total>
				<timestamp>1704.643411</timestamp>
			</report>
			<report>
				<misses>48800000</misses>
				<total>2</total>
				<timestamp>1708.143549</timestamp>
			</report>
			<report>
				<misses>48900000</misses>
				<total>2</total>
				<timestamp>1711.644161</timestamp>
			</report>
			<report>
				<misses>49000000</misses>
				<total>2</total>
				<timestamp>1715.144489</timestamp>
			</report>
			<report>
				<misses>49100000</misses>
				<total>2</total>
				<timestamp>1718.644551</timestamp>
			</report>
			<report>
				<misses>49200000</misses>
				<total>2</total>
				<timestamp>1722.144631</timestamp>
			</report>
			<report>
				<misses>49300000</misses>
				<total>2</total>
				<timestamp>1725.644667</timestamp>
			</report>
			<report>
				<misses>49400000</misses>
				<total>2</total>
				<timestamp>1729.144841</timestamp>
			</report>
			<report>
				<misses>49500000</misses>
				<total>2</total>
				<timestamp>1732.645331</timestamp>
			</report>
			<report>
				<misses>49600000</misses>
				<total>2</total>
				<timestamp>1736.145463</timestamp>
			</report>
			<report>
				<misses>49700000</misses>
				<total>2</total>
				<timestamp>1739.645500</timestamp>
			</report>
			<report>
				<misses>49800000</misses>
				<total>2</total>
				<timestamp>1743.145737</timestamp>
			</report>
			<report>
				<misses>49900000</misses>
				<total>2</total>
				<timestamp>1746.645804</timestamp>
			</report>
			<report>
				<misses>50000000</misses>
				<total>2</total>
				<timestamp>1750.146274</timestamp>
			</report>
			<report>
				<misses>50100000</misses>
				<total>2</total>
				<timestamp>1753.646303</timestamp>
			</report>
			<report>
				<misses>50200000</misses>
				<total>2</total>
				<timestamp>1757.146972</timestamp>
			</report>
			<report>
				<misses>50300000</misses>
				<total>2</total>
				<timestamp>1760.647611</timestamp>
			</report>
			<report>
				<misses>50400000</misses>
				<total>2</total>
				<timestamp>1764.148031</timestamp>
			</report>
			<report>
				<misses>50500000</misses>
				<total>2</total>
				<timestamp>1767.648136</timestamp>
			</report>
			<report>
				<misses>50600000</misses>
				<total>2</total>
				<timestamp>1771.148174</timestamp>
			</report>
			<report>
				<misses>50700000</misses>
				<total>2</total>
				<timestamp>1774.648222</timestamp>
			</report>
			<report>
				<misses>50800000</misses>
				<total>2</total>
				<timestamp>1778.148273</timestamp>
			</report>
			<report>
				<misses>50900000</misses>
				<total>2</total>
				<timestamp>1781.648445</timestamp>
			</report>
			<report>
				<misses>51000000</misses>
				<total>2</total>
				<timestamp>1785.149844</timestamp>
			</report>
			<report>
				<misses>51100000</misses>
				<total>2</total>
				<timestamp>1788.649848</timestamp>
			</report>
			<report>
				<misses>51200000</misses>
				<total>2</total>
				<timestamp>1792.150560</timestamp>
			</report>
			<report>
				<misses>51300000</misses>
				<total>2</total>
				<timestamp>1795.650826</timestamp>
			</report>
			<report>
				<misses>51400000</misses>
				<total>2</total>
				<timestamp>1799.151036</timestamp>
			</report>
			<report>
				<misses>51500000</misses>
				<total>2</total>
				<timestamp>1802.651803</timestamp>
			</report>
			<report>
				<misses>51600000</misses>
				<total>2</total>
				<timestamp>1806.152747</timestamp>
			</report>
			<report>
				<misses>51700000</misses>
				<total>2</total>
				<timestamp>1809.653726</timestamp>
			</report>
			<report>
				<misses>51800000</misses>
				<total>2</total>
				<timestamp>1813.153892</timestamp>
			</report>
			<report>
				<misses>51900000</misses>
				<total>2</total>
				<timestamp>1816.654043</timestamp>
			</report>
			<report>
				<misses>52000000</misses>
				<total>2</total>
				<timestamp>1820.154171</timestamp>
			</report>
			<report>
				<misses>52100000</misses>
				<total>2</total>
				<timestamp>1823.655595</timestamp>
			</report>
			<report>
				<misses>52200000</misses>
				<total>2</total>
				<timestamp>1827.156386</timestamp>
			</report>
			<report>
				<misses>52300000</misses>
				<total>2</total>
				<timestamp>1830.657023</timestamp>
			</report>
			<report>
				<misses>52400000</misses>
				<total>2</total>
				<timestamp>1834.157190</timestamp>
			</report>
			<report>
				<misses>52500000</misses>
				<total>2</total>
				<timestamp>1837.657293</timestamp>
			</report>
			<report>
				<misses>52600000</misses>
				<total>2</total>
				<timestamp>1841.157746</timestamp>
			</report>
			<report>
				<misses>52700000</misses>
				<total>2</total>
				<timestamp>1844.658723</timestamp>
			</report>
			<report>
				<misses>52800000</misses>
				<total>2</total>
				<timestamp>1848.158940</timestamp>
			</report>
			<report>
				<misses>52900000</misses>
				<total>2</total>
				<timestamp>1851.659394</timestamp>
			</report>
			<report>
				<misses>53000000</misses>
				<total>2</total>
				<timestamp>1855.159599</timestamp>
			</report>
			<report>
				<misses>53100000</misses>
				<total>2</total>
				<timestamp>1858.659670</timestamp>
			</report>
			<report>
				<misses>53200000</misses>
				<total>2</total>
				<timestamp>1862.160344</timestamp>
			</report>
			<report>
				<misses>53300000</misses>
				<total>2</total>
				<timestamp>1865.660356</timestamp>
			</report>
			<report>
				<misses>53400000</misses>
				<total>2</total>
				<timestamp>1869.160415</timestamp>
			</report>
			<report>
				<misses>53500000</misses>
				<total>2</total>
				<timestamp>1872.660408</timestamp>
			</report>
			<report>
				<misses>53600000</misses>
				<total>2</total>
				<timestamp>1876.160427</timestamp>
			</report>
			<report>
				<misses>53700000</misses>
				<total>2</total>
				<timestamp>1879.660467</timestamp>
			</report>
			<report>
				<misses>53800000</misses>
				<total>2</total>
				<timestamp>1883.160504</timestamp>
			</report>
			<report>
				<misses>53900000</misses>
				<total>2</total>
				<timestamp>1886.660582</timestamp>
			</report>
			<report>
				<misses>54000000</misses>
				<total>2</total>
				<timestamp>1890.160661</timestamp>
			</report>
			<report>
				<misses>54100000</misses>
				<total>2</total>
				<timestamp>1893.660743</timestamp>
			</report>
			<report>
				<misses>54200000</misses>
				<total>2</total>
				<timestamp>1897.160790</timestamp>
			</report>
			<report>
				<misses>54300000</misses>
				<total>2</total>
				<timestamp>1900.660826</timestamp>
			</report>
			<report>
				<misses>54400000</misses>
				<total>2</total>
				<timestamp>1904.161072</timestamp>
			</report>
			<report>
				<misses>54500000</misses>
				<total>2</total>
				<timestamp>1907.662047</timestamp>
			</report>
			<report>
				<misses>54600000</misses>
				<total>2</total>
				<timestamp>1911.162247</timestamp>
			</report>
			<report>
				<misses>54700000</misses>
				<total>2</total>
				<timestamp>1914.662259</timestamp>
			</report>
			<report>
				<misses>54800000</misses>
				<total>2</total>
				<timestamp>1918.162343</timestamp>
			</report>
			<report>
				<misses>54900000</misses>
				<total>2</total>
				<timestamp>1921.662644</timestamp>
			</report>
			<report>
				<misses>55000000</misses>
				<total>2</total>
				<timestamp>1925.162650</timestamp>
			</report>
			<report>
				<misses>55100000</misses>
				<total>2</total>
				<timestamp>1928.663525</timestamp>
			</report>
			<report>
				<misses>55200000</misses>
				<total>2</total>
				<timestamp>1932.163737</timestamp>
			</report>
			<report>
				<misses>55300000</misses>
				<total>2</total>
				<timestamp>1935.663776</timestamp>
			</report>
			<report>
				<misses>55400000</misses>
				<total>2</total>
				<timestamp>1939.163766</timestamp>
			</report>
			<report>
				<misses>55500000</misses>
				<total>2</total>
				<timestamp>1942.663879</timestamp>
			</report>
			<report>
				<misses>55600000</misses>
				<total>2</total>
				<timestamp>1946.164606</timestamp>
			</report>
			<report>
				<misses>55700000</misses>
				<total>2</total>
				<timestamp>1949.666150</timestamp>
			</report>
			<report>
				<misses>55800000</misses>
				<total>2</total>
				<timestamp>1953.166184</timestamp>
			</report>
			<report>
				<misses>55900000</misses>
				<total>2</total>
				<timestamp>1956.666707</timestamp>
			</report>
			<report>
				<misses>56000000</misses>
				<total>2</total>
				<timestamp>1960.166715</timestamp>
			</report>
			<report>
				<misses>56100000</misses>
				<total>2</total>
				<timestamp>1963.666929</timestamp>
			</report>
			<report>
				<misses>56200000</misses>
				<total>2</total>
				<timestamp>1967.167130</timestamp>
			</report>
			<report>
				<misses>56300000</misses>
				<total>2</total>
				<timestamp>1970.667323</timestamp>
			</report>
			<report>
				<misses>56400000</misses>
				<total>2</total>
				<timestamp>1974.167318</timestamp>
			</report>
			<report>
				<misses>56500000</misses>
				<total>2</total>
				<timestamp>1977.667308</timestamp>
			</report>
			<report>
				<misses>56600000</misses>
				<total>2</total>
				<timestamp>1981.167309</timestamp>
			</report>
			<report>
				<misses>56700000</misses>
				<total>2</total>
				<timestamp>1984.667395</timestamp>
			</report>
			<report>
				<misses>56800000</misses>
				<total>2</total>
				<timestamp>1988.168012</timestamp>
			</report>
			<report>
				<misses>56900000</misses>
				<total>2</total>
				<timestamp>1991.668018</timestamp>
			</report>
			<report>
				<misses>57000000</misses>
				<total>2</total>
				<timestamp>1995.168005</timestamp>
			</report>
			<report>
				<misses>57100000</misses>
				<total>2</total>
				<timestamp>1998.668009</timestamp>
			</report>
			<report>
				<misses>57200000</misses>
				<total>2</total>
				<timestamp>2002.168008</timestamp>
			</report>
			<report>
				<misses>57300000</misses>
				<total>2</total>
				<timestamp>2005.669260</timestamp>
			</report>
			<report>
				<misses>57400000</misses>
				<total>2</total>
				<timestamp>2009.170114</timestamp>
			</report>
			<report>
				<misses>57500000</misses>
				<total>2</total>
				<timestamp>2012.670251</timestamp>
			</report>
			<report>
				<misses>57600000</misses>
				<total>2</total>
				<timestamp>2016.170253</timestamp>
			</report>
			<report>
				<misses>57700000</misses>
				<total>2</total>
				<timestamp>2019.670499</timestamp>
			</report>
			<report>
				<misses>57800000</misses>
				<total>2</total>
				<timestamp>2023.170494</timestamp>
			</report>
			<report>
				<misses>57900000</misses>
				<total>2</total>
				<timestamp>2026.670495</timestamp>
			</report>
			<report>
				<misses>58000000</misses>
				<total>2</total>
				<timestamp>2030.170492</timestamp>
			</report>
			<report>
				<misses>58100000</misses>
				<total>2</total>
				<timestamp>2033.670520</timestamp>
			</report>
			<report>
				<misses>58200000</misses>
				<total>2</total>
				<timestamp>2037.170523</timestamp>
			</report>
			<report>
				<misses>58300000</misses>
				<total>2</total>
				<timestamp>2040.670524</timestamp>
			</report>
			<report>
				<misses>58400000</misses>
				<total>2</total>
				<timestamp>2044.170522</timestamp>
			</report>
			<report>
				<misses>58500000</misses>
				<total>2</total>
				<timestamp>2047.670979</timestamp>
			</report>
			<report>
				<misses>58600000</misses>
				<total>2</total>
				<timestamp>2051.172052</timestamp>
			</report>
			<report>
				<misses>58700000</misses>
				<total>2</total>
				<timestamp>2054.672781</timestamp>
			</report>
			<report>
				<misses>58800000</misses>
				<total>2</total>
				<timestamp>2058.172763</timestamp>
			</report>
			<report>
				<misses>58900000</misses>
				<total>2</total>
				<timestamp>2061.672768</timestamp>
			</report>
			<report>
				<misses>59000000</misses>
				<total>2</total>
				<timestamp>2065.172782</timestamp>
			</report>
			<report>
				<misses>59100000</misses>
				<total>2</total>
				<timestamp>2068.672787</timestamp>
			</report>
			<report>
				<misses>59200000</misses>
				<total>2</total>
				<timestamp>2072.172830</timestamp>
			</report>
			<report>
				<misses>59300000</misses>
				<total>2</total>
				<timestamp>2075.672851</timestamp>
			</report>
			<report>
				<misses>59400000</misses>
				<total>2</total>
				<timestamp>2079.173021</timestamp>
			</report>
			<report>
				<misses>59500000</misses>
				<total>2</total>
				<timestamp>2082.673327</timestamp>
			</report>
			<report>
				<misses>59600000</misses>
				<total>2</total>
				<timestamp>2086.173503</timestamp>
			</report>
			<report>
				<misses>59700000</misses>
				<total>2</total>
				<timestamp>2089.673574</timestamp>
			</report>
			<report>
				<misses>59800000</misses>
				<total>2</total>
				<timestamp>2093.174205</timestamp>
			</report>
			<report>
				<misses>59900000</misses>
				<total>2</total>
				<timestamp>2096.675640</timestamp>
			</report>
			<report>
				<misses>60000000</misses>
				<total>2</total>
				<timestamp>2100.176195</timestamp>
			</report>
			<report>
				<misses>60100000</misses>
				<total>2</total>
				<timestamp>2103.676275</timestamp>
			</report>
			<report>
				<misses>60200000</misses>
				<total>2</total>
				<timestamp>2107.176268</timestamp>
			</report>
			<report>
				<misses>60300000</misses>
				<total>2</total>
				<timestamp>2110.676347</timestamp>
			</report>
			<report>
				<misses>60400000</misses>
				<total>2</total>
				<timestamp>2114.176488</timestamp>
			</report>
			<report>
				<misses>60500000</misses>
				<total>2</total>
				<timestamp>2117.677016</timestamp>
			</report>
			<report>
				<misses>60600000</misses>
				<total>2</total>
				<timestamp>2121.177048</timestamp>
			</report>
			<report>
				<misses>60700000</misses>
				<total>2</total>
				<timestamp>2124.677052</timestamp>
			</report>
			<report>
				<misses>60800000</misses>
				<total>2</total>
				<timestamp>2128.177116</timestamp>
			</report>
			<report>
				<misses>60900000</misses>
				<total>2</total>
				<timestamp>2131.677702</timestamp>
			</report>
			<report>
				<misses>61000000</misses>
				<total>2</total>
				<timestamp>2135.177801</timestamp>
			</report>
			<report>
				<misses>61100000</misses>
				<total>2</total>
				<timestamp>2138.678016</timestamp>
			</report>
			<report>
				<misses>61200000</misses>
				<total>2</total>
				<timestamp>2142.178585</timestamp>
			</report>
			<report>
				<misses>61300000</misses>
				<total>2</total>
				<timestamp>2145.678596</timestamp>
			</report>
			<report>
				<misses>61400000</misses>
				<total>2</total>
				<timestamp>2149.178588</timestamp>
			</report>
			<report>
				<misses>61500000</misses>
				<total>2</total>
				<timestamp>2152.678597</timestamp>
			</report>
			<report>
				<misses>61600000</misses>
				<total>2</total>
				<timestamp>2156.178578</timestamp>
			</report>
			<report>
				<misses>61700000</misses>
				<total>2</total>
				<timestamp>2159.678572</timestamp>
			</report>
			<report>
				<misses>61800000</misses>
				<total>2</total>
				<timestamp>2163.178726</timestamp>
			</report>
			<report>
				<misses>61900000</misses>
				<total>2</total>
				<timestamp>2166.679421</timestamp>
			</report>
			<report>
				<misses>62000000</misses>
				<total>2</total>
				<timestamp>2170.179421</timestamp>
			</report>
			<report>
				<misses>62100000</misses>
				<total>2</total>
				<timestamp>2173.679522</timestamp>
			</report>
			<report>
				<misses>62200000</misses>
				<total>2</total>
				<timestamp>2177.179522</timestamp>
			</report>
			<report>
				<misses>62300000</misses>
				<total>2</total>
				<timestamp>2180.679559</timestamp>
			</report>
			<report>
				<misses>62400000</misses>
				<total>2</total>
				<timestamp>2184.180269</timestamp>
			</report>
			<report>
				<misses>62500000</misses>
				<total>2</total>
				<timestamp>2187.681496</timestamp>
			</report>
			<report>
				<misses>62600000</misses>
				<total>2</total>
				<timestamp>2191.182506</timestamp>
			</report>
			<report>
				<misses>62700000</misses>
				<total>2</total>
				<timestamp>2194.682545</timestamp>
			</report>
			<report>
				<misses>62800000</misses>
				<total>2</total>
				<timestamp>2198.182670</timestamp>
			</report>
			<report>
				<misses>62900000</misses>
				<total>2</total>
				<timestamp>2201.683767</timestamp>
			</report>
			<report>
				<misses>63000000</misses>
				<total>2</total>
				<timestamp>2205.183962</timestamp>
			</report>
			<report>
				<misses>63100000</misses>
				<total>2</total>
				<timestamp>2208.683959</timestamp>
			</report>
			<report>
				<misses>63200000</misses>
				<total>2</total>
				<timestamp>2212.184006</timestamp>
			</report>
			<report>
				<misses>63300000</misses>
				<total>2</total>
				<timestamp>2215.683993</timestamp>
			</report>
			<report>
				<misses>63400000</misses>
				<total>2</total>
				<timestamp>2219.184013</timestamp>
			</report>
			<report>
				<misses>63500000</misses>
				<total>2</total>
				<timestamp>2222.684671</timestamp>
			</report>
			<report>
				<misses>63600000</misses>
				<total>2</total>
				<timestamp>2226.184792</timestamp>
			</report>
			<report>
				<misses>63700000</misses>
				<total>2</total>
				<timestamp>2229.684816</timestamp>
			</report>
			<report>
				<misses>63800000</misses>
				<total>2</total>
				<timestamp>2233.185024</timestamp>
			</report>
			<report>
				<misses>63900000</misses>
				<total>2</total>
				<timestamp>2236.685302</timestamp>
			</report>
			<report>
				<misses>64000000</misses>
				<total>2</total>
				<timestamp>2240.186141</timestamp>
			</report>
			<report>
				<misses>64100000</misses>
				<total>2</total>
				<timestamp>2243.686275</timestamp>
			</report>
			<report>
				<misses>64200000</misses>
				<total>2</total>
				<timestamp>2247.186355</timestamp>
			</report>
			<report>
				<misses>64300000</misses>
				<total>2</total>
				<timestamp>2250.686442</timestamp>
			</report>
			<report>
				<misses>64400000</misses>
				<total>2</total>
				<timestamp>2254.187503</timestamp>
			</report>
			<report>
				<misses>64500000</misses>
				<total>2</total>
				<timestamp>2257.687792</timestamp>
			</report>
			<report>
				<misses>64600000</misses>
				<total>2</total>
				<timestamp>2261.187781</timestamp>
			</report>
			<report>
				<misses>64700000</misses>
				<total>2</total>
				<timestamp>2264.687782</timestamp>
			</report>
			<report>
				<misses>64800000</misses>
				<total>2</total>
				<timestamp>2268.187923</timestamp>
			</report>
			<report>
				<misses>64900000</misses>
				<total>2</total>
				<timestamp>2271.687914</timestamp>
			</report>
			<report>
				<misses>65000000</misses>
				<total>2</total>
				<timestamp>2275.187955</timestamp>
			</report>
			<report>
				<misses>65100000</misses>
				<total>2</total>
				<timestamp>2278.688196</timestamp>
			</report>
			<report>
				<misses>65200000</misses>
				<total>2</total>
				<timestamp>2282.188349</timestamp>
			</report>
			<report>
				<misses>65300000</misses>
				<total>2</total>
				<timestamp>2285.688412</timestamp>
			</report>
			<report>
				<misses>65400000</misses>
				<total>2</total>
				<timestamp>2289.188410</timestamp>
			</report>
			<report>
				<misses>65500000</misses>
				<total>2</total>
				<timestamp>2292.688864</timestamp>
			</report>
			<report>
				<misses>65600000</misses>
				<total>2</total>
				<timestamp>2296.189073</timestamp>
			</report>
			<report>
				<misses>65700000</misses>
				<total>2</total>
				<timestamp>2299.690273</timestamp>
			</report>
			<report>
				<misses>65800000</misses>
				<total>2</total>
				<timestamp>2303.191043</timestamp>
			</report>
			<report>
				<misses>65900000</misses>
				<total>2</total>
				<timestamp>2306.691352</timestamp>
			</report>
			<report>
				<misses>66000000</misses>
				<total>2</total>
				<timestamp>2310.191391</timestamp>
			</report>
			<report>
				<misses>66100000</misses>
				<total>2</total>
				<timestamp>2313.691879</timestamp>
			</report>
			<report>
				<misses>66200000</misses>
				<total>2</total>
				<timestamp>2317.192503</timestamp>
			</report>
			<report>
				<misses>66300000</misses>
				<total>2</total>
				<timestamp>2320.692822</timestamp>
			</report>
			<report>
				<misses>66400000</misses>
				<total>2</total>
				<timestamp>2324.192891</timestamp>
			</report>
			<report>
				<misses>66500000</misses>
				<total>2</total>
				<timestamp>2327.692887</timestamp>
			</report>
			<report>
				<misses>66600000</misses>
				<total>2</total>
				<timestamp>2331.192888</timestamp>
			</report>
			<report>
				<misses>66700000</misses>
				<total>2</total>
				<timestamp>2334.692897</timestamp>
			</report>
			<report>
				<misses>66800000</misses>
				<total>2</total>
				<timestamp>2338.192884</timestamp>
			</report>
			<report>
				<misses>66900000</misses>
				<total>2</total>
				<timestamp>2341.692899</timestamp>
			</report>
			<report>
				<misses>67000000</misses>
				<total>2</total>
				<timestamp>2345.192899</timestamp>
			</report>
			<report>
				<misses>67100000</misses>
				<total>2</total>
				<timestamp>2348.693414</timestamp>
			</report>
			<report>
				<misses>67200000</misses>
				<total>2</total>
				<timestamp>2352.193629</timestamp>
			</report>
			<report>
				<misses>67300000</misses>
				<total>2</total>
				<timestamp>2355.695169</timestamp>
			</report>
			<report>
				<misses>67400000</misses>
				<total>2</total>
				<timestamp>2359.196722</timestamp>
			</report>
			<report>
				<misses>67500000</misses>
				<total>2</total>
				<timestamp>2362.696749</timestamp>
			</report>
			<report>
				<misses>67600000</misses>
				<total>2</total>
				<timestamp>2366.196784</timestamp>
			</report>
			<report>
				<misses>67700000</misses>
				<total>2</total>
				<timestamp>2369.696792</timestamp>
			</report>
			<report>
				<misses>67800000</misses>
				<total>2</total>
				<timestamp>2373.197930</timestamp>
			</report>
			<report>
				<misses>67900000</misses>
				<total>2</total>
				<timestamp>2376.698244</timestamp>
			</report>
			<report>
				<misses>68000000</misses>
				<total>2</total>
				<timestamp>2380.198360</timestamp>
			</report>
			<report>
				<misses>68100000</misses>
				<total>2</total>
				<timestamp>2383.698353</timestamp>
			</report>
			<report>
				<misses>68200000</misses>
				<total>2</total>
				<timestamp>2387.198570</timestamp>
			</report>
			<report>
				<misses>68300000</misses>
				<total>2</total>
				<timestamp>2390.699210</timestamp>
			</report>
			<report>
				<misses>68400000</misses>
				<total>2</total>
				<timestamp>2394.199335</timestamp>
			</report>
			<report>
				<misses>68500000</misses>
				<total>2</total>
				<timestamp>2397.699431</timestamp>
			</report>
			<report>
				<misses>68600000</misses>
				<total>2</total>
				<timestamp>2401.199480</timestamp>
			</report>
			<report>
				<misses>68700000</misses>
				<total>2</total>
				<timestamp>2404.699563</timestamp>
			</report>
			<report>
				<misses>68800000</misses>
				<total>2</total>
				<timestamp>2408.200480</timestamp>
			</report>
			<report>
				<misses>68900000</misses>
				<total>2</total>
				<timestamp>2411.700544</timestamp>
			</report>
			<report>
				<misses>69000000</misses>
				<total>2</total>
				<timestamp>2415.200764</timestamp>
			</report>
			<report>
				<misses>69100000</misses>
				<total>2</total>
				<timestamp>2418.701483</timestamp>
			</report>
			<report>
				<misses>69200000</misses>
				<total>2</total>
				<timestamp>2422.201822</timestamp>
			</report>
			<report>
				<misses>69300000</misses>
				<total>2</total>
				<timestamp>2425.701964</timestamp>
			</report>
			<report>
				<misses>69400000</misses>
				<total>2</total>
				<timestamp>2429.202760</timestamp>
			</report>
			<report>
				<misses>69500000</misses>
				<total>2</total>
				<timestamp>2432.703106</timestamp>
			</report>
			<report>
				<misses>69600000</misses>
				<total>2</total>
				<timestamp>2436.203103</timestamp>
			</report>
			<report>
				<misses>69700000</misses>
				<total>2</total>
				<timestamp>2439.703142</timestamp>
			</report>
			<report>
				<misses>69800000</misses>
				<total>2</total>
				<timestamp>2443.203245</timestamp>
			</report>
			<report>
				<misses>69900000</misses>
				<total>2</total>
				<timestamp>2446.703253</timestamp>
			</report>
			<report>
				<misses>70000000</misses>
				<total>2</total>
				<timestamp>2450.203330</timestamp>
			</report>
			<report>
				<misses>70100000</misses>
				<total>2</total>
				<timestamp>2453.703325</timestamp>
			</report>
			<report>
				<misses>70200000</misses>
				<total>2</total>
				<timestamp>2457.203319</timestamp>
			</report>
			<report>
				<misses>70300000</misses>
				<total>2</total>
				<timestamp>2460.703414</timestamp>
			</report>
			<report>
				<misses>70400000</misses>
				<total>2</total>
				<timestamp>2464.203417</timestamp>
			</report>
			<report>
				<misses>70500000</misses>
				<total>2</total>
				<timestamp>2467.703432</timestamp>
			</report>
			<report>
				<misses>70600000</misses>
				<total>2</total>
				<timestamp>2471.203434</timestamp>
			</report>
			<report>
				<misses>70700000</misses>
				<total>2</total>
				<timestamp>2474.703503</timestamp>
			</report>
			<report>
				<misses>70800000</misses>
				<total>2</total>
				<timestamp>2478.203599</timestamp>
			</report>
			<report>
				<misses>70900000</misses>
				<total>2</total>
				<timestamp>2481.705796</timestamp>
			</report>
			<report>
				<misses>71000000</misses>
				<total>2</total>
				<timestamp>2485.206684</timestamp>
			</report>
			<report>
				<misses>71100000</misses>
				<total>2</total>
				<timestamp>2488.707117</timestamp>
			</report>
			<report>
				<misses>71200000</misses>
				<total>2</total>
				<timestamp>2492.207166</timestamp>
			</report>
			<report>
				<misses>71300000</misses>
				<total>2</total>
				<timestamp>2495.707174</timestamp>
			</report>
			<report>
				<misses>71400000</misses>
				<total>2</total>
				<timestamp>2499.207173</timestamp>
			</report>
			<report>
				<misses>71500000</misses>
				<total>2</total>
				<timestamp>2502.707326</timestamp>
			</report>
			<report>
				<misses>71600000</misses>
				<total>2</total>
				<timestamp>2506.207304</timestamp>
			</report>
			<report>
				<misses>71700000</misses>
				<total>2</total>
				<timestamp>2509.707385</timestamp>
			</report>
			<report>
				<misses>71800000</misses>
				<total>2</total>
				<timestamp>2513.207399</timestamp>
			</report>
			<report>
				<misses>71900000</misses>
				<total>2</total>
				<timestamp>2516.707842</timestamp>
			</report>
			<report>
				<misses>72000000</misses>
				<total>2</total>
				<timestamp>2520.208163</timestamp>
			</report>
			<report>
				<misses>72100000</misses>
				<total>2</total>
				<timestamp>2523.708600</timestamp>
			</report>
			<report>
				<misses>72200000</misses>
				<total>2</total>
				<timestamp>2527.208616</timestamp>
			</report>
			<report>
				<misses>72300000</misses>
				<total>2</total>
				<timestamp>2530.708655</timestamp>
			</report>
			<report>
				<misses>72400000</misses>
				<total>2</total>
				<timestamp>2534.208999</timestamp>
			</report>
			<report>
				<misses>72500000</misses>
				<total>2</total>
				<timestamp>2537.709374</timestamp>
			</report>
			<report>
				<misses>72600000</misses>
				<total>2</total>
				<timestamp>2541.210300</timestamp>
			</report>
			<report>
				<misses>72700000</misses>
				<total>2</total>
				<timestamp>2544.710326</timestamp>
			</report>
			<report>
				<misses>72800000</misses>
				<total>2</total>
				<timestamp>2548.210562</timestamp>
			</report>
			<report>
				<misses>72900000</misses>
				<total>2</total>
				<timestamp>2551.711465</timestamp>
			</report>
			<report>
				<misses>73000000</misses>
				<total>2</total>
				<timestamp>2555.211883</timestamp>
			</report>
			<report>
				<misses>73100000</misses>
				<total>2</total>
				<timestamp>2558.712273</timestamp>
			</report>
			<report>
				<misses>73200000</misses>
				<total>2</total>
				<timestamp>2562.212355</timestamp>
			</report>
			<report>
				<misses>73300000</misses>
				<total>2</total>
				<timestamp>2565.712424</timestamp>
			</report>
			<report>
				<misses>73400000</misses>
				<total>2</total>
				<timestamp>2569.212737</timestamp>
			</report>
			<report>
				<misses>73500000</misses>
				<total>2</total>
				<timestamp>2572.713240</timestamp>
			</report>
			<report>
				<misses>73600000</misses>
				<total>2</total>
				<timestamp>2576.213756</timestamp>
			</report>
			<report>
				<misses>73700000</misses>
				<total>2</total>
				<timestamp>2579.713949</timestamp>
			</report>
			<report>
				<misses>73800000</misses>
				<total>2</total>
				<timestamp>2583.213958</timestamp>
			</report>
			<report>
				<misses>73900000</misses>
				<total>2</total>
				<timestamp>2586.714247</timestamp>
			</report>
			<report>
				<misses>74000000</misses>
				<total>2</total>
				<timestamp>2590.214940</timestamp>
			</report>
			<report>
				<misses>74100000</misses>
				<total>2</total>
				<timestamp>2593.715504</timestamp>
			</report>
			<report>
				<misses>74200000</misses>
				<total>2</total>
				<timestamp>2597.215708</timestamp>
			</report>
			<report>
				<misses>74300000</misses>
				<total>2</total>
				<timestamp>2600.715722</timestamp>
			</report>
			<report>
				<misses>74400000</misses>
				<total>2</total>
				<timestamp>2604.215730</timestamp>
			</report>
			<report>
				<misses>74500000</misses>
				<total>2</total>
				<timestamp>2607.715721</timestamp>
			</report>
			<report>
				<misses>74600000</misses>
				<total>2</total>
				<timestamp>2611.215740</timestamp>
			</report>
			<report>
				<misses>74700000</misses>
				<total>2</total>
				<timestamp>2614.715825</timestamp>
			</report>
			<report>
				<misses>74800000</misses>
				<total>2</total>
				<timestamp>2618.215861</timestamp>
			</report>
			<report>
				<misses>74900000</misses>
				<total>2</total>
				<timestamp>2621.715903</timestamp>
			</report>
			<report>
				<misses>75000000</misses>
				<total>2</total>
				<timestamp>2625.215929</timestamp>
			</report>
			<report>
				<misses>75100000</misses>
				<total>2</total>
				<timestamp>2628.716011</timestamp>
			</report>
			<report>
				<misses>75200000</misses>
				<total>2</total>
				<timestamp>2632.216003</timestamp>
			</report>
			<report>
				<misses>75300000</misses>
				<total>2</total>
				<timestamp>2635.715991</timestamp>
			</report>
			<report>
				<misses>75400000</misses>
				<total>2</total>
				<timestamp>2639.215987</timestamp>
			</report>
			<report>
				<misses>75500000</misses>
				<total>2</total>
				<timestamp>2642.715989</timestamp>
			</report>
			<report>
				<misses>75600000</misses>
				<total>2</total>
				<timestamp>2646.215999</timestamp>
			</report>
			<report>
				<misses>75700000</misses>
				<total>2</total>
				<timestamp>2649.716206</timestamp>
			</report>
			<report>
				<misses>75800000</misses>
				<total>2</total>
				<timestamp>2653.216204</timestamp>
			</report>
			<report>
				<misses>75900000</misses>
				<total>2</total>
				<timestamp>2656.716199</timestamp>
			</report>
			<report>
				<misses>76000000</misses>
				<total>2</total>
				<timestamp>2660.216220</timestamp>
			</report>
			<report>
				<misses>76100000</misses>
				<total>2</total>
				<timestamp>2663.716589</timestamp>
			</report>
			<report>
				<misses>76200000</misses>
				<total>2</total>
				<timestamp>2667.216647</timestamp>
			</report>
			<report>
				<misses>76300000</misses>
				<total>2</total>
				<timestamp>2670.716657</timestamp>
			</report>
			<report>
				<misses>76400000</misses>
				<total>2</total>
				<timestamp>2674.216717</timestamp>
			</report>
			<report>
				<misses>76500000</misses>
				<total>2</total>
				<timestamp>2677.716888</timestamp>
			</report>
			<report>
				<misses>76600000</misses>
				<total>2</total>
				<timestamp>2681.217630</timestamp>
			</report>
			<report>
				<misses>76700000</misses>
				<total>2</total>
				<timestamp>2684.717663</timestamp>
			</report>
			<report>
				<misses>76800000</misses>
				<total>2</total>
				<timestamp>2688.217676</timestamp>
			</report>
			<report>
				<misses>76900000</misses>
				<total>2</total>
				<timestamp>2691.718402</timestamp>
			</report>
			<report>
				<misses>77000000</misses>
				<total>2</total>
				<timestamp>2695.218482</timestamp>
			</report>
			<report>
				<misses>77100000</misses>
				<total>2</total>
				<timestamp>2698.718542</timestamp>
			</report>
			<report>
				<misses>77200000</misses>
				<total>2</total>
				<timestamp>2702.218604</timestamp>
			</report>
			<report>
				<misses>77300000</misses>
				<total>2</total>
				<timestamp>2705.719250</timestamp>
			</report>
			<report>
				<misses>77400000</misses>
				<total>2</total>
				<timestamp>2709.219258</timestamp>
			</report>
			<report>
				<misses>77500000</misses>
				<total>2</total>
				<timestamp>2712.719244</timestamp>
			</report>
			<report>
				<misses>77600000</misses>
				<total>2</total>
				<timestamp>2716.219246</timestamp>
			</report>
			<report>
				<misses>77700000</misses>
				<total>2</total>
				<timestamp>2719.719243</timestamp>
			</report>
			<report>
				<misses>77800000</misses>
				<total>2</total>
				<timestamp>2723.219711</timestamp>
			</report>
			<report>
				<misses>77900000</misses>
				<total>2</total>
				<timestamp>2726.720086</timestamp>
			</report>
			<report>
				<misses>78000000</misses>
				<total>2</total>
				<timestamp>2730.220167</timestamp>
			</report>
			<report>
				<misses>78100000</misses>
				<total>2</total>
				<timestamp>2733.720725</timestamp>
			</report>
			<report>
				<misses>78200000</misses>
				<total>2</total>
				<timestamp>2737.221053</timestamp>
			</report>
			<report>
				<misses>78300000</misses>
				<total>2</total>
				<timestamp>2740.722016</timestamp>
			</report>
			<report>
				<misses>78400000</misses>
				<total>2</total>
				<timestamp>2744.222653</timestamp>
			</report>
			<report>
				<misses>78500000</misses>
				<total>2</total>
				<timestamp>2747.722727</timestamp>
			</report>
			<report>
				<misses>78600000</misses>
				<total>2</total>
				<timestamp>2751.222783</timestamp>
			</report>
			<report>
				<misses>78700000</misses>
				<total>2</total>
				<timestamp>2754.723076</timestamp>
			</report>
			<report>
				<misses>78800000</misses>
				<total>2</total>
				<timestamp>2758.223431</timestamp>
			</report>
			<report>
				<misses>78900000</misses>
				<total>2</total>
				<timestamp>2761.723485</timestamp>
			</report>
			<report>
				<misses>79000000</misses>
				<total>2</total>
				<timestamp>2765.223590</timestamp>
			</report>
			<report>
				<misses>79100000</misses>
				<total>2</total>
				<timestamp>2768.723748</timestamp>
			</report>
			<report>
				<misses>79200000</misses>
				<total>2</total>
				<timestamp>2772.223826</timestamp>
			</report>
			<report>
				<misses>79300000</misses>
				<total>2</total>
				<timestamp>2775.723954</timestamp>
			</report>
			<report>
				<misses>79400000</misses>
				<total>2</total>
				<timestamp>2779.224984</timestamp>
			</report>
			<report>
				<misses>79500000</misses>
				<total>2</total>
				<timestamp>2782.725803</timestamp>
			</report>
			<report>
				<misses>79600000</misses>
				<total>2</total>
				<timestamp>2786.226635</timestamp>
			</report>
			<report>
				<misses>79700000</misses>
				<total>2</total>
				<timestamp>2789.727828</timestamp>
			</report>
			<report>
				<misses>79800000</misses>
				<total>2</total>
				<timestamp>2793.228239</timestamp>
			</report>
			<report>
				<misses>79900000</misses>
				<total>2</total>
				<timestamp>2796.728799</timestamp>
			</report>
			<report>
				<misses>80000000</misses>
				<total>2</total>
				<timestamp>2800.229222</timestamp>
			</report>
			<report>
				<misses>80100000</misses>
				<total>2</total>
				<timestamp>2803.729775</timestamp>
			</report>
			<report>
				<misses>80200000</misses>
				<total>2</total>
				<timestamp>2807.229847</timestamp>
			</report>
			<report>
				<misses>80300000</misses>
				<total>2</total>
				<timestamp>2810.729934</timestamp>
			</report>
			<report>
				<misses>80400000</misses>
				<total>2</total>
				<timestamp>2814.230497</timestamp>
			</report>
			<report>
				<misses>80500000</misses>
				<total>2</total>
				<timestamp>2817.731418</timestamp>
			</report>
			<report>
				<misses>80600000</misses>
				<total>2</total>
				<timestamp>2821.231601</timestamp>
			</report>
			<report>
				<misses>80700000</misses>
				<total>2</total>
				<timestamp>2824.731608</timestamp>
			</report>
			<report>
				<misses>80800000</misses>
				<total>2</total>
				<timestamp>2828.231604</timestamp>
			</report>
			<report>
				<misses>80900000</misses>
				<total>2</total>
				<timestamp>2831.731599</timestamp>
			</report>
			<report>
				<misses>81000000</misses>
				<total>2</total>
				<timestamp>2835.231601</timestamp>
			</report>
			<report>
				<misses>81100000</misses>
				<total>2</total>
				<timestamp>2838.731963</timestamp>
			</report>
			<report>
				<misses>81200000</misses>
				<total>2</total>
				<timestamp>2842.232159</timestamp>
			</report>
			<report>
				<misses>81300000</misses>
				<total>2</total>
				<timestamp>2845.732156</timestamp>
			</report>
			<report>
				<misses>81400000</misses>
				<total>2</total>
				<timestamp>2849.232167</timestamp>
			</report>
			<report>
				<misses>81500000</misses>
				<total>2</total>
				<timestamp>2852.732835</timestamp>
			</report>
			<report>
				<misses>81600000</misses>
				<total>2</total>
				<timestamp>2856.233343</timestamp>
			</report>
			<report>
				<misses>81700000</misses>
				<total>2</total>
				<timestamp>2859.733430</timestamp>
			</report>
			<report>
				<misses>81800000</misses>
				<total>2</total>
				<timestamp>2863.233444</timestamp>
			</report>
			<report>
				<misses>81900000</misses>
				<total>2</total>
				<timestamp>2866.733420</timestamp>
			</report>
			<report>
				<misses>82000000</misses>
				<total>2</total>
				<timestamp>2870.233423</timestamp>
			</report>
			<report>
				<misses>82100000</misses>
				<total>2</total>
				<timestamp>2873.733563</timestamp>
			</report>
			<report>
				<misses>82200000</misses>
				<total>2</total>
				<timestamp>2877.233560</timestamp>
			</report>
			<report>
				<misses>82300000</misses>
				<total>2</total>
				<timestamp>2880.733616</timestamp>
			</report>
			<report>
				<misses>82400000</misses>
				<total>2</total>
				<timestamp>2884.235098</timestamp>
			</report>
			<report>
				<misses>82500000</misses>
				<total>2</total>
				<timestamp>2887.736084</timestamp>
			</report>
			<report>
				<misses>82600000</misses>
				<total>2</total>
				<timestamp>2891.236350</timestamp>
			</report>
			<report>
				<misses>82700000</misses>
				<total>2</total>
				<timestamp>2894.737359</timestamp>
			</report>
			<report>
				<misses>82800000</misses>
				<total>2</total>
				<timestamp>2898.238287</timestamp>
			</report>
			<report>
				<misses>82900000</misses>
				<total>2</total>
				<timestamp>2901.738336</timestamp>
			</report>
			<report>
				<misses>83000000</misses>
				<total>2</total>
				<timestamp>2905.238318</timestamp>
			</report>
			<report>
				<misses>83100000</misses>
				<total>2</total>
				<timestamp>2908.738365</timestamp>
			</report>
			<report>
				<misses>83200000</misses>
				<total>2</total>
				<timestamp>2912.238438</timestamp>
			</report>
			<report>
				<misses>83300000</misses>
				<total>2</total>
				<timestamp>2915.738499</timestamp>
			</report>
			<report>
				<misses>83400000</misses>
				<total>2</total>
				<timestamp>2919.238549</timestamp>
			</report>
			<report>
				<misses>83500000</misses>
				<total>2</total>
				<timestamp>2922.738623</timestamp>
			</report>
			<report>
				<misses>83600000</misses>
				<total>2</total>
				<timestamp>2926.238608</timestamp>
			</report>
			<report>
				<misses>83700000</misses>
				<total>2</total>
				<timestamp>2929.738826</timestamp>
			</report>
			<report>
				<misses>83800000</misses>
				<total>2</total>
				<timestamp>2933.239075</timestamp>
			</report>
			<report>
				<misses>83900000</misses>
				<total>2</total>
				<timestamp>2936.739981</timestamp>
			</report>
			<report>
				<misses>84000000</misses>
				<total>2</total>
				<timestamp>2940.240323</timestamp>
			</report>
			<report>
				<misses>84100000</misses>
				<total>2</total>
				<timestamp>2943.740329</timestamp>
			</report>
			<report>
				<misses>84200000</misses>
				<total>2</total>
				<timestamp>2947.240325</timestamp>
			</report>
			<report>
				<misses>84300000</misses>
				<total>2</total>
				<timestamp>2950.740319</timestamp>
			</report>
			<report>
				<misses>84400000</misses>
				<total>2</total>
				<timestamp>2954.240821</timestamp>
			</report>
			<report>
				<misses>84500000</misses>
				<total>2</total>
				<timestamp>2957.741049</timestamp>
			</report>
			<report>
				<misses>84600000</misses>
				<total>2</total>
				<timestamp>2961.241199</timestamp>
			</report>
			<report>
				<misses>84700000</misses>
				<total>2</total>
				<timestamp>2964.741447</timestamp>
			</report>
			<report>
				<misses>84800000</misses>
				<total>2</total>
				<timestamp>2968.242335</timestamp>
			</report>
			<report>
				<misses>84900000</misses>
				<total>2</total>
				<timestamp>2971.743400</timestamp>
			</report>
			<report>
				<misses>85000000</misses>
				<total>2</total>
				<timestamp>2975.243783</timestamp>
			</report>
			<report>
				<misses>85100000</misses>
				<total>2</total>
				<timestamp>2978.746090</timestamp>
			</report>
			<report>
				<misses>85200000</misses>
				<total>2</total>
				<timestamp>2982.247366</timestamp>
			</report>
			<report>
				<misses>85300000</misses>
				<total>2</total>
				<timestamp>2985.747937</timestamp>
			</report>
			<report>
				<misses>85400000</misses>
				<total>2</total>
				<timestamp>2989.248012</timestamp>
			</report>
			<report>
				<misses>85500000</misses>
				<total>2</total>
				<timestamp>2992.748231</timestamp>
			</report>
			<report>
				<misses>85600000</misses>
				<total>2</total>
				<timestamp>2996.248234</timestamp>
			</report>
			<report>
				<misses>85700000</misses>
				<total>2</total>
				<timestamp>2999.748356</timestamp>
			</report>
			<report>
				<misses>85800000</misses>
				<total>2</total>
				<timestamp>3003.248403</timestamp>
			</report>
			<report>
				<misses>85900000</misses>
				<total>2</total>
				<timestamp>3006.748441</timestamp>
			</report>
			<report>
				<misses>86000000</misses>
				<total>2</total>
				<timestamp>3010.248515</timestamp>
			</report>
			<report>
				<misses>86100000</misses>
				<total>2</total>
				<timestamp>3013.748511</timestamp>
			</report>
			<report>
				<misses>86200000</misses>
				<total>2</total>
				<timestamp>3017.248767</timestamp>
			</report>
			<report>
				<misses>86300000</misses>
				<total>2</total>
				<timestamp>3020.748816</timestamp>
			</report>
			<report>
				<misses>86400000</misses>
				<total>2</total>
				<timestamp>3024.249315</timestamp>
			</report>
			<report>
				<misses>86500000</misses>
				<total>2</total>
				<timestamp>3027.749321</timestamp>
			</report>
			<report>
				<misses>86600000</misses>
				<total>2</total>
				<timestamp>3031.249311</timestamp>
			</report>
			<report>
				<misses>86700000</misses>
				<total>2</total>
				<timestamp>3034.749563</timestamp>
			</report>
			<report>
				<misses>86800000</misses>
				<total>2</total>
				<timestamp>3038.249564</timestamp>
			</report>
			<report>
				<misses>86900000</misses>
				<total>2</total>
				<timestamp>3041.749549</timestamp>
			</report>
			<report>
				<misses>87000000</misses>
				<total>2</total>
				<timestamp>3045.250327</timestamp>
			</report>
			<report>
				<misses>87100000</misses>
				<total>2</total>
				<timestamp>3048.750339</timestamp>
			</report>
			<report>
				<misses>87200000</misses>
				<total>2</total>
				<timestamp>3052.251559</timestamp>
			</report>
			<report>
				<misses>87300000</misses>
				<total>2</total>
				<timestamp>3055.752151</timestamp>
			</report>
			<report>
				<misses>87400000</misses>
				<total>2</total>
				<timestamp>3059.253381</timestamp>
			</report>
			<report>
				<misses>87500000</misses>
				<total>2</total>
				<timestamp>3062.753382</timestamp>
			</report>
			<report>
				<misses>87600000</misses>
				<total>2</total>
				<timestamp>3066.254196</timestamp>
			</report>
			<report>
				<misses>87700000</misses>
				<total>2</total>
				<timestamp>3069.755188</timestamp>
			</report>
			<report>
				<misses>87800000</misses>
				<total>2</total>
				<timestamp>3073.255546</timestamp>
			</report>
			<report>
				<misses>87900000</misses>
				<total>2</total>
				<timestamp>3076.756468</timestamp>
			</report>
			<report>
				<misses>88000000</misses>
				<total>2</total>
				<timestamp>3080.257205</timestamp>
			</report>
			<report>
				<misses>88100000</misses>
				<total>2</total>
				<timestamp>3083.757368</timestamp>
			</report>
			<report>
				<misses>88200000</misses>
				<total>2</total>
				<timestamp>3087.257423</timestamp>
			</report>
			<report>
				<misses>88300000</misses>
				<total>2</total>
				<timestamp>3090.757432</timestamp>
			</report>
			<report>
				<misses>88400000</misses>
				<total>2</total>
				<timestamp>3094.258031</timestamp>
			</report>
			<report>
				<misses>88500000</misses>
				<total>2</total>
				<timestamp>3097.758022</timestamp>
			</report>
			<report>
				<misses>88600000</misses>
				<total>2</total>
				<timestamp>3101.258308</timestamp>
			</report>
			<report>
				<misses>88700000</misses>
				<total>2</total>
				<timestamp>3104.759222</timestamp>
			</report>
			<report>
				<misses>88800000</misses>
				<total>2</total>
				<timestamp>3108.259809</timestamp>
			</report>
			<report>
				<misses>88900000</misses>
				<total>2</total>
				<timestamp>3111.760293</timestamp>
			</report>
			<report>
				<misses>89000000</misses>
				<total>2</total>
				<timestamp>3115.260299</timestamp>
			</report>
			<report>
				<misses>89100000</misses>
				<total>2</total>
				<timestamp>3118.760297</timestamp>
			</report>
			<report>
				<misses>89200000</misses>
				<total>2</total>
				<timestamp>3122.260305</timestamp>
			</report>
			<report>
				<misses>89300000</misses>
				<total>2</total>
				<timestamp>3125.761917</timestamp>
			</report>
			<report>
				<misses>89400000</misses>
				<total>2</total>
				<timestamp>3129.262272</timestamp>
			</report>
			<report>
				<misses>89500000</misses>
				<total>2</total>
				<timestamp>3132.762573</timestamp>
			</report>
			<report>
				<misses>89600000</misses>
				<total>2</total>
				<timestamp>3136.263011</timestamp>
			</report>
			<report>
				<misses>89700000</misses>
				<total>2</total>
				<timestamp>3139.763582</timestamp>
			</report>
			<report>
				<misses>89800000</misses>
				<total>2</total>
				<timestamp>3143.264137</timestamp>
			</report>
			<report>
				<misses>89900000</misses>
				<total>2</total>
				<timestamp>3146.764407</timestamp>
			</report>
			<report>
				<misses>90000000</misses>
				<total>2</total>
				<timestamp>3150.265342</timestamp>
			</report>
			<report>
				<misses>90100000</misses>
				<total>2</total>
				<timestamp>3153.766258</timestamp>
			</report>
			<report>
				<misses>90200000</misses>
				<total>2</total>
				<timestamp>3157.266611</timestamp>
			</report>
			<report>
				<misses>90300000</misses>
				<total>2</total>
				<timestamp>3160.767551</timestamp>
			</report>
			<report>
				<misses>90400000</misses>
				<total>2</total>
				<timestamp>3164.267879</timestamp>
			</report>
			<report>
				<misses>90500000</misses>
				<total>2</total>
				<timestamp>3167.767869</timestamp>
			</report>
			<report>
				<misses>90600000</misses>
				<total>2</total>
				<timestamp>3171.267897</timestamp>
			</report>
			<report>
				<misses>90700000</misses>
				<total>2</total>
				<timestamp>3174.768398</timestamp>
			</report>
			<report>
				<misses>90800000</misses>
				<total>2</total>
				<timestamp>3178.269223</timestamp>
			</report>
			<report>
				<misses>90900000</misses>
				<total>2</total>
				<timestamp>3181.769722</timestamp>
			</report>
			<report>
				<misses>91000000</misses>
				<total>2</total>
				<timestamp>3185.270416</timestamp>
			</report>
			<report>
				<misses>91100000</misses>
				<total>2</total>
				<timestamp>3188.770659</timestamp>
			</report>
			<report>
				<misses>91200000</misses>
				<total>2</total>
				<timestamp>3192.270659</timestamp>
			</report>
			<report>
				<misses>91300000</misses>
				<total>2</total>
				<timestamp>3195.770677</timestamp>
			</report>
			<report>
				<misses>91400000</misses>
				<total>2</total>
				<timestamp>3199.270837</timestamp>
			</report>
			<report>
				<misses>91500000</misses>
				<total>2</total>
				<timestamp>3202.771788</timestamp>
			</report>
			<report>
				<misses>91600000</misses>
				<total>2</total>
				<timestamp>3206.271773</timestamp>
			</report>
			<report>
				<misses>91700000</misses>
				<total>2</total>
				<timestamp>3209.771783</timestamp>
			</report>
			<report>
				<misses>91800000</misses>
				<total>2</total>
				<timestamp>3213.271848</timestamp>
			</report>
			<report>
				<misses>91900000</misses>
				<total>2</total>
				<timestamp>3216.771881</timestamp>
			</report>
			<report>
				<misses>92000000</misses>
				<total>2</total>
				<timestamp>3220.272004</timestamp>
			</report>
			<report>
				<misses>92100000</misses>
				<total>2</total>
				<timestamp>3223.772404</timestamp>
			</report>
			<report>
				<misses>92200000</misses>
				<total>2</total>
				<timestamp>3227.273474</timestamp>
			</report>
			<report>
				<misses>92300000</misses>
				<total>2</total>
				<timestamp>3230.774354</timestamp>
			</report>
			<report>
				<misses>92400000</misses>
				<total>2</total>
				<timestamp>3234.274327</timestamp>
			</report>
			<report>
				<misses>92500000</misses>
				<total>2</total>
				<timestamp>3237.774975</timestamp>
			</report>
			<report>
				<misses>92600000</misses>
				<total>2</total>
				<timestamp>3241.275047</timestamp>
			</report>
			<report>
				<misses>92700000</misses>
				<total>2</total>
				<timestamp>3244.775106</timestamp>
			</report>
			<report>
				<misses>92800000</misses>
				<total>2</total>
				<timestamp>3248.275180</timestamp>
			</report>
			<report>
				<misses>92900000</misses>
				<total>2</total>
				<timestamp>3251.775346</timestamp>
			</report>
			<report>
				<misses>93000000</misses>
				<total>2</total>
				<timestamp>3255.275394</timestamp>
			</report>
			<report>
				<misses>93100000</misses>
				<total>2</total>
				<timestamp>3258.775463</timestamp>
			</report>
			<report>
				<misses>93200000</misses>
				<total>2</total>
				<timestamp>3262.275477</timestamp>
			</report>
			<report>
				<misses>93300000</misses>
				<total>2</total>
				<timestamp>3265.775486</timestamp>
			</report>
			<report>
				<misses>93400000</misses>
				<total>2</total>
				<timestamp>3269.275487</timestamp>
			</report>
			<report>
				<misses>93500000</misses>
				<total>2</total>
				<timestamp>3272.775917</timestamp>
			</report>
			<report>
				<misses>93600000</misses>
				<total>2</total>
				<timestamp>3276.277000</timestamp>
			</report>
			<report>
				<misses>93700000</misses>
				<total>2</total>
				<timestamp>3279.777257</timestamp>
			</report>
			<report>
				<misses>93800000</misses>
				<total>2</total>
				<timestamp>3283.277804</timestamp>
			</report>
			<report>
				<misses>93900000</misses>
				<total>2</total>
				<timestamp>3286.778228</timestamp>
			</report>
			<report>
				<misses>94000000</misses>
				<total>2</total>
				<timestamp>3290.278225</timestamp>
			</report>
			<report>
				<misses>94100000</misses>
				<total>2</total>
				<timestamp>3293.778654</timestamp>
			</report>
			<report>
				<misses>94200000</misses>
				<total>2</total>
				<timestamp>3297.279551</timestamp>
			</report>
			<report>
				<misses>94300000</misses>
				<total>2</total>
				<timestamp>3300.780748</timestamp>
			</report>
			<report>
				<misses>94400000</misses>
				<total>2</total>
				<timestamp>3304.281320</timestamp>
			</report>
			<report>
				<misses>94500000</misses>
				<total>2</total>
				<timestamp>3307.781964</timestamp>
			</report>
			<report>
				<misses>94600000</misses>
				<total>2</total>
				<timestamp>3311.282285</timestamp>
			</report>
			<report>
				<misses>94700000</misses>
				<total>2</total>
				<timestamp>3314.782735</timestamp>
			</report>
			<report>
				<misses>94800000</misses>
				<total>2</total>
				<timestamp>3318.283321</timestamp>
			</report>
			<report>
				<misses>94900000</misses>
				<total>2</total>
				<timestamp>3321.783462</timestamp>
			</report>
			<report>
				<misses>95000000</misses>
				<total>2</total>
				<timestamp>3325.283517</timestamp>
			</report>
			<report>
				<misses>95100000</misses>
				<total>2</total>
				<timestamp>3328.784169</timestamp>
			</report>
			<report>
				<misses>95200000</misses>
				<total>2</total>
				<timestamp>3332.284274</timestamp>
			</report>
			<report>
				<misses>95300000</misses>
				<total>2</total>
				<timestamp>3335.784902</timestamp>
			</report>
			<report>
				<misses>95400000</misses>
				<total>2</total>
				<timestamp>3339.285653</timestamp>
			</report>
			<report>
				<misses>95500000</misses>
				<total>2</total>
				<timestamp>3342.786731</timestamp>
			</report>
			<report>
				<misses>95600000</misses>
				<total>2</total>
				<timestamp>3346.287102</timestamp>
			</report>
			<report>
				<misses>95700000</misses>
				<total>2</total>
				<timestamp>3349.787178</timestamp>
			</report>
			<report>
				<misses>95800000</misses>
				<total>2</total>
				<timestamp>3353.287477</timestamp>
			</report>
			<report>
				<misses>95900000</misses>
				<total>2</total>
				<timestamp>3356.787981</timestamp>
			</report>
			<report>
				<misses>96000000</misses>
				<total>2</total>
				<timestamp>3360.287979</timestamp>
			</report>
			<report>
				<misses>96100000</misses>
				<total>2</total>
				<timestamp>3363.789014</timestamp>
			</report>
			<report>
				<misses>96200000</misses>
				<total>2</total>
				<timestamp>3367.290934</timestamp>
			</report>
			<report>
				<misses>96300000</misses>
				<total>2</total>
				<timestamp>3370.791000</timestamp>
			</report>
			<report>
				<misses>96400000</misses>
				<total>2</total>
				<timestamp>3374.291561</timestamp>
			</report>
			<report>
				<misses>96500000</misses>
				<total>2</total>
				<timestamp>3377.793197</timestamp>
			</report>
			<report>
				<misses>96600000</misses>
				<total>2</total>
				<timestamp>3381.293523</timestamp>
			</report>
			<report>
				<misses>96700000</misses>
				<total>2</total>
				<timestamp>3384.794271</timestamp>
			</report>
			<report>
				<misses>96800000</misses>
				<total>2</total>
				<timestamp>3388.294332</timestamp>
			</report>
			<report>
				<misses>96900000</misses>
				<total>2</total>
				<timestamp>3391.794372</timestamp>
			</report>
			<report>
				<misses>97000000</misses>
				<total>2</total>
				<timestamp>3395.295046</timestamp>
			</report>
			<report>
				<misses>97100000</misses>
				<total>2</total>
				<timestamp>3398.795229</timestamp>
			</report>
			<report>
				<misses>97200000</misses>
				<total>2</total>
				<timestamp>3402.297676</timestamp>
			</report>
			<report>
				<misses>97300000</misses>
				<total>2</total>
				<timestamp>3405.799900</timestamp>
			</report>
			<report>
				<misses>97400000</misses>
				<total>2</total>
				<timestamp>3409.300479</timestamp>
			</report>
			<report>
				<misses>97500000</misses>
				<total>2</total>
				<timestamp>3412.804191</timestamp>
			</report>
			<report>
				<misses>97600000</misses>
				<total>2</total>
				<timestamp>3416.305550</timestamp>
			</report>
			<report>
				<misses>97700000</misses>
				<total>2</total>
				<timestamp>3419.805549</timestamp>
			</report>
			<report>
				<misses>97800000</misses>
				<total>2</total>
				<timestamp>3423.306674</timestamp>
			</report>
			<report>
				<misses>97900000</misses>
				<total>2</total>
				<timestamp>3426.811365</timestamp>
			</report>
			<report>
				<misses>98000000</misses>
				<total>2</total>
				<timestamp>3430.316402</timestamp>
			</report>
			<report>
				<misses>98100000</misses>
				<total>2</total>
				<timestamp>3433.816410</timestamp>
			</report>
			<report>
				<misses>98200000</misses>
				<total>2</total>
				<timestamp>3437.316409</timestamp>
			</report>
			<report>
				<misses>98300000</misses>
				<total>2</total>
				<timestamp>3440.819766</timestamp>
			</report>
			<report>
				<misses>98400000</misses>
				<total>2</total>
				<timestamp>3444.321217</timestamp>
			</report>
			<report>
				<misses>98500000</misses>
				<total>2</total>
				<timestamp>3447.825350</timestamp>
			</report>
			<report>
				<misses>98600000</misses>
				<total>2</total>
				<timestamp>3451.325752</timestamp>
			</report>
			<report>
				<misses>98700000</misses>
				<total>2</total>
				<timestamp>3454.826478</timestamp>
			</report>
			<report>
				<misses>98800000</misses>
				<total>2</total>
				<timestamp>3458.326642</timestamp>
			</report>
			<report>
				<misses>98900000</misses>
				<total>2</total>
				<timestamp>3461.826740</timestamp>
			</report>
			<report>
				<misses>99000000</misses>
				<total>2</total>
				<timestamp>3465.328078</timestamp>
			</report>
			<report>
				<misses>99100000</misses>
				<total>2</total>
				<timestamp>3468.829063</timestamp>
			</report>
			<report>
				<misses>99200000</misses>
				<total>2</total>
				<timestamp>3472.329044</timestamp>
			</report>
			<report>
				<misses>99300000</misses>
				<total>2</total>
				<timestamp>3475.829047</timestamp>
			</report>
			<report>
				<misses>99400000</misses>
				<total>2</total>
				<timestamp>3479.329243</timestamp>
			</report>
			<report>
				<misses>99500000</misses>
				<total>2</total>
				<timestamp>3482.829881</timestamp>
			</report>
			<report>
				<misses>99600000</misses>
				<total>2</total>
				<timestamp>3486.331105</timestamp>
			</report>
			<report>
				<misses>99700000</misses>
				<total>2</total>
				<timestamp>3489.831668</timestamp>
			</report>
			<report>
				<misses>99800000</misses>
				<total>2</total>
				<timestamp>3493.333246</timestamp>
			</report>
			<report>
				<misses>99900000</misses>
				<total>2</total>
				<timestamp>3496.833273</timestamp>
			</report>
			<report>
				<misses>100000000</misses>
				<total>2</total>
				<timestamp>3500.333298</timestamp>
			</report>
			<report>
				<misses>100100000</misses>
				<total>2</total>
				<timestamp>3503.833275</timestamp>
			</report>
			<report>
				<misses>100200000</misses>
				<total>2</total>
				<timestamp>3507.333779</timestamp>
			</report>
			<report>
				<misses>100300000</misses>
				<total>2</total>
				<timestamp>3510.835037</timestamp>
			</report>
			<report>
				<misses>100400000</misses>
				<total>2</total>
				<timestamp>3514.335028</timestamp>
			</report>
			<report>
				<misses>100500000</misses>
				<total>2</total>
				<timestamp>3517.835024</timestamp>
			</report>
			<report>
				<misses>100600000</misses>
				<total>2</total>
				<timestamp>3521.335161</timestamp>
			</report>
			<report>
				<misses>100700000</misses>
				<total>2</total>
				<timestamp>3524.835181</timestamp>
			</report>
			<report>
				<misses>100800000</misses>
				<total>2</total>
				<timestamp>3528.335408</timestamp>
			</report>
			<report>
				<misses>100900000</misses>
				<total>2</total>
				<timestamp>3531.837232</timestamp>
			</report>
			<report>
				<misses>101000000</misses>
				<total>2</total>
				<timestamp>3535.338593</timestamp>
			</report>
			<report>
				<misses>101100000</misses>
				<total>2</total>
				<timestamp>3538.839910</timestamp>
			</report>
			<report>
				<misses>101200000</misses>
				<total>2</total>
				<timestamp>3542.341669</timestamp>
			</report>
			<report>
				<misses>101300000</misses>
				<total>2</total>
				<timestamp>3545.842304</timestamp>
			</report>
			<report>
				<misses>101400000</misses>
				<total>2</total>
				<timestamp>3549.342613</timestamp>
			</report>
			<report>
				<misses>101500000</misses>
				<total>2</total>
				<timestamp>3552.843434</timestamp>
			</report>
			<report>
				<misses>101600000</misses>
				<total>2</total>
				<timestamp>3556.343423</timestamp>
			</report>
			<report>
				<misses>101700000</misses>
				<total>2</total>
				<timestamp>3559.843681</timestamp>
			</report>
			<report>
				<misses>101800000</misses>
				<total>2</total>
				<timestamp>3563.343897</timestamp>
			</report>
			<report>
				<misses>101900000</misses>
				<total>2</total>
				<timestamp>3566.843884</timestamp>
			</report>
			<report>
				<misses>102000000</misses>
				<total>2</total>
				<timestamp>3570.343875</timestamp>
			</report>
			<report>
				<misses>102100000</misses>
				<total>2</total>
				<timestamp>3573.843887</timestamp>
			</report>
			<report>
				<misses>102200000</misses>
				<total>2</total>
				<timestamp>3577.344695</timestamp>
			</report>
			<report>
				<misses>102300000</misses>
				<total>2</total>
				<timestamp>3580.845493</timestamp>
			</report>
			<report>
				<misses>102400000</misses>
				<total>2</total>
				<timestamp>3584.345519</timestamp>
			</report>
			<report>
				<misses>102500000</misses>
				<total>2</total>
				<timestamp>3587.845811</timestamp>
			</report>
			<report>
				<misses>102600000</misses>
				<total>2</total>
				<timestamp>3591.347113</timestamp>
			</report>
			<report>
				<misses>102700000</misses>
				<total>2</total>
				<timestamp>3594.847951</timestamp>
			</report>
			<report>
				<misses>102800000</misses>
				<total>2</total>
				<timestamp>3598.349318</timestamp>
			</report>
			<report>
				<misses>102900000</misses>
				<total>2</total>
				<timestamp>3601.852079</timestamp>
			</report>
			<report>
				<misses>103000000</misses>
				<total>2</total>
				<timestamp>3605.352882</timestamp>
			</report>
			<report>
				<misses>103100000</misses>
				<total>2</total>
				<timestamp>3608.853439</timestamp>
			</report>
			<report>
				<misses>103200000</misses>
				<total>2</total>
				<timestamp>3612.353433</timestamp>
			</report>
			<report>
				<misses>103300000</misses>
				<total>2</total>
				<timestamp>3615.853506</timestamp>
			</report>
			<report>
				<misses>103400000</misses>
				<total>2</total>
				<timestamp>3619.354308</timestamp>
			</report>
			<report>
				<misses>103500000</misses>
				<total>2</total>
				<timestamp>3622.856007</timestamp>
			</report>
			<report>
				<misses>103600000</misses>
				<total>2</total>
				<timestamp>3626.356666</timestamp>
			</report>
			<report>
				<misses>103700000</misses>
				<total>2</total>
				<timestamp>3629.856663</timestamp>
			</report>
			<report>
				<misses>103800000</misses>
				<total>2</total>
				<timestamp>3633.356907</timestamp>
			</report>
			<report>
				<misses>103900000</misses>
				<total>2</total>
				<timestamp>3636.857952</timestamp>
			</report>
			<report>
				<misses>104000000</misses>
				<total>3</total>
				<timestamp>3640.358306</timestamp>
			</report>
			<report>
				<misses>104100000</misses>
				<total>3</total>
				<timestamp>3643.858379</timestamp>
			</report>
			<report>
				<misses>104200000</misses>
				<total>3</total>
				<timestamp>3647.358418</timestamp>
			</report>
			<report>
				<misses>104300000</misses>
				<total>3</total>
				<timestamp>3650.858419</timestamp>
			</report>
			<report>
				<misses>104400000</misses>
				<total>3</total>
				<timestamp>3654.358454</timestamp>
			</report>
			<report>
				<misses>104500000</misses>
				<total>3</total>
				<timestamp>3657.858531</timestamp>
			</report>
			<report>
				<misses>104600000</misses>
				<total>3</total>
				<timestamp>3661.358615</timestamp>
			</report>
			<report>
				<misses>104700000</misses>
				<total>3</total>
				<timestamp>3664.858716</timestamp>
			</report>
			<report>
				<misses>104800000</misses>
				<total>3</total>
				<timestamp>3668.358884</timestamp>
			</report>
			<report>
				<misses>104900000</misses>
				<total>3</total>
				<timestamp>3671.858869</timestamp>
			</report>
			<report>
				<misses>105000000</misses>
				<total>3</total>
				<timestamp>3675.360208</timestamp>
			</report>
			<report>
				<misses>105100000</misses>
				<total>3</total>
				<timestamp>3678.864190</timestamp>
			</report>
			<report>
				<misses>105200000</misses>
				<total>3</total>
				<timestamp>3682.368627</timestamp>
			</report>
			<report>
				<misses>105300000</misses>
				<total>3</total>
				<timestamp>3685.868639</timestamp>
			</report>
			<report>
				<misses>105400000</misses>
				<total>3</total>
				<timestamp>3689.368814</timestamp>
			</report>
			<report>
				<misses>105500000</misses>
				<total>3</total>
				<timestamp>3692.869171</timestamp>
			</report>
			<report>
				<misses>105600000</misses>
				<total>3</total>
				<timestamp>3696.369261</timestamp>
			</report>
			<report>
				<misses>105700000</misses>
				<total>3</total>
				<timestamp>3699.870552</timestamp>
			</report>
			<report>
				<misses>105800000</misses>
				<total>3</total>
				<timestamp>3703.371074</timestamp>
			</report>
			<report>
				<misses>105900000</misses>
				<total>3</total>
				<timestamp>3706.871288</timestamp>
			</report>
			<report>
				<misses>106000000</misses>
				<total>3</total>
				<timestamp>3710.371330</timestamp>
			</report>
			<report>
				<misses>106100000</misses>
				<total>3</total>
				<timestamp>3713.871396</timestamp>
			</report>
			<report>
				<misses>106200000</misses>
				<total>3</total>
				<timestamp>3717.371407</timestamp>
			</report>
			<report>
				<misses>106300000</misses>
				<total>3</total>
				<timestamp>3720.871402</timestamp>
			</report>
			<report>
				<misses>106400000</misses>
				<total>3</total>
				<timestamp>3724.371396</timestamp>
			</report>
			<report>
				<misses>106500000</misses>
				<total>3</total>
				<timestamp>3727.871398</timestamp>
			</report>
			<report>
				<misses>106600000</misses>
				<total>3</total>
				<timestamp>3731.371423</timestamp>
			</report>
			<report>
				<misses>106700000</misses>
				<total>3</total>
				<timestamp>3734.871428</timestamp>
			</report>
			<report>
				<misses>106800000</misses>
				<total>3</total>
				<timestamp>3738.371437</timestamp>
			</report>
			<report>
				<misses>106900000</misses>
				<total>3</total>
				<timestamp>3741.871431</timestamp>
			</report>
			<report>
				<misses>107000000</misses>
				<total>3</total>
				<timestamp>3745.372826</timestamp>
			</report>
			<report>
				<misses>107100000</misses>
				<total>3</total>
				<timestamp>3748.874114</timestamp>
			</report>
			<report>
				<misses>107200000</misses>
				<total>3</total>
				<timestamp>3752.377774</timestamp>
			</report>
			<report>
				<misses>107300000</misses>
				<total>3</total>
				<timestamp>3755.878479</timestamp>
			</report>
			<report>
				<misses>107400000</misses>
				<total>3</total>
				<timestamp>3759.382117</timestamp>
			</report>
			<report>
				<misses>107500000</misses>
				<total>3</total>
				<timestamp>3762.883558</timestamp>
			</report>
			<report>
				<misses>107600000</misses>
				<total>3</total>
				<timestamp>3766.383525</timestamp>
			</report>
			<report>
				<misses>107700000</misses>
				<total>3</total>
				<timestamp>3769.883546</timestamp>
			</report>
			<report>
				<misses>107800000</misses>
				<total>3</total>
				<timestamp>3773.384406</timestamp>
			</report>
			<report>
				<misses>107900000</misses>
				<total>3</total>
				<timestamp>3776.884752</timestamp>
			</report>
			<report>
				<misses>108000000</misses>
				<total>3</total>
				<timestamp>3780.385871</timestamp>
			</report>
			<report>
				<misses>108100000</misses>
				<total>3</total>
				<timestamp>3783.887175</timestamp>
			</report>
			<report>
				<misses>108200000</misses>
				<total>3</total>
				<timestamp>3787.387360</timestamp>
			</report>
			<report>
				<misses>108300000</misses>
				<total>3</total>
				<timestamp>3790.887902</timestamp>
			</report>
			<report>
				<misses>108400000</misses>
				<total>3</total>
				<timestamp>3794.388784</timestamp>
			</report>
			<report>
				<misses>108500000</misses>
				<total>3</total>
				<timestamp>3797.889505</timestamp>
			</report>
			<report>
				<misses>108600000</misses>
				<total>3</total>
				<timestamp>3801.389994</timestamp>
			</report>
			<report>
				<misses>108700000</misses>
				<total>3</total>
				<timestamp>3804.891087</timestamp>
			</report>
			<report>
				<misses>108800000</misses>
				<total>3</total>
				<timestamp>3808.392730</timestamp>
			</report>
			<report>
				<misses>108900000</misses>
				<total>3</total>
				<timestamp>3811.893322</timestamp>
			</report>
			<report>
				<misses>109000000</misses>
				<total>3</total>
				<timestamp>3815.393398</timestamp>
			</report>
			<report>
				<misses>109100000</misses>
				<total>3</total>
				<timestamp>3818.893817</timestamp>
			</report>
			<report>
				<misses>109200000</misses>
				<total>3</total>
				<timestamp>3822.394918</timestamp>
			</report>
			<report>
				<misses>109300000</misses>
				<total>3</total>
				<timestamp>3825.895588</timestamp>
			</report>
			<report>
				<misses>109400000</misses>
				<total>3</total>
				<timestamp>3829.395619</timestamp>
			</report>
			<report>
				<misses>109500000</misses>
				<total>3</total>
				<timestamp>3832.895649</timestamp>
			</report>
			<report>
				<misses>109600000</misses>
				<total>3</total>
				<timestamp>3836.395725</timestamp>
			</report>
			<report>
				<misses>109700000</misses>
				<total>3</total>
				<timestamp>3839.896246</timestamp>
			</report>
			<report>
				<misses>109800000</misses>
				<total>3</total>
				<timestamp>3843.396802</timestamp>
			</report>
			<report>
				<misses>109900000</misses>
				<total>3</total>
				<timestamp>3846.899721</timestamp>
			</report>
			<report>
				<misses>110000000</misses>
				<total>3</total>
				<timestamp>3850.401738</timestamp>
			</report>
			<report>
				<misses>110100000</misses>
				<total>3</total>
				<timestamp>3853.902071</timestamp>
			</report>
			<report>
				<misses>110200000</misses>
				<total>3</total>
				<timestamp>3857.402054</timestamp>
			</report>
			<report>
				<misses>110300000</misses>
				<total>3</total>
				<timestamp>3860.902421</timestamp>
			</report>
			<report>
				<misses>110400000</misses>
				<total>3</total>
				<timestamp>3864.403377</timestamp>
			</report>
			<report>
				<misses>110500000</misses>
				<total>3</total>
				<timestamp>3867.903953</timestamp>
			</report>
			<report>
				<misses>110600000</misses>
				<total>3</total>
				<timestamp>3871.403930</timestamp>
			</report>
			<report>
				<misses>110700000</misses>
				<total>3</total>
				<timestamp>3874.903970</timestamp>
			</report>
			<report>
				<misses>110800000</misses>
				<total>3</total>
				<timestamp>3878.404598</timestamp>
			</report>
			<report>
				<misses>110900000</misses>
				<total>3</total>
				<timestamp>3881.905395</timestamp>
			</report>
			<report>
				<misses>111000000</misses>
				<total>3</total>
				<timestamp>3885.405932</timestamp>
			</report>
			<report>
				<misses>111100000</misses>
				<total>3</total>
				<timestamp>3888.907643</timestamp>
			</report>
			<report>
				<misses>111200000</misses>
				<total>3</total>
				<timestamp>3892.407766</timestamp>
			</report>
			<report>
				<misses>111300000</misses>
				<total>3</total>
				<timestamp>3895.907749</timestamp>
			</report>
			<report>
				<misses>111400000</misses>
				<total>3</total>
				<timestamp>3899.407795</timestamp>
			</report>
			<report>
				<misses>111500000</misses>
				<total>3</total>
				<timestamp>3902.908595</timestamp>
			</report>
			<report>
				<misses>111600000</misses>
				<total>3</total>
				<timestamp>3906.410199</timestamp>
			</report>
			<report>
				<misses>111700000</misses>
				<total>3</total>
				<timestamp>3909.910369</timestamp>
			</report>
			<report>
				<misses>111800000</misses>
				<total>3</total>
				<timestamp>3913.410379</timestamp>
			</report>
			<report>
				<misses>111900000</misses>
				<total>3</total>
				<timestamp>3916.910479</timestamp>
			</report>
			<report>
				<misses>112000000</misses>
				<total>3</total>
				<timestamp>3920.410778</timestamp>
			</report>
			<report>
				<misses>112100000</misses>
				<total>3</total>
				<timestamp>3923.911058</timestamp>
			</report>
			<report>
				<misses>112200000</misses>
				<total>3</total>
				<timestamp>3927.411250</timestamp>
			</report>
			<report>
				<misses>112300000</misses>
				<total>3</total>
				<timestamp>3930.911453</timestamp>
			</report>
			<report>
				<misses>112400000</misses>
				<total>3</total>
				<timestamp>3934.411953</timestamp>
			</report>
			<report>
				<misses>112500000</misses>
				<total>3</total>
				<timestamp>3937.912285</timestamp>
			</report>
			<report>
				<misses>112600000</misses>
				<total>3</total>
				<timestamp>3941.412929</timestamp>
			</report>
			<report>
				<misses>112700000</misses>
				<total>3</total>
				<timestamp>3944.912978</timestamp>
			</report>
			<report>
				<misses>112800000</misses>
				<total>3</total>
				<timestamp>3948.412966</timestamp>
			</report>
			<report>
				<misses>112900000</misses>
				<total>3</total>
				<timestamp>3951.912976</timestamp>
			</report>
			<report>
				<misses>113000000</misses>
				<total>3</total>
				<timestamp>3955.412976</timestamp>
			</report>
			<report>
				<misses>113100000</misses>
				<total>3</total>
				<timestamp>3958.912967</timestamp>
			</report>
			<report>
				<misses>113200000</misses>
				<total>3</total>
				<timestamp>3962.413138</timestamp>
			</report>
			<report>
				<misses>113300000</misses>
				<total>3</total>
				<timestamp>3965.913643</timestamp>
			</report>
			<report>
				<misses>113400000</misses>
				<total>3</total>
				<timestamp>3969.414649</timestamp>
			</report>
			<report>
				<misses>113500000</misses>
				<total>3</total>
				<timestamp>3972.914890</timestamp>
			</report>
			<report>
				<misses>113600000</misses>
				<total>3</total>
				<timestamp>3976.414902</timestamp>
			</report>
			<report>
				<misses>113700000</misses>
				<total>3</total>
				<timestamp>3979.914952</timestamp>
			</report>
			<report>
				<misses>113800000</misses>
				<total>3</total>
				<timestamp>3983.414978</timestamp>
			</report>
			<report>
				<misses>113900000</misses>
				<total>3</total>
				<timestamp>3986.914982</timestamp>
			</report>
			<report>
				<misses>114000000</misses>
				<total>3</total>
				<timestamp>3990.414955</timestamp>
			</report>
			<report>
				<misses>114100000</misses>
				<total>3</total>
				<timestamp>3993.915427</timestamp>
			</report>
			<report>
				<misses>114200000</misses>
				<total>3</total>
				<timestamp>3997.415584</timestamp>
			</report>
			<report>
				<misses>114300000</misses>
				<total>3</total>
				<timestamp>4000.915654</timestamp>
			</report>
			<report>
				<misses>114400000</misses>
				<total>3</total>
				<timestamp>4004.416116</timestamp>
			</report>
			<report>
				<misses>114500000</misses>
				<total>3</total>
				<timestamp>4007.916120</timestamp>
			</report>
			<report>
				<misses>114600000</misses>
				<total>3</total>
				<timestamp>4011.416122</timestamp>
			</report>
			<report>
				<misses>114700000</misses>
				<total>3</total>
				<timestamp>4014.916152</timestamp>
			</report>
			<report>
				<misses>114800000</misses>
				<total>3</total>
				<timestamp>4018.416773</timestamp>
			</report>
			<report>
				<misses>114900000</misses>
				<total>3</total>
				<timestamp>4021.917058</timestamp>
			</report>
			<report>
				<misses>115000000</misses>
				<total>3</total>
				<timestamp>4025.418000</timestamp>
			</report>
			<report>
				<misses>115100000</misses>
				<total>3</total>
				<timestamp>4028.918092</timestamp>
			</report>
			<report>
				<misses>115200000</misses>
				<total>3</total>
				<timestamp>4032.418111</timestamp>
			</report>
			<report>
				<misses>115300000</misses>
				<total>3</total>
				<timestamp>4035.918837</timestamp>
			</report>
			<report>
				<misses>115400000</misses>
				<total>3</total>
				<timestamp>4039.419827</timestamp>
			</report>
			<report>
				<misses>115500000</misses>
				<total>3</total>
				<timestamp>4042.919826</timestamp>
			</report>
			<report>
				<misses>115600000</misses>
				<total>3</total>
				<timestamp>4046.419886</timestamp>
			</report>
			<report>
				<misses>115700000</misses>
				<total>3</total>
				<timestamp>4049.919929</timestamp>
			</report>
			<report>
				<misses>115800000</misses>
				<total>3</total>
				<timestamp>4053.420001</timestamp>
			</report>
			<report>
				<misses>115900000</misses>
				<total>3</total>
				<timestamp>4056.920016</timestamp>
			</report>
			<report>
				<misses>116000000</misses>
				<total>3</total>
				<timestamp>4060.420033</timestamp>
			</report>
			<report>
				<misses>116100000</misses>
				<total>3</total>
				<timestamp>4063.920433</timestamp>
			</report>
			<report>
				<misses>116200000</misses>
				<total>3</total>
				<timestamp>4067.420475</timestamp>
			</report>
			<report>
				<misses>116300000</misses>
				<total>3</total>
				<timestamp>4070.921163</timestamp>
			</report>
			<report>
				<misses>116400000</misses>
				<total>3</total>
				<timestamp>4074.422401</timestamp>
			</report>
			<report>
				<misses>116500000</misses>
				<total>3</total>
				<timestamp>4077.922491</timestamp>
			</report>
			<report>
				<misses>116600000</misses>
				<total>3</total>
				<timestamp>4081.422575</timestamp>
			</report>
			<report>
				<misses>116700000</misses>
				<total>3</total>
				<timestamp>4084.922711</timestamp>
			</report>
			<report>
				<misses>116800000</misses>
				<total>3</total>
				<timestamp>4088.422734</timestamp>
			</report>
			<report>
				<misses>116900000</misses>
				<total>3</total>
				<timestamp>4091.922816</timestamp>
			</report>
			<report>
				<misses>117000000</misses>
				<total>3</total>
				<timestamp>4095.422875</timestamp>
			</report>
			<report>
				<misses>117100000</misses>
				<total>3</total>
				<timestamp>4098.922883</timestamp>
			</report>
			<report>
				<misses>117200000</misses>
				<total>3</total>
				<timestamp>4102.422912</timestamp>
			</report>
			<report>
				<misses>117300000</misses>
				<total>3</total>
				<timestamp>4105.922978</timestamp>
			</report>
			<report>
				<misses>117400000</misses>
				<total>3</total>
				<timestamp>4109.423580</timestamp>
			</report>
			<report>
				<misses>117500000</misses>
				<total>3</total>
				<timestamp>4112.924133</timestamp>
			</report>
			<report>
				<misses>117600000</misses>
				<total>3</total>
				<timestamp>4116.425083</timestamp>
			</report>
			<report>
				<misses>117700000</misses>
				<total>3</total>
				<timestamp>4119.925675</timestamp>
			</report>
			<report>
				<misses>117800000</misses>
				<total>3</total>
				<timestamp>4123.425679</timestamp>
			</report>
			<report>
				<misses>117900000</misses>
				<total>3</total>
				<timestamp>4126.925741</timestamp>
			</report>
			<report>
				<misses>118000000</misses>
				<total>3</total>
				<timestamp>4130.426319</timestamp>
			</report>
			<report>
				<misses>118100000</misses>
				<total>3</total>
				<timestamp>4133.926353</timestamp>
			</report>
			<report>
				<misses>118200000</misses>
				<total>3</total>
				<timestamp>4137.426351</timestamp>
			</report>
			<report>
				<misses>118300000</misses>
				<total>3</total>
				<timestamp>4140.926789</timestamp>
			</report>
			<report>
				<misses>118400000</misses>
				<total>3</total>
				<timestamp>4144.427501</timestamp>
			</report>
			<report>
				<misses>118500000</misses>
				<total>3</total>
				<timestamp>4147.927919</timestamp>
			</report>
			<report>
				<misses>118600000</misses>
				<total>3</total>
				<timestamp>4151.427911</timestamp>
			</report>
			<report>
				<misses>118700000</misses>
				<total>3</total>
				<timestamp>4154.927911</timestamp>
			</report>
			<report>
				<misses>118800000</misses>
				<total>3</total>
				<timestamp>4158.427954</timestamp>
			</report>
			<report>
				<misses>118900000</misses>
				<total>3</total>
				<timestamp>4161.927949</timestamp>
			</report>
			<report>
				<misses>119000000</misses>
				<total>3</total>
				<timestamp>4165.427983</timestamp>
			</report>
			<report>
				<misses>119100000</misses>
				<total>3</total>
				<timestamp>4168.928051</timestamp>
			</report>
			<report>
				<misses>119200000</misses>
				<total>3</total>
				<timestamp>4172.428307</timestamp>
			</report>
			<report>
				<misses>119300000</misses>
				<total>3</total>
				<timestamp>4175.929100</timestamp>
			</report>
			<report>
				<misses>119400000</misses>
				<total>3</total>
				<timestamp>4179.429602</timestamp>
			</report>
			<report>
				<misses>119500000</misses>
				<total>3</total>
				<timestamp>4182.929707</timestamp>
			</report>
			<report>
				<misses>119600000</misses>
				<total>3</total>
				<timestamp>4186.429699</timestamp>
			</report>
			<report>
				<misses>119700000</misses>
				<total>3</total>
				<timestamp>4189.929709</timestamp>
			</report>
			<report>
				<misses>119800000</misses>
				<total>3</total>
				<timestamp>4193.429705</timestamp>
			</report>
			<report>
				<misses>119900000</misses>
				<total>3</total>
				<timestamp>4196.929877</timestamp>
			</report>
			<report>
				<misses>120000000</misses>
				<total>3</total>
				<timestamp>4200.430520</timestamp>
			</report>
			<report>
				<misses>120100000</misses>
				<total>3</total>
				<timestamp>4203.930574</timestamp>
			</report>
			<report>
				<misses>120200000</misses>
				<total>3</total>
				<timestamp>4207.430622</timestamp>
			</report>
			<report>
				<misses>120300000</misses>
				<total>3</total>
				<timestamp>4210.930732</timestamp>
			</report>
			<report>
				<misses>120400000</misses>
				<total>3</total>
				<timestamp>4214.430738</timestamp>
			</report>
			<report>
				<misses>120500000</misses>
				<total>3</total>
				<timestamp>4217.930752</timestamp>
			</report>
			<report>
				<misses>120600000</misses>
				<total>3</total>
				<timestamp>4221.430810</timestamp>
			</report>
			<report>
				<misses>120700000</misses>
				<total>3</total>
				<timestamp>4224.930899</timestamp>
			</report>
			<report>
				<misses>120800000</misses>
				<total>3</total>
				<timestamp>4228.431010</timestamp>
			</report>
			<report>
				<misses>120900000</misses>
				<total>3</total>
				<timestamp>4231.931037</timestamp>
			</report>
			<report>
				<misses>121000000</misses>
				<total>3</total>
				<timestamp>4235.431062</timestamp>
			</report>
			<report>
				<misses>121100000</misses>
				<total>3</total>
				<timestamp>4238.931427</timestamp>
			</report>
			<report>
				<misses>121200000</misses>
				<total>3</total>
				<timestamp>4242.432286</timestamp>
			</report>
			<report>
				<misses>121300000</misses>
				<total>3</total>
				<timestamp>4245.933215</timestamp>
			</report>
			<report>
				<misses>121400000</misses>
				<total>3</total>
				<timestamp>4249.433271</timestamp>
			</report>
			<report>
				<misses>121500000</misses>
				<total>3</total>
				<timestamp>4252.933349</timestamp>
			</report>
			<report>
				<misses>121600000</misses>
				<total>3</total>
				<timestamp>4256.434003</timestamp>
			</report>
			<report>
				<misses>121700000</misses>
				<total>3</total>
				<timestamp>4259.934049</timestamp>
			</report>
			<report>
				<misses>121800000</misses>
				<total>3</total>
				<timestamp>4263.434462</timestamp>
			</report>
			<report>
				<misses>121900000</misses>
				<total>3</total>
				<timestamp>4266.934487</timestamp>
			</report>
			<report>
				<misses>122000000</misses>
				<total>3</total>
				<timestamp>4270.435298</timestamp>
			</report>
			<report>
				<misses>122100000</misses>
				<total>3</total>
				<timestamp>4273.935664</timestamp>
			</report>
			<report>
				<misses>122200000</misses>
				<total>3</total>
				<timestamp>4277.435692</timestamp>
			</report>
			<report>
				<misses>122300000</misses>
				<total>3</total>
				<timestamp>4280.936596</timestamp>
			</report>
			<report>
				<misses>122400000</misses>
				<total>3</total>
				<timestamp>4284.436708</timestamp>
			</report>
			<report>
				<misses>122500000</misses>
				<total>3</total>
				<timestamp>4287.937220</timestamp>
			</report>
			<report>
				<misses>122600000</misses>
				<total>3</total>
				<timestamp>4291.437292</timestamp>
			</report>
			<report>
				<misses>122700000</misses>
				<total>3</total>
				<timestamp>4294.937988</timestamp>
			</report>
			<report>
				<misses>122800000</misses>
				<total>3</total>
				<timestamp>4298.438601</timestamp>
			</report>
			<report>
				<misses>122900000</misses>
				<total>3</total>
				<timestamp>4301.938867</timestamp>
			</report>
			<report>
				<misses>123000000</misses>
				<total>3</total>
				<timestamp>4305.438951</timestamp>
			</report>
			<report>
				<misses>123100000</misses>
				<total>3</total>
				<timestamp>4308.939587</timestamp>
			</report>
			<report>
				<misses>123200000</misses>
				<total>3</total>
				<timestamp>4312.439644</timestamp>
			</report>
			<report>
				<misses>123300000</misses>
				<total>3</total>
				<timestamp>4315.939637</timestamp>
			</report>
			<report>
				<misses>123400000</misses>
				<total>3</total>
				<timestamp>4319.439636</timestamp>
			</report>
			<report>
				<misses>123500000</misses>
				<total>3</total>
				<timestamp>4322.939645</timestamp>
			</report>
			<report>
				<misses>123600000</misses>
				<total>3</total>
				<timestamp>4326.439652</timestamp>
			</report>
			<report>
				<misses>123700000</misses>
				<total>3</total>
				<timestamp>4329.939712</timestamp>
			</report>
			<report>
				<misses>123800000</misses>
				<total>3</total>
				<timestamp>4333.439851</timestamp>
			</report>
			<report>
				<misses>123900000</misses>
				<total>3</total>
				<timestamp>4336.940159</timestamp>
			</report>
			<report>
				<misses>124000000</misses>
				<total>3</total>
				<timestamp>4340.440173</timestamp>
			</report>
			<report>
				<misses>124100000</misses>
				<total>3</total>
				<timestamp>4343.940164</timestamp>
			</report>
			<report>
				<misses>124200000</misses>
				<total>3</total>
				<timestamp>4347.440168</timestamp>
			</report>
			<report>
				<misses>124300000</misses>
				<total>3</total>
				<timestamp>4350.940308</timestamp>
			</report>
			<report>
				<misses>124400000</misses>
				<total>3</total>
				<timestamp>4354.440309</timestamp>
			</report>
			<report>
				<misses>124500000</misses>
				<total>3</total>
				<timestamp>4357.940390</timestamp>
			</report>
			<report>
				<misses>124600000</misses>
				<total>3</total>
				<timestamp>4361.440376</timestamp>
			</report>
			<report>
				<misses>124700000</misses>
				<total>3</total>
				<timestamp>4364.940435</timestamp>
			</report>
			<report>
				<misses>124800000</misses>
				<total>3</total>
				<timestamp>4368.440453</timestamp>
			</report>
			<report>
				<misses>124900000</misses>
				<total>3</total>
				<timestamp>4371.940456</timestamp>
			</report>
			<report>
				<misses>125000000</misses>
				<total>3</total>
				<timestamp>4375.440473</timestamp>
			</report>
			<report>
				<misses>125100000</misses>
				<total>3</total>
				<timestamp>4378.940543</timestamp>
			</report>
			<report>
				<misses>125200000</misses>
				<total>3</total>
				<timestamp>4382.440625</timestamp>
			</report>
			<report>
				<misses>125300000</misses>
				<total>3</total>
				<timestamp>4385.940796</timestamp>
			</report>
			<report>
				<misses>125400000</misses>
				<total>3</total>
				<timestamp>4389.440876</timestamp>
			</report>
			<report>
				<misses>125500000</misses>
				<total>3</total>
				<timestamp>4392.940865</timestamp>
			</report>
			<report>
				<misses>125600000</misses>
				<total>3</total>
				<timestamp>4396.441077</timestamp>
			</report>
			<report>
				<misses>125700000</misses>
				<total>3</total>
				<timestamp>4399.941077</timestamp>
			</report>
			<report>
				<misses>125800000</misses>
				<total>3</total>
				<timestamp>4403.441586</timestamp>
			</report>
			<report>
				<misses>125900000</misses>
				<total>3</total>
				<timestamp>4406.942267</timestamp>
			</report>
			<report>
				<misses>126000000</misses>
				<total>3</total>
				<timestamp>4410.442959</timestamp>
			</report>
			<report>
				<misses>126100000</misses>
				<total>3</total>
				<timestamp>4413.943463</timestamp>
			</report>
			<report>
				<misses>126200000</misses>
				<total>3</total>
				<timestamp>4417.443479</timestamp>
			</report>
			<report>
				<misses>126300000</misses>
				<total>3</total>
				<timestamp>4420.944110</timestamp>
			</report>
			<report>
				<misses>126400000</misses>
				<total>3</total>
				<timestamp>4424.444392</timestamp>
			</report>
			<report>
				<misses>126500000</misses>
				<total>3</total>
				<timestamp>4427.944678</timestamp>
			</report>
			<report>
				<misses>126600000</misses>
				<total>3</total>
				<timestamp>4431.444683</timestamp>
			</report>
			<report>
				<misses>126700000</misses>
				<total>3</total>
				<timestamp>4434.944686</timestamp>
			</report>
			<report>
				<misses>126800000</misses>
				<total>3</total>
				<timestamp>4438.444678</timestamp>
			</report>
			<report>
				<misses>126900000</misses>
				<total>3</total>
				<timestamp>4441.944688</timestamp>
			</report>
			<report>
				<misses>127000000</misses>
				<total>3</total>
				<timestamp>4445.444713</timestamp>
			</report>
			<report>
				<misses>127100000</misses>
				<total>3</total>
				<timestamp>4448.944742</timestamp>
			</report>
			<report>
				<misses>127200000</misses>
				<total>3</total>
				<timestamp>4452.444750</timestamp>
			</report>
			<report>
				<misses>127300000</misses>
				<total>3</total>
				<timestamp>4455.944779</timestamp>
			</report>
			<report>
				<misses>127400000</misses>
				<total>3</total>
				<timestamp>4459.444817</timestamp>
			</report>
			<report>
				<misses>127500000</misses>
				<total>3</total>
				<timestamp>4462.944902</timestamp>
			</report>
			<report>
				<misses>127600000</misses>
				<total>3</total>
				<timestamp>4466.444968</timestamp>
			</report>
			<report>
				<misses>127700000</misses>
				<total>3</total>
				<timestamp>4469.945021</timestamp>
			</report>
			<report>
				<misses>127800000</misses>
				<total>3</total>
				<timestamp>4473.445118</timestamp>
			</report>
			<report>
				<misses>127900000</misses>
				<total>3</total>
				<timestamp>4476.945175</timestamp>
			</report>
			<report>
				<misses>128000000</misses>
				<total>3</total>
				<timestamp>4480.445183</timestamp>
			</report>
			<report>
				<misses>128100000</misses>
				<total>3</total>
				<timestamp>4483.945904</timestamp>
			</report>
			<report>
				<misses>128200000</misses>
				<total>3</total>
				<timestamp>4487.446786</timestamp>
			</report>
			<report>
				<misses>128300000</misses>
				<total>3</total>
				<timestamp>4490.947943</timestamp>
			</report>
			<report>
				<misses>128400000</misses>
				<total>3</total>
				<timestamp>4494.447931</timestamp>
			</report>
			<report>
				<misses>128500000</misses>
				<total>3</total>
				<timestamp>4497.947928</timestamp>
			</report>
			<report>
				<misses>128600000</misses>
				<total>3</total>
				<timestamp>4501.447934</timestamp>
			</report>
			<report>
				<misses>128700000</misses>
				<total>3</total>
				<timestamp>4504.948773</timestamp>
			</report>
			<report>
				<misses>128800000</misses>
				<total>3</total>
				<timestamp>4508.449304</timestamp>
			</report>
			<report>
				<misses>128900000</misses>
				<total>3</total>
				<timestamp>4511.949753</timestamp>
			</report>
			<report>
				<misses>129000000</misses>
				<total>3</total>
				<timestamp>4515.450077</timestamp>
			</report>
			<report>
				<misses>129100000</misses>
				<total>3</total>
				<timestamp>4518.950833</timestamp>
			</report>
			<report>
				<misses>129200000</misses>
				<total>3</total>
				<timestamp>4522.450910</timestamp>
			</report>
			<report>
				<misses>129300000</misses>
				<total>3</total>
				<timestamp>4525.950913</timestamp>
			</report>
			<report>
				<misses>129400000</misses>
				<total>3</total>
				<timestamp>4529.450977</timestamp>
			</report>
			<report>
				<misses>129500000</misses>
				<total>3</total>
				<timestamp>4532.951472</timestamp>
			</report>
			<report>
				<misses>129600000</misses>
				<total>3</total>
				<timestamp>4536.451475</timestamp>
			</report>
			<report>
				<misses>129700000</misses>
				<total>3</total>
				<timestamp>4539.951754</timestamp>
			</report>
			<report>
				<misses>129800000</misses>
				<total>3</total>
				<timestamp>4543.452619</timestamp>
			</report>
			<report>
				<misses>129900000</misses>
				<total>3</total>
				<timestamp>4546.952736</timestamp>
			</report>
			<report>
				<misses>130000000</misses>
				<total>3</total>
				<timestamp>4550.452758</timestamp>
			</report>
			<report>
				<misses>130100000</misses>
				<total>3</total>
				<timestamp>4553.952766</timestamp>
			</report>
			<report>
				<misses>130200000</misses>
				<total>3</total>
				<timestamp>4557.452764</timestamp>
			</report>
			<report>
				<misses>130300000</misses>
				<total>3</total>
				<timestamp>4560.952754</timestamp>
			</report>
			<report>
				<misses>130400000</misses>
				<total>3</total>
				<timestamp>4564.452738</timestamp>
			</report>
			<report>
				<misses>130500000</misses>
				<total>3</total>
				<timestamp>4567.952727</timestamp>
			</report>
			<report>
				<misses>130600000</misses>
				<total>3</total>
				<timestamp>4571.452789</timestamp>
			</report>
			<report>
				<misses>130700000</misses>
				<total>3</total>
				<timestamp>4574.952799</timestamp>
			</report>
			<report>
				<misses>130800000</misses>
				<total>3</total>
				<timestamp>4578.452921</timestamp>
			</report>
			<report>
				<misses>130900000</misses>
				<total>3</total>
				<timestamp>4581.952958</timestamp>
			</report>
			<report>
				<misses>131000000</misses>
				<total>3</total>
				<timestamp>4585.453269</timestamp>
			</report>
			<report>
				<misses>131100000</misses>
				<total>3</total>
				<timestamp>4588.953410</timestamp>
			</report>
			<report>
				<misses>131200000</misses>
				<total>3</total>
				<timestamp>4592.454067</timestamp>
			</report>
			<report>
				<misses>131300000</misses>
				<total>3</total>
				<timestamp>4595.954666</timestamp>
			</report>
			<report>
				<misses>131400000</misses>
				<total>3</total>
				<timestamp>4599.457045</timestamp>
			</report>
			<report>
				<misses>131500000</misses>
				<total>3</total>
				<timestamp>4602.958185</timestamp>
			</report>
			<report>
				<misses>131600000</misses>
				<total>3</total>
				<timestamp>4606.458507</timestamp>
			</report>
			<report>
				<misses>131700000</misses>
				<total>3</total>
				<timestamp>4609.958782</timestamp>
			</report>
			<report>
				<misses>131800000</misses>
				<total>3</total>
				<timestamp>4613.458874</timestamp>
			</report>
			<report>
				<misses>131900000</misses>
				<total>3</total>
				<timestamp>4616.959582</timestamp>
			</report>
			<report>
				<misses>132000000</misses>
				<total>3</total>
				<timestamp>4620.459591</timestamp>
			</report>
			<report>
				<misses>132100000</misses>
				<total>3</total>
				<timestamp>4623.959601</timestamp>
			</report>
			<report>
				<misses>132200000</misses>
				<total>3</total>
				<timestamp>4627.459595</timestamp>
			</report>
			<report>
				<misses>132300000</misses>
				<total>3</total>
				<timestamp>4630.959591</timestamp>
			</report>
			<report>
				<misses>132400000</misses>
				<total>3</total>
				<timestamp>4634.459615</timestamp>
			</report>
			<report>
				<misses>132500000</misses>
				<total>3</total>
				<timestamp>4637.959947</timestamp>
			</report>
			<report>
				<misses>132600000</misses>
				<total>3</total>
				<timestamp>4641.460577</timestamp>
			</report>
			<report>
				<misses>132700000</misses>
				<total>3</total>
				<timestamp>4644.960679</timestamp>
			</report>
			<report>
				<misses>132800000</misses>
				<total>3</total>
				<timestamp>4648.460964</timestamp>
			</report>
			<report>
				<misses>132900000</misses>
				<total>3</total>
				<timestamp>4651.961556</timestamp>
			</report>
			<report>
				<misses>133000000</misses>
				<total>3</total>
				<timestamp>4655.461769</timestamp>
			</report>
			<report>
				<misses>133100000</misses>
				<total>3</total>
				<timestamp>4658.961830</timestamp>
			</report>
			<report>
				<misses>133200000</misses>
				<total>3</total>
				<timestamp>4662.461908</timestamp>
			</report>
			<report>
				<misses>133300000</misses>
				<total>3</total>
				<timestamp>4665.961932</timestamp>
			</report>
			<report>
				<misses>133400000</misses>
				<total>3</total>
				<timestamp>4669.462082</timestamp>
			</report>
			<report>
				<misses>133500000</misses>
				<total>3</total>
				<timestamp>4672.962078</timestamp>
			</report>
			<report>
				<misses>133600000</misses>
				<total>3</total>
				<timestamp>4676.462133</timestamp>
			</report>
			<report>
				<misses>133700000</misses>
				<total>3</total>
				<timestamp>4679.962219</timestamp>
			</report>
			<report>
				<misses>133800000</misses>
				<total>3</total>
				<timestamp>4683.462232</timestamp>
			</report>
			<report>
				<misses>133900000</misses>
				<total>3</total>
				<timestamp>4686.962308</timestamp>
			</report>
			<report>
				<misses>134000000</misses>
				<total>3</total>
				<timestamp>4690.462820</timestamp>
			</report>
			<report>
				<misses>134100000</misses>
				<total>3</total>
				<timestamp>4693.962807</timestamp>
			</report>
			<report>
				<misses>134200000</misses>
				<total>3</total>
				<timestamp>4697.464033</timestamp>
			</report>
			<report>
				<misses>134300000</misses>
				<total>3</total>
				<timestamp>4700.964518</timestamp>
			</report>
			<report>
				<misses>134400000</misses>
				<total>3</total>
				<timestamp>4704.465090</timestamp>
			</report>
			<report>
				<misses>134500000</misses>
				<total>3</total>
				<timestamp>4707.965115</timestamp>
			</report>
			<report>
				<misses>134600000</misses>
				<total>3</total>
				<timestamp>4711.465527</timestamp>
			</report>
			<report>
				<misses>134700000</misses>
				<total>3</total>
				<timestamp>4714.965809</timestamp>
			</report>
			<report>
				<misses>134800000</misses>
				<total>3</total>
				<timestamp>4718.467220</timestamp>
			</report>
			<report>
				<misses>134900000</misses>
				<total>3</total>
				<timestamp>4721.967677</timestamp>
			</report>
			<report>
				<misses>135000000</misses>
				<total>3</total>
				<timestamp>4725.468768</timestamp>
			</report>
			<report>
				<misses>135100000</misses>
				<total>3</total>
				<timestamp>4728.970454</timestamp>
			</report>
			<report>
				<misses>135200000</misses>
				<total>3</total>
				<timestamp>4732.471102</timestamp>
			</report>
			<report>
				<misses>135300000</misses>
				<total>3</total>
				<timestamp>4735.971766</timestamp>
			</report>
			<report>
				<misses>135400000</misses>
				<total>3</total>
				<timestamp>4739.471849</timestamp>
			</report>
			<report>
				<misses>135500000</misses>
				<total>3</total>
				<timestamp>4742.972300</timestamp>
			</report>
			<report>
				<misses>135600000</misses>
				<total>3</total>
				<timestamp>4746.472803</timestamp>
			</report>
			<report>
				<misses>135700000</misses>
				<total>3</total>
				<timestamp>4749.973173</timestamp>
			</report>
			<report>
				<misses>135800000</misses>
				<total>3</total>
				<timestamp>4753.473702</timestamp>
			</report>
			<report>
				<misses>135900000</misses>
				<total>3</total>
				<timestamp>4756.973799</timestamp>
			</report>
			<report>
				<misses>136000000</misses>
				<total>3</total>
				<timestamp>4760.473904</timestamp>
			</report>
			<report>
				<misses>136100000</misses>
				<total>3</total>
				<timestamp>4763.974224</timestamp>
			</report>
			<report>
				<misses>136200000</misses>
				<total>3</total>
				<timestamp>4767.474381</timestamp>
			</report>
			<report>
				<misses>136300000</misses>
				<total>3</total>
				<timestamp>4770.974974</timestamp>
			</report>
			<report>
				<misses>136400000</misses>
				<total>3</total>
				<timestamp>4774.474973</timestamp>
			</report>
			<report>
				<misses>136500000</misses>
				<total>3</total>
				<timestamp>4777.975168</timestamp>
			</report>
			<report>
				<misses>136600000</misses>
				<total>3</total>
				<timestamp>4781.475366</timestamp>
			</report>
			<report>
				<misses>136700000</misses>
				<total>3</total>
				<timestamp>4784.975729</timestamp>
			</report>
			<report>
				<misses>136800000</misses>
				<total>3</total>
				<timestamp>4788.475722</timestamp>
			</report>
			<report>
				<misses>136900000</misses>
				<total>3</total>
				<timestamp>4791.975725</timestamp>
			</report>
			<report>
				<misses>137000000</misses>
				<total>3</total>
				<timestamp>4795.475717</timestamp>
			</report>
			<report>
				<misses>137100000</misses>
				<total>3</total>
				<timestamp>4798.975719</timestamp>
			</report>
			<report>
				<misses>137200000</misses>
				<total>3</total>
				<timestamp>4802.475722</timestamp>
			</report>
			<report>
				<misses>137300000</misses>
				<total>3</total>
				<timestamp>4805.975730</timestamp>
			</report>
			<report>
				<misses>137400000</misses>
				<total>3</total>
				<timestamp>4809.475905</timestamp>
			</report>
			<report>
				<misses>137500000</misses>
				<total>3</total>
				<timestamp>4812.977320</timestamp>
			</report>
			<report>
				<misses>137600000</misses>
				<total>3</total>
				<timestamp>4816.477311</timestamp>
			</report>
			<report>
				<misses>137700000</misses>
				<total>3</total>
				<timestamp>4819.977728</timestamp>
			</report>
			<report>
				<misses>137800000</misses>
				<total>3</total>
				<timestamp>4823.478888</timestamp>
			</report>
			<report>
				<misses>137900000</misses>
				<total>3</total>
				<timestamp>4826.980569</timestamp>
			</report>
			<report>
				<misses>138000000</misses>
				<total>3</total>
				<timestamp>4830.481846</timestamp>
			</report>
			<report>
				<misses>138100000</misses>
				<total>3</total>
				<timestamp>4833.982170</timestamp>
			</report>
			<report>
				<misses>138200000</misses>
				<total>3</total>
				<timestamp>4837.482771</timestamp>
			</report>
			<report>
				<misses>138300000</misses>
				<total>3</total>
				<timestamp>4840.982837</timestamp>
			</report>
			<report>
				<misses>138400000</misses>
				<total>3</total>
				<timestamp>4844.482841</timestamp>
			</report>
			<report>
				<misses>138500000</misses>
				<total>3</total>
				<timestamp>4847.983074</timestamp>
			</report>
			<report>
				<misses>138600000</misses>
				<total>3</total>
				<timestamp>4851.483710</timestamp>
			</report>
			<report>
				<misses>138700000</misses>
				<total>3</total>
				<timestamp>4854.983991</timestamp>
			</report>
			<report>
				<misses>138800000</misses>
				<total>3</total>
				<timestamp>4858.484105</timestamp>
			</report>
			<report>
				<misses>138900000</misses>
				<total>3</total>
				<timestamp>4861.984137</timestamp>
			</report>
			<report>
				<misses>139000000</misses>
				<total>3</total>
				<timestamp>4865.484380</timestamp>
			</report>
			<report>
				<misses>139100000</misses>
				<total>3</total>
				<timestamp>4868.985415</timestamp>
			</report>
			<report>
				<misses>139200000</misses>
				<total>3</total>
				<timestamp>4872.486668</timestamp>
			</report>
			<report>
				<misses>139300000</misses>
				<total>3</total>
				<timestamp>4875.987067</timestamp>
			</report>
			<report>
				<misses>139400000</misses>
				<total>3</total>
				<timestamp>4879.487181</timestamp>
			</report>
			<report>
				<misses>139500000</misses>
				<total>3</total>
				<timestamp>4882.987645</timestamp>
			</report>
			<report>
				<misses>139600000</misses>
				<total>3</total>
				<timestamp>4886.487717</timestamp>
			</report>
			<report>
				<misses>139700000</misses>
				<total>3</total>
				<timestamp>4889.988146</timestamp>
			</report>
			<report>
				<misses>139800000</misses>
				<total>3</total>
				<timestamp>4893.489252</timestamp>
			</report>
			<report>
				<misses>139900000</misses>
				<total>3</total>
				<timestamp>4896.989312</timestamp>
			</report>
			<report>
				<misses>140000000</misses>
				<total>3</total>
				<timestamp>4900.489903</timestamp>
			</report>
			<report>
				<misses>140100000</misses>
				<total>3</total>
				<timestamp>4903.990279</timestamp>
			</report>
			<report>
				<misses>140200000</misses>
				<total>3</total>
				<timestamp>4907.490325</timestamp>
			</report>
			<report>
				<misses>140300000</misses>
				<total>3</total>
				<timestamp>4910.991051</timestamp>
			</report>
			<report>
				<misses>140400000</misses>
				<total>3</total>
				<timestamp>4914.491477</timestamp>
			</report>
			<report>
				<misses>140500000</misses>
				<total>3</total>
				<timestamp>4917.991645</timestamp>
			</report>
			<report>
				<misses>140600000</misses>
				<total>3</total>
				<timestamp>4921.491696</timestamp>
			</report>
			<report>
				<misses>140700000</misses>
				<total>3</total>
				<timestamp>4924.991708</timestamp>
			</report>
			<report>
				<misses>140800000</misses>
				<total>3</total>
				<timestamp>4928.491702</timestamp>
			</report>
			<report>
				<misses>140900000</misses>
				<total>3</total>
				<timestamp>4931.992114</timestamp>
			</report>
			<report>
				<misses>141000000</misses>
				<total>3</total>
				<timestamp>4935.492899</timestamp>
			</report>
			<report>
				<misses>141100000</misses>
				<total>3</total>
				<timestamp>4938.993868</timestamp>
			</report>
			<report>
				<misses>141200000</misses>
				<total>3</total>
				<timestamp>4942.494094</timestamp>
			</report>
			<report>
				<misses>141300000</misses>
				<total>3</total>
				<timestamp>4945.994805</timestamp>
			</report>
			<report>
				<misses>141400000</misses>
				<total>3</total>
				<timestamp>4949.494893</timestamp>
			</report>
			<report>
				<misses>141500000</misses>
				<total>3</total>
				<timestamp>4952.995184</timestamp>
			</report>
			<report>
				<misses>141600000</misses>
				<total>3</total>
				<timestamp>4956.495601</timestamp>
			</report>
			<report>
				<misses>141700000</misses>
				<total>3</total>
				<timestamp>4959.996220</timestamp>
			</report>
			<report>
				<misses>141800000</misses>
				<total>3</total>
				<timestamp>4963.496392</timestamp>
			</report>
			<report>
				<misses>141900000</misses>
				<total>3</total>
				<timestamp>4966.996423</timestamp>
			</report>
			<report>
				<misses>142000000</misses>
				<total>3</total>
				<timestamp>4970.496413</timestamp>
			</report>
			<report>
				<misses>142100000</misses>
				<total>3</total>
				<timestamp>4973.996428</timestamp>
			</report>
			<report>
				<misses>142200000</misses>
				<total>3</total>
				<timestamp>4977.496547</timestamp>
			</report>
			<report>
				<misses>142300000</misses>
				<total>3</total>
				<timestamp>4980.997751</timestamp>
			</report>
			<report>
				<misses>142400000</misses>
				<total>3</total>
				<timestamp>4984.498931</timestamp>
			</report>
			<report>
				<misses>142500000</misses>
				<total>3</total>
				<timestamp>4987.999245</timestamp>
			</report>
			<report>
				<misses>142600000</misses>
				<total>3</total>
				<timestamp>4991.500717</timestamp>
			</report>
			<report>
				<misses>142700000</misses>
				<total>3</total>
				<timestamp>4995.000751</timestamp>
			</report>
			<report>
				<misses>142800000</misses>
				<total>3</total>
				<timestamp>4998.500847</timestamp>
			</report>
			<report>
				<misses>142900000</misses>
				<total>3</total>
				<timestamp>5002.000920</timestamp>
			</report>
			<report>
				<misses>143000000</misses>
				<total>3</total>
				<timestamp>5005.501637</timestamp>
			</report>
			<report>
				<misses>143100000</misses>
				<total>3</total>
				<timestamp>5009.001796</timestamp>
			</report>
			<report>
				<misses>143200000</misses>
				<total>3</total>
				<timestamp>5012.502591</timestamp>
			</report>
			<report>
				<misses>143300000</misses>
				<total>3</total>
				<timestamp>5016.003172</timestamp>
			</report>
			<report>
				<misses>143400000</misses>
				<total>3</total>
				<timestamp>5019.503412</timestamp>
			</report>
			<report>
				<misses>143500000</misses>
				<total>3</total>
				<timestamp>5023.003629</timestamp>
			</report>
			<report>
				<misses>143600000</misses>
				<total>3</total>
				<timestamp>5026.504464</timestamp>
			</report>
			<report>
				<misses>143700000</misses>
				<total>3</total>
				<timestamp>5030.005146</timestamp>
			</report>
			<report>
				<misses>143800000</misses>
				<total>3</total>
				<timestamp>5033.505381</timestamp>
			</report>
			<report>
				<misses>143900000</misses>
				<total>3</total>
				<timestamp>5037.006203</timestamp>
			</report>
			<report>
				<misses>144000000</misses>
				<total>3</total>
				<timestamp>5040.506197</timestamp>
			</report>
			<report>
				<misses>144100000</misses>
				<total>3</total>
				<timestamp>5044.006172</timestamp>
			</report>
			<report>
				<misses>144200000</misses>
				<total>3</total>
				<timestamp>5047.506419</timestamp>
			</report>
			<report>
				<misses>144300000</misses>
				<total>3</total>
				<timestamp>5051.006424</timestamp>
			</report>
			<report>
				<misses>144400000</misses>
				<total>3</total>
				<timestamp>5054.506526</timestamp>
			</report>
			<report>
				<misses>144500000</misses>
				<total>3</total>
				<timestamp>5058.006529</timestamp>
			</report>
			<report>
				<misses>144600000</misses>
				<total>3</total>
				<timestamp>5061.506888</timestamp>
			</report>
			<report>
				<misses>144700000</misses>
				<total>3</total>
				<timestamp>5065.007347</timestamp>
			</report>
			<report>
				<misses>144800000</misses>
				<total>3</total>
				<timestamp>5068.507854</timestamp>
			</report>
			<report>
				<misses>144900000</misses>
				<total>3</total>
				<timestamp>5072.007851</timestamp>
			</report>
			<report>
				<misses>145000000</misses>
				<total>3</total>
				<timestamp>5075.507855</timestamp>
			</report>
			<report>
				<misses>145100000</misses>
				<total>3</total>
				<timestamp>5079.007854</timestamp>
			</report>
			<report>
				<misses>145200000</misses>
				<total>3</total>
				<timestamp>5082.509533</timestamp>
			</report>
			<report>
				<misses>145300000</misses>
				<total>3</total>
				<timestamp>5086.010889</timestamp>
			</report>
			<report>
				<misses>145400000</misses>
				<total>3</total>
				<timestamp>5089.511785</timestamp>
			</report>
			<report>
				<misses>145500000</misses>
				<total>3</total>
				<timestamp>5093.011973</timestamp>
			</report>
			<report>
				<misses>145600000</misses>
				<total>3</total>
				<timestamp>5096.511972</timestamp>
			</report>
			<report>
				<misses>145700000</misses>
				<total>3</total>
				<timestamp>5100.012456</timestamp>
			</report>
			<report>
				<misses>145800000</misses>
				<total>3</total>
				<timestamp>5103.513481</timestamp>
			</report>
			<report>
				<misses>145900000</misses>
				<total>3</total>
				<timestamp>5107.013830</timestamp>
			</report>
			<report>
				<misses>146000000</misses>
				<total>3</total>
				<timestamp>5110.514808</timestamp>
			</report>
			<report>
				<misses>146100000</misses>
				<total>3</total>
				<timestamp>5114.015588</timestamp>
			</report>
			<report>
				<misses>146200000</misses>
				<total>3</total>
				<timestamp>5117.516916</timestamp>
			</report>
			<report>
				<misses>146300000</misses>
				<total>3</total>
				<timestamp>5121.017453</timestamp>
			</report>
			<report>
				<misses>146400000</misses>
				<total>3</total>
				<timestamp>5124.517707</timestamp>
			</report>
			<report>
				<misses>146500000</misses>
				<total>3</total>
				<timestamp>5128.017700</timestamp>
			</report>
			<report>
				<misses>146600000</misses>
				<total>3</total>
				<timestamp>5131.517861</timestamp>
			</report>
			<report>
				<misses>146700000</misses>
				<total>3</total>
				<timestamp>5135.018265</timestamp>
			</report>
			<report>
				<misses>146800000</misses>
				<total>3</total>
				<timestamp>5138.518275</timestamp>
			</report>
			<report>
				<misses>146900000</misses>
				<total>3</total>
				<timestamp>5142.018251</timestamp>
			</report>
			<report>
				<misses>147000000</misses>
				<total>3</total>
				<timestamp>5145.518255</timestamp>
			</report>
			<report>
				<misses>147100000</misses>
				<total>3</total>
				<timestamp>5149.018258</timestamp>
			</report>
			<report>
				<misses>147200000</misses>
				<total>3</total>
				<timestamp>5152.518254</timestamp>
			</report>
			<report>
				<misses>147300000</misses>
				<total>3</total>
				<timestamp>5156.018289</timestamp>
			</report>
			<report>
				<misses>147400000</misses>
				<total>3</total>
				<timestamp>5159.519952</timestamp>
			</report>
			<report>
				<misses>147500000</misses>
				<total>3</total>
				<timestamp>5163.020278</timestamp>
			</report>
			<report>
				<misses>147600000</misses>
				<total>3</total>
				<timestamp>5166.520290</timestamp>
			</report>
			<report>
				<misses>147700000</misses>
				<total>3</total>
				<timestamp>5170.020311</timestamp>
			</report>
			<report>
				<misses>147800000</misses>
				<total>3</total>
				<timestamp>5173.520385</timestamp>
			</report>
			<report>
				<misses>147900000</misses>
				<total>3</total>
				<timestamp>5177.020595</timestamp>
			</report>
			<report>
				<misses>148000000</misses>
				<total>3</total>
				<timestamp>5180.520703</timestamp>
			</report>
			<report>
				<misses>148100000</misses>
				<total>3</total>
				<timestamp>5184.021500</timestamp>
			</report>
			<report>
				<misses>148200000</misses>
				<total>3</total>
				<timestamp>5187.521955</timestamp>
			</report>
			<report>
				<misses>148300000</misses>
				<total>3</total>
				<timestamp>5191.022024</timestamp>
			</report>
			<report>
				<misses>148400000</misses>
				<total>3</total>
				<timestamp>5194.522032</timestamp>
			</report>
			<report>
				<misses>148500000</misses>
				<total>3</total>
				<timestamp>5198.023124</timestamp>
			</report>
			<report>
				<misses>148600000</misses>
				<total>3</total>
				<timestamp>5201.523548</timestamp>
			</report>
			<report>
				<misses>148700000</misses>
				<total>3</total>
				<timestamp>5205.023701</timestamp>
			</report>
			<report>
				<misses>148800000</misses>
				<total>3</total>
				<timestamp>5208.523755</timestamp>
			</report>
			<report>
				<misses>148900000</misses>
				<total>3</total>
				<timestamp>5212.023954</timestamp>
			</report>
			<report>
				<misses>149000000</misses>
				<total>3</total>
				<timestamp>5215.524337</timestamp>
			</report>
			<report>
				<misses>149100000</misses>
				<total>3</total>
				<timestamp>5219.024707</timestamp>
			</report>
			<report>
				<misses>149200000</misses>
				<total>3</total>
				<timestamp>5222.525254</timestamp>
			</report>
			<report>
				<misses>149300000</misses>
				<total>3</total>
				<timestamp>5226.025270</timestamp>
			</report>
			<report>
				<misses>149400000</misses>
				<total>3</total>
				<timestamp>5229.525243</timestamp>
			</report>
			<report>
				<misses>149500000</misses>
				<total>3</total>
				<timestamp>5233.025446</timestamp>
			</report>
			<report>
				<misses>149600000</misses>
				<total>3</total>
				<timestamp>5236.525421</timestamp>
			</report>
			<report>
				<misses>149700000</misses>
				<total>3</total>
				<timestamp>5240.025471</timestamp>
			</report>
			<report>
				<misses>149800000</misses>
				<total>3</total>
				<timestamp>5243.525489</timestamp>
			</report>
			<report>
				<misses>149900000</misses>
				<total>3</total>
				<timestamp>5247.025550</timestamp>
			</report>
			<report>
				<misses>150000000</misses>
				<total>3</total>
				<timestamp>5250.525553</timestamp>
			</report>
			<report>
				<misses>150100000</misses>
				<total>3</total>
				<timestamp>5254.025566</timestamp>
			</report>
			<report>
				<misses>150200000</misses>
				<total>3</total>
				<timestamp>5257.525681</timestamp>
			</report>
			<report>
				<misses>150300000</misses>
				<total>3</total>
				<timestamp>5261.025881</timestamp>
			</report>
			<report>
				<misses>150400000</misses>
				<total>3</total>
				<timestamp>5264.526090</timestamp>
			</report>
			<report>
				<misses>150500000</misses>
				<total>3</total>
				<timestamp>5268.026104</timestamp>
			</report>
			<report>
				<misses>150600000</misses>
				<total>3</total>
				<timestamp>5271.526167</timestamp>
			</report>
			<report>
				<misses>150700000</misses>
				<total>3</total>
				<timestamp>5275.026189</timestamp>
			</report>
			<report>
				<misses>150800000</misses>
				<total>3</total>
				<timestamp>5278.526195</timestamp>
			</report>
			<report>
				<misses>150900000</misses>
				<total>3</total>
				<timestamp>5282.026275</timestamp>
			</report>
			<report>
				<misses>151000000</misses>
				<total>3</total>
				<timestamp>5285.526479</timestamp>
			</report>
			<report>
				<misses>151100000</misses>
				<total>3</total>
				<timestamp>5289.027741</timestamp>
			</report>
			<report>
				<misses>151200000</misses>
				<total>3</total>
				<timestamp>5292.528577</timestamp>
			</report>
			<report>
				<misses>151300000</misses>
				<total>3</total>
				<timestamp>5296.029559</timestamp>
			</report>
			<report>
				<misses>151400000</misses>
				<total>3</total>
				<timestamp>5299.529945</timestamp>
			</report>
			<report>
				<misses>151500000</misses>
				<total>3</total>
				<timestamp>5303.030043</timestamp>
			</report>
			<report>
				<misses>151600000</misses>
				<total>3</total>
				<timestamp>5306.530092</timestamp>
			</report>
			<report>
				<misses>151700000</misses>
				<total>3</total>
				<timestamp>5310.031421</timestamp>
			</report>
			<report>
				<misses>151800000</misses>
				<total>3</total>
				<timestamp>5313.532105</timestamp>
			</report>
			<report>
				<misses>151900000</misses>
				<total>3</total>
				<timestamp>5317.032332</timestamp>
			</report>
			<report>
				<misses>152000000</misses>
				<total>3</total>
				<timestamp>5320.532442</timestamp>
			</report>
			<report>
				<misses>152100000</misses>
				<total>3</total>
				<timestamp>5324.032491</timestamp>
			</report>
			<report>
				<misses>152200000</misses>
				<total>3</total>
				<timestamp>5327.532530</timestamp>
			</report>
			<report>
				<misses>152300000</misses>
				<total>3</total>
				<timestamp>5331.032603</timestamp>
			</report>
			<report>
				<misses>152400000</misses>
				<total>3</total>
				<timestamp>5334.532672</timestamp>
			</report>
			<report>
				<misses>152500000</misses>
				<total>3</total>
				<timestamp>5338.032740</timestamp>
			</report>
			<report>
				<misses>152600000</misses>
				<total>3</total>
				<timestamp>5341.532832</timestamp>
			</report>
			<report>
				<misses>152700000</misses>
				<total>3</total>
				<timestamp>5345.032901</timestamp>
			</report>
			<report>
				<misses>152800000</misses>
				<total>3</total>
				<timestamp>5348.533485</timestamp>
			</report>
			<report>
				<misses>152900000</misses>
				<total>3</total>
				<timestamp>5352.034846</timestamp>
			</report>
			<report>
				<misses>153000000</misses>
				<total>3</total>
				<timestamp>5355.534967</timestamp>
			</report>
			<report>
				<misses>153100000</misses>
				<total>3</total>
				<timestamp>5359.035436</timestamp>
			</report>
			<report>
				<misses>153200000</misses>
				<total>3</total>
				<timestamp>5362.535536</timestamp>
			</report>
			<report>
				<misses>153300000</misses>
				<total>3</total>
				<timestamp>5366.035569</timestamp>
			</report>
			<report>
				<misses>153400000</misses>
				<total>3</total>
				<timestamp>5369.536725</timestamp>
			</report>
			<report>
				<misses>153500000</misses>
				<total>3</total>
				<timestamp>5373.038297</timestamp>
			</report>
			<report>
				<misses>153600000</misses>
				<total>3</total>
				<timestamp>5376.538328</timestamp>
			</report>
			<report>
				<misses>153700000</misses>
				<total>3</total>
				<timestamp>5380.038338</timestamp>
			</report>
			<report>
				<misses>153800000</misses>
				<total>3</total>
				<timestamp>5383.538373</timestamp>
			</report>
			<report>
				<misses>153900000</misses>
				<total>3</total>
				<timestamp>5387.038417</timestamp>
			</report>
			<report>
				<misses>154000000</misses>
				<total>3</total>
				<timestamp>5390.538507</timestamp>
			</report>
			<report>
				<misses>154100000</misses>
				<total>3</total>
				<timestamp>5394.038541</timestamp>
			</report>
			<report>
				<misses>154200000</misses>
				<total>3</total>
				<timestamp>5397.538558</timestamp>
			</report>
			<report>
				<misses>154300000</misses>
				<total>3</total>
				<timestamp>5401.038633</timestamp>
			</report>
			<report>
				<misses>154400000</misses>
				<total>3</total>
				<timestamp>5404.538659</timestamp>
			</report>
			<report>
				<misses>154500000</misses>
				<total>3</total>
				<timestamp>5408.038759</timestamp>
			</report>
			<report>
				<misses>154600000</misses>
				<total>3</total>
				<timestamp>5411.538790</timestamp>
			</report>
			<report>
				<misses>154700000</misses>
				<total>3</total>
				<timestamp>5415.038931</timestamp>
			</report>
			<report>
				<misses>154800000</misses>
				<total>3</total>
				<timestamp>5418.538932</timestamp>
			</report>
			<report>
				<misses>154900000</misses>
				<total>3</total>
				<timestamp>5422.039041</timestamp>
			</report>
			<report>
				<misses>155000000</misses>
				<total>3</total>
				<timestamp>5425.539275</timestamp>
			</report>
			<report>
				<misses>155100000</misses>
				<total>3</total>
				<timestamp>5429.039306</timestamp>
			</report>
			<report>
				<misses>155200000</misses>
				<total>3</total>
				<timestamp>5432.539347</timestamp>
			</report>
			<report>
				<misses>155300000</misses>
				<total>3</total>
				<timestamp>5436.039438</timestamp>
			</report>
			<report>
				<misses>155400000</misses>
				<total>3</total>
				<timestamp>5439.540049</timestamp>
			</report>
			<report>
				<misses>155500000</misses>
				<total>3</total>
				<timestamp>5443.040153</timestamp>
			</report>
			<report>
				<misses>155600000</misses>
				<total>3</total>
				<timestamp>5446.540176</timestamp>
			</report>
			<report>
				<misses>155700000</misses>
				<total>3</total>
				<timestamp>5450.040199</timestamp>
			</report>
			<report>
				<misses>155800000</misses>
				<total>3</total>
				<timestamp>5453.540204</timestamp>
			</report>
			<report>
				<misses>155900000</misses>
				<total>3</total>
				<timestamp>5457.040261</timestamp>
			</report>
			<report>
				<misses>156000000</misses>
				<total>3</total>
				<timestamp>5460.540376</timestamp>
			</report>
			<report>
				<misses>156100000</misses>
				<total>3</total>
				<timestamp>5464.040575</timestamp>
			</report>
			<report>
				<misses>156200000</misses>
				<total>3</total>
				<timestamp>5467.540691</timestamp>
			</report>
			<report>
				<misses>156300000</misses>
				<total>3</total>
				<timestamp>5471.040952</timestamp>
			</report>
			<report>
				<misses>156400000</misses>
				<total>3</total>
				<timestamp>5474.541703</timestamp>
			</report>
			<report>
				<misses>156500000</misses>
				<total>3</total>
				<timestamp>5478.041985</timestamp>
			</report>
			<report>
				<misses>156600000</misses>
				<total>3</total>
				<timestamp>5481.542087</timestamp>
			</report>
			<report>
				<misses>156700000</misses>
				<total>3</total>
				<timestamp>5485.042149</timestamp>
			</report>
			<report>
				<misses>156800000</misses>
				<total>3</total>
				<timestamp>5488.542208</timestamp>
			</report>
			<report>
				<misses>156900000</misses>
				<total>3</total>
				<timestamp>5492.043027</timestamp>
			</report>
			<report>
				<misses>157000000</misses>
				<total>3</total>
				<timestamp>5495.543331</timestamp>
			</report>
			<report>
				<misses>157100000</misses>
				<total>4</total>
				<timestamp>5499.043330</timestamp>
			</report>
			<report>
				<misses>157200000</misses>
				<total>4</total>
				<timestamp>5502.543312</timestamp>
			</report>
			<report>
				<misses>157300000</misses>
				<total>4</total>
				<timestamp>5506.043524</timestamp>
			</report>
			<report>
				<misses>157400000</misses>
				<total>4</total>
				<timestamp>5509.543721</timestamp>
			</report>
			<report>
				<misses>157500000</misses>
				<total>4</total>
				<timestamp>5513.043809</timestamp>
			</report>
			<report>
				<misses>157600000</misses>
				<total>4</total>
				<timestamp>5516.543882</timestamp>
			</report>
			<report>
				<misses>157700000</misses>
				<total>4</total>
				<timestamp>5520.044374</timestamp>
			</report>
			<report>
				<misses>157800000</misses>
				<total>4</total>
				<timestamp>5523.544391</timestamp>
			</report>
			<report>
				<misses>157900000</misses>
				<total>4</total>
				<timestamp>5527.044391</timestamp>
			</report>
			<report>
				<misses>158000000</misses>
				<total>4</total>
				<timestamp>5530.544568</timestamp>
			</report>
			<report>
				<misses>158100000</misses>
				<total>4</total>
				<timestamp>5534.045159</timestamp>
			</report>
			<report>
				<misses>158200000</misses>
				<total>4</total>
				<timestamp>5537.546502</timestamp>
			</report>
			<report>
				<misses>158300000</misses>
				<total>4</total>
				<timestamp>5541.047187</timestamp>
			</report>
			<report>
				<misses>158400000</misses>
				<total>4</total>
				<timestamp>5544.547193</timestamp>
			</report>
			<report>
				<misses>158500000</misses>
				<total>4</total>
				<timestamp>5548.047217</timestamp>
			</report>
			<report>
				<misses>158600000</misses>
				<total>4</total>
				<timestamp>5551.548093</timestamp>
			</report>
			<report>
				<misses>158700000</misses>
				<total>4</total>
				<timestamp>5555.049331</timestamp>
			</report>
			<report>
				<misses>158800000</misses>
				<total>5</total>
				<timestamp>5558.550769</timestamp>
			</report>
			<report>
				<misses>158900000</misses>
				<total>5</total>
				<timestamp>5562.051680</timestamp>
			</report>
			<report>
				<misses>159000000</misses>
				<total>5</total>
				<timestamp>5565.551853</timestamp>
			</report>
			<report>
				<misses>159100000</misses>
				<total>5</total>
				<timestamp>5569.051847</timestamp>
			</report>
			<report>
				<misses>159200000</misses>
				<total>5</total>
				<timestamp>5572.551867</timestamp>
			</report>
			<report>
				<misses>159300000</misses>
				<total>5</total>
				<timestamp>5576.051962</timestamp>
			</report>
			<report>
				<misses>159400000</misses>
				<total>5</total>
				<timestamp>5579.552510</timestamp>
			</report>
			<report>
				<misses>159500000</misses>
				<total>5</total>
				<timestamp>5583.052628</timestamp>
			</report>
			<report>
				<misses>159600000</misses>
				<total>5</total>
				<timestamp>5586.552746</timestamp>
			</report>
			<report>
				<misses>159700000</misses>
				<total>5</total>
				<timestamp>5590.052761</timestamp>
			</report>
			<report>
				<misses>159800000</misses>
				<total>5</total>
				<timestamp>5593.552783</timestamp>
			</report>
			<report>
				<misses>159900000</misses>
				<total>5</total>
				<timestamp>5597.053568</timestamp>
			</report>
			<report>
				<misses>160000000</misses>
				<total>5</total>
				<timestamp>5600.553686</timestamp>
			</report>
			<report>
				<misses>160100000</misses>
				<total>5</total>
				<timestamp>5604.053851</timestamp>
			</report>
			<report>
				<misses>160200000</misses>
				<total>5</total>
				<timestamp>5607.553900</timestamp>
			</report>
			<report>
				<misses>160300000</misses>
				<total>5</total>
				<timestamp>5611.054740</timestamp>
			</report>
			<report>
				<misses>160400000</misses>
				<total>5</total>
				<timestamp>5614.555003</timestamp>
			</report>
			<report>
				<misses>160500000</misses>
				<total>5</total>
				<timestamp>5618.056115</timestamp>
			</report>
			<report>
				<misses>160600000</misses>
				<total>5</total>
				<timestamp>5621.556807</timestamp>
			</report>
			<report>
				<misses>160700000</misses>
				<total>5</total>
				<timestamp>5625.056855</timestamp>
			</report>
			<report>
				<misses>160800000</misses>
				<total>5</total>
				<timestamp>5628.557068</timestamp>
			</report>
			<report>
				<misses>160900000</misses>
				<total>5</total>
				<timestamp>5632.057219</timestamp>
			</report>
			<report>
				<misses>161000000</misses>
				<total>6</total>
				<timestamp>5635.557910</timestamp>
			</report>
			<report>
				<misses>161100000</misses>
				<total>6</total>
				<timestamp>5639.058017</timestamp>
			</report>
			<report>
				<misses>161200000</misses>
				<total>6</total>
				<timestamp>5642.558262</timestamp>
			</report>
			<report>
				<misses>161300000</misses>
				<total>6</total>
				<timestamp>5646.058479</timestamp>
			</report>
			<report>
				<misses>161400000</misses>
				<total>6</total>
				<timestamp>5649.558567</timestamp>
			</report>
			<report>
				<misses>161500000</misses>
				<total>6</total>
				<timestamp>5653.058570</timestamp>
			</report>
			<report>
				<misses>161600000</misses>
				<total>6</total>
				<timestamp>5656.558986</timestamp>
			</report>
			<report>
				<misses>161700000</misses>
				<total>6</total>
				<timestamp>5660.059241</timestamp>
			</report>
			<report>
				<misses>161800000</misses>
				<total>6</total>
				<timestamp>5663.559233</timestamp>
			</report>
			<report>
				<misses>161900000</misses>
				<total>6</total>
				<timestamp>5667.059226</timestamp>
			</report>
			<report>
				<misses>162000000</misses>
				<total>6</total>
				<timestamp>5670.559240</timestamp>
			</report>
			<report>
				<misses>162100000</misses>
				<total>6</total>
				<timestamp>5674.059236</timestamp>
			</report>
			<report>
				<misses>162200000</misses>
				<total>6</total>
				<timestamp>5677.559234</timestamp>
			</report>
			<report>
				<misses>162300000</misses>
				<total>6</total>
				<timestamp>5681.059235</timestamp>
			</report>
			<report>
				<misses>162400000</misses>
				<total>6</total>
				<timestamp>5684.559240</timestamp>
			</report>
			<report>
				<misses>162500000</misses>
				<total>6</total>
				<timestamp>5688.059250</timestamp>
			</report>
			<report>
				<misses>162600000</misses>
				<total>6</total>
				<timestamp>5691.559296</timestamp>
			</report>
			<report>
				<misses>162700000</misses>
				<total>6</total>
				<timestamp>5695.060330</timestamp>
			</report>
			<report>
				<misses>162800000</misses>
				<total>6</total>
				<timestamp>5698.561381</timestamp>
			</report>
			<report>
				<misses>162900000</misses>
				<total>6</total>
				<timestamp>5702.061460</timestamp>
			</report>
			<report>
				<misses>163000000</misses>
				<total>6</total>
				<timestamp>5705.562275</timestamp>
			</report>
			<report>
				<misses>163100000</misses>
				<total>6</total>
				<timestamp>5709.062530</timestamp>
			</report>
			<report>
				<misses>163200000</misses>
				<total>6</total>
				<timestamp>5712.562525</timestamp>
			</report>
			<report>
				<misses>163300000</misses>
				<total>6</total>
				<timestamp>5716.062704</timestamp>
			</report>
			<report>
				<misses>163400000</misses>
				<total>6</total>
				<timestamp>5719.562837</timestamp>
			</report>
			<report>
				<misses>163500000</misses>
				<total>6</total>
				<timestamp>5723.064348</timestamp>
			</report>
			<report>
				<misses>163600000</misses>
				<total>6</total>
				<timestamp>5726.564632</timestamp>
			</report>
			<report>
				<misses>163700000</misses>
				<total>6</total>
				<timestamp>5730.065300</timestamp>
			</report>
			<report>
				<misses>163800000</misses>
				<total>6</total>
				<timestamp>5733.565300</timestamp>
			</report>
			<report>
				<misses>163900000</misses>
				<total>6</total>
				<timestamp>5737.065315</timestamp>
			</report>
			<report>
				<misses>164000000</misses>
				<total>6</total>
				<timestamp>5740.565373</timestamp>
			</report>
			<report>
				<misses>164100000</misses>
				<total>6</total>
				<timestamp>5744.065368</timestamp>
			</report>
			<report>
				<misses>164200000</misses>
				<total>6</total>
				<timestamp>5747.566374</timestamp>
			</report>
			<report>
				<misses>164300000</misses>
				<total>6</total>
				<timestamp>5751.066860</timestamp>
			</report>
			<report>
				<misses>164400000</misses>
				<total>6</total>
				<timestamp>5754.567805</timestamp>
			</report>
			<report>
				<misses>164500000</misses>
				<total>6</total>
				<timestamp>5758.068265</timestamp>
			</report>
			<report>
				<misses>164600000</misses>
				<total>6</total>
				<timestamp>5761.568262</timestamp>
			</report>
			<report>
				<misses>164700000</misses>
				<total>6</total>
				<timestamp>5765.068771</timestamp>
			</report>
			<report>
				<misses>164800000</misses>
				<total>6</total>
				<timestamp>5768.568763</timestamp>
			</report>
			<report>
				<misses>164900000</misses>
				<total>6</total>
				<timestamp>5772.068757</timestamp>
			</report>
			<report>
				<misses>165000000</misses>
				<total>6</total>
				<timestamp>5775.568778</timestamp>
			</report>
			<report>
				<misses>165100000</misses>
				<total>6</total>
				<timestamp>5779.068754</timestamp>
			</report>
			<report>
				<misses>165200000</misses>
				<total>6</total>
				<timestamp>5782.568748</timestamp>
			</report>
			<report>
				<misses>165300000</misses>
				<total>6</total>
				<timestamp>5786.068790</timestamp>
			</report>
			<report>
				<misses>165400000</misses>
				<total>6</total>
				<timestamp>5789.569398</timestamp>
			</report>
			<report>
				<misses>165500000</misses>
				<total>6</total>
				<timestamp>5793.070821</timestamp>
			</report>
			<report>
				<misses>165600000</misses>
				<total>6</total>
				<timestamp>5796.571418</timestamp>
			</report>
			<report>
				<misses>165700000</misses>
				<total>6</total>
				<timestamp>5800.071751</timestamp>
			</report>
			<report>
				<misses>165800000</misses>
				<total>6</total>
				<timestamp>5803.573546</timestamp>
			</report>
			<report>
				<misses>165900000</misses>
				<total>6</total>
				<timestamp>5807.074343</timestamp>
			</report>
			<report>
				<misses>166000000</misses>
				<total>6</total>
				<timestamp>5810.574434</timestamp>
			</report>
			<report>
				<misses>166100000</misses>
				<total>6</total>
				<timestamp>5814.074474</timestamp>
			</report>
			<report>
				<misses>166200000</misses>
				<total>6</total>
				<timestamp>5817.574852</timestamp>
			</report>
			<report>
				<misses>166300000</misses>
				<total>6</total>
				<timestamp>5821.075528</timestamp>
			</report>
			<report>
				<misses>166400000</misses>
				<total>6</total>
				<timestamp>5824.577025</timestamp>
			</report>
			<report>
				<misses>166500000</misses>
				<total>6</total>
				<timestamp>5828.077212</timestamp>
			</report>
			<report>
				<misses>166600000</misses>
				<total>6</total>
				<timestamp>5831.577788</timestamp>
			</report>
			<report>
				<misses>166700000</misses>
				<total>6</total>
				<timestamp>5835.078694</timestamp>
			</report>
			<report>
				<misses>166800000</misses>
				<total>6</total>
				<timestamp>5838.580588</timestamp>
			</report>
			<report>
				<misses>166900000</misses>
				<total>6</total>
				<timestamp>5842.081090</timestamp>
			</report>
			<report>
				<misses>167000000</misses>
				<total>6</total>
				<timestamp>5845.581078</timestamp>
			</report>
			<report>
				<misses>167100000</misses>
				<total>6</total>
				<timestamp>5849.081197</timestamp>
			</report>
			<report>
				<misses>167200000</misses>
				<total>6</total>
				<timestamp>5852.582862</timestamp>
			</report>
			<report>
				<misses>167300000</misses>
				<total>6</total>
				<timestamp>5856.083043</timestamp>
			</report>
			<report>
				<misses>167400000</misses>
				<total>6</total>
				<timestamp>5859.583032</timestamp>
			</report>
			<report>
				<misses>167500000</misses>
				<total>6</total>
				<timestamp>5863.083037</timestamp>
			</report>
			<report>
				<misses>167600000</misses>
				<total>6</total>
				<timestamp>5866.583074</timestamp>
			</report>
			<report>
				<misses>167700000</misses>
				<total>6</total>
				<timestamp>5870.083071</timestamp>
			</report>
			<report>
				<misses>167800000</misses>
				<total>6</total>
				<timestamp>5873.583179</timestamp>
			</report>
			<report>
				<misses>167900000</misses>
				<total>6</total>
				<timestamp>5877.083319</timestamp>
			</report>
			<report>
				<misses>168000000</misses>
				<total>6</total>
				<timestamp>5880.584259</timestamp>
			</report>
			<report>
				<misses>168100000</misses>
				<total>6</total>
				<timestamp>5884.085239</timestamp>
			</report>
			<report>
				<misses>168200000</misses>
				<total>6</total>
				<timestamp>5887.585353</timestamp>
			</report>
			<report>
				<misses>168300000</misses>
				<total>6</total>
				<timestamp>5891.086028</timestamp>
			</report>
			<report>
				<misses>168400000</misses>
				<total>6</total>
				<timestamp>5894.586959</timestamp>
			</report>
			<report>
				<misses>168500000</misses>
				<total>6</total>
				<timestamp>5898.087244</timestamp>
			</report>
			<report>
				<misses>168600000</misses>
				<total>6</total>
				<timestamp>5901.587251</timestamp>
			</report>
			<report>
				<misses>168700000</misses>
				<total>6</total>
				<timestamp>5905.087439</timestamp>
			</report>
			<report>
				<misses>168800000</misses>
				<total>6</total>
				<timestamp>5908.587561</timestamp>
			</report>
			<report>
				<misses>168900000</misses>
				<total>6</total>
				<timestamp>5912.088362</timestamp>
			</report>
			<report>
				<misses>169000000</misses>
				<total>6</total>
				<timestamp>5915.588949</timestamp>
			</report>
			<report>
				<misses>169100000</misses>
				<total>6</total>
				<timestamp>5919.089651</timestamp>
			</report>
			<report>
				<misses>169200000</misses>
				<total>6</total>
				<timestamp>5922.590537</timestamp>
			</report>
			<report>
				<misses>169300000</misses>
				<total>6</total>
				<timestamp>5926.092198</timestamp>
			</report>
			<report>
				<misses>169400000</misses>
				<total>6</total>
				<timestamp>5929.592239</timestamp>
			</report>
			<report>
				<misses>169500000</misses>
				<total>6</total>
				<timestamp>5933.092290</timestamp>
			</report>
			<report>
				<misses>169600000</misses>
				<total>6</total>
				<timestamp>5936.592281</timestamp>
			</report>
			<report>
				<misses>169700000</misses>
				<total>6</total>
				<timestamp>5940.092308</timestamp>
			</report>
			<report>
				<misses>169800000</misses>
				<total>6</total>
				<timestamp>5943.592395</timestamp>
			</report>
			<report>
				<misses>169900000</misses>
				<total>6</total>
				<timestamp>5947.092911</timestamp>
			</report>
			<report>
				<misses>170000000</misses>
				<total>6</total>
				<timestamp>5950.593145</timestamp>
			</report>
			<report>
				<misses>170100000</misses>
				<total>6</total>
				<timestamp>5954.093652</timestamp>
			</report>
			<report>
				<misses>170200000</misses>
				<total>6</total>
				<timestamp>5957.594064</timestamp>
			</report>
			<report>
				<misses>170300000</misses>
				<total>6</total>
				<timestamp>5961.094174</timestamp>
			</report>
			<report>
				<misses>170400000</misses>
				<total>6</total>
				<timestamp>5964.594237</timestamp>
			</report>
			<report>
				<misses>170500000</misses>
				<total>6</total>
				<timestamp>5968.094596</timestamp>
			</report>
			<report>
				<misses>170600000</misses>
				<total>6</total>
				<timestamp>5971.594666</timestamp>
			</report>
			<report>
				<misses>170700000</misses>
				<total>6</total>
				<timestamp>5975.095214</timestamp>
			</report>
			<report>
				<misses>170800000</misses>
				<total>6</total>
				<timestamp>5978.595300</timestamp>
			</report>
			<report>
				<misses>170900000</misses>
				<total>6</total>
				<timestamp>5982.095529</timestamp>
			</report>
			<report>
				<misses>171000000</misses>
				<total>6</total>
				<timestamp>5985.596662</timestamp>
			</report>
			<report>
				<misses>171100000</misses>
				<total>6</total>
				<timestamp>5989.097205</timestamp>
			</report>
			<report>
				<misses>171200000</misses>
				<total>6</total>
				<timestamp>5992.598474</timestamp>
			</report>
			<report>
				<misses>171300000</misses>
				<total>6</total>
				<timestamp>5996.098715</timestamp>
			</report>
			<report>
				<misses>171400000</misses>
				<total>6</total>
				<timestamp>5999.598744</timestamp>
			</report>
			<report>
				<misses>171500000</misses>
				<total>6</total>
				<timestamp>6003.098818</timestamp>
			</report>
			<report>
				<misses>171600000</misses>
				<total>6</total>
				<timestamp>6006.600166</timestamp>
			</report>
			<report>
				<misses>171700000</misses>
				<total>6</total>
				<timestamp>6010.101095</timestamp>
			</report>
			<report>
				<misses>171800000</misses>
				<total>6</total>
				<timestamp>6013.601393</timestamp>
			</report>
			<report>
				<misses>171900000</misses>
				<total>6</total>
				<timestamp>6017.102167</timestamp>
			</report>
			<report>
				<misses>172000000</misses>
				<total>6</total>
				<timestamp>6020.602884</timestamp>
			</report>
			<report>
				<misses>172100000</misses>
				<total>6</total>
				<timestamp>6024.103101</timestamp>
			</report>
			<report>
				<misses>172200000</misses>
				<total>6</total>
				<timestamp>6027.603159</timestamp>
			</report>
			<report>
				<misses>172300000</misses>
				<total>6</total>
				<timestamp>6031.103239</timestamp>
			</report>
			<report>
				<misses>172400000</misses>
				<total>6</total>
				<timestamp>6034.603237</timestamp>
			</report>
			<report>
				<misses>172500000</misses>
				<total>6</total>
				<timestamp>6038.103234</timestamp>
			</report>
			<report>
				<misses>172600000</misses>
				<total>6</total>
				<timestamp>6041.603352</timestamp>
			</report>
			<report>
				<misses>172700000</misses>
				<total>6</total>
				<timestamp>6045.103528</timestamp>
			</report>
			<report>
				<misses>172800000</misses>
				<total>6</total>
				<timestamp>6048.603764</timestamp>
			</report>
			<report>
				<misses>172900000</misses>
				<total>6</total>
				<timestamp>6052.104331</timestamp>
			</report>
			<report>
				<misses>173000000</misses>
				<total>6</total>
				<timestamp>6055.604983</timestamp>
			</report>
			<report>
				<misses>173100000</misses>
				<total>6</total>
				<timestamp>6059.105295</timestamp>
			</report>
			<report>
				<misses>173200000</misses>
				<total>6</total>
				<timestamp>6062.605305</timestamp>
			</report>
			<report>
				<misses>173300000</misses>
				<total>6</total>
				<timestamp>6066.105297</timestamp>
			</report>
			<report>
				<misses>173400000</misses>
				<total>6</total>
				<timestamp>6069.605364</timestamp>
			</report>
			<report>
				<misses>173500000</misses>
				<total>6</total>
				<timestamp>6073.105458</timestamp>
			</report>
			<report>
				<misses>173600000</misses>
				<total>6</total>
				<timestamp>6076.605501</timestamp>
			</report>
			<report>
				<misses>173700000</misses>
				<total>6</total>
				<timestamp>6080.106437</timestamp>
			</report>
			<report>
				<misses>173800000</misses>
				<total>6</total>
				<timestamp>6083.606865</timestamp>
			</report>
			<report>
				<misses>173900000</misses>
				<total>6</total>
				<timestamp>6087.106868</timestamp>
			</report>
			<report>
				<misses>174000000</misses>
				<total>6</total>
				<timestamp>6090.606867</timestamp>
			</report>
			<report>
				<misses>174100000</misses>
				<total>6</total>
				<timestamp>6094.106870</timestamp>
			</report>
			<report>
				<misses>174200000</misses>
				<total>6</total>
				<timestamp>6097.606874</timestamp>
			</report>
			<report>
				<misses>174300000</misses>
				<total>6</total>
				<timestamp>6101.106943</timestamp>
			</report>
			<report>
				<misses>174400000</misses>
				<total>6</total>
				<timestamp>6104.607366</timestamp>
			</report>
			<report>
				<misses>174500000</misses>
				<total>6</total>
				<timestamp>6108.107885</timestamp>
			</report>
			<report>
				<misses>174600000</misses>
				<total>6</total>
				<timestamp>6111.608929</timestamp>
			</report>
			<report>
				<misses>174700000</misses>
				<total>6</total>
				<timestamp>6115.108930</timestamp>
			</report>
			<report>
				<misses>174800000</misses>
				<total>6</total>
				<timestamp>6118.608933</timestamp>
			</report>
			<report>
				<misses>174900000</misses>
				<total>6</total>
				<timestamp>6122.108943</timestamp>
			</report>
			<report>
				<misses>175000000</misses>
				<total>6</total>
				<timestamp>6125.609537</timestamp>
			</report>
			<report>
				<misses>175100000</misses>
				<total>6</total>
				<timestamp>6129.110474</timestamp>
			</report>
			<report>
				<misses>175200000</misses>
				<total>6</total>
				<timestamp>6132.610805</timestamp>
			</report>
			<report>
				<misses>175300000</misses>
				<total>6</total>
				<timestamp>6136.110780</timestamp>
			</report>
			<report>
				<misses>175400000</misses>
				<total>6</total>
				<timestamp>6139.611461</timestamp>
			</report>
			<report>
				<misses>175500000</misses>
				<total>6</total>
				<timestamp>6143.112609</timestamp>
			</report>
			<report>
				<misses>175600000</misses>
				<total>6</total>
				<timestamp>6146.613281</timestamp>
			</report>
			<report>
				<misses>175700000</misses>
				<total>6</total>
				<timestamp>6150.113918</timestamp>
			</report>
			<report>
				<misses>175800000</misses>
				<total>6</total>
				<timestamp>6153.613970</timestamp>
			</report>
			<report>
				<misses>175900000</misses>
				<total>6</total>
				<timestamp>6157.114058</timestamp>
			</report>
			<report>
				<misses>176000000</misses>
				<total>6</total>
				<timestamp>6160.614697</timestamp>
			</report>
			<report>
				<misses>176100000</misses>
				<total>6</total>
				<timestamp>6164.114675</timestamp>
			</report>
			<report>
				<misses>176200000</misses>
				<total>6</total>
				<timestamp>6167.614680</timestamp>
			</report>
			<report>
				<misses>176300000</misses>
				<total>6</total>
				<timestamp>6171.114675</timestamp>
			</report>
			<report>
				<misses>176400000</misses>
				<total>6</total>
				<timestamp>6174.616078</timestamp>
			</report>
			<report>
				<misses>176500000</misses>
				<total>6</total>
				<timestamp>6178.116921</timestamp>
			</report>
			<report>
				<misses>176600000</misses>
				<total>6</total>
				<timestamp>6181.617439</timestamp>
			</report>
			<report>
				<misses>176700000</misses>
				<total>6</total>
				<timestamp>6185.118612</timestamp>
			</report>
			<report>
				<misses>176800000</misses>
				<total>6</total>
				<timestamp>6188.619398</timestamp>
			</report>
			<report>
				<misses>176900000</misses>
				<total>6</total>
				<timestamp>6192.120333</timestamp>
			</report>
			<report>
				<misses>177000000</misses>
				<total>6</total>
				<timestamp>6195.621471</timestamp>
			</report>
			<report>
				<misses>177100000</misses>
				<total>6</total>
				<timestamp>6199.122285</timestamp>
			</report>
			<report>
				<misses>177200000</misses>
				<total>6</total>
				<timestamp>6202.622873</timestamp>
			</report>
			<report>
				<misses>177300000</misses>
				<total>6</total>
				<timestamp>6206.122925</timestamp>
			</report>
			<report>
				<misses>177400000</misses>
				<total>6</total>
				<timestamp>6209.623086</timestamp>
			</report>
			<report>
				<misses>177500000</misses>
				<total>6</total>
				<timestamp>6213.124766</timestamp>
			</report>
			<report>
				<misses>177600000</misses>
				<total>6</total>
				<timestamp>6216.625033</timestamp>
			</report>
			<report>
				<misses>177700000</misses>
				<total>6</total>
				<timestamp>6220.125146</timestamp>
			</report>
			<report>
				<misses>177800000</misses>
				<total>6</total>
				<timestamp>6223.625132</timestamp>
			</report>
			<report>
				<misses>177900000</misses>
				<total>6</total>
				<timestamp>6227.125157</timestamp>
			</report>
			<report>
				<misses>178000000</misses>
				<total>6</total>
				<timestamp>6230.625173</timestamp>
			</report>
			<report>
				<misses>178100000</misses>
				<total>6</total>
				<timestamp>6234.125759</timestamp>
			</report>
			<report>
				<misses>178200000</misses>
				<total>6</total>
				<timestamp>6237.626569</timestamp>
			</report>
			<report>
				<misses>178300000</misses>
				<total>6</total>
				<timestamp>6241.127197</timestamp>
			</report>
			<report>
				<misses>178400000</misses>
				<total>6</total>
				<timestamp>6244.627318</timestamp>
			</report>
			<report>
				<misses>178500000</misses>
				<total>6</total>
				<timestamp>6248.127303</timestamp>
			</report>
			<report>
				<misses>178600000</misses>
				<total>6</total>
				<timestamp>6251.627409</timestamp>
			</report>
			<report>
				<misses>178700000</misses>
				<total>6</total>
				<timestamp>6255.127946</timestamp>
			</report>
			<report>
				<misses>178800000</misses>
				<total>6</total>
				<timestamp>6258.628454</timestamp>
			</report>
			<report>
				<misses>178900000</misses>
				<total>6</total>
				<timestamp>6262.129454</timestamp>
			</report>
			<report>
				<misses>179000000</misses>
				<total>6</total>
				<timestamp>6265.629954</timestamp>
			</report>
			<report>
				<misses>179100000</misses>
				<total>6</total>
				<timestamp>6269.129925</timestamp>
			</report>
			<report>
				<misses>179200000</misses>
				<total>6</total>
				<timestamp>6272.629989</timestamp>
			</report>
			<report>
				<misses>179300000</misses>
				<total>6</total>
				<timestamp>6276.130048</timestamp>
			</report>
			<report>
				<misses>179400000</misses>
				<total>6</total>
				<timestamp>6279.630059</timestamp>
			</report>
			<report>
				<misses>179500000</misses>
				<total>6</total>
				<timestamp>6283.130275</timestamp>
			</report>
			<report>
				<misses>179600000</misses>
				<total>6</total>
				<timestamp>6286.630397</timestamp>
			</report>
			<report>
				<misses>179700000</misses>
				<total>6</total>
				<timestamp>6290.130914</timestamp>
			</report>
			<report>
				<misses>179800000</misses>
				<total>6</total>
				<timestamp>6293.631024</timestamp>
			</report>
			<report>
				<misses>179900000</misses>
				<total>6</total>
				<timestamp>6297.131015</timestamp>
			</report>
			<report>
				<misses>180000000</misses>
				<total>6</total>
				<timestamp>6300.631386</timestamp>
			</report>
			<report>
				<misses>180100000</misses>
				<total>6</total>
				<timestamp>6304.131660</timestamp>
			</report>
			<report>
				<misses>180200000</misses>
				<total>6</total>
				<timestamp>6307.631666</timestamp>
			</report>
			<report>
				<misses>180300000</misses>
				<total>6</total>
				<timestamp>6311.131672</timestamp>
			</report>
			<report>
				<misses>180400000</misses>
				<total>6</total>
				<timestamp>6314.631678</timestamp>
			</report>
			<report>
				<misses>180500000</misses>
				<total>6</total>
				<timestamp>6318.131723</timestamp>
			</report>
			<report>
				<misses>180600000</misses>
				<total>6</total>
				<timestamp>6321.632101</timestamp>
			</report>
			<report>
				<misses>180700000</misses>
				<total>6</total>
				<timestamp>6325.132364</timestamp>
			</report>
			<report>
				<misses>180800000</misses>
				<total>6</total>
				<timestamp>6328.632434</timestamp>
			</report>
			<report>
				<misses>180900000</misses>
				<total>6</total>
				<timestamp>6332.132427</timestamp>
			</report>
			<report>
				<misses>181000000</misses>
				<total>6</total>
				<timestamp>6335.632418</timestamp>
			</report>
			<report>
				<misses>181100000</misses>
				<total>6</total>
				<timestamp>6339.132472</timestamp>
			</report>
			<report>
				<misses>181200000</misses>
				<total>6</total>
				<timestamp>6342.632946</timestamp>
			</report>
			<report>
				<misses>181300000</misses>
				<total>6</total>
				<timestamp>6346.132942</timestamp>
			</report>
			<report>
				<misses>181400000</misses>
				<total>6</total>
				<timestamp>6349.632988</timestamp>
			</report>
			<report>
				<misses>181500000</misses>
				<total>6</total>
				<timestamp>6353.133148</timestamp>
			</report>
			<report>
				<misses>181600000</misses>
				<total>6</total>
				<timestamp>6356.633154</timestamp>
			</report>
			<report>
				<misses>181700000</misses>
				<total>6</total>
				<timestamp>6360.133167</timestamp>
			</report>
			<report>
				<misses>181800000</misses>
				<total>6</total>
				<timestamp>6363.633162</timestamp>
			</report>
			<report>
				<misses>181900000</misses>
				<total>6</total>
				<timestamp>6367.133165</timestamp>
			</report>
			<report>
				<misses>182000000</misses>
				<total>6</total>
				<timestamp>6370.633171</timestamp>
			</report>
			<report>
				<misses>182100000</misses>
				<total>6</total>
				<timestamp>6374.133400</timestamp>
			</report>
			<report>
				<misses>182200000</misses>
				<total>6</total>
				<timestamp>6377.633400</timestamp>
			</report>
			<report>
				<misses>182300000</misses>
				<total>6</total>
				<timestamp>6381.133407</timestamp>
			</report>
			<report>
				<misses>182400000</misses>
				<total>6</total>
				<timestamp>6384.633442</timestamp>
			</report>
			<report>
				<misses>182500000</misses>
				<total>6</total>
				<timestamp>6388.133481</timestamp>
			</report>
			<report>
				<misses>182600000</misses>
				<total>6</total>
				<timestamp>6391.633472</timestamp>
			</report>
			<report>
				<misses>182700000</misses>
				<total>6</total>
				<timestamp>6395.133528</timestamp>
			</report>
			<report>
				<misses>182800000</misses>
				<total>6</total>
				<timestamp>6398.633594</timestamp>
			</report>
			<report>
				<misses>182900000</misses>
				<total>6</total>
				<timestamp>6402.133669</timestamp>
			</report>
			<report>
				<misses>183000000</misses>
				<total>6</total>
				<timestamp>6405.633763</timestamp>
			</report>
			<report>
				<misses>183100000</misses>
				<total>6</total>
				<timestamp>6409.133814</timestamp>
			</report>
			<report>
				<misses>183200000</misses>
				<total>6</total>
				<timestamp>6412.634166</timestamp>
			</report>
			<report>
				<misses>183300000</misses>
				<total>6</total>
				<timestamp>6416.134178</timestamp>
			</report>
			<report>
				<misses>183400000</misses>
				<total>6</total>
				<timestamp>6419.634169</timestamp>
			</report>
			<report>
				<misses>183500000</misses>
				<total>6</total>
				<timestamp>6423.134218</timestamp>
			</report>
			<report>
				<misses>183600000</misses>
				<total>6</total>
				<timestamp>6426.634325</timestamp>
			</report>
			<report>
				<misses>183700000</misses>
				<total>6</total>
				<timestamp>6430.135365</timestamp>
			</report>
			<report>
				<misses>183800000</misses>
				<total>6</total>
				<timestamp>6433.636520</timestamp>
			</report>
			<report>
				<misses>183900000</misses>
				<total>6</total>
				<timestamp>6437.136691</timestamp>
			</report>
			<report>
				<misses>184000000</misses>
				<total>6</total>
				<timestamp>6440.636993</timestamp>
			</report>
			<report>
				<misses>184100000</misses>
				<total>6</total>
				<timestamp>6444.137208</timestamp>
			</report>
			<report>
				<misses>184200000</misses>
				<total>6</total>
				<timestamp>6447.637314</timestamp>
			</report>
			<report>
				<misses>184300000</misses>
				<total>6</total>
				<timestamp>6451.137647</timestamp>
			</report>
			<report>
				<misses>184400000</misses>
				<total>6</total>
				<timestamp>6454.637644</timestamp>
			</report>
			<report>
				<misses>184500000</misses>
				<total>6</total>
				<timestamp>6458.137689</timestamp>
			</report>
			<report>
				<misses>184600000</misses>
				<total>6</total>
				<timestamp>6461.637736</timestamp>
			</report>
			<report>
				<misses>184700000</misses>
				<total>6</total>
				<timestamp>6465.137751</timestamp>
			</report>
			<report>
				<misses>184800000</misses>
				<total>6</total>
				<timestamp>6468.637751</timestamp>
			</report>
			<report>
				<misses>184900000</misses>
				<total>6</total>
				<timestamp>6472.137976</timestamp>
			</report>
			<report>
				<misses>185000000</misses>
				<total>6</total>
				<timestamp>6475.638019</timestamp>
			</report>
			<report>
				<misses>185100000</misses>
				<total>6</total>
				<timestamp>6479.138019</timestamp>
			</report>
			<report>
				<misses>185200000</misses>
				<total>6</total>
				<timestamp>6482.638077</timestamp>
			</report>
			<report>
				<misses>185300000</misses>
				<total>6</total>
				<timestamp>6486.138129</timestamp>
			</report>
			<report>
				<misses>185400000</misses>
				<total>6</total>
				<timestamp>6489.638165</timestamp>
			</report>
			<report>
				<misses>185500000</misses>
				<total>6</total>
				<timestamp>6493.138181</timestamp>
			</report>
			<report>
				<misses>185600000</misses>
				<total>6</total>
				<timestamp>6496.638169</timestamp>
			</report>
			<report>
				<misses>185700000</misses>
				<total>6</total>
				<timestamp>6500.138165</timestamp>
			</report>
			<report>
				<misses>185800000</misses>
				<total>6</total>
				<timestamp>6503.638238</timestamp>
			</report>
			<report>
				<misses>185900000</misses>
				<total>6</total>
				<timestamp>6507.138839</timestamp>
			</report>
			<report>
				<misses>186000000</misses>
				<total>6</total>
				<timestamp>6510.639111</timestamp>
			</report>
			<report>
				<misses>186100000</misses>
				<total>6</total>
				<timestamp>6514.140478</timestamp>
			</report>
			<report>
				<misses>186200000</misses>
				<total>6</total>
				<timestamp>6517.641349</timestamp>
			</report>
			<report>
				<misses>186300000</misses>
				<total>7</total>
				<timestamp>6521.143099</timestamp>
			</report>
			<report>
				<misses>186400000</misses>
				<total>7</total>
				<timestamp>6524.643172</timestamp>
			</report>
			<report>
				<misses>186500000</misses>
				<total>7</total>
				<timestamp>6528.143313</timestamp>
			</report>
			<report>
				<misses>186600000</misses>
				<total>7</total>
				<timestamp>6531.643979</timestamp>
			</report>
			<report>
				<misses>186700000</misses>
				<total>7</total>
				<timestamp>6535.144072</timestamp>
			</report>
			<report>
				<misses>186800000</misses>
				<total>7</total>
				<timestamp>6538.644598</timestamp>
			</report>
			<report>
				<misses>186900000</misses>
				<total>7</total>
				<timestamp>6542.144682</timestamp>
			</report>
			<report>
				<misses>187000000</misses>
				<total>7</total>
				<timestamp>6545.645377</timestamp>
			</report>
			<report>
				<misses>187100000</misses>
				<total>7</total>
				<timestamp>6549.145409</timestamp>
			</report>
			<report>
				<misses>187200000</misses>
				<total>7</total>
				<timestamp>6552.645408</timestamp>
			</report>
			<report>
				<misses>187300000</misses>
				<total>7</total>
				<timestamp>6556.145420</timestamp>
			</report>
			<report>
				<misses>187400000</misses>
				<total>7</total>
				<timestamp>6559.645790</timestamp>
			</report>
			<report>
				<misses>187500000</misses>
				<total>7</total>
				<timestamp>6563.146466</timestamp>
			</report>
			<report>
				<misses>187600000</misses>
				<total>7</total>
				<timestamp>6566.646771</timestamp>
			</report>
			<report>
				<misses>187700000</misses>
				<total>7</total>
				<timestamp>6570.146818</timestamp>
			</report>
			<report>
				<misses>187800000</misses>
				<total>7</total>
				<timestamp>6573.646836</timestamp>
			</report>
			<report>
				<misses>187900000</misses>
				<total>7</total>
				<timestamp>6577.146844</timestamp>
			</report>
			<report>
				<misses>188000000</misses>
				<total>7</total>
				<timestamp>6580.646993</timestamp>
			</report>
			<report>
				<misses>188100000</misses>
				<total>7</total>
				<timestamp>6584.147232</timestamp>
			</report>
			<report>
				<misses>188200000</misses>
				<total>7</total>
				<timestamp>6587.647267</timestamp>
			</report>
			<report>
				<misses>188300000</misses>
				<total>7</total>
				<timestamp>6591.147280</timestamp>
			</report>
			<report>
				<misses>188400000</misses>
				<total>7</total>
				<timestamp>6594.647489</timestamp>
			</report>
			<report>
				<misses>188500000</misses>
				<total>7</total>
				<timestamp>6598.148057</timestamp>
			</report>
			<report>
				<misses>188600000</misses>
				<total>7</total>
				<timestamp>6601.648058</timestamp>
			</report>
			<report>
				<misses>188700000</misses>
				<total>7</total>
				<timestamp>6605.148589</timestamp>
			</report>
			<report>
				<misses>188800000</misses>
				<total>7</total>
				<timestamp>6608.649069</timestamp>
			</report>
			<report>
				<misses>188900000</misses>
				<total>7</total>
				<timestamp>6612.149188</timestamp>
			</report>
			<report>
				<misses>189000000</misses>
				<total>7</total>
				<timestamp>6615.649442</timestamp>
			</report>
			<report>
				<misses>189100000</misses>
				<total>7</total>
				<timestamp>6619.149708</timestamp>
			</report>
			<report>
				<misses>189200000</misses>
				<total>7</total>
				<timestamp>6622.650242</timestamp>
			</report>
			<report>
				<misses>189300000</misses>
				<total>7</total>
				<timestamp>6626.150774</timestamp>
			</report>
			<report>
				<misses>189400000</misses>
				<total>7</total>
				<timestamp>6629.650834</timestamp>
			</report>
			<report>
				<misses>189500000</misses>
				<total>7</total>
				<timestamp>6633.151280</timestamp>
			</report>
			<report>
				<misses>189600000</misses>
				<total>7</total>
				<timestamp>6636.652071</timestamp>
			</report>
			<report>
				<misses>189700000</misses>
				<total>7</total>
				<timestamp>6640.153365</timestamp>
			</report>
			<report>
				<misses>189800000</misses>
				<total>7</total>
				<timestamp>6643.653394</timestamp>
			</report>
			<report>
				<misses>189900000</misses>
				<total>7</total>
				<timestamp>6647.153492</timestamp>
			</report>
			<report>
				<misses>190000000</misses>
				<total>7</total>
				<timestamp>6650.653485</timestamp>
			</report>
			<report>
				<misses>190100000</misses>
				<total>7</total>
				<timestamp>6654.153518</timestamp>
			</report>
			<report>
				<misses>190200000</misses>
				<total>7</total>
				<timestamp>6657.654138</timestamp>
			</report>
			<report>
				<misses>190300000</misses>
				<total>7</total>
				<timestamp>6661.154225</timestamp>
			</report>
			<report>
				<misses>190400000</misses>
				<total>7</total>
				<timestamp>6664.654499</timestamp>
			</report>
			<report>
				<misses>190500000</misses>
				<total>7</total>
				<timestamp>6668.154679</timestamp>
			</report>
			<report>
				<misses>190600000</misses>
				<total>7</total>
				<timestamp>6671.654790</timestamp>
			</report>
			<report>
				<misses>190700000</misses>
				<total>7</total>
				<timestamp>6675.154825</timestamp>
			</report>
			<report>
				<misses>190800000</misses>
				<total>7</total>
				<timestamp>6678.655137</timestamp>
			</report>
			<report>
				<misses>190900000</misses>
				<total>7</total>
				<timestamp>6682.155144</timestamp>
			</report>
			<report>
				<misses>191000000</misses>
				<total>7</total>
				<timestamp>6685.656181</timestamp>
			</report>
			<report>
				<misses>191100000</misses>
				<total>7</total>
				<timestamp>6689.156486</timestamp>
			</report>
			<report>
				<misses>191200000</misses>
				<total>7</total>
				<timestamp>6692.657060</timestamp>
			</report>
			<report>
				<misses>191300000</misses>
				<total>7</total>
				<timestamp>6696.157102</timestamp>
			</report>
			<report>
				<misses>191400000</misses>
				<total>7</total>
				<timestamp>6699.657318</timestamp>
			</report>
			<report>
				<misses>191500000</misses>
				<total>7</total>
				<timestamp>6703.157381</timestamp>
			</report>
			<report>
				<misses>191600000</misses>
				<total>7</total>
				<timestamp>6706.657693</timestamp>
			</report>
			<report>
				<misses>191700000</misses>
				<total>7</total>
				<timestamp>6710.157687</timestamp>
			</report>
			<report>
				<misses>191800000</misses>
				<total>7</total>
				<timestamp>6713.657695</timestamp>
			</report>
			<report>
				<misses>191900000</misses>
				<total>7</total>
				<timestamp>6717.157699</timestamp>
			</report>
			<report>
				<misses>192000000</misses>
				<total>7</total>
				<timestamp>6720.657802</timestamp>
			</report>
			<report>
				<misses>192100000</misses>
				<total>7</total>
				<timestamp>6724.158052</timestamp>
			</report>
			<report>
				<misses>192200000</misses>
				<total>7</total>
				<timestamp>6727.658325</timestamp>
			</report>
			<report>
				<misses>192300000</misses>
				<total>7</total>
				<timestamp>6731.158504</timestamp>
			</report>
			<report>
				<misses>192400000</misses>
				<total>7</total>
				<timestamp>6734.658498</timestamp>
			</report>
			<report>
				<misses>192500000</misses>
				<total>7</total>
				<timestamp>6738.158505</timestamp>
			</report>
			<report>
				<misses>192600000</misses>
				<total>7</total>
				<timestamp>6741.658506</timestamp>
			</report>
			<report>
				<misses>192700000</misses>
				<total>7</total>
				<timestamp>6745.158493</timestamp>
			</report>
			<report>
				<misses>192800000</misses>
				<total>7</total>
				<timestamp>6748.658502</timestamp>
			</report>
			<report>
				<misses>192900000</misses>
				<total>7</total>
				<timestamp>6752.159483</timestamp>
			</report>
			<report>
				<misses>193000000</misses>
				<total>7</total>
				<timestamp>6755.659802</timestamp>
			</report>
			<report>
				<misses>193100000</misses>
				<total>7</total>
				<timestamp>6759.159834</timestamp>
			</report>
			<report>
				<misses>193200000</misses>
				<total>7</total>
				<timestamp>6762.659847</timestamp>
			</report>
			<report>
				<misses>193300000</misses>
				<total>7</total>
				<timestamp>6766.159867</timestamp>
			</report>
			<report>
				<misses>193400000</misses>
				<total>7</total>
				<timestamp>6769.660416</timestamp>
			</report>
			<report>
				<misses>193500000</misses>
				<total>7</total>
				<timestamp>6773.160516</timestamp>
			</report>
			<report>
				<misses>193600000</misses>
				<total>7</total>
				<timestamp>6776.660579</timestamp>
			</report>
			<report>
				<misses>193700000</misses>
				<total>7</total>
				<timestamp>6780.160826</timestamp>
			</report>
			<report>
				<misses>193800000</misses>
				<total>7</total>
				<timestamp>6783.661086</timestamp>
			</report>
			<report>
				<misses>193900000</misses>
				<total>7</total>
				<timestamp>6787.161126</timestamp>
			</report>
			<report>
				<misses>194000000</misses>
				<total>7</total>
				<timestamp>6790.661122</timestamp>
			</report>
			<report>
				<misses>194100000</misses>
				<total>7</total>
				<timestamp>6794.161120</timestamp>
			</report>
			<report>
				<misses>194200000</misses>
				<total>7</total>
				<timestamp>6797.661142</timestamp>
			</report>
			<report>
				<misses>194300000</misses>
				<total>7</total>
				<timestamp>6801.161617</timestamp>
			</report>
			<report>
				<misses>194400000</misses>
				<total>7</total>
				<timestamp>6804.661713</timestamp>
			</report>
			<report>
				<misses>194500000</misses>
				<total>7</total>
				<timestamp>6808.161757</timestamp>
			</report>
			<report>
				<misses>194600000</misses>
				<total>7</total>
				<timestamp>6811.661857</timestamp>
			</report>
			<report>
				<misses>194700000</misses>
				<total>7</total>
				<timestamp>6815.161934</timestamp>
			</report>
			<report>
				<misses>194800000</misses>
				<total>7</total>
				<timestamp>6818.662248</timestamp>
			</report>
			<report>
				<misses>194900000</misses>
				<total>7</total>
				<timestamp>6822.163023</timestamp>
			</report>
			<report>
				<misses>195000000</misses>
				<total>7</total>
				<timestamp>6825.663439</timestamp>
			</report>
			<report>
				<misses>195100000</misses>
				<total>7</total>
				<timestamp>6829.164254</timestamp>
			</report>
			<report>
				<misses>195200000</misses>
				<total>7</total>
				<timestamp>6832.664937</timestamp>
			</report>
			<report>
				<misses>195300000</misses>
				<total>7</total>
				<timestamp>6836.166227</timestamp>
			</report>
			<report>
				<misses>195400000</misses>
				<total>7</total>
				<timestamp>6839.666938</timestamp>
			</report>
			<report>
				<misses>195500000</misses>
				<total>7</total>
				<timestamp>6843.166921</timestamp>
			</report>
			<report>
				<misses>195600000</misses>
				<total>7</total>
				<timestamp>6846.666931</timestamp>
			</report>
			<report>
				<misses>195700000</misses>
				<total>7</total>
				<timestamp>6850.166939</timestamp>
			</report>
			<report>
				<misses>195800000</misses>
				<total>7</total>
				<timestamp>6853.666934</timestamp>
			</report>
			<report>
				<misses>195900000</misses>
				<total>7</total>
				<timestamp>6857.166930</timestamp>
			</report>
			<report>
				<misses>196000000</misses>
				<total>7</total>
				<timestamp>6860.666954</timestamp>
			</report>
			<report>
				<misses>196100000</misses>
				<total>7</total>
				<timestamp>6864.166937</timestamp>
			</report>
			<report>
				<misses>196200000</misses>
				<total>7</total>
				<timestamp>6867.667006</timestamp>
			</report>
			<report>
				<misses>196300000</misses>
				<total>7</total>
				<timestamp>6871.168101</timestamp>
			</report>
			<report>
				<misses>196400000</misses>
				<total>7</total>
				<timestamp>6874.668545</timestamp>
			</report>
			<report>
				<misses>196500000</misses>
				<total>7</total>
				<timestamp>6878.169087</timestamp>
			</report>
			<report>
				<misses>196600000</misses>
				<total>7</total>
				<timestamp>6881.670250</timestamp>
			</report>
			<report>
				<misses>196700000</misses>
				<total>7</total>
				<timestamp>6885.170377</timestamp>
			</report>
			<report>
				<misses>196800000</misses>
				<total>7</total>
				<timestamp>6888.670535</timestamp>
			</report>
			<report>
				<misses>196900000</misses>
				<total>7</total>
				<timestamp>6892.170540</timestamp>
			</report>
			<report>
				<misses>197000000</misses>
				<total>7</total>
				<timestamp>6895.670544</timestamp>
			</report>
			<report>
				<misses>197100000</misses>
				<total>7</total>
				<timestamp>6899.170539</timestamp>
			</report>
			<report>
				<misses>197200000</misses>
				<total>7</total>
				<timestamp>6902.670544</timestamp>
			</report>
			<report>
				<misses>197300000</misses>
				<total>7</total>
				<timestamp>6906.170573</timestamp>
			</report>
			<report>
				<misses>197400000</misses>
				<total>7</total>
				<timestamp>6909.670692</timestamp>
			</report>
			<report>
				<misses>197500000</misses>
				<total>7</total>
				<timestamp>6913.170720</timestamp>
			</report>
			<report>
				<misses>197600000</misses>
				<total>7</total>
				<timestamp>6916.670804</timestamp>
			</report>
			<report>
				<misses>197700000</misses>
				<total>7</total>
				<timestamp>6920.170960</timestamp>
			</report>
			<report>
				<misses>197800000</misses>
				<total>8</total>
				<timestamp>6923.670976</timestamp>
			</report>
			<report>
				<misses>197900000</misses>
				<total>8</total>
				<timestamp>6927.171022</timestamp>
			</report>
			<report>
				<misses>198000000</misses>
				<total>8</total>
				<timestamp>6930.671097</timestamp>
			</report>
			<report>
				<misses>198100000</misses>
				<total>8</total>
				<timestamp>6934.171336</timestamp>
			</report>
			<report>
				<misses>198200000</misses>
				<total>8</total>
				<timestamp>6937.671513</timestamp>
			</report>
			<report>
				<misses>198300000</misses>
				<total>8</total>
				<timestamp>6941.171594</timestamp>
			</report>
			<report>
				<misses>198400000</misses>
				<total>8</total>
				<timestamp>6944.671807</timestamp>
			</report>
			<report>
				<misses>198500000</misses>
				<total>8</total>
				<timestamp>6948.171902</timestamp>
			</report>
			<report>
				<misses>198600000</misses>
				<total>8</total>
				<timestamp>6951.671906</timestamp>
			</report>
			<report>
				<misses>198700000</misses>
				<total>8</total>
				<timestamp>6955.171908</timestamp>
			</report>
			<report>
				<misses>198800000</misses>
				<total>8</total>
				<timestamp>6958.672550</timestamp>
			</report>
			<report>
				<misses>198900000</misses>
				<total>8</total>
				<timestamp>6962.173214</timestamp>
			</report>
			<report>
				<misses>199000000</misses>
				<total>8</total>
				<timestamp>6965.673205</timestamp>
			</report>
			<report>
				<misses>199100000</misses>
				<total>8</total>
				<timestamp>6969.173225</timestamp>
			</report>
			<report>
				<misses>199200000</misses>
				<total>8</total>
				<timestamp>6972.673828</timestamp>
			</report>
			<report>
				<misses>199300000</misses>
				<total>8</total>
				<timestamp>6976.174038</timestamp>
			</report>
			<report>
				<misses>199400000</misses>
				<total>8</total>
				<timestamp>6979.674793</timestamp>
			</report>
			<report>
				<misses>199500000</misses>
				<total>8</total>
				<timestamp>6983.174889</timestamp>
			</report>
			<report>
				<misses>199600000</misses>
				<total>8</total>
				<timestamp>6986.674928</timestamp>
			</report>
			<report>
				<misses>199700000</misses>
				<total>8</total>
				<timestamp>6990.175574</timestamp>
			</report>
			<report>
				<misses>199800000</misses>
				<total>8</total>
				<timestamp>6993.676447</timestamp>
			</report>
			<report>
				<misses>199900000</misses>
				<total>8</total>
				<timestamp>6997.177297</timestamp>
			</report>
			<report>
				<misses>200000000</misses>
				<total>8</total>
				<timestamp>7000.677360</timestamp>
			</report>
			<report>
				<misses>200100000</misses>
				<total>8</total>
				<timestamp>7004.177618</timestamp>
			</report>
			<report>
				<misses>200200000</misses>
				<total>8</total>
				<timestamp>7007.677788</timestamp>
			</report>
			<report>
				<misses>200300000</misses>
				<total>8</total>
				<timestamp>7011.178030</timestamp>
			</report>
			<report>
				<misses>200400000</misses>
				<total>8</total>
				<timestamp>7014.678090</timestamp>
			</report>
			<report>
				<misses>200500000</misses>
				<total>8</total>
				<timestamp>7018.178231</timestamp>
			</report>
			<report>
				<misses>200600000</misses>
				<total>8</total>
				<timestamp>7021.678908</timestamp>
			</report>
			<report>
				<misses>200700000</misses>
				<total>8</total>
				<timestamp>7025.178905</timestamp>
			</report>
			<report>
				<misses>200800000</misses>
				<total>8</total>
				<timestamp>7028.678900</timestamp>
			</report>
			<report>
				<misses>200900000</misses>
				<total>8</total>
				<timestamp>7032.178968</timestamp>
			</report>
			<report>
				<misses>201000000</misses>
				<total>8</total>
				<timestamp>7035.679331</timestamp>
			</report>
			<report>
				<misses>201100000</misses>
				<total>8</total>
				<timestamp>7039.179320</timestamp>
			</report>
			<report>
				<misses>201200000</misses>
				<total>8</total>
				<timestamp>7042.679313</timestamp>
			</report>
			<report>
				<misses>201300000</misses>
				<total>8</total>
				<timestamp>7046.179322</timestamp>
			</report>
			<report>
				<misses>201400000</misses>
				<total>8</total>
				<timestamp>7049.679388</timestamp>
			</report>
			<report>
				<misses>201500000</misses>
				<total>8</total>
				<timestamp>7053.179401</timestamp>
			</report>
			<report>
				<misses>201600000</misses>
				<total>8</total>
				<timestamp>7056.679394</timestamp>
			</report>
			<report>
				<misses>201700000</misses>
				<total>8</total>
				<timestamp>7060.180254</timestamp>
			</report>
			<report>
				<misses>201800000</misses>
				<total>8</total>
				<timestamp>7063.680829</timestamp>
			</report>
			<report>
				<misses>201900000</misses>
				<total>8</total>
				<timestamp>7067.180952</timestamp>
			</report>
			<report>
				<misses>202000000</misses>
				<total>8</total>
				<timestamp>7070.681322</timestamp>
			</report>
			<report>
				<misses>202100000</misses>
				<total>8</total>
				<timestamp>7074.181713</timestamp>
			</report>
			<report>
				<misses>202200000</misses>
				<total>8</total>
				<timestamp>7077.681917</timestamp>
			</report>
			<report>
				<misses>202300000</misses>
				<total>8</total>
				<timestamp>7081.182014</timestamp>
			</report>
			<report>
				<misses>202400000</misses>
				<total>8</total>
				<timestamp>7084.682013</timestamp>
			</report>
			<report>
				<misses>202500000</misses>
				<total>8</total>
				<timestamp>7088.182028</timestamp>
			</report>
			<report>
				<misses>202600000</misses>
				<total>8</total>
				<timestamp>7091.682019</timestamp>
			</report>
			<report>
				<misses>202700000</misses>
				<total>8</total>
				<timestamp>7095.182018</timestamp>
			</report>
			<report>
				<misses>202800000</misses>
				<total>8</total>
				<timestamp>7098.682895</timestamp>
			</report>
			<report>
				<misses>202900000</misses>
				<total>8</total>
				<timestamp>7102.183771</timestamp>
			</report>
			<report>
				<misses>203000000</misses>
				<total>8</total>
				<timestamp>7105.684550</timestamp>
			</report>
			<report>
				<misses>203100000</misses>
				<total>8</total>
				<timestamp>7109.184959</timestamp>
			</report>
			<report>
				<misses>203200000</misses>
				<total>8</total>
				<timestamp>7112.684975</timestamp>
			</report>
			<report>
				<misses>203300000</misses>
				<total>8</total>
				<timestamp>7116.185135</timestamp>
			</report>
			<report>
				<misses>203400000</misses>
				<total>8</total>
				<timestamp>7119.685136</timestamp>
			</report>
			<report>
				<misses>203500000</misses>
				<total>8</total>
				<timestamp>7123.185162</timestamp>
			</report>
			<report>
				<misses>203600000</misses>
				<total>8</total>
				<timestamp>7126.686190</timestamp>
			</report>
			<report>
				<misses>203700000</misses>
				<total>8</total>
				<timestamp>7130.187089</timestamp>
			</report>
			<report>
				<misses>203800000</misses>
				<total>8</total>
				<timestamp>7133.688289</timestamp>
			</report>
			<report>
				<misses>203900000</misses>
				<total>8</total>
				<timestamp>7137.188883</timestamp>
			</report>
			<report>
				<misses>204000000</misses>
				<total>8</total>
				<timestamp>7140.689365</timestamp>
			</report>
			<report>
				<misses>204100000</misses>
				<total>8</total>
				<timestamp>7144.190921</timestamp>
			</report>
			<report>
				<misses>204200000</misses>
				<total>8</total>
				<timestamp>7147.691583</timestamp>
			</report>
			<report>
				<misses>204300000</misses>
				<total>8</total>
				<timestamp>7151.192989</timestamp>
			</report>
			<report>
				<misses>204400000</misses>
				<total>8</total>
				<timestamp>7154.693496</timestamp>
			</report>
			<report>
				<misses>204500000</misses>
				<total>8</total>
				<timestamp>7158.193875</timestamp>
			</report>
			<report>
				<misses>204600000</misses>
				<total>8</total>
				<timestamp>7161.693990</timestamp>
			</report>
			<report>
				<misses>204700000</misses>
				<total>8</total>
				<timestamp>7165.194684</timestamp>
			</report>
			<report>
				<misses>204800000</misses>
				<total>8</total>
				<timestamp>7168.695515</timestamp>
			</report>
			<report>
				<misses>204900000</misses>
				<total>8</total>
				<timestamp>7172.196687</timestamp>
			</report>
			<report>
				<misses>205000000</misses>
				<total>8</total>
				<timestamp>7175.697382</timestamp>
			</report>
			<report>
				<misses>205100000</misses>
				<total>8</total>
				<timestamp>7179.197391</timestamp>
			</report>
			<report>
				<misses>205200000</misses>
				<total>8</total>
				<timestamp>7182.697434</timestamp>
			</report>
			<report>
				<misses>205300000</misses>
				<total>8</total>
				<timestamp>7186.197519</timestamp>
			</report>
			<report>
				<misses>205400000</misses>
				<total>8</total>
				<timestamp>7189.698161</timestamp>
			</report>
			<report>
				<misses>205500000</misses>
				<total>8</total>
				<timestamp>7193.198262</timestamp>
			</report>
			<report>
				<misses>205600000</misses>
				<total>8</total>
				<timestamp>7196.698308</timestamp>
			</report>
		</query>
	</custom>
	<ethtool_statistic>
		<rx_packets>
			<start>6398454746</start>
			<end>6733917662</end>
		</rx_packets>
		<tx_packets>
			<start>8442718363</start>
			<end>8849706818</end>
		</tx_packets>
		<rx_dropped>
			<start>250</start>
			<end>250</end>
		</rx_dropped>
		<tx_dropped>
			<start>0</start>
			<end>0</end>
		</tx_dropped>
		<collisions>
			<start>0</start>
			<end>0</end>
		</collisions>
		<port_tx_errors>
			<start>0</start>
			<end>0</end>
		</port_tx_errors>
		<port_rx_dropped>
			<start>0</start>
			<end>0</end>
		</port_rx_dropped>
		<port_tx_dropped_link_down>
			<start>3877</start>
			<end>3877</end>
		</port_tx_dropped_link_down>
	</ethtool_statistic>
	<ip_statistic>
		<mtu>
			<start>9000</start>
			<end>9000</end>
		</mtu>
		<rx_bytes>
			<start>57520361506379</start>
			<end>60536121537908</end>
		</rx_bytes>
		<rx_packets>
			<start>6398454820</start>
			<end>6733917700</end>
		</rx_packets>
		<rx_errors>
			<start>0</start>
			<end>0</end>
		</rx_errors>
		<rx_dropped>
			<start>250</start>
			<end>250</end>
		</rx_dropped>
		<rx_missed>
			<start>0</start>
			<end>0</end>
		</rx_missed>
		<rx_mcast>
			<start>2228</start>
			<end>2373</end>
		</rx_mcast>
		<tx_bytes>
			<start>54346760241228</start>
			<end>56181499742362</end>
		</tx_bytes>
		<tx_packets>
			<start>8442718420</start>
			<end>8849706863</end>
		</tx_packets>
		<tx_errors>
			<start>0</start>
			<end>0</end>
		</tx_errors>
		<tx_dropped>
			<start>0</start>
			<end>0</end>
		</tx_dropped>
		<tx_carrier>
			<start>0</start>
			<end>0</end>
		</tx_carrier>
		<tx_collisions>
			<start>0</start>
			<end>0</end>
		</tx_collisions>
	</ip_statistic>
	<netstat_statistic>
		<udp_pkg_rec>
			<start>6076583640</start>
			<end>6402164420</end>
		</udp_pkg_rec>
		<udp_pkg_snt>
			<start>6551512888</start>
			<end>6958555701</end>
		</udp_pkg_snt>
		<udp_rec_err>
			<start>322565538</start>
			<end>332483272</end>
		</udp_rec_err>
		<udp_rec_buf_err>
			<start>322565538</start>
			<end>332483272</end>
		</udp_rec_buf_err>
		<udp_snt_buf_err>
			<start>0</start>
			<end>0</end>
		</udp_snt_buf_err>
	</netstat_statistic>
</test_results>
