<?xml version="1.0"?>
<test_results>
	<status>STATUS_SUCCESS</status>
	<custom>
		<num_loss>0</num_loss>
		<num_total>1846873</num_total>
		<num_misses>8150236</num_misses>
	</custom>
	<ethtool_statistic>
		<rx_packets>
			<start>804491268</start>
			<end>896524280</end>
		</rx_packets>
		<tx_packets>
			<start>8272129651</start>
			<end>8353392090</end>
		</tx_packets>
		<rx_dropped>
			<start>0</start>
			<end>0</end>
		</rx_dropped>
		<tx_dropped>
			<start>0</start>
			<end>0</end>
		</tx_dropped>
		<collisions>
			<start>0</start>
			<end>0</end>
		</collisions>
		<port_tx_errors>
			<start>-1</start>
			<end>-1</end>
		</port_tx_errors>
		<port_rx_dropped>
			<start>-1</start>
			<end>-1</end>
		</port_rx_dropped>
		<port_tx_dropped_link_down>
			<start>-1</start>
			<end>-1</end>
		</port_tx_dropped_link_down>
	</ethtool_statistic>
	<ip_statistic>
		<mtu>
			<start>1500</start>
			<end>1500</end>
		</mtu>
		<rx_bytes>
			<start>1051081022256</start>
			<end>1171327875001</end>
		</rx_bytes>
		<rx_packets>
			<start>804492992</start>
			<end>896526106</end>
		</rx_packets>
		<rx_errors>
			<start>0</start>
			<end>0</end>
		</rx_errors>
		<rx_dropped>
			<start>0</start>
			<end>0</end>
		</rx_dropped>
		<rx_missed>
			<start>56254</start>
			<end>61101</end>
		</rx_missed>
		<rx_mcast>
			<start>4736</start>
			<end>4736</end>
		</rx_mcast>
		<tx_bytes>
			<start>10834839548142</start>
			<end>10957664001284</end>
		</tx_bytes>
		<tx_packets>
			<start>8272129651</start>
			<end>8353392090</end>
		</tx_packets>
		<tx_errors>
			<start>0</start>
			<end>0</end>
		</tx_errors>
		<tx_dropped>
			<start>0</start>
			<end>0</end>
		</tx_dropped>
		<tx_carrier>
			<start>0</start>
			<end>0</end>
		</tx_carrier>
		<tx_collisions>
			<start>0</start>
			<end>0</end>
		</tx_collisions>
	</ip_statistic>
</test_results>
