<?xml version="1.0"?>
<test_results>
	<status>STATUS_SUCCESS</status>
	<custom>
		<num_loss>4285</num_loss>
		<num_total>110393597</num_total>
		<num_misses>-1525370740</num_misses>
		<elapsed_time>7199.972626</elapsed_time>
		<query>
			<report>
				<misses>100001</misses>
				<total>0</total>
				<timestamp>6.425521</timestamp>
			</report>
			<report>
				<misses>200001</misses>
				<total>0</total>
				<timestamp>12.842023</timestamp>
			</report>
			<report>
				<misses>300001</misses>
				<total>0</total>
				<timestamp>19.320098</timestamp>
			</report>
			<report>
				<misses>400001</misses>
				<total>38</total>
				<timestamp>25.770175</timestamp>
			</report>
			<report>
				<misses>500001</misses>
				<total>38</total>
				<timestamp>32.240824</timestamp>
			</report>
			<report>
				<misses>600001</misses>
				<total>38</total>
				<timestamp>38.742474</timestamp>
			</report>
			<report>
				<misses>700001</misses>
				<total>38</total>
				<timestamp>45.251924</timestamp>
			</report>
			<report>
				<misses>800001</misses>
				<total>38</total>
				<timestamp>51.664595</timestamp>
			</report>
			<report>
				<misses>900001</misses>
				<total>38</total>
				<timestamp>58.058915</timestamp>
			</report>
			<report>
				<misses>1000001</misses>
				<total>38</total>
				<timestamp>64.509807</timestamp>
			</report>
			<report>
				<misses>1100001</misses>
				<total>38</total>
				<timestamp>71.048235</timestamp>
			</report>
			<report>
				<misses>1200001</misses>
				<total>38</total>
				<timestamp>77.604784</timestamp>
			</report>
			<report>
				<misses>1300001</misses>
				<total>38</total>
				<timestamp>84.137104</timestamp>
			</report>
			<report>
				<misses>1400001</misses>
				<total>70</total>
				<timestamp>90.735028</timestamp>
			</report>
			<report>
				<misses>1500001</misses>
				<total>70</total>
				<timestamp>97.356365</timestamp>
			</report>
			<report>
				<misses>1600001</misses>
				<total>70</total>
				<timestamp>103.975248</timestamp>
			</report>
			<report>
				<misses>1700001</misses>
				<total>70</total>
				<timestamp>110.554146</timestamp>
			</report>
			<report>
				<misses>1800001</misses>
				<total>70</total>
				<timestamp>117.146857</timestamp>
			</report>
			<report>
				<misses>1900001</misses>
				<total>70</total>
				<timestamp>123.694047</timestamp>
			</report>
			<report>
				<misses>2000001</misses>
				<total>70</total>
				<timestamp>130.284856</timestamp>
			</report>
			<report>
				<misses>2100001</misses>
				<total>70</total>
				<timestamp>136.848753</timestamp>
			</report>
			<report>
				<misses>2200001</misses>
				<total>70</total>
				<timestamp>143.398286</timestamp>
			</report>
			<report>
				<misses>2300001</misses>
				<total>106</total>
				<timestamp>149.934656</timestamp>
			</report>
			<report>
				<misses>2400001</misses>
				<total>106</total>
				<timestamp>156.424049</timestamp>
			</report>
			<report>
				<misses>2500001</misses>
				<total>106</total>
				<timestamp>162.881426</timestamp>
			</report>
			<report>
				<misses>2600001</misses>
				<total>106</total>
				<timestamp>169.280919</timestamp>
			</report>
			<report>
				<misses>2700001</misses>
				<total>106</total>
				<timestamp>175.588479</timestamp>
			</report>
			<report>
				<misses>2800001</misses>
				<total>106</total>
				<timestamp>181.984028</timestamp>
			</report>
			<report>
				<misses>2900001</misses>
				<total>106</total>
				<timestamp>188.450688</timestamp>
			</report>
			<report>
				<misses>3000001</misses>
				<total>106</total>
				<timestamp>194.932027</timestamp>
			</report>
			<report>
				<misses>3100001</misses>
				<total>106</total>
				<timestamp>201.459938</timestamp>
			</report>
			<report>
				<misses>3200001</misses>
				<total>138</total>
				<timestamp>208.015004</timestamp>
			</report>
			<report>
				<misses>3300001</misses>
				<total>138</total>
				<timestamp>214.623912</timestamp>
			</report>
			<report>
				<misses>3400001</misses>
				<total>138</total>
				<timestamp>221.238885</timestamp>
			</report>
			<report>
				<misses>3500001</misses>
				<total>138</total>
				<timestamp>227.781091</timestamp>
			</report>
			<report>
				<misses>3600001</misses>
				<total>138</total>
				<timestamp>234.231228</timestamp>
			</report>
			<report>
				<misses>3700001</misses>
				<total>138</total>
				<timestamp>240.735795</timestamp>
			</report>
			<report>
				<misses>3800001</misses>
				<total>138</total>
				<timestamp>247.288049</timestamp>
			</report>
			<report>
				<misses>3900001</misses>
				<total>138</total>
				<timestamp>253.850860</timestamp>
			</report>
			<report>
				<misses>4000001</misses>
				<total>138</total>
				<timestamp>260.473993</timestamp>
			</report>
			<report>
				<misses>4100001</misses>
				<total>175</total>
				<timestamp>267.110711</timestamp>
			</report>
			<report>
				<misses>4200001</misses>
				<total>175</total>
				<timestamp>273.770611</timestamp>
			</report>
			<report>
				<misses>4300001</misses>
				<total>175</total>
				<timestamp>280.446696</timestamp>
			</report>
			<report>
				<misses>4400001</misses>
				<total>175</total>
				<timestamp>287.089263</timestamp>
			</report>
			<report>
				<misses>4500001</misses>
				<total>175</total>
				<timestamp>293.687798</timestamp>
			</report>
			<report>
				<misses>4600001</misses>
				<total>175</total>
				<timestamp>300.314098</timestamp>
			</report>
			<report>
				<misses>4700001</misses>
				<total>175</total>
				<timestamp>306.910167</timestamp>
			</report>
			<report>
				<misses>4800001</misses>
				<total>175</total>
				<timestamp>313.524177</timestamp>
			</report>
			<report>
				<misses>4900001</misses>
				<total>175</total>
				<timestamp>320.169329</timestamp>
			</report>
			<report>
				<misses>5000001</misses>
				<total>217</total>
				<timestamp>326.785396</timestamp>
			</report>
			<report>
				<misses>5100001</misses>
				<total>217</total>
				<timestamp>333.358757</timestamp>
			</report>
			<report>
				<misses>5200001</misses>
				<total>217</total>
				<timestamp>339.893870</timestamp>
			</report>
			<report>
				<misses>5300001</misses>
				<total>217</total>
				<timestamp>346.372926</timestamp>
			</report>
			<report>
				<misses>5400001</misses>
				<total>217</total>
				<timestamp>352.784360</timestamp>
			</report>
			<report>
				<misses>5500001</misses>
				<total>217</total>
				<timestamp>359.199415</timestamp>
			</report>
			<report>
				<misses>5600001</misses>
				<total>217</total>
				<timestamp>365.742335</timestamp>
			</report>
			<report>
				<misses>5700001</misses>
				<total>217</total>
				<timestamp>372.276528</timestamp>
			</report>
			<report>
				<misses>5800001</misses>
				<total>217</total>
				<timestamp>378.825289</timestamp>
			</report>
			<report>
				<misses>5900001</misses>
				<total>256</total>
				<timestamp>385.380011</timestamp>
			</report>
			<report>
				<misses>6000001</misses>
				<total>256</total>
				<timestamp>391.945552</timestamp>
			</report>
			<report>
				<misses>6100001</misses>
				<total>256</total>
				<timestamp>398.512996</timestamp>
			</report>
			<report>
				<misses>6200001</misses>
				<total>256</total>
				<timestamp>405.047649</timestamp>
			</report>
			<report>
				<misses>6300001</misses>
				<total>256</total>
				<timestamp>411.502956</timestamp>
			</report>
			<report>
				<misses>6400001</misses>
				<total>256</total>
				<timestamp>417.918448</timestamp>
			</report>
			<report>
				<misses>6500001</misses>
				<total>256</total>
				<timestamp>424.323149</timestamp>
			</report>
			<report>
				<misses>6600001</misses>
				<total>256</total>
				<timestamp>430.771614</timestamp>
			</report>
			<report>
				<misses>6700001</misses>
				<total>256</total>
				<timestamp>437.273183</timestamp>
			</report>
			<report>
				<misses>6800001</misses>
				<total>256</total>
				<timestamp>443.807397</timestamp>
			</report>
			<report>
				<misses>6900001</misses>
				<total>291</total>
				<timestamp>450.331161</timestamp>
			</report>
			<report>
				<misses>7000001</misses>
				<total>291</total>
				<timestamp>456.827270</timestamp>
			</report>
			<report>
				<misses>7100001</misses>
				<total>291</total>
				<timestamp>463.278779</timestamp>
			</report>
			<report>
				<misses>7200001</misses>
				<total>291</total>
				<timestamp>469.757678</timestamp>
			</report>
			<report>
				<misses>7300001</misses>
				<total>291</total>
				<timestamp>476.201362</timestamp>
			</report>
			<report>
				<misses>7400001</misses>
				<total>291</total>
				<timestamp>482.642894</timestamp>
			</report>
			<report>
				<misses>7500001</misses>
				<total>291</total>
				<timestamp>489.123749</timestamp>
			</report>
			<report>
				<misses>7600001</misses>
				<total>291</total>
				<timestamp>495.582884</timestamp>
			</report>
			<report>
				<misses>7700001</misses>
				<total>291</total>
				<timestamp>502.104418</timestamp>
			</report>
			<report>
				<misses>7800001</misses>
				<total>325</total>
				<timestamp>508.636010</timestamp>
			</report>
			<report>
				<misses>7900001</misses>
				<total>325</total>
				<timestamp>515.258266</timestamp>
			</report>
			<report>
				<misses>8000001</misses>
				<total>325</total>
				<timestamp>521.920753</timestamp>
			</report>
			<report>
				<misses>8100001</misses>
				<total>325</total>
				<timestamp>528.469918</timestamp>
			</report>
			<report>
				<misses>8200001</misses>
				<total>325</total>
				<timestamp>534.947900</timestamp>
			</report>
			<report>
				<misses>8300001</misses>
				<total>325</total>
				<timestamp>541.447469</timestamp>
			</report>
			<report>
				<misses>8400001</misses>
				<total>325</total>
				<timestamp>547.936822</timestamp>
			</report>
			<report>
				<misses>8500001</misses>
				<total>325</total>
				<timestamp>554.446247</timestamp>
			</report>
			<report>
				<misses>8600001</misses>
				<total>325</total>
				<timestamp>560.986865</timestamp>
			</report>
			<report>
				<misses>8700001</misses>
				<total>360</total>
				<timestamp>567.490269</timestamp>
			</report>
			<report>
				<misses>8800001</misses>
				<total>360</total>
				<timestamp>573.967927</timestamp>
			</report>
			<report>
				<misses>8900001</misses>
				<total>360</total>
				<timestamp>580.449867</timestamp>
			</report>
			<report>
				<misses>9000001</misses>
				<total>360</total>
				<timestamp>586.926069</timestamp>
			</report>
			<report>
				<misses>9100001</misses>
				<total>360</total>
				<timestamp>593.375442</timestamp>
			</report>
			<report>
				<misses>9200001</misses>
				<total>360</total>
				<timestamp>599.795666</timestamp>
			</report>
			<report>
				<misses>9300001</misses>
				<total>360</total>
				<timestamp>606.240785</timestamp>
			</report>
			<report>
				<misses>9400001</misses>
				<total>360</total>
				<timestamp>612.796000</timestamp>
			</report>
			<report>
				<misses>9500001</misses>
				<total>360</total>
				<timestamp>619.425912</timestamp>
			</report>
			<report>
				<misses>9600001</misses>
				<total>396</total>
				<timestamp>626.034420</timestamp>
			</report>
			<report>
				<misses>9700001</misses>
				<total>396</total>
				<timestamp>632.625007</timestamp>
			</report>
			<report>
				<misses>9800001</misses>
				<total>396</total>
				<timestamp>639.213904</timestamp>
			</report>
			<report>
				<misses>9900001</misses>
				<total>396</total>
				<timestamp>645.760247</timestamp>
			</report>
			<report>
				<misses>10000001</misses>
				<total>396</total>
				<timestamp>652.145104</timestamp>
			</report>
			<report>
				<misses>10100001</misses>
				<total>396</total>
				<timestamp>658.517599</timestamp>
			</report>
			<report>
				<misses>10200001</misses>
				<total>396</total>
				<timestamp>664.906514</timestamp>
			</report>
			<report>
				<misses>10300001</misses>
				<total>396</total>
				<timestamp>671.284331</timestamp>
			</report>
			<report>
				<misses>10400001</misses>
				<total>396</total>
				<timestamp>677.668365</timestamp>
			</report>
			<report>
				<misses>10500001</misses>
				<total>396</total>
				<timestamp>684.122206</timestamp>
			</report>
			<report>
				<misses>10600001</misses>
				<total>435</total>
				<timestamp>690.609039</timestamp>
			</report>
			<report>
				<misses>10700001</misses>
				<total>435</total>
				<timestamp>697.148186</timestamp>
			</report>
			<report>
				<misses>10800001</misses>
				<total>435</total>
				<timestamp>703.712825</timestamp>
			</report>
			<report>
				<misses>10900001</misses>
				<total>435</total>
				<timestamp>710.200388</timestamp>
			</report>
			<report>
				<misses>11000001</misses>
				<total>435</total>
				<timestamp>716.723829</timestamp>
			</report>
			<report>
				<misses>11100001</misses>
				<total>435</total>
				<timestamp>723.295789</timestamp>
			</report>
			<report>
				<misses>11200001</misses>
				<total>435</total>
				<timestamp>729.887381</timestamp>
			</report>
			<report>
				<misses>11300001</misses>
				<total>435</total>
				<timestamp>736.460289</timestamp>
			</report>
			<report>
				<misses>11400001</misses>
				<total>435</total>
				<timestamp>743.023637</timestamp>
			</report>
			<report>
				<misses>11500001</misses>
				<total>472</total>
				<timestamp>749.575853</timestamp>
			</report>
			<report>
				<misses>11600001</misses>
				<total>472</total>
				<timestamp>756.079025</timestamp>
			</report>
			<report>
				<misses>11700001</misses>
				<total>472</total>
				<timestamp>762.560621</timestamp>
			</report>
			<report>
				<misses>11800001</misses>
				<total>472</total>
				<timestamp>768.973067</timestamp>
			</report>
			<report>
				<misses>11900001</misses>
				<total>472</total>
				<timestamp>775.424999</timestamp>
			</report>
			<report>
				<misses>12000001</misses>
				<total>472</total>
				<timestamp>781.953003</timestamp>
			</report>
			<report>
				<misses>12100001</misses>
				<total>472</total>
				<timestamp>788.472223</timestamp>
			</report>
			<report>
				<misses>12200001</misses>
				<total>472</total>
				<timestamp>794.985361</timestamp>
			</report>
			<report>
				<misses>12300001</misses>
				<total>472</total>
				<timestamp>801.518010</timestamp>
			</report>
			<report>
				<misses>12400001</misses>
				<total>510</total>
				<timestamp>808.053922</timestamp>
			</report>
			<report>
				<misses>12500001</misses>
				<total>510</total>
				<timestamp>814.623263</timestamp>
			</report>
			<report>
				<misses>12600001</misses>
				<total>510</total>
				<timestamp>821.182795</timestamp>
			</report>
			<report>
				<misses>12700001</misses>
				<total>510</total>
				<timestamp>827.754284</timestamp>
			</report>
			<report>
				<misses>12800001</misses>
				<total>510</total>
				<timestamp>834.279318</timestamp>
			</report>
			<report>
				<misses>12900001</misses>
				<total>510</total>
				<timestamp>840.782430</timestamp>
			</report>
			<report>
				<misses>13000001</misses>
				<total>510</total>
				<timestamp>847.276667</timestamp>
			</report>
			<report>
				<misses>13100001</misses>
				<total>510</total>
				<timestamp>853.793822</timestamp>
			</report>
			<report>
				<misses>13200001</misses>
				<total>510</total>
				<timestamp>860.355772</timestamp>
			</report>
			<report>
				<misses>13300001</misses>
				<total>543</total>
				<timestamp>867.022644</timestamp>
			</report>
			<report>
				<misses>13400001</misses>
				<total>543</total>
				<timestamp>873.665901</timestamp>
			</report>
			<report>
				<misses>13500001</misses>
				<total>543</total>
				<timestamp>880.306723</timestamp>
			</report>
			<report>
				<misses>13600001</misses>
				<total>543</total>
				<timestamp>886.871295</timestamp>
			</report>
			<report>
				<misses>13700001</misses>
				<total>543</total>
				<timestamp>893.352443</timestamp>
			</report>
			<report>
				<misses>13800001</misses>
				<total>543</total>
				<timestamp>899.871462</timestamp>
			</report>
			<report>
				<misses>13900001</misses>
				<total>543</total>
				<timestamp>906.401633</timestamp>
			</report>
			<report>
				<misses>14000001</misses>
				<total>543</total>
				<timestamp>912.914722</timestamp>
			</report>
			<report>
				<misses>14100001</misses>
				<total>543</total>
				<timestamp>919.466916</timestamp>
			</report>
			<report>
				<misses>14200001</misses>
				<total>572</total>
				<timestamp>926.074320</timestamp>
			</report>
			<report>
				<misses>14300001</misses>
				<total>572</total>
				<timestamp>932.681084</timestamp>
			</report>
			<report>
				<misses>14400001</misses>
				<total>572</total>
				<timestamp>939.258358</timestamp>
			</report>
			<report>
				<misses>14500001</misses>
				<total>572</total>
				<timestamp>945.781522</timestamp>
			</report>
			<report>
				<misses>14600001</misses>
				<total>572</total>
				<timestamp>952.171532</timestamp>
			</report>
			<report>
				<misses>14700001</misses>
				<total>572</total>
				<timestamp>958.591478</timestamp>
			</report>
			<report>
				<misses>14800001</misses>
				<total>572</total>
				<timestamp>965.104161</timestamp>
			</report>
			<report>
				<misses>14900001</misses>
				<total>572</total>
				<timestamp>971.619036</timestamp>
			</report>
			<report>
				<misses>15000001</misses>
				<total>572</total>
				<timestamp>978.178578</timestamp>
			</report>
			<report>
				<misses>15100001</misses>
				<total>605</total>
				<timestamp>984.813991</timestamp>
			</report>
			<report>
				<misses>15200001</misses>
				<total>605</total>
				<timestamp>991.463619</timestamp>
			</report>
			<report>
				<misses>15300001</misses>
				<total>605</total>
				<timestamp>998.072210</timestamp>
			</report>
			<report>
				<misses>15400001</misses>
				<total>605</total>
				<timestamp>1004.684806</timestamp>
			</report>
			<report>
				<misses>15500001</misses>
				<total>605</total>
				<timestamp>1011.155222</timestamp>
			</report>
			<report>
				<misses>15600001</misses>
				<total>605</total>
				<timestamp>1017.635663</timestamp>
			</report>
			<report>
				<misses>15700001</misses>
				<total>605</total>
				<timestamp>1024.173649</timestamp>
			</report>
			<report>
				<misses>15800001</misses>
				<total>605</total>
				<timestamp>1030.707625</timestamp>
			</report>
			<report>
				<misses>15900001</misses>
				<total>605</total>
				<timestamp>1037.232462</timestamp>
			</report>
			<report>
				<misses>16000001</misses>
				<total>605</total>
				<timestamp>1043.793543</timestamp>
			</report>
			<report>
				<misses>16100001</misses>
				<total>641</total>
				<timestamp>1050.379267</timestamp>
			</report>
			<report>
				<misses>16200001</misses>
				<total>641</total>
				<timestamp>1056.928643</timestamp>
			</report>
			<report>
				<misses>16300001</misses>
				<total>641</total>
				<timestamp>1063.443576</timestamp>
			</report>
			<report>
				<misses>16400001</misses>
				<total>641</total>
				<timestamp>1069.874297</timestamp>
			</report>
			<report>
				<misses>16500001</misses>
				<total>641</total>
				<timestamp>1076.275813</timestamp>
			</report>
			<report>
				<misses>16600001</misses>
				<total>641</total>
				<timestamp>1082.696608</timestamp>
			</report>
			<report>
				<misses>16700001</misses>
				<total>641</total>
				<timestamp>1089.104268</timestamp>
			</report>
			<report>
				<misses>16800001</misses>
				<total>641</total>
				<timestamp>1095.490396</timestamp>
			</report>
			<report>
				<misses>16900001</misses>
				<total>641</total>
				<timestamp>1101.883668</timestamp>
			</report>
			<report>
				<misses>17000001</misses>
				<total>678</total>
				<timestamp>1108.312410</timestamp>
			</report>
			<report>
				<misses>17100001</misses>
				<total>678</total>
				<timestamp>1114.777463</timestamp>
			</report>
			<report>
				<misses>17200001</misses>
				<total>678</total>
				<timestamp>1121.327407</timestamp>
			</report>
			<report>
				<misses>17300001</misses>
				<total>678</total>
				<timestamp>1127.839255</timestamp>
			</report>
			<report>
				<misses>17400001</misses>
				<total>678</total>
				<timestamp>1134.300114</timestamp>
			</report>
			<report>
				<misses>17500001</misses>
				<total>678</total>
				<timestamp>1140.785542</timestamp>
			</report>
			<report>
				<misses>17600001</misses>
				<total>678</total>
				<timestamp>1147.322766</timestamp>
			</report>
			<report>
				<misses>17700001</misses>
				<total>678</total>
				<timestamp>1153.950071</timestamp>
			</report>
			<report>
				<misses>17800001</misses>
				<total>678</total>
				<timestamp>1160.566359</timestamp>
			</report>
			<report>
				<misses>17900001</misses>
				<total>711</total>
				<timestamp>1167.181033</timestamp>
			</report>
			<report>
				<misses>18000001</misses>
				<total>711</total>
				<timestamp>1173.891819</timestamp>
			</report>
			<report>
				<misses>18100001</misses>
				<total>711</total>
				<timestamp>1180.580347</timestamp>
			</report>
			<report>
				<misses>18200001</misses>
				<total>711</total>
				<timestamp>1187.216399</timestamp>
			</report>
			<report>
				<misses>18300001</misses>
				<total>711</total>
				<timestamp>1193.754520</timestamp>
			</report>
			<report>
				<misses>18400001</misses>
				<total>711</total>
				<timestamp>1200.327753</timestamp>
			</report>
			<report>
				<misses>18500001</misses>
				<total>711</total>
				<timestamp>1206.896808</timestamp>
			</report>
			<report>
				<misses>18600001</misses>
				<total>711</total>
				<timestamp>1213.497032</timestamp>
			</report>
			<report>
				<misses>18700001</misses>
				<total>711</total>
				<timestamp>1220.069328</timestamp>
			</report>
			<report>
				<misses>18800001</misses>
				<total>750</total>
				<timestamp>1226.642287</timestamp>
			</report>
			<report>
				<misses>18900001</misses>
				<total>750</total>
				<timestamp>1233.227745</timestamp>
			</report>
			<report>
				<misses>19000001</misses>
				<total>750</total>
				<timestamp>1239.780934</timestamp>
			</report>
			<report>
				<misses>19100001</misses>
				<total>750</total>
				<timestamp>1246.309917</timestamp>
			</report>
			<report>
				<misses>19200001</misses>
				<total>750</total>
				<timestamp>1252.705320</timestamp>
			</report>
			<report>
				<misses>19300001</misses>
				<total>750</total>
				<timestamp>1259.180160</timestamp>
			</report>
			<report>
				<misses>19400001</misses>
				<total>750</total>
				<timestamp>1265.695453</timestamp>
			</report>
			<report>
				<misses>19500001</misses>
				<total>750</total>
				<timestamp>1272.223459</timestamp>
			</report>
			<report>
				<misses>19600001</misses>
				<total>750</total>
				<timestamp>1278.775643</timestamp>
			</report>
			<report>
				<misses>19700001</misses>
				<total>788</total>
				<timestamp>1285.369946</timestamp>
			</report>
			<report>
				<misses>19800001</misses>
				<total>788</total>
				<timestamp>1291.930793</timestamp>
			</report>
			<report>
				<misses>19900001</misses>
				<total>788</total>
				<timestamp>1298.459641</timestamp>
			</report>
			<report>
				<misses>20000001</misses>
				<total>788</total>
				<timestamp>1304.949561</timestamp>
			</report>
			<report>
				<misses>20100001</misses>
				<total>788</total>
				<timestamp>1311.421550</timestamp>
			</report>
			<report>
				<misses>20200001</misses>
				<total>788</total>
				<timestamp>1317.891396</timestamp>
			</report>
			<report>
				<misses>20300001</misses>
				<total>788</total>
				<timestamp>1324.348748</timestamp>
			</report>
			<report>
				<misses>20400001</misses>
				<total>788</total>
				<timestamp>1330.795784</timestamp>
			</report>
			<report>
				<misses>20500001</misses>
				<total>788</total>
				<timestamp>1337.250485</timestamp>
			</report>
			<report>
				<misses>20600001</misses>
				<total>788</total>
				<timestamp>1343.725057</timestamp>
			</report>
			<report>
				<misses>20700001</misses>
				<total>829</total>
				<timestamp>1350.241090</timestamp>
			</report>
			<report>
				<misses>20800001</misses>
				<total>829</total>
				<timestamp>1356.768443</timestamp>
			</report>
			<report>
				<misses>20900001</misses>
				<total>829</total>
				<timestamp>1363.244640</timestamp>
			</report>
			<report>
				<misses>21000001</misses>
				<total>829</total>
				<timestamp>1369.703897</timestamp>
			</report>
			<report>
				<misses>21100001</misses>
				<total>829</total>
				<timestamp>1376.103376</timestamp>
			</report>
			<report>
				<misses>21200001</misses>
				<total>829</total>
				<timestamp>1382.579736</timestamp>
			</report>
			<report>
				<misses>21300001</misses>
				<total>829</total>
				<timestamp>1389.071997</timestamp>
			</report>
			<report>
				<misses>21400001</misses>
				<total>829</total>
				<timestamp>1395.608928</timestamp>
			</report>
			<report>
				<misses>21500001</misses>
				<total>829</total>
				<timestamp>1402.187261</timestamp>
			</report>
			<report>
				<misses>21600001</misses>
				<total>865</total>
				<timestamp>1408.751025</timestamp>
			</report>
			<report>
				<misses>21700001</misses>
				<total>865</total>
				<timestamp>1415.318834</timestamp>
			</report>
			<report>
				<misses>21800001</misses>
				<total>865</total>
				<timestamp>1421.844104</timestamp>
			</report>
			<report>
				<misses>21900001</misses>
				<total>865</total>
				<timestamp>1428.317547</timestamp>
			</report>
			<report>
				<misses>22000001</misses>
				<total>865</total>
				<timestamp>1434.714620</timestamp>
			</report>
			<report>
				<misses>22100001</misses>
				<total>865</total>
				<timestamp>1441.115732</timestamp>
			</report>
			<report>
				<misses>22200001</misses>
				<total>865</total>
				<timestamp>1447.557431</timestamp>
			</report>
			<report>
				<misses>22300001</misses>
				<total>865</total>
				<timestamp>1454.043584</timestamp>
			</report>
			<report>
				<misses>22400001</misses>
				<total>865</total>
				<timestamp>1460.573635</timestamp>
			</report>
			<report>
				<misses>22500001</misses>
				<total>896</total>
				<timestamp>1467.102072</timestamp>
			</report>
			<report>
				<misses>22600001</misses>
				<total>896</total>
				<timestamp>1473.642572</timestamp>
			</report>
			<report>
				<misses>22700001</misses>
				<total>896</total>
				<timestamp>1480.192468</timestamp>
			</report>
			<report>
				<misses>22800001</misses>
				<total>896</total>
				<timestamp>1486.775518</timestamp>
			</report>
			<report>
				<misses>22900001</misses>
				<total>896</total>
				<timestamp>1493.234229</timestamp>
			</report>
			<report>
				<misses>23000001</misses>
				<total>896</total>
				<timestamp>1499.728858</timestamp>
			</report>
			<report>
				<misses>23100001</misses>
				<total>896</total>
				<timestamp>1506.325764</timestamp>
			</report>
			<report>
				<misses>23200001</misses>
				<total>896</total>
				<timestamp>1512.896794</timestamp>
			</report>
			<report>
				<misses>23300001</misses>
				<total>896</total>
				<timestamp>1519.458486</timestamp>
			</report>
			<report>
				<misses>23400001</misses>
				<total>935</total>
				<timestamp>1526.027069</timestamp>
			</report>
			<report>
				<misses>23500001</misses>
				<total>935</total>
				<timestamp>1532.565115</timestamp>
			</report>
			<report>
				<misses>23600001</misses>
				<total>935</total>
				<timestamp>1539.106951</timestamp>
			</report>
			<report>
				<misses>23700001</misses>
				<total>935</total>
				<timestamp>1545.644137</timestamp>
			</report>
			<report>
				<misses>23800001</misses>
				<total>935</total>
				<timestamp>1552.063143</timestamp>
			</report>
			<report>
				<misses>23900001</misses>
				<total>935</total>
				<timestamp>1558.469592</timestamp>
			</report>
			<report>
				<misses>24000001</misses>
				<total>935</total>
				<timestamp>1564.966647</timestamp>
			</report>
			<report>
				<misses>24100001</misses>
				<total>935</total>
				<timestamp>1571.483327</timestamp>
			</report>
			<report>
				<misses>24200001</misses>
				<total>935</total>
				<timestamp>1577.993974</timestamp>
			</report>
			<report>
				<misses>24300001</misses>
				<total>935</total>
				<timestamp>1584.497691</timestamp>
			</report>
			<report>
				<misses>24400001</misses>
				<total>973</total>
				<timestamp>1591.026392</timestamp>
			</report>
			<report>
				<misses>24500001</misses>
				<total>973</total>
				<timestamp>1597.611802</timestamp>
			</report>
			<report>
				<misses>24600001</misses>
				<total>973</total>
				<timestamp>1604.163262</timestamp>
			</report>
			<report>
				<misses>24700001</misses>
				<total>973</total>
				<timestamp>1610.635159</timestamp>
			</report>
			<report>
				<misses>24800001</misses>
				<total>973</total>
				<timestamp>1617.057457</timestamp>
			</report>
			<report>
				<misses>24900001</misses>
				<total>973</total>
				<timestamp>1623.457759</timestamp>
			</report>
			<report>
				<misses>25000001</misses>
				<total>973</total>
				<timestamp>1629.869355</timestamp>
			</report>
			<report>
				<misses>25100001</misses>
				<total>973</total>
				<timestamp>1636.331845</timestamp>
			</report>
			<report>
				<misses>25200001</misses>
				<total>973</total>
				<timestamp>1642.815381</timestamp>
			</report>
			<report>
				<misses>25300001</misses>
				<total>1010</total>
				<timestamp>1649.366093</timestamp>
			</report>
			<report>
				<misses>25400001</misses>
				<total>1010</total>
				<timestamp>1655.935377</timestamp>
			</report>
			<report>
				<misses>25500001</misses>
				<total>1010</total>
				<timestamp>1662.515762</timestamp>
			</report>
			<report>
				<misses>25600001</misses>
				<total>1010</total>
				<timestamp>1669.049253</timestamp>
			</report>
			<report>
				<misses>25700001</misses>
				<total>1010</total>
				<timestamp>1675.542618</timestamp>
			</report>
			<report>
				<misses>25800001</misses>
				<total>1010</total>
				<timestamp>1682.093013</timestamp>
			</report>
			<report>
				<misses>25900001</misses>
				<total>1010</total>
				<timestamp>1688.680319</timestamp>
			</report>
			<report>
				<misses>26000001</misses>
				<total>1010</total>
				<timestamp>1695.225973</timestamp>
			</report>
			<report>
				<misses>26100001</misses>
				<total>1010</total>
				<timestamp>1701.748926</timestamp>
			</report>
			<report>
				<misses>26200001</misses>
				<total>1045</total>
				<timestamp>1708.279407</timestamp>
			</report>
			<report>
				<misses>26300001</misses>
				<total>1045</total>
				<timestamp>1714.863036</timestamp>
			</report>
			<report>
				<misses>26400001</misses>
				<total>1045</total>
				<timestamp>1721.455574</timestamp>
			</report>
			<report>
				<misses>26500001</misses>
				<total>1045</total>
				<timestamp>1727.973863</timestamp>
			</report>
			<report>
				<misses>26600001</misses>
				<total>1045</total>
				<timestamp>1734.407984</timestamp>
			</report>
			<report>
				<misses>26700001</misses>
				<total>1045</total>
				<timestamp>1740.887534</timestamp>
			</report>
			<report>
				<misses>26800001</misses>
				<total>1045</total>
				<timestamp>1747.359058</timestamp>
			</report>
			<report>
				<misses>26900001</misses>
				<total>1045</total>
				<timestamp>1753.857450</timestamp>
			</report>
			<report>
				<misses>27000001</misses>
				<total>1045</total>
				<timestamp>1760.377748</timestamp>
			</report>
			<report>
				<misses>27100001</misses>
				<total>1078</total>
				<timestamp>1766.941705</timestamp>
			</report>
			<report>
				<misses>27200001</misses>
				<total>1078</total>
				<timestamp>1773.505031</timestamp>
			</report>
			<report>
				<misses>27300001</misses>
				<total>1078</total>
				<timestamp>1780.089628</timestamp>
			</report>
			<report>
				<misses>27400001</misses>
				<total>1078</total>
				<timestamp>1786.627123</timestamp>
			</report>
			<report>
				<misses>27500001</misses>
				<total>1078</total>
				<timestamp>1793.063368</timestamp>
			</report>
			<report>
				<misses>27600001</misses>
				<total>1078</total>
				<timestamp>1799.532447</timestamp>
			</report>
			<report>
				<misses>27700001</misses>
				<total>1078</total>
				<timestamp>1806.039070</timestamp>
			</report>
			<report>
				<misses>27800001</misses>
				<total>1078</total>
				<timestamp>1812.528445</timestamp>
			</report>
			<report>
				<misses>27900001</misses>
				<total>1078</total>
				<timestamp>1819.022322</timestamp>
			</report>
			<report>
				<misses>28000001</misses>
				<total>1115</total>
				<timestamp>1825.531610</timestamp>
			</report>
			<report>
				<misses>28100001</misses>
				<total>1115</total>
				<timestamp>1832.043906</timestamp>
			</report>
			<report>
				<misses>28200001</misses>
				<total>1115</total>
				<timestamp>1838.628066</timestamp>
			</report>
			<report>
				<misses>28300001</misses>
				<total>1115</total>
				<timestamp>1845.186364</timestamp>
			</report>
			<report>
				<misses>28400001</misses>
				<total>1115</total>
				<timestamp>1851.697357</timestamp>
			</report>
			<report>
				<misses>28500001</misses>
				<total>1115</total>
				<timestamp>1858.203666</timestamp>
			</report>
			<report>
				<misses>28600001</misses>
				<total>1115</total>
				<timestamp>1864.724955</timestamp>
			</report>
			<report>
				<misses>28700001</misses>
				<total>1115</total>
				<timestamp>1871.292488</timestamp>
			</report>
			<report>
				<misses>28800001</misses>
				<total>1115</total>
				<timestamp>1877.849992</timestamp>
			</report>
			<report>
				<misses>28900001</misses>
				<total>1115</total>
				<timestamp>1884.398207</timestamp>
			</report>
			<report>
				<misses>29000001</misses>
				<total>1147</total>
				<timestamp>1890.965160</timestamp>
			</report>
			<report>
				<misses>29100001</misses>
				<total>1147</total>
				<timestamp>1897.487917</timestamp>
			</report>
			<report>
				<misses>29200001</misses>
				<total>1147</total>
				<timestamp>1904.001039</timestamp>
			</report>
			<report>
				<misses>29300001</misses>
				<total>1147</total>
				<timestamp>1910.425375</timestamp>
			</report>
			<report>
				<misses>29400001</misses>
				<total>1147</total>
				<timestamp>1916.895181</timestamp>
			</report>
			<report>
				<misses>29500001</misses>
				<total>1147</total>
				<timestamp>1923.371663</timestamp>
			</report>
			<report>
				<misses>29600001</misses>
				<total>1147</total>
				<timestamp>1929.867669</timestamp>
			</report>
			<report>
				<misses>29700001</misses>
				<total>1147</total>
				<timestamp>1936.378482</timestamp>
			</report>
			<report>
				<misses>29800001</misses>
				<total>1147</total>
				<timestamp>1942.909147</timestamp>
			</report>
			<report>
				<misses>29900001</misses>
				<total>1182</total>
				<timestamp>1949.503185</timestamp>
			</report>
			<report>
				<misses>30000001</misses>
				<total>1182</total>
				<timestamp>1956.069717</timestamp>
			</report>
			<report>
				<misses>30100001</misses>
				<total>1182</total>
				<timestamp>1962.671738</timestamp>
			</report>
			<report>
				<misses>30200001</misses>
				<total>1182</total>
				<timestamp>1969.248848</timestamp>
			</report>
			<report>
				<misses>30300001</misses>
				<total>1182</total>
				<timestamp>1975.770359</timestamp>
			</report>
			<report>
				<misses>30400001</misses>
				<total>1182</total>
				<timestamp>1982.277916</timestamp>
			</report>
			<report>
				<misses>30500001</misses>
				<total>1182</total>
				<timestamp>1988.805569</timestamp>
			</report>
			<report>
				<misses>30600001</misses>
				<total>1182</total>
				<timestamp>1995.386127</timestamp>
			</report>
			<report>
				<misses>30700001</misses>
				<total>1182</total>
				<timestamp>2001.998124</timestamp>
			</report>
			<report>
				<misses>30800001</misses>
				<total>1218</total>
				<timestamp>2008.604797</timestamp>
			</report>
			<report>
				<misses>30900001</misses>
				<total>1218</total>
				<timestamp>2015.197252</timestamp>
			</report>
			<report>
				<misses>31000001</misses>
				<total>1218</total>
				<timestamp>2021.761598</timestamp>
			</report>
			<report>
				<misses>31100001</misses>
				<total>1218</total>
				<timestamp>2028.252247</timestamp>
			</report>
			<report>
				<misses>31200001</misses>
				<total>1218</total>
				<timestamp>2034.692088</timestamp>
			</report>
			<report>
				<misses>31300001</misses>
				<total>1218</total>
				<timestamp>2041.140873</timestamp>
			</report>
			<report>
				<misses>31400001</misses>
				<total>1218</total>
				<timestamp>2047.657625</timestamp>
			</report>
			<report>
				<misses>31500001</misses>
				<total>1218</total>
				<timestamp>2054.164505</timestamp>
			</report>
			<report>
				<misses>31600001</misses>
				<total>1218</total>
				<timestamp>2060.672513</timestamp>
			</report>
			<report>
				<misses>31700001</misses>
				<total>1253</total>
				<timestamp>2067.147924</timestamp>
			</report>
			<report>
				<misses>31800001</misses>
				<total>1253</total>
				<timestamp>2073.619505</timestamp>
			</report>
			<report>
				<misses>31900001</misses>
				<total>1253</total>
				<timestamp>2080.073667</timestamp>
			</report>
			<report>
				<misses>32000001</misses>
				<total>1253</total>
				<timestamp>2086.542697</timestamp>
			</report>
			<report>
				<misses>32100001</misses>
				<total>1253</total>
				<timestamp>2092.951890</timestamp>
			</report>
			<report>
				<misses>32200001</misses>
				<total>1253</total>
				<timestamp>2099.347970</timestamp>
			</report>
			<report>
				<misses>32300001</misses>
				<total>1253</total>
				<timestamp>2105.792634</timestamp>
			</report>
			<report>
				<misses>32400001</misses>
				<total>1253</total>
				<timestamp>2112.300042</timestamp>
			</report>
			<report>
				<misses>32500001</misses>
				<total>1253</total>
				<timestamp>2118.802877</timestamp>
			</report>
			<report>
				<misses>32600001</misses>
				<total>1292</total>
				<timestamp>2125.298721</timestamp>
			</report>
			<report>
				<misses>32700001</misses>
				<total>1292</total>
				<timestamp>2131.786632</timestamp>
			</report>
			<report>
				<misses>32800001</misses>
				<total>1292</total>
				<timestamp>2138.327128</timestamp>
			</report>
			<report>
				<misses>32900001</misses>
				<total>1292</total>
				<timestamp>2144.823349</timestamp>
			</report>
			<report>
				<misses>33000001</misses>
				<total>1292</total>
				<timestamp>2151.212980</timestamp>
			</report>
			<report>
				<misses>33100001</misses>
				<total>1292</total>
				<timestamp>2157.668574</timestamp>
			</report>
			<report>
				<misses>33200001</misses>
				<total>1292</total>
				<timestamp>2164.114045</timestamp>
			</report>
			<report>
				<misses>33300001</misses>
				<total>1292</total>
				<timestamp>2170.580143</timestamp>
			</report>
			<report>
				<misses>33400001</misses>
				<total>1292</total>
				<timestamp>2177.122012</timestamp>
			</report>
			<report>
				<misses>33500001</misses>
				<total>1292</total>
				<timestamp>2183.683919</timestamp>
			</report>
			<report>
				<misses>33600001</misses>
				<total>1326</total>
				<timestamp>2190.238741</timestamp>
			</report>
			<report>
				<misses>33700001</misses>
				<total>1326</total>
				<timestamp>2196.782481</timestamp>
			</report>
			<report>
				<misses>33800001</misses>
				<total>1326</total>
				<timestamp>2203.304683</timestamp>
			</report>
			<report>
				<misses>33900001</misses>
				<total>1326</total>
				<timestamp>2209.758290</timestamp>
			</report>
			<report>
				<misses>34000001</misses>
				<total>1326</total>
				<timestamp>2216.203317</timestamp>
			</report>
			<report>
				<misses>34100001</misses>
				<total>1326</total>
				<timestamp>2222.694848</timestamp>
			</report>
			<report>
				<misses>34200001</misses>
				<total>1326</total>
				<timestamp>2229.249677</timestamp>
			</report>
			<report>
				<misses>34300001</misses>
				<total>1326</total>
				<timestamp>2235.873169</timestamp>
			</report>
			<report>
				<misses>34400001</misses>
				<total>1326</total>
				<timestamp>2242.540920</timestamp>
			</report>
			<report>
				<misses>34500001</misses>
				<total>1361</total>
				<timestamp>2249.254557</timestamp>
			</report>
			<report>
				<misses>34600001</misses>
				<total>1361</total>
				<timestamp>2255.956764</timestamp>
			</report>
			<report>
				<misses>34700001</misses>
				<total>1361</total>
				<timestamp>2262.610617</timestamp>
			</report>
			<report>
				<misses>34800001</misses>
				<total>1361</total>
				<timestamp>2269.185868</timestamp>
			</report>
			<report>
				<misses>34900001</misses>
				<total>1361</total>
				<timestamp>2275.744219</timestamp>
			</report>
			<report>
				<misses>35000001</misses>
				<total>1361</total>
				<timestamp>2282.269158</timestamp>
			</report>
			<report>
				<misses>35100001</misses>
				<total>1361</total>
				<timestamp>2288.840962</timestamp>
			</report>
			<report>
				<misses>35200001</misses>
				<total>1361</total>
				<timestamp>2295.392853</timestamp>
			</report>
			<report>
				<misses>35300001</misses>
				<total>1361</total>
				<timestamp>2301.920064</timestamp>
			</report>
			<report>
				<misses>35400001</misses>
				<total>1397</total>
				<timestamp>2308.479584</timestamp>
			</report>
			<report>
				<misses>35500001</misses>
				<total>1397</total>
				<timestamp>2315.004087</timestamp>
			</report>
			<report>
				<misses>35600001</misses>
				<total>1397</total>
				<timestamp>2321.492289</timestamp>
			</report>
			<report>
				<misses>35700001</misses>
				<total>1397</total>
				<timestamp>2327.912583</timestamp>
			</report>
			<report>
				<misses>35800001</misses>
				<total>1397</total>
				<timestamp>2334.234114</timestamp>
			</report>
			<report>
				<misses>35900001</misses>
				<total>1397</total>
				<timestamp>2340.647186</timestamp>
			</report>
			<report>
				<misses>36000001</misses>
				<total>1397</total>
				<timestamp>2347.141935</timestamp>
			</report>
			<report>
				<misses>36100001</misses>
				<total>1397</total>
				<timestamp>2353.692976</timestamp>
			</report>
			<report>
				<misses>36200001</misses>
				<total>1397</total>
				<timestamp>2360.267534</timestamp>
			</report>
			<report>
				<misses>36300001</misses>
				<total>1434</total>
				<timestamp>2366.875453</timestamp>
			</report>
			<report>
				<misses>36400001</misses>
				<total>1434</total>
				<timestamp>2373.464594</timestamp>
			</report>
			<report>
				<misses>36500001</misses>
				<total>1434</total>
				<timestamp>2380.076550</timestamp>
			</report>
			<report>
				<misses>36600001</misses>
				<total>1434</total>
				<timestamp>2386.666585</timestamp>
			</report>
			<report>
				<misses>36700001</misses>
				<total>1434</total>
				<timestamp>2393.164475</timestamp>
			</report>
			<report>
				<misses>36800001</misses>
				<total>1434</total>
				<timestamp>2399.629117</timestamp>
			</report>
			<report>
				<misses>36900001</misses>
				<total>1434</total>
				<timestamp>2406.124583</timestamp>
			</report>
			<report>
				<misses>37000001</misses>
				<total>1434</total>
				<timestamp>2412.609287</timestamp>
			</report>
			<report>
				<misses>37100001</misses>
				<total>1434</total>
				<timestamp>2419.113462</timestamp>
			</report>
			<report>
				<misses>37200001</misses>
				<total>1467</total>
				<timestamp>2425.630811</timestamp>
			</report>
			<report>
				<misses>37300001</misses>
				<total>1467</total>
				<timestamp>2432.200215</timestamp>
			</report>
			<report>
				<misses>37400001</misses>
				<total>1467</total>
				<timestamp>2438.813968</timestamp>
			</report>
			<report>
				<misses>37500001</misses>
				<total>1467</total>
				<timestamp>2445.457650</timestamp>
			</report>
			<report>
				<misses>37600001</misses>
				<total>1467</total>
				<timestamp>2451.928012</timestamp>
			</report>
			<report>
				<misses>37700001</misses>
				<total>1467</total>
				<timestamp>2458.351849</timestamp>
			</report>
			<report>
				<misses>37800001</misses>
				<total>1467</total>
				<timestamp>2464.818377</timestamp>
			</report>
			<report>
				<misses>37900001</misses>
				<total>1467</total>
				<timestamp>2471.304494</timestamp>
			</report>
			<report>
				<misses>38000001</misses>
				<total>1467</total>
				<timestamp>2477.807908</timestamp>
			</report>
			<report>
				<misses>38100001</misses>
				<total>1467</total>
				<timestamp>2484.286266</timestamp>
			</report>
			<report>
				<misses>38200001</misses>
				<total>1503</total>
				<timestamp>2490.733522</timestamp>
			</report>
			<report>
				<misses>38300001</misses>
				<total>1503</total>
				<timestamp>2497.205023</timestamp>
			</report>
			<report>
				<misses>38400001</misses>
				<total>1503</total>
				<timestamp>2503.760008</timestamp>
			</report>
			<report>
				<misses>38500001</misses>
				<total>1503</total>
				<timestamp>2510.210728</timestamp>
			</report>
			<report>
				<misses>38600001</misses>
				<total>1503</total>
				<timestamp>2516.636990</timestamp>
			</report>
			<report>
				<misses>38700001</misses>
				<total>1503</total>
				<timestamp>2523.056853</timestamp>
			</report>
			<report>
				<misses>38800001</misses>
				<total>1503</total>
				<timestamp>2529.527804</timestamp>
			</report>
			<report>
				<misses>38900001</misses>
				<total>1503</total>
				<timestamp>2536.018779</timestamp>
			</report>
			<report>
				<misses>39000001</misses>
				<total>1503</total>
				<timestamp>2542.475551</timestamp>
			</report>
			<report>
				<misses>39100001</misses>
				<total>1536</total>
				<timestamp>2548.915735</timestamp>
			</report>
			<report>
				<misses>39200001</misses>
				<total>1536</total>
				<timestamp>2555.355007</timestamp>
			</report>
			<report>
				<misses>39300001</misses>
				<total>1536</total>
				<timestamp>2561.810610</timestamp>
			</report>
			<report>
				<misses>39400001</misses>
				<total>1536</total>
				<timestamp>2568.218840</timestamp>
			</report>
			<report>
				<misses>39500001</misses>
				<total>1536</total>
				<timestamp>2574.622095</timestamp>
			</report>
			<report>
				<misses>39600001</misses>
				<total>1536</total>
				<timestamp>2581.092177</timestamp>
			</report>
			<report>
				<misses>39700001</misses>
				<total>1536</total>
				<timestamp>2587.592730</timestamp>
			</report>
			<report>
				<misses>39800001</misses>
				<total>1536</total>
				<timestamp>2594.096562</timestamp>
			</report>
			<report>
				<misses>39900001</misses>
				<total>1536</total>
				<timestamp>2600.563075</timestamp>
			</report>
			<report>
				<misses>40000001</misses>
				<total>1569</total>
				<timestamp>2607.049410</timestamp>
			</report>
			<report>
				<misses>40100001</misses>
				<total>1569</total>
				<timestamp>2613.526912</timestamp>
			</report>
			<report>
				<misses>40200001</misses>
				<total>1569</total>
				<timestamp>2619.988437</timestamp>
			</report>
			<report>
				<misses>40300001</misses>
				<total>1569</total>
				<timestamp>2626.423208</timestamp>
			</report>
			<report>
				<misses>40400001</misses>
				<total>1569</total>
				<timestamp>2632.859208</timestamp>
			</report>
			<report>
				<misses>40500001</misses>
				<total>1569</total>
				<timestamp>2639.330811</timestamp>
			</report>
			<report>
				<misses>40600001</misses>
				<total>1569</total>
				<timestamp>2645.826936</timestamp>
			</report>
			<report>
				<misses>40700001</misses>
				<total>1569</total>
				<timestamp>2652.285021</timestamp>
			</report>
			<report>
				<misses>40800001</misses>
				<total>1569</total>
				<timestamp>2658.791074</timestamp>
			</report>
			<report>
				<misses>40900001</misses>
				<total>1609</total>
				<timestamp>2665.269154</timestamp>
			</report>
			<report>
				<misses>41000001</misses>
				<total>1609</total>
				<timestamp>2671.760839</timestamp>
			</report>
			<report>
				<misses>41100001</misses>
				<total>1609</total>
				<timestamp>2678.361711</timestamp>
			</report>
			<report>
				<misses>41200001</misses>
				<total>1609</total>
				<timestamp>2684.963848</timestamp>
			</report>
			<report>
				<misses>41300001</misses>
				<total>1609</total>
				<timestamp>2691.503041</timestamp>
			</report>
			<report>
				<misses>41400001</misses>
				<total>1609</total>
				<timestamp>2698.012791</timestamp>
			</report>
			<report>
				<misses>41500001</misses>
				<total>1609</total>
				<timestamp>2704.545028</timestamp>
			</report>
			<report>
				<misses>41600001</misses>
				<total>1609</total>
				<timestamp>2711.142358</timestamp>
			</report>
			<report>
				<misses>41700001</misses>
				<total>1609</total>
				<timestamp>2717.723042</timestamp>
			</report>
			<report>
				<misses>41800001</misses>
				<total>1609</total>
				<timestamp>2724.292889</timestamp>
			</report>
			<report>
				<misses>41900001</misses>
				<total>1647</total>
				<timestamp>2730.874142</timestamp>
			</report>
			<report>
				<misses>42000001</misses>
				<total>1647</total>
				<timestamp>2737.491168</timestamp>
			</report>
			<report>
				<misses>42100001</misses>
				<total>1647</total>
				<timestamp>2744.098355</timestamp>
			</report>
			<report>
				<misses>42200001</misses>
				<total>1647</total>
				<timestamp>2750.604054</timestamp>
			</report>
			<report>
				<misses>42300001</misses>
				<total>1647</total>
				<timestamp>2757.101408</timestamp>
			</report>
			<report>
				<misses>42400001</misses>
				<total>1647</total>
				<timestamp>2763.640334</timestamp>
			</report>
			<report>
				<misses>42500001</misses>
				<total>1647</total>
				<timestamp>2770.202047</timestamp>
			</report>
			<report>
				<misses>42600001</misses>
				<total>1647</total>
				<timestamp>2776.742632</timestamp>
			</report>
			<report>
				<misses>42700001</misses>
				<total>1647</total>
				<timestamp>2783.282254</timestamp>
			</report>
			<report>
				<misses>42800001</misses>
				<total>1681</total>
				<timestamp>2789.860846</timestamp>
			</report>
			<report>
				<misses>42900001</misses>
				<total>1681</total>
				<timestamp>2796.399682</timestamp>
			</report>
			<report>
				<misses>43000001</misses>
				<total>1681</total>
				<timestamp>2802.902398</timestamp>
			</report>
			<report>
				<misses>43100001</misses>
				<total>1681</total>
				<timestamp>2809.333093</timestamp>
			</report>
			<report>
				<misses>43200001</misses>
				<total>1681</total>
				<timestamp>2815.705530</timestamp>
			</report>
			<report>
				<misses>43300001</misses>
				<total>1681</total>
				<timestamp>2822.133026</timestamp>
			</report>
			<report>
				<misses>43400001</misses>
				<total>1681</total>
				<timestamp>2828.577822</timestamp>
			</report>
			<report>
				<misses>43500001</misses>
				<total>1681</total>
				<timestamp>2835.101401</timestamp>
			</report>
			<report>
				<misses>43600001</misses>
				<total>1681</total>
				<timestamp>2841.612627</timestamp>
			</report>
			<report>
				<misses>43700001</misses>
				<total>1723</total>
				<timestamp>2848.164286</timestamp>
			</report>
			<report>
				<misses>43800001</misses>
				<total>1723</total>
				<timestamp>2854.740359</timestamp>
			</report>
			<report>
				<misses>43900001</misses>
				<total>1723</total>
				<timestamp>2861.304172</timestamp>
			</report>
			<report>
				<misses>44000001</misses>
				<total>1723</total>
				<timestamp>2867.867261</timestamp>
			</report>
			<report>
				<misses>44100001</misses>
				<total>1723</total>
				<timestamp>2874.344381</timestamp>
			</report>
			<report>
				<misses>44200001</misses>
				<total>1723</total>
				<timestamp>2880.850620</timestamp>
			</report>
			<report>
				<misses>44300001</misses>
				<total>1723</total>
				<timestamp>2887.319433</timestamp>
			</report>
			<report>
				<misses>44400001</misses>
				<total>1723</total>
				<timestamp>2893.767951</timestamp>
			</report>
			<report>
				<misses>44500001</misses>
				<total>1723</total>
				<timestamp>2900.299938</timestamp>
			</report>
			<report>
				<misses>44600001</misses>
				<total>1760</total>
				<timestamp>2906.832876</timestamp>
			</report>
			<report>
				<misses>44700001</misses>
				<total>1760</total>
				<timestamp>2913.422786</timestamp>
			</report>
			<report>
				<misses>44800001</misses>
				<total>1760</total>
				<timestamp>2920.012818</timestamp>
			</report>
			<report>
				<misses>44900001</misses>
				<total>1760</total>
				<timestamp>2926.551930</timestamp>
			</report>
			<report>
				<misses>45000001</misses>
				<total>1760</total>
				<timestamp>2932.982435</timestamp>
			</report>
			<report>
				<misses>45100001</misses>
				<total>1760</total>
				<timestamp>2939.367153</timestamp>
			</report>
			<report>
				<misses>45200001</misses>
				<total>1760</total>
				<timestamp>2945.765868</timestamp>
			</report>
			<report>
				<misses>45300001</misses>
				<total>1760</total>
				<timestamp>2952.192131</timestamp>
			</report>
			<report>
				<misses>45400001</misses>
				<total>1760</total>
				<timestamp>2958.690188</timestamp>
			</report>
			<report>
				<misses>45500001</misses>
				<total>1797</total>
				<timestamp>2965.240795</timestamp>
			</report>
			<report>
				<misses>45600001</misses>
				<total>1797</total>
				<timestamp>2971.801242</timestamp>
			</report>
			<report>
				<misses>45700001</misses>
				<total>1797</total>
				<timestamp>2978.352492</timestamp>
			</report>
			<report>
				<misses>45800001</misses>
				<total>1797</total>
				<timestamp>2984.943279</timestamp>
			</report>
			<report>
				<misses>45900001</misses>
				<total>1797</total>
				<timestamp>2991.429574</timestamp>
			</report>
			<report>
				<misses>46000001</misses>
				<total>1797</total>
				<timestamp>2997.817536</timestamp>
			</report>
			<report>
				<misses>46100001</misses>
				<total>1797</total>
				<timestamp>3004.175184</timestamp>
			</report>
			<report>
				<misses>46200001</misses>
				<total>1797</total>
				<timestamp>3010.609115</timestamp>
			</report>
			<report>
				<misses>46300001</misses>
				<total>1797</total>
				<timestamp>3017.049933</timestamp>
			</report>
			<report>
				<misses>46400001</misses>
				<total>1797</total>
				<timestamp>3023.490328</timestamp>
			</report>
			<report>
				<misses>46500001</misses>
				<total>1833</total>
				<timestamp>3029.909600</timestamp>
			</report>
			<report>
				<misses>46600001</misses>
				<total>1833</total>
				<timestamp>3036.398541</timestamp>
			</report>
			<report>
				<misses>46700001</misses>
				<total>1833</total>
				<timestamp>3042.884315</timestamp>
			</report>
			<report>
				<misses>46800001</misses>
				<total>1833</total>
				<timestamp>3049.287207</timestamp>
			</report>
			<report>
				<misses>46900001</misses>
				<total>1833</total>
				<timestamp>3055.737136</timestamp>
			</report>
			<report>
				<misses>47000001</misses>
				<total>1833</total>
				<timestamp>3062.237575</timestamp>
			</report>
			<report>
				<misses>47100001</misses>
				<total>1833</total>
				<timestamp>3068.736025</timestamp>
			</report>
			<report>
				<misses>47200001</misses>
				<total>1833</total>
				<timestamp>3075.269655</timestamp>
			</report>
			<report>
				<misses>47300001</misses>
				<total>1833</total>
				<timestamp>3081.755401</timestamp>
			</report>
			<report>
				<misses>47400001</misses>
				<total>1867</total>
				<timestamp>3088.269473</timestamp>
			</report>
			<report>
				<misses>47500001</misses>
				<total>1867</total>
				<timestamp>3094.804528</timestamp>
			</report>
			<report>
				<misses>47600001</misses>
				<total>1867</total>
				<timestamp>3101.317070</timestamp>
			</report>
			<report>
				<misses>47700001</misses>
				<total>1867</total>
				<timestamp>3107.797399</timestamp>
			</report>
			<report>
				<misses>47800001</misses>
				<total>1867</total>
				<timestamp>3114.237870</timestamp>
			</report>
			<report>
				<misses>47900001</misses>
				<total>1867</total>
				<timestamp>3120.705120</timestamp>
			</report>
			<report>
				<misses>48000001</misses>
				<total>1867</total>
				<timestamp>3127.177260</timestamp>
			</report>
			<report>
				<misses>48100001</misses>
				<total>1867</total>
				<timestamp>3133.667862</timestamp>
			</report>
			<report>
				<misses>48200001</misses>
				<total>1867</total>
				<timestamp>3140.228095</timestamp>
			</report>
			<report>
				<misses>48300001</misses>
				<total>1907</total>
				<timestamp>3146.800369</timestamp>
			</report>
			<report>
				<misses>48400001</misses>
				<total>1907</total>
				<timestamp>3153.354435</timestamp>
			</report>
			<report>
				<misses>48500001</misses>
				<total>1907</total>
				<timestamp>3159.880757</timestamp>
			</report>
			<report>
				<misses>48600001</misses>
				<total>1907</total>
				<timestamp>3166.419499</timestamp>
			</report>
			<report>
				<misses>48700001</misses>
				<total>1907</total>
				<timestamp>3172.872014</timestamp>
			</report>
			<report>
				<misses>48800001</misses>
				<total>1907</total>
				<timestamp>3179.357243</timestamp>
			</report>
			<report>
				<misses>48900001</misses>
				<total>1907</total>
				<timestamp>3185.897577</timestamp>
			</report>
			<report>
				<misses>49000001</misses>
				<total>1907</total>
				<timestamp>3192.482097</timestamp>
			</report>
			<report>
				<misses>49100001</misses>
				<total>1907</total>
				<timestamp>3199.156227</timestamp>
			</report>
			<report>
				<misses>49200001</misses>
				<total>1935</total>
				<timestamp>3205.838738</timestamp>
			</report>
			<report>
				<misses>49300001</misses>
				<total>1935</total>
				<timestamp>3212.505874</timestamp>
			</report>
			<report>
				<misses>49400001</misses>
				<total>1935</total>
				<timestamp>3219.127352</timestamp>
			</report>
			<report>
				<misses>49500001</misses>
				<total>1935</total>
				<timestamp>3225.736709</timestamp>
			</report>
			<report>
				<misses>49600001</misses>
				<total>1935</total>
				<timestamp>3232.245577</timestamp>
			</report>
			<report>
				<misses>49700001</misses>
				<total>1935</total>
				<timestamp>3238.781089</timestamp>
			</report>
			<report>
				<misses>49800001</misses>
				<total>1935</total>
				<timestamp>3245.325140</timestamp>
			</report>
			<report>
				<misses>49900001</misses>
				<total>1935</total>
				<timestamp>3251.847106</timestamp>
			</report>
			<report>
				<misses>50000001</misses>
				<total>1935</total>
				<timestamp>3258.365085</timestamp>
			</report>
			<report>
				<misses>50100001</misses>
				<total>1972</total>
				<timestamp>3264.911502</timestamp>
			</report>
			<report>
				<misses>50200001</misses>
				<total>1972</total>
				<timestamp>3271.459941</timestamp>
			</report>
			<report>
				<misses>50300001</misses>
				<total>1972</total>
				<timestamp>3277.968824</timestamp>
			</report>
			<report>
				<misses>50400001</misses>
				<total>1972</total>
				<timestamp>3284.442238</timestamp>
			</report>
			<report>
				<misses>50500001</misses>
				<total>1972</total>
				<timestamp>3290.859280</timestamp>
			</report>
			<report>
				<misses>50600001</misses>
				<total>1972</total>
				<timestamp>3297.334153</timestamp>
			</report>
			<report>
				<misses>50700001</misses>
				<total>1972</total>
				<timestamp>3303.828803</timestamp>
			</report>
			<report>
				<misses>50800001</misses>
				<total>1972</total>
				<timestamp>3310.339392</timestamp>
			</report>
			<report>
				<misses>50900001</misses>
				<total>1972</total>
				<timestamp>3316.868340</timestamp>
			</report>
			<report>
				<misses>51000001</misses>
				<total>1972</total>
				<timestamp>3323.419387</timestamp>
			</report>
			<report>
				<misses>51100001</misses>
				<total>2011</total>
				<timestamp>3329.968744</timestamp>
			</report>
			<report>
				<misses>51200001</misses>
				<total>2011</total>
				<timestamp>3336.521768</timestamp>
			</report>
			<report>
				<misses>51300001</misses>
				<total>2011</total>
				<timestamp>3343.056997</timestamp>
			</report>
			<report>
				<misses>51400001</misses>
				<total>2011</total>
				<timestamp>3349.573686</timestamp>
			</report>
			<report>
				<misses>51500001</misses>
				<total>2011</total>
				<timestamp>3356.108940</timestamp>
			</report>
			<report>
				<misses>51600001</misses>
				<total>2011</total>
				<timestamp>3362.617772</timestamp>
			</report>
			<report>
				<misses>51700001</misses>
				<total>2011</total>
				<timestamp>3369.102011</timestamp>
			</report>
			<report>
				<misses>51800001</misses>
				<total>2011</total>
				<timestamp>3375.633486</timestamp>
			</report>
			<report>
				<misses>51900001</misses>
				<total>2011</total>
				<timestamp>3382.153731</timestamp>
			</report>
			<report>
				<misses>52000001</misses>
				<total>2046</total>
				<timestamp>3388.723744</timestamp>
			</report>
			<report>
				<misses>52100001</misses>
				<total>2046</total>
				<timestamp>3395.289921</timestamp>
			</report>
			<report>
				<misses>52200001</misses>
				<total>2046</total>
				<timestamp>3401.841730</timestamp>
			</report>
			<report>
				<misses>52300001</misses>
				<total>2046</total>
				<timestamp>3408.305565</timestamp>
			</report>
			<report>
				<misses>52400001</misses>
				<total>2046</total>
				<timestamp>3414.731610</timestamp>
			</report>
			<report>
				<misses>52500001</misses>
				<total>2046</total>
				<timestamp>3421.129764</timestamp>
			</report>
			<report>
				<misses>52600001</misses>
				<total>2046</total>
				<timestamp>3427.550463</timestamp>
			</report>
			<report>
				<misses>52700001</misses>
				<total>2046</total>
				<timestamp>3434.019651</timestamp>
			</report>
			<report>
				<misses>52800001</misses>
				<total>2046</total>
				<timestamp>3440.577108</timestamp>
			</report>
			<report>
				<misses>52900001</misses>
				<total>2080</total>
				<timestamp>3447.153444</timestamp>
			</report>
			<report>
				<misses>53000001</misses>
				<total>2080</total>
				<timestamp>3453.698297</timestamp>
			</report>
			<report>
				<misses>53100001</misses>
				<total>2080</total>
				<timestamp>3460.238826</timestamp>
			</report>
			<report>
				<misses>53200001</misses>
				<total>2080</total>
				<timestamp>3466.796653</timestamp>
			</report>
			<report>
				<misses>53300001</misses>
				<total>2080</total>
				<timestamp>3473.285307</timestamp>
			</report>
			<report>
				<misses>53400001</misses>
				<total>2080</total>
				<timestamp>3479.803868</timestamp>
			</report>
			<report>
				<misses>53500001</misses>
				<total>2080</total>
				<timestamp>3486.318453</timestamp>
			</report>
			<report>
				<misses>53600001</misses>
				<total>2080</total>
				<timestamp>3492.820689</timestamp>
			</report>
			<report>
				<misses>53700001</misses>
				<total>2080</total>
				<timestamp>3499.344872</timestamp>
			</report>
			<report>
				<misses>53800001</misses>
				<total>2118</total>
				<timestamp>3505.876494</timestamp>
			</report>
			<report>
				<misses>53900001</misses>
				<total>2118</total>
				<timestamp>3512.402295</timestamp>
			</report>
			<report>
				<misses>54000001</misses>
				<total>2118</total>
				<timestamp>3518.955125</timestamp>
			</report>
			<report>
				<misses>54100001</misses>
				<total>2118</total>
				<timestamp>3525.487540</timestamp>
			</report>
			<report>
				<misses>54200001</misses>
				<total>2118</total>
				<timestamp>3531.877701</timestamp>
			</report>
			<report>
				<misses>54300001</misses>
				<total>2118</total>
				<timestamp>3538.241771</timestamp>
			</report>
			<report>
				<misses>54400001</misses>
				<total>2118</total>
				<timestamp>3544.641168</timestamp>
			</report>
			<report>
				<misses>54500001</misses>
				<total>2118</total>
				<timestamp>3551.110611</timestamp>
			</report>
			<report>
				<misses>54600001</misses>
				<total>2118</total>
				<timestamp>3557.630085</timestamp>
			</report>
			<report>
				<misses>54700001</misses>
				<total>2118</total>
				<timestamp>3564.217766</timestamp>
			</report>
			<report>
				<misses>54800001</misses>
				<total>2150</total>
				<timestamp>3570.837555</timestamp>
			</report>
			<report>
				<misses>54900001</misses>
				<total>2150</total>
				<timestamp>3577.449077</timestamp>
			</report>
			<report>
				<misses>55000001</misses>
				<total>2150</total>
				<timestamp>3584.031129</timestamp>
			</report>
			<report>
				<misses>55100001</misses>
				<total>2150</total>
				<timestamp>3590.494173</timestamp>
			</report>
			<report>
				<misses>55200001</misses>
				<total>2150</total>
				<timestamp>3596.939629</timestamp>
			</report>
			<report>
				<misses>55300001</misses>
				<total>2150</total>
				<timestamp>3603.396762</timestamp>
			</report>
			<report>
				<misses>55400001</misses>
				<total>2150</total>
				<timestamp>3609.878954</timestamp>
			</report>
			<report>
				<misses>55500001</misses>
				<total>2150</total>
				<timestamp>3616.410869</timestamp>
			</report>
			<report>
				<misses>55600001</misses>
				<total>2150</total>
				<timestamp>3622.993084</timestamp>
			</report>
			<report>
				<misses>55700001</misses>
				<total>2187</total>
				<timestamp>3629.573178</timestamp>
			</report>
			<report>
				<misses>55800001</misses>
				<total>2187</total>
				<timestamp>3636.198979</timestamp>
			</report>
			<report>
				<misses>55900001</misses>
				<total>2187</total>
				<timestamp>3642.789518</timestamp>
			</report>
			<report>
				<misses>56000001</misses>
				<total>2187</total>
				<timestamp>3649.302999</timestamp>
			</report>
			<report>
				<misses>56100001</misses>
				<total>2187</total>
				<timestamp>3655.824758</timestamp>
			</report>
			<report>
				<misses>56200001</misses>
				<total>2187</total>
				<timestamp>3662.389656</timestamp>
			</report>
			<report>
				<misses>56300001</misses>
				<total>2187</total>
				<timestamp>3668.934466</timestamp>
			</report>
			<report>
				<misses>56400001</misses>
				<total>2187</total>
				<timestamp>3675.489173</timestamp>
			</report>
			<report>
				<misses>56500001</misses>
				<total>2187</total>
				<timestamp>3682.064022</timestamp>
			</report>
			<report>
				<misses>56600001</misses>
				<total>2223</total>
				<timestamp>3688.655155</timestamp>
			</report>
			<report>
				<misses>56700001</misses>
				<total>2223</total>
				<timestamp>3695.227218</timestamp>
			</report>
			<report>
				<misses>56800001</misses>
				<total>2223</total>
				<timestamp>3701.836327</timestamp>
			</report>
			<report>
				<misses>56900001</misses>
				<total>2223</total>
				<timestamp>3708.381109</timestamp>
			</report>
			<report>
				<misses>57000001</misses>
				<total>2223</total>
				<timestamp>3714.885354</timestamp>
			</report>
			<report>
				<misses>57100001</misses>
				<total>2223</total>
				<timestamp>3721.428299</timestamp>
			</report>
			<report>
				<misses>57200001</misses>
				<total>2223</total>
				<timestamp>3727.986008</timestamp>
			</report>
			<report>
				<misses>57300001</misses>
				<total>2223</total>
				<timestamp>3734.557874</timestamp>
			</report>
			<report>
				<misses>57400001</misses>
				<total>2223</total>
				<timestamp>3741.092975</timestamp>
			</report>
			<report>
				<misses>57500001</misses>
				<total>2261</total>
				<timestamp>3747.591395</timestamp>
			</report>
			<report>
				<misses>57600001</misses>
				<total>2261</total>
				<timestamp>3754.087338</timestamp>
			</report>
			<report>
				<misses>57700001</misses>
				<total>2261</total>
				<timestamp>3760.608929</timestamp>
			</report>
			<report>
				<misses>57800001</misses>
				<total>2261</total>
				<timestamp>3767.083121</timestamp>
			</report>
			<report>
				<misses>57900001</misses>
				<total>2261</total>
				<timestamp>3773.482636</timestamp>
			</report>
			<report>
				<misses>58000001</misses>
				<total>2261</total>
				<timestamp>3779.895822</timestamp>
			</report>
			<report>
				<misses>58100001</misses>
				<total>2261</total>
				<timestamp>3786.316680</timestamp>
			</report>
			<report>
				<misses>58200001</misses>
				<total>2261</total>
				<timestamp>3792.808031</timestamp>
			</report>
			<report>
				<misses>58300001</misses>
				<total>2261</total>
				<timestamp>3799.305064</timestamp>
			</report>
			<report>
				<misses>58400001</misses>
				<total>2296</total>
				<timestamp>3805.871628</timestamp>
			</report>
			<report>
				<misses>58500001</misses>
				<total>2296</total>
				<timestamp>3812.430965</timestamp>
			</report>
			<report>
				<misses>58600001</misses>
				<total>2296</total>
				<timestamp>3818.926047</timestamp>
			</report>
			<report>
				<misses>58700001</misses>
				<total>2296</total>
				<timestamp>3825.461185</timestamp>
			</report>
			<report>
				<misses>58800001</misses>
				<total>2296</total>
				<timestamp>3831.949734</timestamp>
			</report>
			<report>
				<misses>58900001</misses>
				<total>2296</total>
				<timestamp>3838.412534</timestamp>
			</report>
			<report>
				<misses>59000001</misses>
				<total>2296</total>
				<timestamp>3844.910224</timestamp>
			</report>
			<report>
				<misses>59100001</misses>
				<total>2296</total>
				<timestamp>3851.397460</timestamp>
			</report>
			<report>
				<misses>59200001</misses>
				<total>2296</total>
				<timestamp>3857.882841</timestamp>
			</report>
			<report>
				<misses>59300001</misses>
				<total>2296</total>
				<timestamp>3864.417678</timestamp>
			</report>
			<report>
				<misses>59400001</misses>
				<total>2336</total>
				<timestamp>3870.973956</timestamp>
			</report>
			<report>
				<misses>59500001</misses>
				<total>2336</total>
				<timestamp>3877.620922</timestamp>
			</report>
			<report>
				<misses>59600001</misses>
				<total>2336</total>
				<timestamp>3884.300052</timestamp>
			</report>
			<report>
				<misses>59700001</misses>
				<total>2336</total>
				<timestamp>3890.838614</timestamp>
			</report>
			<report>
				<misses>59800001</misses>
				<total>2336</total>
				<timestamp>3897.340862</timestamp>
			</report>
			<report>
				<misses>59900001</misses>
				<total>2336</total>
				<timestamp>3903.864277</timestamp>
			</report>
			<report>
				<misses>60000001</misses>
				<total>2336</total>
				<timestamp>3910.382939</timestamp>
			</report>
			<report>
				<misses>60100001</misses>
				<total>2336</total>
				<timestamp>3916.864366</timestamp>
			</report>
			<report>
				<misses>60200001</misses>
				<total>2336</total>
				<timestamp>3923.322613</timestamp>
			</report>
			<report>
				<misses>60300001</misses>
				<total>2374</total>
				<timestamp>3929.794462</timestamp>
			</report>
			<report>
				<misses>60400001</misses>
				<total>2374</total>
				<timestamp>3936.282203</timestamp>
			</report>
			<report>
				<misses>60500001</misses>
				<total>2374</total>
				<timestamp>3942.829603</timestamp>
			</report>
			<report>
				<misses>60600001</misses>
				<total>2374</total>
				<timestamp>3949.279162</timestamp>
			</report>
			<report>
				<misses>60700001</misses>
				<total>2374</total>
				<timestamp>3955.672653</timestamp>
			</report>
			<report>
				<misses>60800001</misses>
				<total>2374</total>
				<timestamp>3962.113475</timestamp>
			</report>
			<report>
				<misses>60900001</misses>
				<total>2374</total>
				<timestamp>3968.637543</timestamp>
			</report>
			<report>
				<misses>61000001</misses>
				<total>2374</total>
				<timestamp>3975.190575</timestamp>
			</report>
			<report>
				<misses>61100001</misses>
				<total>2374</total>
				<timestamp>3981.734034</timestamp>
			</report>
			<report>
				<misses>61200001</misses>
				<total>2405</total>
				<timestamp>3988.308789</timestamp>
			</report>
			<report>
				<misses>61300001</misses>
				<total>2405</total>
				<timestamp>3994.867225</timestamp>
			</report>
			<report>
				<misses>61400001</misses>
				<total>2405</total>
				<timestamp>4001.444053</timestamp>
			</report>
			<report>
				<misses>61500001</misses>
				<total>2405</total>
				<timestamp>4007.970654</timestamp>
			</report>
			<report>
				<misses>61600001</misses>
				<total>2405</total>
				<timestamp>4014.483132</timestamp>
			</report>
			<report>
				<misses>61700001</misses>
				<total>2405</total>
				<timestamp>4020.970518</timestamp>
			</report>
			<report>
				<misses>61800001</misses>
				<total>2405</total>
				<timestamp>4027.496155</timestamp>
			</report>
			<report>
				<misses>61900001</misses>
				<total>2405</total>
				<timestamp>4034.001699</timestamp>
			</report>
			<report>
				<misses>62000001</misses>
				<total>2405</total>
				<timestamp>4040.492499</timestamp>
			</report>
			<report>
				<misses>62100001</misses>
				<total>2440</total>
				<timestamp>4047.039985</timestamp>
			</report>
			<report>
				<misses>62200001</misses>
				<total>2440</total>
				<timestamp>4053.570423</timestamp>
			</report>
			<report>
				<misses>62300001</misses>
				<total>2440</total>
				<timestamp>4060.098420</timestamp>
			</report>
			<report>
				<misses>62400001</misses>
				<total>2440</total>
				<timestamp>4066.630179</timestamp>
			</report>
			<report>
				<misses>62500001</misses>
				<total>2440</total>
				<timestamp>4073.117129</timestamp>
			</report>
			<report>
				<misses>62600001</misses>
				<total>2440</total>
				<timestamp>4079.603783</timestamp>
			</report>
			<report>
				<misses>62700001</misses>
				<total>2440</total>
				<timestamp>4086.104426</timestamp>
			</report>
			<report>
				<misses>62800001</misses>
				<total>2440</total>
				<timestamp>4092.629624</timestamp>
			</report>
			<report>
				<misses>62900001</misses>
				<total>2440</total>
				<timestamp>4099.175991</timestamp>
			</report>
			<report>
				<misses>63000001</misses>
				<total>2476</total>
				<timestamp>4105.745550</timestamp>
			</report>
			<report>
				<misses>63100001</misses>
				<total>2476</total>
				<timestamp>4112.394455</timestamp>
			</report>
			<report>
				<misses>63200001</misses>
				<total>2476</total>
				<timestamp>4119.049874</timestamp>
			</report>
			<report>
				<misses>63300001</misses>
				<total>2476</total>
				<timestamp>4125.702286</timestamp>
			</report>
			<report>
				<misses>63400001</misses>
				<total>2476</total>
				<timestamp>4132.188706</timestamp>
			</report>
			<report>
				<misses>63500001</misses>
				<total>2476</total>
				<timestamp>4138.692384</timestamp>
			</report>
			<report>
				<misses>63600001</misses>
				<total>2476</total>
				<timestamp>4145.196768</timestamp>
			</report>
			<report>
				<misses>63700001</misses>
				<total>2476</total>
				<timestamp>4151.674712</timestamp>
			</report>
			<report>
				<misses>63800001</misses>
				<total>2476</total>
				<timestamp>4158.135752</timestamp>
			</report>
			<report>
				<misses>63900001</misses>
				<total>2476</total>
				<timestamp>4164.675388</timestamp>
			</report>
			<report>
				<misses>64000001</misses>
				<total>2510</total>
				<timestamp>4171.234761</timestamp>
			</report>
			<report>
				<misses>64100001</misses>
				<total>2510</total>
				<timestamp>4177.843376</timestamp>
			</report>
			<report>
				<misses>64200001</misses>
				<total>2510</total>
				<timestamp>4184.401971</timestamp>
			</report>
			<report>
				<misses>64300001</misses>
				<total>2510</total>
				<timestamp>4190.908913</timestamp>
			</report>
			<report>
				<misses>64400001</misses>
				<total>2510</total>
				<timestamp>4197.394976</timestamp>
			</report>
			<report>
				<misses>64500001</misses>
				<total>2510</total>
				<timestamp>4203.888768</timestamp>
			</report>
			<report>
				<misses>64600001</misses>
				<total>2510</total>
				<timestamp>4210.422209</timestamp>
			</report>
			<report>
				<misses>64700001</misses>
				<total>2510</total>
				<timestamp>4216.979195</timestamp>
			</report>
			<report>
				<misses>64800001</misses>
				<total>2510</total>
				<timestamp>4223.483996</timestamp>
			</report>
			<report>
				<misses>64900001</misses>
				<total>2547</total>
				<timestamp>4230.049297</timestamp>
			</report>
			<report>
				<misses>65000001</misses>
				<total>2547</total>
				<timestamp>4236.673536</timestamp>
			</report>
			<report>
				<misses>65100001</misses>
				<total>2547</total>
				<timestamp>4243.264601</timestamp>
			</report>
			<report>
				<misses>65200001</misses>
				<total>2547</total>
				<timestamp>4249.807032</timestamp>
			</report>
			<report>
				<misses>65300001</misses>
				<total>2547</total>
				<timestamp>4256.338337</timestamp>
			</report>
			<report>
				<misses>65400001</misses>
				<total>2547</total>
				<timestamp>4262.845137</timestamp>
			</report>
			<report>
				<misses>65500001</misses>
				<total>2547</total>
				<timestamp>4269.353154</timestamp>
			</report>
			<report>
				<misses>65600001</misses>
				<total>2547</total>
				<timestamp>4275.860655</timestamp>
			</report>
			<report>
				<misses>65700001</misses>
				<total>2547</total>
				<timestamp>4282.355950</timestamp>
			</report>
			<report>
				<misses>65800001</misses>
				<total>2583</total>
				<timestamp>4288.888601</timestamp>
			</report>
			<report>
				<misses>65900001</misses>
				<total>2583</total>
				<timestamp>4295.412815</timestamp>
			</report>
			<report>
				<misses>66000001</misses>
				<total>2583</total>
				<timestamp>4301.977859</timestamp>
			</report>
			<report>
				<misses>66100001</misses>
				<total>2583</total>
				<timestamp>4308.468691</timestamp>
			</report>
			<report>
				<misses>66200001</misses>
				<total>2583</total>
				<timestamp>4314.905899</timestamp>
			</report>
			<report>
				<misses>66300001</misses>
				<total>2583</total>
				<timestamp>4321.364926</timestamp>
			</report>
			<report>
				<misses>66400001</misses>
				<total>2583</total>
				<timestamp>4327.834576</timestamp>
			</report>
			<report>
				<misses>66500001</misses>
				<total>2583</total>
				<timestamp>4334.291352</timestamp>
			</report>
			<report>
				<misses>66600001</misses>
				<total>2583</total>
				<timestamp>4340.720197</timestamp>
			</report>
			<report>
				<misses>66700001</misses>
				<total>2617</total>
				<timestamp>4347.137912</timestamp>
			</report>
			<report>
				<misses>66800001</misses>
				<total>2617</total>
				<timestamp>4353.587994</timestamp>
			</report>
			<report>
				<misses>66900001</misses>
				<total>2617</total>
				<timestamp>4360.099687</timestamp>
			</report>
			<report>
				<misses>67000001</misses>
				<total>2617</total>
				<timestamp>4366.607860</timestamp>
			</report>
			<report>
				<misses>67100001</misses>
				<total>2617</total>
				<timestamp>4373.034920</timestamp>
			</report>
			<report>
				<misses>67200001</misses>
				<total>2617</total>
				<timestamp>4379.475896</timestamp>
			</report>
			<report>
				<misses>67300001</misses>
				<total>2617</total>
				<timestamp>4385.919130</timestamp>
			</report>
			<report>
				<misses>67400001</misses>
				<total>2617</total>
				<timestamp>4392.397617</timestamp>
			</report>
			<report>
				<misses>67500001</misses>
				<total>2617</total>
				<timestamp>4398.911424</timestamp>
			</report>
			<report>
				<misses>67600001</misses>
				<total>2650</total>
				<timestamp>4405.451025</timestamp>
			</report>
			<report>
				<misses>67700001</misses>
				<total>2650</total>
				<timestamp>4412.044889</timestamp>
			</report>
			<report>
				<misses>67800001</misses>
				<total>2650</total>
				<timestamp>4418.600308</timestamp>
			</report>
			<report>
				<misses>67900001</misses>
				<total>2650</total>
				<timestamp>4425.203699</timestamp>
			</report>
			<report>
				<misses>68000001</misses>
				<total>2650</total>
				<timestamp>4431.727414</timestamp>
			</report>
			<report>
				<misses>68100001</misses>
				<total>2650</total>
				<timestamp>4438.202024</timestamp>
			</report>
			<report>
				<misses>68200001</misses>
				<total>2650</total>
				<timestamp>4444.718844</timestamp>
			</report>
			<report>
				<misses>68300001</misses>
				<total>2650</total>
				<timestamp>4451.246714</timestamp>
			</report>
			<report>
				<misses>68400001</misses>
				<total>2650</total>
				<timestamp>4457.780245</timestamp>
			</report>
			<report>
				<misses>68500001</misses>
				<total>2650</total>
				<timestamp>4464.355070</timestamp>
			</report>
			<report>
				<misses>68600001</misses>
				<total>2682</total>
				<timestamp>4470.904142</timestamp>
			</report>
			<report>
				<misses>68700001</misses>
				<total>2682</total>
				<timestamp>4477.434169</timestamp>
			</report>
			<report>
				<misses>68800001</misses>
				<total>2682</total>
				<timestamp>4483.940313</timestamp>
			</report>
			<report>
				<misses>68900001</misses>
				<total>2682</total>
				<timestamp>4490.388305</timestamp>
			</report>
			<report>
				<misses>69000001</misses>
				<total>2682</total>
				<timestamp>4496.894758</timestamp>
			</report>
			<report>
				<misses>69100001</misses>
				<total>2682</total>
				<timestamp>4503.424081</timestamp>
			</report>
			<report>
				<misses>69200001</misses>
				<total>2682</total>
				<timestamp>4510.021705</timestamp>
			</report>
			<report>
				<misses>69300001</misses>
				<total>2682</total>
				<timestamp>4516.685999</timestamp>
			</report>
			<report>
				<misses>69400001</misses>
				<total>2682</total>
				<timestamp>4523.330768</timestamp>
			</report>
			<report>
				<misses>69500001</misses>
				<total>2718</total>
				<timestamp>4529.932599</timestamp>
			</report>
			<report>
				<misses>69600001</misses>
				<total>2718</total>
				<timestamp>4536.476184</timestamp>
			</report>
			<report>
				<misses>69700001</misses>
				<total>2718</total>
				<timestamp>4543.087634</timestamp>
			</report>
			<report>
				<misses>69800001</misses>
				<total>2718</total>
				<timestamp>4549.654258</timestamp>
			</report>
			<report>
				<misses>69900001</misses>
				<total>2718</total>
				<timestamp>4556.169566</timestamp>
			</report>
			<report>
				<misses>70000001</misses>
				<total>2718</total>
				<timestamp>4562.713074</timestamp>
			</report>
			<report>
				<misses>70100001</misses>
				<total>2718</total>
				<timestamp>4569.216166</timestamp>
			</report>
			<report>
				<misses>70200001</misses>
				<total>2718</total>
				<timestamp>4575.752300</timestamp>
			</report>
			<report>
				<misses>70300001</misses>
				<total>2718</total>
				<timestamp>4582.241161</timestamp>
			</report>
			<report>
				<misses>70400001</misses>
				<total>2756</total>
				<timestamp>4588.719244</timestamp>
			</report>
			<report>
				<misses>70500001</misses>
				<total>2756</total>
				<timestamp>4595.240686</timestamp>
			</report>
			<report>
				<misses>70600001</misses>
				<total>2756</total>
				<timestamp>4601.750348</timestamp>
			</report>
			<report>
				<misses>70700001</misses>
				<total>2756</total>
				<timestamp>4608.244715</timestamp>
			</report>
			<report>
				<misses>70800001</misses>
				<total>2756</total>
				<timestamp>4614.762451</timestamp>
			</report>
			<report>
				<misses>70900001</misses>
				<total>2756</total>
				<timestamp>4621.295016</timestamp>
			</report>
			<report>
				<misses>71000001</misses>
				<total>2756</total>
				<timestamp>4627.877909</timestamp>
			</report>
			<report>
				<misses>71100001</misses>
				<total>2756</total>
				<timestamp>4634.430382</timestamp>
			</report>
			<report>
				<misses>71200001</misses>
				<total>2756</total>
				<timestamp>4640.966231</timestamp>
			</report>
			<report>
				<misses>71300001</misses>
				<total>2789</total>
				<timestamp>4647.478500</timestamp>
			</report>
			<report>
				<misses>71400001</misses>
				<total>2789</total>
				<timestamp>4653.997654</timestamp>
			</report>
			<report>
				<misses>71500001</misses>
				<total>2789</total>
				<timestamp>4660.508462</timestamp>
			</report>
			<report>
				<misses>71600001</misses>
				<total>2789</total>
				<timestamp>4666.959870</timestamp>
			</report>
			<report>
				<misses>71700001</misses>
				<total>2789</total>
				<timestamp>4673.322353</timestamp>
			</report>
			<report>
				<misses>71800001</misses>
				<total>2789</total>
				<timestamp>4679.702309</timestamp>
			</report>
			<report>
				<misses>71900001</misses>
				<total>2789</total>
				<timestamp>4686.210977</timestamp>
			</report>
			<report>
				<misses>72000001</misses>
				<total>2789</total>
				<timestamp>4692.771019</timestamp>
			</report>
			<report>
				<misses>72100001</misses>
				<total>2789</total>
				<timestamp>4699.388231</timestamp>
			</report>
			<report>
				<misses>72200001</misses>
				<total>2823</total>
				<timestamp>4706.008103</timestamp>
			</report>
			<report>
				<misses>72300001</misses>
				<total>2823</total>
				<timestamp>4712.709419</timestamp>
			</report>
			<report>
				<misses>72400001</misses>
				<total>2823</total>
				<timestamp>4719.346345</timestamp>
			</report>
			<report>
				<misses>72500001</misses>
				<total>2823</total>
				<timestamp>4725.942221</timestamp>
			</report>
			<report>
				<misses>72600001</misses>
				<total>2823</total>
				<timestamp>4732.388420</timestamp>
			</report>
			<report>
				<misses>72700001</misses>
				<total>2823</total>
				<timestamp>4738.820243</timestamp>
			</report>
			<report>
				<misses>72800001</misses>
				<total>2823</total>
				<timestamp>4745.240876</timestamp>
			</report>
			<report>
				<misses>72900001</misses>
				<total>2823</total>
				<timestamp>4751.667769</timestamp>
			</report>
			<report>
				<misses>73000001</misses>
				<total>2823</total>
				<timestamp>4758.125368</timestamp>
			</report>
			<report>
				<misses>73100001</misses>
				<total>2823</total>
				<timestamp>4764.639212</timestamp>
			</report>
			<report>
				<misses>73200001</misses>
				<total>2855</total>
				<timestamp>4771.151458</timestamp>
			</report>
			<report>
				<misses>73300001</misses>
				<total>2855</total>
				<timestamp>4777.711454</timestamp>
			</report>
			<report>
				<misses>73400001</misses>
				<total>2855</total>
				<timestamp>4784.246108</timestamp>
			</report>
			<report>
				<misses>73500001</misses>
				<total>2855</total>
				<timestamp>4790.735053</timestamp>
			</report>
			<report>
				<misses>73600001</misses>
				<total>2855</total>
				<timestamp>4797.202297</timestamp>
			</report>
			<report>
				<misses>73700001</misses>
				<total>2855</total>
				<timestamp>4803.655487</timestamp>
			</report>
			<report>
				<misses>73800001</misses>
				<total>2855</total>
				<timestamp>4810.157234</timestamp>
			</report>
			<report>
				<misses>73900001</misses>
				<total>2855</total>
				<timestamp>4816.668300</timestamp>
			</report>
			<report>
				<misses>74000001</misses>
				<total>2855</total>
				<timestamp>4823.156811</timestamp>
			</report>
			<report>
				<misses>74100001</misses>
				<total>2891</total>
				<timestamp>4829.695691</timestamp>
			</report>
			<report>
				<misses>74200001</misses>
				<total>2891</total>
				<timestamp>4836.293889</timestamp>
			</report>
			<report>
				<misses>74300001</misses>
				<total>2891</total>
				<timestamp>4842.857581</timestamp>
			</report>
			<report>
				<misses>74400001</misses>
				<total>2891</total>
				<timestamp>4849.326675</timestamp>
			</report>
			<report>
				<misses>74500001</misses>
				<total>2891</total>
				<timestamp>4855.776532</timestamp>
			</report>
			<report>
				<misses>74600001</misses>
				<total>2891</total>
				<timestamp>4862.217571</timestamp>
			</report>
			<report>
				<misses>74700001</misses>
				<total>2891</total>
				<timestamp>4868.671717</timestamp>
			</report>
			<report>
				<misses>74800001</misses>
				<total>2891</total>
				<timestamp>4875.120027</timestamp>
			</report>
			<report>
				<misses>74900001</misses>
				<total>2891</total>
				<timestamp>4881.605023</timestamp>
			</report>
			<report>
				<misses>75000001</misses>
				<total>2928</total>
				<timestamp>4888.071407</timestamp>
			</report>
			<report>
				<misses>75100001</misses>
				<total>2928</total>
				<timestamp>4894.531901</timestamp>
			</report>
			<report>
				<misses>75200001</misses>
				<total>2928</total>
				<timestamp>4900.989168</timestamp>
			</report>
			<report>
				<misses>75300001</misses>
				<total>2928</total>
				<timestamp>4907.431617</timestamp>
			</report>
			<report>
				<misses>75400001</misses>
				<total>2928</total>
				<timestamp>4913.809223</timestamp>
			</report>
			<report>
				<misses>75500001</misses>
				<total>2928</total>
				<timestamp>4920.258039</timestamp>
			</report>
			<report>
				<misses>75600001</misses>
				<total>2928</total>
				<timestamp>4926.807120</timestamp>
			</report>
			<report>
				<misses>75700001</misses>
				<total>2928</total>
				<timestamp>4933.421342</timestamp>
			</report>
			<report>
				<misses>75800001</misses>
				<total>2928</total>
				<timestamp>4940.048742</timestamp>
			</report>
			<report>
				<misses>75900001</misses>
				<total>2958</total>
				<timestamp>4946.743532</timestamp>
			</report>
			<report>
				<misses>76000001</misses>
				<total>2958</total>
				<timestamp>4953.433041</timestamp>
			</report>
			<report>
				<misses>76100001</misses>
				<total>2958</total>
				<timestamp>4960.108192</timestamp>
			</report>
			<report>
				<misses>76200001</misses>
				<total>2958</total>
				<timestamp>4966.750076</timestamp>
			</report>
			<report>
				<misses>76300001</misses>
				<total>2958</total>
				<timestamp>4973.276427</timestamp>
			</report>
			<report>
				<misses>76400001</misses>
				<total>2958</total>
				<timestamp>4979.774531</timestamp>
			</report>
			<report>
				<misses>76500001</misses>
				<total>2958</total>
				<timestamp>4986.288767</timestamp>
			</report>
			<report>
				<misses>76600001</misses>
				<total>2958</total>
				<timestamp>4992.850353</timestamp>
			</report>
			<report>
				<misses>76700001</misses>
				<total>2958</total>
				<timestamp>4999.382204</timestamp>
			</report>
			<report>
				<misses>76800001</misses>
				<total>2995</total>
				<timestamp>5005.933169</timestamp>
			</report>
			<report>
				<misses>76900001</misses>
				<total>2995</total>
				<timestamp>5012.459976</timestamp>
			</report>
			<report>
				<misses>77000001</misses>
				<total>2995</total>
				<timestamp>5018.975704</timestamp>
			</report>
			<report>
				<misses>77100001</misses>
				<total>2995</total>
				<timestamp>5025.517697</timestamp>
			</report>
			<report>
				<misses>77200001</misses>
				<total>2995</total>
				<timestamp>5031.948919</timestamp>
			</report>
			<report>
				<misses>77300001</misses>
				<total>2995</total>
				<timestamp>5038.395854</timestamp>
			</report>
			<report>
				<misses>77400001</misses>
				<total>2995</total>
				<timestamp>5044.880179</timestamp>
			</report>
			<report>
				<misses>77500001</misses>
				<total>2995</total>
				<timestamp>5051.400144</timestamp>
			</report>
			<report>
				<misses>77600001</misses>
				<total>2995</total>
				<timestamp>5057.961939</timestamp>
			</report>
			<report>
				<misses>77700001</misses>
				<total>2995</total>
				<timestamp>5064.502227</timestamp>
			</report>
			<report>
				<misses>77800001</misses>
				<total>3032</total>
				<timestamp>5071.015828</timestamp>
			</report>
			<report>
				<misses>77900001</misses>
				<total>3032</total>
				<timestamp>5077.496578</timestamp>
			</report>
			<report>
				<misses>78000001</misses>
				<total>3032</total>
				<timestamp>5084.005875</timestamp>
			</report>
			<report>
				<misses>78100001</misses>
				<total>3032</total>
				<timestamp>5090.502330</timestamp>
			</report>
			<report>
				<misses>78200001</misses>
				<total>3032</total>
				<timestamp>5096.976685</timestamp>
			</report>
			<report>
				<misses>78300001</misses>
				<total>3032</total>
				<timestamp>5103.500877</timestamp>
			</report>
			<report>
				<misses>78400001</misses>
				<total>3032</total>
				<timestamp>5110.009564</timestamp>
			</report>
			<report>
				<misses>78500001</misses>
				<total>3032</total>
				<timestamp>5116.502296</timestamp>
			</report>
			<report>
				<misses>78600001</misses>
				<total>3032</total>
				<timestamp>5122.989505</timestamp>
			</report>
			<report>
				<misses>78700001</misses>
				<total>3068</total>
				<timestamp>5129.467959</timestamp>
			</report>
			<report>
				<misses>78800001</misses>
				<total>3068</total>
				<timestamp>5135.935369</timestamp>
			</report>
			<report>
				<misses>78900001</misses>
				<total>3068</total>
				<timestamp>5142.459781</timestamp>
			</report>
			<report>
				<misses>79000001</misses>
				<total>3068</total>
				<timestamp>5148.942118</timestamp>
			</report>
			<report>
				<misses>79100001</misses>
				<total>3068</total>
				<timestamp>5155.371313</timestamp>
			</report>
			<report>
				<misses>79200001</misses>
				<total>3068</total>
				<timestamp>5161.834170</timestamp>
			</report>
			<report>
				<misses>79300001</misses>
				<total>3068</total>
				<timestamp>5168.319556</timestamp>
			</report>
			<report>
				<misses>79400001</misses>
				<total>3068</total>
				<timestamp>5174.863129</timestamp>
			</report>
			<report>
				<misses>79500001</misses>
				<total>3068</total>
				<timestamp>5181.413996</timestamp>
			</report>
			<report>
				<misses>79600001</misses>
				<total>3103</total>
				<timestamp>5188.003273</timestamp>
			</report>
			<report>
				<misses>79700001</misses>
				<total>3103</total>
				<timestamp>5194.718472</timestamp>
			</report>
			<report>
				<misses>79800001</misses>
				<total>3103</total>
				<timestamp>5201.421325</timestamp>
			</report>
			<report>
				<misses>79900001</misses>
				<total>3103</total>
				<timestamp>5208.041746</timestamp>
			</report>
			<report>
				<misses>80000001</misses>
				<total>3103</total>
				<timestamp>5214.563901</timestamp>
			</report>
			<report>
				<misses>80100001</misses>
				<total>3103</total>
				<timestamp>5221.093012</timestamp>
			</report>
			<report>
				<misses>80200001</misses>
				<total>3103</total>
				<timestamp>5227.618045</timestamp>
			</report>
			<report>
				<misses>80300001</misses>
				<total>3103</total>
				<timestamp>5234.127850</timestamp>
			</report>
			<report>
				<misses>80400001</misses>
				<total>3103</total>
				<timestamp>5240.590753</timestamp>
			</report>
			<report>
				<misses>80500001</misses>
				<total>3139</total>
				<timestamp>5247.073368</timestamp>
			</report>
			<report>
				<misses>80600001</misses>
				<total>3139</total>
				<timestamp>5253.592940</timestamp>
			</report>
			<report>
				<misses>80700001</misses>
				<total>3139</total>
				<timestamp>5260.096641</timestamp>
			</report>
			<report>
				<misses>80800001</misses>
				<total>3139</total>
				<timestamp>5266.649359</timestamp>
			</report>
			<report>
				<misses>80900001</misses>
				<total>3139</total>
				<timestamp>5273.192879</timestamp>
			</report>
			<report>
				<misses>81000001</misses>
				<total>3139</total>
				<timestamp>5279.710978</timestamp>
			</report>
			<report>
				<misses>81100001</misses>
				<total>3139</total>
				<timestamp>5286.206829</timestamp>
			</report>
			<report>
				<misses>81200001</misses>
				<total>3139</total>
				<timestamp>5292.738084</timestamp>
			</report>
			<report>
				<misses>81300001</misses>
				<total>3139</total>
				<timestamp>5299.258759</timestamp>
			</report>
			<report>
				<misses>81400001</misses>
				<total>3170</total>
				<timestamp>5305.828803</timestamp>
			</report>
			<report>
				<misses>81500001</misses>
				<total>3170</total>
				<timestamp>5312.387723</timestamp>
			</report>
			<report>
				<misses>81600001</misses>
				<total>3170</total>
				<timestamp>5318.955214</timestamp>
			</report>
			<report>
				<misses>81700001</misses>
				<total>3170</total>
				<timestamp>5325.524286</timestamp>
			</report>
			<report>
				<misses>81800001</misses>
				<total>3170</total>
				<timestamp>5331.946362</timestamp>
			</report>
			<report>
				<misses>81900001</misses>
				<total>3170</total>
				<timestamp>5338.382897</timestamp>
			</report>
			<report>
				<misses>82000001</misses>
				<total>3170</total>
				<timestamp>5344.870326</timestamp>
			</report>
			<report>
				<misses>82100001</misses>
				<total>3170</total>
				<timestamp>5351.402678</timestamp>
			</report>
			<report>
				<misses>82200001</misses>
				<total>3170</total>
				<timestamp>5357.918348</timestamp>
			</report>
			<report>
				<misses>82300001</misses>
				<total>3170</total>
				<timestamp>5364.431843</timestamp>
			</report>
			<report>
				<misses>82400001</misses>
				<total>3207</total>
				<timestamp>5370.950092</timestamp>
			</report>
			<report>
				<misses>82500001</misses>
				<total>3207</total>
				<timestamp>5377.447013</timestamp>
			</report>
			<report>
				<misses>82600001</misses>
				<total>3207</total>
				<timestamp>5383.920387</timestamp>
			</report>
			<report>
				<misses>82700001</misses>
				<total>3207</total>
				<timestamp>5390.346700</timestamp>
			</report>
			<report>
				<misses>82800001</misses>
				<total>3207</total>
				<timestamp>5396.764048</timestamp>
			</report>
			<report>
				<misses>82900001</misses>
				<total>3207</total>
				<timestamp>5403.241934</timestamp>
			</report>
			<report>
				<misses>83000001</misses>
				<total>3207</total>
				<timestamp>5409.747305</timestamp>
			</report>
			<report>
				<misses>83100001</misses>
				<total>3207</total>
				<timestamp>5416.262371</timestamp>
			</report>
			<report>
				<misses>83200001</misses>
				<total>3207</total>
				<timestamp>5422.798507</timestamp>
			</report>
			<report>
				<misses>83300001</misses>
				<total>3246</total>
				<timestamp>5429.324291</timestamp>
			</report>
			<report>
				<misses>83400001</misses>
				<total>3246</total>
				<timestamp>5435.865426</timestamp>
			</report>
			<report>
				<misses>83500001</misses>
				<total>3246</total>
				<timestamp>5442.420206</timestamp>
			</report>
			<report>
				<misses>83600001</misses>
				<total>3246</total>
				<timestamp>5448.909185</timestamp>
			</report>
			<report>
				<misses>83700001</misses>
				<total>3246</total>
				<timestamp>5455.411141</timestamp>
			</report>
			<report>
				<misses>83800001</misses>
				<total>3246</total>
				<timestamp>5461.940809</timestamp>
			</report>
			<report>
				<misses>83900001</misses>
				<total>3246</total>
				<timestamp>5468.504596</timestamp>
			</report>
			<report>
				<misses>84000001</misses>
				<total>3246</total>
				<timestamp>5475.089833</timestamp>
			</report>
			<report>
				<misses>84100001</misses>
				<total>3246</total>
				<timestamp>5481.668900</timestamp>
			</report>
			<report>
				<misses>84200001</misses>
				<total>3277</total>
				<timestamp>5488.226837</timestamp>
			</report>
			<report>
				<misses>84300001</misses>
				<total>3277</total>
				<timestamp>5494.807191</timestamp>
			</report>
			<report>
				<misses>84400001</misses>
				<total>3277</total>
				<timestamp>5501.382542</timestamp>
			</report>
			<report>
				<misses>84500001</misses>
				<total>3277</total>
				<timestamp>5507.929781</timestamp>
			</report>
			<report>
				<misses>84600001</misses>
				<total>3277</total>
				<timestamp>5514.451980</timestamp>
			</report>
			<report>
				<misses>84700001</misses>
				<total>3277</total>
				<timestamp>5520.947520</timestamp>
			</report>
			<report>
				<misses>84800001</misses>
				<total>3277</total>
				<timestamp>5527.440011</timestamp>
			</report>
			<report>
				<misses>84900001</misses>
				<total>3277</total>
				<timestamp>5533.951109</timestamp>
			</report>
			<report>
				<misses>85000001</misses>
				<total>3277</total>
				<timestamp>5540.494742</timestamp>
			</report>
			<report>
				<misses>85100001</misses>
				<total>3310</total>
				<timestamp>5547.023795</timestamp>
			</report>
			<report>
				<misses>85200001</misses>
				<total>3310</total>
				<timestamp>5553.519195</timestamp>
			</report>
			<report>
				<misses>85300001</misses>
				<total>3310</total>
				<timestamp>5560.016139</timestamp>
			</report>
			<report>
				<misses>85400001</misses>
				<total>3310</total>
				<timestamp>5566.516196</timestamp>
			</report>
			<report>
				<misses>85500001</misses>
				<total>3310</total>
				<timestamp>5572.984878</timestamp>
			</report>
			<report>
				<misses>85600001</misses>
				<total>3310</total>
				<timestamp>5579.509729</timestamp>
			</report>
			<report>
				<misses>85700001</misses>
				<total>3310</total>
				<timestamp>5586.052261</timestamp>
			</report>
			<report>
				<misses>85800001</misses>
				<total>3310</total>
				<timestamp>5592.578255</timestamp>
			</report>
			<report>
				<misses>85900001</misses>
				<total>3310</total>
				<timestamp>5599.113722</timestamp>
			</report>
			<report>
				<misses>86000001</misses>
				<total>3347</total>
				<timestamp>5605.654335</timestamp>
			</report>
			<report>
				<misses>86100001</misses>
				<total>3347</total>
				<timestamp>5612.214709</timestamp>
			</report>
			<report>
				<misses>86200001</misses>
				<total>3347</total>
				<timestamp>5618.825176</timestamp>
			</report>
			<report>
				<misses>86300001</misses>
				<total>3347</total>
				<timestamp>5625.378173</timestamp>
			</report>
			<report>
				<misses>86400001</misses>
				<total>3347</total>
				<timestamp>5631.845677</timestamp>
			</report>
			<report>
				<misses>86500001</misses>
				<total>3347</total>
				<timestamp>5638.298170</timestamp>
			</report>
			<report>
				<misses>86600001</misses>
				<total>3347</total>
				<timestamp>5644.796283</timestamp>
			</report>
			<report>
				<misses>86700001</misses>
				<total>3347</total>
				<timestamp>5651.314001</timestamp>
			</report>
			<report>
				<misses>86800001</misses>
				<total>3347</total>
				<timestamp>5657.884322</timestamp>
			</report>
			<report>
				<misses>86900001</misses>
				<total>3347</total>
				<timestamp>5664.446655</timestamp>
			</report>
			<report>
				<misses>87000001</misses>
				<total>3383</total>
				<timestamp>5671.017953</timestamp>
			</report>
			<report>
				<misses>87100001</misses>
				<total>3383</total>
				<timestamp>5677.532765</timestamp>
			</report>
			<report>
				<misses>87200001</misses>
				<total>3383</total>
				<timestamp>5684.033892</timestamp>
			</report>
			<report>
				<misses>87300001</misses>
				<total>3383</total>
				<timestamp>5690.418052</timestamp>
			</report>
			<report>
				<misses>87400001</misses>
				<total>3383</total>
				<timestamp>5696.842957</timestamp>
			</report>
			<report>
				<misses>87500001</misses>
				<total>3383</total>
				<timestamp>5703.292473</timestamp>
			</report>
			<report>
				<misses>87600001</misses>
				<total>3383</total>
				<timestamp>5709.742630</timestamp>
			</report>
			<report>
				<misses>87700001</misses>
				<total>3383</total>
				<timestamp>5716.202332</timestamp>
			</report>
			<report>
				<misses>87800001</misses>
				<total>3383</total>
				<timestamp>5722.699034</timestamp>
			</report>
			<report>
				<misses>87900001</misses>
				<total>3418</total>
				<timestamp>5729.239360</timestamp>
			</report>
			<report>
				<misses>88000001</misses>
				<total>3418</total>
				<timestamp>5735.844130</timestamp>
			</report>
			<report>
				<misses>88100001</misses>
				<total>3418</total>
				<timestamp>5742.441227</timestamp>
			</report>
			<report>
				<misses>88200001</misses>
				<total>3418</total>
				<timestamp>5748.997666</timestamp>
			</report>
			<report>
				<misses>88300001</misses>
				<total>3418</total>
				<timestamp>5755.509281</timestamp>
			</report>
			<report>
				<misses>88400001</misses>
				<total>3418</total>
				<timestamp>5762.089985</timestamp>
			</report>
			<report>
				<misses>88500001</misses>
				<total>3418</total>
				<timestamp>5768.653178</timestamp>
			</report>
			<report>
				<misses>88600001</misses>
				<total>3418</total>
				<timestamp>5775.247749</timestamp>
			</report>
			<report>
				<misses>88700001</misses>
				<total>3418</total>
				<timestamp>5781.808756</timestamp>
			</report>
			<report>
				<misses>88800001</misses>
				<total>3456</total>
				<timestamp>5788.337925</timestamp>
			</report>
			<report>
				<misses>88900001</misses>
				<total>3456</total>
				<timestamp>5794.881094</timestamp>
			</report>
			<report>
				<misses>89000001</misses>
				<total>3456</total>
				<timestamp>5801.398376</timestamp>
			</report>
			<report>
				<misses>89100001</misses>
				<total>3456</total>
				<timestamp>5807.905849</timestamp>
			</report>
			<report>
				<misses>89200001</misses>
				<total>3456</total>
				<timestamp>5814.451722</timestamp>
			</report>
			<report>
				<misses>89300001</misses>
				<total>3456</total>
				<timestamp>5820.979788</timestamp>
			</report>
			<report>
				<misses>89400001</misses>
				<total>3456</total>
				<timestamp>5827.538435</timestamp>
			</report>
			<report>
				<misses>89500001</misses>
				<total>3456</total>
				<timestamp>5834.151795</timestamp>
			</report>
			<report>
				<misses>89600001</misses>
				<total>3456</total>
				<timestamp>5840.760682</timestamp>
			</report>
			<report>
				<misses>89700001</misses>
				<total>3491</total>
				<timestamp>5847.352303</timestamp>
			</report>
			<report>
				<misses>89800001</misses>
				<total>3491</total>
				<timestamp>5853.960335</timestamp>
			</report>
			<report>
				<misses>89900001</misses>
				<total>3491</total>
				<timestamp>5860.560827</timestamp>
			</report>
			<report>
				<misses>90000001</misses>
				<total>3491</total>
				<timestamp>5867.131839</timestamp>
			</report>
			<report>
				<misses>90100001</misses>
				<total>3491</total>
				<timestamp>5873.630127</timestamp>
			</report>
			<report>
				<misses>90200001</misses>
				<total>3491</total>
				<timestamp>5880.169658</timestamp>
			</report>
			<report>
				<misses>90300001</misses>
				<total>3491</total>
				<timestamp>5886.706758</timestamp>
			</report>
			<report>
				<misses>90400001</misses>
				<total>3491</total>
				<timestamp>5893.216673</timestamp>
			</report>
			<report>
				<misses>90500001</misses>
				<total>3491</total>
				<timestamp>5899.670660</timestamp>
			</report>
			<report>
				<misses>90600001</misses>
				<total>3525</total>
				<timestamp>5906.145336</timestamp>
			</report>
			<report>
				<misses>90700001</misses>
				<total>3525</total>
				<timestamp>5912.628296</timestamp>
			</report>
			<report>
				<misses>90800001</misses>
				<total>3525</total>
				<timestamp>5919.135711</timestamp>
			</report>
			<report>
				<misses>90900001</misses>
				<total>3525</total>
				<timestamp>5925.682633</timestamp>
			</report>
			<report>
				<misses>91000001</misses>
				<total>3525</total>
				<timestamp>5932.114772</timestamp>
			</report>
			<report>
				<misses>91100001</misses>
				<total>3525</total>
				<timestamp>5938.556260</timestamp>
			</report>
			<report>
				<misses>91200001</misses>
				<total>3525</total>
				<timestamp>5945.051886</timestamp>
			</report>
			<report>
				<misses>91300001</misses>
				<total>3525</total>
				<timestamp>5951.536761</timestamp>
			</report>
			<report>
				<misses>91400001</misses>
				<total>3525</total>
				<timestamp>5958.030977</timestamp>
			</report>
			<report>
				<misses>91500001</misses>
				<total>3525</total>
				<timestamp>5964.528304</timestamp>
			</report>
			<report>
				<misses>91600001</misses>
				<total>3554</total>
				<timestamp>5971.101812</timestamp>
			</report>
			<report>
				<misses>91700001</misses>
				<total>3554</total>
				<timestamp>5977.702430</timestamp>
			</report>
			<report>
				<misses>91800001</misses>
				<total>3554</total>
				<timestamp>5984.312598</timestamp>
			</report>
			<report>
				<misses>91900001</misses>
				<total>3554</total>
				<timestamp>5990.781751</timestamp>
			</report>
			<report>
				<misses>92000001</misses>
				<total>3554</total>
				<timestamp>5997.273102</timestamp>
			</report>
			<report>
				<misses>92100001</misses>
				<total>3554</total>
				<timestamp>6003.741302</timestamp>
			</report>
			<report>
				<misses>92200001</misses>
				<total>3554</total>
				<timestamp>6010.214065</timestamp>
			</report>
			<report>
				<misses>92300001</misses>
				<total>3554</total>
				<timestamp>6016.722843</timestamp>
			</report>
			<report>
				<misses>92400001</misses>
				<total>3554</total>
				<timestamp>6023.274425</timestamp>
			</report>
			<report>
				<misses>92500001</misses>
				<total>3591</total>
				<timestamp>6029.821494</timestamp>
			</report>
			<report>
				<misses>92600001</misses>
				<total>3591</total>
				<timestamp>6036.303306</timestamp>
			</report>
			<report>
				<misses>92700001</misses>
				<total>3591</total>
				<timestamp>6042.782572</timestamp>
			</report>
			<report>
				<misses>92800001</misses>
				<total>3591</total>
				<timestamp>6049.221611</timestamp>
			</report>
			<report>
				<misses>92900001</misses>
				<total>3591</total>
				<timestamp>6055.628738</timestamp>
			</report>
			<report>
				<misses>93000001</misses>
				<total>3591</total>
				<timestamp>6062.096661</timestamp>
			</report>
			<report>
				<misses>93100001</misses>
				<total>3591</total>
				<timestamp>6068.609270</timestamp>
			</report>
			<report>
				<misses>93200001</misses>
				<total>3591</total>
				<timestamp>6075.094766</timestamp>
			</report>
			<report>
				<misses>93300001</misses>
				<total>3591</total>
				<timestamp>6081.549478</timestamp>
			</report>
			<report>
				<misses>93400001</misses>
				<total>3630</total>
				<timestamp>6087.997062</timestamp>
			</report>
			<report>
				<misses>93500001</misses>
				<total>3630</total>
				<timestamp>6094.424967</timestamp>
			</report>
			<report>
				<misses>93600001</misses>
				<total>3630</total>
				<timestamp>6100.871344</timestamp>
			</report>
			<report>
				<misses>93700001</misses>
				<total>3630</total>
				<timestamp>6107.294784</timestamp>
			</report>
			<report>
				<misses>93800001</misses>
				<total>3630</total>
				<timestamp>6113.643629</timestamp>
			</report>
			<report>
				<misses>93900001</misses>
				<total>3630</total>
				<timestamp>6120.005564</timestamp>
			</report>
			<report>
				<misses>94000001</misses>
				<total>3630</total>
				<timestamp>6126.417783</timestamp>
			</report>
			<report>
				<misses>94100001</misses>
				<total>3630</total>
				<timestamp>6132.961458</timestamp>
			</report>
			<report>
				<misses>94200001</misses>
				<total>3630</total>
				<timestamp>6139.572637</timestamp>
			</report>
			<report>
				<misses>94300001</misses>
				<total>3663</total>
				<timestamp>6146.209971</timestamp>
			</report>
			<report>
				<misses>94400001</misses>
				<total>3663</total>
				<timestamp>6152.859100</timestamp>
			</report>
			<report>
				<misses>94500001</misses>
				<total>3663</total>
				<timestamp>6159.484932</timestamp>
			</report>
			<report>
				<misses>94600001</misses>
				<total>3663</total>
				<timestamp>6166.129155</timestamp>
			</report>
			<report>
				<misses>94700001</misses>
				<total>3663</total>
				<timestamp>6172.674919</timestamp>
			</report>
			<report>
				<misses>94800001</misses>
				<total>3663</total>
				<timestamp>6179.195234</timestamp>
			</report>
			<report>
				<misses>94900001</misses>
				<total>3663</total>
				<timestamp>6185.727924</timestamp>
			</report>
			<report>
				<misses>95000001</misses>
				<total>3663</total>
				<timestamp>6192.274781</timestamp>
			</report>
			<report>
				<misses>95100001</misses>
				<total>3663</total>
				<timestamp>6198.804423</timestamp>
			</report>
			<report>
				<misses>95200001</misses>
				<total>3698</total>
				<timestamp>6205.338973</timestamp>
			</report>
			<report>
				<misses>95300001</misses>
				<total>3698</total>
				<timestamp>6211.905206</timestamp>
			</report>
			<report>
				<misses>95400001</misses>
				<total>3698</total>
				<timestamp>6218.457827</timestamp>
			</report>
			<report>
				<misses>95500001</misses>
				<total>3698</total>
				<timestamp>6225.015731</timestamp>
			</report>
			<report>
				<misses>95600001</misses>
				<total>3698</total>
				<timestamp>6231.464688</timestamp>
			</report>
			<report>
				<misses>95700001</misses>
				<total>3698</total>
				<timestamp>6237.881978</timestamp>
			</report>
			<report>
				<misses>95800001</misses>
				<total>3698</total>
				<timestamp>6244.390064</timestamp>
			</report>
			<report>
				<misses>95900001</misses>
				<total>3698</total>
				<timestamp>6250.964193</timestamp>
			</report>
			<report>
				<misses>96000001</misses>
				<total>3698</total>
				<timestamp>6257.570499</timestamp>
			</report>
			<report>
				<misses>96100001</misses>
				<total>3698</total>
				<timestamp>6264.184600</timestamp>
			</report>
			<report>
				<misses>96200001</misses>
				<total>3731</total>
				<timestamp>6270.824440</timestamp>
			</report>
			<report>
				<misses>96300001</misses>
				<total>3731</total>
				<timestamp>6277.488940</timestamp>
			</report>
			<report>
				<misses>96400001</misses>
				<total>3731</total>
				<timestamp>6284.158801</timestamp>
			</report>
			<report>
				<misses>96500001</misses>
				<total>3731</total>
				<timestamp>6290.715911</timestamp>
			</report>
			<report>
				<misses>96600001</misses>
				<total>3731</total>
				<timestamp>6297.235589</timestamp>
			</report>
			<report>
				<misses>96700001</misses>
				<total>3731</total>
				<timestamp>6303.726236</timestamp>
			</report>
			<report>
				<misses>96800001</misses>
				<total>3731</total>
				<timestamp>6310.263495</timestamp>
			</report>
			<report>
				<misses>96900001</misses>
				<total>3731</total>
				<timestamp>6316.791123</timestamp>
			</report>
			<report>
				<misses>97000001</misses>
				<total>3731</total>
				<timestamp>6323.312525</timestamp>
			</report>
			<report>
				<misses>97100001</misses>
				<total>3770</total>
				<timestamp>6329.882765</timestamp>
			</report>
			<report>
				<misses>97200001</misses>
				<total>3770</total>
				<timestamp>6336.491033</timestamp>
			</report>
			<report>
				<misses>97300001</misses>
				<total>3770</total>
				<timestamp>6343.091022</timestamp>
			</report>
			<report>
				<misses>97400001</misses>
				<total>3770</total>
				<timestamp>6349.633779</timestamp>
			</report>
			<report>
				<misses>97500001</misses>
				<total>3770</total>
				<timestamp>6356.103986</timestamp>
			</report>
			<report>
				<misses>97600001</misses>
				<total>3770</total>
				<timestamp>6362.579729</timestamp>
			</report>
			<report>
				<misses>97700001</misses>
				<total>3770</total>
				<timestamp>6369.063330</timestamp>
			</report>
			<report>
				<misses>97800001</misses>
				<total>3770</total>
				<timestamp>6375.620519</timestamp>
			</report>
			<report>
				<misses>97900001</misses>
				<total>3770</total>
				<timestamp>6382.211422</timestamp>
			</report>
			<report>
				<misses>98000001</misses>
				<total>3806</total>
				<timestamp>6388.785163</timestamp>
			</report>
			<report>
				<misses>98100001</misses>
				<total>3806</total>
				<timestamp>6395.384437</timestamp>
			</report>
			<report>
				<misses>98200001</misses>
				<total>3806</total>
				<timestamp>6401.964946</timestamp>
			</report>
			<report>
				<misses>98300001</misses>
				<total>3806</total>
				<timestamp>6408.478698</timestamp>
			</report>
			<report>
				<misses>98400001</misses>
				<total>3806</total>
				<timestamp>6414.917713</timestamp>
			</report>
			<report>
				<misses>98500001</misses>
				<total>3806</total>
				<timestamp>6421.342844</timestamp>
			</report>
			<report>
				<misses>98600001</misses>
				<total>3806</total>
				<timestamp>6427.833344</timestamp>
			</report>
			<report>
				<misses>98700001</misses>
				<total>3806</total>
				<timestamp>6434.347776</timestamp>
			</report>
			<report>
				<misses>98800001</misses>
				<total>3806</total>
				<timestamp>6440.835321</timestamp>
			</report>
			<report>
				<misses>98900001</misses>
				<total>3842</total>
				<timestamp>6447.338711</timestamp>
			</report>
			<report>
				<misses>99000001</misses>
				<total>3842</total>
				<timestamp>6453.805912</timestamp>
			</report>
			<report>
				<misses>99100001</misses>
				<total>3842</total>
				<timestamp>6460.341516</timestamp>
			</report>
			<report>
				<misses>99200001</misses>
				<total>3842</total>
				<timestamp>6466.867234</timestamp>
			</report>
			<report>
				<misses>99300001</misses>
				<total>3842</total>
				<timestamp>6473.345252</timestamp>
			</report>
			<report>
				<misses>99400001</misses>
				<total>3842</total>
				<timestamp>6479.827666</timestamp>
			</report>
			<report>
				<misses>99500001</misses>
				<total>3842</total>
				<timestamp>6486.319450</timestamp>
			</report>
			<report>
				<misses>99600001</misses>
				<total>3842</total>
				<timestamp>6492.872731</timestamp>
			</report>
			<report>
				<misses>99700001</misses>
				<total>3842</total>
				<timestamp>6499.364980</timestamp>
			</report>
			<report>
				<misses>99800001</misses>
				<total>3880</total>
				<timestamp>6505.829518</timestamp>
			</report>
			<report>
				<misses>99900001</misses>
				<total>3880</total>
				<timestamp>6512.245294</timestamp>
			</report>
			<report>
				<misses>100000001</misses>
				<total>3880</total>
				<timestamp>6518.728686</timestamp>
			</report>
			<report>
				<misses>100100001</misses>
				<total>3880</total>
				<timestamp>6525.251347</timestamp>
			</report>
			<report>
				<misses>100200001</misses>
				<total>3880</total>
				<timestamp>6531.742806</timestamp>
			</report>
			<report>
				<misses>100300001</misses>
				<total>3880</total>
				<timestamp>6538.210603</timestamp>
			</report>
			<report>
				<misses>100400001</misses>
				<total>3880</total>
				<timestamp>6544.683877</timestamp>
			</report>
			<report>
				<misses>100500001</misses>
				<total>3880</total>
				<timestamp>6551.135070</timestamp>
			</report>
			<report>
				<misses>100600001</misses>
				<total>3880</total>
				<timestamp>6557.588094</timestamp>
			</report>
			<report>
				<misses>100700001</misses>
				<total>3880</total>
				<timestamp>6564.041805</timestamp>
			</report>
			<report>
				<misses>100800001</misses>
				<total>3916</total>
				<timestamp>6570.528920</timestamp>
			</report>
			<report>
				<misses>100900001</misses>
				<total>3916</total>
				<timestamp>6577.050254</timestamp>
			</report>
			<report>
				<misses>101000001</misses>
				<total>3916</total>
				<timestamp>6583.567387</timestamp>
			</report>
			<report>
				<misses>101100001</misses>
				<total>3916</total>
				<timestamp>6590.012665</timestamp>
			</report>
			<report>
				<misses>101200001</misses>
				<total>3916</total>
				<timestamp>6596.426884</timestamp>
			</report>
			<report>
				<misses>101300001</misses>
				<total>3916</total>
				<timestamp>6602.862623</timestamp>
			</report>
			<report>
				<misses>101400001</misses>
				<total>3916</total>
				<timestamp>6609.325265</timestamp>
			</report>
			<report>
				<misses>101500001</misses>
				<total>3916</total>
				<timestamp>6615.874324</timestamp>
			</report>
			<report>
				<misses>101600001</misses>
				<total>3916</total>
				<timestamp>6622.400625</timestamp>
			</report>
			<report>
				<misses>101700001</misses>
				<total>3953</total>
				<timestamp>6628.953033</timestamp>
			</report>
			<report>
				<misses>101800001</misses>
				<total>3953</total>
				<timestamp>6635.542272</timestamp>
			</report>
			<report>
				<misses>101900001</misses>
				<total>3953</total>
				<timestamp>6642.102726</timestamp>
			</report>
			<report>
				<misses>102000001</misses>
				<total>3953</total>
				<timestamp>6648.677123</timestamp>
			</report>
			<report>
				<misses>102100001</misses>
				<total>3953</total>
				<timestamp>6655.249484</timestamp>
			</report>
			<report>
				<misses>102200001</misses>
				<total>3953</total>
				<timestamp>6661.810741</timestamp>
			</report>
			<report>
				<misses>102300001</misses>
				<total>3953</total>
				<timestamp>6668.351535</timestamp>
			</report>
			<report>
				<misses>102400001</misses>
				<total>3953</total>
				<timestamp>6674.872982</timestamp>
			</report>
			<report>
				<misses>102500001</misses>
				<total>3953</total>
				<timestamp>6681.407118</timestamp>
			</report>
			<report>
				<misses>102600001</misses>
				<total>3994</total>
				<timestamp>6687.961142</timestamp>
			</report>
			<report>
				<misses>102700001</misses>
				<total>3994</total>
				<timestamp>6694.543704</timestamp>
			</report>
			<report>
				<misses>102800001</misses>
				<total>3994</total>
				<timestamp>6701.204391</timestamp>
			</report>
			<report>
				<misses>102900001</misses>
				<total>3994</total>
				<timestamp>6707.809530</timestamp>
			</report>
			<report>
				<misses>103000001</misses>
				<total>3994</total>
				<timestamp>6714.354089</timestamp>
			</report>
			<report>
				<misses>103100001</misses>
				<total>3994</total>
				<timestamp>6720.883606</timestamp>
			</report>
			<report>
				<misses>103200001</misses>
				<total>3994</total>
				<timestamp>6727.418668</timestamp>
			</report>
			<report>
				<misses>103300001</misses>
				<total>3994</total>
				<timestamp>6733.945977</timestamp>
			</report>
			<report>
				<misses>103400001</misses>
				<total>3994</total>
				<timestamp>6740.492925</timestamp>
			</report>
			<report>
				<misses>103500001</misses>
				<total>4028</total>
				<timestamp>6747.030386</timestamp>
			</report>
			<report>
				<misses>103600001</misses>
				<total>4028</total>
				<timestamp>6753.643213</timestamp>
			</report>
			<report>
				<misses>103700001</misses>
				<total>4028</total>
				<timestamp>6760.245285</timestamp>
			</report>
			<report>
				<misses>103800001</misses>
				<total>4028</total>
				<timestamp>6766.898052</timestamp>
			</report>
			<report>
				<misses>103900001</misses>
				<total>4028</total>
				<timestamp>6773.447486</timestamp>
			</report>
			<report>
				<misses>104000001</misses>
				<total>4028</total>
				<timestamp>6780.018050</timestamp>
			</report>
			<report>
				<misses>104100001</misses>
				<total>4028</total>
				<timestamp>6786.636231</timestamp>
			</report>
			<report>
				<misses>104200001</misses>
				<total>4028</total>
				<timestamp>6793.200683</timestamp>
			</report>
			<report>
				<misses>104300001</misses>
				<total>4028</total>
				<timestamp>6799.765102</timestamp>
			</report>
			<report>
				<misses>104400001</misses>
				<total>4062</total>
				<timestamp>6806.313392</timestamp>
			</report>
			<report>
				<misses>104500001</misses>
				<total>4062</total>
				<timestamp>6812.915091</timestamp>
			</report>
			<report>
				<misses>104600001</misses>
				<total>4062</total>
				<timestamp>6819.591324</timestamp>
			</report>
			<report>
				<misses>104700001</misses>
				<total>4062</total>
				<timestamp>6826.254061</timestamp>
			</report>
			<report>
				<misses>104800001</misses>
				<total>4062</total>
				<timestamp>6832.812245</timestamp>
			</report>
			<report>
				<misses>104900001</misses>
				<total>4062</total>
				<timestamp>6839.351628</timestamp>
			</report>
			<report>
				<misses>105000001</misses>
				<total>4062</total>
				<timestamp>6845.902015</timestamp>
			</report>
			<report>
				<misses>105100001</misses>
				<total>4062</total>
				<timestamp>6852.451795</timestamp>
			</report>
			<report>
				<misses>105200001</misses>
				<total>4062</total>
				<timestamp>6859.039258</timestamp>
			</report>
			<report>
				<misses>105300001</misses>
				<total>4097</total>
				<timestamp>6865.614194</timestamp>
			</report>
			<report>
				<misses>105400001</misses>
				<total>4097</total>
				<timestamp>6872.213970</timestamp>
			</report>
			<report>
				<misses>105500001</misses>
				<total>4097</total>
				<timestamp>6878.808223</timestamp>
			</report>
			<report>
				<misses>105600001</misses>
				<total>4097</total>
				<timestamp>6885.431843</timestamp>
			</report>
			<report>
				<misses>105700001</misses>
				<total>4097</total>
				<timestamp>6891.972195</timestamp>
			</report>
			<report>
				<misses>105800001</misses>
				<total>4097</total>
				<timestamp>6898.515781</timestamp>
			</report>
			<report>
				<misses>105900001</misses>
				<total>4097</total>
				<timestamp>6905.084429</timestamp>
			</report>
			<report>
				<misses>106000001</misses>
				<total>4097</total>
				<timestamp>6911.632926</timestamp>
			</report>
			<report>
				<misses>106100001</misses>
				<total>4097</total>
				<timestamp>6918.189285</timestamp>
			</report>
			<report>
				<misses>106200001</misses>
				<total>4136</total>
				<timestamp>6924.787145</timestamp>
			</report>
			<report>
				<misses>106300001</misses>
				<total>4136</total>
				<timestamp>6931.415536</timestamp>
			</report>
			<report>
				<misses>106400001</misses>
				<total>4136</total>
				<timestamp>6938.045285</timestamp>
			</report>
			<report>
				<misses>106500001</misses>
				<total>4136</total>
				<timestamp>6944.724307</timestamp>
			</report>
			<report>
				<misses>106600001</misses>
				<total>4136</total>
				<timestamp>6951.286760</timestamp>
			</report>
			<report>
				<misses>106700001</misses>
				<total>4136</total>
				<timestamp>6957.824902</timestamp>
			</report>
			<report>
				<misses>106800001</misses>
				<total>4136</total>
				<timestamp>6964.359589</timestamp>
			</report>
			<report>
				<misses>106900001</misses>
				<total>4136</total>
				<timestamp>6970.919403</timestamp>
			</report>
			<report>
				<misses>107000001</misses>
				<total>4136</total>
				<timestamp>6977.459175</timestamp>
			</report>
			<report>
				<misses>107100001</misses>
				<total>4136</total>
				<timestamp>6984.007125</timestamp>
			</report>
			<report>
				<misses>107200001</misses>
				<total>4173</total>
				<timestamp>6990.596032</timestamp>
			</report>
			<report>
				<misses>107300001</misses>
				<total>4173</total>
				<timestamp>6997.167832</timestamp>
			</report>
			<report>
				<misses>107400001</misses>
				<total>4173</total>
				<timestamp>7003.749213</timestamp>
			</report>
			<report>
				<misses>107500001</misses>
				<total>4173</total>
				<timestamp>7010.301575</timestamp>
			</report>
			<report>
				<misses>107600001</misses>
				<total>4173</total>
				<timestamp>7016.841376</timestamp>
			</report>
			<report>
				<misses>107700001</misses>
				<total>4173</total>
				<timestamp>7023.382902</timestamp>
			</report>
			<report>
				<misses>107800001</misses>
				<total>4173</total>
				<timestamp>7029.923829</timestamp>
			</report>
			<report>
				<misses>107900001</misses>
				<total>4173</total>
				<timestamp>7036.449761</timestamp>
			</report>
			<report>
				<misses>108000001</misses>
				<total>4173</total>
				<timestamp>7042.966024</timestamp>
			</report>
			<report>
				<misses>108100001</misses>
				<total>4208</total>
				<timestamp>7049.526539</timestamp>
			</report>
			<report>
				<misses>108200001</misses>
				<total>4208</total>
				<timestamp>7056.140517</timestamp>
			</report>
			<report>
				<misses>108300001</misses>
				<total>4208</total>
				<timestamp>7062.759775</timestamp>
			</report>
			<report>
				<misses>108400001</misses>
				<total>4208</total>
				<timestamp>7069.283977</timestamp>
			</report>
			<report>
				<misses>108500001</misses>
				<total>4208</total>
				<timestamp>7075.789889</timestamp>
			</report>
			<report>
				<misses>108600001</misses>
				<total>4208</total>
				<timestamp>7082.280321</timestamp>
			</report>
			<report>
				<misses>108700001</misses>
				<total>4208</total>
				<timestamp>7088.862689</timestamp>
			</report>
			<report>
				<misses>108800001</misses>
				<total>4208</total>
				<timestamp>7095.479830</timestamp>
			</report>
			<report>
				<misses>108900001</misses>
				<total>4208</total>
				<timestamp>7102.082106</timestamp>
			</report>
			<report>
				<misses>109000001</misses>
				<total>4249</total>
				<timestamp>7108.672144</timestamp>
			</report>
			<report>
				<misses>109100001</misses>
				<total>4249</total>
				<timestamp>7115.259897</timestamp>
			</report>
			<report>
				<misses>109200001</misses>
				<total>4249</total>
				<timestamp>7121.809497</timestamp>
			</report>
			<report>
				<misses>109300001</misses>
				<total>4249</total>
				<timestamp>7128.344875</timestamp>
			</report>
			<report>
				<misses>109400001</misses>
				<total>4249</total>
				<timestamp>7134.858717</timestamp>
			</report>
			<report>
				<misses>109500001</misses>
				<total>4249</total>
				<timestamp>7141.387163</timestamp>
			</report>
			<report>
				<misses>109600001</misses>
				<total>4249</total>
				<timestamp>7147.965246</timestamp>
			</report>
			<report>
				<misses>109700001</misses>
				<total>4249</total>
				<timestamp>7154.546255</timestamp>
			</report>
			<report>
				<misses>109800001</misses>
				<total>4249</total>
				<timestamp>7161.101425</timestamp>
			</report>
			<report>
				<misses>109900001</misses>
				<total>4285</total>
				<timestamp>7167.703031</timestamp>
			</report>
			<report>
				<misses>110000001</misses>
				<total>4285</total>
				<timestamp>7174.297903</timestamp>
			</report>
			<report>
				<misses>110100001</misses>
				<total>4285</total>
				<timestamp>7180.860885</timestamp>
			</report>
			<report>
				<misses>110200001</misses>
				<total>4285</total>
				<timestamp>7187.396820</timestamp>
			</report>
			<report>
				<misses>110300001</misses>
				<total>4285</total>
				<timestamp>7193.891922</timestamp>
			</report>
		</query>
	</custom>
	<ethtool_statistic>
		<rx_packets>
			<start>1425889840</start>
			<end>2525534202</end>
		</rx_packets>
		<tx_packets>
			<start>599915552</start>
			<end>1483058404</end>
		</tx_packets>
		<rx_dropped>
			<start>0</start>
			<end>0</end>
		</rx_dropped>
		<tx_dropped>
			<start>0</start>
			<end>0</end>
		</tx_dropped>
		<collisions>
			<start>0</start>
			<end>0</end>
		</collisions>
		<port_tx_errors>
			<start>0</start>
			<end>0</end>
		</port_tx_errors>
		<port_rx_dropped>
			<start>0</start>
			<end>0</end>
		</port_rx_dropped>
		<port_tx_dropped_link_down>
			<start>1</start>
			<end>1</end>
		</port_tx_dropped_link_down>
	</ethtool_statistic>
	<ip_statistic>
		<mtu>
			<start>9000</start>
			<end>9000</end>
		</mtu>
		<rx_bytes>
			<start>5747857066175</start>
			<end>14720931586827</end>
		</rx_bytes>
		<rx_packets>
			<start>1425889840</start>
			<end>2525534202</end>
		</rx_packets>
		<rx_errors>
			<start>0</start>
			<end>0</end>
		</rx_errors>
		<rx_dropped>
			<start>0</start>
			<end>0</end>
		</rx_dropped>
		<rx_missed>
			<start>0</start>
			<end>0</end>
		</rx_missed>
		<rx_mcast>
			<start>156</start>
			<end>160</end>
		</rx_mcast>
		<tx_bytes>
			<start>2734498243711</start>
			<end>9940920400947</end>
		</tx_bytes>
		<tx_packets>
			<start>599915552</start>
			<end>1483058404</end>
		</tx_packets>
		<tx_errors>
			<start>0</start>
			<end>0</end>
		</tx_errors>
		<tx_dropped>
			<start>0</start>
			<end>0</end>
		</tx_dropped>
		<tx_carrier>
			<start>0</start>
			<end>0</end>
		</tx_carrier>
		<tx_collisions>
			<start>0</start>
			<end>0</end>
		</tx_collisions>
	</ip_statistic>
	<netstat_statistic>
		<udp_pkg_rec>
			<start>18267603649</start>
			<end>19167363892</end>
		</udp_pkg_rec>
		<udp_pkg_snt>
			<start>11338075657</start>
			<end>12238522958</end>
		</udp_pkg_snt>
		<udp_rec_err>
			<start>1045</start>
			<end>1045</end>
		</udp_rec_err>
		<udp_rec_buf_err>
			<start>1045</start>
			<end>1045</end>
		</udp_rec_buf_err>
		<udp_snt_buf_err>
			<start>2</start>
			<end>2</end>
		</udp_snt_buf_err>
	</netstat_statistic>
</test_results>
