<?xml version="1.0"?>
<test_results>
	<status>STATUS_SUCCESS</status>
	<custom>
		<num_loss>84</num_loss>
		<num_total>2173306</num_total>
		<num_misses>45815013</num_misses>
		<elapsed_time>119.970748</elapsed_time>
		<query>
			<report>
				<misses>100001</misses>
				<total>0</total>
				<timestamp>5.275320</timestamp>
			</report>
			<report>
				<misses>200001</misses>
				<total>0</total>
				<timestamp>10.612527</timestamp>
			</report>
			<report>
				<misses>300001</misses>
				<total>0</total>
				<timestamp>15.952548</timestamp>
			</report>
			<report>
				<misses>400001</misses>
				<total>0</total>
				<timestamp>21.279702</timestamp>
			</report>
			<report>
				<misses>500001</misses>
				<total>0</total>
				<timestamp>26.613962</timestamp>
			</report>
			<report>
				<misses>600001</misses>
				<total>43</total>
				<timestamp>31.926392</timestamp>
			</report>
			<report>
				<misses>700001</misses>
				<total>43</total>
				<timestamp>37.235963</timestamp>
			</report>
			<report>
				<misses>800001</misses>
				<total>43</total>
				<timestamp>42.543549</timestamp>
			</report>
			<report>
				<misses>900001</misses>
				<total>43</total>
				<timestamp>47.871185</timestamp>
			</report>
			<report>
				<misses>1000001</misses>
				<total>43</total>
				<timestamp>53.260699</timestamp>
			</report>
			<report>
				<misses>1100001</misses>
				<total>43</total>
				<timestamp>58.813657</timestamp>
			</report>
			<report>
				<misses>1200001</misses>
				<total>43</total>
				<timestamp>64.439526</timestamp>
			</report>
			<report>
				<misses>1300001</misses>
				<total>43</total>
				<timestamp>70.123309</timestamp>
			</report>
			<report>
				<misses>1400001</misses>
				<total>43</total>
				<timestamp>75.871966</timestamp>
			</report>
			<report>
				<misses>1500001</misses>
				<total>43</total>
				<timestamp>81.613488</timestamp>
			</report>
			<report>
				<misses>1600001</misses>
				<total>84</total>
				<timestamp>87.368174</timestamp>
			</report>
			<report>
				<misses>1700001</misses>
				<total>84</total>
				<timestamp>93.087186</timestamp>
			</report>
			<report>
				<misses>1800001</misses>
				<total>84</total>
				<timestamp>98.859504</timestamp>
			</report>
			<report>
				<misses>1900001</misses>
				<total>84</total>
				<timestamp>104.626033</timestamp>
			</report>
			<report>
				<misses>2000001</misses>
				<total>84</total>
				<timestamp>110.306321</timestamp>
			</report>
			<report>
				<misses>2100001</misses>
				<total>84</total>
				<timestamp>115.871976</timestamp>
			</report>
		</query>
	</custom>
	<ethtool_statistic>
		<rx_packets>
			<start>449551132</start>
			<end>467874215</end>
		</rx_packets>
		<tx_packets>
			<start>494580714</start>
			<end>511967044</end>
		</tx_packets>
		<rx_dropped>
			<start>0</start>
			<end>0</end>
		</rx_dropped>
		<tx_dropped>
			<start>0</start>
			<end>0</end>
		</tx_dropped>
		<collisions>
			<start>0</start>
			<end>0</end>
		</collisions>
		<port_tx_errors>
			<start>0</start>
			<end>0</end>
		</port_tx_errors>
		<port_rx_dropped>
			<start>0</start>
			<end>0</end>
		</port_rx_dropped>
		<port_tx_dropped_link_down>
			<start>0</start>
			<end>0</end>
		</port_tx_dropped_link_down>
	</ethtool_statistic>
	<ip_statistic>
		<mtu>
			<start>9000</start>
			<end>9000</end>
		</mtu>
		<rx_bytes>
			<start>2657568231050</start>
			<end>2807084175408</end>
		</rx_bytes>
		<rx_packets>
			<start>449551132</start>
			<end>467874215</end>
		</rx_packets>
		<rx_errors>
			<start>0</start>
			<end>0</end>
		</rx_errors>
		<rx_dropped>
			<start>0</start>
			<end>0</end>
		</rx_dropped>
		<rx_missed>
			<start>0</start>
			<end>0</end>
		</rx_missed>
		<rx_mcast>
			<start>8</start>
			<end>8</end>
		</rx_mcast>
		<tx_bytes>
			<start>2739362867333</start>
			<end>2881234914673</end>
		</tx_bytes>
		<tx_packets>
			<start>494580714</start>
			<end>511967044</end>
		</tx_packets>
		<tx_errors>
			<start>0</start>
			<end>0</end>
		</tx_errors>
		<tx_dropped>
			<start>0</start>
			<end>0</end>
		</tx_dropped>
		<tx_carrier>
			<start>0</start>
			<end>0</end>
		</tx_carrier>
		<tx_collisions>
			<start>0</start>
			<end>0</end>
		</tx_collisions>
	</ip_statistic>
	<netstat_statistic>
		<udp_pkg_rec>
			<start>2714495552</start>
			<end>2730634328</end>
		</udp_pkg_rec>
		<udp_pkg_snt>
			<start>2651526269</start>
			<end>2668889191</end>
		</udp_pkg_snt>
		<udp_rec_err>
			<start>0</start>
			<end>0</end>
		</udp_rec_err>
		<udp_rec_buf_err>
			<start>0</start>
			<end>0</end>
		</udp_rec_buf_err>
		<udp_snt_buf_err>
			<start>0</start>
			<end>0</end>
		</udp_snt_buf_err>
	</netstat_statistic>
</test_results>
