<?xml version="1.0"?>
<test_results>
	<status>STATUS_SUCCESS</status>
	<custom>
		<num_loss>1</num_loss>
		<num_total>1650000</num_total>
		<num_misses>918917</num_misses>
		<elapsed_time>155.125195</elapsed_time>
		<query>
			<report>
				<misses>10000</misses>
				<total>1</total>
			</report>
			<report>
				<misses>20000</misses>
				<total>1</total>
			</report>
			<report>
				<misses>30000</misses>
				<total>1</total>
			</report>
			<report>
				<misses>40000</misses>
				<total>2</total>
			</report>
			<report>
				<misses>50000</misses>
				<total>2</total>
			</report>
			<report>
				<misses>60000</misses>
				<total>2</total>
			</report>
			<report>
				<misses>70000</misses>
				<total>2</total>
			</report>
			<report>
				<misses>80000</misses>
				<total>1</total>
			</report>
			<report>
				<misses>90000</misses>
				<total>0</total>
			</report>
			<report>
				<misses>100000</misses>
				<total>2</total>
			</report>
			<report>
				<misses>110000</misses>
				<total>2</total>
			</report>
			<report>
				<misses>120000</misses>
				<total>1</total>
			</report>
			<report>
				<misses>130000</misses>
				<total>2</total>
			</report>
			<report>
				<misses>140000</misses>
				<total>1</total>
			</report>
			<report>
				<misses>150000</misses>
				<total>1</total>
			</report>
			<report>
				<misses>160000</misses>
				<total>2</total>
			</report>
			<report>
				<misses>170000</misses>
				<total>0</total>
			</report>
			<report>
				<misses>180000</misses>
				<total>1</total>
			</report>
			<report>
				<misses>190000</misses>
				<total>1</total>
			</report>
			<report>
				<misses>200000</misses>
				<total>1</total>
			</report>
			<report>
				<misses>210000</misses>
				<total>1</total>
			</report>
			<report>
				<misses>220000</misses>
				<total>1</total>
			</report>
			<report>
				<misses>230000</misses>
				<total>2</total>
			</report>
			<report>
				<misses>240000</misses>
				<total>2</total>
			</report>
			<report>
				<misses>250000</misses>
				<total>1</total>
			</report>
			<report>
				<misses>260000</misses>
				<total>1</total>
			</report>
			<report>
				<misses>270000</misses>
				<total>1</total>
			</report>
			<report>
				<misses>280000</misses>
				<total>2</total>
			</report>
			<report>
				<misses>290000</misses>
				<total>2</total>
			</report>
			<report>
				<misses>300000</misses>
				<total>1</total>
			</report>
			<report>
				<misses>310000</misses>
				<total>2</total>
			</report>
			<report>
				<misses>320000</misses>
				<total>2</total>
			</report>
			<report>
				<misses>330000</misses>
				<total>0</total>
			</report>
			<report>
				<misses>340000</misses>
				<total>2</total>
			</report>
			<report>
				<misses>350000</misses>
				<total>1</total>
			</report>
			<report>
				<misses>360000</misses>
				<total>1</total>
			</report>
			<report>
				<misses>370000</misses>
				<total>1</total>
			</report>
			<report>
				<misses>380000</misses>
				<total>1</total>
			</report>
			<report>
				<misses>390000</misses>
				<total>1</total>
			</report>
			<report>
				<misses>400000</misses>
				<total>2</total>
			</report>
			<report>
				<misses>410000</misses>
				<total>1</total>
			</report>
			<report>
				<misses>420000</misses>
				<total>2</total>
			</report>
			<report>
				<misses>430000</misses>
				<total>1</total>
			</report>
			<report>
				<misses>440000</misses>
				<total>2</total>
			</report>
			<report>
				<misses>450000</misses>
				<total>1</total>
			</report>
			<report>
				<misses>460000</misses>
				<total>2</total>
			</report>
			<report>
				<misses>470000</misses>
				<total>2</total>
			</report>
			<report>
				<misses>480000</misses>
				<total>1</total>
			</report>
			<report>
				<misses>490000</misses>
				<total>1</total>
			</report>
			<report>
				<misses>500000</misses>
				<total>1</total>
			</report>
			<report>
				<misses>510000</misses>
				<total>1</total>
			</report>
			<report>
				<misses>520000</misses>
				<total>2</total>
			</report>
			<report>
				<misses>530000</misses>
				<total>1</total>
			</report>
			<report>
				<misses>540000</misses>
				<total>2</total>
			</report>
			<report>
				<misses>550000</misses>
				<total>2</total>
			</report>
			<report>
				<misses>560000</misses>
				<total>2</total>
			</report>
			<report>
				<misses>570000</misses>
				<total>2</total>
			</report>
			<report>
				<misses>580000</misses>
				<total>1</total>
			</report>
			<report>
				<misses>590000</misses>
				<total>1</total>
			</report>
			<report>
				<misses>600000</misses>
				<total>2</total>
			</report>
			<report>
				<misses>610000</misses>
				<total>1</total>
			</report>
			<report>
				<misses>620000</misses>
				<total>1</total>
			</report>
			<report>
				<misses>630000</misses>
				<total>1</total>
			</report>
			<report>
				<misses>640000</misses>
				<total>2</total>
			</report>
			<report>
				<misses>650000</misses>
				<total>1</total>
			</report>
			<report>
				<misses>660000</misses>
				<total>2</total>
			</report>
			<report>
				<misses>670000</misses>
				<total>1</total>
			</report>
			<report>
				<misses>680000</misses>
				<total>1</total>
			</report>
			<report>
				<misses>690000</misses>
				<total>2</total>
			</report>
			<report>
				<misses>700000</misses>
				<total>1</total>
			</report>
			<report>
				<misses>710000</misses>
				<total>1</total>
			</report>
			<report>
				<misses>720000</misses>
				<total>2</total>
			</report>
			<report>
				<misses>730000</misses>
				<total>2</total>
			</report>
			<report>
				<misses>740000</misses>
				<total>2</total>
			</report>
			<report>
				<misses>750000</misses>
				<total>2</total>
			</report>
			<report>
				<misses>760000</misses>
				<total>1</total>
			</report>
			<report>
				<misses>770000</misses>
				<total>2</total>
			</report>
			<report>
				<misses>780000</misses>
				<total>1</total>
			</report>
			<report>
				<misses>790000</misses>
				<total>1</total>
			</report>
			<report>
				<misses>800000</misses>
				<total>1</total>
			</report>
			<report>
				<misses>810000</misses>
				<total>2</total>
			</report>
			<report>
				<misses>820000</misses>
				<total>1</total>
			</report>
			<report>
				<misses>830000</misses>
				<total>1</total>
			</report>
			<report>
				<misses>840000</misses>
				<total>1</total>
			</report>
			<report>
				<misses>850000</misses>
				<total>2</total>
			</report>
			<report>
				<misses>860000</misses>
				<total>2</total>
			</report>
			<report>
				<misses>870000</misses>
				<total>2</total>
			</report>
			<report>
				<misses>880000</misses>
				<total>0</total>
			</report>
			<report>
				<misses>890000</misses>
				<total>2</total>
			</report>
			<report>
				<misses>900000</misses>
				<total>2</total>
			</report>
			<report>
				<misses>910000</misses>
				<total>1</total>
			</report>
			<report>
				<misses>920000</misses>
				<total>1</total>
			</report>
			<report>
				<misses>930000</misses>
				<total>1</total>
			</report>
			<report>
				<misses>940000</misses>
				<total>2</total>
			</report>
			<report>
				<misses>950000</misses>
				<total>1</total>
			</report>
			<report>
				<misses>960000</misses>
				<total>2</total>
			</report>
			<report>
				<misses>970000</misses>
				<total>0</total>
			</report>
			<report>
				<misses>980000</misses>
				<total>2</total>
			</report>
			<report>
				<misses>990000</misses>
				<total>2</total>
			</report>
			<report>
				<misses>1000000</misses>
				<total>1</total>
			</report>
			<report>
				<misses>1010000</misses>
				<total>2</total>
			</report>
			<report>
				<misses>1020000</misses>
				<total>1</total>
			</report>
			<report>
				<misses>1030000</misses>
				<total>1</total>
			</report>
			<report>
				<misses>1040000</misses>
				<total>1</total>
			</report>
			<report>
				<misses>1050000</misses>
				<total>1</total>
			</report>
			<report>
				<misses>1060000</misses>
				<total>1</total>
			</report>
			<report>
				<misses>1070000</misses>
				<total>1</total>
			</report>
			<report>
				<misses>1080000</misses>
				<total>0</total>
			</report>
			<report>
				<misses>1090000</misses>
				<total>2</total>
			</report>
			<report>
				<misses>1100000</misses>
				<total>2</total>
			</report>
			<report>
				<misses>1110000</misses>
				<total>1</total>
			</report>
			<report>
				<misses>1120000</misses>
				<total>1</total>
			</report>
			<report>
				<misses>1130000</misses>
				<total>2</total>
			</report>
			<report>
				<misses>1140000</misses>
				<total>2</total>
			</report>
			<report>
				<misses>1150000</misses>
				<total>2</total>
			</report>
			<report>
				<misses>1160000</misses>
				<total>2</total>
			</report>
			<report>
				<misses>1170000</misses>
				<total>2</total>
			</report>
			<report>
				<misses>1180000</misses>
				<total>1</total>
			</report>
			<report>
				<misses>1190000</misses>
				<total>1</total>
			</report>
			<report>
				<misses>1200000</misses>
				<total>1</total>
			</report>
			<report>
				<misses>1210000</misses>
				<total>2</total>
			</report>
			<report>
				<misses>1220000</misses>
				<total>2</total>
			</report>
			<report>
				<misses>1230000</misses>
				<total>1</total>
			</report>
			<report>
				<misses>1240000</misses>
				<total>1</total>
			</report>
			<report>
				<misses>1250000</misses>
				<total>1</total>
			</report>
			<report>
				<misses>1260000</misses>
				<total>1</total>
			</report>
			<report>
				<misses>1270000</misses>
				<total>2</total>
			</report>
			<report>
				<misses>1280000</misses>
				<total>1</total>
			</report>
			<report>
				<misses>1290000</misses>
				<total>1</total>
			</report>
			<report>
				<misses>1300000</misses>
				<total>0</total>
			</report>
			<report>
				<misses>1310000</misses>
				<total>0</total>
			</report>
			<report>
				<misses>1320000</misses>
				<total>1</total>
			</report>
			<report>
				<misses>1330000</misses>
				<total>2</total>
			</report>
			<report>
				<misses>1340000</misses>
				<total>2</total>
			</report>
			<report>
				<misses>1350000</misses>
				<total>2</total>
			</report>
			<report>
				<misses>1360000</misses>
				<total>2</total>
			</report>
			<report>
				<misses>1370000</misses>
				<total>2</total>
			</report>
			<report>
				<misses>1380000</misses>
				<total>2</total>
			</report>
			<report>
				<misses>1390000</misses>
				<total>2</total>
			</report>
			<report>
				<misses>1400000</misses>
				<total>1</total>
			</report>
			<report>
				<misses>1410000</misses>
				<total>2</total>
			</report>
			<report>
				<misses>1420000</misses>
				<total>1</total>
			</report>
			<report>
				<misses>1430000</misses>
				<total>1</total>
			</report>
			<report>
				<misses>1440000</misses>
				<total>2</total>
			</report>
			<report>
				<misses>1450000</misses>
				<total>1</total>
			</report>
			<report>
				<misses>1460000</misses>
				<total>1</total>
			</report>
			<report>
				<misses>1470000</misses>
				<total>2</total>
			</report>
			<report>
				<misses>1480000</misses>
				<total>1</total>
			</report>
			<report>
				<misses>1490000</misses>
				<total>2</total>
			</report>
			<report>
				<misses>1500000</misses>
				<total>1</total>
			</report>
			<report>
				<misses>1510000</misses>
				<total>1</total>
			</report>
			<report>
				<misses>1520000</misses>
				<total>1</total>
			</report>
			<report>
				<misses>1530000</misses>
				<total>2</total>
			</report>
			<report>
				<misses>1540000</misses>
				<total>2</total>
			</report>
			<report>
				<misses>1550000</misses>
				<total>1</total>
			</report>
			<report>
				<misses>1560000</misses>
				<total>2</total>
			</report>
			<report>
				<misses>1570000</misses>
				<total>1</total>
			</report>
			<report>
				<misses>1580000</misses>
				<total>2</total>
			</report>
			<report>
				<misses>1590000</misses>
				<total>2</total>
			</report>
			<report>
				<misses>1600000</misses>
				<total>1</total>
			</report>
			<report>
				<misses>1610000</misses>
				<total>1</total>
			</report>
			<report>
				<misses>1620000</misses>
				<total>1</total>
			</report>
			<report>
				<misses>1630000</misses>
				<total>1</total>
			</report>
			<report>
				<misses>1640000</misses>
				<total>1</total>
			</report>
		</query>
	</custom>
	<ethtool_statistic>
		<rx_packets>
			<start>17600714187</start>
			<end>17600714397</end>
		</rx_packets>
		<tx_packets>
			<start>20973899149</start>
			<end>20987098033</end>
		</tx_packets>
		<rx_dropped>
			<start>267</start>
			<end>267</end>
		</rx_dropped>
		<tx_dropped>
			<start>0</start>
			<end>0</end>
		</tx_dropped>
		<collisions>
			<start>0</start>
			<end>0</end>
		</collisions>
		<port_tx_errors>
			<start>0</start>
			<end>0</end>
		</port_tx_errors>
		<port_rx_dropped>
			<start>0</start>
			<end>0</end>
		</port_rx_dropped>
		<port_tx_dropped_link_down>
			<start>0</start>
			<end>0</end>
		</port_tx_dropped_link_down>
	</ethtool_statistic>
	<ip_statistic>
		<mtu>
			<start>9000</start>
			<end>9000</end>
		</mtu>
		<rx_bytes>
			<start>158217162811664</start>
			<end>158217162829708</end>
		</rx_bytes>
		<rx_packets>
			<start>17600714187</start>
			<end>17600714397</end>
		</rx_packets>
		<rx_errors>
			<start>0</start>
			<end>0</end>
		</rx_errors>
		<rx_dropped>
			<start>274</start>
			<end>274</end>
		</rx_dropped>
		<rx_missed>
			<start>0</start>
			<end>0</end>
		</rx_missed>
		<rx_mcast>
			<start>12605</start>
			<end>12606</end>
		</rx_mcast>
		<tx_bytes>
			<start>144208294878116</start>
			<end>144315996181380</end>
		</tx_bytes>
		<tx_packets>
			<start>20973899149</start>
			<end>20987098033</end>
		</tx_packets>
		<tx_errors>
			<start>0</start>
			<end>0</end>
		</tx_errors>
		<tx_dropped>
			<start>0</start>
			<end>0</end>
		</tx_dropped>
		<tx_carrier>
			<start>0</start>
			<end>0</end>
		</tx_carrier>
		<tx_collisions>
			<start>0</start>
			<end>0</end>
		</tx_collisions>
	</ip_statistic>
	<netstat_statistic>
		<udp_pkg_rec>
			<start>17317452293</start>
			<end>17325282640</end>
		</udp_pkg_rec>
		<udp_pkg_snt>
			<start>17275522251</start>
			<end>17317447659</end>
		</udp_pkg_snt>
		<udp_rec_err>
			<start>300864764</start>
			<end>302085076</end>
		</udp_rec_err>
		<udp_rec_buf_err>
			<start>300864764</start>
			<end>302085076</end>
		</udp_rec_buf_err>
		<udp_snt_buf_err>
			<start>29</start>
			<end>29</end>
		</udp_snt_buf_err>
	</netstat_statistic>
</test_results>
