<?xml version="1.0"?>
<test_results>
	<status>STATUS_SUCCESS</status>
	<custom>
		<num_loss>232</num_loss>
		<num_total>5690136</num_total>
		<num_misses>114297962</num_misses>
		<elapsed_time>299.970106</elapsed_time>
		<query>
			<report>
				<misses>100001</misses>
				<total>0</total>
				<timestamp>5.247457</timestamp>
			</report>
			<report>
				<misses>200001</misses>
				<total>47</total>
				<timestamp>10.509764</timestamp>
			</report>
			<report>
				<misses>300001</misses>
				<total>47</total>
				<timestamp>15.775244</timestamp>
			</report>
			<report>
				<misses>400001</misses>
				<total>47</total>
				<timestamp>21.049813</timestamp>
			</report>
			<report>
				<misses>500001</misses>
				<total>47</total>
				<timestamp>26.332070</timestamp>
			</report>
			<report>
				<misses>600001</misses>
				<total>47</total>
				<timestamp>31.609104</timestamp>
			</report>
			<report>
				<misses>700001</misses>
				<total>47</total>
				<timestamp>36.886996</timestamp>
			</report>
			<report>
				<misses>800001</misses>
				<total>47</total>
				<timestamp>42.159796</timestamp>
			</report>
			<report>
				<misses>900001</misses>
				<total>47</total>
				<timestamp>47.438561</timestamp>
			</report>
			<report>
				<misses>1000001</misses>
				<total>47</total>
				<timestamp>52.719708</timestamp>
			</report>
			<report>
				<misses>1100001</misses>
				<total>47</total>
				<timestamp>57.999684</timestamp>
			</report>
			<report>
				<misses>1200001</misses>
				<total>47</total>
				<timestamp>63.268162</timestamp>
			</report>
			<report>
				<misses>1300001</misses>
				<total>47</total>
				<timestamp>68.550154</timestamp>
			</report>
			<report>
				<misses>1400001</misses>
				<total>92</total>
				<timestamp>73.820798</timestamp>
			</report>
			<report>
				<misses>1500001</misses>
				<total>92</total>
				<timestamp>79.094667</timestamp>
			</report>
			<report>
				<misses>1600001</misses>
				<total>92</total>
				<timestamp>84.373238</timestamp>
			</report>
			<report>
				<misses>1700001</misses>
				<total>92</total>
				<timestamp>89.657342</timestamp>
			</report>
			<report>
				<misses>1800001</misses>
				<total>92</total>
				<timestamp>94.944114</timestamp>
			</report>
			<report>
				<misses>1900001</misses>
				<total>92</total>
				<timestamp>100.218942</timestamp>
			</report>
			<report>
				<misses>2000001</misses>
				<total>92</total>
				<timestamp>105.503133</timestamp>
			</report>
			<report>
				<misses>2100001</misses>
				<total>92</total>
				<timestamp>110.759984</timestamp>
			</report>
			<report>
				<misses>2200001</misses>
				<total>92</total>
				<timestamp>116.014742</timestamp>
			</report>
			<report>
				<misses>2300001</misses>
				<total>92</total>
				<timestamp>121.277203</timestamp>
			</report>
			<report>
				<misses>2400001</misses>
				<total>92</total>
				<timestamp>126.540413</timestamp>
			</report>
			<report>
				<misses>2500001</misses>
				<total>138</total>
				<timestamp>131.798146</timestamp>
			</report>
			<report>
				<misses>2600001</misses>
				<total>138</total>
				<timestamp>137.057879</timestamp>
			</report>
			<report>
				<misses>2700001</misses>
				<total>138</total>
				<timestamp>142.323605</timestamp>
			</report>
			<report>
				<misses>2800001</misses>
				<total>138</total>
				<timestamp>147.586882</timestamp>
			</report>
			<report>
				<misses>2900001</misses>
				<total>138</total>
				<timestamp>152.847429</timestamp>
			</report>
			<report>
				<misses>3000001</misses>
				<total>138</total>
				<timestamp>158.122252</timestamp>
			</report>
			<report>
				<misses>3100001</misses>
				<total>138</total>
				<timestamp>163.408246</timestamp>
			</report>
			<report>
				<misses>3200001</misses>
				<total>138</total>
				<timestamp>168.688285</timestamp>
			</report>
			<report>
				<misses>3300001</misses>
				<total>138</total>
				<timestamp>173.958403</timestamp>
			</report>
			<report>
				<misses>3400001</misses>
				<total>138</total>
				<timestamp>179.243279</timestamp>
			</report>
			<report>
				<misses>3500001</misses>
				<total>138</total>
				<timestamp>184.525734</timestamp>
			</report>
			<report>
				<misses>3600001</misses>
				<total>185</total>
				<timestamp>189.809780</timestamp>
			</report>
			<report>
				<misses>3700001</misses>
				<total>185</total>
				<timestamp>195.080694</timestamp>
			</report>
			<report>
				<misses>3800001</misses>
				<total>185</total>
				<timestamp>200.366091</timestamp>
			</report>
			<report>
				<misses>3900001</misses>
				<total>185</total>
				<timestamp>205.648580</timestamp>
			</report>
			<report>
				<misses>4000001</misses>
				<total>185</total>
				<timestamp>210.937364</timestamp>
			</report>
			<report>
				<misses>4100001</misses>
				<total>185</total>
				<timestamp>216.214299</timestamp>
			</report>
			<report>
				<misses>4200001</misses>
				<total>185</total>
				<timestamp>221.482788</timestamp>
			</report>
			<report>
				<misses>4300001</misses>
				<total>185</total>
				<timestamp>226.739191</timestamp>
			</report>
			<report>
				<misses>4400001</misses>
				<total>185</total>
				<timestamp>231.997868</timestamp>
			</report>
			<report>
				<misses>4500001</misses>
				<total>185</total>
				<timestamp>237.254720</timestamp>
			</report>
			<report>
				<misses>4600001</misses>
				<total>185</total>
				<timestamp>242.522974</timestamp>
			</report>
			<report>
				<misses>4700001</misses>
				<total>185</total>
				<timestamp>247.802122</timestamp>
			</report>
			<report>
				<misses>4800001</misses>
				<total>232</total>
				<timestamp>253.062469</timestamp>
			</report>
			<report>
				<misses>4900001</misses>
				<total>232</total>
				<timestamp>258.320862</timestamp>
			</report>
			<report>
				<misses>5000001</misses>
				<total>232</total>
				<timestamp>263.583803</timestamp>
			</report>
			<report>
				<misses>5100001</misses>
				<total>232</total>
				<timestamp>268.850736</timestamp>
			</report>
			<report>
				<misses>5200001</misses>
				<total>232</total>
				<timestamp>274.124194</timestamp>
			</report>
			<report>
				<misses>5300001</misses>
				<total>232</total>
				<timestamp>279.401552</timestamp>
			</report>
			<report>
				<misses>5400001</misses>
				<total>232</total>
				<timestamp>284.690758</timestamp>
			</report>
			<report>
				<misses>5500001</misses>
				<total>232</total>
				<timestamp>289.959508</timestamp>
			</report>
			<report>
				<misses>5600001</misses>
				<total>232</total>
				<timestamp>295.218963</timestamp>
			</report>
		</query>
	</custom>
	<ethtool_statistic>
		<rx_packets>
			<start>249003205</start>
			<end>294817024</end>
		</rx_packets>
		<tx_packets>
			<start>295090608</start>
			<end>340611385</end>
		</tx_packets>
		<rx_dropped>
			<start>0</start>
			<end>0</end>
		</rx_dropped>
		<tx_dropped>
			<start>0</start>
			<end>0</end>
		</tx_dropped>
		<collisions>
			<start>0</start>
			<end>0</end>
		</collisions>
		<port_tx_errors>
			<start>0</start>
			<end>0</end>
		</port_tx_errors>
		<port_rx_dropped>
			<start>0</start>
			<end>0</end>
		</port_rx_dropped>
		<port_tx_dropped_link_down>
			<start>0</start>
			<end>0</end>
		</port_tx_dropped_link_down>
	</ethtool_statistic>
	<ip_statistic>
		<mtu>
			<start>9000</start>
			<end>9000</end>
		</mtu>
		<rx_bytes>
			<start>1396446757119</start>
			<end>1770286394875</end>
		</rx_bytes>
		<rx_packets>
			<start>249003205</start>
			<end>294817024</end>
		</rx_packets>
		<rx_errors>
			<start>0</start>
			<end>0</end>
		</rx_errors>
		<rx_dropped>
			<start>0</start>
			<end>0</end>
		</rx_dropped>
		<rx_missed>
			<start>0</start>
			<end>0</end>
		</rx_missed>
		<rx_mcast>
			<start>6</start>
			<end>6</end>
		</rx_mcast>
		<tx_bytes>
			<start>1484719095594</start>
			<end>1856167524960</end>
		</tx_bytes>
		<tx_packets>
			<start>295090608</start>
			<end>340611385</end>
		</tx_packets>
		<tx_errors>
			<start>0</start>
			<end>0</end>
		</tx_errors>
		<tx_dropped>
			<start>0</start>
			<end>0</end>
		</tx_dropped>
		<tx_carrier>
			<start>0</start>
			<end>0</end>
		</tx_carrier>
		<tx_collisions>
			<start>0</start>
			<end>0</end>
		</tx_collisions>
	</ip_statistic>
	<netstat_statistic>
		<udp_pkg_rec>
			<start>1665302674</start>
			<end>1705594030</end>
		</udp_pkg_rec>
		<udp_pkg_snt>
			<start>1794353150</start>
			<end>1839912532</end>
		</udp_pkg_snt>
		<udp_rec_err>
			<start>0</start>
			<end>0</end>
		</udp_rec_err>
		<udp_rec_buf_err>
			<start>0</start>
			<end>0</end>
		</udp_rec_buf_err>
		<udp_snt_buf_err>
			<start>0</start>
			<end>0</end>
		</udp_snt_buf_err>
	</netstat_statistic>
</test_results>
