<?xml version="1.0"?>
<test_results>
	<status>STATUS_SUCCESS</status>
	<custom>
		<num_loss>76736</num_loss>
		<num_total>56000000</num_total>
		<num_misses>8709</num_misses>
		<elapsed_time>1681.259662</elapsed_time>
	</custom>
	<ethtool_statistic>
		<rx_packets>
			<start>13418913883</start>
			<end>13487027020</end>
		</rx_packets>
		<tx_packets>
			<start>17545466156</start>
			<end>17653738399</end>
		</tx_packets>
		<rx_dropped>
			<start>0</start>
			<end>0</end>
		</rx_dropped>
		<tx_dropped>
			<start>0</start>
			<end>0</end>
		</tx_dropped>
		<collisions>
			<start>0</start>
			<end>0</end>
		</collisions>
		<port_tx_errors>
			<start>-1</start>
			<end>-1</end>
		</port_tx_errors>
		<port_rx_dropped>
			<start>-1</start>
			<end>-1</end>
		</port_rx_dropped>
		<port_tx_dropped_link_down>
			<start>-1</start>
			<end>-1</end>
		</port_tx_dropped_link_down>
	</ethtool_statistic>
	<ip_statistic>
		<mtu>
			<start>9000</start>
			<end>9000</end>
		</mtu>
		<rx_bytes>
			<start>120590668030744</start>
			<end>121202999337814</end>
		</rx_bytes>
		<rx_packets>
			<start>13418913958</start>
			<end>13487027128</end>
		</rx_packets>
		<rx_errors>
			<start>0</start>
			<end>0</end>
		</rx_errors>
		<rx_dropped>
			<start>0</start>
			<end>0</end>
		</rx_dropped>
		<rx_missed>
			<start>1619</start>
			<end>1619</end>
		</rx_missed>
		<rx_mcast>
			<start>9101</start>
			<end>9126</end>
		</rx_mcast>
		<tx_bytes>
			<start>141455260017186</start>
			<end>142425938964746</end>
		</tx_bytes>
		<tx_packets>
			<start>17545466204</start>
			<end>17653738517</end>
		</tx_packets>
		<tx_errors>
			<start>0</start>
			<end>0</end>
		</tx_errors>
		<tx_dropped>
			<start>0</start>
			<end>0</end>
		</tx_dropped>
		<tx_carrier>
			<start>0</start>
			<end>0</end>
		</tx_carrier>
		<tx_collisions>
			<start>0</start>
			<end>0</end>
		</tx_collisions>
	</ip_statistic>
</test_results>
