<?xml version="1.0"?>
<test_results>
	<status>STATUS_SUCCESS</status>
	<custom>
		<num_loss>60938</num_loss>
		<num_total>5000001</num_total>
		<num_misses>14935566</num_misses>
		<elapsed_time>49.839077</elapsed_time>
		<query>
			<report>
				<misses>100000</misses>
				<total>1323</total>
				<timestamp>1.019345</timestamp>
			</report>
			<report>
				<misses>200000</misses>
				<total>2150</total>
				<timestamp>2.000146</timestamp>
			</report>
			<report>
				<misses>300000</misses>
				<total>3247</total>
				<timestamp>2.974872</timestamp>
			</report>
			<report>
				<misses>400000</misses>
				<total>4715</total>
				<timestamp>3.936542</timestamp>
			</report>
			<report>
				<misses>500000</misses>
				<total>6110</total>
				<timestamp>4.907908</timestamp>
			</report>
			<report>
				<misses>600000</misses>
				<total>7217</total>
				<timestamp>5.910884</timestamp>
			</report>
			<report>
				<misses>700000</misses>
				<total>7771</total>
				<timestamp>6.880443</timestamp>
			</report>
			<report>
				<misses>800000</misses>
				<total>9142</total>
				<timestamp>7.882104</timestamp>
			</report>
			<report>
				<misses>900000</misses>
				<total>10577</total>
				<timestamp>8.858925</timestamp>
			</report>
			<report>
				<misses>1000000</misses>
				<total>11677</total>
				<timestamp>9.823827</timestamp>
			</report>
			<report>
				<misses>1100000</misses>
				<total>12806</total>
				<timestamp>10.805920</timestamp>
			</report>
			<report>
				<misses>1200000</misses>
				<total>13712</total>
				<timestamp>11.825525</timestamp>
			</report>
			<report>
				<misses>1300000</misses>
				<total>15455</total>
				<timestamp>12.820330</timestamp>
			</report>
			<report>
				<misses>1400000</misses>
				<total>17203</total>
				<timestamp>13.804524</timestamp>
			</report>
			<report>
				<misses>1500000</misses>
				<total>18136</total>
				<timestamp>14.785486</timestamp>
			</report>
			<report>
				<misses>1600000</misses>
				<total>19056</total>
				<timestamp>15.781630</timestamp>
			</report>
			<report>
				<misses>1700000</misses>
				<total>20051</total>
				<timestamp>16.751142</timestamp>
			</report>
			<report>
				<misses>1800000</misses>
				<total>21588</total>
				<timestamp>17.762449</timestamp>
			</report>
			<report>
				<misses>1900000</misses>
				<total>22652</total>
				<timestamp>18.745340</timestamp>
			</report>
			<report>
				<misses>2000000</misses>
				<total>23470</total>
				<timestamp>19.748967</timestamp>
			</report>
			<report>
				<misses>2100000</misses>
				<total>25175</total>
				<timestamp>20.714847</timestamp>
			</report>
			<report>
				<misses>2200000</misses>
				<total>27087</total>
				<timestamp>21.703926</timestamp>
			</report>
			<report>
				<misses>2300000</misses>
				<total>28369</total>
				<timestamp>22.670065</timestamp>
			</report>
			<report>
				<misses>2400000</misses>
				<total>29273</total>
				<timestamp>23.656302</timestamp>
			</report>
			<report>
				<misses>2500000</misses>
				<total>30745</total>
				<timestamp>24.692183</timestamp>
			</report>
			<report>
				<misses>2600000</misses>
				<total>32223</total>
				<timestamp>25.698846</timestamp>
			</report>
			<report>
				<misses>2700000</misses>
				<total>34042</total>
				<timestamp>26.688091</timestamp>
			</report>
			<report>
				<misses>2800000</misses>
				<total>34806</total>
				<timestamp>27.700329</timestamp>
			</report>
			<report>
				<misses>2900000</misses>
				<total>36274</total>
				<timestamp>28.754046</timestamp>
			</report>
			<report>
				<misses>3000000</misses>
				<total>36996</total>
				<timestamp>29.744552</timestamp>
			</report>
			<report>
				<misses>3100000</misses>
				<total>38827</total>
				<timestamp>30.705294</timestamp>
			</report>
			<report>
				<misses>3200000</misses>
				<total>40127</total>
				<timestamp>31.707998</timestamp>
			</report>
			<report>
				<misses>3300000</misses>
				<total>41737</total>
				<timestamp>32.665921</timestamp>
			</report>
			<report>
				<misses>3400000</misses>
				<total>42694</total>
				<timestamp>33.676011</timestamp>
			</report>
			<report>
				<misses>3500000</misses>
				<total>43703</total>
				<timestamp>34.678117</timestamp>
			</report>
			<report>
				<misses>3600000</misses>
				<total>45174</total>
				<timestamp>35.654606</timestamp>
			</report>
			<report>
				<misses>3700000</misses>
				<total>46504</total>
				<timestamp>36.637086</timestamp>
			</report>
			<report>
				<misses>3800000</misses>
				<total>47384</total>
				<timestamp>37.653284</timestamp>
			</report>
			<report>
				<misses>3900000</misses>
				<total>47894</total>
				<timestamp>38.652391</timestamp>
			</report>
			<report>
				<misses>4000000</misses>
				<total>49461</total>
				<timestamp>39.713099</timestamp>
			</report>
			<report>
				<misses>4100000</misses>
				<total>49999</total>
				<timestamp>40.754323</timestamp>
			</report>
			<report>
				<misses>4200000</misses>
				<total>50680</total>
				<timestamp>41.804840</timestamp>
			</report>
			<report>
				<misses>4300000</misses>
				<total>52357</total>
				<timestamp>42.809786</timestamp>
			</report>
			<report>
				<misses>4400000</misses>
				<total>53152</total>
				<timestamp>43.855743</timestamp>
			</report>
			<report>
				<misses>4500000</misses>
				<total>54463</total>
				<timestamp>44.827118</timestamp>
			</report>
			<report>
				<misses>4600000</misses>
				<total>55967</total>
				<timestamp>45.829925</timestamp>
			</report>
			<report>
				<misses>4700000</misses>
				<total>56608</total>
				<timestamp>46.860552</timestamp>
			</report>
			<report>
				<misses>4800000</misses>
				<total>58508</total>
				<timestamp>47.833751</timestamp>
			</report>
			<report>
				<misses>4900000</misses>
				<total>59650</total>
				<timestamp>48.845271</timestamp>
			</report>
			<report>
				<misses>5000000</misses>
				<total>60938</total>
				<timestamp>49.839055</timestamp>
			</report>
		</query>
	</custom>
	<ethtool_statistic>
		<rx_packets>
			<start>2515645381</start>
			<end>2518196590</end>
		</rx_packets>
		<tx_packets>
			<start>2850953928</start>
			<end>2857489450</end>
		</tx_packets>
		<rx_dropped>
			<start>0</start>
			<end>0</end>
		</rx_dropped>
		<tx_dropped>
			<start>0</start>
			<end>0</end>
		</tx_dropped>
		<collisions>
			<start>0</start>
			<end>0</end>
		</collisions>
		<port_tx_errors>
			<start>0</start>
			<end>0</end>
		</port_tx_errors>
		<port_rx_dropped>
			<start>0</start>
			<end>0</end>
		</port_rx_dropped>
		<port_tx_dropped_link_down>
			<start>0</start>
			<end>0</end>
		</port_tx_dropped_link_down>
	</ethtool_statistic>
	<ip_statistic>
		<mtu>
			<start>9000</start>
			<end>9000</end>
		</mtu>
		<rx_bytes>
			<start>22615203066307</start>
			<end>22638119778900</end>
		</rx_bytes>
		<rx_packets>
			<start>2515645474</start>
			<end>2518196669</end>
		</rx_packets>
		<rx_errors>
			<start>0</start>
			<end>0</end>
		</rx_errors>
		<rx_dropped>
			<start>0</start>
			<end>0</end>
		</rx_dropped>
		<rx_missed>
			<start>0</start>
			<end>0</end>
		</rx_missed>
		<rx_mcast>
			<start>405</start>
			<end>419</end>
		</rx_mcast>
		<tx_bytes>
			<start>13756058053885</start>
			<end>13814523957486</end>
		</tx_bytes>
		<tx_packets>
			<start>2850953984</start>
			<end>2857489532</end>
		</tx_packets>
		<tx_errors>
			<start>0</start>
			<end>0</end>
		</tx_errors>
		<tx_dropped>
			<start>0</start>
			<end>0</end>
		</tx_dropped>
		<tx_carrier>
			<start>0</start>
			<end>0</end>
		</tx_carrier>
		<tx_collisions>
			<start>0</start>
			<end>0</end>
		</tx_collisions>
	</ip_statistic>
	<netstat_statistic>
		<udp_pkg_rec>
			<start>2369705085</start>
			<end>2372122972</end>
		</udp_pkg_rec>
		<udp_pkg_snt>
			<start>2851322816</start>
			<end>2857853813</end>
		</udp_pkg_snt>
		<udp_rec_err>
			<start>146199164</start>
			<end>146331587</end>
		</udp_rec_err>
		<udp_rec_buf_err>
			<start>146199164</start>
			<end>146331587</end>
		</udp_rec_buf_err>
		<udp_snt_buf_err>
			<start>0</start>
			<end>0</end>
		</udp_snt_buf_err>
	</netstat_statistic>
</test_results>
