<?xml version="1.0"?>
<test_results>
	<status>STATUS_SUCCESS</status>
	<custom>
		<num_loss>255</num_loss>
		<num_total>2000001</num_total>
		<num_misses>1</num_misses>
		<elapsed_time>479.952451</elapsed_time>
		<query>
			<report>
				<misses>10000</misses>
				<total>1</total>
			</report>
			<report>
				<misses>20000</misses>
				<total>1</total>
			</report>
			<report>
				<misses>30000</misses>
				<total>1</total>
			</report>
			<report>
				<misses>40000</misses>
				<total>2</total>
			</report>
			<report>
				<misses>50000</misses>
				<total>2</total>
			</report>
			<report>
				<misses>60000</misses>
				<total>3</total>
			</report>
			<report>
				<misses>70000</misses>
				<total>4</total>
			</report>
			<report>
				<misses>80000</misses>
				<total>4</total>
			</report>
			<report>
				<misses>90000</misses>
				<total>4</total>
			</report>
			<report>
				<misses>100000</misses>
				<total>4</total>
			</report>
			<report>
				<misses>110000</misses>
				<total>16</total>
			</report>
			<report>
				<misses>120000</misses>
				<total>17</total>
			</report>
			<report>
				<misses>130000</misses>
				<total>18</total>
			</report>
			<report>
				<misses>140000</misses>
				<total>20</total>
			</report>
			<report>
				<misses>150000</misses>
				<total>24</total>
			</report>
			<report>
				<misses>160000</misses>
				<total>27</total>
			</report>
			<report>
				<misses>170000</misses>
				<total>27</total>
			</report>
			<report>
				<misses>180000</misses>
				<total>27</total>
			</report>
			<report>
				<misses>190000</misses>
				<total>35</total>
			</report>
			<report>
				<misses>200000</misses>
				<total>36</total>
			</report>
			<report>
				<misses>210000</misses>
				<total>37</total>
			</report>
			<report>
				<misses>220000</misses>
				<total>37</total>
			</report>
			<report>
				<misses>230000</misses>
				<total>37</total>
			</report>
			<report>
				<misses>240000</misses>
				<total>37</total>
			</report>
			<report>
				<misses>250000</misses>
				<total>41</total>
			</report>
			<report>
				<misses>260000</misses>
				<total>41</total>
			</report>
			<report>
				<misses>270000</misses>
				<total>49</total>
			</report>
			<report>
				<misses>280000</misses>
				<total>49</total>
			</report>
			<report>
				<misses>290000</misses>
				<total>49</total>
			</report>
			<report>
				<misses>300000</misses>
				<total>49</total>
			</report>
			<report>
				<misses>310000</misses>
				<total>52</total>
			</report>
			<report>
				<misses>320000</misses>
				<total>52</total>
			</report>
			<report>
				<misses>330000</misses>
				<total>52</total>
			</report>
			<report>
				<misses>340000</misses>
				<total>52</total>
			</report>
			<report>
				<misses>350000</misses>
				<total>64</total>
			</report>
			<report>
				<misses>360000</misses>
				<total>64</total>
			</report>
			<report>
				<misses>370000</misses>
				<total>64</total>
			</report>
			<report>
				<misses>380000</misses>
				<total>64</total>
			</report>
			<report>
				<misses>390000</misses>
				<total>70</total>
			</report>
			<report>
				<misses>400000</misses>
				<total>73</total>
			</report>
			<report>
				<misses>410000</misses>
				<total>79</total>
			</report>
			<report>
				<misses>420000</misses>
				<total>79</total>
			</report>
			<report>
				<misses>430000</misses>
				<total>80</total>
			</report>
			<report>
				<misses>440000</misses>
				<total>83</total>
			</report>
			<report>
				<misses>450000</misses>
				<total>83</total>
			</report>
			<report>
				<misses>460000</misses>
				<total>83</total>
			</report>
			<report>
				<misses>470000</misses>
				<total>83</total>
			</report>
			<report>
				<misses>480000</misses>
				<total>83</total>
			</report>
			<report>
				<misses>490000</misses>
				<total>83</total>
			</report>
			<report>
				<misses>500000</misses>
				<total>83</total>
			</report>
			<report>
				<misses>510000</misses>
				<total>83</total>
			</report>
			<report>
				<misses>520000</misses>
				<total>83</total>
			</report>
			<report>
				<misses>530000</misses>
				<total>88</total>
			</report>
			<report>
				<misses>540000</misses>
				<total>88</total>
			</report>
			<report>
				<misses>550000</misses>
				<total>88</total>
			</report>
			<report>
				<misses>560000</misses>
				<total>88</total>
			</report>
			<report>
				<misses>570000</misses>
				<total>89</total>
			</report>
			<report>
				<misses>580000</misses>
				<total>89</total>
			</report>
			<report>
				<misses>590000</misses>
				<total>89</total>
			</report>
			<report>
				<misses>600000</misses>
				<total>97</total>
			</report>
			<report>
				<misses>610000</misses>
				<total>97</total>
			</report>
			<report>
				<misses>620000</misses>
				<total>97</total>
			</report>
			<report>
				<misses>630000</misses>
				<total>98</total>
			</report>
			<report>
				<misses>640000</misses>
				<total>99</total>
			</report>
			<report>
				<misses>650000</misses>
				<total>99</total>
			</report>
			<report>
				<misses>660000</misses>
				<total>100</total>
			</report>
			<report>
				<misses>670000</misses>
				<total>101</total>
			</report>
			<report>
				<misses>680000</misses>
				<total>103</total>
			</report>
			<report>
				<misses>690000</misses>
				<total>103</total>
			</report>
			<report>
				<misses>700000</misses>
				<total>104</total>
			</report>
			<report>
				<misses>710000</misses>
				<total>104</total>
			</report>
			<report>
				<misses>720000</misses>
				<total>104</total>
			</report>
			<report>
				<misses>730000</misses>
				<total>104</total>
			</report>
			<report>
				<misses>740000</misses>
				<total>104</total>
			</report>
			<report>
				<misses>750000</misses>
				<total>108</total>
			</report>
			<report>
				<misses>760000</misses>
				<total>108</total>
			</report>
			<report>
				<misses>770000</misses>
				<total>108</total>
			</report>
			<report>
				<misses>780000</misses>
				<total>108</total>
			</report>
			<report>
				<misses>790000</misses>
				<total>109</total>
			</report>
			<report>
				<misses>800000</misses>
				<total>109</total>
			</report>
			<report>
				<misses>810000</misses>
				<total>124</total>
			</report>
			<report>
				<misses>820000</misses>
				<total>130</total>
			</report>
			<report>
				<misses>830000</misses>
				<total>130</total>
			</report>
			<report>
				<misses>840000</misses>
				<total>130</total>
			</report>
			<report>
				<misses>850000</misses>
				<total>133</total>
			</report>
			<report>
				<misses>860000</misses>
				<total>133</total>
			</report>
			<report>
				<misses>870000</misses>
				<total>135</total>
			</report>
			<report>
				<misses>880000</misses>
				<total>135</total>
			</report>
			<report>
				<misses>890000</misses>
				<total>135</total>
			</report>
			<report>
				<misses>900000</misses>
				<total>138</total>
			</report>
			<report>
				<misses>910000</misses>
				<total>138</total>
			</report>
			<report>
				<misses>920000</misses>
				<total>138</total>
			</report>
			<report>
				<misses>930000</misses>
				<total>139</total>
			</report>
			<report>
				<misses>940000</misses>
				<total>139</total>
			</report>
			<report>
				<misses>950000</misses>
				<total>139</total>
			</report>
			<report>
				<misses>960000</misses>
				<total>138</total>
			</report>
			<report>
				<misses>970000</misses>
				<total>141</total>
			</report>
			<report>
				<misses>980000</misses>
				<total>141</total>
			</report>
			<report>
				<misses>990000</misses>
				<total>143</total>
			</report>
			<report>
				<misses>1000000</misses>
				<total>143</total>
			</report>
			<report>
				<misses>1010000</misses>
				<total>143</total>
			</report>
			<report>
				<misses>1020000</misses>
				<total>144</total>
			</report>
			<report>
				<misses>1030000</misses>
				<total>147</total>
			</report>
			<report>
				<misses>1040000</misses>
				<total>147</total>
			</report>
			<report>
				<misses>1050000</misses>
				<total>147</total>
			</report>
			<report>
				<misses>1060000</misses>
				<total>147</total>
			</report>
			<report>
				<misses>1070000</misses>
				<total>147</total>
			</report>
			<report>
				<misses>1080000</misses>
				<total>147</total>
			</report>
			<report>
				<misses>1090000</misses>
				<total>147</total>
			</report>
			<report>
				<misses>1100000</misses>
				<total>148</total>
			</report>
			<report>
				<misses>1110000</misses>
				<total>149</total>
			</report>
			<report>
				<misses>1120000</misses>
				<total>149</total>
			</report>
			<report>
				<misses>1130000</misses>
				<total>149</total>
			</report>
			<report>
				<misses>1140000</misses>
				<total>153</total>
			</report>
			<report>
				<misses>1150000</misses>
				<total>153</total>
			</report>
			<report>
				<misses>1160000</misses>
				<total>154</total>
			</report>
			<report>
				<misses>1170000</misses>
				<total>161</total>
			</report>
			<report>
				<misses>1180000</misses>
				<total>161</total>
			</report>
			<report>
				<misses>1190000</misses>
				<total>161</total>
			</report>
			<report>
				<misses>1200000</misses>
				<total>161</total>
			</report>
			<report>
				<misses>1210000</misses>
				<total>161</total>
			</report>
			<report>
				<misses>1220000</misses>
				<total>161</total>
			</report>
			<report>
				<misses>1230000</misses>
				<total>161</total>
			</report>
			<report>
				<misses>1240000</misses>
				<total>164</total>
			</report>
			<report>
				<misses>1250000</misses>
				<total>164</total>
			</report>
			<report>
				<misses>1260000</misses>
				<total>175</total>
			</report>
			<report>
				<misses>1270000</misses>
				<total>175</total>
			</report>
			<report>
				<misses>1280000</misses>
				<total>176</total>
			</report>
			<report>
				<misses>1290000</misses>
				<total>176</total>
			</report>
			<report>
				<misses>1300000</misses>
				<total>176</total>
			</report>
			<report>
				<misses>1310000</misses>
				<total>176</total>
			</report>
			<report>
				<misses>1320000</misses>
				<total>175</total>
			</report>
			<report>
				<misses>1330000</misses>
				<total>175</total>
			</report>
			<report>
				<misses>1340000</misses>
				<total>176</total>
			</report>
			<report>
				<misses>1350000</misses>
				<total>177</total>
			</report>
			<report>
				<misses>1360000</misses>
				<total>177</total>
			</report>
			<report>
				<misses>1370000</misses>
				<total>177</total>
			</report>
			<report>
				<misses>1380000</misses>
				<total>177</total>
			</report>
			<report>
				<misses>1390000</misses>
				<total>178</total>
			</report>
			<report>
				<misses>1400000</misses>
				<total>178</total>
			</report>
			<report>
				<misses>1410000</misses>
				<total>188</total>
			</report>
			<report>
				<misses>1420000</misses>
				<total>188</total>
			</report>
			<report>
				<misses>1430000</misses>
				<total>188</total>
			</report>
			<report>
				<misses>1440000</misses>
				<total>188</total>
			</report>
			<report>
				<misses>1450000</misses>
				<total>188</total>
			</report>
			<report>
				<misses>1460000</misses>
				<total>188</total>
			</report>
			<report>
				<misses>1470000</misses>
				<total>192</total>
			</report>
			<report>
				<misses>1480000</misses>
				<total>193</total>
			</report>
			<report>
				<misses>1490000</misses>
				<total>193</total>
			</report>
			<report>
				<misses>1500000</misses>
				<total>194</total>
			</report>
			<report>
				<misses>1510000</misses>
				<total>194</total>
			</report>
			<report>
				<misses>1520000</misses>
				<total>196</total>
			</report>
			<report>
				<misses>1530000</misses>
				<total>197</total>
			</report>
			<report>
				<misses>1540000</misses>
				<total>197</total>
			</report>
			<report>
				<misses>1550000</misses>
				<total>197</total>
			</report>
			<report>
				<misses>1560000</misses>
				<total>198</total>
			</report>
			<report>
				<misses>1570000</misses>
				<total>197</total>
			</report>
			<report>
				<misses>1580000</misses>
				<total>199</total>
			</report>
			<report>
				<misses>1590000</misses>
				<total>199</total>
			</report>
			<report>
				<misses>1600000</misses>
				<total>199</total>
			</report>
			<report>
				<misses>1610000</misses>
				<total>206</total>
			</report>
			<report>
				<misses>1620000</misses>
				<total>206</total>
			</report>
			<report>
				<misses>1630000</misses>
				<total>212</total>
			</report>
			<report>
				<misses>1640000</misses>
				<total>220</total>
			</report>
			<report>
				<misses>1650000</misses>
				<total>220</total>
			</report>
			<report>
				<misses>1660000</misses>
				<total>222</total>
			</report>
			<report>
				<misses>1670000</misses>
				<total>222</total>
			</report>
			<report>
				<misses>1680000</misses>
				<total>223</total>
			</report>
			<report>
				<misses>1690000</misses>
				<total>233</total>
			</report>
			<report>
				<misses>1700000</misses>
				<total>232</total>
			</report>
			<report>
				<misses>1710000</misses>
				<total>233</total>
			</report>
			<report>
				<misses>1720000</misses>
				<total>233</total>
			</report>
			<report>
				<misses>1730000</misses>
				<total>233</total>
			</report>
			<report>
				<misses>1740000</misses>
				<total>234</total>
			</report>
			<report>
				<misses>1750000</misses>
				<total>234</total>
			</report>
			<report>
				<misses>1760000</misses>
				<total>234</total>
			</report>
			<report>
				<misses>1770000</misses>
				<total>234</total>
			</report>
			<report>
				<misses>1780000</misses>
				<total>234</total>
			</report>
			<report>
				<misses>1790000</misses>
				<total>234</total>
			</report>
			<report>
				<misses>1800000</misses>
				<total>238</total>
			</report>
			<report>
				<misses>1810000</misses>
				<total>238</total>
			</report>
			<report>
				<misses>1820000</misses>
				<total>238</total>
			</report>
			<report>
				<misses>1830000</misses>
				<total>238</total>
			</report>
			<report>
				<misses>1840000</misses>
				<total>238</total>
			</report>
			<report>
				<misses>1850000</misses>
				<total>238</total>
			</report>
			<report>
				<misses>1860000</misses>
				<total>238</total>
			</report>
			<report>
				<misses>1870000</misses>
				<total>238</total>
			</report>
			<report>
				<misses>1880000</misses>
				<total>245</total>
			</report>
			<report>
				<misses>1890000</misses>
				<total>245</total>
			</report>
			<report>
				<misses>1900000</misses>
				<total>246</total>
			</report>
			<report>
				<misses>1910000</misses>
				<total>246</total>
			</report>
			<report>
				<misses>1920000</misses>
				<total>249</total>
			</report>
			<report>
				<misses>1930000</misses>
				<total>249</total>
			</report>
			<report>
				<misses>1940000</misses>
				<total>249</total>
			</report>
			<report>
				<misses>1950000</misses>
				<total>249</total>
			</report>
			<report>
				<misses>1960000</misses>
				<total>255</total>
			</report>
			<report>
				<misses>1970000</misses>
				<total>255</total>
			</report>
			<report>
				<misses>1980000</misses>
				<total>255</total>
			</report>
			<report>
				<misses>1990000</misses>
				<total>255</total>
			</report>
			<report>
				<misses>2000000</misses>
				<total>256</total>
			</report>
		</query>
	</custom>
	<ethtool_statistic>
		<rx_packets>
			<start>17405114948</start>
			<end>17427691503</end>
		</rx_packets>
		<tx_packets>
			<start>20538386738</start>
			<end>20567932101</end>
		</tx_packets>
		<rx_dropped>
			<start>267</start>
			<end>267</end>
		</rx_dropped>
		<tx_dropped>
			<start>0</start>
			<end>0</end>
		</tx_dropped>
		<collisions>
			<start>0</start>
			<end>0</end>
		</collisions>
		<port_tx_errors>
			<start>0</start>
			<end>0</end>
		</port_tx_errors>
		<port_rx_dropped>
			<start>0</start>
			<end>0</end>
		</port_rx_dropped>
		<port_tx_dropped_link_down>
			<start>0</start>
			<end>0</end>
		</port_tx_dropped_link_down>
	</ethtool_statistic>
	<ip_statistic>
		<mtu>
			<start>9000</start>
			<end>9000</end>
		</mtu>
		<rx_bytes>
			<start>156458788007034</start>
			<end>156661747171232</end>
		</rx_bytes>
		<rx_packets>
			<start>17405115048</start>
			<end>17427691585</end>
		</rx_packets>
		<rx_errors>
			<start>0</start>
			<end>0</end>
		</rx_errors>
		<rx_dropped>
			<start>273</start>
			<end>273</end>
		</rx_dropped>
		<rx_missed>
			<start>0</start>
			<end>0</end>
		</rx_missed>
		<rx_mcast>
			<start>12472</start>
			<end>12476</end>
		</rx_mcast>
		<tx_bytes>
			<start>140557072606679</start>
			<end>140809403273035</end>
		</tx_bytes>
		<tx_packets>
			<start>20538386781</start>
			<end>20567932143</end>
		</tx_packets>
		<tx_errors>
			<start>0</start>
			<end>0</end>
		</tx_errors>
		<tx_dropped>
			<start>0</start>
			<end>0</end>
		</tx_dropped>
		<tx_carrier>
			<start>0</start>
			<end>0</end>
		</tx_carrier>
		<tx_collisions>
			<start>0</start>
			<end>0</end>
		</tx_collisions>
	</ip_statistic>
	<netstat_statistic>
		<udp_pkg_rec>
			<start>17112818277</start>
			<end>17134755440</end>
		</udp_pkg_rec>
		<udp_pkg_snt>
			<start>17012645413</start>
			<end>17028193220</end>
		</udp_pkg_snt>
		<udp_rec_err>
			<start>294290643</start>
			<end>294929795</end>
		</udp_rec_err>
		<udp_rec_buf_err>
			<start>294290643</start>
			<end>294929795</end>
		</udp_rec_buf_err>
		<udp_snt_buf_err>
			<start>28</start>
			<end>28</end>
		</udp_snt_buf_err>
	</netstat_statistic>
</test_results>
