<?xml version="1.0"?>
<test_results>
	<status>STATUS_SUCCESS</status>
	<custom>
		<num_loss>67</num_loss>
		<num_total>2000001</num_total>
		<num_misses>9728851</num_misses>
		<elapsed_time>29.322456</elapsed_time>
	</custom>
	<ethtool_statistic>
		<rx_packets>
			<start>13408663076</start>
			<end>13410054481</end>
		</rx_packets>
		<tx_packets>
			<start>17525247441</start>
			<end>17528252502</end>
		</tx_packets>
		<rx_dropped>
			<start>0</start>
			<end>0</end>
		</rx_dropped>
		<tx_dropped>
			<start>0</start>
			<end>0</end>
		</tx_dropped>
		<collisions>
			<start>0</start>
			<end>0</end>
		</collisions>
		<port_tx_errors>
			<start>-1</start>
			<end>-1</end>
		</port_tx_errors>
		<port_rx_dropped>
			<start>-1</start>
			<end>-1</end>
		</port_rx_dropped>
		<port_tx_dropped_link_down>
			<start>-1</start>
			<end>-1</end>
		</port_tx_dropped_link_down>
	</ethtool_statistic>
	<ip_statistic>
		<mtu>
			<start>9000</start>
			<end>9000</end>
		</mtu>
		<rx_bytes>
			<start>120498514889027</start>
			<end>120511023073489</end>
		</rx_bytes>
		<rx_packets>
			<start>13408663206</start>
			<end>13410054567</end>
		</rx_packets>
		<rx_errors>
			<start>0</start>
			<end>0</end>
		</rx_errors>
		<rx_dropped>
			<start>0</start>
			<end>0</end>
		</rx_dropped>
		<rx_missed>
			<start>1619</start>
			<end>1619</end>
		</rx_missed>
		<rx_mcast>
			<start>9101</start>
			<end>9101</end>
		</rx_mcast>
		<tx_bytes>
			<start>141274071303829</start>
			<end>141300991001463</end>
		</tx_bytes>
		<tx_packets>
			<start>17525247545</start>
			<end>17528252642</end>
		</tx_packets>
		<tx_errors>
			<start>0</start>
			<end>0</end>
		</tx_errors>
		<tx_dropped>
			<start>0</start>
			<end>0</end>
		</tx_dropped>
		<tx_carrier>
			<start>0</start>
			<end>0</end>
		</tx_carrier>
		<tx_collisions>
			<start>0</start>
			<end>0</end>
		</tx_collisions>
	</ip_statistic>
</test_results>
