<?xml version="1.0"?>
<test_results>
	<status>STATUS_SUCCESS</status>
	<custom>
		<num_loss>0</num_loss>
		<num_total>7343996</num_total>
		<num_misses>12650240</num_misses>
	</custom>
	<ethtool_statistic>
		<rx_packets>
			<start>606026451</start>
			<end>698913924</end>
		</rx_packets>
		<tx_packets>
			<start>8169893769</start>
			<end>8221301767</end>
		</tx_packets>
		<rx_dropped>
			<start>0</start>
			<end>0</end>
		</rx_dropped>
		<tx_dropped>
			<start>0</start>
			<end>0</end>
		</tx_dropped>
		<collisions>
			<start>0</start>
			<end>0</end>
		</collisions>
		<port_tx_errors>
			<start>-1</start>
			<end>-1</end>
		</port_tx_errors>
		<port_rx_dropped>
			<start>-1</start>
			<end>-1</end>
		</port_rx_dropped>
		<port_tx_dropped_link_down>
			<start>-1</start>
			<end>-1</end>
		</port_tx_dropped_link_down>
	</ethtool_statistic>
	<ip_statistic>
		<mtu>
			<start>1500</start>
			<end>1500</end>
		</mtu>
		<rx_bytes>
			<start>791775354454</start>
			<end>913138137214</end>
		</rx_bytes>
		<rx_packets>
			<start>606028282</start>
			<end>698915803</end>
		</rx_packets>
		<rx_errors>
			<start>0</start>
			<end>0</end>
		</rx_errors>
		<rx_dropped>
			<start>0</start>
			<end>0</end>
		</rx_dropped>
		<rx_missed>
			<start>41363</start>
			<end>49477</end>
		</rx_missed>
		<rx_mcast>
			<start>4728</start>
			<end>4736</end>
		</rx_mcast>
		<tx_bytes>
			<start>10701261130144</start>
			<end>10768429328668</end>
		</tx_bytes>
		<tx_packets>
			<start>8169893769</start>
			<end>8221301767</end>
		</tx_packets>
		<tx_errors>
			<start>0</start>
			<end>0</end>
		</tx_errors>
		<tx_dropped>
			<start>0</start>
			<end>0</end>
		</tx_dropped>
		<tx_carrier>
			<start>0</start>
			<end>0</end>
		</tx_carrier>
		<tx_collisions>
			<start>0</start>
			<end>0</end>
		</tx_collisions>
	</ip_statistic>
</test_results>
