<?xml version="1.0"?>
<test_results>
	<status>STATUS_SUCCESS</status>
	<custom>
		<num_loss>63</num_loss>
		<num_total>7000001</num_total>
		<num_misses>21</num_misses>
		<elapsed_time>1050.002397</elapsed_time>
	</custom>
	<ethtool_statistic>
		<rx_packets>
			<start>14028384457</start>
			<end>14071122707</end>
		</rx_packets>
		<tx_packets>
			<start>18615166118</start>
			<end>18700643020</end>
		</tx_packets>
		<rx_dropped>
			<start>0</start>
			<end>0</end>
		</rx_dropped>
		<tx_dropped>
			<start>0</start>
			<end>0</end>
		</tx_dropped>
		<collisions>
			<start>0</start>
			<end>0</end>
		</collisions>
		<port_tx_errors>
			<start>-1</start>
			<end>-1</end>
		</port_tx_errors>
		<port_rx_dropped>
			<start>-1</start>
			<end>-1</end>
		</port_rx_dropped>
		<port_tx_dropped_link_down>
			<start>-1</start>
			<end>-1</end>
		</port_tx_dropped_link_down>
	</ethtool_statistic>
	<ip_statistic>
		<mtu>
			<start>9000</start>
			<end>9000</end>
		</mtu>
		<rx_bytes>
			<start>126069755803244</start>
			<end>126453968165982</end>
		</rx_bytes>
		<rx_packets>
			<start>14028384641</start>
			<end>14071122815</end>
		</rx_packets>
		<rx_errors>
			<start>0</start>
			<end>0</end>
		</rx_errors>
		<rx_dropped>
			<start>0</start>
			<end>0</end>
		</rx_dropped>
		<rx_missed>
			<start>1757</start>
			<end>1757</end>
		</rx_missed>
		<rx_mcast>
			<start>9372</start>
			<end>9389</end>
		</rx_mcast>
		<tx_bytes>
			<start>150721858923030</start>
			<end>151443812793638</end>
		</tx_bytes>
		<tx_packets>
			<start>18615166178</start>
			<end>18700643024</end>
		</tx_packets>
		<tx_errors>
			<start>0</start>
			<end>0</end>
		</tx_errors>
		<tx_dropped>
			<start>0</start>
			<end>0</end>
		</tx_dropped>
		<tx_carrier>
			<start>0</start>
			<end>0</end>
		</tx_carrier>
		<tx_collisions>
			<start>0</start>
			<end>0</end>
		</tx_collisions>
	</ip_statistic>
</test_results>
