<?xml version="1.0"?>
<test_results>
	<status>STATUS_SUCCESS</status>
	<custom>
		<num_loss>633</num_loss>
		<num_total>30355000</num_total>
		<num_misses>89628778</num_misses>
		<elapsed_time>299.958690</elapsed_time>
		<query>
			<report>
				<misses>100001</misses>
				<total>0</total>
				<timestamp>0.870438</timestamp>
			</report>
			<report>
				<misses>200001</misses>
				<total>0</total>
				<timestamp>1.733918</timestamp>
			</report>
			<report>
				<misses>300001</misses>
				<total>0</total>
				<timestamp>2.585778</timestamp>
			</report>
			<report>
				<misses>400001</misses>
				<total>0</total>
				<timestamp>3.464953</timestamp>
			</report>
			<report>
				<misses>500001</misses>
				<total>0</total>
				<timestamp>4.378429</timestamp>
			</report>
			<report>
				<misses>600001</misses>
				<total>0</total>
				<timestamp>5.298100</timestamp>
			</report>
			<report>
				<misses>700001</misses>
				<total>0</total>
				<timestamp>6.245383</timestamp>
			</report>
			<report>
				<misses>800001</misses>
				<total>0</total>
				<timestamp>7.223049</timestamp>
			</report>
			<report>
				<misses>900001</misses>
				<total>0</total>
				<timestamp>8.178019</timestamp>
			</report>
			<report>
				<misses>1000001</misses>
				<total>0</total>
				<timestamp>9.135029</timestamp>
			</report>
			<report>
				<misses>1100001</misses>
				<total>0</total>
				<timestamp>10.130848</timestamp>
			</report>
			<report>
				<misses>1200001</misses>
				<total>0</total>
				<timestamp>11.137404</timestamp>
			</report>
			<report>
				<misses>1300001</misses>
				<total>0</total>
				<timestamp>12.122167</timestamp>
			</report>
			<report>
				<misses>1400001</misses>
				<total>0</total>
				<timestamp>13.102502</timestamp>
			</report>
			<report>
				<misses>1500001</misses>
				<total>0</total>
				<timestamp>14.075612</timestamp>
			</report>
			<report>
				<misses>1600001</misses>
				<total>0</total>
				<timestamp>15.048985</timestamp>
			</report>
			<report>
				<misses>1700001</misses>
				<total>0</total>
				<timestamp>16.062095</timestamp>
			</report>
			<report>
				<misses>1800001</misses>
				<total>0</total>
				<timestamp>17.114479</timestamp>
			</report>
			<report>
				<misses>1900001</misses>
				<total>0</total>
				<timestamp>18.162526</timestamp>
			</report>
			<report>
				<misses>2000001</misses>
				<total>0</total>
				<timestamp>19.196778</timestamp>
			</report>
			<report>
				<misses>2100001</misses>
				<total>0</total>
				<timestamp>20.246970</timestamp>
			</report>
			<report>
				<misses>2200001</misses>
				<total>0</total>
				<timestamp>21.261149</timestamp>
			</report>
			<report>
				<misses>2300001</misses>
				<total>160</total>
				<timestamp>22.240960</timestamp>
			</report>
			<report>
				<misses>2400001</misses>
				<total>160</total>
				<timestamp>23.204875</timestamp>
			</report>
			<report>
				<misses>2500001</misses>
				<total>160</total>
				<timestamp>24.160168</timestamp>
			</report>
			<report>
				<misses>2600001</misses>
				<total>160</total>
				<timestamp>25.123280</timestamp>
			</report>
			<report>
				<misses>2700001</misses>
				<total>160</total>
				<timestamp>26.109873</timestamp>
			</report>
			<report>
				<misses>2800001</misses>
				<total>160</total>
				<timestamp>27.082707</timestamp>
			</report>
			<report>
				<misses>2900001</misses>
				<total>160</total>
				<timestamp>28.039532</timestamp>
			</report>
			<report>
				<misses>3000001</misses>
				<total>160</total>
				<timestamp>29.013448</timestamp>
			</report>
			<report>
				<misses>3100001</misses>
				<total>160</total>
				<timestamp>29.979106</timestamp>
			</report>
			<report>
				<misses>3200001</misses>
				<total>160</total>
				<timestamp>30.944751</timestamp>
			</report>
			<report>
				<misses>3300001</misses>
				<total>160</total>
				<timestamp>31.914098</timestamp>
			</report>
			<report>
				<misses>3400001</misses>
				<total>160</total>
				<timestamp>32.880574</timestamp>
			</report>
			<report>
				<misses>3500001</misses>
				<total>160</total>
				<timestamp>33.859190</timestamp>
			</report>
			<report>
				<misses>3600001</misses>
				<total>160</total>
				<timestamp>34.850862</timestamp>
			</report>
			<report>
				<misses>3700001</misses>
				<total>160</total>
				<timestamp>35.826380</timestamp>
			</report>
			<report>
				<misses>3800001</misses>
				<total>160</total>
				<timestamp>36.828671</timestamp>
			</report>
			<report>
				<misses>3900001</misses>
				<total>160</total>
				<timestamp>37.816372</timestamp>
			</report>
			<report>
				<misses>4000001</misses>
				<total>160</total>
				<timestamp>38.793543</timestamp>
			</report>
			<report>
				<misses>4100001</misses>
				<total>160</total>
				<timestamp>39.780955</timestamp>
			</report>
			<report>
				<misses>4200001</misses>
				<total>160</total>
				<timestamp>40.767615</timestamp>
			</report>
			<report>
				<misses>4300001</misses>
				<total>160</total>
				<timestamp>41.736495</timestamp>
			</report>
			<report>
				<misses>4400001</misses>
				<total>160</total>
				<timestamp>42.709969</timestamp>
			</report>
			<report>
				<misses>4500001</misses>
				<total>160</total>
				<timestamp>43.690469</timestamp>
			</report>
			<report>
				<misses>4600001</misses>
				<total>160</total>
				<timestamp>44.681358</timestamp>
			</report>
			<report>
				<misses>4700001</misses>
				<total>160</total>
				<timestamp>45.661147</timestamp>
			</report>
			<report>
				<misses>4800001</misses>
				<total>160</total>
				<timestamp>46.643102</timestamp>
			</report>
			<report>
				<misses>4900001</misses>
				<total>160</total>
				<timestamp>47.630908</timestamp>
			</report>
			<report>
				<misses>5000001</misses>
				<total>160</total>
				<timestamp>48.614061</timestamp>
			</report>
			<report>
				<misses>5100001</misses>
				<total>160</total>
				<timestamp>49.589511</timestamp>
			</report>
			<report>
				<misses>5200001</misses>
				<total>160</total>
				<timestamp>50.575385</timestamp>
			</report>
			<report>
				<misses>5300001</misses>
				<total>160</total>
				<timestamp>51.537699</timestamp>
			</report>
			<report>
				<misses>5400001</misses>
				<total>160</total>
				<timestamp>52.519514</timestamp>
			</report>
			<report>
				<misses>5500001</misses>
				<total>160</total>
				<timestamp>53.494445</timestamp>
			</report>
			<report>
				<misses>5600001</misses>
				<total>160</total>
				<timestamp>54.506131</timestamp>
			</report>
			<report>
				<misses>5700001</misses>
				<total>160</total>
				<timestamp>55.499256</timestamp>
			</report>
			<report>
				<misses>5800001</misses>
				<total>160</total>
				<timestamp>56.477810</timestamp>
			</report>
			<report>
				<misses>5900001</misses>
				<total>160</total>
				<timestamp>57.482769</timestamp>
			</report>
			<report>
				<misses>6000001</misses>
				<total>160</total>
				<timestamp>58.477154</timestamp>
			</report>
			<report>
				<misses>6100001</misses>
				<total>160</total>
				<timestamp>59.471148</timestamp>
			</report>
			<report>
				<misses>6200001</misses>
				<total>160</total>
				<timestamp>60.457638</timestamp>
			</report>
			<report>
				<misses>6300001</misses>
				<total>160</total>
				<timestamp>61.434089</timestamp>
			</report>
			<report>
				<misses>6400001</misses>
				<total>160</total>
				<timestamp>62.415825</timestamp>
			</report>
			<report>
				<misses>6500001</misses>
				<total>160</total>
				<timestamp>63.380782</timestamp>
			</report>
			<report>
				<misses>6600001</misses>
				<total>160</total>
				<timestamp>64.348401</timestamp>
			</report>
			<report>
				<misses>6700001</misses>
				<total>160</total>
				<timestamp>65.331273</timestamp>
			</report>
			<report>
				<misses>6800001</misses>
				<total>160</total>
				<timestamp>66.317112</timestamp>
			</report>
			<report>
				<misses>6900001</misses>
				<total>160</total>
				<timestamp>67.317184</timestamp>
			</report>
			<report>
				<misses>7000001</misses>
				<total>160</total>
				<timestamp>68.312457</timestamp>
			</report>
			<report>
				<misses>7100001</misses>
				<total>160</total>
				<timestamp>69.301569</timestamp>
			</report>
			<report>
				<misses>7200001</misses>
				<total>160</total>
				<timestamp>70.311668</timestamp>
			</report>
			<report>
				<misses>7300001</misses>
				<total>160</total>
				<timestamp>71.299223</timestamp>
			</report>
			<report>
				<misses>7400001</misses>
				<total>160</total>
				<timestamp>72.289703</timestamp>
			</report>
			<report>
				<misses>7500001</misses>
				<total>160</total>
				<timestamp>73.290161</timestamp>
			</report>
			<report>
				<misses>7600001</misses>
				<total>160</total>
				<timestamp>74.276256</timestamp>
			</report>
			<report>
				<misses>7700001</misses>
				<total>160</total>
				<timestamp>75.261604</timestamp>
			</report>
			<report>
				<misses>7800001</misses>
				<total>160</total>
				<timestamp>76.260987</timestamp>
			</report>
			<report>
				<misses>7900001</misses>
				<total>160</total>
				<timestamp>77.253480</timestamp>
			</report>
			<report>
				<misses>8000001</misses>
				<total>160</total>
				<timestamp>78.224952</timestamp>
			</report>
			<report>
				<misses>8100001</misses>
				<total>160</total>
				<timestamp>79.205219</timestamp>
			</report>
			<report>
				<misses>8200001</misses>
				<total>160</total>
				<timestamp>80.184584</timestamp>
			</report>
			<report>
				<misses>8300001</misses>
				<total>160</total>
				<timestamp>81.170000</timestamp>
			</report>
			<report>
				<misses>8400001</misses>
				<total>258</total>
				<timestamp>82.154557</timestamp>
			</report>
			<report>
				<misses>8500001</misses>
				<total>258</total>
				<timestamp>83.145389</timestamp>
			</report>
			<report>
				<misses>8600001</misses>
				<total>258</total>
				<timestamp>84.130144</timestamp>
			</report>
			<report>
				<misses>8700001</misses>
				<total>258</total>
				<timestamp>85.128410</timestamp>
			</report>
			<report>
				<misses>8800001</misses>
				<total>258</total>
				<timestamp>86.120053</timestamp>
			</report>
			<report>
				<misses>8900001</misses>
				<total>258</total>
				<timestamp>87.094050</timestamp>
			</report>
			<report>
				<misses>9000001</misses>
				<total>258</total>
				<timestamp>88.074837</timestamp>
			</report>
			<report>
				<misses>9100001</misses>
				<total>258</total>
				<timestamp>89.057765</timestamp>
			</report>
			<report>
				<misses>9200001</misses>
				<total>258</total>
				<timestamp>90.055771</timestamp>
			</report>
			<report>
				<misses>9300001</misses>
				<total>258</total>
				<timestamp>91.058529</timestamp>
			</report>
			<report>
				<misses>9400001</misses>
				<total>258</total>
				<timestamp>92.039685</timestamp>
			</report>
			<report>
				<misses>9500001</misses>
				<total>258</total>
				<timestamp>93.028467</timestamp>
			</report>
			<report>
				<misses>9600001</misses>
				<total>258</total>
				<timestamp>94.021753</timestamp>
			</report>
			<report>
				<misses>9700001</misses>
				<total>258</total>
				<timestamp>95.006245</timestamp>
			</report>
			<report>
				<misses>9800001</misses>
				<total>258</total>
				<timestamp>95.981355</timestamp>
			</report>
			<report>
				<misses>9900001</misses>
				<total>258</total>
				<timestamp>96.979747</timestamp>
			</report>
			<report>
				<misses>10000001</misses>
				<total>258</total>
				<timestamp>97.974241</timestamp>
			</report>
			<report>
				<misses>10100001</misses>
				<total>258</total>
				<timestamp>98.980299</timestamp>
			</report>
			<report>
				<misses>10200001</misses>
				<total>258</total>
				<timestamp>99.969910</timestamp>
			</report>
			<report>
				<misses>10300001</misses>
				<total>258</total>
				<timestamp>100.959032</timestamp>
			</report>
			<report>
				<misses>10400001</misses>
				<total>258</total>
				<timestamp>101.928673</timestamp>
			</report>
			<report>
				<misses>10500001</misses>
				<total>258</total>
				<timestamp>102.923085</timestamp>
			</report>
			<report>
				<misses>10600001</misses>
				<total>258</total>
				<timestamp>103.923987</timestamp>
			</report>
			<report>
				<misses>10700001</misses>
				<total>258</total>
				<timestamp>104.907198</timestamp>
			</report>
			<report>
				<misses>10800001</misses>
				<total>258</total>
				<timestamp>105.898021</timestamp>
			</report>
			<report>
				<misses>10900001</misses>
				<total>258</total>
				<timestamp>106.896859</timestamp>
			</report>
			<report>
				<misses>11000001</misses>
				<total>258</total>
				<timestamp>107.874174</timestamp>
			</report>
			<report>
				<misses>11100001</misses>
				<total>258</total>
				<timestamp>108.866105</timestamp>
			</report>
			<report>
				<misses>11200001</misses>
				<total>258</total>
				<timestamp>109.856983</timestamp>
			</report>
			<report>
				<misses>11300001</misses>
				<total>258</total>
				<timestamp>110.853078</timestamp>
			</report>
			<report>
				<misses>11400001</misses>
				<total>258</total>
				<timestamp>111.844848</timestamp>
			</report>
			<report>
				<misses>11500001</misses>
				<total>258</total>
				<timestamp>112.844151</timestamp>
			</report>
			<report>
				<misses>11600001</misses>
				<total>258</total>
				<timestamp>113.842737</timestamp>
			</report>
			<report>
				<misses>11700001</misses>
				<total>258</total>
				<timestamp>114.825808</timestamp>
			</report>
			<report>
				<misses>11800001</misses>
				<total>258</total>
				<timestamp>115.827364</timestamp>
			</report>
			<report>
				<misses>11900001</misses>
				<total>258</total>
				<timestamp>116.828511</timestamp>
			</report>
			<report>
				<misses>12000001</misses>
				<total>258</total>
				<timestamp>117.827000</timestamp>
			</report>
			<report>
				<misses>12100001</misses>
				<total>258</total>
				<timestamp>118.811670</timestamp>
			</report>
			<report>
				<misses>12200001</misses>
				<total>258</total>
				<timestamp>119.809899</timestamp>
			</report>
			<report>
				<misses>12300001</misses>
				<total>258</total>
				<timestamp>120.777380</timestamp>
			</report>
			<report>
				<misses>12400001</misses>
				<total>258</total>
				<timestamp>121.763011</timestamp>
			</report>
			<report>
				<misses>12500001</misses>
				<total>258</total>
				<timestamp>122.758901</timestamp>
			</report>
			<report>
				<misses>12600001</misses>
				<total>258</total>
				<timestamp>123.755000</timestamp>
			</report>
			<report>
				<misses>12700001</misses>
				<total>258</total>
				<timestamp>124.752122</timestamp>
			</report>
			<report>
				<misses>12800001</misses>
				<total>258</total>
				<timestamp>125.743613</timestamp>
			</report>
			<report>
				<misses>12900001</misses>
				<total>258</total>
				<timestamp>126.729963</timestamp>
			</report>
			<report>
				<misses>13000001</misses>
				<total>258</total>
				<timestamp>127.714474</timestamp>
			</report>
			<report>
				<misses>13100001</misses>
				<total>258</total>
				<timestamp>128.706882</timestamp>
			</report>
			<report>
				<misses>13200001</misses>
				<total>258</total>
				<timestamp>129.696069</timestamp>
			</report>
			<report>
				<misses>13300001</misses>
				<total>258</total>
				<timestamp>130.679817</timestamp>
			</report>
			<report>
				<misses>13400001</misses>
				<total>258</total>
				<timestamp>131.672787</timestamp>
			</report>
			<report>
				<misses>13500001</misses>
				<total>258</total>
				<timestamp>132.665161</timestamp>
			</report>
			<report>
				<misses>13600001</misses>
				<total>258</total>
				<timestamp>133.646138</timestamp>
			</report>
			<report>
				<misses>13700001</misses>
				<total>258</total>
				<timestamp>134.629167</timestamp>
			</report>
			<report>
				<misses>13800001</misses>
				<total>258</total>
				<timestamp>135.608168</timestamp>
			</report>
			<report>
				<misses>13900001</misses>
				<total>258</total>
				<timestamp>136.592784</timestamp>
			</report>
			<report>
				<misses>14000001</misses>
				<total>258</total>
				<timestamp>137.583601</timestamp>
			</report>
			<report>
				<misses>14100001</misses>
				<total>258</total>
				<timestamp>138.596386</timestamp>
			</report>
			<report>
				<misses>14200001</misses>
				<total>258</total>
				<timestamp>139.588124</timestamp>
			</report>
			<report>
				<misses>14300001</misses>
				<total>258</total>
				<timestamp>140.593111</timestamp>
			</report>
			<report>
				<misses>14400001</misses>
				<total>258</total>
				<timestamp>141.593913</timestamp>
			</report>
			<report>
				<misses>14500001</misses>
				<total>378</total>
				<timestamp>142.572273</timestamp>
			</report>
			<report>
				<misses>14600001</misses>
				<total>378</total>
				<timestamp>143.569246</timestamp>
			</report>
			<report>
				<misses>14700001</misses>
				<total>378</total>
				<timestamp>144.554471</timestamp>
			</report>
			<report>
				<misses>14800001</misses>
				<total>378</total>
				<timestamp>145.538752</timestamp>
			</report>
			<report>
				<misses>14900001</misses>
				<total>378</total>
				<timestamp>146.512276</timestamp>
			</report>
			<report>
				<misses>15000001</misses>
				<total>378</total>
				<timestamp>147.508008</timestamp>
			</report>
			<report>
				<misses>15100001</misses>
				<total>378</total>
				<timestamp>148.500910</timestamp>
			</report>
			<report>
				<misses>15200001</misses>
				<total>378</total>
				<timestamp>149.481296</timestamp>
			</report>
			<report>
				<misses>15300001</misses>
				<total>378</total>
				<timestamp>150.486325</timestamp>
			</report>
			<report>
				<misses>15400001</misses>
				<total>378</total>
				<timestamp>151.472963</timestamp>
			</report>
			<report>
				<misses>15500001</misses>
				<total>378</total>
				<timestamp>152.460239</timestamp>
			</report>
			<report>
				<misses>15600001</misses>
				<total>378</total>
				<timestamp>153.465044</timestamp>
			</report>
			<report>
				<misses>15700001</misses>
				<total>378</total>
				<timestamp>154.441953</timestamp>
			</report>
			<report>
				<misses>15800001</misses>
				<total>378</total>
				<timestamp>155.442799</timestamp>
			</report>
			<report>
				<misses>15900001</misses>
				<total>378</total>
				<timestamp>156.436086</timestamp>
			</report>
			<report>
				<misses>16000001</misses>
				<total>378</total>
				<timestamp>157.431466</timestamp>
			</report>
			<report>
				<misses>16100001</misses>
				<total>378</total>
				<timestamp>158.419003</timestamp>
			</report>
			<report>
				<misses>16200001</misses>
				<total>378</total>
				<timestamp>159.411964</timestamp>
			</report>
			<report>
				<misses>16300001</misses>
				<total>378</total>
				<timestamp>160.411378</timestamp>
			</report>
			<report>
				<misses>16400001</misses>
				<total>378</total>
				<timestamp>161.391581</timestamp>
			</report>
			<report>
				<misses>16500001</misses>
				<total>378</total>
				<timestamp>162.376240</timestamp>
			</report>
			<report>
				<misses>16600001</misses>
				<total>378</total>
				<timestamp>163.360997</timestamp>
			</report>
			<report>
				<misses>16700001</misses>
				<total>378</total>
				<timestamp>164.359256</timestamp>
			</report>
			<report>
				<misses>16800001</misses>
				<total>378</total>
				<timestamp>165.354986</timestamp>
			</report>
			<report>
				<misses>16900001</misses>
				<total>378</total>
				<timestamp>166.344706</timestamp>
			</report>
			<report>
				<misses>17000001</misses>
				<total>378</total>
				<timestamp>167.333027</timestamp>
			</report>
			<report>
				<misses>17100001</misses>
				<total>378</total>
				<timestamp>168.318289</timestamp>
			</report>
			<report>
				<misses>17200001</misses>
				<total>378</total>
				<timestamp>169.300376</timestamp>
			</report>
			<report>
				<misses>17300001</misses>
				<total>378</total>
				<timestamp>170.288429</timestamp>
			</report>
			<report>
				<misses>17400001</misses>
				<total>378</total>
				<timestamp>171.272066</timestamp>
			</report>
			<report>
				<misses>17500001</misses>
				<total>378</total>
				<timestamp>172.270044</timestamp>
			</report>
			<report>
				<misses>17600001</misses>
				<total>378</total>
				<timestamp>173.264894</timestamp>
			</report>
			<report>
				<misses>17700001</misses>
				<total>378</total>
				<timestamp>174.256378</timestamp>
			</report>
			<report>
				<misses>17800001</misses>
				<total>378</total>
				<timestamp>175.232874</timestamp>
			</report>
			<report>
				<misses>17900001</misses>
				<total>378</total>
				<timestamp>176.222148</timestamp>
			</report>
			<report>
				<misses>18000001</misses>
				<total>378</total>
				<timestamp>177.211141</timestamp>
			</report>
			<report>
				<misses>18100001</misses>
				<total>378</total>
				<timestamp>178.213812</timestamp>
			</report>
			<report>
				<misses>18200001</misses>
				<total>378</total>
				<timestamp>179.195508</timestamp>
			</report>
			<report>
				<misses>18300001</misses>
				<total>378</total>
				<timestamp>180.188767</timestamp>
			</report>
			<report>
				<misses>18400001</misses>
				<total>378</total>
				<timestamp>181.168948</timestamp>
			</report>
			<report>
				<misses>18500001</misses>
				<total>378</total>
				<timestamp>182.146001</timestamp>
			</report>
			<report>
				<misses>18600001</misses>
				<total>378</total>
				<timestamp>183.132540</timestamp>
			</report>
			<report>
				<misses>18700001</misses>
				<total>378</total>
				<timestamp>184.124334</timestamp>
			</report>
			<report>
				<misses>18800001</misses>
				<total>378</total>
				<timestamp>185.099065</timestamp>
			</report>
			<report>
				<misses>18900001</misses>
				<total>378</total>
				<timestamp>186.099771</timestamp>
			</report>
			<report>
				<misses>19000001</misses>
				<total>378</total>
				<timestamp>187.087304</timestamp>
			</report>
			<report>
				<misses>19100001</misses>
				<total>378</total>
				<timestamp>188.083743</timestamp>
			</report>
			<report>
				<misses>19200001</misses>
				<total>378</total>
				<timestamp>189.061150</timestamp>
			</report>
			<report>
				<misses>19300001</misses>
				<total>378</total>
				<timestamp>190.061737</timestamp>
			</report>
			<report>
				<misses>19400001</misses>
				<total>378</total>
				<timestamp>191.060081</timestamp>
			</report>
			<report>
				<misses>19500001</misses>
				<total>378</total>
				<timestamp>192.047650</timestamp>
			</report>
			<report>
				<misses>19600001</misses>
				<total>378</total>
				<timestamp>193.020600</timestamp>
			</report>
			<report>
				<misses>19700001</misses>
				<total>378</total>
				<timestamp>194.013907</timestamp>
			</report>
			<report>
				<misses>19800001</misses>
				<total>378</total>
				<timestamp>194.996911</timestamp>
			</report>
			<report>
				<misses>19900001</misses>
				<total>378</total>
				<timestamp>195.984235</timestamp>
			</report>
			<report>
				<misses>20000001</misses>
				<total>378</total>
				<timestamp>196.967715</timestamp>
			</report>
			<report>
				<misses>20100001</misses>
				<total>378</total>
				<timestamp>197.960483</timestamp>
			</report>
			<report>
				<misses>20200001</misses>
				<total>378</total>
				<timestamp>198.948543</timestamp>
			</report>
			<report>
				<misses>20300001</misses>
				<total>378</total>
				<timestamp>199.943928</timestamp>
			</report>
			<report>
				<misses>20400001</misses>
				<total>378</total>
				<timestamp>200.925339</timestamp>
			</report>
			<report>
				<misses>20500001</misses>
				<total>378</total>
				<timestamp>201.917591</timestamp>
			</report>
			<report>
				<misses>20600001</misses>
				<total>496</total>
				<timestamp>202.902032</timestamp>
			</report>
			<report>
				<misses>20700001</misses>
				<total>496</total>
				<timestamp>203.886029</timestamp>
			</report>
			<report>
				<misses>20800001</misses>
				<total>496</total>
				<timestamp>204.864323</timestamp>
			</report>
			<report>
				<misses>20900001</misses>
				<total>496</total>
				<timestamp>205.855278</timestamp>
			</report>
			<report>
				<misses>21000001</misses>
				<total>496</total>
				<timestamp>206.831074</timestamp>
			</report>
			<report>
				<misses>21100001</misses>
				<total>496</total>
				<timestamp>207.815581</timestamp>
			</report>
			<report>
				<misses>21200001</misses>
				<total>496</total>
				<timestamp>208.792764</timestamp>
			</report>
			<report>
				<misses>21300001</misses>
				<total>496</total>
				<timestamp>209.778401</timestamp>
			</report>
			<report>
				<misses>21400001</misses>
				<total>496</total>
				<timestamp>210.775144</timestamp>
			</report>
			<report>
				<misses>21500001</misses>
				<total>496</total>
				<timestamp>211.767676</timestamp>
			</report>
			<report>
				<misses>21600001</misses>
				<total>496</total>
				<timestamp>212.759575</timestamp>
			</report>
			<report>
				<misses>21700001</misses>
				<total>496</total>
				<timestamp>213.766429</timestamp>
			</report>
			<report>
				<misses>21800001</misses>
				<total>496</total>
				<timestamp>214.758193</timestamp>
			</report>
			<report>
				<misses>21900001</misses>
				<total>496</total>
				<timestamp>215.736962</timestamp>
			</report>
			<report>
				<misses>22000001</misses>
				<total>496</total>
				<timestamp>216.721598</timestamp>
			</report>
			<report>
				<misses>22100001</misses>
				<total>496</total>
				<timestamp>217.713919</timestamp>
			</report>
			<report>
				<misses>22200001</misses>
				<total>496</total>
				<timestamp>218.696452</timestamp>
			</report>
			<report>
				<misses>22300001</misses>
				<total>496</total>
				<timestamp>219.687983</timestamp>
			</report>
			<report>
				<misses>22400001</misses>
				<total>496</total>
				<timestamp>220.686760</timestamp>
			</report>
			<report>
				<misses>22500001</misses>
				<total>496</total>
				<timestamp>221.674429</timestamp>
			</report>
			<report>
				<misses>22600001</misses>
				<total>496</total>
				<timestamp>222.652452</timestamp>
			</report>
			<report>
				<misses>22700001</misses>
				<total>496</total>
				<timestamp>223.642890</timestamp>
			</report>
			<report>
				<misses>22800001</misses>
				<total>496</total>
				<timestamp>224.631964</timestamp>
			</report>
			<report>
				<misses>22900001</misses>
				<total>496</total>
				<timestamp>225.624575</timestamp>
			</report>
			<report>
				<misses>23000001</misses>
				<total>496</total>
				<timestamp>226.625441</timestamp>
			</report>
			<report>
				<misses>23100001</misses>
				<total>496</total>
				<timestamp>227.605695</timestamp>
			</report>
			<report>
				<misses>23200001</misses>
				<total>496</total>
				<timestamp>228.601683</timestamp>
			</report>
			<report>
				<misses>23300001</misses>
				<total>496</total>
				<timestamp>229.580239</timestamp>
			</report>
			<report>
				<misses>23400001</misses>
				<total>496</total>
				<timestamp>230.579578</timestamp>
			</report>
			<report>
				<misses>23500001</misses>
				<total>496</total>
				<timestamp>231.581159</timestamp>
			</report>
			<report>
				<misses>23600001</misses>
				<total>496</total>
				<timestamp>232.580745</timestamp>
			</report>
			<report>
				<misses>23700001</misses>
				<total>496</total>
				<timestamp>233.572253</timestamp>
			</report>
			<report>
				<misses>23800001</misses>
				<total>496</total>
				<timestamp>234.551978</timestamp>
			</report>
			<report>
				<misses>23900001</misses>
				<total>496</total>
				<timestamp>235.535741</timestamp>
			</report>
			<report>
				<misses>24000001</misses>
				<total>496</total>
				<timestamp>236.520248</timestamp>
			</report>
			<report>
				<misses>24100001</misses>
				<total>496</total>
				<timestamp>237.516864</timestamp>
			</report>
			<report>
				<misses>24200001</misses>
				<total>496</total>
				<timestamp>238.498776</timestamp>
			</report>
			<report>
				<misses>24300001</misses>
				<total>496</total>
				<timestamp>239.490307</timestamp>
			</report>
			<report>
				<misses>24400001</misses>
				<total>496</total>
				<timestamp>240.479093</timestamp>
			</report>
			<report>
				<misses>24500001</misses>
				<total>496</total>
				<timestamp>241.488186</timestamp>
			</report>
			<report>
				<misses>24600001</misses>
				<total>496</total>
				<timestamp>242.474128</timestamp>
			</report>
			<report>
				<misses>24700001</misses>
				<total>496</total>
				<timestamp>243.453415</timestamp>
			</report>
			<report>
				<misses>24800001</misses>
				<total>496</total>
				<timestamp>244.431146</timestamp>
			</report>
			<report>
				<misses>24900001</misses>
				<total>496</total>
				<timestamp>245.414443</timestamp>
			</report>
			<report>
				<misses>25000001</misses>
				<total>496</total>
				<timestamp>246.393114</timestamp>
			</report>
			<report>
				<misses>25100001</misses>
				<total>496</total>
				<timestamp>247.383345</timestamp>
			</report>
			<report>
				<misses>25200001</misses>
				<total>496</total>
				<timestamp>248.365363</timestamp>
			</report>
			<report>
				<misses>25300001</misses>
				<total>496</total>
				<timestamp>249.372863</timestamp>
			</report>
			<report>
				<misses>25400001</misses>
				<total>496</total>
				<timestamp>250.377424</timestamp>
			</report>
			<report>
				<misses>25500001</misses>
				<total>496</total>
				<timestamp>251.364576</timestamp>
			</report>
			<report>
				<misses>25600001</misses>
				<total>496</total>
				<timestamp>252.353891</timestamp>
			</report>
			<report>
				<misses>25700001</misses>
				<total>496</total>
				<timestamp>253.351994</timestamp>
			</report>
			<report>
				<misses>25800001</misses>
				<total>496</total>
				<timestamp>254.339487</timestamp>
			</report>
			<report>
				<misses>25900001</misses>
				<total>496</total>
				<timestamp>255.328045</timestamp>
			</report>
			<report>
				<misses>26000001</misses>
				<total>496</total>
				<timestamp>256.352520</timestamp>
			</report>
			<report>
				<misses>26100001</misses>
				<total>496</total>
				<timestamp>257.340132</timestamp>
			</report>
			<report>
				<misses>26200001</misses>
				<total>496</total>
				<timestamp>258.326353</timestamp>
			</report>
			<report>
				<misses>26300001</misses>
				<total>496</total>
				<timestamp>259.344231</timestamp>
			</report>
			<report>
				<misses>26400001</misses>
				<total>496</total>
				<timestamp>260.342347</timestamp>
			</report>
			<report>
				<misses>26500001</misses>
				<total>496</total>
				<timestamp>261.365511</timestamp>
			</report>
			<report>
				<misses>26600001</misses>
				<total>633</total>
				<timestamp>262.385849</timestamp>
			</report>
			<report>
				<misses>26700001</misses>
				<total>633</total>
				<timestamp>263.399204</timestamp>
			</report>
			<report>
				<misses>26800001</misses>
				<total>633</total>
				<timestamp>264.421414</timestamp>
			</report>
			<report>
				<misses>26900001</misses>
				<total>633</total>
				<timestamp>265.423491</timestamp>
			</report>
			<report>
				<misses>27000001</misses>
				<total>633</total>
				<timestamp>266.433486</timestamp>
			</report>
			<report>
				<misses>27100001</misses>
				<total>633</total>
				<timestamp>267.457128</timestamp>
			</report>
			<report>
				<misses>27200001</misses>
				<total>633</total>
				<timestamp>268.467097</timestamp>
			</report>
			<report>
				<misses>27300001</misses>
				<total>633</total>
				<timestamp>269.480775</timestamp>
			</report>
			<report>
				<misses>27400001</misses>
				<total>633</total>
				<timestamp>270.503243</timestamp>
			</report>
			<report>
				<misses>27500001</misses>
				<total>633</total>
				<timestamp>271.544995</timestamp>
			</report>
			<report>
				<misses>27600001</misses>
				<total>633</total>
				<timestamp>272.573147</timestamp>
			</report>
			<report>
				<misses>27700001</misses>
				<total>633</total>
				<timestamp>273.611290</timestamp>
			</report>
			<report>
				<misses>27800001</misses>
				<total>633</total>
				<timestamp>274.643171</timestamp>
			</report>
			<report>
				<misses>27900001</misses>
				<total>633</total>
				<timestamp>275.663622</timestamp>
			</report>
			<report>
				<misses>28000001</misses>
				<total>633</total>
				<timestamp>276.688269</timestamp>
			</report>
			<report>
				<misses>28100001</misses>
				<total>633</total>
				<timestamp>277.691835</timestamp>
			</report>
			<report>
				<misses>28200001</misses>
				<total>633</total>
				<timestamp>278.695194</timestamp>
			</report>
			<report>
				<misses>28300001</misses>
				<total>633</total>
				<timestamp>279.708415</timestamp>
			</report>
			<report>
				<misses>28400001</misses>
				<total>633</total>
				<timestamp>280.679984</timestamp>
			</report>
			<report>
				<misses>28500001</misses>
				<total>633</total>
				<timestamp>281.656459</timestamp>
			</report>
			<report>
				<misses>28600001</misses>
				<total>633</total>
				<timestamp>282.635984</timestamp>
			</report>
			<report>
				<misses>28700001</misses>
				<total>633</total>
				<timestamp>283.622664</timestamp>
			</report>
			<report>
				<misses>28800001</misses>
				<total>633</total>
				<timestamp>284.611772</timestamp>
			</report>
			<report>
				<misses>28900001</misses>
				<total>633</total>
				<timestamp>285.586916</timestamp>
			</report>
			<report>
				<misses>29000001</misses>
				<total>633</total>
				<timestamp>286.578086</timestamp>
			</report>
			<report>
				<misses>29100001</misses>
				<total>633</total>
				<timestamp>287.558794</timestamp>
			</report>
			<report>
				<misses>29200001</misses>
				<total>633</total>
				<timestamp>288.527703</timestamp>
			</report>
			<report>
				<misses>29300001</misses>
				<total>633</total>
				<timestamp>289.515013</timestamp>
			</report>
			<report>
				<misses>29400001</misses>
				<total>633</total>
				<timestamp>290.499096</timestamp>
			</report>
			<report>
				<misses>29500001</misses>
				<total>633</total>
				<timestamp>291.480871</timestamp>
			</report>
			<report>
				<misses>29600001</misses>
				<total>633</total>
				<timestamp>292.462916</timestamp>
			</report>
			<report>
				<misses>29700001</misses>
				<total>633</total>
				<timestamp>293.448099</timestamp>
			</report>
			<report>
				<misses>29800001</misses>
				<total>633</total>
				<timestamp>294.442696</timestamp>
			</report>
			<report>
				<misses>29900001</misses>
				<total>633</total>
				<timestamp>295.428264</timestamp>
			</report>
			<report>
				<misses>30000001</misses>
				<total>633</total>
				<timestamp>296.432507</timestamp>
			</report>
			<report>
				<misses>30100001</misses>
				<total>633</total>
				<timestamp>297.430026</timestamp>
			</report>
			<report>
				<misses>30200001</misses>
				<total>633</total>
				<timestamp>298.422507</timestamp>
			</report>
			<report>
				<misses>30300001</misses>
				<total>633</total>
				<timestamp>299.413081</timestamp>
			</report>
		</query>
	</custom>
	<ethtool_statistic>
		<rx_packets>
			<start>225264106</start>
			<end>249003203</end>
		</rx_packets>
		<tx_packets>
			<start>264735343</start>
			<end>295090604</end>
		</tx_packets>
		<rx_dropped>
			<start>0</start>
			<end>0</end>
		</rx_dropped>
		<tx_dropped>
			<start>0</start>
			<end>0</end>
		</tx_dropped>
		<collisions>
			<start>0</start>
			<end>0</end>
		</collisions>
		<port_tx_errors>
			<start>0</start>
			<end>0</end>
		</port_tx_errors>
		<port_rx_dropped>
			<start>0</start>
			<end>0</end>
		</port_rx_dropped>
		<port_tx_dropped_link_down>
			<start>0</start>
			<end>0</end>
		</port_tx_dropped_link_down>
	</ethtool_statistic>
	<ip_statistic>
		<mtu>
			<start>9000</start>
			<end>9000</end>
		</mtu>
		<rx_bytes>
			<start>1184176769071</start>
			<end>1396446756781</end>
		</rx_bytes>
		<rx_packets>
			<start>225264106</start>
			<end>249003203</end>
		</rx_packets>
		<rx_errors>
			<start>0</start>
			<end>0</end>
		</rx_errors>
		<rx_dropped>
			<start>0</start>
			<end>0</end>
		</rx_dropped>
		<rx_missed>
			<start>0</start>
			<end>0</end>
		</rx_missed>
		<rx_mcast>
			<start>6</start>
			<end>6</end>
		</rx_mcast>
		<tx_bytes>
			<start>1213287365800</start>
			<end>1484719095186</end>
		</tx_bytes>
		<tx_packets>
			<start>264735343</start>
			<end>295090604</end>
		</tx_packets>
		<tx_errors>
			<start>0</start>
			<end>0</end>
		</tx_errors>
		<tx_dropped>
			<start>0</start>
			<end>0</end>
		</tx_dropped>
		<tx_carrier>
			<start>0</start>
			<end>0</end>
		</tx_carrier>
		<tx_collisions>
			<start>0</start>
			<end>0</end>
		</tx_collisions>
	</ip_statistic>
	<netstat_statistic>
		<udp_pkg_rec>
			<start>1439987954</start>
			<end>1665247763</end>
		</udp_pkg_rec>
		<udp_pkg_snt>
			<start>1550391777</start>
			<end>1794353126</end>
		</udp_pkg_snt>
		<udp_rec_err>
			<start>0</start>
			<end>0</end>
		</udp_rec_err>
		<udp_rec_buf_err>
			<start>0</start>
			<end>0</end>
		</udp_rec_buf_err>
		<udp_snt_buf_err>
			<start>0</start>
			<end>0</end>
		</udp_snt_buf_err>
	</netstat_statistic>
</test_results>
