<?xml version="1.0"?>
<test_results>
	<status>STATUS_SUCCESS</status>
	<custom>
		<num_loss>724</num_loss>
		<num_total>11235067</num_total>
		<num_misses>371396987</num_misses>
	</custom>
	<ethtool_statistic>
		<rx_packets>
			<start>79732</start>
			<end>79967</end>
		</rx_packets>
		<tx_packets>
			<start>3876534888</start>
			<end>3887770455</end>
		</tx_packets>
		<rx_dropped>
			<start>0</start>
			<end>0</end>
		</rx_dropped>
		<tx_dropped>
			<start>0</start>
			<end>0</end>
		</tx_dropped>
		<collisions>
			<start>0</start>
			<end>0</end>
		</collisions>
		<port_tx_errors>
			<start>0</start>
			<end>0</end>
		</port_tx_errors>
		<port_rx_dropped>
			<start>0</start>
			<end>0</end>
		</port_rx_dropped>
		<port_tx_dropped_link_down>
			<start>0</start>
			<end>0</end>
		</port_tx_dropped_link_down>
	</ethtool_statistic>
	<ip_statistic>
		<mtu>
			<start>9000</start>
			<end>9000</end>
		</mtu>
		<rx_bytes>
			<start>6918943</start>
			<end>6939049</end>
		</rx_bytes>
		<rx_packets>
			<start>79732</start>
			<end>79967</end>
		</rx_packets>
		<rx_errors>
			<start>0</start>
			<end>0</end>
		</rx_errors>
		<rx_dropped>
			<start>0</start>
			<end>0</end>
		</rx_dropped>
		<rx_missed>
			<start>0</start>
			<end>0</end>
		</rx_missed>
		<rx_mcast>
			<start>77214</start>
			<end>77445</end>
		</rx_mcast>
		<tx_bytes>
			<start>20069992448161</start>
			<end>20170456463473</end>
		</tx_bytes>
		<tx_packets>
			<start>3876534888</start>
			<end>3887770455</end>
		</tx_packets>
		<tx_errors>
			<start>0</start>
			<end>0</end>
		</tx_errors>
		<tx_dropped>
			<start>0</start>
			<end>0</end>
		</tx_dropped>
		<tx_carrier>
			<start>0</start>
			<end>0</end>
		</tx_carrier>
		<tx_collisions>
			<start>0</start>
			<end>0</end>
		</tx_collisions>
	</ip_statistic>
</test_results>
