<?xml version="1.0"?>
<test_results>
	<status>STATUS_SUCCESS</status>
	<custom>
		<num_loss>0</num_loss>
		<num_total>22502133</num_total>
		<num_misses>457396404</num_misses>
		<elapsed_time>1199.746343</elapsed_time>
		<query />
	</custom>
	<ethtool_statistic>
		<rx_packets>
			<start>2058620372</start>
			<end>2241816462</end>
		</rx_packets>
		<tx_packets>
			<start>1930394504</start>
			<end>2110411636</end>
		</tx_packets>
		<rx_dropped>
			<start>0</start>
			<end>0</end>
		</rx_dropped>
		<tx_dropped>
			<start>0</start>
			<end>0</end>
		</tx_dropped>
		<collisions>
			<start>0</start>
			<end>0</end>
		</collisions>
		<port_tx_errors>
			<start>0</start>
			<end>0</end>
		</port_tx_errors>
		<port_rx_dropped>
			<start>0</start>
			<end>0</end>
		</port_rx_dropped>
		<port_tx_dropped_link_down>
			<start>1</start>
			<end>1</end>
		</port_tx_dropped_link_down>
	</ethtool_statistic>
	<ip_statistic>
		<mtu>
			<start>9000</start>
			<end>9000</end>
		</mtu>
		<rx_bytes>
			<start>13705060088388</start>
			<end>15199939648188</end>
		</rx_bytes>
		<rx_packets>
			<start>2058620372</start>
			<end>2241816462</end>
		</rx_packets>
		<rx_errors>
			<start>0</start>
			<end>0</end>
		</rx_errors>
		<rx_dropped>
			<start>0</start>
			<end>0</end>
		</rx_dropped>
		<rx_missed>
			<start>0</start>
			<end>0</end>
		</rx_missed>
		<rx_mcast>
			<start>186</start>
			<end>186</end>
		</rx_mcast>
		<tx_bytes>
			<start>12991457581690</start>
			<end>14460396826920</end>
		</tx_bytes>
		<tx_packets>
			<start>1930394504</start>
			<end>2110411636</end>
		</tx_packets>
		<tx_errors>
			<start>0</start>
			<end>0</end>
		</tx_errors>
		<tx_dropped>
			<start>0</start>
			<end>0</end>
		</tx_dropped>
		<tx_carrier>
			<start>0</start>
			<end>0</end>
		</tx_carrier>
		<tx_collisions>
			<start>0</start>
			<end>0</end>
		</tx_collisions>
	</ip_statistic>
	<netstat_statistic>
		<udp_pkg_rec>
			<start>7437503810</start>
			<end>7566868133</end>
		</udp_pkg_rec>
		<udp_pkg_snt>
			<start>6378807770</start>
			<end>6559024146</end>
		</udp_pkg_snt>
		<udp_rec_err>
			<start>0</start>
			<end>0</end>
		</udp_rec_err>
		<udp_rec_buf_err>
			<start>0</start>
			<end>0</end>
		</udp_rec_buf_err>
		<udp_snt_buf_err>
			<start>0</start>
			<end>0</end>
		</udp_snt_buf_err>
	</netstat_statistic>
</test_results>
