<?xml version="1.0"?>
<test_results>
	<status>STATUS_SUCCESS</status>
	<custom>
		<num_loss>50</num_loss>
		<num_total>8264001</num_total>
		<num_misses>6</num_misses>
		<elapsed_time>2311.608021</elapsed_time>
		<query>
			<report>
				<misses>1001</misses>
				<total>1</total>
				<timestamp>0.279894</timestamp>
			</report>
			<report>
				<misses>2001</misses>
				<total>1</total>
				<timestamp>0.559610</timestamp>
			</report>
			<report>
				<misses>3001</misses>
				<total>1</total>
				<timestamp>0.839351</timestamp>
			</report>
			<report>
				<misses>4001</misses>
				<total>1</total>
				<timestamp>1.119068</timestamp>
			</report>
			<report>
				<misses>5001</misses>
				<total>1</total>
				<timestamp>1.398831</timestamp>
			</report>
			<report>
				<misses>6001</misses>
				<total>1</total>
				<timestamp>1.678483</timestamp>
			</report>
			<report>
				<misses>7001</misses>
				<total>1</total>
				<timestamp>1.958223</timestamp>
			</report>
			<report>
				<misses>8001</misses>
				<total>1</total>
				<timestamp>2.237940</timestamp>
			</report>
			<report>
				<misses>9001</misses>
				<total>1</total>
				<timestamp>2.517674</timestamp>
			</report>
			<report>
				<misses>10001</misses>
				<total>1</total>
				<timestamp>2.797358</timestamp>
			</report>
			<report>
				<misses>11001</misses>
				<total>1</total>
				<timestamp>3.077110</timestamp>
			</report>
			<report>
				<misses>12001</misses>
				<total>1</total>
				<timestamp>3.356829</timestamp>
			</report>
			<report>
				<misses>13001</misses>
				<total>1</total>
				<timestamp>3.636539</timestamp>
			</report>
			<report>
				<misses>14001</misses>
				<total>1</total>
				<timestamp>3.916281</timestamp>
			</report>
			<report>
				<misses>15001</misses>
				<total>1</total>
				<timestamp>4.195962</timestamp>
			</report>
			<report>
				<misses>16001</misses>
				<total>1</total>
				<timestamp>4.475778</timestamp>
			</report>
			<report>
				<misses>17001</misses>
				<total>1</total>
				<timestamp>4.755438</timestamp>
			</report>
			<report>
				<misses>18001</misses>
				<total>1</total>
				<timestamp>5.035165</timestamp>
			</report>
			<report>
				<misses>19001</misses>
				<total>1</total>
				<timestamp>5.314881</timestamp>
			</report>
			<report>
				<misses>20001</misses>
				<total>1</total>
				<timestamp>5.594625</timestamp>
			</report>
			<report>
				<misses>21001</misses>
				<total>1</total>
				<timestamp>5.874313</timestamp>
			</report>
			<report>
				<misses>22001</misses>
				<total>1</total>
				<timestamp>6.154019</timestamp>
			</report>
			<report>
				<misses>23001</misses>
				<total>1</total>
				<timestamp>6.433768</timestamp>
			</report>
			<report>
				<misses>24001</misses>
				<total>1</total>
				<timestamp>6.713475</timestamp>
			</report>
			<report>
				<misses>25001</misses>
				<total>1</total>
				<timestamp>6.993202</timestamp>
			</report>
			<report>
				<misses>26001</misses>
				<total>1</total>
				<timestamp>7.272958</timestamp>
			</report>
			<report>
				<misses>27001</misses>
				<total>1</total>
				<timestamp>7.552694</timestamp>
			</report>
			<report>
				<misses>28001</misses>
				<total>1</total>
				<timestamp>7.832617</timestamp>
			</report>
			<report>
				<misses>29001</misses>
				<total>1</total>
				<timestamp>8.112352</timestamp>
			</report>
			<report>
				<misses>30001</misses>
				<total>1</total>
				<timestamp>8.392059</timestamp>
			</report>
			<report>
				<misses>31001</misses>
				<total>1</total>
				<timestamp>8.671798</timestamp>
			</report>
			<report>
				<misses>32001</misses>
				<total>1</total>
				<timestamp>8.951520</timestamp>
			</report>
			<report>
				<misses>33001</misses>
				<total>1</total>
				<timestamp>9.231237</timestamp>
			</report>
			<report>
				<misses>34001</misses>
				<total>1</total>
				<timestamp>9.511269</timestamp>
			</report>
			<report>
				<misses>35001</misses>
				<total>1</total>
				<timestamp>9.790950</timestamp>
			</report>
			<report>
				<misses>36001</misses>
				<total>1</total>
				<timestamp>10.070686</timestamp>
			</report>
			<report>
				<misses>37001</misses>
				<total>1</total>
				<timestamp>10.350398</timestamp>
			</report>
			<report>
				<misses>38001</misses>
				<total>1</total>
				<timestamp>10.630135</timestamp>
			</report>
			<report>
				<misses>39001</misses>
				<total>1</total>
				<timestamp>10.909811</timestamp>
			</report>
			<report>
				<misses>40001</misses>
				<total>1</total>
				<timestamp>11.189536</timestamp>
			</report>
			<report>
				<misses>41001</misses>
				<total>1</total>
				<timestamp>11.469309</timestamp>
			</report>
			<report>
				<misses>42001</misses>
				<total>1</total>
				<timestamp>11.748980</timestamp>
			</report>
			<report>
				<misses>43001</misses>
				<total>1</total>
				<timestamp>12.028967</timestamp>
			</report>
			<report>
				<misses>44001</misses>
				<total>1</total>
				<timestamp>12.308751</timestamp>
			</report>
			<report>
				<misses>45001</misses>
				<total>1</total>
				<timestamp>12.588433</timestamp>
			</report>
			<report>
				<misses>46001</misses>
				<total>1</total>
				<timestamp>12.868154</timestamp>
			</report>
			<report>
				<misses>47001</misses>
				<total>1</total>
				<timestamp>13.147883</timestamp>
			</report>
			<report>
				<misses>48001</misses>
				<total>1</total>
				<timestamp>13.427681</timestamp>
			</report>
			<report>
				<misses>49001</misses>
				<total>1</total>
				<timestamp>13.707322</timestamp>
			</report>
			<report>
				<misses>50001</misses>
				<total>1</total>
				<timestamp>13.987007</timestamp>
			</report>
			<report>
				<misses>51001</misses>
				<total>1</total>
				<timestamp>14.266755</timestamp>
			</report>
			<report>
				<misses>52001</misses>
				<total>1</total>
				<timestamp>14.546450</timestamp>
			</report>
			<report>
				<misses>53001</misses>
				<total>1</total>
				<timestamp>14.826287</timestamp>
			</report>
			<report>
				<misses>54001</misses>
				<total>1</total>
				<timestamp>15.105890</timestamp>
			</report>
			<report>
				<misses>55001</misses>
				<total>1</total>
				<timestamp>15.385680</timestamp>
			</report>
			<report>
				<misses>56001</misses>
				<total>1</total>
				<timestamp>15.665366</timestamp>
			</report>
			<report>
				<misses>57001</misses>
				<total>1</total>
				<timestamp>15.945057</timestamp>
			</report>
			<report>
				<misses>58001</misses>
				<total>1</total>
				<timestamp>16.224827</timestamp>
			</report>
			<report>
				<misses>59001</misses>
				<total>1</total>
				<timestamp>16.504499</timestamp>
			</report>
			<report>
				<misses>60001</misses>
				<total>1</total>
				<timestamp>16.784272</timestamp>
			</report>
			<report>
				<misses>61001</misses>
				<total>1</total>
				<timestamp>17.063931</timestamp>
			</report>
			<report>
				<misses>62001</misses>
				<total>1</total>
				<timestamp>17.343674</timestamp>
			</report>
			<report>
				<misses>63001</misses>
				<total>1</total>
				<timestamp>17.623374</timestamp>
			</report>
			<report>
				<misses>64001</misses>
				<total>1</total>
				<timestamp>17.903100</timestamp>
			</report>
			<report>
				<misses>65001</misses>
				<total>1</total>
				<timestamp>18.182840</timestamp>
			</report>
			<report>
				<misses>66001</misses>
				<total>1</total>
				<timestamp>18.462549</timestamp>
			</report>
			<report>
				<misses>67001</misses>
				<total>1</total>
				<timestamp>18.742354</timestamp>
			</report>
			<report>
				<misses>68001</misses>
				<total>1</total>
				<timestamp>19.021967</timestamp>
			</report>
			<report>
				<misses>69001</misses>
				<total>1</total>
				<timestamp>19.301725</timestamp>
			</report>
			<report>
				<misses>70001</misses>
				<total>1</total>
				<timestamp>19.581415</timestamp>
			</report>
			<report>
				<misses>71001</misses>
				<total>1</total>
				<timestamp>19.861205</timestamp>
			</report>
			<report>
				<misses>72001</misses>
				<total>1</total>
				<timestamp>20.140967</timestamp>
			</report>
			<report>
				<misses>73001</misses>
				<total>1</total>
				<timestamp>20.420579</timestamp>
			</report>
			<report>
				<misses>74001</misses>
				<total>1</total>
				<timestamp>20.700335</timestamp>
			</report>
			<report>
				<misses>75001</misses>
				<total>1</total>
				<timestamp>20.980009</timestamp>
			</report>
			<report>
				<misses>76001</misses>
				<total>1</total>
				<timestamp>21.259754</timestamp>
			</report>
			<report>
				<misses>77001</misses>
				<total>1</total>
				<timestamp>21.539472</timestamp>
			</report>
			<report>
				<misses>78001</misses>
				<total>1</total>
				<timestamp>21.819215</timestamp>
			</report>
			<report>
				<misses>79001</misses>
				<total>1</total>
				<timestamp>22.098899</timestamp>
			</report>
			<report>
				<misses>80001</misses>
				<total>1</total>
				<timestamp>22.378684</timestamp>
			</report>
			<report>
				<misses>81001</misses>
				<total>1</total>
				<timestamp>22.658342</timestamp>
			</report>
			<report>
				<misses>82001</misses>
				<total>1</total>
				<timestamp>22.938056</timestamp>
			</report>
			<report>
				<misses>83001</misses>
				<total>1</total>
				<timestamp>23.217797</timestamp>
			</report>
			<report>
				<misses>84001</misses>
				<total>1</total>
				<timestamp>23.497583</timestamp>
			</report>
			<report>
				<misses>85001</misses>
				<total>1</total>
				<timestamp>23.777246</timestamp>
			</report>
			<report>
				<misses>86001</misses>
				<total>1</total>
				<timestamp>24.056925</timestamp>
			</report>
			<report>
				<misses>87001</misses>
				<total>1</total>
				<timestamp>24.336714</timestamp>
			</report>
			<report>
				<misses>88001</misses>
				<total>1</total>
				<timestamp>24.616417</timestamp>
			</report>
			<report>
				<misses>89001</misses>
				<total>1</total>
				<timestamp>24.896104</timestamp>
			</report>
			<report>
				<misses>90001</misses>
				<total>1</total>
				<timestamp>25.175828</timestamp>
			</report>
			<report>
				<misses>91001</misses>
				<total>1</total>
				<timestamp>25.455549</timestamp>
			</report>
			<report>
				<misses>92001</misses>
				<total>1</total>
				<timestamp>25.735290</timestamp>
			</report>
			<report>
				<misses>93001</misses>
				<total>1</total>
				<timestamp>26.014978</timestamp>
			</report>
			<report>
				<misses>94001</misses>
				<total>1</total>
				<timestamp>26.294753</timestamp>
			</report>
			<report>
				<misses>95001</misses>
				<total>1</total>
				<timestamp>26.574418</timestamp>
			</report>
			<report>
				<misses>96001</misses>
				<total>1</total>
				<timestamp>26.854164</timestamp>
			</report>
			<report>
				<misses>97001</misses>
				<total>1</total>
				<timestamp>27.133851</timestamp>
			</report>
			<report>
				<misses>98001</misses>
				<total>1</total>
				<timestamp>27.413575</timestamp>
			</report>
			<report>
				<misses>99001</misses>
				<total>1</total>
				<timestamp>27.693297</timestamp>
			</report>
			<report>
				<misses>100001</misses>
				<total>1</total>
				<timestamp>27.973025</timestamp>
			</report>
			<report>
				<misses>101001</misses>
				<total>1</total>
				<timestamp>28.252746</timestamp>
			</report>
			<report>
				<misses>102001</misses>
				<total>1</total>
				<timestamp>28.532516</timestamp>
			</report>
			<report>
				<misses>103001</misses>
				<total>1</total>
				<timestamp>28.812211</timestamp>
			</report>
			<report>
				<misses>104001</misses>
				<total>3</total>
				<timestamp>29.091890</timestamp>
			</report>
			<report>
				<misses>105001</misses>
				<total>3</total>
				<timestamp>29.371732</timestamp>
			</report>
			<report>
				<misses>106001</misses>
				<total>3</total>
				<timestamp>29.651345</timestamp>
			</report>
			<report>
				<misses>107001</misses>
				<total>3</total>
				<timestamp>29.931090</timestamp>
			</report>
			<report>
				<misses>108001</misses>
				<total>3</total>
				<timestamp>30.210784</timestamp>
			</report>
			<report>
				<misses>109001</misses>
				<total>3</total>
				<timestamp>30.490561</timestamp>
			</report>
			<report>
				<misses>110001</misses>
				<total>3</total>
				<timestamp>30.770214</timestamp>
			</report>
			<report>
				<misses>111001</misses>
				<total>3</total>
				<timestamp>31.049933</timestamp>
			</report>
			<report>
				<misses>112001</misses>
				<total>3</total>
				<timestamp>31.329675</timestamp>
			</report>
			<report>
				<misses>113001</misses>
				<total>3</total>
				<timestamp>31.609363</timestamp>
			</report>
			<report>
				<misses>114001</misses>
				<total>3</total>
				<timestamp>31.889181</timestamp>
			</report>
			<report>
				<misses>115001</misses>
				<total>3</total>
				<timestamp>32.168815</timestamp>
			</report>
			<report>
				<misses>116001</misses>
				<total>3</total>
				<timestamp>32.448593</timestamp>
			</report>
			<report>
				<misses>117001</misses>
				<total>3</total>
				<timestamp>32.728269</timestamp>
			</report>
			<report>
				<misses>118001</misses>
				<total>3</total>
				<timestamp>33.007981</timestamp>
			</report>
			<report>
				<misses>119001</misses>
				<total>3</total>
				<timestamp>33.287729</timestamp>
			</report>
			<report>
				<misses>120001</misses>
				<total>3</total>
				<timestamp>33.567436</timestamp>
			</report>
			<report>
				<misses>121001</misses>
				<total>3</total>
				<timestamp>33.847147</timestamp>
			</report>
			<report>
				<misses>122001</misses>
				<total>3</total>
				<timestamp>34.126897</timestamp>
			</report>
			<report>
				<misses>123001</misses>
				<total>3</total>
				<timestamp>34.406590</timestamp>
			</report>
			<report>
				<misses>124001</misses>
				<total>3</total>
				<timestamp>34.686336</timestamp>
			</report>
			<report>
				<misses>125001</misses>
				<total>3</total>
				<timestamp>34.966070</timestamp>
			</report>
			<report>
				<misses>126001</misses>
				<total>3</total>
				<timestamp>35.245754</timestamp>
			</report>
			<report>
				<misses>127001</misses>
				<total>3</total>
				<timestamp>35.525481</timestamp>
			</report>
			<report>
				<misses>128001</misses>
				<total>3</total>
				<timestamp>35.805168</timestamp>
			</report>
			<report>
				<misses>129001</misses>
				<total>3</total>
				<timestamp>36.084890</timestamp>
			</report>
			<report>
				<misses>130001</misses>
				<total>3</total>
				<timestamp>36.364633</timestamp>
			</report>
			<report>
				<misses>131001</misses>
				<total>3</total>
				<timestamp>36.644325</timestamp>
			</report>
			<report>
				<misses>132001</misses>
				<total>3</total>
				<timestamp>36.924128</timestamp>
			</report>
			<report>
				<misses>133001</misses>
				<total>3</total>
				<timestamp>37.203805</timestamp>
			</report>
			<report>
				<misses>134001</misses>
				<total>3</total>
				<timestamp>37.483501</timestamp>
			</report>
			<report>
				<misses>135001</misses>
				<total>3</total>
				<timestamp>37.763247</timestamp>
			</report>
			<report>
				<misses>136001</misses>
				<total>3</total>
				<timestamp>38.042926</timestamp>
			</report>
			<report>
				<misses>137001</misses>
				<total>3</total>
				<timestamp>38.322653</timestamp>
			</report>
			<report>
				<misses>138001</misses>
				<total>3</total>
				<timestamp>38.602373</timestamp>
			</report>
			<report>
				<misses>139001</misses>
				<total>3</total>
				<timestamp>38.882134</timestamp>
			</report>
			<report>
				<misses>140001</misses>
				<total>3</total>
				<timestamp>39.161844</timestamp>
			</report>
			<report>
				<misses>141001</misses>
				<total>3</total>
				<timestamp>39.441542</timestamp>
			</report>
			<report>
				<misses>142001</misses>
				<total>3</total>
				<timestamp>39.721246</timestamp>
			</report>
			<report>
				<misses>143001</misses>
				<total>3</total>
				<timestamp>40.000995</timestamp>
			</report>
			<report>
				<misses>144001</misses>
				<total>3</total>
				<timestamp>40.280717</timestamp>
			</report>
			<report>
				<misses>145001</misses>
				<total>3</total>
				<timestamp>40.560436</timestamp>
			</report>
			<report>
				<misses>146001</misses>
				<total>3</total>
				<timestamp>40.840187</timestamp>
			</report>
			<report>
				<misses>147001</misses>
				<total>3</total>
				<timestamp>41.119899</timestamp>
			</report>
			<report>
				<misses>148001</misses>
				<total>3</total>
				<timestamp>41.399631</timestamp>
			</report>
			<report>
				<misses>149001</misses>
				<total>3</total>
				<timestamp>41.679309</timestamp>
			</report>
			<report>
				<misses>150001</misses>
				<total>3</total>
				<timestamp>41.959017</timestamp>
			</report>
			<report>
				<misses>151001</misses>
				<total>3</total>
				<timestamp>42.238751</timestamp>
			</report>
			<report>
				<misses>152001</misses>
				<total>3</total>
				<timestamp>42.518530</timestamp>
			</report>
			<report>
				<misses>153001</misses>
				<total>3</total>
				<timestamp>42.798186</timestamp>
			</report>
			<report>
				<misses>154001</misses>
				<total>3</total>
				<timestamp>43.077923</timestamp>
			</report>
			<report>
				<misses>155001</misses>
				<total>3</total>
				<timestamp>43.357652</timestamp>
			</report>
			<report>
				<misses>156001</misses>
				<total>3</total>
				<timestamp>43.637337</timestamp>
			</report>
			<report>
				<misses>157001</misses>
				<total>3</total>
				<timestamp>43.917074</timestamp>
			</report>
			<report>
				<misses>158001</misses>
				<total>3</total>
				<timestamp>44.196795</timestamp>
			</report>
			<report>
				<misses>159001</misses>
				<total>3</total>
				<timestamp>44.476601</timestamp>
			</report>
			<report>
				<misses>160001</misses>
				<total>3</total>
				<timestamp>44.756246</timestamp>
			</report>
			<report>
				<misses>161001</misses>
				<total>3</total>
				<timestamp>45.035944</timestamp>
			</report>
			<report>
				<misses>162001</misses>
				<total>3</total>
				<timestamp>45.315659</timestamp>
			</report>
			<report>
				<misses>163001</misses>
				<total>3</total>
				<timestamp>45.595377</timestamp>
			</report>
			<report>
				<misses>164001</misses>
				<total>3</total>
				<timestamp>45.875103</timestamp>
			</report>
			<report>
				<misses>165001</misses>
				<total>3</total>
				<timestamp>46.154814</timestamp>
			</report>
			<report>
				<misses>166001</misses>
				<total>3</total>
				<timestamp>46.434531</timestamp>
			</report>
			<report>
				<misses>167001</misses>
				<total>3</total>
				<timestamp>46.714246</timestamp>
			</report>
			<report>
				<misses>168001</misses>
				<total>3</total>
				<timestamp>46.993993</timestamp>
			</report>
			<report>
				<misses>169001</misses>
				<total>3</total>
				<timestamp>47.273689</timestamp>
			</report>
			<report>
				<misses>170001</misses>
				<total>3</total>
				<timestamp>47.553413</timestamp>
			</report>
			<report>
				<misses>171001</misses>
				<total>3</total>
				<timestamp>47.833165</timestamp>
			</report>
			<report>
				<misses>172001</misses>
				<total>3</total>
				<timestamp>48.112854</timestamp>
			</report>
			<report>
				<misses>173001</misses>
				<total>3</total>
				<timestamp>48.392563</timestamp>
			</report>
			<report>
				<misses>174001</misses>
				<total>3</total>
				<timestamp>48.672285</timestamp>
			</report>
			<report>
				<misses>175001</misses>
				<total>3</total>
				<timestamp>48.952069</timestamp>
			</report>
			<report>
				<misses>176001</misses>
				<total>3</total>
				<timestamp>49.231762</timestamp>
			</report>
			<report>
				<misses>177001</misses>
				<total>3</total>
				<timestamp>49.511489</timestamp>
			</report>
			<report>
				<misses>178001</misses>
				<total>3</total>
				<timestamp>49.791180</timestamp>
			</report>
			<report>
				<misses>179001</misses>
				<total>3</total>
				<timestamp>50.070893</timestamp>
			</report>
			<report>
				<misses>180001</misses>
				<total>3</total>
				<timestamp>50.350615</timestamp>
			</report>
			<report>
				<misses>181001</misses>
				<total>3</total>
				<timestamp>50.630321</timestamp>
			</report>
			<report>
				<misses>182001</misses>
				<total>3</total>
				<timestamp>50.910068</timestamp>
			</report>
			<report>
				<misses>183001</misses>
				<total>3</total>
				<timestamp>51.189795</timestamp>
			</report>
			<report>
				<misses>184001</misses>
				<total>3</total>
				<timestamp>51.469485</timestamp>
			</report>
			<report>
				<misses>185001</misses>
				<total>3</total>
				<timestamp>51.749217</timestamp>
			</report>
			<report>
				<misses>186001</misses>
				<total>3</total>
				<timestamp>52.028926</timestamp>
			</report>
			<report>
				<misses>187001</misses>
				<total>3</total>
				<timestamp>52.308652</timestamp>
			</report>
			<report>
				<misses>188001</misses>
				<total>3</total>
				<timestamp>52.588372</timestamp>
			</report>
			<report>
				<misses>189001</misses>
				<total>3</total>
				<timestamp>52.868119</timestamp>
			</report>
			<report>
				<misses>190001</misses>
				<total>3</total>
				<timestamp>53.147832</timestamp>
			</report>
			<report>
				<misses>191001</misses>
				<total>3</total>
				<timestamp>53.427562</timestamp>
			</report>
			<report>
				<misses>192001</misses>
				<total>3</total>
				<timestamp>53.707243</timestamp>
			</report>
			<report>
				<misses>193001</misses>
				<total>3</total>
				<timestamp>53.987021</timestamp>
			</report>
			<report>
				<misses>194001</misses>
				<total>3</total>
				<timestamp>54.266691</timestamp>
			</report>
			<report>
				<misses>195001</misses>
				<total>3</total>
				<timestamp>54.546428</timestamp>
			</report>
			<report>
				<misses>196001</misses>
				<total>3</total>
				<timestamp>54.826143</timestamp>
			</report>
			<report>
				<misses>197001</misses>
				<total>3</total>
				<timestamp>55.105859</timestamp>
			</report>
			<report>
				<misses>198001</misses>
				<total>3</total>
				<timestamp>55.385600</timestamp>
			</report>
			<report>
				<misses>199001</misses>
				<total>3</total>
				<timestamp>55.665292</timestamp>
			</report>
			<report>
				<misses>200001</misses>
				<total>3</total>
				<timestamp>55.945001</timestamp>
			</report>
			<report>
				<misses>201001</misses>
				<total>3</total>
				<timestamp>56.224770</timestamp>
			</report>
			<report>
				<misses>202001</misses>
				<total>3</total>
				<timestamp>56.504462</timestamp>
			</report>
			<report>
				<misses>203001</misses>
				<total>3</total>
				<timestamp>56.784197</timestamp>
			</report>
			<report>
				<misses>204001</misses>
				<total>3</total>
				<timestamp>57.063908</timestamp>
			</report>
			<report>
				<misses>205001</misses>
				<total>3</total>
				<timestamp>57.343619</timestamp>
			</report>
			<report>
				<misses>206001</misses>
				<total>3</total>
				<timestamp>57.623397</timestamp>
			</report>
			<report>
				<misses>207001</misses>
				<total>3</total>
				<timestamp>57.903060</timestamp>
			</report>
			<report>
				<misses>208001</misses>
				<total>3</total>
				<timestamp>58.182771</timestamp>
			</report>
			<report>
				<misses>209001</misses>
				<total>3</total>
				<timestamp>58.462502</timestamp>
			</report>
			<report>
				<misses>210001</misses>
				<total>3</total>
				<timestamp>58.742223</timestamp>
			</report>
			<report>
				<misses>211001</misses>
				<total>3</total>
				<timestamp>59.021966</timestamp>
			</report>
			<report>
				<misses>212001</misses>
				<total>3</total>
				<timestamp>59.301646</timestamp>
			</report>
			<report>
				<misses>213001</misses>
				<total>3</total>
				<timestamp>59.581363</timestamp>
			</report>
			<report>
				<misses>214001</misses>
				<total>3</total>
				<timestamp>59.861099</timestamp>
			</report>
			<report>
				<misses>215001</misses>
				<total>3</total>
				<timestamp>60.140851</timestamp>
			</report>
			<report>
				<misses>216001</misses>
				<total>3</total>
				<timestamp>60.420546</timestamp>
			</report>
			<report>
				<misses>217001</misses>
				<total>3</total>
				<timestamp>60.700258</timestamp>
			</report>
			<report>
				<misses>218001</misses>
				<total>3</total>
				<timestamp>60.979990</timestamp>
			</report>
			<report>
				<misses>219001</misses>
				<total>3</total>
				<timestamp>61.259734</timestamp>
			</report>
			<report>
				<misses>220001</misses>
				<total>3</total>
				<timestamp>61.539420</timestamp>
			</report>
			<report>
				<misses>221001</misses>
				<total>3</total>
				<timestamp>61.819126</timestamp>
			</report>
			<report>
				<misses>222001</misses>
				<total>3</total>
				<timestamp>62.098905</timestamp>
			</report>
			<report>
				<misses>223001</misses>
				<total>3</total>
				<timestamp>62.378668</timestamp>
			</report>
			<report>
				<misses>224001</misses>
				<total>3</total>
				<timestamp>62.658354</timestamp>
			</report>
			<report>
				<misses>225001</misses>
				<total>3</total>
				<timestamp>62.938085</timestamp>
			</report>
			<report>
				<misses>226001</misses>
				<total>3</total>
				<timestamp>63.217739</timestamp>
			</report>
			<report>
				<misses>227001</misses>
				<total>3</total>
				<timestamp>63.497494</timestamp>
			</report>
			<report>
				<misses>228001</misses>
				<total>3</total>
				<timestamp>63.777203</timestamp>
			</report>
			<report>
				<misses>229001</misses>
				<total>3</total>
				<timestamp>64.056931</timestamp>
			</report>
			<report>
				<misses>230001</misses>
				<total>3</total>
				<timestamp>64.336662</timestamp>
			</report>
			<report>
				<misses>231001</misses>
				<total>3</total>
				<timestamp>64.616404</timestamp>
			</report>
			<report>
				<misses>232001</misses>
				<total>3</total>
				<timestamp>64.896078</timestamp>
			</report>
			<report>
				<misses>233001</misses>
				<total>3</total>
				<timestamp>65.175782</timestamp>
			</report>
			<report>
				<misses>234001</misses>
				<total>3</total>
				<timestamp>65.455531</timestamp>
			</report>
			<report>
				<misses>235001</misses>
				<total>3</total>
				<timestamp>65.735239</timestamp>
			</report>
			<report>
				<misses>236001</misses>
				<total>3</total>
				<timestamp>66.014966</timestamp>
			</report>
			<report>
				<misses>237001</misses>
				<total>3</total>
				<timestamp>66.294643</timestamp>
			</report>
			<report>
				<misses>238001</misses>
				<total>3</total>
				<timestamp>66.574407</timestamp>
			</report>
			<report>
				<misses>239001</misses>
				<total>3</total>
				<timestamp>66.854115</timestamp>
			</report>
			<report>
				<misses>240001</misses>
				<total>3</total>
				<timestamp>67.133829</timestamp>
			</report>
			<report>
				<misses>241001</misses>
				<total>3</total>
				<timestamp>67.413537</timestamp>
			</report>
			<report>
				<misses>242001</misses>
				<total>3</total>
				<timestamp>67.693271</timestamp>
			</report>
			<report>
				<misses>243001</misses>
				<total>3</total>
				<timestamp>67.972980</timestamp>
			</report>
			<report>
				<misses>244001</misses>
				<total>3</total>
				<timestamp>68.252695</timestamp>
			</report>
			<report>
				<misses>245001</misses>
				<total>3</total>
				<timestamp>68.532430</timestamp>
			</report>
			<report>
				<misses>246001</misses>
				<total>3</total>
				<timestamp>68.812139</timestamp>
			</report>
			<report>
				<misses>247001</misses>
				<total>3</total>
				<timestamp>69.091872</timestamp>
			</report>
			<report>
				<misses>248001</misses>
				<total>3</total>
				<timestamp>69.371569</timestamp>
			</report>
			<report>
				<misses>249001</misses>
				<total>3</total>
				<timestamp>69.651292</timestamp>
			</report>
			<report>
				<misses>250001</misses>
				<total>3</total>
				<timestamp>69.931023</timestamp>
			</report>
			<report>
				<misses>251001</misses>
				<total>3</total>
				<timestamp>70.210764</timestamp>
			</report>
			<report>
				<misses>252001</misses>
				<total>3</total>
				<timestamp>70.490484</timestamp>
			</report>
			<report>
				<misses>253001</misses>
				<total>3</total>
				<timestamp>70.770157</timestamp>
			</report>
			<report>
				<misses>254001</misses>
				<total>3</total>
				<timestamp>71.049988</timestamp>
			</report>
			<report>
				<misses>255001</misses>
				<total>3</total>
				<timestamp>71.329600</timestamp>
			</report>
			<report>
				<misses>256001</misses>
				<total>3</total>
				<timestamp>71.609390</timestamp>
			</report>
			<report>
				<misses>257001</misses>
				<total>3</total>
				<timestamp>71.889056</timestamp>
			</report>
			<report>
				<misses>258001</misses>
				<total>3</total>
				<timestamp>72.168820</timestamp>
			</report>
			<report>
				<misses>259001</misses>
				<total>3</total>
				<timestamp>72.448535</timestamp>
			</report>
			<report>
				<misses>260001</misses>
				<total>3</total>
				<timestamp>72.728195</timestamp>
			</report>
			<report>
				<misses>261001</misses>
				<total>3</total>
				<timestamp>73.007973</timestamp>
			</report>
			<report>
				<misses>262001</misses>
				<total>3</total>
				<timestamp>73.287645</timestamp>
			</report>
			<report>
				<misses>263001</misses>
				<total>3</total>
				<timestamp>73.567384</timestamp>
			</report>
			<report>
				<misses>264001</misses>
				<total>3</total>
				<timestamp>73.847110</timestamp>
			</report>
			<report>
				<misses>265001</misses>
				<total>3</total>
				<timestamp>74.126820</timestamp>
			</report>
			<report>
				<misses>266001</misses>
				<total>3</total>
				<timestamp>74.406526</timestamp>
			</report>
			<report>
				<misses>267001</misses>
				<total>3</total>
				<timestamp>74.686249</timestamp>
			</report>
			<report>
				<misses>268001</misses>
				<total>3</total>
				<timestamp>74.966034</timestamp>
			</report>
			<report>
				<misses>269001</misses>
				<total>3</total>
				<timestamp>75.245766</timestamp>
			</report>
			<report>
				<misses>270001</misses>
				<total>3</total>
				<timestamp>75.525486</timestamp>
			</report>
			<report>
				<misses>271001</misses>
				<total>3</total>
				<timestamp>75.805113</timestamp>
			</report>
			<report>
				<misses>272001</misses>
				<total>3</total>
				<timestamp>76.084865</timestamp>
			</report>
			<report>
				<misses>273001</misses>
				<total>3</total>
				<timestamp>76.364559</timestamp>
			</report>
			<report>
				<misses>274001</misses>
				<total>3</total>
				<timestamp>76.644301</timestamp>
			</report>
			<report>
				<misses>275001</misses>
				<total>3</total>
				<timestamp>76.924032</timestamp>
			</report>
			<report>
				<misses>276001</misses>
				<total>3</total>
				<timestamp>77.203762</timestamp>
			</report>
			<report>
				<misses>277001</misses>
				<total>3</total>
				<timestamp>77.483503</timestamp>
			</report>
			<report>
				<misses>278001</misses>
				<total>3</total>
				<timestamp>77.763162</timestamp>
			</report>
			<report>
				<misses>279001</misses>
				<total>3</total>
				<timestamp>78.042905</timestamp>
			</report>
			<report>
				<misses>280001</misses>
				<total>3</total>
				<timestamp>78.322637</timestamp>
			</report>
			<report>
				<misses>281001</misses>
				<total>3</total>
				<timestamp>78.602334</timestamp>
			</report>
			<report>
				<misses>282001</misses>
				<total>3</total>
				<timestamp>78.882055</timestamp>
			</report>
			<report>
				<misses>283001</misses>
				<total>3</total>
				<timestamp>79.161796</timestamp>
			</report>
			<report>
				<misses>284001</misses>
				<total>3</total>
				<timestamp>79.441487</timestamp>
			</report>
			<report>
				<misses>285001</misses>
				<total>3</total>
				<timestamp>79.721212</timestamp>
			</report>
			<report>
				<misses>286001</misses>
				<total>3</total>
				<timestamp>80.000928</timestamp>
			</report>
			<report>
				<misses>287001</misses>
				<total>3</total>
				<timestamp>80.280636</timestamp>
			</report>
			<report>
				<misses>288001</misses>
				<total>3</total>
				<timestamp>80.560411</timestamp>
			</report>
			<report>
				<misses>289001</misses>
				<total>3</total>
				<timestamp>80.840081</timestamp>
			</report>
			<report>
				<misses>290001</misses>
				<total>3</total>
				<timestamp>81.119833</timestamp>
			</report>
			<report>
				<misses>291001</misses>
				<total>3</total>
				<timestamp>81.399522</timestamp>
			</report>
			<report>
				<misses>292001</misses>
				<total>3</total>
				<timestamp>81.679306</timestamp>
			</report>
			<report>
				<misses>293001</misses>
				<total>3</total>
				<timestamp>81.959000</timestamp>
			</report>
			<report>
				<misses>294001</misses>
				<total>3</total>
				<timestamp>82.238798</timestamp>
			</report>
			<report>
				<misses>295001</misses>
				<total>3</total>
				<timestamp>82.518446</timestamp>
			</report>
			<report>
				<misses>296001</misses>
				<total>3</total>
				<timestamp>82.798136</timestamp>
			</report>
			<report>
				<misses>297001</misses>
				<total>3</total>
				<timestamp>83.077888</timestamp>
			</report>
			<report>
				<misses>298001</misses>
				<total>3</total>
				<timestamp>83.357559</timestamp>
			</report>
			<report>
				<misses>299001</misses>
				<total>3</total>
				<timestamp>83.637295</timestamp>
			</report>
			<report>
				<misses>300001</misses>
				<total>3</total>
				<timestamp>83.917010</timestamp>
			</report>
			<report>
				<misses>301001</misses>
				<total>3</total>
				<timestamp>84.196760</timestamp>
			</report>
			<report>
				<misses>302001</misses>
				<total>3</total>
				<timestamp>84.476474</timestamp>
			</report>
			<report>
				<misses>303001</misses>
				<total>3</total>
				<timestamp>84.756165</timestamp>
			</report>
			<report>
				<misses>304001</misses>
				<total>3</total>
				<timestamp>85.035905</timestamp>
			</report>
			<report>
				<misses>305001</misses>
				<total>3</total>
				<timestamp>85.315610</timestamp>
			</report>
			<report>
				<misses>306001</misses>
				<total>3</total>
				<timestamp>85.595354</timestamp>
			</report>
			<report>
				<misses>307001</misses>
				<total>3</total>
				<timestamp>85.875041</timestamp>
			</report>
			<report>
				<misses>308001</misses>
				<total>3</total>
				<timestamp>86.154784</timestamp>
			</report>
			<report>
				<misses>309001</misses>
				<total>3</total>
				<timestamp>86.434515</timestamp>
			</report>
			<report>
				<misses>310001</misses>
				<total>3</total>
				<timestamp>86.714200</timestamp>
			</report>
			<report>
				<misses>311001</misses>
				<total>3</total>
				<timestamp>86.993919</timestamp>
			</report>
			<report>
				<misses>312001</misses>
				<total>3</total>
				<timestamp>87.273655</timestamp>
			</report>
			<report>
				<misses>313001</misses>
				<total>3</total>
				<timestamp>87.553439</timestamp>
			</report>
			<report>
				<misses>314001</misses>
				<total>3</total>
				<timestamp>87.833100</timestamp>
			</report>
			<report>
				<misses>315001</misses>
				<total>3</total>
				<timestamp>88.112818</timestamp>
			</report>
			<report>
				<misses>316001</misses>
				<total>3</total>
				<timestamp>88.392526</timestamp>
			</report>
			<report>
				<misses>317001</misses>
				<total>3</total>
				<timestamp>88.672298</timestamp>
			</report>
			<report>
				<misses>318001</misses>
				<total>3</total>
				<timestamp>88.951975</timestamp>
			</report>
			<report>
				<misses>319001</misses>
				<total>3</total>
				<timestamp>89.231691</timestamp>
			</report>
			<report>
				<misses>320001</misses>
				<total>3</total>
				<timestamp>89.511415</timestamp>
			</report>
			<report>
				<misses>321001</misses>
				<total>3</total>
				<timestamp>89.791137</timestamp>
			</report>
			<report>
				<misses>322001</misses>
				<total>3</total>
				<timestamp>90.070883</timestamp>
			</report>
			<report>
				<misses>323001</misses>
				<total>3</total>
				<timestamp>90.350586</timestamp>
			</report>
			<report>
				<misses>324001</misses>
				<total>3</total>
				<timestamp>90.630328</timestamp>
			</report>
			<report>
				<misses>325001</misses>
				<total>3</total>
				<timestamp>90.909999</timestamp>
			</report>
			<report>
				<misses>326001</misses>
				<total>3</total>
				<timestamp>91.189748</timestamp>
			</report>
			<report>
				<misses>327001</misses>
				<total>3</total>
				<timestamp>91.469449</timestamp>
			</report>
			<report>
				<misses>328001</misses>
				<total>3</total>
				<timestamp>91.749264</timestamp>
			</report>
			<report>
				<misses>329001</misses>
				<total>3</total>
				<timestamp>92.028919</timestamp>
			</report>
			<report>
				<misses>330001</misses>
				<total>3</total>
				<timestamp>92.308624</timestamp>
			</report>
			<report>
				<misses>331001</misses>
				<total>3</total>
				<timestamp>92.588440</timestamp>
			</report>
			<report>
				<misses>332001</misses>
				<total>3</total>
				<timestamp>92.868039</timestamp>
			</report>
			<report>
				<misses>333001</misses>
				<total>3</total>
				<timestamp>93.147839</timestamp>
			</report>
			<report>
				<misses>334001</misses>
				<total>3</total>
				<timestamp>93.427494</timestamp>
			</report>
			<report>
				<misses>335001</misses>
				<total>3</total>
				<timestamp>93.707286</timestamp>
			</report>
			<report>
				<misses>336001</misses>
				<total>3</total>
				<timestamp>93.986956</timestamp>
			</report>
			<report>
				<misses>337001</misses>
				<total>3</total>
				<timestamp>94.266659</timestamp>
			</report>
			<report>
				<misses>338001</misses>
				<total>3</total>
				<timestamp>94.546399</timestamp>
			</report>
			<report>
				<misses>339001</misses>
				<total>3</total>
				<timestamp>94.826098</timestamp>
			</report>
			<report>
				<misses>340001</misses>
				<total>3</total>
				<timestamp>95.105840</timestamp>
			</report>
			<report>
				<misses>341001</misses>
				<total>3</total>
				<timestamp>95.385564</timestamp>
			</report>
			<report>
				<misses>342001</misses>
				<total>3</total>
				<timestamp>95.665276</timestamp>
			</report>
			<report>
				<misses>343001</misses>
				<total>3</total>
				<timestamp>95.944975</timestamp>
			</report>
			<report>
				<misses>344001</misses>
				<total>3</total>
				<timestamp>96.224714</timestamp>
			</report>
			<report>
				<misses>345001</misses>
				<total>3</total>
				<timestamp>96.504421</timestamp>
			</report>
			<report>
				<misses>346001</misses>
				<total>3</total>
				<timestamp>96.784123</timestamp>
			</report>
			<report>
				<misses>347001</misses>
				<total>3</total>
				<timestamp>97.063888</timestamp>
			</report>
			<report>
				<misses>348001</misses>
				<total>3</total>
				<timestamp>97.343579</timestamp>
			</report>
			<report>
				<misses>349001</misses>
				<total>3</total>
				<timestamp>97.623302</timestamp>
			</report>
			<report>
				<misses>350001</misses>
				<total>3</total>
				<timestamp>97.903073</timestamp>
			</report>
			<report>
				<misses>351001</misses>
				<total>3</total>
				<timestamp>98.182787</timestamp>
			</report>
			<report>
				<misses>352001</misses>
				<total>3</total>
				<timestamp>98.462450</timestamp>
			</report>
			<report>
				<misses>353001</misses>
				<total>3</total>
				<timestamp>98.742154</timestamp>
			</report>
			<report>
				<misses>354001</misses>
				<total>3</total>
				<timestamp>99.021876</timestamp>
			</report>
			<report>
				<misses>355001</misses>
				<total>3</total>
				<timestamp>99.301675</timestamp>
			</report>
			<report>
				<misses>356001</misses>
				<total>3</total>
				<timestamp>99.581366</timestamp>
			</report>
			<report>
				<misses>357001</misses>
				<total>3</total>
				<timestamp>99.861056</timestamp>
			</report>
			<report>
				<misses>358001</misses>
				<total>3</total>
				<timestamp>100.140772</timestamp>
			</report>
			<report>
				<misses>359001</misses>
				<total>3</total>
				<timestamp>100.420481</timestamp>
			</report>
			<report>
				<misses>360001</misses>
				<total>3</total>
				<timestamp>100.700262</timestamp>
			</report>
			<report>
				<misses>361001</misses>
				<total>3</total>
				<timestamp>100.980034</timestamp>
			</report>
			<report>
				<misses>362001</misses>
				<total>3</total>
				<timestamp>101.259700</timestamp>
			</report>
			<report>
				<misses>363001</misses>
				<total>3</total>
				<timestamp>101.539410</timestamp>
			</report>
			<report>
				<misses>364001</misses>
				<total>3</total>
				<timestamp>101.819084</timestamp>
			</report>
			<report>
				<misses>365001</misses>
				<total>3</total>
				<timestamp>102.098869</timestamp>
			</report>
			<report>
				<misses>366001</misses>
				<total>3</total>
				<timestamp>102.378602</timestamp>
			</report>
			<report>
				<misses>367001</misses>
				<total>3</total>
				<timestamp>102.658310</timestamp>
			</report>
			<report>
				<misses>368001</misses>
				<total>3</total>
				<timestamp>102.937970</timestamp>
			</report>
			<report>
				<misses>369001</misses>
				<total>3</total>
				<timestamp>103.217717</timestamp>
			</report>
			<report>
				<misses>370001</misses>
				<total>3</total>
				<timestamp>103.497412</timestamp>
			</report>
			<report>
				<misses>371001</misses>
				<total>3</total>
				<timestamp>103.777186</timestamp>
			</report>
			<report>
				<misses>372001</misses>
				<total>3</total>
				<timestamp>104.056858</timestamp>
			</report>
			<report>
				<misses>373001</misses>
				<total>3</total>
				<timestamp>104.336558</timestamp>
			</report>
			<report>
				<misses>374001</misses>
				<total>3</total>
				<timestamp>104.616303</timestamp>
			</report>
			<report>
				<misses>375001</misses>
				<total>3</total>
				<timestamp>104.896012</timestamp>
			</report>
			<report>
				<misses>376001</misses>
				<total>3</total>
				<timestamp>105.175741</timestamp>
			</report>
			<report>
				<misses>377001</misses>
				<total>3</total>
				<timestamp>105.455446</timestamp>
			</report>
			<report>
				<misses>378001</misses>
				<total>3</total>
				<timestamp>105.735210</timestamp>
			</report>
			<report>
				<misses>379001</misses>
				<total>3</total>
				<timestamp>106.014899</timestamp>
			</report>
			<report>
				<misses>380001</misses>
				<total>3</total>
				<timestamp>106.294653</timestamp>
			</report>
			<report>
				<misses>381001</misses>
				<total>3</total>
				<timestamp>106.574335</timestamp>
			</report>
			<report>
				<misses>382001</misses>
				<total>3</total>
				<timestamp>106.854048</timestamp>
			</report>
			<report>
				<misses>383001</misses>
				<total>3</total>
				<timestamp>107.133802</timestamp>
			</report>
			<report>
				<misses>384001</misses>
				<total>3</total>
				<timestamp>107.413787</timestamp>
			</report>
			<report>
				<misses>385001</misses>
				<total>3</total>
				<timestamp>107.693494</timestamp>
			</report>
			<report>
				<misses>386001</misses>
				<total>3</total>
				<timestamp>107.973230</timestamp>
			</report>
			<report>
				<misses>387001</misses>
				<total>3</total>
				<timestamp>108.252923</timestamp>
			</report>
			<report>
				<misses>388001</misses>
				<total>3</total>
				<timestamp>108.532662</timestamp>
			</report>
			<report>
				<misses>389001</misses>
				<total>3</total>
				<timestamp>108.812446</timestamp>
			</report>
			<report>
				<misses>390001</misses>
				<total>3</total>
				<timestamp>109.092089</timestamp>
			</report>
			<report>
				<misses>391001</misses>
				<total>3</total>
				<timestamp>109.371835</timestamp>
			</report>
			<report>
				<misses>392001</misses>
				<total>3</total>
				<timestamp>109.651534</timestamp>
			</report>
			<report>
				<misses>393001</misses>
				<total>3</total>
				<timestamp>109.931296</timestamp>
			</report>
			<report>
				<misses>394001</misses>
				<total>3</total>
				<timestamp>110.210972</timestamp>
			</report>
			<report>
				<misses>395001</misses>
				<total>3</total>
				<timestamp>110.490747</timestamp>
			</report>
			<report>
				<misses>396001</misses>
				<total>3</total>
				<timestamp>110.770402</timestamp>
			</report>
			<report>
				<misses>397001</misses>
				<total>3</total>
				<timestamp>111.050190</timestamp>
			</report>
			<report>
				<misses>398001</misses>
				<total>3</total>
				<timestamp>111.329853</timestamp>
			</report>
			<report>
				<misses>399001</misses>
				<total>3</total>
				<timestamp>111.609592</timestamp>
			</report>
			<report>
				<misses>400001</misses>
				<total>3</total>
				<timestamp>111.889333</timestamp>
			</report>
			<report>
				<misses>401001</misses>
				<total>3</total>
				<timestamp>112.169005</timestamp>
			</report>
			<report>
				<misses>402001</misses>
				<total>3</total>
				<timestamp>112.448768</timestamp>
			</report>
			<report>
				<misses>403001</misses>
				<total>3</total>
				<timestamp>112.728443</timestamp>
			</report>
			<report>
				<misses>404001</misses>
				<total>3</total>
				<timestamp>113.008179</timestamp>
			</report>
			<report>
				<misses>405001</misses>
				<total>3</total>
				<timestamp>113.287887</timestamp>
			</report>
			<report>
				<misses>406001</misses>
				<total>3</total>
				<timestamp>113.567650</timestamp>
			</report>
			<report>
				<misses>407001</misses>
				<total>3</total>
				<timestamp>113.847346</timestamp>
			</report>
			<report>
				<misses>408001</misses>
				<total>3</total>
				<timestamp>114.127047</timestamp>
			</report>
			<report>
				<misses>409001</misses>
				<total>3</total>
				<timestamp>114.406834</timestamp>
			</report>
			<report>
				<misses>410001</misses>
				<total>3</total>
				<timestamp>114.686504</timestamp>
			</report>
			<report>
				<misses>411001</misses>
				<total>3</total>
				<timestamp>114.966218</timestamp>
			</report>
			<report>
				<misses>412001</misses>
				<total>3</total>
				<timestamp>115.245947</timestamp>
			</report>
			<report>
				<misses>413001</misses>
				<total>3</total>
				<timestamp>115.525672</timestamp>
			</report>
			<report>
				<misses>414001</misses>
				<total>3</total>
				<timestamp>115.805369</timestamp>
			</report>
			<report>
				<misses>415001</misses>
				<total>3</total>
				<timestamp>116.085147</timestamp>
			</report>
			<report>
				<misses>416001</misses>
				<total>3</total>
				<timestamp>116.364829</timestamp>
			</report>
			<report>
				<misses>417001</misses>
				<total>3</total>
				<timestamp>116.644525</timestamp>
			</report>
			<report>
				<misses>418001</misses>
				<total>3</total>
				<timestamp>116.924258</timestamp>
			</report>
			<report>
				<misses>419001</misses>
				<total>3</total>
				<timestamp>117.203980</timestamp>
			</report>
			<report>
				<misses>420001</misses>
				<total>3</total>
				<timestamp>117.483757</timestamp>
			</report>
			<report>
				<misses>421001</misses>
				<total>3</total>
				<timestamp>117.763419</timestamp>
			</report>
			<report>
				<misses>422001</misses>
				<total>3</total>
				<timestamp>118.043132</timestamp>
			</report>
			<report>
				<misses>423001</misses>
				<total>3</total>
				<timestamp>118.322923</timestamp>
			</report>
			<report>
				<misses>424001</misses>
				<total>3</total>
				<timestamp>118.602605</timestamp>
			</report>
			<report>
				<misses>425001</misses>
				<total>3</total>
				<timestamp>118.882295</timestamp>
			</report>
			<report>
				<misses>426001</misses>
				<total>3</total>
				<timestamp>119.162048</timestamp>
			</report>
			<report>
				<misses>427001</misses>
				<total>3</total>
				<timestamp>119.441891</timestamp>
			</report>
			<report>
				<misses>428001</misses>
				<total>3</total>
				<timestamp>119.721465</timestamp>
			</report>
			<report>
				<misses>429001</misses>
				<total>3</total>
				<timestamp>120.001220</timestamp>
			</report>
			<report>
				<misses>430001</misses>
				<total>3</total>
				<timestamp>120.280905</timestamp>
			</report>
			<report>
				<misses>431001</misses>
				<total>3</total>
				<timestamp>120.560628</timestamp>
			</report>
			<report>
				<misses>432001</misses>
				<total>3</total>
				<timestamp>120.840328</timestamp>
			</report>
			<report>
				<misses>433001</misses>
				<total>3</total>
				<timestamp>121.120130</timestamp>
			</report>
			<report>
				<misses>434001</misses>
				<total>3</total>
				<timestamp>121.399773</timestamp>
			</report>
			<report>
				<misses>435001</misses>
				<total>3</total>
				<timestamp>121.679559</timestamp>
			</report>
			<report>
				<misses>436001</misses>
				<total>3</total>
				<timestamp>121.959255</timestamp>
			</report>
			<report>
				<misses>437001</misses>
				<total>3</total>
				<timestamp>122.238933</timestamp>
			</report>
			<report>
				<misses>438001</misses>
				<total>3</total>
				<timestamp>122.518678</timestamp>
			</report>
			<report>
				<misses>439001</misses>
				<total>3</total>
				<timestamp>122.798367</timestamp>
			</report>
			<report>
				<misses>440001</misses>
				<total>3</total>
				<timestamp>123.078124</timestamp>
			</report>
			<report>
				<misses>441001</misses>
				<total>3</total>
				<timestamp>123.357821</timestamp>
			</report>
			<report>
				<misses>442001</misses>
				<total>3</total>
				<timestamp>123.637580</timestamp>
			</report>
			<report>
				<misses>443001</misses>
				<total>3</total>
				<timestamp>123.917273</timestamp>
			</report>
			<report>
				<misses>444001</misses>
				<total>3</total>
				<timestamp>124.196988</timestamp>
			</report>
			<report>
				<misses>445001</misses>
				<total>3</total>
				<timestamp>124.476717</timestamp>
			</report>
			<report>
				<misses>446001</misses>
				<total>3</total>
				<timestamp>124.756408</timestamp>
			</report>
			<report>
				<misses>447001</misses>
				<total>3</total>
				<timestamp>125.036156</timestamp>
			</report>
			<report>
				<misses>448001</misses>
				<total>3</total>
				<timestamp>125.315847</timestamp>
			</report>
			<report>
				<misses>449001</misses>
				<total>3</total>
				<timestamp>125.595595</timestamp>
			</report>
			<report>
				<misses>450001</misses>
				<total>3</total>
				<timestamp>125.875289</timestamp>
			</report>
			<report>
				<misses>451001</misses>
				<total>3</total>
				<timestamp>126.155030</timestamp>
			</report>
			<report>
				<misses>452001</misses>
				<total>3</total>
				<timestamp>126.434755</timestamp>
			</report>
			<report>
				<misses>453001</misses>
				<total>3</total>
				<timestamp>126.714454</timestamp>
			</report>
			<report>
				<misses>454001</misses>
				<total>3</total>
				<timestamp>126.994205</timestamp>
			</report>
			<report>
				<misses>455001</misses>
				<total>3</total>
				<timestamp>127.273899</timestamp>
			</report>
			<report>
				<misses>456001</misses>
				<total>3</total>
				<timestamp>127.553650</timestamp>
			</report>
			<report>
				<misses>457001</misses>
				<total>3</total>
				<timestamp>127.833326</timestamp>
			</report>
			<report>
				<misses>458001</misses>
				<total>3</total>
				<timestamp>128.113053</timestamp>
			</report>
			<report>
				<misses>459001</misses>
				<total>3</total>
				<timestamp>128.392785</timestamp>
			</report>
			<report>
				<misses>460001</misses>
				<total>3</total>
				<timestamp>128.672513</timestamp>
			</report>
			<report>
				<misses>461001</misses>
				<total>3</total>
				<timestamp>128.952229</timestamp>
			</report>
			<report>
				<misses>462001</misses>
				<total>3</total>
				<timestamp>129.232028</timestamp>
			</report>
			<report>
				<misses>463001</misses>
				<total>3</total>
				<timestamp>129.511698</timestamp>
			</report>
			<report>
				<misses>464001</misses>
				<total>3</total>
				<timestamp>129.791367</timestamp>
			</report>
			<report>
				<misses>465001</misses>
				<total>3</total>
				<timestamp>130.071096</timestamp>
			</report>
			<report>
				<misses>466001</misses>
				<total>3</total>
				<timestamp>130.350817</timestamp>
			</report>
			<report>
				<misses>467001</misses>
				<total>3</total>
				<timestamp>130.630536</timestamp>
			</report>
			<report>
				<misses>468001</misses>
				<total>3</total>
				<timestamp>130.910262</timestamp>
			</report>
			<report>
				<misses>469001</misses>
				<total>3</total>
				<timestamp>131.189992</timestamp>
			</report>
			<report>
				<misses>470001</misses>
				<total>3</total>
				<timestamp>131.469702</timestamp>
			</report>
			<report>
				<misses>471001</misses>
				<total>3</total>
				<timestamp>131.749414</timestamp>
			</report>
			<report>
				<misses>472001</misses>
				<total>3</total>
				<timestamp>132.029187</timestamp>
			</report>
			<report>
				<misses>473001</misses>
				<total>3</total>
				<timestamp>132.308852</timestamp>
			</report>
			<report>
				<misses>474001</misses>
				<total>3</total>
				<timestamp>132.588581</timestamp>
			</report>
			<report>
				<misses>475001</misses>
				<total>3</total>
				<timestamp>132.868311</timestamp>
			</report>
			<report>
				<misses>476001</misses>
				<total>3</total>
				<timestamp>133.148017</timestamp>
			</report>
			<report>
				<misses>477001</misses>
				<total>3</total>
				<timestamp>133.427744</timestamp>
			</report>
			<report>
				<misses>478001</misses>
				<total>3</total>
				<timestamp>133.707483</timestamp>
			</report>
			<report>
				<misses>479001</misses>
				<total>3</total>
				<timestamp>133.987235</timestamp>
			</report>
			<report>
				<misses>480001</misses>
				<total>3</total>
				<timestamp>134.266889</timestamp>
			</report>
			<report>
				<misses>481001</misses>
				<total>3</total>
				<timestamp>134.546632</timestamp>
			</report>
			<report>
				<misses>482001</misses>
				<total>3</total>
				<timestamp>134.826329</timestamp>
			</report>
			<report>
				<misses>483001</misses>
				<total>3</total>
				<timestamp>135.106090</timestamp>
			</report>
			<report>
				<misses>484001</misses>
				<total>3</total>
				<timestamp>135.385789</timestamp>
			</report>
			<report>
				<misses>485001</misses>
				<total>3</total>
				<timestamp>135.665538</timestamp>
			</report>
			<report>
				<misses>486001</misses>
				<total>3</total>
				<timestamp>135.945234</timestamp>
			</report>
			<report>
				<misses>487001</misses>
				<total>3</total>
				<timestamp>136.224922</timestamp>
			</report>
			<report>
				<misses>488001</misses>
				<total>3</total>
				<timestamp>136.504646</timestamp>
			</report>
			<report>
				<misses>489001</misses>
				<total>3</total>
				<timestamp>136.784407</timestamp>
			</report>
			<report>
				<misses>490001</misses>
				<total>3</total>
				<timestamp>137.064177</timestamp>
			</report>
			<report>
				<misses>491001</misses>
				<total>3</total>
				<timestamp>137.343869</timestamp>
			</report>
			<report>
				<misses>492001</misses>
				<total>3</total>
				<timestamp>137.623562</timestamp>
			</report>
			<report>
				<misses>493001</misses>
				<total>3</total>
				<timestamp>137.903256</timestamp>
			</report>
			<report>
				<misses>494001</misses>
				<total>3</total>
				<timestamp>138.183075</timestamp>
			</report>
			<report>
				<misses>495001</misses>
				<total>3</total>
				<timestamp>138.462688</timestamp>
			</report>
			<report>
				<misses>496001</misses>
				<total>3</total>
				<timestamp>138.742488</timestamp>
			</report>
			<report>
				<misses>497001</misses>
				<total>3</total>
				<timestamp>139.022160</timestamp>
			</report>
			<report>
				<misses>498001</misses>
				<total>3</total>
				<timestamp>139.301865</timestamp>
			</report>
			<report>
				<misses>499001</misses>
				<total>3</total>
				<timestamp>139.581596</timestamp>
			</report>
			<report>
				<misses>500001</misses>
				<total>3</total>
				<timestamp>139.861307</timestamp>
			</report>
			<report>
				<misses>501001</misses>
				<total>3</total>
				<timestamp>140.141062</timestamp>
			</report>
			<report>
				<misses>502001</misses>
				<total>3</total>
				<timestamp>140.420758</timestamp>
			</report>
			<report>
				<misses>503001</misses>
				<total>3</total>
				<timestamp>140.700484</timestamp>
			</report>
			<report>
				<misses>504001</misses>
				<total>3</total>
				<timestamp>140.980211</timestamp>
			</report>
			<report>
				<misses>505001</misses>
				<total>3</total>
				<timestamp>141.259886</timestamp>
			</report>
			<report>
				<misses>506001</misses>
				<total>3</total>
				<timestamp>141.539609</timestamp>
			</report>
			<report>
				<misses>507001</misses>
				<total>3</total>
				<timestamp>141.819328</timestamp>
			</report>
			<report>
				<misses>508001</misses>
				<total>3</total>
				<timestamp>142.099108</timestamp>
			</report>
			<report>
				<misses>509001</misses>
				<total>3</total>
				<timestamp>142.378803</timestamp>
			</report>
			<report>
				<misses>510001</misses>
				<total>3</total>
				<timestamp>142.658499</timestamp>
			</report>
			<report>
				<misses>511001</misses>
				<total>3</total>
				<timestamp>142.938208</timestamp>
			</report>
			<report>
				<misses>512001</misses>
				<total>3</total>
				<timestamp>143.217923</timestamp>
			</report>
			<report>
				<misses>513001</misses>
				<total>3</total>
				<timestamp>143.497654</timestamp>
			</report>
			<report>
				<misses>514001</misses>
				<total>3</total>
				<timestamp>143.777370</timestamp>
			</report>
			<report>
				<misses>515001</misses>
				<total>3</total>
				<timestamp>144.057127</timestamp>
			</report>
			<report>
				<misses>516001</misses>
				<total>3</total>
				<timestamp>144.336793</timestamp>
			</report>
			<report>
				<misses>517001</misses>
				<total>3</total>
				<timestamp>144.616566</timestamp>
			</report>
			<report>
				<misses>518001</misses>
				<total>3</total>
				<timestamp>144.896270</timestamp>
			</report>
			<report>
				<misses>519001</misses>
				<total>3</total>
				<timestamp>145.176038</timestamp>
			</report>
			<report>
				<misses>520001</misses>
				<total>3</total>
				<timestamp>145.455694</timestamp>
			</report>
			<report>
				<misses>521001</misses>
				<total>3</total>
				<timestamp>145.735422</timestamp>
			</report>
			<report>
				<misses>522001</misses>
				<total>3</total>
				<timestamp>146.015216</timestamp>
			</report>
			<report>
				<misses>523001</misses>
				<total>3</total>
				<timestamp>146.294862</timestamp>
			</report>
			<report>
				<misses>524001</misses>
				<total>3</total>
				<timestamp>146.574553</timestamp>
			</report>
			<report>
				<misses>525001</misses>
				<total>3</total>
				<timestamp>146.854307</timestamp>
			</report>
			<report>
				<misses>526001</misses>
				<total>3</total>
				<timestamp>147.134045</timestamp>
			</report>
			<report>
				<misses>527001</misses>
				<total>3</total>
				<timestamp>147.413739</timestamp>
			</report>
			<report>
				<misses>528001</misses>
				<total>3</total>
				<timestamp>147.693454</timestamp>
			</report>
			<report>
				<misses>529001</misses>
				<total>3</total>
				<timestamp>147.973163</timestamp>
			</report>
			<report>
				<misses>530001</misses>
				<total>3</total>
				<timestamp>148.252892</timestamp>
			</report>
			<report>
				<misses>531001</misses>
				<total>3</total>
				<timestamp>148.532618</timestamp>
			</report>
			<report>
				<misses>532001</misses>
				<total>3</total>
				<timestamp>148.812353</timestamp>
			</report>
			<report>
				<misses>533001</misses>
				<total>3</total>
				<timestamp>149.092051</timestamp>
			</report>
			<report>
				<misses>534001</misses>
				<total>3</total>
				<timestamp>149.371793</timestamp>
			</report>
			<report>
				<misses>535001</misses>
				<total>3</total>
				<timestamp>149.651527</timestamp>
			</report>
			<report>
				<misses>536001</misses>
				<total>3</total>
				<timestamp>149.931216</timestamp>
			</report>
			<report>
				<misses>537001</misses>
				<total>3</total>
				<timestamp>150.210934</timestamp>
			</report>
			<report>
				<misses>538001</misses>
				<total>3</total>
				<timestamp>150.490658</timestamp>
			</report>
			<report>
				<misses>539001</misses>
				<total>3</total>
				<timestamp>150.770413</timestamp>
			</report>
			<report>
				<misses>540001</misses>
				<total>3</total>
				<timestamp>151.050110</timestamp>
			</report>
			<report>
				<misses>541001</misses>
				<total>3</total>
				<timestamp>151.329831</timestamp>
			</report>
			<report>
				<misses>542001</misses>
				<total>3</total>
				<timestamp>151.609639</timestamp>
			</report>
			<report>
				<misses>543001</misses>
				<total>3</total>
				<timestamp>151.889250</timestamp>
			</report>
			<report>
				<misses>544001</misses>
				<total>3</total>
				<timestamp>152.168976</timestamp>
			</report>
			<report>
				<misses>545001</misses>
				<total>3</total>
				<timestamp>152.448699</timestamp>
			</report>
			<report>
				<misses>546001</misses>
				<total>3</total>
				<timestamp>152.728421</timestamp>
			</report>
			<report>
				<misses>547001</misses>
				<total>3</total>
				<timestamp>153.008169</timestamp>
			</report>
			<report>
				<misses>548001</misses>
				<total>3</total>
				<timestamp>153.287871</timestamp>
			</report>
			<report>
				<misses>549001</misses>
				<total>3</total>
				<timestamp>153.567600</timestamp>
			</report>
			<report>
				<misses>550001</misses>
				<total>3</total>
				<timestamp>153.847279</timestamp>
			</report>
			<report>
				<misses>551001</misses>
				<total>3</total>
				<timestamp>154.127083</timestamp>
			</report>
			<report>
				<misses>552001</misses>
				<total>3</total>
				<timestamp>154.406766</timestamp>
			</report>
			<report>
				<misses>553001</misses>
				<total>3</total>
				<timestamp>154.686476</timestamp>
			</report>
			<report>
				<misses>554001</misses>
				<total>3</total>
				<timestamp>154.966177</timestamp>
			</report>
			<report>
				<misses>555001</misses>
				<total>3</total>
				<timestamp>155.245906</timestamp>
			</report>
			<report>
				<misses>556001</misses>
				<total>3</total>
				<timestamp>155.525627</timestamp>
			</report>
			<report>
				<misses>557001</misses>
				<total>3</total>
				<timestamp>155.805363</timestamp>
			</report>
			<report>
				<misses>558001</misses>
				<total>3</total>
				<timestamp>156.085044</timestamp>
			</report>
			<report>
				<misses>559001</misses>
				<total>3</total>
				<timestamp>156.364786</timestamp>
			</report>
			<report>
				<misses>560001</misses>
				<total>3</total>
				<timestamp>156.644527</timestamp>
			</report>
			<report>
				<misses>561001</misses>
				<total>3</total>
				<timestamp>156.924226</timestamp>
			</report>
			<report>
				<misses>562001</misses>
				<total>3</total>
				<timestamp>157.203989</timestamp>
			</report>
			<report>
				<misses>563001</misses>
				<total>3</total>
				<timestamp>157.483702</timestamp>
			</report>
			<report>
				<misses>564001</misses>
				<total>3</total>
				<timestamp>157.763383</timestamp>
			</report>
			<report>
				<misses>565001</misses>
				<total>3</total>
				<timestamp>158.043155</timestamp>
			</report>
			<report>
				<misses>566001</misses>
				<total>3</total>
				<timestamp>158.322860</timestamp>
			</report>
			<report>
				<misses>567001</misses>
				<total>3</total>
				<timestamp>158.602560</timestamp>
			</report>
			<report>
				<misses>568001</misses>
				<total>3</total>
				<timestamp>158.882261</timestamp>
			</report>
			<report>
				<misses>569001</misses>
				<total>3</total>
				<timestamp>159.162036</timestamp>
			</report>
			<report>
				<misses>570001</misses>
				<total>3</total>
				<timestamp>159.441707</timestamp>
			</report>
			<report>
				<misses>571001</misses>
				<total>3</total>
				<timestamp>159.721467</timestamp>
			</report>
			<report>
				<misses>572001</misses>
				<total>3</total>
				<timestamp>160.001127</timestamp>
			</report>
			<report>
				<misses>573001</misses>
				<total>3</total>
				<timestamp>160.280911</timestamp>
			</report>
			<report>
				<misses>574001</misses>
				<total>3</total>
				<timestamp>160.560580</timestamp>
			</report>
			<report>
				<misses>575001</misses>
				<total>3</total>
				<timestamp>160.840327</timestamp>
			</report>
			<report>
				<misses>576001</misses>
				<total>3</total>
				<timestamp>161.120023</timestamp>
			</report>
			<report>
				<misses>577001</misses>
				<total>3</total>
				<timestamp>161.399737</timestamp>
			</report>
			<report>
				<misses>578001</misses>
				<total>3</total>
				<timestamp>161.679470</timestamp>
			</report>
			<report>
				<misses>579001</misses>
				<total>3</total>
				<timestamp>161.959203</timestamp>
			</report>
			<report>
				<misses>580001</misses>
				<total>3</total>
				<timestamp>162.238898</timestamp>
			</report>
			<report>
				<misses>581001</misses>
				<total>3</total>
				<timestamp>162.518656</timestamp>
			</report>
			<report>
				<misses>582001</misses>
				<total>3</total>
				<timestamp>162.798364</timestamp>
			</report>
			<report>
				<misses>583001</misses>
				<total>3</total>
				<timestamp>163.078106</timestamp>
			</report>
			<report>
				<misses>584001</misses>
				<total>3</total>
				<timestamp>163.357857</timestamp>
			</report>
			<report>
				<misses>585001</misses>
				<total>3</total>
				<timestamp>163.637476</timestamp>
			</report>
			<report>
				<misses>586001</misses>
				<total>3</total>
				<timestamp>163.917239</timestamp>
			</report>
			<report>
				<misses>587001</misses>
				<total>3</total>
				<timestamp>164.196984</timestamp>
			</report>
			<report>
				<misses>588001</misses>
				<total>3</total>
				<timestamp>164.476669</timestamp>
			</report>
			<report>
				<misses>589001</misses>
				<total>3</total>
				<timestamp>164.756369</timestamp>
			</report>
			<report>
				<misses>590001</misses>
				<total>3</total>
				<timestamp>165.036107</timestamp>
			</report>
			<report>
				<misses>591001</misses>
				<total>3</total>
				<timestamp>165.315810</timestamp>
			</report>
			<report>
				<misses>592001</misses>
				<total>3</total>
				<timestamp>165.595536</timestamp>
			</report>
			<report>
				<misses>593001</misses>
				<total>3</total>
				<timestamp>165.875256</timestamp>
			</report>
			<report>
				<misses>594001</misses>
				<total>3</total>
				<timestamp>166.155052</timestamp>
			</report>
			<report>
				<misses>595001</misses>
				<total>6</total>
				<timestamp>166.434686</timestamp>
			</report>
			<report>
				<misses>596001</misses>
				<total>6</total>
				<timestamp>166.714441</timestamp>
			</report>
			<report>
				<misses>597001</misses>
				<total>6</total>
				<timestamp>166.994161</timestamp>
			</report>
			<report>
				<misses>598001</misses>
				<total>6</total>
				<timestamp>167.273914</timestamp>
			</report>
			<report>
				<misses>599001</misses>
				<total>6</total>
				<timestamp>167.553559</timestamp>
			</report>
			<report>
				<misses>600001</misses>
				<total>6</total>
				<timestamp>167.833275</timestamp>
			</report>
			<report>
				<misses>601001</misses>
				<total>6</total>
				<timestamp>168.113015</timestamp>
			</report>
			<report>
				<misses>602001</misses>
				<total>6</total>
				<timestamp>168.392785</timestamp>
			</report>
			<report>
				<misses>603001</misses>
				<total>6</total>
				<timestamp>168.672478</timestamp>
			</report>
			<report>
				<misses>604001</misses>
				<total>6</total>
				<timestamp>168.952178</timestamp>
			</report>
			<report>
				<misses>605001</misses>
				<total>6</total>
				<timestamp>169.231929</timestamp>
			</report>
			<report>
				<misses>606001</misses>
				<total>6</total>
				<timestamp>169.511606</timestamp>
			</report>
			<report>
				<misses>607001</misses>
				<total>6</total>
				<timestamp>169.791354</timestamp>
			</report>
			<report>
				<misses>608001</misses>
				<total>6</total>
				<timestamp>170.071050</timestamp>
			</report>
			<report>
				<misses>609001</misses>
				<total>6</total>
				<timestamp>170.350767</timestamp>
			</report>
			<report>
				<misses>610001</misses>
				<total>6</total>
				<timestamp>170.630502</timestamp>
			</report>
			<report>
				<misses>611001</misses>
				<total>6</total>
				<timestamp>170.910208</timestamp>
			</report>
			<report>
				<misses>612001</misses>
				<total>6</total>
				<timestamp>171.189976</timestamp>
			</report>
			<report>
				<misses>613001</misses>
				<total>6</total>
				<timestamp>171.469641</timestamp>
			</report>
			<report>
				<misses>614001</misses>
				<total>6</total>
				<timestamp>171.749368</timestamp>
			</report>
			<report>
				<misses>615001</misses>
				<total>6</total>
				<timestamp>172.029109</timestamp>
			</report>
			<report>
				<misses>616001</misses>
				<total>6</total>
				<timestamp>172.308821</timestamp>
			</report>
			<report>
				<misses>617001</misses>
				<total>6</total>
				<timestamp>172.588540</timestamp>
			</report>
			<report>
				<misses>618001</misses>
				<total>6</total>
				<timestamp>172.868270</timestamp>
			</report>
			<report>
				<misses>619001</misses>
				<total>6</total>
				<timestamp>173.148003</timestamp>
			</report>
			<report>
				<misses>620001</misses>
				<total>6</total>
				<timestamp>173.427708</timestamp>
			</report>
			<report>
				<misses>621001</misses>
				<total>6</total>
				<timestamp>173.707418</timestamp>
			</report>
			<report>
				<misses>622001</misses>
				<total>6</total>
				<timestamp>173.987162</timestamp>
			</report>
			<report>
				<misses>623001</misses>
				<total>6</total>
				<timestamp>174.266920</timestamp>
			</report>
			<report>
				<misses>624001</misses>
				<total>6</total>
				<timestamp>174.546567</timestamp>
			</report>
			<report>
				<misses>625001</misses>
				<total>6</total>
				<timestamp>174.826283</timestamp>
			</report>
			<report>
				<misses>626001</misses>
				<total>6</total>
				<timestamp>175.106018</timestamp>
			</report>
			<report>
				<misses>627001</misses>
				<total>6</total>
				<timestamp>175.385747</timestamp>
			</report>
			<report>
				<misses>628001</misses>
				<total>6</total>
				<timestamp>175.665446</timestamp>
			</report>
			<report>
				<misses>629001</misses>
				<total>6</total>
				<timestamp>175.945189</timestamp>
			</report>
			<report>
				<misses>630001</misses>
				<total>6</total>
				<timestamp>176.224949</timestamp>
			</report>
			<report>
				<misses>631001</misses>
				<total>6</total>
				<timestamp>176.504615</timestamp>
			</report>
			<report>
				<misses>632001</misses>
				<total>6</total>
				<timestamp>176.784360</timestamp>
			</report>
			<report>
				<misses>633001</misses>
				<total>6</total>
				<timestamp>177.064090</timestamp>
			</report>
			<report>
				<misses>634001</misses>
				<total>6</total>
				<timestamp>177.343871</timestamp>
			</report>
			<report>
				<misses>635001</misses>
				<total>6</total>
				<timestamp>177.623504</timestamp>
			</report>
			<report>
				<misses>636001</misses>
				<total>6</total>
				<timestamp>177.903246</timestamp>
			</report>
			<report>
				<misses>637001</misses>
				<total>6</total>
				<timestamp>178.182957</timestamp>
			</report>
			<report>
				<misses>638001</misses>
				<total>6</total>
				<timestamp>178.462671</timestamp>
			</report>
			<report>
				<misses>639001</misses>
				<total>6</total>
				<timestamp>178.742387</timestamp>
			</report>
			<report>
				<misses>640001</misses>
				<total>6</total>
				<timestamp>179.022080</timestamp>
			</report>
			<report>
				<misses>641001</misses>
				<total>6</total>
				<timestamp>179.301850</timestamp>
			</report>
			<report>
				<misses>642001</misses>
				<total>6</total>
				<timestamp>179.581529</timestamp>
			</report>
			<report>
				<misses>643001</misses>
				<total>6</total>
				<timestamp>179.861258</timestamp>
			</report>
			<report>
				<misses>644001</misses>
				<total>7</total>
				<timestamp>180.140979</timestamp>
			</report>
			<report>
				<misses>645001</misses>
				<total>7</total>
				<timestamp>180.420698</timestamp>
			</report>
			<report>
				<misses>646001</misses>
				<total>7</total>
				<timestamp>180.700442</timestamp>
			</report>
			<report>
				<misses>647001</misses>
				<total>7</total>
				<timestamp>180.980143</timestamp>
			</report>
			<report>
				<misses>648001</misses>
				<total>7</total>
				<timestamp>181.259886</timestamp>
			</report>
			<report>
				<misses>649001</misses>
				<total>7</total>
				<timestamp>181.539561</timestamp>
			</report>
			<report>
				<misses>650001</misses>
				<total>7</total>
				<timestamp>181.819315</timestamp>
			</report>
			<report>
				<misses>651001</misses>
				<total>7</total>
				<timestamp>182.099012</timestamp>
			</report>
			<report>
				<misses>652001</misses>
				<total>7</total>
				<timestamp>182.378736</timestamp>
			</report>
			<report>
				<misses>653001</misses>
				<total>7</total>
				<timestamp>182.658447</timestamp>
			</report>
			<report>
				<misses>654001</misses>
				<total>7</total>
				<timestamp>182.938187</timestamp>
			</report>
			<report>
				<misses>655001</misses>
				<total>7</total>
				<timestamp>183.217980</timestamp>
			</report>
			<report>
				<misses>656001</misses>
				<total>7</total>
				<timestamp>183.497620</timestamp>
			</report>
			<report>
				<misses>657001</misses>
				<total>7</total>
				<timestamp>183.777344</timestamp>
			</report>
			<report>
				<misses>658001</misses>
				<total>7</total>
				<timestamp>184.057046</timestamp>
			</report>
			<report>
				<misses>659001</misses>
				<total>7</total>
				<timestamp>184.336828</timestamp>
			</report>
			<report>
				<misses>660001</misses>
				<total>7</total>
				<timestamp>184.616489</timestamp>
			</report>
			<report>
				<misses>661001</misses>
				<total>7</total>
				<timestamp>184.896274</timestamp>
			</report>
			<report>
				<misses>662001</misses>
				<total>7</total>
				<timestamp>185.175960</timestamp>
			</report>
			<report>
				<misses>663001</misses>
				<total>7</total>
				<timestamp>185.455646</timestamp>
			</report>
			<report>
				<misses>664001</misses>
				<total>7</total>
				<timestamp>185.735411</timestamp>
			</report>
			<report>
				<misses>665001</misses>
				<total>7</total>
				<timestamp>186.015133</timestamp>
			</report>
			<report>
				<misses>666001</misses>
				<total>7</total>
				<timestamp>186.294864</timestamp>
			</report>
			<report>
				<misses>667001</misses>
				<total>7</total>
				<timestamp>186.574527</timestamp>
			</report>
			<report>
				<misses>668001</misses>
				<total>7</total>
				<timestamp>186.854259</timestamp>
			</report>
			<report>
				<misses>669001</misses>
				<total>7</total>
				<timestamp>187.133996</timestamp>
			</report>
			<report>
				<misses>670001</misses>
				<total>7</total>
				<timestamp>187.413711</timestamp>
			</report>
			<report>
				<misses>671001</misses>
				<total>7</total>
				<timestamp>187.693424</timestamp>
			</report>
			<report>
				<misses>672001</misses>
				<total>7</total>
				<timestamp>187.973164</timestamp>
			</report>
			<report>
				<misses>673001</misses>
				<total>7</total>
				<timestamp>188.252868</timestamp>
			</report>
			<report>
				<misses>674001</misses>
				<total>7</total>
				<timestamp>188.532552</timestamp>
			</report>
			<report>
				<misses>675001</misses>
				<total>7</total>
				<timestamp>188.812304</timestamp>
			</report>
			<report>
				<misses>676001</misses>
				<total>7</total>
				<timestamp>189.091997</timestamp>
			</report>
			<report>
				<misses>677001</misses>
				<total>7</total>
				<timestamp>189.371750</timestamp>
			</report>
			<report>
				<misses>678001</misses>
				<total>7</total>
				<timestamp>189.651439</timestamp>
			</report>
			<report>
				<misses>679001</misses>
				<total>7</total>
				<timestamp>189.931201</timestamp>
			</report>
			<report>
				<misses>680001</misses>
				<total>7</total>
				<timestamp>190.210900</timestamp>
			</report>
			<report>
				<misses>681001</misses>
				<total>7</total>
				<timestamp>190.490609</timestamp>
			</report>
			<report>
				<misses>682001</misses>
				<total>7</total>
				<timestamp>190.770381</timestamp>
			</report>
			<report>
				<misses>683001</misses>
				<total>7</total>
				<timestamp>191.050076</timestamp>
			</report>
			<report>
				<misses>684001</misses>
				<total>7</total>
				<timestamp>191.329798</timestamp>
			</report>
			<report>
				<misses>685001</misses>
				<total>7</total>
				<timestamp>191.609479</timestamp>
			</report>
			<report>
				<misses>686001</misses>
				<total>7</total>
				<timestamp>191.889231</timestamp>
			</report>
			<report>
				<misses>687001</misses>
				<total>7</total>
				<timestamp>192.168931</timestamp>
			</report>
			<report>
				<misses>688001</misses>
				<total>7</total>
				<timestamp>192.448640</timestamp>
			</report>
			<report>
				<misses>689001</misses>
				<total>7</total>
				<timestamp>192.728409</timestamp>
			</report>
			<report>
				<misses>690001</misses>
				<total>7</total>
				<timestamp>193.008098</timestamp>
			</report>
			<report>
				<misses>691001</misses>
				<total>7</total>
				<timestamp>193.287830</timestamp>
			</report>
			<report>
				<misses>692001</misses>
				<total>7</total>
				<timestamp>193.567546</timestamp>
			</report>
			<report>
				<misses>693001</misses>
				<total>7</total>
				<timestamp>193.847293</timestamp>
			</report>
			<report>
				<misses>694001</misses>
				<total>7</total>
				<timestamp>194.127016</timestamp>
			</report>
			<report>
				<misses>695001</misses>
				<total>7</total>
				<timestamp>194.406689</timestamp>
			</report>
			<report>
				<misses>696001</misses>
				<total>7</total>
				<timestamp>194.686415</timestamp>
			</report>
			<report>
				<misses>697001</misses>
				<total>7</total>
				<timestamp>194.966143</timestamp>
			</report>
			<report>
				<misses>698001</misses>
				<total>7</total>
				<timestamp>195.245914</timestamp>
			</report>
			<report>
				<misses>699001</misses>
				<total>7</total>
				<timestamp>195.525582</timestamp>
			</report>
			<report>
				<misses>700001</misses>
				<total>7</total>
				<timestamp>195.805313</timestamp>
			</report>
			<report>
				<misses>701001</misses>
				<total>7</total>
				<timestamp>196.085096</timestamp>
			</report>
			<report>
				<misses>702001</misses>
				<total>7</total>
				<timestamp>196.364748</timestamp>
			</report>
			<report>
				<misses>703001</misses>
				<total>7</total>
				<timestamp>196.644446</timestamp>
			</report>
			<report>
				<misses>704001</misses>
				<total>7</total>
				<timestamp>196.924165</timestamp>
			</report>
			<report>
				<misses>705001</misses>
				<total>7</total>
				<timestamp>197.203928</timestamp>
			</report>
			<report>
				<misses>706001</misses>
				<total>7</total>
				<timestamp>197.483612</timestamp>
			</report>
			<report>
				<misses>707001</misses>
				<total>7</total>
				<timestamp>197.763337</timestamp>
			</report>
			<report>
				<misses>708001</misses>
				<total>7</total>
				<timestamp>198.043081</timestamp>
			</report>
			<report>
				<misses>709001</misses>
				<total>7</total>
				<timestamp>198.322834</timestamp>
			</report>
			<report>
				<misses>710001</misses>
				<total>7</total>
				<timestamp>198.602482</timestamp>
			</report>
			<report>
				<misses>711001</misses>
				<total>7</total>
				<timestamp>198.882214</timestamp>
			</report>
			<report>
				<misses>712001</misses>
				<total>7</total>
				<timestamp>199.161994</timestamp>
			</report>
			<report>
				<misses>713001</misses>
				<total>7</total>
				<timestamp>199.441685</timestamp>
			</report>
			<report>
				<misses>714001</misses>
				<total>7</total>
				<timestamp>199.721377</timestamp>
			</report>
			<report>
				<misses>715001</misses>
				<total>7</total>
				<timestamp>200.001092</timestamp>
			</report>
			<report>
				<misses>716001</misses>
				<total>7</total>
				<timestamp>200.280806</timestamp>
			</report>
			<report>
				<misses>717001</misses>
				<total>7</total>
				<timestamp>200.560519</timestamp>
			</report>
			<report>
				<misses>718001</misses>
				<total>7</total>
				<timestamp>200.840245</timestamp>
			</report>
			<report>
				<misses>719001</misses>
				<total>7</total>
				<timestamp>201.120032</timestamp>
			</report>
			<report>
				<misses>720001</misses>
				<total>7</total>
				<timestamp>201.399684</timestamp>
			</report>
			<report>
				<misses>721001</misses>
				<total>7</total>
				<timestamp>201.679417</timestamp>
			</report>
			<report>
				<misses>722001</misses>
				<total>7</total>
				<timestamp>201.959153</timestamp>
			</report>
			<report>
				<misses>723001</misses>
				<total>7</total>
				<timestamp>202.238894</timestamp>
			</report>
			<report>
				<misses>724001</misses>
				<total>7</total>
				<timestamp>202.518584</timestamp>
			</report>
			<report>
				<misses>725001</misses>
				<total>7</total>
				<timestamp>202.798276</timestamp>
			</report>
			<report>
				<misses>726001</misses>
				<total>7</total>
				<timestamp>203.078048</timestamp>
			</report>
			<report>
				<misses>727001</misses>
				<total>7</total>
				<timestamp>203.357817</timestamp>
			</report>
			<report>
				<misses>728001</misses>
				<total>7</total>
				<timestamp>203.637468</timestamp>
			</report>
			<report>
				<misses>729001</misses>
				<total>7</total>
				<timestamp>203.917188</timestamp>
			</report>
			<report>
				<misses>730001</misses>
				<total>7</total>
				<timestamp>204.196904</timestamp>
			</report>
			<report>
				<misses>731001</misses>
				<total>7</total>
				<timestamp>204.476600</timestamp>
			</report>
			<report>
				<misses>732001</misses>
				<total>7</total>
				<timestamp>204.756338</timestamp>
			</report>
			<report>
				<misses>733001</misses>
				<total>7</total>
				<timestamp>205.036075</timestamp>
			</report>
			<report>
				<misses>734001</misses>
				<total>7</total>
				<timestamp>205.315847</timestamp>
			</report>
			<report>
				<misses>735001</misses>
				<total>7</total>
				<timestamp>205.595492</timestamp>
			</report>
			<report>
				<misses>736001</misses>
				<total>7</total>
				<timestamp>205.875209</timestamp>
			</report>
			<report>
				<misses>737001</misses>
				<total>7</total>
				<timestamp>206.154988</timestamp>
			</report>
			<report>
				<misses>738001</misses>
				<total>7</total>
				<timestamp>206.434649</timestamp>
			</report>
			<report>
				<misses>739001</misses>
				<total>7</total>
				<timestamp>206.714391</timestamp>
			</report>
			<report>
				<misses>740001</misses>
				<total>7</total>
				<timestamp>206.994110</timestamp>
			</report>
			<report>
				<misses>741001</misses>
				<total>7</total>
				<timestamp>207.273832</timestamp>
			</report>
			<report>
				<misses>742001</misses>
				<total>7</total>
				<timestamp>207.553532</timestamp>
			</report>
			<report>
				<misses>743001</misses>
				<total>7</total>
				<timestamp>207.833252</timestamp>
			</report>
			<report>
				<misses>744001</misses>
				<total>7</total>
				<timestamp>208.112995</timestamp>
			</report>
			<report>
				<misses>745001</misses>
				<total>7</total>
				<timestamp>208.392701</timestamp>
			</report>
			<report>
				<misses>746001</misses>
				<total>7</total>
				<timestamp>208.672445</timestamp>
			</report>
			<report>
				<misses>747001</misses>
				<total>7</total>
				<timestamp>208.952173</timestamp>
			</report>
			<report>
				<misses>748001</misses>
				<total>7</total>
				<timestamp>209.231868</timestamp>
			</report>
			<report>
				<misses>749001</misses>
				<total>7</total>
				<timestamp>209.511570</timestamp>
			</report>
			<report>
				<misses>750001</misses>
				<total>7</total>
				<timestamp>209.791285</timestamp>
			</report>
			<report>
				<misses>751001</misses>
				<total>7</total>
				<timestamp>210.071049</timestamp>
			</report>
			<report>
				<misses>752001</misses>
				<total>7</total>
				<timestamp>210.350753</timestamp>
			</report>
			<report>
				<misses>753001</misses>
				<total>7</total>
				<timestamp>210.630491</timestamp>
			</report>
			<report>
				<misses>754001</misses>
				<total>7</total>
				<timestamp>210.910190</timestamp>
			</report>
			<report>
				<misses>755001</misses>
				<total>7</total>
				<timestamp>211.189953</timestamp>
			</report>
			<report>
				<misses>756001</misses>
				<total>7</total>
				<timestamp>211.469617</timestamp>
			</report>
			<report>
				<misses>757001</misses>
				<total>7</total>
				<timestamp>211.749346</timestamp>
			</report>
			<report>
				<misses>758001</misses>
				<total>7</total>
				<timestamp>212.029072</timestamp>
			</report>
			<report>
				<misses>759001</misses>
				<total>7</total>
				<timestamp>212.308809</timestamp>
			</report>
			<report>
				<misses>760001</misses>
				<total>7</total>
				<timestamp>212.588490</timestamp>
			</report>
			<report>
				<misses>761001</misses>
				<total>7</total>
				<timestamp>212.868224</timestamp>
			</report>
			<report>
				<misses>762001</misses>
				<total>7</total>
				<timestamp>213.147944</timestamp>
			</report>
			<report>
				<misses>763001</misses>
				<total>7</total>
				<timestamp>213.427724</timestamp>
			</report>
			<report>
				<misses>764001</misses>
				<total>7</total>
				<timestamp>213.707379</timestamp>
			</report>
			<report>
				<misses>765001</misses>
				<total>7</total>
				<timestamp>213.987139</timestamp>
			</report>
			<report>
				<misses>766001</misses>
				<total>7</total>
				<timestamp>214.266873</timestamp>
			</report>
			<report>
				<misses>767001</misses>
				<total>7</total>
				<timestamp>214.546558</timestamp>
			</report>
			<report>
				<misses>768001</misses>
				<total>7</total>
				<timestamp>214.826264</timestamp>
			</report>
			<report>
				<misses>769001</misses>
				<total>7</total>
				<timestamp>215.105997</timestamp>
			</report>
			<report>
				<misses>770001</misses>
				<total>7</total>
				<timestamp>215.385727</timestamp>
			</report>
			<report>
				<misses>771001</misses>
				<total>7</total>
				<timestamp>215.665432</timestamp>
			</report>
			<report>
				<misses>772001</misses>
				<total>7</total>
				<timestamp>215.945124</timestamp>
			</report>
			<report>
				<misses>773001</misses>
				<total>7</total>
				<timestamp>216.224888</timestamp>
			</report>
			<report>
				<misses>774001</misses>
				<total>7</total>
				<timestamp>216.504584</timestamp>
			</report>
			<report>
				<misses>775001</misses>
				<total>7</total>
				<timestamp>216.784283</timestamp>
			</report>
			<report>
				<misses>776001</misses>
				<total>7</total>
				<timestamp>217.064056</timestamp>
			</report>
			<report>
				<misses>777001</misses>
				<total>7</total>
				<timestamp>217.343738</timestamp>
			</report>
			<report>
				<misses>778001</misses>
				<total>7</total>
				<timestamp>217.623455</timestamp>
			</report>
			<report>
				<misses>779001</misses>
				<total>7</total>
				<timestamp>217.903230</timestamp>
			</report>
			<report>
				<misses>780001</misses>
				<total>7</total>
				<timestamp>218.182898</timestamp>
			</report>
			<report>
				<misses>781001</misses>
				<total>7</total>
				<timestamp>218.462600</timestamp>
			</report>
			<report>
				<misses>782001</misses>
				<total>7</total>
				<timestamp>218.742323</timestamp>
			</report>
			<report>
				<misses>783001</misses>
				<total>7</total>
				<timestamp>219.022083</timestamp>
			</report>
			<report>
				<misses>784001</misses>
				<total>7</total>
				<timestamp>219.301776</timestamp>
			</report>
			<report>
				<misses>785001</misses>
				<total>7</total>
				<timestamp>219.581497</timestamp>
			</report>
			<report>
				<misses>786001</misses>
				<total>7</total>
				<timestamp>219.861211</timestamp>
			</report>
			<report>
				<misses>787001</misses>
				<total>7</total>
				<timestamp>220.140985</timestamp>
			</report>
			<report>
				<misses>788001</misses>
				<total>7</total>
				<timestamp>220.420716</timestamp>
			</report>
			<report>
				<misses>789001</misses>
				<total>7</total>
				<timestamp>220.700384</timestamp>
			</report>
			<report>
				<misses>790001</misses>
				<total>7</total>
				<timestamp>220.980112</timestamp>
			</report>
			<report>
				<misses>791001</misses>
				<total>7</total>
				<timestamp>221.259825</timestamp>
			</report>
			<report>
				<misses>792001</misses>
				<total>7</total>
				<timestamp>221.539531</timestamp>
			</report>
			<report>
				<misses>793001</misses>
				<total>7</total>
				<timestamp>221.819265</timestamp>
			</report>
			<report>
				<misses>794001</misses>
				<total>7</total>
				<timestamp>222.098969</timestamp>
			</report>
			<report>
				<misses>795001</misses>
				<total>7</total>
				<timestamp>222.378716</timestamp>
			</report>
			<report>
				<misses>796001</misses>
				<total>7</total>
				<timestamp>222.658395</timestamp>
			</report>
			<report>
				<misses>797001</misses>
				<total>7</total>
				<timestamp>222.938127</timestamp>
			</report>
			<report>
				<misses>798001</misses>
				<total>7</total>
				<timestamp>223.217902</timestamp>
			</report>
			<report>
				<misses>799001</misses>
				<total>7</total>
				<timestamp>223.497632</timestamp>
			</report>
			<report>
				<misses>800001</misses>
				<total>7</total>
				<timestamp>223.777287</timestamp>
			</report>
			<report>
				<misses>801001</misses>
				<total>7</total>
				<timestamp>224.057037</timestamp>
			</report>
			<report>
				<misses>802001</misses>
				<total>7</total>
				<timestamp>224.336787</timestamp>
			</report>
			<report>
				<misses>803001</misses>
				<total>7</total>
				<timestamp>224.616455</timestamp>
			</report>
			<report>
				<misses>804001</misses>
				<total>7</total>
				<timestamp>224.896181</timestamp>
			</report>
			<report>
				<misses>805001</misses>
				<total>7</total>
				<timestamp>225.175949</timestamp>
			</report>
			<report>
				<misses>806001</misses>
				<total>7</total>
				<timestamp>225.455652</timestamp>
			</report>
			<report>
				<misses>807001</misses>
				<total>7</total>
				<timestamp>225.735321</timestamp>
			</report>
			<report>
				<misses>808001</misses>
				<total>7</total>
				<timestamp>226.015082</timestamp>
			</report>
			<report>
				<misses>809001</misses>
				<total>7</total>
				<timestamp>226.294841</timestamp>
			</report>
			<report>
				<misses>810001</misses>
				<total>7</total>
				<timestamp>226.574498</timestamp>
			</report>
			<report>
				<misses>811001</misses>
				<total>7</total>
				<timestamp>226.854208</timestamp>
			</report>
			<report>
				<misses>812001</misses>
				<total>7</total>
				<timestamp>227.133926</timestamp>
			</report>
			<report>
				<misses>813001</misses>
				<total>7</total>
				<timestamp>227.413652</timestamp>
			</report>
			<report>
				<misses>814001</misses>
				<total>7</total>
				<timestamp>227.693373</timestamp>
			</report>
			<report>
				<misses>815001</misses>
				<total>7</total>
				<timestamp>227.973103</timestamp>
			</report>
			<report>
				<misses>816001</misses>
				<total>7</total>
				<timestamp>228.252812</timestamp>
			</report>
			<report>
				<misses>817001</misses>
				<total>7</total>
				<timestamp>228.532530</timestamp>
			</report>
			<report>
				<misses>818001</misses>
				<total>7</total>
				<timestamp>228.812263</timestamp>
			</report>
			<report>
				<misses>819001</misses>
				<total>7</total>
				<timestamp>229.091984</timestamp>
			</report>
			<report>
				<misses>820001</misses>
				<total>7</total>
				<timestamp>229.371718</timestamp>
			</report>
			<report>
				<misses>821001</misses>
				<total>7</total>
				<timestamp>229.651422</timestamp>
			</report>
			<report>
				<misses>822001</misses>
				<total>7</total>
				<timestamp>229.931151</timestamp>
			</report>
			<report>
				<misses>823001</misses>
				<total>7</total>
				<timestamp>230.210950</timestamp>
			</report>
			<report>
				<misses>824001</misses>
				<total>7</total>
				<timestamp>230.490566</timestamp>
			</report>
			<report>
				<misses>825001</misses>
				<total>7</total>
				<timestamp>230.770277</timestamp>
			</report>
			<report>
				<misses>826001</misses>
				<total>7</total>
				<timestamp>231.050011</timestamp>
			</report>
			<report>
				<misses>827001</misses>
				<total>7</total>
				<timestamp>231.329771</timestamp>
			</report>
			<report>
				<misses>828001</misses>
				<total>7</total>
				<timestamp>231.609444</timestamp>
			</report>
			<report>
				<misses>829001</misses>
				<total>7</total>
				<timestamp>231.889206</timestamp>
			</report>
			<report>
				<misses>830001</misses>
				<total>7</total>
				<timestamp>232.168897</timestamp>
			</report>
			<report>
				<misses>831001</misses>
				<total>7</total>
				<timestamp>232.448660</timestamp>
			</report>
			<report>
				<misses>832001</misses>
				<total>7</total>
				<timestamp>232.728341</timestamp>
			</report>
			<report>
				<misses>833001</misses>
				<total>7</total>
				<timestamp>233.008057</timestamp>
			</report>
			<report>
				<misses>834001</misses>
				<total>7</total>
				<timestamp>233.287817</timestamp>
			</report>
			<report>
				<misses>835001</misses>
				<total>7</total>
				<timestamp>233.567496</timestamp>
			</report>
			<report>
				<misses>836001</misses>
				<total>7</total>
				<timestamp>233.847222</timestamp>
			</report>
			<report>
				<misses>837001</misses>
				<total>7</total>
				<timestamp>234.126997</timestamp>
			</report>
			<report>
				<misses>838001</misses>
				<total>7</total>
				<timestamp>234.406659</timestamp>
			</report>
			<report>
				<misses>839001</misses>
				<total>7</total>
				<timestamp>234.686354</timestamp>
			</report>
			<report>
				<misses>840001</misses>
				<total>7</total>
				<timestamp>234.966104</timestamp>
			</report>
			<report>
				<misses>841001</misses>
				<total>7</total>
				<timestamp>235.245838</timestamp>
			</report>
			<report>
				<misses>842001</misses>
				<total>7</total>
				<timestamp>235.525523</timestamp>
			</report>
			<report>
				<misses>843001</misses>
				<total>7</total>
				<timestamp>235.805262</timestamp>
			</report>
			<report>
				<misses>844001</misses>
				<total>7</total>
				<timestamp>236.085020</timestamp>
			</report>
			<report>
				<misses>845001</misses>
				<total>7</total>
				<timestamp>236.364710</timestamp>
			</report>
			<report>
				<misses>846001</misses>
				<total>7</total>
				<timestamp>236.644411</timestamp>
			</report>
			<report>
				<misses>847001</misses>
				<total>7</total>
				<timestamp>236.924139</timestamp>
			</report>
			<report>
				<misses>848001</misses>
				<total>7</total>
				<timestamp>237.203866</timestamp>
			</report>
			<report>
				<misses>849001</misses>
				<total>7</total>
				<timestamp>237.483644</timestamp>
			</report>
			<report>
				<misses>850001</misses>
				<total>7</total>
				<timestamp>237.763275</timestamp>
			</report>
			<report>
				<misses>851001</misses>
				<total>7</total>
				<timestamp>238.042997</timestamp>
			</report>
			<report>
				<misses>852001</misses>
				<total>7</total>
				<timestamp>238.322764</timestamp>
			</report>
			<report>
				<misses>853001</misses>
				<total>7</total>
				<timestamp>238.602447</timestamp>
			</report>
			<report>
				<misses>854001</misses>
				<total>7</total>
				<timestamp>238.882178</timestamp>
			</report>
			<report>
				<misses>855001</misses>
				<total>7</total>
				<timestamp>239.161893</timestamp>
			</report>
			<report>
				<misses>856001</misses>
				<total>7</total>
				<timestamp>239.441662</timestamp>
			</report>
			<report>
				<misses>857001</misses>
				<total>7</total>
				<timestamp>239.721323</timestamp>
			</report>
			<report>
				<misses>858001</misses>
				<total>7</total>
				<timestamp>240.001037</timestamp>
			</report>
			<report>
				<misses>859001</misses>
				<total>7</total>
				<timestamp>240.280815</timestamp>
			</report>
			<report>
				<misses>860001</misses>
				<total>7</total>
				<timestamp>240.560493</timestamp>
			</report>
			<report>
				<misses>861001</misses>
				<total>7</total>
				<timestamp>240.840218</timestamp>
			</report>
			<report>
				<misses>862001</misses>
				<total>7</total>
				<timestamp>241.119954</timestamp>
			</report>
			<report>
				<misses>863001</misses>
				<total>7</total>
				<timestamp>241.399689</timestamp>
			</report>
			<report>
				<misses>864001</misses>
				<total>7</total>
				<timestamp>241.679371</timestamp>
			</report>
			<report>
				<misses>865001</misses>
				<total>7</total>
				<timestamp>241.959155</timestamp>
			</report>
			<report>
				<misses>866001</misses>
				<total>7</total>
				<timestamp>242.238823</timestamp>
			</report>
			<report>
				<misses>867001</misses>
				<total>7</total>
				<timestamp>242.518532</timestamp>
			</report>
			<report>
				<misses>868001</misses>
				<total>7</total>
				<timestamp>242.798278</timestamp>
			</report>
			<report>
				<misses>869001</misses>
				<total>7</total>
				<timestamp>243.077967</timestamp>
			</report>
			<report>
				<misses>870001</misses>
				<total>7</total>
				<timestamp>243.357690</timestamp>
			</report>
			<report>
				<misses>871001</misses>
				<total>7</total>
				<timestamp>243.637444</timestamp>
			</report>
			<report>
				<misses>872001</misses>
				<total>7</total>
				<timestamp>243.917157</timestamp>
			</report>
			<report>
				<misses>873001</misses>
				<total>7</total>
				<timestamp>244.196880</timestamp>
			</report>
			<report>
				<misses>874001</misses>
				<total>7</total>
				<timestamp>244.476622</timestamp>
			</report>
			<report>
				<misses>875001</misses>
				<total>7</total>
				<timestamp>244.756282</timestamp>
			</report>
			<report>
				<misses>876001</misses>
				<total>7</total>
				<timestamp>245.036016</timestamp>
			</report>
			<report>
				<misses>877001</misses>
				<total>7</total>
				<timestamp>245.315761</timestamp>
			</report>
			<report>
				<misses>878001</misses>
				<total>7</total>
				<timestamp>245.595442</timestamp>
			</report>
			<report>
				<misses>879001</misses>
				<total>7</total>
				<timestamp>245.875180</timestamp>
			</report>
			<report>
				<misses>880001</misses>
				<total>7</total>
				<timestamp>246.154917</timestamp>
			</report>
			<report>
				<misses>881001</misses>
				<total>7</total>
				<timestamp>246.434647</timestamp>
			</report>
			<report>
				<misses>882001</misses>
				<total>7</total>
				<timestamp>246.714335</timestamp>
			</report>
			<report>
				<misses>883001</misses>
				<total>7</total>
				<timestamp>246.994066</timestamp>
			</report>
			<report>
				<misses>884001</misses>
				<total>7</total>
				<timestamp>247.273801</timestamp>
			</report>
			<report>
				<misses>885001</misses>
				<total>7</total>
				<timestamp>247.553552</timestamp>
			</report>
			<report>
				<misses>886001</misses>
				<total>7</total>
				<timestamp>247.833210</timestamp>
			</report>
			<report>
				<misses>887001</misses>
				<total>7</total>
				<timestamp>248.112938</timestamp>
			</report>
			<report>
				<misses>888001</misses>
				<total>7</total>
				<timestamp>248.392646</timestamp>
			</report>
			<report>
				<misses>889001</misses>
				<total>7</total>
				<timestamp>248.672394</timestamp>
			</report>
			<report>
				<misses>890001</misses>
				<total>7</total>
				<timestamp>248.952104</timestamp>
			</report>
			<report>
				<misses>891001</misses>
				<total>8</total>
				<timestamp>249.231843</timestamp>
			</report>
			<report>
				<misses>892001</misses>
				<total>8</total>
				<timestamp>249.511570</timestamp>
			</report>
			<report>
				<misses>893001</misses>
				<total>8</total>
				<timestamp>249.791279</timestamp>
			</report>
			<report>
				<misses>894001</misses>
				<total>8</total>
				<timestamp>250.070979</timestamp>
			</report>
			<report>
				<misses>895001</misses>
				<total>8</total>
				<timestamp>250.350723</timestamp>
			</report>
			<report>
				<misses>896001</misses>
				<total>8</total>
				<timestamp>250.630404</timestamp>
			</report>
			<report>
				<misses>897001</misses>
				<total>8</total>
				<timestamp>250.910154</timestamp>
			</report>
			<report>
				<misses>898001</misses>
				<total>8</total>
				<timestamp>251.189900</timestamp>
			</report>
			<report>
				<misses>899001</misses>
				<total>8</total>
				<timestamp>251.469574</timestamp>
			</report>
			<report>
				<misses>900001</misses>
				<total>8</total>
				<timestamp>251.749345</timestamp>
			</report>
			<report>
				<misses>901001</misses>
				<total>8</total>
				<timestamp>252.029011</timestamp>
			</report>
			<report>
				<misses>902001</misses>
				<total>8</total>
				<timestamp>252.308795</timestamp>
			</report>
			<report>
				<misses>903001</misses>
				<total>8</total>
				<timestamp>252.588454</timestamp>
			</report>
			<report>
				<misses>904001</misses>
				<total>8</total>
				<timestamp>252.868199</timestamp>
			</report>
			<report>
				<misses>905001</misses>
				<total>8</total>
				<timestamp>253.147953</timestamp>
			</report>
			<report>
				<misses>906001</misses>
				<total>8</total>
				<timestamp>253.427666</timestamp>
			</report>
			<report>
				<misses>907001</misses>
				<total>8</total>
				<timestamp>253.707365</timestamp>
			</report>
			<report>
				<misses>908001</misses>
				<total>8</total>
				<timestamp>253.987069</timestamp>
			</report>
			<report>
				<misses>909001</misses>
				<total>8</total>
				<timestamp>254.266788</timestamp>
			</report>
			<report>
				<misses>910001</misses>
				<total>8</total>
				<timestamp>254.546524</timestamp>
			</report>
			<report>
				<misses>911001</misses>
				<total>8</total>
				<timestamp>254.826320</timestamp>
			</report>
			<report>
				<misses>912001</misses>
				<total>8</total>
				<timestamp>255.105938</timestamp>
			</report>
			<report>
				<misses>913001</misses>
				<total>8</total>
				<timestamp>255.385721</timestamp>
			</report>
			<report>
				<misses>914001</misses>
				<total>8</total>
				<timestamp>255.665415</timestamp>
			</report>
			<report>
				<misses>915001</misses>
				<total>8</total>
				<timestamp>255.945085</timestamp>
			</report>
			<report>
				<misses>916001</misses>
				<total>8</total>
				<timestamp>256.224863</timestamp>
			</report>
			<report>
				<misses>917001</misses>
				<total>8</total>
				<timestamp>256.504548</timestamp>
			</report>
			<report>
				<misses>918001</misses>
				<total>8</total>
				<timestamp>256.784252</timestamp>
			</report>
			<report>
				<misses>919001</misses>
				<total>8</total>
				<timestamp>257.063975</timestamp>
			</report>
			<report>
				<misses>920001</misses>
				<total>8</total>
				<timestamp>257.343754</timestamp>
			</report>
			<report>
				<misses>921001</misses>
				<total>8</total>
				<timestamp>257.623494</timestamp>
			</report>
			<report>
				<misses>922001</misses>
				<total>8</total>
				<timestamp>257.903142</timestamp>
			</report>
			<report>
				<misses>923001</misses>
				<total>8</total>
				<timestamp>258.182863</timestamp>
			</report>
			<report>
				<misses>924001</misses>
				<total>8</total>
				<timestamp>258.462575</timestamp>
			</report>
			<report>
				<misses>925001</misses>
				<total>8</total>
				<timestamp>258.742286</timestamp>
			</report>
			<report>
				<misses>926001</misses>
				<total>8</total>
				<timestamp>259.022024</timestamp>
			</report>
			<report>
				<misses>927001</misses>
				<total>8</total>
				<timestamp>259.301746</timestamp>
			</report>
			<report>
				<misses>928001</misses>
				<total>8</total>
				<timestamp>259.581517</timestamp>
			</report>
			<report>
				<misses>929001</misses>
				<total>8</total>
				<timestamp>259.861157</timestamp>
			</report>
			<report>
				<misses>930001</misses>
				<total>8</total>
				<timestamp>260.140912</timestamp>
			</report>
			<report>
				<misses>931001</misses>
				<total>8</total>
				<timestamp>260.420621</timestamp>
			</report>
			<report>
				<misses>932001</misses>
				<total>8</total>
				<timestamp>260.700328</timestamp>
			</report>
			<report>
				<misses>933001</misses>
				<total>8</total>
				<timestamp>260.980046</timestamp>
			</report>
			<report>
				<misses>934001</misses>
				<total>8</total>
				<timestamp>261.259801</timestamp>
			</report>
			<report>
				<misses>935001</misses>
				<total>8</total>
				<timestamp>261.539532</timestamp>
			</report>
			<report>
				<misses>936001</misses>
				<total>9</total>
				<timestamp>261.819207</timestamp>
			</report>
			<report>
				<misses>937001</misses>
				<total>9</total>
				<timestamp>262.098922</timestamp>
			</report>
			<report>
				<misses>938001</misses>
				<total>9</total>
				<timestamp>262.378666</timestamp>
			</report>
			<report>
				<misses>939001</misses>
				<total>9</total>
				<timestamp>262.658389</timestamp>
			</report>
			<report>
				<misses>940001</misses>
				<total>9</total>
				<timestamp>262.938112</timestamp>
			</report>
			<report>
				<misses>941001</misses>
				<total>9</total>
				<timestamp>263.217840</timestamp>
			</report>
			<report>
				<misses>942001</misses>
				<total>9</total>
				<timestamp>263.497598</timestamp>
			</report>
			<report>
				<misses>943001</misses>
				<total>9</total>
				<timestamp>263.777246</timestamp>
			</report>
			<report>
				<misses>944001</misses>
				<total>9</total>
				<timestamp>264.056980</timestamp>
			</report>
			<report>
				<misses>945001</misses>
				<total>9</total>
				<timestamp>264.336784</timestamp>
			</report>
			<report>
				<misses>946001</misses>
				<total>9</total>
				<timestamp>264.616404</timestamp>
			</report>
			<report>
				<misses>947001</misses>
				<total>9</total>
				<timestamp>264.896123</timestamp>
			</report>
			<report>
				<misses>948001</misses>
				<total>9</total>
				<timestamp>265.175903</timestamp>
			</report>
			<report>
				<misses>949001</misses>
				<total>9</total>
				<timestamp>265.455625</timestamp>
			</report>
			<report>
				<misses>950001</misses>
				<total>9</total>
				<timestamp>265.735301</timestamp>
			</report>
			<report>
				<misses>951001</misses>
				<total>9</total>
				<timestamp>266.015015</timestamp>
			</report>
			<report>
				<misses>952001</misses>
				<total>9</total>
				<timestamp>266.294745</timestamp>
			</report>
			<report>
				<misses>953001</misses>
				<total>9</total>
				<timestamp>266.574551</timestamp>
			</report>
			<report>
				<misses>954001</misses>
				<total>9</total>
				<timestamp>266.854195</timestamp>
			</report>
			<report>
				<misses>955001</misses>
				<total>9</total>
				<timestamp>267.133916</timestamp>
			</report>
			<report>
				<misses>956001</misses>
				<total>9</total>
				<timestamp>267.413672</timestamp>
			</report>
			<report>
				<misses>957001</misses>
				<total>9</total>
				<timestamp>267.693359</timestamp>
			</report>
			<report>
				<misses>958001</misses>
				<total>9</total>
				<timestamp>267.973053</timestamp>
			</report>
			<report>
				<misses>959001</misses>
				<total>9</total>
				<timestamp>268.252818</timestamp>
			</report>
			<report>
				<misses>960001</misses>
				<total>9</total>
				<timestamp>268.532505</timestamp>
			</report>
			<report>
				<misses>961001</misses>
				<total>9</total>
				<timestamp>268.812210</timestamp>
			</report>
			<report>
				<misses>962001</misses>
				<total>9</total>
				<timestamp>269.091927</timestamp>
			</report>
			<report>
				<misses>963001</misses>
				<total>9</total>
				<timestamp>269.371665</timestamp>
			</report>
			<report>
				<misses>964001</misses>
				<total>9</total>
				<timestamp>269.651353</timestamp>
			</report>
			<report>
				<misses>965001</misses>
				<total>9</total>
				<timestamp>269.931081</timestamp>
			</report>
			<report>
				<misses>966001</misses>
				<total>9</total>
				<timestamp>270.210824</timestamp>
			</report>
			<report>
				<misses>967001</misses>
				<total>9</total>
				<timestamp>270.490556</timestamp>
			</report>
			<report>
				<misses>968001</misses>
				<total>9</total>
				<timestamp>270.770243</timestamp>
			</report>
			<report>
				<misses>969001</misses>
				<total>9</total>
				<timestamp>271.049979</timestamp>
			</report>
			<report>
				<misses>970001</misses>
				<total>9</total>
				<timestamp>271.329691</timestamp>
			</report>
			<report>
				<misses>971001</misses>
				<total>9</total>
				<timestamp>271.609398</timestamp>
			</report>
			<report>
				<misses>972001</misses>
				<total>9</total>
				<timestamp>271.889134</timestamp>
			</report>
			<report>
				<misses>973001</misses>
				<total>9</total>
				<timestamp>272.168844</timestamp>
			</report>
			<report>
				<misses>974001</misses>
				<total>9</total>
				<timestamp>272.448577</timestamp>
			</report>
			<report>
				<misses>975001</misses>
				<total>9</total>
				<timestamp>272.728307</timestamp>
			</report>
			<report>
				<misses>976001</misses>
				<total>9</total>
				<timestamp>273.008044</timestamp>
			</report>
			<report>
				<misses>977001</misses>
				<total>9</total>
				<timestamp>273.287857</timestamp>
			</report>
			<report>
				<misses>978001</misses>
				<total>9</total>
				<timestamp>273.567514</timestamp>
			</report>
			<report>
				<misses>979001</misses>
				<total>9</total>
				<timestamp>273.847212</timestamp>
			</report>
			<report>
				<misses>980001</misses>
				<total>9</total>
				<timestamp>274.126898</timestamp>
			</report>
			<report>
				<misses>981001</misses>
				<total>9</total>
				<timestamp>274.406638</timestamp>
			</report>
			<report>
				<misses>982001</misses>
				<total>9</total>
				<timestamp>274.686342</timestamp>
			</report>
			<report>
				<misses>983001</misses>
				<total>9</total>
				<timestamp>274.966048</timestamp>
			</report>
			<report>
				<misses>984001</misses>
				<total>9</total>
				<timestamp>275.245776</timestamp>
			</report>
			<report>
				<misses>985001</misses>
				<total>9</total>
				<timestamp>275.525505</timestamp>
			</report>
			<report>
				<misses>986001</misses>
				<total>9</total>
				<timestamp>275.805205</timestamp>
			</report>
			<report>
				<misses>987001</misses>
				<total>9</total>
				<timestamp>276.084942</timestamp>
			</report>
			<report>
				<misses>988001</misses>
				<total>9</total>
				<timestamp>276.364665</timestamp>
			</report>
			<report>
				<misses>989001</misses>
				<total>9</total>
				<timestamp>276.644391</timestamp>
			</report>
			<report>
				<misses>990001</misses>
				<total>9</total>
				<timestamp>276.924088</timestamp>
			</report>
			<report>
				<misses>991001</misses>
				<total>9</total>
				<timestamp>277.203867</timestamp>
			</report>
			<report>
				<misses>992001</misses>
				<total>9</total>
				<timestamp>277.483629</timestamp>
			</report>
			<report>
				<misses>993001</misses>
				<total>9</total>
				<timestamp>277.763254</timestamp>
			</report>
			<report>
				<misses>994001</misses>
				<total>9</total>
				<timestamp>278.042983</timestamp>
			</report>
			<report>
				<misses>995001</misses>
				<total>9</total>
				<timestamp>278.322715</timestamp>
			</report>
			<report>
				<misses>996001</misses>
				<total>9</total>
				<timestamp>278.602428</timestamp>
			</report>
			<report>
				<misses>997001</misses>
				<total>9</total>
				<timestamp>278.882151</timestamp>
			</report>
			<report>
				<misses>998001</misses>
				<total>9</total>
				<timestamp>279.161852</timestamp>
			</report>
			<report>
				<misses>999001</misses>
				<total>9</total>
				<timestamp>279.441668</timestamp>
			</report>
			<report>
				<misses>1000001</misses>
				<total>9</total>
				<timestamp>279.721308</timestamp>
			</report>
			<report>
				<misses>1001001</misses>
				<total>9</total>
				<timestamp>280.001026</timestamp>
			</report>
			<report>
				<misses>1002001</misses>
				<total>9</total>
				<timestamp>280.280788</timestamp>
			</report>
			<report>
				<misses>1003001</misses>
				<total>9</total>
				<timestamp>280.560509</timestamp>
			</report>
			<report>
				<misses>1004001</misses>
				<total>9</total>
				<timestamp>280.840187</timestamp>
			</report>
			<report>
				<misses>1005001</misses>
				<total>9</total>
				<timestamp>281.119883</timestamp>
			</report>
			<report>
				<misses>1006001</misses>
				<total>9</total>
				<timestamp>281.399620</timestamp>
			</report>
			<report>
				<misses>1007001</misses>
				<total>9</total>
				<timestamp>281.679330</timestamp>
			</report>
			<report>
				<misses>1008001</misses>
				<total>9</total>
				<timestamp>281.959075</timestamp>
			</report>
			<report>
				<misses>1009001</misses>
				<total>9</total>
				<timestamp>282.238798</timestamp>
			</report>
			<report>
				<misses>1010001</misses>
				<total>9</total>
				<timestamp>282.518507</timestamp>
			</report>
			<report>
				<misses>1011001</misses>
				<total>9</total>
				<timestamp>282.798199</timestamp>
			</report>
			<report>
				<misses>1012001</misses>
				<total>9</total>
				<timestamp>283.077923</timestamp>
			</report>
			<report>
				<misses>1013001</misses>
				<total>9</total>
				<timestamp>283.357634</timestamp>
			</report>
			<report>
				<misses>1014001</misses>
				<total>9</total>
				<timestamp>283.637370</timestamp>
			</report>
			<report>
				<misses>1015001</misses>
				<total>9</total>
				<timestamp>283.917107</timestamp>
			</report>
			<report>
				<misses>1016001</misses>
				<total>9</total>
				<timestamp>284.196836</timestamp>
			</report>
			<report>
				<misses>1017001</misses>
				<total>9</total>
				<timestamp>284.476566</timestamp>
			</report>
			<report>
				<misses>1018001</misses>
				<total>9</total>
				<timestamp>284.756233</timestamp>
			</report>
			<report>
				<misses>1019001</misses>
				<total>9</total>
				<timestamp>285.035968</timestamp>
			</report>
			<report>
				<misses>1020001</misses>
				<total>9</total>
				<timestamp>285.315725</timestamp>
			</report>
			<report>
				<misses>1021001</misses>
				<total>9</total>
				<timestamp>285.595432</timestamp>
			</report>
			<report>
				<misses>1022001</misses>
				<total>9</total>
				<timestamp>285.875138</timestamp>
			</report>
			<report>
				<misses>1023001</misses>
				<total>9</total>
				<timestamp>286.154877</timestamp>
			</report>
			<report>
				<misses>1024001</misses>
				<total>9</total>
				<timestamp>286.434580</timestamp>
			</report>
			<report>
				<misses>1025001</misses>
				<total>9</total>
				<timestamp>286.714294</timestamp>
			</report>
			<report>
				<misses>1026001</misses>
				<total>9</total>
				<timestamp>286.993993</timestamp>
			</report>
			<report>
				<misses>1027001</misses>
				<total>9</total>
				<timestamp>287.273732</timestamp>
			</report>
			<report>
				<misses>1028001</misses>
				<total>9</total>
				<timestamp>287.553477</timestamp>
			</report>
			<report>
				<misses>1029001</misses>
				<total>9</total>
				<timestamp>287.833159</timestamp>
			</report>
			<report>
				<misses>1030001</misses>
				<total>9</total>
				<timestamp>288.112910</timestamp>
			</report>
			<report>
				<misses>1031001</misses>
				<total>9</total>
				<timestamp>288.392636</timestamp>
			</report>
			<report>
				<misses>1032001</misses>
				<total>9</total>
				<timestamp>288.672333</timestamp>
			</report>
			<report>
				<misses>1033001</misses>
				<total>9</total>
				<timestamp>288.952063</timestamp>
			</report>
			<report>
				<misses>1034001</misses>
				<total>9</total>
				<timestamp>289.231776</timestamp>
			</report>
			<report>
				<misses>1035001</misses>
				<total>9</total>
				<timestamp>289.511513</timestamp>
			</report>
			<report>
				<misses>1036001</misses>
				<total>9</total>
				<timestamp>289.791216</timestamp>
			</report>
			<report>
				<misses>1037001</misses>
				<total>9</total>
				<timestamp>290.070945</timestamp>
			</report>
			<report>
				<misses>1038001</misses>
				<total>9</total>
				<timestamp>290.350653</timestamp>
			</report>
			<report>
				<misses>1039001</misses>
				<total>9</total>
				<timestamp>290.630396</timestamp>
			</report>
			<report>
				<misses>1040001</misses>
				<total>9</total>
				<timestamp>290.910106</timestamp>
			</report>
			<report>
				<misses>1041001</misses>
				<total>9</total>
				<timestamp>291.189834</timestamp>
			</report>
			<report>
				<misses>1042001</misses>
				<total>9</total>
				<timestamp>291.469533</timestamp>
			</report>
			<report>
				<misses>1043001</misses>
				<total>9</total>
				<timestamp>291.749326</timestamp>
			</report>
			<report>
				<misses>1044001</misses>
				<total>9</total>
				<timestamp>292.029007</timestamp>
			</report>
			<report>
				<misses>1045001</misses>
				<total>9</total>
				<timestamp>292.308695</timestamp>
			</report>
			<report>
				<misses>1046001</misses>
				<total>9</total>
				<timestamp>292.588426</timestamp>
			</report>
			<report>
				<misses>1047001</misses>
				<total>9</total>
				<timestamp>292.868129</timestamp>
			</report>
			<report>
				<misses>1048001</misses>
				<total>9</total>
				<timestamp>293.147856</timestamp>
			</report>
			<report>
				<misses>1049001</misses>
				<total>9</total>
				<timestamp>293.427587</timestamp>
			</report>
			<report>
				<misses>1050001</misses>
				<total>9</total>
				<timestamp>293.707291</timestamp>
			</report>
			<report>
				<misses>1051001</misses>
				<total>9</total>
				<timestamp>293.987001</timestamp>
			</report>
			<report>
				<misses>1052001</misses>
				<total>9</total>
				<timestamp>294.266787</timestamp>
			</report>
			<report>
				<misses>1053001</misses>
				<total>9</total>
				<timestamp>294.546510</timestamp>
			</report>
			<report>
				<misses>1054001</misses>
				<total>9</total>
				<timestamp>294.826163</timestamp>
			</report>
			<report>
				<misses>1055001</misses>
				<total>9</total>
				<timestamp>295.105913</timestamp>
			</report>
			<report>
				<misses>1056001</misses>
				<total>9</total>
				<timestamp>295.385652</timestamp>
			</report>
			<report>
				<misses>1057001</misses>
				<total>9</total>
				<timestamp>295.665381</timestamp>
			</report>
			<report>
				<misses>1058001</misses>
				<total>9</total>
				<timestamp>295.945055</timestamp>
			</report>
			<report>
				<misses>1059001</misses>
				<total>9</total>
				<timestamp>296.224842</timestamp>
			</report>
			<report>
				<misses>1060001</misses>
				<total>9</total>
				<timestamp>296.504515</timestamp>
			</report>
			<report>
				<misses>1061001</misses>
				<total>9</total>
				<timestamp>296.784199</timestamp>
			</report>
			<report>
				<misses>1062001</misses>
				<total>9</total>
				<timestamp>297.063940</timestamp>
			</report>
			<report>
				<misses>1063001</misses>
				<total>9</total>
				<timestamp>297.343645</timestamp>
			</report>
			<report>
				<misses>1064001</misses>
				<total>9</total>
				<timestamp>297.623385</timestamp>
			</report>
			<report>
				<misses>1065001</misses>
				<total>9</total>
				<timestamp>297.903088</timestamp>
			</report>
			<report>
				<misses>1066001</misses>
				<total>9</total>
				<timestamp>298.182811</timestamp>
			</report>
			<report>
				<misses>1067001</misses>
				<total>9</total>
				<timestamp>298.462599</timestamp>
			</report>
			<report>
				<misses>1068001</misses>
				<total>9</total>
				<timestamp>298.742270</timestamp>
			</report>
			<report>
				<misses>1069001</misses>
				<total>9</total>
				<timestamp>299.021980</timestamp>
			</report>
			<report>
				<misses>1070001</misses>
				<total>9</total>
				<timestamp>299.301703</timestamp>
			</report>
			<report>
				<misses>1071001</misses>
				<total>9</total>
				<timestamp>299.581442</timestamp>
			</report>
			<report>
				<misses>1072001</misses>
				<total>9</total>
				<timestamp>299.861140</timestamp>
			</report>
			<report>
				<misses>1073001</misses>
				<total>9</total>
				<timestamp>300.140886</timestamp>
			</report>
			<report>
				<misses>1074001</misses>
				<total>9</total>
				<timestamp>300.420613</timestamp>
			</report>
			<report>
				<misses>1075001</misses>
				<total>9</total>
				<timestamp>300.700357</timestamp>
			</report>
			<report>
				<misses>1076001</misses>
				<total>9</total>
				<timestamp>300.980011</timestamp>
			</report>
			<report>
				<misses>1077001</misses>
				<total>9</total>
				<timestamp>301.259756</timestamp>
			</report>
			<report>
				<misses>1078001</misses>
				<total>9</total>
				<timestamp>301.539508</timestamp>
			</report>
			<report>
				<misses>1079001</misses>
				<total>9</total>
				<timestamp>301.819197</timestamp>
			</report>
			<report>
				<misses>1080001</misses>
				<total>9</total>
				<timestamp>302.098903</timestamp>
			</report>
			<report>
				<misses>1081001</misses>
				<total>9</total>
				<timestamp>302.378614</timestamp>
			</report>
			<report>
				<misses>1082001</misses>
				<total>9</total>
				<timestamp>302.658379</timestamp>
			</report>
			<report>
				<misses>1083001</misses>
				<total>9</total>
				<timestamp>302.938046</timestamp>
			</report>
			<report>
				<misses>1084001</misses>
				<total>9</total>
				<timestamp>303.217756</timestamp>
			</report>
			<report>
				<misses>1085001</misses>
				<total>9</total>
				<timestamp>303.497503</timestamp>
			</report>
			<report>
				<misses>1086001</misses>
				<total>9</total>
				<timestamp>303.777211</timestamp>
			</report>
			<report>
				<misses>1087001</misses>
				<total>9</total>
				<timestamp>304.056934</timestamp>
			</report>
			<report>
				<misses>1088001</misses>
				<total>9</total>
				<timestamp>304.336657</timestamp>
			</report>
			<report>
				<misses>1089001</misses>
				<total>9</total>
				<timestamp>304.616466</timestamp>
			</report>
			<report>
				<misses>1090001</misses>
				<total>9</total>
				<timestamp>304.896097</timestamp>
			</report>
			<report>
				<misses>1091001</misses>
				<total>9</total>
				<timestamp>305.175810</timestamp>
			</report>
			<report>
				<misses>1092001</misses>
				<total>9</total>
				<timestamp>305.455629</timestamp>
			</report>
			<report>
				<misses>1093001</misses>
				<total>9</total>
				<timestamp>305.735326</timestamp>
			</report>
			<report>
				<misses>1094001</misses>
				<total>9</total>
				<timestamp>306.014986</timestamp>
			</report>
			<report>
				<misses>1095001</misses>
				<total>9</total>
				<timestamp>306.294692</timestamp>
			</report>
			<report>
				<misses>1096001</misses>
				<total>9</total>
				<timestamp>306.574469</timestamp>
			</report>
			<report>
				<misses>1097001</misses>
				<total>9</total>
				<timestamp>306.854141</timestamp>
			</report>
			<report>
				<misses>1098001</misses>
				<total>9</total>
				<timestamp>307.133851</timestamp>
			</report>
			<report>
				<misses>1099001</misses>
				<total>9</total>
				<timestamp>307.413565</timestamp>
			</report>
			<report>
				<misses>1100001</misses>
				<total>9</total>
				<timestamp>307.693339</timestamp>
			</report>
			<report>
				<misses>1101001</misses>
				<total>9</total>
				<timestamp>307.973014</timestamp>
			</report>
			<report>
				<misses>1102001</misses>
				<total>9</total>
				<timestamp>308.252734</timestamp>
			</report>
			<report>
				<misses>1103001</misses>
				<total>9</total>
				<timestamp>308.532567</timestamp>
			</report>
			<report>
				<misses>1104001</misses>
				<total>9</total>
				<timestamp>308.812169</timestamp>
			</report>
			<report>
				<misses>1105001</misses>
				<total>9</total>
				<timestamp>309.091904</timestamp>
			</report>
			<report>
				<misses>1106001</misses>
				<total>9</total>
				<timestamp>309.371628</timestamp>
			</report>
			<report>
				<misses>1107001</misses>
				<total>9</total>
				<timestamp>309.651376</timestamp>
			</report>
			<report>
				<misses>1108001</misses>
				<total>9</total>
				<timestamp>309.931051</timestamp>
			</report>
			<report>
				<misses>1109001</misses>
				<total>9</total>
				<timestamp>310.210783</timestamp>
			</report>
			<report>
				<misses>1110001</misses>
				<total>9</total>
				<timestamp>310.490505</timestamp>
			</report>
			<report>
				<misses>1111001</misses>
				<total>9</total>
				<timestamp>310.770221</timestamp>
			</report>
			<report>
				<misses>1112001</misses>
				<total>9</total>
				<timestamp>311.049969</timestamp>
			</report>
			<report>
				<misses>1113001</misses>
				<total>9</total>
				<timestamp>311.329655</timestamp>
			</report>
			<report>
				<misses>1114001</misses>
				<total>9</total>
				<timestamp>311.609458</timestamp>
			</report>
			<report>
				<misses>1115001</misses>
				<total>9</total>
				<timestamp>311.889113</timestamp>
			</report>
			<report>
				<misses>1116001</misses>
				<total>9</total>
				<timestamp>312.168845</timestamp>
			</report>
			<report>
				<misses>1117001</misses>
				<total>9</total>
				<timestamp>312.448607</timestamp>
			</report>
			<report>
				<misses>1118001</misses>
				<total>9</total>
				<timestamp>312.728246</timestamp>
			</report>
			<report>
				<misses>1119001</misses>
				<total>9</total>
				<timestamp>313.007969</timestamp>
			</report>
			<report>
				<misses>1120001</misses>
				<total>9</total>
				<timestamp>313.287692</timestamp>
			</report>
			<report>
				<misses>1121001</misses>
				<total>9</total>
				<timestamp>313.567431</timestamp>
			</report>
			<report>
				<misses>1122001</misses>
				<total>9</total>
				<timestamp>313.847113</timestamp>
			</report>
			<report>
				<misses>1123001</misses>
				<total>9</total>
				<timestamp>314.126889</timestamp>
			</report>
			<report>
				<misses>1124001</misses>
				<total>9</total>
				<timestamp>314.406588</timestamp>
			</report>
			<report>
				<misses>1125001</misses>
				<total>9</total>
				<timestamp>314.686381</timestamp>
			</report>
			<report>
				<misses>1126001</misses>
				<total>9</total>
				<timestamp>314.966002</timestamp>
			</report>
			<report>
				<misses>1127001</misses>
				<total>9</total>
				<timestamp>315.245754</timestamp>
			</report>
			<report>
				<misses>1128001</misses>
				<total>9</total>
				<timestamp>315.525484</timestamp>
			</report>
			<report>
				<misses>1129001</misses>
				<total>9</total>
				<timestamp>315.805189</timestamp>
			</report>
			<report>
				<misses>1130001</misses>
				<total>9</total>
				<timestamp>316.084913</timestamp>
			</report>
			<report>
				<misses>1131001</misses>
				<total>9</total>
				<timestamp>316.364609</timestamp>
			</report>
			<report>
				<misses>1132001</misses>
				<total>9</total>
				<timestamp>316.644423</timestamp>
			</report>
			<report>
				<misses>1133001</misses>
				<total>9</total>
				<timestamp>316.924037</timestamp>
			</report>
			<report>
				<misses>1134001</misses>
				<total>9</total>
				<timestamp>317.203768</timestamp>
			</report>
			<report>
				<misses>1135001</misses>
				<total>9</total>
				<timestamp>317.483485</timestamp>
			</report>
			<report>
				<misses>1136001</misses>
				<total>9</total>
				<timestamp>317.763273</timestamp>
			</report>
			<report>
				<misses>1137001</misses>
				<total>9</total>
				<timestamp>318.042925</timestamp>
			</report>
			<report>
				<misses>1138001</misses>
				<total>9</total>
				<timestamp>318.322680</timestamp>
			</report>
			<report>
				<misses>1139001</misses>
				<total>9</total>
				<timestamp>318.602437</timestamp>
			</report>
			<report>
				<misses>1140001</misses>
				<total>9</total>
				<timestamp>318.882108</timestamp>
			</report>
			<report>
				<misses>1141001</misses>
				<total>9</total>
				<timestamp>319.161820</timestamp>
			</report>
			<report>
				<misses>1142001</misses>
				<total>9</total>
				<timestamp>319.441611</timestamp>
			</report>
			<report>
				<misses>1143001</misses>
				<total>9</total>
				<timestamp>319.721338</timestamp>
			</report>
			<report>
				<misses>1144001</misses>
				<total>9</total>
				<timestamp>320.000979</timestamp>
			</report>
			<report>
				<misses>1145001</misses>
				<total>9</total>
				<timestamp>320.280702</timestamp>
			</report>
			<report>
				<misses>1146001</misses>
				<total>9</total>
				<timestamp>320.560443</timestamp>
			</report>
			<report>
				<misses>1147001</misses>
				<total>9</total>
				<timestamp>320.840145</timestamp>
			</report>
			<report>
				<misses>1148001</misses>
				<total>9</total>
				<timestamp>321.119855</timestamp>
			</report>
			<report>
				<misses>1149001</misses>
				<total>9</total>
				<timestamp>321.399584</timestamp>
			</report>
			<report>
				<misses>1150001</misses>
				<total>9</total>
				<timestamp>321.679348</timestamp>
			</report>
			<report>
				<misses>1151001</misses>
				<total>9</total>
				<timestamp>321.959012</timestamp>
			</report>
			<report>
				<misses>1152001</misses>
				<total>9</total>
				<timestamp>322.238764</timestamp>
			</report>
			<report>
				<misses>1153001</misses>
				<total>9</total>
				<timestamp>322.518484</timestamp>
			</report>
			<report>
				<misses>1154001</misses>
				<total>9</total>
				<timestamp>322.798173</timestamp>
			</report>
			<report>
				<misses>1155001</misses>
				<total>9</total>
				<timestamp>323.077925</timestamp>
			</report>
			<report>
				<misses>1156001</misses>
				<total>9</total>
				<timestamp>323.357619</timestamp>
			</report>
			<report>
				<misses>1157001</misses>
				<total>9</total>
				<timestamp>323.637386</timestamp>
			</report>
			<report>
				<misses>1158001</misses>
				<total>9</total>
				<timestamp>323.917076</timestamp>
			</report>
			<report>
				<misses>1159001</misses>
				<total>9</total>
				<timestamp>324.196786</timestamp>
			</report>
			<report>
				<misses>1160001</misses>
				<total>9</total>
				<timestamp>324.476528</timestamp>
			</report>
			<report>
				<misses>1161001</misses>
				<total>9</total>
				<timestamp>324.756264</timestamp>
			</report>
			<report>
				<misses>1162001</misses>
				<total>9</total>
				<timestamp>325.035944</timestamp>
			</report>
			<report>
				<misses>1163001</misses>
				<total>9</total>
				<timestamp>325.315642</timestamp>
			</report>
			<report>
				<misses>1164001</misses>
				<total>9</total>
				<timestamp>325.595424</timestamp>
			</report>
			<report>
				<misses>1165001</misses>
				<total>9</total>
				<timestamp>325.875100</timestamp>
			</report>
			<report>
				<misses>1166001</misses>
				<total>9</total>
				<timestamp>326.154815</timestamp>
			</report>
			<report>
				<misses>1167001</misses>
				<total>9</total>
				<timestamp>326.434523</timestamp>
			</report>
			<report>
				<misses>1168001</misses>
				<total>9</total>
				<timestamp>326.714307</timestamp>
			</report>
			<report>
				<misses>1169001</misses>
				<total>9</total>
				<timestamp>326.993979</timestamp>
			</report>
			<report>
				<misses>1170001</misses>
				<total>9</total>
				<timestamp>327.273710</timestamp>
			</report>
			<report>
				<misses>1171001</misses>
				<total>9</total>
				<timestamp>327.553436</timestamp>
			</report>
			<report>
				<misses>1172001</misses>
				<total>9</total>
				<timestamp>327.833122</timestamp>
			</report>
			<report>
				<misses>1173001</misses>
				<total>9</total>
				<timestamp>328.112890</timestamp>
			</report>
			<report>
				<misses>1174001</misses>
				<total>9</total>
				<timestamp>328.392580</timestamp>
			</report>
			<report>
				<misses>1175001</misses>
				<total>9</total>
				<timestamp>328.672317</timestamp>
			</report>
			<report>
				<misses>1176001</misses>
				<total>9</total>
				<timestamp>328.952007</timestamp>
			</report>
			<report>
				<misses>1177001</misses>
				<total>9</total>
				<timestamp>329.231757</timestamp>
			</report>
			<report>
				<misses>1178001</misses>
				<total>9</total>
				<timestamp>329.511455</timestamp>
			</report>
			<report>
				<misses>1179001</misses>
				<total>9</total>
				<timestamp>329.791204</timestamp>
			</report>
			<report>
				<misses>1180001</misses>
				<total>9</total>
				<timestamp>330.070904</timestamp>
			</report>
			<report>
				<misses>1181001</misses>
				<total>9</total>
				<timestamp>330.350602</timestamp>
			</report>
			<report>
				<misses>1182001</misses>
				<total>9</total>
				<timestamp>330.630358</timestamp>
			</report>
			<report>
				<misses>1183001</misses>
				<total>9</total>
				<timestamp>330.910065</timestamp>
			</report>
			<report>
				<misses>1184001</misses>
				<total>9</total>
				<timestamp>331.189803</timestamp>
			</report>
			<report>
				<misses>1185001</misses>
				<total>9</total>
				<timestamp>331.469513</timestamp>
			</report>
			<report>
				<misses>1186001</misses>
				<total>9</total>
				<timestamp>331.749305</timestamp>
			</report>
			<report>
				<misses>1187001</misses>
				<total>9</total>
				<timestamp>332.028946</timestamp>
			</report>
			<report>
				<misses>1188001</misses>
				<total>9</total>
				<timestamp>332.308651</timestamp>
			</report>
			<report>
				<misses>1189001</misses>
				<total>9</total>
				<timestamp>332.588394</timestamp>
			</report>
			<report>
				<misses>1190001</misses>
				<total>9</total>
				<timestamp>332.868090</timestamp>
			</report>
			<report>
				<misses>1191001</misses>
				<total>9</total>
				<timestamp>333.147790</timestamp>
			</report>
			<report>
				<misses>1192001</misses>
				<total>9</total>
				<timestamp>333.427534</timestamp>
			</report>
			<report>
				<misses>1193001</misses>
				<total>9</total>
				<timestamp>333.707320</timestamp>
			</report>
			<report>
				<misses>1194001</misses>
				<total>9</total>
				<timestamp>333.986981</timestamp>
			</report>
			<report>
				<misses>1195001</misses>
				<total>9</total>
				<timestamp>334.266711</timestamp>
			</report>
			<report>
				<misses>1196001</misses>
				<total>9</total>
				<timestamp>334.546433</timestamp>
			</report>
			<report>
				<misses>1197001</misses>
				<total>9</total>
				<timestamp>334.826122</timestamp>
			</report>
			<report>
				<misses>1198001</misses>
				<total>9</total>
				<timestamp>335.105886</timestamp>
			</report>
			<report>
				<misses>1199001</misses>
				<total>9</total>
				<timestamp>335.385623</timestamp>
			</report>
			<report>
				<misses>1200001</misses>
				<total>9</total>
				<timestamp>335.665377</timestamp>
			</report>
			<report>
				<misses>1201001</misses>
				<total>9</total>
				<timestamp>335.945021</timestamp>
			</report>
			<report>
				<misses>1202001</misses>
				<total>9</total>
				<timestamp>336.224732</timestamp>
			</report>
			<report>
				<misses>1203001</misses>
				<total>9</total>
				<timestamp>336.504457</timestamp>
			</report>
			<report>
				<misses>1204001</misses>
				<total>9</total>
				<timestamp>336.784220</timestamp>
			</report>
			<report>
				<misses>1205001</misses>
				<total>9</total>
				<timestamp>337.063898</timestamp>
			</report>
			<report>
				<misses>1206001</misses>
				<total>9</total>
				<timestamp>337.343625</timestamp>
			</report>
			<report>
				<misses>1207001</misses>
				<total>9</total>
				<timestamp>337.623374</timestamp>
			</report>
			<report>
				<misses>1208001</misses>
				<total>9</total>
				<timestamp>337.903059</timestamp>
			</report>
			<report>
				<misses>1209001</misses>
				<total>9</total>
				<timestamp>338.182770</timestamp>
			</report>
			<report>
				<misses>1210001</misses>
				<total>9</total>
				<timestamp>338.462500</timestamp>
			</report>
			<report>
				<misses>1211001</misses>
				<total>9</total>
				<timestamp>338.742311</timestamp>
			</report>
			<report>
				<misses>1212001</misses>
				<total>9</total>
				<timestamp>339.021940</timestamp>
			</report>
			<report>
				<misses>1213001</misses>
				<total>9</total>
				<timestamp>339.301640</timestamp>
			</report>
			<report>
				<misses>1214001</misses>
				<total>9</total>
				<timestamp>339.581379</timestamp>
			</report>
			<report>
				<misses>1215001</misses>
				<total>9</total>
				<timestamp>339.861140</timestamp>
			</report>
			<report>
				<misses>1216001</misses>
				<total>9</total>
				<timestamp>340.140823</timestamp>
			</report>
			<report>
				<misses>1217001</misses>
				<total>9</total>
				<timestamp>340.420537</timestamp>
			</report>
			<report>
				<misses>1218001</misses>
				<total>9</total>
				<timestamp>340.700306</timestamp>
			</report>
			<report>
				<misses>1219001</misses>
				<total>9</total>
				<timestamp>340.979980</timestamp>
			</report>
			<report>
				<misses>1220001</misses>
				<total>9</total>
				<timestamp>341.259732</timestamp>
			</report>
			<report>
				<misses>1221001</misses>
				<total>9</total>
				<timestamp>341.539455</timestamp>
			</report>
			<report>
				<misses>1222001</misses>
				<total>9</total>
				<timestamp>341.819178</timestamp>
			</report>
			<report>
				<misses>1223001</misses>
				<total>9</total>
				<timestamp>342.098850</timestamp>
			</report>
			<report>
				<misses>1224001</misses>
				<total>9</total>
				<timestamp>342.378585</timestamp>
			</report>
			<report>
				<misses>1225001</misses>
				<total>9</total>
				<timestamp>342.658363</timestamp>
			</report>
			<report>
				<misses>1226001</misses>
				<total>9</total>
				<timestamp>342.938041</timestamp>
			</report>
			<report>
				<misses>1227001</misses>
				<total>9</total>
				<timestamp>343.217744</timestamp>
			</report>
			<report>
				<misses>1228001</misses>
				<total>9</total>
				<timestamp>343.497443</timestamp>
			</report>
			<report>
				<misses>1229001</misses>
				<total>9</total>
				<timestamp>343.777233</timestamp>
			</report>
			<report>
				<misses>1230001</misses>
				<total>9</total>
				<timestamp>344.056889</timestamp>
			</report>
			<report>
				<misses>1231001</misses>
				<total>9</total>
				<timestamp>344.336615</timestamp>
			</report>
			<report>
				<misses>1232001</misses>
				<total>9</total>
				<timestamp>344.616352</timestamp>
			</report>
			<report>
				<misses>1233001</misses>
				<total>9</total>
				<timestamp>344.896120</timestamp>
			</report>
			<report>
				<misses>1234001</misses>
				<total>9</total>
				<timestamp>345.175805</timestamp>
			</report>
			<report>
				<misses>1235001</misses>
				<total>9</total>
				<timestamp>345.455485</timestamp>
			</report>
			<report>
				<misses>1236001</misses>
				<total>9</total>
				<timestamp>345.735264</timestamp>
			</report>
			<report>
				<misses>1237001</misses>
				<total>9</total>
				<timestamp>346.014954</timestamp>
			</report>
			<report>
				<misses>1238001</misses>
				<total>9</total>
				<timestamp>346.294660</timestamp>
			</report>
			<report>
				<misses>1239001</misses>
				<total>9</total>
				<timestamp>346.574370</timestamp>
			</report>
			<report>
				<misses>1240001</misses>
				<total>9</total>
				<timestamp>346.854166</timestamp>
			</report>
			<report>
				<misses>1241001</misses>
				<total>9</total>
				<timestamp>347.133803</timestamp>
			</report>
			<report>
				<misses>1242001</misses>
				<total>9</total>
				<timestamp>347.413520</timestamp>
			</report>
			<report>
				<misses>1243001</misses>
				<total>9</total>
				<timestamp>347.693283</timestamp>
			</report>
			<report>
				<misses>1244001</misses>
				<total>9</total>
				<timestamp>347.972991</timestamp>
			</report>
			<report>
				<misses>1245001</misses>
				<total>9</total>
				<timestamp>348.252705</timestamp>
			</report>
			<report>
				<misses>1246001</misses>
				<total>9</total>
				<timestamp>348.532423</timestamp>
			</report>
			<report>
				<misses>1247001</misses>
				<total>9</total>
				<timestamp>348.812204</timestamp>
			</report>
			<report>
				<misses>1248001</misses>
				<total>9</total>
				<timestamp>349.091850</timestamp>
			</report>
			<report>
				<misses>1249001</misses>
				<total>9</total>
				<timestamp>349.371570</timestamp>
			</report>
			<report>
				<misses>1250001</misses>
				<total>9</total>
				<timestamp>349.651299</timestamp>
			</report>
			<report>
				<misses>1251001</misses>
				<total>9</total>
				<timestamp>349.931030</timestamp>
			</report>
			<report>
				<misses>1252001</misses>
				<total>9</total>
				<timestamp>350.210763</timestamp>
			</report>
			<report>
				<misses>1253001</misses>
				<total>9</total>
				<timestamp>350.490462</timestamp>
			</report>
			<report>
				<misses>1254001</misses>
				<total>9</total>
				<timestamp>350.770227</timestamp>
			</report>
			<report>
				<misses>1255001</misses>
				<total>9</total>
				<timestamp>351.049897</timestamp>
			</report>
			<report>
				<misses>1256001</misses>
				<total>9</total>
				<timestamp>351.329622</timestamp>
			</report>
			<report>
				<misses>1257001</misses>
				<total>9</total>
				<timestamp>351.609323</timestamp>
			</report>
			<report>
				<misses>1258001</misses>
				<total>9</total>
				<timestamp>351.889143</timestamp>
			</report>
			<report>
				<misses>1259001</misses>
				<total>9</total>
				<timestamp>352.168785</timestamp>
			</report>
			<report>
				<misses>1260001</misses>
				<total>9</total>
				<timestamp>352.448478</timestamp>
			</report>
			<report>
				<misses>1261001</misses>
				<total>9</total>
				<timestamp>352.728231</timestamp>
			</report>
			<report>
				<misses>1262001</misses>
				<total>9</total>
				<timestamp>353.007942</timestamp>
			</report>
			<report>
				<misses>1263001</misses>
				<total>9</total>
				<timestamp>353.287675</timestamp>
			</report>
			<report>
				<misses>1264001</misses>
				<total>9</total>
				<timestamp>353.567388</timestamp>
			</report>
			<report>
				<misses>1265001</misses>
				<total>9</total>
				<timestamp>353.847139</timestamp>
			</report>
			<report>
				<misses>1266001</misses>
				<total>9</total>
				<timestamp>354.126798</timestamp>
			</report>
			<report>
				<misses>1267001</misses>
				<total>9</total>
				<timestamp>354.406533</timestamp>
			</report>
			<report>
				<misses>1268001</misses>
				<total>9</total>
				<timestamp>354.686355</timestamp>
			</report>
			<report>
				<misses>1269001</misses>
				<total>9</total>
				<timestamp>354.965973</timestamp>
			</report>
			<report>
				<misses>1270001</misses>
				<total>9</total>
				<timestamp>355.245696</timestamp>
			</report>
			<report>
				<misses>1271001</misses>
				<total>9</total>
				<timestamp>355.525419</timestamp>
			</report>
			<report>
				<misses>1272001</misses>
				<total>9</total>
				<timestamp>355.805197</timestamp>
			</report>
			<report>
				<misses>1273001</misses>
				<total>9</total>
				<timestamp>356.084859</timestamp>
			</report>
			<report>
				<misses>1274001</misses>
				<total>9</total>
				<timestamp>356.364564</timestamp>
			</report>
			<report>
				<misses>1275001</misses>
				<total>9</total>
				<timestamp>356.644316</timestamp>
			</report>
			<report>
				<misses>1276001</misses>
				<total>9</total>
				<timestamp>356.924084</timestamp>
			</report>
			<report>
				<misses>1277001</misses>
				<total>9</total>
				<timestamp>357.203785</timestamp>
			</report>
			<report>
				<misses>1278001</misses>
				<total>9</total>
				<timestamp>357.483463</timestamp>
			</report>
			<report>
				<misses>1279001</misses>
				<total>9</total>
				<timestamp>357.763207</timestamp>
			</report>
			<report>
				<misses>1280001</misses>
				<total>9</total>
				<timestamp>358.042900</timestamp>
			</report>
			<report>
				<misses>1281001</misses>
				<total>9</total>
				<timestamp>358.322644</timestamp>
			</report>
			<report>
				<misses>1282001</misses>
				<total>9</total>
				<timestamp>358.602388</timestamp>
			</report>
			<report>
				<misses>1283001</misses>
				<total>9</total>
				<timestamp>358.882157</timestamp>
			</report>
			<report>
				<misses>1284001</misses>
				<total>9</total>
				<timestamp>359.161778</timestamp>
			</report>
			<report>
				<misses>1285001</misses>
				<total>9</total>
				<timestamp>359.441507</timestamp>
			</report>
			<report>
				<misses>1286001</misses>
				<total>9</total>
				<timestamp>359.721234</timestamp>
			</report>
			<report>
				<misses>1287001</misses>
				<total>9</total>
				<timestamp>360.001001</timestamp>
			</report>
			<report>
				<misses>1288001</misses>
				<total>9</total>
				<timestamp>360.280644</timestamp>
			</report>
			<report>
				<misses>1289001</misses>
				<total>9</total>
				<timestamp>360.560354</timestamp>
			</report>
			<report>
				<misses>1290001</misses>
				<total>9</total>
				<timestamp>360.840142</timestamp>
			</report>
			<report>
				<misses>1291001</misses>
				<total>9</total>
				<timestamp>361.119812</timestamp>
			</report>
			<report>
				<misses>1292001</misses>
				<total>9</total>
				<timestamp>361.399532</timestamp>
			</report>
			<report>
				<misses>1293001</misses>
				<total>9</total>
				<timestamp>361.679239</timestamp>
			</report>
			<report>
				<misses>1294001</misses>
				<total>9</total>
				<timestamp>361.959078</timestamp>
			</report>
			<report>
				<misses>1295001</misses>
				<total>9</total>
				<timestamp>362.238680</timestamp>
			</report>
			<report>
				<misses>1296001</misses>
				<total>9</total>
				<timestamp>362.518410</timestamp>
			</report>
			<report>
				<misses>1297001</misses>
				<total>9</total>
				<timestamp>362.798218</timestamp>
			</report>
			<report>
				<misses>1298001</misses>
				<total>9</total>
				<timestamp>363.077872</timestamp>
			</report>
			<report>
				<misses>1299001</misses>
				<total>9</total>
				<timestamp>363.357603</timestamp>
			</report>
			<report>
				<misses>1300001</misses>
				<total>9</total>
				<timestamp>363.637274</timestamp>
			</report>
			<report>
				<misses>1301001</misses>
				<total>9</total>
				<timestamp>363.917063</timestamp>
			</report>
			<report>
				<misses>1302001</misses>
				<total>9</total>
				<timestamp>364.196733</timestamp>
			</report>
			<report>
				<misses>1303001</misses>
				<total>9</total>
				<timestamp>364.476448</timestamp>
			</report>
			<report>
				<misses>1304001</misses>
				<total>9</total>
				<timestamp>364.756177</timestamp>
			</report>
			<report>
				<misses>1305001</misses>
				<total>9</total>
				<timestamp>365.035917</timestamp>
			</report>
			<report>
				<misses>1306001</misses>
				<total>9</total>
				<timestamp>365.315643</timestamp>
			</report>
			<report>
				<misses>1307001</misses>
				<total>9</total>
				<timestamp>365.595379</timestamp>
			</report>
			<report>
				<misses>1308001</misses>
				<total>9</total>
				<timestamp>365.875088</timestamp>
			</report>
			<report>
				<misses>1309001</misses>
				<total>9</total>
				<timestamp>366.154821</timestamp>
			</report>
			<report>
				<misses>1310001</misses>
				<total>9</total>
				<timestamp>366.434480</timestamp>
			</report>
			<report>
				<misses>1311001</misses>
				<total>9</total>
				<timestamp>366.714217</timestamp>
			</report>
			<report>
				<misses>1312001</misses>
				<total>9</total>
				<timestamp>366.993923</timestamp>
			</report>
			<report>
				<misses>1313001</misses>
				<total>9</total>
				<timestamp>367.273637</timestamp>
			</report>
			<report>
				<misses>1314001</misses>
				<total>9</total>
				<timestamp>367.553379</timestamp>
			</report>
			<report>
				<misses>1315001</misses>
				<total>9</total>
				<timestamp>367.833122</timestamp>
			</report>
			<report>
				<misses>1316001</misses>
				<total>9</total>
				<timestamp>368.112804</timestamp>
			</report>
			<report>
				<misses>1317001</misses>
				<total>9</total>
				<timestamp>368.392605</timestamp>
			</report>
			<report>
				<misses>1318001</misses>
				<total>9</total>
				<timestamp>368.672323</timestamp>
			</report>
			<report>
				<misses>1319001</misses>
				<total>9</total>
				<timestamp>368.952048</timestamp>
			</report>
			<report>
				<misses>1320001</misses>
				<total>9</total>
				<timestamp>369.231715</timestamp>
			</report>
			<report>
				<misses>1321001</misses>
				<total>9</total>
				<timestamp>369.511407</timestamp>
			</report>
			<report>
				<misses>1322001</misses>
				<total>9</total>
				<timestamp>369.791197</timestamp>
			</report>
			<report>
				<misses>1323001</misses>
				<total>9</total>
				<timestamp>370.070907</timestamp>
			</report>
			<report>
				<misses>1324001</misses>
				<total>9</total>
				<timestamp>370.350608</timestamp>
			</report>
			<report>
				<misses>1325001</misses>
				<total>9</total>
				<timestamp>370.630307</timestamp>
			</report>
			<report>
				<misses>1326001</misses>
				<total>9</total>
				<timestamp>370.910113</timestamp>
			</report>
			<report>
				<misses>1327001</misses>
				<total>9</total>
				<timestamp>371.189744</timestamp>
			</report>
			<report>
				<misses>1328001</misses>
				<total>9</total>
				<timestamp>371.469441</timestamp>
			</report>
			<report>
				<misses>1329001</misses>
				<total>9</total>
				<timestamp>371.749191</timestamp>
			</report>
			<report>
				<misses>1330001</misses>
				<total>9</total>
				<timestamp>372.028927</timestamp>
			</report>
			<report>
				<misses>1331001</misses>
				<total>9</total>
				<timestamp>372.308614</timestamp>
			</report>
			<report>
				<misses>1332001</misses>
				<total>9</total>
				<timestamp>372.588332</timestamp>
			</report>
			<report>
				<misses>1333001</misses>
				<total>9</total>
				<timestamp>372.868076</timestamp>
			</report>
			<report>
				<misses>1334001</misses>
				<total>9</total>
				<timestamp>373.147763</timestamp>
			</report>
			<report>
				<misses>1335001</misses>
				<total>9</total>
				<timestamp>373.427486</timestamp>
			</report>
			<report>
				<misses>1336001</misses>
				<total>9</total>
				<timestamp>373.707224</timestamp>
			</report>
			<report>
				<misses>1337001</misses>
				<total>9</total>
				<timestamp>373.987040</timestamp>
			</report>
			<report>
				<misses>1338001</misses>
				<total>9</total>
				<timestamp>374.266667</timestamp>
			</report>
			<report>
				<misses>1339001</misses>
				<total>9</total>
				<timestamp>374.546364</timestamp>
			</report>
			<report>
				<misses>1340001</misses>
				<total>9</total>
				<timestamp>374.826153</timestamp>
			</report>
			<report>
				<misses>1341001</misses>
				<total>9</total>
				<timestamp>375.105805</timestamp>
			</report>
			<report>
				<misses>1342001</misses>
				<total>9</total>
				<timestamp>375.385534</timestamp>
			</report>
			<report>
				<misses>1343001</misses>
				<total>9</total>
				<timestamp>375.665252</timestamp>
			</report>
			<report>
				<misses>1344001</misses>
				<total>9</total>
				<timestamp>375.945035</timestamp>
			</report>
			<report>
				<misses>1345001</misses>
				<total>9</total>
				<timestamp>376.224722</timestamp>
			</report>
			<report>
				<misses>1346001</misses>
				<total>9</total>
				<timestamp>376.504395</timestamp>
			</report>
			<report>
				<misses>1347001</misses>
				<total>9</total>
				<timestamp>376.784155</timestamp>
			</report>
			<report>
				<misses>1348001</misses>
				<total>9</total>
				<timestamp>377.063877</timestamp>
			</report>
			<report>
				<misses>1349001</misses>
				<total>9</total>
				<timestamp>377.343572</timestamp>
			</report>
			<report>
				<misses>1350001</misses>
				<total>9</total>
				<timestamp>377.623362</timestamp>
			</report>
			<report>
				<misses>1351001</misses>
				<total>9</total>
				<timestamp>377.903099</timestamp>
			</report>
			<report>
				<misses>1352001</misses>
				<total>9</total>
				<timestamp>378.182746</timestamp>
			</report>
			<report>
				<misses>1353001</misses>
				<total>9</total>
				<timestamp>378.462454</timestamp>
			</report>
			<report>
				<misses>1354001</misses>
				<total>9</total>
				<timestamp>378.742222</timestamp>
			</report>
			<report>
				<misses>1355001</misses>
				<total>9</total>
				<timestamp>379.021919</timestamp>
			</report>
			<report>
				<misses>1356001</misses>
				<total>9</total>
				<timestamp>379.301609</timestamp>
			</report>
			<report>
				<misses>1357001</misses>
				<total>9</total>
				<timestamp>379.581381</timestamp>
			</report>
			<report>
				<misses>1358001</misses>
				<total>9</total>
				<timestamp>379.861156</timestamp>
			</report>
			<report>
				<misses>1359001</misses>
				<total>9</total>
				<timestamp>380.140763</timestamp>
			</report>
			<report>
				<misses>1360001</misses>
				<total>9</total>
				<timestamp>380.420514</timestamp>
			</report>
			<report>
				<misses>1361001</misses>
				<total>9</total>
				<timestamp>380.700210</timestamp>
			</report>
			<report>
				<misses>1362001</misses>
				<total>9</total>
				<timestamp>380.980049</timestamp>
			</report>
			<report>
				<misses>1363001</misses>
				<total>9</total>
				<timestamp>381.259642</timestamp>
			</report>
			<report>
				<misses>1364001</misses>
				<total>9</total>
				<timestamp>381.539356</timestamp>
			</report>
			<report>
				<misses>1365001</misses>
				<total>9</total>
				<timestamp>381.819193</timestamp>
			</report>
			<report>
				<misses>1366001</misses>
				<total>9</total>
				<timestamp>382.098878</timestamp>
			</report>
			<report>
				<misses>1367001</misses>
				<total>9</total>
				<timestamp>382.378534</timestamp>
			</report>
			<report>
				<misses>1368001</misses>
				<total>9</total>
				<timestamp>382.658264</timestamp>
			</report>
			<report>
				<misses>1369001</misses>
				<total>9</total>
				<timestamp>382.938030</timestamp>
			</report>
			<report>
				<misses>1370001</misses>
				<total>9</total>
				<timestamp>383.217700</timestamp>
			</report>
			<report>
				<misses>1371001</misses>
				<total>9</total>
				<timestamp>383.497419</timestamp>
			</report>
			<report>
				<misses>1372001</misses>
				<total>9</total>
				<timestamp>383.777155</timestamp>
			</report>
			<report>
				<misses>1373001</misses>
				<total>9</total>
				<timestamp>384.056872</timestamp>
			</report>
			<report>
				<misses>1374001</misses>
				<total>9</total>
				<timestamp>384.336573</timestamp>
			</report>
			<report>
				<misses>1375001</misses>
				<total>9</total>
				<timestamp>384.616310</timestamp>
			</report>
			<report>
				<misses>1376001</misses>
				<total>9</total>
				<timestamp>384.896084</timestamp>
			</report>
			<report>
				<misses>1377001</misses>
				<total>9</total>
				<timestamp>385.175776</timestamp>
			</report>
			<report>
				<misses>1378001</misses>
				<total>9</total>
				<timestamp>385.455473</timestamp>
			</report>
			<report>
				<misses>1379001</misses>
				<total>9</total>
				<timestamp>385.735160</timestamp>
			</report>
			<report>
				<misses>1380001</misses>
				<total>9</total>
				<timestamp>386.014942</timestamp>
			</report>
			<report>
				<misses>1381001</misses>
				<total>9</total>
				<timestamp>386.294658</timestamp>
			</report>
			<report>
				<misses>1382001</misses>
				<total>9</total>
				<timestamp>386.574339</timestamp>
			</report>
			<report>
				<misses>1383001</misses>
				<total>9</total>
				<timestamp>386.854111</timestamp>
			</report>
			<report>
				<misses>1384001</misses>
				<total>9</total>
				<timestamp>387.133802</timestamp>
			</report>
			<report>
				<misses>1385001</misses>
				<total>9</total>
				<timestamp>387.413517</timestamp>
			</report>
			<report>
				<misses>1386001</misses>
				<total>9</total>
				<timestamp>387.693222</timestamp>
			</report>
			<report>
				<misses>1387001</misses>
				<total>9</total>
				<timestamp>387.972974</timestamp>
			</report>
			<report>
				<misses>1388001</misses>
				<total>9</total>
				<timestamp>388.252660</timestamp>
			</report>
			<report>
				<misses>1389001</misses>
				<total>9</total>
				<timestamp>388.532373</timestamp>
			</report>
			<report>
				<misses>1390001</misses>
				<total>9</total>
				<timestamp>388.812091</timestamp>
			</report>
			<report>
				<misses>1391001</misses>
				<total>9</total>
				<timestamp>389.091820</timestamp>
			</report>
			<report>
				<misses>1392001</misses>
				<total>9</total>
				<timestamp>389.371536</timestamp>
			</report>
			<report>
				<misses>1393001</misses>
				<total>9</total>
				<timestamp>389.651260</timestamp>
			</report>
			<report>
				<misses>1394001</misses>
				<total>9</total>
				<timestamp>389.930974</timestamp>
			</report>
			<report>
				<misses>1395001</misses>
				<total>9</total>
				<timestamp>390.210690</timestamp>
			</report>
			<report>
				<misses>1396001</misses>
				<total>9</total>
				<timestamp>390.490423</timestamp>
			</report>
			<report>
				<misses>1397001</misses>
				<total>9</total>
				<timestamp>390.770146</timestamp>
			</report>
			<report>
				<misses>1398001</misses>
				<total>9</total>
				<timestamp>391.049869</timestamp>
			</report>
			<report>
				<misses>1399001</misses>
				<total>9</total>
				<timestamp>391.329587</timestamp>
			</report>
			<report>
				<misses>1400001</misses>
				<total>9</total>
				<timestamp>391.609296</timestamp>
			</report>
			<report>
				<misses>1401001</misses>
				<total>9</total>
				<timestamp>391.889082</timestamp>
			</report>
			<report>
				<misses>1402001</misses>
				<total>9</total>
				<timestamp>392.168752</timestamp>
			</report>
			<report>
				<misses>1403001</misses>
				<total>9</total>
				<timestamp>392.448453</timestamp>
			</report>
			<report>
				<misses>1404001</misses>
				<total>9</total>
				<timestamp>392.728173</timestamp>
			</report>
			<report>
				<misses>1405001</misses>
				<total>9</total>
				<timestamp>393.007960</timestamp>
			</report>
			<report>
				<misses>1406001</misses>
				<total>9</total>
				<timestamp>393.287621</timestamp>
			</report>
			<report>
				<misses>1407001</misses>
				<total>9</total>
				<timestamp>393.567343</timestamp>
			</report>
			<report>
				<misses>1408001</misses>
				<total>9</total>
				<timestamp>393.847068</timestamp>
			</report>
			<report>
				<misses>1409001</misses>
				<total>9</total>
				<timestamp>394.126827</timestamp>
			</report>
			<report>
				<misses>1410001</misses>
				<total>9</total>
				<timestamp>394.406499</timestamp>
			</report>
			<report>
				<misses>1411001</misses>
				<total>9</total>
				<timestamp>394.686211</timestamp>
			</report>
			<report>
				<misses>1412001</misses>
				<total>9</total>
				<timestamp>394.966026</timestamp>
			</report>
			<report>
				<misses>1413001</misses>
				<total>9</total>
				<timestamp>395.245644</timestamp>
			</report>
			<report>
				<misses>1414001</misses>
				<total>9</total>
				<timestamp>395.525352</timestamp>
			</report>
			<report>
				<misses>1415001</misses>
				<total>9</total>
				<timestamp>395.805100</timestamp>
			</report>
			<report>
				<misses>1416001</misses>
				<total>9</total>
				<timestamp>396.084893</timestamp>
			</report>
			<report>
				<misses>1417001</misses>
				<total>9</total>
				<timestamp>396.364521</timestamp>
			</report>
			<report>
				<misses>1418001</misses>
				<total>9</total>
				<timestamp>396.644253</timestamp>
			</report>
			<report>
				<misses>1419001</misses>
				<total>9</total>
				<timestamp>396.924020</timestamp>
			</report>
			<report>
				<misses>1420001</misses>
				<total>9</total>
				<timestamp>397.203682</timestamp>
			</report>
			<report>
				<misses>1421001</misses>
				<total>9</total>
				<timestamp>397.483416</timestamp>
			</report>
			<report>
				<misses>1422001</misses>
				<total>9</total>
				<timestamp>397.763127</timestamp>
			</report>
			<report>
				<misses>1423001</misses>
				<total>9</total>
				<timestamp>398.042929</timestamp>
			</report>
			<report>
				<misses>1424001</misses>
				<total>9</total>
				<timestamp>398.322572</timestamp>
			</report>
			<report>
				<misses>1425001</misses>
				<total>9</total>
				<timestamp>398.602285</timestamp>
			</report>
			<report>
				<misses>1426001</misses>
				<total>9</total>
				<timestamp>398.882045</timestamp>
			</report>
			<report>
				<misses>1427001</misses>
				<total>9</total>
				<timestamp>399.161762</timestamp>
			</report>
			<report>
				<misses>1428001</misses>
				<total>9</total>
				<timestamp>399.441454</timestamp>
			</report>
			<report>
				<misses>1429001</misses>
				<total>9</total>
				<timestamp>399.721182</timestamp>
			</report>
			<report>
				<misses>1430001</misses>
				<total>9</total>
				<timestamp>400.000927</timestamp>
			</report>
			<report>
				<misses>1431001</misses>
				<total>9</total>
				<timestamp>400.280634</timestamp>
			</report>
			<report>
				<misses>1432001</misses>
				<total>9</total>
				<timestamp>400.560365</timestamp>
			</report>
			<report>
				<misses>1433001</misses>
				<total>9</total>
				<timestamp>400.840082</timestamp>
			</report>
			<report>
				<misses>1434001</misses>
				<total>9</total>
				<timestamp>401.119865</timestamp>
			</report>
			<report>
				<misses>1435001</misses>
				<total>9</total>
				<timestamp>401.399527</timestamp>
			</report>
			<report>
				<misses>1436001</misses>
				<total>9</total>
				<timestamp>401.679202</timestamp>
			</report>
			<report>
				<misses>1437001</misses>
				<total>9</total>
				<timestamp>401.958978</timestamp>
			</report>
			<report>
				<misses>1438001</misses>
				<total>9</total>
				<timestamp>402.238661</timestamp>
			</report>
			<report>
				<misses>1439001</misses>
				<total>9</total>
				<timestamp>402.518383</timestamp>
			</report>
			<report>
				<misses>1440001</misses>
				<total>9</total>
				<timestamp>402.798094</timestamp>
			</report>
			<report>
				<misses>1441001</misses>
				<total>9</total>
				<timestamp>403.077823</timestamp>
			</report>
			<report>
				<misses>1442001</misses>
				<total>9</total>
				<timestamp>403.357530</timestamp>
			</report>
			<report>
				<misses>1443001</misses>
				<total>9</total>
				<timestamp>403.637257</timestamp>
			</report>
			<report>
				<misses>1444001</misses>
				<total>9</total>
				<timestamp>403.916986</timestamp>
			</report>
			<report>
				<misses>1445001</misses>
				<total>9</total>
				<timestamp>404.196701</timestamp>
			</report>
			<report>
				<misses>1446001</misses>
				<total>9</total>
				<timestamp>404.476423</timestamp>
			</report>
			<report>
				<misses>1447001</misses>
				<total>9</total>
				<timestamp>404.756190</timestamp>
			</report>
			<report>
				<misses>1448001</misses>
				<total>9</total>
				<timestamp>405.035908</timestamp>
			</report>
			<report>
				<misses>1449001</misses>
				<total>9</total>
				<timestamp>405.315623</timestamp>
			</report>
			<report>
				<misses>1450001</misses>
				<total>10</total>
				<timestamp>405.595295</timestamp>
			</report>
			<report>
				<misses>1451001</misses>
				<total>10</total>
				<timestamp>405.875009</timestamp>
			</report>
			<report>
				<misses>1452001</misses>
				<total>10</total>
				<timestamp>406.154832</timestamp>
			</report>
			<report>
				<misses>1453001</misses>
				<total>10</total>
				<timestamp>406.434438</timestamp>
			</report>
			<report>
				<misses>1454001</misses>
				<total>10</total>
				<timestamp>406.714170</timestamp>
			</report>
			<report>
				<misses>1455001</misses>
				<total>10</total>
				<timestamp>406.993972</timestamp>
			</report>
			<report>
				<misses>1456001</misses>
				<total>10</total>
				<timestamp>407.273605</timestamp>
			</report>
			<report>
				<misses>1457001</misses>
				<total>10</total>
				<timestamp>407.553330</timestamp>
			</report>
			<report>
				<misses>1458001</misses>
				<total>10</total>
				<timestamp>407.833064</timestamp>
			</report>
			<report>
				<misses>1459001</misses>
				<total>10</total>
				<timestamp>408.112850</timestamp>
			</report>
			<report>
				<misses>1460001</misses>
				<total>10</total>
				<timestamp>408.392508</timestamp>
			</report>
			<report>
				<misses>1461001</misses>
				<total>10</total>
				<timestamp>408.672213</timestamp>
			</report>
			<report>
				<misses>1462001</misses>
				<total>10</total>
				<timestamp>408.951992</timestamp>
			</report>
			<report>
				<misses>1463001</misses>
				<total>10</total>
				<timestamp>409.231644</timestamp>
			</report>
			<report>
				<misses>1464001</misses>
				<total>10</total>
				<timestamp>409.511364</timestamp>
			</report>
			<report>
				<misses>1465001</misses>
				<total>10</total>
				<timestamp>409.791119</timestamp>
			</report>
			<report>
				<misses>1466001</misses>
				<total>10</total>
				<timestamp>410.070822</timestamp>
			</report>
			<report>
				<misses>1467001</misses>
				<total>10</total>
				<timestamp>410.350583</timestamp>
			</report>
			<report>
				<misses>1468001</misses>
				<total>10</total>
				<timestamp>410.630265</timestamp>
			</report>
			<report>
				<misses>1469001</misses>
				<total>10</total>
				<timestamp>410.909993</timestamp>
			</report>
			<report>
				<misses>1470001</misses>
				<total>10</total>
				<timestamp>411.189698</timestamp>
			</report>
			<report>
				<misses>1471001</misses>
				<total>10</total>
				<timestamp>411.469428</timestamp>
			</report>
			<report>
				<misses>1472001</misses>
				<total>10</total>
				<timestamp>411.749136</timestamp>
			</report>
			<report>
				<misses>1473001</misses>
				<total>10</total>
				<timestamp>412.028900</timestamp>
			</report>
			<report>
				<misses>1474001</misses>
				<total>10</total>
				<timestamp>412.308570</timestamp>
			</report>
			<report>
				<misses>1475001</misses>
				<total>10</total>
				<timestamp>412.588284</timestamp>
			</report>
			<report>
				<misses>1476001</misses>
				<total>10</total>
				<timestamp>412.868093</timestamp>
			</report>
			<report>
				<misses>1477001</misses>
				<total>10</total>
				<timestamp>413.147779</timestamp>
			</report>
			<report>
				<misses>1478001</misses>
				<total>10</total>
				<timestamp>413.427447</timestamp>
			</report>
			<report>
				<misses>1479001</misses>
				<total>10</total>
				<timestamp>413.707165</timestamp>
			</report>
			<report>
				<misses>1480001</misses>
				<total>10</total>
				<timestamp>413.986957</timestamp>
			</report>
			<report>
				<misses>1481001</misses>
				<total>10</total>
				<timestamp>414.266615</timestamp>
			</report>
			<report>
				<misses>1482001</misses>
				<total>10</total>
				<timestamp>414.546332</timestamp>
			</report>
			<report>
				<misses>1483001</misses>
				<total>10</total>
				<timestamp>414.826075</timestamp>
			</report>
			<report>
				<misses>1484001</misses>
				<total>10</total>
				<timestamp>415.105795</timestamp>
			</report>
			<report>
				<misses>1485001</misses>
				<total>10</total>
				<timestamp>415.385530</timestamp>
			</report>
			<report>
				<misses>1486001</misses>
				<total>10</total>
				<timestamp>415.665223</timestamp>
			</report>
			<report>
				<misses>1487001</misses>
				<total>10</total>
				<timestamp>415.945009</timestamp>
			</report>
			<report>
				<misses>1488001</misses>
				<total>10</total>
				<timestamp>416.224652</timestamp>
			</report>
			<report>
				<misses>1489001</misses>
				<total>10</total>
				<timestamp>416.504461</timestamp>
			</report>
			<report>
				<misses>1490001</misses>
				<total>10</total>
				<timestamp>416.784118</timestamp>
			</report>
			<report>
				<misses>1491001</misses>
				<total>10</total>
				<timestamp>417.063901</timestamp>
			</report>
			<report>
				<misses>1492001</misses>
				<total>10</total>
				<timestamp>417.343522</timestamp>
			</report>
			<report>
				<misses>1493001</misses>
				<total>10</total>
				<timestamp>417.623243</timestamp>
			</report>
			<report>
				<misses>1494001</misses>
				<total>10</total>
				<timestamp>417.902993</timestamp>
			</report>
			<report>
				<misses>1495001</misses>
				<total>10</total>
				<timestamp>418.182759</timestamp>
			</report>
			<report>
				<misses>1496001</misses>
				<total>10</total>
				<timestamp>418.462403</timestamp>
			</report>
			<report>
				<misses>1497001</misses>
				<total>10</total>
				<timestamp>418.742176</timestamp>
			</report>
			<report>
				<misses>1498001</misses>
				<total>10</total>
				<timestamp>419.021933</timestamp>
			</report>
			<report>
				<misses>1499001</misses>
				<total>10</total>
				<timestamp>419.301610</timestamp>
			</report>
			<report>
				<misses>1500001</misses>
				<total>10</total>
				<timestamp>419.581310</timestamp>
			</report>
			<report>
				<misses>1501001</misses>
				<total>10</total>
				<timestamp>419.861009</timestamp>
			</report>
			<report>
				<misses>1502001</misses>
				<total>10</total>
				<timestamp>420.140749</timestamp>
			</report>
			<report>
				<misses>1503001</misses>
				<total>10</total>
				<timestamp>420.420452</timestamp>
			</report>
			<report>
				<misses>1504001</misses>
				<total>10</total>
				<timestamp>420.700168</timestamp>
			</report>
			<report>
				<misses>1505001</misses>
				<total>10</total>
				<timestamp>420.979961</timestamp>
			</report>
			<report>
				<misses>1506001</misses>
				<total>10</total>
				<timestamp>421.259626</timestamp>
			</report>
			<report>
				<misses>1507001</misses>
				<total>10</total>
				<timestamp>421.539361</timestamp>
			</report>
			<report>
				<misses>1508001</misses>
				<total>10</total>
				<timestamp>421.819073</timestamp>
			</report>
			<report>
				<misses>1509001</misses>
				<total>10</total>
				<timestamp>422.098836</timestamp>
			</report>
			<report>
				<misses>1510001</misses>
				<total>10</total>
				<timestamp>422.378529</timestamp>
			</report>
			<report>
				<misses>1511001</misses>
				<total>10</total>
				<timestamp>422.658267</timestamp>
			</report>
			<report>
				<misses>1512001</misses>
				<total>10</total>
				<timestamp>422.937928</timestamp>
			</report>
			<report>
				<misses>1513001</misses>
				<total>10</total>
				<timestamp>423.217679</timestamp>
			</report>
			<report>
				<misses>1514001</misses>
				<total>10</total>
				<timestamp>423.497398</timestamp>
			</report>
			<report>
				<misses>1515001</misses>
				<total>10</total>
				<timestamp>423.777114</timestamp>
			</report>
			<report>
				<misses>1516001</misses>
				<total>10</total>
				<timestamp>424.056878</timestamp>
			</report>
			<report>
				<misses>1517001</misses>
				<total>10</total>
				<timestamp>424.336533</timestamp>
			</report>
			<report>
				<misses>1518001</misses>
				<total>10</total>
				<timestamp>424.616249</timestamp>
			</report>
			<report>
				<misses>1519001</misses>
				<total>10</total>
				<timestamp>424.895965</timestamp>
			</report>
			<report>
				<misses>1520001</misses>
				<total>10</total>
				<timestamp>425.175697</timestamp>
			</report>
			<report>
				<misses>1521001</misses>
				<total>10</total>
				<timestamp>425.455401</timestamp>
			</report>
			<report>
				<misses>1522001</misses>
				<total>10</total>
				<timestamp>425.735132</timestamp>
			</report>
			<report>
				<misses>1523001</misses>
				<total>10</total>
				<timestamp>426.014919</timestamp>
			</report>
			<report>
				<misses>1524001</misses>
				<total>10</total>
				<timestamp>426.294585</timestamp>
			</report>
			<report>
				<misses>1525001</misses>
				<total>10</total>
				<timestamp>426.574278</timestamp>
			</report>
			<report>
				<misses>1526001</misses>
				<total>10</total>
				<timestamp>426.854006</timestamp>
			</report>
			<report>
				<misses>1527001</misses>
				<total>10</total>
				<timestamp>427.133774</timestamp>
			</report>
			<report>
				<misses>1528001</misses>
				<total>10</total>
				<timestamp>427.413447</timestamp>
			</report>
			<report>
				<misses>1529001</misses>
				<total>10</total>
				<timestamp>427.693166</timestamp>
			</report>
			<report>
				<misses>1530001</misses>
				<total>10</total>
				<timestamp>427.972921</timestamp>
			</report>
			<report>
				<misses>1531001</misses>
				<total>10</total>
				<timestamp>428.252633</timestamp>
			</report>
			<report>
				<misses>1532001</misses>
				<total>10</total>
				<timestamp>428.532344</timestamp>
			</report>
			<report>
				<misses>1533001</misses>
				<total>10</total>
				<timestamp>428.812065</timestamp>
			</report>
			<report>
				<misses>1534001</misses>
				<total>10</total>
				<timestamp>429.091799</timestamp>
			</report>
			<report>
				<misses>1535001</misses>
				<total>10</total>
				<timestamp>429.371508</timestamp>
			</report>
			<report>
				<misses>1536001</misses>
				<total>10</total>
				<timestamp>429.651213</timestamp>
			</report>
			<report>
				<misses>1537001</misses>
				<total>10</total>
				<timestamp>429.930948</timestamp>
			</report>
			<report>
				<misses>1538001</misses>
				<total>10</total>
				<timestamp>430.210665</timestamp>
			</report>
			<report>
				<misses>1539001</misses>
				<total>10</total>
				<timestamp>430.490391</timestamp>
			</report>
			<report>
				<misses>1540001</misses>
				<total>10</total>
				<timestamp>430.770113</timestamp>
			</report>
			<report>
				<misses>1541001</misses>
				<total>10</total>
				<timestamp>431.049829</timestamp>
			</report>
			<report>
				<misses>1542001</misses>
				<total>10</total>
				<timestamp>431.329550</timestamp>
			</report>
			<report>
				<misses>1543001</misses>
				<total>10</total>
				<timestamp>431.609267</timestamp>
			</report>
			<report>
				<misses>1544001</misses>
				<total>10</total>
				<timestamp>431.888988</timestamp>
			</report>
			<report>
				<misses>1545001</misses>
				<total>10</total>
				<timestamp>432.168743</timestamp>
			</report>
			<report>
				<misses>1546001</misses>
				<total>10</total>
				<timestamp>432.448411</timestamp>
			</report>
			<report>
				<misses>1547001</misses>
				<total>10</total>
				<timestamp>432.728121</timestamp>
			</report>
			<report>
				<misses>1548001</misses>
				<total>10</total>
				<timestamp>433.007864</timestamp>
			</report>
			<report>
				<misses>1549001</misses>
				<total>10</total>
				<timestamp>433.287600</timestamp>
			</report>
			<report>
				<misses>1550001</misses>
				<total>10</total>
				<timestamp>433.567319</timestamp>
			</report>
			<report>
				<misses>1551001</misses>
				<total>10</total>
				<timestamp>433.847005</timestamp>
			</report>
			<report>
				<misses>1552001</misses>
				<total>10</total>
				<timestamp>434.126832</timestamp>
			</report>
			<report>
				<misses>1553001</misses>
				<total>10</total>
				<timestamp>434.406455</timestamp>
			</report>
			<report>
				<misses>1554001</misses>
				<total>10</total>
				<timestamp>434.686171</timestamp>
			</report>
			<report>
				<misses>1555001</misses>
				<total>10</total>
				<timestamp>434.965892</timestamp>
			</report>
			<report>
				<misses>1556001</misses>
				<total>10</total>
				<timestamp>435.245639</timestamp>
			</report>
			<report>
				<misses>1557001</misses>
				<total>10</total>
				<timestamp>435.525326</timestamp>
			</report>
			<report>
				<misses>1558001</misses>
				<total>10</total>
				<timestamp>435.805046</timestamp>
			</report>
			<report>
				<misses>1559001</misses>
				<total>10</total>
				<timestamp>436.084847</timestamp>
			</report>
			<report>
				<misses>1560001</misses>
				<total>10</total>
				<timestamp>436.364500</timestamp>
			</report>
			<report>
				<misses>1561001</misses>
				<total>10</total>
				<timestamp>436.644200</timestamp>
			</report>
			<report>
				<misses>1562001</misses>
				<total>10</total>
				<timestamp>436.923921</timestamp>
			</report>
			<report>
				<misses>1563001</misses>
				<total>10</total>
				<timestamp>437.203646</timestamp>
			</report>
			<report>
				<misses>1564001</misses>
				<total>10</total>
				<timestamp>437.483379</timestamp>
			</report>
			<report>
				<misses>1565001</misses>
				<total>10</total>
				<timestamp>437.763084</timestamp>
			</report>
			<report>
				<misses>1566001</misses>
				<total>10</total>
				<timestamp>438.042824</timestamp>
			</report>
			<report>
				<misses>1567001</misses>
				<total>10</total>
				<timestamp>438.322565</timestamp>
			</report>
			<report>
				<misses>1568001</misses>
				<total>10</total>
				<timestamp>438.602242</timestamp>
			</report>
			<report>
				<misses>1569001</misses>
				<total>10</total>
				<timestamp>438.881970</timestamp>
			</report>
			<report>
				<misses>1570001</misses>
				<total>10</total>
				<timestamp>439.161764</timestamp>
			</report>
			<report>
				<misses>1571001</misses>
				<total>10</total>
				<timestamp>439.441424</timestamp>
			</report>
			<report>
				<misses>1572001</misses>
				<total>10</total>
				<timestamp>439.721126</timestamp>
			</report>
			<report>
				<misses>1573001</misses>
				<total>10</total>
				<timestamp>440.000906</timestamp>
			</report>
			<report>
				<misses>1574001</misses>
				<total>10</total>
				<timestamp>440.280608</timestamp>
			</report>
			<report>
				<misses>1575001</misses>
				<total>10</total>
				<timestamp>440.560293</timestamp>
			</report>
			<report>
				<misses>1576001</misses>
				<total>10</total>
				<timestamp>440.840017</timestamp>
			</report>
			<report>
				<misses>1577001</misses>
				<total>10</total>
				<timestamp>441.119797</timestamp>
			</report>
			<report>
				<misses>1578001</misses>
				<total>10</total>
				<timestamp>441.399453</timestamp>
			</report>
			<report>
				<misses>1579001</misses>
				<total>10</total>
				<timestamp>441.679169</timestamp>
			</report>
			<report>
				<misses>1580001</misses>
				<total>10</total>
				<timestamp>441.958915</timestamp>
			</report>
			<report>
				<misses>1581001</misses>
				<total>10</total>
				<timestamp>442.238654</timestamp>
			</report>
			<report>
				<misses>1582001</misses>
				<total>10</total>
				<timestamp>442.518320</timestamp>
			</report>
			<report>
				<misses>1583001</misses>
				<total>10</total>
				<timestamp>442.798040</timestamp>
			</report>
			<report>
				<misses>1584001</misses>
				<total>10</total>
				<timestamp>443.077804</timestamp>
			</report>
			<report>
				<misses>1585001</misses>
				<total>10</total>
				<timestamp>443.357602</timestamp>
			</report>
			<report>
				<misses>1586001</misses>
				<total>10</total>
				<timestamp>443.637242</timestamp>
			</report>
			<report>
				<misses>1587001</misses>
				<total>10</total>
				<timestamp>443.916950</timestamp>
			</report>
			<report>
				<misses>1588001</misses>
				<total>10</total>
				<timestamp>444.196678</timestamp>
			</report>
			<report>
				<misses>1589001</misses>
				<total>10</total>
				<timestamp>444.476372</timestamp>
			</report>
			<report>
				<misses>1590001</misses>
				<total>10</total>
				<timestamp>444.756097</timestamp>
			</report>
			<report>
				<misses>1591001</misses>
				<total>10</total>
				<timestamp>445.035888</timestamp>
			</report>
			<report>
				<misses>1592001</misses>
				<total>10</total>
				<timestamp>445.315572</timestamp>
			</report>
			<report>
				<misses>1593001</misses>
				<total>10</total>
				<timestamp>445.595288</timestamp>
			</report>
			<report>
				<misses>1594001</misses>
				<total>10</total>
				<timestamp>445.875006</timestamp>
			</report>
			<report>
				<misses>1595001</misses>
				<total>10</total>
				<timestamp>446.154745</timestamp>
			</report>
			<report>
				<misses>1596001</misses>
				<total>10</total>
				<timestamp>446.434442</timestamp>
			</report>
			<report>
				<misses>1597001</misses>
				<total>10</total>
				<timestamp>446.714127</timestamp>
			</report>
			<report>
				<misses>1598001</misses>
				<total>10</total>
				<timestamp>446.993940</timestamp>
			</report>
			<report>
				<misses>1599001</misses>
				<total>10</total>
				<timestamp>447.273585</timestamp>
			</report>
			<report>
				<misses>1600001</misses>
				<total>10</total>
				<timestamp>447.553298</timestamp>
			</report>
			<report>
				<misses>1601001</misses>
				<total>10</total>
				<timestamp>447.833016</timestamp>
			</report>
			<report>
				<misses>1602001</misses>
				<total>10</total>
				<timestamp>448.112740</timestamp>
			</report>
			<report>
				<misses>1603001</misses>
				<total>10</total>
				<timestamp>448.392508</timestamp>
			</report>
			<report>
				<misses>1604001</misses>
				<total>10</total>
				<timestamp>448.672172</timestamp>
			</report>
			<report>
				<misses>1605001</misses>
				<total>10</total>
				<timestamp>448.951952</timestamp>
			</report>
			<report>
				<misses>1606001</misses>
				<total>10</total>
				<timestamp>449.231699</timestamp>
			</report>
			<report>
				<misses>1607001</misses>
				<total>10</total>
				<timestamp>449.511355</timestamp>
			</report>
			<report>
				<misses>1608001</misses>
				<total>10</total>
				<timestamp>449.791075</timestamp>
			</report>
			<report>
				<misses>1609001</misses>
				<total>10</total>
				<timestamp>450.070828</timestamp>
			</report>
			<report>
				<misses>1610001</misses>
				<total>10</total>
				<timestamp>450.350541</timestamp>
			</report>
			<report>
				<misses>1611001</misses>
				<total>10</total>
				<timestamp>450.630244</timestamp>
			</report>
			<report>
				<misses>1612001</misses>
				<total>10</total>
				<timestamp>450.909967</timestamp>
			</report>
			<report>
				<misses>1613001</misses>
				<total>10</total>
				<timestamp>451.189711</timestamp>
			</report>
			<report>
				<misses>1614001</misses>
				<total>10</total>
				<timestamp>451.469386</timestamp>
			</report>
			<report>
				<misses>1615001</misses>
				<total>10</total>
				<timestamp>451.749101</timestamp>
			</report>
			<report>
				<misses>1616001</misses>
				<total>10</total>
				<timestamp>452.028842</timestamp>
			</report>
			<report>
				<misses>1617001</misses>
				<total>10</total>
				<timestamp>452.308549</timestamp>
			</report>
			<report>
				<misses>1618001</misses>
				<total>10</total>
				<timestamp>452.588263</timestamp>
			</report>
			<report>
				<misses>1619001</misses>
				<total>10</total>
				<timestamp>452.867996</timestamp>
			</report>
			<report>
				<misses>1620001</misses>
				<total>10</total>
				<timestamp>453.147752</timestamp>
			</report>
			<report>
				<misses>1621001</misses>
				<total>10</total>
				<timestamp>453.427443</timestamp>
			</report>
			<report>
				<misses>1622001</misses>
				<total>10</total>
				<timestamp>453.707203</timestamp>
			</report>
			<report>
				<misses>1623001</misses>
				<total>10</total>
				<timestamp>453.986845</timestamp>
			</report>
			<report>
				<misses>1624001</misses>
				<total>10</total>
				<timestamp>454.266606</timestamp>
			</report>
			<report>
				<misses>1625001</misses>
				<total>10</total>
				<timestamp>454.546299</timestamp>
			</report>
			<report>
				<misses>1626001</misses>
				<total>10</total>
				<timestamp>454.825998</timestamp>
			</report>
			<report>
				<misses>1627001</misses>
				<total>10</total>
				<timestamp>455.105773</timestamp>
			</report>
			<report>
				<misses>1628001</misses>
				<total>10</total>
				<timestamp>455.385473</timestamp>
			</report>
			<report>
				<misses>1629001</misses>
				<total>10</total>
				<timestamp>455.665158</timestamp>
			</report>
			<report>
				<misses>1630001</misses>
				<total>10</total>
				<timestamp>455.944889</timestamp>
			</report>
			<report>
				<misses>1631001</misses>
				<total>10</total>
				<timestamp>456.224665</timestamp>
			</report>
			<report>
				<misses>1632001</misses>
				<total>10</total>
				<timestamp>456.504370</timestamp>
			</report>
			<report>
				<misses>1633001</misses>
				<total>10</total>
				<timestamp>456.784061</timestamp>
			</report>
			<report>
				<misses>1634001</misses>
				<total>10</total>
				<timestamp>457.063765</timestamp>
			</report>
			<report>
				<misses>1635001</misses>
				<total>10</total>
				<timestamp>457.343495</timestamp>
			</report>
			<report>
				<misses>1636001</misses>
				<total>10</total>
				<timestamp>457.623250</timestamp>
			</report>
			<report>
				<misses>1637001</misses>
				<total>10</total>
				<timestamp>457.902936</timestamp>
			</report>
			<report>
				<misses>1638001</misses>
				<total>10</total>
				<timestamp>458.182687</timestamp>
			</report>
			<report>
				<misses>1639001</misses>
				<total>10</total>
				<timestamp>458.462363</timestamp>
			</report>
			<report>
				<misses>1640001</misses>
				<total>10</total>
				<timestamp>458.742093</timestamp>
			</report>
			<report>
				<misses>1641001</misses>
				<total>10</total>
				<timestamp>459.021815</timestamp>
			</report>
			<report>
				<misses>1642001</misses>
				<total>10</total>
				<timestamp>459.301529</timestamp>
			</report>
			<report>
				<misses>1643001</misses>
				<total>10</total>
				<timestamp>459.581255</timestamp>
			</report>
			<report>
				<misses>1644001</misses>
				<total>10</total>
				<timestamp>459.860961</timestamp>
			</report>
			<report>
				<misses>1645001</misses>
				<total>10</total>
				<timestamp>460.140769</timestamp>
			</report>
			<report>
				<misses>1646001</misses>
				<total>10</total>
				<timestamp>460.420406</timestamp>
			</report>
			<report>
				<misses>1647001</misses>
				<total>10</total>
				<timestamp>460.700132</timestamp>
			</report>
			<report>
				<misses>1648001</misses>
				<total>10</total>
				<timestamp>460.979860</timestamp>
			</report>
			<report>
				<misses>1649001</misses>
				<total>10</total>
				<timestamp>461.259623</timestamp>
			</report>
			<report>
				<misses>1650001</misses>
				<total>10</total>
				<timestamp>461.539344</timestamp>
			</report>
			<report>
				<misses>1651001</misses>
				<total>10</total>
				<timestamp>461.819000</timestamp>
			</report>
			<report>
				<misses>1652001</misses>
				<total>10</total>
				<timestamp>462.098788</timestamp>
			</report>
			<report>
				<misses>1653001</misses>
				<total>10</total>
				<timestamp>462.378496</timestamp>
			</report>
			<report>
				<misses>1654001</misses>
				<total>10</total>
				<timestamp>462.658178</timestamp>
			</report>
			<report>
				<misses>1655001</misses>
				<total>10</total>
				<timestamp>462.937909</timestamp>
			</report>
			<report>
				<misses>1656001</misses>
				<total>10</total>
				<timestamp>463.217702</timestamp>
			</report>
			<report>
				<misses>1657001</misses>
				<total>10</total>
				<timestamp>463.497315</timestamp>
			</report>
			<report>
				<misses>1658001</misses>
				<total>10</total>
				<timestamp>463.777041</timestamp>
			</report>
			<report>
				<misses>1659001</misses>
				<total>10</total>
				<timestamp>464.056791</timestamp>
			</report>
			<report>
				<misses>1660001</misses>
				<total>10</total>
				<timestamp>464.336503</timestamp>
			</report>
			<report>
				<misses>1661001</misses>
				<total>10</total>
				<timestamp>464.616214</timestamp>
			</report>
			<report>
				<misses>1662001</misses>
				<total>10</total>
				<timestamp>464.895945</timestamp>
			</report>
			<report>
				<misses>1663001</misses>
				<total>10</total>
				<timestamp>465.175694</timestamp>
			</report>
			<report>
				<misses>1664001</misses>
				<total>10</total>
				<timestamp>465.455387</timestamp>
			</report>
			<report>
				<misses>1665001</misses>
				<total>10</total>
				<timestamp>465.735114</timestamp>
			</report>
			<report>
				<misses>1666001</misses>
				<total>10</total>
				<timestamp>466.014802</timestamp>
			</report>
			<report>
				<misses>1667001</misses>
				<total>10</total>
				<timestamp>466.294626</timestamp>
			</report>
			<report>
				<misses>1668001</misses>
				<total>10</total>
				<timestamp>466.574271</timestamp>
			</report>
			<report>
				<misses>1669001</misses>
				<total>10</total>
				<timestamp>466.853984</timestamp>
			</report>
			<report>
				<misses>1670001</misses>
				<total>10</total>
				<timestamp>467.133710</timestamp>
			</report>
			<report>
				<misses>1671001</misses>
				<total>10</total>
				<timestamp>467.413425</timestamp>
			</report>
			<report>
				<misses>1672001</misses>
				<total>10</total>
				<timestamp>467.693169</timestamp>
			</report>
			<report>
				<misses>1673001</misses>
				<total>10</total>
				<timestamp>467.972850</timestamp>
			</report>
			<report>
				<misses>1674001</misses>
				<total>10</total>
				<timestamp>468.252614</timestamp>
			</report>
			<report>
				<misses>1675001</misses>
				<total>10</total>
				<timestamp>468.532432</timestamp>
			</report>
			<report>
				<misses>1676001</misses>
				<total>10</total>
				<timestamp>468.812017</timestamp>
			</report>
			<report>
				<misses>1677001</misses>
				<total>10</total>
				<timestamp>469.091751</timestamp>
			</report>
			<report>
				<misses>1678001</misses>
				<total>10</total>
				<timestamp>469.371459</timestamp>
			</report>
			<report>
				<misses>1679001</misses>
				<total>10</total>
				<timestamp>469.651185</timestamp>
			</report>
			<report>
				<misses>1680001</misses>
				<total>10</total>
				<timestamp>469.930890</timestamp>
			</report>
			<report>
				<misses>1681001</misses>
				<total>10</total>
				<timestamp>470.210630</timestamp>
			</report>
			<report>
				<misses>1682001</misses>
				<total>10</total>
				<timestamp>470.490395</timestamp>
			</report>
			<report>
				<misses>1683001</misses>
				<total>10</total>
				<timestamp>470.770051</timestamp>
			</report>
			<report>
				<misses>1684001</misses>
				<total>10</total>
				<timestamp>471.049790</timestamp>
			</report>
			<report>
				<misses>1685001</misses>
				<total>10</total>
				<timestamp>471.329531</timestamp>
			</report>
			<report>
				<misses>1686001</misses>
				<total>10</total>
				<timestamp>471.609238</timestamp>
			</report>
			<report>
				<misses>1687001</misses>
				<total>10</total>
				<timestamp>471.888944</timestamp>
			</report>
			<report>
				<misses>1688001</misses>
				<total>10</total>
				<timestamp>472.168683</timestamp>
			</report>
			<report>
				<misses>1689001</misses>
				<total>10</total>
				<timestamp>472.448411</timestamp>
			</report>
			<report>
				<misses>1690001</misses>
				<total>10</total>
				<timestamp>472.728133</timestamp>
			</report>
			<report>
				<misses>1691001</misses>
				<total>10</total>
				<timestamp>473.007832</timestamp>
			</report>
			<report>
				<misses>1692001</misses>
				<total>10</total>
				<timestamp>473.287542</timestamp>
			</report>
			<report>
				<misses>1693001</misses>
				<total>10</total>
				<timestamp>473.567275</timestamp>
			</report>
			<report>
				<misses>1694001</misses>
				<total>10</total>
				<timestamp>473.846988</timestamp>
			</report>
			<report>
				<misses>1695001</misses>
				<total>10</total>
				<timestamp>474.126764</timestamp>
			</report>
			<report>
				<misses>1696001</misses>
				<total>10</total>
				<timestamp>474.406458</timestamp>
			</report>
			<report>
				<misses>1697001</misses>
				<total>10</total>
				<timestamp>474.686144</timestamp>
			</report>
			<report>
				<misses>1698001</misses>
				<total>10</total>
				<timestamp>474.965855</timestamp>
			</report>
			<report>
				<misses>1699001</misses>
				<total>10</total>
				<timestamp>475.245603</timestamp>
			</report>
			<report>
				<misses>1700001</misses>
				<total>10</total>
				<timestamp>475.525304</timestamp>
			</report>
			<report>
				<misses>1701001</misses>
				<total>10</total>
				<timestamp>475.805003</timestamp>
			</report>
			<report>
				<misses>1702001</misses>
				<total>10</total>
				<timestamp>476.084799</timestamp>
			</report>
			<report>
				<misses>1703001</misses>
				<total>10</total>
				<timestamp>476.364477</timestamp>
			</report>
			<report>
				<misses>1704001</misses>
				<total>10</total>
				<timestamp>476.644163</timestamp>
			</report>
			<report>
				<misses>1705001</misses>
				<total>10</total>
				<timestamp>476.923894</timestamp>
			</report>
			<report>
				<misses>1706001</misses>
				<total>10</total>
				<timestamp>477.203650</timestamp>
			</report>
			<report>
				<misses>1707001</misses>
				<total>10</total>
				<timestamp>477.483346</timestamp>
			</report>
			<report>
				<misses>1708001</misses>
				<total>10</total>
				<timestamp>477.763074</timestamp>
			</report>
			<report>
				<misses>1709001</misses>
				<total>10</total>
				<timestamp>478.042779</timestamp>
			</report>
			<report>
				<misses>1710001</misses>
				<total>10</total>
				<timestamp>478.322585</timestamp>
			</report>
			<report>
				<misses>1711001</misses>
				<total>10</total>
				<timestamp>478.602217</timestamp>
			</report>
			<report>
				<misses>1712001</misses>
				<total>10</total>
				<timestamp>478.881923</timestamp>
			</report>
			<report>
				<misses>1713001</misses>
				<total>10</total>
				<timestamp>479.161682</timestamp>
			</report>
			<report>
				<misses>1714001</misses>
				<total>10</total>
				<timestamp>479.441386</timestamp>
			</report>
			<report>
				<misses>1715001</misses>
				<total>10</total>
				<timestamp>479.721106</timestamp>
			</report>
			<report>
				<misses>1716001</misses>
				<total>10</total>
				<timestamp>480.000824</timestamp>
			</report>
			<report>
				<misses>1717001</misses>
				<total>10</total>
				<timestamp>480.280576</timestamp>
			</report>
			<report>
				<misses>1718001</misses>
				<total>10</total>
				<timestamp>480.560253</timestamp>
			</report>
			<report>
				<misses>1719001</misses>
				<total>10</total>
				<timestamp>480.839979</timestamp>
			</report>
			<report>
				<misses>1720001</misses>
				<total>10</total>
				<timestamp>481.119706</timestamp>
			</report>
			<report>
				<misses>1721001</misses>
				<total>10</total>
				<timestamp>481.399511</timestamp>
			</report>
			<report>
				<misses>1722001</misses>
				<total>10</total>
				<timestamp>481.679133</timestamp>
			</report>
			<report>
				<misses>1723001</misses>
				<total>10</total>
				<timestamp>481.958834</timestamp>
			</report>
			<report>
				<misses>1724001</misses>
				<total>10</total>
				<timestamp>482.238589</timestamp>
			</report>
			<report>
				<misses>1725001</misses>
				<total>10</total>
				<timestamp>482.518311</timestamp>
			</report>
			<report>
				<misses>1726001</misses>
				<total>10</total>
				<timestamp>482.798009</timestamp>
			</report>
			<report>
				<misses>1727001</misses>
				<total>10</total>
				<timestamp>483.077744</timestamp>
			</report>
			<report>
				<misses>1728001</misses>
				<total>10</total>
				<timestamp>483.357499</timestamp>
			</report>
			<report>
				<misses>1729001</misses>
				<total>10</total>
				<timestamp>483.637198</timestamp>
			</report>
			<report>
				<misses>1730001</misses>
				<total>10</total>
				<timestamp>483.916889</timestamp>
			</report>
			<report>
				<misses>1731001</misses>
				<total>10</total>
				<timestamp>484.196646</timestamp>
			</report>
			<report>
				<misses>1732001</misses>
				<total>10</total>
				<timestamp>484.476330</timestamp>
			</report>
			<report>
				<misses>1733001</misses>
				<total>10</total>
				<timestamp>484.756065</timestamp>
			</report>
			<report>
				<misses>1734001</misses>
				<total>10</total>
				<timestamp>485.035781</timestamp>
			</report>
			<report>
				<misses>1735001</misses>
				<total>10</total>
				<timestamp>485.315545</timestamp>
			</report>
			<report>
				<misses>1736001</misses>
				<total>10</total>
				<timestamp>485.595220</timestamp>
			</report>
			<report>
				<misses>1737001</misses>
				<total>10</total>
				<timestamp>485.874925</timestamp>
			</report>
			<report>
				<misses>1738001</misses>
				<total>10</total>
				<timestamp>486.154674</timestamp>
			</report>
			<report>
				<misses>1739001</misses>
				<total>10</total>
				<timestamp>486.434368</timestamp>
			</report>
			<report>
				<misses>1740001</misses>
				<total>10</total>
				<timestamp>486.714104</timestamp>
			</report>
			<report>
				<misses>1741001</misses>
				<total>10</total>
				<timestamp>486.993871</timestamp>
			</report>
			<report>
				<misses>1742001</misses>
				<total>10</total>
				<timestamp>487.273591</timestamp>
			</report>
			<report>
				<misses>1743001</misses>
				<total>10</total>
				<timestamp>487.553287</timestamp>
			</report>
			<report>
				<misses>1744001</misses>
				<total>10</total>
				<timestamp>487.832960</timestamp>
			</report>
			<report>
				<misses>1745001</misses>
				<total>10</total>
				<timestamp>488.112719</timestamp>
			</report>
			<report>
				<misses>1746001</misses>
				<total>10</total>
				<timestamp>488.392412</timestamp>
			</report>
			<report>
				<misses>1747001</misses>
				<total>10</total>
				<timestamp>488.672145</timestamp>
			</report>
			<report>
				<misses>1748001</misses>
				<total>10</total>
				<timestamp>488.951852</timestamp>
			</report>
			<report>
				<misses>1749001</misses>
				<total>10</total>
				<timestamp>489.231589</timestamp>
			</report>
			<report>
				<misses>1750001</misses>
				<total>10</total>
				<timestamp>489.511297</timestamp>
			</report>
			<report>
				<misses>1751001</misses>
				<total>10</total>
				<timestamp>489.791013</timestamp>
			</report>
			<report>
				<misses>1752001</misses>
				<total>10</total>
				<timestamp>490.070766</timestamp>
			</report>
			<report>
				<misses>1753001</misses>
				<total>10</total>
				<timestamp>490.350488</timestamp>
			</report>
			<report>
				<misses>1754001</misses>
				<total>10</total>
				<timestamp>490.630181</timestamp>
			</report>
			<report>
				<misses>1755001</misses>
				<total>10</total>
				<timestamp>490.909904</timestamp>
			</report>
			<report>
				<misses>1756001</misses>
				<total>10</total>
				<timestamp>491.189627</timestamp>
			</report>
			<report>
				<misses>1757001</misses>
				<total>10</total>
				<timestamp>491.469349</timestamp>
			</report>
			<report>
				<misses>1758001</misses>
				<total>10</total>
				<timestamp>491.749076</timestamp>
			</report>
			<report>
				<misses>1759001</misses>
				<total>10</total>
				<timestamp>492.028808</timestamp>
			</report>
			<report>
				<misses>1760001</misses>
				<total>10</total>
				<timestamp>492.308537</timestamp>
			</report>
			<report>
				<misses>1761001</misses>
				<total>10</total>
				<timestamp>492.588239</timestamp>
			</report>
			<report>
				<misses>1762001</misses>
				<total>10</total>
				<timestamp>492.867988</timestamp>
			</report>
			<report>
				<misses>1763001</misses>
				<total>10</total>
				<timestamp>493.147659</timestamp>
			</report>
			<report>
				<misses>1764001</misses>
				<total>10</total>
				<timestamp>493.427416</timestamp>
			</report>
			<report>
				<misses>1765001</misses>
				<total>10</total>
				<timestamp>493.707088</timestamp>
			</report>
			<report>
				<misses>1766001</misses>
				<total>10</total>
				<timestamp>493.986828</timestamp>
			</report>
			<report>
				<misses>1767001</misses>
				<total>10</total>
				<timestamp>494.266551</timestamp>
			</report>
			<report>
				<misses>1768001</misses>
				<total>10</total>
				<timestamp>494.546307</timestamp>
			</report>
			<report>
				<misses>1769001</misses>
				<total>10</total>
				<timestamp>494.825980</timestamp>
			</report>
			<report>
				<misses>1770001</misses>
				<total>10</total>
				<timestamp>495.105699</timestamp>
			</report>
			<report>
				<misses>1771001</misses>
				<total>10</total>
				<timestamp>495.385408</timestamp>
			</report>
			<report>
				<misses>1772001</misses>
				<total>10</total>
				<timestamp>495.665175</timestamp>
			</report>
			<report>
				<misses>1773001</misses>
				<total>10</total>
				<timestamp>495.944847</timestamp>
			</report>
			<report>
				<misses>1774001</misses>
				<total>10</total>
				<timestamp>496.224612</timestamp>
			</report>
			<report>
				<misses>1775001</misses>
				<total>10</total>
				<timestamp>496.504308</timestamp>
			</report>
			<report>
				<misses>1776001</misses>
				<total>10</total>
				<timestamp>496.784024</timestamp>
			</report>
			<report>
				<misses>1777001</misses>
				<total>10</total>
				<timestamp>497.063742</timestamp>
			</report>
			<report>
				<misses>1778001</misses>
				<total>10</total>
				<timestamp>497.343502</timestamp>
			</report>
			<report>
				<misses>1779001</misses>
				<total>10</total>
				<timestamp>497.623210</timestamp>
			</report>
			<report>
				<misses>1780001</misses>
				<total>10</total>
				<timestamp>497.902892</timestamp>
			</report>
			<report>
				<misses>1781001</misses>
				<total>10</total>
				<timestamp>498.182650</timestamp>
			</report>
			<report>
				<misses>1782001</misses>
				<total>10</total>
				<timestamp>498.462354</timestamp>
			</report>
			<report>
				<misses>1783001</misses>
				<total>10</total>
				<timestamp>498.742087</timestamp>
			</report>
			<report>
				<misses>1784001</misses>
				<total>10</total>
				<timestamp>499.021792</timestamp>
			</report>
			<report>
				<misses>1785001</misses>
				<total>10</total>
				<timestamp>499.301485</timestamp>
			</report>
			<report>
				<misses>1786001</misses>
				<total>10</total>
				<timestamp>499.581228</timestamp>
			</report>
			<report>
				<misses>1787001</misses>
				<total>10</total>
				<timestamp>499.860929</timestamp>
			</report>
			<report>
				<misses>1788001</misses>
				<total>10</total>
				<timestamp>500.140632</timestamp>
			</report>
			<report>
				<misses>1789001</misses>
				<total>10</total>
				<timestamp>500.420444</timestamp>
			</report>
			<report>
				<misses>1790001</misses>
				<total>10</total>
				<timestamp>500.700118</timestamp>
			</report>
			<report>
				<misses>1791001</misses>
				<total>10</total>
				<timestamp>500.979815</timestamp>
			</report>
			<report>
				<misses>1792001</misses>
				<total>10</total>
				<timestamp>501.259549</timestamp>
			</report>
			<report>
				<misses>1793001</misses>
				<total>10</total>
				<timestamp>501.539264</timestamp>
			</report>
			<report>
				<misses>1794001</misses>
				<total>10</total>
				<timestamp>501.818984</timestamp>
			</report>
			<report>
				<misses>1795001</misses>
				<total>10</total>
				<timestamp>502.098675</timestamp>
			</report>
			<report>
				<misses>1796001</misses>
				<total>10</total>
				<timestamp>502.378400</timestamp>
			</report>
			<report>
				<misses>1797001</misses>
				<total>10</total>
				<timestamp>502.658183</timestamp>
			</report>
			<report>
				<misses>1798001</misses>
				<total>10</total>
				<timestamp>502.937886</timestamp>
			</report>
			<report>
				<misses>1799001</misses>
				<total>10</total>
				<timestamp>503.217583</timestamp>
			</report>
			<report>
				<misses>1800001</misses>
				<total>10</total>
				<timestamp>503.497345</timestamp>
			</report>
			<report>
				<misses>1801001</misses>
				<total>10</total>
				<timestamp>503.777005</timestamp>
			</report>
			<report>
				<misses>1802001</misses>
				<total>10</total>
				<timestamp>504.056741</timestamp>
			</report>
			<report>
				<misses>1803001</misses>
				<total>10</total>
				<timestamp>504.336466</timestamp>
			</report>
			<report>
				<misses>1804001</misses>
				<total>10</total>
				<timestamp>504.616222</timestamp>
			</report>
			<report>
				<misses>1805001</misses>
				<total>10</total>
				<timestamp>504.895889</timestamp>
			</report>
			<report>
				<misses>1806001</misses>
				<total>10</total>
				<timestamp>505.175622</timestamp>
			</report>
			<report>
				<misses>1807001</misses>
				<total>10</total>
				<timestamp>505.455326</timestamp>
			</report>
			<report>
				<misses>1808001</misses>
				<total>10</total>
				<timestamp>505.735071</timestamp>
			</report>
			<report>
				<misses>1809001</misses>
				<total>10</total>
				<timestamp>506.014791</timestamp>
			</report>
			<report>
				<misses>1810001</misses>
				<total>10</total>
				<timestamp>506.294526</timestamp>
			</report>
			<report>
				<misses>1811001</misses>
				<total>10</total>
				<timestamp>506.574264</timestamp>
			</report>
			<report>
				<misses>1812001</misses>
				<total>10</total>
				<timestamp>506.853925</timestamp>
			</report>
			<report>
				<misses>1813001</misses>
				<total>10</total>
				<timestamp>507.133660</timestamp>
			</report>
			<report>
				<misses>1814001</misses>
				<total>10</total>
				<timestamp>507.413453</timestamp>
			</report>
			<report>
				<misses>1815001</misses>
				<total>10</total>
				<timestamp>507.693236</timestamp>
			</report>
			<report>
				<misses>1816001</misses>
				<total>10</total>
				<timestamp>507.972852</timestamp>
			</report>
			<report>
				<misses>1817001</misses>
				<total>10</total>
				<timestamp>508.252521</timestamp>
			</report>
			<report>
				<misses>1818001</misses>
				<total>10</total>
				<timestamp>508.532283</timestamp>
			</report>
			<report>
				<misses>1819001</misses>
				<total>10</total>
				<timestamp>508.811979</timestamp>
			</report>
			<report>
				<misses>1820001</misses>
				<total>10</total>
				<timestamp>509.091693</timestamp>
			</report>
			<report>
				<misses>1821001</misses>
				<total>10</total>
				<timestamp>509.371431</timestamp>
			</report>
			<report>
				<misses>1822001</misses>
				<total>10</total>
				<timestamp>509.651161</timestamp>
			</report>
			<report>
				<misses>1823001</misses>
				<total>10</total>
				<timestamp>509.930859</timestamp>
			</report>
			<report>
				<misses>1824001</misses>
				<total>10</total>
				<timestamp>510.210577</timestamp>
			</report>
			<report>
				<misses>1825001</misses>
				<total>10</total>
				<timestamp>510.490311</timestamp>
			</report>
			<report>
				<misses>1826001</misses>
				<total>10</total>
				<timestamp>510.770010</timestamp>
			</report>
			<report>
				<misses>1827001</misses>
				<total>10</total>
				<timestamp>511.049740</timestamp>
			</report>
			<report>
				<misses>1828001</misses>
				<total>10</total>
				<timestamp>511.329506</timestamp>
			</report>
			<report>
				<misses>1829001</misses>
				<total>10</total>
				<timestamp>511.609215</timestamp>
			</report>
			<report>
				<misses>1830001</misses>
				<total>10</total>
				<timestamp>511.888933</timestamp>
			</report>
			<report>
				<misses>1831001</misses>
				<total>10</total>
				<timestamp>512.168631</timestamp>
			</report>
			<report>
				<misses>1832001</misses>
				<total>10</total>
				<timestamp>512.448327</timestamp>
			</report>
			<report>
				<misses>1833001</misses>
				<total>10</total>
				<timestamp>512.728050</timestamp>
			</report>
			<report>
				<misses>1834001</misses>
				<total>10</total>
				<timestamp>513.007772</timestamp>
			</report>
			<report>
				<misses>1835001</misses>
				<total>10</total>
				<timestamp>513.287521</timestamp>
			</report>
			<report>
				<misses>1836001</misses>
				<total>10</total>
				<timestamp>513.567223</timestamp>
			</report>
			<report>
				<misses>1837001</misses>
				<total>10</total>
				<timestamp>513.846922</timestamp>
			</report>
			<report>
				<misses>1838001</misses>
				<total>10</total>
				<timestamp>514.126644</timestamp>
			</report>
			<report>
				<misses>1839001</misses>
				<total>10</total>
				<timestamp>514.406423</timestamp>
			</report>
			<report>
				<misses>1840001</misses>
				<total>10</total>
				<timestamp>514.686196</timestamp>
			</report>
			<report>
				<misses>1841001</misses>
				<total>10</total>
				<timestamp>514.965802</timestamp>
			</report>
			<report>
				<misses>1842001</misses>
				<total>10</total>
				<timestamp>515.245528</timestamp>
			</report>
			<report>
				<misses>1843001</misses>
				<total>10</total>
				<timestamp>515.525262</timestamp>
			</report>
			<report>
				<misses>1844001</misses>
				<total>10</total>
				<timestamp>515.804973</timestamp>
			</report>
			<report>
				<misses>1845001</misses>
				<total>10</total>
				<timestamp>516.084694</timestamp>
			</report>
			<report>
				<misses>1846001</misses>
				<total>10</total>
				<timestamp>516.364463</timestamp>
			</report>
			<report>
				<misses>1847001</misses>
				<total>10</total>
				<timestamp>516.644158</timestamp>
			</report>
			<report>
				<misses>1848001</misses>
				<total>10</total>
				<timestamp>516.923852</timestamp>
			</report>
			<report>
				<misses>1849001</misses>
				<total>10</total>
				<timestamp>517.203573</timestamp>
			</report>
			<report>
				<misses>1850001</misses>
				<total>10</total>
				<timestamp>517.483356</timestamp>
			</report>
			<report>
				<misses>1851001</misses>
				<total>10</total>
				<timestamp>517.763032</timestamp>
			</report>
			<report>
				<misses>1852001</misses>
				<total>10</total>
				<timestamp>518.042743</timestamp>
			</report>
			<report>
				<misses>1853001</misses>
				<total>10</total>
				<timestamp>518.322440</timestamp>
			</report>
			<report>
				<misses>1854001</misses>
				<total>10</total>
				<timestamp>518.602177</timestamp>
			</report>
			<report>
				<misses>1855001</misses>
				<total>10</total>
				<timestamp>518.881915</timestamp>
			</report>
			<report>
				<misses>1856001</misses>
				<total>10</total>
				<timestamp>519.161603</timestamp>
			</report>
			<report>
				<misses>1857001</misses>
				<total>10</total>
				<timestamp>519.441402</timestamp>
			</report>
			<report>
				<misses>1858001</misses>
				<total>10</total>
				<timestamp>519.721089</timestamp>
			</report>
			<report>
				<misses>1859001</misses>
				<total>10</total>
				<timestamp>520.000803</timestamp>
			</report>
			<report>
				<misses>1860001</misses>
				<total>10</total>
				<timestamp>520.280488</timestamp>
			</report>
			<report>
				<misses>1861001</misses>
				<total>10</total>
				<timestamp>520.560236</timestamp>
			</report>
			<report>
				<misses>1862001</misses>
				<total>10</total>
				<timestamp>520.839957</timestamp>
			</report>
			<report>
				<misses>1863001</misses>
				<total>10</total>
				<timestamp>521.119645</timestamp>
			</report>
			<report>
				<misses>1864001</misses>
				<total>10</total>
				<timestamp>521.399402</timestamp>
			</report>
			<report>
				<misses>1865001</misses>
				<total>10</total>
				<timestamp>521.679086</timestamp>
			</report>
			<report>
				<misses>1866001</misses>
				<total>10</total>
				<timestamp>521.958818</timestamp>
			</report>
			<report>
				<misses>1867001</misses>
				<total>10</total>
				<timestamp>522.238534</timestamp>
			</report>
			<report>
				<misses>1868001</misses>
				<total>10</total>
				<timestamp>522.518326</timestamp>
			</report>
			<report>
				<misses>1869001</misses>
				<total>10</total>
				<timestamp>522.797974</timestamp>
			</report>
			<report>
				<misses>1870001</misses>
				<total>10</total>
				<timestamp>523.077693</timestamp>
			</report>
			<report>
				<misses>1871001</misses>
				<total>10</total>
				<timestamp>523.357491</timestamp>
			</report>
			<report>
				<misses>1872001</misses>
				<total>10</total>
				<timestamp>523.637140</timestamp>
			</report>
			<report>
				<misses>1873001</misses>
				<total>10</total>
				<timestamp>523.916869</timestamp>
			</report>
			<report>
				<misses>1874001</misses>
				<total>10</total>
				<timestamp>524.196586</timestamp>
			</report>
			<report>
				<misses>1875001</misses>
				<total>10</total>
				<timestamp>524.476296</timestamp>
			</report>
			<report>
				<misses>1876001</misses>
				<total>10</total>
				<timestamp>524.756037</timestamp>
			</report>
			<report>
				<misses>1877001</misses>
				<total>10</total>
				<timestamp>525.035743</timestamp>
			</report>
			<report>
				<misses>1878001</misses>
				<total>10</total>
				<timestamp>525.315545</timestamp>
			</report>
			<report>
				<misses>1879001</misses>
				<total>10</total>
				<timestamp>525.595171</timestamp>
			</report>
			<report>
				<misses>1880001</misses>
				<total>10</total>
				<timestamp>525.874905</timestamp>
			</report>
			<report>
				<misses>1881001</misses>
				<total>10</total>
				<timestamp>526.154623</timestamp>
			</report>
			<report>
				<misses>1882001</misses>
				<total>10</total>
				<timestamp>526.434362</timestamp>
			</report>
			<report>
				<misses>1883001</misses>
				<total>10</total>
				<timestamp>526.714053</timestamp>
			</report>
			<report>
				<misses>1884001</misses>
				<total>10</total>
				<timestamp>526.993759</timestamp>
			</report>
			<report>
				<misses>1885001</misses>
				<total>10</total>
				<timestamp>527.273484</timestamp>
			</report>
			<report>
				<misses>1886001</misses>
				<total>10</total>
				<timestamp>527.553326</timestamp>
			</report>
			<report>
				<misses>1887001</misses>
				<total>10</total>
				<timestamp>527.832964</timestamp>
			</report>
			<report>
				<misses>1888001</misses>
				<total>10</total>
				<timestamp>528.112667</timestamp>
			</report>
			<report>
				<misses>1889001</misses>
				<total>10</total>
				<timestamp>528.392451</timestamp>
			</report>
			<report>
				<misses>1890001</misses>
				<total>10</total>
				<timestamp>528.672102</timestamp>
			</report>
			<report>
				<misses>1891001</misses>
				<total>10</total>
				<timestamp>528.951831</timestamp>
			</report>
			<report>
				<misses>1892001</misses>
				<total>10</total>
				<timestamp>529.231538</timestamp>
			</report>
			<report>
				<misses>1893001</misses>
				<total>10</total>
				<timestamp>529.511248</timestamp>
			</report>
			<report>
				<misses>1894001</misses>
				<total>10</total>
				<timestamp>529.790969</timestamp>
			</report>
			<report>
				<misses>1895001</misses>
				<total>10</total>
				<timestamp>530.070694</timestamp>
			</report>
			<report>
				<misses>1896001</misses>
				<total>10</total>
				<timestamp>530.350446</timestamp>
			</report>
			<report>
				<misses>1897001</misses>
				<total>10</total>
				<timestamp>530.630163</timestamp>
			</report>
			<report>
				<misses>1898001</misses>
				<total>10</total>
				<timestamp>530.909880</timestamp>
			</report>
			<report>
				<misses>1899001</misses>
				<total>10</total>
				<timestamp>531.189562</timestamp>
			</report>
			<report>
				<misses>1900001</misses>
				<total>10</total>
				<timestamp>531.469340</timestamp>
			</report>
			<report>
				<misses>1901001</misses>
				<total>10</total>
				<timestamp>531.749046</timestamp>
			</report>
			<report>
				<misses>1902001</misses>
				<total>10</total>
				<timestamp>532.028807</timestamp>
			</report>
			<report>
				<misses>1903001</misses>
				<total>10</total>
				<timestamp>532.308477</timestamp>
			</report>
			<report>
				<misses>1904001</misses>
				<total>10</total>
				<timestamp>532.588189</timestamp>
			</report>
			<report>
				<misses>1905001</misses>
				<total>10</total>
				<timestamp>532.867911</timestamp>
			</report>
			<report>
				<misses>1906001</misses>
				<total>10</total>
				<timestamp>533.147643</timestamp>
			</report>
			<report>
				<misses>1907001</misses>
				<total>10</total>
				<timestamp>533.427322</timestamp>
			</report>
			<report>
				<misses>1908001</misses>
				<total>10</total>
				<timestamp>533.707059</timestamp>
			</report>
			<report>
				<misses>1909001</misses>
				<total>10</total>
				<timestamp>533.986762</timestamp>
			</report>
			<report>
				<misses>1910001</misses>
				<total>10</total>
				<timestamp>534.266492</timestamp>
			</report>
			<report>
				<misses>1911001</misses>
				<total>10</total>
				<timestamp>534.546222</timestamp>
			</report>
			<report>
				<misses>1912001</misses>
				<total>10</total>
				<timestamp>534.825956</timestamp>
			</report>
			<report>
				<misses>1913001</misses>
				<total>10</total>
				<timestamp>535.105651</timestamp>
			</report>
			<report>
				<misses>1914001</misses>
				<total>10</total>
				<timestamp>535.385416</timestamp>
			</report>
			<report>
				<misses>1915001</misses>
				<total>10</total>
				<timestamp>535.665114</timestamp>
			</report>
			<report>
				<misses>1916001</misses>
				<total>10</total>
				<timestamp>535.944809</timestamp>
			</report>
			<report>
				<misses>1917001</misses>
				<total>10</total>
				<timestamp>536.224529</timestamp>
			</report>
			<report>
				<misses>1918001</misses>
				<total>10</total>
				<timestamp>536.504303</timestamp>
			</report>
			<report>
				<misses>1919001</misses>
				<total>10</total>
				<timestamp>536.784028</timestamp>
			</report>
			<report>
				<misses>1920001</misses>
				<total>10</total>
				<timestamp>537.063705</timestamp>
			</report>
			<report>
				<misses>1921001</misses>
				<total>10</total>
				<timestamp>537.343464</timestamp>
			</report>
			<report>
				<misses>1922001</misses>
				<total>10</total>
				<timestamp>537.623138</timestamp>
			</report>
			<report>
				<misses>1923001</misses>
				<total>10</total>
				<timestamp>537.902872</timestamp>
			</report>
			<report>
				<misses>1924001</misses>
				<total>10</total>
				<timestamp>538.182619</timestamp>
			</report>
			<report>
				<misses>1925001</misses>
				<total>10</total>
				<timestamp>538.462313</timestamp>
			</report>
			<report>
				<misses>1926001</misses>
				<total>10</total>
				<timestamp>538.742073</timestamp>
			</report>
			<report>
				<misses>1927001</misses>
				<total>10</total>
				<timestamp>539.021753</timestamp>
			</report>
			<report>
				<misses>1928001</misses>
				<total>10</total>
				<timestamp>539.301439</timestamp>
			</report>
			<report>
				<misses>1929001</misses>
				<total>10</total>
				<timestamp>539.581158</timestamp>
			</report>
			<report>
				<misses>1930001</misses>
				<total>10</total>
				<timestamp>539.860936</timestamp>
			</report>
			<report>
				<misses>1931001</misses>
				<total>10</total>
				<timestamp>540.140608</timestamp>
			</report>
			<report>
				<misses>1932001</misses>
				<total>10</total>
				<timestamp>540.420382</timestamp>
			</report>
			<report>
				<misses>1933001</misses>
				<total>10</total>
				<timestamp>540.700078</timestamp>
			</report>
			<report>
				<misses>1934001</misses>
				<total>10</total>
				<timestamp>540.979783</timestamp>
			</report>
			<report>
				<misses>1935001</misses>
				<total>10</total>
				<timestamp>541.259507</timestamp>
			</report>
			<report>
				<misses>1936001</misses>
				<total>10</total>
				<timestamp>541.539220</timestamp>
			</report>
			<report>
				<misses>1937001</misses>
				<total>10</total>
				<timestamp>541.818964</timestamp>
			</report>
			<report>
				<misses>1938001</misses>
				<total>10</total>
				<timestamp>542.098637</timestamp>
			</report>
			<report>
				<misses>1939001</misses>
				<total>10</total>
				<timestamp>542.378391</timestamp>
			</report>
			<report>
				<misses>1940001</misses>
				<total>10</total>
				<timestamp>542.658117</timestamp>
			</report>
			<report>
				<misses>1941001</misses>
				<total>10</total>
				<timestamp>542.937829</timestamp>
			</report>
			<report>
				<misses>1942001</misses>
				<total>10</total>
				<timestamp>543.217536</timestamp>
			</report>
			<report>
				<misses>1943001</misses>
				<total>10</total>
				<timestamp>543.497284</timestamp>
			</report>
			<report>
				<misses>1944001</misses>
				<total>10</total>
				<timestamp>543.777029</timestamp>
			</report>
			<report>
				<misses>1945001</misses>
				<total>10</total>
				<timestamp>544.056682</timestamp>
			</report>
			<report>
				<misses>1946001</misses>
				<total>10</total>
				<timestamp>544.336454</timestamp>
			</report>
			<report>
				<misses>1947001</misses>
				<total>10</total>
				<timestamp>544.616191</timestamp>
			</report>
			<report>
				<misses>1948001</misses>
				<total>10</total>
				<timestamp>544.895916</timestamp>
			</report>
			<report>
				<misses>1949001</misses>
				<total>10</total>
				<timestamp>545.175563</timestamp>
			</report>
			<report>
				<misses>1950001</misses>
				<total>10</total>
				<timestamp>545.455317</timestamp>
			</report>
			<report>
				<misses>1951001</misses>
				<total>10</total>
				<timestamp>545.735021</timestamp>
			</report>
			<report>
				<misses>1952001</misses>
				<total>10</total>
				<timestamp>546.014767</timestamp>
			</report>
			<report>
				<misses>1953001</misses>
				<total>10</total>
				<timestamp>546.294455</timestamp>
			</report>
			<report>
				<misses>1954001</misses>
				<total>10</total>
				<timestamp>546.574181</timestamp>
			</report>
			<report>
				<misses>1955001</misses>
				<total>10</total>
				<timestamp>546.853975</timestamp>
			</report>
			<report>
				<misses>1956001</misses>
				<total>10</total>
				<timestamp>547.133610</timestamp>
			</report>
			<report>
				<misses>1957001</misses>
				<total>10</total>
				<timestamp>547.413364</timestamp>
			</report>
			<report>
				<misses>1958001</misses>
				<total>10</total>
				<timestamp>547.693073</timestamp>
			</report>
			<report>
				<misses>1959001</misses>
				<total>10</total>
				<timestamp>547.972818</timestamp>
			</report>
			<report>
				<misses>1960001</misses>
				<total>10</total>
				<timestamp>548.252533</timestamp>
			</report>
			<report>
				<misses>1961001</misses>
				<total>10</total>
				<timestamp>548.532253</timestamp>
			</report>
			<report>
				<misses>1962001</misses>
				<total>10</total>
				<timestamp>548.811927</timestamp>
			</report>
			<report>
				<misses>1963001</misses>
				<total>10</total>
				<timestamp>549.091652</timestamp>
			</report>
			<report>
				<misses>1964001</misses>
				<total>10</total>
				<timestamp>549.371386</timestamp>
			</report>
			<report>
				<misses>1965001</misses>
				<total>10</total>
				<timestamp>549.651099</timestamp>
			</report>
			<report>
				<misses>1966001</misses>
				<total>10</total>
				<timestamp>549.930802</timestamp>
			</report>
			<report>
				<misses>1967001</misses>
				<total>10</total>
				<timestamp>550.210514</timestamp>
			</report>
			<report>
				<misses>1968001</misses>
				<total>10</total>
				<timestamp>550.490259</timestamp>
			</report>
			<report>
				<misses>1969001</misses>
				<total>10</total>
				<timestamp>550.770005</timestamp>
			</report>
			<report>
				<misses>1970001</misses>
				<total>10</total>
				<timestamp>551.049698</timestamp>
			</report>
			<report>
				<misses>1971001</misses>
				<total>10</total>
				<timestamp>551.329415</timestamp>
			</report>
			<report>
				<misses>1972001</misses>
				<total>10</total>
				<timestamp>551.609128</timestamp>
			</report>
			<report>
				<misses>1973001</misses>
				<total>10</total>
				<timestamp>551.888882</timestamp>
			</report>
			<report>
				<misses>1974001</misses>
				<total>10</total>
				<timestamp>552.168566</timestamp>
			</report>
			<report>
				<misses>1975001</misses>
				<total>10</total>
				<timestamp>552.448321</timestamp>
			</report>
			<report>
				<misses>1976001</misses>
				<total>10</total>
				<timestamp>552.728047</timestamp>
			</report>
			<report>
				<misses>1977001</misses>
				<total>10</total>
				<timestamp>553.007784</timestamp>
			</report>
			<report>
				<misses>1978001</misses>
				<total>10</total>
				<timestamp>553.287449</timestamp>
			</report>
			<report>
				<misses>1979001</misses>
				<total>10</total>
				<timestamp>553.567248</timestamp>
			</report>
			<report>
				<misses>1980001</misses>
				<total>10</total>
				<timestamp>553.846917</timestamp>
			</report>
			<report>
				<misses>1981001</misses>
				<total>10</total>
				<timestamp>554.126607</timestamp>
			</report>
			<report>
				<misses>1982001</misses>
				<total>10</total>
				<timestamp>554.406378</timestamp>
			</report>
			<report>
				<misses>1983001</misses>
				<total>10</total>
				<timestamp>554.686100</timestamp>
			</report>
			<report>
				<misses>1984001</misses>
				<total>10</total>
				<timestamp>554.965776</timestamp>
			</report>
			<report>
				<misses>1985001</misses>
				<total>10</total>
				<timestamp>555.245540</timestamp>
			</report>
			<report>
				<misses>1986001</misses>
				<total>10</total>
				<timestamp>555.525265</timestamp>
			</report>
			<report>
				<misses>1987001</misses>
				<total>10</total>
				<timestamp>555.804939</timestamp>
			</report>
			<report>
				<misses>1988001</misses>
				<total>10</total>
				<timestamp>556.084643</timestamp>
			</report>
			<report>
				<misses>1989001</misses>
				<total>10</total>
				<timestamp>556.364469</timestamp>
			</report>
			<report>
				<misses>1990001</misses>
				<total>10</total>
				<timestamp>556.644083</timestamp>
			</report>
			<report>
				<misses>1991001</misses>
				<total>10</total>
				<timestamp>556.923895</timestamp>
			</report>
			<report>
				<misses>1992001</misses>
				<total>10</total>
				<timestamp>557.203556</timestamp>
			</report>
			<report>
				<misses>1993001</misses>
				<total>10</total>
				<timestamp>557.483327</timestamp>
			</report>
			<report>
				<misses>1994001</misses>
				<total>10</total>
				<timestamp>557.762992</timestamp>
			</report>
			<report>
				<misses>1995001</misses>
				<total>10</total>
				<timestamp>558.042700</timestamp>
			</report>
			<report>
				<misses>1996001</misses>
				<total>10</total>
				<timestamp>558.322441</timestamp>
			</report>
			<report>
				<misses>1997001</misses>
				<total>10</total>
				<timestamp>558.602207</timestamp>
			</report>
			<report>
				<misses>1998001</misses>
				<total>10</total>
				<timestamp>558.881879</timestamp>
			</report>
			<report>
				<misses>1999001</misses>
				<total>10</total>
				<timestamp>559.161587</timestamp>
			</report>
			<report>
				<misses>2000001</misses>
				<total>10</total>
				<timestamp>559.441338</timestamp>
			</report>
			<report>
				<misses>2001001</misses>
				<total>10</total>
				<timestamp>559.721038</timestamp>
			</report>
			<report>
				<misses>2002001</misses>
				<total>10</total>
				<timestamp>560.000769</timestamp>
			</report>
			<report>
				<misses>2003001</misses>
				<total>10</total>
				<timestamp>560.280512</timestamp>
			</report>
			<report>
				<misses>2004001</misses>
				<total>10</total>
				<timestamp>560.560226</timestamp>
			</report>
			<report>
				<misses>2005001</misses>
				<total>10</total>
				<timestamp>560.839943</timestamp>
			</report>
			<report>
				<misses>2006001</misses>
				<total>10</total>
				<timestamp>561.119612</timestamp>
			</report>
			<report>
				<misses>2007001</misses>
				<total>10</total>
				<timestamp>561.399359</timestamp>
			</report>
			<report>
				<misses>2008001</misses>
				<total>10</total>
				<timestamp>561.679043</timestamp>
			</report>
			<report>
				<misses>2009001</misses>
				<total>10</total>
				<timestamp>561.958835</timestamp>
			</report>
			<report>
				<misses>2010001</misses>
				<total>10</total>
				<timestamp>562.238513</timestamp>
			</report>
			<report>
				<misses>2011001</misses>
				<total>10</total>
				<timestamp>562.518224</timestamp>
			</report>
			<report>
				<misses>2012001</misses>
				<total>10</total>
				<timestamp>562.797962</timestamp>
			</report>
			<report>
				<misses>2013001</misses>
				<total>10</total>
				<timestamp>563.077659</timestamp>
			</report>
			<report>
				<misses>2014001</misses>
				<total>10</total>
				<timestamp>563.357391</timestamp>
			</report>
			<report>
				<misses>2015001</misses>
				<total>10</total>
				<timestamp>563.637083</timestamp>
			</report>
			<report>
				<misses>2016001</misses>
				<total>10</total>
				<timestamp>563.916836</timestamp>
			</report>
			<report>
				<misses>2017001</misses>
				<total>10</total>
				<timestamp>564.196546</timestamp>
			</report>
			<report>
				<misses>2018001</misses>
				<total>10</total>
				<timestamp>564.476336</timestamp>
			</report>
			<report>
				<misses>2019001</misses>
				<total>10</total>
				<timestamp>564.755992</timestamp>
			</report>
			<report>
				<misses>2020001</misses>
				<total>10</total>
				<timestamp>565.035759</timestamp>
			</report>
			<report>
				<misses>2021001</misses>
				<total>10</total>
				<timestamp>565.315409</timestamp>
			</report>
			<report>
				<misses>2022001</misses>
				<total>10</total>
				<timestamp>565.595189</timestamp>
			</report>
			<report>
				<misses>2023001</misses>
				<total>10</total>
				<timestamp>565.874866</timestamp>
			</report>
			<report>
				<misses>2024001</misses>
				<total>10</total>
				<timestamp>566.154580</timestamp>
			</report>
			<report>
				<misses>2025001</misses>
				<total>10</total>
				<timestamp>566.434331</timestamp>
			</report>
			<report>
				<misses>2026001</misses>
				<total>10</total>
				<timestamp>566.714010</timestamp>
			</report>
			<report>
				<misses>2027001</misses>
				<total>10</total>
				<timestamp>566.993801</timestamp>
			</report>
			<report>
				<misses>2028001</misses>
				<total>10</total>
				<timestamp>567.273464</timestamp>
			</report>
			<report>
				<misses>2029001</misses>
				<total>10</total>
				<timestamp>567.553246</timestamp>
			</report>
			<report>
				<misses>2030001</misses>
				<total>10</total>
				<timestamp>567.832994</timestamp>
			</report>
			<report>
				<misses>2031001</misses>
				<total>10</total>
				<timestamp>568.112610</timestamp>
			</report>
			<report>
				<misses>2032001</misses>
				<total>10</total>
				<timestamp>568.392340</timestamp>
			</report>
			<report>
				<misses>2033001</misses>
				<total>10</total>
				<timestamp>568.672049</timestamp>
			</report>
			<report>
				<misses>2034001</misses>
				<total>10</total>
				<timestamp>568.951829</timestamp>
			</report>
			<report>
				<misses>2035001</misses>
				<total>10</total>
				<timestamp>569.231482</timestamp>
			</report>
			<report>
				<misses>2036001</misses>
				<total>10</total>
				<timestamp>569.511258</timestamp>
			</report>
			<report>
				<misses>2037001</misses>
				<total>10</total>
				<timestamp>569.790931</timestamp>
			</report>
			<report>
				<misses>2038001</misses>
				<total>10</total>
				<timestamp>570.070704</timestamp>
			</report>
			<report>
				<misses>2039001</misses>
				<total>10</total>
				<timestamp>570.350384</timestamp>
			</report>
			<report>
				<misses>2040001</misses>
				<total>10</total>
				<timestamp>570.630180</timestamp>
			</report>
			<report>
				<misses>2041001</misses>
				<total>10</total>
				<timestamp>570.909844</timestamp>
			</report>
			<report>
				<misses>2042001</misses>
				<total>10</total>
				<timestamp>571.189529</timestamp>
			</report>
			<report>
				<misses>2043001</misses>
				<total>10</total>
				<timestamp>571.469305</timestamp>
			</report>
			<report>
				<misses>2044001</misses>
				<total>10</total>
				<timestamp>571.748976</timestamp>
			</report>
			<report>
				<misses>2045001</misses>
				<total>10</total>
				<timestamp>572.028736</timestamp>
			</report>
			<report>
				<misses>2046001</misses>
				<total>10</total>
				<timestamp>572.308405</timestamp>
			</report>
			<report>
				<misses>2047001</misses>
				<total>10</total>
				<timestamp>572.588177</timestamp>
			</report>
			<report>
				<misses>2048001</misses>
				<total>10</total>
				<timestamp>572.867894</timestamp>
			</report>
			<report>
				<misses>2049001</misses>
				<total>10</total>
				<timestamp>573.147585</timestamp>
			</report>
			<report>
				<misses>2050001</misses>
				<total>10</total>
				<timestamp>573.427355</timestamp>
			</report>
			<report>
				<misses>2051001</misses>
				<total>10</total>
				<timestamp>573.707030</timestamp>
			</report>
			<report>
				<misses>2052001</misses>
				<total>10</total>
				<timestamp>573.986782</timestamp>
			</report>
			<report>
				<misses>2053001</misses>
				<total>10</total>
				<timestamp>574.266449</timestamp>
			</report>
			<report>
				<misses>2054001</misses>
				<total>10</total>
				<timestamp>574.546280</timestamp>
			</report>
			<report>
				<misses>2055001</misses>
				<total>10</total>
				<timestamp>574.825936</timestamp>
			</report>
			<report>
				<misses>2056001</misses>
				<total>10</total>
				<timestamp>575.105630</timestamp>
			</report>
			<report>
				<misses>2057001</misses>
				<total>10</total>
				<timestamp>575.385338</timestamp>
			</report>
			<report>
				<misses>2058001</misses>
				<total>10</total>
				<timestamp>575.665122</timestamp>
			</report>
			<report>
				<misses>2059001</misses>
				<total>10</total>
				<timestamp>575.944783</timestamp>
			</report>
			<report>
				<misses>2060001</misses>
				<total>10</total>
				<timestamp>576.224499</timestamp>
			</report>
			<report>
				<misses>2061001</misses>
				<total>10</total>
				<timestamp>576.504279</timestamp>
			</report>
			<report>
				<misses>2062001</misses>
				<total>10</total>
				<timestamp>576.783943</timestamp>
			</report>
			<report>
				<misses>2063001</misses>
				<total>10</total>
				<timestamp>577.063709</timestamp>
			</report>
			<report>
				<misses>2064001</misses>
				<total>10</total>
				<timestamp>577.343372</timestamp>
			</report>
			<report>
				<misses>2065001</misses>
				<total>10</total>
				<timestamp>577.623138</timestamp>
			</report>
			<report>
				<misses>2066001</misses>
				<total>10</total>
				<timestamp>577.902844</timestamp>
			</report>
			<report>
				<misses>2067001</misses>
				<total>10</total>
				<timestamp>578.182540</timestamp>
			</report>
			<report>
				<misses>2068001</misses>
				<total>10</total>
				<timestamp>578.462258</timestamp>
			</report>
			<report>
				<misses>2069001</misses>
				<total>10</total>
				<timestamp>578.741999</timestamp>
			</report>
			<report>
				<misses>2070001</misses>
				<total>10</total>
				<timestamp>579.021692</timestamp>
			</report>
			<report>
				<misses>2071001</misses>
				<total>10</total>
				<timestamp>579.301396</timestamp>
			</report>
			<report>
				<misses>2072001</misses>
				<total>10</total>
				<timestamp>579.581149</timestamp>
			</report>
			<report>
				<misses>2073001</misses>
				<total>10</total>
				<timestamp>579.860882</timestamp>
			</report>
			<report>
				<misses>2074001</misses>
				<total>10</total>
				<timestamp>580.140662</timestamp>
			</report>
			<report>
				<misses>2075001</misses>
				<total>10</total>
				<timestamp>580.420327</timestamp>
			</report>
			<report>
				<misses>2076001</misses>
				<total>10</total>
				<timestamp>580.700118</timestamp>
			</report>
			<report>
				<misses>2077001</misses>
				<total>10</total>
				<timestamp>580.979738</timestamp>
			</report>
			<report>
				<misses>2078001</misses>
				<total>10</total>
				<timestamp>581.259468</timestamp>
			</report>
			<report>
				<misses>2079001</misses>
				<total>10</total>
				<timestamp>581.539168</timestamp>
			</report>
			<report>
				<misses>2080001</misses>
				<total>10</total>
				<timestamp>581.818893</timestamp>
			</report>
			<report>
				<misses>2081001</misses>
				<total>10</total>
				<timestamp>582.098627</timestamp>
			</report>
			<report>
				<misses>2082001</misses>
				<total>10</total>
				<timestamp>582.378334</timestamp>
			</report>
			<report>
				<misses>2083001</misses>
				<total>10</total>
				<timestamp>582.658151</timestamp>
			</report>
			<report>
				<misses>2084001</misses>
				<total>10</total>
				<timestamp>582.937811</timestamp>
			</report>
			<report>
				<misses>2085001</misses>
				<total>10</total>
				<timestamp>583.217495</timestamp>
			</report>
			<report>
				<misses>2086001</misses>
				<total>10</total>
				<timestamp>583.497231</timestamp>
			</report>
			<report>
				<misses>2087001</misses>
				<total>10</total>
				<timestamp>583.776927</timestamp>
			</report>
			<report>
				<misses>2088001</misses>
				<total>10</total>
				<timestamp>584.056704</timestamp>
			</report>
			<report>
				<misses>2089001</misses>
				<total>10</total>
				<timestamp>584.336361</timestamp>
			</report>
			<report>
				<misses>2090001</misses>
				<total>10</total>
				<timestamp>584.616090</timestamp>
			</report>
			<report>
				<misses>2091001</misses>
				<total>10</total>
				<timestamp>584.895828</timestamp>
			</report>
			<report>
				<misses>2092001</misses>
				<total>10</total>
				<timestamp>585.175562</timestamp>
			</report>
			<report>
				<misses>2093001</misses>
				<total>10</total>
				<timestamp>585.455252</timestamp>
			</report>
			<report>
				<misses>2094001</misses>
				<total>10</total>
				<timestamp>585.734978</timestamp>
			</report>
			<report>
				<misses>2095001</misses>
				<total>10</total>
				<timestamp>586.014710</timestamp>
			</report>
			<report>
				<misses>2096001</misses>
				<total>10</total>
				<timestamp>586.294401</timestamp>
			</report>
			<report>
				<misses>2097001</misses>
				<total>10</total>
				<timestamp>586.574220</timestamp>
			</report>
			<report>
				<misses>2098001</misses>
				<total>10</total>
				<timestamp>586.853866</timestamp>
			</report>
			<report>
				<misses>2099001</misses>
				<total>10</total>
				<timestamp>587.133573</timestamp>
			</report>
			<report>
				<misses>2100001</misses>
				<total>10</total>
				<timestamp>587.413285</timestamp>
			</report>
			<report>
				<misses>2101001</misses>
				<total>10</total>
				<timestamp>587.693087</timestamp>
			</report>
			<report>
				<misses>2102001</misses>
				<total>10</total>
				<timestamp>587.972749</timestamp>
			</report>
			<report>
				<misses>2103001</misses>
				<total>10</total>
				<timestamp>588.252474</timestamp>
			</report>
			<report>
				<misses>2104001</misses>
				<total>10</total>
				<timestamp>588.532251</timestamp>
			</report>
			<report>
				<misses>2105001</misses>
				<total>10</total>
				<timestamp>588.811887</timestamp>
			</report>
			<report>
				<misses>2106001</misses>
				<total>10</total>
				<timestamp>589.091646</timestamp>
			</report>
			<report>
				<misses>2107001</misses>
				<total>10</total>
				<timestamp>589.371337</timestamp>
			</report>
			<report>
				<misses>2108001</misses>
				<total>10</total>
				<timestamp>589.651099</timestamp>
			</report>
			<report>
				<misses>2109001</misses>
				<total>10</total>
				<timestamp>589.930833</timestamp>
			</report>
			<report>
				<misses>2110001</misses>
				<total>10</total>
				<timestamp>590.210483</timestamp>
			</report>
			<report>
				<misses>2111001</misses>
				<total>10</total>
				<timestamp>590.490218</timestamp>
			</report>
			<report>
				<misses>2112001</misses>
				<total>10</total>
				<timestamp>590.769947</timestamp>
			</report>
			<report>
				<misses>2113001</misses>
				<total>10</total>
				<timestamp>591.049668</timestamp>
			</report>
			<report>
				<misses>2114001</misses>
				<total>10</total>
				<timestamp>591.329379</timestamp>
			</report>
			<report>
				<misses>2115001</misses>
				<total>10</total>
				<timestamp>591.609115</timestamp>
			</report>
			<report>
				<misses>2116001</misses>
				<total>10</total>
				<timestamp>591.888847</timestamp>
			</report>
			<report>
				<misses>2117001</misses>
				<total>10</total>
				<timestamp>592.168532</timestamp>
			</report>
			<report>
				<misses>2118001</misses>
				<total>10</total>
				<timestamp>592.448254</timestamp>
			</report>
			<report>
				<misses>2119001</misses>
				<total>10</total>
				<timestamp>592.727965</timestamp>
			</report>
			<report>
				<misses>2120001</misses>
				<total>10</total>
				<timestamp>593.007733</timestamp>
			</report>
			<report>
				<misses>2121001</misses>
				<total>10</total>
				<timestamp>593.287415</timestamp>
			</report>
			<report>
				<misses>2122001</misses>
				<total>10</total>
				<timestamp>593.567167</timestamp>
			</report>
			<report>
				<misses>2123001</misses>
				<total>10</total>
				<timestamp>593.846837</timestamp>
			</report>
			<report>
				<misses>2124001</misses>
				<total>10</total>
				<timestamp>594.126622</timestamp>
			</report>
			<report>
				<misses>2125001</misses>
				<total>10</total>
				<timestamp>594.406285</timestamp>
			</report>
			<report>
				<misses>2126001</misses>
				<total>10</total>
				<timestamp>594.686094</timestamp>
			</report>
			<report>
				<misses>2127001</misses>
				<total>10</total>
				<timestamp>594.965766</timestamp>
			</report>
			<report>
				<misses>2128001</misses>
				<total>10</total>
				<timestamp>595.245452</timestamp>
			</report>
			<report>
				<misses>2129001</misses>
				<total>10</total>
				<timestamp>595.525171</timestamp>
			</report>
			<report>
				<misses>2130001</misses>
				<total>10</total>
				<timestamp>595.804887</timestamp>
			</report>
			<report>
				<misses>2131001</misses>
				<total>10</total>
				<timestamp>596.084666</timestamp>
			</report>
			<report>
				<misses>2132001</misses>
				<total>10</total>
				<timestamp>596.364331</timestamp>
			</report>
			<report>
				<misses>2133001</misses>
				<total>10</total>
				<timestamp>596.644064</timestamp>
			</report>
			<report>
				<misses>2134001</misses>
				<total>10</total>
				<timestamp>596.923803</timestamp>
			</report>
			<report>
				<misses>2135001</misses>
				<total>10</total>
				<timestamp>597.203524</timestamp>
			</report>
			<report>
				<misses>2136001</misses>
				<total>10</total>
				<timestamp>597.483221</timestamp>
			</report>
			<report>
				<misses>2137001</misses>
				<total>10</total>
				<timestamp>597.762920</timestamp>
			</report>
			<report>
				<misses>2138001</misses>
				<total>10</total>
				<timestamp>598.042662</timestamp>
			</report>
			<report>
				<misses>2139001</misses>
				<total>10</total>
				<timestamp>598.322361</timestamp>
			</report>
			<report>
				<misses>2140001</misses>
				<total>10</total>
				<timestamp>598.602106</timestamp>
			</report>
			<report>
				<misses>2141001</misses>
				<total>10</total>
				<timestamp>598.881841</timestamp>
			</report>
			<report>
				<misses>2142001</misses>
				<total>10</total>
				<timestamp>599.161620</timestamp>
			</report>
			<report>
				<misses>2143001</misses>
				<total>10</total>
				<timestamp>599.441264</timestamp>
			</report>
			<report>
				<misses>2144001</misses>
				<total>10</total>
				<timestamp>599.720968</timestamp>
			</report>
			<report>
				<misses>2145001</misses>
				<total>10</total>
				<timestamp>600.000721</timestamp>
			</report>
			<report>
				<misses>2146001</misses>
				<total>10</total>
				<timestamp>600.280416</timestamp>
			</report>
			<report>
				<misses>2147001</misses>
				<total>10</total>
				<timestamp>600.560193</timestamp>
			</report>
			<report>
				<misses>2148001</misses>
				<total>10</total>
				<timestamp>600.839874</timestamp>
			</report>
			<report>
				<misses>2149001</misses>
				<total>10</total>
				<timestamp>601.119612</timestamp>
			</report>
			<report>
				<misses>2150001</misses>
				<total>10</total>
				<timestamp>601.399297</timestamp>
			</report>
			<report>
				<misses>2151001</misses>
				<total>10</total>
				<timestamp>601.679032</timestamp>
			</report>
			<report>
				<misses>2152001</misses>
				<total>10</total>
				<timestamp>601.958758</timestamp>
			</report>
			<report>
				<misses>2153001</misses>
				<total>10</total>
				<timestamp>602.238448</timestamp>
			</report>
			<report>
				<misses>2154001</misses>
				<total>10</total>
				<timestamp>602.518194</timestamp>
			</report>
			<report>
				<misses>2155001</misses>
				<total>10</total>
				<timestamp>602.797914</timestamp>
			</report>
			<report>
				<misses>2156001</misses>
				<total>10</total>
				<timestamp>603.077681</timestamp>
			</report>
			<report>
				<misses>2157001</misses>
				<total>10</total>
				<timestamp>603.357331</timestamp>
			</report>
			<report>
				<misses>2158001</misses>
				<total>10</total>
				<timestamp>603.637117</timestamp>
			</report>
			<report>
				<misses>2159001</misses>
				<total>10</total>
				<timestamp>603.916791</timestamp>
			</report>
			<report>
				<misses>2160001</misses>
				<total>10</total>
				<timestamp>604.196533</timestamp>
			</report>
			<report>
				<misses>2161001</misses>
				<total>10</total>
				<timestamp>604.476221</timestamp>
			</report>
			<report>
				<misses>2162001</misses>
				<total>10</total>
				<timestamp>604.755931</timestamp>
			</report>
			<report>
				<misses>2163001</misses>
				<total>10</total>
				<timestamp>605.035678</timestamp>
			</report>
			<report>
				<misses>2164001</misses>
				<total>10</total>
				<timestamp>605.315367</timestamp>
			</report>
			<report>
				<misses>2165001</misses>
				<total>10</total>
				<timestamp>605.595116</timestamp>
			</report>
			<report>
				<misses>2166001</misses>
				<total>10</total>
				<timestamp>605.874801</timestamp>
			</report>
			<report>
				<misses>2167001</misses>
				<total>10</total>
				<timestamp>606.154567</timestamp>
			</report>
			<report>
				<misses>2168001</misses>
				<total>10</total>
				<timestamp>606.434262</timestamp>
			</report>
			<report>
				<misses>2169001</misses>
				<total>10</total>
				<timestamp>606.714005</timestamp>
			</report>
			<report>
				<misses>2170001</misses>
				<total>10</total>
				<timestamp>606.993700</timestamp>
			</report>
			<report>
				<misses>2171001</misses>
				<total>10</total>
				<timestamp>607.273422</timestamp>
			</report>
			<report>
				<misses>2172001</misses>
				<total>10</total>
				<timestamp>607.553138</timestamp>
			</report>
			<report>
				<misses>2173001</misses>
				<total>10</total>
				<timestamp>607.832842</timestamp>
			</report>
			<report>
				<misses>2174001</misses>
				<total>10</total>
				<timestamp>608.112589</timestamp>
			</report>
			<report>
				<misses>2175001</misses>
				<total>10</total>
				<timestamp>608.392303</timestamp>
			</report>
			<report>
				<misses>2176001</misses>
				<total>10</total>
				<timestamp>608.672070</timestamp>
			</report>
			<report>
				<misses>2177001</misses>
				<total>10</total>
				<timestamp>608.951737</timestamp>
			</report>
			<report>
				<misses>2178001</misses>
				<total>10</total>
				<timestamp>609.231492</timestamp>
			</report>
			<report>
				<misses>2179001</misses>
				<total>10</total>
				<timestamp>609.511288</timestamp>
			</report>
			<report>
				<misses>2180001</misses>
				<total>10</total>
				<timestamp>609.790873</timestamp>
			</report>
			<report>
				<misses>2181001</misses>
				<total>10</total>
				<timestamp>610.070641</timestamp>
			</report>
			<report>
				<misses>2182001</misses>
				<total>10</total>
				<timestamp>610.350325</timestamp>
			</report>
			<report>
				<misses>2183001</misses>
				<total>10</total>
				<timestamp>610.630042</timestamp>
			</report>
			<report>
				<misses>2184001</misses>
				<total>10</total>
				<timestamp>610.909793</timestamp>
			</report>
			<report>
				<misses>2185001</misses>
				<total>10</total>
				<timestamp>611.189557</timestamp>
			</report>
			<report>
				<misses>2186001</misses>
				<total>10</total>
				<timestamp>611.469209</timestamp>
			</report>
			<report>
				<misses>2187001</misses>
				<total>10</total>
				<timestamp>611.748968</timestamp>
			</report>
			<report>
				<misses>2188001</misses>
				<total>10</total>
				<timestamp>612.028668</timestamp>
			</report>
			<report>
				<misses>2189001</misses>
				<total>10</total>
				<timestamp>612.308380</timestamp>
			</report>
			<report>
				<misses>2190001</misses>
				<total>10</total>
				<timestamp>612.588094</timestamp>
			</report>
			<report>
				<misses>2191001</misses>
				<total>10</total>
				<timestamp>612.867826</timestamp>
			</report>
			<report>
				<misses>2192001</misses>
				<total>10</total>
				<timestamp>613.147571</timestamp>
			</report>
			<report>
				<misses>2193001</misses>
				<total>10</total>
				<timestamp>613.427258</timestamp>
			</report>
			<report>
				<misses>2194001</misses>
				<total>10</total>
				<timestamp>613.707026</timestamp>
			</report>
			<report>
				<misses>2195001</misses>
				<total>10</total>
				<timestamp>613.986706</timestamp>
			</report>
			<report>
				<misses>2196001</misses>
				<total>10</total>
				<timestamp>614.266452</timestamp>
			</report>
			<report>
				<misses>2197001</misses>
				<total>10</total>
				<timestamp>614.546142</timestamp>
			</report>
			<report>
				<misses>2198001</misses>
				<total>10</total>
				<timestamp>614.825919</timestamp>
			</report>
			<report>
				<misses>2199001</misses>
				<total>10</total>
				<timestamp>615.105599</timestamp>
			</report>
			<report>
				<misses>2200001</misses>
				<total>10</total>
				<timestamp>615.385297</timestamp>
			</report>
			<report>
				<misses>2201001</misses>
				<total>10</total>
				<timestamp>615.665053</timestamp>
			</report>
			<report>
				<misses>2202001</misses>
				<total>10</total>
				<timestamp>615.944737</timestamp>
			</report>
			<report>
				<misses>2203001</misses>
				<total>10</total>
				<timestamp>616.224521</timestamp>
			</report>
			<report>
				<misses>2204001</misses>
				<total>10</total>
				<timestamp>616.504173</timestamp>
			</report>
			<report>
				<misses>2205001</misses>
				<total>10</total>
				<timestamp>616.783947</timestamp>
			</report>
			<report>
				<misses>2206001</misses>
				<total>10</total>
				<timestamp>617.063604</timestamp>
			</report>
			<report>
				<misses>2207001</misses>
				<total>10</total>
				<timestamp>617.343330</timestamp>
			</report>
			<report>
				<misses>2208001</misses>
				<total>10</total>
				<timestamp>617.623074</timestamp>
			</report>
			<report>
				<misses>2209001</misses>
				<total>10</total>
				<timestamp>617.902798</timestamp>
			</report>
			<report>
				<misses>2210001</misses>
				<total>10</total>
				<timestamp>618.182516</timestamp>
			</report>
			<report>
				<misses>2211001</misses>
				<total>10</total>
				<timestamp>618.462222</timestamp>
			</report>
			<report>
				<misses>2212001</misses>
				<total>10</total>
				<timestamp>618.741981</timestamp>
			</report>
			<report>
				<misses>2213001</misses>
				<total>10</total>
				<timestamp>619.021657</timestamp>
			</report>
			<report>
				<misses>2214001</misses>
				<total>10</total>
				<timestamp>619.301378</timestamp>
			</report>
			<report>
				<misses>2215001</misses>
				<total>10</total>
				<timestamp>619.581161</timestamp>
			</report>
			<report>
				<misses>2216001</misses>
				<total>10</total>
				<timestamp>619.860823</timestamp>
			</report>
			<report>
				<misses>2217001</misses>
				<total>10</total>
				<timestamp>620.140558</timestamp>
			</report>
			<report>
				<misses>2218001</misses>
				<total>10</total>
				<timestamp>620.420239</timestamp>
			</report>
			<report>
				<misses>2219001</misses>
				<total>10</total>
				<timestamp>620.699979</timestamp>
			</report>
			<report>
				<misses>2220001</misses>
				<total>10</total>
				<timestamp>620.979704</timestamp>
			</report>
			<report>
				<misses>2221001</misses>
				<total>10</total>
				<timestamp>621.259467</timestamp>
			</report>
			<report>
				<misses>2222001</misses>
				<total>10</total>
				<timestamp>621.539228</timestamp>
			</report>
			<report>
				<misses>2223001</misses>
				<total>10</total>
				<timestamp>621.818881</timestamp>
			</report>
			<report>
				<misses>2224001</misses>
				<total>10</total>
				<timestamp>622.098591</timestamp>
			</report>
			<report>
				<misses>2225001</misses>
				<total>10</total>
				<timestamp>622.378295</timestamp>
			</report>
			<report>
				<misses>2226001</misses>
				<total>10</total>
				<timestamp>622.658013</timestamp>
			</report>
			<report>
				<misses>2227001</misses>
				<total>10</total>
				<timestamp>622.937745</timestamp>
			</report>
			<report>
				<misses>2228001</misses>
				<total>10</total>
				<timestamp>623.217472</timestamp>
			</report>
			<report>
				<misses>2229001</misses>
				<total>10</total>
				<timestamp>623.497164</timestamp>
			</report>
			<report>
				<misses>2230001</misses>
				<total>10</total>
				<timestamp>623.776921</timestamp>
			</report>
			<report>
				<misses>2231001</misses>
				<total>10</total>
				<timestamp>624.056619</timestamp>
			</report>
			<report>
				<misses>2232001</misses>
				<total>10</total>
				<timestamp>624.336324</timestamp>
			</report>
			<report>
				<misses>2233001</misses>
				<total>10</total>
				<timestamp>624.616092</timestamp>
			</report>
			<report>
				<misses>2234001</misses>
				<total>10</total>
				<timestamp>624.895804</timestamp>
			</report>
			<report>
				<misses>2235001</misses>
				<total>10</total>
				<timestamp>625.175560</timestamp>
			</report>
			<report>
				<misses>2236001</misses>
				<total>10</total>
				<timestamp>625.455202</timestamp>
			</report>
			<report>
				<misses>2237001</misses>
				<total>10</total>
				<timestamp>625.734964</timestamp>
			</report>
			<report>
				<misses>2238001</misses>
				<total>10</total>
				<timestamp>626.014655</timestamp>
			</report>
			<report>
				<misses>2239001</misses>
				<total>10</total>
				<timestamp>626.294411</timestamp>
			</report>
			<report>
				<misses>2240001</misses>
				<total>10</total>
				<timestamp>626.574142</timestamp>
			</report>
			<report>
				<misses>2241001</misses>
				<total>10</total>
				<timestamp>626.853817</timestamp>
			</report>
			<report>
				<misses>2242001</misses>
				<total>11</total>
				<timestamp>627.133561</timestamp>
			</report>
			<report>
				<misses>2243001</misses>
				<total>11</total>
				<timestamp>627.413256</timestamp>
			</report>
			<report>
				<misses>2244001</misses>
				<total>11</total>
				<timestamp>627.692979</timestamp>
			</report>
			<report>
				<misses>2245001</misses>
				<total>11</total>
				<timestamp>627.972701</timestamp>
			</report>
			<report>
				<misses>2246001</misses>
				<total>11</total>
				<timestamp>628.252470</timestamp>
			</report>
			<report>
				<misses>2247001</misses>
				<total>11</total>
				<timestamp>628.532134</timestamp>
			</report>
			<report>
				<misses>2248001</misses>
				<total>11</total>
				<timestamp>628.811868</timestamp>
			</report>
			<report>
				<misses>2249001</misses>
				<total>11</total>
				<timestamp>629.091564</timestamp>
			</report>
			<report>
				<misses>2250001</misses>
				<total>11</total>
				<timestamp>629.371292</timestamp>
			</report>
			<report>
				<misses>2251001</misses>
				<total>11</total>
				<timestamp>629.651035</timestamp>
			</report>
			<report>
				<misses>2252001</misses>
				<total>11</total>
				<timestamp>629.930784</timestamp>
			</report>
			<report>
				<misses>2253001</misses>
				<total>11</total>
				<timestamp>630.210479</timestamp>
			</report>
			<report>
				<misses>2254001</misses>
				<total>11</total>
				<timestamp>630.490178</timestamp>
			</report>
			<report>
				<misses>2255001</misses>
				<total>11</total>
				<timestamp>630.769940</timestamp>
			</report>
			<report>
				<misses>2256001</misses>
				<total>11</total>
				<timestamp>631.049637</timestamp>
			</report>
			<report>
				<misses>2257001</misses>
				<total>11</total>
				<timestamp>631.329344</timestamp>
			</report>
			<report>
				<misses>2258001</misses>
				<total>11</total>
				<timestamp>631.609080</timestamp>
			</report>
			<report>
				<misses>2259001</misses>
				<total>11</total>
				<timestamp>631.888784</timestamp>
			</report>
			<report>
				<misses>2260001</misses>
				<total>11</total>
				<timestamp>632.168622</timestamp>
			</report>
			<report>
				<misses>2261001</misses>
				<total>11</total>
				<timestamp>632.448203</timestamp>
			</report>
			<report>
				<misses>2262001</misses>
				<total>11</total>
				<timestamp>632.727957</timestamp>
			</report>
			<report>
				<misses>2263001</misses>
				<total>11</total>
				<timestamp>633.007669</timestamp>
			</report>
			<report>
				<misses>2264001</misses>
				<total>11</total>
				<timestamp>633.287421</timestamp>
			</report>
			<report>
				<misses>2265001</misses>
				<total>11</total>
				<timestamp>633.567096</timestamp>
			</report>
			<report>
				<misses>2266001</misses>
				<total>11</total>
				<timestamp>633.846832</timestamp>
			</report>
			<report>
				<misses>2267001</misses>
				<total>11</total>
				<timestamp>634.126558</timestamp>
			</report>
			<report>
				<misses>2268001</misses>
				<total>11</total>
				<timestamp>634.406249</timestamp>
			</report>
			<report>
				<misses>2269001</misses>
				<total>11</total>
				<timestamp>634.685965</timestamp>
			</report>
			<report>
				<misses>2270001</misses>
				<total>11</total>
				<timestamp>634.965697</timestamp>
			</report>
			<report>
				<misses>2271001</misses>
				<total>11</total>
				<timestamp>635.245493</timestamp>
			</report>
			<report>
				<misses>2272001</misses>
				<total>11</total>
				<timestamp>635.525125</timestamp>
			</report>
			<report>
				<misses>2273001</misses>
				<total>11</total>
				<timestamp>635.804871</timestamp>
			</report>
			<report>
				<misses>2274001</misses>
				<total>11</total>
				<timestamp>636.084582</timestamp>
			</report>
			<report>
				<misses>2275001</misses>
				<total>11</total>
				<timestamp>636.364359</timestamp>
			</report>
			<report>
				<misses>2276001</misses>
				<total>11</total>
				<timestamp>636.644017</timestamp>
			</report>
			<report>
				<misses>2277001</misses>
				<total>11</total>
				<timestamp>636.923748</timestamp>
			</report>
			<report>
				<misses>2278001</misses>
				<total>11</total>
				<timestamp>637.203476</timestamp>
			</report>
			<report>
				<misses>2279001</misses>
				<total>11</total>
				<timestamp>637.483165</timestamp>
			</report>
			<report>
				<misses>2280001</misses>
				<total>11</total>
				<timestamp>637.762913</timestamp>
			</report>
			<report>
				<misses>2281001</misses>
				<total>11</total>
				<timestamp>638.042684</timestamp>
			</report>
			<report>
				<misses>2282001</misses>
				<total>11</total>
				<timestamp>638.322344</timestamp>
			</report>
			<report>
				<misses>2283001</misses>
				<total>11</total>
				<timestamp>638.602059</timestamp>
			</report>
			<report>
				<misses>2284001</misses>
				<total>11</total>
				<timestamp>638.881840</timestamp>
			</report>
			<report>
				<misses>2285001</misses>
				<total>11</total>
				<timestamp>639.161536</timestamp>
			</report>
			<report>
				<misses>2286001</misses>
				<total>11</total>
				<timestamp>639.441193</timestamp>
			</report>
			<report>
				<misses>2287001</misses>
				<total>11</total>
				<timestamp>639.720980</timestamp>
			</report>
			<report>
				<misses>2288001</misses>
				<total>11</total>
				<timestamp>640.000659</timestamp>
			</report>
			<report>
				<misses>2289001</misses>
				<total>11</total>
				<timestamp>640.280373</timestamp>
			</report>
			<report>
				<misses>2290001</misses>
				<total>11</total>
				<timestamp>640.560150</timestamp>
			</report>
			<report>
				<misses>2291001</misses>
				<total>11</total>
				<timestamp>640.839842</timestamp>
			</report>
			<report>
				<misses>2292001</misses>
				<total>11</total>
				<timestamp>641.119531</timestamp>
			</report>
			<report>
				<misses>2293001</misses>
				<total>11</total>
				<timestamp>641.399266</timestamp>
			</report>
			<report>
				<misses>2294001</misses>
				<total>11</total>
				<timestamp>641.678999</timestamp>
			</report>
			<report>
				<misses>2295001</misses>
				<total>11</total>
				<timestamp>641.958725</timestamp>
			</report>
			<report>
				<misses>2296001</misses>
				<total>11</total>
				<timestamp>642.238417</timestamp>
			</report>
			<report>
				<misses>2297001</misses>
				<total>11</total>
				<timestamp>642.518121</timestamp>
			</report>
			<report>
				<misses>2298001</misses>
				<total>11</total>
				<timestamp>642.797848</timestamp>
			</report>
			<report>
				<misses>2299001</misses>
				<total>11</total>
				<timestamp>643.077578</timestamp>
			</report>
			<report>
				<misses>2300001</misses>
				<total>11</total>
				<timestamp>643.357333</timestamp>
			</report>
			<report>
				<misses>2301001</misses>
				<total>11</total>
				<timestamp>643.637001</timestamp>
			</report>
			<report>
				<misses>2302001</misses>
				<total>11</total>
				<timestamp>643.916761</timestamp>
			</report>
			<report>
				<misses>2303001</misses>
				<total>11</total>
				<timestamp>644.196460</timestamp>
			</report>
			<report>
				<misses>2304001</misses>
				<total>11</total>
				<timestamp>644.476161</timestamp>
			</report>
			<report>
				<misses>2305001</misses>
				<total>11</total>
				<timestamp>644.755919</timestamp>
			</report>
			<report>
				<misses>2306001</misses>
				<total>11</total>
				<timestamp>645.035644</timestamp>
			</report>
			<report>
				<misses>2307001</misses>
				<total>11</total>
				<timestamp>645.315343</timestamp>
			</report>
			<report>
				<misses>2308001</misses>
				<total>11</total>
				<timestamp>645.595074</timestamp>
			</report>
			<report>
				<misses>2309001</misses>
				<total>11</total>
				<timestamp>645.874846</timestamp>
			</report>
			<report>
				<misses>2310001</misses>
				<total>11</total>
				<timestamp>646.154485</timestamp>
			</report>
			<report>
				<misses>2311001</misses>
				<total>11</total>
				<timestamp>646.434227</timestamp>
			</report>
			<report>
				<misses>2312001</misses>
				<total>11</total>
				<timestamp>646.713963</timestamp>
			</report>
			<report>
				<misses>2313001</misses>
				<total>11</total>
				<timestamp>646.993646</timestamp>
			</report>
			<report>
				<misses>2314001</misses>
				<total>11</total>
				<timestamp>647.273408</timestamp>
			</report>
			<report>
				<misses>2315001</misses>
				<total>11</total>
				<timestamp>647.553113</timestamp>
			</report>
			<report>
				<misses>2316001</misses>
				<total>11</total>
				<timestamp>647.832828</timestamp>
			</report>
			<report>
				<misses>2317001</misses>
				<total>11</total>
				<timestamp>648.112524</timestamp>
			</report>
			<report>
				<misses>2318001</misses>
				<total>11</total>
				<timestamp>648.392264</timestamp>
			</report>
			<report>
				<misses>2319001</misses>
				<total>11</total>
				<timestamp>648.671959</timestamp>
			</report>
			<report>
				<misses>2320001</misses>
				<total>11</total>
				<timestamp>648.951701</timestamp>
			</report>
			<report>
				<misses>2321001</misses>
				<total>11</total>
				<timestamp>649.231437</timestamp>
			</report>
			<report>
				<misses>2322001</misses>
				<total>11</total>
				<timestamp>649.511130</timestamp>
			</report>
			<report>
				<misses>2323001</misses>
				<total>11</total>
				<timestamp>649.790858</timestamp>
			</report>
			<report>
				<misses>2324001</misses>
				<total>11</total>
				<timestamp>650.070583</timestamp>
			</report>
			<report>
				<misses>2325001</misses>
				<total>11</total>
				<timestamp>650.350327</timestamp>
			</report>
			<report>
				<misses>2326001</misses>
				<total>11</total>
				<timestamp>650.629999</timestamp>
			</report>
			<report>
				<misses>2327001</misses>
				<total>11</total>
				<timestamp>650.909750</timestamp>
			</report>
			<report>
				<misses>2328001</misses>
				<total>11</total>
				<timestamp>651.189508</timestamp>
			</report>
			<report>
				<misses>2329001</misses>
				<total>11</total>
				<timestamp>651.469181</timestamp>
			</report>
			<report>
				<misses>2330001</misses>
				<total>11</total>
				<timestamp>651.748903</timestamp>
			</report>
			<report>
				<misses>2331001</misses>
				<total>11</total>
				<timestamp>652.028607</timestamp>
			</report>
			<report>
				<misses>2332001</misses>
				<total>11</total>
				<timestamp>652.308359</timestamp>
			</report>
			<report>
				<misses>2333001</misses>
				<total>11</total>
				<timestamp>652.588083</timestamp>
			</report>
			<report>
				<misses>2334001</misses>
				<total>11</total>
				<timestamp>652.867766</timestamp>
			</report>
			<report>
				<misses>2335001</misses>
				<total>11</total>
				<timestamp>653.147475</timestamp>
			</report>
			<report>
				<misses>2336001</misses>
				<total>11</total>
				<timestamp>653.427240</timestamp>
			</report>
			<report>
				<misses>2337001</misses>
				<total>11</total>
				<timestamp>653.706939</timestamp>
			</report>
			<report>
				<misses>2338001</misses>
				<total>11</total>
				<timestamp>653.986656</timestamp>
			</report>
			<report>
				<misses>2339001</misses>
				<total>11</total>
				<timestamp>654.266410</timestamp>
			</report>
			<report>
				<misses>2340001</misses>
				<total>11</total>
				<timestamp>654.546090</timestamp>
			</report>
			<report>
				<misses>2341001</misses>
				<total>11</total>
				<timestamp>654.825873</timestamp>
			</report>
			<report>
				<misses>2342001</misses>
				<total>11</total>
				<timestamp>655.105527</timestamp>
			</report>
			<report>
				<misses>2343001</misses>
				<total>11</total>
				<timestamp>655.385284</timestamp>
			</report>
			<report>
				<misses>2344001</misses>
				<total>11</total>
				<timestamp>655.664971</timestamp>
			</report>
			<report>
				<misses>2345001</misses>
				<total>11</total>
				<timestamp>655.944742</timestamp>
			</report>
			<report>
				<misses>2346001</misses>
				<total>11</total>
				<timestamp>656.224446</timestamp>
			</report>
			<report>
				<misses>2347001</misses>
				<total>11</total>
				<timestamp>656.504133</timestamp>
			</report>
			<report>
				<misses>2348001</misses>
				<total>11</total>
				<timestamp>656.783912</timestamp>
			</report>
			<report>
				<misses>2349001</misses>
				<total>11</total>
				<timestamp>657.063561</timestamp>
			</report>
			<report>
				<misses>2350001</misses>
				<total>11</total>
				<timestamp>657.343296</timestamp>
			</report>
			<report>
				<misses>2351001</misses>
				<total>11</total>
				<timestamp>657.623008</timestamp>
			</report>
			<report>
				<misses>2352001</misses>
				<total>11</total>
				<timestamp>657.902761</timestamp>
			</report>
			<report>
				<misses>2353001</misses>
				<total>11</total>
				<timestamp>658.182452</timestamp>
			</report>
			<report>
				<misses>2354001</misses>
				<total>11</total>
				<timestamp>658.462200</timestamp>
			</report>
			<report>
				<misses>2355001</misses>
				<total>11</total>
				<timestamp>658.741902</timestamp>
			</report>
			<report>
				<misses>2356001</misses>
				<total>11</total>
				<timestamp>659.021624</timestamp>
			</report>
			<report>
				<misses>2357001</misses>
				<total>11</total>
				<timestamp>659.301362</timestamp>
			</report>
			<report>
				<misses>2358001</misses>
				<total>11</total>
				<timestamp>659.581066</timestamp>
			</report>
			<report>
				<misses>2359001</misses>
				<total>11</total>
				<timestamp>659.860839</timestamp>
			</report>
			<report>
				<misses>2360001</misses>
				<total>11</total>
				<timestamp>660.140491</timestamp>
			</report>
			<report>
				<misses>2361001</misses>
				<total>11</total>
				<timestamp>660.420219</timestamp>
			</report>
			<report>
				<misses>2362001</misses>
				<total>11</total>
				<timestamp>660.699931</timestamp>
			</report>
			<report>
				<misses>2363001</misses>
				<total>11</total>
				<timestamp>660.979669</timestamp>
			</report>
			<report>
				<misses>2364001</misses>
				<total>11</total>
				<timestamp>661.259364</timestamp>
			</report>
			<report>
				<misses>2365001</misses>
				<total>11</total>
				<timestamp>661.539130</timestamp>
			</report>
			<report>
				<misses>2366001</misses>
				<total>11</total>
				<timestamp>661.818826</timestamp>
			</report>
			<report>
				<misses>2367001</misses>
				<total>11</total>
				<timestamp>662.098535</timestamp>
			</report>
			<report>
				<misses>2368001</misses>
				<total>11</total>
				<timestamp>662.378285</timestamp>
			</report>
			<report>
				<misses>2369001</misses>
				<total>11</total>
				<timestamp>662.658045</timestamp>
			</report>
			<report>
				<misses>2370001</misses>
				<total>11</total>
				<timestamp>662.937705</timestamp>
			</report>
			<report>
				<misses>2371001</misses>
				<total>11</total>
				<timestamp>663.217459</timestamp>
			</report>
			<report>
				<misses>2372001</misses>
				<total>11</total>
				<timestamp>663.497163</timestamp>
			</report>
			<report>
				<misses>2373001</misses>
				<total>11</total>
				<timestamp>663.776873</timestamp>
			</report>
			<report>
				<misses>2374001</misses>
				<total>11</total>
				<timestamp>664.056580</timestamp>
			</report>
			<report>
				<misses>2375001</misses>
				<total>11</total>
				<timestamp>664.336312</timestamp>
			</report>
			<report>
				<misses>2376001</misses>
				<total>11</total>
				<timestamp>664.616018</timestamp>
			</report>
			<report>
				<misses>2377001</misses>
				<total>11</total>
				<timestamp>664.895767</timestamp>
			</report>
			<report>
				<misses>2378001</misses>
				<total>11</total>
				<timestamp>665.175465</timestamp>
			</report>
			<report>
				<misses>2379001</misses>
				<total>11</total>
				<timestamp>665.455268</timestamp>
			</report>
			<report>
				<misses>2380001</misses>
				<total>11</total>
				<timestamp>665.734908</timestamp>
			</report>
			<report>
				<misses>2381001</misses>
				<total>11</total>
				<timestamp>666.014635</timestamp>
			</report>
			<report>
				<misses>2382001</misses>
				<total>11</total>
				<timestamp>666.294332</timestamp>
			</report>
			<report>
				<misses>2383001</misses>
				<total>11</total>
				<timestamp>666.574142</timestamp>
			</report>
			<report>
				<misses>2384001</misses>
				<total>11</total>
				<timestamp>666.853780</timestamp>
			</report>
			<report>
				<misses>2385001</misses>
				<total>11</total>
				<timestamp>667.133486</timestamp>
			</report>
			<report>
				<misses>2386001</misses>
				<total>11</total>
				<timestamp>667.413250</timestamp>
			</report>
			<report>
				<misses>2387001</misses>
				<total>11</total>
				<timestamp>667.692922</timestamp>
			</report>
			<report>
				<misses>2388001</misses>
				<total>11</total>
				<timestamp>667.972713</timestamp>
			</report>
			<report>
				<misses>2389001</misses>
				<total>11</total>
				<timestamp>668.252371</timestamp>
			</report>
			<report>
				<misses>2390001</misses>
				<total>11</total>
				<timestamp>668.532133</timestamp>
			</report>
			<report>
				<misses>2391001</misses>
				<total>11</total>
				<timestamp>668.811840</timestamp>
			</report>
			<report>
				<misses>2392001</misses>
				<total>11</total>
				<timestamp>669.091533</timestamp>
			</report>
			<report>
				<misses>2393001</misses>
				<total>11</total>
				<timestamp>669.371312</timestamp>
			</report>
			<report>
				<misses>2394001</misses>
				<total>11</total>
				<timestamp>669.650993</timestamp>
			</report>
			<report>
				<misses>2395001</misses>
				<total>11</total>
				<timestamp>669.930726</timestamp>
			</report>
			<report>
				<misses>2396001</misses>
				<total>11</total>
				<timestamp>670.210421</timestamp>
			</report>
			<report>
				<misses>2397001</misses>
				<total>11</total>
				<timestamp>670.490157</timestamp>
			</report>
			<report>
				<misses>2398001</misses>
				<total>11</total>
				<timestamp>670.769864</timestamp>
			</report>
			<report>
				<misses>2399001</misses>
				<total>11</total>
				<timestamp>671.049562</timestamp>
			</report>
			<report>
				<misses>2400001</misses>
				<total>11</total>
				<timestamp>671.329311</timestamp>
			</report>
			<report>
				<misses>2401001</misses>
				<total>11</total>
				<timestamp>671.609023</timestamp>
			</report>
			<report>
				<misses>2402001</misses>
				<total>11</total>
				<timestamp>671.888751</timestamp>
			</report>
			<report>
				<misses>2403001</misses>
				<total>11</total>
				<timestamp>672.168475</timestamp>
			</report>
			<report>
				<misses>2404001</misses>
				<total>11</total>
				<timestamp>672.448167</timestamp>
			</report>
			<report>
				<misses>2405001</misses>
				<total>11</total>
				<timestamp>672.727900</timestamp>
			</report>
			<report>
				<misses>2406001</misses>
				<total>11</total>
				<timestamp>673.007665</timestamp>
			</report>
			<report>
				<misses>2407001</misses>
				<total>11</total>
				<timestamp>673.287339</timestamp>
			</report>
			<report>
				<misses>2408001</misses>
				<total>11</total>
				<timestamp>673.567061</timestamp>
			</report>
			<report>
				<misses>2409001</misses>
				<total>11</total>
				<timestamp>673.846811</timestamp>
			</report>
			<report>
				<misses>2410001</misses>
				<total>11</total>
				<timestamp>674.126505</timestamp>
			</report>
			<report>
				<misses>2411001</misses>
				<total>11</total>
				<timestamp>674.406268</timestamp>
			</report>
			<report>
				<misses>2412001</misses>
				<total>11</total>
				<timestamp>674.685920</timestamp>
			</report>
			<report>
				<misses>2413001</misses>
				<total>11</total>
				<timestamp>674.965681</timestamp>
			</report>
			<report>
				<misses>2414001</misses>
				<total>11</total>
				<timestamp>675.245359</timestamp>
			</report>
			<report>
				<misses>2415001</misses>
				<total>11</total>
				<timestamp>675.525114</timestamp>
			</report>
			<report>
				<misses>2416001</misses>
				<total>11</total>
				<timestamp>675.804825</timestamp>
			</report>
			<report>
				<misses>2417001</misses>
				<total>11</total>
				<timestamp>676.084532</timestamp>
			</report>
			<report>
				<misses>2418001</misses>
				<total>11</total>
				<timestamp>676.364271</timestamp>
			</report>
			<report>
				<misses>2419001</misses>
				<total>11</total>
				<timestamp>676.643982</timestamp>
			</report>
			<report>
				<misses>2420001</misses>
				<total>11</total>
				<timestamp>676.923747</timestamp>
			</report>
			<report>
				<misses>2421001</misses>
				<total>11</total>
				<timestamp>677.203420</timestamp>
			</report>
			<report>
				<misses>2422001</misses>
				<total>11</total>
				<timestamp>677.483154</timestamp>
			</report>
			<report>
				<misses>2423001</misses>
				<total>11</total>
				<timestamp>677.762863</timestamp>
			</report>
			<report>
				<misses>2424001</misses>
				<total>11</total>
				<timestamp>678.042569</timestamp>
			</report>
			<report>
				<misses>2425001</misses>
				<total>11</total>
				<timestamp>678.322310</timestamp>
			</report>
			<report>
				<misses>2426001</misses>
				<total>11</total>
				<timestamp>678.602036</timestamp>
			</report>
			<report>
				<misses>2427001</misses>
				<total>11</total>
				<timestamp>678.881782</timestamp>
			</report>
			<report>
				<misses>2428001</misses>
				<total>11</total>
				<timestamp>679.161467</timestamp>
			</report>
			<report>
				<misses>2429001</misses>
				<total>11</total>
				<timestamp>679.441208</timestamp>
			</report>
			<report>
				<misses>2430001</misses>
				<total>11</total>
				<timestamp>679.720915</timestamp>
			</report>
			<report>
				<misses>2431001</misses>
				<total>11</total>
				<timestamp>680.000612</timestamp>
			</report>
			<report>
				<misses>2432001</misses>
				<total>11</total>
				<timestamp>680.280357</timestamp>
			</report>
			<report>
				<misses>2433001</misses>
				<total>11</total>
				<timestamp>680.560068</timestamp>
			</report>
			<report>
				<misses>2434001</misses>
				<total>11</total>
				<timestamp>680.839778</timestamp>
			</report>
			<report>
				<misses>2435001</misses>
				<total>11</total>
				<timestamp>681.119536</timestamp>
			</report>
			<report>
				<misses>2436001</misses>
				<total>11</total>
				<timestamp>681.399249</timestamp>
			</report>
			<report>
				<misses>2437001</misses>
				<total>11</total>
				<timestamp>681.678943</timestamp>
			</report>
			<report>
				<misses>2438001</misses>
				<total>11</total>
				<timestamp>681.958663</timestamp>
			</report>
			<report>
				<misses>2439001</misses>
				<total>11</total>
				<timestamp>682.238391</timestamp>
			</report>
			<report>
				<misses>2440001</misses>
				<total>11</total>
				<timestamp>682.518121</timestamp>
			</report>
			<report>
				<misses>2441001</misses>
				<total>11</total>
				<timestamp>682.797815</timestamp>
			</report>
			<report>
				<misses>2442001</misses>
				<total>11</total>
				<timestamp>683.077625</timestamp>
			</report>
			<report>
				<misses>2443001</misses>
				<total>11</total>
				<timestamp>683.357262</timestamp>
			</report>
			<report>
				<misses>2444001</misses>
				<total>11</total>
				<timestamp>683.636989</timestamp>
			</report>
			<report>
				<misses>2445001</misses>
				<total>11</total>
				<timestamp>683.916750</timestamp>
			</report>
			<report>
				<misses>2446001</misses>
				<total>11</total>
				<timestamp>684.196401</timestamp>
			</report>
			<report>
				<misses>2447001</misses>
				<total>11</total>
				<timestamp>684.476165</timestamp>
			</report>
			<report>
				<misses>2448001</misses>
				<total>11</total>
				<timestamp>684.755852</timestamp>
			</report>
			<report>
				<misses>2449001</misses>
				<total>11</total>
				<timestamp>685.035616</timestamp>
			</report>
			<report>
				<misses>2450001</misses>
				<total>11</total>
				<timestamp>685.315293</timestamp>
			</report>
			<report>
				<misses>2451001</misses>
				<total>11</total>
				<timestamp>685.595041</timestamp>
			</report>
			<report>
				<misses>2452001</misses>
				<total>11</total>
				<timestamp>685.874747</timestamp>
			</report>
			<report>
				<misses>2453001</misses>
				<total>11</total>
				<timestamp>686.154461</timestamp>
			</report>
			<report>
				<misses>2454001</misses>
				<total>11</total>
				<timestamp>686.434210</timestamp>
			</report>
			<report>
				<misses>2455001</misses>
				<total>11</total>
				<timestamp>686.713877</timestamp>
			</report>
			<report>
				<misses>2456001</misses>
				<total>11</total>
				<timestamp>686.993666</timestamp>
			</report>
			<report>
				<misses>2457001</misses>
				<total>11</total>
				<timestamp>687.273341</timestamp>
			</report>
			<report>
				<misses>2458001</misses>
				<total>11</total>
				<timestamp>687.553082</timestamp>
			</report>
			<report>
				<misses>2459001</misses>
				<total>11</total>
				<timestamp>687.832815</timestamp>
			</report>
			<report>
				<misses>2460001</misses>
				<total>11</total>
				<timestamp>688.112492</timestamp>
			</report>
			<report>
				<misses>2461001</misses>
				<total>11</total>
				<timestamp>688.392218</timestamp>
			</report>
			<report>
				<misses>2462001</misses>
				<total>11</total>
				<timestamp>688.671953</timestamp>
			</report>
			<report>
				<misses>2463001</misses>
				<total>11</total>
				<timestamp>688.951672</timestamp>
			</report>
			<report>
				<misses>2464001</misses>
				<total>11</total>
				<timestamp>689.231393</timestamp>
			</report>
			<report>
				<misses>2465001</misses>
				<total>11</total>
				<timestamp>689.511102</timestamp>
			</report>
			<report>
				<misses>2466001</misses>
				<total>11</total>
				<timestamp>689.790815</timestamp>
			</report>
			<report>
				<misses>2467001</misses>
				<total>11</total>
				<timestamp>690.070518</timestamp>
			</report>
			<report>
				<misses>2468001</misses>
				<total>11</total>
				<timestamp>690.350276</timestamp>
			</report>
			<report>
				<misses>2469001</misses>
				<total>11</total>
				<timestamp>690.630063</timestamp>
			</report>
			<report>
				<misses>2470001</misses>
				<total>11</total>
				<timestamp>690.909748</timestamp>
			</report>
			<report>
				<misses>2471001</misses>
				<total>11</total>
				<timestamp>691.189409</timestamp>
			</report>
			<report>
				<misses>2472001</misses>
				<total>11</total>
				<timestamp>691.469177</timestamp>
			</report>
			<report>
				<misses>2473001</misses>
				<total>11</total>
				<timestamp>691.748871</timestamp>
			</report>
			<report>
				<misses>2474001</misses>
				<total>11</total>
				<timestamp>692.028630</timestamp>
			</report>
			<report>
				<misses>2475001</misses>
				<total>11</total>
				<timestamp>692.308322</timestamp>
			</report>
			<report>
				<misses>2476001</misses>
				<total>11</total>
				<timestamp>692.588036</timestamp>
			</report>
			<report>
				<misses>2477001</misses>
				<total>11</total>
				<timestamp>692.867748</timestamp>
			</report>
			<report>
				<misses>2478001</misses>
				<total>11</total>
				<timestamp>693.147460</timestamp>
			</report>
			<report>
				<misses>2479001</misses>
				<total>11</total>
				<timestamp>693.427215</timestamp>
			</report>
			<report>
				<misses>2480001</misses>
				<total>11</total>
				<timestamp>693.706918</timestamp>
			</report>
			<report>
				<misses>2481001</misses>
				<total>11</total>
				<timestamp>693.986610</timestamp>
			</report>
			<report>
				<misses>2482001</misses>
				<total>11</total>
				<timestamp>694.266352</timestamp>
			</report>
			<report>
				<misses>2483001</misses>
				<total>11</total>
				<timestamp>694.546055</timestamp>
			</report>
			<report>
				<misses>2484001</misses>
				<total>11</total>
				<timestamp>694.825793</timestamp>
			</report>
			<report>
				<misses>2485001</misses>
				<total>11</total>
				<timestamp>695.105486</timestamp>
			</report>
			<report>
				<misses>2486001</misses>
				<total>11</total>
				<timestamp>695.385216</timestamp>
			</report>
			<report>
				<misses>2487001</misses>
				<total>11</total>
				<timestamp>695.664971</timestamp>
			</report>
			<report>
				<misses>2488001</misses>
				<total>11</total>
				<timestamp>695.944680</timestamp>
			</report>
			<report>
				<misses>2489001</misses>
				<total>11</total>
				<timestamp>696.224392</timestamp>
			</report>
			<report>
				<misses>2490001</misses>
				<total>11</total>
				<timestamp>696.504152</timestamp>
			</report>
			<report>
				<misses>2491001</misses>
				<total>11</total>
				<timestamp>696.783814</timestamp>
			</report>
			<report>
				<misses>2492001</misses>
				<total>11</total>
				<timestamp>697.063539</timestamp>
			</report>
			<report>
				<misses>2493001</misses>
				<total>11</total>
				<timestamp>697.343265</timestamp>
			</report>
			<report>
				<misses>2494001</misses>
				<total>11</total>
				<timestamp>697.623023</timestamp>
			</report>
			<report>
				<misses>2495001</misses>
				<total>11</total>
				<timestamp>697.902743</timestamp>
			</report>
			<report>
				<misses>2496001</misses>
				<total>11</total>
				<timestamp>698.182417</timestamp>
			</report>
			<report>
				<misses>2497001</misses>
				<total>11</total>
				<timestamp>698.462159</timestamp>
			</report>
			<report>
				<misses>2498001</misses>
				<total>11</total>
				<timestamp>698.741882</timestamp>
			</report>
			<report>
				<misses>2499001</misses>
				<total>11</total>
				<timestamp>699.021593</timestamp>
			</report>
			<report>
				<misses>2500001</misses>
				<total>11</total>
				<timestamp>699.301287</timestamp>
			</report>
			<report>
				<misses>2501001</misses>
				<total>11</total>
				<timestamp>699.581032</timestamp>
			</report>
			<report>
				<misses>2502001</misses>
				<total>11</total>
				<timestamp>699.860807</timestamp>
			</report>
			<report>
				<misses>2503001</misses>
				<total>11</total>
				<timestamp>700.140459</timestamp>
			</report>
			<report>
				<misses>2504001</misses>
				<total>11</total>
				<timestamp>700.420163</timestamp>
			</report>
			<report>
				<misses>2505001</misses>
				<total>11</total>
				<timestamp>700.699903</timestamp>
			</report>
			<report>
				<misses>2506001</misses>
				<total>11</total>
				<timestamp>700.979660</timestamp>
			</report>
			<report>
				<misses>2507001</misses>
				<total>11</total>
				<timestamp>701.259329</timestamp>
			</report>
			<report>
				<misses>2508001</misses>
				<total>11</total>
				<timestamp>701.539048</timestamp>
			</report>
			<report>
				<misses>2509001</misses>
				<total>11</total>
				<timestamp>701.818847</timestamp>
			</report>
			<report>
				<misses>2510001</misses>
				<total>11</total>
				<timestamp>702.098550</timestamp>
			</report>
			<report>
				<misses>2511001</misses>
				<total>11</total>
				<timestamp>702.378231</timestamp>
			</report>
			<report>
				<misses>2512001</misses>
				<total>11</total>
				<timestamp>702.657978</timestamp>
			</report>
			<report>
				<misses>2513001</misses>
				<total>11</total>
				<timestamp>702.937730</timestamp>
			</report>
			<report>
				<misses>2514001</misses>
				<total>11</total>
				<timestamp>703.217393</timestamp>
			</report>
			<report>
				<misses>2515001</misses>
				<total>11</total>
				<timestamp>703.497098</timestamp>
			</report>
			<report>
				<misses>2516001</misses>
				<total>11</total>
				<timestamp>703.776823</timestamp>
			</report>
			<report>
				<misses>2517001</misses>
				<total>11</total>
				<timestamp>704.056616</timestamp>
			</report>
			<report>
				<misses>2518001</misses>
				<total>11</total>
				<timestamp>704.336256</timestamp>
			</report>
			<report>
				<misses>2519001</misses>
				<total>11</total>
				<timestamp>704.616004</timestamp>
			</report>
			<report>
				<misses>2520001</misses>
				<total>11</total>
				<timestamp>704.895714</timestamp>
			</report>
			<report>
				<misses>2521001</misses>
				<total>11</total>
				<timestamp>705.175409</timestamp>
			</report>
			<report>
				<misses>2522001</misses>
				<total>11</total>
				<timestamp>705.455129</timestamp>
			</report>
			<report>
				<misses>2523001</misses>
				<total>11</total>
				<timestamp>705.734909</timestamp>
			</report>
			<report>
				<misses>2524001</misses>
				<total>11</total>
				<timestamp>706.014634</timestamp>
			</report>
			<report>
				<misses>2525001</misses>
				<total>11</total>
				<timestamp>706.294298</timestamp>
			</report>
			<report>
				<misses>2526001</misses>
				<total>11</total>
				<timestamp>706.574057</timestamp>
			</report>
			<report>
				<misses>2527001</misses>
				<total>11</total>
				<timestamp>706.853763</timestamp>
			</report>
			<report>
				<misses>2528001</misses>
				<total>11</total>
				<timestamp>707.133446</timestamp>
			</report>
			<report>
				<misses>2529001</misses>
				<total>11</total>
				<timestamp>707.413163</timestamp>
			</report>
			<report>
				<misses>2530001</misses>
				<total>11</total>
				<timestamp>707.692957</timestamp>
			</report>
			<report>
				<misses>2531001</misses>
				<total>11</total>
				<timestamp>707.972631</timestamp>
			</report>
			<report>
				<misses>2532001</misses>
				<total>11</total>
				<timestamp>708.252341</timestamp>
			</report>
			<report>
				<misses>2533001</misses>
				<total>11</total>
				<timestamp>708.532063</timestamp>
			</report>
			<report>
				<misses>2534001</misses>
				<total>11</total>
				<timestamp>708.811769</timestamp>
			</report>
			<report>
				<misses>2535001</misses>
				<total>11</total>
				<timestamp>709.091598</timestamp>
			</report>
			<report>
				<misses>2536001</misses>
				<total>11</total>
				<timestamp>709.371213</timestamp>
			</report>
			<report>
				<misses>2537001</misses>
				<total>11</total>
				<timestamp>709.650920</timestamp>
			</report>
			<report>
				<misses>2538001</misses>
				<total>11</total>
				<timestamp>709.930658</timestamp>
			</report>
			<report>
				<misses>2539001</misses>
				<total>11</total>
				<timestamp>710.210402</timestamp>
			</report>
			<report>
				<misses>2540001</misses>
				<total>11</total>
				<timestamp>710.490101</timestamp>
			</report>
			<report>
				<misses>2541001</misses>
				<total>11</total>
				<timestamp>710.769811</timestamp>
			</report>
			<report>
				<misses>2542001</misses>
				<total>11</total>
				<timestamp>711.049592</timestamp>
			</report>
			<report>
				<misses>2543001</misses>
				<total>11</total>
				<timestamp>711.329249</timestamp>
			</report>
			<report>
				<misses>2544001</misses>
				<total>11</total>
				<timestamp>711.608999</timestamp>
			</report>
			<report>
				<misses>2545001</misses>
				<total>11</total>
				<timestamp>711.888698</timestamp>
			</report>
			<report>
				<misses>2546001</misses>
				<total>11</total>
				<timestamp>712.168449</timestamp>
			</report>
			<report>
				<misses>2547001</misses>
				<total>11</total>
				<timestamp>712.448140</timestamp>
			</report>
			<report>
				<misses>2548001</misses>
				<total>11</total>
				<timestamp>712.727922</timestamp>
			</report>
			<report>
				<misses>2549001</misses>
				<total>11</total>
				<timestamp>713.007587</timestamp>
			</report>
			<report>
				<misses>2550001</misses>
				<total>11</total>
				<timestamp>713.287293</timestamp>
			</report>
			<report>
				<misses>2551001</misses>
				<total>11</total>
				<timestamp>713.567024</timestamp>
			</report>
			<report>
				<misses>2552001</misses>
				<total>11</total>
				<timestamp>713.846815</timestamp>
			</report>
			<report>
				<misses>2553001</misses>
				<total>11</total>
				<timestamp>714.126498</timestamp>
			</report>
			<report>
				<misses>2554001</misses>
				<total>11</total>
				<timestamp>714.406159</timestamp>
			</report>
			<report>
				<misses>2555001</misses>
				<total>11</total>
				<timestamp>714.685921</timestamp>
			</report>
			<report>
				<misses>2556001</misses>
				<total>11</total>
				<timestamp>714.965683</timestamp>
			</report>
			<report>
				<misses>2557001</misses>
				<total>11</total>
				<timestamp>715.245345</timestamp>
			</report>
			<report>
				<misses>2558001</misses>
				<total>11</total>
				<timestamp>715.525056</timestamp>
			</report>
			<report>
				<misses>2559001</misses>
				<total>11</total>
				<timestamp>715.804782</timestamp>
			</report>
			<report>
				<misses>2560001</misses>
				<total>11</total>
				<timestamp>716.084500</timestamp>
			</report>
			<report>
				<misses>2561001</misses>
				<total>11</total>
				<timestamp>716.364210</timestamp>
			</report>
			<report>
				<misses>2562001</misses>
				<total>11</total>
				<timestamp>716.643940</timestamp>
			</report>
			<report>
				<misses>2563001</misses>
				<total>11</total>
				<timestamp>716.923649</timestamp>
			</report>
			<report>
				<misses>2564001</misses>
				<total>11</total>
				<timestamp>717.203368</timestamp>
			</report>
			<report>
				<misses>2565001</misses>
				<total>11</total>
				<timestamp>717.483133</timestamp>
			</report>
			<report>
				<misses>2566001</misses>
				<total>11</total>
				<timestamp>717.762839</timestamp>
			</report>
			<report>
				<misses>2567001</misses>
				<total>11</total>
				<timestamp>718.042535</timestamp>
			</report>
			<report>
				<misses>2568001</misses>
				<total>11</total>
				<timestamp>718.322254</timestamp>
			</report>
			<report>
				<misses>2569001</misses>
				<total>11</total>
				<timestamp>718.602012</timestamp>
			</report>
			<report>
				<misses>2570001</misses>
				<total>11</total>
				<timestamp>718.881706</timestamp>
			</report>
			<report>
				<misses>2571001</misses>
				<total>11</total>
				<timestamp>719.161487</timestamp>
			</report>
			<report>
				<misses>2572001</misses>
				<total>11</total>
				<timestamp>719.441130</timestamp>
			</report>
			<report>
				<misses>2573001</misses>
				<total>11</total>
				<timestamp>719.720893</timestamp>
			</report>
			<report>
				<misses>2574001</misses>
				<total>12</total>
				<timestamp>720.000608</timestamp>
			</report>
			<report>
				<misses>2575001</misses>
				<total>12</total>
				<timestamp>720.280281</timestamp>
			</report>
			<report>
				<misses>2576001</misses>
				<total>12</total>
				<timestamp>720.560034</timestamp>
			</report>
			<report>
				<misses>2577001</misses>
				<total>12</total>
				<timestamp>720.839784</timestamp>
			</report>
			<report>
				<misses>2578001</misses>
				<total>12</total>
				<timestamp>721.119509</timestamp>
			</report>
			<report>
				<misses>2579001</misses>
				<total>12</total>
				<timestamp>721.399196</timestamp>
			</report>
			<report>
				<misses>2580001</misses>
				<total>12</total>
				<timestamp>721.678912</timestamp>
			</report>
			<report>
				<misses>2581001</misses>
				<total>12</total>
				<timestamp>721.958644</timestamp>
			</report>
			<report>
				<misses>2582001</misses>
				<total>12</total>
				<timestamp>722.238328</timestamp>
			</report>
			<report>
				<misses>2583001</misses>
				<total>12</total>
				<timestamp>722.518057</timestamp>
			</report>
			<report>
				<misses>2584001</misses>
				<total>12</total>
				<timestamp>722.797861</timestamp>
			</report>
			<report>
				<misses>2585001</misses>
				<total>12</total>
				<timestamp>723.077580</timestamp>
			</report>
			<report>
				<misses>2586001</misses>
				<total>12</total>
				<timestamp>723.357214</timestamp>
			</report>
			<report>
				<misses>2587001</misses>
				<total>12</total>
				<timestamp>723.637021</timestamp>
			</report>
			<report>
				<misses>2588001</misses>
				<total>12</total>
				<timestamp>723.916651</timestamp>
			</report>
			<report>
				<misses>2589001</misses>
				<total>12</total>
				<timestamp>724.196367</timestamp>
			</report>
			<report>
				<misses>2590001</misses>
				<total>12</total>
				<timestamp>724.476095</timestamp>
			</report>
			<report>
				<misses>2591001</misses>
				<total>12</total>
				<timestamp>724.755927</timestamp>
			</report>
			<report>
				<misses>2592001</misses>
				<total>12</total>
				<timestamp>725.035566</timestamp>
			</report>
			<report>
				<misses>2593001</misses>
				<total>12</total>
				<timestamp>725.315255</timestamp>
			</report>
			<report>
				<misses>2594001</misses>
				<total>12</total>
				<timestamp>725.594996</timestamp>
			</report>
			<report>
				<misses>2595001</misses>
				<total>12</total>
				<timestamp>725.874710</timestamp>
			</report>
			<report>
				<misses>2596001</misses>
				<total>12</total>
				<timestamp>726.154431</timestamp>
			</report>
			<report>
				<misses>2597001</misses>
				<total>12</total>
				<timestamp>726.434136</timestamp>
			</report>
			<report>
				<misses>2598001</misses>
				<total>12</total>
				<timestamp>726.713884</timestamp>
			</report>
			<report>
				<misses>2599001</misses>
				<total>12</total>
				<timestamp>726.993578</timestamp>
			</report>
			<report>
				<misses>2600001</misses>
				<total>12</total>
				<timestamp>727.273283</timestamp>
			</report>
			<report>
				<misses>2601001</misses>
				<total>12</total>
				<timestamp>727.553046</timestamp>
			</report>
			<report>
				<misses>2602001</misses>
				<total>12</total>
				<timestamp>727.832785</timestamp>
			</report>
			<report>
				<misses>2603001</misses>
				<total>12</total>
				<timestamp>728.112476</timestamp>
			</report>
			<report>
				<misses>2604001</misses>
				<total>12</total>
				<timestamp>728.392224</timestamp>
			</report>
			<report>
				<misses>2605001</misses>
				<total>12</total>
				<timestamp>728.671911</timestamp>
			</report>
			<report>
				<misses>2606001</misses>
				<total>12</total>
				<timestamp>728.951627</timestamp>
			</report>
			<report>
				<misses>2607001</misses>
				<total>12</total>
				<timestamp>729.231330</timestamp>
			</report>
			<report>
				<misses>2608001</misses>
				<total>12</total>
				<timestamp>729.511106</timestamp>
			</report>
			<report>
				<misses>2609001</misses>
				<total>12</total>
				<timestamp>729.790835</timestamp>
			</report>
			<report>
				<misses>2610001</misses>
				<total>12</total>
				<timestamp>730.070556</timestamp>
			</report>
			<report>
				<misses>2611001</misses>
				<total>12</total>
				<timestamp>730.350224</timestamp>
			</report>
			<report>
				<misses>2612001</misses>
				<total>12</total>
				<timestamp>730.629966</timestamp>
			</report>
			<report>
				<misses>2613001</misses>
				<total>12</total>
				<timestamp>730.909675</timestamp>
			</report>
			<report>
				<misses>2614001</misses>
				<total>12</total>
				<timestamp>731.189367</timestamp>
			</report>
			<report>
				<misses>2615001</misses>
				<total>12</total>
				<timestamp>731.469103</timestamp>
			</report>
			<report>
				<misses>2616001</misses>
				<total>12</total>
				<timestamp>731.748826</timestamp>
			</report>
			<report>
				<misses>2617001</misses>
				<total>12</total>
				<timestamp>732.028594</timestamp>
			</report>
			<report>
				<misses>2618001</misses>
				<total>12</total>
				<timestamp>732.308265</timestamp>
			</report>
			<report>
				<misses>2619001</misses>
				<total>12</total>
				<timestamp>732.587981</timestamp>
			</report>
			<report>
				<misses>2620001</misses>
				<total>12</total>
				<timestamp>732.867713</timestamp>
			</report>
			<report>
				<misses>2621001</misses>
				<total>12</total>
				<timestamp>733.147425</timestamp>
			</report>
			<report>
				<misses>2622001</misses>
				<total>12</total>
				<timestamp>733.427131</timestamp>
			</report>
			<report>
				<misses>2623001</misses>
				<total>12</total>
				<timestamp>733.706877</timestamp>
			</report>
			<report>
				<misses>2624001</misses>
				<total>12</total>
				<timestamp>733.986556</timestamp>
			</report>
			<report>
				<misses>2625001</misses>
				<total>12</total>
				<timestamp>734.266301</timestamp>
			</report>
			<report>
				<misses>2626001</misses>
				<total>12</total>
				<timestamp>734.546023</timestamp>
			</report>
			<report>
				<misses>2627001</misses>
				<total>12</total>
				<timestamp>734.825782</timestamp>
			</report>
			<report>
				<misses>2628001</misses>
				<total>12</total>
				<timestamp>735.105512</timestamp>
			</report>
			<report>
				<misses>2629001</misses>
				<total>12</total>
				<timestamp>735.385170</timestamp>
			</report>
			<report>
				<misses>2630001</misses>
				<total>12</total>
				<timestamp>735.664893</timestamp>
			</report>
			<report>
				<misses>2631001</misses>
				<total>12</total>
				<timestamp>735.944643</timestamp>
			</report>
			<report>
				<misses>2632001</misses>
				<total>12</total>
				<timestamp>736.224324</timestamp>
			</report>
			<report>
				<misses>2633001</misses>
				<total>12</total>
				<timestamp>736.504064</timestamp>
			</report>
			<report>
				<misses>2634001</misses>
				<total>12</total>
				<timestamp>736.783797</timestamp>
			</report>
			<report>
				<misses>2635001</misses>
				<total>12</total>
				<timestamp>737.063508</timestamp>
			</report>
			<report>
				<misses>2636001</misses>
				<total>12</total>
				<timestamp>737.343205</timestamp>
			</report>
			<report>
				<misses>2637001</misses>
				<total>12</total>
				<timestamp>737.622944</timestamp>
			</report>
			<report>
				<misses>2638001</misses>
				<total>12</total>
				<timestamp>737.902693</timestamp>
			</report>
			<report>
				<misses>2639001</misses>
				<total>12</total>
				<timestamp>738.182420</timestamp>
			</report>
			<report>
				<misses>2640001</misses>
				<total>12</total>
				<timestamp>738.462087</timestamp>
			</report>
			<report>
				<misses>2641001</misses>
				<total>12</total>
				<timestamp>738.741827</timestamp>
			</report>
			<report>
				<misses>2642001</misses>
				<total>12</total>
				<timestamp>739.021521</timestamp>
			</report>
			<report>
				<misses>2643001</misses>
				<total>12</total>
				<timestamp>739.301239</timestamp>
			</report>
			<report>
				<misses>2644001</misses>
				<total>12</total>
				<timestamp>739.581003</timestamp>
			</report>
			<report>
				<misses>2645001</misses>
				<total>12</total>
				<timestamp>739.860744</timestamp>
			</report>
			<report>
				<misses>2646001</misses>
				<total>12</total>
				<timestamp>740.140430</timestamp>
			</report>
			<report>
				<misses>2647001</misses>
				<total>12</total>
				<timestamp>740.420121</timestamp>
			</report>
			<report>
				<misses>2648001</misses>
				<total>12</total>
				<timestamp>740.699875</timestamp>
			</report>
			<report>
				<misses>2649001</misses>
				<total>12</total>
				<timestamp>740.979563</timestamp>
			</report>
			<report>
				<misses>2650001</misses>
				<total>12</total>
				<timestamp>741.259346</timestamp>
			</report>
			<report>
				<misses>2651001</misses>
				<total>12</total>
				<timestamp>741.539023</timestamp>
			</report>
			<report>
				<misses>2652001</misses>
				<total>12</total>
				<timestamp>741.818823</timestamp>
			</report>
			<report>
				<misses>2653001</misses>
				<total>12</total>
				<timestamp>742.098484</timestamp>
			</report>
			<report>
				<misses>2654001</misses>
				<total>12</total>
				<timestamp>742.378175</timestamp>
			</report>
			<report>
				<misses>2655001</misses>
				<total>12</total>
				<timestamp>742.657996</timestamp>
			</report>
			<report>
				<misses>2656001</misses>
				<total>12</total>
				<timestamp>742.937628</timestamp>
			</report>
			<report>
				<misses>2657001</misses>
				<total>12</total>
				<timestamp>743.217345</timestamp>
			</report>
			<report>
				<misses>2658001</misses>
				<total>12</total>
				<timestamp>743.497051</timestamp>
			</report>
			<report>
				<misses>2659001</misses>
				<total>12</total>
				<timestamp>743.776786</timestamp>
			</report>
			<report>
				<misses>2660001</misses>
				<total>12</total>
				<timestamp>744.056501</timestamp>
			</report>
			<report>
				<misses>2661001</misses>
				<total>12</total>
				<timestamp>744.336259</timestamp>
			</report>
			<report>
				<misses>2662001</misses>
				<total>12</total>
				<timestamp>744.615933</timestamp>
			</report>
			<report>
				<misses>2663001</misses>
				<total>12</total>
				<timestamp>744.895699</timestamp>
			</report>
			<report>
				<misses>2664001</misses>
				<total>12</total>
				<timestamp>745.175375</timestamp>
			</report>
			<report>
				<misses>2665001</misses>
				<total>12</total>
				<timestamp>745.455110</timestamp>
			</report>
			<report>
				<misses>2666001</misses>
				<total>12</total>
				<timestamp>745.734825</timestamp>
			</report>
			<report>
				<misses>2667001</misses>
				<total>12</total>
				<timestamp>746.014532</timestamp>
			</report>
			<report>
				<misses>2668001</misses>
				<total>12</total>
				<timestamp>746.294253</timestamp>
			</report>
			<report>
				<misses>2669001</misses>
				<total>12</total>
				<timestamp>746.573974</timestamp>
			</report>
			<report>
				<misses>2670001</misses>
				<total>12</total>
				<timestamp>746.853712</timestamp>
			</report>
			<report>
				<misses>2671001</misses>
				<total>12</total>
				<timestamp>747.133460</timestamp>
			</report>
			<report>
				<misses>2672001</misses>
				<total>12</total>
				<timestamp>747.413130</timestamp>
			</report>
			<report>
				<misses>2673001</misses>
				<total>12</total>
				<timestamp>747.692846</timestamp>
			</report>
			<report>
				<misses>2674001</misses>
				<total>12</total>
				<timestamp>747.972617</timestamp>
			</report>
			<report>
				<misses>2675001</misses>
				<total>12</total>
				<timestamp>748.252282</timestamp>
			</report>
			<report>
				<misses>2676001</misses>
				<total>12</total>
				<timestamp>748.532028</timestamp>
			</report>
			<report>
				<misses>2677001</misses>
				<total>12</total>
				<timestamp>748.811785</timestamp>
			</report>
			<report>
				<misses>2678001</misses>
				<total>12</total>
				<timestamp>749.091463</timestamp>
			</report>
			<report>
				<misses>2679001</misses>
				<total>12</total>
				<timestamp>749.371215</timestamp>
			</report>
			<report>
				<misses>2680001</misses>
				<total>12</total>
				<timestamp>749.650897</timestamp>
			</report>
			<report>
				<misses>2681001</misses>
				<total>12</total>
				<timestamp>749.930631</timestamp>
			</report>
			<report>
				<misses>2682001</misses>
				<total>12</total>
				<timestamp>750.210383</timestamp>
			</report>
			<report>
				<misses>2683001</misses>
				<total>12</total>
				<timestamp>750.490082</timestamp>
			</report>
			<report>
				<misses>2684001</misses>
				<total>12</total>
				<timestamp>750.769798</timestamp>
			</report>
			<report>
				<misses>2685001</misses>
				<total>12</total>
				<timestamp>751.049565</timestamp>
			</report>
			<report>
				<misses>2686001</misses>
				<total>13</total>
				<timestamp>751.329220</timestamp>
			</report>
			<report>
				<misses>2687001</misses>
				<total>13</total>
				<timestamp>751.608940</timestamp>
			</report>
			<report>
				<misses>2688001</misses>
				<total>13</total>
				<timestamp>751.888701</timestamp>
			</report>
			<report>
				<misses>2689001</misses>
				<total>13</total>
				<timestamp>752.168372</timestamp>
			</report>
			<report>
				<misses>2690001</misses>
				<total>13</total>
				<timestamp>752.448097</timestamp>
			</report>
			<report>
				<misses>2691001</misses>
				<total>13</total>
				<timestamp>752.727836</timestamp>
			</report>
			<report>
				<misses>2692001</misses>
				<total>13</total>
				<timestamp>753.007526</timestamp>
			</report>
			<report>
				<misses>2693001</misses>
				<total>13</total>
				<timestamp>753.287246</timestamp>
			</report>
			<report>
				<misses>2694001</misses>
				<total>13</total>
				<timestamp>753.566973</timestamp>
			</report>
			<report>
				<misses>2695001</misses>
				<total>13</total>
				<timestamp>753.846704</timestamp>
			</report>
			<report>
				<misses>2696001</misses>
				<total>13</total>
				<timestamp>754.126441</timestamp>
			</report>
			<report>
				<misses>2697001</misses>
				<total>13</total>
				<timestamp>754.406126</timestamp>
			</report>
			<report>
				<misses>2698001</misses>
				<total>13</total>
				<timestamp>754.685848</timestamp>
			</report>
			<report>
				<misses>2699001</misses>
				<total>13</total>
				<timestamp>754.965621</timestamp>
			</report>
			<report>
				<misses>2700001</misses>
				<total>13</total>
				<timestamp>755.245326</timestamp>
			</report>
			<report>
				<misses>2701001</misses>
				<total>13</total>
				<timestamp>755.525017</timestamp>
			</report>
			<report>
				<misses>2702001</misses>
				<total>13</total>
				<timestamp>755.804773</timestamp>
			</report>
			<report>
				<misses>2703001</misses>
				<total>13</total>
				<timestamp>756.084501</timestamp>
			</report>
			<report>
				<misses>2704001</misses>
				<total>13</total>
				<timestamp>756.364187</timestamp>
			</report>
			<report>
				<misses>2705001</misses>
				<total>13</total>
				<timestamp>756.643904</timestamp>
			</report>
			<report>
				<misses>2706001</misses>
				<total>13</total>
				<timestamp>756.923631</timestamp>
			</report>
			<report>
				<misses>2707001</misses>
				<total>13</total>
				<timestamp>757.203350</timestamp>
			</report>
			<report>
				<misses>2708001</misses>
				<total>13</total>
				<timestamp>757.483050</timestamp>
			</report>
			<report>
				<misses>2709001</misses>
				<total>13</total>
				<timestamp>757.762782</timestamp>
			</report>
			<report>
				<misses>2710001</misses>
				<total>14</total>
				<timestamp>758.042505</timestamp>
			</report>
			<report>
				<misses>2711001</misses>
				<total>14</total>
				<timestamp>758.322208</timestamp>
			</report>
			<report>
				<misses>2712001</misses>
				<total>14</total>
				<timestamp>758.601964</timestamp>
			</report>
			<report>
				<misses>2713001</misses>
				<total>14</total>
				<timestamp>758.881676</timestamp>
			</report>
			<report>
				<misses>2714001</misses>
				<total>14</total>
				<timestamp>759.161387</timestamp>
			</report>
			<report>
				<misses>2715001</misses>
				<total>14</total>
				<timestamp>759.441085</timestamp>
			</report>
			<report>
				<misses>2716001</misses>
				<total>14</total>
				<timestamp>759.720856</timestamp>
			</report>
			<report>
				<misses>2717001</misses>
				<total>14</total>
				<timestamp>760.000552</timestamp>
			</report>
			<report>
				<misses>2718001</misses>
				<total>14</total>
				<timestamp>760.280305</timestamp>
			</report>
			<report>
				<misses>2719001</misses>
				<total>14</total>
				<timestamp>760.559991</timestamp>
			</report>
			<report>
				<misses>2720001</misses>
				<total>14</total>
				<timestamp>760.839707</timestamp>
			</report>
			<report>
				<misses>2721001</misses>
				<total>14</total>
				<timestamp>761.119466</timestamp>
			</report>
			<report>
				<misses>2722001</misses>
				<total>14</total>
				<timestamp>761.399118</timestamp>
			</report>
			<report>
				<misses>2723001</misses>
				<total>14</total>
				<timestamp>761.678874</timestamp>
			</report>
			<report>
				<misses>2724001</misses>
				<total>14</total>
				<timestamp>761.958622</timestamp>
			</report>
			<report>
				<misses>2725001</misses>
				<total>14</total>
				<timestamp>762.238363</timestamp>
			</report>
			<report>
				<misses>2726001</misses>
				<total>14</total>
				<timestamp>762.518001</timestamp>
			</report>
			<report>
				<misses>2727001</misses>
				<total>14</total>
				<timestamp>762.797748</timestamp>
			</report>
			<report>
				<misses>2728001</misses>
				<total>14</total>
				<timestamp>763.077454</timestamp>
			</report>
			<report>
				<misses>2729001</misses>
				<total>14</total>
				<timestamp>763.357172</timestamp>
			</report>
			<report>
				<misses>2730001</misses>
				<total>14</total>
				<timestamp>763.636873</timestamp>
			</report>
			<report>
				<misses>2731001</misses>
				<total>14</total>
				<timestamp>763.916633</timestamp>
			</report>
			<report>
				<misses>2732001</misses>
				<total>14</total>
				<timestamp>764.196375</timestamp>
			</report>
			<report>
				<misses>2733001</misses>
				<total>14</total>
				<timestamp>764.476045</timestamp>
			</report>
			<report>
				<misses>2734001</misses>
				<total>14</total>
				<timestamp>764.755799</timestamp>
			</report>
			<report>
				<misses>2735001</misses>
				<total>14</total>
				<timestamp>765.035491</timestamp>
			</report>
			<report>
				<misses>2736001</misses>
				<total>14</total>
				<timestamp>765.315252</timestamp>
			</report>
			<report>
				<misses>2737001</misses>
				<total>14</total>
				<timestamp>765.594934</timestamp>
			</report>
			<report>
				<misses>2738001</misses>
				<total>14</total>
				<timestamp>765.874672</timestamp>
			</report>
			<report>
				<misses>2739001</misses>
				<total>14</total>
				<timestamp>766.154368</timestamp>
			</report>
			<report>
				<misses>2740001</misses>
				<total>14</total>
				<timestamp>766.434079</timestamp>
			</report>
			<report>
				<misses>2741001</misses>
				<total>14</total>
				<timestamp>766.713828</timestamp>
			</report>
			<report>
				<misses>2742001</misses>
				<total>14</total>
				<timestamp>766.993593</timestamp>
			</report>
			<report>
				<misses>2743001</misses>
				<total>14</total>
				<timestamp>767.273291</timestamp>
			</report>
			<report>
				<misses>2744001</misses>
				<total>14</total>
				<timestamp>767.553298</timestamp>
			</report>
			<report>
				<misses>2745001</misses>
				<total>14</total>
				<timestamp>767.832983</timestamp>
			</report>
			<report>
				<misses>2746001</misses>
				<total>14</total>
				<timestamp>768.112712</timestamp>
			</report>
			<report>
				<misses>2747001</misses>
				<total>14</total>
				<timestamp>768.392436</timestamp>
			</report>
			<report>
				<misses>2748001</misses>
				<total>14</total>
				<timestamp>768.672146</timestamp>
			</report>
			<report>
				<misses>2749001</misses>
				<total>14</total>
				<timestamp>768.951853</timestamp>
			</report>
			<report>
				<misses>2750001</misses>
				<total>14</total>
				<timestamp>769.231588</timestamp>
			</report>
			<report>
				<misses>2751001</misses>
				<total>14</total>
				<timestamp>769.511365</timestamp>
			</report>
			<report>
				<misses>2752001</misses>
				<total>14</total>
				<timestamp>769.791008</timestamp>
			</report>
			<report>
				<misses>2753001</misses>
				<total>14</total>
				<timestamp>770.070738</timestamp>
			</report>
			<report>
				<misses>2754001</misses>
				<total>14</total>
				<timestamp>770.350489</timestamp>
			</report>
			<report>
				<misses>2755001</misses>
				<total>14</total>
				<timestamp>770.630217</timestamp>
			</report>
			<report>
				<misses>2756001</misses>
				<total>14</total>
				<timestamp>770.909891</timestamp>
			</report>
			<report>
				<misses>2757001</misses>
				<total>14</total>
				<timestamp>771.189633</timestamp>
			</report>
			<report>
				<misses>2758001</misses>
				<total>14</total>
				<timestamp>771.469339</timestamp>
			</report>
			<report>
				<misses>2759001</misses>
				<total>14</total>
				<timestamp>771.749050</timestamp>
			</report>
			<report>
				<misses>2760001</misses>
				<total>14</total>
				<timestamp>772.028768</timestamp>
			</report>
			<report>
				<misses>2761001</misses>
				<total>14</total>
				<timestamp>772.308499</timestamp>
			</report>
			<report>
				<misses>2762001</misses>
				<total>14</total>
				<timestamp>772.588255</timestamp>
			</report>
			<report>
				<misses>2763001</misses>
				<total>14</total>
				<timestamp>772.867956</timestamp>
			</report>
			<report>
				<misses>2764001</misses>
				<total>14</total>
				<timestamp>773.147666</timestamp>
			</report>
			<report>
				<misses>2765001</misses>
				<total>14</total>
				<timestamp>773.427422</timestamp>
			</report>
			<report>
				<misses>2766001</misses>
				<total>14</total>
				<timestamp>773.707110</timestamp>
			</report>
			<report>
				<misses>2767001</misses>
				<total>14</total>
				<timestamp>773.986815</timestamp>
			</report>
			<report>
				<misses>2768001</misses>
				<total>14</total>
				<timestamp>774.266537</timestamp>
			</report>
			<report>
				<misses>2769001</misses>
				<total>14</total>
				<timestamp>774.546278</timestamp>
			</report>
			<report>
				<misses>2770001</misses>
				<total>14</total>
				<timestamp>774.825968</timestamp>
			</report>
			<report>
				<misses>2771001</misses>
				<total>14</total>
				<timestamp>775.105722</timestamp>
			</report>
			<report>
				<misses>2772001</misses>
				<total>14</total>
				<timestamp>775.385410</timestamp>
			</report>
			<report>
				<misses>2773001</misses>
				<total>14</total>
				<timestamp>775.665118</timestamp>
			</report>
			<report>
				<misses>2774001</misses>
				<total>14</total>
				<timestamp>775.944871</timestamp>
			</report>
			<report>
				<misses>2775001</misses>
				<total>14</total>
				<timestamp>776.224606</timestamp>
			</report>
			<report>
				<misses>2776001</misses>
				<total>14</total>
				<timestamp>776.504346</timestamp>
			</report>
			<report>
				<misses>2777001</misses>
				<total>14</total>
				<timestamp>776.784010</timestamp>
			</report>
			<report>
				<misses>2778001</misses>
				<total>14</total>
				<timestamp>777.063771</timestamp>
			</report>
			<report>
				<misses>2779001</misses>
				<total>14</total>
				<timestamp>777.343499</timestamp>
			</report>
			<report>
				<misses>2780001</misses>
				<total>15</total>
				<timestamp>777.623172</timestamp>
			</report>
			<report>
				<misses>2781001</misses>
				<total>15</total>
				<timestamp>777.902899</timestamp>
			</report>
			<report>
				<misses>2782001</misses>
				<total>15</total>
				<timestamp>778.182654</timestamp>
			</report>
			<report>
				<misses>2783001</misses>
				<total>15</total>
				<timestamp>778.462392</timestamp>
			</report>
			<report>
				<misses>2784001</misses>
				<total>15</total>
				<timestamp>778.742048</timestamp>
			</report>
			<report>
				<misses>2785001</misses>
				<total>15</total>
				<timestamp>779.021792</timestamp>
			</report>
			<report>
				<misses>2786001</misses>
				<total>15</total>
				<timestamp>779.301504</timestamp>
			</report>
			<report>
				<misses>2787001</misses>
				<total>15</total>
				<timestamp>779.581294</timestamp>
			</report>
			<report>
				<misses>2788001</misses>
				<total>15</total>
				<timestamp>779.860965</timestamp>
			</report>
			<report>
				<misses>2789001</misses>
				<total>15</total>
				<timestamp>780.140676</timestamp>
			</report>
			<report>
				<misses>2790001</misses>
				<total>15</total>
				<timestamp>780.420375</timestamp>
			</report>
			<report>
				<misses>2791001</misses>
				<total>15</total>
				<timestamp>780.700099</timestamp>
			</report>
			<report>
				<misses>2792001</misses>
				<total>15</total>
				<timestamp>780.979832</timestamp>
			</report>
			<report>
				<misses>2793001</misses>
				<total>15</total>
				<timestamp>781.259538</timestamp>
			</report>
			<report>
				<misses>2794001</misses>
				<total>15</total>
				<timestamp>781.539313</timestamp>
			</report>
			<report>
				<misses>2795001</misses>
				<total>15</total>
				<timestamp>781.818970</timestamp>
			</report>
			<report>
				<misses>2796001</misses>
				<total>15</total>
				<timestamp>782.098714</timestamp>
			</report>
			<report>
				<misses>2797001</misses>
				<total>15</total>
				<timestamp>782.378464</timestamp>
			</report>
			<report>
				<misses>2798001</misses>
				<total>15</total>
				<timestamp>782.658166</timestamp>
			</report>
			<report>
				<misses>2799001</misses>
				<total>15</total>
				<timestamp>782.937862</timestamp>
			</report>
			<report>
				<misses>2800001</misses>
				<total>15</total>
				<timestamp>783.217605</timestamp>
			</report>
			<report>
				<misses>2801001</misses>
				<total>15</total>
				<timestamp>783.497314</timestamp>
			</report>
			<report>
				<misses>2802001</misses>
				<total>15</total>
				<timestamp>783.777024</timestamp>
			</report>
			<report>
				<misses>2803001</misses>
				<total>15</total>
				<timestamp>784.056747</timestamp>
			</report>
			<report>
				<misses>2804001</misses>
				<total>15</total>
				<timestamp>784.336456</timestamp>
			</report>
			<report>
				<misses>2805001</misses>
				<total>15</total>
				<timestamp>784.616195</timestamp>
			</report>
			<report>
				<misses>2806001</misses>
				<total>15</total>
				<timestamp>784.895900</timestamp>
			</report>
			<report>
				<misses>2807001</misses>
				<total>15</total>
				<timestamp>785.175604</timestamp>
			</report>
			<report>
				<misses>2808001</misses>
				<total>15</total>
				<timestamp>785.455390</timestamp>
			</report>
			<report>
				<misses>2809001</misses>
				<total>15</total>
				<timestamp>785.735061</timestamp>
			</report>
			<report>
				<misses>2810001</misses>
				<total>15</total>
				<timestamp>786.014787</timestamp>
			</report>
			<report>
				<misses>2811001</misses>
				<total>15</total>
				<timestamp>786.294480</timestamp>
			</report>
			<report>
				<misses>2812001</misses>
				<total>15</total>
				<timestamp>786.574225</timestamp>
			</report>
			<report>
				<misses>2813001</misses>
				<total>15</total>
				<timestamp>786.853958</timestamp>
			</report>
			<report>
				<misses>2814001</misses>
				<total>15</total>
				<timestamp>787.133649</timestamp>
			</report>
			<report>
				<misses>2815001</misses>
				<total>15</total>
				<timestamp>787.413394</timestamp>
			</report>
			<report>
				<misses>2816001</misses>
				<total>15</total>
				<timestamp>787.693081</timestamp>
			</report>
			<report>
				<misses>2817001</misses>
				<total>15</total>
				<timestamp>787.972834</timestamp>
			</report>
			<report>
				<misses>2818001</misses>
				<total>15</total>
				<timestamp>788.252537</timestamp>
			</report>
			<report>
				<misses>2819001</misses>
				<total>15</total>
				<timestamp>788.532322</timestamp>
			</report>
			<report>
				<misses>2820001</misses>
				<total>15</total>
				<timestamp>788.811975</timestamp>
			</report>
			<report>
				<misses>2821001</misses>
				<total>15</total>
				<timestamp>789.091700</timestamp>
			</report>
			<report>
				<misses>2822001</misses>
				<total>15</total>
				<timestamp>789.371436</timestamp>
			</report>
			<report>
				<misses>2823001</misses>
				<total>15</total>
				<timestamp>789.651190</timestamp>
			</report>
			<report>
				<misses>2824001</misses>
				<total>15</total>
				<timestamp>789.930877</timestamp>
			</report>
			<report>
				<misses>2825001</misses>
				<total>15</total>
				<timestamp>790.210590</timestamp>
			</report>
			<report>
				<misses>2826001</misses>
				<total>15</total>
				<timestamp>790.490339</timestamp>
			</report>
			<report>
				<misses>2827001</misses>
				<total>15</total>
				<timestamp>790.770016</timestamp>
			</report>
			<report>
				<misses>2828001</misses>
				<total>15</total>
				<timestamp>791.049744</timestamp>
			</report>
			<report>
				<misses>2829001</misses>
				<total>15</total>
				<timestamp>791.329470</timestamp>
			</report>
			<report>
				<misses>2830001</misses>
				<total>15</total>
				<timestamp>791.609249</timestamp>
			</report>
			<report>
				<misses>2831001</misses>
				<total>15</total>
				<timestamp>791.888884</timestamp>
			</report>
			<report>
				<misses>2832001</misses>
				<total>15</total>
				<timestamp>792.168633</timestamp>
			</report>
			<report>
				<misses>2833001</misses>
				<total>15</total>
				<timestamp>792.448385</timestamp>
			</report>
			<report>
				<misses>2834001</misses>
				<total>15</total>
				<timestamp>792.728046</timestamp>
			</report>
			<report>
				<misses>2835001</misses>
				<total>15</total>
				<timestamp>793.007771</timestamp>
			</report>
			<report>
				<misses>2836001</misses>
				<total>15</total>
				<timestamp>793.287493</timestamp>
			</report>
			<report>
				<misses>2837001</misses>
				<total>15</total>
				<timestamp>793.567198</timestamp>
			</report>
			<report>
				<misses>2838001</misses>
				<total>15</total>
				<timestamp>793.846924</timestamp>
			</report>
			<report>
				<misses>2839001</misses>
				<total>15</total>
				<timestamp>794.126658</timestamp>
			</report>
			<report>
				<misses>2840001</misses>
				<total>15</total>
				<timestamp>794.406417</timestamp>
			</report>
			<report>
				<misses>2841001</misses>
				<total>15</total>
				<timestamp>794.686098</timestamp>
			</report>
			<report>
				<misses>2842001</misses>
				<total>15</total>
				<timestamp>794.965853</timestamp>
			</report>
			<report>
				<misses>2843001</misses>
				<total>15</total>
				<timestamp>795.245539</timestamp>
			</report>
			<report>
				<misses>2844001</misses>
				<total>15</total>
				<timestamp>795.525290</timestamp>
			</report>
			<report>
				<misses>2845001</misses>
				<total>15</total>
				<timestamp>795.804974</timestamp>
			</report>
			<report>
				<misses>2846001</misses>
				<total>15</total>
				<timestamp>796.084711</timestamp>
			</report>
			<report>
				<misses>2847001</misses>
				<total>15</total>
				<timestamp>796.364433</timestamp>
			</report>
			<report>
				<misses>2848001</misses>
				<total>15</total>
				<timestamp>796.644172</timestamp>
			</report>
			<report>
				<misses>2849001</misses>
				<total>15</total>
				<timestamp>796.923947</timestamp>
			</report>
			<report>
				<misses>2850001</misses>
				<total>15</total>
				<timestamp>797.203584</timestamp>
			</report>
			<report>
				<misses>2851001</misses>
				<total>15</total>
				<timestamp>797.483363</timestamp>
			</report>
			<report>
				<misses>2852001</misses>
				<total>15</total>
				<timestamp>797.763020</timestamp>
			</report>
			<report>
				<misses>2853001</misses>
				<total>15</total>
				<timestamp>798.042751</timestamp>
			</report>
			<report>
				<misses>2854001</misses>
				<total>15</total>
				<timestamp>798.322471</timestamp>
			</report>
			<report>
				<misses>2855001</misses>
				<total>15</total>
				<timestamp>798.602197</timestamp>
			</report>
			<report>
				<misses>2856001</misses>
				<total>15</total>
				<timestamp>798.881905</timestamp>
			</report>
			<report>
				<misses>2857001</misses>
				<total>15</total>
				<timestamp>799.161614</timestamp>
			</report>
			<report>
				<misses>2858001</misses>
				<total>15</total>
				<timestamp>799.441368</timestamp>
			</report>
			<report>
				<misses>2859001</misses>
				<total>15</total>
				<timestamp>799.721055</timestamp>
			</report>
			<report>
				<misses>2860001</misses>
				<total>15</total>
				<timestamp>800.000766</timestamp>
			</report>
			<report>
				<misses>2861001</misses>
				<total>15</total>
				<timestamp>800.280517</timestamp>
			</report>
			<report>
				<misses>2862001</misses>
				<total>15</total>
				<timestamp>800.560258</timestamp>
			</report>
			<report>
				<misses>2863001</misses>
				<total>15</total>
				<timestamp>800.839929</timestamp>
			</report>
			<report>
				<misses>2864001</misses>
				<total>15</total>
				<timestamp>801.119670</timestamp>
			</report>
			<report>
				<misses>2865001</misses>
				<total>15</total>
				<timestamp>801.399400</timestamp>
			</report>
			<report>
				<misses>2866001</misses>
				<total>15</total>
				<timestamp>801.679123</timestamp>
			</report>
			<report>
				<misses>2867001</misses>
				<total>15</total>
				<timestamp>801.958825</timestamp>
			</report>
			<report>
				<misses>2868001</misses>
				<total>15</total>
				<timestamp>802.238525</timestamp>
			</report>
			<report>
				<misses>2869001</misses>
				<total>15</total>
				<timestamp>802.518274</timestamp>
			</report>
			<report>
				<misses>2870001</misses>
				<total>15</total>
				<timestamp>802.797970</timestamp>
			</report>
			<report>
				<misses>2871001</misses>
				<total>15</total>
				<timestamp>803.077735</timestamp>
			</report>
			<report>
				<misses>2872001</misses>
				<total>15</total>
				<timestamp>803.357457</timestamp>
			</report>
			<report>
				<misses>2873001</misses>
				<total>15</total>
				<timestamp>803.637136</timestamp>
			</report>
			<report>
				<misses>2874001</misses>
				<total>15</total>
				<timestamp>803.916852</timestamp>
			</report>
			<report>
				<misses>2875001</misses>
				<total>15</total>
				<timestamp>804.196592</timestamp>
			</report>
			<report>
				<misses>2876001</misses>
				<total>15</total>
				<timestamp>804.476305</timestamp>
			</report>
			<report>
				<misses>2877001</misses>
				<total>15</total>
				<timestamp>804.756084</timestamp>
			</report>
			<report>
				<misses>2878001</misses>
				<total>15</total>
				<timestamp>805.035752</timestamp>
			</report>
			<report>
				<misses>2879001</misses>
				<total>15</total>
				<timestamp>805.315482</timestamp>
			</report>
			<report>
				<misses>2880001</misses>
				<total>15</total>
				<timestamp>805.595207</timestamp>
			</report>
			<report>
				<misses>2881001</misses>
				<total>15</total>
				<timestamp>805.874893</timestamp>
			</report>
			<report>
				<misses>2882001</misses>
				<total>15</total>
				<timestamp>806.154722</timestamp>
			</report>
			<report>
				<misses>2883001</misses>
				<total>15</total>
				<timestamp>806.434339</timestamp>
			</report>
			<report>
				<misses>2884001</misses>
				<total>15</total>
				<timestamp>806.714058</timestamp>
			</report>
			<report>
				<misses>2885001</misses>
				<total>15</total>
				<timestamp>806.993931</timestamp>
			</report>
			<report>
				<misses>2886001</misses>
				<total>15</total>
				<timestamp>807.273502</timestamp>
			</report>
			<report>
				<misses>2887001</misses>
				<total>15</total>
				<timestamp>807.553276</timestamp>
			</report>
			<report>
				<misses>2888001</misses>
				<total>15</total>
				<timestamp>807.832928</timestamp>
			</report>
			<report>
				<misses>2889001</misses>
				<total>15</total>
				<timestamp>808.112646</timestamp>
			</report>
			<report>
				<misses>2890001</misses>
				<total>15</total>
				<timestamp>808.392393</timestamp>
			</report>
			<report>
				<misses>2891001</misses>
				<total>15</total>
				<timestamp>808.672145</timestamp>
			</report>
			<report>
				<misses>2892001</misses>
				<total>15</total>
				<timestamp>808.951838</timestamp>
			</report>
			<report>
				<misses>2893001</misses>
				<total>15</total>
				<timestamp>809.231533</timestamp>
			</report>
			<report>
				<misses>2894001</misses>
				<total>15</total>
				<timestamp>809.511275</timestamp>
			</report>
			<report>
				<misses>2895001</misses>
				<total>15</total>
				<timestamp>809.790962</timestamp>
			</report>
			<report>
				<misses>2896001</misses>
				<total>15</total>
				<timestamp>810.070701</timestamp>
			</report>
			<report>
				<misses>2897001</misses>
				<total>15</total>
				<timestamp>810.350417</timestamp>
			</report>
			<report>
				<misses>2898001</misses>
				<total>15</total>
				<timestamp>810.630197</timestamp>
			</report>
			<report>
				<misses>2899001</misses>
				<total>15</total>
				<timestamp>810.909835</timestamp>
			</report>
			<report>
				<misses>2900001</misses>
				<total>15</total>
				<timestamp>811.189566</timestamp>
			</report>
			<report>
				<misses>2901001</misses>
				<total>15</total>
				<timestamp>811.469363</timestamp>
			</report>
			<report>
				<misses>2902001</misses>
				<total>15</total>
				<timestamp>811.749012</timestamp>
			</report>
			<report>
				<misses>2903001</misses>
				<total>15</total>
				<timestamp>812.028763</timestamp>
			</report>
			<report>
				<misses>2904001</misses>
				<total>15</total>
				<timestamp>812.308485</timestamp>
			</report>
			<report>
				<misses>2905001</misses>
				<total>15</total>
				<timestamp>812.588221</timestamp>
			</report>
			<report>
				<misses>2906001</misses>
				<total>15</total>
				<timestamp>812.867913</timestamp>
			</report>
			<report>
				<misses>2907001</misses>
				<total>15</total>
				<timestamp>813.147635</timestamp>
			</report>
			<report>
				<misses>2908001</misses>
				<total>15</total>
				<timestamp>813.427383</timestamp>
			</report>
			<report>
				<misses>2909001</misses>
				<total>15</total>
				<timestamp>813.707128</timestamp>
			</report>
			<report>
				<misses>2910001</misses>
				<total>15</total>
				<timestamp>813.986795</timestamp>
			</report>
			<report>
				<misses>2911001</misses>
				<total>15</total>
				<timestamp>814.266506</timestamp>
			</report>
			<report>
				<misses>2912001</misses>
				<total>15</total>
				<timestamp>814.546266</timestamp>
			</report>
			<report>
				<misses>2913001</misses>
				<total>15</total>
				<timestamp>814.825935</timestamp>
			</report>
			<report>
				<misses>2914001</misses>
				<total>15</total>
				<timestamp>815.105654</timestamp>
			</report>
			<report>
				<misses>2915001</misses>
				<total>15</total>
				<timestamp>815.385369</timestamp>
			</report>
			<report>
				<misses>2916001</misses>
				<total>15</total>
				<timestamp>815.665150</timestamp>
			</report>
			<report>
				<misses>2917001</misses>
				<total>15</total>
				<timestamp>815.944827</timestamp>
			</report>
			<report>
				<misses>2918001</misses>
				<total>15</total>
				<timestamp>816.224547</timestamp>
			</report>
			<report>
				<misses>2919001</misses>
				<total>15</total>
				<timestamp>816.504279</timestamp>
			</report>
			<report>
				<misses>2920001</misses>
				<total>15</total>
				<timestamp>816.783970</timestamp>
			</report>
			<report>
				<misses>2921001</misses>
				<total>15</total>
				<timestamp>817.063686</timestamp>
			</report>
			<report>
				<misses>2922001</misses>
				<total>15</total>
				<timestamp>817.343414</timestamp>
			</report>
			<report>
				<misses>2923001</misses>
				<total>15</total>
				<timestamp>817.623185</timestamp>
			</report>
			<report>
				<misses>2924001</misses>
				<total>15</total>
				<timestamp>817.902850</timestamp>
			</report>
			<report>
				<misses>2925001</misses>
				<total>15</total>
				<timestamp>818.182616</timestamp>
			</report>
			<report>
				<misses>2926001</misses>
				<total>15</total>
				<timestamp>818.462335</timestamp>
			</report>
			<report>
				<misses>2927001</misses>
				<total>15</total>
				<timestamp>818.742074</timestamp>
			</report>
			<report>
				<misses>2928001</misses>
				<total>15</total>
				<timestamp>819.021747</timestamp>
			</report>
			<report>
				<misses>2929001</misses>
				<total>15</total>
				<timestamp>819.301465</timestamp>
			</report>
			<report>
				<misses>2930001</misses>
				<total>15</total>
				<timestamp>819.581257</timestamp>
			</report>
			<report>
				<misses>2931001</misses>
				<total>15</total>
				<timestamp>819.860913</timestamp>
			</report>
			<report>
				<misses>2932001</misses>
				<total>15</total>
				<timestamp>820.140662</timestamp>
			</report>
			<report>
				<misses>2933001</misses>
				<total>15</total>
				<timestamp>820.420346</timestamp>
			</report>
			<report>
				<misses>2934001</misses>
				<total>15</total>
				<timestamp>820.700058</timestamp>
			</report>
			<report>
				<misses>2935001</misses>
				<total>15</total>
				<timestamp>820.979808</timestamp>
			</report>
			<report>
				<misses>2936001</misses>
				<total>15</total>
				<timestamp>821.259491</timestamp>
			</report>
			<report>
				<misses>2937001</misses>
				<total>15</total>
				<timestamp>821.539256</timestamp>
			</report>
			<report>
				<misses>2938001</misses>
				<total>15</total>
				<timestamp>821.819003</timestamp>
			</report>
			<report>
				<misses>2939001</misses>
				<total>15</total>
				<timestamp>822.098658</timestamp>
			</report>
			<report>
				<misses>2940001</misses>
				<total>15</total>
				<timestamp>822.378386</timestamp>
			</report>
			<report>
				<misses>2941001</misses>
				<total>15</total>
				<timestamp>822.658155</timestamp>
			</report>
			<report>
				<misses>2942001</misses>
				<total>15</total>
				<timestamp>822.937869</timestamp>
			</report>
			<report>
				<misses>2943001</misses>
				<total>15</total>
				<timestamp>823.217576</timestamp>
			</report>
			<report>
				<misses>2944001</misses>
				<total>15</total>
				<timestamp>823.497303</timestamp>
			</report>
			<report>
				<misses>2945001</misses>
				<total>15</total>
				<timestamp>823.777035</timestamp>
			</report>
			<report>
				<misses>2946001</misses>
				<total>15</total>
				<timestamp>824.056748</timestamp>
			</report>
			<report>
				<misses>2947001</misses>
				<total>15</total>
				<timestamp>824.336460</timestamp>
			</report>
			<report>
				<misses>2948001</misses>
				<total>15</total>
				<timestamp>824.616191</timestamp>
			</report>
			<report>
				<misses>2949001</misses>
				<total>15</total>
				<timestamp>824.895867</timestamp>
			</report>
			<report>
				<misses>2950001</misses>
				<total>15</total>
				<timestamp>825.175622</timestamp>
			</report>
			<report>
				<misses>2951001</misses>
				<total>15</total>
				<timestamp>825.455304</timestamp>
			</report>
			<report>
				<misses>2952001</misses>
				<total>15</total>
				<timestamp>825.735047</timestamp>
			</report>
			<report>
				<misses>2953001</misses>
				<total>15</total>
				<timestamp>826.014776</timestamp>
			</report>
			<report>
				<misses>2954001</misses>
				<total>15</total>
				<timestamp>826.294458</timestamp>
			</report>
			<report>
				<misses>2955001</misses>
				<total>15</total>
				<timestamp>826.574198</timestamp>
			</report>
			<report>
				<misses>2956001</misses>
				<total>15</total>
				<timestamp>826.853893</timestamp>
			</report>
			<report>
				<misses>2957001</misses>
				<total>15</total>
				<timestamp>827.133613</timestamp>
			</report>
			<report>
				<misses>2958001</misses>
				<total>15</total>
				<timestamp>827.413399</timestamp>
			</report>
			<report>
				<misses>2959001</misses>
				<total>15</total>
				<timestamp>827.693175</timestamp>
			</report>
			<report>
				<misses>2960001</misses>
				<total>15</total>
				<timestamp>827.972814</timestamp>
			</report>
			<report>
				<misses>2961001</misses>
				<total>15</total>
				<timestamp>828.252560</timestamp>
			</report>
			<report>
				<misses>2962001</misses>
				<total>15</total>
				<timestamp>828.532255</timestamp>
			</report>
			<report>
				<misses>2963001</misses>
				<total>15</total>
				<timestamp>828.811932</timestamp>
			</report>
			<report>
				<misses>2964001</misses>
				<total>15</total>
				<timestamp>829.091685</timestamp>
			</report>
			<report>
				<misses>2965001</misses>
				<total>15</total>
				<timestamp>829.371401</timestamp>
			</report>
			<report>
				<misses>2966001</misses>
				<total>15</total>
				<timestamp>829.651103</timestamp>
			</report>
			<report>
				<misses>2967001</misses>
				<total>15</total>
				<timestamp>829.930805</timestamp>
			</report>
			<report>
				<misses>2968001</misses>
				<total>15</total>
				<timestamp>830.210565</timestamp>
			</report>
			<report>
				<misses>2969001</misses>
				<total>15</total>
				<timestamp>830.490296</timestamp>
			</report>
			<report>
				<misses>2970001</misses>
				<total>15</total>
				<timestamp>830.769970</timestamp>
			</report>
			<report>
				<misses>2971001</misses>
				<total>15</total>
				<timestamp>831.049696</timestamp>
			</report>
			<report>
				<misses>2972001</misses>
				<total>15</total>
				<timestamp>831.329419</timestamp>
			</report>
			<report>
				<misses>2973001</misses>
				<total>15</total>
				<timestamp>831.609169</timestamp>
			</report>
			<report>
				<misses>2974001</misses>
				<total>15</total>
				<timestamp>831.888840</timestamp>
			</report>
			<report>
				<misses>2975001</misses>
				<total>15</total>
				<timestamp>832.168582</timestamp>
			</report>
			<report>
				<misses>2976001</misses>
				<total>15</total>
				<timestamp>832.448283</timestamp>
			</report>
			<report>
				<misses>2977001</misses>
				<total>15</total>
				<timestamp>832.728027</timestamp>
			</report>
			<report>
				<misses>2978001</misses>
				<total>15</total>
				<timestamp>833.007725</timestamp>
			</report>
			<report>
				<misses>2979001</misses>
				<total>15</total>
				<timestamp>833.287458</timestamp>
			</report>
			<report>
				<misses>2980001</misses>
				<total>15</total>
				<timestamp>833.567184</timestamp>
			</report>
			<report>
				<misses>2981001</misses>
				<total>15</total>
				<timestamp>833.846890</timestamp>
			</report>
			<report>
				<misses>2982001</misses>
				<total>15</total>
				<timestamp>834.126650</timestamp>
			</report>
			<report>
				<misses>2983001</misses>
				<total>15</total>
				<timestamp>834.406319</timestamp>
			</report>
			<report>
				<misses>2984001</misses>
				<total>15</total>
				<timestamp>834.686078</timestamp>
			</report>
			<report>
				<misses>2985001</misses>
				<total>15</total>
				<timestamp>834.965848</timestamp>
			</report>
			<report>
				<misses>2986001</misses>
				<total>15</total>
				<timestamp>835.245496</timestamp>
			</report>
			<report>
				<misses>2987001</misses>
				<total>15</total>
				<timestamp>835.525234</timestamp>
			</report>
			<report>
				<misses>2988001</misses>
				<total>15</total>
				<timestamp>835.804927</timestamp>
			</report>
			<report>
				<misses>2989001</misses>
				<total>15</total>
				<timestamp>836.084667</timestamp>
			</report>
			<report>
				<misses>2990001</misses>
				<total>15</total>
				<timestamp>836.364381</timestamp>
			</report>
			<report>
				<misses>2991001</misses>
				<total>15</total>
				<timestamp>836.644191</timestamp>
			</report>
			<report>
				<misses>2992001</misses>
				<total>15</total>
				<timestamp>836.923889</timestamp>
			</report>
			<report>
				<misses>2993001</misses>
				<total>15</total>
				<timestamp>837.203553</timestamp>
			</report>
			<report>
				<misses>2994001</misses>
				<total>15</total>
				<timestamp>837.483245</timestamp>
			</report>
			<report>
				<misses>2995001</misses>
				<total>15</total>
				<timestamp>837.763042</timestamp>
			</report>
			<report>
				<misses>2996001</misses>
				<total>15</total>
				<timestamp>838.042717</timestamp>
			</report>
			<report>
				<misses>2997001</misses>
				<total>15</total>
				<timestamp>838.322404</timestamp>
			</report>
			<report>
				<misses>2998001</misses>
				<total>15</total>
				<timestamp>838.602120</timestamp>
			</report>
			<report>
				<misses>2999001</misses>
				<total>15</total>
				<timestamp>838.881861</timestamp>
			</report>
			<report>
				<misses>3000001</misses>
				<total>15</total>
				<timestamp>839.161559</timestamp>
			</report>
			<report>
				<misses>3001001</misses>
				<total>15</total>
				<timestamp>839.441286</timestamp>
			</report>
			<report>
				<misses>3002001</misses>
				<total>15</total>
				<timestamp>839.721047</timestamp>
			</report>
			<report>
				<misses>3003001</misses>
				<total>15</total>
				<timestamp>840.000787</timestamp>
			</report>
			<report>
				<misses>3004001</misses>
				<total>15</total>
				<timestamp>840.280470</timestamp>
			</report>
			<report>
				<misses>3005001</misses>
				<total>15</total>
				<timestamp>840.560161</timestamp>
			</report>
			<report>
				<misses>3006001</misses>
				<total>15</total>
				<timestamp>840.839951</timestamp>
			</report>
			<report>
				<misses>3007001</misses>
				<total>15</total>
				<timestamp>841.119599</timestamp>
			</report>
			<report>
				<misses>3008001</misses>
				<total>15</total>
				<timestamp>841.399319</timestamp>
			</report>
			<report>
				<misses>3009001</misses>
				<total>15</total>
				<timestamp>841.679121</timestamp>
			</report>
			<report>
				<misses>3010001</misses>
				<total>15</total>
				<timestamp>841.958787</timestamp>
			</report>
			<report>
				<misses>3011001</misses>
				<total>15</total>
				<timestamp>842.238619</timestamp>
			</report>
			<report>
				<misses>3012001</misses>
				<total>15</total>
				<timestamp>842.518223</timestamp>
			</report>
			<report>
				<misses>3013001</misses>
				<total>15</total>
				<timestamp>842.797966</timestamp>
			</report>
			<report>
				<misses>3014001</misses>
				<total>15</total>
				<timestamp>843.077663</timestamp>
			</report>
			<report>
				<misses>3015001</misses>
				<total>15</total>
				<timestamp>843.357379</timestamp>
			</report>
			<report>
				<misses>3016001</misses>
				<total>15</total>
				<timestamp>843.637192</timestamp>
			</report>
			<report>
				<misses>3017001</misses>
				<total>15</total>
				<timestamp>843.916827</timestamp>
			</report>
			<report>
				<misses>3018001</misses>
				<total>15</total>
				<timestamp>844.196550</timestamp>
			</report>
			<report>
				<misses>3019001</misses>
				<total>15</total>
				<timestamp>844.476260</timestamp>
			</report>
			<report>
				<misses>3020001</misses>
				<total>15</total>
				<timestamp>844.755992</timestamp>
			</report>
			<report>
				<misses>3021001</misses>
				<total>15</total>
				<timestamp>845.035673</timestamp>
			</report>
			<report>
				<misses>3022001</misses>
				<total>15</total>
				<timestamp>845.315424</timestamp>
			</report>
			<report>
				<misses>3023001</misses>
				<total>15</total>
				<timestamp>845.595167</timestamp>
			</report>
			<report>
				<misses>3024001</misses>
				<total>15</total>
				<timestamp>845.874928</timestamp>
			</report>
			<report>
				<misses>3025001</misses>
				<total>15</total>
				<timestamp>846.154571</timestamp>
			</report>
			<report>
				<misses>3026001</misses>
				<total>15</total>
				<timestamp>846.434294</timestamp>
			</report>
			<report>
				<misses>3027001</misses>
				<total>15</total>
				<timestamp>846.714034</timestamp>
			</report>
			<report>
				<misses>3028001</misses>
				<total>15</total>
				<timestamp>846.993736</timestamp>
			</report>
			<report>
				<misses>3029001</misses>
				<total>15</total>
				<timestamp>847.273486</timestamp>
			</report>
			<report>
				<misses>3030001</misses>
				<total>15</total>
				<timestamp>847.553200</timestamp>
			</report>
			<report>
				<misses>3031001</misses>
				<total>15</total>
				<timestamp>847.832937</timestamp>
			</report>
			<report>
				<misses>3032001</misses>
				<total>15</total>
				<timestamp>848.112630</timestamp>
			</report>
			<report>
				<misses>3033001</misses>
				<total>15</total>
				<timestamp>848.392336</timestamp>
			</report>
			<report>
				<misses>3034001</misses>
				<total>15</total>
				<timestamp>848.672080</timestamp>
			</report>
			<report>
				<misses>3035001</misses>
				<total>15</total>
				<timestamp>848.951763</timestamp>
			</report>
			<report>
				<misses>3036001</misses>
				<total>15</total>
				<timestamp>849.231491</timestamp>
			</report>
			<report>
				<misses>3037001</misses>
				<total>15</total>
				<timestamp>849.511231</timestamp>
			</report>
			<report>
				<misses>3038001</misses>
				<total>15</total>
				<timestamp>849.790990</timestamp>
			</report>
			<report>
				<misses>3039001</misses>
				<total>15</total>
				<timestamp>850.070640</timestamp>
			</report>
			<report>
				<misses>3040001</misses>
				<total>15</total>
				<timestamp>850.350403</timestamp>
			</report>
			<report>
				<misses>3041001</misses>
				<total>15</total>
				<timestamp>850.630131</timestamp>
			</report>
			<report>
				<misses>3042001</misses>
				<total>15</total>
				<timestamp>850.909871</timestamp>
			</report>
			<report>
				<misses>3043001</misses>
				<total>15</total>
				<timestamp>851.189612</timestamp>
			</report>
			<report>
				<misses>3044001</misses>
				<total>15</total>
				<timestamp>851.469363</timestamp>
			</report>
			<report>
				<misses>3045001</misses>
				<total>15</total>
				<timestamp>851.749039</timestamp>
			</report>
			<report>
				<misses>3046001</misses>
				<total>15</total>
				<timestamp>852.028703</timestamp>
			</report>
			<report>
				<misses>3047001</misses>
				<total>15</total>
				<timestamp>852.308410</timestamp>
			</report>
			<report>
				<misses>3048001</misses>
				<total>15</total>
				<timestamp>852.588142</timestamp>
			</report>
			<report>
				<misses>3049001</misses>
				<total>15</total>
				<timestamp>852.867883</timestamp>
			</report>
			<report>
				<misses>3050001</misses>
				<total>15</total>
				<timestamp>853.147577</timestamp>
			</report>
			<report>
				<misses>3051001</misses>
				<total>15</total>
				<timestamp>853.427311</timestamp>
			</report>
			<report>
				<misses>3052001</misses>
				<total>15</total>
				<timestamp>853.707069</timestamp>
			</report>
			<report>
				<misses>3053001</misses>
				<total>15</total>
				<timestamp>853.986763</timestamp>
			</report>
			<report>
				<misses>3054001</misses>
				<total>15</total>
				<timestamp>854.266461</timestamp>
			</report>
			<report>
				<misses>3055001</misses>
				<total>15</total>
				<timestamp>854.546174</timestamp>
			</report>
			<report>
				<misses>3056001</misses>
				<total>15</total>
				<timestamp>854.825909</timestamp>
			</report>
			<report>
				<misses>3057001</misses>
				<total>15</total>
				<timestamp>855.105608</timestamp>
			</report>
			<report>
				<misses>3058001</misses>
				<total>15</total>
				<timestamp>855.385333</timestamp>
			</report>
			<report>
				<misses>3059001</misses>
				<total>15</total>
				<timestamp>855.665098</timestamp>
			</report>
			<report>
				<misses>3060001</misses>
				<total>15</total>
				<timestamp>855.944777</timestamp>
			</report>
			<report>
				<misses>3061001</misses>
				<total>15</total>
				<timestamp>856.224522</timestamp>
			</report>
			<report>
				<misses>3062001</misses>
				<total>15</total>
				<timestamp>856.504215</timestamp>
			</report>
			<report>
				<misses>3063001</misses>
				<total>15</total>
				<timestamp>856.783973</timestamp>
			</report>
			<report>
				<misses>3064001</misses>
				<total>15</total>
				<timestamp>857.063660</timestamp>
			</report>
			<report>
				<misses>3065001</misses>
				<total>15</total>
				<timestamp>857.343372</timestamp>
			</report>
			<report>
				<misses>3066001</misses>
				<total>15</total>
				<timestamp>857.623108</timestamp>
			</report>
			<report>
				<misses>3067001</misses>
				<total>15</total>
				<timestamp>857.902814</timestamp>
			</report>
			<report>
				<misses>3068001</misses>
				<total>15</total>
				<timestamp>858.182558</timestamp>
			</report>
			<report>
				<misses>3069001</misses>
				<total>15</total>
				<timestamp>858.462255</timestamp>
			</report>
			<report>
				<misses>3070001</misses>
				<total>15</total>
				<timestamp>858.742008</timestamp>
			</report>
			<report>
				<misses>3071001</misses>
				<total>15</total>
				<timestamp>859.021720</timestamp>
			</report>
			<report>
				<misses>3072001</misses>
				<total>15</total>
				<timestamp>859.301406</timestamp>
			</report>
			<report>
				<misses>3073001</misses>
				<total>15</total>
				<timestamp>859.581142</timestamp>
			</report>
			<report>
				<misses>3074001</misses>
				<total>15</total>
				<timestamp>859.860932</timestamp>
			</report>
			<report>
				<misses>3075001</misses>
				<total>15</total>
				<timestamp>860.140571</timestamp>
			</report>
			<report>
				<misses>3076001</misses>
				<total>15</total>
				<timestamp>860.420305</timestamp>
			</report>
			<report>
				<misses>3077001</misses>
				<total>15</total>
				<timestamp>860.700028</timestamp>
			</report>
			<report>
				<misses>3078001</misses>
				<total>15</total>
				<timestamp>860.979734</timestamp>
			</report>
			<report>
				<misses>3079001</misses>
				<total>15</total>
				<timestamp>861.259452</timestamp>
			</report>
			<report>
				<misses>3080001</misses>
				<total>15</total>
				<timestamp>861.539167</timestamp>
			</report>
			<report>
				<misses>3081001</misses>
				<total>15</total>
				<timestamp>861.818955</timestamp>
			</report>
			<report>
				<misses>3082001</misses>
				<total>15</total>
				<timestamp>862.098602</timestamp>
			</report>
			<report>
				<misses>3083001</misses>
				<total>15</total>
				<timestamp>862.378327</timestamp>
			</report>
			<report>
				<misses>3084001</misses>
				<total>15</total>
				<timestamp>862.658079</timestamp>
			</report>
			<report>
				<misses>3085001</misses>
				<total>15</total>
				<timestamp>862.937773</timestamp>
			</report>
			<report>
				<misses>3086001</misses>
				<total>15</total>
				<timestamp>863.217484</timestamp>
			</report>
			<report>
				<misses>3087001</misses>
				<total>15</total>
				<timestamp>863.497215</timestamp>
			</report>
			<report>
				<misses>3088001</misses>
				<total>15</total>
				<timestamp>863.777013</timestamp>
			</report>
			<report>
				<misses>3089001</misses>
				<total>15</total>
				<timestamp>864.056653</timestamp>
			</report>
			<report>
				<misses>3090001</misses>
				<total>15</total>
				<timestamp>864.336392</timestamp>
			</report>
			<report>
				<misses>3091001</misses>
				<total>15</total>
				<timestamp>864.616107</timestamp>
			</report>
			<report>
				<misses>3092001</misses>
				<total>15</total>
				<timestamp>864.895838</timestamp>
			</report>
			<report>
				<misses>3093001</misses>
				<total>15</total>
				<timestamp>865.175536</timestamp>
			</report>
			<report>
				<misses>3094001</misses>
				<total>15</total>
				<timestamp>865.455271</timestamp>
			</report>
			<report>
				<misses>3095001</misses>
				<total>15</total>
				<timestamp>865.734991</timestamp>
			</report>
			<report>
				<misses>3096001</misses>
				<total>15</total>
				<timestamp>866.014679</timestamp>
			</report>
			<report>
				<misses>3097001</misses>
				<total>15</total>
				<timestamp>866.294411</timestamp>
			</report>
			<report>
				<misses>3098001</misses>
				<total>15</total>
				<timestamp>866.574136</timestamp>
			</report>
			<report>
				<misses>3099001</misses>
				<total>15</total>
				<timestamp>866.853910</timestamp>
			</report>
			<report>
				<misses>3100001</misses>
				<total>15</total>
				<timestamp>867.133634</timestamp>
			</report>
			<report>
				<misses>3101001</misses>
				<total>15</total>
				<timestamp>867.413297</timestamp>
			</report>
			<report>
				<misses>3102001</misses>
				<total>15</total>
				<timestamp>867.693061</timestamp>
			</report>
			<report>
				<misses>3103001</misses>
				<total>15</total>
				<timestamp>867.972808</timestamp>
			</report>
			<report>
				<misses>3104001</misses>
				<total>15</total>
				<timestamp>868.252484</timestamp>
			</report>
			<report>
				<misses>3105001</misses>
				<total>15</total>
				<timestamp>868.532197</timestamp>
			</report>
			<report>
				<misses>3106001</misses>
				<total>15</total>
				<timestamp>868.811919</timestamp>
			</report>
			<report>
				<misses>3107001</misses>
				<total>15</total>
				<timestamp>869.091612</timestamp>
			</report>
			<report>
				<misses>3108001</misses>
				<total>15</total>
				<timestamp>869.371353</timestamp>
			</report>
			<report>
				<misses>3109001</misses>
				<total>15</total>
				<timestamp>869.651057</timestamp>
			</report>
			<report>
				<misses>3110001</misses>
				<total>15</total>
				<timestamp>869.930786</timestamp>
			</report>
			<report>
				<misses>3111001</misses>
				<total>15</total>
				<timestamp>870.210501</timestamp>
			</report>
			<report>
				<misses>3112001</misses>
				<total>15</total>
				<timestamp>870.490210</timestamp>
			</report>
			<report>
				<misses>3113001</misses>
				<total>15</total>
				<timestamp>870.769928</timestamp>
			</report>
			<report>
				<misses>3114001</misses>
				<total>15</total>
				<timestamp>871.049725</timestamp>
			</report>
			<report>
				<misses>3115001</misses>
				<total>15</total>
				<timestamp>871.329379</timestamp>
			</report>
			<report>
				<misses>3116001</misses>
				<total>15</total>
				<timestamp>871.609100</timestamp>
			</report>
			<report>
				<misses>3117001</misses>
				<total>15</total>
				<timestamp>871.888856</timestamp>
			</report>
			<report>
				<misses>3118001</misses>
				<total>15</total>
				<timestamp>872.168536</timestamp>
			</report>
			<report>
				<misses>3119001</misses>
				<total>15</total>
				<timestamp>872.448264</timestamp>
			</report>
			<report>
				<misses>3120001</misses>
				<total>15</total>
				<timestamp>872.727980</timestamp>
			</report>
			<report>
				<misses>3121001</misses>
				<total>15</total>
				<timestamp>873.007701</timestamp>
			</report>
			<report>
				<misses>3122001</misses>
				<total>15</total>
				<timestamp>873.287415</timestamp>
			</report>
			<report>
				<misses>3123001</misses>
				<total>15</total>
				<timestamp>873.567133</timestamp>
			</report>
			<report>
				<misses>3124001</misses>
				<total>15</total>
				<timestamp>873.846999</timestamp>
			</report>
			<report>
				<misses>3125001</misses>
				<total>15</total>
				<timestamp>874.126561</timestamp>
			</report>
			<report>
				<misses>3126001</misses>
				<total>15</total>
				<timestamp>874.406302</timestamp>
			</report>
			<report>
				<misses>3127001</misses>
				<total>15</total>
				<timestamp>874.686052</timestamp>
			</report>
			<report>
				<misses>3128001</misses>
				<total>15</total>
				<timestamp>874.965767</timestamp>
			</report>
			<report>
				<misses>3129001</misses>
				<total>15</total>
				<timestamp>875.245447</timestamp>
			</report>
			<report>
				<misses>3130001</misses>
				<total>15</total>
				<timestamp>875.525163</timestamp>
			</report>
			<report>
				<misses>3131001</misses>
				<total>15</total>
				<timestamp>875.804948</timestamp>
			</report>
			<report>
				<misses>3132001</misses>
				<total>17</total>
				<timestamp>876.084621</timestamp>
			</report>
			<report>
				<misses>3133001</misses>
				<total>17</total>
				<timestamp>876.364336</timestamp>
			</report>
			<report>
				<misses>3134001</misses>
				<total>17</total>
				<timestamp>876.644050</timestamp>
			</report>
			<report>
				<misses>3135001</misses>
				<total>17</total>
				<timestamp>876.923785</timestamp>
			</report>
			<report>
				<misses>3136001</misses>
				<total>17</total>
				<timestamp>877.203500</timestamp>
			</report>
			<report>
				<misses>3137001</misses>
				<total>17</total>
				<timestamp>877.483250</timestamp>
			</report>
			<report>
				<misses>3138001</misses>
				<total>17</total>
				<timestamp>877.762962</timestamp>
			</report>
			<report>
				<misses>3139001</misses>
				<total>17</total>
				<timestamp>878.042657</timestamp>
			</report>
			<report>
				<misses>3140001</misses>
				<total>17</total>
				<timestamp>878.322400</timestamp>
			</report>
			<report>
				<misses>3141001</misses>
				<total>17</total>
				<timestamp>878.602104</timestamp>
			</report>
			<report>
				<misses>3142001</misses>
				<total>17</total>
				<timestamp>878.881990</timestamp>
			</report>
			<report>
				<misses>3143001</misses>
				<total>17</total>
				<timestamp>879.161530</timestamp>
			</report>
			<report>
				<misses>3144001</misses>
				<total>17</total>
				<timestamp>879.441244</timestamp>
			</report>
			<report>
				<misses>3145001</misses>
				<total>17</total>
				<timestamp>879.720988</timestamp>
			</report>
			<report>
				<misses>3146001</misses>
				<total>17</total>
				<timestamp>880.000745</timestamp>
			</report>
			<report>
				<misses>3147001</misses>
				<total>17</total>
				<timestamp>880.280407</timestamp>
			</report>
			<report>
				<misses>3148001</misses>
				<total>17</total>
				<timestamp>880.560120</timestamp>
			</report>
			<report>
				<misses>3149001</misses>
				<total>17</total>
				<timestamp>880.839902</timestamp>
			</report>
			<report>
				<misses>3150001</misses>
				<total>17</total>
				<timestamp>881.119567</timestamp>
			</report>
			<report>
				<misses>3151001</misses>
				<total>17</total>
				<timestamp>881.399317</timestamp>
			</report>
			<report>
				<misses>3152001</misses>
				<total>17</total>
				<timestamp>881.679049</timestamp>
			</report>
			<report>
				<misses>3153001</misses>
				<total>17</total>
				<timestamp>881.958772</timestamp>
			</report>
			<report>
				<misses>3154001</misses>
				<total>17</total>
				<timestamp>882.238469</timestamp>
			</report>
			<report>
				<misses>3155001</misses>
				<total>17</total>
				<timestamp>882.518155</timestamp>
			</report>
			<report>
				<misses>3156001</misses>
				<total>17</total>
				<timestamp>882.797890</timestamp>
			</report>
			<report>
				<misses>3157001</misses>
				<total>17</total>
				<timestamp>883.077600</timestamp>
			</report>
			<report>
				<misses>3158001</misses>
				<total>17</total>
				<timestamp>883.357330</timestamp>
			</report>
			<report>
				<misses>3159001</misses>
				<total>17</total>
				<timestamp>883.637040</timestamp>
			</report>
			<report>
				<misses>3160001</misses>
				<total>17</total>
				<timestamp>883.916854</timestamp>
			</report>
			<report>
				<misses>3161001</misses>
				<total>17</total>
				<timestamp>884.196489</timestamp>
			</report>
			<report>
				<misses>3162001</misses>
				<total>17</total>
				<timestamp>884.476211</timestamp>
			</report>
			<report>
				<misses>3163001</misses>
				<total>17</total>
				<timestamp>884.755981</timestamp>
			</report>
			<report>
				<misses>3164001</misses>
				<total>17</total>
				<timestamp>885.035669</timestamp>
			</report>
			<report>
				<misses>3165001</misses>
				<total>17</total>
				<timestamp>885.315368</timestamp>
			</report>
			<report>
				<misses>3166001</misses>
				<total>17</total>
				<timestamp>885.595102</timestamp>
			</report>
			<report>
				<misses>3167001</misses>
				<total>17</total>
				<timestamp>885.874859</timestamp>
			</report>
			<report>
				<misses>3168001</misses>
				<total>17</total>
				<timestamp>886.154555</timestamp>
			</report>
			<report>
				<misses>3169001</misses>
				<total>17</total>
				<timestamp>886.434295</timestamp>
			</report>
			<report>
				<misses>3170001</misses>
				<total>17</total>
				<timestamp>886.714062</timestamp>
			</report>
			<report>
				<misses>3171001</misses>
				<total>17</total>
				<timestamp>886.993757</timestamp>
			</report>
			<report>
				<misses>3172001</misses>
				<total>17</total>
				<timestamp>887.273410</timestamp>
			</report>
			<report>
				<misses>3173001</misses>
				<total>17</total>
				<timestamp>887.553133</timestamp>
			</report>
			<report>
				<misses>3174001</misses>
				<total>17</total>
				<timestamp>887.832889</timestamp>
			</report>
			<report>
				<misses>3175001</misses>
				<total>17</total>
				<timestamp>888.112590</timestamp>
			</report>
			<report>
				<misses>3176001</misses>
				<total>17</total>
				<timestamp>888.392317</timestamp>
			</report>
			<report>
				<misses>3177001</misses>
				<total>17</total>
				<timestamp>888.672029</timestamp>
			</report>
			<report>
				<misses>3178001</misses>
				<total>17</total>
				<timestamp>888.951814</timestamp>
			</report>
			<report>
				<misses>3179001</misses>
				<total>17</total>
				<timestamp>889.231545</timestamp>
			</report>
			<report>
				<misses>3180001</misses>
				<total>17</total>
				<timestamp>889.511168</timestamp>
			</report>
			<report>
				<misses>3181001</misses>
				<total>17</total>
				<timestamp>889.790967</timestamp>
			</report>
			<report>
				<misses>3182001</misses>
				<total>17</total>
				<timestamp>890.070605</timestamp>
			</report>
			<report>
				<misses>3183001</misses>
				<total>17</total>
				<timestamp>890.350319</timestamp>
			</report>
			<report>
				<misses>3184001</misses>
				<total>17</total>
				<timestamp>890.630113</timestamp>
			</report>
			<report>
				<misses>3185001</misses>
				<total>17</total>
				<timestamp>890.909848</timestamp>
			</report>
			<report>
				<misses>3186001</misses>
				<total>17</total>
				<timestamp>891.189511</timestamp>
			</report>
			<report>
				<misses>3187001</misses>
				<total>17</total>
				<timestamp>891.469231</timestamp>
			</report>
			<report>
				<misses>3188001</misses>
				<total>17</total>
				<timestamp>891.748997</timestamp>
			</report>
			<report>
				<misses>3189001</misses>
				<total>17</total>
				<timestamp>892.028704</timestamp>
			</report>
			<report>
				<misses>3190001</misses>
				<total>17</total>
				<timestamp>892.308396</timestamp>
			</report>
			<report>
				<misses>3191001</misses>
				<total>17</total>
				<timestamp>892.588093</timestamp>
			</report>
			<report>
				<misses>3192001</misses>
				<total>17</total>
				<timestamp>892.867901</timestamp>
			</report>
			<report>
				<misses>3193001</misses>
				<total>17</total>
				<timestamp>893.147534</timestamp>
			</report>
			<report>
				<misses>3194001</misses>
				<total>17</total>
				<timestamp>893.427281</timestamp>
			</report>
			<report>
				<misses>3195001</misses>
				<total>17</total>
				<timestamp>893.706978</timestamp>
			</report>
			<report>
				<misses>3196001</misses>
				<total>17</total>
				<timestamp>893.986750</timestamp>
			</report>
			<report>
				<misses>3197001</misses>
				<total>17</total>
				<timestamp>894.266430</timestamp>
			</report>
			<report>
				<misses>3198001</misses>
				<total>17</total>
				<timestamp>894.546140</timestamp>
			</report>
			<report>
				<misses>3199001</misses>
				<total>17</total>
				<timestamp>894.825889</timestamp>
			</report>
			<report>
				<misses>3200001</misses>
				<total>17</total>
				<timestamp>895.105580</timestamp>
			</report>
			<report>
				<misses>3201001</misses>
				<total>17</total>
				<timestamp>895.385331</timestamp>
			</report>
			<report>
				<misses>3202001</misses>
				<total>17</total>
				<timestamp>895.665051</timestamp>
			</report>
			<report>
				<misses>3203001</misses>
				<total>17</total>
				<timestamp>895.944800</timestamp>
			</report>
			<report>
				<misses>3204001</misses>
				<total>17</total>
				<timestamp>896.224441</timestamp>
			</report>
			<report>
				<misses>3205001</misses>
				<total>17</total>
				<timestamp>896.504169</timestamp>
			</report>
			<report>
				<misses>3206001</misses>
				<total>17</total>
				<timestamp>896.783949</timestamp>
			</report>
			<report>
				<misses>3207001</misses>
				<total>17</total>
				<timestamp>897.063613</timestamp>
			</report>
			<report>
				<misses>3208001</misses>
				<total>17</total>
				<timestamp>897.343326</timestamp>
			</report>
			<report>
				<misses>3209001</misses>
				<total>17</total>
				<timestamp>897.623053</timestamp>
			</report>
			<report>
				<misses>3210001</misses>
				<total>17</total>
				<timestamp>897.902832</timestamp>
			</report>
			<report>
				<misses>3211001</misses>
				<total>17</total>
				<timestamp>898.182486</timestamp>
			</report>
			<report>
				<misses>3212001</misses>
				<total>17</total>
				<timestamp>898.462260</timestamp>
			</report>
			<report>
				<misses>3213001</misses>
				<total>17</total>
				<timestamp>898.741953</timestamp>
			</report>
			<report>
				<misses>3214001</misses>
				<total>17</total>
				<timestamp>899.021656</timestamp>
			</report>
			<report>
				<misses>3215001</misses>
				<total>17</total>
				<timestamp>899.301364</timestamp>
			</report>
			<report>
				<misses>3216001</misses>
				<total>17</total>
				<timestamp>899.581088</timestamp>
			</report>
			<report>
				<misses>3217001</misses>
				<total>17</total>
				<timestamp>899.860832</timestamp>
			</report>
			<report>
				<misses>3218001</misses>
				<total>17</total>
				<timestamp>900.140560</timestamp>
			</report>
			<report>
				<misses>3219001</misses>
				<total>17</total>
				<timestamp>900.420246</timestamp>
			</report>
			<report>
				<misses>3220001</misses>
				<total>17</total>
				<timestamp>900.699963</timestamp>
			</report>
			<report>
				<misses>3221001</misses>
				<total>17</total>
				<timestamp>900.979769</timestamp>
			</report>
			<report>
				<misses>3222001</misses>
				<total>17</total>
				<timestamp>901.259402</timestamp>
			</report>
			<report>
				<misses>3223001</misses>
				<total>17</total>
				<timestamp>901.539158</timestamp>
			</report>
			<report>
				<misses>3224001</misses>
				<total>17</total>
				<timestamp>901.818863</timestamp>
			</report>
			<report>
				<misses>3225001</misses>
				<total>17</total>
				<timestamp>902.098564</timestamp>
			</report>
			<report>
				<misses>3226001</misses>
				<total>17</total>
				<timestamp>902.378383</timestamp>
			</report>
			<report>
				<misses>3227001</misses>
				<total>17</total>
				<timestamp>902.658070</timestamp>
			</report>
			<report>
				<misses>3228001</misses>
				<total>17</total>
				<timestamp>902.937766</timestamp>
			</report>
			<report>
				<misses>3229001</misses>
				<total>17</total>
				<timestamp>903.217452</timestamp>
			</report>
			<report>
				<misses>3230001</misses>
				<total>17</total>
				<timestamp>903.497224</timestamp>
			</report>
			<report>
				<misses>3231001</misses>
				<total>17</total>
				<timestamp>903.776907</timestamp>
			</report>
			<report>
				<misses>3232001</misses>
				<total>17</total>
				<timestamp>904.056658</timestamp>
			</report>
			<report>
				<misses>3233001</misses>
				<total>17</total>
				<timestamp>904.336368</timestamp>
			</report>
			<report>
				<misses>3234001</misses>
				<total>17</total>
				<timestamp>904.616128</timestamp>
			</report>
			<report>
				<misses>3235001</misses>
				<total>17</total>
				<timestamp>904.895799</timestamp>
			</report>
			<report>
				<misses>3236001</misses>
				<total>17</total>
				<timestamp>905.175476</timestamp>
			</report>
			<report>
				<misses>3237001</misses>
				<total>17</total>
				<timestamp>905.455255</timestamp>
			</report>
			<report>
				<misses>3238001</misses>
				<total>17</total>
				<timestamp>905.734945</timestamp>
			</report>
			<report>
				<misses>3239001</misses>
				<total>17</total>
				<timestamp>906.014707</timestamp>
			</report>
			<report>
				<misses>3240001</misses>
				<total>17</total>
				<timestamp>906.294373</timestamp>
			</report>
			<report>
				<misses>3241001</misses>
				<total>17</total>
				<timestamp>906.574090</timestamp>
			</report>
			<report>
				<misses>3242001</misses>
				<total>17</total>
				<timestamp>906.853868</timestamp>
			</report>
			<report>
				<misses>3243001</misses>
				<total>17</total>
				<timestamp>907.133518</timestamp>
			</report>
			<report>
				<misses>3244001</misses>
				<total>17</total>
				<timestamp>907.413246</timestamp>
			</report>
			<report>
				<misses>3245001</misses>
				<total>17</total>
				<timestamp>907.693004</timestamp>
			</report>
			<report>
				<misses>3246001</misses>
				<total>17</total>
				<timestamp>907.972697</timestamp>
			</report>
			<report>
				<misses>3247001</misses>
				<total>17</total>
				<timestamp>908.252406</timestamp>
			</report>
			<report>
				<misses>3248001</misses>
				<total>17</total>
				<timestamp>908.532143</timestamp>
			</report>
			<report>
				<misses>3249001</misses>
				<total>17</total>
				<timestamp>908.811881</timestamp>
			</report>
			<report>
				<misses>3250001</misses>
				<total>17</total>
				<timestamp>909.091571</timestamp>
			</report>
			<report>
				<misses>3251001</misses>
				<total>17</total>
				<timestamp>909.371322</timestamp>
			</report>
			<report>
				<misses>3252001</misses>
				<total>17</total>
				<timestamp>909.651014</timestamp>
			</report>
			<report>
				<misses>3253001</misses>
				<total>17</total>
				<timestamp>909.930749</timestamp>
			</report>
			<report>
				<misses>3254001</misses>
				<total>17</total>
				<timestamp>910.210440</timestamp>
			</report>
			<report>
				<misses>3255001</misses>
				<total>17</total>
				<timestamp>910.490174</timestamp>
			</report>
			<report>
				<misses>3256001</misses>
				<total>17</total>
				<timestamp>910.769907</timestamp>
			</report>
			<report>
				<misses>3257001</misses>
				<total>17</total>
				<timestamp>911.049658</timestamp>
			</report>
			<report>
				<misses>3258001</misses>
				<total>17</total>
				<timestamp>911.329362</timestamp>
			</report>
			<report>
				<misses>3259001</misses>
				<total>17</total>
				<timestamp>911.609060</timestamp>
			</report>
			<report>
				<misses>3260001</misses>
				<total>17</total>
				<timestamp>911.888833</timestamp>
			</report>
			<report>
				<misses>3261001</misses>
				<total>17</total>
				<timestamp>912.168497</timestamp>
			</report>
			<report>
				<misses>3262001</misses>
				<total>17</total>
				<timestamp>912.448216</timestamp>
			</report>
			<report>
				<misses>3263001</misses>
				<total>17</total>
				<timestamp>912.727947</timestamp>
			</report>
			<report>
				<misses>3264001</misses>
				<total>17</total>
				<timestamp>913.007707</timestamp>
			</report>
			<report>
				<misses>3265001</misses>
				<total>17</total>
				<timestamp>913.287379</timestamp>
			</report>
			<report>
				<misses>3266001</misses>
				<total>17</total>
				<timestamp>913.567108</timestamp>
			</report>
			<report>
				<misses>3267001</misses>
				<total>17</total>
				<timestamp>913.846878</timestamp>
			</report>
			<report>
				<misses>3268001</misses>
				<total>17</total>
				<timestamp>914.126530</timestamp>
			</report>
			<report>
				<misses>3269001</misses>
				<total>17</total>
				<timestamp>914.406247</timestamp>
			</report>
			<report>
				<misses>3270001</misses>
				<total>17</total>
				<timestamp>914.685979</timestamp>
			</report>
			<report>
				<misses>3271001</misses>
				<total>17</total>
				<timestamp>914.965718</timestamp>
			</report>
			<report>
				<misses>3272001</misses>
				<total>17</total>
				<timestamp>915.245410</timestamp>
			</report>
			<report>
				<misses>3273001</misses>
				<total>17</total>
				<timestamp>915.525178</timestamp>
			</report>
			<report>
				<misses>3274001</misses>
				<total>17</total>
				<timestamp>915.804851</timestamp>
			</report>
			<report>
				<misses>3275001</misses>
				<total>17</total>
				<timestamp>916.084610</timestamp>
			</report>
			<report>
				<misses>3276001</misses>
				<total>17</total>
				<timestamp>916.364306</timestamp>
			</report>
			<report>
				<misses>3277001</misses>
				<total>17</total>
				<timestamp>916.644038</timestamp>
			</report>
			<report>
				<misses>3278001</misses>
				<total>17</total>
				<timestamp>916.923769</timestamp>
			</report>
			<report>
				<misses>3279001</misses>
				<total>17</total>
				<timestamp>917.203442</timestamp>
			</report>
			<report>
				<misses>3280001</misses>
				<total>17</total>
				<timestamp>917.483226</timestamp>
			</report>
			<report>
				<misses>3281001</misses>
				<total>17</total>
				<timestamp>917.762919</timestamp>
			</report>
			<report>
				<misses>3282001</misses>
				<total>17</total>
				<timestamp>918.042728</timestamp>
			</report>
			<report>
				<misses>3283001</misses>
				<total>17</total>
				<timestamp>918.322320</timestamp>
			</report>
			<report>
				<misses>3284001</misses>
				<total>17</total>
				<timestamp>918.602049</timestamp>
			</report>
			<report>
				<misses>3285001</misses>
				<total>17</total>
				<timestamp>918.881772</timestamp>
			</report>
			<report>
				<misses>3286001</misses>
				<total>17</total>
				<timestamp>919.161477</timestamp>
			</report>
			<report>
				<misses>3287001</misses>
				<total>17</total>
				<timestamp>919.441222</timestamp>
			</report>
			<report>
				<misses>3288001</misses>
				<total>17</total>
				<timestamp>919.720950</timestamp>
			</report>
			<report>
				<misses>3289001</misses>
				<total>17</total>
				<timestamp>920.000699</timestamp>
			</report>
			<report>
				<misses>3290001</misses>
				<total>17</total>
				<timestamp>920.280380</timestamp>
			</report>
			<report>
				<misses>3291001</misses>
				<total>17</total>
				<timestamp>920.560148</timestamp>
			</report>
			<report>
				<misses>3292001</misses>
				<total>17</total>
				<timestamp>920.839861</timestamp>
			</report>
			<report>
				<misses>3293001</misses>
				<total>17</total>
				<timestamp>921.119599</timestamp>
			</report>
			<report>
				<misses>3294001</misses>
				<total>17</total>
				<timestamp>921.399255</timestamp>
			</report>
			<report>
				<misses>3295001</misses>
				<total>17</total>
				<timestamp>921.678973</timestamp>
			</report>
			<report>
				<misses>3296001</misses>
				<total>17</total>
				<timestamp>921.958824</timestamp>
			</report>
			<report>
				<misses>3297001</misses>
				<total>17</total>
				<timestamp>922.238405</timestamp>
			</report>
			<report>
				<misses>3298001</misses>
				<total>17</total>
				<timestamp>922.518156</timestamp>
			</report>
			<report>
				<misses>3299001</misses>
				<total>17</total>
				<timestamp>922.797860</timestamp>
			</report>
			<report>
				<misses>3300001</misses>
				<total>17</total>
				<timestamp>923.077590</timestamp>
			</report>
			<report>
				<misses>3301001</misses>
				<total>17</total>
				<timestamp>923.357304</timestamp>
			</report>
			<report>
				<misses>3302001</misses>
				<total>17</total>
				<timestamp>923.637008</timestamp>
			</report>
			<report>
				<misses>3303001</misses>
				<total>17</total>
				<timestamp>923.916753</timestamp>
			</report>
			<report>
				<misses>3304001</misses>
				<total>17</total>
				<timestamp>924.196449</timestamp>
			</report>
			<report>
				<misses>3305001</misses>
				<total>17</total>
				<timestamp>924.476193</timestamp>
			</report>
			<report>
				<misses>3306001</misses>
				<total>17</total>
				<timestamp>924.755929</timestamp>
			</report>
			<report>
				<misses>3307001</misses>
				<total>17</total>
				<timestamp>925.035663</timestamp>
			</report>
			<report>
				<misses>3308001</misses>
				<total>17</total>
				<timestamp>925.315412</timestamp>
			</report>
			<report>
				<misses>3309001</misses>
				<total>17</total>
				<timestamp>925.595065</timestamp>
			</report>
			<report>
				<misses>3310001</misses>
				<total>17</total>
				<timestamp>925.874797</timestamp>
			</report>
			<report>
				<misses>3311001</misses>
				<total>17</total>
				<timestamp>926.154551</timestamp>
			</report>
			<report>
				<misses>3312001</misses>
				<total>17</total>
				<timestamp>926.434245</timestamp>
			</report>
			<report>
				<misses>3313001</misses>
				<total>17</total>
				<timestamp>926.713922</timestamp>
			</report>
			<report>
				<misses>3314001</misses>
				<total>17</total>
				<timestamp>926.993720</timestamp>
			</report>
			<report>
				<misses>3315001</misses>
				<total>17</total>
				<timestamp>927.273385</timestamp>
			</report>
			<report>
				<misses>3316001</misses>
				<total>17</total>
				<timestamp>927.553093</timestamp>
			</report>
			<report>
				<misses>3317001</misses>
				<total>17</total>
				<timestamp>927.832799</timestamp>
			</report>
			<report>
				<misses>3318001</misses>
				<total>17</total>
				<timestamp>928.112629</timestamp>
			</report>
			<report>
				<misses>3319001</misses>
				<total>17</total>
				<timestamp>928.392270</timestamp>
			</report>
			<report>
				<misses>3320001</misses>
				<total>17</total>
				<timestamp>928.671982</timestamp>
			</report>
			<report>
				<misses>3321001</misses>
				<total>17</total>
				<timestamp>928.951769</timestamp>
			</report>
			<report>
				<misses>3322001</misses>
				<total>17</total>
				<timestamp>929.231426</timestamp>
			</report>
			<report>
				<misses>3323001</misses>
				<total>17</total>
				<timestamp>929.511149</timestamp>
			</report>
			<report>
				<misses>3324001</misses>
				<total>17</total>
				<timestamp>929.790837</timestamp>
			</report>
			<report>
				<misses>3325001</misses>
				<total>17</total>
				<timestamp>930.070648</timestamp>
			</report>
			<report>
				<misses>3326001</misses>
				<total>17</total>
				<timestamp>930.350296</timestamp>
			</report>
			<report>
				<misses>3327001</misses>
				<total>17</total>
				<timestamp>930.630034</timestamp>
			</report>
			<report>
				<misses>3328001</misses>
				<total>17</total>
				<timestamp>930.909762</timestamp>
			</report>
			<report>
				<misses>3329001</misses>
				<total>17</total>
				<timestamp>931.189472</timestamp>
			</report>
			<report>
				<misses>3330001</misses>
				<total>17</total>
				<timestamp>931.469179</timestamp>
			</report>
			<report>
				<misses>3331001</misses>
				<total>17</total>
				<timestamp>931.748926</timestamp>
			</report>
			<report>
				<misses>3332001</misses>
				<total>17</total>
				<timestamp>932.028667</timestamp>
			</report>
			<report>
				<misses>3333001</misses>
				<total>17</total>
				<timestamp>932.308344</timestamp>
			</report>
			<report>
				<misses>3334001</misses>
				<total>17</total>
				<timestamp>932.588100</timestamp>
			</report>
			<report>
				<misses>3335001</misses>
				<total>17</total>
				<timestamp>932.867792</timestamp>
			</report>
			<report>
				<misses>3336001</misses>
				<total>17</total>
				<timestamp>933.147573</timestamp>
			</report>
			<report>
				<misses>3337001</misses>
				<total>17</total>
				<timestamp>933.427204</timestamp>
			</report>
			<report>
				<misses>3338001</misses>
				<total>17</total>
				<timestamp>933.706954</timestamp>
			</report>
			<report>
				<misses>3339001</misses>
				<total>17</total>
				<timestamp>933.986730</timestamp>
			</report>
			<report>
				<misses>3340001</misses>
				<total>17</total>
				<timestamp>934.266367</timestamp>
			</report>
			<report>
				<misses>3341001</misses>
				<total>17</total>
				<timestamp>934.546116</timestamp>
			</report>
			<report>
				<misses>3342001</misses>
				<total>17</total>
				<timestamp>934.825813</timestamp>
			</report>
			<report>
				<misses>3343001</misses>
				<total>17</total>
				<timestamp>935.105571</timestamp>
			</report>
			<report>
				<misses>3344001</misses>
				<total>17</total>
				<timestamp>935.385241</timestamp>
			</report>
			<report>
				<misses>3345001</misses>
				<total>17</total>
				<timestamp>935.664980</timestamp>
			</report>
			<report>
				<misses>3346001</misses>
				<total>17</total>
				<timestamp>935.944751</timestamp>
			</report>
			<report>
				<misses>3347001</misses>
				<total>17</total>
				<timestamp>936.224405</timestamp>
			</report>
			<report>
				<misses>3348001</misses>
				<total>17</total>
				<timestamp>936.504127</timestamp>
			</report>
			<report>
				<misses>3349001</misses>
				<total>17</total>
				<timestamp>936.783899</timestamp>
			</report>
			<report>
				<misses>3350001</misses>
				<total>17</total>
				<timestamp>937.063692</timestamp>
			</report>
			<report>
				<misses>3351001</misses>
				<total>17</total>
				<timestamp>937.343307</timestamp>
			</report>
			<report>
				<misses>3352001</misses>
				<total>17</total>
				<timestamp>937.623011</timestamp>
			</report>
			<report>
				<misses>3353001</misses>
				<total>17</total>
				<timestamp>937.902732</timestamp>
			</report>
			<report>
				<misses>3354001</misses>
				<total>17</total>
				<timestamp>938.182590</timestamp>
			</report>
			<report>
				<misses>3355001</misses>
				<total>17</total>
				<timestamp>938.462166</timestamp>
			</report>
			<report>
				<misses>3356001</misses>
				<total>17</total>
				<timestamp>938.741942</timestamp>
			</report>
			<report>
				<misses>3357001</misses>
				<total>17</total>
				<timestamp>939.021622</timestamp>
			</report>
			<report>
				<misses>3358001</misses>
				<total>17</total>
				<timestamp>939.301340</timestamp>
			</report>
			<report>
				<misses>3359001</misses>
				<total>17</total>
				<timestamp>939.581084</timestamp>
			</report>
			<report>
				<misses>3360001</misses>
				<total>17</total>
				<timestamp>939.860786</timestamp>
			</report>
			<report>
				<misses>3361001</misses>
				<total>17</total>
				<timestamp>940.140570</timestamp>
			</report>
			<report>
				<misses>3362001</misses>
				<total>17</total>
				<timestamp>940.420203</timestamp>
			</report>
			<report>
				<misses>3363001</misses>
				<total>17</total>
				<timestamp>940.699960</timestamp>
			</report>
			<report>
				<misses>3364001</misses>
				<total>17</total>
				<timestamp>940.979672</timestamp>
			</report>
			<report>
				<misses>3365001</misses>
				<total>17</total>
				<timestamp>941.259373</timestamp>
			</report>
			<report>
				<misses>3366001</misses>
				<total>17</total>
				<timestamp>941.539099</timestamp>
			</report>
			<report>
				<misses>3367001</misses>
				<total>17</total>
				<timestamp>941.818837</timestamp>
			</report>
			<report>
				<misses>3368001</misses>
				<total>17</total>
				<timestamp>942.098592</timestamp>
			</report>
			<report>
				<misses>3369001</misses>
				<total>17</total>
				<timestamp>942.378257</timestamp>
			</report>
			<report>
				<misses>3370001</misses>
				<total>17</total>
				<timestamp>942.658077</timestamp>
			</report>
			<report>
				<misses>3371001</misses>
				<total>17</total>
				<timestamp>942.937711</timestamp>
			</report>
			<report>
				<misses>3372001</misses>
				<total>17</total>
				<timestamp>943.217542</timestamp>
			</report>
			<report>
				<misses>3373001</misses>
				<total>17</total>
				<timestamp>943.497167</timestamp>
			</report>
			<report>
				<misses>3374001</misses>
				<total>17</total>
				<timestamp>943.776956</timestamp>
			</report>
			<report>
				<misses>3375001</misses>
				<total>17</total>
				<timestamp>944.056645</timestamp>
			</report>
			<report>
				<misses>3376001</misses>
				<total>17</total>
				<timestamp>944.336276</timestamp>
			</report>
			<report>
				<misses>3377001</misses>
				<total>17</total>
				<timestamp>944.616019</timestamp>
			</report>
			<report>
				<misses>3378001</misses>
				<total>17</total>
				<timestamp>944.895725</timestamp>
			</report>
			<report>
				<misses>3379001</misses>
				<total>17</total>
				<timestamp>945.175586</timestamp>
			</report>
			<report>
				<misses>3380001</misses>
				<total>17</total>
				<timestamp>945.455171</timestamp>
			</report>
			<report>
				<misses>3381001</misses>
				<total>17</total>
				<timestamp>945.734937</timestamp>
			</report>
			<report>
				<misses>3382001</misses>
				<total>17</total>
				<timestamp>946.014598</timestamp>
			</report>
			<report>
				<misses>3383001</misses>
				<total>17</total>
				<timestamp>946.294319</timestamp>
			</report>
			<report>
				<misses>3384001</misses>
				<total>17</total>
				<timestamp>946.574039</timestamp>
			</report>
			<report>
				<misses>3385001</misses>
				<total>17</total>
				<timestamp>946.853776</timestamp>
			</report>
			<report>
				<misses>3386001</misses>
				<total>17</total>
				<timestamp>947.133584</timestamp>
			</report>
			<report>
				<misses>3387001</misses>
				<total>17</total>
				<timestamp>947.413312</timestamp>
			</report>
			<report>
				<misses>3388001</misses>
				<total>17</total>
				<timestamp>947.692955</timestamp>
			</report>
			<report>
				<misses>3389001</misses>
				<total>17</total>
				<timestamp>947.972661</timestamp>
			</report>
			<report>
				<misses>3390001</misses>
				<total>17</total>
				<timestamp>948.252479</timestamp>
			</report>
			<report>
				<misses>3391001</misses>
				<total>17</total>
				<timestamp>948.532172</timestamp>
			</report>
			<report>
				<misses>3392001</misses>
				<total>17</total>
				<timestamp>948.811817</timestamp>
			</report>
			<report>
				<misses>3393001</misses>
				<total>17</total>
				<timestamp>949.091626</timestamp>
			</report>
			<report>
				<misses>3394001</misses>
				<total>17</total>
				<timestamp>949.371253</timestamp>
			</report>
			<report>
				<misses>3395001</misses>
				<total>17</total>
				<timestamp>949.650969</timestamp>
			</report>
			<report>
				<misses>3396001</misses>
				<total>17</total>
				<timestamp>949.930766</timestamp>
			</report>
			<report>
				<misses>3397001</misses>
				<total>17</total>
				<timestamp>950.210549</timestamp>
			</report>
			<report>
				<misses>3398001</misses>
				<total>17</total>
				<timestamp>950.490205</timestamp>
			</report>
			<report>
				<misses>3399001</misses>
				<total>17</total>
				<timestamp>950.769929</timestamp>
			</report>
			<report>
				<misses>3400001</misses>
				<total>17</total>
				<timestamp>951.049646</timestamp>
			</report>
			<report>
				<misses>3401001</misses>
				<total>17</total>
				<timestamp>951.329413</timestamp>
			</report>
			<report>
				<misses>3402001</misses>
				<total>17</total>
				<timestamp>951.609035</timestamp>
			</report>
			<report>
				<misses>3403001</misses>
				<total>17</total>
				<timestamp>951.888741</timestamp>
			</report>
			<report>
				<misses>3404001</misses>
				<total>17</total>
				<timestamp>952.168530</timestamp>
			</report>
			<report>
				<misses>3405001</misses>
				<total>17</total>
				<timestamp>952.448199</timestamp>
			</report>
			<report>
				<misses>3406001</misses>
				<total>17</total>
				<timestamp>952.727980</timestamp>
			</report>
			<report>
				<misses>3407001</misses>
				<total>17</total>
				<timestamp>953.007599</timestamp>
			</report>
			<report>
				<misses>3408001</misses>
				<total>17</total>
				<timestamp>953.287334</timestamp>
			</report>
			<report>
				<misses>3409001</misses>
				<total>17</total>
				<timestamp>953.567074</timestamp>
			</report>
			<report>
				<misses>3410001</misses>
				<total>17</total>
				<timestamp>953.846880</timestamp>
			</report>
			<report>
				<misses>3411001</misses>
				<total>17</total>
				<timestamp>954.126564</timestamp>
			</report>
			<report>
				<misses>3412001</misses>
				<total>17</total>
				<timestamp>954.406213</timestamp>
			</report>
			<report>
				<misses>3413001</misses>
				<total>17</total>
				<timestamp>954.685968</timestamp>
			</report>
			<report>
				<misses>3414001</misses>
				<total>17</total>
				<timestamp>954.965651</timestamp>
			</report>
			<report>
				<misses>3415001</misses>
				<total>17</total>
				<timestamp>955.245501</timestamp>
			</report>
			<report>
				<misses>3416001</misses>
				<total>17</total>
				<timestamp>955.525170</timestamp>
			</report>
			<report>
				<misses>3417001</misses>
				<total>17</total>
				<timestamp>955.804881</timestamp>
			</report>
			<report>
				<misses>3418001</misses>
				<total>17</total>
				<timestamp>956.084632</timestamp>
			</report>
			<report>
				<misses>3419001</misses>
				<total>17</total>
				<timestamp>956.364242</timestamp>
			</report>
			<report>
				<misses>3420001</misses>
				<total>17</total>
				<timestamp>956.644039</timestamp>
			</report>
			<report>
				<misses>3421001</misses>
				<total>17</total>
				<timestamp>956.923700</timestamp>
			</report>
			<report>
				<misses>3422001</misses>
				<total>17</total>
				<timestamp>957.203459</timestamp>
			</report>
			<report>
				<misses>3423001</misses>
				<total>17</total>
				<timestamp>957.483211</timestamp>
			</report>
			<report>
				<misses>3424001</misses>
				<total>17</total>
				<timestamp>957.762952</timestamp>
			</report>
			<report>
				<misses>3425001</misses>
				<total>17</total>
				<timestamp>958.042672</timestamp>
			</report>
			<report>
				<misses>3426001</misses>
				<total>17</total>
				<timestamp>958.322374</timestamp>
			</report>
			<report>
				<misses>3427001</misses>
				<total>17</total>
				<timestamp>958.602136</timestamp>
			</report>
			<report>
				<misses>3428001</misses>
				<total>17</total>
				<timestamp>958.881833</timestamp>
			</report>
			<report>
				<misses>3429001</misses>
				<total>17</total>
				<timestamp>959.161523</timestamp>
			</report>
			<report>
				<misses>3430001</misses>
				<total>17</total>
				<timestamp>959.441308</timestamp>
			</report>
			<report>
				<misses>3431001</misses>
				<total>17</total>
				<timestamp>959.721024</timestamp>
			</report>
			<report>
				<misses>3432001</misses>
				<total>17</total>
				<timestamp>960.000623</timestamp>
			</report>
			<report>
				<misses>3433001</misses>
				<total>17</total>
				<timestamp>960.280406</timestamp>
			</report>
			<report>
				<misses>3434001</misses>
				<total>17</total>
				<timestamp>960.560058</timestamp>
			</report>
			<report>
				<misses>3435001</misses>
				<total>17</total>
				<timestamp>960.839780</timestamp>
			</report>
			<report>
				<misses>3436001</misses>
				<total>17</total>
				<timestamp>961.119502</timestamp>
			</report>
			<report>
				<misses>3437001</misses>
				<total>17</total>
				<timestamp>961.399211</timestamp>
			</report>
			<report>
				<misses>3438001</misses>
				<total>17</total>
				<timestamp>961.678914</timestamp>
			</report>
			<report>
				<misses>3439001</misses>
				<total>17</total>
				<timestamp>961.958668</timestamp>
			</report>
			<report>
				<misses>3440001</misses>
				<total>17</total>
				<timestamp>962.238439</timestamp>
			</report>
			<report>
				<misses>3441001</misses>
				<total>17</total>
				<timestamp>962.518172</timestamp>
			</report>
			<report>
				<misses>3442001</misses>
				<total>17</total>
				<timestamp>962.797843</timestamp>
			</report>
			<report>
				<misses>3443001</misses>
				<total>17</total>
				<timestamp>963.077600</timestamp>
			</report>
			<report>
				<misses>3444001</misses>
				<total>17</total>
				<timestamp>963.357408</timestamp>
			</report>
			<report>
				<misses>3445001</misses>
				<total>17</total>
				<timestamp>963.637059</timestamp>
			</report>
			<report>
				<misses>3446001</misses>
				<total>17</total>
				<timestamp>963.916745</timestamp>
			</report>
			<report>
				<misses>3447001</misses>
				<total>17</total>
				<timestamp>964.196537</timestamp>
			</report>
			<report>
				<misses>3448001</misses>
				<total>17</total>
				<timestamp>964.476109</timestamp>
			</report>
			<report>
				<misses>3449001</misses>
				<total>17</total>
				<timestamp>964.755878</timestamp>
			</report>
			<report>
				<misses>3450001</misses>
				<total>17</total>
				<timestamp>965.035565</timestamp>
			</report>
			<report>
				<misses>3451001</misses>
				<total>17</total>
				<timestamp>965.315432</timestamp>
			</report>
			<report>
				<misses>3452001</misses>
				<total>17</total>
				<timestamp>965.595076</timestamp>
			</report>
			<report>
				<misses>3453001</misses>
				<total>17</total>
				<timestamp>965.874875</timestamp>
			</report>
			<report>
				<misses>3454001</misses>
				<total>17</total>
				<timestamp>966.154580</timestamp>
			</report>
			<report>
				<misses>3455001</misses>
				<total>17</total>
				<timestamp>966.434168</timestamp>
			</report>
			<report>
				<misses>3456001</misses>
				<total>17</total>
				<timestamp>966.713880</timestamp>
			</report>
			<report>
				<misses>3457001</misses>
				<total>17</total>
				<timestamp>966.993665</timestamp>
			</report>
			<report>
				<misses>3458001</misses>
				<total>17</total>
				<timestamp>967.273428</timestamp>
			</report>
			<report>
				<misses>3459001</misses>
				<total>17</total>
				<timestamp>967.553148</timestamp>
			</report>
			<report>
				<misses>3460001</misses>
				<total>17</total>
				<timestamp>967.832777</timestamp>
			</report>
			<report>
				<misses>3461001</misses>
				<total>17</total>
				<timestamp>968.112518</timestamp>
			</report>
			<report>
				<misses>3462001</misses>
				<total>17</total>
				<timestamp>968.392297</timestamp>
			</report>
			<report>
				<misses>3463001</misses>
				<total>17</total>
				<timestamp>968.671981</timestamp>
			</report>
			<report>
				<misses>3464001</misses>
				<total>17</total>
				<timestamp>968.951732</timestamp>
			</report>
			<report>
				<misses>3465001</misses>
				<total>17</total>
				<timestamp>969.231404</timestamp>
			</report>
			<report>
				<misses>3466001</misses>
				<total>17</total>
				<timestamp>969.511120</timestamp>
			</report>
			<report>
				<misses>3467001</misses>
				<total>17</total>
				<timestamp>969.790924</timestamp>
			</report>
			<report>
				<misses>3468001</misses>
				<total>17</total>
				<timestamp>970.070554</timestamp>
			</report>
			<report>
				<misses>3469001</misses>
				<total>17</total>
				<timestamp>970.350369</timestamp>
			</report>
			<report>
				<misses>3470001</misses>
				<total>17</total>
				<timestamp>970.629998</timestamp>
			</report>
			<report>
				<misses>3471001</misses>
				<total>17</total>
				<timestamp>970.909710</timestamp>
			</report>
			<report>
				<misses>3472001</misses>
				<total>17</total>
				<timestamp>971.189431</timestamp>
			</report>
			<report>
				<misses>3473001</misses>
				<total>17</total>
				<timestamp>971.469138</timestamp>
			</report>
			<report>
				<misses>3474001</misses>
				<total>17</total>
				<timestamp>971.748865</timestamp>
			</report>
			<report>
				<misses>3475001</misses>
				<total>17</total>
				<timestamp>972.028571</timestamp>
			</report>
			<report>
				<misses>3476001</misses>
				<total>17</total>
				<timestamp>972.308307</timestamp>
			</report>
			<report>
				<misses>3477001</misses>
				<total>17</total>
				<timestamp>972.588053</timestamp>
			</report>
			<report>
				<misses>3478001</misses>
				<total>17</total>
				<timestamp>972.867749</timestamp>
			</report>
			<report>
				<misses>3479001</misses>
				<total>17</total>
				<timestamp>973.147522</timestamp>
			</report>
			<report>
				<misses>3480001</misses>
				<total>17</total>
				<timestamp>973.427160</timestamp>
			</report>
			<report>
				<misses>3481001</misses>
				<total>17</total>
				<timestamp>973.706893</timestamp>
			</report>
			<report>
				<misses>3482001</misses>
				<total>17</total>
				<timestamp>973.986623</timestamp>
			</report>
			<report>
				<misses>3483001</misses>
				<total>17</total>
				<timestamp>974.266332</timestamp>
			</report>
			<report>
				<misses>3484001</misses>
				<total>17</total>
				<timestamp>974.546059</timestamp>
			</report>
			<report>
				<misses>3485001</misses>
				<total>17</total>
				<timestamp>974.825779</timestamp>
			</report>
			<report>
				<misses>3486001</misses>
				<total>17</total>
				<timestamp>975.105491</timestamp>
			</report>
			<report>
				<misses>3487001</misses>
				<total>17</total>
				<timestamp>975.385226</timestamp>
			</report>
			<report>
				<misses>3488001</misses>
				<total>17</total>
				<timestamp>975.665000</timestamp>
			</report>
			<report>
				<misses>3489001</misses>
				<total>17</total>
				<timestamp>975.944643</timestamp>
			</report>
			<report>
				<misses>3490001</misses>
				<total>17</total>
				<timestamp>976.224447</timestamp>
			</report>
			<report>
				<misses>3491001</misses>
				<total>17</total>
				<timestamp>976.504105</timestamp>
			</report>
			<report>
				<misses>3492001</misses>
				<total>17</total>
				<timestamp>976.783821</timestamp>
			</report>
			<report>
				<misses>3493001</misses>
				<total>17</total>
				<timestamp>977.063541</timestamp>
			</report>
			<report>
				<misses>3494001</misses>
				<total>17</total>
				<timestamp>977.343269</timestamp>
			</report>
			<report>
				<misses>3495001</misses>
				<total>17</total>
				<timestamp>977.622968</timestamp>
			</report>
			<report>
				<misses>3496001</misses>
				<total>17</total>
				<timestamp>977.902728</timestamp>
			</report>
			<report>
				<misses>3497001</misses>
				<total>17</total>
				<timestamp>978.182433</timestamp>
			</report>
			<report>
				<misses>3498001</misses>
				<total>17</total>
				<timestamp>978.462145</timestamp>
			</report>
			<report>
				<misses>3499001</misses>
				<total>17</total>
				<timestamp>978.741878</timestamp>
			</report>
			<report>
				<misses>3500001</misses>
				<total>17</total>
				<timestamp>979.021590</timestamp>
			</report>
			<report>
				<misses>3501001</misses>
				<total>17</total>
				<timestamp>979.301348</timestamp>
			</report>
			<report>
				<misses>3502001</misses>
				<total>17</total>
				<timestamp>979.581040</timestamp>
			</report>
			<report>
				<misses>3503001</misses>
				<total>17</total>
				<timestamp>979.860756</timestamp>
			</report>
			<report>
				<misses>3504001</misses>
				<total>17</total>
				<timestamp>980.140477</timestamp>
			</report>
			<report>
				<misses>3505001</misses>
				<total>17</total>
				<timestamp>980.420178</timestamp>
			</report>
			<report>
				<misses>3506001</misses>
				<total>17</total>
				<timestamp>980.699899</timestamp>
			</report>
			<report>
				<misses>3507001</misses>
				<total>17</total>
				<timestamp>980.979609</timestamp>
			</report>
			<report>
				<misses>3508001</misses>
				<total>17</total>
				<timestamp>981.259397</timestamp>
			</report>
			<report>
				<misses>3509001</misses>
				<total>17</total>
				<timestamp>981.539204</timestamp>
			</report>
			<report>
				<misses>3510001</misses>
				<total>17</total>
				<timestamp>981.818782</timestamp>
			</report>
			<report>
				<misses>3511001</misses>
				<total>17</total>
				<timestamp>982.098544</timestamp>
			</report>
			<report>
				<misses>3512001</misses>
				<total>17</total>
				<timestamp>982.378329</timestamp>
			</report>
			<report>
				<misses>3513001</misses>
				<total>17</total>
				<timestamp>982.657914</timestamp>
			</report>
			<report>
				<misses>3514001</misses>
				<total>17</total>
				<timestamp>982.937654</timestamp>
			</report>
			<report>
				<misses>3515001</misses>
				<total>17</total>
				<timestamp>983.217449</timestamp>
			</report>
			<report>
				<misses>3516001</misses>
				<total>17</total>
				<timestamp>983.497084</timestamp>
			</report>
			<report>
				<misses>3517001</misses>
				<total>17</total>
				<timestamp>983.776805</timestamp>
			</report>
			<report>
				<misses>3518001</misses>
				<total>17</total>
				<timestamp>984.056527</timestamp>
			</report>
			<report>
				<misses>3519001</misses>
				<total>17</total>
				<timestamp>984.336256</timestamp>
			</report>
			<report>
				<misses>3520001</misses>
				<total>17</total>
				<timestamp>984.615972</timestamp>
			</report>
			<report>
				<misses>3521001</misses>
				<total>17</total>
				<timestamp>984.895701</timestamp>
			</report>
			<report>
				<misses>3522001</misses>
				<total>17</total>
				<timestamp>985.175419</timestamp>
			</report>
			<report>
				<misses>3523001</misses>
				<total>17</total>
				<timestamp>985.455190</timestamp>
			</report>
			<report>
				<misses>3524001</misses>
				<total>17</total>
				<timestamp>985.734862</timestamp>
			</report>
			<report>
				<misses>3525001</misses>
				<total>17</total>
				<timestamp>986.014607</timestamp>
			</report>
			<report>
				<misses>3526001</misses>
				<total>17</total>
				<timestamp>986.294410</timestamp>
			</report>
			<report>
				<misses>3527001</misses>
				<total>17</total>
				<timestamp>986.574000</timestamp>
			</report>
			<report>
				<misses>3528001</misses>
				<total>17</total>
				<timestamp>986.853739</timestamp>
			</report>
			<report>
				<misses>3529001</misses>
				<total>17</total>
				<timestamp>987.133461</timestamp>
			</report>
			<report>
				<misses>3530001</misses>
				<total>17</total>
				<timestamp>987.413273</timestamp>
			</report>
			<report>
				<misses>3531001</misses>
				<total>17</total>
				<timestamp>987.692886</timestamp>
			</report>
			<report>
				<misses>3532001</misses>
				<total>17</total>
				<timestamp>987.972620</timestamp>
			</report>
			<report>
				<misses>3533001</misses>
				<total>17</total>
				<timestamp>988.252380</timestamp>
			</report>
			<report>
				<misses>3534001</misses>
				<total>17</total>
				<timestamp>988.532079</timestamp>
			</report>
			<report>
				<misses>3535001</misses>
				<total>17</total>
				<timestamp>988.811774</timestamp>
			</report>
			<report>
				<misses>3536001</misses>
				<total>17</total>
				<timestamp>989.091502</timestamp>
			</report>
			<report>
				<misses>3537001</misses>
				<total>17</total>
				<timestamp>989.371206</timestamp>
			</report>
			<report>
				<misses>3538001</misses>
				<total>17</total>
				<timestamp>989.650947</timestamp>
			</report>
			<report>
				<misses>3539001</misses>
				<total>17</total>
				<timestamp>989.930645</timestamp>
			</report>
			<report>
				<misses>3540001</misses>
				<total>17</total>
				<timestamp>990.210365</timestamp>
			</report>
			<report>
				<misses>3541001</misses>
				<total>17</total>
				<timestamp>990.490110</timestamp>
			</report>
			<report>
				<misses>3542001</misses>
				<total>17</total>
				<timestamp>990.769819</timestamp>
			</report>
			<report>
				<misses>3543001</misses>
				<total>17</total>
				<timestamp>991.049538</timestamp>
			</report>
			<report>
				<misses>3544001</misses>
				<total>17</total>
				<timestamp>991.329393</timestamp>
			</report>
			<report>
				<misses>3545001</misses>
				<total>17</total>
				<timestamp>991.608975</timestamp>
			</report>
			<report>
				<misses>3546001</misses>
				<total>17</total>
				<timestamp>991.888709</timestamp>
			</report>
			<report>
				<misses>3547001</misses>
				<total>17</total>
				<timestamp>992.168438</timestamp>
			</report>
			<report>
				<misses>3548001</misses>
				<total>17</total>
				<timestamp>992.448195</timestamp>
			</report>
			<report>
				<misses>3549001</misses>
				<total>17</total>
				<timestamp>992.727857</timestamp>
			</report>
			<report>
				<misses>3550001</misses>
				<total>17</total>
				<timestamp>993.007582</timestamp>
			</report>
			<report>
				<misses>3551001</misses>
				<total>17</total>
				<timestamp>993.287330</timestamp>
			</report>
			<report>
				<misses>3552001</misses>
				<total>17</total>
				<timestamp>993.567060</timestamp>
			</report>
			<report>
				<misses>3553001</misses>
				<total>17</total>
				<timestamp>993.846753</timestamp>
			</report>
			<report>
				<misses>3554001</misses>
				<total>17</total>
				<timestamp>994.126472</timestamp>
			</report>
			<report>
				<misses>3555001</misses>
				<total>17</total>
				<timestamp>994.406261</timestamp>
			</report>
			<report>
				<misses>3556001</misses>
				<total>17</total>
				<timestamp>994.685898</timestamp>
			</report>
			<report>
				<misses>3557001</misses>
				<total>17</total>
				<timestamp>994.965645</timestamp>
			</report>
			<report>
				<misses>3558001</misses>
				<total>17</total>
				<timestamp>995.245375</timestamp>
			</report>
			<report>
				<misses>3559001</misses>
				<total>17</total>
				<timestamp>995.525078</timestamp>
			</report>
			<report>
				<misses>3560001</misses>
				<total>17</total>
				<timestamp>995.804824</timestamp>
			</report>
			<report>
				<misses>3561001</misses>
				<total>17</total>
				<timestamp>996.084561</timestamp>
			</report>
			<report>
				<misses>3562001</misses>
				<total>17</total>
				<timestamp>996.364276</timestamp>
			</report>
			<report>
				<misses>3563001</misses>
				<total>17</total>
				<timestamp>996.643932</timestamp>
			</report>
			<report>
				<misses>3564001</misses>
				<total>17</total>
				<timestamp>996.923674</timestamp>
			</report>
			<report>
				<misses>3565001</misses>
				<total>17</total>
				<timestamp>997.203416</timestamp>
			</report>
			<report>
				<misses>3566001</misses>
				<total>17</total>
				<timestamp>997.483146</timestamp>
			</report>
			<report>
				<misses>3567001</misses>
				<total>17</total>
				<timestamp>997.762804</timestamp>
			</report>
			<report>
				<misses>3568001</misses>
				<total>17</total>
				<timestamp>998.042589</timestamp>
			</report>
			<report>
				<misses>3569001</misses>
				<total>17</total>
				<timestamp>998.322330</timestamp>
			</report>
			<report>
				<misses>3570001</misses>
				<total>17</total>
				<timestamp>998.601963</timestamp>
			</report>
			<report>
				<misses>3571001</misses>
				<total>17</total>
				<timestamp>998.881702</timestamp>
			</report>
			<report>
				<misses>3572001</misses>
				<total>17</total>
				<timestamp>999.161423</timestamp>
			</report>
			<report>
				<misses>3573001</misses>
				<total>17</total>
				<timestamp>999.441148</timestamp>
			</report>
			<report>
				<misses>3574001</misses>
				<total>17</total>
				<timestamp>999.720867</timestamp>
			</report>
			<report>
				<misses>3575001</misses>
				<total>17</total>
				<timestamp>1000.000587</timestamp>
			</report>
			<report>
				<misses>3576001</misses>
				<total>17</total>
				<timestamp>1000.280323</timestamp>
			</report>
			<report>
				<misses>3577001</misses>
				<total>17</total>
				<timestamp>1000.560032</timestamp>
			</report>
			<report>
				<misses>3578001</misses>
				<total>17</total>
				<timestamp>1000.839744</timestamp>
			</report>
			<report>
				<misses>3579001</misses>
				<total>17</total>
				<timestamp>1001.119445</timestamp>
			</report>
			<report>
				<misses>3580001</misses>
				<total>17</total>
				<timestamp>1001.399204</timestamp>
			</report>
			<report>
				<misses>3581001</misses>
				<total>17</total>
				<timestamp>1001.678889</timestamp>
			</report>
			<report>
				<misses>3582001</misses>
				<total>17</total>
				<timestamp>1001.958624</timestamp>
			</report>
			<report>
				<misses>3583001</misses>
				<total>17</total>
				<timestamp>1002.238349</timestamp>
			</report>
			<report>
				<misses>3584001</misses>
				<total>17</total>
				<timestamp>1002.518128</timestamp>
			</report>
			<report>
				<misses>3585001</misses>
				<total>17</total>
				<timestamp>1002.797757</timestamp>
			</report>
			<report>
				<misses>3586001</misses>
				<total>17</total>
				<timestamp>1003.077486</timestamp>
			</report>
			<report>
				<misses>3587001</misses>
				<total>17</total>
				<timestamp>1003.357250</timestamp>
			</report>
			<report>
				<misses>3588001</misses>
				<total>17</total>
				<timestamp>1003.636940</timestamp>
			</report>
			<report>
				<misses>3589001</misses>
				<total>17</total>
				<timestamp>1003.916667</timestamp>
			</report>
			<report>
				<misses>3590001</misses>
				<total>17</total>
				<timestamp>1004.196416</timestamp>
			</report>
			<report>
				<misses>3591001</misses>
				<total>17</total>
				<timestamp>1004.476215</timestamp>
			</report>
			<report>
				<misses>3592001</misses>
				<total>17</total>
				<timestamp>1004.755830</timestamp>
			</report>
			<report>
				<misses>3593001</misses>
				<total>17</total>
				<timestamp>1005.035521</timestamp>
			</report>
			<report>
				<misses>3594001</misses>
				<total>17</total>
				<timestamp>1005.315296</timestamp>
			</report>
			<report>
				<misses>3595001</misses>
				<total>17</total>
				<timestamp>1005.594975</timestamp>
			</report>
			<report>
				<misses>3596001</misses>
				<total>17</total>
				<timestamp>1005.874728</timestamp>
			</report>
			<report>
				<misses>3597001</misses>
				<total>17</total>
				<timestamp>1006.154411</timestamp>
			</report>
			<report>
				<misses>3598001</misses>
				<total>17</total>
				<timestamp>1006.434214</timestamp>
			</report>
			<report>
				<misses>3599001</misses>
				<total>17</total>
				<timestamp>1006.713861</timestamp>
			</report>
			<report>
				<misses>3600001</misses>
				<total>17</total>
				<timestamp>1006.993585</timestamp>
			</report>
			<report>
				<misses>3601001</misses>
				<total>17</total>
				<timestamp>1007.273374</timestamp>
			</report>
			<report>
				<misses>3602001</misses>
				<total>17</total>
				<timestamp>1007.553056</timestamp>
			</report>
			<report>
				<misses>3603001</misses>
				<total>17</total>
				<timestamp>1007.832761</timestamp>
			</report>
			<report>
				<misses>3604001</misses>
				<total>17</total>
				<timestamp>1008.112515</timestamp>
			</report>
			<report>
				<misses>3605001</misses>
				<total>17</total>
				<timestamp>1008.392246</timestamp>
			</report>
			<report>
				<misses>3606001</misses>
				<total>17</total>
				<timestamp>1008.671905</timestamp>
			</report>
			<report>
				<misses>3607001</misses>
				<total>17</total>
				<timestamp>1008.951626</timestamp>
			</report>
			<report>
				<misses>3608001</misses>
				<total>17</total>
				<timestamp>1009.231343</timestamp>
			</report>
			<report>
				<misses>3609001</misses>
				<total>17</total>
				<timestamp>1009.511090</timestamp>
			</report>
			<report>
				<misses>3610001</misses>
				<total>17</total>
				<timestamp>1009.790794</timestamp>
			</report>
			<report>
				<misses>3611001</misses>
				<total>17</total>
				<timestamp>1010.070526</timestamp>
			</report>
			<report>
				<misses>3612001</misses>
				<total>17</total>
				<timestamp>1010.350320</timestamp>
			</report>
			<report>
				<misses>3613001</misses>
				<total>17</total>
				<timestamp>1010.630002</timestamp>
			</report>
			<report>
				<misses>3614001</misses>
				<total>17</total>
				<timestamp>1010.909650</timestamp>
			</report>
			<report>
				<misses>3615001</misses>
				<total>17</total>
				<timestamp>1011.189380</timestamp>
			</report>
			<report>
				<misses>3616001</misses>
				<total>17</total>
				<timestamp>1011.469163</timestamp>
			</report>
			<report>
				<misses>3617001</misses>
				<total>17</total>
				<timestamp>1011.748826</timestamp>
			</report>
			<report>
				<misses>3618001</misses>
				<total>17</total>
				<timestamp>1012.028530</timestamp>
			</report>
			<report>
				<misses>3619001</misses>
				<total>17</total>
				<timestamp>1012.308241</timestamp>
			</report>
			<report>
				<misses>3620001</misses>
				<total>17</total>
				<timestamp>1012.588037</timestamp>
			</report>
			<report>
				<misses>3621001</misses>
				<total>17</total>
				<timestamp>1012.867718</timestamp>
			</report>
			<report>
				<misses>3622001</misses>
				<total>17</total>
				<timestamp>1013.147410</timestamp>
			</report>
			<report>
				<misses>3623001</misses>
				<total>17</total>
				<timestamp>1013.427194</timestamp>
			</report>
			<report>
				<misses>3624001</misses>
				<total>17</total>
				<timestamp>1013.706874</timestamp>
			</report>
			<report>
				<misses>3625001</misses>
				<total>17</total>
				<timestamp>1013.986591</timestamp>
			</report>
			<report>
				<misses>3626001</misses>
				<total>17</total>
				<timestamp>1014.266337</timestamp>
			</report>
			<report>
				<misses>3627001</misses>
				<total>17</total>
				<timestamp>1014.546027</timestamp>
			</report>
			<report>
				<misses>3628001</misses>
				<total>17</total>
				<timestamp>1014.825785</timestamp>
			</report>
			<report>
				<misses>3629001</misses>
				<total>17</total>
				<timestamp>1015.105455</timestamp>
			</report>
			<report>
				<misses>3630001</misses>
				<total>17</total>
				<timestamp>1015.385264</timestamp>
			</report>
			<report>
				<misses>3631001</misses>
				<total>17</total>
				<timestamp>1015.664890</timestamp>
			</report>
			<report>
				<misses>3632001</misses>
				<total>19</total>
				<timestamp>1015.944615</timestamp>
			</report>
			<report>
				<misses>3633001</misses>
				<total>19</total>
				<timestamp>1016.224354</timestamp>
			</report>
			<report>
				<misses>3634001</misses>
				<total>19</total>
				<timestamp>1016.504049</timestamp>
			</report>
			<report>
				<misses>3635001</misses>
				<total>19</total>
				<timestamp>1016.783778</timestamp>
			</report>
			<report>
				<misses>3636001</misses>
				<total>19</total>
				<timestamp>1017.063484</timestamp>
			</report>
			<report>
				<misses>3637001</misses>
				<total>19</total>
				<timestamp>1017.343289</timestamp>
			</report>
			<report>
				<misses>3638001</misses>
				<total>19</total>
				<timestamp>1017.622962</timestamp>
			</report>
			<report>
				<misses>3639001</misses>
				<total>19</total>
				<timestamp>1017.902663</timestamp>
			</report>
			<report>
				<misses>3640001</misses>
				<total>19</total>
				<timestamp>1018.182364</timestamp>
			</report>
			<report>
				<misses>3641001</misses>
				<total>19</total>
				<timestamp>1018.462184</timestamp>
			</report>
			<report>
				<misses>3642001</misses>
				<total>19</total>
				<timestamp>1018.741828</timestamp>
			</report>
			<report>
				<misses>3643001</misses>
				<total>19</total>
				<timestamp>1019.021526</timestamp>
			</report>
			<report>
				<misses>3644001</misses>
				<total>19</total>
				<timestamp>1019.301245</timestamp>
			</report>
			<report>
				<misses>3645001</misses>
				<total>19</total>
				<timestamp>1019.581004</timestamp>
			</report>
			<report>
				<misses>3646001</misses>
				<total>19</total>
				<timestamp>1019.860764</timestamp>
			</report>
			<report>
				<misses>3647001</misses>
				<total>19</total>
				<timestamp>1020.140415</timestamp>
			</report>
			<report>
				<misses>3648001</misses>
				<total>19</total>
				<timestamp>1020.420151</timestamp>
			</report>
			<report>
				<misses>3649001</misses>
				<total>19</total>
				<timestamp>1020.699859</timestamp>
			</report>
			<report>
				<misses>3650001</misses>
				<total>19</total>
				<timestamp>1020.979601</timestamp>
			</report>
			<report>
				<misses>3651001</misses>
				<total>19</total>
				<timestamp>1021.259294</timestamp>
			</report>
			<report>
				<misses>3652001</misses>
				<total>19</total>
				<timestamp>1021.539002</timestamp>
			</report>
			<report>
				<misses>3653001</misses>
				<total>19</total>
				<timestamp>1021.818731</timestamp>
			</report>
			<report>
				<misses>3654001</misses>
				<total>19</total>
				<timestamp>1022.098451</timestamp>
			</report>
			<report>
				<misses>3655001</misses>
				<total>19</total>
				<timestamp>1022.378239</timestamp>
			</report>
			<report>
				<misses>3656001</misses>
				<total>19</total>
				<timestamp>1022.657912</timestamp>
			</report>
			<report>
				<misses>3657001</misses>
				<total>19</total>
				<timestamp>1022.937611</timestamp>
			</report>
			<report>
				<misses>3658001</misses>
				<total>19</total>
				<timestamp>1023.217345</timestamp>
			</report>
			<report>
				<misses>3659001</misses>
				<total>19</total>
				<timestamp>1023.497156</timestamp>
			</report>
			<report>
				<misses>3660001</misses>
				<total>19</total>
				<timestamp>1023.776807</timestamp>
			</report>
			<report>
				<misses>3661001</misses>
				<total>19</total>
				<timestamp>1024.056503</timestamp>
			</report>
			<report>
				<misses>3662001</misses>
				<total>19</total>
				<timestamp>1024.336273</timestamp>
			</report>
			<report>
				<misses>3663001</misses>
				<total>19</total>
				<timestamp>1024.615942</timestamp>
			</report>
			<report>
				<misses>3664001</misses>
				<total>19</total>
				<timestamp>1024.895648</timestamp>
			</report>
			<report>
				<misses>3665001</misses>
				<total>19</total>
				<timestamp>1025.175362</timestamp>
			</report>
			<report>
				<misses>3666001</misses>
				<total>19</total>
				<timestamp>1025.455227</timestamp>
			</report>
			<report>
				<misses>3667001</misses>
				<total>19</total>
				<timestamp>1025.734868</timestamp>
			</report>
			<report>
				<misses>3668001</misses>
				<total>19</total>
				<timestamp>1026.014521</timestamp>
			</report>
			<report>
				<misses>3669001</misses>
				<total>19</total>
				<timestamp>1026.294239</timestamp>
			</report>
			<report>
				<misses>3670001</misses>
				<total>19</total>
				<timestamp>1026.573993</timestamp>
			</report>
			<report>
				<misses>3671001</misses>
				<total>19</total>
				<timestamp>1026.853726</timestamp>
			</report>
			<report>
				<misses>3672001</misses>
				<total>19</total>
				<timestamp>1027.133420</timestamp>
			</report>
			<report>
				<misses>3673001</misses>
				<total>19</total>
				<timestamp>1027.413132</timestamp>
			</report>
			<report>
				<misses>3674001</misses>
				<total>19</total>
				<timestamp>1027.692861</timestamp>
			</report>
			<report>
				<misses>3675001</misses>
				<total>19</total>
				<timestamp>1027.972557</timestamp>
			</report>
			<report>
				<misses>3676001</misses>
				<total>19</total>
				<timestamp>1028.252349</timestamp>
			</report>
			<report>
				<misses>3677001</misses>
				<total>19</total>
				<timestamp>1028.532019</timestamp>
			</report>
			<report>
				<misses>3678001</misses>
				<total>19</total>
				<timestamp>1028.811743</timestamp>
			</report>
			<report>
				<misses>3679001</misses>
				<total>19</total>
				<timestamp>1029.091439</timestamp>
			</report>
			<report>
				<misses>3680001</misses>
				<total>19</total>
				<timestamp>1029.371161</timestamp>
			</report>
			<report>
				<misses>3681001</misses>
				<total>19</total>
				<timestamp>1029.650921</timestamp>
			</report>
			<report>
				<misses>3682001</misses>
				<total>19</total>
				<timestamp>1029.930648</timestamp>
			</report>
			<report>
				<misses>3683001</misses>
				<total>19</total>
				<timestamp>1030.210340</timestamp>
			</report>
			<report>
				<misses>3684001</misses>
				<total>19</total>
				<timestamp>1030.490192</timestamp>
			</report>
			<report>
				<misses>3685001</misses>
				<total>19</total>
				<timestamp>1030.769760</timestamp>
			</report>
			<report>
				<misses>3686001</misses>
				<total>19</total>
				<timestamp>1031.049492</timestamp>
			</report>
			<report>
				<misses>3687001</misses>
				<total>19</total>
				<timestamp>1031.329208</timestamp>
			</report>
			<report>
				<misses>3688001</misses>
				<total>19</total>
				<timestamp>1031.608975</timestamp>
			</report>
			<report>
				<misses>3689001</misses>
				<total>19</total>
				<timestamp>1031.888660</timestamp>
			</report>
			<report>
				<misses>3690001</misses>
				<total>19</total>
				<timestamp>1032.168363</timestamp>
			</report>
			<report>
				<misses>3691001</misses>
				<total>19</total>
				<timestamp>1032.448132</timestamp>
			</report>
			<report>
				<misses>3692001</misses>
				<total>19</total>
				<timestamp>1032.727861</timestamp>
			</report>
			<report>
				<misses>3693001</misses>
				<total>19</total>
				<timestamp>1033.007537</timestamp>
			</report>
			<report>
				<misses>3694001</misses>
				<total>19</total>
				<timestamp>1033.287283</timestamp>
			</report>
			<report>
				<misses>3695001</misses>
				<total>19</total>
				<timestamp>1033.567055</timestamp>
			</report>
			<report>
				<misses>3696001</misses>
				<total>19</total>
				<timestamp>1033.846686</timestamp>
			</report>
			<report>
				<misses>3697001</misses>
				<total>19</total>
				<timestamp>1034.126412</timestamp>
			</report>
			<report>
				<misses>3698001</misses>
				<total>19</total>
				<timestamp>1034.406136</timestamp>
			</report>
			<report>
				<misses>3699001</misses>
				<total>19</total>
				<timestamp>1034.685901</timestamp>
			</report>
			<report>
				<misses>3700001</misses>
				<total>19</total>
				<timestamp>1034.965611</timestamp>
			</report>
			<report>
				<misses>3701001</misses>
				<total>19</total>
				<timestamp>1035.245283</timestamp>
			</report>
			<report>
				<misses>3702001</misses>
				<total>19</total>
				<timestamp>1035.525026</timestamp>
			</report>
			<report>
				<misses>3703001</misses>
				<total>19</total>
				<timestamp>1035.804761</timestamp>
			</report>
			<report>
				<misses>3704001</misses>
				<total>19</total>
				<timestamp>1036.084478</timestamp>
			</report>
			<report>
				<misses>3705001</misses>
				<total>19</total>
				<timestamp>1036.364232</timestamp>
			</report>
			<report>
				<misses>3706001</misses>
				<total>19</total>
				<timestamp>1036.643926</timestamp>
			</report>
			<report>
				<misses>3707001</misses>
				<total>19</total>
				<timestamp>1036.923650</timestamp>
			</report>
			<report>
				<misses>3708001</misses>
				<total>19</total>
				<timestamp>1037.203361</timestamp>
			</report>
			<report>
				<misses>3709001</misses>
				<total>19</total>
				<timestamp>1037.483076</timestamp>
			</report>
			<report>
				<misses>3710001</misses>
				<total>19</total>
				<timestamp>1037.762793</timestamp>
			</report>
			<report>
				<misses>3711001</misses>
				<total>19</total>
				<timestamp>1038.042496</timestamp>
			</report>
			<report>
				<misses>3712001</misses>
				<total>19</total>
				<timestamp>1038.322256</timestamp>
			</report>
			<report>
				<misses>3713001</misses>
				<total>19</total>
				<timestamp>1038.601930</timestamp>
			</report>
			<report>
				<misses>3714001</misses>
				<total>19</total>
				<timestamp>1038.881749</timestamp>
			</report>
			<report>
				<misses>3715001</misses>
				<total>19</total>
				<timestamp>1039.161376</timestamp>
			</report>
			<report>
				<misses>3716001</misses>
				<total>19</total>
				<timestamp>1039.441114</timestamp>
			</report>
			<report>
				<misses>3717001</misses>
				<total>19</total>
				<timestamp>1039.720837</timestamp>
			</report>
			<report>
				<misses>3718001</misses>
				<total>19</total>
				<timestamp>1040.000538</timestamp>
			</report>
			<report>
				<misses>3719001</misses>
				<total>19</total>
				<timestamp>1040.280250</timestamp>
			</report>
			<report>
				<misses>3720001</misses>
				<total>19</total>
				<timestamp>1040.560003</timestamp>
			</report>
			<report>
				<misses>3721001</misses>
				<total>19</total>
				<timestamp>1040.839720</timestamp>
			</report>
			<report>
				<misses>3722001</misses>
				<total>19</total>
				<timestamp>1041.119400</timestamp>
			</report>
			<report>
				<misses>3723001</misses>
				<total>19</total>
				<timestamp>1041.399188</timestamp>
			</report>
			<report>
				<misses>3724001</misses>
				<total>19</total>
				<timestamp>1041.678859</timestamp>
			</report>
			<report>
				<misses>3725001</misses>
				<total>19</total>
				<timestamp>1041.958583</timestamp>
			</report>
			<report>
				<misses>3726001</misses>
				<total>19</total>
				<timestamp>1042.238295</timestamp>
			</report>
			<report>
				<misses>3727001</misses>
				<total>19</total>
				<timestamp>1042.518065</timestamp>
			</report>
			<report>
				<misses>3728001</misses>
				<total>19</total>
				<timestamp>1042.797743</timestamp>
			</report>
			<report>
				<misses>3729001</misses>
				<total>19</total>
				<timestamp>1043.077447</timestamp>
			</report>
			<report>
				<misses>3730001</misses>
				<total>19</total>
				<timestamp>1043.357189</timestamp>
			</report>
			<report>
				<misses>3731001</misses>
				<total>19</total>
				<timestamp>1043.636931</timestamp>
			</report>
			<report>
				<misses>3732001</misses>
				<total>19</total>
				<timestamp>1043.916649</timestamp>
			</report>
			<report>
				<misses>3733001</misses>
				<total>19</total>
				<timestamp>1044.196324</timestamp>
			</report>
			<report>
				<misses>3734001</misses>
				<total>19</total>
				<timestamp>1044.476082</timestamp>
			</report>
			<report>
				<misses>3735001</misses>
				<total>19</total>
				<timestamp>1044.755778</timestamp>
			</report>
			<report>
				<misses>3736001</misses>
				<total>19</total>
				<timestamp>1045.035513</timestamp>
			</report>
			<report>
				<misses>3737001</misses>
				<total>19</total>
				<timestamp>1045.315209</timestamp>
			</report>
			<report>
				<misses>3738001</misses>
				<total>19</total>
				<timestamp>1045.594965</timestamp>
			</report>
			<report>
				<misses>3739001</misses>
				<total>19</total>
				<timestamp>1045.874709</timestamp>
			</report>
			<report>
				<misses>3740001</misses>
				<total>19</total>
				<timestamp>1046.154371</timestamp>
			</report>
			<report>
				<misses>3741001</misses>
				<total>19</total>
				<timestamp>1046.434111</timestamp>
			</report>
			<report>
				<misses>3742001</misses>
				<total>19</total>
				<timestamp>1046.713852</timestamp>
			</report>
			<report>
				<misses>3743001</misses>
				<total>19</total>
				<timestamp>1046.993553</timestamp>
			</report>
			<report>
				<misses>3744001</misses>
				<total>19</total>
				<timestamp>1047.273256</timestamp>
			</report>
			<report>
				<misses>3745001</misses>
				<total>19</total>
				<timestamp>1047.553042</timestamp>
			</report>
			<report>
				<misses>3746001</misses>
				<total>19</total>
				<timestamp>1047.832721</timestamp>
			</report>
			<report>
				<misses>3747001</misses>
				<total>19</total>
				<timestamp>1048.112416</timestamp>
			</report>
			<report>
				<misses>3748001</misses>
				<total>19</total>
				<timestamp>1048.392170</timestamp>
			</report>
			<report>
				<misses>3749001</misses>
				<total>19</total>
				<timestamp>1048.671875</timestamp>
			</report>
			<report>
				<misses>3750001</misses>
				<total>19</total>
				<timestamp>1048.951580</timestamp>
			</report>
			<report>
				<misses>3751001</misses>
				<total>19</total>
				<timestamp>1049.231308</timestamp>
			</report>
			<report>
				<misses>3752001</misses>
				<total>19</total>
				<timestamp>1049.511013</timestamp>
			</report>
			<report>
				<misses>3753001</misses>
				<total>19</total>
				<timestamp>1049.790801</timestamp>
			</report>
			<report>
				<misses>3754001</misses>
				<total>19</total>
				<timestamp>1050.070445</timestamp>
			</report>
			<report>
				<misses>3755001</misses>
				<total>19</total>
				<timestamp>1050.350236</timestamp>
			</report>
			<report>
				<misses>3756001</misses>
				<total>19</total>
				<timestamp>1050.629919</timestamp>
			</report>
			<report>
				<misses>3757001</misses>
				<total>19</total>
				<timestamp>1050.909613</timestamp>
			</report>
			<report>
				<misses>3758001</misses>
				<total>19</total>
				<timestamp>1051.189355</timestamp>
			</report>
			<report>
				<misses>3759001</misses>
				<total>19</total>
				<timestamp>1051.469085</timestamp>
			</report>
			<report>
				<misses>3760001</misses>
				<total>19</total>
				<timestamp>1051.748793</timestamp>
			</report>
			<report>
				<misses>3761001</misses>
				<total>19</total>
				<timestamp>1052.028515</timestamp>
			</report>
			<report>
				<misses>3762001</misses>
				<total>19</total>
				<timestamp>1052.308222</timestamp>
			</report>
			<report>
				<misses>3763001</misses>
				<total>19</total>
				<timestamp>1052.587990</timestamp>
			</report>
			<report>
				<misses>3764001</misses>
				<total>19</total>
				<timestamp>1052.867691</timestamp>
			</report>
			<report>
				<misses>3765001</misses>
				<total>19</total>
				<timestamp>1053.147369</timestamp>
			</report>
			<report>
				<misses>3766001</misses>
				<total>19</total>
				<timestamp>1053.427141</timestamp>
			</report>
			<report>
				<misses>3767001</misses>
				<total>19</total>
				<timestamp>1053.706820</timestamp>
			</report>
			<report>
				<misses>3768001</misses>
				<total>19</total>
				<timestamp>1053.986563</timestamp>
			</report>
			<report>
				<misses>3769001</misses>
				<total>19</total>
				<timestamp>1054.266255</timestamp>
			</report>
			<report>
				<misses>3770001</misses>
				<total>19</total>
				<timestamp>1054.545975</timestamp>
			</report>
			<report>
				<misses>3771001</misses>
				<total>19</total>
				<timestamp>1054.825737</timestamp>
			</report>
			<report>
				<misses>3772001</misses>
				<total>19</total>
				<timestamp>1055.105406</timestamp>
			</report>
			<report>
				<misses>3773001</misses>
				<total>19</total>
				<timestamp>1055.385137</timestamp>
			</report>
			<report>
				<misses>3774001</misses>
				<total>19</total>
				<timestamp>1055.664994</timestamp>
			</report>
			<report>
				<misses>3775001</misses>
				<total>19</total>
				<timestamp>1055.944576</timestamp>
			</report>
			<report>
				<misses>3776001</misses>
				<total>19</total>
				<timestamp>1056.224283</timestamp>
			</report>
			<report>
				<misses>3777001</misses>
				<total>19</total>
				<timestamp>1056.504016</timestamp>
			</report>
			<report>
				<misses>3778001</misses>
				<total>19</total>
				<timestamp>1056.783758</timestamp>
			</report>
			<report>
				<misses>3779001</misses>
				<total>19</total>
				<timestamp>1057.063461</timestamp>
			</report>
			<report>
				<misses>3780001</misses>
				<total>19</total>
				<timestamp>1057.343175</timestamp>
			</report>
			<report>
				<misses>3781001</misses>
				<total>19</total>
				<timestamp>1057.622966</timestamp>
			</report>
			<report>
				<misses>3782001</misses>
				<total>19</total>
				<timestamp>1057.902613</timestamp>
			</report>
			<report>
				<misses>3783001</misses>
				<total>19</total>
				<timestamp>1058.182373</timestamp>
			</report>
			<report>
				<misses>3784001</misses>
				<total>19</total>
				<timestamp>1058.462098</timestamp>
			</report>
			<report>
				<misses>3785001</misses>
				<total>19</total>
				<timestamp>1058.741768</timestamp>
			</report>
			<report>
				<misses>3786001</misses>
				<total>19</total>
				<timestamp>1059.021480</timestamp>
			</report>
			<report>
				<misses>3787001</misses>
				<total>19</total>
				<timestamp>1059.301201</timestamp>
			</report>
			<report>
				<misses>3788001</misses>
				<total>19</total>
				<timestamp>1059.581005</timestamp>
			</report>
			<report>
				<misses>3789001</misses>
				<total>19</total>
				<timestamp>1059.860733</timestamp>
			</report>
			<report>
				<misses>3790001</misses>
				<total>19</total>
				<timestamp>1060.140379</timestamp>
			</report>
			<report>
				<misses>3791001</misses>
				<total>19</total>
				<timestamp>1060.420090</timestamp>
			</report>
			<report>
				<misses>3792001</misses>
				<total>19</total>
				<timestamp>1060.699848</timestamp>
			</report>
			<report>
				<misses>3793001</misses>
				<total>19</total>
				<timestamp>1060.979535</timestamp>
			</report>
			<report>
				<misses>3794001</misses>
				<total>19</total>
				<timestamp>1061.259239</timestamp>
			</report>
			<report>
				<misses>3795001</misses>
				<total>19</total>
				<timestamp>1061.539050</timestamp>
			</report>
			<report>
				<misses>3796001</misses>
				<total>19</total>
				<timestamp>1061.818758</timestamp>
			</report>
			<report>
				<misses>3797001</misses>
				<total>19</total>
				<timestamp>1062.098410</timestamp>
			</report>
			<report>
				<misses>3798001</misses>
				<total>19</total>
				<timestamp>1062.378151</timestamp>
			</report>
			<report>
				<misses>3799001</misses>
				<total>19</total>
				<timestamp>1062.657860</timestamp>
			</report>
			<report>
				<misses>3800001</misses>
				<total>19</total>
				<timestamp>1062.937600</timestamp>
			</report>
			<report>
				<misses>3801001</misses>
				<total>19</total>
				<timestamp>1063.217297</timestamp>
			</report>
			<report>
				<misses>3802001</misses>
				<total>19</total>
				<timestamp>1063.497047</timestamp>
			</report>
			<report>
				<misses>3803001</misses>
				<total>19</total>
				<timestamp>1063.776753</timestamp>
			</report>
			<report>
				<misses>3804001</misses>
				<total>19</total>
				<timestamp>1064.056458</timestamp>
			</report>
			<report>
				<misses>3805001</misses>
				<total>19</total>
				<timestamp>1064.336174</timestamp>
			</report>
			<report>
				<misses>3806001</misses>
				<total>19</total>
				<timestamp>1064.615881</timestamp>
			</report>
			<report>
				<misses>3807001</misses>
				<total>19</total>
				<timestamp>1064.895616</timestamp>
			</report>
			<report>
				<misses>3808001</misses>
				<total>19</total>
				<timestamp>1065.175336</timestamp>
			</report>
			<report>
				<misses>3809001</misses>
				<total>19</total>
				<timestamp>1065.455054</timestamp>
			</report>
			<report>
				<misses>3810001</misses>
				<total>19</total>
				<timestamp>1065.734762</timestamp>
			</report>
			<report>
				<misses>3811001</misses>
				<total>19</total>
				<timestamp>1066.014526</timestamp>
			</report>
			<report>
				<misses>3812001</misses>
				<total>19</total>
				<timestamp>1066.294226</timestamp>
			</report>
			<report>
				<misses>3813001</misses>
				<total>19</total>
				<timestamp>1066.573989</timestamp>
			</report>
			<report>
				<misses>3814001</misses>
				<total>19</total>
				<timestamp>1066.853685</timestamp>
			</report>
			<report>
				<misses>3815001</misses>
				<total>19</total>
				<timestamp>1067.133364</timestamp>
			</report>
			<report>
				<misses>3816001</misses>
				<total>19</total>
				<timestamp>1067.413125</timestamp>
			</report>
			<report>
				<misses>3817001</misses>
				<total>19</total>
				<timestamp>1067.692829</timestamp>
			</report>
			<report>
				<misses>3818001</misses>
				<total>19</total>
				<timestamp>1067.972533</timestamp>
			</report>
			<report>
				<misses>3819001</misses>
				<total>19</total>
				<timestamp>1068.252268</timestamp>
			</report>
			<report>
				<misses>3820001</misses>
				<total>19</total>
				<timestamp>1068.532024</timestamp>
			</report>
			<report>
				<misses>3821001</misses>
				<total>19</total>
				<timestamp>1068.811731</timestamp>
			</report>
			<report>
				<misses>3822001</misses>
				<total>19</total>
				<timestamp>1069.091453</timestamp>
			</report>
			<report>
				<misses>3823001</misses>
				<total>19</total>
				<timestamp>1069.371145</timestamp>
			</report>
			<report>
				<misses>3824001</misses>
				<total>19</total>
				<timestamp>1069.650946</timestamp>
			</report>
			<report>
				<misses>3825001</misses>
				<total>19</total>
				<timestamp>1069.930592</timestamp>
			</report>
			<report>
				<misses>3826001</misses>
				<total>19</total>
				<timestamp>1070.210320</timestamp>
			</report>
			<report>
				<misses>3827001</misses>
				<total>19</total>
				<timestamp>1070.490029</timestamp>
			</report>
			<report>
				<misses>3828001</misses>
				<total>19</total>
				<timestamp>1070.769780</timestamp>
			</report>
			<report>
				<misses>3829001</misses>
				<total>19</total>
				<timestamp>1071.049479</timestamp>
			</report>
			<report>
				<misses>3830001</misses>
				<total>19</total>
				<timestamp>1071.329170</timestamp>
			</report>
			<report>
				<misses>3831001</misses>
				<total>19</total>
				<timestamp>1071.608939</timestamp>
			</report>
			<report>
				<misses>3832001</misses>
				<total>19</total>
				<timestamp>1071.888619</timestamp>
			</report>
			<report>
				<misses>3833001</misses>
				<total>19</total>
				<timestamp>1072.168347</timestamp>
			</report>
			<report>
				<misses>3834001</misses>
				<total>19</total>
				<timestamp>1072.448095</timestamp>
			</report>
			<report>
				<misses>3835001</misses>
				<total>19</total>
				<timestamp>1072.727789</timestamp>
			</report>
			<report>
				<misses>3836001</misses>
				<total>19</total>
				<timestamp>1073.007500</timestamp>
			</report>
			<report>
				<misses>3837001</misses>
				<total>19</total>
				<timestamp>1073.287275</timestamp>
			</report>
			<report>
				<misses>3838001</misses>
				<total>19</total>
				<timestamp>1073.567019</timestamp>
			</report>
			<report>
				<misses>3839001</misses>
				<total>19</total>
				<timestamp>1073.846680</timestamp>
			</report>
			<report>
				<misses>3840001</misses>
				<total>19</total>
				<timestamp>1074.126373</timestamp>
			</report>
			<report>
				<misses>3841001</misses>
				<total>19</total>
				<timestamp>1074.406107</timestamp>
			</report>
			<report>
				<misses>3842001</misses>
				<total>19</total>
				<timestamp>1074.685833</timestamp>
			</report>
			<report>
				<misses>3843001</misses>
				<total>19</total>
				<timestamp>1074.965521</timestamp>
			</report>
			<report>
				<misses>3844001</misses>
				<total>19</total>
				<timestamp>1075.245314</timestamp>
			</report>
			<report>
				<misses>3845001</misses>
				<total>19</total>
				<timestamp>1075.525036</timestamp>
			</report>
			<report>
				<misses>3846001</misses>
				<total>19</total>
				<timestamp>1075.804698</timestamp>
			</report>
			<report>
				<misses>3847001</misses>
				<total>19</total>
				<timestamp>1076.084425</timestamp>
			</report>
			<report>
				<misses>3848001</misses>
				<total>19</total>
				<timestamp>1076.364122</timestamp>
			</report>
			<report>
				<misses>3849001</misses>
				<total>19</total>
				<timestamp>1076.643870</timestamp>
			</report>
			<report>
				<misses>3850001</misses>
				<total>19</total>
				<timestamp>1076.923638</timestamp>
			</report>
			<report>
				<misses>3851001</misses>
				<total>19</total>
				<timestamp>1077.203289</timestamp>
			</report>
			<report>
				<misses>3852001</misses>
				<total>19</total>
				<timestamp>1077.483013</timestamp>
			</report>
			<report>
				<misses>3853001</misses>
				<total>19</total>
				<timestamp>1077.762760</timestamp>
			</report>
			<report>
				<misses>3854001</misses>
				<total>19</total>
				<timestamp>1078.042447</timestamp>
			</report>
			<report>
				<misses>3855001</misses>
				<total>19</total>
				<timestamp>1078.322168</timestamp>
			</report>
			<report>
				<misses>3856001</misses>
				<total>19</total>
				<timestamp>1078.601923</timestamp>
			</report>
			<report>
				<misses>3857001</misses>
				<total>19</total>
				<timestamp>1078.881653</timestamp>
			</report>
			<report>
				<misses>3858001</misses>
				<total>20</total>
				<timestamp>1079.161338</timestamp>
			</report>
			<report>
				<misses>3859001</misses>
				<total>20</total>
				<timestamp>1079.441048</timestamp>
			</report>
			<report>
				<misses>3860001</misses>
				<total>20</total>
				<timestamp>1079.720864</timestamp>
			</report>
			<report>
				<misses>3861001</misses>
				<total>20</total>
				<timestamp>1080.000486</timestamp>
			</report>
			<report>
				<misses>3862001</misses>
				<total>20</total>
				<timestamp>1080.280215</timestamp>
			</report>
			<report>
				<misses>3863001</misses>
				<total>20</total>
				<timestamp>1080.559989</timestamp>
			</report>
			<report>
				<misses>3864001</misses>
				<total>20</total>
				<timestamp>1080.839681</timestamp>
			</report>
			<report>
				<misses>3865001</misses>
				<total>20</total>
				<timestamp>1081.119371</timestamp>
			</report>
			<report>
				<misses>3866001</misses>
				<total>20</total>
				<timestamp>1081.399092</timestamp>
			</report>
			<report>
				<misses>3867001</misses>
				<total>20</total>
				<timestamp>1081.678855</timestamp>
			</report>
			<report>
				<misses>3868001</misses>
				<total>20</total>
				<timestamp>1081.958567</timestamp>
			</report>
			<report>
				<misses>3869001</misses>
				<total>20</total>
				<timestamp>1082.238269</timestamp>
			</report>
			<report>
				<misses>3870001</misses>
				<total>20</total>
				<timestamp>1082.518006</timestamp>
			</report>
			<report>
				<misses>3871001</misses>
				<total>20</total>
				<timestamp>1082.797726</timestamp>
			</report>
			<report>
				<misses>3872001</misses>
				<total>20</total>
				<timestamp>1083.077405</timestamp>
			</report>
			<report>
				<misses>3873001</misses>
				<total>20</total>
				<timestamp>1083.357121</timestamp>
			</report>
			<report>
				<misses>3874001</misses>
				<total>20</total>
				<timestamp>1083.636894</timestamp>
			</report>
			<report>
				<misses>3875001</misses>
				<total>20</total>
				<timestamp>1083.916626</timestamp>
			</report>
			<report>
				<misses>3876001</misses>
				<total>20</total>
				<timestamp>1084.196287</timestamp>
			</report>
			<report>
				<misses>3877001</misses>
				<total>20</total>
				<timestamp>1084.476085</timestamp>
			</report>
			<report>
				<misses>3878001</misses>
				<total>20</total>
				<timestamp>1084.755746</timestamp>
			</report>
			<report>
				<misses>3879001</misses>
				<total>20</total>
				<timestamp>1085.035459</timestamp>
			</report>
			<report>
				<misses>3880001</misses>
				<total>20</total>
				<timestamp>1085.315201</timestamp>
			</report>
			<report>
				<misses>3881001</misses>
				<total>20</total>
				<timestamp>1085.594984</timestamp>
			</report>
			<report>
				<misses>3882001</misses>
				<total>20</total>
				<timestamp>1085.874621</timestamp>
			</report>
			<report>
				<misses>3883001</misses>
				<total>20</total>
				<timestamp>1086.154377</timestamp>
			</report>
			<report>
				<misses>3884001</misses>
				<total>20</total>
				<timestamp>1086.434067</timestamp>
			</report>
			<report>
				<misses>3885001</misses>
				<total>20</total>
				<timestamp>1086.713781</timestamp>
			</report>
			<report>
				<misses>3886001</misses>
				<total>20</total>
				<timestamp>1086.993505</timestamp>
			</report>
			<report>
				<misses>3887001</misses>
				<total>20</total>
				<timestamp>1087.273274</timestamp>
			</report>
			<report>
				<misses>3888001</misses>
				<total>20</total>
				<timestamp>1087.552965</timestamp>
			</report>
			<report>
				<misses>3889001</misses>
				<total>20</total>
				<timestamp>1087.832673</timestamp>
			</report>
			<report>
				<misses>3890001</misses>
				<total>20</total>
				<timestamp>1088.112397</timestamp>
			</report>
			<report>
				<misses>3891001</misses>
				<total>20</total>
				<timestamp>1088.392091</timestamp>
			</report>
			<report>
				<misses>3892001</misses>
				<total>20</total>
				<timestamp>1088.671850</timestamp>
			</report>
			<report>
				<misses>3893001</misses>
				<total>20</total>
				<timestamp>1088.951564</timestamp>
			</report>
			<report>
				<misses>3894001</misses>
				<total>20</total>
				<timestamp>1089.231239</timestamp>
			</report>
			<report>
				<misses>3895001</misses>
				<total>20</total>
				<timestamp>1089.511019</timestamp>
			</report>
			<report>
				<misses>3896001</misses>
				<total>20</total>
				<timestamp>1089.790685</timestamp>
			</report>
			<report>
				<misses>3897001</misses>
				<total>20</total>
				<timestamp>1090.070401</timestamp>
			</report>
			<report>
				<misses>3898001</misses>
				<total>20</total>
				<timestamp>1090.350131</timestamp>
			</report>
			<report>
				<misses>3899001</misses>
				<total>20</total>
				<timestamp>1090.629851</timestamp>
			</report>
			<report>
				<misses>3900001</misses>
				<total>20</total>
				<timestamp>1090.909632</timestamp>
			</report>
			<report>
				<misses>3901001</misses>
				<total>20</total>
				<timestamp>1091.189280</timestamp>
			</report>
			<report>
				<misses>3902001</misses>
				<total>20</total>
				<timestamp>1091.469013</timestamp>
			</report>
			<report>
				<misses>3903001</misses>
				<total>20</total>
				<timestamp>1091.748735</timestamp>
			</report>
			<report>
				<misses>3904001</misses>
				<total>20</total>
				<timestamp>1092.028454</timestamp>
			</report>
			<report>
				<misses>3905001</misses>
				<total>20</total>
				<timestamp>1092.308166</timestamp>
			</report>
			<report>
				<misses>3906001</misses>
				<total>20</total>
				<timestamp>1092.587902</timestamp>
			</report>
			<report>
				<misses>3907001</misses>
				<total>20</total>
				<timestamp>1092.867640</timestamp>
			</report>
			<report>
				<misses>3908001</misses>
				<total>20</total>
				<timestamp>1093.147337</timestamp>
			</report>
			<report>
				<misses>3909001</misses>
				<total>20</total>
				<timestamp>1093.427126</timestamp>
			</report>
			<report>
				<misses>3910001</misses>
				<total>20</total>
				<timestamp>1093.706767</timestamp>
			</report>
			<report>
				<misses>3911001</misses>
				<total>20</total>
				<timestamp>1093.986562</timestamp>
			</report>
			<report>
				<misses>3912001</misses>
				<total>20</total>
				<timestamp>1094.266202</timestamp>
			</report>
			<report>
				<misses>3913001</misses>
				<total>20</total>
				<timestamp>1094.545928</timestamp>
			</report>
			<report>
				<misses>3914001</misses>
				<total>20</total>
				<timestamp>1094.825669</timestamp>
			</report>
			<report>
				<misses>3915001</misses>
				<total>20</total>
				<timestamp>1095.105380</timestamp>
			</report>
			<report>
				<misses>3916001</misses>
				<total>20</total>
				<timestamp>1095.385076</timestamp>
			</report>
			<report>
				<misses>3917001</misses>
				<total>20</total>
				<timestamp>1095.664872</timestamp>
			</report>
			<report>
				<misses>3918001</misses>
				<total>20</total>
				<timestamp>1095.944543</timestamp>
			</report>
			<report>
				<misses>3919001</misses>
				<total>20</total>
				<timestamp>1096.224247</timestamp>
			</report>
			<report>
				<misses>3920001</misses>
				<total>20</total>
				<timestamp>1096.504014</timestamp>
			</report>
			<report>
				<misses>3921001</misses>
				<total>20</total>
				<timestamp>1096.783710</timestamp>
			</report>
			<report>
				<misses>3922001</misses>
				<total>20</total>
				<timestamp>1097.063515</timestamp>
			</report>
			<report>
				<misses>3923001</misses>
				<total>20</total>
				<timestamp>1097.343128</timestamp>
			</report>
			<report>
				<misses>3924001</misses>
				<total>20</total>
				<timestamp>1097.622880</timestamp>
			</report>
			<report>
				<misses>3925001</misses>
				<total>20</total>
				<timestamp>1097.902571</timestamp>
			</report>
			<report>
				<misses>3926001</misses>
				<total>20</total>
				<timestamp>1098.182312</timestamp>
			</report>
			<report>
				<misses>3927001</misses>
				<total>20</total>
				<timestamp>1098.461997</timestamp>
			</report>
			<report>
				<misses>3928001</misses>
				<total>20</total>
				<timestamp>1098.741804</timestamp>
			</report>
			<report>
				<misses>3929001</misses>
				<total>20</total>
				<timestamp>1099.021509</timestamp>
			</report>
			<report>
				<misses>3930001</misses>
				<total>20</total>
				<timestamp>1099.301152</timestamp>
			</report>
			<report>
				<misses>3931001</misses>
				<total>20</total>
				<timestamp>1099.580878</timestamp>
			</report>
			<report>
				<misses>3932001</misses>
				<total>20</total>
				<timestamp>1099.860653</timestamp>
			</report>
			<report>
				<misses>3933001</misses>
				<total>20</total>
				<timestamp>1100.140325</timestamp>
			</report>
			<report>
				<misses>3934001</misses>
				<total>20</total>
				<timestamp>1100.420049</timestamp>
			</report>
			<report>
				<misses>3935001</misses>
				<total>20</total>
				<timestamp>1100.699810</timestamp>
			</report>
			<report>
				<misses>3936001</misses>
				<total>20</total>
				<timestamp>1100.979510</timestamp>
			</report>
			<report>
				<misses>3937001</misses>
				<total>20</total>
				<timestamp>1101.259224</timestamp>
			</report>
			<report>
				<misses>3938001</misses>
				<total>20</total>
				<timestamp>1101.539020</timestamp>
			</report>
			<report>
				<misses>3939001</misses>
				<total>20</total>
				<timestamp>1101.818648</timestamp>
			</report>
			<report>
				<misses>3940001</misses>
				<total>20</total>
				<timestamp>1102.098458</timestamp>
			</report>
			<report>
				<misses>3941001</misses>
				<total>20</total>
				<timestamp>1102.378077</timestamp>
			</report>
			<report>
				<misses>3942001</misses>
				<total>20</total>
				<timestamp>1102.657859</timestamp>
			</report>
			<report>
				<misses>3943001</misses>
				<total>20</total>
				<timestamp>1102.937552</timestamp>
			</report>
			<report>
				<misses>3944001</misses>
				<total>20</total>
				<timestamp>1103.217264</timestamp>
			</report>
			<report>
				<misses>3945001</misses>
				<total>20</total>
				<timestamp>1103.496970</timestamp>
			</report>
			<report>
				<misses>3946001</misses>
				<total>20</total>
				<timestamp>1103.776791</timestamp>
			</report>
			<report>
				<misses>3947001</misses>
				<total>20</total>
				<timestamp>1104.056446</timestamp>
			</report>
			<report>
				<misses>3948001</misses>
				<total>20</total>
				<timestamp>1104.336134</timestamp>
			</report>
			<report>
				<misses>3949001</misses>
				<total>20</total>
				<timestamp>1104.615861</timestamp>
			</report>
			<report>
				<misses>3950001</misses>
				<total>20</total>
				<timestamp>1104.895606</timestamp>
			</report>
			<report>
				<misses>3951001</misses>
				<total>20</total>
				<timestamp>1105.175327</timestamp>
			</report>
			<report>
				<misses>3952001</misses>
				<total>20</total>
				<timestamp>1105.455006</timestamp>
			</report>
			<report>
				<misses>3953001</misses>
				<total>20</total>
				<timestamp>1105.734773</timestamp>
			</report>
			<report>
				<misses>3954001</misses>
				<total>20</total>
				<timestamp>1106.014496</timestamp>
			</report>
			<report>
				<misses>3955001</misses>
				<total>20</total>
				<timestamp>1106.294175</timestamp>
			</report>
			<report>
				<misses>3956001</misses>
				<total>20</total>
				<timestamp>1106.573896</timestamp>
			</report>
			<report>
				<misses>3957001</misses>
				<total>20</total>
				<timestamp>1106.853609</timestamp>
			</report>
			<report>
				<misses>3958001</misses>
				<total>20</total>
				<timestamp>1107.133348</timestamp>
			</report>
			<report>
				<misses>3959001</misses>
				<total>20</total>
				<timestamp>1107.413037</timestamp>
			</report>
			<report>
				<misses>3960001</misses>
				<total>20</total>
				<timestamp>1107.692851</timestamp>
			</report>
			<report>
				<misses>3961001</misses>
				<total>20</total>
				<timestamp>1107.972566</timestamp>
			</report>
			<report>
				<misses>3962001</misses>
				<total>20</total>
				<timestamp>1108.252290</timestamp>
			</report>
			<report>
				<misses>3963001</misses>
				<total>20</total>
				<timestamp>1108.531986</timestamp>
			</report>
			<report>
				<misses>3964001</misses>
				<total>20</total>
				<timestamp>1108.811639</timestamp>
			</report>
			<report>
				<misses>3965001</misses>
				<total>20</total>
				<timestamp>1109.091393</timestamp>
			</report>
			<report>
				<misses>3966001</misses>
				<total>20</total>
				<timestamp>1109.371186</timestamp>
			</report>
			<report>
				<misses>3967001</misses>
				<total>20</total>
				<timestamp>1109.650846</timestamp>
			</report>
			<report>
				<misses>3968001</misses>
				<total>20</total>
				<timestamp>1109.930662</timestamp>
			</report>
			<report>
				<misses>3969001</misses>
				<total>20</total>
				<timestamp>1110.210250</timestamp>
			</report>
			<report>
				<misses>3970001</misses>
				<total>20</total>
				<timestamp>1110.490006</timestamp>
			</report>
			<report>
				<misses>3971001</misses>
				<total>20</total>
				<timestamp>1110.769743</timestamp>
			</report>
			<report>
				<misses>3972001</misses>
				<total>20</total>
				<timestamp>1111.049432</timestamp>
			</report>
			<report>
				<misses>3973001</misses>
				<total>20</total>
				<timestamp>1111.329123</timestamp>
			</report>
			<report>
				<misses>3974001</misses>
				<total>20</total>
				<timestamp>1111.608896</timestamp>
			</report>
			<report>
				<misses>3975001</misses>
				<total>20</total>
				<timestamp>1111.888567</timestamp>
			</report>
			<report>
				<misses>3976001</misses>
				<total>20</total>
				<timestamp>1112.168319</timestamp>
			</report>
			<report>
				<misses>3977001</misses>
				<total>20</total>
				<timestamp>1112.448061</timestamp>
			</report>
			<report>
				<misses>3978001</misses>
				<total>20</total>
				<timestamp>1112.727741</timestamp>
			</report>
			<report>
				<misses>3979001</misses>
				<total>20</total>
				<timestamp>1113.007450</timestamp>
			</report>
			<report>
				<misses>3980001</misses>
				<total>20</total>
				<timestamp>1113.287172</timestamp>
			</report>
			<report>
				<misses>3981001</misses>
				<total>20</total>
				<timestamp>1113.566881</timestamp>
			</report>
			<report>
				<misses>3982001</misses>
				<total>20</total>
				<timestamp>1113.846613</timestamp>
			</report>
			<report>
				<misses>3983001</misses>
				<total>20</total>
				<timestamp>1114.126461</timestamp>
			</report>
			<report>
				<misses>3984001</misses>
				<total>20</total>
				<timestamp>1114.406070</timestamp>
			</report>
			<report>
				<misses>3985001</misses>
				<total>20</total>
				<timestamp>1114.685821</timestamp>
			</report>
			<report>
				<misses>3986001</misses>
				<total>20</total>
				<timestamp>1114.965512</timestamp>
			</report>
			<report>
				<misses>3987001</misses>
				<total>20</total>
				<timestamp>1115.245262</timestamp>
			</report>
			<report>
				<misses>3988001</misses>
				<total>20</total>
				<timestamp>1115.524937</timestamp>
			</report>
			<report>
				<misses>3989001</misses>
				<total>20</total>
				<timestamp>1115.804721</timestamp>
			</report>
			<report>
				<misses>3990001</misses>
				<total>20</total>
				<timestamp>1116.084420</timestamp>
			</report>
			<report>
				<misses>3991001</misses>
				<total>20</total>
				<timestamp>1116.364091</timestamp>
			</report>
			<report>
				<misses>3992001</misses>
				<total>20</total>
				<timestamp>1116.643811</timestamp>
			</report>
			<report>
				<misses>3993001</misses>
				<total>20</total>
				<timestamp>1116.923575</timestamp>
			</report>
			<report>
				<misses>3994001</misses>
				<total>20</total>
				<timestamp>1117.203264</timestamp>
			</report>
			<report>
				<misses>3995001</misses>
				<total>20</total>
				<timestamp>1117.482967</timestamp>
			</report>
			<report>
				<misses>3996001</misses>
				<total>20</total>
				<timestamp>1117.762741</timestamp>
			</report>
			<report>
				<misses>3997001</misses>
				<total>20</total>
				<timestamp>1118.042426</timestamp>
			</report>
			<report>
				<misses>3998001</misses>
				<total>20</total>
				<timestamp>1118.322126</timestamp>
			</report>
			<report>
				<misses>3999001</misses>
				<total>20</total>
				<timestamp>1118.601854</timestamp>
			</report>
			<report>
				<misses>4000001</misses>
				<total>20</total>
				<timestamp>1118.881576</timestamp>
			</report>
			<report>
				<misses>4001001</misses>
				<total>20</total>
				<timestamp>1119.161323</timestamp>
			</report>
			<report>
				<misses>4002001</misses>
				<total>20</total>
				<timestamp>1119.441017</timestamp>
			</report>
			<report>
				<misses>4003001</misses>
				<total>20</total>
				<timestamp>1119.720758</timestamp>
			</report>
			<report>
				<misses>4004001</misses>
				<total>20</total>
				<timestamp>1120.000473</timestamp>
			</report>
			<report>
				<misses>4005001</misses>
				<total>20</total>
				<timestamp>1120.280165</timestamp>
			</report>
			<report>
				<misses>4006001</misses>
				<total>20</total>
				<timestamp>1120.559917</timestamp>
			</report>
			<report>
				<misses>4007001</misses>
				<total>20</total>
				<timestamp>1120.839611</timestamp>
			</report>
			<report>
				<misses>4008001</misses>
				<total>20</total>
				<timestamp>1121.119352</timestamp>
			</report>
			<report>
				<misses>4009001</misses>
				<total>20</total>
				<timestamp>1121.399043</timestamp>
			</report>
			<report>
				<misses>4010001</misses>
				<total>20</total>
				<timestamp>1121.678786</timestamp>
			</report>
			<report>
				<misses>4011001</misses>
				<total>20</total>
				<timestamp>1121.958484</timestamp>
			</report>
			<report>
				<misses>4012001</misses>
				<total>20</total>
				<timestamp>1122.238257</timestamp>
			</report>
			<report>
				<misses>4013001</misses>
				<total>20</total>
				<timestamp>1122.517928</timestamp>
			</report>
			<report>
				<misses>4014001</misses>
				<total>20</total>
				<timestamp>1122.797725</timestamp>
			</report>
			<report>
				<misses>4015001</misses>
				<total>20</total>
				<timestamp>1123.077387</timestamp>
			</report>
			<report>
				<misses>4016001</misses>
				<total>20</total>
				<timestamp>1123.357149</timestamp>
			</report>
			<report>
				<misses>4017001</misses>
				<total>20</total>
				<timestamp>1123.636887</timestamp>
			</report>
			<report>
				<misses>4018001</misses>
				<total>20</total>
				<timestamp>1123.916522</timestamp>
			</report>
			<report>
				<misses>4019001</misses>
				<total>20</total>
				<timestamp>1124.196302</timestamp>
			</report>
			<report>
				<misses>4020001</misses>
				<total>20</total>
				<timestamp>1124.475967</timestamp>
			</report>
			<report>
				<misses>4021001</misses>
				<total>20</total>
				<timestamp>1124.755771</timestamp>
			</report>
			<report>
				<misses>4022001</misses>
				<total>20</total>
				<timestamp>1125.035461</timestamp>
			</report>
			<report>
				<misses>4023001</misses>
				<total>20</total>
				<timestamp>1125.315121</timestamp>
			</report>
			<report>
				<misses>4024001</misses>
				<total>20</total>
				<timestamp>1125.594925</timestamp>
			</report>
			<report>
				<misses>4025001</misses>
				<total>20</total>
				<timestamp>1125.874589</timestamp>
			</report>
			<report>
				<misses>4026001</misses>
				<total>20</total>
				<timestamp>1126.154324</timestamp>
			</report>
			<report>
				<misses>4027001</misses>
				<total>20</total>
				<timestamp>1126.434042</timestamp>
			</report>
			<report>
				<misses>4028001</misses>
				<total>20</total>
				<timestamp>1126.713819</timestamp>
			</report>
			<report>
				<misses>4029001</misses>
				<total>20</total>
				<timestamp>1126.993457</timestamp>
			</report>
			<report>
				<misses>4030001</misses>
				<total>20</total>
				<timestamp>1127.273200</timestamp>
			</report>
			<report>
				<misses>4031001</misses>
				<total>20</total>
				<timestamp>1127.552900</timestamp>
			</report>
			<report>
				<misses>4032001</misses>
				<total>20</total>
				<timestamp>1127.832657</timestamp>
			</report>
			<report>
				<misses>4033001</misses>
				<total>20</total>
				<timestamp>1128.112330</timestamp>
			</report>
			<report>
				<misses>4034001</misses>
				<total>20</total>
				<timestamp>1128.392086</timestamp>
			</report>
			<report>
				<misses>4035001</misses>
				<total>20</total>
				<timestamp>1128.671782</timestamp>
			</report>
			<report>
				<misses>4036001</misses>
				<total>20</total>
				<timestamp>1128.951476</timestamp>
			</report>
			<report>
				<misses>4037001</misses>
				<total>20</total>
				<timestamp>1129.231271</timestamp>
			</report>
			<report>
				<misses>4038001</misses>
				<total>20</total>
				<timestamp>1129.510936</timestamp>
			</report>
			<report>
				<misses>4039001</misses>
				<total>20</total>
				<timestamp>1129.790706</timestamp>
			</report>
			<report>
				<misses>4040001</misses>
				<total>20</total>
				<timestamp>1130.070390</timestamp>
			</report>
			<report>
				<misses>4041001</misses>
				<total>20</total>
				<timestamp>1130.350080</timestamp>
			</report>
			<report>
				<misses>4042001</misses>
				<total>20</total>
				<timestamp>1130.629868</timestamp>
			</report>
			<report>
				<misses>4043001</misses>
				<total>20</total>
				<timestamp>1130.909533</timestamp>
			</report>
			<report>
				<misses>4044001</misses>
				<total>20</total>
				<timestamp>1131.189271</timestamp>
			</report>
			<report>
				<misses>4045001</misses>
				<total>20</total>
				<timestamp>1131.468968</timestamp>
			</report>
			<report>
				<misses>4046001</misses>
				<total>20</total>
				<timestamp>1131.748693</timestamp>
			</report>
			<report>
				<misses>4047001</misses>
				<total>20</total>
				<timestamp>1132.028428</timestamp>
			</report>
			<report>
				<misses>4048001</misses>
				<total>21</total>
				<timestamp>1132.308210</timestamp>
			</report>
			<report>
				<misses>4049001</misses>
				<total>21</total>
				<timestamp>1132.587839</timestamp>
			</report>
			<report>
				<misses>4050001</misses>
				<total>21</total>
				<timestamp>1132.867574</timestamp>
			</report>
			<report>
				<misses>4051001</misses>
				<total>21</total>
				<timestamp>1133.147289</timestamp>
			</report>
			<report>
				<misses>4052001</misses>
				<total>21</total>
				<timestamp>1133.427009</timestamp>
			</report>
			<report>
				<misses>4053001</misses>
				<total>21</total>
				<timestamp>1133.706757</timestamp>
			</report>
			<report>
				<misses>4054001</misses>
				<total>21</total>
				<timestamp>1133.986461</timestamp>
			</report>
			<report>
				<misses>4055001</misses>
				<total>21</total>
				<timestamp>1134.266241</timestamp>
			</report>
			<report>
				<misses>4056001</misses>
				<total>21</total>
				<timestamp>1134.545892</timestamp>
			</report>
			<report>
				<misses>4057001</misses>
				<total>21</total>
				<timestamp>1134.825660</timestamp>
			</report>
			<report>
				<misses>4058001</misses>
				<total>21</total>
				<timestamp>1135.105355</timestamp>
			</report>
			<report>
				<misses>4059001</misses>
				<total>21</total>
				<timestamp>1135.385055</timestamp>
			</report>
			<report>
				<misses>4060001</misses>
				<total>21</total>
				<timestamp>1135.664809</timestamp>
			</report>
			<report>
				<misses>4061001</misses>
				<total>21</total>
				<timestamp>1135.944489</timestamp>
			</report>
			<report>
				<misses>4062001</misses>
				<total>21</total>
				<timestamp>1136.224243</timestamp>
			</report>
			<report>
				<misses>4063001</misses>
				<total>21</total>
				<timestamp>1136.504050</timestamp>
			</report>
			<report>
				<misses>4064001</misses>
				<total>21</total>
				<timestamp>1136.783638</timestamp>
			</report>
			<report>
				<misses>4065001</misses>
				<total>21</total>
				<timestamp>1137.063410</timestamp>
			</report>
			<report>
				<misses>4066001</misses>
				<total>21</total>
				<timestamp>1137.343102</timestamp>
			</report>
			<report>
				<misses>4067001</misses>
				<total>21</total>
				<timestamp>1137.622816</timestamp>
			</report>
			<report>
				<misses>4068001</misses>
				<total>21</total>
				<timestamp>1137.902594</timestamp>
			</report>
			<report>
				<misses>4069001</misses>
				<total>21</total>
				<timestamp>1138.182296</timestamp>
			</report>
			<report>
				<misses>4070001</misses>
				<total>21</total>
				<timestamp>1138.461983</timestamp>
			</report>
			<report>
				<misses>4071001</misses>
				<total>21</total>
				<timestamp>1138.741719</timestamp>
			</report>
			<report>
				<misses>4072001</misses>
				<total>21</total>
				<timestamp>1139.021410</timestamp>
			</report>
			<report>
				<misses>4073001</misses>
				<total>21</total>
				<timestamp>1139.301118</timestamp>
			</report>
			<report>
				<misses>4074001</misses>
				<total>21</total>
				<timestamp>1139.580862</timestamp>
			</report>
			<report>
				<misses>4075001</misses>
				<total>21</total>
				<timestamp>1139.860600</timestamp>
			</report>
			<report>
				<misses>4076001</misses>
				<total>21</total>
				<timestamp>1140.140298</timestamp>
			</report>
			<report>
				<misses>4077001</misses>
				<total>21</total>
				<timestamp>1140.420026</timestamp>
			</report>
			<report>
				<misses>4078001</misses>
				<total>21</total>
				<timestamp>1140.699779</timestamp>
			</report>
			<report>
				<misses>4079001</misses>
				<total>21</total>
				<timestamp>1140.979451</timestamp>
			</report>
			<report>
				<misses>4080001</misses>
				<total>21</total>
				<timestamp>1141.259204</timestamp>
			</report>
			<report>
				<misses>4081001</misses>
				<total>21</total>
				<timestamp>1141.538904</timestamp>
			</report>
			<report>
				<misses>4082001</misses>
				<total>21</total>
				<timestamp>1141.818667</timestamp>
			</report>
			<report>
				<misses>4083001</misses>
				<total>21</total>
				<timestamp>1142.098361</timestamp>
			</report>
			<report>
				<misses>4084001</misses>
				<total>21</total>
				<timestamp>1142.378038</timestamp>
			</report>
			<report>
				<misses>4085001</misses>
				<total>21</total>
				<timestamp>1142.657831</timestamp>
			</report>
			<report>
				<misses>4086001</misses>
				<total>21</total>
				<timestamp>1142.937508</timestamp>
			</report>
			<report>
				<misses>4087001</misses>
				<total>21</total>
				<timestamp>1143.217266</timestamp>
			</report>
			<report>
				<misses>4088001</misses>
				<total>21</total>
				<timestamp>1143.496926</timestamp>
			</report>
			<report>
				<misses>4089001</misses>
				<total>21</total>
				<timestamp>1143.776669</timestamp>
			</report>
			<report>
				<misses>4090001</misses>
				<total>21</total>
				<timestamp>1144.056393</timestamp>
			</report>
			<report>
				<misses>4091001</misses>
				<total>21</total>
				<timestamp>1144.336135</timestamp>
			</report>
			<report>
				<misses>4092001</misses>
				<total>21</total>
				<timestamp>1144.615804</timestamp>
			</report>
			<report>
				<misses>4093001</misses>
				<total>21</total>
				<timestamp>1144.895536</timestamp>
			</report>
			<report>
				<misses>4094001</misses>
				<total>21</total>
				<timestamp>1145.175309</timestamp>
			</report>
			<report>
				<misses>4095001</misses>
				<total>21</total>
				<timestamp>1145.454971</timestamp>
			</report>
			<report>
				<misses>4096001</misses>
				<total>21</total>
				<timestamp>1145.734693</timestamp>
			</report>
			<report>
				<misses>4097001</misses>
				<total>21</total>
				<timestamp>1146.014419</timestamp>
			</report>
			<report>
				<misses>4098001</misses>
				<total>21</total>
				<timestamp>1146.294194</timestamp>
			</report>
			<report>
				<misses>4099001</misses>
				<total>21</total>
				<timestamp>1146.573862</timestamp>
			</report>
			<report>
				<misses>4100001</misses>
				<total>21</total>
				<timestamp>1146.853599</timestamp>
			</report>
			<report>
				<misses>4101001</misses>
				<total>21</total>
				<timestamp>1147.133311</timestamp>
			</report>
			<report>
				<misses>4102001</misses>
				<total>21</total>
				<timestamp>1147.413007</timestamp>
			</report>
			<report>
				<misses>4103001</misses>
				<total>21</total>
				<timestamp>1147.692812</timestamp>
			</report>
			<report>
				<misses>4104001</misses>
				<total>21</total>
				<timestamp>1147.972457</timestamp>
			</report>
			<report>
				<misses>4105001</misses>
				<total>21</total>
				<timestamp>1148.252189</timestamp>
			</report>
			<report>
				<misses>4106001</misses>
				<total>21</total>
				<timestamp>1148.531905</timestamp>
			</report>
			<report>
				<misses>4107001</misses>
				<total>21</total>
				<timestamp>1148.811634</timestamp>
			</report>
			<report>
				<misses>4108001</misses>
				<total>21</total>
				<timestamp>1149.091377</timestamp>
			</report>
			<report>
				<misses>4109001</misses>
				<total>21</total>
				<timestamp>1149.371077</timestamp>
			</report>
			<report>
				<misses>4110001</misses>
				<total>21</total>
				<timestamp>1149.650789</timestamp>
			</report>
			<report>
				<misses>4111001</misses>
				<total>21</total>
				<timestamp>1149.930508</timestamp>
			</report>
			<report>
				<misses>4112001</misses>
				<total>21</total>
				<timestamp>1150.210249</timestamp>
			</report>
			<report>
				<misses>4113001</misses>
				<total>21</total>
				<timestamp>1150.489950</timestamp>
			</report>
			<report>
				<misses>4114001</misses>
				<total>21</total>
				<timestamp>1150.769688</timestamp>
			</report>
			<report>
				<misses>4115001</misses>
				<total>21</total>
				<timestamp>1151.049385</timestamp>
			</report>
			<report>
				<misses>4116001</misses>
				<total>21</total>
				<timestamp>1151.329218</timestamp>
			</report>
			<report>
				<misses>4117001</misses>
				<total>21</total>
				<timestamp>1151.608824</timestamp>
			</report>
			<report>
				<misses>4118001</misses>
				<total>21</total>
				<timestamp>1151.888607</timestamp>
			</report>
			<report>
				<misses>4119001</misses>
				<total>21</total>
				<timestamp>1152.168283</timestamp>
			</report>
			<report>
				<misses>4120001</misses>
				<total>21</total>
				<timestamp>1152.447978</timestamp>
			</report>
			<report>
				<misses>4121001</misses>
				<total>21</total>
				<timestamp>1152.727783</timestamp>
			</report>
			<report>
				<misses>4122001</misses>
				<total>21</total>
				<timestamp>1153.007416</timestamp>
			</report>
			<report>
				<misses>4123001</misses>
				<total>21</total>
				<timestamp>1153.287196</timestamp>
			</report>
			<report>
				<misses>4124001</misses>
				<total>21</total>
				<timestamp>1153.566867</timestamp>
			</report>
			<report>
				<misses>4125001</misses>
				<total>21</total>
				<timestamp>1153.846587</timestamp>
			</report>
			<report>
				<misses>4126001</misses>
				<total>21</total>
				<timestamp>1154.126312</timestamp>
			</report>
			<report>
				<misses>4127001</misses>
				<total>21</total>
				<timestamp>1154.406056</timestamp>
			</report>
			<report>
				<misses>4128001</misses>
				<total>21</total>
				<timestamp>1154.685777</timestamp>
			</report>
			<report>
				<misses>4129001</misses>
				<total>21</total>
				<timestamp>1154.965464</timestamp>
			</report>
			<report>
				<misses>4130001</misses>
				<total>21</total>
				<timestamp>1155.245244</timestamp>
			</report>
			<report>
				<misses>4131001</misses>
				<total>21</total>
				<timestamp>1155.524922</timestamp>
			</report>
			<report>
				<misses>4132001</misses>
				<total>21</total>
				<timestamp>1155.804601</timestamp>
			</report>
			<report>
				<misses>4133001</misses>
				<total>21</total>
				<timestamp>1156.084328</timestamp>
			</report>
			<report>
				<misses>4134001</misses>
				<total>21</total>
				<timestamp>1156.364086</timestamp>
			</report>
			<report>
				<misses>4135001</misses>
				<total>21</total>
				<timestamp>1156.643785</timestamp>
			</report>
			<report>
				<misses>4136001</misses>
				<total>21</total>
				<timestamp>1156.923538</timestamp>
			</report>
			<report>
				<misses>4137001</misses>
				<total>21</total>
				<timestamp>1157.203276</timestamp>
			</report>
			<report>
				<misses>4138001</misses>
				<total>21</total>
				<timestamp>1157.482929</timestamp>
			</report>
			<report>
				<misses>4139001</misses>
				<total>21</total>
				<timestamp>1157.762695</timestamp>
			</report>
			<report>
				<misses>4140001</misses>
				<total>21</total>
				<timestamp>1158.042377</timestamp>
			</report>
			<report>
				<misses>4141001</misses>
				<total>21</total>
				<timestamp>1158.322121</timestamp>
			</report>
			<report>
				<misses>4142001</misses>
				<total>21</total>
				<timestamp>1158.601812</timestamp>
			</report>
			<report>
				<misses>4143001</misses>
				<total>21</total>
				<timestamp>1158.881545</timestamp>
			</report>
			<report>
				<misses>4144001</misses>
				<total>21</total>
				<timestamp>1159.161267</timestamp>
			</report>
			<report>
				<misses>4145001</misses>
				<total>21</total>
				<timestamp>1159.440976</timestamp>
			</report>
			<report>
				<misses>4146001</misses>
				<total>21</total>
				<timestamp>1159.720698</timestamp>
			</report>
			<report>
				<misses>4147001</misses>
				<total>21</total>
				<timestamp>1160.000433</timestamp>
			</report>
			<report>
				<misses>4148001</misses>
				<total>21</total>
				<timestamp>1160.280141</timestamp>
			</report>
			<report>
				<misses>4149001</misses>
				<total>21</total>
				<timestamp>1160.559855</timestamp>
			</report>
			<report>
				<misses>4150001</misses>
				<total>21</total>
				<timestamp>1160.839616</timestamp>
			</report>
			<report>
				<misses>4151001</misses>
				<total>21</total>
				<timestamp>1161.119304</timestamp>
			</report>
			<report>
				<misses>4152001</misses>
				<total>21</total>
				<timestamp>1161.399065</timestamp>
			</report>
			<report>
				<misses>4153001</misses>
				<total>21</total>
				<timestamp>1161.678767</timestamp>
			</report>
			<report>
				<misses>4154001</misses>
				<total>21</total>
				<timestamp>1161.958474</timestamp>
			</report>
			<report>
				<misses>4155001</misses>
				<total>21</total>
				<timestamp>1162.238238</timestamp>
			</report>
			<report>
				<misses>4156001</misses>
				<total>21</total>
				<timestamp>1162.517904</timestamp>
			</report>
			<report>
				<misses>4157001</misses>
				<total>21</total>
				<timestamp>1162.797670</timestamp>
			</report>
			<report>
				<misses>4158001</misses>
				<total>21</total>
				<timestamp>1163.077337</timestamp>
			</report>
			<report>
				<misses>4159001</misses>
				<total>21</total>
				<timestamp>1163.357053</timestamp>
			</report>
			<report>
				<misses>4160001</misses>
				<total>21</total>
				<timestamp>1163.636794</timestamp>
			</report>
			<report>
				<misses>4161001</misses>
				<total>21</total>
				<timestamp>1163.916507</timestamp>
			</report>
			<report>
				<misses>4162001</misses>
				<total>21</total>
				<timestamp>1164.196244</timestamp>
			</report>
			<report>
				<misses>4163001</misses>
				<total>21</total>
				<timestamp>1164.475929</timestamp>
			</report>
			<report>
				<misses>4164001</misses>
				<total>21</total>
				<timestamp>1164.755672</timestamp>
			</report>
			<report>
				<misses>4165001</misses>
				<total>21</total>
				<timestamp>1165.035360</timestamp>
			</report>
			<report>
				<misses>4166001</misses>
				<total>21</total>
				<timestamp>1165.315129</timestamp>
			</report>
			<report>
				<misses>4167001</misses>
				<total>21</total>
				<timestamp>1165.594871</timestamp>
			</report>
			<report>
				<misses>4168001</misses>
				<total>21</total>
				<timestamp>1165.874589</timestamp>
			</report>
			<report>
				<misses>4169001</misses>
				<total>21</total>
				<timestamp>1166.154308</timestamp>
			</report>
			<report>
				<misses>4170001</misses>
				<total>21</total>
				<timestamp>1166.433981</timestamp>
			</report>
			<report>
				<misses>4171001</misses>
				<total>21</total>
				<timestamp>1166.713732</timestamp>
			</report>
			<report>
				<misses>4172001</misses>
				<total>21</total>
				<timestamp>1166.993461</timestamp>
			</report>
			<report>
				<misses>4173001</misses>
				<total>21</total>
				<timestamp>1167.273130</timestamp>
			</report>
			<report>
				<misses>4174001</misses>
				<total>21</total>
				<timestamp>1167.552859</timestamp>
			</report>
			<report>
				<misses>4175001</misses>
				<total>21</total>
				<timestamp>1167.832610</timestamp>
			</report>
			<report>
				<misses>4176001</misses>
				<total>21</total>
				<timestamp>1168.112303</timestamp>
			</report>
			<report>
				<misses>4177001</misses>
				<total>21</total>
				<timestamp>1168.392038</timestamp>
			</report>
			<report>
				<misses>4178001</misses>
				<total>21</total>
				<timestamp>1168.671741</timestamp>
			</report>
			<report>
				<misses>4179001</misses>
				<total>21</total>
				<timestamp>1168.951453</timestamp>
			</report>
			<report>
				<misses>4180001</misses>
				<total>21</total>
				<timestamp>1169.231193</timestamp>
			</report>
			<report>
				<misses>4181001</misses>
				<total>21</total>
				<timestamp>1169.510906</timestamp>
			</report>
			<report>
				<misses>4182001</misses>
				<total>21</total>
				<timestamp>1169.790640</timestamp>
			</report>
			<report>
				<misses>4183001</misses>
				<total>21</total>
				<timestamp>1170.070332</timestamp>
			</report>
			<report>
				<misses>4184001</misses>
				<total>21</total>
				<timestamp>1170.350075</timestamp>
			</report>
			<report>
				<misses>4185001</misses>
				<total>21</total>
				<timestamp>1170.629802</timestamp>
			</report>
			<report>
				<misses>4186001</misses>
				<total>21</total>
				<timestamp>1170.909525</timestamp>
			</report>
			<report>
				<misses>4187001</misses>
				<total>21</total>
				<timestamp>1171.189217</timestamp>
			</report>
			<report>
				<misses>4188001</misses>
				<total>21</total>
				<timestamp>1171.468941</timestamp>
			</report>
			<report>
				<misses>4189001</misses>
				<total>21</total>
				<timestamp>1171.748659</timestamp>
			</report>
			<report>
				<misses>4190001</misses>
				<total>21</total>
				<timestamp>1172.028357</timestamp>
			</report>
			<report>
				<misses>4191001</misses>
				<total>21</total>
				<timestamp>1172.308097</timestamp>
			</report>
			<report>
				<misses>4192001</misses>
				<total>21</total>
				<timestamp>1172.587840</timestamp>
			</report>
			<report>
				<misses>4193001</misses>
				<total>21</total>
				<timestamp>1172.867578</timestamp>
			</report>
			<report>
				<misses>4194001</misses>
				<total>21</total>
				<timestamp>1173.147294</timestamp>
			</report>
			<report>
				<misses>4195001</misses>
				<total>21</total>
				<timestamp>1173.426978</timestamp>
			</report>
			<report>
				<misses>4196001</misses>
				<total>21</total>
				<timestamp>1173.706684</timestamp>
			</report>
			<report>
				<misses>4197001</misses>
				<total>21</total>
				<timestamp>1173.986409</timestamp>
			</report>
			<report>
				<misses>4198001</misses>
				<total>21</total>
				<timestamp>1174.266161</timestamp>
			</report>
			<report>
				<misses>4199001</misses>
				<total>21</total>
				<timestamp>1174.545838</timestamp>
			</report>
			<report>
				<misses>4200001</misses>
				<total>21</total>
				<timestamp>1174.825585</timestamp>
			</report>
			<report>
				<misses>4201001</misses>
				<total>21</total>
				<timestamp>1175.105289</timestamp>
			</report>
			<report>
				<misses>4202001</misses>
				<total>21</total>
				<timestamp>1175.385044</timestamp>
			</report>
			<report>
				<misses>4203001</misses>
				<total>21</total>
				<timestamp>1175.664753</timestamp>
			</report>
			<report>
				<misses>4204001</misses>
				<total>21</total>
				<timestamp>1175.944508</timestamp>
			</report>
			<report>
				<misses>4205001</misses>
				<total>21</total>
				<timestamp>1176.224177</timestamp>
			</report>
			<report>
				<misses>4206001</misses>
				<total>21</total>
				<timestamp>1176.503899</timestamp>
			</report>
			<report>
				<misses>4207001</misses>
				<total>21</total>
				<timestamp>1176.783623</timestamp>
			</report>
			<report>
				<misses>4208001</misses>
				<total>21</total>
				<timestamp>1177.063434</timestamp>
			</report>
			<report>
				<misses>4209001</misses>
				<total>21</total>
				<timestamp>1177.343049</timestamp>
			</report>
			<report>
				<misses>4210001</misses>
				<total>21</total>
				<timestamp>1177.622799</timestamp>
			</report>
			<report>
				<misses>4211001</misses>
				<total>21</total>
				<timestamp>1177.902504</timestamp>
			</report>
			<report>
				<misses>4212001</misses>
				<total>21</total>
				<timestamp>1178.182194</timestamp>
			</report>
			<report>
				<misses>4213001</misses>
				<total>21</total>
				<timestamp>1178.461957</timestamp>
			</report>
			<report>
				<misses>4214001</misses>
				<total>21</total>
				<timestamp>1178.741701</timestamp>
			</report>
			<report>
				<misses>4215001</misses>
				<total>21</total>
				<timestamp>1179.021404</timestamp>
			</report>
			<report>
				<misses>4216001</misses>
				<total>21</total>
				<timestamp>1179.301159</timestamp>
			</report>
			<report>
				<misses>4217001</misses>
				<total>21</total>
				<timestamp>1179.580817</timestamp>
			</report>
			<report>
				<misses>4218001</misses>
				<total>21</total>
				<timestamp>1179.860580</timestamp>
			</report>
			<report>
				<misses>4219001</misses>
				<total>21</total>
				<timestamp>1180.140262</timestamp>
			</report>
			<report>
				<misses>4220001</misses>
				<total>21</total>
				<timestamp>1180.420092</timestamp>
			</report>
			<report>
				<misses>4221001</misses>
				<total>21</total>
				<timestamp>1180.699693</timestamp>
			</report>
			<report>
				<misses>4222001</misses>
				<total>21</total>
				<timestamp>1180.979425</timestamp>
			</report>
			<report>
				<misses>4223001</misses>
				<total>21</total>
				<timestamp>1181.259140</timestamp>
			</report>
			<report>
				<misses>4224001</misses>
				<total>21</total>
				<timestamp>1181.538878</timestamp>
			</report>
			<report>
				<misses>4225001</misses>
				<total>21</total>
				<timestamp>1181.818571</timestamp>
			</report>
			<report>
				<misses>4226001</misses>
				<total>21</total>
				<timestamp>1182.098291</timestamp>
			</report>
			<report>
				<misses>4227001</misses>
				<total>21</total>
				<timestamp>1182.378017</timestamp>
			</report>
			<report>
				<misses>4228001</misses>
				<total>21</total>
				<timestamp>1182.657843</timestamp>
			</report>
			<report>
				<misses>4229001</misses>
				<total>21</total>
				<timestamp>1182.937509</timestamp>
			</report>
			<report>
				<misses>4230001</misses>
				<total>21</total>
				<timestamp>1183.217157</timestamp>
			</report>
			<report>
				<misses>4231001</misses>
				<total>21</total>
				<timestamp>1183.496918</timestamp>
			</report>
			<report>
				<misses>4232001</misses>
				<total>21</total>
				<timestamp>1183.776594</timestamp>
			</report>
			<report>
				<misses>4233001</misses>
				<total>21</total>
				<timestamp>1184.056389</timestamp>
			</report>
			<report>
				<misses>4234001</misses>
				<total>21</total>
				<timestamp>1184.336070</timestamp>
			</report>
			<report>
				<misses>4235001</misses>
				<total>21</total>
				<timestamp>1184.615795</timestamp>
			</report>
			<report>
				<misses>4236001</misses>
				<total>21</total>
				<timestamp>1184.895514</timestamp>
			</report>
			<report>
				<misses>4237001</misses>
				<total>21</total>
				<timestamp>1185.175238</timestamp>
			</report>
			<report>
				<misses>4238001</misses>
				<total>21</total>
				<timestamp>1185.454988</timestamp>
			</report>
			<report>
				<misses>4239001</misses>
				<total>21</total>
				<timestamp>1185.734651</timestamp>
			</report>
			<report>
				<misses>4240001</misses>
				<total>21</total>
				<timestamp>1186.014374</timestamp>
			</report>
			<report>
				<misses>4241001</misses>
				<total>21</total>
				<timestamp>1186.294122</timestamp>
			</report>
			<report>
				<misses>4242001</misses>
				<total>21</total>
				<timestamp>1186.573814</timestamp>
			</report>
			<report>
				<misses>4243001</misses>
				<total>21</total>
				<timestamp>1186.853533</timestamp>
			</report>
			<report>
				<misses>4244001</misses>
				<total>21</total>
				<timestamp>1187.133257</timestamp>
			</report>
			<report>
				<misses>4245001</misses>
				<total>21</total>
				<timestamp>1187.412975</timestamp>
			</report>
			<report>
				<misses>4246001</misses>
				<total>21</total>
				<timestamp>1187.692709</timestamp>
			</report>
			<report>
				<misses>4247001</misses>
				<total>21</total>
				<timestamp>1187.972426</timestamp>
			</report>
			<report>
				<misses>4248001</misses>
				<total>21</total>
				<timestamp>1188.252127</timestamp>
			</report>
			<report>
				<misses>4249001</misses>
				<total>21</total>
				<timestamp>1188.531895</timestamp>
			</report>
			<report>
				<misses>4250001</misses>
				<total>21</total>
				<timestamp>1188.811604</timestamp>
			</report>
			<report>
				<misses>4251001</misses>
				<total>21</total>
				<timestamp>1189.091289</timestamp>
			</report>
			<report>
				<misses>4252001</misses>
				<total>21</total>
				<timestamp>1189.371039</timestamp>
			</report>
			<report>
				<misses>4253001</misses>
				<total>21</total>
				<timestamp>1189.650735</timestamp>
			</report>
			<report>
				<misses>4254001</misses>
				<total>21</total>
				<timestamp>1189.930494</timestamp>
			</report>
			<report>
				<misses>4255001</misses>
				<total>21</total>
				<timestamp>1190.210194</timestamp>
			</report>
			<report>
				<misses>4256001</misses>
				<total>21</total>
				<timestamp>1190.489923</timestamp>
			</report>
			<report>
				<misses>4257001</misses>
				<total>21</total>
				<timestamp>1190.769618</timestamp>
			</report>
			<report>
				<misses>4258001</misses>
				<total>21</total>
				<timestamp>1191.049423</timestamp>
			</report>
			<report>
				<misses>4259001</misses>
				<total>21</total>
				<timestamp>1191.329053</timestamp>
			</report>
			<report>
				<misses>4260001</misses>
				<total>21</total>
				<timestamp>1191.608815</timestamp>
			</report>
			<report>
				<misses>4261001</misses>
				<total>21</total>
				<timestamp>1191.888532</timestamp>
			</report>
			<report>
				<misses>4262001</misses>
				<total>21</total>
				<timestamp>1192.168219</timestamp>
			</report>
			<report>
				<misses>4263001</misses>
				<total>21</total>
				<timestamp>1192.447993</timestamp>
			</report>
			<report>
				<misses>4264001</misses>
				<total>21</total>
				<timestamp>1192.727664</timestamp>
			</report>
			<report>
				<misses>4265001</misses>
				<total>21</total>
				<timestamp>1193.007403</timestamp>
			</report>
			<report>
				<misses>4266001</misses>
				<total>21</total>
				<timestamp>1193.287117</timestamp>
			</report>
			<report>
				<misses>4267001</misses>
				<total>21</total>
				<timestamp>1193.566816</timestamp>
			</report>
			<report>
				<misses>4268001</misses>
				<total>21</total>
				<timestamp>1193.846534</timestamp>
			</report>
			<report>
				<misses>4269001</misses>
				<total>21</total>
				<timestamp>1194.126249</timestamp>
			</report>
			<report>
				<misses>4270001</misses>
				<total>21</total>
				<timestamp>1194.406002</timestamp>
			</report>
			<report>
				<misses>4271001</misses>
				<total>21</total>
				<timestamp>1194.685703</timestamp>
			</report>
			<report>
				<misses>4272001</misses>
				<total>21</total>
				<timestamp>1194.965439</timestamp>
			</report>
			<report>
				<misses>4273001</misses>
				<total>21</total>
				<timestamp>1195.245125</timestamp>
			</report>
			<report>
				<misses>4274001</misses>
				<total>21</total>
				<timestamp>1195.524895</timestamp>
			</report>
			<report>
				<misses>4275001</misses>
				<total>21</total>
				<timestamp>1195.804571</timestamp>
			</report>
			<report>
				<misses>4276001</misses>
				<total>21</total>
				<timestamp>1196.084277</timestamp>
			</report>
			<report>
				<misses>4277001</misses>
				<total>21</total>
				<timestamp>1196.364050</timestamp>
			</report>
			<report>
				<misses>4278001</misses>
				<total>21</total>
				<timestamp>1196.643786</timestamp>
			</report>
			<report>
				<misses>4279001</misses>
				<total>21</total>
				<timestamp>1196.923498</timestamp>
			</report>
			<report>
				<misses>4280001</misses>
				<total>21</total>
				<timestamp>1197.203176</timestamp>
			</report>
			<report>
				<misses>4281001</misses>
				<total>21</total>
				<timestamp>1197.482954</timestamp>
			</report>
			<report>
				<misses>4282001</misses>
				<total>21</total>
				<timestamp>1197.762606</timestamp>
			</report>
			<report>
				<misses>4283001</misses>
				<total>21</total>
				<timestamp>1198.042344</timestamp>
			</report>
			<report>
				<misses>4284001</misses>
				<total>21</total>
				<timestamp>1198.322064</timestamp>
			</report>
			<report>
				<misses>4285001</misses>
				<total>21</total>
				<timestamp>1198.601768</timestamp>
			</report>
			<report>
				<misses>4286001</misses>
				<total>21</total>
				<timestamp>1198.881488</timestamp>
			</report>
			<report>
				<misses>4287001</misses>
				<total>21</total>
				<timestamp>1199.161212</timestamp>
			</report>
			<report>
				<misses>4288001</misses>
				<total>21</total>
				<timestamp>1199.440960</timestamp>
			</report>
			<report>
				<misses>4289001</misses>
				<total>21</total>
				<timestamp>1199.720671</timestamp>
			</report>
			<report>
				<misses>4290001</misses>
				<total>21</total>
				<timestamp>1200.000470</timestamp>
			</report>
			<report>
				<misses>4291001</misses>
				<total>21</total>
				<timestamp>1200.280087</timestamp>
			</report>
			<report>
				<misses>4292001</misses>
				<total>21</total>
				<timestamp>1200.559852</timestamp>
			</report>
			<report>
				<misses>4293001</misses>
				<total>21</total>
				<timestamp>1200.839547</timestamp>
			</report>
			<report>
				<misses>4294001</misses>
				<total>21</total>
				<timestamp>1201.119262</timestamp>
			</report>
			<report>
				<misses>4295001</misses>
				<total>21</total>
				<timestamp>1201.398991</timestamp>
			</report>
			<report>
				<misses>4296001</misses>
				<total>21</total>
				<timestamp>1201.678687</timestamp>
			</report>
			<report>
				<misses>4297001</misses>
				<total>21</total>
				<timestamp>1201.958505</timestamp>
			</report>
			<report>
				<misses>4298001</misses>
				<total>21</total>
				<timestamp>1202.238142</timestamp>
			</report>
			<report>
				<misses>4299001</misses>
				<total>21</total>
				<timestamp>1202.517858</timestamp>
			</report>
			<report>
				<misses>4300001</misses>
				<total>21</total>
				<timestamp>1202.797568</timestamp>
			</report>
			<report>
				<misses>4301001</misses>
				<total>21</total>
				<timestamp>1203.077329</timestamp>
			</report>
			<report>
				<misses>4302001</misses>
				<total>21</total>
				<timestamp>1203.357026</timestamp>
			</report>
			<report>
				<misses>4303001</misses>
				<total>21</total>
				<timestamp>1203.636739</timestamp>
			</report>
			<report>
				<misses>4304001</misses>
				<total>21</total>
				<timestamp>1203.916502</timestamp>
			</report>
			<report>
				<misses>4305001</misses>
				<total>21</total>
				<timestamp>1204.196189</timestamp>
			</report>
			<report>
				<misses>4306001</misses>
				<total>21</total>
				<timestamp>1204.475898</timestamp>
			</report>
			<report>
				<misses>4307001</misses>
				<total>21</total>
				<timestamp>1204.755687</timestamp>
			</report>
			<report>
				<misses>4308001</misses>
				<total>21</total>
				<timestamp>1205.035372</timestamp>
			</report>
			<report>
				<misses>4309001</misses>
				<total>21</total>
				<timestamp>1205.315038</timestamp>
			</report>
			<report>
				<misses>4310001</misses>
				<total>21</total>
				<timestamp>1205.594826</timestamp>
			</report>
			<report>
				<misses>4311001</misses>
				<total>21</total>
				<timestamp>1205.874504</timestamp>
			</report>
			<report>
				<misses>4312001</misses>
				<total>21</total>
				<timestamp>1206.154202</timestamp>
			</report>
			<report>
				<misses>4313001</misses>
				<total>21</total>
				<timestamp>1206.433969</timestamp>
			</report>
			<report>
				<misses>4314001</misses>
				<total>21</total>
				<timestamp>1206.713647</timestamp>
			</report>
			<report>
				<misses>4315001</misses>
				<total>21</total>
				<timestamp>1206.993421</timestamp>
			</report>
			<report>
				<misses>4316001</misses>
				<total>21</total>
				<timestamp>1207.273079</timestamp>
			</report>
			<report>
				<misses>4317001</misses>
				<total>21</total>
				<timestamp>1207.552853</timestamp>
			</report>
			<report>
				<misses>4318001</misses>
				<total>21</total>
				<timestamp>1207.832548</timestamp>
			</report>
			<report>
				<misses>4319001</misses>
				<total>21</total>
				<timestamp>1208.112317</timestamp>
			</report>
			<report>
				<misses>4320001</misses>
				<total>21</total>
				<timestamp>1208.391982</timestamp>
			</report>
			<report>
				<misses>4321001</misses>
				<total>21</total>
				<timestamp>1208.671681</timestamp>
			</report>
			<report>
				<misses>4322001</misses>
				<total>21</total>
				<timestamp>1208.951450</timestamp>
			</report>
			<report>
				<misses>4323001</misses>
				<total>21</total>
				<timestamp>1209.231144</timestamp>
			</report>
			<report>
				<misses>4324001</misses>
				<total>21</total>
				<timestamp>1209.510891</timestamp>
			</report>
			<report>
				<misses>4325001</misses>
				<total>21</total>
				<timestamp>1209.790566</timestamp>
			</report>
			<report>
				<misses>4326001</misses>
				<total>21</total>
				<timestamp>1210.070309</timestamp>
			</report>
			<report>
				<misses>4327001</misses>
				<total>21</total>
				<timestamp>1210.350008</timestamp>
			</report>
			<report>
				<misses>4328001</misses>
				<total>21</total>
				<timestamp>1210.629755</timestamp>
			</report>
			<report>
				<misses>4329001</misses>
				<total>21</total>
				<timestamp>1210.909475</timestamp>
			</report>
			<report>
				<misses>4330001</misses>
				<total>21</total>
				<timestamp>1211.189182</timestamp>
			</report>
			<report>
				<misses>4331001</misses>
				<total>21</total>
				<timestamp>1211.468929</timestamp>
			</report>
			<report>
				<misses>4332001</misses>
				<total>21</total>
				<timestamp>1211.748614</timestamp>
			</report>
			<report>
				<misses>4333001</misses>
				<total>21</total>
				<timestamp>1212.028321</timestamp>
			</report>
			<report>
				<misses>4334001</misses>
				<total>21</total>
				<timestamp>1212.308050</timestamp>
			</report>
			<report>
				<misses>4335001</misses>
				<total>21</total>
				<timestamp>1212.587834</timestamp>
			</report>
			<report>
				<misses>4336001</misses>
				<total>21</total>
				<timestamp>1212.867528</timestamp>
			</report>
			<report>
				<misses>4337001</misses>
				<total>21</total>
				<timestamp>1213.147261</timestamp>
			</report>
			<report>
				<misses>4338001</misses>
				<total>21</total>
				<timestamp>1213.426977</timestamp>
			</report>
			<report>
				<misses>4339001</misses>
				<total>21</total>
				<timestamp>1213.706654</timestamp>
			</report>
			<report>
				<misses>4340001</misses>
				<total>21</total>
				<timestamp>1213.986433</timestamp>
			</report>
			<report>
				<misses>4341001</misses>
				<total>21</total>
				<timestamp>1214.266098</timestamp>
			</report>
			<report>
				<misses>4342001</misses>
				<total>21</total>
				<timestamp>1214.545867</timestamp>
			</report>
			<report>
				<misses>4343001</misses>
				<total>21</total>
				<timestamp>1214.825551</timestamp>
			</report>
			<report>
				<misses>4344001</misses>
				<total>21</total>
				<timestamp>1215.105320</timestamp>
			</report>
			<report>
				<misses>4345001</misses>
				<total>21</total>
				<timestamp>1215.384982</timestamp>
			</report>
			<report>
				<misses>4346001</misses>
				<total>21</total>
				<timestamp>1215.664702</timestamp>
			</report>
			<report>
				<misses>4347001</misses>
				<total>21</total>
				<timestamp>1215.944409</timestamp>
			</report>
			<report>
				<misses>4348001</misses>
				<total>22</total>
				<timestamp>1216.224140</timestamp>
			</report>
			<report>
				<misses>4349001</misses>
				<total>22</total>
				<timestamp>1216.503867</timestamp>
			</report>
			<report>
				<misses>4350001</misses>
				<total>22</total>
				<timestamp>1216.783567</timestamp>
			</report>
			<report>
				<misses>4351001</misses>
				<total>22</total>
				<timestamp>1217.063298</timestamp>
			</report>
			<report>
				<misses>4352001</misses>
				<total>22</total>
				<timestamp>1217.343017</timestamp>
			</report>
			<report>
				<misses>4353001</misses>
				<total>22</total>
				<timestamp>1217.622822</timestamp>
			</report>
			<report>
				<misses>4354001</misses>
				<total>22</total>
				<timestamp>1217.902470</timestamp>
			</report>
			<report>
				<misses>4355001</misses>
				<total>22</total>
				<timestamp>1218.182182</timestamp>
			</report>
			<report>
				<misses>4356001</misses>
				<total>22</total>
				<timestamp>1218.461883</timestamp>
			</report>
			<report>
				<misses>4357001</misses>
				<total>22</total>
				<timestamp>1218.741649</timestamp>
			</report>
			<report>
				<misses>4358001</misses>
				<total>22</total>
				<timestamp>1219.021380</timestamp>
			</report>
			<report>
				<misses>4359001</misses>
				<total>22</total>
				<timestamp>1219.301068</timestamp>
			</report>
			<report>
				<misses>4360001</misses>
				<total>22</total>
				<timestamp>1219.580802</timestamp>
			</report>
			<report>
				<misses>4361001</misses>
				<total>22</total>
				<timestamp>1219.860490</timestamp>
			</report>
			<report>
				<misses>4362001</misses>
				<total>22</total>
				<timestamp>1220.140233</timestamp>
			</report>
			<report>
				<misses>4363001</misses>
				<total>22</total>
				<timestamp>1220.419928</timestamp>
			</report>
			<report>
				<misses>4364001</misses>
				<total>22</total>
				<timestamp>1220.699666</timestamp>
			</report>
			<report>
				<misses>4365001</misses>
				<total>22</total>
				<timestamp>1220.979383</timestamp>
			</report>
			<report>
				<misses>4366001</misses>
				<total>22</total>
				<timestamp>1221.259155</timestamp>
			</report>
			<report>
				<misses>4367001</misses>
				<total>22</total>
				<timestamp>1221.538841</timestamp>
			</report>
			<report>
				<misses>4368001</misses>
				<total>22</total>
				<timestamp>1221.818546</timestamp>
			</report>
			<report>
				<misses>4369001</misses>
				<total>22</total>
				<timestamp>1222.098249</timestamp>
			</report>
			<report>
				<misses>4370001</misses>
				<total>22</total>
				<timestamp>1222.377980</timestamp>
			</report>
			<report>
				<misses>4371001</misses>
				<total>22</total>
				<timestamp>1222.657758</timestamp>
			</report>
			<report>
				<misses>4372001</misses>
				<total>22</total>
				<timestamp>1222.937477</timestamp>
			</report>
			<report>
				<misses>4373001</misses>
				<total>22</total>
				<timestamp>1223.217228</timestamp>
			</report>
			<report>
				<misses>4374001</misses>
				<total>22</total>
				<timestamp>1223.496901</timestamp>
			</report>
			<report>
				<misses>4375001</misses>
				<total>22</total>
				<timestamp>1223.776583</timestamp>
			</report>
			<report>
				<misses>4376001</misses>
				<total>22</total>
				<timestamp>1224.056374</timestamp>
			</report>
			<report>
				<misses>4377001</misses>
				<total>22</total>
				<timestamp>1224.336019</timestamp>
			</report>
			<report>
				<misses>4378001</misses>
				<total>22</total>
				<timestamp>1224.615758</timestamp>
			</report>
			<report>
				<misses>4379001</misses>
				<total>22</total>
				<timestamp>1224.895474</timestamp>
			</report>
			<report>
				<misses>4380001</misses>
				<total>22</total>
				<timestamp>1225.175181</timestamp>
			</report>
			<report>
				<misses>4381001</misses>
				<total>22</total>
				<timestamp>1225.454914</timestamp>
			</report>
			<report>
				<misses>4382001</misses>
				<total>22</total>
				<timestamp>1225.734619</timestamp>
			</report>
			<report>
				<misses>4383001</misses>
				<total>22</total>
				<timestamp>1226.014414</timestamp>
			</report>
			<report>
				<misses>4384001</misses>
				<total>22</total>
				<timestamp>1226.294041</timestamp>
			</report>
			<report>
				<misses>4385001</misses>
				<total>22</total>
				<timestamp>1226.573775</timestamp>
			</report>
			<report>
				<misses>4386001</misses>
				<total>22</total>
				<timestamp>1226.853499</timestamp>
			</report>
			<report>
				<misses>4387001</misses>
				<total>22</total>
				<timestamp>1227.133223</timestamp>
			</report>
			<report>
				<misses>4388001</misses>
				<total>22</total>
				<timestamp>1227.412938</timestamp>
			</report>
			<report>
				<misses>4389001</misses>
				<total>22</total>
				<timestamp>1227.692730</timestamp>
			</report>
			<report>
				<misses>4390001</misses>
				<total>22</total>
				<timestamp>1227.972410</timestamp>
			</report>
			<report>
				<misses>4391001</misses>
				<total>22</total>
				<timestamp>1228.252126</timestamp>
			</report>
			<report>
				<misses>4392001</misses>
				<total>22</total>
				<timestamp>1228.531839</timestamp>
			</report>
			<report>
				<misses>4393001</misses>
				<total>22</total>
				<timestamp>1228.811537</timestamp>
			</report>
			<report>
				<misses>4394001</misses>
				<total>22</total>
				<timestamp>1229.091297</timestamp>
			</report>
			<report>
				<misses>4395001</misses>
				<total>22</total>
				<timestamp>1229.371022</timestamp>
			</report>
			<report>
				<misses>4396001</misses>
				<total>22</total>
				<timestamp>1229.650743</timestamp>
			</report>
			<report>
				<misses>4397001</misses>
				<total>22</total>
				<timestamp>1229.930428</timestamp>
			</report>
			<report>
				<misses>4398001</misses>
				<total>22</total>
				<timestamp>1230.210128</timestamp>
			</report>
			<report>
				<misses>4399001</misses>
				<total>22</total>
				<timestamp>1230.489855</timestamp>
			</report>
			<report>
				<misses>4400001</misses>
				<total>22</total>
				<timestamp>1230.769592</timestamp>
			</report>
			<report>
				<misses>4401001</misses>
				<total>22</total>
				<timestamp>1231.049318</timestamp>
			</report>
			<report>
				<misses>4402001</misses>
				<total>22</total>
				<timestamp>1231.329013</timestamp>
			</report>
			<report>
				<misses>4403001</misses>
				<total>22</total>
				<timestamp>1231.608785</timestamp>
			</report>
			<report>
				<misses>4404001</misses>
				<total>22</total>
				<timestamp>1231.888465</timestamp>
			</report>
			<report>
				<misses>4405001</misses>
				<total>22</total>
				<timestamp>1232.168228</timestamp>
			</report>
			<report>
				<misses>4406001</misses>
				<total>22</total>
				<timestamp>1232.447909</timestamp>
			</report>
			<report>
				<misses>4407001</misses>
				<total>22</total>
				<timestamp>1232.727631</timestamp>
			</report>
			<report>
				<misses>4408001</misses>
				<total>22</total>
				<timestamp>1233.007352</timestamp>
			</report>
			<report>
				<misses>4409001</misses>
				<total>22</total>
				<timestamp>1233.287068</timestamp>
			</report>
			<report>
				<misses>4410001</misses>
				<total>22</total>
				<timestamp>1233.566794</timestamp>
			</report>
			<report>
				<misses>4411001</misses>
				<total>22</total>
				<timestamp>1233.846580</timestamp>
			</report>
			<report>
				<misses>4412001</misses>
				<total>22</total>
				<timestamp>1234.126246</timestamp>
			</report>
			<report>
				<misses>4413001</misses>
				<total>22</total>
				<timestamp>1234.405947</timestamp>
			</report>
			<report>
				<misses>4414001</misses>
				<total>22</total>
				<timestamp>1234.685680</timestamp>
			</report>
			<report>
				<misses>4415001</misses>
				<total>22</total>
				<timestamp>1234.965444</timestamp>
			</report>
			<report>
				<misses>4416001</misses>
				<total>22</total>
				<timestamp>1235.245080</timestamp>
			</report>
			<report>
				<misses>4417001</misses>
				<total>22</total>
				<timestamp>1235.524821</timestamp>
			</report>
			<report>
				<misses>4418001</misses>
				<total>22</total>
				<timestamp>1235.804531</timestamp>
			</report>
			<report>
				<misses>4419001</misses>
				<total>22</total>
				<timestamp>1236.084318</timestamp>
			</report>
			<report>
				<misses>4420001</misses>
				<total>22</total>
				<timestamp>1236.363958</timestamp>
			</report>
			<report>
				<misses>4421001</misses>
				<total>22</total>
				<timestamp>1236.643706</timestamp>
			</report>
			<report>
				<misses>4422001</misses>
				<total>22</total>
				<timestamp>1236.923406</timestamp>
			</report>
			<report>
				<misses>4423001</misses>
				<total>22</total>
				<timestamp>1237.203130</timestamp>
			</report>
			<report>
				<misses>4424001</misses>
				<total>22</total>
				<timestamp>1237.482862</timestamp>
			</report>
			<report>
				<misses>4425001</misses>
				<total>22</total>
				<timestamp>1237.762615</timestamp>
			</report>
			<report>
				<misses>4426001</misses>
				<total>22</total>
				<timestamp>1238.042304</timestamp>
			</report>
			<report>
				<misses>4427001</misses>
				<total>22</total>
				<timestamp>1238.322011</timestamp>
			</report>
			<report>
				<misses>4428001</misses>
				<total>22</total>
				<timestamp>1238.601757</timestamp>
			</report>
			<report>
				<misses>4429001</misses>
				<total>22</total>
				<timestamp>1238.881453</timestamp>
			</report>
			<report>
				<misses>4430001</misses>
				<total>22</total>
				<timestamp>1239.161195</timestamp>
			</report>
			<report>
				<misses>4431001</misses>
				<total>22</total>
				<timestamp>1239.440903</timestamp>
			</report>
			<report>
				<misses>4432001</misses>
				<total>22</total>
				<timestamp>1239.720706</timestamp>
			</report>
			<report>
				<misses>4433001</misses>
				<total>22</total>
				<timestamp>1240.000329</timestamp>
			</report>
			<report>
				<misses>4434001</misses>
				<total>22</total>
				<timestamp>1240.280047</timestamp>
			</report>
			<report>
				<misses>4435001</misses>
				<total>22</total>
				<timestamp>1240.559799</timestamp>
			</report>
			<report>
				<misses>4436001</misses>
				<total>22</total>
				<timestamp>1240.839498</timestamp>
			</report>
			<report>
				<misses>4437001</misses>
				<total>22</total>
				<timestamp>1241.119268</timestamp>
			</report>
			<report>
				<misses>4438001</misses>
				<total>22</total>
				<timestamp>1241.398957</timestamp>
			</report>
			<report>
				<misses>4439001</misses>
				<total>22</total>
				<timestamp>1241.678662</timestamp>
			</report>
			<report>
				<misses>4440001</misses>
				<total>22</total>
				<timestamp>1241.958352</timestamp>
			</report>
			<report>
				<misses>4441001</misses>
				<total>22</total>
				<timestamp>1242.238078</timestamp>
			</report>
			<report>
				<misses>4442001</misses>
				<total>22</total>
				<timestamp>1242.517807</timestamp>
			</report>
			<report>
				<misses>4443001</misses>
				<total>22</total>
				<timestamp>1242.797538</timestamp>
			</report>
			<report>
				<misses>4444001</misses>
				<total>22</total>
				<timestamp>1243.077314</timestamp>
			</report>
			<report>
				<misses>4445001</misses>
				<total>22</total>
				<timestamp>1243.356969</timestamp>
			</report>
			<report>
				<misses>4446001</misses>
				<total>22</total>
				<timestamp>1243.636726</timestamp>
			</report>
			<report>
				<misses>4447001</misses>
				<total>22</total>
				<timestamp>1243.916405</timestamp>
			</report>
			<report>
				<misses>4448001</misses>
				<total>22</total>
				<timestamp>1244.196190</timestamp>
			</report>
			<report>
				<misses>4449001</misses>
				<total>22</total>
				<timestamp>1244.475856</timestamp>
			</report>
			<report>
				<misses>4450001</misses>
				<total>22</total>
				<timestamp>1244.755611</timestamp>
			</report>
			<report>
				<misses>4451001</misses>
				<total>22</total>
				<timestamp>1245.035294</timestamp>
			</report>
			<report>
				<misses>4452001</misses>
				<total>22</total>
				<timestamp>1245.314995</timestamp>
			</report>
			<report>
				<misses>4453001</misses>
				<total>22</total>
				<timestamp>1245.594759</timestamp>
			</report>
			<report>
				<misses>4454001</misses>
				<total>22</total>
				<timestamp>1245.874456</timestamp>
			</report>
			<report>
				<misses>4455001</misses>
				<total>22</total>
				<timestamp>1246.154243</timestamp>
			</report>
			<report>
				<misses>4456001</misses>
				<total>22</total>
				<timestamp>1246.433886</timestamp>
			</report>
			<report>
				<misses>4457001</misses>
				<total>22</total>
				<timestamp>1246.713643</timestamp>
			</report>
			<report>
				<misses>4458001</misses>
				<total>22</total>
				<timestamp>1246.993366</timestamp>
			</report>
			<report>
				<misses>4459001</misses>
				<total>22</total>
				<timestamp>1247.273033</timestamp>
			</report>
			<report>
				<misses>4460001</misses>
				<total>22</total>
				<timestamp>1247.552781</timestamp>
			</report>
			<report>
				<misses>4461001</misses>
				<total>22</total>
				<timestamp>1247.832498</timestamp>
			</report>
			<report>
				<misses>4462001</misses>
				<total>22</total>
				<timestamp>1248.112272</timestamp>
			</report>
			<report>
				<misses>4463001</misses>
				<total>24</total>
				<timestamp>1248.391936</timestamp>
			</report>
			<report>
				<misses>4464001</misses>
				<total>24</total>
				<timestamp>1248.671719</timestamp>
			</report>
			<report>
				<misses>4465001</misses>
				<total>24</total>
				<timestamp>1248.951384</timestamp>
			</report>
			<report>
				<misses>4466001</misses>
				<total>24</total>
				<timestamp>1249.231125</timestamp>
			</report>
			<report>
				<misses>4467001</misses>
				<total>24</total>
				<timestamp>1249.510830</timestamp>
			</report>
			<report>
				<misses>4468001</misses>
				<total>24</total>
				<timestamp>1249.790574</timestamp>
			</report>
			<report>
				<misses>4469001</misses>
				<total>24</total>
				<timestamp>1250.070272</timestamp>
			</report>
			<report>
				<misses>4470001</misses>
				<total>24</total>
				<timestamp>1250.349960</timestamp>
			</report>
			<report>
				<misses>4471001</misses>
				<total>24</total>
				<timestamp>1250.629699</timestamp>
			</report>
			<report>
				<misses>4472001</misses>
				<total>24</total>
				<timestamp>1250.909392</timestamp>
			</report>
			<report>
				<misses>4473001</misses>
				<total>24</total>
				<timestamp>1251.189153</timestamp>
			</report>
			<report>
				<misses>4474001</misses>
				<total>24</total>
				<timestamp>1251.468841</timestamp>
			</report>
			<report>
				<misses>4475001</misses>
				<total>24</total>
				<timestamp>1251.748566</timestamp>
			</report>
			<report>
				<misses>4476001</misses>
				<total>24</total>
				<timestamp>1252.028320</timestamp>
			</report>
			<report>
				<misses>4477001</misses>
				<total>24</total>
				<timestamp>1252.308018</timestamp>
			</report>
			<report>
				<misses>4478001</misses>
				<total>24</total>
				<timestamp>1252.587747</timestamp>
			</report>
			<report>
				<misses>4479001</misses>
				<total>24</total>
				<timestamp>1252.867460</timestamp>
			</report>
			<report>
				<misses>4480001</misses>
				<total>24</total>
				<timestamp>1253.147174</timestamp>
			</report>
			<report>
				<misses>4481001</misses>
				<total>24</total>
				<timestamp>1253.426876</timestamp>
			</report>
			<report>
				<misses>4482001</misses>
				<total>24</total>
				<timestamp>1253.706658</timestamp>
			</report>
			<report>
				<misses>4483001</misses>
				<total>24</total>
				<timestamp>1253.986333</timestamp>
			</report>
			<report>
				<misses>4484001</misses>
				<total>24</total>
				<timestamp>1254.266049</timestamp>
			</report>
			<report>
				<misses>4485001</misses>
				<total>24</total>
				<timestamp>1254.545813</timestamp>
			</report>
			<report>
				<misses>4486001</misses>
				<total>24</total>
				<timestamp>1254.825549</timestamp>
			</report>
			<report>
				<misses>4487001</misses>
				<total>24</total>
				<timestamp>1255.105207</timestamp>
			</report>
			<report>
				<misses>4488001</misses>
				<total>24</total>
				<timestamp>1255.384946</timestamp>
			</report>
			<report>
				<misses>4489001</misses>
				<total>24</total>
				<timestamp>1255.664669</timestamp>
			</report>
			<report>
				<misses>4490001</misses>
				<total>24</total>
				<timestamp>1255.944362</timestamp>
			</report>
			<report>
				<misses>4491001</misses>
				<total>24</total>
				<timestamp>1256.224135</timestamp>
			</report>
			<report>
				<misses>4492001</misses>
				<total>24</total>
				<timestamp>1256.503823</timestamp>
			</report>
			<report>
				<misses>4493001</misses>
				<total>24</total>
				<timestamp>1256.783542</timestamp>
			</report>
			<report>
				<misses>4494001</misses>
				<total>24</total>
				<timestamp>1257.063256</timestamp>
			</report>
			<report>
				<misses>4495001</misses>
				<total>24</total>
				<timestamp>1257.343013</timestamp>
			</report>
			<report>
				<misses>4496001</misses>
				<total>24</total>
				<timestamp>1257.622692</timestamp>
			</report>
			<report>
				<misses>4497001</misses>
				<total>24</total>
				<timestamp>1257.902413</timestamp>
			</report>
			<report>
				<misses>4498001</misses>
				<total>24</total>
				<timestamp>1258.182179</timestamp>
			</report>
			<report>
				<misses>4499001</misses>
				<total>24</total>
				<timestamp>1258.461869</timestamp>
			</report>
			<report>
				<misses>4500001</misses>
				<total>24</total>
				<timestamp>1258.741620</timestamp>
			</report>
			<report>
				<misses>4501001</misses>
				<total>24</total>
				<timestamp>1259.021279</timestamp>
			</report>
			<report>
				<misses>4502001</misses>
				<total>24</total>
				<timestamp>1259.301026</timestamp>
			</report>
			<report>
				<misses>4503001</misses>
				<total>24</total>
				<timestamp>1259.580737</timestamp>
			</report>
			<report>
				<misses>4504001</misses>
				<total>24</total>
				<timestamp>1259.860476</timestamp>
			</report>
			<report>
				<misses>4505001</misses>
				<total>24</total>
				<timestamp>1260.140165</timestamp>
			</report>
			<report>
				<misses>4506001</misses>
				<total>24</total>
				<timestamp>1260.419881</timestamp>
			</report>
			<report>
				<misses>4507001</misses>
				<total>24</total>
				<timestamp>1260.699617</timestamp>
			</report>
			<report>
				<misses>4508001</misses>
				<total>24</total>
				<timestamp>1260.979330</timestamp>
			</report>
			<report>
				<misses>4509001</misses>
				<total>24</total>
				<timestamp>1261.259093</timestamp>
			</report>
			<report>
				<misses>4510001</misses>
				<total>24</total>
				<timestamp>1261.538819</timestamp>
			</report>
			<report>
				<misses>4511001</misses>
				<total>24</total>
				<timestamp>1261.818495</timestamp>
			</report>
			<report>
				<misses>4512001</misses>
				<total>24</total>
				<timestamp>1262.098319</timestamp>
			</report>
			<report>
				<misses>4513001</misses>
				<total>24</total>
				<timestamp>1262.377928</timestamp>
			</report>
			<report>
				<misses>4514001</misses>
				<total>24</total>
				<timestamp>1262.657705</timestamp>
			</report>
			<report>
				<misses>4515001</misses>
				<total>24</total>
				<timestamp>1262.937383</timestamp>
			</report>
			<report>
				<misses>4516001</misses>
				<total>24</total>
				<timestamp>1263.217149</timestamp>
			</report>
			<report>
				<misses>4517001</misses>
				<total>24</total>
				<timestamp>1263.496828</timestamp>
			</report>
			<report>
				<misses>4518001</misses>
				<total>24</total>
				<timestamp>1263.776522</timestamp>
			</report>
			<report>
				<misses>4519001</misses>
				<total>24</total>
				<timestamp>1264.056317</timestamp>
			</report>
			<report>
				<misses>4520001</misses>
				<total>24</total>
				<timestamp>1264.335995</timestamp>
			</report>
			<report>
				<misses>4521001</misses>
				<total>24</total>
				<timestamp>1264.615697</timestamp>
			</report>
			<report>
				<misses>4522001</misses>
				<total>24</total>
				<timestamp>1264.895511</timestamp>
			</report>
			<report>
				<misses>4523001</misses>
				<total>24</total>
				<timestamp>1265.175121</timestamp>
			</report>
			<report>
				<misses>4524001</misses>
				<total>24</total>
				<timestamp>1265.454846</timestamp>
			</report>
			<report>
				<misses>4525001</misses>
				<total>24</total>
				<timestamp>1265.734590</timestamp>
			</report>
			<report>
				<misses>4526001</misses>
				<total>24</total>
				<timestamp>1266.014284</timestamp>
			</report>
			<report>
				<misses>4527001</misses>
				<total>24</total>
				<timestamp>1266.294070</timestamp>
			</report>
			<report>
				<misses>4528001</misses>
				<total>24</total>
				<timestamp>1266.573746</timestamp>
			</report>
			<report>
				<misses>4529001</misses>
				<total>24</total>
				<timestamp>1266.853460</timestamp>
			</report>
			<report>
				<misses>4530001</misses>
				<total>24</total>
				<timestamp>1267.133183</timestamp>
			</report>
			<report>
				<misses>4531001</misses>
				<total>24</total>
				<timestamp>1267.412901</timestamp>
			</report>
			<report>
				<misses>4532001</misses>
				<total>24</total>
				<timestamp>1267.692630</timestamp>
			</report>
			<report>
				<misses>4533001</misses>
				<total>24</total>
				<timestamp>1267.972348</timestamp>
			</report>
			<report>
				<misses>4534001</misses>
				<total>24</total>
				<timestamp>1268.252094</timestamp>
			</report>
			<report>
				<misses>4535001</misses>
				<total>24</total>
				<timestamp>1268.531751</timestamp>
			</report>
			<report>
				<misses>4536001</misses>
				<total>24</total>
				<timestamp>1268.811505</timestamp>
			</report>
			<report>
				<misses>4537001</misses>
				<total>24</total>
				<timestamp>1269.091208</timestamp>
			</report>
			<report>
				<misses>4538001</misses>
				<total>24</total>
				<timestamp>1269.370971</timestamp>
			</report>
			<report>
				<misses>4539001</misses>
				<total>24</total>
				<timestamp>1269.650656</timestamp>
			</report>
			<report>
				<misses>4540001</misses>
				<total>24</total>
				<timestamp>1269.930391</timestamp>
			</report>
			<report>
				<misses>4541001</misses>
				<total>24</total>
				<timestamp>1270.210122</timestamp>
			</report>
			<report>
				<misses>4542001</misses>
				<total>24</total>
				<timestamp>1270.489816</timestamp>
			</report>
			<report>
				<misses>4543001</misses>
				<total>24</total>
				<timestamp>1270.769538</timestamp>
			</report>
			<report>
				<misses>4544001</misses>
				<total>24</total>
				<timestamp>1271.049249</timestamp>
			</report>
			<report>
				<misses>4545001</misses>
				<total>24</total>
				<timestamp>1271.329054</timestamp>
			</report>
			<report>
				<misses>4546001</misses>
				<total>24</total>
				<timestamp>1271.608695</timestamp>
			</report>
			<report>
				<misses>4547001</misses>
				<total>24</total>
				<timestamp>1271.888455</timestamp>
			</report>
			<report>
				<misses>4548001</misses>
				<total>24</total>
				<timestamp>1272.168198</timestamp>
			</report>
			<report>
				<misses>4549001</misses>
				<total>24</total>
				<timestamp>1272.447873</timestamp>
			</report>
			<report>
				<misses>4550001</misses>
				<total>24</total>
				<timestamp>1272.727567</timestamp>
			</report>
			<report>
				<misses>4551001</misses>
				<total>24</total>
				<timestamp>1273.007346</timestamp>
			</report>
			<report>
				<misses>4552001</misses>
				<total>24</total>
				<timestamp>1273.287014</timestamp>
			</report>
			<report>
				<misses>4553001</misses>
				<total>24</total>
				<timestamp>1273.566731</timestamp>
			</report>
			<report>
				<misses>4554001</misses>
				<total>24</total>
				<timestamp>1273.846468</timestamp>
			</report>
			<report>
				<misses>4555001</misses>
				<total>24</total>
				<timestamp>1274.126190</timestamp>
			</report>
			<report>
				<misses>4556001</misses>
				<total>24</total>
				<timestamp>1274.405893</timestamp>
			</report>
			<report>
				<misses>4557001</misses>
				<total>24</total>
				<timestamp>1274.685623</timestamp>
			</report>
			<report>
				<misses>4558001</misses>
				<total>24</total>
				<timestamp>1274.965368</timestamp>
			</report>
			<report>
				<misses>4559001</misses>
				<total>24</total>
				<timestamp>1275.245109</timestamp>
			</report>
			<report>
				<misses>4560001</misses>
				<total>24</total>
				<timestamp>1275.524796</timestamp>
			</report>
			<report>
				<misses>4561001</misses>
				<total>24</total>
				<timestamp>1275.804492</timestamp>
			</report>
			<report>
				<misses>4562001</misses>
				<total>24</total>
				<timestamp>1276.084210</timestamp>
			</report>
			<report>
				<misses>4563001</misses>
				<total>24</total>
				<timestamp>1276.363958</timestamp>
			</report>
			<report>
				<misses>4564001</misses>
				<total>24</total>
				<timestamp>1276.643653</timestamp>
			</report>
			<report>
				<misses>4565001</misses>
				<total>24</total>
				<timestamp>1276.923365</timestamp>
			</report>
			<report>
				<misses>4566001</misses>
				<total>24</total>
				<timestamp>1277.203101</timestamp>
			</report>
			<report>
				<misses>4567001</misses>
				<total>24</total>
				<timestamp>1277.482818</timestamp>
			</report>
			<report>
				<misses>4568001</misses>
				<total>24</total>
				<timestamp>1277.762539</timestamp>
			</report>
			<report>
				<misses>4569001</misses>
				<total>24</total>
				<timestamp>1278.042231</timestamp>
			</report>
			<report>
				<misses>4570001</misses>
				<total>24</total>
				<timestamp>1278.322063</timestamp>
			</report>
			<report>
				<misses>4571001</misses>
				<total>24</total>
				<timestamp>1278.601707</timestamp>
			</report>
			<report>
				<misses>4572001</misses>
				<total>24</total>
				<timestamp>1278.881447</timestamp>
			</report>
			<report>
				<misses>4573001</misses>
				<total>24</total>
				<timestamp>1279.161143</timestamp>
			</report>
			<report>
				<misses>4574001</misses>
				<total>24</total>
				<timestamp>1279.440853</timestamp>
			</report>
			<report>
				<misses>4575001</misses>
				<total>24</total>
				<timestamp>1279.720576</timestamp>
			</report>
			<report>
				<misses>4576001</misses>
				<total>24</total>
				<timestamp>1280.000302</timestamp>
			</report>
			<report>
				<misses>4577001</misses>
				<total>24</total>
				<timestamp>1280.279998</timestamp>
			</report>
			<report>
				<misses>4578001</misses>
				<total>24</total>
				<timestamp>1280.559746</timestamp>
			</report>
			<report>
				<misses>4579001</misses>
				<total>24</total>
				<timestamp>1280.839514</timestamp>
			</report>
			<report>
				<misses>4580001</misses>
				<total>24</total>
				<timestamp>1281.119204</timestamp>
			</report>
			<report>
				<misses>4581001</misses>
				<total>24</total>
				<timestamp>1281.398894</timestamp>
			</report>
			<report>
				<misses>4582001</misses>
				<total>24</total>
				<timestamp>1281.678633</timestamp>
			</report>
			<report>
				<misses>4583001</misses>
				<total>24</total>
				<timestamp>1281.958384</timestamp>
			</report>
			<report>
				<misses>4584001</misses>
				<total>24</total>
				<timestamp>1282.238127</timestamp>
			</report>
			<report>
				<misses>4585001</misses>
				<total>24</total>
				<timestamp>1282.517781</timestamp>
			</report>
			<report>
				<misses>4586001</misses>
				<total>24</total>
				<timestamp>1282.797496</timestamp>
			</report>
			<report>
				<misses>4587001</misses>
				<total>24</total>
				<timestamp>1283.077202</timestamp>
			</report>
			<report>
				<misses>4588001</misses>
				<total>24</total>
				<timestamp>1283.356960</timestamp>
			</report>
			<report>
				<misses>4589001</misses>
				<total>24</total>
				<timestamp>1283.636659</timestamp>
			</report>
			<report>
				<misses>4590001</misses>
				<total>24</total>
				<timestamp>1283.916394</timestamp>
			</report>
			<report>
				<misses>4591001</misses>
				<total>24</total>
				<timestamp>1284.196132</timestamp>
			</report>
			<report>
				<misses>4592001</misses>
				<total>24</total>
				<timestamp>1284.475806</timestamp>
			</report>
			<report>
				<misses>4593001</misses>
				<total>24</total>
				<timestamp>1284.755582</timestamp>
			</report>
			<report>
				<misses>4594001</misses>
				<total>24</total>
				<timestamp>1285.035269</timestamp>
			</report>
			<report>
				<misses>4595001</misses>
				<total>24</total>
				<timestamp>1285.315035</timestamp>
			</report>
			<report>
				<misses>4596001</misses>
				<total>24</total>
				<timestamp>1285.594743</timestamp>
			</report>
			<report>
				<misses>4597001</misses>
				<total>24</total>
				<timestamp>1285.874418</timestamp>
			</report>
			<report>
				<misses>4598001</misses>
				<total>24</total>
				<timestamp>1286.154122</timestamp>
			</report>
			<report>
				<misses>4599001</misses>
				<total>24</total>
				<timestamp>1286.433913</timestamp>
			</report>
			<report>
				<misses>4600001</misses>
				<total>24</total>
				<timestamp>1286.713563</timestamp>
			</report>
			<report>
				<misses>4601001</misses>
				<total>24</total>
				<timestamp>1286.993310</timestamp>
			</report>
			<report>
				<misses>4602001</misses>
				<total>24</total>
				<timestamp>1287.273033</timestamp>
			</report>
			<report>
				<misses>4603001</misses>
				<total>24</total>
				<timestamp>1287.552772</timestamp>
			</report>
			<report>
				<misses>4604001</misses>
				<total>24</total>
				<timestamp>1287.832461</timestamp>
			</report>
			<report>
				<misses>4605001</misses>
				<total>24</total>
				<timestamp>1288.112169</timestamp>
			</report>
			<report>
				<misses>4606001</misses>
				<total>24</total>
				<timestamp>1288.391973</timestamp>
			</report>
			<report>
				<misses>4607001</misses>
				<total>24</total>
				<timestamp>1288.671618</timestamp>
			</report>
			<report>
				<misses>4608001</misses>
				<total>24</total>
				<timestamp>1288.951347</timestamp>
			</report>
			<report>
				<misses>4609001</misses>
				<total>24</total>
				<timestamp>1289.231065</timestamp>
			</report>
			<report>
				<misses>4610001</misses>
				<total>24</total>
				<timestamp>1289.510760</timestamp>
			</report>
			<report>
				<misses>4611001</misses>
				<total>24</total>
				<timestamp>1289.790522</timestamp>
			</report>
			<report>
				<misses>4612001</misses>
				<total>24</total>
				<timestamp>1290.070200</timestamp>
			</report>
			<report>
				<misses>4613001</misses>
				<total>24</total>
				<timestamp>1290.350003</timestamp>
			</report>
			<report>
				<misses>4614001</misses>
				<total>24</total>
				<timestamp>1290.629676</timestamp>
			</report>
			<report>
				<misses>4615001</misses>
				<total>24</total>
				<timestamp>1290.909410</timestamp>
			</report>
			<report>
				<misses>4616001</misses>
				<total>24</total>
				<timestamp>1291.189194</timestamp>
			</report>
			<report>
				<misses>4617001</misses>
				<total>24</total>
				<timestamp>1291.468804</timestamp>
			</report>
			<report>
				<misses>4618001</misses>
				<total>24</total>
				<timestamp>1291.748528</timestamp>
			</report>
			<report>
				<misses>4619001</misses>
				<total>24</total>
				<timestamp>1292.028296</timestamp>
			</report>
			<report>
				<misses>4620001</misses>
				<total>24</total>
				<timestamp>1292.308042</timestamp>
			</report>
			<report>
				<misses>4621001</misses>
				<total>24</total>
				<timestamp>1292.587724</timestamp>
			</report>
			<report>
				<misses>4622001</misses>
				<total>24</total>
				<timestamp>1292.867441</timestamp>
			</report>
			<report>
				<misses>4623001</misses>
				<total>24</total>
				<timestamp>1293.147127</timestamp>
			</report>
			<report>
				<misses>4624001</misses>
				<total>24</total>
				<timestamp>1293.426895</timestamp>
			</report>
			<report>
				<misses>4625001</misses>
				<total>24</total>
				<timestamp>1293.706567</timestamp>
			</report>
			<report>
				<misses>4626001</misses>
				<total>24</total>
				<timestamp>1293.986311</timestamp>
			</report>
			<report>
				<misses>4627001</misses>
				<total>24</total>
				<timestamp>1294.266025</timestamp>
			</report>
			<report>
				<misses>4628001</misses>
				<total>24</total>
				<timestamp>1294.545746</timestamp>
			</report>
			<report>
				<misses>4629001</misses>
				<total>24</total>
				<timestamp>1294.825484</timestamp>
			</report>
			<report>
				<misses>4630001</misses>
				<total>24</total>
				<timestamp>1295.105182</timestamp>
			</report>
			<report>
				<misses>4631001</misses>
				<total>24</total>
				<timestamp>1295.384900</timestamp>
			</report>
			<report>
				<misses>4632001</misses>
				<total>24</total>
				<timestamp>1295.664664</timestamp>
			</report>
			<report>
				<misses>4633001</misses>
				<total>24</total>
				<timestamp>1295.944328</timestamp>
			</report>
			<report>
				<misses>4634001</misses>
				<total>24</total>
				<timestamp>1296.224065</timestamp>
			</report>
			<report>
				<misses>4635001</misses>
				<total>24</total>
				<timestamp>1296.503776</timestamp>
			</report>
			<report>
				<misses>4636001</misses>
				<total>24</total>
				<timestamp>1296.783489</timestamp>
			</report>
			<report>
				<misses>4637001</misses>
				<total>24</total>
				<timestamp>1297.063231</timestamp>
			</report>
			<report>
				<misses>4638001</misses>
				<total>24</total>
				<timestamp>1297.342941</timestamp>
			</report>
			<report>
				<misses>4639001</misses>
				<total>24</total>
				<timestamp>1297.622635</timestamp>
			</report>
			<report>
				<misses>4640001</misses>
				<total>24</total>
				<timestamp>1297.902398</timestamp>
			</report>
			<report>
				<misses>4641001</misses>
				<total>24</total>
				<timestamp>1298.182163</timestamp>
			</report>
			<report>
				<misses>4642001</misses>
				<total>24</total>
				<timestamp>1298.461805</timestamp>
			</report>
			<report>
				<misses>4643001</misses>
				<total>24</total>
				<timestamp>1298.741552</timestamp>
			</report>
			<report>
				<misses>4644001</misses>
				<total>24</total>
				<timestamp>1299.021275</timestamp>
			</report>
			<report>
				<misses>4645001</misses>
				<total>24</total>
				<timestamp>1299.301020</timestamp>
			</report>
			<report>
				<misses>4646001</misses>
				<total>24</total>
				<timestamp>1299.580727</timestamp>
			</report>
			<report>
				<misses>4647001</misses>
				<total>24</total>
				<timestamp>1299.860418</timestamp>
			</report>
			<report>
				<misses>4648001</misses>
				<total>24</total>
				<timestamp>1300.140135</timestamp>
			</report>
			<report>
				<misses>4649001</misses>
				<total>24</total>
				<timestamp>1300.419890</timestamp>
			</report>
			<report>
				<misses>4650001</misses>
				<total>24</total>
				<timestamp>1300.699582</timestamp>
			</report>
			<report>
				<misses>4651001</misses>
				<total>24</total>
				<timestamp>1300.979375</timestamp>
			</report>
			<report>
				<misses>4652001</misses>
				<total>24</total>
				<timestamp>1301.259021</timestamp>
			</report>
			<report>
				<misses>4653001</misses>
				<total>24</total>
				<timestamp>1301.538739</timestamp>
			</report>
			<report>
				<misses>4654001</misses>
				<total>24</total>
				<timestamp>1301.818484</timestamp>
			</report>
			<report>
				<misses>4655001</misses>
				<total>24</total>
				<timestamp>1302.098224</timestamp>
			</report>
			<report>
				<misses>4656001</misses>
				<total>24</total>
				<timestamp>1302.377911</timestamp>
			</report>
			<report>
				<misses>4657001</misses>
				<total>24</total>
				<timestamp>1302.657600</timestamp>
			</report>
			<report>
				<misses>4658001</misses>
				<total>24</total>
				<timestamp>1302.937349</timestamp>
			</report>
			<report>
				<misses>4659001</misses>
				<total>24</total>
				<timestamp>1303.217123</timestamp>
			</report>
			<report>
				<misses>4660001</misses>
				<total>24</total>
				<timestamp>1303.496783</timestamp>
			</report>
			<report>
				<misses>4661001</misses>
				<total>24</total>
				<timestamp>1303.776494</timestamp>
			</report>
			<report>
				<misses>4662001</misses>
				<total>24</total>
				<timestamp>1304.056231</timestamp>
			</report>
			<report>
				<misses>4663001</misses>
				<total>24</total>
				<timestamp>1304.336011</timestamp>
			</report>
			<report>
				<misses>4664001</misses>
				<total>24</total>
				<timestamp>1304.615673</timestamp>
			</report>
			<report>
				<misses>4665001</misses>
				<total>24</total>
				<timestamp>1304.895366</timestamp>
			</report>
			<report>
				<misses>4666001</misses>
				<total>24</total>
				<timestamp>1305.175144</timestamp>
			</report>
			<report>
				<misses>4667001</misses>
				<total>24</total>
				<timestamp>1305.454901</timestamp>
			</report>
			<report>
				<misses>4668001</misses>
				<total>24</total>
				<timestamp>1305.734549</timestamp>
			</report>
			<report>
				<misses>4669001</misses>
				<total>24</total>
				<timestamp>1306.014265</timestamp>
			</report>
			<report>
				<misses>4670001</misses>
				<total>24</total>
				<timestamp>1306.294031</timestamp>
			</report>
			<report>
				<misses>4671001</misses>
				<total>24</total>
				<timestamp>1306.573698</timestamp>
			</report>
			<report>
				<misses>4672001</misses>
				<total>24</total>
				<timestamp>1306.853430</timestamp>
			</report>
			<report>
				<misses>4673001</misses>
				<total>24</total>
				<timestamp>1307.133160</timestamp>
			</report>
			<report>
				<misses>4674001</misses>
				<total>24</total>
				<timestamp>1307.412881</timestamp>
			</report>
			<report>
				<misses>4675001</misses>
				<total>24</total>
				<timestamp>1307.692568</timestamp>
			</report>
			<report>
				<misses>4676001</misses>
				<total>24</total>
				<timestamp>1307.972328</timestamp>
			</report>
			<report>
				<misses>4677001</misses>
				<total>24</total>
				<timestamp>1308.252004</timestamp>
			</report>
			<report>
				<misses>4678001</misses>
				<total>24</total>
				<timestamp>1308.531733</timestamp>
			</report>
			<report>
				<misses>4679001</misses>
				<total>24</total>
				<timestamp>1308.811481</timestamp>
			</report>
			<report>
				<misses>4680001</misses>
				<total>24</total>
				<timestamp>1309.091223</timestamp>
			</report>
			<report>
				<misses>4681001</misses>
				<total>24</total>
				<timestamp>1309.370888</timestamp>
			</report>
			<report>
				<misses>4682001</misses>
				<total>24</total>
				<timestamp>1309.650638</timestamp>
			</report>
			<report>
				<misses>4683001</misses>
				<total>24</total>
				<timestamp>1309.930332</timestamp>
			</report>
			<report>
				<misses>4684001</misses>
				<total>24</total>
				<timestamp>1310.210046</timestamp>
			</report>
			<report>
				<misses>4685001</misses>
				<total>24</total>
				<timestamp>1310.489833</timestamp>
			</report>
			<report>
				<misses>4686001</misses>
				<total>24</total>
				<timestamp>1310.769541</timestamp>
			</report>
			<report>
				<misses>4687001</misses>
				<total>24</total>
				<timestamp>1311.049209</timestamp>
			</report>
			<report>
				<misses>4688001</misses>
				<total>24</total>
				<timestamp>1311.328977</timestamp>
			</report>
			<report>
				<misses>4689001</misses>
				<total>24</total>
				<timestamp>1311.608667</timestamp>
			</report>
			<report>
				<misses>4690001</misses>
				<total>24</total>
				<timestamp>1311.888362</timestamp>
			</report>
			<report>
				<misses>4691001</misses>
				<total>24</total>
				<timestamp>1312.168151</timestamp>
			</report>
			<report>
				<misses>4692001</misses>
				<total>24</total>
				<timestamp>1312.447889</timestamp>
			</report>
			<report>
				<misses>4693001</misses>
				<total>24</total>
				<timestamp>1312.727535</timestamp>
			</report>
			<report>
				<misses>4694001</misses>
				<total>24</total>
				<timestamp>1313.007298</timestamp>
			</report>
			<report>
				<misses>4695001</misses>
				<total>24</total>
				<timestamp>1313.287021</timestamp>
			</report>
			<report>
				<misses>4696001</misses>
				<total>24</total>
				<timestamp>1313.566689</timestamp>
			</report>
			<report>
				<misses>4697001</misses>
				<total>24</total>
				<timestamp>1313.846405</timestamp>
			</report>
			<report>
				<misses>4698001</misses>
				<total>24</total>
				<timestamp>1314.126164</timestamp>
			</report>
			<report>
				<misses>4699001</misses>
				<total>24</total>
				<timestamp>1314.405855</timestamp>
			</report>
			<report>
				<misses>4700001</misses>
				<total>24</total>
				<timestamp>1314.685558</timestamp>
			</report>
			<report>
				<misses>4701001</misses>
				<total>24</total>
				<timestamp>1314.965296</timestamp>
			</report>
			<report>
				<misses>4702001</misses>
				<total>24</total>
				<timestamp>1315.245016</timestamp>
			</report>
			<report>
				<misses>4703001</misses>
				<total>24</total>
				<timestamp>1315.524740</timestamp>
			</report>
			<report>
				<misses>4704001</misses>
				<total>24</total>
				<timestamp>1315.804501</timestamp>
			</report>
			<report>
				<misses>4705001</misses>
				<total>24</total>
				<timestamp>1316.084191</timestamp>
			</report>
			<report>
				<misses>4706001</misses>
				<total>24</total>
				<timestamp>1316.363957</timestamp>
			</report>
			<report>
				<misses>4707001</misses>
				<total>24</total>
				<timestamp>1316.643599</timestamp>
			</report>
			<report>
				<misses>4708001</misses>
				<total>24</total>
				<timestamp>1316.923329</timestamp>
			</report>
			<report>
				<misses>4709001</misses>
				<total>24</total>
				<timestamp>1317.203086</timestamp>
			</report>
			<report>
				<misses>4710001</misses>
				<total>24</total>
				<timestamp>1317.482782</timestamp>
			</report>
			<report>
				<misses>4711001</misses>
				<total>24</total>
				<timestamp>1317.762510</timestamp>
			</report>
			<report>
				<misses>4712001</misses>
				<total>24</total>
				<timestamp>1318.042246</timestamp>
			</report>
			<report>
				<misses>4713001</misses>
				<total>24</total>
				<timestamp>1318.322010</timestamp>
			</report>
			<report>
				<misses>4714001</misses>
				<total>24</total>
				<timestamp>1318.601645</timestamp>
			</report>
			<report>
				<misses>4715001</misses>
				<total>24</total>
				<timestamp>1318.881370</timestamp>
			</report>
			<report>
				<misses>4716001</misses>
				<total>24</total>
				<timestamp>1319.161148</timestamp>
			</report>
			<report>
				<misses>4717001</misses>
				<total>24</total>
				<timestamp>1319.440873</timestamp>
			</report>
			<report>
				<misses>4718001</misses>
				<total>24</total>
				<timestamp>1319.720520</timestamp>
			</report>
			<report>
				<misses>4719001</misses>
				<total>24</total>
				<timestamp>1320.000297</timestamp>
			</report>
			<report>
				<misses>4720001</misses>
				<total>24</total>
				<timestamp>1320.279970</timestamp>
			</report>
			<report>
				<misses>4721001</misses>
				<total>24</total>
				<timestamp>1320.559824</timestamp>
			</report>
			<report>
				<misses>4722001</misses>
				<total>24</total>
				<timestamp>1320.839408</timestamp>
			</report>
			<report>
				<misses>4723001</misses>
				<total>24</total>
				<timestamp>1321.119135</timestamp>
			</report>
			<report>
				<misses>4724001</misses>
				<total>24</total>
				<timestamp>1321.398888</timestamp>
			</report>
			<report>
				<misses>4725001</misses>
				<total>24</total>
				<timestamp>1321.678638</timestamp>
			</report>
			<report>
				<misses>4726001</misses>
				<total>24</total>
				<timestamp>1321.958321</timestamp>
			</report>
			<report>
				<misses>4727001</misses>
				<total>24</total>
				<timestamp>1322.238034</timestamp>
			</report>
			<report>
				<misses>4728001</misses>
				<total>24</total>
				<timestamp>1322.517778</timestamp>
			</report>
			<report>
				<misses>4729001</misses>
				<total>24</total>
				<timestamp>1322.797451</timestamp>
			</report>
			<report>
				<misses>4730001</misses>
				<total>24</total>
				<timestamp>1323.077191</timestamp>
			</report>
			<report>
				<misses>4731001</misses>
				<total>24</total>
				<timestamp>1323.356894</timestamp>
			</report>
			<report>
				<misses>4732001</misses>
				<total>24</total>
				<timestamp>1323.636600</timestamp>
			</report>
			<report>
				<misses>4733001</misses>
				<total>24</total>
				<timestamp>1323.916344</timestamp>
			</report>
			<report>
				<misses>4734001</misses>
				<total>24</total>
				<timestamp>1324.196108</timestamp>
			</report>
			<report>
				<misses>4735001</misses>
				<total>24</total>
				<timestamp>1324.475853</timestamp>
			</report>
			<report>
				<misses>4736001</misses>
				<total>24</total>
				<timestamp>1324.755524</timestamp>
			</report>
			<report>
				<misses>4737001</misses>
				<total>24</total>
				<timestamp>1325.035223</timestamp>
			</report>
			<report>
				<misses>4738001</misses>
				<total>24</total>
				<timestamp>1325.314984</timestamp>
			</report>
			<report>
				<misses>4739001</misses>
				<total>26</total>
				<timestamp>1325.594680</timestamp>
			</report>
			<report>
				<misses>4740001</misses>
				<total>26</total>
				<timestamp>1325.874403</timestamp>
			</report>
			<report>
				<misses>4741001</misses>
				<total>26</total>
				<timestamp>1326.154090</timestamp>
			</report>
			<report>
				<misses>4742001</misses>
				<total>26</total>
				<timestamp>1326.433890</timestamp>
			</report>
			<report>
				<misses>4743001</misses>
				<total>26</total>
				<timestamp>1326.713574</timestamp>
			</report>
			<report>
				<misses>4744001</misses>
				<total>26</total>
				<timestamp>1326.993265</timestamp>
			</report>
			<report>
				<misses>4745001</misses>
				<total>26</total>
				<timestamp>1327.273059</timestamp>
			</report>
			<report>
				<misses>4746001</misses>
				<total>26</total>
				<timestamp>1327.552721</timestamp>
			</report>
			<report>
				<misses>4747001</misses>
				<total>26</total>
				<timestamp>1327.832425</timestamp>
			</report>
			<report>
				<misses>4748001</misses>
				<total>26</total>
				<timestamp>1328.112135</timestamp>
			</report>
			<report>
				<misses>4749001</misses>
				<total>26</total>
				<timestamp>1328.391933</timestamp>
			</report>
			<report>
				<misses>4750001</misses>
				<total>26</total>
				<timestamp>1328.671606</timestamp>
			</report>
			<report>
				<misses>4751001</misses>
				<total>26</total>
				<timestamp>1328.951288</timestamp>
			</report>
			<report>
				<misses>4752001</misses>
				<total>26</total>
				<timestamp>1329.231046</timestamp>
			</report>
			<report>
				<misses>4753001</misses>
				<total>26</total>
				<timestamp>1329.510740</timestamp>
			</report>
			<report>
				<misses>4754001</misses>
				<total>26</total>
				<timestamp>1329.790467</timestamp>
			</report>
			<report>
				<misses>4755001</misses>
				<total>26</total>
				<timestamp>1330.070189</timestamp>
			</report>
			<report>
				<misses>4756001</misses>
				<total>26</total>
				<timestamp>1330.349894</timestamp>
			</report>
			<report>
				<misses>4757001</misses>
				<total>26</total>
				<timestamp>1330.629619</timestamp>
			</report>
			<report>
				<misses>4758001</misses>
				<total>26</total>
				<timestamp>1330.909360</timestamp>
			</report>
			<report>
				<misses>4759001</misses>
				<total>26</total>
				<timestamp>1331.189084</timestamp>
			</report>
			<report>
				<misses>4760001</misses>
				<total>26</total>
				<timestamp>1331.468809</timestamp>
			</report>
			<report>
				<misses>4761001</misses>
				<total>26</total>
				<timestamp>1331.748496</timestamp>
			</report>
			<report>
				<misses>4762001</misses>
				<total>26</total>
				<timestamp>1332.028204</timestamp>
			</report>
			<report>
				<misses>4763001</misses>
				<total>26</total>
				<timestamp>1332.307949</timestamp>
			</report>
			<report>
				<misses>4764001</misses>
				<total>26</total>
				<timestamp>1332.587635</timestamp>
			</report>
			<report>
				<misses>4765001</misses>
				<total>26</total>
				<timestamp>1332.867378</timestamp>
			</report>
			<report>
				<misses>4766001</misses>
				<total>26</total>
				<timestamp>1333.147146</timestamp>
			</report>
			<report>
				<misses>4767001</misses>
				<total>26</total>
				<timestamp>1333.426896</timestamp>
			</report>
			<report>
				<misses>4768001</misses>
				<total>26</total>
				<timestamp>1333.706535</timestamp>
			</report>
			<report>
				<misses>4769001</misses>
				<total>26</total>
				<timestamp>1333.986302</timestamp>
			</report>
			<report>
				<misses>4770001</misses>
				<total>26</total>
				<timestamp>1334.266003</timestamp>
			</report>
			<report>
				<misses>4771001</misses>
				<total>26</total>
				<timestamp>1334.545741</timestamp>
			</report>
			<report>
				<misses>4772001</misses>
				<total>26</total>
				<timestamp>1334.825420</timestamp>
			</report>
			<report>
				<misses>4773001</misses>
				<total>26</total>
				<timestamp>1335.105173</timestamp>
			</report>
			<report>
				<misses>4774001</misses>
				<total>26</total>
				<timestamp>1335.384933</timestamp>
			</report>
			<report>
				<misses>4775001</misses>
				<total>26</total>
				<timestamp>1335.664598</timestamp>
			</report>
			<report>
				<misses>4776001</misses>
				<total>26</total>
				<timestamp>1335.944287</timestamp>
			</report>
			<report>
				<misses>4777001</misses>
				<total>26</total>
				<timestamp>1336.224055</timestamp>
			</report>
			<report>
				<misses>4778001</misses>
				<total>26</total>
				<timestamp>1336.503803</timestamp>
			</report>
			<report>
				<misses>4779001</misses>
				<total>26</total>
				<timestamp>1336.783485</timestamp>
			</report>
			<report>
				<misses>4780001</misses>
				<total>26</total>
				<timestamp>1337.063166</timestamp>
			</report>
			<report>
				<misses>4781001</misses>
				<total>26</total>
				<timestamp>1337.342971</timestamp>
			</report>
			<report>
				<misses>4782001</misses>
				<total>26</total>
				<timestamp>1337.622605</timestamp>
			</report>
			<report>
				<misses>4783001</misses>
				<total>26</total>
				<timestamp>1337.902342</timestamp>
			</report>
			<report>
				<misses>4784001</misses>
				<total>26</total>
				<timestamp>1338.182062</timestamp>
			</report>
			<report>
				<misses>4785001</misses>
				<total>26</total>
				<timestamp>1338.461846</timestamp>
			</report>
			<report>
				<misses>4786001</misses>
				<total>27</total>
				<timestamp>1338.741591</timestamp>
			</report>
			<report>
				<misses>4787001</misses>
				<total>27</total>
				<timestamp>1339.021234</timestamp>
			</report>
			<report>
				<misses>4788001</misses>
				<total>27</total>
				<timestamp>1339.300983</timestamp>
			</report>
			<report>
				<misses>4789001</misses>
				<total>27</total>
				<timestamp>1339.580649</timestamp>
			</report>
			<report>
				<misses>4790001</misses>
				<total>27</total>
				<timestamp>1339.860417</timestamp>
			</report>
			<report>
				<misses>4791001</misses>
				<total>27</total>
				<timestamp>1340.140118</timestamp>
			</report>
			<report>
				<misses>4792001</misses>
				<total>27</total>
				<timestamp>1340.419871</timestamp>
			</report>
			<report>
				<misses>4793001</misses>
				<total>27</total>
				<timestamp>1340.699524</timestamp>
			</report>
			<report>
				<misses>4794001</misses>
				<total>27</total>
				<timestamp>1340.979279</timestamp>
			</report>
			<report>
				<misses>4795001</misses>
				<total>27</total>
				<timestamp>1341.258983</timestamp>
			</report>
			<report>
				<misses>4796001</misses>
				<total>27</total>
				<timestamp>1341.538710</timestamp>
			</report>
			<report>
				<misses>4797001</misses>
				<total>27</total>
				<timestamp>1341.818415</timestamp>
			</report>
			<report>
				<misses>4798001</misses>
				<total>27</total>
				<timestamp>1342.098149</timestamp>
			</report>
			<report>
				<misses>4799001</misses>
				<total>27</total>
				<timestamp>1342.377876</timestamp>
			</report>
			<report>
				<misses>4800001</misses>
				<total>27</total>
				<timestamp>1342.657585</timestamp>
			</report>
			<report>
				<misses>4801001</misses>
				<total>27</total>
				<timestamp>1342.937299</timestamp>
			</report>
			<report>
				<misses>4802001</misses>
				<total>27</total>
				<timestamp>1343.217039</timestamp>
			</report>
			<report>
				<misses>4803001</misses>
				<total>27</total>
				<timestamp>1343.496759</timestamp>
			</report>
			<report>
				<misses>4804001</misses>
				<total>27</total>
				<timestamp>1343.776456</timestamp>
			</report>
			<report>
				<misses>4805001</misses>
				<total>27</total>
				<timestamp>1344.056166</timestamp>
			</report>
			<report>
				<misses>4806001</misses>
				<total>27</total>
				<timestamp>1344.335930</timestamp>
			</report>
			<report>
				<misses>4807001</misses>
				<total>27</total>
				<timestamp>1344.615608</timestamp>
			</report>
			<report>
				<misses>4808001</misses>
				<total>27</total>
				<timestamp>1344.895383</timestamp>
			</report>
			<report>
				<misses>4809001</misses>
				<total>27</total>
				<timestamp>1345.175100</timestamp>
			</report>
			<report>
				<misses>4810001</misses>
				<total>27</total>
				<timestamp>1345.454799</timestamp>
			</report>
			<report>
				<misses>4811001</misses>
				<total>27</total>
				<timestamp>1345.734495</timestamp>
			</report>
			<report>
				<misses>4812001</misses>
				<total>27</total>
				<timestamp>1346.014262</timestamp>
			</report>
			<report>
				<misses>4813001</misses>
				<total>27</total>
				<timestamp>1346.293957</timestamp>
			</report>
			<report>
				<misses>4814001</misses>
				<total>27</total>
				<timestamp>1346.573685</timestamp>
			</report>
			<report>
				<misses>4815001</misses>
				<total>27</total>
				<timestamp>1346.853375</timestamp>
			</report>
			<report>
				<misses>4816001</misses>
				<total>27</total>
				<timestamp>1347.133103</timestamp>
			</report>
			<report>
				<misses>4817001</misses>
				<total>27</total>
				<timestamp>1347.412840</timestamp>
			</report>
			<report>
				<misses>4818001</misses>
				<total>27</total>
				<timestamp>1347.692557</timestamp>
			</report>
			<report>
				<misses>4819001</misses>
				<total>27</total>
				<timestamp>1347.972250</timestamp>
			</report>
			<report>
				<misses>4820001</misses>
				<total>27</total>
				<timestamp>1348.251979</timestamp>
			</report>
			<report>
				<misses>4821001</misses>
				<total>27</total>
				<timestamp>1348.531719</timestamp>
			</report>
			<report>
				<misses>4822001</misses>
				<total>27</total>
				<timestamp>1348.811406</timestamp>
			</report>
			<report>
				<misses>4823001</misses>
				<total>27</total>
				<timestamp>1349.091160</timestamp>
			</report>
			<report>
				<misses>4824001</misses>
				<total>27</total>
				<timestamp>1349.370947</timestamp>
			</report>
			<report>
				<misses>4825001</misses>
				<total>27</total>
				<timestamp>1349.650567</timestamp>
			</report>
			<report>
				<misses>4826001</misses>
				<total>27</total>
				<timestamp>1349.930295</timestamp>
			</report>
			<report>
				<misses>4827001</misses>
				<total>27</total>
				<timestamp>1350.210019</timestamp>
			</report>
			<report>
				<misses>4828001</misses>
				<total>27</total>
				<timestamp>1350.489827</timestamp>
			</report>
			<report>
				<misses>4829001</misses>
				<total>27</total>
				<timestamp>1350.769458</timestamp>
			</report>
			<report>
				<misses>4830001</misses>
				<total>27</total>
				<timestamp>1351.049166</timestamp>
			</report>
			<report>
				<misses>4831001</misses>
				<total>27</total>
				<timestamp>1351.328951</timestamp>
			</report>
			<report>
				<misses>4832001</misses>
				<total>27</total>
				<timestamp>1351.608614</timestamp>
			</report>
			<report>
				<misses>4833001</misses>
				<total>27</total>
				<timestamp>1351.888351</timestamp>
			</report>
			<report>
				<misses>4834001</misses>
				<total>27</total>
				<timestamp>1352.168080</timestamp>
			</report>
			<report>
				<misses>4835001</misses>
				<total>27</total>
				<timestamp>1352.447791</timestamp>
			</report>
			<report>
				<misses>4836001</misses>
				<total>27</total>
				<timestamp>1352.727486</timestamp>
			</report>
			<report>
				<misses>4837001</misses>
				<total>27</total>
				<timestamp>1353.007253</timestamp>
			</report>
			<report>
				<misses>4838001</misses>
				<total>27</total>
				<timestamp>1353.286934</timestamp>
			</report>
			<report>
				<misses>4839001</misses>
				<total>27</total>
				<timestamp>1353.566753</timestamp>
			</report>
			<report>
				<misses>4840001</misses>
				<total>27</total>
				<timestamp>1353.846374</timestamp>
			</report>
			<report>
				<misses>4841001</misses>
				<total>27</total>
				<timestamp>1354.126079</timestamp>
			</report>
			<report>
				<misses>4842001</misses>
				<total>27</total>
				<timestamp>1354.405858</timestamp>
			</report>
			<report>
				<misses>4843001</misses>
				<total>27</total>
				<timestamp>1354.685534</timestamp>
			</report>
			<report>
				<misses>4844001</misses>
				<total>27</total>
				<timestamp>1354.965249</timestamp>
			</report>
			<report>
				<misses>4845001</misses>
				<total>27</total>
				<timestamp>1355.244977</timestamp>
			</report>
			<report>
				<misses>4846001</misses>
				<total>27</total>
				<timestamp>1355.524761</timestamp>
			</report>
			<report>
				<misses>4847001</misses>
				<total>27</total>
				<timestamp>1355.804411</timestamp>
			</report>
			<report>
				<misses>4848001</misses>
				<total>27</total>
				<timestamp>1356.084133</timestamp>
			</report>
			<report>
				<misses>4849001</misses>
				<total>27</total>
				<timestamp>1356.363860</timestamp>
			</report>
			<report>
				<misses>4850001</misses>
				<total>27</total>
				<timestamp>1356.643635</timestamp>
			</report>
			<report>
				<misses>4851001</misses>
				<total>27</total>
				<timestamp>1356.923324</timestamp>
			</report>
			<report>
				<misses>4852001</misses>
				<total>27</total>
				<timestamp>1357.203024</timestamp>
			</report>
			<report>
				<misses>4853001</misses>
				<total>27</total>
				<timestamp>1357.482809</timestamp>
			</report>
			<report>
				<misses>4854001</misses>
				<total>27</total>
				<timestamp>1357.762457</timestamp>
			</report>
			<report>
				<misses>4855001</misses>
				<total>27</total>
				<timestamp>1358.042188</timestamp>
			</report>
			<report>
				<misses>4856001</misses>
				<total>27</total>
				<timestamp>1358.321896</timestamp>
			</report>
			<report>
				<misses>4857001</misses>
				<total>27</total>
				<timestamp>1358.601611</timestamp>
			</report>
			<report>
				<misses>4858001</misses>
				<total>27</total>
				<timestamp>1358.881342</timestamp>
			</report>
			<report>
				<misses>4859001</misses>
				<total>27</total>
				<timestamp>1359.161052</timestamp>
			</report>
			<report>
				<misses>4860001</misses>
				<total>27</total>
				<timestamp>1359.440834</timestamp>
			</report>
			<report>
				<misses>4861001</misses>
				<total>27</total>
				<timestamp>1359.720489</timestamp>
			</report>
			<report>
				<misses>4862001</misses>
				<total>27</total>
				<timestamp>1360.000244</timestamp>
			</report>
			<report>
				<misses>4863001</misses>
				<total>27</total>
				<timestamp>1360.279933</timestamp>
			</report>
			<report>
				<misses>4864001</misses>
				<total>27</total>
				<timestamp>1360.559710</timestamp>
			</report>
			<report>
				<misses>4865001</misses>
				<total>27</total>
				<timestamp>1360.839382</timestamp>
			</report>
			<report>
				<misses>4866001</misses>
				<total>27</total>
				<timestamp>1361.119119</timestamp>
			</report>
			<report>
				<misses>4867001</misses>
				<total>27</total>
				<timestamp>1361.398870</timestamp>
			</report>
			<report>
				<misses>4868001</misses>
				<total>27</total>
				<timestamp>1361.678577</timestamp>
			</report>
			<report>
				<misses>4869001</misses>
				<total>27</total>
				<timestamp>1361.958246</timestamp>
			</report>
			<report>
				<misses>4870001</misses>
				<total>27</total>
				<timestamp>1362.238002</timestamp>
			</report>
			<report>
				<misses>4871001</misses>
				<total>27</total>
				<timestamp>1362.517709</timestamp>
			</report>
			<report>
				<misses>4872001</misses>
				<total>27</total>
				<timestamp>1362.797411</timestamp>
			</report>
			<report>
				<misses>4873001</misses>
				<total>27</total>
				<timestamp>1363.077174</timestamp>
			</report>
			<report>
				<misses>4874001</misses>
				<total>27</total>
				<timestamp>1363.356862</timestamp>
			</report>
			<report>
				<misses>4875001</misses>
				<total>27</total>
				<timestamp>1363.636597</timestamp>
			</report>
			<report>
				<misses>4876001</misses>
				<total>27</total>
				<timestamp>1363.916295</timestamp>
			</report>
			<report>
				<misses>4877001</misses>
				<total>27</total>
				<timestamp>1364.196015</timestamp>
			</report>
			<report>
				<misses>4878001</misses>
				<total>27</total>
				<timestamp>1364.475789</timestamp>
			</report>
			<report>
				<misses>4879001</misses>
				<total>27</total>
				<timestamp>1364.755445</timestamp>
			</report>
			<report>
				<misses>4880001</misses>
				<total>27</total>
				<timestamp>1365.035166</timestamp>
			</report>
			<report>
				<misses>4881001</misses>
				<total>27</total>
				<timestamp>1365.314894</timestamp>
			</report>
			<report>
				<misses>4882001</misses>
				<total>27</total>
				<timestamp>1365.594628</timestamp>
			</report>
			<report>
				<misses>4883001</misses>
				<total>27</total>
				<timestamp>1365.874339</timestamp>
			</report>
			<report>
				<misses>4884001</misses>
				<total>27</total>
				<timestamp>1366.154047</timestamp>
			</report>
			<report>
				<misses>4885001</misses>
				<total>27</total>
				<timestamp>1366.433858</timestamp>
			</report>
			<report>
				<misses>4886001</misses>
				<total>27</total>
				<timestamp>1366.713487</timestamp>
			</report>
			<report>
				<misses>4887001</misses>
				<total>27</total>
				<timestamp>1366.993228</timestamp>
			</report>
			<report>
				<misses>4888001</misses>
				<total>27</total>
				<timestamp>1367.272943</timestamp>
			</report>
			<report>
				<misses>4889001</misses>
				<total>27</total>
				<timestamp>1367.552649</timestamp>
			</report>
			<report>
				<misses>4890001</misses>
				<total>27</total>
				<timestamp>1367.832366</timestamp>
			</report>
			<report>
				<misses>4891001</misses>
				<total>27</total>
				<timestamp>1368.112115</timestamp>
			</report>
			<report>
				<misses>4892001</misses>
				<total>27</total>
				<timestamp>1368.391879</timestamp>
			</report>
			<report>
				<misses>4893001</misses>
				<total>27</total>
				<timestamp>1368.671585</timestamp>
			</report>
			<report>
				<misses>4894001</misses>
				<total>27</total>
				<timestamp>1368.951279</timestamp>
			</report>
			<report>
				<misses>4895001</misses>
				<total>27</total>
				<timestamp>1369.230979</timestamp>
			</report>
			<report>
				<misses>4896001</misses>
				<total>27</total>
				<timestamp>1369.510735</timestamp>
			</report>
			<report>
				<misses>4897001</misses>
				<total>27</total>
				<timestamp>1369.790398</timestamp>
			</report>
			<report>
				<misses>4898001</misses>
				<total>27</total>
				<timestamp>1370.070186</timestamp>
			</report>
			<report>
				<misses>4899001</misses>
				<total>27</total>
				<timestamp>1370.349865</timestamp>
			</report>
			<report>
				<misses>4900001</misses>
				<total>27</total>
				<timestamp>1370.629603</timestamp>
			</report>
			<report>
				<misses>4901001</misses>
				<total>27</total>
				<timestamp>1370.909315</timestamp>
			</report>
			<report>
				<misses>4902001</misses>
				<total>27</total>
				<timestamp>1371.189011</timestamp>
			</report>
			<report>
				<misses>4903001</misses>
				<total>27</total>
				<timestamp>1371.468748</timestamp>
			</report>
			<report>
				<misses>4904001</misses>
				<total>27</total>
				<timestamp>1371.748452</timestamp>
			</report>
			<report>
				<misses>4905001</misses>
				<total>27</total>
				<timestamp>1372.028186</timestamp>
			</report>
			<report>
				<misses>4906001</misses>
				<total>27</total>
				<timestamp>1372.307934</timestamp>
			</report>
			<report>
				<misses>4907001</misses>
				<total>27</total>
				<timestamp>1372.587607</timestamp>
			</report>
			<report>
				<misses>4908001</misses>
				<total>27</total>
				<timestamp>1372.867362</timestamp>
			</report>
			<report>
				<misses>4909001</misses>
				<total>27</total>
				<timestamp>1373.147055</timestamp>
			</report>
			<report>
				<misses>4910001</misses>
				<total>27</total>
				<timestamp>1373.426831</timestamp>
			</report>
			<report>
				<misses>4911001</misses>
				<total>27</total>
				<timestamp>1373.706478</timestamp>
			</report>
			<report>
				<misses>4912001</misses>
				<total>27</total>
				<timestamp>1373.986246</timestamp>
			</report>
			<report>
				<misses>4913001</misses>
				<total>27</total>
				<timestamp>1374.265920</timestamp>
			</report>
			<report>
				<misses>4914001</misses>
				<total>27</total>
				<timestamp>1374.545718</timestamp>
			</report>
			<report>
				<misses>4915001</misses>
				<total>27</total>
				<timestamp>1374.825379</timestamp>
			</report>
			<report>
				<misses>4916001</misses>
				<total>27</total>
				<timestamp>1375.105075</timestamp>
			</report>
			<report>
				<misses>4917001</misses>
				<total>27</total>
				<timestamp>1375.384833</timestamp>
			</report>
			<report>
				<misses>4918001</misses>
				<total>27</total>
				<timestamp>1375.664549</timestamp>
			</report>
			<report>
				<misses>4919001</misses>
				<total>29</total>
				<timestamp>1375.944260</timestamp>
			</report>
			<report>
				<misses>4920001</misses>
				<total>29</total>
				<timestamp>1376.223966</timestamp>
			</report>
			<report>
				<misses>4921001</misses>
				<total>29</total>
				<timestamp>1376.503734</timestamp>
			</report>
			<report>
				<misses>4922001</misses>
				<total>29</total>
				<timestamp>1376.783406</timestamp>
			</report>
			<report>
				<misses>4923001</misses>
				<total>29</total>
				<timestamp>1377.063158</timestamp>
			</report>
			<report>
				<misses>4924001</misses>
				<total>29</total>
				<timestamp>1377.342895</timestamp>
			</report>
			<report>
				<misses>4925001</misses>
				<total>29</total>
				<timestamp>1377.622619</timestamp>
			</report>
			<report>
				<misses>4926001</misses>
				<total>29</total>
				<timestamp>1377.902271</timestamp>
			</report>
			<report>
				<misses>4927001</misses>
				<total>29</total>
				<timestamp>1378.182007</timestamp>
			</report>
			<report>
				<misses>4928001</misses>
				<total>29</total>
				<timestamp>1378.461827</timestamp>
			</report>
			<report>
				<misses>4929001</misses>
				<total>29</total>
				<timestamp>1378.741558</timestamp>
			</report>
			<report>
				<misses>4930001</misses>
				<total>29</total>
				<timestamp>1379.021162</timestamp>
			</report>
			<report>
				<misses>4931001</misses>
				<total>29</total>
				<timestamp>1379.300903</timestamp>
			</report>
			<report>
				<misses>4932001</misses>
				<total>29</total>
				<timestamp>1379.580668</timestamp>
			</report>
			<report>
				<misses>4933001</misses>
				<total>29</total>
				<timestamp>1379.860337</timestamp>
			</report>
			<report>
				<misses>4934001</misses>
				<total>29</total>
				<timestamp>1380.140094</timestamp>
			</report>
			<report>
				<misses>4935001</misses>
				<total>29</total>
				<timestamp>1380.419810</timestamp>
			</report>
			<report>
				<misses>4936001</misses>
				<total>29</total>
				<timestamp>1380.699484</timestamp>
			</report>
			<report>
				<misses>4937001</misses>
				<total>29</total>
				<timestamp>1380.979267</timestamp>
			</report>
			<report>
				<misses>4938001</misses>
				<total>29</total>
				<timestamp>1381.258925</timestamp>
			</report>
			<report>
				<misses>4939001</misses>
				<total>29</total>
				<timestamp>1381.538692</timestamp>
			</report>
			<report>
				<misses>4940001</misses>
				<total>29</total>
				<timestamp>1381.818368</timestamp>
			</report>
			<report>
				<misses>4941001</misses>
				<total>29</total>
				<timestamp>1382.098136</timestamp>
			</report>
			<report>
				<misses>4942001</misses>
				<total>29</total>
				<timestamp>1382.377820</timestamp>
			</report>
			<report>
				<misses>4943001</misses>
				<total>29</total>
				<timestamp>1382.657598</timestamp>
			</report>
			<report>
				<misses>4944001</misses>
				<total>29</total>
				<timestamp>1382.937254</timestamp>
			</report>
			<report>
				<misses>4945001</misses>
				<total>29</total>
				<timestamp>1383.216975</timestamp>
			</report>
			<report>
				<misses>4946001</misses>
				<total>29</total>
				<timestamp>1383.496776</timestamp>
			</report>
			<report>
				<misses>4947001</misses>
				<total>29</total>
				<timestamp>1383.776399</timestamp>
			</report>
			<report>
				<misses>4948001</misses>
				<total>29</total>
				<timestamp>1384.056144</timestamp>
			</report>
			<report>
				<misses>4949001</misses>
				<total>29</total>
				<timestamp>1384.335891</timestamp>
			</report>
			<report>
				<misses>4950001</misses>
				<total>29</total>
				<timestamp>1384.615580</timestamp>
			</report>
			<report>
				<misses>4951001</misses>
				<total>29</total>
				<timestamp>1384.895282</timestamp>
			</report>
			<report>
				<misses>4952001</misses>
				<total>29</total>
				<timestamp>1385.175026</timestamp>
			</report>
			<report>
				<misses>4953001</misses>
				<total>29</total>
				<timestamp>1385.454754</timestamp>
			</report>
			<report>
				<misses>4954001</misses>
				<total>29</total>
				<timestamp>1385.734443</timestamp>
			</report>
			<report>
				<misses>4955001</misses>
				<total>29</total>
				<timestamp>1386.014183</timestamp>
			</report>
			<report>
				<misses>4956001</misses>
				<total>29</total>
				<timestamp>1386.293877</timestamp>
			</report>
			<report>
				<misses>4957001</misses>
				<total>29</total>
				<timestamp>1386.573664</timestamp>
			</report>
			<report>
				<misses>4958001</misses>
				<total>30</total>
				<timestamp>1386.853355</timestamp>
			</report>
			<report>
				<misses>4959001</misses>
				<total>30</total>
				<timestamp>1387.133093</timestamp>
			</report>
			<report>
				<misses>4960001</misses>
				<total>30</total>
				<timestamp>1387.412833</timestamp>
			</report>
			<report>
				<misses>4961001</misses>
				<total>30</total>
				<timestamp>1387.692515</timestamp>
			</report>
			<report>
				<misses>4962001</misses>
				<total>30</total>
				<timestamp>1387.972222</timestamp>
			</report>
			<report>
				<misses>4963001</misses>
				<total>30</total>
				<timestamp>1388.251925</timestamp>
			</report>
			<report>
				<misses>4964001</misses>
				<total>30</total>
				<timestamp>1388.531710</timestamp>
			</report>
			<report>
				<misses>4965001</misses>
				<total>30</total>
				<timestamp>1388.811370</timestamp>
			</report>
			<report>
				<misses>4966001</misses>
				<total>30</total>
				<timestamp>1389.091096</timestamp>
			</report>
			<report>
				<misses>4967001</misses>
				<total>30</total>
				<timestamp>1389.370846</timestamp>
			</report>
			<report>
				<misses>4968001</misses>
				<total>30</total>
				<timestamp>1389.650565</timestamp>
			</report>
			<report>
				<misses>4969001</misses>
				<total>30</total>
				<timestamp>1389.930269</timestamp>
			</report>
			<report>
				<misses>4970001</misses>
				<total>30</total>
				<timestamp>1390.209965</timestamp>
			</report>
			<report>
				<misses>4971001</misses>
				<total>30</total>
				<timestamp>1390.489740</timestamp>
			</report>
			<report>
				<misses>4972001</misses>
				<total>30</total>
				<timestamp>1390.769417</timestamp>
			</report>
			<report>
				<misses>4973001</misses>
				<total>30</total>
				<timestamp>1391.049149</timestamp>
			</report>
			<report>
				<misses>4974001</misses>
				<total>30</total>
				<timestamp>1391.328860</timestamp>
			</report>
			<report>
				<misses>4975001</misses>
				<total>30</total>
				<timestamp>1391.608615</timestamp>
			</report>
			<report>
				<misses>4976001</misses>
				<total>30</total>
				<timestamp>1391.888283</timestamp>
			</report>
			<report>
				<misses>4977001</misses>
				<total>30</total>
				<timestamp>1392.167995</timestamp>
			</report>
			<report>
				<misses>4978001</misses>
				<total>30</total>
				<timestamp>1392.447754</timestamp>
			</report>
			<report>
				<misses>4979001</misses>
				<total>30</total>
				<timestamp>1392.727565</timestamp>
			</report>
			<report>
				<misses>4980001</misses>
				<total>30</total>
				<timestamp>1393.007167</timestamp>
			</report>
			<report>
				<misses>4981001</misses>
				<total>30</total>
				<timestamp>1393.286887</timestamp>
			</report>
			<report>
				<misses>4982001</misses>
				<total>30</total>
				<timestamp>1393.566649</timestamp>
			</report>
			<report>
				<misses>4983001</misses>
				<total>30</total>
				<timestamp>1393.846326</timestamp>
			</report>
			<report>
				<misses>4984001</misses>
				<total>30</total>
				<timestamp>1394.126073</timestamp>
			</report>
			<report>
				<misses>4985001</misses>
				<total>30</total>
				<timestamp>1394.405815</timestamp>
			</report>
			<report>
				<misses>4986001</misses>
				<total>31</total>
				<timestamp>1394.685565</timestamp>
			</report>
			<report>
				<misses>4987001</misses>
				<total>31</total>
				<timestamp>1394.965229</timestamp>
			</report>
			<report>
				<misses>4988001</misses>
				<total>31</total>
				<timestamp>1395.244936</timestamp>
			</report>
			<report>
				<misses>4989001</misses>
				<total>31</total>
				<timestamp>1395.524681</timestamp>
			</report>
			<report>
				<misses>4990001</misses>
				<total>31</total>
				<timestamp>1395.804412</timestamp>
			</report>
			<report>
				<misses>4991001</misses>
				<total>31</total>
				<timestamp>1396.084130</timestamp>
			</report>
			<report>
				<misses>4992001</misses>
				<total>31</total>
				<timestamp>1396.363817</timestamp>
			</report>
			<report>
				<misses>4993001</misses>
				<total>31</total>
				<timestamp>1396.643523</timestamp>
			</report>
			<report>
				<misses>4994001</misses>
				<total>31</total>
				<timestamp>1396.923275</timestamp>
			</report>
			<report>
				<misses>4995001</misses>
				<total>31</total>
				<timestamp>1397.202989</timestamp>
			</report>
			<report>
				<misses>4996001</misses>
				<total>31</total>
				<timestamp>1397.482713</timestamp>
			</report>
			<report>
				<misses>4997001</misses>
				<total>31</total>
				<timestamp>1397.762412</timestamp>
			</report>
			<report>
				<misses>4998001</misses>
				<total>31</total>
				<timestamp>1398.042125</timestamp>
			</report>
			<report>
				<misses>4999001</misses>
				<total>31</total>
				<timestamp>1398.321853</timestamp>
			</report>
			<report>
				<misses>5000001</misses>
				<total>31</total>
				<timestamp>1398.601625</timestamp>
			</report>
			<report>
				<misses>5001001</misses>
				<total>31</total>
				<timestamp>1398.881300</timestamp>
			</report>
			<report>
				<misses>5002001</misses>
				<total>31</total>
				<timestamp>1399.161113</timestamp>
			</report>
			<report>
				<misses>5003001</misses>
				<total>31</total>
				<timestamp>1399.440795</timestamp>
			</report>
			<report>
				<misses>5004001</misses>
				<total>31</total>
				<timestamp>1399.720506</timestamp>
			</report>
			<report>
				<misses>5005001</misses>
				<total>31</total>
				<timestamp>1400.000170</timestamp>
			</report>
			<report>
				<misses>5006001</misses>
				<total>31</total>
				<timestamp>1400.279906</timestamp>
			</report>
			<report>
				<misses>5007001</misses>
				<total>31</total>
				<timestamp>1400.559649</timestamp>
			</report>
			<report>
				<misses>5008001</misses>
				<total>31</total>
				<timestamp>1400.839380</timestamp>
			</report>
			<report>
				<misses>5009001</misses>
				<total>31</total>
				<timestamp>1401.119076</timestamp>
			</report>
			<report>
				<misses>5010001</misses>
				<total>31</total>
				<timestamp>1401.398781</timestamp>
			</report>
			<report>
				<misses>5011001</misses>
				<total>31</total>
				<timestamp>1401.678575</timestamp>
			</report>
			<report>
				<misses>5012001</misses>
				<total>31</total>
				<timestamp>1401.958279</timestamp>
			</report>
			<report>
				<misses>5013001</misses>
				<total>31</total>
				<timestamp>1402.237934</timestamp>
			</report>
			<report>
				<misses>5014001</misses>
				<total>31</total>
				<timestamp>1402.517653</timestamp>
			</report>
			<report>
				<misses>5015001</misses>
				<total>31</total>
				<timestamp>1402.797367</timestamp>
			</report>
			<report>
				<misses>5016001</misses>
				<total>31</total>
				<timestamp>1403.077134</timestamp>
			</report>
			<report>
				<misses>5017001</misses>
				<total>31</total>
				<timestamp>1403.356819</timestamp>
			</report>
			<report>
				<misses>5018001</misses>
				<total>31</total>
				<timestamp>1403.636611</timestamp>
			</report>
			<report>
				<misses>5019001</misses>
				<total>31</total>
				<timestamp>1403.916255</timestamp>
			</report>
			<report>
				<misses>5020001</misses>
				<total>31</total>
				<timestamp>1404.196005</timestamp>
			</report>
			<report>
				<misses>5021001</misses>
				<total>31</total>
				<timestamp>1404.475737</timestamp>
			</report>
			<report>
				<misses>5022001</misses>
				<total>31</total>
				<timestamp>1404.755463</timestamp>
			</report>
			<report>
				<misses>5023001</misses>
				<total>31</total>
				<timestamp>1405.035189</timestamp>
			</report>
			<report>
				<misses>5024001</misses>
				<total>31</total>
				<timestamp>1405.314868</timestamp>
			</report>
			<report>
				<misses>5025001</misses>
				<total>31</total>
				<timestamp>1405.594586</timestamp>
			</report>
			<report>
				<misses>5026001</misses>
				<total>31</total>
				<timestamp>1405.874295</timestamp>
			</report>
			<report>
				<misses>5027001</misses>
				<total>31</total>
				<timestamp>1406.154013</timestamp>
			</report>
			<report>
				<misses>5028001</misses>
				<total>31</total>
				<timestamp>1406.433742</timestamp>
			</report>
			<report>
				<misses>5029001</misses>
				<total>31</total>
				<timestamp>1406.713457</timestamp>
			</report>
			<report>
				<misses>5030001</misses>
				<total>31</total>
				<timestamp>1406.993197</timestamp>
			</report>
			<report>
				<misses>5031001</misses>
				<total>31</total>
				<timestamp>1407.272893</timestamp>
			</report>
			<report>
				<misses>5032001</misses>
				<total>31</total>
				<timestamp>1407.552660</timestamp>
			</report>
			<report>
				<misses>5033001</misses>
				<total>31</total>
				<timestamp>1407.832414</timestamp>
			</report>
			<report>
				<misses>5034001</misses>
				<total>31</total>
				<timestamp>1408.112066</timestamp>
			</report>
			<report>
				<misses>5035001</misses>
				<total>31</total>
				<timestamp>1408.391795</timestamp>
			</report>
			<report>
				<misses>5036001</misses>
				<total>31</total>
				<timestamp>1408.671600</timestamp>
			</report>
			<report>
				<misses>5037001</misses>
				<total>31</total>
				<timestamp>1408.951208</timestamp>
			</report>
			<report>
				<misses>5038001</misses>
				<total>31</total>
				<timestamp>1409.230929</timestamp>
			</report>
			<report>
				<misses>5039001</misses>
				<total>31</total>
				<timestamp>1409.510686</timestamp>
			</report>
			<report>
				<misses>5040001</misses>
				<total>31</total>
				<timestamp>1409.790436</timestamp>
			</report>
			<report>
				<misses>5041001</misses>
				<total>31</total>
				<timestamp>1410.070086</timestamp>
			</report>
			<report>
				<misses>5042001</misses>
				<total>31</total>
				<timestamp>1410.349827</timestamp>
			</report>
			<report>
				<misses>5043001</misses>
				<total>31</total>
				<timestamp>1410.629590</timestamp>
			</report>
			<report>
				<misses>5044001</misses>
				<total>31</total>
				<timestamp>1410.909254</timestamp>
			</report>
			<report>
				<misses>5045001</misses>
				<total>31</total>
				<timestamp>1411.189028</timestamp>
			</report>
			<report>
				<misses>5046001</misses>
				<total>31</total>
				<timestamp>1411.468722</timestamp>
			</report>
			<report>
				<misses>5047001</misses>
				<total>33</total>
				<timestamp>1411.748462</timestamp>
			</report>
			<report>
				<misses>5048001</misses>
				<total>33</total>
				<timestamp>1412.028141</timestamp>
			</report>
			<report>
				<misses>5049001</misses>
				<total>33</total>
				<timestamp>1412.307849</timestamp>
			</report>
			<report>
				<misses>5050001</misses>
				<total>33</total>
				<timestamp>1412.587582</timestamp>
			</report>
			<report>
				<misses>5051001</misses>
				<total>33</total>
				<timestamp>1412.867277</timestamp>
			</report>
			<report>
				<misses>5052001</misses>
				<total>33</total>
				<timestamp>1413.147008</timestamp>
			</report>
			<report>
				<misses>5053001</misses>
				<total>33</total>
				<timestamp>1413.426745</timestamp>
			</report>
			<report>
				<misses>5054001</misses>
				<total>33</total>
				<timestamp>1413.706525</timestamp>
			</report>
			<report>
				<misses>5055001</misses>
				<total>33</total>
				<timestamp>1413.986198</timestamp>
			</report>
			<report>
				<misses>5056001</misses>
				<total>33</total>
				<timestamp>1414.265921</timestamp>
			</report>
			<report>
				<misses>5057001</misses>
				<total>33</total>
				<timestamp>1414.545657</timestamp>
			</report>
			<report>
				<misses>5058001</misses>
				<total>33</total>
				<timestamp>1414.825391</timestamp>
			</report>
			<report>
				<misses>5059001</misses>
				<total>34</total>
				<timestamp>1415.105079</timestamp>
			</report>
			<report>
				<misses>5060001</misses>
				<total>34</total>
				<timestamp>1415.384810</timestamp>
			</report>
			<report>
				<misses>5061001</misses>
				<total>34</total>
				<timestamp>1415.664538</timestamp>
			</report>
			<report>
				<misses>5062001</misses>
				<total>34</total>
				<timestamp>1415.944203</timestamp>
			</report>
			<report>
				<misses>5063001</misses>
				<total>34</total>
				<timestamp>1416.223972</timestamp>
			</report>
			<report>
				<misses>5064001</misses>
				<total>34</total>
				<timestamp>1416.503657</timestamp>
			</report>
			<report>
				<misses>5065001</misses>
				<total>34</total>
				<timestamp>1416.783423</timestamp>
			</report>
			<report>
				<misses>5066001</misses>
				<total>34</total>
				<timestamp>1417.063150</timestamp>
			</report>
			<report>
				<misses>5067001</misses>
				<total>34</total>
				<timestamp>1417.342851</timestamp>
			</report>
			<report>
				<misses>5068001</misses>
				<total>34</total>
				<timestamp>1417.622588</timestamp>
			</report>
			<report>
				<misses>5069001</misses>
				<total>34</total>
				<timestamp>1417.902238</timestamp>
			</report>
			<report>
				<misses>5070001</misses>
				<total>34</total>
				<timestamp>1418.181999</timestamp>
			</report>
			<report>
				<misses>5071001</misses>
				<total>34</total>
				<timestamp>1418.461730</timestamp>
			</report>
			<report>
				<misses>5072001</misses>
				<total>34</total>
				<timestamp>1418.741428</timestamp>
			</report>
			<report>
				<misses>5073001</misses>
				<total>34</total>
				<timestamp>1419.021149</timestamp>
			</report>
			<report>
				<misses>5074001</misses>
				<total>34</total>
				<timestamp>1419.300906</timestamp>
			</report>
			<report>
				<misses>5075001</misses>
				<total>34</total>
				<timestamp>1419.580569</timestamp>
			</report>
			<report>
				<misses>5076001</misses>
				<total>34</total>
				<timestamp>1419.860306</timestamp>
			</report>
			<report>
				<misses>5077001</misses>
				<total>34</total>
				<timestamp>1420.140017</timestamp>
			</report>
			<report>
				<misses>5078001</misses>
				<total>34</total>
				<timestamp>1420.419733</timestamp>
			</report>
			<report>
				<misses>5079001</misses>
				<total>34</total>
				<timestamp>1420.699486</timestamp>
			</report>
			<report>
				<misses>5080001</misses>
				<total>34</total>
				<timestamp>1420.979161</timestamp>
			</report>
			<report>
				<misses>5081001</misses>
				<total>34</total>
				<timestamp>1421.258917</timestamp>
			</report>
			<report>
				<misses>5082001</misses>
				<total>34</total>
				<timestamp>1421.538633</timestamp>
			</report>
			<report>
				<misses>5083001</misses>
				<total>34</total>
				<timestamp>1421.818335</timestamp>
			</report>
			<report>
				<misses>5084001</misses>
				<total>34</total>
				<timestamp>1422.098072</timestamp>
			</report>
			<report>
				<misses>5085001</misses>
				<total>34</total>
				<timestamp>1422.377776</timestamp>
			</report>
			<report>
				<misses>5086001</misses>
				<total>34</total>
				<timestamp>1422.657584</timestamp>
			</report>
			<report>
				<misses>5087001</misses>
				<total>34</total>
				<timestamp>1422.937214</timestamp>
			</report>
			<report>
				<misses>5088001</misses>
				<total>34</total>
				<timestamp>1423.216963</timestamp>
			</report>
			<report>
				<misses>5089001</misses>
				<total>34</total>
				<timestamp>1423.496693</timestamp>
			</report>
			<report>
				<misses>5090001</misses>
				<total>34</total>
				<timestamp>1423.776437</timestamp>
			</report>
			<report>
				<misses>5091001</misses>
				<total>34</total>
				<timestamp>1424.056085</timestamp>
			</report>
			<report>
				<misses>5092001</misses>
				<total>34</total>
				<timestamp>1424.335840</timestamp>
			</report>
			<report>
				<misses>5093001</misses>
				<total>34</total>
				<timestamp>1424.615551</timestamp>
			</report>
			<report>
				<misses>5094001</misses>
				<total>34</total>
				<timestamp>1424.895263</timestamp>
			</report>
			<report>
				<misses>5095001</misses>
				<total>34</total>
				<timestamp>1425.175020</timestamp>
			</report>
			<report>
				<misses>5096001</misses>
				<total>34</total>
				<timestamp>1425.454750</timestamp>
			</report>
			<report>
				<misses>5097001</misses>
				<total>34</total>
				<timestamp>1425.734473</timestamp>
			</report>
			<report>
				<misses>5098001</misses>
				<total>34</total>
				<timestamp>1426.014145</timestamp>
			</report>
			<report>
				<misses>5099001</misses>
				<total>34</total>
				<timestamp>1426.293894</timestamp>
			</report>
			<report>
				<misses>5100001</misses>
				<total>34</total>
				<timestamp>1426.573615</timestamp>
			</report>
			<report>
				<misses>5101001</misses>
				<total>34</total>
				<timestamp>1426.853294</timestamp>
			</report>
			<report>
				<misses>5102001</misses>
				<total>34</total>
				<timestamp>1427.133078</timestamp>
			</report>
			<report>
				<misses>5103001</misses>
				<total>34</total>
				<timestamp>1427.413012</timestamp>
			</report>
			<report>
				<misses>5104001</misses>
				<total>34</total>
				<timestamp>1427.692767</timestamp>
			</report>
			<report>
				<misses>5105001</misses>
				<total>34</total>
				<timestamp>1427.972451</timestamp>
			</report>
			<report>
				<misses>5106001</misses>
				<total>34</total>
				<timestamp>1428.252170</timestamp>
			</report>
			<report>
				<misses>5107001</misses>
				<total>34</total>
				<timestamp>1428.531926</timestamp>
			</report>
			<report>
				<misses>5108001</misses>
				<total>34</total>
				<timestamp>1428.811627</timestamp>
			</report>
			<report>
				<misses>5109001</misses>
				<total>34</total>
				<timestamp>1429.091335</timestamp>
			</report>
			<report>
				<misses>5110001</misses>
				<total>34</total>
				<timestamp>1429.371050</timestamp>
			</report>
			<report>
				<misses>5111001</misses>
				<total>34</total>
				<timestamp>1429.650794</timestamp>
			</report>
			<report>
				<misses>5112001</misses>
				<total>34</total>
				<timestamp>1429.930571</timestamp>
			</report>
			<report>
				<misses>5113001</misses>
				<total>34</total>
				<timestamp>1430.210242</timestamp>
			</report>
			<report>
				<misses>5114001</misses>
				<total>34</total>
				<timestamp>1430.489927</timestamp>
			</report>
			<report>
				<misses>5115001</misses>
				<total>34</total>
				<timestamp>1430.769653</timestamp>
			</report>
			<report>
				<misses>5116001</misses>
				<total>34</total>
				<timestamp>1431.049438</timestamp>
			</report>
			<report>
				<misses>5117001</misses>
				<total>34</total>
				<timestamp>1431.329079</timestamp>
			</report>
			<report>
				<misses>5118001</misses>
				<total>34</total>
				<timestamp>1431.608849</timestamp>
			</report>
			<report>
				<misses>5119001</misses>
				<total>34</total>
				<timestamp>1431.888541</timestamp>
			</report>
			<report>
				<misses>5120001</misses>
				<total>34</total>
				<timestamp>1432.168285</timestamp>
			</report>
			<report>
				<misses>5121001</misses>
				<total>34</total>
				<timestamp>1432.447981</timestamp>
			</report>
			<report>
				<misses>5122001</misses>
				<total>34</total>
				<timestamp>1432.727698</timestamp>
			</report>
			<report>
				<misses>5123001</misses>
				<total>34</total>
				<timestamp>1433.007465</timestamp>
			</report>
			<report>
				<misses>5124001</misses>
				<total>34</total>
				<timestamp>1433.287141</timestamp>
			</report>
			<report>
				<misses>5125001</misses>
				<total>34</total>
				<timestamp>1433.566886</timestamp>
			</report>
			<report>
				<misses>5126001</misses>
				<total>34</total>
				<timestamp>1433.846572</timestamp>
			</report>
			<report>
				<misses>5127001</misses>
				<total>34</total>
				<timestamp>1434.126327</timestamp>
			</report>
			<report>
				<misses>5128001</misses>
				<total>34</total>
				<timestamp>1434.406013</timestamp>
			</report>
			<report>
				<misses>5129001</misses>
				<total>34</total>
				<timestamp>1434.685754</timestamp>
			</report>
			<report>
				<misses>5130001</misses>
				<total>34</total>
				<timestamp>1434.965499</timestamp>
			</report>
			<report>
				<misses>5131001</misses>
				<total>34</total>
				<timestamp>1435.245197</timestamp>
			</report>
			<report>
				<misses>5132001</misses>
				<total>34</total>
				<timestamp>1435.524908</timestamp>
			</report>
			<report>
				<misses>5133001</misses>
				<total>34</total>
				<timestamp>1435.804602</timestamp>
			</report>
			<report>
				<misses>5134001</misses>
				<total>34</total>
				<timestamp>1436.084336</timestamp>
			</report>
			<report>
				<misses>5135001</misses>
				<total>34</total>
				<timestamp>1436.364061</timestamp>
			</report>
			<report>
				<misses>5136001</misses>
				<total>34</total>
				<timestamp>1436.643779</timestamp>
			</report>
			<report>
				<misses>5137001</misses>
				<total>34</total>
				<timestamp>1436.923507</timestamp>
			</report>
			<report>
				<misses>5138001</misses>
				<total>34</total>
				<timestamp>1437.203249</timestamp>
			</report>
			<report>
				<misses>5139001</misses>
				<total>34</total>
				<timestamp>1437.482958</timestamp>
			</report>
			<report>
				<misses>5140001</misses>
				<total>34</total>
				<timestamp>1437.762662</timestamp>
			</report>
			<report>
				<misses>5141001</misses>
				<total>34</total>
				<timestamp>1438.042368</timestamp>
			</report>
			<report>
				<misses>5142001</misses>
				<total>34</total>
				<timestamp>1438.322091</timestamp>
			</report>
			<report>
				<misses>5143001</misses>
				<total>34</total>
				<timestamp>1438.601858</timestamp>
			</report>
			<report>
				<misses>5144001</misses>
				<total>34</total>
				<timestamp>1438.881548</timestamp>
			</report>
			<report>
				<misses>5145001</misses>
				<total>34</total>
				<timestamp>1439.161310</timestamp>
			</report>
			<report>
				<misses>5146001</misses>
				<total>34</total>
				<timestamp>1439.440977</timestamp>
			</report>
			<report>
				<misses>5147001</misses>
				<total>34</total>
				<timestamp>1439.720705</timestamp>
			</report>
			<report>
				<misses>5148001</misses>
				<total>34</total>
				<timestamp>1440.000459</timestamp>
			</report>
			<report>
				<misses>5149001</misses>
				<total>34</total>
				<timestamp>1440.280123</timestamp>
			</report>
			<report>
				<misses>5150001</misses>
				<total>34</total>
				<timestamp>1440.559841</timestamp>
			</report>
			<report>
				<misses>5151001</misses>
				<total>34</total>
				<timestamp>1440.839582</timestamp>
			</report>
			<report>
				<misses>5152001</misses>
				<total>34</total>
				<timestamp>1441.119351</timestamp>
			</report>
			<report>
				<misses>5153001</misses>
				<total>34</total>
				<timestamp>1441.399018</timestamp>
			</report>
			<report>
				<misses>5154001</misses>
				<total>34</total>
				<timestamp>1441.678752</timestamp>
			</report>
			<report>
				<misses>5155001</misses>
				<total>34</total>
				<timestamp>1441.958509</timestamp>
			</report>
			<report>
				<misses>5156001</misses>
				<total>34</total>
				<timestamp>1442.238182</timestamp>
			</report>
			<report>
				<misses>5157001</misses>
				<total>34</total>
				<timestamp>1442.517933</timestamp>
			</report>
			<report>
				<misses>5158001</misses>
				<total>34</total>
				<timestamp>1442.797629</timestamp>
			</report>
			<report>
				<misses>5159001</misses>
				<total>34</total>
				<timestamp>1443.077394</timestamp>
			</report>
			<report>
				<misses>5160001</misses>
				<total>34</total>
				<timestamp>1443.357052</timestamp>
			</report>
			<report>
				<misses>5161001</misses>
				<total>34</total>
				<timestamp>1443.636787</timestamp>
			</report>
			<report>
				<misses>5162001</misses>
				<total>34</total>
				<timestamp>1443.916504</timestamp>
			</report>
			<report>
				<misses>5163001</misses>
				<total>34</total>
				<timestamp>1444.196206</timestamp>
			</report>
			<report>
				<misses>5164001</misses>
				<total>34</total>
				<timestamp>1444.475955</timestamp>
			</report>
			<report>
				<misses>5165001</misses>
				<total>34</total>
				<timestamp>1444.755654</timestamp>
			</report>
			<report>
				<misses>5166001</misses>
				<total>34</total>
				<timestamp>1445.035430</timestamp>
			</report>
			<report>
				<misses>5167001</misses>
				<total>34</total>
				<timestamp>1445.315094</timestamp>
			</report>
			<report>
				<misses>5168001</misses>
				<total>34</total>
				<timestamp>1445.594837</timestamp>
			</report>
			<report>
				<misses>5169001</misses>
				<total>34</total>
				<timestamp>1445.874534</timestamp>
			</report>
			<report>
				<misses>5170001</misses>
				<total>34</total>
				<timestamp>1446.154297</timestamp>
			</report>
			<report>
				<misses>5171001</misses>
				<total>34</total>
				<timestamp>1446.433973</timestamp>
			</report>
			<report>
				<misses>5172001</misses>
				<total>34</total>
				<timestamp>1446.713708</timestamp>
			</report>
			<report>
				<misses>5173001</misses>
				<total>34</total>
				<timestamp>1446.993449</timestamp>
			</report>
			<report>
				<misses>5174001</misses>
				<total>35</total>
				<timestamp>1447.273143</timestamp>
			</report>
			<report>
				<misses>5175001</misses>
				<total>35</total>
				<timestamp>1447.552867</timestamp>
			</report>
			<report>
				<misses>5176001</misses>
				<total>35</total>
				<timestamp>1447.832592</timestamp>
			</report>
			<report>
				<misses>5177001</misses>
				<total>35</total>
				<timestamp>1448.112395</timestamp>
			</report>
			<report>
				<misses>5178001</misses>
				<total>35</total>
				<timestamp>1448.392010</timestamp>
			</report>
			<report>
				<misses>5179001</misses>
				<total>35</total>
				<timestamp>1448.671778</timestamp>
			</report>
			<report>
				<misses>5180001</misses>
				<total>35</total>
				<timestamp>1448.951490</timestamp>
			</report>
			<report>
				<misses>5181001</misses>
				<total>35</total>
				<timestamp>1449.231163</timestamp>
			</report>
			<report>
				<misses>5182001</misses>
				<total>35</total>
				<timestamp>1449.510930</timestamp>
			</report>
			<report>
				<misses>5183001</misses>
				<total>35</total>
				<timestamp>1449.790618</timestamp>
			</report>
			<report>
				<misses>5184001</misses>
				<total>35</total>
				<timestamp>1450.070352</timestamp>
			</report>
			<report>
				<misses>5185001</misses>
				<total>35</total>
				<timestamp>1450.350055</timestamp>
			</report>
			<report>
				<misses>5186001</misses>
				<total>35</total>
				<timestamp>1450.629784</timestamp>
			</report>
			<report>
				<misses>5187001</misses>
				<total>35</total>
				<timestamp>1450.909522</timestamp>
			</report>
			<report>
				<misses>5188001</misses>
				<total>35</total>
				<timestamp>1451.189312</timestamp>
			</report>
			<report>
				<misses>5189001</misses>
				<total>35</total>
				<timestamp>1451.468961</timestamp>
			</report>
			<report>
				<misses>5190001</misses>
				<total>35</total>
				<timestamp>1451.748651</timestamp>
			</report>
			<report>
				<misses>5191001</misses>
				<total>35</total>
				<timestamp>1452.028380</timestamp>
			</report>
			<report>
				<misses>5192001</misses>
				<total>35</total>
				<timestamp>1452.308116</timestamp>
			</report>
			<report>
				<misses>5193001</misses>
				<total>35</total>
				<timestamp>1452.587873</timestamp>
			</report>
			<report>
				<misses>5194001</misses>
				<total>35</total>
				<timestamp>1452.867532</timestamp>
			</report>
			<report>
				<misses>5195001</misses>
				<total>35</total>
				<timestamp>1453.147324</timestamp>
			</report>
			<report>
				<misses>5196001</misses>
				<total>35</total>
				<timestamp>1453.426984</timestamp>
			</report>
			<report>
				<misses>5197001</misses>
				<total>35</total>
				<timestamp>1453.706714</timestamp>
			</report>
			<report>
				<misses>5198001</misses>
				<total>35</total>
				<timestamp>1453.986490</timestamp>
			</report>
			<report>
				<misses>5199001</misses>
				<total>35</total>
				<timestamp>1454.266161</timestamp>
			</report>
			<report>
				<misses>5200001</misses>
				<total>35</total>
				<timestamp>1454.545853</timestamp>
			</report>
			<report>
				<misses>5201001</misses>
				<total>35</total>
				<timestamp>1454.825567</timestamp>
			</report>
			<report>
				<misses>5202001</misses>
				<total>35</total>
				<timestamp>1455.105369</timestamp>
			</report>
			<report>
				<misses>5203001</misses>
				<total>35</total>
				<timestamp>1455.385020</timestamp>
			</report>
			<report>
				<misses>5204001</misses>
				<total>35</total>
				<timestamp>1455.664741</timestamp>
			</report>
			<report>
				<misses>5205001</misses>
				<total>35</total>
				<timestamp>1455.944456</timestamp>
			</report>
			<report>
				<misses>5206001</misses>
				<total>35</total>
				<timestamp>1456.224236</timestamp>
			</report>
			<report>
				<misses>5207001</misses>
				<total>35</total>
				<timestamp>1456.503888</timestamp>
			</report>
			<report>
				<misses>5208001</misses>
				<total>35</total>
				<timestamp>1456.783616</timestamp>
			</report>
			<report>
				<misses>5209001</misses>
				<total>35</total>
				<timestamp>1457.063346</timestamp>
			</report>
			<report>
				<misses>5210001</misses>
				<total>35</total>
				<timestamp>1457.343040</timestamp>
			</report>
			<report>
				<misses>5211001</misses>
				<total>35</total>
				<timestamp>1457.622806</timestamp>
			</report>
			<report>
				<misses>5212001</misses>
				<total>35</total>
				<timestamp>1457.902492</timestamp>
			</report>
			<report>
				<misses>5213001</misses>
				<total>35</total>
				<timestamp>1458.182304</timestamp>
			</report>
			<report>
				<misses>5214001</misses>
				<total>35</total>
				<timestamp>1458.461923</timestamp>
			</report>
			<report>
				<misses>5215001</misses>
				<total>35</total>
				<timestamp>1458.741646</timestamp>
			</report>
			<report>
				<misses>5216001</misses>
				<total>35</total>
				<timestamp>1459.021418</timestamp>
			</report>
			<report>
				<misses>5217001</misses>
				<total>35</total>
				<timestamp>1459.301104</timestamp>
			</report>
			<report>
				<misses>5218001</misses>
				<total>35</total>
				<timestamp>1459.580844</timestamp>
			</report>
			<report>
				<misses>5219001</misses>
				<total>35</total>
				<timestamp>1459.860526</timestamp>
			</report>
			<report>
				<misses>5220001</misses>
				<total>35</total>
				<timestamp>1460.140305</timestamp>
			</report>
			<report>
				<misses>5221001</misses>
				<total>35</total>
				<timestamp>1460.419952</timestamp>
			</report>
			<report>
				<misses>5222001</misses>
				<total>35</total>
				<timestamp>1460.699682</timestamp>
			</report>
			<report>
				<misses>5223001</misses>
				<total>35</total>
				<timestamp>1460.979394</timestamp>
			</report>
			<report>
				<misses>5224001</misses>
				<total>35</total>
				<timestamp>1461.259137</timestamp>
			</report>
			<report>
				<misses>5225001</misses>
				<total>35</total>
				<timestamp>1461.538842</timestamp>
			</report>
			<report>
				<misses>5226001</misses>
				<total>35</total>
				<timestamp>1461.818561</timestamp>
			</report>
			<report>
				<misses>5227001</misses>
				<total>35</total>
				<timestamp>1462.098375</timestamp>
			</report>
			<report>
				<misses>5228001</misses>
				<total>35</total>
				<timestamp>1462.377994</timestamp>
			</report>
			<report>
				<misses>5229001</misses>
				<total>35</total>
				<timestamp>1462.657762</timestamp>
			</report>
			<report>
				<misses>5230001</misses>
				<total>35</total>
				<timestamp>1462.937441</timestamp>
			</report>
			<report>
				<misses>5231001</misses>
				<total>35</total>
				<timestamp>1463.217283</timestamp>
			</report>
			<report>
				<misses>5232001</misses>
				<total>35</total>
				<timestamp>1463.496901</timestamp>
			</report>
			<report>
				<misses>5233001</misses>
				<total>35</total>
				<timestamp>1463.776609</timestamp>
			</report>
			<report>
				<misses>5234001</misses>
				<total>35</total>
				<timestamp>1464.056362</timestamp>
			</report>
			<report>
				<misses>5235001</misses>
				<total>35</total>
				<timestamp>1464.336048</timestamp>
			</report>
			<report>
				<misses>5236001</misses>
				<total>35</total>
				<timestamp>1464.615798</timestamp>
			</report>
			<report>
				<misses>5237001</misses>
				<total>35</total>
				<timestamp>1464.895478</timestamp>
			</report>
			<report>
				<misses>5238001</misses>
				<total>35</total>
				<timestamp>1465.175271</timestamp>
			</report>
			<report>
				<misses>5239001</misses>
				<total>35</total>
				<timestamp>1465.454941</timestamp>
			</report>
			<report>
				<misses>5240001</misses>
				<total>35</total>
				<timestamp>1465.734686</timestamp>
			</report>
			<report>
				<misses>5241001</misses>
				<total>35</total>
				<timestamp>1466.014407</timestamp>
			</report>
			<report>
				<misses>5242001</misses>
				<total>35</total>
				<timestamp>1466.294143</timestamp>
			</report>
			<report>
				<misses>5243001</misses>
				<total>35</total>
				<timestamp>1466.573847</timestamp>
			</report>
			<report>
				<misses>5244001</misses>
				<total>35</total>
				<timestamp>1466.853538</timestamp>
			</report>
			<report>
				<misses>5245001</misses>
				<total>35</total>
				<timestamp>1467.133317</timestamp>
			</report>
			<report>
				<misses>5246001</misses>
				<total>35</total>
				<timestamp>1467.413012</timestamp>
			</report>
			<report>
				<misses>5247001</misses>
				<total>35</total>
				<timestamp>1467.692695</timestamp>
			</report>
			<report>
				<misses>5248001</misses>
				<total>35</total>
				<timestamp>1467.972482</timestamp>
			</report>
			<report>
				<misses>5249001</misses>
				<total>35</total>
				<timestamp>1468.252174</timestamp>
			</report>
			<report>
				<misses>5250001</misses>
				<total>35</total>
				<timestamp>1468.531879</timestamp>
			</report>
			<report>
				<misses>5251001</misses>
				<total>35</total>
				<timestamp>1468.811578</timestamp>
			</report>
			<report>
				<misses>5252001</misses>
				<total>35</total>
				<timestamp>1469.091324</timestamp>
			</report>
			<report>
				<misses>5253001</misses>
				<total>35</total>
				<timestamp>1469.371022</timestamp>
			</report>
			<report>
				<misses>5254001</misses>
				<total>35</total>
				<timestamp>1469.650737</timestamp>
			</report>
			<report>
				<misses>5255001</misses>
				<total>35</total>
				<timestamp>1469.930479</timestamp>
			</report>
			<report>
				<misses>5256001</misses>
				<total>35</total>
				<timestamp>1470.210280</timestamp>
			</report>
			<report>
				<misses>5257001</misses>
				<total>35</total>
				<timestamp>1470.489925</timestamp>
			</report>
			<report>
				<misses>5258001</misses>
				<total>35</total>
				<timestamp>1470.769596</timestamp>
			</report>
			<report>
				<misses>5259001</misses>
				<total>35</total>
				<timestamp>1471.049391</timestamp>
			</report>
			<report>
				<misses>5260001</misses>
				<total>35</total>
				<timestamp>1471.329048</timestamp>
			</report>
			<report>
				<misses>5261001</misses>
				<total>35</total>
				<timestamp>1471.608805</timestamp>
			</report>
			<report>
				<misses>5262001</misses>
				<total>35</total>
				<timestamp>1471.888503</timestamp>
			</report>
			<report>
				<misses>5263001</misses>
				<total>35</total>
				<timestamp>1472.168198</timestamp>
			</report>
			<report>
				<misses>5264001</misses>
				<total>35</total>
				<timestamp>1472.447946</timestamp>
			</report>
			<report>
				<misses>5265001</misses>
				<total>35</total>
				<timestamp>1472.727653</timestamp>
			</report>
			<report>
				<misses>5266001</misses>
				<total>35</total>
				<timestamp>1473.007375</timestamp>
			</report>
			<report>
				<misses>5267001</misses>
				<total>35</total>
				<timestamp>1473.287163</timestamp>
			</report>
			<report>
				<misses>5268001</misses>
				<total>35</total>
				<timestamp>1473.566845</timestamp>
			</report>
			<report>
				<misses>5269001</misses>
				<total>35</total>
				<timestamp>1473.846593</timestamp>
			</report>
			<report>
				<misses>5270001</misses>
				<total>35</total>
				<timestamp>1474.126299</timestamp>
			</report>
			<report>
				<misses>5271001</misses>
				<total>35</total>
				<timestamp>1474.405976</timestamp>
			</report>
			<report>
				<misses>5272001</misses>
				<total>35</total>
				<timestamp>1474.685719</timestamp>
			</report>
			<report>
				<misses>5273001</misses>
				<total>35</total>
				<timestamp>1474.965451</timestamp>
			</report>
			<report>
				<misses>5274001</misses>
				<total>35</total>
				<timestamp>1475.245156</timestamp>
			</report>
			<report>
				<misses>5275001</misses>
				<total>35</total>
				<timestamp>1475.524884</timestamp>
			</report>
			<report>
				<misses>5276001</misses>
				<total>35</total>
				<timestamp>1475.804581</timestamp>
			</report>
			<report>
				<misses>5277001</misses>
				<total>35</total>
				<timestamp>1476.084381</timestamp>
			</report>
			<report>
				<misses>5278001</misses>
				<total>35</total>
				<timestamp>1476.364024</timestamp>
			</report>
			<report>
				<misses>5279001</misses>
				<total>35</total>
				<timestamp>1476.643784</timestamp>
			</report>
			<report>
				<misses>5280001</misses>
				<total>35</total>
				<timestamp>1476.923446</timestamp>
			</report>
			<report>
				<misses>5281001</misses>
				<total>35</total>
				<timestamp>1477.203207</timestamp>
			</report>
			<report>
				<misses>5282001</misses>
				<total>35</total>
				<timestamp>1477.482922</timestamp>
			</report>
			<report>
				<misses>5283001</misses>
				<total>35</total>
				<timestamp>1477.762628</timestamp>
			</report>
			<report>
				<misses>5284001</misses>
				<total>35</total>
				<timestamp>1478.042346</timestamp>
			</report>
			<report>
				<misses>5285001</misses>
				<total>35</total>
				<timestamp>1478.322150</timestamp>
			</report>
			<report>
				<misses>5286001</misses>
				<total>35</total>
				<timestamp>1478.601773</timestamp>
			</report>
			<report>
				<misses>5287001</misses>
				<total>35</total>
				<timestamp>1478.881490</timestamp>
			</report>
			<report>
				<misses>5288001</misses>
				<total>35</total>
				<timestamp>1479.161272</timestamp>
			</report>
			<report>
				<misses>5289001</misses>
				<total>35</total>
				<timestamp>1479.440932</timestamp>
			</report>
			<report>
				<misses>5290001</misses>
				<total>35</total>
				<timestamp>1479.720697</timestamp>
			</report>
			<report>
				<misses>5291001</misses>
				<total>35</total>
				<timestamp>1480.000384</timestamp>
			</report>
			<report>
				<misses>5292001</misses>
				<total>35</total>
				<timestamp>1480.280188</timestamp>
			</report>
			<report>
				<misses>5293001</misses>
				<total>35</total>
				<timestamp>1480.559814</timestamp>
			</report>
			<report>
				<misses>5294001</misses>
				<total>35</total>
				<timestamp>1480.839531</timestamp>
			</report>
			<report>
				<misses>5295001</misses>
				<total>35</total>
				<timestamp>1481.119284</timestamp>
			</report>
			<report>
				<misses>5296001</misses>
				<total>35</total>
				<timestamp>1481.398973</timestamp>
			</report>
			<report>
				<misses>5297001</misses>
				<total>35</total>
				<timestamp>1481.678707</timestamp>
			</report>
			<report>
				<misses>5298001</misses>
				<total>35</total>
				<timestamp>1481.958415</timestamp>
			</report>
			<report>
				<misses>5299001</misses>
				<total>35</total>
				<timestamp>1482.238169</timestamp>
			</report>
			<report>
				<misses>5300001</misses>
				<total>35</total>
				<timestamp>1482.517871</timestamp>
			</report>
			<report>
				<misses>5301001</misses>
				<total>35</total>
				<timestamp>1482.797571</timestamp>
			</report>
			<report>
				<misses>5302001</misses>
				<total>35</total>
				<timestamp>1483.077302</timestamp>
			</report>
			<report>
				<misses>5303001</misses>
				<total>35</total>
				<timestamp>1483.357011</timestamp>
			</report>
			<report>
				<misses>5304001</misses>
				<total>35</total>
				<timestamp>1483.636743</timestamp>
			</report>
			<report>
				<misses>5305001</misses>
				<total>35</total>
				<timestamp>1483.916479</timestamp>
			</report>
			<report>
				<misses>5306001</misses>
				<total>35</total>
				<timestamp>1484.196187</timestamp>
			</report>
			<report>
				<misses>5307001</misses>
				<total>35</total>
				<timestamp>1484.475888</timestamp>
			</report>
			<report>
				<misses>5308001</misses>
				<total>35</total>
				<timestamp>1484.755657</timestamp>
			</report>
			<report>
				<misses>5309001</misses>
				<total>35</total>
				<timestamp>1485.035335</timestamp>
			</report>
			<report>
				<misses>5310001</misses>
				<total>35</total>
				<timestamp>1485.315089</timestamp>
			</report>
			<report>
				<misses>5311001</misses>
				<total>35</total>
				<timestamp>1485.594788</timestamp>
			</report>
			<report>
				<misses>5312001</misses>
				<total>35</total>
				<timestamp>1485.874486</timestamp>
			</report>
			<report>
				<misses>5313001</misses>
				<total>35</total>
				<timestamp>1486.154241</timestamp>
			</report>
			<report>
				<misses>5314001</misses>
				<total>35</total>
				<timestamp>1486.433929</timestamp>
			</report>
			<report>
				<misses>5315001</misses>
				<total>35</total>
				<timestamp>1486.713652</timestamp>
			</report>
			<report>
				<misses>5316001</misses>
				<total>35</total>
				<timestamp>1486.993403</timestamp>
			</report>
			<report>
				<misses>5317001</misses>
				<total>35</total>
				<timestamp>1487.273186</timestamp>
			</report>
			<report>
				<misses>5318001</misses>
				<total>35</total>
				<timestamp>1487.552836</timestamp>
			</report>
			<report>
				<misses>5319001</misses>
				<total>35</total>
				<timestamp>1487.832530</timestamp>
			</report>
			<report>
				<misses>5320001</misses>
				<total>35</total>
				<timestamp>1488.112286</timestamp>
			</report>
			<report>
				<misses>5321001</misses>
				<total>35</total>
				<timestamp>1488.391963</timestamp>
			</report>
			<report>
				<misses>5322001</misses>
				<total>35</total>
				<timestamp>1488.671717</timestamp>
			</report>
			<report>
				<misses>5323001</misses>
				<total>35</total>
				<timestamp>1488.951434</timestamp>
			</report>
			<report>
				<misses>5324001</misses>
				<total>35</total>
				<timestamp>1489.231213</timestamp>
			</report>
			<report>
				<misses>5325001</misses>
				<total>35</total>
				<timestamp>1489.510909</timestamp>
			</report>
			<report>
				<misses>5326001</misses>
				<total>35</total>
				<timestamp>1489.790593</timestamp>
			</report>
			<report>
				<misses>5327001</misses>
				<total>35</total>
				<timestamp>1490.070328</timestamp>
			</report>
			<report>
				<misses>5328001</misses>
				<total>35</total>
				<timestamp>1490.350079</timestamp>
			</report>
			<report>
				<misses>5329001</misses>
				<total>35</total>
				<timestamp>1490.629761</timestamp>
			</report>
			<report>
				<misses>5330001</misses>
				<total>35</total>
				<timestamp>1490.909445</timestamp>
			</report>
			<report>
				<misses>5331001</misses>
				<total>35</total>
				<timestamp>1491.189185</timestamp>
			</report>
			<report>
				<misses>5332001</misses>
				<total>35</total>
				<timestamp>1491.468907</timestamp>
			</report>
			<report>
				<misses>5333001</misses>
				<total>35</total>
				<timestamp>1491.748612</timestamp>
			</report>
			<report>
				<misses>5334001</misses>
				<total>35</total>
				<timestamp>1492.028313</timestamp>
			</report>
			<report>
				<misses>5335001</misses>
				<total>35</total>
				<timestamp>1492.308089</timestamp>
			</report>
			<report>
				<misses>5336001</misses>
				<total>35</total>
				<timestamp>1492.587816</timestamp>
			</report>
			<report>
				<misses>5337001</misses>
				<total>35</total>
				<timestamp>1492.867482</timestamp>
			</report>
			<report>
				<misses>5338001</misses>
				<total>35</total>
				<timestamp>1493.147224</timestamp>
			</report>
			<report>
				<misses>5339001</misses>
				<total>35</total>
				<timestamp>1493.426957</timestamp>
			</report>
			<report>
				<misses>5340001</misses>
				<total>35</total>
				<timestamp>1493.706655</timestamp>
			</report>
			<report>
				<misses>5341001</misses>
				<total>35</total>
				<timestamp>1493.986378</timestamp>
			</report>
			<report>
				<misses>5342001</misses>
				<total>35</total>
				<timestamp>1494.266136</timestamp>
			</report>
			<report>
				<misses>5343001</misses>
				<total>35</total>
				<timestamp>1494.545824</timestamp>
			</report>
			<report>
				<misses>5344001</misses>
				<total>35</total>
				<timestamp>1494.825529</timestamp>
			</report>
			<report>
				<misses>5345001</misses>
				<total>35</total>
				<timestamp>1495.105255</timestamp>
			</report>
			<report>
				<misses>5346001</misses>
				<total>35</total>
				<timestamp>1495.385137</timestamp>
			</report>
			<report>
				<misses>5347001</misses>
				<total>35</total>
				<timestamp>1495.664713</timestamp>
			</report>
			<report>
				<misses>5348001</misses>
				<total>35</total>
				<timestamp>1495.944421</timestamp>
			</report>
			<report>
				<misses>5349001</misses>
				<total>35</total>
				<timestamp>1496.224190</timestamp>
			</report>
			<report>
				<misses>5350001</misses>
				<total>35</total>
				<timestamp>1496.503889</timestamp>
			</report>
			<report>
				<misses>5351001</misses>
				<total>35</total>
				<timestamp>1496.783598</timestamp>
			</report>
			<report>
				<misses>5352001</misses>
				<total>35</total>
				<timestamp>1497.063310</timestamp>
			</report>
			<report>
				<misses>5353001</misses>
				<total>35</total>
				<timestamp>1497.343100</timestamp>
			</report>
			<report>
				<misses>5354001</misses>
				<total>35</total>
				<timestamp>1497.622741</timestamp>
			</report>
			<report>
				<misses>5355001</misses>
				<total>35</total>
				<timestamp>1497.902441</timestamp>
			</report>
			<report>
				<misses>5356001</misses>
				<total>35</total>
				<timestamp>1498.182220</timestamp>
			</report>
			<report>
				<misses>5357001</misses>
				<total>35</total>
				<timestamp>1498.461895</timestamp>
			</report>
			<report>
				<misses>5358001</misses>
				<total>35</total>
				<timestamp>1498.741604</timestamp>
			</report>
			<report>
				<misses>5359001</misses>
				<total>35</total>
				<timestamp>1499.021317</timestamp>
			</report>
			<report>
				<misses>5360001</misses>
				<total>35</total>
				<timestamp>1499.301077</timestamp>
			</report>
			<report>
				<misses>5361001</misses>
				<total>35</total>
				<timestamp>1499.580784</timestamp>
			</report>
			<report>
				<misses>5362001</misses>
				<total>35</total>
				<timestamp>1499.860499</timestamp>
			</report>
			<report>
				<misses>5363001</misses>
				<total>35</total>
				<timestamp>1500.140245</timestamp>
			</report>
			<report>
				<misses>5364001</misses>
				<total>35</total>
				<timestamp>1500.419980</timestamp>
			</report>
			<report>
				<misses>5365001</misses>
				<total>35</total>
				<timestamp>1500.699636</timestamp>
			</report>
			<report>
				<misses>5366001</misses>
				<total>35</total>
				<timestamp>1500.979364</timestamp>
			</report>
			<report>
				<misses>5367001</misses>
				<total>35</total>
				<timestamp>1501.259172</timestamp>
			</report>
			<report>
				<misses>5368001</misses>
				<total>35</total>
				<timestamp>1501.538799</timestamp>
			</report>
			<report>
				<misses>5369001</misses>
				<total>35</total>
				<timestamp>1501.818530</timestamp>
			</report>
			<report>
				<misses>5370001</misses>
				<total>35</total>
				<timestamp>1502.098276</timestamp>
			</report>
			<report>
				<misses>5371001</misses>
				<total>35</total>
				<timestamp>1502.377985</timestamp>
			</report>
			<report>
				<misses>5372001</misses>
				<total>35</total>
				<timestamp>1502.657698</timestamp>
			</report>
			<report>
				<misses>5373001</misses>
				<total>35</total>
				<timestamp>1502.937433</timestamp>
			</report>
			<report>
				<misses>5374001</misses>
				<total>35</total>
				<timestamp>1503.217181</timestamp>
			</report>
			<report>
				<misses>5375001</misses>
				<total>35</total>
				<timestamp>1503.496845</timestamp>
			</report>
			<report>
				<misses>5376001</misses>
				<total>35</total>
				<timestamp>1503.776589</timestamp>
			</report>
			<report>
				<misses>5377001</misses>
				<total>35</total>
				<timestamp>1504.056282</timestamp>
			</report>
			<report>
				<misses>5378001</misses>
				<total>35</total>
				<timestamp>1504.336025</timestamp>
			</report>
			<report>
				<misses>5379001</misses>
				<total>35</total>
				<timestamp>1504.615724</timestamp>
			</report>
			<report>
				<misses>5380001</misses>
				<total>35</total>
				<timestamp>1504.895448</timestamp>
			</report>
			<report>
				<misses>5381001</misses>
				<total>35</total>
				<timestamp>1505.175181</timestamp>
			</report>
			<report>
				<misses>5382001</misses>
				<total>35</total>
				<timestamp>1505.454935</timestamp>
			</report>
			<report>
				<misses>5383001</misses>
				<total>35</total>
				<timestamp>1505.734607</timestamp>
			</report>
			<report>
				<misses>5384001</misses>
				<total>35</total>
				<timestamp>1506.014324</timestamp>
			</report>
			<report>
				<misses>5385001</misses>
				<total>35</total>
				<timestamp>1506.294114</timestamp>
			</report>
			<report>
				<misses>5386001</misses>
				<total>35</total>
				<timestamp>1506.573790</timestamp>
			</report>
			<report>
				<misses>5387001</misses>
				<total>35</total>
				<timestamp>1506.853536</timestamp>
			</report>
			<report>
				<misses>5388001</misses>
				<total>35</total>
				<timestamp>1507.133215</timestamp>
			</report>
			<report>
				<misses>5389001</misses>
				<total>35</total>
				<timestamp>1507.413045</timestamp>
			</report>
			<report>
				<misses>5390001</misses>
				<total>35</total>
				<timestamp>1507.692654</timestamp>
			</report>
			<report>
				<misses>5391001</misses>
				<total>35</total>
				<timestamp>1507.972380</timestamp>
			</report>
			<report>
				<misses>5392001</misses>
				<total>35</total>
				<timestamp>1508.252140</timestamp>
			</report>
			<report>
				<misses>5393001</misses>
				<total>35</total>
				<timestamp>1508.531823</timestamp>
			</report>
			<report>
				<misses>5394001</misses>
				<total>35</total>
				<timestamp>1508.811517</timestamp>
			</report>
			<report>
				<misses>5395001</misses>
				<total>35</total>
				<timestamp>1509.091272</timestamp>
			</report>
			<report>
				<misses>5396001</misses>
				<total>35</total>
				<timestamp>1509.371030</timestamp>
			</report>
			<report>
				<misses>5397001</misses>
				<total>35</total>
				<timestamp>1509.650697</timestamp>
			</report>
			<report>
				<misses>5398001</misses>
				<total>35</total>
				<timestamp>1509.930398</timestamp>
			</report>
			<report>
				<misses>5399001</misses>
				<total>35</total>
				<timestamp>1510.210146</timestamp>
			</report>
			<report>
				<misses>5400001</misses>
				<total>35</total>
				<timestamp>1510.489938</timestamp>
			</report>
			<report>
				<misses>5401001</misses>
				<total>35</total>
				<timestamp>1510.769572</timestamp>
			</report>
			<report>
				<misses>5402001</misses>
				<total>35</total>
				<timestamp>1511.049286</timestamp>
			</report>
			<report>
				<misses>5403001</misses>
				<total>35</total>
				<timestamp>1511.329046</timestamp>
			</report>
			<report>
				<misses>5404001</misses>
				<total>35</total>
				<timestamp>1511.608743</timestamp>
			</report>
			<report>
				<misses>5405001</misses>
				<total>35</total>
				<timestamp>1511.888448</timestamp>
			</report>
			<report>
				<misses>5406001</misses>
				<total>35</total>
				<timestamp>1512.168216</timestamp>
			</report>
			<report>
				<misses>5407001</misses>
				<total>35</total>
				<timestamp>1512.448050</timestamp>
			</report>
			<report>
				<misses>5408001</misses>
				<total>35</total>
				<timestamp>1512.727611</timestamp>
			</report>
			<report>
				<misses>5409001</misses>
				<total>35</total>
				<timestamp>1513.007340</timestamp>
			</report>
			<report>
				<misses>5410001</misses>
				<total>35</total>
				<timestamp>1513.287130</timestamp>
			</report>
			<report>
				<misses>5411001</misses>
				<total>35</total>
				<timestamp>1513.566782</timestamp>
			</report>
			<report>
				<misses>5412001</misses>
				<total>35</total>
				<timestamp>1513.846514</timestamp>
			</report>
			<report>
				<misses>5413001</misses>
				<total>35</total>
				<timestamp>1514.126226</timestamp>
			</report>
			<report>
				<misses>5414001</misses>
				<total>35</total>
				<timestamp>1514.405976</timestamp>
			</report>
			<report>
				<misses>5415001</misses>
				<total>35</total>
				<timestamp>1514.685667</timestamp>
			</report>
			<report>
				<misses>5416001</misses>
				<total>35</total>
				<timestamp>1514.965398</timestamp>
			</report>
			<report>
				<misses>5417001</misses>
				<total>35</total>
				<timestamp>1515.245156</timestamp>
			</report>
			<report>
				<misses>5418001</misses>
				<total>35</total>
				<timestamp>1515.524853</timestamp>
			</report>
			<report>
				<misses>5419001</misses>
				<total>35</total>
				<timestamp>1515.804534</timestamp>
			</report>
			<report>
				<misses>5420001</misses>
				<total>35</total>
				<timestamp>1516.084246</timestamp>
			</report>
			<report>
				<misses>5421001</misses>
				<total>35</total>
				<timestamp>1516.364058</timestamp>
			</report>
			<report>
				<misses>5422001</misses>
				<total>35</total>
				<timestamp>1516.643697</timestamp>
			</report>
			<report>
				<misses>5423001</misses>
				<total>35</total>
				<timestamp>1516.923463</timestamp>
			</report>
			<report>
				<misses>5424001</misses>
				<total>35</total>
				<timestamp>1517.203129</timestamp>
			</report>
			<report>
				<misses>5425001</misses>
				<total>35</total>
				<timestamp>1517.482983</timestamp>
			</report>
			<report>
				<misses>5426001</misses>
				<total>35</total>
				<timestamp>1517.762567</timestamp>
			</report>
			<report>
				<misses>5427001</misses>
				<total>35</total>
				<timestamp>1518.042288</timestamp>
			</report>
			<report>
				<misses>5428001</misses>
				<total>35</total>
				<timestamp>1518.322092</timestamp>
			</report>
			<report>
				<misses>5429001</misses>
				<total>35</total>
				<timestamp>1518.601743</timestamp>
			</report>
			<report>
				<misses>5430001</misses>
				<total>35</total>
				<timestamp>1518.881445</timestamp>
			</report>
			<report>
				<misses>5431001</misses>
				<total>35</total>
				<timestamp>1519.161164</timestamp>
			</report>
			<report>
				<misses>5432001</misses>
				<total>35</total>
				<timestamp>1519.440986</timestamp>
			</report>
			<report>
				<misses>5433001</misses>
				<total>35</total>
				<timestamp>1519.720609</timestamp>
			</report>
			<report>
				<misses>5434001</misses>
				<total>35</total>
				<timestamp>1520.000343</timestamp>
			</report>
			<report>
				<misses>5435001</misses>
				<total>35</total>
				<timestamp>1520.280073</timestamp>
			</report>
			<report>
				<misses>5436001</misses>
				<total>35</total>
				<timestamp>1520.559806</timestamp>
			</report>
			<report>
				<misses>5437001</misses>
				<total>35</total>
				<timestamp>1520.839525</timestamp>
			</report>
			<report>
				<misses>5438001</misses>
				<total>35</total>
				<timestamp>1521.119208</timestamp>
			</report>
			<report>
				<misses>5439001</misses>
				<total>35</total>
				<timestamp>1521.399035</timestamp>
			</report>
			<report>
				<misses>5440001</misses>
				<total>35</total>
				<timestamp>1521.678663</timestamp>
			</report>
			<report>
				<misses>5441001</misses>
				<total>35</total>
				<timestamp>1521.958416</timestamp>
			</report>
			<report>
				<misses>5442001</misses>
				<total>35</total>
				<timestamp>1522.238121</timestamp>
			</report>
			<report>
				<misses>5443001</misses>
				<total>35</total>
				<timestamp>1522.517896</timestamp>
			</report>
			<report>
				<misses>5444001</misses>
				<total>35</total>
				<timestamp>1522.797533</timestamp>
			</report>
			<report>
				<misses>5445001</misses>
				<total>35</total>
				<timestamp>1523.077274</timestamp>
			</report>
			<report>
				<misses>5446001</misses>
				<total>35</total>
				<timestamp>1523.356974</timestamp>
			</report>
			<report>
				<misses>5447001</misses>
				<total>35</total>
				<timestamp>1523.636690</timestamp>
			</report>
			<report>
				<misses>5448001</misses>
				<total>36</total>
				<timestamp>1523.916443</timestamp>
			</report>
			<report>
				<misses>5449001</misses>
				<total>36</total>
				<timestamp>1524.196149</timestamp>
			</report>
			<report>
				<misses>5450001</misses>
				<total>36</total>
				<timestamp>1524.475974</timestamp>
			</report>
			<report>
				<misses>5451001</misses>
				<total>36</total>
				<timestamp>1524.755593</timestamp>
			</report>
			<report>
				<misses>5452001</misses>
				<total>36</total>
				<timestamp>1525.035298</timestamp>
			</report>
			<report>
				<misses>5453001</misses>
				<total>36</total>
				<timestamp>1525.315004</timestamp>
			</report>
			<report>
				<misses>5454001</misses>
				<total>36</total>
				<timestamp>1525.594773</timestamp>
			</report>
			<report>
				<misses>5455001</misses>
				<total>36</total>
				<timestamp>1525.874438</timestamp>
			</report>
			<report>
				<misses>5456001</misses>
				<total>36</total>
				<timestamp>1526.154172</timestamp>
			</report>
			<report>
				<misses>5457001</misses>
				<total>36</total>
				<timestamp>1526.433986</timestamp>
			</report>
			<report>
				<misses>5458001</misses>
				<total>36</total>
				<timestamp>1526.713636</timestamp>
			</report>
			<report>
				<misses>5459001</misses>
				<total>36</total>
				<timestamp>1526.993326</timestamp>
			</report>
			<report>
				<misses>5460001</misses>
				<total>36</total>
				<timestamp>1527.273068</timestamp>
			</report>
			<report>
				<misses>5461001</misses>
				<total>36</total>
				<timestamp>1527.552869</timestamp>
			</report>
			<report>
				<misses>5462001</misses>
				<total>36</total>
				<timestamp>1527.832522</timestamp>
			</report>
			<report>
				<misses>5463001</misses>
				<total>36</total>
				<timestamp>1528.112221</timestamp>
			</report>
			<report>
				<misses>5464001</misses>
				<total>36</total>
				<timestamp>1528.391955</timestamp>
			</report>
			<report>
				<misses>5465001</misses>
				<total>36</total>
				<timestamp>1528.671657</timestamp>
			</report>
			<report>
				<misses>5466001</misses>
				<total>36</total>
				<timestamp>1528.951367</timestamp>
			</report>
			<report>
				<misses>5467001</misses>
				<total>36</total>
				<timestamp>1529.231182</timestamp>
			</report>
			<report>
				<misses>5468001</misses>
				<total>36</total>
				<timestamp>1529.510828</timestamp>
			</report>
			<report>
				<misses>5469001</misses>
				<total>36</total>
				<timestamp>1529.790537</timestamp>
			</report>
			<report>
				<misses>5470001</misses>
				<total>36</total>
				<timestamp>1530.070273</timestamp>
			</report>
			<report>
				<misses>5471001</misses>
				<total>36</total>
				<timestamp>1530.350049</timestamp>
			</report>
			<report>
				<misses>5472001</misses>
				<total>36</total>
				<timestamp>1530.629737</timestamp>
			</report>
			<report>
				<misses>5473001</misses>
				<total>36</total>
				<timestamp>1530.909435</timestamp>
			</report>
			<report>
				<misses>5474001</misses>
				<total>36</total>
				<timestamp>1531.189203</timestamp>
			</report>
			<report>
				<misses>5475001</misses>
				<total>36</total>
				<timestamp>1531.468868</timestamp>
			</report>
			<report>
				<misses>5476001</misses>
				<total>36</total>
				<timestamp>1531.748599</timestamp>
			</report>
			<report>
				<misses>5477001</misses>
				<total>36</total>
				<timestamp>1532.028285</timestamp>
			</report>
			<report>
				<misses>5478001</misses>
				<total>36</total>
				<timestamp>1532.308076</timestamp>
			</report>
			<report>
				<misses>5479001</misses>
				<total>36</total>
				<timestamp>1532.587797</timestamp>
			</report>
			<report>
				<misses>5480001</misses>
				<total>36</total>
				<timestamp>1532.867502</timestamp>
			</report>
			<report>
				<misses>5481001</misses>
				<total>36</total>
				<timestamp>1533.147173</timestamp>
			</report>
			<report>
				<misses>5482001</misses>
				<total>36</total>
				<timestamp>1533.426990</timestamp>
			</report>
			<report>
				<misses>5483001</misses>
				<total>36</total>
				<timestamp>1533.706623</timestamp>
			</report>
			<report>
				<misses>5484001</misses>
				<total>36</total>
				<timestamp>1533.986334</timestamp>
			</report>
			<report>
				<misses>5485001</misses>
				<total>36</total>
				<timestamp>1534.266086</timestamp>
			</report>
			<report>
				<misses>5486001</misses>
				<total>36</total>
				<timestamp>1534.545842</timestamp>
			</report>
			<report>
				<misses>5487001</misses>
				<total>36</total>
				<timestamp>1534.825500</timestamp>
			</report>
			<report>
				<misses>5488001</misses>
				<total>36</total>
				<timestamp>1535.105221</timestamp>
			</report>
			<report>
				<misses>5489001</misses>
				<total>36</total>
				<timestamp>1535.384972</timestamp>
			</report>
			<report>
				<misses>5490001</misses>
				<total>36</total>
				<timestamp>1535.664712</timestamp>
			</report>
			<report>
				<misses>5491001</misses>
				<total>36</total>
				<timestamp>1535.944426</timestamp>
			</report>
			<report>
				<misses>5492001</misses>
				<total>36</total>
				<timestamp>1536.224110</timestamp>
			</report>
			<report>
				<misses>5493001</misses>
				<total>36</total>
				<timestamp>1536.503904</timestamp>
			</report>
			<report>
				<misses>5494001</misses>
				<total>36</total>
				<timestamp>1536.783534</timestamp>
			</report>
			<report>
				<misses>5495001</misses>
				<total>36</total>
				<timestamp>1537.063288</timestamp>
			</report>
			<report>
				<misses>5496001</misses>
				<total>36</total>
				<timestamp>1537.343004</timestamp>
			</report>
			<report>
				<misses>5497001</misses>
				<total>37</total>
				<timestamp>1537.622699</timestamp>
			</report>
			<report>
				<misses>5498001</misses>
				<total>37</total>
				<timestamp>1537.902421</timestamp>
			</report>
			<report>
				<misses>5499001</misses>
				<total>37</total>
				<timestamp>1538.182131</timestamp>
			</report>
			<report>
				<misses>5500001</misses>
				<total>37</total>
				<timestamp>1538.461950</timestamp>
			</report>
			<report>
				<misses>5501001</misses>
				<total>37</total>
				<timestamp>1538.741567</timestamp>
			</report>
			<report>
				<misses>5502001</misses>
				<total>37</total>
				<timestamp>1539.021285</timestamp>
			</report>
			<report>
				<misses>5503001</misses>
				<total>37</total>
				<timestamp>1539.301038</timestamp>
			</report>
			<report>
				<misses>5504001</misses>
				<total>37</total>
				<timestamp>1539.580751</timestamp>
			</report>
			<report>
				<misses>5505001</misses>
				<total>37</total>
				<timestamp>1539.860458</timestamp>
			</report>
			<report>
				<misses>5506001</misses>
				<total>37</total>
				<timestamp>1540.140168</timestamp>
			</report>
			<report>
				<misses>5507001</misses>
				<total>37</total>
				<timestamp>1540.419885</timestamp>
			</report>
			<report>
				<misses>5508001</misses>
				<total>37</total>
				<timestamp>1540.699623</timestamp>
			</report>
			<report>
				<misses>5509001</misses>
				<total>37</total>
				<timestamp>1540.979325</timestamp>
			</report>
			<report>
				<misses>5510001</misses>
				<total>37</total>
				<timestamp>1541.259082</timestamp>
			</report>
			<report>
				<misses>5511001</misses>
				<total>37</total>
				<timestamp>1541.538775</timestamp>
			</report>
			<report>
				<misses>5512001</misses>
				<total>37</total>
				<timestamp>1541.818501</timestamp>
			</report>
			<report>
				<misses>5513001</misses>
				<total>37</total>
				<timestamp>1542.098207</timestamp>
			</report>
			<report>
				<misses>5514001</misses>
				<total>37</total>
				<timestamp>1542.378021</timestamp>
			</report>
			<report>
				<misses>5515001</misses>
				<total>37</total>
				<timestamp>1542.657707</timestamp>
			</report>
			<report>
				<misses>5516001</misses>
				<total>37</total>
				<timestamp>1542.937399</timestamp>
			</report>
			<report>
				<misses>5517001</misses>
				<total>37</total>
				<timestamp>1543.217074</timestamp>
			</report>
			<report>
				<misses>5518001</misses>
				<total>37</total>
				<timestamp>1543.496858</timestamp>
			</report>
			<report>
				<misses>5519001</misses>
				<total>37</total>
				<timestamp>1543.776526</timestamp>
			</report>
			<report>
				<misses>5520001</misses>
				<total>37</total>
				<timestamp>1544.056247</timestamp>
			</report>
			<report>
				<misses>5521001</misses>
				<total>37</total>
				<timestamp>1544.335974</timestamp>
			</report>
			<report>
				<misses>5522001</misses>
				<total>37</total>
				<timestamp>1544.615735</timestamp>
			</report>
			<report>
				<misses>5523001</misses>
				<total>37</total>
				<timestamp>1544.895432</timestamp>
			</report>
			<report>
				<misses>5524001</misses>
				<total>37</total>
				<timestamp>1545.175121</timestamp>
			</report>
			<report>
				<misses>5525001</misses>
				<total>37</total>
				<timestamp>1545.454881</timestamp>
			</report>
			<report>
				<misses>5526001</misses>
				<total>37</total>
				<timestamp>1545.734560</timestamp>
			</report>
			<report>
				<misses>5527001</misses>
				<total>37</total>
				<timestamp>1546.014295</timestamp>
			</report>
			<report>
				<misses>5528001</misses>
				<total>37</total>
				<timestamp>1546.294012</timestamp>
			</report>
			<report>
				<misses>5529001</misses>
				<total>37</total>
				<timestamp>1546.573830</timestamp>
			</report>
			<report>
				<misses>5530001</misses>
				<total>37</total>
				<timestamp>1546.853432</timestamp>
			</report>
			<report>
				<misses>5531001</misses>
				<total>37</total>
				<timestamp>1547.133182</timestamp>
			</report>
			<report>
				<misses>5532001</misses>
				<total>37</total>
				<timestamp>1547.412933</timestamp>
			</report>
			<report>
				<misses>5533001</misses>
				<total>37</total>
				<timestamp>1547.692625</timestamp>
			</report>
			<report>
				<misses>5534001</misses>
				<total>37</total>
				<timestamp>1547.972367</timestamp>
			</report>
			<report>
				<misses>5535001</misses>
				<total>37</total>
				<timestamp>1548.252084</timestamp>
			</report>
			<report>
				<misses>5536001</misses>
				<total>37</total>
				<timestamp>1548.531812</timestamp>
			</report>
			<report>
				<misses>5537001</misses>
				<total>37</total>
				<timestamp>1548.811496</timestamp>
			</report>
			<report>
				<misses>5538001</misses>
				<total>37</total>
				<timestamp>1549.091233</timestamp>
			</report>
			<report>
				<misses>5539001</misses>
				<total>37</total>
				<timestamp>1549.370988</timestamp>
			</report>
			<report>
				<misses>5540001</misses>
				<total>37</total>
				<timestamp>1549.650705</timestamp>
			</report>
			<report>
				<misses>5541001</misses>
				<total>37</total>
				<timestamp>1549.930386</timestamp>
			</report>
			<report>
				<misses>5542001</misses>
				<total>37</total>
				<timestamp>1550.210090</timestamp>
			</report>
			<report>
				<misses>5543001</misses>
				<total>37</total>
				<timestamp>1550.489882</timestamp>
			</report>
			<report>
				<misses>5544001</misses>
				<total>37</total>
				<timestamp>1550.769522</timestamp>
			</report>
			<report>
				<misses>5545001</misses>
				<total>37</total>
				<timestamp>1551.049252</timestamp>
			</report>
			<report>
				<misses>5546001</misses>
				<total>37</total>
				<timestamp>1551.329087</timestamp>
			</report>
			<report>
				<misses>5547001</misses>
				<total>37</total>
				<timestamp>1551.608735</timestamp>
			</report>
			<report>
				<misses>5548001</misses>
				<total>37</total>
				<timestamp>1551.888409</timestamp>
			</report>
			<report>
				<misses>5549001</misses>
				<total>37</total>
				<timestamp>1552.168147</timestamp>
			</report>
			<report>
				<misses>5550001</misses>
				<total>37</total>
				<timestamp>1552.447886</timestamp>
			</report>
			<report>
				<misses>5551001</misses>
				<total>37</total>
				<timestamp>1552.727620</timestamp>
			</report>
			<report>
				<misses>5552001</misses>
				<total>37</total>
				<timestamp>1553.007331</timestamp>
			</report>
			<report>
				<misses>5553001</misses>
				<total>37</total>
				<timestamp>1553.287037</timestamp>
			</report>
			<report>
				<misses>5554001</misses>
				<total>37</total>
				<timestamp>1553.566828</timestamp>
			</report>
			<report>
				<misses>5555001</misses>
				<total>37</total>
				<timestamp>1553.846468</timestamp>
			</report>
			<report>
				<misses>5556001</misses>
				<total>37</total>
				<timestamp>1554.126159</timestamp>
			</report>
			<report>
				<misses>5557001</misses>
				<total>37</total>
				<timestamp>1554.405879</timestamp>
			</report>
			<report>
				<misses>5558001</misses>
				<total>37</total>
				<timestamp>1554.685667</timestamp>
			</report>
			<report>
				<misses>5559001</misses>
				<total>37</total>
				<timestamp>1554.965333</timestamp>
			</report>
			<report>
				<misses>5560001</misses>
				<total>37</total>
				<timestamp>1555.245045</timestamp>
			</report>
			<report>
				<misses>5561001</misses>
				<total>37</total>
				<timestamp>1555.524882</timestamp>
			</report>
			<report>
				<misses>5562001</misses>
				<total>37</total>
				<timestamp>1555.804486</timestamp>
			</report>
			<report>
				<misses>5563001</misses>
				<total>37</total>
				<timestamp>1556.084230</timestamp>
			</report>
			<report>
				<misses>5564001</misses>
				<total>37</total>
				<timestamp>1556.363945</timestamp>
			</report>
			<report>
				<misses>5565001</misses>
				<total>37</total>
				<timestamp>1556.643714</timestamp>
			</report>
			<report>
				<misses>5566001</misses>
				<total>37</total>
				<timestamp>1556.923394</timestamp>
			</report>
			<report>
				<misses>5567001</misses>
				<total>37</total>
				<timestamp>1557.203088</timestamp>
			</report>
			<report>
				<misses>5568001</misses>
				<total>37</total>
				<timestamp>1557.482864</timestamp>
			</report>
			<report>
				<misses>5569001</misses>
				<total>37</total>
				<timestamp>1557.762521</timestamp>
			</report>
			<report>
				<misses>5570001</misses>
				<total>37</total>
				<timestamp>1558.042250</timestamp>
			</report>
			<report>
				<misses>5571001</misses>
				<total>37</total>
				<timestamp>1558.321991</timestamp>
			</report>
			<report>
				<misses>5572001</misses>
				<total>37</total>
				<timestamp>1558.601756</timestamp>
			</report>
			<report>
				<misses>5573001</misses>
				<total>37</total>
				<timestamp>1558.881435</timestamp>
			</report>
			<report>
				<misses>5574001</misses>
				<total>37</total>
				<timestamp>1559.161138</timestamp>
			</report>
			<report>
				<misses>5575001</misses>
				<total>37</total>
				<timestamp>1559.440866</timestamp>
			</report>
			<report>
				<misses>5576001</misses>
				<total>37</total>
				<timestamp>1559.720622</timestamp>
			</report>
			<report>
				<misses>5577001</misses>
				<total>37</total>
				<timestamp>1560.000308</timestamp>
			</report>
			<report>
				<misses>5578001</misses>
				<total>37</total>
				<timestamp>1560.279997</timestamp>
			</report>
			<report>
				<misses>5579001</misses>
				<total>37</total>
				<timestamp>1560.559839</timestamp>
			</report>
			<report>
				<misses>5580001</misses>
				<total>37</total>
				<timestamp>1560.839448</timestamp>
			</report>
			<report>
				<misses>5581001</misses>
				<total>37</total>
				<timestamp>1561.119185</timestamp>
			</report>
			<report>
				<misses>5582001</misses>
				<total>37</total>
				<timestamp>1561.398929</timestamp>
			</report>
			<report>
				<misses>5583001</misses>
				<total>37</total>
				<timestamp>1561.678649</timestamp>
			</report>
			<report>
				<misses>5584001</misses>
				<total>37</total>
				<timestamp>1561.958332</timestamp>
			</report>
			<report>
				<misses>5585001</misses>
				<total>37</total>
				<timestamp>1562.238050</timestamp>
			</report>
			<report>
				<misses>5586001</misses>
				<total>37</total>
				<timestamp>1562.517860</timestamp>
			</report>
			<report>
				<misses>5587001</misses>
				<total>37</total>
				<timestamp>1562.797530</timestamp>
			</report>
			<report>
				<misses>5588001</misses>
				<total>37</total>
				<timestamp>1563.077206</timestamp>
			</report>
			<report>
				<misses>5589001</misses>
				<total>37</total>
				<timestamp>1563.356929</timestamp>
			</report>
			<report>
				<misses>5590001</misses>
				<total>37</total>
				<timestamp>1563.636706</timestamp>
			</report>
			<report>
				<misses>5591001</misses>
				<total>37</total>
				<timestamp>1563.916368</timestamp>
			</report>
			<report>
				<misses>5592001</misses>
				<total>37</total>
				<timestamp>1564.196080</timestamp>
			</report>
			<report>
				<misses>5593001</misses>
				<total>37</total>
				<timestamp>1564.475810</timestamp>
			</report>
			<report>
				<misses>5594001</misses>
				<total>37</total>
				<timestamp>1564.755540</timestamp>
			</report>
			<report>
				<misses>5595001</misses>
				<total>37</total>
				<timestamp>1565.035291</timestamp>
			</report>
			<report>
				<misses>5596001</misses>
				<total>37</total>
				<timestamp>1565.315013</timestamp>
			</report>
			<report>
				<misses>5597001</misses>
				<total>37</total>
				<timestamp>1565.594704</timestamp>
			</report>
			<report>
				<misses>5598001</misses>
				<total>37</total>
				<timestamp>1565.874410</timestamp>
			</report>
			<report>
				<misses>5599001</misses>
				<total>37</total>
				<timestamp>1566.154132</timestamp>
			</report>
			<report>
				<misses>5600001</misses>
				<total>37</total>
				<timestamp>1566.433893</timestamp>
			</report>
			<report>
				<misses>5601001</misses>
				<total>37</total>
				<timestamp>1566.713596</timestamp>
			</report>
			<report>
				<misses>5602001</misses>
				<total>37</total>
				<timestamp>1566.993299</timestamp>
			</report>
			<report>
				<misses>5603001</misses>
				<total>37</total>
				<timestamp>1567.273004</timestamp>
			</report>
			<report>
				<misses>5604001</misses>
				<total>37</total>
				<timestamp>1567.552785</timestamp>
			</report>
			<report>
				<misses>5605001</misses>
				<total>37</total>
				<timestamp>1567.832446</timestamp>
			</report>
			<report>
				<misses>5606001</misses>
				<total>37</total>
				<timestamp>1568.112192</timestamp>
			</report>
			<report>
				<misses>5607001</misses>
				<total>37</total>
				<timestamp>1568.391882</timestamp>
			</report>
			<report>
				<misses>5608001</misses>
				<total>37</total>
				<timestamp>1568.671628</timestamp>
			</report>
			<report>
				<misses>5609001</misses>
				<total>37</total>
				<timestamp>1568.951339</timestamp>
			</report>
			<report>
				<misses>5610001</misses>
				<total>37</total>
				<timestamp>1569.231064</timestamp>
			</report>
			<report>
				<misses>5611001</misses>
				<total>37</total>
				<timestamp>1569.510864</timestamp>
			</report>
			<report>
				<misses>5612001</misses>
				<total>37</total>
				<timestamp>1569.790491</timestamp>
			</report>
			<report>
				<misses>5613001</misses>
				<total>37</total>
				<timestamp>1570.070314</timestamp>
			</report>
			<report>
				<misses>5614001</misses>
				<total>37</total>
				<timestamp>1570.349927</timestamp>
			</report>
			<report>
				<misses>5615001</misses>
				<total>37</total>
				<timestamp>1570.629701</timestamp>
			</report>
			<report>
				<misses>5616001</misses>
				<total>37</total>
				<timestamp>1570.909405</timestamp>
			</report>
			<report>
				<misses>5617001</misses>
				<total>37</total>
				<timestamp>1571.189090</timestamp>
			</report>
			<report>
				<misses>5618001</misses>
				<total>37</total>
				<timestamp>1571.468825</timestamp>
			</report>
			<report>
				<misses>5619001</misses>
				<total>37</total>
				<timestamp>1571.748565</timestamp>
			</report>
			<report>
				<misses>5620001</misses>
				<total>37</total>
				<timestamp>1572.028235</timestamp>
			</report>
			<report>
				<misses>5621001</misses>
				<total>37</total>
				<timestamp>1572.307972</timestamp>
			</report>
			<report>
				<misses>5622001</misses>
				<total>37</total>
				<timestamp>1572.587735</timestamp>
			</report>
			<report>
				<misses>5623001</misses>
				<total>37</total>
				<timestamp>1572.867411</timestamp>
			</report>
			<report>
				<misses>5624001</misses>
				<total>37</total>
				<timestamp>1573.147147</timestamp>
			</report>
			<report>
				<misses>5625001</misses>
				<total>37</total>
				<timestamp>1573.426850</timestamp>
			</report>
			<report>
				<misses>5626001</misses>
				<total>37</total>
				<timestamp>1573.706574</timestamp>
			</report>
			<report>
				<misses>5627001</misses>
				<total>37</total>
				<timestamp>1573.986290</timestamp>
			</report>
			<report>
				<misses>5628001</misses>
				<total>37</total>
				<timestamp>1574.266016</timestamp>
			</report>
			<report>
				<misses>5629001</misses>
				<total>37</total>
				<timestamp>1574.545756</timestamp>
			</report>
			<report>
				<misses>5630001</misses>
				<total>37</total>
				<timestamp>1574.825456</timestamp>
			</report>
			<report>
				<misses>5631001</misses>
				<total>37</total>
				<timestamp>1575.105222</timestamp>
			</report>
			<report>
				<misses>5632001</misses>
				<total>37</total>
				<timestamp>1575.384894</timestamp>
			</report>
			<report>
				<misses>5633001</misses>
				<total>37</total>
				<timestamp>1575.664643</timestamp>
			</report>
			<report>
				<misses>5634001</misses>
				<total>37</total>
				<timestamp>1575.944375</timestamp>
			</report>
			<report>
				<misses>5635001</misses>
				<total>37</total>
				<timestamp>1576.224042</timestamp>
			</report>
			<report>
				<misses>5636001</misses>
				<total>37</total>
				<timestamp>1576.503819</timestamp>
			</report>
			<report>
				<misses>5637001</misses>
				<total>37</total>
				<timestamp>1576.783556</timestamp>
			</report>
			<report>
				<misses>5638001</misses>
				<total>37</total>
				<timestamp>1577.063253</timestamp>
			</report>
			<report>
				<misses>5639001</misses>
				<total>37</total>
				<timestamp>1577.342921</timestamp>
			</report>
			<report>
				<misses>5640001</misses>
				<total>37</total>
				<timestamp>1577.622697</timestamp>
			</report>
			<report>
				<misses>5641001</misses>
				<total>37</total>
				<timestamp>1577.902371</timestamp>
			</report>
			<report>
				<misses>5642001</misses>
				<total>37</total>
				<timestamp>1578.182091</timestamp>
			</report>
			<report>
				<misses>5643001</misses>
				<total>37</total>
				<timestamp>1578.461814</timestamp>
			</report>
			<report>
				<misses>5644001</misses>
				<total>37</total>
				<timestamp>1578.741602</timestamp>
			</report>
			<report>
				<misses>5645001</misses>
				<total>37</total>
				<timestamp>1579.021284</timestamp>
			</report>
			<report>
				<misses>5646001</misses>
				<total>37</total>
				<timestamp>1579.300969</timestamp>
			</report>
			<report>
				<misses>5647001</misses>
				<total>37</total>
				<timestamp>1579.580716</timestamp>
			</report>
			<report>
				<misses>5648001</misses>
				<total>37</total>
				<timestamp>1579.860407</timestamp>
			</report>
			<report>
				<misses>5649001</misses>
				<total>37</total>
				<timestamp>1580.140191</timestamp>
			</report>
			<report>
				<misses>5650001</misses>
				<total>37</total>
				<timestamp>1580.419857</timestamp>
			</report>
			<report>
				<misses>5651001</misses>
				<total>37</total>
				<timestamp>1580.699601</timestamp>
			</report>
			<report>
				<misses>5652001</misses>
				<total>37</total>
				<timestamp>1580.979316</timestamp>
			</report>
			<report>
				<misses>5653001</misses>
				<total>37</total>
				<timestamp>1581.259054</timestamp>
			</report>
			<report>
				<misses>5654001</misses>
				<total>37</total>
				<timestamp>1581.538763</timestamp>
			</report>
			<report>
				<misses>5655001</misses>
				<total>37</total>
				<timestamp>1581.818509</timestamp>
			</report>
			<report>
				<misses>5656001</misses>
				<total>37</total>
				<timestamp>1582.098208</timestamp>
			</report>
			<report>
				<misses>5657001</misses>
				<total>37</total>
				<timestamp>1582.377973</timestamp>
			</report>
			<report>
				<misses>5658001</misses>
				<total>37</total>
				<timestamp>1582.657659</timestamp>
			</report>
			<report>
				<misses>5659001</misses>
				<total>37</total>
				<timestamp>1582.937326</timestamp>
			</report>
			<report>
				<misses>5660001</misses>
				<total>37</total>
				<timestamp>1583.217047</timestamp>
			</report>
			<report>
				<misses>5661001</misses>
				<total>37</total>
				<timestamp>1583.496877</timestamp>
			</report>
			<report>
				<misses>5662001</misses>
				<total>37</total>
				<timestamp>1583.776526</timestamp>
			</report>
			<report>
				<misses>5663001</misses>
				<total>37</total>
				<timestamp>1584.056210</timestamp>
			</report>
			<report>
				<misses>5664001</misses>
				<total>37</total>
				<timestamp>1584.335929</timestamp>
			</report>
			<report>
				<misses>5665001</misses>
				<total>37</total>
				<timestamp>1584.615686</timestamp>
			</report>
			<report>
				<misses>5666001</misses>
				<total>37</total>
				<timestamp>1584.895379</timestamp>
			</report>
			<report>
				<misses>5667001</misses>
				<total>37</total>
				<timestamp>1585.175102</timestamp>
			</report>
			<report>
				<misses>5668001</misses>
				<total>37</total>
				<timestamp>1585.454827</timestamp>
			</report>
			<report>
				<misses>5669001</misses>
				<total>37</total>
				<timestamp>1585.734549</timestamp>
			</report>
			<report>
				<misses>5670001</misses>
				<total>37</total>
				<timestamp>1586.014255</timestamp>
			</report>
			<report>
				<misses>5671001</misses>
				<total>37</total>
				<timestamp>1586.293972</timestamp>
			</report>
			<report>
				<misses>5672001</misses>
				<total>37</total>
				<timestamp>1586.573725</timestamp>
			</report>
			<report>
				<misses>5673001</misses>
				<total>37</total>
				<timestamp>1586.853490</timestamp>
			</report>
			<report>
				<misses>5674001</misses>
				<total>37</total>
				<timestamp>1587.133190</timestamp>
			</report>
			<report>
				<misses>5675001</misses>
				<total>37</total>
				<timestamp>1587.412860</timestamp>
			</report>
			<report>
				<misses>5676001</misses>
				<total>37</total>
				<timestamp>1587.692659</timestamp>
			</report>
			<report>
				<misses>5677001</misses>
				<total>37</total>
				<timestamp>1587.972305</timestamp>
			</report>
			<report>
				<misses>5678001</misses>
				<total>37</total>
				<timestamp>1588.252013</timestamp>
			</report>
			<report>
				<misses>5679001</misses>
				<total>37</total>
				<timestamp>1588.531775</timestamp>
			</report>
			<report>
				<misses>5680001</misses>
				<total>37</total>
				<timestamp>1588.811470</timestamp>
			</report>
			<report>
				<misses>5681001</misses>
				<total>37</total>
				<timestamp>1589.091165</timestamp>
			</report>
			<report>
				<misses>5682001</misses>
				<total>37</total>
				<timestamp>1589.370909</timestamp>
			</report>
			<report>
				<misses>5683001</misses>
				<total>37</total>
				<timestamp>1589.650686</timestamp>
			</report>
			<report>
				<misses>5684001</misses>
				<total>37</total>
				<timestamp>1589.930352</timestamp>
			</report>
			<report>
				<misses>5685001</misses>
				<total>37</total>
				<timestamp>1590.210042</timestamp>
			</report>
			<report>
				<misses>5686001</misses>
				<total>37</total>
				<timestamp>1590.489771</timestamp>
			</report>
			<report>
				<misses>5687001</misses>
				<total>37</total>
				<timestamp>1590.769539</timestamp>
			</report>
			<report>
				<misses>5688001</misses>
				<total>37</total>
				<timestamp>1591.049207</timestamp>
			</report>
			<report>
				<misses>5689001</misses>
				<total>37</total>
				<timestamp>1591.328951</timestamp>
			</report>
			<report>
				<misses>5690001</misses>
				<total>37</total>
				<timestamp>1591.608711</timestamp>
			</report>
			<report>
				<misses>5691001</misses>
				<total>37</total>
				<timestamp>1591.888390</timestamp>
			</report>
			<report>
				<misses>5692001</misses>
				<total>37</total>
				<timestamp>1592.168129</timestamp>
			</report>
			<report>
				<misses>5693001</misses>
				<total>37</total>
				<timestamp>1592.447814</timestamp>
			</report>
			<report>
				<misses>5694001</misses>
				<total>37</total>
				<timestamp>1592.727590</timestamp>
			</report>
			<report>
				<misses>5695001</misses>
				<total>37</total>
				<timestamp>1593.007283</timestamp>
			</report>
			<report>
				<misses>5696001</misses>
				<total>38</total>
				<timestamp>1593.286973</timestamp>
			</report>
			<report>
				<misses>5697001</misses>
				<total>38</total>
				<timestamp>1593.566747</timestamp>
			</report>
			<report>
				<misses>5698001</misses>
				<total>38</total>
				<timestamp>1593.846431</timestamp>
			</report>
			<report>
				<misses>5699001</misses>
				<total>38</total>
				<timestamp>1594.126156</timestamp>
			</report>
			<report>
				<misses>5700001</misses>
				<total>38</total>
				<timestamp>1594.405904</timestamp>
			</report>
			<report>
				<misses>5701001</misses>
				<total>38</total>
				<timestamp>1594.685646</timestamp>
			</report>
			<report>
				<misses>5702001</misses>
				<total>38</total>
				<timestamp>1594.965307</timestamp>
			</report>
			<report>
				<misses>5703001</misses>
				<total>38</total>
				<timestamp>1595.245015</timestamp>
			</report>
			<report>
				<misses>5704001</misses>
				<total>38</total>
				<timestamp>1595.524764</timestamp>
			</report>
			<report>
				<misses>5705001</misses>
				<total>38</total>
				<timestamp>1595.804481</timestamp>
			</report>
			<report>
				<misses>5706001</misses>
				<total>38</total>
				<timestamp>1596.084196</timestamp>
			</report>
			<report>
				<misses>5707001</misses>
				<total>38</total>
				<timestamp>1596.363884</timestamp>
			</report>
			<report>
				<misses>5708001</misses>
				<total>38</total>
				<timestamp>1596.643661</timestamp>
			</report>
			<report>
				<misses>5709001</misses>
				<total>38</total>
				<timestamp>1596.923334</timestamp>
			</report>
			<report>
				<misses>5710001</misses>
				<total>38</total>
				<timestamp>1597.203056</timestamp>
			</report>
			<report>
				<misses>5711001</misses>
				<total>38</total>
				<timestamp>1597.482751</timestamp>
			</report>
			<report>
				<misses>5712001</misses>
				<total>38</total>
				<timestamp>1597.762492</timestamp>
			</report>
			<report>
				<misses>5713001</misses>
				<total>38</total>
				<timestamp>1598.042295</timestamp>
			</report>
			<report>
				<misses>5714001</misses>
				<total>38</total>
				<timestamp>1598.321976</timestamp>
			</report>
			<report>
				<misses>5715001</misses>
				<total>38</total>
				<timestamp>1598.601663</timestamp>
			</report>
			<report>
				<misses>5716001</misses>
				<total>38</total>
				<timestamp>1598.881416</timestamp>
			</report>
			<report>
				<misses>5717001</misses>
				<total>38</total>
				<timestamp>1599.161076</timestamp>
			</report>
			<report>
				<misses>5718001</misses>
				<total>38</total>
				<timestamp>1599.440804</timestamp>
			</report>
			<report>
				<misses>5719001</misses>
				<total>38</total>
				<timestamp>1599.720612</timestamp>
			</report>
			<report>
				<misses>5720001</misses>
				<total>38</total>
				<timestamp>1600.000251</timestamp>
			</report>
			<report>
				<misses>5721001</misses>
				<total>38</total>
				<timestamp>1600.279965</timestamp>
			</report>
			<report>
				<misses>5722001</misses>
				<total>38</total>
				<timestamp>1600.559707</timestamp>
			</report>
			<report>
				<misses>5723001</misses>
				<total>38</total>
				<timestamp>1600.839440</timestamp>
			</report>
			<report>
				<misses>5724001</misses>
				<total>38</total>
				<timestamp>1601.119142</timestamp>
			</report>
			<report>
				<misses>5725001</misses>
				<total>38</total>
				<timestamp>1601.398856</timestamp>
			</report>
			<report>
				<misses>5726001</misses>
				<total>38</total>
				<timestamp>1601.678597</timestamp>
			</report>
			<report>
				<misses>5727001</misses>
				<total>38</total>
				<timestamp>1601.958359</timestamp>
			</report>
			<report>
				<misses>5728001</misses>
				<total>38</total>
				<timestamp>1602.238002</timestamp>
			</report>
			<report>
				<misses>5729001</misses>
				<total>38</total>
				<timestamp>1602.517740</timestamp>
			</report>
			<report>
				<misses>5730001</misses>
				<total>38</total>
				<timestamp>1602.797502</timestamp>
			</report>
			<report>
				<misses>5731001</misses>
				<total>38</total>
				<timestamp>1603.077191</timestamp>
			</report>
			<report>
				<misses>5732001</misses>
				<total>38</total>
				<timestamp>1603.356902</timestamp>
			</report>
			<report>
				<misses>5733001</misses>
				<total>38</total>
				<timestamp>1603.636677</timestamp>
			</report>
			<report>
				<misses>5734001</misses>
				<total>38</total>
				<timestamp>1603.916378</timestamp>
			</report>
			<report>
				<misses>5735001</misses>
				<total>38</total>
				<timestamp>1604.196066</timestamp>
			</report>
			<report>
				<misses>5736001</misses>
				<total>38</total>
				<timestamp>1604.475803</timestamp>
			</report>
			<report>
				<misses>5737001</misses>
				<total>38</total>
				<timestamp>1604.755574</timestamp>
			</report>
			<report>
				<misses>5738001</misses>
				<total>38</total>
				<timestamp>1605.035261</timestamp>
			</report>
			<report>
				<misses>5739001</misses>
				<total>38</total>
				<timestamp>1605.314935</timestamp>
			</report>
			<report>
				<misses>5740001</misses>
				<total>38</total>
				<timestamp>1605.594714</timestamp>
			</report>
			<report>
				<misses>5741001</misses>
				<total>38</total>
				<timestamp>1605.874372</timestamp>
			</report>
			<report>
				<misses>5742001</misses>
				<total>38</total>
				<timestamp>1606.154092</timestamp>
			</report>
			<report>
				<misses>5743001</misses>
				<total>38</total>
				<timestamp>1606.433813</timestamp>
			</report>
			<report>
				<misses>5744001</misses>
				<total>38</total>
				<timestamp>1606.713590</timestamp>
			</report>
			<report>
				<misses>5745001</misses>
				<total>38</total>
				<timestamp>1606.993262</timestamp>
			</report>
			<report>
				<misses>5746001</misses>
				<total>38</total>
				<timestamp>1607.272968</timestamp>
			</report>
			<report>
				<misses>5747001</misses>
				<total>38</total>
				<timestamp>1607.552729</timestamp>
			</report>
			<report>
				<misses>5748001</misses>
				<total>38</total>
				<timestamp>1607.832479</timestamp>
			</report>
			<report>
				<misses>5749001</misses>
				<total>38</total>
				<timestamp>1608.112182</timestamp>
			</report>
			<report>
				<misses>5750001</misses>
				<total>38</total>
				<timestamp>1608.391855</timestamp>
			</report>
			<report>
				<misses>5751001</misses>
				<total>38</total>
				<timestamp>1608.671575</timestamp>
			</report>
			<report>
				<misses>5752001</misses>
				<total>38</total>
				<timestamp>1608.951358</timestamp>
			</report>
			<report>
				<misses>5753001</misses>
				<total>38</total>
				<timestamp>1609.231020</timestamp>
			</report>
			<report>
				<misses>5754001</misses>
				<total>38</total>
				<timestamp>1609.510750</timestamp>
			</report>
			<report>
				<misses>5755001</misses>
				<total>38</total>
				<timestamp>1609.790537</timestamp>
			</report>
			<report>
				<misses>5756001</misses>
				<total>38</total>
				<timestamp>1610.070168</timestamp>
			</report>
			<report>
				<misses>5757001</misses>
				<total>38</total>
				<timestamp>1610.349884</timestamp>
			</report>
			<report>
				<misses>5758001</misses>
				<total>38</total>
				<timestamp>1610.629642</timestamp>
			</report>
			<report>
				<misses>5759001</misses>
				<total>38</total>
				<timestamp>1610.909334</timestamp>
			</report>
			<report>
				<misses>5760001</misses>
				<total>38</total>
				<timestamp>1611.189105</timestamp>
			</report>
			<report>
				<misses>5761001</misses>
				<total>38</total>
				<timestamp>1611.468790</timestamp>
			</report>
			<report>
				<misses>5762001</misses>
				<total>38</total>
				<timestamp>1611.748526</timestamp>
			</report>
			<report>
				<misses>5763001</misses>
				<total>38</total>
				<timestamp>1612.028228</timestamp>
			</report>
			<report>
				<misses>5764001</misses>
				<total>38</total>
				<timestamp>1612.307955</timestamp>
			</report>
			<report>
				<misses>5765001</misses>
				<total>38</total>
				<timestamp>1612.587701</timestamp>
			</report>
			<report>
				<misses>5766001</misses>
				<total>38</total>
				<timestamp>1612.867401</timestamp>
			</report>
			<report>
				<misses>5767001</misses>
				<total>38</total>
				<timestamp>1613.147110</timestamp>
			</report>
			<report>
				<misses>5768001</misses>
				<total>38</total>
				<timestamp>1613.426818</timestamp>
			</report>
			<report>
				<misses>5769001</misses>
				<total>38</total>
				<timestamp>1613.706553</timestamp>
			</report>
			<report>
				<misses>5770001</misses>
				<total>38</total>
				<timestamp>1613.986298</timestamp>
			</report>
			<report>
				<misses>5771001</misses>
				<total>38</total>
				<timestamp>1614.265969</timestamp>
			</report>
			<report>
				<misses>5772001</misses>
				<total>38</total>
				<timestamp>1614.545788</timestamp>
			</report>
			<report>
				<misses>5773001</misses>
				<total>38</total>
				<timestamp>1614.825494</timestamp>
			</report>
			<report>
				<misses>5774001</misses>
				<total>38</total>
				<timestamp>1615.105168</timestamp>
			</report>
			<report>
				<misses>5775001</misses>
				<total>38</total>
				<timestamp>1615.384851</timestamp>
			</report>
			<report>
				<misses>5776001</misses>
				<total>38</total>
				<timestamp>1615.664577</timestamp>
			</report>
			<report>
				<misses>5777001</misses>
				<total>38</total>
				<timestamp>1615.944298</timestamp>
			</report>
			<report>
				<misses>5778001</misses>
				<total>38</total>
				<timestamp>1616.224080</timestamp>
			</report>
			<report>
				<misses>5779001</misses>
				<total>38</total>
				<timestamp>1616.503733</timestamp>
			</report>
			<report>
				<misses>5780001</misses>
				<total>38</total>
				<timestamp>1616.783482</timestamp>
			</report>
			<report>
				<misses>5781001</misses>
				<total>38</total>
				<timestamp>1617.063185</timestamp>
			</report>
			<report>
				<misses>5782001</misses>
				<total>38</total>
				<timestamp>1617.342930</timestamp>
			</report>
			<report>
				<misses>5783001</misses>
				<total>38</total>
				<timestamp>1617.622644</timestamp>
			</report>
			<report>
				<misses>5784001</misses>
				<total>38</total>
				<timestamp>1617.902352</timestamp>
			</report>
			<report>
				<misses>5785001</misses>
				<total>38</total>
				<timestamp>1618.182071</timestamp>
			</report>
			<report>
				<misses>5786001</misses>
				<total>38</total>
				<timestamp>1618.461766</timestamp>
			</report>
			<report>
				<misses>5787001</misses>
				<total>38</total>
				<timestamp>1618.741559</timestamp>
			</report>
			<report>
				<misses>5788001</misses>
				<total>38</total>
				<timestamp>1619.021278</timestamp>
			</report>
			<report>
				<misses>5789001</misses>
				<total>38</total>
				<timestamp>1619.300936</timestamp>
			</report>
			<report>
				<misses>5790001</misses>
				<total>38</total>
				<timestamp>1619.580671</timestamp>
			</report>
			<report>
				<misses>5791001</misses>
				<total>38</total>
				<timestamp>1619.860489</timestamp>
			</report>
			<report>
				<misses>5792001</misses>
				<total>38</total>
				<timestamp>1620.140080</timestamp>
			</report>
			<report>
				<misses>5793001</misses>
				<total>38</total>
				<timestamp>1620.419805</timestamp>
			</report>
			<report>
				<misses>5794001</misses>
				<total>38</total>
				<timestamp>1620.699540</timestamp>
			</report>
			<report>
				<misses>5795001</misses>
				<total>38</total>
				<timestamp>1620.979297</timestamp>
			</report>
			<report>
				<misses>5796001</misses>
				<total>38</total>
				<timestamp>1621.258983</timestamp>
			</report>
			<report>
				<misses>5797001</misses>
				<total>38</total>
				<timestamp>1621.538717</timestamp>
			</report>
			<report>
				<misses>5798001</misses>
				<total>38</total>
				<timestamp>1621.818403</timestamp>
			</report>
			<report>
				<misses>5799001</misses>
				<total>38</total>
				<timestamp>1622.098129</timestamp>
			</report>
			<report>
				<misses>5800001</misses>
				<total>38</total>
				<timestamp>1622.377864</timestamp>
			</report>
			<report>
				<misses>5801001</misses>
				<total>38</total>
				<timestamp>1622.657580</timestamp>
			</report>
			<report>
				<misses>5802001</misses>
				<total>38</total>
				<timestamp>1622.937289</timestamp>
			</report>
			<report>
				<misses>5803001</misses>
				<total>38</total>
				<timestamp>1623.217009</timestamp>
			</report>
			<report>
				<misses>5804001</misses>
				<total>38</total>
				<timestamp>1623.496799</timestamp>
			</report>
			<report>
				<misses>5805001</misses>
				<total>38</total>
				<timestamp>1623.776500</timestamp>
			</report>
			<report>
				<misses>5806001</misses>
				<total>38</total>
				<timestamp>1624.056198</timestamp>
			</report>
			<report>
				<misses>5807001</misses>
				<total>38</total>
				<timestamp>1624.335889</timestamp>
			</report>
			<report>
				<misses>5808001</misses>
				<total>38</total>
				<timestamp>1624.615650</timestamp>
			</report>
			<report>
				<misses>5809001</misses>
				<total>38</total>
				<timestamp>1624.895370</timestamp>
			</report>
			<report>
				<misses>5810001</misses>
				<total>38</total>
				<timestamp>1625.175091</timestamp>
			</report>
			<report>
				<misses>5811001</misses>
				<total>38</total>
				<timestamp>1625.454792</timestamp>
			</report>
			<report>
				<misses>5812001</misses>
				<total>38</total>
				<timestamp>1625.734537</timestamp>
			</report>
			<report>
				<misses>5813001</misses>
				<total>38</total>
				<timestamp>1626.014312</timestamp>
			</report>
			<report>
				<misses>5814001</misses>
				<total>38</total>
				<timestamp>1626.293937</timestamp>
			</report>
			<report>
				<misses>5815001</misses>
				<total>38</total>
				<timestamp>1626.573647</timestamp>
			</report>
			<report>
				<misses>5816001</misses>
				<total>38</total>
				<timestamp>1626.853382</timestamp>
			</report>
			<report>
				<misses>5817001</misses>
				<total>38</total>
				<timestamp>1627.133099</timestamp>
			</report>
			<report>
				<misses>5818001</misses>
				<total>38</total>
				<timestamp>1627.412832</timestamp>
			</report>
			<report>
				<misses>5819001</misses>
				<total>38</total>
				<timestamp>1627.692611</timestamp>
			</report>
			<report>
				<misses>5820001</misses>
				<total>38</total>
				<timestamp>1627.972282</timestamp>
			</report>
			<report>
				<misses>5821001</misses>
				<total>38</total>
				<timestamp>1628.252010</timestamp>
			</report>
			<report>
				<misses>5822001</misses>
				<total>38</total>
				<timestamp>1628.531692</timestamp>
			</report>
			<report>
				<misses>5823001</misses>
				<total>38</total>
				<timestamp>1628.811414</timestamp>
			</report>
			<report>
				<misses>5824001</misses>
				<total>38</total>
				<timestamp>1629.091151</timestamp>
			</report>
			<report>
				<misses>5825001</misses>
				<total>38</total>
				<timestamp>1629.370865</timestamp>
			</report>
			<report>
				<misses>5826001</misses>
				<total>38</total>
				<timestamp>1629.650569</timestamp>
			</report>
			<report>
				<misses>5827001</misses>
				<total>38</total>
				<timestamp>1629.930308</timestamp>
			</report>
			<report>
				<misses>5828001</misses>
				<total>38</total>
				<timestamp>1630.210010</timestamp>
			</report>
			<report>
				<misses>5829001</misses>
				<total>38</total>
				<timestamp>1630.489745</timestamp>
			</report>
			<report>
				<misses>5830001</misses>
				<total>38</total>
				<timestamp>1630.769464</timestamp>
			</report>
			<report>
				<misses>5831001</misses>
				<total>38</total>
				<timestamp>1631.049202</timestamp>
			</report>
			<report>
				<misses>5832001</misses>
				<total>38</total>
				<timestamp>1631.328974</timestamp>
			</report>
			<report>
				<misses>5833001</misses>
				<total>38</total>
				<timestamp>1631.608621</timestamp>
			</report>
			<report>
				<misses>5834001</misses>
				<total>38</total>
				<timestamp>1631.888345</timestamp>
			</report>
			<report>
				<misses>5835001</misses>
				<total>38</total>
				<timestamp>1632.168087</timestamp>
			</report>
			<report>
				<misses>5836001</misses>
				<total>38</total>
				<timestamp>1632.447790</timestamp>
			</report>
			<report>
				<misses>5837001</misses>
				<total>38</total>
				<timestamp>1632.727491</timestamp>
			</report>
			<report>
				<misses>5838001</misses>
				<total>38</total>
				<timestamp>1633.007231</timestamp>
			</report>
			<report>
				<misses>5839001</misses>
				<total>38</total>
				<timestamp>1633.286937</timestamp>
			</report>
			<report>
				<misses>5840001</misses>
				<total>38</total>
				<timestamp>1633.566654</timestamp>
			</report>
			<report>
				<misses>5841001</misses>
				<total>38</total>
				<timestamp>1633.846393</timestamp>
			</report>
			<report>
				<misses>5842001</misses>
				<total>38</total>
				<timestamp>1634.126137</timestamp>
			</report>
			<report>
				<misses>5843001</misses>
				<total>38</total>
				<timestamp>1634.405814</timestamp>
			</report>
			<report>
				<misses>5844001</misses>
				<total>38</total>
				<timestamp>1634.685578</timestamp>
			</report>
			<report>
				<misses>5845001</misses>
				<total>38</total>
				<timestamp>1634.965263</timestamp>
			</report>
			<report>
				<misses>5846001</misses>
				<total>38</total>
				<timestamp>1635.245077</timestamp>
			</report>
			<report>
				<misses>5847001</misses>
				<total>38</total>
				<timestamp>1635.524736</timestamp>
			</report>
			<report>
				<misses>5848001</misses>
				<total>38</total>
				<timestamp>1635.804450</timestamp>
			</report>
			<report>
				<misses>5849001</misses>
				<total>38</total>
				<timestamp>1636.084146</timestamp>
			</report>
			<report>
				<misses>5850001</misses>
				<total>38</total>
				<timestamp>1636.363857</timestamp>
			</report>
			<report>
				<misses>5851001</misses>
				<total>38</total>
				<timestamp>1636.643570</timestamp>
			</report>
			<report>
				<misses>5852001</misses>
				<total>38</total>
				<timestamp>1636.923300</timestamp>
			</report>
			<report>
				<misses>5853001</misses>
				<total>38</total>
				<timestamp>1637.203017</timestamp>
			</report>
			<report>
				<misses>5854001</misses>
				<total>38</total>
				<timestamp>1637.482745</timestamp>
			</report>
			<report>
				<misses>5855001</misses>
				<total>38</total>
				<timestamp>1637.762474</timestamp>
			</report>
			<report>
				<misses>5856001</misses>
				<total>38</total>
				<timestamp>1638.042185</timestamp>
			</report>
			<report>
				<misses>5857001</misses>
				<total>38</total>
				<timestamp>1638.321894</timestamp>
			</report>
			<report>
				<misses>5858001</misses>
				<total>38</total>
				<timestamp>1638.601629</timestamp>
			</report>
			<report>
				<misses>5859001</misses>
				<total>38</total>
				<timestamp>1638.881332</timestamp>
			</report>
			<report>
				<misses>5860001</misses>
				<total>38</total>
				<timestamp>1639.161042</timestamp>
			</report>
			<report>
				<misses>5861001</misses>
				<total>38</total>
				<timestamp>1639.440771</timestamp>
			</report>
			<report>
				<misses>5862001</misses>
				<total>38</total>
				<timestamp>1639.720512</timestamp>
			</report>
			<report>
				<misses>5863001</misses>
				<total>38</total>
				<timestamp>1640.000244</timestamp>
			</report>
			<report>
				<misses>5864001</misses>
				<total>38</total>
				<timestamp>1640.279978</timestamp>
			</report>
			<report>
				<misses>5865001</misses>
				<total>38</total>
				<timestamp>1640.559675</timestamp>
			</report>
			<report>
				<misses>5866001</misses>
				<total>38</total>
				<timestamp>1640.839403</timestamp>
			</report>
			<report>
				<misses>5867001</misses>
				<total>38</total>
				<timestamp>1641.119096</timestamp>
			</report>
			<report>
				<misses>5868001</misses>
				<total>38</total>
				<timestamp>1641.398827</timestamp>
			</report>
			<report>
				<misses>5869001</misses>
				<total>38</total>
				<timestamp>1641.678537</timestamp>
			</report>
			<report>
				<misses>5870001</misses>
				<total>38</total>
				<timestamp>1641.958277</timestamp>
			</report>
			<report>
				<misses>5871001</misses>
				<total>38</total>
				<timestamp>1642.237982</timestamp>
			</report>
			<report>
				<misses>5872001</misses>
				<total>38</total>
				<timestamp>1642.517762</timestamp>
			</report>
			<report>
				<misses>5873001</misses>
				<total>38</total>
				<timestamp>1642.797501</timestamp>
			</report>
			<report>
				<misses>5874001</misses>
				<total>38</total>
				<timestamp>1643.077215</timestamp>
			</report>
			<report>
				<misses>5875001</misses>
				<total>41</total>
				<timestamp>1643.356907</timestamp>
			</report>
			<report>
				<misses>5876001</misses>
				<total>41</total>
				<timestamp>1643.636589</timestamp>
			</report>
			<report>
				<misses>5877001</misses>
				<total>41</total>
				<timestamp>1643.916299</timestamp>
			</report>
			<report>
				<misses>5878001</misses>
				<total>41</total>
				<timestamp>1644.196023</timestamp>
			</report>
			<report>
				<misses>5879001</misses>
				<total>41</total>
				<timestamp>1644.475774</timestamp>
			</report>
			<report>
				<misses>5880001</misses>
				<total>41</total>
				<timestamp>1644.755463</timestamp>
			</report>
			<report>
				<misses>5881001</misses>
				<total>41</total>
				<timestamp>1645.035308</timestamp>
			</report>
			<report>
				<misses>5882001</misses>
				<total>41</total>
				<timestamp>1645.314901</timestamp>
			</report>
			<report>
				<misses>5883001</misses>
				<total>41</total>
				<timestamp>1645.594603</timestamp>
			</report>
			<report>
				<misses>5884001</misses>
				<total>41</total>
				<timestamp>1645.874418</timestamp>
			</report>
			<report>
				<misses>5885001</misses>
				<total>41</total>
				<timestamp>1646.154066</timestamp>
			</report>
			<report>
				<misses>5886001</misses>
				<total>41</total>
				<timestamp>1646.433784</timestamp>
			</report>
			<report>
				<misses>5887001</misses>
				<total>41</total>
				<timestamp>1646.713495</timestamp>
			</report>
			<report>
				<misses>5888001</misses>
				<total>41</total>
				<timestamp>1646.993351</timestamp>
			</report>
			<report>
				<misses>5889001</misses>
				<total>41</total>
				<timestamp>1647.272962</timestamp>
			</report>
			<report>
				<misses>5890001</misses>
				<total>41</total>
				<timestamp>1647.552646</timestamp>
			</report>
			<report>
				<misses>5891001</misses>
				<total>41</total>
				<timestamp>1647.832427</timestamp>
			</report>
			<report>
				<misses>5892001</misses>
				<total>41</total>
				<timestamp>1648.112134</timestamp>
			</report>
			<report>
				<misses>5893001</misses>
				<total>41</total>
				<timestamp>1648.391810</timestamp>
			</report>
			<report>
				<misses>5894001</misses>
				<total>41</total>
				<timestamp>1648.671540</timestamp>
			</report>
			<report>
				<misses>5895001</misses>
				<total>41</total>
				<timestamp>1648.951248</timestamp>
			</report>
			<report>
				<misses>5896001</misses>
				<total>41</total>
				<timestamp>1649.230980</timestamp>
			</report>
			<report>
				<misses>5897001</misses>
				<total>41</total>
				<timestamp>1649.510694</timestamp>
			</report>
			<report>
				<misses>5898001</misses>
				<total>41</total>
				<timestamp>1649.790448</timestamp>
			</report>
			<report>
				<misses>5899001</misses>
				<total>41</total>
				<timestamp>1650.070129</timestamp>
			</report>
			<report>
				<misses>5900001</misses>
				<total>41</total>
				<timestamp>1650.349952</timestamp>
			</report>
			<report>
				<misses>5901001</misses>
				<total>41</total>
				<timestamp>1650.629573</timestamp>
			</report>
			<report>
				<misses>5902001</misses>
				<total>41</total>
				<timestamp>1650.909290</timestamp>
			</report>
			<report>
				<misses>5903001</misses>
				<total>41</total>
				<timestamp>1651.189040</timestamp>
			</report>
			<report>
				<misses>5904001</misses>
				<total>41</total>
				<timestamp>1651.468726</timestamp>
			</report>
			<report>
				<misses>5905001</misses>
				<total>41</total>
				<timestamp>1651.748514</timestamp>
			</report>
			<report>
				<misses>5906001</misses>
				<total>41</total>
				<timestamp>1652.028176</timestamp>
			</report>
			<report>
				<misses>5907001</misses>
				<total>41</total>
				<timestamp>1652.307887</timestamp>
			</report>
			<report>
				<misses>5908001</misses>
				<total>41</total>
				<timestamp>1652.587665</timestamp>
			</report>
			<report>
				<misses>5909001</misses>
				<total>41</total>
				<timestamp>1652.867406</timestamp>
			</report>
			<report>
				<misses>5910001</misses>
				<total>41</total>
				<timestamp>1653.147077</timestamp>
			</report>
			<report>
				<misses>5911001</misses>
				<total>41</total>
				<timestamp>1653.426802</timestamp>
			</report>
			<report>
				<misses>5912001</misses>
				<total>41</total>
				<timestamp>1653.706479</timestamp>
			</report>
			<report>
				<misses>5913001</misses>
				<total>41</total>
				<timestamp>1653.986207</timestamp>
			</report>
			<report>
				<misses>5914001</misses>
				<total>41</total>
				<timestamp>1654.265916</timestamp>
			</report>
			<report>
				<misses>5915001</misses>
				<total>41</total>
				<timestamp>1654.545658</timestamp>
			</report>
			<report>
				<misses>5916001</misses>
				<total>41</total>
				<timestamp>1654.825377</timestamp>
			</report>
			<report>
				<misses>5917001</misses>
				<total>41</total>
				<timestamp>1655.105089</timestamp>
			</report>
			<report>
				<misses>5918001</misses>
				<total>41</total>
				<timestamp>1655.384810</timestamp>
			</report>
			<report>
				<misses>5919001</misses>
				<total>41</total>
				<timestamp>1655.664529</timestamp>
			</report>
			<report>
				<misses>5920001</misses>
				<total>41</total>
				<timestamp>1655.944257</timestamp>
			</report>
			<report>
				<misses>5921001</misses>
				<total>41</total>
				<timestamp>1656.223992</timestamp>
			</report>
			<report>
				<misses>5922001</misses>
				<total>41</total>
				<timestamp>1656.503687</timestamp>
			</report>
			<report>
				<misses>5923001</misses>
				<total>41</total>
				<timestamp>1656.783447</timestamp>
			</report>
			<report>
				<misses>5924001</misses>
				<total>41</total>
				<timestamp>1657.063145</timestamp>
			</report>
			<report>
				<misses>5925001</misses>
				<total>41</total>
				<timestamp>1657.342887</timestamp>
			</report>
			<report>
				<misses>5926001</misses>
				<total>41</total>
				<timestamp>1657.622589</timestamp>
			</report>
			<report>
				<misses>5927001</misses>
				<total>41</total>
				<timestamp>1657.902374</timestamp>
			</report>
			<report>
				<misses>5928001</misses>
				<total>41</total>
				<timestamp>1658.182030</timestamp>
			</report>
			<report>
				<misses>5929001</misses>
				<total>41</total>
				<timestamp>1658.461802</timestamp>
			</report>
			<report>
				<misses>5930001</misses>
				<total>41</total>
				<timestamp>1658.741483</timestamp>
			</report>
			<report>
				<misses>5931001</misses>
				<total>41</total>
				<timestamp>1659.021180</timestamp>
			</report>
			<report>
				<misses>5932001</misses>
				<total>41</total>
				<timestamp>1659.300886</timestamp>
			</report>
			<report>
				<misses>5933001</misses>
				<total>41</total>
				<timestamp>1659.580598</timestamp>
			</report>
			<report>
				<misses>5934001</misses>
				<total>41</total>
				<timestamp>1659.860358</timestamp>
			</report>
			<report>
				<misses>5935001</misses>
				<total>41</total>
				<timestamp>1660.140053</timestamp>
			</report>
			<report>
				<misses>5936001</misses>
				<total>41</total>
				<timestamp>1660.419847</timestamp>
			</report>
			<report>
				<misses>5937001</misses>
				<total>41</total>
				<timestamp>1660.699499</timestamp>
			</report>
			<report>
				<misses>5938001</misses>
				<total>41</total>
				<timestamp>1660.979215</timestamp>
			</report>
			<report>
				<misses>5939001</misses>
				<total>41</total>
				<timestamp>1661.258964</timestamp>
			</report>
			<report>
				<misses>5940001</misses>
				<total>41</total>
				<timestamp>1661.538649</timestamp>
			</report>
			<report>
				<misses>5941001</misses>
				<total>41</total>
				<timestamp>1661.818444</timestamp>
			</report>
			<report>
				<misses>5942001</misses>
				<total>41</total>
				<timestamp>1662.098118</timestamp>
			</report>
			<report>
				<misses>5943001</misses>
				<total>41</total>
				<timestamp>1662.377853</timestamp>
			</report>
			<report>
				<misses>5944001</misses>
				<total>41</total>
				<timestamp>1662.657530</timestamp>
			</report>
			<report>
				<misses>5945001</misses>
				<total>41</total>
				<timestamp>1662.937285</timestamp>
			</report>
			<report>
				<misses>5946001</misses>
				<total>41</total>
				<timestamp>1663.217017</timestamp>
			</report>
			<report>
				<misses>5947001</misses>
				<total>41</total>
				<timestamp>1663.496690</timestamp>
			</report>
			<report>
				<misses>5948001</misses>
				<total>41</total>
				<timestamp>1663.776427</timestamp>
			</report>
			<report>
				<misses>5949001</misses>
				<total>41</total>
				<timestamp>1664.056133</timestamp>
			</report>
			<report>
				<misses>5950001</misses>
				<total>41</total>
				<timestamp>1664.335852</timestamp>
			</report>
			<report>
				<misses>5951001</misses>
				<total>41</total>
				<timestamp>1664.615556</timestamp>
			</report>
			<report>
				<misses>5952001</misses>
				<total>41</total>
				<timestamp>1664.895337</timestamp>
			</report>
			<report>
				<misses>5953001</misses>
				<total>41</total>
				<timestamp>1665.175024</timestamp>
			</report>
			<report>
				<misses>5954001</misses>
				<total>41</total>
				<timestamp>1665.454743</timestamp>
			</report>
			<report>
				<misses>5955001</misses>
				<total>41</total>
				<timestamp>1665.734536</timestamp>
			</report>
			<report>
				<misses>5956001</misses>
				<total>41</total>
				<timestamp>1666.014163</timestamp>
			</report>
			<report>
				<misses>5957001</misses>
				<total>41</total>
				<timestamp>1666.293912</timestamp>
			</report>
			<report>
				<misses>5958001</misses>
				<total>41</total>
				<timestamp>1666.573616</timestamp>
			</report>
			<report>
				<misses>5959001</misses>
				<total>41</total>
				<timestamp>1666.853388</timestamp>
			</report>
			<report>
				<misses>5960001</misses>
				<total>41</total>
				<timestamp>1667.133056</timestamp>
			</report>
			<report>
				<misses>5961001</misses>
				<total>41</total>
				<timestamp>1667.412821</timestamp>
			</report>
			<report>
				<misses>5962001</misses>
				<total>41</total>
				<timestamp>1667.692492</timestamp>
			</report>
			<report>
				<misses>5963001</misses>
				<total>41</total>
				<timestamp>1667.972270</timestamp>
			</report>
			<report>
				<misses>5964001</misses>
				<total>41</total>
				<timestamp>1668.251975</timestamp>
			</report>
			<report>
				<misses>5965001</misses>
				<total>41</total>
				<timestamp>1668.531657</timestamp>
			</report>
			<report>
				<misses>5966001</misses>
				<total>41</total>
				<timestamp>1668.811447</timestamp>
			</report>
			<report>
				<misses>5967001</misses>
				<total>41</total>
				<timestamp>1669.091102</timestamp>
			</report>
			<report>
				<misses>5968001</misses>
				<total>41</total>
				<timestamp>1669.370858</timestamp>
			</report>
			<report>
				<misses>5969001</misses>
				<total>41</total>
				<timestamp>1669.650530</timestamp>
			</report>
			<report>
				<misses>5970001</misses>
				<total>41</total>
				<timestamp>1669.930297</timestamp>
			</report>
			<report>
				<misses>5971001</misses>
				<total>41</total>
				<timestamp>1670.209983</timestamp>
			</report>
			<report>
				<misses>5972001</misses>
				<total>41</total>
				<timestamp>1670.489693</timestamp>
			</report>
			<report>
				<misses>5973001</misses>
				<total>41</total>
				<timestamp>1670.769407</timestamp>
			</report>
			<report>
				<misses>5974001</misses>
				<total>41</total>
				<timestamp>1671.049257</timestamp>
			</report>
			<report>
				<misses>5975001</misses>
				<total>41</total>
				<timestamp>1671.328887</timestamp>
			</report>
			<report>
				<misses>5976001</misses>
				<total>41</total>
				<timestamp>1671.608572</timestamp>
			</report>
			<report>
				<misses>5977001</misses>
				<total>41</total>
				<timestamp>1671.888296</timestamp>
			</report>
			<report>
				<misses>5978001</misses>
				<total>41</total>
				<timestamp>1672.168041</timestamp>
			</report>
			<report>
				<misses>5979001</misses>
				<total>41</total>
				<timestamp>1672.447833</timestamp>
			</report>
			<report>
				<misses>5980001</misses>
				<total>41</total>
				<timestamp>1672.727456</timestamp>
			</report>
			<report>
				<misses>5981001</misses>
				<total>41</total>
				<timestamp>1673.007226</timestamp>
			</report>
			<report>
				<misses>5982001</misses>
				<total>41</total>
				<timestamp>1673.286926</timestamp>
			</report>
			<report>
				<misses>5983001</misses>
				<total>41</total>
				<timestamp>1673.566608</timestamp>
			</report>
			<report>
				<misses>5984001</misses>
				<total>41</total>
				<timestamp>1673.846370</timestamp>
			</report>
			<report>
				<misses>5985001</misses>
				<total>41</total>
				<timestamp>1674.126068</timestamp>
			</report>
			<report>
				<misses>5986001</misses>
				<total>41</total>
				<timestamp>1674.405820</timestamp>
			</report>
			<report>
				<misses>5987001</misses>
				<total>41</total>
				<timestamp>1674.685508</timestamp>
			</report>
			<report>
				<misses>5988001</misses>
				<total>41</total>
				<timestamp>1674.965292</timestamp>
			</report>
			<report>
				<misses>5989001</misses>
				<total>41</total>
				<timestamp>1675.244947</timestamp>
			</report>
			<report>
				<misses>5990001</misses>
				<total>41</total>
				<timestamp>1675.524655</timestamp>
			</report>
			<report>
				<misses>5991001</misses>
				<total>41</total>
				<timestamp>1675.804413</timestamp>
			</report>
			<report>
				<misses>5992001</misses>
				<total>41</total>
				<timestamp>1676.084076</timestamp>
			</report>
			<report>
				<misses>5993001</misses>
				<total>41</total>
				<timestamp>1676.363824</timestamp>
			</report>
			<report>
				<misses>5994001</misses>
				<total>41</total>
				<timestamp>1676.643536</timestamp>
			</report>
			<report>
				<misses>5995001</misses>
				<total>41</total>
				<timestamp>1676.923285</timestamp>
			</report>
			<report>
				<misses>5996001</misses>
				<total>41</total>
				<timestamp>1677.203000</timestamp>
			</report>
			<report>
				<misses>5997001</misses>
				<total>41</total>
				<timestamp>1677.482697</timestamp>
			</report>
			<report>
				<misses>5998001</misses>
				<total>41</total>
				<timestamp>1677.762396</timestamp>
			</report>
			<report>
				<misses>5999001</misses>
				<total>41</total>
				<timestamp>1678.042121</timestamp>
			</report>
			<report>
				<misses>6000001</misses>
				<total>41</total>
				<timestamp>1678.321876</timestamp>
			</report>
			<report>
				<misses>6001001</misses>
				<total>41</total>
				<timestamp>1678.601567</timestamp>
			</report>
			<report>
				<misses>6002001</misses>
				<total>41</total>
				<timestamp>1678.881296</timestamp>
			</report>
			<report>
				<misses>6003001</misses>
				<total>41</total>
				<timestamp>1679.161024</timestamp>
			</report>
			<report>
				<misses>6004001</misses>
				<total>41</total>
				<timestamp>1679.440829</timestamp>
			</report>
			<report>
				<misses>6005001</misses>
				<total>41</total>
				<timestamp>1679.720438</timestamp>
			</report>
			<report>
				<misses>6006001</misses>
				<total>41</total>
				<timestamp>1680.000233</timestamp>
			</report>
			<report>
				<misses>6007001</misses>
				<total>41</total>
				<timestamp>1680.279934</timestamp>
			</report>
			<report>
				<misses>6008001</misses>
				<total>41</total>
				<timestamp>1680.559612</timestamp>
			</report>
			<report>
				<misses>6009001</misses>
				<total>41</total>
				<timestamp>1680.839330</timestamp>
			</report>
			<report>
				<misses>6010001</misses>
				<total>41</total>
				<timestamp>1681.119054</timestamp>
			</report>
			<report>
				<misses>6011001</misses>
				<total>41</total>
				<timestamp>1681.398884</timestamp>
			</report>
			<report>
				<misses>6012001</misses>
				<total>41</total>
				<timestamp>1681.678505</timestamp>
			</report>
			<report>
				<misses>6013001</misses>
				<total>41</total>
				<timestamp>1681.958254</timestamp>
			</report>
			<report>
				<misses>6014001</misses>
				<total>41</total>
				<timestamp>1682.237972</timestamp>
			</report>
			<report>
				<misses>6015001</misses>
				<total>41</total>
				<timestamp>1682.517645</timestamp>
			</report>
			<report>
				<misses>6016001</misses>
				<total>41</total>
				<timestamp>1682.797370</timestamp>
			</report>
			<report>
				<misses>6017001</misses>
				<total>41</total>
				<timestamp>1683.077099</timestamp>
			</report>
			<report>
				<misses>6018001</misses>
				<total>41</total>
				<timestamp>1683.356873</timestamp>
			</report>
			<report>
				<misses>6019001</misses>
				<total>41</total>
				<timestamp>1683.636532</timestamp>
			</report>
			<report>
				<misses>6020001</misses>
				<total>41</total>
				<timestamp>1683.916291</timestamp>
			</report>
			<report>
				<misses>6021001</misses>
				<total>41</total>
				<timestamp>1684.195998</timestamp>
			</report>
			<report>
				<misses>6022001</misses>
				<total>41</total>
				<timestamp>1684.475702</timestamp>
			</report>
			<report>
				<misses>6023001</misses>
				<total>41</total>
				<timestamp>1684.755432</timestamp>
			</report>
			<report>
				<misses>6024001</misses>
				<total>41</total>
				<timestamp>1685.035184</timestamp>
			</report>
			<report>
				<misses>6025001</misses>
				<total>41</total>
				<timestamp>1685.314861</timestamp>
			</report>
			<report>
				<misses>6026001</misses>
				<total>41</total>
				<timestamp>1685.594567</timestamp>
			</report>
			<report>
				<misses>6027001</misses>
				<total>41</total>
				<timestamp>1685.874355</timestamp>
			</report>
			<report>
				<misses>6028001</misses>
				<total>41</total>
				<timestamp>1686.154075</timestamp>
			</report>
			<report>
				<misses>6029001</misses>
				<total>41</total>
				<timestamp>1686.433800</timestamp>
			</report>
			<report>
				<misses>6030001</misses>
				<total>41</total>
				<timestamp>1686.713460</timestamp>
			</report>
			<report>
				<misses>6031001</misses>
				<total>41</total>
				<timestamp>1686.993191</timestamp>
			</report>
			<report>
				<misses>6032001</misses>
				<total>41</total>
				<timestamp>1687.272902</timestamp>
			</report>
			<report>
				<misses>6033001</misses>
				<total>41</total>
				<timestamp>1687.552628</timestamp>
			</report>
			<report>
				<misses>6034001</misses>
				<total>41</total>
				<timestamp>1687.832385</timestamp>
			</report>
			<report>
				<misses>6035001</misses>
				<total>41</total>
				<timestamp>1688.112054</timestamp>
			</report>
			<report>
				<misses>6036001</misses>
				<total>41</total>
				<timestamp>1688.391829</timestamp>
			</report>
			<report>
				<misses>6037001</misses>
				<total>41</total>
				<timestamp>1688.671500</timestamp>
			</report>
			<report>
				<misses>6038001</misses>
				<total>41</total>
				<timestamp>1688.951257</timestamp>
			</report>
			<report>
				<misses>6039001</misses>
				<total>41</total>
				<timestamp>1689.230975</timestamp>
			</report>
			<report>
				<misses>6040001</misses>
				<total>41</total>
				<timestamp>1689.510667</timestamp>
			</report>
			<report>
				<misses>6041001</misses>
				<total>41</total>
				<timestamp>1689.790409</timestamp>
			</report>
			<report>
				<misses>6042001</misses>
				<total>41</total>
				<timestamp>1690.070152</timestamp>
			</report>
			<report>
				<misses>6043001</misses>
				<total>41</total>
				<timestamp>1690.349864</timestamp>
			</report>
			<report>
				<misses>6044001</misses>
				<total>41</total>
				<timestamp>1690.629526</timestamp>
			</report>
			<report>
				<misses>6045001</misses>
				<total>41</total>
				<timestamp>1690.909321</timestamp>
			</report>
			<report>
				<misses>6046001</misses>
				<total>41</total>
				<timestamp>1691.188976</timestamp>
			</report>
			<report>
				<misses>6047001</misses>
				<total>41</total>
				<timestamp>1691.468703</timestamp>
			</report>
			<report>
				<misses>6048001</misses>
				<total>41</total>
				<timestamp>1691.748456</timestamp>
			</report>
			<report>
				<misses>6049001</misses>
				<total>41</total>
				<timestamp>1692.028200</timestamp>
			</report>
			<report>
				<misses>6050001</misses>
				<total>41</total>
				<timestamp>1692.307871</timestamp>
			</report>
			<report>
				<misses>6051001</misses>
				<total>41</total>
				<timestamp>1692.587567</timestamp>
			</report>
			<report>
				<misses>6052001</misses>
				<total>41</total>
				<timestamp>1692.867288</timestamp>
			</report>
			<report>
				<misses>6053001</misses>
				<total>41</total>
				<timestamp>1693.147005</timestamp>
			</report>
			<report>
				<misses>6054001</misses>
				<total>41</total>
				<timestamp>1693.426775</timestamp>
			</report>
			<report>
				<misses>6055001</misses>
				<total>41</total>
				<timestamp>1693.706438</timestamp>
			</report>
			<report>
				<misses>6056001</misses>
				<total>41</total>
				<timestamp>1693.986181</timestamp>
			</report>
			<report>
				<misses>6057001</misses>
				<total>41</total>
				<timestamp>1694.265940</timestamp>
			</report>
			<report>
				<misses>6058001</misses>
				<total>41</total>
				<timestamp>1694.545611</timestamp>
			</report>
			<report>
				<misses>6059001</misses>
				<total>41</total>
				<timestamp>1694.825338</timestamp>
			</report>
			<report>
				<misses>6060001</misses>
				<total>41</total>
				<timestamp>1695.105064</timestamp>
			</report>
			<report>
				<misses>6061001</misses>
				<total>41</total>
				<timestamp>1695.384818</timestamp>
			</report>
			<report>
				<misses>6062001</misses>
				<total>41</total>
				<timestamp>1695.664491</timestamp>
			</report>
			<report>
				<misses>6063001</misses>
				<total>41</total>
				<timestamp>1695.944241</timestamp>
			</report>
			<report>
				<misses>6064001</misses>
				<total>41</total>
				<timestamp>1696.223946</timestamp>
			</report>
			<report>
				<misses>6065001</misses>
				<total>41</total>
				<timestamp>1696.503657</timestamp>
			</report>
			<report>
				<misses>6066001</misses>
				<total>41</total>
				<timestamp>1696.783368</timestamp>
			</report>
			<report>
				<misses>6067001</misses>
				<total>41</total>
				<timestamp>1697.063091</timestamp>
			</report>
			<report>
				<misses>6068001</misses>
				<total>41</total>
				<timestamp>1697.342853</timestamp>
			</report>
			<report>
				<misses>6069001</misses>
				<total>41</total>
				<timestamp>1697.622525</timestamp>
			</report>
			<report>
				<misses>6070001</misses>
				<total>41</total>
				<timestamp>1697.902272</timestamp>
			</report>
			<report>
				<misses>6071001</misses>
				<total>41</total>
				<timestamp>1698.181968</timestamp>
			</report>
			<report>
				<misses>6072001</misses>
				<total>41</total>
				<timestamp>1698.461777</timestamp>
			</report>
			<report>
				<misses>6073001</misses>
				<total>41</total>
				<timestamp>1698.741419</timestamp>
			</report>
			<report>
				<misses>6074001</misses>
				<total>41</total>
				<timestamp>1699.021160</timestamp>
			</report>
			<report>
				<misses>6075001</misses>
				<total>41</total>
				<timestamp>1699.300886</timestamp>
			</report>
			<report>
				<misses>6076001</misses>
				<total>41</total>
				<timestamp>1699.580589</timestamp>
			</report>
			<report>
				<misses>6077001</misses>
				<total>41</total>
				<timestamp>1699.860304</timestamp>
			</report>
			<report>
				<misses>6078001</misses>
				<total>41</total>
				<timestamp>1700.140005</timestamp>
			</report>
			<report>
				<misses>6079001</misses>
				<total>41</total>
				<timestamp>1700.419772</timestamp>
			</report>
			<report>
				<misses>6080001</misses>
				<total>41</total>
				<timestamp>1700.699440</timestamp>
			</report>
			<report>
				<misses>6081001</misses>
				<total>41</total>
				<timestamp>1700.979195</timestamp>
			</report>
			<report>
				<misses>6082001</misses>
				<total>41</total>
				<timestamp>1701.258911</timestamp>
			</report>
			<report>
				<misses>6083001</misses>
				<total>41</total>
				<timestamp>1701.538627</timestamp>
			</report>
			<report>
				<misses>6084001</misses>
				<total>41</total>
				<timestamp>1701.818324</timestamp>
			</report>
			<report>
				<misses>6085001</misses>
				<total>41</total>
				<timestamp>1702.098099</timestamp>
			</report>
			<report>
				<misses>6086001</misses>
				<total>41</total>
				<timestamp>1702.377849</timestamp>
			</report>
			<report>
				<misses>6087001</misses>
				<total>41</total>
				<timestamp>1702.657477</timestamp>
			</report>
			<report>
				<misses>6088001</misses>
				<total>41</total>
				<timestamp>1702.937213</timestamp>
			</report>
			<report>
				<misses>6089001</misses>
				<total>41</total>
				<timestamp>1703.216928</timestamp>
			</report>
			<report>
				<misses>6090001</misses>
				<total>41</total>
				<timestamp>1703.496664</timestamp>
			</report>
			<report>
				<misses>6091001</misses>
				<total>41</total>
				<timestamp>1703.776373</timestamp>
			</report>
			<report>
				<misses>6092001</misses>
				<total>41</total>
				<timestamp>1704.056095</timestamp>
			</report>
			<report>
				<misses>6093001</misses>
				<total>41</total>
				<timestamp>1704.335845</timestamp>
			</report>
			<report>
				<misses>6094001</misses>
				<total>41</total>
				<timestamp>1704.615536</timestamp>
			</report>
			<report>
				<misses>6095001</misses>
				<total>41</total>
				<timestamp>1704.895257</timestamp>
			</report>
			<report>
				<misses>6096001</misses>
				<total>41</total>
				<timestamp>1705.174975</timestamp>
			</report>
			<report>
				<misses>6097001</misses>
				<total>41</total>
				<timestamp>1705.454742</timestamp>
			</report>
			<report>
				<misses>6098001</misses>
				<total>41</total>
				<timestamp>1705.734403</timestamp>
			</report>
			<report>
				<misses>6099001</misses>
				<total>41</total>
				<timestamp>1706.014204</timestamp>
			</report>
			<report>
				<misses>6100001</misses>
				<total>41</total>
				<timestamp>1706.293886</timestamp>
			</report>
			<report>
				<misses>6101001</misses>
				<total>41</total>
				<timestamp>1706.573576</timestamp>
			</report>
			<report>
				<misses>6102001</misses>
				<total>41</total>
				<timestamp>1706.853305</timestamp>
			</report>
			<report>
				<misses>6103001</misses>
				<total>41</total>
				<timestamp>1707.133080</timestamp>
			</report>
			<report>
				<misses>6104001</misses>
				<total>41</total>
				<timestamp>1707.412775</timestamp>
			</report>
			<report>
				<misses>6105001</misses>
				<total>41</total>
				<timestamp>1707.692443</timestamp>
			</report>
			<report>
				<misses>6106001</misses>
				<total>41</total>
				<timestamp>1707.972220</timestamp>
			</report>
			<report>
				<misses>6107001</misses>
				<total>41</total>
				<timestamp>1708.251890</timestamp>
			</report>
			<report>
				<misses>6108001</misses>
				<total>41</total>
				<timestamp>1708.531608</timestamp>
			</report>
			<report>
				<misses>6109001</misses>
				<total>41</total>
				<timestamp>1708.811327</timestamp>
			</report>
			<report>
				<misses>6110001</misses>
				<total>41</total>
				<timestamp>1709.091118</timestamp>
			</report>
			<report>
				<misses>6111001</misses>
				<total>41</total>
				<timestamp>1709.370824</timestamp>
			</report>
			<report>
				<misses>6112001</misses>
				<total>41</total>
				<timestamp>1709.650504</timestamp>
			</report>
			<report>
				<misses>6113001</misses>
				<total>41</total>
				<timestamp>1709.930224</timestamp>
			</report>
			<report>
				<misses>6114001</misses>
				<total>41</total>
				<timestamp>1710.209943</timestamp>
			</report>
			<report>
				<misses>6115001</misses>
				<total>41</total>
				<timestamp>1710.489679</timestamp>
			</report>
			<report>
				<misses>6116001</misses>
				<total>41</total>
				<timestamp>1710.769356</timestamp>
			</report>
			<report>
				<misses>6117001</misses>
				<total>41</total>
				<timestamp>1711.049101</timestamp>
			</report>
			<report>
				<misses>6118001</misses>
				<total>41</total>
				<timestamp>1711.328832</timestamp>
			</report>
			<report>
				<misses>6119001</misses>
				<total>41</total>
				<timestamp>1711.608539</timestamp>
			</report>
			<report>
				<misses>6120001</misses>
				<total>41</total>
				<timestamp>1711.888251</timestamp>
			</report>
			<report>
				<misses>6121001</misses>
				<total>41</total>
				<timestamp>1712.167969</timestamp>
			</report>
			<report>
				<misses>6122001</misses>
				<total>41</total>
				<timestamp>1712.447695</timestamp>
			</report>
			<report>
				<misses>6123001</misses>
				<total>41</total>
				<timestamp>1712.727413</timestamp>
			</report>
			<report>
				<misses>6124001</misses>
				<total>41</total>
				<timestamp>1713.007174</timestamp>
			</report>
			<report>
				<misses>6125001</misses>
				<total>41</total>
				<timestamp>1713.286866</timestamp>
			</report>
			<report>
				<misses>6126001</misses>
				<total>41</total>
				<timestamp>1713.566632</timestamp>
			</report>
			<report>
				<misses>6127001</misses>
				<total>41</total>
				<timestamp>1713.846335</timestamp>
			</report>
			<report>
				<misses>6128001</misses>
				<total>41</total>
				<timestamp>1714.126051</timestamp>
			</report>
			<report>
				<misses>6129001</misses>
				<total>41</total>
				<timestamp>1714.405776</timestamp>
			</report>
			<report>
				<misses>6130001</misses>
				<total>41</total>
				<timestamp>1714.685438</timestamp>
			</report>
			<report>
				<misses>6131001</misses>
				<total>41</total>
				<timestamp>1714.965164</timestamp>
			</report>
			<report>
				<misses>6132001</misses>
				<total>41</total>
				<timestamp>1715.244896</timestamp>
			</report>
			<report>
				<misses>6133001</misses>
				<total>41</total>
				<timestamp>1715.524684</timestamp>
			</report>
			<report>
				<misses>6134001</misses>
				<total>41</total>
				<timestamp>1715.804339</timestamp>
			</report>
			<report>
				<misses>6135001</misses>
				<total>41</total>
				<timestamp>1716.084093</timestamp>
			</report>
			<report>
				<misses>6136001</misses>
				<total>41</total>
				<timestamp>1716.363786</timestamp>
			</report>
			<report>
				<misses>6137001</misses>
				<total>41</total>
				<timestamp>1716.643537</timestamp>
			</report>
			<report>
				<misses>6138001</misses>
				<total>41</total>
				<timestamp>1716.923216</timestamp>
			</report>
			<report>
				<misses>6139001</misses>
				<total>41</total>
				<timestamp>1717.202926</timestamp>
			</report>
			<report>
				<misses>6140001</misses>
				<total>41</total>
				<timestamp>1717.482704</timestamp>
			</report>
			<report>
				<misses>6141001</misses>
				<total>41</total>
				<timestamp>1717.762387</timestamp>
			</report>
			<report>
				<misses>6142001</misses>
				<total>41</total>
				<timestamp>1718.042137</timestamp>
			</report>
			<report>
				<misses>6143001</misses>
				<total>41</total>
				<timestamp>1718.321814</timestamp>
			</report>
			<report>
				<misses>6144001</misses>
				<total>41</total>
				<timestamp>1718.601535</timestamp>
			</report>
			<report>
				<misses>6145001</misses>
				<total>41</total>
				<timestamp>1718.881282</timestamp>
			</report>
			<report>
				<misses>6146001</misses>
				<total>41</total>
				<timestamp>1719.161047</timestamp>
			</report>
			<report>
				<misses>6147001</misses>
				<total>41</total>
				<timestamp>1719.440712</timestamp>
			</report>
			<report>
				<misses>6148001</misses>
				<total>41</total>
				<timestamp>1719.720407</timestamp>
			</report>
			<report>
				<misses>6149001</misses>
				<total>41</total>
				<timestamp>1720.000176</timestamp>
			</report>
			<report>
				<misses>6150001</misses>
				<total>41</total>
				<timestamp>1720.279853</timestamp>
			</report>
			<report>
				<misses>6151001</misses>
				<total>41</total>
				<timestamp>1720.559645</timestamp>
			</report>
			<report>
				<misses>6152001</misses>
				<total>41</total>
				<timestamp>1720.839278</timestamp>
			</report>
			<report>
				<misses>6153001</misses>
				<total>41</total>
				<timestamp>1721.119062</timestamp>
			</report>
			<report>
				<misses>6154001</misses>
				<total>41</total>
				<timestamp>1721.398765</timestamp>
			</report>
			<report>
				<misses>6155001</misses>
				<total>41</total>
				<timestamp>1721.678467</timestamp>
			</report>
			<report>
				<misses>6156001</misses>
				<total>41</total>
				<timestamp>1721.958156</timestamp>
			</report>
			<report>
				<misses>6157001</misses>
				<total>41</total>
				<timestamp>1722.237880</timestamp>
			</report>
			<report>
				<misses>6158001</misses>
				<total>41</total>
				<timestamp>1722.517644</timestamp>
			</report>
			<report>
				<misses>6159001</misses>
				<total>41</total>
				<timestamp>1722.797353</timestamp>
			</report>
			<report>
				<misses>6160001</misses>
				<total>41</total>
				<timestamp>1723.077111</timestamp>
			</report>
			<report>
				<misses>6161001</misses>
				<total>41</total>
				<timestamp>1723.356836</timestamp>
			</report>
			<report>
				<misses>6162001</misses>
				<total>41</total>
				<timestamp>1723.636507</timestamp>
			</report>
			<report>
				<misses>6163001</misses>
				<total>41</total>
				<timestamp>1723.916215</timestamp>
			</report>
			<report>
				<misses>6164001</misses>
				<total>41</total>
				<timestamp>1724.195932</timestamp>
			</report>
			<report>
				<misses>6165001</misses>
				<total>41</total>
				<timestamp>1724.475641</timestamp>
			</report>
			<report>
				<misses>6166001</misses>
				<total>41</total>
				<timestamp>1724.755379</timestamp>
			</report>
			<report>
				<misses>6167001</misses>
				<total>41</total>
				<timestamp>1725.035143</timestamp>
			</report>
			<report>
				<misses>6168001</misses>
				<total>41</total>
				<timestamp>1725.314814</timestamp>
			</report>
			<report>
				<misses>6169001</misses>
				<total>41</total>
				<timestamp>1725.594637</timestamp>
			</report>
			<report>
				<misses>6170001</misses>
				<total>41</total>
				<timestamp>1725.874247</timestamp>
			</report>
			<report>
				<misses>6171001</misses>
				<total>41</total>
				<timestamp>1726.153976</timestamp>
			</report>
			<report>
				<misses>6172001</misses>
				<total>41</total>
				<timestamp>1726.433724</timestamp>
			</report>
			<report>
				<misses>6173001</misses>
				<total>41</total>
				<timestamp>1726.713437</timestamp>
			</report>
			<report>
				<misses>6174001</misses>
				<total>41</total>
				<timestamp>1726.993143</timestamp>
			</report>
			<report>
				<misses>6175001</misses>
				<total>41</total>
				<timestamp>1727.272869</timestamp>
			</report>
			<report>
				<misses>6176001</misses>
				<total>41</total>
				<timestamp>1727.552603</timestamp>
			</report>
			<report>
				<misses>6177001</misses>
				<total>41</total>
				<timestamp>1727.832297</timestamp>
			</report>
			<report>
				<misses>6178001</misses>
				<total>41</total>
				<timestamp>1728.112027</timestamp>
			</report>
			<report>
				<misses>6179001</misses>
				<total>41</total>
				<timestamp>1728.391755</timestamp>
			</report>
			<report>
				<misses>6180001</misses>
				<total>41</total>
				<timestamp>1728.671440</timestamp>
			</report>
			<report>
				<misses>6181001</misses>
				<total>41</total>
				<timestamp>1728.951189</timestamp>
			</report>
			<report>
				<misses>6182001</misses>
				<total>41</total>
				<timestamp>1729.230902</timestamp>
			</report>
			<report>
				<misses>6183001</misses>
				<total>41</total>
				<timestamp>1729.510609</timestamp>
			</report>
			<report>
				<misses>6184001</misses>
				<total>41</total>
				<timestamp>1729.790332</timestamp>
			</report>
			<report>
				<misses>6185001</misses>
				<total>41</total>
				<timestamp>1730.070093</timestamp>
			</report>
			<report>
				<misses>6186001</misses>
				<total>41</total>
				<timestamp>1730.349781</timestamp>
			</report>
			<report>
				<misses>6187001</misses>
				<total>41</total>
				<timestamp>1730.629510</timestamp>
			</report>
			<report>
				<misses>6188001</misses>
				<total>41</total>
				<timestamp>1730.909218</timestamp>
			</report>
			<report>
				<misses>6189001</misses>
				<total>41</total>
				<timestamp>1731.188933</timestamp>
			</report>
			<report>
				<misses>6190001</misses>
				<total>41</total>
				<timestamp>1731.468685</timestamp>
			</report>
			<report>
				<misses>6191001</misses>
				<total>41</total>
				<timestamp>1731.748359</timestamp>
			</report>
			<report>
				<misses>6192001</misses>
				<total>41</total>
				<timestamp>1732.028133</timestamp>
			</report>
			<report>
				<misses>6193001</misses>
				<total>41</total>
				<timestamp>1732.307799</timestamp>
			</report>
			<report>
				<misses>6194001</misses>
				<total>41</total>
				<timestamp>1732.587540</timestamp>
			</report>
			<report>
				<misses>6195001</misses>
				<total>41</total>
				<timestamp>1732.867254</timestamp>
			</report>
			<report>
				<misses>6196001</misses>
				<total>41</total>
				<timestamp>1733.146999</timestamp>
			</report>
			<report>
				<misses>6197001</misses>
				<total>41</total>
				<timestamp>1733.426714</timestamp>
			</report>
			<report>
				<misses>6198001</misses>
				<total>41</total>
				<timestamp>1733.706408</timestamp>
			</report>
			<report>
				<misses>6199001</misses>
				<total>41</total>
				<timestamp>1733.986135</timestamp>
			</report>
			<report>
				<misses>6200001</misses>
				<total>41</total>
				<timestamp>1734.265892</timestamp>
			</report>
			<report>
				<misses>6201001</misses>
				<total>41</total>
				<timestamp>1734.545593</timestamp>
			</report>
			<report>
				<misses>6202001</misses>
				<total>41</total>
				<timestamp>1734.825293</timestamp>
			</report>
			<report>
				<misses>6203001</misses>
				<total>41</total>
				<timestamp>1735.105111</timestamp>
			</report>
			<report>
				<misses>6204001</misses>
				<total>41</total>
				<timestamp>1735.384776</timestamp>
			</report>
			<report>
				<misses>6205001</misses>
				<total>41</total>
				<timestamp>1735.664477</timestamp>
			</report>
			<report>
				<misses>6206001</misses>
				<total>41</total>
				<timestamp>1735.944179</timestamp>
			</report>
			<report>
				<misses>6207001</misses>
				<total>41</total>
				<timestamp>1736.223950</timestamp>
			</report>
			<report>
				<misses>6208001</misses>
				<total>41</total>
				<timestamp>1736.503675</timestamp>
			</report>
			<report>
				<misses>6209001</misses>
				<total>41</total>
				<timestamp>1736.783323</timestamp>
			</report>
			<report>
				<misses>6210001</misses>
				<total>41</total>
				<timestamp>1737.063108</timestamp>
			</report>
			<report>
				<misses>6211001</misses>
				<total>41</total>
				<timestamp>1737.342780</timestamp>
			</report>
			<report>
				<misses>6212001</misses>
				<total>41</total>
				<timestamp>1737.622533</timestamp>
			</report>
			<report>
				<misses>6213001</misses>
				<total>41</total>
				<timestamp>1737.902197</timestamp>
			</report>
			<report>
				<misses>6214001</misses>
				<total>41</total>
				<timestamp>1738.182004</timestamp>
			</report>
			<report>
				<misses>6215001</misses>
				<total>41</total>
				<timestamp>1738.461675</timestamp>
			</report>
			<report>
				<misses>6216001</misses>
				<total>41</total>
				<timestamp>1738.741371</timestamp>
			</report>
			<report>
				<misses>6217001</misses>
				<total>41</total>
				<timestamp>1739.021101</timestamp>
			</report>
			<report>
				<misses>6218001</misses>
				<total>41</total>
				<timestamp>1739.300805</timestamp>
			</report>
			<report>
				<misses>6219001</misses>
				<total>41</total>
				<timestamp>1739.580590</timestamp>
			</report>
			<report>
				<misses>6220001</misses>
				<total>41</total>
				<timestamp>1739.860254</timestamp>
			</report>
			<report>
				<misses>6221001</misses>
				<total>41</total>
				<timestamp>1740.140003</timestamp>
			</report>
			<report>
				<misses>6222001</misses>
				<total>41</total>
				<timestamp>1740.419707</timestamp>
			</report>
			<report>
				<misses>6223001</misses>
				<total>41</total>
				<timestamp>1740.699429</timestamp>
			</report>
			<report>
				<misses>6224001</misses>
				<total>41</total>
				<timestamp>1740.979200</timestamp>
			</report>
			<report>
				<misses>6225001</misses>
				<total>41</total>
				<timestamp>1741.258870</timestamp>
			</report>
			<report>
				<misses>6226001</misses>
				<total>41</total>
				<timestamp>1741.538611</timestamp>
			</report>
			<report>
				<misses>6227001</misses>
				<total>41</total>
				<timestamp>1741.818299</timestamp>
			</report>
			<report>
				<misses>6228001</misses>
				<total>41</total>
				<timestamp>1742.098009</timestamp>
			</report>
			<report>
				<misses>6229001</misses>
				<total>41</total>
				<timestamp>1742.377733</timestamp>
			</report>
			<report>
				<misses>6230001</misses>
				<total>41</total>
				<timestamp>1742.657534</timestamp>
			</report>
			<report>
				<misses>6231001</misses>
				<total>41</total>
				<timestamp>1742.937212</timestamp>
			</report>
			<report>
				<misses>6232001</misses>
				<total>41</total>
				<timestamp>1743.216950</timestamp>
			</report>
			<report>
				<misses>6233001</misses>
				<total>41</total>
				<timestamp>1743.496628</timestamp>
			</report>
			<report>
				<misses>6234001</misses>
				<total>41</total>
				<timestamp>1743.776335</timestamp>
			</report>
			<report>
				<misses>6235001</misses>
				<total>41</total>
				<timestamp>1744.056085</timestamp>
			</report>
			<report>
				<misses>6236001</misses>
				<total>41</total>
				<timestamp>1744.335768</timestamp>
			</report>
			<report>
				<misses>6237001</misses>
				<total>41</total>
				<timestamp>1744.615536</timestamp>
			</report>
			<report>
				<misses>6238001</misses>
				<total>41</total>
				<timestamp>1744.895203</timestamp>
			</report>
			<report>
				<misses>6239001</misses>
				<total>41</total>
				<timestamp>1745.174959</timestamp>
			</report>
			<report>
				<misses>6240001</misses>
				<total>41</total>
				<timestamp>1745.454649</timestamp>
			</report>
			<report>
				<misses>6241001</misses>
				<total>41</total>
				<timestamp>1745.734377</timestamp>
			</report>
			<report>
				<misses>6242001</misses>
				<total>41</total>
				<timestamp>1746.014079</timestamp>
			</report>
			<report>
				<misses>6243001</misses>
				<total>41</total>
				<timestamp>1746.293830</timestamp>
			</report>
			<report>
				<misses>6244001</misses>
				<total>41</total>
				<timestamp>1746.573589</timestamp>
			</report>
			<report>
				<misses>6245001</misses>
				<total>41</total>
				<timestamp>1746.853242</timestamp>
			</report>
			<report>
				<misses>6246001</misses>
				<total>41</total>
				<timestamp>1747.132966</timestamp>
			</report>
			<report>
				<misses>6247001</misses>
				<total>41</total>
				<timestamp>1747.412697</timestamp>
			</report>
			<report>
				<misses>6248001</misses>
				<total>41</total>
				<timestamp>1747.692438</timestamp>
			</report>
			<report>
				<misses>6249001</misses>
				<total>41</total>
				<timestamp>1747.972185</timestamp>
			</report>
			<report>
				<misses>6250001</misses>
				<total>41</total>
				<timestamp>1748.251910</timestamp>
			</report>
			<report>
				<misses>6251001</misses>
				<total>41</total>
				<timestamp>1748.531612</timestamp>
			</report>
			<report>
				<misses>6252001</misses>
				<total>41</total>
				<timestamp>1748.811285</timestamp>
			</report>
			<report>
				<misses>6253001</misses>
				<total>41</total>
				<timestamp>1749.091054</timestamp>
			</report>
			<report>
				<misses>6254001</misses>
				<total>41</total>
				<timestamp>1749.370757</timestamp>
			</report>
			<report>
				<misses>6255001</misses>
				<total>41</total>
				<timestamp>1749.650474</timestamp>
			</report>
			<report>
				<misses>6256001</misses>
				<total>41</total>
				<timestamp>1749.930174</timestamp>
			</report>
			<report>
				<misses>6257001</misses>
				<total>41</total>
				<timestamp>1750.209922</timestamp>
			</report>
			<report>
				<misses>6258001</misses>
				<total>41</total>
				<timestamp>1750.489610</timestamp>
			</report>
			<report>
				<misses>6259001</misses>
				<total>41</total>
				<timestamp>1750.769336</timestamp>
			</report>
			<report>
				<misses>6260001</misses>
				<total>41</total>
				<timestamp>1751.049100</timestamp>
			</report>
			<report>
				<misses>6261001</misses>
				<total>41</total>
				<timestamp>1751.328778</timestamp>
			</report>
			<report>
				<misses>6262001</misses>
				<total>41</total>
				<timestamp>1751.608495</timestamp>
			</report>
			<report>
				<misses>6263001</misses>
				<total>41</total>
				<timestamp>1751.888215</timestamp>
			</report>
			<report>
				<misses>6264001</misses>
				<total>41</total>
				<timestamp>1752.167920</timestamp>
			</report>
			<report>
				<misses>6265001</misses>
				<total>41</total>
				<timestamp>1752.447663</timestamp>
			</report>
			<report>
				<misses>6266001</misses>
				<total>41</total>
				<timestamp>1752.727398</timestamp>
			</report>
			<report>
				<misses>6267001</misses>
				<total>41</total>
				<timestamp>1753.007085</timestamp>
			</report>
			<report>
				<misses>6268001</misses>
				<total>41</total>
				<timestamp>1753.286846</timestamp>
			</report>
			<report>
				<misses>6269001</misses>
				<total>41</total>
				<timestamp>1753.566570</timestamp>
			</report>
			<report>
				<misses>6270001</misses>
				<total>41</total>
				<timestamp>1753.846252</timestamp>
			</report>
			<report>
				<misses>6271001</misses>
				<total>41</total>
				<timestamp>1754.125998</timestamp>
			</report>
			<report>
				<misses>6272001</misses>
				<total>41</total>
				<timestamp>1754.405704</timestamp>
			</report>
			<report>
				<misses>6273001</misses>
				<total>41</total>
				<timestamp>1754.685422</timestamp>
			</report>
			<report>
				<misses>6274001</misses>
				<total>41</total>
				<timestamp>1754.965134</timestamp>
			</report>
			<report>
				<misses>6275001</misses>
				<total>41</total>
				<timestamp>1755.244863</timestamp>
			</report>
			<report>
				<misses>6276001</misses>
				<total>41</total>
				<timestamp>1755.524578</timestamp>
			</report>
			<report>
				<misses>6277001</misses>
				<total>41</total>
				<timestamp>1755.804298</timestamp>
			</report>
			<report>
				<misses>6278001</misses>
				<total>41</total>
				<timestamp>1756.084008</timestamp>
			</report>
			<report>
				<misses>6279001</misses>
				<total>41</total>
				<timestamp>1756.363746</timestamp>
			</report>
			<report>
				<misses>6280001</misses>
				<total>41</total>
				<timestamp>1756.643468</timestamp>
			</report>
			<report>
				<misses>6281001</misses>
				<total>41</total>
				<timestamp>1756.923174</timestamp>
			</report>
			<report>
				<misses>6282001</misses>
				<total>41</total>
				<timestamp>1757.202898</timestamp>
			</report>
			<report>
				<misses>6283001</misses>
				<total>41</total>
				<timestamp>1757.482609</timestamp>
			</report>
			<report>
				<misses>6284001</misses>
				<total>41</total>
				<timestamp>1757.762370</timestamp>
			</report>
			<report>
				<misses>6285001</misses>
				<total>41</total>
				<timestamp>1758.042057</timestamp>
			</report>
			<report>
				<misses>6286001</misses>
				<total>41</total>
				<timestamp>1758.321803</timestamp>
			</report>
			<report>
				<misses>6287001</misses>
				<total>41</total>
				<timestamp>1758.601541</timestamp>
			</report>
			<report>
				<misses>6288001</misses>
				<total>41</total>
				<timestamp>1758.881198</timestamp>
			</report>
			<report>
				<misses>6289001</misses>
				<total>41</total>
				<timestamp>1759.160923</timestamp>
			</report>
			<report>
				<misses>6290001</misses>
				<total>41</total>
				<timestamp>1759.440657</timestamp>
			</report>
			<report>
				<misses>6291001</misses>
				<total>41</total>
				<timestamp>1759.720411</timestamp>
			</report>
			<report>
				<misses>6292001</misses>
				<total>41</total>
				<timestamp>1760.000080</timestamp>
			</report>
			<report>
				<misses>6293001</misses>
				<total>41</total>
				<timestamp>1760.279918</timestamp>
			</report>
			<report>
				<misses>6294001</misses>
				<total>41</total>
				<timestamp>1760.559573</timestamp>
			</report>
			<report>
				<misses>6295001</misses>
				<total>41</total>
				<timestamp>1760.839255</timestamp>
			</report>
			<report>
				<misses>6296001</misses>
				<total>41</total>
				<timestamp>1761.119021</timestamp>
			</report>
			<report>
				<misses>6297001</misses>
				<total>41</total>
				<timestamp>1761.398694</timestamp>
			</report>
			<report>
				<misses>6298001</misses>
				<total>41</total>
				<timestamp>1761.678436</timestamp>
			</report>
			<report>
				<misses>6299001</misses>
				<total>41</total>
				<timestamp>1761.958131</timestamp>
			</report>
			<report>
				<misses>6300001</misses>
				<total>41</total>
				<timestamp>1762.237885</timestamp>
			</report>
			<report>
				<misses>6301001</misses>
				<total>41</total>
				<timestamp>1762.517558</timestamp>
			</report>
			<report>
				<misses>6302001</misses>
				<total>41</total>
				<timestamp>1762.797333</timestamp>
			</report>
			<report>
				<misses>6303001</misses>
				<total>41</total>
				<timestamp>1763.077018</timestamp>
			</report>
			<report>
				<misses>6304001</misses>
				<total>41</total>
				<timestamp>1763.356753</timestamp>
			</report>
			<report>
				<misses>6305001</misses>
				<total>41</total>
				<timestamp>1763.636509</timestamp>
			</report>
			<report>
				<misses>6306001</misses>
				<total>41</total>
				<timestamp>1763.916166</timestamp>
			</report>
			<report>
				<misses>6307001</misses>
				<total>41</total>
				<timestamp>1764.195896</timestamp>
			</report>
			<report>
				<misses>6308001</misses>
				<total>41</total>
				<timestamp>1764.475650</timestamp>
			</report>
			<report>
				<misses>6309001</misses>
				<total>41</total>
				<timestamp>1764.755387</timestamp>
			</report>
			<report>
				<misses>6310001</misses>
				<total>41</total>
				<timestamp>1765.035045</timestamp>
			</report>
			<report>
				<misses>6311001</misses>
				<total>41</total>
				<timestamp>1765.314825</timestamp>
			</report>
			<report>
				<misses>6312001</misses>
				<total>41</total>
				<timestamp>1765.594530</timestamp>
			</report>
			<report>
				<misses>6313001</misses>
				<total>41</total>
				<timestamp>1765.874321</timestamp>
			</report>
			<report>
				<misses>6314001</misses>
				<total>41</total>
				<timestamp>1766.153931</timestamp>
			</report>
			<report>
				<misses>6315001</misses>
				<total>41</total>
				<timestamp>1766.433652</timestamp>
			</report>
			<report>
				<misses>6316001</misses>
				<total>41</total>
				<timestamp>1766.713411</timestamp>
			</report>
			<report>
				<misses>6317001</misses>
				<total>41</total>
				<timestamp>1766.993116</timestamp>
			</report>
			<report>
				<misses>6318001</misses>
				<total>41</total>
				<timestamp>1767.272911</timestamp>
			</report>
			<report>
				<misses>6319001</misses>
				<total>41</total>
				<timestamp>1767.552537</timestamp>
			</report>
			<report>
				<misses>6320001</misses>
				<total>41</total>
				<timestamp>1767.832278</timestamp>
			</report>
			<report>
				<misses>6321001</misses>
				<total>41</total>
				<timestamp>1768.112015</timestamp>
			</report>
			<report>
				<misses>6322001</misses>
				<total>41</total>
				<timestamp>1768.391720</timestamp>
			</report>
			<report>
				<misses>6323001</misses>
				<total>41</total>
				<timestamp>1768.671478</timestamp>
			</report>
			<report>
				<misses>6324001</misses>
				<total>41</total>
				<timestamp>1768.951153</timestamp>
			</report>
			<report>
				<misses>6325001</misses>
				<total>41</total>
				<timestamp>1769.230856</timestamp>
			</report>
			<report>
				<misses>6326001</misses>
				<total>41</total>
				<timestamp>1769.510602</timestamp>
			</report>
			<report>
				<misses>6327001</misses>
				<total>41</total>
				<timestamp>1769.790319</timestamp>
			</report>
			<report>
				<misses>6328001</misses>
				<total>41</total>
				<timestamp>1770.070010</timestamp>
			</report>
			<report>
				<misses>6329001</misses>
				<total>41</total>
				<timestamp>1770.349797</timestamp>
			</report>
			<report>
				<misses>6330001</misses>
				<total>41</total>
				<timestamp>1770.629461</timestamp>
			</report>
			<report>
				<misses>6331001</misses>
				<total>41</total>
				<timestamp>1770.909180</timestamp>
			</report>
			<report>
				<misses>6332001</misses>
				<total>41</total>
				<timestamp>1771.188926</timestamp>
			</report>
			<report>
				<misses>6333001</misses>
				<total>41</total>
				<timestamp>1771.468625</timestamp>
			</report>
			<report>
				<misses>6334001</misses>
				<total>41</total>
				<timestamp>1771.748358</timestamp>
			</report>
			<report>
				<misses>6335001</misses>
				<total>41</total>
				<timestamp>1772.028062</timestamp>
			</report>
			<report>
				<misses>6336001</misses>
				<total>41</total>
				<timestamp>1772.307822</timestamp>
			</report>
			<report>
				<misses>6337001</misses>
				<total>41</total>
				<timestamp>1772.587510</timestamp>
			</report>
			<report>
				<misses>6338001</misses>
				<total>41</total>
				<timestamp>1772.867241</timestamp>
			</report>
			<report>
				<misses>6339001</misses>
				<total>41</total>
				<timestamp>1773.146933</timestamp>
			</report>
			<report>
				<misses>6340001</misses>
				<total>41</total>
				<timestamp>1773.426680</timestamp>
			</report>
			<report>
				<misses>6341001</misses>
				<total>41</total>
				<timestamp>1773.706373</timestamp>
			</report>
			<report>
				<misses>6342001</misses>
				<total>41</total>
				<timestamp>1773.986088</timestamp>
			</report>
			<report>
				<misses>6343001</misses>
				<total>41</total>
				<timestamp>1774.265862</timestamp>
			</report>
			<report>
				<misses>6344001</misses>
				<total>41</total>
				<timestamp>1774.545532</timestamp>
			</report>
			<report>
				<misses>6345001</misses>
				<total>41</total>
				<timestamp>1774.825326</timestamp>
			</report>
			<report>
				<misses>6346001</misses>
				<total>41</total>
				<timestamp>1775.105010</timestamp>
			</report>
			<report>
				<misses>6347001</misses>
				<total>41</total>
				<timestamp>1775.384766</timestamp>
			</report>
			<report>
				<misses>6348001</misses>
				<total>41</total>
				<timestamp>1775.664421</timestamp>
			</report>
			<report>
				<misses>6349001</misses>
				<total>41</total>
				<timestamp>1775.944134</timestamp>
			</report>
			<report>
				<misses>6350001</misses>
				<total>41</total>
				<timestamp>1776.223879</timestamp>
			</report>
			<report>
				<misses>6351001</misses>
				<total>41</total>
				<timestamp>1776.503563</timestamp>
			</report>
			<report>
				<misses>6352001</misses>
				<total>41</total>
				<timestamp>1776.783304</timestamp>
			</report>
			<report>
				<misses>6353001</misses>
				<total>41</total>
				<timestamp>1777.063065</timestamp>
			</report>
			<report>
				<misses>6354001</misses>
				<total>41</total>
				<timestamp>1777.342777</timestamp>
			</report>
			<report>
				<misses>6355001</misses>
				<total>41</total>
				<timestamp>1777.622462</timestamp>
			</report>
			<report>
				<misses>6356001</misses>
				<total>41</total>
				<timestamp>1777.902181</timestamp>
			</report>
			<report>
				<misses>6357001</misses>
				<total>41</total>
				<timestamp>1778.181917</timestamp>
			</report>
			<report>
				<misses>6358001</misses>
				<total>41</total>
				<timestamp>1778.461612</timestamp>
			</report>
			<report>
				<misses>6359001</misses>
				<total>41</total>
				<timestamp>1778.741359</timestamp>
			</report>
			<report>
				<misses>6360001</misses>
				<total>41</total>
				<timestamp>1779.021084</timestamp>
			</report>
			<report>
				<misses>6361001</misses>
				<total>41</total>
				<timestamp>1779.300816</timestamp>
			</report>
			<report>
				<misses>6362001</misses>
				<total>41</total>
				<timestamp>1779.580494</timestamp>
			</report>
			<report>
				<misses>6363001</misses>
				<total>41</total>
				<timestamp>1779.860248</timestamp>
			</report>
			<report>
				<misses>6364001</misses>
				<total>41</total>
				<timestamp>1780.139951</timestamp>
			</report>
			<report>
				<misses>6365001</misses>
				<total>41</total>
				<timestamp>1780.419652</timestamp>
			</report>
			<report>
				<misses>6366001</misses>
				<total>41</total>
				<timestamp>1780.699407</timestamp>
			</report>
			<report>
				<misses>6367001</misses>
				<total>41</total>
				<timestamp>1780.979131</timestamp>
			</report>
			<report>
				<misses>6368001</misses>
				<total>41</total>
				<timestamp>1781.258812</timestamp>
			</report>
			<report>
				<misses>6369001</misses>
				<total>41</total>
				<timestamp>1781.538535</timestamp>
			</report>
			<report>
				<misses>6370001</misses>
				<total>41</total>
				<timestamp>1781.818360</timestamp>
			</report>
			<report>
				<misses>6371001</misses>
				<total>41</total>
				<timestamp>1782.097971</timestamp>
			</report>
			<report>
				<misses>6372001</misses>
				<total>41</total>
				<timestamp>1782.377690</timestamp>
			</report>
			<report>
				<misses>6373001</misses>
				<total>41</total>
				<timestamp>1782.657395</timestamp>
			</report>
			<report>
				<misses>6374001</misses>
				<total>41</total>
				<timestamp>1782.937145</timestamp>
			</report>
			<report>
				<misses>6375001</misses>
				<total>41</total>
				<timestamp>1783.216939</timestamp>
			</report>
			<report>
				<misses>6376001</misses>
				<total>41</total>
				<timestamp>1783.496567</timestamp>
			</report>
			<report>
				<misses>6377001</misses>
				<total>41</total>
				<timestamp>1783.776298</timestamp>
			</report>
			<report>
				<misses>6378001</misses>
				<total>41</total>
				<timestamp>1784.056018</timestamp>
			</report>
			<report>
				<misses>6379001</misses>
				<total>41</total>
				<timestamp>1784.335749</timestamp>
			</report>
			<report>
				<misses>6380001</misses>
				<total>41</total>
				<timestamp>1784.615449</timestamp>
			</report>
			<report>
				<misses>6381001</misses>
				<total>41</total>
				<timestamp>1784.895189</timestamp>
			</report>
			<report>
				<misses>6382001</misses>
				<total>41</total>
				<timestamp>1785.174937</timestamp>
			</report>
			<report>
				<misses>6383001</misses>
				<total>41</total>
				<timestamp>1785.454611</timestamp>
			</report>
			<report>
				<misses>6384001</misses>
				<total>41</total>
				<timestamp>1785.734351</timestamp>
			</report>
			<report>
				<misses>6385001</misses>
				<total>41</total>
				<timestamp>1786.014053</timestamp>
			</report>
			<report>
				<misses>6386001</misses>
				<total>41</total>
				<timestamp>1786.293843</timestamp>
			</report>
			<report>
				<misses>6387001</misses>
				<total>41</total>
				<timestamp>1786.573484</timestamp>
			</report>
			<report>
				<misses>6388001</misses>
				<total>41</total>
				<timestamp>1786.853232</timestamp>
			</report>
			<report>
				<misses>6389001</misses>
				<total>41</total>
				<timestamp>1787.132926</timestamp>
			</report>
			<report>
				<misses>6390001</misses>
				<total>41</total>
				<timestamp>1787.412667</timestamp>
			</report>
			<report>
				<misses>6391001</misses>
				<total>41</total>
				<timestamp>1787.692388</timestamp>
			</report>
			<report>
				<misses>6392001</misses>
				<total>41</total>
				<timestamp>1787.972099</timestamp>
			</report>
			<report>
				<misses>6393001</misses>
				<total>41</total>
				<timestamp>1788.251927</timestamp>
			</report>
			<report>
				<misses>6394001</misses>
				<total>41</total>
				<timestamp>1788.531555</timestamp>
			</report>
			<report>
				<misses>6395001</misses>
				<total>41</total>
				<timestamp>1788.811287</timestamp>
			</report>
			<report>
				<misses>6396001</misses>
				<total>41</total>
				<timestamp>1789.090964</timestamp>
			</report>
			<report>
				<misses>6397001</misses>
				<total>41</total>
				<timestamp>1789.370787</timestamp>
			</report>
			<report>
				<misses>6398001</misses>
				<total>41</total>
				<timestamp>1789.650410</timestamp>
			</report>
			<report>
				<misses>6399001</misses>
				<total>41</total>
				<timestamp>1789.930160</timestamp>
			</report>
			<report>
				<misses>6400001</misses>
				<total>41</total>
				<timestamp>1790.209903</timestamp>
			</report>
			<report>
				<misses>6401001</misses>
				<total>41</total>
				<timestamp>1790.489603</timestamp>
			</report>
			<report>
				<misses>6402001</misses>
				<total>41</total>
				<timestamp>1790.769331</timestamp>
			</report>
			<report>
				<misses>6403001</misses>
				<total>41</total>
				<timestamp>1791.049045</timestamp>
			</report>
			<report>
				<misses>6404001</misses>
				<total>41</total>
				<timestamp>1791.328735</timestamp>
			</report>
			<report>
				<misses>6405001</misses>
				<total>41</total>
				<timestamp>1791.608444</timestamp>
			</report>
			<report>
				<misses>6406001</misses>
				<total>41</total>
				<timestamp>1791.888213</timestamp>
			</report>
			<report>
				<misses>6407001</misses>
				<total>41</total>
				<timestamp>1792.167892</timestamp>
			</report>
			<report>
				<misses>6408001</misses>
				<total>41</total>
				<timestamp>1792.447618</timestamp>
			</report>
			<report>
				<misses>6409001</misses>
				<total>41</total>
				<timestamp>1792.727334</timestamp>
			</report>
			<report>
				<misses>6410001</misses>
				<total>41</total>
				<timestamp>1793.007055</timestamp>
			</report>
			<report>
				<misses>6411001</misses>
				<total>41</total>
				<timestamp>1793.286823</timestamp>
			</report>
			<report>
				<misses>6412001</misses>
				<total>41</total>
				<timestamp>1793.566519</timestamp>
			</report>
			<report>
				<misses>6413001</misses>
				<total>41</total>
				<timestamp>1793.846258</timestamp>
			</report>
			<report>
				<misses>6414001</misses>
				<total>41</total>
				<timestamp>1794.125933</timestamp>
			</report>
			<report>
				<misses>6415001</misses>
				<total>41</total>
				<timestamp>1794.405719</timestamp>
			</report>
			<report>
				<misses>6416001</misses>
				<total>41</total>
				<timestamp>1794.685392</timestamp>
			</report>
			<report>
				<misses>6417001</misses>
				<total>41</total>
				<timestamp>1794.965155</timestamp>
			</report>
			<report>
				<misses>6418001</misses>
				<total>41</total>
				<timestamp>1795.244809</timestamp>
			</report>
			<report>
				<misses>6419001</misses>
				<total>41</total>
				<timestamp>1795.524542</timestamp>
			</report>
			<report>
				<misses>6420001</misses>
				<total>41</total>
				<timestamp>1795.804292</timestamp>
			</report>
			<report>
				<misses>6421001</misses>
				<total>41</total>
				<timestamp>1796.084002</timestamp>
			</report>
			<report>
				<misses>6422001</misses>
				<total>41</total>
				<timestamp>1796.363732</timestamp>
			</report>
			<report>
				<misses>6423001</misses>
				<total>41</total>
				<timestamp>1796.643419</timestamp>
			</report>
			<report>
				<misses>6424001</misses>
				<total>41</total>
				<timestamp>1796.923189</timestamp>
			</report>
			<report>
				<misses>6425001</misses>
				<total>41</total>
				<timestamp>1797.202846</timestamp>
			</report>
			<report>
				<misses>6426001</misses>
				<total>41</total>
				<timestamp>1797.482579</timestamp>
			</report>
			<report>
				<misses>6427001</misses>
				<total>41</total>
				<timestamp>1797.762316</timestamp>
			</report>
			<report>
				<misses>6428001</misses>
				<total>41</total>
				<timestamp>1798.042062</timestamp>
			</report>
			<report>
				<misses>6429001</misses>
				<total>41</total>
				<timestamp>1798.321777</timestamp>
			</report>
			<report>
				<misses>6430001</misses>
				<total>41</total>
				<timestamp>1798.601502</timestamp>
			</report>
			<report>
				<misses>6431001</misses>
				<total>41</total>
				<timestamp>1798.881180</timestamp>
			</report>
			<report>
				<misses>6432001</misses>
				<total>41</total>
				<timestamp>1799.160914</timestamp>
			</report>
			<report>
				<misses>6433001</misses>
				<total>41</total>
				<timestamp>1799.440678</timestamp>
			</report>
			<report>
				<misses>6434001</misses>
				<total>41</total>
				<timestamp>1799.720337</timestamp>
			</report>
			<report>
				<misses>6435001</misses>
				<total>41</total>
				<timestamp>1800.000059</timestamp>
			</report>
			<report>
				<misses>6436001</misses>
				<total>41</total>
				<timestamp>1800.279784</timestamp>
			</report>
			<report>
				<misses>6437001</misses>
				<total>41</total>
				<timestamp>1800.559477</timestamp>
			</report>
			<report>
				<misses>6438001</misses>
				<total>41</total>
				<timestamp>1800.839274</timestamp>
			</report>
			<report>
				<misses>6439001</misses>
				<total>41</total>
				<timestamp>1801.118934</timestamp>
			</report>
			<report>
				<misses>6440001</misses>
				<total>41</total>
				<timestamp>1801.398698</timestamp>
			</report>
			<report>
				<misses>6441001</misses>
				<total>41</total>
				<timestamp>1801.678384</timestamp>
			</report>
			<report>
				<misses>6442001</misses>
				<total>41</total>
				<timestamp>1801.958111</timestamp>
			</report>
			<report>
				<misses>6443001</misses>
				<total>41</total>
				<timestamp>1802.237842</timestamp>
			</report>
			<report>
				<misses>6444001</misses>
				<total>41</total>
				<timestamp>1802.517537</timestamp>
			</report>
			<report>
				<misses>6445001</misses>
				<total>41</total>
				<timestamp>1802.797269</timestamp>
			</report>
			<report>
				<misses>6446001</misses>
				<total>41</total>
				<timestamp>1803.076982</timestamp>
			</report>
			<report>
				<misses>6447001</misses>
				<total>41</total>
				<timestamp>1803.356691</timestamp>
			</report>
			<report>
				<misses>6448001</misses>
				<total>41</total>
				<timestamp>1803.636439</timestamp>
			</report>
			<report>
				<misses>6449001</misses>
				<total>41</total>
				<timestamp>1803.916140</timestamp>
			</report>
			<report>
				<misses>6450001</misses>
				<total>41</total>
				<timestamp>1804.195875</timestamp>
			</report>
			<report>
				<misses>6451001</misses>
				<total>41</total>
				<timestamp>1804.475625</timestamp>
			</report>
			<report>
				<misses>6452001</misses>
				<total>41</total>
				<timestamp>1804.755293</timestamp>
			</report>
			<report>
				<misses>6453001</misses>
				<total>41</total>
				<timestamp>1805.035064</timestamp>
			</report>
			<report>
				<misses>6454001</misses>
				<total>41</total>
				<timestamp>1805.314816</timestamp>
			</report>
			<report>
				<misses>6455001</misses>
				<total>41</total>
				<timestamp>1805.594463</timestamp>
			</report>
			<report>
				<misses>6456001</misses>
				<total>41</total>
				<timestamp>1805.874205</timestamp>
			</report>
			<report>
				<misses>6457001</misses>
				<total>41</total>
				<timestamp>1806.153888</timestamp>
			</report>
			<report>
				<misses>6458001</misses>
				<total>41</total>
				<timestamp>1806.433685</timestamp>
			</report>
			<report>
				<misses>6459001</misses>
				<total>41</total>
				<timestamp>1806.713339</timestamp>
			</report>
			<report>
				<misses>6460001</misses>
				<total>41</total>
				<timestamp>1806.993111</timestamp>
			</report>
			<report>
				<misses>6461001</misses>
				<total>41</total>
				<timestamp>1807.272818</timestamp>
			</report>
			<report>
				<misses>6462001</misses>
				<total>41</total>
				<timestamp>1807.552490</timestamp>
			</report>
			<report>
				<misses>6463001</misses>
				<total>41</total>
				<timestamp>1807.832250</timestamp>
			</report>
			<report>
				<misses>6464001</misses>
				<total>41</total>
				<timestamp>1808.111934</timestamp>
			</report>
			<report>
				<misses>6465001</misses>
				<total>41</total>
				<timestamp>1808.391693</timestamp>
			</report>
			<report>
				<misses>6466001</misses>
				<total>41</total>
				<timestamp>1808.671362</timestamp>
			</report>
			<report>
				<misses>6467001</misses>
				<total>41</total>
				<timestamp>1808.951146</timestamp>
			</report>
			<report>
				<misses>6468001</misses>
				<total>41</total>
				<timestamp>1809.230890</timestamp>
			</report>
			<report>
				<misses>6469001</misses>
				<total>41</total>
				<timestamp>1809.510543</timestamp>
			</report>
			<report>
				<misses>6470001</misses>
				<total>41</total>
				<timestamp>1809.790278</timestamp>
			</report>
			<report>
				<misses>6471001</misses>
				<total>41</total>
				<timestamp>1810.070036</timestamp>
			</report>
			<report>
				<misses>6472001</misses>
				<total>41</total>
				<timestamp>1810.349759</timestamp>
			</report>
			<report>
				<misses>6473001</misses>
				<total>41</total>
				<timestamp>1810.629413</timestamp>
			</report>
			<report>
				<misses>6474001</misses>
				<total>41</total>
				<timestamp>1810.909206</timestamp>
			</report>
			<report>
				<misses>6475001</misses>
				<total>41</total>
				<timestamp>1811.188867</timestamp>
			</report>
			<report>
				<misses>6476001</misses>
				<total>41</total>
				<timestamp>1811.468646</timestamp>
			</report>
			<report>
				<misses>6477001</misses>
				<total>41</total>
				<timestamp>1811.748289</timestamp>
			</report>
			<report>
				<misses>6478001</misses>
				<total>41</total>
				<timestamp>1812.028041</timestamp>
			</report>
			<report>
				<misses>6479001</misses>
				<total>41</total>
				<timestamp>1812.307731</timestamp>
			</report>
			<report>
				<misses>6480001</misses>
				<total>41</total>
				<timestamp>1812.587455</timestamp>
			</report>
			<report>
				<misses>6481001</misses>
				<total>41</total>
				<timestamp>1812.867204</timestamp>
			</report>
			<report>
				<misses>6482001</misses>
				<total>41</total>
				<timestamp>1813.146891</timestamp>
			</report>
			<report>
				<misses>6483001</misses>
				<total>41</total>
				<timestamp>1813.426640</timestamp>
			</report>
			<report>
				<misses>6484001</misses>
				<total>41</total>
				<timestamp>1813.706338</timestamp>
			</report>
			<report>
				<misses>6485001</misses>
				<total>41</total>
				<timestamp>1813.986054</timestamp>
			</report>
			<report>
				<misses>6486001</misses>
				<total>41</total>
				<timestamp>1814.265848</timestamp>
			</report>
			<report>
				<misses>6487001</misses>
				<total>41</total>
				<timestamp>1814.545543</timestamp>
			</report>
			<report>
				<misses>6488001</misses>
				<total>41</total>
				<timestamp>1814.825225</timestamp>
			</report>
			<report>
				<misses>6489001</misses>
				<total>41</total>
				<timestamp>1815.104995</timestamp>
			</report>
			<report>
				<misses>6490001</misses>
				<total>41</total>
				<timestamp>1815.384687</timestamp>
			</report>
			<report>
				<misses>6491001</misses>
				<total>41</total>
				<timestamp>1815.664382</timestamp>
			</report>
			<report>
				<misses>6492001</misses>
				<total>41</total>
				<timestamp>1815.944106</timestamp>
			</report>
			<report>
				<misses>6493001</misses>
				<total>41</total>
				<timestamp>1816.223831</timestamp>
			</report>
			<report>
				<misses>6494001</misses>
				<total>41</total>
				<timestamp>1816.503543</timestamp>
			</report>
			<report>
				<misses>6495001</misses>
				<total>41</total>
				<timestamp>1816.783253</timestamp>
			</report>
			<report>
				<misses>6496001</misses>
				<total>41</total>
				<timestamp>1817.063008</timestamp>
			</report>
			<report>
				<misses>6497001</misses>
				<total>41</total>
				<timestamp>1817.342752</timestamp>
			</report>
			<report>
				<misses>6498001</misses>
				<total>41</total>
				<timestamp>1817.622407</timestamp>
			</report>
			<report>
				<misses>6499001</misses>
				<total>41</total>
				<timestamp>1817.902164</timestamp>
			</report>
			<report>
				<misses>6500001</misses>
				<total>41</total>
				<timestamp>1818.181884</timestamp>
			</report>
			<report>
				<misses>6501001</misses>
				<total>41</total>
				<timestamp>1818.461625</timestamp>
			</report>
			<report>
				<misses>6502001</misses>
				<total>41</total>
				<timestamp>1818.741281</timestamp>
			</report>
			<report>
				<misses>6503001</misses>
				<total>41</total>
				<timestamp>1819.021062</timestamp>
			</report>
			<report>
				<misses>6504001</misses>
				<total>41</total>
				<timestamp>1819.300760</timestamp>
			</report>
			<report>
				<misses>6505001</misses>
				<total>41</total>
				<timestamp>1819.580484</timestamp>
			</report>
			<report>
				<misses>6506001</misses>
				<total>41</total>
				<timestamp>1819.860168</timestamp>
			</report>
			<report>
				<misses>6507001</misses>
				<total>41</total>
				<timestamp>1820.139895</timestamp>
			</report>
			<report>
				<misses>6508001</misses>
				<total>41</total>
				<timestamp>1820.419660</timestamp>
			</report>
			<report>
				<misses>6509001</misses>
				<total>41</total>
				<timestamp>1820.699337</timestamp>
			</report>
			<report>
				<misses>6510001</misses>
				<total>41</total>
				<timestamp>1820.979064</timestamp>
			</report>
			<report>
				<misses>6511001</misses>
				<total>41</total>
				<timestamp>1821.258797</timestamp>
			</report>
			<report>
				<misses>6512001</misses>
				<total>41</total>
				<timestamp>1821.538482</timestamp>
			</report>
			<report>
				<misses>6513001</misses>
				<total>41</total>
				<timestamp>1821.818281</timestamp>
			</report>
			<report>
				<misses>6514001</misses>
				<total>41</total>
				<timestamp>1822.097971</timestamp>
			</report>
			<report>
				<misses>6515001</misses>
				<total>41</total>
				<timestamp>1822.377717</timestamp>
			</report>
			<report>
				<misses>6516001</misses>
				<total>41</total>
				<timestamp>1822.657372</timestamp>
			</report>
			<report>
				<misses>6517001</misses>
				<total>41</total>
				<timestamp>1822.937108</timestamp>
			</report>
			<report>
				<misses>6518001</misses>
				<total>41</total>
				<timestamp>1823.216832</timestamp>
			</report>
			<report>
				<misses>6519001</misses>
				<total>41</total>
				<timestamp>1823.496524</timestamp>
			</report>
			<report>
				<misses>6520001</misses>
				<total>41</total>
				<timestamp>1823.776256</timestamp>
			</report>
			<report>
				<misses>6521001</misses>
				<total>41</total>
				<timestamp>1824.056018</timestamp>
			</report>
			<report>
				<misses>6522001</misses>
				<total>41</total>
				<timestamp>1824.335757</timestamp>
			</report>
			<report>
				<misses>6523001</misses>
				<total>42</total>
				<timestamp>1824.615400</timestamp>
			</report>
			<report>
				<misses>6524001</misses>
				<total>42</total>
				<timestamp>1824.895142</timestamp>
			</report>
			<report>
				<misses>6525001</misses>
				<total>42</total>
				<timestamp>1825.174896</timestamp>
			</report>
			<report>
				<misses>6526001</misses>
				<total>42</total>
				<timestamp>1825.454641</timestamp>
			</report>
			<report>
				<misses>6527001</misses>
				<total>42</total>
				<timestamp>1825.734290</timestamp>
			</report>
			<report>
				<misses>6528001</misses>
				<total>42</total>
				<timestamp>1826.014042</timestamp>
			</report>
			<report>
				<misses>6529001</misses>
				<total>42</total>
				<timestamp>1826.293754</timestamp>
			</report>
			<report>
				<misses>6530001</misses>
				<total>42</total>
				<timestamp>1826.573447</timestamp>
			</report>
			<report>
				<misses>6531001</misses>
				<total>42</total>
				<timestamp>1826.853171</timestamp>
			</report>
			<report>
				<misses>6532001</misses>
				<total>42</total>
				<timestamp>1827.132911</timestamp>
			</report>
			<report>
				<misses>6533001</misses>
				<total>42</total>
				<timestamp>1827.412651</timestamp>
			</report>
			<report>
				<misses>6534001</misses>
				<total>42</total>
				<timestamp>1827.692340</timestamp>
			</report>
			<report>
				<misses>6535001</misses>
				<total>42</total>
				<timestamp>1827.972101</timestamp>
			</report>
			<report>
				<misses>6536001</misses>
				<total>42</total>
				<timestamp>1828.251781</timestamp>
			</report>
			<report>
				<misses>6537001</misses>
				<total>42</total>
				<timestamp>1828.531485</timestamp>
			</report>
			<report>
				<misses>6538001</misses>
				<total>42</total>
				<timestamp>1828.811209</timestamp>
			</report>
			<report>
				<misses>6539001</misses>
				<total>42</total>
				<timestamp>1829.090966</timestamp>
			</report>
			<report>
				<misses>6540001</misses>
				<total>42</total>
				<timestamp>1829.370701</timestamp>
			</report>
			<report>
				<misses>6541001</misses>
				<total>42</total>
				<timestamp>1829.650361</timestamp>
			</report>
			<report>
				<misses>6542001</misses>
				<total>42</total>
				<timestamp>1829.930099</timestamp>
			</report>
			<report>
				<misses>6543001</misses>
				<total>42</total>
				<timestamp>1830.209868</timestamp>
			</report>
			<report>
				<misses>6544001</misses>
				<total>42</total>
				<timestamp>1830.489567</timestamp>
			</report>
			<report>
				<misses>6545001</misses>
				<total>42</total>
				<timestamp>1830.769276</timestamp>
			</report>
			<report>
				<misses>6546001</misses>
				<total>42</total>
				<timestamp>1831.049035</timestamp>
			</report>
			<report>
				<misses>6547001</misses>
				<total>42</total>
				<timestamp>1831.328705</timestamp>
			</report>
			<report>
				<misses>6548001</misses>
				<total>42</total>
				<timestamp>1831.608406</timestamp>
			</report>
			<report>
				<misses>6549001</misses>
				<total>42</total>
				<timestamp>1831.888147</timestamp>
			</report>
			<report>
				<misses>6550001</misses>
				<total>42</total>
				<timestamp>1832.167902</timestamp>
			</report>
			<report>
				<misses>6551001</misses>
				<total>42</total>
				<timestamp>1832.447578</timestamp>
			</report>
			<report>
				<misses>6552001</misses>
				<total>43</total>
				<timestamp>1832.727297</timestamp>
			</report>
			<report>
				<misses>6553001</misses>
				<total>43</total>
				<timestamp>1833.007047</timestamp>
			</report>
			<report>
				<misses>6554001</misses>
				<total>43</total>
				<timestamp>1833.286745</timestamp>
			</report>
			<report>
				<misses>6555001</misses>
				<total>43</total>
				<timestamp>1833.566509</timestamp>
			</report>
			<report>
				<misses>6556001</misses>
				<total>43</total>
				<timestamp>1833.846179</timestamp>
			</report>
			<report>
				<misses>6557001</misses>
				<total>43</total>
				<timestamp>1834.125923</timestamp>
			</report>
			<report>
				<misses>6558001</misses>
				<total>43</total>
				<timestamp>1834.405700</timestamp>
			</report>
			<report>
				<misses>6559001</misses>
				<total>43</total>
				<timestamp>1834.685362</timestamp>
			</report>
			<report>
				<misses>6560001</misses>
				<total>43</total>
				<timestamp>1834.965040</timestamp>
			</report>
			<report>
				<misses>6561001</misses>
				<total>43</total>
				<timestamp>1835.244809</timestamp>
			</report>
			<report>
				<misses>6562001</misses>
				<total>43</total>
				<timestamp>1835.524555</timestamp>
			</report>
			<report>
				<misses>6563001</misses>
				<total>43</total>
				<timestamp>1835.804215</timestamp>
			</report>
			<report>
				<misses>6564001</misses>
				<total>43</total>
				<timestamp>1836.083956</timestamp>
			</report>
			<report>
				<misses>6565001</misses>
				<total>43</total>
				<timestamp>1836.363678</timestamp>
			</report>
			<report>
				<misses>6566001</misses>
				<total>43</total>
				<timestamp>1836.643370</timestamp>
			</report>
			<report>
				<misses>6567001</misses>
				<total>43</total>
				<timestamp>1836.923115</timestamp>
			</report>
			<report>
				<misses>6568001</misses>
				<total>43</total>
				<timestamp>1837.202828</timestamp>
			</report>
			<report>
				<misses>6569001</misses>
				<total>43</total>
				<timestamp>1837.482548</timestamp>
			</report>
			<report>
				<misses>6570001</misses>
				<total>43</total>
				<timestamp>1837.762292</timestamp>
			</report>
			<report>
				<misses>6571001</misses>
				<total>43</total>
				<timestamp>1838.041985</timestamp>
			</report>
			<report>
				<misses>6572001</misses>
				<total>43</total>
				<timestamp>1838.321719</timestamp>
			</report>
			<report>
				<misses>6573001</misses>
				<total>43</total>
				<timestamp>1838.601405</timestamp>
			</report>
			<report>
				<misses>6574001</misses>
				<total>43</total>
				<timestamp>1838.881140</timestamp>
			</report>
			<report>
				<misses>6575001</misses>
				<total>43</total>
				<timestamp>1839.160887</timestamp>
			</report>
			<report>
				<misses>6576001</misses>
				<total>43</total>
				<timestamp>1839.440602</timestamp>
			</report>
			<report>
				<misses>6577001</misses>
				<total>43</total>
				<timestamp>1839.720320</timestamp>
			</report>
			<report>
				<misses>6578001</misses>
				<total>43</total>
				<timestamp>1840.000044</timestamp>
			</report>
			<report>
				<misses>6579001</misses>
				<total>43</total>
				<timestamp>1840.279752</timestamp>
			</report>
			<report>
				<misses>6580001</misses>
				<total>43</total>
				<timestamp>1840.559437</timestamp>
			</report>
			<report>
				<misses>6581001</misses>
				<total>43</total>
				<timestamp>1840.839167</timestamp>
			</report>
			<report>
				<misses>6582001</misses>
				<total>43</total>
				<timestamp>1841.118907</timestamp>
			</report>
			<report>
				<misses>6583001</misses>
				<total>43</total>
				<timestamp>1841.398660</timestamp>
			</report>
			<report>
				<misses>6584001</misses>
				<total>43</total>
				<timestamp>1841.678318</timestamp>
			</report>
			<report>
				<misses>6585001</misses>
				<total>43</total>
				<timestamp>1841.958050</timestamp>
			</report>
			<report>
				<misses>6586001</misses>
				<total>43</total>
				<timestamp>1842.237846</timestamp>
			</report>
			<report>
				<misses>6587001</misses>
				<total>43</total>
				<timestamp>1842.517523</timestamp>
			</report>
			<report>
				<misses>6588001</misses>
				<total>43</total>
				<timestamp>1842.797218</timestamp>
			</report>
			<report>
				<misses>6589001</misses>
				<total>43</total>
				<timestamp>1843.076927</timestamp>
			</report>
			<report>
				<misses>6590001</misses>
				<total>43</total>
				<timestamp>1843.356648</timestamp>
			</report>
			<report>
				<misses>6591001</misses>
				<total>43</total>
				<timestamp>1843.636362</timestamp>
			</report>
			<report>
				<misses>6592001</misses>
				<total>43</total>
				<timestamp>1843.916098</timestamp>
			</report>
			<report>
				<misses>6593001</misses>
				<total>43</total>
				<timestamp>1844.195876</timestamp>
			</report>
			<report>
				<misses>6594001</misses>
				<total>43</total>
				<timestamp>1844.475523</timestamp>
			</report>
			<report>
				<misses>6595001</misses>
				<total>43</total>
				<timestamp>1844.755254</timestamp>
			</report>
			<report>
				<misses>6596001</misses>
				<total>43</total>
				<timestamp>1845.035005</timestamp>
			</report>
			<report>
				<misses>6597001</misses>
				<total>43</total>
				<timestamp>1845.314700</timestamp>
			</report>
			<report>
				<misses>6598001</misses>
				<total>43</total>
				<timestamp>1845.594457</timestamp>
			</report>
			<report>
				<misses>6599001</misses>
				<total>43</total>
				<timestamp>1845.874136</timestamp>
			</report>
			<report>
				<misses>6600001</misses>
				<total>43</total>
				<timestamp>1846.153890</timestamp>
			</report>
			<report>
				<misses>6601001</misses>
				<total>43</total>
				<timestamp>1846.433617</timestamp>
			</report>
			<report>
				<misses>6602001</misses>
				<total>43</total>
				<timestamp>1846.713298</timestamp>
			</report>
			<report>
				<misses>6603001</misses>
				<total>43</total>
				<timestamp>1846.992993</timestamp>
			</report>
			<report>
				<misses>6604001</misses>
				<total>43</total>
				<timestamp>1847.272759</timestamp>
			</report>
			<report>
				<misses>6605001</misses>
				<total>43</total>
				<timestamp>1847.552490</timestamp>
			</report>
			<report>
				<misses>6606001</misses>
				<total>43</total>
				<timestamp>1847.832166</timestamp>
			</report>
			<report>
				<misses>6607001</misses>
				<total>43</total>
				<timestamp>1848.111908</timestamp>
			</report>
			<report>
				<misses>6608001</misses>
				<total>43</total>
				<timestamp>1848.391655</timestamp>
			</report>
			<report>
				<misses>6609001</misses>
				<total>43</total>
				<timestamp>1848.671336</timestamp>
			</report>
			<report>
				<misses>6610001</misses>
				<total>43</total>
				<timestamp>1848.951086</timestamp>
			</report>
			<report>
				<misses>6611001</misses>
				<total>43</total>
				<timestamp>1849.230805</timestamp>
			</report>
			<report>
				<misses>6612001</misses>
				<total>43</total>
				<timestamp>1849.510536</timestamp>
			</report>
			<report>
				<misses>6613001</misses>
				<total>43</total>
				<timestamp>1849.790212</timestamp>
			</report>
			<report>
				<misses>6614001</misses>
				<total>43</total>
				<timestamp>1850.069956</timestamp>
			</report>
			<report>
				<misses>6615001</misses>
				<total>43</total>
				<timestamp>1850.349653</timestamp>
			</report>
			<report>
				<misses>6616001</misses>
				<total>43</total>
				<timestamp>1850.629370</timestamp>
			</report>
			<report>
				<misses>6617001</misses>
				<total>43</total>
				<timestamp>1850.909093</timestamp>
			</report>
			<report>
				<misses>6618001</misses>
				<total>43</total>
				<timestamp>1851.188830</timestamp>
			</report>
			<report>
				<misses>6619001</misses>
				<total>43</total>
				<timestamp>1851.468563</timestamp>
			</report>
			<report>
				<misses>6620001</misses>
				<total>43</total>
				<timestamp>1851.748323</timestamp>
			</report>
			<report>
				<misses>6621001</misses>
				<total>43</total>
				<timestamp>1852.028008</timestamp>
			</report>
			<report>
				<misses>6622001</misses>
				<total>43</total>
				<timestamp>1852.307691</timestamp>
			</report>
			<report>
				<misses>6623001</misses>
				<total>43</total>
				<timestamp>1852.587404</timestamp>
			</report>
			<report>
				<misses>6624001</misses>
				<total>43</total>
				<timestamp>1852.867160</timestamp>
			</report>
			<report>
				<misses>6625001</misses>
				<total>43</total>
				<timestamp>1853.146871</timestamp>
			</report>
			<report>
				<misses>6626001</misses>
				<total>43</total>
				<timestamp>1853.426629</timestamp>
			</report>
			<report>
				<misses>6627001</misses>
				<total>43</total>
				<timestamp>1853.706299</timestamp>
			</report>
			<report>
				<misses>6628001</misses>
				<total>43</total>
				<timestamp>1853.986023</timestamp>
			</report>
			<report>
				<misses>6629001</misses>
				<total>43</total>
				<timestamp>1854.265796</timestamp>
			</report>
			<report>
				<misses>6630001</misses>
				<total>43</total>
				<timestamp>1854.545477</timestamp>
			</report>
			<report>
				<misses>6631001</misses>
				<total>43</total>
				<timestamp>1854.825177</timestamp>
			</report>
			<report>
				<misses>6632001</misses>
				<total>43</total>
				<timestamp>1855.104952</timestamp>
			</report>
			<report>
				<misses>6633001</misses>
				<total>43</total>
				<timestamp>1855.384609</timestamp>
			</report>
			<report>
				<misses>6634001</misses>
				<total>43</total>
				<timestamp>1855.664347</timestamp>
			</report>
			<report>
				<misses>6635001</misses>
				<total>43</total>
				<timestamp>1855.944070</timestamp>
			</report>
			<report>
				<misses>6636001</misses>
				<total>43</total>
				<timestamp>1856.223805</timestamp>
			</report>
			<report>
				<misses>6637001</misses>
				<total>43</total>
				<timestamp>1856.503556</timestamp>
			</report>
			<report>
				<misses>6638001</misses>
				<total>43</total>
				<timestamp>1856.783209</timestamp>
			</report>
			<report>
				<misses>6639001</misses>
				<total>43</total>
				<timestamp>1857.062920</timestamp>
			</report>
			<report>
				<misses>6640001</misses>
				<total>43</total>
				<timestamp>1857.342639</timestamp>
			</report>
			<report>
				<misses>6641001</misses>
				<total>43</total>
				<timestamp>1857.622432</timestamp>
			</report>
			<report>
				<misses>6642001</misses>
				<total>43</total>
				<timestamp>1857.902091</timestamp>
			</report>
			<report>
				<misses>6643001</misses>
				<total>43</total>
				<timestamp>1858.181820</timestamp>
			</report>
			<report>
				<misses>6644001</misses>
				<total>43</total>
				<timestamp>1858.461593</timestamp>
			</report>
			<report>
				<misses>6645001</misses>
				<total>43</total>
				<timestamp>1858.741268</timestamp>
			</report>
			<report>
				<misses>6646001</misses>
				<total>43</total>
				<timestamp>1859.020961</timestamp>
			</report>
			<report>
				<misses>6647001</misses>
				<total>43</total>
				<timestamp>1859.300701</timestamp>
			</report>
			<report>
				<misses>6648001</misses>
				<total>43</total>
				<timestamp>1859.580449</timestamp>
			</report>
			<report>
				<misses>6649001</misses>
				<total>43</total>
				<timestamp>1859.860143</timestamp>
			</report>
			<report>
				<misses>6650001</misses>
				<total>43</total>
				<timestamp>1860.139879</timestamp>
			</report>
			<report>
				<misses>6651001</misses>
				<total>43</total>
				<timestamp>1860.419584</timestamp>
			</report>
			<report>
				<misses>6652001</misses>
				<total>43</total>
				<timestamp>1860.699339</timestamp>
			</report>
			<report>
				<misses>6653001</misses>
				<total>43</total>
				<timestamp>1860.979019</timestamp>
			</report>
			<report>
				<misses>6654001</misses>
				<total>43</total>
				<timestamp>1861.258777</timestamp>
			</report>
			<report>
				<misses>6655001</misses>
				<total>43</total>
				<timestamp>1861.538447</timestamp>
			</report>
			<report>
				<misses>6656001</misses>
				<total>43</total>
				<timestamp>1861.818160</timestamp>
			</report>
			<report>
				<misses>6657001</misses>
				<total>43</total>
				<timestamp>1862.097921</timestamp>
			</report>
			<report>
				<misses>6658001</misses>
				<total>43</total>
				<timestamp>1862.377624</timestamp>
			</report>
			<report>
				<misses>6659001</misses>
				<total>43</total>
				<timestamp>1862.657342</timestamp>
			</report>
			<report>
				<misses>6660001</misses>
				<total>43</total>
				<timestamp>1862.937045</timestamp>
			</report>
			<report>
				<misses>6661001</misses>
				<total>43</total>
				<timestamp>1863.216790</timestamp>
			</report>
			<report>
				<misses>6662001</misses>
				<total>43</total>
				<timestamp>1863.496534</timestamp>
			</report>
			<report>
				<misses>6663001</misses>
				<total>43</total>
				<timestamp>1863.776195</timestamp>
			</report>
			<report>
				<misses>6664001</misses>
				<total>43</total>
				<timestamp>1864.055957</timestamp>
			</report>
			<report>
				<misses>6665001</misses>
				<total>43</total>
				<timestamp>1864.335640</timestamp>
			</report>
			<report>
				<misses>6666001</misses>
				<total>43</total>
				<timestamp>1864.615430</timestamp>
			</report>
			<report>
				<misses>6667001</misses>
				<total>43</total>
				<timestamp>1864.895095</timestamp>
			</report>
			<report>
				<misses>6668001</misses>
				<total>43</total>
				<timestamp>1865.174814</timestamp>
			</report>
			<report>
				<misses>6669001</misses>
				<total>43</total>
				<timestamp>1865.454514</timestamp>
			</report>
			<report>
				<misses>6670001</misses>
				<total>43</total>
				<timestamp>1865.734269</timestamp>
			</report>
			<report>
				<misses>6671001</misses>
				<total>43</total>
				<timestamp>1866.013970</timestamp>
			</report>
			<report>
				<misses>6672001</misses>
				<total>43</total>
				<timestamp>1866.293722</timestamp>
			</report>
			<report>
				<misses>6673001</misses>
				<total>43</total>
				<timestamp>1866.573459</timestamp>
			</report>
			<report>
				<misses>6674001</misses>
				<total>43</total>
				<timestamp>1866.853151</timestamp>
			</report>
			<report>
				<misses>6675001</misses>
				<total>43</total>
				<timestamp>1867.132887</timestamp>
			</report>
			<report>
				<misses>6676001</misses>
				<total>43</total>
				<timestamp>1867.412561</timestamp>
			</report>
			<report>
				<misses>6677001</misses>
				<total>43</total>
				<timestamp>1867.692384</timestamp>
			</report>
			<report>
				<misses>6678001</misses>
				<total>43</total>
				<timestamp>1867.972005</timestamp>
			</report>
			<report>
				<misses>6679001</misses>
				<total>43</total>
				<timestamp>1868.251797</timestamp>
			</report>
			<report>
				<misses>6680001</misses>
				<total>43</total>
				<timestamp>1868.531513</timestamp>
			</report>
			<report>
				<misses>6681001</misses>
				<total>43</total>
				<timestamp>1868.811232</timestamp>
			</report>
			<report>
				<misses>6682001</misses>
				<total>43</total>
				<timestamp>1869.090911</timestamp>
			</report>
			<report>
				<misses>6683001</misses>
				<total>43</total>
				<timestamp>1869.370612</timestamp>
			</report>
			<report>
				<misses>6684001</misses>
				<total>43</total>
				<timestamp>1869.650389</timestamp>
			</report>
			<report>
				<misses>6685001</misses>
				<total>43</total>
				<timestamp>1869.930044</timestamp>
			</report>
			<report>
				<misses>6686001</misses>
				<total>43</total>
				<timestamp>1870.209840</timestamp>
			</report>
			<report>
				<misses>6687001</misses>
				<total>43</total>
				<timestamp>1870.489528</timestamp>
			</report>
			<report>
				<misses>6688001</misses>
				<total>43</total>
				<timestamp>1870.769222</timestamp>
			</report>
			<report>
				<misses>6689001</misses>
				<total>43</total>
				<timestamp>1871.048927</timestamp>
			</report>
			<report>
				<misses>6690001</misses>
				<total>43</total>
				<timestamp>1871.328708</timestamp>
			</report>
			<report>
				<misses>6691001</misses>
				<total>43</total>
				<timestamp>1871.608431</timestamp>
			</report>
			<report>
				<misses>6692001</misses>
				<total>43</total>
				<timestamp>1871.888108</timestamp>
			</report>
			<report>
				<misses>6693001</misses>
				<total>43</total>
				<timestamp>1872.167829</timestamp>
			</report>
			<report>
				<misses>6694001</misses>
				<total>43</total>
				<timestamp>1872.447581</timestamp>
			</report>
			<report>
				<misses>6695001</misses>
				<total>43</total>
				<timestamp>1872.727265</timestamp>
			</report>
			<report>
				<misses>6696001</misses>
				<total>43</total>
				<timestamp>1873.007003</timestamp>
			</report>
			<report>
				<misses>6697001</misses>
				<total>43</total>
				<timestamp>1873.286708</timestamp>
			</report>
			<report>
				<misses>6698001</misses>
				<total>43</total>
				<timestamp>1873.566434</timestamp>
			</report>
			<report>
				<misses>6699001</misses>
				<total>43</total>
				<timestamp>1873.846134</timestamp>
			</report>
			<report>
				<misses>6700001</misses>
				<total>43</total>
				<timestamp>1874.125886</timestamp>
			</report>
			<report>
				<misses>6701001</misses>
				<total>43</total>
				<timestamp>1874.405576</timestamp>
			</report>
			<report>
				<misses>6702001</misses>
				<total>43</total>
				<timestamp>1874.685294</timestamp>
			</report>
			<report>
				<misses>6703001</misses>
				<total>43</total>
				<timestamp>1874.965006</timestamp>
			</report>
			<report>
				<misses>6704001</misses>
				<total>43</total>
				<timestamp>1875.244768</timestamp>
			</report>
			<report>
				<misses>6705001</misses>
				<total>43</total>
				<timestamp>1875.524521</timestamp>
			</report>
			<report>
				<misses>6706001</misses>
				<total>43</total>
				<timestamp>1875.804183</timestamp>
			</report>
			<report>
				<misses>6707001</misses>
				<total>43</total>
				<timestamp>1876.083909</timestamp>
			</report>
			<report>
				<misses>6708001</misses>
				<total>43</total>
				<timestamp>1876.363625</timestamp>
			</report>
			<report>
				<misses>6709001</misses>
				<total>43</total>
				<timestamp>1876.643379</timestamp>
			</report>
			<report>
				<misses>6710001</misses>
				<total>43</total>
				<timestamp>1876.923079</timestamp>
			</report>
			<report>
				<misses>6711001</misses>
				<total>43</total>
				<timestamp>1877.202794</timestamp>
			</report>
			<report>
				<misses>6712001</misses>
				<total>43</total>
				<timestamp>1877.482501</timestamp>
			</report>
			<report>
				<misses>6713001</misses>
				<total>43</total>
				<timestamp>1877.762227</timestamp>
			</report>
			<report>
				<misses>6714001</misses>
				<total>43</total>
				<timestamp>1878.041941</timestamp>
			</report>
			<report>
				<misses>6715001</misses>
				<total>43</total>
				<timestamp>1878.321693</timestamp>
			</report>
			<report>
				<misses>6716001</misses>
				<total>43</total>
				<timestamp>1878.601453</timestamp>
			</report>
			<report>
				<misses>6717001</misses>
				<total>43</total>
				<timestamp>1878.881076</timestamp>
			</report>
			<report>
				<misses>6718001</misses>
				<total>43</total>
				<timestamp>1879.160830</timestamp>
			</report>
			<report>
				<misses>6719001</misses>
				<total>43</total>
				<timestamp>1879.440591</timestamp>
			</report>
			<report>
				<misses>6720001</misses>
				<total>43</total>
				<timestamp>1879.720267</timestamp>
			</report>
			<report>
				<misses>6721001</misses>
				<total>43</total>
				<timestamp>1879.999988</timestamp>
			</report>
			<report>
				<misses>6722001</misses>
				<total>43</total>
				<timestamp>1880.279693</timestamp>
			</report>
			<report>
				<misses>6723001</misses>
				<total>43</total>
				<timestamp>1880.559446</timestamp>
			</report>
			<report>
				<misses>6724001</misses>
				<total>43</total>
				<timestamp>1880.839180</timestamp>
			</report>
			<report>
				<misses>6725001</misses>
				<total>43</total>
				<timestamp>1881.118866</timestamp>
			</report>
			<report>
				<misses>6726001</misses>
				<total>43</total>
				<timestamp>1881.398603</timestamp>
			</report>
			<report>
				<misses>6727001</misses>
				<total>43</total>
				<timestamp>1881.678287</timestamp>
			</report>
			<report>
				<misses>6728001</misses>
				<total>43</total>
				<timestamp>1881.957996</timestamp>
			</report>
			<report>
				<misses>6729001</misses>
				<total>43</total>
				<timestamp>1882.237777</timestamp>
			</report>
			<report>
				<misses>6730001</misses>
				<total>43</total>
				<timestamp>1882.517461</timestamp>
			</report>
			<report>
				<misses>6731001</misses>
				<total>43</total>
				<timestamp>1882.797179</timestamp>
			</report>
			<report>
				<misses>6732001</misses>
				<total>43</total>
				<timestamp>1883.076898</timestamp>
			</report>
			<report>
				<misses>6733001</misses>
				<total>43</total>
				<timestamp>1883.356632</timestamp>
			</report>
			<report>
				<misses>6734001</misses>
				<total>43</total>
				<timestamp>1883.636336</timestamp>
			</report>
			<report>
				<misses>6735001</misses>
				<total>43</total>
				<timestamp>1883.916047</timestamp>
			</report>
			<report>
				<misses>6736001</misses>
				<total>43</total>
				<timestamp>1884.195798</timestamp>
			</report>
			<report>
				<misses>6737001</misses>
				<total>43</total>
				<timestamp>1884.475487</timestamp>
			</report>
			<report>
				<misses>6738001</misses>
				<total>43</total>
				<timestamp>1884.755208</timestamp>
			</report>
			<report>
				<misses>6739001</misses>
				<total>43</total>
				<timestamp>1885.034930</timestamp>
			</report>
			<report>
				<misses>6740001</misses>
				<total>43</total>
				<timestamp>1885.314656</timestamp>
			</report>
			<report>
				<misses>6741001</misses>
				<total>43</total>
				<timestamp>1885.594399</timestamp>
			</report>
			<report>
				<misses>6742001</misses>
				<total>43</total>
				<timestamp>1885.874075</timestamp>
			</report>
			<report>
				<misses>6743001</misses>
				<total>43</total>
				<timestamp>1886.153879</timestamp>
			</report>
			<report>
				<misses>6744001</misses>
				<total>43</total>
				<timestamp>1886.433544</timestamp>
			</report>
			<report>
				<misses>6745001</misses>
				<total>43</total>
				<timestamp>1886.713261</timestamp>
			</report>
			<report>
				<misses>6746001</misses>
				<total>43</total>
				<timestamp>1886.992976</timestamp>
			</report>
			<report>
				<misses>6747001</misses>
				<total>43</total>
				<timestamp>1887.272712</timestamp>
			</report>
			<report>
				<misses>6748001</misses>
				<total>43</total>
				<timestamp>1887.552405</timestamp>
			</report>
			<report>
				<misses>6749001</misses>
				<total>43</total>
				<timestamp>1887.832150</timestamp>
			</report>
			<report>
				<misses>6750001</misses>
				<total>43</total>
				<timestamp>1888.111893</timestamp>
			</report>
			<report>
				<misses>6751001</misses>
				<total>43</total>
				<timestamp>1888.391591</timestamp>
			</report>
			<report>
				<misses>6752001</misses>
				<total>43</total>
				<timestamp>1888.671347</timestamp>
			</report>
			<report>
				<misses>6753001</misses>
				<total>43</total>
				<timestamp>1888.951036</timestamp>
			</report>
			<report>
				<misses>6754001</misses>
				<total>43</total>
				<timestamp>1889.230752</timestamp>
			</report>
			<report>
				<misses>6755001</misses>
				<total>43</total>
				<timestamp>1889.510445</timestamp>
			</report>
			<report>
				<misses>6756001</misses>
				<total>43</total>
				<timestamp>1889.790159</timestamp>
			</report>
			<report>
				<misses>6757001</misses>
				<total>43</total>
				<timestamp>1890.069884</timestamp>
			</report>
			<report>
				<misses>6758001</misses>
				<total>43</total>
				<timestamp>1890.349640</timestamp>
			</report>
			<report>
				<misses>6759001</misses>
				<total>43</total>
				<timestamp>1890.629327</timestamp>
			</report>
			<report>
				<misses>6760001</misses>
				<total>43</total>
				<timestamp>1890.909046</timestamp>
			</report>
			<report>
				<misses>6761001</misses>
				<total>43</total>
				<timestamp>1891.188776</timestamp>
			</report>
			<report>
				<misses>6762001</misses>
				<total>43</total>
				<timestamp>1891.468546</timestamp>
			</report>
			<report>
				<misses>6763001</misses>
				<total>43</total>
				<timestamp>1891.748216</timestamp>
			</report>
			<report>
				<misses>6764001</misses>
				<total>43</total>
				<timestamp>1892.027939</timestamp>
			</report>
			<report>
				<misses>6765001</misses>
				<total>43</total>
				<timestamp>1892.307670</timestamp>
			</report>
			<report>
				<misses>6766001</misses>
				<total>43</total>
				<timestamp>1892.587453</timestamp>
			</report>
			<report>
				<misses>6767001</misses>
				<total>43</total>
				<timestamp>1892.867089</timestamp>
			</report>
			<report>
				<misses>6768001</misses>
				<total>43</total>
				<timestamp>1893.146800</timestamp>
			</report>
			<report>
				<misses>6769001</misses>
				<total>43</total>
				<timestamp>1893.426589</timestamp>
			</report>
			<report>
				<misses>6770001</misses>
				<total>43</total>
				<timestamp>1893.706300</timestamp>
			</report>
			<report>
				<misses>6771001</misses>
				<total>43</total>
				<timestamp>1893.985983</timestamp>
			</report>
			<report>
				<misses>6772001</misses>
				<total>43</total>
				<timestamp>1894.265715</timestamp>
			</report>
			<report>
				<misses>6773001</misses>
				<total>43</total>
				<timestamp>1894.545413</timestamp>
			</report>
			<report>
				<misses>6774001</misses>
				<total>43</total>
				<timestamp>1894.825128</timestamp>
			</report>
			<report>
				<misses>6775001</misses>
				<total>43</total>
				<timestamp>1895.104874</timestamp>
			</report>
			<report>
				<misses>6776001</misses>
				<total>43</total>
				<timestamp>1895.384579</timestamp>
			</report>
			<report>
				<misses>6777001</misses>
				<total>43</total>
				<timestamp>1895.664282</timestamp>
			</report>
			<report>
				<misses>6778001</misses>
				<total>43</total>
				<timestamp>1895.944009</timestamp>
			</report>
			<report>
				<misses>6779001</misses>
				<total>43</total>
				<timestamp>1896.223738</timestamp>
			</report>
			<report>
				<misses>6780001</misses>
				<total>43</total>
				<timestamp>1896.503450</timestamp>
			</report>
			<report>
				<misses>6781001</misses>
				<total>43</total>
				<timestamp>1896.783170</timestamp>
			</report>
			<report>
				<misses>6782001</misses>
				<total>43</total>
				<timestamp>1897.062944</timestamp>
			</report>
			<report>
				<misses>6783001</misses>
				<total>43</total>
				<timestamp>1897.342641</timestamp>
			</report>
			<report>
				<misses>6784001</misses>
				<total>43</total>
				<timestamp>1897.622348</timestamp>
			</report>
			<report>
				<misses>6785001</misses>
				<total>43</total>
				<timestamp>1897.902049</timestamp>
			</report>
			<report>
				<misses>6786001</misses>
				<total>43</total>
				<timestamp>1898.181784</timestamp>
			</report>
			<report>
				<misses>6787001</misses>
				<total>43</total>
				<timestamp>1898.461551</timestamp>
			</report>
			<report>
				<misses>6788001</misses>
				<total>43</total>
				<timestamp>1898.741211</timestamp>
			</report>
			<report>
				<misses>6789001</misses>
				<total>43</total>
				<timestamp>1899.020923</timestamp>
			</report>
			<report>
				<misses>6790001</misses>
				<total>43</total>
				<timestamp>1899.300665</timestamp>
			</report>
			<report>
				<misses>6791001</misses>
				<total>43</total>
				<timestamp>1899.580363</timestamp>
			</report>
			<report>
				<misses>6792001</misses>
				<total>43</total>
				<timestamp>1899.860109</timestamp>
			</report>
			<report>
				<misses>6793001</misses>
				<total>43</total>
				<timestamp>1900.139813</timestamp>
			</report>
			<report>
				<misses>6794001</misses>
				<total>43</total>
				<timestamp>1900.419539</timestamp>
			</report>
			<report>
				<misses>6795001</misses>
				<total>43</total>
				<timestamp>1900.699314</timestamp>
			</report>
			<report>
				<misses>6796001</misses>
				<total>43</total>
				<timestamp>1900.978979</timestamp>
			</report>
			<report>
				<misses>6797001</misses>
				<total>43</total>
				<timestamp>1901.258699</timestamp>
			</report>
			<report>
				<misses>6798001</misses>
				<total>43</total>
				<timestamp>1901.538424</timestamp>
			</report>
			<report>
				<misses>6799001</misses>
				<total>43</total>
				<timestamp>1901.818144</timestamp>
			</report>
			<report>
				<misses>6800001</misses>
				<total>43</total>
				<timestamp>1902.097865</timestamp>
			</report>
			<report>
				<misses>6801001</misses>
				<total>43</total>
				<timestamp>1902.377624</timestamp>
			</report>
			<report>
				<misses>6802001</misses>
				<total>43</total>
				<timestamp>1902.657316</timestamp>
			</report>
			<report>
				<misses>6803001</misses>
				<total>43</total>
				<timestamp>1902.937045</timestamp>
			</report>
			<report>
				<misses>6804001</misses>
				<total>43</total>
				<timestamp>1903.216761</timestamp>
			</report>
			<report>
				<misses>6805001</misses>
				<total>43</total>
				<timestamp>1903.496477</timestamp>
			</report>
			<report>
				<misses>6806001</misses>
				<total>43</total>
				<timestamp>1903.776226</timestamp>
			</report>
			<report>
				<misses>6807001</misses>
				<total>43</total>
				<timestamp>1904.055876</timestamp>
			</report>
			<report>
				<misses>6808001</misses>
				<total>43</total>
				<timestamp>1904.335633</timestamp>
			</report>
			<report>
				<misses>6809001</misses>
				<total>43</total>
				<timestamp>1904.615326</timestamp>
			</report>
			<report>
				<misses>6810001</misses>
				<total>43</total>
				<timestamp>1904.895093</timestamp>
			</report>
			<report>
				<misses>6811001</misses>
				<total>43</total>
				<timestamp>1905.174813</timestamp>
			</report>
			<report>
				<misses>6812001</misses>
				<total>43</total>
				<timestamp>1905.454515</timestamp>
			</report>
			<report>
				<misses>6813001</misses>
				<total>43</total>
				<timestamp>1905.734259</timestamp>
			</report>
			<report>
				<misses>6814001</misses>
				<total>43</total>
				<timestamp>1906.013920</timestamp>
			</report>
			<report>
				<misses>6815001</misses>
				<total>43</total>
				<timestamp>1906.293726</timestamp>
			</report>
			<report>
				<misses>6816001</misses>
				<total>43</total>
				<timestamp>1906.573379</timestamp>
			</report>
			<report>
				<misses>6817001</misses>
				<total>43</total>
				<timestamp>1906.853111</timestamp>
			</report>
			<report>
				<misses>6818001</misses>
				<total>43</total>
				<timestamp>1907.132854</timestamp>
			</report>
			<report>
				<misses>6819001</misses>
				<total>43</total>
				<timestamp>1907.412603</timestamp>
			</report>
			<report>
				<misses>6820001</misses>
				<total>43</total>
				<timestamp>1907.692335</timestamp>
			</report>
			<report>
				<misses>6821001</misses>
				<total>43</total>
				<timestamp>1907.971989</timestamp>
			</report>
			<report>
				<misses>6822001</misses>
				<total>43</total>
				<timestamp>1908.251722</timestamp>
			</report>
			<report>
				<misses>6823001</misses>
				<total>43</total>
				<timestamp>1908.531463</timestamp>
			</report>
			<report>
				<misses>6824001</misses>
				<total>43</total>
				<timestamp>1908.811127</timestamp>
			</report>
			<report>
				<misses>6825001</misses>
				<total>43</total>
				<timestamp>1909.090846</timestamp>
			</report>
			<report>
				<misses>6826001</misses>
				<total>43</total>
				<timestamp>1909.370610</timestamp>
			</report>
			<report>
				<misses>6827001</misses>
				<total>43</total>
				<timestamp>1909.650331</timestamp>
			</report>
			<report>
				<misses>6828001</misses>
				<total>43</total>
				<timestamp>1909.930000</timestamp>
			</report>
			<report>
				<misses>6829001</misses>
				<total>43</total>
				<timestamp>1910.209744</timestamp>
			</report>
			<report>
				<misses>6830001</misses>
				<total>43</total>
				<timestamp>1910.489483</timestamp>
			</report>
			<report>
				<misses>6831001</misses>
				<total>43</total>
				<timestamp>1910.769202</timestamp>
			</report>
			<report>
				<misses>6832001</misses>
				<total>43</total>
				<timestamp>1911.048894</timestamp>
			</report>
			<report>
				<misses>6833001</misses>
				<total>43</total>
				<timestamp>1911.328612</timestamp>
			</report>
			<report>
				<misses>6834001</misses>
				<total>43</total>
				<timestamp>1911.608384</timestamp>
			</report>
			<report>
				<misses>6835001</misses>
				<total>43</total>
				<timestamp>1911.888046</timestamp>
			</report>
			<report>
				<misses>6836001</misses>
				<total>43</total>
				<timestamp>1912.167779</timestamp>
			</report>
			<report>
				<misses>6837001</misses>
				<total>43</total>
				<timestamp>1912.447487</timestamp>
			</report>
			<report>
				<misses>6838001</misses>
				<total>43</total>
				<timestamp>1912.727275</timestamp>
			</report>
			<report>
				<misses>6839001</misses>
				<total>43</total>
				<timestamp>1913.006934</timestamp>
			</report>
			<report>
				<misses>6840001</misses>
				<total>43</total>
				<timestamp>1913.286661</timestamp>
			</report>
			<report>
				<misses>6841001</misses>
				<total>43</total>
				<timestamp>1913.566389</timestamp>
			</report>
			<report>
				<misses>6842001</misses>
				<total>43</total>
				<timestamp>1913.846100</timestamp>
			</report>
			<report>
				<misses>6843001</misses>
				<total>43</total>
				<timestamp>1914.125869</timestamp>
			</report>
			<report>
				<misses>6844001</misses>
				<total>43</total>
				<timestamp>1914.405582</timestamp>
			</report>
			<report>
				<misses>6845001</misses>
				<total>43</total>
				<timestamp>1914.685263</timestamp>
			</report>
			<report>
				<misses>6846001</misses>
				<total>43</total>
				<timestamp>1914.964970</timestamp>
			</report>
			<report>
				<misses>6847001</misses>
				<total>43</total>
				<timestamp>1915.244748</timestamp>
			</report>
			<report>
				<misses>6848001</misses>
				<total>43</total>
				<timestamp>1915.524440</timestamp>
			</report>
			<report>
				<misses>6849001</misses>
				<total>43</total>
				<timestamp>1915.804131</timestamp>
			</report>
			<report>
				<misses>6850001</misses>
				<total>43</total>
				<timestamp>1916.083840</timestamp>
			</report>
			<report>
				<misses>6851001</misses>
				<total>43</total>
				<timestamp>1916.363585</timestamp>
			</report>
			<report>
				<misses>6852001</misses>
				<total>43</total>
				<timestamp>1916.643321</timestamp>
			</report>
			<report>
				<misses>6853001</misses>
				<total>43</total>
				<timestamp>1916.923025</timestamp>
			</report>
			<report>
				<misses>6854001</misses>
				<total>43</total>
				<timestamp>1917.202737</timestamp>
			</report>
			<report>
				<misses>6855001</misses>
				<total>43</total>
				<timestamp>1917.482468</timestamp>
			</report>
			<report>
				<misses>6856001</misses>
				<total>43</total>
				<timestamp>1917.762190</timestamp>
			</report>
			<report>
				<misses>6857001</misses>
				<total>43</total>
				<timestamp>1918.041882</timestamp>
			</report>
			<report>
				<misses>6858001</misses>
				<total>43</total>
				<timestamp>1918.321622</timestamp>
			</report>
			<report>
				<misses>6859001</misses>
				<total>43</total>
				<timestamp>1918.601379</timestamp>
			</report>
			<report>
				<misses>6860001</misses>
				<total>43</total>
				<timestamp>1918.881042</timestamp>
			</report>
			<report>
				<misses>6861001</misses>
				<total>43</total>
				<timestamp>1919.160792</timestamp>
			</report>
			<report>
				<misses>6862001</misses>
				<total>43</total>
				<timestamp>1919.440504</timestamp>
			</report>
			<report>
				<misses>6863001</misses>
				<total>43</total>
				<timestamp>1919.720264</timestamp>
			</report>
			<report>
				<misses>6864001</misses>
				<total>43</total>
				<timestamp>1919.999949</timestamp>
			</report>
			<report>
				<misses>6865001</misses>
				<total>43</total>
				<timestamp>1920.279654</timestamp>
			</report>
			<report>
				<misses>6866001</misses>
				<total>43</total>
				<timestamp>1920.559383</timestamp>
			</report>
			<report>
				<misses>6867001</misses>
				<total>43</total>
				<timestamp>1920.839090</timestamp>
			</report>
			<report>
				<misses>6868001</misses>
				<total>43</total>
				<timestamp>1921.118807</timestamp>
			</report>
			<report>
				<misses>6869001</misses>
				<total>43</total>
				<timestamp>1921.398526</timestamp>
			</report>
			<report>
				<misses>6870001</misses>
				<total>43</total>
				<timestamp>1921.678275</timestamp>
			</report>
			<report>
				<misses>6871001</misses>
				<total>43</total>
				<timestamp>1921.957974</timestamp>
			</report>
			<report>
				<misses>6872001</misses>
				<total>43</total>
				<timestamp>1922.237685</timestamp>
			</report>
			<report>
				<misses>6873001</misses>
				<total>43</total>
				<timestamp>1922.517444</timestamp>
			</report>
			<report>
				<misses>6874001</misses>
				<total>43</total>
				<timestamp>1922.797211</timestamp>
			</report>
			<report>
				<misses>6875001</misses>
				<total>43</total>
				<timestamp>1923.076851</timestamp>
			</report>
			<report>
				<misses>6876001</misses>
				<total>43</total>
				<timestamp>1923.356599</timestamp>
			</report>
			<report>
				<misses>6877001</misses>
				<total>43</total>
				<timestamp>1923.636304</timestamp>
			</report>
			<report>
				<misses>6878001</misses>
				<total>43</total>
				<timestamp>1923.916019</timestamp>
			</report>
			<report>
				<misses>6879001</misses>
				<total>43</total>
				<timestamp>1924.195759</timestamp>
			</report>
			<report>
				<misses>6880001</misses>
				<total>43</total>
				<timestamp>1924.475482</timestamp>
			</report>
			<report>
				<misses>6881001</misses>
				<total>43</total>
				<timestamp>1924.755209</timestamp>
			</report>
			<report>
				<misses>6882001</misses>
				<total>43</total>
				<timestamp>1925.034890</timestamp>
			</report>
			<report>
				<misses>6883001</misses>
				<total>43</total>
				<timestamp>1925.314624</timestamp>
			</report>
			<report>
				<misses>6884001</misses>
				<total>43</total>
				<timestamp>1925.594377</timestamp>
			</report>
			<report>
				<misses>6885001</misses>
				<total>43</total>
				<timestamp>1925.874142</timestamp>
			</report>
			<report>
				<misses>6886001</misses>
				<total>43</total>
				<timestamp>1926.153773</timestamp>
			</report>
			<report>
				<misses>6887001</misses>
				<total>43</total>
				<timestamp>1926.433509</timestamp>
			</report>
			<report>
				<misses>6888001</misses>
				<total>43</total>
				<timestamp>1926.713210</timestamp>
			</report>
			<report>
				<misses>6889001</misses>
				<total>43</total>
				<timestamp>1926.992942</timestamp>
			</report>
			<report>
				<misses>6890001</misses>
				<total>43</total>
				<timestamp>1927.272673</timestamp>
			</report>
			<report>
				<misses>6891001</misses>
				<total>43</total>
				<timestamp>1927.552377</timestamp>
			</report>
			<report>
				<misses>6892001</misses>
				<total>43</total>
				<timestamp>1927.832149</timestamp>
			</report>
			<report>
				<misses>6893001</misses>
				<total>43</total>
				<timestamp>1928.111794</timestamp>
			</report>
			<report>
				<misses>6894001</misses>
				<total>43</total>
				<timestamp>1928.391533</timestamp>
			</report>
			<report>
				<misses>6895001</misses>
				<total>43</total>
				<timestamp>1928.671322</timestamp>
			</report>
			<report>
				<misses>6896001</misses>
				<total>43</total>
				<timestamp>1928.950966</timestamp>
			</report>
			<report>
				<misses>6897001</misses>
				<total>43</total>
				<timestamp>1929.230740</timestamp>
			</report>
			<report>
				<misses>6898001</misses>
				<total>43</total>
				<timestamp>1929.510455</timestamp>
			</report>
			<report>
				<misses>6899001</misses>
				<total>43</total>
				<timestamp>1929.790132</timestamp>
			</report>
			<report>
				<misses>6900001</misses>
				<total>43</total>
				<timestamp>1930.069847</timestamp>
			</report>
			<report>
				<misses>6901001</misses>
				<total>43</total>
				<timestamp>1930.349603</timestamp>
			</report>
			<report>
				<misses>6902001</misses>
				<total>43</total>
				<timestamp>1930.629320</timestamp>
			</report>
			<report>
				<misses>6903001</misses>
				<total>43</total>
				<timestamp>1930.909015</timestamp>
			</report>
			<report>
				<misses>6904001</misses>
				<total>43</total>
				<timestamp>1931.188743</timestamp>
			</report>
			<report>
				<misses>6905001</misses>
				<total>43</total>
				<timestamp>1931.468466</timestamp>
			</report>
			<report>
				<misses>6906001</misses>
				<total>43</total>
				<timestamp>1931.748170</timestamp>
			</report>
			<report>
				<misses>6907001</misses>
				<total>43</total>
				<timestamp>1932.027888</timestamp>
			</report>
			<report>
				<misses>6908001</misses>
				<total>43</total>
				<timestamp>1932.307608</timestamp>
			</report>
			<report>
				<misses>6909001</misses>
				<total>43</total>
				<timestamp>1932.587407</timestamp>
			</report>
			<report>
				<misses>6910001</misses>
				<total>43</total>
				<timestamp>1932.867068</timestamp>
			</report>
			<report>
				<misses>6911001</misses>
				<total>43</total>
				<timestamp>1933.146792</timestamp>
			</report>
			<report>
				<misses>6912001</misses>
				<total>43</total>
				<timestamp>1933.426486</timestamp>
			</report>
			<report>
				<misses>6913001</misses>
				<total>43</total>
				<timestamp>1933.706261</timestamp>
			</report>
			<report>
				<misses>6914001</misses>
				<total>43</total>
				<timestamp>1933.985940</timestamp>
			</report>
			<report>
				<misses>6915001</misses>
				<total>43</total>
				<timestamp>1934.265675</timestamp>
			</report>
			<report>
				<misses>6916001</misses>
				<total>43</total>
				<timestamp>1934.545404</timestamp>
			</report>
			<report>
				<misses>6917001</misses>
				<total>43</total>
				<timestamp>1934.825131</timestamp>
			</report>
			<report>
				<misses>6918001</misses>
				<total>43</total>
				<timestamp>1935.104830</timestamp>
			</report>
			<report>
				<misses>6919001</misses>
				<total>43</total>
				<timestamp>1935.384541</timestamp>
			</report>
			<report>
				<misses>6920001</misses>
				<total>43</total>
				<timestamp>1935.664246</timestamp>
			</report>
			<report>
				<misses>6921001</misses>
				<total>43</total>
				<timestamp>1935.943975</timestamp>
			</report>
			<report>
				<misses>6922001</misses>
				<total>43</total>
				<timestamp>1936.223728</timestamp>
			</report>
			<report>
				<misses>6923001</misses>
				<total>43</total>
				<timestamp>1936.503448</timestamp>
			</report>
			<report>
				<misses>6924001</misses>
				<total>43</total>
				<timestamp>1936.783187</timestamp>
			</report>
			<report>
				<misses>6925001</misses>
				<total>43</total>
				<timestamp>1937.062858</timestamp>
			</report>
			<report>
				<misses>6926001</misses>
				<total>43</total>
				<timestamp>1937.342571</timestamp>
			</report>
			<report>
				<misses>6927001</misses>
				<total>43</total>
				<timestamp>1937.622316</timestamp>
			</report>
			<report>
				<misses>6928001</misses>
				<total>43</total>
				<timestamp>1937.902054</timestamp>
			</report>
			<report>
				<misses>6929001</misses>
				<total>43</total>
				<timestamp>1938.181816</timestamp>
			</report>
			<report>
				<misses>6930001</misses>
				<total>43</total>
				<timestamp>1938.461453</timestamp>
			</report>
			<report>
				<misses>6931001</misses>
				<total>43</total>
				<timestamp>1938.741189</timestamp>
			</report>
			<report>
				<misses>6932001</misses>
				<total>43</total>
				<timestamp>1939.020904</timestamp>
			</report>
			<report>
				<misses>6933001</misses>
				<total>43</total>
				<timestamp>1939.300647</timestamp>
			</report>
			<report>
				<misses>6934001</misses>
				<total>43</total>
				<timestamp>1939.580356</timestamp>
			</report>
			<report>
				<misses>6935001</misses>
				<total>43</total>
				<timestamp>1939.860093</timestamp>
			</report>
			<report>
				<misses>6936001</misses>
				<total>43</total>
				<timestamp>1940.139782</timestamp>
			</report>
			<report>
				<misses>6937001</misses>
				<total>43</total>
				<timestamp>1940.419492</timestamp>
			</report>
			<report>
				<misses>6938001</misses>
				<total>43</total>
				<timestamp>1940.699271</timestamp>
			</report>
			<report>
				<misses>6939001</misses>
				<total>43</total>
				<timestamp>1940.978969</timestamp>
			</report>
			<report>
				<misses>6940001</misses>
				<total>43</total>
				<timestamp>1941.258662</timestamp>
			</report>
			<report>
				<misses>6941001</misses>
				<total>43</total>
				<timestamp>1941.538383</timestamp>
			</report>
			<report>
				<misses>6942001</misses>
				<total>43</total>
				<timestamp>1941.818150</timestamp>
			</report>
			<report>
				<misses>6943001</misses>
				<total>43</total>
				<timestamp>1942.097855</timestamp>
			</report>
			<report>
				<misses>6944001</misses>
				<total>43</total>
				<timestamp>1942.377556</timestamp>
			</report>
			<report>
				<misses>6945001</misses>
				<total>43</total>
				<timestamp>1942.657254</timestamp>
			</report>
			<report>
				<misses>6946001</misses>
				<total>43</total>
				<timestamp>1942.936977</timestamp>
			</report>
			<report>
				<misses>6947001</misses>
				<total>43</total>
				<timestamp>1943.216704</timestamp>
			</report>
			<report>
				<misses>6948001</misses>
				<total>43</total>
				<timestamp>1943.496408</timestamp>
			</report>
			<report>
				<misses>6949001</misses>
				<total>43</total>
				<timestamp>1943.776177</timestamp>
			</report>
			<report>
				<misses>6950001</misses>
				<total>43</total>
				<timestamp>1944.055869</timestamp>
			</report>
			<report>
				<misses>6951001</misses>
				<total>43</total>
				<timestamp>1944.335614</timestamp>
			</report>
			<report>
				<misses>6952001</misses>
				<total>43</total>
				<timestamp>1944.615293</timestamp>
			</report>
			<report>
				<misses>6953001</misses>
				<total>43</total>
				<timestamp>1944.895050</timestamp>
			</report>
			<report>
				<misses>6954001</misses>
				<total>43</total>
				<timestamp>1945.174749</timestamp>
			</report>
			<report>
				<misses>6955001</misses>
				<total>43</total>
				<timestamp>1945.454439</timestamp>
			</report>
			<report>
				<misses>6956001</misses>
				<total>43</total>
				<timestamp>1945.734186</timestamp>
			</report>
			<report>
				<misses>6957001</misses>
				<total>43</total>
				<timestamp>1946.013923</timestamp>
			</report>
			<report>
				<misses>6958001</misses>
				<total>43</total>
				<timestamp>1946.293610</timestamp>
			</report>
			<report>
				<misses>6959001</misses>
				<total>43</total>
				<timestamp>1946.573392</timestamp>
			</report>
			<report>
				<misses>6960001</misses>
				<total>43</total>
				<timestamp>1946.853079</timestamp>
			</report>
			<report>
				<misses>6961001</misses>
				<total>43</total>
				<timestamp>1947.132792</timestamp>
			</report>
			<report>
				<misses>6962001</misses>
				<total>43</total>
				<timestamp>1947.412490</timestamp>
			</report>
			<report>
				<misses>6963001</misses>
				<total>43</total>
				<timestamp>1947.692243</timestamp>
			</report>
			<report>
				<misses>6964001</misses>
				<total>43</total>
				<timestamp>1947.971941</timestamp>
			</report>
			<report>
				<misses>6965001</misses>
				<total>43</total>
				<timestamp>1948.251654</timestamp>
			</report>
			<report>
				<misses>6966001</misses>
				<total>43</total>
				<timestamp>1948.531379</timestamp>
			</report>
			<report>
				<misses>6967001</misses>
				<total>43</total>
				<timestamp>1948.811106</timestamp>
			</report>
			<report>
				<misses>6968001</misses>
				<total>43</total>
				<timestamp>1949.090823</timestamp>
			</report>
			<report>
				<misses>6969001</misses>
				<total>43</total>
				<timestamp>1949.370587</timestamp>
			</report>
			<report>
				<misses>6970001</misses>
				<total>43</total>
				<timestamp>1949.650303</timestamp>
			</report>
			<report>
				<misses>6971001</misses>
				<total>43</total>
				<timestamp>1949.930008</timestamp>
			</report>
			<report>
				<misses>6972001</misses>
				<total>43</total>
				<timestamp>1950.209708</timestamp>
			</report>
			<report>
				<misses>6973001</misses>
				<total>43</total>
				<timestamp>1950.489414</timestamp>
			</report>
			<report>
				<misses>6974001</misses>
				<total>43</total>
				<timestamp>1950.769161</timestamp>
			</report>
			<report>
				<misses>6975001</misses>
				<total>43</total>
				<timestamp>1951.048885</timestamp>
			</report>
			<report>
				<misses>6976001</misses>
				<total>43</total>
				<timestamp>1951.328570</timestamp>
			</report>
			<report>
				<misses>6977001</misses>
				<total>43</total>
				<timestamp>1951.608352</timestamp>
			</report>
			<report>
				<misses>6978001</misses>
				<total>43</total>
				<timestamp>1951.888091</timestamp>
			</report>
			<report>
				<misses>6979001</misses>
				<total>43</total>
				<timestamp>1952.167746</timestamp>
			</report>
			<report>
				<misses>6980001</misses>
				<total>43</total>
				<timestamp>1952.447449</timestamp>
			</report>
			<report>
				<misses>6981001</misses>
				<total>43</total>
				<timestamp>1952.727208</timestamp>
			</report>
			<report>
				<misses>6982001</misses>
				<total>43</total>
				<timestamp>1953.006913</timestamp>
			</report>
			<report>
				<misses>6983001</misses>
				<total>43</total>
				<timestamp>1953.286611</timestamp>
			</report>
			<report>
				<misses>6984001</misses>
				<total>43</total>
				<timestamp>1953.566349</timestamp>
			</report>
			<report>
				<misses>6985001</misses>
				<total>43</total>
				<timestamp>1953.846077</timestamp>
			</report>
			<report>
				<misses>6986001</misses>
				<total>43</total>
				<timestamp>1954.125802</timestamp>
			</report>
			<report>
				<misses>6987001</misses>
				<total>43</total>
				<timestamp>1954.405490</timestamp>
			</report>
			<report>
				<misses>6988001</misses>
				<total>43</total>
				<timestamp>1954.685209</timestamp>
			</report>
			<report>
				<misses>6989001</misses>
				<total>43</total>
				<timestamp>1954.965042</timestamp>
			</report>
			<report>
				<misses>6990001</misses>
				<total>43</total>
				<timestamp>1955.244698</timestamp>
			</report>
			<report>
				<misses>6991001</misses>
				<total>43</total>
				<timestamp>1955.524366</timestamp>
			</report>
			<report>
				<misses>6992001</misses>
				<total>43</total>
				<timestamp>1955.804126</timestamp>
			</report>
			<report>
				<misses>6993001</misses>
				<total>43</total>
				<timestamp>1956.083802</timestamp>
			</report>
			<report>
				<misses>6994001</misses>
				<total>43</total>
				<timestamp>1956.363535</timestamp>
			</report>
			<report>
				<misses>6995001</misses>
				<total>43</total>
				<timestamp>1956.643277</timestamp>
			</report>
			<report>
				<misses>6996001</misses>
				<total>43</total>
				<timestamp>1956.922962</timestamp>
			</report>
			<report>
				<misses>6997001</misses>
				<total>43</total>
				<timestamp>1957.202683</timestamp>
			</report>
			<report>
				<misses>6998001</misses>
				<total>43</total>
				<timestamp>1957.482429</timestamp>
			</report>
			<report>
				<misses>6999001</misses>
				<total>43</total>
				<timestamp>1957.762155</timestamp>
			</report>
			<report>
				<misses>7000001</misses>
				<total>43</total>
				<timestamp>1958.041837</timestamp>
			</report>
			<report>
				<misses>7001001</misses>
				<total>43</total>
				<timestamp>1958.321570</timestamp>
			</report>
			<report>
				<misses>7002001</misses>
				<total>43</total>
				<timestamp>1958.601305</timestamp>
			</report>
			<report>
				<misses>7003001</misses>
				<total>43</total>
				<timestamp>1958.881042</timestamp>
			</report>
			<report>
				<misses>7004001</misses>
				<total>43</total>
				<timestamp>1959.160741</timestamp>
			</report>
			<report>
				<misses>7005001</misses>
				<total>43</total>
				<timestamp>1959.440456</timestamp>
			</report>
			<report>
				<misses>7006001</misses>
				<total>43</total>
				<timestamp>1959.720174</timestamp>
			</report>
			<report>
				<misses>7007001</misses>
				<total>43</total>
				<timestamp>1959.999889</timestamp>
			</report>
			<report>
				<misses>7008001</misses>
				<total>43</total>
				<timestamp>1960.279662</timestamp>
			</report>
			<report>
				<misses>7009001</misses>
				<total>43</total>
				<timestamp>1960.559334</timestamp>
			</report>
			<report>
				<misses>7010001</misses>
				<total>43</total>
				<timestamp>1960.839100</timestamp>
			</report>
			<report>
				<misses>7011001</misses>
				<total>43</total>
				<timestamp>1961.118804</timestamp>
			</report>
			<report>
				<misses>7012001</misses>
				<total>43</total>
				<timestamp>1961.398488</timestamp>
			</report>
			<report>
				<misses>7013001</misses>
				<total>43</total>
				<timestamp>1961.678223</timestamp>
			</report>
			<report>
				<misses>7014001</misses>
				<total>43</total>
				<timestamp>1961.958021</timestamp>
			</report>
			<report>
				<misses>7015001</misses>
				<total>43</total>
				<timestamp>1962.237708</timestamp>
			</report>
			<report>
				<misses>7016001</misses>
				<total>43</total>
				<timestamp>1962.517383</timestamp>
			</report>
			<report>
				<misses>7017001</misses>
				<total>43</total>
				<timestamp>1962.797098</timestamp>
			</report>
			<report>
				<misses>7018001</misses>
				<total>43</total>
				<timestamp>1963.076805</timestamp>
			</report>
			<report>
				<misses>7019001</misses>
				<total>43</total>
				<timestamp>1963.356601</timestamp>
			</report>
			<report>
				<misses>7020001</misses>
				<total>43</total>
				<timestamp>1963.636259</timestamp>
			</report>
			<report>
				<misses>7021001</misses>
				<total>43</total>
				<timestamp>1963.916025</timestamp>
			</report>
			<report>
				<misses>7022001</misses>
				<total>43</total>
				<timestamp>1964.195718</timestamp>
			</report>
			<report>
				<misses>7023001</misses>
				<total>43</total>
				<timestamp>1964.475412</timestamp>
			</report>
			<report>
				<misses>7024001</misses>
				<total>43</total>
				<timestamp>1964.755203</timestamp>
			</report>
			<report>
				<misses>7025001</misses>
				<total>43</total>
				<timestamp>1965.034833</timestamp>
			</report>
			<report>
				<misses>7026001</misses>
				<total>43</total>
				<timestamp>1965.314566</timestamp>
			</report>
			<report>
				<misses>7027001</misses>
				<total>43</total>
				<timestamp>1965.594293</timestamp>
			</report>
			<report>
				<misses>7028001</misses>
				<total>43</total>
				<timestamp>1965.874008</timestamp>
			</report>
			<report>
				<misses>7029001</misses>
				<total>43</total>
				<timestamp>1966.153748</timestamp>
			</report>
			<report>
				<misses>7030001</misses>
				<total>43</total>
				<timestamp>1966.433506</timestamp>
			</report>
			<report>
				<misses>7031001</misses>
				<total>43</total>
				<timestamp>1966.713218</timestamp>
			</report>
			<report>
				<misses>7032001</misses>
				<total>43</total>
				<timestamp>1966.992882</timestamp>
			</report>
			<report>
				<misses>7033001</misses>
				<total>43</total>
				<timestamp>1967.272679</timestamp>
			</report>
			<report>
				<misses>7034001</misses>
				<total>43</total>
				<timestamp>1967.552345</timestamp>
			</report>
			<report>
				<misses>7035001</misses>
				<total>43</total>
				<timestamp>1967.832151</timestamp>
			</report>
			<report>
				<misses>7036001</misses>
				<total>43</total>
				<timestamp>1968.111761</timestamp>
			</report>
			<report>
				<misses>7037001</misses>
				<total>43</total>
				<timestamp>1968.391502</timestamp>
			</report>
			<report>
				<misses>7038001</misses>
				<total>43</total>
				<timestamp>1968.671243</timestamp>
			</report>
			<report>
				<misses>7039001</misses>
				<total>43</total>
				<timestamp>1968.950985</timestamp>
			</report>
			<report>
				<misses>7040001</misses>
				<total>43</total>
				<timestamp>1969.230670</timestamp>
			</report>
			<report>
				<misses>7041001</misses>
				<total>43</total>
				<timestamp>1969.510388</timestamp>
			</report>
			<report>
				<misses>7042001</misses>
				<total>43</total>
				<timestamp>1969.790089</timestamp>
			</report>
			<report>
				<misses>7043001</misses>
				<total>43</total>
				<timestamp>1970.069823</timestamp>
			</report>
			<report>
				<misses>7044001</misses>
				<total>43</total>
				<timestamp>1970.349525</timestamp>
			</report>
			<report>
				<misses>7045001</misses>
				<total>43</total>
				<timestamp>1970.629257</timestamp>
			</report>
			<report>
				<misses>7046001</misses>
				<total>43</total>
				<timestamp>1970.909005</timestamp>
			</report>
			<report>
				<misses>7047001</misses>
				<total>43</total>
				<timestamp>1971.188704</timestamp>
			</report>
			<report>
				<misses>7048001</misses>
				<total>43</total>
				<timestamp>1971.468427</timestamp>
			</report>
			<report>
				<misses>7049001</misses>
				<total>43</total>
				<timestamp>1971.748156</timestamp>
			</report>
			<report>
				<misses>7050001</misses>
				<total>43</total>
				<timestamp>1972.027866</timestamp>
			</report>
			<report>
				<misses>7051001</misses>
				<total>43</total>
				<timestamp>1972.307624</timestamp>
			</report>
			<report>
				<misses>7052001</misses>
				<total>43</total>
				<timestamp>1972.587291</timestamp>
			</report>
			<report>
				<misses>7053001</misses>
				<total>43</total>
				<timestamp>1972.867022</timestamp>
			</report>
			<report>
				<misses>7054001</misses>
				<total>43</total>
				<timestamp>1973.146739</timestamp>
			</report>
			<report>
				<misses>7055001</misses>
				<total>43</total>
				<timestamp>1973.426484</timestamp>
			</report>
			<report>
				<misses>7056001</misses>
				<total>43</total>
				<timestamp>1973.706208</timestamp>
			</report>
			<report>
				<misses>7057001</misses>
				<total>43</total>
				<timestamp>1973.985962</timestamp>
			</report>
			<report>
				<misses>7058001</misses>
				<total>43</total>
				<timestamp>1974.265662</timestamp>
			</report>
			<report>
				<misses>7059001</misses>
				<total>43</total>
				<timestamp>1974.545341</timestamp>
			</report>
			<report>
				<misses>7060001</misses>
				<total>43</total>
				<timestamp>1974.825131</timestamp>
			</report>
			<report>
				<misses>7061001</misses>
				<total>43</total>
				<timestamp>1975.104756</timestamp>
			</report>
			<report>
				<misses>7062001</misses>
				<total>43</total>
				<timestamp>1975.384477</timestamp>
			</report>
			<report>
				<misses>7063001</misses>
				<total>43</total>
				<timestamp>1975.664203</timestamp>
			</report>
			<report>
				<misses>7064001</misses>
				<total>43</total>
				<timestamp>1975.943956</timestamp>
			</report>
			<report>
				<misses>7065001</misses>
				<total>43</total>
				<timestamp>1976.223645</timestamp>
			</report>
			<report>
				<misses>7066001</misses>
				<total>43</total>
				<timestamp>1976.503390</timestamp>
			</report>
			<report>
				<misses>7067001</misses>
				<total>43</total>
				<timestamp>1976.783103</timestamp>
			</report>
			<report>
				<misses>7068001</misses>
				<total>43</total>
				<timestamp>1977.062876</timestamp>
			</report>
			<report>
				<misses>7069001</misses>
				<total>43</total>
				<timestamp>1977.342524</timestamp>
			</report>
			<report>
				<misses>7070001</misses>
				<total>43</total>
				<timestamp>1977.622262</timestamp>
			</report>
			<report>
				<misses>7071001</misses>
				<total>43</total>
				<timestamp>1977.902054</timestamp>
			</report>
			<report>
				<misses>7072001</misses>
				<total>43</total>
				<timestamp>1978.181695</timestamp>
			</report>
			<report>
				<misses>7073001</misses>
				<total>43</total>
				<timestamp>1978.461403</timestamp>
			</report>
			<report>
				<misses>7074001</misses>
				<total>43</total>
				<timestamp>1978.741149</timestamp>
			</report>
			<report>
				<misses>7075001</misses>
				<total>43</total>
				<timestamp>1979.020901</timestamp>
			</report>
			<report>
				<misses>7076001</misses>
				<total>43</total>
				<timestamp>1979.300582</timestamp>
			</report>
			<report>
				<misses>7077001</misses>
				<total>43</total>
				<timestamp>1979.580283</timestamp>
			</report>
			<report>
				<misses>7078001</misses>
				<total>43</total>
				<timestamp>1979.860032</timestamp>
			</report>
			<report>
				<misses>7079001</misses>
				<total>43</total>
				<timestamp>1980.139729</timestamp>
			</report>
			<report>
				<misses>7080001</misses>
				<total>43</total>
				<timestamp>1980.419496</timestamp>
			</report>
			<report>
				<misses>7081001</misses>
				<total>43</total>
				<timestamp>1980.699177</timestamp>
			</report>
			<report>
				<misses>7082001</misses>
				<total>43</total>
				<timestamp>1980.978891</timestamp>
			</report>
			<report>
				<misses>7083001</misses>
				<total>43</total>
				<timestamp>1981.258618</timestamp>
			</report>
			<report>
				<misses>7084001</misses>
				<total>43</total>
				<timestamp>1981.538349</timestamp>
			</report>
			<report>
				<misses>7085001</misses>
				<total>43</total>
				<timestamp>1981.818107</timestamp>
			</report>
			<report>
				<misses>7086001</misses>
				<total>43</total>
				<timestamp>1982.097759</timestamp>
			</report>
			<report>
				<misses>7087001</misses>
				<total>43</total>
				<timestamp>1982.377487</timestamp>
			</report>
			<report>
				<misses>7088001</misses>
				<total>43</total>
				<timestamp>1982.657249</timestamp>
			</report>
			<report>
				<misses>7089001</misses>
				<total>43</total>
				<timestamp>1982.936969</timestamp>
			</report>
			<report>
				<misses>7090001</misses>
				<total>43</total>
				<timestamp>1983.216657</timestamp>
			</report>
			<report>
				<misses>7091001</misses>
				<total>43</total>
				<timestamp>1983.496361</timestamp>
			</report>
			<report>
				<misses>7092001</misses>
				<total>43</total>
				<timestamp>1983.776128</timestamp>
			</report>
			<report>
				<misses>7093001</misses>
				<total>43</total>
				<timestamp>1984.055803</timestamp>
			</report>
			<report>
				<misses>7094001</misses>
				<total>43</total>
				<timestamp>1984.335528</timestamp>
			</report>
			<report>
				<misses>7095001</misses>
				<total>43</total>
				<timestamp>1984.615252</timestamp>
			</report>
			<report>
				<misses>7096001</misses>
				<total>43</total>
				<timestamp>1984.895014</timestamp>
			</report>
			<report>
				<misses>7097001</misses>
				<total>43</total>
				<timestamp>1985.174706</timestamp>
			</report>
			<report>
				<misses>7098001</misses>
				<total>43</total>
				<timestamp>1985.454425</timestamp>
			</report>
			<report>
				<misses>7099001</misses>
				<total>43</total>
				<timestamp>1985.734151</timestamp>
			</report>
			<report>
				<misses>7100001</misses>
				<total>43</total>
				<timestamp>1986.013891</timestamp>
			</report>
			<report>
				<misses>7101001</misses>
				<total>43</total>
				<timestamp>1986.293619</timestamp>
			</report>
			<report>
				<misses>7102001</misses>
				<total>43</total>
				<timestamp>1986.573285</timestamp>
			</report>
			<report>
				<misses>7103001</misses>
				<total>43</total>
				<timestamp>1986.853012</timestamp>
			</report>
			<report>
				<misses>7104001</misses>
				<total>43</total>
				<timestamp>1987.132832</timestamp>
			</report>
			<report>
				<misses>7105001</misses>
				<total>43</total>
				<timestamp>1987.412432</timestamp>
			</report>
			<report>
				<misses>7106001</misses>
				<total>43</total>
				<timestamp>1987.692179</timestamp>
			</report>
			<report>
				<misses>7107001</misses>
				<total>43</total>
				<timestamp>1987.971933</timestamp>
			</report>
			<report>
				<misses>7108001</misses>
				<total>43</total>
				<timestamp>1988.251612</timestamp>
			</report>
			<report>
				<misses>7109001</misses>
				<total>43</total>
				<timestamp>1988.531360</timestamp>
			</report>
			<report>
				<misses>7110001</misses>
				<total>43</total>
				<timestamp>1988.811132</timestamp>
			</report>
			<report>
				<misses>7111001</misses>
				<total>43</total>
				<timestamp>1989.090842</timestamp>
			</report>
			<report>
				<misses>7112001</misses>
				<total>43</total>
				<timestamp>1989.370482</timestamp>
			</report>
			<report>
				<misses>7113001</misses>
				<total>43</total>
				<timestamp>1989.650264</timestamp>
			</report>
			<report>
				<misses>7114001</misses>
				<total>43</total>
				<timestamp>1989.929970</timestamp>
			</report>
			<report>
				<misses>7115001</misses>
				<total>43</total>
				<timestamp>1990.209653</timestamp>
			</report>
			<report>
				<misses>7116001</misses>
				<total>43</total>
				<timestamp>1990.489402</timestamp>
			</report>
			<report>
				<misses>7117001</misses>
				<total>43</total>
				<timestamp>1990.769112</timestamp>
			</report>
			<report>
				<misses>7118001</misses>
				<total>43</total>
				<timestamp>1991.048874</timestamp>
			</report>
			<report>
				<misses>7119001</misses>
				<total>43</total>
				<timestamp>1991.328521</timestamp>
			</report>
			<report>
				<misses>7120001</misses>
				<total>43</total>
				<timestamp>1991.608273</timestamp>
			</report>
			<report>
				<misses>7121001</misses>
				<total>43</total>
				<timestamp>1991.887993</timestamp>
			</report>
			<report>
				<misses>7122001</misses>
				<total>43</total>
				<timestamp>1992.167685</timestamp>
			</report>
			<report>
				<misses>7123001</misses>
				<total>43</total>
				<timestamp>1992.447429</timestamp>
			</report>
			<report>
				<misses>7124001</misses>
				<total>43</total>
				<timestamp>1992.727135</timestamp>
			</report>
			<report>
				<misses>7125001</misses>
				<total>43</total>
				<timestamp>1993.006898</timestamp>
			</report>
			<report>
				<misses>7126001</misses>
				<total>43</total>
				<timestamp>1993.286610</timestamp>
			</report>
			<report>
				<misses>7127001</misses>
				<total>43</total>
				<timestamp>1993.566294</timestamp>
			</report>
			<report>
				<misses>7128001</misses>
				<total>43</total>
				<timestamp>1993.846076</timestamp>
			</report>
			<report>
				<misses>7129001</misses>
				<total>43</total>
				<timestamp>1994.125827</timestamp>
			</report>
			<report>
				<misses>7130001</misses>
				<total>43</total>
				<timestamp>1994.405461</timestamp>
			</report>
			<report>
				<misses>7131001</misses>
				<total>43</total>
				<timestamp>1994.685180</timestamp>
			</report>
			<report>
				<misses>7132001</misses>
				<total>43</total>
				<timestamp>1994.964967</timestamp>
			</report>
			<report>
				<misses>7133001</misses>
				<total>43</total>
				<timestamp>1995.244621</timestamp>
			</report>
			<report>
				<misses>7134001</misses>
				<total>43</total>
				<timestamp>1995.524382</timestamp>
			</report>
			<report>
				<misses>7135001</misses>
				<total>43</total>
				<timestamp>1995.804086</timestamp>
			</report>
			<report>
				<misses>7136001</misses>
				<total>43</total>
				<timestamp>1996.083854</timestamp>
			</report>
			<report>
				<misses>7137001</misses>
				<total>43</total>
				<timestamp>1996.363514</timestamp>
			</report>
			<report>
				<misses>7138001</misses>
				<total>43</total>
				<timestamp>1996.643205</timestamp>
			</report>
			<report>
				<misses>7139001</misses>
				<total>43</total>
				<timestamp>1996.922976</timestamp>
			</report>
			<report>
				<misses>7140001</misses>
				<total>43</total>
				<timestamp>1997.202651</timestamp>
			</report>
			<report>
				<misses>7141001</misses>
				<total>43</total>
				<timestamp>1997.482361</timestamp>
			</report>
			<report>
				<misses>7142001</misses>
				<total>43</total>
				<timestamp>1997.762091</timestamp>
			</report>
			<report>
				<misses>7143001</misses>
				<total>43</total>
				<timestamp>1998.041933</timestamp>
			</report>
			<report>
				<misses>7144001</misses>
				<total>43</total>
				<timestamp>1998.321554</timestamp>
			</report>
			<report>
				<misses>7145001</misses>
				<total>43</total>
				<timestamp>1998.601253</timestamp>
			</report>
			<report>
				<misses>7146001</misses>
				<total>43</total>
				<timestamp>1998.881021</timestamp>
			</report>
			<report>
				<misses>7147001</misses>
				<total>43</total>
				<timestamp>1999.160712</timestamp>
			</report>
			<report>
				<misses>7148001</misses>
				<total>43</total>
				<timestamp>1999.440409</timestamp>
			</report>
			<report>
				<misses>7149001</misses>
				<total>43</total>
				<timestamp>1999.720130</timestamp>
			</report>
			<report>
				<misses>7150001</misses>
				<total>43</total>
				<timestamp>1999.999954</timestamp>
			</report>
			<report>
				<misses>7151001</misses>
				<total>43</total>
				<timestamp>2000.279582</timestamp>
			</report>
			<report>
				<misses>7152001</misses>
				<total>43</total>
				<timestamp>2000.559349</timestamp>
			</report>
			<report>
				<misses>7153001</misses>
				<total>43</total>
				<timestamp>2000.839018</timestamp>
			</report>
			<report>
				<misses>7154001</misses>
				<total>43</total>
				<timestamp>2001.118801</timestamp>
			</report>
			<report>
				<misses>7155001</misses>
				<total>43</total>
				<timestamp>2001.398487</timestamp>
			</report>
			<report>
				<misses>7156001</misses>
				<total>43</total>
				<timestamp>2001.678162</timestamp>
			</report>
			<report>
				<misses>7157001</misses>
				<total>43</total>
				<timestamp>2001.957901</timestamp>
			</report>
			<report>
				<misses>7158001</misses>
				<total>43</total>
				<timestamp>2002.237605</timestamp>
			</report>
			<report>
				<misses>7159001</misses>
				<total>43</total>
				<timestamp>2002.517445</timestamp>
			</report>
			<report>
				<misses>7160001</misses>
				<total>43</total>
				<timestamp>2002.797089</timestamp>
			</report>
			<report>
				<misses>7161001</misses>
				<total>43</total>
				<timestamp>2003.076867</timestamp>
			</report>
			<report>
				<misses>7162001</misses>
				<total>43</total>
				<timestamp>2003.356492</timestamp>
			</report>
			<report>
				<misses>7163001</misses>
				<total>43</total>
				<timestamp>2003.636236</timestamp>
			</report>
			<report>
				<misses>7164001</misses>
				<total>43</total>
				<timestamp>2003.916035</timestamp>
			</report>
			<report>
				<misses>7165001</misses>
				<total>43</total>
				<timestamp>2004.195653</timestamp>
			</report>
			<report>
				<misses>7166001</misses>
				<total>43</total>
				<timestamp>2004.475380</timestamp>
			</report>
			<report>
				<misses>7167001</misses>
				<total>43</total>
				<timestamp>2004.755101</timestamp>
			</report>
			<report>
				<misses>7168001</misses>
				<total>43</total>
				<timestamp>2005.034897</timestamp>
			</report>
			<report>
				<misses>7169001</misses>
				<total>43</total>
				<timestamp>2005.314573</timestamp>
			</report>
			<report>
				<misses>7170001</misses>
				<total>43</total>
				<timestamp>2005.594248</timestamp>
			</report>
			<report>
				<misses>7171001</misses>
				<total>43</total>
				<timestamp>2005.874024</timestamp>
			</report>
			<report>
				<misses>7172001</misses>
				<total>43</total>
				<timestamp>2006.153695</timestamp>
			</report>
			<report>
				<misses>7173001</misses>
				<total>43</total>
				<timestamp>2006.433419</timestamp>
			</report>
			<report>
				<misses>7174001</misses>
				<total>43</total>
				<timestamp>2006.713178</timestamp>
			</report>
			<report>
				<misses>7175001</misses>
				<total>43</total>
				<timestamp>2006.992881</timestamp>
			</report>
			<report>
				<misses>7176001</misses>
				<total>43</total>
				<timestamp>2007.272627</timestamp>
			</report>
			<report>
				<misses>7177001</misses>
				<total>43</total>
				<timestamp>2007.552293</timestamp>
			</report>
			<report>
				<misses>7178001</misses>
				<total>43</total>
				<timestamp>2007.832007</timestamp>
			</report>
			<report>
				<misses>7179001</misses>
				<total>43</total>
				<timestamp>2008.111830</timestamp>
			</report>
			<report>
				<misses>7180001</misses>
				<total>43</total>
				<timestamp>2008.391448</timestamp>
			</report>
			<report>
				<misses>7181001</misses>
				<total>43</total>
				<timestamp>2008.671185</timestamp>
			</report>
			<report>
				<misses>7182001</misses>
				<total>43</total>
				<timestamp>2008.951020</timestamp>
			</report>
			<report>
				<misses>7183001</misses>
				<total>43</total>
				<timestamp>2009.230613</timestamp>
			</report>
			<report>
				<misses>7184001</misses>
				<total>43</total>
				<timestamp>2009.510339</timestamp>
			</report>
			<report>
				<misses>7185001</misses>
				<total>43</total>
				<timestamp>2009.790067</timestamp>
			</report>
			<report>
				<misses>7186001</misses>
				<total>43</total>
				<timestamp>2010.069769</timestamp>
			</report>
			<report>
				<misses>7187001</misses>
				<total>43</total>
				<timestamp>2010.349517</timestamp>
			</report>
			<report>
				<misses>7188001</misses>
				<total>43</total>
				<timestamp>2010.629224</timestamp>
			</report>
			<report>
				<misses>7189001</misses>
				<total>43</total>
				<timestamp>2010.908971</timestamp>
			</report>
			<report>
				<misses>7190001</misses>
				<total>43</total>
				<timestamp>2011.188656</timestamp>
			</report>
			<report>
				<misses>7191001</misses>
				<total>43</total>
				<timestamp>2011.468395</timestamp>
			</report>
			<report>
				<misses>7192001</misses>
				<total>43</total>
				<timestamp>2011.748108</timestamp>
			</report>
			<report>
				<misses>7193001</misses>
				<total>43</total>
				<timestamp>2012.027822</timestamp>
			</report>
			<report>
				<misses>7194001</misses>
				<total>43</total>
				<timestamp>2012.307534</timestamp>
			</report>
			<report>
				<misses>7195001</misses>
				<total>43</total>
				<timestamp>2012.587300</timestamp>
			</report>
			<report>
				<misses>7196001</misses>
				<total>43</total>
				<timestamp>2012.866980</timestamp>
			</report>
			<report>
				<misses>7197001</misses>
				<total>43</total>
				<timestamp>2013.146761</timestamp>
			</report>
			<report>
				<misses>7198001</misses>
				<total>43</total>
				<timestamp>2013.426419</timestamp>
			</report>
			<report>
				<misses>7199001</misses>
				<total>43</total>
				<timestamp>2013.706215</timestamp>
			</report>
			<report>
				<misses>7200001</misses>
				<total>43</total>
				<timestamp>2013.985885</timestamp>
			</report>
			<report>
				<misses>7201001</misses>
				<total>43</total>
				<timestamp>2014.265573</timestamp>
			</report>
			<report>
				<misses>7202001</misses>
				<total>43</total>
				<timestamp>2014.545333</timestamp>
			</report>
			<report>
				<misses>7203001</misses>
				<total>43</total>
				<timestamp>2014.825009</timestamp>
			</report>
			<report>
				<misses>7204001</misses>
				<total>43</total>
				<timestamp>2015.104772</timestamp>
			</report>
			<report>
				<misses>7205001</misses>
				<total>43</total>
				<timestamp>2015.384462</timestamp>
			</report>
			<report>
				<misses>7206001</misses>
				<total>43</total>
				<timestamp>2015.664189</timestamp>
			</report>
			<report>
				<misses>7207001</misses>
				<total>43</total>
				<timestamp>2015.943918</timestamp>
			</report>
			<report>
				<misses>7208001</misses>
				<total>43</total>
				<timestamp>2016.223616</timestamp>
			</report>
			<report>
				<misses>7209001</misses>
				<total>43</total>
				<timestamp>2016.503365</timestamp>
			</report>
			<report>
				<misses>7210001</misses>
				<total>43</total>
				<timestamp>2016.783059</timestamp>
			</report>
			<report>
				<misses>7211001</misses>
				<total>43</total>
				<timestamp>2017.062875</timestamp>
			</report>
			<report>
				<misses>7212001</misses>
				<total>43</total>
				<timestamp>2017.342492</timestamp>
			</report>
			<report>
				<misses>7213001</misses>
				<total>43</total>
				<timestamp>2017.622264</timestamp>
			</report>
			<report>
				<misses>7214001</misses>
				<total>43</total>
				<timestamp>2017.901997</timestamp>
			</report>
			<report>
				<misses>7215001</misses>
				<total>43</total>
				<timestamp>2018.181665</timestamp>
			</report>
			<report>
				<misses>7216001</misses>
				<total>43</total>
				<timestamp>2018.461447</timestamp>
			</report>
			<report>
				<misses>7217001</misses>
				<total>43</total>
				<timestamp>2018.741151</timestamp>
			</report>
			<report>
				<misses>7218001</misses>
				<total>43</total>
				<timestamp>2019.020821</timestamp>
			</report>
			<report>
				<misses>7219001</misses>
				<total>43</total>
				<timestamp>2019.300544</timestamp>
			</report>
			<report>
				<misses>7220001</misses>
				<total>43</total>
				<timestamp>2019.580298</timestamp>
			</report>
			<report>
				<misses>7221001</misses>
				<total>43</total>
				<timestamp>2019.859978</timestamp>
			</report>
			<report>
				<misses>7222001</misses>
				<total>43</total>
				<timestamp>2020.139711</timestamp>
			</report>
			<report>
				<misses>7223001</misses>
				<total>43</total>
				<timestamp>2020.419438</timestamp>
			</report>
			<report>
				<misses>7224001</misses>
				<total>43</total>
				<timestamp>2020.699124</timestamp>
			</report>
			<report>
				<misses>7225001</misses>
				<total>43</total>
				<timestamp>2020.978945</timestamp>
			</report>
			<report>
				<misses>7226001</misses>
				<total>43</total>
				<timestamp>2021.258596</timestamp>
			</report>
			<report>
				<misses>7227001</misses>
				<total>43</total>
				<timestamp>2021.538292</timestamp>
			</report>
			<report>
				<misses>7228001</misses>
				<total>43</total>
				<timestamp>2021.818017</timestamp>
			</report>
			<report>
				<misses>7229001</misses>
				<total>43</total>
				<timestamp>2022.097755</timestamp>
			</report>
			<report>
				<misses>7230001</misses>
				<total>43</total>
				<timestamp>2022.377448</timestamp>
			</report>
			<report>
				<misses>7231001</misses>
				<total>43</total>
				<timestamp>2022.657196</timestamp>
			</report>
			<report>
				<misses>7232001</misses>
				<total>43</total>
				<timestamp>2022.936908</timestamp>
			</report>
			<report>
				<misses>7233001</misses>
				<total>43</total>
				<timestamp>2023.216628</timestamp>
			</report>
			<report>
				<misses>7234001</misses>
				<total>43</total>
				<timestamp>2023.496334</timestamp>
			</report>
			<report>
				<misses>7235001</misses>
				<total>43</total>
				<timestamp>2023.776049</timestamp>
			</report>
			<report>
				<misses>7236001</misses>
				<total>43</total>
				<timestamp>2024.055846</timestamp>
			</report>
			<report>
				<misses>7237001</misses>
				<total>43</total>
				<timestamp>2024.335499</timestamp>
			</report>
			<report>
				<misses>7238001</misses>
				<total>43</total>
				<timestamp>2024.615265</timestamp>
			</report>
			<report>
				<misses>7239001</misses>
				<total>43</total>
				<timestamp>2024.894951</timestamp>
			</report>
			<report>
				<misses>7240001</misses>
				<total>43</total>
				<timestamp>2025.174702</timestamp>
			</report>
			<report>
				<misses>7241001</misses>
				<total>43</total>
				<timestamp>2025.454369</timestamp>
			</report>
			<report>
				<misses>7242001</misses>
				<total>43</total>
				<timestamp>2025.734096</timestamp>
			</report>
			<report>
				<misses>7243001</misses>
				<total>43</total>
				<timestamp>2026.013848</timestamp>
			</report>
			<report>
				<misses>7244001</misses>
				<total>43</total>
				<timestamp>2026.293544</timestamp>
			</report>
			<report>
				<misses>7245001</misses>
				<total>43</total>
				<timestamp>2026.573264</timestamp>
			</report>
			<report>
				<misses>7246001</misses>
				<total>43</total>
				<timestamp>2026.852965</timestamp>
			</report>
			<report>
				<misses>7247001</misses>
				<total>43</total>
				<timestamp>2027.132739</timestamp>
			</report>
			<report>
				<misses>7248001</misses>
				<total>43</total>
				<timestamp>2027.412427</timestamp>
			</report>
			<report>
				<misses>7249001</misses>
				<total>43</total>
				<timestamp>2027.692135</timestamp>
			</report>
			<report>
				<misses>7250001</misses>
				<total>43</total>
				<timestamp>2027.971932</timestamp>
			</report>
			<report>
				<misses>7251001</misses>
				<total>43</total>
				<timestamp>2028.251577</timestamp>
			</report>
			<report>
				<misses>7252001</misses>
				<total>43</total>
				<timestamp>2028.531320</timestamp>
			</report>
			<report>
				<misses>7253001</misses>
				<total>43</total>
				<timestamp>2028.811017</timestamp>
			</report>
			<report>
				<misses>7254001</misses>
				<total>43</total>
				<timestamp>2029.090831</timestamp>
			</report>
			<report>
				<misses>7255001</misses>
				<total>43</total>
				<timestamp>2029.370462</timestamp>
			</report>
			<report>
				<misses>7256001</misses>
				<total>43</total>
				<timestamp>2029.650217</timestamp>
			</report>
			<report>
				<misses>7257001</misses>
				<total>43</total>
				<timestamp>2029.929895</timestamp>
			</report>
			<report>
				<misses>7258001</misses>
				<total>43</total>
				<timestamp>2030.209695</timestamp>
			</report>
			<report>
				<misses>7259001</misses>
				<total>43</total>
				<timestamp>2030.489370</timestamp>
			</report>
			<report>
				<misses>7260001</misses>
				<total>43</total>
				<timestamp>2030.769071</timestamp>
			</report>
			<report>
				<misses>7261001</misses>
				<total>43</total>
				<timestamp>2031.048849</timestamp>
			</report>
			<report>
				<misses>7262001</misses>
				<total>43</total>
				<timestamp>2031.328526</timestamp>
			</report>
			<report>
				<misses>7263001</misses>
				<total>43</total>
				<timestamp>2031.608218</timestamp>
			</report>
			<report>
				<misses>7264001</misses>
				<total>43</total>
				<timestamp>2031.887937</timestamp>
			</report>
			<report>
				<misses>7265001</misses>
				<total>43</total>
				<timestamp>2032.167749</timestamp>
			</report>
			<report>
				<misses>7266001</misses>
				<total>43</total>
				<timestamp>2032.447435</timestamp>
			</report>
			<report>
				<misses>7267001</misses>
				<total>43</total>
				<timestamp>2032.727082</timestamp>
			</report>
			<report>
				<misses>7268001</misses>
				<total>43</total>
				<timestamp>2033.006858</timestamp>
			</report>
			<report>
				<misses>7269001</misses>
				<total>43</total>
				<timestamp>2033.286525</timestamp>
			</report>
			<report>
				<misses>7270001</misses>
				<total>43</total>
				<timestamp>2033.566295</timestamp>
			</report>
			<report>
				<misses>7271001</misses>
				<total>43</total>
				<timestamp>2033.845999</timestamp>
			</report>
			<report>
				<misses>7272001</misses>
				<total>43</total>
				<timestamp>2034.125766</timestamp>
			</report>
			<report>
				<misses>7273001</misses>
				<total>43</total>
				<timestamp>2034.405456</timestamp>
			</report>
			<report>
				<misses>7274001</misses>
				<total>43</total>
				<timestamp>2034.685141</timestamp>
			</report>
			<report>
				<misses>7275001</misses>
				<total>43</total>
				<timestamp>2034.964858</timestamp>
			</report>
			<report>
				<misses>7276001</misses>
				<total>43</total>
				<timestamp>2035.244594</timestamp>
			</report>
			<report>
				<misses>7277001</misses>
				<total>43</total>
				<timestamp>2035.524308</timestamp>
			</report>
			<report>
				<misses>7278001</misses>
				<total>43</total>
				<timestamp>2035.804024</timestamp>
			</report>
			<report>
				<misses>7279001</misses>
				<total>43</total>
				<timestamp>2036.083793</timestamp>
			</report>
			<report>
				<misses>7280001</misses>
				<total>43</total>
				<timestamp>2036.363448</timestamp>
			</report>
			<report>
				<misses>7281001</misses>
				<total>43</total>
				<timestamp>2036.643201</timestamp>
			</report>
			<report>
				<misses>7282001</misses>
				<total>43</total>
				<timestamp>2036.922926</timestamp>
			</report>
			<report>
				<misses>7283001</misses>
				<total>43</total>
				<timestamp>2037.202765</timestamp>
			</report>
			<report>
				<misses>7284001</misses>
				<total>43</total>
				<timestamp>2037.482338</timestamp>
			</report>
			<report>
				<misses>7285001</misses>
				<total>43</total>
				<timestamp>2037.762057</timestamp>
			</report>
			<report>
				<misses>7286001</misses>
				<total>43</total>
				<timestamp>2038.041857</timestamp>
			</report>
			<report>
				<misses>7287001</misses>
				<total>43</total>
				<timestamp>2038.321486</timestamp>
			</report>
			<report>
				<misses>7288001</misses>
				<total>43</total>
				<timestamp>2038.601222</timestamp>
			</report>
			<report>
				<misses>7289001</misses>
				<total>43</total>
				<timestamp>2038.880923</timestamp>
			</report>
			<report>
				<misses>7290001</misses>
				<total>43</total>
				<timestamp>2039.160773</timestamp>
			</report>
			<report>
				<misses>7291001</misses>
				<total>43</total>
				<timestamp>2039.440383</timestamp>
			</report>
			<report>
				<misses>7292001</misses>
				<total>43</total>
				<timestamp>2039.720107</timestamp>
			</report>
			<report>
				<misses>7293001</misses>
				<total>43</total>
				<timestamp>2039.999902</timestamp>
			</report>
			<report>
				<misses>7294001</misses>
				<total>43</total>
				<timestamp>2040.279534</timestamp>
			</report>
			<report>
				<misses>7295001</misses>
				<total>43</total>
				<timestamp>2040.559247</timestamp>
			</report>
			<report>
				<misses>7296001</misses>
				<total>43</total>
				<timestamp>2040.838967</timestamp>
			</report>
			<report>
				<misses>7297001</misses>
				<total>43</total>
				<timestamp>2041.118752</timestamp>
			</report>
			<report>
				<misses>7298001</misses>
				<total>43</total>
				<timestamp>2041.398415</timestamp>
			</report>
			<report>
				<misses>7299001</misses>
				<total>43</total>
				<timestamp>2041.678169</timestamp>
			</report>
			<report>
				<misses>7300001</misses>
				<total>43</total>
				<timestamp>2041.957862</timestamp>
			</report>
			<report>
				<misses>7301001</misses>
				<total>43</total>
				<timestamp>2042.237765</timestamp>
			</report>
			<report>
				<misses>7302001</misses>
				<total>43</total>
				<timestamp>2042.517297</timestamp>
			</report>
			<report>
				<misses>7303001</misses>
				<total>43</total>
				<timestamp>2042.797022</timestamp>
			</report>
			<report>
				<misses>7304001</misses>
				<total>43</total>
				<timestamp>2043.076803</timestamp>
			</report>
			<report>
				<misses>7305001</misses>
				<total>43</total>
				<timestamp>2043.356462</timestamp>
			</report>
			<report>
				<misses>7306001</misses>
				<total>43</total>
				<timestamp>2043.636194</timestamp>
			</report>
			<report>
				<misses>7307001</misses>
				<total>43</total>
				<timestamp>2043.915905</timestamp>
			</report>
			<report>
				<misses>7308001</misses>
				<total>43</total>
				<timestamp>2044.195676</timestamp>
			</report>
			<report>
				<misses>7309001</misses>
				<total>43</total>
				<timestamp>2044.475335</timestamp>
			</report>
			<report>
				<misses>7310001</misses>
				<total>43</total>
				<timestamp>2044.755058</timestamp>
			</report>
			<report>
				<misses>7311001</misses>
				<total>43</total>
				<timestamp>2045.034792</timestamp>
			</report>
			<report>
				<misses>7312001</misses>
				<total>43</total>
				<timestamp>2045.314567</timestamp>
			</report>
			<report>
				<misses>7313001</misses>
				<total>43</total>
				<timestamp>2045.594217</timestamp>
			</report>
			<report>
				<misses>7314001</misses>
				<total>43</total>
				<timestamp>2045.873946</timestamp>
			</report>
			<report>
				<misses>7315001</misses>
				<total>43</total>
				<timestamp>2046.153691</timestamp>
			</report>
			<report>
				<misses>7316001</misses>
				<total>43</total>
				<timestamp>2046.433425</timestamp>
			</report>
			<report>
				<misses>7317001</misses>
				<total>43</total>
				<timestamp>2046.713136</timestamp>
			</report>
			<report>
				<misses>7318001</misses>
				<total>43</total>
				<timestamp>2046.992843</timestamp>
			</report>
			<report>
				<misses>7319001</misses>
				<total>43</total>
				<timestamp>2047.272603</timestamp>
			</report>
			<report>
				<misses>7320001</misses>
				<total>43</total>
				<timestamp>2047.552251</timestamp>
			</report>
			<report>
				<misses>7321001</misses>
				<total>43</total>
				<timestamp>2047.831970</timestamp>
			</report>
			<report>
				<misses>7322001</misses>
				<total>43</total>
				<timestamp>2048.111739</timestamp>
			</report>
			<report>
				<misses>7323001</misses>
				<total>43</total>
				<timestamp>2048.391410</timestamp>
			</report>
			<report>
				<misses>7324001</misses>
				<total>43</total>
				<timestamp>2048.671146</timestamp>
			</report>
			<report>
				<misses>7325001</misses>
				<total>43</total>
				<timestamp>2048.950865</timestamp>
			</report>
			<report>
				<misses>7326001</misses>
				<total>43</total>
				<timestamp>2049.230681</timestamp>
			</report>
			<report>
				<misses>7327001</misses>
				<total>43</total>
				<timestamp>2049.510309</timestamp>
			</report>
			<report>
				<misses>7328001</misses>
				<total>43</total>
				<timestamp>2049.790020</timestamp>
			</report>
			<report>
				<misses>7329001</misses>
				<total>43</total>
				<timestamp>2050.069749</timestamp>
			</report>
			<report>
				<misses>7330001</misses>
				<total>43</total>
				<timestamp>2050.349458</timestamp>
			</report>
			<report>
				<misses>7331001</misses>
				<total>43</total>
				<timestamp>2050.629170</timestamp>
			</report>
			<report>
				<misses>7332001</misses>
				<total>43</total>
				<timestamp>2050.908893</timestamp>
			</report>
			<report>
				<misses>7333001</misses>
				<total>43</total>
				<timestamp>2051.188682</timestamp>
			</report>
			<report>
				<misses>7334001</misses>
				<total>43</total>
				<timestamp>2051.468323</timestamp>
			</report>
			<report>
				<misses>7335001</misses>
				<total>43</total>
				<timestamp>2051.748042</timestamp>
			</report>
			<report>
				<misses>7336001</misses>
				<total>43</total>
				<timestamp>2052.027800</timestamp>
			</report>
			<report>
				<misses>7337001</misses>
				<total>43</total>
				<timestamp>2052.307586</timestamp>
			</report>
			<report>
				<misses>7338001</misses>
				<total>43</total>
				<timestamp>2052.587214</timestamp>
			</report>
			<report>
				<misses>7339001</misses>
				<total>43</total>
				<timestamp>2052.866935</timestamp>
			</report>
			<report>
				<misses>7340001</misses>
				<total>43</total>
				<timestamp>2053.146715</timestamp>
			</report>
			<report>
				<misses>7341001</misses>
				<total>43</total>
				<timestamp>2053.426379</timestamp>
			</report>
			<report>
				<misses>7342001</misses>
				<total>43</total>
				<timestamp>2053.706145</timestamp>
			</report>
			<report>
				<misses>7343001</misses>
				<total>43</total>
				<timestamp>2053.985818</timestamp>
			</report>
			<report>
				<misses>7344001</misses>
				<total>43</total>
				<timestamp>2054.265596</timestamp>
			</report>
			<report>
				<misses>7345001</misses>
				<total>43</total>
				<timestamp>2054.545262</timestamp>
			</report>
			<report>
				<misses>7346001</misses>
				<total>43</total>
				<timestamp>2054.824977</timestamp>
			</report>
			<report>
				<misses>7347001</misses>
				<total>43</total>
				<timestamp>2055.104735</timestamp>
			</report>
			<report>
				<misses>7348001</misses>
				<total>43</total>
				<timestamp>2055.384410</timestamp>
			</report>
			<report>
				<misses>7349001</misses>
				<total>43</total>
				<timestamp>2055.664168</timestamp>
			</report>
			<report>
				<misses>7350001</misses>
				<total>43</total>
				<timestamp>2055.943842</timestamp>
			</report>
			<report>
				<misses>7351001</misses>
				<total>43</total>
				<timestamp>2056.223600</timestamp>
			</report>
			<report>
				<misses>7352001</misses>
				<total>43</total>
				<timestamp>2056.503308</timestamp>
			</report>
			<report>
				<misses>7353001</misses>
				<total>43</total>
				<timestamp>2056.783078</timestamp>
			</report>
			<report>
				<misses>7354001</misses>
				<total>43</total>
				<timestamp>2057.062728</timestamp>
			</report>
			<report>
				<misses>7355001</misses>
				<total>43</total>
				<timestamp>2057.342531</timestamp>
			</report>
			<report>
				<misses>7356001</misses>
				<total>43</total>
				<timestamp>2057.622202</timestamp>
			</report>
			<report>
				<misses>7357001</misses>
				<total>43</total>
				<timestamp>2057.901901</timestamp>
			</report>
			<report>
				<misses>7358001</misses>
				<total>43</total>
				<timestamp>2058.181654</timestamp>
			</report>
			<report>
				<misses>7359001</misses>
				<total>43</total>
				<timestamp>2058.461352</timestamp>
			</report>
			<report>
				<misses>7360001</misses>
				<total>43</total>
				<timestamp>2058.741088</timestamp>
			</report>
			<report>
				<misses>7361001</misses>
				<total>43</total>
				<timestamp>2059.020768</timestamp>
			</report>
			<report>
				<misses>7362001</misses>
				<total>43</total>
				<timestamp>2059.300559</timestamp>
			</report>
			<report>
				<misses>7363001</misses>
				<total>43</total>
				<timestamp>2059.580234</timestamp>
			</report>
			<report>
				<misses>7364001</misses>
				<total>43</total>
				<timestamp>2059.859935</timestamp>
			</report>
			<report>
				<misses>7365001</misses>
				<total>43</total>
				<timestamp>2060.139682</timestamp>
			</report>
			<report>
				<misses>7366001</misses>
				<total>43</total>
				<timestamp>2060.419377</timestamp>
			</report>
			<report>
				<misses>7367001</misses>
				<total>43</total>
				<timestamp>2060.699110</timestamp>
			</report>
			<report>
				<misses>7368001</misses>
				<total>43</total>
				<timestamp>2060.978856</timestamp>
			</report>
			<report>
				<misses>7369001</misses>
				<total>43</total>
				<timestamp>2061.258562</timestamp>
			</report>
			<report>
				<misses>7370001</misses>
				<total>43</total>
				<timestamp>2061.538257</timestamp>
			</report>
			<report>
				<misses>7371001</misses>
				<total>43</total>
				<timestamp>2061.817967</timestamp>
			</report>
			<report>
				<misses>7372001</misses>
				<total>43</total>
				<timestamp>2062.097687</timestamp>
			</report>
			<report>
				<misses>7373001</misses>
				<total>43</total>
				<timestamp>2062.377513</timestamp>
			</report>
			<report>
				<misses>7374001</misses>
				<total>43</total>
				<timestamp>2062.657160</timestamp>
			</report>
			<report>
				<misses>7375001</misses>
				<total>43</total>
				<timestamp>2062.936848</timestamp>
			</report>
			<report>
				<misses>7376001</misses>
				<total>43</total>
				<timestamp>2063.216612</timestamp>
			</report>
			<report>
				<misses>7377001</misses>
				<total>43</total>
				<timestamp>2063.496301</timestamp>
			</report>
			<report>
				<misses>7378001</misses>
				<total>43</total>
				<timestamp>2063.776025</timestamp>
			</report>
			<report>
				<misses>7379001</misses>
				<total>43</total>
				<timestamp>2064.055786</timestamp>
			</report>
			<report>
				<misses>7380001</misses>
				<total>43</total>
				<timestamp>2064.335573</timestamp>
			</report>
			<report>
				<misses>7381001</misses>
				<total>43</total>
				<timestamp>2064.615185</timestamp>
			</report>
			<report>
				<misses>7382001</misses>
				<total>43</total>
				<timestamp>2064.894895</timestamp>
			</report>
			<report>
				<misses>7383001</misses>
				<total>43</total>
				<timestamp>2065.174629</timestamp>
			</report>
			<report>
				<misses>7384001</misses>
				<total>43</total>
				<timestamp>2065.454328</timestamp>
			</report>
			<report>
				<misses>7385001</misses>
				<total>43</total>
				<timestamp>2065.734059</timestamp>
			</report>
			<report>
				<misses>7386001</misses>
				<total>43</total>
				<timestamp>2066.013773</timestamp>
			</report>
			<report>
				<misses>7387001</misses>
				<total>43</total>
				<timestamp>2066.293530</timestamp>
			</report>
			<report>
				<misses>7388001</misses>
				<total>43</total>
				<timestamp>2066.573215</timestamp>
			</report>
			<report>
				<misses>7389001</misses>
				<total>43</total>
				<timestamp>2066.852923</timestamp>
			</report>
			<report>
				<misses>7390001</misses>
				<total>43</total>
				<timestamp>2067.132656</timestamp>
			</report>
			<report>
				<misses>7391001</misses>
				<total>43</total>
				<timestamp>2067.412410</timestamp>
			</report>
			<report>
				<misses>7392001</misses>
				<total>43</total>
				<timestamp>2067.692146</timestamp>
			</report>
			<report>
				<misses>7393001</misses>
				<total>43</total>
				<timestamp>2067.971836</timestamp>
			</report>
			<report>
				<misses>7394001</misses>
				<total>43</total>
				<timestamp>2068.251620</timestamp>
			</report>
			<report>
				<misses>7395001</misses>
				<total>43</total>
				<timestamp>2068.531264</timestamp>
			</report>
			<report>
				<misses>7396001</misses>
				<total>43</total>
				<timestamp>2068.810972</timestamp>
			</report>
			<report>
				<misses>7397001</misses>
				<total>43</total>
				<timestamp>2069.090678</timestamp>
			</report>
			<report>
				<misses>7398001</misses>
				<total>43</total>
				<timestamp>2069.370440</timestamp>
			</report>
			<report>
				<misses>7399001</misses>
				<total>43</total>
				<timestamp>2069.650146</timestamp>
			</report>
			<report>
				<misses>7400001</misses>
				<total>43</total>
				<timestamp>2069.929851</timestamp>
			</report>
			<report>
				<misses>7401001</misses>
				<total>43</total>
				<timestamp>2070.209600</timestamp>
			</report>
			<report>
				<misses>7402001</misses>
				<total>43</total>
				<timestamp>2070.489288</timestamp>
			</report>
			<report>
				<misses>7403001</misses>
				<total>43</total>
				<timestamp>2070.769003</timestamp>
			</report>
			<report>
				<misses>7404001</misses>
				<total>43</total>
				<timestamp>2071.048769</timestamp>
			</report>
			<report>
				<misses>7405001</misses>
				<total>43</total>
				<timestamp>2071.328573</timestamp>
			</report>
			<report>
				<misses>7406001</misses>
				<total>43</total>
				<timestamp>2071.608173</timestamp>
			</report>
			<report>
				<misses>7407001</misses>
				<total>43</total>
				<timestamp>2071.887895</timestamp>
			</report>
			<report>
				<misses>7408001</misses>
				<total>43</total>
				<timestamp>2072.167634</timestamp>
			</report>
			<report>
				<misses>7409001</misses>
				<total>43</total>
				<timestamp>2072.447351</timestamp>
			</report>
			<report>
				<misses>7410001</misses>
				<total>43</total>
				<timestamp>2072.727052</timestamp>
			</report>
			<report>
				<misses>7411001</misses>
				<total>43</total>
				<timestamp>2073.006777</timestamp>
			</report>
			<report>
				<misses>7412001</misses>
				<total>43</total>
				<timestamp>2073.286566</timestamp>
			</report>
			<report>
				<misses>7413001</misses>
				<total>43</total>
				<timestamp>2073.566217</timestamp>
			</report>
			<report>
				<misses>7414001</misses>
				<total>43</total>
				<timestamp>2073.845930</timestamp>
			</report>
			<report>
				<misses>7415001</misses>
				<total>43</total>
				<timestamp>2074.125645</timestamp>
			</report>
			<report>
				<misses>7416001</misses>
				<total>43</total>
				<timestamp>2074.405408</timestamp>
			</report>
			<report>
				<misses>7417001</misses>
				<total>43</total>
				<timestamp>2074.685139</timestamp>
			</report>
			<report>
				<misses>7418001</misses>
				<total>43</total>
				<timestamp>2074.964812</timestamp>
			</report>
			<report>
				<misses>7419001</misses>
				<total>43</total>
				<timestamp>2075.244568</timestamp>
			</report>
			<report>
				<misses>7420001</misses>
				<total>43</total>
				<timestamp>2075.524261</timestamp>
			</report>
			<report>
				<misses>7421001</misses>
				<total>43</total>
				<timestamp>2075.803977</timestamp>
			</report>
			<report>
				<misses>7422001</misses>
				<total>43</total>
				<timestamp>2076.083712</timestamp>
			</report>
			<report>
				<misses>7423001</misses>
				<total>43</total>
				<timestamp>2076.363475</timestamp>
			</report>
			<report>
				<misses>7424001</misses>
				<total>43</total>
				<timestamp>2076.643144</timestamp>
			</report>
			<report>
				<misses>7425001</misses>
				<total>44</total>
				<timestamp>2076.922850</timestamp>
			</report>
			<report>
				<misses>7426001</misses>
				<total>44</total>
				<timestamp>2077.202640</timestamp>
			</report>
			<report>
				<misses>7427001</misses>
				<total>44</total>
				<timestamp>2077.482292</timestamp>
			</report>
			<report>
				<misses>7428001</misses>
				<total>44</total>
				<timestamp>2077.762037</timestamp>
			</report>
			<report>
				<misses>7429001</misses>
				<total>44</total>
				<timestamp>2078.041778</timestamp>
			</report>
			<report>
				<misses>7430001</misses>
				<total>44</total>
				<timestamp>2078.321507</timestamp>
			</report>
			<report>
				<misses>7431001</misses>
				<total>44</total>
				<timestamp>2078.601177</timestamp>
			</report>
			<report>
				<misses>7432001</misses>
				<total>44</total>
				<timestamp>2078.880885</timestamp>
			</report>
			<report>
				<misses>7433001</misses>
				<total>44</total>
				<timestamp>2079.160608</timestamp>
			</report>
			<report>
				<misses>7434001</misses>
				<total>44</total>
				<timestamp>2079.440337</timestamp>
			</report>
			<report>
				<misses>7435001</misses>
				<total>44</total>
				<timestamp>2079.720069</timestamp>
			</report>
			<report>
				<misses>7436001</misses>
				<total>44</total>
				<timestamp>2079.999776</timestamp>
			</report>
			<report>
				<misses>7437001</misses>
				<total>44</total>
				<timestamp>2080.279560</timestamp>
			</report>
			<report>
				<misses>7438001</misses>
				<total>44</total>
				<timestamp>2080.559225</timestamp>
			</report>
			<report>
				<misses>7439001</misses>
				<total>44</total>
				<timestamp>2080.838967</timestamp>
			</report>
			<report>
				<misses>7440001</misses>
				<total>45</total>
				<timestamp>2081.118667</timestamp>
			</report>
			<report>
				<misses>7441001</misses>
				<total>45</total>
				<timestamp>2081.398474</timestamp>
			</report>
			<report>
				<misses>7442001</misses>
				<total>45</total>
				<timestamp>2081.678092</timestamp>
			</report>
			<report>
				<misses>7443001</misses>
				<total>45</total>
				<timestamp>2081.957838</timestamp>
			</report>
			<report>
				<misses>7444001</misses>
				<total>45</total>
				<timestamp>2082.237538</timestamp>
			</report>
			<report>
				<misses>7445001</misses>
				<total>45</total>
				<timestamp>2082.517245</timestamp>
			</report>
			<report>
				<misses>7446001</misses>
				<total>45</total>
				<timestamp>2082.796977</timestamp>
			</report>
			<report>
				<misses>7447001</misses>
				<total>45</total>
				<timestamp>2083.076708</timestamp>
			</report>
			<report>
				<misses>7448001</misses>
				<total>45</total>
				<timestamp>2083.356421</timestamp>
			</report>
			<report>
				<misses>7449001</misses>
				<total>45</total>
				<timestamp>2083.636148</timestamp>
			</report>
			<report>
				<misses>7450001</misses>
				<total>45</total>
				<timestamp>2083.915862</timestamp>
			</report>
			<report>
				<misses>7451001</misses>
				<total>45</total>
				<timestamp>2084.195584</timestamp>
			</report>
			<report>
				<misses>7452001</misses>
				<total>45</total>
				<timestamp>2084.475331</timestamp>
			</report>
			<report>
				<misses>7453001</misses>
				<total>45</total>
				<timestamp>2084.755039</timestamp>
			</report>
			<report>
				<misses>7454001</misses>
				<total>45</total>
				<timestamp>2085.034747</timestamp>
			</report>
			<report>
				<misses>7455001</misses>
				<total>45</total>
				<timestamp>2085.314569</timestamp>
			</report>
			<report>
				<misses>7456001</misses>
				<total>45</total>
				<timestamp>2085.594176</timestamp>
			</report>
			<report>
				<misses>7457001</misses>
				<total>45</total>
				<timestamp>2085.873904</timestamp>
			</report>
			<report>
				<misses>7458001</misses>
				<total>45</total>
				<timestamp>2086.153617</timestamp>
			</report>
			<report>
				<misses>7459001</misses>
				<total>45</total>
				<timestamp>2086.433482</timestamp>
			</report>
			<report>
				<misses>7460001</misses>
				<total>45</total>
				<timestamp>2086.713053</timestamp>
			</report>
			<report>
				<misses>7461001</misses>
				<total>45</total>
				<timestamp>2086.992785</timestamp>
			</report>
			<report>
				<misses>7462001</misses>
				<total>45</total>
				<timestamp>2087.272537</timestamp>
			</report>
			<report>
				<misses>7463001</misses>
				<total>45</total>
				<timestamp>2087.552212</timestamp>
			</report>
			<report>
				<misses>7464001</misses>
				<total>45</total>
				<timestamp>2087.831983</timestamp>
			</report>
			<report>
				<misses>7465001</misses>
				<total>45</total>
				<timestamp>2088.111735</timestamp>
			</report>
			<report>
				<misses>7466001</misses>
				<total>45</total>
				<timestamp>2088.391431</timestamp>
			</report>
			<report>
				<misses>7467001</misses>
				<total>45</total>
				<timestamp>2088.671139</timestamp>
			</report>
			<report>
				<misses>7468001</misses>
				<total>45</total>
				<timestamp>2088.950818</timestamp>
			</report>
			<report>
				<misses>7469001</misses>
				<total>45</total>
				<timestamp>2089.230543</timestamp>
			</report>
			<report>
				<misses>7470001</misses>
				<total>45</total>
				<timestamp>2089.510267</timestamp>
			</report>
			<report>
				<misses>7471001</misses>
				<total>45</total>
				<timestamp>2089.790032</timestamp>
			</report>
			<report>
				<misses>7472001</misses>
				<total>45</total>
				<timestamp>2090.069717</timestamp>
			</report>
			<report>
				<misses>7473001</misses>
				<total>45</total>
				<timestamp>2090.349409</timestamp>
			</report>
			<report>
				<misses>7474001</misses>
				<total>45</total>
				<timestamp>2090.629130</timestamp>
			</report>
			<report>
				<misses>7475001</misses>
				<total>45</total>
				<timestamp>2090.908875</timestamp>
			</report>
			<report>
				<misses>7476001</misses>
				<total>45</total>
				<timestamp>2091.188592</timestamp>
			</report>
			<report>
				<misses>7477001</misses>
				<total>45</total>
				<timestamp>2091.468451</timestamp>
			</report>
			<report>
				<misses>7478001</misses>
				<total>45</total>
				<timestamp>2091.748042</timestamp>
			</report>
			<report>
				<misses>7479001</misses>
				<total>45</total>
				<timestamp>2092.027767</timestamp>
			</report>
			<report>
				<misses>7480001</misses>
				<total>45</total>
				<timestamp>2092.307568</timestamp>
			</report>
			<report>
				<misses>7481001</misses>
				<total>45</total>
				<timestamp>2092.587194</timestamp>
			</report>
			<report>
				<misses>7482001</misses>
				<total>45</total>
				<timestamp>2092.866884</timestamp>
			</report>
			<report>
				<misses>7483001</misses>
				<total>45</total>
				<timestamp>2093.146657</timestamp>
			</report>
			<report>
				<misses>7484001</misses>
				<total>45</total>
				<timestamp>2093.426339</timestamp>
			</report>
			<report>
				<misses>7485001</misses>
				<total>45</total>
				<timestamp>2093.706055</timestamp>
			</report>
			<report>
				<misses>7486001</misses>
				<total>45</total>
				<timestamp>2093.985790</timestamp>
			</report>
			<report>
				<misses>7487001</misses>
				<total>45</total>
				<timestamp>2094.265526</timestamp>
			</report>
			<report>
				<misses>7488001</misses>
				<total>45</total>
				<timestamp>2094.545220</timestamp>
			</report>
			<report>
				<misses>7489001</misses>
				<total>45</total>
				<timestamp>2094.824975</timestamp>
			</report>
			<report>
				<misses>7490001</misses>
				<total>45</total>
				<timestamp>2095.104674</timestamp>
			</report>
			<report>
				<misses>7491001</misses>
				<total>45</total>
				<timestamp>2095.384435</timestamp>
			</report>
			<report>
				<misses>7492001</misses>
				<total>45</total>
				<timestamp>2095.664117</timestamp>
			</report>
			<report>
				<misses>7493001</misses>
				<total>45</total>
				<timestamp>2095.943814</timestamp>
			</report>
			<report>
				<misses>7494001</misses>
				<total>45</total>
				<timestamp>2096.223593</timestamp>
			</report>
			<report>
				<misses>7495001</misses>
				<total>45</total>
				<timestamp>2096.503283</timestamp>
			</report>
			<report>
				<misses>7496001</misses>
				<total>45</total>
				<timestamp>2096.782967</timestamp>
			</report>
			<report>
				<misses>7497001</misses>
				<total>45</total>
				<timestamp>2097.062701</timestamp>
			</report>
			<report>
				<misses>7498001</misses>
				<total>45</total>
				<timestamp>2097.342477</timestamp>
			</report>
			<report>
				<misses>7499001</misses>
				<total>45</total>
				<timestamp>2097.622136</timestamp>
			</report>
			<report>
				<misses>7500001</misses>
				<total>45</total>
				<timestamp>2097.901848</timestamp>
			</report>
			<report>
				<misses>7501001</misses>
				<total>45</total>
				<timestamp>2098.181590</timestamp>
			</report>
			<report>
				<misses>7502001</misses>
				<total>45</total>
				<timestamp>2098.461394</timestamp>
			</report>
			<report>
				<misses>7503001</misses>
				<total>45</total>
				<timestamp>2098.741021</timestamp>
			</report>
			<report>
				<misses>7504001</misses>
				<total>45</total>
				<timestamp>2099.020757</timestamp>
			</report>
			<report>
				<misses>7505001</misses>
				<total>45</total>
				<timestamp>2099.300539</timestamp>
			</report>
			<report>
				<misses>7506001</misses>
				<total>45</total>
				<timestamp>2099.580240</timestamp>
			</report>
			<report>
				<misses>7507001</misses>
				<total>45</total>
				<timestamp>2099.859917</timestamp>
			</report>
			<report>
				<misses>7508001</misses>
				<total>45</total>
				<timestamp>2100.139614</timestamp>
			</report>
			<report>
				<misses>7509001</misses>
				<total>45</total>
				<timestamp>2100.419443</timestamp>
			</report>
			<report>
				<misses>7510001</misses>
				<total>45</total>
				<timestamp>2100.699053</timestamp>
			</report>
			<report>
				<misses>7511001</misses>
				<total>45</total>
				<timestamp>2100.978814</timestamp>
			</report>
			<report>
				<misses>7512001</misses>
				<total>45</total>
				<timestamp>2101.258533</timestamp>
			</report>
			<report>
				<misses>7513001</misses>
				<total>45</total>
				<timestamp>2101.538327</timestamp>
			</report>
			<report>
				<misses>7514001</misses>
				<total>45</total>
				<timestamp>2101.817934</timestamp>
			</report>
			<report>
				<misses>7515001</misses>
				<total>45</total>
				<timestamp>2102.097644</timestamp>
			</report>
			<report>
				<misses>7516001</misses>
				<total>45</total>
				<timestamp>2102.377436</timestamp>
			</report>
			<report>
				<misses>7517001</misses>
				<total>45</total>
				<timestamp>2102.657112</timestamp>
			</report>
			<report>
				<misses>7518001</misses>
				<total>45</total>
				<timestamp>2102.936820</timestamp>
			</report>
			<report>
				<misses>7519001</misses>
				<total>45</total>
				<timestamp>2103.216560</timestamp>
			</report>
			<report>
				<misses>7520001</misses>
				<total>45</total>
				<timestamp>2103.496302</timestamp>
			</report>
			<report>
				<misses>7521001</misses>
				<total>45</total>
				<timestamp>2103.775986</timestamp>
			</report>
			<report>
				<misses>7522001</misses>
				<total>45</total>
				<timestamp>2104.055753</timestamp>
			</report>
			<report>
				<misses>7523001</misses>
				<total>45</total>
				<timestamp>2104.335489</timestamp>
			</report>
			<report>
				<misses>7524001</misses>
				<total>45</total>
				<timestamp>2104.615146</timestamp>
			</report>
			<report>
				<misses>7525001</misses>
				<total>45</total>
				<timestamp>2104.894894</timestamp>
			</report>
			<report>
				<misses>7526001</misses>
				<total>45</total>
				<timestamp>2105.174617</timestamp>
			</report>
			<report>
				<misses>7527001</misses>
				<total>45</total>
				<timestamp>2105.454351</timestamp>
			</report>
			<report>
				<misses>7528001</misses>
				<total>45</total>
				<timestamp>2105.734023</timestamp>
			</report>
			<report>
				<misses>7529001</misses>
				<total>45</total>
				<timestamp>2106.013739</timestamp>
			</report>
			<report>
				<misses>7530001</misses>
				<total>45</total>
				<timestamp>2106.293467</timestamp>
			</report>
			<report>
				<misses>7531001</misses>
				<total>45</total>
				<timestamp>2106.573201</timestamp>
			</report>
			<report>
				<misses>7532001</misses>
				<total>45</total>
				<timestamp>2106.852917</timestamp>
			</report>
			<report>
				<misses>7533001</misses>
				<total>45</total>
				<timestamp>2107.132656</timestamp>
			</report>
			<report>
				<misses>7534001</misses>
				<total>45</total>
				<timestamp>2107.412391</timestamp>
			</report>
			<report>
				<misses>7535001</misses>
				<total>45</total>
				<timestamp>2107.692092</timestamp>
			</report>
			<report>
				<misses>7536001</misses>
				<total>45</total>
				<timestamp>2107.971771</timestamp>
			</report>
			<report>
				<misses>7537001</misses>
				<total>45</total>
				<timestamp>2108.251511</timestamp>
			</report>
			<report>
				<misses>7538001</misses>
				<total>45</total>
				<timestamp>2108.531321</timestamp>
			</report>
			<report>
				<misses>7539001</misses>
				<total>45</total>
				<timestamp>2108.810967</timestamp>
			</report>
			<report>
				<misses>7540001</misses>
				<total>45</total>
				<timestamp>2109.090661</timestamp>
			</report>
			<report>
				<misses>7541001</misses>
				<total>45</total>
				<timestamp>2109.370438</timestamp>
			</report>
			<report>
				<misses>7542001</misses>
				<total>45</total>
				<timestamp>2109.650100</timestamp>
			</report>
			<report>
				<misses>7543001</misses>
				<total>45</total>
				<timestamp>2109.929848</timestamp>
			</report>
			<report>
				<misses>7544001</misses>
				<total>45</total>
				<timestamp>2110.209532</timestamp>
			</report>
			<report>
				<misses>7545001</misses>
				<total>45</total>
				<timestamp>2110.489282</timestamp>
			</report>
			<report>
				<misses>7546001</misses>
				<total>45</total>
				<timestamp>2110.769010</timestamp>
			</report>
			<report>
				<misses>7547001</misses>
				<total>45</total>
				<timestamp>2111.048712</timestamp>
			</report>
			<report>
				<misses>7548001</misses>
				<total>45</total>
				<timestamp>2111.328443</timestamp>
			</report>
			<report>
				<misses>7549001</misses>
				<total>45</total>
				<timestamp>2111.608157</timestamp>
			</report>
			<report>
				<misses>7550001</misses>
				<total>45</total>
				<timestamp>2111.887870</timestamp>
			</report>
			<report>
				<misses>7551001</misses>
				<total>45</total>
				<timestamp>2112.167567</timestamp>
			</report>
			<report>
				<misses>7552001</misses>
				<total>45</total>
				<timestamp>2112.447356</timestamp>
			</report>
			<report>
				<misses>7553001</misses>
				<total>45</total>
				<timestamp>2112.727037</timestamp>
			</report>
			<report>
				<misses>7554001</misses>
				<total>45</total>
				<timestamp>2113.006798</timestamp>
			</report>
			<report>
				<misses>7555001</misses>
				<total>45</total>
				<timestamp>2113.286485</timestamp>
			</report>
			<report>
				<misses>7556001</misses>
				<total>45</total>
				<timestamp>2113.566218</timestamp>
			</report>
			<report>
				<misses>7557001</misses>
				<total>45</total>
				<timestamp>2113.845908</timestamp>
			</report>
			<report>
				<misses>7558001</misses>
				<total>45</total>
				<timestamp>2114.125631</timestamp>
			</report>
			<report>
				<misses>7559001</misses>
				<total>45</total>
				<timestamp>2114.405370</timestamp>
			</report>
			<report>
				<misses>7560001</misses>
				<total>45</total>
				<timestamp>2114.685086</timestamp>
			</report>
			<report>
				<misses>7561001</misses>
				<total>45</total>
				<timestamp>2114.964803</timestamp>
			</report>
			<report>
				<misses>7562001</misses>
				<total>45</total>
				<timestamp>2115.244531</timestamp>
			</report>
			<report>
				<misses>7563001</misses>
				<total>45</total>
				<timestamp>2115.524251</timestamp>
			</report>
			<report>
				<misses>7564001</misses>
				<total>45</total>
				<timestamp>2115.803947</timestamp>
			</report>
			<report>
				<misses>7565001</misses>
				<total>45</total>
				<timestamp>2116.083661</timestamp>
			</report>
			<report>
				<misses>7566001</misses>
				<total>45</total>
				<timestamp>2116.363440</timestamp>
			</report>
			<report>
				<misses>7567001</misses>
				<total>45</total>
				<timestamp>2116.643169</timestamp>
			</report>
			<report>
				<misses>7568001</misses>
				<total>45</total>
				<timestamp>2116.922813</timestamp>
			</report>
			<report>
				<misses>7569001</misses>
				<total>45</total>
				<timestamp>2117.202541</timestamp>
			</report>
			<report>
				<misses>7570001</misses>
				<total>45</total>
				<timestamp>2117.482277</timestamp>
			</report>
			<report>
				<misses>7571001</misses>
				<total>45</total>
				<timestamp>2117.762000</timestamp>
			</report>
			<report>
				<misses>7572001</misses>
				<total>45</total>
				<timestamp>2118.041739</timestamp>
			</report>
			<report>
				<misses>7573001</misses>
				<total>45</total>
				<timestamp>2118.321415</timestamp>
			</report>
			<report>
				<misses>7574001</misses>
				<total>45</total>
				<timestamp>2118.601162</timestamp>
			</report>
			<report>
				<misses>7575001</misses>
				<total>45</total>
				<timestamp>2118.880858</timestamp>
			</report>
			<report>
				<misses>7576001</misses>
				<total>45</total>
				<timestamp>2119.160584</timestamp>
			</report>
			<report>
				<misses>7577001</misses>
				<total>45</total>
				<timestamp>2119.440406</timestamp>
			</report>
			<report>
				<misses>7578001</misses>
				<total>45</total>
				<timestamp>2119.720060</timestamp>
			</report>
			<report>
				<misses>7579001</misses>
				<total>45</total>
				<timestamp>2119.999751</timestamp>
			</report>
			<report>
				<misses>7580001</misses>
				<total>45</total>
				<timestamp>2120.279487</timestamp>
			</report>
			<report>
				<misses>7581001</misses>
				<total>45</total>
				<timestamp>2120.559209</timestamp>
			</report>
			<report>
				<misses>7582001</misses>
				<total>45</total>
				<timestamp>2120.838897</timestamp>
			</report>
			<report>
				<misses>7583001</misses>
				<total>45</total>
				<timestamp>2121.118612</timestamp>
			</report>
			<report>
				<misses>7584001</misses>
				<total>45</total>
				<timestamp>2121.398341</timestamp>
			</report>
			<report>
				<misses>7585001</misses>
				<total>45</total>
				<timestamp>2121.678050</timestamp>
			</report>
			<report>
				<misses>7586001</misses>
				<total>45</total>
				<timestamp>2121.957778</timestamp>
			</report>
			<report>
				<misses>7587001</misses>
				<total>45</total>
				<timestamp>2122.237499</timestamp>
			</report>
			<report>
				<misses>7588001</misses>
				<total>45</total>
				<timestamp>2122.517255</timestamp>
			</report>
			<report>
				<misses>7589001</misses>
				<total>45</total>
				<timestamp>2122.796961</timestamp>
			</report>
			<report>
				<misses>7590001</misses>
				<total>47</total>
				<timestamp>2123.076641</timestamp>
			</report>
			<report>
				<misses>7591001</misses>
				<total>47</total>
				<timestamp>2123.356437</timestamp>
			</report>
			<report>
				<misses>7592001</misses>
				<total>47</total>
				<timestamp>2123.636132</timestamp>
			</report>
			<report>
				<misses>7593001</misses>
				<total>47</total>
				<timestamp>2123.915848</timestamp>
			</report>
			<report>
				<misses>7594001</misses>
				<total>47</total>
				<timestamp>2124.195539</timestamp>
			</report>
			<report>
				<misses>7595001</misses>
				<total>47</total>
				<timestamp>2124.475324</timestamp>
			</report>
			<report>
				<misses>7596001</misses>
				<total>47</total>
				<timestamp>2124.754963</timestamp>
			</report>
			<report>
				<misses>7597001</misses>
				<total>47</total>
				<timestamp>2125.034743</timestamp>
			</report>
			<report>
				<misses>7598001</misses>
				<total>47</total>
				<timestamp>2125.314446</timestamp>
			</report>
			<report>
				<misses>7599001</misses>
				<total>47</total>
				<timestamp>2125.594162</timestamp>
			</report>
			<report>
				<misses>7600001</misses>
				<total>47</total>
				<timestamp>2125.873881</timestamp>
			</report>
			<report>
				<misses>7601001</misses>
				<total>47</total>
				<timestamp>2126.153593</timestamp>
			</report>
			<report>
				<misses>7602001</misses>
				<total>47</total>
				<timestamp>2126.433348</timestamp>
			</report>
			<report>
				<misses>7603001</misses>
				<total>47</total>
				<timestamp>2126.713031</timestamp>
			</report>
			<report>
				<misses>7604001</misses>
				<total>47</total>
				<timestamp>2126.992756</timestamp>
			</report>
			<report>
				<misses>7605001</misses>
				<total>47</total>
				<timestamp>2127.272467</timestamp>
			</report>
			<report>
				<misses>7606001</misses>
				<total>47</total>
				<timestamp>2127.552172</timestamp>
			</report>
			<report>
				<misses>7607001</misses>
				<total>47</total>
				<timestamp>2127.831895</timestamp>
			</report>
			<report>
				<misses>7608001</misses>
				<total>47</total>
				<timestamp>2128.111622</timestamp>
			</report>
			<report>
				<misses>7609001</misses>
				<total>47</total>
				<timestamp>2128.391355</timestamp>
			</report>
			<report>
				<misses>7610001</misses>
				<total>47</total>
				<timestamp>2128.671060</timestamp>
			</report>
			<report>
				<misses>7611001</misses>
				<total>47</total>
				<timestamp>2128.950842</timestamp>
			</report>
			<report>
				<misses>7612001</misses>
				<total>47</total>
				<timestamp>2129.230488</timestamp>
			</report>
			<report>
				<misses>7613001</misses>
				<total>47</total>
				<timestamp>2129.510302</timestamp>
			</report>
			<report>
				<misses>7614001</misses>
				<total>47</total>
				<timestamp>2129.789946</timestamp>
			</report>
			<report>
				<misses>7615001</misses>
				<total>47</total>
				<timestamp>2130.069651</timestamp>
			</report>
			<report>
				<misses>7616001</misses>
				<total>47</total>
				<timestamp>2130.349371</timestamp>
			</report>
			<report>
				<misses>7617001</misses>
				<total>47</total>
				<timestamp>2130.629130</timestamp>
			</report>
			<report>
				<misses>7618001</misses>
				<total>47</total>
				<timestamp>2130.908815</timestamp>
			</report>
			<report>
				<misses>7619001</misses>
				<total>47</total>
				<timestamp>2131.188530</timestamp>
			</report>
			<report>
				<misses>7620001</misses>
				<total>47</total>
				<timestamp>2131.468321</timestamp>
			</report>
			<report>
				<misses>7621001</misses>
				<total>47</total>
				<timestamp>2131.747969</timestamp>
			</report>
			<report>
				<misses>7622001</misses>
				<total>47</total>
				<timestamp>2132.027700</timestamp>
			</report>
			<report>
				<misses>7623001</misses>
				<total>47</total>
				<timestamp>2132.307479</timestamp>
			</report>
			<report>
				<misses>7624001</misses>
				<total>47</total>
				<timestamp>2132.587160</timestamp>
			</report>
			<report>
				<misses>7625001</misses>
				<total>47</total>
				<timestamp>2132.866903</timestamp>
			</report>
			<report>
				<misses>7626001</misses>
				<total>47</total>
				<timestamp>2133.146627</timestamp>
			</report>
			<report>
				<misses>7627001</misses>
				<total>47</total>
				<timestamp>2133.426343</timestamp>
			</report>
			<report>
				<misses>7628001</misses>
				<total>47</total>
				<timestamp>2133.706094</timestamp>
			</report>
			<report>
				<misses>7629001</misses>
				<total>47</total>
				<timestamp>2133.985758</timestamp>
			</report>
			<report>
				<misses>7630001</misses>
				<total>47</total>
				<timestamp>2134.265454</timestamp>
			</report>
			<report>
				<misses>7631001</misses>
				<total>47</total>
				<timestamp>2134.545292</timestamp>
			</report>
			<report>
				<misses>7632001</misses>
				<total>47</total>
				<timestamp>2134.824909</timestamp>
			</report>
			<report>
				<misses>7633001</misses>
				<total>47</total>
				<timestamp>2135.104607</timestamp>
			</report>
			<report>
				<misses>7634001</misses>
				<total>47</total>
				<timestamp>2135.384326</timestamp>
			</report>
			<report>
				<misses>7635001</misses>
				<total>47</total>
				<timestamp>2135.664069</timestamp>
			</report>
			<report>
				<misses>7636001</misses>
				<total>47</total>
				<timestamp>2135.943782</timestamp>
			</report>
			<report>
				<misses>7637001</misses>
				<total>47</total>
				<timestamp>2136.223549</timestamp>
			</report>
			<report>
				<misses>7638001</misses>
				<total>47</total>
				<timestamp>2136.503254</timestamp>
			</report>
			<report>
				<misses>7639001</misses>
				<total>47</total>
				<timestamp>2136.782926</timestamp>
			</report>
			<report>
				<misses>7640001</misses>
				<total>47</total>
				<timestamp>2137.062670</timestamp>
			</report>
			<report>
				<misses>7641001</misses>
				<total>47</total>
				<timestamp>2137.342377</timestamp>
			</report>
			<report>
				<misses>7642001</misses>
				<total>47</total>
				<timestamp>2137.622116</timestamp>
			</report>
			<report>
				<misses>7643001</misses>
				<total>47</total>
				<timestamp>2137.901812</timestamp>
			</report>
			<report>
				<misses>7644001</misses>
				<total>47</total>
				<timestamp>2138.181523</timestamp>
			</report>
			<report>
				<misses>7645001</misses>
				<total>47</total>
				<timestamp>2138.461255</timestamp>
			</report>
			<report>
				<misses>7646001</misses>
				<total>47</total>
				<timestamp>2138.740993</timestamp>
			</report>
			<report>
				<misses>7647001</misses>
				<total>47</total>
				<timestamp>2139.020717</timestamp>
			</report>
			<report>
				<misses>7648001</misses>
				<total>47</total>
				<timestamp>2139.300425</timestamp>
			</report>
			<report>
				<misses>7649001</misses>
				<total>47</total>
				<timestamp>2139.580235</timestamp>
			</report>
			<report>
				<misses>7650001</misses>
				<total>47</total>
				<timestamp>2139.859878</timestamp>
			</report>
			<report>
				<misses>7651001</misses>
				<total>47</total>
				<timestamp>2140.139585</timestamp>
			</report>
			<report>
				<misses>7652001</misses>
				<total>47</total>
				<timestamp>2140.419293</timestamp>
			</report>
			<report>
				<misses>7653001</misses>
				<total>47</total>
				<timestamp>2140.699049</timestamp>
			</report>
			<report>
				<misses>7654001</misses>
				<total>47</total>
				<timestamp>2140.978753</timestamp>
			</report>
			<report>
				<misses>7655001</misses>
				<total>47</total>
				<timestamp>2141.258465</timestamp>
			</report>
			<report>
				<misses>7656001</misses>
				<total>47</total>
				<timestamp>2141.538230</timestamp>
			</report>
			<report>
				<misses>7657001</misses>
				<total>47</total>
				<timestamp>2141.817923</timestamp>
			</report>
			<report>
				<misses>7658001</misses>
				<total>47</total>
				<timestamp>2142.097703</timestamp>
			</report>
			<report>
				<misses>7659001</misses>
				<total>47</total>
				<timestamp>2142.377342</timestamp>
			</report>
			<report>
				<misses>7660001</misses>
				<total>47</total>
				<timestamp>2142.657080</timestamp>
			</report>
			<report>
				<misses>7661001</misses>
				<total>47</total>
				<timestamp>2142.936767</timestamp>
			</report>
			<report>
				<misses>7662001</misses>
				<total>47</total>
				<timestamp>2143.216508</timestamp>
			</report>
			<report>
				<misses>7663001</misses>
				<total>47</total>
				<timestamp>2143.496271</timestamp>
			</report>
			<report>
				<misses>7664001</misses>
				<total>47</total>
				<timestamp>2143.775968</timestamp>
			</report>
			<report>
				<misses>7665001</misses>
				<total>47</total>
				<timestamp>2144.055679</timestamp>
			</report>
			<report>
				<misses>7666001</misses>
				<total>47</total>
				<timestamp>2144.335361</timestamp>
			</report>
			<report>
				<misses>7667001</misses>
				<total>47</total>
				<timestamp>2144.615184</timestamp>
			</report>
			<report>
				<misses>7668001</misses>
				<total>47</total>
				<timestamp>2144.894825</timestamp>
			</report>
			<report>
				<misses>7669001</misses>
				<total>47</total>
				<timestamp>2145.174534</timestamp>
			</report>
			<report>
				<misses>7670001</misses>
				<total>47</total>
				<timestamp>2145.454248</timestamp>
			</report>
			<report>
				<misses>7671001</misses>
				<total>47</total>
				<timestamp>2145.733993</timestamp>
			</report>
			<report>
				<misses>7672001</misses>
				<total>47</total>
				<timestamp>2146.013722</timestamp>
			</report>
			<report>
				<misses>7673001</misses>
				<total>47</total>
				<timestamp>2146.293406</timestamp>
			</report>
			<report>
				<misses>7674001</misses>
				<total>47</total>
				<timestamp>2146.573212</timestamp>
			</report>
			<report>
				<misses>7675001</misses>
				<total>47</total>
				<timestamp>2146.852848</timestamp>
			</report>
			<report>
				<misses>7676001</misses>
				<total>47</total>
				<timestamp>2147.132584</timestamp>
			</report>
			<report>
				<misses>7677001</misses>
				<total>47</total>
				<timestamp>2147.412304</timestamp>
			</report>
			<report>
				<misses>7678001</misses>
				<total>47</total>
				<timestamp>2147.692041</timestamp>
			</report>
			<report>
				<misses>7679001</misses>
				<total>47</total>
				<timestamp>2147.971743</timestamp>
			</report>
			<report>
				<misses>7680001</misses>
				<total>47</total>
				<timestamp>2148.251459</timestamp>
			</report>
			<report>
				<misses>7681001</misses>
				<total>47</total>
				<timestamp>2148.531200</timestamp>
			</report>
			<report>
				<misses>7682001</misses>
				<total>47</total>
				<timestamp>2148.810951</timestamp>
			</report>
			<report>
				<misses>7683001</misses>
				<total>47</total>
				<timestamp>2149.090653</timestamp>
			</report>
			<report>
				<misses>7684001</misses>
				<total>47</total>
				<timestamp>2149.370381</timestamp>
			</report>
			<report>
				<misses>7685001</misses>
				<total>47</total>
				<timestamp>2149.650063</timestamp>
			</report>
			<report>
				<misses>7686001</misses>
				<total>47</total>
				<timestamp>2149.929770</timestamp>
			</report>
			<report>
				<misses>7687001</misses>
				<total>47</total>
				<timestamp>2150.209512</timestamp>
			</report>
			<report>
				<misses>7688001</misses>
				<total>47</total>
				<timestamp>2150.489241</timestamp>
			</report>
			<report>
				<misses>7689001</misses>
				<total>47</total>
				<timestamp>2150.768979</timestamp>
			</report>
			<report>
				<misses>7690001</misses>
				<total>47</total>
				<timestamp>2151.048691</timestamp>
			</report>
			<report>
				<misses>7691001</misses>
				<total>47</total>
				<timestamp>2151.328444</timestamp>
			</report>
			<report>
				<misses>7692001</misses>
				<total>47</total>
				<timestamp>2151.608236</timestamp>
			</report>
			<report>
				<misses>7693001</misses>
				<total>47</total>
				<timestamp>2151.887812</timestamp>
			</report>
			<report>
				<misses>7694001</misses>
				<total>47</total>
				<timestamp>2152.167532</timestamp>
			</report>
			<report>
				<misses>7695001</misses>
				<total>47</total>
				<timestamp>2152.447297</timestamp>
			</report>
			<report>
				<misses>7696001</misses>
				<total>47</total>
				<timestamp>2152.726972</timestamp>
			</report>
			<report>
				<misses>7697001</misses>
				<total>47</total>
				<timestamp>2153.006714</timestamp>
			</report>
			<report>
				<misses>7698001</misses>
				<total>47</total>
				<timestamp>2153.286429</timestamp>
			</report>
			<report>
				<misses>7699001</misses>
				<total>47</total>
				<timestamp>2153.566145</timestamp>
			</report>
			<report>
				<misses>7700001</misses>
				<total>47</total>
				<timestamp>2153.845886</timestamp>
			</report>
			<report>
				<misses>7701001</misses>
				<total>47</total>
				<timestamp>2154.125592</timestamp>
			</report>
			<report>
				<misses>7702001</misses>
				<total>47</total>
				<timestamp>2154.405287</timestamp>
			</report>
			<report>
				<misses>7703001</misses>
				<total>47</total>
				<timestamp>2154.685059</timestamp>
			</report>
			<report>
				<misses>7704001</misses>
				<total>47</total>
				<timestamp>2154.964781</timestamp>
			</report>
			<report>
				<misses>7705001</misses>
				<total>47</total>
				<timestamp>2155.244460</timestamp>
			</report>
			<report>
				<misses>7706001</misses>
				<total>47</total>
				<timestamp>2155.524213</timestamp>
			</report>
			<report>
				<misses>7707001</misses>
				<total>47</total>
				<timestamp>2155.803956</timestamp>
			</report>
			<report>
				<misses>7708001</misses>
				<total>47</total>
				<timestamp>2156.083625</timestamp>
			</report>
			<report>
				<misses>7709001</misses>
				<total>47</total>
				<timestamp>2156.363332</timestamp>
			</report>
			<report>
				<misses>7710001</misses>
				<total>47</total>
				<timestamp>2156.643085</timestamp>
			</report>
			<report>
				<misses>7711001</misses>
				<total>47</total>
				<timestamp>2156.922776</timestamp>
			</report>
			<report>
				<misses>7712001</misses>
				<total>47</total>
				<timestamp>2157.202516</timestamp>
			</report>
			<report>
				<misses>7713001</misses>
				<total>47</total>
				<timestamp>2157.482260</timestamp>
			</report>
			<report>
				<misses>7714001</misses>
				<total>47</total>
				<timestamp>2157.761941</timestamp>
			</report>
			<report>
				<misses>7715001</misses>
				<total>47</total>
				<timestamp>2158.041664</timestamp>
			</report>
			<report>
				<misses>7716001</misses>
				<total>47</total>
				<timestamp>2158.321392</timestamp>
			</report>
			<report>
				<misses>7717001</misses>
				<total>47</total>
				<timestamp>2158.601166</timestamp>
			</report>
			<report>
				<misses>7718001</misses>
				<total>47</total>
				<timestamp>2158.880808</timestamp>
			</report>
			<report>
				<misses>7719001</misses>
				<total>47</total>
				<timestamp>2159.160535</timestamp>
			</report>
			<report>
				<misses>7720001</misses>
				<total>47</total>
				<timestamp>2159.440261</timestamp>
			</report>
			<report>
				<misses>7721001</misses>
				<total>47</total>
				<timestamp>2159.719978</timestamp>
			</report>
			<report>
				<misses>7722001</misses>
				<total>47</total>
				<timestamp>2159.999711</timestamp>
			</report>
			<report>
				<misses>7723001</misses>
				<total>47</total>
				<timestamp>2160.279412</timestamp>
			</report>
			<report>
				<misses>7724001</misses>
				<total>47</total>
				<timestamp>2160.559148</timestamp>
			</report>
			<report>
				<misses>7725001</misses>
				<total>47</total>
				<timestamp>2160.838899</timestamp>
			</report>
			<report>
				<misses>7726001</misses>
				<total>47</total>
				<timestamp>2161.118608</timestamp>
			</report>
			<report>
				<misses>7727001</misses>
				<total>47</total>
				<timestamp>2161.398367</timestamp>
			</report>
			<report>
				<misses>7728001</misses>
				<total>47</total>
				<timestamp>2161.678017</timestamp>
			</report>
			<report>
				<misses>7729001</misses>
				<total>47</total>
				<timestamp>2161.957768</timestamp>
			</report>
			<report>
				<misses>7730001</misses>
				<total>47</total>
				<timestamp>2162.237452</timestamp>
			</report>
			<report>
				<misses>7731001</misses>
				<total>47</total>
				<timestamp>2162.517180</timestamp>
			</report>
			<report>
				<misses>7732001</misses>
				<total>47</total>
				<timestamp>2162.796912</timestamp>
			</report>
			<report>
				<misses>7733001</misses>
				<total>47</total>
				<timestamp>2163.076648</timestamp>
			</report>
			<report>
				<misses>7734001</misses>
				<total>47</total>
				<timestamp>2163.356343</timestamp>
			</report>
			<report>
				<misses>7735001</misses>
				<total>47</total>
				<timestamp>2163.636120</timestamp>
			</report>
			<report>
				<misses>7736001</misses>
				<total>47</total>
				<timestamp>2163.915829</timestamp>
			</report>
			<report>
				<misses>7737001</misses>
				<total>47</total>
				<timestamp>2164.195488</timestamp>
			</report>
			<report>
				<misses>7738001</misses>
				<total>47</total>
				<timestamp>2164.475237</timestamp>
			</report>
			<report>
				<misses>7739001</misses>
				<total>47</total>
				<timestamp>2164.754947</timestamp>
			</report>
			<report>
				<misses>7740001</misses>
				<total>47</total>
				<timestamp>2165.034654</timestamp>
			</report>
			<report>
				<misses>7741001</misses>
				<total>47</total>
				<timestamp>2165.314373</timestamp>
			</report>
			<report>
				<misses>7742001</misses>
				<total>47</total>
				<timestamp>2165.594100</timestamp>
			</report>
			<report>
				<misses>7743001</misses>
				<total>47</total>
				<timestamp>2165.873820</timestamp>
			</report>
			<report>
				<misses>7744001</misses>
				<total>47</total>
				<timestamp>2166.153555</timestamp>
			</report>
			<report>
				<misses>7745001</misses>
				<total>47</total>
				<timestamp>2166.433269</timestamp>
			</report>
			<report>
				<misses>7746001</misses>
				<total>47</total>
				<timestamp>2166.713031</timestamp>
			</report>
			<report>
				<misses>7747001</misses>
				<total>47</total>
				<timestamp>2166.992707</timestamp>
			</report>
			<report>
				<misses>7748001</misses>
				<total>47</total>
				<timestamp>2167.272405</timestamp>
			</report>
			<report>
				<misses>7749001</misses>
				<total>47</total>
				<timestamp>2167.552170</timestamp>
			</report>
			<report>
				<misses>7750001</misses>
				<total>47</total>
				<timestamp>2167.831879</timestamp>
			</report>
			<report>
				<misses>7751001</misses>
				<total>47</total>
				<timestamp>2168.111605</timestamp>
			</report>
			<report>
				<misses>7752001</misses>
				<total>47</total>
				<timestamp>2168.391321</timestamp>
			</report>
			<report>
				<misses>7753001</misses>
				<total>47</total>
				<timestamp>2168.671085</timestamp>
			</report>
			<report>
				<misses>7754001</misses>
				<total>47</total>
				<timestamp>2168.950745</timestamp>
			</report>
			<report>
				<misses>7755001</misses>
				<total>47</total>
				<timestamp>2169.230451</timestamp>
			</report>
			<report>
				<misses>7756001</misses>
				<total>47</total>
				<timestamp>2169.510183</timestamp>
			</report>
			<report>
				<misses>7757001</misses>
				<total>47</total>
				<timestamp>2169.789929</timestamp>
			</report>
			<report>
				<misses>7758001</misses>
				<total>47</total>
				<timestamp>2170.069622</timestamp>
			</report>
			<report>
				<misses>7759001</misses>
				<total>47</total>
				<timestamp>2170.349327</timestamp>
			</report>
			<report>
				<misses>7760001</misses>
				<total>47</total>
				<timestamp>2170.629082</timestamp>
			</report>
			<report>
				<misses>7761001</misses>
				<total>47</total>
				<timestamp>2170.908857</timestamp>
			</report>
			<report>
				<misses>7762001</misses>
				<total>47</total>
				<timestamp>2171.188529</timestamp>
			</report>
			<report>
				<misses>7763001</misses>
				<total>47</total>
				<timestamp>2171.468224</timestamp>
			</report>
			<report>
				<misses>7764001</misses>
				<total>47</total>
				<timestamp>2171.748005</timestamp>
			</report>
			<report>
				<misses>7765001</misses>
				<total>47</total>
				<timestamp>2172.027660</timestamp>
			</report>
			<report>
				<misses>7766001</misses>
				<total>47</total>
				<timestamp>2172.307387</timestamp>
			</report>
			<report>
				<misses>7767001</misses>
				<total>47</total>
				<timestamp>2172.587143</timestamp>
			</report>
			<report>
				<misses>7768001</misses>
				<total>47</total>
				<timestamp>2172.866821</timestamp>
			</report>
			<report>
				<misses>7769001</misses>
				<total>47</total>
				<timestamp>2173.146529</timestamp>
			</report>
			<report>
				<misses>7770001</misses>
				<total>47</total>
				<timestamp>2173.426261</timestamp>
			</report>
			<report>
				<misses>7771001</misses>
				<total>47</total>
				<timestamp>2173.706016</timestamp>
			</report>
			<report>
				<misses>7772001</misses>
				<total>47</total>
				<timestamp>2173.985721</timestamp>
			</report>
			<report>
				<misses>7773001</misses>
				<total>47</total>
				<timestamp>2174.265402</timestamp>
			</report>
			<report>
				<misses>7774001</misses>
				<total>47</total>
				<timestamp>2174.545139</timestamp>
			</report>
			<report>
				<misses>7775001</misses>
				<total>47</total>
				<timestamp>2174.824874</timestamp>
			</report>
			<report>
				<misses>7776001</misses>
				<total>47</total>
				<timestamp>2175.104591</timestamp>
			</report>
			<report>
				<misses>7777001</misses>
				<total>47</total>
				<timestamp>2175.384316</timestamp>
			</report>
			<report>
				<misses>7778001</misses>
				<total>47</total>
				<timestamp>2175.664040</timestamp>
			</report>
			<report>
				<misses>7779001</misses>
				<total>47</total>
				<timestamp>2175.943787</timestamp>
			</report>
			<report>
				<misses>7780001</misses>
				<total>47</total>
				<timestamp>2176.223466</timestamp>
			</report>
			<report>
				<misses>7781001</misses>
				<total>47</total>
				<timestamp>2176.503188</timestamp>
			</report>
			<report>
				<misses>7782001</misses>
				<total>47</total>
				<timestamp>2176.782896</timestamp>
			</report>
			<report>
				<misses>7783001</misses>
				<total>47</total>
				<timestamp>2177.062629</timestamp>
			</report>
			<report>
				<misses>7784001</misses>
				<total>47</total>
				<timestamp>2177.342337</timestamp>
			</report>
			<report>
				<misses>7785001</misses>
				<total>47</total>
				<timestamp>2177.622120</timestamp>
			</report>
			<report>
				<misses>7786001</misses>
				<total>47</total>
				<timestamp>2177.901879</timestamp>
			</report>
			<report>
				<misses>7787001</misses>
				<total>47</total>
				<timestamp>2178.181516</timestamp>
			</report>
			<report>
				<misses>7788001</misses>
				<total>47</total>
				<timestamp>2178.461232</timestamp>
			</report>
			<report>
				<misses>7789001</misses>
				<total>47</total>
				<timestamp>2178.740943</timestamp>
			</report>
			<report>
				<misses>7790001</misses>
				<total>47</total>
				<timestamp>2179.020693</timestamp>
			</report>
			<report>
				<misses>7791001</misses>
				<total>47</total>
				<timestamp>2179.300365</timestamp>
			</report>
			<report>
				<misses>7792001</misses>
				<total>47</total>
				<timestamp>2179.580110</timestamp>
			</report>
			<report>
				<misses>7793001</misses>
				<total>47</total>
				<timestamp>2179.859815</timestamp>
			</report>
			<report>
				<misses>7794001</misses>
				<total>47</total>
				<timestamp>2180.139522</timestamp>
			</report>
			<report>
				<misses>7795001</misses>
				<total>47</total>
				<timestamp>2180.419260</timestamp>
			</report>
			<report>
				<misses>7796001</misses>
				<total>47</total>
				<timestamp>2180.698969</timestamp>
			</report>
			<report>
				<misses>7797001</misses>
				<total>47</total>
				<timestamp>2180.978736</timestamp>
			</report>
			<report>
				<misses>7798001</misses>
				<total>47</total>
				<timestamp>2181.258418</timestamp>
			</report>
			<report>
				<misses>7799001</misses>
				<total>47</total>
				<timestamp>2181.538128</timestamp>
			</report>
			<report>
				<misses>7800001</misses>
				<total>47</total>
				<timestamp>2181.817896</timestamp>
			</report>
			<report>
				<misses>7801001</misses>
				<total>47</total>
				<timestamp>2182.097568</timestamp>
			</report>
			<report>
				<misses>7802001</misses>
				<total>47</total>
				<timestamp>2182.377299</timestamp>
			</report>
			<report>
				<misses>7803001</misses>
				<total>47</total>
				<timestamp>2182.657058</timestamp>
			</report>
			<report>
				<misses>7804001</misses>
				<total>47</total>
				<timestamp>2182.936759</timestamp>
			</report>
			<report>
				<misses>7805001</misses>
				<total>47</total>
				<timestamp>2183.216459</timestamp>
			</report>
			<report>
				<misses>7806001</misses>
				<total>47</total>
				<timestamp>2183.496176</timestamp>
			</report>
			<report>
				<misses>7807001</misses>
				<total>47</total>
				<timestamp>2183.775897</timestamp>
			</report>
			<report>
				<misses>7808001</misses>
				<total>47</total>
				<timestamp>2184.055682</timestamp>
			</report>
			<report>
				<misses>7809001</misses>
				<total>47</total>
				<timestamp>2184.335344</timestamp>
			</report>
			<report>
				<misses>7810001</misses>
				<total>47</total>
				<timestamp>2184.615123</timestamp>
			</report>
			<report>
				<misses>7811001</misses>
				<total>47</total>
				<timestamp>2184.894797</timestamp>
			</report>
			<report>
				<misses>7812001</misses>
				<total>47</total>
				<timestamp>2185.174520</timestamp>
			</report>
			<report>
				<misses>7813001</misses>
				<total>47</total>
				<timestamp>2185.454230</timestamp>
			</report>
			<report>
				<misses>7814001</misses>
				<total>47</total>
				<timestamp>2185.733981</timestamp>
			</report>
			<report>
				<misses>7815001</misses>
				<total>47</total>
				<timestamp>2186.013689</timestamp>
			</report>
			<report>
				<misses>7816001</misses>
				<total>47</total>
				<timestamp>2186.293387</timestamp>
			</report>
			<report>
				<misses>7817001</misses>
				<total>47</total>
				<timestamp>2186.573093</timestamp>
			</report>
			<report>
				<misses>7818001</misses>
				<total>47</total>
				<timestamp>2186.852837</timestamp>
			</report>
			<report>
				<misses>7819001</misses>
				<total>47</total>
				<timestamp>2187.132534</timestamp>
			</report>
			<report>
				<misses>7820001</misses>
				<total>47</total>
				<timestamp>2187.412254</timestamp>
			</report>
			<report>
				<misses>7821001</misses>
				<total>47</total>
				<timestamp>2187.691993</timestamp>
			</report>
			<report>
				<misses>7822001</misses>
				<total>47</total>
				<timestamp>2187.971717</timestamp>
			</report>
			<report>
				<misses>7823001</misses>
				<total>47</total>
				<timestamp>2188.251418</timestamp>
			</report>
			<report>
				<misses>7824001</misses>
				<total>47</total>
				<timestamp>2188.531144</timestamp>
			</report>
			<report>
				<misses>7825001</misses>
				<total>47</total>
				<timestamp>2188.810887</timestamp>
			</report>
			<report>
				<misses>7826001</misses>
				<total>47</total>
				<timestamp>2189.090613</timestamp>
			</report>
			<report>
				<misses>7827001</misses>
				<total>47</total>
				<timestamp>2189.370301</timestamp>
			</report>
			<report>
				<misses>7828001</misses>
				<total>47</total>
				<timestamp>2189.650028</timestamp>
			</report>
			<report>
				<misses>7829001</misses>
				<total>47</total>
				<timestamp>2189.929744</timestamp>
			</report>
			<report>
				<misses>7830001</misses>
				<total>47</total>
				<timestamp>2190.209450</timestamp>
			</report>
			<report>
				<misses>7831001</misses>
				<total>47</total>
				<timestamp>2190.489226</timestamp>
			</report>
			<report>
				<misses>7832001</misses>
				<total>47</total>
				<timestamp>2190.768974</timestamp>
			</report>
			<report>
				<misses>7833001</misses>
				<total>47</total>
				<timestamp>2191.048693</timestamp>
			</report>
			<report>
				<misses>7834001</misses>
				<total>47</total>
				<timestamp>2191.328332</timestamp>
			</report>
			<report>
				<misses>7835001</misses>
				<total>47</total>
				<timestamp>2191.608120</timestamp>
			</report>
			<report>
				<misses>7836001</misses>
				<total>47</total>
				<timestamp>2191.887791</timestamp>
			</report>
			<report>
				<misses>7837001</misses>
				<total>47</total>
				<timestamp>2192.167503</timestamp>
			</report>
			<report>
				<misses>7838001</misses>
				<total>47</total>
				<timestamp>2192.447226</timestamp>
			</report>
			<report>
				<misses>7839001</misses>
				<total>47</total>
				<timestamp>2192.727028</timestamp>
			</report>
			<report>
				<misses>7840001</misses>
				<total>47</total>
				<timestamp>2193.006689</timestamp>
			</report>
			<report>
				<misses>7841001</misses>
				<total>47</total>
				<timestamp>2193.286377</timestamp>
			</report>
			<report>
				<misses>7842001</misses>
				<total>47</total>
				<timestamp>2193.566133</timestamp>
			</report>
			<report>
				<misses>7843001</misses>
				<total>47</total>
				<timestamp>2193.845867</timestamp>
			</report>
			<report>
				<misses>7844001</misses>
				<total>47</total>
				<timestamp>2194.125532</timestamp>
			</report>
			<report>
				<misses>7845001</misses>
				<total>47</total>
				<timestamp>2194.405250</timestamp>
			</report>
			<report>
				<misses>7846001</misses>
				<total>47</total>
				<timestamp>2194.685012</timestamp>
			</report>
			<report>
				<misses>7847001</misses>
				<total>47</total>
				<timestamp>2194.964712</timestamp>
			</report>
			<report>
				<misses>7848001</misses>
				<total>47</total>
				<timestamp>2195.244430</timestamp>
			</report>
			<report>
				<misses>7849001</misses>
				<total>47</total>
				<timestamp>2195.524132</timestamp>
			</report>
			<report>
				<misses>7850001</misses>
				<total>47</total>
				<timestamp>2195.803854</timestamp>
			</report>
			<report>
				<misses>7851001</misses>
				<total>47</total>
				<timestamp>2196.083633</timestamp>
			</report>
			<report>
				<misses>7852001</misses>
				<total>47</total>
				<timestamp>2196.363327</timestamp>
			</report>
			<report>
				<misses>7853001</misses>
				<total>47</total>
				<timestamp>2196.643019</timestamp>
			</report>
			<report>
				<misses>7854001</misses>
				<total>47</total>
				<timestamp>2196.922751</timestamp>
			</report>
			<report>
				<misses>7855001</misses>
				<total>47</total>
				<timestamp>2197.202543</timestamp>
			</report>
			<report>
				<misses>7856001</misses>
				<total>47</total>
				<timestamp>2197.482185</timestamp>
			</report>
			<report>
				<misses>7857001</misses>
				<total>47</total>
				<timestamp>2197.761911</timestamp>
			</report>
			<report>
				<misses>7858001</misses>
				<total>47</total>
				<timestamp>2198.041647</timestamp>
			</report>
			<report>
				<misses>7859001</misses>
				<total>47</total>
				<timestamp>2198.321332</timestamp>
			</report>
			<report>
				<misses>7860001</misses>
				<total>47</total>
				<timestamp>2198.601073</timestamp>
			</report>
			<report>
				<misses>7861001</misses>
				<total>47</total>
				<timestamp>2198.880815</timestamp>
			</report>
			<report>
				<misses>7862001</misses>
				<total>47</total>
				<timestamp>2199.160509</timestamp>
			</report>
			<report>
				<misses>7863001</misses>
				<total>47</total>
				<timestamp>2199.440254</timestamp>
			</report>
			<report>
				<misses>7864001</misses>
				<total>47</total>
				<timestamp>2199.719976</timestamp>
			</report>
			<report>
				<misses>7865001</misses>
				<total>47</total>
				<timestamp>2199.999673</timestamp>
			</report>
			<report>
				<misses>7866001</misses>
				<total>47</total>
				<timestamp>2200.279369</timestamp>
			</report>
			<report>
				<misses>7867001</misses>
				<total>47</total>
				<timestamp>2200.559096</timestamp>
			</report>
			<report>
				<misses>7868001</misses>
				<total>47</total>
				<timestamp>2200.838806</timestamp>
			</report>
			<report>
				<misses>7869001</misses>
				<total>47</total>
				<timestamp>2201.118592</timestamp>
			</report>
			<report>
				<misses>7870001</misses>
				<total>47</total>
				<timestamp>2201.398315</timestamp>
			</report>
			<report>
				<misses>7871001</misses>
				<total>47</total>
				<timestamp>2201.678026</timestamp>
			</report>
			<report>
				<misses>7872001</misses>
				<total>47</total>
				<timestamp>2201.957714</timestamp>
			</report>
			<report>
				<misses>7873001</misses>
				<total>47</total>
				<timestamp>2202.237422</timestamp>
			</report>
			<report>
				<misses>7874001</misses>
				<total>47</total>
				<timestamp>2202.517179</timestamp>
			</report>
			<report>
				<misses>7875001</misses>
				<total>47</total>
				<timestamp>2202.796874</timestamp>
			</report>
			<report>
				<misses>7876001</misses>
				<total>47</total>
				<timestamp>2203.076575</timestamp>
			</report>
			<report>
				<misses>7877001</misses>
				<total>47</total>
				<timestamp>2203.356301</timestamp>
			</report>
			<report>
				<misses>7878001</misses>
				<total>47</total>
				<timestamp>2203.636012</timestamp>
			</report>
			<report>
				<misses>7879001</misses>
				<total>47</total>
				<timestamp>2203.915756</timestamp>
			</report>
			<report>
				<misses>7880001</misses>
				<total>47</total>
				<timestamp>2204.195470</timestamp>
			</report>
			<report>
				<misses>7881001</misses>
				<total>47</total>
				<timestamp>2204.475170</timestamp>
			</report>
			<report>
				<misses>7882001</misses>
				<total>47</total>
				<timestamp>2204.754920</timestamp>
			</report>
			<report>
				<misses>7883001</misses>
				<total>47</total>
				<timestamp>2205.034648</timestamp>
			</report>
			<report>
				<misses>7884001</misses>
				<total>47</total>
				<timestamp>2205.314327</timestamp>
			</report>
			<report>
				<misses>7885001</misses>
				<total>47</total>
				<timestamp>2205.594107</timestamp>
			</report>
			<report>
				<misses>7886001</misses>
				<total>47</total>
				<timestamp>2205.873779</timestamp>
			</report>
			<report>
				<misses>7887001</misses>
				<total>47</total>
				<timestamp>2206.153522</timestamp>
			</report>
			<report>
				<misses>7888001</misses>
				<total>47</total>
				<timestamp>2206.433226</timestamp>
			</report>
			<report>
				<misses>7889001</misses>
				<total>47</total>
				<timestamp>2206.712976</timestamp>
			</report>
			<report>
				<misses>7890001</misses>
				<total>47</total>
				<timestamp>2206.992664</timestamp>
			</report>
			<report>
				<misses>7891001</misses>
				<total>47</total>
				<timestamp>2207.272413</timestamp>
			</report>
			<report>
				<misses>7892001</misses>
				<total>47</total>
				<timestamp>2207.552087</timestamp>
			</report>
			<report>
				<misses>7893001</misses>
				<total>47</total>
				<timestamp>2207.831858</timestamp>
			</report>
			<report>
				<misses>7894001</misses>
				<total>47</total>
				<timestamp>2208.111535</timestamp>
			</report>
			<report>
				<misses>7895001</misses>
				<total>47</total>
				<timestamp>2208.391257</timestamp>
			</report>
			<report>
				<misses>7896001</misses>
				<total>47</total>
				<timestamp>2208.671054</timestamp>
			</report>
			<report>
				<misses>7897001</misses>
				<total>47</total>
				<timestamp>2208.950734</timestamp>
			</report>
			<report>
				<misses>7898001</misses>
				<total>47</total>
				<timestamp>2209.230422</timestamp>
			</report>
			<report>
				<misses>7899001</misses>
				<total>47</total>
				<timestamp>2209.510129</timestamp>
			</report>
			<report>
				<misses>7900001</misses>
				<total>47</total>
				<timestamp>2209.789882</timestamp>
			</report>
			<report>
				<misses>7901001</misses>
				<total>47</total>
				<timestamp>2210.069607</timestamp>
			</report>
			<report>
				<misses>7902001</misses>
				<total>47</total>
				<timestamp>2210.349293</timestamp>
			</report>
			<report>
				<misses>7903001</misses>
				<total>47</total>
				<timestamp>2210.629046</timestamp>
			</report>
			<report>
				<misses>7904001</misses>
				<total>47</total>
				<timestamp>2210.908765</timestamp>
			</report>
			<report>
				<misses>7905001</misses>
				<total>47</total>
				<timestamp>2211.188463</timestamp>
			</report>
			<report>
				<misses>7906001</misses>
				<total>47</total>
				<timestamp>2211.468176</timestamp>
			</report>
			<report>
				<misses>7907001</misses>
				<total>47</total>
				<timestamp>2211.747980</timestamp>
			</report>
			<report>
				<misses>7908001</misses>
				<total>47</total>
				<timestamp>2212.027644</timestamp>
			</report>
			<report>
				<misses>7909001</misses>
				<total>47</total>
				<timestamp>2212.307384</timestamp>
			</report>
			<report>
				<misses>7910001</misses>
				<total>47</total>
				<timestamp>2212.587072</timestamp>
			</report>
			<report>
				<misses>7911001</misses>
				<total>47</total>
				<timestamp>2212.866837</timestamp>
			</report>
			<report>
				<misses>7912001</misses>
				<total>47</total>
				<timestamp>2213.146537</timestamp>
			</report>
			<report>
				<misses>7913001</misses>
				<total>47</total>
				<timestamp>2213.426210</timestamp>
			</report>
			<report>
				<misses>7914001</misses>
				<total>47</total>
				<timestamp>2213.705983</timestamp>
			</report>
			<report>
				<misses>7915001</misses>
				<total>47</total>
				<timestamp>2213.985681</timestamp>
			</report>
			<report>
				<misses>7916001</misses>
				<total>47</total>
				<timestamp>2214.265408</timestamp>
			</report>
			<report>
				<misses>7917001</misses>
				<total>47</total>
				<timestamp>2214.545157</timestamp>
			</report>
			<report>
				<misses>7918001</misses>
				<total>47</total>
				<timestamp>2214.824877</timestamp>
			</report>
			<report>
				<misses>7919001</misses>
				<total>47</total>
				<timestamp>2215.104606</timestamp>
			</report>
			<report>
				<misses>7920001</misses>
				<total>47</total>
				<timestamp>2215.384247</timestamp>
			</report>
			<report>
				<misses>7921001</misses>
				<total>47</total>
				<timestamp>2215.664018</timestamp>
			</report>
			<report>
				<misses>7922001</misses>
				<total>47</total>
				<timestamp>2215.943712</timestamp>
			</report>
			<report>
				<misses>7923001</misses>
				<total>47</total>
				<timestamp>2216.223409</timestamp>
			</report>
			<report>
				<misses>7924001</misses>
				<total>47</total>
				<timestamp>2216.503132</timestamp>
			</report>
			<report>
				<misses>7925001</misses>
				<total>47</total>
				<timestamp>2216.782918</timestamp>
			</report>
			<report>
				<misses>7926001</misses>
				<total>47</total>
				<timestamp>2217.062592</timestamp>
			</report>
			<report>
				<misses>7927001</misses>
				<total>47</total>
				<timestamp>2217.342303</timestamp>
			</report>
			<report>
				<misses>7928001</misses>
				<total>47</total>
				<timestamp>2217.622024</timestamp>
			</report>
			<report>
				<misses>7929001</misses>
				<total>47</total>
				<timestamp>2217.901774</timestamp>
			</report>
			<report>
				<misses>7930001</misses>
				<total>47</total>
				<timestamp>2218.181462</timestamp>
			</report>
			<report>
				<misses>7931001</misses>
				<total>47</total>
				<timestamp>2218.461180</timestamp>
			</report>
			<report>
				<misses>7932001</misses>
				<total>47</total>
				<timestamp>2218.740945</timestamp>
			</report>
			<report>
				<misses>7933001</misses>
				<total>47</total>
				<timestamp>2219.020628</timestamp>
			</report>
			<report>
				<misses>7934001</misses>
				<total>47</total>
				<timestamp>2219.300387</timestamp>
			</report>
			<report>
				<misses>7935001</misses>
				<total>47</total>
				<timestamp>2219.580055</timestamp>
			</report>
			<report>
				<misses>7936001</misses>
				<total>47</total>
				<timestamp>2219.859803</timestamp>
			</report>
			<report>
				<misses>7937001</misses>
				<total>47</total>
				<timestamp>2220.139529</timestamp>
			</report>
			<report>
				<misses>7938001</misses>
				<total>47</total>
				<timestamp>2220.419212</timestamp>
			</report>
			<report>
				<misses>7939001</misses>
				<total>47</total>
				<timestamp>2220.698959</timestamp>
			</report>
			<report>
				<misses>7940001</misses>
				<total>47</total>
				<timestamp>2220.978677</timestamp>
			</report>
			<report>
				<misses>7941001</misses>
				<total>47</total>
				<timestamp>2221.258430</timestamp>
			</report>
			<report>
				<misses>7942001</misses>
				<total>47</total>
				<timestamp>2221.538098</timestamp>
			</report>
			<report>
				<misses>7943001</misses>
				<total>47</total>
				<timestamp>2221.817869</timestamp>
			</report>
			<report>
				<misses>7944001</misses>
				<total>47</total>
				<timestamp>2222.097554</timestamp>
			</report>
			<report>
				<misses>7945001</misses>
				<total>47</total>
				<timestamp>2222.377257</timestamp>
			</report>
			<report>
				<misses>7946001</misses>
				<total>47</total>
				<timestamp>2222.656969</timestamp>
			</report>
			<report>
				<misses>7947001</misses>
				<total>47</total>
				<timestamp>2222.936718</timestamp>
			</report>
			<report>
				<misses>7948001</misses>
				<total>47</total>
				<timestamp>2223.216487</timestamp>
			</report>
			<report>
				<misses>7949001</misses>
				<total>47</total>
				<timestamp>2223.496149</timestamp>
			</report>
			<report>
				<misses>7950001</misses>
				<total>47</total>
				<timestamp>2223.775930</timestamp>
			</report>
			<report>
				<misses>7951001</misses>
				<total>47</total>
				<timestamp>2224.055622</timestamp>
			</report>
			<report>
				<misses>7952001</misses>
				<total>47</total>
				<timestamp>2224.335330</timestamp>
			</report>
			<report>
				<misses>7953001</misses>
				<total>47</total>
				<timestamp>2224.615012</timestamp>
			</report>
			<report>
				<misses>7954001</misses>
				<total>47</total>
				<timestamp>2224.894830</timestamp>
			</report>
			<report>
				<misses>7955001</misses>
				<total>47</total>
				<timestamp>2225.174509</timestamp>
			</report>
			<report>
				<misses>7956001</misses>
				<total>47</total>
				<timestamp>2225.454180</timestamp>
			</report>
			<report>
				<misses>7957001</misses>
				<total>47</total>
				<timestamp>2225.733915</timestamp>
			</report>
			<report>
				<misses>7958001</misses>
				<total>47</total>
				<timestamp>2226.013664</timestamp>
			</report>
			<report>
				<misses>7959001</misses>
				<total>47</total>
				<timestamp>2226.293369</timestamp>
			</report>
			<report>
				<misses>7960001</misses>
				<total>47</total>
				<timestamp>2226.573061</timestamp>
			</report>
			<report>
				<misses>7961001</misses>
				<total>47</total>
				<timestamp>2226.852773</timestamp>
			</report>
			<report>
				<misses>7962001</misses>
				<total>47</total>
				<timestamp>2227.132509</timestamp>
			</report>
			<report>
				<misses>7963001</misses>
				<total>47</total>
				<timestamp>2227.412217</timestamp>
			</report>
			<report>
				<misses>7964001</misses>
				<total>47</total>
				<timestamp>2227.691953</timestamp>
			</report>
			<report>
				<misses>7965001</misses>
				<total>47</total>
				<timestamp>2227.971675</timestamp>
			</report>
			<report>
				<misses>7966001</misses>
				<total>47</total>
				<timestamp>2228.251459</timestamp>
			</report>
			<report>
				<misses>7967001</misses>
				<total>47</total>
				<timestamp>2228.531089</timestamp>
			</report>
			<report>
				<misses>7968001</misses>
				<total>47</total>
				<timestamp>2228.810900</timestamp>
			</report>
			<report>
				<misses>7969001</misses>
				<total>47</total>
				<timestamp>2229.090566</timestamp>
			</report>
			<report>
				<misses>7970001</misses>
				<total>47</total>
				<timestamp>2229.370259</timestamp>
			</report>
			<report>
				<misses>7971001</misses>
				<total>47</total>
				<timestamp>2229.649971</timestamp>
			</report>
			<report>
				<misses>7972001</misses>
				<total>47</total>
				<timestamp>2229.929760</timestamp>
			</report>
			<report>
				<misses>7973001</misses>
				<total>47</total>
				<timestamp>2230.209442</timestamp>
			</report>
			<report>
				<misses>7974001</misses>
				<total>47</total>
				<timestamp>2230.489187</timestamp>
			</report>
			<report>
				<misses>7975001</misses>
				<total>47</total>
				<timestamp>2230.768909</timestamp>
			</report>
			<report>
				<misses>7976001</misses>
				<total>47</total>
				<timestamp>2231.048583</timestamp>
			</report>
			<report>
				<misses>7977001</misses>
				<total>47</total>
				<timestamp>2231.328320</timestamp>
			</report>
			<report>
				<misses>7978001</misses>
				<total>47</total>
				<timestamp>2231.608015</timestamp>
			</report>
			<report>
				<misses>7979001</misses>
				<total>47</total>
				<timestamp>2231.887785</timestamp>
			</report>
			<report>
				<misses>7980001</misses>
				<total>47</total>
				<timestamp>2232.167495</timestamp>
			</report>
			<report>
				<misses>7981001</misses>
				<total>47</total>
				<timestamp>2232.447183</timestamp>
			</report>
			<report>
				<misses>7982001</misses>
				<total>47</total>
				<timestamp>2232.726963</timestamp>
			</report>
			<report>
				<misses>7983001</misses>
				<total>47</total>
				<timestamp>2233.006616</timestamp>
			</report>
			<report>
				<misses>7984001</misses>
				<total>47</total>
				<timestamp>2233.286350</timestamp>
			</report>
			<report>
				<misses>7985001</misses>
				<total>47</total>
				<timestamp>2233.566052</timestamp>
			</report>
			<report>
				<misses>7986001</misses>
				<total>47</total>
				<timestamp>2233.845875</timestamp>
			</report>
			<report>
				<misses>7987001</misses>
				<total>47</total>
				<timestamp>2234.125499</timestamp>
			</report>
			<report>
				<misses>7988001</misses>
				<total>47</total>
				<timestamp>2234.405213</timestamp>
			</report>
			<report>
				<misses>7989001</misses>
				<total>47</total>
				<timestamp>2234.684945</timestamp>
			</report>
			<report>
				<misses>7990001</misses>
				<total>47</total>
				<timestamp>2234.964674</timestamp>
			</report>
			<report>
				<misses>7991001</misses>
				<total>47</total>
				<timestamp>2235.244448</timestamp>
			</report>
			<report>
				<misses>7992001</misses>
				<total>47</total>
				<timestamp>2235.524103</timestamp>
			</report>
			<report>
				<misses>7993001</misses>
				<total>47</total>
				<timestamp>2235.803842</timestamp>
			</report>
			<report>
				<misses>7994001</misses>
				<total>47</total>
				<timestamp>2236.083538</timestamp>
			</report>
			<report>
				<misses>7995001</misses>
				<total>47</total>
				<timestamp>2236.363257</timestamp>
			</report>
			<report>
				<misses>7996001</misses>
				<total>47</total>
				<timestamp>2236.642976</timestamp>
			</report>
			<report>
				<misses>7997001</misses>
				<total>47</total>
				<timestamp>2236.922783</timestamp>
			</report>
			<report>
				<misses>7998001</misses>
				<total>47</total>
				<timestamp>2237.202443</timestamp>
			</report>
			<report>
				<misses>7999001</misses>
				<total>47</total>
				<timestamp>2237.482173</timestamp>
			</report>
			<report>
				<misses>8000001</misses>
				<total>47</total>
				<timestamp>2237.761858</timestamp>
			</report>
			<report>
				<misses>8001001</misses>
				<total>47</total>
				<timestamp>2238.041601</timestamp>
			</report>
			<report>
				<misses>8002001</misses>
				<total>47</total>
				<timestamp>2238.321296</timestamp>
			</report>
			<report>
				<misses>8003001</misses>
				<total>47</total>
				<timestamp>2238.601010</timestamp>
			</report>
			<report>
				<misses>8004001</misses>
				<total>47</total>
				<timestamp>2238.880783</timestamp>
			</report>
			<report>
				<misses>8005001</misses>
				<total>47</total>
				<timestamp>2239.160458</timestamp>
			</report>
			<report>
				<misses>8006001</misses>
				<total>47</total>
				<timestamp>2239.440182</timestamp>
			</report>
			<report>
				<misses>8007001</misses>
				<total>47</total>
				<timestamp>2239.719899</timestamp>
			</report>
			<report>
				<misses>8008001</misses>
				<total>47</total>
				<timestamp>2239.999657</timestamp>
			</report>
			<report>
				<misses>8009001</misses>
				<total>47</total>
				<timestamp>2240.279339</timestamp>
			</report>
			<report>
				<misses>8010001</misses>
				<total>47</total>
				<timestamp>2240.559066</timestamp>
			</report>
			<report>
				<misses>8011001</misses>
				<total>47</total>
				<timestamp>2240.838825</timestamp>
			</report>
			<report>
				<misses>8012001</misses>
				<total>47</total>
				<timestamp>2241.118546</timestamp>
			</report>
			<report>
				<misses>8013001</misses>
				<total>47</total>
				<timestamp>2241.398230</timestamp>
			</report>
			<report>
				<misses>8014001</misses>
				<total>47</total>
				<timestamp>2241.677934</timestamp>
			</report>
			<report>
				<misses>8015001</misses>
				<total>47</total>
				<timestamp>2241.957699</timestamp>
			</report>
			<report>
				<misses>8016001</misses>
				<total>47</total>
				<timestamp>2242.237397</timestamp>
			</report>
			<report>
				<misses>8017001</misses>
				<total>47</total>
				<timestamp>2242.517112</timestamp>
			</report>
			<report>
				<misses>8018001</misses>
				<total>47</total>
				<timestamp>2242.796819</timestamp>
			</report>
			<report>
				<misses>8019001</misses>
				<total>47</total>
				<timestamp>2243.076532</timestamp>
			</report>
			<report>
				<misses>8020001</misses>
				<total>47</total>
				<timestamp>2243.356276</timestamp>
			</report>
			<report>
				<misses>8021001</misses>
				<total>47</total>
				<timestamp>2243.635983</timestamp>
			</report>
			<report>
				<misses>8022001</misses>
				<total>47</total>
				<timestamp>2243.915749</timestamp>
			</report>
			<report>
				<misses>8023001</misses>
				<total>47</total>
				<timestamp>2244.195439</timestamp>
			</report>
			<report>
				<misses>8024001</misses>
				<total>47</total>
				<timestamp>2244.475139</timestamp>
			</report>
			<report>
				<misses>8025001</misses>
				<total>47</total>
				<timestamp>2244.754910</timestamp>
			</report>
			<report>
				<misses>8026001</misses>
				<total>47</total>
				<timestamp>2245.034587</timestamp>
			</report>
			<report>
				<misses>8027001</misses>
				<total>47</total>
				<timestamp>2245.314318</timestamp>
			</report>
			<report>
				<misses>8028001</misses>
				<total>47</total>
				<timestamp>2245.594060</timestamp>
			</report>
			<report>
				<misses>8029001</misses>
				<total>47</total>
				<timestamp>2245.873795</timestamp>
			</report>
			<report>
				<misses>8030001</misses>
				<total>47</total>
				<timestamp>2246.153516</timestamp>
			</report>
			<report>
				<misses>8031001</misses>
				<total>47</total>
				<timestamp>2246.433206</timestamp>
			</report>
			<report>
				<misses>8032001</misses>
				<total>47</total>
				<timestamp>2246.712895</timestamp>
			</report>
			<report>
				<misses>8033001</misses>
				<total>47</total>
				<timestamp>2246.992702</timestamp>
			</report>
			<report>
				<misses>8034001</misses>
				<total>47</total>
				<timestamp>2247.272417</timestamp>
			</report>
			<report>
				<misses>8035001</misses>
				<total>47</total>
				<timestamp>2247.552088</timestamp>
			</report>
			<report>
				<misses>8036001</misses>
				<total>47</total>
				<timestamp>2247.831809</timestamp>
			</report>
			<report>
				<misses>8037001</misses>
				<total>47</total>
				<timestamp>2248.111596</timestamp>
			</report>
			<report>
				<misses>8038001</misses>
				<total>47</total>
				<timestamp>2248.391229</timestamp>
			</report>
			<report>
				<misses>8039001</misses>
				<total>47</total>
				<timestamp>2248.670929</timestamp>
			</report>
			<report>
				<misses>8040001</misses>
				<total>47</total>
				<timestamp>2248.950679</timestamp>
			</report>
			<report>
				<misses>8041001</misses>
				<total>47</total>
				<timestamp>2249.230397</timestamp>
			</report>
			<report>
				<misses>8042001</misses>
				<total>47</total>
				<timestamp>2249.510091</timestamp>
			</report>
			<report>
				<misses>8043001</misses>
				<total>47</total>
				<timestamp>2249.789853</timestamp>
			</report>
			<report>
				<misses>8044001</misses>
				<total>47</total>
				<timestamp>2250.069547</timestamp>
			</report>
			<report>
				<misses>8045001</misses>
				<total>47</total>
				<timestamp>2250.349315</timestamp>
			</report>
			<report>
				<misses>8046001</misses>
				<total>47</total>
				<timestamp>2250.628978</timestamp>
			</report>
			<report>
				<misses>8047001</misses>
				<total>47</total>
				<timestamp>2250.908746</timestamp>
			</report>
			<report>
				<misses>8048001</misses>
				<total>47</total>
				<timestamp>2251.188442</timestamp>
			</report>
			<report>
				<misses>8049001</misses>
				<total>47</total>
				<timestamp>2251.468148</timestamp>
			</report>
			<report>
				<misses>8050001</misses>
				<total>47</total>
				<timestamp>2251.747866</timestamp>
			</report>
			<report>
				<misses>8051001</misses>
				<total>47</total>
				<timestamp>2252.027580</timestamp>
			</report>
			<report>
				<misses>8052001</misses>
				<total>47</total>
				<timestamp>2252.307320</timestamp>
			</report>
			<report>
				<misses>8053001</misses>
				<total>47</total>
				<timestamp>2252.587021</timestamp>
			</report>
			<report>
				<misses>8054001</misses>
				<total>47</total>
				<timestamp>2252.866749</timestamp>
			</report>
			<report>
				<misses>8055001</misses>
				<total>47</total>
				<timestamp>2253.146471</timestamp>
			</report>
			<report>
				<misses>8056001</misses>
				<total>47</total>
				<timestamp>2253.426167</timestamp>
			</report>
			<report>
				<misses>8057001</misses>
				<total>47</total>
				<timestamp>2253.705906</timestamp>
			</report>
			<report>
				<misses>8058001</misses>
				<total>47</total>
				<timestamp>2253.985687</timestamp>
			</report>
			<report>
				<misses>8059001</misses>
				<total>47</total>
				<timestamp>2254.265366</timestamp>
			</report>
			<report>
				<misses>8060001</misses>
				<total>47</total>
				<timestamp>2254.545065</timestamp>
			</report>
			<report>
				<misses>8061001</misses>
				<total>47</total>
				<timestamp>2254.824843</timestamp>
			</report>
			<report>
				<misses>8062001</misses>
				<total>47</total>
				<timestamp>2255.104504</timestamp>
			</report>
			<report>
				<misses>8063001</misses>
				<total>47</total>
				<timestamp>2255.384225</timestamp>
			</report>
			<report>
				<misses>8064001</misses>
				<total>47</total>
				<timestamp>2255.663933</timestamp>
			</report>
			<report>
				<misses>8065001</misses>
				<total>47</total>
				<timestamp>2255.943672</timestamp>
			</report>
			<report>
				<misses>8066001</misses>
				<total>47</total>
				<timestamp>2256.223390</timestamp>
			</report>
			<report>
				<misses>8067001</misses>
				<total>47</total>
				<timestamp>2256.503089</timestamp>
			</report>
			<report>
				<misses>8068001</misses>
				<total>47</total>
				<timestamp>2256.782814</timestamp>
			</report>
			<report>
				<misses>8069001</misses>
				<total>47</total>
				<timestamp>2257.062556</timestamp>
			</report>
			<report>
				<misses>8070001</misses>
				<total>47</total>
				<timestamp>2257.342342</timestamp>
			</report>
			<report>
				<misses>8071001</misses>
				<total>47</total>
				<timestamp>2257.621964</timestamp>
			</report>
			<report>
				<misses>8072001</misses>
				<total>47</total>
				<timestamp>2257.901739</timestamp>
			</report>
			<report>
				<misses>8073001</misses>
				<total>47</total>
				<timestamp>2258.181456</timestamp>
			</report>
			<report>
				<misses>8074001</misses>
				<total>47</total>
				<timestamp>2258.461119</timestamp>
			</report>
			<report>
				<misses>8075001</misses>
				<total>47</total>
				<timestamp>2258.740878</timestamp>
			</report>
			<report>
				<misses>8076001</misses>
				<total>47</total>
				<timestamp>2259.020571</timestamp>
			</report>
			<report>
				<misses>8077001</misses>
				<total>47</total>
				<timestamp>2259.300328</timestamp>
			</report>
			<report>
				<misses>8078001</misses>
				<total>47</total>
				<timestamp>2259.580012</timestamp>
			</report>
			<report>
				<misses>8079001</misses>
				<total>47</total>
				<timestamp>2259.859813</timestamp>
			</report>
			<report>
				<misses>8080001</misses>
				<total>47</total>
				<timestamp>2260.139460</timestamp>
			</report>
			<report>
				<misses>8081001</misses>
				<total>47</total>
				<timestamp>2260.419186</timestamp>
			</report>
			<report>
				<misses>8082001</misses>
				<total>47</total>
				<timestamp>2260.698900</timestamp>
			</report>
			<report>
				<misses>8083001</misses>
				<total>47</total>
				<timestamp>2260.978742</timestamp>
			</report>
			<report>
				<misses>8084001</misses>
				<total>47</total>
				<timestamp>2261.258358</timestamp>
			</report>
			<report>
				<misses>8085001</misses>
				<total>47</total>
				<timestamp>2261.538048</timestamp>
			</report>
			<report>
				<misses>8086001</misses>
				<total>47</total>
				<timestamp>2261.817798</timestamp>
			</report>
			<report>
				<misses>8087001</misses>
				<total>47</total>
				<timestamp>2262.097497</timestamp>
			</report>
			<report>
				<misses>8088001</misses>
				<total>47</total>
				<timestamp>2262.377277</timestamp>
			</report>
			<report>
				<misses>8089001</misses>
				<total>47</total>
				<timestamp>2262.656936</timestamp>
			</report>
			<report>
				<misses>8090001</misses>
				<total>47</total>
				<timestamp>2262.936683</timestamp>
			</report>
			<report>
				<misses>8091001</misses>
				<total>47</total>
				<timestamp>2263.216393</timestamp>
			</report>
			<report>
				<misses>8092001</misses>
				<total>47</total>
				<timestamp>2263.496086</timestamp>
			</report>
			<report>
				<misses>8093001</misses>
				<total>47</total>
				<timestamp>2263.775813</timestamp>
			</report>
			<report>
				<misses>8094001</misses>
				<total>47</total>
				<timestamp>2264.055621</timestamp>
			</report>
			<report>
				<misses>8095001</misses>
				<total>47</total>
				<timestamp>2264.335295</timestamp>
			</report>
			<report>
				<misses>8096001</misses>
				<total>47</total>
				<timestamp>2264.614968</timestamp>
			</report>
			<report>
				<misses>8097001</misses>
				<total>47</total>
				<timestamp>2264.894730</timestamp>
			</report>
			<report>
				<misses>8098001</misses>
				<total>47</total>
				<timestamp>2265.174429</timestamp>
			</report>
			<report>
				<misses>8099001</misses>
				<total>47</total>
				<timestamp>2265.454143</timestamp>
			</report>
			<report>
				<misses>8100001</misses>
				<total>47</total>
				<timestamp>2265.733846</timestamp>
			</report>
			<report>
				<misses>8101001</misses>
				<total>47</total>
				<timestamp>2266.013651</timestamp>
			</report>
			<report>
				<misses>8102001</misses>
				<total>47</total>
				<timestamp>2266.293354</timestamp>
			</report>
			<report>
				<misses>8103001</misses>
				<total>47</total>
				<timestamp>2266.573024</timestamp>
			</report>
			<report>
				<misses>8104001</misses>
				<total>47</total>
				<timestamp>2266.852783</timestamp>
			</report>
			<report>
				<misses>8105001</misses>
				<total>47</total>
				<timestamp>2267.132462</timestamp>
			</report>
			<report>
				<misses>8106001</misses>
				<total>47</total>
				<timestamp>2267.412224</timestamp>
			</report>
			<report>
				<misses>8107001</misses>
				<total>47</total>
				<timestamp>2267.691914</timestamp>
			</report>
			<report>
				<misses>8108001</misses>
				<total>49</total>
				<timestamp>2267.971665</timestamp>
			</report>
			<report>
				<misses>8109001</misses>
				<total>49</total>
				<timestamp>2268.251393</timestamp>
			</report>
			<report>
				<misses>8110001</misses>
				<total>49</total>
				<timestamp>2268.531064</timestamp>
			</report>
			<report>
				<misses>8111001</misses>
				<total>49</total>
				<timestamp>2268.810790</timestamp>
			</report>
			<report>
				<misses>8112001</misses>
				<total>49</total>
				<timestamp>2269.090498</timestamp>
			</report>
			<report>
				<misses>8113001</misses>
				<total>49</total>
				<timestamp>2269.370243</timestamp>
			</report>
			<report>
				<misses>8114001</misses>
				<total>49</total>
				<timestamp>2269.649938</timestamp>
			</report>
			<report>
				<misses>8115001</misses>
				<total>49</total>
				<timestamp>2269.929657</timestamp>
			</report>
			<report>
				<misses>8116001</misses>
				<total>49</total>
				<timestamp>2270.209374</timestamp>
			</report>
			<report>
				<misses>8117001</misses>
				<total>49</total>
				<timestamp>2270.489120</timestamp>
			</report>
			<report>
				<misses>8118001</misses>
				<total>49</total>
				<timestamp>2270.768808</timestamp>
			</report>
			<report>
				<misses>8119001</misses>
				<total>49</total>
				<timestamp>2271.048543</timestamp>
			</report>
			<report>
				<misses>8120001</misses>
				<total>49</total>
				<timestamp>2271.328262</timestamp>
			</report>
			<report>
				<misses>8121001</misses>
				<total>49</total>
				<timestamp>2271.607967</timestamp>
			</report>
			<report>
				<misses>8122001</misses>
				<total>49</total>
				<timestamp>2271.887707</timestamp>
			</report>
			<report>
				<misses>8123001</misses>
				<total>49</total>
				<timestamp>2272.167426</timestamp>
			</report>
			<report>
				<misses>8124001</misses>
				<total>49</total>
				<timestamp>2272.447184</timestamp>
			</report>
			<report>
				<misses>8125001</misses>
				<total>49</total>
				<timestamp>2272.726870</timestamp>
			</report>
			<report>
				<misses>8126001</misses>
				<total>49</total>
				<timestamp>2273.006608</timestamp>
			</report>
			<report>
				<misses>8127001</misses>
				<total>49</total>
				<timestamp>2273.286364</timestamp>
			</report>
			<report>
				<misses>8128001</misses>
				<total>49</total>
				<timestamp>2273.566008</timestamp>
			</report>
			<report>
				<misses>8129001</misses>
				<total>49</total>
				<timestamp>2273.845810</timestamp>
			</report>
			<report>
				<misses>8130001</misses>
				<total>49</total>
				<timestamp>2274.125460</timestamp>
			</report>
			<report>
				<misses>8131001</misses>
				<total>49</total>
				<timestamp>2274.405250</timestamp>
			</report>
			<report>
				<misses>8132001</misses>
				<total>49</total>
				<timestamp>2274.684943</timestamp>
			</report>
			<report>
				<misses>8133001</misses>
				<total>49</total>
				<timestamp>2274.964624</timestamp>
			</report>
			<report>
				<misses>8134001</misses>
				<total>49</total>
				<timestamp>2275.244354</timestamp>
			</report>
			<report>
				<misses>8135001</misses>
				<total>49</total>
				<timestamp>2275.524145</timestamp>
			</report>
			<report>
				<misses>8136001</misses>
				<total>49</total>
				<timestamp>2275.803770</timestamp>
			</report>
			<report>
				<misses>8137001</misses>
				<total>49</total>
				<timestamp>2276.083518</timestamp>
			</report>
			<report>
				<misses>8138001</misses>
				<total>49</total>
				<timestamp>2276.363297</timestamp>
			</report>
			<report>
				<misses>8139001</misses>
				<total>49</total>
				<timestamp>2276.642964</timestamp>
			</report>
			<report>
				<misses>8140001</misses>
				<total>49</total>
				<timestamp>2276.922751</timestamp>
			</report>
			<report>
				<misses>8141001</misses>
				<total>49</total>
				<timestamp>2277.202369</timestamp>
			</report>
			<report>
				<misses>8142001</misses>
				<total>49</total>
				<timestamp>2277.482167</timestamp>
			</report>
			<report>
				<misses>8143001</misses>
				<total>49</total>
				<timestamp>2277.761835</timestamp>
			</report>
			<report>
				<misses>8144001</misses>
				<total>49</total>
				<timestamp>2278.041612</timestamp>
			</report>
			<report>
				<misses>8145001</misses>
				<total>49</total>
				<timestamp>2278.321270</timestamp>
			</report>
			<report>
				<misses>8146001</misses>
				<total>49</total>
				<timestamp>2278.600967</timestamp>
			</report>
			<report>
				<misses>8147001</misses>
				<total>49</total>
				<timestamp>2278.880744</timestamp>
			</report>
			<report>
				<misses>8148001</misses>
				<total>49</total>
				<timestamp>2279.160430</timestamp>
			</report>
			<report>
				<misses>8149001</misses>
				<total>49</total>
				<timestamp>2279.440185</timestamp>
			</report>
			<report>
				<misses>8150001</misses>
				<total>49</total>
				<timestamp>2279.719854</timestamp>
			</report>
			<report>
				<misses>8151001</misses>
				<total>49</total>
				<timestamp>2279.999648</timestamp>
			</report>
			<report>
				<misses>8152001</misses>
				<total>49</total>
				<timestamp>2280.279336</timestamp>
			</report>
			<report>
				<misses>8153001</misses>
				<total>49</total>
				<timestamp>2280.559079</timestamp>
			</report>
			<report>
				<misses>8154001</misses>
				<total>49</total>
				<timestamp>2280.838784</timestamp>
			</report>
			<report>
				<misses>8155001</misses>
				<total>49</total>
				<timestamp>2281.118464</timestamp>
			</report>
			<report>
				<misses>8156001</misses>
				<total>49</total>
				<timestamp>2281.398214</timestamp>
			</report>
			<report>
				<misses>8157001</misses>
				<total>49</total>
				<timestamp>2281.677921</timestamp>
			</report>
			<report>
				<misses>8158001</misses>
				<total>49</total>
				<timestamp>2281.957600</timestamp>
			</report>
			<report>
				<misses>8159001</misses>
				<total>49</total>
				<timestamp>2282.237415</timestamp>
			</report>
			<report>
				<misses>8160001</misses>
				<total>49</total>
				<timestamp>2282.517061</timestamp>
			</report>
			<report>
				<misses>8161001</misses>
				<total>49</total>
				<timestamp>2282.796819</timestamp>
			</report>
			<report>
				<misses>8162001</misses>
				<total>49</total>
				<timestamp>2283.076559</timestamp>
			</report>
			<report>
				<misses>8163001</misses>
				<total>49</total>
				<timestamp>2283.356217</timestamp>
			</report>
			<report>
				<misses>8164001</misses>
				<total>49</total>
				<timestamp>2283.635981</timestamp>
			</report>
			<report>
				<misses>8165001</misses>
				<total>49</total>
				<timestamp>2283.915674</timestamp>
			</report>
			<report>
				<misses>8166001</misses>
				<total>49</total>
				<timestamp>2284.195374</timestamp>
			</report>
			<report>
				<misses>8167001</misses>
				<total>49</total>
				<timestamp>2284.475145</timestamp>
			</report>
			<report>
				<misses>8168001</misses>
				<total>49</total>
				<timestamp>2284.754809</timestamp>
			</report>
			<report>
				<misses>8169001</misses>
				<total>49</total>
				<timestamp>2285.034586</timestamp>
			</report>
			<report>
				<misses>8170001</misses>
				<total>49</total>
				<timestamp>2285.314271</timestamp>
			</report>
			<report>
				<misses>8171001</misses>
				<total>49</total>
				<timestamp>2285.593977</timestamp>
			</report>
			<report>
				<misses>8172001</misses>
				<total>49</total>
				<timestamp>2285.873700</timestamp>
			</report>
			<report>
				<misses>8173001</misses>
				<total>49</total>
				<timestamp>2286.153417</timestamp>
			</report>
			<report>
				<misses>8174001</misses>
				<total>49</total>
				<timestamp>2286.433157</timestamp>
			</report>
			<report>
				<misses>8175001</misses>
				<total>49</total>
				<timestamp>2286.712921</timestamp>
			</report>
			<report>
				<misses>8176001</misses>
				<total>49</total>
				<timestamp>2286.992617</timestamp>
			</report>
			<report>
				<misses>8177001</misses>
				<total>49</total>
				<timestamp>2287.272309</timestamp>
			</report>
			<report>
				<misses>8178001</misses>
				<total>49</total>
				<timestamp>2287.552056</timestamp>
			</report>
			<report>
				<misses>8179001</misses>
				<total>49</total>
				<timestamp>2287.831765</timestamp>
			</report>
			<report>
				<misses>8180001</misses>
				<total>49</total>
				<timestamp>2288.111453</timestamp>
			</report>
			<report>
				<misses>8181001</misses>
				<total>49</total>
				<timestamp>2288.391202</timestamp>
			</report>
			<report>
				<misses>8182001</misses>
				<total>49</total>
				<timestamp>2288.670915</timestamp>
			</report>
			<report>
				<misses>8183001</misses>
				<total>49</total>
				<timestamp>2288.950676</timestamp>
			</report>
			<report>
				<misses>8184001</misses>
				<total>49</total>
				<timestamp>2289.230368</timestamp>
			</report>
			<report>
				<misses>8185001</misses>
				<total>49</total>
				<timestamp>2289.510122</timestamp>
			</report>
			<report>
				<misses>8186001</misses>
				<total>49</total>
				<timestamp>2289.789778</timestamp>
			</report>
			<report>
				<misses>8187001</misses>
				<total>49</total>
				<timestamp>2290.069504</timestamp>
			</report>
			<report>
				<misses>8188001</misses>
				<total>49</total>
				<timestamp>2290.349240</timestamp>
			</report>
			<report>
				<misses>8189001</misses>
				<total>49</total>
				<timestamp>2290.628936</timestamp>
			</report>
			<report>
				<misses>8190001</misses>
				<total>49</total>
				<timestamp>2290.908664</timestamp>
			</report>
			<report>
				<misses>8191001</misses>
				<total>49</total>
				<timestamp>2291.188384</timestamp>
			</report>
			<report>
				<misses>8192001</misses>
				<total>49</total>
				<timestamp>2291.468129</timestamp>
			</report>
			<report>
				<misses>8193001</misses>
				<total>49</total>
				<timestamp>2291.747820</timestamp>
			</report>
			<report>
				<misses>8194001</misses>
				<total>49</total>
				<timestamp>2292.027530</timestamp>
			</report>
			<report>
				<misses>8195001</misses>
				<total>49</total>
				<timestamp>2292.307311</timestamp>
			</report>
			<report>
				<misses>8196001</misses>
				<total>49</total>
				<timestamp>2292.586968</timestamp>
			</report>
			<report>
				<misses>8197001</misses>
				<total>49</total>
				<timestamp>2292.866697</timestamp>
			</report>
			<report>
				<misses>8198001</misses>
				<total>49</total>
				<timestamp>2293.146495</timestamp>
			</report>
			<report>
				<misses>8199001</misses>
				<total>49</total>
				<timestamp>2293.426137</timestamp>
			</report>
			<report>
				<misses>8200001</misses>
				<total>49</total>
				<timestamp>2293.705941</timestamp>
			</report>
			<report>
				<misses>8201001</misses>
				<total>49</total>
				<timestamp>2293.985648</timestamp>
			</report>
			<report>
				<misses>8202001</misses>
				<total>49</total>
				<timestamp>2294.265302</timestamp>
			</report>
			<report>
				<misses>8203001</misses>
				<total>49</total>
				<timestamp>2294.545023</timestamp>
			</report>
			<report>
				<misses>8204001</misses>
				<total>49</total>
				<timestamp>2294.824744</timestamp>
			</report>
			<report>
				<misses>8205001</misses>
				<total>49</total>
				<timestamp>2295.104518</timestamp>
			</report>
			<report>
				<misses>8206001</misses>
				<total>49</total>
				<timestamp>2295.384224</timestamp>
			</report>
			<report>
				<misses>8207001</misses>
				<total>49</total>
				<timestamp>2295.663897</timestamp>
			</report>
			<report>
				<misses>8208001</misses>
				<total>49</total>
				<timestamp>2295.943609</timestamp>
			</report>
			<report>
				<misses>8209001</misses>
				<total>49</total>
				<timestamp>2296.223353</timestamp>
			</report>
			<report>
				<misses>8210001</misses>
				<total>49</total>
				<timestamp>2296.503082</timestamp>
			</report>
			<report>
				<misses>8211001</misses>
				<total>49</total>
				<timestamp>2296.782779</timestamp>
			</report>
			<report>
				<misses>8212001</misses>
				<total>49</total>
				<timestamp>2297.062493</timestamp>
			</report>
			<report>
				<misses>8213001</misses>
				<total>49</total>
				<timestamp>2297.342219</timestamp>
			</report>
			<report>
				<misses>8214001</misses>
				<total>49</total>
				<timestamp>2297.621969</timestamp>
			</report>
			<report>
				<misses>8215001</misses>
				<total>49</total>
				<timestamp>2297.901679</timestamp>
			</report>
			<report>
				<misses>8216001</misses>
				<total>49</total>
				<timestamp>2298.181377</timestamp>
			</report>
			<report>
				<misses>8217001</misses>
				<total>49</total>
				<timestamp>2298.461129</timestamp>
			</report>
			<report>
				<misses>8218001</misses>
				<total>49</total>
				<timestamp>2298.740813</timestamp>
			</report>
			<report>
				<misses>8219001</misses>
				<total>49</total>
				<timestamp>2299.020585</timestamp>
			</report>
			<report>
				<misses>8220001</misses>
				<total>49</total>
				<timestamp>2299.300263</timestamp>
			</report>
			<report>
				<misses>8221001</misses>
				<total>49</total>
				<timestamp>2299.580012</timestamp>
			</report>
			<report>
				<misses>8222001</misses>
				<total>49</total>
				<timestamp>2299.859689</timestamp>
			</report>
			<report>
				<misses>8223001</misses>
				<total>49</total>
				<timestamp>2300.139473</timestamp>
			</report>
			<report>
				<misses>8224001</misses>
				<total>49</total>
				<timestamp>2300.419163</timestamp>
			</report>
			<report>
				<misses>8225001</misses>
				<total>49</total>
				<timestamp>2300.698916</timestamp>
			</report>
			<report>
				<misses>8226001</misses>
				<total>49</total>
				<timestamp>2300.978621</timestamp>
			</report>
			<report>
				<misses>8227001</misses>
				<total>49</total>
				<timestamp>2301.258298</timestamp>
			</report>
			<report>
				<misses>8228001</misses>
				<total>49</total>
				<timestamp>2301.538062</timestamp>
			</report>
			<report>
				<misses>8229001</misses>
				<total>49</total>
				<timestamp>2301.817776</timestamp>
			</report>
			<report>
				<misses>8230001</misses>
				<total>49</total>
				<timestamp>2302.097483</timestamp>
			</report>
			<report>
				<misses>8231001</misses>
				<total>49</total>
				<timestamp>2302.377167</timestamp>
			</report>
			<report>
				<misses>8232001</misses>
				<total>49</total>
				<timestamp>2302.656921</timestamp>
			</report>
			<report>
				<misses>8233001</misses>
				<total>49</total>
				<timestamp>2302.936658</timestamp>
			</report>
			<report>
				<misses>8234001</misses>
				<total>49</total>
				<timestamp>2303.216330</timestamp>
			</report>
			<report>
				<misses>8235001</misses>
				<total>49</total>
				<timestamp>2303.496092</timestamp>
			</report>
			<report>
				<misses>8236001</misses>
				<total>49</total>
				<timestamp>2303.775783</timestamp>
			</report>
			<report>
				<misses>8237001</misses>
				<total>49</total>
				<timestamp>2304.055597</timestamp>
			</report>
			<report>
				<misses>8238001</misses>
				<total>49</total>
				<timestamp>2304.335227</timestamp>
			</report>
			<report>
				<misses>8239001</misses>
				<total>49</total>
				<timestamp>2304.614994</timestamp>
			</report>
			<report>
				<misses>8240001</misses>
				<total>49</total>
				<timestamp>2304.894695</timestamp>
			</report>
			<report>
				<misses>8241001</misses>
				<total>49</total>
				<timestamp>2305.174465</timestamp>
			</report>
			<report>
				<misses>8242001</misses>
				<total>49</total>
				<timestamp>2305.454169</timestamp>
			</report>
			<report>
				<misses>8243001</misses>
				<total>49</total>
				<timestamp>2305.733811</timestamp>
			</report>
			<report>
				<misses>8244001</misses>
				<total>49</total>
				<timestamp>2306.013548</timestamp>
			</report>
			<report>
				<misses>8245001</misses>
				<total>49</total>
				<timestamp>2306.293253</timestamp>
			</report>
			<report>
				<misses>8246001</misses>
				<total>49</total>
				<timestamp>2306.573001</timestamp>
			</report>
			<report>
				<misses>8247001</misses>
				<total>49</total>
				<timestamp>2306.852711</timestamp>
			</report>
			<report>
				<misses>8248001</misses>
				<total>49</total>
				<timestamp>2307.132460</timestamp>
			</report>
			<report>
				<misses>8249001</misses>
				<total>49</total>
				<timestamp>2307.412141</timestamp>
			</report>
			<report>
				<misses>8250001</misses>
				<total>49</total>
				<timestamp>2307.691893</timestamp>
			</report>
			<report>
				<misses>8251001</misses>
				<total>49</total>
				<timestamp>2307.971589</timestamp>
			</report>
			<report>
				<misses>8252001</misses>
				<total>49</total>
				<timestamp>2308.251291</timestamp>
			</report>
			<report>
				<misses>8253001</misses>
				<total>49</total>
				<timestamp>2308.531023</timestamp>
			</report>
			<report>
				<misses>8254001</misses>
				<total>49</total>
				<timestamp>2308.810750</timestamp>
			</report>
			<report>
				<misses>8255001</misses>
				<total>49</total>
				<timestamp>2309.090460</timestamp>
			</report>
			<report>
				<misses>8256001</misses>
				<total>49</total>
				<timestamp>2309.370183</timestamp>
			</report>
			<report>
				<misses>8257001</misses>
				<total>49</total>
				<timestamp>2309.649923</timestamp>
			</report>
			<report>
				<misses>8258001</misses>
				<total>49</total>
				<timestamp>2309.929614</timestamp>
			</report>
			<report>
				<misses>8259001</misses>
				<total>49</total>
				<timestamp>2310.209336</timestamp>
			</report>
			<report>
				<misses>8260001</misses>
				<total>49</total>
				<timestamp>2310.489045</timestamp>
			</report>
			<report>
				<misses>8261001</misses>
				<total>49</total>
				<timestamp>2310.768776</timestamp>
			</report>
			<report>
				<misses>8262001</misses>
				<total>49</total>
				<timestamp>2311.048488</timestamp>
			</report>
			<report>
				<misses>8263001</misses>
				<total>49</total>
				<timestamp>2311.328201</timestamp>
			</report>
			<report>
				<misses>8264001</misses>
				<total>51</total>
				<timestamp>2311.607993</timestamp>
			</report>
		</query>
	</custom>
	<ethtool_statistic>
		<rx_packets>
			<start>8412403616</start>
			<end>8608628915</end>
		</rx_packets>
		<tx_packets>
			<start>14065836711</start>
			<end>14359005100</end>
		</tx_packets>
		<rx_dropped>
			<start>828</start>
			<end>828</end>
		</rx_dropped>
		<tx_dropped>
			<start>0</start>
			<end>0</end>
		</tx_dropped>
		<collisions>
			<start>0</start>
			<end>0</end>
		</collisions>
		<port_tx_errors>
			<start>0</start>
			<end>0</end>
		</port_tx_errors>
		<port_rx_dropped>
			<start>0</start>
			<end>0</end>
		</port_rx_dropped>
		<port_tx_dropped_link_down>
			<start>0</start>
			<end>0</end>
		</port_tx_dropped_link_down>
	</ethtool_statistic>
	<ip_statistic>
		<mtu>
			<start>9000</start>
			<end>9000</end>
		</mtu>
		<rx_bytes>
			<start>34468389181543</start>
			<end>35246186191366</end>
		</rx_bytes>
		<rx_packets>
			<start>8412403672</start>
			<end>8608629023</end>
		</rx_packets>
		<rx_errors>
			<start>0</start>
			<end>0</end>
		</rx_errors>
		<rx_dropped>
			<start>828</start>
			<end>828</end>
		</rx_dropped>
		<rx_missed>
			<start>0</start>
			<end>0</end>
		</rx_missed>
		<rx_mcast>
			<start>5091</start>
			<end>5121</end>
		</rx_mcast>
		<tx_bytes>
			<start>49287549902604</start>
			<end>50407600876556</end>
		</tx_bytes>
		<tx_packets>
			<start>14065836738</start>
			<end>14359005302</end>
		</tx_packets>
		<tx_errors>
			<start>0</start>
			<end>0</end>
		</tx_errors>
		<tx_dropped>
			<start>0</start>
			<end>0</end>
		</tx_dropped>
		<tx_carrier>
			<start>0</start>
			<end>0</end>
		</tx_carrier>
		<tx_collisions>
			<start>0</start>
			<end>0</end>
		</tx_collisions>
	</ip_statistic>
	<netstat_statistic>
		<udp_pkg_rec>
			<start>7150458934</start>
			<end>7308696950</end>
		</udp_pkg_rec>
		<udp_pkg_snt>
			<start>12225466422</start>
			<end>12460856919</end>
		</udp_pkg_snt>
		<udp_rec_err>
			<start>1263940666</start>
			<end>1301939735</end>
		</udp_rec_err>
		<udp_rec_buf_err>
			<start>1263940666</start>
			<end>1301939735</end>
		</udp_rec_buf_err>
		<udp_snt_buf_err>
			<start>0</start>
			<end>0</end>
		</udp_snt_buf_err>
	</netstat_statistic>
</test_results>
