<?xml version="1.0"?>
<test_results>
	<status>STATUS_SUCCESS</status>
	<custom>
		<num_loss>-1</num_loss>
		<num_total>-1</num_total>
		<num_misses>-1</num_misses>
		<elapsed_time>-1.000000</elapsed_time>
		<query />
	</custom>
	<ethtool_statistic>
		<rx_packets>
			<start>10091618531</start>
			<end>12731515477</end>
		</rx_packets>
		<tx_packets>
			<start>19076</start>
			<end>20101</end>
		</tx_packets>
		<rx_dropped>
			<start>1148</start>
			<end>1148</end>
		</rx_dropped>
		<tx_dropped>
			<start>0</start>
			<end>0</end>
		</tx_dropped>
		<collisions>
			<start>0</start>
			<end>0</end>
		</collisions>
		<port_tx_errors>
			<start>0</start>
			<end>0</end>
		</port_tx_errors>
		<port_rx_dropped>
			<start>0</start>
			<end>0</end>
		</port_rx_dropped>
		<port_tx_dropped_link_down>
			<start>0</start>
			<end>0</end>
		</port_tx_dropped_link_down>
	</ethtool_statistic>
	<ip_statistic>
		<mtu>
			<start>1500</start>
			<end>1500</end>
		</mtu>
		<rx_bytes>
			<start>13359225139886</start>
			<end>17349307918856</end>
		</rx_bytes>
		<rx_packets>
			<start>10091618531</start>
			<end>12731515477</end>
		</rx_packets>
		<rx_errors>
			<start>0</start>
			<end>0</end>
		</rx_errors>
		<rx_dropped>
			<start>1148</start>
			<end>1148</end>
		</rx_dropped>
		<rx_missed>
			<start>0</start>
			<end>0</end>
		</rx_missed>
		<rx_mcast>
			<start>5487</start>
			<end>5491</end>
		</rx_mcast>
		<tx_bytes>
			<start>1154537</start>
			<end>1209011</end>
		</tx_bytes>
		<tx_packets>
			<start>19076</start>
			<end>20101</end>
		</tx_packets>
		<tx_errors>
			<start>0</start>
			<end>0</end>
		</tx_errors>
		<tx_dropped>
			<start>0</start>
			<end>0</end>
		</tx_dropped>
		<tx_carrier>
			<start>0</start>
			<end>0</end>
		</tx_carrier>
		<tx_collisions>
			<start>0</start>
			<end>0</end>
		</tx_collisions>
	</ip_statistic>
	<netstat_statistic>
		<udp_pkg_rec>
			<start>3267115871</start>
			<end>3720171780</end>
		</udp_pkg_rec>
		<udp_pkg_snt>
			<start>1901135788</start>
			<end>2315328028</end>
		</udp_pkg_snt>
		<udp_rec_err>
			<start>195538608</start>
			<end>254081876</end>
		</udp_rec_err>
		<udp_rec_buf_err>
			<start>195538608</start>
			<end>254081876</end>
		</udp_rec_buf_err>
		<udp_snt_buf_err>
			<start>0</start>
			<end>0</end>
		</udp_snt_buf_err>
	</netstat_statistic>
</test_results>
