<?xml version="1.0"?>
<test_results>
	<status>STATUS_SUCCESS</status>
	<custom>
		<num_loss>286</num_loss>
		<num_total>5000001</num_total>
		<num_misses>12</num_misses>
		<elapsed_time>949.052483</elapsed_time>
		<query>
			<report>
				<misses>1001</misses>
				<total>1</total>
				<timestamp>0.190047</timestamp>
			</report>
			<report>
				<misses>2001</misses>
				<total>0</total>
				<timestamp>0.379908</timestamp>
			</report>
			<report>
				<misses>3001</misses>
				<total>1</total>
				<timestamp>0.569607</timestamp>
			</report>
			<report>
				<misses>4001</misses>
				<total>1</total>
				<timestamp>0.759450</timestamp>
			</report>
			<report>
				<misses>5001</misses>
				<total>1</total>
				<timestamp>0.949240</timestamp>
			</report>
			<report>
				<misses>6001</misses>
				<total>1</total>
				<timestamp>1.139103</timestamp>
			</report>
			<report>
				<misses>7001</misses>
				<total>1</total>
				<timestamp>1.328990</timestamp>
			</report>
			<report>
				<misses>8001</misses>
				<total>1</total>
				<timestamp>1.518756</timestamp>
			</report>
			<report>
				<misses>9001</misses>
				<total>1</total>
				<timestamp>1.708471</timestamp>
			</report>
			<report>
				<misses>10001</misses>
				<total>1</total>
				<timestamp>1.898295</timestamp>
			</report>
			<report>
				<misses>11001</misses>
				<total>1</total>
				<timestamp>2.088079</timestamp>
			</report>
			<report>
				<misses>12001</misses>
				<total>1</total>
				<timestamp>2.277969</timestamp>
			</report>
			<report>
				<misses>13001</misses>
				<total>1</total>
				<timestamp>2.467717</timestamp>
			</report>
			<report>
				<misses>14001</misses>
				<total>1</total>
				<timestamp>2.657511</timestamp>
			</report>
			<report>
				<misses>15001</misses>
				<total>1</total>
				<timestamp>2.847342</timestamp>
			</report>
			<report>
				<misses>16001</misses>
				<total>1</total>
				<timestamp>3.037128</timestamp>
			</report>
			<report>
				<misses>17001</misses>
				<total>1</total>
				<timestamp>3.226956</timestamp>
			</report>
			<report>
				<misses>18001</misses>
				<total>1</total>
				<timestamp>3.416797</timestamp>
			</report>
			<report>
				<misses>19001</misses>
				<total>1</total>
				<timestamp>3.606661</timestamp>
			</report>
			<report>
				<misses>20001</misses>
				<total>1</total>
				<timestamp>3.796389</timestamp>
			</report>
			<report>
				<misses>21001</misses>
				<total>1</total>
				<timestamp>3.986197</timestamp>
			</report>
			<report>
				<misses>22001</misses>
				<total>1</total>
				<timestamp>4.176033</timestamp>
			</report>
			<report>
				<misses>23001</misses>
				<total>1</total>
				<timestamp>4.365847</timestamp>
			</report>
			<report>
				<misses>24001</misses>
				<total>1</total>
				<timestamp>4.555620</timestamp>
			</report>
			<report>
				<misses>25001</misses>
				<total>1</total>
				<timestamp>4.745443</timestamp>
			</report>
			<report>
				<misses>26001</misses>
				<total>0</total>
				<timestamp>4.935274</timestamp>
			</report>
			<report>
				<misses>27001</misses>
				<total>1</total>
				<timestamp>5.125108</timestamp>
			</report>
			<report>
				<misses>28001</misses>
				<total>1</total>
				<timestamp>5.314933</timestamp>
			</report>
			<report>
				<misses>29001</misses>
				<total>1</total>
				<timestamp>5.504667</timestamp>
			</report>
			<report>
				<misses>30001</misses>
				<total>1</total>
				<timestamp>5.694495</timestamp>
			</report>
			<report>
				<misses>31001</misses>
				<total>1</total>
				<timestamp>5.884303</timestamp>
			</report>
			<report>
				<misses>32001</misses>
				<total>1</total>
				<timestamp>6.074133</timestamp>
			</report>
			<report>
				<misses>33001</misses>
				<total>1</total>
				<timestamp>6.263924</timestamp>
			</report>
			<report>
				<misses>34001</misses>
				<total>1</total>
				<timestamp>6.453752</timestamp>
			</report>
			<report>
				<misses>35001</misses>
				<total>1</total>
				<timestamp>6.643552</timestamp>
			</report>
			<report>
				<misses>36001</misses>
				<total>0</total>
				<timestamp>6.833423</timestamp>
			</report>
			<report>
				<misses>37001</misses>
				<total>2</total>
				<timestamp>7.023148</timestamp>
			</report>
			<report>
				<misses>38001</misses>
				<total>2</total>
				<timestamp>7.212960</timestamp>
			</report>
			<report>
				<misses>39001</misses>
				<total>2</total>
				<timestamp>7.402774</timestamp>
			</report>
			<report>
				<misses>40001</misses>
				<total>2</total>
				<timestamp>7.592576</timestamp>
			</report>
			<report>
				<misses>41001</misses>
				<total>2</total>
				<timestamp>7.782472</timestamp>
			</report>
			<report>
				<misses>42001</misses>
				<total>2</total>
				<timestamp>7.972195</timestamp>
			</report>
			<report>
				<misses>43001</misses>
				<total>2</total>
				<timestamp>8.162021</timestamp>
			</report>
			<report>
				<misses>44001</misses>
				<total>1</total>
				<timestamp>8.351861</timestamp>
			</report>
			<report>
				<misses>45001</misses>
				<total>2</total>
				<timestamp>8.541681</timestamp>
			</report>
			<report>
				<misses>46001</misses>
				<total>2</total>
				<timestamp>8.731535</timestamp>
			</report>
			<report>
				<misses>47001</misses>
				<total>2</total>
				<timestamp>8.921259</timestamp>
			</report>
			<report>
				<misses>48001</misses>
				<total>2</total>
				<timestamp>9.111039</timestamp>
			</report>
			<report>
				<misses>49001</misses>
				<total>2</total>
				<timestamp>9.300924</timestamp>
			</report>
			<report>
				<misses>50001</misses>
				<total>2</total>
				<timestamp>9.490721</timestamp>
			</report>
			<report>
				<misses>51001</misses>
				<total>2</total>
				<timestamp>9.680556</timestamp>
			</report>
			<report>
				<misses>52001</misses>
				<total>2</total>
				<timestamp>9.870289</timestamp>
			</report>
			<report>
				<misses>53001</misses>
				<total>2</total>
				<timestamp>10.060136</timestamp>
			</report>
			<report>
				<misses>54001</misses>
				<total>2</total>
				<timestamp>10.249939</timestamp>
			</report>
			<report>
				<misses>55001</misses>
				<total>2</total>
				<timestamp>10.439752</timestamp>
			</report>
			<report>
				<misses>56001</misses>
				<total>3</total>
				<timestamp>10.629569</timestamp>
			</report>
			<report>
				<misses>57001</misses>
				<total>3</total>
				<timestamp>10.819400</timestamp>
			</report>
			<report>
				<misses>58001</misses>
				<total>2</total>
				<timestamp>11.009216</timestamp>
			</report>
			<report>
				<misses>59001</misses>
				<total>3</total>
				<timestamp>11.199023</timestamp>
			</report>
			<report>
				<misses>60001</misses>
				<total>3</total>
				<timestamp>11.388825</timestamp>
			</report>
			<report>
				<misses>61001</misses>
				<total>3</total>
				<timestamp>11.578583</timestamp>
			</report>
			<report>
				<misses>62001</misses>
				<total>3</total>
				<timestamp>11.768387</timestamp>
			</report>
			<report>
				<misses>63001</misses>
				<total>3</total>
				<timestamp>11.958210</timestamp>
			</report>
			<report>
				<misses>64001</misses>
				<total>3</total>
				<timestamp>12.148009</timestamp>
			</report>
			<report>
				<misses>65001</misses>
				<total>3</total>
				<timestamp>12.337879</timestamp>
			</report>
			<report>
				<misses>66001</misses>
				<total>3</total>
				<timestamp>12.527714</timestamp>
			</report>
			<report>
				<misses>67001</misses>
				<total>3</total>
				<timestamp>12.717577</timestamp>
			</report>
			<report>
				<misses>68001</misses>
				<total>3</total>
				<timestamp>12.907345</timestamp>
			</report>
			<report>
				<misses>69001</misses>
				<total>3</total>
				<timestamp>13.097150</timestamp>
			</report>
			<report>
				<misses>70001</misses>
				<total>3</total>
				<timestamp>13.286985</timestamp>
			</report>
			<report>
				<misses>71001</misses>
				<total>3</total>
				<timestamp>13.476679</timestamp>
			</report>
			<report>
				<misses>72001</misses>
				<total>3</total>
				<timestamp>13.666518</timestamp>
			</report>
			<report>
				<misses>73001</misses>
				<total>4</total>
				<timestamp>13.856330</timestamp>
			</report>
			<report>
				<misses>74001</misses>
				<total>4</total>
				<timestamp>14.046173</timestamp>
			</report>
			<report>
				<misses>75001</misses>
				<total>4</total>
				<timestamp>14.235981</timestamp>
			</report>
			<report>
				<misses>76001</misses>
				<total>4</total>
				<timestamp>14.425856</timestamp>
			</report>
			<report>
				<misses>77001</misses>
				<total>4</total>
				<timestamp>14.615613</timestamp>
			</report>
			<report>
				<misses>78001</misses>
				<total>4</total>
				<timestamp>14.805467</timestamp>
			</report>
			<report>
				<misses>79001</misses>
				<total>4</total>
				<timestamp>14.995263</timestamp>
			</report>
			<report>
				<misses>80001</misses>
				<total>4</total>
				<timestamp>15.185171</timestamp>
			</report>
			<report>
				<misses>81001</misses>
				<total>4</total>
				<timestamp>15.375004</timestamp>
			</report>
			<report>
				<misses>82001</misses>
				<total>3</total>
				<timestamp>15.564783</timestamp>
			</report>
			<report>
				<misses>83001</misses>
				<total>4</total>
				<timestamp>15.754653</timestamp>
			</report>
			<report>
				<misses>84001</misses>
				<total>4</total>
				<timestamp>15.944667</timestamp>
			</report>
			<report>
				<misses>85001</misses>
				<total>4</total>
				<timestamp>16.134503</timestamp>
			</report>
			<report>
				<misses>86001</misses>
				<total>4</total>
				<timestamp>16.324198</timestamp>
			</report>
			<report>
				<misses>87001</misses>
				<total>4</total>
				<timestamp>16.514398</timestamp>
			</report>
			<report>
				<misses>88001</misses>
				<total>4</total>
				<timestamp>16.704289</timestamp>
			</report>
			<report>
				<misses>89001</misses>
				<total>4</total>
				<timestamp>16.894029</timestamp>
			</report>
			<report>
				<misses>90001</misses>
				<total>4</total>
				<timestamp>17.084079</timestamp>
			</report>
			<report>
				<misses>91001</misses>
				<total>4</total>
				<timestamp>17.273839</timestamp>
			</report>
			<report>
				<misses>92001</misses>
				<total>4</total>
				<timestamp>17.463684</timestamp>
			</report>
			<report>
				<misses>93001</misses>
				<total>4</total>
				<timestamp>17.653680</timestamp>
			</report>
			<report>
				<misses>94001</misses>
				<total>4</total>
				<timestamp>17.843465</timestamp>
			</report>
			<report>
				<misses>95001</misses>
				<total>4</total>
				<timestamp>18.033295</timestamp>
			</report>
			<report>
				<misses>96001</misses>
				<total>4</total>
				<timestamp>18.223078</timestamp>
			</report>
			<report>
				<misses>97001</misses>
				<total>4</total>
				<timestamp>18.412895</timestamp>
			</report>
			<report>
				<misses>98001</misses>
				<total>4</total>
				<timestamp>18.602722</timestamp>
			</report>
			<report>
				<misses>99001</misses>
				<total>4</total>
				<timestamp>18.792525</timestamp>
			</report>
			<report>
				<misses>100001</misses>
				<total>4</total>
				<timestamp>18.982318</timestamp>
			</report>
			<report>
				<misses>101001</misses>
				<total>4</total>
				<timestamp>19.172118</timestamp>
			</report>
			<report>
				<misses>102001</misses>
				<total>4</total>
				<timestamp>19.362005</timestamp>
			</report>
			<report>
				<misses>103001</misses>
				<total>6</total>
				<timestamp>19.551791</timestamp>
			</report>
			<report>
				<misses>104001</misses>
				<total>6</total>
				<timestamp>19.741602</timestamp>
			</report>
			<report>
				<misses>105001</misses>
				<total>6</total>
				<timestamp>19.931353</timestamp>
			</report>
			<report>
				<misses>106001</misses>
				<total>6</total>
				<timestamp>20.121368</timestamp>
			</report>
			<report>
				<misses>107001</misses>
				<total>6</total>
				<timestamp>20.311182</timestamp>
			</report>
			<report>
				<misses>108001</misses>
				<total>6</total>
				<timestamp>20.501003</timestamp>
			</report>
			<report>
				<misses>109001</misses>
				<total>6</total>
				<timestamp>20.690889</timestamp>
			</report>
			<report>
				<misses>110001</misses>
				<total>6</total>
				<timestamp>20.880681</timestamp>
			</report>
			<report>
				<misses>111001</misses>
				<total>10</total>
				<timestamp>21.070408</timestamp>
			</report>
			<report>
				<misses>112001</misses>
				<total>10</total>
				<timestamp>21.260213</timestamp>
			</report>
			<report>
				<misses>113001</misses>
				<total>10</total>
				<timestamp>21.450044</timestamp>
			</report>
			<report>
				<misses>114001</misses>
				<total>10</total>
				<timestamp>21.639871</timestamp>
			</report>
			<report>
				<misses>115001</misses>
				<total>10</total>
				<timestamp>21.829905</timestamp>
			</report>
			<report>
				<misses>116001</misses>
				<total>10</total>
				<timestamp>22.019666</timestamp>
			</report>
			<report>
				<misses>117001</misses>
				<total>10</total>
				<timestamp>22.209485</timestamp>
			</report>
			<report>
				<misses>118001</misses>
				<total>10</total>
				<timestamp>22.399358</timestamp>
			</report>
			<report>
				<misses>119001</misses>
				<total>10</total>
				<timestamp>22.589139</timestamp>
			</report>
			<report>
				<misses>120001</misses>
				<total>10</total>
				<timestamp>22.779048</timestamp>
			</report>
			<report>
				<misses>121001</misses>
				<total>10</total>
				<timestamp>22.968814</timestamp>
			</report>
			<report>
				<misses>122001</misses>
				<total>10</total>
				<timestamp>23.158522</timestamp>
			</report>
			<report>
				<misses>123001</misses>
				<total>10</total>
				<timestamp>23.348343</timestamp>
			</report>
			<report>
				<misses>124001</misses>
				<total>10</total>
				<timestamp>23.538231</timestamp>
			</report>
			<report>
				<misses>125001</misses>
				<total>10</total>
				<timestamp>23.728030</timestamp>
			</report>
			<report>
				<misses>126001</misses>
				<total>10</total>
				<timestamp>23.917781</timestamp>
			</report>
			<report>
				<misses>127001</misses>
				<total>10</total>
				<timestamp>24.107548</timestamp>
			</report>
			<report>
				<misses>128001</misses>
				<total>10</total>
				<timestamp>24.297390</timestamp>
			</report>
			<report>
				<misses>129001</misses>
				<total>10</total>
				<timestamp>24.487192</timestamp>
			</report>
			<report>
				<misses>130001</misses>
				<total>10</total>
				<timestamp>24.677032</timestamp>
			</report>
			<report>
				<misses>131001</misses>
				<total>9</total>
				<timestamp>24.866894</timestamp>
			</report>
			<report>
				<misses>132001</misses>
				<total>10</total>
				<timestamp>25.056690</timestamp>
			</report>
			<report>
				<misses>133001</misses>
				<total>10</total>
				<timestamp>25.246473</timestamp>
			</report>
			<report>
				<misses>134001</misses>
				<total>10</total>
				<timestamp>25.436274</timestamp>
			</report>
			<report>
				<misses>135001</misses>
				<total>10</total>
				<timestamp>25.626025</timestamp>
			</report>
			<report>
				<misses>136001</misses>
				<total>10</total>
				<timestamp>25.815882</timestamp>
			</report>
			<report>
				<misses>137001</misses>
				<total>10</total>
				<timestamp>26.005723</timestamp>
			</report>
			<report>
				<misses>138001</misses>
				<total>10</total>
				<timestamp>26.195532</timestamp>
			</report>
			<report>
				<misses>139001</misses>
				<total>10</total>
				<timestamp>26.385279</timestamp>
			</report>
			<report>
				<misses>140001</misses>
				<total>10</total>
				<timestamp>26.575157</timestamp>
			</report>
			<report>
				<misses>141001</misses>
				<total>10</total>
				<timestamp>26.764914</timestamp>
			</report>
			<report>
				<misses>142001</misses>
				<total>10</total>
				<timestamp>26.954740</timestamp>
			</report>
			<report>
				<misses>143001</misses>
				<total>10</total>
				<timestamp>27.144613</timestamp>
			</report>
			<report>
				<misses>144001</misses>
				<total>10</total>
				<timestamp>27.334334</timestamp>
			</report>
			<report>
				<misses>145001</misses>
				<total>10</total>
				<timestamp>27.524233</timestamp>
			</report>
			<report>
				<misses>146001</misses>
				<total>10</total>
				<timestamp>27.713960</timestamp>
			</report>
			<report>
				<misses>147001</misses>
				<total>10</total>
				<timestamp>27.903826</timestamp>
			</report>
			<report>
				<misses>148001</misses>
				<total>9</total>
				<timestamp>28.093607</timestamp>
			</report>
			<report>
				<misses>149001</misses>
				<total>10</total>
				<timestamp>28.283395</timestamp>
			</report>
			<report>
				<misses>150001</misses>
				<total>10</total>
				<timestamp>28.473219</timestamp>
			</report>
			<report>
				<misses>151001</misses>
				<total>10</total>
				<timestamp>28.662998</timestamp>
			</report>
			<report>
				<misses>152001</misses>
				<total>10</total>
				<timestamp>28.852873</timestamp>
			</report>
			<report>
				<misses>153001</misses>
				<total>10</total>
				<timestamp>29.042660</timestamp>
			</report>
			<report>
				<misses>154001</misses>
				<total>10</total>
				<timestamp>29.232462</timestamp>
			</report>
			<report>
				<misses>155001</misses>
				<total>10</total>
				<timestamp>29.422256</timestamp>
			</report>
			<report>
				<misses>156001</misses>
				<total>10</total>
				<timestamp>29.612117</timestamp>
			</report>
			<report>
				<misses>157001</misses>
				<total>10</total>
				<timestamp>29.801882</timestamp>
			</report>
			<report>
				<misses>158001</misses>
				<total>10</total>
				<timestamp>29.991725</timestamp>
			</report>
			<report>
				<misses>159001</misses>
				<total>10</total>
				<timestamp>30.181477</timestamp>
			</report>
			<report>
				<misses>160001</misses>
				<total>10</total>
				<timestamp>30.371295</timestamp>
			</report>
			<report>
				<misses>161001</misses>
				<total>10</total>
				<timestamp>30.561090</timestamp>
			</report>
			<report>
				<misses>162001</misses>
				<total>10</total>
				<timestamp>30.750938</timestamp>
			</report>
			<report>
				<misses>163001</misses>
				<total>10</total>
				<timestamp>30.940747</timestamp>
			</report>
			<report>
				<misses>164001</misses>
				<total>10</total>
				<timestamp>31.130534</timestamp>
			</report>
			<report>
				<misses>165001</misses>
				<total>12</total>
				<timestamp>31.320429</timestamp>
			</report>
			<report>
				<misses>166001</misses>
				<total>12</total>
				<timestamp>31.510209</timestamp>
			</report>
			<report>
				<misses>167001</misses>
				<total>12</total>
				<timestamp>31.700031</timestamp>
			</report>
			<report>
				<misses>168001</misses>
				<total>12</total>
				<timestamp>31.889833</timestamp>
			</report>
			<report>
				<misses>169001</misses>
				<total>12</total>
				<timestamp>32.079658</timestamp>
			</report>
			<report>
				<misses>170001</misses>
				<total>12</total>
				<timestamp>32.269407</timestamp>
			</report>
			<report>
				<misses>171001</misses>
				<total>12</total>
				<timestamp>32.459223</timestamp>
			</report>
			<report>
				<misses>172001</misses>
				<total>12</total>
				<timestamp>32.649028</timestamp>
			</report>
			<report>
				<misses>173001</misses>
				<total>12</total>
				<timestamp>32.838873</timestamp>
			</report>
			<report>
				<misses>174001</misses>
				<total>12</total>
				<timestamp>33.028673</timestamp>
			</report>
			<report>
				<misses>175001</misses>
				<total>12</total>
				<timestamp>33.218478</timestamp>
			</report>
			<report>
				<misses>176001</misses>
				<total>12</total>
				<timestamp>33.408330</timestamp>
			</report>
			<report>
				<misses>177001</misses>
				<total>12</total>
				<timestamp>33.598063</timestamp>
			</report>
			<report>
				<misses>178001</misses>
				<total>12</total>
				<timestamp>33.787875</timestamp>
			</report>
			<report>
				<misses>179001</misses>
				<total>12</total>
				<timestamp>33.977740</timestamp>
			</report>
			<report>
				<misses>180001</misses>
				<total>12</total>
				<timestamp>34.167531</timestamp>
			</report>
			<report>
				<misses>181001</misses>
				<total>12</total>
				<timestamp>34.357364</timestamp>
			</report>
			<report>
				<misses>182001</misses>
				<total>12</total>
				<timestamp>34.547152</timestamp>
			</report>
			<report>
				<misses>183001</misses>
				<total>12</total>
				<timestamp>34.736913</timestamp>
			</report>
			<report>
				<misses>184001</misses>
				<total>12</total>
				<timestamp>34.926825</timestamp>
			</report>
			<report>
				<misses>185001</misses>
				<total>12</total>
				<timestamp>35.116600</timestamp>
			</report>
			<report>
				<misses>186001</misses>
				<total>12</total>
				<timestamp>35.306422</timestamp>
			</report>
			<report>
				<misses>187001</misses>
				<total>12</total>
				<timestamp>35.496171</timestamp>
			</report>
			<report>
				<misses>188001</misses>
				<total>12</total>
				<timestamp>35.686006</timestamp>
			</report>
			<report>
				<misses>189001</misses>
				<total>12</total>
				<timestamp>35.875797</timestamp>
			</report>
			<report>
				<misses>190001</misses>
				<total>12</total>
				<timestamp>36.065652</timestamp>
			</report>
			<report>
				<misses>191001</misses>
				<total>12</total>
				<timestamp>36.255486</timestamp>
			</report>
			<report>
				<misses>192001</misses>
				<total>12</total>
				<timestamp>36.445214</timestamp>
			</report>
			<report>
				<misses>193001</misses>
				<total>12</total>
				<timestamp>36.635048</timestamp>
			</report>
			<report>
				<misses>194001</misses>
				<total>11</total>
				<timestamp>36.824834</timestamp>
			</report>
			<report>
				<misses>195001</misses>
				<total>12</total>
				<timestamp>37.014662</timestamp>
			</report>
			<report>
				<misses>196001</misses>
				<total>12</total>
				<timestamp>37.204525</timestamp>
			</report>
			<report>
				<misses>197001</misses>
				<total>12</total>
				<timestamp>37.394343</timestamp>
			</report>
			<report>
				<misses>198001</misses>
				<total>12</total>
				<timestamp>37.584254</timestamp>
			</report>
			<report>
				<misses>199001</misses>
				<total>12</total>
				<timestamp>37.774101</timestamp>
			</report>
			<report>
				<misses>200001</misses>
				<total>12</total>
				<timestamp>37.963912</timestamp>
			</report>
			<report>
				<misses>201001</misses>
				<total>12</total>
				<timestamp>38.153781</timestamp>
			</report>
			<report>
				<misses>202001</misses>
				<total>12</total>
				<timestamp>38.343632</timestamp>
			</report>
			<report>
				<misses>203001</misses>
				<total>12</total>
				<timestamp>38.533408</timestamp>
			</report>
			<report>
				<misses>204001</misses>
				<total>12</total>
				<timestamp>38.723128</timestamp>
			</report>
			<report>
				<misses>205001</misses>
				<total>12</total>
				<timestamp>38.912944</timestamp>
			</report>
			<report>
				<misses>206001</misses>
				<total>12</total>
				<timestamp>39.102809</timestamp>
			</report>
			<report>
				<misses>207001</misses>
				<total>12</total>
				<timestamp>39.292582</timestamp>
			</report>
			<report>
				<misses>208001</misses>
				<total>12</total>
				<timestamp>39.482426</timestamp>
			</report>
			<report>
				<misses>209001</misses>
				<total>12</total>
				<timestamp>39.672234</timestamp>
			</report>
			<report>
				<misses>210001</misses>
				<total>12</total>
				<timestamp>39.862022</timestamp>
			</report>
			<report>
				<misses>211001</misses>
				<total>12</total>
				<timestamp>40.051822</timestamp>
			</report>
			<report>
				<misses>212001</misses>
				<total>12</total>
				<timestamp>40.241655</timestamp>
			</report>
			<report>
				<misses>213001</misses>
				<total>12</total>
				<timestamp>40.431425</timestamp>
			</report>
			<report>
				<misses>214001</misses>
				<total>12</total>
				<timestamp>40.621294</timestamp>
			</report>
			<report>
				<misses>215001</misses>
				<total>12</total>
				<timestamp>40.811080</timestamp>
			</report>
			<report>
				<misses>216001</misses>
				<total>12</total>
				<timestamp>41.000971</timestamp>
			</report>
			<report>
				<misses>217001</misses>
				<total>12</total>
				<timestamp>41.190698</timestamp>
			</report>
			<report>
				<misses>218001</misses>
				<total>12</total>
				<timestamp>41.380459</timestamp>
			</report>
			<report>
				<misses>219001</misses>
				<total>12</total>
				<timestamp>41.570406</timestamp>
			</report>
			<report>
				<misses>220001</misses>
				<total>12</total>
				<timestamp>41.760167</timestamp>
			</report>
			<report>
				<misses>221001</misses>
				<total>12</total>
				<timestamp>41.949958</timestamp>
			</report>
			<report>
				<misses>222001</misses>
				<total>12</total>
				<timestamp>42.139743</timestamp>
			</report>
			<report>
				<misses>223001</misses>
				<total>12</total>
				<timestamp>42.329538</timestamp>
			</report>
			<report>
				<misses>224001</misses>
				<total>12</total>
				<timestamp>42.519349</timestamp>
			</report>
			<report>
				<misses>225001</misses>
				<total>12</total>
				<timestamp>42.709184</timestamp>
			</report>
			<report>
				<misses>226001</misses>
				<total>12</total>
				<timestamp>42.899008</timestamp>
			</report>
			<report>
				<misses>227001</misses>
				<total>12</total>
				<timestamp>43.088794</timestamp>
			</report>
			<report>
				<misses>228001</misses>
				<total>12</total>
				<timestamp>43.278590</timestamp>
			</report>
			<report>
				<misses>229001</misses>
				<total>12</total>
				<timestamp>43.468418</timestamp>
			</report>
			<report>
				<misses>230001</misses>
				<total>12</total>
				<timestamp>43.658243</timestamp>
			</report>
			<report>
				<misses>231001</misses>
				<total>12</total>
				<timestamp>43.848002</timestamp>
			</report>
			<report>
				<misses>232001</misses>
				<total>12</total>
				<timestamp>44.037809</timestamp>
			</report>
			<report>
				<misses>233001</misses>
				<total>12</total>
				<timestamp>44.227691</timestamp>
			</report>
			<report>
				<misses>234001</misses>
				<total>12</total>
				<timestamp>44.417437</timestamp>
			</report>
			<report>
				<misses>235001</misses>
				<total>12</total>
				<timestamp>44.607236</timestamp>
			</report>
			<report>
				<misses>236001</misses>
				<total>12</total>
				<timestamp>44.797059</timestamp>
			</report>
			<report>
				<misses>237001</misses>
				<total>12</total>
				<timestamp>44.986863</timestamp>
			</report>
			<report>
				<misses>238001</misses>
				<total>14</total>
				<timestamp>45.176692</timestamp>
			</report>
			<report>
				<misses>239001</misses>
				<total>14</total>
				<timestamp>45.366482</timestamp>
			</report>
			<report>
				<misses>240001</misses>
				<total>14</total>
				<timestamp>45.556309</timestamp>
			</report>
			<report>
				<misses>241001</misses>
				<total>14</total>
				<timestamp>45.746097</timestamp>
			</report>
			<report>
				<misses>242001</misses>
				<total>14</total>
				<timestamp>45.936031</timestamp>
			</report>
			<report>
				<misses>243001</misses>
				<total>14</total>
				<timestamp>46.125849</timestamp>
			</report>
			<report>
				<misses>244001</misses>
				<total>17</total>
				<timestamp>46.315595</timestamp>
			</report>
			<report>
				<misses>245001</misses>
				<total>17</total>
				<timestamp>46.505366</timestamp>
			</report>
			<report>
				<misses>246001</misses>
				<total>17</total>
				<timestamp>46.695192</timestamp>
			</report>
			<report>
				<misses>247001</misses>
				<total>17</total>
				<timestamp>46.884960</timestamp>
			</report>
			<report>
				<misses>248001</misses>
				<total>17</total>
				<timestamp>47.074795</timestamp>
			</report>
			<report>
				<misses>249001</misses>
				<total>17</total>
				<timestamp>47.264677</timestamp>
			</report>
			<report>
				<misses>250001</misses>
				<total>17</total>
				<timestamp>47.454410</timestamp>
			</report>
			<report>
				<misses>251001</misses>
				<total>17</total>
				<timestamp>47.644199</timestamp>
			</report>
			<report>
				<misses>252001</misses>
				<total>17</total>
				<timestamp>47.834002</timestamp>
			</report>
			<report>
				<misses>253001</misses>
				<total>16</total>
				<timestamp>48.023911</timestamp>
			</report>
			<report>
				<misses>254001</misses>
				<total>17</total>
				<timestamp>48.213707</timestamp>
			</report>
			<report>
				<misses>255001</misses>
				<total>17</total>
				<timestamp>48.403436</timestamp>
			</report>
			<report>
				<misses>256001</misses>
				<total>17</total>
				<timestamp>48.593265</timestamp>
			</report>
			<report>
				<misses>257001</misses>
				<total>17</total>
				<timestamp>48.783078</timestamp>
			</report>
			<report>
				<misses>258001</misses>
				<total>17</total>
				<timestamp>48.972966</timestamp>
			</report>
			<report>
				<misses>259001</misses>
				<total>17</total>
				<timestamp>49.162785</timestamp>
			</report>
			<report>
				<misses>260001</misses>
				<total>17</total>
				<timestamp>49.352511</timestamp>
			</report>
			<report>
				<misses>261001</misses>
				<total>17</total>
				<timestamp>49.542299</timestamp>
			</report>
			<report>
				<misses>262001</misses>
				<total>17</total>
				<timestamp>49.732154</timestamp>
			</report>
			<report>
				<misses>263001</misses>
				<total>17</total>
				<timestamp>49.921920</timestamp>
			</report>
			<report>
				<misses>264001</misses>
				<total>17</total>
				<timestamp>50.111727</timestamp>
			</report>
			<report>
				<misses>265001</misses>
				<total>17</total>
				<timestamp>50.301629</timestamp>
			</report>
			<report>
				<misses>266001</misses>
				<total>17</total>
				<timestamp>50.491354</timestamp>
			</report>
			<report>
				<misses>267001</misses>
				<total>17</total>
				<timestamp>50.681192</timestamp>
			</report>
			<report>
				<misses>268001</misses>
				<total>17</total>
				<timestamp>50.871002</timestamp>
			</report>
			<report>
				<misses>269001</misses>
				<total>17</total>
				<timestamp>51.060853</timestamp>
			</report>
			<report>
				<misses>270001</misses>
				<total>17</total>
				<timestamp>51.250604</timestamp>
			</report>
			<report>
				<misses>271001</misses>
				<total>17</total>
				<timestamp>51.440448</timestamp>
			</report>
			<report>
				<misses>272001</misses>
				<total>17</total>
				<timestamp>51.630234</timestamp>
			</report>
			<report>
				<misses>273001</misses>
				<total>17</total>
				<timestamp>51.820066</timestamp>
			</report>
			<report>
				<misses>274001</misses>
				<total>17</total>
				<timestamp>52.009837</timestamp>
			</report>
			<report>
				<misses>275001</misses>
				<total>17</total>
				<timestamp>52.199685</timestamp>
			</report>
			<report>
				<misses>276001</misses>
				<total>17</total>
				<timestamp>52.389470</timestamp>
			</report>
			<report>
				<misses>277001</misses>
				<total>17</total>
				<timestamp>52.579322</timestamp>
			</report>
			<report>
				<misses>278001</misses>
				<total>17</total>
				<timestamp>52.769106</timestamp>
			</report>
			<report>
				<misses>279001</misses>
				<total>17</total>
				<timestamp>52.958937</timestamp>
			</report>
			<report>
				<misses>280001</misses>
				<total>17</total>
				<timestamp>53.148734</timestamp>
			</report>
			<report>
				<misses>281001</misses>
				<total>17</total>
				<timestamp>53.338528</timestamp>
			</report>
			<report>
				<misses>282001</misses>
				<total>17</total>
				<timestamp>53.528334</timestamp>
			</report>
			<report>
				<misses>283001</misses>
				<total>17</total>
				<timestamp>53.718116</timestamp>
			</report>
			<report>
				<misses>284001</misses>
				<total>17</total>
				<timestamp>53.907952</timestamp>
			</report>
			<report>
				<misses>285001</misses>
				<total>17</total>
				<timestamp>54.097767</timestamp>
			</report>
			<report>
				<misses>286001</misses>
				<total>17</total>
				<timestamp>54.287644</timestamp>
			</report>
			<report>
				<misses>287001</misses>
				<total>17</total>
				<timestamp>54.477361</timestamp>
			</report>
			<report>
				<misses>288001</misses>
				<total>17</total>
				<timestamp>54.667202</timestamp>
			</report>
			<report>
				<misses>289001</misses>
				<total>19</total>
				<timestamp>54.857028</timestamp>
			</report>
			<report>
				<misses>290001</misses>
				<total>19</total>
				<timestamp>55.046863</timestamp>
			</report>
			<report>
				<misses>291001</misses>
				<total>19</total>
				<timestamp>55.236642</timestamp>
			</report>
			<report>
				<misses>292001</misses>
				<total>19</total>
				<timestamp>55.426481</timestamp>
			</report>
			<report>
				<misses>293001</misses>
				<total>19</total>
				<timestamp>55.616265</timestamp>
			</report>
			<report>
				<misses>294001</misses>
				<total>19</total>
				<timestamp>55.806081</timestamp>
			</report>
			<report>
				<misses>295001</misses>
				<total>19</total>
				<timestamp>55.995834</timestamp>
			</report>
			<report>
				<misses>296001</misses>
				<total>19</total>
				<timestamp>56.185692</timestamp>
			</report>
			<report>
				<misses>297001</misses>
				<total>19</total>
				<timestamp>56.375594</timestamp>
			</report>
			<report>
				<misses>298001</misses>
				<total>19</total>
				<timestamp>56.565291</timestamp>
			</report>
			<report>
				<misses>299001</misses>
				<total>19</total>
				<timestamp>56.755181</timestamp>
			</report>
			<report>
				<misses>300001</misses>
				<total>19</total>
				<timestamp>56.944942</timestamp>
			</report>
			<report>
				<misses>301001</misses>
				<total>19</total>
				<timestamp>57.134678</timestamp>
			</report>
			<report>
				<misses>302001</misses>
				<total>19</total>
				<timestamp>57.324521</timestamp>
			</report>
			<report>
				<misses>303001</misses>
				<total>19</total>
				<timestamp>57.514295</timestamp>
			</report>
			<report>
				<misses>304001</misses>
				<total>19</total>
				<timestamp>57.704114</timestamp>
			</report>
			<report>
				<misses>305001</misses>
				<total>19</total>
				<timestamp>57.893967</timestamp>
			</report>
			<report>
				<misses>306001</misses>
				<total>19</total>
				<timestamp>58.083731</timestamp>
			</report>
			<report>
				<misses>307001</misses>
				<total>19</total>
				<timestamp>58.273575</timestamp>
			</report>
			<report>
				<misses>308001</misses>
				<total>19</total>
				<timestamp>58.463501</timestamp>
			</report>
			<report>
				<misses>309001</misses>
				<total>19</total>
				<timestamp>58.653192</timestamp>
			</report>
			<report>
				<misses>310001</misses>
				<total>19</total>
				<timestamp>58.843014</timestamp>
			</report>
			<report>
				<misses>311001</misses>
				<total>19</total>
				<timestamp>59.032795</timestamp>
			</report>
			<report>
				<misses>312001</misses>
				<total>19</total>
				<timestamp>59.222608</timestamp>
			</report>
			<report>
				<misses>313001</misses>
				<total>19</total>
				<timestamp>59.412471</timestamp>
			</report>
			<report>
				<misses>314001</misses>
				<total>19</total>
				<timestamp>59.602280</timestamp>
			</report>
			<report>
				<misses>315001</misses>
				<total>19</total>
				<timestamp>59.792055</timestamp>
			</report>
			<report>
				<misses>316001</misses>
				<total>19</total>
				<timestamp>59.981870</timestamp>
			</report>
			<report>
				<misses>317001</misses>
				<total>19</total>
				<timestamp>60.171704</timestamp>
			</report>
			<report>
				<misses>318001</misses>
				<total>19</total>
				<timestamp>60.361553</timestamp>
			</report>
			<report>
				<misses>319001</misses>
				<total>19</total>
				<timestamp>60.551323</timestamp>
			</report>
			<report>
				<misses>320001</misses>
				<total>19</total>
				<timestamp>60.741082</timestamp>
			</report>
			<report>
				<misses>321001</misses>
				<total>19</total>
				<timestamp>60.930877</timestamp>
			</report>
			<report>
				<misses>322001</misses>
				<total>19</total>
				<timestamp>61.120775</timestamp>
			</report>
			<report>
				<misses>323001</misses>
				<total>19</total>
				<timestamp>61.310629</timestamp>
			</report>
			<report>
				<misses>324001</misses>
				<total>19</total>
				<timestamp>61.500307</timestamp>
			</report>
			<report>
				<misses>325001</misses>
				<total>19</total>
				<timestamp>61.690245</timestamp>
			</report>
			<report>
				<misses>326001</misses>
				<total>19</total>
				<timestamp>61.879982</timestamp>
			</report>
			<report>
				<misses>327001</misses>
				<total>19</total>
				<timestamp>62.069792</timestamp>
			</report>
			<report>
				<misses>328001</misses>
				<total>19</total>
				<timestamp>62.259589</timestamp>
			</report>
			<report>
				<misses>329001</misses>
				<total>19</total>
				<timestamp>62.449509</timestamp>
			</report>
			<report>
				<misses>330001</misses>
				<total>19</total>
				<timestamp>62.639171</timestamp>
			</report>
			<report>
				<misses>331001</misses>
				<total>19</total>
				<timestamp>62.829051</timestamp>
			</report>
			<report>
				<misses>332001</misses>
				<total>19</total>
				<timestamp>63.018801</timestamp>
			</report>
			<report>
				<misses>333001</misses>
				<total>19</total>
				<timestamp>63.208631</timestamp>
			</report>
			<report>
				<misses>334001</misses>
				<total>19</total>
				<timestamp>63.398525</timestamp>
			</report>
			<report>
				<misses>335001</misses>
				<total>19</total>
				<timestamp>63.588293</timestamp>
			</report>
			<report>
				<misses>336001</misses>
				<total>19</total>
				<timestamp>63.778037</timestamp>
			</report>
			<report>
				<misses>337001</misses>
				<total>19</total>
				<timestamp>63.967858</timestamp>
			</report>
			<report>
				<misses>338001</misses>
				<total>19</total>
				<timestamp>64.157772</timestamp>
			</report>
			<report>
				<misses>339001</misses>
				<total>19</total>
				<timestamp>64.347587</timestamp>
			</report>
			<report>
				<misses>340001</misses>
				<total>19</total>
				<timestamp>64.537375</timestamp>
			</report>
			<report>
				<misses>341001</misses>
				<total>19</total>
				<timestamp>64.727090</timestamp>
			</report>
			<report>
				<misses>342001</misses>
				<total>19</total>
				<timestamp>64.916891</timestamp>
			</report>
			<report>
				<misses>343001</misses>
				<total>19</total>
				<timestamp>65.106797</timestamp>
			</report>
			<report>
				<misses>344001</misses>
				<total>19</total>
				<timestamp>65.296611</timestamp>
			</report>
			<report>
				<misses>345001</misses>
				<total>19</total>
				<timestamp>65.486390</timestamp>
			</report>
			<report>
				<misses>346001</misses>
				<total>19</total>
				<timestamp>65.676159</timestamp>
			</report>
			<report>
				<misses>347001</misses>
				<total>19</total>
				<timestamp>65.866004</timestamp>
			</report>
			<report>
				<misses>348001</misses>
				<total>19</total>
				<timestamp>66.055891</timestamp>
			</report>
			<report>
				<misses>349001</misses>
				<total>19</total>
				<timestamp>66.245659</timestamp>
			</report>
			<report>
				<misses>350001</misses>
				<total>19</total>
				<timestamp>66.435444</timestamp>
			</report>
			<report>
				<misses>351001</misses>
				<total>19</total>
				<timestamp>66.625261</timestamp>
			</report>
			<report>
				<misses>352001</misses>
				<total>19</total>
				<timestamp>66.815012</timestamp>
			</report>
			<report>
				<misses>353001</misses>
				<total>19</total>
				<timestamp>67.004821</timestamp>
			</report>
			<report>
				<misses>354001</misses>
				<total>19</total>
				<timestamp>67.194702</timestamp>
			</report>
			<report>
				<misses>355001</misses>
				<total>19</total>
				<timestamp>67.384482</timestamp>
			</report>
			<report>
				<misses>356001</misses>
				<total>19</total>
				<timestamp>67.574240</timestamp>
			</report>
			<report>
				<misses>357001</misses>
				<total>19</total>
				<timestamp>67.764065</timestamp>
			</report>
			<report>
				<misses>358001</misses>
				<total>19</total>
				<timestamp>67.953870</timestamp>
			</report>
			<report>
				<misses>359001</misses>
				<total>19</total>
				<timestamp>68.143692</timestamp>
			</report>
			<report>
				<misses>360001</misses>
				<total>19</total>
				<timestamp>68.333532</timestamp>
			</report>
			<report>
				<misses>361001</misses>
				<total>19</total>
				<timestamp>68.523308</timestamp>
			</report>
			<report>
				<misses>362001</misses>
				<total>19</total>
				<timestamp>68.713115</timestamp>
			</report>
			<report>
				<misses>363001</misses>
				<total>19</total>
				<timestamp>68.902933</timestamp>
			</report>
			<report>
				<misses>364001</misses>
				<total>19</total>
				<timestamp>69.092741</timestamp>
			</report>
			<report>
				<misses>365001</misses>
				<total>19</total>
				<timestamp>69.282567</timestamp>
			</report>
			<report>
				<misses>366001</misses>
				<total>19</total>
				<timestamp>69.472348</timestamp>
			</report>
			<report>
				<misses>367001</misses>
				<total>19</total>
				<timestamp>69.662224</timestamp>
			</report>
			<report>
				<misses>368001</misses>
				<total>19</total>
				<timestamp>69.852047</timestamp>
			</report>
			<report>
				<misses>369001</misses>
				<total>19</total>
				<timestamp>70.041789</timestamp>
			</report>
			<report>
				<misses>370001</misses>
				<total>19</total>
				<timestamp>70.231603</timestamp>
			</report>
			<report>
				<misses>371001</misses>
				<total>19</total>
				<timestamp>70.421473</timestamp>
			</report>
			<report>
				<misses>372001</misses>
				<total>19</total>
				<timestamp>70.611266</timestamp>
			</report>
			<report>
				<misses>373001</misses>
				<total>19</total>
				<timestamp>70.801003</timestamp>
			</report>
			<report>
				<misses>374001</misses>
				<total>18</total>
				<timestamp>70.990870</timestamp>
			</report>
			<report>
				<misses>375001</misses>
				<total>19</total>
				<timestamp>71.180694</timestamp>
			</report>
			<report>
				<misses>376001</misses>
				<total>19</total>
				<timestamp>71.370463</timestamp>
			</report>
			<report>
				<misses>377001</misses>
				<total>19</total>
				<timestamp>71.560250</timestamp>
			</report>
			<report>
				<misses>378001</misses>
				<total>19</total>
				<timestamp>71.750068</timestamp>
			</report>
			<report>
				<misses>379001</misses>
				<total>18</total>
				<timestamp>71.939927</timestamp>
			</report>
			<report>
				<misses>380001</misses>
				<total>19</total>
				<timestamp>72.129718</timestamp>
			</report>
			<report>
				<misses>381001</misses>
				<total>19</total>
				<timestamp>72.319574</timestamp>
			</report>
			<report>
				<misses>382001</misses>
				<total>19</total>
				<timestamp>72.509352</timestamp>
			</report>
			<report>
				<misses>383001</misses>
				<total>19</total>
				<timestamp>72.699117</timestamp>
			</report>
			<report>
				<misses>384001</misses>
				<total>19</total>
				<timestamp>72.888950</timestamp>
			</report>
			<report>
				<misses>385001</misses>
				<total>19</total>
				<timestamp>73.078800</timestamp>
			</report>
			<report>
				<misses>386001</misses>
				<total>19</total>
				<timestamp>73.268615</timestamp>
			</report>
			<report>
				<misses>387001</misses>
				<total>19</total>
				<timestamp>73.458361</timestamp>
			</report>
			<report>
				<misses>388001</misses>
				<total>19</total>
				<timestamp>73.648227</timestamp>
			</report>
			<report>
				<misses>389001</misses>
				<total>19</total>
				<timestamp>73.837969</timestamp>
			</report>
			<report>
				<misses>390001</misses>
				<total>19</total>
				<timestamp>74.027787</timestamp>
			</report>
			<report>
				<misses>391001</misses>
				<total>19</total>
				<timestamp>74.217664</timestamp>
			</report>
			<report>
				<misses>392001</misses>
				<total>19</total>
				<timestamp>74.407461</timestamp>
			</report>
			<report>
				<misses>393001</misses>
				<total>19</total>
				<timestamp>74.597206</timestamp>
			</report>
			<report>
				<misses>394001</misses>
				<total>19</total>
				<timestamp>74.787129</timestamp>
			</report>
			<report>
				<misses>395001</misses>
				<total>19</total>
				<timestamp>74.976926</timestamp>
			</report>
			<report>
				<misses>396001</misses>
				<total>19</total>
				<timestamp>75.166653</timestamp>
			</report>
			<report>
				<misses>397001</misses>
				<total>19</total>
				<timestamp>75.356496</timestamp>
			</report>
			<report>
				<misses>398001</misses>
				<total>19</total>
				<timestamp>75.546265</timestamp>
			</report>
			<report>
				<misses>399001</misses>
				<total>19</total>
				<timestamp>75.736090</timestamp>
			</report>
			<report>
				<misses>400001</misses>
				<total>19</total>
				<timestamp>75.925946</timestamp>
			</report>
			<report>
				<misses>401001</misses>
				<total>19</total>
				<timestamp>76.115725</timestamp>
			</report>
			<report>
				<misses>402001</misses>
				<total>19</total>
				<timestamp>76.305547</timestamp>
			</report>
			<report>
				<misses>403001</misses>
				<total>19</total>
				<timestamp>76.495327</timestamp>
			</report>
			<report>
				<misses>404001</misses>
				<total>19</total>
				<timestamp>76.685152</timestamp>
			</report>
			<report>
				<misses>405001</misses>
				<total>19</total>
				<timestamp>76.874933</timestamp>
			</report>
			<report>
				<misses>406001</misses>
				<total>19</total>
				<timestamp>77.064738</timestamp>
			</report>
			<report>
				<misses>407001</misses>
				<total>19</total>
				<timestamp>77.254575</timestamp>
			</report>
			<report>
				<misses>408001</misses>
				<total>19</total>
				<timestamp>77.444433</timestamp>
			</report>
			<report>
				<misses>409001</misses>
				<total>19</total>
				<timestamp>77.634165</timestamp>
			</report>
			<report>
				<misses>410001</misses>
				<total>19</total>
				<timestamp>77.824089</timestamp>
			</report>
			<report>
				<misses>411001</misses>
				<total>19</total>
				<timestamp>78.013787</timestamp>
			</report>
			<report>
				<misses>412001</misses>
				<total>19</total>
				<timestamp>78.203641</timestamp>
			</report>
			<report>
				<misses>413001</misses>
				<total>19</total>
				<timestamp>78.393427</timestamp>
			</report>
			<report>
				<misses>414001</misses>
				<total>19</total>
				<timestamp>78.583220</timestamp>
			</report>
			<report>
				<misses>415001</misses>
				<total>19</total>
				<timestamp>78.773022</timestamp>
			</report>
			<report>
				<misses>416001</misses>
				<total>19</total>
				<timestamp>78.962880</timestamp>
			</report>
			<report>
				<misses>417001</misses>
				<total>19</total>
				<timestamp>79.152715</timestamp>
			</report>
			<report>
				<misses>418001</misses>
				<total>19</total>
				<timestamp>79.342557</timestamp>
			</report>
			<report>
				<misses>419001</misses>
				<total>19</total>
				<timestamp>79.532290</timestamp>
			</report>
			<report>
				<misses>420001</misses>
				<total>19</total>
				<timestamp>79.722111</timestamp>
			</report>
			<report>
				<misses>421001</misses>
				<total>21</total>
				<timestamp>79.911907</timestamp>
			</report>
			<report>
				<misses>422001</misses>
				<total>21</total>
				<timestamp>80.101703</timestamp>
			</report>
			<report>
				<misses>423001</misses>
				<total>21</total>
				<timestamp>80.291527</timestamp>
			</report>
			<report>
				<misses>424001</misses>
				<total>21</total>
				<timestamp>80.481341</timestamp>
			</report>
			<report>
				<misses>425001</misses>
				<total>21</total>
				<timestamp>80.671149</timestamp>
			</report>
			<report>
				<misses>426001</misses>
				<total>21</total>
				<timestamp>80.860934</timestamp>
			</report>
			<report>
				<misses>427001</misses>
				<total>21</total>
				<timestamp>81.050838</timestamp>
			</report>
			<report>
				<misses>428001</misses>
				<total>21</total>
				<timestamp>81.240561</timestamp>
			</report>
			<report>
				<misses>429001</misses>
				<total>22</total>
				<timestamp>81.430428</timestamp>
			</report>
			<report>
				<misses>430001</misses>
				<total>22</total>
				<timestamp>81.620179</timestamp>
			</report>
			<report>
				<misses>431001</misses>
				<total>22</total>
				<timestamp>81.810003</timestamp>
			</report>
			<report>
				<misses>432001</misses>
				<total>22</total>
				<timestamp>81.999835</timestamp>
			</report>
			<report>
				<misses>433001</misses>
				<total>22</total>
				<timestamp>82.189622</timestamp>
			</report>
			<report>
				<misses>434001</misses>
				<total>22</total>
				<timestamp>82.379517</timestamp>
			</report>
			<report>
				<misses>435001</misses>
				<total>22</total>
				<timestamp>82.569240</timestamp>
			</report>
			<report>
				<misses>436001</misses>
				<total>22</total>
				<timestamp>82.759033</timestamp>
			</report>
			<report>
				<misses>437001</misses>
				<total>22</total>
				<timestamp>82.948893</timestamp>
			</report>
			<report>
				<misses>438001</misses>
				<total>22</total>
				<timestamp>83.138701</timestamp>
			</report>
			<report>
				<misses>439001</misses>
				<total>22</total>
				<timestamp>83.328524</timestamp>
			</report>
			<report>
				<misses>440001</misses>
				<total>22</total>
				<timestamp>83.518334</timestamp>
			</report>
			<report>
				<misses>441001</misses>
				<total>22</total>
				<timestamp>83.708100</timestamp>
			</report>
			<report>
				<misses>442001</misses>
				<total>22</total>
				<timestamp>83.897892</timestamp>
			</report>
			<report>
				<misses>443001</misses>
				<total>22</total>
				<timestamp>84.087741</timestamp>
			</report>
			<report>
				<misses>444001</misses>
				<total>22</total>
				<timestamp>84.277545</timestamp>
			</report>
			<report>
				<misses>445001</misses>
				<total>22</total>
				<timestamp>84.467431</timestamp>
			</report>
			<report>
				<misses>446001</misses>
				<total>22</total>
				<timestamp>84.657180</timestamp>
			</report>
			<report>
				<misses>447001</misses>
				<total>22</total>
				<timestamp>84.846998</timestamp>
			</report>
			<report>
				<misses>448001</misses>
				<total>22</total>
				<timestamp>85.036798</timestamp>
			</report>
			<report>
				<misses>449001</misses>
				<total>22</total>
				<timestamp>85.226632</timestamp>
			</report>
			<report>
				<misses>450001</misses>
				<total>22</total>
				<timestamp>85.416420</timestamp>
			</report>
			<report>
				<misses>451001</misses>
				<total>22</total>
				<timestamp>85.606249</timestamp>
			</report>
			<report>
				<misses>452001</misses>
				<total>22</total>
				<timestamp>85.795997</timestamp>
			</report>
			<report>
				<misses>453001</misses>
				<total>22</total>
				<timestamp>85.985817</timestamp>
			</report>
			<report>
				<misses>454001</misses>
				<total>22</total>
				<timestamp>86.175686</timestamp>
			</report>
			<report>
				<misses>455001</misses>
				<total>22</total>
				<timestamp>86.365506</timestamp>
			</report>
			<report>
				<misses>456001</misses>
				<total>22</total>
				<timestamp>86.555241</timestamp>
			</report>
			<report>
				<misses>457001</misses>
				<total>22</total>
				<timestamp>86.745066</timestamp>
			</report>
			<report>
				<misses>458001</misses>
				<total>22</total>
				<timestamp>86.934890</timestamp>
			</report>
			<report>
				<misses>459001</misses>
				<total>22</total>
				<timestamp>87.124686</timestamp>
			</report>
			<report>
				<misses>460001</misses>
				<total>25</total>
				<timestamp>87.314560</timestamp>
			</report>
			<report>
				<misses>461001</misses>
				<total>25</total>
				<timestamp>87.504331</timestamp>
			</report>
			<report>
				<misses>462001</misses>
				<total>25</total>
				<timestamp>87.694119</timestamp>
			</report>
			<report>
				<misses>463001</misses>
				<total>25</total>
				<timestamp>87.883912</timestamp>
			</report>
			<report>
				<misses>464001</misses>
				<total>25</total>
				<timestamp>88.073713</timestamp>
			</report>
			<report>
				<misses>465001</misses>
				<total>25</total>
				<timestamp>88.263609</timestamp>
			</report>
			<report>
				<misses>466001</misses>
				<total>25</total>
				<timestamp>88.453402</timestamp>
			</report>
			<report>
				<misses>467001</misses>
				<total>25</total>
				<timestamp>88.643187</timestamp>
			</report>
			<report>
				<misses>468001</misses>
				<total>25</total>
				<timestamp>88.832986</timestamp>
			</report>
			<report>
				<misses>469001</misses>
				<total>25</total>
				<timestamp>89.022804</timestamp>
			</report>
			<report>
				<misses>470001</misses>
				<total>25</total>
				<timestamp>89.212615</timestamp>
			</report>
			<report>
				<misses>471001</misses>
				<total>25</total>
				<timestamp>89.402482</timestamp>
			</report>
			<report>
				<misses>472001</misses>
				<total>25</total>
				<timestamp>89.592195</timestamp>
			</report>
			<report>
				<misses>473001</misses>
				<total>24</total>
				<timestamp>89.782058</timestamp>
			</report>
			<report>
				<misses>474001</misses>
				<total>25</total>
				<timestamp>89.971866</timestamp>
			</report>
			<report>
				<misses>475001</misses>
				<total>25</total>
				<timestamp>90.161635</timestamp>
			</report>
			<report>
				<misses>476001</misses>
				<total>25</total>
				<timestamp>90.351458</timestamp>
			</report>
			<report>
				<misses>477001</misses>
				<total>25</total>
				<timestamp>90.541307</timestamp>
			</report>
			<report>
				<misses>478001</misses>
				<total>25</total>
				<timestamp>90.731101</timestamp>
			</report>
			<report>
				<misses>479001</misses>
				<total>25</total>
				<timestamp>90.920888</timestamp>
			</report>
			<report>
				<misses>480001</misses>
				<total>25</total>
				<timestamp>91.110773</timestamp>
			</report>
			<report>
				<misses>481001</misses>
				<total>25</total>
				<timestamp>91.300519</timestamp>
			</report>
			<report>
				<misses>482001</misses>
				<total>25</total>
				<timestamp>91.490359</timestamp>
			</report>
			<report>
				<misses>483001</misses>
				<total>25</total>
				<timestamp>91.680190</timestamp>
			</report>
			<report>
				<misses>484001</misses>
				<total>29</total>
				<timestamp>91.869990</timestamp>
			</report>
			<report>
				<misses>485001</misses>
				<total>29</total>
				<timestamp>92.059748</timestamp>
			</report>
			<report>
				<misses>486001</misses>
				<total>29</total>
				<timestamp>92.249530</timestamp>
			</report>
			<report>
				<misses>487001</misses>
				<total>29</total>
				<timestamp>92.439468</timestamp>
			</report>
			<report>
				<misses>488001</misses>
				<total>28</total>
				<timestamp>92.629243</timestamp>
			</report>
			<report>
				<misses>489001</misses>
				<total>29</total>
				<timestamp>92.819061</timestamp>
			</report>
			<report>
				<misses>490001</misses>
				<total>29</total>
				<timestamp>93.008818</timestamp>
			</report>
			<report>
				<misses>491001</misses>
				<total>29</total>
				<timestamp>93.198614</timestamp>
			</report>
			<report>
				<misses>492001</misses>
				<total>29</total>
				<timestamp>93.388434</timestamp>
			</report>
			<report>
				<misses>493001</misses>
				<total>29</total>
				<timestamp>93.578291</timestamp>
			</report>
			<report>
				<misses>494001</misses>
				<total>29</total>
				<timestamp>93.768023</timestamp>
			</report>
			<report>
				<misses>495001</misses>
				<total>29</total>
				<timestamp>93.957881</timestamp>
			</report>
			<report>
				<misses>496001</misses>
				<total>29</total>
				<timestamp>94.147699</timestamp>
			</report>
			<report>
				<misses>497001</misses>
				<total>29</total>
				<timestamp>94.337499</timestamp>
			</report>
			<report>
				<misses>498001</misses>
				<total>29</total>
				<timestamp>94.527332</timestamp>
			</report>
			<report>
				<misses>499001</misses>
				<total>29</total>
				<timestamp>94.717065</timestamp>
			</report>
			<report>
				<misses>500001</misses>
				<total>29</total>
				<timestamp>94.906938</timestamp>
			</report>
			<report>
				<misses>501001</misses>
				<total>29</total>
				<timestamp>95.096688</timestamp>
			</report>
			<report>
				<misses>502001</misses>
				<total>28</total>
				<timestamp>95.286613</timestamp>
			</report>
			<report>
				<misses>503001</misses>
				<total>29</total>
				<timestamp>95.476355</timestamp>
			</report>
			<report>
				<misses>504001</misses>
				<total>29</total>
				<timestamp>95.666152</timestamp>
			</report>
			<report>
				<misses>505001</misses>
				<total>29</total>
				<timestamp>95.856022</timestamp>
			</report>
			<report>
				<misses>506001</misses>
				<total>29</total>
				<timestamp>96.045814</timestamp>
			</report>
			<report>
				<misses>507001</misses>
				<total>29</total>
				<timestamp>96.235627</timestamp>
			</report>
			<report>
				<misses>508001</misses>
				<total>29</total>
				<timestamp>96.425380</timestamp>
			</report>
			<report>
				<misses>509001</misses>
				<total>29</total>
				<timestamp>96.615199</timestamp>
			</report>
			<report>
				<misses>510001</misses>
				<total>29</total>
				<timestamp>96.804983</timestamp>
			</report>
			<report>
				<misses>511001</misses>
				<total>29</total>
				<timestamp>96.994808</timestamp>
			</report>
			<report>
				<misses>512001</misses>
				<total>29</total>
				<timestamp>97.184673</timestamp>
			</report>
			<report>
				<misses>513001</misses>
				<total>29</total>
				<timestamp>97.374445</timestamp>
			</report>
			<report>
				<misses>514001</misses>
				<total>28</total>
				<timestamp>97.564334</timestamp>
			</report>
			<report>
				<misses>515001</misses>
				<total>29</total>
				<timestamp>97.754046</timestamp>
			</report>
			<report>
				<misses>516001</misses>
				<total>29</total>
				<timestamp>97.943868</timestamp>
			</report>
			<report>
				<misses>517001</misses>
				<total>29</total>
				<timestamp>98.133671</timestamp>
			</report>
			<report>
				<misses>518001</misses>
				<total>29</total>
				<timestamp>98.323500</timestamp>
			</report>
			<report>
				<misses>519001</misses>
				<total>29</total>
				<timestamp>98.513337</timestamp>
			</report>
			<report>
				<misses>520001</misses>
				<total>29</total>
				<timestamp>98.703126</timestamp>
			</report>
			<report>
				<misses>521001</misses>
				<total>29</total>
				<timestamp>98.892901</timestamp>
			</report>
			<report>
				<misses>522001</misses>
				<total>29</total>
				<timestamp>99.082700</timestamp>
			</report>
			<report>
				<misses>523001</misses>
				<total>29</total>
				<timestamp>99.272568</timestamp>
			</report>
			<report>
				<misses>524001</misses>
				<total>28</total>
				<timestamp>99.462354</timestamp>
			</report>
			<report>
				<misses>525001</misses>
				<total>29</total>
				<timestamp>99.652161</timestamp>
			</report>
			<report>
				<misses>526001</misses>
				<total>29</total>
				<timestamp>99.841995</timestamp>
			</report>
			<report>
				<misses>527001</misses>
				<total>29</total>
				<timestamp>100.031768</timestamp>
			</report>
			<report>
				<misses>528001</misses>
				<total>29</total>
				<timestamp>100.221614</timestamp>
			</report>
			<report>
				<misses>529001</misses>
				<total>29</total>
				<timestamp>100.411507</timestamp>
			</report>
			<report>
				<misses>530001</misses>
				<total>29</total>
				<timestamp>100.601240</timestamp>
			</report>
			<report>
				<misses>531001</misses>
				<total>29</total>
				<timestamp>100.791036</timestamp>
			</report>
			<report>
				<misses>532001</misses>
				<total>29</total>
				<timestamp>100.980824</timestamp>
			</report>
			<report>
				<misses>533001</misses>
				<total>29</total>
				<timestamp>101.170609</timestamp>
			</report>
			<report>
				<misses>534001</misses>
				<total>29</total>
				<timestamp>101.360441</timestamp>
			</report>
			<report>
				<misses>535001</misses>
				<total>29</total>
				<timestamp>101.550309</timestamp>
			</report>
			<report>
				<misses>536001</misses>
				<total>29</total>
				<timestamp>101.740076</timestamp>
			</report>
			<report>
				<misses>537001</misses>
				<total>29</total>
				<timestamp>101.929833</timestamp>
			</report>
			<report>
				<misses>538001</misses>
				<total>29</total>
				<timestamp>102.119721</timestamp>
			</report>
			<report>
				<misses>539001</misses>
				<total>29</total>
				<timestamp>102.309510</timestamp>
			</report>
			<report>
				<misses>540001</misses>
				<total>29</total>
				<timestamp>102.499327</timestamp>
			</report>
			<report>
				<misses>541001</misses>
				<total>29</total>
				<timestamp>102.689078</timestamp>
			</report>
			<report>
				<misses>542001</misses>
				<total>29</total>
				<timestamp>102.878890</timestamp>
			</report>
			<report>
				<misses>543001</misses>
				<total>29</total>
				<timestamp>103.068798</timestamp>
			</report>
			<report>
				<misses>544001</misses>
				<total>29</total>
				<timestamp>103.258525</timestamp>
			</report>
			<report>
				<misses>545001</misses>
				<total>29</total>
				<timestamp>103.448389</timestamp>
			</report>
			<report>
				<misses>546001</misses>
				<total>29</total>
				<timestamp>103.638184</timestamp>
			</report>
			<report>
				<misses>547001</misses>
				<total>29</total>
				<timestamp>103.827950</timestamp>
			</report>
			<report>
				<misses>548001</misses>
				<total>29</total>
				<timestamp>104.017747</timestamp>
			</report>
			<report>
				<misses>549001</misses>
				<total>29</total>
				<timestamp>104.207627</timestamp>
			</report>
			<report>
				<misses>550001</misses>
				<total>29</total>
				<timestamp>104.397428</timestamp>
			</report>
			<report>
				<misses>551001</misses>
				<total>29</total>
				<timestamp>104.587223</timestamp>
			</report>
			<report>
				<misses>552001</misses>
				<total>29</total>
				<timestamp>104.777004</timestamp>
			</report>
			<report>
				<misses>553001</misses>
				<total>30</total>
				<timestamp>104.966873</timestamp>
			</report>
			<report>
				<misses>554001</misses>
				<total>30</total>
				<timestamp>105.156611</timestamp>
			</report>
			<report>
				<misses>555001</misses>
				<total>30</total>
				<timestamp>105.346487</timestamp>
			</report>
			<report>
				<misses>556001</misses>
				<total>30</total>
				<timestamp>105.536314</timestamp>
			</report>
			<report>
				<misses>557001</misses>
				<total>29</total>
				<timestamp>105.726064</timestamp>
			</report>
			<report>
				<misses>558001</misses>
				<total>30</total>
				<timestamp>105.915858</timestamp>
			</report>
			<report>
				<misses>559001</misses>
				<total>30</total>
				<timestamp>106.105745</timestamp>
			</report>
			<report>
				<misses>560001</misses>
				<total>30</total>
				<timestamp>106.295495</timestamp>
			</report>
			<report>
				<misses>561001</misses>
				<total>30</total>
				<timestamp>106.485306</timestamp>
			</report>
			<report>
				<misses>562001</misses>
				<total>31</total>
				<timestamp>106.675097</timestamp>
			</report>
			<report>
				<misses>563001</misses>
				<total>31</total>
				<timestamp>106.864906</timestamp>
			</report>
			<report>
				<misses>564001</misses>
				<total>31</total>
				<timestamp>107.054719</timestamp>
			</report>
			<report>
				<misses>565001</misses>
				<total>31</total>
				<timestamp>107.244565</timestamp>
			</report>
			<report>
				<misses>566001</misses>
				<total>31</total>
				<timestamp>107.434354</timestamp>
			</report>
			<report>
				<misses>567001</misses>
				<total>31</total>
				<timestamp>107.624227</timestamp>
			</report>
			<report>
				<misses>568001</misses>
				<total>31</total>
				<timestamp>107.813965</timestamp>
			</report>
			<report>
				<misses>569001</misses>
				<total>31</total>
				<timestamp>108.003808</timestamp>
			</report>
			<report>
				<misses>570001</misses>
				<total>31</total>
				<timestamp>108.193617</timestamp>
			</report>
			<report>
				<misses>571001</misses>
				<total>31</total>
				<timestamp>108.383487</timestamp>
			</report>
			<report>
				<misses>572001</misses>
				<total>31</total>
				<timestamp>108.573332</timestamp>
			</report>
			<report>
				<misses>573001</misses>
				<total>31</total>
				<timestamp>108.763055</timestamp>
			</report>
			<report>
				<misses>574001</misses>
				<total>31</total>
				<timestamp>108.952851</timestamp>
			</report>
			<report>
				<misses>575001</misses>
				<total>31</total>
				<timestamp>109.142634</timestamp>
			</report>
			<report>
				<misses>576001</misses>
				<total>31</total>
				<timestamp>109.332499</timestamp>
			</report>
			<report>
				<misses>577001</misses>
				<total>31</total>
				<timestamp>109.522288</timestamp>
			</report>
			<report>
				<misses>578001</misses>
				<total>31</total>
				<timestamp>109.712048</timestamp>
			</report>
			<report>
				<misses>579001</misses>
				<total>31</total>
				<timestamp>109.901970</timestamp>
			</report>
			<report>
				<misses>580001</misses>
				<total>31</total>
				<timestamp>110.091726</timestamp>
			</report>
			<report>
				<misses>581001</misses>
				<total>31</total>
				<timestamp>110.281546</timestamp>
			</report>
			<report>
				<misses>582001</misses>
				<total>31</total>
				<timestamp>110.471383</timestamp>
			</report>
			<report>
				<misses>583001</misses>
				<total>31</total>
				<timestamp>110.661137</timestamp>
			</report>
			<report>
				<misses>584001</misses>
				<total>31</total>
				<timestamp>110.850916</timestamp>
			</report>
			<report>
				<misses>585001</misses>
				<total>31</total>
				<timestamp>111.040720</timestamp>
			</report>
			<report>
				<misses>586001</misses>
				<total>31</total>
				<timestamp>111.230546</timestamp>
			</report>
			<report>
				<misses>587001</misses>
				<total>31</total>
				<timestamp>111.420423</timestamp>
			</report>
			<report>
				<misses>588001</misses>
				<total>31</total>
				<timestamp>111.610282</timestamp>
			</report>
			<report>
				<misses>589001</misses>
				<total>31</total>
				<timestamp>111.800032</timestamp>
			</report>
			<report>
				<misses>590001</misses>
				<total>31</total>
				<timestamp>111.989807</timestamp>
			</report>
			<report>
				<misses>591001</misses>
				<total>31</total>
				<timestamp>112.179599</timestamp>
			</report>
			<report>
				<misses>592001</misses>
				<total>31</total>
				<timestamp>112.369451</timestamp>
			</report>
			<report>
				<misses>593001</misses>
				<total>31</total>
				<timestamp>112.559294</timestamp>
			</report>
			<report>
				<misses>594001</misses>
				<total>31</total>
				<timestamp>112.749077</timestamp>
			</report>
			<report>
				<misses>595001</misses>
				<total>31</total>
				<timestamp>112.938829</timestamp>
			</report>
			<report>
				<misses>596001</misses>
				<total>31</total>
				<timestamp>113.128703</timestamp>
			</report>
			<report>
				<misses>597001</misses>
				<total>33</total>
				<timestamp>113.318481</timestamp>
			</report>
			<report>
				<misses>598001</misses>
				<total>33</total>
				<timestamp>113.508314</timestamp>
			</report>
			<report>
				<misses>599001</misses>
				<total>33</total>
				<timestamp>113.698072</timestamp>
			</report>
			<report>
				<misses>600001</misses>
				<total>33</total>
				<timestamp>113.887868</timestamp>
			</report>
			<report>
				<misses>601001</misses>
				<total>33</total>
				<timestamp>114.077767</timestamp>
			</report>
			<report>
				<misses>602001</misses>
				<total>33</total>
				<timestamp>114.267584</timestamp>
			</report>
			<report>
				<misses>603001</misses>
				<total>33</total>
				<timestamp>114.457409</timestamp>
			</report>
			<report>
				<misses>604001</misses>
				<total>33</total>
				<timestamp>114.647133</timestamp>
			</report>
			<report>
				<misses>605001</misses>
				<total>33</total>
				<timestamp>114.836929</timestamp>
			</report>
			<report>
				<misses>606001</misses>
				<total>33</total>
				<timestamp>115.026731</timestamp>
			</report>
			<report>
				<misses>607001</misses>
				<total>33</total>
				<timestamp>115.216569</timestamp>
			</report>
			<report>
				<misses>608001</misses>
				<total>33</total>
				<timestamp>115.406382</timestamp>
			</report>
			<report>
				<misses>609001</misses>
				<total>33</total>
				<timestamp>115.596229</timestamp>
			</report>
			<report>
				<misses>610001</misses>
				<total>33</total>
				<timestamp>115.785971</timestamp>
			</report>
			<report>
				<misses>611001</misses>
				<total>33</total>
				<timestamp>115.975858</timestamp>
			</report>
			<report>
				<misses>612001</misses>
				<total>33</total>
				<timestamp>116.165635</timestamp>
			</report>
			<report>
				<misses>613001</misses>
				<total>33</total>
				<timestamp>116.355465</timestamp>
			</report>
			<report>
				<misses>614001</misses>
				<total>33</total>
				<timestamp>116.545281</timestamp>
			</report>
			<report>
				<misses>615001</misses>
				<total>33</total>
				<timestamp>116.735082</timestamp>
			</report>
			<report>
				<misses>616001</misses>
				<total>33</total>
				<timestamp>116.924892</timestamp>
			</report>
			<report>
				<misses>617001</misses>
				<total>33</total>
				<timestamp>117.114695</timestamp>
			</report>
			<report>
				<misses>618001</misses>
				<total>33</total>
				<timestamp>117.304503</timestamp>
			</report>
			<report>
				<misses>619001</misses>
				<total>33</total>
				<timestamp>117.494376</timestamp>
			</report>
			<report>
				<misses>620001</misses>
				<total>33</total>
				<timestamp>117.684129</timestamp>
			</report>
			<report>
				<misses>621001</misses>
				<total>33</total>
				<timestamp>117.873956</timestamp>
			</report>
			<report>
				<misses>622001</misses>
				<total>33</total>
				<timestamp>118.063702</timestamp>
			</report>
			<report>
				<misses>623001</misses>
				<total>33</total>
				<timestamp>118.253546</timestamp>
			</report>
			<report>
				<misses>624001</misses>
				<total>33</total>
				<timestamp>118.443454</timestamp>
			</report>
			<report>
				<misses>625001</misses>
				<total>33</total>
				<timestamp>118.633166</timestamp>
			</report>
			<report>
				<misses>626001</misses>
				<total>33</total>
				<timestamp>118.822949</timestamp>
			</report>
			<report>
				<misses>627001</misses>
				<total>33</total>
				<timestamp>119.012758</timestamp>
			</report>
			<report>
				<misses>628001</misses>
				<total>33</total>
				<timestamp>119.202634</timestamp>
			</report>
			<report>
				<misses>629001</misses>
				<total>33</total>
				<timestamp>119.392444</timestamp>
			</report>
			<report>
				<misses>630001</misses>
				<total>33</total>
				<timestamp>119.582234</timestamp>
			</report>
			<report>
				<misses>631001</misses>
				<total>34</total>
				<timestamp>119.772041</timestamp>
			</report>
			<report>
				<misses>632001</misses>
				<total>34</total>
				<timestamp>119.961827</timestamp>
			</report>
			<report>
				<misses>633001</misses>
				<total>34</total>
				<timestamp>120.151670</timestamp>
			</report>
			<report>
				<misses>634001</misses>
				<total>34</total>
				<timestamp>120.341464</timestamp>
			</report>
			<report>
				<misses>635001</misses>
				<total>34</total>
				<timestamp>120.531270</timestamp>
			</report>
			<report>
				<misses>636001</misses>
				<total>34</total>
				<timestamp>120.721099</timestamp>
			</report>
			<report>
				<misses>637001</misses>
				<total>34</total>
				<timestamp>120.910851</timestamp>
			</report>
			<report>
				<misses>638001</misses>
				<total>34</total>
				<timestamp>121.100660</timestamp>
			</report>
			<report>
				<misses>639001</misses>
				<total>34</total>
				<timestamp>121.290521</timestamp>
			</report>
			<report>
				<misses>640001</misses>
				<total>34</total>
				<timestamp>121.480309</timestamp>
			</report>
			<report>
				<misses>641001</misses>
				<total>34</total>
				<timestamp>121.670121</timestamp>
			</report>
			<report>
				<misses>642001</misses>
				<total>34</total>
				<timestamp>121.859950</timestamp>
			</report>
			<report>
				<misses>643001</misses>
				<total>34</total>
				<timestamp>122.049720</timestamp>
			</report>
			<report>
				<misses>644001</misses>
				<total>34</total>
				<timestamp>122.239625</timestamp>
			</report>
			<report>
				<misses>645001</misses>
				<total>34</total>
				<timestamp>122.429331</timestamp>
			</report>
			<report>
				<misses>646001</misses>
				<total>34</total>
				<timestamp>122.619166</timestamp>
			</report>
			<report>
				<misses>647001</misses>
				<total>34</total>
				<timestamp>122.808962</timestamp>
			</report>
			<report>
				<misses>648001</misses>
				<total>34</total>
				<timestamp>122.998875</timestamp>
			</report>
			<report>
				<misses>649001</misses>
				<total>34</total>
				<timestamp>123.188583</timestamp>
			</report>
			<report>
				<misses>650001</misses>
				<total>34</total>
				<timestamp>123.378444</timestamp>
			</report>
			<report>
				<misses>651001</misses>
				<total>34</total>
				<timestamp>123.568265</timestamp>
			</report>
			<report>
				<misses>652001</misses>
				<total>34</total>
				<timestamp>123.758009</timestamp>
			</report>
			<report>
				<misses>653001</misses>
				<total>34</total>
				<timestamp>123.947885</timestamp>
			</report>
			<report>
				<misses>654001</misses>
				<total>34</total>
				<timestamp>124.137669</timestamp>
			</report>
			<report>
				<misses>655001</misses>
				<total>34</total>
				<timestamp>124.327468</timestamp>
			</report>
			<report>
				<misses>656001</misses>
				<total>33</total>
				<timestamp>124.517282</timestamp>
			</report>
			<report>
				<misses>657001</misses>
				<total>34</total>
				<timestamp>124.707107</timestamp>
			</report>
			<report>
				<misses>658001</misses>
				<total>34</total>
				<timestamp>124.896914</timestamp>
			</report>
			<report>
				<misses>659001</misses>
				<total>34</total>
				<timestamp>125.086739</timestamp>
			</report>
			<report>
				<misses>660001</misses>
				<total>34</total>
				<timestamp>125.276543</timestamp>
			</report>
			<report>
				<misses>661001</misses>
				<total>38</total>
				<timestamp>125.466361</timestamp>
			</report>
			<report>
				<misses>662001</misses>
				<total>38</total>
				<timestamp>125.656153</timestamp>
			</report>
			<report>
				<misses>663001</misses>
				<total>38</total>
				<timestamp>125.845970</timestamp>
			</report>
			<report>
				<misses>664001</misses>
				<total>38</total>
				<timestamp>126.035724</timestamp>
			</report>
			<report>
				<misses>665001</misses>
				<total>38</total>
				<timestamp>126.225531</timestamp>
			</report>
			<report>
				<misses>666001</misses>
				<total>38</total>
				<timestamp>126.415368</timestamp>
			</report>
			<report>
				<misses>667001</misses>
				<total>38</total>
				<timestamp>126.605172</timestamp>
			</report>
			<report>
				<misses>668001</misses>
				<total>38</total>
				<timestamp>126.794970</timestamp>
			</report>
			<report>
				<misses>669001</misses>
				<total>38</total>
				<timestamp>126.984773</timestamp>
			</report>
			<report>
				<misses>670001</misses>
				<total>38</total>
				<timestamp>127.174634</timestamp>
			</report>
			<report>
				<misses>671001</misses>
				<total>38</total>
				<timestamp>127.364411</timestamp>
			</report>
			<report>
				<misses>672001</misses>
				<total>38</total>
				<timestamp>127.554262</timestamp>
			</report>
			<report>
				<misses>673001</misses>
				<total>38</total>
				<timestamp>127.744020</timestamp>
			</report>
			<report>
				<misses>674001</misses>
				<total>38</total>
				<timestamp>127.933842</timestamp>
			</report>
			<report>
				<misses>675001</misses>
				<total>38</total>
				<timestamp>128.123649</timestamp>
			</report>
			<report>
				<misses>676001</misses>
				<total>38</total>
				<timestamp>128.313486</timestamp>
			</report>
			<report>
				<misses>677001</misses>
				<total>38</total>
				<timestamp>128.503319</timestamp>
			</report>
			<report>
				<misses>678001</misses>
				<total>38</total>
				<timestamp>128.693072</timestamp>
			</report>
			<report>
				<misses>679001</misses>
				<total>38</total>
				<timestamp>128.882879</timestamp>
			</report>
			<report>
				<misses>680001</misses>
				<total>38</total>
				<timestamp>129.072689</timestamp>
			</report>
			<report>
				<misses>681001</misses>
				<total>38</total>
				<timestamp>129.262536</timestamp>
			</report>
			<report>
				<misses>682001</misses>
				<total>38</total>
				<timestamp>129.452324</timestamp>
			</report>
			<report>
				<misses>683001</misses>
				<total>38</total>
				<timestamp>129.642145</timestamp>
			</report>
			<report>
				<misses>684001</misses>
				<total>38</total>
				<timestamp>129.831933</timestamp>
			</report>
			<report>
				<misses>685001</misses>
				<total>38</total>
				<timestamp>130.021772</timestamp>
			</report>
			<report>
				<misses>686001</misses>
				<total>38</total>
				<timestamp>130.211668</timestamp>
			</report>
			<report>
				<misses>687001</misses>
				<total>38</total>
				<timestamp>130.401356</timestamp>
			</report>
			<report>
				<misses>688001</misses>
				<total>38</total>
				<timestamp>130.591169</timestamp>
			</report>
			<report>
				<misses>689001</misses>
				<total>38</total>
				<timestamp>130.781129</timestamp>
			</report>
			<report>
				<misses>690001</misses>
				<total>38</total>
				<timestamp>130.970837</timestamp>
			</report>
			<report>
				<misses>691001</misses>
				<total>38</total>
				<timestamp>131.160605</timestamp>
			</report>
			<report>
				<misses>692001</misses>
				<total>37</total>
				<timestamp>131.350500</timestamp>
			</report>
			<report>
				<misses>693001</misses>
				<total>38</total>
				<timestamp>131.540268</timestamp>
			</report>
			<report>
				<misses>694001</misses>
				<total>38</total>
				<timestamp>131.730104</timestamp>
			</report>
			<report>
				<misses>695001</misses>
				<total>38</total>
				<timestamp>131.919851</timestamp>
			</report>
			<report>
				<misses>696001</misses>
				<total>38</total>
				<timestamp>132.109685</timestamp>
			</report>
			<report>
				<misses>697001</misses>
				<total>38</total>
				<timestamp>132.299524</timestamp>
			</report>
			<report>
				<misses>698001</misses>
				<total>38</total>
				<timestamp>132.489327</timestamp>
			</report>
			<report>
				<misses>699001</misses>
				<total>38</total>
				<timestamp>132.679094</timestamp>
			</report>
			<report>
				<misses>700001</misses>
				<total>38</total>
				<timestamp>132.868929</timestamp>
			</report>
			<report>
				<misses>701001</misses>
				<total>38</total>
				<timestamp>133.058726</timestamp>
			</report>
			<report>
				<misses>702001</misses>
				<total>38</total>
				<timestamp>133.248548</timestamp>
			</report>
			<report>
				<misses>703001</misses>
				<total>38</total>
				<timestamp>133.438380</timestamp>
			</report>
			<report>
				<misses>704001</misses>
				<total>38</total>
				<timestamp>133.628225</timestamp>
			</report>
			<report>
				<misses>705001</misses>
				<total>38</total>
				<timestamp>133.817934</timestamp>
			</report>
			<report>
				<misses>706001</misses>
				<total>38</total>
				<timestamp>134.007766</timestamp>
			</report>
			<report>
				<misses>707001</misses>
				<total>38</total>
				<timestamp>134.197579</timestamp>
			</report>
			<report>
				<misses>708001</misses>
				<total>38</total>
				<timestamp>134.387363</timestamp>
			</report>
			<report>
				<misses>709001</misses>
				<total>38</total>
				<timestamp>134.577198</timestamp>
			</report>
			<report>
				<misses>710001</misses>
				<total>38</total>
				<timestamp>134.767055</timestamp>
			</report>
			<report>
				<misses>711001</misses>
				<total>38</total>
				<timestamp>134.956860</timestamp>
			</report>
			<report>
				<misses>712001</misses>
				<total>38</total>
				<timestamp>135.146596</timestamp>
			</report>
			<report>
				<misses>713001</misses>
				<total>38</total>
				<timestamp>135.336442</timestamp>
			</report>
			<report>
				<misses>714001</misses>
				<total>38</total>
				<timestamp>135.526233</timestamp>
			</report>
			<report>
				<misses>715001</misses>
				<total>38</total>
				<timestamp>135.716076</timestamp>
			</report>
			<report>
				<misses>716001</misses>
				<total>38</total>
				<timestamp>135.905902</timestamp>
			</report>
			<report>
				<misses>717001</misses>
				<total>37</total>
				<timestamp>136.095719</timestamp>
			</report>
			<report>
				<misses>718001</misses>
				<total>38</total>
				<timestamp>136.285498</timestamp>
			</report>
			<report>
				<misses>719001</misses>
				<total>38</total>
				<timestamp>136.475353</timestamp>
			</report>
			<report>
				<misses>720001</misses>
				<total>44</total>
				<timestamp>136.665073</timestamp>
			</report>
			<report>
				<misses>721001</misses>
				<total>43</total>
				<timestamp>136.854973</timestamp>
			</report>
			<report>
				<misses>722001</misses>
				<total>44</total>
				<timestamp>137.044792</timestamp>
			</report>
			<report>
				<misses>723001</misses>
				<total>44</total>
				<timestamp>137.234518</timestamp>
			</report>
			<report>
				<misses>724001</misses>
				<total>44</total>
				<timestamp>137.424329</timestamp>
			</report>
			<report>
				<misses>725001</misses>
				<total>44</total>
				<timestamp>137.614212</timestamp>
			</report>
			<report>
				<misses>726001</misses>
				<total>44</total>
				<timestamp>137.804033</timestamp>
			</report>
			<report>
				<misses>727001</misses>
				<total>44</total>
				<timestamp>137.993758</timestamp>
			</report>
			<report>
				<misses>728001</misses>
				<total>44</total>
				<timestamp>138.183603</timestamp>
			</report>
			<report>
				<misses>729001</misses>
				<total>44</total>
				<timestamp>138.373406</timestamp>
			</report>
			<report>
				<misses>730001</misses>
				<total>44</total>
				<timestamp>138.563215</timestamp>
			</report>
			<report>
				<misses>731001</misses>
				<total>44</total>
				<timestamp>138.753019</timestamp>
			</report>
			<report>
				<misses>732001</misses>
				<total>44</total>
				<timestamp>138.942802</timestamp>
			</report>
			<report>
				<misses>733001</misses>
				<total>44</total>
				<timestamp>139.132600</timestamp>
			</report>
			<report>
				<misses>734001</misses>
				<total>43</total>
				<timestamp>139.322475</timestamp>
			</report>
			<report>
				<misses>735001</misses>
				<total>44</total>
				<timestamp>139.512247</timestamp>
			</report>
			<report>
				<misses>736001</misses>
				<total>44</total>
				<timestamp>139.702086</timestamp>
			</report>
			<report>
				<misses>737001</misses>
				<total>44</total>
				<timestamp>139.891894</timestamp>
			</report>
			<report>
				<misses>738001</misses>
				<total>44</total>
				<timestamp>140.081669</timestamp>
			</report>
			<report>
				<misses>739001</misses>
				<total>44</total>
				<timestamp>140.271473</timestamp>
			</report>
			<report>
				<misses>740001</misses>
				<total>43</total>
				<timestamp>140.461308</timestamp>
			</report>
			<report>
				<misses>741001</misses>
				<total>44</total>
				<timestamp>140.651121</timestamp>
			</report>
			<report>
				<misses>742001</misses>
				<total>44</total>
				<timestamp>140.840960</timestamp>
			</report>
			<report>
				<misses>743001</misses>
				<total>44</total>
				<timestamp>141.030825</timestamp>
			</report>
			<report>
				<misses>744001</misses>
				<total>43</total>
				<timestamp>141.220597</timestamp>
			</report>
			<report>
				<misses>745001</misses>
				<total>44</total>
				<timestamp>141.410383</timestamp>
			</report>
			<report>
				<misses>746001</misses>
				<total>44</total>
				<timestamp>141.600162</timestamp>
			</report>
			<report>
				<misses>747001</misses>
				<total>44</total>
				<timestamp>141.789947</timestamp>
			</report>
			<report>
				<misses>748001</misses>
				<total>44</total>
				<timestamp>141.979808</timestamp>
			</report>
			<report>
				<misses>749001</misses>
				<total>44</total>
				<timestamp>142.169622</timestamp>
			</report>
			<report>
				<misses>750001</misses>
				<total>44</total>
				<timestamp>142.359427</timestamp>
			</report>
			<report>
				<misses>751001</misses>
				<total>44</total>
				<timestamp>142.549244</timestamp>
			</report>
			<report>
				<misses>752001</misses>
				<total>44</total>
				<timestamp>142.739039</timestamp>
			</report>
			<report>
				<misses>753001</misses>
				<total>44</total>
				<timestamp>142.928799</timestamp>
			</report>
			<report>
				<misses>754001</misses>
				<total>48</total>
				<timestamp>143.118674</timestamp>
			</report>
			<report>
				<misses>755001</misses>
				<total>48</total>
				<timestamp>143.308502</timestamp>
			</report>
			<report>
				<misses>756001</misses>
				<total>52</total>
				<timestamp>143.498285</timestamp>
			</report>
			<report>
				<misses>757001</misses>
				<total>51</total>
				<timestamp>143.688094</timestamp>
			</report>
			<report>
				<misses>758001</misses>
				<total>52</total>
				<timestamp>143.877855</timestamp>
			</report>
			<report>
				<misses>759001</misses>
				<total>52</total>
				<timestamp>144.067714</timestamp>
			</report>
			<report>
				<misses>760001</misses>
				<total>51</total>
				<timestamp>144.257563</timestamp>
			</report>
			<report>
				<misses>761001</misses>
				<total>52</total>
				<timestamp>144.447306</timestamp>
			</report>
			<report>
				<misses>762001</misses>
				<total>52</total>
				<timestamp>144.637165</timestamp>
			</report>
			<report>
				<misses>763001</misses>
				<total>52</total>
				<timestamp>144.826906</timestamp>
			</report>
			<report>
				<misses>764001</misses>
				<total>52</total>
				<timestamp>145.016737</timestamp>
			</report>
			<report>
				<misses>765001</misses>
				<total>52</total>
				<timestamp>145.206528</timestamp>
			</report>
			<report>
				<misses>766001</misses>
				<total>52</total>
				<timestamp>145.396353</timestamp>
			</report>
			<report>
				<misses>767001</misses>
				<total>52</total>
				<timestamp>145.586254</timestamp>
			</report>
			<report>
				<misses>768001</misses>
				<total>52</total>
				<timestamp>145.776061</timestamp>
			</report>
			<report>
				<misses>769001</misses>
				<total>52</total>
				<timestamp>145.965774</timestamp>
			</report>
			<report>
				<misses>770001</misses>
				<total>52</total>
				<timestamp>146.155577</timestamp>
			</report>
			<report>
				<misses>771001</misses>
				<total>52</total>
				<timestamp>146.345453</timestamp>
			</report>
			<report>
				<misses>772001</misses>
				<total>52</total>
				<timestamp>146.535247</timestamp>
			</report>
			<report>
				<misses>773001</misses>
				<total>52</total>
				<timestamp>146.725000</timestamp>
			</report>
			<report>
				<misses>774001</misses>
				<total>52</total>
				<timestamp>146.914861</timestamp>
			</report>
			<report>
				<misses>775001</misses>
				<total>52</total>
				<timestamp>147.104635</timestamp>
			</report>
			<report>
				<misses>776001</misses>
				<total>52</total>
				<timestamp>147.294476</timestamp>
			</report>
			<report>
				<misses>777001</misses>
				<total>52</total>
				<timestamp>147.484250</timestamp>
			</report>
			<report>
				<misses>778001</misses>
				<total>52</total>
				<timestamp>147.674168</timestamp>
			</report>
			<report>
				<misses>779001</misses>
				<total>52</total>
				<timestamp>147.863864</timestamp>
			</report>
			<report>
				<misses>780001</misses>
				<total>52</total>
				<timestamp>148.053688</timestamp>
			</report>
			<report>
				<misses>781001</misses>
				<total>52</total>
				<timestamp>148.243556</timestamp>
			</report>
			<report>
				<misses>782001</misses>
				<total>52</total>
				<timestamp>148.433317</timestamp>
			</report>
			<report>
				<misses>783001</misses>
				<total>52</total>
				<timestamp>148.623136</timestamp>
			</report>
			<report>
				<misses>784001</misses>
				<total>52</total>
				<timestamp>148.813023</timestamp>
			</report>
			<report>
				<misses>785001</misses>
				<total>52</total>
				<timestamp>149.002720</timestamp>
			</report>
			<report>
				<misses>786001</misses>
				<total>52</total>
				<timestamp>149.192530</timestamp>
			</report>
			<report>
				<misses>787001</misses>
				<total>52</total>
				<timestamp>149.382350</timestamp>
			</report>
			<report>
				<misses>788001</misses>
				<total>52</total>
				<timestamp>149.572242</timestamp>
			</report>
			<report>
				<misses>789001</misses>
				<total>52</total>
				<timestamp>149.761974</timestamp>
			</report>
			<report>
				<misses>790001</misses>
				<total>52</total>
				<timestamp>149.951779</timestamp>
			</report>
			<report>
				<misses>791001</misses>
				<total>52</total>
				<timestamp>150.141606</timestamp>
			</report>
			<report>
				<misses>792001</misses>
				<total>52</total>
				<timestamp>150.331454</timestamp>
			</report>
			<report>
				<misses>793001</misses>
				<total>52</total>
				<timestamp>150.521266</timestamp>
			</report>
			<report>
				<misses>794001</misses>
				<total>52</total>
				<timestamp>150.711056</timestamp>
			</report>
			<report>
				<misses>795001</misses>
				<total>52</total>
				<timestamp>150.900875</timestamp>
			</report>
			<report>
				<misses>796001</misses>
				<total>52</total>
				<timestamp>151.090703</timestamp>
			</report>
			<report>
				<misses>797001</misses>
				<total>52</total>
				<timestamp>151.280467</timestamp>
			</report>
			<report>
				<misses>798001</misses>
				<total>52</total>
				<timestamp>151.470278</timestamp>
			</report>
			<report>
				<misses>799001</misses>
				<total>52</total>
				<timestamp>151.660100</timestamp>
			</report>
			<report>
				<misses>800001</misses>
				<total>52</total>
				<timestamp>151.849948</timestamp>
			</report>
			<report>
				<misses>801001</misses>
				<total>52</total>
				<timestamp>152.039736</timestamp>
			</report>
			<report>
				<misses>802001</misses>
				<total>52</total>
				<timestamp>152.229551</timestamp>
			</report>
			<report>
				<misses>803001</misses>
				<total>52</total>
				<timestamp>152.419346</timestamp>
			</report>
			<report>
				<misses>804001</misses>
				<total>52</total>
				<timestamp>152.609139</timestamp>
			</report>
			<report>
				<misses>805001</misses>
				<total>52</total>
				<timestamp>152.799027</timestamp>
			</report>
			<report>
				<misses>806001</misses>
				<total>52</total>
				<timestamp>152.988742</timestamp>
			</report>
			<report>
				<misses>807001</misses>
				<total>52</total>
				<timestamp>153.178564</timestamp>
			</report>
			<report>
				<misses>808001</misses>
				<total>52</total>
				<timestamp>153.368370</timestamp>
			</report>
			<report>
				<misses>809001</misses>
				<total>52</total>
				<timestamp>153.558231</timestamp>
			</report>
			<report>
				<misses>810001</misses>
				<total>52</total>
				<timestamp>153.747986</timestamp>
			</report>
			<report>
				<misses>811001</misses>
				<total>51</total>
				<timestamp>153.937813</timestamp>
			</report>
			<report>
				<misses>812001</misses>
				<total>52</total>
				<timestamp>154.127633</timestamp>
			</report>
			<report>
				<misses>813001</misses>
				<total>53</total>
				<timestamp>154.317474</timestamp>
			</report>
			<report>
				<misses>814001</misses>
				<total>53</total>
				<timestamp>154.507240</timestamp>
			</report>
			<report>
				<misses>815001</misses>
				<total>53</total>
				<timestamp>154.697101</timestamp>
			</report>
			<report>
				<misses>816001</misses>
				<total>53</total>
				<timestamp>154.886856</timestamp>
			</report>
			<report>
				<misses>817001</misses>
				<total>53</total>
				<timestamp>155.076701</timestamp>
			</report>
			<report>
				<misses>818001</misses>
				<total>53</total>
				<timestamp>155.266465</timestamp>
			</report>
			<report>
				<misses>819001</misses>
				<total>53</total>
				<timestamp>155.456330</timestamp>
			</report>
			<report>
				<misses>820001</misses>
				<total>53</total>
				<timestamp>155.646118</timestamp>
			</report>
			<report>
				<misses>821001</misses>
				<total>53</total>
				<timestamp>155.836048</timestamp>
			</report>
			<report>
				<misses>822001</misses>
				<total>53</total>
				<timestamp>156.025716</timestamp>
			</report>
			<report>
				<misses>823001</misses>
				<total>53</total>
				<timestamp>156.215500</timestamp>
			</report>
			<report>
				<misses>824001</misses>
				<total>53</total>
				<timestamp>156.405382</timestamp>
			</report>
			<report>
				<misses>825001</misses>
				<total>53</total>
				<timestamp>156.595142</timestamp>
			</report>
			<report>
				<misses>826001</misses>
				<total>53</total>
				<timestamp>156.784954</timestamp>
			</report>
			<report>
				<misses>827001</misses>
				<total>53</total>
				<timestamp>156.974757</timestamp>
			</report>
			<report>
				<misses>828001</misses>
				<total>53</total>
				<timestamp>157.164577</timestamp>
			</report>
			<report>
				<misses>829001</misses>
				<total>53</total>
				<timestamp>157.354384</timestamp>
			</report>
			<report>
				<misses>830001</misses>
				<total>53</total>
				<timestamp>157.544203</timestamp>
			</report>
			<report>
				<misses>831001</misses>
				<total>53</total>
				<timestamp>157.734073</timestamp>
			</report>
			<report>
				<misses>832001</misses>
				<total>53</total>
				<timestamp>157.923794</timestamp>
			</report>
			<report>
				<misses>833001</misses>
				<total>53</total>
				<timestamp>158.113642</timestamp>
			</report>
			<report>
				<misses>834001</misses>
				<total>53</total>
				<timestamp>158.303489</timestamp>
			</report>
			<report>
				<misses>835001</misses>
				<total>53</total>
				<timestamp>158.493243</timestamp>
			</report>
			<report>
				<misses>836001</misses>
				<total>53</total>
				<timestamp>158.683082</timestamp>
			</report>
			<report>
				<misses>837001</misses>
				<total>53</total>
				<timestamp>158.872941</timestamp>
			</report>
			<report>
				<misses>838001</misses>
				<total>53</total>
				<timestamp>159.062668</timestamp>
			</report>
			<report>
				<misses>839001</misses>
				<total>53</total>
				<timestamp>159.252509</timestamp>
			</report>
			<report>
				<misses>840001</misses>
				<total>57</total>
				<timestamp>159.442279</timestamp>
			</report>
			<report>
				<misses>841001</misses>
				<total>57</total>
				<timestamp>159.632146</timestamp>
			</report>
			<report>
				<misses>842001</misses>
				<total>57</total>
				<timestamp>159.821980</timestamp>
			</report>
			<report>
				<misses>843001</misses>
				<total>57</total>
				<timestamp>160.011745</timestamp>
			</report>
			<report>
				<misses>844001</misses>
				<total>58</total>
				<timestamp>160.201541</timestamp>
			</report>
			<report>
				<misses>845001</misses>
				<total>58</total>
				<timestamp>160.391342</timestamp>
			</report>
			<report>
				<misses>846001</misses>
				<total>58</total>
				<timestamp>160.581275</timestamp>
			</report>
			<report>
				<misses>847001</misses>
				<total>58</total>
				<timestamp>160.770955</timestamp>
			</report>
			<report>
				<misses>848001</misses>
				<total>58</total>
				<timestamp>160.960767</timestamp>
			</report>
			<report>
				<misses>849001</misses>
				<total>58</total>
				<timestamp>161.150569</timestamp>
			</report>
			<report>
				<misses>850001</misses>
				<total>58</total>
				<timestamp>161.340410</timestamp>
			</report>
			<report>
				<misses>851001</misses>
				<total>58</total>
				<timestamp>161.530219</timestamp>
			</report>
			<report>
				<misses>852001</misses>
				<total>60</total>
				<timestamp>161.720088</timestamp>
			</report>
			<report>
				<misses>853001</misses>
				<total>60</total>
				<timestamp>161.909821</timestamp>
			</report>
			<report>
				<misses>854001</misses>
				<total>60</total>
				<timestamp>162.099697</timestamp>
			</report>
			<report>
				<misses>855001</misses>
				<total>60</total>
				<timestamp>162.289553</timestamp>
			</report>
			<report>
				<misses>856001</misses>
				<total>60</total>
				<timestamp>162.479241</timestamp>
			</report>
			<report>
				<misses>857001</misses>
				<total>60</total>
				<timestamp>162.669074</timestamp>
			</report>
			<report>
				<misses>858001</misses>
				<total>60</total>
				<timestamp>162.858921</timestamp>
			</report>
			<report>
				<misses>859001</misses>
				<total>60</total>
				<timestamp>163.048676</timestamp>
			</report>
			<report>
				<misses>860001</misses>
				<total>60</total>
				<timestamp>163.238544</timestamp>
			</report>
			<report>
				<misses>861001</misses>
				<total>60</total>
				<timestamp>163.428309</timestamp>
			</report>
			<report>
				<misses>862001</misses>
				<total>60</total>
				<timestamp>163.618161</timestamp>
			</report>
			<report>
				<misses>863001</misses>
				<total>59</total>
				<timestamp>163.807987</timestamp>
			</report>
			<report>
				<misses>864001</misses>
				<total>60</total>
				<timestamp>163.997746</timestamp>
			</report>
			<report>
				<misses>865001</misses>
				<total>60</total>
				<timestamp>164.187546</timestamp>
			</report>
			<report>
				<misses>866001</misses>
				<total>60</total>
				<timestamp>164.377402</timestamp>
			</report>
			<report>
				<misses>867001</misses>
				<total>60</total>
				<timestamp>164.567163</timestamp>
			</report>
			<report>
				<misses>868001</misses>
				<total>60</total>
				<timestamp>164.757003</timestamp>
			</report>
			<report>
				<misses>869001</misses>
				<total>60</total>
				<timestamp>164.946803</timestamp>
			</report>
			<report>
				<misses>870001</misses>
				<total>60</total>
				<timestamp>165.136681</timestamp>
			</report>
			<report>
				<misses>871001</misses>
				<total>60</total>
				<timestamp>165.326460</timestamp>
			</report>
			<report>
				<misses>872001</misses>
				<total>60</total>
				<timestamp>165.516223</timestamp>
			</report>
			<report>
				<misses>873001</misses>
				<total>59</total>
				<timestamp>165.706126</timestamp>
			</report>
			<report>
				<misses>874001</misses>
				<total>60</total>
				<timestamp>165.895950</timestamp>
			</report>
			<report>
				<misses>875001</misses>
				<total>60</total>
				<timestamp>166.085723</timestamp>
			</report>
			<report>
				<misses>876001</misses>
				<total>60</total>
				<timestamp>166.275572</timestamp>
			</report>
			<report>
				<misses>877001</misses>
				<total>60</total>
				<timestamp>166.465238</timestamp>
			</report>
			<report>
				<misses>878001</misses>
				<total>60</total>
				<timestamp>166.655102</timestamp>
			</report>
			<report>
				<misses>879001</misses>
				<total>60</total>
				<timestamp>166.844889</timestamp>
			</report>
			<report>
				<misses>880001</misses>
				<total>60</total>
				<timestamp>167.034667</timestamp>
			</report>
			<report>
				<misses>881001</misses>
				<total>60</total>
				<timestamp>167.224550</timestamp>
			</report>
			<report>
				<misses>882001</misses>
				<total>60</total>
				<timestamp>167.414334</timestamp>
			</report>
			<report>
				<misses>883001</misses>
				<total>60</total>
				<timestamp>167.604135</timestamp>
			</report>
			<report>
				<misses>884001</misses>
				<total>60</total>
				<timestamp>167.793947</timestamp>
			</report>
			<report>
				<misses>885001</misses>
				<total>69</total>
				<timestamp>167.983812</timestamp>
			</report>
			<report>
				<misses>886001</misses>
				<total>68</total>
				<timestamp>168.173669</timestamp>
			</report>
			<report>
				<misses>887001</misses>
				<total>69</total>
				<timestamp>168.363342</timestamp>
			</report>
			<report>
				<misses>888001</misses>
				<total>69</total>
				<timestamp>168.553221</timestamp>
			</report>
			<report>
				<misses>889001</misses>
				<total>69</total>
				<timestamp>168.743012</timestamp>
			</report>
			<report>
				<misses>890001</misses>
				<total>69</total>
				<timestamp>168.932838</timestamp>
			</report>
			<report>
				<misses>891001</misses>
				<total>69</total>
				<timestamp>169.122629</timestamp>
			</report>
			<report>
				<misses>892001</misses>
				<total>69</total>
				<timestamp>169.312429</timestamp>
			</report>
			<report>
				<misses>893001</misses>
				<total>69</total>
				<timestamp>169.502213</timestamp>
			</report>
			<report>
				<misses>894001</misses>
				<total>69</total>
				<timestamp>169.692136</timestamp>
			</report>
			<report>
				<misses>895001</misses>
				<total>69</total>
				<timestamp>169.881904</timestamp>
			</report>
			<report>
				<misses>896001</misses>
				<total>69</total>
				<timestamp>170.071640</timestamp>
			</report>
			<report>
				<misses>897001</misses>
				<total>69</total>
				<timestamp>170.261438</timestamp>
			</report>
			<report>
				<misses>898001</misses>
				<total>69</total>
				<timestamp>170.451268</timestamp>
			</report>
			<report>
				<misses>899001</misses>
				<total>69</total>
				<timestamp>170.641170</timestamp>
			</report>
			<report>
				<misses>900001</misses>
				<total>69</total>
				<timestamp>170.830960</timestamp>
			</report>
			<report>
				<misses>901001</misses>
				<total>69</total>
				<timestamp>171.020726</timestamp>
			</report>
			<report>
				<misses>902001</misses>
				<total>69</total>
				<timestamp>171.210507</timestamp>
			</report>
			<report>
				<misses>903001</misses>
				<total>69</total>
				<timestamp>171.400351</timestamp>
			</report>
			<report>
				<misses>904001</misses>
				<total>69</total>
				<timestamp>171.590198</timestamp>
			</report>
			<report>
				<misses>905001</misses>
				<total>69</total>
				<timestamp>171.779956</timestamp>
			</report>
			<report>
				<misses>906001</misses>
				<total>69</total>
				<timestamp>171.969875</timestamp>
			</report>
			<report>
				<misses>907001</misses>
				<total>69</total>
				<timestamp>172.159556</timestamp>
			</report>
			<report>
				<misses>908001</misses>
				<total>69</total>
				<timestamp>172.349369</timestamp>
			</report>
			<report>
				<misses>909001</misses>
				<total>69</total>
				<timestamp>172.539196</timestamp>
			</report>
			<report>
				<misses>910001</misses>
				<total>69</total>
				<timestamp>172.729077</timestamp>
			</report>
			<report>
				<misses>911001</misses>
				<total>69</total>
				<timestamp>172.918854</timestamp>
			</report>
			<report>
				<misses>912001</misses>
				<total>69</total>
				<timestamp>173.108644</timestamp>
			</report>
			<report>
				<misses>913001</misses>
				<total>69</total>
				<timestamp>173.298462</timestamp>
			</report>
			<report>
				<misses>914001</misses>
				<total>69</total>
				<timestamp>173.488277</timestamp>
			</report>
			<report>
				<misses>915001</misses>
				<total>69</total>
				<timestamp>173.678070</timestamp>
			</report>
			<report>
				<misses>916001</misses>
				<total>69</total>
				<timestamp>173.867857</timestamp>
			</report>
			<report>
				<misses>917001</misses>
				<total>69</total>
				<timestamp>174.057642</timestamp>
			</report>
			<report>
				<misses>918001</misses>
				<total>69</total>
				<timestamp>174.247482</timestamp>
			</report>
			<report>
				<misses>919001</misses>
				<total>69</total>
				<timestamp>174.437345</timestamp>
			</report>
			<report>
				<misses>920001</misses>
				<total>68</total>
				<timestamp>174.627153</timestamp>
			</report>
			<report>
				<misses>921001</misses>
				<total>69</total>
				<timestamp>174.816945</timestamp>
			</report>
			<report>
				<misses>922001</misses>
				<total>69</total>
				<timestamp>175.006730</timestamp>
			</report>
			<report>
				<misses>923001</misses>
				<total>69</total>
				<timestamp>175.196553</timestamp>
			</report>
			<report>
				<misses>924001</misses>
				<total>69</total>
				<timestamp>175.386378</timestamp>
			</report>
			<report>
				<misses>925001</misses>
				<total>69</total>
				<timestamp>175.576216</timestamp>
			</report>
			<report>
				<misses>926001</misses>
				<total>69</total>
				<timestamp>175.765986</timestamp>
			</report>
			<report>
				<misses>927001</misses>
				<total>69</total>
				<timestamp>175.955924</timestamp>
			</report>
			<report>
				<misses>928001</misses>
				<total>69</total>
				<timestamp>176.145611</timestamp>
			</report>
			<report>
				<misses>929001</misses>
				<total>69</total>
				<timestamp>176.335396</timestamp>
			</report>
			<report>
				<misses>930001</misses>
				<total>69</total>
				<timestamp>176.525227</timestamp>
			</report>
			<report>
				<misses>931001</misses>
				<total>68</total>
				<timestamp>176.715045</timestamp>
			</report>
			<report>
				<misses>932001</misses>
				<total>69</total>
				<timestamp>176.904867</timestamp>
			</report>
			<report>
				<misses>933001</misses>
				<total>69</total>
				<timestamp>177.094643</timestamp>
			</report>
			<report>
				<misses>934001</misses>
				<total>69</total>
				<timestamp>177.284421</timestamp>
			</report>
			<report>
				<misses>935001</misses>
				<total>69</total>
				<timestamp>177.474244</timestamp>
			</report>
			<report>
				<misses>936001</misses>
				<total>69</total>
				<timestamp>177.664052</timestamp>
			</report>
			<report>
				<misses>937001</misses>
				<total>69</total>
				<timestamp>177.853862</timestamp>
			</report>
			<report>
				<misses>938001</misses>
				<total>69</total>
				<timestamp>178.043644</timestamp>
			</report>
			<report>
				<misses>939001</misses>
				<total>69</total>
				<timestamp>178.233471</timestamp>
			</report>
			<report>
				<misses>940001</misses>
				<total>69</total>
				<timestamp>178.423304</timestamp>
			</report>
			<report>
				<misses>941001</misses>
				<total>69</total>
				<timestamp>178.613211</timestamp>
			</report>
			<report>
				<misses>942001</misses>
				<total>69</total>
				<timestamp>178.802998</timestamp>
			</report>
			<report>
				<misses>943001</misses>
				<total>69</total>
				<timestamp>178.992770</timestamp>
			</report>
			<report>
				<misses>944001</misses>
				<total>69</total>
				<timestamp>179.182532</timestamp>
			</report>
			<report>
				<misses>945001</misses>
				<total>69</total>
				<timestamp>179.372374</timestamp>
			</report>
			<report>
				<misses>946001</misses>
				<total>69</total>
				<timestamp>179.562167</timestamp>
			</report>
			<report>
				<misses>947001</misses>
				<total>69</total>
				<timestamp>179.752074</timestamp>
			</report>
			<report>
				<misses>948001</misses>
				<total>69</total>
				<timestamp>179.941757</timestamp>
			</report>
			<report>
				<misses>949001</misses>
				<total>69</total>
				<timestamp>180.131603</timestamp>
			</report>
			<report>
				<misses>950001</misses>
				<total>69</total>
				<timestamp>180.321430</timestamp>
			</report>
			<report>
				<misses>951001</misses>
				<total>69</total>
				<timestamp>180.511207</timestamp>
			</report>
			<report>
				<misses>952001</misses>
				<total>69</total>
				<timestamp>180.701101</timestamp>
			</report>
			<report>
				<misses>953001</misses>
				<total>69</total>
				<timestamp>180.890824</timestamp>
			</report>
			<report>
				<misses>954001</misses>
				<total>69</total>
				<timestamp>181.080628</timestamp>
			</report>
			<report>
				<misses>955001</misses>
				<total>69</total>
				<timestamp>181.270462</timestamp>
			</report>
			<report>
				<misses>956001</misses>
				<total>69</total>
				<timestamp>181.460247</timestamp>
			</report>
			<report>
				<misses>957001</misses>
				<total>68</total>
				<timestamp>181.650101</timestamp>
			</report>
			<report>
				<misses>958001</misses>
				<total>69</total>
				<timestamp>181.839882</timestamp>
			</report>
			<report>
				<misses>959001</misses>
				<total>69</total>
				<timestamp>182.029682</timestamp>
			</report>
			<report>
				<misses>960001</misses>
				<total>69</total>
				<timestamp>182.219506</timestamp>
			</report>
			<report>
				<misses>961001</misses>
				<total>69</total>
				<timestamp>182.409318</timestamp>
			</report>
			<report>
				<misses>962001</misses>
				<total>68</total>
				<timestamp>182.599199</timestamp>
			</report>
			<report>
				<misses>963001</misses>
				<total>69</total>
				<timestamp>182.788962</timestamp>
			</report>
			<report>
				<misses>964001</misses>
				<total>71</total>
				<timestamp>182.978724</timestamp>
			</report>
			<report>
				<misses>965001</misses>
				<total>71</total>
				<timestamp>183.168600</timestamp>
			</report>
			<report>
				<misses>966001</misses>
				<total>71</total>
				<timestamp>183.358349</timestamp>
			</report>
			<report>
				<misses>967001</misses>
				<total>71</total>
				<timestamp>183.548179</timestamp>
			</report>
			<report>
				<misses>968001</misses>
				<total>71</total>
				<timestamp>183.737991</timestamp>
			</report>
			<report>
				<misses>969001</misses>
				<total>71</total>
				<timestamp>183.927777</timestamp>
			</report>
			<report>
				<misses>970001</misses>
				<total>71</total>
				<timestamp>184.117661</timestamp>
			</report>
			<report>
				<misses>971001</misses>
				<total>70</total>
				<timestamp>184.307507</timestamp>
			</report>
			<report>
				<misses>972001</misses>
				<total>71</total>
				<timestamp>184.497224</timestamp>
			</report>
			<report>
				<misses>973001</misses>
				<total>71</total>
				<timestamp>184.687061</timestamp>
			</report>
			<report>
				<misses>974001</misses>
				<total>71</total>
				<timestamp>184.876837</timestamp>
			</report>
			<report>
				<misses>975001</misses>
				<total>71</total>
				<timestamp>185.066619</timestamp>
			</report>
			<report>
				<misses>976001</misses>
				<total>71</total>
				<timestamp>185.256429</timestamp>
			</report>
			<report>
				<misses>977001</misses>
				<total>71</total>
				<timestamp>185.446270</timestamp>
			</report>
			<report>
				<misses>978001</misses>
				<total>71</total>
				<timestamp>185.636072</timestamp>
			</report>
			<report>
				<misses>979001</misses>
				<total>71</total>
				<timestamp>185.825954</timestamp>
			</report>
			<report>
				<misses>980001</misses>
				<total>71</total>
				<timestamp>186.015746</timestamp>
			</report>
			<report>
				<misses>981001</misses>
				<total>71</total>
				<timestamp>186.205540</timestamp>
			</report>
			<report>
				<misses>982001</misses>
				<total>71</total>
				<timestamp>186.395320</timestamp>
			</report>
			<report>
				<misses>983001</misses>
				<total>71</total>
				<timestamp>186.585108</timestamp>
			</report>
			<report>
				<misses>984001</misses>
				<total>71</total>
				<timestamp>186.774973</timestamp>
			</report>
			<report>
				<misses>985001</misses>
				<total>71</total>
				<timestamp>186.964815</timestamp>
			</report>
			<report>
				<misses>986001</misses>
				<total>71</total>
				<timestamp>187.154539</timestamp>
			</report>
			<report>
				<misses>987001</misses>
				<total>71</total>
				<timestamp>187.344363</timestamp>
			</report>
			<report>
				<misses>988001</misses>
				<total>71</total>
				<timestamp>187.534153</timestamp>
			</report>
			<report>
				<misses>989001</misses>
				<total>71</total>
				<timestamp>187.724005</timestamp>
			</report>
			<report>
				<misses>990001</misses>
				<total>71</total>
				<timestamp>187.913788</timestamp>
			</report>
			<report>
				<misses>991001</misses>
				<total>71</total>
				<timestamp>188.103598</timestamp>
			</report>
			<report>
				<misses>992001</misses>
				<total>71</total>
				<timestamp>188.293408</timestamp>
			</report>
			<report>
				<misses>993001</misses>
				<total>71</total>
				<timestamp>188.483245</timestamp>
			</report>
			<report>
				<misses>994001</misses>
				<total>71</total>
				<timestamp>188.673074</timestamp>
			</report>
			<report>
				<misses>995001</misses>
				<total>71</total>
				<timestamp>188.862857</timestamp>
			</report>
			<report>
				<misses>996001</misses>
				<total>72</total>
				<timestamp>189.052713</timestamp>
			</report>
			<report>
				<misses>997001</misses>
				<total>72</total>
				<timestamp>189.242456</timestamp>
			</report>
			<report>
				<misses>998001</misses>
				<total>72</total>
				<timestamp>189.432269</timestamp>
			</report>
			<report>
				<misses>999001</misses>
				<total>72</total>
				<timestamp>189.622183</timestamp>
			</report>
			<report>
				<misses>1000001</misses>
				<total>72</total>
				<timestamp>189.811923</timestamp>
			</report>
			<report>
				<misses>1001001</misses>
				<total>72</total>
				<timestamp>190.001721</timestamp>
			</report>
			<report>
				<misses>1002001</misses>
				<total>72</total>
				<timestamp>190.191515</timestamp>
			</report>
			<report>
				<misses>1003001</misses>
				<total>72</total>
				<timestamp>190.381399</timestamp>
			</report>
			<report>
				<misses>1004001</misses>
				<total>72</total>
				<timestamp>190.571135</timestamp>
			</report>
			<report>
				<misses>1005001</misses>
				<total>72</total>
				<timestamp>190.760949</timestamp>
			</report>
			<report>
				<misses>1006001</misses>
				<total>72</total>
				<timestamp>190.950832</timestamp>
			</report>
			<report>
				<misses>1007001</misses>
				<total>71</total>
				<timestamp>191.140591</timestamp>
			</report>
			<report>
				<misses>1008001</misses>
				<total>72</total>
				<timestamp>191.330441</timestamp>
			</report>
			<report>
				<misses>1009001</misses>
				<total>72</total>
				<timestamp>191.520240</timestamp>
			</report>
			<report>
				<misses>1010001</misses>
				<total>72</total>
				<timestamp>191.709992</timestamp>
			</report>
			<report>
				<misses>1011001</misses>
				<total>72</total>
				<timestamp>191.899789</timestamp>
			</report>
			<report>
				<misses>1012001</misses>
				<total>72</total>
				<timestamp>192.089692</timestamp>
			</report>
			<report>
				<misses>1013001</misses>
				<total>71</total>
				<timestamp>192.279432</timestamp>
			</report>
			<report>
				<misses>1014001</misses>
				<total>72</total>
				<timestamp>192.469240</timestamp>
			</report>
			<report>
				<misses>1015001</misses>
				<total>72</total>
				<timestamp>192.659130</timestamp>
			</report>
			<report>
				<misses>1016001</misses>
				<total>72</total>
				<timestamp>192.848887</timestamp>
			</report>
			<report>
				<misses>1017001</misses>
				<total>72</total>
				<timestamp>193.038649</timestamp>
			</report>
			<report>
				<misses>1018001</misses>
				<total>72</total>
				<timestamp>193.228500</timestamp>
			</report>
			<report>
				<misses>1019001</misses>
				<total>71</total>
				<timestamp>193.418314</timestamp>
			</report>
			<report>
				<misses>1020001</misses>
				<total>72</total>
				<timestamp>193.608091</timestamp>
			</report>
			<report>
				<misses>1021001</misses>
				<total>72</total>
				<timestamp>193.798020</timestamp>
			</report>
			<report>
				<misses>1022001</misses>
				<total>72</total>
				<timestamp>193.987710</timestamp>
			</report>
			<report>
				<misses>1023001</misses>
				<total>72</total>
				<timestamp>194.177546</timestamp>
			</report>
			<report>
				<misses>1024001</misses>
				<total>72</total>
				<timestamp>194.367332</timestamp>
			</report>
			<report>
				<misses>1025001</misses>
				<total>72</total>
				<timestamp>194.557137</timestamp>
			</report>
			<report>
				<misses>1026001</misses>
				<total>72</total>
				<timestamp>194.746952</timestamp>
			</report>
			<report>
				<misses>1027001</misses>
				<total>72</total>
				<timestamp>194.936844</timestamp>
			</report>
			<report>
				<misses>1028001</misses>
				<total>72</total>
				<timestamp>195.126573</timestamp>
			</report>
			<report>
				<misses>1029001</misses>
				<total>71</total>
				<timestamp>195.316401</timestamp>
			</report>
			<report>
				<misses>1030001</misses>
				<total>72</total>
				<timestamp>195.506182</timestamp>
			</report>
			<report>
				<misses>1031001</misses>
				<total>72</total>
				<timestamp>195.696087</timestamp>
			</report>
			<report>
				<misses>1032001</misses>
				<total>74</total>
				<timestamp>195.885881</timestamp>
			</report>
			<report>
				<misses>1033001</misses>
				<total>74</total>
				<timestamp>196.075634</timestamp>
			</report>
			<report>
				<misses>1034001</misses>
				<total>74</total>
				<timestamp>196.265517</timestamp>
			</report>
			<report>
				<misses>1035001</misses>
				<total>74</total>
				<timestamp>196.455297</timestamp>
			</report>
			<report>
				<misses>1036001</misses>
				<total>74</total>
				<timestamp>196.645042</timestamp>
			</report>
			<report>
				<misses>1037001</misses>
				<total>74</total>
				<timestamp>196.834887</timestamp>
			</report>
			<report>
				<misses>1038001</misses>
				<total>74</total>
				<timestamp>197.024715</timestamp>
			</report>
			<report>
				<misses>1039001</misses>
				<total>74</total>
				<timestamp>197.214486</timestamp>
			</report>
			<report>
				<misses>1040001</misses>
				<total>74</total>
				<timestamp>197.404300</timestamp>
			</report>
			<report>
				<misses>1041001</misses>
				<total>74</total>
				<timestamp>197.594094</timestamp>
			</report>
			<report>
				<misses>1042001</misses>
				<total>74</total>
				<timestamp>197.783922</timestamp>
			</report>
			<report>
				<misses>1043001</misses>
				<total>74</total>
				<timestamp>197.973771</timestamp>
			</report>
			<report>
				<misses>1044001</misses>
				<total>73</total>
				<timestamp>198.163589</timestamp>
			</report>
			<report>
				<misses>1045001</misses>
				<total>74</total>
				<timestamp>198.353370</timestamp>
			</report>
			<report>
				<misses>1046001</misses>
				<total>74</total>
				<timestamp>198.543163</timestamp>
			</report>
			<report>
				<misses>1047001</misses>
				<total>74</total>
				<timestamp>198.733025</timestamp>
			</report>
			<report>
				<misses>1048001</misses>
				<total>74</total>
				<timestamp>198.922828</timestamp>
			</report>
			<report>
				<misses>1049001</misses>
				<total>73</total>
				<timestamp>199.112627</timestamp>
			</report>
			<report>
				<misses>1050001</misses>
				<total>73</total>
				<timestamp>199.302470</timestamp>
			</report>
			<report>
				<misses>1051001</misses>
				<total>74</total>
				<timestamp>199.492270</timestamp>
			</report>
			<report>
				<misses>1052001</misses>
				<total>74</total>
				<timestamp>199.682019</timestamp>
			</report>
			<report>
				<misses>1053001</misses>
				<total>74</total>
				<timestamp>199.871823</timestamp>
			</report>
			<report>
				<misses>1054001</misses>
				<total>74</total>
				<timestamp>200.061776</timestamp>
			</report>
			<report>
				<misses>1055001</misses>
				<total>74</total>
				<timestamp>200.251448</timestamp>
			</report>
			<report>
				<misses>1056001</misses>
				<total>74</total>
				<timestamp>200.441320</timestamp>
			</report>
			<report>
				<misses>1057001</misses>
				<total>74</total>
				<timestamp>200.631075</timestamp>
			</report>
			<report>
				<misses>1058001</misses>
				<total>74</total>
				<timestamp>200.820884</timestamp>
			</report>
			<report>
				<misses>1059001</misses>
				<total>74</total>
				<timestamp>201.010743</timestamp>
			</report>
			<report>
				<misses>1060001</misses>
				<total>74</total>
				<timestamp>201.200530</timestamp>
			</report>
			<report>
				<misses>1061001</misses>
				<total>74</total>
				<timestamp>201.390318</timestamp>
			</report>
			<report>
				<misses>1062001</misses>
				<total>74</total>
				<timestamp>201.580191</timestamp>
			</report>
			<report>
				<misses>1063001</misses>
				<total>74</total>
				<timestamp>201.769920</timestamp>
			</report>
			<report>
				<misses>1064001</misses>
				<total>74</total>
				<timestamp>201.959714</timestamp>
			</report>
			<report>
				<misses>1065001</misses>
				<total>74</total>
				<timestamp>202.149551</timestamp>
			</report>
			<report>
				<misses>1066001</misses>
				<total>74</total>
				<timestamp>202.339357</timestamp>
			</report>
			<report>
				<misses>1067001</misses>
				<total>74</total>
				<timestamp>202.529140</timestamp>
			</report>
			<report>
				<misses>1068001</misses>
				<total>74</total>
				<timestamp>202.718966</timestamp>
			</report>
			<report>
				<misses>1069001</misses>
				<total>74</total>
				<timestamp>202.908782</timestamp>
			</report>
			<report>
				<misses>1070001</misses>
				<total>74</total>
				<timestamp>203.098623</timestamp>
			</report>
			<report>
				<misses>1071001</misses>
				<total>74</total>
				<timestamp>203.288476</timestamp>
			</report>
			<report>
				<misses>1072001</misses>
				<total>74</total>
				<timestamp>203.478312</timestamp>
			</report>
			<report>
				<misses>1073001</misses>
				<total>74</total>
				<timestamp>203.668070</timestamp>
			</report>
			<report>
				<misses>1074001</misses>
				<total>74</total>
				<timestamp>203.857819</timestamp>
			</report>
			<report>
				<misses>1075001</misses>
				<total>74</total>
				<timestamp>204.047663</timestamp>
			</report>
			<report>
				<misses>1076001</misses>
				<total>74</total>
				<timestamp>204.237464</timestamp>
			</report>
			<report>
				<misses>1077001</misses>
				<total>74</total>
				<timestamp>204.427345</timestamp>
			</report>
			<report>
				<misses>1078001</misses>
				<total>74</total>
				<timestamp>204.617104</timestamp>
			</report>
			<report>
				<misses>1079001</misses>
				<total>74</total>
				<timestamp>204.806912</timestamp>
			</report>
			<report>
				<misses>1080001</misses>
				<total>74</total>
				<timestamp>204.996693</timestamp>
			</report>
			<report>
				<misses>1081001</misses>
				<total>74</total>
				<timestamp>205.186516</timestamp>
			</report>
			<report>
				<misses>1082001</misses>
				<total>74</total>
				<timestamp>205.376356</timestamp>
			</report>
			<report>
				<misses>1083001</misses>
				<total>74</total>
				<timestamp>205.566118</timestamp>
			</report>
			<report>
				<misses>1084001</misses>
				<total>73</total>
				<timestamp>205.755994</timestamp>
			</report>
			<report>
				<misses>1085001</misses>
				<total>74</total>
				<timestamp>205.945775</timestamp>
			</report>
			<report>
				<misses>1086001</misses>
				<total>74</total>
				<timestamp>206.135548</timestamp>
			</report>
			<report>
				<misses>1087001</misses>
				<total>74</total>
				<timestamp>206.325414</timestamp>
			</report>
			<report>
				<misses>1088001</misses>
				<total>74</total>
				<timestamp>206.515192</timestamp>
			</report>
			<report>
				<misses>1089001</misses>
				<total>74</total>
				<timestamp>206.704989</timestamp>
			</report>
			<report>
				<misses>1090001</misses>
				<total>74</total>
				<timestamp>206.894805</timestamp>
			</report>
			<report>
				<misses>1091001</misses>
				<total>74</total>
				<timestamp>207.084663</timestamp>
			</report>
			<report>
				<misses>1092001</misses>
				<total>74</total>
				<timestamp>207.274476</timestamp>
			</report>
			<report>
				<misses>1093001</misses>
				<total>74</total>
				<timestamp>207.464283</timestamp>
			</report>
			<report>
				<misses>1094001</misses>
				<total>74</total>
				<timestamp>207.654034</timestamp>
			</report>
			<report>
				<misses>1095001</misses>
				<total>74</total>
				<timestamp>207.843858</timestamp>
			</report>
			<report>
				<misses>1096001</misses>
				<total>74</total>
				<timestamp>208.033701</timestamp>
			</report>
			<report>
				<misses>1097001</misses>
				<total>79</total>
				<timestamp>208.223555</timestamp>
			</report>
			<report>
				<misses>1098001</misses>
				<total>79</total>
				<timestamp>208.413275</timestamp>
			</report>
			<report>
				<misses>1099001</misses>
				<total>79</total>
				<timestamp>208.603117</timestamp>
			</report>
			<report>
				<misses>1100001</misses>
				<total>79</total>
				<timestamp>208.792970</timestamp>
			</report>
			<report>
				<misses>1101001</misses>
				<total>79</total>
				<timestamp>208.982739</timestamp>
			</report>
			<report>
				<misses>1102001</misses>
				<total>79</total>
				<timestamp>209.172553</timestamp>
			</report>
			<report>
				<misses>1103001</misses>
				<total>79</total>
				<timestamp>209.362318</timestamp>
			</report>
			<report>
				<misses>1104001</misses>
				<total>79</total>
				<timestamp>209.552108</timestamp>
			</report>
			<report>
				<misses>1105001</misses>
				<total>79</total>
				<timestamp>209.741923</timestamp>
			</report>
			<report>
				<misses>1106001</misses>
				<total>79</total>
				<timestamp>209.931764</timestamp>
			</report>
			<report>
				<misses>1107001</misses>
				<total>78</total>
				<timestamp>210.121612</timestamp>
			</report>
			<report>
				<misses>1108001</misses>
				<total>79</total>
				<timestamp>210.311403</timestamp>
			</report>
			<report>
				<misses>1109001</misses>
				<total>79</total>
				<timestamp>210.501186</timestamp>
			</report>
			<report>
				<misses>1110001</misses>
				<total>79</total>
				<timestamp>210.690982</timestamp>
			</report>
			<report>
				<misses>1111001</misses>
				<total>79</total>
				<timestamp>210.880833</timestamp>
			</report>
			<report>
				<misses>1112001</misses>
				<total>79</total>
				<timestamp>211.070730</timestamp>
			</report>
			<report>
				<misses>1113001</misses>
				<total>79</total>
				<timestamp>211.260475</timestamp>
			</report>
			<report>
				<misses>1114001</misses>
				<total>79</total>
				<timestamp>211.450282</timestamp>
			</report>
			<report>
				<misses>1115001</misses>
				<total>79</total>
				<timestamp>211.640111</timestamp>
			</report>
			<report>
				<misses>1116001</misses>
				<total>79</total>
				<timestamp>211.829835</timestamp>
			</report>
			<report>
				<misses>1117001</misses>
				<total>79</total>
				<timestamp>212.019709</timestamp>
			</report>
			<report>
				<misses>1118001</misses>
				<total>80</total>
				<timestamp>212.209566</timestamp>
			</report>
			<report>
				<misses>1119001</misses>
				<total>80</total>
				<timestamp>212.399303</timestamp>
			</report>
			<report>
				<misses>1120001</misses>
				<total>80</total>
				<timestamp>212.589189</timestamp>
			</report>
			<report>
				<misses>1121001</misses>
				<total>80</total>
				<timestamp>212.778927</timestamp>
			</report>
			<report>
				<misses>1122001</misses>
				<total>80</total>
				<timestamp>212.968752</timestamp>
			</report>
			<report>
				<misses>1123001</misses>
				<total>80</total>
				<timestamp>213.158551</timestamp>
			</report>
			<report>
				<misses>1124001</misses>
				<total>79</total>
				<timestamp>213.348356</timestamp>
			</report>
			<report>
				<misses>1125001</misses>
				<total>80</total>
				<timestamp>213.538134</timestamp>
			</report>
			<report>
				<misses>1126001</misses>
				<total>80</total>
				<timestamp>213.727935</timestamp>
			</report>
			<report>
				<misses>1127001</misses>
				<total>80</total>
				<timestamp>213.917762</timestamp>
			</report>
			<report>
				<misses>1128001</misses>
				<total>80</total>
				<timestamp>214.107593</timestamp>
			</report>
			<report>
				<misses>1129001</misses>
				<total>80</total>
				<timestamp>214.297371</timestamp>
			</report>
			<report>
				<misses>1130001</misses>
				<total>80</total>
				<timestamp>214.487214</timestamp>
			</report>
			<report>
				<misses>1131001</misses>
				<total>80</total>
				<timestamp>214.677019</timestamp>
			</report>
			<report>
				<misses>1132001</misses>
				<total>80</total>
				<timestamp>214.866802</timestamp>
			</report>
			<report>
				<misses>1133001</misses>
				<total>80</total>
				<timestamp>215.056635</timestamp>
			</report>
			<report>
				<misses>1134001</misses>
				<total>80</total>
				<timestamp>215.246480</timestamp>
			</report>
			<report>
				<misses>1135001</misses>
				<total>80</total>
				<timestamp>215.436250</timestamp>
			</report>
			<report>
				<misses>1136001</misses>
				<total>80</total>
				<timestamp>215.626058</timestamp>
			</report>
			<report>
				<misses>1137001</misses>
				<total>80</total>
				<timestamp>215.815843</timestamp>
			</report>
			<report>
				<misses>1138001</misses>
				<total>80</total>
				<timestamp>216.005759</timestamp>
			</report>
			<report>
				<misses>1139001</misses>
				<total>84</total>
				<timestamp>216.195522</timestamp>
			</report>
			<report>
				<misses>1140001</misses>
				<total>84</total>
				<timestamp>216.385319</timestamp>
			</report>
			<report>
				<misses>1141001</misses>
				<total>84</total>
				<timestamp>216.575101</timestamp>
			</report>
			<report>
				<misses>1142001</misses>
				<total>84</total>
				<timestamp>216.764895</timestamp>
			</report>
			<report>
				<misses>1143001</misses>
				<total>84</total>
				<timestamp>216.954722</timestamp>
			</report>
			<report>
				<misses>1144001</misses>
				<total>84</total>
				<timestamp>217.144620</timestamp>
			</report>
			<report>
				<misses>1145001</misses>
				<total>84</total>
				<timestamp>217.334321</timestamp>
			</report>
			<report>
				<misses>1146001</misses>
				<total>83</total>
				<timestamp>217.524200</timestamp>
			</report>
			<report>
				<misses>1147001</misses>
				<total>84</total>
				<timestamp>217.714057</timestamp>
			</report>
			<report>
				<misses>1148001</misses>
				<total>84</total>
				<timestamp>217.903774</timestamp>
			</report>
			<report>
				<misses>1149001</misses>
				<total>84</total>
				<timestamp>218.093623</timestamp>
			</report>
			<report>
				<misses>1150001</misses>
				<total>84</total>
				<timestamp>218.283408</timestamp>
			</report>
			<report>
				<misses>1151001</misses>
				<total>84</total>
				<timestamp>218.473227</timestamp>
			</report>
			<report>
				<misses>1152001</misses>
				<total>84</total>
				<timestamp>218.663010</timestamp>
			</report>
			<report>
				<misses>1153001</misses>
				<total>84</total>
				<timestamp>218.852882</timestamp>
			</report>
			<report>
				<misses>1154001</misses>
				<total>84</total>
				<timestamp>219.042654</timestamp>
			</report>
			<report>
				<misses>1155001</misses>
				<total>84</total>
				<timestamp>219.232458</timestamp>
			</report>
			<report>
				<misses>1156001</misses>
				<total>84</total>
				<timestamp>219.422296</timestamp>
			</report>
			<report>
				<misses>1157001</misses>
				<total>84</total>
				<timestamp>219.612083</timestamp>
			</report>
			<report>
				<misses>1158001</misses>
				<total>84</total>
				<timestamp>219.801998</timestamp>
			</report>
			<report>
				<misses>1159001</misses>
				<total>84</total>
				<timestamp>219.991688</timestamp>
			</report>
			<report>
				<misses>1160001</misses>
				<total>84</total>
				<timestamp>220.181545</timestamp>
			</report>
			<report>
				<misses>1161001</misses>
				<total>84</total>
				<timestamp>220.371369</timestamp>
			</report>
			<report>
				<misses>1162001</misses>
				<total>84</total>
				<timestamp>220.561220</timestamp>
			</report>
			<report>
				<misses>1163001</misses>
				<total>84</total>
				<timestamp>220.750918</timestamp>
			</report>
			<report>
				<misses>1164001</misses>
				<total>84</total>
				<timestamp>220.940722</timestamp>
			</report>
			<report>
				<misses>1165001</misses>
				<total>84</total>
				<timestamp>221.130593</timestamp>
			</report>
			<report>
				<misses>1166001</misses>
				<total>84</total>
				<timestamp>221.320387</timestamp>
			</report>
			<report>
				<misses>1167001</misses>
				<total>84</total>
				<timestamp>221.510241</timestamp>
			</report>
			<report>
				<misses>1168001</misses>
				<total>84</total>
				<timestamp>221.700015</timestamp>
			</report>
			<report>
				<misses>1169001</misses>
				<total>84</total>
				<timestamp>221.889854</timestamp>
			</report>
			<report>
				<misses>1170001</misses>
				<total>84</total>
				<timestamp>222.079636</timestamp>
			</report>
			<report>
				<misses>1171001</misses>
				<total>84</total>
				<timestamp>222.269413</timestamp>
			</report>
			<report>
				<misses>1172001</misses>
				<total>84</total>
				<timestamp>222.459209</timestamp>
			</report>
			<report>
				<misses>1173001</misses>
				<total>84</total>
				<timestamp>222.649084</timestamp>
			</report>
			<report>
				<misses>1174001</misses>
				<total>84</total>
				<timestamp>222.838865</timestamp>
			</report>
			<report>
				<misses>1175001</misses>
				<total>84</total>
				<timestamp>223.028647</timestamp>
			</report>
			<report>
				<misses>1176001</misses>
				<total>84</total>
				<timestamp>223.218454</timestamp>
			</report>
			<report>
				<misses>1177001</misses>
				<total>84</total>
				<timestamp>223.408266</timestamp>
			</report>
			<report>
				<misses>1178001</misses>
				<total>84</total>
				<timestamp>223.598067</timestamp>
			</report>
			<report>
				<misses>1179001</misses>
				<total>84</total>
				<timestamp>223.787924</timestamp>
			</report>
			<report>
				<misses>1180001</misses>
				<total>84</total>
				<timestamp>223.977735</timestamp>
			</report>
			<report>
				<misses>1181001</misses>
				<total>84</total>
				<timestamp>224.167515</timestamp>
			</report>
			<report>
				<misses>1182001</misses>
				<total>84</total>
				<timestamp>224.357319</timestamp>
			</report>
			<report>
				<misses>1183001</misses>
				<total>84</total>
				<timestamp>224.547117</timestamp>
			</report>
			<report>
				<misses>1184001</misses>
				<total>85</total>
				<timestamp>224.736955</timestamp>
			</report>
			<report>
				<misses>1185001</misses>
				<total>85</total>
				<timestamp>224.926767</timestamp>
			</report>
			<report>
				<misses>1186001</misses>
				<total>85</total>
				<timestamp>225.116549</timestamp>
			</report>
			<report>
				<misses>1187001</misses>
				<total>85</total>
				<timestamp>225.306378</timestamp>
			</report>
			<report>
				<misses>1188001</misses>
				<total>85</total>
				<timestamp>225.496172</timestamp>
			</report>
			<report>
				<misses>1189001</misses>
				<total>85</total>
				<timestamp>225.685999</timestamp>
			</report>
			<report>
				<misses>1190001</misses>
				<total>85</total>
				<timestamp>225.875817</timestamp>
			</report>
			<report>
				<misses>1191001</misses>
				<total>85</total>
				<timestamp>226.065628</timestamp>
			</report>
			<report>
				<misses>1192001</misses>
				<total>85</total>
				<timestamp>226.255426</timestamp>
			</report>
			<report>
				<misses>1193001</misses>
				<total>85</total>
				<timestamp>226.445247</timestamp>
			</report>
			<report>
				<misses>1194001</misses>
				<total>85</total>
				<timestamp>226.635064</timestamp>
			</report>
			<report>
				<misses>1195001</misses>
				<total>84</total>
				<timestamp>226.824949</timestamp>
			</report>
			<report>
				<misses>1196001</misses>
				<total>85</total>
				<timestamp>227.014662</timestamp>
			</report>
			<report>
				<misses>1197001</misses>
				<total>85</total>
				<timestamp>227.204491</timestamp>
			</report>
			<report>
				<misses>1198001</misses>
				<total>85</total>
				<timestamp>227.394277</timestamp>
			</report>
			<report>
				<misses>1199001</misses>
				<total>85</total>
				<timestamp>227.584075</timestamp>
			</report>
			<report>
				<misses>1200001</misses>
				<total>85</total>
				<timestamp>227.773991</timestamp>
			</report>
			<report>
				<misses>1201001</misses>
				<total>85</total>
				<timestamp>227.963755</timestamp>
			</report>
			<report>
				<misses>1202001</misses>
				<total>85</total>
				<timestamp>228.153519</timestamp>
			</report>
			<report>
				<misses>1203001</misses>
				<total>85</total>
				<timestamp>228.343338</timestamp>
			</report>
			<report>
				<misses>1204001</misses>
				<total>85</total>
				<timestamp>228.533120</timestamp>
			</report>
			<report>
				<misses>1205001</misses>
				<total>85</total>
				<timestamp>228.723003</timestamp>
			</report>
			<report>
				<misses>1206001</misses>
				<total>85</total>
				<timestamp>228.912774</timestamp>
			</report>
			<report>
				<misses>1207001</misses>
				<total>84</total>
				<timestamp>229.102770</timestamp>
			</report>
			<report>
				<misses>1208001</misses>
				<total>85</total>
				<timestamp>229.292552</timestamp>
			</report>
			<report>
				<misses>1209001</misses>
				<total>85</total>
				<timestamp>229.482368</timestamp>
			</report>
			<report>
				<misses>1210001</misses>
				<total>85</total>
				<timestamp>229.672214</timestamp>
			</report>
			<report>
				<misses>1211001</misses>
				<total>85</total>
				<timestamp>229.862021</timestamp>
			</report>
			<report>
				<misses>1212001</misses>
				<total>85</total>
				<timestamp>230.051811</timestamp>
			</report>
			<report>
				<misses>1213001</misses>
				<total>84</total>
				<timestamp>230.241672</timestamp>
			</report>
			<report>
				<misses>1214001</misses>
				<total>85</total>
				<timestamp>230.431438</timestamp>
			</report>
			<report>
				<misses>1215001</misses>
				<total>85</total>
				<timestamp>230.621249</timestamp>
			</report>
			<report>
				<misses>1216001</misses>
				<total>85</total>
				<timestamp>230.811059</timestamp>
			</report>
			<report>
				<misses>1217001</misses>
				<total>85</total>
				<timestamp>231.000845</timestamp>
			</report>
			<report>
				<misses>1218001</misses>
				<total>85</total>
				<timestamp>231.190713</timestamp>
			</report>
			<report>
				<misses>1219001</misses>
				<total>85</total>
				<timestamp>231.380557</timestamp>
			</report>
			<report>
				<misses>1220001</misses>
				<total>85</total>
				<timestamp>231.570266</timestamp>
			</report>
			<report>
				<misses>1221001</misses>
				<total>85</total>
				<timestamp>231.760103</timestamp>
			</report>
			<report>
				<misses>1222001</misses>
				<total>85</total>
				<timestamp>231.949887</timestamp>
			</report>
			<report>
				<misses>1223001</misses>
				<total>84</total>
				<timestamp>232.139741</timestamp>
			</report>
			<report>
				<misses>1224001</misses>
				<total>85</total>
				<timestamp>232.329613</timestamp>
			</report>
			<report>
				<misses>1225001</misses>
				<total>85</total>
				<timestamp>232.519340</timestamp>
			</report>
			<report>
				<misses>1226001</misses>
				<total>85</total>
				<timestamp>232.709171</timestamp>
			</report>
			<report>
				<misses>1227001</misses>
				<total>85</total>
				<timestamp>232.898994</timestamp>
			</report>
			<report>
				<misses>1228001</misses>
				<total>85</total>
				<timestamp>233.088804</timestamp>
			</report>
			<report>
				<misses>1229001</misses>
				<total>85</total>
				<timestamp>233.278600</timestamp>
			</report>
			<report>
				<misses>1230001</misses>
				<total>84</total>
				<timestamp>233.468469</timestamp>
			</report>
			<report>
				<misses>1231001</misses>
				<total>85</total>
				<timestamp>233.658181</timestamp>
			</report>
			<report>
				<misses>1232001</misses>
				<total>85</total>
				<timestamp>233.848033</timestamp>
			</report>
			<report>
				<misses>1233001</misses>
				<total>85</total>
				<timestamp>234.037824</timestamp>
			</report>
			<report>
				<misses>1234001</misses>
				<total>85</total>
				<timestamp>234.227648</timestamp>
			</report>
			<report>
				<misses>1235001</misses>
				<total>85</total>
				<timestamp>234.417460</timestamp>
			</report>
			<report>
				<misses>1236001</misses>
				<total>85</total>
				<timestamp>234.607296</timestamp>
			</report>
			<report>
				<misses>1237001</misses>
				<total>85</total>
				<timestamp>234.797023</timestamp>
			</report>
			<report>
				<misses>1238001</misses>
				<total>85</total>
				<timestamp>234.986868</timestamp>
			</report>
			<report>
				<misses>1239001</misses>
				<total>85</total>
				<timestamp>235.176716</timestamp>
			</report>
			<report>
				<misses>1240001</misses>
				<total>85</total>
				<timestamp>235.366556</timestamp>
			</report>
			<report>
				<misses>1241001</misses>
				<total>85</total>
				<timestamp>235.556287</timestamp>
			</report>
			<report>
				<misses>1242001</misses>
				<total>85</total>
				<timestamp>235.746188</timestamp>
			</report>
			<report>
				<misses>1243001</misses>
				<total>85</total>
				<timestamp>235.935908</timestamp>
			</report>
			<report>
				<misses>1244001</misses>
				<total>84</total>
				<timestamp>236.125724</timestamp>
			</report>
			<report>
				<misses>1245001</misses>
				<total>85</total>
				<timestamp>236.315677</timestamp>
			</report>
			<report>
				<misses>1246001</misses>
				<total>85</total>
				<timestamp>236.505395</timestamp>
			</report>
			<report>
				<misses>1247001</misses>
				<total>85</total>
				<timestamp>236.695134</timestamp>
			</report>
			<report>
				<misses>1248001</misses>
				<total>85</total>
				<timestamp>236.884948</timestamp>
			</report>
			<report>
				<misses>1249001</misses>
				<total>85</total>
				<timestamp>237.074759</timestamp>
			</report>
			<report>
				<misses>1250001</misses>
				<total>85</total>
				<timestamp>237.264634</timestamp>
			</report>
			<report>
				<misses>1251001</misses>
				<total>85</total>
				<timestamp>237.454418</timestamp>
			</report>
			<report>
				<misses>1252001</misses>
				<total>85</total>
				<timestamp>237.644263</timestamp>
			</report>
			<report>
				<misses>1253001</misses>
				<total>85</total>
				<timestamp>237.834038</timestamp>
			</report>
			<report>
				<misses>1254001</misses>
				<total>85</total>
				<timestamp>238.023872</timestamp>
			</report>
			<report>
				<misses>1255001</misses>
				<total>85</total>
				<timestamp>238.213626</timestamp>
			</report>
			<report>
				<misses>1256001</misses>
				<total>87</total>
				<timestamp>238.403454</timestamp>
			</report>
			<report>
				<misses>1257001</misses>
				<total>87</total>
				<timestamp>238.593297</timestamp>
			</report>
			<report>
				<misses>1258001</misses>
				<total>87</total>
				<timestamp>238.783101</timestamp>
			</report>
			<report>
				<misses>1259001</misses>
				<total>87</total>
				<timestamp>238.972857</timestamp>
			</report>
			<report>
				<misses>1260001</misses>
				<total>87</total>
				<timestamp>239.162704</timestamp>
			</report>
			<report>
				<misses>1261001</misses>
				<total>87</total>
				<timestamp>239.352521</timestamp>
			</report>
			<report>
				<misses>1262001</misses>
				<total>87</total>
				<timestamp>239.542321</timestamp>
			</report>
			<report>
				<misses>1263001</misses>
				<total>87</total>
				<timestamp>239.732121</timestamp>
			</report>
			<report>
				<misses>1264001</misses>
				<total>87</total>
				<timestamp>239.921913</timestamp>
			</report>
			<report>
				<misses>1265001</misses>
				<total>87</total>
				<timestamp>240.111772</timestamp>
			</report>
			<report>
				<misses>1266001</misses>
				<total>87</total>
				<timestamp>240.301557</timestamp>
			</report>
			<report>
				<misses>1267001</misses>
				<total>87</total>
				<timestamp>240.491477</timestamp>
			</report>
			<report>
				<misses>1268001</misses>
				<total>87</total>
				<timestamp>240.681266</timestamp>
			</report>
			<report>
				<misses>1269001</misses>
				<total>86</total>
				<timestamp>240.871045</timestamp>
			</report>
			<report>
				<misses>1270001</misses>
				<total>87</total>
				<timestamp>241.060780</timestamp>
			</report>
			<report>
				<misses>1271001</misses>
				<total>87</total>
				<timestamp>241.250626</timestamp>
			</report>
			<report>
				<misses>1272001</misses>
				<total>87</total>
				<timestamp>241.440444</timestamp>
			</report>
			<report>
				<misses>1273001</misses>
				<total>88</total>
				<timestamp>241.630232</timestamp>
			</report>
			<report>
				<misses>1274001</misses>
				<total>88</total>
				<timestamp>241.820021</timestamp>
			</report>
			<report>
				<misses>1275001</misses>
				<total>88</total>
				<timestamp>242.009886</timestamp>
			</report>
			<report>
				<misses>1276001</misses>
				<total>88</total>
				<timestamp>242.199644</timestamp>
			</report>
			<report>
				<misses>1277001</misses>
				<total>88</total>
				<timestamp>242.389568</timestamp>
			</report>
			<report>
				<misses>1278001</misses>
				<total>88</total>
				<timestamp>242.579288</timestamp>
			</report>
			<report>
				<misses>1279001</misses>
				<total>88</total>
				<timestamp>242.769143</timestamp>
			</report>
			<report>
				<misses>1280001</misses>
				<total>88</total>
				<timestamp>242.958907</timestamp>
			</report>
			<report>
				<misses>1281001</misses>
				<total>88</total>
				<timestamp>243.148800</timestamp>
			</report>
			<report>
				<misses>1282001</misses>
				<total>87</total>
				<timestamp>243.338546</timestamp>
			</report>
			<report>
				<misses>1283001</misses>
				<total>88</total>
				<timestamp>243.528378</timestamp>
			</report>
			<report>
				<misses>1284001</misses>
				<total>88</total>
				<timestamp>243.718110</timestamp>
			</report>
			<report>
				<misses>1285001</misses>
				<total>88</total>
				<timestamp>243.907990</timestamp>
			</report>
			<report>
				<misses>1286001</misses>
				<total>88</total>
				<timestamp>244.097750</timestamp>
			</report>
			<report>
				<misses>1287001</misses>
				<total>88</total>
				<timestamp>244.287572</timestamp>
			</report>
			<report>
				<misses>1288001</misses>
				<total>88</total>
				<timestamp>244.477424</timestamp>
			</report>
			<report>
				<misses>1289001</misses>
				<total>88</total>
				<timestamp>244.667233</timestamp>
			</report>
			<report>
				<misses>1290001</misses>
				<total>88</total>
				<timestamp>244.856962</timestamp>
			</report>
			<report>
				<misses>1291001</misses>
				<total>88</total>
				<timestamp>245.046850</timestamp>
			</report>
			<report>
				<misses>1292001</misses>
				<total>88</total>
				<timestamp>245.236589</timestamp>
			</report>
			<report>
				<misses>1293001</misses>
				<total>88</total>
				<timestamp>245.426435</timestamp>
			</report>
			<report>
				<misses>1294001</misses>
				<total>88</total>
				<timestamp>245.616244</timestamp>
			</report>
			<report>
				<misses>1295001</misses>
				<total>88</total>
				<timestamp>245.806053</timestamp>
			</report>
			<report>
				<misses>1296001</misses>
				<total>88</total>
				<timestamp>245.995829</timestamp>
			</report>
			<report>
				<misses>1297001</misses>
				<total>88</total>
				<timestamp>246.185637</timestamp>
			</report>
			<report>
				<misses>1298001</misses>
				<total>88</total>
				<timestamp>246.375442</timestamp>
			</report>
			<report>
				<misses>1299001</misses>
				<total>88</total>
				<timestamp>246.565300</timestamp>
			</report>
			<report>
				<misses>1300001</misses>
				<total>87</total>
				<timestamp>246.755080</timestamp>
			</report>
			<report>
				<misses>1301001</misses>
				<total>88</total>
				<timestamp>246.944887</timestamp>
			</report>
			<report>
				<misses>1302001</misses>
				<total>88</total>
				<timestamp>247.134745</timestamp>
			</report>
			<report>
				<misses>1303001</misses>
				<total>88</total>
				<timestamp>247.324512</timestamp>
			</report>
			<report>
				<misses>1304001</misses>
				<total>88</total>
				<timestamp>247.514349</timestamp>
			</report>
			<report>
				<misses>1305001</misses>
				<total>88</total>
				<timestamp>247.704128</timestamp>
			</report>
			<report>
				<misses>1306001</misses>
				<total>88</total>
				<timestamp>247.893971</timestamp>
			</report>
			<report>
				<misses>1307001</misses>
				<total>88</total>
				<timestamp>248.083775</timestamp>
			</report>
			<report>
				<misses>1308001</misses>
				<total>88</total>
				<timestamp>248.273685</timestamp>
			</report>
			<report>
				<misses>1309001</misses>
				<total>88</total>
				<timestamp>248.463379</timestamp>
			</report>
			<report>
				<misses>1310001</misses>
				<total>88</total>
				<timestamp>248.653214</timestamp>
			</report>
			<report>
				<misses>1311001</misses>
				<total>88</total>
				<timestamp>248.843032</timestamp>
			</report>
			<report>
				<misses>1312001</misses>
				<total>88</total>
				<timestamp>249.032832</timestamp>
			</report>
			<report>
				<misses>1313001</misses>
				<total>89</total>
				<timestamp>249.222627</timestamp>
			</report>
			<report>
				<misses>1314001</misses>
				<total>89</total>
				<timestamp>249.412445</timestamp>
			</report>
			<report>
				<misses>1315001</misses>
				<total>89</total>
				<timestamp>249.602225</timestamp>
			</report>
			<report>
				<misses>1316001</misses>
				<total>89</total>
				<timestamp>249.792083</timestamp>
			</report>
			<report>
				<misses>1317001</misses>
				<total>89</total>
				<timestamp>249.981963</timestamp>
			</report>
			<report>
				<misses>1318001</misses>
				<total>89</total>
				<timestamp>250.171712</timestamp>
			</report>
			<report>
				<misses>1319001</misses>
				<total>89</total>
				<timestamp>250.361511</timestamp>
			</report>
			<report>
				<misses>1320001</misses>
				<total>89</total>
				<timestamp>250.551404</timestamp>
			</report>
			<report>
				<misses>1321001</misses>
				<total>89</total>
				<timestamp>250.741098</timestamp>
			</report>
			<report>
				<misses>1322001</misses>
				<total>89</total>
				<timestamp>250.930945</timestamp>
			</report>
			<report>
				<misses>1323001</misses>
				<total>89</total>
				<timestamp>251.120706</timestamp>
			</report>
			<report>
				<misses>1324001</misses>
				<total>89</total>
				<timestamp>251.310557</timestamp>
			</report>
			<report>
				<misses>1325001</misses>
				<total>89</total>
				<timestamp>251.500340</timestamp>
			</report>
			<report>
				<misses>1326001</misses>
				<total>89</total>
				<timestamp>251.690150</timestamp>
			</report>
			<report>
				<misses>1327001</misses>
				<total>89</total>
				<timestamp>251.879955</timestamp>
			</report>
			<report>
				<misses>1328001</misses>
				<total>89</total>
				<timestamp>252.069729</timestamp>
			</report>
			<report>
				<misses>1329001</misses>
				<total>89</total>
				<timestamp>252.259613</timestamp>
			</report>
			<report>
				<misses>1330001</misses>
				<total>89</total>
				<timestamp>252.449388</timestamp>
			</report>
			<report>
				<misses>1331001</misses>
				<total>89</total>
				<timestamp>252.639178</timestamp>
			</report>
			<report>
				<misses>1332001</misses>
				<total>89</total>
				<timestamp>252.829027</timestamp>
			</report>
			<report>
				<misses>1333001</misses>
				<total>89</total>
				<timestamp>253.018791</timestamp>
			</report>
			<report>
				<misses>1334001</misses>
				<total>89</total>
				<timestamp>253.208689</timestamp>
			</report>
			<report>
				<misses>1335001</misses>
				<total>89</total>
				<timestamp>253.398520</timestamp>
			</report>
			<report>
				<misses>1336001</misses>
				<total>89</total>
				<timestamp>253.588380</timestamp>
			</report>
			<report>
				<misses>1337001</misses>
				<total>89</total>
				<timestamp>253.778038</timestamp>
			</report>
			<report>
				<misses>1338001</misses>
				<total>89</total>
				<timestamp>253.967922</timestamp>
			</report>
			<report>
				<misses>1339001</misses>
				<total>89</total>
				<timestamp>254.157676</timestamp>
			</report>
			<report>
				<misses>1340001</misses>
				<total>89</total>
				<timestamp>254.347465</timestamp>
			</report>
			<report>
				<misses>1341001</misses>
				<total>89</total>
				<timestamp>254.537343</timestamp>
			</report>
			<report>
				<misses>1342001</misses>
				<total>89</total>
				<timestamp>254.727087</timestamp>
			</report>
			<report>
				<misses>1343001</misses>
				<total>89</total>
				<timestamp>254.916900</timestamp>
			</report>
			<report>
				<misses>1344001</misses>
				<total>89</total>
				<timestamp>255.106707</timestamp>
			</report>
			<report>
				<misses>1345001</misses>
				<total>89</total>
				<timestamp>255.296523</timestamp>
			</report>
			<report>
				<misses>1346001</misses>
				<total>89</total>
				<timestamp>255.486333</timestamp>
			</report>
			<report>
				<misses>1347001</misses>
				<total>89</total>
				<timestamp>255.676147</timestamp>
			</report>
			<report>
				<misses>1348001</misses>
				<total>89</total>
				<timestamp>255.865952</timestamp>
			</report>
			<report>
				<misses>1349001</misses>
				<total>89</total>
				<timestamp>256.055744</timestamp>
			</report>
			<report>
				<misses>1350001</misses>
				<total>89</total>
				<timestamp>256.245596</timestamp>
			</report>
			<report>
				<misses>1351001</misses>
				<total>89</total>
				<timestamp>256.435414</timestamp>
			</report>
			<report>
				<misses>1352001</misses>
				<total>89</total>
				<timestamp>256.625250</timestamp>
			</report>
			<report>
				<misses>1353001</misses>
				<total>89</total>
				<timestamp>256.815056</timestamp>
			</report>
			<report>
				<misses>1354001</misses>
				<total>89</total>
				<timestamp>257.004876</timestamp>
			</report>
			<report>
				<misses>1355001</misses>
				<total>89</total>
				<timestamp>257.194672</timestamp>
			</report>
			<report>
				<misses>1356001</misses>
				<total>88</total>
				<timestamp>257.384479</timestamp>
			</report>
			<report>
				<misses>1357001</misses>
				<total>89</total>
				<timestamp>257.574339</timestamp>
			</report>
			<report>
				<misses>1358001</misses>
				<total>89</total>
				<timestamp>257.764060</timestamp>
			</report>
			<report>
				<misses>1359001</misses>
				<total>89</total>
				<timestamp>257.953890</timestamp>
			</report>
			<report>
				<misses>1360001</misses>
				<total>89</total>
				<timestamp>258.143670</timestamp>
			</report>
			<report>
				<misses>1361001</misses>
				<total>89</total>
				<timestamp>258.333570</timestamp>
			</report>
			<report>
				<misses>1362001</misses>
				<total>89</total>
				<timestamp>258.523373</timestamp>
			</report>
			<report>
				<misses>1363001</misses>
				<total>89</total>
				<timestamp>258.713118</timestamp>
			</report>
			<report>
				<misses>1364001</misses>
				<total>89</total>
				<timestamp>258.903023</timestamp>
			</report>
			<report>
				<misses>1365001</misses>
				<total>89</total>
				<timestamp>259.092797</timestamp>
			</report>
			<report>
				<misses>1366001</misses>
				<total>89</total>
				<timestamp>259.282521</timestamp>
			</report>
			<report>
				<misses>1367001</misses>
				<total>89</total>
				<timestamp>259.472346</timestamp>
			</report>
			<report>
				<misses>1368001</misses>
				<total>89</total>
				<timestamp>259.662149</timestamp>
			</report>
			<report>
				<misses>1369001</misses>
				<total>89</total>
				<timestamp>259.852053</timestamp>
			</report>
			<report>
				<misses>1370001</misses>
				<total>89</total>
				<timestamp>260.041778</timestamp>
			</report>
			<report>
				<misses>1371001</misses>
				<total>89</total>
				<timestamp>260.231579</timestamp>
			</report>
			<report>
				<misses>1372001</misses>
				<total>89</total>
				<timestamp>260.421439</timestamp>
			</report>
			<report>
				<misses>1373001</misses>
				<total>90</total>
				<timestamp>260.611301</timestamp>
			</report>
			<report>
				<misses>1374001</misses>
				<total>90</total>
				<timestamp>260.801008</timestamp>
			</report>
			<report>
				<misses>1375001</misses>
				<total>90</total>
				<timestamp>260.990811</timestamp>
			</report>
			<report>
				<misses>1376001</misses>
				<total>90</total>
				<timestamp>261.180663</timestamp>
			</report>
			<report>
				<misses>1377001</misses>
				<total>90</total>
				<timestamp>261.370439</timestamp>
			</report>
			<report>
				<misses>1378001</misses>
				<total>90</total>
				<timestamp>261.560269</timestamp>
			</report>
			<report>
				<misses>1379001</misses>
				<total>90</total>
				<timestamp>261.750076</timestamp>
			</report>
			<report>
				<misses>1380001</misses>
				<total>90</total>
				<timestamp>261.939902</timestamp>
			</report>
			<report>
				<misses>1381001</misses>
				<total>90</total>
				<timestamp>262.129679</timestamp>
			</report>
			<report>
				<misses>1382001</misses>
				<total>90</total>
				<timestamp>262.319506</timestamp>
			</report>
			<report>
				<misses>1383001</misses>
				<total>90</total>
				<timestamp>262.509327</timestamp>
			</report>
			<report>
				<misses>1384001</misses>
				<total>90</total>
				<timestamp>262.699130</timestamp>
			</report>
			<report>
				<misses>1385001</misses>
				<total>90</total>
				<timestamp>262.888930</timestamp>
			</report>
			<report>
				<misses>1386001</misses>
				<total>90</total>
				<timestamp>263.078726</timestamp>
			</report>
			<report>
				<misses>1387001</misses>
				<total>90</total>
				<timestamp>263.268549</timestamp>
			</report>
			<report>
				<misses>1388001</misses>
				<total>90</total>
				<timestamp>263.458380</timestamp>
			</report>
			<report>
				<misses>1389001</misses>
				<total>90</total>
				<timestamp>263.648170</timestamp>
			</report>
			<report>
				<misses>1390001</misses>
				<total>90</total>
				<timestamp>263.838005</timestamp>
			</report>
			<report>
				<misses>1391001</misses>
				<total>90</total>
				<timestamp>264.027783</timestamp>
			</report>
			<report>
				<misses>1392001</misses>
				<total>90</total>
				<timestamp>264.217665</timestamp>
			</report>
			<report>
				<misses>1393001</misses>
				<total>90</total>
				<timestamp>264.407412</timestamp>
			</report>
			<report>
				<misses>1394001</misses>
				<total>90</total>
				<timestamp>264.597272</timestamp>
			</report>
			<report>
				<misses>1395001</misses>
				<total>90</total>
				<timestamp>264.787023</timestamp>
			</report>
			<report>
				<misses>1396001</misses>
				<total>90</total>
				<timestamp>264.976883</timestamp>
			</report>
			<report>
				<misses>1397001</misses>
				<total>90</total>
				<timestamp>265.166675</timestamp>
			</report>
			<report>
				<misses>1398001</misses>
				<total>90</total>
				<timestamp>265.356481</timestamp>
			</report>
			<report>
				<misses>1399001</misses>
				<total>90</total>
				<timestamp>265.546275</timestamp>
			</report>
			<report>
				<misses>1400001</misses>
				<total>90</total>
				<timestamp>265.736122</timestamp>
			</report>
			<report>
				<misses>1401001</misses>
				<total>90</total>
				<timestamp>265.925945</timestamp>
			</report>
			<report>
				<misses>1402001</misses>
				<total>90</total>
				<timestamp>266.115765</timestamp>
			</report>
			<report>
				<misses>1403001</misses>
				<total>89</total>
				<timestamp>266.305536</timestamp>
			</report>
			<report>
				<misses>1404001</misses>
				<total>90</total>
				<timestamp>266.495328</timestamp>
			</report>
			<report>
				<misses>1405001</misses>
				<total>90</total>
				<timestamp>266.685122</timestamp>
			</report>
			<report>
				<misses>1406001</misses>
				<total>90</total>
				<timestamp>266.874972</timestamp>
			</report>
			<report>
				<misses>1407001</misses>
				<total>90</total>
				<timestamp>267.064870</timestamp>
			</report>
			<report>
				<misses>1408001</misses>
				<total>90</total>
				<timestamp>267.254561</timestamp>
			</report>
			<report>
				<misses>1409001</misses>
				<total>90</total>
				<timestamp>267.444438</timestamp>
			</report>
			<report>
				<misses>1410001</misses>
				<total>90</total>
				<timestamp>267.634195</timestamp>
			</report>
			<report>
				<misses>1411001</misses>
				<total>90</total>
				<timestamp>267.823979</timestamp>
			</report>
			<report>
				<misses>1412001</misses>
				<total>90</total>
				<timestamp>268.013888</timestamp>
			</report>
			<report>
				<misses>1413001</misses>
				<total>90</total>
				<timestamp>268.203647</timestamp>
			</report>
			<report>
				<misses>1414001</misses>
				<total>90</total>
				<timestamp>268.393435</timestamp>
			</report>
			<report>
				<misses>1415001</misses>
				<total>90</total>
				<timestamp>268.583260</timestamp>
			</report>
			<report>
				<misses>1416001</misses>
				<total>90</total>
				<timestamp>268.773061</timestamp>
			</report>
			<report>
				<misses>1417001</misses>
				<total>90</total>
				<timestamp>268.962891</timestamp>
			</report>
			<report>
				<misses>1418001</misses>
				<total>90</total>
				<timestamp>269.152686</timestamp>
			</report>
			<report>
				<misses>1419001</misses>
				<total>90</total>
				<timestamp>269.342511</timestamp>
			</report>
			<report>
				<misses>1420001</misses>
				<total>90</total>
				<timestamp>269.532293</timestamp>
			</report>
			<report>
				<misses>1421001</misses>
				<total>90</total>
				<timestamp>269.722083</timestamp>
			</report>
			<report>
				<misses>1422001</misses>
				<total>90</total>
				<timestamp>269.911938</timestamp>
			</report>
			<report>
				<misses>1423001</misses>
				<total>90</total>
				<timestamp>270.101688</timestamp>
			</report>
			<report>
				<misses>1424001</misses>
				<total>90</total>
				<timestamp>270.291515</timestamp>
			</report>
			<report>
				<misses>1425001</misses>
				<total>90</total>
				<timestamp>270.481368</timestamp>
			</report>
			<report>
				<misses>1426001</misses>
				<total>90</total>
				<timestamp>270.671161</timestamp>
			</report>
			<report>
				<misses>1427001</misses>
				<total>90</total>
				<timestamp>270.860977</timestamp>
			</report>
			<report>
				<misses>1428001</misses>
				<total>90</total>
				<timestamp>271.050742</timestamp>
			</report>
			<report>
				<misses>1429001</misses>
				<total>90</total>
				<timestamp>271.240677</timestamp>
			</report>
			<report>
				<misses>1430001</misses>
				<total>90</total>
				<timestamp>271.430387</timestamp>
			</report>
			<report>
				<misses>1431001</misses>
				<total>90</total>
				<timestamp>271.620276</timestamp>
			</report>
			<report>
				<misses>1432001</misses>
				<total>90</total>
				<timestamp>271.809982</timestamp>
			</report>
			<report>
				<misses>1433001</misses>
				<total>90</total>
				<timestamp>271.999800</timestamp>
			</report>
			<report>
				<misses>1434001</misses>
				<total>90</total>
				<timestamp>272.189663</timestamp>
			</report>
			<report>
				<misses>1435001</misses>
				<total>90</total>
				<timestamp>272.379444</timestamp>
			</report>
			<report>
				<misses>1436001</misses>
				<total>90</total>
				<timestamp>272.569249</timestamp>
			</report>
			<report>
				<misses>1437001</misses>
				<total>90</total>
				<timestamp>272.759114</timestamp>
			</report>
			<report>
				<misses>1438001</misses>
				<total>90</total>
				<timestamp>272.948839</timestamp>
			</report>
			<report>
				<misses>1439001</misses>
				<total>90</total>
				<timestamp>273.138733</timestamp>
			</report>
			<report>
				<misses>1440001</misses>
				<total>90</total>
				<timestamp>273.328537</timestamp>
			</report>
			<report>
				<misses>1441001</misses>
				<total>90</total>
				<timestamp>273.518297</timestamp>
			</report>
			<report>
				<misses>1442001</misses>
				<total>90</total>
				<timestamp>273.708113</timestamp>
			</report>
			<report>
				<misses>1443001</misses>
				<total>90</total>
				<timestamp>273.897918</timestamp>
			</report>
			<report>
				<misses>1444001</misses>
				<total>92</total>
				<timestamp>274.087754</timestamp>
			</report>
			<report>
				<misses>1445001</misses>
				<total>92</total>
				<timestamp>274.277625</timestamp>
			</report>
			<report>
				<misses>1446001</misses>
				<total>92</total>
				<timestamp>274.467377</timestamp>
			</report>
			<report>
				<misses>1447001</misses>
				<total>92</total>
				<timestamp>274.657195</timestamp>
			</report>
			<report>
				<misses>1448001</misses>
				<total>92</total>
				<timestamp>274.847046</timestamp>
			</report>
			<report>
				<misses>1449001</misses>
				<total>92</total>
				<timestamp>275.036798</timestamp>
			</report>
			<report>
				<misses>1450001</misses>
				<total>92</total>
				<timestamp>275.226641</timestamp>
			</report>
			<report>
				<misses>1451001</misses>
				<total>91</total>
				<timestamp>275.416498</timestamp>
			</report>
			<report>
				<misses>1452001</misses>
				<total>92</total>
				<timestamp>275.606221</timestamp>
			</report>
			<report>
				<misses>1453001</misses>
				<total>92</total>
				<timestamp>275.796052</timestamp>
			</report>
			<report>
				<misses>1454001</misses>
				<total>92</total>
				<timestamp>275.985804</timestamp>
			</report>
			<report>
				<misses>1455001</misses>
				<total>92</total>
				<timestamp>276.175708</timestamp>
			</report>
			<report>
				<misses>1456001</misses>
				<total>92</total>
				<timestamp>276.365485</timestamp>
			</report>
			<report>
				<misses>1457001</misses>
				<total>92</total>
				<timestamp>276.555305</timestamp>
			</report>
			<report>
				<misses>1458001</misses>
				<total>92</total>
				<timestamp>276.745070</timestamp>
			</report>
			<report>
				<misses>1459001</misses>
				<total>92</total>
				<timestamp>276.934879</timestamp>
			</report>
			<report>
				<misses>1460001</misses>
				<total>92</total>
				<timestamp>277.124708</timestamp>
			</report>
			<report>
				<misses>1461001</misses>
				<total>92</total>
				<timestamp>277.314553</timestamp>
			</report>
			<report>
				<misses>1462001</misses>
				<total>92</total>
				<timestamp>277.504318</timestamp>
			</report>
			<report>
				<misses>1463001</misses>
				<total>92</total>
				<timestamp>277.694140</timestamp>
			</report>
			<report>
				<misses>1464001</misses>
				<total>92</total>
				<timestamp>277.883918</timestamp>
			</report>
			<report>
				<misses>1465001</misses>
				<total>92</total>
				<timestamp>278.073760</timestamp>
			</report>
			<report>
				<misses>1466001</misses>
				<total>92</total>
				<timestamp>278.263621</timestamp>
			</report>
			<report>
				<misses>1467001</misses>
				<total>92</total>
				<timestamp>278.453349</timestamp>
			</report>
			<report>
				<misses>1468001</misses>
				<total>92</total>
				<timestamp>278.643199</timestamp>
			</report>
			<report>
				<misses>1469001</misses>
				<total>92</total>
				<timestamp>278.833053</timestamp>
			</report>
			<report>
				<misses>1470001</misses>
				<total>92</total>
				<timestamp>279.022764</timestamp>
			</report>
			<report>
				<misses>1471001</misses>
				<total>92</total>
				<timestamp>279.212595</timestamp>
			</report>
			<report>
				<misses>1472001</misses>
				<total>92</total>
				<timestamp>279.402412</timestamp>
			</report>
			<report>
				<misses>1473001</misses>
				<total>92</total>
				<timestamp>279.592268</timestamp>
			</report>
			<report>
				<misses>1474001</misses>
				<total>92</total>
				<timestamp>279.782061</timestamp>
			</report>
			<report>
				<misses>1475001</misses>
				<total>93</total>
				<timestamp>279.971885</timestamp>
			</report>
			<report>
				<misses>1476001</misses>
				<total>93</total>
				<timestamp>280.161636</timestamp>
			</report>
			<report>
				<misses>1477001</misses>
				<total>93</total>
				<timestamp>280.351452</timestamp>
			</report>
			<report>
				<misses>1478001</misses>
				<total>93</total>
				<timestamp>280.541310</timestamp>
			</report>
			<report>
				<misses>1479001</misses>
				<total>93</total>
				<timestamp>280.731089</timestamp>
			</report>
			<report>
				<misses>1480001</misses>
				<total>93</total>
				<timestamp>280.920873</timestamp>
			</report>
			<report>
				<misses>1481001</misses>
				<total>93</total>
				<timestamp>281.110758</timestamp>
			</report>
			<report>
				<misses>1482001</misses>
				<total>92</total>
				<timestamp>281.300546</timestamp>
			</report>
			<report>
				<misses>1483001</misses>
				<total>93</total>
				<timestamp>281.490368</timestamp>
			</report>
			<report>
				<misses>1484001</misses>
				<total>93</total>
				<timestamp>281.680148</timestamp>
			</report>
			<report>
				<misses>1485001</misses>
				<total>93</total>
				<timestamp>281.869918</timestamp>
			</report>
			<report>
				<misses>1486001</misses>
				<total>93</total>
				<timestamp>282.059726</timestamp>
			</report>
			<report>
				<misses>1487001</misses>
				<total>93</total>
				<timestamp>282.249587</timestamp>
			</report>
			<report>
				<misses>1488001</misses>
				<total>93</total>
				<timestamp>282.439398</timestamp>
			</report>
			<report>
				<misses>1489001</misses>
				<total>93</total>
				<timestamp>282.629195</timestamp>
			</report>
			<report>
				<misses>1490001</misses>
				<total>93</total>
				<timestamp>282.818958</timestamp>
			</report>
			<report>
				<misses>1491001</misses>
				<total>93</total>
				<timestamp>283.008846</timestamp>
			</report>
			<report>
				<misses>1492001</misses>
				<total>93</total>
				<timestamp>283.198624</timestamp>
			</report>
			<report>
				<misses>1493001</misses>
				<total>93</total>
				<timestamp>283.388520</timestamp>
			</report>
			<report>
				<misses>1494001</misses>
				<total>93</total>
				<timestamp>283.578257</timestamp>
			</report>
			<report>
				<misses>1495001</misses>
				<total>93</total>
				<timestamp>283.768026</timestamp>
			</report>
			<report>
				<misses>1496001</misses>
				<total>93</total>
				<timestamp>283.957830</timestamp>
			</report>
			<report>
				<misses>1497001</misses>
				<total>93</total>
				<timestamp>284.147638</timestamp>
			</report>
			<report>
				<misses>1498001</misses>
				<total>93</total>
				<timestamp>284.337462</timestamp>
			</report>
			<report>
				<misses>1499001</misses>
				<total>93</total>
				<timestamp>284.527300</timestamp>
			</report>
			<report>
				<misses>1500001</misses>
				<total>93</total>
				<timestamp>284.717101</timestamp>
			</report>
			<report>
				<misses>1501001</misses>
				<total>93</total>
				<timestamp>284.906893</timestamp>
			</report>
			<report>
				<misses>1502001</misses>
				<total>93</total>
				<timestamp>285.096695</timestamp>
			</report>
			<report>
				<misses>1503001</misses>
				<total>93</total>
				<timestamp>285.286524</timestamp>
			</report>
			<report>
				<misses>1504001</misses>
				<total>93</total>
				<timestamp>285.476320</timestamp>
			</report>
			<report>
				<misses>1505001</misses>
				<total>93</total>
				<timestamp>285.666209</timestamp>
			</report>
			<report>
				<misses>1506001</misses>
				<total>94</total>
				<timestamp>285.855934</timestamp>
			</report>
			<report>
				<misses>1507001</misses>
				<total>94</total>
				<timestamp>286.045759</timestamp>
			</report>
			<report>
				<misses>1508001</misses>
				<total>94</total>
				<timestamp>286.235556</timestamp>
			</report>
			<report>
				<misses>1509001</misses>
				<total>94</total>
				<timestamp>286.425375</timestamp>
			</report>
			<report>
				<misses>1510001</misses>
				<total>94</total>
				<timestamp>286.615251</timestamp>
			</report>
			<report>
				<misses>1511001</misses>
				<total>94</total>
				<timestamp>286.804994</timestamp>
			</report>
			<report>
				<misses>1512001</misses>
				<total>94</total>
				<timestamp>286.994790</timestamp>
			</report>
			<report>
				<misses>1513001</misses>
				<total>94</total>
				<timestamp>287.184644</timestamp>
			</report>
			<report>
				<misses>1514001</misses>
				<total>94</total>
				<timestamp>287.374441</timestamp>
			</report>
			<report>
				<misses>1515001</misses>
				<total>94</total>
				<timestamp>287.564309</timestamp>
			</report>
			<report>
				<misses>1516001</misses>
				<total>94</total>
				<timestamp>287.754039</timestamp>
			</report>
			<report>
				<misses>1517001</misses>
				<total>94</total>
				<timestamp>287.943956</timestamp>
			</report>
			<report>
				<misses>1518001</misses>
				<total>94</total>
				<timestamp>288.133711</timestamp>
			</report>
			<report>
				<misses>1519001</misses>
				<total>94</total>
				<timestamp>288.323463</timestamp>
			</report>
			<report>
				<misses>1520001</misses>
				<total>94</total>
				<timestamp>288.513354</timestamp>
			</report>
			<report>
				<misses>1521001</misses>
				<total>94</total>
				<timestamp>288.703216</timestamp>
			</report>
			<report>
				<misses>1522001</misses>
				<total>94</total>
				<timestamp>288.892904</timestamp>
			</report>
			<report>
				<misses>1523001</misses>
				<total>94</total>
				<timestamp>289.082700</timestamp>
			</report>
			<report>
				<misses>1524001</misses>
				<total>94</total>
				<timestamp>289.272516</timestamp>
			</report>
			<report>
				<misses>1525001</misses>
				<total>94</total>
				<timestamp>289.462318</timestamp>
			</report>
			<report>
				<misses>1526001</misses>
				<total>94</total>
				<timestamp>289.652154</timestamp>
			</report>
			<report>
				<misses>1527001</misses>
				<total>94</total>
				<timestamp>289.841952</timestamp>
			</report>
			<report>
				<misses>1528001</misses>
				<total>94</total>
				<timestamp>290.031764</timestamp>
			</report>
			<report>
				<misses>1529001</misses>
				<total>94</total>
				<timestamp>290.221617</timestamp>
			</report>
			<report>
				<misses>1530001</misses>
				<total>94</total>
				<timestamp>290.411493</timestamp>
			</report>
			<report>
				<misses>1531001</misses>
				<total>94</total>
				<timestamp>290.601228</timestamp>
			</report>
			<report>
				<misses>1532001</misses>
				<total>94</total>
				<timestamp>290.791037</timestamp>
			</report>
			<report>
				<misses>1533001</misses>
				<total>94</total>
				<timestamp>290.980822</timestamp>
			</report>
			<report>
				<misses>1534001</misses>
				<total>94</total>
				<timestamp>291.170609</timestamp>
			</report>
			<report>
				<misses>1535001</misses>
				<total>94</total>
				<timestamp>291.360440</timestamp>
			</report>
			<report>
				<misses>1536001</misses>
				<total>94</total>
				<timestamp>291.550309</timestamp>
			</report>
			<report>
				<misses>1537001</misses>
				<total>94</total>
				<timestamp>291.740107</timestamp>
			</report>
			<report>
				<misses>1538001</misses>
				<total>94</total>
				<timestamp>291.929874</timestamp>
			</report>
			<report>
				<misses>1539001</misses>
				<total>94</total>
				<timestamp>292.119666</timestamp>
			</report>
			<report>
				<misses>1540001</misses>
				<total>94</total>
				<timestamp>292.309513</timestamp>
			</report>
			<report>
				<misses>1541001</misses>
				<total>94</total>
				<timestamp>292.499274</timestamp>
			</report>
			<report>
				<misses>1542001</misses>
				<total>94</total>
				<timestamp>292.689090</timestamp>
			</report>
			<report>
				<misses>1543001</misses>
				<total>94</total>
				<timestamp>292.878894</timestamp>
			</report>
			<report>
				<misses>1544001</misses>
				<total>94</total>
				<timestamp>293.068740</timestamp>
			</report>
			<report>
				<misses>1545001</misses>
				<total>94</total>
				<timestamp>293.258634</timestamp>
			</report>
			<report>
				<misses>1546001</misses>
				<total>94</total>
				<timestamp>293.448369</timestamp>
			</report>
			<report>
				<misses>1547001</misses>
				<total>94</total>
				<timestamp>293.638248</timestamp>
			</report>
			<report>
				<misses>1548001</misses>
				<total>94</total>
				<timestamp>293.828024</timestamp>
			</report>
			<report>
				<misses>1549001</misses>
				<total>94</total>
				<timestamp>294.017755</timestamp>
			</report>
			<report>
				<misses>1550001</misses>
				<total>94</total>
				<timestamp>294.207612</timestamp>
			</report>
			<report>
				<misses>1551001</misses>
				<total>94</total>
				<timestamp>294.397419</timestamp>
			</report>
			<report>
				<misses>1552001</misses>
				<total>94</total>
				<timestamp>294.587202</timestamp>
			</report>
			<report>
				<misses>1553001</misses>
				<total>94</total>
				<timestamp>294.777039</timestamp>
			</report>
			<report>
				<misses>1554001</misses>
				<total>93</total>
				<timestamp>294.966870</timestamp>
			</report>
			<report>
				<misses>1555001</misses>
				<total>94</total>
				<timestamp>295.156609</timestamp>
			</report>
			<report>
				<misses>1556001</misses>
				<total>94</total>
				<timestamp>295.346461</timestamp>
			</report>
			<report>
				<misses>1557001</misses>
				<total>94</total>
				<timestamp>295.536288</timestamp>
			</report>
			<report>
				<misses>1558001</misses>
				<total>94</total>
				<timestamp>295.726126</timestamp>
			</report>
			<report>
				<misses>1559001</misses>
				<total>94</total>
				<timestamp>295.915874</timestamp>
			</report>
			<report>
				<misses>1560001</misses>
				<total>94</total>
				<timestamp>296.105718</timestamp>
			</report>
			<report>
				<misses>1561001</misses>
				<total>93</total>
				<timestamp>296.295558</timestamp>
			</report>
			<report>
				<misses>1562001</misses>
				<total>94</total>
				<timestamp>296.485386</timestamp>
			</report>
			<report>
				<misses>1563001</misses>
				<total>94</total>
				<timestamp>296.675176</timestamp>
			</report>
			<report>
				<misses>1564001</misses>
				<total>94</total>
				<timestamp>296.864929</timestamp>
			</report>
			<report>
				<misses>1565001</misses>
				<total>94</total>
				<timestamp>297.054778</timestamp>
			</report>
			<report>
				<misses>1566001</misses>
				<total>94</total>
				<timestamp>297.244560</timestamp>
			</report>
			<report>
				<misses>1567001</misses>
				<total>94</total>
				<timestamp>297.434366</timestamp>
			</report>
			<report>
				<misses>1568001</misses>
				<total>94</total>
				<timestamp>297.624245</timestamp>
			</report>
			<report>
				<misses>1569001</misses>
				<total>94</total>
				<timestamp>297.813979</timestamp>
			</report>
			<report>
				<misses>1570001</misses>
				<total>94</total>
				<timestamp>298.003870</timestamp>
			</report>
			<report>
				<misses>1571001</misses>
				<total>94</total>
				<timestamp>298.193686</timestamp>
			</report>
			<report>
				<misses>1572001</misses>
				<total>95</total>
				<timestamp>298.383493</timestamp>
			</report>
			<report>
				<misses>1573001</misses>
				<total>95</total>
				<timestamp>298.573203</timestamp>
			</report>
			<report>
				<misses>1574001</misses>
				<total>97</total>
				<timestamp>298.763060</timestamp>
			</report>
			<report>
				<misses>1575001</misses>
				<total>97</total>
				<timestamp>298.952849</timestamp>
			</report>
			<report>
				<misses>1576001</misses>
				<total>97</total>
				<timestamp>299.142625</timestamp>
			</report>
			<report>
				<misses>1577001</misses>
				<total>97</total>
				<timestamp>299.332519</timestamp>
			</report>
			<report>
				<misses>1578001</misses>
				<total>97</total>
				<timestamp>299.522317</timestamp>
			</report>
			<report>
				<misses>1579001</misses>
				<total>97</total>
				<timestamp>299.712155</timestamp>
			</report>
			<report>
				<misses>1580001</misses>
				<total>97</total>
				<timestamp>299.901887</timestamp>
			</report>
			<report>
				<misses>1581001</misses>
				<total>97</total>
				<timestamp>300.091691</timestamp>
			</report>
			<report>
				<misses>1582001</misses>
				<total>97</total>
				<timestamp>300.281557</timestamp>
			</report>
			<report>
				<misses>1583001</misses>
				<total>97</total>
				<timestamp>300.471356</timestamp>
			</report>
			<report>
				<misses>1584001</misses>
				<total>97</total>
				<timestamp>300.661117</timestamp>
			</report>
			<report>
				<misses>1585001</misses>
				<total>97</total>
				<timestamp>300.850916</timestamp>
			</report>
			<report>
				<misses>1586001</misses>
				<total>97</total>
				<timestamp>301.040765</timestamp>
			</report>
			<report>
				<misses>1587001</misses>
				<total>97</total>
				<timestamp>301.230614</timestamp>
			</report>
			<report>
				<misses>1588001</misses>
				<total>96</total>
				<timestamp>301.420363</timestamp>
			</report>
			<report>
				<misses>1589001</misses>
				<total>97</total>
				<timestamp>301.610241</timestamp>
			</report>
			<report>
				<misses>1590001</misses>
				<total>97</total>
				<timestamp>301.799959</timestamp>
			</report>
			<report>
				<misses>1591001</misses>
				<total>97</total>
				<timestamp>301.989783</timestamp>
			</report>
			<report>
				<misses>1592001</misses>
				<total>97</total>
				<timestamp>302.179592</timestamp>
			</report>
			<report>
				<misses>1593001</misses>
				<total>97</total>
				<timestamp>302.369432</timestamp>
			</report>
			<report>
				<misses>1594001</misses>
				<total>97</total>
				<timestamp>302.559276</timestamp>
			</report>
			<report>
				<misses>1595001</misses>
				<total>97</total>
				<timestamp>302.749025</timestamp>
			</report>
			<report>
				<misses>1596001</misses>
				<total>97</total>
				<timestamp>302.938826</timestamp>
			</report>
			<report>
				<misses>1597001</misses>
				<total>97</total>
				<timestamp>303.128679</timestamp>
			</report>
			<report>
				<misses>1598001</misses>
				<total>97</total>
				<timestamp>303.318458</timestamp>
			</report>
			<report>
				<misses>1599001</misses>
				<total>97</total>
				<timestamp>303.508277</timestamp>
			</report>
			<report>
				<misses>1600001</misses>
				<total>97</total>
				<timestamp>303.698094</timestamp>
			</report>
			<report>
				<misses>1601001</misses>
				<total>97</total>
				<timestamp>303.887883</timestamp>
			</report>
			<report>
				<misses>1602001</misses>
				<total>97</total>
				<timestamp>304.077781</timestamp>
			</report>
			<report>
				<misses>1603001</misses>
				<total>97</total>
				<timestamp>304.267586</timestamp>
			</report>
			<report>
				<misses>1604001</misses>
				<total>97</total>
				<timestamp>304.457442</timestamp>
			</report>
			<report>
				<misses>1605001</misses>
				<total>97</total>
				<timestamp>304.647190</timestamp>
			</report>
			<report>
				<misses>1606001</misses>
				<total>97</total>
				<timestamp>304.836936</timestamp>
			</report>
			<report>
				<misses>1607001</misses>
				<total>97</total>
				<timestamp>305.026794</timestamp>
			</report>
			<report>
				<misses>1608001</misses>
				<total>97</total>
				<timestamp>305.216600</timestamp>
			</report>
			<report>
				<misses>1609001</misses>
				<total>97</total>
				<timestamp>305.406402</timestamp>
			</report>
			<report>
				<misses>1610001</misses>
				<total>97</total>
				<timestamp>305.596198</timestamp>
			</report>
			<report>
				<misses>1611001</misses>
				<total>97</total>
				<timestamp>305.786047</timestamp>
			</report>
			<report>
				<misses>1612001</misses>
				<total>97</total>
				<timestamp>305.975818</timestamp>
			</report>
			<report>
				<misses>1613001</misses>
				<total>97</total>
				<timestamp>306.165619</timestamp>
			</report>
			<report>
				<misses>1614001</misses>
				<total>97</total>
				<timestamp>306.355490</timestamp>
			</report>
			<report>
				<misses>1615001</misses>
				<total>97</total>
				<timestamp>306.545213</timestamp>
			</report>
			<report>
				<misses>1616001</misses>
				<total>97</total>
				<timestamp>306.735034</timestamp>
			</report>
			<report>
				<misses>1617001</misses>
				<total>97</total>
				<timestamp>306.924843</timestamp>
			</report>
			<report>
				<misses>1618001</misses>
				<total>97</total>
				<timestamp>307.114695</timestamp>
			</report>
			<report>
				<misses>1619001</misses>
				<total>97</total>
				<timestamp>307.304453</timestamp>
			</report>
			<report>
				<misses>1620001</misses>
				<total>97</total>
				<timestamp>307.494381</timestamp>
			</report>
			<report>
				<misses>1621001</misses>
				<total>97</total>
				<timestamp>307.684108</timestamp>
			</report>
			<report>
				<misses>1622001</misses>
				<total>97</total>
				<timestamp>307.873920</timestamp>
			</report>
			<report>
				<misses>1623001</misses>
				<total>97</total>
				<timestamp>308.063698</timestamp>
			</report>
			<report>
				<misses>1624001</misses>
				<total>97</total>
				<timestamp>308.253580</timestamp>
			</report>
			<report>
				<misses>1625001</misses>
				<total>97</total>
				<timestamp>308.443402</timestamp>
			</report>
			<report>
				<misses>1626001</misses>
				<total>97</total>
				<timestamp>308.633154</timestamp>
			</report>
			<report>
				<misses>1627001</misses>
				<total>98</total>
				<timestamp>308.823020</timestamp>
			</report>
			<report>
				<misses>1628001</misses>
				<total>98</total>
				<timestamp>309.012774</timestamp>
			</report>
			<report>
				<misses>1629001</misses>
				<total>98</total>
				<timestamp>309.202634</timestamp>
			</report>
			<report>
				<misses>1630001</misses>
				<total>98</total>
				<timestamp>309.392429</timestamp>
			</report>
			<report>
				<misses>1631001</misses>
				<total>98</total>
				<timestamp>309.582180</timestamp>
			</report>
			<report>
				<misses>1632001</misses>
				<total>100</total>
				<timestamp>309.772012</timestamp>
			</report>
			<report>
				<misses>1633001</misses>
				<total>100</total>
				<timestamp>309.961802</timestamp>
			</report>
			<report>
				<misses>1634001</misses>
				<total>100</total>
				<timestamp>310.151609</timestamp>
			</report>
			<report>
				<misses>1635001</misses>
				<total>100</total>
				<timestamp>310.341516</timestamp>
			</report>
			<report>
				<misses>1636001</misses>
				<total>100</total>
				<timestamp>310.531247</timestamp>
			</report>
			<report>
				<misses>1637001</misses>
				<total>100</total>
				<timestamp>310.721111</timestamp>
			</report>
			<report>
				<misses>1638001</misses>
				<total>100</total>
				<timestamp>310.910845</timestamp>
			</report>
			<report>
				<misses>1639001</misses>
				<total>100</total>
				<timestamp>311.100676</timestamp>
			</report>
			<report>
				<misses>1640001</misses>
				<total>100</total>
				<timestamp>311.290526</timestamp>
			</report>
			<report>
				<misses>1641001</misses>
				<total>100</total>
				<timestamp>311.480282</timestamp>
			</report>
			<report>
				<misses>1642001</misses>
				<total>100</total>
				<timestamp>311.670128</timestamp>
			</report>
			<report>
				<misses>1643001</misses>
				<total>100</total>
				<timestamp>311.859939</timestamp>
			</report>
			<report>
				<misses>1644001</misses>
				<total>100</total>
				<timestamp>312.049719</timestamp>
			</report>
			<report>
				<misses>1645001</misses>
				<total>100</total>
				<timestamp>312.239566</timestamp>
			</report>
			<report>
				<misses>1646001</misses>
				<total>100</total>
				<timestamp>312.429335</timestamp>
			</report>
			<report>
				<misses>1647001</misses>
				<total>100</total>
				<timestamp>312.619199</timestamp>
			</report>
			<report>
				<misses>1648001</misses>
				<total>100</total>
				<timestamp>312.809040</timestamp>
			</report>
			<report>
				<misses>1649001</misses>
				<total>100</total>
				<timestamp>312.998779</timestamp>
			</report>
			<report>
				<misses>1650001</misses>
				<total>100</total>
				<timestamp>313.188626</timestamp>
			</report>
			<report>
				<misses>1651001</misses>
				<total>100</total>
				<timestamp>313.378419</timestamp>
			</report>
			<report>
				<misses>1652001</misses>
				<total>100</total>
				<timestamp>313.568263</timestamp>
			</report>
			<report>
				<misses>1653001</misses>
				<total>100</total>
				<timestamp>313.757997</timestamp>
			</report>
			<report>
				<misses>1654001</misses>
				<total>100</total>
				<timestamp>313.947816</timestamp>
			</report>
			<report>
				<misses>1655001</misses>
				<total>100</total>
				<timestamp>314.137719</timestamp>
			</report>
			<report>
				<misses>1656001</misses>
				<total>100</total>
				<timestamp>314.327481</timestamp>
			</report>
			<report>
				<misses>1657001</misses>
				<total>100</total>
				<timestamp>314.517230</timestamp>
			</report>
			<report>
				<misses>1658001</misses>
				<total>100</total>
				<timestamp>314.707169</timestamp>
			</report>
			<report>
				<misses>1659001</misses>
				<total>99</total>
				<timestamp>314.896930</timestamp>
			</report>
			<report>
				<misses>1660001</misses>
				<total>100</total>
				<timestamp>315.086672</timestamp>
			</report>
			<report>
				<misses>1661001</misses>
				<total>100</total>
				<timestamp>315.276493</timestamp>
			</report>
			<report>
				<misses>1662001</misses>
				<total>99</total>
				<timestamp>315.466302</timestamp>
			</report>
			<report>
				<misses>1663001</misses>
				<total>100</total>
				<timestamp>315.656133</timestamp>
			</report>
			<report>
				<misses>1664001</misses>
				<total>100</total>
				<timestamp>315.845954</timestamp>
			</report>
			<report>
				<misses>1665001</misses>
				<total>100</total>
				<timestamp>316.035762</timestamp>
			</report>
			<report>
				<misses>1666001</misses>
				<total>100</total>
				<timestamp>316.225563</timestamp>
			</report>
			<report>
				<misses>1667001</misses>
				<total>100</total>
				<timestamp>316.415342</timestamp>
			</report>
			<report>
				<misses>1668001</misses>
				<total>100</total>
				<timestamp>316.605213</timestamp>
			</report>
			<report>
				<misses>1669001</misses>
				<total>100</total>
				<timestamp>316.795018</timestamp>
			</report>
			<report>
				<misses>1670001</misses>
				<total>100</total>
				<timestamp>316.984878</timestamp>
			</report>
			<report>
				<misses>1671001</misses>
				<total>100</total>
				<timestamp>317.174577</timestamp>
			</report>
			<report>
				<misses>1672001</misses>
				<total>100</total>
				<timestamp>317.364426</timestamp>
			</report>
			<report>
				<misses>1673001</misses>
				<total>100</total>
				<timestamp>317.554330</timestamp>
			</report>
			<report>
				<misses>1674001</misses>
				<total>99</total>
				<timestamp>317.744072</timestamp>
			</report>
			<report>
				<misses>1675001</misses>
				<total>100</total>
				<timestamp>317.933828</timestamp>
			</report>
			<report>
				<misses>1676001</misses>
				<total>100</total>
				<timestamp>318.123649</timestamp>
			</report>
			<report>
				<misses>1677001</misses>
				<total>100</total>
				<timestamp>318.313594</timestamp>
			</report>
			<report>
				<misses>1678001</misses>
				<total>100</total>
				<timestamp>318.503255</timestamp>
			</report>
			<report>
				<misses>1679001</misses>
				<total>100</total>
				<timestamp>318.693101</timestamp>
			</report>
			<report>
				<misses>1680001</misses>
				<total>100</total>
				<timestamp>318.882892</timestamp>
			</report>
			<report>
				<misses>1681001</misses>
				<total>100</total>
				<timestamp>319.072692</timestamp>
			</report>
			<report>
				<misses>1682001</misses>
				<total>100</total>
				<timestamp>319.262547</timestamp>
			</report>
			<report>
				<misses>1683001</misses>
				<total>100</total>
				<timestamp>319.452393</timestamp>
			</report>
			<report>
				<misses>1684001</misses>
				<total>103</total>
				<timestamp>319.642153</timestamp>
			</report>
			<report>
				<misses>1685001</misses>
				<total>103</total>
				<timestamp>319.832060</timestamp>
			</report>
			<report>
				<misses>1686001</misses>
				<total>103</total>
				<timestamp>320.021795</timestamp>
			</report>
			<report>
				<misses>1687001</misses>
				<total>102</total>
				<timestamp>320.211626</timestamp>
			</report>
			<report>
				<misses>1688001</misses>
				<total>103</total>
				<timestamp>320.401428</timestamp>
			</report>
			<report>
				<misses>1689001</misses>
				<total>103</total>
				<timestamp>320.591197</timestamp>
			</report>
			<report>
				<misses>1690001</misses>
				<total>103</total>
				<timestamp>320.781061</timestamp>
			</report>
			<report>
				<misses>1691001</misses>
				<total>103</total>
				<timestamp>320.970829</timestamp>
			</report>
			<report>
				<misses>1692001</misses>
				<total>103</total>
				<timestamp>321.160591</timestamp>
			</report>
			<report>
				<misses>1693001</misses>
				<total>103</total>
				<timestamp>321.350433</timestamp>
			</report>
			<report>
				<misses>1694001</misses>
				<total>103</total>
				<timestamp>321.540264</timestamp>
			</report>
			<report>
				<misses>1695001</misses>
				<total>103</total>
				<timestamp>321.730132</timestamp>
			</report>
			<report>
				<misses>1696001</misses>
				<total>103</total>
				<timestamp>321.919858</timestamp>
			</report>
			<report>
				<misses>1697001</misses>
				<total>103</total>
				<timestamp>322.109677</timestamp>
			</report>
			<report>
				<misses>1698001</misses>
				<total>103</total>
				<timestamp>322.299465</timestamp>
			</report>
			<report>
				<misses>1699001</misses>
				<total>103</total>
				<timestamp>322.489310</timestamp>
			</report>
			<report>
				<misses>1700001</misses>
				<total>103</total>
				<timestamp>322.679089</timestamp>
			</report>
			<report>
				<misses>1701001</misses>
				<total>103</total>
				<timestamp>322.868917</timestamp>
			</report>
			<report>
				<misses>1702001</misses>
				<total>103</total>
				<timestamp>323.058753</timestamp>
			</report>
			<report>
				<misses>1703001</misses>
				<total>103</total>
				<timestamp>323.248527</timestamp>
			</report>
			<report>
				<misses>1704001</misses>
				<total>103</total>
				<timestamp>323.438400</timestamp>
			</report>
			<report>
				<misses>1705001</misses>
				<total>103</total>
				<timestamp>323.628282</timestamp>
			</report>
			<report>
				<misses>1706001</misses>
				<total>103</total>
				<timestamp>323.817995</timestamp>
			</report>
			<report>
				<misses>1707001</misses>
				<total>103</total>
				<timestamp>324.007772</timestamp>
			</report>
			<report>
				<misses>1708001</misses>
				<total>103</total>
				<timestamp>324.197615</timestamp>
			</report>
			<report>
				<misses>1709001</misses>
				<total>103</total>
				<timestamp>324.387428</timestamp>
			</report>
			<report>
				<misses>1710001</misses>
				<total>103</total>
				<timestamp>324.577193</timestamp>
			</report>
			<report>
				<misses>1711001</misses>
				<total>103</total>
				<timestamp>324.767073</timestamp>
			</report>
			<report>
				<misses>1712001</misses>
				<total>103</total>
				<timestamp>324.956818</timestamp>
			</report>
			<report>
				<misses>1713001</misses>
				<total>103</total>
				<timestamp>325.146689</timestamp>
			</report>
			<report>
				<misses>1714001</misses>
				<total>103</total>
				<timestamp>325.336452</timestamp>
			</report>
			<report>
				<misses>1715001</misses>
				<total>103</total>
				<timestamp>325.526227</timestamp>
			</report>
			<report>
				<misses>1716001</misses>
				<total>103</total>
				<timestamp>325.716036</timestamp>
			</report>
			<report>
				<misses>1717001</misses>
				<total>103</total>
				<timestamp>325.905889</timestamp>
			</report>
			<report>
				<misses>1718001</misses>
				<total>103</total>
				<timestamp>326.095725</timestamp>
			</report>
			<report>
				<misses>1719001</misses>
				<total>103</total>
				<timestamp>326.285492</timestamp>
			</report>
			<report>
				<misses>1720001</misses>
				<total>103</total>
				<timestamp>326.475262</timestamp>
			</report>
			<report>
				<misses>1721001</misses>
				<total>103</total>
				<timestamp>326.665076</timestamp>
			</report>
			<report>
				<misses>1722001</misses>
				<total>103</total>
				<timestamp>326.854943</timestamp>
			</report>
			<report>
				<misses>1723001</misses>
				<total>103</total>
				<timestamp>327.044717</timestamp>
			</report>
			<report>
				<misses>1724001</misses>
				<total>103</total>
				<timestamp>327.234609</timestamp>
			</report>
			<report>
				<misses>1725001</misses>
				<total>103</total>
				<timestamp>327.424326</timestamp>
			</report>
			<report>
				<misses>1726001</misses>
				<total>103</total>
				<timestamp>327.614166</timestamp>
			</report>
			<report>
				<misses>1727001</misses>
				<total>103</total>
				<timestamp>327.803958</timestamp>
			</report>
			<report>
				<misses>1728001</misses>
				<total>102</total>
				<timestamp>327.993834</timestamp>
			</report>
			<report>
				<misses>1729001</misses>
				<total>103</total>
				<timestamp>328.183629</timestamp>
			</report>
			<report>
				<misses>1730001</misses>
				<total>103</total>
				<timestamp>328.373481</timestamp>
			</report>
			<report>
				<misses>1731001</misses>
				<total>103</total>
				<timestamp>328.563168</timestamp>
			</report>
			<report>
				<misses>1732001</misses>
				<total>103</total>
				<timestamp>328.753105</timestamp>
			</report>
			<report>
				<misses>1733001</misses>
				<total>102</total>
				<timestamp>328.942941</timestamp>
			</report>
			<report>
				<misses>1734001</misses>
				<total>103</total>
				<timestamp>329.132617</timestamp>
			</report>
			<report>
				<misses>1735001</misses>
				<total>103</total>
				<timestamp>329.322427</timestamp>
			</report>
			<report>
				<misses>1736001</misses>
				<total>103</total>
				<timestamp>329.512227</timestamp>
			</report>
			<report>
				<misses>1737001</misses>
				<total>103</total>
				<timestamp>329.702056</timestamp>
			</report>
			<report>
				<misses>1738001</misses>
				<total>103</total>
				<timestamp>329.891880</timestamp>
			</report>
			<report>
				<misses>1739001</misses>
				<total>103</total>
				<timestamp>330.081703</timestamp>
			</report>
			<report>
				<misses>1740001</misses>
				<total>103</total>
				<timestamp>330.271481</timestamp>
			</report>
			<report>
				<misses>1741001</misses>
				<total>103</total>
				<timestamp>330.461308</timestamp>
			</report>
			<report>
				<misses>1742001</misses>
				<total>103</total>
				<timestamp>330.651115</timestamp>
			</report>
			<report>
				<misses>1743001</misses>
				<total>103</total>
				<timestamp>330.840935</timestamp>
			</report>
			<report>
				<misses>1744001</misses>
				<total>103</total>
				<timestamp>331.030761</timestamp>
			</report>
			<report>
				<misses>1745001</misses>
				<total>103</total>
				<timestamp>331.220549</timestamp>
			</report>
			<report>
				<misses>1746001</misses>
				<total>103</total>
				<timestamp>331.410323</timestamp>
			</report>
			<report>
				<misses>1747001</misses>
				<total>103</total>
				<timestamp>331.600147</timestamp>
			</report>
			<report>
				<misses>1748001</misses>
				<total>103</total>
				<timestamp>331.789974</timestamp>
			</report>
			<report>
				<misses>1749001</misses>
				<total>103</total>
				<timestamp>331.979820</timestamp>
			</report>
			<report>
				<misses>1750001</misses>
				<total>103</total>
				<timestamp>332.169616</timestamp>
			</report>
			<report>
				<misses>1751001</misses>
				<total>103</total>
				<timestamp>332.359479</timestamp>
			</report>
			<report>
				<misses>1752001</misses>
				<total>103</total>
				<timestamp>332.549184</timestamp>
			</report>
			<report>
				<misses>1753001</misses>
				<total>103</total>
				<timestamp>332.739011</timestamp>
			</report>
			<report>
				<misses>1754001</misses>
				<total>103</total>
				<timestamp>332.928878</timestamp>
			</report>
			<report>
				<misses>1755001</misses>
				<total>103</total>
				<timestamp>333.118656</timestamp>
			</report>
			<report>
				<misses>1756001</misses>
				<total>103</total>
				<timestamp>333.308508</timestamp>
			</report>
			<report>
				<misses>1757001</misses>
				<total>103</total>
				<timestamp>333.498350</timestamp>
			</report>
			<report>
				<misses>1758001</misses>
				<total>103</total>
				<timestamp>333.688049</timestamp>
			</report>
			<report>
				<misses>1759001</misses>
				<total>103</total>
				<timestamp>333.877857</timestamp>
			</report>
			<report>
				<misses>1760001</misses>
				<total>103</total>
				<timestamp>334.067665</timestamp>
			</report>
			<report>
				<misses>1761001</misses>
				<total>103</total>
				<timestamp>334.257483</timestamp>
			</report>
			<report>
				<misses>1762001</misses>
				<total>103</total>
				<timestamp>334.447352</timestamp>
			</report>
			<report>
				<misses>1763001</misses>
				<total>103</total>
				<timestamp>334.637199</timestamp>
			</report>
			<report>
				<misses>1764001</misses>
				<total>103</total>
				<timestamp>334.826987</timestamp>
			</report>
			<report>
				<misses>1765001</misses>
				<total>103</total>
				<timestamp>335.016831</timestamp>
			</report>
			<report>
				<misses>1766001</misses>
				<total>103</total>
				<timestamp>335.206524</timestamp>
			</report>
			<report>
				<misses>1767001</misses>
				<total>103</total>
				<timestamp>335.396415</timestamp>
			</report>
			<report>
				<misses>1768001</misses>
				<total>103</total>
				<timestamp>335.586164</timestamp>
			</report>
			<report>
				<misses>1769001</misses>
				<total>103</total>
				<timestamp>335.775977</timestamp>
			</report>
			<report>
				<misses>1770001</misses>
				<total>103</total>
				<timestamp>335.965783</timestamp>
			</report>
			<report>
				<misses>1771001</misses>
				<total>103</total>
				<timestamp>336.155619</timestamp>
			</report>
			<report>
				<misses>1772001</misses>
				<total>103</total>
				<timestamp>336.345409</timestamp>
			</report>
			<report>
				<misses>1773001</misses>
				<total>103</total>
				<timestamp>336.535261</timestamp>
			</report>
			<report>
				<misses>1774001</misses>
				<total>103</total>
				<timestamp>336.725018</timestamp>
			</report>
			<report>
				<misses>1775001</misses>
				<total>103</total>
				<timestamp>336.914862</timestamp>
			</report>
			<report>
				<misses>1776001</misses>
				<total>103</total>
				<timestamp>337.104687</timestamp>
			</report>
			<report>
				<misses>1777001</misses>
				<total>103</total>
				<timestamp>337.294531</timestamp>
			</report>
			<report>
				<misses>1778001</misses>
				<total>103</total>
				<timestamp>337.484309</timestamp>
			</report>
			<report>
				<misses>1779001</misses>
				<total>103</total>
				<timestamp>337.674062</timestamp>
			</report>
			<report>
				<misses>1780001</misses>
				<total>103</total>
				<timestamp>337.863913</timestamp>
			</report>
			<report>
				<misses>1781001</misses>
				<total>103</total>
				<timestamp>338.053708</timestamp>
			</report>
			<report>
				<misses>1782001</misses>
				<total>106</total>
				<timestamp>338.243571</timestamp>
			</report>
			<report>
				<misses>1783001</misses>
				<total>106</total>
				<timestamp>338.433315</timestamp>
			</report>
			<report>
				<misses>1784001</misses>
				<total>106</total>
				<timestamp>338.623158</timestamp>
			</report>
			<report>
				<misses>1785001</misses>
				<total>106</total>
				<timestamp>338.813011</timestamp>
			</report>
			<report>
				<misses>1786001</misses>
				<total>106</total>
				<timestamp>339.002771</timestamp>
			</report>
			<report>
				<misses>1787001</misses>
				<total>106</total>
				<timestamp>339.192539</timestamp>
			</report>
			<report>
				<misses>1788001</misses>
				<total>106</total>
				<timestamp>339.382380</timestamp>
			</report>
			<report>
				<misses>1789001</misses>
				<total>106</total>
				<timestamp>339.572184</timestamp>
			</report>
			<report>
				<misses>1790001</misses>
				<total>106</total>
				<timestamp>339.761993</timestamp>
			</report>
			<report>
				<misses>1791001</misses>
				<total>106</total>
				<timestamp>339.951826</timestamp>
			</report>
			<report>
				<misses>1792001</misses>
				<total>106</total>
				<timestamp>340.141599</timestamp>
			</report>
			<report>
				<misses>1793001</misses>
				<total>106</total>
				<timestamp>340.331421</timestamp>
			</report>
			<report>
				<misses>1794001</misses>
				<total>106</total>
				<timestamp>340.521205</timestamp>
			</report>
			<report>
				<misses>1795001</misses>
				<total>106</total>
				<timestamp>340.711059</timestamp>
			</report>
			<report>
				<misses>1796001</misses>
				<total>110</total>
				<timestamp>340.900968</timestamp>
			</report>
			<report>
				<misses>1797001</misses>
				<total>110</total>
				<timestamp>341.090665</timestamp>
			</report>
			<report>
				<misses>1798001</misses>
				<total>110</total>
				<timestamp>341.280481</timestamp>
			</report>
			<report>
				<misses>1799001</misses>
				<total>109</total>
				<timestamp>341.470321</timestamp>
			</report>
			<report>
				<misses>1800001</misses>
				<total>110</total>
				<timestamp>341.660159</timestamp>
			</report>
			<report>
				<misses>1801001</misses>
				<total>110</total>
				<timestamp>341.849920</timestamp>
			</report>
			<report>
				<misses>1802001</misses>
				<total>110</total>
				<timestamp>342.039780</timestamp>
			</report>
			<report>
				<misses>1803001</misses>
				<total>110</total>
				<timestamp>342.229567</timestamp>
			</report>
			<report>
				<misses>1804001</misses>
				<total>110</total>
				<timestamp>342.419377</timestamp>
			</report>
			<report>
				<misses>1805001</misses>
				<total>110</total>
				<timestamp>342.609115</timestamp>
			</report>
			<report>
				<misses>1806001</misses>
				<total>110</total>
				<timestamp>342.798956</timestamp>
			</report>
			<report>
				<misses>1807001</misses>
				<total>110</total>
				<timestamp>342.988774</timestamp>
			</report>
			<report>
				<misses>1808001</misses>
				<total>110</total>
				<timestamp>343.178565</timestamp>
			</report>
			<report>
				<misses>1809001</misses>
				<total>110</total>
				<timestamp>343.368400</timestamp>
			</report>
			<report>
				<misses>1810001</misses>
				<total>110</total>
				<timestamp>343.558230</timestamp>
			</report>
			<report>
				<misses>1811001</misses>
				<total>110</total>
				<timestamp>343.748044</timestamp>
			</report>
			<report>
				<misses>1812001</misses>
				<total>110</total>
				<timestamp>343.937838</timestamp>
			</report>
			<report>
				<misses>1813001</misses>
				<total>110</total>
				<timestamp>344.127660</timestamp>
			</report>
			<report>
				<misses>1814001</misses>
				<total>110</total>
				<timestamp>344.317416</timestamp>
			</report>
			<report>
				<misses>1815001</misses>
				<total>110</total>
				<timestamp>344.507314</timestamp>
			</report>
			<report>
				<misses>1816001</misses>
				<total>110</total>
				<timestamp>344.697022</timestamp>
			</report>
			<report>
				<misses>1817001</misses>
				<total>110</total>
				<timestamp>344.886855</timestamp>
			</report>
			<report>
				<misses>1818001</misses>
				<total>110</total>
				<timestamp>345.076718</timestamp>
			</report>
			<report>
				<misses>1819001</misses>
				<total>110</total>
				<timestamp>345.266479</timestamp>
			</report>
			<report>
				<misses>1820001</misses>
				<total>110</total>
				<timestamp>345.456351</timestamp>
			</report>
			<report>
				<misses>1821001</misses>
				<total>110</total>
				<timestamp>345.646081</timestamp>
			</report>
			<report>
				<misses>1822001</misses>
				<total>110</total>
				<timestamp>345.835967</timestamp>
			</report>
			<report>
				<misses>1823001</misses>
				<total>110</total>
				<timestamp>346.025811</timestamp>
			</report>
			<report>
				<misses>1824001</misses>
				<total>110</total>
				<timestamp>346.215510</timestamp>
			</report>
			<report>
				<misses>1825001</misses>
				<total>110</total>
				<timestamp>346.405358</timestamp>
			</report>
			<report>
				<misses>1826001</misses>
				<total>110</total>
				<timestamp>346.595176</timestamp>
			</report>
			<report>
				<misses>1827001</misses>
				<total>110</total>
				<timestamp>346.784931</timestamp>
			</report>
			<report>
				<misses>1828001</misses>
				<total>110</total>
				<timestamp>346.974811</timestamp>
			</report>
			<report>
				<misses>1829001</misses>
				<total>110</total>
				<timestamp>347.164652</timestamp>
			</report>
			<report>
				<misses>1830001</misses>
				<total>110</total>
				<timestamp>347.354421</timestamp>
			</report>
			<report>
				<misses>1831001</misses>
				<total>110</total>
				<timestamp>347.544232</timestamp>
			</report>
			<report>
				<misses>1832001</misses>
				<total>110</total>
				<timestamp>347.733999</timestamp>
			</report>
			<report>
				<misses>1833001</misses>
				<total>110</total>
				<timestamp>347.923793</timestamp>
			</report>
			<report>
				<misses>1834001</misses>
				<total>110</total>
				<timestamp>348.113665</timestamp>
			</report>
			<report>
				<misses>1835001</misses>
				<total>110</total>
				<timestamp>348.303450</timestamp>
			</report>
			<report>
				<misses>1836001</misses>
				<total>110</total>
				<timestamp>348.493246</timestamp>
			</report>
			<report>
				<misses>1837001</misses>
				<total>110</total>
				<timestamp>348.683097</timestamp>
			</report>
			<report>
				<misses>1838001</misses>
				<total>110</total>
				<timestamp>348.872904</timestamp>
			</report>
			<report>
				<misses>1839001</misses>
				<total>110</total>
				<timestamp>349.062734</timestamp>
			</report>
			<report>
				<misses>1840001</misses>
				<total>110</total>
				<timestamp>349.252579</timestamp>
			</report>
			<report>
				<misses>1841001</misses>
				<total>110</total>
				<timestamp>349.442354</timestamp>
			</report>
			<report>
				<misses>1842001</misses>
				<total>110</total>
				<timestamp>349.632141</timestamp>
			</report>
			<report>
				<misses>1843001</misses>
				<total>110</total>
				<timestamp>349.821925</timestamp>
			</report>
			<report>
				<misses>1844001</misses>
				<total>110</total>
				<timestamp>350.011775</timestamp>
			</report>
			<report>
				<misses>1845001</misses>
				<total>110</total>
				<timestamp>350.201552</timestamp>
			</report>
			<report>
				<misses>1846001</misses>
				<total>110</total>
				<timestamp>350.391315</timestamp>
			</report>
			<report>
				<misses>1847001</misses>
				<total>110</total>
				<timestamp>350.581198</timestamp>
			</report>
			<report>
				<misses>1848001</misses>
				<total>110</total>
				<timestamp>350.770995</timestamp>
			</report>
			<report>
				<misses>1849001</misses>
				<total>110</total>
				<timestamp>350.960854</timestamp>
			</report>
			<report>
				<misses>1850001</misses>
				<total>110</total>
				<timestamp>351.150662</timestamp>
			</report>
			<report>
				<misses>1851001</misses>
				<total>110</total>
				<timestamp>351.340414</timestamp>
			</report>
			<report>
				<misses>1852001</misses>
				<total>110</total>
				<timestamp>351.530193</timestamp>
			</report>
			<report>
				<misses>1853001</misses>
				<total>110</total>
				<timestamp>351.720067</timestamp>
			</report>
			<report>
				<misses>1854001</misses>
				<total>110</total>
				<timestamp>351.909938</timestamp>
			</report>
			<report>
				<misses>1855001</misses>
				<total>110</total>
				<timestamp>352.099664</timestamp>
			</report>
			<report>
				<misses>1856001</misses>
				<total>110</total>
				<timestamp>352.289488</timestamp>
			</report>
			<report>
				<misses>1857001</misses>
				<total>110</total>
				<timestamp>352.479244</timestamp>
			</report>
			<report>
				<misses>1858001</misses>
				<total>110</total>
				<timestamp>352.669071</timestamp>
			</report>
			<report>
				<misses>1859001</misses>
				<total>110</total>
				<timestamp>352.858909</timestamp>
			</report>
			<report>
				<misses>1860001</misses>
				<total>110</total>
				<timestamp>353.048696</timestamp>
			</report>
			<report>
				<misses>1861001</misses>
				<total>110</total>
				<timestamp>353.238488</timestamp>
			</report>
			<report>
				<misses>1862001</misses>
				<total>110</total>
				<timestamp>353.428298</timestamp>
			</report>
			<report>
				<misses>1863001</misses>
				<total>110</total>
				<timestamp>353.618136</timestamp>
			</report>
			<report>
				<misses>1864001</misses>
				<total>110</total>
				<timestamp>353.807916</timestamp>
			</report>
			<report>
				<misses>1865001</misses>
				<total>110</total>
				<timestamp>353.997713</timestamp>
			</report>
			<report>
				<misses>1866001</misses>
				<total>110</total>
				<timestamp>354.187549</timestamp>
			</report>
			<report>
				<misses>1867001</misses>
				<total>110</total>
				<timestamp>354.377352</timestamp>
			</report>
			<report>
				<misses>1868001</misses>
				<total>110</total>
				<timestamp>354.567199</timestamp>
			</report>
			<report>
				<misses>1869001</misses>
				<total>110</total>
				<timestamp>354.756979</timestamp>
			</report>
			<report>
				<misses>1870001</misses>
				<total>110</total>
				<timestamp>354.946822</timestamp>
			</report>
			<report>
				<misses>1871001</misses>
				<total>110</total>
				<timestamp>355.136651</timestamp>
			</report>
			<report>
				<misses>1872001</misses>
				<total>110</total>
				<timestamp>355.326479</timestamp>
			</report>
			<report>
				<misses>1873001</misses>
				<total>110</total>
				<timestamp>355.516324</timestamp>
			</report>
			<report>
				<misses>1874001</misses>
				<total>110</total>
				<timestamp>355.706032</timestamp>
			</report>
			<report>
				<misses>1875001</misses>
				<total>110</total>
				<timestamp>355.895825</timestamp>
			</report>
			<report>
				<misses>1876001</misses>
				<total>111</total>
				<timestamp>356.085645</timestamp>
			</report>
			<report>
				<misses>1877001</misses>
				<total>111</total>
				<timestamp>356.275493</timestamp>
			</report>
			<report>
				<misses>1878001</misses>
				<total>111</total>
				<timestamp>356.465272</timestamp>
			</report>
			<report>
				<misses>1879001</misses>
				<total>111</total>
				<timestamp>356.655158</timestamp>
			</report>
			<report>
				<misses>1880001</misses>
				<total>111</total>
				<timestamp>356.844917</timestamp>
			</report>
			<report>
				<misses>1881001</misses>
				<total>111</total>
				<timestamp>357.034733</timestamp>
			</report>
			<report>
				<misses>1882001</misses>
				<total>111</total>
				<timestamp>357.224494</timestamp>
			</report>
			<report>
				<misses>1883001</misses>
				<total>111</total>
				<timestamp>357.414358</timestamp>
			</report>
			<report>
				<misses>1884001</misses>
				<total>111</total>
				<timestamp>357.604135</timestamp>
			</report>
			<report>
				<misses>1885001</misses>
				<total>111</total>
				<timestamp>357.793975</timestamp>
			</report>
			<report>
				<misses>1886001</misses>
				<total>111</total>
				<timestamp>357.983817</timestamp>
			</report>
			<report>
				<misses>1887001</misses>
				<total>111</total>
				<timestamp>358.173568</timestamp>
			</report>
			<report>
				<misses>1888001</misses>
				<total>111</total>
				<timestamp>358.363414</timestamp>
			</report>
			<report>
				<misses>1889001</misses>
				<total>111</total>
				<timestamp>358.553155</timestamp>
			</report>
			<report>
				<misses>1890001</misses>
				<total>111</total>
				<timestamp>358.742976</timestamp>
			</report>
			<report>
				<misses>1891001</misses>
				<total>111</total>
				<timestamp>358.932819</timestamp>
			</report>
			<report>
				<misses>1892001</misses>
				<total>111</total>
				<timestamp>359.122614</timestamp>
			</report>
			<report>
				<misses>1893001</misses>
				<total>111</total>
				<timestamp>359.312431</timestamp>
			</report>
			<report>
				<misses>1894001</misses>
				<total>111</total>
				<timestamp>359.502321</timestamp>
			</report>
			<report>
				<misses>1895001</misses>
				<total>111</total>
				<timestamp>359.692064</timestamp>
			</report>
			<report>
				<misses>1896001</misses>
				<total>111</total>
				<timestamp>359.881915</timestamp>
			</report>
			<report>
				<misses>1897001</misses>
				<total>111</total>
				<timestamp>360.071650</timestamp>
			</report>
			<report>
				<misses>1898001</misses>
				<total>111</total>
				<timestamp>360.261459</timestamp>
			</report>
			<report>
				<misses>1899001</misses>
				<total>111</total>
				<timestamp>360.451256</timestamp>
			</report>
			<report>
				<misses>1900001</misses>
				<total>111</total>
				<timestamp>360.641084</timestamp>
			</report>
			<report>
				<misses>1901001</misses>
				<total>111</total>
				<timestamp>360.830880</timestamp>
			</report>
			<report>
				<misses>1902001</misses>
				<total>111</total>
				<timestamp>361.020755</timestamp>
			</report>
			<report>
				<misses>1903001</misses>
				<total>111</total>
				<timestamp>361.210557</timestamp>
			</report>
			<report>
				<misses>1904001</misses>
				<total>111</total>
				<timestamp>361.400442</timestamp>
			</report>
			<report>
				<misses>1905001</misses>
				<total>114</total>
				<timestamp>361.590121</timestamp>
			</report>
			<report>
				<misses>1906001</misses>
				<total>114</total>
				<timestamp>361.779932</timestamp>
			</report>
			<report>
				<misses>1907001</misses>
				<total>114</total>
				<timestamp>361.969794</timestamp>
			</report>
			<report>
				<misses>1908001</misses>
				<total>114</total>
				<timestamp>362.159627</timestamp>
			</report>
			<report>
				<misses>1909001</misses>
				<total>114</total>
				<timestamp>362.349404</timestamp>
			</report>
			<report>
				<misses>1910001</misses>
				<total>114</total>
				<timestamp>362.539224</timestamp>
			</report>
			<report>
				<misses>1911001</misses>
				<total>114</total>
				<timestamp>362.729034</timestamp>
			</report>
			<report>
				<misses>1912001</misses>
				<total>114</total>
				<timestamp>362.918792</timestamp>
			</report>
			<report>
				<misses>1913001</misses>
				<total>114</total>
				<timestamp>363.108614</timestamp>
			</report>
			<report>
				<misses>1914001</misses>
				<total>114</total>
				<timestamp>363.298418</timestamp>
			</report>
			<report>
				<misses>1915001</misses>
				<total>114</total>
				<timestamp>363.488309</timestamp>
			</report>
			<report>
				<misses>1916001</misses>
				<total>114</total>
				<timestamp>363.678034</timestamp>
			</report>
			<report>
				<misses>1917001</misses>
				<total>114</total>
				<timestamp>363.867884</timestamp>
			</report>
			<report>
				<misses>1918001</misses>
				<total>118</total>
				<timestamp>364.057692</timestamp>
			</report>
			<report>
				<misses>1919001</misses>
				<total>118</total>
				<timestamp>364.247471</timestamp>
			</report>
			<report>
				<misses>1920001</misses>
				<total>118</total>
				<timestamp>364.437255</timestamp>
			</report>
			<report>
				<misses>1921001</misses>
				<total>118</total>
				<timestamp>364.627083</timestamp>
			</report>
			<report>
				<misses>1922001</misses>
				<total>118</total>
				<timestamp>364.816976</timestamp>
			</report>
			<report>
				<misses>1923001</misses>
				<total>118</total>
				<timestamp>365.006734</timestamp>
			</report>
			<report>
				<misses>1924001</misses>
				<total>118</total>
				<timestamp>365.196618</timestamp>
			</report>
			<report>
				<misses>1925001</misses>
				<total>118</total>
				<timestamp>365.386309</timestamp>
			</report>
			<report>
				<misses>1926001</misses>
				<total>117</total>
				<timestamp>365.576191</timestamp>
			</report>
			<report>
				<misses>1927001</misses>
				<total>118</total>
				<timestamp>365.765960</timestamp>
			</report>
			<report>
				<misses>1928001</misses>
				<total>118</total>
				<timestamp>365.955820</timestamp>
			</report>
			<report>
				<misses>1929001</misses>
				<total>118</total>
				<timestamp>366.145619</timestamp>
			</report>
			<report>
				<misses>1930001</misses>
				<total>118</total>
				<timestamp>366.335425</timestamp>
			</report>
			<report>
				<misses>1931001</misses>
				<total>118</total>
				<timestamp>366.525190</timestamp>
			</report>
			<report>
				<misses>1932001</misses>
				<total>118</total>
				<timestamp>366.714988</timestamp>
			</report>
			<report>
				<misses>1933001</misses>
				<total>118</total>
				<timestamp>366.904795</timestamp>
			</report>
			<report>
				<misses>1934001</misses>
				<total>118</total>
				<timestamp>367.094686</timestamp>
			</report>
			<report>
				<misses>1935001</misses>
				<total>118</total>
				<timestamp>367.284422</timestamp>
			</report>
			<report>
				<misses>1936001</misses>
				<total>118</total>
				<timestamp>367.474231</timestamp>
			</report>
			<report>
				<misses>1937001</misses>
				<total>118</total>
				<timestamp>367.664078</timestamp>
			</report>
			<report>
				<misses>1938001</misses>
				<total>118</total>
				<timestamp>367.853859</timestamp>
			</report>
			<report>
				<misses>1939001</misses>
				<total>118</total>
				<timestamp>368.043701</timestamp>
			</report>
			<report>
				<misses>1940001</misses>
				<total>118</total>
				<timestamp>368.233520</timestamp>
			</report>
			<report>
				<misses>1941001</misses>
				<total>118</total>
				<timestamp>368.423283</timestamp>
			</report>
			<report>
				<misses>1942001</misses>
				<total>118</total>
				<timestamp>368.613194</timestamp>
			</report>
			<report>
				<misses>1943001</misses>
				<total>118</total>
				<timestamp>368.802961</timestamp>
			</report>
			<report>
				<misses>1944001</misses>
				<total>118</total>
				<timestamp>368.992749</timestamp>
			</report>
			<report>
				<misses>1945001</misses>
				<total>118</total>
				<timestamp>369.182574</timestamp>
			</report>
			<report>
				<misses>1946001</misses>
				<total>118</total>
				<timestamp>369.372391</timestamp>
			</report>
			<report>
				<misses>1947001</misses>
				<total>118</total>
				<timestamp>369.562146</timestamp>
			</report>
			<report>
				<misses>1948001</misses>
				<total>118</total>
				<timestamp>369.751974</timestamp>
			</report>
			<report>
				<misses>1949001</misses>
				<total>118</total>
				<timestamp>369.941845</timestamp>
			</report>
			<report>
				<misses>1950001</misses>
				<total>118</total>
				<timestamp>370.131607</timestamp>
			</report>
			<report>
				<misses>1951001</misses>
				<total>118</total>
				<timestamp>370.321415</timestamp>
			</report>
			<report>
				<misses>1952001</misses>
				<total>122</total>
				<timestamp>370.511196</timestamp>
			</report>
			<report>
				<misses>1953001</misses>
				<total>122</total>
				<timestamp>370.701110</timestamp>
			</report>
			<report>
				<misses>1954001</misses>
				<total>122</total>
				<timestamp>370.890798</timestamp>
			</report>
			<report>
				<misses>1955001</misses>
				<total>122</total>
				<timestamp>371.080663</timestamp>
			</report>
			<report>
				<misses>1956001</misses>
				<total>122</total>
				<timestamp>371.270522</timestamp>
			</report>
			<report>
				<misses>1957001</misses>
				<total>122</total>
				<timestamp>371.460231</timestamp>
			</report>
			<report>
				<misses>1958001</misses>
				<total>122</total>
				<timestamp>371.650075</timestamp>
			</report>
			<report>
				<misses>1959001</misses>
				<total>123</total>
				<timestamp>371.839873</timestamp>
			</report>
			<report>
				<misses>1960001</misses>
				<total>123</total>
				<timestamp>372.029678</timestamp>
			</report>
			<report>
				<misses>1961001</misses>
				<total>123</total>
				<timestamp>372.219537</timestamp>
			</report>
			<report>
				<misses>1962001</misses>
				<total>123</total>
				<timestamp>372.409344</timestamp>
			</report>
			<report>
				<misses>1963001</misses>
				<total>122</total>
				<timestamp>372.599246</timestamp>
			</report>
			<report>
				<misses>1964001</misses>
				<total>123</total>
				<timestamp>372.788969</timestamp>
			</report>
			<report>
				<misses>1965001</misses>
				<total>123</total>
				<timestamp>372.978781</timestamp>
			</report>
			<report>
				<misses>1966001</misses>
				<total>123</total>
				<timestamp>373.168597</timestamp>
			</report>
			<report>
				<misses>1967001</misses>
				<total>123</total>
				<timestamp>373.358355</timestamp>
			</report>
			<report>
				<misses>1968001</misses>
				<total>123</total>
				<timestamp>373.548198</timestamp>
			</report>
			<report>
				<misses>1969001</misses>
				<total>123</total>
				<timestamp>373.737955</timestamp>
			</report>
			<report>
				<misses>1970001</misses>
				<total>123</total>
				<timestamp>373.927796</timestamp>
			</report>
			<report>
				<misses>1971001</misses>
				<total>122</total>
				<timestamp>374.117693</timestamp>
			</report>
			<report>
				<misses>1972001</misses>
				<total>123</total>
				<timestamp>374.307425</timestamp>
			</report>
			<report>
				<misses>1973001</misses>
				<total>123</total>
				<timestamp>374.497257</timestamp>
			</report>
			<report>
				<misses>1974001</misses>
				<total>123</total>
				<timestamp>374.687043</timestamp>
			</report>
			<report>
				<misses>1975001</misses>
				<total>123</total>
				<timestamp>374.876866</timestamp>
			</report>
			<report>
				<misses>1976001</misses>
				<total>123</total>
				<timestamp>375.066645</timestamp>
			</report>
			<report>
				<misses>1977001</misses>
				<total>123</total>
				<timestamp>375.256459</timestamp>
			</report>
			<report>
				<misses>1978001</misses>
				<total>123</total>
				<timestamp>375.446265</timestamp>
			</report>
			<report>
				<misses>1979001</misses>
				<total>123</total>
				<timestamp>375.636072</timestamp>
			</report>
			<report>
				<misses>1980001</misses>
				<total>123</total>
				<timestamp>375.825911</timestamp>
			</report>
			<report>
				<misses>1981001</misses>
				<total>123</total>
				<timestamp>376.015776</timestamp>
			</report>
			<report>
				<misses>1982001</misses>
				<total>123</total>
				<timestamp>376.205632</timestamp>
			</report>
			<report>
				<misses>1983001</misses>
				<total>123</total>
				<timestamp>376.395353</timestamp>
			</report>
			<report>
				<misses>1984001</misses>
				<total>123</total>
				<timestamp>376.585097</timestamp>
			</report>
			<report>
				<misses>1985001</misses>
				<total>123</total>
				<timestamp>376.774908</timestamp>
			</report>
			<report>
				<misses>1986001</misses>
				<total>123</total>
				<timestamp>376.964763</timestamp>
			</report>
			<report>
				<misses>1987001</misses>
				<total>123</total>
				<timestamp>377.154604</timestamp>
			</report>
			<report>
				<misses>1988001</misses>
				<total>123</total>
				<timestamp>377.344371</timestamp>
			</report>
			<report>
				<misses>1989001</misses>
				<total>123</total>
				<timestamp>377.534177</timestamp>
			</report>
			<report>
				<misses>1990001</misses>
				<total>123</total>
				<timestamp>377.723979</timestamp>
			</report>
			<report>
				<misses>1991001</misses>
				<total>123</total>
				<timestamp>377.913802</timestamp>
			</report>
			<report>
				<misses>1992001</misses>
				<total>123</total>
				<timestamp>378.103622</timestamp>
			</report>
			<report>
				<misses>1993001</misses>
				<total>123</total>
				<timestamp>378.293441</timestamp>
			</report>
			<report>
				<misses>1994001</misses>
				<total>123</total>
				<timestamp>378.483303</timestamp>
			</report>
			<report>
				<misses>1995001</misses>
				<total>123</total>
				<timestamp>378.673026</timestamp>
			</report>
			<report>
				<misses>1996001</misses>
				<total>123</total>
				<timestamp>378.862940</timestamp>
			</report>
			<report>
				<misses>1997001</misses>
				<total>123</total>
				<timestamp>379.052797</timestamp>
			</report>
			<report>
				<misses>1998001</misses>
				<total>123</total>
				<timestamp>379.242552</timestamp>
			</report>
			<report>
				<misses>1999001</misses>
				<total>123</total>
				<timestamp>379.432270</timestamp>
			</report>
			<report>
				<misses>2000001</misses>
				<total>123</total>
				<timestamp>379.622129</timestamp>
			</report>
			<report>
				<misses>2001001</misses>
				<total>123</total>
				<timestamp>379.811931</timestamp>
			</report>
			<report>
				<misses>2002001</misses>
				<total>123</total>
				<timestamp>380.001707</timestamp>
			</report>
			<report>
				<misses>2003001</misses>
				<total>123</total>
				<timestamp>380.191546</timestamp>
			</report>
			<report>
				<misses>2004001</misses>
				<total>123</total>
				<timestamp>380.381317</timestamp>
			</report>
			<report>
				<misses>2005001</misses>
				<total>123</total>
				<timestamp>380.571136</timestamp>
			</report>
			<report>
				<misses>2006001</misses>
				<total>123</total>
				<timestamp>380.761001</timestamp>
			</report>
			<report>
				<misses>2007001</misses>
				<total>123</total>
				<timestamp>380.950801</timestamp>
			</report>
			<report>
				<misses>2008001</misses>
				<total>123</total>
				<timestamp>381.140559</timestamp>
			</report>
			<report>
				<misses>2009001</misses>
				<total>123</total>
				<timestamp>381.330401</timestamp>
			</report>
			<report>
				<misses>2010001</misses>
				<total>122</total>
				<timestamp>381.520204</timestamp>
			</report>
			<report>
				<misses>2011001</misses>
				<total>123</total>
				<timestamp>381.710013</timestamp>
			</report>
			<report>
				<misses>2012001</misses>
				<total>123</total>
				<timestamp>381.899802</timestamp>
			</report>
			<report>
				<misses>2013001</misses>
				<total>123</total>
				<timestamp>382.089624</timestamp>
			</report>
			<report>
				<misses>2014001</misses>
				<total>123</total>
				<timestamp>382.279574</timestamp>
			</report>
			<report>
				<misses>2015001</misses>
				<total>123</total>
				<timestamp>382.469223</timestamp>
			</report>
			<report>
				<misses>2016001</misses>
				<total>123</total>
				<timestamp>382.659133</timestamp>
			</report>
			<report>
				<misses>2017001</misses>
				<total>123</total>
				<timestamp>382.848861</timestamp>
			</report>
			<report>
				<misses>2018001</misses>
				<total>123</total>
				<timestamp>383.038657</timestamp>
			</report>
			<report>
				<misses>2019001</misses>
				<total>123</total>
				<timestamp>383.228514</timestamp>
			</report>
			<report>
				<misses>2020001</misses>
				<total>123</total>
				<timestamp>383.418393</timestamp>
			</report>
			<report>
				<misses>2021001</misses>
				<total>123</total>
				<timestamp>383.608128</timestamp>
			</report>
			<report>
				<misses>2022001</misses>
				<total>123</total>
				<timestamp>383.797990</timestamp>
			</report>
			<report>
				<misses>2023001</misses>
				<total>123</total>
				<timestamp>383.987748</timestamp>
			</report>
			<report>
				<misses>2024001</misses>
				<total>123</total>
				<timestamp>384.177528</timestamp>
			</report>
			<report>
				<misses>2025001</misses>
				<total>123</total>
				<timestamp>384.367333</timestamp>
			</report>
			<report>
				<misses>2026001</misses>
				<total>123</total>
				<timestamp>384.557131</timestamp>
			</report>
			<report>
				<misses>2027001</misses>
				<total>123</total>
				<timestamp>384.747044</timestamp>
			</report>
			<report>
				<misses>2028001</misses>
				<total>123</total>
				<timestamp>384.936776</timestamp>
			</report>
			<report>
				<misses>2029001</misses>
				<total>123</total>
				<timestamp>385.126664</timestamp>
			</report>
			<report>
				<misses>2030001</misses>
				<total>123</total>
				<timestamp>385.316443</timestamp>
			</report>
			<report>
				<misses>2031001</misses>
				<total>123</total>
				<timestamp>385.506244</timestamp>
			</report>
			<report>
				<misses>2032001</misses>
				<total>123</total>
				<timestamp>385.695997</timestamp>
			</report>
			<report>
				<misses>2033001</misses>
				<total>123</total>
				<timestamp>385.885807</timestamp>
			</report>
			<report>
				<misses>2034001</misses>
				<total>123</total>
				<timestamp>386.075670</timestamp>
			</report>
			<report>
				<misses>2035001</misses>
				<total>123</total>
				<timestamp>386.265445</timestamp>
			</report>
			<report>
				<misses>2036001</misses>
				<total>123</total>
				<timestamp>386.455241</timestamp>
			</report>
			<report>
				<misses>2037001</misses>
				<total>123</total>
				<timestamp>386.645044</timestamp>
			</report>
			<report>
				<misses>2038001</misses>
				<total>123</total>
				<timestamp>386.834851</timestamp>
			</report>
			<report>
				<misses>2039001</misses>
				<total>123</total>
				<timestamp>387.024740</timestamp>
			</report>
			<report>
				<misses>2040001</misses>
				<total>123</total>
				<timestamp>387.214501</timestamp>
			</report>
			<report>
				<misses>2041001</misses>
				<total>123</total>
				<timestamp>387.404285</timestamp>
			</report>
			<report>
				<misses>2042001</misses>
				<total>123</total>
				<timestamp>387.594107</timestamp>
			</report>
			<report>
				<misses>2043001</misses>
				<total>123</total>
				<timestamp>387.783954</timestamp>
			</report>
			<report>
				<misses>2044001</misses>
				<total>123</total>
				<timestamp>387.973711</timestamp>
			</report>
			<report>
				<misses>2045001</misses>
				<total>123</total>
				<timestamp>388.163587</timestamp>
			</report>
			<report>
				<misses>2046001</misses>
				<total>123</total>
				<timestamp>388.353334</timestamp>
			</report>
			<report>
				<misses>2047001</misses>
				<total>123</total>
				<timestamp>388.543153</timestamp>
			</report>
			<report>
				<misses>2048001</misses>
				<total>123</total>
				<timestamp>388.732989</timestamp>
			</report>
			<report>
				<misses>2049001</misses>
				<total>123</total>
				<timestamp>388.922782</timestamp>
			</report>
			<report>
				<misses>2050001</misses>
				<total>123</total>
				<timestamp>389.112616</timestamp>
			</report>
			<report>
				<misses>2051001</misses>
				<total>122</total>
				<timestamp>389.302446</timestamp>
			</report>
			<report>
				<misses>2052001</misses>
				<total>123</total>
				<timestamp>389.492216</timestamp>
			</report>
			<report>
				<misses>2053001</misses>
				<total>123</total>
				<timestamp>389.682069</timestamp>
			</report>
			<report>
				<misses>2054001</misses>
				<total>124</total>
				<timestamp>389.871937</timestamp>
			</report>
			<report>
				<misses>2055001</misses>
				<total>124</total>
				<timestamp>390.061660</timestamp>
			</report>
			<report>
				<misses>2056001</misses>
				<total>124</total>
				<timestamp>390.251566</timestamp>
			</report>
			<report>
				<misses>2057001</misses>
				<total>124</total>
				<timestamp>390.441368</timestamp>
			</report>
			<report>
				<misses>2058001</misses>
				<total>124</total>
				<timestamp>390.631087</timestamp>
			</report>
			<report>
				<misses>2059001</misses>
				<total>124</total>
				<timestamp>390.820871</timestamp>
			</report>
			<report>
				<misses>2060001</misses>
				<total>125</total>
				<timestamp>391.010656</timestamp>
			</report>
			<report>
				<misses>2061001</misses>
				<total>125</total>
				<timestamp>391.200535</timestamp>
			</report>
			<report>
				<misses>2062001</misses>
				<total>125</total>
				<timestamp>391.390336</timestamp>
			</report>
			<report>
				<misses>2063001</misses>
				<total>125</total>
				<timestamp>391.580111</timestamp>
			</report>
			<report>
				<misses>2064001</misses>
				<total>125</total>
				<timestamp>391.769962</timestamp>
			</report>
			<report>
				<misses>2065001</misses>
				<total>125</total>
				<timestamp>391.959723</timestamp>
			</report>
			<report>
				<misses>2066001</misses>
				<total>125</total>
				<timestamp>392.149736</timestamp>
			</report>
			<report>
				<misses>2067001</misses>
				<total>125</total>
				<timestamp>392.339589</timestamp>
			</report>
			<report>
				<misses>2068001</misses>
				<total>125</total>
				<timestamp>392.529340</timestamp>
			</report>
			<report>
				<misses>2069001</misses>
				<total>125</total>
				<timestamp>392.719151</timestamp>
			</report>
			<report>
				<misses>2070001</misses>
				<total>125</total>
				<timestamp>392.908968</timestamp>
			</report>
			<report>
				<misses>2071001</misses>
				<total>125</total>
				<timestamp>393.098777</timestamp>
			</report>
			<report>
				<misses>2072001</misses>
				<total>125</total>
				<timestamp>393.288623</timestamp>
			</report>
			<report>
				<misses>2073001</misses>
				<total>125</total>
				<timestamp>393.478416</timestamp>
			</report>
			<report>
				<misses>2074001</misses>
				<total>125</total>
				<timestamp>393.668208</timestamp>
			</report>
			<report>
				<misses>2075001</misses>
				<total>125</total>
				<timestamp>393.858018</timestamp>
			</report>
			<report>
				<misses>2076001</misses>
				<total>125</total>
				<timestamp>394.047832</timestamp>
			</report>
			<report>
				<misses>2077001</misses>
				<total>125</total>
				<timestamp>394.237691</timestamp>
			</report>
			<report>
				<misses>2078001</misses>
				<total>125</total>
				<timestamp>394.427488</timestamp>
			</report>
			<report>
				<misses>2079001</misses>
				<total>125</total>
				<timestamp>394.617304</timestamp>
			</report>
			<report>
				<misses>2080001</misses>
				<total>125</total>
				<timestamp>394.807112</timestamp>
			</report>
			<report>
				<misses>2081001</misses>
				<total>125</total>
				<timestamp>394.996905</timestamp>
			</report>
			<report>
				<misses>2082001</misses>
				<total>125</total>
				<timestamp>395.186672</timestamp>
			</report>
			<report>
				<misses>2083001</misses>
				<total>125</total>
				<timestamp>395.376520</timestamp>
			</report>
			<report>
				<misses>2084001</misses>
				<total>125</total>
				<timestamp>395.566353</timestamp>
			</report>
			<report>
				<misses>2085001</misses>
				<total>125</total>
				<timestamp>395.756140</timestamp>
			</report>
			<report>
				<misses>2086001</misses>
				<total>125</total>
				<timestamp>395.946009</timestamp>
			</report>
			<report>
				<misses>2087001</misses>
				<total>125</total>
				<timestamp>396.135759</timestamp>
			</report>
			<report>
				<misses>2088001</misses>
				<total>125</total>
				<timestamp>396.325607</timestamp>
			</report>
			<report>
				<misses>2089001</misses>
				<total>125</total>
				<timestamp>396.515390</timestamp>
			</report>
			<report>
				<misses>2090001</misses>
				<total>125</total>
				<timestamp>396.705272</timestamp>
			</report>
			<report>
				<misses>2091001</misses>
				<total>125</total>
				<timestamp>396.895005</timestamp>
			</report>
			<report>
				<misses>2092001</misses>
				<total>125</total>
				<timestamp>397.084820</timestamp>
			</report>
			<report>
				<misses>2093001</misses>
				<total>125</total>
				<timestamp>397.274657</timestamp>
			</report>
			<report>
				<misses>2094001</misses>
				<total>125</total>
				<timestamp>397.464555</timestamp>
			</report>
			<report>
				<misses>2095001</misses>
				<total>125</total>
				<timestamp>397.654208</timestamp>
			</report>
			<report>
				<misses>2096001</misses>
				<total>125</total>
				<timestamp>397.844048</timestamp>
			</report>
			<report>
				<misses>2097001</misses>
				<total>125</total>
				<timestamp>398.033936</timestamp>
			</report>
			<report>
				<misses>2098001</misses>
				<total>125</total>
				<timestamp>398.223688</timestamp>
			</report>
			<report>
				<misses>2099001</misses>
				<total>125</total>
				<timestamp>398.413525</timestamp>
			</report>
			<report>
				<misses>2100001</misses>
				<total>125</total>
				<timestamp>398.603313</timestamp>
			</report>
			<report>
				<misses>2101001</misses>
				<total>125</total>
				<timestamp>398.793082</timestamp>
			</report>
			<report>
				<misses>2102001</misses>
				<total>125</total>
				<timestamp>398.982880</timestamp>
			</report>
			<report>
				<misses>2103001</misses>
				<total>125</total>
				<timestamp>399.172775</timestamp>
			</report>
			<report>
				<misses>2104001</misses>
				<total>125</total>
				<timestamp>399.362563</timestamp>
			</report>
			<report>
				<misses>2105001</misses>
				<total>125</total>
				<timestamp>399.552345</timestamp>
			</report>
			<report>
				<misses>2106001</misses>
				<total>124</total>
				<timestamp>399.742199</timestamp>
			</report>
			<report>
				<misses>2107001</misses>
				<total>125</total>
				<timestamp>399.931937</timestamp>
			</report>
			<report>
				<misses>2108001</misses>
				<total>125</total>
				<timestamp>400.121754</timestamp>
			</report>
			<report>
				<misses>2109001</misses>
				<total>125</total>
				<timestamp>400.311670</timestamp>
			</report>
			<report>
				<misses>2110001</misses>
				<total>125</total>
				<timestamp>400.501395</timestamp>
			</report>
			<report>
				<misses>2111001</misses>
				<total>125</total>
				<timestamp>400.691245</timestamp>
			</report>
			<report>
				<misses>2112001</misses>
				<total>125</total>
				<timestamp>400.881023</timestamp>
			</report>
			<report>
				<misses>2113001</misses>
				<total>125</total>
				<timestamp>401.070820</timestamp>
			</report>
			<report>
				<misses>2114001</misses>
				<total>125</total>
				<timestamp>401.260600</timestamp>
			</report>
			<report>
				<misses>2115001</misses>
				<total>125</total>
				<timestamp>401.450467</timestamp>
			</report>
			<report>
				<misses>2116001</misses>
				<total>125</total>
				<timestamp>401.640235</timestamp>
			</report>
			<report>
				<misses>2117001</misses>
				<total>125</total>
				<timestamp>401.830050</timestamp>
			</report>
			<report>
				<misses>2118001</misses>
				<total>125</total>
				<timestamp>402.019927</timestamp>
			</report>
			<report>
				<misses>2119001</misses>
				<total>125</total>
				<timestamp>402.209652</timestamp>
			</report>
			<report>
				<misses>2120001</misses>
				<total>125</total>
				<timestamp>402.399494</timestamp>
			</report>
			<report>
				<misses>2121001</misses>
				<total>125</total>
				<timestamp>402.589275</timestamp>
			</report>
			<report>
				<misses>2122001</misses>
				<total>125</total>
				<timestamp>402.779096</timestamp>
			</report>
			<report>
				<misses>2123001</misses>
				<total>125</total>
				<timestamp>402.968942</timestamp>
			</report>
			<report>
				<misses>2124001</misses>
				<total>125</total>
				<timestamp>403.158685</timestamp>
			</report>
			<report>
				<misses>2125001</misses>
				<total>125</total>
				<timestamp>403.348582</timestamp>
			</report>
			<report>
				<misses>2126001</misses>
				<total>125</total>
				<timestamp>403.538383</timestamp>
			</report>
			<report>
				<misses>2127001</misses>
				<total>127</total>
				<timestamp>403.728194</timestamp>
			</report>
			<report>
				<misses>2128001</misses>
				<total>126</total>
				<timestamp>403.917973</timestamp>
			</report>
			<report>
				<misses>2129001</misses>
				<total>127</total>
				<timestamp>404.107798</timestamp>
			</report>
			<report>
				<misses>2130001</misses>
				<total>127</total>
				<timestamp>404.297586</timestamp>
			</report>
			<report>
				<misses>2131001</misses>
				<total>127</total>
				<timestamp>404.487457</timestamp>
			</report>
			<report>
				<misses>2132001</misses>
				<total>127</total>
				<timestamp>404.677187</timestamp>
			</report>
			<report>
				<misses>2133001</misses>
				<total>127</total>
				<timestamp>404.867076</timestamp>
			</report>
			<report>
				<misses>2134001</misses>
				<total>127</total>
				<timestamp>405.056917</timestamp>
			</report>
			<report>
				<misses>2135001</misses>
				<total>127</total>
				<timestamp>405.246646</timestamp>
			</report>
			<report>
				<misses>2136001</misses>
				<total>127</total>
				<timestamp>405.436511</timestamp>
			</report>
			<report>
				<misses>2137001</misses>
				<total>127</total>
				<timestamp>405.626257</timestamp>
			</report>
			<report>
				<misses>2138001</misses>
				<total>127</total>
				<timestamp>405.816083</timestamp>
			</report>
			<report>
				<misses>2139001</misses>
				<total>127</total>
				<timestamp>406.005846</timestamp>
			</report>
			<report>
				<misses>2140001</misses>
				<total>127</total>
				<timestamp>406.195675</timestamp>
			</report>
			<report>
				<misses>2141001</misses>
				<total>127</total>
				<timestamp>406.385567</timestamp>
			</report>
			<report>
				<misses>2142001</misses>
				<total>127</total>
				<timestamp>406.575449</timestamp>
			</report>
			<report>
				<misses>2143001</misses>
				<total>127</total>
				<timestamp>406.765142</timestamp>
			</report>
			<report>
				<misses>2144001</misses>
				<total>127</total>
				<timestamp>406.954923</timestamp>
			</report>
			<report>
				<misses>2145001</misses>
				<total>127</total>
				<timestamp>407.144710</timestamp>
			</report>
			<report>
				<misses>2146001</misses>
				<total>127</total>
				<timestamp>407.334543</timestamp>
			</report>
			<report>
				<misses>2147001</misses>
				<total>127</total>
				<timestamp>407.524391</timestamp>
			</report>
			<report>
				<misses>2148001</misses>
				<total>127</total>
				<timestamp>407.714140</timestamp>
			</report>
			<report>
				<misses>2149001</misses>
				<total>127</total>
				<timestamp>407.903954</timestamp>
			</report>
			<report>
				<misses>2150001</misses>
				<total>127</total>
				<timestamp>408.093791</timestamp>
			</report>
			<report>
				<misses>2151001</misses>
				<total>127</total>
				<timestamp>408.283622</timestamp>
			</report>
			<report>
				<misses>2152001</misses>
				<total>127</total>
				<timestamp>408.473482</timestamp>
			</report>
			<report>
				<misses>2153001</misses>
				<total>127</total>
				<timestamp>408.663281</timestamp>
			</report>
			<report>
				<misses>2154001</misses>
				<total>127</total>
				<timestamp>408.853003</timestamp>
			</report>
			<report>
				<misses>2155001</misses>
				<total>126</total>
				<timestamp>409.042855</timestamp>
			</report>
			<report>
				<misses>2156001</misses>
				<total>127</total>
				<timestamp>409.232625</timestamp>
			</report>
			<report>
				<misses>2157001</misses>
				<total>127</total>
				<timestamp>409.422475</timestamp>
			</report>
			<report>
				<misses>2158001</misses>
				<total>127</total>
				<timestamp>409.612248</timestamp>
			</report>
			<report>
				<misses>2159001</misses>
				<total>126</total>
				<timestamp>409.802093</timestamp>
			</report>
			<report>
				<misses>2160001</misses>
				<total>127</total>
				<timestamp>409.991940</timestamp>
			</report>
			<report>
				<misses>2161001</misses>
				<total>127</total>
				<timestamp>410.181717</timestamp>
			</report>
			<report>
				<misses>2162001</misses>
				<total>127</total>
				<timestamp>410.371523</timestamp>
			</report>
			<report>
				<misses>2163001</misses>
				<total>127</total>
				<timestamp>410.561335</timestamp>
			</report>
			<report>
				<misses>2164001</misses>
				<total>127</total>
				<timestamp>410.751177</timestamp>
			</report>
			<report>
				<misses>2165001</misses>
				<total>127</total>
				<timestamp>410.940946</timestamp>
			</report>
			<report>
				<misses>2166001</misses>
				<total>127</total>
				<timestamp>411.130730</timestamp>
			</report>
			<report>
				<misses>2167001</misses>
				<total>127</total>
				<timestamp>411.320542</timestamp>
			</report>
			<report>
				<misses>2168001</misses>
				<total>127</total>
				<timestamp>411.510390</timestamp>
			</report>
			<report>
				<misses>2169001</misses>
				<total>127</total>
				<timestamp>411.700169</timestamp>
			</report>
			<report>
				<misses>2170001</misses>
				<total>127</total>
				<timestamp>411.890020</timestamp>
			</report>
			<report>
				<misses>2171001</misses>
				<total>127</total>
				<timestamp>412.079815</timestamp>
			</report>
			<report>
				<misses>2172001</misses>
				<total>127</total>
				<timestamp>412.269641</timestamp>
			</report>
			<report>
				<misses>2173001</misses>
				<total>126</total>
				<timestamp>412.459466</timestamp>
			</report>
			<report>
				<misses>2174001</misses>
				<total>132</total>
				<timestamp>412.649210</timestamp>
			</report>
			<report>
				<misses>2175001</misses>
				<total>132</total>
				<timestamp>412.839032</timestamp>
			</report>
			<report>
				<misses>2176001</misses>
				<total>132</total>
				<timestamp>413.028848</timestamp>
			</report>
			<report>
				<misses>2177001</misses>
				<total>132</total>
				<timestamp>413.218635</timestamp>
			</report>
			<report>
				<misses>2178001</misses>
				<total>132</total>
				<timestamp>413.408500</timestamp>
			</report>
			<report>
				<misses>2179001</misses>
				<total>132</total>
				<timestamp>413.598359</timestamp>
			</report>
			<report>
				<misses>2180001</misses>
				<total>132</total>
				<timestamp>413.788072</timestamp>
			</report>
			<report>
				<misses>2181001</misses>
				<total>132</total>
				<timestamp>413.977867</timestamp>
			</report>
			<report>
				<misses>2182001</misses>
				<total>132</total>
				<timestamp>414.167770</timestamp>
			</report>
			<report>
				<misses>2183001</misses>
				<total>132</total>
				<timestamp>414.357516</timestamp>
			</report>
			<report>
				<misses>2184001</misses>
				<total>132</total>
				<timestamp>414.547338</timestamp>
			</report>
			<report>
				<misses>2185001</misses>
				<total>132</total>
				<timestamp>414.737154</timestamp>
			</report>
			<report>
				<misses>2186001</misses>
				<total>133</total>
				<timestamp>414.927013</timestamp>
			</report>
			<report>
				<misses>2187001</misses>
				<total>133</total>
				<timestamp>415.116738</timestamp>
			</report>
			<report>
				<misses>2188001</misses>
				<total>133</total>
				<timestamp>415.306553</timestamp>
			</report>
			<report>
				<misses>2189001</misses>
				<total>133</total>
				<timestamp>415.496447</timestamp>
			</report>
			<report>
				<misses>2190001</misses>
				<total>133</total>
				<timestamp>415.686258</timestamp>
			</report>
			<report>
				<misses>2191001</misses>
				<total>133</total>
				<timestamp>415.875992</timestamp>
			</report>
			<report>
				<misses>2192001</misses>
				<total>133</total>
				<timestamp>416.065816</timestamp>
			</report>
			<report>
				<misses>2193001</misses>
				<total>133</total>
				<timestamp>416.255598</timestamp>
			</report>
			<report>
				<misses>2194001</misses>
				<total>133</total>
				<timestamp>416.445464</timestamp>
			</report>
			<report>
				<misses>2195001</misses>
				<total>133</total>
				<timestamp>416.635255</timestamp>
			</report>
			<report>
				<misses>2196001</misses>
				<total>133</total>
				<timestamp>416.825049</timestamp>
			</report>
			<report>
				<misses>2197001</misses>
				<total>133</total>
				<timestamp>417.014878</timestamp>
			</report>
			<report>
				<misses>2198001</misses>
				<total>133</total>
				<timestamp>417.204675</timestamp>
			</report>
			<report>
				<misses>2199001</misses>
				<total>133</total>
				<timestamp>417.394465</timestamp>
			</report>
			<report>
				<misses>2200001</misses>
				<total>133</total>
				<timestamp>417.584390</timestamp>
			</report>
			<report>
				<misses>2201001</misses>
				<total>133</total>
				<timestamp>417.774070</timestamp>
			</report>
			<report>
				<misses>2202001</misses>
				<total>133</total>
				<timestamp>417.963955</timestamp>
			</report>
			<report>
				<misses>2203001</misses>
				<total>133</total>
				<timestamp>418.153783</timestamp>
			</report>
			<report>
				<misses>2204001</misses>
				<total>133</total>
				<timestamp>418.343556</timestamp>
			</report>
			<report>
				<misses>2205001</misses>
				<total>133</total>
				<timestamp>418.533386</timestamp>
			</report>
			<report>
				<misses>2206001</misses>
				<total>133</total>
				<timestamp>418.723123</timestamp>
			</report>
			<report>
				<misses>2207001</misses>
				<total>133</total>
				<timestamp>418.912972</timestamp>
			</report>
			<report>
				<misses>2208001</misses>
				<total>133</total>
				<timestamp>419.102739</timestamp>
			</report>
			<report>
				<misses>2209001</misses>
				<total>133</total>
				<timestamp>419.292581</timestamp>
			</report>
			<report>
				<misses>2210001</misses>
				<total>133</total>
				<timestamp>419.482408</timestamp>
			</report>
			<report>
				<misses>2211001</misses>
				<total>133</total>
				<timestamp>419.672249</timestamp>
			</report>
			<report>
				<misses>2212001</misses>
				<total>133</total>
				<timestamp>419.861999</timestamp>
			</report>
			<report>
				<misses>2213001</misses>
				<total>133</total>
				<timestamp>420.051776</timestamp>
			</report>
			<report>
				<misses>2214001</misses>
				<total>133</total>
				<timestamp>420.241637</timestamp>
			</report>
			<report>
				<misses>2215001</misses>
				<total>133</total>
				<timestamp>420.431515</timestamp>
			</report>
			<report>
				<misses>2216001</misses>
				<total>133</total>
				<timestamp>420.621303</timestamp>
			</report>
			<report>
				<misses>2217001</misses>
				<total>133</total>
				<timestamp>420.811045</timestamp>
			</report>
			<report>
				<misses>2218001</misses>
				<total>133</total>
				<timestamp>421.000904</timestamp>
			</report>
			<report>
				<misses>2219001</misses>
				<total>133</total>
				<timestamp>421.190660</timestamp>
			</report>
			<report>
				<misses>2220001</misses>
				<total>133</total>
				<timestamp>421.380581</timestamp>
			</report>
			<report>
				<misses>2221001</misses>
				<total>133</total>
				<timestamp>421.570386</timestamp>
			</report>
			<report>
				<misses>2222001</misses>
				<total>133</total>
				<timestamp>421.760144</timestamp>
			</report>
			<report>
				<misses>2223001</misses>
				<total>133</total>
				<timestamp>421.949905</timestamp>
			</report>
			<report>
				<misses>2224001</misses>
				<total>133</total>
				<timestamp>422.139704</timestamp>
			</report>
			<report>
				<misses>2225001</misses>
				<total>133</total>
				<timestamp>422.329528</timestamp>
			</report>
			<report>
				<misses>2226001</misses>
				<total>133</total>
				<timestamp>422.519485</timestamp>
			</report>
			<report>
				<misses>2227001</misses>
				<total>133</total>
				<timestamp>422.709141</timestamp>
			</report>
			<report>
				<misses>2228001</misses>
				<total>133</total>
				<timestamp>422.898933</timestamp>
			</report>
			<report>
				<misses>2229001</misses>
				<total>133</total>
				<timestamp>423.088742</timestamp>
			</report>
			<report>
				<misses>2230001</misses>
				<total>133</total>
				<timestamp>423.278595</timestamp>
			</report>
			<report>
				<misses>2231001</misses>
				<total>133</total>
				<timestamp>423.468444</timestamp>
			</report>
			<report>
				<misses>2232001</misses>
				<total>133</total>
				<timestamp>423.658240</timestamp>
			</report>
			<report>
				<misses>2233001</misses>
				<total>133</total>
				<timestamp>423.848003</timestamp>
			</report>
			<report>
				<misses>2234001</misses>
				<total>133</total>
				<timestamp>424.037789</timestamp>
			</report>
			<report>
				<misses>2235001</misses>
				<total>133</total>
				<timestamp>424.227602</timestamp>
			</report>
			<report>
				<misses>2236001</misses>
				<total>133</total>
				<timestamp>424.417489</timestamp>
			</report>
			<report>
				<misses>2237001</misses>
				<total>133</total>
				<timestamp>424.607307</timestamp>
			</report>
			<report>
				<misses>2238001</misses>
				<total>133</total>
				<timestamp>424.797085</timestamp>
			</report>
			<report>
				<misses>2239001</misses>
				<total>133</total>
				<timestamp>424.986842</timestamp>
			</report>
			<report>
				<misses>2240001</misses>
				<total>133</total>
				<timestamp>425.176662</timestamp>
			</report>
			<report>
				<misses>2241001</misses>
				<total>133</total>
				<timestamp>425.366512</timestamp>
			</report>
			<report>
				<misses>2242001</misses>
				<total>133</total>
				<timestamp>425.556350</timestamp>
			</report>
			<report>
				<misses>2243001</misses>
				<total>133</total>
				<timestamp>425.746076</timestamp>
			</report>
			<report>
				<misses>2244001</misses>
				<total>133</total>
				<timestamp>425.935912</timestamp>
			</report>
			<report>
				<misses>2245001</misses>
				<total>133</total>
				<timestamp>426.125729</timestamp>
			</report>
			<report>
				<misses>2246001</misses>
				<total>134</total>
				<timestamp>426.315526</timestamp>
			</report>
			<report>
				<misses>2247001</misses>
				<total>134</total>
				<timestamp>426.505383</timestamp>
			</report>
			<report>
				<misses>2248001</misses>
				<total>134</total>
				<timestamp>426.695140</timestamp>
			</report>
			<report>
				<misses>2249001</misses>
				<total>134</total>
				<timestamp>426.884987</timestamp>
			</report>
			<report>
				<misses>2250001</misses>
				<total>134</total>
				<timestamp>427.074769</timestamp>
			</report>
			<report>
				<misses>2251001</misses>
				<total>134</total>
				<timestamp>427.264614</timestamp>
			</report>
			<report>
				<misses>2252001</misses>
				<total>134</total>
				<timestamp>427.454546</timestamp>
			</report>
			<report>
				<misses>2253001</misses>
				<total>134</total>
				<timestamp>427.644195</timestamp>
			</report>
			<report>
				<misses>2254001</misses>
				<total>134</total>
				<timestamp>427.834022</timestamp>
			</report>
			<report>
				<misses>2255001</misses>
				<total>134</total>
				<timestamp>428.023896</timestamp>
			</report>
			<report>
				<misses>2256001</misses>
				<total>134</total>
				<timestamp>428.213607</timestamp>
			</report>
			<report>
				<misses>2257001</misses>
				<total>134</total>
				<timestamp>428.403428</timestamp>
			</report>
			<report>
				<misses>2258001</misses>
				<total>134</total>
				<timestamp>428.593256</timestamp>
			</report>
			<report>
				<misses>2259001</misses>
				<total>134</total>
				<timestamp>428.783151</timestamp>
			</report>
			<report>
				<misses>2260001</misses>
				<total>134</total>
				<timestamp>428.972898</timestamp>
			</report>
			<report>
				<misses>2261001</misses>
				<total>134</total>
				<timestamp>429.162671</timestamp>
			</report>
			<report>
				<misses>2262001</misses>
				<total>134</total>
				<timestamp>429.352480</timestamp>
			</report>
			<report>
				<misses>2263001</misses>
				<total>134</total>
				<timestamp>429.542316</timestamp>
			</report>
			<report>
				<misses>2264001</misses>
				<total>134</total>
				<timestamp>429.732148</timestamp>
			</report>
			<report>
				<misses>2265001</misses>
				<total>134</total>
				<timestamp>429.921909</timestamp>
			</report>
			<report>
				<misses>2266001</misses>
				<total>134</total>
				<timestamp>430.111766</timestamp>
			</report>
			<report>
				<misses>2267001</misses>
				<total>134</total>
				<timestamp>430.301556</timestamp>
			</report>
			<report>
				<misses>2268001</misses>
				<total>134</total>
				<timestamp>430.491470</timestamp>
			</report>
			<report>
				<misses>2269001</misses>
				<total>134</total>
				<timestamp>430.681228</timestamp>
			</report>
			<report>
				<misses>2270001</misses>
				<total>134</total>
				<timestamp>430.870996</timestamp>
			</report>
			<report>
				<misses>2271001</misses>
				<total>134</total>
				<timestamp>431.060842</timestamp>
			</report>
			<report>
				<misses>2272001</misses>
				<total>134</total>
				<timestamp>431.250580</timestamp>
			</report>
			<report>
				<misses>2273001</misses>
				<total>133</total>
				<timestamp>431.440447</timestamp>
			</report>
			<report>
				<misses>2274001</misses>
				<total>134</total>
				<timestamp>431.630341</timestamp>
			</report>
			<report>
				<misses>2275001</misses>
				<total>134</total>
				<timestamp>431.820100</timestamp>
			</report>
			<report>
				<misses>2276001</misses>
				<total>134</total>
				<timestamp>432.009869</timestamp>
			</report>
			<report>
				<misses>2277001</misses>
				<total>134</total>
				<timestamp>432.199628</timestamp>
			</report>
			<report>
				<misses>2278001</misses>
				<total>134</total>
				<timestamp>432.389456</timestamp>
			</report>
			<report>
				<misses>2279001</misses>
				<total>134</total>
				<timestamp>432.579292</timestamp>
			</report>
			<report>
				<misses>2280001</misses>
				<total>133</total>
				<timestamp>432.769099</timestamp>
			</report>
			<report>
				<misses>2281001</misses>
				<total>134</total>
				<timestamp>432.958885</timestamp>
			</report>
			<report>
				<misses>2282001</misses>
				<total>134</total>
				<timestamp>433.148681</timestamp>
			</report>
			<report>
				<misses>2283001</misses>
				<total>134</total>
				<timestamp>433.338499</timestamp>
			</report>
			<report>
				<misses>2284001</misses>
				<total>134</total>
				<timestamp>433.528399</timestamp>
			</report>
			<report>
				<misses>2285001</misses>
				<total>134</total>
				<timestamp>433.718115</timestamp>
			</report>
			<report>
				<misses>2286001</misses>
				<total>134</total>
				<timestamp>433.907913</timestamp>
			</report>
			<report>
				<misses>2287001</misses>
				<total>134</total>
				<timestamp>434.097745</timestamp>
			</report>
			<report>
				<misses>2288001</misses>
				<total>134</total>
				<timestamp>434.287623</timestamp>
			</report>
			<report>
				<misses>2289001</misses>
				<total>134</total>
				<timestamp>434.477471</timestamp>
			</report>
			<report>
				<misses>2290001</misses>
				<total>134</total>
				<timestamp>434.667251</timestamp>
			</report>
			<report>
				<misses>2291001</misses>
				<total>134</total>
				<timestamp>434.856975</timestamp>
			</report>
			<report>
				<misses>2292001</misses>
				<total>134</total>
				<timestamp>435.046835</timestamp>
			</report>
			<report>
				<misses>2293001</misses>
				<total>134</total>
				<timestamp>435.236596</timestamp>
			</report>
			<report>
				<misses>2294001</misses>
				<total>134</total>
				<timestamp>435.426412</timestamp>
			</report>
			<report>
				<misses>2295001</misses>
				<total>134</total>
				<timestamp>435.616270</timestamp>
			</report>
			<report>
				<misses>2296001</misses>
				<total>134</total>
				<timestamp>435.806084</timestamp>
			</report>
			<report>
				<misses>2297001</misses>
				<total>134</total>
				<timestamp>435.995828</timestamp>
			</report>
			<report>
				<misses>2298001</misses>
				<total>134</total>
				<timestamp>436.185650</timestamp>
			</report>
			<report>
				<misses>2299001</misses>
				<total>134</total>
				<timestamp>436.375488</timestamp>
			</report>
			<report>
				<misses>2300001</misses>
				<total>134</total>
				<timestamp>436.565324</timestamp>
			</report>
			<report>
				<misses>2301001</misses>
				<total>134</total>
				<timestamp>436.755080</timestamp>
			</report>
			<report>
				<misses>2302001</misses>
				<total>134</total>
				<timestamp>436.944925</timestamp>
			</report>
			<report>
				<misses>2303001</misses>
				<total>134</total>
				<timestamp>437.134729</timestamp>
			</report>
			<report>
				<misses>2304001</misses>
				<total>134</total>
				<timestamp>437.324497</timestamp>
			</report>
			<report>
				<misses>2305001</misses>
				<total>134</total>
				<timestamp>437.514349</timestamp>
			</report>
			<report>
				<misses>2306001</misses>
				<total>134</total>
				<timestamp>437.704274</timestamp>
			</report>
			<report>
				<misses>2307001</misses>
				<total>134</total>
				<timestamp>437.893977</timestamp>
			</report>
			<report>
				<misses>2308001</misses>
				<total>134</total>
				<timestamp>438.083805</timestamp>
			</report>
			<report>
				<misses>2309001</misses>
				<total>134</total>
				<timestamp>438.273609</timestamp>
			</report>
			<report>
				<misses>2310001</misses>
				<total>134</total>
				<timestamp>438.463421</timestamp>
			</report>
			<report>
				<misses>2311001</misses>
				<total>134</total>
				<timestamp>438.653266</timestamp>
			</report>
			<report>
				<misses>2312001</misses>
				<total>136</total>
				<timestamp>438.843047</timestamp>
			</report>
			<report>
				<misses>2313001</misses>
				<total>136</total>
				<timestamp>439.032826</timestamp>
			</report>
			<report>
				<misses>2314001</misses>
				<total>136</total>
				<timestamp>439.222605</timestamp>
			</report>
			<report>
				<misses>2315001</misses>
				<total>136</total>
				<timestamp>439.412455</timestamp>
			</report>
			<report>
				<misses>2316001</misses>
				<total>136</total>
				<timestamp>439.602216</timestamp>
			</report>
			<report>
				<misses>2317001</misses>
				<total>136</total>
				<timestamp>439.792052</timestamp>
			</report>
			<report>
				<misses>2318001</misses>
				<total>136</total>
				<timestamp>439.981943</timestamp>
			</report>
			<report>
				<misses>2319001</misses>
				<total>136</total>
				<timestamp>440.171647</timestamp>
			</report>
			<report>
				<misses>2320001</misses>
				<total>136</total>
				<timestamp>440.361532</timestamp>
			</report>
			<report>
				<misses>2321001</misses>
				<total>136</total>
				<timestamp>440.551287</timestamp>
			</report>
			<report>
				<misses>2322001</misses>
				<total>136</total>
				<timestamp>440.741079</timestamp>
			</report>
			<report>
				<misses>2323001</misses>
				<total>136</total>
				<timestamp>440.930942</timestamp>
			</report>
			<report>
				<misses>2324001</misses>
				<total>136</total>
				<timestamp>441.120694</timestamp>
			</report>
			<report>
				<misses>2325001</misses>
				<total>136</total>
				<timestamp>441.310532</timestamp>
			</report>
			<report>
				<misses>2326001</misses>
				<total>136</total>
				<timestamp>441.500445</timestamp>
			</report>
			<report>
				<misses>2327001</misses>
				<total>136</total>
				<timestamp>441.690224</timestamp>
			</report>
			<report>
				<misses>2328001</misses>
				<total>136</total>
				<timestamp>441.879990</timestamp>
			</report>
			<report>
				<misses>2329001</misses>
				<total>136</total>
				<timestamp>442.069847</timestamp>
			</report>
			<report>
				<misses>2330001</misses>
				<total>136</total>
				<timestamp>442.259589</timestamp>
			</report>
			<report>
				<misses>2331001</misses>
				<total>136</total>
				<timestamp>442.449389</timestamp>
			</report>
			<report>
				<misses>2332001</misses>
				<total>136</total>
				<timestamp>442.639234</timestamp>
			</report>
			<report>
				<misses>2333001</misses>
				<total>136</total>
				<timestamp>442.829056</timestamp>
			</report>
			<report>
				<misses>2334001</misses>
				<total>136</total>
				<timestamp>443.018863</timestamp>
			</report>
			<report>
				<misses>2335001</misses>
				<total>136</total>
				<timestamp>443.208608</timestamp>
			</report>
			<report>
				<misses>2336001</misses>
				<total>136</total>
				<timestamp>443.398500</timestamp>
			</report>
			<report>
				<misses>2337001</misses>
				<total>136</total>
				<timestamp>443.588324</timestamp>
			</report>
			<report>
				<misses>2338001</misses>
				<total>136</total>
				<timestamp>443.778046</timestamp>
			</report>
			<report>
				<misses>2339001</misses>
				<total>136</total>
				<timestamp>443.967848</timestamp>
			</report>
			<report>
				<misses>2340001</misses>
				<total>136</total>
				<timestamp>444.157650</timestamp>
			</report>
			<report>
				<misses>2341001</misses>
				<total>136</total>
				<timestamp>444.347510</timestamp>
			</report>
			<report>
				<misses>2342001</misses>
				<total>136</total>
				<timestamp>444.537323</timestamp>
			</report>
			<report>
				<misses>2343001</misses>
				<total>136</total>
				<timestamp>444.727136</timestamp>
			</report>
			<report>
				<misses>2344001</misses>
				<total>136</total>
				<timestamp>444.916938</timestamp>
			</report>
			<report>
				<misses>2345001</misses>
				<total>136</total>
				<timestamp>445.106709</timestamp>
			</report>
			<report>
				<misses>2346001</misses>
				<total>136</total>
				<timestamp>445.296520</timestamp>
			</report>
			<report>
				<misses>2347001</misses>
				<total>136</total>
				<timestamp>445.486399</timestamp>
			</report>
			<report>
				<misses>2348001</misses>
				<total>136</total>
				<timestamp>445.676247</timestamp>
			</report>
			<report>
				<misses>2349001</misses>
				<total>136</total>
				<timestamp>445.866009</timestamp>
			</report>
			<report>
				<misses>2350001</misses>
				<total>136</total>
				<timestamp>446.055834</timestamp>
			</report>
			<report>
				<misses>2351001</misses>
				<total>136</total>
				<timestamp>446.245585</timestamp>
			</report>
			<report>
				<misses>2352001</misses>
				<total>136</total>
				<timestamp>446.435437</timestamp>
			</report>
			<report>
				<misses>2353001</misses>
				<total>135</total>
				<timestamp>446.625286</timestamp>
			</report>
			<report>
				<misses>2354001</misses>
				<total>136</total>
				<timestamp>446.815010</timestamp>
			</report>
			<report>
				<misses>2355001</misses>
				<total>136</total>
				<timestamp>447.004872</timestamp>
			</report>
			<report>
				<misses>2356001</misses>
				<total>136</total>
				<timestamp>447.194612</timestamp>
			</report>
			<report>
				<misses>2357001</misses>
				<total>136</total>
				<timestamp>447.384493</timestamp>
			</report>
			<report>
				<misses>2358001</misses>
				<total>136</total>
				<timestamp>447.574284</timestamp>
			</report>
			<report>
				<misses>2359001</misses>
				<total>136</total>
				<timestamp>447.764061</timestamp>
			</report>
			<report>
				<misses>2360001</misses>
				<total>139</total>
				<timestamp>447.953990</timestamp>
			</report>
			<report>
				<misses>2361001</misses>
				<total>139</total>
				<timestamp>448.143726</timestamp>
			</report>
			<report>
				<misses>2362001</misses>
				<total>139</total>
				<timestamp>448.333478</timestamp>
			</report>
			<report>
				<misses>2363001</misses>
				<total>139</total>
				<timestamp>448.523309</timestamp>
			</report>
			<report>
				<misses>2364001</misses>
				<total>139</total>
				<timestamp>448.713097</timestamp>
			</report>
			<report>
				<misses>2365001</misses>
				<total>139</total>
				<timestamp>448.902915</timestamp>
			</report>
			<report>
				<misses>2366001</misses>
				<total>140</total>
				<timestamp>449.092791</timestamp>
			</report>
			<report>
				<misses>2367001</misses>
				<total>140</total>
				<timestamp>449.282533</timestamp>
			</report>
			<report>
				<misses>2368001</misses>
				<total>140</total>
				<timestamp>449.472386</timestamp>
			</report>
			<report>
				<misses>2369001</misses>
				<total>140</total>
				<timestamp>449.662229</timestamp>
			</report>
			<report>
				<misses>2370001</misses>
				<total>140</total>
				<timestamp>449.851961</timestamp>
			</report>
			<report>
				<misses>2371001</misses>
				<total>140</total>
				<timestamp>450.041841</timestamp>
			</report>
			<report>
				<misses>2372001</misses>
				<total>140</total>
				<timestamp>450.231598</timestamp>
			</report>
			<report>
				<misses>2373001</misses>
				<total>140</total>
				<timestamp>450.421421</timestamp>
			</report>
			<report>
				<misses>2374001</misses>
				<total>140</total>
				<timestamp>450.611235</timestamp>
			</report>
			<report>
				<misses>2375001</misses>
				<total>140</total>
				<timestamp>450.801038</timestamp>
			</report>
			<report>
				<misses>2376001</misses>
				<total>141</total>
				<timestamp>450.990903</timestamp>
			</report>
			<report>
				<misses>2377001</misses>
				<total>141</total>
				<timestamp>451.180671</timestamp>
			</report>
			<report>
				<misses>2378001</misses>
				<total>141</total>
				<timestamp>451.370431</timestamp>
			</report>
			<report>
				<misses>2379001</misses>
				<total>141</total>
				<timestamp>451.560259</timestamp>
			</report>
			<report>
				<misses>2380001</misses>
				<total>141</total>
				<timestamp>451.750139</timestamp>
			</report>
			<report>
				<misses>2381001</misses>
				<total>141</total>
				<timestamp>451.939903</timestamp>
			</report>
			<report>
				<misses>2382001</misses>
				<total>141</total>
				<timestamp>452.129747</timestamp>
			</report>
			<report>
				<misses>2383001</misses>
				<total>141</total>
				<timestamp>452.319515</timestamp>
			</report>
			<report>
				<misses>2384001</misses>
				<total>141</total>
				<timestamp>452.509304</timestamp>
			</report>
			<report>
				<misses>2385001</misses>
				<total>141</total>
				<timestamp>452.699231</timestamp>
			</report>
			<report>
				<misses>2386001</misses>
				<total>141</total>
				<timestamp>452.888923</timestamp>
			</report>
			<report>
				<misses>2387001</misses>
				<total>141</total>
				<timestamp>453.078744</timestamp>
			</report>
			<report>
				<misses>2388001</misses>
				<total>141</total>
				<timestamp>453.268553</timestamp>
			</report>
			<report>
				<misses>2389001</misses>
				<total>141</total>
				<timestamp>453.458343</timestamp>
			</report>
			<report>
				<misses>2390001</misses>
				<total>141</total>
				<timestamp>453.648210</timestamp>
			</report>
			<report>
				<misses>2391001</misses>
				<total>141</total>
				<timestamp>453.837978</timestamp>
			</report>
			<report>
				<misses>2392001</misses>
				<total>141</total>
				<timestamp>454.027814</timestamp>
			</report>
			<report>
				<misses>2393001</misses>
				<total>141</total>
				<timestamp>454.217593</timestamp>
			</report>
			<report>
				<misses>2394001</misses>
				<total>141</total>
				<timestamp>454.407477</timestamp>
			</report>
			<report>
				<misses>2395001</misses>
				<total>141</total>
				<timestamp>454.597225</timestamp>
			</report>
			<report>
				<misses>2396001</misses>
				<total>141</total>
				<timestamp>454.787090</timestamp>
			</report>
			<report>
				<misses>2397001</misses>
				<total>141</total>
				<timestamp>454.977005</timestamp>
			</report>
			<report>
				<misses>2398001</misses>
				<total>141</total>
				<timestamp>455.166685</timestamp>
			</report>
			<report>
				<misses>2399001</misses>
				<total>141</total>
				<timestamp>455.356468</timestamp>
			</report>
			<report>
				<misses>2400001</misses>
				<total>141</total>
				<timestamp>455.546279</timestamp>
			</report>
			<report>
				<misses>2401001</misses>
				<total>141</total>
				<timestamp>455.736158</timestamp>
			</report>
			<report>
				<misses>2402001</misses>
				<total>141</total>
				<timestamp>455.925896</timestamp>
			</report>
			<report>
				<misses>2403001</misses>
				<total>140</total>
				<timestamp>456.115771</timestamp>
			</report>
			<report>
				<misses>2404001</misses>
				<total>141</total>
				<timestamp>456.305500</timestamp>
			</report>
			<report>
				<misses>2405001</misses>
				<total>141</total>
				<timestamp>456.495304</timestamp>
			</report>
			<report>
				<misses>2406001</misses>
				<total>141</total>
				<timestamp>456.685166</timestamp>
			</report>
			<report>
				<misses>2407001</misses>
				<total>141</total>
				<timestamp>456.874992</timestamp>
			</report>
			<report>
				<misses>2408001</misses>
				<total>141</total>
				<timestamp>457.064836</timestamp>
			</report>
			<report>
				<misses>2409001</misses>
				<total>141</total>
				<timestamp>457.254559</timestamp>
			</report>
			<report>
				<misses>2410001</misses>
				<total>141</total>
				<timestamp>457.444468</timestamp>
			</report>
			<report>
				<misses>2411001</misses>
				<total>141</total>
				<timestamp>457.634235</timestamp>
			</report>
			<report>
				<misses>2412001</misses>
				<total>141</total>
				<timestamp>457.823996</timestamp>
			</report>
			<report>
				<misses>2413001</misses>
				<total>141</total>
				<timestamp>458.013796</timestamp>
			</report>
			<report>
				<misses>2414001</misses>
				<total>141</total>
				<timestamp>458.203618</timestamp>
			</report>
			<report>
				<misses>2415001</misses>
				<total>141</total>
				<timestamp>458.393451</timestamp>
			</report>
			<report>
				<misses>2416001</misses>
				<total>141</total>
				<timestamp>458.583224</timestamp>
			</report>
			<report>
				<misses>2417001</misses>
				<total>141</total>
				<timestamp>458.773092</timestamp>
			</report>
			<report>
				<misses>2418001</misses>
				<total>141</total>
				<timestamp>458.962853</timestamp>
			</report>
			<report>
				<misses>2419001</misses>
				<total>142</total>
				<timestamp>459.152670</timestamp>
			</report>
			<report>
				<misses>2420001</misses>
				<total>142</total>
				<timestamp>459.342455</timestamp>
			</report>
			<report>
				<misses>2421001</misses>
				<total>142</total>
				<timestamp>459.532266</timestamp>
			</report>
			<report>
				<misses>2422001</misses>
				<total>142</total>
				<timestamp>459.722093</timestamp>
			</report>
			<report>
				<misses>2423001</misses>
				<total>142</total>
				<timestamp>459.911936</timestamp>
			</report>
			<report>
				<misses>2424001</misses>
				<total>142</total>
				<timestamp>460.101718</timestamp>
			</report>
			<report>
				<misses>2425001</misses>
				<total>142</total>
				<timestamp>460.291509</timestamp>
			</report>
			<report>
				<misses>2426001</misses>
				<total>142</total>
				<timestamp>460.481400</timestamp>
			</report>
			<report>
				<misses>2427001</misses>
				<total>142</total>
				<timestamp>460.671195</timestamp>
			</report>
			<report>
				<misses>2428001</misses>
				<total>148</total>
				<timestamp>460.860961</timestamp>
			</report>
			<report>
				<misses>2429001</misses>
				<total>148</total>
				<timestamp>461.050756</timestamp>
			</report>
			<report>
				<misses>2430001</misses>
				<total>148</total>
				<timestamp>461.240550</timestamp>
			</report>
			<report>
				<misses>2431001</misses>
				<total>148</total>
				<timestamp>461.430386</timestamp>
			</report>
			<report>
				<misses>2432001</misses>
				<total>148</total>
				<timestamp>461.620217</timestamp>
			</report>
			<report>
				<misses>2433001</misses>
				<total>148</total>
				<timestamp>461.810068</timestamp>
			</report>
			<report>
				<misses>2434001</misses>
				<total>148</total>
				<timestamp>461.999791</timestamp>
			</report>
			<report>
				<misses>2435001</misses>
				<total>148</total>
				<timestamp>462.189692</timestamp>
			</report>
			<report>
				<misses>2436001</misses>
				<total>148</total>
				<timestamp>462.379512</timestamp>
			</report>
			<report>
				<misses>2437001</misses>
				<total>148</total>
				<timestamp>462.569324</timestamp>
			</report>
			<report>
				<misses>2438001</misses>
				<total>148</total>
				<timestamp>462.759116</timestamp>
			</report>
			<report>
				<misses>2439001</misses>
				<total>148</total>
				<timestamp>462.948852</timestamp>
			</report>
			<report>
				<misses>2440001</misses>
				<total>148</total>
				<timestamp>463.138683</timestamp>
			</report>
			<report>
				<misses>2441001</misses>
				<total>148</total>
				<timestamp>463.328472</timestamp>
			</report>
			<report>
				<misses>2442001</misses>
				<total>148</total>
				<timestamp>463.518279</timestamp>
			</report>
			<report>
				<misses>2443001</misses>
				<total>149</total>
				<timestamp>463.708195</timestamp>
			</report>
			<report>
				<misses>2444001</misses>
				<total>150</total>
				<timestamp>463.897946</timestamp>
			</report>
			<report>
				<misses>2445001</misses>
				<total>150</total>
				<timestamp>464.087777</timestamp>
			</report>
			<report>
				<misses>2446001</misses>
				<total>150</total>
				<timestamp>464.277625</timestamp>
			</report>
			<report>
				<misses>2447001</misses>
				<total>149</total>
				<timestamp>464.467371</timestamp>
			</report>
			<report>
				<misses>2448001</misses>
				<total>150</total>
				<timestamp>464.657194</timestamp>
			</report>
			<report>
				<misses>2449001</misses>
				<total>152</total>
				<timestamp>464.847028</timestamp>
			</report>
			<report>
				<misses>2450001</misses>
				<total>151</total>
				<timestamp>465.036820</timestamp>
			</report>
			<report>
				<misses>2451001</misses>
				<total>154</total>
				<timestamp>465.226601</timestamp>
			</report>
			<report>
				<misses>2452001</misses>
				<total>154</total>
				<timestamp>465.416490</timestamp>
			</report>
			<report>
				<misses>2453001</misses>
				<total>154</total>
				<timestamp>465.606255</timestamp>
			</report>
			<report>
				<misses>2454001</misses>
				<total>154</total>
				<timestamp>465.796138</timestamp>
			</report>
			<report>
				<misses>2455001</misses>
				<total>154</total>
				<timestamp>465.985860</timestamp>
			</report>
			<report>
				<misses>2456001</misses>
				<total>154</total>
				<timestamp>466.175634</timestamp>
			</report>
			<report>
				<misses>2457001</misses>
				<total>154</total>
				<timestamp>466.365495</timestamp>
			</report>
			<report>
				<misses>2458001</misses>
				<total>154</total>
				<timestamp>466.555249</timestamp>
			</report>
			<report>
				<misses>2459001</misses>
				<total>154</total>
				<timestamp>466.745087</timestamp>
			</report>
			<report>
				<misses>2460001</misses>
				<total>154</total>
				<timestamp>466.934865</timestamp>
			</report>
			<report>
				<misses>2461001</misses>
				<total>154</total>
				<timestamp>467.124669</timestamp>
			</report>
			<report>
				<misses>2462001</misses>
				<total>154</total>
				<timestamp>467.314549</timestamp>
			</report>
			<report>
				<misses>2463001</misses>
				<total>154</total>
				<timestamp>467.504292</timestamp>
			</report>
			<report>
				<misses>2464001</misses>
				<total>153</total>
				<timestamp>467.694174</timestamp>
			</report>
			<report>
				<misses>2465001</misses>
				<total>154</total>
				<timestamp>467.883924</timestamp>
			</report>
			<report>
				<misses>2466001</misses>
				<total>154</total>
				<timestamp>468.073765</timestamp>
			</report>
			<report>
				<misses>2467001</misses>
				<total>154</total>
				<timestamp>468.263528</timestamp>
			</report>
			<report>
				<misses>2468001</misses>
				<total>155</total>
				<timestamp>468.453334</timestamp>
			</report>
			<report>
				<misses>2469001</misses>
				<total>156</total>
				<timestamp>468.643191</timestamp>
			</report>
			<report>
				<misses>2470001</misses>
				<total>156</total>
				<timestamp>468.832995</timestamp>
			</report>
			<report>
				<misses>2471001</misses>
				<total>155</total>
				<timestamp>469.022821</timestamp>
			</report>
			<report>
				<misses>2472001</misses>
				<total>156</total>
				<timestamp>469.212623</timestamp>
			</report>
			<report>
				<misses>2473001</misses>
				<total>156</total>
				<timestamp>469.402479</timestamp>
			</report>
			<report>
				<misses>2474001</misses>
				<total>156</total>
				<timestamp>469.592334</timestamp>
			</report>
			<report>
				<misses>2475001</misses>
				<total>156</total>
				<timestamp>469.782048</timestamp>
			</report>
			<report>
				<misses>2476001</misses>
				<total>156</total>
				<timestamp>469.971874</timestamp>
			</report>
			<report>
				<misses>2477001</misses>
				<total>156</total>
				<timestamp>470.161680</timestamp>
			</report>
			<report>
				<misses>2478001</misses>
				<total>156</total>
				<timestamp>470.351512</timestamp>
			</report>
			<report>
				<misses>2479001</misses>
				<total>156</total>
				<timestamp>470.541320</timestamp>
			</report>
			<report>
				<misses>2480001</misses>
				<total>156</total>
				<timestamp>470.731118</timestamp>
			</report>
			<report>
				<misses>2481001</misses>
				<total>156</total>
				<timestamp>470.920869</timestamp>
			</report>
			<report>
				<misses>2482001</misses>
				<total>155</total>
				<timestamp>471.110743</timestamp>
			</report>
			<report>
				<misses>2483001</misses>
				<total>156</total>
				<timestamp>471.300561</timestamp>
			</report>
			<report>
				<misses>2484001</misses>
				<total>156</total>
				<timestamp>471.490290</timestamp>
			</report>
			<report>
				<misses>2485001</misses>
				<total>156</total>
				<timestamp>471.680230</timestamp>
			</report>
			<report>
				<misses>2486001</misses>
				<total>156</total>
				<timestamp>471.869974</timestamp>
			</report>
			<report>
				<misses>2487001</misses>
				<total>156</total>
				<timestamp>472.059722</timestamp>
			</report>
			<report>
				<misses>2488001</misses>
				<total>156</total>
				<timestamp>472.249544</timestamp>
			</report>
			<report>
				<misses>2489001</misses>
				<total>156</total>
				<timestamp>472.439358</timestamp>
			</report>
			<report>
				<misses>2490001</misses>
				<total>156</total>
				<timestamp>472.629232</timestamp>
			</report>
			<report>
				<misses>2491001</misses>
				<total>156</total>
				<timestamp>472.819021</timestamp>
			</report>
			<report>
				<misses>2492001</misses>
				<total>156</total>
				<timestamp>473.008800</timestamp>
			</report>
			<report>
				<misses>2493001</misses>
				<total>156</total>
				<timestamp>473.198647</timestamp>
			</report>
			<report>
				<misses>2494001</misses>
				<total>156</total>
				<timestamp>473.388412</timestamp>
			</report>
			<report>
				<misses>2495001</misses>
				<total>155</total>
				<timestamp>473.578339</timestamp>
			</report>
			<report>
				<misses>2496001</misses>
				<total>156</total>
				<timestamp>473.768052</timestamp>
			</report>
			<report>
				<misses>2497001</misses>
				<total>156</total>
				<timestamp>473.957819</timestamp>
			</report>
			<report>
				<misses>2498001</misses>
				<total>156</total>
				<timestamp>474.147704</timestamp>
			</report>
			<report>
				<misses>2499001</misses>
				<total>156</total>
				<timestamp>474.337433</timestamp>
			</report>
			<report>
				<misses>2500001</misses>
				<total>156</total>
				<timestamp>474.527270</timestamp>
			</report>
			<report>
				<misses>2501001</misses>
				<total>156</total>
				<timestamp>474.717090</timestamp>
			</report>
			<report>
				<misses>2502001</misses>
				<total>161</total>
				<timestamp>474.906914</timestamp>
			</report>
			<report>
				<misses>2503001</misses>
				<total>161</total>
				<timestamp>475.096716</timestamp>
			</report>
			<report>
				<misses>2504001</misses>
				<total>161</total>
				<timestamp>475.286498</timestamp>
			</report>
			<report>
				<misses>2505001</misses>
				<total>161</total>
				<timestamp>475.476303</timestamp>
			</report>
			<report>
				<misses>2506001</misses>
				<total>161</total>
				<timestamp>475.666273</timestamp>
			</report>
			<report>
				<misses>2507001</misses>
				<total>161</total>
				<timestamp>475.855989</timestamp>
			</report>
			<report>
				<misses>2508001</misses>
				<total>161</total>
				<timestamp>476.045835</timestamp>
			</report>
			<report>
				<misses>2509001</misses>
				<total>161</total>
				<timestamp>476.235651</timestamp>
			</report>
			<report>
				<misses>2510001</misses>
				<total>161</total>
				<timestamp>476.425357</timestamp>
			</report>
			<report>
				<misses>2511001</misses>
				<total>161</total>
				<timestamp>476.615203</timestamp>
			</report>
			<report>
				<misses>2512001</misses>
				<total>161</total>
				<timestamp>476.804999</timestamp>
			</report>
			<report>
				<misses>2513001</misses>
				<total>161</total>
				<timestamp>476.994803</timestamp>
			</report>
			<report>
				<misses>2514001</misses>
				<total>161</total>
				<timestamp>477.184667</timestamp>
			</report>
			<report>
				<misses>2515001</misses>
				<total>161</total>
				<timestamp>477.374455</timestamp>
			</report>
			<report>
				<misses>2516001</misses>
				<total>161</total>
				<timestamp>477.564236</timestamp>
			</report>
			<report>
				<misses>2517001</misses>
				<total>161</total>
				<timestamp>477.754057</timestamp>
			</report>
			<report>
				<misses>2518001</misses>
				<total>161</total>
				<timestamp>477.943888</timestamp>
			</report>
			<report>
				<misses>2519001</misses>
				<total>161</total>
				<timestamp>478.133732</timestamp>
			</report>
			<report>
				<misses>2520001</misses>
				<total>161</total>
				<timestamp>478.323452</timestamp>
			</report>
			<report>
				<misses>2521001</misses>
				<total>161</total>
				<timestamp>478.513295</timestamp>
			</report>
			<report>
				<misses>2522001</misses>
				<total>161</total>
				<timestamp>478.703168</timestamp>
			</report>
			<report>
				<misses>2523001</misses>
				<total>161</total>
				<timestamp>478.892932</timestamp>
			</report>
			<report>
				<misses>2524001</misses>
				<total>161</total>
				<timestamp>479.082701</timestamp>
			</report>
			<report>
				<misses>2525001</misses>
				<total>161</total>
				<timestamp>479.272542</timestamp>
			</report>
			<report>
				<misses>2526001</misses>
				<total>161</total>
				<timestamp>479.462373</timestamp>
			</report>
			<report>
				<misses>2527001</misses>
				<total>161</total>
				<timestamp>479.652231</timestamp>
			</report>
			<report>
				<misses>2528001</misses>
				<total>161</total>
				<timestamp>479.841986</timestamp>
			</report>
			<report>
				<misses>2529001</misses>
				<total>161</total>
				<timestamp>480.031767</timestamp>
			</report>
			<report>
				<misses>2530001</misses>
				<total>161</total>
				<timestamp>480.221604</timestamp>
			</report>
			<report>
				<misses>2531001</misses>
				<total>161</total>
				<timestamp>480.411417</timestamp>
			</report>
			<report>
				<misses>2532001</misses>
				<total>161</total>
				<timestamp>480.601220</timestamp>
			</report>
			<report>
				<misses>2533001</misses>
				<total>161</total>
				<timestamp>480.791107</timestamp>
			</report>
			<report>
				<misses>2534001</misses>
				<total>161</total>
				<timestamp>480.980912</timestamp>
			</report>
			<report>
				<misses>2535001</misses>
				<total>161</total>
				<timestamp>481.170665</timestamp>
			</report>
			<report>
				<misses>2536001</misses>
				<total>161</total>
				<timestamp>481.360468</timestamp>
			</report>
			<report>
				<misses>2537001</misses>
				<total>161</total>
				<timestamp>481.550290</timestamp>
			</report>
			<report>
				<misses>2538001</misses>
				<total>161</total>
				<timestamp>481.740046</timestamp>
			</report>
			<report>
				<misses>2539001</misses>
				<total>161</total>
				<timestamp>481.929882</timestamp>
			</report>
			<report>
				<misses>2540001</misses>
				<total>161</total>
				<timestamp>482.119683</timestamp>
			</report>
			<report>
				<misses>2541001</misses>
				<total>161</total>
				<timestamp>482.309504</timestamp>
			</report>
			<report>
				<misses>2542001</misses>
				<total>161</total>
				<timestamp>482.499306</timestamp>
			</report>
			<report>
				<misses>2543001</misses>
				<total>161</total>
				<timestamp>482.689208</timestamp>
			</report>
			<report>
				<misses>2544001</misses>
				<total>161</total>
				<timestamp>482.878927</timestamp>
			</report>
			<report>
				<misses>2545001</misses>
				<total>161</total>
				<timestamp>483.068750</timestamp>
			</report>
			<report>
				<misses>2546001</misses>
				<total>161</total>
				<timestamp>483.258533</timestamp>
			</report>
			<report>
				<misses>2547001</misses>
				<total>161</total>
				<timestamp>483.448362</timestamp>
			</report>
			<report>
				<misses>2548001</misses>
				<total>161</total>
				<timestamp>483.638215</timestamp>
			</report>
			<report>
				<misses>2549001</misses>
				<total>161</total>
				<timestamp>483.827953</timestamp>
			</report>
			<report>
				<misses>2550001</misses>
				<total>161</total>
				<timestamp>484.017772</timestamp>
			</report>
			<report>
				<misses>2551001</misses>
				<total>161</total>
				<timestamp>484.207708</timestamp>
			</report>
			<report>
				<misses>2552001</misses>
				<total>161</total>
				<timestamp>484.397451</timestamp>
			</report>
			<report>
				<misses>2553001</misses>
				<total>161</total>
				<timestamp>484.587184</timestamp>
			</report>
			<report>
				<misses>2554001</misses>
				<total>161</total>
				<timestamp>484.777064</timestamp>
			</report>
			<report>
				<misses>2555001</misses>
				<total>161</total>
				<timestamp>484.966801</timestamp>
			</report>
			<report>
				<misses>2556001</misses>
				<total>161</total>
				<timestamp>485.156654</timestamp>
			</report>
			<report>
				<misses>2557001</misses>
				<total>161</total>
				<timestamp>485.346446</timestamp>
			</report>
			<report>
				<misses>2558001</misses>
				<total>161</total>
				<timestamp>485.536299</timestamp>
			</report>
			<report>
				<misses>2559001</misses>
				<total>161</total>
				<timestamp>485.726033</timestamp>
			</report>
			<report>
				<misses>2560001</misses>
				<total>161</total>
				<timestamp>485.915916</timestamp>
			</report>
			<report>
				<misses>2561001</misses>
				<total>161</total>
				<timestamp>486.105674</timestamp>
			</report>
			<report>
				<misses>2562001</misses>
				<total>161</total>
				<timestamp>486.295482</timestamp>
			</report>
			<report>
				<misses>2563001</misses>
				<total>161</total>
				<timestamp>486.485283</timestamp>
			</report>
			<report>
				<misses>2564001</misses>
				<total>161</total>
				<timestamp>486.675106</timestamp>
			</report>
			<report>
				<misses>2565001</misses>
				<total>161</total>
				<timestamp>486.864907</timestamp>
			</report>
			<report>
				<misses>2566001</misses>
				<total>161</total>
				<timestamp>487.054746</timestamp>
			</report>
			<report>
				<misses>2567001</misses>
				<total>161</total>
				<timestamp>487.244562</timestamp>
			</report>
			<report>
				<misses>2568001</misses>
				<total>161</total>
				<timestamp>487.434400</timestamp>
			</report>
			<report>
				<misses>2569001</misses>
				<total>161</total>
				<timestamp>487.624169</timestamp>
			</report>
			<report>
				<misses>2570001</misses>
				<total>161</total>
				<timestamp>487.813981</timestamp>
			</report>
			<report>
				<misses>2571001</misses>
				<total>161</total>
				<timestamp>488.003842</timestamp>
			</report>
			<report>
				<misses>2572001</misses>
				<total>161</total>
				<timestamp>488.193585</timestamp>
			</report>
			<report>
				<misses>2573001</misses>
				<total>161</total>
				<timestamp>488.383415</timestamp>
			</report>
			<report>
				<misses>2574001</misses>
				<total>161</total>
				<timestamp>488.573260</timestamp>
			</report>
			<report>
				<misses>2575001</misses>
				<total>161</total>
				<timestamp>488.763072</timestamp>
			</report>
			<report>
				<misses>2576001</misses>
				<total>161</total>
				<timestamp>488.952865</timestamp>
			</report>
			<report>
				<misses>2577001</misses>
				<total>161</total>
				<timestamp>489.142635</timestamp>
			</report>
			<report>
				<misses>2578001</misses>
				<total>161</total>
				<timestamp>489.332500</timestamp>
			</report>
			<report>
				<misses>2579001</misses>
				<total>161</total>
				<timestamp>489.522287</timestamp>
			</report>
			<report>
				<misses>2580001</misses>
				<total>161</total>
				<timestamp>489.712131</timestamp>
			</report>
			<report>
				<misses>2581001</misses>
				<total>161</total>
				<timestamp>489.901910</timestamp>
			</report>
			<report>
				<misses>2582001</misses>
				<total>161</total>
				<timestamp>490.091685</timestamp>
			</report>
			<report>
				<misses>2583001</misses>
				<total>161</total>
				<timestamp>490.281508</timestamp>
			</report>
			<report>
				<misses>2584001</misses>
				<total>161</total>
				<timestamp>490.471367</timestamp>
			</report>
			<report>
				<misses>2585001</misses>
				<total>161</total>
				<timestamp>490.661118</timestamp>
			</report>
			<report>
				<misses>2586001</misses>
				<total>161</total>
				<timestamp>490.850988</timestamp>
			</report>
			<report>
				<misses>2587001</misses>
				<total>161</total>
				<timestamp>491.040823</timestamp>
			</report>
			<report>
				<misses>2588001</misses>
				<total>161</total>
				<timestamp>491.230542</timestamp>
			</report>
			<report>
				<misses>2589001</misses>
				<total>161</total>
				<timestamp>491.420421</timestamp>
			</report>
			<report>
				<misses>2590001</misses>
				<total>161</total>
				<timestamp>491.610154</timestamp>
			</report>
			<report>
				<misses>2591001</misses>
				<total>160</total>
				<timestamp>491.800029</timestamp>
			</report>
			<report>
				<misses>2592001</misses>
				<total>161</total>
				<timestamp>491.989849</timestamp>
			</report>
			<report>
				<misses>2593001</misses>
				<total>161</total>
				<timestamp>492.179674</timestamp>
			</report>
			<report>
				<misses>2594001</misses>
				<total>161</total>
				<timestamp>492.369417</timestamp>
			</report>
			<report>
				<misses>2595001</misses>
				<total>161</total>
				<timestamp>492.559303</timestamp>
			</report>
			<report>
				<misses>2596001</misses>
				<total>161</total>
				<timestamp>492.749099</timestamp>
			</report>
			<report>
				<misses>2597001</misses>
				<total>161</total>
				<timestamp>492.938868</timestamp>
			</report>
			<report>
				<misses>2598001</misses>
				<total>161</total>
				<timestamp>493.128730</timestamp>
			</report>
			<report>
				<misses>2599001</misses>
				<total>161</total>
				<timestamp>493.318460</timestamp>
			</report>
			<report>
				<misses>2600001</misses>
				<total>161</total>
				<timestamp>493.508269</timestamp>
			</report>
			<report>
				<misses>2601001</misses>
				<total>161</total>
				<timestamp>493.698076</timestamp>
			</report>
			<report>
				<misses>2602001</misses>
				<total>161</total>
				<timestamp>493.887901</timestamp>
			</report>
			<report>
				<misses>2603001</misses>
				<total>161</total>
				<timestamp>494.077716</timestamp>
			</report>
			<report>
				<misses>2604001</misses>
				<total>161</total>
				<timestamp>494.267568</timestamp>
			</report>
			<report>
				<misses>2605001</misses>
				<total>161</total>
				<timestamp>494.457313</timestamp>
			</report>
			<report>
				<misses>2606001</misses>
				<total>163</total>
				<timestamp>494.647154</timestamp>
			</report>
			<report>
				<misses>2607001</misses>
				<total>163</total>
				<timestamp>494.836962</timestamp>
			</report>
			<report>
				<misses>2608001</misses>
				<total>163</total>
				<timestamp>495.026754</timestamp>
			</report>
			<report>
				<misses>2609001</misses>
				<total>163</total>
				<timestamp>495.216614</timestamp>
			</report>
			<report>
				<misses>2610001</misses>
				<total>163</total>
				<timestamp>495.406391</timestamp>
			</report>
			<report>
				<misses>2611001</misses>
				<total>163</total>
				<timestamp>495.596185</timestamp>
			</report>
			<report>
				<misses>2612001</misses>
				<total>163</total>
				<timestamp>495.786025</timestamp>
			</report>
			<report>
				<misses>2613001</misses>
				<total>163</total>
				<timestamp>495.975853</timestamp>
			</report>
			<report>
				<misses>2614001</misses>
				<total>162</total>
				<timestamp>496.165635</timestamp>
			</report>
			<report>
				<misses>2615001</misses>
				<total>168</total>
				<timestamp>496.355424</timestamp>
			</report>
			<report>
				<misses>2616001</misses>
				<total>168</total>
				<timestamp>496.545250</timestamp>
			</report>
			<report>
				<misses>2617001</misses>
				<total>168</total>
				<timestamp>496.735034</timestamp>
			</report>
			<report>
				<misses>2618001</misses>
				<total>168</total>
				<timestamp>496.924834</timestamp>
			</report>
			<report>
				<misses>2619001</misses>
				<total>168</total>
				<timestamp>497.114696</timestamp>
			</report>
			<report>
				<misses>2620001</misses>
				<total>168</total>
				<timestamp>497.304552</timestamp>
			</report>
			<report>
				<misses>2621001</misses>
				<total>167</total>
				<timestamp>497.494348</timestamp>
			</report>
			<report>
				<misses>2622001</misses>
				<total>168</total>
				<timestamp>497.684177</timestamp>
			</report>
			<report>
				<misses>2623001</misses>
				<total>168</total>
				<timestamp>497.873909</timestamp>
			</report>
			<report>
				<misses>2624001</misses>
				<total>168</total>
				<timestamp>498.063726</timestamp>
			</report>
			<report>
				<misses>2625001</misses>
				<total>167</total>
				<timestamp>498.253547</timestamp>
			</report>
			<report>
				<misses>2626001</misses>
				<total>168</total>
				<timestamp>498.443328</timestamp>
			</report>
			<report>
				<misses>2627001</misses>
				<total>168</total>
				<timestamp>498.633167</timestamp>
			</report>
			<report>
				<misses>2628001</misses>
				<total>169</total>
				<timestamp>498.823051</timestamp>
			</report>
			<report>
				<misses>2629001</misses>
				<total>169</total>
				<timestamp>499.012788</timestamp>
			</report>
			<report>
				<misses>2630001</misses>
				<total>169</total>
				<timestamp>499.202594</timestamp>
			</report>
			<report>
				<misses>2631001</misses>
				<total>169</total>
				<timestamp>499.392382</timestamp>
			</report>
			<report>
				<misses>2632001</misses>
				<total>169</total>
				<timestamp>499.582273</timestamp>
			</report>
			<report>
				<misses>2633001</misses>
				<total>169</total>
				<timestamp>499.772008</timestamp>
			</report>
			<report>
				<misses>2634001</misses>
				<total>169</total>
				<timestamp>499.961818</timestamp>
			</report>
			<report>
				<misses>2635001</misses>
				<total>169</total>
				<timestamp>500.151653</timestamp>
			</report>
			<report>
				<misses>2636001</misses>
				<total>169</total>
				<timestamp>500.341517</timestamp>
			</report>
			<report>
				<misses>2637001</misses>
				<total>169</total>
				<timestamp>500.531276</timestamp>
			</report>
			<report>
				<misses>2638001</misses>
				<total>169</total>
				<timestamp>500.721031</timestamp>
			</report>
			<report>
				<misses>2639001</misses>
				<total>169</total>
				<timestamp>500.910869</timestamp>
			</report>
			<report>
				<misses>2640001</misses>
				<total>169</total>
				<timestamp>501.100686</timestamp>
			</report>
			<report>
				<misses>2641001</misses>
				<total>169</total>
				<timestamp>501.290551</timestamp>
			</report>
			<report>
				<misses>2642001</misses>
				<total>169</total>
				<timestamp>501.480326</timestamp>
			</report>
			<report>
				<misses>2643001</misses>
				<total>169</total>
				<timestamp>501.670092</timestamp>
			</report>
			<report>
				<misses>2644001</misses>
				<total>169</total>
				<timestamp>501.859955</timestamp>
			</report>
			<report>
				<misses>2645001</misses>
				<total>169</total>
				<timestamp>502.049730</timestamp>
			</report>
			<report>
				<misses>2646001</misses>
				<total>169</total>
				<timestamp>502.239565</timestamp>
			</report>
			<report>
				<misses>2647001</misses>
				<total>169</total>
				<timestamp>502.429316</timestamp>
			</report>
			<report>
				<misses>2648001</misses>
				<total>169</total>
				<timestamp>502.619143</timestamp>
			</report>
			<report>
				<misses>2649001</misses>
				<total>169</total>
				<timestamp>502.808974</timestamp>
			</report>
			<report>
				<misses>2650001</misses>
				<total>169</total>
				<timestamp>502.998899</timestamp>
			</report>
			<report>
				<misses>2651001</misses>
				<total>169</total>
				<timestamp>503.188602</timestamp>
			</report>
			<report>
				<misses>2652001</misses>
				<total>169</total>
				<timestamp>503.378410</timestamp>
			</report>
			<report>
				<misses>2653001</misses>
				<total>169</total>
				<timestamp>503.568201</timestamp>
			</report>
			<report>
				<misses>2654001</misses>
				<total>169</total>
				<timestamp>503.758036</timestamp>
			</report>
			<report>
				<misses>2655001</misses>
				<total>169</total>
				<timestamp>503.947865</timestamp>
			</report>
			<report>
				<misses>2656001</misses>
				<total>169</total>
				<timestamp>504.137637</timestamp>
			</report>
			<report>
				<misses>2657001</misses>
				<total>169</total>
				<timestamp>504.327490</timestamp>
			</report>
			<report>
				<misses>2658001</misses>
				<total>169</total>
				<timestamp>504.517278</timestamp>
			</report>
			<report>
				<misses>2659001</misses>
				<total>169</total>
				<timestamp>504.707101</timestamp>
			</report>
			<report>
				<misses>2660001</misses>
				<total>169</total>
				<timestamp>504.896937</timestamp>
			</report>
			<report>
				<misses>2661001</misses>
				<total>169</total>
				<timestamp>505.086691</timestamp>
			</report>
			<report>
				<misses>2662001</misses>
				<total>169</total>
				<timestamp>505.276474</timestamp>
			</report>
			<report>
				<misses>2663001</misses>
				<total>169</total>
				<timestamp>505.466335</timestamp>
			</report>
			<report>
				<misses>2664001</misses>
				<total>169</total>
				<timestamp>505.656153</timestamp>
			</report>
			<report>
				<misses>2665001</misses>
				<total>169</total>
				<timestamp>505.845986</timestamp>
			</report>
			<report>
				<misses>2666001</misses>
				<total>169</total>
				<timestamp>506.035766</timestamp>
			</report>
			<report>
				<misses>2667001</misses>
				<total>169</total>
				<timestamp>506.225613</timestamp>
			</report>
			<report>
				<misses>2668001</misses>
				<total>169</total>
				<timestamp>506.415362</timestamp>
			</report>
			<report>
				<misses>2669001</misses>
				<total>171</total>
				<timestamp>506.605180</timestamp>
			</report>
			<report>
				<misses>2670001</misses>
				<total>171</total>
				<timestamp>506.795025</timestamp>
			</report>
			<report>
				<misses>2671001</misses>
				<total>171</total>
				<timestamp>506.984818</timestamp>
			</report>
			<report>
				<misses>2672001</misses>
				<total>171</total>
				<timestamp>507.174594</timestamp>
			</report>
			<report>
				<misses>2673001</misses>
				<total>171</total>
				<timestamp>507.364426</timestamp>
			</report>
			<report>
				<misses>2674001</misses>
				<total>171</total>
				<timestamp>507.554250</timestamp>
			</report>
			<report>
				<misses>2675001</misses>
				<total>171</total>
				<timestamp>507.744102</timestamp>
			</report>
			<report>
				<misses>2676001</misses>
				<total>170</total>
				<timestamp>507.933905</timestamp>
			</report>
			<report>
				<misses>2677001</misses>
				<total>171</total>
				<timestamp>508.123665</timestamp>
			</report>
			<report>
				<misses>2678001</misses>
				<total>171</total>
				<timestamp>508.313447</timestamp>
			</report>
			<report>
				<misses>2679001</misses>
				<total>171</total>
				<timestamp>508.503288</timestamp>
			</report>
			<report>
				<misses>2680001</misses>
				<total>171</total>
				<timestamp>508.693077</timestamp>
			</report>
			<report>
				<misses>2681001</misses>
				<total>171</total>
				<timestamp>508.882899</timestamp>
			</report>
			<report>
				<misses>2682001</misses>
				<total>171</total>
				<timestamp>509.072730</timestamp>
			</report>
			<report>
				<misses>2683001</misses>
				<total>171</total>
				<timestamp>509.262641</timestamp>
			</report>
			<report>
				<misses>2684001</misses>
				<total>171</total>
				<timestamp>509.452335</timestamp>
			</report>
			<report>
				<misses>2685001</misses>
				<total>171</total>
				<timestamp>509.642108</timestamp>
			</report>
			<report>
				<misses>2686001</misses>
				<total>171</total>
				<timestamp>509.831982</timestamp>
			</report>
			<report>
				<misses>2687001</misses>
				<total>171</total>
				<timestamp>510.021757</timestamp>
			</report>
			<report>
				<misses>2688001</misses>
				<total>171</total>
				<timestamp>510.211548</timestamp>
			</report>
			<report>
				<misses>2689001</misses>
				<total>171</total>
				<timestamp>510.401368</timestamp>
			</report>
			<report>
				<misses>2690001</misses>
				<total>172</total>
				<timestamp>510.591183</timestamp>
			</report>
			<report>
				<misses>2691001</misses>
				<total>172</total>
				<timestamp>510.781010</timestamp>
			</report>
			<report>
				<misses>2692001</misses>
				<total>172</total>
				<timestamp>510.970798</timestamp>
			</report>
			<report>
				<misses>2693001</misses>
				<total>172</total>
				<timestamp>511.160611</timestamp>
			</report>
			<report>
				<misses>2694001</misses>
				<total>172</total>
				<timestamp>511.350466</timestamp>
			</report>
			<report>
				<misses>2695001</misses>
				<total>172</total>
				<timestamp>511.540246</timestamp>
			</report>
			<report>
				<misses>2696001</misses>
				<total>172</total>
				<timestamp>511.730050</timestamp>
			</report>
			<report>
				<misses>2697001</misses>
				<total>172</total>
				<timestamp>511.919863</timestamp>
			</report>
			<report>
				<misses>2698001</misses>
				<total>172</total>
				<timestamp>512.109739</timestamp>
			</report>
			<report>
				<misses>2699001</misses>
				<total>172</total>
				<timestamp>512.299567</timestamp>
			</report>
			<report>
				<misses>2700001</misses>
				<total>172</total>
				<timestamp>512.489283</timestamp>
			</report>
			<report>
				<misses>2701001</misses>
				<total>172</total>
				<timestamp>512.679070</timestamp>
			</report>
			<report>
				<misses>2702001</misses>
				<total>172</total>
				<timestamp>512.868888</timestamp>
			</report>
			<report>
				<misses>2703001</misses>
				<total>172</total>
				<timestamp>513.058768</timestamp>
			</report>
			<report>
				<misses>2704001</misses>
				<total>172</total>
				<timestamp>513.248501</timestamp>
			</report>
			<report>
				<misses>2705001</misses>
				<total>172</total>
				<timestamp>513.438318</timestamp>
			</report>
			<report>
				<misses>2706001</misses>
				<total>172</total>
				<timestamp>513.628126</timestamp>
			</report>
			<report>
				<misses>2707001</misses>
				<total>172</total>
				<timestamp>513.817992</timestamp>
			</report>
			<report>
				<misses>2708001</misses>
				<total>171</total>
				<timestamp>514.007760</timestamp>
			</report>
			<report>
				<misses>2709001</misses>
				<total>171</total>
				<timestamp>514.197605</timestamp>
			</report>
			<report>
				<misses>2710001</misses>
				<total>172</total>
				<timestamp>514.387398</timestamp>
			</report>
			<report>
				<misses>2711001</misses>
				<total>172</total>
				<timestamp>514.577189</timestamp>
			</report>
			<report>
				<misses>2712001</misses>
				<total>172</total>
				<timestamp>514.767014</timestamp>
			</report>
			<report>
				<misses>2713001</misses>
				<total>172</total>
				<timestamp>514.956852</timestamp>
			</report>
			<report>
				<misses>2714001</misses>
				<total>172</total>
				<timestamp>515.146642</timestamp>
			</report>
			<report>
				<misses>2715001</misses>
				<total>172</total>
				<timestamp>515.336460</timestamp>
			</report>
			<report>
				<misses>2716001</misses>
				<total>172</total>
				<timestamp>515.526238</timestamp>
			</report>
			<report>
				<misses>2717001</misses>
				<total>172</total>
				<timestamp>515.716078</timestamp>
			</report>
			<report>
				<misses>2718001</misses>
				<total>172</total>
				<timestamp>515.905885</timestamp>
			</report>
			<report>
				<misses>2719001</misses>
				<total>172</total>
				<timestamp>516.095787</timestamp>
			</report>
			<report>
				<misses>2720001</misses>
				<total>172</total>
				<timestamp>516.285452</timestamp>
			</report>
			<report>
				<misses>2721001</misses>
				<total>172</total>
				<timestamp>516.475309</timestamp>
			</report>
			<report>
				<misses>2722001</misses>
				<total>172</total>
				<timestamp>516.665138</timestamp>
			</report>
			<report>
				<misses>2723001</misses>
				<total>172</total>
				<timestamp>516.854892</timestamp>
			</report>
			<report>
				<misses>2724001</misses>
				<total>172</total>
				<timestamp>517.044771</timestamp>
			</report>
			<report>
				<misses>2725001</misses>
				<total>172</total>
				<timestamp>517.234613</timestamp>
			</report>
			<report>
				<misses>2726001</misses>
				<total>172</total>
				<timestamp>517.424329</timestamp>
			</report>
			<report>
				<misses>2727001</misses>
				<total>171</total>
				<timestamp>517.614168</timestamp>
			</report>
			<report>
				<misses>2728001</misses>
				<total>172</total>
				<timestamp>517.804035</timestamp>
			</report>
			<report>
				<misses>2729001</misses>
				<total>172</total>
				<timestamp>517.993857</timestamp>
			</report>
			<report>
				<misses>2730001</misses>
				<total>172</total>
				<timestamp>518.183592</timestamp>
			</report>
			<report>
				<misses>2731001</misses>
				<total>172</total>
				<timestamp>518.373424</timestamp>
			</report>
			<report>
				<misses>2732001</misses>
				<total>172</total>
				<timestamp>518.563230</timestamp>
			</report>
			<report>
				<misses>2733001</misses>
				<total>172</total>
				<timestamp>518.752996</timestamp>
			</report>
			<report>
				<misses>2734001</misses>
				<total>172</total>
				<timestamp>518.942888</timestamp>
			</report>
			<report>
				<misses>2735001</misses>
				<total>172</total>
				<timestamp>519.132614</timestamp>
			</report>
			<report>
				<misses>2736001</misses>
				<total>172</total>
				<timestamp>519.322424</timestamp>
			</report>
			<report>
				<misses>2737001</misses>
				<total>172</total>
				<timestamp>519.512270</timestamp>
			</report>
			<report>
				<misses>2738001</misses>
				<total>172</total>
				<timestamp>519.702039</timestamp>
			</report>
			<report>
				<misses>2739001</misses>
				<total>172</total>
				<timestamp>519.891865</timestamp>
			</report>
			<report>
				<misses>2740001</misses>
				<total>172</total>
				<timestamp>520.081730</timestamp>
			</report>
			<report>
				<misses>2741001</misses>
				<total>172</total>
				<timestamp>520.271470</timestamp>
			</report>
			<report>
				<misses>2742001</misses>
				<total>172</total>
				<timestamp>520.461280</timestamp>
			</report>
			<report>
				<misses>2743001</misses>
				<total>172</total>
				<timestamp>520.651139</timestamp>
			</report>
			<report>
				<misses>2744001</misses>
				<total>171</total>
				<timestamp>520.840916</timestamp>
			</report>
			<report>
				<misses>2745001</misses>
				<total>172</total>
				<timestamp>521.030739</timestamp>
			</report>
			<report>
				<misses>2746001</misses>
				<total>172</total>
				<timestamp>521.220520</timestamp>
			</report>
			<report>
				<misses>2747001</misses>
				<total>172</total>
				<timestamp>521.410411</timestamp>
			</report>
			<report>
				<misses>2748001</misses>
				<total>172</total>
				<timestamp>521.600132</timestamp>
			</report>
			<report>
				<misses>2749001</misses>
				<total>172</total>
				<timestamp>521.789965</timestamp>
			</report>
			<report>
				<misses>2750001</misses>
				<total>171</total>
				<timestamp>521.979865</timestamp>
			</report>
			<report>
				<misses>2751001</misses>
				<total>172</total>
				<timestamp>522.169617</timestamp>
			</report>
			<report>
				<misses>2752001</misses>
				<total>172</total>
				<timestamp>522.359482</timestamp>
			</report>
			<report>
				<misses>2753001</misses>
				<total>172</total>
				<timestamp>522.549234</timestamp>
			</report>
			<report>
				<misses>2754001</misses>
				<total>172</total>
				<timestamp>522.739050</timestamp>
			</report>
			<report>
				<misses>2755001</misses>
				<total>172</total>
				<timestamp>522.928803</timestamp>
			</report>
			<report>
				<misses>2756001</misses>
				<total>172</total>
				<timestamp>523.118688</timestamp>
			</report>
			<report>
				<misses>2757001</misses>
				<total>172</total>
				<timestamp>523.308476</timestamp>
			</report>
			<report>
				<misses>2758001</misses>
				<total>172</total>
				<timestamp>523.498284</timestamp>
			</report>
			<report>
				<misses>2759001</misses>
				<total>172</total>
				<timestamp>523.688097</timestamp>
			</report>
			<report>
				<misses>2760001</misses>
				<total>172</total>
				<timestamp>523.877879</timestamp>
			</report>
			<report>
				<misses>2761001</misses>
				<total>172</total>
				<timestamp>524.067713</timestamp>
			</report>
			<report>
				<misses>2762001</misses>
				<total>172</total>
				<timestamp>524.257473</timestamp>
			</report>
			<report>
				<misses>2763001</misses>
				<total>172</total>
				<timestamp>524.447282</timestamp>
			</report>
			<report>
				<misses>2764001</misses>
				<total>172</total>
				<timestamp>524.637102</timestamp>
			</report>
			<report>
				<misses>2765001</misses>
				<total>172</total>
				<timestamp>524.826910</timestamp>
			</report>
			<report>
				<misses>2766001</misses>
				<total>172</total>
				<timestamp>525.016739</timestamp>
			</report>
			<report>
				<misses>2767001</misses>
				<total>172</total>
				<timestamp>525.206616</timestamp>
			</report>
			<report>
				<misses>2768001</misses>
				<total>172</total>
				<timestamp>525.396356</timestamp>
			</report>
			<report>
				<misses>2769001</misses>
				<total>172</total>
				<timestamp>525.586146</timestamp>
			</report>
			<report>
				<misses>2770001</misses>
				<total>172</total>
				<timestamp>525.775970</timestamp>
			</report>
			<report>
				<misses>2771001</misses>
				<total>172</total>
				<timestamp>525.965828</timestamp>
			</report>
			<report>
				<misses>2772001</misses>
				<total>172</total>
				<timestamp>526.155711</timestamp>
			</report>
			<report>
				<misses>2773001</misses>
				<total>172</total>
				<timestamp>526.345468</timestamp>
			</report>
			<report>
				<misses>2774001</misses>
				<total>172</total>
				<timestamp>526.535255</timestamp>
			</report>
			<report>
				<misses>2775001</misses>
				<total>172</total>
				<timestamp>526.725021</timestamp>
			</report>
			<report>
				<misses>2776001</misses>
				<total>172</total>
				<timestamp>526.914841</timestamp>
			</report>
			<report>
				<misses>2777001</misses>
				<total>172</total>
				<timestamp>527.104773</timestamp>
			</report>
			<report>
				<misses>2778001</misses>
				<total>172</total>
				<timestamp>527.294482</timestamp>
			</report>
			<report>
				<misses>2779001</misses>
				<total>172</total>
				<timestamp>527.484269</timestamp>
			</report>
			<report>
				<misses>2780001</misses>
				<total>172</total>
				<timestamp>527.674088</timestamp>
			</report>
			<report>
				<misses>2781001</misses>
				<total>172</total>
				<timestamp>527.863924</timestamp>
			</report>
			<report>
				<misses>2782001</misses>
				<total>172</total>
				<timestamp>528.053754</timestamp>
			</report>
			<report>
				<misses>2783001</misses>
				<total>172</total>
				<timestamp>528.243495</timestamp>
			</report>
			<report>
				<misses>2784001</misses>
				<total>172</total>
				<timestamp>528.433318</timestamp>
			</report>
			<report>
				<misses>2785001</misses>
				<total>172</total>
				<timestamp>528.623114</timestamp>
			</report>
			<report>
				<misses>2786001</misses>
				<total>172</total>
				<timestamp>528.812984</timestamp>
			</report>
			<report>
				<misses>2787001</misses>
				<total>173</total>
				<timestamp>529.002814</timestamp>
			</report>
			<report>
				<misses>2788001</misses>
				<total>173</total>
				<timestamp>529.192619</timestamp>
			</report>
			<report>
				<misses>2789001</misses>
				<total>173</total>
				<timestamp>529.382380</timestamp>
			</report>
			<report>
				<misses>2790001</misses>
				<total>173</total>
				<timestamp>529.572279</timestamp>
			</report>
			<report>
				<misses>2791001</misses>
				<total>173</total>
				<timestamp>529.762028</timestamp>
			</report>
			<report>
				<misses>2792001</misses>
				<total>173</total>
				<timestamp>529.951837</timestamp>
			</report>
			<report>
				<misses>2793001</misses>
				<total>173</total>
				<timestamp>530.141588</timestamp>
			</report>
			<report>
				<misses>2794001</misses>
				<total>173</total>
				<timestamp>530.331506</timestamp>
			</report>
			<report>
				<misses>2795001</misses>
				<total>173</total>
				<timestamp>530.521362</timestamp>
			</report>
			<report>
				<misses>2796001</misses>
				<total>173</total>
				<timestamp>530.711026</timestamp>
			</report>
			<report>
				<misses>2797001</misses>
				<total>173</total>
				<timestamp>530.900864</timestamp>
			</report>
			<report>
				<misses>2798001</misses>
				<total>173</total>
				<timestamp>531.090667</timestamp>
			</report>
			<report>
				<misses>2799001</misses>
				<total>173</total>
				<timestamp>531.280491</timestamp>
			</report>
			<report>
				<misses>2800001</misses>
				<total>173</total>
				<timestamp>531.470290</timestamp>
			</report>
			<report>
				<misses>2801001</misses>
				<total>173</total>
				<timestamp>531.660067</timestamp>
			</report>
			<report>
				<misses>2802001</misses>
				<total>173</total>
				<timestamp>531.849932</timestamp>
			</report>
			<report>
				<misses>2803001</misses>
				<total>173</total>
				<timestamp>532.039771</timestamp>
			</report>
			<report>
				<misses>2804001</misses>
				<total>173</total>
				<timestamp>532.229549</timestamp>
			</report>
			<report>
				<misses>2805001</misses>
				<total>173</total>
				<timestamp>532.419371</timestamp>
			</report>
			<report>
				<misses>2806001</misses>
				<total>173</total>
				<timestamp>532.609123</timestamp>
			</report>
			<report>
				<misses>2807001</misses>
				<total>173</total>
				<timestamp>532.798977</timestamp>
			</report>
			<report>
				<misses>2808001</misses>
				<total>173</total>
				<timestamp>532.988819</timestamp>
			</report>
			<report>
				<misses>2809001</misses>
				<total>173</total>
				<timestamp>533.178606</timestamp>
			</report>
			<report>
				<misses>2810001</misses>
				<total>173</total>
				<timestamp>533.368389</timestamp>
			</report>
			<report>
				<misses>2811001</misses>
				<total>173</total>
				<timestamp>533.558174</timestamp>
			</report>
			<report>
				<misses>2812001</misses>
				<total>173</total>
				<timestamp>533.747988</timestamp>
			</report>
			<report>
				<misses>2813001</misses>
				<total>173</total>
				<timestamp>533.937787</timestamp>
			</report>
			<report>
				<misses>2814001</misses>
				<total>173</total>
				<timestamp>534.127633</timestamp>
			</report>
			<report>
				<misses>2815001</misses>
				<total>173</total>
				<timestamp>534.317448</timestamp>
			</report>
			<report>
				<misses>2816001</misses>
				<total>173</total>
				<timestamp>534.507220</timestamp>
			</report>
			<report>
				<misses>2817001</misses>
				<total>172</total>
				<timestamp>534.697058</timestamp>
			</report>
			<report>
				<misses>2818001</misses>
				<total>173</total>
				<timestamp>534.886913</timestamp>
			</report>
			<report>
				<misses>2819001</misses>
				<total>173</total>
				<timestamp>535.076673</timestamp>
			</report>
			<report>
				<misses>2820001</misses>
				<total>173</total>
				<timestamp>535.266461</timestamp>
			</report>
			<report>
				<misses>2821001</misses>
				<total>173</total>
				<timestamp>535.456314</timestamp>
			</report>
			<report>
				<misses>2822001</misses>
				<total>173</total>
				<timestamp>535.646082</timestamp>
			</report>
			<report>
				<misses>2823001</misses>
				<total>173</total>
				<timestamp>535.835906</timestamp>
			</report>
			<report>
				<misses>2824001</misses>
				<total>173</total>
				<timestamp>536.025762</timestamp>
			</report>
			<report>
				<misses>2825001</misses>
				<total>173</total>
				<timestamp>536.215560</timestamp>
			</report>
			<report>
				<misses>2826001</misses>
				<total>173</total>
				<timestamp>536.405329</timestamp>
			</report>
			<report>
				<misses>2827001</misses>
				<total>173</total>
				<timestamp>536.595151</timestamp>
			</report>
			<report>
				<misses>2828001</misses>
				<total>173</total>
				<timestamp>536.784955</timestamp>
			</report>
			<report>
				<misses>2829001</misses>
				<total>173</total>
				<timestamp>536.974745</timestamp>
			</report>
			<report>
				<misses>2830001</misses>
				<total>173</total>
				<timestamp>537.164610</timestamp>
			</report>
			<report>
				<misses>2831001</misses>
				<total>172</total>
				<timestamp>537.354443</timestamp>
			</report>
			<report>
				<misses>2832001</misses>
				<total>173</total>
				<timestamp>537.544206</timestamp>
			</report>
			<report>
				<misses>2833001</misses>
				<total>173</total>
				<timestamp>537.734043</timestamp>
			</report>
			<report>
				<misses>2834001</misses>
				<total>173</total>
				<timestamp>537.923792</timestamp>
			</report>
			<report>
				<misses>2835001</misses>
				<total>173</total>
				<timestamp>538.113634</timestamp>
			</report>
			<report>
				<misses>2836001</misses>
				<total>173</total>
				<timestamp>538.303437</timestamp>
			</report>
			<report>
				<misses>2837001</misses>
				<total>173</total>
				<timestamp>538.493217</timestamp>
			</report>
			<report>
				<misses>2838001</misses>
				<total>173</total>
				<timestamp>538.683053</timestamp>
			</report>
			<report>
				<misses>2839001</misses>
				<total>173</total>
				<timestamp>538.872879</timestamp>
			</report>
			<report>
				<misses>2840001</misses>
				<total>173</total>
				<timestamp>539.062782</timestamp>
			</report>
			<report>
				<misses>2841001</misses>
				<total>173</total>
				<timestamp>539.252482</timestamp>
			</report>
			<report>
				<misses>2842001</misses>
				<total>173</total>
				<timestamp>539.442316</timestamp>
			</report>
			<report>
				<misses>2843001</misses>
				<total>173</total>
				<timestamp>539.632096</timestamp>
			</report>
			<report>
				<misses>2844001</misses>
				<total>173</total>
				<timestamp>539.821924</timestamp>
			</report>
			<report>
				<misses>2845001</misses>
				<total>173</total>
				<timestamp>540.011723</timestamp>
			</report>
			<report>
				<misses>2846001</misses>
				<total>173</total>
				<timestamp>540.201572</timestamp>
			</report>
			<report>
				<misses>2847001</misses>
				<total>173</total>
				<timestamp>540.391384</timestamp>
			</report>
			<report>
				<misses>2848001</misses>
				<total>173</total>
				<timestamp>540.581216</timestamp>
			</report>
			<report>
				<misses>2849001</misses>
				<total>173</total>
				<timestamp>540.771035</timestamp>
			</report>
			<report>
				<misses>2850001</misses>
				<total>173</total>
				<timestamp>540.960805</timestamp>
			</report>
			<report>
				<misses>2851001</misses>
				<total>173</total>
				<timestamp>541.150570</timestamp>
			</report>
			<report>
				<misses>2852001</misses>
				<total>173</total>
				<timestamp>541.340438</timestamp>
			</report>
			<report>
				<misses>2853001</misses>
				<total>172</total>
				<timestamp>541.530249</timestamp>
			</report>
			<report>
				<misses>2854001</misses>
				<total>173</total>
				<timestamp>541.719992</timestamp>
			</report>
			<report>
				<misses>2855001</misses>
				<total>173</total>
				<timestamp>541.909861</timestamp>
			</report>
			<report>
				<misses>2856001</misses>
				<total>173</total>
				<timestamp>542.099624</timestamp>
			</report>
			<report>
				<misses>2857001</misses>
				<total>172</total>
				<timestamp>542.289592</timestamp>
			</report>
			<report>
				<misses>2858001</misses>
				<total>173</total>
				<timestamp>542.479301</timestamp>
			</report>
			<report>
				<misses>2859001</misses>
				<total>173</total>
				<timestamp>542.669051</timestamp>
			</report>
			<report>
				<misses>2860001</misses>
				<total>173</total>
				<timestamp>542.858844</timestamp>
			</report>
			<report>
				<misses>2861001</misses>
				<total>173</total>
				<timestamp>543.048712</timestamp>
			</report>
			<report>
				<misses>2862001</misses>
				<total>173</total>
				<timestamp>543.238480</timestamp>
			</report>
			<report>
				<misses>2863001</misses>
				<total>173</total>
				<timestamp>543.428336</timestamp>
			</report>
			<report>
				<misses>2864001</misses>
				<total>173</total>
				<timestamp>543.618134</timestamp>
			</report>
			<report>
				<misses>2865001</misses>
				<total>173</total>
				<timestamp>543.807905</timestamp>
			</report>
			<report>
				<misses>2866001</misses>
				<total>173</total>
				<timestamp>543.997744</timestamp>
			</report>
			<report>
				<misses>2867001</misses>
				<total>173</total>
				<timestamp>544.187585</timestamp>
			</report>
			<report>
				<misses>2868001</misses>
				<total>173</total>
				<timestamp>544.377381</timestamp>
			</report>
			<report>
				<misses>2869001</misses>
				<total>173</total>
				<timestamp>544.567139</timestamp>
			</report>
			<report>
				<misses>2870001</misses>
				<total>173</total>
				<timestamp>544.756965</timestamp>
			</report>
			<report>
				<misses>2871001</misses>
				<total>173</total>
				<timestamp>544.946767</timestamp>
			</report>
			<report>
				<misses>2872001</misses>
				<total>173</total>
				<timestamp>545.136669</timestamp>
			</report>
			<report>
				<misses>2873001</misses>
				<total>173</total>
				<timestamp>545.326411</timestamp>
			</report>
			<report>
				<misses>2874001</misses>
				<total>173</total>
				<timestamp>545.516234</timestamp>
			</report>
			<report>
				<misses>2875001</misses>
				<total>172</total>
				<timestamp>545.706100</timestamp>
			</report>
			<report>
				<misses>2876001</misses>
				<total>177</total>
				<timestamp>545.895839</timestamp>
			</report>
			<report>
				<misses>2877001</misses>
				<total>177</total>
				<timestamp>546.085700</timestamp>
			</report>
			<report>
				<misses>2878001</misses>
				<total>177</total>
				<timestamp>546.275474</timestamp>
			</report>
			<report>
				<misses>2879001</misses>
				<total>177</total>
				<timestamp>546.465313</timestamp>
			</report>
			<report>
				<misses>2880001</misses>
				<total>177</total>
				<timestamp>546.655060</timestamp>
			</report>
			<report>
				<misses>2881001</misses>
				<total>176</total>
				<timestamp>546.844900</timestamp>
			</report>
			<report>
				<misses>2882001</misses>
				<total>177</total>
				<timestamp>547.034710</timestamp>
			</report>
			<report>
				<misses>2883001</misses>
				<total>177</total>
				<timestamp>547.224511</timestamp>
			</report>
			<report>
				<misses>2884001</misses>
				<total>177</total>
				<timestamp>547.414345</timestamp>
			</report>
			<report>
				<misses>2885001</misses>
				<total>177</total>
				<timestamp>547.604235</timestamp>
			</report>
			<report>
				<misses>2886001</misses>
				<total>177</total>
				<timestamp>547.793920</timestamp>
			</report>
			<report>
				<misses>2887001</misses>
				<total>177</total>
				<timestamp>547.983801</timestamp>
			</report>
			<report>
				<misses>2888001</misses>
				<total>177</total>
				<timestamp>548.173550</timestamp>
			</report>
			<report>
				<misses>2889001</misses>
				<total>177</total>
				<timestamp>548.363366</timestamp>
			</report>
			<report>
				<misses>2890001</misses>
				<total>177</total>
				<timestamp>548.553148</timestamp>
			</report>
			<report>
				<misses>2891001</misses>
				<total>177</total>
				<timestamp>548.742992</timestamp>
			</report>
			<report>
				<misses>2892001</misses>
				<total>177</total>
				<timestamp>548.932851</timestamp>
			</report>
			<report>
				<misses>2893001</misses>
				<total>177</total>
				<timestamp>549.122619</timestamp>
			</report>
			<report>
				<misses>2894001</misses>
				<total>176</total>
				<timestamp>549.312498</timestamp>
			</report>
			<report>
				<misses>2895001</misses>
				<total>177</total>
				<timestamp>549.502225</timestamp>
			</report>
			<report>
				<misses>2896001</misses>
				<total>177</total>
				<timestamp>549.692011</timestamp>
			</report>
			<report>
				<misses>2897001</misses>
				<total>177</total>
				<timestamp>549.881893</timestamp>
			</report>
			<report>
				<misses>2898001</misses>
				<total>177</total>
				<timestamp>550.071707</timestamp>
			</report>
			<report>
				<misses>2899001</misses>
				<total>177</total>
				<timestamp>550.261515</timestamp>
			</report>
			<report>
				<misses>2900001</misses>
				<total>177</total>
				<timestamp>550.451273</timestamp>
			</report>
			<report>
				<misses>2901001</misses>
				<total>177</total>
				<timestamp>550.641062</timestamp>
			</report>
			<report>
				<misses>2902001</misses>
				<total>177</total>
				<timestamp>550.830961</timestamp>
			</report>
			<report>
				<misses>2903001</misses>
				<total>177</total>
				<timestamp>551.020720</timestamp>
			</report>
			<report>
				<misses>2904001</misses>
				<total>177</total>
				<timestamp>551.210547</timestamp>
			</report>
			<report>
				<misses>2905001</misses>
				<total>177</total>
				<timestamp>551.400366</timestamp>
			</report>
			<report>
				<misses>2906001</misses>
				<total>177</total>
				<timestamp>551.590163</timestamp>
			</report>
			<report>
				<misses>2907001</misses>
				<total>177</total>
				<timestamp>551.779966</timestamp>
			</report>
			<report>
				<misses>2908001</misses>
				<total>177</total>
				<timestamp>551.969776</timestamp>
			</report>
			<report>
				<misses>2909001</misses>
				<total>177</total>
				<timestamp>552.159549</timestamp>
			</report>
			<report>
				<misses>2910001</misses>
				<total>177</total>
				<timestamp>552.349398</timestamp>
			</report>
			<report>
				<misses>2911001</misses>
				<total>177</total>
				<timestamp>552.539177</timestamp>
			</report>
			<report>
				<misses>2912001</misses>
				<total>177</total>
				<timestamp>552.729108</timestamp>
			</report>
			<report>
				<misses>2913001</misses>
				<total>177</total>
				<timestamp>552.918811</timestamp>
			</report>
			<report>
				<misses>2914001</misses>
				<total>177</total>
				<timestamp>553.108637</timestamp>
			</report>
			<report>
				<misses>2915001</misses>
				<total>177</total>
				<timestamp>553.298449</timestamp>
			</report>
			<report>
				<misses>2916001</misses>
				<total>177</total>
				<timestamp>553.488212</timestamp>
			</report>
			<report>
				<misses>2917001</misses>
				<total>177</total>
				<timestamp>553.678105</timestamp>
			</report>
			<report>
				<misses>2918001</misses>
				<total>177</total>
				<timestamp>553.867896</timestamp>
			</report>
			<report>
				<misses>2919001</misses>
				<total>177</total>
				<timestamp>554.057660</timestamp>
			</report>
			<report>
				<misses>2920001</misses>
				<total>177</total>
				<timestamp>554.247537</timestamp>
			</report>
			<report>
				<misses>2921001</misses>
				<total>177</total>
				<timestamp>554.437324</timestamp>
			</report>
			<report>
				<misses>2922001</misses>
				<total>177</total>
				<timestamp>554.627156</timestamp>
			</report>
			<report>
				<misses>2923001</misses>
				<total>177</total>
				<timestamp>554.816897</timestamp>
			</report>
			<report>
				<misses>2924001</misses>
				<total>177</total>
				<timestamp>555.006758</timestamp>
			</report>
			<report>
				<misses>2925001</misses>
				<total>177</total>
				<timestamp>555.196538</timestamp>
			</report>
			<report>
				<misses>2926001</misses>
				<total>177</total>
				<timestamp>555.386347</timestamp>
			</report>
			<report>
				<misses>2927001</misses>
				<total>177</total>
				<timestamp>555.576166</timestamp>
			</report>
			<report>
				<misses>2928001</misses>
				<total>177</total>
				<timestamp>555.765940</timestamp>
			</report>
			<report>
				<misses>2929001</misses>
				<total>177</total>
				<timestamp>555.955785</timestamp>
			</report>
			<report>
				<misses>2930001</misses>
				<total>177</total>
				<timestamp>556.145608</timestamp>
			</report>
			<report>
				<misses>2931001</misses>
				<total>177</total>
				<timestamp>556.335378</timestamp>
			</report>
			<report>
				<misses>2932001</misses>
				<total>177</total>
				<timestamp>556.525249</timestamp>
			</report>
			<report>
				<misses>2933001</misses>
				<total>177</total>
				<timestamp>556.715017</timestamp>
			</report>
			<report>
				<misses>2934001</misses>
				<total>177</total>
				<timestamp>556.904912</timestamp>
			</report>
			<report>
				<misses>2935001</misses>
				<total>177</total>
				<timestamp>557.094718</timestamp>
			</report>
			<report>
				<misses>2936001</misses>
				<total>177</total>
				<timestamp>557.284543</timestamp>
			</report>
			<report>
				<misses>2937001</misses>
				<total>177</total>
				<timestamp>557.474222</timestamp>
			</report>
			<report>
				<misses>2938001</misses>
				<total>177</total>
				<timestamp>557.664050</timestamp>
			</report>
			<report>
				<misses>2939001</misses>
				<total>177</total>
				<timestamp>557.853855</timestamp>
			</report>
			<report>
				<misses>2940001</misses>
				<total>177</total>
				<timestamp>558.043663</timestamp>
			</report>
			<report>
				<misses>2941001</misses>
				<total>177</total>
				<timestamp>558.233555</timestamp>
			</report>
			<report>
				<misses>2942001</misses>
				<total>177</total>
				<timestamp>558.423331</timestamp>
			</report>
			<report>
				<misses>2943001</misses>
				<total>177</total>
				<timestamp>558.613153</timestamp>
			</report>
			<report>
				<misses>2944001</misses>
				<total>177</total>
				<timestamp>558.802909</timestamp>
			</report>
			<report>
				<misses>2945001</misses>
				<total>177</total>
				<timestamp>558.992733</timestamp>
			</report>
			<report>
				<misses>2946001</misses>
				<total>177</total>
				<timestamp>559.182571</timestamp>
			</report>
			<report>
				<misses>2947001</misses>
				<total>177</total>
				<timestamp>559.372343</timestamp>
			</report>
			<report>
				<misses>2948001</misses>
				<total>177</total>
				<timestamp>559.562187</timestamp>
			</report>
			<report>
				<misses>2949001</misses>
				<total>177</total>
				<timestamp>559.751967</timestamp>
			</report>
			<report>
				<misses>2950001</misses>
				<total>177</total>
				<timestamp>559.941773</timestamp>
			</report>
			<report>
				<misses>2951001</misses>
				<total>177</total>
				<timestamp>560.131599</timestamp>
			</report>
			<report>
				<misses>2952001</misses>
				<total>177</total>
				<timestamp>560.321435</timestamp>
			</report>
			<report>
				<misses>2953001</misses>
				<total>177</total>
				<timestamp>560.511289</timestamp>
			</report>
			<report>
				<misses>2954001</misses>
				<total>177</total>
				<timestamp>560.701009</timestamp>
			</report>
			<report>
				<misses>2955001</misses>
				<total>177</total>
				<timestamp>560.890855</timestamp>
			</report>
			<report>
				<misses>2956001</misses>
				<total>177</total>
				<timestamp>561.080704</timestamp>
			</report>
			<report>
				<misses>2957001</misses>
				<total>177</total>
				<timestamp>561.270508</timestamp>
			</report>
			<report>
				<misses>2958001</misses>
				<total>177</total>
				<timestamp>561.460251</timestamp>
			</report>
			<report>
				<misses>2959001</misses>
				<total>177</total>
				<timestamp>561.650082</timestamp>
			</report>
			<report>
				<misses>2960001</misses>
				<total>177</total>
				<timestamp>561.839869</timestamp>
			</report>
			<report>
				<misses>2961001</misses>
				<total>177</total>
				<timestamp>562.029717</timestamp>
			</report>
			<report>
				<misses>2962001</misses>
				<total>177</total>
				<timestamp>562.219571</timestamp>
			</report>
			<report>
				<misses>2963001</misses>
				<total>177</total>
				<timestamp>562.409350</timestamp>
			</report>
			<report>
				<misses>2964001</misses>
				<total>177</total>
				<timestamp>562.599108</timestamp>
			</report>
			<report>
				<misses>2965001</misses>
				<total>177</total>
				<timestamp>562.788970</timestamp>
			</report>
			<report>
				<misses>2966001</misses>
				<total>177</total>
				<timestamp>562.978716</timestamp>
			</report>
			<report>
				<misses>2967001</misses>
				<total>177</total>
				<timestamp>563.168554</timestamp>
			</report>
			<report>
				<misses>2968001</misses>
				<total>177</total>
				<timestamp>563.358385</timestamp>
			</report>
			<report>
				<misses>2969001</misses>
				<total>177</total>
				<timestamp>563.548230</timestamp>
			</report>
			<report>
				<misses>2970001</misses>
				<total>177</total>
				<timestamp>563.737986</timestamp>
			</report>
			<report>
				<misses>2971001</misses>
				<total>177</total>
				<timestamp>563.927781</timestamp>
			</report>
			<report>
				<misses>2972001</misses>
				<total>177</total>
				<timestamp>564.117667</timestamp>
			</report>
			<report>
				<misses>2973001</misses>
				<total>177</total>
				<timestamp>564.307476</timestamp>
			</report>
			<report>
				<misses>2974001</misses>
				<total>177</total>
				<timestamp>564.497237</timestamp>
			</report>
			<report>
				<misses>2975001</misses>
				<total>177</total>
				<timestamp>564.687063</timestamp>
			</report>
			<report>
				<misses>2976001</misses>
				<total>177</total>
				<timestamp>564.876928</timestamp>
			</report>
			<report>
				<misses>2977001</misses>
				<total>178</total>
				<timestamp>565.066629</timestamp>
			</report>
			<report>
				<misses>2978001</misses>
				<total>178</total>
				<timestamp>565.256470</timestamp>
			</report>
			<report>
				<misses>2979001</misses>
				<total>178</total>
				<timestamp>565.446293</timestamp>
			</report>
			<report>
				<misses>2980001</misses>
				<total>178</total>
				<timestamp>565.636057</timestamp>
			</report>
			<report>
				<misses>2981001</misses>
				<total>178</total>
				<timestamp>565.825865</timestamp>
			</report>
			<report>
				<misses>2982001</misses>
				<total>179</total>
				<timestamp>566.015695</timestamp>
			</report>
			<report>
				<misses>2983001</misses>
				<total>178</total>
				<timestamp>566.205539</timestamp>
			</report>
			<report>
				<misses>2984001</misses>
				<total>179</total>
				<timestamp>566.395299</timestamp>
			</report>
			<report>
				<misses>2985001</misses>
				<total>179</total>
				<timestamp>566.585147</timestamp>
			</report>
			<report>
				<misses>2986001</misses>
				<total>179</total>
				<timestamp>566.774918</timestamp>
			</report>
			<report>
				<misses>2987001</misses>
				<total>179</total>
				<timestamp>566.964812</timestamp>
			</report>
			<report>
				<misses>2988001</misses>
				<total>179</total>
				<timestamp>567.154558</timestamp>
			</report>
			<report>
				<misses>2989001</misses>
				<total>179</total>
				<timestamp>567.344438</timestamp>
			</report>
			<report>
				<misses>2990001</misses>
				<total>179</total>
				<timestamp>567.534171</timestamp>
			</report>
			<report>
				<misses>2991001</misses>
				<total>179</total>
				<timestamp>567.723986</timestamp>
			</report>
			<report>
				<misses>2992001</misses>
				<total>179</total>
				<timestamp>567.913845</timestamp>
			</report>
			<report>
				<misses>2993001</misses>
				<total>179</total>
				<timestamp>568.103680</timestamp>
			</report>
			<report>
				<misses>2994001</misses>
				<total>179</total>
				<timestamp>568.293404</timestamp>
			</report>
			<report>
				<misses>2995001</misses>
				<total>179</total>
				<timestamp>568.483265</timestamp>
			</report>
			<report>
				<misses>2996001</misses>
				<total>179</total>
				<timestamp>568.673019</timestamp>
			</report>
			<report>
				<misses>2997001</misses>
				<total>179</total>
				<timestamp>568.862840</timestamp>
			</report>
			<report>
				<misses>2998001</misses>
				<total>179</total>
				<timestamp>569.052698</timestamp>
			</report>
			<report>
				<misses>2999001</misses>
				<total>179</total>
				<timestamp>569.242474</timestamp>
			</report>
			<report>
				<misses>3000001</misses>
				<total>179</total>
				<timestamp>569.432369</timestamp>
			</report>
			<report>
				<misses>3001001</misses>
				<total>179</total>
				<timestamp>569.622076</timestamp>
			</report>
			<report>
				<misses>3002001</misses>
				<total>179</total>
				<timestamp>569.811934</timestamp>
			</report>
			<report>
				<misses>3003001</misses>
				<total>179</total>
				<timestamp>570.001704</timestamp>
			</report>
			<report>
				<misses>3004001</misses>
				<total>179</total>
				<timestamp>570.191564</timestamp>
			</report>
			<report>
				<misses>3005001</misses>
				<total>179</total>
				<timestamp>570.381397</timestamp>
			</report>
			<report>
				<misses>3006001</misses>
				<total>179</total>
				<timestamp>570.571192</timestamp>
			</report>
			<report>
				<misses>3007001</misses>
				<total>179</total>
				<timestamp>570.760923</timestamp>
			</report>
			<report>
				<misses>3008001</misses>
				<total>179</total>
				<timestamp>570.950729</timestamp>
			</report>
			<report>
				<misses>3009001</misses>
				<total>179</total>
				<timestamp>571.140560</timestamp>
			</report>
			<report>
				<misses>3010001</misses>
				<total>179</total>
				<timestamp>571.330375</timestamp>
			</report>
			<report>
				<misses>3011001</misses>
				<total>179</total>
				<timestamp>571.520192</timestamp>
			</report>
			<report>
				<misses>3012001</misses>
				<total>179</total>
				<timestamp>571.710005</timestamp>
			</report>
			<report>
				<misses>3013001</misses>
				<total>179</total>
				<timestamp>571.899798</timestamp>
			</report>
			<report>
				<misses>3014001</misses>
				<total>179</total>
				<timestamp>572.089677</timestamp>
			</report>
			<report>
				<misses>3015001</misses>
				<total>179</total>
				<timestamp>572.279450</timestamp>
			</report>
			<report>
				<misses>3016001</misses>
				<total>179</total>
				<timestamp>572.469269</timestamp>
			</report>
			<report>
				<misses>3017001</misses>
				<total>179</total>
				<timestamp>572.659113</timestamp>
			</report>
			<report>
				<misses>3018001</misses>
				<total>179</total>
				<timestamp>572.848923</timestamp>
			</report>
			<report>
				<misses>3019001</misses>
				<total>179</total>
				<timestamp>573.038715</timestamp>
			</report>
			<report>
				<misses>3020001</misses>
				<total>179</total>
				<timestamp>573.228511</timestamp>
			</report>
			<report>
				<misses>3021001</misses>
				<total>179</total>
				<timestamp>573.418335</timestamp>
			</report>
			<report>
				<misses>3022001</misses>
				<total>179</total>
				<timestamp>573.608143</timestamp>
			</report>
			<report>
				<misses>3023001</misses>
				<total>179</total>
				<timestamp>573.797904</timestamp>
			</report>
			<report>
				<misses>3024001</misses>
				<total>179</total>
				<timestamp>573.987745</timestamp>
			</report>
			<report>
				<misses>3025001</misses>
				<total>179</total>
				<timestamp>574.177535</timestamp>
			</report>
			<report>
				<misses>3026001</misses>
				<total>179</total>
				<timestamp>574.367358</timestamp>
			</report>
			<report>
				<misses>3027001</misses>
				<total>179</total>
				<timestamp>574.557205</timestamp>
			</report>
			<report>
				<misses>3028001</misses>
				<total>179</total>
				<timestamp>574.746953</timestamp>
			</report>
			<report>
				<misses>3029001</misses>
				<total>179</total>
				<timestamp>574.936837</timestamp>
			</report>
			<report>
				<misses>3030001</misses>
				<total>179</total>
				<timestamp>575.126596</timestamp>
			</report>
			<report>
				<misses>3031001</misses>
				<total>179</total>
				<timestamp>575.316461</timestamp>
			</report>
			<report>
				<misses>3032001</misses>
				<total>179</total>
				<timestamp>575.506239</timestamp>
			</report>
			<report>
				<misses>3033001</misses>
				<total>179</total>
				<timestamp>575.695990</timestamp>
			</report>
			<report>
				<misses>3034001</misses>
				<total>178</total>
				<timestamp>575.885837</timestamp>
			</report>
			<report>
				<misses>3035001</misses>
				<total>179</total>
				<timestamp>576.075641</timestamp>
			</report>
			<report>
				<misses>3036001</misses>
				<total>179</total>
				<timestamp>576.265447</timestamp>
			</report>
			<report>
				<misses>3037001</misses>
				<total>179</total>
				<timestamp>576.455284</timestamp>
			</report>
			<report>
				<misses>3038001</misses>
				<total>179</total>
				<timestamp>576.645044</timestamp>
			</report>
			<report>
				<misses>3039001</misses>
				<total>179</total>
				<timestamp>576.834889</timestamp>
			</report>
			<report>
				<misses>3040001</misses>
				<total>179</total>
				<timestamp>577.024663</timestamp>
			</report>
			<report>
				<misses>3041001</misses>
				<total>179</total>
				<timestamp>577.214503</timestamp>
			</report>
			<report>
				<misses>3042001</misses>
				<total>179</total>
				<timestamp>577.404328</timestamp>
			</report>
			<report>
				<misses>3043001</misses>
				<total>179</total>
				<timestamp>577.594088</timestamp>
			</report>
			<report>
				<misses>3044001</misses>
				<total>179</total>
				<timestamp>577.783947</timestamp>
			</report>
			<report>
				<misses>3045001</misses>
				<total>179</total>
				<timestamp>577.973736</timestamp>
			</report>
			<report>
				<misses>3046001</misses>
				<total>179</total>
				<timestamp>578.163527</timestamp>
			</report>
			<report>
				<misses>3047001</misses>
				<total>179</total>
				<timestamp>578.353440</timestamp>
			</report>
			<report>
				<misses>3048001</misses>
				<total>179</total>
				<timestamp>578.543214</timestamp>
			</report>
			<report>
				<misses>3049001</misses>
				<total>179</total>
				<timestamp>578.732976</timestamp>
			</report>
			<report>
				<misses>3050001</misses>
				<total>179</total>
				<timestamp>578.922819</timestamp>
			</report>
			<report>
				<misses>3051001</misses>
				<total>179</total>
				<timestamp>579.112640</timestamp>
			</report>
			<report>
				<misses>3052001</misses>
				<total>183</total>
				<timestamp>579.302403</timestamp>
			</report>
			<report>
				<misses>3053001</misses>
				<total>183</total>
				<timestamp>579.492217</timestamp>
			</report>
			<report>
				<misses>3054001</misses>
				<total>184</total>
				<timestamp>579.681993</timestamp>
			</report>
			<report>
				<misses>3055001</misses>
				<total>186</total>
				<timestamp>579.871823</timestamp>
			</report>
			<report>
				<misses>3056001</misses>
				<total>186</total>
				<timestamp>580.061665</timestamp>
			</report>
			<report>
				<misses>3057001</misses>
				<total>186</total>
				<timestamp>580.251428</timestamp>
			</report>
			<report>
				<misses>3058001</misses>
				<total>186</total>
				<timestamp>580.441290</timestamp>
			</report>
			<report>
				<misses>3059001</misses>
				<total>186</total>
				<timestamp>580.631056</timestamp>
			</report>
			<report>
				<misses>3060001</misses>
				<total>186</total>
				<timestamp>580.820874</timestamp>
			</report>
			<report>
				<misses>3061001</misses>
				<total>186</total>
				<timestamp>581.010732</timestamp>
			</report>
			<report>
				<misses>3062001</misses>
				<total>186</total>
				<timestamp>581.200558</timestamp>
			</report>
			<report>
				<misses>3063001</misses>
				<total>186</total>
				<timestamp>581.390340</timestamp>
			</report>
			<report>
				<misses>3064001</misses>
				<total>186</total>
				<timestamp>581.580174</timestamp>
			</report>
			<report>
				<misses>3065001</misses>
				<total>185</total>
				<timestamp>581.769986</timestamp>
			</report>
			<report>
				<misses>3066001</misses>
				<total>186</total>
				<timestamp>581.959780</timestamp>
			</report>
			<report>
				<misses>3067001</misses>
				<total>186</total>
				<timestamp>582.149540</timestamp>
			</report>
			<report>
				<misses>3068001</misses>
				<total>186</total>
				<timestamp>582.339382</timestamp>
			</report>
			<report>
				<misses>3069001</misses>
				<total>186</total>
				<timestamp>582.529171</timestamp>
			</report>
			<report>
				<misses>3070001</misses>
				<total>186</total>
				<timestamp>582.718964</timestamp>
			</report>
			<report>
				<misses>3071001</misses>
				<total>186</total>
				<timestamp>582.908798</timestamp>
			</report>
			<report>
				<misses>3072001</misses>
				<total>186</total>
				<timestamp>583.098614</timestamp>
			</report>
			<report>
				<misses>3073001</misses>
				<total>186</total>
				<timestamp>583.288458</timestamp>
			</report>
			<report>
				<misses>3074001</misses>
				<total>186</total>
				<timestamp>583.478277</timestamp>
			</report>
			<report>
				<misses>3075001</misses>
				<total>186</total>
				<timestamp>583.668026</timestamp>
			</report>
			<report>
				<misses>3076001</misses>
				<total>186</total>
				<timestamp>583.857937</timestamp>
			</report>
			<report>
				<misses>3077001</misses>
				<total>186</total>
				<timestamp>584.047634</timestamp>
			</report>
			<report>
				<misses>3078001</misses>
				<total>186</total>
				<timestamp>584.237460</timestamp>
			</report>
			<report>
				<misses>3079001</misses>
				<total>187</total>
				<timestamp>584.427357</timestamp>
			</report>
			<report>
				<misses>3080001</misses>
				<total>187</total>
				<timestamp>584.617068</timestamp>
			</report>
			<report>
				<misses>3081001</misses>
				<total>187</total>
				<timestamp>584.806881</timestamp>
			</report>
			<report>
				<misses>3082001</misses>
				<total>187</total>
				<timestamp>584.996750</timestamp>
			</report>
			<report>
				<misses>3083001</misses>
				<total>187</total>
				<timestamp>585.186565</timestamp>
			</report>
			<report>
				<misses>3084001</misses>
				<total>187</total>
				<timestamp>585.376322</timestamp>
			</report>
			<report>
				<misses>3085001</misses>
				<total>187</total>
				<timestamp>585.566249</timestamp>
			</report>
			<report>
				<misses>3086001</misses>
				<total>187</total>
				<timestamp>585.755982</timestamp>
			</report>
			<report>
				<misses>3087001</misses>
				<total>187</total>
				<timestamp>585.945776</timestamp>
			</report>
			<report>
				<misses>3088001</misses>
				<total>187</total>
				<timestamp>586.135543</timestamp>
			</report>
			<report>
				<misses>3089001</misses>
				<total>187</total>
				<timestamp>586.325400</timestamp>
			</report>
			<report>
				<misses>3090001</misses>
				<total>187</total>
				<timestamp>586.515203</timestamp>
			</report>
			<report>
				<misses>3091001</misses>
				<total>187</total>
				<timestamp>586.704970</timestamp>
			</report>
			<report>
				<misses>3092001</misses>
				<total>187</total>
				<timestamp>586.894789</timestamp>
			</report>
			<report>
				<misses>3093001</misses>
				<total>187</total>
				<timestamp>587.084611</timestamp>
			</report>
			<report>
				<misses>3094001</misses>
				<total>187</total>
				<timestamp>587.274439</timestamp>
			</report>
			<report>
				<misses>3095001</misses>
				<total>187</total>
				<timestamp>587.464258</timestamp>
			</report>
			<report>
				<misses>3096001</misses>
				<total>186</total>
				<timestamp>587.654070</timestamp>
			</report>
			<report>
				<misses>3097001</misses>
				<total>187</total>
				<timestamp>587.843904</timestamp>
			</report>
			<report>
				<misses>3098001</misses>
				<total>187</total>
				<timestamp>588.033660</timestamp>
			</report>
			<report>
				<misses>3099001</misses>
				<total>187</total>
				<timestamp>588.223456</timestamp>
			</report>
			<report>
				<misses>3100001</misses>
				<total>187</total>
				<timestamp>588.413298</timestamp>
			</report>
			<report>
				<misses>3101001</misses>
				<total>187</total>
				<timestamp>588.603089</timestamp>
			</report>
			<report>
				<misses>3102001</misses>
				<total>187</total>
				<timestamp>588.792886</timestamp>
			</report>
			<report>
				<misses>3103001</misses>
				<total>186</total>
				<timestamp>588.982744</timestamp>
			</report>
			<report>
				<misses>3104001</misses>
				<total>187</total>
				<timestamp>589.172503</timestamp>
			</report>
			<report>
				<misses>3105001</misses>
				<total>187</total>
				<timestamp>589.362298</timestamp>
			</report>
			<report>
				<misses>3106001</misses>
				<total>187</total>
				<timestamp>589.552222</timestamp>
			</report>
			<report>
				<misses>3107001</misses>
				<total>187</total>
				<timestamp>589.741935</timestamp>
			</report>
			<report>
				<misses>3108001</misses>
				<total>187</total>
				<timestamp>589.931848</timestamp>
			</report>
			<report>
				<misses>3109001</misses>
				<total>187</total>
				<timestamp>590.121615</timestamp>
			</report>
			<report>
				<misses>3110001</misses>
				<total>187</total>
				<timestamp>590.311377</timestamp>
			</report>
			<report>
				<misses>3111001</misses>
				<total>187</total>
				<timestamp>590.501257</timestamp>
			</report>
			<report>
				<misses>3112001</misses>
				<total>187</total>
				<timestamp>590.691031</timestamp>
			</report>
			<report>
				<misses>3113001</misses>
				<total>187</total>
				<timestamp>590.880840</timestamp>
			</report>
			<report>
				<misses>3114001</misses>
				<total>187</total>
				<timestamp>591.070601</timestamp>
			</report>
			<report>
				<misses>3115001</misses>
				<total>187</total>
				<timestamp>591.260460</timestamp>
			</report>
			<report>
				<misses>3116001</misses>
				<total>187</total>
				<timestamp>591.450264</timestamp>
			</report>
			<report>
				<misses>3117001</misses>
				<total>187</total>
				<timestamp>591.640027</timestamp>
			</report>
			<report>
				<misses>3118001</misses>
				<total>187</total>
				<timestamp>591.829860</timestamp>
			</report>
			<report>
				<misses>3119001</misses>
				<total>187</total>
				<timestamp>592.019710</timestamp>
			</report>
			<report>
				<misses>3120001</misses>
				<total>187</total>
				<timestamp>592.209476</timestamp>
			</report>
			<report>
				<misses>3121001</misses>
				<total>187</total>
				<timestamp>592.399295</timestamp>
			</report>
			<report>
				<misses>3122001</misses>
				<total>187</total>
				<timestamp>592.589134</timestamp>
			</report>
			<report>
				<misses>3123001</misses>
				<total>187</total>
				<timestamp>592.778944</timestamp>
			</report>
			<report>
				<misses>3124001</misses>
				<total>187</total>
				<timestamp>592.968791</timestamp>
			</report>
			<report>
				<misses>3125001</misses>
				<total>187</total>
				<timestamp>593.158553</timestamp>
			</report>
			<report>
				<misses>3126001</misses>
				<total>186</total>
				<timestamp>593.348376</timestamp>
			</report>
			<report>
				<misses>3127001</misses>
				<total>187</total>
				<timestamp>593.538211</timestamp>
			</report>
			<report>
				<misses>3128001</misses>
				<total>187</total>
				<timestamp>593.727949</timestamp>
			</report>
			<report>
				<misses>3129001</misses>
				<total>187</total>
				<timestamp>593.917782</timestamp>
			</report>
			<report>
				<misses>3130001</misses>
				<total>187</total>
				<timestamp>594.107618</timestamp>
			</report>
			<report>
				<misses>3131001</misses>
				<total>187</total>
				<timestamp>594.297382</timestamp>
			</report>
			<report>
				<misses>3132001</misses>
				<total>187</total>
				<timestamp>594.487247</timestamp>
			</report>
			<report>
				<misses>3133001</misses>
				<total>187</total>
				<timestamp>594.677022</timestamp>
			</report>
			<report>
				<misses>3134001</misses>
				<total>187</total>
				<timestamp>594.866851</timestamp>
			</report>
			<report>
				<misses>3135001</misses>
				<total>187</total>
				<timestamp>595.056625</timestamp>
			</report>
			<report>
				<misses>3136001</misses>
				<total>187</total>
				<timestamp>595.246420</timestamp>
			</report>
			<report>
				<misses>3137001</misses>
				<total>187</total>
				<timestamp>595.436349</timestamp>
			</report>
			<report>
				<misses>3138001</misses>
				<total>186</total>
				<timestamp>595.626120</timestamp>
			</report>
			<report>
				<misses>3139001</misses>
				<total>187</total>
				<timestamp>595.815910</timestamp>
			</report>
			<report>
				<misses>3140001</misses>
				<total>187</total>
				<timestamp>596.005666</timestamp>
			</report>
			<report>
				<misses>3141001</misses>
				<total>187</total>
				<timestamp>596.195490</timestamp>
			</report>
			<report>
				<misses>3142001</misses>
				<total>187</total>
				<timestamp>596.385304</timestamp>
			</report>
			<report>
				<misses>3143001</misses>
				<total>187</total>
				<timestamp>596.575121</timestamp>
			</report>
			<report>
				<misses>3144001</misses>
				<total>187</total>
				<timestamp>596.764918</timestamp>
			</report>
			<report>
				<misses>3145001</misses>
				<total>187</total>
				<timestamp>596.954802</timestamp>
			</report>
			<report>
				<misses>3146001</misses>
				<total>187</total>
				<timestamp>597.144526</timestamp>
			</report>
			<report>
				<misses>3147001</misses>
				<total>187</total>
				<timestamp>597.334373</timestamp>
			</report>
			<report>
				<misses>3148001</misses>
				<total>187</total>
				<timestamp>597.524195</timestamp>
			</report>
			<report>
				<misses>3149001</misses>
				<total>187</total>
				<timestamp>597.713944</timestamp>
			</report>
			<report>
				<misses>3150001</misses>
				<total>187</total>
				<timestamp>597.903800</timestamp>
			</report>
			<report>
				<misses>3151001</misses>
				<total>187</total>
				<timestamp>598.093592</timestamp>
			</report>
			<report>
				<misses>3152001</misses>
				<total>187</total>
				<timestamp>598.283404</timestamp>
			</report>
			<report>
				<misses>3153001</misses>
				<total>187</total>
				<timestamp>598.473213</timestamp>
			</report>
			<report>
				<misses>3154001</misses>
				<total>187</total>
				<timestamp>598.663053</timestamp>
			</report>
			<report>
				<misses>3155001</misses>
				<total>187</total>
				<timestamp>598.852830</timestamp>
			</report>
			<report>
				<misses>3156001</misses>
				<total>187</total>
				<timestamp>599.042615</timestamp>
			</report>
			<report>
				<misses>3157001</misses>
				<total>187</total>
				<timestamp>599.232448</timestamp>
			</report>
			<report>
				<misses>3158001</misses>
				<total>187</total>
				<timestamp>599.422272</timestamp>
			</report>
			<report>
				<misses>3159001</misses>
				<total>187</total>
				<timestamp>599.612078</timestamp>
			</report>
			<report>
				<misses>3160001</misses>
				<total>187</total>
				<timestamp>599.801873</timestamp>
			</report>
			<report>
				<misses>3161001</misses>
				<total>187</total>
				<timestamp>599.991658</timestamp>
			</report>
			<report>
				<misses>3162001</misses>
				<total>187</total>
				<timestamp>600.181526</timestamp>
			</report>
			<report>
				<misses>3163001</misses>
				<total>187</total>
				<timestamp>600.371369</timestamp>
			</report>
			<report>
				<misses>3164001</misses>
				<total>186</total>
				<timestamp>600.561200</timestamp>
			</report>
			<report>
				<misses>3165001</misses>
				<total>187</total>
				<timestamp>600.750909</timestamp>
			</report>
			<report>
				<misses>3166001</misses>
				<total>189</total>
				<timestamp>600.940795</timestamp>
			</report>
			<report>
				<misses>3167001</misses>
				<total>189</total>
				<timestamp>601.130632</timestamp>
			</report>
			<report>
				<misses>3168001</misses>
				<total>189</total>
				<timestamp>601.320356</timestamp>
			</report>
			<report>
				<misses>3169001</misses>
				<total>189</total>
				<timestamp>601.510213</timestamp>
			</report>
			<report>
				<misses>3170001</misses>
				<total>188</total>
				<timestamp>601.700007</timestamp>
			</report>
			<report>
				<misses>3171001</misses>
				<total>189</total>
				<timestamp>601.889776</timestamp>
			</report>
			<report>
				<misses>3172001</misses>
				<total>189</total>
				<timestamp>602.079578</timestamp>
			</report>
			<report>
				<misses>3173001</misses>
				<total>189</total>
				<timestamp>602.269406</timestamp>
			</report>
			<report>
				<misses>3174001</misses>
				<total>189</total>
				<timestamp>602.459196</timestamp>
			</report>
			<report>
				<misses>3175001</misses>
				<total>189</total>
				<timestamp>602.649014</timestamp>
			</report>
			<report>
				<misses>3176001</misses>
				<total>189</total>
				<timestamp>602.838886</timestamp>
			</report>
			<report>
				<misses>3177001</misses>
				<total>189</total>
				<timestamp>603.028646</timestamp>
			</report>
			<report>
				<misses>3178001</misses>
				<total>189</total>
				<timestamp>603.218530</timestamp>
			</report>
			<report>
				<misses>3179001</misses>
				<total>189</total>
				<timestamp>603.408273</timestamp>
			</report>
			<report>
				<misses>3180001</misses>
				<total>189</total>
				<timestamp>603.598148</timestamp>
			</report>
			<report>
				<misses>3181001</misses>
				<total>189</total>
				<timestamp>603.787894</timestamp>
			</report>
			<report>
				<misses>3182001</misses>
				<total>189</total>
				<timestamp>603.977743</timestamp>
			</report>
			<report>
				<misses>3183001</misses>
				<total>189</total>
				<timestamp>604.167535</timestamp>
			</report>
			<report>
				<misses>3184001</misses>
				<total>189</total>
				<timestamp>604.357345</timestamp>
			</report>
			<report>
				<misses>3185001</misses>
				<total>189</total>
				<timestamp>604.547177</timestamp>
			</report>
			<report>
				<misses>3186001</misses>
				<total>189</total>
				<timestamp>604.736915</timestamp>
			</report>
			<report>
				<misses>3187001</misses>
				<total>189</total>
				<timestamp>604.926878</timestamp>
			</report>
			<report>
				<misses>3188001</misses>
				<total>189</total>
				<timestamp>605.116584</timestamp>
			</report>
			<report>
				<misses>3189001</misses>
				<total>189</total>
				<timestamp>605.306413</timestamp>
			</report>
			<report>
				<misses>3190001</misses>
				<total>191</total>
				<timestamp>605.496311</timestamp>
			</report>
			<report>
				<misses>3191001</misses>
				<total>198</total>
				<timestamp>605.686067</timestamp>
			</report>
			<report>
				<misses>3192001</misses>
				<total>198</total>
				<timestamp>605.875864</timestamp>
			</report>
			<report>
				<misses>3193001</misses>
				<total>198</total>
				<timestamp>606.065642</timestamp>
			</report>
			<report>
				<misses>3194001</misses>
				<total>197</total>
				<timestamp>606.255456</timestamp>
			</report>
			<report>
				<misses>3195001</misses>
				<total>198</total>
				<timestamp>606.445221</timestamp>
			</report>
			<report>
				<misses>3196001</misses>
				<total>198</total>
				<timestamp>606.635071</timestamp>
			</report>
			<report>
				<misses>3197001</misses>
				<total>198</total>
				<timestamp>606.824879</timestamp>
			</report>
			<report>
				<misses>3198001</misses>
				<total>198</total>
				<timestamp>607.014634</timestamp>
			</report>
			<report>
				<misses>3199001</misses>
				<total>201</total>
				<timestamp>607.204553</timestamp>
			</report>
			<report>
				<misses>3200001</misses>
				<total>201</total>
				<timestamp>607.394295</timestamp>
			</report>
			<report>
				<misses>3201001</misses>
				<total>200</total>
				<timestamp>607.584113</timestamp>
			</report>
			<report>
				<misses>3202001</misses>
				<total>201</total>
				<timestamp>607.773927</timestamp>
			</report>
			<report>
				<misses>3203001</misses>
				<total>201</total>
				<timestamp>607.963744</timestamp>
			</report>
			<report>
				<misses>3204001</misses>
				<total>201</total>
				<timestamp>608.153509</timestamp>
			</report>
			<report>
				<misses>3205001</misses>
				<total>201</total>
				<timestamp>608.343427</timestamp>
			</report>
			<report>
				<misses>3206001</misses>
				<total>201</total>
				<timestamp>608.533159</timestamp>
			</report>
			<report>
				<misses>3207001</misses>
				<total>201</total>
				<timestamp>608.722976</timestamp>
			</report>
			<report>
				<misses>3208001</misses>
				<total>201</total>
				<timestamp>608.912788</timestamp>
			</report>
			<report>
				<misses>3209001</misses>
				<total>201</total>
				<timestamp>609.102630</timestamp>
			</report>
			<report>
				<misses>3210001</misses>
				<total>201</total>
				<timestamp>609.292400</timestamp>
			</report>
			<report>
				<misses>3211001</misses>
				<total>201</total>
				<timestamp>609.482244</timestamp>
			</report>
			<report>
				<misses>3212001</misses>
				<total>201</total>
				<timestamp>609.671984</timestamp>
			</report>
			<report>
				<misses>3213001</misses>
				<total>201</total>
				<timestamp>609.861806</timestamp>
			</report>
			<report>
				<misses>3214001</misses>
				<total>201</total>
				<timestamp>610.051596</timestamp>
			</report>
			<report>
				<misses>3215001</misses>
				<total>201</total>
				<timestamp>610.241459</timestamp>
			</report>
			<report>
				<misses>3216001</misses>
				<total>201</total>
				<timestamp>610.431326</timestamp>
			</report>
			<report>
				<misses>3217001</misses>
				<total>201</total>
				<timestamp>610.621150</timestamp>
			</report>
			<report>
				<misses>3218001</misses>
				<total>201</total>
				<timestamp>610.810896</timestamp>
			</report>
			<report>
				<misses>3219001</misses>
				<total>201</total>
				<timestamp>611.000657</timestamp>
			</report>
			<report>
				<misses>3220001</misses>
				<total>201</total>
				<timestamp>611.190477</timestamp>
			</report>
			<report>
				<misses>3221001</misses>
				<total>201</total>
				<timestamp>611.380307</timestamp>
			</report>
			<report>
				<misses>3222001</misses>
				<total>200</total>
				<timestamp>611.570149</timestamp>
			</report>
			<report>
				<misses>3223001</misses>
				<total>201</total>
				<timestamp>611.759891</timestamp>
			</report>
			<report>
				<misses>3224001</misses>
				<total>201</total>
				<timestamp>611.949793</timestamp>
			</report>
			<report>
				<misses>3225001</misses>
				<total>201</total>
				<timestamp>612.139508</timestamp>
			</report>
			<report>
				<misses>3226001</misses>
				<total>201</total>
				<timestamp>612.329369</timestamp>
			</report>
			<report>
				<misses>3227001</misses>
				<total>201</total>
				<timestamp>612.519128</timestamp>
			</report>
			<report>
				<misses>3228001</misses>
				<total>201</total>
				<timestamp>612.708940</timestamp>
			</report>
			<report>
				<misses>3229001</misses>
				<total>201</total>
				<timestamp>612.898760</timestamp>
			</report>
			<report>
				<misses>3230001</misses>
				<total>201</total>
				<timestamp>613.088551</timestamp>
			</report>
			<report>
				<misses>3231001</misses>
				<total>201</total>
				<timestamp>613.278413</timestamp>
			</report>
			<report>
				<misses>3232001</misses>
				<total>201</total>
				<timestamp>613.468227</timestamp>
			</report>
			<report>
				<misses>3233001</misses>
				<total>201</total>
				<timestamp>613.658073</timestamp>
			</report>
			<report>
				<misses>3234001</misses>
				<total>201</total>
				<timestamp>613.847800</timestamp>
			</report>
			<report>
				<misses>3235001</misses>
				<total>201</total>
				<timestamp>614.037622</timestamp>
			</report>
			<report>
				<misses>3236001</misses>
				<total>201</total>
				<timestamp>614.227492</timestamp>
			</report>
			<report>
				<misses>3237001</misses>
				<total>201</total>
				<timestamp>614.417282</timestamp>
			</report>
			<report>
				<misses>3238001</misses>
				<total>201</total>
				<timestamp>614.607061</timestamp>
			</report>
			<report>
				<misses>3239001</misses>
				<total>201</total>
				<timestamp>614.796855</timestamp>
			</report>
			<report>
				<misses>3240001</misses>
				<total>201</total>
				<timestamp>614.986673</timestamp>
			</report>
			<report>
				<misses>3241001</misses>
				<total>201</total>
				<timestamp>615.176480</timestamp>
			</report>
			<report>
				<misses>3242001</misses>
				<total>201</total>
				<timestamp>615.366294</timestamp>
			</report>
			<report>
				<misses>3243001</misses>
				<total>201</total>
				<timestamp>615.556162</timestamp>
			</report>
			<report>
				<misses>3244001</misses>
				<total>201</total>
				<timestamp>615.745903</timestamp>
			</report>
			<report>
				<misses>3245001</misses>
				<total>201</total>
				<timestamp>615.935777</timestamp>
			</report>
			<report>
				<misses>3246001</misses>
				<total>201</total>
				<timestamp>616.125552</timestamp>
			</report>
			<report>
				<misses>3247001</misses>
				<total>201</total>
				<timestamp>616.315404</timestamp>
			</report>
			<report>
				<misses>3248001</misses>
				<total>201</total>
				<timestamp>616.505167</timestamp>
			</report>
			<report>
				<misses>3249001</misses>
				<total>201</total>
				<timestamp>616.694963</timestamp>
			</report>
			<report>
				<misses>3250001</misses>
				<total>201</total>
				<timestamp>616.884826</timestamp>
			</report>
			<report>
				<misses>3251001</misses>
				<total>201</total>
				<timestamp>617.074643</timestamp>
			</report>
			<report>
				<misses>3252001</misses>
				<total>201</total>
				<timestamp>617.264416</timestamp>
			</report>
			<report>
				<misses>3253001</misses>
				<total>201</total>
				<timestamp>617.454202</timestamp>
			</report>
			<report>
				<misses>3254001</misses>
				<total>201</total>
				<timestamp>617.644108</timestamp>
			</report>
			<report>
				<misses>3255001</misses>
				<total>201</total>
				<timestamp>617.833812</timestamp>
			</report>
			<report>
				<misses>3256001</misses>
				<total>201</total>
				<timestamp>618.023697</timestamp>
			</report>
			<report>
				<misses>3257001</misses>
				<total>201</total>
				<timestamp>618.213463</timestamp>
			</report>
			<report>
				<misses>3258001</misses>
				<total>201</total>
				<timestamp>618.403259</timestamp>
			</report>
			<report>
				<misses>3259001</misses>
				<total>201</total>
				<timestamp>618.593096</timestamp>
			</report>
			<report>
				<misses>3260001</misses>
				<total>201</total>
				<timestamp>618.782860</timestamp>
			</report>
			<report>
				<misses>3261001</misses>
				<total>201</total>
				<timestamp>618.972692</timestamp>
			</report>
			<report>
				<misses>3262001</misses>
				<total>201</total>
				<timestamp>619.162494</timestamp>
			</report>
			<report>
				<misses>3263001</misses>
				<total>201</total>
				<timestamp>619.352359</timestamp>
			</report>
			<report>
				<misses>3264001</misses>
				<total>201</total>
				<timestamp>619.542115</timestamp>
			</report>
			<report>
				<misses>3265001</misses>
				<total>201</total>
				<timestamp>619.731924</timestamp>
			</report>
			<report>
				<misses>3266001</misses>
				<total>201</total>
				<timestamp>619.921731</timestamp>
			</report>
			<report>
				<misses>3267001</misses>
				<total>201</total>
				<timestamp>620.111592</timestamp>
			</report>
			<report>
				<misses>3268001</misses>
				<total>201</total>
				<timestamp>620.301340</timestamp>
			</report>
			<report>
				<misses>3269001</misses>
				<total>201</total>
				<timestamp>620.491204</timestamp>
			</report>
			<report>
				<misses>3270001</misses>
				<total>201</total>
				<timestamp>620.681031</timestamp>
			</report>
			<report>
				<misses>3271001</misses>
				<total>201</total>
				<timestamp>620.870782</timestamp>
			</report>
			<report>
				<misses>3272001</misses>
				<total>201</total>
				<timestamp>621.060607</timestamp>
			</report>
			<report>
				<misses>3273001</misses>
				<total>201</total>
				<timestamp>621.250510</timestamp>
			</report>
			<report>
				<misses>3274001</misses>
				<total>201</total>
				<timestamp>621.440250</timestamp>
			</report>
			<report>
				<misses>3275001</misses>
				<total>201</total>
				<timestamp>621.630132</timestamp>
			</report>
			<report>
				<misses>3276001</misses>
				<total>201</total>
				<timestamp>621.819894</timestamp>
			</report>
			<report>
				<misses>3277001</misses>
				<total>201</total>
				<timestamp>622.009652</timestamp>
			</report>
			<report>
				<misses>3278001</misses>
				<total>201</total>
				<timestamp>622.199456</timestamp>
			</report>
			<report>
				<misses>3279001</misses>
				<total>201</total>
				<timestamp>622.389255</timestamp>
			</report>
			<report>
				<misses>3280001</misses>
				<total>201</total>
				<timestamp>622.579078</timestamp>
			</report>
			<report>
				<misses>3281001</misses>
				<total>201</total>
				<timestamp>622.768872</timestamp>
			</report>
			<report>
				<misses>3282001</misses>
				<total>201</total>
				<timestamp>622.958731</timestamp>
			</report>
			<report>
				<misses>3283001</misses>
				<total>201</total>
				<timestamp>623.148483</timestamp>
			</report>
			<report>
				<misses>3284001</misses>
				<total>201</total>
				<timestamp>623.338325</timestamp>
			</report>
			<report>
				<misses>3285001</misses>
				<total>201</total>
				<timestamp>623.528109</timestamp>
			</report>
			<report>
				<misses>3286001</misses>
				<total>201</total>
				<timestamp>623.717936</timestamp>
			</report>
			<report>
				<misses>3287001</misses>
				<total>201</total>
				<timestamp>623.907748</timestamp>
			</report>
			<report>
				<misses>3288001</misses>
				<total>201</total>
				<timestamp>624.097625</timestamp>
			</report>
			<report>
				<misses>3289001</misses>
				<total>201</total>
				<timestamp>624.287407</timestamp>
			</report>
			<report>
				<misses>3290001</misses>
				<total>201</total>
				<timestamp>624.477290</timestamp>
			</report>
			<report>
				<misses>3291001</misses>
				<total>201</total>
				<timestamp>624.667025</timestamp>
			</report>
			<report>
				<misses>3292001</misses>
				<total>201</total>
				<timestamp>624.856773</timestamp>
			</report>
			<report>
				<misses>3293001</misses>
				<total>201</total>
				<timestamp>625.046589</timestamp>
			</report>
			<report>
				<misses>3294001</misses>
				<total>201</total>
				<timestamp>625.236411</timestamp>
			</report>
			<report>
				<misses>3295001</misses>
				<total>201</total>
				<timestamp>625.426286</timestamp>
			</report>
			<report>
				<misses>3296001</misses>
				<total>201</total>
				<timestamp>625.616116</timestamp>
			</report>
			<report>
				<misses>3297001</misses>
				<total>201</total>
				<timestamp>625.805830</timestamp>
			</report>
			<report>
				<misses>3298001</misses>
				<total>201</total>
				<timestamp>625.995637</timestamp>
			</report>
			<report>
				<misses>3299001</misses>
				<total>201</total>
				<timestamp>626.185486</timestamp>
			</report>
			<report>
				<misses>3300001</misses>
				<total>205</total>
				<timestamp>626.375272</timestamp>
			</report>
			<report>
				<misses>3301001</misses>
				<total>205</total>
				<timestamp>626.565087</timestamp>
			</report>
			<report>
				<misses>3302001</misses>
				<total>205</total>
				<timestamp>626.754937</timestamp>
			</report>
			<report>
				<misses>3303001</misses>
				<total>205</total>
				<timestamp>626.944691</timestamp>
			</report>
			<report>
				<misses>3304001</misses>
				<total>205</total>
				<timestamp>627.134520</timestamp>
			</report>
			<report>
				<misses>3305001</misses>
				<total>205</total>
				<timestamp>627.324321</timestamp>
			</report>
			<report>
				<misses>3306001</misses>
				<total>205</total>
				<timestamp>627.514149</timestamp>
			</report>
			<report>
				<misses>3307001</misses>
				<total>205</total>
				<timestamp>627.703976</timestamp>
			</report>
			<report>
				<misses>3308001</misses>
				<total>205</total>
				<timestamp>627.893745</timestamp>
			</report>
			<report>
				<misses>3309001</misses>
				<total>205</total>
				<timestamp>628.083557</timestamp>
			</report>
			<report>
				<misses>3310001</misses>
				<total>205</total>
				<timestamp>628.273367</timestamp>
			</report>
			<report>
				<misses>3311001</misses>
				<total>205</total>
				<timestamp>628.463282</timestamp>
			</report>
			<report>
				<misses>3312001</misses>
				<total>205</total>
				<timestamp>628.653009</timestamp>
			</report>
			<report>
				<misses>3313001</misses>
				<total>205</total>
				<timestamp>628.842790</timestamp>
			</report>
			<report>
				<misses>3314001</misses>
				<total>205</total>
				<timestamp>629.032658</timestamp>
			</report>
			<report>
				<misses>3315001</misses>
				<total>205</total>
				<timestamp>629.222411</timestamp>
			</report>
			<report>
				<misses>3316001</misses>
				<total>205</total>
				<timestamp>629.412264</timestamp>
			</report>
			<report>
				<misses>3317001</misses>
				<total>205</total>
				<timestamp>629.602031</timestamp>
			</report>
			<report>
				<misses>3318001</misses>
				<total>205</total>
				<timestamp>629.791868</timestamp>
			</report>
			<report>
				<misses>3319001</misses>
				<total>205</total>
				<timestamp>629.981700</timestamp>
			</report>
			<report>
				<misses>3320001</misses>
				<total>205</total>
				<timestamp>630.171475</timestamp>
			</report>
			<report>
				<misses>3321001</misses>
				<total>205</total>
				<timestamp>630.361264</timestamp>
			</report>
			<report>
				<misses>3322001</misses>
				<total>205</total>
				<timestamp>630.551201</timestamp>
			</report>
			<report>
				<misses>3323001</misses>
				<total>205</total>
				<timestamp>630.740958</timestamp>
			</report>
			<report>
				<misses>3324001</misses>
				<total>205</total>
				<timestamp>630.930738</timestamp>
			</report>
			<report>
				<misses>3325001</misses>
				<total>205</total>
				<timestamp>631.120536</timestamp>
			</report>
			<report>
				<misses>3326001</misses>
				<total>205</total>
				<timestamp>631.310380</timestamp>
			</report>
			<report>
				<misses>3327001</misses>
				<total>205</total>
				<timestamp>631.500157</timestamp>
			</report>
			<report>
				<misses>3328001</misses>
				<total>205</total>
				<timestamp>631.689946</timestamp>
			</report>
			<report>
				<misses>3329001</misses>
				<total>205</total>
				<timestamp>631.879737</timestamp>
			</report>
			<report>
				<misses>3330001</misses>
				<total>205</total>
				<timestamp>632.069568</timestamp>
			</report>
			<report>
				<misses>3331001</misses>
				<total>205</total>
				<timestamp>632.259432</timestamp>
			</report>
			<report>
				<misses>3332001</misses>
				<total>205</total>
				<timestamp>632.449230</timestamp>
			</report>
			<report>
				<misses>3333001</misses>
				<total>205</total>
				<timestamp>632.639085</timestamp>
			</report>
			<report>
				<misses>3334001</misses>
				<total>205</total>
				<timestamp>632.828847</timestamp>
			</report>
			<report>
				<misses>3335001</misses>
				<total>205</total>
				<timestamp>633.018613</timestamp>
			</report>
			<report>
				<misses>3336001</misses>
				<total>205</total>
				<timestamp>633.208483</timestamp>
			</report>
			<report>
				<misses>3337001</misses>
				<total>205</total>
				<timestamp>633.398286</timestamp>
			</report>
			<report>
				<misses>3338001</misses>
				<total>205</total>
				<timestamp>633.588098</timestamp>
			</report>
			<report>
				<misses>3339001</misses>
				<total>205</total>
				<timestamp>633.777839</timestamp>
			</report>
			<report>
				<misses>3340001</misses>
				<total>205</total>
				<timestamp>633.967656</timestamp>
			</report>
			<report>
				<misses>3341001</misses>
				<total>205</total>
				<timestamp>634.157473</timestamp>
			</report>
			<report>
				<misses>3342001</misses>
				<total>205</total>
				<timestamp>634.347400</timestamp>
			</report>
			<report>
				<misses>3343001</misses>
				<total>205</total>
				<timestamp>634.537093</timestamp>
			</report>
			<report>
				<misses>3344001</misses>
				<total>205</total>
				<timestamp>634.727010</timestamp>
			</report>
			<report>
				<misses>3345001</misses>
				<total>205</total>
				<timestamp>634.916776</timestamp>
			</report>
			<report>
				<misses>3346001</misses>
				<total>205</total>
				<timestamp>635.106569</timestamp>
			</report>
			<report>
				<misses>3347001</misses>
				<total>205</total>
				<timestamp>635.296339</timestamp>
			</report>
			<report>
				<misses>3348001</misses>
				<total>205</total>
				<timestamp>635.486136</timestamp>
			</report>
			<report>
				<misses>3349001</misses>
				<total>205</total>
				<timestamp>635.675986</timestamp>
			</report>
			<report>
				<misses>3350001</misses>
				<total>205</total>
				<timestamp>635.865810</timestamp>
			</report>
			<report>
				<misses>3351001</misses>
				<total>205</total>
				<timestamp>636.055621</timestamp>
			</report>
			<report>
				<misses>3352001</misses>
				<total>205</total>
				<timestamp>636.245408</timestamp>
			</report>
			<report>
				<misses>3353001</misses>
				<total>205</total>
				<timestamp>636.435320</timestamp>
			</report>
			<report>
				<misses>3354001</misses>
				<total>205</total>
				<timestamp>636.625046</timestamp>
			</report>
			<report>
				<misses>3355001</misses>
				<total>206</total>
				<timestamp>636.814840</timestamp>
			</report>
			<report>
				<misses>3356001</misses>
				<total>206</total>
				<timestamp>637.004665</timestamp>
			</report>
			<report>
				<misses>3357001</misses>
				<total>206</total>
				<timestamp>637.194513</timestamp>
			</report>
			<report>
				<misses>3358001</misses>
				<total>206</total>
				<timestamp>637.384282</timestamp>
			</report>
			<report>
				<misses>3359001</misses>
				<total>206</total>
				<timestamp>637.574114</timestamp>
			</report>
			<report>
				<misses>3360001</misses>
				<total>206</total>
				<timestamp>637.763947</timestamp>
			</report>
			<report>
				<misses>3361001</misses>
				<total>206</total>
				<timestamp>637.953815</timestamp>
			</report>
			<report>
				<misses>3362001</misses>
				<total>206</total>
				<timestamp>638.143530</timestamp>
			</report>
			<report>
				<misses>3363001</misses>
				<total>206</total>
				<timestamp>638.333295</timestamp>
			</report>
			<report>
				<misses>3364001</misses>
				<total>206</total>
				<timestamp>638.523139</timestamp>
			</report>
			<report>
				<misses>3365001</misses>
				<total>205</total>
				<timestamp>638.712951</timestamp>
			</report>
			<report>
				<misses>3366001</misses>
				<total>206</total>
				<timestamp>638.902726</timestamp>
			</report>
			<report>
				<misses>3367001</misses>
				<total>206</total>
				<timestamp>639.092586</timestamp>
			</report>
			<report>
				<misses>3368001</misses>
				<total>206</total>
				<timestamp>639.282386</timestamp>
			</report>
			<report>
				<misses>3369001</misses>
				<total>206</total>
				<timestamp>639.472197</timestamp>
			</report>
			<report>
				<misses>3370001</misses>
				<total>206</total>
				<timestamp>639.661951</timestamp>
			</report>
			<report>
				<misses>3371001</misses>
				<total>206</total>
				<timestamp>639.851821</timestamp>
			</report>
			<report>
				<misses>3372001</misses>
				<total>206</total>
				<timestamp>640.041604</timestamp>
			</report>
			<report>
				<misses>3373001</misses>
				<total>206</total>
				<timestamp>640.231493</timestamp>
			</report>
			<report>
				<misses>3374001</misses>
				<total>206</total>
				<timestamp>640.421203</timestamp>
			</report>
			<report>
				<misses>3375001</misses>
				<total>206</total>
				<timestamp>640.611027</timestamp>
			</report>
			<report>
				<misses>3376001</misses>
				<total>206</total>
				<timestamp>640.800855</timestamp>
			</report>
			<report>
				<misses>3377001</misses>
				<total>206</total>
				<timestamp>640.990717</timestamp>
			</report>
			<report>
				<misses>3378001</misses>
				<total>206</total>
				<timestamp>641.180496</timestamp>
			</report>
			<report>
				<misses>3379001</misses>
				<total>206</total>
				<timestamp>641.370330</timestamp>
			</report>
			<report>
				<misses>3380001</misses>
				<total>206</total>
				<timestamp>641.560122</timestamp>
			</report>
			<report>
				<misses>3381001</misses>
				<total>206</total>
				<timestamp>641.749928</timestamp>
			</report>
			<report>
				<misses>3382001</misses>
				<total>207</total>
				<timestamp>641.939837</timestamp>
			</report>
			<report>
				<misses>3383001</misses>
				<total>207</total>
				<timestamp>642.129477</timestamp>
			</report>
			<report>
				<misses>3384001</misses>
				<total>207</total>
				<timestamp>642.319295</timestamp>
			</report>
			<report>
				<misses>3385001</misses>
				<total>207</total>
				<timestamp>642.509105</timestamp>
			</report>
			<report>
				<misses>3386001</misses>
				<total>207</total>
				<timestamp>642.698997</timestamp>
			</report>
			<report>
				<misses>3387001</misses>
				<total>207</total>
				<timestamp>642.888753</timestamp>
			</report>
			<report>
				<misses>3388001</misses>
				<total>207</total>
				<timestamp>643.078553</timestamp>
			</report>
			<report>
				<misses>3389001</misses>
				<total>207</total>
				<timestamp>643.268405</timestamp>
			</report>
			<report>
				<misses>3390001</misses>
				<total>207</total>
				<timestamp>643.458158</timestamp>
			</report>
			<report>
				<misses>3391001</misses>
				<total>207</total>
				<timestamp>643.647970</timestamp>
			</report>
			<report>
				<misses>3392001</misses>
				<total>207</total>
				<timestamp>643.837870</timestamp>
			</report>
			<report>
				<misses>3393001</misses>
				<total>207</total>
				<timestamp>644.027586</timestamp>
			</report>
			<report>
				<misses>3394001</misses>
				<total>207</total>
				<timestamp>644.217458</timestamp>
			</report>
			<report>
				<misses>3395001</misses>
				<total>207</total>
				<timestamp>644.407234</timestamp>
			</report>
			<report>
				<misses>3396001</misses>
				<total>207</total>
				<timestamp>644.597130</timestamp>
			</report>
			<report>
				<misses>3397001</misses>
				<total>207</total>
				<timestamp>644.786954</timestamp>
			</report>
			<report>
				<misses>3398001</misses>
				<total>207</total>
				<timestamp>644.976738</timestamp>
			</report>
			<report>
				<misses>3399001</misses>
				<total>207</total>
				<timestamp>645.166485</timestamp>
			</report>
			<report>
				<misses>3400001</misses>
				<total>207</total>
				<timestamp>645.356259</timestamp>
			</report>
			<report>
				<misses>3401001</misses>
				<total>207</total>
				<timestamp>645.546083</timestamp>
			</report>
			<report>
				<misses>3402001</misses>
				<total>207</total>
				<timestamp>645.736010</timestamp>
			</report>
			<report>
				<misses>3403001</misses>
				<total>207</total>
				<timestamp>645.925689</timestamp>
			</report>
			<report>
				<misses>3404001</misses>
				<total>207</total>
				<timestamp>646.115565</timestamp>
			</report>
			<report>
				<misses>3405001</misses>
				<total>207</total>
				<timestamp>646.305366</timestamp>
			</report>
			<report>
				<misses>3406001</misses>
				<total>207</total>
				<timestamp>646.495117</timestamp>
			</report>
			<report>
				<misses>3407001</misses>
				<total>207</total>
				<timestamp>646.684930</timestamp>
			</report>
			<report>
				<misses>3408001</misses>
				<total>207</total>
				<timestamp>646.874736</timestamp>
			</report>
			<report>
				<misses>3409001</misses>
				<total>207</total>
				<timestamp>647.064568</timestamp>
			</report>
			<report>
				<misses>3410001</misses>
				<total>207</total>
				<timestamp>647.254423</timestamp>
			</report>
			<report>
				<misses>3411001</misses>
				<total>207</total>
				<timestamp>647.444190</timestamp>
			</report>
			<report>
				<misses>3412001</misses>
				<total>207</total>
				<timestamp>647.634008</timestamp>
			</report>
			<report>
				<misses>3413001</misses>
				<total>207</total>
				<timestamp>647.823805</timestamp>
			</report>
			<report>
				<misses>3414001</misses>
				<total>207</total>
				<timestamp>648.013651</timestamp>
			</report>
			<report>
				<misses>3415001</misses>
				<total>208</total>
				<timestamp>648.203423</timestamp>
			</report>
			<report>
				<misses>3416001</misses>
				<total>208</total>
				<timestamp>648.393214</timestamp>
			</report>
			<report>
				<misses>3417001</misses>
				<total>208</total>
				<timestamp>648.583038</timestamp>
			</report>
			<report>
				<misses>3418001</misses>
				<total>208</total>
				<timestamp>648.772954</timestamp>
			</report>
			<report>
				<misses>3419001</misses>
				<total>208</total>
				<timestamp>648.962720</timestamp>
			</report>
			<report>
				<misses>3420001</misses>
				<total>208</total>
				<timestamp>649.152629</timestamp>
			</report>
			<report>
				<misses>3421001</misses>
				<total>208</total>
				<timestamp>649.342342</timestamp>
			</report>
			<report>
				<misses>3422001</misses>
				<total>208</total>
				<timestamp>649.532165</timestamp>
			</report>
			<report>
				<misses>3423001</misses>
				<total>208</total>
				<timestamp>649.721986</timestamp>
			</report>
			<report>
				<misses>3424001</misses>
				<total>209</total>
				<timestamp>649.911770</timestamp>
			</report>
			<report>
				<misses>3425001</misses>
				<total>209</total>
				<timestamp>650.101530</timestamp>
			</report>
			<report>
				<misses>3426001</misses>
				<total>209</total>
				<timestamp>650.291318</timestamp>
			</report>
			<report>
				<misses>3427001</misses>
				<total>209</total>
				<timestamp>650.481135</timestamp>
			</report>
			<report>
				<misses>3428001</misses>
				<total>209</total>
				<timestamp>650.671010</timestamp>
			</report>
			<report>
				<misses>3429001</misses>
				<total>209</total>
				<timestamp>650.860748</timestamp>
			</report>
			<report>
				<misses>3430001</misses>
				<total>209</total>
				<timestamp>651.050599</timestamp>
			</report>
			<report>
				<misses>3431001</misses>
				<total>209</total>
				<timestamp>651.240505</timestamp>
			</report>
			<report>
				<misses>3432001</misses>
				<total>209</total>
				<timestamp>651.430180</timestamp>
			</report>
			<report>
				<misses>3433001</misses>
				<total>208</total>
				<timestamp>651.620034</timestamp>
			</report>
			<report>
				<misses>3434001</misses>
				<total>208</total>
				<timestamp>651.809863</timestamp>
			</report>
			<report>
				<misses>3435001</misses>
				<total>209</total>
				<timestamp>651.999623</timestamp>
			</report>
			<report>
				<misses>3436001</misses>
				<total>208</total>
				<timestamp>652.189452</timestamp>
			</report>
			<report>
				<misses>3437001</misses>
				<total>209</total>
				<timestamp>652.379289</timestamp>
			</report>
			<report>
				<misses>3438001</misses>
				<total>209</total>
				<timestamp>652.569290</timestamp>
			</report>
			<report>
				<misses>3439001</misses>
				<total>209</total>
				<timestamp>652.759067</timestamp>
			</report>
			<report>
				<misses>3440001</misses>
				<total>209</total>
				<timestamp>652.948877</timestamp>
			</report>
			<report>
				<misses>3441001</misses>
				<total>209</total>
				<timestamp>653.138661</timestamp>
			</report>
			<report>
				<misses>3442001</misses>
				<total>209</total>
				<timestamp>653.328484</timestamp>
			</report>
			<report>
				<misses>3443001</misses>
				<total>209</total>
				<timestamp>653.518299</timestamp>
			</report>
			<report>
				<misses>3444001</misses>
				<total>209</total>
				<timestamp>653.708102</timestamp>
			</report>
			<report>
				<misses>3445001</misses>
				<total>209</total>
				<timestamp>653.897938</timestamp>
			</report>
			<report>
				<misses>3446001</misses>
				<total>209</total>
				<timestamp>654.087762</timestamp>
			</report>
			<report>
				<misses>3447001</misses>
				<total>209</total>
				<timestamp>654.277587</timestamp>
			</report>
			<report>
				<misses>3448001</misses>
				<total>209</total>
				<timestamp>654.467377</timestamp>
			</report>
			<report>
				<misses>3449001</misses>
				<total>209</total>
				<timestamp>654.657246</timestamp>
			</report>
			<report>
				<misses>3450001</misses>
				<total>209</total>
				<timestamp>654.846981</timestamp>
			</report>
			<report>
				<misses>3451001</misses>
				<total>213</total>
				<timestamp>655.036771</timestamp>
			</report>
			<report>
				<misses>3452001</misses>
				<total>213</total>
				<timestamp>655.226564</timestamp>
			</report>
			<report>
				<misses>3453001</misses>
				<total>213</total>
				<timestamp>655.416418</timestamp>
			</report>
			<report>
				<misses>3454001</misses>
				<total>213</total>
				<timestamp>655.606188</timestamp>
			</report>
			<report>
				<misses>3455001</misses>
				<total>213</total>
				<timestamp>655.795999</timestamp>
			</report>
			<report>
				<misses>3456001</misses>
				<total>213</total>
				<timestamp>655.985851</timestamp>
			</report>
			<report>
				<misses>3457001</misses>
				<total>213</total>
				<timestamp>656.175640</timestamp>
			</report>
			<report>
				<misses>3458001</misses>
				<total>213</total>
				<timestamp>656.365496</timestamp>
			</report>
			<report>
				<misses>3459001</misses>
				<total>213</total>
				<timestamp>656.555264</timestamp>
			</report>
			<report>
				<misses>3460001</misses>
				<total>213</total>
				<timestamp>656.745119</timestamp>
			</report>
			<report>
				<misses>3461001</misses>
				<total>213</total>
				<timestamp>656.934846</timestamp>
			</report>
			<report>
				<misses>3462001</misses>
				<total>213</total>
				<timestamp>657.124696</timestamp>
			</report>
			<report>
				<misses>3463001</misses>
				<total>213</total>
				<timestamp>657.314501</timestamp>
			</report>
			<report>
				<misses>3464001</misses>
				<total>213</total>
				<timestamp>657.504304</timestamp>
			</report>
			<report>
				<misses>3465001</misses>
				<total>213</total>
				<timestamp>657.694148</timestamp>
			</report>
			<report>
				<misses>3466001</misses>
				<total>213</total>
				<timestamp>657.883927</timestamp>
			</report>
			<report>
				<misses>3467001</misses>
				<total>213</total>
				<timestamp>658.073744</timestamp>
			</report>
			<report>
				<misses>3468001</misses>
				<total>212</total>
				<timestamp>658.263549</timestamp>
			</report>
			<report>
				<misses>3469001</misses>
				<total>213</total>
				<timestamp>658.453366</timestamp>
			</report>
			<report>
				<misses>3470001</misses>
				<total>213</total>
				<timestamp>658.643195</timestamp>
			</report>
			<report>
				<misses>3471001</misses>
				<total>213</total>
				<timestamp>658.833051</timestamp>
			</report>
			<report>
				<misses>3472001</misses>
				<total>212</total>
				<timestamp>659.022829</timestamp>
			</report>
			<report>
				<misses>3473001</misses>
				<total>213</total>
				<timestamp>659.212605</timestamp>
			</report>
			<report>
				<misses>3474001</misses>
				<total>213</total>
				<timestamp>659.402402</timestamp>
			</report>
			<report>
				<misses>3475001</misses>
				<total>213</total>
				<timestamp>659.592206</timestamp>
			</report>
			<report>
				<misses>3476001</misses>
				<total>213</total>
				<timestamp>659.782082</timestamp>
			</report>
			<report>
				<misses>3477001</misses>
				<total>213</total>
				<timestamp>659.971829</timestamp>
			</report>
			<report>
				<misses>3478001</misses>
				<total>213</total>
				<timestamp>660.161633</timestamp>
			</report>
			<report>
				<misses>3479001</misses>
				<total>213</total>
				<timestamp>660.351538</timestamp>
			</report>
			<report>
				<misses>3480001</misses>
				<total>213</total>
				<timestamp>660.541265</timestamp>
			</report>
			<report>
				<misses>3481001</misses>
				<total>213</total>
				<timestamp>660.731073</timestamp>
			</report>
			<report>
				<misses>3482001</misses>
				<total>213</total>
				<timestamp>660.920876</timestamp>
			</report>
			<report>
				<misses>3483001</misses>
				<total>213</total>
				<timestamp>661.110673</timestamp>
			</report>
			<report>
				<misses>3484001</misses>
				<total>212</total>
				<timestamp>661.300610</timestamp>
			</report>
			<report>
				<misses>3485001</misses>
				<total>213</total>
				<timestamp>661.490363</timestamp>
			</report>
			<report>
				<misses>3486001</misses>
				<total>212</total>
				<timestamp>661.680268</timestamp>
			</report>
			<report>
				<misses>3487001</misses>
				<total>213</total>
				<timestamp>661.869935</timestamp>
			</report>
			<report>
				<misses>3488001</misses>
				<total>213</total>
				<timestamp>662.059799</timestamp>
			</report>
			<report>
				<misses>3489001</misses>
				<total>213</total>
				<timestamp>662.249615</timestamp>
			</report>
			<report>
				<misses>3490001</misses>
				<total>213</total>
				<timestamp>662.439373</timestamp>
			</report>
			<report>
				<misses>3491001</misses>
				<total>213</total>
				<timestamp>662.629146</timestamp>
			</report>
			<report>
				<misses>3492001</misses>
				<total>213</total>
				<timestamp>662.819024</timestamp>
			</report>
			<report>
				<misses>3493001</misses>
				<total>213</total>
				<timestamp>663.008830</timestamp>
			</report>
			<report>
				<misses>3494001</misses>
				<total>213</total>
				<timestamp>663.198616</timestamp>
			</report>
			<report>
				<misses>3495001</misses>
				<total>213</total>
				<timestamp>663.388413</timestamp>
			</report>
			<report>
				<misses>3496001</misses>
				<total>213</total>
				<timestamp>663.578244</timestamp>
			</report>
			<report>
				<misses>3497001</misses>
				<total>213</total>
				<timestamp>663.768075</timestamp>
			</report>
			<report>
				<misses>3498001</misses>
				<total>213</total>
				<timestamp>663.957988</timestamp>
			</report>
			<report>
				<misses>3499001</misses>
				<total>213</total>
				<timestamp>664.147641</timestamp>
			</report>
			<report>
				<misses>3500001</misses>
				<total>213</total>
				<timestamp>664.337500</timestamp>
			</report>
			<report>
				<misses>3501001</misses>
				<total>213</total>
				<timestamp>664.527329</timestamp>
			</report>
			<report>
				<misses>3502001</misses>
				<total>213</total>
				<timestamp>664.717179</timestamp>
			</report>
			<report>
				<misses>3503001</misses>
				<total>213</total>
				<timestamp>664.906909</timestamp>
			</report>
			<report>
				<misses>3504001</misses>
				<total>213</total>
				<timestamp>665.096689</timestamp>
			</report>
			<report>
				<misses>3505001</misses>
				<total>213</total>
				<timestamp>665.286483</timestamp>
			</report>
			<report>
				<misses>3506001</misses>
				<total>213</total>
				<timestamp>665.476316</timestamp>
			</report>
			<report>
				<misses>3507001</misses>
				<total>213</total>
				<timestamp>665.666183</timestamp>
			</report>
			<report>
				<misses>3508001</misses>
				<total>213</total>
				<timestamp>665.855932</timestamp>
			</report>
			<report>
				<misses>3509001</misses>
				<total>213</total>
				<timestamp>666.045864</timestamp>
			</report>
			<report>
				<misses>3510001</misses>
				<total>213</total>
				<timestamp>666.235606</timestamp>
			</report>
			<report>
				<misses>3511001</misses>
				<total>212</total>
				<timestamp>666.425409</timestamp>
			</report>
			<report>
				<misses>3512001</misses>
				<total>213</total>
				<timestamp>666.615182</timestamp>
			</report>
			<report>
				<misses>3513001</misses>
				<total>213</total>
				<timestamp>666.805050</timestamp>
			</report>
			<report>
				<misses>3514001</misses>
				<total>213</total>
				<timestamp>666.994840</timestamp>
			</report>
			<report>
				<misses>3515001</misses>
				<total>213</total>
				<timestamp>667.184646</timestamp>
			</report>
			<report>
				<misses>3516001</misses>
				<total>213</total>
				<timestamp>667.374510</timestamp>
			</report>
			<report>
				<misses>3517001</misses>
				<total>213</total>
				<timestamp>667.564230</timestamp>
			</report>
			<report>
				<misses>3518001</misses>
				<total>213</total>
				<timestamp>667.754076</timestamp>
			</report>
			<report>
				<misses>3519001</misses>
				<total>213</total>
				<timestamp>667.943914</timestamp>
			</report>
			<report>
				<misses>3520001</misses>
				<total>213</total>
				<timestamp>668.133702</timestamp>
			</report>
			<report>
				<misses>3521001</misses>
				<total>213</total>
				<timestamp>668.323465</timestamp>
			</report>
			<report>
				<misses>3522001</misses>
				<total>213</total>
				<timestamp>668.513287</timestamp>
			</report>
			<report>
				<misses>3523001</misses>
				<total>213</total>
				<timestamp>668.703102</timestamp>
			</report>
			<report>
				<misses>3524001</misses>
				<total>213</total>
				<timestamp>668.892937</timestamp>
			</report>
			<report>
				<misses>3525001</misses>
				<total>213</total>
				<timestamp>669.082734</timestamp>
			</report>
			<report>
				<misses>3526001</misses>
				<total>213</total>
				<timestamp>669.272623</timestamp>
			</report>
			<report>
				<misses>3527001</misses>
				<total>213</total>
				<timestamp>669.462363</timestamp>
			</report>
			<report>
				<misses>3528001</misses>
				<total>213</total>
				<timestamp>669.652188</timestamp>
			</report>
			<report>
				<misses>3529001</misses>
				<total>213</total>
				<timestamp>669.842058</timestamp>
			</report>
			<report>
				<misses>3530001</misses>
				<total>213</total>
				<timestamp>670.031903</timestamp>
			</report>
			<report>
				<misses>3531001</misses>
				<total>213</total>
				<timestamp>670.221559</timestamp>
			</report>
			<report>
				<misses>3532001</misses>
				<total>213</total>
				<timestamp>670.411388</timestamp>
			</report>
			<report>
				<misses>3533001</misses>
				<total>213</total>
				<timestamp>670.601228</timestamp>
			</report>
			<report>
				<misses>3534001</misses>
				<total>213</total>
				<timestamp>670.791109</timestamp>
			</report>
			<report>
				<misses>3535001</misses>
				<total>213</total>
				<timestamp>670.980867</timestamp>
			</report>
			<report>
				<misses>3536001</misses>
				<total>213</total>
				<timestamp>671.170619</timestamp>
			</report>
			<report>
				<misses>3537001</misses>
				<total>213</total>
				<timestamp>671.360498</timestamp>
			</report>
			<report>
				<misses>3538001</misses>
				<total>213</total>
				<timestamp>671.550245</timestamp>
			</report>
			<report>
				<misses>3539001</misses>
				<total>213</total>
				<timestamp>671.740074</timestamp>
			</report>
			<report>
				<misses>3540001</misses>
				<total>213</total>
				<timestamp>671.929879</timestamp>
			</report>
			<report>
				<misses>3541001</misses>
				<total>214</total>
				<timestamp>672.119774</timestamp>
			</report>
			<report>
				<misses>3542001</misses>
				<total>214</total>
				<timestamp>672.309495</timestamp>
			</report>
			<report>
				<misses>3543001</misses>
				<total>214</total>
				<timestamp>672.499289</timestamp>
			</report>
			<report>
				<misses>3544001</misses>
				<total>214</total>
				<timestamp>672.689155</timestamp>
			</report>
			<report>
				<misses>3545001</misses>
				<total>214</total>
				<timestamp>672.878973</timestamp>
			</report>
			<report>
				<misses>3546001</misses>
				<total>214</total>
				<timestamp>673.068747</timestamp>
			</report>
			<report>
				<misses>3547001</misses>
				<total>214</total>
				<timestamp>673.258601</timestamp>
			</report>
			<report>
				<misses>3548001</misses>
				<total>214</total>
				<timestamp>673.448328</timestamp>
			</report>
			<report>
				<misses>3549001</misses>
				<total>214</total>
				<timestamp>673.638138</timestamp>
			</report>
			<report>
				<misses>3550001</misses>
				<total>214</total>
				<timestamp>673.827942</timestamp>
			</report>
			<report>
				<misses>3551001</misses>
				<total>213</total>
				<timestamp>674.017851</timestamp>
			</report>
			<report>
				<misses>3552001</misses>
				<total>214</total>
				<timestamp>674.207560</timestamp>
			</report>
			<report>
				<misses>3553001</misses>
				<total>214</total>
				<timestamp>674.397476</timestamp>
			</report>
			<report>
				<misses>3554001</misses>
				<total>214</total>
				<timestamp>674.587195</timestamp>
			</report>
			<report>
				<misses>3555001</misses>
				<total>214</total>
				<timestamp>674.777011</timestamp>
			</report>
			<report>
				<misses>3556001</misses>
				<total>214</total>
				<timestamp>674.966836</timestamp>
			</report>
			<report>
				<misses>3557001</misses>
				<total>214</total>
				<timestamp>675.156654</timestamp>
			</report>
			<report>
				<misses>3558001</misses>
				<total>214</total>
				<timestamp>675.346450</timestamp>
			</report>
			<report>
				<misses>3559001</misses>
				<total>214</total>
				<timestamp>675.536254</timestamp>
			</report>
			<report>
				<misses>3560001</misses>
				<total>214</total>
				<timestamp>675.726070</timestamp>
			</report>
			<report>
				<misses>3561001</misses>
				<total>214</total>
				<timestamp>675.915920</timestamp>
			</report>
			<report>
				<misses>3562001</misses>
				<total>214</total>
				<timestamp>676.105732</timestamp>
			</report>
			<report>
				<misses>3563001</misses>
				<total>214</total>
				<timestamp>676.295474</timestamp>
			</report>
			<report>
				<misses>3564001</misses>
				<total>214</total>
				<timestamp>676.485292</timestamp>
			</report>
			<report>
				<misses>3565001</misses>
				<total>213</total>
				<timestamp>676.675145</timestamp>
			</report>
			<report>
				<misses>3566001</misses>
				<total>214</total>
				<timestamp>676.864912</timestamp>
			</report>
			<report>
				<misses>3567001</misses>
				<total>214</total>
				<timestamp>677.054780</timestamp>
			</report>
			<report>
				<misses>3568001</misses>
				<total>214</total>
				<timestamp>677.244558</timestamp>
			</report>
			<report>
				<misses>3569001</misses>
				<total>214</total>
				<timestamp>677.434340</timestamp>
			</report>
			<report>
				<misses>3570001</misses>
				<total>214</total>
				<timestamp>677.624223</timestamp>
			</report>
			<report>
				<misses>3571001</misses>
				<total>217</total>
				<timestamp>677.814021</timestamp>
			</report>
			<report>
				<misses>3572001</misses>
				<total>216</total>
				<timestamp>678.003799</timestamp>
			</report>
			<report>
				<misses>3573001</misses>
				<total>217</total>
				<timestamp>678.193609</timestamp>
			</report>
			<report>
				<misses>3574001</misses>
				<total>217</total>
				<timestamp>678.383421</timestamp>
			</report>
			<report>
				<misses>3575001</misses>
				<total>217</total>
				<timestamp>678.573206</timestamp>
			</report>
			<report>
				<misses>3576001</misses>
				<total>217</total>
				<timestamp>678.763040</timestamp>
			</report>
			<report>
				<misses>3577001</misses>
				<total>217</total>
				<timestamp>678.952907</timestamp>
			</report>
			<report>
				<misses>3578001</misses>
				<total>217</total>
				<timestamp>679.142712</timestamp>
			</report>
			<report>
				<misses>3579001</misses>
				<total>217</total>
				<timestamp>679.332509</timestamp>
			</report>
			<report>
				<misses>3580001</misses>
				<total>217</total>
				<timestamp>679.522251</timestamp>
			</report>
			<report>
				<misses>3581001</misses>
				<total>217</total>
				<timestamp>679.712064</timestamp>
			</report>
			<report>
				<misses>3582001</misses>
				<total>217</total>
				<timestamp>679.901889</timestamp>
			</report>
			<report>
				<misses>3583001</misses>
				<total>217</total>
				<timestamp>680.091799</timestamp>
			</report>
			<report>
				<misses>3584001</misses>
				<total>217</total>
				<timestamp>680.281550</timestamp>
			</report>
			<report>
				<misses>3585001</misses>
				<total>217</total>
				<timestamp>680.471379</timestamp>
			</report>
			<report>
				<misses>3586001</misses>
				<total>217</total>
				<timestamp>680.661118</timestamp>
			</report>
			<report>
				<misses>3587001</misses>
				<total>217</total>
				<timestamp>680.850990</timestamp>
			</report>
			<report>
				<misses>3588001</misses>
				<total>217</total>
				<timestamp>681.040757</timestamp>
			</report>
			<report>
				<misses>3589001</misses>
				<total>217</total>
				<timestamp>681.230587</timestamp>
			</report>
			<report>
				<misses>3590001</misses>
				<total>217</total>
				<timestamp>681.420428</timestamp>
			</report>
			<report>
				<misses>3591001</misses>
				<total>217</total>
				<timestamp>681.610221</timestamp>
			</report>
			<report>
				<misses>3592001</misses>
				<total>217</total>
				<timestamp>681.800020</timestamp>
			</report>
			<report>
				<misses>3593001</misses>
				<total>217</total>
				<timestamp>681.989878</timestamp>
			</report>
			<report>
				<misses>3594001</misses>
				<total>217</total>
				<timestamp>682.179634</timestamp>
			</report>
			<report>
				<misses>3595001</misses>
				<total>217</total>
				<timestamp>682.369408</timestamp>
			</report>
			<report>
				<misses>3596001</misses>
				<total>217</total>
				<timestamp>682.559241</timestamp>
			</report>
			<report>
				<misses>3597001</misses>
				<total>216</total>
				<timestamp>682.749110</timestamp>
			</report>
			<report>
				<misses>3598001</misses>
				<total>217</total>
				<timestamp>682.938855</timestamp>
			</report>
			<report>
				<misses>3599001</misses>
				<total>217</total>
				<timestamp>683.128688</timestamp>
			</report>
			<report>
				<misses>3600001</misses>
				<total>217</total>
				<timestamp>683.318475</timestamp>
			</report>
			<report>
				<misses>3601001</misses>
				<total>217</total>
				<timestamp>683.508286</timestamp>
			</report>
			<report>
				<misses>3602001</misses>
				<total>217</total>
				<timestamp>683.698162</timestamp>
			</report>
			<report>
				<misses>3603001</misses>
				<total>217</total>
				<timestamp>683.887929</timestamp>
			</report>
			<report>
				<misses>3604001</misses>
				<total>217</total>
				<timestamp>684.077755</timestamp>
			</report>
			<report>
				<misses>3605001</misses>
				<total>217</total>
				<timestamp>684.267630</timestamp>
			</report>
			<report>
				<misses>3606001</misses>
				<total>217</total>
				<timestamp>684.457330</timestamp>
			</report>
			<report>
				<misses>3607001</misses>
				<total>217</total>
				<timestamp>684.647189</timestamp>
			</report>
			<report>
				<misses>3608001</misses>
				<total>217</total>
				<timestamp>684.836918</timestamp>
			</report>
			<report>
				<misses>3609001</misses>
				<total>217</total>
				<timestamp>685.026784</timestamp>
			</report>
			<report>
				<misses>3610001</misses>
				<total>217</total>
				<timestamp>685.216589</timestamp>
			</report>
			<report>
				<misses>3611001</misses>
				<total>217</total>
				<timestamp>685.406379</timestamp>
			</report>
			<report>
				<misses>3612001</misses>
				<total>217</total>
				<timestamp>685.596201</timestamp>
			</report>
			<report>
				<misses>3613001</misses>
				<total>220</total>
				<timestamp>685.785995</timestamp>
			</report>
			<report>
				<misses>3614001</misses>
				<total>220</total>
				<timestamp>685.975819</timestamp>
			</report>
			<report>
				<misses>3615001</misses>
				<total>220</total>
				<timestamp>686.165674</timestamp>
			</report>
			<report>
				<misses>3616001</misses>
				<total>220</total>
				<timestamp>686.355443</timestamp>
			</report>
			<report>
				<misses>3617001</misses>
				<total>220</total>
				<timestamp>686.545227</timestamp>
			</report>
			<report>
				<misses>3618001</misses>
				<total>220</total>
				<timestamp>686.735070</timestamp>
			</report>
			<report>
				<misses>3619001</misses>
				<total>220</total>
				<timestamp>686.924884</timestamp>
			</report>
			<report>
				<misses>3620001</misses>
				<total>220</total>
				<timestamp>687.114701</timestamp>
			</report>
			<report>
				<misses>3621001</misses>
				<total>220</total>
				<timestamp>687.304468</timestamp>
			</report>
			<report>
				<misses>3622001</misses>
				<total>220</total>
				<timestamp>687.494262</timestamp>
			</report>
			<report>
				<misses>3623001</misses>
				<total>220</total>
				<timestamp>687.684111</timestamp>
			</report>
			<report>
				<misses>3624001</misses>
				<total>220</total>
				<timestamp>687.873898</timestamp>
			</report>
			<report>
				<misses>3625001</misses>
				<total>220</total>
				<timestamp>688.063708</timestamp>
			</report>
			<report>
				<misses>3626001</misses>
				<total>220</total>
				<timestamp>688.253520</timestamp>
			</report>
			<report>
				<misses>3627001</misses>
				<total>220</total>
				<timestamp>688.443315</timestamp>
			</report>
			<report>
				<misses>3628001</misses>
				<total>220</total>
				<timestamp>688.633141</timestamp>
			</report>
			<report>
				<misses>3629001</misses>
				<total>220</total>
				<timestamp>688.822929</timestamp>
			</report>
			<report>
				<misses>3630001</misses>
				<total>220</total>
				<timestamp>689.012851</timestamp>
			</report>
			<report>
				<misses>3631001</misses>
				<total>220</total>
				<timestamp>689.202583</timestamp>
			</report>
			<report>
				<misses>3632001</misses>
				<total>220</total>
				<timestamp>689.392361</timestamp>
			</report>
			<report>
				<misses>3633001</misses>
				<total>220</total>
				<timestamp>689.582180</timestamp>
			</report>
			<report>
				<misses>3634001</misses>
				<total>220</total>
				<timestamp>689.771989</timestamp>
			</report>
			<report>
				<misses>3635001</misses>
				<total>220</total>
				<timestamp>689.961835</timestamp>
			</report>
			<report>
				<misses>3636001</misses>
				<total>220</total>
				<timestamp>690.151655</timestamp>
			</report>
			<report>
				<misses>3637001</misses>
				<total>220</total>
				<timestamp>690.341411</timestamp>
			</report>
			<report>
				<misses>3638001</misses>
				<total>220</total>
				<timestamp>690.531261</timestamp>
			</report>
			<report>
				<misses>3639001</misses>
				<total>220</total>
				<timestamp>690.721053</timestamp>
			</report>
			<report>
				<misses>3640001</misses>
				<total>220</total>
				<timestamp>690.910862</timestamp>
			</report>
			<report>
				<misses>3641001</misses>
				<total>220</total>
				<timestamp>691.100705</timestamp>
			</report>
			<report>
				<misses>3642001</misses>
				<total>220</total>
				<timestamp>691.290512</timestamp>
			</report>
			<report>
				<misses>3643001</misses>
				<total>220</total>
				<timestamp>691.480374</timestamp>
			</report>
			<report>
				<misses>3644001</misses>
				<total>220</total>
				<timestamp>691.670112</timestamp>
			</report>
			<report>
				<misses>3645001</misses>
				<total>220</total>
				<timestamp>691.859952</timestamp>
			</report>
			<report>
				<misses>3646001</misses>
				<total>220</total>
				<timestamp>692.049767</timestamp>
			</report>
			<report>
				<misses>3647001</misses>
				<total>220</total>
				<timestamp>692.239568</timestamp>
			</report>
			<report>
				<misses>3648001</misses>
				<total>220</total>
				<timestamp>692.429410</timestamp>
			</report>
			<report>
				<misses>3649001</misses>
				<total>220</total>
				<timestamp>692.619166</timestamp>
			</report>
			<report>
				<misses>3650001</misses>
				<total>220</total>
				<timestamp>692.808951</timestamp>
			</report>
			<report>
				<misses>3651001</misses>
				<total>220</total>
				<timestamp>692.998770</timestamp>
			</report>
			<report>
				<misses>3652001</misses>
				<total>220</total>
				<timestamp>693.188631</timestamp>
			</report>
			<report>
				<misses>3653001</misses>
				<total>220</total>
				<timestamp>693.378413</timestamp>
			</report>
			<report>
				<misses>3654001</misses>
				<total>220</total>
				<timestamp>693.568247</timestamp>
			</report>
			<report>
				<misses>3655001</misses>
				<total>220</total>
				<timestamp>693.758004</timestamp>
			</report>
			<report>
				<misses>3656001</misses>
				<total>220</total>
				<timestamp>693.947823</timestamp>
			</report>
			<report>
				<misses>3657001</misses>
				<total>220</total>
				<timestamp>694.137653</timestamp>
			</report>
			<report>
				<misses>3658001</misses>
				<total>220</total>
				<timestamp>694.327454</timestamp>
			</report>
			<report>
				<misses>3659001</misses>
				<total>220</total>
				<timestamp>694.517263</timestamp>
			</report>
			<report>
				<misses>3660001</misses>
				<total>220</total>
				<timestamp>694.707037</timestamp>
			</report>
			<report>
				<misses>3661001</misses>
				<total>220</total>
				<timestamp>694.896889</timestamp>
			</report>
			<report>
				<misses>3662001</misses>
				<total>220</total>
				<timestamp>695.086699</timestamp>
			</report>
			<report>
				<misses>3663001</misses>
				<total>220</total>
				<timestamp>695.276584</timestamp>
			</report>
			<report>
				<misses>3664001</misses>
				<total>220</total>
				<timestamp>695.466346</timestamp>
			</report>
			<report>
				<misses>3665001</misses>
				<total>220</total>
				<timestamp>695.656109</timestamp>
			</report>
			<report>
				<misses>3666001</misses>
				<total>220</total>
				<timestamp>695.846009</timestamp>
			</report>
			<report>
				<misses>3667001</misses>
				<total>220</total>
				<timestamp>696.035798</timestamp>
			</report>
			<report>
				<misses>3668001</misses>
				<total>219</total>
				<timestamp>696.225623</timestamp>
			</report>
			<report>
				<misses>3669001</misses>
				<total>220</total>
				<timestamp>696.415379</timestamp>
			</report>
			<report>
				<misses>3670001</misses>
				<total>220</total>
				<timestamp>696.605253</timestamp>
			</report>
			<report>
				<misses>3671001</misses>
				<total>224</total>
				<timestamp>696.794983</timestamp>
			</report>
			<report>
				<misses>3672001</misses>
				<total>224</total>
				<timestamp>696.984772</timestamp>
			</report>
			<report>
				<misses>3673001</misses>
				<total>224</total>
				<timestamp>697.174627</timestamp>
			</report>
			<report>
				<misses>3674001</misses>
				<total>223</total>
				<timestamp>697.364509</timestamp>
			</report>
			<report>
				<misses>3675001</misses>
				<total>224</total>
				<timestamp>697.554210</timestamp>
			</report>
			<report>
				<misses>3676001</misses>
				<total>224</total>
				<timestamp>697.744012</timestamp>
			</report>
			<report>
				<misses>3677001</misses>
				<total>224</total>
				<timestamp>697.933898</timestamp>
			</report>
			<report>
				<misses>3678001</misses>
				<total>223</total>
				<timestamp>698.123654</timestamp>
			</report>
			<report>
				<misses>3679001</misses>
				<total>224</total>
				<timestamp>698.313423</timestamp>
			</report>
			<report>
				<misses>3680001</misses>
				<total>224</total>
				<timestamp>698.503266</timestamp>
			</report>
			<report>
				<misses>3681001</misses>
				<total>224</total>
				<timestamp>698.693070</timestamp>
			</report>
			<report>
				<misses>3682001</misses>
				<total>224</total>
				<timestamp>698.882866</timestamp>
			</report>
			<report>
				<misses>3683001</misses>
				<total>224</total>
				<timestamp>699.072771</timestamp>
			</report>
			<report>
				<misses>3684001</misses>
				<total>224</total>
				<timestamp>699.262580</timestamp>
			</report>
			<report>
				<misses>3685001</misses>
				<total>224</total>
				<timestamp>699.452300</timestamp>
			</report>
			<report>
				<misses>3686001</misses>
				<total>224</total>
				<timestamp>699.642144</timestamp>
			</report>
			<report>
				<misses>3687001</misses>
				<total>224</total>
				<timestamp>699.831922</timestamp>
			</report>
			<report>
				<misses>3688001</misses>
				<total>224</total>
				<timestamp>700.021824</timestamp>
			</report>
			<report>
				<misses>3689001</misses>
				<total>224</total>
				<timestamp>700.211575</timestamp>
			</report>
			<report>
				<misses>3690001</misses>
				<total>224</total>
				<timestamp>700.401354</timestamp>
			</report>
			<report>
				<misses>3691001</misses>
				<total>224</total>
				<timestamp>700.591160</timestamp>
			</report>
			<report>
				<misses>3692001</misses>
				<total>224</total>
				<timestamp>700.780989</timestamp>
			</report>
			<report>
				<misses>3693001</misses>
				<total>224</total>
				<timestamp>700.970797</timestamp>
			</report>
			<report>
				<misses>3694001</misses>
				<total>224</total>
				<timestamp>701.160610</timestamp>
			</report>
			<report>
				<misses>3695001</misses>
				<total>224</total>
				<timestamp>701.350407</timestamp>
			</report>
			<report>
				<misses>3696001</misses>
				<total>224</total>
				<timestamp>701.540229</timestamp>
			</report>
			<report>
				<misses>3697001</misses>
				<total>224</total>
				<timestamp>701.730032</timestamp>
			</report>
			<report>
				<misses>3698001</misses>
				<total>224</total>
				<timestamp>701.919858</timestamp>
			</report>
			<report>
				<misses>3699001</misses>
				<total>224</total>
				<timestamp>702.109652</timestamp>
			</report>
			<report>
				<misses>3700001</misses>
				<total>224</total>
				<timestamp>702.299467</timestamp>
			</report>
			<report>
				<misses>3701001</misses>
				<total>224</total>
				<timestamp>702.489302</timestamp>
			</report>
			<report>
				<misses>3702001</misses>
				<total>224</total>
				<timestamp>702.679066</timestamp>
			</report>
			<report>
				<misses>3703001</misses>
				<total>224</total>
				<timestamp>702.868878</timestamp>
			</report>
			<report>
				<misses>3704001</misses>
				<total>224</total>
				<timestamp>703.058721</timestamp>
			</report>
			<report>
				<misses>3705001</misses>
				<total>224</total>
				<timestamp>703.248555</timestamp>
			</report>
			<report>
				<misses>3706001</misses>
				<total>224</total>
				<timestamp>703.438326</timestamp>
			</report>
			<report>
				<misses>3707001</misses>
				<total>224</total>
				<timestamp>703.628235</timestamp>
			</report>
			<report>
				<misses>3708001</misses>
				<total>224</total>
				<timestamp>703.817929</timestamp>
			</report>
			<report>
				<misses>3709001</misses>
				<total>224</total>
				<timestamp>704.007766</timestamp>
			</report>
			<report>
				<misses>3710001</misses>
				<total>224</total>
				<timestamp>704.197642</timestamp>
			</report>
			<report>
				<misses>3711001</misses>
				<total>224</total>
				<timestamp>704.387383</timestamp>
			</report>
			<report>
				<misses>3712001</misses>
				<total>224</total>
				<timestamp>704.577221</timestamp>
			</report>
			<report>
				<misses>3713001</misses>
				<total>224</total>
				<timestamp>704.767015</timestamp>
			</report>
			<report>
				<misses>3714001</misses>
				<total>224</total>
				<timestamp>704.956857</timestamp>
			</report>
			<report>
				<misses>3715001</misses>
				<total>224</total>
				<timestamp>705.146611</timestamp>
			</report>
			<report>
				<misses>3716001</misses>
				<total>224</total>
				<timestamp>705.336534</timestamp>
			</report>
			<report>
				<misses>3717001</misses>
				<total>224</total>
				<timestamp>705.526219</timestamp>
			</report>
			<report>
				<misses>3718001</misses>
				<total>224</total>
				<timestamp>705.716151</timestamp>
			</report>
			<report>
				<misses>3719001</misses>
				<total>224</total>
				<timestamp>705.905903</timestamp>
			</report>
			<report>
				<misses>3720001</misses>
				<total>224</total>
				<timestamp>706.095666</timestamp>
			</report>
			<report>
				<misses>3721001</misses>
				<total>224</total>
				<timestamp>706.285558</timestamp>
			</report>
			<report>
				<misses>3722001</misses>
				<total>224</total>
				<timestamp>706.475277</timestamp>
			</report>
			<report>
				<misses>3723001</misses>
				<total>224</total>
				<timestamp>706.665126</timestamp>
			</report>
			<report>
				<misses>3724001</misses>
				<total>224</total>
				<timestamp>706.854886</timestamp>
			</report>
			<report>
				<misses>3725001</misses>
				<total>223</total>
				<timestamp>707.044791</timestamp>
			</report>
			<report>
				<misses>3726001</misses>
				<total>224</total>
				<timestamp>707.234590</timestamp>
			</report>
			<report>
				<misses>3727001</misses>
				<total>224</total>
				<timestamp>707.424321</timestamp>
			</report>
			<report>
				<misses>3728001</misses>
				<total>224</total>
				<timestamp>707.614141</timestamp>
			</report>
			<report>
				<misses>3729001</misses>
				<total>224</total>
				<timestamp>707.803967</timestamp>
			</report>
			<report>
				<misses>3730001</misses>
				<total>224</total>
				<timestamp>707.993853</timestamp>
			</report>
			<report>
				<misses>3731001</misses>
				<total>224</total>
				<timestamp>708.183661</timestamp>
			</report>
			<report>
				<misses>3732001</misses>
				<total>224</total>
				<timestamp>708.373363</timestamp>
			</report>
			<report>
				<misses>3733001</misses>
				<total>224</total>
				<timestamp>708.563177</timestamp>
			</report>
			<report>
				<misses>3734001</misses>
				<total>224</total>
				<timestamp>708.752999</timestamp>
			</report>
			<report>
				<misses>3735001</misses>
				<total>224</total>
				<timestamp>708.942837</timestamp>
			</report>
			<report>
				<misses>3736001</misses>
				<total>224</total>
				<timestamp>709.132708</timestamp>
			</report>
			<report>
				<misses>3737001</misses>
				<total>224</total>
				<timestamp>709.322447</timestamp>
			</report>
			<report>
				<misses>3738001</misses>
				<total>224</total>
				<timestamp>709.512229</timestamp>
			</report>
			<report>
				<misses>3739001</misses>
				<total>224</total>
				<timestamp>709.702082</timestamp>
			</report>
			<report>
				<misses>3740001</misses>
				<total>224</total>
				<timestamp>709.891848</timestamp>
			</report>
			<report>
				<misses>3741001</misses>
				<total>224</total>
				<timestamp>710.081683</timestamp>
			</report>
			<report>
				<misses>3742001</misses>
				<total>224</total>
				<timestamp>710.271552</timestamp>
			</report>
			<report>
				<misses>3743001</misses>
				<total>224</total>
				<timestamp>710.461284</timestamp>
			</report>
			<report>
				<misses>3744001</misses>
				<total>224</total>
				<timestamp>710.651119</timestamp>
			</report>
			<report>
				<misses>3745001</misses>
				<total>224</total>
				<timestamp>710.840913</timestamp>
			</report>
			<report>
				<misses>3746001</misses>
				<total>223</total>
				<timestamp>711.030752</timestamp>
			</report>
			<report>
				<misses>3747001</misses>
				<total>224</total>
				<timestamp>711.220549</timestamp>
			</report>
			<report>
				<misses>3748001</misses>
				<total>224</total>
				<timestamp>711.410331</timestamp>
			</report>
			<report>
				<misses>3749001</misses>
				<total>224</total>
				<timestamp>711.600141</timestamp>
			</report>
			<report>
				<misses>3750001</misses>
				<total>224</total>
				<timestamp>711.789950</timestamp>
			</report>
			<report>
				<misses>3751001</misses>
				<total>224</total>
				<timestamp>711.979757</timestamp>
			</report>
			<report>
				<misses>3752001</misses>
				<total>223</total>
				<timestamp>712.169593</timestamp>
			</report>
			<report>
				<misses>3753001</misses>
				<total>224</total>
				<timestamp>712.359431</timestamp>
			</report>
			<report>
				<misses>3754001</misses>
				<total>224</total>
				<timestamp>712.549194</timestamp>
			</report>
			<report>
				<misses>3755001</misses>
				<total>224</total>
				<timestamp>712.739100</timestamp>
			</report>
			<report>
				<misses>3756001</misses>
				<total>224</total>
				<timestamp>712.928870</timestamp>
			</report>
			<report>
				<misses>3757001</misses>
				<total>224</total>
				<timestamp>713.118730</timestamp>
			</report>
			<report>
				<misses>3758001</misses>
				<total>224</total>
				<timestamp>713.308526</timestamp>
			</report>
			<report>
				<misses>3759001</misses>
				<total>224</total>
				<timestamp>713.498300</timestamp>
			</report>
			<report>
				<misses>3760001</misses>
				<total>224</total>
				<timestamp>713.688163</timestamp>
			</report>
			<report>
				<misses>3761001</misses>
				<total>224</total>
				<timestamp>713.877873</timestamp>
			</report>
			<report>
				<misses>3762001</misses>
				<total>224</total>
				<timestamp>714.067675</timestamp>
			</report>
			<report>
				<misses>3763001</misses>
				<total>224</total>
				<timestamp>714.257503</timestamp>
			</report>
			<report>
				<misses>3764001</misses>
				<total>224</total>
				<timestamp>714.447287</timestamp>
			</report>
			<report>
				<misses>3765001</misses>
				<total>224</total>
				<timestamp>714.637201</timestamp>
			</report>
			<report>
				<misses>3766001</misses>
				<total>224</total>
				<timestamp>714.826928</timestamp>
			</report>
			<report>
				<misses>3767001</misses>
				<total>224</total>
				<timestamp>715.016757</timestamp>
			</report>
			<report>
				<misses>3768001</misses>
				<total>224</total>
				<timestamp>715.206584</timestamp>
			</report>
			<report>
				<misses>3769001</misses>
				<total>224</total>
				<timestamp>715.396386</timestamp>
			</report>
			<report>
				<misses>3770001</misses>
				<total>224</total>
				<timestamp>715.586147</timestamp>
			</report>
			<report>
				<misses>3771001</misses>
				<total>224</total>
				<timestamp>715.775998</timestamp>
			</report>
			<report>
				<misses>3772001</misses>
				<total>224</total>
				<timestamp>715.965795</timestamp>
			</report>
			<report>
				<misses>3773001</misses>
				<total>224</total>
				<timestamp>716.155666</timestamp>
			</report>
			<report>
				<misses>3774001</misses>
				<total>224</total>
				<timestamp>716.345424</timestamp>
			</report>
			<report>
				<misses>3775001</misses>
				<total>226</total>
				<timestamp>716.535295</timestamp>
			</report>
			<report>
				<misses>3776001</misses>
				<total>226</total>
				<timestamp>716.725081</timestamp>
			</report>
			<report>
				<misses>3777001</misses>
				<total>226</total>
				<timestamp>716.914825</timestamp>
			</report>
			<report>
				<misses>3778001</misses>
				<total>226</total>
				<timestamp>717.104740</timestamp>
			</report>
			<report>
				<misses>3779001</misses>
				<total>226</total>
				<timestamp>717.294457</timestamp>
			</report>
			<report>
				<misses>3780001</misses>
				<total>226</total>
				<timestamp>717.484342</timestamp>
			</report>
			<report>
				<misses>3781001</misses>
				<total>226</total>
				<timestamp>717.674051</timestamp>
			</report>
			<report>
				<misses>3782001</misses>
				<total>226</total>
				<timestamp>717.864001</timestamp>
			</report>
			<report>
				<misses>3783001</misses>
				<total>226</total>
				<timestamp>718.053733</timestamp>
			</report>
			<report>
				<misses>3784001</misses>
				<total>226</total>
				<timestamp>718.243515</timestamp>
			</report>
			<report>
				<misses>3785001</misses>
				<total>226</total>
				<timestamp>718.433355</timestamp>
			</report>
			<report>
				<misses>3786001</misses>
				<total>226</total>
				<timestamp>718.623118</timestamp>
			</report>
			<report>
				<misses>3787001</misses>
				<total>226</total>
				<timestamp>718.812932</timestamp>
			</report>
			<report>
				<misses>3788001</misses>
				<total>225</total>
				<timestamp>719.002834</timestamp>
			</report>
			<report>
				<misses>3789001</misses>
				<total>226</total>
				<timestamp>719.192604</timestamp>
			</report>
			<report>
				<misses>3790001</misses>
				<total>226</total>
				<timestamp>719.382403</timestamp>
			</report>
			<report>
				<misses>3791001</misses>
				<total>226</total>
				<timestamp>719.572226</timestamp>
			</report>
			<report>
				<misses>3792001</misses>
				<total>226</total>
				<timestamp>719.761990</timestamp>
			</report>
			<report>
				<misses>3793001</misses>
				<total>226</total>
				<timestamp>719.951788</timestamp>
			</report>
			<report>
				<misses>3794001</misses>
				<total>226</total>
				<timestamp>720.141630</timestamp>
			</report>
			<report>
				<misses>3795001</misses>
				<total>226</total>
				<timestamp>720.331446</timestamp>
			</report>
			<report>
				<misses>3796001</misses>
				<total>226</total>
				<timestamp>720.521244</timestamp>
			</report>
			<report>
				<misses>3797001</misses>
				<total>226</total>
				<timestamp>720.711050</timestamp>
			</report>
			<report>
				<misses>3798001</misses>
				<total>225</total>
				<timestamp>720.900828</timestamp>
			</report>
			<report>
				<misses>3799001</misses>
				<total>225</total>
				<timestamp>721.090730</timestamp>
			</report>
			<report>
				<misses>3800001</misses>
				<total>226</total>
				<timestamp>721.280548</timestamp>
			</report>
			<report>
				<misses>3801001</misses>
				<total>226</total>
				<timestamp>721.470267</timestamp>
			</report>
			<report>
				<misses>3802001</misses>
				<total>226</total>
				<timestamp>721.660130</timestamp>
			</report>
			<report>
				<misses>3803001</misses>
				<total>226</total>
				<timestamp>721.849885</timestamp>
			</report>
			<report>
				<misses>3804001</misses>
				<total>226</total>
				<timestamp>722.039726</timestamp>
			</report>
			<report>
				<misses>3805001</misses>
				<total>226</total>
				<timestamp>722.229596</timestamp>
			</report>
			<report>
				<misses>3806001</misses>
				<total>226</total>
				<timestamp>722.419330</timestamp>
			</report>
			<report>
				<misses>3807001</misses>
				<total>226</total>
				<timestamp>722.609213</timestamp>
			</report>
			<report>
				<misses>3808001</misses>
				<total>226</total>
				<timestamp>722.798926</timestamp>
			</report>
			<report>
				<misses>3809001</misses>
				<total>226</total>
				<timestamp>722.988765</timestamp>
			</report>
			<report>
				<misses>3810001</misses>
				<total>226</total>
				<timestamp>723.178616</timestamp>
			</report>
			<report>
				<misses>3811001</misses>
				<total>226</total>
				<timestamp>723.368516</timestamp>
			</report>
			<report>
				<misses>3812001</misses>
				<total>226</total>
				<timestamp>723.558277</timestamp>
			</report>
			<report>
				<misses>3813001</misses>
				<total>226</total>
				<timestamp>723.747972</timestamp>
			</report>
			<report>
				<misses>3814001</misses>
				<total>226</total>
				<timestamp>723.937854</timestamp>
			</report>
			<report>
				<misses>3815001</misses>
				<total>226</total>
				<timestamp>724.127625</timestamp>
			</report>
			<report>
				<misses>3816001</misses>
				<total>229</total>
				<timestamp>724.317495</timestamp>
			</report>
			<report>
				<misses>3817001</misses>
				<total>229</total>
				<timestamp>724.507297</timestamp>
			</report>
			<report>
				<misses>3818001</misses>
				<total>229</total>
				<timestamp>724.697026</timestamp>
			</report>
			<report>
				<misses>3819001</misses>
				<total>229</total>
				<timestamp>724.886834</timestamp>
			</report>
			<report>
				<misses>3820001</misses>
				<total>229</total>
				<timestamp>725.076720</timestamp>
			</report>
			<report>
				<misses>3821001</misses>
				<total>229</total>
				<timestamp>725.266482</timestamp>
			</report>
			<report>
				<misses>3822001</misses>
				<total>229</total>
				<timestamp>725.456268</timestamp>
			</report>
			<report>
				<misses>3823001</misses>
				<total>229</total>
				<timestamp>725.646089</timestamp>
			</report>
			<report>
				<misses>3824001</misses>
				<total>229</total>
				<timestamp>725.835969</timestamp>
			</report>
			<report>
				<misses>3825001</misses>
				<total>229</total>
				<timestamp>726.025737</timestamp>
			</report>
			<report>
				<misses>3826001</misses>
				<total>229</total>
				<timestamp>726.215575</timestamp>
			</report>
			<report>
				<misses>3827001</misses>
				<total>229</total>
				<timestamp>726.405347</timestamp>
			</report>
			<report>
				<misses>3828001</misses>
				<total>229</total>
				<timestamp>726.595115</timestamp>
			</report>
			<report>
				<misses>3829001</misses>
				<total>229</total>
				<timestamp>726.784932</timestamp>
			</report>
			<report>
				<misses>3830001</misses>
				<total>229</total>
				<timestamp>726.974864</timestamp>
			</report>
			<report>
				<misses>3831001</misses>
				<total>228</total>
				<timestamp>727.164613</timestamp>
			</report>
			<report>
				<misses>3832001</misses>
				<total>229</total>
				<timestamp>727.354438</timestamp>
			</report>
			<report>
				<misses>3833001</misses>
				<total>229</total>
				<timestamp>727.544186</timestamp>
			</report>
			<report>
				<misses>3834001</misses>
				<total>229</total>
				<timestamp>727.734018</timestamp>
			</report>
			<report>
				<misses>3835001</misses>
				<total>229</total>
				<timestamp>727.923809</timestamp>
			</report>
			<report>
				<misses>3836001</misses>
				<total>229</total>
				<timestamp>728.113656</timestamp>
			</report>
			<report>
				<misses>3837001</misses>
				<total>229</total>
				<timestamp>728.303436</timestamp>
			</report>
			<report>
				<misses>3838001</misses>
				<total>229</total>
				<timestamp>728.493334</timestamp>
			</report>
			<report>
				<misses>3839001</misses>
				<total>229</total>
				<timestamp>728.683063</timestamp>
			</report>
			<report>
				<misses>3840001</misses>
				<total>229</total>
				<timestamp>728.872872</timestamp>
			</report>
			<report>
				<misses>3841001</misses>
				<total>229</total>
				<timestamp>729.062708</timestamp>
			</report>
			<report>
				<misses>3842001</misses>
				<total>229</total>
				<timestamp>729.252503</timestamp>
			</report>
			<report>
				<misses>3843001</misses>
				<total>229</total>
				<timestamp>729.442293</timestamp>
			</report>
			<report>
				<misses>3844001</misses>
				<total>229</total>
				<timestamp>729.632151</timestamp>
			</report>
			<report>
				<misses>3845001</misses>
				<total>229</total>
				<timestamp>729.821910</timestamp>
			</report>
			<report>
				<misses>3846001</misses>
				<total>229</total>
				<timestamp>730.011735</timestamp>
			</report>
			<report>
				<misses>3847001</misses>
				<total>229</total>
				<timestamp>730.201560</timestamp>
			</report>
			<report>
				<misses>3848001</misses>
				<total>229</total>
				<timestamp>730.391385</timestamp>
			</report>
			<report>
				<misses>3849001</misses>
				<total>229</total>
				<timestamp>730.581131</timestamp>
			</report>
			<report>
				<misses>3850001</misses>
				<total>229</total>
				<timestamp>730.770939</timestamp>
			</report>
			<report>
				<misses>3851001</misses>
				<total>229</total>
				<timestamp>730.960814</timestamp>
			</report>
			<report>
				<misses>3852001</misses>
				<total>229</total>
				<timestamp>731.150582</timestamp>
			</report>
			<report>
				<misses>3853001</misses>
				<total>230</total>
				<timestamp>731.340422</timestamp>
			</report>
			<report>
				<misses>3854001</misses>
				<total>230</total>
				<timestamp>731.530289</timestamp>
			</report>
			<report>
				<misses>3855001</misses>
				<total>230</total>
				<timestamp>731.720045</timestamp>
			</report>
			<report>
				<misses>3856001</misses>
				<total>230</total>
				<timestamp>731.909808</timestamp>
			</report>
			<report>
				<misses>3857001</misses>
				<total>230</total>
				<timestamp>732.099717</timestamp>
			</report>
			<report>
				<misses>3858001</misses>
				<total>230</total>
				<timestamp>732.289455</timestamp>
			</report>
			<report>
				<misses>3859001</misses>
				<total>230</total>
				<timestamp>732.479262</timestamp>
			</report>
			<report>
				<misses>3860001</misses>
				<total>230</total>
				<timestamp>732.669046</timestamp>
			</report>
			<report>
				<misses>3861001</misses>
				<total>230</total>
				<timestamp>732.858853</timestamp>
			</report>
			<report>
				<misses>3862001</misses>
				<total>230</total>
				<timestamp>733.048666</timestamp>
			</report>
			<report>
				<misses>3863001</misses>
				<total>230</total>
				<timestamp>733.238521</timestamp>
			</report>
			<report>
				<misses>3864001</misses>
				<total>230</total>
				<timestamp>733.428294</timestamp>
			</report>
			<report>
				<misses>3865001</misses>
				<total>230</total>
				<timestamp>733.618175</timestamp>
			</report>
			<report>
				<misses>3866001</misses>
				<total>230</total>
				<timestamp>733.808005</timestamp>
			</report>
			<report>
				<misses>3867001</misses>
				<total>230</total>
				<timestamp>733.997732</timestamp>
			</report>
			<report>
				<misses>3868001</misses>
				<total>230</total>
				<timestamp>734.187554</timestamp>
			</report>
			<report>
				<misses>3869001</misses>
				<total>230</total>
				<timestamp>734.377344</timestamp>
			</report>
			<report>
				<misses>3870001</misses>
				<total>230</total>
				<timestamp>734.567222</timestamp>
			</report>
			<report>
				<misses>3871001</misses>
				<total>230</total>
				<timestamp>734.757027</timestamp>
			</report>
			<report>
				<misses>3872001</misses>
				<total>230</total>
				<timestamp>734.946809</timestamp>
			</report>
			<report>
				<misses>3873001</misses>
				<total>230</total>
				<timestamp>735.136597</timestamp>
			</report>
			<report>
				<misses>3874001</misses>
				<total>230</total>
				<timestamp>735.326450</timestamp>
			</report>
			<report>
				<misses>3875001</misses>
				<total>230</total>
				<timestamp>735.516228</timestamp>
			</report>
			<report>
				<misses>3876001</misses>
				<total>230</total>
				<timestamp>735.706087</timestamp>
			</report>
			<report>
				<misses>3877001</misses>
				<total>230</total>
				<timestamp>735.895852</timestamp>
			</report>
			<report>
				<misses>3878001</misses>
				<total>230</total>
				<timestamp>736.085662</timestamp>
			</report>
			<report>
				<misses>3879001</misses>
				<total>230</total>
				<timestamp>736.275539</timestamp>
			</report>
			<report>
				<misses>3880001</misses>
				<total>230</total>
				<timestamp>736.465337</timestamp>
			</report>
			<report>
				<misses>3881001</misses>
				<total>230</total>
				<timestamp>736.655058</timestamp>
			</report>
			<report>
				<misses>3882001</misses>
				<total>230</total>
				<timestamp>736.844901</timestamp>
			</report>
			<report>
				<misses>3883001</misses>
				<total>230</total>
				<timestamp>737.034691</timestamp>
			</report>
			<report>
				<misses>3884001</misses>
				<total>230</total>
				<timestamp>737.224512</timestamp>
			</report>
			<report>
				<misses>3885001</misses>
				<total>230</total>
				<timestamp>737.414323</timestamp>
			</report>
			<report>
				<misses>3886001</misses>
				<total>230</total>
				<timestamp>737.604136</timestamp>
			</report>
			<report>
				<misses>3887001</misses>
				<total>230</total>
				<timestamp>737.793934</timestamp>
			</report>
			<report>
				<misses>3888001</misses>
				<total>230</total>
				<timestamp>737.983768</timestamp>
			</report>
			<report>
				<misses>3889001</misses>
				<total>236</total>
				<timestamp>738.173631</timestamp>
			</report>
			<report>
				<misses>3890001</misses>
				<total>237</total>
				<timestamp>738.363364</timestamp>
			</report>
			<report>
				<misses>3891001</misses>
				<total>237</total>
				<timestamp>738.553195</timestamp>
			</report>
			<report>
				<misses>3892001</misses>
				<total>237</total>
				<timestamp>738.742969</timestamp>
			</report>
			<report>
				<misses>3893001</misses>
				<total>237</total>
				<timestamp>738.932766</timestamp>
			</report>
			<report>
				<misses>3894001</misses>
				<total>237</total>
				<timestamp>739.122582</timestamp>
			</report>
			<report>
				<misses>3895001</misses>
				<total>237</total>
				<timestamp>739.312422</timestamp>
			</report>
			<report>
				<misses>3896001</misses>
				<total>237</total>
				<timestamp>739.502255</timestamp>
			</report>
			<report>
				<misses>3897001</misses>
				<total>237</total>
				<timestamp>739.692009</timestamp>
			</report>
			<report>
				<misses>3898001</misses>
				<total>237</total>
				<timestamp>739.881885</timestamp>
			</report>
			<report>
				<misses>3899001</misses>
				<total>237</total>
				<timestamp>740.071660</timestamp>
			</report>
			<report>
				<misses>3900001</misses>
				<total>237</total>
				<timestamp>740.261536</timestamp>
			</report>
			<report>
				<misses>3901001</misses>
				<total>237</total>
				<timestamp>740.451292</timestamp>
			</report>
			<report>
				<misses>3902001</misses>
				<total>237</total>
				<timestamp>740.641059</timestamp>
			</report>
			<report>
				<misses>3903001</misses>
				<total>237</total>
				<timestamp>740.830919</timestamp>
			</report>
			<report>
				<misses>3904001</misses>
				<total>237</total>
				<timestamp>741.020776</timestamp>
			</report>
			<report>
				<misses>3905001</misses>
				<total>237</total>
				<timestamp>741.210536</timestamp>
			</report>
			<report>
				<misses>3906001</misses>
				<total>237</total>
				<timestamp>741.400389</timestamp>
			</report>
			<report>
				<misses>3907001</misses>
				<total>237</total>
				<timestamp>741.590135</timestamp>
			</report>
			<report>
				<misses>3908001</misses>
				<total>237</total>
				<timestamp>741.779946</timestamp>
			</report>
			<report>
				<misses>3909001</misses>
				<total>237</total>
				<timestamp>741.969758</timestamp>
			</report>
			<report>
				<misses>3910001</misses>
				<total>237</total>
				<timestamp>742.159591</timestamp>
			</report>
			<report>
				<misses>3911001</misses>
				<total>237</total>
				<timestamp>742.349445</timestamp>
			</report>
			<report>
				<misses>3912001</misses>
				<total>237</total>
				<timestamp>742.539183</timestamp>
			</report>
			<report>
				<misses>3913001</misses>
				<total>237</total>
				<timestamp>742.729033</timestamp>
			</report>
			<report>
				<misses>3914001</misses>
				<total>237</total>
				<timestamp>742.918830</timestamp>
			</report>
			<report>
				<misses>3915001</misses>
				<total>237</total>
				<timestamp>743.108610</timestamp>
			</report>
			<report>
				<misses>3916001</misses>
				<total>237</total>
				<timestamp>743.298428</timestamp>
			</report>
			<report>
				<misses>3917001</misses>
				<total>237</total>
				<timestamp>743.488290</timestamp>
			</report>
			<report>
				<misses>3918001</misses>
				<total>237</total>
				<timestamp>743.678070</timestamp>
			</report>
			<report>
				<misses>3919001</misses>
				<total>237</total>
				<timestamp>743.867866</timestamp>
			</report>
			<report>
				<misses>3920001</misses>
				<total>237</total>
				<timestamp>744.057676</timestamp>
			</report>
			<report>
				<misses>3921001</misses>
				<total>237</total>
				<timestamp>744.247459</timestamp>
			</report>
			<report>
				<misses>3922001</misses>
				<total>237</total>
				<timestamp>744.437308</timestamp>
			</report>
			<report>
				<misses>3923001</misses>
				<total>237</total>
				<timestamp>744.627102</timestamp>
			</report>
			<report>
				<misses>3924001</misses>
				<total>237</total>
				<timestamp>744.817013</timestamp>
			</report>
			<report>
				<misses>3925001</misses>
				<total>237</total>
				<timestamp>745.006728</timestamp>
			</report>
			<report>
				<misses>3926001</misses>
				<total>237</total>
				<timestamp>745.196545</timestamp>
			</report>
			<report>
				<misses>3927001</misses>
				<total>237</total>
				<timestamp>745.386417</timestamp>
			</report>
			<report>
				<misses>3928001</misses>
				<total>237</total>
				<timestamp>745.576184</timestamp>
			</report>
			<report>
				<misses>3929001</misses>
				<total>237</total>
				<timestamp>745.765940</timestamp>
			</report>
			<report>
				<misses>3930001</misses>
				<total>237</total>
				<timestamp>745.955803</timestamp>
			</report>
			<report>
				<misses>3931001</misses>
				<total>237</total>
				<timestamp>746.145562</timestamp>
			</report>
			<report>
				<misses>3932001</misses>
				<total>237</total>
				<timestamp>746.335402</timestamp>
			</report>
			<report>
				<misses>3933001</misses>
				<total>237</total>
				<timestamp>746.525217</timestamp>
			</report>
			<report>
				<misses>3934001</misses>
				<total>237</total>
				<timestamp>746.715009</timestamp>
			</report>
			<report>
				<misses>3935001</misses>
				<total>237</total>
				<timestamp>746.904836</timestamp>
			</report>
			<report>
				<misses>3936001</misses>
				<total>237</total>
				<timestamp>747.094612</timestamp>
			</report>
			<report>
				<misses>3937001</misses>
				<total>237</total>
				<timestamp>747.284486</timestamp>
			</report>
			<report>
				<misses>3938001</misses>
				<total>237</total>
				<timestamp>747.474259</timestamp>
			</report>
			<report>
				<misses>3939001</misses>
				<total>237</total>
				<timestamp>747.664103</timestamp>
			</report>
			<report>
				<misses>3940001</misses>
				<total>237</total>
				<timestamp>747.853902</timestamp>
			</report>
			<report>
				<misses>3941001</misses>
				<total>237</total>
				<timestamp>748.043682</timestamp>
			</report>
			<report>
				<misses>3942001</misses>
				<total>237</total>
				<timestamp>748.233509</timestamp>
			</report>
			<report>
				<misses>3943001</misses>
				<total>237</total>
				<timestamp>748.423299</timestamp>
			</report>
			<report>
				<misses>3944001</misses>
				<total>237</total>
				<timestamp>748.613185</timestamp>
			</report>
			<report>
				<misses>3945001</misses>
				<total>237</total>
				<timestamp>748.802957</timestamp>
			</report>
			<report>
				<misses>3946001</misses>
				<total>237</total>
				<timestamp>748.992842</timestamp>
			</report>
			<report>
				<misses>3947001</misses>
				<total>237</total>
				<timestamp>749.182575</timestamp>
			</report>
			<report>
				<misses>3948001</misses>
				<total>237</total>
				<timestamp>749.372419</timestamp>
			</report>
			<report>
				<misses>3949001</misses>
				<total>237</total>
				<timestamp>749.562186</timestamp>
			</report>
			<report>
				<misses>3950001</misses>
				<total>237</total>
				<timestamp>749.752008</timestamp>
			</report>
			<report>
				<misses>3951001</misses>
				<total>237</total>
				<timestamp>749.941791</timestamp>
			</report>
			<report>
				<misses>3952001</misses>
				<total>237</total>
				<timestamp>750.131579</timestamp>
			</report>
			<report>
				<misses>3953001</misses>
				<total>237</total>
				<timestamp>750.321414</timestamp>
			</report>
			<report>
				<misses>3954001</misses>
				<total>237</total>
				<timestamp>750.511208</timestamp>
			</report>
			<report>
				<misses>3955001</misses>
				<total>237</total>
				<timestamp>750.701065</timestamp>
			</report>
			<report>
				<misses>3956001</misses>
				<total>237</total>
				<timestamp>750.890811</timestamp>
			</report>
			<report>
				<misses>3957001</misses>
				<total>237</total>
				<timestamp>751.080647</timestamp>
			</report>
			<report>
				<misses>3958001</misses>
				<total>237</total>
				<timestamp>751.270430</timestamp>
			</report>
			<report>
				<misses>3959001</misses>
				<total>237</total>
				<timestamp>751.460262</timestamp>
			</report>
			<report>
				<misses>3960001</misses>
				<total>237</total>
				<timestamp>751.650076</timestamp>
			</report>
			<report>
				<misses>3961001</misses>
				<total>237</total>
				<timestamp>751.839870</timestamp>
			</report>
			<report>
				<misses>3962001</misses>
				<total>237</total>
				<timestamp>752.029663</timestamp>
			</report>
			<report>
				<misses>3963001</misses>
				<total>237</total>
				<timestamp>752.219507</timestamp>
			</report>
			<report>
				<misses>3964001</misses>
				<total>237</total>
				<timestamp>752.409341</timestamp>
			</report>
			<report>
				<misses>3965001</misses>
				<total>237</total>
				<timestamp>752.599119</timestamp>
			</report>
			<report>
				<misses>3966001</misses>
				<total>237</total>
				<timestamp>752.788963</timestamp>
			</report>
			<report>
				<misses>3967001</misses>
				<total>237</total>
				<timestamp>752.978707</timestamp>
			</report>
			<report>
				<misses>3968001</misses>
				<total>237</total>
				<timestamp>753.168543</timestamp>
			</report>
			<report>
				<misses>3969001</misses>
				<total>237</total>
				<timestamp>753.358368</timestamp>
			</report>
			<report>
				<misses>3970001</misses>
				<total>237</total>
				<timestamp>753.548195</timestamp>
			</report>
			<report>
				<misses>3971001</misses>
				<total>237</total>
				<timestamp>753.738018</timestamp>
			</report>
			<report>
				<misses>3972001</misses>
				<total>237</total>
				<timestamp>753.927807</timestamp>
			</report>
			<report>
				<misses>3973001</misses>
				<total>237</total>
				<timestamp>754.117617</timestamp>
			</report>
			<report>
				<misses>3974001</misses>
				<total>237</total>
				<timestamp>754.307457</timestamp>
			</report>
			<report>
				<misses>3975001</misses>
				<total>237</total>
				<timestamp>754.497231</timestamp>
			</report>
			<report>
				<misses>3976001</misses>
				<total>237</total>
				<timestamp>754.687027</timestamp>
			</report>
			<report>
				<misses>3977001</misses>
				<total>237</total>
				<timestamp>754.876887</timestamp>
			</report>
			<report>
				<misses>3978001</misses>
				<total>237</total>
				<timestamp>755.066714</timestamp>
			</report>
			<report>
				<misses>3979001</misses>
				<total>237</total>
				<timestamp>755.256518</timestamp>
			</report>
			<report>
				<misses>3980001</misses>
				<total>237</total>
				<timestamp>755.446301</timestamp>
			</report>
			<report>
				<misses>3981001</misses>
				<total>237</total>
				<timestamp>755.636058</timestamp>
			</report>
			<report>
				<misses>3982001</misses>
				<total>237</total>
				<timestamp>755.825939</timestamp>
			</report>
			<report>
				<misses>3983001</misses>
				<total>237</total>
				<timestamp>756.015784</timestamp>
			</report>
			<report>
				<misses>3984001</misses>
				<total>236</total>
				<timestamp>756.205559</timestamp>
			</report>
			<report>
				<misses>3985001</misses>
				<total>237</total>
				<timestamp>756.395407</timestamp>
			</report>
			<report>
				<misses>3986001</misses>
				<total>237</total>
				<timestamp>756.585159</timestamp>
			</report>
			<report>
				<misses>3987001</misses>
				<total>237</total>
				<timestamp>756.774938</timestamp>
			</report>
			<report>
				<misses>3988001</misses>
				<total>237</total>
				<timestamp>756.964774</timestamp>
			</report>
			<report>
				<misses>3989001</misses>
				<total>237</total>
				<timestamp>757.154561</timestamp>
			</report>
			<report>
				<misses>3990001</misses>
				<total>237</total>
				<timestamp>757.344411</timestamp>
			</report>
			<report>
				<misses>3991001</misses>
				<total>237</total>
				<timestamp>757.534236</timestamp>
			</report>
			<report>
				<misses>3992001</misses>
				<total>237</total>
				<timestamp>757.723996</timestamp>
			</report>
			<report>
				<misses>3993001</misses>
				<total>237</total>
				<timestamp>757.913812</timestamp>
			</report>
			<report>
				<misses>3994001</misses>
				<total>237</total>
				<timestamp>758.103614</timestamp>
			</report>
			<report>
				<misses>3995001</misses>
				<total>237</total>
				<timestamp>758.293479</timestamp>
			</report>
			<report>
				<misses>3996001</misses>
				<total>237</total>
				<timestamp>758.483259</timestamp>
			</report>
			<report>
				<misses>3997001</misses>
				<total>237</total>
				<timestamp>758.673037</timestamp>
			</report>
			<report>
				<misses>3998001</misses>
				<total>237</total>
				<timestamp>758.862828</timestamp>
			</report>
			<report>
				<misses>3999001</misses>
				<total>237</total>
				<timestamp>759.052640</timestamp>
			</report>
			<report>
				<misses>4000001</misses>
				<total>237</total>
				<timestamp>759.242526</timestamp>
			</report>
			<report>
				<misses>4001001</misses>
				<total>237</total>
				<timestamp>759.432282</timestamp>
			</report>
			<report>
				<misses>4002001</misses>
				<total>236</total>
				<timestamp>759.622142</timestamp>
			</report>
			<report>
				<misses>4003001</misses>
				<total>237</total>
				<timestamp>759.811941</timestamp>
			</report>
			<report>
				<misses>4004001</misses>
				<total>237</total>
				<timestamp>760.001775</timestamp>
			</report>
			<report>
				<misses>4005001</misses>
				<total>237</total>
				<timestamp>760.191575</timestamp>
			</report>
			<report>
				<misses>4006001</misses>
				<total>237</total>
				<timestamp>760.381380</timestamp>
			</report>
			<report>
				<misses>4007001</misses>
				<total>237</total>
				<timestamp>760.571161</timestamp>
			</report>
			<report>
				<misses>4008001</misses>
				<total>237</total>
				<timestamp>760.761022</timestamp>
			</report>
			<report>
				<misses>4009001</misses>
				<total>237</total>
				<timestamp>760.950757</timestamp>
			</report>
			<report>
				<misses>4010001</misses>
				<total>237</total>
				<timestamp>761.140548</timestamp>
			</report>
			<report>
				<misses>4011001</misses>
				<total>237</total>
				<timestamp>761.330396</timestamp>
			</report>
			<report>
				<misses>4012001</misses>
				<total>237</total>
				<timestamp>761.520309</timestamp>
			</report>
			<report>
				<misses>4013001</misses>
				<total>237</total>
				<timestamp>761.709985</timestamp>
			</report>
			<report>
				<misses>4014001</misses>
				<total>237</total>
				<timestamp>761.899790</timestamp>
			</report>
			<report>
				<misses>4015001</misses>
				<total>237</total>
				<timestamp>762.089643</timestamp>
			</report>
			<report>
				<misses>4016001</misses>
				<total>237</total>
				<timestamp>762.279412</timestamp>
			</report>
			<report>
				<misses>4017001</misses>
				<total>237</total>
				<timestamp>762.469296</timestamp>
			</report>
			<report>
				<misses>4018001</misses>
				<total>237</total>
				<timestamp>762.659047</timestamp>
			</report>
			<report>
				<misses>4019001</misses>
				<total>237</total>
				<timestamp>762.848934</timestamp>
			</report>
			<report>
				<misses>4020001</misses>
				<total>237</total>
				<timestamp>763.038649</timestamp>
			</report>
			<report>
				<misses>4021001</misses>
				<total>237</total>
				<timestamp>763.228559</timestamp>
			</report>
			<report>
				<misses>4022001</misses>
				<total>237</total>
				<timestamp>763.418296</timestamp>
			</report>
			<report>
				<misses>4023001</misses>
				<total>237</total>
				<timestamp>763.608158</timestamp>
			</report>
			<report>
				<misses>4024001</misses>
				<total>237</total>
				<timestamp>763.797899</timestamp>
			</report>
			<report>
				<misses>4025001</misses>
				<total>237</total>
				<timestamp>763.987755</timestamp>
			</report>
			<report>
				<misses>4026001</misses>
				<total>237</total>
				<timestamp>764.177596</timestamp>
			</report>
			<report>
				<misses>4027001</misses>
				<total>237</total>
				<timestamp>764.367345</timestamp>
			</report>
			<report>
				<misses>4028001</misses>
				<total>237</total>
				<timestamp>764.557194</timestamp>
			</report>
			<report>
				<misses>4029001</misses>
				<total>237</total>
				<timestamp>764.746970</timestamp>
			</report>
			<report>
				<misses>4030001</misses>
				<total>237</total>
				<timestamp>764.936767</timestamp>
			</report>
			<report>
				<misses>4031001</misses>
				<total>237</total>
				<timestamp>765.126625</timestamp>
			</report>
			<report>
				<misses>4032001</misses>
				<total>237</total>
				<timestamp>765.316387</timestamp>
			</report>
			<report>
				<misses>4033001</misses>
				<total>237</total>
				<timestamp>765.506199</timestamp>
			</report>
			<report>
				<misses>4034001</misses>
				<total>237</total>
				<timestamp>765.696005</timestamp>
			</report>
			<report>
				<misses>4035001</misses>
				<total>237</total>
				<timestamp>765.885839</timestamp>
			</report>
			<report>
				<misses>4036001</misses>
				<total>237</total>
				<timestamp>766.075604</timestamp>
			</report>
			<report>
				<misses>4037001</misses>
				<total>237</total>
				<timestamp>766.265435</timestamp>
			</report>
			<report>
				<misses>4038001</misses>
				<total>237</total>
				<timestamp>766.455253</timestamp>
			</report>
			<report>
				<misses>4039001</misses>
				<total>237</total>
				<timestamp>766.645109</timestamp>
			</report>
			<report>
				<misses>4040001</misses>
				<total>237</total>
				<timestamp>766.834850</timestamp>
			</report>
			<report>
				<misses>4041001</misses>
				<total>237</total>
				<timestamp>767.024669</timestamp>
			</report>
			<report>
				<misses>4042001</misses>
				<total>237</total>
				<timestamp>767.214530</timestamp>
			</report>
			<report>
				<misses>4043001</misses>
				<total>237</total>
				<timestamp>767.404294</timestamp>
			</report>
			<report>
				<misses>4044001</misses>
				<total>237</total>
				<timestamp>767.594150</timestamp>
			</report>
			<report>
				<misses>4045001</misses>
				<total>237</total>
				<timestamp>767.784002</timestamp>
			</report>
			<report>
				<misses>4046001</misses>
				<total>237</total>
				<timestamp>767.973845</timestamp>
			</report>
			<report>
				<misses>4047001</misses>
				<total>237</total>
				<timestamp>768.163550</timestamp>
			</report>
			<report>
				<misses>4048001</misses>
				<total>237</total>
				<timestamp>768.353363</timestamp>
			</report>
			<report>
				<misses>4049001</misses>
				<total>237</total>
				<timestamp>768.543200</timestamp>
			</report>
			<report>
				<misses>4050001</misses>
				<total>237</total>
				<timestamp>768.732959</timestamp>
			</report>
			<report>
				<misses>4051001</misses>
				<total>237</total>
				<timestamp>768.922782</timestamp>
			</report>
			<report>
				<misses>4052001</misses>
				<total>237</total>
				<timestamp>769.112585</timestamp>
			</report>
			<report>
				<misses>4053001</misses>
				<total>237</total>
				<timestamp>769.302452</timestamp>
			</report>
			<report>
				<misses>4054001</misses>
				<total>237</total>
				<timestamp>769.492261</timestamp>
			</report>
			<report>
				<misses>4055001</misses>
				<total>237</total>
				<timestamp>769.682009</timestamp>
			</report>
			<report>
				<misses>4056001</misses>
				<total>237</total>
				<timestamp>769.871809</timestamp>
			</report>
			<report>
				<misses>4057001</misses>
				<total>237</total>
				<timestamp>770.061662</timestamp>
			</report>
			<report>
				<misses>4058001</misses>
				<total>237</total>
				<timestamp>770.251466</timestamp>
			</report>
			<report>
				<misses>4059001</misses>
				<total>237</total>
				<timestamp>770.441306</timestamp>
			</report>
			<report>
				<misses>4060001</misses>
				<total>237</total>
				<timestamp>770.631170</timestamp>
			</report>
			<report>
				<misses>4061001</misses>
				<total>237</total>
				<timestamp>770.820891</timestamp>
			</report>
			<report>
				<misses>4062001</misses>
				<total>237</total>
				<timestamp>771.010672</timestamp>
			</report>
			<report>
				<misses>4063001</misses>
				<total>237</total>
				<timestamp>771.200515</timestamp>
			</report>
			<report>
				<misses>4064001</misses>
				<total>236</total>
				<timestamp>771.390323</timestamp>
			</report>
			<report>
				<misses>4065001</misses>
				<total>237</total>
				<timestamp>771.580131</timestamp>
			</report>
			<report>
				<misses>4066001</misses>
				<total>237</total>
				<timestamp>771.769912</timestamp>
			</report>
			<report>
				<misses>4067001</misses>
				<total>237</total>
				<timestamp>771.959783</timestamp>
			</report>
			<report>
				<misses>4068001</misses>
				<total>237</total>
				<timestamp>772.149526</timestamp>
			</report>
			<report>
				<misses>4069001</misses>
				<total>237</total>
				<timestamp>772.339396</timestamp>
			</report>
			<report>
				<misses>4070001</misses>
				<total>237</total>
				<timestamp>772.529285</timestamp>
			</report>
			<report>
				<misses>4071001</misses>
				<total>237</total>
				<timestamp>772.719008</timestamp>
			</report>
			<report>
				<misses>4072001</misses>
				<total>237</total>
				<timestamp>772.908789</timestamp>
			</report>
			<report>
				<misses>4073001</misses>
				<total>237</total>
				<timestamp>773.098591</timestamp>
			</report>
			<report>
				<misses>4074001</misses>
				<total>237</total>
				<timestamp>773.288408</timestamp>
			</report>
			<report>
				<misses>4075001</misses>
				<total>237</total>
				<timestamp>773.478322</timestamp>
			</report>
			<report>
				<misses>4076001</misses>
				<total>237</total>
				<timestamp>773.668071</timestamp>
			</report>
			<report>
				<misses>4077001</misses>
				<total>237</total>
				<timestamp>773.857847</timestamp>
			</report>
			<report>
				<misses>4078001</misses>
				<total>237</total>
				<timestamp>774.047626</timestamp>
			</report>
			<report>
				<misses>4079001</misses>
				<total>236</total>
				<timestamp>774.237466</timestamp>
			</report>
			<report>
				<misses>4080001</misses>
				<total>237</total>
				<timestamp>774.427319</timestamp>
			</report>
			<report>
				<misses>4081001</misses>
				<total>237</total>
				<timestamp>774.617141</timestamp>
			</report>
			<report>
				<misses>4082001</misses>
				<total>237</total>
				<timestamp>774.806876</timestamp>
			</report>
			<report>
				<misses>4083001</misses>
				<total>237</total>
				<timestamp>774.996762</timestamp>
			</report>
			<report>
				<misses>4084001</misses>
				<total>237</total>
				<timestamp>775.186502</timestamp>
			</report>
			<report>
				<misses>4085001</misses>
				<total>237</total>
				<timestamp>775.376337</timestamp>
			</report>
			<report>
				<misses>4086001</misses>
				<total>237</total>
				<timestamp>775.566156</timestamp>
			</report>
			<report>
				<misses>4087001</misses>
				<total>237</total>
				<timestamp>775.755935</timestamp>
			</report>
			<report>
				<misses>4088001</misses>
				<total>237</total>
				<timestamp>775.945757</timestamp>
			</report>
			<report>
				<misses>4089001</misses>
				<total>237</total>
				<timestamp>776.135559</timestamp>
			</report>
			<report>
				<misses>4090001</misses>
				<total>237</total>
				<timestamp>776.325389</timestamp>
			</report>
			<report>
				<misses>4091001</misses>
				<total>237</total>
				<timestamp>776.515191</timestamp>
			</report>
			<report>
				<misses>4092001</misses>
				<total>237</total>
				<timestamp>776.704974</timestamp>
			</report>
			<report>
				<misses>4093001</misses>
				<total>237</total>
				<timestamp>776.894779</timestamp>
			</report>
			<report>
				<misses>4094001</misses>
				<total>237</total>
				<timestamp>777.084645</timestamp>
			</report>
			<report>
				<misses>4095001</misses>
				<total>237</total>
				<timestamp>777.274414</timestamp>
			</report>
			<report>
				<misses>4096001</misses>
				<total>237</total>
				<timestamp>777.464228</timestamp>
			</report>
			<report>
				<misses>4097001</misses>
				<total>237</total>
				<timestamp>777.654043</timestamp>
			</report>
			<report>
				<misses>4098001</misses>
				<total>238</total>
				<timestamp>777.843895</timestamp>
			</report>
			<report>
				<misses>4099001</misses>
				<total>238</total>
				<timestamp>778.033691</timestamp>
			</report>
			<report>
				<misses>4100001</misses>
				<total>238</total>
				<timestamp>778.223472</timestamp>
			</report>
			<report>
				<misses>4101001</misses>
				<total>238</total>
				<timestamp>778.413322</timestamp>
			</report>
			<report>
				<misses>4102001</misses>
				<total>238</total>
				<timestamp>778.603120</timestamp>
			</report>
			<report>
				<misses>4103001</misses>
				<total>238</total>
				<timestamp>778.792899</timestamp>
			</report>
			<report>
				<misses>4104001</misses>
				<total>238</total>
				<timestamp>778.982700</timestamp>
			</report>
			<report>
				<misses>4105001</misses>
				<total>238</total>
				<timestamp>779.172509</timestamp>
			</report>
			<report>
				<misses>4106001</misses>
				<total>238</total>
				<timestamp>779.362383</timestamp>
			</report>
			<report>
				<misses>4107001</misses>
				<total>238</total>
				<timestamp>779.552190</timestamp>
			</report>
			<report>
				<misses>4108001</misses>
				<total>238</total>
				<timestamp>779.742054</timestamp>
			</report>
			<report>
				<misses>4109001</misses>
				<total>238</total>
				<timestamp>779.931751</timestamp>
			</report>
			<report>
				<misses>4110001</misses>
				<total>238</total>
				<timestamp>780.121598</timestamp>
			</report>
			<report>
				<misses>4111001</misses>
				<total>238</total>
				<timestamp>780.311412</timestamp>
			</report>
			<report>
				<misses>4112001</misses>
				<total>238</total>
				<timestamp>780.501279</timestamp>
			</report>
			<report>
				<misses>4113001</misses>
				<total>238</total>
				<timestamp>780.690999</timestamp>
			</report>
			<report>
				<misses>4114001</misses>
				<total>238</total>
				<timestamp>780.880799</timestamp>
			</report>
			<report>
				<misses>4115001</misses>
				<total>238</total>
				<timestamp>781.070609</timestamp>
			</report>
			<report>
				<misses>4116001</misses>
				<total>238</total>
				<timestamp>781.260446</timestamp>
			</report>
			<report>
				<misses>4117001</misses>
				<total>238</total>
				<timestamp>781.450269</timestamp>
			</report>
			<report>
				<misses>4118001</misses>
				<total>238</total>
				<timestamp>781.640092</timestamp>
			</report>
			<report>
				<misses>4119001</misses>
				<total>238</total>
				<timestamp>781.829855</timestamp>
			</report>
			<report>
				<misses>4120001</misses>
				<total>238</total>
				<timestamp>782.019688</timestamp>
			</report>
			<report>
				<misses>4121001</misses>
				<total>238</total>
				<timestamp>782.209506</timestamp>
			</report>
			<report>
				<misses>4122001</misses>
				<total>238</total>
				<timestamp>782.399318</timestamp>
			</report>
			<report>
				<misses>4123001</misses>
				<total>238</total>
				<timestamp>782.589175</timestamp>
			</report>
			<report>
				<misses>4124001</misses>
				<total>238</total>
				<timestamp>782.778951</timestamp>
			</report>
			<report>
				<misses>4125001</misses>
				<total>238</total>
				<timestamp>782.968719</timestamp>
			</report>
			<report>
				<misses>4126001</misses>
				<total>237</total>
				<timestamp>783.158618</timestamp>
			</report>
			<report>
				<misses>4127001</misses>
				<total>238</total>
				<timestamp>783.348338</timestamp>
			</report>
			<report>
				<misses>4128001</misses>
				<total>238</total>
				<timestamp>783.538196</timestamp>
			</report>
			<report>
				<misses>4129001</misses>
				<total>238</total>
				<timestamp>783.727974</timestamp>
			</report>
			<report>
				<misses>4130001</misses>
				<total>238</total>
				<timestamp>783.917809</timestamp>
			</report>
			<report>
				<misses>4131001</misses>
				<total>238</total>
				<timestamp>784.107587</timestamp>
			</report>
			<report>
				<misses>4132001</misses>
				<total>237</total>
				<timestamp>784.297450</timestamp>
			</report>
			<report>
				<misses>4133001</misses>
				<total>238</total>
				<timestamp>784.487214</timestamp>
			</report>
			<report>
				<misses>4134001</misses>
				<total>238</total>
				<timestamp>784.677102</timestamp>
			</report>
			<report>
				<misses>4135001</misses>
				<total>238</total>
				<timestamp>784.866816</timestamp>
			</report>
			<report>
				<misses>4136001</misses>
				<total>238</total>
				<timestamp>785.056667</timestamp>
			</report>
			<report>
				<misses>4137001</misses>
				<total>238</total>
				<timestamp>785.246496</timestamp>
			</report>
			<report>
				<misses>4138001</misses>
				<total>238</total>
				<timestamp>785.436240</timestamp>
			</report>
			<report>
				<misses>4139001</misses>
				<total>238</total>
				<timestamp>785.626070</timestamp>
			</report>
			<report>
				<misses>4140001</misses>
				<total>238</total>
				<timestamp>785.815864</timestamp>
			</report>
			<report>
				<misses>4141001</misses>
				<total>238</total>
				<timestamp>786.005663</timestamp>
			</report>
			<report>
				<misses>4142001</misses>
				<total>238</total>
				<timestamp>786.195489</timestamp>
			</report>
			<report>
				<misses>4143001</misses>
				<total>238</total>
				<timestamp>786.385275</timestamp>
			</report>
			<report>
				<misses>4144001</misses>
				<total>238</total>
				<timestamp>786.575113</timestamp>
			</report>
			<report>
				<misses>4145001</misses>
				<total>238</total>
				<timestamp>786.764903</timestamp>
			</report>
			<report>
				<misses>4146001</misses>
				<total>238</total>
				<timestamp>786.954786</timestamp>
			</report>
			<report>
				<misses>4147001</misses>
				<total>238</total>
				<timestamp>787.144632</timestamp>
			</report>
			<report>
				<misses>4148001</misses>
				<total>238</total>
				<timestamp>787.334392</timestamp>
			</report>
			<report>
				<misses>4149001</misses>
				<total>238</total>
				<timestamp>787.524158</timestamp>
			</report>
			<report>
				<misses>4150001</misses>
				<total>238</total>
				<timestamp>787.714040</timestamp>
			</report>
			<report>
				<misses>4151001</misses>
				<total>238</total>
				<timestamp>787.903840</timestamp>
			</report>
			<report>
				<misses>4152001</misses>
				<total>238</total>
				<timestamp>788.093580</timestamp>
			</report>
			<report>
				<misses>4153001</misses>
				<total>238</total>
				<timestamp>788.283451</timestamp>
			</report>
			<report>
				<misses>4154001</misses>
				<total>238</total>
				<timestamp>788.473195</timestamp>
			</report>
			<report>
				<misses>4155001</misses>
				<total>238</total>
				<timestamp>788.663065</timestamp>
			</report>
			<report>
				<misses>4156001</misses>
				<total>238</total>
				<timestamp>788.852814</timestamp>
			</report>
			<report>
				<misses>4157001</misses>
				<total>238</total>
				<timestamp>789.042625</timestamp>
			</report>
			<report>
				<misses>4158001</misses>
				<total>238</total>
				<timestamp>789.232456</timestamp>
			</report>
			<report>
				<misses>4159001</misses>
				<total>238</total>
				<timestamp>789.422244</timestamp>
			</report>
			<report>
				<misses>4160001</misses>
				<total>238</total>
				<timestamp>789.612080</timestamp>
			</report>
			<report>
				<misses>4161001</misses>
				<total>238</total>
				<timestamp>789.801948</timestamp>
			</report>
			<report>
				<misses>4162001</misses>
				<total>238</total>
				<timestamp>789.991734</timestamp>
			</report>
			<report>
				<misses>4163001</misses>
				<total>238</total>
				<timestamp>790.181493</timestamp>
			</report>
			<report>
				<misses>4164001</misses>
				<total>243</total>
				<timestamp>790.371300</timestamp>
			</report>
			<report>
				<misses>4165001</misses>
				<total>243</total>
				<timestamp>790.561211</timestamp>
			</report>
			<report>
				<misses>4166001</misses>
				<total>243</total>
				<timestamp>790.750937</timestamp>
			</report>
			<report>
				<misses>4167001</misses>
				<total>243</total>
				<timestamp>790.940777</timestamp>
			</report>
			<report>
				<misses>4168001</misses>
				<total>243</total>
				<timestamp>791.130592</timestamp>
			</report>
			<report>
				<misses>4169001</misses>
				<total>243</total>
				<timestamp>791.320353</timestamp>
			</report>
			<report>
				<misses>4170001</misses>
				<total>243</total>
				<timestamp>791.510166</timestamp>
			</report>
			<report>
				<misses>4171001</misses>
				<total>243</total>
				<timestamp>791.699993</timestamp>
			</report>
			<report>
				<misses>4172001</misses>
				<total>243</total>
				<timestamp>791.889809</timestamp>
			</report>
			<report>
				<misses>4173001</misses>
				<total>243</total>
				<timestamp>792.079642</timestamp>
			</report>
			<report>
				<misses>4174001</misses>
				<total>243</total>
				<timestamp>792.269411</timestamp>
			</report>
			<report>
				<misses>4175001</misses>
				<total>243</total>
				<timestamp>792.459248</timestamp>
			</report>
			<report>
				<misses>4176001</misses>
				<total>243</total>
				<timestamp>792.649059</timestamp>
			</report>
			<report>
				<misses>4177001</misses>
				<total>243</total>
				<timestamp>792.838846</timestamp>
			</report>
			<report>
				<misses>4178001</misses>
				<total>243</total>
				<timestamp>793.028643</timestamp>
			</report>
			<report>
				<misses>4179001</misses>
				<total>245</total>
				<timestamp>793.218523</timestamp>
			</report>
			<report>
				<misses>4180001</misses>
				<total>245</total>
				<timestamp>793.408255</timestamp>
			</report>
			<report>
				<misses>4181001</misses>
				<total>245</total>
				<timestamp>793.598124</timestamp>
			</report>
			<report>
				<misses>4182001</misses>
				<total>245</total>
				<timestamp>793.787958</timestamp>
			</report>
			<report>
				<misses>4183001</misses>
				<total>245</total>
				<timestamp>793.977693</timestamp>
			</report>
			<report>
				<misses>4184001</misses>
				<total>245</total>
				<timestamp>794.167512</timestamp>
			</report>
			<report>
				<misses>4185001</misses>
				<total>245</total>
				<timestamp>794.357313</timestamp>
			</report>
			<report>
				<misses>4186001</misses>
				<total>245</total>
				<timestamp>794.547195</timestamp>
			</report>
			<report>
				<misses>4187001</misses>
				<total>245</total>
				<timestamp>794.737019</timestamp>
			</report>
			<report>
				<misses>4188001</misses>
				<total>245</total>
				<timestamp>794.926734</timestamp>
			</report>
			<report>
				<misses>4189001</misses>
				<total>245</total>
				<timestamp>795.116566</timestamp>
			</report>
			<report>
				<misses>4190001</misses>
				<total>244</total>
				<timestamp>795.306432</timestamp>
			</report>
			<report>
				<misses>4191001</misses>
				<total>245</total>
				<timestamp>795.496163</timestamp>
			</report>
			<report>
				<misses>4192001</misses>
				<total>245</total>
				<timestamp>795.686002</timestamp>
			</report>
			<report>
				<misses>4193001</misses>
				<total>245</total>
				<timestamp>795.875808</timestamp>
			</report>
			<report>
				<misses>4194001</misses>
				<total>245</total>
				<timestamp>796.065601</timestamp>
			</report>
			<report>
				<misses>4195001</misses>
				<total>245</total>
				<timestamp>796.255458</timestamp>
			</report>
			<report>
				<misses>4196001</misses>
				<total>245</total>
				<timestamp>796.445221</timestamp>
			</report>
			<report>
				<misses>4197001</misses>
				<total>245</total>
				<timestamp>796.635072</timestamp>
			</report>
			<report>
				<misses>4198001</misses>
				<total>245</total>
				<timestamp>796.824843</timestamp>
			</report>
			<report>
				<misses>4199001</misses>
				<total>245</total>
				<timestamp>797.014690</timestamp>
			</report>
			<report>
				<misses>4200001</misses>
				<total>245</total>
				<timestamp>797.204474</timestamp>
			</report>
			<report>
				<misses>4201001</misses>
				<total>245</total>
				<timestamp>797.394291</timestamp>
			</report>
			<report>
				<misses>4202001</misses>
				<total>245</total>
				<timestamp>797.584151</timestamp>
			</report>
			<report>
				<misses>4203001</misses>
				<total>245</total>
				<timestamp>797.773912</timestamp>
			</report>
			<report>
				<misses>4204001</misses>
				<total>245</total>
				<timestamp>797.963714</timestamp>
			</report>
			<report>
				<misses>4205001</misses>
				<total>245</total>
				<timestamp>798.153532</timestamp>
			</report>
			<report>
				<misses>4206001</misses>
				<total>245</total>
				<timestamp>798.343383</timestamp>
			</report>
			<report>
				<misses>4207001</misses>
				<total>245</total>
				<timestamp>798.533208</timestamp>
			</report>
			<report>
				<misses>4208001</misses>
				<total>245</total>
				<timestamp>798.722996</timestamp>
			</report>
			<report>
				<misses>4209001</misses>
				<total>245</total>
				<timestamp>798.912803</timestamp>
			</report>
			<report>
				<misses>4210001</misses>
				<total>245</total>
				<timestamp>799.102620</timestamp>
			</report>
			<report>
				<misses>4211001</misses>
				<total>245</total>
				<timestamp>799.292397</timestamp>
			</report>
			<report>
				<misses>4212001</misses>
				<total>245</total>
				<timestamp>799.482235</timestamp>
			</report>
			<report>
				<misses>4213001</misses>
				<total>245</total>
				<timestamp>799.672069</timestamp>
			</report>
			<report>
				<misses>4214001</misses>
				<total>245</total>
				<timestamp>799.861903</timestamp>
			</report>
			<report>
				<misses>4215001</misses>
				<total>245</total>
				<timestamp>800.051662</timestamp>
			</report>
			<report>
				<misses>4216001</misses>
				<total>244</total>
				<timestamp>800.241500</timestamp>
			</report>
			<report>
				<misses>4217001</misses>
				<total>245</total>
				<timestamp>800.431317</timestamp>
			</report>
			<report>
				<misses>4218001</misses>
				<total>245</total>
				<timestamp>800.621163</timestamp>
			</report>
			<report>
				<misses>4219001</misses>
				<total>245</total>
				<timestamp>800.810843</timestamp>
			</report>
			<report>
				<misses>4220001</misses>
				<total>245</total>
				<timestamp>801.000701</timestamp>
			</report>
			<report>
				<misses>4221001</misses>
				<total>247</total>
				<timestamp>801.190475</timestamp>
			</report>
			<report>
				<misses>4222001</misses>
				<total>247</total>
				<timestamp>801.380268</timestamp>
			</report>
			<report>
				<misses>4223001</misses>
				<total>247</total>
				<timestamp>801.570089</timestamp>
			</report>
			<report>
				<misses>4224001</misses>
				<total>247</total>
				<timestamp>801.759931</timestamp>
			</report>
			<report>
				<misses>4225001</misses>
				<total>247</total>
				<timestamp>801.949761</timestamp>
			</report>
			<report>
				<misses>4226001</misses>
				<total>247</total>
				<timestamp>802.139586</timestamp>
			</report>
			<report>
				<misses>4227001</misses>
				<total>247</total>
				<timestamp>802.329395</timestamp>
			</report>
			<report>
				<misses>4228001</misses>
				<total>247</total>
				<timestamp>802.519128</timestamp>
			</report>
			<report>
				<misses>4229001</misses>
				<total>247</total>
				<timestamp>802.708991</timestamp>
			</report>
			<report>
				<misses>4230001</misses>
				<total>247</total>
				<timestamp>802.898764</timestamp>
			</report>
			<report>
				<misses>4231001</misses>
				<total>247</total>
				<timestamp>803.088563</timestamp>
			</report>
			<report>
				<misses>4232001</misses>
				<total>250</total>
				<timestamp>803.278419</timestamp>
			</report>
			<report>
				<misses>4233001</misses>
				<total>250</total>
				<timestamp>803.468216</timestamp>
			</report>
			<report>
				<misses>4234001</misses>
				<total>250</total>
				<timestamp>803.658077</timestamp>
			</report>
			<report>
				<misses>4235001</misses>
				<total>250</total>
				<timestamp>803.847807</timestamp>
			</report>
			<report>
				<misses>4236001</misses>
				<total>250</total>
				<timestamp>804.037639</timestamp>
			</report>
			<report>
				<misses>4237001</misses>
				<total>250</total>
				<timestamp>804.227495</timestamp>
			</report>
			<report>
				<misses>4238001</misses>
				<total>250</total>
				<timestamp>804.417290</timestamp>
			</report>
			<report>
				<misses>4239001</misses>
				<total>250</total>
				<timestamp>804.607077</timestamp>
			</report>
			<report>
				<misses>4240001</misses>
				<total>250</total>
				<timestamp>804.797007</timestamp>
			</report>
			<report>
				<misses>4241001</misses>
				<total>250</total>
				<timestamp>804.986716</timestamp>
			</report>
			<report>
				<misses>4242001</misses>
				<total>250</total>
				<timestamp>805.176541</timestamp>
			</report>
			<report>
				<misses>4243001</misses>
				<total>250</total>
				<timestamp>805.366319</timestamp>
			</report>
			<report>
				<misses>4244001</misses>
				<total>250</total>
				<timestamp>805.556160</timestamp>
			</report>
			<report>
				<misses>4245001</misses>
				<total>250</total>
				<timestamp>805.745937</timestamp>
			</report>
			<report>
				<misses>4246001</misses>
				<total>250</total>
				<timestamp>805.935716</timestamp>
			</report>
			<report>
				<misses>4247001</misses>
				<total>250</total>
				<timestamp>806.125601</timestamp>
			</report>
			<report>
				<misses>4248001</misses>
				<total>250</total>
				<timestamp>806.315380</timestamp>
			</report>
			<report>
				<misses>4249001</misses>
				<total>250</total>
				<timestamp>806.505304</timestamp>
			</report>
			<report>
				<misses>4250001</misses>
				<total>252</total>
				<timestamp>806.694960</timestamp>
			</report>
			<report>
				<misses>4251001</misses>
				<total>252</total>
				<timestamp>806.884824</timestamp>
			</report>
			<report>
				<misses>4252001</misses>
				<total>252</total>
				<timestamp>807.074565</timestamp>
			</report>
			<report>
				<misses>4253001</misses>
				<total>252</total>
				<timestamp>807.264413</timestamp>
			</report>
			<report>
				<misses>4254001</misses>
				<total>252</total>
				<timestamp>807.454196</timestamp>
			</report>
			<report>
				<misses>4255001</misses>
				<total>252</total>
				<timestamp>807.644004</timestamp>
			</report>
			<report>
				<misses>4256001</misses>
				<total>252</total>
				<timestamp>807.833863</timestamp>
			</report>
			<report>
				<misses>4257001</misses>
				<total>252</total>
				<timestamp>808.023635</timestamp>
			</report>
			<report>
				<misses>4258001</misses>
				<total>252</total>
				<timestamp>808.213479</timestamp>
			</report>
			<report>
				<misses>4259001</misses>
				<total>252</total>
				<timestamp>808.403311</timestamp>
			</report>
			<report>
				<misses>4260001</misses>
				<total>252</total>
				<timestamp>808.593086</timestamp>
			</report>
			<report>
				<misses>4261001</misses>
				<total>252</total>
				<timestamp>808.782912</timestamp>
			</report>
			<report>
				<misses>4262001</misses>
				<total>252</total>
				<timestamp>808.972693</timestamp>
			</report>
			<report>
				<misses>4263001</misses>
				<total>252</total>
				<timestamp>809.162496</timestamp>
			</report>
			<report>
				<misses>4264001</misses>
				<total>252</total>
				<timestamp>809.352377</timestamp>
			</report>
			<report>
				<misses>4265001</misses>
				<total>252</total>
				<timestamp>809.542202</timestamp>
			</report>
			<report>
				<misses>4266001</misses>
				<total>252</total>
				<timestamp>809.731943</timestamp>
			</report>
			<report>
				<misses>4267001</misses>
				<total>252</total>
				<timestamp>809.921734</timestamp>
			</report>
			<report>
				<misses>4268001</misses>
				<total>252</total>
				<timestamp>810.111564</timestamp>
			</report>
			<report>
				<misses>4269001</misses>
				<total>252</total>
				<timestamp>810.301338</timestamp>
			</report>
			<report>
				<misses>4270001</misses>
				<total>252</total>
				<timestamp>810.491238</timestamp>
			</report>
			<report>
				<misses>4271001</misses>
				<total>252</total>
				<timestamp>810.680980</timestamp>
			</report>
			<report>
				<misses>4272001</misses>
				<total>252</total>
				<timestamp>810.870771</timestamp>
			</report>
			<report>
				<misses>4273001</misses>
				<total>252</total>
				<timestamp>811.060581</timestamp>
			</report>
			<report>
				<misses>4274001</misses>
				<total>252</total>
				<timestamp>811.250520</timestamp>
			</report>
			<report>
				<misses>4275001</misses>
				<total>252</total>
				<timestamp>811.440290</timestamp>
			</report>
			<report>
				<misses>4276001</misses>
				<total>252</total>
				<timestamp>811.630061</timestamp>
			</report>
			<report>
				<misses>4277001</misses>
				<total>252</total>
				<timestamp>811.819857</timestamp>
			</report>
			<report>
				<misses>4278001</misses>
				<total>252</total>
				<timestamp>812.009676</timestamp>
			</report>
			<report>
				<misses>4279001</misses>
				<total>252</total>
				<timestamp>812.199443</timestamp>
			</report>
			<report>
				<misses>4280001</misses>
				<total>252</total>
				<timestamp>812.389309</timestamp>
			</report>
			<report>
				<misses>4281001</misses>
				<total>252</total>
				<timestamp>812.579082</timestamp>
			</report>
			<report>
				<misses>4282001</misses>
				<total>252</total>
				<timestamp>812.768908</timestamp>
			</report>
			<report>
				<misses>4283001</misses>
				<total>252</total>
				<timestamp>812.958812</timestamp>
			</report>
			<report>
				<misses>4284001</misses>
				<total>252</total>
				<timestamp>813.148588</timestamp>
			</report>
			<report>
				<misses>4285001</misses>
				<total>252</total>
				<timestamp>813.338324</timestamp>
			</report>
			<report>
				<misses>4286001</misses>
				<total>252</total>
				<timestamp>813.528150</timestamp>
			</report>
			<report>
				<misses>4287001</misses>
				<total>252</total>
				<timestamp>813.717994</timestamp>
			</report>
			<report>
				<misses>4288001</misses>
				<total>252</total>
				<timestamp>813.907741</timestamp>
			</report>
			<report>
				<misses>4289001</misses>
				<total>252</total>
				<timestamp>814.097669</timestamp>
			</report>
			<report>
				<misses>4290001</misses>
				<total>252</total>
				<timestamp>814.287370</timestamp>
			</report>
			<report>
				<misses>4291001</misses>
				<total>252</total>
				<timestamp>814.477194</timestamp>
			</report>
			<report>
				<misses>4292001</misses>
				<total>252</total>
				<timestamp>814.667058</timestamp>
			</report>
			<report>
				<misses>4293001</misses>
				<total>251</total>
				<timestamp>814.856850</timestamp>
			</report>
			<report>
				<misses>4294001</misses>
				<total>251</total>
				<timestamp>815.046677</timestamp>
			</report>
			<report>
				<misses>4295001</misses>
				<total>252</total>
				<timestamp>815.236426</timestamp>
			</report>
			<report>
				<misses>4296001</misses>
				<total>252</total>
				<timestamp>815.426251</timestamp>
			</report>
			<report>
				<misses>4297001</misses>
				<total>252</total>
				<timestamp>815.616024</timestamp>
			</report>
			<report>
				<misses>4298001</misses>
				<total>252</total>
				<timestamp>815.805925</timestamp>
			</report>
			<report>
				<misses>4299001</misses>
				<total>252</total>
				<timestamp>815.995630</timestamp>
			</report>
			<report>
				<misses>4300001</misses>
				<total>253</total>
				<timestamp>816.185454</timestamp>
			</report>
			<report>
				<misses>4301001</misses>
				<total>253</total>
				<timestamp>816.375290</timestamp>
			</report>
			<report>
				<misses>4302001</misses>
				<total>253</total>
				<timestamp>816.565127</timestamp>
			</report>
			<report>
				<misses>4303001</misses>
				<total>253</total>
				<timestamp>816.754938</timestamp>
			</report>
			<report>
				<misses>4304001</misses>
				<total>253</total>
				<timestamp>816.944722</timestamp>
			</report>
			<report>
				<misses>4305001</misses>
				<total>253</total>
				<timestamp>817.134538</timestamp>
			</report>
			<report>
				<misses>4306001</misses>
				<total>253</total>
				<timestamp>817.324377</timestamp>
			</report>
			<report>
				<misses>4307001</misses>
				<total>253</total>
				<timestamp>817.514244</timestamp>
			</report>
			<report>
				<misses>4308001</misses>
				<total>253</total>
				<timestamp>817.703969</timestamp>
			</report>
			<report>
				<misses>4309001</misses>
				<total>253</total>
				<timestamp>817.893798</timestamp>
			</report>
			<report>
				<misses>4310001</misses>
				<total>253</total>
				<timestamp>818.083623</timestamp>
			</report>
			<report>
				<misses>4311001</misses>
				<total>253</total>
				<timestamp>818.273399</timestamp>
			</report>
			<report>
				<misses>4312001</misses>
				<total>253</total>
				<timestamp>818.463211</timestamp>
			</report>
			<report>
				<misses>4313001</misses>
				<total>253</total>
				<timestamp>818.653008</timestamp>
			</report>
			<report>
				<misses>4314001</misses>
				<total>253</total>
				<timestamp>818.842943</timestamp>
			</report>
			<report>
				<misses>4315001</misses>
				<total>253</total>
				<timestamp>819.032631</timestamp>
			</report>
			<report>
				<misses>4316001</misses>
				<total>253</total>
				<timestamp>819.222430</timestamp>
			</report>
			<report>
				<misses>4317001</misses>
				<total>253</total>
				<timestamp>819.412266</timestamp>
			</report>
			<report>
				<misses>4318001</misses>
				<total>253</total>
				<timestamp>819.602040</timestamp>
			</report>
			<report>
				<misses>4319001</misses>
				<total>253</total>
				<timestamp>819.791915</timestamp>
			</report>
			<report>
				<misses>4320001</misses>
				<total>253</total>
				<timestamp>819.981656</timestamp>
			</report>
			<report>
				<misses>4321001</misses>
				<total>253</total>
				<timestamp>820.171510</timestamp>
			</report>
			<report>
				<misses>4322001</misses>
				<total>253</total>
				<timestamp>820.361279</timestamp>
			</report>
			<report>
				<misses>4323001</misses>
				<total>253</total>
				<timestamp>820.551143</timestamp>
			</report>
			<report>
				<misses>4324001</misses>
				<total>253</total>
				<timestamp>820.741029</timestamp>
			</report>
			<report>
				<misses>4325001</misses>
				<total>253</total>
				<timestamp>820.930704</timestamp>
			</report>
			<report>
				<misses>4326001</misses>
				<total>253</total>
				<timestamp>821.120521</timestamp>
			</report>
			<report>
				<misses>4327001</misses>
				<total>253</total>
				<timestamp>821.310335</timestamp>
			</report>
			<report>
				<misses>4328001</misses>
				<total>253</total>
				<timestamp>821.500180</timestamp>
			</report>
			<report>
				<misses>4329001</misses>
				<total>253</total>
				<timestamp>821.689966</timestamp>
			</report>
			<report>
				<misses>4330001</misses>
				<total>253</total>
				<timestamp>821.879821</timestamp>
			</report>
			<report>
				<misses>4331001</misses>
				<total>253</total>
				<timestamp>822.069664</timestamp>
			</report>
			<report>
				<misses>4332001</misses>
				<total>255</total>
				<timestamp>822.259411</timestamp>
			</report>
			<report>
				<misses>4333001</misses>
				<total>256</total>
				<timestamp>822.449202</timestamp>
			</report>
			<report>
				<misses>4334001</misses>
				<total>256</total>
				<timestamp>822.639014</timestamp>
			</report>
			<report>
				<misses>4335001</misses>
				<total>256</total>
				<timestamp>822.828869</timestamp>
			</report>
			<report>
				<misses>4336001</misses>
				<total>259</total>
				<timestamp>823.018636</timestamp>
			</report>
			<report>
				<misses>4337001</misses>
				<total>259</total>
				<timestamp>823.208446</timestamp>
			</report>
			<report>
				<misses>4338001</misses>
				<total>258</total>
				<timestamp>823.398269</timestamp>
			</report>
			<report>
				<misses>4339001</misses>
				<total>259</total>
				<timestamp>823.588118</timestamp>
			</report>
			<report>
				<misses>4340001</misses>
				<total>259</total>
				<timestamp>823.777946</timestamp>
			</report>
			<report>
				<misses>4341001</misses>
				<total>259</total>
				<timestamp>823.967686</timestamp>
			</report>
			<report>
				<misses>4342001</misses>
				<total>259</total>
				<timestamp>824.157519</timestamp>
			</report>
			<report>
				<misses>4343001</misses>
				<total>259</total>
				<timestamp>824.347303</timestamp>
			</report>
			<report>
				<misses>4344001</misses>
				<total>259</total>
				<timestamp>824.537079</timestamp>
			</report>
			<report>
				<misses>4345001</misses>
				<total>259</total>
				<timestamp>824.727061</timestamp>
			</report>
			<report>
				<misses>4346001</misses>
				<total>259</total>
				<timestamp>824.916733</timestamp>
			</report>
			<report>
				<misses>4347001</misses>
				<total>259</total>
				<timestamp>825.106570</timestamp>
			</report>
			<report>
				<misses>4348001</misses>
				<total>259</total>
				<timestamp>825.296335</timestamp>
			</report>
			<report>
				<misses>4349001</misses>
				<total>259</total>
				<timestamp>825.486160</timestamp>
			</report>
			<report>
				<misses>4350001</misses>
				<total>259</total>
				<timestamp>825.675969</timestamp>
			</report>
			<report>
				<misses>4351001</misses>
				<total>259</total>
				<timestamp>825.865821</timestamp>
			</report>
			<report>
				<misses>4352001</misses>
				<total>259</total>
				<timestamp>826.055583</timestamp>
			</report>
			<report>
				<misses>4353001</misses>
				<total>259</total>
				<timestamp>826.245392</timestamp>
			</report>
			<report>
				<misses>4354001</misses>
				<total>259</total>
				<timestamp>826.435194</timestamp>
			</report>
			<report>
				<misses>4355001</misses>
				<total>259</total>
				<timestamp>826.625081</timestamp>
			</report>
			<report>
				<misses>4356001</misses>
				<total>259</total>
				<timestamp>826.814881</timestamp>
			</report>
			<report>
				<misses>4357001</misses>
				<total>259</total>
				<timestamp>827.004623</timestamp>
			</report>
			<report>
				<misses>4358001</misses>
				<total>259</total>
				<timestamp>827.194520</timestamp>
			</report>
			<report>
				<misses>4359001</misses>
				<total>258</total>
				<timestamp>827.384295</timestamp>
			</report>
			<report>
				<misses>4360001</misses>
				<total>259</total>
				<timestamp>827.574095</timestamp>
			</report>
			<report>
				<misses>4361001</misses>
				<total>259</total>
				<timestamp>827.763856</timestamp>
			</report>
			<report>
				<misses>4362001</misses>
				<total>259</total>
				<timestamp>827.953690</timestamp>
			</report>
			<report>
				<misses>4363001</misses>
				<total>259</total>
				<timestamp>828.143505</timestamp>
			</report>
			<report>
				<misses>4364001</misses>
				<total>259</total>
				<timestamp>828.333328</timestamp>
			</report>
			<report>
				<misses>4365001</misses>
				<total>259</total>
				<timestamp>828.523109</timestamp>
			</report>
			<report>
				<misses>4366001</misses>
				<total>259</total>
				<timestamp>828.712921</timestamp>
			</report>
			<report>
				<misses>4367001</misses>
				<total>259</total>
				<timestamp>828.902819</timestamp>
			</report>
			<report>
				<misses>4368001</misses>
				<total>259</total>
				<timestamp>829.092538</timestamp>
			</report>
			<report>
				<misses>4369001</misses>
				<total>259</total>
				<timestamp>829.282379</timestamp>
			</report>
			<report>
				<misses>4370001</misses>
				<total>259</total>
				<timestamp>829.472148</timestamp>
			</report>
			<report>
				<misses>4371001</misses>
				<total>259</total>
				<timestamp>829.661949</timestamp>
			</report>
			<report>
				<misses>4372001</misses>
				<total>259</total>
				<timestamp>829.851789</timestamp>
			</report>
			<report>
				<misses>4373001</misses>
				<total>259</total>
				<timestamp>830.041689</timestamp>
			</report>
			<report>
				<misses>4374001</misses>
				<total>259</total>
				<timestamp>830.231438</timestamp>
			</report>
			<report>
				<misses>4375001</misses>
				<total>259</total>
				<timestamp>830.421199</timestamp>
			</report>
			<report>
				<misses>4376001</misses>
				<total>258</total>
				<timestamp>830.611081</timestamp>
			</report>
			<report>
				<misses>4377001</misses>
				<total>259</total>
				<timestamp>830.800892</timestamp>
			</report>
			<report>
				<misses>4378001</misses>
				<total>259</total>
				<timestamp>830.990699</timestamp>
			</report>
			<report>
				<misses>4379001</misses>
				<total>259</total>
				<timestamp>831.180447</timestamp>
			</report>
			<report>
				<misses>4380001</misses>
				<total>259</total>
				<timestamp>831.370304</timestamp>
			</report>
			<report>
				<misses>4381001</misses>
				<total>259</total>
				<timestamp>831.560059</timestamp>
			</report>
			<report>
				<misses>4382001</misses>
				<total>259</total>
				<timestamp>831.749888</timestamp>
			</report>
			<report>
				<misses>4383001</misses>
				<total>259</total>
				<timestamp>831.939794</timestamp>
			</report>
			<report>
				<misses>4384001</misses>
				<total>259</total>
				<timestamp>832.129495</timestamp>
			</report>
			<report>
				<misses>4385001</misses>
				<total>259</total>
				<timestamp>832.319297</timestamp>
			</report>
			<report>
				<misses>4386001</misses>
				<total>259</total>
				<timestamp>832.509182</timestamp>
			</report>
			<report>
				<misses>4387001</misses>
				<total>259</total>
				<timestamp>832.698919</timestamp>
			</report>
			<report>
				<misses>4388001</misses>
				<total>259</total>
				<timestamp>832.888784</timestamp>
			</report>
			<report>
				<misses>4389001</misses>
				<total>259</total>
				<timestamp>833.078558</timestamp>
			</report>
			<report>
				<misses>4390001</misses>
				<total>259</total>
				<timestamp>833.268381</timestamp>
			</report>
			<report>
				<misses>4391001</misses>
				<total>259</total>
				<timestamp>833.458153</timestamp>
			</report>
			<report>
				<misses>4392001</misses>
				<total>259</total>
				<timestamp>833.648011</timestamp>
			</report>
			<report>
				<misses>4393001</misses>
				<total>259</total>
				<timestamp>833.837839</timestamp>
			</report>
			<report>
				<misses>4394001</misses>
				<total>259</total>
				<timestamp>834.027625</timestamp>
			</report>
			<report>
				<misses>4395001</misses>
				<total>259</total>
				<timestamp>834.217399</timestamp>
			</report>
			<report>
				<misses>4396001</misses>
				<total>259</total>
				<timestamp>834.407217</timestamp>
			</report>
			<report>
				<misses>4397001</misses>
				<total>259</total>
				<timestamp>834.597077</timestamp>
			</report>
			<report>
				<misses>4398001</misses>
				<total>259</total>
				<timestamp>834.786898</timestamp>
			</report>
			<report>
				<misses>4399001</misses>
				<total>258</total>
				<timestamp>834.976714</timestamp>
			</report>
			<report>
				<misses>4400001</misses>
				<total>260</total>
				<timestamp>835.166523</timestamp>
			</report>
			<report>
				<misses>4401001</misses>
				<total>260</total>
				<timestamp>835.356271</timestamp>
			</report>
			<report>
				<misses>4402001</misses>
				<total>260</total>
				<timestamp>835.546091</timestamp>
			</report>
			<report>
				<misses>4403001</misses>
				<total>260</total>
				<timestamp>835.735914</timestamp>
			</report>
			<report>
				<misses>4404001</misses>
				<total>260</total>
				<timestamp>835.925730</timestamp>
			</report>
			<report>
				<misses>4405001</misses>
				<total>260</total>
				<timestamp>836.115554</timestamp>
			</report>
			<report>
				<misses>4406001</misses>
				<total>260</total>
				<timestamp>836.305319</timestamp>
			</report>
			<report>
				<misses>4407001</misses>
				<total>260</total>
				<timestamp>836.495134</timestamp>
			</report>
			<report>
				<misses>4408001</misses>
				<total>260</total>
				<timestamp>836.684949</timestamp>
			</report>
			<report>
				<misses>4409001</misses>
				<total>260</total>
				<timestamp>836.874778</timestamp>
			</report>
			<report>
				<misses>4410001</misses>
				<total>260</total>
				<timestamp>837.064620</timestamp>
			</report>
			<report>
				<misses>4411001</misses>
				<total>260</total>
				<timestamp>837.254447</timestamp>
			</report>
			<report>
				<misses>4412001</misses>
				<total>260</total>
				<timestamp>837.444177</timestamp>
			</report>
			<report>
				<misses>4413001</misses>
				<total>260</total>
				<timestamp>837.634015</timestamp>
			</report>
			<report>
				<misses>4414001</misses>
				<total>260</total>
				<timestamp>837.823813</timestamp>
			</report>
			<report>
				<misses>4415001</misses>
				<total>260</total>
				<timestamp>838.013621</timestamp>
			</report>
			<report>
				<misses>4416001</misses>
				<total>260</total>
				<timestamp>838.203421</timestamp>
			</report>
			<report>
				<misses>4417001</misses>
				<total>260</total>
				<timestamp>838.393267</timestamp>
			</report>
			<report>
				<misses>4418001</misses>
				<total>260</total>
				<timestamp>838.583059</timestamp>
			</report>
			<report>
				<misses>4419001</misses>
				<total>260</total>
				<timestamp>838.772858</timestamp>
			</report>
			<report>
				<misses>4420001</misses>
				<total>260</total>
				<timestamp>838.962699</timestamp>
			</report>
			<report>
				<misses>4421001</misses>
				<total>260</total>
				<timestamp>839.152472</timestamp>
			</report>
			<report>
				<misses>4422001</misses>
				<total>260</total>
				<timestamp>839.342282</timestamp>
			</report>
			<report>
				<misses>4423001</misses>
				<total>260</total>
				<timestamp>839.532102</timestamp>
			</report>
			<report>
				<misses>4424001</misses>
				<total>260</total>
				<timestamp>839.721943</timestamp>
			</report>
			<report>
				<misses>4425001</misses>
				<total>260</total>
				<timestamp>839.911764</timestamp>
			</report>
			<report>
				<misses>4426001</misses>
				<total>260</total>
				<timestamp>840.101525</timestamp>
			</report>
			<report>
				<misses>4427001</misses>
				<total>260</total>
				<timestamp>840.291318</timestamp>
			</report>
			<report>
				<misses>4428001</misses>
				<total>261</total>
				<timestamp>840.481145</timestamp>
			</report>
			<report>
				<misses>4429001</misses>
				<total>261</total>
				<timestamp>840.671048</timestamp>
			</report>
			<report>
				<misses>4430001</misses>
				<total>261</total>
				<timestamp>840.860781</timestamp>
			</report>
			<report>
				<misses>4431001</misses>
				<total>261</total>
				<timestamp>841.050577</timestamp>
			</report>
			<report>
				<misses>4432001</misses>
				<total>261</total>
				<timestamp>841.240476</timestamp>
			</report>
			<report>
				<misses>4433001</misses>
				<total>261</total>
				<timestamp>841.430254</timestamp>
			</report>
			<report>
				<misses>4434001</misses>
				<total>261</total>
				<timestamp>841.620061</timestamp>
			</report>
			<report>
				<misses>4435001</misses>
				<total>261</total>
				<timestamp>841.809866</timestamp>
			</report>
			<report>
				<misses>4436001</misses>
				<total>260</total>
				<timestamp>841.999666</timestamp>
			</report>
			<report>
				<misses>4437001</misses>
				<total>261</total>
				<timestamp>842.189433</timestamp>
			</report>
			<report>
				<misses>4438001</misses>
				<total>261</total>
				<timestamp>842.379238</timestamp>
			</report>
			<report>
				<misses>4439001</misses>
				<total>261</total>
				<timestamp>842.569050</timestamp>
			</report>
			<report>
				<misses>4440001</misses>
				<total>261</total>
				<timestamp>842.758883</timestamp>
			</report>
			<report>
				<misses>4441001</misses>
				<total>261</total>
				<timestamp>842.948705</timestamp>
			</report>
			<report>
				<misses>4442001</misses>
				<total>261</total>
				<timestamp>843.138517</timestamp>
			</report>
			<report>
				<misses>4443001</misses>
				<total>261</total>
				<timestamp>843.328348</timestamp>
			</report>
			<report>
				<misses>4444001</misses>
				<total>261</total>
				<timestamp>843.518155</timestamp>
			</report>
			<report>
				<misses>4445001</misses>
				<total>261</total>
				<timestamp>843.707919</timestamp>
			</report>
			<report>
				<misses>4446001</misses>
				<total>261</total>
				<timestamp>843.897767</timestamp>
			</report>
			<report>
				<misses>4447001</misses>
				<total>261</total>
				<timestamp>844.087554</timestamp>
			</report>
			<report>
				<misses>4448001</misses>
				<total>261</total>
				<timestamp>844.277358</timestamp>
			</report>
			<report>
				<misses>4449001</misses>
				<total>261</total>
				<timestamp>844.467229</timestamp>
			</report>
			<report>
				<misses>4450001</misses>
				<total>261</total>
				<timestamp>844.657064</timestamp>
			</report>
			<report>
				<misses>4451001</misses>
				<total>261</total>
				<timestamp>844.846771</timestamp>
			</report>
			<report>
				<misses>4452001</misses>
				<total>261</total>
				<timestamp>845.036572</timestamp>
			</report>
			<report>
				<misses>4453001</misses>
				<total>261</total>
				<timestamp>845.226492</timestamp>
			</report>
			<report>
				<misses>4454001</misses>
				<total>261</total>
				<timestamp>845.416205</timestamp>
			</report>
			<report>
				<misses>4455001</misses>
				<total>261</total>
				<timestamp>845.606059</timestamp>
			</report>
			<report>
				<misses>4456001</misses>
				<total>261</total>
				<timestamp>845.795832</timestamp>
			</report>
			<report>
				<misses>4457001</misses>
				<total>261</total>
				<timestamp>845.985692</timestamp>
			</report>
			<report>
				<misses>4458001</misses>
				<total>261</total>
				<timestamp>846.175454</timestamp>
			</report>
			<report>
				<misses>4459001</misses>
				<total>261</total>
				<timestamp>846.365251</timestamp>
			</report>
			<report>
				<misses>4460001</misses>
				<total>261</total>
				<timestamp>846.555074</timestamp>
			</report>
			<report>
				<misses>4461001</misses>
				<total>261</total>
				<timestamp>846.744847</timestamp>
			</report>
			<report>
				<misses>4462001</misses>
				<total>261</total>
				<timestamp>846.934800</timestamp>
			</report>
			<report>
				<misses>4463001</misses>
				<total>261</total>
				<timestamp>847.124479</timestamp>
			</report>
			<report>
				<misses>4464001</misses>
				<total>261</total>
				<timestamp>847.314306</timestamp>
			</report>
			<report>
				<misses>4465001</misses>
				<total>261</total>
				<timestamp>847.504109</timestamp>
			</report>
			<report>
				<misses>4466001</misses>
				<total>261</total>
				<timestamp>847.693905</timestamp>
			</report>
			<report>
				<misses>4467001</misses>
				<total>261</total>
				<timestamp>847.883835</timestamp>
			</report>
			<report>
				<misses>4468001</misses>
				<total>261</total>
				<timestamp>848.073568</timestamp>
			</report>
			<report>
				<misses>4469001</misses>
				<total>261</total>
				<timestamp>848.263352</timestamp>
			</report>
			<report>
				<misses>4470001</misses>
				<total>261</total>
				<timestamp>848.453200</timestamp>
			</report>
			<report>
				<misses>4471001</misses>
				<total>260</total>
				<timestamp>848.643055</timestamp>
			</report>
			<report>
				<misses>4472001</misses>
				<total>261</total>
				<timestamp>848.832812</timestamp>
			</report>
			<report>
				<misses>4473001</misses>
				<total>261</total>
				<timestamp>849.022664</timestamp>
			</report>
			<report>
				<misses>4474001</misses>
				<total>261</total>
				<timestamp>849.212419</timestamp>
			</report>
			<report>
				<misses>4475001</misses>
				<total>261</total>
				<timestamp>849.402227</timestamp>
			</report>
			<report>
				<misses>4476001</misses>
				<total>261</total>
				<timestamp>849.592038</timestamp>
			</report>
			<report>
				<misses>4477001</misses>
				<total>261</total>
				<timestamp>849.781870</timestamp>
			</report>
			<report>
				<misses>4478001</misses>
				<total>260</total>
				<timestamp>849.971688</timestamp>
			</report>
			<report>
				<misses>4479001</misses>
				<total>261</total>
				<timestamp>850.161534</timestamp>
			</report>
			<report>
				<misses>4480001</misses>
				<total>261</total>
				<timestamp>850.351250</timestamp>
			</report>
			<report>
				<misses>4481001</misses>
				<total>261</total>
				<timestamp>850.541066</timestamp>
			</report>
			<report>
				<misses>4482001</misses>
				<total>261</total>
				<timestamp>850.730905</timestamp>
			</report>
			<report>
				<misses>4483001</misses>
				<total>261</total>
				<timestamp>850.920681</timestamp>
			</report>
			<report>
				<misses>4484001</misses>
				<total>261</total>
				<timestamp>851.110553</timestamp>
			</report>
			<report>
				<misses>4485001</misses>
				<total>261</total>
				<timestamp>851.300305</timestamp>
			</report>
			<report>
				<misses>4486001</misses>
				<total>261</total>
				<timestamp>851.490130</timestamp>
			</report>
			<report>
				<misses>4487001</misses>
				<total>261</total>
				<timestamp>851.679931</timestamp>
			</report>
			<report>
				<misses>4488001</misses>
				<total>261</total>
				<timestamp>851.869738</timestamp>
			</report>
			<report>
				<misses>4489001</misses>
				<total>261</total>
				<timestamp>852.059548</timestamp>
			</report>
			<report>
				<misses>4490001</misses>
				<total>261</total>
				<timestamp>852.249354</timestamp>
			</report>
			<report>
				<misses>4491001</misses>
				<total>261</total>
				<timestamp>852.439156</timestamp>
			</report>
			<report>
				<misses>4492001</misses>
				<total>261</total>
				<timestamp>852.629004</timestamp>
			</report>
			<report>
				<misses>4493001</misses>
				<total>261</total>
				<timestamp>852.818899</timestamp>
			</report>
			<report>
				<misses>4494001</misses>
				<total>261</total>
				<timestamp>853.008635</timestamp>
			</report>
			<report>
				<misses>4495001</misses>
				<total>261</total>
				<timestamp>853.198433</timestamp>
			</report>
			<report>
				<misses>4496001</misses>
				<total>261</total>
				<timestamp>853.388214</timestamp>
			</report>
			<report>
				<misses>4497001</misses>
				<total>261</total>
				<timestamp>853.578053</timestamp>
			</report>
			<report>
				<misses>4498001</misses>
				<total>261</total>
				<timestamp>853.767823</timestamp>
			</report>
			<report>
				<misses>4499001</misses>
				<total>261</total>
				<timestamp>853.957655</timestamp>
			</report>
			<report>
				<misses>4500001</misses>
				<total>261</total>
				<timestamp>854.147494</timestamp>
			</report>
			<report>
				<misses>4501001</misses>
				<total>261</total>
				<timestamp>854.337263</timestamp>
			</report>
			<report>
				<misses>4502001</misses>
				<total>262</total>
				<timestamp>854.527155</timestamp>
			</report>
			<report>
				<misses>4503001</misses>
				<total>262</total>
				<timestamp>854.716893</timestamp>
			</report>
			<report>
				<misses>4504001</misses>
				<total>262</total>
				<timestamp>854.906821</timestamp>
			</report>
			<report>
				<misses>4505001</misses>
				<total>262</total>
				<timestamp>855.096507</timestamp>
			</report>
			<report>
				<misses>4506001</misses>
				<total>262</total>
				<timestamp>855.286319</timestamp>
			</report>
			<report>
				<misses>4507001</misses>
				<total>262</total>
				<timestamp>855.476184</timestamp>
			</report>
			<report>
				<misses>4508001</misses>
				<total>263</total>
				<timestamp>855.665995</timestamp>
			</report>
			<report>
				<misses>4509001</misses>
				<total>263</total>
				<timestamp>855.855739</timestamp>
			</report>
			<report>
				<misses>4510001</misses>
				<total>263</total>
				<timestamp>856.045653</timestamp>
			</report>
			<report>
				<misses>4511001</misses>
				<total>263</total>
				<timestamp>856.235396</timestamp>
			</report>
			<report>
				<misses>4512001</misses>
				<total>263</total>
				<timestamp>856.425180</timestamp>
			</report>
			<report>
				<misses>4513001</misses>
				<total>270</total>
				<timestamp>856.615018</timestamp>
			</report>
			<report>
				<misses>4514001</misses>
				<total>270</total>
				<timestamp>856.804820</timestamp>
			</report>
			<report>
				<misses>4515001</misses>
				<total>270</total>
				<timestamp>856.994638</timestamp>
			</report>
			<report>
				<misses>4516001</misses>
				<total>270</total>
				<timestamp>857.184405</timestamp>
			</report>
			<report>
				<misses>4517001</misses>
				<total>270</total>
				<timestamp>857.374299</timestamp>
			</report>
			<report>
				<misses>4518001</misses>
				<total>270</total>
				<timestamp>857.564046</timestamp>
			</report>
			<report>
				<misses>4519001</misses>
				<total>270</total>
				<timestamp>857.753921</timestamp>
			</report>
			<report>
				<misses>4520001</misses>
				<total>270</total>
				<timestamp>857.943729</timestamp>
			</report>
			<report>
				<misses>4521001</misses>
				<total>269</total>
				<timestamp>858.133522</timestamp>
			</report>
			<report>
				<misses>4522001</misses>
				<total>270</total>
				<timestamp>858.323259</timestamp>
			</report>
			<report>
				<misses>4523001</misses>
				<total>270</total>
				<timestamp>858.513100</timestamp>
			</report>
			<report>
				<misses>4524001</misses>
				<total>270</total>
				<timestamp>858.702888</timestamp>
			</report>
			<report>
				<misses>4525001</misses>
				<total>270</total>
				<timestamp>858.892742</timestamp>
			</report>
			<report>
				<misses>4526001</misses>
				<total>270</total>
				<timestamp>859.082573</timestamp>
			</report>
			<report>
				<misses>4527001</misses>
				<total>274</total>
				<timestamp>859.272361</timestamp>
			</report>
			<report>
				<misses>4528001</misses>
				<total>274</total>
				<timestamp>859.462132</timestamp>
			</report>
			<report>
				<misses>4529001</misses>
				<total>274</total>
				<timestamp>859.651996</timestamp>
			</report>
			<report>
				<misses>4530001</misses>
				<total>274</total>
				<timestamp>859.841766</timestamp>
			</report>
			<report>
				<misses>4531001</misses>
				<total>274</total>
				<timestamp>860.031600</timestamp>
			</report>
			<report>
				<misses>4532001</misses>
				<total>274</total>
				<timestamp>860.221381</timestamp>
			</report>
			<report>
				<misses>4533001</misses>
				<total>274</total>
				<timestamp>860.411284</timestamp>
			</report>
			<report>
				<misses>4534001</misses>
				<total>274</total>
				<timestamp>860.600990</timestamp>
			</report>
			<report>
				<misses>4535001</misses>
				<total>274</total>
				<timestamp>860.790851</timestamp>
			</report>
			<report>
				<misses>4536001</misses>
				<total>274</total>
				<timestamp>860.980726</timestamp>
			</report>
			<report>
				<misses>4537001</misses>
				<total>274</total>
				<timestamp>861.170452</timestamp>
			</report>
			<report>
				<misses>4538001</misses>
				<total>274</total>
				<timestamp>861.360223</timestamp>
			</report>
			<report>
				<misses>4539001</misses>
				<total>274</total>
				<timestamp>861.550080</timestamp>
			</report>
			<report>
				<misses>4540001</misses>
				<total>274</total>
				<timestamp>861.739865</timestamp>
			</report>
			<report>
				<misses>4541001</misses>
				<total>274</total>
				<timestamp>861.929714</timestamp>
			</report>
			<report>
				<misses>4542001</misses>
				<total>273</total>
				<timestamp>862.119523</timestamp>
			</report>
			<report>
				<misses>4543001</misses>
				<total>274</total>
				<timestamp>862.309323</timestamp>
			</report>
			<report>
				<misses>4544001</misses>
				<total>274</total>
				<timestamp>862.499132</timestamp>
			</report>
			<report>
				<misses>4545001</misses>
				<total>274</total>
				<timestamp>862.688893</timestamp>
			</report>
			<report>
				<misses>4546001</misses>
				<total>274</total>
				<timestamp>862.878758</timestamp>
			</report>
			<report>
				<misses>4547001</misses>
				<total>274</total>
				<timestamp>863.068552</timestamp>
			</report>
			<report>
				<misses>4548001</misses>
				<total>274</total>
				<timestamp>863.258350</timestamp>
			</report>
			<report>
				<misses>4549001</misses>
				<total>274</total>
				<timestamp>863.448254</timestamp>
			</report>
			<report>
				<misses>4550001</misses>
				<total>274</total>
				<timestamp>863.637954</timestamp>
			</report>
			<report>
				<misses>4551001</misses>
				<total>274</total>
				<timestamp>863.827813</timestamp>
			</report>
			<report>
				<misses>4552001</misses>
				<total>274</total>
				<timestamp>864.017615</timestamp>
			</report>
			<report>
				<misses>4553001</misses>
				<total>274</total>
				<timestamp>864.207432</timestamp>
			</report>
			<report>
				<misses>4554001</misses>
				<total>274</total>
				<timestamp>864.397183</timestamp>
			</report>
			<report>
				<misses>4555001</misses>
				<total>274</total>
				<timestamp>864.587030</timestamp>
			</report>
			<report>
				<misses>4556001</misses>
				<total>274</total>
				<timestamp>864.776806</timestamp>
			</report>
			<report>
				<misses>4557001</misses>
				<total>274</total>
				<timestamp>864.966632</timestamp>
			</report>
			<report>
				<misses>4558001</misses>
				<total>274</total>
				<timestamp>865.156591</timestamp>
			</report>
			<report>
				<misses>4559001</misses>
				<total>274</total>
				<timestamp>865.346242</timestamp>
			</report>
			<report>
				<misses>4560001</misses>
				<total>274</total>
				<timestamp>865.536053</timestamp>
			</report>
			<report>
				<misses>4561001</misses>
				<total>274</total>
				<timestamp>865.725885</timestamp>
			</report>
			<report>
				<misses>4562001</misses>
				<total>274</total>
				<timestamp>865.915701</timestamp>
			</report>
			<report>
				<misses>4563001</misses>
				<total>274</total>
				<timestamp>866.105503</timestamp>
			</report>
			<report>
				<misses>4564001</misses>
				<total>274</total>
				<timestamp>866.295324</timestamp>
			</report>
			<report>
				<misses>4565001</misses>
				<total>274</total>
				<timestamp>866.485184</timestamp>
			</report>
			<report>
				<misses>4566001</misses>
				<total>274</total>
				<timestamp>866.674951</timestamp>
			</report>
			<report>
				<misses>4567001</misses>
				<total>274</total>
				<timestamp>866.864856</timestamp>
			</report>
			<report>
				<misses>4568001</misses>
				<total>274</total>
				<timestamp>867.054546</timestamp>
			</report>
			<report>
				<misses>4569001</misses>
				<total>274</total>
				<timestamp>867.244413</timestamp>
			</report>
			<report>
				<misses>4570001</misses>
				<total>274</total>
				<timestamp>867.434170</timestamp>
			</report>
			<report>
				<misses>4571001</misses>
				<total>274</total>
				<timestamp>867.624053</timestamp>
			</report>
			<report>
				<misses>4572001</misses>
				<total>274</total>
				<timestamp>867.813752</timestamp>
			</report>
			<report>
				<misses>4573001</misses>
				<total>274</total>
				<timestamp>868.003594</timestamp>
			</report>
			<report>
				<misses>4574001</misses>
				<total>274</total>
				<timestamp>868.193456</timestamp>
			</report>
			<report>
				<misses>4575001</misses>
				<total>274</total>
				<timestamp>868.383265</timestamp>
			</report>
			<report>
				<misses>4576001</misses>
				<total>278</total>
				<timestamp>868.573050</timestamp>
			</report>
			<report>
				<misses>4577001</misses>
				<total>278</total>
				<timestamp>868.762858</timestamp>
			</report>
			<report>
				<misses>4578001</misses>
				<total>279</total>
				<timestamp>868.952737</timestamp>
			</report>
			<report>
				<misses>4579001</misses>
				<total>278</total>
				<timestamp>869.142496</timestamp>
			</report>
			<report>
				<misses>4580001</misses>
				<total>279</total>
				<timestamp>869.332242</timestamp>
			</report>
			<report>
				<misses>4581001</misses>
				<total>279</total>
				<timestamp>869.522069</timestamp>
			</report>
			<report>
				<misses>4582001</misses>
				<total>279</total>
				<timestamp>869.711905</timestamp>
			</report>
			<report>
				<misses>4583001</misses>
				<total>279</total>
				<timestamp>869.901671</timestamp>
			</report>
			<report>
				<misses>4584001</misses>
				<total>280</total>
				<timestamp>870.091547</timestamp>
			</report>
			<report>
				<misses>4585001</misses>
				<total>280</total>
				<timestamp>870.281349</timestamp>
			</report>
			<report>
				<misses>4586001</misses>
				<total>280</total>
				<timestamp>870.471099</timestamp>
			</report>
			<report>
				<misses>4587001</misses>
				<total>280</total>
				<timestamp>870.661007</timestamp>
			</report>
			<report>
				<misses>4588001</misses>
				<total>280</total>
				<timestamp>870.850735</timestamp>
			</report>
			<report>
				<misses>4589001</misses>
				<total>280</total>
				<timestamp>871.040593</timestamp>
			</report>
			<report>
				<misses>4590001</misses>
				<total>280</total>
				<timestamp>871.230456</timestamp>
			</report>
			<report>
				<misses>4591001</misses>
				<total>280</total>
				<timestamp>871.420209</timestamp>
			</report>
			<report>
				<misses>4592001</misses>
				<total>280</total>
				<timestamp>871.610046</timestamp>
			</report>
			<report>
				<misses>4593001</misses>
				<total>280</total>
				<timestamp>871.799817</timestamp>
			</report>
			<report>
				<misses>4594001</misses>
				<total>280</total>
				<timestamp>871.989623</timestamp>
			</report>
			<report>
				<misses>4595001</misses>
				<total>280</total>
				<timestamp>872.179414</timestamp>
			</report>
			<report>
				<misses>4596001</misses>
				<total>280</total>
				<timestamp>872.369201</timestamp>
			</report>
			<report>
				<misses>4597001</misses>
				<total>280</total>
				<timestamp>872.559037</timestamp>
			</report>
			<report>
				<misses>4598001</misses>
				<total>280</total>
				<timestamp>872.748862</timestamp>
			</report>
			<report>
				<misses>4599001</misses>
				<total>280</total>
				<timestamp>872.938676</timestamp>
			</report>
			<report>
				<misses>4600001</misses>
				<total>280</total>
				<timestamp>873.128519</timestamp>
			</report>
			<report>
				<misses>4601001</misses>
				<total>280</total>
				<timestamp>873.318284</timestamp>
			</report>
			<report>
				<misses>4602001</misses>
				<total>280</total>
				<timestamp>873.508097</timestamp>
			</report>
			<report>
				<misses>4603001</misses>
				<total>280</total>
				<timestamp>873.697907</timestamp>
			</report>
			<report>
				<misses>4604001</misses>
				<total>280</total>
				<timestamp>873.887807</timestamp>
			</report>
			<report>
				<misses>4605001</misses>
				<total>280</total>
				<timestamp>874.077555</timestamp>
			</report>
			<report>
				<misses>4606001</misses>
				<total>280</total>
				<timestamp>874.267408</timestamp>
			</report>
			<report>
				<misses>4607001</misses>
				<total>280</total>
				<timestamp>874.457117</timestamp>
			</report>
			<report>
				<misses>4608001</misses>
				<total>280</total>
				<timestamp>874.646967</timestamp>
			</report>
			<report>
				<misses>4609001</misses>
				<total>280</total>
				<timestamp>874.836750</timestamp>
			</report>
			<report>
				<misses>4610001</misses>
				<total>280</total>
				<timestamp>875.026621</timestamp>
			</report>
			<report>
				<misses>4611001</misses>
				<total>280</total>
				<timestamp>875.216375</timestamp>
			</report>
			<report>
				<misses>4612001</misses>
				<total>280</total>
				<timestamp>875.406189</timestamp>
			</report>
			<report>
				<misses>4613001</misses>
				<total>280</total>
				<timestamp>875.596036</timestamp>
			</report>
			<report>
				<misses>4614001</misses>
				<total>280</total>
				<timestamp>875.785868</timestamp>
			</report>
			<report>
				<misses>4615001</misses>
				<total>280</total>
				<timestamp>875.975653</timestamp>
			</report>
			<report>
				<misses>4616001</misses>
				<total>280</total>
				<timestamp>876.165502</timestamp>
			</report>
			<report>
				<misses>4617001</misses>
				<total>280</total>
				<timestamp>876.355275</timestamp>
			</report>
			<report>
				<misses>4618001</misses>
				<total>280</total>
				<timestamp>876.545145</timestamp>
			</report>
			<report>
				<misses>4619001</misses>
				<total>280</total>
				<timestamp>876.734882</timestamp>
			</report>
			<report>
				<misses>4620001</misses>
				<total>282</total>
				<timestamp>876.924695</timestamp>
			</report>
			<report>
				<misses>4621001</misses>
				<total>282</total>
				<timestamp>877.114596</timestamp>
			</report>
			<report>
				<misses>4622001</misses>
				<total>282</total>
				<timestamp>877.304356</timestamp>
			</report>
			<report>
				<misses>4623001</misses>
				<total>282</total>
				<timestamp>877.494097</timestamp>
			</report>
			<report>
				<misses>4624001</misses>
				<total>282</total>
				<timestamp>877.683915</timestamp>
			</report>
			<report>
				<misses>4625001</misses>
				<total>282</total>
				<timestamp>877.873753</timestamp>
			</report>
			<report>
				<misses>4626001</misses>
				<total>282</total>
				<timestamp>878.063577</timestamp>
			</report>
			<report>
				<misses>4627001</misses>
				<total>282</total>
				<timestamp>878.253345</timestamp>
			</report>
			<report>
				<misses>4628001</misses>
				<total>284</total>
				<timestamp>878.443180</timestamp>
			</report>
			<report>
				<misses>4629001</misses>
				<total>284</total>
				<timestamp>878.632947</timestamp>
			</report>
			<report>
				<misses>4630001</misses>
				<total>284</total>
				<timestamp>878.822755</timestamp>
			</report>
			<report>
				<misses>4631001</misses>
				<total>284</total>
				<timestamp>879.012685</timestamp>
			</report>
			<report>
				<misses>4632001</misses>
				<total>284</total>
				<timestamp>879.202422</timestamp>
			</report>
			<report>
				<misses>4633001</misses>
				<total>284</total>
				<timestamp>879.392184</timestamp>
			</report>
			<report>
				<misses>4634001</misses>
				<total>284</total>
				<timestamp>879.582115</timestamp>
			</report>
			<report>
				<misses>4635001</misses>
				<total>284</total>
				<timestamp>879.771858</timestamp>
			</report>
			<report>
				<misses>4636001</misses>
				<total>284</total>
				<timestamp>879.961637</timestamp>
			</report>
			<report>
				<misses>4637001</misses>
				<total>284</total>
				<timestamp>880.151485</timestamp>
			</report>
			<report>
				<misses>4638001</misses>
				<total>284</total>
				<timestamp>880.341273</timestamp>
			</report>
			<report>
				<misses>4639001</misses>
				<total>284</total>
				<timestamp>880.531039</timestamp>
			</report>
			<report>
				<misses>4640001</misses>
				<total>284</total>
				<timestamp>880.720926</timestamp>
			</report>
			<report>
				<misses>4641001</misses>
				<total>284</total>
				<timestamp>880.910772</timestamp>
			</report>
			<report>
				<misses>4642001</misses>
				<total>284</total>
				<timestamp>881.100469</timestamp>
			</report>
			<report>
				<misses>4643001</misses>
				<total>284</total>
				<timestamp>881.290373</timestamp>
			</report>
			<report>
				<misses>4644001</misses>
				<total>284</total>
				<timestamp>881.480139</timestamp>
			</report>
			<report>
				<misses>4645001</misses>
				<total>284</total>
				<timestamp>881.669903</timestamp>
			</report>
			<report>
				<misses>4646001</misses>
				<total>284</total>
				<timestamp>881.859704</timestamp>
			</report>
			<report>
				<misses>4647001</misses>
				<total>284</total>
				<timestamp>882.049553</timestamp>
			</report>
			<report>
				<misses>4648001</misses>
				<total>284</total>
				<timestamp>882.239348</timestamp>
			</report>
			<report>
				<misses>4649001</misses>
				<total>284</total>
				<timestamp>882.429153</timestamp>
			</report>
			<report>
				<misses>4650001</misses>
				<total>284</total>
				<timestamp>882.619009</timestamp>
			</report>
			<report>
				<misses>4651001</misses>
				<total>284</total>
				<timestamp>882.808777</timestamp>
			</report>
			<report>
				<misses>4652001</misses>
				<total>283</total>
				<timestamp>882.998646</timestamp>
			</report>
			<report>
				<misses>4653001</misses>
				<total>284</total>
				<timestamp>883.188404</timestamp>
			</report>
			<report>
				<misses>4654001</misses>
				<total>284</total>
				<timestamp>883.378205</timestamp>
			</report>
			<report>
				<misses>4655001</misses>
				<total>284</total>
				<timestamp>883.568003</timestamp>
			</report>
			<report>
				<misses>4656001</misses>
				<total>284</total>
				<timestamp>883.757855</timestamp>
			</report>
			<report>
				<misses>4657001</misses>
				<total>284</total>
				<timestamp>883.947631</timestamp>
			</report>
			<report>
				<misses>4658001</misses>
				<total>284</total>
				<timestamp>884.137507</timestamp>
			</report>
			<report>
				<misses>4659001</misses>
				<total>284</total>
				<timestamp>884.327241</timestamp>
			</report>
			<report>
				<misses>4660001</misses>
				<total>284</total>
				<timestamp>884.517100</timestamp>
			</report>
			<report>
				<misses>4661001</misses>
				<total>283</total>
				<timestamp>884.706898</timestamp>
			</report>
			<report>
				<misses>4662001</misses>
				<total>284</total>
				<timestamp>884.896688</timestamp>
			</report>
			<report>
				<misses>4663001</misses>
				<total>284</total>
				<timestamp>885.086522</timestamp>
			</report>
			<report>
				<misses>4664001</misses>
				<total>284</total>
				<timestamp>885.276308</timestamp>
			</report>
			<report>
				<misses>4665001</misses>
				<total>284</total>
				<timestamp>885.466154</timestamp>
			</report>
			<report>
				<misses>4666001</misses>
				<total>283</total>
				<timestamp>885.655983</timestamp>
			</report>
			<report>
				<misses>4667001</misses>
				<total>284</total>
				<timestamp>885.845739</timestamp>
			</report>
			<report>
				<misses>4668001</misses>
				<total>283</total>
				<timestamp>886.035577</timestamp>
			</report>
			<report>
				<misses>4669001</misses>
				<total>284</total>
				<timestamp>886.225390</timestamp>
			</report>
			<report>
				<misses>4670001</misses>
				<total>284</total>
				<timestamp>886.415187</timestamp>
			</report>
			<report>
				<misses>4671001</misses>
				<total>284</total>
				<timestamp>886.605086</timestamp>
			</report>
			<report>
				<misses>4672001</misses>
				<total>283</total>
				<timestamp>886.794817</timestamp>
			</report>
			<report>
				<misses>4673001</misses>
				<total>284</total>
				<timestamp>886.984585</timestamp>
			</report>
			<report>
				<misses>4674001</misses>
				<total>283</total>
				<timestamp>887.174442</timestamp>
			</report>
			<report>
				<misses>4675001</misses>
				<total>284</total>
				<timestamp>887.364256</timestamp>
			</report>
			<report>
				<misses>4676001</misses>
				<total>284</total>
				<timestamp>887.554078</timestamp>
			</report>
			<report>
				<misses>4677001</misses>
				<total>284</total>
				<timestamp>887.743874</timestamp>
			</report>
			<report>
				<misses>4678001</misses>
				<total>284</total>
				<timestamp>887.933636</timestamp>
			</report>
			<report>
				<misses>4679001</misses>
				<total>284</total>
				<timestamp>888.123488</timestamp>
			</report>
			<report>
				<misses>4680001</misses>
				<total>284</total>
				<timestamp>888.313255</timestamp>
			</report>
			<report>
				<misses>4681001</misses>
				<total>284</total>
				<timestamp>888.503073</timestamp>
			</report>
			<report>
				<misses>4682001</misses>
				<total>284</total>
				<timestamp>888.692879</timestamp>
			</report>
			<report>
				<misses>4683001</misses>
				<total>284</total>
				<timestamp>888.882709</timestamp>
			</report>
			<report>
				<misses>4684001</misses>
				<total>283</total>
				<timestamp>889.072584</timestamp>
			</report>
			<report>
				<misses>4685001</misses>
				<total>284</total>
				<timestamp>889.262373</timestamp>
			</report>
			<report>
				<misses>4686001</misses>
				<total>284</total>
				<timestamp>889.452166</timestamp>
			</report>
			<report>
				<misses>4687001</misses>
				<total>284</total>
				<timestamp>889.641960</timestamp>
			</report>
			<report>
				<misses>4688001</misses>
				<total>284</total>
				<timestamp>889.831756</timestamp>
			</report>
			<report>
				<misses>4689001</misses>
				<total>284</total>
				<timestamp>890.021565</timestamp>
			</report>
			<report>
				<misses>4690001</misses>
				<total>284</total>
				<timestamp>890.211489</timestamp>
			</report>
			<report>
				<misses>4691001</misses>
				<total>284</total>
				<timestamp>890.401211</timestamp>
			</report>
			<report>
				<misses>4692001</misses>
				<total>284</total>
				<timestamp>890.591060</timestamp>
			</report>
			<report>
				<misses>4693001</misses>
				<total>284</total>
				<timestamp>890.780864</timestamp>
			</report>
			<report>
				<misses>4694001</misses>
				<total>284</total>
				<timestamp>890.970687</timestamp>
			</report>
			<report>
				<misses>4695001</misses>
				<total>284</total>
				<timestamp>891.160472</timestamp>
			</report>
			<report>
				<misses>4696001</misses>
				<total>284</total>
				<timestamp>891.350282</timestamp>
			</report>
			<report>
				<misses>4697001</misses>
				<total>284</total>
				<timestamp>891.540063</timestamp>
			</report>
			<report>
				<misses>4698001</misses>
				<total>284</total>
				<timestamp>891.729827</timestamp>
			</report>
			<report>
				<misses>4699001</misses>
				<total>284</total>
				<timestamp>891.919760</timestamp>
			</report>
			<report>
				<misses>4700001</misses>
				<total>284</total>
				<timestamp>892.109535</timestamp>
			</report>
			<report>
				<misses>4701001</misses>
				<total>284</total>
				<timestamp>892.299260</timestamp>
			</report>
			<report>
				<misses>4702001</misses>
				<total>284</total>
				<timestamp>892.489072</timestamp>
			</report>
			<report>
				<misses>4703001</misses>
				<total>284</total>
				<timestamp>892.678945</timestamp>
			</report>
			<report>
				<misses>4704001</misses>
				<total>284</total>
				<timestamp>892.868816</timestamp>
			</report>
			<report>
				<misses>4705001</misses>
				<total>284</total>
				<timestamp>893.058523</timestamp>
			</report>
			<report>
				<misses>4706001</misses>
				<total>284</total>
				<timestamp>893.248333</timestamp>
			</report>
			<report>
				<misses>4707001</misses>
				<total>284</total>
				<timestamp>893.438119</timestamp>
			</report>
			<report>
				<misses>4708001</misses>
				<total>284</total>
				<timestamp>893.627949</timestamp>
			</report>
			<report>
				<misses>4709001</misses>
				<total>284</total>
				<timestamp>893.817764</timestamp>
			</report>
			<report>
				<misses>4710001</misses>
				<total>284</total>
				<timestamp>894.007569</timestamp>
			</report>
			<report>
				<misses>4711001</misses>
				<total>284</total>
				<timestamp>894.197484</timestamp>
			</report>
			<report>
				<misses>4712001</misses>
				<total>284</total>
				<timestamp>894.387182</timestamp>
			</report>
			<report>
				<misses>4713001</misses>
				<total>284</total>
				<timestamp>894.577003</timestamp>
			</report>
			<report>
				<misses>4714001</misses>
				<total>283</total>
				<timestamp>894.766832</timestamp>
			</report>
			<report>
				<misses>4715001</misses>
				<total>285</total>
				<timestamp>894.956614</timestamp>
			</report>
			<report>
				<misses>4716001</misses>
				<total>285</total>
				<timestamp>895.146467</timestamp>
			</report>
			<report>
				<misses>4717001</misses>
				<total>285</total>
				<timestamp>895.336235</timestamp>
			</report>
			<report>
				<misses>4718001</misses>
				<total>285</total>
				<timestamp>895.526107</timestamp>
			</report>
			<report>
				<misses>4719001</misses>
				<total>285</total>
				<timestamp>895.715856</timestamp>
			</report>
			<report>
				<misses>4720001</misses>
				<total>285</total>
				<timestamp>895.905693</timestamp>
			</report>
			<report>
				<misses>4721001</misses>
				<total>285</total>
				<timestamp>896.095486</timestamp>
			</report>
			<report>
				<misses>4722001</misses>
				<total>285</total>
				<timestamp>896.285353</timestamp>
			</report>
			<report>
				<misses>4723001</misses>
				<total>285</total>
				<timestamp>896.475195</timestamp>
			</report>
			<report>
				<misses>4724001</misses>
				<total>285</total>
				<timestamp>896.664929</timestamp>
			</report>
			<report>
				<misses>4725001</misses>
				<total>285</total>
				<timestamp>896.854716</timestamp>
			</report>
			<report>
				<misses>4726001</misses>
				<total>285</total>
				<timestamp>897.044523</timestamp>
			</report>
			<report>
				<misses>4727001</misses>
				<total>285</total>
				<timestamp>897.234363</timestamp>
			</report>
			<report>
				<misses>4728001</misses>
				<total>285</total>
				<timestamp>897.424160</timestamp>
			</report>
			<report>
				<misses>4729001</misses>
				<total>285</total>
				<timestamp>897.614038</timestamp>
			</report>
			<report>
				<misses>4730001</misses>
				<total>285</total>
				<timestamp>897.803835</timestamp>
			</report>
			<report>
				<misses>4731001</misses>
				<total>285</total>
				<timestamp>897.993618</timestamp>
			</report>
			<report>
				<misses>4732001</misses>
				<total>285</total>
				<timestamp>898.183464</timestamp>
			</report>
			<report>
				<misses>4733001</misses>
				<total>285</total>
				<timestamp>898.373222</timestamp>
			</report>
			<report>
				<misses>4734001</misses>
				<total>285</total>
				<timestamp>898.562996</timestamp>
			</report>
			<report>
				<misses>4735001</misses>
				<total>285</total>
				<timestamp>898.752829</timestamp>
			</report>
			<report>
				<misses>4736001</misses>
				<total>285</total>
				<timestamp>898.942626</timestamp>
			</report>
			<report>
				<misses>4737001</misses>
				<total>285</total>
				<timestamp>899.132428</timestamp>
			</report>
			<report>
				<misses>4738001</misses>
				<total>285</total>
				<timestamp>899.322238</timestamp>
			</report>
			<report>
				<misses>4739001</misses>
				<total>285</total>
				<timestamp>899.512109</timestamp>
			</report>
			<report>
				<misses>4740001</misses>
				<total>285</total>
				<timestamp>899.701955</timestamp>
			</report>
			<report>
				<misses>4741001</misses>
				<total>285</total>
				<timestamp>899.891755</timestamp>
			</report>
			<report>
				<misses>4742001</misses>
				<total>285</total>
				<timestamp>900.081499</timestamp>
			</report>
			<report>
				<misses>4743001</misses>
				<total>285</total>
				<timestamp>900.271304</timestamp>
			</report>
			<report>
				<misses>4744001</misses>
				<total>285</total>
				<timestamp>900.461212</timestamp>
			</report>
			<report>
				<misses>4745001</misses>
				<total>285</total>
				<timestamp>900.650925</timestamp>
			</report>
			<report>
				<misses>4746001</misses>
				<total>285</total>
				<timestamp>900.840754</timestamp>
			</report>
			<report>
				<misses>4747001</misses>
				<total>285</total>
				<timestamp>901.030549</timestamp>
			</report>
			<report>
				<misses>4748001</misses>
				<total>285</total>
				<timestamp>901.220339</timestamp>
			</report>
			<report>
				<misses>4749001</misses>
				<total>285</total>
				<timestamp>901.410150</timestamp>
			</report>
			<report>
				<misses>4750001</misses>
				<total>285</total>
				<timestamp>901.599972</timestamp>
			</report>
			<report>
				<misses>4751001</misses>
				<total>285</total>
				<timestamp>901.789778</timestamp>
			</report>
			<report>
				<misses>4752001</misses>
				<total>286</total>
				<timestamp>901.979576</timestamp>
			</report>
			<report>
				<misses>4753001</misses>
				<total>286</total>
				<timestamp>902.169513</timestamp>
			</report>
			<report>
				<misses>4754001</misses>
				<total>286</total>
				<timestamp>902.359272</timestamp>
			</report>
			<report>
				<misses>4755001</misses>
				<total>286</total>
				<timestamp>902.549010</timestamp>
			</report>
			<report>
				<misses>4756001</misses>
				<total>286</total>
				<timestamp>902.738808</timestamp>
			</report>
			<report>
				<misses>4757001</misses>
				<total>286</total>
				<timestamp>902.928639</timestamp>
			</report>
			<report>
				<misses>4758001</misses>
				<total>286</total>
				<timestamp>903.118498</timestamp>
			</report>
			<report>
				<misses>4759001</misses>
				<total>286</total>
				<timestamp>903.308267</timestamp>
			</report>
			<report>
				<misses>4760001</misses>
				<total>286</total>
				<timestamp>903.498064</timestamp>
			</report>
			<report>
				<misses>4761001</misses>
				<total>286</total>
				<timestamp>903.687865</timestamp>
			</report>
			<report>
				<misses>4762001</misses>
				<total>286</total>
				<timestamp>903.877681</timestamp>
			</report>
			<report>
				<misses>4763001</misses>
				<total>286</total>
				<timestamp>904.067517</timestamp>
			</report>
			<report>
				<misses>4764001</misses>
				<total>286</total>
				<timestamp>904.257415</timestamp>
			</report>
			<report>
				<misses>4765001</misses>
				<total>286</total>
				<timestamp>904.447199</timestamp>
			</report>
			<report>
				<misses>4766001</misses>
				<total>286</total>
				<timestamp>904.636931</timestamp>
			</report>
			<report>
				<misses>4767001</misses>
				<total>286</total>
				<timestamp>904.826753</timestamp>
			</report>
			<report>
				<misses>4768001</misses>
				<total>286</total>
				<timestamp>905.016532</timestamp>
			</report>
			<report>
				<misses>4769001</misses>
				<total>286</total>
				<timestamp>905.206345</timestamp>
			</report>
			<report>
				<misses>4770001</misses>
				<total>286</total>
				<timestamp>905.396211</timestamp>
			</report>
			<report>
				<misses>4771001</misses>
				<total>286</total>
				<timestamp>905.585997</timestamp>
			</report>
			<report>
				<misses>4772001</misses>
				<total>286</total>
				<timestamp>905.775851</timestamp>
			</report>
			<report>
				<misses>4773001</misses>
				<total>286</total>
				<timestamp>905.965576</timestamp>
			</report>
			<report>
				<misses>4774001</misses>
				<total>285</total>
				<timestamp>906.155484</timestamp>
			</report>
			<report>
				<misses>4775001</misses>
				<total>286</total>
				<timestamp>906.345206</timestamp>
			</report>
			<report>
				<misses>4776001</misses>
				<total>286</total>
				<timestamp>906.535006</timestamp>
			</report>
			<report>
				<misses>4777001</misses>
				<total>286</total>
				<timestamp>906.724834</timestamp>
			</report>
			<report>
				<misses>4778001</misses>
				<total>286</total>
				<timestamp>906.914695</timestamp>
			</report>
			<report>
				<misses>4779001</misses>
				<total>286</total>
				<timestamp>907.104455</timestamp>
			</report>
			<report>
				<misses>4780001</misses>
				<total>286</total>
				<timestamp>907.294359</timestamp>
			</report>
			<report>
				<misses>4781001</misses>
				<total>286</total>
				<timestamp>907.484053</timestamp>
			</report>
			<report>
				<misses>4782001</misses>
				<total>286</total>
				<timestamp>907.673957</timestamp>
			</report>
			<report>
				<misses>4783001</misses>
				<total>286</total>
				<timestamp>907.863755</timestamp>
			</report>
			<report>
				<misses>4784001</misses>
				<total>286</total>
				<timestamp>908.053601</timestamp>
			</report>
			<report>
				<misses>4785001</misses>
				<total>286</total>
				<timestamp>908.243363</timestamp>
			</report>
			<report>
				<misses>4786001</misses>
				<total>286</total>
				<timestamp>908.433203</timestamp>
			</report>
			<report>
				<misses>4787001</misses>
				<total>286</total>
				<timestamp>908.622925</timestamp>
			</report>
			<report>
				<misses>4788001</misses>
				<total>286</total>
				<timestamp>908.812749</timestamp>
			</report>
			<report>
				<misses>4789001</misses>
				<total>286</total>
				<timestamp>909.002577</timestamp>
			</report>
			<report>
				<misses>4790001</misses>
				<total>286</total>
				<timestamp>909.192439</timestamp>
			</report>
			<report>
				<misses>4791001</misses>
				<total>286</total>
				<timestamp>909.382203</timestamp>
			</report>
			<report>
				<misses>4792001</misses>
				<total>286</total>
				<timestamp>909.571986</timestamp>
			</report>
			<report>
				<misses>4793001</misses>
				<total>286</total>
				<timestamp>909.761838</timestamp>
			</report>
			<report>
				<misses>4794001</misses>
				<total>286</total>
				<timestamp>909.951607</timestamp>
			</report>
			<report>
				<misses>4795001</misses>
				<total>286</total>
				<timestamp>910.141503</timestamp>
			</report>
			<report>
				<misses>4796001</misses>
				<total>286</total>
				<timestamp>910.331266</timestamp>
			</report>
			<report>
				<misses>4797001</misses>
				<total>285</total>
				<timestamp>910.521089</timestamp>
			</report>
			<report>
				<misses>4798001</misses>
				<total>285</total>
				<timestamp>910.710887</timestamp>
			</report>
			<report>
				<misses>4799001</misses>
				<total>286</total>
				<timestamp>910.900656</timestamp>
			</report>
			<report>
				<misses>4800001</misses>
				<total>285</total>
				<timestamp>911.090492</timestamp>
			</report>
			<report>
				<misses>4801001</misses>
				<total>286</total>
				<timestamp>911.280369</timestamp>
			</report>
			<report>
				<misses>4802001</misses>
				<total>286</total>
				<timestamp>911.470090</timestamp>
			</report>
			<report>
				<misses>4803001</misses>
				<total>286</total>
				<timestamp>911.659905</timestamp>
			</report>
			<report>
				<misses>4804001</misses>
				<total>286</total>
				<timestamp>911.849737</timestamp>
			</report>
			<report>
				<misses>4805001</misses>
				<total>286</total>
				<timestamp>912.039528</timestamp>
			</report>
			<report>
				<misses>4806001</misses>
				<total>286</total>
				<timestamp>912.229419</timestamp>
			</report>
			<report>
				<misses>4807001</misses>
				<total>286</total>
				<timestamp>912.419140</timestamp>
			</report>
			<report>
				<misses>4808001</misses>
				<total>286</total>
				<timestamp>912.608987</timestamp>
			</report>
			<report>
				<misses>4809001</misses>
				<total>286</total>
				<timestamp>912.798749</timestamp>
			</report>
			<report>
				<misses>4810001</misses>
				<total>286</total>
				<timestamp>912.988563</timestamp>
			</report>
			<report>
				<misses>4811001</misses>
				<total>286</total>
				<timestamp>913.178487</timestamp>
			</report>
			<report>
				<misses>4812001</misses>
				<total>286</total>
				<timestamp>913.368325</timestamp>
			</report>
			<report>
				<misses>4813001</misses>
				<total>286</total>
				<timestamp>913.558098</timestamp>
			</report>
			<report>
				<misses>4814001</misses>
				<total>286</total>
				<timestamp>913.747798</timestamp>
			</report>
			<report>
				<misses>4815001</misses>
				<total>286</total>
				<timestamp>913.937617</timestamp>
			</report>
			<report>
				<misses>4816001</misses>
				<total>285</total>
				<timestamp>914.127468</timestamp>
			</report>
			<report>
				<misses>4817001</misses>
				<total>286</total>
				<timestamp>914.317334</timestamp>
			</report>
			<report>
				<misses>4818001</misses>
				<total>286</total>
				<timestamp>914.507043</timestamp>
			</report>
			<report>
				<misses>4819001</misses>
				<total>286</total>
				<timestamp>914.696851</timestamp>
			</report>
			<report>
				<misses>4820001</misses>
				<total>286</total>
				<timestamp>914.886726</timestamp>
			</report>
			<report>
				<misses>4821001</misses>
				<total>286</total>
				<timestamp>915.076484</timestamp>
			</report>
			<report>
				<misses>4822001</misses>
				<total>286</total>
				<timestamp>915.266291</timestamp>
			</report>
			<report>
				<misses>4823001</misses>
				<total>286</total>
				<timestamp>915.456091</timestamp>
			</report>
			<report>
				<misses>4824001</misses>
				<total>286</total>
				<timestamp>915.645956</timestamp>
			</report>
			<report>
				<misses>4825001</misses>
				<total>286</total>
				<timestamp>915.835754</timestamp>
			</report>
			<report>
				<misses>4826001</misses>
				<total>286</total>
				<timestamp>916.025570</timestamp>
			</report>
			<report>
				<misses>4827001</misses>
				<total>286</total>
				<timestamp>916.215357</timestamp>
			</report>
			<report>
				<misses>4828001</misses>
				<total>286</total>
				<timestamp>916.405144</timestamp>
			</report>
			<report>
				<misses>4829001</misses>
				<total>286</total>
				<timestamp>916.594939</timestamp>
			</report>
			<report>
				<misses>4830001</misses>
				<total>286</total>
				<timestamp>916.784862</timestamp>
			</report>
			<report>
				<misses>4831001</misses>
				<total>286</total>
				<timestamp>916.974587</timestamp>
			</report>
			<report>
				<misses>4832001</misses>
				<total>286</total>
				<timestamp>917.164401</timestamp>
			</report>
			<report>
				<misses>4833001</misses>
				<total>286</total>
				<timestamp>917.354248</timestamp>
			</report>
			<report>
				<misses>4834001</misses>
				<total>286</total>
				<timestamp>917.544030</timestamp>
			</report>
			<report>
				<misses>4835001</misses>
				<total>285</total>
				<timestamp>917.733966</timestamp>
			</report>
			<report>
				<misses>4836001</misses>
				<total>286</total>
				<timestamp>917.923609</timestamp>
			</report>
			<report>
				<misses>4837001</misses>
				<total>286</total>
				<timestamp>918.113442</timestamp>
			</report>
			<report>
				<misses>4838001</misses>
				<total>286</total>
				<timestamp>918.303268</timestamp>
			</report>
			<report>
				<misses>4839001</misses>
				<total>286</total>
				<timestamp>918.493149</timestamp>
			</report>
			<report>
				<misses>4840001</misses>
				<total>286</total>
				<timestamp>918.682861</timestamp>
			</report>
			<report>
				<misses>4841001</misses>
				<total>286</total>
				<timestamp>918.872689</timestamp>
			</report>
			<report>
				<misses>4842001</misses>
				<total>286</total>
				<timestamp>919.062479</timestamp>
			</report>
			<report>
				<misses>4843001</misses>
				<total>286</total>
				<timestamp>919.252288</timestamp>
			</report>
			<report>
				<misses>4844001</misses>
				<total>286</total>
				<timestamp>919.442105</timestamp>
			</report>
			<report>
				<misses>4845001</misses>
				<total>286</total>
				<timestamp>919.631910</timestamp>
			</report>
			<report>
				<misses>4846001</misses>
				<total>286</total>
				<timestamp>919.821776</timestamp>
			</report>
			<report>
				<misses>4847001</misses>
				<total>286</total>
				<timestamp>920.011555</timestamp>
			</report>
			<report>
				<misses>4848001</misses>
				<total>286</total>
				<timestamp>920.201370</timestamp>
			</report>
			<report>
				<misses>4849001</misses>
				<total>286</total>
				<timestamp>920.391140</timestamp>
			</report>
			<report>
				<misses>4850001</misses>
				<total>286</total>
				<timestamp>920.581035</timestamp>
			</report>
			<report>
				<misses>4851001</misses>
				<total>286</total>
				<timestamp>920.770804</timestamp>
			</report>
			<report>
				<misses>4852001</misses>
				<total>286</total>
				<timestamp>920.960583</timestamp>
			</report>
			<report>
				<misses>4853001</misses>
				<total>286</total>
				<timestamp>921.150434</timestamp>
			</report>
			<report>
				<misses>4854001</misses>
				<total>286</total>
				<timestamp>921.340239</timestamp>
			</report>
			<report>
				<misses>4855001</misses>
				<total>286</total>
				<timestamp>921.530005</timestamp>
			</report>
			<report>
				<misses>4856001</misses>
				<total>286</total>
				<timestamp>921.719804</timestamp>
			</report>
			<report>
				<misses>4857001</misses>
				<total>286</total>
				<timestamp>921.909692</timestamp>
			</report>
			<report>
				<misses>4858001</misses>
				<total>286</total>
				<timestamp>922.099477</timestamp>
			</report>
			<report>
				<misses>4859001</misses>
				<total>286</total>
				<timestamp>922.289338</timestamp>
			</report>
			<report>
				<misses>4860001</misses>
				<total>286</total>
				<timestamp>922.479130</timestamp>
			</report>
			<report>
				<misses>4861001</misses>
				<total>286</total>
				<timestamp>922.668914</timestamp>
			</report>
			<report>
				<misses>4862001</misses>
				<total>286</total>
				<timestamp>922.858674</timestamp>
			</report>
			<report>
				<misses>4863001</misses>
				<total>286</total>
				<timestamp>923.048550</timestamp>
			</report>
			<report>
				<misses>4864001</misses>
				<total>286</total>
				<timestamp>923.238349</timestamp>
			</report>
			<report>
				<misses>4865001</misses>
				<total>286</total>
				<timestamp>923.428165</timestamp>
			</report>
			<report>
				<misses>4866001</misses>
				<total>286</total>
				<timestamp>923.617916</timestamp>
			</report>
			<report>
				<misses>4867001</misses>
				<total>286</total>
				<timestamp>923.807804</timestamp>
			</report>
			<report>
				<misses>4868001</misses>
				<total>286</total>
				<timestamp>923.997553</timestamp>
			</report>
			<report>
				<misses>4869001</misses>
				<total>286</total>
				<timestamp>924.187345</timestamp>
			</report>
			<report>
				<misses>4870001</misses>
				<total>286</total>
				<timestamp>924.377216</timestamp>
			</report>
			<report>
				<misses>4871001</misses>
				<total>286</total>
				<timestamp>924.567001</timestamp>
			</report>
			<report>
				<misses>4872001</misses>
				<total>286</total>
				<timestamp>924.756838</timestamp>
			</report>
			<report>
				<misses>4873001</misses>
				<total>286</total>
				<timestamp>924.946599</timestamp>
			</report>
			<report>
				<misses>4874001</misses>
				<total>286</total>
				<timestamp>925.136460</timestamp>
			</report>
			<report>
				<misses>4875001</misses>
				<total>286</total>
				<timestamp>925.326207</timestamp>
			</report>
			<report>
				<misses>4876001</misses>
				<total>286</total>
				<timestamp>925.516090</timestamp>
			</report>
			<report>
				<misses>4877001</misses>
				<total>286</total>
				<timestamp>925.705817</timestamp>
			</report>
			<report>
				<misses>4878001</misses>
				<total>286</total>
				<timestamp>925.895664</timestamp>
			</report>
			<report>
				<misses>4879001</misses>
				<total>286</total>
				<timestamp>926.085446</timestamp>
			</report>
			<report>
				<misses>4880001</misses>
				<total>286</total>
				<timestamp>926.275274</timestamp>
			</report>
			<report>
				<misses>4881001</misses>
				<total>286</total>
				<timestamp>926.465149</timestamp>
			</report>
			<report>
				<misses>4882001</misses>
				<total>286</total>
				<timestamp>926.654960</timestamp>
			</report>
			<report>
				<misses>4883001</misses>
				<total>286</total>
				<timestamp>926.844710</timestamp>
			</report>
			<report>
				<misses>4884001</misses>
				<total>286</total>
				<timestamp>927.034489</timestamp>
			</report>
			<report>
				<misses>4885001</misses>
				<total>286</total>
				<timestamp>927.224407</timestamp>
			</report>
			<report>
				<misses>4886001</misses>
				<total>286</total>
				<timestamp>927.414126</timestamp>
			</report>
			<report>
				<misses>4887001</misses>
				<total>286</total>
				<timestamp>927.603925</timestamp>
			</report>
			<report>
				<misses>4888001</misses>
				<total>286</total>
				<timestamp>927.793836</timestamp>
			</report>
			<report>
				<misses>4889001</misses>
				<total>286</total>
				<timestamp>927.983543</timestamp>
			</report>
			<report>
				<misses>4890001</misses>
				<total>286</total>
				<timestamp>928.173371</timestamp>
			</report>
			<report>
				<misses>4891001</misses>
				<total>286</total>
				<timestamp>928.363229</timestamp>
			</report>
			<report>
				<misses>4892001</misses>
				<total>286</total>
				<timestamp>928.552976</timestamp>
			</report>
			<report>
				<misses>4893001</misses>
				<total>286</total>
				<timestamp>928.742815</timestamp>
			</report>
			<report>
				<misses>4894001</misses>
				<total>286</total>
				<timestamp>928.932633</timestamp>
			</report>
			<report>
				<misses>4895001</misses>
				<total>286</total>
				<timestamp>929.122490</timestamp>
			</report>
			<report>
				<misses>4896001</misses>
				<total>286</total>
				<timestamp>929.312228</timestamp>
			</report>
			<report>
				<misses>4897001</misses>
				<total>286</total>
				<timestamp>929.502062</timestamp>
			</report>
			<report>
				<misses>4898001</misses>
				<total>285</total>
				<timestamp>929.691861</timestamp>
			</report>
			<report>
				<misses>4899001</misses>
				<total>286</total>
				<timestamp>929.881635</timestamp>
			</report>
			<report>
				<misses>4900001</misses>
				<total>286</total>
				<timestamp>930.071582</timestamp>
			</report>
			<report>
				<misses>4901001</misses>
				<total>286</total>
				<timestamp>930.261360</timestamp>
			</report>
			<report>
				<misses>4902001</misses>
				<total>286</total>
				<timestamp>930.451131</timestamp>
			</report>
			<report>
				<misses>4903001</misses>
				<total>286</total>
				<timestamp>930.640925</timestamp>
			</report>
			<report>
				<misses>4904001</misses>
				<total>286</total>
				<timestamp>930.830742</timestamp>
			</report>
			<report>
				<misses>4905001</misses>
				<total>286</total>
				<timestamp>931.020601</timestamp>
			</report>
			<report>
				<misses>4906001</misses>
				<total>286</total>
				<timestamp>931.210319</timestamp>
			</report>
			<report>
				<misses>4907001</misses>
				<total>286</total>
				<timestamp>931.400172</timestamp>
			</report>
			<report>
				<misses>4908001</misses>
				<total>286</total>
				<timestamp>931.589962</timestamp>
			</report>
			<report>
				<misses>4909001</misses>
				<total>286</total>
				<timestamp>931.779827</timestamp>
			</report>
			<report>
				<misses>4910001</misses>
				<total>286</total>
				<timestamp>931.969591</timestamp>
			</report>
			<report>
				<misses>4911001</misses>
				<total>286</total>
				<timestamp>932.159455</timestamp>
			</report>
			<report>
				<misses>4912001</misses>
				<total>286</total>
				<timestamp>932.349189</timestamp>
			</report>
			<report>
				<misses>4913001</misses>
				<total>286</total>
				<timestamp>932.538980</timestamp>
			</report>
			<report>
				<misses>4914001</misses>
				<total>286</total>
				<timestamp>932.728853</timestamp>
			</report>
			<report>
				<misses>4915001</misses>
				<total>286</total>
				<timestamp>932.918632</timestamp>
			</report>
			<report>
				<misses>4916001</misses>
				<total>286</total>
				<timestamp>933.108410</timestamp>
			</report>
			<report>
				<misses>4917001</misses>
				<total>286</total>
				<timestamp>933.298260</timestamp>
			</report>
			<report>
				<misses>4918001</misses>
				<total>286</total>
				<timestamp>933.488050</timestamp>
			</report>
			<report>
				<misses>4919001</misses>
				<total>286</total>
				<timestamp>933.677952</timestamp>
			</report>
			<report>
				<misses>4920001</misses>
				<total>286</total>
				<timestamp>933.867667</timestamp>
			</report>
			<report>
				<misses>4921001</misses>
				<total>286</total>
				<timestamp>934.057464</timestamp>
			</report>
			<report>
				<misses>4922001</misses>
				<total>286</total>
				<timestamp>934.247294</timestamp>
			</report>
			<report>
				<misses>4923001</misses>
				<total>286</total>
				<timestamp>934.437205</timestamp>
			</report>
			<report>
				<misses>4924001</misses>
				<total>285</total>
				<timestamp>934.626942</timestamp>
			</report>
			<report>
				<misses>4925001</misses>
				<total>286</total>
				<timestamp>934.816827</timestamp>
			</report>
			<report>
				<misses>4926001</misses>
				<total>286</total>
				<timestamp>935.006531</timestamp>
			</report>
			<report>
				<misses>4927001</misses>
				<total>286</total>
				<timestamp>935.196349</timestamp>
			</report>
			<report>
				<misses>4928001</misses>
				<total>286</total>
				<timestamp>935.386192</timestamp>
			</report>
			<report>
				<misses>4929001</misses>
				<total>286</total>
				<timestamp>935.575978</timestamp>
			</report>
			<report>
				<misses>4930001</misses>
				<total>286</total>
				<timestamp>935.765743</timestamp>
			</report>
			<report>
				<misses>4931001</misses>
				<total>286</total>
				<timestamp>935.955582</timestamp>
			</report>
			<report>
				<misses>4932001</misses>
				<total>286</total>
				<timestamp>936.145384</timestamp>
			</report>
			<report>
				<misses>4933001</misses>
				<total>286</total>
				<timestamp>936.335207</timestamp>
			</report>
			<report>
				<misses>4934001</misses>
				<total>286</total>
				<timestamp>936.525056</timestamp>
			</report>
			<report>
				<misses>4935001</misses>
				<total>286</total>
				<timestamp>936.714826</timestamp>
			</report>
			<report>
				<misses>4936001</misses>
				<total>286</total>
				<timestamp>936.904660</timestamp>
			</report>
			<report>
				<misses>4937001</misses>
				<total>286</total>
				<timestamp>937.094462</timestamp>
			</report>
			<report>
				<misses>4938001</misses>
				<total>286</total>
				<timestamp>937.284272</timestamp>
			</report>
			<report>
				<misses>4939001</misses>
				<total>286</total>
				<timestamp>937.474135</timestamp>
			</report>
			<report>
				<misses>4940001</misses>
				<total>286</total>
				<timestamp>937.663855</timestamp>
			</report>
			<report>
				<misses>4941001</misses>
				<total>286</total>
				<timestamp>937.853695</timestamp>
			</report>
			<report>
				<misses>4942001</misses>
				<total>286</total>
				<timestamp>938.043530</timestamp>
			</report>
			<report>
				<misses>4943001</misses>
				<total>286</total>
				<timestamp>938.233332</timestamp>
			</report>
			<report>
				<misses>4944001</misses>
				<total>286</total>
				<timestamp>938.423125</timestamp>
			</report>
			<report>
				<misses>4945001</misses>
				<total>286</total>
				<timestamp>938.612918</timestamp>
			</report>
			<report>
				<misses>4946001</misses>
				<total>286</total>
				<timestamp>938.802844</timestamp>
			</report>
			<report>
				<misses>4947001</misses>
				<total>286</total>
				<timestamp>938.992539</timestamp>
			</report>
			<report>
				<misses>4948001</misses>
				<total>286</total>
				<timestamp>939.182372</timestamp>
			</report>
			<report>
				<misses>4949001</misses>
				<total>286</total>
				<timestamp>939.372220</timestamp>
			</report>
			<report>
				<misses>4950001</misses>
				<total>286</total>
				<timestamp>939.562032</timestamp>
			</report>
			<report>
				<misses>4951001</misses>
				<total>286</total>
				<timestamp>939.751766</timestamp>
			</report>
			<report>
				<misses>4952001</misses>
				<total>286</total>
				<timestamp>939.941608</timestamp>
			</report>
			<report>
				<misses>4953001</misses>
				<total>286</total>
				<timestamp>940.131406</timestamp>
			</report>
			<report>
				<misses>4954001</misses>
				<total>286</total>
				<timestamp>940.321295</timestamp>
			</report>
			<report>
				<misses>4955001</misses>
				<total>286</total>
				<timestamp>940.511019</timestamp>
			</report>
			<report>
				<misses>4956001</misses>
				<total>286</total>
				<timestamp>940.700860</timestamp>
			</report>
			<report>
				<misses>4957001</misses>
				<total>285</total>
				<timestamp>940.890641</timestamp>
			</report>
			<report>
				<misses>4958001</misses>
				<total>286</total>
				<timestamp>941.080489</timestamp>
			</report>
			<report>
				<misses>4959001</misses>
				<total>286</total>
				<timestamp>941.270245</timestamp>
			</report>
			<report>
				<misses>4960001</misses>
				<total>286</total>
				<timestamp>941.460139</timestamp>
			</report>
			<report>
				<misses>4961001</misses>
				<total>286</total>
				<timestamp>941.649973</timestamp>
			</report>
			<report>
				<misses>4962001</misses>
				<total>287</total>
				<timestamp>941.839710</timestamp>
			</report>
			<report>
				<misses>4963001</misses>
				<total>287</total>
				<timestamp>942.029491</timestamp>
			</report>
			<report>
				<misses>4964001</misses>
				<total>287</total>
				<timestamp>942.219358</timestamp>
			</report>
			<report>
				<misses>4965001</misses>
				<total>287</total>
				<timestamp>942.409218</timestamp>
			</report>
			<report>
				<misses>4966001</misses>
				<total>287</total>
				<timestamp>942.599009</timestamp>
			</report>
			<report>
				<misses>4967001</misses>
				<total>287</total>
				<timestamp>942.788819</timestamp>
			</report>
			<report>
				<misses>4968001</misses>
				<total>287</total>
				<timestamp>942.978602</timestamp>
			</report>
			<report>
				<misses>4969001</misses>
				<total>287</total>
				<timestamp>943.168355</timestamp>
			</report>
			<report>
				<misses>4970001</misses>
				<total>287</total>
				<timestamp>943.358221</timestamp>
			</report>
			<report>
				<misses>4971001</misses>
				<total>287</total>
				<timestamp>943.547956</timestamp>
			</report>
			<report>
				<misses>4972001</misses>
				<total>287</total>
				<timestamp>943.737792</timestamp>
			</report>
			<report>
				<misses>4973001</misses>
				<total>287</total>
				<timestamp>943.927593</timestamp>
			</report>
			<report>
				<misses>4974001</misses>
				<total>286</total>
				<timestamp>944.117434</timestamp>
			</report>
			<report>
				<misses>4975001</misses>
				<total>287</total>
				<timestamp>944.307194</timestamp>
			</report>
			<report>
				<misses>4976001</misses>
				<total>287</total>
				<timestamp>944.497057</timestamp>
			</report>
			<report>
				<misses>4977001</misses>
				<total>287</total>
				<timestamp>944.686857</timestamp>
			</report>
			<report>
				<misses>4978001</misses>
				<total>287</total>
				<timestamp>944.876662</timestamp>
			</report>
			<report>
				<misses>4979001</misses>
				<total>287</total>
				<timestamp>945.066540</timestamp>
			</report>
			<report>
				<misses>4980001</misses>
				<total>287</total>
				<timestamp>945.256260</timestamp>
			</report>
			<report>
				<misses>4981001</misses>
				<total>287</total>
				<timestamp>945.446110</timestamp>
			</report>
			<report>
				<misses>4982001</misses>
				<total>287</total>
				<timestamp>945.635881</timestamp>
			</report>
			<report>
				<misses>4983001</misses>
				<total>286</total>
				<timestamp>945.825753</timestamp>
			</report>
			<report>
				<misses>4984001</misses>
				<total>287</total>
				<timestamp>946.015575</timestamp>
			</report>
			<report>
				<misses>4985001</misses>
				<total>287</total>
				<timestamp>946.205291</timestamp>
			</report>
			<report>
				<misses>4986001</misses>
				<total>287</total>
				<timestamp>946.395115</timestamp>
			</report>
			<report>
				<misses>4987001</misses>
				<total>287</total>
				<timestamp>946.584934</timestamp>
			</report>
			<report>
				<misses>4988001</misses>
				<total>287</total>
				<timestamp>946.774800</timestamp>
			</report>
			<report>
				<misses>4989001</misses>
				<total>287</total>
				<timestamp>946.964549</timestamp>
			</report>
			<report>
				<misses>4990001</misses>
				<total>287</total>
				<timestamp>947.154385</timestamp>
			</report>
			<report>
				<misses>4991001</misses>
				<total>287</total>
				<timestamp>947.344168</timestamp>
			</report>
			<report>
				<misses>4992001</misses>
				<total>287</total>
				<timestamp>947.534010</timestamp>
			</report>
			<report>
				<misses>4993001</misses>
				<total>287</total>
				<timestamp>947.723792</timestamp>
			</report>
			<report>
				<misses>4994001</misses>
				<total>287</total>
				<timestamp>947.913626</timestamp>
			</report>
			<report>
				<misses>4995001</misses>
				<total>287</total>
				<timestamp>948.103464</timestamp>
			</report>
			<report>
				<misses>4996001</misses>
				<total>287</total>
				<timestamp>948.293220</timestamp>
			</report>
			<report>
				<misses>4997001</misses>
				<total>287</total>
				<timestamp>948.483139</timestamp>
			</report>
			<report>
				<misses>4998001</misses>
				<total>287</total>
				<timestamp>948.672851</timestamp>
			</report>
			<report>
				<misses>4999001</misses>
				<total>287</total>
				<timestamp>948.862748</timestamp>
			</report>
			<report>
				<misses>5000001</misses>
				<total>287</total>
				<timestamp>949.052458</timestamp>
			</report>
		</query>
	</custom>
	<ethtool_statistic>
		<rx_packets>
			<start>7521052853</start>
			<end>7600287717</end>
		</rx_packets>
		<tx_packets>
			<start>12634615126</start>
			<end>12770405294</end>
		</tx_packets>
		<rx_dropped>
			<start>828</start>
			<end>828</end>
		</rx_dropped>
		<tx_dropped>
			<start>0</start>
			<end>0</end>
		</tx_dropped>
		<collisions>
			<start>0</start>
			<end>0</end>
		</collisions>
		<port_tx_errors>
			<start>0</start>
			<end>0</end>
		</port_tx_errors>
		<port_rx_dropped>
			<start>0</start>
			<end>0</end>
		</port_rx_dropped>
		<port_tx_dropped_link_down>
			<start>0</start>
			<end>0</end>
		</port_tx_dropped_link_down>
	</ethtool_statistic>
	<ip_statistic>
		<mtu>
			<start>9000</start>
			<end>9000</end>
		</mtu>
		<rx_bytes>
			<start>30913919124222</start>
			<end>31231889257682</end>
		</rx_bytes>
		<rx_packets>
			<start>7521053291</start>
			<end>7600287843</end>
		</rx_packets>
		<rx_errors>
			<start>0</start>
			<end>0</end>
		</rx_errors>
		<rx_dropped>
			<start>828</start>
			<end>828</end>
		</rx_dropped>
		<rx_missed>
			<start>0</start>
			<end>0</end>
		</rx_missed>
		<rx_mcast>
			<start>4976</start>
			<end>4989</end>
		</rx_mcast>
		<tx_bytes>
			<start>43610838434482</start>
			<end>44179650730438</end>
		</tx_bytes>
		<tx_packets>
			<start>12634615261</start>
			<end>12770405746</end>
		</tx_packets>
		<tx_errors>
			<start>0</start>
			<end>0</end>
		</tx_errors>
		<tx_dropped>
			<start>0</start>
			<end>0</end>
		</tx_dropped>
		<tx_carrier>
			<start>0</start>
			<end>0</end>
		</tx_carrier>
		<tx_collisions>
			<start>0</start>
			<end>0</end>
		</tx_collisions>
	</ip_statistic>
	<netstat_statistic>
		<udp_pkg_rec>
			<start>6414123779</start>
			<end>6478791982</end>
		</udp_pkg_rec>
		<udp_pkg_snt>
			<start>11113105543</start>
			<end>11213936444</end>
		</udp_pkg_snt>
		<udp_rec_err>
			<start>1108871520</start>
			<end>1123442640</end>
		</udp_rec_err>
		<udp_rec_buf_err>
			<start>1108871520</start>
			<end>1123442640</end>
		</udp_rec_buf_err>
		<udp_snt_buf_err>
			<start>0</start>
			<end>0</end>
		</udp_snt_buf_err>
	</netstat_statistic>
</test_results>
