<?xml version="1.0"?>
<test_results>
	<status>STATUS_SUCCESS</status>
	<custom>
		<num_loss>48</num_loss>
		<num_total>29700001</num_total>
		<num_misses>18716515</num_misses>
		<elapsed_time>484.162282</elapsed_time>
		<query>
			<report>
				<misses>100000</misses>
				<total>2</total>
				<timestamp>1.587434</timestamp>
			</report>
			<report>
				<misses>200000</misses>
				<total>1</total>
				<timestamp>3.184265</timestamp>
			</report>
			<report>
				<misses>300000</misses>
				<total>2</total>
				<timestamp>4.773892</timestamp>
			</report>
			<report>
				<misses>400000</misses>
				<total>5</total>
				<timestamp>6.381913</timestamp>
			</report>
			<report>
				<misses>500000</misses>
				<total>3</total>
				<timestamp>8.041346</timestamp>
			</report>
			<report>
				<misses>600000</misses>
				<total>3</total>
				<timestamp>9.678639</timestamp>
			</report>
			<report>
				<misses>700000</misses>
				<total>1</total>
				<timestamp>11.320721</timestamp>
			</report>
			<report>
				<misses>800000</misses>
				<total>1</total>
				<timestamp>13.003326</timestamp>
			</report>
			<report>
				<misses>900000</misses>
				<total>0</total>
				<timestamp>14.689093</timestamp>
			</report>
			<report>
				<misses>1000000</misses>
				<total>3</total>
				<timestamp>16.376183</timestamp>
			</report>
			<report>
				<misses>1100000</misses>
				<total>2</total>
				<timestamp>18.050062</timestamp>
			</report>
			<report>
				<misses>1200000</misses>
				<total>4</total>
				<timestamp>19.751750</timestamp>
			</report>
			<report>
				<misses>1300000</misses>
				<total>3</total>
				<timestamp>21.471432</timestamp>
			</report>
			<report>
				<misses>1400000</misses>
				<total>3</total>
				<timestamp>23.122674</timestamp>
			</report>
			<report>
				<misses>1500000</misses>
				<total>2</total>
				<timestamp>24.718645</timestamp>
			</report>
			<report>
				<misses>1600000</misses>
				<total>5</total>
				<timestamp>26.298263</timestamp>
			</report>
			<report>
				<misses>1700000</misses>
				<total>3</total>
				<timestamp>27.869079</timestamp>
			</report>
			<report>
				<misses>1800000</misses>
				<total>3</total>
				<timestamp>29.495157</timestamp>
			</report>
			<report>
				<misses>1900000</misses>
				<total>1</total>
				<timestamp>31.204957</timestamp>
			</report>
			<report>
				<misses>2000000</misses>
				<total>4</total>
				<timestamp>32.898352</timestamp>
			</report>
			<report>
				<misses>2100000</misses>
				<total>4</total>
				<timestamp>34.584128</timestamp>
			</report>
			<report>
				<misses>2200000</misses>
				<total>5</total>
				<timestamp>36.262128</timestamp>
			</report>
			<report>
				<misses>2300000</misses>
				<total>3</total>
				<timestamp>37.937491</timestamp>
			</report>
			<report>
				<misses>2400000</misses>
				<total>1</total>
				<timestamp>39.573604</timestamp>
			</report>
			<report>
				<misses>2500000</misses>
				<total>3</total>
				<timestamp>41.261794</timestamp>
			</report>
			<report>
				<misses>2600000</misses>
				<total>2</total>
				<timestamp>42.946963</timestamp>
			</report>
			<report>
				<misses>2700000</misses>
				<total>3</total>
				<timestamp>44.612157</timestamp>
			</report>
			<report>
				<misses>2800000</misses>
				<total>2</total>
				<timestamp>46.234089</timestamp>
			</report>
			<report>
				<misses>2900000</misses>
				<total>7</total>
				<timestamp>47.804923</timestamp>
			</report>
			<report>
				<misses>3000000</misses>
				<total>1</total>
				<timestamp>49.363814</timestamp>
			</report>
			<report>
				<misses>3100000</misses>
				<total>1</total>
				<timestamp>50.943811</timestamp>
			</report>
			<report>
				<misses>3200000</misses>
				<total>0</total>
				<timestamp>52.556374</timestamp>
			</report>
			<report>
				<misses>3300000</misses>
				<total>2</total>
				<timestamp>54.234111</timestamp>
			</report>
			<report>
				<misses>3400000</misses>
				<total>2</total>
				<timestamp>55.916237</timestamp>
			</report>
			<report>
				<misses>3500000</misses>
				<total>1</total>
				<timestamp>57.550302</timestamp>
			</report>
			<report>
				<misses>3600000</misses>
				<total>4</total>
				<timestamp>59.213531</timestamp>
			</report>
			<report>
				<misses>3700000</misses>
				<total>1</total>
				<timestamp>60.863770</timestamp>
			</report>
			<report>
				<misses>3800000</misses>
				<total>5</total>
				<timestamp>62.486823</timestamp>
			</report>
			<report>
				<misses>3900000</misses>
				<total>0</total>
				<timestamp>64.073183</timestamp>
			</report>
			<report>
				<misses>4000000</misses>
				<total>2</total>
				<timestamp>65.651545</timestamp>
			</report>
			<report>
				<misses>4100000</misses>
				<total>4</total>
				<timestamp>67.228232</timestamp>
			</report>
			<report>
				<misses>4200000</misses>
				<total>5</total>
				<timestamp>68.843245</timestamp>
			</report>
			<report>
				<misses>4300000</misses>
				<total>4</total>
				<timestamp>70.514706</timestamp>
			</report>
			<report>
				<misses>4400000</misses>
				<total>2</total>
				<timestamp>72.151526</timestamp>
			</report>
			<report>
				<misses>4500000</misses>
				<total>3</total>
				<timestamp>73.784999</timestamp>
			</report>
			<report>
				<misses>4600000</misses>
				<total>3</total>
				<timestamp>75.413324</timestamp>
			</report>
			<report>
				<misses>4700000</misses>
				<total>5</total>
				<timestamp>77.037657</timestamp>
			</report>
			<report>
				<misses>4800000</misses>
				<total>1</total>
				<timestamp>78.716387</timestamp>
			</report>
			<report>
				<misses>4900000</misses>
				<total>2</total>
				<timestamp>80.395057</timestamp>
			</report>
			<report>
				<misses>5000000</misses>
				<total>1</total>
				<timestamp>82.061084</timestamp>
			</report>
			<report>
				<misses>5100000</misses>
				<total>6</total>
				<timestamp>83.705420</timestamp>
			</report>
			<report>
				<misses>5200000</misses>
				<total>1</total>
				<timestamp>85.268128</timestamp>
			</report>
			<report>
				<misses>5300000</misses>
				<total>6</total>
				<timestamp>86.835397</timestamp>
			</report>
			<report>
				<misses>5400000</misses>
				<total>4</total>
				<timestamp>88.406607</timestamp>
			</report>
			<report>
				<misses>5500000</misses>
				<total>2</total>
				<timestamp>90.034000</timestamp>
			</report>
			<report>
				<misses>5600000</misses>
				<total>1</total>
				<timestamp>91.710463</timestamp>
			</report>
			<report>
				<misses>5700000</misses>
				<total>4</total>
				<timestamp>93.404752</timestamp>
			</report>
			<report>
				<misses>5800000</misses>
				<total>4</total>
				<timestamp>95.078985</timestamp>
			</report>
			<report>
				<misses>5900000</misses>
				<total>5</total>
				<timestamp>96.751774</timestamp>
			</report>
			<report>
				<misses>6000000</misses>
				<total>3</total>
				<timestamp>98.423483</timestamp>
			</report>
			<report>
				<misses>6100000</misses>
				<total>2</total>
				<timestamp>100.100607</timestamp>
			</report>
			<report>
				<misses>6200000</misses>
				<total>3</total>
				<timestamp>101.726667</timestamp>
			</report>
			<report>
				<misses>6300000</misses>
				<total>2</total>
				<timestamp>103.410882</timestamp>
			</report>
			<report>
				<misses>6400000</misses>
				<total>1</total>
				<timestamp>105.001601</timestamp>
			</report>
			<report>
				<misses>6500000</misses>
				<total>1</total>
				<timestamp>106.591057</timestamp>
			</report>
			<report>
				<misses>6600000</misses>
				<total>26</total>
				<timestamp>108.176678</timestamp>
			</report>
			<report>
				<misses>6700000</misses>
				<total>25</total>
				<timestamp>109.755464</timestamp>
			</report>
			<report>
				<misses>6800000</misses>
				<total>24</total>
				<timestamp>111.405403</timestamp>
			</report>
			<report>
				<misses>6900000</misses>
				<total>24</total>
				<timestamp>113.101352</timestamp>
			</report>
			<report>
				<misses>7000000</misses>
				<total>23</total>
				<timestamp>114.796499</timestamp>
			</report>
			<report>
				<misses>7100000</misses>
				<total>26</total>
				<timestamp>116.453149</timestamp>
			</report>
			<report>
				<misses>7200000</misses>
				<total>23</total>
				<timestamp>118.105026</timestamp>
			</report>
			<report>
				<misses>7300000</misses>
				<total>24</total>
				<timestamp>119.781603</timestamp>
			</report>
			<report>
				<misses>7400000</misses>
				<total>25</total>
				<timestamp>121.434760</timestamp>
			</report>
			<report>
				<misses>7500000</misses>
				<total>25</total>
				<timestamp>123.104432</timestamp>
			</report>
			<report>
				<misses>7600000</misses>
				<total>25</total>
				<timestamp>124.746969</timestamp>
			</report>
			<report>
				<misses>7700000</misses>
				<total>26</total>
				<timestamp>126.349253</timestamp>
			</report>
			<report>
				<misses>7800000</misses>
				<total>26</total>
				<timestamp>127.934407</timestamp>
			</report>
			<report>
				<misses>7900000</misses>
				<total>23</total>
				<timestamp>129.503181</timestamp>
			</report>
			<report>
				<misses>8000000</misses>
				<total>24</total>
				<timestamp>131.054705</timestamp>
			</report>
			<report>
				<misses>8100000</misses>
				<total>26</total>
				<timestamp>132.665005</timestamp>
			</report>
			<report>
				<misses>8200000</misses>
				<total>23</total>
				<timestamp>134.329786</timestamp>
			</report>
			<report>
				<misses>8300000</misses>
				<total>29</total>
				<timestamp>135.966617</timestamp>
			</report>
			<report>
				<misses>8400000</misses>
				<total>27</total>
				<timestamp>137.619199</timestamp>
			</report>
			<report>
				<misses>8500000</misses>
				<total>22</total>
				<timestamp>139.245434</timestamp>
			</report>
			<report>
				<misses>8600000</misses>
				<total>25</total>
				<timestamp>140.881192</timestamp>
			</report>
			<report>
				<misses>8700000</misses>
				<total>24</total>
				<timestamp>142.506370</timestamp>
			</report>
			<report>
				<misses>8800000</misses>
				<total>27</total>
				<timestamp>144.087762</timestamp>
			</report>
			<report>
				<misses>8900000</misses>
				<total>25</total>
				<timestamp>145.648612</timestamp>
			</report>
			<report>
				<misses>9000000</misses>
				<total>23</total>
				<timestamp>147.194953</timestamp>
			</report>
			<report>
				<misses>9100000</misses>
				<total>28</total>
				<timestamp>148.777681</timestamp>
			</report>
			<report>
				<misses>9200000</misses>
				<total>25</total>
				<timestamp>150.362137</timestamp>
			</report>
			<report>
				<misses>9300000</misses>
				<total>25</total>
				<timestamp>152.006176</timestamp>
			</report>
			<report>
				<misses>9400000</misses>
				<total>23</total>
				<timestamp>153.623071</timestamp>
			</report>
			<report>
				<misses>9500000</misses>
				<total>25</total>
				<timestamp>155.280370</timestamp>
			</report>
			<report>
				<misses>9600000</misses>
				<total>23</total>
				<timestamp>156.912627</timestamp>
			</report>
			<report>
				<misses>9700000</misses>
				<total>26</total>
				<timestamp>158.556696</timestamp>
			</report>
			<report>
				<misses>9800000</misses>
				<total>23</total>
				<timestamp>160.174729</timestamp>
			</report>
			<report>
				<misses>9900000</misses>
				<total>24</total>
				<timestamp>161.749151</timestamp>
			</report>
			<report>
				<misses>10000000</misses>
				<total>24</total>
				<timestamp>163.330363</timestamp>
			</report>
			<report>
				<misses>10100000</misses>
				<total>24</total>
				<timestamp>164.913853</timestamp>
			</report>
			<report>
				<misses>10200000</misses>
				<total>24</total>
				<timestamp>166.509696</timestamp>
			</report>
			<report>
				<misses>10300000</misses>
				<total>24</total>
				<timestamp>168.156570</timestamp>
			</report>
			<report>
				<misses>10400000</misses>
				<total>24</total>
				<timestamp>169.769523</timestamp>
			</report>
			<report>
				<misses>10500000</misses>
				<total>25</total>
				<timestamp>171.391497</timestamp>
			</report>
			<report>
				<misses>10600000</misses>
				<total>23</total>
				<timestamp>173.009239</timestamp>
			</report>
			<report>
				<misses>10700000</misses>
				<total>29</total>
				<timestamp>174.658569</timestamp>
			</report>
			<report>
				<misses>10800000</misses>
				<total>25</total>
				<timestamp>176.351141</timestamp>
			</report>
			<report>
				<misses>10900000</misses>
				<total>24</total>
				<timestamp>178.048246</timestamp>
			</report>
			<report>
				<misses>11000000</misses>
				<total>25</total>
				<timestamp>179.742359</timestamp>
			</report>
			<report>
				<misses>11100000</misses>
				<total>25</total>
				<timestamp>181.395195</timestamp>
			</report>
			<report>
				<misses>11200000</misses>
				<total>25</total>
				<timestamp>183.065161</timestamp>
			</report>
			<report>
				<misses>11300000</misses>
				<total>25</total>
				<timestamp>184.660138</timestamp>
			</report>
			<report>
				<misses>11400000</misses>
				<total>25</total>
				<timestamp>186.239335</timestamp>
			</report>
			<report>
				<misses>11500000</misses>
				<total>24</total>
				<timestamp>187.812968</timestamp>
			</report>
			<report>
				<misses>11600000</misses>
				<total>23</total>
				<timestamp>189.415162</timestamp>
			</report>
			<report>
				<misses>11700000</misses>
				<total>25</total>
				<timestamp>191.074669</timestamp>
			</report>
			<report>
				<misses>11800000</misses>
				<total>25</total>
				<timestamp>192.745369</timestamp>
			</report>
			<report>
				<misses>11900000</misses>
				<total>25</total>
				<timestamp>194.429142</timestamp>
			</report>
			<report>
				<misses>12000000</misses>
				<total>26</total>
				<timestamp>196.074840</timestamp>
			</report>
			<report>
				<misses>12100000</misses>
				<total>26</total>
				<timestamp>197.729991</timestamp>
			</report>
			<report>
				<misses>12200000</misses>
				<total>25</total>
				<timestamp>199.357252</timestamp>
			</report>
			<report>
				<misses>12300000</misses>
				<total>23</total>
				<timestamp>200.924541</timestamp>
			</report>
			<report>
				<misses>12400000</misses>
				<total>23</total>
				<timestamp>202.515709</timestamp>
			</report>
			<report>
				<misses>12500000</misses>
				<total>26</total>
				<timestamp>204.080373</timestamp>
			</report>
			<report>
				<misses>12600000</misses>
				<total>25</total>
				<timestamp>205.664490</timestamp>
			</report>
			<report>
				<misses>12700000</misses>
				<total>24</total>
				<timestamp>207.353233</timestamp>
			</report>
			<report>
				<misses>12800000</misses>
				<total>23</total>
				<timestamp>209.043615</timestamp>
			</report>
			<report>
				<misses>12900000</misses>
				<total>26</total>
				<timestamp>210.734697</timestamp>
			</report>
			<report>
				<misses>13000000</misses>
				<total>25</total>
				<timestamp>212.377583</timestamp>
			</report>
			<report>
				<misses>13100000</misses>
				<total>24</total>
				<timestamp>214.040548</timestamp>
			</report>
			<report>
				<misses>13200000</misses>
				<total>27</total>
				<timestamp>215.718244</timestamp>
			</report>
			<report>
				<misses>13300000</misses>
				<total>25</total>
				<timestamp>217.360318</timestamp>
			</report>
			<report>
				<misses>13400000</misses>
				<total>25</total>
				<timestamp>219.005590</timestamp>
			</report>
			<report>
				<misses>13500000</misses>
				<total>24</total>
				<timestamp>220.584976</timestamp>
			</report>
			<report>
				<misses>13600000</misses>
				<total>26</total>
				<timestamp>222.157008</timestamp>
			</report>
			<report>
				<misses>13700000</misses>
				<total>24</total>
				<timestamp>223.734897</timestamp>
			</report>
			<report>
				<misses>13800000</misses>
				<total>24</total>
				<timestamp>225.319871</timestamp>
			</report>
			<report>
				<misses>13900000</misses>
				<total>23</total>
				<timestamp>226.922352</timestamp>
			</report>
			<report>
				<misses>14000000</misses>
				<total>22</total>
				<timestamp>228.580400</timestamp>
			</report>
			<report>
				<misses>14100000</misses>
				<total>25</total>
				<timestamp>230.228818</timestamp>
			</report>
			<report>
				<misses>14200000</misses>
				<total>25</total>
				<timestamp>231.845504</timestamp>
			</report>
			<report>
				<misses>14300000</misses>
				<total>26</total>
				<timestamp>233.482186</timestamp>
			</report>
			<report>
				<misses>14400000</misses>
				<total>25</total>
				<timestamp>235.133472</timestamp>
			</report>
			<report>
				<misses>14500000</misses>
				<total>26</total>
				<timestamp>236.755720</timestamp>
			</report>
			<report>
				<misses>14600000</misses>
				<total>25</total>
				<timestamp>238.338898</timestamp>
			</report>
			<report>
				<misses>14700000</misses>
				<total>28</total>
				<timestamp>239.931921</timestamp>
			</report>
			<report>
				<misses>14800000</misses>
				<total>26</total>
				<timestamp>241.494547</timestamp>
			</report>
			<report>
				<misses>14900000</misses>
				<total>24</total>
				<timestamp>243.053576</timestamp>
			</report>
			<report>
				<misses>15000000</misses>
				<total>24</total>
				<timestamp>244.724819</timestamp>
			</report>
			<report>
				<misses>15100000</misses>
				<total>24</total>
				<timestamp>246.358376</timestamp>
			</report>
			<report>
				<misses>15200000</misses>
				<total>24</total>
				<timestamp>248.007829</timestamp>
			</report>
			<report>
				<misses>15300000</misses>
				<total>26</total>
				<timestamp>249.633937</timestamp>
			</report>
			<report>
				<misses>15400000</misses>
				<total>25</total>
				<timestamp>251.285995</timestamp>
			</report>
			<report>
				<misses>15500000</misses>
				<total>23</total>
				<timestamp>252.940514</timestamp>
			</report>
			<report>
				<misses>15600000</misses>
				<total>26</total>
				<timestamp>254.538226</timestamp>
			</report>
			<report>
				<misses>15700000</misses>
				<total>26</total>
				<timestamp>256.147803</timestamp>
			</report>
			<report>
				<misses>15800000</misses>
				<total>25</total>
				<timestamp>257.730009</timestamp>
			</report>
			<report>
				<misses>15900000</misses>
				<total>27</total>
				<timestamp>259.312081</timestamp>
			</report>
			<report>
				<misses>16000000</misses>
				<total>25</total>
				<timestamp>260.971693</timestamp>
			</report>
			<report>
				<misses>16100000</misses>
				<total>24</total>
				<timestamp>262.640816</timestamp>
			</report>
			<report>
				<misses>16200000</misses>
				<total>28</total>
				<timestamp>264.291555</timestamp>
			</report>
			<report>
				<misses>16300000</misses>
				<total>25</total>
				<timestamp>265.927360</timestamp>
			</report>
			<report>
				<misses>16400000</misses>
				<total>23</total>
				<timestamp>267.567393</timestamp>
			</report>
			<report>
				<misses>16500000</misses>
				<total>25</total>
				<timestamp>269.210266</timestamp>
			</report>
			<report>
				<misses>16600000</misses>
				<total>25</total>
				<timestamp>270.800593</timestamp>
			</report>
			<report>
				<misses>16700000</misses>
				<total>23</total>
				<timestamp>272.373679</timestamp>
			</report>
			<report>
				<misses>16800000</misses>
				<total>25</total>
				<timestamp>273.938028</timestamp>
			</report>
			<report>
				<misses>16900000</misses>
				<total>26</total>
				<timestamp>275.510342</timestamp>
			</report>
			<report>
				<misses>17000000</misses>
				<total>24</total>
				<timestamp>277.169756</timestamp>
			</report>
			<report>
				<misses>17100000</misses>
				<total>23</total>
				<timestamp>278.786352</timestamp>
			</report>
			<report>
				<misses>17200000</misses>
				<total>28</total>
				<timestamp>280.440763</timestamp>
			</report>
			<report>
				<misses>17300000</misses>
				<total>25</total>
				<timestamp>282.075905</timestamp>
			</report>
			<report>
				<misses>17400000</misses>
				<total>24</total>
				<timestamp>283.703825</timestamp>
			</report>
			<report>
				<misses>17500000</misses>
				<total>25</total>
				<timestamp>285.361031</timestamp>
			</report>
			<report>
				<misses>17600000</misses>
				<total>24</total>
				<timestamp>286.964356</timestamp>
			</report>
			<report>
				<misses>17700000</misses>
				<total>25</total>
				<timestamp>288.525376</timestamp>
			</report>
			<report>
				<misses>17800000</misses>
				<total>26</total>
				<timestamp>290.073592</timestamp>
			</report>
			<report>
				<misses>17900000</misses>
				<total>27</total>
				<timestamp>291.678865</timestamp>
			</report>
			<report>
				<misses>18000000</misses>
				<total>25</total>
				<timestamp>293.254907</timestamp>
			</report>
			<report>
				<misses>18100000</misses>
				<total>26</total>
				<timestamp>294.895445</timestamp>
			</report>
			<report>
				<misses>18200000</misses>
				<total>26</total>
				<timestamp>296.517950</timestamp>
			</report>
			<report>
				<misses>18300000</misses>
				<total>26</total>
				<timestamp>298.126112</timestamp>
			</report>
			<report>
				<misses>18400000</misses>
				<total>26</total>
				<timestamp>299.749829</timestamp>
			</report>
			<report>
				<misses>18500000</misses>
				<total>26</total>
				<timestamp>301.408510</timestamp>
			</report>
			<report>
				<misses>18600000</misses>
				<total>24</total>
				<timestamp>303.010454</timestamp>
			</report>
			<report>
				<misses>18700000</misses>
				<total>27</total>
				<timestamp>304.604690</timestamp>
			</report>
			<report>
				<misses>18800000</misses>
				<total>27</total>
				<timestamp>306.171464</timestamp>
			</report>
			<report>
				<misses>18900000</misses>
				<total>26</total>
				<timestamp>307.753838</timestamp>
			</report>
			<report>
				<misses>19000000</misses>
				<total>28</total>
				<timestamp>309.382350</timestamp>
			</report>
			<report>
				<misses>19100000</misses>
				<total>24</total>
				<timestamp>311.102017</timestamp>
			</report>
			<report>
				<misses>19200000</misses>
				<total>27</total>
				<timestamp>312.756412</timestamp>
			</report>
			<report>
				<misses>19300000</misses>
				<total>23</total>
				<timestamp>314.403979</timestamp>
			</report>
			<report>
				<misses>19400000</misses>
				<total>24</total>
				<timestamp>316.064313</timestamp>
			</report>
			<report>
				<misses>19500000</misses>
				<total>26</total>
				<timestamp>317.744128</timestamp>
			</report>
			<report>
				<misses>19600000</misses>
				<total>25</total>
				<timestamp>319.426311</timestamp>
			</report>
			<report>
				<misses>19700000</misses>
				<total>24</total>
				<timestamp>321.077648</timestamp>
			</report>
			<report>
				<misses>19800000</misses>
				<total>24</total>
				<timestamp>322.722492</timestamp>
			</report>
			<report>
				<misses>19900000</misses>
				<total>24</total>
				<timestamp>324.378679</timestamp>
			</report>
			<report>
				<misses>20000000</misses>
				<total>26</total>
				<timestamp>326.043570</timestamp>
			</report>
			<report>
				<misses>20100000</misses>
				<total>26</total>
				<timestamp>327.614162</timestamp>
			</report>
			<report>
				<misses>20200000</misses>
				<total>25</total>
				<timestamp>329.199766</timestamp>
			</report>
			<report>
				<misses>20300000</misses>
				<total>24</total>
				<timestamp>330.785857</timestamp>
			</report>
			<report>
				<misses>20400000</misses>
				<total>23</total>
				<timestamp>332.345161</timestamp>
			</report>
			<report>
				<misses>20500000</misses>
				<total>25</total>
				<timestamp>333.974295</timestamp>
			</report>
			<report>
				<misses>20600000</misses>
				<total>24</total>
				<timestamp>335.638071</timestamp>
			</report>
			<report>
				<misses>20700000</misses>
				<total>23</total>
				<timestamp>337.299913</timestamp>
			</report>
			<report>
				<misses>20800000</misses>
				<total>26</total>
				<timestamp>338.904187</timestamp>
			</report>
			<report>
				<misses>20900000</misses>
				<total>27</total>
				<timestamp>340.532347</timestamp>
			</report>
			<report>
				<misses>21000000</misses>
				<total>23</total>
				<timestamp>342.155507</timestamp>
			</report>
			<report>
				<misses>21100000</misses>
				<total>23</total>
				<timestamp>343.802891</timestamp>
			</report>
			<report>
				<misses>21200000</misses>
				<total>23</total>
				<timestamp>345.378579</timestamp>
			</report>
			<report>
				<misses>21300000</misses>
				<total>26</total>
				<timestamp>346.964173</timestamp>
			</report>
			<report>
				<misses>21400000</misses>
				<total>23</total>
				<timestamp>348.554610</timestamp>
			</report>
			<report>
				<misses>21500000</misses>
				<total>25</total>
				<timestamp>350.166826</timestamp>
			</report>
			<report>
				<misses>21600000</misses>
				<total>25</total>
				<timestamp>351.874203</timestamp>
			</report>
			<report>
				<misses>21700000</misses>
				<total>25</total>
				<timestamp>353.568102</timestamp>
			</report>
			<report>
				<misses>21800000</misses>
				<total>25</total>
				<timestamp>355.220632</timestamp>
			</report>
			<report>
				<misses>21900000</misses>
				<total>24</total>
				<timestamp>356.869930</timestamp>
			</report>
			<report>
				<misses>22000000</misses>
				<total>25</total>
				<timestamp>358.533259</timestamp>
			</report>
			<report>
				<misses>22100000</misses>
				<total>25</total>
				<timestamp>360.157625</timestamp>
			</report>
			<report>
				<misses>22200000</misses>
				<total>25</total>
				<timestamp>361.820020</timestamp>
			</report>
			<report>
				<misses>22300000</misses>
				<total>23</total>
				<timestamp>363.436409</timestamp>
			</report>
			<report>
				<misses>22400000</misses>
				<total>22</total>
				<timestamp>365.041559</timestamp>
			</report>
			<report>
				<misses>22500000</misses>
				<total>23</total>
				<timestamp>366.603358</timestamp>
			</report>
			<report>
				<misses>22600000</misses>
				<total>24</total>
				<timestamp>368.183218</timestamp>
			</report>
			<report>
				<misses>22700000</misses>
				<total>29</total>
				<timestamp>369.762991</timestamp>
			</report>
			<report>
				<misses>22800000</misses>
				<total>24</total>
				<timestamp>371.365676</timestamp>
			</report>
			<report>
				<misses>22900000</misses>
				<total>27</total>
				<timestamp>372.996457</timestamp>
			</report>
			<report>
				<misses>23000000</misses>
				<total>26</total>
				<timestamp>374.625691</timestamp>
			</report>
			<report>
				<misses>23100000</misses>
				<total>25</total>
				<timestamp>376.238019</timestamp>
			</report>
			<report>
				<misses>23200000</misses>
				<total>26</total>
				<timestamp>377.901950</timestamp>
			</report>
			<report>
				<misses>23300000</misses>
				<total>25</total>
				<timestamp>379.531364</timestamp>
			</report>
			<report>
				<misses>23400000</misses>
				<total>23</total>
				<timestamp>381.149684</timestamp>
			</report>
			<report>
				<misses>23500000</misses>
				<total>28</total>
				<timestamp>382.733919</timestamp>
			</report>
			<report>
				<misses>23600000</misses>
				<total>23</total>
				<timestamp>384.296063</timestamp>
			</report>
			<report>
				<misses>23700000</misses>
				<total>27</total>
				<timestamp>385.861857</timestamp>
			</report>
			<report>
				<misses>23800000</misses>
				<total>24</total>
				<timestamp>387.455978</timestamp>
			</report>
			<report>
				<misses>23900000</misses>
				<total>24</total>
				<timestamp>389.062077</timestamp>
			</report>
			<report>
				<misses>24000000</misses>
				<total>24</total>
				<timestamp>390.691760</timestamp>
			</report>
			<report>
				<misses>24100000</misses>
				<total>25</total>
				<timestamp>392.310496</timestamp>
			</report>
			<report>
				<misses>24200000</misses>
				<total>23</total>
				<timestamp>393.945718</timestamp>
			</report>
			<report>
				<misses>24300000</misses>
				<total>24</total>
				<timestamp>395.636163</timestamp>
			</report>
			<report>
				<misses>24400000</misses>
				<total>23</total>
				<timestamp>397.323231</timestamp>
			</report>
			<report>
				<misses>24500000</misses>
				<total>27</total>
				<timestamp>399.010975</timestamp>
			</report>
			<report>
				<misses>24600000</misses>
				<total>26</total>
				<timestamp>400.705487</timestamp>
			</report>
			<report>
				<misses>24700000</misses>
				<total>23</total>
				<timestamp>402.423718</timestamp>
			</report>
			<report>
				<misses>24800000</misses>
				<total>25</total>
				<timestamp>404.096640</timestamp>
			</report>
			<report>
				<misses>24900000</misses>
				<total>24</total>
				<timestamp>405.717746</timestamp>
			</report>
			<report>
				<misses>25000000</misses>
				<total>27</total>
				<timestamp>407.299803</timestamp>
			</report>
			<report>
				<misses>25100000</misses>
				<total>23</total>
				<timestamp>408.901753</timestamp>
			</report>
			<report>
				<misses>25200000</misses>
				<total>28</total>
				<timestamp>410.470388</timestamp>
			</report>
			<report>
				<misses>25300000</misses>
				<total>23</total>
				<timestamp>412.076532</timestamp>
			</report>
			<report>
				<misses>25400000</misses>
				<total>23</total>
				<timestamp>413.777941</timestamp>
			</report>
			<report>
				<misses>25500000</misses>
				<total>26</total>
				<timestamp>415.468303</timestamp>
			</report>
			<report>
				<misses>25600000</misses>
				<total>27</total>
				<timestamp>417.136450</timestamp>
			</report>
			<report>
				<misses>25700000</misses>
				<total>25</total>
				<timestamp>418.764353</timestamp>
			</report>
			<report>
				<misses>25800000</misses>
				<total>25</total>
				<timestamp>420.425500</timestamp>
			</report>
			<report>
				<misses>25900000</misses>
				<total>23</total>
				<timestamp>421.990906</timestamp>
			</report>
			<report>
				<misses>26000000</misses>
				<total>26</total>
				<timestamp>423.572866</timestamp>
			</report>
			<report>
				<misses>26100000</misses>
				<total>25</total>
				<timestamp>425.148549</timestamp>
			</report>
			<report>
				<misses>26200000</misses>
				<total>25</total>
				<timestamp>426.737710</timestamp>
			</report>
			<report>
				<misses>26300000</misses>
				<total>24</total>
				<timestamp>428.413477</timestamp>
			</report>
			<report>
				<misses>26400000</misses>
				<total>27</total>
				<timestamp>430.056223</timestamp>
			</report>
			<report>
				<misses>26500000</misses>
				<total>25</total>
				<timestamp>431.713400</timestamp>
			</report>
			<report>
				<misses>26600000</misses>
				<total>23</total>
				<timestamp>433.372973</timestamp>
			</report>
			<report>
				<misses>26700000</misses>
				<total>24</total>
				<timestamp>435.073520</timestamp>
			</report>
			<report>
				<misses>26800000</misses>
				<total>28</total>
				<timestamp>436.756971</timestamp>
			</report>
			<report>
				<misses>26900000</misses>
				<total>27</total>
				<timestamp>438.424498</timestamp>
			</report>
			<report>
				<misses>27000000</misses>
				<total>23</total>
				<timestamp>440.093853</timestamp>
			</report>
			<report>
				<misses>27100000</misses>
				<total>24</total>
				<timestamp>441.769376</timestamp>
			</report>
			<report>
				<misses>27200000</misses>
				<total>26</total>
				<timestamp>443.357342</timestamp>
			</report>
			<report>
				<misses>27300000</misses>
				<total>25</total>
				<timestamp>444.963872</timestamp>
			</report>
			<report>
				<misses>27400000</misses>
				<total>23</total>
				<timestamp>446.560784</timestamp>
			</report>
			<report>
				<misses>27500000</misses>
				<total>24</total>
				<timestamp>448.128196</timestamp>
			</report>
			<report>
				<misses>27600000</misses>
				<total>24</total>
				<timestamp>449.771436</timestamp>
			</report>
			<report>
				<misses>27700000</misses>
				<total>25</total>
				<timestamp>451.407752</timestamp>
			</report>
			<report>
				<misses>27800000</misses>
				<total>24</total>
				<timestamp>453.015579</timestamp>
			</report>
			<report>
				<misses>27900000</misses>
				<total>24</total>
				<timestamp>454.656723</timestamp>
			</report>
			<report>
				<misses>28000000</misses>
				<total>23</total>
				<timestamp>456.296287</timestamp>
			</report>
			<report>
				<misses>28100000</misses>
				<total>26</total>
				<timestamp>457.912591</timestamp>
			</report>
			<report>
				<misses>28200000</misses>
				<total>24</total>
				<timestamp>459.507554</timestamp>
			</report>
			<report>
				<misses>28300000</misses>
				<total>24</total>
				<timestamp>461.071057</timestamp>
			</report>
			<report>
				<misses>28400000</misses>
				<total>26</total>
				<timestamp>462.625455</timestamp>
			</report>
			<report>
				<misses>28500000</misses>
				<total>28</total>
				<timestamp>464.186512</timestamp>
			</report>
			<report>
				<misses>28600000</misses>
				<total>23</total>
				<timestamp>465.819092</timestamp>
			</report>
			<report>
				<misses>28700000</misses>
				<total>25</total>
				<timestamp>467.515750</timestamp>
			</report>
			<report>
				<misses>28800000</misses>
				<total>23</total>
				<timestamp>469.200708</timestamp>
			</report>
			<report>
				<misses>28900000</misses>
				<total>25</total>
				<timestamp>470.909095</timestamp>
			</report>
			<report>
				<misses>29000000</misses>
				<total>24</total>
				<timestamp>472.600048</timestamp>
			</report>
			<report>
				<misses>29100000</misses>
				<total>23</total>
				<timestamp>474.316826</timestamp>
			</report>
			<report>
				<misses>29200000</misses>
				<total>24</total>
				<timestamp>476.015569</timestamp>
			</report>
			<report>
				<misses>29300000</misses>
				<total>24</total>
				<timestamp>477.697488</timestamp>
			</report>
			<report>
				<misses>29400000</misses>
				<total>24</total>
				<timestamp>479.375082</timestamp>
			</report>
			<report>
				<misses>29500000</misses>
				<total>23</total>
				<timestamp>480.999826</timestamp>
			</report>
			<report>
				<misses>29600000</misses>
				<total>23</total>
				<timestamp>482.583228</timestamp>
			</report>
			<report>
				<misses>29700000</misses>
				<total>51</total>
				<timestamp>484.162258</timestamp>
			</report>
		</query>
	</custom>
	<ethtool_statistic>
		<rx_packets>
			<start>12792</start>
			<end>13118</end>
		</rx_packets>
		<tx_packets>
			<start>1114118201</start>
			<end>1322016456</end>
		</tx_packets>
		<rx_dropped>
			<start>0</start>
			<end>0</end>
		</rx_dropped>
		<tx_dropped>
			<start>0</start>
			<end>0</end>
		</tx_dropped>
		<collisions>
			<start>0</start>
			<end>0</end>
		</collisions>
		<port_tx_errors>
			<start>0</start>
			<end>0</end>
		</port_tx_errors>
		<port_rx_dropped>
			<start>0</start>
			<end>0</end>
		</port_rx_dropped>
		<port_tx_dropped_link_down>
			<start>0</start>
			<end>0</end>
		</port_tx_dropped_link_down>
	</ethtool_statistic>
	<ip_statistic>
		<mtu>
			<start>1500</start>
			<end>1500</end>
		</mtu>
		<rx_bytes>
			<start>833650</start>
			<end>853210</end>
		</rx_bytes>
		<rx_packets>
			<start>12792</start>
			<end>13118</end>
		</rx_packets>
		<rx_errors>
			<start>0</start>
			<end>0</end>
		</rx_errors>
		<rx_dropped>
			<start>0</start>
			<end>0</end>
		</rx_dropped>
		<rx_missed>
			<start>0</start>
			<end>0</end>
		</rx_missed>
		<rx_mcast>
			<start>1835</start>
			<end>1835</end>
		</rx_mcast>
		<tx_bytes>
			<start>246204028738</start>
			<end>517837536468</end>
		</tx_bytes>
		<tx_packets>
			<start>1114118201</start>
			<end>1322016456</end>
		</tx_packets>
		<tx_errors>
			<start>0</start>
			<end>0</end>
		</tx_errors>
		<tx_dropped>
			<start>0</start>
			<end>0</end>
		</tx_dropped>
		<tx_carrier>
			<start>0</start>
			<end>0</end>
		</tx_carrier>
		<tx_collisions>
			<start>0</start>
			<end>0</end>
		</tx_collisions>
	</ip_statistic>
	<netstat_statistic>
		<udp_pkg_rec>
			<start>435101269</start>
			<end>464637164</end>
		</udp_pkg_rec>
		<udp_pkg_snt>
			<start>1496880339</start>
			<end>1558872626</end>
		</udp_pkg_snt>
		<udp_rec_err>
			<start>93571316</start>
			<end>97584325</end>
		</udp_rec_err>
		<udp_rec_buf_err>
			<start>93571316</start>
			<end>97584325</end>
		</udp_rec_buf_err>
		<udp_snt_buf_err>
			<start>0</start>
			<end>0</end>
		</udp_snt_buf_err>
	</netstat_statistic>
</test_results>
