<?xml version="1.0"?>
<test_results>
	<status>STATUS_SUCCESS</status>
	<custom>
		<num_loss>11</num_loss>
		<num_total>120958556</num_total>
		<num_misses>-1535938066</num_misses>
		<elapsed_time>7199.966444</elapsed_time>
		<query>
			<report>
				<misses>100001</misses>
				<total>0</total>
				<timestamp>5.867779</timestamp>
			</report>
			<report>
				<misses>200001</misses>
				<total>0</total>
				<timestamp>12.008247</timestamp>
			</report>
			<report>
				<misses>300001</misses>
				<total>0</total>
				<timestamp>18.037849</timestamp>
			</report>
			<report>
				<misses>400001</misses>
				<total>0</total>
				<timestamp>24.152684</timestamp>
			</report>
			<report>
				<misses>500001</misses>
				<total>0</total>
				<timestamp>30.211333</timestamp>
			</report>
			<report>
				<misses>600001</misses>
				<total>0</total>
				<timestamp>36.230158</timestamp>
			</report>
			<report>
				<misses>700001</misses>
				<total>0</total>
				<timestamp>41.865858</timestamp>
			</report>
			<report>
				<misses>800001</misses>
				<total>0</total>
				<timestamp>48.046010</timestamp>
			</report>
			<report>
				<misses>900001</misses>
				<total>0</total>
				<timestamp>54.174277</timestamp>
			</report>
			<report>
				<misses>1000001</misses>
				<total>0</total>
				<timestamp>59.863222</timestamp>
			</report>
			<report>
				<misses>1100001</misses>
				<total>0</total>
				<timestamp>65.903086</timestamp>
			</report>
			<report>
				<misses>1200001</misses>
				<total>0</total>
				<timestamp>71.468010</timestamp>
			</report>
			<report>
				<misses>1300001</misses>
				<total>0</total>
				<timestamp>77.321144</timestamp>
			</report>
			<report>
				<misses>1400001</misses>
				<total>0</total>
				<timestamp>83.229109</timestamp>
			</report>
			<report>
				<misses>1500001</misses>
				<total>0</total>
				<timestamp>88.924237</timestamp>
			</report>
			<report>
				<misses>1600001</misses>
				<total>0</total>
				<timestamp>94.605802</timestamp>
			</report>
			<report>
				<misses>1700001</misses>
				<total>0</total>
				<timestamp>100.370732</timestamp>
			</report>
			<report>
				<misses>1800001</misses>
				<total>0</total>
				<timestamp>106.175616</timestamp>
			</report>
			<report>
				<misses>1900001</misses>
				<total>0</total>
				<timestamp>112.082486</timestamp>
			</report>
			<report>
				<misses>2000001</misses>
				<total>0</total>
				<timestamp>118.174711</timestamp>
			</report>
			<report>
				<misses>2100001</misses>
				<total>0</total>
				<timestamp>124.065244</timestamp>
			</report>
			<report>
				<misses>2200001</misses>
				<total>0</total>
				<timestamp>130.070517</timestamp>
			</report>
			<report>
				<misses>2300001</misses>
				<total>0</total>
				<timestamp>135.993736</timestamp>
			</report>
			<report>
				<misses>2400001</misses>
				<total>0</total>
				<timestamp>141.959929</timestamp>
			</report>
			<report>
				<misses>2500001</misses>
				<total>0</total>
				<timestamp>147.795771</timestamp>
			</report>
			<report>
				<misses>2600001</misses>
				<total>0</total>
				<timestamp>153.563173</timestamp>
			</report>
			<report>
				<misses>2700001</misses>
				<total>0</total>
				<timestamp>159.672379</timestamp>
			</report>
			<report>
				<misses>2800001</misses>
				<total>0</total>
				<timestamp>165.646808</timestamp>
			</report>
			<report>
				<misses>2900001</misses>
				<total>0</total>
				<timestamp>171.468739</timestamp>
			</report>
			<report>
				<misses>3000001</misses>
				<total>0</total>
				<timestamp>177.154027</timestamp>
			</report>
			<report>
				<misses>3100001</misses>
				<total>0</total>
				<timestamp>182.829498</timestamp>
			</report>
			<report>
				<misses>3200001</misses>
				<total>0</total>
				<timestamp>188.832670</timestamp>
			</report>
			<report>
				<misses>3300001</misses>
				<total>0</total>
				<timestamp>194.570892</timestamp>
			</report>
			<report>
				<misses>3400001</misses>
				<total>0</total>
				<timestamp>200.437063</timestamp>
			</report>
			<report>
				<misses>3500001</misses>
				<total>0</total>
				<timestamp>206.211476</timestamp>
			</report>
			<report>
				<misses>3600001</misses>
				<total>0</total>
				<timestamp>212.095637</timestamp>
			</report>
			<report>
				<misses>3700001</misses>
				<total>0</total>
				<timestamp>217.670162</timestamp>
			</report>
			<report>
				<misses>3800001</misses>
				<total>0</total>
				<timestamp>223.230411</timestamp>
			</report>
			<report>
				<misses>3900001</misses>
				<total>0</total>
				<timestamp>229.117437</timestamp>
			</report>
			<report>
				<misses>4000001</misses>
				<total>0</total>
				<timestamp>234.753818</timestamp>
			</report>
			<report>
				<misses>4100001</misses>
				<total>0</total>
				<timestamp>240.662210</timestamp>
			</report>
			<report>
				<misses>4200001</misses>
				<total>0</total>
				<timestamp>246.445615</timestamp>
			</report>
			<report>
				<misses>4300001</misses>
				<total>0</total>
				<timestamp>252.429692</timestamp>
			</report>
			<report>
				<misses>4400001</misses>
				<total>0</total>
				<timestamp>258.535780</timestamp>
			</report>
			<report>
				<misses>4500001</misses>
				<total>0</total>
				<timestamp>264.706463</timestamp>
			</report>
			<report>
				<misses>4600001</misses>
				<total>0</total>
				<timestamp>270.570139</timestamp>
			</report>
			<report>
				<misses>4700001</misses>
				<total>0</total>
				<timestamp>276.590577</timestamp>
			</report>
			<report>
				<misses>4800001</misses>
				<total>0</total>
				<timestamp>282.499054</timestamp>
			</report>
			<report>
				<misses>4900001</misses>
				<total>0</total>
				<timestamp>288.468181</timestamp>
			</report>
			<report>
				<misses>5000001</misses>
				<total>0</total>
				<timestamp>294.413571</timestamp>
			</report>
			<report>
				<misses>5100001</misses>
				<total>0</total>
				<timestamp>300.490421</timestamp>
			</report>
			<report>
				<misses>5200001</misses>
				<total>0</total>
				<timestamp>306.496586</timestamp>
			</report>
			<report>
				<misses>5300001</misses>
				<total>0</total>
				<timestamp>312.569910</timestamp>
			</report>
			<report>
				<misses>5400001</misses>
				<total>0</total>
				<timestamp>318.750130</timestamp>
			</report>
			<report>
				<misses>5500001</misses>
				<total>0</total>
				<timestamp>324.531662</timestamp>
			</report>
			<report>
				<misses>5600001</misses>
				<total>0</total>
				<timestamp>330.137135</timestamp>
			</report>
			<report>
				<misses>5700001</misses>
				<total>0</total>
				<timestamp>336.007592</timestamp>
			</report>
			<report>
				<misses>5800001</misses>
				<total>0</total>
				<timestamp>342.068463</timestamp>
			</report>
			<report>
				<misses>5900001</misses>
				<total>0</total>
				<timestamp>347.837958</timestamp>
			</report>
			<report>
				<misses>6000001</misses>
				<total>0</total>
				<timestamp>353.820448</timestamp>
			</report>
			<report>
				<misses>6100001</misses>
				<total>0</total>
				<timestamp>359.857804</timestamp>
			</report>
			<report>
				<misses>6200001</misses>
				<total>0</total>
				<timestamp>366.103557</timestamp>
			</report>
			<report>
				<misses>6300001</misses>
				<total>0</total>
				<timestamp>372.002348</timestamp>
			</report>
			<report>
				<misses>6400001</misses>
				<total>0</total>
				<timestamp>377.841195</timestamp>
			</report>
			<report>
				<misses>6500001</misses>
				<total>0</total>
				<timestamp>383.495671</timestamp>
			</report>
			<report>
				<misses>6600001</misses>
				<total>0</total>
				<timestamp>389.346364</timestamp>
			</report>
			<report>
				<misses>6700001</misses>
				<total>0</total>
				<timestamp>395.321771</timestamp>
			</report>
			<report>
				<misses>6800001</misses>
				<total>0</total>
				<timestamp>401.316846</timestamp>
			</report>
			<report>
				<misses>6900001</misses>
				<total>0</total>
				<timestamp>407.260980</timestamp>
			</report>
			<report>
				<misses>7000001</misses>
				<total>0</total>
				<timestamp>413.174521</timestamp>
			</report>
			<report>
				<misses>7100001</misses>
				<total>0</total>
				<timestamp>418.915421</timestamp>
			</report>
			<report>
				<misses>7200001</misses>
				<total>0</total>
				<timestamp>424.674247</timestamp>
			</report>
			<report>
				<misses>7300001</misses>
				<total>0</total>
				<timestamp>430.378990</timestamp>
			</report>
			<report>
				<misses>7400001</misses>
				<total>0</total>
				<timestamp>435.866488</timestamp>
			</report>
			<report>
				<misses>7500001</misses>
				<total>0</total>
				<timestamp>441.541651</timestamp>
			</report>
			<report>
				<misses>7600001</misses>
				<total>0</total>
				<timestamp>447.333073</timestamp>
			</report>
			<report>
				<misses>7700001</misses>
				<total>0</total>
				<timestamp>453.038051</timestamp>
			</report>
			<report>
				<misses>7800001</misses>
				<total>0</total>
				<timestamp>458.938792</timestamp>
			</report>
			<report>
				<misses>7900001</misses>
				<total>0</total>
				<timestamp>464.960155</timestamp>
			</report>
			<report>
				<misses>8000001</misses>
				<total>0</total>
				<timestamp>471.053759</timestamp>
			</report>
			<report>
				<misses>8100001</misses>
				<total>0</total>
				<timestamp>477.255106</timestamp>
			</report>
			<report>
				<misses>8200001</misses>
				<total>0</total>
				<timestamp>483.272662</timestamp>
			</report>
			<report>
				<misses>8300001</misses>
				<total>0</total>
				<timestamp>489.306385</timestamp>
			</report>
			<report>
				<misses>8400001</misses>
				<total>0</total>
				<timestamp>495.325685</timestamp>
			</report>
			<report>
				<misses>8500001</misses>
				<total>0</total>
				<timestamp>501.413208</timestamp>
			</report>
			<report>
				<misses>8600001</misses>
				<total>0</total>
				<timestamp>507.431233</timestamp>
			</report>
			<report>
				<misses>8700001</misses>
				<total>0</total>
				<timestamp>513.422667</timestamp>
			</report>
			<report>
				<misses>8800001</misses>
				<total>0</total>
				<timestamp>519.261222</timestamp>
			</report>
			<report>
				<misses>8900001</misses>
				<total>0</total>
				<timestamp>525.129340</timestamp>
			</report>
			<report>
				<misses>9000001</misses>
				<total>0</total>
				<timestamp>531.159085</timestamp>
			</report>
			<report>
				<misses>9100001</misses>
				<total>0</total>
				<timestamp>537.147454</timestamp>
			</report>
			<report>
				<misses>9200001</misses>
				<total>0</total>
				<timestamp>543.198520</timestamp>
			</report>
			<report>
				<misses>9300001</misses>
				<total>0</total>
				<timestamp>549.018825</timestamp>
			</report>
			<report>
				<misses>9400001</misses>
				<total>0</total>
				<timestamp>555.105429</timestamp>
			</report>
			<report>
				<misses>9500001</misses>
				<total>0</total>
				<timestamp>561.233061</timestamp>
			</report>
			<report>
				<misses>9600001</misses>
				<total>1</total>
				<timestamp>567.291287</timestamp>
			</report>
			<report>
				<misses>9700001</misses>
				<total>1</total>
				<timestamp>573.292966</timestamp>
			</report>
			<report>
				<misses>9800001</misses>
				<total>1</total>
				<timestamp>579.438852</timestamp>
			</report>
			<report>
				<misses>9900001</misses>
				<total>1</total>
				<timestamp>585.516856</timestamp>
			</report>
			<report>
				<misses>10000001</misses>
				<total>1</total>
				<timestamp>591.541080</timestamp>
			</report>
			<report>
				<misses>10100001</misses>
				<total>1</total>
				<timestamp>597.654647</timestamp>
			</report>
			<report>
				<misses>10200001</misses>
				<total>1</total>
				<timestamp>603.491150</timestamp>
			</report>
			<report>
				<misses>10300001</misses>
				<total>1</total>
				<timestamp>609.578183</timestamp>
			</report>
			<report>
				<misses>10400001</misses>
				<total>1</total>
				<timestamp>615.297197</timestamp>
			</report>
			<report>
				<misses>10500001</misses>
				<total>1</total>
				<timestamp>621.020484</timestamp>
			</report>
			<report>
				<misses>10600001</misses>
				<total>1</total>
				<timestamp>626.971565</timestamp>
			</report>
			<report>
				<misses>10700001</misses>
				<total>1</total>
				<timestamp>632.904612</timestamp>
			</report>
			<report>
				<misses>10800001</misses>
				<total>1</total>
				<timestamp>638.919111</timestamp>
			</report>
			<report>
				<misses>10900001</misses>
				<total>1</total>
				<timestamp>644.871956</timestamp>
			</report>
			<report>
				<misses>11000001</misses>
				<total>1</total>
				<timestamp>650.902242</timestamp>
			</report>
			<report>
				<misses>11100001</misses>
				<total>1</total>
				<timestamp>657.073824</timestamp>
			</report>
			<report>
				<misses>11200001</misses>
				<total>1</total>
				<timestamp>663.162000</timestamp>
			</report>
			<report>
				<misses>11300001</misses>
				<total>1</total>
				<timestamp>669.144631</timestamp>
			</report>
			<report>
				<misses>11400001</misses>
				<total>1</total>
				<timestamp>675.143038</timestamp>
			</report>
			<report>
				<misses>11500001</misses>
				<total>1</total>
				<timestamp>681.056392</timestamp>
			</report>
			<report>
				<misses>11600001</misses>
				<total>1</total>
				<timestamp>687.209915</timestamp>
			</report>
			<report>
				<misses>11700001</misses>
				<total>1</total>
				<timestamp>693.216380</timestamp>
			</report>
			<report>
				<misses>11800001</misses>
				<total>1</total>
				<timestamp>699.069307</timestamp>
			</report>
			<report>
				<misses>11900001</misses>
				<total>1</total>
				<timestamp>704.902301</timestamp>
			</report>
			<report>
				<misses>12000001</misses>
				<total>1</total>
				<timestamp>711.101839</timestamp>
			</report>
			<report>
				<misses>12100001</misses>
				<total>1</total>
				<timestamp>717.087161</timestamp>
			</report>
			<report>
				<misses>12200001</misses>
				<total>1</total>
				<timestamp>722.775321</timestamp>
			</report>
			<report>
				<misses>12300001</misses>
				<total>1</total>
				<timestamp>728.597889</timestamp>
			</report>
			<report>
				<misses>12400001</misses>
				<total>1</total>
				<timestamp>734.522967</timestamp>
			</report>
			<report>
				<misses>12500001</misses>
				<total>1</total>
				<timestamp>740.590077</timestamp>
			</report>
			<report>
				<misses>12600001</misses>
				<total>1</total>
				<timestamp>746.592469</timestamp>
			</report>
			<report>
				<misses>12700001</misses>
				<total>1</total>
				<timestamp>752.394884</timestamp>
			</report>
			<report>
				<misses>12800001</misses>
				<total>1</total>
				<timestamp>758.456264</timestamp>
			</report>
			<report>
				<misses>12900001</misses>
				<total>1</total>
				<timestamp>764.604345</timestamp>
			</report>
			<report>
				<misses>13000001</misses>
				<total>1</total>
				<timestamp>770.381339</timestamp>
			</report>
			<report>
				<misses>13100001</misses>
				<total>1</total>
				<timestamp>776.471877</timestamp>
			</report>
			<report>
				<misses>13200001</misses>
				<total>1</total>
				<timestamp>782.513727</timestamp>
			</report>
			<report>
				<misses>13300001</misses>
				<total>1</total>
				<timestamp>788.697830</timestamp>
			</report>
			<report>
				<misses>13400001</misses>
				<total>1</total>
				<timestamp>794.703812</timestamp>
			</report>
			<report>
				<misses>13500001</misses>
				<total>1</total>
				<timestamp>800.609124</timestamp>
			</report>
			<report>
				<misses>13600001</misses>
				<total>1</total>
				<timestamp>806.699011</timestamp>
			</report>
			<report>
				<misses>13700001</misses>
				<total>1</total>
				<timestamp>812.801205</timestamp>
			</report>
			<report>
				<misses>13800001</misses>
				<total>1</total>
				<timestamp>818.918742</timestamp>
			</report>
			<report>
				<misses>13900001</misses>
				<total>1</total>
				<timestamp>824.678918</timestamp>
			</report>
			<report>
				<misses>14000001</misses>
				<total>1</total>
				<timestamp>830.648599</timestamp>
			</report>
			<report>
				<misses>14100001</misses>
				<total>1</total>
				<timestamp>836.813879</timestamp>
			</report>
			<report>
				<misses>14200001</misses>
				<total>1</total>
				<timestamp>842.727731</timestamp>
			</report>
			<report>
				<misses>14300001</misses>
				<total>1</total>
				<timestamp>848.818696</timestamp>
			</report>
			<report>
				<misses>14400001</misses>
				<total>1</total>
				<timestamp>854.449687</timestamp>
			</report>
			<report>
				<misses>14500001</misses>
				<total>1</total>
				<timestamp>860.689341</timestamp>
			</report>
			<report>
				<misses>14600001</misses>
				<total>1</total>
				<timestamp>866.569983</timestamp>
			</report>
			<report>
				<misses>14700001</misses>
				<total>1</total>
				<timestamp>872.554656</timestamp>
			</report>
			<report>
				<misses>14800001</misses>
				<total>1</total>
				<timestamp>878.482335</timestamp>
			</report>
			<report>
				<misses>14900001</misses>
				<total>1</total>
				<timestamp>884.508940</timestamp>
			</report>
			<report>
				<misses>15000001</misses>
				<total>1</total>
				<timestamp>890.715675</timestamp>
			</report>
			<report>
				<misses>15100001</misses>
				<total>1</total>
				<timestamp>896.420286</timestamp>
			</report>
			<report>
				<misses>15200001</misses>
				<total>1</total>
				<timestamp>902.112477</timestamp>
			</report>
			<report>
				<misses>15300001</misses>
				<total>1</total>
				<timestamp>907.665370</timestamp>
			</report>
			<report>
				<misses>15400001</misses>
				<total>1</total>
				<timestamp>913.189628</timestamp>
			</report>
			<report>
				<misses>15500001</misses>
				<total>1</total>
				<timestamp>919.058825</timestamp>
			</report>
			<report>
				<misses>15600001</misses>
				<total>1</total>
				<timestamp>924.736644</timestamp>
			</report>
			<report>
				<misses>15700001</misses>
				<total>1</total>
				<timestamp>930.681814</timestamp>
			</report>
			<report>
				<misses>15800001</misses>
				<total>1</total>
				<timestamp>936.811339</timestamp>
			</report>
			<report>
				<misses>15900001</misses>
				<total>1</total>
				<timestamp>942.845207</timestamp>
			</report>
			<report>
				<misses>16000001</misses>
				<total>1</total>
				<timestamp>948.852943</timestamp>
			</report>
			<report>
				<misses>16100001</misses>
				<total>1</total>
				<timestamp>954.668053</timestamp>
			</report>
			<report>
				<misses>16200001</misses>
				<total>1</total>
				<timestamp>960.559486</timestamp>
			</report>
			<report>
				<misses>16300001</misses>
				<total>1</total>
				<timestamp>966.686470</timestamp>
			</report>
			<report>
				<misses>16400001</misses>
				<total>1</total>
				<timestamp>972.764761</timestamp>
			</report>
			<report>
				<misses>16500001</misses>
				<total>1</total>
				<timestamp>978.852213</timestamp>
			</report>
			<report>
				<misses>16600001</misses>
				<total>1</total>
				<timestamp>984.772371</timestamp>
			</report>
			<report>
				<misses>16700001</misses>
				<total>1</total>
				<timestamp>990.751605</timestamp>
			</report>
			<report>
				<misses>16800001</misses>
				<total>2</total>
				<timestamp>996.762046</timestamp>
			</report>
			<report>
				<misses>16900001</misses>
				<total>2</total>
				<timestamp>1002.576250</timestamp>
			</report>
			<report>
				<misses>17000001</misses>
				<total>2</total>
				<timestamp>1008.430840</timestamp>
			</report>
			<report>
				<misses>17100001</misses>
				<total>2</total>
				<timestamp>1014.499299</timestamp>
			</report>
			<report>
				<misses>17200001</misses>
				<total>2</total>
				<timestamp>1020.452635</timestamp>
			</report>
			<report>
				<misses>17300001</misses>
				<total>2</total>
				<timestamp>1026.486954</timestamp>
			</report>
			<report>
				<misses>17400001</misses>
				<total>2</total>
				<timestamp>1032.456175</timestamp>
			</report>
			<report>
				<misses>17500001</misses>
				<total>2</total>
				<timestamp>1038.433821</timestamp>
			</report>
			<report>
				<misses>17600001</misses>
				<total>2</total>
				<timestamp>1044.173069</timestamp>
			</report>
			<report>
				<misses>17700001</misses>
				<total>2</total>
				<timestamp>1050.349380</timestamp>
			</report>
			<report>
				<misses>17800001</misses>
				<total>2</total>
				<timestamp>1056.352733</timestamp>
			</report>
			<report>
				<misses>17900001</misses>
				<total>2</total>
				<timestamp>1062.212751</timestamp>
			</report>
			<report>
				<misses>18000001</misses>
				<total>2</total>
				<timestamp>1068.113570</timestamp>
			</report>
			<report>
				<misses>18100001</misses>
				<total>2</total>
				<timestamp>1073.972587</timestamp>
			</report>
			<report>
				<misses>18200001</misses>
				<total>2</total>
				<timestamp>1080.020591</timestamp>
			</report>
			<report>
				<misses>18300001</misses>
				<total>2</total>
				<timestamp>1086.081943</timestamp>
			</report>
			<report>
				<misses>18400001</misses>
				<total>2</total>
				<timestamp>1092.281775</timestamp>
			</report>
			<report>
				<misses>18500001</misses>
				<total>2</total>
				<timestamp>1098.390897</timestamp>
			</report>
			<report>
				<misses>18600001</misses>
				<total>2</total>
				<timestamp>1104.484984</timestamp>
			</report>
			<report>
				<misses>18700001</misses>
				<total>2</total>
				<timestamp>1110.406389</timestamp>
			</report>
			<report>
				<misses>18800001</misses>
				<total>2</total>
				<timestamp>1116.235400</timestamp>
			</report>
			<report>
				<misses>18900001</misses>
				<total>2</total>
				<timestamp>1122.463899</timestamp>
			</report>
			<report>
				<misses>19000001</misses>
				<total>2</total>
				<timestamp>1128.602823</timestamp>
			</report>
			<report>
				<misses>19100001</misses>
				<total>2</total>
				<timestamp>1134.513834</timestamp>
			</report>
			<report>
				<misses>19200001</misses>
				<total>2</total>
				<timestamp>1140.548920</timestamp>
			</report>
			<report>
				<misses>19300001</misses>
				<total>2</total>
				<timestamp>1146.414780</timestamp>
			</report>
			<report>
				<misses>19400001</misses>
				<total>2</total>
				<timestamp>1152.188359</timestamp>
			</report>
			<report>
				<misses>19500001</misses>
				<total>2</total>
				<timestamp>1157.929420</timestamp>
			</report>
			<report>
				<misses>19600001</misses>
				<total>2</total>
				<timestamp>1163.890377</timestamp>
			</report>
			<report>
				<misses>19700001</misses>
				<total>2</total>
				<timestamp>1169.793165</timestamp>
			</report>
			<report>
				<misses>19800001</misses>
				<total>2</total>
				<timestamp>1175.741911</timestamp>
			</report>
			<report>
				<misses>19900001</misses>
				<total>2</total>
				<timestamp>1181.890380</timestamp>
			</report>
			<report>
				<misses>20000001</misses>
				<total>2</total>
				<timestamp>1187.880775</timestamp>
			</report>
			<report>
				<misses>20100001</misses>
				<total>2</total>
				<timestamp>1193.597495</timestamp>
			</report>
			<report>
				<misses>20200001</misses>
				<total>2</total>
				<timestamp>1199.548691</timestamp>
			</report>
			<report>
				<misses>20300001</misses>
				<total>2</total>
				<timestamp>1205.701185</timestamp>
			</report>
			<report>
				<misses>20400001</misses>
				<total>2</total>
				<timestamp>1211.921646</timestamp>
			</report>
			<report>
				<misses>20500001</misses>
				<total>2</total>
				<timestamp>1218.075824</timestamp>
			</report>
			<report>
				<misses>20600001</misses>
				<total>2</total>
				<timestamp>1224.249503</timestamp>
			</report>
			<report>
				<misses>20700001</misses>
				<total>2</total>
				<timestamp>1230.147516</timestamp>
			</report>
			<report>
				<misses>20800001</misses>
				<total>2</total>
				<timestamp>1236.023176</timestamp>
			</report>
			<report>
				<misses>20900001</misses>
				<total>2</total>
				<timestamp>1242.265988</timestamp>
			</report>
			<report>
				<misses>21000001</misses>
				<total>2</total>
				<timestamp>1248.079423</timestamp>
			</report>
			<report>
				<misses>21100001</misses>
				<total>2</total>
				<timestamp>1254.077366</timestamp>
			</report>
			<report>
				<misses>21200001</misses>
				<total>2</total>
				<timestamp>1260.000040</timestamp>
			</report>
			<report>
				<misses>21300001</misses>
				<total>2</total>
				<timestamp>1266.271734</timestamp>
			</report>
			<report>
				<misses>21400001</misses>
				<total>2</total>
				<timestamp>1272.441049</timestamp>
			</report>
			<report>
				<misses>21500001</misses>
				<total>2</total>
				<timestamp>1278.617716</timestamp>
			</report>
			<report>
				<misses>21600001</misses>
				<total>2</total>
				<timestamp>1284.707213</timestamp>
			</report>
			<report>
				<misses>21700001</misses>
				<total>2</total>
				<timestamp>1290.655774</timestamp>
			</report>
			<report>
				<misses>21800001</misses>
				<total>2</total>
				<timestamp>1296.473228</timestamp>
			</report>
			<report>
				<misses>21900001</misses>
				<total>2</total>
				<timestamp>1302.185166</timestamp>
			</report>
			<report>
				<misses>22000001</misses>
				<total>2</total>
				<timestamp>1308.276484</timestamp>
			</report>
			<report>
				<misses>22100001</misses>
				<total>2</total>
				<timestamp>1314.111705</timestamp>
			</report>
			<report>
				<misses>22200001</misses>
				<total>2</total>
				<timestamp>1319.864100</timestamp>
			</report>
			<report>
				<misses>22300001</misses>
				<total>2</total>
				<timestamp>1325.639960</timestamp>
			</report>
			<report>
				<misses>22400001</misses>
				<total>2</total>
				<timestamp>1331.640397</timestamp>
			</report>
			<report>
				<misses>22500001</misses>
				<total>2</total>
				<timestamp>1337.404291</timestamp>
			</report>
			<report>
				<misses>22600001</misses>
				<total>2</total>
				<timestamp>1343.263389</timestamp>
			</report>
			<report>
				<misses>22700001</misses>
				<total>2</total>
				<timestamp>1349.060039</timestamp>
			</report>
			<report>
				<misses>22800001</misses>
				<total>2</total>
				<timestamp>1354.847155</timestamp>
			</report>
			<report>
				<misses>22900001</misses>
				<total>2</total>
				<timestamp>1360.722296</timestamp>
			</report>
			<report>
				<misses>23000001</misses>
				<total>2</total>
				<timestamp>1366.496161</timestamp>
			</report>
			<report>
				<misses>23100001</misses>
				<total>2</total>
				<timestamp>1372.213421</timestamp>
			</report>
			<report>
				<misses>23200001</misses>
				<total>2</total>
				<timestamp>1378.028628</timestamp>
			</report>
			<report>
				<misses>23300001</misses>
				<total>2</total>
				<timestamp>1383.967334</timestamp>
			</report>
			<report>
				<misses>23400001</misses>
				<total>2</total>
				<timestamp>1389.770039</timestamp>
			</report>
			<report>
				<misses>23500001</misses>
				<total>2</total>
				<timestamp>1395.704636</timestamp>
			</report>
			<report>
				<misses>23600001</misses>
				<total>2</total>
				<timestamp>1401.896074</timestamp>
			</report>
			<report>
				<misses>23700001</misses>
				<total>2</total>
				<timestamp>1408.030620</timestamp>
			</report>
			<report>
				<misses>23800001</misses>
				<total>2</total>
				<timestamp>1414.204693</timestamp>
			</report>
			<report>
				<misses>23900001</misses>
				<total>2</total>
				<timestamp>1420.266203</timestamp>
			</report>
			<report>
				<misses>24000001</misses>
				<total>2</total>
				<timestamp>1426.468136</timestamp>
			</report>
			<report>
				<misses>24100001</misses>
				<total>2</total>
				<timestamp>1432.542467</timestamp>
			</report>
			<report>
				<misses>24200001</misses>
				<total>2</total>
				<timestamp>1438.720273</timestamp>
			</report>
			<report>
				<misses>24300001</misses>
				<total>2</total>
				<timestamp>1444.901520</timestamp>
			</report>
			<report>
				<misses>24400001</misses>
				<total>2</total>
				<timestamp>1450.965882</timestamp>
			</report>
			<report>
				<misses>24500001</misses>
				<total>2</total>
				<timestamp>1456.916549</timestamp>
			</report>
			<report>
				<misses>24600001</misses>
				<total>2</total>
				<timestamp>1462.731208</timestamp>
			</report>
			<report>
				<misses>24700001</misses>
				<total>2</total>
				<timestamp>1468.592179</timestamp>
			</report>
			<report>
				<misses>24800001</misses>
				<total>2</total>
				<timestamp>1474.681681</timestamp>
			</report>
			<report>
				<misses>24900001</misses>
				<total>2</total>
				<timestamp>1480.406798</timestamp>
			</report>
			<report>
				<misses>25000001</misses>
				<total>2</total>
				<timestamp>1486.138003</timestamp>
			</report>
			<report>
				<misses>25100001</misses>
				<total>2</total>
				<timestamp>1492.171402</timestamp>
			</report>
			<report>
				<misses>25200001</misses>
				<total>2</total>
				<timestamp>1498.200199</timestamp>
			</report>
			<report>
				<misses>25300001</misses>
				<total>2</total>
				<timestamp>1504.171921</timestamp>
			</report>
			<report>
				<misses>25400001</misses>
				<total>2</total>
				<timestamp>1510.103430</timestamp>
			</report>
			<report>
				<misses>25500001</misses>
				<total>2</total>
				<timestamp>1516.147956</timestamp>
			</report>
			<report>
				<misses>25600001</misses>
				<total>2</total>
				<timestamp>1521.979301</timestamp>
			</report>
			<report>
				<misses>25700001</misses>
				<total>2</total>
				<timestamp>1527.917669</timestamp>
			</report>
			<report>
				<misses>25800001</misses>
				<total>2</total>
				<timestamp>1534.147644</timestamp>
			</report>
			<report>
				<misses>25900001</misses>
				<total>2</total>
				<timestamp>1540.287181</timestamp>
			</report>
			<report>
				<misses>26000001</misses>
				<total>2</total>
				<timestamp>1546.280857</timestamp>
			</report>
			<report>
				<misses>26100001</misses>
				<total>2</total>
				<timestamp>1552.507237</timestamp>
			</report>
			<report>
				<misses>26200001</misses>
				<total>2</total>
				<timestamp>1558.336417</timestamp>
			</report>
			<report>
				<misses>26300001</misses>
				<total>2</total>
				<timestamp>1564.439650</timestamp>
			</report>
			<report>
				<misses>26400001</misses>
				<total>2</total>
				<timestamp>1570.476828</timestamp>
			</report>
			<report>
				<misses>26500001</misses>
				<total>2</total>
				<timestamp>1576.625795</timestamp>
			</report>
			<report>
				<misses>26600001</misses>
				<total>2</total>
				<timestamp>1582.756316</timestamp>
			</report>
			<report>
				<misses>26700001</misses>
				<total>2</total>
				<timestamp>1588.814798</timestamp>
			</report>
			<report>
				<misses>26800001</misses>
				<total>2</total>
				<timestamp>1595.076298</timestamp>
			</report>
			<report>
				<misses>26900001</misses>
				<total>2</total>
				<timestamp>1601.127349</timestamp>
			</report>
			<report>
				<misses>27000001</misses>
				<total>2</total>
				<timestamp>1607.125850</timestamp>
			</report>
			<report>
				<misses>27100001</misses>
				<total>2</total>
				<timestamp>1612.938218</timestamp>
			</report>
			<report>
				<misses>27200001</misses>
				<total>2</total>
				<timestamp>1618.892784</timestamp>
			</report>
			<report>
				<misses>27300001</misses>
				<total>2</total>
				<timestamp>1624.800581</timestamp>
			</report>
			<report>
				<misses>27400001</misses>
				<total>2</total>
				<timestamp>1630.669985</timestamp>
			</report>
			<report>
				<misses>27500001</misses>
				<total>2</total>
				<timestamp>1636.496636</timestamp>
			</report>
			<report>
				<misses>27600001</misses>
				<total>2</total>
				<timestamp>1642.436119</timestamp>
			</report>
			<report>
				<misses>27700001</misses>
				<total>2</total>
				<timestamp>1648.227587</timestamp>
			</report>
			<report>
				<misses>27800001</misses>
				<total>2</total>
				<timestamp>1654.447733</timestamp>
			</report>
			<report>
				<misses>27900001</misses>
				<total>2</total>
				<timestamp>1660.072620</timestamp>
			</report>
			<report>
				<misses>28000001</misses>
				<total>2</total>
				<timestamp>1665.704843</timestamp>
			</report>
			<report>
				<misses>28100001</misses>
				<total>2</total>
				<timestamp>1671.577408</timestamp>
			</report>
			<report>
				<misses>28200001</misses>
				<total>2</total>
				<timestamp>1677.217448</timestamp>
			</report>
			<report>
				<misses>28300001</misses>
				<total>2</total>
				<timestamp>1683.067356</timestamp>
			</report>
			<report>
				<misses>28400001</misses>
				<total>2</total>
				<timestamp>1689.092709</timestamp>
			</report>
			<report>
				<misses>28500001</misses>
				<total>2</total>
				<timestamp>1694.925935</timestamp>
			</report>
			<report>
				<misses>28600001</misses>
				<total>2</total>
				<timestamp>1700.884733</timestamp>
			</report>
			<report>
				<misses>28700001</misses>
				<total>2</total>
				<timestamp>1706.890362</timestamp>
			</report>
			<report>
				<misses>28800001</misses>
				<total>2</total>
				<timestamp>1712.830438</timestamp>
			</report>
			<report>
				<misses>28900001</misses>
				<total>2</total>
				<timestamp>1718.917161</timestamp>
			</report>
			<report>
				<misses>29000001</misses>
				<total>2</total>
				<timestamp>1725.017208</timestamp>
			</report>
			<report>
				<misses>29100001</misses>
				<total>2</total>
				<timestamp>1731.053247</timestamp>
			</report>
			<report>
				<misses>29200001</misses>
				<total>2</total>
				<timestamp>1737.196293</timestamp>
			</report>
			<report>
				<misses>29300001</misses>
				<total>2</total>
				<timestamp>1743.194141</timestamp>
			</report>
			<report>
				<misses>29400001</misses>
				<total>2</total>
				<timestamp>1749.011050</timestamp>
			</report>
			<report>
				<misses>29500001</misses>
				<total>2</total>
				<timestamp>1754.941990</timestamp>
			</report>
			<report>
				<misses>29600001</misses>
				<total>2</total>
				<timestamp>1760.856123</timestamp>
			</report>
			<report>
				<misses>29700001</misses>
				<total>2</total>
				<timestamp>1766.771858</timestamp>
			</report>
			<report>
				<misses>29800001</misses>
				<total>2</total>
				<timestamp>1772.425655</timestamp>
			</report>
			<report>
				<misses>29900001</misses>
				<total>2</total>
				<timestamp>1778.230852</timestamp>
			</report>
			<report>
				<misses>30000001</misses>
				<total>2</total>
				<timestamp>1784.256735</timestamp>
			</report>
			<report>
				<misses>30100001</misses>
				<total>2</total>
				<timestamp>1790.089467</timestamp>
			</report>
			<report>
				<misses>30200001</misses>
				<total>2</total>
				<timestamp>1796.007057</timestamp>
			</report>
			<report>
				<misses>30300001</misses>
				<total>2</total>
				<timestamp>1801.986841</timestamp>
			</report>
			<report>
				<misses>30400001</misses>
				<total>2</total>
				<timestamp>1808.163757</timestamp>
			</report>
			<report>
				<misses>30500001</misses>
				<total>2</total>
				<timestamp>1814.187617</timestamp>
			</report>
			<report>
				<misses>30600001</misses>
				<total>2</total>
				<timestamp>1820.129263</timestamp>
			</report>
			<report>
				<misses>30700001</misses>
				<total>2</total>
				<timestamp>1826.068483</timestamp>
			</report>
			<report>
				<misses>30800001</misses>
				<total>2</total>
				<timestamp>1831.924041</timestamp>
			</report>
			<report>
				<misses>30900001</misses>
				<total>2</total>
				<timestamp>1837.643415</timestamp>
			</report>
			<report>
				<misses>31000001</misses>
				<total>2</total>
				<timestamp>1843.741668</timestamp>
			</report>
			<report>
				<misses>31100001</misses>
				<total>2</total>
				<timestamp>1849.480213</timestamp>
			</report>
			<report>
				<misses>31200001</misses>
				<total>2</total>
				<timestamp>1855.530108</timestamp>
			</report>
			<report>
				<misses>31300001</misses>
				<total>2</total>
				<timestamp>1861.456604</timestamp>
			</report>
			<report>
				<misses>31400001</misses>
				<total>2</total>
				<timestamp>1867.515351</timestamp>
			</report>
			<report>
				<misses>31500001</misses>
				<total>2</total>
				<timestamp>1873.482965</timestamp>
			</report>
			<report>
				<misses>31600001</misses>
				<total>2</total>
				<timestamp>1879.555185</timestamp>
			</report>
			<report>
				<misses>31700001</misses>
				<total>2</total>
				<timestamp>1885.490299</timestamp>
			</report>
			<report>
				<misses>31800001</misses>
				<total>2</total>
				<timestamp>1891.435314</timestamp>
			</report>
			<report>
				<misses>31900001</misses>
				<total>2</total>
				<timestamp>1897.182966</timestamp>
			</report>
			<report>
				<misses>32000001</misses>
				<total>2</total>
				<timestamp>1902.949847</timestamp>
			</report>
			<report>
				<misses>32100001</misses>
				<total>2</total>
				<timestamp>1908.877911</timestamp>
			</report>
			<report>
				<misses>32200001</misses>
				<total>2</total>
				<timestamp>1914.864496</timestamp>
			</report>
			<report>
				<misses>32300001</misses>
				<total>2</total>
				<timestamp>1920.929130</timestamp>
			</report>
			<report>
				<misses>32400001</misses>
				<total>2</total>
				<timestamp>1926.962852</timestamp>
			</report>
			<report>
				<misses>32500001</misses>
				<total>2</total>
				<timestamp>1933.007158</timestamp>
			</report>
			<report>
				<misses>32600001</misses>
				<total>2</total>
				<timestamp>1938.878300</timestamp>
			</report>
			<report>
				<misses>32700001</misses>
				<total>2</total>
				<timestamp>1944.737559</timestamp>
			</report>
			<report>
				<misses>32800001</misses>
				<total>2</total>
				<timestamp>1950.638515</timestamp>
			</report>
			<report>
				<misses>32900001</misses>
				<total>2</total>
				<timestamp>1956.354127</timestamp>
			</report>
			<report>
				<misses>33000001</misses>
				<total>2</total>
				<timestamp>1962.325150</timestamp>
			</report>
			<report>
				<misses>33100001</misses>
				<total>2</total>
				<timestamp>1967.959837</timestamp>
			</report>
			<report>
				<misses>33200001</misses>
				<total>2</total>
				<timestamp>1973.852047</timestamp>
			</report>
			<report>
				<misses>33300001</misses>
				<total>2</total>
				<timestamp>1979.785181</timestamp>
			</report>
			<report>
				<misses>33400001</misses>
				<total>2</total>
				<timestamp>1985.788676</timestamp>
			</report>
			<report>
				<misses>33500001</misses>
				<total>2</total>
				<timestamp>1991.734227</timestamp>
			</report>
			<report>
				<misses>33600001</misses>
				<total>2</total>
				<timestamp>1997.961322</timestamp>
			</report>
			<report>
				<misses>33700001</misses>
				<total>2</total>
				<timestamp>2004.138435</timestamp>
			</report>
			<report>
				<misses>33800001</misses>
				<total>2</total>
				<timestamp>2010.133483</timestamp>
			</report>
			<report>
				<misses>33900001</misses>
				<total>2</total>
				<timestamp>2016.103755</timestamp>
			</report>
			<report>
				<misses>34000001</misses>
				<total>2</total>
				<timestamp>2022.139310</timestamp>
			</report>
			<report>
				<misses>34100001</misses>
				<total>2</total>
				<timestamp>2028.059992</timestamp>
			</report>
			<report>
				<misses>34200001</misses>
				<total>2</total>
				<timestamp>2034.050599</timestamp>
			</report>
			<report>
				<misses>34300001</misses>
				<total>2</total>
				<timestamp>2039.879578</timestamp>
			</report>
			<report>
				<misses>34400001</misses>
				<total>2</total>
				<timestamp>2045.826616</timestamp>
			</report>
			<report>
				<misses>34500001</misses>
				<total>2</total>
				<timestamp>2051.519326</timestamp>
			</report>
			<report>
				<misses>34600001</misses>
				<total>2</total>
				<timestamp>2057.300385</timestamp>
			</report>
			<report>
				<misses>34700001</misses>
				<total>2</total>
				<timestamp>2063.159457</timestamp>
			</report>
			<report>
				<misses>34800001</misses>
				<total>2</total>
				<timestamp>2069.295420</timestamp>
			</report>
			<report>
				<misses>34900001</misses>
				<total>2</total>
				<timestamp>2075.397981</timestamp>
			</report>
			<report>
				<misses>35000001</misses>
				<total>2</total>
				<timestamp>2081.389043</timestamp>
			</report>
			<report>
				<misses>35100001</misses>
				<total>2</total>
				<timestamp>2087.564721</timestamp>
			</report>
			<report>
				<misses>35200001</misses>
				<total>2</total>
				<timestamp>2093.764063</timestamp>
			</report>
			<report>
				<misses>35300001</misses>
				<total>2</total>
				<timestamp>2099.763846</timestamp>
			</report>
			<report>
				<misses>35400001</misses>
				<total>2</total>
				<timestamp>2105.926680</timestamp>
			</report>
			<report>
				<misses>35500001</misses>
				<total>2</total>
				<timestamp>2111.964834</timestamp>
			</report>
			<report>
				<misses>35600001</misses>
				<total>2</total>
				<timestamp>2118.066531</timestamp>
			</report>
			<report>
				<misses>35700001</misses>
				<total>2</total>
				<timestamp>2124.065965</timestamp>
			</report>
			<report>
				<misses>35800001</misses>
				<total>2</total>
				<timestamp>2130.250065</timestamp>
			</report>
			<report>
				<misses>35900001</misses>
				<total>2</total>
				<timestamp>2136.153732</timestamp>
			</report>
			<report>
				<misses>36000001</misses>
				<total>2</total>
				<timestamp>2142.263515</timestamp>
			</report>
			<report>
				<misses>36100001</misses>
				<total>2</total>
				<timestamp>2148.325997</timestamp>
			</report>
			<report>
				<misses>36200001</misses>
				<total>2</total>
				<timestamp>2154.443905</timestamp>
			</report>
			<report>
				<misses>36300001</misses>
				<total>2</total>
				<timestamp>2160.309383</timestamp>
			</report>
			<report>
				<misses>36400001</misses>
				<total>2</total>
				<timestamp>2166.073629</timestamp>
			</report>
			<report>
				<misses>36500001</misses>
				<total>2</total>
				<timestamp>2172.262995</timestamp>
			</report>
			<report>
				<misses>36600001</misses>
				<total>2</total>
				<timestamp>2177.974672</timestamp>
			</report>
			<report>
				<misses>36700001</misses>
				<total>2</total>
				<timestamp>2183.827533</timestamp>
			</report>
			<report>
				<misses>36800001</misses>
				<total>2</total>
				<timestamp>2189.645774</timestamp>
			</report>
			<report>
				<misses>36900001</misses>
				<total>2</total>
				<timestamp>2195.507925</timestamp>
			</report>
			<report>
				<misses>37000001</misses>
				<total>2</total>
				<timestamp>2201.428074</timestamp>
			</report>
			<report>
				<misses>37100001</misses>
				<total>2</total>
				<timestamp>2207.229569</timestamp>
			</report>
			<report>
				<misses>37200001</misses>
				<total>2</total>
				<timestamp>2213.320790</timestamp>
			</report>
			<report>
				<misses>37300001</misses>
				<total>2</total>
				<timestamp>2219.384614</timestamp>
			</report>
			<report>
				<misses>37400001</misses>
				<total>2</total>
				<timestamp>2225.495655</timestamp>
			</report>
			<report>
				<misses>37500001</misses>
				<total>2</total>
				<timestamp>2231.453628</timestamp>
			</report>
			<report>
				<misses>37600001</misses>
				<total>2</total>
				<timestamp>2237.345675</timestamp>
			</report>
			<report>
				<misses>37700001</misses>
				<total>2</total>
				<timestamp>2243.259568</timestamp>
			</report>
			<report>
				<misses>37800001</misses>
				<total>2</total>
				<timestamp>2249.122000</timestamp>
			</report>
			<report>
				<misses>37900001</misses>
				<total>2</total>
				<timestamp>2255.072135</timestamp>
			</report>
			<report>
				<misses>38000001</misses>
				<total>2</total>
				<timestamp>2261.197968</timestamp>
			</report>
			<report>
				<misses>38100001</misses>
				<total>2</total>
				<timestamp>2267.161163</timestamp>
			</report>
			<report>
				<misses>38200001</misses>
				<total>2</total>
				<timestamp>2272.948913</timestamp>
			</report>
			<report>
				<misses>38300001</misses>
				<total>2</total>
				<timestamp>2278.799582</timestamp>
			</report>
			<report>
				<misses>38400001</misses>
				<total>2</total>
				<timestamp>2284.614326</timestamp>
			</report>
			<report>
				<misses>38500001</misses>
				<total>2</total>
				<timestamp>2290.740229</timestamp>
			</report>
			<report>
				<misses>38600001</misses>
				<total>2</total>
				<timestamp>2296.763482</timestamp>
			</report>
			<report>
				<misses>38700001</misses>
				<total>2</total>
				<timestamp>2302.527897</timestamp>
			</report>
			<report>
				<misses>38800001</misses>
				<total>2</total>
				<timestamp>2308.165662</timestamp>
			</report>
			<report>
				<misses>38900001</misses>
				<total>2</total>
				<timestamp>2313.954432</timestamp>
			</report>
			<report>
				<misses>39000001</misses>
				<total>2</total>
				<timestamp>2320.037459</timestamp>
			</report>
			<report>
				<misses>39100001</misses>
				<total>2</total>
				<timestamp>2325.950504</timestamp>
			</report>
			<report>
				<misses>39200001</misses>
				<total>2</total>
				<timestamp>2332.030263</timestamp>
			</report>
			<report>
				<misses>39300001</misses>
				<total>3</total>
				<timestamp>2338.189574</timestamp>
			</report>
			<report>
				<misses>39400001</misses>
				<total>3</total>
				<timestamp>2344.188982</timestamp>
			</report>
			<report>
				<misses>39500001</misses>
				<total>3</total>
				<timestamp>2350.254046</timestamp>
			</report>
			<report>
				<misses>39600001</misses>
				<total>3</total>
				<timestamp>2356.370782</timestamp>
			</report>
			<report>
				<misses>39700001</misses>
				<total>3</total>
				<timestamp>2362.453216</timestamp>
			</report>
			<report>
				<misses>39800001</misses>
				<total>3</total>
				<timestamp>2368.188125</timestamp>
			</report>
			<report>
				<misses>39900001</misses>
				<total>4</total>
				<timestamp>2374.219978</timestamp>
			</report>
			<report>
				<misses>40000001</misses>
				<total>4</total>
				<timestamp>2380.138955</timestamp>
			</report>
			<report>
				<misses>40100001</misses>
				<total>4</total>
				<timestamp>2386.246965</timestamp>
			</report>
			<report>
				<misses>40200001</misses>
				<total>4</total>
				<timestamp>2392.416978</timestamp>
			</report>
			<report>
				<misses>40300001</misses>
				<total>4</total>
				<timestamp>2398.546718</timestamp>
			</report>
			<report>
				<misses>40400001</misses>
				<total>4</total>
				<timestamp>2404.470970</timestamp>
			</report>
			<report>
				<misses>40500001</misses>
				<total>4</total>
				<timestamp>2410.497820</timestamp>
			</report>
			<report>
				<misses>40600001</misses>
				<total>4</total>
				<timestamp>2416.618334</timestamp>
			</report>
			<report>
				<misses>40700001</misses>
				<total>4</total>
				<timestamp>2422.516207</timestamp>
			</report>
			<report>
				<misses>40800001</misses>
				<total>4</total>
				<timestamp>2428.501869</timestamp>
			</report>
			<report>
				<misses>40900001</misses>
				<total>4</total>
				<timestamp>2434.398554</timestamp>
			</report>
			<report>
				<misses>41000001</misses>
				<total>4</total>
				<timestamp>2440.258519</timestamp>
			</report>
			<report>
				<misses>41100001</misses>
				<total>4</total>
				<timestamp>2446.104025</timestamp>
			</report>
			<report>
				<misses>41200001</misses>
				<total>4</total>
				<timestamp>2451.879323</timestamp>
			</report>
			<report>
				<misses>41300001</misses>
				<total>4</total>
				<timestamp>2457.726549</timestamp>
			</report>
			<report>
				<misses>41400001</misses>
				<total>4</total>
				<timestamp>2463.337177</timestamp>
			</report>
			<report>
				<misses>41500001</misses>
				<total>4</total>
				<timestamp>2469.151610</timestamp>
			</report>
			<report>
				<misses>41600001</misses>
				<total>4</total>
				<timestamp>2475.084143</timestamp>
			</report>
			<report>
				<misses>41700001</misses>
				<total>4</total>
				<timestamp>2480.925844</timestamp>
			</report>
			<report>
				<misses>41800001</misses>
				<total>4</total>
				<timestamp>2486.761041</timestamp>
			</report>
			<report>
				<misses>41900001</misses>
				<total>4</total>
				<timestamp>2492.873691</timestamp>
			</report>
			<report>
				<misses>42000001</misses>
				<total>4</total>
				<timestamp>2498.806852</timestamp>
			</report>
			<report>
				<misses>42100001</misses>
				<total>4</total>
				<timestamp>2504.795031</timestamp>
			</report>
			<report>
				<misses>42200001</misses>
				<total>4</total>
				<timestamp>2510.904041</timestamp>
			</report>
			<report>
				<misses>42300001</misses>
				<total>4</total>
				<timestamp>2516.920769</timestamp>
			</report>
			<report>
				<misses>42400001</misses>
				<total>4</total>
				<timestamp>2522.810354</timestamp>
			</report>
			<report>
				<misses>42500001</misses>
				<total>4</total>
				<timestamp>2528.707127</timestamp>
			</report>
			<report>
				<misses>42600001</misses>
				<total>4</total>
				<timestamp>2534.677850</timestamp>
			</report>
			<report>
				<misses>42700001</misses>
				<total>4</total>
				<timestamp>2540.438223</timestamp>
			</report>
			<report>
				<misses>42800001</misses>
				<total>4</total>
				<timestamp>2546.443783</timestamp>
			</report>
			<report>
				<misses>42900001</misses>
				<total>4</total>
				<timestamp>2552.514717</timestamp>
			</report>
			<report>
				<misses>43000001</misses>
				<total>4</total>
				<timestamp>2558.448768</timestamp>
			</report>
			<report>
				<misses>43100001</misses>
				<total>4</total>
				<timestamp>2564.546611</timestamp>
			</report>
			<report>
				<misses>43200001</misses>
				<total>4</total>
				<timestamp>2570.607729</timestamp>
			</report>
			<report>
				<misses>43300001</misses>
				<total>4</total>
				<timestamp>2576.606932</timestamp>
			</report>
			<report>
				<misses>43400001</misses>
				<total>4</total>
				<timestamp>2582.523777</timestamp>
			</report>
			<report>
				<misses>43500001</misses>
				<total>4</total>
				<timestamp>2588.528132</timestamp>
			</report>
			<report>
				<misses>43600001</misses>
				<total>4</total>
				<timestamp>2594.562103</timestamp>
			</report>
			<report>
				<misses>43700001</misses>
				<total>4</total>
				<timestamp>2600.482253</timestamp>
			</report>
			<report>
				<misses>43800001</misses>
				<total>4</total>
				<timestamp>2606.478542</timestamp>
			</report>
			<report>
				<misses>43900001</misses>
				<total>4</total>
				<timestamp>2612.260742</timestamp>
			</report>
			<report>
				<misses>44000001</misses>
				<total>4</total>
				<timestamp>2618.078992</timestamp>
			</report>
			<report>
				<misses>44100001</misses>
				<total>4</total>
				<timestamp>2623.850342</timestamp>
			</report>
			<report>
				<misses>44200001</misses>
				<total>4</total>
				<timestamp>2629.678914</timestamp>
			</report>
			<report>
				<misses>44300001</misses>
				<total>4</total>
				<timestamp>2635.485472</timestamp>
			</report>
			<report>
				<misses>44400001</misses>
				<total>4</total>
				<timestamp>2641.532629</timestamp>
			</report>
			<report>
				<misses>44500001</misses>
				<total>4</total>
				<timestamp>2647.240770</timestamp>
			</report>
			<report>
				<misses>44600001</misses>
				<total>4</total>
				<timestamp>2653.230634</timestamp>
			</report>
			<report>
				<misses>44700001</misses>
				<total>4</total>
				<timestamp>2659.121503</timestamp>
			</report>
			<report>
				<misses>44800001</misses>
				<total>4</total>
				<timestamp>2665.094480</timestamp>
			</report>
			<report>
				<misses>44900001</misses>
				<total>4</total>
				<timestamp>2670.700051</timestamp>
			</report>
			<report>
				<misses>45000001</misses>
				<total>4</total>
				<timestamp>2676.429735</timestamp>
			</report>
			<report>
				<misses>45100001</misses>
				<total>4</total>
				<timestamp>2682.336639</timestamp>
			</report>
			<report>
				<misses>45200001</misses>
				<total>5</total>
				<timestamp>2688.284193</timestamp>
			</report>
			<report>
				<misses>45300001</misses>
				<total>5</total>
				<timestamp>2694.217089</timestamp>
			</report>
			<report>
				<misses>45400001</misses>
				<total>5</total>
				<timestamp>2700.293566</timestamp>
			</report>
			<report>
				<misses>45500001</misses>
				<total>5</total>
				<timestamp>2706.171101</timestamp>
			</report>
			<report>
				<misses>45600001</misses>
				<total>5</total>
				<timestamp>2712.287364</timestamp>
			</report>
			<report>
				<misses>45700001</misses>
				<total>5</total>
				<timestamp>2718.058137</timestamp>
			</report>
			<report>
				<misses>45800001</misses>
				<total>5</total>
				<timestamp>2723.586922</timestamp>
			</report>
			<report>
				<misses>45900001</misses>
				<total>5</total>
				<timestamp>2729.367180</timestamp>
			</report>
			<report>
				<misses>46000001</misses>
				<total>5</total>
				<timestamp>2735.116699</timestamp>
			</report>
			<report>
				<misses>46100001</misses>
				<total>5</total>
				<timestamp>2740.927405</timestamp>
			</report>
			<report>
				<misses>46200001</misses>
				<total>5</total>
				<timestamp>2746.980882</timestamp>
			</report>
			<report>
				<misses>46300001</misses>
				<total>5</total>
				<timestamp>2752.841440</timestamp>
			</report>
			<report>
				<misses>46400001</misses>
				<total>5</total>
				<timestamp>2758.500240</timestamp>
			</report>
			<report>
				<misses>46500001</misses>
				<total>5</total>
				<timestamp>2764.322103</timestamp>
			</report>
			<report>
				<misses>46600001</misses>
				<total>5</total>
				<timestamp>2770.219546</timestamp>
			</report>
			<report>
				<misses>46700001</misses>
				<total>5</total>
				<timestamp>2775.910246</timestamp>
			</report>
			<report>
				<misses>46800001</misses>
				<total>5</total>
				<timestamp>2781.971075</timestamp>
			</report>
			<report>
				<misses>46900001</misses>
				<total>5</total>
				<timestamp>2787.743452</timestamp>
			</report>
			<report>
				<misses>47000001</misses>
				<total>5</total>
				<timestamp>2793.519159</timestamp>
			</report>
			<report>
				<misses>47100001</misses>
				<total>5</total>
				<timestamp>2799.204527</timestamp>
			</report>
			<report>
				<misses>47200001</misses>
				<total>5</total>
				<timestamp>2805.350365</timestamp>
			</report>
			<report>
				<misses>47300001</misses>
				<total>5</total>
				<timestamp>2811.594890</timestamp>
			</report>
			<report>
				<misses>47400001</misses>
				<total>5</total>
				<timestamp>2817.342256</timestamp>
			</report>
			<report>
				<misses>47500001</misses>
				<total>5</total>
				<timestamp>2823.462454</timestamp>
			</report>
			<report>
				<misses>47600001</misses>
				<total>5</total>
				<timestamp>2829.454326</timestamp>
			</report>
			<report>
				<misses>47700001</misses>
				<total>5</total>
				<timestamp>2835.565858</timestamp>
			</report>
			<report>
				<misses>47800001</misses>
				<total>5</total>
				<timestamp>2841.262220</timestamp>
			</report>
			<report>
				<misses>47900001</misses>
				<total>5</total>
				<timestamp>2847.286462</timestamp>
			</report>
			<report>
				<misses>48000001</misses>
				<total>5</total>
				<timestamp>2853.010650</timestamp>
			</report>
			<report>
				<misses>48100001</misses>
				<total>5</total>
				<timestamp>2858.893657</timestamp>
			</report>
			<report>
				<misses>48200001</misses>
				<total>5</total>
				<timestamp>2865.118007</timestamp>
			</report>
			<report>
				<misses>48300001</misses>
				<total>5</total>
				<timestamp>2871.015268</timestamp>
			</report>
			<report>
				<misses>48400001</misses>
				<total>5</total>
				<timestamp>2876.842629</timestamp>
			</report>
			<report>
				<misses>48500001</misses>
				<total>5</total>
				<timestamp>2882.957732</timestamp>
			</report>
			<report>
				<misses>48600001</misses>
				<total>5</total>
				<timestamp>2889.154105</timestamp>
			</report>
			<report>
				<misses>48700001</misses>
				<total>5</total>
				<timestamp>2895.144410</timestamp>
			</report>
			<report>
				<misses>48800001</misses>
				<total>5</total>
				<timestamp>2901.280582</timestamp>
			</report>
			<report>
				<misses>48900001</misses>
				<total>5</total>
				<timestamp>2907.361259</timestamp>
			</report>
			<report>
				<misses>49000001</misses>
				<total>5</total>
				<timestamp>2913.354582</timestamp>
			</report>
			<report>
				<misses>49100001</misses>
				<total>5</total>
				<timestamp>2919.242753</timestamp>
			</report>
			<report>
				<misses>49200001</misses>
				<total>5</total>
				<timestamp>2925.192908</timestamp>
			</report>
			<report>
				<misses>49300001</misses>
				<total>5</total>
				<timestamp>2931.133740</timestamp>
			</report>
			<report>
				<misses>49400001</misses>
				<total>5</total>
				<timestamp>2937.009409</timestamp>
			</report>
			<report>
				<misses>49500001</misses>
				<total>5</total>
				<timestamp>2942.896198</timestamp>
			</report>
			<report>
				<misses>49600001</misses>
				<total>5</total>
				<timestamp>2948.779325</timestamp>
			</report>
			<report>
				<misses>49700001</misses>
				<total>5</total>
				<timestamp>2954.591572</timestamp>
			</report>
			<report>
				<misses>49800001</misses>
				<total>5</total>
				<timestamp>2960.335813</timestamp>
			</report>
			<report>
				<misses>49900001</misses>
				<total>5</total>
				<timestamp>2966.356683</timestamp>
			</report>
			<report>
				<misses>50000001</misses>
				<total>5</total>
				<timestamp>2972.531898</timestamp>
			</report>
			<report>
				<misses>50100001</misses>
				<total>5</total>
				<timestamp>2978.546638</timestamp>
			</report>
			<report>
				<misses>50200001</misses>
				<total>5</total>
				<timestamp>2984.345925</timestamp>
			</report>
			<report>
				<misses>50300001</misses>
				<total>5</total>
				<timestamp>2990.254230</timestamp>
			</report>
			<report>
				<misses>50400001</misses>
				<total>5</total>
				<timestamp>2996.180258</timestamp>
			</report>
			<report>
				<misses>50500001</misses>
				<total>5</total>
				<timestamp>3002.273581</timestamp>
			</report>
			<report>
				<misses>50600001</misses>
				<total>5</total>
				<timestamp>3008.303129</timestamp>
			</report>
			<report>
				<misses>50700001</misses>
				<total>5</total>
				<timestamp>3014.353873</timestamp>
			</report>
			<report>
				<misses>50800001</misses>
				<total>5</total>
				<timestamp>3020.269671</timestamp>
			</report>
			<report>
				<misses>50900001</misses>
				<total>5</total>
				<timestamp>3025.983812</timestamp>
			</report>
			<report>
				<misses>51000001</misses>
				<total>5</total>
				<timestamp>3031.736891</timestamp>
			</report>
			<report>
				<misses>51100001</misses>
				<total>5</total>
				<timestamp>3037.740581</timestamp>
			</report>
			<report>
				<misses>51200001</misses>
				<total>5</total>
				<timestamp>3043.737225</timestamp>
			</report>
			<report>
				<misses>51300001</misses>
				<total>5</total>
				<timestamp>3049.662141</timestamp>
			</report>
			<report>
				<misses>51400001</misses>
				<total>5</total>
				<timestamp>3055.518689</timestamp>
			</report>
			<report>
				<misses>51500001</misses>
				<total>5</total>
				<timestamp>3061.276570</timestamp>
			</report>
			<report>
				<misses>51600001</misses>
				<total>5</total>
				<timestamp>3067.174429</timestamp>
			</report>
			<report>
				<misses>51700001</misses>
				<total>5</total>
				<timestamp>3072.872784</timestamp>
			</report>
			<report>
				<misses>51800001</misses>
				<total>5</total>
				<timestamp>3078.721852</timestamp>
			</report>
			<report>
				<misses>51900001</misses>
				<total>5</total>
				<timestamp>3084.980794</timestamp>
			</report>
			<report>
				<misses>52000001</misses>
				<total>5</total>
				<timestamp>3090.927155</timestamp>
			</report>
			<report>
				<misses>52100001</misses>
				<total>5</total>
				<timestamp>3096.973124</timestamp>
			</report>
			<report>
				<misses>52200001</misses>
				<total>5</total>
				<timestamp>3103.012161</timestamp>
			</report>
			<report>
				<misses>52300001</misses>
				<total>5</total>
				<timestamp>3108.952379</timestamp>
			</report>
			<report>
				<misses>52400001</misses>
				<total>5</total>
				<timestamp>3114.975822</timestamp>
			</report>
			<report>
				<misses>52500001</misses>
				<total>5</total>
				<timestamp>3120.999969</timestamp>
			</report>
			<report>
				<misses>52600001</misses>
				<total>5</total>
				<timestamp>3127.094934</timestamp>
			</report>
			<report>
				<misses>52700001</misses>
				<total>5</total>
				<timestamp>3133.207572</timestamp>
			</report>
			<report>
				<misses>52800001</misses>
				<total>5</total>
				<timestamp>3139.369432</timestamp>
			</report>
			<report>
				<misses>52900001</misses>
				<total>5</total>
				<timestamp>3145.528758</timestamp>
			</report>
			<report>
				<misses>53000001</misses>
				<total>5</total>
				<timestamp>3151.560374</timestamp>
			</report>
			<report>
				<misses>53100001</misses>
				<total>5</total>
				<timestamp>3157.538607</timestamp>
			</report>
			<report>
				<misses>53200001</misses>
				<total>5</total>
				<timestamp>3163.664925</timestamp>
			</report>
			<report>
				<misses>53300001</misses>
				<total>5</total>
				<timestamp>3169.792547</timestamp>
			</report>
			<report>
				<misses>53400001</misses>
				<total>5</total>
				<timestamp>3175.696483</timestamp>
			</report>
			<report>
				<misses>53500001</misses>
				<total>5</total>
				<timestamp>3181.418474</timestamp>
			</report>
			<report>
				<misses>53600001</misses>
				<total>5</total>
				<timestamp>3187.207838</timestamp>
			</report>
			<report>
				<misses>53700001</misses>
				<total>5</total>
				<timestamp>3193.370954</timestamp>
			</report>
			<report>
				<misses>53800001</misses>
				<total>5</total>
				<timestamp>3199.410391</timestamp>
			</report>
			<report>
				<misses>53900001</misses>
				<total>5</total>
				<timestamp>3205.085253</timestamp>
			</report>
			<report>
				<misses>54000001</misses>
				<total>5</total>
				<timestamp>3210.685238</timestamp>
			</report>
			<report>
				<misses>54100001</misses>
				<total>5</total>
				<timestamp>3216.616804</timestamp>
			</report>
			<report>
				<misses>54200001</misses>
				<total>5</total>
				<timestamp>3222.395843</timestamp>
			</report>
			<report>
				<misses>54300001</misses>
				<total>5</total>
				<timestamp>3228.049168</timestamp>
			</report>
			<report>
				<misses>54400001</misses>
				<total>5</total>
				<timestamp>3234.167123</timestamp>
			</report>
			<report>
				<misses>54500001</misses>
				<total>5</total>
				<timestamp>3239.761498</timestamp>
			</report>
			<report>
				<misses>54600001</misses>
				<total>5</total>
				<timestamp>3245.641098</timestamp>
			</report>
			<report>
				<misses>54700001</misses>
				<total>5</total>
				<timestamp>3251.609184</timestamp>
			</report>
			<report>
				<misses>54800001</misses>
				<total>5</total>
				<timestamp>3257.668412</timestamp>
			</report>
			<report>
				<misses>54900001</misses>
				<total>5</total>
				<timestamp>3263.721056</timestamp>
			</report>
			<report>
				<misses>55000001</misses>
				<total>5</total>
				<timestamp>3269.770450</timestamp>
			</report>
			<report>
				<misses>55100001</misses>
				<total>5</total>
				<timestamp>3275.585886</timestamp>
			</report>
			<report>
				<misses>55200001</misses>
				<total>5</total>
				<timestamp>3281.367120</timestamp>
			</report>
			<report>
				<misses>55300001</misses>
				<total>5</total>
				<timestamp>3287.327935</timestamp>
			</report>
			<report>
				<misses>55400001</misses>
				<total>5</total>
				<timestamp>3293.421435</timestamp>
			</report>
			<report>
				<misses>55500001</misses>
				<total>5</total>
				<timestamp>3299.477119</timestamp>
			</report>
			<report>
				<misses>55600001</misses>
				<total>5</total>
				<timestamp>3305.335117</timestamp>
			</report>
			<report>
				<misses>55700001</misses>
				<total>5</total>
				<timestamp>3311.265204</timestamp>
			</report>
			<report>
				<misses>55800001</misses>
				<total>5</total>
				<timestamp>3317.250024</timestamp>
			</report>
			<report>
				<misses>55900001</misses>
				<total>5</total>
				<timestamp>3323.074626</timestamp>
			</report>
			<report>
				<misses>56000001</misses>
				<total>5</total>
				<timestamp>3329.071798</timestamp>
			</report>
			<report>
				<misses>56100001</misses>
				<total>5</total>
				<timestamp>3334.901857</timestamp>
			</report>
			<report>
				<misses>56200001</misses>
				<total>5</total>
				<timestamp>3340.876376</timestamp>
			</report>
			<report>
				<misses>56300001</misses>
				<total>5</total>
				<timestamp>3346.715951</timestamp>
			</report>
			<report>
				<misses>56400001</misses>
				<total>5</total>
				<timestamp>3352.679066</timestamp>
			</report>
			<report>
				<misses>56500001</misses>
				<total>5</total>
				<timestamp>3358.658588</timestamp>
			</report>
			<report>
				<misses>56600001</misses>
				<total>5</total>
				<timestamp>3364.699246</timestamp>
			</report>
			<report>
				<misses>56700001</misses>
				<total>5</total>
				<timestamp>3370.564922</timestamp>
			</report>
			<report>
				<misses>56800001</misses>
				<total>5</total>
				<timestamp>3376.430989</timestamp>
			</report>
			<report>
				<misses>56900001</misses>
				<total>5</total>
				<timestamp>3382.426182</timestamp>
			</report>
			<report>
				<misses>57000001</misses>
				<total>5</total>
				<timestamp>3388.335846</timestamp>
			</report>
			<report>
				<misses>57100001</misses>
				<total>5</total>
				<timestamp>3394.166891</timestamp>
			</report>
			<report>
				<misses>57200001</misses>
				<total>5</total>
				<timestamp>3399.984646</timestamp>
			</report>
			<report>
				<misses>57300001</misses>
				<total>5</total>
				<timestamp>3406.139429</timestamp>
			</report>
			<report>
				<misses>57400001</misses>
				<total>5</total>
				<timestamp>3412.293619</timestamp>
			</report>
			<report>
				<misses>57500001</misses>
				<total>5</total>
				<timestamp>3418.357799</timestamp>
			</report>
			<report>
				<misses>57600001</misses>
				<total>5</total>
				<timestamp>3424.323346</timestamp>
			</report>
			<report>
				<misses>57700001</misses>
				<total>5</total>
				<timestamp>3430.467847</timestamp>
			</report>
			<report>
				<misses>57800001</misses>
				<total>5</total>
				<timestamp>3436.737475</timestamp>
			</report>
			<report>
				<misses>57900001</misses>
				<total>5</total>
				<timestamp>3442.438201</timestamp>
			</report>
			<report>
				<misses>58000001</misses>
				<total>5</total>
				<timestamp>3448.193871</timestamp>
			</report>
			<report>
				<misses>58100001</misses>
				<total>5</total>
				<timestamp>3454.163800</timestamp>
			</report>
			<report>
				<misses>58200001</misses>
				<total>5</total>
				<timestamp>3460.292771</timestamp>
			</report>
			<report>
				<misses>58300001</misses>
				<total>5</total>
				<timestamp>3466.085957</timestamp>
			</report>
			<report>
				<misses>58400001</misses>
				<total>5</total>
				<timestamp>3471.967807</timestamp>
			</report>
			<report>
				<misses>58500001</misses>
				<total>5</total>
				<timestamp>3477.723139</timestamp>
			</report>
			<report>
				<misses>58600001</misses>
				<total>5</total>
				<timestamp>3483.404043</timestamp>
			</report>
			<report>
				<misses>58700001</misses>
				<total>5</total>
				<timestamp>3488.975602</timestamp>
			</report>
			<report>
				<misses>58800001</misses>
				<total>5</total>
				<timestamp>3494.726336</timestamp>
			</report>
			<report>
				<misses>58900001</misses>
				<total>5</total>
				<timestamp>3500.225020</timestamp>
			</report>
			<report>
				<misses>59000001</misses>
				<total>5</total>
				<timestamp>3506.040885</timestamp>
			</report>
			<report>
				<misses>59100001</misses>
				<total>5</total>
				<timestamp>3511.864903</timestamp>
			</report>
			<report>
				<misses>59200001</misses>
				<total>5</total>
				<timestamp>3517.464481</timestamp>
			</report>
			<report>
				<misses>59300001</misses>
				<total>5</total>
				<timestamp>3523.386140</timestamp>
			</report>
			<report>
				<misses>59400001</misses>
				<total>5</total>
				<timestamp>3529.300293</timestamp>
			</report>
			<report>
				<misses>59500001</misses>
				<total>5</total>
				<timestamp>3535.222082</timestamp>
			</report>
			<report>
				<misses>59600001</misses>
				<total>5</total>
				<timestamp>3541.340638</timestamp>
			</report>
			<report>
				<misses>59700001</misses>
				<total>5</total>
				<timestamp>3547.164146</timestamp>
			</report>
			<report>
				<misses>59800001</misses>
				<total>5</total>
				<timestamp>3553.057626</timestamp>
			</report>
			<report>
				<misses>59900001</misses>
				<total>5</total>
				<timestamp>3559.180007</timestamp>
			</report>
			<report>
				<misses>60000001</misses>
				<total>5</total>
				<timestamp>3565.131065</timestamp>
			</report>
			<report>
				<misses>60100001</misses>
				<total>5</total>
				<timestamp>3570.920439</timestamp>
			</report>
			<report>
				<misses>60200001</misses>
				<total>5</total>
				<timestamp>3576.829983</timestamp>
			</report>
			<report>
				<misses>60300001</misses>
				<total>5</total>
				<timestamp>3582.704645</timestamp>
			</report>
			<report>
				<misses>60400001</misses>
				<total>5</total>
				<timestamp>3588.402083</timestamp>
			</report>
			<report>
				<misses>60500001</misses>
				<total>5</total>
				<timestamp>3594.074449</timestamp>
			</report>
			<report>
				<misses>60600001</misses>
				<total>5</total>
				<timestamp>3600.276651</timestamp>
			</report>
			<report>
				<misses>60700001</misses>
				<total>5</total>
				<timestamp>3606.183136</timestamp>
			</report>
			<report>
				<misses>60800001</misses>
				<total>5</total>
				<timestamp>3612.095974</timestamp>
			</report>
			<report>
				<misses>60900001</misses>
				<total>5</total>
				<timestamp>3618.030631</timestamp>
			</report>
			<report>
				<misses>61000001</misses>
				<total>5</total>
				<timestamp>3624.283752</timestamp>
			</report>
			<report>
				<misses>61100001</misses>
				<total>5</total>
				<timestamp>3630.272831</timestamp>
			</report>
			<report>
				<misses>61200001</misses>
				<total>5</total>
				<timestamp>3636.110340</timestamp>
			</report>
			<report>
				<misses>61300001</misses>
				<total>5</total>
				<timestamp>3642.200392</timestamp>
			</report>
			<report>
				<misses>61400001</misses>
				<total>5</total>
				<timestamp>3648.151549</timestamp>
			</report>
			<report>
				<misses>61500001</misses>
				<total>5</total>
				<timestamp>3654.109432</timestamp>
			</report>
			<report>
				<misses>61600001</misses>
				<total>5</total>
				<timestamp>3660.221718</timestamp>
			</report>
			<report>
				<misses>61700001</misses>
				<total>5</total>
				<timestamp>3666.085546</timestamp>
			</report>
			<report>
				<misses>61800001</misses>
				<total>5</total>
				<timestamp>3671.707142</timestamp>
			</report>
			<report>
				<misses>61900001</misses>
				<total>5</total>
				<timestamp>3677.660437</timestamp>
			</report>
			<report>
				<misses>62000001</misses>
				<total>5</total>
				<timestamp>3683.414038</timestamp>
			</report>
			<report>
				<misses>62100001</misses>
				<total>5</total>
				<timestamp>3689.546285</timestamp>
			</report>
			<report>
				<misses>62200001</misses>
				<total>5</total>
				<timestamp>3695.441531</timestamp>
			</report>
			<report>
				<misses>62300001</misses>
				<total>5</total>
				<timestamp>3701.441122</timestamp>
			</report>
			<report>
				<misses>62400001</misses>
				<total>5</total>
				<timestamp>3707.043855</timestamp>
			</report>
			<report>
				<misses>62500001</misses>
				<total>5</total>
				<timestamp>3712.990427</timestamp>
			</report>
			<report>
				<misses>62600001</misses>
				<total>5</total>
				<timestamp>3718.922344</timestamp>
			</report>
			<report>
				<misses>62700001</misses>
				<total>5</total>
				<timestamp>3724.772199</timestamp>
			</report>
			<report>
				<misses>62800001</misses>
				<total>5</total>
				<timestamp>3730.667628</timestamp>
			</report>
			<report>
				<misses>62900001</misses>
				<total>5</total>
				<timestamp>3736.608929</timestamp>
			</report>
			<report>
				<misses>63000001</misses>
				<total>5</total>
				<timestamp>3742.771453</timestamp>
			</report>
			<report>
				<misses>63100001</misses>
				<total>5</total>
				<timestamp>3748.831915</timestamp>
			</report>
			<report>
				<misses>63200001</misses>
				<total>5</total>
				<timestamp>3754.713429</timestamp>
			</report>
			<report>
				<misses>63300001</misses>
				<total>5</total>
				<timestamp>3760.695028</timestamp>
			</report>
			<report>
				<misses>63400001</misses>
				<total>5</total>
				<timestamp>3766.752248</timestamp>
			</report>
			<report>
				<misses>63500001</misses>
				<total>5</total>
				<timestamp>3772.562273</timestamp>
			</report>
			<report>
				<misses>63600001</misses>
				<total>5</total>
				<timestamp>3778.455013</timestamp>
			</report>
			<report>
				<misses>63700001</misses>
				<total>5</total>
				<timestamp>3784.413035</timestamp>
			</report>
			<report>
				<misses>63800001</misses>
				<total>5</total>
				<timestamp>3790.378139</timestamp>
			</report>
			<report>
				<misses>63900001</misses>
				<total>5</total>
				<timestamp>3796.264978</timestamp>
			</report>
			<report>
				<misses>64000001</misses>
				<total>5</total>
				<timestamp>3802.207959</timestamp>
			</report>
			<report>
				<misses>64100001</misses>
				<total>5</total>
				<timestamp>3808.216185</timestamp>
			</report>
			<report>
				<misses>64200001</misses>
				<total>5</total>
				<timestamp>3814.281083</timestamp>
			</report>
			<report>
				<misses>64300001</misses>
				<total>5</total>
				<timestamp>3820.566087</timestamp>
			</report>
			<report>
				<misses>64400001</misses>
				<total>5</total>
				<timestamp>3826.836952</timestamp>
			</report>
			<report>
				<misses>64500001</misses>
				<total>5</total>
				<timestamp>3832.705419</timestamp>
			</report>
			<report>
				<misses>64600001</misses>
				<total>5</total>
				<timestamp>3838.816569</timestamp>
			</report>
			<report>
				<misses>64700001</misses>
				<total>5</total>
				<timestamp>3844.947288</timestamp>
			</report>
			<report>
				<misses>64800001</misses>
				<total>5</total>
				<timestamp>3850.937890</timestamp>
			</report>
			<report>
				<misses>64900001</misses>
				<total>5</total>
				<timestamp>3856.979923</timestamp>
			</report>
			<report>
				<misses>65000001</misses>
				<total>5</total>
				<timestamp>3862.902371</timestamp>
			</report>
			<report>
				<misses>65100001</misses>
				<total>5</total>
				<timestamp>3868.957719</timestamp>
			</report>
			<report>
				<misses>65200001</misses>
				<total>5</total>
				<timestamp>3875.088982</timestamp>
			</report>
			<report>
				<misses>65300001</misses>
				<total>5</total>
				<timestamp>3881.134644</timestamp>
			</report>
			<report>
				<misses>65400001</misses>
				<total>5</total>
				<timestamp>3886.956280</timestamp>
			</report>
			<report>
				<misses>65500001</misses>
				<total>5</total>
				<timestamp>3892.811815</timestamp>
			</report>
			<report>
				<misses>65600001</misses>
				<total>5</total>
				<timestamp>3898.733365</timestamp>
			</report>
			<report>
				<misses>65700001</misses>
				<total>5</total>
				<timestamp>3904.868761</timestamp>
			</report>
			<report>
				<misses>65800001</misses>
				<total>5</total>
				<timestamp>3911.076615</timestamp>
			</report>
			<report>
				<misses>65900001</misses>
				<total>5</total>
				<timestamp>3916.975370</timestamp>
			</report>
			<report>
				<misses>66000001</misses>
				<total>5</total>
				<timestamp>3922.944919</timestamp>
			</report>
			<report>
				<misses>66100001</misses>
				<total>5</total>
				<timestamp>3928.838703</timestamp>
			</report>
			<report>
				<misses>66200001</misses>
				<total>5</total>
				<timestamp>3935.000446</timestamp>
			</report>
			<report>
				<misses>66300001</misses>
				<total>5</total>
				<timestamp>3940.962891</timestamp>
			</report>
			<report>
				<misses>66400001</misses>
				<total>5</total>
				<timestamp>3947.064266</timestamp>
			</report>
			<report>
				<misses>66500001</misses>
				<total>5</total>
				<timestamp>3952.971865</timestamp>
			</report>
			<report>
				<misses>66600001</misses>
				<total>5</total>
				<timestamp>3958.835736</timestamp>
			</report>
			<report>
				<misses>66700001</misses>
				<total>5</total>
				<timestamp>3964.891134</timestamp>
			</report>
			<report>
				<misses>66800001</misses>
				<total>5</total>
				<timestamp>3970.758053</timestamp>
			</report>
			<report>
				<misses>66900001</misses>
				<total>5</total>
				<timestamp>3976.621079</timestamp>
			</report>
			<report>
				<misses>67000001</misses>
				<total>5</total>
				<timestamp>3982.782342</timestamp>
			</report>
			<report>
				<misses>67100001</misses>
				<total>5</total>
				<timestamp>3988.739934</timestamp>
			</report>
			<report>
				<misses>67200001</misses>
				<total>5</total>
				<timestamp>3994.668579</timestamp>
			</report>
			<report>
				<misses>67300001</misses>
				<total>5</total>
				<timestamp>4000.670464</timestamp>
			</report>
			<report>
				<misses>67400001</misses>
				<total>5</total>
				<timestamp>4006.771890</timestamp>
			</report>
			<report>
				<misses>67500001</misses>
				<total>5</total>
				<timestamp>4012.691849</timestamp>
			</report>
			<report>
				<misses>67600001</misses>
				<total>5</total>
				<timestamp>4018.925001</timestamp>
			</report>
			<report>
				<misses>67700001</misses>
				<total>5</total>
				<timestamp>4025.024759</timestamp>
			</report>
			<report>
				<misses>67800001</misses>
				<total>5</total>
				<timestamp>4031.179322</timestamp>
			</report>
			<report>
				<misses>67900001</misses>
				<total>5</total>
				<timestamp>4037.372071</timestamp>
			</report>
			<report>
				<misses>68000001</misses>
				<total>5</total>
				<timestamp>4043.372126</timestamp>
			</report>
			<report>
				<misses>68100001</misses>
				<total>5</total>
				<timestamp>4049.238343</timestamp>
			</report>
			<report>
				<misses>68200001</misses>
				<total>5</total>
				<timestamp>4055.071122</timestamp>
			</report>
			<report>
				<misses>68300001</misses>
				<total>5</total>
				<timestamp>4061.103170</timestamp>
			</report>
			<report>
				<misses>68400001</misses>
				<total>5</total>
				<timestamp>4067.166479</timestamp>
			</report>
			<report>
				<misses>68500001</misses>
				<total>5</total>
				<timestamp>4073.095734</timestamp>
			</report>
			<report>
				<misses>68600001</misses>
				<total>5</total>
				<timestamp>4079.207734</timestamp>
			</report>
			<report>
				<misses>68700001</misses>
				<total>5</total>
				<timestamp>4085.155899</timestamp>
			</report>
			<report>
				<misses>68800001</misses>
				<total>5</total>
				<timestamp>4091.022104</timestamp>
			</report>
			<report>
				<misses>68900001</misses>
				<total>5</total>
				<timestamp>4097.075400</timestamp>
			</report>
			<report>
				<misses>69000001</misses>
				<total>5</total>
				<timestamp>4103.027620</timestamp>
			</report>
			<report>
				<misses>69100001</misses>
				<total>5</total>
				<timestamp>4108.849131</timestamp>
			</report>
			<report>
				<misses>69200001</misses>
				<total>5</total>
				<timestamp>4114.731513</timestamp>
			</report>
			<report>
				<misses>69300001</misses>
				<total>5</total>
				<timestamp>4120.664261</timestamp>
			</report>
			<report>
				<misses>69400001</misses>
				<total>5</total>
				<timestamp>4126.745537</timestamp>
			</report>
			<report>
				<misses>69500001</misses>
				<total>5</total>
				<timestamp>4132.760500</timestamp>
			</report>
			<report>
				<misses>69600001</misses>
				<total>5</total>
				<timestamp>4138.811558</timestamp>
			</report>
			<report>
				<misses>69700001</misses>
				<total>5</total>
				<timestamp>4144.837615</timestamp>
			</report>
			<report>
				<misses>69800001</misses>
				<total>5</total>
				<timestamp>4151.004941</timestamp>
			</report>
			<report>
				<misses>69900001</misses>
				<total>5</total>
				<timestamp>4157.050969</timestamp>
			</report>
			<report>
				<misses>70000001</misses>
				<total>5</total>
				<timestamp>4163.023834</timestamp>
			</report>
			<report>
				<misses>70100001</misses>
				<total>6</total>
				<timestamp>4169.270968</timestamp>
			</report>
			<report>
				<misses>70200001</misses>
				<total>6</total>
				<timestamp>4175.281853</timestamp>
			</report>
			<report>
				<misses>70300001</misses>
				<total>6</total>
				<timestamp>4181.217037</timestamp>
			</report>
			<report>
				<misses>70400001</misses>
				<total>6</total>
				<timestamp>4186.942225</timestamp>
			</report>
			<report>
				<misses>70500001</misses>
				<total>6</total>
				<timestamp>4193.052318</timestamp>
			</report>
			<report>
				<misses>70600001</misses>
				<total>6</total>
				<timestamp>4198.925172</timestamp>
			</report>
			<report>
				<misses>70700001</misses>
				<total>6</total>
				<timestamp>4204.648782</timestamp>
			</report>
			<report>
				<misses>70800001</misses>
				<total>6</total>
				<timestamp>4210.668405</timestamp>
			</report>
			<report>
				<misses>70900001</misses>
				<total>6</total>
				<timestamp>4216.644143</timestamp>
			</report>
			<report>
				<misses>71000001</misses>
				<total>6</total>
				<timestamp>4222.427915</timestamp>
			</report>
			<report>
				<misses>71100001</misses>
				<total>6</total>
				<timestamp>4228.550765</timestamp>
			</report>
			<report>
				<misses>71200001</misses>
				<total>6</total>
				<timestamp>4234.400972</timestamp>
			</report>
			<report>
				<misses>71300001</misses>
				<total>6</total>
				<timestamp>4240.450824</timestamp>
			</report>
			<report>
				<misses>71400001</misses>
				<total>6</total>
				<timestamp>4246.312373</timestamp>
			</report>
			<report>
				<misses>71500001</misses>
				<total>6</total>
				<timestamp>4252.400268</timestamp>
			</report>
			<report>
				<misses>71600001</misses>
				<total>6</total>
				<timestamp>4258.366579</timestamp>
			</report>
			<report>
				<misses>71700001</misses>
				<total>7</total>
				<timestamp>4264.479038</timestamp>
			</report>
			<report>
				<misses>71800001</misses>
				<total>7</total>
				<timestamp>4270.587467</timestamp>
			</report>
			<report>
				<misses>71900001</misses>
				<total>7</total>
				<timestamp>4276.201446</timestamp>
			</report>
			<report>
				<misses>72000001</misses>
				<total>7</total>
				<timestamp>4282.119680</timestamp>
			</report>
			<report>
				<misses>72100001</misses>
				<total>7</total>
				<timestamp>4287.923272</timestamp>
			</report>
			<report>
				<misses>72200001</misses>
				<total>7</total>
				<timestamp>4294.132087</timestamp>
			</report>
			<report>
				<misses>72300001</misses>
				<total>7</total>
				<timestamp>4300.179534</timestamp>
			</report>
			<report>
				<misses>72400001</misses>
				<total>7</total>
				<timestamp>4306.182237</timestamp>
			</report>
			<report>
				<misses>72500001</misses>
				<total>7</total>
				<timestamp>4312.094775</timestamp>
			</report>
			<report>
				<misses>72600001</misses>
				<total>7</total>
				<timestamp>4318.053379</timestamp>
			</report>
			<report>
				<misses>72700001</misses>
				<total>7</total>
				<timestamp>4324.255562</timestamp>
			</report>
			<report>
				<misses>72800001</misses>
				<total>7</total>
				<timestamp>4330.460166</timestamp>
			</report>
			<report>
				<misses>72900001</misses>
				<total>7</total>
				<timestamp>4336.078310</timestamp>
			</report>
			<report>
				<misses>73000001</misses>
				<total>7</total>
				<timestamp>4341.764118</timestamp>
			</report>
			<report>
				<misses>73100001</misses>
				<total>7</total>
				<timestamp>4347.460207</timestamp>
			</report>
			<report>
				<misses>73200001</misses>
				<total>7</total>
				<timestamp>4353.309295</timestamp>
			</report>
			<report>
				<misses>73300001</misses>
				<total>7</total>
				<timestamp>4359.254460</timestamp>
			</report>
			<report>
				<misses>73400001</misses>
				<total>7</total>
				<timestamp>4365.253241</timestamp>
			</report>
			<report>
				<misses>73500001</misses>
				<total>7</total>
				<timestamp>4371.266063</timestamp>
			</report>
			<report>
				<misses>73600001</misses>
				<total>7</total>
				<timestamp>4377.315868</timestamp>
			</report>
			<report>
				<misses>73700001</misses>
				<total>7</total>
				<timestamp>4383.359529</timestamp>
			</report>
			<report>
				<misses>73800001</misses>
				<total>7</total>
				<timestamp>4389.297326</timestamp>
			</report>
			<report>
				<misses>73900001</misses>
				<total>7</total>
				<timestamp>4395.253576</timestamp>
			</report>
			<report>
				<misses>74000001</misses>
				<total>7</total>
				<timestamp>4401.195899</timestamp>
			</report>
			<report>
				<misses>74100001</misses>
				<total>7</total>
				<timestamp>4407.048618</timestamp>
			</report>
			<report>
				<misses>74200001</misses>
				<total>7</total>
				<timestamp>4412.871606</timestamp>
			</report>
			<report>
				<misses>74300001</misses>
				<total>7</total>
				<timestamp>4418.693812</timestamp>
			</report>
			<report>
				<misses>74400001</misses>
				<total>7</total>
				<timestamp>4424.479150</timestamp>
			</report>
			<report>
				<misses>74500001</misses>
				<total>7</total>
				<timestamp>4430.416199</timestamp>
			</report>
			<report>
				<misses>74600001</misses>
				<total>7</total>
				<timestamp>4436.546986</timestamp>
			</report>
			<report>
				<misses>74700001</misses>
				<total>7</total>
				<timestamp>4442.600085</timestamp>
			</report>
			<report>
				<misses>74800001</misses>
				<total>7</total>
				<timestamp>4448.540303</timestamp>
			</report>
			<report>
				<misses>74900001</misses>
				<total>7</total>
				<timestamp>4454.226964</timestamp>
			</report>
			<report>
				<misses>75000001</misses>
				<total>7</total>
				<timestamp>4459.868851</timestamp>
			</report>
			<report>
				<misses>75100001</misses>
				<total>7</total>
				<timestamp>4465.658903</timestamp>
			</report>
			<report>
				<misses>75200001</misses>
				<total>7</total>
				<timestamp>4471.669478</timestamp>
			</report>
			<report>
				<misses>75300001</misses>
				<total>7</total>
				<timestamp>4477.308050</timestamp>
			</report>
			<report>
				<misses>75400001</misses>
				<total>7</total>
				<timestamp>4483.246040</timestamp>
			</report>
			<report>
				<misses>75500001</misses>
				<total>7</total>
				<timestamp>4489.141049</timestamp>
			</report>
			<report>
				<misses>75600001</misses>
				<total>7</total>
				<timestamp>4495.138902</timestamp>
			</report>
			<report>
				<misses>75700001</misses>
				<total>7</total>
				<timestamp>4501.309875</timestamp>
			</report>
			<report>
				<misses>75800001</misses>
				<total>7</total>
				<timestamp>4507.482821</timestamp>
			</report>
			<report>
				<misses>75900001</misses>
				<total>7</total>
				<timestamp>4513.279887</timestamp>
			</report>
			<report>
				<misses>76000001</misses>
				<total>7</total>
				<timestamp>4519.297883</timestamp>
			</report>
			<report>
				<misses>76100001</misses>
				<total>7</total>
				<timestamp>4525.027304</timestamp>
			</report>
			<report>
				<misses>76200001</misses>
				<total>7</total>
				<timestamp>4530.966473</timestamp>
			</report>
			<report>
				<misses>76300001</misses>
				<total>7</total>
				<timestamp>4536.758478</timestamp>
			</report>
			<report>
				<misses>76400001</misses>
				<total>7</total>
				<timestamp>4542.471632</timestamp>
			</report>
			<report>
				<misses>76500001</misses>
				<total>7</total>
				<timestamp>4548.336293</timestamp>
			</report>
			<report>
				<misses>76600001</misses>
				<total>7</total>
				<timestamp>4554.424489</timestamp>
			</report>
			<report>
				<misses>76700001</misses>
				<total>7</total>
				<timestamp>4560.429214</timestamp>
			</report>
			<report>
				<misses>76800001</misses>
				<total>7</total>
				<timestamp>4566.422436</timestamp>
			</report>
			<report>
				<misses>76900001</misses>
				<total>7</total>
				<timestamp>4572.251427</timestamp>
			</report>
			<report>
				<misses>77000001</misses>
				<total>7</total>
				<timestamp>4578.145268</timestamp>
			</report>
			<report>
				<misses>77100001</misses>
				<total>7</total>
				<timestamp>4583.997079</timestamp>
			</report>
			<report>
				<misses>77200001</misses>
				<total>7</total>
				<timestamp>4589.950759</timestamp>
			</report>
			<report>
				<misses>77300001</misses>
				<total>7</total>
				<timestamp>4596.053395</timestamp>
			</report>
			<report>
				<misses>77400001</misses>
				<total>7</total>
				<timestamp>4602.167172</timestamp>
			</report>
			<report>
				<misses>77500001</misses>
				<total>7</total>
				<timestamp>4608.102272</timestamp>
			</report>
			<report>
				<misses>77600001</misses>
				<total>7</total>
				<timestamp>4614.127178</timestamp>
			</report>
			<report>
				<misses>77700001</misses>
				<total>7</total>
				<timestamp>4620.219133</timestamp>
			</report>
			<report>
				<misses>77800001</misses>
				<total>7</total>
				<timestamp>4626.156699</timestamp>
			</report>
			<report>
				<misses>77900001</misses>
				<total>7</total>
				<timestamp>4632.328079</timestamp>
			</report>
			<report>
				<misses>78000001</misses>
				<total>7</total>
				<timestamp>4638.572801</timestamp>
			</report>
			<report>
				<misses>78100001</misses>
				<total>7</total>
				<timestamp>4644.559423</timestamp>
			</report>
			<report>
				<misses>78200001</misses>
				<total>7</total>
				<timestamp>4650.427172</timestamp>
			</report>
			<report>
				<misses>78300001</misses>
				<total>7</total>
				<timestamp>4656.141877</timestamp>
			</report>
			<report>
				<misses>78400001</misses>
				<total>7</total>
				<timestamp>4662.148046</timestamp>
			</report>
			<report>
				<misses>78500001</misses>
				<total>7</total>
				<timestamp>4668.090674</timestamp>
			</report>
			<report>
				<misses>78600001</misses>
				<total>7</total>
				<timestamp>4674.259304</timestamp>
			</report>
			<report>
				<misses>78700001</misses>
				<total>7</total>
				<timestamp>4679.997693</timestamp>
			</report>
			<report>
				<misses>78800001</misses>
				<total>7</total>
				<timestamp>4685.860129</timestamp>
			</report>
			<report>
				<misses>78900001</misses>
				<total>7</total>
				<timestamp>4691.525270</timestamp>
			</report>
			<report>
				<misses>79000001</misses>
				<total>7</total>
				<timestamp>4697.538432</timestamp>
			</report>
			<report>
				<misses>79100001</misses>
				<total>7</total>
				<timestamp>4703.543740</timestamp>
			</report>
			<report>
				<misses>79200001</misses>
				<total>7</total>
				<timestamp>4709.213241</timestamp>
			</report>
			<report>
				<misses>79300001</misses>
				<total>7</total>
				<timestamp>4715.146121</timestamp>
			</report>
			<report>
				<misses>79400001</misses>
				<total>7</total>
				<timestamp>4721.109764</timestamp>
			</report>
			<report>
				<misses>79500001</misses>
				<total>7</total>
				<timestamp>4727.136466</timestamp>
			</report>
			<report>
				<misses>79600001</misses>
				<total>7</total>
				<timestamp>4733.360880</timestamp>
			</report>
			<report>
				<misses>79700001</misses>
				<total>7</total>
				<timestamp>4739.261139</timestamp>
			</report>
			<report>
				<misses>79800001</misses>
				<total>7</total>
				<timestamp>4745.428384</timestamp>
			</report>
			<report>
				<misses>79900001</misses>
				<total>7</total>
				<timestamp>4751.695479</timestamp>
			</report>
			<report>
				<misses>80000001</misses>
				<total>7</total>
				<timestamp>4757.722436</timestamp>
			</report>
			<report>
				<misses>80100001</misses>
				<total>7</total>
				<timestamp>4763.737006</timestamp>
			</report>
			<report>
				<misses>80200001</misses>
				<total>7</total>
				<timestamp>4769.671579</timestamp>
			</report>
			<report>
				<misses>80300001</misses>
				<total>7</total>
				<timestamp>4775.436615</timestamp>
			</report>
			<report>
				<misses>80400001</misses>
				<total>7</total>
				<timestamp>4781.203701</timestamp>
			</report>
			<report>
				<misses>80500001</misses>
				<total>7</total>
				<timestamp>4787.176675</timestamp>
			</report>
			<report>
				<misses>80600001</misses>
				<total>7</total>
				<timestamp>4793.413313</timestamp>
			</report>
			<report>
				<misses>80700001</misses>
				<total>7</total>
				<timestamp>4799.299694</timestamp>
			</report>
			<report>
				<misses>80800001</misses>
				<total>7</total>
				<timestamp>4805.176303</timestamp>
			</report>
			<report>
				<misses>80900001</misses>
				<total>7</total>
				<timestamp>4811.211018</timestamp>
			</report>
			<report>
				<misses>81000001</misses>
				<total>7</total>
				<timestamp>4817.064427</timestamp>
			</report>
			<report>
				<misses>81100001</misses>
				<total>7</total>
				<timestamp>4822.899587</timestamp>
			</report>
			<report>
				<misses>81200001</misses>
				<total>7</total>
				<timestamp>4828.830899</timestamp>
			</report>
			<report>
				<misses>81300001</misses>
				<total>7</total>
				<timestamp>4835.092043</timestamp>
			</report>
			<report>
				<misses>81400001</misses>
				<total>7</total>
				<timestamp>4840.952067</timestamp>
			</report>
			<report>
				<misses>81500001</misses>
				<total>7</total>
				<timestamp>4846.853884</timestamp>
			</report>
			<report>
				<misses>81600001</misses>
				<total>7</total>
				<timestamp>4852.630486</timestamp>
			</report>
			<report>
				<misses>81700001</misses>
				<total>7</total>
				<timestamp>4858.798588</timestamp>
			</report>
			<report>
				<misses>81800001</misses>
				<total>7</total>
				<timestamp>4864.632288</timestamp>
			</report>
			<report>
				<misses>81900001</misses>
				<total>7</total>
				<timestamp>4870.276759</timestamp>
			</report>
			<report>
				<misses>82000001</misses>
				<total>7</total>
				<timestamp>4876.272223</timestamp>
			</report>
			<report>
				<misses>82100001</misses>
				<total>7</total>
				<timestamp>4882.385309</timestamp>
			</report>
			<report>
				<misses>82200001</misses>
				<total>7</total>
				<timestamp>4888.658753</timestamp>
			</report>
			<report>
				<misses>82300001</misses>
				<total>7</total>
				<timestamp>4894.614234</timestamp>
			</report>
			<report>
				<misses>82400001</misses>
				<total>7</total>
				<timestamp>4900.548400</timestamp>
			</report>
			<report>
				<misses>82500001</misses>
				<total>7</total>
				<timestamp>4906.683358</timestamp>
			</report>
			<report>
				<misses>82600001</misses>
				<total>7</total>
				<timestamp>4912.844525</timestamp>
			</report>
			<report>
				<misses>82700001</misses>
				<total>7</total>
				<timestamp>4919.009996</timestamp>
			</report>
			<report>
				<misses>82800001</misses>
				<total>7</total>
				<timestamp>4925.123981</timestamp>
			</report>
			<report>
				<misses>82900001</misses>
				<total>7</total>
				<timestamp>4931.189601</timestamp>
			</report>
			<report>
				<misses>83000001</misses>
				<total>7</total>
				<timestamp>4937.129648</timestamp>
			</report>
			<report>
				<misses>83100001</misses>
				<total>7</total>
				<timestamp>4943.323361</timestamp>
			</report>
			<report>
				<misses>83200001</misses>
				<total>7</total>
				<timestamp>4949.402953</timestamp>
			</report>
			<report>
				<misses>83300001</misses>
				<total>7</total>
				<timestamp>4955.382654</timestamp>
			</report>
			<report>
				<misses>83400001</misses>
				<total>7</total>
				<timestamp>4961.439270</timestamp>
			</report>
			<report>
				<misses>83500001</misses>
				<total>7</total>
				<timestamp>4967.128522</timestamp>
			</report>
			<report>
				<misses>83600001</misses>
				<total>7</total>
				<timestamp>4973.218664</timestamp>
			</report>
			<report>
				<misses>83700001</misses>
				<total>7</total>
				<timestamp>4979.165452</timestamp>
			</report>
			<report>
				<misses>83800001</misses>
				<total>7</total>
				<timestamp>4985.100614</timestamp>
			</report>
			<report>
				<misses>83900001</misses>
				<total>7</total>
				<timestamp>4991.361437</timestamp>
			</report>
			<report>
				<misses>84000001</misses>
				<total>7</total>
				<timestamp>4997.628747</timestamp>
			</report>
			<report>
				<misses>84100001</misses>
				<total>7</total>
				<timestamp>5003.898053</timestamp>
			</report>
			<report>
				<misses>84200001</misses>
				<total>7</total>
				<timestamp>5010.166804</timestamp>
			</report>
			<report>
				<misses>84300001</misses>
				<total>7</total>
				<timestamp>5015.988831</timestamp>
			</report>
			<report>
				<misses>84400001</misses>
				<total>7</total>
				<timestamp>5021.754288</timestamp>
			</report>
			<report>
				<misses>84500001</misses>
				<total>7</total>
				<timestamp>5027.594855</timestamp>
			</report>
			<report>
				<misses>84600001</misses>
				<total>7</total>
				<timestamp>5033.547098</timestamp>
			</report>
			<report>
				<misses>84700001</misses>
				<total>7</total>
				<timestamp>5039.493287</timestamp>
			</report>
			<report>
				<misses>84800001</misses>
				<total>7</total>
				<timestamp>5045.534118</timestamp>
			</report>
			<report>
				<misses>84900001</misses>
				<total>7</total>
				<timestamp>5051.469022</timestamp>
			</report>
			<report>
				<misses>85000001</misses>
				<total>7</total>
				<timestamp>5057.433910</timestamp>
			</report>
			<report>
				<misses>85100001</misses>
				<total>7</total>
				<timestamp>5063.523047</timestamp>
			</report>
			<report>
				<misses>85200001</misses>
				<total>7</total>
				<timestamp>5069.650585</timestamp>
			</report>
			<report>
				<misses>85300001</misses>
				<total>7</total>
				<timestamp>5075.862707</timestamp>
			</report>
			<report>
				<misses>85400001</misses>
				<total>7</total>
				<timestamp>5082.020644</timestamp>
			</report>
			<report>
				<misses>85500001</misses>
				<total>7</total>
				<timestamp>5087.855597</timestamp>
			</report>
			<report>
				<misses>85600001</misses>
				<total>7</total>
				<timestamp>5093.903206</timestamp>
			</report>
			<report>
				<misses>85700001</misses>
				<total>7</total>
				<timestamp>5099.573343</timestamp>
			</report>
			<report>
				<misses>85800001</misses>
				<total>7</total>
				<timestamp>5105.429958</timestamp>
			</report>
			<report>
				<misses>85900001</misses>
				<total>7</total>
				<timestamp>5111.421017</timestamp>
			</report>
			<report>
				<misses>86000001</misses>
				<total>7</total>
				<timestamp>5117.304599</timestamp>
			</report>
			<report>
				<misses>86100001</misses>
				<total>7</total>
				<timestamp>5123.287512</timestamp>
			</report>
			<report>
				<misses>86200001</misses>
				<total>7</total>
				<timestamp>5129.327935</timestamp>
			</report>
			<report>
				<misses>86300001</misses>
				<total>7</total>
				<timestamp>5135.446802</timestamp>
			</report>
			<report>
				<misses>86400001</misses>
				<total>7</total>
				<timestamp>5141.419597</timestamp>
			</report>
			<report>
				<misses>86500001</misses>
				<total>7</total>
				<timestamp>5147.339282</timestamp>
			</report>
			<report>
				<misses>86600001</misses>
				<total>7</total>
				<timestamp>5153.365803</timestamp>
			</report>
			<report>
				<misses>86700001</misses>
				<total>7</total>
				<timestamp>5159.533206</timestamp>
			</report>
			<report>
				<misses>86800001</misses>
				<total>7</total>
				<timestamp>5165.623027</timestamp>
			</report>
			<report>
				<misses>86900001</misses>
				<total>7</total>
				<timestamp>5171.725756</timestamp>
			</report>
			<report>
				<misses>87000001</misses>
				<total>7</total>
				<timestamp>5177.942641</timestamp>
			</report>
			<report>
				<misses>87100001</misses>
				<total>7</total>
				<timestamp>5183.797119</timestamp>
			</report>
			<report>
				<misses>87200001</misses>
				<total>7</total>
				<timestamp>5189.890244</timestamp>
			</report>
			<report>
				<misses>87300001</misses>
				<total>7</total>
				<timestamp>5195.909458</timestamp>
			</report>
			<report>
				<misses>87400001</misses>
				<total>7</total>
				<timestamp>5201.857217</timestamp>
			</report>
			<report>
				<misses>87500001</misses>
				<total>7</total>
				<timestamp>5207.844560</timestamp>
			</report>
			<report>
				<misses>87600001</misses>
				<total>7</total>
				<timestamp>5213.778856</timestamp>
			</report>
			<report>
				<misses>87700001</misses>
				<total>7</total>
				<timestamp>5219.979825</timestamp>
			</report>
			<report>
				<misses>87800001</misses>
				<total>7</total>
				<timestamp>5226.068704</timestamp>
			</report>
			<report>
				<misses>87900001</misses>
				<total>7</total>
				<timestamp>5232.198477</timestamp>
			</report>
			<report>
				<misses>88000001</misses>
				<total>7</total>
				<timestamp>5238.218146</timestamp>
			</report>
			<report>
				<misses>88100001</misses>
				<total>7</total>
				<timestamp>5244.324433</timestamp>
			</report>
			<report>
				<misses>88200001</misses>
				<total>7</total>
				<timestamp>5250.367156</timestamp>
			</report>
			<report>
				<misses>88300001</misses>
				<total>7</total>
				<timestamp>5256.219308</timestamp>
			</report>
			<report>
				<misses>88400001</misses>
				<total>7</total>
				<timestamp>5262.355303</timestamp>
			</report>
			<report>
				<misses>88500001</misses>
				<total>7</total>
				<timestamp>5268.398100</timestamp>
			</report>
			<report>
				<misses>88600001</misses>
				<total>7</total>
				<timestamp>5274.467772</timestamp>
			</report>
			<report>
				<misses>88700001</misses>
				<total>8</total>
				<timestamp>5280.680178</timestamp>
			</report>
			<report>
				<misses>88800001</misses>
				<total>8</total>
				<timestamp>5286.682452</timestamp>
			</report>
			<report>
				<misses>88900001</misses>
				<total>8</total>
				<timestamp>5292.344550</timestamp>
			</report>
			<report>
				<misses>89000001</misses>
				<total>8</total>
				<timestamp>5298.197087</timestamp>
			</report>
			<report>
				<misses>89100001</misses>
				<total>8</total>
				<timestamp>5304.111103</timestamp>
			</report>
			<report>
				<misses>89200001</misses>
				<total>8</total>
				<timestamp>5310.040743</timestamp>
			</report>
			<report>
				<misses>89300001</misses>
				<total>8</total>
				<timestamp>5315.972264</timestamp>
			</report>
			<report>
				<misses>89400001</misses>
				<total>8</total>
				<timestamp>5321.786312</timestamp>
			</report>
			<report>
				<misses>89500001</misses>
				<total>8</total>
				<timestamp>5327.757464</timestamp>
			</report>
			<report>
				<misses>89600001</misses>
				<total>8</total>
				<timestamp>5333.834314</timestamp>
			</report>
			<report>
				<misses>89700001</misses>
				<total>8</total>
				<timestamp>5339.880359</timestamp>
			</report>
			<report>
				<misses>89800001</misses>
				<total>8</total>
				<timestamp>5345.792270</timestamp>
			</report>
			<report>
				<misses>89900001</misses>
				<total>8</total>
				<timestamp>5352.030254</timestamp>
			</report>
			<report>
				<misses>90000001</misses>
				<total>8</total>
				<timestamp>5358.042785</timestamp>
			</report>
			<report>
				<misses>90100001</misses>
				<total>8</total>
				<timestamp>5364.102013</timestamp>
			</report>
			<report>
				<misses>90200001</misses>
				<total>8</total>
				<timestamp>5370.077443</timestamp>
			</report>
			<report>
				<misses>90300001</misses>
				<total>8</total>
				<timestamp>5376.053741</timestamp>
			</report>
			<report>
				<misses>90400001</misses>
				<total>8</total>
				<timestamp>5382.136146</timestamp>
			</report>
			<report>
				<misses>90500001</misses>
				<total>8</total>
				<timestamp>5388.089460</timestamp>
			</report>
			<report>
				<misses>90600001</misses>
				<total>8</total>
				<timestamp>5393.992677</timestamp>
			</report>
			<report>
				<misses>90700001</misses>
				<total>8</total>
				<timestamp>5399.948477</timestamp>
			</report>
			<report>
				<misses>90800001</misses>
				<total>8</total>
				<timestamp>5405.617129</timestamp>
			</report>
			<report>
				<misses>90900001</misses>
				<total>8</total>
				<timestamp>5411.418441</timestamp>
			</report>
			<report>
				<misses>91000001</misses>
				<total>8</total>
				<timestamp>5416.966135</timestamp>
			</report>
			<report>
				<misses>91100001</misses>
				<total>8</total>
				<timestamp>5422.784730</timestamp>
			</report>
			<report>
				<misses>91200001</misses>
				<total>8</total>
				<timestamp>5428.469685</timestamp>
			</report>
			<report>
				<misses>91300001</misses>
				<total>8</total>
				<timestamp>5434.666296</timestamp>
			</report>
			<report>
				<misses>91400001</misses>
				<total>8</total>
				<timestamp>5440.750300</timestamp>
			</report>
			<report>
				<misses>91500001</misses>
				<total>8</total>
				<timestamp>5446.631427</timestamp>
			</report>
			<report>
				<misses>91600001</misses>
				<total>8</total>
				<timestamp>5452.369660</timestamp>
			</report>
			<report>
				<misses>91700001</misses>
				<total>8</total>
				<timestamp>5458.185823</timestamp>
			</report>
			<report>
				<misses>91800001</misses>
				<total>8</total>
				<timestamp>5464.001196</timestamp>
			</report>
			<report>
				<misses>91900001</misses>
				<total>8</total>
				<timestamp>5470.085264</timestamp>
			</report>
			<report>
				<misses>92000001</misses>
				<total>8</total>
				<timestamp>5476.091645</timestamp>
			</report>
			<report>
				<misses>92100001</misses>
				<total>8</total>
				<timestamp>5482.089603</timestamp>
			</report>
			<report>
				<misses>92200001</misses>
				<total>8</total>
				<timestamp>5488.039023</timestamp>
			</report>
			<report>
				<misses>92300001</misses>
				<total>8</total>
				<timestamp>5494.112799</timestamp>
			</report>
			<report>
				<misses>92400001</misses>
				<total>9</total>
				<timestamp>5500.108139</timestamp>
			</report>
			<report>
				<misses>92500001</misses>
				<total>9</total>
				<timestamp>5506.075560</timestamp>
			</report>
			<report>
				<misses>92600001</misses>
				<total>9</total>
				<timestamp>5511.663617</timestamp>
			</report>
			<report>
				<misses>92700001</misses>
				<total>9</total>
				<timestamp>5517.331101</timestamp>
			</report>
			<report>
				<misses>92800001</misses>
				<total>9</total>
				<timestamp>5523.189420</timestamp>
			</report>
			<report>
				<misses>92900001</misses>
				<total>9</total>
				<timestamp>5528.932482</timestamp>
			</report>
			<report>
				<misses>93000001</misses>
				<total>9</total>
				<timestamp>5534.955823</timestamp>
			</report>
			<report>
				<misses>93100001</misses>
				<total>9</total>
				<timestamp>5540.853021</timestamp>
			</report>
			<report>
				<misses>93200001</misses>
				<total>10</total>
				<timestamp>5546.652232</timestamp>
			</report>
			<report>
				<misses>93300001</misses>
				<total>10</total>
				<timestamp>5552.605287</timestamp>
			</report>
			<report>
				<misses>93400001</misses>
				<total>10</total>
				<timestamp>5558.644904</timestamp>
			</report>
			<report>
				<misses>93500001</misses>
				<total>10</total>
				<timestamp>5564.854693</timestamp>
			</report>
			<report>
				<misses>93600001</misses>
				<total>10</total>
				<timestamp>5570.853850</timestamp>
			</report>
			<report>
				<misses>93700001</misses>
				<total>10</total>
				<timestamp>5576.882096</timestamp>
			</report>
			<report>
				<misses>93800001</misses>
				<total>10</total>
				<timestamp>5582.849323</timestamp>
			</report>
			<report>
				<misses>93900001</misses>
				<total>10</total>
				<timestamp>5588.939420</timestamp>
			</report>
			<report>
				<misses>94000001</misses>
				<total>10</total>
				<timestamp>5595.014465</timestamp>
			</report>
			<report>
				<misses>94100001</misses>
				<total>10</total>
				<timestamp>5601.088645</timestamp>
			</report>
			<report>
				<misses>94200001</misses>
				<total>10</total>
				<timestamp>5607.013908</timestamp>
			</report>
			<report>
				<misses>94300001</misses>
				<total>10</total>
				<timestamp>5613.010232</timestamp>
			</report>
			<report>
				<misses>94400001</misses>
				<total>10</total>
				<timestamp>5618.952030</timestamp>
			</report>
			<report>
				<misses>94500001</misses>
				<total>10</total>
				<timestamp>5624.996514</timestamp>
			</report>
			<report>
				<misses>94600001</misses>
				<total>10</total>
				<timestamp>5630.940640</timestamp>
			</report>
			<report>
				<misses>94700001</misses>
				<total>10</total>
				<timestamp>5637.018702</timestamp>
			</report>
			<report>
				<misses>94800001</misses>
				<total>10</total>
				<timestamp>5642.767289</timestamp>
			</report>
			<report>
				<misses>94900001</misses>
				<total>10</total>
				<timestamp>5648.599154</timestamp>
			</report>
			<report>
				<misses>95000001</misses>
				<total>10</total>
				<timestamp>5654.308067</timestamp>
			</report>
			<report>
				<misses>95100001</misses>
				<total>10</total>
				<timestamp>5660.161420</timestamp>
			</report>
			<report>
				<misses>95200001</misses>
				<total>10</total>
				<timestamp>5666.241745</timestamp>
			</report>
			<report>
				<misses>95300001</misses>
				<total>10</total>
				<timestamp>5672.214448</timestamp>
			</report>
			<report>
				<misses>95400001</misses>
				<total>10</total>
				<timestamp>5678.113470</timestamp>
			</report>
			<report>
				<misses>95500001</misses>
				<total>10</total>
				<timestamp>5683.788534</timestamp>
			</report>
			<report>
				<misses>95600001</misses>
				<total>10</total>
				<timestamp>5689.906529</timestamp>
			</report>
			<report>
				<misses>95700001</misses>
				<total>10</total>
				<timestamp>5695.784755</timestamp>
			</report>
			<report>
				<misses>95800001</misses>
				<total>10</total>
				<timestamp>5701.686688</timestamp>
			</report>
			<report>
				<misses>95900001</misses>
				<total>10</total>
				<timestamp>5707.537329</timestamp>
			</report>
			<report>
				<misses>96000001</misses>
				<total>10</total>
				<timestamp>5713.407319</timestamp>
			</report>
			<report>
				<misses>96100001</misses>
				<total>10</total>
				<timestamp>5719.380030</timestamp>
			</report>
			<report>
				<misses>96200001</misses>
				<total>10</total>
				<timestamp>5725.338670</timestamp>
			</report>
			<report>
				<misses>96300001</misses>
				<total>10</total>
				<timestamp>5731.174787</timestamp>
			</report>
			<report>
				<misses>96400001</misses>
				<total>10</total>
				<timestamp>5736.898001</timestamp>
			</report>
			<report>
				<misses>96500001</misses>
				<total>10</total>
				<timestamp>5742.842528</timestamp>
			</report>
			<report>
				<misses>96600001</misses>
				<total>10</total>
				<timestamp>5748.552405</timestamp>
			</report>
			<report>
				<misses>96700001</misses>
				<total>10</total>
				<timestamp>5754.638094</timestamp>
			</report>
			<report>
				<misses>96800001</misses>
				<total>10</total>
				<timestamp>5760.733880</timestamp>
			</report>
			<report>
				<misses>96900001</misses>
				<total>10</total>
				<timestamp>5766.601489</timestamp>
			</report>
			<report>
				<misses>97000001</misses>
				<total>10</total>
				<timestamp>5772.478482</timestamp>
			</report>
			<report>
				<misses>97100001</misses>
				<total>10</total>
				<timestamp>5778.462513</timestamp>
			</report>
			<report>
				<misses>97200001</misses>
				<total>10</total>
				<timestamp>5784.396973</timestamp>
			</report>
			<report>
				<misses>97300001</misses>
				<total>10</total>
				<timestamp>5790.282951</timestamp>
			</report>
			<report>
				<misses>97400001</misses>
				<total>10</total>
				<timestamp>5796.299381</timestamp>
			</report>
			<report>
				<misses>97500001</misses>
				<total>10</total>
				<timestamp>5802.050853</timestamp>
			</report>
			<report>
				<misses>97600001</misses>
				<total>10</total>
				<timestamp>5807.931773</timestamp>
			</report>
			<report>
				<misses>97700001</misses>
				<total>10</total>
				<timestamp>5813.924949</timestamp>
			</report>
			<report>
				<misses>97800001</misses>
				<total>10</total>
				<timestamp>5819.861842</timestamp>
			</report>
			<report>
				<misses>97900001</misses>
				<total>10</total>
				<timestamp>5825.922725</timestamp>
			</report>
			<report>
				<misses>98000001</misses>
				<total>10</total>
				<timestamp>5831.970160</timestamp>
			</report>
			<report>
				<misses>98100001</misses>
				<total>11</total>
				<timestamp>5838.227031</timestamp>
			</report>
			<report>
				<misses>98200001</misses>
				<total>11</total>
				<timestamp>5844.219561</timestamp>
			</report>
			<report>
				<misses>98300001</misses>
				<total>11</total>
				<timestamp>5849.840855</timestamp>
			</report>
			<report>
				<misses>98400001</misses>
				<total>11</total>
				<timestamp>5855.810420</timestamp>
			</report>
			<report>
				<misses>98500001</misses>
				<total>11</total>
				<timestamp>5861.724867</timestamp>
			</report>
			<report>
				<misses>98600001</misses>
				<total>11</total>
				<timestamp>5867.775631</timestamp>
			</report>
			<report>
				<misses>98700001</misses>
				<total>11</total>
				<timestamp>5873.397856</timestamp>
			</report>
			<report>
				<misses>98800001</misses>
				<total>11</total>
				<timestamp>5879.245209</timestamp>
			</report>
			<report>
				<misses>98900001</misses>
				<total>11</total>
				<timestamp>5885.313784</timestamp>
			</report>
			<report>
				<misses>99000001</misses>
				<total>11</total>
				<timestamp>5891.204289</timestamp>
			</report>
			<report>
				<misses>99100001</misses>
				<total>11</total>
				<timestamp>5897.339785</timestamp>
			</report>
			<report>
				<misses>99200001</misses>
				<total>11</total>
				<timestamp>5903.571332</timestamp>
			</report>
			<report>
				<misses>99300001</misses>
				<total>11</total>
				<timestamp>5909.432294</timestamp>
			</report>
			<report>
				<misses>99400001</misses>
				<total>11</total>
				<timestamp>5915.257421</timestamp>
			</report>
			<report>
				<misses>99500001</misses>
				<total>11</total>
				<timestamp>5921.350555</timestamp>
			</report>
			<report>
				<misses>99600001</misses>
				<total>11</total>
				<timestamp>5927.065024</timestamp>
			</report>
			<report>
				<misses>99700001</misses>
				<total>11</total>
				<timestamp>5933.162860</timestamp>
			</report>
			<report>
				<misses>99800001</misses>
				<total>11</total>
				<timestamp>5939.055721</timestamp>
			</report>
			<report>
				<misses>99900001</misses>
				<total>11</total>
				<timestamp>5944.901506</timestamp>
			</report>
			<report>
				<misses>100000001</misses>
				<total>11</total>
				<timestamp>5950.637654</timestamp>
			</report>
			<report>
				<misses>100100001</misses>
				<total>11</total>
				<timestamp>5956.431818</timestamp>
			</report>
			<report>
				<misses>100200001</misses>
				<total>11</total>
				<timestamp>5962.456171</timestamp>
			</report>
			<report>
				<misses>100300001</misses>
				<total>11</total>
				<timestamp>5968.383733</timestamp>
			</report>
			<report>
				<misses>100400001</misses>
				<total>11</total>
				<timestamp>5974.326000</timestamp>
			</report>
			<report>
				<misses>100500001</misses>
				<total>11</total>
				<timestamp>5980.272149</timestamp>
			</report>
			<report>
				<misses>100600001</misses>
				<total>11</total>
				<timestamp>5986.175995</timestamp>
			</report>
			<report>
				<misses>100700001</misses>
				<total>11</total>
				<timestamp>5992.173706</timestamp>
			</report>
			<report>
				<misses>100800001</misses>
				<total>11</total>
				<timestamp>5997.734478</timestamp>
			</report>
			<report>
				<misses>100900001</misses>
				<total>11</total>
				<timestamp>6003.507168</timestamp>
			</report>
			<report>
				<misses>101000001</misses>
				<total>11</total>
				<timestamp>6009.260993</timestamp>
			</report>
			<report>
				<misses>101100001</misses>
				<total>11</total>
				<timestamp>6014.843182</timestamp>
			</report>
			<report>
				<misses>101200001</misses>
				<total>11</total>
				<timestamp>6020.630972</timestamp>
			</report>
			<report>
				<misses>101300001</misses>
				<total>11</total>
				<timestamp>6026.276519</timestamp>
			</report>
			<report>
				<misses>101400001</misses>
				<total>11</total>
				<timestamp>6032.157761</timestamp>
			</report>
			<report>
				<misses>101500001</misses>
				<total>11</total>
				<timestamp>6038.137437</timestamp>
			</report>
			<report>
				<misses>101600001</misses>
				<total>11</total>
				<timestamp>6043.910278</timestamp>
			</report>
			<report>
				<misses>101700001</misses>
				<total>11</total>
				<timestamp>6050.088671</timestamp>
			</report>
			<report>
				<misses>101800001</misses>
				<total>11</total>
				<timestamp>6056.073919</timestamp>
			</report>
			<report>
				<misses>101900001</misses>
				<total>11</total>
				<timestamp>6061.950559</timestamp>
			</report>
			<report>
				<misses>102000001</misses>
				<total>11</total>
				<timestamp>6067.776732</timestamp>
			</report>
			<report>
				<misses>102100001</misses>
				<total>11</total>
				<timestamp>6073.873346</timestamp>
			</report>
			<report>
				<misses>102200001</misses>
				<total>11</total>
				<timestamp>6079.725042</timestamp>
			</report>
			<report>
				<misses>102300001</misses>
				<total>11</total>
				<timestamp>6085.793433</timestamp>
			</report>
			<report>
				<misses>102400001</misses>
				<total>11</total>
				<timestamp>6091.852376</timestamp>
			</report>
			<report>
				<misses>102500001</misses>
				<total>11</total>
				<timestamp>6098.067852</timestamp>
			</report>
			<report>
				<misses>102600001</misses>
				<total>11</total>
				<timestamp>6104.087783</timestamp>
			</report>
			<report>
				<misses>102700001</misses>
				<total>11</total>
				<timestamp>6110.165350</timestamp>
			</report>
			<report>
				<misses>102800001</misses>
				<total>11</total>
				<timestamp>6116.187231</timestamp>
			</report>
			<report>
				<misses>102900001</misses>
				<total>11</total>
				<timestamp>6122.217907</timestamp>
			</report>
			<report>
				<misses>103000001</misses>
				<total>11</total>
				<timestamp>6128.234417</timestamp>
			</report>
			<report>
				<misses>103100001</misses>
				<total>11</total>
				<timestamp>6134.310427</timestamp>
			</report>
			<report>
				<misses>103200001</misses>
				<total>11</total>
				<timestamp>6140.193246</timestamp>
			</report>
			<report>
				<misses>103300001</misses>
				<total>11</total>
				<timestamp>6146.175883</timestamp>
			</report>
			<report>
				<misses>103400001</misses>
				<total>11</total>
				<timestamp>6152.242567</timestamp>
			</report>
			<report>
				<misses>103500001</misses>
				<total>11</total>
				<timestamp>6158.154791</timestamp>
			</report>
			<report>
				<misses>103600001</misses>
				<total>11</total>
				<timestamp>6164.073520</timestamp>
			</report>
			<report>
				<misses>103700001</misses>
				<total>11</total>
				<timestamp>6170.232388</timestamp>
			</report>
			<report>
				<misses>103800001</misses>
				<total>11</total>
				<timestamp>6176.245260</timestamp>
			</report>
			<report>
				<misses>103900001</misses>
				<total>11</total>
				<timestamp>6182.092834</timestamp>
			</report>
			<report>
				<misses>104000001</misses>
				<total>11</total>
				<timestamp>6188.076295</timestamp>
			</report>
			<report>
				<misses>104100001</misses>
				<total>11</total>
				<timestamp>6193.726652</timestamp>
			</report>
			<report>
				<misses>104200001</misses>
				<total>11</total>
				<timestamp>6199.603706</timestamp>
			</report>
			<report>
				<misses>104300001</misses>
				<total>11</total>
				<timestamp>6205.565842</timestamp>
			</report>
			<report>
				<misses>104400001</misses>
				<total>11</total>
				<timestamp>6211.191930</timestamp>
			</report>
			<report>
				<misses>104500001</misses>
				<total>11</total>
				<timestamp>6216.833852</timestamp>
			</report>
			<report>
				<misses>104600001</misses>
				<total>11</total>
				<timestamp>6222.510981</timestamp>
			</report>
			<report>
				<misses>104700001</misses>
				<total>11</total>
				<timestamp>6228.177199</timestamp>
			</report>
			<report>
				<misses>104800001</misses>
				<total>11</total>
				<timestamp>6234.161042</timestamp>
			</report>
			<report>
				<misses>104900001</misses>
				<total>11</total>
				<timestamp>6240.040097</timestamp>
			</report>
			<report>
				<misses>105000001</misses>
				<total>11</total>
				<timestamp>6245.783681</timestamp>
			</report>
			<report>
				<misses>105100001</misses>
				<total>11</total>
				<timestamp>6251.455148</timestamp>
			</report>
			<report>
				<misses>105200001</misses>
				<total>11</total>
				<timestamp>6257.349140</timestamp>
			</report>
			<report>
				<misses>105300001</misses>
				<total>11</total>
				<timestamp>6263.142554</timestamp>
			</report>
			<report>
				<misses>105400001</misses>
				<total>11</total>
				<timestamp>6268.913677</timestamp>
			</report>
			<report>
				<misses>105500001</misses>
				<total>11</total>
				<timestamp>6274.825036</timestamp>
			</report>
			<report>
				<misses>105600001</misses>
				<total>11</total>
				<timestamp>6280.838050</timestamp>
			</report>
			<report>
				<misses>105700001</misses>
				<total>11</total>
				<timestamp>6286.942532</timestamp>
			</report>
			<report>
				<misses>105800001</misses>
				<total>11</total>
				<timestamp>6292.820202</timestamp>
			</report>
			<report>
				<misses>105900001</misses>
				<total>11</total>
				<timestamp>6298.583822</timestamp>
			</report>
			<report>
				<misses>106000001</misses>
				<total>11</total>
				<timestamp>6304.449205</timestamp>
			</report>
			<report>
				<misses>106100001</misses>
				<total>11</total>
				<timestamp>6310.403593</timestamp>
			</report>
			<report>
				<misses>106200001</misses>
				<total>11</total>
				<timestamp>6316.520848</timestamp>
			</report>
			<report>
				<misses>106300001</misses>
				<total>11</total>
				<timestamp>6322.790639</timestamp>
			</report>
			<report>
				<misses>106400001</misses>
				<total>11</total>
				<timestamp>6328.882264</timestamp>
			</report>
			<report>
				<misses>106500001</misses>
				<total>11</total>
				<timestamp>6334.654715</timestamp>
			</report>
			<report>
				<misses>106600001</misses>
				<total>11</total>
				<timestamp>6340.610254</timestamp>
			</report>
			<report>
				<misses>106700001</misses>
				<total>11</total>
				<timestamp>6346.686479</timestamp>
			</report>
			<report>
				<misses>106800001</misses>
				<total>11</total>
				<timestamp>6352.787862</timestamp>
			</report>
			<report>
				<misses>106900001</misses>
				<total>11</total>
				<timestamp>6358.846607</timestamp>
			</report>
			<report>
				<misses>107000001</misses>
				<total>11</total>
				<timestamp>6364.939259</timestamp>
			</report>
			<report>
				<misses>107100001</misses>
				<total>11</total>
				<timestamp>6370.929421</timestamp>
			</report>
			<report>
				<misses>107200001</misses>
				<total>11</total>
				<timestamp>6377.003311</timestamp>
			</report>
			<report>
				<misses>107300001</misses>
				<total>11</total>
				<timestamp>6383.037661</timestamp>
			</report>
			<report>
				<misses>107400001</misses>
				<total>11</total>
				<timestamp>6389.061576</timestamp>
			</report>
			<report>
				<misses>107500001</misses>
				<total>11</total>
				<timestamp>6395.286594</timestamp>
			</report>
			<report>
				<misses>107600001</misses>
				<total>11</total>
				<timestamp>6401.496087</timestamp>
			</report>
			<report>
				<misses>107700001</misses>
				<total>11</total>
				<timestamp>6407.496280</timestamp>
			</report>
			<report>
				<misses>107800001</misses>
				<total>11</total>
				<timestamp>6413.571707</timestamp>
			</report>
			<report>
				<misses>107900001</misses>
				<total>11</total>
				<timestamp>6419.770914</timestamp>
			</report>
			<report>
				<misses>108000001</misses>
				<total>11</total>
				<timestamp>6425.969480</timestamp>
			</report>
			<report>
				<misses>108100001</misses>
				<total>11</total>
				<timestamp>6432.142449</timestamp>
			</report>
			<report>
				<misses>108200001</misses>
				<total>11</total>
				<timestamp>6438.348799</timestamp>
			</report>
			<report>
				<misses>108300001</misses>
				<total>11</total>
				<timestamp>6444.313882</timestamp>
			</report>
			<report>
				<misses>108400001</misses>
				<total>11</total>
				<timestamp>6450.301532</timestamp>
			</report>
			<report>
				<misses>108500001</misses>
				<total>11</total>
				<timestamp>6456.252337</timestamp>
			</report>
			<report>
				<misses>108600001</misses>
				<total>11</total>
				<timestamp>6462.328130</timestamp>
			</report>
			<report>
				<misses>108700001</misses>
				<total>11</total>
				<timestamp>6468.363839</timestamp>
			</report>
			<report>
				<misses>108800001</misses>
				<total>11</total>
				<timestamp>6474.116522</timestamp>
			</report>
			<report>
				<misses>108900001</misses>
				<total>11</total>
				<timestamp>6479.812381</timestamp>
			</report>
			<report>
				<misses>109000001</misses>
				<total>11</total>
				<timestamp>6485.645613</timestamp>
			</report>
			<report>
				<misses>109100001</misses>
				<total>11</total>
				<timestamp>6491.366139</timestamp>
			</report>
			<report>
				<misses>109200001</misses>
				<total>11</total>
				<timestamp>6497.160840</timestamp>
			</report>
			<report>
				<misses>109300001</misses>
				<total>11</total>
				<timestamp>6502.817060</timestamp>
			</report>
			<report>
				<misses>109400001</misses>
				<total>11</total>
				<timestamp>6508.791106</timestamp>
			</report>
			<report>
				<misses>109500001</misses>
				<total>11</total>
				<timestamp>6514.797837</timestamp>
			</report>
			<report>
				<misses>109600001</misses>
				<total>11</total>
				<timestamp>6520.544461</timestamp>
			</report>
			<report>
				<misses>109700001</misses>
				<total>11</total>
				<timestamp>6526.572147</timestamp>
			</report>
			<report>
				<misses>109800001</misses>
				<total>11</total>
				<timestamp>6532.552609</timestamp>
			</report>
			<report>
				<misses>109900001</misses>
				<total>11</total>
				<timestamp>6538.646093</timestamp>
			</report>
			<report>
				<misses>110000001</misses>
				<total>11</total>
				<timestamp>6544.640491</timestamp>
			</report>
			<report>
				<misses>110100001</misses>
				<total>11</total>
				<timestamp>6550.757648</timestamp>
			</report>
			<report>
				<misses>110200001</misses>
				<total>11</total>
				<timestamp>6556.827375</timestamp>
			</report>
			<report>
				<misses>110300001</misses>
				<total>11</total>
				<timestamp>6562.869923</timestamp>
			</report>
			<report>
				<misses>110400001</misses>
				<total>11</total>
				<timestamp>6568.768296</timestamp>
			</report>
			<report>
				<misses>110500001</misses>
				<total>11</total>
				<timestamp>6574.783276</timestamp>
			</report>
			<report>
				<misses>110600001</misses>
				<total>11</total>
				<timestamp>6580.810970</timestamp>
			</report>
			<report>
				<misses>110700001</misses>
				<total>11</total>
				<timestamp>6586.845148</timestamp>
			</report>
			<report>
				<misses>110800001</misses>
				<total>11</total>
				<timestamp>6592.818156</timestamp>
			</report>
			<report>
				<misses>110900001</misses>
				<total>11</total>
				<timestamp>6598.549886</timestamp>
			</report>
			<report>
				<misses>111000001</misses>
				<total>11</total>
				<timestamp>6604.089020</timestamp>
			</report>
			<report>
				<misses>111100001</misses>
				<total>11</total>
				<timestamp>6609.819367</timestamp>
			</report>
			<report>
				<misses>111200001</misses>
				<total>11</total>
				<timestamp>6615.493897</timestamp>
			</report>
			<report>
				<misses>111300001</misses>
				<total>11</total>
				<timestamp>6621.380881</timestamp>
			</report>
			<report>
				<misses>111400001</misses>
				<total>11</total>
				<timestamp>6627.169356</timestamp>
			</report>
			<report>
				<misses>111500001</misses>
				<total>11</total>
				<timestamp>6633.142592</timestamp>
			</report>
			<report>
				<misses>111600001</misses>
				<total>11</total>
				<timestamp>6639.316466</timestamp>
			</report>
			<report>
				<misses>111700001</misses>
				<total>11</total>
				<timestamp>6645.426985</timestamp>
			</report>
			<report>
				<misses>111800001</misses>
				<total>11</total>
				<timestamp>6651.507128</timestamp>
			</report>
			<report>
				<misses>111900001</misses>
				<total>11</total>
				<timestamp>6657.568114</timestamp>
			</report>
			<report>
				<misses>112000001</misses>
				<total>11</total>
				<timestamp>6663.573562</timestamp>
			</report>
			<report>
				<misses>112100001</misses>
				<total>11</total>
				<timestamp>6669.483081</timestamp>
			</report>
			<report>
				<misses>112200001</misses>
				<total>11</total>
				<timestamp>6675.416813</timestamp>
			</report>
			<report>
				<misses>112300001</misses>
				<total>11</total>
				<timestamp>6681.206179</timestamp>
			</report>
			<report>
				<misses>112400001</misses>
				<total>11</total>
				<timestamp>6686.817889</timestamp>
			</report>
			<report>
				<misses>112500001</misses>
				<total>11</total>
				<timestamp>6692.533223</timestamp>
			</report>
			<report>
				<misses>112600001</misses>
				<total>11</total>
				<timestamp>6698.793783</timestamp>
			</report>
			<report>
				<misses>112700001</misses>
				<total>11</total>
				<timestamp>6704.800043</timestamp>
			</report>
			<report>
				<misses>112800001</misses>
				<total>11</total>
				<timestamp>6710.776763</timestamp>
			</report>
			<report>
				<misses>112900001</misses>
				<total>11</total>
				<timestamp>6716.831453</timestamp>
			</report>
			<report>
				<misses>113000001</misses>
				<total>11</total>
				<timestamp>6722.937582</timestamp>
			</report>
			<report>
				<misses>113100001</misses>
				<total>11</total>
				<timestamp>6729.128131</timestamp>
			</report>
			<report>
				<misses>113200001</misses>
				<total>11</total>
				<timestamp>6735.273122</timestamp>
			</report>
			<report>
				<misses>113300001</misses>
				<total>11</total>
				<timestamp>6741.286893</timestamp>
			</report>
			<report>
				<misses>113400001</misses>
				<total>11</total>
				<timestamp>6747.365049</timestamp>
			</report>
			<report>
				<misses>113500001</misses>
				<total>11</total>
				<timestamp>6753.174599</timestamp>
			</report>
			<report>
				<misses>113600001</misses>
				<total>11</total>
				<timestamp>6759.245048</timestamp>
			</report>
			<report>
				<misses>113700001</misses>
				<total>11</total>
				<timestamp>6765.355599</timestamp>
			</report>
			<report>
				<misses>113800001</misses>
				<total>11</total>
				<timestamp>6771.138911</timestamp>
			</report>
			<report>
				<misses>113900001</misses>
				<total>11</total>
				<timestamp>6777.256791</timestamp>
			</report>
			<report>
				<misses>114000001</misses>
				<total>11</total>
				<timestamp>6783.396629</timestamp>
			</report>
			<report>
				<misses>114100001</misses>
				<total>11</total>
				<timestamp>6789.458395</timestamp>
			</report>
			<report>
				<misses>114200001</misses>
				<total>11</total>
				<timestamp>6795.607662</timestamp>
			</report>
			<report>
				<misses>114300001</misses>
				<total>11</total>
				<timestamp>6801.686974</timestamp>
			</report>
			<report>
				<misses>114400001</misses>
				<total>11</total>
				<timestamp>6807.737871</timestamp>
			</report>
			<report>
				<misses>114500001</misses>
				<total>11</total>
				<timestamp>6813.803647</timestamp>
			</report>
			<report>
				<misses>114600001</misses>
				<total>11</total>
				<timestamp>6819.744821</timestamp>
			</report>
			<report>
				<misses>114700001</misses>
				<total>11</total>
				<timestamp>6825.959470</timestamp>
			</report>
			<report>
				<misses>114800001</misses>
				<total>11</total>
				<timestamp>6831.929505</timestamp>
			</report>
			<report>
				<misses>114900001</misses>
				<total>11</total>
				<timestamp>6838.066809</timestamp>
			</report>
			<report>
				<misses>115000001</misses>
				<total>11</total>
				<timestamp>6844.062600</timestamp>
			</report>
			<report>
				<misses>115100001</misses>
				<total>11</total>
				<timestamp>6850.208414</timestamp>
			</report>
			<report>
				<misses>115200001</misses>
				<total>11</total>
				<timestamp>6856.144712</timestamp>
			</report>
			<report>
				<misses>115300001</misses>
				<total>11</total>
				<timestamp>6862.097596</timestamp>
			</report>
			<report>
				<misses>115400001</misses>
				<total>11</total>
				<timestamp>6868.258628</timestamp>
			</report>
			<report>
				<misses>115500001</misses>
				<total>11</total>
				<timestamp>6874.380036</timestamp>
			</report>
			<report>
				<misses>115600001</misses>
				<total>11</total>
				<timestamp>6880.393622</timestamp>
			</report>
			<report>
				<misses>115700001</misses>
				<total>11</total>
				<timestamp>6886.119987</timestamp>
			</report>
			<report>
				<misses>115800001</misses>
				<total>11</total>
				<timestamp>6891.903897</timestamp>
			</report>
			<report>
				<misses>115900001</misses>
				<total>11</total>
				<timestamp>6897.743983</timestamp>
			</report>
			<report>
				<misses>116000001</misses>
				<total>11</total>
				<timestamp>6903.577063</timestamp>
			</report>
			<report>
				<misses>116100001</misses>
				<total>11</total>
				<timestamp>6909.303056</timestamp>
			</report>
			<report>
				<misses>116200001</misses>
				<total>11</total>
				<timestamp>6915.165439</timestamp>
			</report>
			<report>
				<misses>116300001</misses>
				<total>11</total>
				<timestamp>6921.001773</timestamp>
			</report>
			<report>
				<misses>116400001</misses>
				<total>11</total>
				<timestamp>6926.907551</timestamp>
			</report>
			<report>
				<misses>116500001</misses>
				<total>11</total>
				<timestamp>6932.560329</timestamp>
			</report>
			<report>
				<misses>116600001</misses>
				<total>11</total>
				<timestamp>6938.457596</timestamp>
			</report>
			<report>
				<misses>116700001</misses>
				<total>11</total>
				<timestamp>6944.364200</timestamp>
			</report>
			<report>
				<misses>116800001</misses>
				<total>11</total>
				<timestamp>6950.169178</timestamp>
			</report>
			<report>
				<misses>116900001</misses>
				<total>11</total>
				<timestamp>6956.061257</timestamp>
			</report>
			<report>
				<misses>117000001</misses>
				<total>11</total>
				<timestamp>6961.968056</timestamp>
			</report>
			<report>
				<misses>117100001</misses>
				<total>11</total>
				<timestamp>6967.895843</timestamp>
			</report>
			<report>
				<misses>117200001</misses>
				<total>11</total>
				<timestamp>6973.765493</timestamp>
			</report>
			<report>
				<misses>117300001</misses>
				<total>11</total>
				<timestamp>6979.851673</timestamp>
			</report>
			<report>
				<misses>117400001</misses>
				<total>11</total>
				<timestamp>6985.790862</timestamp>
			</report>
			<report>
				<misses>117500001</misses>
				<total>11</total>
				<timestamp>6991.761966</timestamp>
			</report>
			<report>
				<misses>117600001</misses>
				<total>11</total>
				<timestamp>6997.808552</timestamp>
			</report>
			<report>
				<misses>117700001</misses>
				<total>11</total>
				<timestamp>7003.857397</timestamp>
			</report>
			<report>
				<misses>117800001</misses>
				<total>11</total>
				<timestamp>7009.771639</timestamp>
			</report>
			<report>
				<misses>117900001</misses>
				<total>11</total>
				<timestamp>7015.630201</timestamp>
			</report>
			<report>
				<misses>118000001</misses>
				<total>11</total>
				<timestamp>7021.670368</timestamp>
			</report>
			<report>
				<misses>118100001</misses>
				<total>11</total>
				<timestamp>7027.484055</timestamp>
			</report>
			<report>
				<misses>118200001</misses>
				<total>11</total>
				<timestamp>7033.455118</timestamp>
			</report>
			<report>
				<misses>118300001</misses>
				<total>11</total>
				<timestamp>7039.269344</timestamp>
			</report>
			<report>
				<misses>118400001</misses>
				<total>11</total>
				<timestamp>7045.304968</timestamp>
			</report>
			<report>
				<misses>118500001</misses>
				<total>11</total>
				<timestamp>7051.362519</timestamp>
			</report>
			<report>
				<misses>118600001</misses>
				<total>11</total>
				<timestamp>7057.436088</timestamp>
			</report>
			<report>
				<misses>118700001</misses>
				<total>11</total>
				<timestamp>7063.534813</timestamp>
			</report>
			<report>
				<misses>118800001</misses>
				<total>11</total>
				<timestamp>7069.697591</timestamp>
			</report>
			<report>
				<misses>118900001</misses>
				<total>11</total>
				<timestamp>7075.600081</timestamp>
			</report>
			<report>
				<misses>119000001</misses>
				<total>11</total>
				<timestamp>7081.696922</timestamp>
			</report>
			<report>
				<misses>119100001</misses>
				<total>11</total>
				<timestamp>7087.651627</timestamp>
			</report>
			<report>
				<misses>119200001</misses>
				<total>11</total>
				<timestamp>7093.729868</timestamp>
			</report>
			<report>
				<misses>119300001</misses>
				<total>11</total>
				<timestamp>7099.771108</timestamp>
			</report>
			<report>
				<misses>119400001</misses>
				<total>11</total>
				<timestamp>7106.002960</timestamp>
			</report>
			<report>
				<misses>119500001</misses>
				<total>11</total>
				<timestamp>7112.066757</timestamp>
			</report>
			<report>
				<misses>119600001</misses>
				<total>11</total>
				<timestamp>7117.941443</timestamp>
			</report>
			<report>
				<misses>119700001</misses>
				<total>11</total>
				<timestamp>7124.003315</timestamp>
			</report>
			<report>
				<misses>119800001</misses>
				<total>11</total>
				<timestamp>7129.947530</timestamp>
			</report>
			<report>
				<misses>119900001</misses>
				<total>11</total>
				<timestamp>7135.878215</timestamp>
			</report>
			<report>
				<misses>120000001</misses>
				<total>11</total>
				<timestamp>7141.986194</timestamp>
			</report>
			<report>
				<misses>120100001</misses>
				<total>11</total>
				<timestamp>7148.131852</timestamp>
			</report>
			<report>
				<misses>120200001</misses>
				<total>11</total>
				<timestamp>7154.311405</timestamp>
			</report>
			<report>
				<misses>120300001</misses>
				<total>11</total>
				<timestamp>7160.422269</timestamp>
			</report>
			<report>
				<misses>120400001</misses>
				<total>11</total>
				<timestamp>7166.638911</timestamp>
			</report>
			<report>
				<misses>120500001</misses>
				<total>11</total>
				<timestamp>7172.474821</timestamp>
			</report>
			<report>
				<misses>120600001</misses>
				<total>11</total>
				<timestamp>7178.414978</timestamp>
			</report>
			<report>
				<misses>120700001</misses>
				<total>11</total>
				<timestamp>7184.358422</timestamp>
			</report>
			<report>
				<misses>120800001</misses>
				<total>11</total>
				<timestamp>7190.273020</timestamp>
			</report>
			<report>
				<misses>120900001</misses>
				<total>11</total>
				<timestamp>7196.326618</timestamp>
			</report>
		</query>
	</custom>
	<ethtool_statistic>
		<rx_packets>
			<start>589532714</start>
			<end>1499676305</end>
		</rx_packets>
		<tx_packets>
			<start>1867367510</start>
			<end>2835029053</end>
		</tx_packets>
		<rx_dropped>
			<start>0</start>
			<end>0</end>
		</rx_dropped>
		<tx_dropped>
			<start>0</start>
			<end>0</end>
		</tx_dropped>
		<collisions>
			<start>0</start>
			<end>0</end>
		</collisions>
		<port_tx_errors>
			<start>0</start>
			<end>0</end>
		</port_tx_errors>
		<port_rx_dropped>
			<start>0</start>
			<end>0</end>
		</port_rx_dropped>
		<port_tx_dropped_link_down>
			<start>1</start>
			<end>1</end>
		</port_tx_dropped_link_down>
	</ethtool_statistic>
	<ip_statistic>
		<mtu>
			<start>9000</start>
			<end>9000</end>
		</mtu>
		<rx_bytes>
			<start>2678189211636</start>
			<end>10104935976586</end>
		</rx_bytes>
		<rx_packets>
			<start>589533021</start>
			<end>1499676305</end>
		</rx_packets>
		<rx_errors>
			<start>0</start>
			<end>0</end>
		</rx_errors>
		<rx_dropped>
			<start>0</start>
			<end>0</end>
		</rx_dropped>
		<rx_missed>
			<start>0</start>
			<end>0</end>
		</rx_missed>
		<rx_mcast>
			<start>24</start>
			<end>32</end>
		</rx_mcast>
		<tx_bytes>
			<start>7027006406846</start>
			<end>14923102158528</end>
		</tx_bytes>
		<tx_packets>
			<start>1867367510</start>
			<end>2835029053</end>
		</tx_packets>
		<tx_errors>
			<start>0</start>
			<end>0</end>
		</tx_errors>
		<tx_dropped>
			<start>0</start>
			<end>0</end>
		</tx_dropped>
		<tx_carrier>
			<start>0</start>
			<end>0</end>
		</tx_carrier>
		<tx_collisions>
			<start>0</start>
			<end>0</end>
		</tx_collisions>
	</ip_statistic>
	<netstat_statistic>
		<udp_pkg_rec>
			<start>1178318042</start>
			<end>1405196178</end>
		</udp_pkg_rec>
		<udp_pkg_snt>
			<start>3371523648</start>
			<end>3492523584</end>
		</udp_pkg_snt>
		<udp_rec_err>
			<start>0</start>
			<end>0</end>
		</udp_rec_err>
		<udp_rec_buf_err>
			<start>0</start>
			<end>0</end>
		</udp_rec_buf_err>
		<udp_snt_buf_err>
			<start>0</start>
			<end>0</end>
		</udp_snt_buf_err>
	</netstat_statistic>
</test_results>
