<?xml version="1.0"?>
<test_results>
	<status>STATUS_SUCCESS</status>
	<custom>
		<num_loss>1877730</num_loss>
		<num_total>2000001</num_total>
		<num_misses>480</num_misses>
		<elapsed_time>180.025391</elapsed_time>
		<query>
			<report>
				<misses>10000</misses>
				<total>2894</total>
			</report>
			<report>
				<misses>20000</misses>
				<total>12893</total>
			</report>
			<report>
				<misses>30000</misses>
				<total>22389</total>
			</report>
			<report>
				<misses>40000</misses>
				<total>32388</total>
			</report>
			<report>
				<misses>50000</misses>
				<total>42387</total>
			</report>
			<report>
				<misses>60000</misses>
				<total>52386</total>
			</report>
			<report>
				<misses>70000</misses>
				<total>62385</total>
			</report>
			<report>
				<misses>80000</misses>
				<total>72384</total>
			</report>
			<report>
				<misses>90000</misses>
				<total>82383</total>
			</report>
			<report>
				<misses>100000</misses>
				<total>92382</total>
			</report>
			<report>
				<misses>110000</misses>
				<total>102381</total>
			</report>
			<report>
				<misses>120000</misses>
				<total>112380</total>
			</report>
			<report>
				<misses>130000</misses>
				<total>122379</total>
			</report>
			<report>
				<misses>140000</misses>
				<total>132378</total>
			</report>
			<report>
				<misses>150000</misses>
				<total>142377</total>
			</report>
			<report>
				<misses>160000</misses>
				<total>152376</total>
			</report>
			<report>
				<misses>170000</misses>
				<total>162375</total>
			</report>
			<report>
				<misses>180000</misses>
				<total>172374</total>
			</report>
			<report>
				<misses>190000</misses>
				<total>182373</total>
			</report>
			<report>
				<misses>200000</misses>
				<total>192372</total>
			</report>
			<report>
				<misses>210000</misses>
				<total>202371</total>
			</report>
			<report>
				<misses>220000</misses>
				<total>212370</total>
			</report>
			<report>
				<misses>230000</misses>
				<total>222369</total>
			</report>
			<report>
				<misses>240000</misses>
				<total>232368</total>
			</report>
			<report>
				<misses>250000</misses>
				<total>242367</total>
			</report>
			<report>
				<misses>260000</misses>
				<total>252366</total>
			</report>
			<report>
				<misses>270000</misses>
				<total>262365</total>
			</report>
			<report>
				<misses>280000</misses>
				<total>272364</total>
			</report>
			<report>
				<misses>290000</misses>
				<total>282363</total>
			</report>
			<report>
				<misses>300000</misses>
				<total>292362</total>
			</report>
			<report>
				<misses>310000</misses>
				<total>297676</total>
			</report>
			<report>
				<misses>320000</misses>
				<total>306858</total>
			</report>
			<report>
				<misses>330000</misses>
				<total>312862</total>
			</report>
			<report>
				<misses>340000</misses>
				<total>316372</total>
			</report>
			<report>
				<misses>350000</misses>
				<total>326371</total>
			</report>
			<report>
				<misses>360000</misses>
				<total>336370</total>
			</report>
			<report>
				<misses>370000</misses>
				<total>346369</total>
			</report>
			<report>
				<misses>380000</misses>
				<total>356368</total>
			</report>
			<report>
				<misses>390000</misses>
				<total>366367</total>
			</report>
			<report>
				<misses>400000</misses>
				<total>376366</total>
			</report>
			<report>
				<misses>410000</misses>
				<total>386365</total>
			</report>
			<report>
				<misses>420000</misses>
				<total>396364</total>
			</report>
			<report>
				<misses>430000</misses>
				<total>406363</total>
			</report>
			<report>
				<misses>440000</misses>
				<total>416362</total>
			</report>
			<report>
				<misses>450000</misses>
				<total>426361</total>
			</report>
			<report>
				<misses>460000</misses>
				<total>436360</total>
			</report>
			<report>
				<misses>470000</misses>
				<total>446359</total>
			</report>
			<report>
				<misses>480000</misses>
				<total>456358</total>
			</report>
			<report>
				<misses>490000</misses>
				<total>466357</total>
			</report>
			<report>
				<misses>500000</misses>
				<total>476356</total>
			</report>
			<report>
				<misses>510000</misses>
				<total>486355</total>
			</report>
			<report>
				<misses>520000</misses>
				<total>496354</total>
			</report>
			<report>
				<misses>530000</misses>
				<total>506353</total>
			</report>
			<report>
				<misses>540000</misses>
				<total>516352</total>
			</report>
			<report>
				<misses>550000</misses>
				<total>526351</total>
			</report>
			<report>
				<misses>560000</misses>
				<total>536350</total>
			</report>
			<report>
				<misses>570000</misses>
				<total>546349</total>
			</report>
			<report>
				<misses>580000</misses>
				<total>556348</total>
			</report>
			<report>
				<misses>590000</misses>
				<total>566347</total>
			</report>
			<report>
				<misses>600000</misses>
				<total>576346</total>
			</report>
			<report>
				<misses>610000</misses>
				<total>583310</total>
			</report>
			<report>
				<misses>620000</misses>
				<total>585967</total>
			</report>
			<report>
				<misses>630000</misses>
				<total>591324</total>
			</report>
			<report>
				<misses>640000</misses>
				<total>595612</total>
			</report>
			<report>
				<misses>650000</misses>
				<total>605611</total>
			</report>
			<report>
				<misses>660000</misses>
				<total>615610</total>
			</report>
			<report>
				<misses>670000</misses>
				<total>625609</total>
			</report>
			<report>
				<misses>680000</misses>
				<total>635608</total>
			</report>
			<report>
				<misses>690000</misses>
				<total>645607</total>
			</report>
			<report>
				<misses>700000</misses>
				<total>655606</total>
			</report>
			<report>
				<misses>710000</misses>
				<total>665605</total>
			</report>
			<report>
				<misses>720000</misses>
				<total>675604</total>
			</report>
			<report>
				<misses>730000</misses>
				<total>685603</total>
			</report>
			<report>
				<misses>740000</misses>
				<total>695602</total>
			</report>
			<report>
				<misses>750000</misses>
				<total>705601</total>
			</report>
			<report>
				<misses>760000</misses>
				<total>715600</total>
			</report>
			<report>
				<misses>770000</misses>
				<total>725599</total>
			</report>
			<report>
				<misses>780000</misses>
				<total>735598</total>
			</report>
			<report>
				<misses>790000</misses>
				<total>745597</total>
			</report>
			<report>
				<misses>800000</misses>
				<total>755596</total>
			</report>
			<report>
				<misses>810000</misses>
				<total>765595</total>
			</report>
			<report>
				<misses>820000</misses>
				<total>775594</total>
			</report>
			<report>
				<misses>830000</misses>
				<total>785593</total>
			</report>
			<report>
				<misses>840000</misses>
				<total>795592</total>
			</report>
			<report>
				<misses>850000</misses>
				<total>805591</total>
			</report>
			<report>
				<misses>860000</misses>
				<total>815590</total>
			</report>
			<report>
				<misses>870000</misses>
				<total>825589</total>
			</report>
			<report>
				<misses>880000</misses>
				<total>835588</total>
			</report>
			<report>
				<misses>890000</misses>
				<total>845587</total>
			</report>
			<report>
				<misses>900000</misses>
				<total>855586</total>
			</report>
			<report>
				<misses>910000</misses>
				<total>862595</total>
			</report>
			<report>
				<misses>920000</misses>
				<total>872041</total>
			</report>
			<report>
				<misses>930000</misses>
				<total>879441</total>
			</report>
			<report>
				<misses>940000</misses>
				<total>889440</total>
			</report>
			<report>
				<misses>950000</misses>
				<total>889787</total>
			</report>
			<report>
				<misses>960000</misses>
				<total>889788</total>
			</report>
			<report>
				<misses>970000</misses>
				<total>897636</total>
			</report>
			<report>
				<misses>980000</misses>
				<total>907635</total>
			</report>
			<report>
				<misses>990000</misses>
				<total>917634</total>
			</report>
			<report>
				<misses>1000000</misses>
				<total>927633</total>
			</report>
			<report>
				<misses>1010000</misses>
				<total>937632</total>
			</report>
			<report>
				<misses>1020000</misses>
				<total>947631</total>
			</report>
			<report>
				<misses>1030000</misses>
				<total>957630</total>
			</report>
			<report>
				<misses>1040000</misses>
				<total>967629</total>
			</report>
			<report>
				<misses>1050000</misses>
				<total>977628</total>
			</report>
			<report>
				<misses>1060000</misses>
				<total>987627</total>
			</report>
			<report>
				<misses>1070000</misses>
				<total>997626</total>
			</report>
			<report>
				<misses>1080000</misses>
				<total>1007625</total>
			</report>
			<report>
				<misses>1090000</misses>
				<total>1017624</total>
			</report>
			<report>
				<misses>1100000</misses>
				<total>1027623</total>
			</report>
			<report>
				<misses>1110000</misses>
				<total>1037622</total>
			</report>
			<report>
				<misses>1120000</misses>
				<total>1047621</total>
			</report>
			<report>
				<misses>1130000</misses>
				<total>1057620</total>
			</report>
			<report>
				<misses>1140000</misses>
				<total>1067619</total>
			</report>
			<report>
				<misses>1150000</misses>
				<total>1077618</total>
			</report>
			<report>
				<misses>1160000</misses>
				<total>1087617</total>
			</report>
			<report>
				<misses>1170000</misses>
				<total>1097616</total>
			</report>
			<report>
				<misses>1180000</misses>
				<total>1107615</total>
			</report>
			<report>
				<misses>1190000</misses>
				<total>1117614</total>
			</report>
			<report>
				<misses>1200000</misses>
				<total>1127613</total>
			</report>
			<report>
				<misses>1210000</misses>
				<total>1137612</total>
			</report>
			<report>
				<misses>1220000</misses>
				<total>1144436</total>
			</report>
			<report>
				<misses>1230000</misses>
				<total>1151477</total>
			</report>
			<report>
				<misses>1240000</misses>
				<total>1156670</total>
			</report>
			<report>
				<misses>1250000</misses>
				<total>1166669</total>
			</report>
			<report>
				<misses>1260000</misses>
				<total>1169322</total>
			</report>
			<report>
				<misses>1270000</misses>
				<total>1175692</total>
			</report>
			<report>
				<misses>1280000</misses>
				<total>1185691</total>
			</report>
			<report>
				<misses>1290000</misses>
				<total>1195690</total>
			</report>
			<report>
				<misses>1300000</misses>
				<total>1205689</total>
			</report>
			<report>
				<misses>1310000</misses>
				<total>1215688</total>
			</report>
			<report>
				<misses>1320000</misses>
				<total>1225687</total>
			</report>
			<report>
				<misses>1330000</misses>
				<total>1235686</total>
			</report>
			<report>
				<misses>1340000</misses>
				<total>1245685</total>
			</report>
			<report>
				<misses>1350000</misses>
				<total>1255684</total>
			</report>
			<report>
				<misses>1360000</misses>
				<total>1265683</total>
			</report>
			<report>
				<misses>1370000</misses>
				<total>1275682</total>
			</report>
			<report>
				<misses>1380000</misses>
				<total>1285681</total>
			</report>
			<report>
				<misses>1390000</misses>
				<total>1295680</total>
			</report>
			<report>
				<misses>1400000</misses>
				<total>1305679</total>
			</report>
			<report>
				<misses>1410000</misses>
				<total>1315678</total>
			</report>
			<report>
				<misses>1420000</misses>
				<total>1325677</total>
			</report>
			<report>
				<misses>1430000</misses>
				<total>1335676</total>
			</report>
			<report>
				<misses>1440000</misses>
				<total>1345675</total>
			</report>
			<report>
				<misses>1450000</misses>
				<total>1355674</total>
			</report>
			<report>
				<misses>1460000</misses>
				<total>1365673</total>
			</report>
			<report>
				<misses>1470000</misses>
				<total>1375672</total>
			</report>
			<report>
				<misses>1480000</misses>
				<total>1385671</total>
			</report>
			<report>
				<misses>1490000</misses>
				<total>1395670</total>
			</report>
			<report>
				<misses>1500000</misses>
				<total>1405669</total>
			</report>
			<report>
				<misses>1510000</misses>
				<total>1415668</total>
			</report>
			<report>
				<misses>1520000</misses>
				<total>1423938</total>
			</report>
			<report>
				<misses>1530000</misses>
				<total>1432737</total>
			</report>
			<report>
				<misses>1540000</misses>
				<total>1436987</total>
			</report>
			<report>
				<misses>1550000</misses>
				<total>1444922</total>
			</report>
			<report>
				<misses>1560000</misses>
				<total>1453631</total>
			</report>
			<report>
				<misses>1570000</misses>
				<total>1461668</total>
			</report>
			<report>
				<misses>1580000</misses>
				<total>1471667</total>
			</report>
			<report>
				<misses>1590000</misses>
				<total>1481666</total>
			</report>
			<report>
				<misses>1600000</misses>
				<total>1491665</total>
			</report>
			<report>
				<misses>1610000</misses>
				<total>1501664</total>
			</report>
			<report>
				<misses>1620000</misses>
				<total>1511663</total>
			</report>
			<report>
				<misses>1630000</misses>
				<total>1521662</total>
			</report>
			<report>
				<misses>1640000</misses>
				<total>1531661</total>
			</report>
			<report>
				<misses>1650000</misses>
				<total>1541660</total>
			</report>
			<report>
				<misses>1660000</misses>
				<total>1551659</total>
			</report>
			<report>
				<misses>1670000</misses>
				<total>1561658</total>
			</report>
			<report>
				<misses>1680000</misses>
				<total>1571657</total>
			</report>
			<report>
				<misses>1690000</misses>
				<total>1581656</total>
			</report>
			<report>
				<misses>1700000</misses>
				<total>1591655</total>
			</report>
			<report>
				<misses>1710000</misses>
				<total>1601654</total>
			</report>
			<report>
				<misses>1720000</misses>
				<total>1611653</total>
			</report>
			<report>
				<misses>1730000</misses>
				<total>1621652</total>
			</report>
			<report>
				<misses>1740000</misses>
				<total>1631651</total>
			</report>
			<report>
				<misses>1750000</misses>
				<total>1641650</total>
			</report>
			<report>
				<misses>1760000</misses>
				<total>1651649</total>
			</report>
			<report>
				<misses>1770000</misses>
				<total>1661648</total>
			</report>
			<report>
				<misses>1780000</misses>
				<total>1671647</total>
			</report>
			<report>
				<misses>1790000</misses>
				<total>1681646</total>
			</report>
			<report>
				<misses>1800000</misses>
				<total>1691645</total>
			</report>
			<report>
				<misses>1810000</misses>
				<total>1701644</total>
			</report>
			<report>
				<misses>1820000</misses>
				<total>1709737</total>
			</report>
			<report>
				<misses>1830000</misses>
				<total>1717771</total>
			</report>
			<report>
				<misses>1840000</misses>
				<total>1727770</total>
			</report>
			<report>
				<misses>1850000</misses>
				<total>1733065</total>
			</report>
			<report>
				<misses>1860000</misses>
				<total>1739803</total>
			</report>
			<report>
				<misses>1870000</misses>
				<total>1747743</total>
			</report>
			<report>
				<misses>1880000</misses>
				<total>1757742</total>
			</report>
			<report>
				<misses>1890000</misses>
				<total>1767741</total>
			</report>
			<report>
				<misses>1900000</misses>
				<total>1777740</total>
			</report>
			<report>
				<misses>1910000</misses>
				<total>1787739</total>
			</report>
			<report>
				<misses>1920000</misses>
				<total>1797738</total>
			</report>
			<report>
				<misses>1930000</misses>
				<total>1807737</total>
			</report>
			<report>
				<misses>1940000</misses>
				<total>1817736</total>
			</report>
			<report>
				<misses>1950000</misses>
				<total>1827735</total>
			</report>
			<report>
				<misses>1960000</misses>
				<total>1837734</total>
			</report>
			<report>
				<misses>1970000</misses>
				<total>1847733</total>
			</report>
			<report>
				<misses>1980000</misses>
				<total>1857732</total>
			</report>
			<report>
				<misses>1990000</misses>
				<total>1867731</total>
			</report>
			<report>
				<misses>2000000</misses>
				<total>1877730</total>
			</report>
		</query>
	</custom>
	<ethtool_statistic>
		<rx_packets>
			<start>16954277346</start>
			<end>16962889116</end>
		</rx_packets>
		<tx_packets>
			<start>19771717225</start>
			<end>19792882768</end>
		</tx_packets>
		<rx_dropped>
			<start>63</start>
			<end>63</end>
		</rx_dropped>
		<tx_dropped>
			<start>0</start>
			<end>0</end>
		</tx_dropped>
		<collisions>
			<start>0</start>
			<end>0</end>
		</collisions>
		<port_tx_errors>
			<start>0</start>
			<end>0</end>
		</port_tx_errors>
		<port_rx_dropped>
			<start>0</start>
			<end>0</end>
		</port_rx_dropped>
		<port_tx_dropped_link_down>
			<start>0</start>
			<end>0</end>
		</port_tx_dropped_link_down>
	</ethtool_statistic>
	<ip_statistic>
		<mtu>
			<start>9000</start>
			<end>9000</end>
		</mtu>
		<rx_bytes>
			<start>152405867647226</start>
			<end>152483284071752</end>
		</rx_bytes>
		<rx_packets>
			<start>16954277430</start>
			<end>16962889173</end>
		</rx_packets>
		<rx_errors>
			<start>0</start>
			<end>0</end>
		</rx_errors>
		<rx_dropped>
			<start>69</start>
			<end>69</end>
		</rx_dropped>
		<rx_missed>
			<start>0</start>
			<end>0</end>
		</rx_missed>
		<rx_mcast>
			<start>12336</start>
			<end>12341</end>
		</rx_mcast>
		<tx_bytes>
			<start>134077038484026</start>
			<end>134254035793624</end>
		</tx_bytes>
		<tx_packets>
			<start>19771717257</start>
			<end>19792882818</end>
		</tx_packets>
		<tx_errors>
			<start>0</start>
			<end>0</end>
		</tx_errors>
		<tx_dropped>
			<start>0</start>
			<end>0</end>
		</tx_dropped>
		<tx_carrier>
			<start>0</start>
			<end>0</end>
		</tx_carrier>
		<tx_collisions>
			<start>0</start>
			<end>0</end>
		</tx_collisions>
	</ip_statistic>
	<netstat_statistic>
		<udp_pkg_rec>
			<start>16681808802</start>
			<end>16690025949</end>
		</udp_pkg_rec>
		<udp_pkg_snt>
			<start>16680537147</start>
			<end>16687704496</end>
		</udp_pkg_snt>
		<udp_rec_err>
			<start>274465629</start>
			<end>274860048</end>
		</udp_rec_err>
		<udp_rec_buf_err>
			<start>274465629</start>
			<end>274860048</end>
		</udp_rec_buf_err>
		<udp_snt_buf_err>
			<start>28</start>
			<end>28</end>
		</udp_snt_buf_err>
	</netstat_statistic>
</test_results>
