<?xml version="1.0"?>
<test_results>
	<status>STATUS_SUCCESS</status>
	<custom>
		<num_loss>128</num_loss>
		<num_total>5000001</num_total>
		<num_misses>18</num_misses>
		<elapsed_time>999.003811</elapsed_time>
		<query>
			<report>
				<misses>1001</misses>
				<total>1</total>
				<timestamp>0.199969</timestamp>
			</report>
			<report>
				<misses>2001</misses>
				<total>1</total>
				<timestamp>0.399813</timestamp>
			</report>
			<report>
				<misses>3001</misses>
				<total>1</total>
				<timestamp>0.599829</timestamp>
			</report>
			<report>
				<misses>4001</misses>
				<total>1</total>
				<timestamp>0.799575</timestamp>
			</report>
			<report>
				<misses>5001</misses>
				<total>0</total>
				<timestamp>0.999408</timestamp>
			</report>
			<report>
				<misses>6001</misses>
				<total>0</total>
				<timestamp>1.199261</timestamp>
			</report>
			<report>
				<misses>7001</misses>
				<total>1</total>
				<timestamp>1.399079</timestamp>
			</report>
			<report>
				<misses>8001</misses>
				<total>1</total>
				<timestamp>1.598802</timestamp>
			</report>
			<report>
				<misses>9001</misses>
				<total>1</total>
				<timestamp>1.798690</timestamp>
			</report>
			<report>
				<misses>10001</misses>
				<total>1</total>
				<timestamp>1.998487</timestamp>
			</report>
			<report>
				<misses>11001</misses>
				<total>0</total>
				<timestamp>2.198275</timestamp>
			</report>
			<report>
				<misses>12001</misses>
				<total>1</total>
				<timestamp>2.397960</timestamp>
			</report>
			<report>
				<misses>13001</misses>
				<total>1</total>
				<timestamp>2.597807</timestamp>
			</report>
			<report>
				<misses>14001</misses>
				<total>1</total>
				<timestamp>2.797580</timestamp>
			</report>
			<report>
				<misses>15001</misses>
				<total>1</total>
				<timestamp>2.997399</timestamp>
			</report>
			<report>
				<misses>16001</misses>
				<total>1</total>
				<timestamp>3.197232</timestamp>
			</report>
			<report>
				<misses>17001</misses>
				<total>1</total>
				<timestamp>3.396989</timestamp>
			</report>
			<report>
				<misses>18001</misses>
				<total>1</total>
				<timestamp>3.596784</timestamp>
			</report>
			<report>
				<misses>19001</misses>
				<total>1</total>
				<timestamp>3.796612</timestamp>
			</report>
			<report>
				<misses>20001</misses>
				<total>1</total>
				<timestamp>3.996364</timestamp>
			</report>
			<report>
				<misses>21001</misses>
				<total>1</total>
				<timestamp>4.196256</timestamp>
			</report>
			<report>
				<misses>22001</misses>
				<total>1</total>
				<timestamp>4.396020</timestamp>
			</report>
			<report>
				<misses>23001</misses>
				<total>1</total>
				<timestamp>4.595848</timestamp>
			</report>
			<report>
				<misses>24001</misses>
				<total>1</total>
				<timestamp>4.795835</timestamp>
			</report>
			<report>
				<misses>25001</misses>
				<total>1</total>
				<timestamp>4.995603</timestamp>
			</report>
			<report>
				<misses>26001</misses>
				<total>1</total>
				<timestamp>5.195371</timestamp>
			</report>
			<report>
				<misses>27001</misses>
				<total>1</total>
				<timestamp>5.395194</timestamp>
			</report>
			<report>
				<misses>28001</misses>
				<total>1</total>
				<timestamp>5.594967</timestamp>
			</report>
			<report>
				<misses>29001</misses>
				<total>1</total>
				<timestamp>5.794780</timestamp>
			</report>
			<report>
				<misses>30001</misses>
				<total>1</total>
				<timestamp>5.994779</timestamp>
			</report>
			<report>
				<misses>31001</misses>
				<total>0</total>
				<timestamp>6.194572</timestamp>
			</report>
			<report>
				<misses>32001</misses>
				<total>1</total>
				<timestamp>6.394374</timestamp>
			</report>
			<report>
				<misses>33001</misses>
				<total>1</total>
				<timestamp>6.594295</timestamp>
			</report>
			<report>
				<misses>34001</misses>
				<total>1</total>
				<timestamp>6.793996</timestamp>
			</report>
			<report>
				<misses>35001</misses>
				<total>1</total>
				<timestamp>6.993820</timestamp>
			</report>
			<report>
				<misses>36001</misses>
				<total>1</total>
				<timestamp>7.193804</timestamp>
			</report>
			<report>
				<misses>37001</misses>
				<total>1</total>
				<timestamp>7.393640</timestamp>
			</report>
			<report>
				<misses>38001</misses>
				<total>1</total>
				<timestamp>7.593368</timestamp>
			</report>
			<report>
				<misses>39001</misses>
				<total>1</total>
				<timestamp>7.793211</timestamp>
			</report>
			<report>
				<misses>40001</misses>
				<total>1</total>
				<timestamp>7.992969</timestamp>
			</report>
			<report>
				<misses>41001</misses>
				<total>1</total>
				<timestamp>8.192937</timestamp>
			</report>
			<report>
				<misses>42001</misses>
				<total>1</total>
				<timestamp>8.392924</timestamp>
			</report>
			<report>
				<misses>43001</misses>
				<total>1</total>
				<timestamp>8.592579</timestamp>
			</report>
			<report>
				<misses>44001</misses>
				<total>1</total>
				<timestamp>8.792376</timestamp>
			</report>
			<report>
				<misses>45001</misses>
				<total>1</total>
				<timestamp>8.992439</timestamp>
			</report>
			<report>
				<misses>46001</misses>
				<total>1</total>
				<timestamp>9.192198</timestamp>
			</report>
			<report>
				<misses>47001</misses>
				<total>1</total>
				<timestamp>9.391968</timestamp>
			</report>
			<report>
				<misses>48001</misses>
				<total>1</total>
				<timestamp>9.592013</timestamp>
			</report>
			<report>
				<misses>49001</misses>
				<total>1</total>
				<timestamp>9.791897</timestamp>
			</report>
			<report>
				<misses>50001</misses>
				<total>1</total>
				<timestamp>9.991677</timestamp>
			</report>
			<report>
				<misses>51001</misses>
				<total>1</total>
				<timestamp>10.191594</timestamp>
			</report>
			<report>
				<misses>52001</misses>
				<total>1</total>
				<timestamp>10.391374</timestamp>
			</report>
			<report>
				<misses>53001</misses>
				<total>1</total>
				<timestamp>10.591236</timestamp>
			</report>
			<report>
				<misses>54001</misses>
				<total>1</total>
				<timestamp>10.791061</timestamp>
			</report>
			<report>
				<misses>55001</misses>
				<total>1</total>
				<timestamp>10.990845</timestamp>
			</report>
			<report>
				<misses>56001</misses>
				<total>1</total>
				<timestamp>11.190577</timestamp>
			</report>
			<report>
				<misses>57001</misses>
				<total>0</total>
				<timestamp>11.390623</timestamp>
			</report>
			<report>
				<misses>58001</misses>
				<total>1</total>
				<timestamp>11.590382</timestamp>
			</report>
			<report>
				<misses>59001</misses>
				<total>1</total>
				<timestamp>11.790251</timestamp>
			</report>
			<report>
				<misses>60001</misses>
				<total>1</total>
				<timestamp>11.990192</timestamp>
			</report>
			<report>
				<misses>61001</misses>
				<total>1</total>
				<timestamp>12.190030</timestamp>
			</report>
			<report>
				<misses>62001</misses>
				<total>1</total>
				<timestamp>12.389826</timestamp>
			</report>
			<report>
				<misses>63001</misses>
				<total>1</total>
				<timestamp>12.589614</timestamp>
			</report>
			<report>
				<misses>64001</misses>
				<total>1</total>
				<timestamp>12.789420</timestamp>
			</report>
			<report>
				<misses>65001</misses>
				<total>1</total>
				<timestamp>12.989234</timestamp>
			</report>
			<report>
				<misses>66001</misses>
				<total>1</total>
				<timestamp>13.188987</timestamp>
			</report>
			<report>
				<misses>67001</misses>
				<total>1</total>
				<timestamp>13.388838</timestamp>
			</report>
			<report>
				<misses>68001</misses>
				<total>1</total>
				<timestamp>13.588577</timestamp>
			</report>
			<report>
				<misses>69001</misses>
				<total>1</total>
				<timestamp>13.788371</timestamp>
			</report>
			<report>
				<misses>70001</misses>
				<total>1</total>
				<timestamp>13.988240</timestamp>
			</report>
			<report>
				<misses>71001</misses>
				<total>1</total>
				<timestamp>14.188040</timestamp>
			</report>
			<report>
				<misses>72001</misses>
				<total>0</total>
				<timestamp>14.387870</timestamp>
			</report>
			<report>
				<misses>73001</misses>
				<total>1</total>
				<timestamp>14.587624</timestamp>
			</report>
			<report>
				<misses>74001</misses>
				<total>1</total>
				<timestamp>14.787427</timestamp>
			</report>
			<report>
				<misses>75001</misses>
				<total>1</total>
				<timestamp>14.987198</timestamp>
			</report>
			<report>
				<misses>76001</misses>
				<total>0</total>
				<timestamp>15.187035</timestamp>
			</report>
			<report>
				<misses>77001</misses>
				<total>1</total>
				<timestamp>15.386810</timestamp>
			</report>
			<report>
				<misses>78001</misses>
				<total>1</total>
				<timestamp>15.586603</timestamp>
			</report>
			<report>
				<misses>79001</misses>
				<total>1</total>
				<timestamp>15.786372</timestamp>
			</report>
			<report>
				<misses>80001</misses>
				<total>1</total>
				<timestamp>15.986246</timestamp>
			</report>
			<report>
				<misses>81001</misses>
				<total>1</total>
				<timestamp>16.185978</timestamp>
			</report>
			<report>
				<misses>82001</misses>
				<total>1</total>
				<timestamp>16.385838</timestamp>
			</report>
			<report>
				<misses>83001</misses>
				<total>1</total>
				<timestamp>16.585565</timestamp>
			</report>
			<report>
				<misses>84001</misses>
				<total>1</total>
				<timestamp>16.785414</timestamp>
			</report>
			<report>
				<misses>85001</misses>
				<total>1</total>
				<timestamp>16.985201</timestamp>
			</report>
			<report>
				<misses>86001</misses>
				<total>0</total>
				<timestamp>17.184978</timestamp>
			</report>
			<report>
				<misses>87001</misses>
				<total>0</total>
				<timestamp>17.384801</timestamp>
			</report>
			<report>
				<misses>88001</misses>
				<total>1</total>
				<timestamp>17.584594</timestamp>
			</report>
			<report>
				<misses>89001</misses>
				<total>1</total>
				<timestamp>17.784365</timestamp>
			</report>
			<report>
				<misses>90001</misses>
				<total>1</total>
				<timestamp>17.984218</timestamp>
			</report>
			<report>
				<misses>91001</misses>
				<total>1</total>
				<timestamp>18.183990</timestamp>
			</report>
			<report>
				<misses>92001</misses>
				<total>1</total>
				<timestamp>18.383826</timestamp>
			</report>
			<report>
				<misses>93001</misses>
				<total>1</total>
				<timestamp>18.583585</timestamp>
			</report>
			<report>
				<misses>94001</misses>
				<total>1</total>
				<timestamp>18.783412</timestamp>
			</report>
			<report>
				<misses>95001</misses>
				<total>1</total>
				<timestamp>18.983247</timestamp>
			</report>
			<report>
				<misses>96001</misses>
				<total>1</total>
				<timestamp>19.182986</timestamp>
			</report>
			<report>
				<misses>97001</misses>
				<total>1</total>
				<timestamp>19.382878</timestamp>
			</report>
			<report>
				<misses>98001</misses>
				<total>1</total>
				<timestamp>19.582708</timestamp>
			</report>
			<report>
				<misses>99001</misses>
				<total>1</total>
				<timestamp>19.782438</timestamp>
			</report>
			<report>
				<misses>100001</misses>
				<total>1</total>
				<timestamp>19.982222</timestamp>
			</report>
			<report>
				<misses>101001</misses>
				<total>1</total>
				<timestamp>20.181959</timestamp>
			</report>
			<report>
				<misses>102001</misses>
				<total>0</total>
				<timestamp>20.381780</timestamp>
			</report>
			<report>
				<misses>103001</misses>
				<total>1</total>
				<timestamp>20.581570</timestamp>
			</report>
			<report>
				<misses>104001</misses>
				<total>1</total>
				<timestamp>20.781446</timestamp>
			</report>
			<report>
				<misses>105001</misses>
				<total>1</total>
				<timestamp>20.981240</timestamp>
			</report>
			<report>
				<misses>106001</misses>
				<total>1</total>
				<timestamp>21.181046</timestamp>
			</report>
			<report>
				<misses>107001</misses>
				<total>1</total>
				<timestamp>21.380890</timestamp>
			</report>
			<report>
				<misses>108001</misses>
				<total>1</total>
				<timestamp>21.580807</timestamp>
			</report>
			<report>
				<misses>109001</misses>
				<total>1</total>
				<timestamp>21.780560</timestamp>
			</report>
			<report>
				<misses>110001</misses>
				<total>1</total>
				<timestamp>21.980362</timestamp>
			</report>
			<report>
				<misses>111001</misses>
				<total>1</total>
				<timestamp>22.180235</timestamp>
			</report>
			<report>
				<misses>112001</misses>
				<total>1</total>
				<timestamp>22.379983</timestamp>
			</report>
			<report>
				<misses>113001</misses>
				<total>0</total>
				<timestamp>22.579849</timestamp>
			</report>
			<report>
				<misses>114001</misses>
				<total>1</total>
				<timestamp>22.779566</timestamp>
			</report>
			<report>
				<misses>115001</misses>
				<total>1</total>
				<timestamp>22.979365</timestamp>
			</report>
			<report>
				<misses>116001</misses>
				<total>1</total>
				<timestamp>23.179232</timestamp>
			</report>
			<report>
				<misses>117001</misses>
				<total>1</total>
				<timestamp>23.379316</timestamp>
			</report>
			<report>
				<misses>118001</misses>
				<total>0</total>
				<timestamp>23.578977</timestamp>
			</report>
			<report>
				<misses>119001</misses>
				<total>1</total>
				<timestamp>23.778786</timestamp>
			</report>
			<report>
				<misses>120001</misses>
				<total>1</total>
				<timestamp>23.978578</timestamp>
			</report>
			<report>
				<misses>121001</misses>
				<total>1</total>
				<timestamp>24.178364</timestamp>
			</report>
			<report>
				<misses>122001</misses>
				<total>1</total>
				<timestamp>24.378218</timestamp>
			</report>
			<report>
				<misses>123001</misses>
				<total>1</total>
				<timestamp>24.578230</timestamp>
			</report>
			<report>
				<misses>124001</misses>
				<total>1</total>
				<timestamp>24.778022</timestamp>
			</report>
			<report>
				<misses>125001</misses>
				<total>1</total>
				<timestamp>24.977800</timestamp>
			</report>
			<report>
				<misses>126001</misses>
				<total>1</total>
				<timestamp>25.177668</timestamp>
			</report>
			<report>
				<misses>127001</misses>
				<total>3</total>
				<timestamp>25.377407</timestamp>
			</report>
			<report>
				<misses>128001</misses>
				<total>3</total>
				<timestamp>25.577319</timestamp>
			</report>
			<report>
				<misses>129001</misses>
				<total>3</total>
				<timestamp>25.776986</timestamp>
			</report>
			<report>
				<misses>130001</misses>
				<total>3</total>
				<timestamp>25.976824</timestamp>
			</report>
			<report>
				<misses>131001</misses>
				<total>3</total>
				<timestamp>26.176610</timestamp>
			</report>
			<report>
				<misses>132001</misses>
				<total>3</total>
				<timestamp>26.376405</timestamp>
			</report>
			<report>
				<misses>133001</misses>
				<total>3</total>
				<timestamp>26.576284</timestamp>
			</report>
			<report>
				<misses>134001</misses>
				<total>3</total>
				<timestamp>26.776065</timestamp>
			</report>
			<report>
				<misses>135001</misses>
				<total>3</total>
				<timestamp>26.976073</timestamp>
			</report>
			<report>
				<misses>136001</misses>
				<total>3</total>
				<timestamp>27.175770</timestamp>
			</report>
			<report>
				<misses>137001</misses>
				<total>3</total>
				<timestamp>27.375591</timestamp>
			</report>
			<report>
				<misses>138001</misses>
				<total>3</total>
				<timestamp>27.575434</timestamp>
			</report>
			<report>
				<misses>139001</misses>
				<total>3</total>
				<timestamp>27.775233</timestamp>
			</report>
			<report>
				<misses>140001</misses>
				<total>3</total>
				<timestamp>27.975019</timestamp>
			</report>
			<report>
				<misses>141001</misses>
				<total>3</total>
				<timestamp>28.174801</timestamp>
			</report>
			<report>
				<misses>142001</misses>
				<total>3</total>
				<timestamp>28.374603</timestamp>
			</report>
			<report>
				<misses>143001</misses>
				<total>3</total>
				<timestamp>28.574374</timestamp>
			</report>
			<report>
				<misses>144001</misses>
				<total>3</total>
				<timestamp>28.774228</timestamp>
			</report>
			<report>
				<misses>145001</misses>
				<total>3</total>
				<timestamp>28.974008</timestamp>
			</report>
			<report>
				<misses>146001</misses>
				<total>3</total>
				<timestamp>29.173916</timestamp>
			</report>
			<report>
				<misses>147001</misses>
				<total>3</total>
				<timestamp>29.373641</timestamp>
			</report>
			<report>
				<misses>148001</misses>
				<total>3</total>
				<timestamp>29.573391</timestamp>
			</report>
			<report>
				<misses>149001</misses>
				<total>2</total>
				<timestamp>29.773205</timestamp>
			</report>
			<report>
				<misses>150001</misses>
				<total>4</total>
				<timestamp>29.972991</timestamp>
			</report>
			<report>
				<misses>151001</misses>
				<total>3</total>
				<timestamp>30.172795</timestamp>
			</report>
			<report>
				<misses>152001</misses>
				<total>3</total>
				<timestamp>30.372607</timestamp>
			</report>
			<report>
				<misses>153001</misses>
				<total>3</total>
				<timestamp>30.572386</timestamp>
			</report>
			<report>
				<misses>154001</misses>
				<total>3</total>
				<timestamp>30.772192</timestamp>
			</report>
			<report>
				<misses>155001</misses>
				<total>3</total>
				<timestamp>30.972027</timestamp>
			</report>
			<report>
				<misses>156001</misses>
				<total>3</total>
				<timestamp>31.171782</timestamp>
			</report>
			<report>
				<misses>157001</misses>
				<total>3</total>
				<timestamp>31.371604</timestamp>
			</report>
			<report>
				<misses>158001</misses>
				<total>3</total>
				<timestamp>31.571377</timestamp>
			</report>
			<report>
				<misses>159001</misses>
				<total>3</total>
				<timestamp>31.771224</timestamp>
			</report>
			<report>
				<misses>160001</misses>
				<total>3</total>
				<timestamp>31.971048</timestamp>
			</report>
			<report>
				<misses>161001</misses>
				<total>3</total>
				<timestamp>32.170825</timestamp>
			</report>
			<report>
				<misses>162001</misses>
				<total>3</total>
				<timestamp>32.370586</timestamp>
			</report>
			<report>
				<misses>163001</misses>
				<total>3</total>
				<timestamp>32.570359</timestamp>
			</report>
			<report>
				<misses>164001</misses>
				<total>3</total>
				<timestamp>32.770166</timestamp>
			</report>
			<report>
				<misses>165001</misses>
				<total>3</total>
				<timestamp>32.970012</timestamp>
			</report>
			<report>
				<misses>166001</misses>
				<total>2</total>
				<timestamp>33.169819</timestamp>
			</report>
			<report>
				<misses>167001</misses>
				<total>3</total>
				<timestamp>33.369662</timestamp>
			</report>
			<report>
				<misses>168001</misses>
				<total>3</total>
				<timestamp>33.569594</timestamp>
			</report>
			<report>
				<misses>169001</misses>
				<total>3</total>
				<timestamp>33.769367</timestamp>
			</report>
			<report>
				<misses>170001</misses>
				<total>3</total>
				<timestamp>33.969248</timestamp>
			</report>
			<report>
				<misses>171001</misses>
				<total>3</total>
				<timestamp>34.169020</timestamp>
			</report>
			<report>
				<misses>172001</misses>
				<total>3</total>
				<timestamp>34.368788</timestamp>
			</report>
			<report>
				<misses>173001</misses>
				<total>3</total>
				<timestamp>34.568600</timestamp>
			</report>
			<report>
				<misses>174001</misses>
				<total>3</total>
				<timestamp>34.768423</timestamp>
			</report>
			<report>
				<misses>175001</misses>
				<total>3</total>
				<timestamp>34.968416</timestamp>
			</report>
			<report>
				<misses>176001</misses>
				<total>3</total>
				<timestamp>35.168185</timestamp>
			</report>
			<report>
				<misses>177001</misses>
				<total>3</total>
				<timestamp>35.367989</timestamp>
			</report>
			<report>
				<misses>178001</misses>
				<total>3</total>
				<timestamp>35.567841</timestamp>
			</report>
			<report>
				<misses>179001</misses>
				<total>3</total>
				<timestamp>35.767629</timestamp>
			</report>
			<report>
				<misses>180001</misses>
				<total>3</total>
				<timestamp>35.967637</timestamp>
			</report>
			<report>
				<misses>181001</misses>
				<total>3</total>
				<timestamp>36.167475</timestamp>
			</report>
			<report>
				<misses>182001</misses>
				<total>3</total>
				<timestamp>36.367208</timestamp>
			</report>
			<report>
				<misses>183001</misses>
				<total>3</total>
				<timestamp>36.567034</timestamp>
			</report>
			<report>
				<misses>184001</misses>
				<total>3</total>
				<timestamp>36.766858</timestamp>
			</report>
			<report>
				<misses>185001</misses>
				<total>3</total>
				<timestamp>36.966624</timestamp>
			</report>
			<report>
				<misses>186001</misses>
				<total>3</total>
				<timestamp>37.166452</timestamp>
			</report>
			<report>
				<misses>187001</misses>
				<total>3</total>
				<timestamp>37.366222</timestamp>
			</report>
			<report>
				<misses>188001</misses>
				<total>2</total>
				<timestamp>37.566066</timestamp>
			</report>
			<report>
				<misses>189001</misses>
				<total>3</total>
				<timestamp>37.765796</timestamp>
			</report>
			<report>
				<misses>190001</misses>
				<total>3</total>
				<timestamp>37.965666</timestamp>
			</report>
			<report>
				<misses>191001</misses>
				<total>2</total>
				<timestamp>38.165374</timestamp>
			</report>
			<report>
				<misses>192001</misses>
				<total>3</total>
				<timestamp>38.365170</timestamp>
			</report>
			<report>
				<misses>193001</misses>
				<total>3</total>
				<timestamp>38.565001</timestamp>
			</report>
			<report>
				<misses>194001</misses>
				<total>3</total>
				<timestamp>38.764834</timestamp>
			</report>
			<report>
				<misses>195001</misses>
				<total>3</total>
				<timestamp>38.964588</timestamp>
			</report>
			<report>
				<misses>196001</misses>
				<total>3</total>
				<timestamp>39.164378</timestamp>
			</report>
			<report>
				<misses>197001</misses>
				<total>3</total>
				<timestamp>39.364168</timestamp>
			</report>
			<report>
				<misses>198001</misses>
				<total>3</total>
				<timestamp>39.564007</timestamp>
			</report>
			<report>
				<misses>199001</misses>
				<total>3</total>
				<timestamp>39.763910</timestamp>
			</report>
			<report>
				<misses>200001</misses>
				<total>3</total>
				<timestamp>39.963608</timestamp>
			</report>
			<report>
				<misses>201001</misses>
				<total>3</total>
				<timestamp>40.163362</timestamp>
			</report>
			<report>
				<misses>202001</misses>
				<total>3</total>
				<timestamp>40.363318</timestamp>
			</report>
			<report>
				<misses>203001</misses>
				<total>2</total>
				<timestamp>40.563115</timestamp>
			</report>
			<report>
				<misses>204001</misses>
				<total>3</total>
				<timestamp>40.762781</timestamp>
			</report>
			<report>
				<misses>205001</misses>
				<total>3</total>
				<timestamp>40.962646</timestamp>
			</report>
			<report>
				<misses>206001</misses>
				<total>3</total>
				<timestamp>41.162372</timestamp>
			</report>
			<report>
				<misses>207001</misses>
				<total>3</total>
				<timestamp>41.362259</timestamp>
			</report>
			<report>
				<misses>208001</misses>
				<total>3</total>
				<timestamp>41.562046</timestamp>
			</report>
			<report>
				<misses>209001</misses>
				<total>3</total>
				<timestamp>41.761800</timestamp>
			</report>
			<report>
				<misses>210001</misses>
				<total>3</total>
				<timestamp>41.961607</timestamp>
			</report>
			<report>
				<misses>211001</misses>
				<total>3</total>
				<timestamp>42.161354</timestamp>
			</report>
			<report>
				<misses>212001</misses>
				<total>3</total>
				<timestamp>42.361278</timestamp>
			</report>
			<report>
				<misses>213001</misses>
				<total>3</total>
				<timestamp>42.560972</timestamp>
			</report>
			<report>
				<misses>214001</misses>
				<total>3</total>
				<timestamp>42.760813</timestamp>
			</report>
			<report>
				<misses>215001</misses>
				<total>3</total>
				<timestamp>42.960605</timestamp>
			</report>
			<report>
				<misses>216001</misses>
				<total>3</total>
				<timestamp>43.160413</timestamp>
			</report>
			<report>
				<misses>217001</misses>
				<total>3</total>
				<timestamp>43.360177</timestamp>
			</report>
			<report>
				<misses>218001</misses>
				<total>3</total>
				<timestamp>43.559993</timestamp>
			</report>
			<report>
				<misses>219001</misses>
				<total>3</total>
				<timestamp>43.759766</timestamp>
			</report>
			<report>
				<misses>220001</misses>
				<total>3</total>
				<timestamp>43.959608</timestamp>
			</report>
			<report>
				<misses>221001</misses>
				<total>2</total>
				<timestamp>44.159377</timestamp>
			</report>
			<report>
				<misses>222001</misses>
				<total>3</total>
				<timestamp>44.359186</timestamp>
			</report>
			<report>
				<misses>223001</misses>
				<total>3</total>
				<timestamp>44.559072</timestamp>
			</report>
			<report>
				<misses>224001</misses>
				<total>3</total>
				<timestamp>44.758845</timestamp>
			</report>
			<report>
				<misses>225001</misses>
				<total>3</total>
				<timestamp>44.958569</timestamp>
			</report>
			<report>
				<misses>226001</misses>
				<total>3</total>
				<timestamp>45.158411</timestamp>
			</report>
			<report>
				<misses>227001</misses>
				<total>3</total>
				<timestamp>45.358208</timestamp>
			</report>
			<report>
				<misses>228001</misses>
				<total>3</total>
				<timestamp>45.557977</timestamp>
			</report>
			<report>
				<misses>229001</misses>
				<total>3</total>
				<timestamp>45.757765</timestamp>
			</report>
			<report>
				<misses>230001</misses>
				<total>3</total>
				<timestamp>45.957603</timestamp>
			</report>
			<report>
				<misses>231001</misses>
				<total>3</total>
				<timestamp>46.157401</timestamp>
			</report>
			<report>
				<misses>232001</misses>
				<total>3</total>
				<timestamp>46.357170</timestamp>
			</report>
			<report>
				<misses>233001</misses>
				<total>3</total>
				<timestamp>46.557019</timestamp>
			</report>
			<report>
				<misses>234001</misses>
				<total>3</total>
				<timestamp>46.756819</timestamp>
			</report>
			<report>
				<misses>235001</misses>
				<total>3</total>
				<timestamp>46.956694</timestamp>
			</report>
			<report>
				<misses>236001</misses>
				<total>3</total>
				<timestamp>47.156381</timestamp>
			</report>
			<report>
				<misses>237001</misses>
				<total>3</total>
				<timestamp>47.356253</timestamp>
			</report>
			<report>
				<misses>238001</misses>
				<total>3</total>
				<timestamp>47.555985</timestamp>
			</report>
			<report>
				<misses>239001</misses>
				<total>3</total>
				<timestamp>47.755850</timestamp>
			</report>
			<report>
				<misses>240001</misses>
				<total>3</total>
				<timestamp>47.955567</timestamp>
			</report>
			<report>
				<misses>241001</misses>
				<total>3</total>
				<timestamp>48.155405</timestamp>
			</report>
			<report>
				<misses>242001</misses>
				<total>3</total>
				<timestamp>48.355173</timestamp>
			</report>
			<report>
				<misses>243001</misses>
				<total>3</total>
				<timestamp>48.555041</timestamp>
			</report>
			<report>
				<misses>244001</misses>
				<total>3</total>
				<timestamp>48.754787</timestamp>
			</report>
			<report>
				<misses>245001</misses>
				<total>3</total>
				<timestamp>48.954566</timestamp>
			</report>
			<report>
				<misses>246001</misses>
				<total>3</total>
				<timestamp>49.154389</timestamp>
			</report>
			<report>
				<misses>247001</misses>
				<total>3</total>
				<timestamp>49.354244</timestamp>
			</report>
			<report>
				<misses>248001</misses>
				<total>3</total>
				<timestamp>49.553996</timestamp>
			</report>
			<report>
				<misses>249001</misses>
				<total>3</total>
				<timestamp>49.753861</timestamp>
			</report>
			<report>
				<misses>250001</misses>
				<total>3</total>
				<timestamp>49.953685</timestamp>
			</report>
			<report>
				<misses>251001</misses>
				<total>3</total>
				<timestamp>50.153372</timestamp>
			</report>
			<report>
				<misses>252001</misses>
				<total>3</total>
				<timestamp>50.353179</timestamp>
			</report>
			<report>
				<misses>253001</misses>
				<total>3</total>
				<timestamp>50.552999</timestamp>
			</report>
			<report>
				<misses>254001</misses>
				<total>2</total>
				<timestamp>50.752823</timestamp>
			</report>
			<report>
				<misses>255001</misses>
				<total>3</total>
				<timestamp>50.952597</timestamp>
			</report>
			<report>
				<misses>256001</misses>
				<total>3</total>
				<timestamp>51.152372</timestamp>
			</report>
			<report>
				<misses>257001</misses>
				<total>3</total>
				<timestamp>51.352229</timestamp>
			</report>
			<report>
				<misses>258001</misses>
				<total>3</total>
				<timestamp>51.551991</timestamp>
			</report>
			<report>
				<misses>259001</misses>
				<total>3</total>
				<timestamp>51.751785</timestamp>
			</report>
			<report>
				<misses>260001</misses>
				<total>3</total>
				<timestamp>51.951636</timestamp>
			</report>
			<report>
				<misses>261001</misses>
				<total>3</total>
				<timestamp>52.151381</timestamp>
			</report>
			<report>
				<misses>262001</misses>
				<total>3</total>
				<timestamp>52.351166</timestamp>
			</report>
			<report>
				<misses>263001</misses>
				<total>3</total>
				<timestamp>52.551084</timestamp>
			</report>
			<report>
				<misses>264001</misses>
				<total>3</total>
				<timestamp>52.750784</timestamp>
			</report>
			<report>
				<misses>265001</misses>
				<total>3</total>
				<timestamp>52.950589</timestamp>
			</report>
			<report>
				<misses>266001</misses>
				<total>3</total>
				<timestamp>53.150452</timestamp>
			</report>
			<report>
				<misses>267001</misses>
				<total>3</total>
				<timestamp>53.350188</timestamp>
			</report>
			<report>
				<misses>268001</misses>
				<total>3</total>
				<timestamp>53.550028</timestamp>
			</report>
			<report>
				<misses>269001</misses>
				<total>3</total>
				<timestamp>53.749777</timestamp>
			</report>
			<report>
				<misses>270001</misses>
				<total>3</total>
				<timestamp>53.949633</timestamp>
			</report>
			<report>
				<misses>271001</misses>
				<total>3</total>
				<timestamp>54.149428</timestamp>
			</report>
			<report>
				<misses>272001</misses>
				<total>3</total>
				<timestamp>54.349180</timestamp>
			</report>
			<report>
				<misses>273001</misses>
				<total>3</total>
				<timestamp>54.549021</timestamp>
			</report>
			<report>
				<misses>274001</misses>
				<total>3</total>
				<timestamp>54.748899</timestamp>
			</report>
			<report>
				<misses>275001</misses>
				<total>3</total>
				<timestamp>54.948664</timestamp>
			</report>
			<report>
				<misses>276001</misses>
				<total>3</total>
				<timestamp>55.148372</timestamp>
			</report>
			<report>
				<misses>277001</misses>
				<total>3</total>
				<timestamp>55.348182</timestamp>
			</report>
			<report>
				<misses>278001</misses>
				<total>3</total>
				<timestamp>55.548012</timestamp>
			</report>
			<report>
				<misses>279001</misses>
				<total>3</total>
				<timestamp>55.747782</timestamp>
			</report>
			<report>
				<misses>280001</misses>
				<total>3</total>
				<timestamp>55.947617</timestamp>
			</report>
			<report>
				<misses>281001</misses>
				<total>3</total>
				<timestamp>56.147438</timestamp>
			</report>
			<report>
				<misses>282001</misses>
				<total>2</total>
				<timestamp>56.347236</timestamp>
			</report>
			<report>
				<misses>283001</misses>
				<total>3</total>
				<timestamp>56.546988</timestamp>
			</report>
			<report>
				<misses>284001</misses>
				<total>3</total>
				<timestamp>56.746882</timestamp>
			</report>
			<report>
				<misses>285001</misses>
				<total>2</total>
				<timestamp>56.946604</timestamp>
			</report>
			<report>
				<misses>286001</misses>
				<total>3</total>
				<timestamp>57.146440</timestamp>
			</report>
			<report>
				<misses>287001</misses>
				<total>3</total>
				<timestamp>57.346168</timestamp>
			</report>
			<report>
				<misses>288001</misses>
				<total>3</total>
				<timestamp>57.546037</timestamp>
			</report>
			<report>
				<misses>289001</misses>
				<total>2</total>
				<timestamp>57.745833</timestamp>
			</report>
			<report>
				<misses>290001</misses>
				<total>3</total>
				<timestamp>57.945587</timestamp>
			</report>
			<report>
				<misses>291001</misses>
				<total>3</total>
				<timestamp>58.145375</timestamp>
			</report>
			<report>
				<misses>292001</misses>
				<total>3</total>
				<timestamp>58.345173</timestamp>
			</report>
			<report>
				<misses>293001</misses>
				<total>3</total>
				<timestamp>58.545104</timestamp>
			</report>
			<report>
				<misses>294001</misses>
				<total>3</total>
				<timestamp>58.744845</timestamp>
			</report>
			<report>
				<misses>295001</misses>
				<total>3</total>
				<timestamp>58.944585</timestamp>
			</report>
			<report>
				<misses>296001</misses>
				<total>3</total>
				<timestamp>59.144391</timestamp>
			</report>
			<report>
				<misses>297001</misses>
				<total>2</total>
				<timestamp>59.344239</timestamp>
			</report>
			<report>
				<misses>298001</misses>
				<total>3</total>
				<timestamp>59.544000</timestamp>
			</report>
			<report>
				<misses>299001</misses>
				<total>3</total>
				<timestamp>59.743894</timestamp>
			</report>
			<report>
				<misses>300001</misses>
				<total>3</total>
				<timestamp>59.943621</timestamp>
			</report>
			<report>
				<misses>301001</misses>
				<total>3</total>
				<timestamp>60.143455</timestamp>
			</report>
			<report>
				<misses>302001</misses>
				<total>3</total>
				<timestamp>60.343191</timestamp>
			</report>
			<report>
				<misses>303001</misses>
				<total>3</total>
				<timestamp>60.542979</timestamp>
			</report>
			<report>
				<misses>304001</misses>
				<total>3</total>
				<timestamp>60.742824</timestamp>
			</report>
			<report>
				<misses>305001</misses>
				<total>3</total>
				<timestamp>60.942563</timestamp>
			</report>
			<report>
				<misses>306001</misses>
				<total>2</total>
				<timestamp>61.142413</timestamp>
			</report>
			<report>
				<misses>307001</misses>
				<total>3</total>
				<timestamp>61.342181</timestamp>
			</report>
			<report>
				<misses>308001</misses>
				<total>3</total>
				<timestamp>61.542009</timestamp>
			</report>
			<report>
				<misses>309001</misses>
				<total>3</total>
				<timestamp>61.741788</timestamp>
			</report>
			<report>
				<misses>310001</misses>
				<total>3</total>
				<timestamp>61.941599</timestamp>
			</report>
			<report>
				<misses>311001</misses>
				<total>3</total>
				<timestamp>62.141410</timestamp>
			</report>
			<report>
				<misses>312001</misses>
				<total>3</total>
				<timestamp>62.341202</timestamp>
			</report>
			<report>
				<misses>313001</misses>
				<total>3</total>
				<timestamp>62.541042</timestamp>
			</report>
			<report>
				<misses>314001</misses>
				<total>3</total>
				<timestamp>62.740808</timestamp>
			</report>
			<report>
				<misses>315001</misses>
				<total>3</total>
				<timestamp>62.940603</timestamp>
			</report>
			<report>
				<misses>316001</misses>
				<total>3</total>
				<timestamp>63.140406</timestamp>
			</report>
			<report>
				<misses>317001</misses>
				<total>3</total>
				<timestamp>63.340157</timestamp>
			</report>
			<report>
				<misses>318001</misses>
				<total>3</total>
				<timestamp>63.540038</timestamp>
			</report>
			<report>
				<misses>319001</misses>
				<total>3</total>
				<timestamp>63.739893</timestamp>
			</report>
			<report>
				<misses>320001</misses>
				<total>3</total>
				<timestamp>63.939559</timestamp>
			</report>
			<report>
				<misses>321001</misses>
				<total>3</total>
				<timestamp>64.139362</timestamp>
			</report>
			<report>
				<misses>322001</misses>
				<total>3</total>
				<timestamp>64.339166</timestamp>
			</report>
			<report>
				<misses>323001</misses>
				<total>3</total>
				<timestamp>64.538980</timestamp>
			</report>
			<report>
				<misses>324001</misses>
				<total>3</total>
				<timestamp>64.738819</timestamp>
			</report>
			<report>
				<misses>325001</misses>
				<total>3</total>
				<timestamp>64.938611</timestamp>
			</report>
			<report>
				<misses>326001</misses>
				<total>3</total>
				<timestamp>65.138379</timestamp>
			</report>
			<report>
				<misses>327001</misses>
				<total>3</total>
				<timestamp>65.338168</timestamp>
			</report>
			<report>
				<misses>328001</misses>
				<total>3</total>
				<timestamp>65.538045</timestamp>
			</report>
			<report>
				<misses>329001</misses>
				<total>2</total>
				<timestamp>65.737818</timestamp>
			</report>
			<report>
				<misses>330001</misses>
				<total>3</total>
				<timestamp>65.937645</timestamp>
			</report>
			<report>
				<misses>331001</misses>
				<total>3</total>
				<timestamp>66.137417</timestamp>
			</report>
			<report>
				<misses>332001</misses>
				<total>3</total>
				<timestamp>66.337204</timestamp>
			</report>
			<report>
				<misses>333001</misses>
				<total>3</total>
				<timestamp>66.537080</timestamp>
			</report>
			<report>
				<misses>334001</misses>
				<total>3</total>
				<timestamp>66.736819</timestamp>
			</report>
			<report>
				<misses>335001</misses>
				<total>3</total>
				<timestamp>66.936611</timestamp>
			</report>
			<report>
				<misses>336001</misses>
				<total>3</total>
				<timestamp>67.136385</timestamp>
			</report>
			<report>
				<misses>337001</misses>
				<total>3</total>
				<timestamp>67.336184</timestamp>
			</report>
			<report>
				<misses>338001</misses>
				<total>3</total>
				<timestamp>67.536016</timestamp>
			</report>
			<report>
				<misses>339001</misses>
				<total>3</total>
				<timestamp>67.735856</timestamp>
			</report>
			<report>
				<misses>340001</misses>
				<total>3</total>
				<timestamp>67.935599</timestamp>
			</report>
			<report>
				<misses>341001</misses>
				<total>3</total>
				<timestamp>68.135361</timestamp>
			</report>
			<report>
				<misses>342001</misses>
				<total>3</total>
				<timestamp>68.335224</timestamp>
			</report>
			<report>
				<misses>343001</misses>
				<total>3</total>
				<timestamp>68.534975</timestamp>
			</report>
			<report>
				<misses>344001</misses>
				<total>3</total>
				<timestamp>68.734831</timestamp>
			</report>
			<report>
				<misses>345001</misses>
				<total>3</total>
				<timestamp>68.934601</timestamp>
			</report>
			<report>
				<misses>346001</misses>
				<total>3</total>
				<timestamp>69.134389</timestamp>
			</report>
			<report>
				<misses>347001</misses>
				<total>3</total>
				<timestamp>69.334235</timestamp>
			</report>
			<report>
				<misses>348001</misses>
				<total>3</total>
				<timestamp>69.534051</timestamp>
			</report>
			<report>
				<misses>349001</misses>
				<total>3</total>
				<timestamp>69.733881</timestamp>
			</report>
			<report>
				<misses>350001</misses>
				<total>3</total>
				<timestamp>69.933574</timestamp>
			</report>
			<report>
				<misses>351001</misses>
				<total>3</total>
				<timestamp>70.133371</timestamp>
			</report>
			<report>
				<misses>352001</misses>
				<total>3</total>
				<timestamp>70.333199</timestamp>
			</report>
			<report>
				<misses>353001</misses>
				<total>3</total>
				<timestamp>70.533014</timestamp>
			</report>
			<report>
				<misses>354001</misses>
				<total>3</total>
				<timestamp>70.732870</timestamp>
			</report>
			<report>
				<misses>355001</misses>
				<total>3</total>
				<timestamp>70.932619</timestamp>
			</report>
			<report>
				<misses>356001</misses>
				<total>3</total>
				<timestamp>71.132460</timestamp>
			</report>
			<report>
				<misses>357001</misses>
				<total>2</total>
				<timestamp>71.332173</timestamp>
			</report>
			<report>
				<misses>358001</misses>
				<total>3</total>
				<timestamp>71.532044</timestamp>
			</report>
			<report>
				<misses>359001</misses>
				<total>3</total>
				<timestamp>71.731839</timestamp>
			</report>
			<report>
				<misses>360001</misses>
				<total>2</total>
				<timestamp>71.931673</timestamp>
			</report>
			<report>
				<misses>361001</misses>
				<total>3</total>
				<timestamp>72.131378</timestamp>
			</report>
			<report>
				<misses>362001</misses>
				<total>3</total>
				<timestamp>72.331240</timestamp>
			</report>
			<report>
				<misses>363001</misses>
				<total>3</total>
				<timestamp>72.531032</timestamp>
			</report>
			<report>
				<misses>364001</misses>
				<total>3</total>
				<timestamp>72.730833</timestamp>
			</report>
			<report>
				<misses>365001</misses>
				<total>3</total>
				<timestamp>72.930656</timestamp>
			</report>
			<report>
				<misses>366001</misses>
				<total>2</total>
				<timestamp>73.130402</timestamp>
			</report>
			<report>
				<misses>367001</misses>
				<total>3</total>
				<timestamp>73.330218</timestamp>
			</report>
			<report>
				<misses>368001</misses>
				<total>3</total>
				<timestamp>73.529968</timestamp>
			</report>
			<report>
				<misses>369001</misses>
				<total>3</total>
				<timestamp>73.729811</timestamp>
			</report>
			<report>
				<misses>370001</misses>
				<total>3</total>
				<timestamp>73.929678</timestamp>
			</report>
			<report>
				<misses>371001</misses>
				<total>3</total>
				<timestamp>74.129387</timestamp>
			</report>
			<report>
				<misses>372001</misses>
				<total>2</total>
				<timestamp>74.329265</timestamp>
			</report>
			<report>
				<misses>373001</misses>
				<total>3</total>
				<timestamp>74.528970</timestamp>
			</report>
			<report>
				<misses>374001</misses>
				<total>3</total>
				<timestamp>74.728819</timestamp>
			</report>
			<report>
				<misses>375001</misses>
				<total>3</total>
				<timestamp>74.928577</timestamp>
			</report>
			<report>
				<misses>376001</misses>
				<total>3</total>
				<timestamp>75.128389</timestamp>
			</report>
			<report>
				<misses>377001</misses>
				<total>3</total>
				<timestamp>75.328202</timestamp>
			</report>
			<report>
				<misses>378001</misses>
				<total>3</total>
				<timestamp>75.527982</timestamp>
			</report>
			<report>
				<misses>379001</misses>
				<total>3</total>
				<timestamp>75.727794</timestamp>
			</report>
			<report>
				<misses>380001</misses>
				<total>3</total>
				<timestamp>75.927564</timestamp>
			</report>
			<report>
				<misses>381001</misses>
				<total>3</total>
				<timestamp>76.127419</timestamp>
			</report>
			<report>
				<misses>382001</misses>
				<total>3</total>
				<timestamp>76.327174</timestamp>
			</report>
			<report>
				<misses>383001</misses>
				<total>3</total>
				<timestamp>76.527034</timestamp>
			</report>
			<report>
				<misses>384001</misses>
				<total>3</total>
				<timestamp>76.726943</timestamp>
			</report>
			<report>
				<misses>385001</misses>
				<total>6</total>
				<timestamp>76.926561</timestamp>
			</report>
			<report>
				<misses>386001</misses>
				<total>6</total>
				<timestamp>77.126445</timestamp>
			</report>
			<report>
				<misses>387001</misses>
				<total>6</total>
				<timestamp>77.326235</timestamp>
			</report>
			<report>
				<misses>388001</misses>
				<total>7</total>
				<timestamp>77.526035</timestamp>
			</report>
			<report>
				<misses>389001</misses>
				<total>7</total>
				<timestamp>77.725797</timestamp>
			</report>
			<report>
				<misses>390001</misses>
				<total>7</total>
				<timestamp>77.925645</timestamp>
			</report>
			<report>
				<misses>391001</misses>
				<total>7</total>
				<timestamp>78.125469</timestamp>
			</report>
			<report>
				<misses>392001</misses>
				<total>7</total>
				<timestamp>78.325172</timestamp>
			</report>
			<report>
				<misses>393001</misses>
				<total>7</total>
				<timestamp>78.524964</timestamp>
			</report>
			<report>
				<misses>394001</misses>
				<total>7</total>
				<timestamp>78.724832</timestamp>
			</report>
			<report>
				<misses>395001</misses>
				<total>7</total>
				<timestamp>78.924722</timestamp>
			</report>
			<report>
				<misses>396001</misses>
				<total>7</total>
				<timestamp>79.124374</timestamp>
			</report>
			<report>
				<misses>397001</misses>
				<total>7</total>
				<timestamp>79.324171</timestamp>
			</report>
			<report>
				<misses>398001</misses>
				<total>7</total>
				<timestamp>79.523994</timestamp>
			</report>
			<report>
				<misses>399001</misses>
				<total>7</total>
				<timestamp>79.723793</timestamp>
			</report>
			<report>
				<misses>400001</misses>
				<total>7</total>
				<timestamp>79.923630</timestamp>
			</report>
			<report>
				<misses>401001</misses>
				<total>7</total>
				<timestamp>80.123413</timestamp>
			</report>
			<report>
				<misses>402001</misses>
				<total>7</total>
				<timestamp>80.323183</timestamp>
			</report>
			<report>
				<misses>403001</misses>
				<total>7</total>
				<timestamp>80.522988</timestamp>
			</report>
			<report>
				<misses>404001</misses>
				<total>7</total>
				<timestamp>80.722840</timestamp>
			</report>
			<report>
				<misses>405001</misses>
				<total>7</total>
				<timestamp>80.922572</timestamp>
			</report>
			<report>
				<misses>406001</misses>
				<total>7</total>
				<timestamp>81.122361</timestamp>
			</report>
			<report>
				<misses>407001</misses>
				<total>7</total>
				<timestamp>81.322170</timestamp>
			</report>
			<report>
				<misses>408001</misses>
				<total>7</total>
				<timestamp>81.521971</timestamp>
			</report>
			<report>
				<misses>409001</misses>
				<total>7</total>
				<timestamp>81.721828</timestamp>
			</report>
			<report>
				<misses>410001</misses>
				<total>7</total>
				<timestamp>81.921596</timestamp>
			</report>
			<report>
				<misses>411001</misses>
				<total>7</total>
				<timestamp>82.121371</timestamp>
			</report>
			<report>
				<misses>412001</misses>
				<total>7</total>
				<timestamp>82.321172</timestamp>
			</report>
			<report>
				<misses>413001</misses>
				<total>7</total>
				<timestamp>82.521023</timestamp>
			</report>
			<report>
				<misses>414001</misses>
				<total>7</total>
				<timestamp>82.720866</timestamp>
			</report>
			<report>
				<misses>415001</misses>
				<total>7</total>
				<timestamp>82.920632</timestamp>
			</report>
			<report>
				<misses>416001</misses>
				<total>7</total>
				<timestamp>83.120371</timestamp>
			</report>
			<report>
				<misses>417001</misses>
				<total>7</total>
				<timestamp>83.320171</timestamp>
			</report>
			<report>
				<misses>418001</misses>
				<total>7</total>
				<timestamp>83.519969</timestamp>
			</report>
			<report>
				<misses>419001</misses>
				<total>6</total>
				<timestamp>83.719786</timestamp>
			</report>
			<report>
				<misses>420001</misses>
				<total>7</total>
				<timestamp>83.919582</timestamp>
			</report>
			<report>
				<misses>421001</misses>
				<total>7</total>
				<timestamp>84.119524</timestamp>
			</report>
			<report>
				<misses>422001</misses>
				<total>7</total>
				<timestamp>84.319253</timestamp>
			</report>
			<report>
				<misses>423001</misses>
				<total>7</total>
				<timestamp>84.518994</timestamp>
			</report>
			<report>
				<misses>424001</misses>
				<total>7</total>
				<timestamp>84.718839</timestamp>
			</report>
			<report>
				<misses>425001</misses>
				<total>7</total>
				<timestamp>84.918621</timestamp>
			</report>
			<report>
				<misses>426001</misses>
				<total>7</total>
				<timestamp>85.118387</timestamp>
			</report>
			<report>
				<misses>427001</misses>
				<total>7</total>
				<timestamp>85.318211</timestamp>
			</report>
			<report>
				<misses>428001</misses>
				<total>7</total>
				<timestamp>85.517968</timestamp>
			</report>
			<report>
				<misses>429001</misses>
				<total>7</total>
				<timestamp>85.717853</timestamp>
			</report>
			<report>
				<misses>430001</misses>
				<total>7</total>
				<timestamp>85.917572</timestamp>
			</report>
			<report>
				<misses>431001</misses>
				<total>7</total>
				<timestamp>86.117466</timestamp>
			</report>
			<report>
				<misses>432001</misses>
				<total>7</total>
				<timestamp>86.317175</timestamp>
			</report>
			<report>
				<misses>433001</misses>
				<total>7</total>
				<timestamp>86.516984</timestamp>
			</report>
			<report>
				<misses>434001</misses>
				<total>7</total>
				<timestamp>86.716818</timestamp>
			</report>
			<report>
				<misses>435001</misses>
				<total>7</total>
				<timestamp>86.916654</timestamp>
			</report>
			<report>
				<misses>436001</misses>
				<total>7</total>
				<timestamp>87.116515</timestamp>
			</report>
			<report>
				<misses>437001</misses>
				<total>7</total>
				<timestamp>87.316174</timestamp>
			</report>
			<report>
				<misses>438001</misses>
				<total>7</total>
				<timestamp>87.515978</timestamp>
			</report>
			<report>
				<misses>439001</misses>
				<total>6</total>
				<timestamp>87.715830</timestamp>
			</report>
			<report>
				<misses>440001</misses>
				<total>7</total>
				<timestamp>87.915598</timestamp>
			</report>
			<report>
				<misses>441001</misses>
				<total>7</total>
				<timestamp>88.115375</timestamp>
			</report>
			<report>
				<misses>442001</misses>
				<total>7</total>
				<timestamp>88.315216</timestamp>
			</report>
			<report>
				<misses>443001</misses>
				<total>7</total>
				<timestamp>88.514969</timestamp>
			</report>
			<report>
				<misses>444001</misses>
				<total>8</total>
				<timestamp>88.714811</timestamp>
			</report>
			<report>
				<misses>445001</misses>
				<total>8</total>
				<timestamp>88.914604</timestamp>
			</report>
			<report>
				<misses>446001</misses>
				<total>8</total>
				<timestamp>89.114426</timestamp>
			</report>
			<report>
				<misses>447001</misses>
				<total>8</total>
				<timestamp>89.314202</timestamp>
			</report>
			<report>
				<misses>448001</misses>
				<total>8</total>
				<timestamp>89.513981</timestamp>
			</report>
			<report>
				<misses>449001</misses>
				<total>8</total>
				<timestamp>89.713880</timestamp>
			</report>
			<report>
				<misses>450001</misses>
				<total>8</total>
				<timestamp>89.913686</timestamp>
			</report>
			<report>
				<misses>451001</misses>
				<total>8</total>
				<timestamp>90.113436</timestamp>
			</report>
			<report>
				<misses>452001</misses>
				<total>8</total>
				<timestamp>90.313255</timestamp>
			</report>
			<report>
				<misses>453001</misses>
				<total>8</total>
				<timestamp>90.513015</timestamp>
			</report>
			<report>
				<misses>454001</misses>
				<total>8</total>
				<timestamp>90.712837</timestamp>
			</report>
			<report>
				<misses>455001</misses>
				<total>9</total>
				<timestamp>90.912589</timestamp>
			</report>
			<report>
				<misses>456001</misses>
				<total>9</total>
				<timestamp>91.112464</timestamp>
			</report>
			<report>
				<misses>457001</misses>
				<total>9</total>
				<timestamp>91.312183</timestamp>
			</report>
			<report>
				<misses>458001</misses>
				<total>9</total>
				<timestamp>91.511973</timestamp>
			</report>
			<report>
				<misses>459001</misses>
				<total>9</total>
				<timestamp>91.711821</timestamp>
			</report>
			<report>
				<misses>460001</misses>
				<total>9</total>
				<timestamp>91.911666</timestamp>
			</report>
			<report>
				<misses>461001</misses>
				<total>9</total>
				<timestamp>92.111372</timestamp>
			</report>
			<report>
				<misses>462001</misses>
				<total>8</total>
				<timestamp>92.311184</timestamp>
			</report>
			<report>
				<misses>463001</misses>
				<total>9</total>
				<timestamp>92.511002</timestamp>
			</report>
			<report>
				<misses>464001</misses>
				<total>9</total>
				<timestamp>92.710839</timestamp>
			</report>
			<report>
				<misses>465001</misses>
				<total>9</total>
				<timestamp>92.910706</timestamp>
			</report>
			<report>
				<misses>466001</misses>
				<total>9</total>
				<timestamp>93.110497</timestamp>
			</report>
			<report>
				<misses>467001</misses>
				<total>9</total>
				<timestamp>93.310223</timestamp>
			</report>
			<report>
				<misses>468001</misses>
				<total>9</total>
				<timestamp>93.509957</timestamp>
			</report>
			<report>
				<misses>469001</misses>
				<total>9</total>
				<timestamp>93.709846</timestamp>
			</report>
			<report>
				<misses>470001</misses>
				<total>9</total>
				<timestamp>93.909577</timestamp>
			</report>
			<report>
				<misses>471001</misses>
				<total>9</total>
				<timestamp>94.109392</timestamp>
			</report>
			<report>
				<misses>472001</misses>
				<total>9</total>
				<timestamp>94.309195</timestamp>
			</report>
			<report>
				<misses>473001</misses>
				<total>12</total>
				<timestamp>94.509031</timestamp>
			</report>
			<report>
				<misses>474001</misses>
				<total>12</total>
				<timestamp>94.708804</timestamp>
			</report>
			<report>
				<misses>475001</misses>
				<total>13</total>
				<timestamp>94.908601</timestamp>
			</report>
			<report>
				<misses>476001</misses>
				<total>13</total>
				<timestamp>95.108423</timestamp>
			</report>
			<report>
				<misses>477001</misses>
				<total>13</total>
				<timestamp>95.308171</timestamp>
			</report>
			<report>
				<misses>478001</misses>
				<total>13</total>
				<timestamp>95.507983</timestamp>
			</report>
			<report>
				<misses>479001</misses>
				<total>13</total>
				<timestamp>95.707830</timestamp>
			</report>
			<report>
				<misses>480001</misses>
				<total>13</total>
				<timestamp>95.907636</timestamp>
			</report>
			<report>
				<misses>481001</misses>
				<total>13</total>
				<timestamp>96.107363</timestamp>
			</report>
			<report>
				<misses>482001</misses>
				<total>13</total>
				<timestamp>96.307219</timestamp>
			</report>
			<report>
				<misses>483001</misses>
				<total>13</total>
				<timestamp>96.506956</timestamp>
			</report>
			<report>
				<misses>484001</misses>
				<total>13</total>
				<timestamp>96.706821</timestamp>
			</report>
			<report>
				<misses>485001</misses>
				<total>12</total>
				<timestamp>96.906653</timestamp>
			</report>
			<report>
				<misses>486001</misses>
				<total>13</total>
				<timestamp>97.106395</timestamp>
			</report>
			<report>
				<misses>487001</misses>
				<total>13</total>
				<timestamp>97.306256</timestamp>
			</report>
			<report>
				<misses>488001</misses>
				<total>13</total>
				<timestamp>97.506048</timestamp>
			</report>
			<report>
				<misses>489001</misses>
				<total>13</total>
				<timestamp>97.705917</timestamp>
			</report>
			<report>
				<misses>490001</misses>
				<total>12</total>
				<timestamp>97.905618</timestamp>
			</report>
			<report>
				<misses>491001</misses>
				<total>13</total>
				<timestamp>98.105416</timestamp>
			</report>
			<report>
				<misses>492001</misses>
				<total>12</total>
				<timestamp>98.305186</timestamp>
			</report>
			<report>
				<misses>493001</misses>
				<total>13</total>
				<timestamp>98.505048</timestamp>
			</report>
			<report>
				<misses>494001</misses>
				<total>13</total>
				<timestamp>98.704772</timestamp>
			</report>
			<report>
				<misses>495001</misses>
				<total>13</total>
				<timestamp>98.904701</timestamp>
			</report>
			<report>
				<misses>496001</misses>
				<total>12</total>
				<timestamp>99.104409</timestamp>
			</report>
			<report>
				<misses>497001</misses>
				<total>13</total>
				<timestamp>99.304200</timestamp>
			</report>
			<report>
				<misses>498001</misses>
				<total>13</total>
				<timestamp>99.503998</timestamp>
			</report>
			<report>
				<misses>499001</misses>
				<total>13</total>
				<timestamp>99.703784</timestamp>
			</report>
			<report>
				<misses>500001</misses>
				<total>13</total>
				<timestamp>99.903671</timestamp>
			</report>
			<report>
				<misses>501001</misses>
				<total>13</total>
				<timestamp>100.103448</timestamp>
			</report>
			<report>
				<misses>502001</misses>
				<total>13</total>
				<timestamp>100.303172</timestamp>
			</report>
			<report>
				<misses>503001</misses>
				<total>13</total>
				<timestamp>100.503034</timestamp>
			</report>
			<report>
				<misses>504001</misses>
				<total>13</total>
				<timestamp>100.702792</timestamp>
			</report>
			<report>
				<misses>505001</misses>
				<total>13</total>
				<timestamp>100.902602</timestamp>
			</report>
			<report>
				<misses>506001</misses>
				<total>12</total>
				<timestamp>101.102381</timestamp>
			</report>
			<report>
				<misses>507001</misses>
				<total>13</total>
				<timestamp>101.302225</timestamp>
			</report>
			<report>
				<misses>508001</misses>
				<total>13</total>
				<timestamp>101.501965</timestamp>
			</report>
			<report>
				<misses>509001</misses>
				<total>13</total>
				<timestamp>101.701797</timestamp>
			</report>
			<report>
				<misses>510001</misses>
				<total>13</total>
				<timestamp>101.901626</timestamp>
			</report>
			<report>
				<misses>511001</misses>
				<total>13</total>
				<timestamp>102.101406</timestamp>
			</report>
			<report>
				<misses>512001</misses>
				<total>13</total>
				<timestamp>102.301202</timestamp>
			</report>
			<report>
				<misses>513001</misses>
				<total>13</total>
				<timestamp>102.500954</timestamp>
			</report>
			<report>
				<misses>514001</misses>
				<total>13</total>
				<timestamp>102.700824</timestamp>
			</report>
			<report>
				<misses>515001</misses>
				<total>13</total>
				<timestamp>102.900596</timestamp>
			</report>
			<report>
				<misses>516001</misses>
				<total>13</total>
				<timestamp>103.100372</timestamp>
			</report>
			<report>
				<misses>517001</misses>
				<total>13</total>
				<timestamp>103.300303</timestamp>
			</report>
			<report>
				<misses>518001</misses>
				<total>13</total>
				<timestamp>103.500054</timestamp>
			</report>
			<report>
				<misses>519001</misses>
				<total>13</total>
				<timestamp>103.699844</timestamp>
			</report>
			<report>
				<misses>520001</misses>
				<total>13</total>
				<timestamp>103.899638</timestamp>
			</report>
			<report>
				<misses>521001</misses>
				<total>13</total>
				<timestamp>104.099434</timestamp>
			</report>
			<report>
				<misses>522001</misses>
				<total>13</total>
				<timestamp>104.299200</timestamp>
			</report>
			<report>
				<misses>523001</misses>
				<total>13</total>
				<timestamp>104.499011</timestamp>
			</report>
			<report>
				<misses>524001</misses>
				<total>13</total>
				<timestamp>104.698807</timestamp>
			</report>
			<report>
				<misses>525001</misses>
				<total>13</total>
				<timestamp>104.898589</timestamp>
			</report>
			<report>
				<misses>526001</misses>
				<total>13</total>
				<timestamp>105.098430</timestamp>
			</report>
			<report>
				<misses>527001</misses>
				<total>13</total>
				<timestamp>105.298165</timestamp>
			</report>
			<report>
				<misses>528001</misses>
				<total>13</total>
				<timestamp>105.498027</timestamp>
			</report>
			<report>
				<misses>529001</misses>
				<total>13</total>
				<timestamp>105.697819</timestamp>
			</report>
			<report>
				<misses>530001</misses>
				<total>12</total>
				<timestamp>105.897603</timestamp>
			</report>
			<report>
				<misses>531001</misses>
				<total>12</total>
				<timestamp>106.097420</timestamp>
			</report>
			<report>
				<misses>532001</misses>
				<total>13</total>
				<timestamp>106.297204</timestamp>
			</report>
			<report>
				<misses>533001</misses>
				<total>13</total>
				<timestamp>106.497005</timestamp>
			</report>
			<report>
				<misses>534001</misses>
				<total>13</total>
				<timestamp>106.696779</timestamp>
			</report>
			<report>
				<misses>535001</misses>
				<total>12</total>
				<timestamp>106.896709</timestamp>
			</report>
			<report>
				<misses>536001</misses>
				<total>13</total>
				<timestamp>107.096414</timestamp>
			</report>
			<report>
				<misses>537001</misses>
				<total>13</total>
				<timestamp>107.296210</timestamp>
			</report>
			<report>
				<misses>538001</misses>
				<total>13</total>
				<timestamp>107.496044</timestamp>
			</report>
			<report>
				<misses>539001</misses>
				<total>13</total>
				<timestamp>107.695777</timestamp>
			</report>
			<report>
				<misses>540001</misses>
				<total>13</total>
				<timestamp>107.895605</timestamp>
			</report>
			<report>
				<misses>541001</misses>
				<total>13</total>
				<timestamp>108.095406</timestamp>
			</report>
			<report>
				<misses>542001</misses>
				<total>13</total>
				<timestamp>108.295177</timestamp>
			</report>
			<report>
				<misses>543001</misses>
				<total>13</total>
				<timestamp>108.495025</timestamp>
			</report>
			<report>
				<misses>544001</misses>
				<total>13</total>
				<timestamp>108.694781</timestamp>
			</report>
			<report>
				<misses>545001</misses>
				<total>13</total>
				<timestamp>108.894605</timestamp>
			</report>
			<report>
				<misses>546001</misses>
				<total>13</total>
				<timestamp>109.094418</timestamp>
			</report>
			<report>
				<misses>547001</misses>
				<total>13</total>
				<timestamp>109.294170</timestamp>
			</report>
			<report>
				<misses>548001</misses>
				<total>13</total>
				<timestamp>109.493961</timestamp>
			</report>
			<report>
				<misses>549001</misses>
				<total>13</total>
				<timestamp>109.693778</timestamp>
			</report>
			<report>
				<misses>550001</misses>
				<total>13</total>
				<timestamp>109.893614</timestamp>
			</report>
			<report>
				<misses>551001</misses>
				<total>13</total>
				<timestamp>110.093455</timestamp>
			</report>
			<report>
				<misses>552001</misses>
				<total>13</total>
				<timestamp>110.293197</timestamp>
			</report>
			<report>
				<misses>553001</misses>
				<total>13</total>
				<timestamp>110.493007</timestamp>
			</report>
			<report>
				<misses>554001</misses>
				<total>13</total>
				<timestamp>110.692804</timestamp>
			</report>
			<report>
				<misses>555001</misses>
				<total>13</total>
				<timestamp>110.892661</timestamp>
			</report>
			<report>
				<misses>556001</misses>
				<total>13</total>
				<timestamp>111.092420</timestamp>
			</report>
			<report>
				<misses>557001</misses>
				<total>13</total>
				<timestamp>111.292232</timestamp>
			</report>
			<report>
				<misses>558001</misses>
				<total>13</total>
				<timestamp>111.492044</timestamp>
			</report>
			<report>
				<misses>559001</misses>
				<total>13</total>
				<timestamp>111.691789</timestamp>
			</report>
			<report>
				<misses>560001</misses>
				<total>12</total>
				<timestamp>111.891595</timestamp>
			</report>
			<report>
				<misses>561001</misses>
				<total>13</total>
				<timestamp>112.091361</timestamp>
			</report>
			<report>
				<misses>562001</misses>
				<total>13</total>
				<timestamp>112.291176</timestamp>
			</report>
			<report>
				<misses>563001</misses>
				<total>13</total>
				<timestamp>112.491068</timestamp>
			</report>
			<report>
				<misses>564001</misses>
				<total>12</total>
				<timestamp>112.690793</timestamp>
			</report>
			<report>
				<misses>565001</misses>
				<total>13</total>
				<timestamp>112.890681</timestamp>
			</report>
			<report>
				<misses>566001</misses>
				<total>13</total>
				<timestamp>113.090517</timestamp>
			</report>
			<report>
				<misses>567001</misses>
				<total>13</total>
				<timestamp>113.290273</timestamp>
			</report>
			<report>
				<misses>568001</misses>
				<total>13</total>
				<timestamp>113.490007</timestamp>
			</report>
			<report>
				<misses>569001</misses>
				<total>13</total>
				<timestamp>113.689804</timestamp>
			</report>
			<report>
				<misses>570001</misses>
				<total>13</total>
				<timestamp>113.889595</timestamp>
			</report>
			<report>
				<misses>571001</misses>
				<total>13</total>
				<timestamp>114.089382</timestamp>
			</report>
			<report>
				<misses>572001</misses>
				<total>12</total>
				<timestamp>114.289261</timestamp>
			</report>
			<report>
				<misses>573001</misses>
				<total>13</total>
				<timestamp>114.489111</timestamp>
			</report>
			<report>
				<misses>574001</misses>
				<total>13</total>
				<timestamp>114.688765</timestamp>
			</report>
			<report>
				<misses>575001</misses>
				<total>13</total>
				<timestamp>114.888591</timestamp>
			</report>
			<report>
				<misses>576001</misses>
				<total>13</total>
				<timestamp>115.088411</timestamp>
			</report>
			<report>
				<misses>577001</misses>
				<total>13</total>
				<timestamp>115.288243</timestamp>
			</report>
			<report>
				<misses>578001</misses>
				<total>14</total>
				<timestamp>115.488000</timestamp>
			</report>
			<report>
				<misses>579001</misses>
				<total>14</total>
				<timestamp>115.687774</timestamp>
			</report>
			<report>
				<misses>580001</misses>
				<total>14</total>
				<timestamp>115.887671</timestamp>
			</report>
			<report>
				<misses>581001</misses>
				<total>14</total>
				<timestamp>116.087428</timestamp>
			</report>
			<report>
				<misses>582001</misses>
				<total>14</total>
				<timestamp>116.287158</timestamp>
			</report>
			<report>
				<misses>583001</misses>
				<total>14</total>
				<timestamp>116.487101</timestamp>
			</report>
			<report>
				<misses>584001</misses>
				<total>13</total>
				<timestamp>116.686844</timestamp>
			</report>
			<report>
				<misses>585001</misses>
				<total>14</total>
				<timestamp>116.886597</timestamp>
			</report>
			<report>
				<misses>586001</misses>
				<total>14</total>
				<timestamp>117.086403</timestamp>
			</report>
			<report>
				<misses>587001</misses>
				<total>13</total>
				<timestamp>117.286236</timestamp>
			</report>
			<report>
				<misses>588001</misses>
				<total>14</total>
				<timestamp>117.485998</timestamp>
			</report>
			<report>
				<misses>589001</misses>
				<total>14</total>
				<timestamp>117.685827</timestamp>
			</report>
			<report>
				<misses>590001</misses>
				<total>14</total>
				<timestamp>117.885603</timestamp>
			</report>
			<report>
				<misses>591001</misses>
				<total>14</total>
				<timestamp>118.085422</timestamp>
			</report>
			<report>
				<misses>592001</misses>
				<total>14</total>
				<timestamp>118.285213</timestamp>
			</report>
			<report>
				<misses>593001</misses>
				<total>13</total>
				<timestamp>118.485040</timestamp>
			</report>
			<report>
				<misses>594001</misses>
				<total>14</total>
				<timestamp>118.684821</timestamp>
			</report>
			<report>
				<misses>595001</misses>
				<total>14</total>
				<timestamp>118.884614</timestamp>
			</report>
			<report>
				<misses>596001</misses>
				<total>14</total>
				<timestamp>119.084414</timestamp>
			</report>
			<report>
				<misses>597001</misses>
				<total>14</total>
				<timestamp>119.284200</timestamp>
			</report>
			<report>
				<misses>598001</misses>
				<total>14</total>
				<timestamp>119.483960</timestamp>
			</report>
			<report>
				<misses>599001</misses>
				<total>14</total>
				<timestamp>119.683876</timestamp>
			</report>
			<report>
				<misses>600001</misses>
				<total>13</total>
				<timestamp>119.883587</timestamp>
			</report>
			<report>
				<misses>601001</misses>
				<total>14</total>
				<timestamp>120.083389</timestamp>
			</report>
			<report>
				<misses>602001</misses>
				<total>14</total>
				<timestamp>120.283180</timestamp>
			</report>
			<report>
				<misses>603001</misses>
				<total>14</total>
				<timestamp>120.483021</timestamp>
			</report>
			<report>
				<misses>604001</misses>
				<total>14</total>
				<timestamp>120.682803</timestamp>
			</report>
			<report>
				<misses>605001</misses>
				<total>16</total>
				<timestamp>120.882594</timestamp>
			</report>
			<report>
				<misses>606001</misses>
				<total>16</total>
				<timestamp>121.082437</timestamp>
			</report>
			<report>
				<misses>607001</misses>
				<total>16</total>
				<timestamp>121.282220</timestamp>
			</report>
			<report>
				<misses>608001</misses>
				<total>16</total>
				<timestamp>121.481996</timestamp>
			</report>
			<report>
				<misses>609001</misses>
				<total>16</total>
				<timestamp>121.681769</timestamp>
			</report>
			<report>
				<misses>610001</misses>
				<total>16</total>
				<timestamp>121.881607</timestamp>
			</report>
			<report>
				<misses>611001</misses>
				<total>16</total>
				<timestamp>122.081458</timestamp>
			</report>
			<report>
				<misses>612001</misses>
				<total>16</total>
				<timestamp>122.281212</timestamp>
			</report>
			<report>
				<misses>613001</misses>
				<total>16</total>
				<timestamp>122.481016</timestamp>
			</report>
			<report>
				<misses>614001</misses>
				<total>16</total>
				<timestamp>122.680770</timestamp>
			</report>
			<report>
				<misses>615001</misses>
				<total>16</total>
				<timestamp>122.880591</timestamp>
			</report>
			<report>
				<misses>616001</misses>
				<total>16</total>
				<timestamp>123.080373</timestamp>
			</report>
			<report>
				<misses>617001</misses>
				<total>16</total>
				<timestamp>123.280198</timestamp>
			</report>
			<report>
				<misses>618001</misses>
				<total>16</total>
				<timestamp>123.479975</timestamp>
			</report>
			<report>
				<misses>619001</misses>
				<total>16</total>
				<timestamp>123.679752</timestamp>
			</report>
			<report>
				<misses>620001</misses>
				<total>16</total>
				<timestamp>123.879643</timestamp>
			</report>
			<report>
				<misses>621001</misses>
				<total>16</total>
				<timestamp>124.079360</timestamp>
			</report>
			<report>
				<misses>622001</misses>
				<total>15</total>
				<timestamp>124.279226</timestamp>
			</report>
			<report>
				<misses>623001</misses>
				<total>16</total>
				<timestamp>124.478973</timestamp>
			</report>
			<report>
				<misses>624001</misses>
				<total>16</total>
				<timestamp>124.678774</timestamp>
			</report>
			<report>
				<misses>625001</misses>
				<total>16</total>
				<timestamp>124.878607</timestamp>
			</report>
			<report>
				<misses>626001</misses>
				<total>16</total>
				<timestamp>125.078465</timestamp>
			</report>
			<report>
				<misses>627001</misses>
				<total>15</total>
				<timestamp>125.278208</timestamp>
			</report>
			<report>
				<misses>628001</misses>
				<total>16</total>
				<timestamp>125.478007</timestamp>
			</report>
			<report>
				<misses>629001</misses>
				<total>16</total>
				<timestamp>125.677861</timestamp>
			</report>
			<report>
				<misses>630001</misses>
				<total>16</total>
				<timestamp>125.877632</timestamp>
			</report>
			<report>
				<misses>631001</misses>
				<total>16</total>
				<timestamp>126.077408</timestamp>
			</report>
			<report>
				<misses>632001</misses>
				<total>16</total>
				<timestamp>126.277252</timestamp>
			</report>
			<report>
				<misses>633001</misses>
				<total>16</total>
				<timestamp>126.477016</timestamp>
			</report>
			<report>
				<misses>634001</misses>
				<total>16</total>
				<timestamp>126.676790</timestamp>
			</report>
			<report>
				<misses>635001</misses>
				<total>16</total>
				<timestamp>126.876603</timestamp>
			</report>
			<report>
				<misses>636001</misses>
				<total>16</total>
				<timestamp>127.076437</timestamp>
			</report>
			<report>
				<misses>637001</misses>
				<total>16</total>
				<timestamp>127.276197</timestamp>
			</report>
			<report>
				<misses>638001</misses>
				<total>16</total>
				<timestamp>127.475997</timestamp>
			</report>
			<report>
				<misses>639001</misses>
				<total>16</total>
				<timestamp>127.675772</timestamp>
			</report>
			<report>
				<misses>640001</misses>
				<total>16</total>
				<timestamp>127.875677</timestamp>
			</report>
			<report>
				<misses>641001</misses>
				<total>16</total>
				<timestamp>128.075494</timestamp>
			</report>
			<report>
				<misses>642001</misses>
				<total>16</total>
				<timestamp>128.275160</timestamp>
			</report>
			<report>
				<misses>643001</misses>
				<total>16</total>
				<timestamp>128.474971</timestamp>
			</report>
			<report>
				<misses>644001</misses>
				<total>16</total>
				<timestamp>128.674776</timestamp>
			</report>
			<report>
				<misses>645001</misses>
				<total>16</total>
				<timestamp>128.874608</timestamp>
			</report>
			<report>
				<misses>646001</misses>
				<total>16</total>
				<timestamp>129.074475</timestamp>
			</report>
			<report>
				<misses>647001</misses>
				<total>16</total>
				<timestamp>129.274241</timestamp>
			</report>
			<report>
				<misses>648001</misses>
				<total>16</total>
				<timestamp>129.473981</timestamp>
			</report>
			<report>
				<misses>649001</misses>
				<total>16</total>
				<timestamp>129.673819</timestamp>
			</report>
			<report>
				<misses>650001</misses>
				<total>16</total>
				<timestamp>129.873679</timestamp>
			</report>
			<report>
				<misses>651001</misses>
				<total>15</total>
				<timestamp>130.073432</timestamp>
			</report>
			<report>
				<misses>652001</misses>
				<total>16</total>
				<timestamp>130.273181</timestamp>
			</report>
			<report>
				<misses>653001</misses>
				<total>16</total>
				<timestamp>130.472982</timestamp>
			</report>
			<report>
				<misses>654001</misses>
				<total>15</total>
				<timestamp>130.672928</timestamp>
			</report>
			<report>
				<misses>655001</misses>
				<total>16</total>
				<timestamp>130.872575</timestamp>
			</report>
			<report>
				<misses>656001</misses>
				<total>16</total>
				<timestamp>131.072441</timestamp>
			</report>
			<report>
				<misses>657001</misses>
				<total>18</total>
				<timestamp>131.272291</timestamp>
			</report>
			<report>
				<misses>658001</misses>
				<total>18</total>
				<timestamp>131.472012</timestamp>
			</report>
			<report>
				<misses>659001</misses>
				<total>18</total>
				<timestamp>131.671789</timestamp>
			</report>
			<report>
				<misses>660001</misses>
				<total>18</total>
				<timestamp>131.871642</timestamp>
			</report>
			<report>
				<misses>661001</misses>
				<total>18</total>
				<timestamp>132.071399</timestamp>
			</report>
			<report>
				<misses>662001</misses>
				<total>18</total>
				<timestamp>132.271220</timestamp>
			</report>
			<report>
				<misses>663001</misses>
				<total>18</total>
				<timestamp>132.471077</timestamp>
			</report>
			<report>
				<misses>664001</misses>
				<total>18</total>
				<timestamp>132.670774</timestamp>
			</report>
			<report>
				<misses>665001</misses>
				<total>18</total>
				<timestamp>132.870569</timestamp>
			</report>
			<report>
				<misses>666001</misses>
				<total>18</total>
				<timestamp>133.070418</timestamp>
			</report>
			<report>
				<misses>667001</misses>
				<total>18</total>
				<timestamp>133.270180</timestamp>
			</report>
			<report>
				<misses>668001</misses>
				<total>18</total>
				<timestamp>133.469987</timestamp>
			</report>
			<report>
				<misses>669001</misses>
				<total>18</total>
				<timestamp>133.669949</timestamp>
			</report>
			<report>
				<misses>670001</misses>
				<total>18</total>
				<timestamp>133.869607</timestamp>
			</report>
			<report>
				<misses>671001</misses>
				<total>18</total>
				<timestamp>134.069377</timestamp>
			</report>
			<report>
				<misses>672001</misses>
				<total>18</total>
				<timestamp>134.269276</timestamp>
			</report>
			<report>
				<misses>673001</misses>
				<total>17</total>
				<timestamp>134.468988</timestamp>
			</report>
			<report>
				<misses>674001</misses>
				<total>18</total>
				<timestamp>134.668841</timestamp>
			</report>
			<report>
				<misses>675001</misses>
				<total>19</total>
				<timestamp>134.868565</timestamp>
			</report>
			<report>
				<misses>676001</misses>
				<total>19</total>
				<timestamp>135.068494</timestamp>
			</report>
			<report>
				<misses>677001</misses>
				<total>19</total>
				<timestamp>135.268168</timestamp>
			</report>
			<report>
				<misses>678001</misses>
				<total>19</total>
				<timestamp>135.467973</timestamp>
			</report>
			<report>
				<misses>679001</misses>
				<total>19</total>
				<timestamp>135.667756</timestamp>
			</report>
			<report>
				<misses>680001</misses>
				<total>19</total>
				<timestamp>135.867571</timestamp>
			</report>
			<report>
				<misses>681001</misses>
				<total>19</total>
				<timestamp>136.067459</timestamp>
			</report>
			<report>
				<misses>682001</misses>
				<total>19</total>
				<timestamp>136.267220</timestamp>
			</report>
			<report>
				<misses>683001</misses>
				<total>19</total>
				<timestamp>136.467024</timestamp>
			</report>
			<report>
				<misses>684001</misses>
				<total>19</total>
				<timestamp>136.666787</timestamp>
			</report>
			<report>
				<misses>685001</misses>
				<total>19</total>
				<timestamp>136.866549</timestamp>
			</report>
			<report>
				<misses>686001</misses>
				<total>19</total>
				<timestamp>137.066405</timestamp>
			</report>
			<report>
				<misses>687001</misses>
				<total>19</total>
				<timestamp>137.266192</timestamp>
			</report>
			<report>
				<misses>688001</misses>
				<total>19</total>
				<timestamp>137.465980</timestamp>
			</report>
			<report>
				<misses>689001</misses>
				<total>19</total>
				<timestamp>137.665816</timestamp>
			</report>
			<report>
				<misses>690001</misses>
				<total>19</total>
				<timestamp>137.865627</timestamp>
			</report>
			<report>
				<misses>691001</misses>
				<total>19</total>
				<timestamp>138.065375</timestamp>
			</report>
			<report>
				<misses>692001</misses>
				<total>19</total>
				<timestamp>138.265216</timestamp>
			</report>
			<report>
				<misses>693001</misses>
				<total>19</total>
				<timestamp>138.464976</timestamp>
			</report>
			<report>
				<misses>694001</misses>
				<total>19</total>
				<timestamp>138.664776</timestamp>
			</report>
			<report>
				<misses>695001</misses>
				<total>19</total>
				<timestamp>138.864573</timestamp>
			</report>
			<report>
				<misses>696001</misses>
				<total>18</total>
				<timestamp>139.064404</timestamp>
			</report>
			<report>
				<misses>697001</misses>
				<total>19</total>
				<timestamp>139.264193</timestamp>
			</report>
			<report>
				<misses>698001</misses>
				<total>19</total>
				<timestamp>139.464009</timestamp>
			</report>
			<report>
				<misses>699001</misses>
				<total>19</total>
				<timestamp>139.663776</timestamp>
			</report>
			<report>
				<misses>700001</misses>
				<total>19</total>
				<timestamp>139.863586</timestamp>
			</report>
			<report>
				<misses>701001</misses>
				<total>19</total>
				<timestamp>140.063464</timestamp>
			</report>
			<report>
				<misses>702001</misses>
				<total>19</total>
				<timestamp>140.263173</timestamp>
			</report>
			<report>
				<misses>703001</misses>
				<total>19</total>
				<timestamp>140.463000</timestamp>
			</report>
			<report>
				<misses>704001</misses>
				<total>19</total>
				<timestamp>140.662881</timestamp>
			</report>
			<report>
				<misses>705001</misses>
				<total>19</total>
				<timestamp>140.862594</timestamp>
			</report>
			<report>
				<misses>706001</misses>
				<total>19</total>
				<timestamp>141.062389</timestamp>
			</report>
			<report>
				<misses>707001</misses>
				<total>19</total>
				<timestamp>141.262210</timestamp>
			</report>
			<report>
				<misses>708001</misses>
				<total>19</total>
				<timestamp>141.462025</timestamp>
			</report>
			<report>
				<misses>709001</misses>
				<total>19</total>
				<timestamp>141.661828</timestamp>
			</report>
			<report>
				<misses>710001</misses>
				<total>19</total>
				<timestamp>141.861564</timestamp>
			</report>
			<report>
				<misses>711001</misses>
				<total>19</total>
				<timestamp>142.061366</timestamp>
			</report>
			<report>
				<misses>712001</misses>
				<total>18</total>
				<timestamp>142.261291</timestamp>
			</report>
			<report>
				<misses>713001</misses>
				<total>18</total>
				<timestamp>142.461006</timestamp>
			</report>
			<report>
				<misses>714001</misses>
				<total>19</total>
				<timestamp>142.660780</timestamp>
			</report>
			<report>
				<misses>715001</misses>
				<total>19</total>
				<timestamp>142.860570</timestamp>
			</report>
			<report>
				<misses>716001</misses>
				<total>19</total>
				<timestamp>143.060467</timestamp>
			</report>
			<report>
				<misses>717001</misses>
				<total>19</total>
				<timestamp>143.260226</timestamp>
			</report>
			<report>
				<misses>718001</misses>
				<total>19</total>
				<timestamp>143.459977</timestamp>
			</report>
			<report>
				<misses>719001</misses>
				<total>19</total>
				<timestamp>143.659764</timestamp>
			</report>
			<report>
				<misses>720001</misses>
				<total>19</total>
				<timestamp>143.859577</timestamp>
			</report>
			<report>
				<misses>721001</misses>
				<total>19</total>
				<timestamp>144.059457</timestamp>
			</report>
			<report>
				<misses>722001</misses>
				<total>19</total>
				<timestamp>144.259214</timestamp>
			</report>
			<report>
				<misses>723001</misses>
				<total>19</total>
				<timestamp>144.459043</timestamp>
			</report>
			<report>
				<misses>724001</misses>
				<total>19</total>
				<timestamp>144.658816</timestamp>
			</report>
			<report>
				<misses>725001</misses>
				<total>19</total>
				<timestamp>144.858578</timestamp>
			</report>
			<report>
				<misses>726001</misses>
				<total>18</total>
				<timestamp>145.058428</timestamp>
			</report>
			<report>
				<misses>727001</misses>
				<total>19</total>
				<timestamp>145.258195</timestamp>
			</report>
			<report>
				<misses>728001</misses>
				<total>19</total>
				<timestamp>145.457963</timestamp>
			</report>
			<report>
				<misses>729001</misses>
				<total>19</total>
				<timestamp>145.657831</timestamp>
			</report>
			<report>
				<misses>730001</misses>
				<total>18</total>
				<timestamp>145.857577</timestamp>
			</report>
			<report>
				<misses>731001</misses>
				<total>20</total>
				<timestamp>146.057395</timestamp>
			</report>
			<report>
				<misses>732001</misses>
				<total>20</total>
				<timestamp>146.257235</timestamp>
			</report>
			<report>
				<misses>733001</misses>
				<total>20</total>
				<timestamp>146.456971</timestamp>
			</report>
			<report>
				<misses>734001</misses>
				<total>20</total>
				<timestamp>146.656785</timestamp>
			</report>
			<report>
				<misses>735001</misses>
				<total>20</total>
				<timestamp>146.856614</timestamp>
			</report>
			<report>
				<misses>736001</misses>
				<total>20</total>
				<timestamp>147.056400</timestamp>
			</report>
			<report>
				<misses>737001</misses>
				<total>20</total>
				<timestamp>147.256178</timestamp>
			</report>
			<report>
				<misses>738001</misses>
				<total>20</total>
				<timestamp>147.455963</timestamp>
			</report>
			<report>
				<misses>739001</misses>
				<total>20</total>
				<timestamp>147.655785</timestamp>
			</report>
			<report>
				<misses>740001</misses>
				<total>20</total>
				<timestamp>147.855569</timestamp>
			</report>
			<report>
				<misses>741001</misses>
				<total>20</total>
				<timestamp>148.055423</timestamp>
			</report>
			<report>
				<misses>742001</misses>
				<total>20</total>
				<timestamp>148.255303</timestamp>
			</report>
			<report>
				<misses>743001</misses>
				<total>20</total>
				<timestamp>148.455046</timestamp>
			</report>
			<report>
				<misses>744001</misses>
				<total>19</total>
				<timestamp>148.654830</timestamp>
			</report>
			<report>
				<misses>745001</misses>
				<total>20</total>
				<timestamp>148.854570</timestamp>
			</report>
			<report>
				<misses>746001</misses>
				<total>20</total>
				<timestamp>149.054407</timestamp>
			</report>
			<report>
				<misses>747001</misses>
				<total>20</total>
				<timestamp>149.254190</timestamp>
			</report>
			<report>
				<misses>748001</misses>
				<total>20</total>
				<timestamp>149.453981</timestamp>
			</report>
			<report>
				<misses>749001</misses>
				<total>20</total>
				<timestamp>149.653907</timestamp>
			</report>
			<report>
				<misses>750001</misses>
				<total>19</total>
				<timestamp>149.853627</timestamp>
			</report>
			<report>
				<misses>751001</misses>
				<total>20</total>
				<timestamp>150.053399</timestamp>
			</report>
			<report>
				<misses>752001</misses>
				<total>20</total>
				<timestamp>150.253265</timestamp>
			</report>
			<report>
				<misses>753001</misses>
				<total>20</total>
				<timestamp>150.452964</timestamp>
			</report>
			<report>
				<misses>754001</misses>
				<total>19</total>
				<timestamp>150.652770</timestamp>
			</report>
			<report>
				<misses>755001</misses>
				<total>20</total>
				<timestamp>150.852568</timestamp>
			</report>
			<report>
				<misses>756001</misses>
				<total>20</total>
				<timestamp>151.052377</timestamp>
			</report>
			<report>
				<misses>757001</misses>
				<total>20</total>
				<timestamp>151.252188</timestamp>
			</report>
			<report>
				<misses>758001</misses>
				<total>19</total>
				<timestamp>151.451979</timestamp>
			</report>
			<report>
				<misses>759001</misses>
				<total>19</total>
				<timestamp>151.651780</timestamp>
			</report>
			<report>
				<misses>760001</misses>
				<total>20</total>
				<timestamp>151.851577</timestamp>
			</report>
			<report>
				<misses>761001</misses>
				<total>20</total>
				<timestamp>152.051386</timestamp>
			</report>
			<report>
				<misses>762001</misses>
				<total>20</total>
				<timestamp>152.251359</timestamp>
			</report>
			<report>
				<misses>763001</misses>
				<total>20</total>
				<timestamp>152.451058</timestamp>
			</report>
			<report>
				<misses>764001</misses>
				<total>20</total>
				<timestamp>152.650838</timestamp>
			</report>
			<report>
				<misses>765001</misses>
				<total>20</total>
				<timestamp>152.850656</timestamp>
			</report>
			<report>
				<misses>766001</misses>
				<total>20</total>
				<timestamp>153.050402</timestamp>
			</report>
			<report>
				<misses>767001</misses>
				<total>20</total>
				<timestamp>153.250250</timestamp>
			</report>
			<report>
				<misses>768001</misses>
				<total>20</total>
				<timestamp>153.449985</timestamp>
			</report>
			<report>
				<misses>769001</misses>
				<total>20</total>
				<timestamp>153.649842</timestamp>
			</report>
			<report>
				<misses>770001</misses>
				<total>20</total>
				<timestamp>153.849571</timestamp>
			</report>
			<report>
				<misses>771001</misses>
				<total>20</total>
				<timestamp>154.049411</timestamp>
			</report>
			<report>
				<misses>772001</misses>
				<total>20</total>
				<timestamp>154.249259</timestamp>
			</report>
			<report>
				<misses>773001</misses>
				<total>20</total>
				<timestamp>154.448956</timestamp>
			</report>
			<report>
				<misses>774001</misses>
				<total>20</total>
				<timestamp>154.648847</timestamp>
			</report>
			<report>
				<misses>775001</misses>
				<total>20</total>
				<timestamp>154.848570</timestamp>
			</report>
			<report>
				<misses>776001</misses>
				<total>20</total>
				<timestamp>155.048367</timestamp>
			</report>
			<report>
				<misses>777001</misses>
				<total>20</total>
				<timestamp>155.248248</timestamp>
			</report>
			<report>
				<misses>778001</misses>
				<total>20</total>
				<timestamp>155.447951</timestamp>
			</report>
			<report>
				<misses>779001</misses>
				<total>20</total>
				<timestamp>155.647764</timestamp>
			</report>
			<report>
				<misses>780001</misses>
				<total>20</total>
				<timestamp>155.847590</timestamp>
			</report>
			<report>
				<misses>781001</misses>
				<total>20</total>
				<timestamp>156.047447</timestamp>
			</report>
			<report>
				<misses>782001</misses>
				<total>20</total>
				<timestamp>156.247296</timestamp>
			</report>
			<report>
				<misses>783001</misses>
				<total>20</total>
				<timestamp>156.446974</timestamp>
			</report>
			<report>
				<misses>784001</misses>
				<total>20</total>
				<timestamp>156.646771</timestamp>
			</report>
			<report>
				<misses>785001</misses>
				<total>20</total>
				<timestamp>156.846565</timestamp>
			</report>
			<report>
				<misses>786001</misses>
				<total>20</total>
				<timestamp>157.046449</timestamp>
			</report>
			<report>
				<misses>787001</misses>
				<total>19</total>
				<timestamp>157.246230</timestamp>
			</report>
			<report>
				<misses>788001</misses>
				<total>20</total>
				<timestamp>157.446051</timestamp>
			</report>
			<report>
				<misses>789001</misses>
				<total>20</total>
				<timestamp>157.645820</timestamp>
			</report>
			<report>
				<misses>790001</misses>
				<total>20</total>
				<timestamp>157.845579</timestamp>
			</report>
			<report>
				<misses>791001</misses>
				<total>20</total>
				<timestamp>158.045378</timestamp>
			</report>
			<report>
				<misses>792001</misses>
				<total>20</total>
				<timestamp>158.245205</timestamp>
			</report>
			<report>
				<misses>793001</misses>
				<total>20</total>
				<timestamp>158.444998</timestamp>
			</report>
			<report>
				<misses>794001</misses>
				<total>20</total>
				<timestamp>158.644869</timestamp>
			</report>
			<report>
				<misses>795001</misses>
				<total>20</total>
				<timestamp>158.844579</timestamp>
			</report>
			<report>
				<misses>796001</misses>
				<total>20</total>
				<timestamp>159.044391</timestamp>
			</report>
			<report>
				<misses>797001</misses>
				<total>20</total>
				<timestamp>159.244249</timestamp>
			</report>
			<report>
				<misses>798001</misses>
				<total>20</total>
				<timestamp>159.444016</timestamp>
			</report>
			<report>
				<misses>799001</misses>
				<total>20</total>
				<timestamp>159.643803</timestamp>
			</report>
			<report>
				<misses>800001</misses>
				<total>20</total>
				<timestamp>159.843577</timestamp>
			</report>
			<report>
				<misses>801001</misses>
				<total>20</total>
				<timestamp>160.043440</timestamp>
			</report>
			<report>
				<misses>802001</misses>
				<total>20</total>
				<timestamp>160.243261</timestamp>
			</report>
			<report>
				<misses>803001</misses>
				<total>20</total>
				<timestamp>160.442964</timestamp>
			</report>
			<report>
				<misses>804001</misses>
				<total>20</total>
				<timestamp>160.642808</timestamp>
			</report>
			<report>
				<misses>805001</misses>
				<total>20</total>
				<timestamp>160.842569</timestamp>
			</report>
			<report>
				<misses>806001</misses>
				<total>20</total>
				<timestamp>161.042389</timestamp>
			</report>
			<report>
				<misses>807001</misses>
				<total>20</total>
				<timestamp>161.242222</timestamp>
			</report>
			<report>
				<misses>808001</misses>
				<total>20</total>
				<timestamp>161.441979</timestamp>
			</report>
			<report>
				<misses>809001</misses>
				<total>20</total>
				<timestamp>161.641845</timestamp>
			</report>
			<report>
				<misses>810001</misses>
				<total>20</total>
				<timestamp>161.841603</timestamp>
			</report>
			<report>
				<misses>811001</misses>
				<total>20</total>
				<timestamp>162.041441</timestamp>
			</report>
			<report>
				<misses>812001</misses>
				<total>20</total>
				<timestamp>162.241221</timestamp>
			</report>
			<report>
				<misses>813001</misses>
				<total>19</total>
				<timestamp>162.441006</timestamp>
			</report>
			<report>
				<misses>814001</misses>
				<total>20</total>
				<timestamp>162.640831</timestamp>
			</report>
			<report>
				<misses>815001</misses>
				<total>20</total>
				<timestamp>162.840612</timestamp>
			</report>
			<report>
				<misses>816001</misses>
				<total>20</total>
				<timestamp>163.040431</timestamp>
			</report>
			<report>
				<misses>817001</misses>
				<total>20</total>
				<timestamp>163.240222</timestamp>
			</report>
			<report>
				<misses>818001</misses>
				<total>20</total>
				<timestamp>163.440008</timestamp>
			</report>
			<report>
				<misses>819001</misses>
				<total>20</total>
				<timestamp>163.639815</timestamp>
			</report>
			<report>
				<misses>820001</misses>
				<total>20</total>
				<timestamp>163.839603</timestamp>
			</report>
			<report>
				<misses>821001</misses>
				<total>20</total>
				<timestamp>164.039421</timestamp>
			</report>
			<report>
				<misses>822001</misses>
				<total>19</total>
				<timestamp>164.239224</timestamp>
			</report>
			<report>
				<misses>823001</misses>
				<total>20</total>
				<timestamp>164.439032</timestamp>
			</report>
			<report>
				<misses>824001</misses>
				<total>20</total>
				<timestamp>164.638799</timestamp>
			</report>
			<report>
				<misses>825001</misses>
				<total>20</total>
				<timestamp>164.838614</timestamp>
			</report>
			<report>
				<misses>826001</misses>
				<total>20</total>
				<timestamp>165.038371</timestamp>
			</report>
			<report>
				<misses>827001</misses>
				<total>20</total>
				<timestamp>165.238230</timestamp>
			</report>
			<report>
				<misses>828001</misses>
				<total>20</total>
				<timestamp>165.437965</timestamp>
			</report>
			<report>
				<misses>829001</misses>
				<total>19</total>
				<timestamp>165.637829</timestamp>
			</report>
			<report>
				<misses>830001</misses>
				<total>20</total>
				<timestamp>165.837586</timestamp>
			</report>
			<report>
				<misses>831001</misses>
				<total>20</total>
				<timestamp>166.037398</timestamp>
			</report>
			<report>
				<misses>832001</misses>
				<total>20</total>
				<timestamp>166.237234</timestamp>
			</report>
			<report>
				<misses>833001</misses>
				<total>20</total>
				<timestamp>166.437061</timestamp>
			</report>
			<report>
				<misses>834001</misses>
				<total>20</total>
				<timestamp>166.636786</timestamp>
			</report>
			<report>
				<misses>835001</misses>
				<total>20</total>
				<timestamp>166.836587</timestamp>
			</report>
			<report>
				<misses>836001</misses>
				<total>20</total>
				<timestamp>167.036381</timestamp>
			</report>
			<report>
				<misses>837001</misses>
				<total>20</total>
				<timestamp>167.236220</timestamp>
			</report>
			<report>
				<misses>838001</misses>
				<total>20</total>
				<timestamp>167.436014</timestamp>
			</report>
			<report>
				<misses>839001</misses>
				<total>20</total>
				<timestamp>167.635781</timestamp>
			</report>
			<report>
				<misses>840001</misses>
				<total>20</total>
				<timestamp>167.835566</timestamp>
			</report>
			<report>
				<misses>841001</misses>
				<total>20</total>
				<timestamp>168.035449</timestamp>
			</report>
			<report>
				<misses>842001</misses>
				<total>20</total>
				<timestamp>168.235180</timestamp>
			</report>
			<report>
				<misses>843001</misses>
				<total>20</total>
				<timestamp>168.434954</timestamp>
			</report>
			<report>
				<misses>844001</misses>
				<total>20</total>
				<timestamp>168.634835</timestamp>
			</report>
			<report>
				<misses>845001</misses>
				<total>20</total>
				<timestamp>168.834558</timestamp>
			</report>
			<report>
				<misses>846001</misses>
				<total>20</total>
				<timestamp>169.034427</timestamp>
			</report>
			<report>
				<misses>847001</misses>
				<total>20</total>
				<timestamp>169.234189</timestamp>
			</report>
			<report>
				<misses>848001</misses>
				<total>20</total>
				<timestamp>169.433956</timestamp>
			</report>
			<report>
				<misses>849001</misses>
				<total>20</total>
				<timestamp>169.633895</timestamp>
			</report>
			<report>
				<misses>850001</misses>
				<total>19</total>
				<timestamp>169.833622</timestamp>
			</report>
			<report>
				<misses>851001</misses>
				<total>20</total>
				<timestamp>170.033391</timestamp>
			</report>
			<report>
				<misses>852001</misses>
				<total>20</total>
				<timestamp>170.233493</timestamp>
			</report>
			<report>
				<misses>853001</misses>
				<total>20</total>
				<timestamp>170.433194</timestamp>
			</report>
			<report>
				<misses>854001</misses>
				<total>20</total>
				<timestamp>170.633003</timestamp>
			</report>
			<report>
				<misses>855001</misses>
				<total>20</total>
				<timestamp>170.832774</timestamp>
			</report>
			<report>
				<misses>856001</misses>
				<total>20</total>
				<timestamp>171.032625</timestamp>
			</report>
			<report>
				<misses>857001</misses>
				<total>20</total>
				<timestamp>171.232457</timestamp>
			</report>
			<report>
				<misses>858001</misses>
				<total>19</total>
				<timestamp>171.432300</timestamp>
			</report>
			<report>
				<misses>859001</misses>
				<total>19</total>
				<timestamp>171.632078</timestamp>
			</report>
			<report>
				<misses>860001</misses>
				<total>20</total>
				<timestamp>171.831836</timestamp>
			</report>
			<report>
				<misses>861001</misses>
				<total>20</total>
				<timestamp>172.031571</timestamp>
			</report>
			<report>
				<misses>862001</misses>
				<total>20</total>
				<timestamp>172.231371</timestamp>
			</report>
			<report>
				<misses>863001</misses>
				<total>20</total>
				<timestamp>172.431195</timestamp>
			</report>
			<report>
				<misses>864001</misses>
				<total>20</total>
				<timestamp>172.631011</timestamp>
			</report>
			<report>
				<misses>865001</misses>
				<total>20</total>
				<timestamp>172.830762</timestamp>
			</report>
			<report>
				<misses>866001</misses>
				<total>20</total>
				<timestamp>173.030578</timestamp>
			</report>
			<report>
				<misses>867001</misses>
				<total>20</total>
				<timestamp>173.230387</timestamp>
			</report>
			<report>
				<misses>868001</misses>
				<total>22</total>
				<timestamp>173.430166</timestamp>
			</report>
			<report>
				<misses>869001</misses>
				<total>22</total>
				<timestamp>173.629986</timestamp>
			</report>
			<report>
				<misses>870001</misses>
				<total>22</total>
				<timestamp>173.829843</timestamp>
			</report>
			<report>
				<misses>871001</misses>
				<total>22</total>
				<timestamp>174.029565</timestamp>
			</report>
			<report>
				<misses>872001</misses>
				<total>22</total>
				<timestamp>174.229373</timestamp>
			</report>
			<report>
				<misses>873001</misses>
				<total>22</total>
				<timestamp>174.429298</timestamp>
			</report>
			<report>
				<misses>874001</misses>
				<total>22</total>
				<timestamp>174.629045</timestamp>
			</report>
			<report>
				<misses>875001</misses>
				<total>22</total>
				<timestamp>174.828776</timestamp>
			</report>
			<report>
				<misses>876001</misses>
				<total>22</total>
				<timestamp>175.028559</timestamp>
			</report>
			<report>
				<misses>877001</misses>
				<total>22</total>
				<timestamp>175.228356</timestamp>
			</report>
			<report>
				<misses>878001</misses>
				<total>22</total>
				<timestamp>175.428288</timestamp>
			</report>
			<report>
				<misses>879001</misses>
				<total>22</total>
				<timestamp>175.628022</timestamp>
			</report>
			<report>
				<misses>880001</misses>
				<total>22</total>
				<timestamp>175.827882</timestamp>
			</report>
			<report>
				<misses>881001</misses>
				<total>22</total>
				<timestamp>176.027662</timestamp>
			</report>
			<report>
				<misses>882001</misses>
				<total>22</total>
				<timestamp>176.227392</timestamp>
			</report>
			<report>
				<misses>883001</misses>
				<total>22</total>
				<timestamp>176.427218</timestamp>
			</report>
			<report>
				<misses>884001</misses>
				<total>22</total>
				<timestamp>176.626993</timestamp>
			</report>
			<report>
				<misses>885001</misses>
				<total>22</total>
				<timestamp>176.826789</timestamp>
			</report>
			<report>
				<misses>886001</misses>
				<total>22</total>
				<timestamp>177.026578</timestamp>
			</report>
			<report>
				<misses>887001</misses>
				<total>22</total>
				<timestamp>177.226499</timestamp>
			</report>
			<report>
				<misses>888001</misses>
				<total>22</total>
				<timestamp>177.426259</timestamp>
			</report>
			<report>
				<misses>889001</misses>
				<total>22</total>
				<timestamp>177.626002</timestamp>
			</report>
			<report>
				<misses>890001</misses>
				<total>21</total>
				<timestamp>177.825807</timestamp>
			</report>
			<report>
				<misses>891001</misses>
				<total>22</total>
				<timestamp>178.025590</timestamp>
			</report>
			<report>
				<misses>892001</misses>
				<total>22</total>
				<timestamp>178.225362</timestamp>
			</report>
			<report>
				<misses>893001</misses>
				<total>22</total>
				<timestamp>178.425172</timestamp>
			</report>
			<report>
				<misses>894001</misses>
				<total>22</total>
				<timestamp>178.625018</timestamp>
			</report>
			<report>
				<misses>895001</misses>
				<total>22</total>
				<timestamp>178.824847</timestamp>
			</report>
			<report>
				<misses>896001</misses>
				<total>22</total>
				<timestamp>179.024598</timestamp>
			</report>
			<report>
				<misses>897001</misses>
				<total>22</total>
				<timestamp>179.224398</timestamp>
			</report>
			<report>
				<misses>898001</misses>
				<total>22</total>
				<timestamp>179.424230</timestamp>
			</report>
			<report>
				<misses>899001</misses>
				<total>22</total>
				<timestamp>179.624012</timestamp>
			</report>
			<report>
				<misses>900001</misses>
				<total>21</total>
				<timestamp>179.823799</timestamp>
			</report>
			<report>
				<misses>901001</misses>
				<total>22</total>
				<timestamp>180.023567</timestamp>
			</report>
			<report>
				<misses>902001</misses>
				<total>22</total>
				<timestamp>180.223448</timestamp>
			</report>
			<report>
				<misses>903001</misses>
				<total>22</total>
				<timestamp>180.423273</timestamp>
			</report>
			<report>
				<misses>904001</misses>
				<total>22</total>
				<timestamp>180.623089</timestamp>
			</report>
			<report>
				<misses>905001</misses>
				<total>22</total>
				<timestamp>180.822790</timestamp>
			</report>
			<report>
				<misses>906001</misses>
				<total>22</total>
				<timestamp>181.022580</timestamp>
			</report>
			<report>
				<misses>907001</misses>
				<total>21</total>
				<timestamp>181.222387</timestamp>
			</report>
			<report>
				<misses>908001</misses>
				<total>22</total>
				<timestamp>181.422190</timestamp>
			</report>
			<report>
				<misses>909001</misses>
				<total>22</total>
				<timestamp>181.621978</timestamp>
			</report>
			<report>
				<misses>910001</misses>
				<total>22</total>
				<timestamp>181.821809</timestamp>
			</report>
			<report>
				<misses>911001</misses>
				<total>22</total>
				<timestamp>182.021641</timestamp>
			</report>
			<report>
				<misses>912001</misses>
				<total>22</total>
				<timestamp>182.221409</timestamp>
			</report>
			<report>
				<misses>913001</misses>
				<total>22</total>
				<timestamp>182.421220</timestamp>
			</report>
			<report>
				<misses>914001</misses>
				<total>22</total>
				<timestamp>182.620965</timestamp>
			</report>
			<report>
				<misses>915001</misses>
				<total>22</total>
				<timestamp>182.820791</timestamp>
			</report>
			<report>
				<misses>916001</misses>
				<total>22</total>
				<timestamp>183.020575</timestamp>
			</report>
			<report>
				<misses>917001</misses>
				<total>22</total>
				<timestamp>183.220451</timestamp>
			</report>
			<report>
				<misses>918001</misses>
				<total>22</total>
				<timestamp>183.420201</timestamp>
			</report>
			<report>
				<misses>919001</misses>
				<total>22</total>
				<timestamp>183.619992</timestamp>
			</report>
			<report>
				<misses>920001</misses>
				<total>22</total>
				<timestamp>183.819789</timestamp>
			</report>
			<report>
				<misses>921001</misses>
				<total>22</total>
				<timestamp>184.019638</timestamp>
			</report>
			<report>
				<misses>922001</misses>
				<total>22</total>
				<timestamp>184.219417</timestamp>
			</report>
			<report>
				<misses>923001</misses>
				<total>22</total>
				<timestamp>184.419204</timestamp>
			</report>
			<report>
				<misses>924001</misses>
				<total>22</total>
				<timestamp>184.619027</timestamp>
			</report>
			<report>
				<misses>925001</misses>
				<total>22</total>
				<timestamp>184.818799</timestamp>
			</report>
			<report>
				<misses>926001</misses>
				<total>22</total>
				<timestamp>185.018622</timestamp>
			</report>
			<report>
				<misses>927001</misses>
				<total>22</total>
				<timestamp>185.218381</timestamp>
			</report>
			<report>
				<misses>928001</misses>
				<total>22</total>
				<timestamp>185.418179</timestamp>
			</report>
			<report>
				<misses>929001</misses>
				<total>22</total>
				<timestamp>185.618014</timestamp>
			</report>
			<report>
				<misses>930001</misses>
				<total>22</total>
				<timestamp>185.817786</timestamp>
			</report>
			<report>
				<misses>931001</misses>
				<total>22</total>
				<timestamp>186.017576</timestamp>
			</report>
			<report>
				<misses>932001</misses>
				<total>22</total>
				<timestamp>186.217494</timestamp>
			</report>
			<report>
				<misses>933001</misses>
				<total>22</total>
				<timestamp>186.417284</timestamp>
			</report>
			<report>
				<misses>934001</misses>
				<total>22</total>
				<timestamp>186.617023</timestamp>
			</report>
			<report>
				<misses>935001</misses>
				<total>22</total>
				<timestamp>186.816769</timestamp>
			</report>
			<report>
				<misses>936001</misses>
				<total>22</total>
				<timestamp>187.016673</timestamp>
			</report>
			<report>
				<misses>937001</misses>
				<total>22</total>
				<timestamp>187.216499</timestamp>
			</report>
			<report>
				<misses>938001</misses>
				<total>22</total>
				<timestamp>187.416194</timestamp>
			</report>
			<report>
				<misses>939001</misses>
				<total>22</total>
				<timestamp>187.615994</timestamp>
			</report>
			<report>
				<misses>940001</misses>
				<total>22</total>
				<timestamp>187.815775</timestamp>
			</report>
			<report>
				<misses>941001</misses>
				<total>22</total>
				<timestamp>188.015580</timestamp>
			</report>
			<report>
				<misses>942001</misses>
				<total>22</total>
				<timestamp>188.215385</timestamp>
			</report>
			<report>
				<misses>943001</misses>
				<total>22</total>
				<timestamp>188.415305</timestamp>
			</report>
			<report>
				<misses>944001</misses>
				<total>22</total>
				<timestamp>188.615083</timestamp>
			</report>
			<report>
				<misses>945001</misses>
				<total>22</total>
				<timestamp>188.814886</timestamp>
			</report>
			<report>
				<misses>946001</misses>
				<total>22</total>
				<timestamp>189.014578</timestamp>
			</report>
			<report>
				<misses>947001</misses>
				<total>22</total>
				<timestamp>189.214368</timestamp>
			</report>
			<report>
				<misses>948001</misses>
				<total>22</total>
				<timestamp>189.414185</timestamp>
			</report>
			<report>
				<misses>949001</misses>
				<total>22</total>
				<timestamp>189.613972</timestamp>
			</report>
			<report>
				<misses>950001</misses>
				<total>22</total>
				<timestamp>189.813858</timestamp>
			</report>
			<report>
				<misses>951001</misses>
				<total>22</total>
				<timestamp>190.013602</timestamp>
			</report>
			<report>
				<misses>952001</misses>
				<total>22</total>
				<timestamp>190.213381</timestamp>
			</report>
			<report>
				<misses>953001</misses>
				<total>22</total>
				<timestamp>190.413165</timestamp>
			</report>
			<report>
				<misses>954001</misses>
				<total>22</total>
				<timestamp>190.612986</timestamp>
			</report>
			<report>
				<misses>955001</misses>
				<total>22</total>
				<timestamp>190.812811</timestamp>
			</report>
			<report>
				<misses>956001</misses>
				<total>22</total>
				<timestamp>191.012651</timestamp>
			</report>
			<report>
				<misses>957001</misses>
				<total>22</total>
				<timestamp>191.212371</timestamp>
			</report>
			<report>
				<misses>958001</misses>
				<total>22</total>
				<timestamp>191.412205</timestamp>
			</report>
			<report>
				<misses>959001</misses>
				<total>22</total>
				<timestamp>191.612111</timestamp>
			</report>
			<report>
				<misses>960001</misses>
				<total>22</total>
				<timestamp>191.811876</timestamp>
			</report>
			<report>
				<misses>961001</misses>
				<total>22</total>
				<timestamp>192.011671</timestamp>
			</report>
			<report>
				<misses>962001</misses>
				<total>21</total>
				<timestamp>192.211407</timestamp>
			</report>
			<report>
				<misses>963001</misses>
				<total>22</total>
				<timestamp>192.411182</timestamp>
			</report>
			<report>
				<misses>964001</misses>
				<total>22</total>
				<timestamp>192.611002</timestamp>
			</report>
			<report>
				<misses>965001</misses>
				<total>22</total>
				<timestamp>192.810796</timestamp>
			</report>
			<report>
				<misses>966001</misses>
				<total>22</total>
				<timestamp>193.010608</timestamp>
			</report>
			<report>
				<misses>967001</misses>
				<total>22</total>
				<timestamp>193.210407</timestamp>
			</report>
			<report>
				<misses>968001</misses>
				<total>22</total>
				<timestamp>193.410303</timestamp>
			</report>
			<report>
				<misses>969001</misses>
				<total>22</total>
				<timestamp>193.610042</timestamp>
			</report>
			<report>
				<misses>970001</misses>
				<total>22</total>
				<timestamp>193.809791</timestamp>
			</report>
			<report>
				<misses>971001</misses>
				<total>22</total>
				<timestamp>194.009626</timestamp>
			</report>
			<report>
				<misses>972001</misses>
				<total>22</total>
				<timestamp>194.209401</timestamp>
			</report>
			<report>
				<misses>973001</misses>
				<total>22</total>
				<timestamp>194.409173</timestamp>
			</report>
			<report>
				<misses>974001</misses>
				<total>22</total>
				<timestamp>194.609096</timestamp>
			</report>
			<report>
				<misses>975001</misses>
				<total>22</total>
				<timestamp>194.808801</timestamp>
			</report>
			<report>
				<misses>976001</misses>
				<total>22</total>
				<timestamp>195.008642</timestamp>
			</report>
			<report>
				<misses>977001</misses>
				<total>22</total>
				<timestamp>195.208371</timestamp>
			</report>
			<report>
				<misses>978001</misses>
				<total>22</total>
				<timestamp>195.408296</timestamp>
			</report>
			<report>
				<misses>979001</misses>
				<total>22</total>
				<timestamp>195.608024</timestamp>
			</report>
			<report>
				<misses>980001</misses>
				<total>22</total>
				<timestamp>195.807779</timestamp>
			</report>
			<report>
				<misses>981001</misses>
				<total>22</total>
				<timestamp>196.007614</timestamp>
			</report>
			<report>
				<misses>982001</misses>
				<total>22</total>
				<timestamp>196.207419</timestamp>
			</report>
			<report>
				<misses>983001</misses>
				<total>22</total>
				<timestamp>196.407210</timestamp>
			</report>
			<report>
				<misses>984001</misses>
				<total>22</total>
				<timestamp>196.607056</timestamp>
			</report>
			<report>
				<misses>985001</misses>
				<total>22</total>
				<timestamp>196.806873</timestamp>
			</report>
			<report>
				<misses>986001</misses>
				<total>22</total>
				<timestamp>197.006583</timestamp>
			</report>
			<report>
				<misses>987001</misses>
				<total>22</total>
				<timestamp>197.206417</timestamp>
			</report>
			<report>
				<misses>988001</misses>
				<total>22</total>
				<timestamp>197.406176</timestamp>
			</report>
			<report>
				<misses>989001</misses>
				<total>22</total>
				<timestamp>197.606024</timestamp>
			</report>
			<report>
				<misses>990001</misses>
				<total>22</total>
				<timestamp>197.805786</timestamp>
			</report>
			<report>
				<misses>991001</misses>
				<total>22</total>
				<timestamp>198.005590</timestamp>
			</report>
			<report>
				<misses>992001</misses>
				<total>22</total>
				<timestamp>198.205391</timestamp>
			</report>
			<report>
				<misses>993001</misses>
				<total>22</total>
				<timestamp>198.405199</timestamp>
			</report>
			<report>
				<misses>994001</misses>
				<total>22</total>
				<timestamp>198.605022</timestamp>
			</report>
			<report>
				<misses>995001</misses>
				<total>22</total>
				<timestamp>198.804796</timestamp>
			</report>
			<report>
				<misses>996001</misses>
				<total>22</total>
				<timestamp>199.004581</timestamp>
			</report>
			<report>
				<misses>997001</misses>
				<total>22</total>
				<timestamp>199.204401</timestamp>
			</report>
			<report>
				<misses>998001</misses>
				<total>22</total>
				<timestamp>199.404183</timestamp>
			</report>
			<report>
				<misses>999001</misses>
				<total>22</total>
				<timestamp>199.604028</timestamp>
			</report>
			<report>
				<misses>1000001</misses>
				<total>22</total>
				<timestamp>199.803838</timestamp>
			</report>
			<report>
				<misses>1001001</misses>
				<total>22</total>
				<timestamp>200.003575</timestamp>
			</report>
			<report>
				<misses>1002001</misses>
				<total>21</total>
				<timestamp>200.203429</timestamp>
			</report>
			<report>
				<misses>1003001</misses>
				<total>22</total>
				<timestamp>200.403254</timestamp>
			</report>
			<report>
				<misses>1004001</misses>
				<total>21</total>
				<timestamp>200.603022</timestamp>
			</report>
			<report>
				<misses>1005001</misses>
				<total>22</total>
				<timestamp>200.802820</timestamp>
			</report>
			<report>
				<misses>1006001</misses>
				<total>22</total>
				<timestamp>201.002633</timestamp>
			</report>
			<report>
				<misses>1007001</misses>
				<total>22</total>
				<timestamp>201.202366</timestamp>
			</report>
			<report>
				<misses>1008001</misses>
				<total>22</total>
				<timestamp>201.402195</timestamp>
			</report>
			<report>
				<misses>1009001</misses>
				<total>22</total>
				<timestamp>201.602016</timestamp>
			</report>
			<report>
				<misses>1010001</misses>
				<total>22</total>
				<timestamp>201.801813</timestamp>
			</report>
			<report>
				<misses>1011001</misses>
				<total>22</total>
				<timestamp>202.001573</timestamp>
			</report>
			<report>
				<misses>1012001</misses>
				<total>22</total>
				<timestamp>202.201374</timestamp>
			</report>
			<report>
				<misses>1013001</misses>
				<total>23</total>
				<timestamp>202.401192</timestamp>
			</report>
			<report>
				<misses>1014001</misses>
				<total>23</total>
				<timestamp>202.600983</timestamp>
			</report>
			<report>
				<misses>1015001</misses>
				<total>23</total>
				<timestamp>202.800770</timestamp>
			</report>
			<report>
				<misses>1016001</misses>
				<total>23</total>
				<timestamp>203.000638</timestamp>
			</report>
			<report>
				<misses>1017001</misses>
				<total>23</total>
				<timestamp>203.200406</timestamp>
			</report>
			<report>
				<misses>1018001</misses>
				<total>23</total>
				<timestamp>203.400170</timestamp>
			</report>
			<report>
				<misses>1019001</misses>
				<total>23</total>
				<timestamp>203.600048</timestamp>
			</report>
			<report>
				<misses>1020001</misses>
				<total>23</total>
				<timestamp>203.799916</timestamp>
			</report>
			<report>
				<misses>1021001</misses>
				<total>23</total>
				<timestamp>203.999565</timestamp>
			</report>
			<report>
				<misses>1022001</misses>
				<total>23</total>
				<timestamp>204.199376</timestamp>
			</report>
			<report>
				<misses>1023001</misses>
				<total>23</total>
				<timestamp>204.399191</timestamp>
			</report>
			<report>
				<misses>1024001</misses>
				<total>23</total>
				<timestamp>204.598989</timestamp>
			</report>
			<report>
				<misses>1025001</misses>
				<total>23</total>
				<timestamp>204.798810</timestamp>
			</report>
			<report>
				<misses>1026001</misses>
				<total>23</total>
				<timestamp>204.998582</timestamp>
			</report>
			<report>
				<misses>1027001</misses>
				<total>23</total>
				<timestamp>205.198431</timestamp>
			</report>
			<report>
				<misses>1028001</misses>
				<total>23</total>
				<timestamp>205.398198</timestamp>
			</report>
			<report>
				<misses>1029001</misses>
				<total>23</total>
				<timestamp>205.597989</timestamp>
			</report>
			<report>
				<misses>1030001</misses>
				<total>23</total>
				<timestamp>205.797795</timestamp>
			</report>
			<report>
				<misses>1031001</misses>
				<total>23</total>
				<timestamp>205.997607</timestamp>
			</report>
			<report>
				<misses>1032001</misses>
				<total>23</total>
				<timestamp>206.197432</timestamp>
			</report>
			<report>
				<misses>1033001</misses>
				<total>22</total>
				<timestamp>206.397220</timestamp>
			</report>
			<report>
				<misses>1034001</misses>
				<total>23</total>
				<timestamp>206.597027</timestamp>
			</report>
			<report>
				<misses>1035001</misses>
				<total>23</total>
				<timestamp>206.796848</timestamp>
			</report>
			<report>
				<misses>1036001</misses>
				<total>23</total>
				<timestamp>206.996610</timestamp>
			</report>
			<report>
				<misses>1037001</misses>
				<total>23</total>
				<timestamp>207.196381</timestamp>
			</report>
			<report>
				<misses>1038001</misses>
				<total>23</total>
				<timestamp>207.396205</timestamp>
			</report>
			<report>
				<misses>1039001</misses>
				<total>23</total>
				<timestamp>207.596097</timestamp>
			</report>
			<report>
				<misses>1040001</misses>
				<total>23</total>
				<timestamp>207.795813</timestamp>
			</report>
			<report>
				<misses>1041001</misses>
				<total>23</total>
				<timestamp>207.995567</timestamp>
			</report>
			<report>
				<misses>1042001</misses>
				<total>23</total>
				<timestamp>208.195365</timestamp>
			</report>
			<report>
				<misses>1043001</misses>
				<total>23</total>
				<timestamp>208.395163</timestamp>
			</report>
			<report>
				<misses>1044001</misses>
				<total>23</total>
				<timestamp>208.595013</timestamp>
			</report>
			<report>
				<misses>1045001</misses>
				<total>23</total>
				<timestamp>208.794782</timestamp>
			</report>
			<report>
				<misses>1046001</misses>
				<total>23</total>
				<timestamp>208.994571</timestamp>
			</report>
			<report>
				<misses>1047001</misses>
				<total>23</total>
				<timestamp>209.194363</timestamp>
			</report>
			<report>
				<misses>1048001</misses>
				<total>23</total>
				<timestamp>209.394167</timestamp>
			</report>
			<report>
				<misses>1049001</misses>
				<total>23</total>
				<timestamp>209.593996</timestamp>
			</report>
			<report>
				<misses>1050001</misses>
				<total>22</total>
				<timestamp>209.793842</timestamp>
			</report>
			<report>
				<misses>1051001</misses>
				<total>23</total>
				<timestamp>209.993639</timestamp>
			</report>
			<report>
				<misses>1052001</misses>
				<total>23</total>
				<timestamp>210.193371</timestamp>
			</report>
			<report>
				<misses>1053001</misses>
				<total>23</total>
				<timestamp>210.393282</timestamp>
			</report>
			<report>
				<misses>1054001</misses>
				<total>23</total>
				<timestamp>210.592997</timestamp>
			</report>
			<report>
				<misses>1055001</misses>
				<total>23</total>
				<timestamp>210.792768</timestamp>
			</report>
			<report>
				<misses>1056001</misses>
				<total>23</total>
				<timestamp>210.992555</timestamp>
			</report>
			<report>
				<misses>1057001</misses>
				<total>23</total>
				<timestamp>211.192450</timestamp>
			</report>
			<report>
				<misses>1058001</misses>
				<total>23</total>
				<timestamp>211.392153</timestamp>
			</report>
			<report>
				<misses>1059001</misses>
				<total>23</total>
				<timestamp>211.592047</timestamp>
			</report>
			<report>
				<misses>1060001</misses>
				<total>22</total>
				<timestamp>211.791863</timestamp>
			</report>
			<report>
				<misses>1061001</misses>
				<total>23</total>
				<timestamp>211.991568</timestamp>
			</report>
			<report>
				<misses>1062001</misses>
				<total>23</total>
				<timestamp>212.191368</timestamp>
			</report>
			<report>
				<misses>1063001</misses>
				<total>23</total>
				<timestamp>212.391248</timestamp>
			</report>
			<report>
				<misses>1064001</misses>
				<total>23</total>
				<timestamp>212.591030</timestamp>
			</report>
			<report>
				<misses>1065001</misses>
				<total>23</total>
				<timestamp>212.790833</timestamp>
			</report>
			<report>
				<misses>1066001</misses>
				<total>23</total>
				<timestamp>212.990570</timestamp>
			</report>
			<report>
				<misses>1067001</misses>
				<total>23</total>
				<timestamp>213.190436</timestamp>
			</report>
			<report>
				<misses>1068001</misses>
				<total>23</total>
				<timestamp>213.390194</timestamp>
			</report>
			<report>
				<misses>1069001</misses>
				<total>23</total>
				<timestamp>213.590146</timestamp>
			</report>
			<report>
				<misses>1070001</misses>
				<total>23</total>
				<timestamp>213.789808</timestamp>
			</report>
			<report>
				<misses>1071001</misses>
				<total>23</total>
				<timestamp>213.989606</timestamp>
			</report>
			<report>
				<misses>1072001</misses>
				<total>23</total>
				<timestamp>214.189371</timestamp>
			</report>
			<report>
				<misses>1073001</misses>
				<total>23</total>
				<timestamp>214.389160</timestamp>
			</report>
			<report>
				<misses>1074001</misses>
				<total>23</total>
				<timestamp>214.589010</timestamp>
			</report>
			<report>
				<misses>1075001</misses>
				<total>22</total>
				<timestamp>214.788902</timestamp>
			</report>
			<report>
				<misses>1076001</misses>
				<total>23</total>
				<timestamp>214.988629</timestamp>
			</report>
			<report>
				<misses>1077001</misses>
				<total>23</total>
				<timestamp>215.188373</timestamp>
			</report>
			<report>
				<misses>1078001</misses>
				<total>23</total>
				<timestamp>215.388182</timestamp>
			</report>
			<report>
				<misses>1079001</misses>
				<total>23</total>
				<timestamp>215.587999</timestamp>
			</report>
			<report>
				<misses>1080001</misses>
				<total>23</total>
				<timestamp>215.787790</timestamp>
			</report>
			<report>
				<misses>1081001</misses>
				<total>23</total>
				<timestamp>215.987647</timestamp>
			</report>
			<report>
				<misses>1082001</misses>
				<total>23</total>
				<timestamp>216.187429</timestamp>
			</report>
			<report>
				<misses>1083001</misses>
				<total>23</total>
				<timestamp>216.387185</timestamp>
			</report>
			<report>
				<misses>1084001</misses>
				<total>23</total>
				<timestamp>216.587055</timestamp>
			</report>
			<report>
				<misses>1085001</misses>
				<total>23</total>
				<timestamp>216.786852</timestamp>
			</report>
			<report>
				<misses>1086001</misses>
				<total>23</total>
				<timestamp>216.986574</timestamp>
			</report>
			<report>
				<misses>1087001</misses>
				<total>23</total>
				<timestamp>217.186374</timestamp>
			</report>
			<report>
				<misses>1088001</misses>
				<total>23</total>
				<timestamp>217.386190</timestamp>
			</report>
			<report>
				<misses>1089001</misses>
				<total>23</total>
				<timestamp>217.585978</timestamp>
			</report>
			<report>
				<misses>1090001</misses>
				<total>23</total>
				<timestamp>217.785859</timestamp>
			</report>
			<report>
				<misses>1091001</misses>
				<total>23</total>
				<timestamp>217.985654</timestamp>
			</report>
			<report>
				<misses>1092001</misses>
				<total>23</total>
				<timestamp>218.185369</timestamp>
			</report>
			<report>
				<misses>1093001</misses>
				<total>23</total>
				<timestamp>218.385220</timestamp>
			</report>
			<report>
				<misses>1094001</misses>
				<total>23</total>
				<timestamp>218.584995</timestamp>
			</report>
			<report>
				<misses>1095001</misses>
				<total>23</total>
				<timestamp>218.784895</timestamp>
			</report>
			<report>
				<misses>1096001</misses>
				<total>23</total>
				<timestamp>218.984589</timestamp>
			</report>
			<report>
				<misses>1097001</misses>
				<total>23</total>
				<timestamp>219.184391</timestamp>
			</report>
			<report>
				<misses>1098001</misses>
				<total>23</total>
				<timestamp>219.384209</timestamp>
			</report>
			<report>
				<misses>1099001</misses>
				<total>23</total>
				<timestamp>219.583990</timestamp>
			</report>
			<report>
				<misses>1100001</misses>
				<total>23</total>
				<timestamp>219.783855</timestamp>
			</report>
			<report>
				<misses>1101001</misses>
				<total>23</total>
				<timestamp>219.983613</timestamp>
			</report>
			<report>
				<misses>1102001</misses>
				<total>23</total>
				<timestamp>220.183377</timestamp>
			</report>
			<report>
				<misses>1103001</misses>
				<total>24</total>
				<timestamp>220.383187</timestamp>
			</report>
			<report>
				<misses>1104001</misses>
				<total>24</total>
				<timestamp>220.583015</timestamp>
			</report>
			<report>
				<misses>1105001</misses>
				<total>24</total>
				<timestamp>220.782791</timestamp>
			</report>
			<report>
				<misses>1106001</misses>
				<total>24</total>
				<timestamp>220.982631</timestamp>
			</report>
			<report>
				<misses>1107001</misses>
				<total>24</total>
				<timestamp>221.182386</timestamp>
			</report>
			<report>
				<misses>1108001</misses>
				<total>24</total>
				<timestamp>221.382216</timestamp>
			</report>
			<report>
				<misses>1109001</misses>
				<total>24</total>
				<timestamp>221.581979</timestamp>
			</report>
			<report>
				<misses>1110001</misses>
				<total>24</total>
				<timestamp>221.781819</timestamp>
			</report>
			<report>
				<misses>1111001</misses>
				<total>24</total>
				<timestamp>221.981554</timestamp>
			</report>
			<report>
				<misses>1112001</misses>
				<total>24</total>
				<timestamp>222.181372</timestamp>
			</report>
			<report>
				<misses>1113001</misses>
				<total>24</total>
				<timestamp>222.381173</timestamp>
			</report>
			<report>
				<misses>1114001</misses>
				<total>24</total>
				<timestamp>222.580981</timestamp>
			</report>
			<report>
				<misses>1115001</misses>
				<total>24</total>
				<timestamp>222.780790</timestamp>
			</report>
			<report>
				<misses>1116001</misses>
				<total>24</total>
				<timestamp>222.980561</timestamp>
			</report>
			<report>
				<misses>1117001</misses>
				<total>24</total>
				<timestamp>223.180371</timestamp>
			</report>
			<report>
				<misses>1118001</misses>
				<total>24</total>
				<timestamp>223.380254</timestamp>
			</report>
			<report>
				<misses>1119001</misses>
				<total>24</total>
				<timestamp>223.580092</timestamp>
			</report>
			<report>
				<misses>1120001</misses>
				<total>24</total>
				<timestamp>223.779836</timestamp>
			</report>
			<report>
				<misses>1121001</misses>
				<total>24</total>
				<timestamp>223.979702</timestamp>
			</report>
			<report>
				<misses>1122001</misses>
				<total>24</total>
				<timestamp>224.179393</timestamp>
			</report>
			<report>
				<misses>1123001</misses>
				<total>24</total>
				<timestamp>224.379186</timestamp>
			</report>
			<report>
				<misses>1124001</misses>
				<total>24</total>
				<timestamp>224.578972</timestamp>
			</report>
			<report>
				<misses>1125001</misses>
				<total>23</total>
				<timestamp>224.778838</timestamp>
			</report>
			<report>
				<misses>1126001</misses>
				<total>23</total>
				<timestamp>224.978586</timestamp>
			</report>
			<report>
				<misses>1127001</misses>
				<total>24</total>
				<timestamp>225.178368</timestamp>
			</report>
			<report>
				<misses>1128001</misses>
				<total>24</total>
				<timestamp>225.378182</timestamp>
			</report>
			<report>
				<misses>1129001</misses>
				<total>24</total>
				<timestamp>225.577972</timestamp>
			</report>
			<report>
				<misses>1130001</misses>
				<total>24</total>
				<timestamp>225.777824</timestamp>
			</report>
			<report>
				<misses>1131001</misses>
				<total>23</total>
				<timestamp>225.977639</timestamp>
			</report>
			<report>
				<misses>1132001</misses>
				<total>24</total>
				<timestamp>226.177424</timestamp>
			</report>
			<report>
				<misses>1133001</misses>
				<total>24</total>
				<timestamp>226.377173</timestamp>
			</report>
			<report>
				<misses>1134001</misses>
				<total>24</total>
				<timestamp>226.577029</timestamp>
			</report>
			<report>
				<misses>1135001</misses>
				<total>24</total>
				<timestamp>226.776829</timestamp>
			</report>
			<report>
				<misses>1136001</misses>
				<total>24</total>
				<timestamp>226.976597</timestamp>
			</report>
			<report>
				<misses>1137001</misses>
				<total>24</total>
				<timestamp>227.176437</timestamp>
			</report>
			<report>
				<misses>1138001</misses>
				<total>24</total>
				<timestamp>227.376178</timestamp>
			</report>
			<report>
				<misses>1139001</misses>
				<total>23</total>
				<timestamp>227.575991</timestamp>
			</report>
			<report>
				<misses>1140001</misses>
				<total>24</total>
				<timestamp>227.775826</timestamp>
			</report>
			<report>
				<misses>1141001</misses>
				<total>24</total>
				<timestamp>227.975625</timestamp>
			</report>
			<report>
				<misses>1142001</misses>
				<total>24</total>
				<timestamp>228.175424</timestamp>
			</report>
			<report>
				<misses>1143001</misses>
				<total>24</total>
				<timestamp>228.375227</timestamp>
			</report>
			<report>
				<misses>1144001</misses>
				<total>24</total>
				<timestamp>228.574976</timestamp>
			</report>
			<report>
				<misses>1145001</misses>
				<total>24</total>
				<timestamp>228.774850</timestamp>
			</report>
			<report>
				<misses>1146001</misses>
				<total>24</total>
				<timestamp>228.974603</timestamp>
			</report>
			<report>
				<misses>1147001</misses>
				<total>24</total>
				<timestamp>229.174475</timestamp>
			</report>
			<report>
				<misses>1148001</misses>
				<total>24</total>
				<timestamp>229.374208</timestamp>
			</report>
			<report>
				<misses>1149001</misses>
				<total>24</total>
				<timestamp>229.574033</timestamp>
			</report>
			<report>
				<misses>1150001</misses>
				<total>23</total>
				<timestamp>229.773798</timestamp>
			</report>
			<report>
				<misses>1151001</misses>
				<total>24</total>
				<timestamp>229.973592</timestamp>
			</report>
			<report>
				<misses>1152001</misses>
				<total>23</total>
				<timestamp>230.173384</timestamp>
			</report>
			<report>
				<misses>1153001</misses>
				<total>24</total>
				<timestamp>230.373239</timestamp>
			</report>
			<report>
				<misses>1154001</misses>
				<total>24</total>
				<timestamp>230.572958</timestamp>
			</report>
			<report>
				<misses>1155001</misses>
				<total>24</total>
				<timestamp>230.772811</timestamp>
			</report>
			<report>
				<misses>1156001</misses>
				<total>24</total>
				<timestamp>230.972570</timestamp>
			</report>
			<report>
				<misses>1157001</misses>
				<total>24</total>
				<timestamp>231.172423</timestamp>
			</report>
			<report>
				<misses>1158001</misses>
				<total>24</total>
				<timestamp>231.372169</timestamp>
			</report>
			<report>
				<misses>1159001</misses>
				<total>24</total>
				<timestamp>231.571966</timestamp>
			</report>
			<report>
				<misses>1160001</misses>
				<total>24</total>
				<timestamp>231.771840</timestamp>
			</report>
			<report>
				<misses>1161001</misses>
				<total>24</total>
				<timestamp>231.971563</timestamp>
			</report>
			<report>
				<misses>1162001</misses>
				<total>24</total>
				<timestamp>232.171373</timestamp>
			</report>
			<report>
				<misses>1163001</misses>
				<total>24</total>
				<timestamp>232.371171</timestamp>
			</report>
			<report>
				<misses>1164001</misses>
				<total>24</total>
				<timestamp>232.571043</timestamp>
			</report>
			<report>
				<misses>1165001</misses>
				<total>24</total>
				<timestamp>232.770846</timestamp>
			</report>
			<report>
				<misses>1166001</misses>
				<total>23</total>
				<timestamp>232.970654</timestamp>
			</report>
			<report>
				<misses>1167001</misses>
				<total>24</total>
				<timestamp>233.170412</timestamp>
			</report>
			<report>
				<misses>1168001</misses>
				<total>24</total>
				<timestamp>233.370290</timestamp>
			</report>
			<report>
				<misses>1169001</misses>
				<total>25</total>
				<timestamp>233.569982</timestamp>
			</report>
			<report>
				<misses>1170001</misses>
				<total>25</total>
				<timestamp>233.769828</timestamp>
			</report>
			<report>
				<misses>1171001</misses>
				<total>25</total>
				<timestamp>233.969595</timestamp>
			</report>
			<report>
				<misses>1172001</misses>
				<total>25</total>
				<timestamp>234.169401</timestamp>
			</report>
			<report>
				<misses>1173001</misses>
				<total>25</total>
				<timestamp>234.369205</timestamp>
			</report>
			<report>
				<misses>1174001</misses>
				<total>24</total>
				<timestamp>234.569029</timestamp>
			</report>
			<report>
				<misses>1175001</misses>
				<total>25</total>
				<timestamp>234.768793</timestamp>
			</report>
			<report>
				<misses>1176001</misses>
				<total>25</total>
				<timestamp>234.968577</timestamp>
			</report>
			<report>
				<misses>1177001</misses>
				<total>25</total>
				<timestamp>235.168368</timestamp>
			</report>
			<report>
				<misses>1178001</misses>
				<total>25</total>
				<timestamp>235.368212</timestamp>
			</report>
			<report>
				<misses>1179001</misses>
				<total>25</total>
				<timestamp>235.567968</timestamp>
			</report>
			<report>
				<misses>1180001</misses>
				<total>25</total>
				<timestamp>235.767846</timestamp>
			</report>
			<report>
				<misses>1181001</misses>
				<total>25</total>
				<timestamp>235.967646</timestamp>
			</report>
			<report>
				<misses>1182001</misses>
				<total>24</total>
				<timestamp>236.167480</timestamp>
			</report>
			<report>
				<misses>1183001</misses>
				<total>26</total>
				<timestamp>236.367233</timestamp>
			</report>
			<report>
				<misses>1184001</misses>
				<total>26</total>
				<timestamp>236.567005</timestamp>
			</report>
			<report>
				<misses>1185001</misses>
				<total>26</total>
				<timestamp>236.766839</timestamp>
			</report>
			<report>
				<misses>1186001</misses>
				<total>26</total>
				<timestamp>236.966644</timestamp>
			</report>
			<report>
				<misses>1187001</misses>
				<total>26</total>
				<timestamp>237.166361</timestamp>
			</report>
			<report>
				<misses>1188001</misses>
				<total>26</total>
				<timestamp>237.366163</timestamp>
			</report>
			<report>
				<misses>1189001</misses>
				<total>26</total>
				<timestamp>237.565987</timestamp>
			</report>
			<report>
				<misses>1190001</misses>
				<total>26</total>
				<timestamp>237.765847</timestamp>
			</report>
			<report>
				<misses>1191001</misses>
				<total>26</total>
				<timestamp>237.965557</timestamp>
			</report>
			<report>
				<misses>1192001</misses>
				<total>26</total>
				<timestamp>238.165373</timestamp>
			</report>
			<report>
				<misses>1193001</misses>
				<total>26</total>
				<timestamp>238.365176</timestamp>
			</report>
			<report>
				<misses>1194001</misses>
				<total>26</total>
				<timestamp>238.564969</timestamp>
			</report>
			<report>
				<misses>1195001</misses>
				<total>26</total>
				<timestamp>238.764803</timestamp>
			</report>
			<report>
				<misses>1196001</misses>
				<total>26</total>
				<timestamp>238.964659</timestamp>
			</report>
			<report>
				<misses>1197001</misses>
				<total>26</total>
				<timestamp>239.164383</timestamp>
			</report>
			<report>
				<misses>1198001</misses>
				<total>26</total>
				<timestamp>239.364200</timestamp>
			</report>
			<report>
				<misses>1199001</misses>
				<total>26</total>
				<timestamp>239.563980</timestamp>
			</report>
			<report>
				<misses>1200001</misses>
				<total>26</total>
				<timestamp>239.763822</timestamp>
			</report>
			<report>
				<misses>1201001</misses>
				<total>26</total>
				<timestamp>239.963577</timestamp>
			</report>
			<report>
				<misses>1202001</misses>
				<total>26</total>
				<timestamp>240.163428</timestamp>
			</report>
			<report>
				<misses>1203001</misses>
				<total>26</total>
				<timestamp>240.363182</timestamp>
			</report>
			<report>
				<misses>1204001</misses>
				<total>26</total>
				<timestamp>240.562986</timestamp>
			</report>
			<report>
				<misses>1205001</misses>
				<total>26</total>
				<timestamp>240.762779</timestamp>
			</report>
			<report>
				<misses>1206001</misses>
				<total>26</total>
				<timestamp>240.962581</timestamp>
			</report>
			<report>
				<misses>1207001</misses>
				<total>26</total>
				<timestamp>241.162421</timestamp>
			</report>
			<report>
				<misses>1208001</misses>
				<total>26</total>
				<timestamp>241.362197</timestamp>
			</report>
			<report>
				<misses>1209001</misses>
				<total>26</total>
				<timestamp>241.562050</timestamp>
			</report>
			<report>
				<misses>1210001</misses>
				<total>26</total>
				<timestamp>241.761918</timestamp>
			</report>
			<report>
				<misses>1211001</misses>
				<total>26</total>
				<timestamp>241.961567</timestamp>
			</report>
			<report>
				<misses>1212001</misses>
				<total>26</total>
				<timestamp>242.161393</timestamp>
			</report>
			<report>
				<misses>1213001</misses>
				<total>26</total>
				<timestamp>242.361186</timestamp>
			</report>
			<report>
				<misses>1214001</misses>
				<total>26</total>
				<timestamp>242.560973</timestamp>
			</report>
			<report>
				<misses>1215001</misses>
				<total>26</total>
				<timestamp>242.760830</timestamp>
			</report>
			<report>
				<misses>1216001</misses>
				<total>26</total>
				<timestamp>242.960572</timestamp>
			</report>
			<report>
				<misses>1217001</misses>
				<total>26</total>
				<timestamp>243.160453</timestamp>
			</report>
			<report>
				<misses>1218001</misses>
				<total>26</total>
				<timestamp>243.360220</timestamp>
			</report>
			<report>
				<misses>1219001</misses>
				<total>26</total>
				<timestamp>243.559966</timestamp>
			</report>
			<report>
				<misses>1220001</misses>
				<total>26</total>
				<timestamp>243.759827</timestamp>
			</report>
			<report>
				<misses>1221001</misses>
				<total>26</total>
				<timestamp>243.959589</timestamp>
			</report>
			<report>
				<misses>1222001</misses>
				<total>26</total>
				<timestamp>244.159416</timestamp>
			</report>
			<report>
				<misses>1223001</misses>
				<total>26</total>
				<timestamp>244.359248</timestamp>
			</report>
			<report>
				<misses>1224001</misses>
				<total>26</total>
				<timestamp>244.559033</timestamp>
			</report>
			<report>
				<misses>1225001</misses>
				<total>25</total>
				<timestamp>244.758862</timestamp>
			</report>
			<report>
				<misses>1226001</misses>
				<total>26</total>
				<timestamp>244.958705</timestamp>
			</report>
			<report>
				<misses>1227001</misses>
				<total>25</total>
				<timestamp>245.158389</timestamp>
			</report>
			<report>
				<misses>1228001</misses>
				<total>26</total>
				<timestamp>245.358211</timestamp>
			</report>
			<report>
				<misses>1229001</misses>
				<total>25</total>
				<timestamp>245.558009</timestamp>
			</report>
			<report>
				<misses>1230001</misses>
				<total>26</total>
				<timestamp>245.757821</timestamp>
			</report>
			<report>
				<misses>1231001</misses>
				<total>26</total>
				<timestamp>245.957579</timestamp>
			</report>
			<report>
				<misses>1232001</misses>
				<total>26</total>
				<timestamp>246.157352</timestamp>
			</report>
			<report>
				<misses>1233001</misses>
				<total>26</total>
				<timestamp>246.357191</timestamp>
			</report>
			<report>
				<misses>1234001</misses>
				<total>26</total>
				<timestamp>246.557018</timestamp>
			</report>
			<report>
				<misses>1235001</misses>
				<total>26</total>
				<timestamp>246.756817</timestamp>
			</report>
			<report>
				<misses>1236001</misses>
				<total>26</total>
				<timestamp>246.956622</timestamp>
			</report>
			<report>
				<misses>1237001</misses>
				<total>26</total>
				<timestamp>247.156395</timestamp>
			</report>
			<report>
				<misses>1238001</misses>
				<total>26</total>
				<timestamp>247.356207</timestamp>
			</report>
			<report>
				<misses>1239001</misses>
				<total>26</total>
				<timestamp>247.555987</timestamp>
			</report>
			<report>
				<misses>1240001</misses>
				<total>26</total>
				<timestamp>247.755873</timestamp>
			</report>
			<report>
				<misses>1241001</misses>
				<total>26</total>
				<timestamp>247.955675</timestamp>
			</report>
			<report>
				<misses>1242001</misses>
				<total>26</total>
				<timestamp>248.155376</timestamp>
			</report>
			<report>
				<misses>1243001</misses>
				<total>26</total>
				<timestamp>248.355193</timestamp>
			</report>
			<report>
				<misses>1244001</misses>
				<total>25</total>
				<timestamp>248.555045</timestamp>
			</report>
			<report>
				<misses>1245001</misses>
				<total>26</total>
				<timestamp>248.754857</timestamp>
			</report>
			<report>
				<misses>1246001</misses>
				<total>26</total>
				<timestamp>248.954627</timestamp>
			</report>
			<report>
				<misses>1247001</misses>
				<total>26</total>
				<timestamp>249.154389</timestamp>
			</report>
			<report>
				<misses>1248001</misses>
				<total>26</total>
				<timestamp>249.354187</timestamp>
			</report>
			<report>
				<misses>1249001</misses>
				<total>26</total>
				<timestamp>249.553972</timestamp>
			</report>
			<report>
				<misses>1250001</misses>
				<total>26</total>
				<timestamp>249.753791</timestamp>
			</report>
			<report>
				<misses>1251001</misses>
				<total>26</total>
				<timestamp>249.953654</timestamp>
			</report>
			<report>
				<misses>1252001</misses>
				<total>26</total>
				<timestamp>250.153475</timestamp>
			</report>
			<report>
				<misses>1253001</misses>
				<total>26</total>
				<timestamp>250.353170</timestamp>
			</report>
			<report>
				<misses>1254001</misses>
				<total>26</total>
				<timestamp>250.552972</timestamp>
			</report>
			<report>
				<misses>1255001</misses>
				<total>26</total>
				<timestamp>250.752895</timestamp>
			</report>
			<report>
				<misses>1256001</misses>
				<total>26</total>
				<timestamp>250.952564</timestamp>
			</report>
			<report>
				<misses>1257001</misses>
				<total>26</total>
				<timestamp>251.152374</timestamp>
			</report>
			<report>
				<misses>1258001</misses>
				<total>26</total>
				<timestamp>251.352221</timestamp>
			</report>
			<report>
				<misses>1259001</misses>
				<total>26</total>
				<timestamp>251.552008</timestamp>
			</report>
			<report>
				<misses>1260001</misses>
				<total>26</total>
				<timestamp>251.751806</timestamp>
			</report>
			<report>
				<misses>1261001</misses>
				<total>26</total>
				<timestamp>251.951623</timestamp>
			</report>
			<report>
				<misses>1262001</misses>
				<total>26</total>
				<timestamp>252.151409</timestamp>
			</report>
			<report>
				<misses>1263001</misses>
				<total>26</total>
				<timestamp>252.351236</timestamp>
			</report>
			<report>
				<misses>1264001</misses>
				<total>26</total>
				<timestamp>252.550973</timestamp>
			</report>
			<report>
				<misses>1265001</misses>
				<total>26</total>
				<timestamp>252.750802</timestamp>
			</report>
			<report>
				<misses>1266001</misses>
				<total>26</total>
				<timestamp>252.950650</timestamp>
			</report>
			<report>
				<misses>1267001</misses>
				<total>25</total>
				<timestamp>253.150434</timestamp>
			</report>
			<report>
				<misses>1268001</misses>
				<total>26</total>
				<timestamp>253.350240</timestamp>
			</report>
			<report>
				<misses>1269001</misses>
				<total>26</total>
				<timestamp>253.550066</timestamp>
			</report>
			<report>
				<misses>1270001</misses>
				<total>26</total>
				<timestamp>253.749770</timestamp>
			</report>
			<report>
				<misses>1271001</misses>
				<total>26</total>
				<timestamp>253.949641</timestamp>
			</report>
			<report>
				<misses>1272001</misses>
				<total>26</total>
				<timestamp>254.149445</timestamp>
			</report>
			<report>
				<misses>1273001</misses>
				<total>26</total>
				<timestamp>254.349201</timestamp>
			</report>
			<report>
				<misses>1274001</misses>
				<total>26</total>
				<timestamp>254.548976</timestamp>
			</report>
			<report>
				<misses>1275001</misses>
				<total>29</total>
				<timestamp>254.748792</timestamp>
			</report>
			<report>
				<misses>1276001</misses>
				<total>29</total>
				<timestamp>254.948635</timestamp>
			</report>
			<report>
				<misses>1277001</misses>
				<total>29</total>
				<timestamp>255.148381</timestamp>
			</report>
			<report>
				<misses>1278001</misses>
				<total>29</total>
				<timestamp>255.348166</timestamp>
			</report>
			<report>
				<misses>1279001</misses>
				<total>29</total>
				<timestamp>255.547966</timestamp>
			</report>
			<report>
				<misses>1280001</misses>
				<total>29</total>
				<timestamp>255.747785</timestamp>
			</report>
			<report>
				<misses>1281001</misses>
				<total>29</total>
				<timestamp>255.947617</timestamp>
			</report>
			<report>
				<misses>1282001</misses>
				<total>29</total>
				<timestamp>256.147379</timestamp>
			</report>
			<report>
				<misses>1283001</misses>
				<total>29</total>
				<timestamp>256.347168</timestamp>
			</report>
			<report>
				<misses>1284001</misses>
				<total>29</total>
				<timestamp>256.546992</timestamp>
			</report>
			<report>
				<misses>1285001</misses>
				<total>28</total>
				<timestamp>256.746800</timestamp>
			</report>
			<report>
				<misses>1286001</misses>
				<total>29</total>
				<timestamp>256.946666</timestamp>
			</report>
			<report>
				<misses>1287001</misses>
				<total>29</total>
				<timestamp>257.146366</timestamp>
			</report>
			<report>
				<misses>1288001</misses>
				<total>29</total>
				<timestamp>257.346171</timestamp>
			</report>
			<report>
				<misses>1289001</misses>
				<total>29</total>
				<timestamp>257.546011</timestamp>
			</report>
			<report>
				<misses>1290001</misses>
				<total>28</total>
				<timestamp>257.745827</timestamp>
			</report>
			<report>
				<misses>1291001</misses>
				<total>29</total>
				<timestamp>257.945622</timestamp>
			</report>
			<report>
				<misses>1292001</misses>
				<total>29</total>
				<timestamp>258.145418</timestamp>
			</report>
			<report>
				<misses>1293001</misses>
				<total>29</total>
				<timestamp>258.345196</timestamp>
			</report>
			<report>
				<misses>1294001</misses>
				<total>29</total>
				<timestamp>258.545008</timestamp>
			</report>
			<report>
				<misses>1295001</misses>
				<total>29</total>
				<timestamp>258.744831</timestamp>
			</report>
			<report>
				<misses>1296001</misses>
				<total>29</total>
				<timestamp>258.944621</timestamp>
			</report>
			<report>
				<misses>1297001</misses>
				<total>29</total>
				<timestamp>259.144419</timestamp>
			</report>
			<report>
				<misses>1298001</misses>
				<total>29</total>
				<timestamp>259.344170</timestamp>
			</report>
			<report>
				<misses>1299001</misses>
				<total>29</total>
				<timestamp>259.543974</timestamp>
			</report>
			<report>
				<misses>1300001</misses>
				<total>29</total>
				<timestamp>259.743808</timestamp>
			</report>
			<report>
				<misses>1301001</misses>
				<total>29</total>
				<timestamp>259.943644</timestamp>
			</report>
			<report>
				<misses>1302001</misses>
				<total>29</total>
				<timestamp>260.143367</timestamp>
			</report>
			<report>
				<misses>1303001</misses>
				<total>30</total>
				<timestamp>260.343220</timestamp>
			</report>
			<report>
				<misses>1304001</misses>
				<total>30</total>
				<timestamp>260.543015</timestamp>
			</report>
			<report>
				<misses>1305001</misses>
				<total>30</total>
				<timestamp>260.742772</timestamp>
			</report>
			<report>
				<misses>1306001</misses>
				<total>30</total>
				<timestamp>260.942710</timestamp>
			</report>
			<report>
				<misses>1307001</misses>
				<total>30</total>
				<timestamp>261.142408</timestamp>
			</report>
			<report>
				<misses>1308001</misses>
				<total>30</total>
				<timestamp>261.342241</timestamp>
			</report>
			<report>
				<misses>1309001</misses>
				<total>30</total>
				<timestamp>261.542017</timestamp>
			</report>
			<report>
				<misses>1310001</misses>
				<total>30</total>
				<timestamp>261.741830</timestamp>
			</report>
			<report>
				<misses>1311001</misses>
				<total>30</total>
				<timestamp>261.941570</timestamp>
			</report>
			<report>
				<misses>1312001</misses>
				<total>30</total>
				<timestamp>262.141388</timestamp>
			</report>
			<report>
				<misses>1313001</misses>
				<total>30</total>
				<timestamp>262.341170</timestamp>
			</report>
			<report>
				<misses>1314001</misses>
				<total>30</total>
				<timestamp>262.540997</timestamp>
			</report>
			<report>
				<misses>1315001</misses>
				<total>30</total>
				<timestamp>262.740806</timestamp>
			</report>
			<report>
				<misses>1316001</misses>
				<total>30</total>
				<timestamp>262.940574</timestamp>
			</report>
			<report>
				<misses>1317001</misses>
				<total>30</total>
				<timestamp>263.140371</timestamp>
			</report>
			<report>
				<misses>1318001</misses>
				<total>30</total>
				<timestamp>263.340237</timestamp>
			</report>
			<report>
				<misses>1319001</misses>
				<total>30</total>
				<timestamp>263.539978</timestamp>
			</report>
			<report>
				<misses>1320001</misses>
				<total>30</total>
				<timestamp>263.739773</timestamp>
			</report>
			<report>
				<misses>1321001</misses>
				<total>30</total>
				<timestamp>263.939592</timestamp>
			</report>
			<report>
				<misses>1322001</misses>
				<total>30</total>
				<timestamp>264.139402</timestamp>
			</report>
			<report>
				<misses>1323001</misses>
				<total>30</total>
				<timestamp>264.339222</timestamp>
			</report>
			<report>
				<misses>1324001</misses>
				<total>29</total>
				<timestamp>264.539040</timestamp>
			</report>
			<report>
				<misses>1325001</misses>
				<total>30</total>
				<timestamp>264.738843</timestamp>
			</report>
			<report>
				<misses>1326001</misses>
				<total>30</total>
				<timestamp>264.938609</timestamp>
			</report>
			<report>
				<misses>1327001</misses>
				<total>30</total>
				<timestamp>265.138410</timestamp>
			</report>
			<report>
				<misses>1328001</misses>
				<total>30</total>
				<timestamp>265.338237</timestamp>
			</report>
			<report>
				<misses>1329001</misses>
				<total>30</total>
				<timestamp>265.537959</timestamp>
			</report>
			<report>
				<misses>1330001</misses>
				<total>30</total>
				<timestamp>265.737803</timestamp>
			</report>
			<report>
				<misses>1331001</misses>
				<total>32</total>
				<timestamp>265.937610</timestamp>
			</report>
			<report>
				<misses>1332001</misses>
				<total>32</total>
				<timestamp>266.137404</timestamp>
			</report>
			<report>
				<misses>1333001</misses>
				<total>32</total>
				<timestamp>266.337212</timestamp>
			</report>
			<report>
				<misses>1334001</misses>
				<total>32</total>
				<timestamp>266.536996</timestamp>
			</report>
			<report>
				<misses>1335001</misses>
				<total>32</total>
				<timestamp>266.736800</timestamp>
			</report>
			<report>
				<misses>1336001</misses>
				<total>32</total>
				<timestamp>266.936584</timestamp>
			</report>
			<report>
				<misses>1337001</misses>
				<total>32</total>
				<timestamp>267.136362</timestamp>
			</report>
			<report>
				<misses>1338001</misses>
				<total>32</total>
				<timestamp>267.336200</timestamp>
			</report>
			<report>
				<misses>1339001</misses>
				<total>32</total>
				<timestamp>267.536068</timestamp>
			</report>
			<report>
				<misses>1340001</misses>
				<total>32</total>
				<timestamp>267.735770</timestamp>
			</report>
			<report>
				<misses>1341001</misses>
				<total>32</total>
				<timestamp>267.935631</timestamp>
			</report>
			<report>
				<misses>1342001</misses>
				<total>32</total>
				<timestamp>268.135434</timestamp>
			</report>
			<report>
				<misses>1343001</misses>
				<total>32</total>
				<timestamp>268.335192</timestamp>
			</report>
			<report>
				<misses>1344001</misses>
				<total>32</total>
				<timestamp>268.535040</timestamp>
			</report>
			<report>
				<misses>1345001</misses>
				<total>32</total>
				<timestamp>268.734808</timestamp>
			</report>
			<report>
				<misses>1346001</misses>
				<total>32</total>
				<timestamp>268.934624</timestamp>
			</report>
			<report>
				<misses>1347001</misses>
				<total>32</total>
				<timestamp>269.134412</timestamp>
			</report>
			<report>
				<misses>1348001</misses>
				<total>32</total>
				<timestamp>269.334229</timestamp>
			</report>
			<report>
				<misses>1349001</misses>
				<total>32</total>
				<timestamp>269.534122</timestamp>
			</report>
			<report>
				<misses>1350001</misses>
				<total>32</total>
				<timestamp>269.733793</timestamp>
			</report>
			<report>
				<misses>1351001</misses>
				<total>32</total>
				<timestamp>269.933580</timestamp>
			</report>
			<report>
				<misses>1352001</misses>
				<total>32</total>
				<timestamp>270.133386</timestamp>
			</report>
			<report>
				<misses>1353001</misses>
				<total>32</total>
				<timestamp>270.333170</timestamp>
			</report>
			<report>
				<misses>1354001</misses>
				<total>32</total>
				<timestamp>270.532967</timestamp>
			</report>
			<report>
				<misses>1355001</misses>
				<total>32</total>
				<timestamp>270.732856</timestamp>
			</report>
			<report>
				<misses>1356001</misses>
				<total>32</total>
				<timestamp>270.932584</timestamp>
			</report>
			<report>
				<misses>1357001</misses>
				<total>32</total>
				<timestamp>271.132368</timestamp>
			</report>
			<report>
				<misses>1358001</misses>
				<total>32</total>
				<timestamp>271.332258</timestamp>
			</report>
			<report>
				<misses>1359001</misses>
				<total>32</total>
				<timestamp>271.531960</timestamp>
			</report>
			<report>
				<misses>1360001</misses>
				<total>32</total>
				<timestamp>271.731773</timestamp>
			</report>
			<report>
				<misses>1361001</misses>
				<total>31</total>
				<timestamp>271.931620</timestamp>
			</report>
			<report>
				<misses>1362001</misses>
				<total>32</total>
				<timestamp>272.131372</timestamp>
			</report>
			<report>
				<misses>1363001</misses>
				<total>32</total>
				<timestamp>272.331169</timestamp>
			</report>
			<report>
				<misses>1364001</misses>
				<total>32</total>
				<timestamp>272.530981</timestamp>
			</report>
			<report>
				<misses>1365001</misses>
				<total>32</total>
				<timestamp>272.730833</timestamp>
			</report>
			<report>
				<misses>1366001</misses>
				<total>32</total>
				<timestamp>272.930613</timestamp>
			</report>
			<report>
				<misses>1367001</misses>
				<total>32</total>
				<timestamp>273.130368</timestamp>
			</report>
			<report>
				<misses>1368001</misses>
				<total>32</total>
				<timestamp>273.330211</timestamp>
			</report>
			<report>
				<misses>1369001</misses>
				<total>32</total>
				<timestamp>273.530050</timestamp>
			</report>
			<report>
				<misses>1370001</misses>
				<total>32</total>
				<timestamp>273.729776</timestamp>
			</report>
			<report>
				<misses>1371001</misses>
				<total>32</total>
				<timestamp>273.929631</timestamp>
			</report>
			<report>
				<misses>1372001</misses>
				<total>32</total>
				<timestamp>274.129441</timestamp>
			</report>
			<report>
				<misses>1373001</misses>
				<total>32</total>
				<timestamp>274.329255</timestamp>
			</report>
			<report>
				<misses>1374001</misses>
				<total>31</total>
				<timestamp>274.528973</timestamp>
			</report>
			<report>
				<misses>1375001</misses>
				<total>32</total>
				<timestamp>274.728803</timestamp>
			</report>
			<report>
				<misses>1376001</misses>
				<total>32</total>
				<timestamp>274.928640</timestamp>
			</report>
			<report>
				<misses>1377001</misses>
				<total>32</total>
				<timestamp>275.128444</timestamp>
			</report>
			<report>
				<misses>1378001</misses>
				<total>32</total>
				<timestamp>275.328219</timestamp>
			</report>
			<report>
				<misses>1379001</misses>
				<total>32</total>
				<timestamp>275.527989</timestamp>
			</report>
			<report>
				<misses>1380001</misses>
				<total>32</total>
				<timestamp>275.727835</timestamp>
			</report>
			<report>
				<misses>1381001</misses>
				<total>31</total>
				<timestamp>275.927661</timestamp>
			</report>
			<report>
				<misses>1382001</misses>
				<total>32</total>
				<timestamp>276.127388</timestamp>
			</report>
			<report>
				<misses>1383001</misses>
				<total>32</total>
				<timestamp>276.327172</timestamp>
			</report>
			<report>
				<misses>1384001</misses>
				<total>32</total>
				<timestamp>276.527022</timestamp>
			</report>
			<report>
				<misses>1385001</misses>
				<total>32</total>
				<timestamp>276.726795</timestamp>
			</report>
			<report>
				<misses>1386001</misses>
				<total>32</total>
				<timestamp>276.926672</timestamp>
			</report>
			<report>
				<misses>1387001</misses>
				<total>32</total>
				<timestamp>277.126500</timestamp>
			</report>
			<report>
				<misses>1388001</misses>
				<total>32</total>
				<timestamp>277.326194</timestamp>
			</report>
			<report>
				<misses>1389001</misses>
				<total>31</total>
				<timestamp>277.525990</timestamp>
			</report>
			<report>
				<misses>1390001</misses>
				<total>32</total>
				<timestamp>277.725840</timestamp>
			</report>
			<report>
				<misses>1391001</misses>
				<total>32</total>
				<timestamp>277.925632</timestamp>
			</report>
			<report>
				<misses>1392001</misses>
				<total>32</total>
				<timestamp>278.125420</timestamp>
			</report>
			<report>
				<misses>1393001</misses>
				<total>32</total>
				<timestamp>278.325194</timestamp>
			</report>
			<report>
				<misses>1394001</misses>
				<total>32</total>
				<timestamp>278.524978</timestamp>
			</report>
			<report>
				<misses>1395001</misses>
				<total>32</total>
				<timestamp>278.724858</timestamp>
			</report>
			<report>
				<misses>1396001</misses>
				<total>31</total>
				<timestamp>278.924697</timestamp>
			</report>
			<report>
				<misses>1397001</misses>
				<total>32</total>
				<timestamp>279.124380</timestamp>
			</report>
			<report>
				<misses>1398001</misses>
				<total>32</total>
				<timestamp>279.324231</timestamp>
			</report>
			<report>
				<misses>1399001</misses>
				<total>32</total>
				<timestamp>279.524049</timestamp>
			</report>
			<report>
				<misses>1400001</misses>
				<total>32</total>
				<timestamp>279.723820</timestamp>
			</report>
			<report>
				<misses>1401001</misses>
				<total>32</total>
				<timestamp>279.923594</timestamp>
			</report>
			<report>
				<misses>1402001</misses>
				<total>32</total>
				<timestamp>280.123379</timestamp>
			</report>
			<report>
				<misses>1403001</misses>
				<total>32</total>
				<timestamp>280.323176</timestamp>
			</report>
			<report>
				<misses>1404001</misses>
				<total>32</total>
				<timestamp>280.522973</timestamp>
			</report>
			<report>
				<misses>1405001</misses>
				<total>32</total>
				<timestamp>280.722818</timestamp>
			</report>
			<report>
				<misses>1406001</misses>
				<total>32</total>
				<timestamp>280.922588</timestamp>
			</report>
			<report>
				<misses>1407001</misses>
				<total>32</total>
				<timestamp>281.122403</timestamp>
			</report>
			<report>
				<misses>1408001</misses>
				<total>32</total>
				<timestamp>281.322205</timestamp>
			</report>
			<report>
				<misses>1409001</misses>
				<total>32</total>
				<timestamp>281.521965</timestamp>
			</report>
			<report>
				<misses>1410001</misses>
				<total>32</total>
				<timestamp>281.721757</timestamp>
			</report>
			<report>
				<misses>1411001</misses>
				<total>32</total>
				<timestamp>281.921646</timestamp>
			</report>
			<report>
				<misses>1412001</misses>
				<total>32</total>
				<timestamp>282.121458</timestamp>
			</report>
			<report>
				<misses>1413001</misses>
				<total>32</total>
				<timestamp>282.321174</timestamp>
			</report>
			<report>
				<misses>1414001</misses>
				<total>32</total>
				<timestamp>282.520994</timestamp>
			</report>
			<report>
				<misses>1415001</misses>
				<total>31</total>
				<timestamp>282.720832</timestamp>
			</report>
			<report>
				<misses>1416001</misses>
				<total>32</total>
				<timestamp>282.920611</timestamp>
			</report>
			<report>
				<misses>1417001</misses>
				<total>32</total>
				<timestamp>283.120373</timestamp>
			</report>
			<report>
				<misses>1418001</misses>
				<total>32</total>
				<timestamp>283.320169</timestamp>
			</report>
			<report>
				<misses>1419001</misses>
				<total>32</total>
				<timestamp>283.519980</timestamp>
			</report>
			<report>
				<misses>1420001</misses>
				<total>32</total>
				<timestamp>283.719776</timestamp>
			</report>
			<report>
				<misses>1421001</misses>
				<total>32</total>
				<timestamp>283.919653</timestamp>
			</report>
			<report>
				<misses>1422001</misses>
				<total>32</total>
				<timestamp>284.119377</timestamp>
			</report>
			<report>
				<misses>1423001</misses>
				<total>32</total>
				<timestamp>284.319155</timestamp>
			</report>
			<report>
				<misses>1424001</misses>
				<total>32</total>
				<timestamp>284.518977</timestamp>
			</report>
			<report>
				<misses>1425001</misses>
				<total>32</total>
				<timestamp>284.718809</timestamp>
			</report>
			<report>
				<misses>1426001</misses>
				<total>32</total>
				<timestamp>284.918568</timestamp>
			</report>
			<report>
				<misses>1427001</misses>
				<total>32</total>
				<timestamp>285.118456</timestamp>
			</report>
			<report>
				<misses>1428001</misses>
				<total>32</total>
				<timestamp>285.318204</timestamp>
			</report>
			<report>
				<misses>1429001</misses>
				<total>32</total>
				<timestamp>285.518062</timestamp>
			</report>
			<report>
				<misses>1430001</misses>
				<total>32</total>
				<timestamp>285.717764</timestamp>
			</report>
			<report>
				<misses>1431001</misses>
				<total>32</total>
				<timestamp>285.917633</timestamp>
			</report>
			<report>
				<misses>1432001</misses>
				<total>32</total>
				<timestamp>286.117414</timestamp>
			</report>
			<report>
				<misses>1433001</misses>
				<total>32</total>
				<timestamp>286.317183</timestamp>
			</report>
			<report>
				<misses>1434001</misses>
				<total>32</total>
				<timestamp>286.516985</timestamp>
			</report>
			<report>
				<misses>1435001</misses>
				<total>32</total>
				<timestamp>286.716854</timestamp>
			</report>
			<report>
				<misses>1436001</misses>
				<total>32</total>
				<timestamp>286.916567</timestamp>
			</report>
			<report>
				<misses>1437001</misses>
				<total>31</total>
				<timestamp>287.116446</timestamp>
			</report>
			<report>
				<misses>1438001</misses>
				<total>32</total>
				<timestamp>287.316196</timestamp>
			</report>
			<report>
				<misses>1439001</misses>
				<total>32</total>
				<timestamp>287.515996</timestamp>
			</report>
			<report>
				<misses>1440001</misses>
				<total>32</total>
				<timestamp>287.715831</timestamp>
			</report>
			<report>
				<misses>1441001</misses>
				<total>32</total>
				<timestamp>287.915651</timestamp>
			</report>
			<report>
				<misses>1442001</misses>
				<total>32</total>
				<timestamp>288.115475</timestamp>
			</report>
			<report>
				<misses>1443001</misses>
				<total>32</total>
				<timestamp>288.315202</timestamp>
			</report>
			<report>
				<misses>1444001</misses>
				<total>32</total>
				<timestamp>288.514980</timestamp>
			</report>
			<report>
				<misses>1445001</misses>
				<total>32</total>
				<timestamp>288.714804</timestamp>
			</report>
			<report>
				<misses>1446001</misses>
				<total>32</total>
				<timestamp>288.914585</timestamp>
			</report>
			<report>
				<misses>1447001</misses>
				<total>32</total>
				<timestamp>289.114398</timestamp>
			</report>
			<report>
				<misses>1448001</misses>
				<total>32</total>
				<timestamp>289.314180</timestamp>
			</report>
			<report>
				<misses>1449001</misses>
				<total>32</total>
				<timestamp>289.513990</timestamp>
			</report>
			<report>
				<misses>1450001</misses>
				<total>32</total>
				<timestamp>289.713806</timestamp>
			</report>
			<report>
				<misses>1451001</misses>
				<total>31</total>
				<timestamp>289.913648</timestamp>
			</report>
			<report>
				<misses>1452001</misses>
				<total>32</total>
				<timestamp>290.113440</timestamp>
			</report>
			<report>
				<misses>1453001</misses>
				<total>32</total>
				<timestamp>290.313169</timestamp>
			</report>
			<report>
				<misses>1454001</misses>
				<total>32</total>
				<timestamp>290.512996</timestamp>
			</report>
			<report>
				<misses>1455001</misses>
				<total>32</total>
				<timestamp>290.712890</timestamp>
			</report>
			<report>
				<misses>1456001</misses>
				<total>32</total>
				<timestamp>290.912594</timestamp>
			</report>
			<report>
				<misses>1457001</misses>
				<total>32</total>
				<timestamp>291.112418</timestamp>
			</report>
			<report>
				<misses>1458001</misses>
				<total>32</total>
				<timestamp>291.312202</timestamp>
			</report>
			<report>
				<misses>1459001</misses>
				<total>32</total>
				<timestamp>291.511988</timestamp>
			</report>
			<report>
				<misses>1460001</misses>
				<total>32</total>
				<timestamp>291.711799</timestamp>
			</report>
			<report>
				<misses>1461001</misses>
				<total>32</total>
				<timestamp>291.911588</timestamp>
			</report>
			<report>
				<misses>1462001</misses>
				<total>32</total>
				<timestamp>292.111452</timestamp>
			</report>
			<report>
				<misses>1463001</misses>
				<total>32</total>
				<timestamp>292.311172</timestamp>
			</report>
			<report>
				<misses>1464001</misses>
				<total>32</total>
				<timestamp>292.510970</timestamp>
			</report>
			<report>
				<misses>1465001</misses>
				<total>32</total>
				<timestamp>292.710779</timestamp>
			</report>
			<report>
				<misses>1466001</misses>
				<total>32</total>
				<timestamp>292.910581</timestamp>
			</report>
			<report>
				<misses>1467001</misses>
				<total>32</total>
				<timestamp>293.110504</timestamp>
			</report>
			<report>
				<misses>1468001</misses>
				<total>32</total>
				<timestamp>293.310218</timestamp>
			</report>
			<report>
				<misses>1469001</misses>
				<total>32</total>
				<timestamp>293.509963</timestamp>
			</report>
			<report>
				<misses>1470001</misses>
				<total>32</total>
				<timestamp>293.709755</timestamp>
			</report>
			<report>
				<misses>1471001</misses>
				<total>32</total>
				<timestamp>293.909573</timestamp>
			</report>
			<report>
				<misses>1472001</misses>
				<total>32</total>
				<timestamp>294.109418</timestamp>
			</report>
			<report>
				<misses>1473001</misses>
				<total>32</total>
				<timestamp>294.309216</timestamp>
			</report>
			<report>
				<misses>1474001</misses>
				<total>32</total>
				<timestamp>294.508969</timestamp>
			</report>
			<report>
				<misses>1475001</misses>
				<total>31</total>
				<timestamp>294.708776</timestamp>
			</report>
			<report>
				<misses>1476001</misses>
				<total>32</total>
				<timestamp>294.908673</timestamp>
			</report>
			<report>
				<misses>1477001</misses>
				<total>32</total>
				<timestamp>295.108415</timestamp>
			</report>
			<report>
				<misses>1478001</misses>
				<total>32</total>
				<timestamp>295.308177</timestamp>
			</report>
			<report>
				<misses>1479001</misses>
				<total>32</total>
				<timestamp>295.508004</timestamp>
			</report>
			<report>
				<misses>1480001</misses>
				<total>31</total>
				<timestamp>295.707795</timestamp>
			</report>
			<report>
				<misses>1481001</misses>
				<total>32</total>
				<timestamp>295.907624</timestamp>
			</report>
			<report>
				<misses>1482001</misses>
				<total>32</total>
				<timestamp>296.107436</timestamp>
			</report>
			<report>
				<misses>1483001</misses>
				<total>31</total>
				<timestamp>296.307191</timestamp>
			</report>
			<report>
				<misses>1484001</misses>
				<total>32</total>
				<timestamp>296.507077</timestamp>
			</report>
			<report>
				<misses>1485001</misses>
				<total>32</total>
				<timestamp>296.706774</timestamp>
			</report>
			<report>
				<misses>1486001</misses>
				<total>32</total>
				<timestamp>296.906592</timestamp>
			</report>
			<report>
				<misses>1487001</misses>
				<total>32</total>
				<timestamp>297.106452</timestamp>
			</report>
			<report>
				<misses>1488001</misses>
				<total>32</total>
				<timestamp>297.306240</timestamp>
			</report>
			<report>
				<misses>1489001</misses>
				<total>32</total>
				<timestamp>297.506050</timestamp>
			</report>
			<report>
				<misses>1490001</misses>
				<total>32</total>
				<timestamp>297.705805</timestamp>
			</report>
			<report>
				<misses>1491001</misses>
				<total>32</total>
				<timestamp>297.905613</timestamp>
			</report>
			<report>
				<misses>1492001</misses>
				<total>32</total>
				<timestamp>298.105430</timestamp>
			</report>
			<report>
				<misses>1493001</misses>
				<total>32</total>
				<timestamp>298.305250</timestamp>
			</report>
			<report>
				<misses>1494001</misses>
				<total>32</total>
				<timestamp>298.505009</timestamp>
			</report>
			<report>
				<misses>1495001</misses>
				<total>32</total>
				<timestamp>298.704818</timestamp>
			</report>
			<report>
				<misses>1496001</misses>
				<total>32</total>
				<timestamp>298.904558</timestamp>
			</report>
			<report>
				<misses>1497001</misses>
				<total>32</total>
				<timestamp>299.104399</timestamp>
			</report>
			<report>
				<misses>1498001</misses>
				<total>32</total>
				<timestamp>299.304200</timestamp>
			</report>
			<report>
				<misses>1499001</misses>
				<total>32</total>
				<timestamp>299.503990</timestamp>
			</report>
			<report>
				<misses>1500001</misses>
				<total>32</total>
				<timestamp>299.703809</timestamp>
			</report>
			<report>
				<misses>1501001</misses>
				<total>32</total>
				<timestamp>299.903564</timestamp>
			</report>
			<report>
				<misses>1502001</misses>
				<total>32</total>
				<timestamp>300.103480</timestamp>
			</report>
			<report>
				<misses>1503001</misses>
				<total>32</total>
				<timestamp>300.303226</timestamp>
			</report>
			<report>
				<misses>1504001</misses>
				<total>32</total>
				<timestamp>300.502988</timestamp>
			</report>
			<report>
				<misses>1505001</misses>
				<total>32</total>
				<timestamp>300.702764</timestamp>
			</report>
			<report>
				<misses>1506001</misses>
				<total>32</total>
				<timestamp>300.902590</timestamp>
			</report>
			<report>
				<misses>1507001</misses>
				<total>32</total>
				<timestamp>301.102436</timestamp>
			</report>
			<report>
				<misses>1508001</misses>
				<total>32</total>
				<timestamp>301.302195</timestamp>
			</report>
			<report>
				<misses>1509001</misses>
				<total>32</total>
				<timestamp>301.501974</timestamp>
			</report>
			<report>
				<misses>1510001</misses>
				<total>32</total>
				<timestamp>301.701785</timestamp>
			</report>
			<report>
				<misses>1511001</misses>
				<total>32</total>
				<timestamp>301.901644</timestamp>
			</report>
			<report>
				<misses>1512001</misses>
				<total>31</total>
				<timestamp>302.101429</timestamp>
			</report>
			<report>
				<misses>1513001</misses>
				<total>32</total>
				<timestamp>302.301203</timestamp>
			</report>
			<report>
				<misses>1514001</misses>
				<total>31</total>
				<timestamp>302.501075</timestamp>
			</report>
			<report>
				<misses>1515001</misses>
				<total>32</total>
				<timestamp>302.700825</timestamp>
			</report>
			<report>
				<misses>1516001</misses>
				<total>32</total>
				<timestamp>302.900635</timestamp>
			</report>
			<report>
				<misses>1517001</misses>
				<total>32</total>
				<timestamp>303.100525</timestamp>
			</report>
			<report>
				<misses>1518001</misses>
				<total>32</total>
				<timestamp>303.300175</timestamp>
			</report>
			<report>
				<misses>1519001</misses>
				<total>32</total>
				<timestamp>303.499972</timestamp>
			</report>
			<report>
				<misses>1520001</misses>
				<total>32</total>
				<timestamp>303.699866</timestamp>
			</report>
			<report>
				<misses>1521001</misses>
				<total>32</total>
				<timestamp>303.899566</timestamp>
			</report>
			<report>
				<misses>1522001</misses>
				<total>32</total>
				<timestamp>304.099454</timestamp>
			</report>
			<report>
				<misses>1523001</misses>
				<total>32</total>
				<timestamp>304.299173</timestamp>
			</report>
			<report>
				<misses>1524001</misses>
				<total>32</total>
				<timestamp>304.499004</timestamp>
			</report>
			<report>
				<misses>1525001</misses>
				<total>32</total>
				<timestamp>304.698785</timestamp>
			</report>
			<report>
				<misses>1526001</misses>
				<total>32</total>
				<timestamp>304.898569</timestamp>
			</report>
			<report>
				<misses>1527001</misses>
				<total>32</total>
				<timestamp>305.098400</timestamp>
			</report>
			<report>
				<misses>1528001</misses>
				<total>32</total>
				<timestamp>305.298170</timestamp>
			</report>
			<report>
				<misses>1529001</misses>
				<total>32</total>
				<timestamp>305.497970</timestamp>
			</report>
			<report>
				<misses>1530001</misses>
				<total>32</total>
				<timestamp>305.697779</timestamp>
			</report>
			<report>
				<misses>1531001</misses>
				<total>33</total>
				<timestamp>305.897575</timestamp>
			</report>
			<report>
				<misses>1532001</misses>
				<total>32</total>
				<timestamp>306.097444</timestamp>
			</report>
			<report>
				<misses>1533001</misses>
				<total>33</total>
				<timestamp>306.297245</timestamp>
			</report>
			<report>
				<misses>1534001</misses>
				<total>33</total>
				<timestamp>306.496993</timestamp>
			</report>
			<report>
				<misses>1535001</misses>
				<total>32</total>
				<timestamp>306.696808</timestamp>
			</report>
			<report>
				<misses>1536001</misses>
				<total>33</total>
				<timestamp>306.896619</timestamp>
			</report>
			<report>
				<misses>1537001</misses>
				<total>33</total>
				<timestamp>307.096494</timestamp>
			</report>
			<report>
				<misses>1538001</misses>
				<total>33</total>
				<timestamp>307.296203</timestamp>
			</report>
			<report>
				<misses>1539001</misses>
				<total>33</total>
				<timestamp>307.495983</timestamp>
			</report>
			<report>
				<misses>1540001</misses>
				<total>33</total>
				<timestamp>307.695788</timestamp>
			</report>
			<report>
				<misses>1541001</misses>
				<total>33</total>
				<timestamp>307.895639</timestamp>
			</report>
			<report>
				<misses>1542001</misses>
				<total>33</total>
				<timestamp>308.095450</timestamp>
			</report>
			<report>
				<misses>1543001</misses>
				<total>33</total>
				<timestamp>308.295237</timestamp>
			</report>
			<report>
				<misses>1544001</misses>
				<total>33</total>
				<timestamp>308.494998</timestamp>
			</report>
			<report>
				<misses>1545001</misses>
				<total>33</total>
				<timestamp>308.694819</timestamp>
			</report>
			<report>
				<misses>1546001</misses>
				<total>33</total>
				<timestamp>308.894635</timestamp>
			</report>
			<report>
				<misses>1547001</misses>
				<total>33</total>
				<timestamp>309.094414</timestamp>
			</report>
			<report>
				<misses>1548001</misses>
				<total>33</total>
				<timestamp>309.294202</timestamp>
			</report>
			<report>
				<misses>1549001</misses>
				<total>33</total>
				<timestamp>309.494017</timestamp>
			</report>
			<report>
				<misses>1550001</misses>
				<total>33</total>
				<timestamp>309.693807</timestamp>
			</report>
			<report>
				<misses>1551001</misses>
				<total>33</total>
				<timestamp>309.893586</timestamp>
			</report>
			<report>
				<misses>1552001</misses>
				<total>33</total>
				<timestamp>310.093416</timestamp>
			</report>
			<report>
				<misses>1553001</misses>
				<total>33</total>
				<timestamp>310.293212</timestamp>
			</report>
			<report>
				<misses>1554001</misses>
				<total>33</total>
				<timestamp>310.492991</timestamp>
			</report>
			<report>
				<misses>1555001</misses>
				<total>33</total>
				<timestamp>310.692768</timestamp>
			</report>
			<report>
				<misses>1556001</misses>
				<total>33</total>
				<timestamp>310.892685</timestamp>
			</report>
			<report>
				<misses>1557001</misses>
				<total>33</total>
				<timestamp>311.092448</timestamp>
			</report>
			<report>
				<misses>1558001</misses>
				<total>33</total>
				<timestamp>311.292223</timestamp>
			</report>
			<report>
				<misses>1559001</misses>
				<total>33</total>
				<timestamp>311.491964</timestamp>
			</report>
			<report>
				<misses>1560001</misses>
				<total>33</total>
				<timestamp>311.691777</timestamp>
			</report>
			<report>
				<misses>1561001</misses>
				<total>32</total>
				<timestamp>311.891649</timestamp>
			</report>
			<report>
				<misses>1562001</misses>
				<total>33</total>
				<timestamp>312.091516</timestamp>
			</report>
			<report>
				<misses>1563001</misses>
				<total>33</total>
				<timestamp>312.291189</timestamp>
			</report>
			<report>
				<misses>1564001</misses>
				<total>33</total>
				<timestamp>312.490970</timestamp>
			</report>
			<report>
				<misses>1565001</misses>
				<total>33</total>
				<timestamp>312.690788</timestamp>
			</report>
			<report>
				<misses>1566001</misses>
				<total>33</total>
				<timestamp>312.890597</timestamp>
			</report>
			<report>
				<misses>1567001</misses>
				<total>33</total>
				<timestamp>313.090389</timestamp>
			</report>
			<report>
				<misses>1568001</misses>
				<total>33</total>
				<timestamp>313.290285</timestamp>
			</report>
			<report>
				<misses>1569001</misses>
				<total>33</total>
				<timestamp>313.489953</timestamp>
			</report>
			<report>
				<misses>1570001</misses>
				<total>33</total>
				<timestamp>313.689862</timestamp>
			</report>
			<report>
				<misses>1571001</misses>
				<total>33</total>
				<timestamp>313.889576</timestamp>
			</report>
			<report>
				<misses>1572001</misses>
				<total>33</total>
				<timestamp>314.089495</timestamp>
			</report>
			<report>
				<misses>1573001</misses>
				<total>33</total>
				<timestamp>314.289195</timestamp>
			</report>
			<report>
				<misses>1574001</misses>
				<total>33</total>
				<timestamp>314.488963</timestamp>
			</report>
			<report>
				<misses>1575001</misses>
				<total>34</total>
				<timestamp>314.688815</timestamp>
			</report>
			<report>
				<misses>1576001</misses>
				<total>34</total>
				<timestamp>314.888583</timestamp>
			</report>
			<report>
				<misses>1577001</misses>
				<total>34</total>
				<timestamp>315.088359</timestamp>
			</report>
			<report>
				<misses>1578001</misses>
				<total>34</total>
				<timestamp>315.288319</timestamp>
			</report>
			<report>
				<misses>1579001</misses>
				<total>34</total>
				<timestamp>315.487972</timestamp>
			</report>
			<report>
				<misses>1580001</misses>
				<total>34</total>
				<timestamp>315.687828</timestamp>
			</report>
			<report>
				<misses>1581001</misses>
				<total>34</total>
				<timestamp>315.887603</timestamp>
			</report>
			<report>
				<misses>1582001</misses>
				<total>34</total>
				<timestamp>316.087362</timestamp>
			</report>
			<report>
				<misses>1583001</misses>
				<total>34</total>
				<timestamp>316.287191</timestamp>
			</report>
			<report>
				<misses>1584001</misses>
				<total>34</total>
				<timestamp>316.486982</timestamp>
			</report>
			<report>
				<misses>1585001</misses>
				<total>34</total>
				<timestamp>316.686777</timestamp>
			</report>
			<report>
				<misses>1586001</misses>
				<total>34</total>
				<timestamp>316.886577</timestamp>
			</report>
			<report>
				<misses>1587001</misses>
				<total>35</total>
				<timestamp>317.086375</timestamp>
			</report>
			<report>
				<misses>1588001</misses>
				<total>35</total>
				<timestamp>317.286212</timestamp>
			</report>
			<report>
				<misses>1589001</misses>
				<total>35</total>
				<timestamp>317.485968</timestamp>
			</report>
			<report>
				<misses>1590001</misses>
				<total>35</total>
				<timestamp>317.685784</timestamp>
			</report>
			<report>
				<misses>1591001</misses>
				<total>35</total>
				<timestamp>317.885630</timestamp>
			</report>
			<report>
				<misses>1592001</misses>
				<total>35</total>
				<timestamp>318.085386</timestamp>
			</report>
			<report>
				<misses>1593001</misses>
				<total>35</total>
				<timestamp>318.285223</timestamp>
			</report>
			<report>
				<misses>1594001</misses>
				<total>35</total>
				<timestamp>318.485011</timestamp>
			</report>
			<report>
				<misses>1595001</misses>
				<total>35</total>
				<timestamp>318.684800</timestamp>
			</report>
			<report>
				<misses>1596001</misses>
				<total>35</total>
				<timestamp>318.884574</timestamp>
			</report>
			<report>
				<misses>1597001</misses>
				<total>35</total>
				<timestamp>319.084399</timestamp>
			</report>
			<report>
				<misses>1598001</misses>
				<total>35</total>
				<timestamp>319.284230</timestamp>
			</report>
			<report>
				<misses>1599001</misses>
				<total>35</total>
				<timestamp>319.483998</timestamp>
			</report>
			<report>
				<misses>1600001</misses>
				<total>35</total>
				<timestamp>319.683826</timestamp>
			</report>
			<report>
				<misses>1601001</misses>
				<total>35</total>
				<timestamp>319.883589</timestamp>
			</report>
			<report>
				<misses>1602001</misses>
				<total>35</total>
				<timestamp>320.083377</timestamp>
			</report>
			<report>
				<misses>1603001</misses>
				<total>35</total>
				<timestamp>320.283207</timestamp>
			</report>
			<report>
				<misses>1604001</misses>
				<total>35</total>
				<timestamp>320.482987</timestamp>
			</report>
			<report>
				<misses>1605001</misses>
				<total>35</total>
				<timestamp>320.682886</timestamp>
			</report>
			<report>
				<misses>1606001</misses>
				<total>35</total>
				<timestamp>320.882591</timestamp>
			</report>
			<report>
				<misses>1607001</misses>
				<total>35</total>
				<timestamp>321.082375</timestamp>
			</report>
			<report>
				<misses>1608001</misses>
				<total>35</total>
				<timestamp>321.282220</timestamp>
			</report>
			<report>
				<misses>1609001</misses>
				<total>35</total>
				<timestamp>321.481992</timestamp>
			</report>
			<report>
				<misses>1610001</misses>
				<total>35</total>
				<timestamp>321.681843</timestamp>
			</report>
			<report>
				<misses>1611001</misses>
				<total>36</total>
				<timestamp>321.881549</timestamp>
			</report>
			<report>
				<misses>1612001</misses>
				<total>36</total>
				<timestamp>322.081414</timestamp>
			</report>
			<report>
				<misses>1613001</misses>
				<total>36</total>
				<timestamp>322.281267</timestamp>
			</report>
			<report>
				<misses>1614001</misses>
				<total>36</total>
				<timestamp>322.480998</timestamp>
			</report>
			<report>
				<misses>1615001</misses>
				<total>36</total>
				<timestamp>322.680833</timestamp>
			</report>
			<report>
				<misses>1616001</misses>
				<total>38</total>
				<timestamp>322.880613</timestamp>
			</report>
			<report>
				<misses>1617001</misses>
				<total>38</total>
				<timestamp>323.080381</timestamp>
			</report>
			<report>
				<misses>1618001</misses>
				<total>37</total>
				<timestamp>323.280253</timestamp>
			</report>
			<report>
				<misses>1619001</misses>
				<total>38</total>
				<timestamp>323.480052</timestamp>
			</report>
			<report>
				<misses>1620001</misses>
				<total>38</total>
				<timestamp>323.679778</timestamp>
			</report>
			<report>
				<misses>1621001</misses>
				<total>38</total>
				<timestamp>323.879587</timestamp>
			</report>
			<report>
				<misses>1622001</misses>
				<total>38</total>
				<timestamp>324.079424</timestamp>
			</report>
			<report>
				<misses>1623001</misses>
				<total>38</total>
				<timestamp>324.279215</timestamp>
			</report>
			<report>
				<misses>1624001</misses>
				<total>38</total>
				<timestamp>324.479029</timestamp>
			</report>
			<report>
				<misses>1625001</misses>
				<total>38</total>
				<timestamp>324.678825</timestamp>
			</report>
			<report>
				<misses>1626001</misses>
				<total>38</total>
				<timestamp>324.878570</timestamp>
			</report>
			<report>
				<misses>1627001</misses>
				<total>38</total>
				<timestamp>325.078380</timestamp>
			</report>
			<report>
				<misses>1628001</misses>
				<total>38</total>
				<timestamp>325.278201</timestamp>
			</report>
			<report>
				<misses>1629001</misses>
				<total>38</total>
				<timestamp>325.478072</timestamp>
			</report>
			<report>
				<misses>1630001</misses>
				<total>38</total>
				<timestamp>325.677801</timestamp>
			</report>
			<report>
				<misses>1631001</misses>
				<total>38</total>
				<timestamp>325.877574</timestamp>
			</report>
			<report>
				<misses>1632001</misses>
				<total>39</total>
				<timestamp>326.077366</timestamp>
			</report>
			<report>
				<misses>1633001</misses>
				<total>39</total>
				<timestamp>326.277295</timestamp>
			</report>
			<report>
				<misses>1634001</misses>
				<total>39</total>
				<timestamp>326.477023</timestamp>
			</report>
			<report>
				<misses>1635001</misses>
				<total>39</total>
				<timestamp>326.676771</timestamp>
			</report>
			<report>
				<misses>1636001</misses>
				<total>39</total>
				<timestamp>326.876563</timestamp>
			</report>
			<report>
				<misses>1637001</misses>
				<total>39</total>
				<timestamp>327.076365</timestamp>
			</report>
			<report>
				<misses>1638001</misses>
				<total>39</total>
				<timestamp>327.276220</timestamp>
			</report>
			<report>
				<misses>1639001</misses>
				<total>39</total>
				<timestamp>327.475969</timestamp>
			</report>
			<report>
				<misses>1640001</misses>
				<total>39</total>
				<timestamp>327.675789</timestamp>
			</report>
			<report>
				<misses>1641001</misses>
				<total>39</total>
				<timestamp>327.875660</timestamp>
			</report>
			<report>
				<misses>1642001</misses>
				<total>39</total>
				<timestamp>328.075422</timestamp>
			</report>
			<report>
				<misses>1643001</misses>
				<total>39</total>
				<timestamp>328.275277</timestamp>
			</report>
			<report>
				<misses>1644001</misses>
				<total>39</total>
				<timestamp>328.474971</timestamp>
			</report>
			<report>
				<misses>1645001</misses>
				<total>39</total>
				<timestamp>328.674790</timestamp>
			</report>
			<report>
				<misses>1646001</misses>
				<total>39</total>
				<timestamp>328.874576</timestamp>
			</report>
			<report>
				<misses>1647001</misses>
				<total>39</total>
				<timestamp>329.074385</timestamp>
			</report>
			<report>
				<misses>1648001</misses>
				<total>39</total>
				<timestamp>329.274209</timestamp>
			</report>
			<report>
				<misses>1649001</misses>
				<total>39</total>
				<timestamp>329.473961</timestamp>
			</report>
			<report>
				<misses>1650001</misses>
				<total>39</total>
				<timestamp>329.673798</timestamp>
			</report>
			<report>
				<misses>1651001</misses>
				<total>39</total>
				<timestamp>329.873597</timestamp>
			</report>
			<report>
				<misses>1652001</misses>
				<total>38</total>
				<timestamp>330.073437</timestamp>
			</report>
			<report>
				<misses>1653001</misses>
				<total>39</total>
				<timestamp>330.273192</timestamp>
			</report>
			<report>
				<misses>1654001</misses>
				<total>39</total>
				<timestamp>330.473005</timestamp>
			</report>
			<report>
				<misses>1655001</misses>
				<total>39</total>
				<timestamp>330.672867</timestamp>
			</report>
			<report>
				<misses>1656001</misses>
				<total>39</total>
				<timestamp>330.872571</timestamp>
			</report>
			<report>
				<misses>1657001</misses>
				<total>39</total>
				<timestamp>331.072438</timestamp>
			</report>
			<report>
				<misses>1658001</misses>
				<total>39</total>
				<timestamp>331.272222</timestamp>
			</report>
			<report>
				<misses>1659001</misses>
				<total>38</total>
				<timestamp>331.472068</timestamp>
			</report>
			<report>
				<misses>1660001</misses>
				<total>39</total>
				<timestamp>331.671853</timestamp>
			</report>
			<report>
				<misses>1661001</misses>
				<total>39</total>
				<timestamp>331.871583</timestamp>
			</report>
			<report>
				<misses>1662001</misses>
				<total>38</total>
				<timestamp>332.071499</timestamp>
			</report>
			<report>
				<misses>1663001</misses>
				<total>39</total>
				<timestamp>332.271201</timestamp>
			</report>
			<report>
				<misses>1664001</misses>
				<total>39</total>
				<timestamp>332.471045</timestamp>
			</report>
			<report>
				<misses>1665001</misses>
				<total>39</total>
				<timestamp>332.670882</timestamp>
			</report>
			<report>
				<misses>1666001</misses>
				<total>38</total>
				<timestamp>332.870593</timestamp>
			</report>
			<report>
				<misses>1667001</misses>
				<total>39</total>
				<timestamp>333.070401</timestamp>
			</report>
			<report>
				<misses>1668001</misses>
				<total>39</total>
				<timestamp>333.270199</timestamp>
			</report>
			<report>
				<misses>1669001</misses>
				<total>39</total>
				<timestamp>333.470090</timestamp>
			</report>
			<report>
				<misses>1670001</misses>
				<total>39</total>
				<timestamp>333.669840</timestamp>
			</report>
			<report>
				<misses>1671001</misses>
				<total>39</total>
				<timestamp>333.869601</timestamp>
			</report>
			<report>
				<misses>1672001</misses>
				<total>39</total>
				<timestamp>334.069482</timestamp>
			</report>
			<report>
				<misses>1673001</misses>
				<total>39</total>
				<timestamp>334.269240</timestamp>
			</report>
			<report>
				<misses>1674001</misses>
				<total>39</total>
				<timestamp>334.468969</timestamp>
			</report>
			<report>
				<misses>1675001</misses>
				<total>39</total>
				<timestamp>334.668782</timestamp>
			</report>
			<report>
				<misses>1676001</misses>
				<total>39</total>
				<timestamp>334.868564</timestamp>
			</report>
			<report>
				<misses>1677001</misses>
				<total>39</total>
				<timestamp>335.068404</timestamp>
			</report>
			<report>
				<misses>1678001</misses>
				<total>39</total>
				<timestamp>335.268202</timestamp>
			</report>
			<report>
				<misses>1679001</misses>
				<total>39</total>
				<timestamp>335.467991</timestamp>
			</report>
			<report>
				<misses>1680001</misses>
				<total>39</total>
				<timestamp>335.667801</timestamp>
			</report>
			<report>
				<misses>1681001</misses>
				<total>39</total>
				<timestamp>335.867622</timestamp>
			</report>
			<report>
				<misses>1682001</misses>
				<total>39</total>
				<timestamp>336.067430</timestamp>
			</report>
			<report>
				<misses>1683001</misses>
				<total>39</total>
				<timestamp>336.267208</timestamp>
			</report>
			<report>
				<misses>1684001</misses>
				<total>39</total>
				<timestamp>336.467011</timestamp>
			</report>
			<report>
				<misses>1685001</misses>
				<total>39</total>
				<timestamp>336.666818</timestamp>
			</report>
			<report>
				<misses>1686001</misses>
				<total>38</total>
				<timestamp>336.866615</timestamp>
			</report>
			<report>
				<misses>1687001</misses>
				<total>39</total>
				<timestamp>337.066380</timestamp>
			</report>
			<report>
				<misses>1688001</misses>
				<total>39</total>
				<timestamp>337.266212</timestamp>
			</report>
			<report>
				<misses>1689001</misses>
				<total>39</total>
				<timestamp>337.466012</timestamp>
			</report>
			<report>
				<misses>1690001</misses>
				<total>39</total>
				<timestamp>337.665808</timestamp>
			</report>
			<report>
				<misses>1691001</misses>
				<total>39</total>
				<timestamp>337.865563</timestamp>
			</report>
			<report>
				<misses>1692001</misses>
				<total>39</total>
				<timestamp>338.065378</timestamp>
			</report>
			<report>
				<misses>1693001</misses>
				<total>39</total>
				<timestamp>338.265165</timestamp>
			</report>
			<report>
				<misses>1694001</misses>
				<total>39</total>
				<timestamp>338.465023</timestamp>
			</report>
			<report>
				<misses>1695001</misses>
				<total>39</total>
				<timestamp>338.664829</timestamp>
			</report>
			<report>
				<misses>1696001</misses>
				<total>39</total>
				<timestamp>338.864563</timestamp>
			</report>
			<report>
				<misses>1697001</misses>
				<total>39</total>
				<timestamp>339.064434</timestamp>
			</report>
			<report>
				<misses>1698001</misses>
				<total>39</total>
				<timestamp>339.264198</timestamp>
			</report>
			<report>
				<misses>1699001</misses>
				<total>41</total>
				<timestamp>339.464017</timestamp>
			</report>
			<report>
				<misses>1700001</misses>
				<total>42</total>
				<timestamp>339.663826</timestamp>
			</report>
			<report>
				<misses>1701001</misses>
				<total>42</total>
				<timestamp>339.863651</timestamp>
			</report>
			<report>
				<misses>1702001</misses>
				<total>42</total>
				<timestamp>340.063372</timestamp>
			</report>
			<report>
				<misses>1703001</misses>
				<total>42</total>
				<timestamp>340.263194</timestamp>
			</report>
			<report>
				<misses>1704001</misses>
				<total>42</total>
				<timestamp>340.463004</timestamp>
			</report>
			<report>
				<misses>1705001</misses>
				<total>42</total>
				<timestamp>340.662826</timestamp>
			</report>
			<report>
				<misses>1706001</misses>
				<total>42</total>
				<timestamp>340.862597</timestamp>
			</report>
			<report>
				<misses>1707001</misses>
				<total>42</total>
				<timestamp>341.062423</timestamp>
			</report>
			<report>
				<misses>1708001</misses>
				<total>42</total>
				<timestamp>341.262291</timestamp>
			</report>
			<report>
				<misses>1709001</misses>
				<total>42</total>
				<timestamp>341.462023</timestamp>
			</report>
			<report>
				<misses>1710001</misses>
				<total>42</total>
				<timestamp>341.661865</timestamp>
			</report>
			<report>
				<misses>1711001</misses>
				<total>42</total>
				<timestamp>341.861605</timestamp>
			</report>
			<report>
				<misses>1712001</misses>
				<total>42</total>
				<timestamp>342.061360</timestamp>
			</report>
			<report>
				<misses>1713001</misses>
				<total>42</total>
				<timestamp>342.261195</timestamp>
			</report>
			<report>
				<misses>1714001</misses>
				<total>42</total>
				<timestamp>342.461036</timestamp>
			</report>
			<report>
				<misses>1715001</misses>
				<total>42</total>
				<timestamp>342.660819</timestamp>
			</report>
			<report>
				<misses>1716001</misses>
				<total>42</total>
				<timestamp>342.860558</timestamp>
			</report>
			<report>
				<misses>1717001</misses>
				<total>42</total>
				<timestamp>343.060381</timestamp>
			</report>
			<report>
				<misses>1718001</misses>
				<total>42</total>
				<timestamp>343.260254</timestamp>
			</report>
			<report>
				<misses>1719001</misses>
				<total>42</total>
				<timestamp>343.459980</timestamp>
			</report>
			<report>
				<misses>1720001</misses>
				<total>42</total>
				<timestamp>343.659807</timestamp>
			</report>
			<report>
				<misses>1721001</misses>
				<total>42</total>
				<timestamp>343.859612</timestamp>
			</report>
			<report>
				<misses>1722001</misses>
				<total>42</total>
				<timestamp>344.059429</timestamp>
			</report>
			<report>
				<misses>1723001</misses>
				<total>42</total>
				<timestamp>344.259218</timestamp>
			</report>
			<report>
				<misses>1724001</misses>
				<total>42</total>
				<timestamp>344.459016</timestamp>
			</report>
			<report>
				<misses>1725001</misses>
				<total>42</total>
				<timestamp>344.658809</timestamp>
			</report>
			<report>
				<misses>1726001</misses>
				<total>42</total>
				<timestamp>344.858591</timestamp>
			</report>
			<report>
				<misses>1727001</misses>
				<total>42</total>
				<timestamp>345.058426</timestamp>
			</report>
			<report>
				<misses>1728001</misses>
				<total>42</total>
				<timestamp>345.258272</timestamp>
			</report>
			<report>
				<misses>1729001</misses>
				<total>42</total>
				<timestamp>345.457970</timestamp>
			</report>
			<report>
				<misses>1730001</misses>
				<total>42</total>
				<timestamp>345.657821</timestamp>
			</report>
			<report>
				<misses>1731001</misses>
				<total>42</total>
				<timestamp>345.857588</timestamp>
			</report>
			<report>
				<misses>1732001</misses>
				<total>42</total>
				<timestamp>346.057370</timestamp>
			</report>
			<report>
				<misses>1733001</misses>
				<total>42</total>
				<timestamp>346.257194</timestamp>
			</report>
			<report>
				<misses>1734001</misses>
				<total>42</total>
				<timestamp>346.456994</timestamp>
			</report>
			<report>
				<misses>1735001</misses>
				<total>42</total>
				<timestamp>346.656851</timestamp>
			</report>
			<report>
				<misses>1736001</misses>
				<total>41</total>
				<timestamp>346.856679</timestamp>
			</report>
			<report>
				<misses>1737001</misses>
				<total>42</total>
				<timestamp>347.056436</timestamp>
			</report>
			<report>
				<misses>1738001</misses>
				<total>42</total>
				<timestamp>347.256259</timestamp>
			</report>
			<report>
				<misses>1739001</misses>
				<total>42</total>
				<timestamp>347.456109</timestamp>
			</report>
			<report>
				<misses>1740001</misses>
				<total>42</total>
				<timestamp>347.655789</timestamp>
			</report>
			<report>
				<misses>1741001</misses>
				<total>42</total>
				<timestamp>347.855596</timestamp>
			</report>
			<report>
				<misses>1742001</misses>
				<total>42</total>
				<timestamp>348.055384</timestamp>
			</report>
			<report>
				<misses>1743001</misses>
				<total>42</total>
				<timestamp>348.255181</timestamp>
			</report>
			<report>
				<misses>1744001</misses>
				<total>42</total>
				<timestamp>348.455004</timestamp>
			</report>
			<report>
				<misses>1745001</misses>
				<total>42</total>
				<timestamp>348.654793</timestamp>
			</report>
			<report>
				<misses>1746001</misses>
				<total>42</total>
				<timestamp>348.854631</timestamp>
			</report>
			<report>
				<misses>1747001</misses>
				<total>42</total>
				<timestamp>349.054380</timestamp>
			</report>
			<report>
				<misses>1748001</misses>
				<total>42</total>
				<timestamp>349.254217</timestamp>
			</report>
			<report>
				<misses>1749001</misses>
				<total>42</total>
				<timestamp>349.454053</timestamp>
			</report>
			<report>
				<misses>1750001</misses>
				<total>42</total>
				<timestamp>349.653794</timestamp>
			</report>
			<report>
				<misses>1751001</misses>
				<total>42</total>
				<timestamp>349.853616</timestamp>
			</report>
			<report>
				<misses>1752001</misses>
				<total>42</total>
				<timestamp>350.053404</timestamp>
			</report>
			<report>
				<misses>1753001</misses>
				<total>42</total>
				<timestamp>350.253230</timestamp>
			</report>
			<report>
				<misses>1754001</misses>
				<total>42</total>
				<timestamp>350.453037</timestamp>
			</report>
			<report>
				<misses>1755001</misses>
				<total>42</total>
				<timestamp>350.652794</timestamp>
			</report>
			<report>
				<misses>1756001</misses>
				<total>42</total>
				<timestamp>350.852630</timestamp>
			</report>
			<report>
				<misses>1757001</misses>
				<total>42</total>
				<timestamp>351.052382</timestamp>
			</report>
			<report>
				<misses>1758001</misses>
				<total>42</total>
				<timestamp>351.252231</timestamp>
			</report>
			<report>
				<misses>1759001</misses>
				<total>42</total>
				<timestamp>351.452002</timestamp>
			</report>
			<report>
				<misses>1760001</misses>
				<total>42</total>
				<timestamp>351.651830</timestamp>
			</report>
			<report>
				<misses>1761001</misses>
				<total>42</total>
				<timestamp>351.851615</timestamp>
			</report>
			<report>
				<misses>1762001</misses>
				<total>42</total>
				<timestamp>352.051450</timestamp>
			</report>
			<report>
				<misses>1763001</misses>
				<total>42</total>
				<timestamp>352.251195</timestamp>
			</report>
			<report>
				<misses>1764001</misses>
				<total>42</total>
				<timestamp>352.451013</timestamp>
			</report>
			<report>
				<misses>1765001</misses>
				<total>42</total>
				<timestamp>352.650817</timestamp>
			</report>
			<report>
				<misses>1766001</misses>
				<total>42</total>
				<timestamp>352.850567</timestamp>
			</report>
			<report>
				<misses>1767001</misses>
				<total>42</total>
				<timestamp>353.050387</timestamp>
			</report>
			<report>
				<misses>1768001</misses>
				<total>42</total>
				<timestamp>353.250226</timestamp>
			</report>
			<report>
				<misses>1769001</misses>
				<total>42</total>
				<timestamp>353.450022</timestamp>
			</report>
			<report>
				<misses>1770001</misses>
				<total>42</total>
				<timestamp>353.649776</timestamp>
			</report>
			<report>
				<misses>1771001</misses>
				<total>42</total>
				<timestamp>353.849640</timestamp>
			</report>
			<report>
				<misses>1772001</misses>
				<total>42</total>
				<timestamp>354.049407</timestamp>
			</report>
			<report>
				<misses>1773001</misses>
				<total>42</total>
				<timestamp>354.249228</timestamp>
			</report>
			<report>
				<misses>1774001</misses>
				<total>42</total>
				<timestamp>354.449077</timestamp>
			</report>
			<report>
				<misses>1775001</misses>
				<total>42</total>
				<timestamp>354.648815</timestamp>
			</report>
			<report>
				<misses>1776001</misses>
				<total>42</total>
				<timestamp>354.848600</timestamp>
			</report>
			<report>
				<misses>1777001</misses>
				<total>42</total>
				<timestamp>355.048406</timestamp>
			</report>
			<report>
				<misses>1778001</misses>
				<total>41</total>
				<timestamp>355.248271</timestamp>
			</report>
			<report>
				<misses>1779001</misses>
				<total>42</total>
				<timestamp>355.448008</timestamp>
			</report>
			<report>
				<misses>1780001</misses>
				<total>42</total>
				<timestamp>355.647803</timestamp>
			</report>
			<report>
				<misses>1781001</misses>
				<total>42</total>
				<timestamp>355.847644</timestamp>
			</report>
			<report>
				<misses>1782001</misses>
				<total>42</total>
				<timestamp>356.047444</timestamp>
			</report>
			<report>
				<misses>1783001</misses>
				<total>42</total>
				<timestamp>356.247209</timestamp>
			</report>
			<report>
				<misses>1784001</misses>
				<total>41</total>
				<timestamp>356.447034</timestamp>
			</report>
			<report>
				<misses>1785001</misses>
				<total>41</total>
				<timestamp>356.646849</timestamp>
			</report>
			<report>
				<misses>1786001</misses>
				<total>42</total>
				<timestamp>356.846576</timestamp>
			</report>
			<report>
				<misses>1787001</misses>
				<total>42</total>
				<timestamp>357.046430</timestamp>
			</report>
			<report>
				<misses>1788001</misses>
				<total>42</total>
				<timestamp>357.246183</timestamp>
			</report>
			<report>
				<misses>1789001</misses>
				<total>42</total>
				<timestamp>357.445992</timestamp>
			</report>
			<report>
				<misses>1790001</misses>
				<total>42</total>
				<timestamp>357.645900</timestamp>
			</report>
			<report>
				<misses>1791001</misses>
				<total>42</total>
				<timestamp>357.845669</timestamp>
			</report>
			<report>
				<misses>1792001</misses>
				<total>44</total>
				<timestamp>358.045443</timestamp>
			</report>
			<report>
				<misses>1793001</misses>
				<total>44</total>
				<timestamp>358.245261</timestamp>
			</report>
			<report>
				<misses>1794001</misses>
				<total>43</total>
				<timestamp>358.445004</timestamp>
			</report>
			<report>
				<misses>1795001</misses>
				<total>44</total>
				<timestamp>358.644868</timestamp>
			</report>
			<report>
				<misses>1796001</misses>
				<total>44</total>
				<timestamp>358.844561</timestamp>
			</report>
			<report>
				<misses>1797001</misses>
				<total>44</total>
				<timestamp>359.044427</timestamp>
			</report>
			<report>
				<misses>1798001</misses>
				<total>44</total>
				<timestamp>359.244208</timestamp>
			</report>
			<report>
				<misses>1799001</misses>
				<total>44</total>
				<timestamp>359.444041</timestamp>
			</report>
			<report>
				<misses>1800001</misses>
				<total>44</total>
				<timestamp>359.643822</timestamp>
			</report>
			<report>
				<misses>1801001</misses>
				<total>44</total>
				<timestamp>359.843616</timestamp>
			</report>
			<report>
				<misses>1802001</misses>
				<total>43</total>
				<timestamp>360.043389</timestamp>
			</report>
			<report>
				<misses>1803001</misses>
				<total>44</total>
				<timestamp>360.243220</timestamp>
			</report>
			<report>
				<misses>1804001</misses>
				<total>44</total>
				<timestamp>360.443050</timestamp>
			</report>
			<report>
				<misses>1805001</misses>
				<total>44</total>
				<timestamp>360.642836</timestamp>
			</report>
			<report>
				<misses>1806001</misses>
				<total>44</total>
				<timestamp>360.842698</timestamp>
			</report>
			<report>
				<misses>1807001</misses>
				<total>44</total>
				<timestamp>361.042391</timestamp>
			</report>
			<report>
				<misses>1808001</misses>
				<total>44</total>
				<timestamp>361.242297</timestamp>
			</report>
			<report>
				<misses>1809001</misses>
				<total>44</total>
				<timestamp>361.442060</timestamp>
			</report>
			<report>
				<misses>1810001</misses>
				<total>44</total>
				<timestamp>361.641921</timestamp>
			</report>
			<report>
				<misses>1811001</misses>
				<total>44</total>
				<timestamp>361.841661</timestamp>
			</report>
			<report>
				<misses>1812001</misses>
				<total>44</total>
				<timestamp>362.041367</timestamp>
			</report>
			<report>
				<misses>1813001</misses>
				<total>44</total>
				<timestamp>362.241154</timestamp>
			</report>
			<report>
				<misses>1814001</misses>
				<total>44</total>
				<timestamp>362.441001</timestamp>
			</report>
			<report>
				<misses>1815001</misses>
				<total>44</total>
				<timestamp>362.640829</timestamp>
			</report>
			<report>
				<misses>1816001</misses>
				<total>44</total>
				<timestamp>362.840568</timestamp>
			</report>
			<report>
				<misses>1817001</misses>
				<total>44</total>
				<timestamp>363.040409</timestamp>
			</report>
			<report>
				<misses>1818001</misses>
				<total>44</total>
				<timestamp>363.240208</timestamp>
			</report>
			<report>
				<misses>1819001</misses>
				<total>44</total>
				<timestamp>363.440026</timestamp>
			</report>
			<report>
				<misses>1820001</misses>
				<total>44</total>
				<timestamp>363.639844</timestamp>
			</report>
			<report>
				<misses>1821001</misses>
				<total>44</total>
				<timestamp>363.839554</timestamp>
			</report>
			<report>
				<misses>1822001</misses>
				<total>43</total>
				<timestamp>364.039426</timestamp>
			</report>
			<report>
				<misses>1823001</misses>
				<total>44</total>
				<timestamp>364.239182</timestamp>
			</report>
			<report>
				<misses>1824001</misses>
				<total>44</total>
				<timestamp>364.439013</timestamp>
			</report>
			<report>
				<misses>1825001</misses>
				<total>44</total>
				<timestamp>364.638798</timestamp>
			</report>
			<report>
				<misses>1826001</misses>
				<total>44</total>
				<timestamp>364.838594</timestamp>
			</report>
			<report>
				<misses>1827001</misses>
				<total>44</total>
				<timestamp>365.038448</timestamp>
			</report>
			<report>
				<misses>1828001</misses>
				<total>44</total>
				<timestamp>365.238166</timestamp>
			</report>
			<report>
				<misses>1829001</misses>
				<total>44</total>
				<timestamp>365.437980</timestamp>
			</report>
			<report>
				<misses>1830001</misses>
				<total>44</total>
				<timestamp>365.637868</timestamp>
			</report>
			<report>
				<misses>1831001</misses>
				<total>44</total>
				<timestamp>365.837584</timestamp>
			</report>
			<report>
				<misses>1832001</misses>
				<total>46</total>
				<timestamp>366.037390</timestamp>
			</report>
			<report>
				<misses>1833001</misses>
				<total>46</total>
				<timestamp>366.237178</timestamp>
			</report>
			<report>
				<misses>1834001</misses>
				<total>46</total>
				<timestamp>366.437032</timestamp>
			</report>
			<report>
				<misses>1835001</misses>
				<total>46</total>
				<timestamp>366.636773</timestamp>
			</report>
			<report>
				<misses>1836001</misses>
				<total>46</total>
				<timestamp>366.836637</timestamp>
			</report>
			<report>
				<misses>1837001</misses>
				<total>46</total>
				<timestamp>367.036426</timestamp>
			</report>
			<report>
				<misses>1838001</misses>
				<total>46</total>
				<timestamp>367.236281</timestamp>
			</report>
			<report>
				<misses>1839001</misses>
				<total>46</total>
				<timestamp>367.436010</timestamp>
			</report>
			<report>
				<misses>1840001</misses>
				<total>46</total>
				<timestamp>367.635826</timestamp>
			</report>
			<report>
				<misses>1841001</misses>
				<total>45</total>
				<timestamp>367.835611</timestamp>
			</report>
			<report>
				<misses>1842001</misses>
				<total>46</total>
				<timestamp>368.035415</timestamp>
			</report>
			<report>
				<misses>1843001</misses>
				<total>46</total>
				<timestamp>368.235176</timestamp>
			</report>
			<report>
				<misses>1844001</misses>
				<total>46</total>
				<timestamp>368.435040</timestamp>
			</report>
			<report>
				<misses>1845001</misses>
				<total>46</total>
				<timestamp>368.634851</timestamp>
			</report>
			<report>
				<misses>1846001</misses>
				<total>46</total>
				<timestamp>368.834641</timestamp>
			</report>
			<report>
				<misses>1847001</misses>
				<total>46</total>
				<timestamp>369.034435</timestamp>
			</report>
			<report>
				<misses>1848001</misses>
				<total>46</total>
				<timestamp>369.234176</timestamp>
			</report>
			<report>
				<misses>1849001</misses>
				<total>46</total>
				<timestamp>369.434038</timestamp>
			</report>
			<report>
				<misses>1850001</misses>
				<total>46</total>
				<timestamp>369.633810</timestamp>
			</report>
			<report>
				<misses>1851001</misses>
				<total>46</total>
				<timestamp>369.833669</timestamp>
			</report>
			<report>
				<misses>1852001</misses>
				<total>46</total>
				<timestamp>370.033371</timestamp>
			</report>
			<report>
				<misses>1853001</misses>
				<total>46</total>
				<timestamp>370.233165</timestamp>
			</report>
			<report>
				<misses>1854001</misses>
				<total>47</total>
				<timestamp>370.432972</timestamp>
			</report>
			<report>
				<misses>1855001</misses>
				<total>47</total>
				<timestamp>370.632871</timestamp>
			</report>
			<report>
				<misses>1856001</misses>
				<total>47</total>
				<timestamp>370.832583</timestamp>
			</report>
			<report>
				<misses>1857001</misses>
				<total>47</total>
				<timestamp>371.032511</timestamp>
			</report>
			<report>
				<misses>1858001</misses>
				<total>47</total>
				<timestamp>371.232221</timestamp>
			</report>
			<report>
				<misses>1859001</misses>
				<total>47</total>
				<timestamp>371.432044</timestamp>
			</report>
			<report>
				<misses>1860001</misses>
				<total>47</total>
				<timestamp>371.631802</timestamp>
			</report>
			<report>
				<misses>1861001</misses>
				<total>47</total>
				<timestamp>371.831635</timestamp>
			</report>
			<report>
				<misses>1862001</misses>
				<total>47</total>
				<timestamp>372.031376</timestamp>
			</report>
			<report>
				<misses>1863001</misses>
				<total>47</total>
				<timestamp>372.231233</timestamp>
			</report>
			<report>
				<misses>1864001</misses>
				<total>47</total>
				<timestamp>372.431020</timestamp>
			</report>
			<report>
				<misses>1865001</misses>
				<total>47</total>
				<timestamp>372.630786</timestamp>
			</report>
			<report>
				<misses>1866001</misses>
				<total>47</total>
				<timestamp>372.830633</timestamp>
			</report>
			<report>
				<misses>1867001</misses>
				<total>47</total>
				<timestamp>373.030380</timestamp>
			</report>
			<report>
				<misses>1868001</misses>
				<total>47</total>
				<timestamp>373.230255</timestamp>
			</report>
			<report>
				<misses>1869001</misses>
				<total>47</total>
				<timestamp>373.430011</timestamp>
			</report>
			<report>
				<misses>1870001</misses>
				<total>47</total>
				<timestamp>373.629794</timestamp>
			</report>
			<report>
				<misses>1871001</misses>
				<total>47</total>
				<timestamp>373.829602</timestamp>
			</report>
			<report>
				<misses>1872001</misses>
				<total>47</total>
				<timestamp>374.029466</timestamp>
			</report>
			<report>
				<misses>1873001</misses>
				<total>47</total>
				<timestamp>374.229197</timestamp>
			</report>
			<report>
				<misses>1874001</misses>
				<total>47</total>
				<timestamp>374.429053</timestamp>
			</report>
			<report>
				<misses>1875001</misses>
				<total>47</total>
				<timestamp>374.628880</timestamp>
			</report>
			<report>
				<misses>1876001</misses>
				<total>47</total>
				<timestamp>374.828591</timestamp>
			</report>
			<report>
				<misses>1877001</misses>
				<total>47</total>
				<timestamp>375.028366</timestamp>
			</report>
			<report>
				<misses>1878001</misses>
				<total>47</total>
				<timestamp>375.228213</timestamp>
			</report>
			<report>
				<misses>1879001</misses>
				<total>47</total>
				<timestamp>375.427993</timestamp>
			</report>
			<report>
				<misses>1880001</misses>
				<total>47</total>
				<timestamp>375.627828</timestamp>
			</report>
			<report>
				<misses>1881001</misses>
				<total>47</total>
				<timestamp>375.827574</timestamp>
			</report>
			<report>
				<misses>1882001</misses>
				<total>47</total>
				<timestamp>376.027381</timestamp>
			</report>
			<report>
				<misses>1883001</misses>
				<total>47</total>
				<timestamp>376.227172</timestamp>
			</report>
			<report>
				<misses>1884001</misses>
				<total>47</total>
				<timestamp>376.427055</timestamp>
			</report>
			<report>
				<misses>1885001</misses>
				<total>47</total>
				<timestamp>376.626847</timestamp>
			</report>
			<report>
				<misses>1886001</misses>
				<total>47</total>
				<timestamp>376.826561</timestamp>
			</report>
			<report>
				<misses>1887001</misses>
				<total>47</total>
				<timestamp>377.026391</timestamp>
			</report>
			<report>
				<misses>1888001</misses>
				<total>47</total>
				<timestamp>377.226223</timestamp>
			</report>
			<report>
				<misses>1889001</misses>
				<total>50</total>
				<timestamp>377.426054</timestamp>
			</report>
			<report>
				<misses>1890001</misses>
				<total>50</total>
				<timestamp>377.625810</timestamp>
			</report>
			<report>
				<misses>1891001</misses>
				<total>49</total>
				<timestamp>377.825611</timestamp>
			</report>
			<report>
				<misses>1892001</misses>
				<total>50</total>
				<timestamp>378.025417</timestamp>
			</report>
			<report>
				<misses>1893001</misses>
				<total>50</total>
				<timestamp>378.225256</timestamp>
			</report>
			<report>
				<misses>1894001</misses>
				<total>50</total>
				<timestamp>378.425049</timestamp>
			</report>
			<report>
				<misses>1895001</misses>
				<total>50</total>
				<timestamp>378.624804</timestamp>
			</report>
			<report>
				<misses>1896001</misses>
				<total>50</total>
				<timestamp>378.824641</timestamp>
			</report>
			<report>
				<misses>1897001</misses>
				<total>50</total>
				<timestamp>379.024478</timestamp>
			</report>
			<report>
				<misses>1898001</misses>
				<total>50</total>
				<timestamp>379.224188</timestamp>
			</report>
			<report>
				<misses>1899001</misses>
				<total>50</total>
				<timestamp>379.423994</timestamp>
			</report>
			<report>
				<misses>1900001</misses>
				<total>50</total>
				<timestamp>379.623850</timestamp>
			</report>
			<report>
				<misses>1901001</misses>
				<total>50</total>
				<timestamp>379.823555</timestamp>
			</report>
			<report>
				<misses>1902001</misses>
				<total>50</total>
				<timestamp>380.023370</timestamp>
			</report>
			<report>
				<misses>1903001</misses>
				<total>50</total>
				<timestamp>380.223164</timestamp>
			</report>
			<report>
				<misses>1904001</misses>
				<total>50</total>
				<timestamp>380.423025</timestamp>
			</report>
			<report>
				<misses>1905001</misses>
				<total>50</total>
				<timestamp>380.622826</timestamp>
			</report>
			<report>
				<misses>1906001</misses>
				<total>50</total>
				<timestamp>380.822635</timestamp>
			</report>
			<report>
				<misses>1907001</misses>
				<total>50</total>
				<timestamp>381.022395</timestamp>
			</report>
			<report>
				<misses>1908001</misses>
				<total>50</total>
				<timestamp>381.222176</timestamp>
			</report>
			<report>
				<misses>1909001</misses>
				<total>50</total>
				<timestamp>381.421983</timestamp>
			</report>
			<report>
				<misses>1910001</misses>
				<total>50</total>
				<timestamp>381.621828</timestamp>
			</report>
			<report>
				<misses>1911001</misses>
				<total>50</total>
				<timestamp>381.821613</timestamp>
			</report>
			<report>
				<misses>1912001</misses>
				<total>50</total>
				<timestamp>382.021482</timestamp>
			</report>
			<report>
				<misses>1913001</misses>
				<total>50</total>
				<timestamp>382.221159</timestamp>
			</report>
			<report>
				<misses>1914001</misses>
				<total>50</total>
				<timestamp>382.421026</timestamp>
			</report>
			<report>
				<misses>1915001</misses>
				<total>50</total>
				<timestamp>382.620786</timestamp>
			</report>
			<report>
				<misses>1916001</misses>
				<total>50</total>
				<timestamp>382.820641</timestamp>
			</report>
			<report>
				<misses>1917001</misses>
				<total>50</total>
				<timestamp>383.020401</timestamp>
			</report>
			<report>
				<misses>1918001</misses>
				<total>50</total>
				<timestamp>383.220236</timestamp>
			</report>
			<report>
				<misses>1919001</misses>
				<total>50</total>
				<timestamp>383.420007</timestamp>
			</report>
			<report>
				<misses>1920001</misses>
				<total>50</total>
				<timestamp>383.619820</timestamp>
			</report>
			<report>
				<misses>1921001</misses>
				<total>50</total>
				<timestamp>383.819580</timestamp>
			</report>
			<report>
				<misses>1922001</misses>
				<total>50</total>
				<timestamp>384.019423</timestamp>
			</report>
			<report>
				<misses>1923001</misses>
				<total>50</total>
				<timestamp>384.219169</timestamp>
			</report>
			<report>
				<misses>1924001</misses>
				<total>50</total>
				<timestamp>384.419088</timestamp>
			</report>
			<report>
				<misses>1925001</misses>
				<total>49</total>
				<timestamp>384.618808</timestamp>
			</report>
			<report>
				<misses>1926001</misses>
				<total>50</total>
				<timestamp>384.818598</timestamp>
			</report>
			<report>
				<misses>1927001</misses>
				<total>50</total>
				<timestamp>385.018456</timestamp>
			</report>
			<report>
				<misses>1928001</misses>
				<total>50</total>
				<timestamp>385.218285</timestamp>
			</report>
			<report>
				<misses>1929001</misses>
				<total>50</total>
				<timestamp>385.418060</timestamp>
			</report>
			<report>
				<misses>1930001</misses>
				<total>50</total>
				<timestamp>385.617826</timestamp>
			</report>
			<report>
				<misses>1931001</misses>
				<total>50</total>
				<timestamp>385.817554</timestamp>
			</report>
			<report>
				<misses>1932001</misses>
				<total>50</total>
				<timestamp>386.017384</timestamp>
			</report>
			<report>
				<misses>1933001</misses>
				<total>50</total>
				<timestamp>386.217210</timestamp>
			</report>
			<report>
				<misses>1934001</misses>
				<total>50</total>
				<timestamp>386.416995</timestamp>
			</report>
			<report>
				<misses>1935001</misses>
				<total>50</total>
				<timestamp>386.616817</timestamp>
			</report>
			<report>
				<misses>1936001</misses>
				<total>50</total>
				<timestamp>386.816579</timestamp>
			</report>
			<report>
				<misses>1937001</misses>
				<total>50</total>
				<timestamp>387.016377</timestamp>
			</report>
			<report>
				<misses>1938001</misses>
				<total>50</total>
				<timestamp>387.216220</timestamp>
			</report>
			<report>
				<misses>1939001</misses>
				<total>50</total>
				<timestamp>387.416021</timestamp>
			</report>
			<report>
				<misses>1940001</misses>
				<total>50</total>
				<timestamp>387.615805</timestamp>
			</report>
			<report>
				<misses>1941001</misses>
				<total>49</total>
				<timestamp>387.815636</timestamp>
			</report>
			<report>
				<misses>1942001</misses>
				<total>50</total>
				<timestamp>388.015388</timestamp>
			</report>
			<report>
				<misses>1943001</misses>
				<total>50</total>
				<timestamp>388.215260</timestamp>
			</report>
			<report>
				<misses>1944001</misses>
				<total>50</total>
				<timestamp>388.415032</timestamp>
			</report>
			<report>
				<misses>1945001</misses>
				<total>50</total>
				<timestamp>388.614854</timestamp>
			</report>
			<report>
				<misses>1946001</misses>
				<total>50</total>
				<timestamp>388.814564</timestamp>
			</report>
			<report>
				<misses>1947001</misses>
				<total>50</total>
				<timestamp>389.014445</timestamp>
			</report>
			<report>
				<misses>1948001</misses>
				<total>50</total>
				<timestamp>389.214164</timestamp>
			</report>
			<report>
				<misses>1949001</misses>
				<total>50</total>
				<timestamp>389.413980</timestamp>
			</report>
			<report>
				<misses>1950001</misses>
				<total>50</total>
				<timestamp>389.613802</timestamp>
			</report>
			<report>
				<misses>1951001</misses>
				<total>50</total>
				<timestamp>389.813630</timestamp>
			</report>
			<report>
				<misses>1952001</misses>
				<total>50</total>
				<timestamp>390.013365</timestamp>
			</report>
			<report>
				<misses>1953001</misses>
				<total>50</total>
				<timestamp>390.213201</timestamp>
			</report>
			<report>
				<misses>1954001</misses>
				<total>50</total>
				<timestamp>390.412990</timestamp>
			</report>
			<report>
				<misses>1955001</misses>
				<total>50</total>
				<timestamp>390.612800</timestamp>
			</report>
			<report>
				<misses>1956001</misses>
				<total>50</total>
				<timestamp>390.812634</timestamp>
			</report>
			<report>
				<misses>1957001</misses>
				<total>50</total>
				<timestamp>391.012405</timestamp>
			</report>
			<report>
				<misses>1958001</misses>
				<total>50</total>
				<timestamp>391.212206</timestamp>
			</report>
			<report>
				<misses>1959001</misses>
				<total>50</total>
				<timestamp>391.411979</timestamp>
			</report>
			<report>
				<misses>1960001</misses>
				<total>50</total>
				<timestamp>391.611879</timestamp>
			</report>
			<report>
				<misses>1961001</misses>
				<total>50</total>
				<timestamp>391.811569</timestamp>
			</report>
			<report>
				<misses>1962001</misses>
				<total>50</total>
				<timestamp>392.011497</timestamp>
			</report>
			<report>
				<misses>1963001</misses>
				<total>50</total>
				<timestamp>392.211196</timestamp>
			</report>
			<report>
				<misses>1964001</misses>
				<total>50</total>
				<timestamp>392.411044</timestamp>
			</report>
			<report>
				<misses>1965001</misses>
				<total>49</total>
				<timestamp>392.610838</timestamp>
			</report>
			<report>
				<misses>1966001</misses>
				<total>50</total>
				<timestamp>392.810593</timestamp>
			</report>
			<report>
				<misses>1967001</misses>
				<total>50</total>
				<timestamp>393.010443</timestamp>
			</report>
			<report>
				<misses>1968001</misses>
				<total>50</total>
				<timestamp>393.210286</timestamp>
			</report>
			<report>
				<misses>1969001</misses>
				<total>50</total>
				<timestamp>393.410100</timestamp>
			</report>
			<report>
				<misses>1970001</misses>
				<total>50</total>
				<timestamp>393.609820</timestamp>
			</report>
			<report>
				<misses>1971001</misses>
				<total>50</total>
				<timestamp>393.809618</timestamp>
			</report>
			<report>
				<misses>1972001</misses>
				<total>50</total>
				<timestamp>394.009411</timestamp>
			</report>
			<report>
				<misses>1973001</misses>
				<total>50</total>
				<timestamp>394.209173</timestamp>
			</report>
			<report>
				<misses>1974001</misses>
				<total>50</total>
				<timestamp>394.409031</timestamp>
			</report>
			<report>
				<misses>1975001</misses>
				<total>50</total>
				<timestamp>394.608822</timestamp>
			</report>
			<report>
				<misses>1976001</misses>
				<total>50</total>
				<timestamp>394.808573</timestamp>
			</report>
			<report>
				<misses>1977001</misses>
				<total>50</total>
				<timestamp>395.008384</timestamp>
			</report>
			<report>
				<misses>1978001</misses>
				<total>50</total>
				<timestamp>395.208229</timestamp>
			</report>
			<report>
				<misses>1979001</misses>
				<total>49</total>
				<timestamp>395.408043</timestamp>
			</report>
			<report>
				<misses>1980001</misses>
				<total>49</total>
				<timestamp>395.607855</timestamp>
			</report>
			<report>
				<misses>1981001</misses>
				<total>50</total>
				<timestamp>395.807575</timestamp>
			</report>
			<report>
				<misses>1982001</misses>
				<total>50</total>
				<timestamp>396.007374</timestamp>
			</report>
			<report>
				<misses>1983001</misses>
				<total>50</total>
				<timestamp>396.207236</timestamp>
			</report>
			<report>
				<misses>1984001</misses>
				<total>50</total>
				<timestamp>396.407076</timestamp>
			</report>
			<report>
				<misses>1985001</misses>
				<total>50</total>
				<timestamp>396.606785</timestamp>
			</report>
			<report>
				<misses>1986001</misses>
				<total>49</total>
				<timestamp>396.806690</timestamp>
			</report>
			<report>
				<misses>1987001</misses>
				<total>50</total>
				<timestamp>397.006379</timestamp>
			</report>
			<report>
				<misses>1988001</misses>
				<total>50</total>
				<timestamp>397.206163</timestamp>
			</report>
			<report>
				<misses>1989001</misses>
				<total>50</total>
				<timestamp>397.405993</timestamp>
			</report>
			<report>
				<misses>1990001</misses>
				<total>50</total>
				<timestamp>397.605794</timestamp>
			</report>
			<report>
				<misses>1991001</misses>
				<total>50</total>
				<timestamp>397.805622</timestamp>
			</report>
			<report>
				<misses>1992001</misses>
				<total>50</total>
				<timestamp>398.005413</timestamp>
			</report>
			<report>
				<misses>1993001</misses>
				<total>50</total>
				<timestamp>398.205215</timestamp>
			</report>
			<report>
				<misses>1994001</misses>
				<total>50</total>
				<timestamp>398.405025</timestamp>
			</report>
			<report>
				<misses>1995001</misses>
				<total>50</total>
				<timestamp>398.604824</timestamp>
			</report>
			<report>
				<misses>1996001</misses>
				<total>50</total>
				<timestamp>398.804618</timestamp>
			</report>
			<report>
				<misses>1997001</misses>
				<total>49</total>
				<timestamp>399.004476</timestamp>
			</report>
			<report>
				<misses>1998001</misses>
				<total>50</total>
				<timestamp>399.204177</timestamp>
			</report>
			<report>
				<misses>1999001</misses>
				<total>50</total>
				<timestamp>399.403990</timestamp>
			</report>
			<report>
				<misses>2000001</misses>
				<total>50</total>
				<timestamp>399.603820</timestamp>
			</report>
			<report>
				<misses>2001001</misses>
				<total>50</total>
				<timestamp>399.803598</timestamp>
			</report>
			<report>
				<misses>2002001</misses>
				<total>50</total>
				<timestamp>400.003437</timestamp>
			</report>
			<report>
				<misses>2003001</misses>
				<total>49</total>
				<timestamp>400.203224</timestamp>
			</report>
			<report>
				<misses>2004001</misses>
				<total>50</total>
				<timestamp>400.402978</timestamp>
			</report>
			<report>
				<misses>2005001</misses>
				<total>50</total>
				<timestamp>400.602846</timestamp>
			</report>
			<report>
				<misses>2006001</misses>
				<total>50</total>
				<timestamp>400.802558</timestamp>
			</report>
			<report>
				<misses>2007001</misses>
				<total>50</total>
				<timestamp>401.002491</timestamp>
			</report>
			<report>
				<misses>2008001</misses>
				<total>50</total>
				<timestamp>401.202274</timestamp>
			</report>
			<report>
				<misses>2009001</misses>
				<total>50</total>
				<timestamp>401.401976</timestamp>
			</report>
			<report>
				<misses>2010001</misses>
				<total>50</total>
				<timestamp>401.601805</timestamp>
			</report>
			<report>
				<misses>2011001</misses>
				<total>51</total>
				<timestamp>401.801581</timestamp>
			</report>
			<report>
				<misses>2012001</misses>
				<total>51</total>
				<timestamp>402.001408</timestamp>
			</report>
			<report>
				<misses>2013001</misses>
				<total>51</total>
				<timestamp>402.201224</timestamp>
			</report>
			<report>
				<misses>2014001</misses>
				<total>51</total>
				<timestamp>402.400996</timestamp>
			</report>
			<report>
				<misses>2015001</misses>
				<total>51</total>
				<timestamp>402.600919</timestamp>
			</report>
			<report>
				<misses>2016001</misses>
				<total>51</total>
				<timestamp>402.800673</timestamp>
			</report>
			<report>
				<misses>2017001</misses>
				<total>51</total>
				<timestamp>403.000411</timestamp>
			</report>
			<report>
				<misses>2018001</misses>
				<total>51</total>
				<timestamp>403.200255</timestamp>
			</report>
			<report>
				<misses>2019001</misses>
				<total>51</total>
				<timestamp>403.399976</timestamp>
			</report>
			<report>
				<misses>2020001</misses>
				<total>51</total>
				<timestamp>403.599820</timestamp>
			</report>
			<report>
				<misses>2021001</misses>
				<total>51</total>
				<timestamp>403.799635</timestamp>
			</report>
			<report>
				<misses>2022001</misses>
				<total>51</total>
				<timestamp>403.999375</timestamp>
			</report>
			<report>
				<misses>2023001</misses>
				<total>51</total>
				<timestamp>404.199218</timestamp>
			</report>
			<report>
				<misses>2024001</misses>
				<total>51</total>
				<timestamp>404.398980</timestamp>
			</report>
			<report>
				<misses>2025001</misses>
				<total>51</total>
				<timestamp>404.598904</timestamp>
			</report>
			<report>
				<misses>2026001</misses>
				<total>51</total>
				<timestamp>404.798564</timestamp>
			</report>
			<report>
				<misses>2027001</misses>
				<total>51</total>
				<timestamp>404.998382</timestamp>
			</report>
			<report>
				<misses>2028001</misses>
				<total>51</total>
				<timestamp>405.198173</timestamp>
			</report>
			<report>
				<misses>2029001</misses>
				<total>51</total>
				<timestamp>405.397972</timestamp>
			</report>
			<report>
				<misses>2030001</misses>
				<total>51</total>
				<timestamp>405.597814</timestamp>
			</report>
			<report>
				<misses>2031001</misses>
				<total>51</total>
				<timestamp>405.797607</timestamp>
			</report>
			<report>
				<misses>2032001</misses>
				<total>51</total>
				<timestamp>405.997383</timestamp>
			</report>
			<report>
				<misses>2033001</misses>
				<total>51</total>
				<timestamp>406.197186</timestamp>
			</report>
			<report>
				<misses>2034001</misses>
				<total>51</total>
				<timestamp>406.396994</timestamp>
			</report>
			<report>
				<misses>2035001</misses>
				<total>51</total>
				<timestamp>406.596823</timestamp>
			</report>
			<report>
				<misses>2036001</misses>
				<total>51</total>
				<timestamp>406.796570</timestamp>
			</report>
			<report>
				<misses>2037001</misses>
				<total>51</total>
				<timestamp>406.996370</timestamp>
			</report>
			<report>
				<misses>2038001</misses>
				<total>51</total>
				<timestamp>407.196174</timestamp>
			</report>
			<report>
				<misses>2039001</misses>
				<total>51</total>
				<timestamp>407.395985</timestamp>
			</report>
			<report>
				<misses>2040001</misses>
				<total>51</total>
				<timestamp>407.595894</timestamp>
			</report>
			<report>
				<misses>2041001</misses>
				<total>51</total>
				<timestamp>407.795576</timestamp>
			</report>
			<report>
				<misses>2042001</misses>
				<total>51</total>
				<timestamp>407.995377</timestamp>
			</report>
			<report>
				<misses>2043001</misses>
				<total>51</total>
				<timestamp>408.195192</timestamp>
			</report>
			<report>
				<misses>2044001</misses>
				<total>51</total>
				<timestamp>408.394964</timestamp>
			</report>
			<report>
				<misses>2045001</misses>
				<total>51</total>
				<timestamp>408.594901</timestamp>
			</report>
			<report>
				<misses>2046001</misses>
				<total>54</total>
				<timestamp>408.794657</timestamp>
			</report>
			<report>
				<misses>2047001</misses>
				<total>53</total>
				<timestamp>408.994430</timestamp>
			</report>
			<report>
				<misses>2048001</misses>
				<total>54</total>
				<timestamp>409.194185</timestamp>
			</report>
			<report>
				<misses>2049001</misses>
				<total>54</total>
				<timestamp>409.394009</timestamp>
			</report>
			<report>
				<misses>2050001</misses>
				<total>54</total>
				<timestamp>409.593837</timestamp>
			</report>
			<report>
				<misses>2051001</misses>
				<total>54</total>
				<timestamp>409.793588</timestamp>
			</report>
			<report>
				<misses>2052001</misses>
				<total>54</total>
				<timestamp>409.993442</timestamp>
			</report>
			<report>
				<misses>2053001</misses>
				<total>55</total>
				<timestamp>410.193161</timestamp>
			</report>
			<report>
				<misses>2054001</misses>
				<total>54</total>
				<timestamp>410.392999</timestamp>
			</report>
			<report>
				<misses>2055001</misses>
				<total>55</total>
				<timestamp>410.592836</timestamp>
			</report>
			<report>
				<misses>2056001</misses>
				<total>55</total>
				<timestamp>410.792664</timestamp>
			</report>
			<report>
				<misses>2057001</misses>
				<total>55</total>
				<timestamp>410.992392</timestamp>
			</report>
			<report>
				<misses>2058001</misses>
				<total>55</total>
				<timestamp>411.192187</timestamp>
			</report>
			<report>
				<misses>2059001</misses>
				<total>55</total>
				<timestamp>411.392005</timestamp>
			</report>
			<report>
				<misses>2060001</misses>
				<total>55</total>
				<timestamp>411.591839</timestamp>
			</report>
			<report>
				<misses>2061001</misses>
				<total>55</total>
				<timestamp>411.791623</timestamp>
			</report>
			<report>
				<misses>2062001</misses>
				<total>55</total>
				<timestamp>411.991490</timestamp>
			</report>
			<report>
				<misses>2063001</misses>
				<total>55</total>
				<timestamp>412.191266</timestamp>
			</report>
			<report>
				<misses>2064001</misses>
				<total>56</total>
				<timestamp>412.391067</timestamp>
			</report>
			<report>
				<misses>2065001</misses>
				<total>56</total>
				<timestamp>412.590772</timestamp>
			</report>
			<report>
				<misses>2066001</misses>
				<total>56</total>
				<timestamp>412.790606</timestamp>
			</report>
			<report>
				<misses>2067001</misses>
				<total>55</total>
				<timestamp>412.990387</timestamp>
			</report>
			<report>
				<misses>2068001</misses>
				<total>56</total>
				<timestamp>413.190165</timestamp>
			</report>
			<report>
				<misses>2069001</misses>
				<total>56</total>
				<timestamp>413.390020</timestamp>
			</report>
			<report>
				<misses>2070001</misses>
				<total>56</total>
				<timestamp>413.589914</timestamp>
			</report>
			<report>
				<misses>2071001</misses>
				<total>56</total>
				<timestamp>413.789578</timestamp>
			</report>
			<report>
				<misses>2072001</misses>
				<total>56</total>
				<timestamp>413.989479</timestamp>
			</report>
			<report>
				<misses>2073001</misses>
				<total>56</total>
				<timestamp>414.189176</timestamp>
			</report>
			<report>
				<misses>2074001</misses>
				<total>56</total>
				<timestamp>414.388972</timestamp>
			</report>
			<report>
				<misses>2075001</misses>
				<total>56</total>
				<timestamp>414.588880</timestamp>
			</report>
			<report>
				<misses>2076001</misses>
				<total>56</total>
				<timestamp>414.788580</timestamp>
			</report>
			<report>
				<misses>2077001</misses>
				<total>56</total>
				<timestamp>414.988389</timestamp>
			</report>
			<report>
				<misses>2078001</misses>
				<total>56</total>
				<timestamp>415.188179</timestamp>
			</report>
			<report>
				<misses>2079001</misses>
				<total>56</total>
				<timestamp>415.387972</timestamp>
			</report>
			<report>
				<misses>2080001</misses>
				<total>56</total>
				<timestamp>415.587769</timestamp>
			</report>
			<report>
				<misses>2081001</misses>
				<total>56</total>
				<timestamp>415.787623</timestamp>
			</report>
			<report>
				<misses>2082001</misses>
				<total>56</total>
				<timestamp>415.987386</timestamp>
			</report>
			<report>
				<misses>2083001</misses>
				<total>56</total>
				<timestamp>416.187212</timestamp>
			</report>
			<report>
				<misses>2084001</misses>
				<total>56</total>
				<timestamp>416.387071</timestamp>
			</report>
			<report>
				<misses>2085001</misses>
				<total>56</total>
				<timestamp>416.586775</timestamp>
			</report>
			<report>
				<misses>2086001</misses>
				<total>56</total>
				<timestamp>416.786655</timestamp>
			</report>
			<report>
				<misses>2087001</misses>
				<total>56</total>
				<timestamp>416.986494</timestamp>
			</report>
			<report>
				<misses>2088001</misses>
				<total>56</total>
				<timestamp>417.186210</timestamp>
			</report>
			<report>
				<misses>2089001</misses>
				<total>56</total>
				<timestamp>417.385965</timestamp>
			</report>
			<report>
				<misses>2090001</misses>
				<total>56</total>
				<timestamp>417.585780</timestamp>
			</report>
			<report>
				<misses>2091001</misses>
				<total>56</total>
				<timestamp>417.785602</timestamp>
			</report>
			<report>
				<misses>2092001</misses>
				<total>56</total>
				<timestamp>417.985412</timestamp>
			</report>
			<report>
				<misses>2093001</misses>
				<total>56</total>
				<timestamp>418.185289</timestamp>
			</report>
			<report>
				<misses>2094001</misses>
				<total>60</total>
				<timestamp>418.384977</timestamp>
			</report>
			<report>
				<misses>2095001</misses>
				<total>60</total>
				<timestamp>418.584806</timestamp>
			</report>
			<report>
				<misses>2096001</misses>
				<total>60</total>
				<timestamp>418.784657</timestamp>
			</report>
			<report>
				<misses>2097001</misses>
				<total>60</total>
				<timestamp>418.984385</timestamp>
			</report>
			<report>
				<misses>2098001</misses>
				<total>60</total>
				<timestamp>419.184215</timestamp>
			</report>
			<report>
				<misses>2099001</misses>
				<total>60</total>
				<timestamp>419.383969</timestamp>
			</report>
			<report>
				<misses>2100001</misses>
				<total>60</total>
				<timestamp>419.583754</timestamp>
			</report>
			<report>
				<misses>2101001</misses>
				<total>60</total>
				<timestamp>419.783568</timestamp>
			</report>
			<report>
				<misses>2102001</misses>
				<total>60</total>
				<timestamp>419.983380</timestamp>
			</report>
			<report>
				<misses>2103001</misses>
				<total>60</total>
				<timestamp>420.183211</timestamp>
			</report>
			<report>
				<misses>2104001</misses>
				<total>60</total>
				<timestamp>420.383037</timestamp>
			</report>
			<report>
				<misses>2105001</misses>
				<total>60</total>
				<timestamp>420.582763</timestamp>
			</report>
			<report>
				<misses>2106001</misses>
				<total>60</total>
				<timestamp>420.782606</timestamp>
			</report>
			<report>
				<misses>2107001</misses>
				<total>60</total>
				<timestamp>420.982392</timestamp>
			</report>
			<report>
				<misses>2108001</misses>
				<total>60</total>
				<timestamp>421.182168</timestamp>
			</report>
			<report>
				<misses>2109001</misses>
				<total>60</total>
				<timestamp>421.381989</timestamp>
			</report>
			<report>
				<misses>2110001</misses>
				<total>60</total>
				<timestamp>421.581827</timestamp>
			</report>
			<report>
				<misses>2111001</misses>
				<total>59</total>
				<timestamp>421.781660</timestamp>
			</report>
			<report>
				<misses>2112001</misses>
				<total>59</total>
				<timestamp>421.981458</timestamp>
			</report>
			<report>
				<misses>2113001</misses>
				<total>60</total>
				<timestamp>422.181214</timestamp>
			</report>
			<report>
				<misses>2114001</misses>
				<total>60</total>
				<timestamp>422.381004</timestamp>
			</report>
			<report>
				<misses>2115001</misses>
				<total>60</total>
				<timestamp>422.580794</timestamp>
			</report>
			<report>
				<misses>2116001</misses>
				<total>60</total>
				<timestamp>422.780600</timestamp>
			</report>
			<report>
				<misses>2117001</misses>
				<total>60</total>
				<timestamp>422.980390</timestamp>
			</report>
			<report>
				<misses>2118001</misses>
				<total>60</total>
				<timestamp>423.180186</timestamp>
			</report>
			<report>
				<misses>2119001</misses>
				<total>60</total>
				<timestamp>423.380001</timestamp>
			</report>
			<report>
				<misses>2120001</misses>
				<total>60</total>
				<timestamp>423.579849</timestamp>
			</report>
			<report>
				<misses>2121001</misses>
				<total>60</total>
				<timestamp>423.779717</timestamp>
			</report>
			<report>
				<misses>2122001</misses>
				<total>60</total>
				<timestamp>423.979419</timestamp>
			</report>
			<report>
				<misses>2123001</misses>
				<total>60</total>
				<timestamp>424.179245</timestamp>
			</report>
			<report>
				<misses>2124001</misses>
				<total>60</total>
				<timestamp>424.379041</timestamp>
			</report>
			<report>
				<misses>2125001</misses>
				<total>60</total>
				<timestamp>424.578771</timestamp>
			</report>
			<report>
				<misses>2126001</misses>
				<total>60</total>
				<timestamp>424.778589</timestamp>
			</report>
			<report>
				<misses>2127001</misses>
				<total>60</total>
				<timestamp>424.978440</timestamp>
			</report>
			<report>
				<misses>2128001</misses>
				<total>60</total>
				<timestamp>425.178181</timestamp>
			</report>
			<report>
				<misses>2129001</misses>
				<total>60</total>
				<timestamp>425.378061</timestamp>
			</report>
			<report>
				<misses>2130001</misses>
				<total>60</total>
				<timestamp>425.577786</timestamp>
			</report>
			<report>
				<misses>2131001</misses>
				<total>60</total>
				<timestamp>425.777627</timestamp>
			</report>
			<report>
				<misses>2132001</misses>
				<total>60</total>
				<timestamp>425.977366</timestamp>
			</report>
			<report>
				<misses>2133001</misses>
				<total>60</total>
				<timestamp>426.177181</timestamp>
			</report>
			<report>
				<misses>2134001</misses>
				<total>60</total>
				<timestamp>426.376976</timestamp>
			</report>
			<report>
				<misses>2135001</misses>
				<total>60</total>
				<timestamp>426.576860</timestamp>
			</report>
			<report>
				<misses>2136001</misses>
				<total>60</total>
				<timestamp>426.776560</timestamp>
			</report>
			<report>
				<misses>2137001</misses>
				<total>60</total>
				<timestamp>426.976406</timestamp>
			</report>
			<report>
				<misses>2138001</misses>
				<total>60</total>
				<timestamp>427.176196</timestamp>
			</report>
			<report>
				<misses>2139001</misses>
				<total>60</total>
				<timestamp>427.376017</timestamp>
			</report>
			<report>
				<misses>2140001</misses>
				<total>60</total>
				<timestamp>427.575784</timestamp>
			</report>
			<report>
				<misses>2141001</misses>
				<total>60</total>
				<timestamp>427.775638</timestamp>
			</report>
			<report>
				<misses>2142001</misses>
				<total>60</total>
				<timestamp>427.975402</timestamp>
			</report>
			<report>
				<misses>2143001</misses>
				<total>60</total>
				<timestamp>428.175212</timestamp>
			</report>
			<report>
				<misses>2144001</misses>
				<total>60</total>
				<timestamp>428.375049</timestamp>
			</report>
			<report>
				<misses>2145001</misses>
				<total>60</total>
				<timestamp>428.574778</timestamp>
			</report>
			<report>
				<misses>2146001</misses>
				<total>60</total>
				<timestamp>428.774589</timestamp>
			</report>
			<report>
				<misses>2147001</misses>
				<total>60</total>
				<timestamp>428.974426</timestamp>
			</report>
			<report>
				<misses>2148001</misses>
				<total>60</total>
				<timestamp>429.174184</timestamp>
			</report>
			<report>
				<misses>2149001</misses>
				<total>60</total>
				<timestamp>429.374008</timestamp>
			</report>
			<report>
				<misses>2150001</misses>
				<total>60</total>
				<timestamp>429.573849</timestamp>
			</report>
			<report>
				<misses>2151001</misses>
				<total>60</total>
				<timestamp>429.773606</timestamp>
			</report>
			<report>
				<misses>2152001</misses>
				<total>60</total>
				<timestamp>429.973448</timestamp>
			</report>
			<report>
				<misses>2153001</misses>
				<total>60</total>
				<timestamp>430.173188</timestamp>
			</report>
			<report>
				<misses>2154001</misses>
				<total>60</total>
				<timestamp>430.372969</timestamp>
			</report>
			<report>
				<misses>2155001</misses>
				<total>60</total>
				<timestamp>430.572889</timestamp>
			</report>
			<report>
				<misses>2156001</misses>
				<total>60</total>
				<timestamp>430.772612</timestamp>
			</report>
			<report>
				<misses>2157001</misses>
				<total>60</total>
				<timestamp>430.972398</timestamp>
			</report>
			<report>
				<misses>2158001</misses>
				<total>60</total>
				<timestamp>431.172196</timestamp>
			</report>
			<report>
				<misses>2159001</misses>
				<total>60</total>
				<timestamp>431.372015</timestamp>
			</report>
			<report>
				<misses>2160001</misses>
				<total>60</total>
				<timestamp>431.571776</timestamp>
			</report>
			<report>
				<misses>2161001</misses>
				<total>60</total>
				<timestamp>431.771617</timestamp>
			</report>
			<report>
				<misses>2162001</misses>
				<total>60</total>
				<timestamp>431.971392</timestamp>
			</report>
			<report>
				<misses>2163001</misses>
				<total>60</total>
				<timestamp>432.171166</timestamp>
			</report>
			<report>
				<misses>2164001</misses>
				<total>62</total>
				<timestamp>432.370975</timestamp>
			</report>
			<report>
				<misses>2165001</misses>
				<total>62</total>
				<timestamp>432.570850</timestamp>
			</report>
			<report>
				<misses>2166001</misses>
				<total>62</total>
				<timestamp>432.770607</timestamp>
			</report>
			<report>
				<misses>2167001</misses>
				<total>62</total>
				<timestamp>432.970365</timestamp>
			</report>
			<report>
				<misses>2168001</misses>
				<total>62</total>
				<timestamp>433.170181</timestamp>
			</report>
			<report>
				<misses>2169001</misses>
				<total>62</total>
				<timestamp>433.370011</timestamp>
			</report>
			<report>
				<misses>2170001</misses>
				<total>62</total>
				<timestamp>433.569828</timestamp>
			</report>
			<report>
				<misses>2171001</misses>
				<total>61</total>
				<timestamp>433.769592</timestamp>
			</report>
			<report>
				<misses>2172001</misses>
				<total>61</total>
				<timestamp>433.969533</timestamp>
			</report>
			<report>
				<misses>2173001</misses>
				<total>62</total>
				<timestamp>434.169217</timestamp>
			</report>
			<report>
				<misses>2174001</misses>
				<total>62</total>
				<timestamp>434.368960</timestamp>
			</report>
			<report>
				<misses>2175001</misses>
				<total>61</total>
				<timestamp>434.568785</timestamp>
			</report>
			<report>
				<misses>2176001</misses>
				<total>62</total>
				<timestamp>434.768584</timestamp>
			</report>
			<report>
				<misses>2177001</misses>
				<total>62</total>
				<timestamp>434.968372</timestamp>
			</report>
			<report>
				<misses>2178001</misses>
				<total>62</total>
				<timestamp>435.168189</timestamp>
			</report>
			<report>
				<misses>2179001</misses>
				<total>62</total>
				<timestamp>435.368014</timestamp>
			</report>
			<report>
				<misses>2180001</misses>
				<total>62</total>
				<timestamp>435.567802</timestamp>
			</report>
			<report>
				<misses>2181001</misses>
				<total>61</total>
				<timestamp>435.767623</timestamp>
			</report>
			<report>
				<misses>2182001</misses>
				<total>62</total>
				<timestamp>435.967400</timestamp>
			</report>
			<report>
				<misses>2183001</misses>
				<total>62</total>
				<timestamp>436.167179</timestamp>
			</report>
			<report>
				<misses>2184001</misses>
				<total>62</total>
				<timestamp>436.367012</timestamp>
			</report>
			<report>
				<misses>2185001</misses>
				<total>62</total>
				<timestamp>436.566805</timestamp>
			</report>
			<report>
				<misses>2186001</misses>
				<total>62</total>
				<timestamp>436.766668</timestamp>
			</report>
			<report>
				<misses>2187001</misses>
				<total>62</total>
				<timestamp>436.966354</timestamp>
			</report>
			<report>
				<misses>2188001</misses>
				<total>62</total>
				<timestamp>437.166155</timestamp>
			</report>
			<report>
				<misses>2189001</misses>
				<total>62</total>
				<timestamp>437.365966</timestamp>
			</report>
			<report>
				<misses>2190001</misses>
				<total>62</total>
				<timestamp>437.565804</timestamp>
			</report>
			<report>
				<misses>2191001</misses>
				<total>62</total>
				<timestamp>437.765610</timestamp>
			</report>
			<report>
				<misses>2192001</misses>
				<total>62</total>
				<timestamp>437.965365</timestamp>
			</report>
			<report>
				<misses>2193001</misses>
				<total>62</total>
				<timestamp>438.165241</timestamp>
			</report>
			<report>
				<misses>2194001</misses>
				<total>62</total>
				<timestamp>438.365002</timestamp>
			</report>
			<report>
				<misses>2195001</misses>
				<total>62</total>
				<timestamp>438.564818</timestamp>
			</report>
			<report>
				<misses>2196001</misses>
				<total>62</total>
				<timestamp>438.764628</timestamp>
			</report>
			<report>
				<misses>2197001</misses>
				<total>61</total>
				<timestamp>438.964463</timestamp>
			</report>
			<report>
				<misses>2198001</misses>
				<total>62</total>
				<timestamp>439.164252</timestamp>
			</report>
			<report>
				<misses>2199001</misses>
				<total>61</total>
				<timestamp>439.364034</timestamp>
			</report>
			<report>
				<misses>2200001</misses>
				<total>62</total>
				<timestamp>439.563812</timestamp>
			</report>
			<report>
				<misses>2201001</misses>
				<total>62</total>
				<timestamp>439.763599</timestamp>
			</report>
			<report>
				<misses>2202001</misses>
				<total>62</total>
				<timestamp>439.963387</timestamp>
			</report>
			<report>
				<misses>2203001</misses>
				<total>62</total>
				<timestamp>440.163183</timestamp>
			</report>
			<report>
				<misses>2204001</misses>
				<total>62</total>
				<timestamp>440.363014</timestamp>
			</report>
			<report>
				<misses>2205001</misses>
				<total>62</total>
				<timestamp>440.562793</timestamp>
			</report>
			<report>
				<misses>2206001</misses>
				<total>62</total>
				<timestamp>440.762594</timestamp>
			</report>
			<report>
				<misses>2207001</misses>
				<total>62</total>
				<timestamp>440.962384</timestamp>
			</report>
			<report>
				<misses>2208001</misses>
				<total>62</total>
				<timestamp>441.162231</timestamp>
			</report>
			<report>
				<misses>2209001</misses>
				<total>62</total>
				<timestamp>441.361970</timestamp>
			</report>
			<report>
				<misses>2210001</misses>
				<total>62</total>
				<timestamp>441.561823</timestamp>
			</report>
			<report>
				<misses>2211001</misses>
				<total>62</total>
				<timestamp>441.761600</timestamp>
			</report>
			<report>
				<misses>2212001</misses>
				<total>62</total>
				<timestamp>441.961402</timestamp>
			</report>
			<report>
				<misses>2213001</misses>
				<total>62</total>
				<timestamp>442.161242</timestamp>
			</report>
			<report>
				<misses>2214001</misses>
				<total>62</total>
				<timestamp>442.360973</timestamp>
			</report>
			<report>
				<misses>2215001</misses>
				<total>62</total>
				<timestamp>442.560797</timestamp>
			</report>
			<report>
				<misses>2216001</misses>
				<total>62</total>
				<timestamp>442.760619</timestamp>
			</report>
			<report>
				<misses>2217001</misses>
				<total>62</total>
				<timestamp>442.960459</timestamp>
			</report>
			<report>
				<misses>2218001</misses>
				<total>62</total>
				<timestamp>443.160162</timestamp>
			</report>
			<report>
				<misses>2219001</misses>
				<total>62</total>
				<timestamp>443.360073</timestamp>
			</report>
			<report>
				<misses>2220001</misses>
				<total>62</total>
				<timestamp>443.559828</timestamp>
			</report>
			<report>
				<misses>2221001</misses>
				<total>62</total>
				<timestamp>443.759607</timestamp>
			</report>
			<report>
				<misses>2222001</misses>
				<total>62</total>
				<timestamp>443.959441</timestamp>
			</report>
			<report>
				<misses>2223001</misses>
				<total>62</total>
				<timestamp>444.159211</timestamp>
			</report>
			<report>
				<misses>2224001</misses>
				<total>62</total>
				<timestamp>444.358982</timestamp>
			</report>
			<report>
				<misses>2225001</misses>
				<total>62</total>
				<timestamp>444.558826</timestamp>
			</report>
			<report>
				<misses>2226001</misses>
				<total>62</total>
				<timestamp>444.758579</timestamp>
			</report>
			<report>
				<misses>2227001</misses>
				<total>62</total>
				<timestamp>444.958382</timestamp>
			</report>
			<report>
				<misses>2228001</misses>
				<total>62</total>
				<timestamp>445.158205</timestamp>
			</report>
			<report>
				<misses>2229001</misses>
				<total>62</total>
				<timestamp>445.358007</timestamp>
			</report>
			<report>
				<misses>2230001</misses>
				<total>62</total>
				<timestamp>445.557897</timestamp>
			</report>
			<report>
				<misses>2231001</misses>
				<total>62</total>
				<timestamp>445.757683</timestamp>
			</report>
			<report>
				<misses>2232001</misses>
				<total>62</total>
				<timestamp>445.957443</timestamp>
			</report>
			<report>
				<misses>2233001</misses>
				<total>62</total>
				<timestamp>446.157188</timestamp>
			</report>
			<report>
				<misses>2234001</misses>
				<total>62</total>
				<timestamp>446.357037</timestamp>
			</report>
			<report>
				<misses>2235001</misses>
				<total>62</total>
				<timestamp>446.556804</timestamp>
			</report>
			<report>
				<misses>2236001</misses>
				<total>62</total>
				<timestamp>446.756689</timestamp>
			</report>
			<report>
				<misses>2237001</misses>
				<total>63</total>
				<timestamp>446.956447</timestamp>
			</report>
			<report>
				<misses>2238001</misses>
				<total>63</total>
				<timestamp>447.156185</timestamp>
			</report>
			<report>
				<misses>2239001</misses>
				<total>63</total>
				<timestamp>447.355978</timestamp>
			</report>
			<report>
				<misses>2240001</misses>
				<total>63</total>
				<timestamp>447.555769</timestamp>
			</report>
			<report>
				<misses>2241001</misses>
				<total>63</total>
				<timestamp>447.755613</timestamp>
			</report>
			<report>
				<misses>2242001</misses>
				<total>63</total>
				<timestamp>447.955509</timestamp>
			</report>
			<report>
				<misses>2243001</misses>
				<total>63</total>
				<timestamp>448.155212</timestamp>
			</report>
			<report>
				<misses>2244001</misses>
				<total>63</total>
				<timestamp>448.355022</timestamp>
			</report>
			<report>
				<misses>2245001</misses>
				<total>63</total>
				<timestamp>448.554901</timestamp>
			</report>
			<report>
				<misses>2246001</misses>
				<total>63</total>
				<timestamp>448.754572</timestamp>
			</report>
			<report>
				<misses>2247001</misses>
				<total>63</total>
				<timestamp>448.954447</timestamp>
			</report>
			<report>
				<misses>2248001</misses>
				<total>63</total>
				<timestamp>449.154170</timestamp>
			</report>
			<report>
				<misses>2249001</misses>
				<total>63</total>
				<timestamp>449.353958</timestamp>
			</report>
			<report>
				<misses>2250001</misses>
				<total>63</total>
				<timestamp>449.553836</timestamp>
			</report>
			<report>
				<misses>2251001</misses>
				<total>63</total>
				<timestamp>449.753671</timestamp>
			</report>
			<report>
				<misses>2252001</misses>
				<total>63</total>
				<timestamp>449.953497</timestamp>
			</report>
			<report>
				<misses>2253001</misses>
				<total>63</total>
				<timestamp>450.153209</timestamp>
			</report>
			<report>
				<misses>2254001</misses>
				<total>63</total>
				<timestamp>450.353041</timestamp>
			</report>
			<report>
				<misses>2255001</misses>
				<total>63</total>
				<timestamp>450.552765</timestamp>
			</report>
			<report>
				<misses>2256001</misses>
				<total>63</total>
				<timestamp>450.752569</timestamp>
			</report>
			<report>
				<misses>2257001</misses>
				<total>63</total>
				<timestamp>450.952411</timestamp>
			</report>
			<report>
				<misses>2258001</misses>
				<total>63</total>
				<timestamp>451.152196</timestamp>
			</report>
			<report>
				<misses>2259001</misses>
				<total>63</total>
				<timestamp>451.352000</timestamp>
			</report>
			<report>
				<misses>2260001</misses>
				<total>62</total>
				<timestamp>451.551823</timestamp>
			</report>
			<report>
				<misses>2261001</misses>
				<total>63</total>
				<timestamp>451.751570</timestamp>
			</report>
			<report>
				<misses>2262001</misses>
				<total>63</total>
				<timestamp>451.951427</timestamp>
			</report>
			<report>
				<misses>2263001</misses>
				<total>63</total>
				<timestamp>452.151203</timestamp>
			</report>
			<report>
				<misses>2264001</misses>
				<total>63</total>
				<timestamp>452.351025</timestamp>
			</report>
			<report>
				<misses>2265001</misses>
				<total>63</total>
				<timestamp>452.550880</timestamp>
			</report>
			<report>
				<misses>2266001</misses>
				<total>63</total>
				<timestamp>452.750578</timestamp>
			</report>
			<report>
				<misses>2267001</misses>
				<total>63</total>
				<timestamp>452.950399</timestamp>
			</report>
			<report>
				<misses>2268001</misses>
				<total>63</total>
				<timestamp>453.150197</timestamp>
			</report>
			<report>
				<misses>2269001</misses>
				<total>63</total>
				<timestamp>453.350027</timestamp>
			</report>
			<report>
				<misses>2270001</misses>
				<total>63</total>
				<timestamp>453.549864</timestamp>
			</report>
			<report>
				<misses>2271001</misses>
				<total>63</total>
				<timestamp>453.749568</timestamp>
			</report>
			<report>
				<misses>2272001</misses>
				<total>63</total>
				<timestamp>453.949415</timestamp>
			</report>
			<report>
				<misses>2273001</misses>
				<total>63</total>
				<timestamp>454.149179</timestamp>
			</report>
			<report>
				<misses>2274001</misses>
				<total>63</total>
				<timestamp>454.348971</timestamp>
			</report>
			<report>
				<misses>2275001</misses>
				<total>62</total>
				<timestamp>454.548822</timestamp>
			</report>
			<report>
				<misses>2276001</misses>
				<total>63</total>
				<timestamp>454.748688</timestamp>
			</report>
			<report>
				<misses>2277001</misses>
				<total>63</total>
				<timestamp>454.948440</timestamp>
			</report>
			<report>
				<misses>2278001</misses>
				<total>63</total>
				<timestamp>455.148233</timestamp>
			</report>
			<report>
				<misses>2279001</misses>
				<total>63</total>
				<timestamp>455.347967</timestamp>
			</report>
			<report>
				<misses>2280001</misses>
				<total>63</total>
				<timestamp>455.547761</timestamp>
			</report>
			<report>
				<misses>2281001</misses>
				<total>63</total>
				<timestamp>455.747575</timestamp>
			</report>
			<report>
				<misses>2282001</misses>
				<total>63</total>
				<timestamp>455.947383</timestamp>
			</report>
			<report>
				<misses>2283001</misses>
				<total>63</total>
				<timestamp>456.147177</timestamp>
			</report>
			<report>
				<misses>2284001</misses>
				<total>63</total>
				<timestamp>456.346987</timestamp>
			</report>
			<report>
				<misses>2285001</misses>
				<total>63</total>
				<timestamp>456.546794</timestamp>
			</report>
			<report>
				<misses>2286001</misses>
				<total>63</total>
				<timestamp>456.746577</timestamp>
			</report>
			<report>
				<misses>2287001</misses>
				<total>63</total>
				<timestamp>456.946465</timestamp>
			</report>
			<report>
				<misses>2288001</misses>
				<total>63</total>
				<timestamp>457.146172</timestamp>
			</report>
			<report>
				<misses>2289001</misses>
				<total>63</total>
				<timestamp>457.346094</timestamp>
			</report>
			<report>
				<misses>2290001</misses>
				<total>63</total>
				<timestamp>457.545784</timestamp>
			</report>
			<report>
				<misses>2291001</misses>
				<total>63</total>
				<timestamp>457.745682</timestamp>
			</report>
			<report>
				<misses>2292001</misses>
				<total>63</total>
				<timestamp>457.945376</timestamp>
			</report>
			<report>
				<misses>2293001</misses>
				<total>63</total>
				<timestamp>458.145201</timestamp>
			</report>
			<report>
				<misses>2294001</misses>
				<total>63</total>
				<timestamp>458.344980</timestamp>
			</report>
			<report>
				<misses>2295001</misses>
				<total>63</total>
				<timestamp>458.544763</timestamp>
			</report>
			<report>
				<misses>2296001</misses>
				<total>63</total>
				<timestamp>458.744581</timestamp>
			</report>
			<report>
				<misses>2297001</misses>
				<total>63</total>
				<timestamp>458.944408</timestamp>
			</report>
			<report>
				<misses>2298001</misses>
				<total>63</total>
				<timestamp>459.144168</timestamp>
			</report>
			<report>
				<misses>2299001</misses>
				<total>63</total>
				<timestamp>459.343988</timestamp>
			</report>
			<report>
				<misses>2300001</misses>
				<total>62</total>
				<timestamp>459.543844</timestamp>
			</report>
			<report>
				<misses>2301001</misses>
				<total>63</total>
				<timestamp>459.743576</timestamp>
			</report>
			<report>
				<misses>2302001</misses>
				<total>63</total>
				<timestamp>459.943369</timestamp>
			</report>
			<report>
				<misses>2303001</misses>
				<total>63</total>
				<timestamp>460.143226</timestamp>
			</report>
			<report>
				<misses>2304001</misses>
				<total>63</total>
				<timestamp>460.342993</timestamp>
			</report>
			<report>
				<misses>2305001</misses>
				<total>63</total>
				<timestamp>460.542886</timestamp>
			</report>
			<report>
				<misses>2306001</misses>
				<total>63</total>
				<timestamp>460.742646</timestamp>
			</report>
			<report>
				<misses>2307001</misses>
				<total>64</total>
				<timestamp>460.942534</timestamp>
			</report>
			<report>
				<misses>2308001</misses>
				<total>64</total>
				<timestamp>461.142221</timestamp>
			</report>
			<report>
				<misses>2309001</misses>
				<total>64</total>
				<timestamp>461.341970</timestamp>
			</report>
			<report>
				<misses>2310001</misses>
				<total>64</total>
				<timestamp>461.541790</timestamp>
			</report>
			<report>
				<misses>2311001</misses>
				<total>64</total>
				<timestamp>461.741664</timestamp>
			</report>
			<report>
				<misses>2312001</misses>
				<total>64</total>
				<timestamp>461.941360</timestamp>
			</report>
			<report>
				<misses>2313001</misses>
				<total>64</total>
				<timestamp>462.141188</timestamp>
			</report>
			<report>
				<misses>2314001</misses>
				<total>64</total>
				<timestamp>462.340979</timestamp>
			</report>
			<report>
				<misses>2315001</misses>
				<total>64</total>
				<timestamp>462.540798</timestamp>
			</report>
			<report>
				<misses>2316001</misses>
				<total>64</total>
				<timestamp>462.740622</timestamp>
			</report>
			<report>
				<misses>2317001</misses>
				<total>64</total>
				<timestamp>462.940436</timestamp>
			</report>
			<report>
				<misses>2318001</misses>
				<total>64</total>
				<timestamp>463.140223</timestamp>
			</report>
			<report>
				<misses>2319001</misses>
				<total>64</total>
				<timestamp>463.340035</timestamp>
			</report>
			<report>
				<misses>2320001</misses>
				<total>64</total>
				<timestamp>463.539844</timestamp>
			</report>
			<report>
				<misses>2321001</misses>
				<total>64</total>
				<timestamp>463.739614</timestamp>
			</report>
			<report>
				<misses>2322001</misses>
				<total>64</total>
				<timestamp>463.939383</timestamp>
			</report>
			<report>
				<misses>2323001</misses>
				<total>64</total>
				<timestamp>464.139271</timestamp>
			</report>
			<report>
				<misses>2324001</misses>
				<total>64</total>
				<timestamp>464.339019</timestamp>
			</report>
			<report>
				<misses>2325001</misses>
				<total>64</total>
				<timestamp>464.538857</timestamp>
			</report>
			<report>
				<misses>2326001</misses>
				<total>64</total>
				<timestamp>464.738577</timestamp>
			</report>
			<report>
				<misses>2327001</misses>
				<total>64</total>
				<timestamp>464.938453</timestamp>
			</report>
			<report>
				<misses>2328001</misses>
				<total>64</total>
				<timestamp>465.138224</timestamp>
			</report>
			<report>
				<misses>2329001</misses>
				<total>64</total>
				<timestamp>465.338010</timestamp>
			</report>
			<report>
				<misses>2330001</misses>
				<total>64</total>
				<timestamp>465.537821</timestamp>
			</report>
			<report>
				<misses>2331001</misses>
				<total>64</total>
				<timestamp>465.737570</timestamp>
			</report>
			<report>
				<misses>2332001</misses>
				<total>64</total>
				<timestamp>465.937409</timestamp>
			</report>
			<report>
				<misses>2333001</misses>
				<total>64</total>
				<timestamp>466.137221</timestamp>
			</report>
			<report>
				<misses>2334001</misses>
				<total>64</total>
				<timestamp>466.336968</timestamp>
			</report>
			<report>
				<misses>2335001</misses>
				<total>63</total>
				<timestamp>466.536815</timestamp>
			</report>
			<report>
				<misses>2336001</misses>
				<total>64</total>
				<timestamp>466.736590</timestamp>
			</report>
			<report>
				<misses>2337001</misses>
				<total>64</total>
				<timestamp>466.936410</timestamp>
			</report>
			<report>
				<misses>2338001</misses>
				<total>64</total>
				<timestamp>467.136242</timestamp>
			</report>
			<report>
				<misses>2339001</misses>
				<total>64</total>
				<timestamp>467.336010</timestamp>
			</report>
			<report>
				<misses>2340001</misses>
				<total>64</total>
				<timestamp>467.535777</timestamp>
			</report>
			<report>
				<misses>2341001</misses>
				<total>64</total>
				<timestamp>467.735573</timestamp>
			</report>
			<report>
				<misses>2342001</misses>
				<total>63</total>
				<timestamp>467.935444</timestamp>
			</report>
			<report>
				<misses>2343001</misses>
				<total>64</total>
				<timestamp>468.135256</timestamp>
			</report>
			<report>
				<misses>2344001</misses>
				<total>64</total>
				<timestamp>468.334974</timestamp>
			</report>
			<report>
				<misses>2345001</misses>
				<total>63</total>
				<timestamp>468.534870</timestamp>
			</report>
			<report>
				<misses>2346001</misses>
				<total>64</total>
				<timestamp>468.734680</timestamp>
			</report>
			<report>
				<misses>2347001</misses>
				<total>63</total>
				<timestamp>468.934472</timestamp>
			</report>
			<report>
				<misses>2348001</misses>
				<total>64</total>
				<timestamp>469.134241</timestamp>
			</report>
			<report>
				<misses>2349001</misses>
				<total>64</total>
				<timestamp>469.334064</timestamp>
			</report>
			<report>
				<misses>2350001</misses>
				<total>64</total>
				<timestamp>469.533836</timestamp>
			</report>
			<report>
				<misses>2351001</misses>
				<total>64</total>
				<timestamp>469.733592</timestamp>
			</report>
			<report>
				<misses>2352001</misses>
				<total>63</total>
				<timestamp>469.933430</timestamp>
			</report>
			<report>
				<misses>2353001</misses>
				<total>64</total>
				<timestamp>470.133189</timestamp>
			</report>
			<report>
				<misses>2354001</misses>
				<total>64</total>
				<timestamp>470.332977</timestamp>
			</report>
			<report>
				<misses>2355001</misses>
				<total>64</total>
				<timestamp>470.532816</timestamp>
			</report>
			<report>
				<misses>2356001</misses>
				<total>64</total>
				<timestamp>470.732576</timestamp>
			</report>
			<report>
				<misses>2357001</misses>
				<total>64</total>
				<timestamp>470.932408</timestamp>
			</report>
			<report>
				<misses>2358001</misses>
				<total>64</total>
				<timestamp>471.132233</timestamp>
			</report>
			<report>
				<misses>2359001</misses>
				<total>64</total>
				<timestamp>471.332024</timestamp>
			</report>
			<report>
				<misses>2360001</misses>
				<total>63</total>
				<timestamp>471.531835</timestamp>
			</report>
			<report>
				<misses>2361001</misses>
				<total>64</total>
				<timestamp>471.731579</timestamp>
			</report>
			<report>
				<misses>2362001</misses>
				<total>64</total>
				<timestamp>471.931440</timestamp>
			</report>
			<report>
				<misses>2363001</misses>
				<total>63</total>
				<timestamp>472.131210</timestamp>
			</report>
			<report>
				<misses>2364001</misses>
				<total>64</total>
				<timestamp>472.331041</timestamp>
			</report>
			<report>
				<misses>2365001</misses>
				<total>64</total>
				<timestamp>472.530797</timestamp>
			</report>
			<report>
				<misses>2366001</misses>
				<total>64</total>
				<timestamp>472.730626</timestamp>
			</report>
			<report>
				<misses>2367001</misses>
				<total>64</total>
				<timestamp>472.930394</timestamp>
			</report>
			<report>
				<misses>2368001</misses>
				<total>64</total>
				<timestamp>473.130187</timestamp>
			</report>
			<report>
				<misses>2369001</misses>
				<total>64</total>
				<timestamp>473.329986</timestamp>
			</report>
			<report>
				<misses>2370001</misses>
				<total>64</total>
				<timestamp>473.529824</timestamp>
			</report>
			<report>
				<misses>2371001</misses>
				<total>64</total>
				<timestamp>473.729618</timestamp>
			</report>
			<report>
				<misses>2372001</misses>
				<total>63</total>
				<timestamp>473.929422</timestamp>
			</report>
			<report>
				<misses>2373001</misses>
				<total>64</total>
				<timestamp>474.129181</timestamp>
			</report>
			<report>
				<misses>2374001</misses>
				<total>64</total>
				<timestamp>474.329013</timestamp>
			</report>
			<report>
				<misses>2375001</misses>
				<total>64</total>
				<timestamp>474.528847</timestamp>
			</report>
			<report>
				<misses>2376001</misses>
				<total>64</total>
				<timestamp>474.728594</timestamp>
			</report>
			<report>
				<misses>2377001</misses>
				<total>64</total>
				<timestamp>474.928400</timestamp>
			</report>
			<report>
				<misses>2378001</misses>
				<total>64</total>
				<timestamp>475.128202</timestamp>
			</report>
			<report>
				<misses>2379001</misses>
				<total>64</total>
				<timestamp>475.328015</timestamp>
			</report>
			<report>
				<misses>2380001</misses>
				<total>64</total>
				<timestamp>475.527840</timestamp>
			</report>
			<report>
				<misses>2381001</misses>
				<total>64</total>
				<timestamp>475.727562</timestamp>
			</report>
			<report>
				<misses>2382001</misses>
				<total>64</total>
				<timestamp>475.927415</timestamp>
			</report>
			<report>
				<misses>2383001</misses>
				<total>64</total>
				<timestamp>476.127236</timestamp>
			</report>
			<report>
				<misses>2384001</misses>
				<total>64</total>
				<timestamp>476.326968</timestamp>
			</report>
			<report>
				<misses>2385001</misses>
				<total>64</total>
				<timestamp>476.526788</timestamp>
			</report>
			<report>
				<misses>2386001</misses>
				<total>64</total>
				<timestamp>476.726611</timestamp>
			</report>
			<report>
				<misses>2387001</misses>
				<total>64</total>
				<timestamp>476.926372</timestamp>
			</report>
			<report>
				<misses>2388001</misses>
				<total>64</total>
				<timestamp>477.126157</timestamp>
			</report>
			<report>
				<misses>2389001</misses>
				<total>64</total>
				<timestamp>477.325985</timestamp>
			</report>
			<report>
				<misses>2390001</misses>
				<total>64</total>
				<timestamp>477.525771</timestamp>
			</report>
			<report>
				<misses>2391001</misses>
				<total>64</total>
				<timestamp>477.725575</timestamp>
			</report>
			<report>
				<misses>2392001</misses>
				<total>64</total>
				<timestamp>477.925397</timestamp>
			</report>
			<report>
				<misses>2393001</misses>
				<total>64</total>
				<timestamp>478.125173</timestamp>
			</report>
			<report>
				<misses>2394001</misses>
				<total>64</total>
				<timestamp>478.324971</timestamp>
			</report>
			<report>
				<misses>2395001</misses>
				<total>64</total>
				<timestamp>478.524778</timestamp>
			</report>
			<report>
				<misses>2396001</misses>
				<total>64</total>
				<timestamp>478.724632</timestamp>
			</report>
			<report>
				<misses>2397001</misses>
				<total>64</total>
				<timestamp>478.924438</timestamp>
			</report>
			<report>
				<misses>2398001</misses>
				<total>64</total>
				<timestamp>479.124203</timestamp>
			</report>
			<report>
				<misses>2399001</misses>
				<total>63</total>
				<timestamp>479.324014</timestamp>
			</report>
			<report>
				<misses>2400001</misses>
				<total>64</total>
				<timestamp>479.523801</timestamp>
			</report>
			<report>
				<misses>2401001</misses>
				<total>66</total>
				<timestamp>479.723628</timestamp>
			</report>
			<report>
				<misses>2402001</misses>
				<total>66</total>
				<timestamp>479.923421</timestamp>
			</report>
			<report>
				<misses>2403001</misses>
				<total>66</total>
				<timestamp>480.123226</timestamp>
			</report>
			<report>
				<misses>2404001</misses>
				<total>66</total>
				<timestamp>480.323006</timestamp>
			</report>
			<report>
				<misses>2405001</misses>
				<total>65</total>
				<timestamp>480.522784</timestamp>
			</report>
			<report>
				<misses>2406001</misses>
				<total>66</total>
				<timestamp>480.722573</timestamp>
			</report>
			<report>
				<misses>2407001</misses>
				<total>66</total>
				<timestamp>480.922420</timestamp>
			</report>
			<report>
				<misses>2408001</misses>
				<total>66</total>
				<timestamp>481.122335</timestamp>
			</report>
			<report>
				<misses>2409001</misses>
				<total>66</total>
				<timestamp>481.322013</timestamp>
			</report>
			<report>
				<misses>2410001</misses>
				<total>66</total>
				<timestamp>481.521824</timestamp>
			</report>
			<report>
				<misses>2411001</misses>
				<total>66</total>
				<timestamp>481.721612</timestamp>
			</report>
			<report>
				<misses>2412001</misses>
				<total>66</total>
				<timestamp>481.921378</timestamp>
			</report>
			<report>
				<misses>2413001</misses>
				<total>66</total>
				<timestamp>482.121279</timestamp>
			</report>
			<report>
				<misses>2414001</misses>
				<total>66</total>
				<timestamp>482.321032</timestamp>
			</report>
			<report>
				<misses>2415001</misses>
				<total>66</total>
				<timestamp>482.520881</timestamp>
			</report>
			<report>
				<misses>2416001</misses>
				<total>66</total>
				<timestamp>482.720723</timestamp>
			</report>
			<report>
				<misses>2417001</misses>
				<total>66</total>
				<timestamp>482.920426</timestamp>
			</report>
			<report>
				<misses>2418001</misses>
				<total>66</total>
				<timestamp>483.120214</timestamp>
			</report>
			<report>
				<misses>2419001</misses>
				<total>66</total>
				<timestamp>483.319962</timestamp>
			</report>
			<report>
				<misses>2420001</misses>
				<total>66</total>
				<timestamp>483.519847</timestamp>
			</report>
			<report>
				<misses>2421001</misses>
				<total>66</total>
				<timestamp>483.719660</timestamp>
			</report>
			<report>
				<misses>2422001</misses>
				<total>66</total>
				<timestamp>483.919399</timestamp>
			</report>
			<report>
				<misses>2423001</misses>
				<total>66</total>
				<timestamp>484.119195</timestamp>
			</report>
			<report>
				<misses>2424001</misses>
				<total>66</total>
				<timestamp>484.318991</timestamp>
			</report>
			<report>
				<misses>2425001</misses>
				<total>66</total>
				<timestamp>484.518803</timestamp>
			</report>
			<report>
				<misses>2426001</misses>
				<total>66</total>
				<timestamp>484.718657</timestamp>
			</report>
			<report>
				<misses>2427001</misses>
				<total>65</total>
				<timestamp>484.918449</timestamp>
			</report>
			<report>
				<misses>2428001</misses>
				<total>66</total>
				<timestamp>485.118227</timestamp>
			</report>
			<report>
				<misses>2429001</misses>
				<total>66</total>
				<timestamp>485.318058</timestamp>
			</report>
			<report>
				<misses>2430001</misses>
				<total>66</total>
				<timestamp>485.517781</timestamp>
			</report>
			<report>
				<misses>2431001</misses>
				<total>66</total>
				<timestamp>485.717624</timestamp>
			</report>
			<report>
				<misses>2432001</misses>
				<total>67</total>
				<timestamp>485.917394</timestamp>
			</report>
			<report>
				<misses>2433001</misses>
				<total>67</total>
				<timestamp>486.117241</timestamp>
			</report>
			<report>
				<misses>2434001</misses>
				<total>67</total>
				<timestamp>486.316976</timestamp>
			</report>
			<report>
				<misses>2435001</misses>
				<total>67</total>
				<timestamp>486.516791</timestamp>
			</report>
			<report>
				<misses>2436001</misses>
				<total>67</total>
				<timestamp>486.716580</timestamp>
			</report>
			<report>
				<misses>2437001</misses>
				<total>68</total>
				<timestamp>486.916458</timestamp>
			</report>
			<report>
				<misses>2438001</misses>
				<total>68</total>
				<timestamp>487.116251</timestamp>
			</report>
			<report>
				<misses>2439001</misses>
				<total>68</total>
				<timestamp>487.315960</timestamp>
			</report>
			<report>
				<misses>2440001</misses>
				<total>68</total>
				<timestamp>487.515903</timestamp>
			</report>
			<report>
				<misses>2441001</misses>
				<total>68</total>
				<timestamp>487.715625</timestamp>
			</report>
			<report>
				<misses>2442001</misses>
				<total>68</total>
				<timestamp>487.915450</timestamp>
			</report>
			<report>
				<misses>2443001</misses>
				<total>68</total>
				<timestamp>488.115220</timestamp>
			</report>
			<report>
				<misses>2444001</misses>
				<total>68</total>
				<timestamp>488.315006</timestamp>
			</report>
			<report>
				<misses>2445001</misses>
				<total>68</total>
				<timestamp>488.514789</timestamp>
			</report>
			<report>
				<misses>2446001</misses>
				<total>68</total>
				<timestamp>488.714688</timestamp>
			</report>
			<report>
				<misses>2447001</misses>
				<total>68</total>
				<timestamp>488.914424</timestamp>
			</report>
			<report>
				<misses>2448001</misses>
				<total>68</total>
				<timestamp>489.114257</timestamp>
			</report>
			<report>
				<misses>2449001</misses>
				<total>68</total>
				<timestamp>489.313984</timestamp>
			</report>
			<report>
				<misses>2450001</misses>
				<total>68</total>
				<timestamp>489.513804</timestamp>
			</report>
			<report>
				<misses>2451001</misses>
				<total>68</total>
				<timestamp>489.713626</timestamp>
			</report>
			<report>
				<misses>2452001</misses>
				<total>68</total>
				<timestamp>489.913445</timestamp>
			</report>
			<report>
				<misses>2453001</misses>
				<total>68</total>
				<timestamp>490.113212</timestamp>
			</report>
			<report>
				<misses>2454001</misses>
				<total>68</total>
				<timestamp>490.313021</timestamp>
			</report>
			<report>
				<misses>2455001</misses>
				<total>68</total>
				<timestamp>490.512799</timestamp>
			</report>
			<report>
				<misses>2456001</misses>
				<total>68</total>
				<timestamp>490.712637</timestamp>
			</report>
			<report>
				<misses>2457001</misses>
				<total>68</total>
				<timestamp>490.912380</timestamp>
			</report>
			<report>
				<misses>2458001</misses>
				<total>68</total>
				<timestamp>491.112195</timestamp>
			</report>
			<report>
				<misses>2459001</misses>
				<total>68</total>
				<timestamp>491.312008</timestamp>
			</report>
			<report>
				<misses>2460001</misses>
				<total>68</total>
				<timestamp>491.511782</timestamp>
			</report>
			<report>
				<misses>2461001</misses>
				<total>68</total>
				<timestamp>491.711577</timestamp>
			</report>
			<report>
				<misses>2462001</misses>
				<total>68</total>
				<timestamp>491.911403</timestamp>
			</report>
			<report>
				<misses>2463001</misses>
				<total>68</total>
				<timestamp>492.111231</timestamp>
			</report>
			<report>
				<misses>2464001</misses>
				<total>68</total>
				<timestamp>492.311018</timestamp>
			</report>
			<report>
				<misses>2465001</misses>
				<total>68</total>
				<timestamp>492.510825</timestamp>
			</report>
			<report>
				<misses>2466001</misses>
				<total>68</total>
				<timestamp>492.710572</timestamp>
			</report>
			<report>
				<misses>2467001</misses>
				<total>67</total>
				<timestamp>492.910381</timestamp>
			</report>
			<report>
				<misses>2468001</misses>
				<total>68</total>
				<timestamp>493.110252</timestamp>
			</report>
			<report>
				<misses>2469001</misses>
				<total>68</total>
				<timestamp>493.309969</timestamp>
			</report>
			<report>
				<misses>2470001</misses>
				<total>68</total>
				<timestamp>493.509844</timestamp>
			</report>
			<report>
				<misses>2471001</misses>
				<total>68</total>
				<timestamp>493.709629</timestamp>
			</report>
			<report>
				<misses>2472001</misses>
				<total>68</total>
				<timestamp>493.909388</timestamp>
			</report>
			<report>
				<misses>2473001</misses>
				<total>68</total>
				<timestamp>494.109246</timestamp>
			</report>
			<report>
				<misses>2474001</misses>
				<total>68</total>
				<timestamp>494.308966</timestamp>
			</report>
			<report>
				<misses>2475001</misses>
				<total>68</total>
				<timestamp>494.508778</timestamp>
			</report>
			<report>
				<misses>2476001</misses>
				<total>68</total>
				<timestamp>494.708604</timestamp>
			</report>
			<report>
				<misses>2477001</misses>
				<total>68</total>
				<timestamp>494.908383</timestamp>
			</report>
			<report>
				<misses>2478001</misses>
				<total>68</total>
				<timestamp>495.108188</timestamp>
			</report>
			<report>
				<misses>2479001</misses>
				<total>67</total>
				<timestamp>495.307997</timestamp>
			</report>
			<report>
				<misses>2480001</misses>
				<total>68</total>
				<timestamp>495.507841</timestamp>
			</report>
			<report>
				<misses>2481001</misses>
				<total>68</total>
				<timestamp>495.707571</timestamp>
			</report>
			<report>
				<misses>2482001</misses>
				<total>68</total>
				<timestamp>495.907372</timestamp>
			</report>
			<report>
				<misses>2483001</misses>
				<total>68</total>
				<timestamp>496.107262</timestamp>
			</report>
			<report>
				<misses>2484001</misses>
				<total>68</total>
				<timestamp>496.306976</timestamp>
			</report>
			<report>
				<misses>2485001</misses>
				<total>68</total>
				<timestamp>496.506780</timestamp>
			</report>
			<report>
				<misses>2486001</misses>
				<total>68</total>
				<timestamp>496.706631</timestamp>
			</report>
			<report>
				<misses>2487001</misses>
				<total>68</total>
				<timestamp>496.906369</timestamp>
			</report>
			<report>
				<misses>2488001</misses>
				<total>68</total>
				<timestamp>497.106255</timestamp>
			</report>
			<report>
				<misses>2489001</misses>
				<total>68</total>
				<timestamp>497.306014</timestamp>
			</report>
			<report>
				<misses>2490001</misses>
				<total>68</total>
				<timestamp>497.505805</timestamp>
			</report>
			<report>
				<misses>2491001</misses>
				<total>68</total>
				<timestamp>497.705561</timestamp>
			</report>
			<report>
				<misses>2492001</misses>
				<total>68</total>
				<timestamp>497.905421</timestamp>
			</report>
			<report>
				<misses>2493001</misses>
				<total>68</total>
				<timestamp>498.105204</timestamp>
			</report>
			<report>
				<misses>2494001</misses>
				<total>68</total>
				<timestamp>498.304978</timestamp>
			</report>
			<report>
				<misses>2495001</misses>
				<total>68</total>
				<timestamp>498.504872</timestamp>
			</report>
			<report>
				<misses>2496001</misses>
				<total>68</total>
				<timestamp>498.704613</timestamp>
			</report>
			<report>
				<misses>2497001</misses>
				<total>68</total>
				<timestamp>498.904396</timestamp>
			</report>
			<report>
				<misses>2498001</misses>
				<total>68</total>
				<timestamp>499.104162</timestamp>
			</report>
			<report>
				<misses>2499001</misses>
				<total>68</total>
				<timestamp>499.303962</timestamp>
			</report>
			<report>
				<misses>2500001</misses>
				<total>68</total>
				<timestamp>499.503805</timestamp>
			</report>
			<report>
				<misses>2501001</misses>
				<total>68</total>
				<timestamp>499.703669</timestamp>
			</report>
			<report>
				<misses>2502001</misses>
				<total>68</total>
				<timestamp>499.903358</timestamp>
			</report>
			<report>
				<misses>2503001</misses>
				<total>68</total>
				<timestamp>500.103184</timestamp>
			</report>
			<report>
				<misses>2504001</misses>
				<total>68</total>
				<timestamp>500.302975</timestamp>
			</report>
			<report>
				<misses>2505001</misses>
				<total>68</total>
				<timestamp>500.502860</timestamp>
			</report>
			<report>
				<misses>2506001</misses>
				<total>68</total>
				<timestamp>500.702625</timestamp>
			</report>
			<report>
				<misses>2507001</misses>
				<total>68</total>
				<timestamp>500.902379</timestamp>
			</report>
			<report>
				<misses>2508001</misses>
				<total>68</total>
				<timestamp>501.102226</timestamp>
			</report>
			<report>
				<misses>2509001</misses>
				<total>68</total>
				<timestamp>501.301976</timestamp>
			</report>
			<report>
				<misses>2510001</misses>
				<total>68</total>
				<timestamp>501.501783</timestamp>
			</report>
			<report>
				<misses>2511001</misses>
				<total>67</total>
				<timestamp>501.701591</timestamp>
			</report>
			<report>
				<misses>2512001</misses>
				<total>67</total>
				<timestamp>501.901445</timestamp>
			</report>
			<report>
				<misses>2513001</misses>
				<total>68</total>
				<timestamp>502.101194</timestamp>
			</report>
			<report>
				<misses>2514001</misses>
				<total>68</total>
				<timestamp>502.300992</timestamp>
			</report>
			<report>
				<misses>2515001</misses>
				<total>68</total>
				<timestamp>502.500784</timestamp>
			</report>
			<report>
				<misses>2516001</misses>
				<total>68</total>
				<timestamp>502.700571</timestamp>
			</report>
			<report>
				<misses>2517001</misses>
				<total>68</total>
				<timestamp>502.900372</timestamp>
			</report>
			<report>
				<misses>2518001</misses>
				<total>68</total>
				<timestamp>503.100200</timestamp>
			</report>
			<report>
				<misses>2519001</misses>
				<total>68</total>
				<timestamp>503.300029</timestamp>
			</report>
			<report>
				<misses>2520001</misses>
				<total>68</total>
				<timestamp>503.499778</timestamp>
			</report>
			<report>
				<misses>2521001</misses>
				<total>67</total>
				<timestamp>503.699586</timestamp>
			</report>
			<report>
				<misses>2522001</misses>
				<total>68</total>
				<timestamp>503.899388</timestamp>
			</report>
			<report>
				<misses>2523001</misses>
				<total>70</total>
				<timestamp>504.099277</timestamp>
			</report>
			<report>
				<misses>2524001</misses>
				<total>70</total>
				<timestamp>504.298988</timestamp>
			</report>
			<report>
				<misses>2525001</misses>
				<total>70</total>
				<timestamp>504.498779</timestamp>
			</report>
			<report>
				<misses>2526001</misses>
				<total>70</total>
				<timestamp>504.698603</timestamp>
			</report>
			<report>
				<misses>2527001</misses>
				<total>70</total>
				<timestamp>504.898384</timestamp>
			</report>
			<report>
				<misses>2528001</misses>
				<total>70</total>
				<timestamp>505.098275</timestamp>
			</report>
			<report>
				<misses>2529001</misses>
				<total>69</total>
				<timestamp>505.297983</timestamp>
			</report>
			<report>
				<misses>2530001</misses>
				<total>70</total>
				<timestamp>505.497769</timestamp>
			</report>
			<report>
				<misses>2531001</misses>
				<total>70</total>
				<timestamp>505.697623</timestamp>
			</report>
			<report>
				<misses>2532001</misses>
				<total>70</total>
				<timestamp>505.897428</timestamp>
			</report>
			<report>
				<misses>2533001</misses>
				<total>70</total>
				<timestamp>506.097201</timestamp>
			</report>
			<report>
				<misses>2534001</misses>
				<total>70</total>
				<timestamp>506.296976</timestamp>
			</report>
			<report>
				<misses>2535001</misses>
				<total>70</total>
				<timestamp>506.496808</timestamp>
			</report>
			<report>
				<misses>2536001</misses>
				<total>70</total>
				<timestamp>506.696617</timestamp>
			</report>
			<report>
				<misses>2537001</misses>
				<total>70</total>
				<timestamp>506.896423</timestamp>
			</report>
			<report>
				<misses>2538001</misses>
				<total>70</total>
				<timestamp>507.096256</timestamp>
			</report>
			<report>
				<misses>2539001</misses>
				<total>70</total>
				<timestamp>507.295972</timestamp>
			</report>
			<report>
				<misses>2540001</misses>
				<total>70</total>
				<timestamp>507.495771</timestamp>
			</report>
			<report>
				<misses>2541001</misses>
				<total>70</total>
				<timestamp>507.695608</timestamp>
			</report>
			<report>
				<misses>2542001</misses>
				<total>70</total>
				<timestamp>507.895363</timestamp>
			</report>
			<report>
				<misses>2543001</misses>
				<total>70</total>
				<timestamp>508.095176</timestamp>
			</report>
			<report>
				<misses>2544001</misses>
				<total>70</total>
				<timestamp>508.294983</timestamp>
			</report>
			<report>
				<misses>2545001</misses>
				<total>70</total>
				<timestamp>508.494790</timestamp>
			</report>
			<report>
				<misses>2546001</misses>
				<total>70</total>
				<timestamp>508.694604</timestamp>
			</report>
			<report>
				<misses>2547001</misses>
				<total>70</total>
				<timestamp>508.894432</timestamp>
			</report>
			<report>
				<misses>2548001</misses>
				<total>70</total>
				<timestamp>509.094186</timestamp>
			</report>
			<report>
				<misses>2549001</misses>
				<total>70</total>
				<timestamp>509.293981</timestamp>
			</report>
			<report>
				<misses>2550001</misses>
				<total>70</total>
				<timestamp>509.493837</timestamp>
			</report>
			<report>
				<misses>2551001</misses>
				<total>70</total>
				<timestamp>509.693589</timestamp>
			</report>
			<report>
				<misses>2552001</misses>
				<total>70</total>
				<timestamp>509.893404</timestamp>
			</report>
			<report>
				<misses>2553001</misses>
				<total>70</total>
				<timestamp>510.093242</timestamp>
			</report>
			<report>
				<misses>2554001</misses>
				<total>70</total>
				<timestamp>510.293050</timestamp>
			</report>
			<report>
				<misses>2555001</misses>
				<total>70</total>
				<timestamp>510.492835</timestamp>
			</report>
			<report>
				<misses>2556001</misses>
				<total>70</total>
				<timestamp>510.692601</timestamp>
			</report>
			<report>
				<misses>2557001</misses>
				<total>70</total>
				<timestamp>510.892412</timestamp>
			</report>
			<report>
				<misses>2558001</misses>
				<total>70</total>
				<timestamp>511.092211</timestamp>
			</report>
			<report>
				<misses>2559001</misses>
				<total>71</total>
				<timestamp>511.292060</timestamp>
			</report>
			<report>
				<misses>2560001</misses>
				<total>71</total>
				<timestamp>511.491784</timestamp>
			</report>
			<report>
				<misses>2561001</misses>
				<total>71</total>
				<timestamp>511.691589</timestamp>
			</report>
			<report>
				<misses>2562001</misses>
				<total>71</total>
				<timestamp>511.891376</timestamp>
			</report>
			<report>
				<misses>2563001</misses>
				<total>72</total>
				<timestamp>512.091196</timestamp>
			</report>
			<report>
				<misses>2564001</misses>
				<total>72</total>
				<timestamp>512.291053</timestamp>
			</report>
			<report>
				<misses>2565001</misses>
				<total>72</total>
				<timestamp>512.490806</timestamp>
			</report>
			<report>
				<misses>2566001</misses>
				<total>72</total>
				<timestamp>512.690595</timestamp>
			</report>
			<report>
				<misses>2567001</misses>
				<total>72</total>
				<timestamp>512.890375</timestamp>
			</report>
			<report>
				<misses>2568001</misses>
				<total>72</total>
				<timestamp>513.090182</timestamp>
			</report>
			<report>
				<misses>2569001</misses>
				<total>72</total>
				<timestamp>513.290016</timestamp>
			</report>
			<report>
				<misses>2570001</misses>
				<total>72</total>
				<timestamp>513.489841</timestamp>
			</report>
			<report>
				<misses>2571001</misses>
				<total>72</total>
				<timestamp>513.689607</timestamp>
			</report>
			<report>
				<misses>2572001</misses>
				<total>72</total>
				<timestamp>513.889415</timestamp>
			</report>
			<report>
				<misses>2573001</misses>
				<total>72</total>
				<timestamp>514.089256</timestamp>
			</report>
			<report>
				<misses>2574001</misses>
				<total>72</total>
				<timestamp>514.289038</timestamp>
			</report>
			<report>
				<misses>2575001</misses>
				<total>71</total>
				<timestamp>514.488805</timestamp>
			</report>
			<report>
				<misses>2576001</misses>
				<total>72</total>
				<timestamp>514.688575</timestamp>
			</report>
			<report>
				<misses>2577001</misses>
				<total>72</total>
				<timestamp>514.888386</timestamp>
			</report>
			<report>
				<misses>2578001</misses>
				<total>72</total>
				<timestamp>515.088262</timestamp>
			</report>
			<report>
				<misses>2579001</misses>
				<total>72</total>
				<timestamp>515.287979</timestamp>
			</report>
			<report>
				<misses>2580001</misses>
				<total>72</total>
				<timestamp>515.487802</timestamp>
			</report>
			<report>
				<misses>2581001</misses>
				<total>72</total>
				<timestamp>515.687629</timestamp>
			</report>
			<report>
				<misses>2582001</misses>
				<total>72</total>
				<timestamp>515.887379</timestamp>
			</report>
			<report>
				<misses>2583001</misses>
				<total>72</total>
				<timestamp>516.087217</timestamp>
			</report>
			<report>
				<misses>2584001</misses>
				<total>72</total>
				<timestamp>516.287038</timestamp>
			</report>
			<report>
				<misses>2585001</misses>
				<total>72</total>
				<timestamp>516.486780</timestamp>
			</report>
			<report>
				<misses>2586001</misses>
				<total>72</total>
				<timestamp>516.686582</timestamp>
			</report>
			<report>
				<misses>2587001</misses>
				<total>72</total>
				<timestamp>516.886385</timestamp>
			</report>
			<report>
				<misses>2588001</misses>
				<total>72</total>
				<timestamp>517.086164</timestamp>
			</report>
			<report>
				<misses>2589001</misses>
				<total>72</total>
				<timestamp>517.285983</timestamp>
			</report>
			<report>
				<misses>2590001</misses>
				<total>72</total>
				<timestamp>517.485810</timestamp>
			</report>
			<report>
				<misses>2591001</misses>
				<total>72</total>
				<timestamp>517.685600</timestamp>
			</report>
			<report>
				<misses>2592001</misses>
				<total>72</total>
				<timestamp>517.885467</timestamp>
			</report>
			<report>
				<misses>2593001</misses>
				<total>72</total>
				<timestamp>518.085173</timestamp>
			</report>
			<report>
				<misses>2594001</misses>
				<total>73</total>
				<timestamp>518.285033</timestamp>
			</report>
			<report>
				<misses>2595001</misses>
				<total>73</total>
				<timestamp>518.484820</timestamp>
			</report>
			<report>
				<misses>2596001</misses>
				<total>73</total>
				<timestamp>518.684572</timestamp>
			</report>
			<report>
				<misses>2597001</misses>
				<total>73</total>
				<timestamp>518.884383</timestamp>
			</report>
			<report>
				<misses>2598001</misses>
				<total>73</total>
				<timestamp>519.084180</timestamp>
			</report>
			<report>
				<misses>2599001</misses>
				<total>73</total>
				<timestamp>519.284032</timestamp>
			</report>
			<report>
				<misses>2600001</misses>
				<total>73</total>
				<timestamp>519.483832</timestamp>
			</report>
			<report>
				<misses>2601001</misses>
				<total>73</total>
				<timestamp>519.683576</timestamp>
			</report>
			<report>
				<misses>2602001</misses>
				<total>73</total>
				<timestamp>519.883372</timestamp>
			</report>
			<report>
				<misses>2603001</misses>
				<total>73</total>
				<timestamp>520.083187</timestamp>
			</report>
			<report>
				<misses>2604001</misses>
				<total>72</total>
				<timestamp>520.282985</timestamp>
			</report>
			<report>
				<misses>2605001</misses>
				<total>73</total>
				<timestamp>520.482822</timestamp>
			</report>
			<report>
				<misses>2606001</misses>
				<total>73</total>
				<timestamp>520.682574</timestamp>
			</report>
			<report>
				<misses>2607001</misses>
				<total>73</total>
				<timestamp>520.882469</timestamp>
			</report>
			<report>
				<misses>2608001</misses>
				<total>73</total>
				<timestamp>521.082162</timestamp>
			</report>
			<report>
				<misses>2609001</misses>
				<total>73</total>
				<timestamp>521.282015</timestamp>
			</report>
			<report>
				<misses>2610001</misses>
				<total>73</total>
				<timestamp>521.481819</timestamp>
			</report>
			<report>
				<misses>2611001</misses>
				<total>73</total>
				<timestamp>521.681594</timestamp>
			</report>
			<report>
				<misses>2612001</misses>
				<total>73</total>
				<timestamp>521.881381</timestamp>
			</report>
			<report>
				<misses>2613001</misses>
				<total>73</total>
				<timestamp>522.081245</timestamp>
			</report>
			<report>
				<misses>2614001</misses>
				<total>73</total>
				<timestamp>522.281036</timestamp>
			</report>
			<report>
				<misses>2615001</misses>
				<total>73</total>
				<timestamp>522.480783</timestamp>
			</report>
			<report>
				<misses>2616001</misses>
				<total>73</total>
				<timestamp>522.680635</timestamp>
			</report>
			<report>
				<misses>2617001</misses>
				<total>72</total>
				<timestamp>522.880437</timestamp>
			</report>
			<report>
				<misses>2618001</misses>
				<total>73</total>
				<timestamp>523.080229</timestamp>
			</report>
			<report>
				<misses>2619001</misses>
				<total>73</total>
				<timestamp>523.280112</timestamp>
			</report>
			<report>
				<misses>2620001</misses>
				<total>73</total>
				<timestamp>523.479893</timestamp>
			</report>
			<report>
				<misses>2621001</misses>
				<total>73</total>
				<timestamp>523.679590</timestamp>
			</report>
			<report>
				<misses>2622001</misses>
				<total>73</total>
				<timestamp>523.879408</timestamp>
			</report>
			<report>
				<misses>2623001</misses>
				<total>73</total>
				<timestamp>524.079236</timestamp>
			</report>
			<report>
				<misses>2624001</misses>
				<total>73</total>
				<timestamp>524.279015</timestamp>
			</report>
			<report>
				<misses>2625001</misses>
				<total>72</total>
				<timestamp>524.478816</timestamp>
			</report>
			<report>
				<misses>2626001</misses>
				<total>73</total>
				<timestamp>524.678678</timestamp>
			</report>
			<report>
				<misses>2627001</misses>
				<total>73</total>
				<timestamp>524.878405</timestamp>
			</report>
			<report>
				<misses>2628001</misses>
				<total>73</total>
				<timestamp>525.078169</timestamp>
			</report>
			<report>
				<misses>2629001</misses>
				<total>73</total>
				<timestamp>525.278010</timestamp>
			</report>
			<report>
				<misses>2630001</misses>
				<total>73</total>
				<timestamp>525.477830</timestamp>
			</report>
			<report>
				<misses>2631001</misses>
				<total>73</total>
				<timestamp>525.677588</timestamp>
			</report>
			<report>
				<misses>2632001</misses>
				<total>73</total>
				<timestamp>525.877434</timestamp>
			</report>
			<report>
				<misses>2633001</misses>
				<total>73</total>
				<timestamp>526.077230</timestamp>
			</report>
			<report>
				<misses>2634001</misses>
				<total>73</total>
				<timestamp>526.277063</timestamp>
			</report>
			<report>
				<misses>2635001</misses>
				<total>73</total>
				<timestamp>526.476812</timestamp>
			</report>
			<report>
				<misses>2636001</misses>
				<total>73</total>
				<timestamp>526.676620</timestamp>
			</report>
			<report>
				<misses>2637001</misses>
				<total>73</total>
				<timestamp>526.876447</timestamp>
			</report>
			<report>
				<misses>2638001</misses>
				<total>73</total>
				<timestamp>527.076192</timestamp>
			</report>
			<report>
				<misses>2639001</misses>
				<total>73</total>
				<timestamp>527.275997</timestamp>
			</report>
			<report>
				<misses>2640001</misses>
				<total>73</total>
				<timestamp>527.475813</timestamp>
			</report>
			<report>
				<misses>2641001</misses>
				<total>72</total>
				<timestamp>527.675619</timestamp>
			</report>
			<report>
				<misses>2642001</misses>
				<total>73</total>
				<timestamp>527.875390</timestamp>
			</report>
			<report>
				<misses>2643001</misses>
				<total>73</total>
				<timestamp>528.075285</timestamp>
			</report>
			<report>
				<misses>2644001</misses>
				<total>76</total>
				<timestamp>528.275076</timestamp>
			</report>
			<report>
				<misses>2645001</misses>
				<total>76</total>
				<timestamp>528.474789</timestamp>
			</report>
			<report>
				<misses>2646001</misses>
				<total>76</total>
				<timestamp>528.674571</timestamp>
			</report>
			<report>
				<misses>2647001</misses>
				<total>76</total>
				<timestamp>528.874463</timestamp>
			</report>
			<report>
				<misses>2648001</misses>
				<total>76</total>
				<timestamp>529.074178</timestamp>
			</report>
			<report>
				<misses>2649001</misses>
				<total>76</total>
				<timestamp>529.273989</timestamp>
			</report>
			<report>
				<misses>2650001</misses>
				<total>76</total>
				<timestamp>529.473802</timestamp>
			</report>
			<report>
				<misses>2651001</misses>
				<total>76</total>
				<timestamp>529.673583</timestamp>
			</report>
			<report>
				<misses>2652001</misses>
				<total>76</total>
				<timestamp>529.873372</timestamp>
			</report>
			<report>
				<misses>2653001</misses>
				<total>76</total>
				<timestamp>530.073206</timestamp>
			</report>
			<report>
				<misses>2654001</misses>
				<total>76</total>
				<timestamp>530.273029</timestamp>
			</report>
			<report>
				<misses>2655001</misses>
				<total>76</total>
				<timestamp>530.472826</timestamp>
			</report>
			<report>
				<misses>2656001</misses>
				<total>76</total>
				<timestamp>530.672576</timestamp>
			</report>
			<report>
				<misses>2657001</misses>
				<total>76</total>
				<timestamp>530.872459</timestamp>
			</report>
			<report>
				<misses>2658001</misses>
				<total>76</total>
				<timestamp>531.072175</timestamp>
			</report>
			<report>
				<misses>2659001</misses>
				<total>76</total>
				<timestamp>531.272038</timestamp>
			</report>
			<report>
				<misses>2660001</misses>
				<total>76</total>
				<timestamp>531.471779</timestamp>
			</report>
			<report>
				<misses>2661001</misses>
				<total>76</total>
				<timestamp>531.671632</timestamp>
			</report>
			<report>
				<misses>2662001</misses>
				<total>75</total>
				<timestamp>531.871512</timestamp>
			</report>
			<report>
				<misses>2663001</misses>
				<total>76</total>
				<timestamp>532.071264</timestamp>
			</report>
			<report>
				<misses>2664001</misses>
				<total>75</total>
				<timestamp>532.271056</timestamp>
			</report>
			<report>
				<misses>2665001</misses>
				<total>76</total>
				<timestamp>532.470808</timestamp>
			</report>
			<report>
				<misses>2666001</misses>
				<total>76</total>
				<timestamp>532.670573</timestamp>
			</report>
			<report>
				<misses>2667001</misses>
				<total>76</total>
				<timestamp>532.870385</timestamp>
			</report>
			<report>
				<misses>2668001</misses>
				<total>76</total>
				<timestamp>533.070233</timestamp>
			</report>
			<report>
				<misses>2669001</misses>
				<total>76</total>
				<timestamp>533.269996</timestamp>
			</report>
			<report>
				<misses>2670001</misses>
				<total>76</total>
				<timestamp>533.469795</timestamp>
			</report>
			<report>
				<misses>2671001</misses>
				<total>76</total>
				<timestamp>533.669627</timestamp>
			</report>
			<report>
				<misses>2672001</misses>
				<total>76</total>
				<timestamp>533.869427</timestamp>
			</report>
			<report>
				<misses>2673001</misses>
				<total>76</total>
				<timestamp>534.069239</timestamp>
			</report>
			<report>
				<misses>2674001</misses>
				<total>76</total>
				<timestamp>534.269026</timestamp>
			</report>
			<report>
				<misses>2675001</misses>
				<total>76</total>
				<timestamp>534.468830</timestamp>
			</report>
			<report>
				<misses>2676001</misses>
				<total>75</total>
				<timestamp>534.668608</timestamp>
			</report>
			<report>
				<misses>2677001</misses>
				<total>76</total>
				<timestamp>534.868411</timestamp>
			</report>
			<report>
				<misses>2678001</misses>
				<total>76</total>
				<timestamp>535.068170</timestamp>
			</report>
			<report>
				<misses>2679001</misses>
				<total>76</total>
				<timestamp>535.267994</timestamp>
			</report>
			<report>
				<misses>2680001</misses>
				<total>76</total>
				<timestamp>535.467848</timestamp>
			</report>
			<report>
				<misses>2681001</misses>
				<total>76</total>
				<timestamp>535.667631</timestamp>
			</report>
			<report>
				<misses>2682001</misses>
				<total>76</total>
				<timestamp>535.867387</timestamp>
			</report>
			<report>
				<misses>2683001</misses>
				<total>75</total>
				<timestamp>536.067218</timestamp>
			</report>
			<report>
				<misses>2684001</misses>
				<total>76</total>
				<timestamp>536.267000</timestamp>
			</report>
			<report>
				<misses>2685001</misses>
				<total>76</total>
				<timestamp>536.466863</timestamp>
			</report>
			<report>
				<misses>2686001</misses>
				<total>76</total>
				<timestamp>536.666669</timestamp>
			</report>
			<report>
				<misses>2687001</misses>
				<total>76</total>
				<timestamp>536.866395</timestamp>
			</report>
			<report>
				<misses>2688001</misses>
				<total>76</total>
				<timestamp>537.066165</timestamp>
			</report>
			<report>
				<misses>2689001</misses>
				<total>76</total>
				<timestamp>537.266003</timestamp>
			</report>
			<report>
				<misses>2690001</misses>
				<total>76</total>
				<timestamp>537.465792</timestamp>
			</report>
			<report>
				<misses>2691001</misses>
				<total>76</total>
				<timestamp>537.665561</timestamp>
			</report>
			<report>
				<misses>2692001</misses>
				<total>76</total>
				<timestamp>537.865441</timestamp>
			</report>
			<report>
				<misses>2693001</misses>
				<total>76</total>
				<timestamp>538.065179</timestamp>
			</report>
			<report>
				<misses>2694001</misses>
				<total>76</total>
				<timestamp>538.265022</timestamp>
			</report>
			<report>
				<misses>2695001</misses>
				<total>76</total>
				<timestamp>538.464848</timestamp>
			</report>
			<report>
				<misses>2696001</misses>
				<total>76</total>
				<timestamp>538.664575</timestamp>
			</report>
			<report>
				<misses>2697001</misses>
				<total>76</total>
				<timestamp>538.864386</timestamp>
			</report>
			<report>
				<misses>2698001</misses>
				<total>76</total>
				<timestamp>539.064190</timestamp>
			</report>
			<report>
				<misses>2699001</misses>
				<total>76</total>
				<timestamp>539.263999</timestamp>
			</report>
			<report>
				<misses>2700001</misses>
				<total>76</total>
				<timestamp>539.463838</timestamp>
			</report>
			<report>
				<misses>2701001</misses>
				<total>76</total>
				<timestamp>539.663551</timestamp>
			</report>
			<report>
				<misses>2702001</misses>
				<total>76</total>
				<timestamp>539.863415</timestamp>
			</report>
			<report>
				<misses>2703001</misses>
				<total>76</total>
				<timestamp>540.063224</timestamp>
			</report>
			<report>
				<misses>2704001</misses>
				<total>76</total>
				<timestamp>540.263054</timestamp>
			</report>
			<report>
				<misses>2705001</misses>
				<total>76</total>
				<timestamp>540.462855</timestamp>
			</report>
			<report>
				<misses>2706001</misses>
				<total>76</total>
				<timestamp>540.662632</timestamp>
			</report>
			<report>
				<misses>2707001</misses>
				<total>76</total>
				<timestamp>540.862387</timestamp>
			</report>
			<report>
				<misses>2708001</misses>
				<total>76</total>
				<timestamp>541.062177</timestamp>
			</report>
			<report>
				<misses>2709001</misses>
				<total>76</total>
				<timestamp>541.262068</timestamp>
			</report>
			<report>
				<misses>2710001</misses>
				<total>76</total>
				<timestamp>541.461824</timestamp>
			</report>
			<report>
				<misses>2711001</misses>
				<total>76</total>
				<timestamp>541.661606</timestamp>
			</report>
			<report>
				<misses>2712001</misses>
				<total>76</total>
				<timestamp>541.861376</timestamp>
			</report>
			<report>
				<misses>2713001</misses>
				<total>76</total>
				<timestamp>542.061204</timestamp>
			</report>
			<report>
				<misses>2714001</misses>
				<total>76</total>
				<timestamp>542.261007</timestamp>
			</report>
			<report>
				<misses>2715001</misses>
				<total>76</total>
				<timestamp>542.460958</timestamp>
			</report>
			<report>
				<misses>2716001</misses>
				<total>76</total>
				<timestamp>542.660555</timestamp>
			</report>
			<report>
				<misses>2717001</misses>
				<total>76</total>
				<timestamp>542.860404</timestamp>
			</report>
			<report>
				<misses>2718001</misses>
				<total>76</total>
				<timestamp>543.060224</timestamp>
			</report>
			<report>
				<misses>2719001</misses>
				<total>76</total>
				<timestamp>543.260022</timestamp>
			</report>
			<report>
				<misses>2720001</misses>
				<total>76</total>
				<timestamp>543.459894</timestamp>
			</report>
			<report>
				<misses>2721001</misses>
				<total>76</total>
				<timestamp>543.659619</timestamp>
			</report>
			<report>
				<misses>2722001</misses>
				<total>76</total>
				<timestamp>543.859406</timestamp>
			</report>
			<report>
				<misses>2723001</misses>
				<total>76</total>
				<timestamp>544.059183</timestamp>
			</report>
			<report>
				<misses>2724001</misses>
				<total>76</total>
				<timestamp>544.259032</timestamp>
			</report>
			<report>
				<misses>2725001</misses>
				<total>75</total>
				<timestamp>544.458778</timestamp>
			</report>
			<report>
				<misses>2726001</misses>
				<total>76</total>
				<timestamp>544.658620</timestamp>
			</report>
			<report>
				<misses>2727001</misses>
				<total>76</total>
				<timestamp>544.858446</timestamp>
			</report>
			<report>
				<misses>2728001</misses>
				<total>76</total>
				<timestamp>545.058229</timestamp>
			</report>
			<report>
				<misses>2729001</misses>
				<total>76</total>
				<timestamp>545.258001</timestamp>
			</report>
			<report>
				<misses>2730001</misses>
				<total>76</total>
				<timestamp>545.457849</timestamp>
			</report>
			<report>
				<misses>2731001</misses>
				<total>76</total>
				<timestamp>545.657659</timestamp>
			</report>
			<report>
				<misses>2732001</misses>
				<total>76</total>
				<timestamp>545.857507</timestamp>
			</report>
			<report>
				<misses>2733001</misses>
				<total>76</total>
				<timestamp>546.057173</timestamp>
			</report>
			<report>
				<misses>2734001</misses>
				<total>76</total>
				<timestamp>546.257009</timestamp>
			</report>
			<report>
				<misses>2735001</misses>
				<total>76</total>
				<timestamp>546.456800</timestamp>
			</report>
			<report>
				<misses>2736001</misses>
				<total>76</total>
				<timestamp>546.656598</timestamp>
			</report>
			<report>
				<misses>2737001</misses>
				<total>76</total>
				<timestamp>546.856395</timestamp>
			</report>
			<report>
				<misses>2738001</misses>
				<total>76</total>
				<timestamp>547.056236</timestamp>
			</report>
			<report>
				<misses>2739001</misses>
				<total>76</total>
				<timestamp>547.256037</timestamp>
			</report>
			<report>
				<misses>2740001</misses>
				<total>76</total>
				<timestamp>547.455882</timestamp>
			</report>
			<report>
				<misses>2741001</misses>
				<total>76</total>
				<timestamp>547.655566</timestamp>
			</report>
			<report>
				<misses>2742001</misses>
				<total>75</total>
				<timestamp>547.855414</timestamp>
			</report>
			<report>
				<misses>2743001</misses>
				<total>76</total>
				<timestamp>548.055197</timestamp>
			</report>
			<report>
				<misses>2744001</misses>
				<total>75</total>
				<timestamp>548.255081</timestamp>
			</report>
			<report>
				<misses>2745001</misses>
				<total>76</total>
				<timestamp>548.454912</timestamp>
			</report>
			<report>
				<misses>2746001</misses>
				<total>75</total>
				<timestamp>548.654609</timestamp>
			</report>
			<report>
				<misses>2747001</misses>
				<total>76</total>
				<timestamp>548.854370</timestamp>
			</report>
			<report>
				<misses>2748001</misses>
				<total>76</total>
				<timestamp>549.054173</timestamp>
			</report>
			<report>
				<misses>2749001</misses>
				<total>76</total>
				<timestamp>549.253978</timestamp>
			</report>
			<report>
				<misses>2750001</misses>
				<total>76</total>
				<timestamp>549.453801</timestamp>
			</report>
			<report>
				<misses>2751001</misses>
				<total>76</total>
				<timestamp>549.653584</timestamp>
			</report>
			<report>
				<misses>2752001</misses>
				<total>76</total>
				<timestamp>549.853377</timestamp>
			</report>
			<report>
				<misses>2753001</misses>
				<total>75</total>
				<timestamp>550.053190</timestamp>
			</report>
			<report>
				<misses>2754001</misses>
				<total>75</total>
				<timestamp>550.253083</timestamp>
			</report>
			<report>
				<misses>2755001</misses>
				<total>76</total>
				<timestamp>550.452863</timestamp>
			</report>
			<report>
				<misses>2756001</misses>
				<total>76</total>
				<timestamp>550.652581</timestamp>
			</report>
			<report>
				<misses>2757001</misses>
				<total>76</total>
				<timestamp>550.852393</timestamp>
			</report>
			<report>
				<misses>2758001</misses>
				<total>76</total>
				<timestamp>551.052214</timestamp>
			</report>
			<report>
				<misses>2759001</misses>
				<total>76</total>
				<timestamp>551.251986</timestamp>
			</report>
			<report>
				<misses>2760001</misses>
				<total>76</total>
				<timestamp>551.451828</timestamp>
			</report>
			<report>
				<misses>2761001</misses>
				<total>76</total>
				<timestamp>551.651579</timestamp>
			</report>
			<report>
				<misses>2762001</misses>
				<total>76</total>
				<timestamp>551.851501</timestamp>
			</report>
			<report>
				<misses>2763001</misses>
				<total>76</total>
				<timestamp>552.051198</timestamp>
			</report>
			<report>
				<misses>2764001</misses>
				<total>76</total>
				<timestamp>552.250980</timestamp>
			</report>
			<report>
				<misses>2765001</misses>
				<total>76</total>
				<timestamp>552.450852</timestamp>
			</report>
			<report>
				<misses>2766001</misses>
				<total>76</total>
				<timestamp>552.650650</timestamp>
			</report>
			<report>
				<misses>2767001</misses>
				<total>76</total>
				<timestamp>552.850400</timestamp>
			</report>
			<report>
				<misses>2768001</misses>
				<total>76</total>
				<timestamp>553.050176</timestamp>
			</report>
			<report>
				<misses>2769001</misses>
				<total>76</total>
				<timestamp>553.249981</timestamp>
			</report>
			<report>
				<misses>2770001</misses>
				<total>76</total>
				<timestamp>553.449839</timestamp>
			</report>
			<report>
				<misses>2771001</misses>
				<total>76</total>
				<timestamp>553.649589</timestamp>
			</report>
			<report>
				<misses>2772001</misses>
				<total>76</total>
				<timestamp>553.849390</timestamp>
			</report>
			<report>
				<misses>2773001</misses>
				<total>76</total>
				<timestamp>554.049248</timestamp>
			</report>
			<report>
				<misses>2774001</misses>
				<total>76</total>
				<timestamp>554.248967</timestamp>
			</report>
			<report>
				<misses>2775001</misses>
				<total>76</total>
				<timestamp>554.448856</timestamp>
			</report>
			<report>
				<misses>2776001</misses>
				<total>76</total>
				<timestamp>554.648584</timestamp>
			</report>
			<report>
				<misses>2777001</misses>
				<total>76</total>
				<timestamp>554.848403</timestamp>
			</report>
			<report>
				<misses>2778001</misses>
				<total>76</total>
				<timestamp>555.048303</timestamp>
			</report>
			<report>
				<misses>2779001</misses>
				<total>76</total>
				<timestamp>555.248044</timestamp>
			</report>
			<report>
				<misses>2780001</misses>
				<total>76</total>
				<timestamp>555.447873</timestamp>
			</report>
			<report>
				<misses>2781001</misses>
				<total>76</total>
				<timestamp>555.647576</timestamp>
			</report>
			<report>
				<misses>2782001</misses>
				<total>76</total>
				<timestamp>555.847415</timestamp>
			</report>
			<report>
				<misses>2783001</misses>
				<total>76</total>
				<timestamp>556.047167</timestamp>
			</report>
			<report>
				<misses>2784001</misses>
				<total>76</total>
				<timestamp>556.247005</timestamp>
			</report>
			<report>
				<misses>2785001</misses>
				<total>76</total>
				<timestamp>556.446860</timestamp>
			</report>
			<report>
				<misses>2786001</misses>
				<total>76</total>
				<timestamp>556.646569</timestamp>
			</report>
			<report>
				<misses>2787001</misses>
				<total>76</total>
				<timestamp>556.846454</timestamp>
			</report>
			<report>
				<misses>2788001</misses>
				<total>76</total>
				<timestamp>557.046187</timestamp>
			</report>
			<report>
				<misses>2789001</misses>
				<total>76</total>
				<timestamp>557.245980</timestamp>
			</report>
			<report>
				<misses>2790001</misses>
				<total>75</total>
				<timestamp>557.445803</timestamp>
			</report>
			<report>
				<misses>2791001</misses>
				<total>76</total>
				<timestamp>557.645603</timestamp>
			</report>
			<report>
				<misses>2792001</misses>
				<total>77</total>
				<timestamp>557.845372</timestamp>
			</report>
			<report>
				<misses>2793001</misses>
				<total>77</total>
				<timestamp>558.045171</timestamp>
			</report>
			<report>
				<misses>2794001</misses>
				<total>77</total>
				<timestamp>558.244964</timestamp>
			</report>
			<report>
				<misses>2795001</misses>
				<total>77</total>
				<timestamp>558.444790</timestamp>
			</report>
			<report>
				<misses>2796001</misses>
				<total>77</total>
				<timestamp>558.644641</timestamp>
			</report>
			<report>
				<misses>2797001</misses>
				<total>77</total>
				<timestamp>558.844465</timestamp>
			</report>
			<report>
				<misses>2798001</misses>
				<total>77</total>
				<timestamp>559.044161</timestamp>
			</report>
			<report>
				<misses>2799001</misses>
				<total>77</total>
				<timestamp>559.243965</timestamp>
			</report>
			<report>
				<misses>2800001</misses>
				<total>77</total>
				<timestamp>559.443836</timestamp>
			</report>
			<report>
				<misses>2801001</misses>
				<total>77</total>
				<timestamp>559.643640</timestamp>
			</report>
			<report>
				<misses>2802001</misses>
				<total>77</total>
				<timestamp>559.843462</timestamp>
			</report>
			<report>
				<misses>2803001</misses>
				<total>78</total>
				<timestamp>560.043168</timestamp>
			</report>
			<report>
				<misses>2804001</misses>
				<total>78</total>
				<timestamp>560.242961</timestamp>
			</report>
			<report>
				<misses>2805001</misses>
				<total>78</total>
				<timestamp>560.442776</timestamp>
			</report>
			<report>
				<misses>2806001</misses>
				<total>78</total>
				<timestamp>560.642576</timestamp>
			</report>
			<report>
				<misses>2807001</misses>
				<total>78</total>
				<timestamp>560.842364</timestamp>
			</report>
			<report>
				<misses>2808001</misses>
				<total>78</total>
				<timestamp>561.042177</timestamp>
			</report>
			<report>
				<misses>2809001</misses>
				<total>78</total>
				<timestamp>561.241962</timestamp>
			</report>
			<report>
				<misses>2810001</misses>
				<total>78</total>
				<timestamp>561.441828</timestamp>
			</report>
			<report>
				<misses>2811001</misses>
				<total>78</total>
				<timestamp>561.641682</timestamp>
			</report>
			<report>
				<misses>2812001</misses>
				<total>78</total>
				<timestamp>561.841419</timestamp>
			</report>
			<report>
				<misses>2813001</misses>
				<total>78</total>
				<timestamp>562.041161</timestamp>
			</report>
			<report>
				<misses>2814001</misses>
				<total>78</total>
				<timestamp>562.241030</timestamp>
			</report>
			<report>
				<misses>2815001</misses>
				<total>78</total>
				<timestamp>562.440872</timestamp>
			</report>
			<report>
				<misses>2816001</misses>
				<total>78</total>
				<timestamp>562.640648</timestamp>
			</report>
			<report>
				<misses>2817001</misses>
				<total>78</total>
				<timestamp>562.840382</timestamp>
			</report>
			<report>
				<misses>2818001</misses>
				<total>78</total>
				<timestamp>563.040236</timestamp>
			</report>
			<report>
				<misses>2819001</misses>
				<total>78</total>
				<timestamp>563.240048</timestamp>
			</report>
			<report>
				<misses>2820001</misses>
				<total>78</total>
				<timestamp>563.439932</timestamp>
			</report>
			<report>
				<misses>2821001</misses>
				<total>77</total>
				<timestamp>563.639627</timestamp>
			</report>
			<report>
				<misses>2822001</misses>
				<total>78</total>
				<timestamp>563.839462</timestamp>
			</report>
			<report>
				<misses>2823001</misses>
				<total>78</total>
				<timestamp>564.039172</timestamp>
			</report>
			<report>
				<misses>2824001</misses>
				<total>78</total>
				<timestamp>564.238990</timestamp>
			</report>
			<report>
				<misses>2825001</misses>
				<total>78</total>
				<timestamp>564.438829</timestamp>
			</report>
			<report>
				<misses>2826001</misses>
				<total>78</total>
				<timestamp>564.638625</timestamp>
			</report>
			<report>
				<misses>2827001</misses>
				<total>77</total>
				<timestamp>564.838488</timestamp>
			</report>
			<report>
				<misses>2828001</misses>
				<total>78</total>
				<timestamp>565.038168</timestamp>
			</report>
			<report>
				<misses>2829001</misses>
				<total>78</total>
				<timestamp>565.237994</timestamp>
			</report>
			<report>
				<misses>2830001</misses>
				<total>78</total>
				<timestamp>565.437846</timestamp>
			</report>
			<report>
				<misses>2831001</misses>
				<total>78</total>
				<timestamp>565.637600</timestamp>
			</report>
			<report>
				<misses>2832001</misses>
				<total>78</total>
				<timestamp>565.837395</timestamp>
			</report>
			<report>
				<misses>2833001</misses>
				<total>78</total>
				<timestamp>566.037238</timestamp>
			</report>
			<report>
				<misses>2834001</misses>
				<total>78</total>
				<timestamp>566.236981</timestamp>
			</report>
			<report>
				<misses>2835001</misses>
				<total>78</total>
				<timestamp>566.436880</timestamp>
			</report>
			<report>
				<misses>2836001</misses>
				<total>78</total>
				<timestamp>566.636576</timestamp>
			</report>
			<report>
				<misses>2837001</misses>
				<total>78</total>
				<timestamp>566.836359</timestamp>
			</report>
			<report>
				<misses>2838001</misses>
				<total>78</total>
				<timestamp>567.036200</timestamp>
			</report>
			<report>
				<misses>2839001</misses>
				<total>78</total>
				<timestamp>567.235981</timestamp>
			</report>
			<report>
				<misses>2840001</misses>
				<total>77</total>
				<timestamp>567.435892</timestamp>
			</report>
			<report>
				<misses>2841001</misses>
				<total>78</total>
				<timestamp>567.635583</timestamp>
			</report>
			<report>
				<misses>2842001</misses>
				<total>78</total>
				<timestamp>567.835419</timestamp>
			</report>
			<report>
				<misses>2843001</misses>
				<total>78</total>
				<timestamp>568.035211</timestamp>
			</report>
			<report>
				<misses>2844001</misses>
				<total>78</total>
				<timestamp>568.235068</timestamp>
			</report>
			<report>
				<misses>2845001</misses>
				<total>78</total>
				<timestamp>568.434841</timestamp>
			</report>
			<report>
				<misses>2846001</misses>
				<total>77</total>
				<timestamp>568.634636</timestamp>
			</report>
			<report>
				<misses>2847001</misses>
				<total>78</total>
				<timestamp>568.834385</timestamp>
			</report>
			<report>
				<misses>2848001</misses>
				<total>78</total>
				<timestamp>569.034181</timestamp>
			</report>
			<report>
				<misses>2849001</misses>
				<total>78</total>
				<timestamp>569.233985</timestamp>
			</report>
			<report>
				<misses>2850001</misses>
				<total>78</total>
				<timestamp>569.433785</timestamp>
			</report>
			<report>
				<misses>2851001</misses>
				<total>78</total>
				<timestamp>569.633640</timestamp>
			</report>
			<report>
				<misses>2852001</misses>
				<total>78</total>
				<timestamp>569.833417</timestamp>
			</report>
			<report>
				<misses>2853001</misses>
				<total>78</total>
				<timestamp>570.033237</timestamp>
			</report>
			<report>
				<misses>2854001</misses>
				<total>78</total>
				<timestamp>570.233042</timestamp>
			</report>
			<report>
				<misses>2855001</misses>
				<total>78</total>
				<timestamp>570.432798</timestamp>
			</report>
			<report>
				<misses>2856001</misses>
				<total>78</total>
				<timestamp>570.632603</timestamp>
			</report>
			<report>
				<misses>2857001</misses>
				<total>78</total>
				<timestamp>570.832383</timestamp>
			</report>
			<report>
				<misses>2858001</misses>
				<total>78</total>
				<timestamp>571.032215</timestamp>
			</report>
			<report>
				<misses>2859001</misses>
				<total>78</total>
				<timestamp>571.232027</timestamp>
			</report>
			<report>
				<misses>2860001</misses>
				<total>78</total>
				<timestamp>571.431836</timestamp>
			</report>
			<report>
				<misses>2861001</misses>
				<total>78</total>
				<timestamp>571.631572</timestamp>
			</report>
			<report>
				<misses>2862001</misses>
				<total>78</total>
				<timestamp>571.831376</timestamp>
			</report>
			<report>
				<misses>2863001</misses>
				<total>78</total>
				<timestamp>572.031244</timestamp>
			</report>
			<report>
				<misses>2864001</misses>
				<total>78</total>
				<timestamp>572.230962</timestamp>
			</report>
			<report>
				<misses>2865001</misses>
				<total>78</total>
				<timestamp>572.430810</timestamp>
			</report>
			<report>
				<misses>2866001</misses>
				<total>78</total>
				<timestamp>572.630570</timestamp>
			</report>
			<report>
				<misses>2867001</misses>
				<total>78</total>
				<timestamp>572.830371</timestamp>
			</report>
			<report>
				<misses>2868001</misses>
				<total>78</total>
				<timestamp>573.030221</timestamp>
			</report>
			<report>
				<misses>2869001</misses>
				<total>78</total>
				<timestamp>573.229989</timestamp>
			</report>
			<report>
				<misses>2870001</misses>
				<total>78</total>
				<timestamp>573.429801</timestamp>
			</report>
			<report>
				<misses>2871001</misses>
				<total>78</total>
				<timestamp>573.629618</timestamp>
			</report>
			<report>
				<misses>2872001</misses>
				<total>78</total>
				<timestamp>573.829360</timestamp>
			</report>
			<report>
				<misses>2873001</misses>
				<total>78</total>
				<timestamp>574.029172</timestamp>
			</report>
			<report>
				<misses>2874001</misses>
				<total>78</total>
				<timestamp>574.228957</timestamp>
			</report>
			<report>
				<misses>2875001</misses>
				<total>78</total>
				<timestamp>574.428802</timestamp>
			</report>
			<report>
				<misses>2876001</misses>
				<total>78</total>
				<timestamp>574.628602</timestamp>
			</report>
			<report>
				<misses>2877001</misses>
				<total>78</total>
				<timestamp>574.828395</timestamp>
			</report>
			<report>
				<misses>2878001</misses>
				<total>78</total>
				<timestamp>575.028225</timestamp>
			</report>
			<report>
				<misses>2879001</misses>
				<total>78</total>
				<timestamp>575.227956</timestamp>
			</report>
			<report>
				<misses>2880001</misses>
				<total>78</total>
				<timestamp>575.427807</timestamp>
			</report>
			<report>
				<misses>2881001</misses>
				<total>78</total>
				<timestamp>575.627665</timestamp>
			</report>
			<report>
				<misses>2882001</misses>
				<total>78</total>
				<timestamp>575.827375</timestamp>
			</report>
			<report>
				<misses>2883001</misses>
				<total>77</total>
				<timestamp>576.027199</timestamp>
			</report>
			<report>
				<misses>2884001</misses>
				<total>77</total>
				<timestamp>576.227021</timestamp>
			</report>
			<report>
				<misses>2885001</misses>
				<total>77</total>
				<timestamp>576.426786</timestamp>
			</report>
			<report>
				<misses>2886001</misses>
				<total>78</total>
				<timestamp>576.626609</timestamp>
			</report>
			<report>
				<misses>2887001</misses>
				<total>78</total>
				<timestamp>576.826396</timestamp>
			</report>
			<report>
				<misses>2888001</misses>
				<total>78</total>
				<timestamp>577.026187</timestamp>
			</report>
			<report>
				<misses>2889001</misses>
				<total>78</total>
				<timestamp>577.226022</timestamp>
			</report>
			<report>
				<misses>2890001</misses>
				<total>78</total>
				<timestamp>577.425788</timestamp>
			</report>
			<report>
				<misses>2891001</misses>
				<total>78</total>
				<timestamp>577.625580</timestamp>
			</report>
			<report>
				<misses>2892001</misses>
				<total>78</total>
				<timestamp>577.825380</timestamp>
			</report>
			<report>
				<misses>2893001</misses>
				<total>78</total>
				<timestamp>578.025251</timestamp>
			</report>
			<report>
				<misses>2894001</misses>
				<total>78</total>
				<timestamp>578.224981</timestamp>
			</report>
			<report>
				<misses>2895001</misses>
				<total>78</total>
				<timestamp>578.424773</timestamp>
			</report>
			<report>
				<misses>2896001</misses>
				<total>78</total>
				<timestamp>578.624650</timestamp>
			</report>
			<report>
				<misses>2897001</misses>
				<total>77</total>
				<timestamp>578.824420</timestamp>
			</report>
			<report>
				<misses>2898001</misses>
				<total>78</total>
				<timestamp>579.024262</timestamp>
			</report>
			<report>
				<misses>2899001</misses>
				<total>78</total>
				<timestamp>579.223978</timestamp>
			</report>
			<report>
				<misses>2900001</misses>
				<total>78</total>
				<timestamp>579.423788</timestamp>
			</report>
			<report>
				<misses>2901001</misses>
				<total>77</total>
				<timestamp>579.623630</timestamp>
			</report>
			<report>
				<misses>2902001</misses>
				<total>78</total>
				<timestamp>579.823403</timestamp>
			</report>
			<report>
				<misses>2903001</misses>
				<total>78</total>
				<timestamp>580.023250</timestamp>
			</report>
			<report>
				<misses>2904001</misses>
				<total>78</total>
				<timestamp>580.223034</timestamp>
			</report>
			<report>
				<misses>2905001</misses>
				<total>78</total>
				<timestamp>580.422813</timestamp>
			</report>
			<report>
				<misses>2906001</misses>
				<total>78</total>
				<timestamp>580.622589</timestamp>
			</report>
			<report>
				<misses>2907001</misses>
				<total>78</total>
				<timestamp>580.822376</timestamp>
			</report>
			<report>
				<misses>2908001</misses>
				<total>78</total>
				<timestamp>581.022253</timestamp>
			</report>
			<report>
				<misses>2909001</misses>
				<total>77</total>
				<timestamp>581.221975</timestamp>
			</report>
			<report>
				<misses>2910001</misses>
				<total>78</total>
				<timestamp>581.421832</timestamp>
			</report>
			<report>
				<misses>2911001</misses>
				<total>78</total>
				<timestamp>581.621669</timestamp>
			</report>
			<report>
				<misses>2912001</misses>
				<total>77</total>
				<timestamp>581.821371</timestamp>
			</report>
			<report>
				<misses>2913001</misses>
				<total>77</total>
				<timestamp>582.021261</timestamp>
			</report>
			<report>
				<misses>2914001</misses>
				<total>78</total>
				<timestamp>582.221049</timestamp>
			</report>
			<report>
				<misses>2915001</misses>
				<total>78</total>
				<timestamp>582.420787</timestamp>
			</report>
			<report>
				<misses>2916001</misses>
				<total>78</total>
				<timestamp>582.620611</timestamp>
			</report>
			<report>
				<misses>2917001</misses>
				<total>78</total>
				<timestamp>582.820384</timestamp>
			</report>
			<report>
				<misses>2918001</misses>
				<total>78</total>
				<timestamp>583.020295</timestamp>
			</report>
			<report>
				<misses>2919001</misses>
				<total>77</total>
				<timestamp>583.220093</timestamp>
			</report>
			<report>
				<misses>2920001</misses>
				<total>78</total>
				<timestamp>583.419869</timestamp>
			</report>
			<report>
				<misses>2921001</misses>
				<total>78</total>
				<timestamp>583.619631</timestamp>
			</report>
			<report>
				<misses>2922001</misses>
				<total>78</total>
				<timestamp>583.819436</timestamp>
			</report>
			<report>
				<misses>2923001</misses>
				<total>78</total>
				<timestamp>584.019193</timestamp>
			</report>
			<report>
				<misses>2924001</misses>
				<total>78</total>
				<timestamp>584.218996</timestamp>
			</report>
			<report>
				<misses>2925001</misses>
				<total>78</total>
				<timestamp>584.418825</timestamp>
			</report>
			<report>
				<misses>2926001</misses>
				<total>78</total>
				<timestamp>584.618700</timestamp>
			</report>
			<report>
				<misses>2927001</misses>
				<total>78</total>
				<timestamp>584.818358</timestamp>
			</report>
			<report>
				<misses>2928001</misses>
				<total>77</total>
				<timestamp>585.018196</timestamp>
			</report>
			<report>
				<misses>2929001</misses>
				<total>78</total>
				<timestamp>585.217956</timestamp>
			</report>
			<report>
				<misses>2930001</misses>
				<total>78</total>
				<timestamp>585.417802</timestamp>
			</report>
			<report>
				<misses>2931001</misses>
				<total>78</total>
				<timestamp>585.617608</timestamp>
			</report>
			<report>
				<misses>2932001</misses>
				<total>78</total>
				<timestamp>585.817403</timestamp>
			</report>
			<report>
				<misses>2933001</misses>
				<total>78</total>
				<timestamp>586.017172</timestamp>
			</report>
			<report>
				<misses>2934001</misses>
				<total>78</total>
				<timestamp>586.216980</timestamp>
			</report>
			<report>
				<misses>2935001</misses>
				<total>78</total>
				<timestamp>586.416866</timestamp>
			</report>
			<report>
				<misses>2936001</misses>
				<total>80</total>
				<timestamp>586.616616</timestamp>
			</report>
			<report>
				<misses>2937001</misses>
				<total>80</total>
				<timestamp>586.816403</timestamp>
			</report>
			<report>
				<misses>2938001</misses>
				<total>80</total>
				<timestamp>587.016168</timestamp>
			</report>
			<report>
				<misses>2939001</misses>
				<total>80</total>
				<timestamp>587.215975</timestamp>
			</report>
			<report>
				<misses>2940001</misses>
				<total>80</total>
				<timestamp>587.415771</timestamp>
			</report>
			<report>
				<misses>2941001</misses>
				<total>80</total>
				<timestamp>587.615592</timestamp>
			</report>
			<report>
				<misses>2942001</misses>
				<total>80</total>
				<timestamp>587.815403</timestamp>
			</report>
			<report>
				<misses>2943001</misses>
				<total>80</total>
				<timestamp>588.015195</timestamp>
			</report>
			<report>
				<misses>2944001</misses>
				<total>80</total>
				<timestamp>588.215023</timestamp>
			</report>
			<report>
				<misses>2945001</misses>
				<total>80</total>
				<timestamp>588.414774</timestamp>
			</report>
			<report>
				<misses>2946001</misses>
				<total>80</total>
				<timestamp>588.614690</timestamp>
			</report>
			<report>
				<misses>2947001</misses>
				<total>80</total>
				<timestamp>588.814438</timestamp>
			</report>
			<report>
				<misses>2948001</misses>
				<total>80</total>
				<timestamp>589.014238</timestamp>
			</report>
			<report>
				<misses>2949001</misses>
				<total>80</total>
				<timestamp>589.214029</timestamp>
			</report>
			<report>
				<misses>2950001</misses>
				<total>80</total>
				<timestamp>589.413779</timestamp>
			</report>
			<report>
				<misses>2951001</misses>
				<total>80</total>
				<timestamp>589.613598</timestamp>
			</report>
			<report>
				<misses>2952001</misses>
				<total>80</total>
				<timestamp>589.813434</timestamp>
			</report>
			<report>
				<misses>2953001</misses>
				<total>80</total>
				<timestamp>590.013296</timestamp>
			</report>
			<report>
				<misses>2954001</misses>
				<total>80</total>
				<timestamp>590.212975</timestamp>
			</report>
			<report>
				<misses>2955001</misses>
				<total>80</total>
				<timestamp>590.412791</timestamp>
			</report>
			<report>
				<misses>2956001</misses>
				<total>80</total>
				<timestamp>590.612602</timestamp>
			</report>
			<report>
				<misses>2957001</misses>
				<total>80</total>
				<timestamp>590.812384</timestamp>
			</report>
			<report>
				<misses>2958001</misses>
				<total>80</total>
				<timestamp>591.012241</timestamp>
			</report>
			<report>
				<misses>2959001</misses>
				<total>80</total>
				<timestamp>591.211979</timestamp>
			</report>
			<report>
				<misses>2960001</misses>
				<total>80</total>
				<timestamp>591.411794</timestamp>
			</report>
			<report>
				<misses>2961001</misses>
				<total>80</total>
				<timestamp>591.611606</timestamp>
			</report>
			<report>
				<misses>2962001</misses>
				<total>80</total>
				<timestamp>591.811375</timestamp>
			</report>
			<report>
				<misses>2963001</misses>
				<total>80</total>
				<timestamp>592.011215</timestamp>
			</report>
			<report>
				<misses>2964001</misses>
				<total>80</total>
				<timestamp>592.210961</timestamp>
			</report>
			<report>
				<misses>2965001</misses>
				<total>80</total>
				<timestamp>592.410792</timestamp>
			</report>
			<report>
				<misses>2966001</misses>
				<total>80</total>
				<timestamp>592.610592</timestamp>
			</report>
			<report>
				<misses>2967001</misses>
				<total>80</total>
				<timestamp>592.810395</timestamp>
			</report>
			<report>
				<misses>2968001</misses>
				<total>80</total>
				<timestamp>593.010215</timestamp>
			</report>
			<report>
				<misses>2969001</misses>
				<total>80</total>
				<timestamp>593.210037</timestamp>
			</report>
			<report>
				<misses>2970001</misses>
				<total>80</total>
				<timestamp>593.409800</timestamp>
			</report>
			<report>
				<misses>2971001</misses>
				<total>80</total>
				<timestamp>593.609571</timestamp>
			</report>
			<report>
				<misses>2972001</misses>
				<total>80</total>
				<timestamp>593.809375</timestamp>
			</report>
			<report>
				<misses>2973001</misses>
				<total>80</total>
				<timestamp>594.009165</timestamp>
			</report>
			<report>
				<misses>2974001</misses>
				<total>80</total>
				<timestamp>594.208978</timestamp>
			</report>
			<report>
				<misses>2975001</misses>
				<total>80</total>
				<timestamp>594.408774</timestamp>
			</report>
			<report>
				<misses>2976001</misses>
				<total>80</total>
				<timestamp>594.608633</timestamp>
			</report>
			<report>
				<misses>2977001</misses>
				<total>80</total>
				<timestamp>594.808378</timestamp>
			</report>
			<report>
				<misses>2978001</misses>
				<total>80</total>
				<timestamp>595.008229</timestamp>
			</report>
			<report>
				<misses>2979001</misses>
				<total>80</total>
				<timestamp>595.207985</timestamp>
			</report>
			<report>
				<misses>2980001</misses>
				<total>80</total>
				<timestamp>595.407772</timestamp>
			</report>
			<report>
				<misses>2981001</misses>
				<total>80</total>
				<timestamp>595.607576</timestamp>
			</report>
			<report>
				<misses>2982001</misses>
				<total>80</total>
				<timestamp>595.807375</timestamp>
			</report>
			<report>
				<misses>2983001</misses>
				<total>80</total>
				<timestamp>596.007209</timestamp>
			</report>
			<report>
				<misses>2984001</misses>
				<total>80</total>
				<timestamp>596.207015</timestamp>
			</report>
			<report>
				<misses>2985001</misses>
				<total>80</total>
				<timestamp>596.406771</timestamp>
			</report>
			<report>
				<misses>2986001</misses>
				<total>79</total>
				<timestamp>596.606641</timestamp>
			</report>
			<report>
				<misses>2987001</misses>
				<total>82</total>
				<timestamp>596.806368</timestamp>
			</report>
			<report>
				<misses>2988001</misses>
				<total>82</total>
				<timestamp>597.006192</timestamp>
			</report>
			<report>
				<misses>2989001</misses>
				<total>82</total>
				<timestamp>597.206020</timestamp>
			</report>
			<report>
				<misses>2990001</misses>
				<total>82</total>
				<timestamp>597.405777</timestamp>
			</report>
			<report>
				<misses>2991001</misses>
				<total>82</total>
				<timestamp>597.605654</timestamp>
			</report>
			<report>
				<misses>2992001</misses>
				<total>81</total>
				<timestamp>597.805385</timestamp>
			</report>
			<report>
				<misses>2993001</misses>
				<total>82</total>
				<timestamp>598.005184</timestamp>
			</report>
			<report>
				<misses>2994001</misses>
				<total>82</total>
				<timestamp>598.204968</timestamp>
			</report>
			<report>
				<misses>2995001</misses>
				<total>81</total>
				<timestamp>598.404773</timestamp>
			</report>
			<report>
				<misses>2996001</misses>
				<total>82</total>
				<timestamp>598.604563</timestamp>
			</report>
			<report>
				<misses>2997001</misses>
				<total>82</total>
				<timestamp>598.804362</timestamp>
			</report>
			<report>
				<misses>2998001</misses>
				<total>82</total>
				<timestamp>599.004174</timestamp>
			</report>
			<report>
				<misses>2999001</misses>
				<total>82</total>
				<timestamp>599.203990</timestamp>
			</report>
			<report>
				<misses>3000001</misses>
				<total>82</total>
				<timestamp>599.403789</timestamp>
			</report>
			<report>
				<misses>3001001</misses>
				<total>82</total>
				<timestamp>599.603648</timestamp>
			</report>
			<report>
				<misses>3002001</misses>
				<total>82</total>
				<timestamp>599.803398</timestamp>
			</report>
			<report>
				<misses>3003001</misses>
				<total>82</total>
				<timestamp>600.003243</timestamp>
			</report>
			<report>
				<misses>3004001</misses>
				<total>82</total>
				<timestamp>600.202997</timestamp>
			</report>
			<report>
				<misses>3005001</misses>
				<total>82</total>
				<timestamp>600.402818</timestamp>
			</report>
			<report>
				<misses>3006001</misses>
				<total>82</total>
				<timestamp>600.602593</timestamp>
			</report>
			<report>
				<misses>3007001</misses>
				<total>82</total>
				<timestamp>600.802383</timestamp>
			</report>
			<report>
				<misses>3008001</misses>
				<total>82</total>
				<timestamp>601.002160</timestamp>
			</report>
			<report>
				<misses>3009001</misses>
				<total>82</total>
				<timestamp>601.201979</timestamp>
			</report>
			<report>
				<misses>3010001</misses>
				<total>81</total>
				<timestamp>601.401780</timestamp>
			</report>
			<report>
				<misses>3011001</misses>
				<total>82</total>
				<timestamp>601.601651</timestamp>
			</report>
			<report>
				<misses>3012001</misses>
				<total>82</total>
				<timestamp>601.801380</timestamp>
			</report>
			<report>
				<misses>3013001</misses>
				<total>82</total>
				<timestamp>602.001171</timestamp>
			</report>
			<report>
				<misses>3014001</misses>
				<total>82</total>
				<timestamp>602.200981</timestamp>
			</report>
			<report>
				<misses>3015001</misses>
				<total>82</total>
				<timestamp>602.400785</timestamp>
			</report>
			<report>
				<misses>3016001</misses>
				<total>82</total>
				<timestamp>602.600644</timestamp>
			</report>
			<report>
				<misses>3017001</misses>
				<total>82</total>
				<timestamp>602.800454</timestamp>
			</report>
			<report>
				<misses>3018001</misses>
				<total>82</total>
				<timestamp>603.000183</timestamp>
			</report>
			<report>
				<misses>3019001</misses>
				<total>82</total>
				<timestamp>603.199983</timestamp>
			</report>
			<report>
				<misses>3020001</misses>
				<total>82</total>
				<timestamp>603.399794</timestamp>
			</report>
			<report>
				<misses>3021001</misses>
				<total>82</total>
				<timestamp>603.599594</timestamp>
			</report>
			<report>
				<misses>3022001</misses>
				<total>82</total>
				<timestamp>603.799390</timestamp>
			</report>
			<report>
				<misses>3023001</misses>
				<total>82</total>
				<timestamp>603.999212</timestamp>
			</report>
			<report>
				<misses>3024001</misses>
				<total>82</total>
				<timestamp>604.199038</timestamp>
			</report>
			<report>
				<misses>3025001</misses>
				<total>82</total>
				<timestamp>604.398793</timestamp>
			</report>
			<report>
				<misses>3026001</misses>
				<total>82</total>
				<timestamp>604.598658</timestamp>
			</report>
			<report>
				<misses>3027001</misses>
				<total>82</total>
				<timestamp>604.798469</timestamp>
			</report>
			<report>
				<misses>3028001</misses>
				<total>82</total>
				<timestamp>604.998179</timestamp>
			</report>
			<report>
				<misses>3029001</misses>
				<total>82</total>
				<timestamp>605.197963</timestamp>
			</report>
			<report>
				<misses>3030001</misses>
				<total>82</total>
				<timestamp>605.397777</timestamp>
			</report>
			<report>
				<misses>3031001</misses>
				<total>82</total>
				<timestamp>605.597591</timestamp>
			</report>
			<report>
				<misses>3032001</misses>
				<total>82</total>
				<timestamp>605.797459</timestamp>
			</report>
			<report>
				<misses>3033001</misses>
				<total>82</total>
				<timestamp>605.997233</timestamp>
			</report>
			<report>
				<misses>3034001</misses>
				<total>82</total>
				<timestamp>606.197054</timestamp>
			</report>
			<report>
				<misses>3035001</misses>
				<total>82</total>
				<timestamp>606.396805</timestamp>
			</report>
			<report>
				<misses>3036001</misses>
				<total>82</total>
				<timestamp>606.596637</timestamp>
			</report>
			<report>
				<misses>3037001</misses>
				<total>82</total>
				<timestamp>606.796403</timestamp>
			</report>
			<report>
				<misses>3038001</misses>
				<total>82</total>
				<timestamp>606.996210</timestamp>
			</report>
			<report>
				<misses>3039001</misses>
				<total>82</total>
				<timestamp>607.195974</timestamp>
			</report>
			<report>
				<misses>3040001</misses>
				<total>82</total>
				<timestamp>607.395861</timestamp>
			</report>
			<report>
				<misses>3041001</misses>
				<total>82</total>
				<timestamp>607.595617</timestamp>
			</report>
			<report>
				<misses>3042001</misses>
				<total>82</total>
				<timestamp>607.795518</timestamp>
			</report>
			<report>
				<misses>3043001</misses>
				<total>82</total>
				<timestamp>607.995178</timestamp>
			</report>
			<report>
				<misses>3044001</misses>
				<total>82</total>
				<timestamp>608.195001</timestamp>
			</report>
			<report>
				<misses>3045001</misses>
				<total>82</total>
				<timestamp>608.394776</timestamp>
			</report>
			<report>
				<misses>3046001</misses>
				<total>82</total>
				<timestamp>608.594575</timestamp>
			</report>
			<report>
				<misses>3047001</misses>
				<total>82</total>
				<timestamp>608.794394</timestamp>
			</report>
			<report>
				<misses>3048001</misses>
				<total>81</total>
				<timestamp>608.994206</timestamp>
			</report>
			<report>
				<misses>3049001</misses>
				<total>82</total>
				<timestamp>609.194008</timestamp>
			</report>
			<report>
				<misses>3050001</misses>
				<total>82</total>
				<timestamp>609.393848</timestamp>
			</report>
			<report>
				<misses>3051001</misses>
				<total>82</total>
				<timestamp>609.593642</timestamp>
			</report>
			<report>
				<misses>3052001</misses>
				<total>82</total>
				<timestamp>609.793440</timestamp>
			</report>
			<report>
				<misses>3053001</misses>
				<total>82</total>
				<timestamp>609.993204</timestamp>
			</report>
			<report>
				<misses>3054001</misses>
				<total>82</total>
				<timestamp>610.192964</timestamp>
			</report>
			<report>
				<misses>3055001</misses>
				<total>82</total>
				<timestamp>610.392766</timestamp>
			</report>
			<report>
				<misses>3056001</misses>
				<total>82</total>
				<timestamp>610.592635</timestamp>
			</report>
			<report>
				<misses>3057001</misses>
				<total>81</total>
				<timestamp>610.792467</timestamp>
			</report>
			<report>
				<misses>3058001</misses>
				<total>82</total>
				<timestamp>610.992225</timestamp>
			</report>
			<report>
				<misses>3059001</misses>
				<total>82</total>
				<timestamp>611.191998</timestamp>
			</report>
			<report>
				<misses>3060001</misses>
				<total>82</total>
				<timestamp>611.391772</timestamp>
			</report>
			<report>
				<misses>3061001</misses>
				<total>82</total>
				<timestamp>611.591646</timestamp>
			</report>
			<report>
				<misses>3062001</misses>
				<total>82</total>
				<timestamp>611.791438</timestamp>
			</report>
			<report>
				<misses>3063001</misses>
				<total>82</total>
				<timestamp>611.991303</timestamp>
			</report>
			<report>
				<misses>3064001</misses>
				<total>82</total>
				<timestamp>612.190985</timestamp>
			</report>
			<report>
				<misses>3065001</misses>
				<total>82</total>
				<timestamp>612.390777</timestamp>
			</report>
			<report>
				<misses>3066001</misses>
				<total>82</total>
				<timestamp>612.590583</timestamp>
			</report>
			<report>
				<misses>3067001</misses>
				<total>82</total>
				<timestamp>612.790434</timestamp>
			</report>
			<report>
				<misses>3068001</misses>
				<total>81</total>
				<timestamp>612.990213</timestamp>
			</report>
			<report>
				<misses>3069001</misses>
				<total>82</total>
				<timestamp>613.189986</timestamp>
			</report>
			<report>
				<misses>3070001</misses>
				<total>83</total>
				<timestamp>613.389808</timestamp>
			</report>
			<report>
				<misses>3071001</misses>
				<total>83</total>
				<timestamp>613.589573</timestamp>
			</report>
			<report>
				<misses>3072001</misses>
				<total>83</total>
				<timestamp>613.789400</timestamp>
			</report>
			<report>
				<misses>3073001</misses>
				<total>83</total>
				<timestamp>613.989168</timestamp>
			</report>
			<report>
				<misses>3074001</misses>
				<total>83</total>
				<timestamp>614.189048</timestamp>
			</report>
			<report>
				<misses>3075001</misses>
				<total>83</total>
				<timestamp>614.388781</timestamp>
			</report>
			<report>
				<misses>3076001</misses>
				<total>83</total>
				<timestamp>614.588571</timestamp>
			</report>
			<report>
				<misses>3077001</misses>
				<total>82</total>
				<timestamp>614.788387</timestamp>
			</report>
			<report>
				<misses>3078001</misses>
				<total>83</total>
				<timestamp>614.988179</timestamp>
			</report>
			<report>
				<misses>3079001</misses>
				<total>83</total>
				<timestamp>615.188037</timestamp>
			</report>
			<report>
				<misses>3080001</misses>
				<total>83</total>
				<timestamp>615.387775</timestamp>
			</report>
			<report>
				<misses>3081001</misses>
				<total>83</total>
				<timestamp>615.587574</timestamp>
			</report>
			<report>
				<misses>3082001</misses>
				<total>83</total>
				<timestamp>615.787451</timestamp>
			</report>
			<report>
				<misses>3083001</misses>
				<total>82</total>
				<timestamp>615.987193</timestamp>
			</report>
			<report>
				<misses>3084001</misses>
				<total>83</total>
				<timestamp>616.186985</timestamp>
			</report>
			<report>
				<misses>3085001</misses>
				<total>83</total>
				<timestamp>616.386827</timestamp>
			</report>
			<report>
				<misses>3086001</misses>
				<total>83</total>
				<timestamp>616.586595</timestamp>
			</report>
			<report>
				<misses>3087001</misses>
				<total>83</total>
				<timestamp>616.786406</timestamp>
			</report>
			<report>
				<misses>3088001</misses>
				<total>83</total>
				<timestamp>616.986230</timestamp>
			</report>
			<report>
				<misses>3089001</misses>
				<total>83</total>
				<timestamp>617.186040</timestamp>
			</report>
			<report>
				<misses>3090001</misses>
				<total>83</total>
				<timestamp>617.385781</timestamp>
			</report>
			<report>
				<misses>3091001</misses>
				<total>83</total>
				<timestamp>617.585606</timestamp>
			</report>
			<report>
				<misses>3092001</misses>
				<total>83</total>
				<timestamp>617.785487</timestamp>
			</report>
			<report>
				<misses>3093001</misses>
				<total>83</total>
				<timestamp>617.985261</timestamp>
			</report>
			<report>
				<misses>3094001</misses>
				<total>83</total>
				<timestamp>618.185048</timestamp>
			</report>
			<report>
				<misses>3095001</misses>
				<total>83</total>
				<timestamp>618.384833</timestamp>
			</report>
			<report>
				<misses>3096001</misses>
				<total>83</total>
				<timestamp>618.584606</timestamp>
			</report>
			<report>
				<misses>3097001</misses>
				<total>83</total>
				<timestamp>618.784408</timestamp>
			</report>
			<report>
				<misses>3098001</misses>
				<total>83</total>
				<timestamp>618.984212</timestamp>
			</report>
			<report>
				<misses>3099001</misses>
				<total>83</total>
				<timestamp>619.184009</timestamp>
			</report>
			<report>
				<misses>3100001</misses>
				<total>83</total>
				<timestamp>619.383759</timestamp>
			</report>
			<report>
				<misses>3101001</misses>
				<total>82</total>
				<timestamp>619.583672</timestamp>
			</report>
			<report>
				<misses>3102001</misses>
				<total>83</total>
				<timestamp>619.783417</timestamp>
			</report>
			<report>
				<misses>3103001</misses>
				<total>82</total>
				<timestamp>619.983235</timestamp>
			</report>
			<report>
				<misses>3104001</misses>
				<total>82</total>
				<timestamp>620.183050</timestamp>
			</report>
			<report>
				<misses>3105001</misses>
				<total>83</total>
				<timestamp>620.382769</timestamp>
			</report>
			<report>
				<misses>3106001</misses>
				<total>82</total>
				<timestamp>620.582596</timestamp>
			</report>
			<report>
				<misses>3107001</misses>
				<total>83</total>
				<timestamp>620.782375</timestamp>
			</report>
			<report>
				<misses>3108001</misses>
				<total>83</total>
				<timestamp>620.982184</timestamp>
			</report>
			<report>
				<misses>3109001</misses>
				<total>83</total>
				<timestamp>621.182022</timestamp>
			</report>
			<report>
				<misses>3110001</misses>
				<total>83</total>
				<timestamp>621.381762</timestamp>
			</report>
			<report>
				<misses>3111001</misses>
				<total>83</total>
				<timestamp>621.581586</timestamp>
			</report>
			<report>
				<misses>3112001</misses>
				<total>83</total>
				<timestamp>621.781376</timestamp>
			</report>
			<report>
				<misses>3113001</misses>
				<total>82</total>
				<timestamp>621.981247</timestamp>
			</report>
			<report>
				<misses>3114001</misses>
				<total>83</total>
				<timestamp>622.180974</timestamp>
			</report>
			<report>
				<misses>3115001</misses>
				<total>83</total>
				<timestamp>622.380769</timestamp>
			</report>
			<report>
				<misses>3116001</misses>
				<total>83</total>
				<timestamp>622.580655</timestamp>
			</report>
			<report>
				<misses>3117001</misses>
				<total>83</total>
				<timestamp>622.780384</timestamp>
			</report>
			<report>
				<misses>3118001</misses>
				<total>83</total>
				<timestamp>622.980250</timestamp>
			</report>
			<report>
				<misses>3119001</misses>
				<total>83</total>
				<timestamp>623.180024</timestamp>
			</report>
			<report>
				<misses>3120001</misses>
				<total>83</total>
				<timestamp>623.379771</timestamp>
			</report>
			<report>
				<misses>3121001</misses>
				<total>83</total>
				<timestamp>623.579580</timestamp>
			</report>
			<report>
				<misses>3122001</misses>
				<total>83</total>
				<timestamp>623.779391</timestamp>
			</report>
			<report>
				<misses>3123001</misses>
				<total>82</total>
				<timestamp>623.979226</timestamp>
			</report>
			<report>
				<misses>3124001</misses>
				<total>83</total>
				<timestamp>624.179008</timestamp>
			</report>
			<report>
				<misses>3125001</misses>
				<total>83</total>
				<timestamp>624.378808</timestamp>
			</report>
			<report>
				<misses>3126001</misses>
				<total>83</total>
				<timestamp>624.578594</timestamp>
			</report>
			<report>
				<misses>3127001</misses>
				<total>82</total>
				<timestamp>624.778386</timestamp>
			</report>
			<report>
				<misses>3128001</misses>
				<total>83</total>
				<timestamp>624.978214</timestamp>
			</report>
			<report>
				<misses>3129001</misses>
				<total>83</total>
				<timestamp>625.177970</timestamp>
			</report>
			<report>
				<misses>3130001</misses>
				<total>83</total>
				<timestamp>625.377781</timestamp>
			</report>
			<report>
				<misses>3131001</misses>
				<total>83</total>
				<timestamp>625.577555</timestamp>
			</report>
			<report>
				<misses>3132001</misses>
				<total>83</total>
				<timestamp>625.777501</timestamp>
			</report>
			<report>
				<misses>3133001</misses>
				<total>83</total>
				<timestamp>625.977201</timestamp>
			</report>
			<report>
				<misses>3134001</misses>
				<total>83</total>
				<timestamp>626.177001</timestamp>
			</report>
			<report>
				<misses>3135001</misses>
				<total>83</total>
				<timestamp>626.376847</timestamp>
			</report>
			<report>
				<misses>3136001</misses>
				<total>83</total>
				<timestamp>626.576566</timestamp>
			</report>
			<report>
				<misses>3137001</misses>
				<total>83</total>
				<timestamp>626.776424</timestamp>
			</report>
			<report>
				<misses>3138001</misses>
				<total>83</total>
				<timestamp>626.976180</timestamp>
			</report>
			<report>
				<misses>3139001</misses>
				<total>83</total>
				<timestamp>627.176015</timestamp>
			</report>
			<report>
				<misses>3140001</misses>
				<total>83</total>
				<timestamp>627.375832</timestamp>
			</report>
			<report>
				<misses>3141001</misses>
				<total>83</total>
				<timestamp>627.575597</timestamp>
			</report>
			<report>
				<misses>3142001</misses>
				<total>83</total>
				<timestamp>627.775440</timestamp>
			</report>
			<report>
				<misses>3143001</misses>
				<total>83</total>
				<timestamp>627.975178</timestamp>
			</report>
			<report>
				<misses>3144001</misses>
				<total>83</total>
				<timestamp>628.174992</timestamp>
			</report>
			<report>
				<misses>3145001</misses>
				<total>83</total>
				<timestamp>628.374826</timestamp>
			</report>
			<report>
				<misses>3146001</misses>
				<total>83</total>
				<timestamp>628.574570</timestamp>
			</report>
			<report>
				<misses>3147001</misses>
				<total>83</total>
				<timestamp>628.774379</timestamp>
			</report>
			<report>
				<misses>3148001</misses>
				<total>83</total>
				<timestamp>628.974204</timestamp>
			</report>
			<report>
				<misses>3149001</misses>
				<total>83</total>
				<timestamp>629.174067</timestamp>
			</report>
			<report>
				<misses>3150001</misses>
				<total>83</total>
				<timestamp>629.373776</timestamp>
			</report>
			<report>
				<misses>3151001</misses>
				<total>83</total>
				<timestamp>629.573573</timestamp>
			</report>
			<report>
				<misses>3152001</misses>
				<total>82</total>
				<timestamp>629.773421</timestamp>
			</report>
			<report>
				<misses>3153001</misses>
				<total>83</total>
				<timestamp>629.973176</timestamp>
			</report>
			<report>
				<misses>3154001</misses>
				<total>83</total>
				<timestamp>630.172975</timestamp>
			</report>
			<report>
				<misses>3155001</misses>
				<total>83</total>
				<timestamp>630.372833</timestamp>
			</report>
			<report>
				<misses>3156001</misses>
				<total>83</total>
				<timestamp>630.572573</timestamp>
			</report>
			<report>
				<misses>3157001</misses>
				<total>83</total>
				<timestamp>630.772444</timestamp>
			</report>
			<report>
				<misses>3158001</misses>
				<total>83</total>
				<timestamp>630.972299</timestamp>
			</report>
			<report>
				<misses>3159001</misses>
				<total>83</total>
				<timestamp>631.172077</timestamp>
			</report>
			<report>
				<misses>3160001</misses>
				<total>83</total>
				<timestamp>631.371783</timestamp>
			</report>
			<report>
				<misses>3161001</misses>
				<total>83</total>
				<timestamp>631.571612</timestamp>
			</report>
			<report>
				<misses>3162001</misses>
				<total>83</total>
				<timestamp>631.771406</timestamp>
			</report>
			<report>
				<misses>3163001</misses>
				<total>83</total>
				<timestamp>631.971217</timestamp>
			</report>
			<report>
				<misses>3164001</misses>
				<total>83</total>
				<timestamp>632.170966</timestamp>
			</report>
			<report>
				<misses>3165001</misses>
				<total>83</total>
				<timestamp>632.370770</timestamp>
			</report>
			<report>
				<misses>3166001</misses>
				<total>83</total>
				<timestamp>632.570577</timestamp>
			</report>
			<report>
				<misses>3167001</misses>
				<total>82</total>
				<timestamp>632.770423</timestamp>
			</report>
			<report>
				<misses>3168001</misses>
				<total>83</total>
				<timestamp>632.970188</timestamp>
			</report>
			<report>
				<misses>3169001</misses>
				<total>83</total>
				<timestamp>633.169979</timestamp>
			</report>
			<report>
				<misses>3170001</misses>
				<total>83</total>
				<timestamp>633.369826</timestamp>
			</report>
			<report>
				<misses>3171001</misses>
				<total>83</total>
				<timestamp>633.569594</timestamp>
			</report>
			<report>
				<misses>3172001</misses>
				<total>83</total>
				<timestamp>633.769407</timestamp>
			</report>
			<report>
				<misses>3173001</misses>
				<total>83</total>
				<timestamp>633.969244</timestamp>
			</report>
			<report>
				<misses>3174001</misses>
				<total>83</total>
				<timestamp>634.169007</timestamp>
			</report>
			<report>
				<misses>3175001</misses>
				<total>83</total>
				<timestamp>634.368826</timestamp>
			</report>
			<report>
				<misses>3176001</misses>
				<total>83</total>
				<timestamp>634.568612</timestamp>
			</report>
			<report>
				<misses>3177001</misses>
				<total>83</total>
				<timestamp>634.768428</timestamp>
			</report>
			<report>
				<misses>3178001</misses>
				<total>83</total>
				<timestamp>634.968261</timestamp>
			</report>
			<report>
				<misses>3179001</misses>
				<total>83</total>
				<timestamp>635.167982</timestamp>
			</report>
			<report>
				<misses>3180001</misses>
				<total>83</total>
				<timestamp>635.367767</timestamp>
			</report>
			<report>
				<misses>3181001</misses>
				<total>83</total>
				<timestamp>635.567568</timestamp>
			</report>
			<report>
				<misses>3182001</misses>
				<total>83</total>
				<timestamp>635.767446</timestamp>
			</report>
			<report>
				<misses>3183001</misses>
				<total>83</total>
				<timestamp>635.967246</timestamp>
			</report>
			<report>
				<misses>3184001</misses>
				<total>82</total>
				<timestamp>636.166967</timestamp>
			</report>
			<report>
				<misses>3185001</misses>
				<total>83</total>
				<timestamp>636.366877</timestamp>
			</report>
			<report>
				<misses>3186001</misses>
				<total>83</total>
				<timestamp>636.566572</timestamp>
			</report>
			<report>
				<misses>3187001</misses>
				<total>83</total>
				<timestamp>636.766436</timestamp>
			</report>
			<report>
				<misses>3188001</misses>
				<total>83</total>
				<timestamp>636.966190</timestamp>
			</report>
			<report>
				<misses>3189001</misses>
				<total>83</total>
				<timestamp>637.165968</timestamp>
			</report>
			<report>
				<misses>3190001</misses>
				<total>83</total>
				<timestamp>637.365908</timestamp>
			</report>
			<report>
				<misses>3191001</misses>
				<total>83</total>
				<timestamp>637.565592</timestamp>
			</report>
			<report>
				<misses>3192001</misses>
				<total>83</total>
				<timestamp>637.765487</timestamp>
			</report>
			<report>
				<misses>3193001</misses>
				<total>82</total>
				<timestamp>637.965223</timestamp>
			</report>
			<report>
				<misses>3194001</misses>
				<total>83</total>
				<timestamp>638.164978</timestamp>
			</report>
			<report>
				<misses>3195001</misses>
				<total>83</total>
				<timestamp>638.364790</timestamp>
			</report>
			<report>
				<misses>3196001</misses>
				<total>83</total>
				<timestamp>638.564571</timestamp>
			</report>
			<report>
				<misses>3197001</misses>
				<total>83</total>
				<timestamp>638.764389</timestamp>
			</report>
			<report>
				<misses>3198001</misses>
				<total>83</total>
				<timestamp>638.964229</timestamp>
			</report>
			<report>
				<misses>3199001</misses>
				<total>83</total>
				<timestamp>639.163982</timestamp>
			</report>
			<report>
				<misses>3200001</misses>
				<total>83</total>
				<timestamp>639.363761</timestamp>
			</report>
			<report>
				<misses>3201001</misses>
				<total>83</total>
				<timestamp>639.563595</timestamp>
			</report>
			<report>
				<misses>3202001</misses>
				<total>82</total>
				<timestamp>639.763412</timestamp>
			</report>
			<report>
				<misses>3203001</misses>
				<total>83</total>
				<timestamp>639.963178</timestamp>
			</report>
			<report>
				<misses>3204001</misses>
				<total>83</total>
				<timestamp>640.162957</timestamp>
			</report>
			<report>
				<misses>3205001</misses>
				<total>83</total>
				<timestamp>640.362779</timestamp>
			</report>
			<report>
				<misses>3206001</misses>
				<total>83</total>
				<timestamp>640.562573</timestamp>
			</report>
			<report>
				<misses>3207001</misses>
				<total>83</total>
				<timestamp>640.762382</timestamp>
			</report>
			<report>
				<misses>3208001</misses>
				<total>83</total>
				<timestamp>640.962223</timestamp>
			</report>
			<report>
				<misses>3209001</misses>
				<total>83</total>
				<timestamp>641.161970</timestamp>
			</report>
			<report>
				<misses>3210001</misses>
				<total>83</total>
				<timestamp>641.361846</timestamp>
			</report>
			<report>
				<misses>3211001</misses>
				<total>83</total>
				<timestamp>641.561574</timestamp>
			</report>
			<report>
				<misses>3212001</misses>
				<total>83</total>
				<timestamp>641.761377</timestamp>
			</report>
			<report>
				<misses>3213001</misses>
				<total>83</total>
				<timestamp>641.961161</timestamp>
			</report>
			<report>
				<misses>3214001</misses>
				<total>83</total>
				<timestamp>642.160975</timestamp>
			</report>
			<report>
				<misses>3215001</misses>
				<total>83</total>
				<timestamp>642.360769</timestamp>
			</report>
			<report>
				<misses>3216001</misses>
				<total>83</total>
				<timestamp>642.560636</timestamp>
			</report>
			<report>
				<misses>3217001</misses>
				<total>83</total>
				<timestamp>642.760445</timestamp>
			</report>
			<report>
				<misses>3218001</misses>
				<total>83</total>
				<timestamp>642.960257</timestamp>
			</report>
			<report>
				<misses>3219001</misses>
				<total>83</total>
				<timestamp>643.159972</timestamp>
			</report>
			<report>
				<misses>3220001</misses>
				<total>83</total>
				<timestamp>643.359838</timestamp>
			</report>
			<report>
				<misses>3221001</misses>
				<total>83</total>
				<timestamp>643.559576</timestamp>
			</report>
			<report>
				<misses>3222001</misses>
				<total>83</total>
				<timestamp>643.759390</timestamp>
			</report>
			<report>
				<misses>3223001</misses>
				<total>83</total>
				<timestamp>643.959181</timestamp>
			</report>
			<report>
				<misses>3224001</misses>
				<total>83</total>
				<timestamp>644.159027</timestamp>
			</report>
			<report>
				<misses>3225001</misses>
				<total>83</total>
				<timestamp>644.358782</timestamp>
			</report>
			<report>
				<misses>3226001</misses>
				<total>83</total>
				<timestamp>644.558562</timestamp>
			</report>
			<report>
				<misses>3227001</misses>
				<total>82</total>
				<timestamp>644.758464</timestamp>
			</report>
			<report>
				<misses>3228001</misses>
				<total>83</total>
				<timestamp>644.958312</timestamp>
			</report>
			<report>
				<misses>3229001</misses>
				<total>83</total>
				<timestamp>645.158025</timestamp>
			</report>
			<report>
				<misses>3230001</misses>
				<total>82</total>
				<timestamp>645.357805</timestamp>
			</report>
			<report>
				<misses>3231001</misses>
				<total>82</total>
				<timestamp>645.557639</timestamp>
			</report>
			<report>
				<misses>3232001</misses>
				<total>83</total>
				<timestamp>645.757388</timestamp>
			</report>
			<report>
				<misses>3233001</misses>
				<total>83</total>
				<timestamp>645.957288</timestamp>
			</report>
			<report>
				<misses>3234001</misses>
				<total>82</total>
				<timestamp>646.157028</timestamp>
			</report>
			<report>
				<misses>3235001</misses>
				<total>83</total>
				<timestamp>646.356781</timestamp>
			</report>
			<report>
				<misses>3236001</misses>
				<total>83</total>
				<timestamp>646.556705</timestamp>
			</report>
			<report>
				<misses>3237001</misses>
				<total>83</total>
				<timestamp>646.756378</timestamp>
			</report>
			<report>
				<misses>3238001</misses>
				<total>82</total>
				<timestamp>646.956233</timestamp>
			</report>
			<report>
				<misses>3239001</misses>
				<total>83</total>
				<timestamp>647.156018</timestamp>
			</report>
			<report>
				<misses>3240001</misses>
				<total>83</total>
				<timestamp>647.355897</timestamp>
			</report>
			<report>
				<misses>3241001</misses>
				<total>83</total>
				<timestamp>647.555570</timestamp>
			</report>
			<report>
				<misses>3242001</misses>
				<total>83</total>
				<timestamp>647.755438</timestamp>
			</report>
			<report>
				<misses>3243001</misses>
				<total>83</total>
				<timestamp>647.955238</timestamp>
			</report>
			<report>
				<misses>3244001</misses>
				<total>83</total>
				<timestamp>648.154988</timestamp>
			</report>
			<report>
				<misses>3245001</misses>
				<total>83</total>
				<timestamp>648.354770</timestamp>
			</report>
			<report>
				<misses>3246001</misses>
				<total>83</total>
				<timestamp>648.554576</timestamp>
			</report>
			<report>
				<misses>3247001</misses>
				<total>83</total>
				<timestamp>648.754369</timestamp>
			</report>
			<report>
				<misses>3248001</misses>
				<total>83</total>
				<timestamp>648.954228</timestamp>
			</report>
			<report>
				<misses>3249001</misses>
				<total>83</total>
				<timestamp>649.154026</timestamp>
			</report>
			<report>
				<misses>3250001</misses>
				<total>83</total>
				<timestamp>649.353791</timestamp>
			</report>
			<report>
				<misses>3251001</misses>
				<total>83</total>
				<timestamp>649.553594</timestamp>
			</report>
			<report>
				<misses>3252001</misses>
				<total>83</total>
				<timestamp>649.753376</timestamp>
			</report>
			<report>
				<misses>3253001</misses>
				<total>83</total>
				<timestamp>649.953198</timestamp>
			</report>
			<report>
				<misses>3254001</misses>
				<total>83</total>
				<timestamp>650.153039</timestamp>
			</report>
			<report>
				<misses>3255001</misses>
				<total>83</total>
				<timestamp>650.352821</timestamp>
			</report>
			<report>
				<misses>3256001</misses>
				<total>83</total>
				<timestamp>650.552572</timestamp>
			</report>
			<report>
				<misses>3257001</misses>
				<total>83</total>
				<timestamp>650.752421</timestamp>
			</report>
			<report>
				<misses>3258001</misses>
				<total>83</total>
				<timestamp>650.952212</timestamp>
			</report>
			<report>
				<misses>3259001</misses>
				<total>83</total>
				<timestamp>651.151957</timestamp>
			</report>
			<report>
				<misses>3260001</misses>
				<total>83</total>
				<timestamp>651.351910</timestamp>
			</report>
			<report>
				<misses>3261001</misses>
				<total>83</total>
				<timestamp>651.551625</timestamp>
			</report>
			<report>
				<misses>3262001</misses>
				<total>83</total>
				<timestamp>651.751507</timestamp>
			</report>
			<report>
				<misses>3263001</misses>
				<total>82</total>
				<timestamp>651.951263</timestamp>
			</report>
			<report>
				<misses>3264001</misses>
				<total>83</total>
				<timestamp>652.150968</timestamp>
			</report>
			<report>
				<misses>3265001</misses>
				<total>85</total>
				<timestamp>652.350794</timestamp>
			</report>
			<report>
				<misses>3266001</misses>
				<total>85</total>
				<timestamp>652.550568</timestamp>
			</report>
			<report>
				<misses>3267001</misses>
				<total>85</total>
				<timestamp>652.750426</timestamp>
			</report>
			<report>
				<misses>3268001</misses>
				<total>85</total>
				<timestamp>652.950219</timestamp>
			</report>
			<report>
				<misses>3269001</misses>
				<total>85</total>
				<timestamp>653.149999</timestamp>
			</report>
			<report>
				<misses>3270001</misses>
				<total>85</total>
				<timestamp>653.349803</timestamp>
			</report>
			<report>
				<misses>3271001</misses>
				<total>85</total>
				<timestamp>653.549588</timestamp>
			</report>
			<report>
				<misses>3272001</misses>
				<total>85</total>
				<timestamp>653.749398</timestamp>
			</report>
			<report>
				<misses>3273001</misses>
				<total>85</total>
				<timestamp>653.949193</timestamp>
			</report>
			<report>
				<misses>3274001</misses>
				<total>85</total>
				<timestamp>654.149007</timestamp>
			</report>
			<report>
				<misses>3275001</misses>
				<total>85</total>
				<timestamp>654.348837</timestamp>
			</report>
			<report>
				<misses>3276001</misses>
				<total>85</total>
				<timestamp>654.548659</timestamp>
			</report>
			<report>
				<misses>3277001</misses>
				<total>85</total>
				<timestamp>654.748430</timestamp>
			</report>
			<report>
				<misses>3278001</misses>
				<total>85</total>
				<timestamp>654.948228</timestamp>
			</report>
			<report>
				<misses>3279001</misses>
				<total>85</total>
				<timestamp>655.148036</timestamp>
			</report>
			<report>
				<misses>3280001</misses>
				<total>85</total>
				<timestamp>655.347849</timestamp>
			</report>
			<report>
				<misses>3281001</misses>
				<total>85</total>
				<timestamp>655.547568</timestamp>
			</report>
			<report>
				<misses>3282001</misses>
				<total>85</total>
				<timestamp>655.747436</timestamp>
			</report>
			<report>
				<misses>3283001</misses>
				<total>85</total>
				<timestamp>655.947258</timestamp>
			</report>
			<report>
				<misses>3284001</misses>
				<total>85</total>
				<timestamp>656.147092</timestamp>
			</report>
			<report>
				<misses>3285001</misses>
				<total>85</total>
				<timestamp>656.346835</timestamp>
			</report>
			<report>
				<misses>3286001</misses>
				<total>85</total>
				<timestamp>656.546637</timestamp>
			</report>
			<report>
				<misses>3287001</misses>
				<total>85</total>
				<timestamp>656.746463</timestamp>
			</report>
			<report>
				<misses>3288001</misses>
				<total>85</total>
				<timestamp>656.946329</timestamp>
			</report>
			<report>
				<misses>3289001</misses>
				<total>85</total>
				<timestamp>657.145964</timestamp>
			</report>
			<report>
				<misses>3290001</misses>
				<total>85</total>
				<timestamp>657.345834</timestamp>
			</report>
			<report>
				<misses>3291001</misses>
				<total>85</total>
				<timestamp>657.545575</timestamp>
			</report>
			<report>
				<misses>3292001</misses>
				<total>85</total>
				<timestamp>657.745408</timestamp>
			</report>
			<report>
				<misses>3293001</misses>
				<total>85</total>
				<timestamp>657.945218</timestamp>
			</report>
			<report>
				<misses>3294001</misses>
				<total>85</total>
				<timestamp>658.144996</timestamp>
			</report>
			<report>
				<misses>3295001</misses>
				<total>85</total>
				<timestamp>658.344839</timestamp>
			</report>
			<report>
				<misses>3296001</misses>
				<total>85</total>
				<timestamp>658.544605</timestamp>
			</report>
			<report>
				<misses>3297001</misses>
				<total>85</total>
				<timestamp>658.744403</timestamp>
			</report>
			<report>
				<misses>3298001</misses>
				<total>85</total>
				<timestamp>658.944174</timestamp>
			</report>
			<report>
				<misses>3299001</misses>
				<total>85</total>
				<timestamp>659.143988</timestamp>
			</report>
			<report>
				<misses>3300001</misses>
				<total>85</total>
				<timestamp>659.343793</timestamp>
			</report>
			<report>
				<misses>3301001</misses>
				<total>85</total>
				<timestamp>659.543607</timestamp>
			</report>
			<report>
				<misses>3302001</misses>
				<total>85</total>
				<timestamp>659.743394</timestamp>
			</report>
			<report>
				<misses>3303001</misses>
				<total>85</total>
				<timestamp>659.943170</timestamp>
			</report>
			<report>
				<misses>3304001</misses>
				<total>85</total>
				<timestamp>660.142987</timestamp>
			</report>
			<report>
				<misses>3305001</misses>
				<total>85</total>
				<timestamp>660.342809</timestamp>
			</report>
			<report>
				<misses>3306001</misses>
				<total>85</total>
				<timestamp>660.542632</timestamp>
			</report>
			<report>
				<misses>3307001</misses>
				<total>85</total>
				<timestamp>660.742444</timestamp>
			</report>
			<report>
				<misses>3308001</misses>
				<total>85</total>
				<timestamp>660.942212</timestamp>
			</report>
			<report>
				<misses>3309001</misses>
				<total>84</total>
				<timestamp>661.142051</timestamp>
			</report>
			<report>
				<misses>3310001</misses>
				<total>85</total>
				<timestamp>661.341800</timestamp>
			</report>
			<report>
				<misses>3311001</misses>
				<total>85</total>
				<timestamp>661.541595</timestamp>
			</report>
			<report>
				<misses>3312001</misses>
				<total>84</total>
				<timestamp>661.741376</timestamp>
			</report>
			<report>
				<misses>3313001</misses>
				<total>85</total>
				<timestamp>661.941273</timestamp>
			</report>
			<report>
				<misses>3314001</misses>
				<total>85</total>
				<timestamp>662.140985</timestamp>
			</report>
			<report>
				<misses>3315001</misses>
				<total>85</total>
				<timestamp>662.340793</timestamp>
			</report>
			<report>
				<misses>3316001</misses>
				<total>85</total>
				<timestamp>662.540609</timestamp>
			</report>
			<report>
				<misses>3317001</misses>
				<total>85</total>
				<timestamp>662.740379</timestamp>
			</report>
			<report>
				<misses>3318001</misses>
				<total>85</total>
				<timestamp>662.940258</timestamp>
			</report>
			<report>
				<misses>3319001</misses>
				<total>85</total>
				<timestamp>663.140003</timestamp>
			</report>
			<report>
				<misses>3320001</misses>
				<total>85</total>
				<timestamp>663.339836</timestamp>
			</report>
			<report>
				<misses>3321001</misses>
				<total>85</total>
				<timestamp>663.539569</timestamp>
			</report>
			<report>
				<misses>3322001</misses>
				<total>85</total>
				<timestamp>663.739374</timestamp>
			</report>
			<report>
				<misses>3323001</misses>
				<total>85</total>
				<timestamp>663.939230</timestamp>
			</report>
			<report>
				<misses>3324001</misses>
				<total>85</total>
				<timestamp>664.138987</timestamp>
			</report>
			<report>
				<misses>3325001</misses>
				<total>84</total>
				<timestamp>664.338813</timestamp>
			</report>
			<report>
				<misses>3326001</misses>
				<total>85</total>
				<timestamp>664.538576</timestamp>
			</report>
			<report>
				<misses>3327001</misses>
				<total>85</total>
				<timestamp>664.738382</timestamp>
			</report>
			<report>
				<misses>3328001</misses>
				<total>85</total>
				<timestamp>664.938198</timestamp>
			</report>
			<report>
				<misses>3329001</misses>
				<total>85</total>
				<timestamp>665.138038</timestamp>
			</report>
			<report>
				<misses>3330001</misses>
				<total>85</total>
				<timestamp>665.337836</timestamp>
			</report>
			<report>
				<misses>3331001</misses>
				<total>85</total>
				<timestamp>665.537596</timestamp>
			</report>
			<report>
				<misses>3332001</misses>
				<total>85</total>
				<timestamp>665.737404</timestamp>
			</report>
			<report>
				<misses>3333001</misses>
				<total>85</total>
				<timestamp>665.937240</timestamp>
			</report>
			<report>
				<misses>3334001</misses>
				<total>85</total>
				<timestamp>666.137016</timestamp>
			</report>
			<report>
				<misses>3335001</misses>
				<total>85</total>
				<timestamp>666.336865</timestamp>
			</report>
			<report>
				<misses>3336001</misses>
				<total>85</total>
				<timestamp>666.536563</timestamp>
			</report>
			<report>
				<misses>3337001</misses>
				<total>85</total>
				<timestamp>666.736374</timestamp>
			</report>
			<report>
				<misses>3338001</misses>
				<total>85</total>
				<timestamp>666.936222</timestamp>
			</report>
			<report>
				<misses>3339001</misses>
				<total>85</total>
				<timestamp>667.136036</timestamp>
			</report>
			<report>
				<misses>3340001</misses>
				<total>85</total>
				<timestamp>667.335795</timestamp>
			</report>
			<report>
				<misses>3341001</misses>
				<total>85</total>
				<timestamp>667.535573</timestamp>
			</report>
			<report>
				<misses>3342001</misses>
				<total>85</total>
				<timestamp>667.735403</timestamp>
			</report>
			<report>
				<misses>3343001</misses>
				<total>85</total>
				<timestamp>667.935189</timestamp>
			</report>
			<report>
				<misses>3344001</misses>
				<total>85</total>
				<timestamp>668.134964</timestamp>
			</report>
			<report>
				<misses>3345001</misses>
				<total>85</total>
				<timestamp>668.334821</timestamp>
			</report>
			<report>
				<misses>3346001</misses>
				<total>85</total>
				<timestamp>668.534642</timestamp>
			</report>
			<report>
				<misses>3347001</misses>
				<total>85</total>
				<timestamp>668.734434</timestamp>
			</report>
			<report>
				<misses>3348001</misses>
				<total>84</total>
				<timestamp>668.934234</timestamp>
			</report>
			<report>
				<misses>3349001</misses>
				<total>85</total>
				<timestamp>669.133990</timestamp>
			</report>
			<report>
				<misses>3350001</misses>
				<total>85</total>
				<timestamp>669.333786</timestamp>
			</report>
			<report>
				<misses>3351001</misses>
				<total>85</total>
				<timestamp>669.533572</timestamp>
			</report>
			<report>
				<misses>3352001</misses>
				<total>85</total>
				<timestamp>669.733396</timestamp>
			</report>
			<report>
				<misses>3353001</misses>
				<total>85</total>
				<timestamp>669.933238</timestamp>
			</report>
			<report>
				<misses>3354001</misses>
				<total>85</total>
				<timestamp>670.133030</timestamp>
			</report>
			<report>
				<misses>3355001</misses>
				<total>85</total>
				<timestamp>670.332839</timestamp>
			</report>
			<report>
				<misses>3356001</misses>
				<total>85</total>
				<timestamp>670.532661</timestamp>
			</report>
			<report>
				<misses>3357001</misses>
				<total>84</total>
				<timestamp>670.732387</timestamp>
			</report>
			<report>
				<misses>3358001</misses>
				<total>85</total>
				<timestamp>670.932203</timestamp>
			</report>
			<report>
				<misses>3359001</misses>
				<total>85</total>
				<timestamp>671.131994</timestamp>
			</report>
			<report>
				<misses>3360001</misses>
				<total>85</total>
				<timestamp>671.331880</timestamp>
			</report>
			<report>
				<misses>3361001</misses>
				<total>85</total>
				<timestamp>671.531634</timestamp>
			</report>
			<report>
				<misses>3362001</misses>
				<total>85</total>
				<timestamp>671.731431</timestamp>
			</report>
			<report>
				<misses>3363001</misses>
				<total>85</total>
				<timestamp>671.931200</timestamp>
			</report>
			<report>
				<misses>3364001</misses>
				<total>85</total>
				<timestamp>672.131020</timestamp>
			</report>
			<report>
				<misses>3365001</misses>
				<total>85</total>
				<timestamp>672.330858</timestamp>
			</report>
			<report>
				<misses>3366001</misses>
				<total>85</total>
				<timestamp>672.530561</timestamp>
			</report>
			<report>
				<misses>3367001</misses>
				<total>85</total>
				<timestamp>672.730354</timestamp>
			</report>
			<report>
				<misses>3368001</misses>
				<total>85</total>
				<timestamp>672.930175</timestamp>
			</report>
			<report>
				<misses>3369001</misses>
				<total>85</total>
				<timestamp>673.129984</timestamp>
			</report>
			<report>
				<misses>3370001</misses>
				<total>85</total>
				<timestamp>673.329824</timestamp>
			</report>
			<report>
				<misses>3371001</misses>
				<total>85</total>
				<timestamp>673.529560</timestamp>
			</report>
			<report>
				<misses>3372001</misses>
				<total>85</total>
				<timestamp>673.729367</timestamp>
			</report>
			<report>
				<misses>3373001</misses>
				<total>84</total>
				<timestamp>673.929239</timestamp>
			</report>
			<report>
				<misses>3374001</misses>
				<total>84</total>
				<timestamp>674.129034</timestamp>
			</report>
			<report>
				<misses>3375001</misses>
				<total>85</total>
				<timestamp>674.328875</timestamp>
			</report>
			<report>
				<misses>3376001</misses>
				<total>85</total>
				<timestamp>674.528611</timestamp>
			</report>
			<report>
				<misses>3377001</misses>
				<total>85</total>
				<timestamp>674.728456</timestamp>
			</report>
			<report>
				<misses>3378001</misses>
				<total>85</total>
				<timestamp>674.928288</timestamp>
			</report>
			<report>
				<misses>3379001</misses>
				<total>85</total>
				<timestamp>675.128026</timestamp>
			</report>
			<report>
				<misses>3380001</misses>
				<total>85</total>
				<timestamp>675.327871</timestamp>
			</report>
			<report>
				<misses>3381001</misses>
				<total>85</total>
				<timestamp>675.527569</timestamp>
			</report>
			<report>
				<misses>3382001</misses>
				<total>85</total>
				<timestamp>675.727437</timestamp>
			</report>
			<report>
				<misses>3383001</misses>
				<total>85</total>
				<timestamp>675.927184</timestamp>
			</report>
			<report>
				<misses>3384001</misses>
				<total>85</total>
				<timestamp>676.127000</timestamp>
			</report>
			<report>
				<misses>3385001</misses>
				<total>85</total>
				<timestamp>676.326805</timestamp>
			</report>
			<report>
				<misses>3386001</misses>
				<total>85</total>
				<timestamp>676.526554</timestamp>
			</report>
			<report>
				<misses>3387001</misses>
				<total>85</total>
				<timestamp>676.726377</timestamp>
			</report>
			<report>
				<misses>3388001</misses>
				<total>85</total>
				<timestamp>676.926181</timestamp>
			</report>
			<report>
				<misses>3389001</misses>
				<total>85</total>
				<timestamp>677.126112</timestamp>
			</report>
			<report>
				<misses>3390001</misses>
				<total>85</total>
				<timestamp>677.325792</timestamp>
			</report>
			<report>
				<misses>3391001</misses>
				<total>85</total>
				<timestamp>677.525561</timestamp>
			</report>
			<report>
				<misses>3392001</misses>
				<total>84</total>
				<timestamp>677.725411</timestamp>
			</report>
			<report>
				<misses>3393001</misses>
				<total>85</total>
				<timestamp>677.925201</timestamp>
			</report>
			<report>
				<misses>3394001</misses>
				<total>85</total>
				<timestamp>678.125020</timestamp>
			</report>
			<report>
				<misses>3395001</misses>
				<total>85</total>
				<timestamp>678.324810</timestamp>
			</report>
			<report>
				<misses>3396001</misses>
				<total>85</total>
				<timestamp>678.524565</timestamp>
			</report>
			<report>
				<misses>3397001</misses>
				<total>85</total>
				<timestamp>678.724369</timestamp>
			</report>
			<report>
				<misses>3398001</misses>
				<total>85</total>
				<timestamp>678.924194</timestamp>
			</report>
			<report>
				<misses>3399001</misses>
				<total>85</total>
				<timestamp>679.124011</timestamp>
			</report>
			<report>
				<misses>3400001</misses>
				<total>85</total>
				<timestamp>679.323839</timestamp>
			</report>
			<report>
				<misses>3401001</misses>
				<total>85</total>
				<timestamp>679.523635</timestamp>
			</report>
			<report>
				<misses>3402001</misses>
				<total>85</total>
				<timestamp>679.723381</timestamp>
			</report>
			<report>
				<misses>3403001</misses>
				<total>85</total>
				<timestamp>679.923264</timestamp>
			</report>
			<report>
				<misses>3404001</misses>
				<total>85</total>
				<timestamp>680.123047</timestamp>
			</report>
			<report>
				<misses>3405001</misses>
				<total>85</total>
				<timestamp>680.322905</timestamp>
			</report>
			<report>
				<misses>3406001</misses>
				<total>85</total>
				<timestamp>680.522712</timestamp>
			</report>
			<report>
				<misses>3407001</misses>
				<total>85</total>
				<timestamp>680.722373</timestamp>
			</report>
			<report>
				<misses>3408001</misses>
				<total>85</total>
				<timestamp>680.922191</timestamp>
			</report>
			<report>
				<misses>3409001</misses>
				<total>85</total>
				<timestamp>681.121989</timestamp>
			</report>
			<report>
				<misses>3410001</misses>
				<total>85</total>
				<timestamp>681.321775</timestamp>
			</report>
			<report>
				<misses>3411001</misses>
				<total>85</total>
				<timestamp>681.521580</timestamp>
			</report>
			<report>
				<misses>3412001</misses>
				<total>84</total>
				<timestamp>681.721417</timestamp>
			</report>
			<report>
				<misses>3413001</misses>
				<total>85</total>
				<timestamp>681.921289</timestamp>
			</report>
			<report>
				<misses>3414001</misses>
				<total>85</total>
				<timestamp>682.121026</timestamp>
			</report>
			<report>
				<misses>3415001</misses>
				<total>85</total>
				<timestamp>682.320812</timestamp>
			</report>
			<report>
				<misses>3416001</misses>
				<total>85</total>
				<timestamp>682.520576</timestamp>
			</report>
			<report>
				<misses>3417001</misses>
				<total>85</total>
				<timestamp>682.720443</timestamp>
			</report>
			<report>
				<misses>3418001</misses>
				<total>85</total>
				<timestamp>682.920221</timestamp>
			</report>
			<report>
				<misses>3419001</misses>
				<total>85</total>
				<timestamp>683.120026</timestamp>
			</report>
			<report>
				<misses>3420001</misses>
				<total>85</total>
				<timestamp>683.319811</timestamp>
			</report>
			<report>
				<misses>3421001</misses>
				<total>85</total>
				<timestamp>683.519600</timestamp>
			</report>
			<report>
				<misses>3422001</misses>
				<total>85</total>
				<timestamp>683.719431</timestamp>
			</report>
			<report>
				<misses>3423001</misses>
				<total>85</total>
				<timestamp>683.919197</timestamp>
			</report>
			<report>
				<misses>3424001</misses>
				<total>85</total>
				<timestamp>684.119048</timestamp>
			</report>
			<report>
				<misses>3425001</misses>
				<total>85</total>
				<timestamp>684.318787</timestamp>
			</report>
			<report>
				<misses>3426001</misses>
				<total>85</total>
				<timestamp>684.518561</timestamp>
			</report>
			<report>
				<misses>3427001</misses>
				<total>85</total>
				<timestamp>684.718404</timestamp>
			</report>
			<report>
				<misses>3428001</misses>
				<total>85</total>
				<timestamp>684.918195</timestamp>
			</report>
			<report>
				<misses>3429001</misses>
				<total>85</total>
				<timestamp>685.118066</timestamp>
			</report>
			<report>
				<misses>3430001</misses>
				<total>85</total>
				<timestamp>685.317798</timestamp>
			</report>
			<report>
				<misses>3431001</misses>
				<total>85</total>
				<timestamp>685.517629</timestamp>
			</report>
			<report>
				<misses>3432001</misses>
				<total>84</total>
				<timestamp>685.717437</timestamp>
			</report>
			<report>
				<misses>3433001</misses>
				<total>85</total>
				<timestamp>685.917197</timestamp>
			</report>
			<report>
				<misses>3434001</misses>
				<total>85</total>
				<timestamp>686.116982</timestamp>
			</report>
			<report>
				<misses>3435001</misses>
				<total>85</total>
				<timestamp>686.316816</timestamp>
			</report>
			<report>
				<misses>3436001</misses>
				<total>85</total>
				<timestamp>686.516574</timestamp>
			</report>
			<report>
				<misses>3437001</misses>
				<total>85</total>
				<timestamp>686.716491</timestamp>
			</report>
			<report>
				<misses>3438001</misses>
				<total>85</total>
				<timestamp>686.916192</timestamp>
			</report>
			<report>
				<misses>3439001</misses>
				<total>85</total>
				<timestamp>687.116025</timestamp>
			</report>
			<report>
				<misses>3440001</misses>
				<total>85</total>
				<timestamp>687.315827</timestamp>
			</report>
			<report>
				<misses>3441001</misses>
				<total>85</total>
				<timestamp>687.515645</timestamp>
			</report>
			<report>
				<misses>3442001</misses>
				<total>85</total>
				<timestamp>687.715453</timestamp>
			</report>
			<report>
				<misses>3443001</misses>
				<total>85</total>
				<timestamp>687.915172</timestamp>
			</report>
			<report>
				<misses>3444001</misses>
				<total>85</total>
				<timestamp>688.115026</timestamp>
			</report>
			<report>
				<misses>3445001</misses>
				<total>85</total>
				<timestamp>688.314794</timestamp>
			</report>
			<report>
				<misses>3446001</misses>
				<total>85</total>
				<timestamp>688.514577</timestamp>
			</report>
			<report>
				<misses>3447001</misses>
				<total>85</total>
				<timestamp>688.714376</timestamp>
			</report>
			<report>
				<misses>3448001</misses>
				<total>85</total>
				<timestamp>688.914242</timestamp>
			</report>
			<report>
				<misses>3449001</misses>
				<total>85</total>
				<timestamp>689.113977</timestamp>
			</report>
			<report>
				<misses>3450001</misses>
				<total>85</total>
				<timestamp>689.313833</timestamp>
			</report>
			<report>
				<misses>3451001</misses>
				<total>85</total>
				<timestamp>689.513615</timestamp>
			</report>
			<report>
				<misses>3452001</misses>
				<total>85</total>
				<timestamp>689.713426</timestamp>
			</report>
			<report>
				<misses>3453001</misses>
				<total>85</total>
				<timestamp>689.913313</timestamp>
			</report>
			<report>
				<misses>3454001</misses>
				<total>85</total>
				<timestamp>690.112968</timestamp>
			</report>
			<report>
				<misses>3455001</misses>
				<total>85</total>
				<timestamp>690.312798</timestamp>
			</report>
			<report>
				<misses>3456001</misses>
				<total>85</total>
				<timestamp>690.512599</timestamp>
			</report>
			<report>
				<misses>3457001</misses>
				<total>85</total>
				<timestamp>690.712379</timestamp>
			</report>
			<report>
				<misses>3458001</misses>
				<total>85</total>
				<timestamp>690.912244</timestamp>
			</report>
			<report>
				<misses>3459001</misses>
				<total>85</total>
				<timestamp>691.112087</timestamp>
			</report>
			<report>
				<misses>3460001</misses>
				<total>85</total>
				<timestamp>691.311828</timestamp>
			</report>
			<report>
				<misses>3461001</misses>
				<total>85</total>
				<timestamp>691.511570</timestamp>
			</report>
			<report>
				<misses>3462001</misses>
				<total>85</total>
				<timestamp>691.711370</timestamp>
			</report>
			<report>
				<misses>3463001</misses>
				<total>85</total>
				<timestamp>691.911180</timestamp>
			</report>
			<report>
				<misses>3464001</misses>
				<total>85</total>
				<timestamp>692.110990</timestamp>
			</report>
			<report>
				<misses>3465001</misses>
				<total>85</total>
				<timestamp>692.310867</timestamp>
			</report>
			<report>
				<misses>3466001</misses>
				<total>85</total>
				<timestamp>692.510571</timestamp>
			</report>
			<report>
				<misses>3467001</misses>
				<total>85</total>
				<timestamp>692.710387</timestamp>
			</report>
			<report>
				<misses>3468001</misses>
				<total>85</total>
				<timestamp>692.910228</timestamp>
			</report>
			<report>
				<misses>3469001</misses>
				<total>85</total>
				<timestamp>693.109984</timestamp>
			</report>
			<report>
				<misses>3470001</misses>
				<total>85</total>
				<timestamp>693.309813</timestamp>
			</report>
			<report>
				<misses>3471001</misses>
				<total>85</total>
				<timestamp>693.509626</timestamp>
			</report>
			<report>
				<misses>3472001</misses>
				<total>85</total>
				<timestamp>693.709427</timestamp>
			</report>
			<report>
				<misses>3473001</misses>
				<total>85</total>
				<timestamp>693.909186</timestamp>
			</report>
			<report>
				<misses>3474001</misses>
				<total>84</total>
				<timestamp>694.109039</timestamp>
			</report>
			<report>
				<misses>3475001</misses>
				<total>85</total>
				<timestamp>694.308909</timestamp>
			</report>
			<report>
				<misses>3476001</misses>
				<total>85</total>
				<timestamp>694.508648</timestamp>
			</report>
			<report>
				<misses>3477001</misses>
				<total>85</total>
				<timestamp>694.708414</timestamp>
			</report>
			<report>
				<misses>3478001</misses>
				<total>85</total>
				<timestamp>694.908223</timestamp>
			</report>
			<report>
				<misses>3479001</misses>
				<total>85</total>
				<timestamp>695.107986</timestamp>
			</report>
			<report>
				<misses>3480001</misses>
				<total>85</total>
				<timestamp>695.307822</timestamp>
			</report>
			<report>
				<misses>3481001</misses>
				<total>85</total>
				<timestamp>695.507558</timestamp>
			</report>
			<report>
				<misses>3482001</misses>
				<total>85</total>
				<timestamp>695.707356</timestamp>
			</report>
			<report>
				<misses>3483001</misses>
				<total>85</total>
				<timestamp>695.907178</timestamp>
			</report>
			<report>
				<misses>3484001</misses>
				<total>85</total>
				<timestamp>696.107009</timestamp>
			</report>
			<report>
				<misses>3485001</misses>
				<total>85</total>
				<timestamp>696.306847</timestamp>
			</report>
			<report>
				<misses>3486001</misses>
				<total>85</total>
				<timestamp>696.506580</timestamp>
			</report>
			<report>
				<misses>3487001</misses>
				<total>85</total>
				<timestamp>696.706375</timestamp>
			</report>
			<report>
				<misses>3488001</misses>
				<total>84</total>
				<timestamp>696.906181</timestamp>
			</report>
			<report>
				<misses>3489001</misses>
				<total>85</total>
				<timestamp>697.105972</timestamp>
			</report>
			<report>
				<misses>3490001</misses>
				<total>85</total>
				<timestamp>697.305785</timestamp>
			</report>
			<report>
				<misses>3491001</misses>
				<total>85</total>
				<timestamp>697.505595</timestamp>
			</report>
			<report>
				<misses>3492001</misses>
				<total>85</total>
				<timestamp>697.705426</timestamp>
			</report>
			<report>
				<misses>3493001</misses>
				<total>85</total>
				<timestamp>697.905233</timestamp>
			</report>
			<report>
				<misses>3494001</misses>
				<total>85</total>
				<timestamp>698.105079</timestamp>
			</report>
			<report>
				<misses>3495001</misses>
				<total>84</total>
				<timestamp>698.304865</timestamp>
			</report>
			<report>
				<misses>3496001</misses>
				<total>85</total>
				<timestamp>698.504576</timestamp>
			</report>
			<report>
				<misses>3497001</misses>
				<total>85</total>
				<timestamp>698.704391</timestamp>
			</report>
			<report>
				<misses>3498001</misses>
				<total>85</total>
				<timestamp>698.904167</timestamp>
			</report>
			<report>
				<misses>3499001</misses>
				<total>85</total>
				<timestamp>699.104002</timestamp>
			</report>
			<report>
				<misses>3500001</misses>
				<total>85</total>
				<timestamp>699.303865</timestamp>
			</report>
			<report>
				<misses>3501001</misses>
				<total>85</total>
				<timestamp>699.503654</timestamp>
			</report>
			<report>
				<misses>3502001</misses>
				<total>85</total>
				<timestamp>699.703372</timestamp>
			</report>
			<report>
				<misses>3503001</misses>
				<total>85</total>
				<timestamp>699.903181</timestamp>
			</report>
			<report>
				<misses>3504001</misses>
				<total>85</total>
				<timestamp>700.102985</timestamp>
			</report>
			<report>
				<misses>3505001</misses>
				<total>85</total>
				<timestamp>700.302796</timestamp>
			</report>
			<report>
				<misses>3506001</misses>
				<total>85</total>
				<timestamp>700.502592</timestamp>
			</report>
			<report>
				<misses>3507001</misses>
				<total>85</total>
				<timestamp>700.702377</timestamp>
			</report>
			<report>
				<misses>3508001</misses>
				<total>85</total>
				<timestamp>700.902208</timestamp>
			</report>
			<report>
				<misses>3509001</misses>
				<total>85</total>
				<timestamp>701.102019</timestamp>
			</report>
			<report>
				<misses>3510001</misses>
				<total>85</total>
				<timestamp>701.301876</timestamp>
			</report>
			<report>
				<misses>3511001</misses>
				<total>85</total>
				<timestamp>701.501561</timestamp>
			</report>
			<report>
				<misses>3512001</misses>
				<total>85</total>
				<timestamp>701.701395</timestamp>
			</report>
			<report>
				<misses>3513001</misses>
				<total>85</total>
				<timestamp>701.901221</timestamp>
			</report>
			<report>
				<misses>3514001</misses>
				<total>85</total>
				<timestamp>702.100989</timestamp>
			</report>
			<report>
				<misses>3515001</misses>
				<total>85</total>
				<timestamp>702.300866</timestamp>
			</report>
			<report>
				<misses>3516001</misses>
				<total>85</total>
				<timestamp>702.500600</timestamp>
			</report>
			<report>
				<misses>3517001</misses>
				<total>85</total>
				<timestamp>702.700421</timestamp>
			</report>
			<report>
				<misses>3518001</misses>
				<total>85</total>
				<timestamp>702.900226</timestamp>
			</report>
			<report>
				<misses>3519001</misses>
				<total>85</total>
				<timestamp>703.099974</timestamp>
			</report>
			<report>
				<misses>3520001</misses>
				<total>85</total>
				<timestamp>703.299810</timestamp>
			</report>
			<report>
				<misses>3521001</misses>
				<total>84</total>
				<timestamp>703.499630</timestamp>
			</report>
			<report>
				<misses>3522001</misses>
				<total>85</total>
				<timestamp>703.699411</timestamp>
			</report>
			<report>
				<misses>3523001</misses>
				<total>85</total>
				<timestamp>703.899162</timestamp>
			</report>
			<report>
				<misses>3524001</misses>
				<total>85</total>
				<timestamp>704.098993</timestamp>
			</report>
			<report>
				<misses>3525001</misses>
				<total>85</total>
				<timestamp>704.298819</timestamp>
			</report>
			<report>
				<misses>3526001</misses>
				<total>85</total>
				<timestamp>704.498623</timestamp>
			</report>
			<report>
				<misses>3527001</misses>
				<total>85</total>
				<timestamp>704.698361</timestamp>
			</report>
			<report>
				<misses>3528001</misses>
				<total>85</total>
				<timestamp>704.898250</timestamp>
			</report>
			<report>
				<misses>3529001</misses>
				<total>84</total>
				<timestamp>705.097988</timestamp>
			</report>
			<report>
				<misses>3530001</misses>
				<total>85</total>
				<timestamp>705.297819</timestamp>
			</report>
			<report>
				<misses>3531001</misses>
				<total>85</total>
				<timestamp>705.497569</timestamp>
			</report>
			<report>
				<misses>3532001</misses>
				<total>85</total>
				<timestamp>705.697389</timestamp>
			</report>
			<report>
				<misses>3533001</misses>
				<total>85</total>
				<timestamp>705.897239</timestamp>
			</report>
			<report>
				<misses>3534001</misses>
				<total>84</total>
				<timestamp>706.097047</timestamp>
			</report>
			<report>
				<misses>3535001</misses>
				<total>85</total>
				<timestamp>706.296836</timestamp>
			</report>
			<report>
				<misses>3536001</misses>
				<total>85</total>
				<timestamp>706.496627</timestamp>
			</report>
			<report>
				<misses>3537001</misses>
				<total>85</total>
				<timestamp>706.696368</timestamp>
			</report>
			<report>
				<misses>3538001</misses>
				<total>85</total>
				<timestamp>706.896179</timestamp>
			</report>
			<report>
				<misses>3539001</misses>
				<total>85</total>
				<timestamp>707.095975</timestamp>
			</report>
			<report>
				<misses>3540001</misses>
				<total>85</total>
				<timestamp>707.295888</timestamp>
			</report>
			<report>
				<misses>3541001</misses>
				<total>84</total>
				<timestamp>707.495600</timestamp>
			</report>
			<report>
				<misses>3542001</misses>
				<total>85</total>
				<timestamp>707.695399</timestamp>
			</report>
			<report>
				<misses>3543001</misses>
				<total>85</total>
				<timestamp>707.895172</timestamp>
			</report>
			<report>
				<misses>3544001</misses>
				<total>85</total>
				<timestamp>708.095012</timestamp>
			</report>
			<report>
				<misses>3545001</misses>
				<total>85</total>
				<timestamp>708.294850</timestamp>
			</report>
			<report>
				<misses>3546001</misses>
				<total>85</total>
				<timestamp>708.494618</timestamp>
			</report>
			<report>
				<misses>3547001</misses>
				<total>85</total>
				<timestamp>708.694464</timestamp>
			</report>
			<report>
				<misses>3548001</misses>
				<total>85</total>
				<timestamp>708.894165</timestamp>
			</report>
			<report>
				<misses>3549001</misses>
				<total>85</total>
				<timestamp>709.093975</timestamp>
			</report>
			<report>
				<misses>3550001</misses>
				<total>85</total>
				<timestamp>709.293839</timestamp>
			</report>
			<report>
				<misses>3551001</misses>
				<total>85</total>
				<timestamp>709.493616</timestamp>
			</report>
			<report>
				<misses>3552001</misses>
				<total>85</total>
				<timestamp>709.693356</timestamp>
			</report>
			<report>
				<misses>3553001</misses>
				<total>87</total>
				<timestamp>709.893282</timestamp>
			</report>
			<report>
				<misses>3554001</misses>
				<total>87</total>
				<timestamp>710.092995</timestamp>
			</report>
			<report>
				<misses>3555001</misses>
				<total>87</total>
				<timestamp>710.292972</timestamp>
			</report>
			<report>
				<misses>3556001</misses>
				<total>86</total>
				<timestamp>710.492611</timestamp>
			</report>
			<report>
				<misses>3557001</misses>
				<total>87</total>
				<timestamp>710.692483</timestamp>
			</report>
			<report>
				<misses>3558001</misses>
				<total>87</total>
				<timestamp>710.892184</timestamp>
			</report>
			<report>
				<misses>3559001</misses>
				<total>87</total>
				<timestamp>711.092059</timestamp>
			</report>
			<report>
				<misses>3560001</misses>
				<total>87</total>
				<timestamp>711.291825</timestamp>
			</report>
			<report>
				<misses>3561001</misses>
				<total>87</total>
				<timestamp>711.491627</timestamp>
			</report>
			<report>
				<misses>3562001</misses>
				<total>87</total>
				<timestamp>711.691406</timestamp>
			</report>
			<report>
				<misses>3563001</misses>
				<total>88</total>
				<timestamp>711.891197</timestamp>
			</report>
			<report>
				<misses>3564001</misses>
				<total>88</total>
				<timestamp>712.091033</timestamp>
			</report>
			<report>
				<misses>3565001</misses>
				<total>88</total>
				<timestamp>712.290809</timestamp>
			</report>
			<report>
				<misses>3566001</misses>
				<total>88</total>
				<timestamp>712.490581</timestamp>
			</report>
			<report>
				<misses>3567001</misses>
				<total>88</total>
				<timestamp>712.690379</timestamp>
			</report>
			<report>
				<misses>3568001</misses>
				<total>88</total>
				<timestamp>712.890239</timestamp>
			</report>
			<report>
				<misses>3569001</misses>
				<total>88</total>
				<timestamp>713.090005</timestamp>
			</report>
			<report>
				<misses>3570001</misses>
				<total>88</total>
				<timestamp>713.289847</timestamp>
			</report>
			<report>
				<misses>3571001</misses>
				<total>88</total>
				<timestamp>713.489602</timestamp>
			</report>
			<report>
				<misses>3572001</misses>
				<total>88</total>
				<timestamp>713.689371</timestamp>
			</report>
			<report>
				<misses>3573001</misses>
				<total>88</total>
				<timestamp>713.889242</timestamp>
			</report>
			<report>
				<misses>3574001</misses>
				<total>88</total>
				<timestamp>714.088985</timestamp>
			</report>
			<report>
				<misses>3575001</misses>
				<total>88</total>
				<timestamp>714.288849</timestamp>
			</report>
			<report>
				<misses>3576001</misses>
				<total>88</total>
				<timestamp>714.488596</timestamp>
			</report>
			<report>
				<misses>3577001</misses>
				<total>88</total>
				<timestamp>714.688441</timestamp>
			</report>
			<report>
				<misses>3578001</misses>
				<total>88</total>
				<timestamp>714.888193</timestamp>
			</report>
			<report>
				<misses>3579001</misses>
				<total>88</total>
				<timestamp>715.088028</timestamp>
			</report>
			<report>
				<misses>3580001</misses>
				<total>88</total>
				<timestamp>715.287772</timestamp>
			</report>
			<report>
				<misses>3581001</misses>
				<total>88</total>
				<timestamp>715.487566</timestamp>
			</report>
			<report>
				<misses>3582001</misses>
				<total>88</total>
				<timestamp>715.687417</timestamp>
			</report>
			<report>
				<misses>3583001</misses>
				<total>88</total>
				<timestamp>715.887216</timestamp>
			</report>
			<report>
				<misses>3584001</misses>
				<total>88</total>
				<timestamp>716.087063</timestamp>
			</report>
			<report>
				<misses>3585001</misses>
				<total>88</total>
				<timestamp>716.286845</timestamp>
			</report>
			<report>
				<misses>3586001</misses>
				<total>88</total>
				<timestamp>716.486662</timestamp>
			</report>
			<report>
				<misses>3587001</misses>
				<total>88</total>
				<timestamp>716.686460</timestamp>
			</report>
			<report>
				<misses>3588001</misses>
				<total>88</total>
				<timestamp>716.886203</timestamp>
			</report>
			<report>
				<misses>3589001</misses>
				<total>88</total>
				<timestamp>717.085983</timestamp>
			</report>
			<report>
				<misses>3590001</misses>
				<total>88</total>
				<timestamp>717.285810</timestamp>
			</report>
			<report>
				<misses>3591001</misses>
				<total>88</total>
				<timestamp>717.485600</timestamp>
			</report>
			<report>
				<misses>3592001</misses>
				<total>88</total>
				<timestamp>717.685434</timestamp>
			</report>
			<report>
				<misses>3593001</misses>
				<total>88</total>
				<timestamp>717.885164</timestamp>
			</report>
			<report>
				<misses>3594001</misses>
				<total>88</total>
				<timestamp>718.085043</timestamp>
			</report>
			<report>
				<misses>3595001</misses>
				<total>88</total>
				<timestamp>718.284860</timestamp>
			</report>
			<report>
				<misses>3596001</misses>
				<total>88</total>
				<timestamp>718.484603</timestamp>
			</report>
			<report>
				<misses>3597001</misses>
				<total>88</total>
				<timestamp>718.684440</timestamp>
			</report>
			<report>
				<misses>3598001</misses>
				<total>88</total>
				<timestamp>718.884160</timestamp>
			</report>
			<report>
				<misses>3599001</misses>
				<total>88</total>
				<timestamp>719.083982</timestamp>
			</report>
			<report>
				<misses>3600001</misses>
				<total>88</total>
				<timestamp>719.283792</timestamp>
			</report>
			<report>
				<misses>3601001</misses>
				<total>88</total>
				<timestamp>719.483592</timestamp>
			</report>
			<report>
				<misses>3602001</misses>
				<total>88</total>
				<timestamp>719.683353</timestamp>
			</report>
			<report>
				<misses>3603001</misses>
				<total>87</total>
				<timestamp>719.883228</timestamp>
			</report>
			<report>
				<misses>3604001</misses>
				<total>88</total>
				<timestamp>720.082993</timestamp>
			</report>
			<report>
				<misses>3605001</misses>
				<total>88</total>
				<timestamp>720.282797</timestamp>
			</report>
			<report>
				<misses>3606001</misses>
				<total>88</total>
				<timestamp>720.482658</timestamp>
			</report>
			<report>
				<misses>3607001</misses>
				<total>88</total>
				<timestamp>720.682382</timestamp>
			</report>
			<report>
				<misses>3608001</misses>
				<total>88</total>
				<timestamp>720.882193</timestamp>
			</report>
			<report>
				<misses>3609001</misses>
				<total>88</total>
				<timestamp>721.081972</timestamp>
			</report>
			<report>
				<misses>3610001</misses>
				<total>87</total>
				<timestamp>721.281834</timestamp>
			</report>
			<report>
				<misses>3611001</misses>
				<total>88</total>
				<timestamp>721.481598</timestamp>
			</report>
			<report>
				<misses>3612001</misses>
				<total>88</total>
				<timestamp>721.681373</timestamp>
			</report>
			<report>
				<misses>3613001</misses>
				<total>88</total>
				<timestamp>721.881190</timestamp>
			</report>
			<report>
				<misses>3614001</misses>
				<total>88</total>
				<timestamp>722.080980</timestamp>
			</report>
			<report>
				<misses>3615001</misses>
				<total>87</total>
				<timestamp>722.280814</timestamp>
			</report>
			<report>
				<misses>3616001</misses>
				<total>88</total>
				<timestamp>722.480591</timestamp>
			</report>
			<report>
				<misses>3617001</misses>
				<total>88</total>
				<timestamp>722.680390</timestamp>
			</report>
			<report>
				<misses>3618001</misses>
				<total>87</total>
				<timestamp>722.880261</timestamp>
			</report>
			<report>
				<misses>3619001</misses>
				<total>88</total>
				<timestamp>723.079997</timestamp>
			</report>
			<report>
				<misses>3620001</misses>
				<total>88</total>
				<timestamp>723.279891</timestamp>
			</report>
			<report>
				<misses>3621001</misses>
				<total>89</total>
				<timestamp>723.479564</timestamp>
			</report>
			<report>
				<misses>3622001</misses>
				<total>93</total>
				<timestamp>723.679376</timestamp>
			</report>
			<report>
				<misses>3623001</misses>
				<total>93</total>
				<timestamp>723.879222</timestamp>
			</report>
			<report>
				<misses>3624001</misses>
				<total>93</total>
				<timestamp>724.079006</timestamp>
			</report>
			<report>
				<misses>3625001</misses>
				<total>93</total>
				<timestamp>724.278796</timestamp>
			</report>
			<report>
				<misses>3626001</misses>
				<total>92</total>
				<timestamp>724.478672</timestamp>
			</report>
			<report>
				<misses>3627001</misses>
				<total>93</total>
				<timestamp>724.678367</timestamp>
			</report>
			<report>
				<misses>3628001</misses>
				<total>93</total>
				<timestamp>724.878194</timestamp>
			</report>
			<report>
				<misses>3629001</misses>
				<total>92</total>
				<timestamp>725.078022</timestamp>
			</report>
			<report>
				<misses>3630001</misses>
				<total>93</total>
				<timestamp>725.277813</timestamp>
			</report>
			<report>
				<misses>3631001</misses>
				<total>93</total>
				<timestamp>725.477619</timestamp>
			</report>
			<report>
				<misses>3632001</misses>
				<total>93</total>
				<timestamp>725.677384</timestamp>
			</report>
			<report>
				<misses>3633001</misses>
				<total>92</total>
				<timestamp>725.877228</timestamp>
			</report>
			<report>
				<misses>3634001</misses>
				<total>93</total>
				<timestamp>726.076999</timestamp>
			</report>
			<report>
				<misses>3635001</misses>
				<total>93</total>
				<timestamp>726.276902</timestamp>
			</report>
			<report>
				<misses>3636001</misses>
				<total>93</total>
				<timestamp>726.476572</timestamp>
			</report>
			<report>
				<misses>3637001</misses>
				<total>92</total>
				<timestamp>726.676431</timestamp>
			</report>
			<report>
				<misses>3638001</misses>
				<total>93</total>
				<timestamp>726.876214</timestamp>
			</report>
			<report>
				<misses>3639001</misses>
				<total>93</total>
				<timestamp>727.075987</timestamp>
			</report>
			<report>
				<misses>3640001</misses>
				<total>93</total>
				<timestamp>727.275807</timestamp>
			</report>
			<report>
				<misses>3641001</misses>
				<total>93</total>
				<timestamp>727.475643</timestamp>
			</report>
			<report>
				<misses>3642001</misses>
				<total>93</total>
				<timestamp>727.675445</timestamp>
			</report>
			<report>
				<misses>3643001</misses>
				<total>93</total>
				<timestamp>727.875184</timestamp>
			</report>
			<report>
				<misses>3644001</misses>
				<total>93</total>
				<timestamp>728.075059</timestamp>
			</report>
			<report>
				<misses>3645001</misses>
				<total>93</total>
				<timestamp>728.274806</timestamp>
			</report>
			<report>
				<misses>3646001</misses>
				<total>93</total>
				<timestamp>728.474607</timestamp>
			</report>
			<report>
				<misses>3647001</misses>
				<total>92</total>
				<timestamp>728.674378</timestamp>
			</report>
			<report>
				<misses>3648001</misses>
				<total>93</total>
				<timestamp>728.874213</timestamp>
			</report>
			<report>
				<misses>3649001</misses>
				<total>93</total>
				<timestamp>729.073969</timestamp>
			</report>
			<report>
				<misses>3650001</misses>
				<total>93</total>
				<timestamp>729.273821</timestamp>
			</report>
			<report>
				<misses>3651001</misses>
				<total>93</total>
				<timestamp>729.473561</timestamp>
			</report>
			<report>
				<misses>3652001</misses>
				<total>93</total>
				<timestamp>729.673419</timestamp>
			</report>
			<report>
				<misses>3653001</misses>
				<total>93</total>
				<timestamp>729.873198</timestamp>
			</report>
			<report>
				<misses>3654001</misses>
				<total>93</total>
				<timestamp>730.073015</timestamp>
			</report>
			<report>
				<misses>3655001</misses>
				<total>93</total>
				<timestamp>730.272842</timestamp>
			</report>
			<report>
				<misses>3656001</misses>
				<total>93</total>
				<timestamp>730.472595</timestamp>
			</report>
			<report>
				<misses>3657001</misses>
				<total>93</total>
				<timestamp>730.672448</timestamp>
			</report>
			<report>
				<misses>3658001</misses>
				<total>92</total>
				<timestamp>730.872194</timestamp>
			</report>
			<report>
				<misses>3659001</misses>
				<total>93</total>
				<timestamp>731.072029</timestamp>
			</report>
			<report>
				<misses>3660001</misses>
				<total>93</total>
				<timestamp>731.271790</timestamp>
			</report>
			<report>
				<misses>3661001</misses>
				<total>93</total>
				<timestamp>731.471565</timestamp>
			</report>
			<report>
				<misses>3662001</misses>
				<total>93</total>
				<timestamp>731.671367</timestamp>
			</report>
			<report>
				<misses>3663001</misses>
				<total>92</total>
				<timestamp>731.871239</timestamp>
			</report>
			<report>
				<misses>3664001</misses>
				<total>92</total>
				<timestamp>732.070997</timestamp>
			</report>
			<report>
				<misses>3665001</misses>
				<total>93</total>
				<timestamp>732.270827</timestamp>
			</report>
			<report>
				<misses>3666001</misses>
				<total>93</total>
				<timestamp>732.470648</timestamp>
			</report>
			<report>
				<misses>3667001</misses>
				<total>93</total>
				<timestamp>732.670377</timestamp>
			</report>
			<report>
				<misses>3668001</misses>
				<total>93</total>
				<timestamp>732.870182</timestamp>
			</report>
			<report>
				<misses>3669001</misses>
				<total>93</total>
				<timestamp>733.069974</timestamp>
			</report>
			<report>
				<misses>3670001</misses>
				<total>93</total>
				<timestamp>733.269878</timestamp>
			</report>
			<report>
				<misses>3671001</misses>
				<total>93</total>
				<timestamp>733.469623</timestamp>
			</report>
			<report>
				<misses>3672001</misses>
				<total>93</total>
				<timestamp>733.669366</timestamp>
			</report>
			<report>
				<misses>3673001</misses>
				<total>93</total>
				<timestamp>733.869223</timestamp>
			</report>
			<report>
				<misses>3674001</misses>
				<total>93</total>
				<timestamp>734.068982</timestamp>
			</report>
			<report>
				<misses>3675001</misses>
				<total>93</total>
				<timestamp>734.268785</timestamp>
			</report>
			<report>
				<misses>3676001</misses>
				<total>93</total>
				<timestamp>734.468681</timestamp>
			</report>
			<report>
				<misses>3677001</misses>
				<total>93</total>
				<timestamp>734.668451</timestamp>
			</report>
			<report>
				<misses>3678001</misses>
				<total>93</total>
				<timestamp>734.868289</timestamp>
			</report>
			<report>
				<misses>3679001</misses>
				<total>93</total>
				<timestamp>735.067960</timestamp>
			</report>
			<report>
				<misses>3680001</misses>
				<total>93</total>
				<timestamp>735.267766</timestamp>
			</report>
			<report>
				<misses>3681001</misses>
				<total>93</total>
				<timestamp>735.467611</timestamp>
			</report>
			<report>
				<misses>3682001</misses>
				<total>93</total>
				<timestamp>735.667445</timestamp>
			</report>
			<report>
				<misses>3683001</misses>
				<total>93</total>
				<timestamp>735.867176</timestamp>
			</report>
			<report>
				<misses>3684001</misses>
				<total>93</total>
				<timestamp>736.066977</timestamp>
			</report>
			<report>
				<misses>3685001</misses>
				<total>93</total>
				<timestamp>736.266798</timestamp>
			</report>
			<report>
				<misses>3686001</misses>
				<total>93</total>
				<timestamp>736.466661</timestamp>
			</report>
			<report>
				<misses>3687001</misses>
				<total>93</total>
				<timestamp>736.666378</timestamp>
			</report>
			<report>
				<misses>3688001</misses>
				<total>92</total>
				<timestamp>736.866183</timestamp>
			</report>
			<report>
				<misses>3689001</misses>
				<total>93</total>
				<timestamp>737.066010</timestamp>
			</report>
			<report>
				<misses>3690001</misses>
				<total>93</total>
				<timestamp>737.265778</timestamp>
			</report>
			<report>
				<misses>3691001</misses>
				<total>93</total>
				<timestamp>737.465601</timestamp>
			</report>
			<report>
				<misses>3692001</misses>
				<total>93</total>
				<timestamp>737.665359</timestamp>
			</report>
			<report>
				<misses>3693001</misses>
				<total>93</total>
				<timestamp>737.865162</timestamp>
			</report>
			<report>
				<misses>3694001</misses>
				<total>93</total>
				<timestamp>738.065076</timestamp>
			</report>
			<report>
				<misses>3695001</misses>
				<total>93</total>
				<timestamp>738.264789</timestamp>
			</report>
			<report>
				<misses>3696001</misses>
				<total>93</total>
				<timestamp>738.464719</timestamp>
			</report>
			<report>
				<misses>3697001</misses>
				<total>93</total>
				<timestamp>738.664349</timestamp>
			</report>
			<report>
				<misses>3698001</misses>
				<total>93</total>
				<timestamp>738.864284</timestamp>
			</report>
			<report>
				<misses>3699001</misses>
				<total>93</total>
				<timestamp>739.063990</timestamp>
			</report>
			<report>
				<misses>3700001</misses>
				<total>93</total>
				<timestamp>739.263775</timestamp>
			</report>
			<report>
				<misses>3701001</misses>
				<total>93</total>
				<timestamp>739.463614</timestamp>
			</report>
			<report>
				<misses>3702001</misses>
				<total>93</total>
				<timestamp>739.663441</timestamp>
			</report>
			<report>
				<misses>3703001</misses>
				<total>93</total>
				<timestamp>739.863290</timestamp>
			</report>
			<report>
				<misses>3704001</misses>
				<total>93</total>
				<timestamp>740.062971</timestamp>
			</report>
			<report>
				<misses>3705001</misses>
				<total>93</total>
				<timestamp>740.262793</timestamp>
			</report>
			<report>
				<misses>3706001</misses>
				<total>93</total>
				<timestamp>740.462729</timestamp>
			</report>
			<report>
				<misses>3707001</misses>
				<total>93</total>
				<timestamp>740.662419</timestamp>
			</report>
			<report>
				<misses>3708001</misses>
				<total>93</total>
				<timestamp>740.862222</timestamp>
			</report>
			<report>
				<misses>3709001</misses>
				<total>93</total>
				<timestamp>741.062013</timestamp>
			</report>
			<report>
				<misses>3710001</misses>
				<total>93</total>
				<timestamp>741.261804</timestamp>
			</report>
			<report>
				<misses>3711001</misses>
				<total>93</total>
				<timestamp>741.461600</timestamp>
			</report>
			<report>
				<misses>3712001</misses>
				<total>93</total>
				<timestamp>741.661370</timestamp>
			</report>
			<report>
				<misses>3713001</misses>
				<total>93</total>
				<timestamp>741.861203</timestamp>
			</report>
			<report>
				<misses>3714001</misses>
				<total>93</total>
				<timestamp>742.061022</timestamp>
			</report>
			<report>
				<misses>3715001</misses>
				<total>93</total>
				<timestamp>742.260790</timestamp>
			</report>
			<report>
				<misses>3716001</misses>
				<total>93</total>
				<timestamp>742.460677</timestamp>
			</report>
			<report>
				<misses>3717001</misses>
				<total>93</total>
				<timestamp>742.660472</timestamp>
			</report>
			<report>
				<misses>3718001</misses>
				<total>93</total>
				<timestamp>742.860177</timestamp>
			</report>
			<report>
				<misses>3719001</misses>
				<total>93</total>
				<timestamp>743.059992</timestamp>
			</report>
			<report>
				<misses>3720001</misses>
				<total>93</total>
				<timestamp>743.259780</timestamp>
			</report>
			<report>
				<misses>3721001</misses>
				<total>93</total>
				<timestamp>743.459661</timestamp>
			</report>
			<report>
				<misses>3722001</misses>
				<total>93</total>
				<timestamp>743.659418</timestamp>
			</report>
			<report>
				<misses>3723001</misses>
				<total>93</total>
				<timestamp>743.859213</timestamp>
			</report>
			<report>
				<misses>3724001</misses>
				<total>93</total>
				<timestamp>744.058970</timestamp>
			</report>
			<report>
				<misses>3725001</misses>
				<total>92</total>
				<timestamp>744.258808</timestamp>
			</report>
			<report>
				<misses>3726001</misses>
				<total>93</total>
				<timestamp>744.458694</timestamp>
			</report>
			<report>
				<misses>3727001</misses>
				<total>93</total>
				<timestamp>744.658454</timestamp>
			</report>
			<report>
				<misses>3728001</misses>
				<total>93</total>
				<timestamp>744.858175</timestamp>
			</report>
			<report>
				<misses>3729001</misses>
				<total>93</total>
				<timestamp>745.057981</timestamp>
			</report>
			<report>
				<misses>3730001</misses>
				<total>93</total>
				<timestamp>745.257888</timestamp>
			</report>
			<report>
				<misses>3731001</misses>
				<total>93</total>
				<timestamp>745.457627</timestamp>
			</report>
			<report>
				<misses>3732001</misses>
				<total>93</total>
				<timestamp>745.657354</timestamp>
			</report>
			<report>
				<misses>3733001</misses>
				<total>93</total>
				<timestamp>745.857204</timestamp>
			</report>
			<report>
				<misses>3734001</misses>
				<total>93</total>
				<timestamp>746.056975</timestamp>
			</report>
			<report>
				<misses>3735001</misses>
				<total>92</total>
				<timestamp>746.256935</timestamp>
			</report>
			<report>
				<misses>3736001</misses>
				<total>93</total>
				<timestamp>746.456624</timestamp>
			</report>
			<report>
				<misses>3737001</misses>
				<total>93</total>
				<timestamp>746.656468</timestamp>
			</report>
			<report>
				<misses>3738001</misses>
				<total>92</total>
				<timestamp>746.856182</timestamp>
			</report>
			<report>
				<misses>3739001</misses>
				<total>93</total>
				<timestamp>747.056018</timestamp>
			</report>
			<report>
				<misses>3740001</misses>
				<total>93</total>
				<timestamp>747.255811</timestamp>
			</report>
			<report>
				<misses>3741001</misses>
				<total>93</total>
				<timestamp>747.455600</timestamp>
			</report>
			<report>
				<misses>3742001</misses>
				<total>93</total>
				<timestamp>747.655426</timestamp>
			</report>
			<report>
				<misses>3743001</misses>
				<total>93</total>
				<timestamp>747.855222</timestamp>
			</report>
			<report>
				<misses>3744001</misses>
				<total>93</total>
				<timestamp>748.054989</timestamp>
			</report>
			<report>
				<misses>3745001</misses>
				<total>93</total>
				<timestamp>748.254867</timestamp>
			</report>
			<report>
				<misses>3746001</misses>
				<total>93</total>
				<timestamp>748.454629</timestamp>
			</report>
			<report>
				<misses>3747001</misses>
				<total>93</total>
				<timestamp>748.654387</timestamp>
			</report>
			<report>
				<misses>3748001</misses>
				<total>93</total>
				<timestamp>748.854167</timestamp>
			</report>
			<report>
				<misses>3749001</misses>
				<total>93</total>
				<timestamp>749.053964</timestamp>
			</report>
			<report>
				<misses>3750001</misses>
				<total>93</total>
				<timestamp>749.253781</timestamp>
			</report>
			<report>
				<misses>3751001</misses>
				<total>93</total>
				<timestamp>749.453590</timestamp>
			</report>
			<report>
				<misses>3752001</misses>
				<total>93</total>
				<timestamp>749.653413</timestamp>
			</report>
			<report>
				<misses>3753001</misses>
				<total>92</total>
				<timestamp>749.853190</timestamp>
			</report>
			<report>
				<misses>3754001</misses>
				<total>93</total>
				<timestamp>750.052979</timestamp>
			</report>
			<report>
				<misses>3755001</misses>
				<total>93</total>
				<timestamp>750.252826</timestamp>
			</report>
			<report>
				<misses>3756001</misses>
				<total>93</total>
				<timestamp>750.452615</timestamp>
			</report>
			<report>
				<misses>3757001</misses>
				<total>93</total>
				<timestamp>750.652479</timestamp>
			</report>
			<report>
				<misses>3758001</misses>
				<total>93</total>
				<timestamp>750.852188</timestamp>
			</report>
			<report>
				<misses>3759001</misses>
				<total>93</total>
				<timestamp>751.052059</timestamp>
			</report>
			<report>
				<misses>3760001</misses>
				<total>92</total>
				<timestamp>751.251787</timestamp>
			</report>
			<report>
				<misses>3761001</misses>
				<total>93</total>
				<timestamp>751.451618</timestamp>
			</report>
			<report>
				<misses>3762001</misses>
				<total>93</total>
				<timestamp>751.651394</timestamp>
			</report>
			<report>
				<misses>3763001</misses>
				<total>93</total>
				<timestamp>751.851201</timestamp>
			</report>
			<report>
				<misses>3764001</misses>
				<total>93</total>
				<timestamp>752.051007</timestamp>
			</report>
			<report>
				<misses>3765001</misses>
				<total>93</total>
				<timestamp>752.250863</timestamp>
			</report>
			<report>
				<misses>3766001</misses>
				<total>93</total>
				<timestamp>752.450635</timestamp>
			</report>
			<report>
				<misses>3767001</misses>
				<total>92</total>
				<timestamp>752.650383</timestamp>
			</report>
			<report>
				<misses>3768001</misses>
				<total>93</total>
				<timestamp>752.850187</timestamp>
			</report>
			<report>
				<misses>3769001</misses>
				<total>93</total>
				<timestamp>753.050022</timestamp>
			</report>
			<report>
				<misses>3770001</misses>
				<total>93</total>
				<timestamp>753.249815</timestamp>
			</report>
			<report>
				<misses>3771001</misses>
				<total>93</total>
				<timestamp>753.449585</timestamp>
			</report>
			<report>
				<misses>3772001</misses>
				<total>93</total>
				<timestamp>753.649426</timestamp>
			</report>
			<report>
				<misses>3773001</misses>
				<total>93</total>
				<timestamp>753.849158</timestamp>
			</report>
			<report>
				<misses>3774001</misses>
				<total>93</total>
				<timestamp>754.048966</timestamp>
			</report>
			<report>
				<misses>3775001</misses>
				<total>93</total>
				<timestamp>754.248798</timestamp>
			</report>
			<report>
				<misses>3776001</misses>
				<total>93</total>
				<timestamp>754.448591</timestamp>
			</report>
			<report>
				<misses>3777001</misses>
				<total>92</total>
				<timestamp>754.648407</timestamp>
			</report>
			<report>
				<misses>3778001</misses>
				<total>93</total>
				<timestamp>754.848261</timestamp>
			</report>
			<report>
				<misses>3779001</misses>
				<total>92</total>
				<timestamp>755.048061</timestamp>
			</report>
			<report>
				<misses>3780001</misses>
				<total>93</total>
				<timestamp>755.247817</timestamp>
			</report>
			<report>
				<misses>3781001</misses>
				<total>93</total>
				<timestamp>755.447660</timestamp>
			</report>
			<report>
				<misses>3782001</misses>
				<total>93</total>
				<timestamp>755.647480</timestamp>
			</report>
			<report>
				<misses>3783001</misses>
				<total>93</total>
				<timestamp>755.847175</timestamp>
			</report>
			<report>
				<misses>3784001</misses>
				<total>93</total>
				<timestamp>756.046994</timestamp>
			</report>
			<report>
				<misses>3785001</misses>
				<total>93</total>
				<timestamp>756.246800</timestamp>
			</report>
			<report>
				<misses>3786001</misses>
				<total>93</total>
				<timestamp>756.446603</timestamp>
			</report>
			<report>
				<misses>3787001</misses>
				<total>93</total>
				<timestamp>756.646416</timestamp>
			</report>
			<report>
				<misses>3788001</misses>
				<total>93</total>
				<timestamp>756.846263</timestamp>
			</report>
			<report>
				<misses>3789001</misses>
				<total>93</total>
				<timestamp>757.045970</timestamp>
			</report>
			<report>
				<misses>3790001</misses>
				<total>93</total>
				<timestamp>757.245772</timestamp>
			</report>
			<report>
				<misses>3791001</misses>
				<total>93</total>
				<timestamp>757.445581</timestamp>
			</report>
			<report>
				<misses>3792001</misses>
				<total>93</total>
				<timestamp>757.645388</timestamp>
			</report>
			<report>
				<misses>3793001</misses>
				<total>93</total>
				<timestamp>757.845185</timestamp>
			</report>
			<report>
				<misses>3794001</misses>
				<total>93</total>
				<timestamp>758.045008</timestamp>
			</report>
			<report>
				<misses>3795001</misses>
				<total>93</total>
				<timestamp>758.244834</timestamp>
			</report>
			<report>
				<misses>3796001</misses>
				<total>93</total>
				<timestamp>758.444576</timestamp>
			</report>
			<report>
				<misses>3797001</misses>
				<total>93</total>
				<timestamp>758.644425</timestamp>
			</report>
			<report>
				<misses>3798001</misses>
				<total>93</total>
				<timestamp>758.844179</timestamp>
			</report>
			<report>
				<misses>3799001</misses>
				<total>93</total>
				<timestamp>759.043994</timestamp>
			</report>
			<report>
				<misses>3800001</misses>
				<total>93</total>
				<timestamp>759.243786</timestamp>
			</report>
			<report>
				<misses>3801001</misses>
				<total>93</total>
				<timestamp>759.443585</timestamp>
			</report>
			<report>
				<misses>3802001</misses>
				<total>93</total>
				<timestamp>759.643380</timestamp>
			</report>
			<report>
				<misses>3803001</misses>
				<total>93</total>
				<timestamp>759.843169</timestamp>
			</report>
			<report>
				<misses>3804001</misses>
				<total>93</total>
				<timestamp>760.042988</timestamp>
			</report>
			<report>
				<misses>3805001</misses>
				<total>93</total>
				<timestamp>760.242756</timestamp>
			</report>
			<report>
				<misses>3806001</misses>
				<total>93</total>
				<timestamp>760.442576</timestamp>
			</report>
			<report>
				<misses>3807001</misses>
				<total>93</total>
				<timestamp>760.642418</timestamp>
			</report>
			<report>
				<misses>3808001</misses>
				<total>93</total>
				<timestamp>760.842239</timestamp>
			</report>
			<report>
				<misses>3809001</misses>
				<total>93</total>
				<timestamp>761.041989</timestamp>
			</report>
			<report>
				<misses>3810001</misses>
				<total>92</total>
				<timestamp>761.241867</timestamp>
			</report>
			<report>
				<misses>3811001</misses>
				<total>93</total>
				<timestamp>761.441655</timestamp>
			</report>
			<report>
				<misses>3812001</misses>
				<total>93</total>
				<timestamp>761.641365</timestamp>
			</report>
			<report>
				<misses>3813001</misses>
				<total>93</total>
				<timestamp>761.841223</timestamp>
			</report>
			<report>
				<misses>3814001</misses>
				<total>93</total>
				<timestamp>762.040984</timestamp>
			</report>
			<report>
				<misses>3815001</misses>
				<total>93</total>
				<timestamp>762.240792</timestamp>
			</report>
			<report>
				<misses>3816001</misses>
				<total>93</total>
				<timestamp>762.440623</timestamp>
			</report>
			<report>
				<misses>3817001</misses>
				<total>93</total>
				<timestamp>762.640401</timestamp>
			</report>
			<report>
				<misses>3818001</misses>
				<total>93</total>
				<timestamp>762.840247</timestamp>
			</report>
			<report>
				<misses>3819001</misses>
				<total>93</total>
				<timestamp>763.040003</timestamp>
			</report>
			<report>
				<misses>3820001</misses>
				<total>93</total>
				<timestamp>763.239776</timestamp>
			</report>
			<report>
				<misses>3821001</misses>
				<total>93</total>
				<timestamp>763.439594</timestamp>
			</report>
			<report>
				<misses>3822001</misses>
				<total>93</total>
				<timestamp>763.639404</timestamp>
			</report>
			<report>
				<misses>3823001</misses>
				<total>93</total>
				<timestamp>763.839184</timestamp>
			</report>
			<report>
				<misses>3824001</misses>
				<total>93</total>
				<timestamp>764.039032</timestamp>
			</report>
			<report>
				<misses>3825001</misses>
				<total>93</total>
				<timestamp>764.238783</timestamp>
			</report>
			<report>
				<misses>3826001</misses>
				<total>93</total>
				<timestamp>764.438645</timestamp>
			</report>
			<report>
				<misses>3827001</misses>
				<total>93</total>
				<timestamp>764.638434</timestamp>
			</report>
			<report>
				<misses>3828001</misses>
				<total>93</total>
				<timestamp>764.838228</timestamp>
			</report>
			<report>
				<misses>3829001</misses>
				<total>93</total>
				<timestamp>765.037970</timestamp>
			</report>
			<report>
				<misses>3830001</misses>
				<total>93</total>
				<timestamp>765.237806</timestamp>
			</report>
			<report>
				<misses>3831001</misses>
				<total>93</total>
				<timestamp>765.437613</timestamp>
			</report>
			<report>
				<misses>3832001</misses>
				<total>93</total>
				<timestamp>765.637505</timestamp>
			</report>
			<report>
				<misses>3833001</misses>
				<total>93</total>
				<timestamp>765.837193</timestamp>
			</report>
			<report>
				<misses>3834001</misses>
				<total>93</total>
				<timestamp>766.036979</timestamp>
			</report>
			<report>
				<misses>3835001</misses>
				<total>92</total>
				<timestamp>766.236818</timestamp>
			</report>
			<report>
				<misses>3836001</misses>
				<total>93</total>
				<timestamp>766.436625</timestamp>
			</report>
			<report>
				<misses>3837001</misses>
				<total>93</total>
				<timestamp>766.636435</timestamp>
			</report>
			<report>
				<misses>3838001</misses>
				<total>95</total>
				<timestamp>766.836215</timestamp>
			</report>
			<report>
				<misses>3839001</misses>
				<total>95</total>
				<timestamp>767.035965</timestamp>
			</report>
			<report>
				<misses>3840001</misses>
				<total>95</total>
				<timestamp>767.235774</timestamp>
			</report>
			<report>
				<misses>3841001</misses>
				<total>95</total>
				<timestamp>767.435616</timestamp>
			</report>
			<report>
				<misses>3842001</misses>
				<total>94</total>
				<timestamp>767.635458</timestamp>
			</report>
			<report>
				<misses>3843001</misses>
				<total>95</total>
				<timestamp>767.835221</timestamp>
			</report>
			<report>
				<misses>3844001</misses>
				<total>95</total>
				<timestamp>768.035041</timestamp>
			</report>
			<report>
				<misses>3845001</misses>
				<total>94</total>
				<timestamp>768.234782</timestamp>
			</report>
			<report>
				<misses>3846001</misses>
				<total>95</total>
				<timestamp>768.434591</timestamp>
			</report>
			<report>
				<misses>3847001</misses>
				<total>95</total>
				<timestamp>768.634435</timestamp>
			</report>
			<report>
				<misses>3848001</misses>
				<total>95</total>
				<timestamp>768.834213</timestamp>
			</report>
			<report>
				<misses>3849001</misses>
				<total>95</total>
				<timestamp>769.034046</timestamp>
			</report>
			<report>
				<misses>3850001</misses>
				<total>95</total>
				<timestamp>769.233808</timestamp>
			</report>
			<report>
				<misses>3851001</misses>
				<total>95</total>
				<timestamp>769.433573</timestamp>
			</report>
			<report>
				<misses>3852001</misses>
				<total>95</total>
				<timestamp>769.633397</timestamp>
			</report>
			<report>
				<misses>3853001</misses>
				<total>95</total>
				<timestamp>769.833268</timestamp>
			</report>
			<report>
				<misses>3854001</misses>
				<total>95</total>
				<timestamp>770.032960</timestamp>
			</report>
			<report>
				<misses>3855001</misses>
				<total>95</total>
				<timestamp>770.232780</timestamp>
			</report>
			<report>
				<misses>3856001</misses>
				<total>95</total>
				<timestamp>770.432571</timestamp>
			</report>
			<report>
				<misses>3857001</misses>
				<total>95</total>
				<timestamp>770.632392</timestamp>
			</report>
			<report>
				<misses>3858001</misses>
				<total>95</total>
				<timestamp>770.832150</timestamp>
			</report>
			<report>
				<misses>3859001</misses>
				<total>95</total>
				<timestamp>771.031955</timestamp>
			</report>
			<report>
				<misses>3860001</misses>
				<total>95</total>
				<timestamp>771.231872</timestamp>
			</report>
			<report>
				<misses>3861001</misses>
				<total>95</total>
				<timestamp>771.431644</timestamp>
			</report>
			<report>
				<misses>3862001</misses>
				<total>95</total>
				<timestamp>771.631425</timestamp>
			</report>
			<report>
				<misses>3863001</misses>
				<total>95</total>
				<timestamp>771.831178</timestamp>
			</report>
			<report>
				<misses>3864001</misses>
				<total>95</total>
				<timestamp>772.031011</timestamp>
			</report>
			<report>
				<misses>3865001</misses>
				<total>95</total>
				<timestamp>772.230781</timestamp>
			</report>
			<report>
				<misses>3866001</misses>
				<total>95</total>
				<timestamp>772.430580</timestamp>
			</report>
			<report>
				<misses>3867001</misses>
				<total>95</total>
				<timestamp>772.630466</timestamp>
			</report>
			<report>
				<misses>3868001</misses>
				<total>95</total>
				<timestamp>772.830177</timestamp>
			</report>
			<report>
				<misses>3869001</misses>
				<total>95</total>
				<timestamp>773.030018</timestamp>
			</report>
			<report>
				<misses>3870001</misses>
				<total>95</total>
				<timestamp>773.229863</timestamp>
			</report>
			<report>
				<misses>3871001</misses>
				<total>95</total>
				<timestamp>773.429571</timestamp>
			</report>
			<report>
				<misses>3872001</misses>
				<total>94</total>
				<timestamp>773.629416</timestamp>
			</report>
			<report>
				<misses>3873001</misses>
				<total>95</total>
				<timestamp>773.829187</timestamp>
			</report>
			<report>
				<misses>3874001</misses>
				<total>95</total>
				<timestamp>774.029001</timestamp>
			</report>
			<report>
				<misses>3875001</misses>
				<total>94</total>
				<timestamp>774.228863</timestamp>
			</report>
			<report>
				<misses>3876001</misses>
				<total>95</total>
				<timestamp>774.428605</timestamp>
			</report>
			<report>
				<misses>3877001</misses>
				<total>95</total>
				<timestamp>774.628420</timestamp>
			</report>
			<report>
				<misses>3878001</misses>
				<total>94</total>
				<timestamp>774.828185</timestamp>
			</report>
			<report>
				<misses>3879001</misses>
				<total>95</total>
				<timestamp>775.027959</timestamp>
			</report>
			<report>
				<misses>3880001</misses>
				<total>95</total>
				<timestamp>775.227799</timestamp>
			</report>
			<report>
				<misses>3881001</misses>
				<total>95</total>
				<timestamp>775.427684</timestamp>
			</report>
			<report>
				<misses>3882001</misses>
				<total>95</total>
				<timestamp>775.627402</timestamp>
			</report>
			<report>
				<misses>3883001</misses>
				<total>95</total>
				<timestamp>775.827170</timestamp>
			</report>
			<report>
				<misses>3884001</misses>
				<total>95</total>
				<timestamp>776.026983</timestamp>
			</report>
			<report>
				<misses>3885001</misses>
				<total>95</total>
				<timestamp>776.226780</timestamp>
			</report>
			<report>
				<misses>3886001</misses>
				<total>95</total>
				<timestamp>776.426555</timestamp>
			</report>
			<report>
				<misses>3887001</misses>
				<total>95</total>
				<timestamp>776.626368</timestamp>
			</report>
			<report>
				<misses>3888001</misses>
				<total>95</total>
				<timestamp>776.826154</timestamp>
			</report>
			<report>
				<misses>3889001</misses>
				<total>95</total>
				<timestamp>777.026059</timestamp>
			</report>
			<report>
				<misses>3890001</misses>
				<total>95</total>
				<timestamp>777.225802</timestamp>
			</report>
			<report>
				<misses>3891001</misses>
				<total>95</total>
				<timestamp>777.425618</timestamp>
			</report>
			<report>
				<misses>3892001</misses>
				<total>95</total>
				<timestamp>777.625403</timestamp>
			</report>
			<report>
				<misses>3893001</misses>
				<total>94</total>
				<timestamp>777.825175</timestamp>
			</report>
			<report>
				<misses>3894001</misses>
				<total>95</total>
				<timestamp>778.025004</timestamp>
			</report>
			<report>
				<misses>3895001</misses>
				<total>95</total>
				<timestamp>778.224775</timestamp>
			</report>
			<report>
				<misses>3896001</misses>
				<total>95</total>
				<timestamp>778.424616</timestamp>
			</report>
			<report>
				<misses>3897001</misses>
				<total>94</total>
				<timestamp>778.624399</timestamp>
			</report>
			<report>
				<misses>3898001</misses>
				<total>95</total>
				<timestamp>778.824183</timestamp>
			</report>
			<report>
				<misses>3899001</misses>
				<total>95</total>
				<timestamp>779.023995</timestamp>
			</report>
			<report>
				<misses>3900001</misses>
				<total>95</total>
				<timestamp>779.223820</timestamp>
			</report>
			<report>
				<misses>3901001</misses>
				<total>95</total>
				<timestamp>779.423616</timestamp>
			</report>
			<report>
				<misses>3902001</misses>
				<total>95</total>
				<timestamp>779.623415</timestamp>
			</report>
			<report>
				<misses>3903001</misses>
				<total>95</total>
				<timestamp>779.823173</timestamp>
			</report>
			<report>
				<misses>3904001</misses>
				<total>95</total>
				<timestamp>780.022958</timestamp>
			</report>
			<report>
				<misses>3905001</misses>
				<total>95</total>
				<timestamp>780.222773</timestamp>
			</report>
			<report>
				<misses>3906001</misses>
				<total>95</total>
				<timestamp>780.422625</timestamp>
			</report>
			<report>
				<misses>3907001</misses>
				<total>94</total>
				<timestamp>780.622406</timestamp>
			</report>
			<report>
				<misses>3908001</misses>
				<total>95</total>
				<timestamp>780.822166</timestamp>
			</report>
			<report>
				<misses>3909001</misses>
				<total>94</total>
				<timestamp>781.021998</timestamp>
			</report>
			<report>
				<misses>3910001</misses>
				<total>95</total>
				<timestamp>781.221793</timestamp>
			</report>
			<report>
				<misses>3911001</misses>
				<total>94</total>
				<timestamp>781.421643</timestamp>
			</report>
			<report>
				<misses>3912001</misses>
				<total>94</total>
				<timestamp>781.621438</timestamp>
			</report>
			<report>
				<misses>3913001</misses>
				<total>95</total>
				<timestamp>781.821265</timestamp>
			</report>
			<report>
				<misses>3914001</misses>
				<total>95</total>
				<timestamp>782.021004</timestamp>
			</report>
			<report>
				<misses>3915001</misses>
				<total>95</total>
				<timestamp>782.220770</timestamp>
			</report>
			<report>
				<misses>3916001</misses>
				<total>95</total>
				<timestamp>782.420638</timestamp>
			</report>
			<report>
				<misses>3917001</misses>
				<total>95</total>
				<timestamp>782.620515</timestamp>
			</report>
			<report>
				<misses>3918001</misses>
				<total>94</total>
				<timestamp>782.820223</timestamp>
			</report>
			<report>
				<misses>3919001</misses>
				<total>95</total>
				<timestamp>783.020011</timestamp>
			</report>
			<report>
				<misses>3920001</misses>
				<total>95</total>
				<timestamp>783.219782</timestamp>
			</report>
			<report>
				<misses>3921001</misses>
				<total>94</total>
				<timestamp>783.419645</timestamp>
			</report>
			<report>
				<misses>3922001</misses>
				<total>95</total>
				<timestamp>783.619391</timestamp>
			</report>
			<report>
				<misses>3923001</misses>
				<total>95</total>
				<timestamp>783.819219</timestamp>
			</report>
			<report>
				<misses>3924001</misses>
				<total>95</total>
				<timestamp>784.018969</timestamp>
			</report>
			<report>
				<misses>3925001</misses>
				<total>96</total>
				<timestamp>784.218851</timestamp>
			</report>
			<report>
				<misses>3926001</misses>
				<total>96</total>
				<timestamp>784.418571</timestamp>
			</report>
			<report>
				<misses>3927001</misses>
				<total>96</total>
				<timestamp>784.618422</timestamp>
			</report>
			<report>
				<misses>3928001</misses>
				<total>96</total>
				<timestamp>784.818192</timestamp>
			</report>
			<report>
				<misses>3929001</misses>
				<total>96</total>
				<timestamp>785.018067</timestamp>
			</report>
			<report>
				<misses>3930001</misses>
				<total>96</total>
				<timestamp>785.217830</timestamp>
			</report>
			<report>
				<misses>3931001</misses>
				<total>96</total>
				<timestamp>785.417583</timestamp>
			</report>
			<report>
				<misses>3932001</misses>
				<total>96</total>
				<timestamp>785.617440</timestamp>
			</report>
			<report>
				<misses>3933001</misses>
				<total>95</total>
				<timestamp>785.817253</timestamp>
			</report>
			<report>
				<misses>3934001</misses>
				<total>96</total>
				<timestamp>786.016972</timestamp>
			</report>
			<report>
				<misses>3935001</misses>
				<total>96</total>
				<timestamp>786.216809</timestamp>
			</report>
			<report>
				<misses>3936001</misses>
				<total>95</total>
				<timestamp>786.416634</timestamp>
			</report>
			<report>
				<misses>3937001</misses>
				<total>96</total>
				<timestamp>786.616404</timestamp>
			</report>
			<report>
				<misses>3938001</misses>
				<total>96</total>
				<timestamp>786.816250</timestamp>
			</report>
			<report>
				<misses>3939001</misses>
				<total>96</total>
				<timestamp>787.016010</timestamp>
			</report>
			<report>
				<misses>3940001</misses>
				<total>96</total>
				<timestamp>787.215791</timestamp>
			</report>
			<report>
				<misses>3941001</misses>
				<total>96</total>
				<timestamp>787.415632</timestamp>
			</report>
			<report>
				<misses>3942001</misses>
				<total>96</total>
				<timestamp>787.615498</timestamp>
			</report>
			<report>
				<misses>3943001</misses>
				<total>96</total>
				<timestamp>787.815202</timestamp>
			</report>
			<report>
				<misses>3944001</misses>
				<total>96</total>
				<timestamp>788.015026</timestamp>
			</report>
			<report>
				<misses>3945001</misses>
				<total>96</total>
				<timestamp>788.214783</timestamp>
			</report>
			<report>
				<misses>3946001</misses>
				<total>96</total>
				<timestamp>788.414650</timestamp>
			</report>
			<report>
				<misses>3947001</misses>
				<total>96</total>
				<timestamp>788.614454</timestamp>
			</report>
			<report>
				<misses>3948001</misses>
				<total>96</total>
				<timestamp>788.814190</timestamp>
			</report>
			<report>
				<misses>3949001</misses>
				<total>96</total>
				<timestamp>789.013998</timestamp>
			</report>
			<report>
				<misses>3950001</misses>
				<total>96</total>
				<timestamp>789.213805</timestamp>
			</report>
			<report>
				<misses>3951001</misses>
				<total>96</total>
				<timestamp>789.413591</timestamp>
			</report>
			<report>
				<misses>3952001</misses>
				<total>96</total>
				<timestamp>789.613388</timestamp>
			</report>
			<report>
				<misses>3953001</misses>
				<total>96</total>
				<timestamp>789.813222</timestamp>
			</report>
			<report>
				<misses>3954001</misses>
				<total>96</total>
				<timestamp>790.013002</timestamp>
			</report>
			<report>
				<misses>3955001</misses>
				<total>96</total>
				<timestamp>790.212775</timestamp>
			</report>
			<report>
				<misses>3956001</misses>
				<total>96</total>
				<timestamp>790.412597</timestamp>
			</report>
			<report>
				<misses>3957001</misses>
				<total>96</total>
				<timestamp>790.612396</timestamp>
			</report>
			<report>
				<misses>3958001</misses>
				<total>96</total>
				<timestamp>790.812220</timestamp>
			</report>
			<report>
				<misses>3959001</misses>
				<total>96</total>
				<timestamp>791.011984</timestamp>
			</report>
			<report>
				<misses>3960001</misses>
				<total>96</total>
				<timestamp>791.211797</timestamp>
			</report>
			<report>
				<misses>3961001</misses>
				<total>96</total>
				<timestamp>791.411591</timestamp>
			</report>
			<report>
				<misses>3962001</misses>
				<total>96</total>
				<timestamp>791.611470</timestamp>
			</report>
			<report>
				<misses>3963001</misses>
				<total>96</total>
				<timestamp>791.811254</timestamp>
			</report>
			<report>
				<misses>3964001</misses>
				<total>97</total>
				<timestamp>792.010967</timestamp>
			</report>
			<report>
				<misses>3965001</misses>
				<total>97</total>
				<timestamp>792.210848</timestamp>
			</report>
			<report>
				<misses>3966001</misses>
				<total>97</total>
				<timestamp>792.410603</timestamp>
			</report>
			<report>
				<misses>3967001</misses>
				<total>97</total>
				<timestamp>792.610388</timestamp>
			</report>
			<report>
				<misses>3968001</misses>
				<total>97</total>
				<timestamp>792.810172</timestamp>
			</report>
			<report>
				<misses>3969001</misses>
				<total>96</total>
				<timestamp>793.010019</timestamp>
			</report>
			<report>
				<misses>3970001</misses>
				<total>97</total>
				<timestamp>793.209874</timestamp>
			</report>
			<report>
				<misses>3971001</misses>
				<total>97</total>
				<timestamp>793.409640</timestamp>
			</report>
			<report>
				<misses>3972001</misses>
				<total>97</total>
				<timestamp>793.609407</timestamp>
			</report>
			<report>
				<misses>3973001</misses>
				<total>97</total>
				<timestamp>793.809333</timestamp>
			</report>
			<report>
				<misses>3974001</misses>
				<total>97</total>
				<timestamp>794.009025</timestamp>
			</report>
			<report>
				<misses>3975001</misses>
				<total>97</total>
				<timestamp>794.208849</timestamp>
			</report>
			<report>
				<misses>3976001</misses>
				<total>97</total>
				<timestamp>794.408570</timestamp>
			</report>
			<report>
				<misses>3977001</misses>
				<total>97</total>
				<timestamp>794.608404</timestamp>
			</report>
			<report>
				<misses>3978001</misses>
				<total>96</total>
				<timestamp>794.808293</timestamp>
			</report>
			<report>
				<misses>3979001</misses>
				<total>96</total>
				<timestamp>795.008107</timestamp>
			</report>
			<report>
				<misses>3980001</misses>
				<total>97</total>
				<timestamp>795.207769</timestamp>
			</report>
			<report>
				<misses>3981001</misses>
				<total>97</total>
				<timestamp>795.407584</timestamp>
			</report>
			<report>
				<misses>3982001</misses>
				<total>97</total>
				<timestamp>795.607475</timestamp>
			</report>
			<report>
				<misses>3983001</misses>
				<total>97</total>
				<timestamp>795.807188</timestamp>
			</report>
			<report>
				<misses>3984001</misses>
				<total>97</total>
				<timestamp>796.006999</timestamp>
			</report>
			<report>
				<misses>3985001</misses>
				<total>97</total>
				<timestamp>796.206796</timestamp>
			</report>
			<report>
				<misses>3986001</misses>
				<total>97</total>
				<timestamp>796.406562</timestamp>
			</report>
			<report>
				<misses>3987001</misses>
				<total>97</total>
				<timestamp>796.606468</timestamp>
			</report>
			<report>
				<misses>3988001</misses>
				<total>96</total>
				<timestamp>796.806284</timestamp>
			</report>
			<report>
				<misses>3989001</misses>
				<total>97</total>
				<timestamp>797.006037</timestamp>
			</report>
			<report>
				<misses>3990001</misses>
				<total>97</total>
				<timestamp>797.205828</timestamp>
			</report>
			<report>
				<misses>3991001</misses>
				<total>97</total>
				<timestamp>797.405621</timestamp>
			</report>
			<report>
				<misses>3992001</misses>
				<total>97</total>
				<timestamp>797.605384</timestamp>
			</report>
			<report>
				<misses>3993001</misses>
				<total>97</total>
				<timestamp>797.805221</timestamp>
			</report>
			<report>
				<misses>3994001</misses>
				<total>97</total>
				<timestamp>798.004962</timestamp>
			</report>
			<report>
				<misses>3995001</misses>
				<total>97</total>
				<timestamp>798.204830</timestamp>
			</report>
			<report>
				<misses>3996001</misses>
				<total>97</total>
				<timestamp>798.404639</timestamp>
			</report>
			<report>
				<misses>3997001</misses>
				<total>97</total>
				<timestamp>798.604365</timestamp>
			</report>
			<report>
				<misses>3998001</misses>
				<total>97</total>
				<timestamp>798.804273</timestamp>
			</report>
			<report>
				<misses>3999001</misses>
				<total>97</total>
				<timestamp>799.003971</timestamp>
			</report>
			<report>
				<misses>4000001</misses>
				<total>97</total>
				<timestamp>799.203796</timestamp>
			</report>
			<report>
				<misses>4001001</misses>
				<total>96</total>
				<timestamp>799.403688</timestamp>
			</report>
			<report>
				<misses>4002001</misses>
				<total>97</total>
				<timestamp>799.603427</timestamp>
			</report>
			<report>
				<misses>4003001</misses>
				<total>97</total>
				<timestamp>799.803276</timestamp>
			</report>
			<report>
				<misses>4004001</misses>
				<total>97</total>
				<timestamp>800.003011</timestamp>
			</report>
			<report>
				<misses>4005001</misses>
				<total>97</total>
				<timestamp>800.202756</timestamp>
			</report>
			<report>
				<misses>4006001</misses>
				<total>97</total>
				<timestamp>800.402620</timestamp>
			</report>
			<report>
				<misses>4007001</misses>
				<total>97</total>
				<timestamp>800.602493</timestamp>
			</report>
			<report>
				<misses>4008001</misses>
				<total>97</total>
				<timestamp>800.802268</timestamp>
			</report>
			<report>
				<misses>4009001</misses>
				<total>97</total>
				<timestamp>801.001986</timestamp>
			</report>
			<report>
				<misses>4010001</misses>
				<total>97</total>
				<timestamp>801.201834</timestamp>
			</report>
			<report>
				<misses>4011001</misses>
				<total>97</total>
				<timestamp>801.401644</timestamp>
			</report>
			<report>
				<misses>4012001</misses>
				<total>97</total>
				<timestamp>801.601381</timestamp>
			</report>
			<report>
				<misses>4013001</misses>
				<total>97</total>
				<timestamp>801.801234</timestamp>
			</report>
			<report>
				<misses>4014001</misses>
				<total>97</total>
				<timestamp>802.000960</timestamp>
			</report>
			<report>
				<misses>4015001</misses>
				<total>97</total>
				<timestamp>802.200797</timestamp>
			</report>
			<report>
				<misses>4016001</misses>
				<total>97</total>
				<timestamp>802.400595</timestamp>
			</report>
			<report>
				<misses>4017001</misses>
				<total>96</total>
				<timestamp>802.600435</timestamp>
			</report>
			<report>
				<misses>4018001</misses>
				<total>97</total>
				<timestamp>802.800243</timestamp>
			</report>
			<report>
				<misses>4019001</misses>
				<total>97</total>
				<timestamp>803.000011</timestamp>
			</report>
			<report>
				<misses>4020001</misses>
				<total>97</total>
				<timestamp>803.199771</timestamp>
			</report>
			<report>
				<misses>4021001</misses>
				<total>97</total>
				<timestamp>803.399616</timestamp>
			</report>
			<report>
				<misses>4022001</misses>
				<total>97</total>
				<timestamp>803.599389</timestamp>
			</report>
			<report>
				<misses>4023001</misses>
				<total>97</total>
				<timestamp>803.799255</timestamp>
			</report>
			<report>
				<misses>4024001</misses>
				<total>97</total>
				<timestamp>803.998965</timestamp>
			</report>
			<report>
				<misses>4025001</misses>
				<total>96</total>
				<timestamp>804.198798</timestamp>
			</report>
			<report>
				<misses>4026001</misses>
				<total>97</total>
				<timestamp>804.398572</timestamp>
			</report>
			<report>
				<misses>4027001</misses>
				<total>97</total>
				<timestamp>804.598427</timestamp>
			</report>
			<report>
				<misses>4028001</misses>
				<total>97</total>
				<timestamp>804.798253</timestamp>
			</report>
			<report>
				<misses>4029001</misses>
				<total>97</total>
				<timestamp>804.998033</timestamp>
			</report>
			<report>
				<misses>4030001</misses>
				<total>97</total>
				<timestamp>805.197771</timestamp>
			</report>
			<report>
				<misses>4031001</misses>
				<total>97</total>
				<timestamp>805.397566</timestamp>
			</report>
			<report>
				<misses>4032001</misses>
				<total>97</total>
				<timestamp>805.597419</timestamp>
			</report>
			<report>
				<misses>4033001</misses>
				<total>97</total>
				<timestamp>805.797302</timestamp>
			</report>
			<report>
				<misses>4034001</misses>
				<total>97</total>
				<timestamp>805.996989</timestamp>
			</report>
			<report>
				<misses>4035001</misses>
				<total>97</total>
				<timestamp>806.196785</timestamp>
			</report>
			<report>
				<misses>4036001</misses>
				<total>97</total>
				<timestamp>806.396596</timestamp>
			</report>
			<report>
				<misses>4037001</misses>
				<total>97</total>
				<timestamp>806.596408</timestamp>
			</report>
			<report>
				<misses>4038001</misses>
				<total>97</total>
				<timestamp>806.796253</timestamp>
			</report>
			<report>
				<misses>4039001</misses>
				<total>97</total>
				<timestamp>806.995979</timestamp>
			</report>
			<report>
				<misses>4040001</misses>
				<total>97</total>
				<timestamp>807.195834</timestamp>
			</report>
			<report>
				<misses>4041001</misses>
				<total>97</total>
				<timestamp>807.395597</timestamp>
			</report>
			<report>
				<misses>4042001</misses>
				<total>97</total>
				<timestamp>807.595454</timestamp>
			</report>
			<report>
				<misses>4043001</misses>
				<total>97</total>
				<timestamp>807.795267</timestamp>
			</report>
			<report>
				<misses>4044001</misses>
				<total>97</total>
				<timestamp>807.995009</timestamp>
			</report>
			<report>
				<misses>4045001</misses>
				<total>97</total>
				<timestamp>808.194793</timestamp>
			</report>
			<report>
				<misses>4046001</misses>
				<total>97</total>
				<timestamp>808.394550</timestamp>
			</report>
			<report>
				<misses>4047001</misses>
				<total>97</total>
				<timestamp>808.594377</timestamp>
			</report>
			<report>
				<misses>4048001</misses>
				<total>97</total>
				<timestamp>808.794210</timestamp>
			</report>
			<report>
				<misses>4049001</misses>
				<total>99</total>
				<timestamp>808.994018</timestamp>
			</report>
			<report>
				<misses>4050001</misses>
				<total>99</total>
				<timestamp>809.193773</timestamp>
			</report>
			<report>
				<misses>4051001</misses>
				<total>99</total>
				<timestamp>809.393639</timestamp>
			</report>
			<report>
				<misses>4052001</misses>
				<total>98</total>
				<timestamp>809.593380</timestamp>
			</report>
			<report>
				<misses>4053001</misses>
				<total>98</total>
				<timestamp>809.793234</timestamp>
			</report>
			<report>
				<misses>4054001</misses>
				<total>99</total>
				<timestamp>809.992968</timestamp>
			</report>
			<report>
				<misses>4055001</misses>
				<total>99</total>
				<timestamp>810.192813</timestamp>
			</report>
			<report>
				<misses>4056001</misses>
				<total>99</total>
				<timestamp>810.392583</timestamp>
			</report>
			<report>
				<misses>4057001</misses>
				<total>99</total>
				<timestamp>810.592497</timestamp>
			</report>
			<report>
				<misses>4058001</misses>
				<total>99</total>
				<timestamp>810.792307</timestamp>
			</report>
			<report>
				<misses>4059001</misses>
				<total>99</total>
				<timestamp>810.991961</timestamp>
			</report>
			<report>
				<misses>4060001</misses>
				<total>99</total>
				<timestamp>811.191764</timestamp>
			</report>
			<report>
				<misses>4061001</misses>
				<total>99</total>
				<timestamp>811.391571</timestamp>
			</report>
			<report>
				<misses>4062001</misses>
				<total>102</total>
				<timestamp>811.591370</timestamp>
			</report>
			<report>
				<misses>4063001</misses>
				<total>102</total>
				<timestamp>811.791209</timestamp>
			</report>
			<report>
				<misses>4064001</misses>
				<total>102</total>
				<timestamp>811.991038</timestamp>
			</report>
			<report>
				<misses>4065001</misses>
				<total>107</total>
				<timestamp>812.190773</timestamp>
			</report>
			<report>
				<misses>4066001</misses>
				<total>107</total>
				<timestamp>812.390603</timestamp>
			</report>
			<report>
				<misses>4067001</misses>
				<total>107</total>
				<timestamp>812.590367</timestamp>
			</report>
			<report>
				<misses>4068001</misses>
				<total>107</total>
				<timestamp>812.790206</timestamp>
			</report>
			<report>
				<misses>4069001</misses>
				<total>107</total>
				<timestamp>812.990056</timestamp>
			</report>
			<report>
				<misses>4070001</misses>
				<total>107</total>
				<timestamp>813.189767</timestamp>
			</report>
			<report>
				<misses>4071001</misses>
				<total>107</total>
				<timestamp>813.389590</timestamp>
			</report>
			<report>
				<misses>4072001</misses>
				<total>107</total>
				<timestamp>813.589361</timestamp>
			</report>
			<report>
				<misses>4073001</misses>
				<total>106</total>
				<timestamp>813.789261</timestamp>
			</report>
			<report>
				<misses>4074001</misses>
				<total>107</total>
				<timestamp>813.989041</timestamp>
			</report>
			<report>
				<misses>4075001</misses>
				<total>107</total>
				<timestamp>814.188797</timestamp>
			</report>
			<report>
				<misses>4076001</misses>
				<total>107</total>
				<timestamp>814.388618</timestamp>
			</report>
			<report>
				<misses>4077001</misses>
				<total>107</total>
				<timestamp>814.588365</timestamp>
			</report>
			<report>
				<misses>4078001</misses>
				<total>107</total>
				<timestamp>814.788188</timestamp>
			</report>
			<report>
				<misses>4079001</misses>
				<total>107</total>
				<timestamp>814.988020</timestamp>
			</report>
			<report>
				<misses>4080001</misses>
				<total>107</total>
				<timestamp>815.187822</timestamp>
			</report>
			<report>
				<misses>4081001</misses>
				<total>107</total>
				<timestamp>815.387576</timestamp>
			</report>
			<report>
				<misses>4082001</misses>
				<total>107</total>
				<timestamp>815.587399</timestamp>
			</report>
			<report>
				<misses>4083001</misses>
				<total>107</total>
				<timestamp>815.787164</timestamp>
			</report>
			<report>
				<misses>4084001</misses>
				<total>106</total>
				<timestamp>815.987084</timestamp>
			</report>
			<report>
				<misses>4085001</misses>
				<total>107</total>
				<timestamp>816.186798</timestamp>
			</report>
			<report>
				<misses>4086001</misses>
				<total>109</total>
				<timestamp>816.386563</timestamp>
			</report>
			<report>
				<misses>4087001</misses>
				<total>109</total>
				<timestamp>816.586415</timestamp>
			</report>
			<report>
				<misses>4088001</misses>
				<total>109</total>
				<timestamp>816.786223</timestamp>
			</report>
			<report>
				<misses>4089001</misses>
				<total>109</total>
				<timestamp>816.986027</timestamp>
			</report>
			<report>
				<misses>4090001</misses>
				<total>109</total>
				<timestamp>817.185821</timestamp>
			</report>
			<report>
				<misses>4091001</misses>
				<total>109</total>
				<timestamp>817.385575</timestamp>
			</report>
			<report>
				<misses>4092001</misses>
				<total>108</total>
				<timestamp>817.585467</timestamp>
			</report>
			<report>
				<misses>4093001</misses>
				<total>109</total>
				<timestamp>817.785178</timestamp>
			</report>
			<report>
				<misses>4094001</misses>
				<total>109</total>
				<timestamp>817.985052</timestamp>
			</report>
			<report>
				<misses>4095001</misses>
				<total>111</total>
				<timestamp>818.184789</timestamp>
			</report>
			<report>
				<misses>4096001</misses>
				<total>111</total>
				<timestamp>818.384636</timestamp>
			</report>
			<report>
				<misses>4097001</misses>
				<total>111</total>
				<timestamp>818.584404</timestamp>
			</report>
			<report>
				<misses>4098001</misses>
				<total>111</total>
				<timestamp>818.784199</timestamp>
			</report>
			<report>
				<misses>4099001</misses>
				<total>112</total>
				<timestamp>818.984096</timestamp>
			</report>
			<report>
				<misses>4100001</misses>
				<total>111</total>
				<timestamp>819.183855</timestamp>
			</report>
			<report>
				<misses>4101001</misses>
				<total>112</total>
				<timestamp>819.383635</timestamp>
			</report>
			<report>
				<misses>4102001</misses>
				<total>112</total>
				<timestamp>819.583426</timestamp>
			</report>
			<report>
				<misses>4103001</misses>
				<total>112</total>
				<timestamp>819.783202</timestamp>
			</report>
			<report>
				<misses>4104001</misses>
				<total>112</total>
				<timestamp>819.983040</timestamp>
			</report>
			<report>
				<misses>4105001</misses>
				<total>112</total>
				<timestamp>820.182813</timestamp>
			</report>
			<report>
				<misses>4106001</misses>
				<total>112</total>
				<timestamp>820.382598</timestamp>
			</report>
			<report>
				<misses>4107001</misses>
				<total>112</total>
				<timestamp>820.582379</timestamp>
			</report>
			<report>
				<misses>4108001</misses>
				<total>112</total>
				<timestamp>820.782173</timestamp>
			</report>
			<report>
				<misses>4109001</misses>
				<total>112</total>
				<timestamp>820.982033</timestamp>
			</report>
			<report>
				<misses>4110001</misses>
				<total>112</total>
				<timestamp>821.181773</timestamp>
			</report>
			<report>
				<misses>4111001</misses>
				<total>112</total>
				<timestamp>821.381602</timestamp>
			</report>
			<report>
				<misses>4112001</misses>
				<total>112</total>
				<timestamp>821.581452</timestamp>
			</report>
			<report>
				<misses>4113001</misses>
				<total>112</total>
				<timestamp>821.781222</timestamp>
			</report>
			<report>
				<misses>4114001</misses>
				<total>112</total>
				<timestamp>821.980961</timestamp>
			</report>
			<report>
				<misses>4115001</misses>
				<total>112</total>
				<timestamp>822.180800</timestamp>
			</report>
			<report>
				<misses>4116001</misses>
				<total>112</total>
				<timestamp>822.380627</timestamp>
			</report>
			<report>
				<misses>4117001</misses>
				<total>112</total>
				<timestamp>822.580405</timestamp>
			</report>
			<report>
				<misses>4118001</misses>
				<total>112</total>
				<timestamp>822.780196</timestamp>
			</report>
			<report>
				<misses>4119001</misses>
				<total>112</total>
				<timestamp>822.980039</timestamp>
			</report>
			<report>
				<misses>4120001</misses>
				<total>112</total>
				<timestamp>823.179789</timestamp>
			</report>
			<report>
				<misses>4121001</misses>
				<total>112</total>
				<timestamp>823.379617</timestamp>
			</report>
			<report>
				<misses>4122001</misses>
				<total>112</total>
				<timestamp>823.579391</timestamp>
			</report>
			<report>
				<misses>4123001</misses>
				<total>112</total>
				<timestamp>823.779203</timestamp>
			</report>
			<report>
				<misses>4124001</misses>
				<total>112</total>
				<timestamp>823.979026</timestamp>
			</report>
			<report>
				<misses>4125001</misses>
				<total>112</total>
				<timestamp>824.178765</timestamp>
			</report>
			<report>
				<misses>4126001</misses>
				<total>112</total>
				<timestamp>824.378615</timestamp>
			</report>
			<report>
				<misses>4127001</misses>
				<total>112</total>
				<timestamp>824.578404</timestamp>
			</report>
			<report>
				<misses>4128001</misses>
				<total>112</total>
				<timestamp>824.778205</timestamp>
			</report>
			<report>
				<misses>4129001</misses>
				<total>112</total>
				<timestamp>824.978002</timestamp>
			</report>
			<report>
				<misses>4130001</misses>
				<total>112</total>
				<timestamp>825.177838</timestamp>
			</report>
			<report>
				<misses>4131001</misses>
				<total>112</total>
				<timestamp>825.377586</timestamp>
			</report>
			<report>
				<misses>4132001</misses>
				<total>112</total>
				<timestamp>825.577448</timestamp>
			</report>
			<report>
				<misses>4133001</misses>
				<total>112</total>
				<timestamp>825.777219</timestamp>
			</report>
			<report>
				<misses>4134001</misses>
				<total>112</total>
				<timestamp>825.977042</timestamp>
			</report>
			<report>
				<misses>4135001</misses>
				<total>112</total>
				<timestamp>826.176795</timestamp>
			</report>
			<report>
				<misses>4136001</misses>
				<total>112</total>
				<timestamp>826.376627</timestamp>
			</report>
			<report>
				<misses>4137001</misses>
				<total>112</total>
				<timestamp>826.576372</timestamp>
			</report>
			<report>
				<misses>4138001</misses>
				<total>112</total>
				<timestamp>826.776239</timestamp>
			</report>
			<report>
				<misses>4139001</misses>
				<total>112</total>
				<timestamp>826.976030</timestamp>
			</report>
			<report>
				<misses>4140001</misses>
				<total>112</total>
				<timestamp>827.175800</timestamp>
			</report>
			<report>
				<misses>4141001</misses>
				<total>112</total>
				<timestamp>827.375650</timestamp>
			</report>
			<report>
				<misses>4142001</misses>
				<total>112</total>
				<timestamp>827.575411</timestamp>
			</report>
			<report>
				<misses>4143001</misses>
				<total>112</total>
				<timestamp>827.775233</timestamp>
			</report>
			<report>
				<misses>4144001</misses>
				<total>112</total>
				<timestamp>827.975025</timestamp>
			</report>
			<report>
				<misses>4145001</misses>
				<total>111</total>
				<timestamp>828.174815</timestamp>
			</report>
			<report>
				<misses>4146001</misses>
				<total>112</total>
				<timestamp>828.374676</timestamp>
			</report>
			<report>
				<misses>4147001</misses>
				<total>112</total>
				<timestamp>828.574412</timestamp>
			</report>
			<report>
				<misses>4148001</misses>
				<total>112</total>
				<timestamp>828.774213</timestamp>
			</report>
			<report>
				<misses>4149001</misses>
				<total>112</total>
				<timestamp>828.974027</timestamp>
			</report>
			<report>
				<misses>4150001</misses>
				<total>111</total>
				<timestamp>829.173819</timestamp>
			</report>
			<report>
				<misses>4151001</misses>
				<total>112</total>
				<timestamp>829.373623</timestamp>
			</report>
			<report>
				<misses>4152001</misses>
				<total>112</total>
				<timestamp>829.573369</timestamp>
			</report>
			<report>
				<misses>4153001</misses>
				<total>112</total>
				<timestamp>829.773249</timestamp>
			</report>
			<report>
				<misses>4154001</misses>
				<total>111</total>
				<timestamp>829.973070</timestamp>
			</report>
			<report>
				<misses>4155001</misses>
				<total>112</total>
				<timestamp>830.172829</timestamp>
			</report>
			<report>
				<misses>4156001</misses>
				<total>112</total>
				<timestamp>830.372589</timestamp>
			</report>
			<report>
				<misses>4157001</misses>
				<total>112</total>
				<timestamp>830.572390</timestamp>
			</report>
			<report>
				<misses>4158001</misses>
				<total>112</total>
				<timestamp>830.772199</timestamp>
			</report>
			<report>
				<misses>4159001</misses>
				<total>112</total>
				<timestamp>830.971989</timestamp>
			</report>
			<report>
				<misses>4160001</misses>
				<total>112</total>
				<timestamp>831.171786</timestamp>
			</report>
			<report>
				<misses>4161001</misses>
				<total>112</total>
				<timestamp>831.371591</timestamp>
			</report>
			<report>
				<misses>4162001</misses>
				<total>112</total>
				<timestamp>831.571447</timestamp>
			</report>
			<report>
				<misses>4163001</misses>
				<total>112</total>
				<timestamp>831.771256</timestamp>
			</report>
			<report>
				<misses>4164001</misses>
				<total>112</total>
				<timestamp>831.971062</timestamp>
			</report>
			<report>
				<misses>4165001</misses>
				<total>112</total>
				<timestamp>832.170817</timestamp>
			</report>
			<report>
				<misses>4166001</misses>
				<total>112</total>
				<timestamp>832.370581</timestamp>
			</report>
			<report>
				<misses>4167001</misses>
				<total>112</total>
				<timestamp>832.570391</timestamp>
			</report>
			<report>
				<misses>4168001</misses>
				<total>112</total>
				<timestamp>832.770202</timestamp>
			</report>
			<report>
				<misses>4169001</misses>
				<total>112</total>
				<timestamp>832.970170</timestamp>
			</report>
			<report>
				<misses>4170001</misses>
				<total>111</total>
				<timestamp>833.169816</timestamp>
			</report>
			<report>
				<misses>4171001</misses>
				<total>112</total>
				<timestamp>833.369714</timestamp>
			</report>
			<report>
				<misses>4172001</misses>
				<total>112</total>
				<timestamp>833.569407</timestamp>
			</report>
			<report>
				<misses>4173001</misses>
				<total>112</total>
				<timestamp>833.769174</timestamp>
			</report>
			<report>
				<misses>4174001</misses>
				<total>112</total>
				<timestamp>833.969097</timestamp>
			</report>
			<report>
				<misses>4175001</misses>
				<total>111</total>
				<timestamp>834.168803</timestamp>
			</report>
			<report>
				<misses>4176001</misses>
				<total>112</total>
				<timestamp>834.368614</timestamp>
			</report>
			<report>
				<misses>4177001</misses>
				<total>112</total>
				<timestamp>834.568368</timestamp>
			</report>
			<report>
				<misses>4178001</misses>
				<total>112</total>
				<timestamp>834.768256</timestamp>
			</report>
			<report>
				<misses>4179001</misses>
				<total>112</total>
				<timestamp>834.968028</timestamp>
			</report>
			<report>
				<misses>4180001</misses>
				<total>113</total>
				<timestamp>835.167795</timestamp>
			</report>
			<report>
				<misses>4181001</misses>
				<total>113</total>
				<timestamp>835.367583</timestamp>
			</report>
			<report>
				<misses>4182001</misses>
				<total>113</total>
				<timestamp>835.567445</timestamp>
			</report>
			<report>
				<misses>4183001</misses>
				<total>113</total>
				<timestamp>835.767243</timestamp>
			</report>
			<report>
				<misses>4184001</misses>
				<total>113</total>
				<timestamp>835.966978</timestamp>
			</report>
			<report>
				<misses>4185001</misses>
				<total>113</total>
				<timestamp>836.166786</timestamp>
			</report>
			<report>
				<misses>4186001</misses>
				<total>113</total>
				<timestamp>836.366593</timestamp>
			</report>
			<report>
				<misses>4187001</misses>
				<total>113</total>
				<timestamp>836.566394</timestamp>
			</report>
			<report>
				<misses>4188001</misses>
				<total>113</total>
				<timestamp>836.766194</timestamp>
			</report>
			<report>
				<misses>4189001</misses>
				<total>113</total>
				<timestamp>836.965974</timestamp>
			</report>
			<report>
				<misses>4190001</misses>
				<total>113</total>
				<timestamp>837.165771</timestamp>
			</report>
			<report>
				<misses>4191001</misses>
				<total>113</total>
				<timestamp>837.365629</timestamp>
			</report>
			<report>
				<misses>4192001</misses>
				<total>113</total>
				<timestamp>837.565476</timestamp>
			</report>
			<report>
				<misses>4193001</misses>
				<total>113</total>
				<timestamp>837.765178</timestamp>
			</report>
			<report>
				<misses>4194001</misses>
				<total>113</total>
				<timestamp>837.965038</timestamp>
			</report>
			<report>
				<misses>4195001</misses>
				<total>113</total>
				<timestamp>838.164835</timestamp>
			</report>
			<report>
				<misses>4196001</misses>
				<total>113</total>
				<timestamp>838.364567</timestamp>
			</report>
			<report>
				<misses>4197001</misses>
				<total>114</total>
				<timestamp>838.564426</timestamp>
			</report>
			<report>
				<misses>4198001</misses>
				<total>114</total>
				<timestamp>838.764259</timestamp>
			</report>
			<report>
				<misses>4199001</misses>
				<total>113</total>
				<timestamp>838.964005</timestamp>
			</report>
			<report>
				<misses>4200001</misses>
				<total>114</total>
				<timestamp>839.163787</timestamp>
			</report>
			<report>
				<misses>4201001</misses>
				<total>114</total>
				<timestamp>839.363606</timestamp>
			</report>
			<report>
				<misses>4202001</misses>
				<total>114</total>
				<timestamp>839.563364</timestamp>
			</report>
			<report>
				<misses>4203001</misses>
				<total>114</total>
				<timestamp>839.763197</timestamp>
			</report>
			<report>
				<misses>4204001</misses>
				<total>113</total>
				<timestamp>839.963060</timestamp>
			</report>
			<report>
				<misses>4205001</misses>
				<total>114</total>
				<timestamp>840.162824</timestamp>
			</report>
			<report>
				<misses>4206001</misses>
				<total>114</total>
				<timestamp>840.362598</timestamp>
			</report>
			<report>
				<misses>4207001</misses>
				<total>114</total>
				<timestamp>840.562366</timestamp>
			</report>
			<report>
				<misses>4208001</misses>
				<total>114</total>
				<timestamp>840.762207</timestamp>
			</report>
			<report>
				<misses>4209001</misses>
				<total>113</total>
				<timestamp>840.962063</timestamp>
			</report>
			<report>
				<misses>4210001</misses>
				<total>114</total>
				<timestamp>841.161841</timestamp>
			</report>
			<report>
				<misses>4211001</misses>
				<total>114</total>
				<timestamp>841.361552</timestamp>
			</report>
			<report>
				<misses>4212001</misses>
				<total>114</total>
				<timestamp>841.561401</timestamp>
			</report>
			<report>
				<misses>4213001</misses>
				<total>114</total>
				<timestamp>841.761188</timestamp>
			</report>
			<report>
				<misses>4214001</misses>
				<total>114</total>
				<timestamp>841.961008</timestamp>
			</report>
			<report>
				<misses>4215001</misses>
				<total>114</total>
				<timestamp>842.160809</timestamp>
			</report>
			<report>
				<misses>4216001</misses>
				<total>114</total>
				<timestamp>842.360575</timestamp>
			</report>
			<report>
				<misses>4217001</misses>
				<total>114</total>
				<timestamp>842.560495</timestamp>
			</report>
			<report>
				<misses>4218001</misses>
				<total>114</total>
				<timestamp>842.760177</timestamp>
			</report>
			<report>
				<misses>4219001</misses>
				<total>114</total>
				<timestamp>842.960042</timestamp>
			</report>
			<report>
				<misses>4220001</misses>
				<total>114</total>
				<timestamp>843.159793</timestamp>
			</report>
			<report>
				<misses>4221001</misses>
				<total>114</total>
				<timestamp>843.359683</timestamp>
			</report>
			<report>
				<misses>4222001</misses>
				<total>114</total>
				<timestamp>843.559389</timestamp>
			</report>
			<report>
				<misses>4223001</misses>
				<total>114</total>
				<timestamp>843.759216</timestamp>
			</report>
			<report>
				<misses>4224001</misses>
				<total>114</total>
				<timestamp>843.959021</timestamp>
			</report>
			<report>
				<misses>4225001</misses>
				<total>114</total>
				<timestamp>844.158838</timestamp>
			</report>
			<report>
				<misses>4226001</misses>
				<total>114</total>
				<timestamp>844.358682</timestamp>
			</report>
			<report>
				<misses>4227001</misses>
				<total>114</total>
				<timestamp>844.558377</timestamp>
			</report>
			<report>
				<misses>4228001</misses>
				<total>114</total>
				<timestamp>844.758180</timestamp>
			</report>
			<report>
				<misses>4229001</misses>
				<total>114</total>
				<timestamp>844.958025</timestamp>
			</report>
			<report>
				<misses>4230001</misses>
				<total>114</total>
				<timestamp>845.157778</timestamp>
			</report>
			<report>
				<misses>4231001</misses>
				<total>114</total>
				<timestamp>845.357593</timestamp>
			</report>
			<report>
				<misses>4232001</misses>
				<total>114</total>
				<timestamp>845.557442</timestamp>
			</report>
			<report>
				<misses>4233001</misses>
				<total>114</total>
				<timestamp>845.757234</timestamp>
			</report>
			<report>
				<misses>4234001</misses>
				<total>114</total>
				<timestamp>845.956973</timestamp>
			</report>
			<report>
				<misses>4235001</misses>
				<total>114</total>
				<timestamp>846.156858</timestamp>
			</report>
			<report>
				<misses>4236001</misses>
				<total>114</total>
				<timestamp>846.356607</timestamp>
			</report>
			<report>
				<misses>4237001</misses>
				<total>114</total>
				<timestamp>846.556410</timestamp>
			</report>
			<report>
				<misses>4238001</misses>
				<total>114</total>
				<timestamp>846.756319</timestamp>
			</report>
			<report>
				<misses>4239001</misses>
				<total>114</total>
				<timestamp>846.956055</timestamp>
			</report>
			<report>
				<misses>4240001</misses>
				<total>114</total>
				<timestamp>847.155807</timestamp>
			</report>
			<report>
				<misses>4241001</misses>
				<total>114</total>
				<timestamp>847.355591</timestamp>
			</report>
			<report>
				<misses>4242001</misses>
				<total>114</total>
				<timestamp>847.555424</timestamp>
			</report>
			<report>
				<misses>4243001</misses>
				<total>116</total>
				<timestamp>847.755162</timestamp>
			</report>
			<report>
				<misses>4244001</misses>
				<total>116</total>
				<timestamp>847.955118</timestamp>
			</report>
			<report>
				<misses>4245001</misses>
				<total>116</total>
				<timestamp>848.154832</timestamp>
			</report>
			<report>
				<misses>4246001</misses>
				<total>116</total>
				<timestamp>848.354575</timestamp>
			</report>
			<report>
				<misses>4247001</misses>
				<total>116</total>
				<timestamp>848.554430</timestamp>
			</report>
			<report>
				<misses>4248001</misses>
				<total>116</total>
				<timestamp>848.754197</timestamp>
			</report>
			<report>
				<misses>4249001</misses>
				<total>116</total>
				<timestamp>848.954057</timestamp>
			</report>
			<report>
				<misses>4250001</misses>
				<total>116</total>
				<timestamp>849.153800</timestamp>
			</report>
			<report>
				<misses>4251001</misses>
				<total>116</total>
				<timestamp>849.353638</timestamp>
			</report>
			<report>
				<misses>4252001</misses>
				<total>116</total>
				<timestamp>849.553383</timestamp>
			</report>
			<report>
				<misses>4253001</misses>
				<total>116</total>
				<timestamp>849.753174</timestamp>
			</report>
			<report>
				<misses>4254001</misses>
				<total>116</total>
				<timestamp>849.952983</timestamp>
			</report>
			<report>
				<misses>4255001</misses>
				<total>116</total>
				<timestamp>850.152766</timestamp>
			</report>
			<report>
				<misses>4256001</misses>
				<total>115</total>
				<timestamp>850.352630</timestamp>
			</report>
			<report>
				<misses>4257001</misses>
				<total>116</total>
				<timestamp>850.552368</timestamp>
			</report>
			<report>
				<misses>4258001</misses>
				<total>116</total>
				<timestamp>850.752203</timestamp>
			</report>
			<report>
				<misses>4259001</misses>
				<total>116</total>
				<timestamp>850.952021</timestamp>
			</report>
			<report>
				<misses>4260001</misses>
				<total>116</total>
				<timestamp>851.151763</timestamp>
			</report>
			<report>
				<misses>4261001</misses>
				<total>116</total>
				<timestamp>851.351589</timestamp>
			</report>
			<report>
				<misses>4262001</misses>
				<total>116</total>
				<timestamp>851.551403</timestamp>
			</report>
			<report>
				<misses>4263001</misses>
				<total>116</total>
				<timestamp>851.751228</timestamp>
			</report>
			<report>
				<misses>4264001</misses>
				<total>115</total>
				<timestamp>851.951026</timestamp>
			</report>
			<report>
				<misses>4265001</misses>
				<total>116</total>
				<timestamp>852.150837</timestamp>
			</report>
			<report>
				<misses>4266001</misses>
				<total>116</total>
				<timestamp>852.350587</timestamp>
			</report>
			<report>
				<misses>4267001</misses>
				<total>116</total>
				<timestamp>852.550367</timestamp>
			</report>
			<report>
				<misses>4268001</misses>
				<total>116</total>
				<timestamp>852.750239</timestamp>
			</report>
			<report>
				<misses>4269001</misses>
				<total>116</total>
				<timestamp>852.950103</timestamp>
			</report>
			<report>
				<misses>4270001</misses>
				<total>116</total>
				<timestamp>853.149855</timestamp>
			</report>
			<report>
				<misses>4271001</misses>
				<total>116</total>
				<timestamp>853.349616</timestamp>
			</report>
			<report>
				<misses>4272001</misses>
				<total>115</total>
				<timestamp>853.549429</timestamp>
			</report>
			<report>
				<misses>4273001</misses>
				<total>116</total>
				<timestamp>853.749180</timestamp>
			</report>
			<report>
				<misses>4274001</misses>
				<total>116</total>
				<timestamp>853.948963</timestamp>
			</report>
			<report>
				<misses>4275001</misses>
				<total>116</total>
				<timestamp>854.148792</timestamp>
			</report>
			<report>
				<misses>4276001</misses>
				<total>116</total>
				<timestamp>854.348571</timestamp>
			</report>
			<report>
				<misses>4277001</misses>
				<total>117</total>
				<timestamp>854.548366</timestamp>
			</report>
			<report>
				<misses>4278001</misses>
				<total>117</total>
				<timestamp>854.748187</timestamp>
			</report>
			<report>
				<misses>4279001</misses>
				<total>117</total>
				<timestamp>854.948008</timestamp>
			</report>
			<report>
				<misses>4280001</misses>
				<total>117</total>
				<timestamp>855.147822</timestamp>
			</report>
			<report>
				<misses>4281001</misses>
				<total>117</total>
				<timestamp>855.347595</timestamp>
			</report>
			<report>
				<misses>4282001</misses>
				<total>117</total>
				<timestamp>855.547404</timestamp>
			</report>
			<report>
				<misses>4283001</misses>
				<total>116</total>
				<timestamp>855.747207</timestamp>
			</report>
			<report>
				<misses>4284001</misses>
				<total>117</total>
				<timestamp>855.947020</timestamp>
			</report>
			<report>
				<misses>4285001</misses>
				<total>117</total>
				<timestamp>856.146831</timestamp>
			</report>
			<report>
				<misses>4286001</misses>
				<total>117</total>
				<timestamp>856.346609</timestamp>
			</report>
			<report>
				<misses>4287001</misses>
				<total>117</total>
				<timestamp>856.546368</timestamp>
			</report>
			<report>
				<misses>4288001</misses>
				<total>117</total>
				<timestamp>856.746188</timestamp>
			</report>
			<report>
				<misses>4289001</misses>
				<total>117</total>
				<timestamp>856.945994</timestamp>
			</report>
			<report>
				<misses>4290001</misses>
				<total>117</total>
				<timestamp>857.145873</timestamp>
			</report>
			<report>
				<misses>4291001</misses>
				<total>117</total>
				<timestamp>857.345616</timestamp>
			</report>
			<report>
				<misses>4292001</misses>
				<total>117</total>
				<timestamp>857.545385</timestamp>
			</report>
			<report>
				<misses>4293001</misses>
				<total>117</total>
				<timestamp>857.745187</timestamp>
			</report>
			<report>
				<misses>4294001</misses>
				<total>117</total>
				<timestamp>857.945026</timestamp>
			</report>
			<report>
				<misses>4295001</misses>
				<total>117</total>
				<timestamp>858.144837</timestamp>
			</report>
			<report>
				<misses>4296001</misses>
				<total>117</total>
				<timestamp>858.344626</timestamp>
			</report>
			<report>
				<misses>4297001</misses>
				<total>117</total>
				<timestamp>858.544385</timestamp>
			</report>
			<report>
				<misses>4298001</misses>
				<total>117</total>
				<timestamp>858.744164</timestamp>
			</report>
			<report>
				<misses>4299001</misses>
				<total>117</total>
				<timestamp>858.944092</timestamp>
			</report>
			<report>
				<misses>4300001</misses>
				<total>117</total>
				<timestamp>859.143764</timestamp>
			</report>
			<report>
				<misses>4301001</misses>
				<total>117</total>
				<timestamp>859.343571</timestamp>
			</report>
			<report>
				<misses>4302001</misses>
				<total>117</total>
				<timestamp>859.543377</timestamp>
			</report>
			<report>
				<misses>4303001</misses>
				<total>117</total>
				<timestamp>859.743248</timestamp>
			</report>
			<report>
				<misses>4304001</misses>
				<total>117</total>
				<timestamp>859.942993</timestamp>
			</report>
			<report>
				<misses>4305001</misses>
				<total>117</total>
				<timestamp>860.142818</timestamp>
			</report>
			<report>
				<misses>4306001</misses>
				<total>117</total>
				<timestamp>860.342618</timestamp>
			</report>
			<report>
				<misses>4307001</misses>
				<total>117</total>
				<timestamp>860.542375</timestamp>
			</report>
			<report>
				<misses>4308001</misses>
				<total>117</total>
				<timestamp>860.742175</timestamp>
			</report>
			<report>
				<misses>4309001</misses>
				<total>117</total>
				<timestamp>860.942051</timestamp>
			</report>
			<report>
				<misses>4310001</misses>
				<total>116</total>
				<timestamp>861.141849</timestamp>
			</report>
			<report>
				<misses>4311001</misses>
				<total>117</total>
				<timestamp>861.341554</timestamp>
			</report>
			<report>
				<misses>4312001</misses>
				<total>117</total>
				<timestamp>861.541445</timestamp>
			</report>
			<report>
				<misses>4313001</misses>
				<total>117</total>
				<timestamp>861.741192</timestamp>
			</report>
			<report>
				<misses>4314001</misses>
				<total>117</total>
				<timestamp>861.941006</timestamp>
			</report>
			<report>
				<misses>4315001</misses>
				<total>117</total>
				<timestamp>862.140825</timestamp>
			</report>
			<report>
				<misses>4316001</misses>
				<total>117</total>
				<timestamp>862.340654</timestamp>
			</report>
			<report>
				<misses>4317001</misses>
				<total>117</total>
				<timestamp>862.540406</timestamp>
			</report>
			<report>
				<misses>4318001</misses>
				<total>117</total>
				<timestamp>862.740191</timestamp>
			</report>
			<report>
				<misses>4319001</misses>
				<total>117</total>
				<timestamp>862.940004</timestamp>
			</report>
			<report>
				<misses>4320001</misses>
				<total>117</total>
				<timestamp>863.139833</timestamp>
			</report>
			<report>
				<misses>4321001</misses>
				<total>117</total>
				<timestamp>863.339573</timestamp>
			</report>
			<report>
				<misses>4322001</misses>
				<total>117</total>
				<timestamp>863.539464</timestamp>
			</report>
			<report>
				<misses>4323001</misses>
				<total>117</total>
				<timestamp>863.739176</timestamp>
			</report>
			<report>
				<misses>4324001</misses>
				<total>117</total>
				<timestamp>863.939000</timestamp>
			</report>
			<report>
				<misses>4325001</misses>
				<total>117</total>
				<timestamp>864.138811</timestamp>
			</report>
			<report>
				<misses>4326001</misses>
				<total>117</total>
				<timestamp>864.338638</timestamp>
			</report>
			<report>
				<misses>4327001</misses>
				<total>117</total>
				<timestamp>864.538375</timestamp>
			</report>
			<report>
				<misses>4328001</misses>
				<total>117</total>
				<timestamp>864.738215</timestamp>
			</report>
			<report>
				<misses>4329001</misses>
				<total>117</total>
				<timestamp>864.937995</timestamp>
			</report>
			<report>
				<misses>4330001</misses>
				<total>117</total>
				<timestamp>865.137800</timestamp>
			</report>
			<report>
				<misses>4331001</misses>
				<total>117</total>
				<timestamp>865.337585</timestamp>
			</report>
			<report>
				<misses>4332001</misses>
				<total>117</total>
				<timestamp>865.537412</timestamp>
			</report>
			<report>
				<misses>4333001</misses>
				<total>117</total>
				<timestamp>865.737202</timestamp>
			</report>
			<report>
				<misses>4334001</misses>
				<total>117</total>
				<timestamp>865.937025</timestamp>
			</report>
			<report>
				<misses>4335001</misses>
				<total>116</total>
				<timestamp>866.136904</timestamp>
			</report>
			<report>
				<misses>4336001</misses>
				<total>117</total>
				<timestamp>866.336595</timestamp>
			</report>
			<report>
				<misses>4337001</misses>
				<total>117</total>
				<timestamp>866.536381</timestamp>
			</report>
			<report>
				<misses>4338001</misses>
				<total>117</total>
				<timestamp>866.736200</timestamp>
			</report>
			<report>
				<misses>4339001</misses>
				<total>117</total>
				<timestamp>866.935985</timestamp>
			</report>
			<report>
				<misses>4340001</misses>
				<total>117</total>
				<timestamp>867.135813</timestamp>
			</report>
			<report>
				<misses>4341001</misses>
				<total>117</total>
				<timestamp>867.335561</timestamp>
			</report>
			<report>
				<misses>4342001</misses>
				<total>117</total>
				<timestamp>867.535375</timestamp>
			</report>
			<report>
				<misses>4343001</misses>
				<total>117</total>
				<timestamp>867.735255</timestamp>
			</report>
			<report>
				<misses>4344001</misses>
				<total>117</total>
				<timestamp>867.934967</timestamp>
			</report>
			<report>
				<misses>4345001</misses>
				<total>117</total>
				<timestamp>868.134867</timestamp>
			</report>
			<report>
				<misses>4346001</misses>
				<total>117</total>
				<timestamp>868.334576</timestamp>
			</report>
			<report>
				<misses>4347001</misses>
				<total>117</total>
				<timestamp>868.534379</timestamp>
			</report>
			<report>
				<misses>4348001</misses>
				<total>117</total>
				<timestamp>868.734236</timestamp>
			</report>
			<report>
				<misses>4349001</misses>
				<total>117</total>
				<timestamp>868.934000</timestamp>
			</report>
			<report>
				<misses>4350001</misses>
				<total>117</total>
				<timestamp>869.133847</timestamp>
			</report>
			<report>
				<misses>4351001</misses>
				<total>116</total>
				<timestamp>869.333652</timestamp>
			</report>
			<report>
				<misses>4352001</misses>
				<total>117</total>
				<timestamp>869.533418</timestamp>
			</report>
			<report>
				<misses>4353001</misses>
				<total>117</total>
				<timestamp>869.733194</timestamp>
			</report>
			<report>
				<misses>4354001</misses>
				<total>117</total>
				<timestamp>869.933044</timestamp>
			</report>
			<report>
				<misses>4355001</misses>
				<total>117</total>
				<timestamp>870.132823</timestamp>
			</report>
			<report>
				<misses>4356001</misses>
				<total>117</total>
				<timestamp>870.332604</timestamp>
			</report>
			<report>
				<misses>4357001</misses>
				<total>117</total>
				<timestamp>870.532386</timestamp>
			</report>
			<report>
				<misses>4358001</misses>
				<total>117</total>
				<timestamp>870.732176</timestamp>
			</report>
			<report>
				<misses>4359001</misses>
				<total>117</total>
				<timestamp>870.932048</timestamp>
			</report>
			<report>
				<misses>4360001</misses>
				<total>117</total>
				<timestamp>871.131824</timestamp>
			</report>
			<report>
				<misses>4361001</misses>
				<total>117</total>
				<timestamp>871.331630</timestamp>
			</report>
			<report>
				<misses>4362001</misses>
				<total>117</total>
				<timestamp>871.531380</timestamp>
			</report>
			<report>
				<misses>4363001</misses>
				<total>116</total>
				<timestamp>871.731206</timestamp>
			</report>
			<report>
				<misses>4364001</misses>
				<total>117</total>
				<timestamp>871.931101</timestamp>
			</report>
			<report>
				<misses>4365001</misses>
				<total>117</total>
				<timestamp>872.130845</timestamp>
			</report>
			<report>
				<misses>4366001</misses>
				<total>116</total>
				<timestamp>872.330567</timestamp>
			</report>
			<report>
				<misses>4367001</misses>
				<total>117</total>
				<timestamp>872.530394</timestamp>
			</report>
			<report>
				<misses>4368001</misses>
				<total>117</total>
				<timestamp>872.730169</timestamp>
			</report>
			<report>
				<misses>4369001</misses>
				<total>117</total>
				<timestamp>872.929994</timestamp>
			</report>
			<report>
				<misses>4370001</misses>
				<total>117</total>
				<timestamp>873.129793</timestamp>
			</report>
			<report>
				<misses>4371001</misses>
				<total>117</total>
				<timestamp>873.329578</timestamp>
			</report>
			<report>
				<misses>4372001</misses>
				<total>117</total>
				<timestamp>873.529451</timestamp>
			</report>
			<report>
				<misses>4373001</misses>
				<total>117</total>
				<timestamp>873.729170</timestamp>
			</report>
			<report>
				<misses>4374001</misses>
				<total>117</total>
				<timestamp>873.928983</timestamp>
			</report>
			<report>
				<misses>4375001</misses>
				<total>117</total>
				<timestamp>874.128808</timestamp>
			</report>
			<report>
				<misses>4376001</misses>
				<total>116</total>
				<timestamp>874.328704</timestamp>
			</report>
			<report>
				<misses>4377001</misses>
				<total>117</total>
				<timestamp>874.528380</timestamp>
			</report>
			<report>
				<misses>4378001</misses>
				<total>117</total>
				<timestamp>874.728234</timestamp>
			</report>
			<report>
				<misses>4379001</misses>
				<total>117</total>
				<timestamp>874.928067</timestamp>
			</report>
			<report>
				<misses>4380001</misses>
				<total>117</total>
				<timestamp>875.127881</timestamp>
			</report>
			<report>
				<misses>4381001</misses>
				<total>117</total>
				<timestamp>875.327608</timestamp>
			</report>
			<report>
				<misses>4382001</misses>
				<total>117</total>
				<timestamp>875.527393</timestamp>
			</report>
			<report>
				<misses>4383001</misses>
				<total>117</total>
				<timestamp>875.727204</timestamp>
			</report>
			<report>
				<misses>4384001</misses>
				<total>116</total>
				<timestamp>875.927000</timestamp>
			</report>
			<report>
				<misses>4385001</misses>
				<total>117</total>
				<timestamp>876.126819</timestamp>
			</report>
			<report>
				<misses>4386001</misses>
				<total>116</total>
				<timestamp>876.326683</timestamp>
			</report>
			<report>
				<misses>4387001</misses>
				<total>117</total>
				<timestamp>876.526422</timestamp>
			</report>
			<report>
				<misses>4388001</misses>
				<total>117</total>
				<timestamp>876.726233</timestamp>
			</report>
			<report>
				<misses>4389001</misses>
				<total>117</total>
				<timestamp>876.926019</timestamp>
			</report>
			<report>
				<misses>4390001</misses>
				<total>117</total>
				<timestamp>877.125834</timestamp>
			</report>
			<report>
				<misses>4391001</misses>
				<total>117</total>
				<timestamp>877.325575</timestamp>
			</report>
			<report>
				<misses>4392001</misses>
				<total>117</total>
				<timestamp>877.525379</timestamp>
			</report>
			<report>
				<misses>4393001</misses>
				<total>117</total>
				<timestamp>877.725240</timestamp>
			</report>
			<report>
				<misses>4394001</misses>
				<total>117</total>
				<timestamp>877.924975</timestamp>
			</report>
			<report>
				<misses>4395001</misses>
				<total>117</total>
				<timestamp>878.124943</timestamp>
			</report>
			<report>
				<misses>4396001</misses>
				<total>117</total>
				<timestamp>878.324578</timestamp>
			</report>
			<report>
				<misses>4397001</misses>
				<total>117</total>
				<timestamp>878.524382</timestamp>
			</report>
			<report>
				<misses>4398001</misses>
				<total>117</total>
				<timestamp>878.724191</timestamp>
			</report>
			<report>
				<misses>4399001</misses>
				<total>117</total>
				<timestamp>878.924078</timestamp>
			</report>
			<report>
				<misses>4400001</misses>
				<total>117</total>
				<timestamp>879.123841</timestamp>
			</report>
			<report>
				<misses>4401001</misses>
				<total>117</total>
				<timestamp>879.323613</timestamp>
			</report>
			<report>
				<misses>4402001</misses>
				<total>117</total>
				<timestamp>879.523420</timestamp>
			</report>
			<report>
				<misses>4403001</misses>
				<total>117</total>
				<timestamp>879.723220</timestamp>
			</report>
			<report>
				<misses>4404001</misses>
				<total>117</total>
				<timestamp>879.923022</timestamp>
			</report>
			<report>
				<misses>4405001</misses>
				<total>117</total>
				<timestamp>880.122907</timestamp>
			</report>
			<report>
				<misses>4406001</misses>
				<total>117</total>
				<timestamp>880.322582</timestamp>
			</report>
			<report>
				<misses>4407001</misses>
				<total>117</total>
				<timestamp>880.522452</timestamp>
			</report>
			<report>
				<misses>4408001</misses>
				<total>117</total>
				<timestamp>880.722218</timestamp>
			</report>
			<report>
				<misses>4409001</misses>
				<total>117</total>
				<timestamp>880.922039</timestamp>
			</report>
			<report>
				<misses>4410001</misses>
				<total>117</total>
				<timestamp>881.121781</timestamp>
			</report>
			<report>
				<misses>4411001</misses>
				<total>117</total>
				<timestamp>881.321642</timestamp>
			</report>
			<report>
				<misses>4412001</misses>
				<total>117</total>
				<timestamp>881.521422</timestamp>
			</report>
			<report>
				<misses>4413001</misses>
				<total>117</total>
				<timestamp>881.721199</timestamp>
			</report>
			<report>
				<misses>4414001</misses>
				<total>117</total>
				<timestamp>881.920988</timestamp>
			</report>
			<report>
				<misses>4415001</misses>
				<total>117</total>
				<timestamp>882.120915</timestamp>
			</report>
			<report>
				<misses>4416001</misses>
				<total>117</total>
				<timestamp>882.320695</timestamp>
			</report>
			<report>
				<misses>4417001</misses>
				<total>117</total>
				<timestamp>882.520389</timestamp>
			</report>
			<report>
				<misses>4418001</misses>
				<total>117</total>
				<timestamp>882.720228</timestamp>
			</report>
			<report>
				<misses>4419001</misses>
				<total>117</total>
				<timestamp>882.919978</timestamp>
			</report>
			<report>
				<misses>4420001</misses>
				<total>117</total>
				<timestamp>883.119892</timestamp>
			</report>
			<report>
				<misses>4421001</misses>
				<total>117</total>
				<timestamp>883.319618</timestamp>
			</report>
			<report>
				<misses>4422001</misses>
				<total>117</total>
				<timestamp>883.519393</timestamp>
			</report>
			<report>
				<misses>4423001</misses>
				<total>117</total>
				<timestamp>883.719174</timestamp>
			</report>
			<report>
				<misses>4424001</misses>
				<total>117</total>
				<timestamp>883.918979</timestamp>
			</report>
			<report>
				<misses>4425001</misses>
				<total>117</total>
				<timestamp>884.118784</timestamp>
			</report>
			<report>
				<misses>4426001</misses>
				<total>117</total>
				<timestamp>884.318570</timestamp>
			</report>
			<report>
				<misses>4427001</misses>
				<total>117</total>
				<timestamp>884.518359</timestamp>
			</report>
			<report>
				<misses>4428001</misses>
				<total>117</total>
				<timestamp>884.718163</timestamp>
			</report>
			<report>
				<misses>4429001</misses>
				<total>117</total>
				<timestamp>884.917965</timestamp>
			</report>
			<report>
				<misses>4430001</misses>
				<total>117</total>
				<timestamp>885.117821</timestamp>
			</report>
			<report>
				<misses>4431001</misses>
				<total>117</total>
				<timestamp>885.317634</timestamp>
			</report>
			<report>
				<misses>4432001</misses>
				<total>117</total>
				<timestamp>885.517455</timestamp>
			</report>
			<report>
				<misses>4433001</misses>
				<total>117</total>
				<timestamp>885.717264</timestamp>
			</report>
			<report>
				<misses>4434001</misses>
				<total>117</total>
				<timestamp>885.916980</timestamp>
			</report>
			<report>
				<misses>4435001</misses>
				<total>117</total>
				<timestamp>886.116776</timestamp>
			</report>
			<report>
				<misses>4436001</misses>
				<total>117</total>
				<timestamp>886.316560</timestamp>
			</report>
			<report>
				<misses>4437001</misses>
				<total>117</total>
				<timestamp>886.516466</timestamp>
			</report>
			<report>
				<misses>4438001</misses>
				<total>117</total>
				<timestamp>886.716186</timestamp>
			</report>
			<report>
				<misses>4439001</misses>
				<total>117</total>
				<timestamp>886.915976</timestamp>
			</report>
			<report>
				<misses>4440001</misses>
				<total>117</total>
				<timestamp>887.115793</timestamp>
			</report>
			<report>
				<misses>4441001</misses>
				<total>117</total>
				<timestamp>887.315662</timestamp>
			</report>
			<report>
				<misses>4442001</misses>
				<total>116</total>
				<timestamp>887.515469</timestamp>
			</report>
			<report>
				<misses>4443001</misses>
				<total>117</total>
				<timestamp>887.715170</timestamp>
			</report>
			<report>
				<misses>4444001</misses>
				<total>117</total>
				<timestamp>887.915008</timestamp>
			</report>
			<report>
				<misses>4445001</misses>
				<total>117</total>
				<timestamp>888.114820</timestamp>
			</report>
			<report>
				<misses>4446001</misses>
				<total>117</total>
				<timestamp>888.314580</timestamp>
			</report>
			<report>
				<misses>4447001</misses>
				<total>117</total>
				<timestamp>888.514448</timestamp>
			</report>
			<report>
				<misses>4448001</misses>
				<total>117</total>
				<timestamp>888.714177</timestamp>
			</report>
			<report>
				<misses>4449001</misses>
				<total>117</total>
				<timestamp>888.914005</timestamp>
			</report>
			<report>
				<misses>4450001</misses>
				<total>117</total>
				<timestamp>889.113817</timestamp>
			</report>
			<report>
				<misses>4451001</misses>
				<total>117</total>
				<timestamp>889.313615</timestamp>
			</report>
			<report>
				<misses>4452001</misses>
				<total>117</total>
				<timestamp>889.513397</timestamp>
			</report>
			<report>
				<misses>4453001</misses>
				<total>117</total>
				<timestamp>889.713163</timestamp>
			</report>
			<report>
				<misses>4454001</misses>
				<total>117</total>
				<timestamp>889.912951</timestamp>
			</report>
			<report>
				<misses>4455001</misses>
				<total>118</total>
				<timestamp>890.112847</timestamp>
			</report>
			<report>
				<misses>4456001</misses>
				<total>118</total>
				<timestamp>890.312598</timestamp>
			</report>
			<report>
				<misses>4457001</misses>
				<total>118</total>
				<timestamp>890.512379</timestamp>
			</report>
			<report>
				<misses>4458001</misses>
				<total>118</total>
				<timestamp>890.712170</timestamp>
			</report>
			<report>
				<misses>4459001</misses>
				<total>118</total>
				<timestamp>890.911985</timestamp>
			</report>
			<report>
				<misses>4460001</misses>
				<total>118</total>
				<timestamp>891.111850</timestamp>
			</report>
			<report>
				<misses>4461001</misses>
				<total>118</total>
				<timestamp>891.311582</timestamp>
			</report>
			<report>
				<misses>4462001</misses>
				<total>118</total>
				<timestamp>891.511480</timestamp>
			</report>
			<report>
				<misses>4463001</misses>
				<total>118</total>
				<timestamp>891.711163</timestamp>
			</report>
			<report>
				<misses>4464001</misses>
				<total>118</total>
				<timestamp>891.910959</timestamp>
			</report>
			<report>
				<misses>4465001</misses>
				<total>118</total>
				<timestamp>892.110884</timestamp>
			</report>
			<report>
				<misses>4466001</misses>
				<total>118</total>
				<timestamp>892.310644</timestamp>
			</report>
			<report>
				<misses>4467001</misses>
				<total>118</total>
				<timestamp>892.510428</timestamp>
			</report>
			<report>
				<misses>4468001</misses>
				<total>118</total>
				<timestamp>892.710204</timestamp>
			</report>
			<report>
				<misses>4469001</misses>
				<total>118</total>
				<timestamp>892.910056</timestamp>
			</report>
			<report>
				<misses>4470001</misses>
				<total>118</total>
				<timestamp>893.109832</timestamp>
			</report>
			<report>
				<misses>4471001</misses>
				<total>118</total>
				<timestamp>893.309620</timestamp>
			</report>
			<report>
				<misses>4472001</misses>
				<total>118</total>
				<timestamp>893.509438</timestamp>
			</report>
			<report>
				<misses>4473001</misses>
				<total>118</total>
				<timestamp>893.709171</timestamp>
			</report>
			<report>
				<misses>4474001</misses>
				<total>118</total>
				<timestamp>893.908974</timestamp>
			</report>
			<report>
				<misses>4475001</misses>
				<total>118</total>
				<timestamp>894.108876</timestamp>
			</report>
			<report>
				<misses>4476001</misses>
				<total>118</total>
				<timestamp>894.308585</timestamp>
			</report>
			<report>
				<misses>4477001</misses>
				<total>118</total>
				<timestamp>894.508431</timestamp>
			</report>
			<report>
				<misses>4478001</misses>
				<total>118</total>
				<timestamp>894.708189</timestamp>
			</report>
			<report>
				<misses>4479001</misses>
				<total>118</total>
				<timestamp>894.907988</timestamp>
			</report>
			<report>
				<misses>4480001</misses>
				<total>118</total>
				<timestamp>895.107805</timestamp>
			</report>
			<report>
				<misses>4481001</misses>
				<total>118</total>
				<timestamp>895.307588</timestamp>
			</report>
			<report>
				<misses>4482001</misses>
				<total>118</total>
				<timestamp>895.507408</timestamp>
			</report>
			<report>
				<misses>4483001</misses>
				<total>118</total>
				<timestamp>895.707233</timestamp>
			</report>
			<report>
				<misses>4484001</misses>
				<total>118</total>
				<timestamp>895.907002</timestamp>
			</report>
			<report>
				<misses>4485001</misses>
				<total>118</total>
				<timestamp>896.106806</timestamp>
			</report>
			<report>
				<misses>4486001</misses>
				<total>118</total>
				<timestamp>896.306582</timestamp>
			</report>
			<report>
				<misses>4487001</misses>
				<total>118</total>
				<timestamp>896.506363</timestamp>
			</report>
			<report>
				<misses>4488001</misses>
				<total>118</total>
				<timestamp>896.706191</timestamp>
			</report>
			<report>
				<misses>4489001</misses>
				<total>118</total>
				<timestamp>896.906000</timestamp>
			</report>
			<report>
				<misses>4490001</misses>
				<total>118</total>
				<timestamp>897.105793</timestamp>
			</report>
			<report>
				<misses>4491001</misses>
				<total>118</total>
				<timestamp>897.305570</timestamp>
			</report>
			<report>
				<misses>4492001</misses>
				<total>118</total>
				<timestamp>897.505404</timestamp>
			</report>
			<report>
				<misses>4493001</misses>
				<total>118</total>
				<timestamp>897.705191</timestamp>
			</report>
			<report>
				<misses>4494001</misses>
				<total>118</total>
				<timestamp>897.905021</timestamp>
			</report>
			<report>
				<misses>4495001</misses>
				<total>118</total>
				<timestamp>898.104786</timestamp>
			</report>
			<report>
				<misses>4496001</misses>
				<total>118</total>
				<timestamp>898.304642</timestamp>
			</report>
			<report>
				<misses>4497001</misses>
				<total>118</total>
				<timestamp>898.504369</timestamp>
			</report>
			<report>
				<misses>4498001</misses>
				<total>118</total>
				<timestamp>898.704217</timestamp>
			</report>
			<report>
				<misses>4499001</misses>
				<total>118</total>
				<timestamp>898.903968</timestamp>
			</report>
			<report>
				<misses>4500001</misses>
				<total>118</total>
				<timestamp>899.103865</timestamp>
			</report>
			<report>
				<misses>4501001</misses>
				<total>118</total>
				<timestamp>899.303609</timestamp>
			</report>
			<report>
				<misses>4502001</misses>
				<total>118</total>
				<timestamp>899.503408</timestamp>
			</report>
			<report>
				<misses>4503001</misses>
				<total>118</total>
				<timestamp>899.703236</timestamp>
			</report>
			<report>
				<misses>4504001</misses>
				<total>117</total>
				<timestamp>899.903000</timestamp>
			</report>
			<report>
				<misses>4505001</misses>
				<total>118</total>
				<timestamp>900.102761</timestamp>
			</report>
			<report>
				<misses>4506001</misses>
				<total>118</total>
				<timestamp>900.302602</timestamp>
			</report>
			<report>
				<misses>4507001</misses>
				<total>118</total>
				<timestamp>900.502377</timestamp>
			</report>
			<report>
				<misses>4508001</misses>
				<total>118</total>
				<timestamp>900.702221</timestamp>
			</report>
			<report>
				<misses>4509001</misses>
				<total>118</total>
				<timestamp>900.902033</timestamp>
			</report>
			<report>
				<misses>4510001</misses>
				<total>117</total>
				<timestamp>901.101811</timestamp>
			</report>
			<report>
				<misses>4511001</misses>
				<total>118</total>
				<timestamp>901.301612</timestamp>
			</report>
			<report>
				<misses>4512001</misses>
				<total>118</total>
				<timestamp>901.501454</timestamp>
			</report>
			<report>
				<misses>4513001</misses>
				<total>118</total>
				<timestamp>901.701303</timestamp>
			</report>
			<report>
				<misses>4514001</misses>
				<total>118</total>
				<timestamp>901.900965</timestamp>
			</report>
			<report>
				<misses>4515001</misses>
				<total>118</total>
				<timestamp>902.100784</timestamp>
			</report>
			<report>
				<misses>4516001</misses>
				<total>118</total>
				<timestamp>902.300602</timestamp>
			</report>
			<report>
				<misses>4517001</misses>
				<total>118</total>
				<timestamp>902.500414</timestamp>
			</report>
			<report>
				<misses>4518001</misses>
				<total>118</total>
				<timestamp>902.700178</timestamp>
			</report>
			<report>
				<misses>4519001</misses>
				<total>118</total>
				<timestamp>902.900013</timestamp>
			</report>
			<report>
				<misses>4520001</misses>
				<total>118</total>
				<timestamp>903.099827</timestamp>
			</report>
			<report>
				<misses>4521001</misses>
				<total>118</total>
				<timestamp>903.299629</timestamp>
			</report>
			<report>
				<misses>4522001</misses>
				<total>118</total>
				<timestamp>903.499384</timestamp>
			</report>
			<report>
				<misses>4523001</misses>
				<total>118</total>
				<timestamp>903.699180</timestamp>
			</report>
			<report>
				<misses>4524001</misses>
				<total>118</total>
				<timestamp>903.899017</timestamp>
			</report>
			<report>
				<misses>4525001</misses>
				<total>118</total>
				<timestamp>904.098786</timestamp>
			</report>
			<report>
				<misses>4526001</misses>
				<total>117</total>
				<timestamp>904.298724</timestamp>
			</report>
			<report>
				<misses>4527001</misses>
				<total>117</total>
				<timestamp>904.498408</timestamp>
			</report>
			<report>
				<misses>4528001</misses>
				<total>118</total>
				<timestamp>904.698171</timestamp>
			</report>
			<report>
				<misses>4529001</misses>
				<total>118</total>
				<timestamp>904.897983</timestamp>
			</report>
			<report>
				<misses>4530001</misses>
				<total>118</total>
				<timestamp>905.097782</timestamp>
			</report>
			<report>
				<misses>4531001</misses>
				<total>118</total>
				<timestamp>905.297619</timestamp>
			</report>
			<report>
				<misses>4532001</misses>
				<total>118</total>
				<timestamp>905.497387</timestamp>
			</report>
			<report>
				<misses>4533001</misses>
				<total>118</total>
				<timestamp>905.697192</timestamp>
			</report>
			<report>
				<misses>4534001</misses>
				<total>118</total>
				<timestamp>905.897025</timestamp>
			</report>
			<report>
				<misses>4535001</misses>
				<total>118</total>
				<timestamp>906.096818</timestamp>
			</report>
			<report>
				<misses>4536001</misses>
				<total>118</total>
				<timestamp>906.296593</timestamp>
			</report>
			<report>
				<misses>4537001</misses>
				<total>118</total>
				<timestamp>906.496391</timestamp>
			</report>
			<report>
				<misses>4538001</misses>
				<total>118</total>
				<timestamp>906.696216</timestamp>
			</report>
			<report>
				<misses>4539001</misses>
				<total>118</total>
				<timestamp>906.895986</timestamp>
			</report>
			<report>
				<misses>4540001</misses>
				<total>118</total>
				<timestamp>907.095814</timestamp>
			</report>
			<report>
				<misses>4541001</misses>
				<total>118</total>
				<timestamp>907.295601</timestamp>
			</report>
			<report>
				<misses>4542001</misses>
				<total>118</total>
				<timestamp>907.495382</timestamp>
			</report>
			<report>
				<misses>4543001</misses>
				<total>118</total>
				<timestamp>907.695172</timestamp>
			</report>
			<report>
				<misses>4544001</misses>
				<total>118</total>
				<timestamp>907.895016</timestamp>
			</report>
			<report>
				<misses>4545001</misses>
				<total>117</total>
				<timestamp>908.094786</timestamp>
			</report>
			<report>
				<misses>4546001</misses>
				<total>118</total>
				<timestamp>908.294632</timestamp>
			</report>
			<report>
				<misses>4547001</misses>
				<total>118</total>
				<timestamp>908.494513</timestamp>
			</report>
			<report>
				<misses>4548001</misses>
				<total>118</total>
				<timestamp>908.694222</timestamp>
			</report>
			<report>
				<misses>4549001</misses>
				<total>118</total>
				<timestamp>908.894034</timestamp>
			</report>
			<report>
				<misses>4550001</misses>
				<total>117</total>
				<timestamp>909.093889</timestamp>
			</report>
			<report>
				<misses>4551001</misses>
				<total>118</total>
				<timestamp>909.293651</timestamp>
			</report>
			<report>
				<misses>4552001</misses>
				<total>118</total>
				<timestamp>909.493380</timestamp>
			</report>
			<report>
				<misses>4553001</misses>
				<total>118</total>
				<timestamp>909.693247</timestamp>
			</report>
			<report>
				<misses>4554001</misses>
				<total>118</total>
				<timestamp>909.892974</timestamp>
			</report>
			<report>
				<misses>4555001</misses>
				<total>118</total>
				<timestamp>910.092933</timestamp>
			</report>
			<report>
				<misses>4556001</misses>
				<total>118</total>
				<timestamp>910.292671</timestamp>
			</report>
			<report>
				<misses>4557001</misses>
				<total>118</total>
				<timestamp>910.492412</timestamp>
			</report>
			<report>
				<misses>4558001</misses>
				<total>118</total>
				<timestamp>910.692213</timestamp>
			</report>
			<report>
				<misses>4559001</misses>
				<total>118</total>
				<timestamp>910.892007</timestamp>
			</report>
			<report>
				<misses>4560001</misses>
				<total>118</total>
				<timestamp>911.091773</timestamp>
			</report>
			<report>
				<misses>4561001</misses>
				<total>118</total>
				<timestamp>911.291600</timestamp>
			</report>
			<report>
				<misses>4562001</misses>
				<total>118</total>
				<timestamp>911.491382</timestamp>
			</report>
			<report>
				<misses>4563001</misses>
				<total>118</total>
				<timestamp>911.691161</timestamp>
			</report>
			<report>
				<misses>4564001</misses>
				<total>118</total>
				<timestamp>911.890967</timestamp>
			</report>
			<report>
				<misses>4565001</misses>
				<total>118</total>
				<timestamp>912.090768</timestamp>
			</report>
			<report>
				<misses>4566001</misses>
				<total>118</total>
				<timestamp>912.290613</timestamp>
			</report>
			<report>
				<misses>4567001</misses>
				<total>118</total>
				<timestamp>912.490450</timestamp>
			</report>
			<report>
				<misses>4568001</misses>
				<total>117</total>
				<timestamp>912.690166</timestamp>
			</report>
			<report>
				<misses>4569001</misses>
				<total>118</total>
				<timestamp>912.889978</timestamp>
			</report>
			<report>
				<misses>4570001</misses>
				<total>118</total>
				<timestamp>913.089773</timestamp>
			</report>
			<report>
				<misses>4571001</misses>
				<total>118</total>
				<timestamp>913.289694</timestamp>
			</report>
			<report>
				<misses>4572001</misses>
				<total>118</total>
				<timestamp>913.489437</timestamp>
			</report>
			<report>
				<misses>4573001</misses>
				<total>118</total>
				<timestamp>913.689281</timestamp>
			</report>
			<report>
				<misses>4574001</misses>
				<total>118</total>
				<timestamp>913.888989</timestamp>
			</report>
			<report>
				<misses>4575001</misses>
				<total>118</total>
				<timestamp>914.088791</timestamp>
			</report>
			<report>
				<misses>4576001</misses>
				<total>118</total>
				<timestamp>914.288587</timestamp>
			</report>
			<report>
				<misses>4577001</misses>
				<total>118</total>
				<timestamp>914.488362</timestamp>
			</report>
			<report>
				<misses>4578001</misses>
				<total>118</total>
				<timestamp>914.688263</timestamp>
			</report>
			<report>
				<misses>4579001</misses>
				<total>118</total>
				<timestamp>914.887978</timestamp>
			</report>
			<report>
				<misses>4580001</misses>
				<total>118</total>
				<timestamp>915.087765</timestamp>
			</report>
			<report>
				<misses>4581001</misses>
				<total>120</total>
				<timestamp>915.287595</timestamp>
			</report>
			<report>
				<misses>4582001</misses>
				<total>119</total>
				<timestamp>915.487426</timestamp>
			</report>
			<report>
				<misses>4583001</misses>
				<total>120</total>
				<timestamp>915.687233</timestamp>
			</report>
			<report>
				<misses>4584001</misses>
				<total>120</total>
				<timestamp>915.886954</timestamp>
			</report>
			<report>
				<misses>4585001</misses>
				<total>120</total>
				<timestamp>916.086763</timestamp>
			</report>
			<report>
				<misses>4586001</misses>
				<total>120</total>
				<timestamp>916.286606</timestamp>
			</report>
			<report>
				<misses>4587001</misses>
				<total>120</total>
				<timestamp>916.486408</timestamp>
			</report>
			<report>
				<misses>4588001</misses>
				<total>120</total>
				<timestamp>916.686220</timestamp>
			</report>
			<report>
				<misses>4589001</misses>
				<total>120</total>
				<timestamp>916.886005</timestamp>
			</report>
			<report>
				<misses>4590001</misses>
				<total>119</total>
				<timestamp>917.085861</timestamp>
			</report>
			<report>
				<misses>4591001</misses>
				<total>120</total>
				<timestamp>917.285575</timestamp>
			</report>
			<report>
				<misses>4592001</misses>
				<total>120</total>
				<timestamp>917.485387</timestamp>
			</report>
			<report>
				<misses>4593001</misses>
				<total>120</total>
				<timestamp>917.685204</timestamp>
			</report>
			<report>
				<misses>4594001</misses>
				<total>120</total>
				<timestamp>917.884971</timestamp>
			</report>
			<report>
				<misses>4595001</misses>
				<total>120</total>
				<timestamp>918.084817</timestamp>
			</report>
			<report>
				<misses>4596001</misses>
				<total>120</total>
				<timestamp>918.284589</timestamp>
			</report>
			<report>
				<misses>4597001</misses>
				<total>120</total>
				<timestamp>918.484461</timestamp>
			</report>
			<report>
				<misses>4598001</misses>
				<total>120</total>
				<timestamp>918.684165</timestamp>
			</report>
			<report>
				<misses>4599001</misses>
				<total>120</total>
				<timestamp>918.884003</timestamp>
			</report>
			<report>
				<misses>4600001</misses>
				<total>120</total>
				<timestamp>919.083839</timestamp>
			</report>
			<report>
				<misses>4601001</misses>
				<total>120</total>
				<timestamp>919.283671</timestamp>
			</report>
			<report>
				<misses>4602001</misses>
				<total>120</total>
				<timestamp>919.483427</timestamp>
			</report>
			<report>
				<misses>4603001</misses>
				<total>120</total>
				<timestamp>919.683228</timestamp>
			</report>
			<report>
				<misses>4604001</misses>
				<total>120</total>
				<timestamp>919.883011</timestamp>
			</report>
			<report>
				<misses>4605001</misses>
				<total>120</total>
				<timestamp>920.082774</timestamp>
			</report>
			<report>
				<misses>4606001</misses>
				<total>120</total>
				<timestamp>920.282622</timestamp>
			</report>
			<report>
				<misses>4607001</misses>
				<total>120</total>
				<timestamp>920.482377</timestamp>
			</report>
			<report>
				<misses>4608001</misses>
				<total>120</total>
				<timestamp>920.682190</timestamp>
			</report>
			<report>
				<misses>4609001</misses>
				<total>120</total>
				<timestamp>920.881964</timestamp>
			</report>
			<report>
				<misses>4610001</misses>
				<total>120</total>
				<timestamp>921.081820</timestamp>
			</report>
			<report>
				<misses>4611001</misses>
				<total>120</total>
				<timestamp>921.281597</timestamp>
			</report>
			<report>
				<misses>4612001</misses>
				<total>120</total>
				<timestamp>921.481384</timestamp>
			</report>
			<report>
				<misses>4613001</misses>
				<total>121</total>
				<timestamp>921.681261</timestamp>
			</report>
			<report>
				<misses>4614001</misses>
				<total>121</total>
				<timestamp>921.880967</timestamp>
			</report>
			<report>
				<misses>4615001</misses>
				<total>121</total>
				<timestamp>922.080852</timestamp>
			</report>
			<report>
				<misses>4616001</misses>
				<total>121</total>
				<timestamp>922.280592</timestamp>
			</report>
			<report>
				<misses>4617001</misses>
				<total>121</total>
				<timestamp>922.480435</timestamp>
			</report>
			<report>
				<misses>4618001</misses>
				<total>121</total>
				<timestamp>922.680197</timestamp>
			</report>
			<report>
				<misses>4619001</misses>
				<total>121</total>
				<timestamp>922.879989</timestamp>
			</report>
			<report>
				<misses>4620001</misses>
				<total>121</total>
				<timestamp>923.079776</timestamp>
			</report>
			<report>
				<misses>4621001</misses>
				<total>121</total>
				<timestamp>923.279676</timestamp>
			</report>
			<report>
				<misses>4622001</misses>
				<total>121</total>
				<timestamp>923.479488</timestamp>
			</report>
			<report>
				<misses>4623001</misses>
				<total>121</total>
				<timestamp>923.679173</timestamp>
			</report>
			<report>
				<misses>4624001</misses>
				<total>121</total>
				<timestamp>923.879003</timestamp>
			</report>
			<report>
				<misses>4625001</misses>
				<total>121</total>
				<timestamp>924.078789</timestamp>
			</report>
			<report>
				<misses>4626001</misses>
				<total>121</total>
				<timestamp>924.278640</timestamp>
			</report>
			<report>
				<misses>4627001</misses>
				<total>121</total>
				<timestamp>924.478393</timestamp>
			</report>
			<report>
				<misses>4628001</misses>
				<total>121</total>
				<timestamp>924.678224</timestamp>
			</report>
			<report>
				<misses>4629001</misses>
				<total>121</total>
				<timestamp>924.878055</timestamp>
			</report>
			<report>
				<misses>4630001</misses>
				<total>121</total>
				<timestamp>925.077849</timestamp>
			</report>
			<report>
				<misses>4631001</misses>
				<total>121</total>
				<timestamp>925.277589</timestamp>
			</report>
			<report>
				<misses>4632001</misses>
				<total>120</total>
				<timestamp>925.477445</timestamp>
			</report>
			<report>
				<misses>4633001</misses>
				<total>121</total>
				<timestamp>925.677176</timestamp>
			</report>
			<report>
				<misses>4634001</misses>
				<total>121</total>
				<timestamp>925.876975</timestamp>
			</report>
			<report>
				<misses>4635001</misses>
				<total>121</total>
				<timestamp>926.076798</timestamp>
			</report>
			<report>
				<misses>4636001</misses>
				<total>121</total>
				<timestamp>926.276607</timestamp>
			</report>
			<report>
				<misses>4637001</misses>
				<total>121</total>
				<timestamp>926.476409</timestamp>
			</report>
			<report>
				<misses>4638001</misses>
				<total>121</total>
				<timestamp>926.676218</timestamp>
			</report>
			<report>
				<misses>4639001</misses>
				<total>121</total>
				<timestamp>926.875974</timestamp>
			</report>
			<report>
				<misses>4640001</misses>
				<total>121</total>
				<timestamp>927.075800</timestamp>
			</report>
			<report>
				<misses>4641001</misses>
				<total>121</total>
				<timestamp>927.275655</timestamp>
			</report>
			<report>
				<misses>4642001</misses>
				<total>121</total>
				<timestamp>927.475390</timestamp>
			</report>
			<report>
				<misses>4643001</misses>
				<total>121</total>
				<timestamp>927.675179</timestamp>
			</report>
			<report>
				<misses>4644001</misses>
				<total>121</total>
				<timestamp>927.875030</timestamp>
			</report>
			<report>
				<misses>4645001</misses>
				<total>121</total>
				<timestamp>928.074774</timestamp>
			</report>
			<report>
				<misses>4646001</misses>
				<total>121</total>
				<timestamp>928.274647</timestamp>
			</report>
			<report>
				<misses>4647001</misses>
				<total>121</total>
				<timestamp>928.474409</timestamp>
			</report>
			<report>
				<misses>4648001</misses>
				<total>121</total>
				<timestamp>928.674196</timestamp>
			</report>
			<report>
				<misses>4649001</misses>
				<total>121</total>
				<timestamp>928.873958</timestamp>
			</report>
			<report>
				<misses>4650001</misses>
				<total>121</total>
				<timestamp>929.073839</timestamp>
			</report>
			<report>
				<misses>4651001</misses>
				<total>121</total>
				<timestamp>929.273611</timestamp>
			</report>
			<report>
				<misses>4652001</misses>
				<total>121</total>
				<timestamp>929.473367</timestamp>
			</report>
			<report>
				<misses>4653001</misses>
				<total>121</total>
				<timestamp>929.673198</timestamp>
			</report>
			<report>
				<misses>4654001</misses>
				<total>121</total>
				<timestamp>929.873032</timestamp>
			</report>
			<report>
				<misses>4655001</misses>
				<total>121</total>
				<timestamp>930.072772</timestamp>
			</report>
			<report>
				<misses>4656001</misses>
				<total>121</total>
				<timestamp>930.272605</timestamp>
			</report>
			<report>
				<misses>4657001</misses>
				<total>121</total>
				<timestamp>930.472426</timestamp>
			</report>
			<report>
				<misses>4658001</misses>
				<total>121</total>
				<timestamp>930.672206</timestamp>
			</report>
			<report>
				<misses>4659001</misses>
				<total>121</total>
				<timestamp>930.872096</timestamp>
			</report>
			<report>
				<misses>4660001</misses>
				<total>121</total>
				<timestamp>931.071769</timestamp>
			</report>
			<report>
				<misses>4661001</misses>
				<total>121</total>
				<timestamp>931.271658</timestamp>
			</report>
			<report>
				<misses>4662001</misses>
				<total>121</total>
				<timestamp>931.471422</timestamp>
			</report>
			<report>
				<misses>4663001</misses>
				<total>121</total>
				<timestamp>931.671205</timestamp>
			</report>
			<report>
				<misses>4664001</misses>
				<total>121</total>
				<timestamp>931.870998</timestamp>
			</report>
			<report>
				<misses>4665001</misses>
				<total>120</total>
				<timestamp>932.070845</timestamp>
			</report>
			<report>
				<misses>4666001</misses>
				<total>121</total>
				<timestamp>932.270614</timestamp>
			</report>
			<report>
				<misses>4667001</misses>
				<total>121</total>
				<timestamp>932.470523</timestamp>
			</report>
			<report>
				<misses>4668001</misses>
				<total>121</total>
				<timestamp>932.670211</timestamp>
			</report>
			<report>
				<misses>4669001</misses>
				<total>121</total>
				<timestamp>932.869981</timestamp>
			</report>
			<report>
				<misses>4670001</misses>
				<total>121</total>
				<timestamp>933.069798</timestamp>
			</report>
			<report>
				<misses>4671001</misses>
				<total>121</total>
				<timestamp>933.269574</timestamp>
			</report>
			<report>
				<misses>4672001</misses>
				<total>120</total>
				<timestamp>933.469420</timestamp>
			</report>
			<report>
				<misses>4673001</misses>
				<total>121</total>
				<timestamp>933.669180</timestamp>
			</report>
			<report>
				<misses>4674001</misses>
				<total>121</total>
				<timestamp>933.868978</timestamp>
			</report>
			<report>
				<misses>4675001</misses>
				<total>121</total>
				<timestamp>934.068825</timestamp>
			</report>
			<report>
				<misses>4676001</misses>
				<total>121</total>
				<timestamp>934.268646</timestamp>
			</report>
			<report>
				<misses>4677001</misses>
				<total>121</total>
				<timestamp>934.468395</timestamp>
			</report>
			<report>
				<misses>4678001</misses>
				<total>121</total>
				<timestamp>934.668221</timestamp>
			</report>
			<report>
				<misses>4679001</misses>
				<total>121</total>
				<timestamp>934.867966</timestamp>
			</report>
			<report>
				<misses>4680001</misses>
				<total>121</total>
				<timestamp>935.067793</timestamp>
			</report>
			<report>
				<misses>4681001</misses>
				<total>121</total>
				<timestamp>935.267598</timestamp>
			</report>
			<report>
				<misses>4682001</misses>
				<total>121</total>
				<timestamp>935.467381</timestamp>
			</report>
			<report>
				<misses>4683001</misses>
				<total>121</total>
				<timestamp>935.667160</timestamp>
			</report>
			<report>
				<misses>4684001</misses>
				<total>120</total>
				<timestamp>935.866967</timestamp>
			</report>
			<report>
				<misses>4685001</misses>
				<total>121</total>
				<timestamp>936.066768</timestamp>
			</report>
			<report>
				<misses>4686001</misses>
				<total>121</total>
				<timestamp>936.266688</timestamp>
			</report>
			<report>
				<misses>4687001</misses>
				<total>121</total>
				<timestamp>936.466429</timestamp>
			</report>
			<report>
				<misses>4688001</misses>
				<total>120</total>
				<timestamp>936.666195</timestamp>
			</report>
			<report>
				<misses>4689001</misses>
				<total>121</total>
				<timestamp>936.866070</timestamp>
			</report>
			<report>
				<misses>4690001</misses>
				<total>121</total>
				<timestamp>937.065780</timestamp>
			</report>
			<report>
				<misses>4691001</misses>
				<total>121</total>
				<timestamp>937.265580</timestamp>
			</report>
			<report>
				<misses>4692001</misses>
				<total>121</total>
				<timestamp>937.465422</timestamp>
			</report>
			<report>
				<misses>4693001</misses>
				<total>121</total>
				<timestamp>937.665209</timestamp>
			</report>
			<report>
				<misses>4694001</misses>
				<total>121</total>
				<timestamp>937.864986</timestamp>
			</report>
			<report>
				<misses>4695001</misses>
				<total>121</total>
				<timestamp>938.064770</timestamp>
			</report>
			<report>
				<misses>4696001</misses>
				<total>121</total>
				<timestamp>938.264589</timestamp>
			</report>
			<report>
				<misses>4697001</misses>
				<total>121</total>
				<timestamp>938.464387</timestamp>
			</report>
			<report>
				<misses>4698001</misses>
				<total>121</total>
				<timestamp>938.664211</timestamp>
			</report>
			<report>
				<misses>4699001</misses>
				<total>121</total>
				<timestamp>938.863995</timestamp>
			</report>
			<report>
				<misses>4700001</misses>
				<total>121</total>
				<timestamp>939.063797</timestamp>
			</report>
			<report>
				<misses>4701001</misses>
				<total>121</total>
				<timestamp>939.263697</timestamp>
			</report>
			<report>
				<misses>4702001</misses>
				<total>121</total>
				<timestamp>939.463382</timestamp>
			</report>
			<report>
				<misses>4703001</misses>
				<total>121</total>
				<timestamp>939.663174</timestamp>
			</report>
			<report>
				<misses>4704001</misses>
				<total>121</total>
				<timestamp>939.862971</timestamp>
			</report>
			<report>
				<misses>4705001</misses>
				<total>120</total>
				<timestamp>940.062791</timestamp>
			</report>
			<report>
				<misses>4706001</misses>
				<total>121</total>
				<timestamp>940.262583</timestamp>
			</report>
			<report>
				<misses>4707001</misses>
				<total>120</total>
				<timestamp>940.462385</timestamp>
			</report>
			<report>
				<misses>4708001</misses>
				<total>121</total>
				<timestamp>940.662217</timestamp>
			</report>
			<report>
				<misses>4709001</misses>
				<total>121</total>
				<timestamp>940.861987</timestamp>
			</report>
			<report>
				<misses>4710001</misses>
				<total>121</total>
				<timestamp>941.061820</timestamp>
			</report>
			<report>
				<misses>4711001</misses>
				<total>121</total>
				<timestamp>941.261589</timestamp>
			</report>
			<report>
				<misses>4712001</misses>
				<total>121</total>
				<timestamp>941.461406</timestamp>
			</report>
			<report>
				<misses>4713001</misses>
				<total>121</total>
				<timestamp>941.661188</timestamp>
			</report>
			<report>
				<misses>4714001</misses>
				<total>121</total>
				<timestamp>941.861003</timestamp>
			</report>
			<report>
				<misses>4715001</misses>
				<total>121</total>
				<timestamp>942.060825</timestamp>
			</report>
			<report>
				<misses>4716001</misses>
				<total>121</total>
				<timestamp>942.260703</timestamp>
			</report>
			<report>
				<misses>4717001</misses>
				<total>121</total>
				<timestamp>942.460475</timestamp>
			</report>
			<report>
				<misses>4718001</misses>
				<total>121</total>
				<timestamp>942.660229</timestamp>
			</report>
			<report>
				<misses>4719001</misses>
				<total>121</total>
				<timestamp>942.859969</timestamp>
			</report>
			<report>
				<misses>4720001</misses>
				<total>121</total>
				<timestamp>943.059791</timestamp>
			</report>
			<report>
				<misses>4721001</misses>
				<total>121</total>
				<timestamp>943.259592</timestamp>
			</report>
			<report>
				<misses>4722001</misses>
				<total>121</total>
				<timestamp>943.459384</timestamp>
			</report>
			<report>
				<misses>4723001</misses>
				<total>120</total>
				<timestamp>943.659180</timestamp>
			</report>
			<report>
				<misses>4724001</misses>
				<total>121</total>
				<timestamp>943.859059</timestamp>
			</report>
			<report>
				<misses>4725001</misses>
				<total>121</total>
				<timestamp>944.058775</timestamp>
			</report>
			<report>
				<misses>4726001</misses>
				<total>121</total>
				<timestamp>944.258623</timestamp>
			</report>
			<report>
				<misses>4727001</misses>
				<total>121</total>
				<timestamp>944.458396</timestamp>
			</report>
			<report>
				<misses>4728001</misses>
				<total>121</total>
				<timestamp>944.658188</timestamp>
			</report>
			<report>
				<misses>4729001</misses>
				<total>121</total>
				<timestamp>944.858038</timestamp>
			</report>
			<report>
				<misses>4730001</misses>
				<total>121</total>
				<timestamp>945.057802</timestamp>
			</report>
			<report>
				<misses>4731001</misses>
				<total>121</total>
				<timestamp>945.257606</timestamp>
			</report>
			<report>
				<misses>4732001</misses>
				<total>121</total>
				<timestamp>945.457383</timestamp>
			</report>
			<report>
				<misses>4733001</misses>
				<total>121</total>
				<timestamp>945.657195</timestamp>
			</report>
			<report>
				<misses>4734001</misses>
				<total>121</total>
				<timestamp>945.857029</timestamp>
			</report>
			<report>
				<misses>4735001</misses>
				<total>121</total>
				<timestamp>946.056775</timestamp>
			</report>
			<report>
				<misses>4736001</misses>
				<total>121</total>
				<timestamp>946.256595</timestamp>
			</report>
			<report>
				<misses>4737001</misses>
				<total>121</total>
				<timestamp>946.456371</timestamp>
			</report>
			<report>
				<misses>4738001</misses>
				<total>121</total>
				<timestamp>946.656206</timestamp>
			</report>
			<report>
				<misses>4739001</misses>
				<total>121</total>
				<timestamp>946.855992</timestamp>
			</report>
			<report>
				<misses>4740001</misses>
				<total>121</total>
				<timestamp>947.055897</timestamp>
			</report>
			<report>
				<misses>4741001</misses>
				<total>123</total>
				<timestamp>947.255671</timestamp>
			</report>
			<report>
				<misses>4742001</misses>
				<total>123</total>
				<timestamp>947.455417</timestamp>
			</report>
			<report>
				<misses>4743001</misses>
				<total>123</total>
				<timestamp>947.655190</timestamp>
			</report>
			<report>
				<misses>4744001</misses>
				<total>123</total>
				<timestamp>947.855027</timestamp>
			</report>
			<report>
				<misses>4745001</misses>
				<total>123</total>
				<timestamp>948.054789</timestamp>
			</report>
			<report>
				<misses>4746001</misses>
				<total>123</total>
				<timestamp>948.254660</timestamp>
			</report>
			<report>
				<misses>4747001</misses>
				<total>123</total>
				<timestamp>948.454439</timestamp>
			</report>
			<report>
				<misses>4748001</misses>
				<total>123</total>
				<timestamp>948.654264</timestamp>
			</report>
			<report>
				<misses>4749001</misses>
				<total>123</total>
				<timestamp>948.854009</timestamp>
			</report>
			<report>
				<misses>4750001</misses>
				<total>123</total>
				<timestamp>949.053780</timestamp>
			</report>
			<report>
				<misses>4751001</misses>
				<total>123</total>
				<timestamp>949.253584</timestamp>
			</report>
			<report>
				<misses>4752001</misses>
				<total>123</total>
				<timestamp>949.453404</timestamp>
			</report>
			<report>
				<misses>4753001</misses>
				<total>123</total>
				<timestamp>949.653165</timestamp>
			</report>
			<report>
				<misses>4754001</misses>
				<total>123</total>
				<timestamp>949.852981</timestamp>
			</report>
			<report>
				<misses>4755001</misses>
				<total>123</total>
				<timestamp>950.052779</timestamp>
			</report>
			<report>
				<misses>4756001</misses>
				<total>123</total>
				<timestamp>950.252612</timestamp>
			</report>
			<report>
				<misses>4757001</misses>
				<total>123</total>
				<timestamp>950.452381</timestamp>
			</report>
			<report>
				<misses>4758001</misses>
				<total>123</total>
				<timestamp>950.652197</timestamp>
			</report>
			<report>
				<misses>4759001</misses>
				<total>123</total>
				<timestamp>950.852045</timestamp>
			</report>
			<report>
				<misses>4760001</misses>
				<total>123</total>
				<timestamp>951.051865</timestamp>
			</report>
			<report>
				<misses>4761001</misses>
				<total>123</total>
				<timestamp>951.251607</timestamp>
			</report>
			<report>
				<misses>4762001</misses>
				<total>123</total>
				<timestamp>951.451404</timestamp>
			</report>
			<report>
				<misses>4763001</misses>
				<total>123</total>
				<timestamp>951.651240</timestamp>
			</report>
			<report>
				<misses>4764001</misses>
				<total>123</total>
				<timestamp>951.850994</timestamp>
			</report>
			<report>
				<misses>4765001</misses>
				<total>123</total>
				<timestamp>952.050824</timestamp>
			</report>
			<report>
				<misses>4766001</misses>
				<total>123</total>
				<timestamp>952.250561</timestamp>
			</report>
			<report>
				<misses>4767001</misses>
				<total>123</total>
				<timestamp>952.450421</timestamp>
			</report>
			<report>
				<misses>4768001</misses>
				<total>123</total>
				<timestamp>952.650194</timestamp>
			</report>
			<report>
				<misses>4769001</misses>
				<total>123</total>
				<timestamp>952.849977</timestamp>
			</report>
			<report>
				<misses>4770001</misses>
				<total>123</total>
				<timestamp>953.049802</timestamp>
			</report>
			<report>
				<misses>4771001</misses>
				<total>123</total>
				<timestamp>953.249609</timestamp>
			</report>
			<report>
				<misses>4772001</misses>
				<total>123</total>
				<timestamp>953.449410</timestamp>
			</report>
			<report>
				<misses>4773001</misses>
				<total>123</total>
				<timestamp>953.649231</timestamp>
			</report>
			<report>
				<misses>4774001</misses>
				<total>122</total>
				<timestamp>953.849052</timestamp>
			</report>
			<report>
				<misses>4775001</misses>
				<total>123</total>
				<timestamp>954.048767</timestamp>
			</report>
			<report>
				<misses>4776001</misses>
				<total>123</total>
				<timestamp>954.248614</timestamp>
			</report>
			<report>
				<misses>4777001</misses>
				<total>123</total>
				<timestamp>954.448410</timestamp>
			</report>
			<report>
				<misses>4778001</misses>
				<total>123</total>
				<timestamp>954.648181</timestamp>
			</report>
			<report>
				<misses>4779001</misses>
				<total>123</total>
				<timestamp>954.848015</timestamp>
			</report>
			<report>
				<misses>4780001</misses>
				<total>123</total>
				<timestamp>955.047845</timestamp>
			</report>
			<report>
				<misses>4781001</misses>
				<total>123</total>
				<timestamp>955.247637</timestamp>
			</report>
			<report>
				<misses>4782001</misses>
				<total>123</total>
				<timestamp>955.447451</timestamp>
			</report>
			<report>
				<misses>4783001</misses>
				<total>123</total>
				<timestamp>955.647170</timestamp>
			</report>
			<report>
				<misses>4784001</misses>
				<total>123</total>
				<timestamp>955.846971</timestamp>
			</report>
			<report>
				<misses>4785001</misses>
				<total>123</total>
				<timestamp>956.046811</timestamp>
			</report>
			<report>
				<misses>4786001</misses>
				<total>123</total>
				<timestamp>956.246569</timestamp>
			</report>
			<report>
				<misses>4787001</misses>
				<total>123</total>
				<timestamp>956.446451</timestamp>
			</report>
			<report>
				<misses>4788001</misses>
				<total>123</total>
				<timestamp>956.646253</timestamp>
			</report>
			<report>
				<misses>4789001</misses>
				<total>123</total>
				<timestamp>956.846080</timestamp>
			</report>
			<report>
				<misses>4790001</misses>
				<total>123</total>
				<timestamp>957.045813</timestamp>
			</report>
			<report>
				<misses>4791001</misses>
				<total>123</total>
				<timestamp>957.245565</timestamp>
			</report>
			<report>
				<misses>4792001</misses>
				<total>123</total>
				<timestamp>957.445398</timestamp>
			</report>
			<report>
				<misses>4793001</misses>
				<total>123</total>
				<timestamp>957.645174</timestamp>
			</report>
			<report>
				<misses>4794001</misses>
				<total>123</total>
				<timestamp>957.845026</timestamp>
			</report>
			<report>
				<misses>4795001</misses>
				<total>123</total>
				<timestamp>958.044769</timestamp>
			</report>
			<report>
				<misses>4796001</misses>
				<total>123</total>
				<timestamp>958.244637</timestamp>
			</report>
			<report>
				<misses>4797001</misses>
				<total>123</total>
				<timestamp>958.444402</timestamp>
			</report>
			<report>
				<misses>4798001</misses>
				<total>122</total>
				<timestamp>958.644192</timestamp>
			</report>
			<report>
				<misses>4799001</misses>
				<total>124</total>
				<timestamp>958.843998</timestamp>
			</report>
			<report>
				<misses>4800001</misses>
				<total>124</total>
				<timestamp>959.043810</timestamp>
			</report>
			<report>
				<misses>4801001</misses>
				<total>124</total>
				<timestamp>959.243599</timestamp>
			</report>
			<report>
				<misses>4802001</misses>
				<total>124</total>
				<timestamp>959.443437</timestamp>
			</report>
			<report>
				<misses>4803001</misses>
				<total>124</total>
				<timestamp>959.643214</timestamp>
			</report>
			<report>
				<misses>4804001</misses>
				<total>124</total>
				<timestamp>959.842962</timestamp>
			</report>
			<report>
				<misses>4805001</misses>
				<total>124</total>
				<timestamp>960.042826</timestamp>
			</report>
			<report>
				<misses>4806001</misses>
				<total>124</total>
				<timestamp>960.242576</timestamp>
			</report>
			<report>
				<misses>4807001</misses>
				<total>124</total>
				<timestamp>960.442371</timestamp>
			</report>
			<report>
				<misses>4808001</misses>
				<total>124</total>
				<timestamp>960.642216</timestamp>
			</report>
			<report>
				<misses>4809001</misses>
				<total>124</total>
				<timestamp>960.842035</timestamp>
			</report>
			<report>
				<misses>4810001</misses>
				<total>124</total>
				<timestamp>961.041798</timestamp>
			</report>
			<report>
				<misses>4811001</misses>
				<total>123</total>
				<timestamp>961.241608</timestamp>
			</report>
			<report>
				<misses>4812001</misses>
				<total>124</total>
				<timestamp>961.441383</timestamp>
			</report>
			<report>
				<misses>4813001</misses>
				<total>124</total>
				<timestamp>961.641232</timestamp>
			</report>
			<report>
				<misses>4814001</misses>
				<total>124</total>
				<timestamp>961.840980</timestamp>
			</report>
			<report>
				<misses>4815001</misses>
				<total>124</total>
				<timestamp>962.040858</timestamp>
			</report>
			<report>
				<misses>4816001</misses>
				<total>124</total>
				<timestamp>962.240614</timestamp>
			</report>
			<report>
				<misses>4817001</misses>
				<total>124</total>
				<timestamp>962.440378</timestamp>
			</report>
			<report>
				<misses>4818001</misses>
				<total>124</total>
				<timestamp>962.640192</timestamp>
			</report>
			<report>
				<misses>4819001</misses>
				<total>124</total>
				<timestamp>962.839976</timestamp>
			</report>
			<report>
				<misses>4820001</misses>
				<total>124</total>
				<timestamp>963.039809</timestamp>
			</report>
			<report>
				<misses>4821001</misses>
				<total>124</total>
				<timestamp>963.239578</timestamp>
			</report>
			<report>
				<misses>4822001</misses>
				<total>124</total>
				<timestamp>963.439447</timestamp>
			</report>
			<report>
				<misses>4823001</misses>
				<total>124</total>
				<timestamp>963.639166</timestamp>
			</report>
			<report>
				<misses>4824001</misses>
				<total>123</total>
				<timestamp>963.839032</timestamp>
			</report>
			<report>
				<misses>4825001</misses>
				<total>124</total>
				<timestamp>964.038778</timestamp>
			</report>
			<report>
				<misses>4826001</misses>
				<total>124</total>
				<timestamp>964.238656</timestamp>
			</report>
			<report>
				<misses>4827001</misses>
				<total>124</total>
				<timestamp>964.438367</timestamp>
			</report>
			<report>
				<misses>4828001</misses>
				<total>124</total>
				<timestamp>964.638243</timestamp>
			</report>
			<report>
				<misses>4829001</misses>
				<total>124</total>
				<timestamp>964.838063</timestamp>
			</report>
			<report>
				<misses>4830001</misses>
				<total>124</total>
				<timestamp>965.037772</timestamp>
			</report>
			<report>
				<misses>4831001</misses>
				<total>124</total>
				<timestamp>965.237616</timestamp>
			</report>
			<report>
				<misses>4832001</misses>
				<total>124</total>
				<timestamp>965.437435</timestamp>
			</report>
			<report>
				<misses>4833001</misses>
				<total>124</total>
				<timestamp>965.637203</timestamp>
			</report>
			<report>
				<misses>4834001</misses>
				<total>124</total>
				<timestamp>965.837038</timestamp>
			</report>
			<report>
				<misses>4835001</misses>
				<total>124</total>
				<timestamp>966.036828</timestamp>
			</report>
			<report>
				<misses>4836001</misses>
				<total>124</total>
				<timestamp>966.236593</timestamp>
			</report>
			<report>
				<misses>4837001</misses>
				<total>124</total>
				<timestamp>966.436364</timestamp>
			</report>
			<report>
				<misses>4838001</misses>
				<total>124</total>
				<timestamp>966.636248</timestamp>
			</report>
			<report>
				<misses>4839001</misses>
				<total>124</total>
				<timestamp>966.835975</timestamp>
			</report>
			<report>
				<misses>4840001</misses>
				<total>124</total>
				<timestamp>967.035818</timestamp>
			</report>
			<report>
				<misses>4841001</misses>
				<total>124</total>
				<timestamp>967.235643</timestamp>
			</report>
			<report>
				<misses>4842001</misses>
				<total>124</total>
				<timestamp>967.435374</timestamp>
			</report>
			<report>
				<misses>4843001</misses>
				<total>124</total>
				<timestamp>967.635211</timestamp>
			</report>
			<report>
				<misses>4844001</misses>
				<total>124</total>
				<timestamp>967.835004</timestamp>
			</report>
			<report>
				<misses>4845001</misses>
				<total>124</total>
				<timestamp>968.034819</timestamp>
			</report>
			<report>
				<misses>4846001</misses>
				<total>124</total>
				<timestamp>968.234580</timestamp>
			</report>
			<report>
				<misses>4847001</misses>
				<total>124</total>
				<timestamp>968.434372</timestamp>
			</report>
			<report>
				<misses>4848001</misses>
				<total>124</total>
				<timestamp>968.634203</timestamp>
			</report>
			<report>
				<misses>4849001</misses>
				<total>124</total>
				<timestamp>968.833985</timestamp>
			</report>
			<report>
				<misses>4850001</misses>
				<total>124</total>
				<timestamp>969.033786</timestamp>
			</report>
			<report>
				<misses>4851001</misses>
				<total>124</total>
				<timestamp>969.233579</timestamp>
			</report>
			<report>
				<misses>4852001</misses>
				<total>124</total>
				<timestamp>969.433375</timestamp>
			</report>
			<report>
				<misses>4853001</misses>
				<total>124</total>
				<timestamp>969.633181</timestamp>
			</report>
			<report>
				<misses>4854001</misses>
				<total>124</total>
				<timestamp>969.832973</timestamp>
			</report>
			<report>
				<misses>4855001</misses>
				<total>124</total>
				<timestamp>970.032810</timestamp>
			</report>
			<report>
				<misses>4856001</misses>
				<total>124</total>
				<timestamp>970.232589</timestamp>
			</report>
			<report>
				<misses>4857001</misses>
				<total>124</total>
				<timestamp>970.432446</timestamp>
			</report>
			<report>
				<misses>4858001</misses>
				<total>124</total>
				<timestamp>970.632296</timestamp>
			</report>
			<report>
				<misses>4859001</misses>
				<total>124</total>
				<timestamp>970.831989</timestamp>
			</report>
			<report>
				<misses>4860001</misses>
				<total>124</total>
				<timestamp>971.031807</timestamp>
			</report>
			<report>
				<misses>4861001</misses>
				<total>124</total>
				<timestamp>971.231636</timestamp>
			</report>
			<report>
				<misses>4862001</misses>
				<total>124</total>
				<timestamp>971.431399</timestamp>
			</report>
			<report>
				<misses>4863001</misses>
				<total>124</total>
				<timestamp>971.631236</timestamp>
			</report>
			<report>
				<misses>4864001</misses>
				<total>124</total>
				<timestamp>971.831003</timestamp>
			</report>
			<report>
				<misses>4865001</misses>
				<total>124</total>
				<timestamp>972.030827</timestamp>
			</report>
			<report>
				<misses>4866001</misses>
				<total>124</total>
				<timestamp>972.230672</timestamp>
			</report>
			<report>
				<misses>4867001</misses>
				<total>123</total>
				<timestamp>972.430399</timestamp>
			</report>
			<report>
				<misses>4868001</misses>
				<total>124</total>
				<timestamp>972.630222</timestamp>
			</report>
			<report>
				<misses>4869001</misses>
				<total>124</total>
				<timestamp>972.830010</timestamp>
			</report>
			<report>
				<misses>4870001</misses>
				<total>124</total>
				<timestamp>973.029770</timestamp>
			</report>
			<report>
				<misses>4871001</misses>
				<total>124</total>
				<timestamp>973.229619</timestamp>
			</report>
			<report>
				<misses>4872001</misses>
				<total>123</total>
				<timestamp>973.429367</timestamp>
			</report>
			<report>
				<misses>4873001</misses>
				<total>124</total>
				<timestamp>973.629297</timestamp>
			</report>
			<report>
				<misses>4874001</misses>
				<total>124</total>
				<timestamp>973.829027</timestamp>
			</report>
			<report>
				<misses>4875001</misses>
				<total>124</total>
				<timestamp>974.028826</timestamp>
			</report>
			<report>
				<misses>4876001</misses>
				<total>124</total>
				<timestamp>974.228662</timestamp>
			</report>
			<report>
				<misses>4877001</misses>
				<total>124</total>
				<timestamp>974.428401</timestamp>
			</report>
			<report>
				<misses>4878001</misses>
				<total>124</total>
				<timestamp>974.628228</timestamp>
			</report>
			<report>
				<misses>4879001</misses>
				<total>124</total>
				<timestamp>974.828014</timestamp>
			</report>
			<report>
				<misses>4880001</misses>
				<total>124</total>
				<timestamp>975.027809</timestamp>
			</report>
			<report>
				<misses>4881001</misses>
				<total>124</total>
				<timestamp>975.227602</timestamp>
			</report>
			<report>
				<misses>4882001</misses>
				<total>124</total>
				<timestamp>975.427384</timestamp>
			</report>
			<report>
				<misses>4883001</misses>
				<total>124</total>
				<timestamp>975.627265</timestamp>
			</report>
			<report>
				<misses>4884001</misses>
				<total>124</total>
				<timestamp>975.827005</timestamp>
			</report>
			<report>
				<misses>4885001</misses>
				<total>124</total>
				<timestamp>976.026797</timestamp>
			</report>
			<report>
				<misses>4886001</misses>
				<total>124</total>
				<timestamp>976.226562</timestamp>
			</report>
			<report>
				<misses>4887001</misses>
				<total>124</total>
				<timestamp>976.426385</timestamp>
			</report>
			<report>
				<misses>4888001</misses>
				<total>124</total>
				<timestamp>976.626185</timestamp>
			</report>
			<report>
				<misses>4889001</misses>
				<total>124</total>
				<timestamp>976.826004</timestamp>
			</report>
			<report>
				<misses>4890001</misses>
				<total>123</total>
				<timestamp>977.025841</timestamp>
			</report>
			<report>
				<misses>4891001</misses>
				<total>124</total>
				<timestamp>977.225602</timestamp>
			</report>
			<report>
				<misses>4892001</misses>
				<total>124</total>
				<timestamp>977.425420</timestamp>
			</report>
			<report>
				<misses>4893001</misses>
				<total>124</total>
				<timestamp>977.625155</timestamp>
			</report>
			<report>
				<misses>4894001</misses>
				<total>124</total>
				<timestamp>977.824960</timestamp>
			</report>
			<report>
				<misses>4895001</misses>
				<total>124</total>
				<timestamp>978.024778</timestamp>
			</report>
			<report>
				<misses>4896001</misses>
				<total>123</total>
				<timestamp>978.224581</timestamp>
			</report>
			<report>
				<misses>4897001</misses>
				<total>124</total>
				<timestamp>978.424404</timestamp>
			</report>
			<report>
				<misses>4898001</misses>
				<total>124</total>
				<timestamp>978.624189</timestamp>
			</report>
			<report>
				<misses>4899001</misses>
				<total>124</total>
				<timestamp>978.823998</timestamp>
			</report>
			<report>
				<misses>4900001</misses>
				<total>124</total>
				<timestamp>979.023839</timestamp>
			</report>
			<report>
				<misses>4901001</misses>
				<total>124</total>
				<timestamp>979.223584</timestamp>
			</report>
			<report>
				<misses>4902001</misses>
				<total>123</total>
				<timestamp>979.423452</timestamp>
			</report>
			<report>
				<misses>4903001</misses>
				<total>124</total>
				<timestamp>979.623203</timestamp>
			</report>
			<report>
				<misses>4904001</misses>
				<total>124</total>
				<timestamp>979.822971</timestamp>
			</report>
			<report>
				<misses>4905001</misses>
				<total>124</total>
				<timestamp>980.022805</timestamp>
			</report>
			<report>
				<misses>4906001</misses>
				<total>124</total>
				<timestamp>980.222567</timestamp>
			</report>
			<report>
				<misses>4907001</misses>
				<total>124</total>
				<timestamp>980.422400</timestamp>
			</report>
			<report>
				<misses>4908001</misses>
				<total>124</total>
				<timestamp>980.622238</timestamp>
			</report>
			<report>
				<misses>4909001</misses>
				<total>124</total>
				<timestamp>980.822027</timestamp>
			</report>
			<report>
				<misses>4910001</misses>
				<total>125</total>
				<timestamp>981.021847</timestamp>
			</report>
			<report>
				<misses>4911001</misses>
				<total>125</total>
				<timestamp>981.221634</timestamp>
			</report>
			<report>
				<misses>4912001</misses>
				<total>125</total>
				<timestamp>981.421453</timestamp>
			</report>
			<report>
				<misses>4913001</misses>
				<total>125</total>
				<timestamp>981.621175</timestamp>
			</report>
			<report>
				<misses>4914001</misses>
				<total>125</total>
				<timestamp>981.821015</timestamp>
			</report>
			<report>
				<misses>4915001</misses>
				<total>125</total>
				<timestamp>982.020802</timestamp>
			</report>
			<report>
				<misses>4916001</misses>
				<total>125</total>
				<timestamp>982.220579</timestamp>
			</report>
			<report>
				<misses>4917001</misses>
				<total>125</total>
				<timestamp>982.420371</timestamp>
			</report>
			<report>
				<misses>4918001</misses>
				<total>125</total>
				<timestamp>982.620207</timestamp>
			</report>
			<report>
				<misses>4919001</misses>
				<total>125</total>
				<timestamp>982.819969</timestamp>
			</report>
			<report>
				<misses>4920001</misses>
				<total>125</total>
				<timestamp>983.019783</timestamp>
			</report>
			<report>
				<misses>4921001</misses>
				<total>125</total>
				<timestamp>983.219579</timestamp>
			</report>
			<report>
				<misses>4922001</misses>
				<total>124</total>
				<timestamp>983.419404</timestamp>
			</report>
			<report>
				<misses>4923001</misses>
				<total>125</total>
				<timestamp>983.619200</timestamp>
			</report>
			<report>
				<misses>4924001</misses>
				<total>125</total>
				<timestamp>983.819050</timestamp>
			</report>
			<report>
				<misses>4925001</misses>
				<total>124</total>
				<timestamp>984.018876</timestamp>
			</report>
			<report>
				<misses>4926001</misses>
				<total>125</total>
				<timestamp>984.218574</timestamp>
			</report>
			<report>
				<misses>4927001</misses>
				<total>125</total>
				<timestamp>984.418399</timestamp>
			</report>
			<report>
				<misses>4928001</misses>
				<total>125</total>
				<timestamp>984.618231</timestamp>
			</report>
			<report>
				<misses>4929001</misses>
				<total>125</total>
				<timestamp>984.818072</timestamp>
			</report>
			<report>
				<misses>4930001</misses>
				<total>125</total>
				<timestamp>985.017808</timestamp>
			</report>
			<report>
				<misses>4931001</misses>
				<total>125</total>
				<timestamp>985.217697</timestamp>
			</report>
			<report>
				<misses>4932001</misses>
				<total>125</total>
				<timestamp>985.417431</timestamp>
			</report>
			<report>
				<misses>4933001</misses>
				<total>125</total>
				<timestamp>985.617237</timestamp>
			</report>
			<report>
				<misses>4934001</misses>
				<total>125</total>
				<timestamp>985.816981</timestamp>
			</report>
			<report>
				<misses>4935001</misses>
				<total>125</total>
				<timestamp>986.016805</timestamp>
			</report>
			<report>
				<misses>4936001</misses>
				<total>125</total>
				<timestamp>986.216652</timestamp>
			</report>
			<report>
				<misses>4937001</misses>
				<total>125</total>
				<timestamp>986.416401</timestamp>
			</report>
			<report>
				<misses>4938001</misses>
				<total>125</total>
				<timestamp>986.616219</timestamp>
			</report>
			<report>
				<misses>4939001</misses>
				<total>125</total>
				<timestamp>986.815978</timestamp>
			</report>
			<report>
				<misses>4940001</misses>
				<total>125</total>
				<timestamp>987.015816</timestamp>
			</report>
			<report>
				<misses>4941001</misses>
				<total>125</total>
				<timestamp>987.215568</timestamp>
			</report>
			<report>
				<misses>4942001</misses>
				<total>125</total>
				<timestamp>987.415366</timestamp>
			</report>
			<report>
				<misses>4943001</misses>
				<total>125</total>
				<timestamp>987.615189</timestamp>
			</report>
			<report>
				<misses>4944001</misses>
				<total>125</total>
				<timestamp>987.814982</timestamp>
			</report>
			<report>
				<misses>4945001</misses>
				<total>125</total>
				<timestamp>988.014813</timestamp>
			</report>
			<report>
				<misses>4946001</misses>
				<total>125</total>
				<timestamp>988.214599</timestamp>
			</report>
			<report>
				<misses>4947001</misses>
				<total>125</total>
				<timestamp>988.414381</timestamp>
			</report>
			<report>
				<misses>4948001</misses>
				<total>125</total>
				<timestamp>988.614214</timestamp>
			</report>
			<report>
				<misses>4949001</misses>
				<total>125</total>
				<timestamp>988.813987</timestamp>
			</report>
			<report>
				<misses>4950001</misses>
				<total>125</total>
				<timestamp>989.013771</timestamp>
			</report>
			<report>
				<misses>4951001</misses>
				<total>125</total>
				<timestamp>989.213601</timestamp>
			</report>
			<report>
				<misses>4952001</misses>
				<total>124</total>
				<timestamp>989.413403</timestamp>
			</report>
			<report>
				<misses>4953001</misses>
				<total>125</total>
				<timestamp>989.613181</timestamp>
			</report>
			<report>
				<misses>4954001</misses>
				<total>125</total>
				<timestamp>989.812971</timestamp>
			</report>
			<report>
				<misses>4955001</misses>
				<total>125</total>
				<timestamp>990.012818</timestamp>
			</report>
			<report>
				<misses>4956001</misses>
				<total>125</total>
				<timestamp>990.212554</timestamp>
			</report>
			<report>
				<misses>4957001</misses>
				<total>125</total>
				<timestamp>990.412433</timestamp>
			</report>
			<report>
				<misses>4958001</misses>
				<total>125</total>
				<timestamp>990.612261</timestamp>
			</report>
			<report>
				<misses>4959001</misses>
				<total>128</total>
				<timestamp>990.811971</timestamp>
			</report>
			<report>
				<misses>4960001</misses>
				<total>128</total>
				<timestamp>991.011850</timestamp>
			</report>
			<report>
				<misses>4961001</misses>
				<total>128</total>
				<timestamp>991.211611</timestamp>
			</report>
			<report>
				<misses>4962001</misses>
				<total>128</total>
				<timestamp>991.411375</timestamp>
			</report>
			<report>
				<misses>4963001</misses>
				<total>129</total>
				<timestamp>991.611183</timestamp>
			</report>
			<report>
				<misses>4964001</misses>
				<total>129</total>
				<timestamp>991.811085</timestamp>
			</report>
			<report>
				<misses>4965001</misses>
				<total>129</total>
				<timestamp>992.010757</timestamp>
			</report>
			<report>
				<misses>4966001</misses>
				<total>129</total>
				<timestamp>992.210576</timestamp>
			</report>
			<report>
				<misses>4967001</misses>
				<total>128</total>
				<timestamp>992.410523</timestamp>
			</report>
			<report>
				<misses>4968001</misses>
				<total>129</total>
				<timestamp>992.610170</timestamp>
			</report>
			<report>
				<misses>4969001</misses>
				<total>129</total>
				<timestamp>992.810088</timestamp>
			</report>
			<report>
				<misses>4970001</misses>
				<total>129</total>
				<timestamp>993.009846</timestamp>
			</report>
			<report>
				<misses>4971001</misses>
				<total>129</total>
				<timestamp>993.209584</timestamp>
			</report>
			<report>
				<misses>4972001</misses>
				<total>129</total>
				<timestamp>993.409397</timestamp>
			</report>
			<report>
				<misses>4973001</misses>
				<total>129</total>
				<timestamp>993.609238</timestamp>
			</report>
			<report>
				<misses>4974001</misses>
				<total>129</total>
				<timestamp>993.809005</timestamp>
			</report>
			<report>
				<misses>4975001</misses>
				<total>128</total>
				<timestamp>994.008915</timestamp>
			</report>
			<report>
				<misses>4976001</misses>
				<total>129</total>
				<timestamp>994.208556</timestamp>
			</report>
			<report>
				<misses>4977001</misses>
				<total>129</total>
				<timestamp>994.408394</timestamp>
			</report>
			<report>
				<misses>4978001</misses>
				<total>129</total>
				<timestamp>994.608200</timestamp>
			</report>
			<report>
				<misses>4979001</misses>
				<total>129</total>
				<timestamp>994.808004</timestamp>
			</report>
			<report>
				<misses>4980001</misses>
				<total>129</total>
				<timestamp>995.007768</timestamp>
			</report>
			<report>
				<misses>4981001</misses>
				<total>129</total>
				<timestamp>995.207584</timestamp>
			</report>
			<report>
				<misses>4982001</misses>
				<total>129</total>
				<timestamp>995.407378</timestamp>
			</report>
			<report>
				<misses>4983001</misses>
				<total>129</total>
				<timestamp>995.607192</timestamp>
			</report>
			<report>
				<misses>4984001</misses>
				<total>129</total>
				<timestamp>995.807050</timestamp>
			</report>
			<report>
				<misses>4985001</misses>
				<total>129</total>
				<timestamp>996.006819</timestamp>
			</report>
			<report>
				<misses>4986001</misses>
				<total>129</total>
				<timestamp>996.206592</timestamp>
			</report>
			<report>
				<misses>4987001</misses>
				<total>129</total>
				<timestamp>996.406418</timestamp>
			</report>
			<report>
				<misses>4988001</misses>
				<total>128</total>
				<timestamp>996.606254</timestamp>
			</report>
			<report>
				<misses>4989001</misses>
				<total>129</total>
				<timestamp>996.805972</timestamp>
			</report>
			<report>
				<misses>4990001</misses>
				<total>129</total>
				<timestamp>997.005777</timestamp>
			</report>
			<report>
				<misses>4991001</misses>
				<total>129</total>
				<timestamp>997.205578</timestamp>
			</report>
			<report>
				<misses>4992001</misses>
				<total>129</total>
				<timestamp>997.405375</timestamp>
			</report>
			<report>
				<misses>4993001</misses>
				<total>129</total>
				<timestamp>997.605160</timestamp>
			</report>
			<report>
				<misses>4994001</misses>
				<total>129</total>
				<timestamp>997.805064</timestamp>
			</report>
			<report>
				<misses>4995001</misses>
				<total>129</total>
				<timestamp>998.004815</timestamp>
			</report>
			<report>
				<misses>4996001</misses>
				<total>129</total>
				<timestamp>998.204576</timestamp>
			</report>
			<report>
				<misses>4997001</misses>
				<total>129</total>
				<timestamp>998.404367</timestamp>
			</report>
			<report>
				<misses>4998001</misses>
				<total>129</total>
				<timestamp>998.604284</timestamp>
			</report>
			<report>
				<misses>4999001</misses>
				<total>129</total>
				<timestamp>998.803992</timestamp>
			</report>
			<report>
				<misses>5000001</misses>
				<total>128</total>
				<timestamp>999.003784</timestamp>
			</report>
		</query>
	</custom>
	<ethtool_statistic>
		<rx_packets>
			<start>7600886387</start>
			<end>7685628094</end>
		</rx_packets>
		<tx_packets>
			<start>12772194914</start>
			<end>12911514929</end>
		</tx_packets>
		<rx_dropped>
			<start>828</start>
			<end>828</end>
		</rx_dropped>
		<tx_dropped>
			<start>0</start>
			<end>0</end>
		</tx_dropped>
		<collisions>
			<start>0</start>
			<end>0</end>
		</collisions>
		<port_tx_errors>
			<start>0</start>
			<end>0</end>
		</port_tx_errors>
		<port_rx_dropped>
			<start>0</start>
			<end>0</end>
		</port_rx_dropped>
		<port_tx_dropped_link_down>
			<start>0</start>
			<end>0</end>
		</port_tx_dropped_link_down>
	</ethtool_statistic>
	<ip_statistic>
		<mtu>
			<start>9000</start>
			<end>9000</end>
		</mtu>
		<rx_bytes>
			<start>31234522801152</start>
			<end>31571165479081</end>
		</rx_bytes>
		<rx_packets>
			<start>7600886602</start>
			<end>7685628397</end>
		</rx_packets>
		<rx_errors>
			<start>0</start>
			<end>0</end>
		</rx_errors>
		<rx_dropped>
			<start>828</start>
			<end>828</end>
		</rx_dropped>
		<rx_missed>
			<start>0</start>
			<end>0</end>
		</rx_missed>
		<rx_mcast>
			<start>4989</start>
			<end>5000</end>
		</rx_mcast>
		<tx_bytes>
			<start>44183187282064</start>
			<end>44762492620970</end>
		</tx_bytes>
		<tx_packets>
			<start>12772194941</start>
			<end>12911515267</end>
		</tx_packets>
		<tx_errors>
			<start>0</start>
			<end>0</end>
		</tx_errors>
		<tx_dropped>
			<start>0</start>
			<end>0</end>
		</tx_dropped>
		<tx_carrier>
			<start>0</start>
			<end>0</end>
		</tx_carrier>
		<tx_collisions>
			<start>0</start>
			<end>0</end>
		</tx_collisions>
	</ip_statistic>
	<netstat_statistic>
		<udp_pkg_rec>
			<start>6479300392</start>
			<end>6553651157</end>
		</udp_pkg_rec>
		<udp_pkg_snt>
			<start>11215725270</start>
			<end>11320085792</end>
		</udp_pkg_snt>
		<udp_rec_err>
			<start>1123532994</start>
			<end>1133929203</end>
		</udp_rec_err>
		<udp_rec_buf_err>
			<start>1123532994</start>
			<end>1133929203</end>
		</udp_rec_buf_err>
		<udp_snt_buf_err>
			<start>0</start>
			<end>0</end>
		</udp_snt_buf_err>
	</netstat_statistic>
</test_results>
