<?xml version="1.0"?>
<test_results>
	<status>STATUS_SUCCESS</status>
	<custom>
		<num_loss>2</num_loss>
		<num_total>31304158</num_total>
		<num_misses>3</num_misses>
		<elapsed_time>7199.949908</elapsed_time>
	</custom>
	<ethtool_statistic>
		<rx_packets>
			<start>14815206764</start>
			<end>15107068953</end>
		</rx_packets>
		<tx_packets>
			<start>19947635702</start>
			<end>20399370194</end>
		</tx_packets>
		<rx_dropped>
			<start>0</start>
			<end>0</end>
		</rx_dropped>
		<tx_dropped>
			<start>0</start>
			<end>0</end>
		</tx_dropped>
		<collisions>
			<start>0</start>
			<end>0</end>
		</collisions>
		<port_tx_errors>
			<start>-1</start>
			<end>-1</end>
		</port_tx_errors>
		<port_rx_dropped>
			<start>-1</start>
			<end>-1</end>
		</port_rx_dropped>
		<port_tx_dropped_link_down>
			<start>-1</start>
			<end>-1</end>
		</port_tx_dropped_link_down>
	</ethtool_statistic>
	<ip_statistic>
		<mtu>
			<start>9000</start>
			<end>9000</end>
		</mtu>
		<rx_bytes>
			<start>133143222160928</start>
			<end>135767040064020</end>
		</rx_bytes>
		<rx_packets>
			<start>14815206820</start>
			<end>15107069134</end>
		</rx_packets>
		<rx_errors>
			<start>0</start>
			<end>0</end>
		</rx_errors>
		<rx_dropped>
			<start>0</start>
			<end>0</end>
		</rx_dropped>
		<rx_missed>
			<start>1757</start>
			<end>1757</end>
		</rx_missed>
		<rx_mcast>
			<start>9744</start>
			<end>9879</end>
		</rx_mcast>
		<tx_bytes>
			<start>162045191734944</start>
			<end>165898406796132</end>
		</tx_bytes>
		<tx_packets>
			<start>19947635769</start>
			<end>20399370252</end>
		</tx_packets>
		<tx_errors>
			<start>0</start>
			<end>0</end>
		</tx_errors>
		<tx_dropped>
			<start>0</start>
			<end>0</end>
		</tx_dropped>
		<tx_carrier>
			<start>0</start>
			<end>0</end>
		</tx_carrier>
		<tx_collisions>
			<start>0</start>
			<end>0</end>
		</tx_collisions>
	</ip_statistic>
</test_results>
