<?xml version="1.0"?>
<test_results>
	<status>STATUS_SUCCESS</status>
	<custom>
		<num_loss>92235</num_loss>
		<num_total>2000001</num_total>
		<num_misses>4</num_misses>
		<elapsed_time>359.964924</elapsed_time>
		<query>
			<report>
				<misses>10000</misses>
				<total>2</total>
			</report>
			<report>
				<misses>20000</misses>
				<total>6</total>
			</report>
			<report>
				<misses>30000</misses>
				<total>6</total>
			</report>
			<report>
				<misses>40000</misses>
				<total>8</total>
			</report>
			<report>
				<misses>50000</misses>
				<total>9</total>
			</report>
			<report>
				<misses>60000</misses>
				<total>10</total>
			</report>
			<report>
				<misses>70000</misses>
				<total>13</total>
			</report>
			<report>
				<misses>80000</misses>
				<total>13</total>
			</report>
			<report>
				<misses>90000</misses>
				<total>17</total>
			</report>
			<report>
				<misses>100000</misses>
				<total>19</total>
			</report>
			<report>
				<misses>110000</misses>
				<total>19</total>
			</report>
			<report>
				<misses>120000</misses>
				<total>19</total>
			</report>
			<report>
				<misses>130000</misses>
				<total>24</total>
			</report>
			<report>
				<misses>140000</misses>
				<total>34</total>
			</report>
			<report>
				<misses>150000</misses>
				<total>34</total>
			</report>
			<report>
				<misses>160000</misses>
				<total>34</total>
			</report>
			<report>
				<misses>170000</misses>
				<total>37</total>
			</report>
			<report>
				<misses>180000</misses>
				<total>38</total>
			</report>
			<report>
				<misses>190000</misses>
				<total>38</total>
			</report>
			<report>
				<misses>200000</misses>
				<total>43</total>
			</report>
			<report>
				<misses>210000</misses>
				<total>51</total>
			</report>
			<report>
				<misses>220000</misses>
				<total>52</total>
			</report>
			<report>
				<misses>230000</misses>
				<total>52</total>
			</report>
			<report>
				<misses>240000</misses>
				<total>55</total>
			</report>
			<report>
				<misses>250000</misses>
				<total>57</total>
			</report>
			<report>
				<misses>260000</misses>
				<total>56</total>
			</report>
			<report>
				<misses>270000</misses>
				<total>57</total>
			</report>
			<report>
				<misses>280000</misses>
				<total>67</total>
			</report>
			<report>
				<misses>290000</misses>
				<total>68</total>
			</report>
			<report>
				<misses>300000</misses>
				<total>76</total>
			</report>
			<report>
				<misses>310000</misses>
				<total>75</total>
			</report>
			<report>
				<misses>320000</misses>
				<total>76</total>
			</report>
			<report>
				<misses>330000</misses>
				<total>76</total>
			</report>
			<report>
				<misses>340000</misses>
				<total>78</total>
			</report>
			<report>
				<misses>350000</misses>
				<total>78</total>
			</report>
			<report>
				<misses>360000</misses>
				<total>78</total>
			</report>
			<report>
				<misses>370000</misses>
				<total>79</total>
			</report>
			<report>
				<misses>380000</misses>
				<total>85</total>
			</report>
			<report>
				<misses>390000</misses>
				<total>85</total>
			</report>
			<report>
				<misses>400000</misses>
				<total>85</total>
			</report>
			<report>
				<misses>410000</misses>
				<total>85</total>
			</report>
			<report>
				<misses>420000</misses>
				<total>86</total>
			</report>
			<report>
				<misses>430000</misses>
				<total>86</total>
			</report>
			<report>
				<misses>440000</misses>
				<total>86</total>
			</report>
			<report>
				<misses>450000</misses>
				<total>86</total>
			</report>
			<report>
				<misses>460000</misses>
				<total>88</total>
			</report>
			<report>
				<misses>470000</misses>
				<total>88</total>
			</report>
			<report>
				<misses>480000</misses>
				<total>88</total>
			</report>
			<report>
				<misses>490000</misses>
				<total>88</total>
			</report>
			<report>
				<misses>500000</misses>
				<total>88</total>
			</report>
			<report>
				<misses>510000</misses>
				<total>91</total>
			</report>
			<report>
				<misses>520000</misses>
				<total>95</total>
			</report>
			<report>
				<misses>530000</misses>
				<total>95</total>
			</report>
			<report>
				<misses>540000</misses>
				<total>95</total>
			</report>
			<report>
				<misses>550000</misses>
				<total>108</total>
			</report>
			<report>
				<misses>560000</misses>
				<total>114</total>
			</report>
			<report>
				<misses>570000</misses>
				<total>116</total>
			</report>
			<report>
				<misses>580000</misses>
				<total>117</total>
			</report>
			<report>
				<misses>590000</misses>
				<total>117</total>
			</report>
			<report>
				<misses>600000</misses>
				<total>124</total>
			</report>
			<report>
				<misses>610000</misses>
				<total>132</total>
			</report>
			<report>
				<misses>620000</misses>
				<total>133</total>
			</report>
			<report>
				<misses>630000</misses>
				<total>133</total>
			</report>
			<report>
				<misses>640000</misses>
				<total>136</total>
			</report>
			<report>
				<misses>650000</misses>
				<total>137</total>
			</report>
			<report>
				<misses>660000</misses>
				<total>137</total>
			</report>
			<report>
				<misses>670000</misses>
				<total>137</total>
			</report>
			<report>
				<misses>680000</misses>
				<total>147</total>
			</report>
			<report>
				<misses>690000</misses>
				<total>147</total>
			</report>
			<report>
				<misses>700000</misses>
				<total>160</total>
			</report>
			<report>
				<misses>710000</misses>
				<total>160</total>
			</report>
			<report>
				<misses>720000</misses>
				<total>168</total>
			</report>
			<report>
				<misses>730000</misses>
				<total>170</total>
			</report>
			<report>
				<misses>740000</misses>
				<total>170</total>
			</report>
			<report>
				<misses>750000</misses>
				<total>175</total>
			</report>
			<report>
				<misses>760000</misses>
				<total>177</total>
			</report>
			<report>
				<misses>770000</misses>
				<total>182</total>
			</report>
			<report>
				<misses>780000</misses>
				<total>187</total>
			</report>
			<report>
				<misses>790000</misses>
				<total>198</total>
			</report>
			<report>
				<misses>800000</misses>
				<total>198</total>
			</report>
			<report>
				<misses>810000</misses>
				<total>202</total>
			</report>
			<report>
				<misses>820000</misses>
				<total>205</total>
			</report>
			<report>
				<misses>830000</misses>
				<total>214</total>
			</report>
			<report>
				<misses>840000</misses>
				<total>215</total>
			</report>
			<report>
				<misses>850000</misses>
				<total>232</total>
			</report>
			<report>
				<misses>860000</misses>
				<total>240</total>
			</report>
			<report>
				<misses>870000</misses>
				<total>242</total>
			</report>
			<report>
				<misses>880000</misses>
				<total>243</total>
			</report>
			<report>
				<misses>890000</misses>
				<total>245</total>
			</report>
			<report>
				<misses>900000</misses>
				<total>252</total>
			</report>
			<report>
				<misses>910000</misses>
				<total>253</total>
			</report>
			<report>
				<misses>920000</misses>
				<total>256</total>
			</report>
			<report>
				<misses>930000</misses>
				<total>256</total>
			</report>
			<report>
				<misses>940000</misses>
				<total>256</total>
			</report>
			<report>
				<misses>950000</misses>
				<total>256</total>
			</report>
			<report>
				<misses>960000</misses>
				<total>257</total>
			</report>
			<report>
				<misses>970000</misses>
				<total>258</total>
			</report>
			<report>
				<misses>980000</misses>
				<total>266</total>
			</report>
			<report>
				<misses>990000</misses>
				<total>268</total>
			</report>
			<report>
				<misses>1000000</misses>
				<total>269</total>
			</report>
			<report>
				<misses>1010000</misses>
				<total>270</total>
			</report>
			<report>
				<misses>1020000</misses>
				<total>272</total>
			</report>
			<report>
				<misses>1030000</misses>
				<total>304</total>
			</report>
			<report>
				<misses>1040000</misses>
				<total>306</total>
			</report>
			<report>
				<misses>1050000</misses>
				<total>307</total>
			</report>
			<report>
				<misses>1060000</misses>
				<total>307</total>
			</report>
			<report>
				<misses>1070000</misses>
				<total>309</total>
			</report>
			<report>
				<misses>1080000</misses>
				<total>309</total>
			</report>
			<report>
				<misses>1090000</misses>
				<total>310</total>
			</report>
			<report>
				<misses>1100000</misses>
				<total>314</total>
			</report>
			<report>
				<misses>1110000</misses>
				<total>315</total>
			</report>
			<report>
				<misses>1120000</misses>
				<total>315</total>
			</report>
			<report>
				<misses>1130000</misses>
				<total>315</total>
			</report>
			<report>
				<misses>1140000</misses>
				<total>320</total>
			</report>
			<report>
				<misses>1150000</misses>
				<total>337</total>
			</report>
			<report>
				<misses>1160000</misses>
				<total>351</total>
			</report>
			<report>
				<misses>1170000</misses>
				<total>355</total>
			</report>
			<report>
				<misses>1180000</misses>
				<total>355</total>
			</report>
			<report>
				<misses>1190000</misses>
				<total>355</total>
			</report>
			<report>
				<misses>1200000</misses>
				<total>360</total>
			</report>
			<report>
				<misses>1210000</misses>
				<total>361</total>
			</report>
			<report>
				<misses>1220000</misses>
				<total>362</total>
			</report>
			<report>
				<misses>1230000</misses>
				<total>362</total>
			</report>
			<report>
				<misses>1240000</misses>
				<total>362</total>
			</report>
			<report>
				<misses>1250000</misses>
				<total>365</total>
			</report>
			<report>
				<misses>1260000</misses>
				<total>365</total>
			</report>
			<report>
				<misses>1270000</misses>
				<total>394</total>
			</report>
			<report>
				<misses>1280000</misses>
				<total>400</total>
			</report>
			<report>
				<misses>1290000</misses>
				<total>403</total>
			</report>
			<report>
				<misses>1300000</misses>
				<total>409</total>
			</report>
			<report>
				<misses>1310000</misses>
				<total>418</total>
			</report>
			<report>
				<misses>1320000</misses>
				<total>419</total>
			</report>
			<report>
				<misses>1330000</misses>
				<total>4315</total>
			</report>
			<report>
				<misses>1340000</misses>
				<total>14314</total>
			</report>
			<report>
				<misses>1350000</misses>
				<total>24313</total>
			</report>
			<report>
				<misses>1360000</misses>
				<total>34312</total>
			</report>
			<report>
				<misses>1370000</misses>
				<total>44311</total>
			</report>
			<report>
				<misses>1380000</misses>
				<total>54310</total>
			</report>
			<report>
				<misses>1390000</misses>
				<total>64309</total>
			</report>
			<report>
				<misses>1400000</misses>
				<total>74308</total>
			</report>
			<report>
				<misses>1410000</misses>
				<total>84307</total>
			</report>
			<report>
				<misses>1420000</misses>
				<total>92059</total>
			</report>
			<report>
				<misses>1430000</misses>
				<total>92061</total>
			</report>
			<report>
				<misses>1440000</misses>
				<total>92065</total>
			</report>
			<report>
				<misses>1450000</misses>
				<total>92066</total>
			</report>
			<report>
				<misses>1460000</misses>
				<total>92066</total>
			</report>
			<report>
				<misses>1470000</misses>
				<total>92066</total>
			</report>
			<report>
				<misses>1480000</misses>
				<total>92066</total>
			</report>
			<report>
				<misses>1490000</misses>
				<total>92075</total>
			</report>
			<report>
				<misses>1500000</misses>
				<total>92077</total>
			</report>
			<report>
				<misses>1510000</misses>
				<total>92080</total>
			</report>
			<report>
				<misses>1520000</misses>
				<total>92080</total>
			</report>
			<report>
				<misses>1530000</misses>
				<total>92080</total>
			</report>
			<report>
				<misses>1540000</misses>
				<total>92080</total>
			</report>
			<report>
				<misses>1550000</misses>
				<total>92084</total>
			</report>
			<report>
				<misses>1560000</misses>
				<total>92091</total>
			</report>
			<report>
				<misses>1570000</misses>
				<total>92094</total>
			</report>
			<report>
				<misses>1580000</misses>
				<total>92098</total>
			</report>
			<report>
				<misses>1590000</misses>
				<total>92108</total>
			</report>
			<report>
				<misses>1600000</misses>
				<total>92108</total>
			</report>
			<report>
				<misses>1610000</misses>
				<total>92108</total>
			</report>
			<report>
				<misses>1620000</misses>
				<total>92113</total>
			</report>
			<report>
				<misses>1630000</misses>
				<total>92122</total>
			</report>
			<report>
				<misses>1640000</misses>
				<total>92123</total>
			</report>
			<report>
				<misses>1650000</misses>
				<total>92123</total>
			</report>
			<report>
				<misses>1660000</misses>
				<total>92124</total>
			</report>
			<report>
				<misses>1670000</misses>
				<total>92124</total>
			</report>
			<report>
				<misses>1680000</misses>
				<total>92126</total>
			</report>
			<report>
				<misses>1690000</misses>
				<total>92127</total>
			</report>
			<report>
				<misses>1700000</misses>
				<total>92132</total>
			</report>
			<report>
				<misses>1710000</misses>
				<total>92133</total>
			</report>
			<report>
				<misses>1720000</misses>
				<total>92133</total>
			</report>
			<report>
				<misses>1730000</misses>
				<total>92135</total>
			</report>
			<report>
				<misses>1740000</misses>
				<total>92136</total>
			</report>
			<report>
				<misses>1750000</misses>
				<total>92136</total>
			</report>
			<report>
				<misses>1760000</misses>
				<total>92136</total>
			</report>
			<report>
				<misses>1770000</misses>
				<total>92136</total>
			</report>
			<report>
				<misses>1780000</misses>
				<total>92140</total>
			</report>
			<report>
				<misses>1790000</misses>
				<total>92140</total>
			</report>
			<report>
				<misses>1800000</misses>
				<total>92148</total>
			</report>
			<report>
				<misses>1810000</misses>
				<total>92148</total>
			</report>
			<report>
				<misses>1820000</misses>
				<total>92152</total>
			</report>
			<report>
				<misses>1830000</misses>
				<total>92158</total>
			</report>
			<report>
				<misses>1840000</misses>
				<total>92158</total>
			</report>
			<report>
				<misses>1850000</misses>
				<total>92158</total>
			</report>
			<report>
				<misses>1860000</misses>
				<total>92158</total>
			</report>
			<report>
				<misses>1870000</misses>
				<total>92169</total>
			</report>
			<report>
				<misses>1880000</misses>
				<total>92169</total>
			</report>
			<report>
				<misses>1890000</misses>
				<total>92187</total>
			</report>
			<report>
				<misses>1900000</misses>
				<total>92196</total>
			</report>
			<report>
				<misses>1910000</misses>
				<total>92206</total>
			</report>
			<report>
				<misses>1920000</misses>
				<total>92207</total>
			</report>
			<report>
				<misses>1930000</misses>
				<total>92216</total>
			</report>
			<report>
				<misses>1940000</misses>
				<total>92217</total>
			</report>
			<report>
				<misses>1950000</misses>
				<total>92217</total>
			</report>
			<report>
				<misses>1960000</misses>
				<total>92217</total>
			</report>
			<report>
				<misses>1970000</misses>
				<total>92228</total>
			</report>
			<report>
				<misses>1980000</misses>
				<total>92229</total>
			</report>
			<report>
				<misses>1990000</misses>
				<total>92234</total>
			</report>
			<report>
				<misses>2000000</misses>
				<total>92236</total>
			</report>
		</query>
	</custom>
	<ethtool_statistic>
		<rx_packets>
			<start>17286943493</start>
			<end>17303933035</end>
		</rx_packets>
		<tx_packets>
			<start>20371486930</start>
			<end>20397679910</end>
		</tx_packets>
		<rx_dropped>
			<start>267</start>
			<end>267</end>
		</rx_dropped>
		<tx_dropped>
			<start>0</start>
			<end>0</end>
		</tx_dropped>
		<collisions>
			<start>0</start>
			<end>0</end>
		</collisions>
		<port_tx_errors>
			<start>0</start>
			<end>0</end>
		</port_tx_errors>
		<port_rx_dropped>
			<start>0</start>
			<end>0</end>
		</port_rx_dropped>
		<port_tx_dropped_link_down>
			<start>0</start>
			<end>0</end>
		</port_tx_dropped_link_down>
	</ethtool_statistic>
	<ip_statistic>
		<mtu>
			<start>9000</start>
			<end>9000</end>
		</mtu>
		<rx_bytes>
			<start>155396448445272</start>
			<end>155549181513064</end>
		</rx_bytes>
		<rx_packets>
			<start>17286943551</start>
			<end>17303933161</end>
		</rx_packets>
		<rx_errors>
			<start>0</start>
			<end>0</end>
		</rx_errors>
		<rx_dropped>
			<start>273</start>
			<end>273</end>
		</rx_dropped>
		<rx_missed>
			<start>0</start>
			<end>0</end>
		</rx_missed>
		<rx_mcast>
			<start>12433</start>
			<end>12439</end>
		</rx_mcast>
		<tx_bytes>
			<start>139136335024401</start>
			<end>139358528205859</end>
		</tx_bytes>
		<tx_packets>
			<start>20371486985</start>
			<end>20397679965</end>
		</tx_packets>
		<tx_errors>
			<start>0</start>
			<end>0</end>
		</tx_errors>
		<tx_dropped>
			<start>0</start>
			<end>0</end>
		</tx_dropped>
		<tx_carrier>
			<start>0</start>
			<end>0</end>
		</tx_carrier>
		<tx_collisions>
			<start>0</start>
			<end>0</end>
		</tx_collisions>
	</ip_statistic>
	<netstat_statistic>
		<udp_pkg_rec>
			<start>16999599967</start>
			<end>17015427963</end>
		</udp_pkg_rec>
		<udp_pkg_snt>
			<start>16929731460</start>
			<end>16941926637</end>
		</udp_pkg_snt>
		<udp_rec_err>
			<start>289338274</start>
			<end>290499750</end>
		</udp_rec_err>
		<udp_rec_buf_err>
			<start>289338274</start>
			<end>290499750</end>
		</udp_rec_buf_err>
		<udp_snt_buf_err>
			<start>28</start>
			<end>28</end>
		</udp_snt_buf_err>
	</netstat_statistic>
</test_results>
