<?xml version="1.0"?>
<test_results>
	<status>STATUS_SUCCESS</status>
	<custom>
		<num_loss>196</num_loss>
		<num_total>5483860</num_total>
		<num_misses>114505556</num_misses>
		<elapsed_time>299.973407</elapsed_time>
		<query>
			<report>
				<misses>100001</misses>
				<total>24</total>
				<timestamp>5.470080</timestamp>
			</report>
			<report>
				<misses>200001</misses>
				<total>24</total>
				<timestamp>10.965956</timestamp>
			</report>
			<report>
				<misses>300001</misses>
				<total>24</total>
				<timestamp>16.500382</timestamp>
			</report>
			<report>
				<misses>400001</misses>
				<total>24</total>
				<timestamp>21.999781</timestamp>
			</report>
			<report>
				<misses>500001</misses>
				<total>24</total>
				<timestamp>27.472079</timestamp>
			</report>
			<report>
				<misses>600001</misses>
				<total>24</total>
				<timestamp>32.946610</timestamp>
			</report>
			<report>
				<misses>700001</misses>
				<total>24</total>
				<timestamp>38.423547</timestamp>
			</report>
			<report>
				<misses>800001</misses>
				<total>24</total>
				<timestamp>43.898175</timestamp>
			</report>
			<report>
				<misses>900001</misses>
				<total>24</total>
				<timestamp>49.387781</timestamp>
			</report>
			<report>
				<misses>1000001</misses>
				<total>24</total>
				<timestamp>54.874248</timestamp>
			</report>
			<report>
				<misses>1100001</misses>
				<total>65</total>
				<timestamp>60.355982</timestamp>
			</report>
			<report>
				<misses>1200001</misses>
				<total>65</total>
				<timestamp>65.818998</timestamp>
			</report>
			<report>
				<misses>1300001</misses>
				<total>65</total>
				<timestamp>71.284267</timestamp>
			</report>
			<report>
				<misses>1400001</misses>
				<total>65</total>
				<timestamp>76.759945</timestamp>
			</report>
			<report>
				<misses>1500001</misses>
				<total>65</total>
				<timestamp>82.234731</timestamp>
			</report>
			<report>
				<misses>1600001</misses>
				<total>65</total>
				<timestamp>87.688098</timestamp>
			</report>
			<report>
				<misses>1700001</misses>
				<total>65</total>
				<timestamp>93.165703</timestamp>
			</report>
			<report>
				<misses>1800001</misses>
				<total>65</total>
				<timestamp>98.628602</timestamp>
			</report>
			<report>
				<misses>1900001</misses>
				<total>65</total>
				<timestamp>104.106339</timestamp>
			</report>
			<report>
				<misses>2000001</misses>
				<total>65</total>
				<timestamp>109.559966</timestamp>
			</report>
			<report>
				<misses>2100001</misses>
				<total>65</total>
				<timestamp>115.005756</timestamp>
			</report>
			<report>
				<misses>2200001</misses>
				<total>108</total>
				<timestamp>120.473057</timestamp>
			</report>
			<report>
				<misses>2300001</misses>
				<total>108</total>
				<timestamp>125.948101</timestamp>
			</report>
			<report>
				<misses>2400001</misses>
				<total>108</total>
				<timestamp>131.410556</timestamp>
			</report>
			<report>
				<misses>2500001</misses>
				<total>108</total>
				<timestamp>136.879451</timestamp>
			</report>
			<report>
				<misses>2600001</misses>
				<total>108</total>
				<timestamp>142.362133</timestamp>
			</report>
			<report>
				<misses>2700001</misses>
				<total>108</total>
				<timestamp>147.835307</timestamp>
			</report>
			<report>
				<misses>2800001</misses>
				<total>108</total>
				<timestamp>153.286067</timestamp>
			</report>
			<report>
				<misses>2900001</misses>
				<total>108</total>
				<timestamp>158.746270</timestamp>
			</report>
			<report>
				<misses>3000001</misses>
				<total>108</total>
				<timestamp>164.222488</timestamp>
			</report>
			<report>
				<misses>3100001</misses>
				<total>108</total>
				<timestamp>169.676224</timestamp>
			</report>
			<report>
				<misses>3200001</misses>
				<total>108</total>
				<timestamp>175.128772</timestamp>
			</report>
			<report>
				<misses>3300001</misses>
				<total>150</total>
				<timestamp>180.589061</timestamp>
			</report>
			<report>
				<misses>3400001</misses>
				<total>150</total>
				<timestamp>186.048470</timestamp>
			</report>
			<report>
				<misses>3500001</misses>
				<total>150</total>
				<timestamp>191.513103</timestamp>
			</report>
			<report>
				<misses>3600001</misses>
				<total>150</total>
				<timestamp>196.979453</timestamp>
			</report>
			<report>
				<misses>3700001</misses>
				<total>150</total>
				<timestamp>202.446693</timestamp>
			</report>
			<report>
				<misses>3800001</misses>
				<total>150</total>
				<timestamp>207.921292</timestamp>
			</report>
			<report>
				<misses>3900001</misses>
				<total>150</total>
				<timestamp>213.368749</timestamp>
			</report>
			<report>
				<misses>4000001</misses>
				<total>150</total>
				<timestamp>218.843271</timestamp>
			</report>
			<report>
				<misses>4100001</misses>
				<total>150</total>
				<timestamp>224.292309</timestamp>
			</report>
			<report>
				<misses>4200001</misses>
				<total>150</total>
				<timestamp>229.753927</timestamp>
			</report>
			<report>
				<misses>4300001</misses>
				<total>150</total>
				<timestamp>235.220108</timestamp>
			</report>
			<report>
				<misses>4400001</misses>
				<total>196</total>
				<timestamp>240.692837</timestamp>
			</report>
			<report>
				<misses>4500001</misses>
				<total>196</total>
				<timestamp>246.150880</timestamp>
			</report>
			<report>
				<misses>4600001</misses>
				<total>196</total>
				<timestamp>251.589948</timestamp>
			</report>
			<report>
				<misses>4700001</misses>
				<total>196</total>
				<timestamp>257.043202</timestamp>
			</report>
			<report>
				<misses>4800001</misses>
				<total>196</total>
				<timestamp>262.506112</timestamp>
			</report>
			<report>
				<misses>4900001</misses>
				<total>196</total>
				<timestamp>267.989142</timestamp>
			</report>
			<report>
				<misses>5000001</misses>
				<total>196</total>
				<timestamp>273.476743</timestamp>
			</report>
			<report>
				<misses>5100001</misses>
				<total>196</total>
				<timestamp>278.958514</timestamp>
			</report>
			<report>
				<misses>5200001</misses>
				<total>196</total>
				<timestamp>284.433858</timestamp>
			</report>
			<report>
				<misses>5300001</misses>
				<total>196</total>
				<timestamp>289.924180</timestamp>
			</report>
			<report>
				<misses>5400001</misses>
				<total>196</total>
				<timestamp>295.391663</timestamp>
			</report>
		</query>
	</custom>
	<ethtool_statistic>
		<rx_packets>
			<start>147858069</start>
			<end>193672671</end>
		</rx_packets>
		<tx_packets>
			<start>177226046</start>
			<end>221096621</end>
		</tx_packets>
		<rx_dropped>
			<start>0</start>
			<end>0</end>
		</rx_dropped>
		<tx_dropped>
			<start>0</start>
			<end>0</end>
		</tx_dropped>
		<collisions>
			<start>0</start>
			<end>0</end>
		</collisions>
		<port_tx_errors>
			<start>0</start>
			<end>0</end>
		</port_tx_errors>
		<port_rx_dropped>
			<start>0</start>
			<end>0</end>
		</port_rx_dropped>
		<port_tx_dropped_link_down>
			<start>0</start>
			<end>0</end>
		</port_tx_dropped_link_down>
	</ethtool_statistic>
	<ip_statistic>
		<mtu>
			<start>9000</start>
			<end>9000</end>
		</mtu>
		<rx_bytes>
			<start>791375727068</start>
			<end>1165221826832</end>
		</rx_bytes>
		<rx_packets>
			<start>147858069</start>
			<end>193672671</end>
		</rx_packets>
		<rx_errors>
			<start>0</start>
			<end>0</end>
		</rx_errors>
		<rx_dropped>
			<start>0</start>
			<end>0</end>
		</rx_dropped>
		<rx_missed>
			<start>0</start>
			<end>0</end>
		</rx_missed>
		<rx_mcast>
			<start>4</start>
			<end>6</end>
		</rx_mcast>
		<tx_bytes>
			<start>848611054013</start>
			<end>1206593916159</end>
		</tx_bytes>
		<tx_packets>
			<start>177226046</start>
			<end>221096621</end>
		</tx_packets>
		<tx_errors>
			<start>0</start>
			<end>0</end>
		</tx_errors>
		<tx_dropped>
			<start>0</start>
			<end>0</end>
		</tx_dropped>
		<tx_carrier>
			<start>0</start>
			<end>0</end>
		</tx_carrier>
		<tx_collisions>
			<start>0</start>
			<end>0</end>
		</tx_collisions>
	</ip_statistic>
	<netstat_statistic>
		<udp_pkg_rec>
			<start>1096410133</start>
			<end>1136605210</end>
		</udp_pkg_rec>
		<udp_pkg_snt>
			<start>1157183663</start>
			<end>1201046325</end>
		</udp_pkg_snt>
		<udp_rec_err>
			<start>0</start>
			<end>0</end>
		</udp_rec_err>
		<udp_rec_buf_err>
			<start>0</start>
			<end>0</end>
		</udp_rec_buf_err>
		<udp_snt_buf_err>
			<start>0</start>
			<end>0</end>
		</udp_snt_buf_err>
	</netstat_statistic>
</test_results>
