<?xml version="1.0"?>
<test_results>
	<status>STATUS_SUCCESS</status>
	<custom>
		<num_loss>2</num_loss>
		<num_total>4739641</num_total>
		<num_misses>115250451</num_misses>
		<elapsed_time>299.975114</elapsed_time>
		<query>
			<report>
				<misses>100001</misses>
				<total>1</total>
				<timestamp>6.324864</timestamp>
			</report>
			<report>
				<misses>200001</misses>
				<total>1</total>
				<timestamp>12.651357</timestamp>
			</report>
			<report>
				<misses>300001</misses>
				<total>1</total>
				<timestamp>18.976683</timestamp>
			</report>
			<report>
				<misses>400001</misses>
				<total>1</total>
				<timestamp>25.300357</timestamp>
			</report>
			<report>
				<misses>500001</misses>
				<total>1</total>
				<timestamp>31.627407</timestamp>
			</report>
			<report>
				<misses>600001</misses>
				<total>1</total>
				<timestamp>37.954387</timestamp>
			</report>
			<report>
				<misses>700001</misses>
				<total>1</total>
				<timestamp>44.278187</timestamp>
			</report>
			<report>
				<misses>800001</misses>
				<total>1</total>
				<timestamp>50.605046</timestamp>
			</report>
			<report>
				<misses>900001</misses>
				<total>1</total>
				<timestamp>56.934548</timestamp>
			</report>
			<report>
				<misses>1000001</misses>
				<total>1</total>
				<timestamp>63.279521</timestamp>
			</report>
			<report>
				<misses>1100001</misses>
				<total>1</total>
				<timestamp>69.602571</timestamp>
			</report>
			<report>
				<misses>1200001</misses>
				<total>1</total>
				<timestamp>75.930043</timestamp>
			</report>
			<report>
				<misses>1300001</misses>
				<total>0</total>
				<timestamp>82.255045</timestamp>
			</report>
			<report>
				<misses>1400001</misses>
				<total>1</total>
				<timestamp>88.572804</timestamp>
			</report>
			<report>
				<misses>1500001</misses>
				<total>0</total>
				<timestamp>94.901241</timestamp>
			</report>
			<report>
				<misses>1600001</misses>
				<total>1</total>
				<timestamp>101.228449</timestamp>
			</report>
			<report>
				<misses>1700001</misses>
				<total>1</total>
				<timestamp>107.547153</timestamp>
			</report>
			<report>
				<misses>1800001</misses>
				<total>2</total>
				<timestamp>113.873217</timestamp>
			</report>
			<report>
				<misses>1900001</misses>
				<total>2</total>
				<timestamp>120.201609</timestamp>
			</report>
			<report>
				<misses>2000001</misses>
				<total>2</total>
				<timestamp>126.524738</timestamp>
			</report>
			<report>
				<misses>2100001</misses>
				<total>3</total>
				<timestamp>132.851332</timestamp>
			</report>
			<report>
				<misses>2200001</misses>
				<total>2</total>
				<timestamp>139.178004</timestamp>
			</report>
			<report>
				<misses>2300001</misses>
				<total>2</total>
				<timestamp>145.496531</timestamp>
			</report>
			<report>
				<misses>2400001</misses>
				<total>3</total>
				<timestamp>151.839615</timestamp>
			</report>
			<report>
				<misses>2500001</misses>
				<total>3</total>
				<timestamp>158.171275</timestamp>
			</report>
			<report>
				<misses>2600001</misses>
				<total>2</total>
				<timestamp>164.525149</timestamp>
			</report>
			<report>
				<misses>2700001</misses>
				<total>3</total>
				<timestamp>170.877480</timestamp>
			</report>
			<report>
				<misses>2800001</misses>
				<total>3</total>
				<timestamp>177.202890</timestamp>
			</report>
			<report>
				<misses>2900001</misses>
				<total>3</total>
				<timestamp>183.530816</timestamp>
			</report>
			<report>
				<misses>3000001</misses>
				<total>2</total>
				<timestamp>189.855974</timestamp>
			</report>
			<report>
				<misses>3100001</misses>
				<total>3</total>
				<timestamp>196.178951</timestamp>
			</report>
			<report>
				<misses>3200001</misses>
				<total>2</total>
				<timestamp>202.506235</timestamp>
			</report>
			<report>
				<misses>3300001</misses>
				<total>3</total>
				<timestamp>208.834133</timestamp>
			</report>
			<report>
				<misses>3400001</misses>
				<total>3</total>
				<timestamp>215.164513</timestamp>
			</report>
			<report>
				<misses>3500001</misses>
				<total>2</total>
				<timestamp>221.491598</timestamp>
			</report>
			<report>
				<misses>3600001</misses>
				<total>3</total>
				<timestamp>227.815720</timestamp>
			</report>
			<report>
				<misses>3700001</misses>
				<total>3</total>
				<timestamp>234.144168</timestamp>
			</report>
			<report>
				<misses>3800001</misses>
				<total>3</total>
				<timestamp>240.481964</timestamp>
			</report>
			<report>
				<misses>3900001</misses>
				<total>4</total>
				<timestamp>246.826452</timestamp>
			</report>
			<report>
				<misses>4000001</misses>
				<total>3</total>
				<timestamp>253.161796</timestamp>
			</report>
			<report>
				<misses>4100001</misses>
				<total>3</total>
				<timestamp>259.478246</timestamp>
			</report>
			<report>
				<misses>4200001</misses>
				<total>3</total>
				<timestamp>265.797231</timestamp>
			</report>
			<report>
				<misses>4300001</misses>
				<total>2</total>
				<timestamp>272.118215</timestamp>
			</report>
			<report>
				<misses>4400001</misses>
				<total>3</total>
				<timestamp>278.442312</timestamp>
			</report>
			<report>
				<misses>4500001</misses>
				<total>3</total>
				<timestamp>284.767623</timestamp>
			</report>
			<report>
				<misses>4600001</misses>
				<total>3</total>
				<timestamp>291.113915</timestamp>
			</report>
			<report>
				<misses>4700001</misses>
				<total>3</total>
				<timestamp>297.462578</timestamp>
			</report>
		</query>
	</custom>
	<ethtool_statistic>
		<rx_packets>
			<start>5991527033</start>
			<end>6036317400</end>
		</rx_packets>
		<tx_packets>
			<start>8788626658</start>
			<end>8826543536</end>
		</tx_packets>
		<rx_dropped>
			<start>0</start>
			<end>0</end>
		</rx_dropped>
		<tx_dropped>
			<start>0</start>
			<end>0</end>
		</tx_dropped>
		<collisions>
			<start>0</start>
			<end>0</end>
		</collisions>
		<port_tx_errors>
			<start>0</start>
			<end>0</end>
		</port_tx_errors>
		<port_rx_dropped>
			<start>0</start>
			<end>0</end>
		</port_rx_dropped>
		<port_tx_dropped_link_down>
			<start>0</start>
			<end>0</end>
		</port_tx_dropped_link_down>
	</ethtool_statistic>
	<ip_statistic>
		<mtu>
			<start>9000</start>
			<end>9000</end>
		</mtu>
		<rx_bytes>
			<start>29521607322635</start>
			<end>29887093376831</end>
		</rx_bytes>
		<rx_packets>
			<start>5991527316</start>
			<end>6036317400</end>
		</rx_packets>
		<rx_errors>
			<start>0</start>
			<end>0</end>
		</rx_errors>
		<rx_dropped>
			<start>0</start>
			<end>0</end>
		</rx_dropped>
		<rx_missed>
			<start>0</start>
			<end>0</end>
		</rx_missed>
		<rx_mcast>
			<start>348</start>
			<end>348</end>
		</rx_mcast>
		<tx_bytes>
			<start>38266354881694</start>
			<end>38575755584630</end>
		</tx_bytes>
		<tx_packets>
			<start>8788626658</start>
			<end>8826543536</end>
		</tx_packets>
		<tx_errors>
			<start>0</start>
			<end>0</end>
		</tx_errors>
		<tx_dropped>
			<start>0</start>
			<end>0</end>
		</tx_dropped>
		<tx_carrier>
			<start>0</start>
			<end>0</end>
		</tx_carrier>
		<tx_collisions>
			<start>0</start>
			<end>0</end>
		</tx_collisions>
	</ip_statistic>
	<netstat_statistic>
		<udp_pkg_rec>
			<start>5585924375</start>
			<end>5597121438</end>
		</udp_pkg_rec>
		<udp_pkg_snt>
			<start>11713855630</start>
			<end>11723450604</end>
		</udp_pkg_snt>
		<udp_rec_err>
			<start>0</start>
			<end>0</end>
		</udp_rec_err>
		<udp_rec_buf_err>
			<start>0</start>
			<end>0</end>
		</udp_rec_buf_err>
		<udp_snt_buf_err>
			<start>0</start>
			<end>0</end>
		</udp_snt_buf_err>
	</netstat_statistic>
</test_results>
