<?xml version="1.0"?>
<test_results>
	<status>STATUS_SUCCESS</status>
	<custom>
		<num_loss>999258</num_loss>
		<num_total>1000001</num_total>
		<num_misses>1</num_misses>
		<elapsed_time>70.000314</elapsed_time>
	</custom>
	<ethtool_statistic>
		<rx_packets>
			<start>3457949219</start>
			<end>3461427949</end>
		</rx_packets>
		<tx_packets>
			<start>4504193833</start>
			<end>4514286632</end>
		</tx_packets>
		<rx_dropped>
			<start>63</start>
			<end>63</end>
		</rx_dropped>
		<tx_dropped>
			<start>0</start>
			<end>0</end>
		</tx_dropped>
		<collisions>
			<start>0</start>
			<end>0</end>
		</collisions>
		<port_tx_errors>
			<start>0</start>
			<end>0</end>
		</port_tx_errors>
		<port_rx_dropped>
			<start>0</start>
			<end>0</end>
		</port_rx_dropped>
		<port_tx_dropped_link_down>
			<start>0</start>
			<end>0</end>
		</port_tx_dropped_link_down>
	</ethtool_statistic>
	<ip_statistic>
		<mtu>
			<start>9000</start>
			<end>9000</end>
		</mtu>
		<rx_bytes>
			<start>31078875597557</start>
			<end>31110148504243</end>
		</rx_bytes>
		<rx_packets>
			<start>3457949315</start>
			<end>3461427991</end>
		</rx_packets>
		<rx_errors>
			<start>0</start>
			<end>0</end>
		</rx_errors>
		<rx_dropped>
			<start>63</start>
			<end>63</end>
		</rx_dropped>
		<rx_missed>
			<start>0</start>
			<end>0</end>
		</rx_missed>
		<rx_mcast>
			<start>2507</start>
			<end>2507</end>
		</rx_mcast>
		<tx_bytes>
			<start>24074072829188</start>
			<end>24158166913822</end>
		</tx_bytes>
		<tx_packets>
			<start>4504193874</start>
			<end>4514286679</end>
		</tx_packets>
		<tx_errors>
			<start>0</start>
			<end>0</end>
		</tx_errors>
		<tx_dropped>
			<start>0</start>
			<end>0</end>
		</tx_dropped>
		<tx_carrier>
			<start>0</start>
			<end>0</end>
		</tx_carrier>
		<tx_collisions>
			<start>0</start>
			<end>0</end>
		</tx_collisions>
	</ip_statistic>
</test_results>
