<?xml version="1.0"?>
<test_results>
	<status>STATUS_SUCCESS</status>
	<custom>
		<num_loss>13</num_loss>
		<num_total>119994852</num_total>
		<num_misses>1220</num_misses>
		<elapsed_time>7199.757184</elapsed_time>
		<query />
	</custom>
	<ethtool_statistic>
		<rx_packets>
			<start>1363597912</start>
			<end>1949827749</end>
		</rx_packets>
		<tx_packets>
			<start>2770919002</start>
			<end>3613557355</end>
		</tx_packets>
		<rx_dropped>
			<start>0</start>
			<end>0</end>
		</rx_dropped>
		<tx_dropped>
			<start>0</start>
			<end>0</end>
		</tx_dropped>
		<collisions>
			<start>0</start>
			<end>0</end>
		</collisions>
		<port_tx_errors>
			<start>0</start>
			<end>0</end>
		</port_tx_errors>
		<port_rx_dropped>
			<start>0</start>
			<end>0</end>
		</port_rx_dropped>
		<port_tx_dropped_link_down>
			<start>0</start>
			<end>0</end>
		</port_tx_dropped_link_down>
	</ethtool_statistic>
	<ip_statistic>
		<mtu>
			<start>9000</start>
			<end>9000</end>
		</mtu>
		<rx_bytes>
			<start>5597766338293</start>
			<end>7980935768575</end>
		</rx_bytes>
		<rx_packets>
			<start>1363597945</start>
			<end>1949827777</end>
		</rx_packets>
		<rx_errors>
			<start>0</start>
			<end>0</end>
		</rx_errors>
		<rx_dropped>
			<start>0</start>
			<end>0</end>
		</rx_dropped>
		<rx_missed>
			<start>0</start>
			<end>0</end>
		</rx_missed>
		<rx_mcast>
			<start>1739</start>
			<end>1865</end>
		</rx_mcast>
		<tx_bytes>
			<start>6298096604805</start>
			<end>9202679617999</end>
		</tx_bytes>
		<tx_packets>
			<start>2770919024</start>
			<end>3613557601</end>
		</tx_packets>
		<tx_errors>
			<start>0</start>
			<end>0</end>
		</tx_errors>
		<tx_dropped>
			<start>0</start>
			<end>0</end>
		</tx_dropped>
		<tx_carrier>
			<start>0</start>
			<end>0</end>
		</tx_carrier>
		<tx_collisions>
			<start>0</start>
			<end>0</end>
		</tx_collisions>
	</ip_statistic>
	<netstat_statistic>
		<udp_pkg_rec>
			<start>1124450465</start>
			<end>1612301432</end>
		</udp_pkg_rec>
		<udp_pkg_snt>
			<start>2771268059</start>
			<end>3613944247</end>
		</udp_pkg_snt>
		<udp_rec_err>
			<start>239681516</start>
			<end>338097229</end>
		</udp_rec_err>
		<udp_rec_buf_err>
			<start>239681516</start>
			<end>338097229</end>
		</udp_rec_buf_err>
		<udp_snt_buf_err>
			<start>0</start>
			<end>0</end>
		</udp_snt_buf_err>
	</netstat_statistic>
</test_results>
