<?xml version="1.0"?>
<test_results>
	<status>STATUS_SUCCESS</status>
	<custom>
		<num_loss>189321</num_loss>
		<num_total>7000001</num_total>
		<num_misses>16</num_misses>
		<elapsed_time>1120.001742</elapsed_time>
	</custom>
	<ethtool_statistic>
		<rx_packets>
			<start>14071446620</start>
			<end>14117020072</end>
		</rx_packets>
		<tx_packets>
			<start>18700867990</start>
			<end>18788299800</end>
		</tx_packets>
		<rx_dropped>
			<start>0</start>
			<end>0</end>
		</rx_dropped>
		<tx_dropped>
			<start>0</start>
			<end>0</end>
		</tx_dropped>
		<collisions>
			<start>0</start>
			<end>0</end>
		</collisions>
		<port_tx_errors>
			<start>-1</start>
			<end>-1</end>
		</port_tx_errors>
		<port_rx_dropped>
			<start>-1</start>
			<end>-1</end>
		</port_rx_dropped>
		<port_tx_dropped_link_down>
			<start>-1</start>
			<end>-1</end>
		</port_tx_dropped_link_down>
	</ethtool_statistic>
	<ip_statistic>
		<mtu>
			<start>9000</start>
			<end>9000</end>
		</mtu>
		<rx_bytes>
			<start>126456880000672</start>
			<end>126866582173579</end>
		</rx_bytes>
		<rx_packets>
			<start>14071446718</start>
			<end>14117020241</end>
		</rx_packets>
		<rx_errors>
			<start>0</start>
			<end>0</end>
		</rx_errors>
		<rx_dropped>
			<start>0</start>
			<end>0</end>
		</rx_dropped>
		<rx_missed>
			<start>1757</start>
			<end>1757</end>
		</rx_missed>
		<rx_mcast>
			<start>9389</start>
			<end>9413</end>
		</rx_mcast>
		<tx_bytes>
			<start>151445836146882</start>
			<end>152185364343110</end>
		</tx_bytes>
		<tx_packets>
			<start>18700868098</start>
			<end>18788299800</end>
		</tx_packets>
		<tx_errors>
			<start>0</start>
			<end>0</end>
		</tx_errors>
		<tx_dropped>
			<start>0</start>
			<end>0</end>
		</tx_dropped>
		<tx_carrier>
			<start>0</start>
			<end>0</end>
		</tx_carrier>
		<tx_collisions>
			<start>0</start>
			<end>0</end>
		</tx_collisions>
	</ip_statistic>
</test_results>
