<?xml version="1.0"?>
<test_results>
	<status>STATUS_SUCCESS</status>
	<custom>
		<num_loss>474819</num_loss>
		<num_total>5000001</num_total>
		<num_misses>398</num_misses>
		<elapsed_time>699.355973</elapsed_time>
		<query>
			<report>
				<misses>1001</misses>
				<total>1</total>
				<timestamp>0.140222</timestamp>
			</report>
			<report>
				<misses>2001</misses>
				<total>8</total>
				<timestamp>0.280106</timestamp>
			</report>
			<report>
				<misses>3001</misses>
				<total>8</total>
				<timestamp>0.419924</timestamp>
			</report>
			<report>
				<misses>4001</misses>
				<total>12</total>
				<timestamp>0.559741</timestamp>
			</report>
			<report>
				<misses>5001</misses>
				<total>12</total>
				<timestamp>0.699678</timestamp>
			</report>
			<report>
				<misses>6001</misses>
				<total>12</total>
				<timestamp>0.839512</timestamp>
			</report>
			<report>
				<misses>7001</misses>
				<total>11</total>
				<timestamp>0.979455</timestamp>
			</report>
			<report>
				<misses>8001</misses>
				<total>12</total>
				<timestamp>1.119328</timestamp>
			</report>
			<report>
				<misses>9001</misses>
				<total>12</total>
				<timestamp>1.259261</timestamp>
			</report>
			<report>
				<misses>10001</misses>
				<total>12</total>
				<timestamp>1.399123</timestamp>
			</report>
			<report>
				<misses>11001</misses>
				<total>12</total>
				<timestamp>1.538904</timestamp>
			</report>
			<report>
				<misses>12001</misses>
				<total>12</total>
				<timestamp>1.678779</timestamp>
			</report>
			<report>
				<misses>13001</misses>
				<total>12</total>
				<timestamp>1.818656</timestamp>
			</report>
			<report>
				<misses>14001</misses>
				<total>12</total>
				<timestamp>1.958521</timestamp>
			</report>
			<report>
				<misses>15001</misses>
				<total>12</total>
				<timestamp>2.098358</timestamp>
			</report>
			<report>
				<misses>16001</misses>
				<total>12</total>
				<timestamp>2.238228</timestamp>
			</report>
			<report>
				<misses>17001</misses>
				<total>12</total>
				<timestamp>2.378067</timestamp>
			</report>
			<report>
				<misses>18001</misses>
				<total>12</total>
				<timestamp>2.517993</timestamp>
			</report>
			<report>
				<misses>19001</misses>
				<total>12</total>
				<timestamp>2.657783</timestamp>
			</report>
			<report>
				<misses>20001</misses>
				<total>12</total>
				<timestamp>2.797693</timestamp>
			</report>
			<report>
				<misses>21001</misses>
				<total>12</total>
				<timestamp>2.937575</timestamp>
			</report>
			<report>
				<misses>22001</misses>
				<total>12</total>
				<timestamp>3.077383</timestamp>
			</report>
			<report>
				<misses>23001</misses>
				<total>11</total>
				<timestamp>3.217287</timestamp>
			</report>
			<report>
				<misses>24001</misses>
				<total>12</total>
				<timestamp>3.357079</timestamp>
			</report>
			<report>
				<misses>25001</misses>
				<total>11</total>
				<timestamp>3.496996</timestamp>
			</report>
			<report>
				<misses>26001</misses>
				<total>12</total>
				<timestamp>3.636824</timestamp>
			</report>
			<report>
				<misses>27001</misses>
				<total>12</total>
				<timestamp>3.776690</timestamp>
			</report>
			<report>
				<misses>28001</misses>
				<total>12</total>
				<timestamp>3.916520</timestamp>
			</report>
			<report>
				<misses>29001</misses>
				<total>12</total>
				<timestamp>4.056468</timestamp>
			</report>
			<report>
				<misses>30001</misses>
				<total>12</total>
				<timestamp>4.196242</timestamp>
			</report>
			<report>
				<misses>31001</misses>
				<total>11</total>
				<timestamp>4.336160</timestamp>
			</report>
			<report>
				<misses>32001</misses>
				<total>11</total>
				<timestamp>4.476086</timestamp>
			</report>
			<report>
				<misses>33001</misses>
				<total>12</total>
				<timestamp>4.616038</timestamp>
			</report>
			<report>
				<misses>34001</misses>
				<total>12</total>
				<timestamp>4.755820</timestamp>
			</report>
			<report>
				<misses>35001</misses>
				<total>12</total>
				<timestamp>4.895684</timestamp>
			</report>
			<report>
				<misses>36001</misses>
				<total>12</total>
				<timestamp>5.035564</timestamp>
			</report>
			<report>
				<misses>37001</misses>
				<total>12</total>
				<timestamp>5.175459</timestamp>
			</report>
			<report>
				<misses>38001</misses>
				<total>11</total>
				<timestamp>5.315370</timestamp>
			</report>
			<report>
				<misses>39001</misses>
				<total>12</total>
				<timestamp>5.455127</timestamp>
			</report>
			<report>
				<misses>40001</misses>
				<total>12</total>
				<timestamp>5.595006</timestamp>
			</report>
			<report>
				<misses>41001</misses>
				<total>12</total>
				<timestamp>5.734843</timestamp>
			</report>
			<report>
				<misses>42001</misses>
				<total>12</total>
				<timestamp>5.874714</timestamp>
			</report>
			<report>
				<misses>43001</misses>
				<total>11</total>
				<timestamp>6.014602</timestamp>
			</report>
			<report>
				<misses>44001</misses>
				<total>11</total>
				<timestamp>6.154504</timestamp>
			</report>
			<report>
				<misses>45001</misses>
				<total>12</total>
				<timestamp>6.294277</timestamp>
			</report>
			<report>
				<misses>46001</misses>
				<total>11</total>
				<timestamp>6.434243</timestamp>
			</report>
			<report>
				<misses>47001</misses>
				<total>12</total>
				<timestamp>6.574041</timestamp>
			</report>
			<report>
				<misses>48001</misses>
				<total>13</total>
				<timestamp>6.713904</timestamp>
			</report>
			<report>
				<misses>49001</misses>
				<total>12</total>
				<timestamp>6.853814</timestamp>
			</report>
			<report>
				<misses>50001</misses>
				<total>13</total>
				<timestamp>6.993645</timestamp>
			</report>
			<report>
				<misses>51001</misses>
				<total>13</total>
				<timestamp>7.133559</timestamp>
			</report>
			<report>
				<misses>52001</misses>
				<total>13</total>
				<timestamp>7.273473</timestamp>
			</report>
			<report>
				<misses>53001</misses>
				<total>13</total>
				<timestamp>7.413305</timestamp>
			</report>
			<report>
				<misses>54001</misses>
				<total>13</total>
				<timestamp>7.553165</timestamp>
			</report>
			<report>
				<misses>55001</misses>
				<total>13</total>
				<timestamp>7.693059</timestamp>
			</report>
			<report>
				<misses>56001</misses>
				<total>13</total>
				<timestamp>7.832924</timestamp>
			</report>
			<report>
				<misses>57001</misses>
				<total>13</total>
				<timestamp>7.972749</timestamp>
			</report>
			<report>
				<misses>58001</misses>
				<total>13</total>
				<timestamp>8.112609</timestamp>
			</report>
			<report>
				<misses>59001</misses>
				<total>13</total>
				<timestamp>8.252527</timestamp>
			</report>
			<report>
				<misses>60001</misses>
				<total>13</total>
				<timestamp>8.392341</timestamp>
			</report>
			<report>
				<misses>61001</misses>
				<total>13</total>
				<timestamp>8.532212</timestamp>
			</report>
			<report>
				<misses>62001</misses>
				<total>13</total>
				<timestamp>8.672352</timestamp>
			</report>
			<report>
				<misses>63001</misses>
				<total>13</total>
				<timestamp>8.812245</timestamp>
			</report>
			<report>
				<misses>64001</misses>
				<total>13</total>
				<timestamp>8.952085</timestamp>
			</report>
			<report>
				<misses>65001</misses>
				<total>14</total>
				<timestamp>9.091915</timestamp>
			</report>
			<report>
				<misses>66001</misses>
				<total>14</total>
				<timestamp>9.231842</timestamp>
			</report>
			<report>
				<misses>67001</misses>
				<total>14</total>
				<timestamp>9.371634</timestamp>
			</report>
			<report>
				<misses>68001</misses>
				<total>14</total>
				<timestamp>9.511483</timestamp>
			</report>
			<report>
				<misses>69001</misses>
				<total>14</total>
				<timestamp>9.651365</timestamp>
			</report>
			<report>
				<misses>70001</misses>
				<total>14</total>
				<timestamp>9.791269</timestamp>
			</report>
			<report>
				<misses>71001</misses>
				<total>14</total>
				<timestamp>9.931153</timestamp>
			</report>
			<report>
				<misses>72001</misses>
				<total>14</total>
				<timestamp>10.070969</timestamp>
			</report>
			<report>
				<misses>73001</misses>
				<total>14</total>
				<timestamp>10.210791</timestamp>
			</report>
			<report>
				<misses>74001</misses>
				<total>14</total>
				<timestamp>10.350643</timestamp>
			</report>
			<report>
				<misses>75001</misses>
				<total>22</total>
				<timestamp>10.490581</timestamp>
			</report>
			<report>
				<misses>76001</misses>
				<total>22</total>
				<timestamp>10.630398</timestamp>
			</report>
			<report>
				<misses>77001</misses>
				<total>22</total>
				<timestamp>10.770228</timestamp>
			</report>
			<report>
				<misses>78001</misses>
				<total>25</total>
				<timestamp>10.910110</timestamp>
			</report>
			<report>
				<misses>79001</misses>
				<total>25</total>
				<timestamp>11.049986</timestamp>
			</report>
			<report>
				<misses>80001</misses>
				<total>25</total>
				<timestamp>11.189805</timestamp>
			</report>
			<report>
				<misses>81001</misses>
				<total>25</total>
				<timestamp>11.329662</timestamp>
			</report>
			<report>
				<misses>82001</misses>
				<total>25</total>
				<timestamp>11.469554</timestamp>
			</report>
			<report>
				<misses>83001</misses>
				<total>26</total>
				<timestamp>11.609439</timestamp>
			</report>
			<report>
				<misses>84001</misses>
				<total>25</total>
				<timestamp>11.749252</timestamp>
			</report>
			<report>
				<misses>85001</misses>
				<total>27</total>
				<timestamp>11.889109</timestamp>
			</report>
			<report>
				<misses>86001</misses>
				<total>27</total>
				<timestamp>12.029043</timestamp>
			</report>
			<report>
				<misses>87001</misses>
				<total>27</total>
				<timestamp>12.168823</timestamp>
			</report>
			<report>
				<misses>88001</misses>
				<total>27</total>
				<timestamp>12.308685</timestamp>
			</report>
			<report>
				<misses>89001</misses>
				<total>27</total>
				<timestamp>12.448580</timestamp>
			</report>
			<report>
				<misses>90001</misses>
				<total>27</total>
				<timestamp>12.588420</timestamp>
			</report>
			<report>
				<misses>91001</misses>
				<total>26</total>
				<timestamp>12.728345</timestamp>
			</report>
			<report>
				<misses>92001</misses>
				<total>27</total>
				<timestamp>12.868217</timestamp>
			</report>
			<report>
				<misses>93001</misses>
				<total>27</total>
				<timestamp>13.008032</timestamp>
			</report>
			<report>
				<misses>94001</misses>
				<total>27</total>
				<timestamp>13.147886</timestamp>
			</report>
			<report>
				<misses>95001</misses>
				<total>27</total>
				<timestamp>13.287767</timestamp>
			</report>
			<report>
				<misses>96001</misses>
				<total>27</total>
				<timestamp>13.427615</timestamp>
			</report>
			<report>
				<misses>97001</misses>
				<total>28</total>
				<timestamp>13.567442</timestamp>
			</report>
			<report>
				<misses>98001</misses>
				<total>28</total>
				<timestamp>13.707280</timestamp>
			</report>
			<report>
				<misses>99001</misses>
				<total>28</total>
				<timestamp>13.847182</timestamp>
			</report>
			<report>
				<misses>100001</misses>
				<total>28</total>
				<timestamp>13.987153</timestamp>
			</report>
			<report>
				<misses>101001</misses>
				<total>29</total>
				<timestamp>14.127013</timestamp>
			</report>
			<report>
				<misses>102001</misses>
				<total>29</total>
				<timestamp>14.266885</timestamp>
			</report>
			<report>
				<misses>103001</misses>
				<total>29</total>
				<timestamp>14.406793</timestamp>
			</report>
			<report>
				<misses>104001</misses>
				<total>28</total>
				<timestamp>14.546672</timestamp>
			</report>
			<report>
				<misses>105001</misses>
				<total>30</total>
				<timestamp>14.686472</timestamp>
			</report>
			<report>
				<misses>106001</misses>
				<total>35</total>
				<timestamp>14.826417</timestamp>
			</report>
			<report>
				<misses>107001</misses>
				<total>36</total>
				<timestamp>14.966332</timestamp>
			</report>
			<report>
				<misses>108001</misses>
				<total>36</total>
				<timestamp>15.106181</timestamp>
			</report>
			<report>
				<misses>109001</misses>
				<total>36</total>
				<timestamp>15.246083</timestamp>
			</report>
			<report>
				<misses>110001</misses>
				<total>36</total>
				<timestamp>15.385907</timestamp>
			</report>
			<report>
				<misses>111001</misses>
				<total>36</total>
				<timestamp>15.525750</timestamp>
			</report>
			<report>
				<misses>112001</misses>
				<total>40</total>
				<timestamp>15.665679</timestamp>
			</report>
			<report>
				<misses>113001</misses>
				<total>43</total>
				<timestamp>15.805530</timestamp>
			</report>
			<report>
				<misses>114001</misses>
				<total>43</total>
				<timestamp>15.945429</timestamp>
			</report>
			<report>
				<misses>115001</misses>
				<total>43</total>
				<timestamp>16.085212</timestamp>
			</report>
			<report>
				<misses>116001</misses>
				<total>43</total>
				<timestamp>16.225102</timestamp>
			</report>
			<report>
				<misses>117001</misses>
				<total>43</total>
				<timestamp>16.364938</timestamp>
			</report>
			<report>
				<misses>118001</misses>
				<total>48</total>
				<timestamp>16.504818</timestamp>
			</report>
			<report>
				<misses>119001</misses>
				<total>49</total>
				<timestamp>16.644669</timestamp>
			</report>
			<report>
				<misses>120001</misses>
				<total>48</total>
				<timestamp>16.784603</timestamp>
			</report>
			<report>
				<misses>121001</misses>
				<total>49</total>
				<timestamp>16.924572</timestamp>
			</report>
			<report>
				<misses>122001</misses>
				<total>49</total>
				<timestamp>17.064409</timestamp>
			</report>
			<report>
				<misses>123001</misses>
				<total>49</total>
				<timestamp>17.204250</timestamp>
			</report>
			<report>
				<misses>124001</misses>
				<total>49</total>
				<timestamp>17.344082</timestamp>
			</report>
			<report>
				<misses>125001</misses>
				<total>49</total>
				<timestamp>17.483955</timestamp>
			</report>
			<report>
				<misses>126001</misses>
				<total>49</total>
				<timestamp>17.623784</timestamp>
			</report>
			<report>
				<misses>127001</misses>
				<total>49</total>
				<timestamp>17.763718</timestamp>
			</report>
			<report>
				<misses>128001</misses>
				<total>49</total>
				<timestamp>17.903528</timestamp>
			</report>
			<report>
				<misses>129001</misses>
				<total>49</total>
				<timestamp>18.043396</timestamp>
			</report>
			<report>
				<misses>130001</misses>
				<total>48</total>
				<timestamp>18.183323</timestamp>
			</report>
			<report>
				<misses>131001</misses>
				<total>49</total>
				<timestamp>18.323139</timestamp>
			</report>
			<report>
				<misses>132001</misses>
				<total>48</total>
				<timestamp>18.463086</timestamp>
			</report>
			<report>
				<misses>133001</misses>
				<total>49</total>
				<timestamp>18.602955</timestamp>
			</report>
			<report>
				<misses>134001</misses>
				<total>49</total>
				<timestamp>18.742834</timestamp>
			</report>
			<report>
				<misses>135001</misses>
				<total>49</total>
				<timestamp>18.882712</timestamp>
			</report>
			<report>
				<misses>136001</misses>
				<total>52</total>
				<timestamp>19.022560</timestamp>
			</report>
			<report>
				<misses>137001</misses>
				<total>58</total>
				<timestamp>19.162456</timestamp>
			</report>
			<report>
				<misses>138001</misses>
				<total>62</total>
				<timestamp>19.302274</timestamp>
			</report>
			<report>
				<misses>139001</misses>
				<total>62</total>
				<timestamp>19.442160</timestamp>
			</report>
			<report>
				<misses>140001</misses>
				<total>61</total>
				<timestamp>19.582091</timestamp>
			</report>
			<report>
				<misses>141001</misses>
				<total>62</total>
				<timestamp>19.722016</timestamp>
			</report>
			<report>
				<misses>142001</misses>
				<total>61</total>
				<timestamp>19.861925</timestamp>
			</report>
			<report>
				<misses>143001</misses>
				<total>62</total>
				<timestamp>20.001698</timestamp>
			</report>
			<report>
				<misses>144001</misses>
				<total>62</total>
				<timestamp>20.141619</timestamp>
			</report>
			<report>
				<misses>145001</misses>
				<total>62</total>
				<timestamp>20.281411</timestamp>
			</report>
			<report>
				<misses>146001</misses>
				<total>62</total>
				<timestamp>20.421300</timestamp>
			</report>
			<report>
				<misses>147001</misses>
				<total>62</total>
				<timestamp>20.561136</timestamp>
			</report>
			<report>
				<misses>148001</misses>
				<total>62</total>
				<timestamp>20.701010</timestamp>
			</report>
			<report>
				<misses>149001</misses>
				<total>67</total>
				<timestamp>20.840872</timestamp>
			</report>
			<report>
				<misses>150001</misses>
				<total>67</total>
				<timestamp>20.980737</timestamp>
			</report>
			<report>
				<misses>151001</misses>
				<total>67</total>
				<timestamp>21.120559</timestamp>
			</report>
			<report>
				<misses>152001</misses>
				<total>66</total>
				<timestamp>21.260502</timestamp>
			</report>
			<report>
				<misses>153001</misses>
				<total>67</total>
				<timestamp>21.400337</timestamp>
			</report>
			<report>
				<misses>154001</misses>
				<total>67</total>
				<timestamp>21.540190</timestamp>
			</report>
			<report>
				<misses>155001</misses>
				<total>67</total>
				<timestamp>21.680044</timestamp>
			</report>
			<report>
				<misses>156001</misses>
				<total>67</total>
				<timestamp>21.819891</timestamp>
			</report>
			<report>
				<misses>157001</misses>
				<total>67</total>
				<timestamp>21.959718</timestamp>
			</report>
			<report>
				<misses>158001</misses>
				<total>67</total>
				<timestamp>22.099591</timestamp>
			</report>
			<report>
				<misses>159001</misses>
				<total>66</total>
				<timestamp>22.239580</timestamp>
			</report>
			<report>
				<misses>160001</misses>
				<total>74</total>
				<timestamp>22.379458</timestamp>
			</report>
			<report>
				<misses>161001</misses>
				<total>75</total>
				<timestamp>22.519360</timestamp>
			</report>
			<report>
				<misses>162001</misses>
				<total>74</total>
				<timestamp>22.659259</timestamp>
			</report>
			<report>
				<misses>163001</misses>
				<total>74</total>
				<timestamp>22.799034</timestamp>
			</report>
			<report>
				<misses>164001</misses>
				<total>74</total>
				<timestamp>22.938900</timestamp>
			</report>
			<report>
				<misses>165001</misses>
				<total>74</total>
				<timestamp>23.078800</timestamp>
			</report>
			<report>
				<misses>166001</misses>
				<total>73</total>
				<timestamp>23.218668</timestamp>
			</report>
			<report>
				<misses>167001</misses>
				<total>73</total>
				<timestamp>23.358574</timestamp>
			</report>
			<report>
				<misses>168001</misses>
				<total>74</total>
				<timestamp>23.498529</timestamp>
			</report>
			<report>
				<misses>169001</misses>
				<total>74</total>
				<timestamp>23.638390</timestamp>
			</report>
			<report>
				<misses>170001</misses>
				<total>74</total>
				<timestamp>23.778240</timestamp>
			</report>
			<report>
				<misses>171001</misses>
				<total>73</total>
				<timestamp>23.918096</timestamp>
			</report>
			<report>
				<misses>172001</misses>
				<total>74</total>
				<timestamp>24.057918</timestamp>
			</report>
			<report>
				<misses>173001</misses>
				<total>74</total>
				<timestamp>24.197845</timestamp>
			</report>
			<report>
				<misses>174001</misses>
				<total>74</total>
				<timestamp>24.337680</timestamp>
			</report>
			<report>
				<misses>175001</misses>
				<total>74</total>
				<timestamp>24.477544</timestamp>
			</report>
			<report>
				<misses>176001</misses>
				<total>74</total>
				<timestamp>24.617423</timestamp>
			</report>
			<report>
				<misses>177001</misses>
				<total>74</total>
				<timestamp>24.757224</timestamp>
			</report>
			<report>
				<misses>178001</misses>
				<total>74</total>
				<timestamp>24.897145</timestamp>
			</report>
			<report>
				<misses>179001</misses>
				<total>74</total>
				<timestamp>25.036945</timestamp>
			</report>
			<report>
				<misses>180001</misses>
				<total>74</total>
				<timestamp>25.176791</timestamp>
			</report>
			<report>
				<misses>181001</misses>
				<total>78</total>
				<timestamp>25.316689</timestamp>
			</report>
			<report>
				<misses>182001</misses>
				<total>78</total>
				<timestamp>25.456540</timestamp>
			</report>
			<report>
				<misses>183001</misses>
				<total>77</total>
				<timestamp>25.596428</timestamp>
			</report>
			<report>
				<misses>184001</misses>
				<total>78</total>
				<timestamp>25.736290</timestamp>
			</report>
			<report>
				<misses>185001</misses>
				<total>78</total>
				<timestamp>25.876099</timestamp>
			</report>
			<report>
				<misses>186001</misses>
				<total>78</total>
				<timestamp>26.015952</timestamp>
			</report>
			<report>
				<misses>187001</misses>
				<total>77</total>
				<timestamp>26.155880</timestamp>
			</report>
			<report>
				<misses>188001</misses>
				<total>78</total>
				<timestamp>26.295681</timestamp>
			</report>
			<report>
				<misses>189001</misses>
				<total>78</total>
				<timestamp>26.435561</timestamp>
			</report>
			<report>
				<misses>190001</misses>
				<total>78</total>
				<timestamp>26.575401</timestamp>
			</report>
			<report>
				<misses>191001</misses>
				<total>78</total>
				<timestamp>26.715282</timestamp>
			</report>
			<report>
				<misses>192001</misses>
				<total>78</total>
				<timestamp>26.855125</timestamp>
			</report>
			<report>
				<misses>193001</misses>
				<total>78</total>
				<timestamp>26.994974</timestamp>
			</report>
			<report>
				<misses>194001</misses>
				<total>78</total>
				<timestamp>27.134836</timestamp>
			</report>
			<report>
				<misses>195001</misses>
				<total>78</total>
				<timestamp>27.274685</timestamp>
			</report>
			<report>
				<misses>196001</misses>
				<total>78</total>
				<timestamp>27.414583</timestamp>
			</report>
			<report>
				<misses>197001</misses>
				<total>78</total>
				<timestamp>27.554450</timestamp>
			</report>
			<report>
				<misses>198001</misses>
				<total>78</total>
				<timestamp>27.694324</timestamp>
			</report>
			<report>
				<misses>199001</misses>
				<total>78</total>
				<timestamp>27.834129</timestamp>
			</report>
			<report>
				<misses>200001</misses>
				<total>78</total>
				<timestamp>27.974333</timestamp>
			</report>
			<report>
				<misses>201001</misses>
				<total>78</total>
				<timestamp>28.114173</timestamp>
			</report>
			<report>
				<misses>202001</misses>
				<total>77</total>
				<timestamp>28.254072</timestamp>
			</report>
			<report>
				<misses>203001</misses>
				<total>78</total>
				<timestamp>28.393933</timestamp>
			</report>
			<report>
				<misses>204001</misses>
				<total>78</total>
				<timestamp>28.533864</timestamp>
			</report>
			<report>
				<misses>205001</misses>
				<total>78</total>
				<timestamp>28.673700</timestamp>
			</report>
			<report>
				<misses>206001</misses>
				<total>77</total>
				<timestamp>28.813586</timestamp>
			</report>
			<report>
				<misses>207001</misses>
				<total>77</total>
				<timestamp>28.953508</timestamp>
			</report>
			<report>
				<misses>208001</misses>
				<total>77</total>
				<timestamp>29.093672</timestamp>
			</report>
			<report>
				<misses>209001</misses>
				<total>78</total>
				<timestamp>29.233469</timestamp>
			</report>
			<report>
				<misses>210001</misses>
				<total>78</total>
				<timestamp>29.373322</timestamp>
			</report>
			<report>
				<misses>211001</misses>
				<total>77</total>
				<timestamp>29.513325</timestamp>
			</report>
			<report>
				<misses>212001</misses>
				<total>78</total>
				<timestamp>29.653456</timestamp>
			</report>
			<report>
				<misses>213001</misses>
				<total>78</total>
				<timestamp>29.793322</timestamp>
			</report>
			<report>
				<misses>214001</misses>
				<total>78</total>
				<timestamp>29.933152</timestamp>
			</report>
			<report>
				<misses>215001</misses>
				<total>77</total>
				<timestamp>30.073047</timestamp>
			</report>
			<report>
				<misses>216001</misses>
				<total>78</total>
				<timestamp>30.212897</timestamp>
			</report>
			<report>
				<misses>217001</misses>
				<total>78</total>
				<timestamp>30.352784</timestamp>
			</report>
			<report>
				<misses>218001</misses>
				<total>78</total>
				<timestamp>30.492579</timestamp>
			</report>
			<report>
				<misses>219001</misses>
				<total>78</total>
				<timestamp>30.632512</timestamp>
			</report>
			<report>
				<misses>220001</misses>
				<total>79</total>
				<timestamp>30.772390</timestamp>
			</report>
			<report>
				<misses>221001</misses>
				<total>80</total>
				<timestamp>30.912165</timestamp>
			</report>
			<report>
				<misses>222001</misses>
				<total>80</total>
				<timestamp>31.052031</timestamp>
			</report>
			<report>
				<misses>223001</misses>
				<total>80</total>
				<timestamp>31.191890</timestamp>
			</report>
			<report>
				<misses>224001</misses>
				<total>80</total>
				<timestamp>31.331760</timestamp>
			</report>
			<report>
				<misses>225001</misses>
				<total>79</total>
				<timestamp>31.471641</timestamp>
			</report>
			<report>
				<misses>226001</misses>
				<total>79</total>
				<timestamp>31.611512</timestamp>
			</report>
			<report>
				<misses>227001</misses>
				<total>79</total>
				<timestamp>31.751473</timestamp>
			</report>
			<report>
				<misses>228001</misses>
				<total>80</total>
				<timestamp>31.891345</timestamp>
			</report>
			<report>
				<misses>229001</misses>
				<total>80</total>
				<timestamp>32.031232</timestamp>
			</report>
			<report>
				<misses>230001</misses>
				<total>80</total>
				<timestamp>32.171122</timestamp>
			</report>
			<report>
				<misses>231001</misses>
				<total>85</total>
				<timestamp>32.310985</timestamp>
			</report>
			<report>
				<misses>232001</misses>
				<total>91</total>
				<timestamp>32.450785</timestamp>
			</report>
			<report>
				<misses>233001</misses>
				<total>91</total>
				<timestamp>32.590615</timestamp>
			</report>
			<report>
				<misses>234001</misses>
				<total>91</total>
				<timestamp>32.730488</timestamp>
			</report>
			<report>
				<misses>235001</misses>
				<total>90</total>
				<timestamp>32.870432</timestamp>
			</report>
			<report>
				<misses>236001</misses>
				<total>91</total>
				<timestamp>33.010211</timestamp>
			</report>
			<report>
				<misses>237001</misses>
				<total>93</total>
				<timestamp>33.150151</timestamp>
			</report>
			<report>
				<misses>238001</misses>
				<total>94</total>
				<timestamp>33.289981</timestamp>
			</report>
			<report>
				<misses>239001</misses>
				<total>93</total>
				<timestamp>33.429861</timestamp>
			</report>
			<report>
				<misses>240001</misses>
				<total>94</total>
				<timestamp>33.569663</timestamp>
			</report>
			<report>
				<misses>241001</misses>
				<total>94</total>
				<timestamp>33.709501</timestamp>
			</report>
			<report>
				<misses>242001</misses>
				<total>94</total>
				<timestamp>33.849381</timestamp>
			</report>
			<report>
				<misses>243001</misses>
				<total>94</total>
				<timestamp>33.989226</timestamp>
			</report>
			<report>
				<misses>244001</misses>
				<total>93</total>
				<timestamp>34.129241</timestamp>
			</report>
			<report>
				<misses>245001</misses>
				<total>94</total>
				<timestamp>34.269120</timestamp>
			</report>
			<report>
				<misses>246001</misses>
				<total>94</total>
				<timestamp>34.409039</timestamp>
			</report>
			<report>
				<misses>247001</misses>
				<total>94</total>
				<timestamp>34.548804</timestamp>
			</report>
			<report>
				<misses>248001</misses>
				<total>93</total>
				<timestamp>34.688715</timestamp>
			</report>
			<report>
				<misses>249001</misses>
				<total>93</total>
				<timestamp>34.828637</timestamp>
			</report>
			<report>
				<misses>250001</misses>
				<total>94</total>
				<timestamp>34.968526</timestamp>
			</report>
			<report>
				<misses>251001</misses>
				<total>94</total>
				<timestamp>35.108430</timestamp>
			</report>
			<report>
				<misses>252001</misses>
				<total>94</total>
				<timestamp>35.248301</timestamp>
			</report>
			<report>
				<misses>253001</misses>
				<total>94</total>
				<timestamp>35.388106</timestamp>
			</report>
			<report>
				<misses>254001</misses>
				<total>94</total>
				<timestamp>35.527962</timestamp>
			</report>
			<report>
				<misses>255001</misses>
				<total>95</total>
				<timestamp>35.668113</timestamp>
			</report>
			<report>
				<misses>256001</misses>
				<total>95</total>
				<timestamp>35.808017</timestamp>
			</report>
			<report>
				<misses>257001</misses>
				<total>95</total>
				<timestamp>35.947895</timestamp>
			</report>
			<report>
				<misses>258001</misses>
				<total>95</total>
				<timestamp>36.087690</timestamp>
			</report>
			<report>
				<misses>259001</misses>
				<total>95</total>
				<timestamp>36.227577</timestamp>
			</report>
			<report>
				<misses>260001</misses>
				<total>95</total>
				<timestamp>36.367421</timestamp>
			</report>
			<report>
				<misses>261001</misses>
				<total>95</total>
				<timestamp>36.507308</timestamp>
			</report>
			<report>
				<misses>262001</misses>
				<total>105</total>
				<timestamp>36.647208</timestamp>
			</report>
			<report>
				<misses>263001</misses>
				<total>111</total>
				<timestamp>36.786996</timestamp>
			</report>
			<report>
				<misses>264001</misses>
				<total>112</total>
				<timestamp>36.926856</timestamp>
			</report>
			<report>
				<misses>265001</misses>
				<total>111</total>
				<timestamp>37.066768</timestamp>
			</report>
			<report>
				<misses>266001</misses>
				<total>112</total>
				<timestamp>37.206564</timestamp>
			</report>
			<report>
				<misses>267001</misses>
				<total>112</total>
				<timestamp>37.346512</timestamp>
			</report>
			<report>
				<misses>268001</misses>
				<total>114</total>
				<timestamp>37.486342</timestamp>
			</report>
			<report>
				<misses>269001</misses>
				<total>114</total>
				<timestamp>37.626218</timestamp>
			</report>
			<report>
				<misses>270001</misses>
				<total>114</total>
				<timestamp>37.766053</timestamp>
			</report>
			<report>
				<misses>271001</misses>
				<total>114</total>
				<timestamp>37.905897</timestamp>
			</report>
			<report>
				<misses>272001</misses>
				<total>114</total>
				<timestamp>38.045728</timestamp>
			</report>
			<report>
				<misses>273001</misses>
				<total>113</total>
				<timestamp>38.185664</timestamp>
			</report>
			<report>
				<misses>274001</misses>
				<total>114</total>
				<timestamp>38.325478</timestamp>
			</report>
			<report>
				<misses>275001</misses>
				<total>114</total>
				<timestamp>38.465334</timestamp>
			</report>
			<report>
				<misses>276001</misses>
				<total>114</total>
				<timestamp>38.605194</timestamp>
			</report>
			<report>
				<misses>277001</misses>
				<total>114</total>
				<timestamp>38.745045</timestamp>
			</report>
			<report>
				<misses>278001</misses>
				<total>114</total>
				<timestamp>38.884890</timestamp>
			</report>
			<report>
				<misses>279001</misses>
				<total>114</total>
				<timestamp>39.024749</timestamp>
			</report>
			<report>
				<misses>280001</misses>
				<total>113</total>
				<timestamp>39.164676</timestamp>
			</report>
			<report>
				<misses>281001</misses>
				<total>114</total>
				<timestamp>39.304473</timestamp>
			</report>
			<report>
				<misses>282001</misses>
				<total>114</total>
				<timestamp>39.444345</timestamp>
			</report>
			<report>
				<misses>283001</misses>
				<total>114</total>
				<timestamp>39.584274</timestamp>
			</report>
			<report>
				<misses>284001</misses>
				<total>118</total>
				<timestamp>39.724053</timestamp>
			</report>
			<report>
				<misses>285001</misses>
				<total>118</total>
				<timestamp>39.863904</timestamp>
			</report>
			<report>
				<misses>286001</misses>
				<total>117</total>
				<timestamp>40.003849</timestamp>
			</report>
			<report>
				<misses>287001</misses>
				<total>118</total>
				<timestamp>40.143634</timestamp>
			</report>
			<report>
				<misses>288001</misses>
				<total>118</total>
				<timestamp>40.283505</timestamp>
			</report>
			<report>
				<misses>289001</misses>
				<total>118</total>
				<timestamp>40.423349</timestamp>
			</report>
			<report>
				<misses>290001</misses>
				<total>118</total>
				<timestamp>40.563282</timestamp>
			</report>
			<report>
				<misses>291001</misses>
				<total>118</total>
				<timestamp>40.703117</timestamp>
			</report>
			<report>
				<misses>292001</misses>
				<total>118</total>
				<timestamp>40.842938</timestamp>
			</report>
			<report>
				<misses>293001</misses>
				<total>118</total>
				<timestamp>40.982805</timestamp>
			</report>
			<report>
				<misses>294001</misses>
				<total>118</total>
				<timestamp>41.122668</timestamp>
			</report>
			<report>
				<misses>295001</misses>
				<total>118</total>
				<timestamp>41.262557</timestamp>
			</report>
			<report>
				<misses>296001</misses>
				<total>118</total>
				<timestamp>41.402387</timestamp>
			</report>
			<report>
				<misses>297001</misses>
				<total>118</total>
				<timestamp>41.542275</timestamp>
			</report>
			<report>
				<misses>298001</misses>
				<total>118</total>
				<timestamp>41.682123</timestamp>
			</report>
			<report>
				<misses>299001</misses>
				<total>118</total>
				<timestamp>41.821954</timestamp>
			</report>
			<report>
				<misses>300001</misses>
				<total>118</total>
				<timestamp>41.961813</timestamp>
			</report>
			<report>
				<misses>301001</misses>
				<total>118</total>
				<timestamp>42.101664</timestamp>
			</report>
			<report>
				<misses>302001</misses>
				<total>118</total>
				<timestamp>42.241534</timestamp>
			</report>
			<report>
				<misses>303001</misses>
				<total>118</total>
				<timestamp>42.381425</timestamp>
			</report>
			<report>
				<misses>304001</misses>
				<total>118</total>
				<timestamp>42.521299</timestamp>
			</report>
			<report>
				<misses>305001</misses>
				<total>118</total>
				<timestamp>42.661105</timestamp>
			</report>
			<report>
				<misses>306001</misses>
				<total>118</total>
				<timestamp>42.801016</timestamp>
			</report>
			<report>
				<misses>307001</misses>
				<total>118</total>
				<timestamp>42.940836</timestamp>
			</report>
			<report>
				<misses>308001</misses>
				<total>118</total>
				<timestamp>43.080681</timestamp>
			</report>
			<report>
				<misses>309001</misses>
				<total>118</total>
				<timestamp>43.220600</timestamp>
			</report>
			<report>
				<misses>310001</misses>
				<total>117</total>
				<timestamp>43.360469</timestamp>
			</report>
			<report>
				<misses>311001</misses>
				<total>118</total>
				<timestamp>43.500277</timestamp>
			</report>
			<report>
				<misses>312001</misses>
				<total>118</total>
				<timestamp>43.640224</timestamp>
			</report>
			<report>
				<misses>313001</misses>
				<total>118</total>
				<timestamp>43.780025</timestamp>
			</report>
			<report>
				<misses>314001</misses>
				<total>118</total>
				<timestamp>43.919883</timestamp>
			</report>
			<report>
				<misses>315001</misses>
				<total>118</total>
				<timestamp>44.059739</timestamp>
			</report>
			<report>
				<misses>316001</misses>
				<total>128</total>
				<timestamp>44.199610</timestamp>
			</report>
			<report>
				<misses>317001</misses>
				<total>128</total>
				<timestamp>44.339429</timestamp>
			</report>
			<report>
				<misses>318001</misses>
				<total>128</total>
				<timestamp>44.479321</timestamp>
			</report>
			<report>
				<misses>319001</misses>
				<total>128</total>
				<timestamp>44.619182</timestamp>
			</report>
			<report>
				<misses>320001</misses>
				<total>139</total>
				<timestamp>44.759049</timestamp>
			</report>
			<report>
				<misses>321001</misses>
				<total>138</total>
				<timestamp>44.898986</timestamp>
			</report>
			<report>
				<misses>322001</misses>
				<total>138</total>
				<timestamp>45.038891</timestamp>
			</report>
			<report>
				<misses>323001</misses>
				<total>138</total>
				<timestamp>45.178847</timestamp>
			</report>
			<report>
				<misses>324001</misses>
				<total>139</total>
				<timestamp>45.318744</timestamp>
			</report>
			<report>
				<misses>325001</misses>
				<total>139</total>
				<timestamp>45.458602</timestamp>
			</report>
			<report>
				<misses>326001</misses>
				<total>139</total>
				<timestamp>45.598448</timestamp>
			</report>
			<report>
				<misses>327001</misses>
				<total>139</total>
				<timestamp>45.738341</timestamp>
			</report>
			<report>
				<misses>328001</misses>
				<total>139</total>
				<timestamp>45.878205</timestamp>
			</report>
			<report>
				<misses>329001</misses>
				<total>138</total>
				<timestamp>46.018068</timestamp>
			</report>
			<report>
				<misses>330001</misses>
				<total>139</total>
				<timestamp>46.158005</timestamp>
			</report>
			<report>
				<misses>331001</misses>
				<total>139</total>
				<timestamp>46.297889</timestamp>
			</report>
			<report>
				<misses>332001</misses>
				<total>139</total>
				<timestamp>46.437843</timestamp>
			</report>
			<report>
				<misses>333001</misses>
				<total>139</total>
				<timestamp>46.577646</timestamp>
			</report>
			<report>
				<misses>334001</misses>
				<total>139</total>
				<timestamp>46.717501</timestamp>
			</report>
			<report>
				<misses>335001</misses>
				<total>139</total>
				<timestamp>46.857380</timestamp>
			</report>
			<report>
				<misses>336001</misses>
				<total>139</total>
				<timestamp>46.997216</timestamp>
			</report>
			<report>
				<misses>337001</misses>
				<total>139</total>
				<timestamp>47.137058</timestamp>
			</report>
			<report>
				<misses>338001</misses>
				<total>139</total>
				<timestamp>47.276957</timestamp>
			</report>
			<report>
				<misses>339001</misses>
				<total>139</total>
				<timestamp>47.416771</timestamp>
			</report>
			<report>
				<misses>340001</misses>
				<total>138</total>
				<timestamp>47.556681</timestamp>
			</report>
			<report>
				<misses>341001</misses>
				<total>139</total>
				<timestamp>47.696509</timestamp>
			</report>
			<report>
				<misses>342001</misses>
				<total>139</total>
				<timestamp>47.836371</timestamp>
			</report>
			<report>
				<misses>343001</misses>
				<total>139</total>
				<timestamp>47.976238</timestamp>
			</report>
			<report>
				<misses>344001</misses>
				<total>139</total>
				<timestamp>48.116142</timestamp>
			</report>
			<report>
				<misses>345001</misses>
				<total>139</total>
				<timestamp>48.255937</timestamp>
			</report>
			<report>
				<misses>346001</misses>
				<total>139</total>
				<timestamp>48.395879</timestamp>
			</report>
			<report>
				<misses>347001</misses>
				<total>139</total>
				<timestamp>48.535652</timestamp>
			</report>
			<report>
				<misses>348001</misses>
				<total>139</total>
				<timestamp>48.675534</timestamp>
			</report>
			<report>
				<misses>349001</misses>
				<total>138</total>
				<timestamp>48.815464</timestamp>
			</report>
			<report>
				<misses>350001</misses>
				<total>139</total>
				<timestamp>48.955227</timestamp>
			</report>
			<report>
				<misses>351001</misses>
				<total>139</total>
				<timestamp>49.095103</timestamp>
			</report>
			<report>
				<misses>352001</misses>
				<total>139</total>
				<timestamp>49.234980</timestamp>
			</report>
			<report>
				<misses>353001</misses>
				<total>139</total>
				<timestamp>49.374869</timestamp>
			</report>
			<report>
				<misses>354001</misses>
				<total>139</total>
				<timestamp>49.514672</timestamp>
			</report>
			<report>
				<misses>355001</misses>
				<total>139</total>
				<timestamp>49.654523</timestamp>
			</report>
			<report>
				<misses>356001</misses>
				<total>139</total>
				<timestamp>49.794407</timestamp>
			</report>
			<report>
				<misses>357001</misses>
				<total>139</total>
				<timestamp>49.934284</timestamp>
			</report>
			<report>
				<misses>358001</misses>
				<total>138</total>
				<timestamp>50.074202</timestamp>
			</report>
			<report>
				<misses>359001</misses>
				<total>138</total>
				<timestamp>50.214079</timestamp>
			</report>
			<report>
				<misses>360001</misses>
				<total>141</total>
				<timestamp>50.354047</timestamp>
			</report>
			<report>
				<misses>361001</misses>
				<total>141</total>
				<timestamp>50.493866</timestamp>
			</report>
			<report>
				<misses>362001</misses>
				<total>141</total>
				<timestamp>50.633715</timestamp>
			</report>
			<report>
				<misses>363001</misses>
				<total>140</total>
				<timestamp>50.773622</timestamp>
			</report>
			<report>
				<misses>364001</misses>
				<total>141</total>
				<timestamp>50.913463</timestamp>
			</report>
			<report>
				<misses>365001</misses>
				<total>140</total>
				<timestamp>51.053349</timestamp>
			</report>
			<report>
				<misses>366001</misses>
				<total>141</total>
				<timestamp>51.193232</timestamp>
			</report>
			<report>
				<misses>367001</misses>
				<total>141</total>
				<timestamp>51.333016</timestamp>
			</report>
			<report>
				<misses>368001</misses>
				<total>141</total>
				<timestamp>51.472857</timestamp>
			</report>
			<report>
				<misses>369001</misses>
				<total>140</total>
				<timestamp>51.612789</timestamp>
			</report>
			<report>
				<misses>370001</misses>
				<total>140</total>
				<timestamp>51.752676</timestamp>
			</report>
			<report>
				<misses>371001</misses>
				<total>141</total>
				<timestamp>51.892556</timestamp>
			</report>
			<report>
				<misses>372001</misses>
				<total>141</total>
				<timestamp>52.032445</timestamp>
			</report>
			<report>
				<misses>373001</misses>
				<total>140</total>
				<timestamp>52.172367</timestamp>
			</report>
			<report>
				<misses>374001</misses>
				<total>141</total>
				<timestamp>52.312189</timestamp>
			</report>
			<report>
				<misses>375001</misses>
				<total>141</total>
				<timestamp>52.452016</timestamp>
			</report>
			<report>
				<misses>376001</misses>
				<total>141</total>
				<timestamp>52.591926</timestamp>
			</report>
			<report>
				<misses>377001</misses>
				<total>140</total>
				<timestamp>52.731795</timestamp>
			</report>
			<report>
				<misses>378001</misses>
				<total>141</total>
				<timestamp>52.871600</timestamp>
			</report>
			<report>
				<misses>379001</misses>
				<total>147</total>
				<timestamp>53.011443</timestamp>
			</report>
			<report>
				<misses>380001</misses>
				<total>146</total>
				<timestamp>53.151377</timestamp>
			</report>
			<report>
				<misses>381001</misses>
				<total>151</total>
				<timestamp>53.291185</timestamp>
			</report>
			<report>
				<misses>382001</misses>
				<total>151</total>
				<timestamp>53.431059</timestamp>
			</report>
			<report>
				<misses>383001</misses>
				<total>150</total>
				<timestamp>53.570978</timestamp>
			</report>
			<report>
				<misses>384001</misses>
				<total>150</total>
				<timestamp>53.710883</timestamp>
			</report>
			<report>
				<misses>385001</misses>
				<total>151</total>
				<timestamp>53.850781</timestamp>
			</report>
			<report>
				<misses>386001</misses>
				<total>151</total>
				<timestamp>53.990609</timestamp>
			</report>
			<report>
				<misses>387001</misses>
				<total>151</total>
				<timestamp>54.130489</timestamp>
			</report>
			<report>
				<misses>388001</misses>
				<total>151</total>
				<timestamp>54.270320</timestamp>
			</report>
			<report>
				<misses>389001</misses>
				<total>151</total>
				<timestamp>54.410231</timestamp>
			</report>
			<report>
				<misses>390001</misses>
				<total>150</total>
				<timestamp>54.550176</timestamp>
			</report>
			<report>
				<misses>391001</misses>
				<total>151</total>
				<timestamp>54.690178</timestamp>
			</report>
			<report>
				<misses>392001</misses>
				<total>150</total>
				<timestamp>54.830172</timestamp>
			</report>
			<report>
				<misses>393001</misses>
				<total>150</total>
				<timestamp>54.970171</timestamp>
			</report>
			<report>
				<misses>394001</misses>
				<total>150</total>
				<timestamp>55.110182</timestamp>
			</report>
			<report>
				<misses>395001</misses>
				<total>151</total>
				<timestamp>55.250084</timestamp>
			</report>
			<report>
				<misses>396001</misses>
				<total>151</total>
				<timestamp>55.389913</timestamp>
			</report>
			<report>
				<misses>397001</misses>
				<total>151</total>
				<timestamp>55.529776</timestamp>
			</report>
			<report>
				<misses>398001</misses>
				<total>150</total>
				<timestamp>55.669658</timestamp>
			</report>
			<report>
				<misses>399001</misses>
				<total>150</total>
				<timestamp>55.809546</timestamp>
			</report>
			<report>
				<misses>400001</misses>
				<total>151</total>
				<timestamp>55.949393</timestamp>
			</report>
			<report>
				<misses>401001</misses>
				<total>151</total>
				<timestamp>56.089217</timestamp>
			</report>
			<report>
				<misses>402001</misses>
				<total>150</total>
				<timestamp>56.229153</timestamp>
			</report>
			<report>
				<misses>403001</misses>
				<total>151</total>
				<timestamp>56.368965</timestamp>
			</report>
			<report>
				<misses>404001</misses>
				<total>151</total>
				<timestamp>56.508776</timestamp>
			</report>
			<report>
				<misses>405001</misses>
				<total>151</total>
				<timestamp>56.648693</timestamp>
			</report>
			<report>
				<misses>406001</misses>
				<total>156</total>
				<timestamp>56.788610</timestamp>
			</report>
			<report>
				<misses>407001</misses>
				<total>157</total>
				<timestamp>56.928404</timestamp>
			</report>
			<report>
				<misses>408001</misses>
				<total>157</total>
				<timestamp>57.068246</timestamp>
			</report>
			<report>
				<misses>409001</misses>
				<total>157</total>
				<timestamp>57.208095</timestamp>
			</report>
			<report>
				<misses>410001</misses>
				<total>157</total>
				<timestamp>57.347981</timestamp>
			</report>
			<report>
				<misses>411001</misses>
				<total>157</total>
				<timestamp>57.487833</timestamp>
			</report>
			<report>
				<misses>412001</misses>
				<total>157</total>
				<timestamp>57.627690</timestamp>
			</report>
			<report>
				<misses>413001</misses>
				<total>156</total>
				<timestamp>57.767560</timestamp>
			</report>
			<report>
				<misses>414001</misses>
				<total>157</total>
				<timestamp>57.907405</timestamp>
			</report>
			<report>
				<misses>415001</misses>
				<total>157</total>
				<timestamp>58.047268</timestamp>
			</report>
			<report>
				<misses>416001</misses>
				<total>159</total>
				<timestamp>58.187155</timestamp>
			</report>
			<report>
				<misses>417001</misses>
				<total>158</total>
				<timestamp>58.327091</timestamp>
			</report>
			<report>
				<misses>418001</misses>
				<total>159</total>
				<timestamp>58.466994</timestamp>
			</report>
			<report>
				<misses>419001</misses>
				<total>159</total>
				<timestamp>58.606817</timestamp>
			</report>
			<report>
				<misses>420001</misses>
				<total>159</total>
				<timestamp>58.746682</timestamp>
			</report>
			<report>
				<misses>421001</misses>
				<total>159</total>
				<timestamp>58.886630</timestamp>
			</report>
			<report>
				<misses>422001</misses>
				<total>159</total>
				<timestamp>59.026432</timestamp>
			</report>
			<report>
				<misses>423001</misses>
				<total>158</total>
				<timestamp>59.166353</timestamp>
			</report>
			<report>
				<misses>424001</misses>
				<total>159</total>
				<timestamp>59.306203</timestamp>
			</report>
			<report>
				<misses>425001</misses>
				<total>175</total>
				<timestamp>59.446084</timestamp>
			</report>
			<report>
				<misses>426001</misses>
				<total>176</total>
				<timestamp>59.585958</timestamp>
			</report>
			<report>
				<misses>427001</misses>
				<total>176</total>
				<timestamp>59.725846</timestamp>
			</report>
			<report>
				<misses>428001</misses>
				<total>176</total>
				<timestamp>59.865752</timestamp>
			</report>
			<report>
				<misses>429001</misses>
				<total>176</total>
				<timestamp>60.005576</timestamp>
			</report>
			<report>
				<misses>430001</misses>
				<total>176</total>
				<timestamp>60.145434</timestamp>
			</report>
			<report>
				<misses>431001</misses>
				<total>176</total>
				<timestamp>60.285303</timestamp>
			</report>
			<report>
				<misses>432001</misses>
				<total>179</total>
				<timestamp>60.425149</timestamp>
			</report>
			<report>
				<misses>433001</misses>
				<total>179</total>
				<timestamp>60.565054</timestamp>
			</report>
			<report>
				<misses>434001</misses>
				<total>179</total>
				<timestamp>60.704884</timestamp>
			</report>
			<report>
				<misses>435001</misses>
				<total>183</total>
				<timestamp>60.844720</timestamp>
			</report>
			<report>
				<misses>436001</misses>
				<total>183</total>
				<timestamp>60.984608</timestamp>
			</report>
			<report>
				<misses>437001</misses>
				<total>184</total>
				<timestamp>61.124501</timestamp>
			</report>
			<report>
				<misses>438001</misses>
				<total>186</total>
				<timestamp>61.264309</timestamp>
			</report>
			<report>
				<misses>439001</misses>
				<total>186</total>
				<timestamp>61.404178</timestamp>
			</report>
			<report>
				<misses>440001</misses>
				<total>185</total>
				<timestamp>61.544116</timestamp>
			</report>
			<report>
				<misses>441001</misses>
				<total>186</total>
				<timestamp>61.683898</timestamp>
			</report>
			<report>
				<misses>442001</misses>
				<total>186</total>
				<timestamp>61.823807</timestamp>
			</report>
			<report>
				<misses>443001</misses>
				<total>186</total>
				<timestamp>61.963608</timestamp>
			</report>
			<report>
				<misses>444001</misses>
				<total>186</total>
				<timestamp>62.103534</timestamp>
			</report>
			<report>
				<misses>445001</misses>
				<total>186</total>
				<timestamp>62.243384</timestamp>
			</report>
			<report>
				<misses>446001</misses>
				<total>187</total>
				<timestamp>62.383232</timestamp>
			</report>
			<report>
				<misses>447001</misses>
				<total>187</total>
				<timestamp>62.523144</timestamp>
			</report>
			<report>
				<misses>448001</misses>
				<total>187</total>
				<timestamp>62.662932</timestamp>
			</report>
			<report>
				<misses>449001</misses>
				<total>187</total>
				<timestamp>62.802762</timestamp>
			</report>
			<report>
				<misses>450001</misses>
				<total>187</total>
				<timestamp>62.942623</timestamp>
			</report>
			<report>
				<misses>451001</misses>
				<total>187</total>
				<timestamp>63.082496</timestamp>
			</report>
			<report>
				<misses>452001</misses>
				<total>187</total>
				<timestamp>63.222373</timestamp>
			</report>
			<report>
				<misses>453001</misses>
				<total>187</total>
				<timestamp>63.362297</timestamp>
			</report>
			<report>
				<misses>454001</misses>
				<total>187</total>
				<timestamp>63.502110</timestamp>
			</report>
			<report>
				<misses>455001</misses>
				<total>187</total>
				<timestamp>63.641928</timestamp>
			</report>
			<report>
				<misses>456001</misses>
				<total>187</total>
				<timestamp>63.781782</timestamp>
			</report>
			<report>
				<misses>457001</misses>
				<total>186</total>
				<timestamp>63.921699</timestamp>
			</report>
			<report>
				<misses>458001</misses>
				<total>187</total>
				<timestamp>64.061533</timestamp>
			</report>
			<report>
				<misses>459001</misses>
				<total>187</total>
				<timestamp>64.201385</timestamp>
			</report>
			<report>
				<misses>460001</misses>
				<total>186</total>
				<timestamp>64.341287</timestamp>
			</report>
			<report>
				<misses>461001</misses>
				<total>187</total>
				<timestamp>64.481148</timestamp>
			</report>
			<report>
				<misses>462001</misses>
				<total>186</total>
				<timestamp>64.621019</timestamp>
			</report>
			<report>
				<misses>463001</misses>
				<total>187</total>
				<timestamp>64.760803</timestamp>
			</report>
			<report>
				<misses>464001</misses>
				<total>186</total>
				<timestamp>64.900741</timestamp>
			</report>
			<report>
				<misses>465001</misses>
				<total>191</total>
				<timestamp>65.040642</timestamp>
			</report>
			<report>
				<misses>466001</misses>
				<total>194</total>
				<timestamp>65.180545</timestamp>
			</report>
			<report>
				<misses>467001</misses>
				<total>194</total>
				<timestamp>65.320383</timestamp>
			</report>
			<report>
				<misses>468001</misses>
				<total>195</total>
				<timestamp>65.460290</timestamp>
			</report>
			<report>
				<misses>469001</misses>
				<total>194</total>
				<timestamp>65.600164</timestamp>
			</report>
			<report>
				<misses>470001</misses>
				<total>200</total>
				<timestamp>65.739973</timestamp>
			</report>
			<report>
				<misses>471001</misses>
				<total>200</total>
				<timestamp>65.879888</timestamp>
			</report>
			<report>
				<misses>472001</misses>
				<total>201</total>
				<timestamp>66.019701</timestamp>
			</report>
			<report>
				<misses>473001</misses>
				<total>200</total>
				<timestamp>66.159621</timestamp>
			</report>
			<report>
				<misses>474001</misses>
				<total>201</total>
				<timestamp>66.299417</timestamp>
			</report>
			<report>
				<misses>475001</misses>
				<total>201</total>
				<timestamp>66.439270</timestamp>
			</report>
			<report>
				<misses>476001</misses>
				<total>201</total>
				<timestamp>66.579174</timestamp>
			</report>
			<report>
				<misses>477001</misses>
				<total>201</total>
				<timestamp>66.719035</timestamp>
			</report>
			<report>
				<misses>478001</misses>
				<total>201</total>
				<timestamp>66.858879</timestamp>
			</report>
			<report>
				<misses>479001</misses>
				<total>201</total>
				<timestamp>66.998845</timestamp>
			</report>
			<report>
				<misses>480001</misses>
				<total>200</total>
				<timestamp>67.138806</timestamp>
			</report>
			<report>
				<misses>481001</misses>
				<total>201</total>
				<timestamp>67.278560</timestamp>
			</report>
			<report>
				<misses>482001</misses>
				<total>201</total>
				<timestamp>67.418427</timestamp>
			</report>
			<report>
				<misses>483001</misses>
				<total>201</total>
				<timestamp>67.558287</timestamp>
			</report>
			<report>
				<misses>484001</misses>
				<total>201</total>
				<timestamp>67.698194</timestamp>
			</report>
			<report>
				<misses>485001</misses>
				<total>201</total>
				<timestamp>67.838039</timestamp>
			</report>
			<report>
				<misses>486001</misses>
				<total>200</total>
				<timestamp>67.977952</timestamp>
			</report>
			<report>
				<misses>487001</misses>
				<total>208</total>
				<timestamp>68.117785</timestamp>
			</report>
			<report>
				<misses>488001</misses>
				<total>208</total>
				<timestamp>68.257604</timestamp>
			</report>
			<report>
				<misses>489001</misses>
				<total>208</total>
				<timestamp>68.397466</timestamp>
			</report>
			<report>
				<misses>490001</misses>
				<total>208</total>
				<timestamp>68.537315</timestamp>
			</report>
			<report>
				<misses>491001</misses>
				<total>207</total>
				<timestamp>68.677224</timestamp>
			</report>
			<report>
				<misses>492001</misses>
				<total>208</total>
				<timestamp>68.817080</timestamp>
			</report>
			<report>
				<misses>493001</misses>
				<total>208</total>
				<timestamp>68.957071</timestamp>
			</report>
			<report>
				<misses>494001</misses>
				<total>207</total>
				<timestamp>69.096981</timestamp>
			</report>
			<report>
				<misses>495001</misses>
				<total>208</total>
				<timestamp>69.236805</timestamp>
			</report>
			<report>
				<misses>496001</misses>
				<total>208</total>
				<timestamp>69.376620</timestamp>
			</report>
			<report>
				<misses>497001</misses>
				<total>207</total>
				<timestamp>69.516512</timestamp>
			</report>
			<report>
				<misses>498001</misses>
				<total>209</total>
				<timestamp>69.656346</timestamp>
			</report>
			<report>
				<misses>499001</misses>
				<total>209</total>
				<timestamp>69.796214</timestamp>
			</report>
			<report>
				<misses>500001</misses>
				<total>209</total>
				<timestamp>69.936122</timestamp>
			</report>
			<report>
				<misses>501001</misses>
				<total>208</total>
				<timestamp>70.076013</timestamp>
			</report>
			<report>
				<misses>502001</misses>
				<total>209</total>
				<timestamp>70.215798</timestamp>
			</report>
			<report>
				<misses>503001</misses>
				<total>209</total>
				<timestamp>70.355684</timestamp>
			</report>
			<report>
				<misses>504001</misses>
				<total>209</total>
				<timestamp>70.495507</timestamp>
			</report>
			<report>
				<misses>505001</misses>
				<total>208</total>
				<timestamp>70.635410</timestamp>
			</report>
			<report>
				<misses>506001</misses>
				<total>209</total>
				<timestamp>70.775244</timestamp>
			</report>
			<report>
				<misses>507001</misses>
				<total>209</total>
				<timestamp>70.915106</timestamp>
			</report>
			<report>
				<misses>508001</misses>
				<total>209</total>
				<timestamp>71.054942</timestamp>
			</report>
			<report>
				<misses>509001</misses>
				<total>209</total>
				<timestamp>71.194785</timestamp>
			</report>
			<report>
				<misses>510001</misses>
				<total>209</total>
				<timestamp>71.334642</timestamp>
			</report>
			<report>
				<misses>511001</misses>
				<total>208</total>
				<timestamp>71.474556</timestamp>
			</report>
			<report>
				<misses>512001</misses>
				<total>209</total>
				<timestamp>71.614375</timestamp>
			</report>
			<report>
				<misses>513001</misses>
				<total>209</total>
				<timestamp>71.754224</timestamp>
			</report>
			<report>
				<misses>514001</misses>
				<total>208</total>
				<timestamp>71.894239</timestamp>
			</report>
			<report>
				<misses>515001</misses>
				<total>209</total>
				<timestamp>72.034120</timestamp>
			</report>
			<report>
				<misses>516001</misses>
				<total>209</total>
				<timestamp>72.173951</timestamp>
			</report>
			<report>
				<misses>517001</misses>
				<total>209</total>
				<timestamp>72.313814</timestamp>
			</report>
			<report>
				<misses>518001</misses>
				<total>209</total>
				<timestamp>72.453676</timestamp>
			</report>
			<report>
				<misses>519001</misses>
				<total>209</total>
				<timestamp>72.593540</timestamp>
			</report>
			<report>
				<misses>520001</misses>
				<total>209</total>
				<timestamp>72.733422</timestamp>
			</report>
			<report>
				<misses>521001</misses>
				<total>209</total>
				<timestamp>72.873309</timestamp>
			</report>
			<report>
				<misses>522001</misses>
				<total>209</total>
				<timestamp>73.013167</timestamp>
			</report>
			<report>
				<misses>523001</misses>
				<total>209</total>
				<timestamp>73.153065</timestamp>
			</report>
			<report>
				<misses>524001</misses>
				<total>209</total>
				<timestamp>73.292836</timestamp>
			</report>
			<report>
				<misses>525001</misses>
				<total>209</total>
				<timestamp>73.432709</timestamp>
			</report>
			<report>
				<misses>526001</misses>
				<total>209</total>
				<timestamp>73.572598</timestamp>
			</report>
			<report>
				<misses>527001</misses>
				<total>208</total>
				<timestamp>73.712535</timestamp>
			</report>
			<report>
				<misses>528001</misses>
				<total>209</total>
				<timestamp>73.852399</timestamp>
			</report>
			<report>
				<misses>529001</misses>
				<total>209</total>
				<timestamp>73.992277</timestamp>
			</report>
			<report>
				<misses>530001</misses>
				<total>209</total>
				<timestamp>74.132172</timestamp>
			</report>
			<report>
				<misses>531001</misses>
				<total>208</total>
				<timestamp>74.272091</timestamp>
			</report>
			<report>
				<misses>532001</misses>
				<total>209</total>
				<timestamp>74.411848</timestamp>
			</report>
			<report>
				<misses>533001</misses>
				<total>209</total>
				<timestamp>74.551713</timestamp>
			</report>
			<report>
				<misses>534001</misses>
				<total>208</total>
				<timestamp>74.691623</timestamp>
			</report>
			<report>
				<misses>535001</misses>
				<total>209</total>
				<timestamp>74.831417</timestamp>
			</report>
			<report>
				<misses>536001</misses>
				<total>208</total>
				<timestamp>74.971346</timestamp>
			</report>
			<report>
				<misses>537001</misses>
				<total>209</total>
				<timestamp>75.111184</timestamp>
			</report>
			<report>
				<misses>538001</misses>
				<total>208</total>
				<timestamp>75.251080</timestamp>
			</report>
			<report>
				<misses>539001</misses>
				<total>208</total>
				<timestamp>75.391011</timestamp>
			</report>
			<report>
				<misses>540001</misses>
				<total>217</total>
				<timestamp>75.530881</timestamp>
			</report>
			<report>
				<misses>541001</misses>
				<total>217</total>
				<timestamp>75.670755</timestamp>
			</report>
			<report>
				<misses>542001</misses>
				<total>217</total>
				<timestamp>75.810588</timestamp>
			</report>
			<report>
				<misses>543001</misses>
				<total>217</total>
				<timestamp>75.950453</timestamp>
			</report>
			<report>
				<misses>544001</misses>
				<total>217</total>
				<timestamp>76.090362</timestamp>
			</report>
			<report>
				<misses>545001</misses>
				<total>217</total>
				<timestamp>76.230180</timestamp>
			</report>
			<report>
				<misses>546001</misses>
				<total>216</total>
				<timestamp>76.370134</timestamp>
			</report>
			<report>
				<misses>547001</misses>
				<total>217</total>
				<timestamp>76.510117</timestamp>
			</report>
			<report>
				<misses>548001</misses>
				<total>216</total>
				<timestamp>76.650010</timestamp>
			</report>
			<report>
				<misses>549001</misses>
				<total>217</total>
				<timestamp>76.789907</timestamp>
			</report>
			<report>
				<misses>550001</misses>
				<total>217</total>
				<timestamp>76.929736</timestamp>
			</report>
			<report>
				<misses>551001</misses>
				<total>217</total>
				<timestamp>77.069672</timestamp>
			</report>
			<report>
				<misses>552001</misses>
				<total>217</total>
				<timestamp>77.209469</timestamp>
			</report>
			<report>
				<misses>553001</misses>
				<total>217</total>
				<timestamp>77.349384</timestamp>
			</report>
			<report>
				<misses>554001</misses>
				<total>216</total>
				<timestamp>77.489277</timestamp>
			</report>
			<report>
				<misses>555001</misses>
				<total>217</total>
				<timestamp>77.629092</timestamp>
			</report>
			<report>
				<misses>556001</misses>
				<total>217</total>
				<timestamp>77.768927</timestamp>
			</report>
			<report>
				<misses>557001</misses>
				<total>217</total>
				<timestamp>77.908766</timestamp>
			</report>
			<report>
				<misses>558001</misses>
				<total>216</total>
				<timestamp>78.048691</timestamp>
			</report>
			<report>
				<misses>559001</misses>
				<total>217</total>
				<timestamp>78.188518</timestamp>
			</report>
			<report>
				<misses>560001</misses>
				<total>218</total>
				<timestamp>78.328374</timestamp>
			</report>
			<report>
				<misses>561001</misses>
				<total>226</total>
				<timestamp>78.468214</timestamp>
			</report>
			<report>
				<misses>562001</misses>
				<total>224</total>
				<timestamp>78.608146</timestamp>
			</report>
			<report>
				<misses>563001</misses>
				<total>225</total>
				<timestamp>78.747986</timestamp>
			</report>
			<report>
				<misses>564001</misses>
				<total>224</total>
				<timestamp>78.887904</timestamp>
			</report>
			<report>
				<misses>565001</misses>
				<total>225</total>
				<timestamp>79.027788</timestamp>
			</report>
			<report>
				<misses>566001</misses>
				<total>225</total>
				<timestamp>79.167709</timestamp>
			</report>
			<report>
				<misses>567001</misses>
				<total>225</total>
				<timestamp>79.307518</timestamp>
			</report>
			<report>
				<misses>568001</misses>
				<total>225</total>
				<timestamp>79.447394</timestamp>
			</report>
			<report>
				<misses>569001</misses>
				<total>224</total>
				<timestamp>79.587311</timestamp>
			</report>
			<report>
				<misses>570001</misses>
				<total>225</total>
				<timestamp>79.727147</timestamp>
			</report>
			<report>
				<misses>571001</misses>
				<total>225</total>
				<timestamp>79.866989</timestamp>
			</report>
			<report>
				<misses>572001</misses>
				<total>225</total>
				<timestamp>80.006849</timestamp>
			</report>
			<report>
				<misses>573001</misses>
				<total>225</total>
				<timestamp>80.146666</timestamp>
			</report>
			<report>
				<misses>574001</misses>
				<total>225</total>
				<timestamp>80.286569</timestamp>
			</report>
			<report>
				<misses>575001</misses>
				<total>225</total>
				<timestamp>80.426420</timestamp>
			</report>
			<report>
				<misses>576001</misses>
				<total>231</total>
				<timestamp>80.566265</timestamp>
			</report>
			<report>
				<misses>577001</misses>
				<total>231</total>
				<timestamp>80.706156</timestamp>
			</report>
			<report>
				<misses>578001</misses>
				<total>230</total>
				<timestamp>80.846047</timestamp>
			</report>
			<report>
				<misses>579001</misses>
				<total>231</total>
				<timestamp>80.985873</timestamp>
			</report>
			<report>
				<misses>580001</misses>
				<total>231</total>
				<timestamp>81.125686</timestamp>
			</report>
			<report>
				<misses>581001</misses>
				<total>230</total>
				<timestamp>81.265667</timestamp>
			</report>
			<report>
				<misses>582001</misses>
				<total>231</total>
				<timestamp>81.405608</timestamp>
			</report>
			<report>
				<misses>583001</misses>
				<total>231</total>
				<timestamp>81.545474</timestamp>
			</report>
			<report>
				<misses>584001</misses>
				<total>230</total>
				<timestamp>81.685364</timestamp>
			</report>
			<report>
				<misses>585001</misses>
				<total>231</total>
				<timestamp>81.825164</timestamp>
			</report>
			<report>
				<misses>586001</misses>
				<total>231</total>
				<timestamp>81.965083</timestamp>
			</report>
			<report>
				<misses>587001</misses>
				<total>231</total>
				<timestamp>82.104888</timestamp>
			</report>
			<report>
				<misses>588001</misses>
				<total>231</total>
				<timestamp>82.244784</timestamp>
			</report>
			<report>
				<misses>589001</misses>
				<total>231</total>
				<timestamp>82.384608</timestamp>
			</report>
			<report>
				<misses>590001</misses>
				<total>231</total>
				<timestamp>82.524442</timestamp>
			</report>
			<report>
				<misses>591001</misses>
				<total>231</total>
				<timestamp>82.664286</timestamp>
			</report>
			<report>
				<misses>592001</misses>
				<total>231</total>
				<timestamp>82.804153</timestamp>
			</report>
			<report>
				<misses>593001</misses>
				<total>231</total>
				<timestamp>82.944140</timestamp>
			</report>
			<report>
				<misses>594001</misses>
				<total>231</total>
				<timestamp>83.084053</timestamp>
			</report>
			<report>
				<misses>595001</misses>
				<total>231</total>
				<timestamp>83.223891</timestamp>
			</report>
			<report>
				<misses>596001</misses>
				<total>230</total>
				<timestamp>83.363840</timestamp>
			</report>
			<report>
				<misses>597001</misses>
				<total>231</total>
				<timestamp>83.503725</timestamp>
			</report>
			<report>
				<misses>598001</misses>
				<total>231</total>
				<timestamp>83.643587</timestamp>
			</report>
			<report>
				<misses>599001</misses>
				<total>231</total>
				<timestamp>83.783495</timestamp>
			</report>
			<report>
				<misses>600001</misses>
				<total>231</total>
				<timestamp>83.923305</timestamp>
			</report>
			<report>
				<misses>601001</misses>
				<total>231</total>
				<timestamp>84.063211</timestamp>
			</report>
			<report>
				<misses>602001</misses>
				<total>231</total>
				<timestamp>84.203118</timestamp>
			</report>
			<report>
				<misses>603001</misses>
				<total>231</total>
				<timestamp>84.342891</timestamp>
			</report>
			<report>
				<misses>604001</misses>
				<total>231</total>
				<timestamp>84.482793</timestamp>
			</report>
			<report>
				<misses>605001</misses>
				<total>230</total>
				<timestamp>84.622672</timestamp>
			</report>
			<report>
				<misses>606001</misses>
				<total>231</total>
				<timestamp>84.762486</timestamp>
			</report>
			<report>
				<misses>607001</misses>
				<total>231</total>
				<timestamp>84.902357</timestamp>
			</report>
			<report>
				<misses>608001</misses>
				<total>231</total>
				<timestamp>85.042201</timestamp>
			</report>
			<report>
				<misses>609001</misses>
				<total>231</total>
				<timestamp>85.182136</timestamp>
			</report>
			<report>
				<misses>610001</misses>
				<total>231</total>
				<timestamp>85.321969</timestamp>
			</report>
			<report>
				<misses>611001</misses>
				<total>231</total>
				<timestamp>85.461833</timestamp>
			</report>
			<report>
				<misses>612001</misses>
				<total>231</total>
				<timestamp>85.601648</timestamp>
			</report>
			<report>
				<misses>613001</misses>
				<total>231</total>
				<timestamp>85.741512</timestamp>
			</report>
			<report>
				<misses>614001</misses>
				<total>231</total>
				<timestamp>85.881401</timestamp>
			</report>
			<report>
				<misses>615001</misses>
				<total>231</total>
				<timestamp>86.021272</timestamp>
			</report>
			<report>
				<misses>616001</misses>
				<total>231</total>
				<timestamp>86.161076</timestamp>
			</report>
			<report>
				<misses>617001</misses>
				<total>231</total>
				<timestamp>86.300994</timestamp>
			</report>
			<report>
				<misses>618001</misses>
				<total>231</total>
				<timestamp>86.440824</timestamp>
			</report>
			<report>
				<misses>619001</misses>
				<total>231</total>
				<timestamp>86.580639</timestamp>
			</report>
			<report>
				<misses>620001</misses>
				<total>231</total>
				<timestamp>86.720521</timestamp>
			</report>
			<report>
				<misses>621001</misses>
				<total>230</total>
				<timestamp>86.860432</timestamp>
			</report>
			<report>
				<misses>622001</misses>
				<total>231</total>
				<timestamp>87.000245</timestamp>
			</report>
			<report>
				<misses>623001</misses>
				<total>231</total>
				<timestamp>87.140106</timestamp>
			</report>
			<report>
				<misses>624001</misses>
				<total>231</total>
				<timestamp>87.279988</timestamp>
			</report>
			<report>
				<misses>625001</misses>
				<total>231</total>
				<timestamp>87.419817</timestamp>
			</report>
			<report>
				<misses>626001</misses>
				<total>231</total>
				<timestamp>87.559680</timestamp>
			</report>
			<report>
				<misses>627001</misses>
				<total>231</total>
				<timestamp>87.699534</timestamp>
			</report>
			<report>
				<misses>628001</misses>
				<total>231</total>
				<timestamp>87.839397</timestamp>
			</report>
			<report>
				<misses>629001</misses>
				<total>231</total>
				<timestamp>87.979266</timestamp>
			</report>
			<report>
				<misses>630001</misses>
				<total>231</total>
				<timestamp>88.119139</timestamp>
			</report>
			<report>
				<misses>631001</misses>
				<total>231</total>
				<timestamp>88.259054</timestamp>
			</report>
			<report>
				<misses>632001</misses>
				<total>230</total>
				<timestamp>88.398995</timestamp>
			</report>
			<report>
				<misses>633001</misses>
				<total>231</total>
				<timestamp>88.538859</timestamp>
			</report>
			<report>
				<misses>634001</misses>
				<total>230</total>
				<timestamp>88.678772</timestamp>
			</report>
			<report>
				<misses>635001</misses>
				<total>231</total>
				<timestamp>88.818628</timestamp>
			</report>
			<report>
				<misses>636001</misses>
				<total>232</total>
				<timestamp>88.958407</timestamp>
			</report>
			<report>
				<misses>637001</misses>
				<total>232</total>
				<timestamp>89.098269</timestamp>
			</report>
			<report>
				<misses>638001</misses>
				<total>232</total>
				<timestamp>89.238170</timestamp>
			</report>
			<report>
				<misses>639001</misses>
				<total>231</total>
				<timestamp>89.378081</timestamp>
			</report>
			<report>
				<misses>640001</misses>
				<total>232</total>
				<timestamp>89.517870</timestamp>
			</report>
			<report>
				<misses>641001</misses>
				<total>232</total>
				<timestamp>89.657752</timestamp>
			</report>
			<report>
				<misses>642001</misses>
				<total>232</total>
				<timestamp>89.797559</timestamp>
			</report>
			<report>
				<misses>643001</misses>
				<total>232</total>
				<timestamp>89.937427</timestamp>
			</report>
			<report>
				<misses>644001</misses>
				<total>232</total>
				<timestamp>90.077286</timestamp>
			</report>
			<report>
				<misses>645001</misses>
				<total>231</total>
				<timestamp>90.217201</timestamp>
			</report>
			<report>
				<misses>646001</misses>
				<total>232</total>
				<timestamp>90.357071</timestamp>
			</report>
			<report>
				<misses>647001</misses>
				<total>232</total>
				<timestamp>90.496979</timestamp>
			</report>
			<report>
				<misses>648001</misses>
				<total>232</total>
				<timestamp>90.636913</timestamp>
			</report>
			<report>
				<misses>649001</misses>
				<total>232</total>
				<timestamp>90.776747</timestamp>
			</report>
			<report>
				<misses>650001</misses>
				<total>232</total>
				<timestamp>90.916643</timestamp>
			</report>
			<report>
				<misses>651001</misses>
				<total>232</total>
				<timestamp>91.056450</timestamp>
			</report>
			<report>
				<misses>652001</misses>
				<total>232</total>
				<timestamp>91.196334</timestamp>
			</report>
			<report>
				<misses>653001</misses>
				<total>232</total>
				<timestamp>91.336167</timestamp>
			</report>
			<report>
				<misses>654001</misses>
				<total>232</total>
				<timestamp>91.476090</timestamp>
			</report>
			<report>
				<misses>655001</misses>
				<total>232</total>
				<timestamp>91.615954</timestamp>
			</report>
			<report>
				<misses>656001</misses>
				<total>232</total>
				<timestamp>91.755762</timestamp>
			</report>
			<report>
				<misses>657001</misses>
				<total>232</total>
				<timestamp>91.895605</timestamp>
			</report>
			<report>
				<misses>658001</misses>
				<total>232</total>
				<timestamp>92.035461</timestamp>
			</report>
			<report>
				<misses>659001</misses>
				<total>232</total>
				<timestamp>92.175320</timestamp>
			</report>
			<report>
				<misses>660001</misses>
				<total>232</total>
				<timestamp>92.315221</timestamp>
			</report>
			<report>
				<misses>661001</misses>
				<total>231</total>
				<timestamp>92.455115</timestamp>
			</report>
			<report>
				<misses>662001</misses>
				<total>232</total>
				<timestamp>92.594941</timestamp>
			</report>
			<report>
				<misses>663001</misses>
				<total>232</total>
				<timestamp>92.734796</timestamp>
			</report>
			<report>
				<misses>664001</misses>
				<total>232</total>
				<timestamp>92.874672</timestamp>
			</report>
			<report>
				<misses>665001</misses>
				<total>231</total>
				<timestamp>93.014558</timestamp>
			</report>
			<report>
				<misses>666001</misses>
				<total>232</total>
				<timestamp>93.154367</timestamp>
			</report>
			<report>
				<misses>667001</misses>
				<total>232</total>
				<timestamp>93.294242</timestamp>
			</report>
			<report>
				<misses>668001</misses>
				<total>232</total>
				<timestamp>93.434074</timestamp>
			</report>
			<report>
				<misses>669001</misses>
				<total>232</total>
				<timestamp>93.573978</timestamp>
			</report>
			<report>
				<misses>670001</misses>
				<total>232</total>
				<timestamp>93.713833</timestamp>
			</report>
			<report>
				<misses>671001</misses>
				<total>232</total>
				<timestamp>93.853737</timestamp>
			</report>
			<report>
				<misses>672001</misses>
				<total>231</total>
				<timestamp>93.993649</timestamp>
			</report>
			<report>
				<misses>673001</misses>
				<total>232</total>
				<timestamp>94.133527</timestamp>
			</report>
			<report>
				<misses>674001</misses>
				<total>234</total>
				<timestamp>94.273456</timestamp>
			</report>
			<report>
				<misses>675001</misses>
				<total>234</total>
				<timestamp>94.413280</timestamp>
			</report>
			<report>
				<misses>676001</misses>
				<total>234</total>
				<timestamp>94.553098</timestamp>
			</report>
			<report>
				<misses>677001</misses>
				<total>234</total>
				<timestamp>94.693017</timestamp>
			</report>
			<report>
				<misses>678001</misses>
				<total>233</total>
				<timestamp>94.832950</timestamp>
			</report>
			<report>
				<misses>679001</misses>
				<total>234</total>
				<timestamp>94.972946</timestamp>
			</report>
			<report>
				<misses>680001</misses>
				<total>233</total>
				<timestamp>95.112943</timestamp>
			</report>
			<report>
				<misses>681001</misses>
				<total>234</total>
				<timestamp>95.252810</timestamp>
			</report>
			<report>
				<misses>682001</misses>
				<total>234</total>
				<timestamp>95.392661</timestamp>
			</report>
			<report>
				<misses>683001</misses>
				<total>234</total>
				<timestamp>95.532522</timestamp>
			</report>
			<report>
				<misses>684001</misses>
				<total>234</total>
				<timestamp>95.672382</timestamp>
			</report>
			<report>
				<misses>685001</misses>
				<total>234</total>
				<timestamp>95.812294</timestamp>
			</report>
			<report>
				<misses>686001</misses>
				<total>233</total>
				<timestamp>95.952179</timestamp>
			</report>
			<report>
				<misses>687001</misses>
				<total>233</total>
				<timestamp>96.092038</timestamp>
			</report>
			<report>
				<misses>688001</misses>
				<total>234</total>
				<timestamp>96.231840</timestamp>
			</report>
			<report>
				<misses>689001</misses>
				<total>234</total>
				<timestamp>96.371685</timestamp>
			</report>
			<report>
				<misses>690001</misses>
				<total>234</total>
				<timestamp>96.511547</timestamp>
			</report>
			<report>
				<misses>691001</misses>
				<total>233</total>
				<timestamp>96.651438</timestamp>
			</report>
			<report>
				<misses>692001</misses>
				<total>234</total>
				<timestamp>96.791321</timestamp>
			</report>
			<report>
				<misses>693001</misses>
				<total>235</total>
				<timestamp>96.931165</timestamp>
			</report>
			<report>
				<misses>694001</misses>
				<total>235</total>
				<timestamp>97.071013</timestamp>
			</report>
			<report>
				<misses>695001</misses>
				<total>235</total>
				<timestamp>97.210892</timestamp>
			</report>
			<report>
				<misses>696001</misses>
				<total>234</total>
				<timestamp>97.350862</timestamp>
			</report>
			<report>
				<misses>697001</misses>
				<total>236</total>
				<timestamp>97.490764</timestamp>
			</report>
			<report>
				<misses>698001</misses>
				<total>236</total>
				<timestamp>97.630571</timestamp>
			</report>
			<report>
				<misses>699001</misses>
				<total>236</total>
				<timestamp>97.770485</timestamp>
			</report>
			<report>
				<misses>700001</misses>
				<total>236</total>
				<timestamp>97.910317</timestamp>
			</report>
			<report>
				<misses>701001</misses>
				<total>236</total>
				<timestamp>98.050161</timestamp>
			</report>
			<report>
				<misses>702001</misses>
				<total>236</total>
				<timestamp>98.190027</timestamp>
			</report>
			<report>
				<misses>703001</misses>
				<total>236</total>
				<timestamp>98.329919</timestamp>
			</report>
			<report>
				<misses>704001</misses>
				<total>236</total>
				<timestamp>98.469729</timestamp>
			</report>
			<report>
				<misses>705001</misses>
				<total>236</total>
				<timestamp>98.609577</timestamp>
			</report>
			<report>
				<misses>706001</misses>
				<total>236</total>
				<timestamp>98.749467</timestamp>
			</report>
			<report>
				<misses>707001</misses>
				<total>235</total>
				<timestamp>98.889347</timestamp>
			</report>
			<report>
				<misses>708001</misses>
				<total>237</total>
				<timestamp>99.029181</timestamp>
			</report>
			<report>
				<misses>709001</misses>
				<total>236</total>
				<timestamp>99.169074</timestamp>
			</report>
			<report>
				<misses>710001</misses>
				<total>236</total>
				<timestamp>99.308946</timestamp>
			</report>
			<report>
				<misses>711001</misses>
				<total>236</total>
				<timestamp>99.448829</timestamp>
			</report>
			<report>
				<misses>712001</misses>
				<total>236</total>
				<timestamp>99.588611</timestamp>
			</report>
			<report>
				<misses>713001</misses>
				<total>236</total>
				<timestamp>99.728466</timestamp>
			</report>
			<report>
				<misses>714001</misses>
				<total>235</total>
				<timestamp>99.868428</timestamp>
			</report>
			<report>
				<misses>715001</misses>
				<total>236</total>
				<timestamp>100.008242</timestamp>
			</report>
			<report>
				<misses>716001</misses>
				<total>236</total>
				<timestamp>100.148074</timestamp>
			</report>
			<report>
				<misses>717001</misses>
				<total>236</total>
				<timestamp>100.287930</timestamp>
			</report>
			<report>
				<misses>718001</misses>
				<total>236</total>
				<timestamp>100.427773</timestamp>
			</report>
			<report>
				<misses>719001</misses>
				<total>236</total>
				<timestamp>100.567740</timestamp>
			</report>
			<report>
				<misses>720001</misses>
				<total>236</total>
				<timestamp>100.707630</timestamp>
			</report>
			<report>
				<misses>721001</misses>
				<total>236</total>
				<timestamp>100.847514</timestamp>
			</report>
			<report>
				<misses>722001</misses>
				<total>236</total>
				<timestamp>100.987340</timestamp>
			</report>
			<report>
				<misses>723001</misses>
				<total>235</total>
				<timestamp>101.127261</timestamp>
			</report>
			<report>
				<misses>724001</misses>
				<total>236</total>
				<timestamp>101.267145</timestamp>
			</report>
			<report>
				<misses>725001</misses>
				<total>236</total>
				<timestamp>101.406930</timestamp>
			</report>
			<report>
				<misses>726001</misses>
				<total>236</total>
				<timestamp>101.546836</timestamp>
			</report>
			<report>
				<misses>727001</misses>
				<total>236</total>
				<timestamp>101.686683</timestamp>
			</report>
			<report>
				<misses>728001</misses>
				<total>236</total>
				<timestamp>101.826499</timestamp>
			</report>
			<report>
				<misses>729001</misses>
				<total>235</total>
				<timestamp>101.966435</timestamp>
			</report>
			<report>
				<misses>730001</misses>
				<total>236</total>
				<timestamp>102.106286</timestamp>
			</report>
			<report>
				<misses>731001</misses>
				<total>237</total>
				<timestamp>102.246153</timestamp>
			</report>
			<report>
				<misses>732001</misses>
				<total>238</total>
				<timestamp>102.385958</timestamp>
			</report>
			<report>
				<misses>733001</misses>
				<total>238</total>
				<timestamp>102.525858</timestamp>
			</report>
			<report>
				<misses>734001</misses>
				<total>246</total>
				<timestamp>102.665706</timestamp>
			</report>
			<report>
				<misses>735001</misses>
				<total>246</total>
				<timestamp>102.805546</timestamp>
			</report>
			<report>
				<misses>736001</misses>
				<total>246</total>
				<timestamp>102.945416</timestamp>
			</report>
			<report>
				<misses>737001</misses>
				<total>246</total>
				<timestamp>103.085251</timestamp>
			</report>
			<report>
				<misses>738001</misses>
				<total>245</total>
				<timestamp>103.225162</timestamp>
			</report>
			<report>
				<misses>739001</misses>
				<total>246</total>
				<timestamp>103.365027</timestamp>
			</report>
			<report>
				<misses>740001</misses>
				<total>250</total>
				<timestamp>103.504906</timestamp>
			</report>
			<report>
				<misses>741001</misses>
				<total>250</total>
				<timestamp>103.644818</timestamp>
			</report>
			<report>
				<misses>742001</misses>
				<total>251</total>
				<timestamp>103.784723</timestamp>
			</report>
			<report>
				<misses>743001</misses>
				<total>251</total>
				<timestamp>103.924551</timestamp>
			</report>
			<report>
				<misses>744001</misses>
				<total>251</total>
				<timestamp>104.064406</timestamp>
			</report>
			<report>
				<misses>745001</misses>
				<total>251</total>
				<timestamp>104.204297</timestamp>
			</report>
			<report>
				<misses>746001</misses>
				<total>250</total>
				<timestamp>104.344221</timestamp>
			</report>
			<report>
				<misses>747001</misses>
				<total>251</total>
				<timestamp>104.484029</timestamp>
			</report>
			<report>
				<misses>748001</misses>
				<total>251</total>
				<timestamp>104.623870</timestamp>
			</report>
			<report>
				<misses>749001</misses>
				<total>251</total>
				<timestamp>104.763710</timestamp>
			</report>
			<report>
				<misses>750001</misses>
				<total>251</total>
				<timestamp>104.903597</timestamp>
			</report>
			<report>
				<misses>751001</misses>
				<total>251</total>
				<timestamp>105.043433</timestamp>
			</report>
			<report>
				<misses>752001</misses>
				<total>251</total>
				<timestamp>105.183290</timestamp>
			</report>
			<report>
				<misses>753001</misses>
				<total>251</total>
				<timestamp>105.323249</timestamp>
			</report>
			<report>
				<misses>754001</misses>
				<total>251</total>
				<timestamp>105.463200</timestamp>
			</report>
			<report>
				<misses>755001</misses>
				<total>251</total>
				<timestamp>105.603052</timestamp>
			</report>
			<report>
				<misses>756001</misses>
				<total>250</total>
				<timestamp>105.743023</timestamp>
			</report>
			<report>
				<misses>757001</misses>
				<total>251</total>
				<timestamp>105.882874</timestamp>
			</report>
			<report>
				<misses>758001</misses>
				<total>251</total>
				<timestamp>106.022893</timestamp>
			</report>
			<report>
				<misses>759001</misses>
				<total>251</total>
				<timestamp>106.162795</timestamp>
			</report>
			<report>
				<misses>760001</misses>
				<total>251</total>
				<timestamp>106.302644</timestamp>
			</report>
			<report>
				<misses>761001</misses>
				<total>251</total>
				<timestamp>106.442542</timestamp>
			</report>
			<report>
				<misses>762001</misses>
				<total>251</total>
				<timestamp>106.582318</timestamp>
			</report>
			<report>
				<misses>763001</misses>
				<total>251</total>
				<timestamp>106.722163</timestamp>
			</report>
			<report>
				<misses>764001</misses>
				<total>251</total>
				<timestamp>106.862088</timestamp>
			</report>
			<report>
				<misses>765001</misses>
				<total>250</total>
				<timestamp>107.001973</timestamp>
			</report>
			<report>
				<misses>766001</misses>
				<total>251</total>
				<timestamp>107.141809</timestamp>
			</report>
			<report>
				<misses>767001</misses>
				<total>251</total>
				<timestamp>107.281609</timestamp>
			</report>
			<report>
				<misses>768001</misses>
				<total>251</total>
				<timestamp>107.421503</timestamp>
			</report>
			<report>
				<misses>769001</misses>
				<total>251</total>
				<timestamp>107.561325</timestamp>
			</report>
			<report>
				<misses>770001</misses>
				<total>251</total>
				<timestamp>107.701191</timestamp>
			</report>
			<report>
				<misses>771001</misses>
				<total>251</total>
				<timestamp>107.841056</timestamp>
			</report>
			<report>
				<misses>772001</misses>
				<total>250</total>
				<timestamp>107.980979</timestamp>
			</report>
			<report>
				<misses>773001</misses>
				<total>251</total>
				<timestamp>108.120791</timestamp>
			</report>
			<report>
				<misses>774001</misses>
				<total>251</total>
				<timestamp>108.260624</timestamp>
			</report>
			<report>
				<misses>775001</misses>
				<total>251</total>
				<timestamp>108.400519</timestamp>
			</report>
			<report>
				<misses>776001</misses>
				<total>251</total>
				<timestamp>108.540354</timestamp>
			</report>
			<report>
				<misses>777001</misses>
				<total>251</total>
				<timestamp>108.680226</timestamp>
			</report>
			<report>
				<misses>778001</misses>
				<total>250</total>
				<timestamp>108.820145</timestamp>
			</report>
			<report>
				<misses>779001</misses>
				<total>251</total>
				<timestamp>108.959977</timestamp>
			</report>
			<report>
				<misses>780001</misses>
				<total>250</total>
				<timestamp>109.099873</timestamp>
			</report>
			<report>
				<misses>781001</misses>
				<total>251</total>
				<timestamp>109.239659</timestamp>
			</report>
			<report>
				<misses>782001</misses>
				<total>251</total>
				<timestamp>109.379520</timestamp>
			</report>
			<report>
				<misses>783001</misses>
				<total>251</total>
				<timestamp>109.519384</timestamp>
			</report>
			<report>
				<misses>784001</misses>
				<total>251</total>
				<timestamp>109.659221</timestamp>
			</report>
			<report>
				<misses>785001</misses>
				<total>250</total>
				<timestamp>109.799121</timestamp>
			</report>
			<report>
				<misses>786001</misses>
				<total>251</total>
				<timestamp>109.939033</timestamp>
			</report>
			<report>
				<misses>787001</misses>
				<total>252</total>
				<timestamp>110.078816</timestamp>
			</report>
			<report>
				<misses>788001</misses>
				<total>251</total>
				<timestamp>110.218848</timestamp>
			</report>
			<report>
				<misses>789001</misses>
				<total>251</total>
				<timestamp>110.358664</timestamp>
			</report>
			<report>
				<misses>790001</misses>
				<total>250</total>
				<timestamp>110.498574</timestamp>
			</report>
			<report>
				<misses>791001</misses>
				<total>251</total>
				<timestamp>110.638494</timestamp>
			</report>
			<report>
				<misses>792001</misses>
				<total>251</total>
				<timestamp>110.778398</timestamp>
			</report>
			<report>
				<misses>793001</misses>
				<total>251</total>
				<timestamp>110.918251</timestamp>
			</report>
			<report>
				<misses>794001</misses>
				<total>251</total>
				<timestamp>111.058126</timestamp>
			</report>
			<report>
				<misses>795001</misses>
				<total>251</total>
				<timestamp>111.198034</timestamp>
			</report>
			<report>
				<misses>796001</misses>
				<total>252</total>
				<timestamp>111.337869</timestamp>
			</report>
			<report>
				<misses>797001</misses>
				<total>252</total>
				<timestamp>111.477781</timestamp>
			</report>
			<report>
				<misses>798001</misses>
				<total>252</total>
				<timestamp>111.617630</timestamp>
			</report>
			<report>
				<misses>799001</misses>
				<total>252</total>
				<timestamp>111.757455</timestamp>
			</report>
			<report>
				<misses>800001</misses>
				<total>253</total>
				<timestamp>111.897274</timestamp>
			</report>
			<report>
				<misses>801001</misses>
				<total>253</total>
				<timestamp>112.037187</timestamp>
			</report>
			<report>
				<misses>802001</misses>
				<total>253</total>
				<timestamp>112.177014</timestamp>
			</report>
			<report>
				<misses>803001</misses>
				<total>253</total>
				<timestamp>112.316864</timestamp>
			</report>
			<report>
				<misses>804001</misses>
				<total>252</total>
				<timestamp>112.456864</timestamp>
			</report>
			<report>
				<misses>805001</misses>
				<total>253</total>
				<timestamp>112.596760</timestamp>
			</report>
			<report>
				<misses>806001</misses>
				<total>253</total>
				<timestamp>112.736553</timestamp>
			</report>
			<report>
				<misses>807001</misses>
				<total>253</total>
				<timestamp>112.876421</timestamp>
			</report>
			<report>
				<misses>808001</misses>
				<total>253</total>
				<timestamp>113.016357</timestamp>
			</report>
			<report>
				<misses>809001</misses>
				<total>253</total>
				<timestamp>113.156148</timestamp>
			</report>
			<report>
				<misses>810001</misses>
				<total>253</total>
				<timestamp>113.296021</timestamp>
			</report>
			<report>
				<misses>811001</misses>
				<total>253</total>
				<timestamp>113.435924</timestamp>
			</report>
			<report>
				<misses>812001</misses>
				<total>253</total>
				<timestamp>113.575734</timestamp>
			</report>
			<report>
				<misses>813001</misses>
				<total>253</total>
				<timestamp>113.715616</timestamp>
			</report>
			<report>
				<misses>814001</misses>
				<total>253</total>
				<timestamp>113.855452</timestamp>
			</report>
			<report>
				<misses>815001</misses>
				<total>253</total>
				<timestamp>113.995307</timestamp>
			</report>
			<report>
				<misses>816001</misses>
				<total>252</total>
				<timestamp>114.135222</timestamp>
			</report>
			<report>
				<misses>817001</misses>
				<total>253</total>
				<timestamp>114.275032</timestamp>
			</report>
			<report>
				<misses>818001</misses>
				<total>252</total>
				<timestamp>114.414996</timestamp>
			</report>
			<report>
				<misses>819001</misses>
				<total>253</total>
				<timestamp>114.554921</timestamp>
			</report>
			<report>
				<misses>820001</misses>
				<total>255</total>
				<timestamp>114.694789</timestamp>
			</report>
			<report>
				<misses>821001</misses>
				<total>269</total>
				<timestamp>114.834611</timestamp>
			</report>
			<report>
				<misses>822001</misses>
				<total>269</total>
				<timestamp>114.974477</timestamp>
			</report>
			<report>
				<misses>823001</misses>
				<total>278</total>
				<timestamp>115.114384</timestamp>
			</report>
			<report>
				<misses>824001</misses>
				<total>279</total>
				<timestamp>115.254232</timestamp>
			</report>
			<report>
				<misses>825001</misses>
				<total>278</total>
				<timestamp>115.394135</timestamp>
			</report>
			<report>
				<misses>826001</misses>
				<total>279</total>
				<timestamp>115.533945</timestamp>
			</report>
			<report>
				<misses>827001</misses>
				<total>278</total>
				<timestamp>115.673885</timestamp>
			</report>
			<report>
				<misses>828001</misses>
				<total>279</total>
				<timestamp>115.813804</timestamp>
			</report>
			<report>
				<misses>829001</misses>
				<total>279</total>
				<timestamp>115.953637</timestamp>
			</report>
			<report>
				<misses>830001</misses>
				<total>285</total>
				<timestamp>116.093549</timestamp>
			</report>
			<report>
				<misses>831001</misses>
				<total>285</total>
				<timestamp>116.233397</timestamp>
			</report>
			<report>
				<misses>832001</misses>
				<total>286</total>
				<timestamp>116.373238</timestamp>
			</report>
			<report>
				<misses>833001</misses>
				<total>285</total>
				<timestamp>116.513184</timestamp>
			</report>
			<report>
				<misses>834001</misses>
				<total>286</total>
				<timestamp>116.653148</timestamp>
			</report>
			<report>
				<misses>835001</misses>
				<total>286</total>
				<timestamp>116.792954</timestamp>
			</report>
			<report>
				<misses>836001</misses>
				<total>286</total>
				<timestamp>116.932809</timestamp>
			</report>
			<report>
				<misses>837001</misses>
				<total>286</total>
				<timestamp>117.072654</timestamp>
			</report>
			<report>
				<misses>838001</misses>
				<total>286</total>
				<timestamp>117.212499</timestamp>
			</report>
			<report>
				<misses>839001</misses>
				<total>286</total>
				<timestamp>117.352424</timestamp>
			</report>
			<report>
				<misses>840001</misses>
				<total>286</total>
				<timestamp>117.492241</timestamp>
			</report>
			<report>
				<misses>841001</misses>
				<total>286</total>
				<timestamp>117.632111</timestamp>
			</report>
			<report>
				<misses>842001</misses>
				<total>302</total>
				<timestamp>117.771984</timestamp>
			</report>
			<report>
				<misses>843001</misses>
				<total>304</total>
				<timestamp>117.911828</timestamp>
			</report>
			<report>
				<misses>844001</misses>
				<total>304</total>
				<timestamp>118.051741</timestamp>
			</report>
			<report>
				<misses>845001</misses>
				<total>304</total>
				<timestamp>118.191517</timestamp>
			</report>
			<report>
				<misses>846001</misses>
				<total>304</total>
				<timestamp>118.331451</timestamp>
			</report>
			<report>
				<misses>847001</misses>
				<total>304</total>
				<timestamp>118.471303</timestamp>
			</report>
			<report>
				<misses>848001</misses>
				<total>303</total>
				<timestamp>118.611204</timestamp>
			</report>
			<report>
				<misses>849001</misses>
				<total>304</total>
				<timestamp>118.751015</timestamp>
			</report>
			<report>
				<misses>850001</misses>
				<total>304</total>
				<timestamp>118.890872</timestamp>
			</report>
			<report>
				<misses>851001</misses>
				<total>304</total>
				<timestamp>119.030744</timestamp>
			</report>
			<report>
				<misses>852001</misses>
				<total>304</total>
				<timestamp>119.170564</timestamp>
			</report>
			<report>
				<misses>853001</misses>
				<total>304</total>
				<timestamp>119.310424</timestamp>
			</report>
			<report>
				<misses>854001</misses>
				<total>304</total>
				<timestamp>119.450264</timestamp>
			</report>
			<report>
				<misses>855001</misses>
				<total>304</total>
				<timestamp>119.590162</timestamp>
			</report>
			<report>
				<misses>856001</misses>
				<total>309</total>
				<timestamp>119.730014</timestamp>
			</report>
			<report>
				<misses>857001</misses>
				<total>309</total>
				<timestamp>119.869952</timestamp>
			</report>
			<report>
				<misses>858001</misses>
				<total>309</total>
				<timestamp>120.009724</timestamp>
			</report>
			<report>
				<misses>859001</misses>
				<total>309</total>
				<timestamp>120.149561</timestamp>
			</report>
			<report>
				<misses>860001</misses>
				<total>309</total>
				<timestamp>120.289419</timestamp>
			</report>
			<report>
				<misses>861001</misses>
				<total>309</total>
				<timestamp>120.429301</timestamp>
			</report>
			<report>
				<misses>862001</misses>
				<total>311</total>
				<timestamp>120.569148</timestamp>
			</report>
			<report>
				<misses>863001</misses>
				<total>311</total>
				<timestamp>120.709020</timestamp>
			</report>
			<report>
				<misses>864001</misses>
				<total>311</total>
				<timestamp>120.848896</timestamp>
			</report>
			<report>
				<misses>865001</misses>
				<total>311</total>
				<timestamp>120.988744</timestamp>
			</report>
			<report>
				<misses>866001</misses>
				<total>311</total>
				<timestamp>121.128666</timestamp>
			</report>
			<report>
				<misses>867001</misses>
				<total>311</total>
				<timestamp>121.268435</timestamp>
			</report>
			<report>
				<misses>868001</misses>
				<total>917</total>
				<timestamp>121.408405</timestamp>
			</report>
			<report>
				<misses>869001</misses>
				<total>1916</total>
				<timestamp>121.548165</timestamp>
			</report>
			<report>
				<misses>870001</misses>
				<total>2915</total>
				<timestamp>121.688101</timestamp>
			</report>
			<report>
				<misses>871001</misses>
				<total>3914</total>
				<timestamp>121.827946</timestamp>
			</report>
			<report>
				<misses>872001</misses>
				<total>4913</total>
				<timestamp>121.967783</timestamp>
			</report>
			<report>
				<misses>873001</misses>
				<total>5912</total>
				<timestamp>122.107626</timestamp>
			</report>
			<report>
				<misses>874001</misses>
				<total>6911</total>
				<timestamp>122.247475</timestamp>
			</report>
			<report>
				<misses>875001</misses>
				<total>7910</total>
				<timestamp>122.387352</timestamp>
			</report>
			<report>
				<misses>876001</misses>
				<total>8909</total>
				<timestamp>122.527230</timestamp>
			</report>
			<report>
				<misses>877001</misses>
				<total>9908</total>
				<timestamp>122.667065</timestamp>
			</report>
			<report>
				<misses>878001</misses>
				<total>10907</total>
				<timestamp>122.806950</timestamp>
			</report>
			<report>
				<misses>879001</misses>
				<total>11906</total>
				<timestamp>122.946784</timestamp>
			</report>
			<report>
				<misses>880001</misses>
				<total>12905</total>
				<timestamp>123.086732</timestamp>
			</report>
			<report>
				<misses>881001</misses>
				<total>13904</total>
				<timestamp>123.226667</timestamp>
			</report>
			<report>
				<misses>882001</misses>
				<total>14903</total>
				<timestamp>123.366490</timestamp>
			</report>
			<report>
				<misses>883001</misses>
				<total>15902</total>
				<timestamp>123.506348</timestamp>
			</report>
			<report>
				<misses>884001</misses>
				<total>16901</total>
				<timestamp>123.646210</timestamp>
			</report>
			<report>
				<misses>885001</misses>
				<total>17900</total>
				<timestamp>123.786084</timestamp>
			</report>
			<report>
				<misses>886001</misses>
				<total>18899</total>
				<timestamp>123.926015</timestamp>
			</report>
			<report>
				<misses>887001</misses>
				<total>19898</total>
				<timestamp>124.065846</timestamp>
			</report>
			<report>
				<misses>888001</misses>
				<total>20897</total>
				<timestamp>124.205726</timestamp>
			</report>
			<report>
				<misses>889001</misses>
				<total>21896</total>
				<timestamp>124.345627</timestamp>
			</report>
			<report>
				<misses>890001</misses>
				<total>22895</total>
				<timestamp>124.485511</timestamp>
			</report>
			<report>
				<misses>891001</misses>
				<total>23894</total>
				<timestamp>124.625449</timestamp>
			</report>
			<report>
				<misses>892001</misses>
				<total>24893</total>
				<timestamp>124.765266</timestamp>
			</report>
			<report>
				<misses>893001</misses>
				<total>25892</total>
				<timestamp>124.905149</timestamp>
			</report>
			<report>
				<misses>894001</misses>
				<total>26891</total>
				<timestamp>125.044990</timestamp>
			</report>
			<report>
				<misses>895001</misses>
				<total>27890</total>
				<timestamp>125.184835</timestamp>
			</report>
			<report>
				<misses>896001</misses>
				<total>28889</total>
				<timestamp>125.324738</timestamp>
			</report>
			<report>
				<misses>897001</misses>
				<total>29888</total>
				<timestamp>125.464565</timestamp>
			</report>
			<report>
				<misses>898001</misses>
				<total>30887</total>
				<timestamp>125.604392</timestamp>
			</report>
			<report>
				<misses>899001</misses>
				<total>31886</total>
				<timestamp>125.744295</timestamp>
			</report>
			<report>
				<misses>900001</misses>
				<total>32885</total>
				<timestamp>125.884105</timestamp>
			</report>
			<report>
				<misses>901001</misses>
				<total>33884</total>
				<timestamp>126.024033</timestamp>
			</report>
			<report>
				<misses>902001</misses>
				<total>34883</total>
				<timestamp>126.163893</timestamp>
			</report>
			<report>
				<misses>903001</misses>
				<total>35882</total>
				<timestamp>126.303722</timestamp>
			</report>
			<report>
				<misses>904001</misses>
				<total>36881</total>
				<timestamp>126.443565</timestamp>
			</report>
			<report>
				<misses>905001</misses>
				<total>37880</total>
				<timestamp>126.583450</timestamp>
			</report>
			<report>
				<misses>906001</misses>
				<total>38879</total>
				<timestamp>126.723273</timestamp>
			</report>
			<report>
				<misses>907001</misses>
				<total>39878</total>
				<timestamp>126.863148</timestamp>
			</report>
			<report>
				<misses>908001</misses>
				<total>40877</total>
				<timestamp>127.002994</timestamp>
			</report>
			<report>
				<misses>909001</misses>
				<total>41876</total>
				<timestamp>127.142874</timestamp>
			</report>
			<report>
				<misses>910001</misses>
				<total>42875</total>
				<timestamp>127.282747</timestamp>
			</report>
			<report>
				<misses>911001</misses>
				<total>43874</total>
				<timestamp>127.422704</timestamp>
			</report>
			<report>
				<misses>912001</misses>
				<total>44873</total>
				<timestamp>127.562702</timestamp>
			</report>
			<report>
				<misses>913001</misses>
				<total>45872</total>
				<timestamp>127.702639</timestamp>
			</report>
			<report>
				<misses>914001</misses>
				<total>46871</total>
				<timestamp>127.842527</timestamp>
			</report>
			<report>
				<misses>915001</misses>
				<total>47870</total>
				<timestamp>127.982314</timestamp>
			</report>
			<report>
				<misses>916001</misses>
				<total>48869</total>
				<timestamp>128.122180</timestamp>
			</report>
			<report>
				<misses>917001</misses>
				<total>49868</total>
				<timestamp>128.262064</timestamp>
			</report>
			<report>
				<misses>918001</misses>
				<total>50867</total>
				<timestamp>128.401888</timestamp>
			</report>
			<report>
				<misses>919001</misses>
				<total>51866</total>
				<timestamp>128.541737</timestamp>
			</report>
			<report>
				<misses>920001</misses>
				<total>52865</total>
				<timestamp>128.681646</timestamp>
			</report>
			<report>
				<misses>921001</misses>
				<total>53864</total>
				<timestamp>128.821471</timestamp>
			</report>
			<report>
				<misses>922001</misses>
				<total>54863</total>
				<timestamp>128.961373</timestamp>
			</report>
			<report>
				<misses>923001</misses>
				<total>55862</total>
				<timestamp>129.101172</timestamp>
			</report>
			<report>
				<misses>924001</misses>
				<total>56861</total>
				<timestamp>129.241041</timestamp>
			</report>
			<report>
				<misses>925001</misses>
				<total>57860</total>
				<timestamp>129.380912</timestamp>
			</report>
			<report>
				<misses>926001</misses>
				<total>58859</total>
				<timestamp>129.520874</timestamp>
			</report>
			<report>
				<misses>927001</misses>
				<total>59858</total>
				<timestamp>129.660811</timestamp>
			</report>
			<report>
				<misses>928001</misses>
				<total>60857</total>
				<timestamp>129.800634</timestamp>
			</report>
			<report>
				<misses>929001</misses>
				<total>61856</total>
				<timestamp>129.940467</timestamp>
			</report>
			<report>
				<misses>930001</misses>
				<total>62855</total>
				<timestamp>130.080322</timestamp>
			</report>
			<report>
				<misses>931001</misses>
				<total>63854</total>
				<timestamp>130.220194</timestamp>
			</report>
			<report>
				<misses>932001</misses>
				<total>64853</total>
				<timestamp>130.360060</timestamp>
			</report>
			<report>
				<misses>933001</misses>
				<total>65852</total>
				<timestamp>130.499939</timestamp>
			</report>
			<report>
				<misses>934001</misses>
				<total>66851</total>
				<timestamp>130.639812</timestamp>
			</report>
			<report>
				<misses>935001</misses>
				<total>67850</total>
				<timestamp>130.779673</timestamp>
			</report>
			<report>
				<misses>936001</misses>
				<total>68849</total>
				<timestamp>130.919520</timestamp>
			</report>
			<report>
				<misses>937001</misses>
				<total>69848</total>
				<timestamp>131.059395</timestamp>
			</report>
			<report>
				<misses>938001</misses>
				<total>70847</total>
				<timestamp>131.199213</timestamp>
			</report>
			<report>
				<misses>939001</misses>
				<total>71846</total>
				<timestamp>131.339117</timestamp>
			</report>
			<report>
				<misses>940001</misses>
				<total>72845</total>
				<timestamp>131.478989</timestamp>
			</report>
			<report>
				<misses>941001</misses>
				<total>73844</total>
				<timestamp>131.618844</timestamp>
			</report>
			<report>
				<misses>942001</misses>
				<total>74843</total>
				<timestamp>131.758754</timestamp>
			</report>
			<report>
				<misses>943001</misses>
				<total>75842</total>
				<timestamp>131.898523</timestamp>
			</report>
			<report>
				<misses>944001</misses>
				<total>76841</total>
				<timestamp>132.038372</timestamp>
			</report>
			<report>
				<misses>945001</misses>
				<total>77840</total>
				<timestamp>132.178268</timestamp>
			</report>
			<report>
				<misses>946001</misses>
				<total>78839</total>
				<timestamp>132.318108</timestamp>
			</report>
			<report>
				<misses>947001</misses>
				<total>79838</total>
				<timestamp>132.458002</timestamp>
			</report>
			<report>
				<misses>948001</misses>
				<total>80837</total>
				<timestamp>132.597844</timestamp>
			</report>
			<report>
				<misses>949001</misses>
				<total>81836</total>
				<timestamp>132.737744</timestamp>
			</report>
			<report>
				<misses>950001</misses>
				<total>82835</total>
				<timestamp>132.877566</timestamp>
			</report>
			<report>
				<misses>951001</misses>
				<total>83834</total>
				<timestamp>133.017391</timestamp>
			</report>
			<report>
				<misses>952001</misses>
				<total>84833</total>
				<timestamp>133.157250</timestamp>
			</report>
			<report>
				<misses>953001</misses>
				<total>85832</total>
				<timestamp>133.297218</timestamp>
			</report>
			<report>
				<misses>954001</misses>
				<total>86831</total>
				<timestamp>133.437248</timestamp>
			</report>
			<report>
				<misses>955001</misses>
				<total>87830</total>
				<timestamp>133.577140</timestamp>
			</report>
			<report>
				<misses>956001</misses>
				<total>88829</total>
				<timestamp>133.717022</timestamp>
			</report>
			<report>
				<misses>957001</misses>
				<total>89828</total>
				<timestamp>133.856842</timestamp>
			</report>
			<report>
				<misses>958001</misses>
				<total>90827</total>
				<timestamp>133.996775</timestamp>
			</report>
			<report>
				<misses>959001</misses>
				<total>91826</total>
				<timestamp>134.136623</timestamp>
			</report>
			<report>
				<misses>960001</misses>
				<total>92825</total>
				<timestamp>134.276446</timestamp>
			</report>
			<report>
				<misses>961001</misses>
				<total>93824</total>
				<timestamp>134.416271</timestamp>
			</report>
			<report>
				<misses>962001</misses>
				<total>94823</total>
				<timestamp>134.556137</timestamp>
			</report>
			<report>
				<misses>963001</misses>
				<total>95822</total>
				<timestamp>134.696008</timestamp>
			</report>
			<report>
				<misses>964001</misses>
				<total>96821</total>
				<timestamp>134.835852</timestamp>
			</report>
			<report>
				<misses>965001</misses>
				<total>97820</total>
				<timestamp>134.975771</timestamp>
			</report>
			<report>
				<misses>966001</misses>
				<total>98819</total>
				<timestamp>135.115655</timestamp>
			</report>
			<report>
				<misses>967001</misses>
				<total>99818</total>
				<timestamp>135.255474</timestamp>
			</report>
			<report>
				<misses>968001</misses>
				<total>100817</total>
				<timestamp>135.395305</timestamp>
			</report>
			<report>
				<misses>969001</misses>
				<total>101816</total>
				<timestamp>135.535177</timestamp>
			</report>
			<report>
				<misses>970001</misses>
				<total>102815</total>
				<timestamp>135.675056</timestamp>
			</report>
			<report>
				<misses>971001</misses>
				<total>103814</total>
				<timestamp>135.814978</timestamp>
			</report>
			<report>
				<misses>972001</misses>
				<total>104813</total>
				<timestamp>135.954887</timestamp>
			</report>
			<report>
				<misses>973001</misses>
				<total>105812</total>
				<timestamp>136.094760</timestamp>
			</report>
			<report>
				<misses>974001</misses>
				<total>106811</total>
				<timestamp>136.234654</timestamp>
			</report>
			<report>
				<misses>975001</misses>
				<total>107810</total>
				<timestamp>136.374493</timestamp>
			</report>
			<report>
				<misses>976001</misses>
				<total>108809</total>
				<timestamp>136.514344</timestamp>
			</report>
			<report>
				<misses>977001</misses>
				<total>109808</total>
				<timestamp>136.654236</timestamp>
			</report>
			<report>
				<misses>978001</misses>
				<total>110807</total>
				<timestamp>136.794154</timestamp>
			</report>
			<report>
				<misses>979001</misses>
				<total>111806</total>
				<timestamp>136.934037</timestamp>
			</report>
			<report>
				<misses>980001</misses>
				<total>112805</total>
				<timestamp>137.073942</timestamp>
			</report>
			<report>
				<misses>981001</misses>
				<total>113804</total>
				<timestamp>137.213797</timestamp>
			</report>
			<report>
				<misses>982001</misses>
				<total>114803</total>
				<timestamp>137.353715</timestamp>
			</report>
			<report>
				<misses>983001</misses>
				<total>115802</total>
				<timestamp>137.493665</timestamp>
			</report>
			<report>
				<misses>984001</misses>
				<total>116801</total>
				<timestamp>137.633502</timestamp>
			</report>
			<report>
				<misses>985001</misses>
				<total>117800</total>
				<timestamp>137.773332</timestamp>
			</report>
			<report>
				<misses>986001</misses>
				<total>118799</total>
				<timestamp>137.913268</timestamp>
			</report>
			<report>
				<misses>987001</misses>
				<total>119798</total>
				<timestamp>138.053073</timestamp>
			</report>
			<report>
				<misses>988001</misses>
				<total>120797</total>
				<timestamp>138.192925</timestamp>
			</report>
			<report>
				<misses>989001</misses>
				<total>121796</total>
				<timestamp>138.332782</timestamp>
			</report>
			<report>
				<misses>990001</misses>
				<total>122795</total>
				<timestamp>138.472638</timestamp>
			</report>
			<report>
				<misses>991001</misses>
				<total>123794</total>
				<timestamp>138.612560</timestamp>
			</report>
			<report>
				<misses>992001</misses>
				<total>124793</total>
				<timestamp>138.752350</timestamp>
			</report>
			<report>
				<misses>993001</misses>
				<total>125792</total>
				<timestamp>138.892220</timestamp>
			</report>
			<report>
				<misses>994001</misses>
				<total>126791</total>
				<timestamp>139.032090</timestamp>
			</report>
			<report>
				<misses>995001</misses>
				<total>127790</total>
				<timestamp>139.171983</timestamp>
			</report>
			<report>
				<misses>996001</misses>
				<total>128789</total>
				<timestamp>139.311828</timestamp>
			</report>
			<report>
				<misses>997001</misses>
				<total>129788</total>
				<timestamp>139.451674</timestamp>
			</report>
			<report>
				<misses>998001</misses>
				<total>130787</total>
				<timestamp>139.591549</timestamp>
			</report>
			<report>
				<misses>999001</misses>
				<total>131786</total>
				<timestamp>139.731369</timestamp>
			</report>
			<report>
				<misses>1000001</misses>
				<total>132785</total>
				<timestamp>139.871304</timestamp>
			</report>
			<report>
				<misses>1001001</misses>
				<total>133784</total>
				<timestamp>140.011156</timestamp>
			</report>
			<report>
				<misses>1002001</misses>
				<total>134783</total>
				<timestamp>140.151023</timestamp>
			</report>
			<report>
				<misses>1003001</misses>
				<total>135782</total>
				<timestamp>140.290812</timestamp>
			</report>
			<report>
				<misses>1004001</misses>
				<total>136781</total>
				<timestamp>140.430736</timestamp>
			</report>
			<report>
				<misses>1005001</misses>
				<total>137780</total>
				<timestamp>140.570562</timestamp>
			</report>
			<report>
				<misses>1006001</misses>
				<total>138779</total>
				<timestamp>140.710402</timestamp>
			</report>
			<report>
				<misses>1007001</misses>
				<total>139778</total>
				<timestamp>140.850260</timestamp>
			</report>
			<report>
				<misses>1008001</misses>
				<total>140777</total>
				<timestamp>140.990123</timestamp>
			</report>
			<report>
				<misses>1009001</misses>
				<total>141776</total>
				<timestamp>141.129961</timestamp>
			</report>
			<report>
				<misses>1010001</misses>
				<total>142775</total>
				<timestamp>141.269884</timestamp>
			</report>
			<report>
				<misses>1011001</misses>
				<total>143774</total>
				<timestamp>141.409723</timestamp>
			</report>
			<report>
				<misses>1012001</misses>
				<total>144773</total>
				<timestamp>141.549547</timestamp>
			</report>
			<report>
				<misses>1013001</misses>
				<total>145772</total>
				<timestamp>141.689447</timestamp>
			</report>
			<report>
				<misses>1014001</misses>
				<total>146771</total>
				<timestamp>141.829262</timestamp>
			</report>
			<report>
				<misses>1015001</misses>
				<total>147770</total>
				<timestamp>141.969125</timestamp>
			</report>
			<report>
				<misses>1016001</misses>
				<total>148769</total>
				<timestamp>142.109072</timestamp>
			</report>
			<report>
				<misses>1017001</misses>
				<total>149768</total>
				<timestamp>142.248876</timestamp>
			</report>
			<report>
				<misses>1018001</misses>
				<total>150767</total>
				<timestamp>142.388725</timestamp>
			</report>
			<report>
				<misses>1019001</misses>
				<total>151766</total>
				<timestamp>142.528580</timestamp>
			</report>
			<report>
				<misses>1020001</misses>
				<total>152765</total>
				<timestamp>142.668473</timestamp>
			</report>
			<report>
				<misses>1021001</misses>
				<total>153764</total>
				<timestamp>142.808332</timestamp>
			</report>
			<report>
				<misses>1022001</misses>
				<total>154763</total>
				<timestamp>142.948169</timestamp>
			</report>
			<report>
				<misses>1023001</misses>
				<total>155762</total>
				<timestamp>143.088105</timestamp>
			</report>
			<report>
				<misses>1024001</misses>
				<total>156761</total>
				<timestamp>143.227907</timestamp>
			</report>
			<report>
				<misses>1025001</misses>
				<total>157760</total>
				<timestamp>143.367884</timestamp>
			</report>
			<report>
				<misses>1026001</misses>
				<total>158759</total>
				<timestamp>143.507781</timestamp>
			</report>
			<report>
				<misses>1027001</misses>
				<total>159758</total>
				<timestamp>143.647662</timestamp>
			</report>
			<report>
				<misses>1028001</misses>
				<total>160757</total>
				<timestamp>143.787507</timestamp>
			</report>
			<report>
				<misses>1029001</misses>
				<total>161756</total>
				<timestamp>143.927315</timestamp>
			</report>
			<report>
				<misses>1030001</misses>
				<total>162755</total>
				<timestamp>144.067244</timestamp>
			</report>
			<report>
				<misses>1031001</misses>
				<total>163754</total>
				<timestamp>144.207058</timestamp>
			</report>
			<report>
				<misses>1032001</misses>
				<total>164753</total>
				<timestamp>144.346972</timestamp>
			</report>
			<report>
				<misses>1033001</misses>
				<total>165752</total>
				<timestamp>144.486779</timestamp>
			</report>
			<report>
				<misses>1034001</misses>
				<total>166751</total>
				<timestamp>144.626662</timestamp>
			</report>
			<report>
				<misses>1035001</misses>
				<total>167750</total>
				<timestamp>144.766590</timestamp>
			</report>
			<report>
				<misses>1036001</misses>
				<total>168439</total>
				<timestamp>144.906469</timestamp>
			</report>
			<report>
				<misses>1037001</misses>
				<total>168439</total>
				<timestamp>145.046423</timestamp>
			</report>
			<report>
				<misses>1038001</misses>
				<total>168439</total>
				<timestamp>145.186220</timestamp>
			</report>
			<report>
				<misses>1039001</misses>
				<total>168439</total>
				<timestamp>145.326036</timestamp>
			</report>
			<report>
				<misses>1040001</misses>
				<total>168439</total>
				<timestamp>145.465937</timestamp>
			</report>
			<report>
				<misses>1041001</misses>
				<total>168438</total>
				<timestamp>145.605871</timestamp>
			</report>
			<report>
				<misses>1042001</misses>
				<total>168439</total>
				<timestamp>145.745678</timestamp>
			</report>
			<report>
				<misses>1043001</misses>
				<total>168439</total>
				<timestamp>145.885498</timestamp>
			</report>
			<report>
				<misses>1044001</misses>
				<total>168439</total>
				<timestamp>146.025347</timestamp>
			</report>
			<report>
				<misses>1045001</misses>
				<total>168439</total>
				<timestamp>146.165254</timestamp>
			</report>
			<report>
				<misses>1046001</misses>
				<total>168439</total>
				<timestamp>146.305112</timestamp>
			</report>
			<report>
				<misses>1047001</misses>
				<total>168439</total>
				<timestamp>146.444982</timestamp>
			</report>
			<report>
				<misses>1048001</misses>
				<total>168439</total>
				<timestamp>146.584954</timestamp>
			</report>
			<report>
				<misses>1049001</misses>
				<total>168439</total>
				<timestamp>146.724785</timestamp>
			</report>
			<report>
				<misses>1050001</misses>
				<total>168438</total>
				<timestamp>146.864722</timestamp>
			</report>
			<report>
				<misses>1051001</misses>
				<total>168439</total>
				<timestamp>147.004505</timestamp>
			</report>
			<report>
				<misses>1052001</misses>
				<total>168438</total>
				<timestamp>147.144431</timestamp>
			</report>
			<report>
				<misses>1053001</misses>
				<total>168439</total>
				<timestamp>147.284220</timestamp>
			</report>
			<report>
				<misses>1054001</misses>
				<total>168438</total>
				<timestamp>147.424224</timestamp>
			</report>
			<report>
				<misses>1055001</misses>
				<total>168439</total>
				<timestamp>147.564092</timestamp>
			</report>
			<report>
				<misses>1056001</misses>
				<total>168439</total>
				<timestamp>147.704024</timestamp>
			</report>
			<report>
				<misses>1057001</misses>
				<total>168439</total>
				<timestamp>147.843888</timestamp>
			</report>
			<report>
				<misses>1058001</misses>
				<total>168442</total>
				<timestamp>147.983743</timestamp>
			</report>
			<report>
				<misses>1059001</misses>
				<total>168442</total>
				<timestamp>148.123581</timestamp>
			</report>
			<report>
				<misses>1060001</misses>
				<total>168442</total>
				<timestamp>148.263422</timestamp>
			</report>
			<report>
				<misses>1061001</misses>
				<total>168442</total>
				<timestamp>148.403277</timestamp>
			</report>
			<report>
				<misses>1062001</misses>
				<total>168442</total>
				<timestamp>148.543128</timestamp>
			</report>
			<report>
				<misses>1063001</misses>
				<total>168442</total>
				<timestamp>148.682983</timestamp>
			</report>
			<report>
				<misses>1064001</misses>
				<total>168442</total>
				<timestamp>148.822831</timestamp>
			</report>
			<report>
				<misses>1065001</misses>
				<total>168441</total>
				<timestamp>148.962769</timestamp>
			</report>
			<report>
				<misses>1066001</misses>
				<total>168442</total>
				<timestamp>149.102626</timestamp>
			</report>
			<report>
				<misses>1067001</misses>
				<total>168442</total>
				<timestamp>149.242434</timestamp>
			</report>
			<report>
				<misses>1068001</misses>
				<total>168442</total>
				<timestamp>149.382287</timestamp>
			</report>
			<report>
				<misses>1069001</misses>
				<total>168442</total>
				<timestamp>149.522215</timestamp>
			</report>
			<report>
				<misses>1070001</misses>
				<total>168442</total>
				<timestamp>149.662021</timestamp>
			</report>
			<report>
				<misses>1071001</misses>
				<total>168442</total>
				<timestamp>149.801869</timestamp>
			</report>
			<report>
				<misses>1072001</misses>
				<total>168442</total>
				<timestamp>149.941770</timestamp>
			</report>
			<report>
				<misses>1073001</misses>
				<total>168442</total>
				<timestamp>150.081579</timestamp>
			</report>
			<report>
				<misses>1074001</misses>
				<total>168444</total>
				<timestamp>150.221426</timestamp>
			</report>
			<report>
				<misses>1075001</misses>
				<total>168444</total>
				<timestamp>150.361302</timestamp>
			</report>
			<report>
				<misses>1076001</misses>
				<total>168444</total>
				<timestamp>150.501160</timestamp>
			</report>
			<report>
				<misses>1077001</misses>
				<total>168443</total>
				<timestamp>150.641085</timestamp>
			</report>
			<report>
				<misses>1078001</misses>
				<total>168443</total>
				<timestamp>150.780998</timestamp>
			</report>
			<report>
				<misses>1079001</misses>
				<total>168444</total>
				<timestamp>150.920929</timestamp>
			</report>
			<report>
				<misses>1080001</misses>
				<total>168444</total>
				<timestamp>151.060739</timestamp>
			</report>
			<report>
				<misses>1081001</misses>
				<total>168444</total>
				<timestamp>151.200599</timestamp>
			</report>
			<report>
				<misses>1082001</misses>
				<total>168443</total>
				<timestamp>151.340552</timestamp>
			</report>
			<report>
				<misses>1083001</misses>
				<total>168444</total>
				<timestamp>151.480321</timestamp>
			</report>
			<report>
				<misses>1084001</misses>
				<total>168444</total>
				<timestamp>151.620169</timestamp>
			</report>
			<report>
				<misses>1085001</misses>
				<total>168444</total>
				<timestamp>151.760047</timestamp>
			</report>
			<report>
				<misses>1086001</misses>
				<total>168444</total>
				<timestamp>151.899899</timestamp>
			</report>
			<report>
				<misses>1087001</misses>
				<total>168444</total>
				<timestamp>152.039755</timestamp>
			</report>
			<report>
				<misses>1088001</misses>
				<total>168444</total>
				<timestamp>152.179656</timestamp>
			</report>
			<report>
				<misses>1089001</misses>
				<total>168444</total>
				<timestamp>152.319529</timestamp>
			</report>
			<report>
				<misses>1090001</misses>
				<total>168444</total>
				<timestamp>152.459331</timestamp>
			</report>
			<report>
				<misses>1091001</misses>
				<total>168445</total>
				<timestamp>152.599222</timestamp>
			</report>
			<report>
				<misses>1092001</misses>
				<total>168445</total>
				<timestamp>152.739066</timestamp>
			</report>
			<report>
				<misses>1093001</misses>
				<total>168446</total>
				<timestamp>152.878906</timestamp>
			</report>
			<report>
				<misses>1094001</misses>
				<total>168445</total>
				<timestamp>153.018787</timestamp>
			</report>
			<report>
				<misses>1095001</misses>
				<total>168445</total>
				<timestamp>153.158735</timestamp>
			</report>
			<report>
				<misses>1096001</misses>
				<total>168445</total>
				<timestamp>153.298655</timestamp>
			</report>
			<report>
				<misses>1097001</misses>
				<total>168445</total>
				<timestamp>153.438571</timestamp>
			</report>
			<report>
				<misses>1098001</misses>
				<total>168445</total>
				<timestamp>153.578354</timestamp>
			</report>
			<report>
				<misses>1099001</misses>
				<total>168445</total>
				<timestamp>153.718210</timestamp>
			</report>
			<report>
				<misses>1100001</misses>
				<total>168445</total>
				<timestamp>153.858110</timestamp>
			</report>
			<report>
				<misses>1101001</misses>
				<total>168445</total>
				<timestamp>153.997998</timestamp>
			</report>
			<report>
				<misses>1102001</misses>
				<total>168445</total>
				<timestamp>154.137823</timestamp>
			</report>
			<report>
				<misses>1103001</misses>
				<total>168444</total>
				<timestamp>154.277760</timestamp>
			</report>
			<report>
				<misses>1104001</misses>
				<total>168445</total>
				<timestamp>154.417696</timestamp>
			</report>
			<report>
				<misses>1105001</misses>
				<total>168444</total>
				<timestamp>154.557674</timestamp>
			</report>
			<report>
				<misses>1106001</misses>
				<total>168444</total>
				<timestamp>154.697534</timestamp>
			</report>
			<report>
				<misses>1107001</misses>
				<total>168448</total>
				<timestamp>154.837438</timestamp>
			</report>
			<report>
				<misses>1108001</misses>
				<total>168448</total>
				<timestamp>154.977279</timestamp>
			</report>
			<report>
				<misses>1109001</misses>
				<total>168448</total>
				<timestamp>155.117139</timestamp>
			</report>
			<report>
				<misses>1110001</misses>
				<total>168448</total>
				<timestamp>155.256997</timestamp>
			</report>
			<report>
				<misses>1111001</misses>
				<total>168448</total>
				<timestamp>155.396806</timestamp>
			</report>
			<report>
				<misses>1112001</misses>
				<total>168448</total>
				<timestamp>155.536679</timestamp>
			</report>
			<report>
				<misses>1113001</misses>
				<total>168448</total>
				<timestamp>155.676565</timestamp>
			</report>
			<report>
				<misses>1114001</misses>
				<total>168447</total>
				<timestamp>155.816516</timestamp>
			</report>
			<report>
				<misses>1115001</misses>
				<total>168448</total>
				<timestamp>155.956400</timestamp>
			</report>
			<report>
				<misses>1116001</misses>
				<total>168448</total>
				<timestamp>156.096306</timestamp>
			</report>
			<report>
				<misses>1117001</misses>
				<total>168448</total>
				<timestamp>156.236111</timestamp>
			</report>
			<report>
				<misses>1118001</misses>
				<total>168447</total>
				<timestamp>156.376097</timestamp>
			</report>
			<report>
				<misses>1119001</misses>
				<total>168449</total>
				<timestamp>156.516005</timestamp>
			</report>
			<report>
				<misses>1120001</misses>
				<total>168449</total>
				<timestamp>156.655890</timestamp>
			</report>
			<report>
				<misses>1121001</misses>
				<total>168449</total>
				<timestamp>156.795739</timestamp>
			</report>
			<report>
				<misses>1122001</misses>
				<total>168449</total>
				<timestamp>156.935564</timestamp>
			</report>
			<report>
				<misses>1123001</misses>
				<total>168449</total>
				<timestamp>157.075406</timestamp>
			</report>
			<report>
				<misses>1124001</misses>
				<total>168449</total>
				<timestamp>157.215276</timestamp>
			</report>
			<report>
				<misses>1125001</misses>
				<total>168449</total>
				<timestamp>157.355158</timestamp>
			</report>
			<report>
				<misses>1126001</misses>
				<total>168449</total>
				<timestamp>157.495025</timestamp>
			</report>
			<report>
				<misses>1127001</misses>
				<total>168449</total>
				<timestamp>157.634883</timestamp>
			</report>
			<report>
				<misses>1128001</misses>
				<total>168450</total>
				<timestamp>157.774763</timestamp>
			</report>
			<report>
				<misses>1129001</misses>
				<total>168452</total>
				<timestamp>157.914652</timestamp>
			</report>
			<report>
				<misses>1130001</misses>
				<total>168453</total>
				<timestamp>158.054578</timestamp>
			</report>
			<report>
				<misses>1131001</misses>
				<total>168454</total>
				<timestamp>158.194530</timestamp>
			</report>
			<report>
				<misses>1132001</misses>
				<total>168454</total>
				<timestamp>158.334287</timestamp>
			</report>
			<report>
				<misses>1133001</misses>
				<total>168454</total>
				<timestamp>158.474139</timestamp>
			</report>
			<report>
				<misses>1134001</misses>
				<total>168454</total>
				<timestamp>158.614018</timestamp>
			</report>
			<report>
				<misses>1135001</misses>
				<total>168454</total>
				<timestamp>158.753895</timestamp>
			</report>
			<report>
				<misses>1136001</misses>
				<total>168454</total>
				<timestamp>158.893778</timestamp>
			</report>
			<report>
				<misses>1137001</misses>
				<total>168454</total>
				<timestamp>159.033612</timestamp>
			</report>
			<report>
				<misses>1138001</misses>
				<total>168454</total>
				<timestamp>159.173498</timestamp>
			</report>
			<report>
				<misses>1139001</misses>
				<total>168453</total>
				<timestamp>159.313378</timestamp>
			</report>
			<report>
				<misses>1140001</misses>
				<total>168454</total>
				<timestamp>159.453193</timestamp>
			</report>
			<report>
				<misses>1141001</misses>
				<total>168454</total>
				<timestamp>159.593019</timestamp>
			</report>
			<report>
				<misses>1142001</misses>
				<total>168454</total>
				<timestamp>159.732890</timestamp>
			</report>
			<report>
				<misses>1143001</misses>
				<total>168453</total>
				<timestamp>159.872804</timestamp>
			</report>
			<report>
				<misses>1144001</misses>
				<total>168454</total>
				<timestamp>160.012637</timestamp>
			</report>
			<report>
				<misses>1145001</misses>
				<total>168454</total>
				<timestamp>160.152568</timestamp>
			</report>
			<report>
				<misses>1146001</misses>
				<total>168455</total>
				<timestamp>160.292387</timestamp>
			</report>
			<report>
				<misses>1147001</misses>
				<total>168455</total>
				<timestamp>160.432275</timestamp>
			</report>
			<report>
				<misses>1148001</misses>
				<total>168458</total>
				<timestamp>160.572069</timestamp>
			</report>
			<report>
				<misses>1149001</misses>
				<total>168458</total>
				<timestamp>160.711931</timestamp>
			</report>
			<report>
				<misses>1150001</misses>
				<total>168458</total>
				<timestamp>160.851788</timestamp>
			</report>
			<report>
				<misses>1151001</misses>
				<total>168458</total>
				<timestamp>160.991643</timestamp>
			</report>
			<report>
				<misses>1152001</misses>
				<total>168458</total>
				<timestamp>161.131541</timestamp>
			</report>
			<report>
				<misses>1153001</misses>
				<total>168458</total>
				<timestamp>161.271430</timestamp>
			</report>
			<report>
				<misses>1154001</misses>
				<total>168457</total>
				<timestamp>161.411264</timestamp>
			</report>
			<report>
				<misses>1155001</misses>
				<total>168458</total>
				<timestamp>161.551112</timestamp>
			</report>
			<report>
				<misses>1156001</misses>
				<total>168458</total>
				<timestamp>161.690969</timestamp>
			</report>
			<report>
				<misses>1157001</misses>
				<total>168458</total>
				<timestamp>161.830791</timestamp>
			</report>
			<report>
				<misses>1158001</misses>
				<total>168457</total>
				<timestamp>161.970753</timestamp>
			</report>
			<report>
				<misses>1159001</misses>
				<total>168458</total>
				<timestamp>162.110639</timestamp>
			</report>
			<report>
				<misses>1160001</misses>
				<total>168459</total>
				<timestamp>162.250640</timestamp>
			</report>
			<report>
				<misses>1161001</misses>
				<total>168460</total>
				<timestamp>162.390519</timestamp>
			</report>
			<report>
				<misses>1162001</misses>
				<total>168460</total>
				<timestamp>162.530381</timestamp>
			</report>
			<report>
				<misses>1163001</misses>
				<total>168460</total>
				<timestamp>162.670228</timestamp>
			</report>
			<report>
				<misses>1164001</misses>
				<total>168460</total>
				<timestamp>162.810140</timestamp>
			</report>
			<report>
				<misses>1165001</misses>
				<total>168460</total>
				<timestamp>162.949965</timestamp>
			</report>
			<report>
				<misses>1166001</misses>
				<total>168460</total>
				<timestamp>163.089814</timestamp>
			</report>
			<report>
				<misses>1167001</misses>
				<total>168460</total>
				<timestamp>163.229693</timestamp>
			</report>
			<report>
				<misses>1168001</misses>
				<total>168461</total>
				<timestamp>163.369552</timestamp>
			</report>
			<report>
				<misses>1169001</misses>
				<total>168459</total>
				<timestamp>163.509490</timestamp>
			</report>
			<report>
				<misses>1170001</misses>
				<total>168460</total>
				<timestamp>163.649251</timestamp>
			</report>
			<report>
				<misses>1171001</misses>
				<total>168460</total>
				<timestamp>163.789125</timestamp>
			</report>
			<report>
				<misses>1172001</misses>
				<total>168459</total>
				<timestamp>163.929087</timestamp>
			</report>
			<report>
				<misses>1173001</misses>
				<total>168460</total>
				<timestamp>164.069064</timestamp>
			</report>
			<report>
				<misses>1174001</misses>
				<total>168460</total>
				<timestamp>164.208856</timestamp>
			</report>
			<report>
				<misses>1175001</misses>
				<total>168460</total>
				<timestamp>164.348689</timestamp>
			</report>
			<report>
				<misses>1176001</misses>
				<total>168460</total>
				<timestamp>164.488596</timestamp>
			</report>
			<report>
				<misses>1177001</misses>
				<total>168460</total>
				<timestamp>164.628467</timestamp>
			</report>
			<report>
				<misses>1178001</misses>
				<total>168460</total>
				<timestamp>164.768288</timestamp>
			</report>
			<report>
				<misses>1179001</misses>
				<total>168460</total>
				<timestamp>164.908127</timestamp>
			</report>
			<report>
				<misses>1180001</misses>
				<total>168460</total>
				<timestamp>165.047985</timestamp>
			</report>
			<report>
				<misses>1181001</misses>
				<total>168460</total>
				<timestamp>165.187909</timestamp>
			</report>
			<report>
				<misses>1182001</misses>
				<total>168459</total>
				<timestamp>165.327820</timestamp>
			</report>
			<report>
				<misses>1183001</misses>
				<total>168460</total>
				<timestamp>165.467716</timestamp>
			</report>
			<report>
				<misses>1184001</misses>
				<total>168460</total>
				<timestamp>165.607616</timestamp>
			</report>
			<report>
				<misses>1185001</misses>
				<total>168460</total>
				<timestamp>165.747470</timestamp>
			</report>
			<report>
				<misses>1186001</misses>
				<total>168460</total>
				<timestamp>165.887341</timestamp>
			</report>
			<report>
				<misses>1187001</misses>
				<total>168459</total>
				<timestamp>166.027236</timestamp>
			</report>
			<report>
				<misses>1188001</misses>
				<total>168460</total>
				<timestamp>166.167011</timestamp>
			</report>
			<report>
				<misses>1189001</misses>
				<total>168460</total>
				<timestamp>166.306892</timestamp>
			</report>
			<report>
				<misses>1190001</misses>
				<total>168460</total>
				<timestamp>166.446750</timestamp>
			</report>
			<report>
				<misses>1191001</misses>
				<total>168461</total>
				<timestamp>166.586633</timestamp>
			</report>
			<report>
				<misses>1192001</misses>
				<total>168461</total>
				<timestamp>166.726552</timestamp>
			</report>
			<report>
				<misses>1193001</misses>
				<total>168461</total>
				<timestamp>166.866395</timestamp>
			</report>
			<report>
				<misses>1194001</misses>
				<total>168461</total>
				<timestamp>167.006224</timestamp>
			</report>
			<report>
				<misses>1195001</misses>
				<total>168461</total>
				<timestamp>167.146038</timestamp>
			</report>
			<report>
				<misses>1196001</misses>
				<total>168461</total>
				<timestamp>167.285902</timestamp>
			</report>
			<report>
				<misses>1197001</misses>
				<total>168461</total>
				<timestamp>167.425801</timestamp>
			</report>
			<report>
				<misses>1198001</misses>
				<total>168460</total>
				<timestamp>167.565720</timestamp>
			</report>
			<report>
				<misses>1199001</misses>
				<total>168461</total>
				<timestamp>167.705624</timestamp>
			</report>
			<report>
				<misses>1200001</misses>
				<total>168461</total>
				<timestamp>167.845506</timestamp>
			</report>
			<report>
				<misses>1201001</misses>
				<total>168461</total>
				<timestamp>167.985316</timestamp>
			</report>
			<report>
				<misses>1202001</misses>
				<total>168461</total>
				<timestamp>168.125205</timestamp>
			</report>
			<report>
				<misses>1203001</misses>
				<total>168461</total>
				<timestamp>168.265062</timestamp>
			</report>
			<report>
				<misses>1204001</misses>
				<total>168460</total>
				<timestamp>168.404943</timestamp>
			</report>
			<report>
				<misses>1205001</misses>
				<total>168460</total>
				<timestamp>168.544878</timestamp>
			</report>
			<report>
				<misses>1206001</misses>
				<total>168463</total>
				<timestamp>168.684804</timestamp>
			</report>
			<report>
				<misses>1207001</misses>
				<total>168463</total>
				<timestamp>168.824632</timestamp>
			</report>
			<report>
				<misses>1208001</misses>
				<total>168462</total>
				<timestamp>168.964573</timestamp>
			</report>
			<report>
				<misses>1209001</misses>
				<total>168462</total>
				<timestamp>169.104448</timestamp>
			</report>
			<report>
				<misses>1210001</misses>
				<total>168471</total>
				<timestamp>169.244204</timestamp>
			</report>
			<report>
				<misses>1211001</misses>
				<total>168481</total>
				<timestamp>169.384128</timestamp>
			</report>
			<report>
				<misses>1212001</misses>
				<total>168482</total>
				<timestamp>169.524016</timestamp>
			</report>
			<report>
				<misses>1213001</misses>
				<total>168483</total>
				<timestamp>169.663829</timestamp>
			</report>
			<report>
				<misses>1214001</misses>
				<total>168483</total>
				<timestamp>169.803694</timestamp>
			</report>
			<report>
				<misses>1215001</misses>
				<total>168483</total>
				<timestamp>169.943530</timestamp>
			</report>
			<report>
				<misses>1216001</misses>
				<total>168482</total>
				<timestamp>170.083474</timestamp>
			</report>
			<report>
				<misses>1217001</misses>
				<total>168483</total>
				<timestamp>170.223444</timestamp>
			</report>
			<report>
				<misses>1218001</misses>
				<total>168483</total>
				<timestamp>170.363286</timestamp>
			</report>
			<report>
				<misses>1219001</misses>
				<total>168482</total>
				<timestamp>170.503188</timestamp>
			</report>
			<report>
				<misses>1220001</misses>
				<total>168482</total>
				<timestamp>170.643073</timestamp>
			</report>
			<report>
				<misses>1221001</misses>
				<total>168483</total>
				<timestamp>170.782963</timestamp>
			</report>
			<report>
				<misses>1222001</misses>
				<total>168483</total>
				<timestamp>170.922813</timestamp>
			</report>
			<report>
				<misses>1223001</misses>
				<total>168483</total>
				<timestamp>171.062700</timestamp>
			</report>
			<report>
				<misses>1224001</misses>
				<total>168483</total>
				<timestamp>171.202598</timestamp>
			</report>
			<report>
				<misses>1225001</misses>
				<total>168489</total>
				<timestamp>171.342461</timestamp>
			</report>
			<report>
				<misses>1226001</misses>
				<total>168489</total>
				<timestamp>171.482300</timestamp>
			</report>
			<report>
				<misses>1227001</misses>
				<total>168489</total>
				<timestamp>171.622113</timestamp>
			</report>
			<report>
				<misses>1228001</misses>
				<total>168489</total>
				<timestamp>171.762021</timestamp>
			</report>
			<report>
				<misses>1229001</misses>
				<total>168489</total>
				<timestamp>171.901856</timestamp>
			</report>
			<report>
				<misses>1230001</misses>
				<total>168488</total>
				<timestamp>172.041755</timestamp>
			</report>
			<report>
				<misses>1231001</misses>
				<total>168489</total>
				<timestamp>172.181564</timestamp>
			</report>
			<report>
				<misses>1232001</misses>
				<total>168489</total>
				<timestamp>172.321430</timestamp>
			</report>
			<report>
				<misses>1233001</misses>
				<total>168489</total>
				<timestamp>172.461279</timestamp>
			</report>
			<report>
				<misses>1234001</misses>
				<total>168489</total>
				<timestamp>172.601139</timestamp>
			</report>
			<report>
				<misses>1235001</misses>
				<total>168489</total>
				<timestamp>172.741058</timestamp>
			</report>
			<report>
				<misses>1236001</misses>
				<total>168489</total>
				<timestamp>172.880874</timestamp>
			</report>
			<report>
				<misses>1237001</misses>
				<total>168489</total>
				<timestamp>173.020725</timestamp>
			</report>
			<report>
				<misses>1238001</misses>
				<total>168489</total>
				<timestamp>173.160563</timestamp>
			</report>
			<report>
				<misses>1239001</misses>
				<total>168489</total>
				<timestamp>173.300458</timestamp>
			</report>
			<report>
				<misses>1240001</misses>
				<total>168489</total>
				<timestamp>173.440290</timestamp>
			</report>
			<report>
				<misses>1241001</misses>
				<total>168489</total>
				<timestamp>173.580185</timestamp>
			</report>
			<report>
				<misses>1242001</misses>
				<total>168489</total>
				<timestamp>173.720005</timestamp>
			</report>
			<report>
				<misses>1243001</misses>
				<total>168488</total>
				<timestamp>173.859966</timestamp>
			</report>
			<report>
				<misses>1244001</misses>
				<total>168489</total>
				<timestamp>173.999781</timestamp>
			</report>
			<report>
				<misses>1245001</misses>
				<total>168488</total>
				<timestamp>174.139768</timestamp>
			</report>
			<report>
				<misses>1246001</misses>
				<total>168490</total>
				<timestamp>174.279616</timestamp>
			</report>
			<report>
				<misses>1247001</misses>
				<total>168490</total>
				<timestamp>174.419527</timestamp>
			</report>
			<report>
				<misses>1248001</misses>
				<total>168490</total>
				<timestamp>174.559306</timestamp>
			</report>
			<report>
				<misses>1249001</misses>
				<total>168490</total>
				<timestamp>174.699181</timestamp>
			</report>
			<report>
				<misses>1250001</misses>
				<total>168490</total>
				<timestamp>174.839103</timestamp>
			</report>
			<report>
				<misses>1251001</misses>
				<total>168489</total>
				<timestamp>174.979009</timestamp>
			</report>
			<report>
				<misses>1252001</misses>
				<total>168493</total>
				<timestamp>175.118957</timestamp>
			</report>
			<report>
				<misses>1253001</misses>
				<total>168493</total>
				<timestamp>175.258788</timestamp>
			</report>
			<report>
				<misses>1254001</misses>
				<total>168493</total>
				<timestamp>175.398640</timestamp>
			</report>
			<report>
				<misses>1255001</misses>
				<total>168493</total>
				<timestamp>175.538535</timestamp>
			</report>
			<report>
				<misses>1256001</misses>
				<total>168493</total>
				<timestamp>175.678362</timestamp>
			</report>
			<report>
				<misses>1257001</misses>
				<total>168493</total>
				<timestamp>175.818192</timestamp>
			</report>
			<report>
				<misses>1258001</misses>
				<total>168493</total>
				<timestamp>175.958086</timestamp>
			</report>
			<report>
				<misses>1259001</misses>
				<total>168492</total>
				<timestamp>176.097980</timestamp>
			</report>
			<report>
				<misses>1260001</misses>
				<total>168493</total>
				<timestamp>176.237763</timestamp>
			</report>
			<report>
				<misses>1261001</misses>
				<total>168493</total>
				<timestamp>176.377654</timestamp>
			</report>
			<report>
				<misses>1262001</misses>
				<total>168492</total>
				<timestamp>176.517558</timestamp>
			</report>
			<report>
				<misses>1263001</misses>
				<total>168493</total>
				<timestamp>176.657404</timestamp>
			</report>
			<report>
				<misses>1264001</misses>
				<total>168492</total>
				<timestamp>176.797273</timestamp>
			</report>
			<report>
				<misses>1265001</misses>
				<total>168492</total>
				<timestamp>176.937204</timestamp>
			</report>
			<report>
				<misses>1266001</misses>
				<total>168493</total>
				<timestamp>177.077113</timestamp>
			</report>
			<report>
				<misses>1267001</misses>
				<total>168493</total>
				<timestamp>177.216945</timestamp>
			</report>
			<report>
				<misses>1268001</misses>
				<total>168493</total>
				<timestamp>177.356828</timestamp>
			</report>
			<report>
				<misses>1269001</misses>
				<total>168492</total>
				<timestamp>177.496723</timestamp>
			</report>
			<report>
				<misses>1270001</misses>
				<total>168493</total>
				<timestamp>177.636579</timestamp>
			</report>
			<report>
				<misses>1271001</misses>
				<total>168493</total>
				<timestamp>177.776398</timestamp>
			</report>
			<report>
				<misses>1272001</misses>
				<total>168492</total>
				<timestamp>177.916325</timestamp>
			</report>
			<report>
				<misses>1273001</misses>
				<total>168493</total>
				<timestamp>178.056155</timestamp>
			</report>
			<report>
				<misses>1274001</misses>
				<total>168493</total>
				<timestamp>178.196005</timestamp>
			</report>
			<report>
				<misses>1275001</misses>
				<total>168493</total>
				<timestamp>178.335822</timestamp>
			</report>
			<report>
				<misses>1276001</misses>
				<total>168493</total>
				<timestamp>178.475684</timestamp>
			</report>
			<report>
				<misses>1277001</misses>
				<total>168493</total>
				<timestamp>178.615555</timestamp>
			</report>
			<report>
				<misses>1278001</misses>
				<total>168493</total>
				<timestamp>178.755435</timestamp>
			</report>
			<report>
				<misses>1279001</misses>
				<total>168493</total>
				<timestamp>178.895248</timestamp>
			</report>
			<report>
				<misses>1280001</misses>
				<total>168492</total>
				<timestamp>179.035158</timestamp>
			</report>
			<report>
				<misses>1281001</misses>
				<total>168493</total>
				<timestamp>179.174969</timestamp>
			</report>
			<report>
				<misses>1282001</misses>
				<total>168492</total>
				<timestamp>179.314887</timestamp>
			</report>
			<report>
				<misses>1283001</misses>
				<total>168493</total>
				<timestamp>179.454691</timestamp>
			</report>
			<report>
				<misses>1284001</misses>
				<total>168493</total>
				<timestamp>179.594566</timestamp>
			</report>
			<report>
				<misses>1285001</misses>
				<total>168492</total>
				<timestamp>179.734474</timestamp>
			</report>
			<report>
				<misses>1286001</misses>
				<total>168493</total>
				<timestamp>179.874290</timestamp>
			</report>
			<report>
				<misses>1287001</misses>
				<total>168493</total>
				<timestamp>180.014176</timestamp>
			</report>
			<report>
				<misses>1288001</misses>
				<total>168492</total>
				<timestamp>180.154042</timestamp>
			</report>
			<report>
				<misses>1289001</misses>
				<total>168493</total>
				<timestamp>180.293860</timestamp>
			</report>
			<report>
				<misses>1290001</misses>
				<total>168493</total>
				<timestamp>180.433760</timestamp>
			</report>
			<report>
				<misses>1291001</misses>
				<total>168492</total>
				<timestamp>180.573632</timestamp>
			</report>
			<report>
				<misses>1292001</misses>
				<total>168493</total>
				<timestamp>180.713453</timestamp>
			</report>
			<report>
				<misses>1293001</misses>
				<total>168493</total>
				<timestamp>180.853306</timestamp>
			</report>
			<report>
				<misses>1294001</misses>
				<total>168493</total>
				<timestamp>180.993141</timestamp>
			</report>
			<report>
				<misses>1295001</misses>
				<total>168493</total>
				<timestamp>181.133020</timestamp>
			</report>
			<report>
				<misses>1296001</misses>
				<total>168493</total>
				<timestamp>181.272897</timestamp>
			</report>
			<report>
				<misses>1297001</misses>
				<total>168493</total>
				<timestamp>181.412727</timestamp>
			</report>
			<report>
				<misses>1298001</misses>
				<total>168493</total>
				<timestamp>181.552580</timestamp>
			</report>
			<report>
				<misses>1299001</misses>
				<total>168493</total>
				<timestamp>181.692539</timestamp>
			</report>
			<report>
				<misses>1300001</misses>
				<total>168493</total>
				<timestamp>181.832350</timestamp>
			</report>
			<report>
				<misses>1301001</misses>
				<total>168496</total>
				<timestamp>181.972221</timestamp>
			</report>
			<report>
				<misses>1302001</misses>
				<total>168495</total>
				<timestamp>182.112164</timestamp>
			</report>
			<report>
				<misses>1303001</misses>
				<total>168496</total>
				<timestamp>182.252049</timestamp>
			</report>
			<report>
				<misses>1304001</misses>
				<total>168496</total>
				<timestamp>182.391969</timestamp>
			</report>
			<report>
				<misses>1305001</misses>
				<total>168498</total>
				<timestamp>182.531779</timestamp>
			</report>
			<report>
				<misses>1306001</misses>
				<total>168498</total>
				<timestamp>182.671636</timestamp>
			</report>
			<report>
				<misses>1307001</misses>
				<total>168497</total>
				<timestamp>182.811572</timestamp>
			</report>
			<report>
				<misses>1308001</misses>
				<total>168498</total>
				<timestamp>182.951417</timestamp>
			</report>
			<report>
				<misses>1309001</misses>
				<total>168498</total>
				<timestamp>183.091237</timestamp>
			</report>
			<report>
				<misses>1310001</misses>
				<total>168498</total>
				<timestamp>183.231067</timestamp>
			</report>
			<report>
				<misses>1311001</misses>
				<total>168497</total>
				<timestamp>183.371000</timestamp>
			</report>
			<report>
				<misses>1312001</misses>
				<total>168498</total>
				<timestamp>183.510772</timestamp>
			</report>
			<report>
				<misses>1313001</misses>
				<total>168498</total>
				<timestamp>183.650657</timestamp>
			</report>
			<report>
				<misses>1314001</misses>
				<total>168497</total>
				<timestamp>183.790593</timestamp>
			</report>
			<report>
				<misses>1315001</misses>
				<total>168498</total>
				<timestamp>183.930517</timestamp>
			</report>
			<report>
				<misses>1316001</misses>
				<total>168498</total>
				<timestamp>184.070393</timestamp>
			</report>
			<report>
				<misses>1317001</misses>
				<total>168498</total>
				<timestamp>184.210220</timestamp>
			</report>
			<report>
				<misses>1318001</misses>
				<total>168498</total>
				<timestamp>184.350074</timestamp>
			</report>
			<report>
				<misses>1319001</misses>
				<total>168498</total>
				<timestamp>184.489938</timestamp>
			</report>
			<report>
				<misses>1320001</misses>
				<total>168498</total>
				<timestamp>184.629803</timestamp>
			</report>
			<report>
				<misses>1321001</misses>
				<total>168498</total>
				<timestamp>184.769681</timestamp>
			</report>
			<report>
				<misses>1322001</misses>
				<total>168498</total>
				<timestamp>184.909544</timestamp>
			</report>
			<report>
				<misses>1323001</misses>
				<total>168497</total>
				<timestamp>185.049455</timestamp>
			</report>
			<report>
				<misses>1324001</misses>
				<total>168498</total>
				<timestamp>185.189347</timestamp>
			</report>
			<report>
				<misses>1325001</misses>
				<total>168498</total>
				<timestamp>185.329361</timestamp>
			</report>
			<report>
				<misses>1326001</misses>
				<total>168498</total>
				<timestamp>185.469246</timestamp>
			</report>
			<report>
				<misses>1327001</misses>
				<total>168499</total>
				<timestamp>185.609089</timestamp>
			</report>
			<report>
				<misses>1328001</misses>
				<total>168499</total>
				<timestamp>185.748969</timestamp>
			</report>
			<report>
				<misses>1329001</misses>
				<total>168499</total>
				<timestamp>185.888822</timestamp>
			</report>
			<report>
				<misses>1330001</misses>
				<total>168498</total>
				<timestamp>186.028792</timestamp>
			</report>
			<report>
				<misses>1331001</misses>
				<total>168499</total>
				<timestamp>186.168716</timestamp>
			</report>
			<report>
				<misses>1332001</misses>
				<total>168499</total>
				<timestamp>186.308570</timestamp>
			</report>
			<report>
				<misses>1333001</misses>
				<total>168499</total>
				<timestamp>186.448434</timestamp>
			</report>
			<report>
				<misses>1334001</misses>
				<total>168499</total>
				<timestamp>186.588266</timestamp>
			</report>
			<report>
				<misses>1335001</misses>
				<total>168499</total>
				<timestamp>186.728171</timestamp>
			</report>
			<report>
				<misses>1336001</misses>
				<total>168499</total>
				<timestamp>186.868026</timestamp>
			</report>
			<report>
				<misses>1337001</misses>
				<total>168499</total>
				<timestamp>187.007865</timestamp>
			</report>
			<report>
				<misses>1338001</misses>
				<total>168499</total>
				<timestamp>187.147688</timestamp>
			</report>
			<report>
				<misses>1339001</misses>
				<total>168499</total>
				<timestamp>187.287551</timestamp>
			</report>
			<report>
				<misses>1340001</misses>
				<total>168499</total>
				<timestamp>187.427451</timestamp>
			</report>
			<report>
				<misses>1341001</misses>
				<total>168499</total>
				<timestamp>187.567305</timestamp>
			</report>
			<report>
				<misses>1342001</misses>
				<total>168498</total>
				<timestamp>187.707258</timestamp>
			</report>
			<report>
				<misses>1343001</misses>
				<total>168499</total>
				<timestamp>187.847195</timestamp>
			</report>
			<report>
				<misses>1344001</misses>
				<total>168499</total>
				<timestamp>187.987042</timestamp>
			</report>
			<report>
				<misses>1345001</misses>
				<total>168501</total>
				<timestamp>188.126958</timestamp>
			</report>
			<report>
				<misses>1346001</misses>
				<total>168502</total>
				<timestamp>188.266859</timestamp>
			</report>
			<report>
				<misses>1347001</misses>
				<total>168502</total>
				<timestamp>188.406736</timestamp>
			</report>
			<report>
				<misses>1348001</misses>
				<total>168501</total>
				<timestamp>188.546709</timestamp>
			</report>
			<report>
				<misses>1349001</misses>
				<total>168502</total>
				<timestamp>188.686590</timestamp>
			</report>
			<report>
				<misses>1350001</misses>
				<total>168501</total>
				<timestamp>188.826507</timestamp>
			</report>
			<report>
				<misses>1351001</misses>
				<total>168502</total>
				<timestamp>188.966346</timestamp>
			</report>
			<report>
				<misses>1352001</misses>
				<total>168502</total>
				<timestamp>189.106210</timestamp>
			</report>
			<report>
				<misses>1353001</misses>
				<total>168502</total>
				<timestamp>189.246012</timestamp>
			</report>
			<report>
				<misses>1354001</misses>
				<total>168502</total>
				<timestamp>189.385885</timestamp>
			</report>
			<report>
				<misses>1355001</misses>
				<total>168509</total>
				<timestamp>189.525869</timestamp>
			</report>
			<report>
				<misses>1356001</misses>
				<total>168508</total>
				<timestamp>189.665826</timestamp>
			</report>
			<report>
				<misses>1357001</misses>
				<total>168509</total>
				<timestamp>189.805597</timestamp>
			</report>
			<report>
				<misses>1358001</misses>
				<total>168508</total>
				<timestamp>189.945580</timestamp>
			</report>
			<report>
				<misses>1359001</misses>
				<total>168509</total>
				<timestamp>190.085455</timestamp>
			</report>
			<report>
				<misses>1360001</misses>
				<total>168508</total>
				<timestamp>190.225447</timestamp>
			</report>
			<report>
				<misses>1361001</misses>
				<total>168509</total>
				<timestamp>190.365332</timestamp>
			</report>
			<report>
				<misses>1362001</misses>
				<total>168509</total>
				<timestamp>190.505166</timestamp>
			</report>
			<report>
				<misses>1363001</misses>
				<total>168509</total>
				<timestamp>190.645036</timestamp>
			</report>
			<report>
				<misses>1364001</misses>
				<total>168509</total>
				<timestamp>190.784909</timestamp>
			</report>
			<report>
				<misses>1365001</misses>
				<total>168509</total>
				<timestamp>190.924774</timestamp>
			</report>
			<report>
				<misses>1366001</misses>
				<total>168509</total>
				<timestamp>191.064608</timestamp>
			</report>
			<report>
				<misses>1367001</misses>
				<total>168509</total>
				<timestamp>191.204499</timestamp>
			</report>
			<report>
				<misses>1368001</misses>
				<total>168509</total>
				<timestamp>191.344363</timestamp>
			</report>
			<report>
				<misses>1369001</misses>
				<total>168509</total>
				<timestamp>191.484185</timestamp>
			</report>
			<report>
				<misses>1370001</misses>
				<total>168509</total>
				<timestamp>191.624056</timestamp>
			</report>
			<report>
				<misses>1371001</misses>
				<total>168509</total>
				<timestamp>191.763911</timestamp>
			</report>
			<report>
				<misses>1372001</misses>
				<total>168509</total>
				<timestamp>191.903772</timestamp>
			</report>
			<report>
				<misses>1373001</misses>
				<total>168509</total>
				<timestamp>192.043683</timestamp>
			</report>
			<report>
				<misses>1374001</misses>
				<total>168509</total>
				<timestamp>192.183532</timestamp>
			</report>
			<report>
				<misses>1375001</misses>
				<total>168509</total>
				<timestamp>192.323358</timestamp>
			</report>
			<report>
				<misses>1376001</misses>
				<total>168509</total>
				<timestamp>192.463293</timestamp>
			</report>
			<report>
				<misses>1377001</misses>
				<total>168509</total>
				<timestamp>192.603164</timestamp>
			</report>
			<report>
				<misses>1378001</misses>
				<total>168508</total>
				<timestamp>192.742994</timestamp>
			</report>
			<report>
				<misses>1379001</misses>
				<total>168509</total>
				<timestamp>192.882812</timestamp>
			</report>
			<report>
				<misses>1380001</misses>
				<total>168509</total>
				<timestamp>193.022649</timestamp>
			</report>
			<report>
				<misses>1381001</misses>
				<total>168509</total>
				<timestamp>193.162505</timestamp>
			</report>
			<report>
				<misses>1382001</misses>
				<total>168509</total>
				<timestamp>193.302392</timestamp>
			</report>
			<report>
				<misses>1383001</misses>
				<total>168509</total>
				<timestamp>193.442262</timestamp>
			</report>
			<report>
				<misses>1384001</misses>
				<total>168509</total>
				<timestamp>193.582127</timestamp>
			</report>
			<report>
				<misses>1385001</misses>
				<total>168508</total>
				<timestamp>193.722036</timestamp>
			</report>
			<report>
				<misses>1386001</misses>
				<total>168509</total>
				<timestamp>193.861804</timestamp>
			</report>
			<report>
				<misses>1387001</misses>
				<total>168510</total>
				<timestamp>194.001715</timestamp>
			</report>
			<report>
				<misses>1388001</misses>
				<total>168510</total>
				<timestamp>194.141583</timestamp>
			</report>
			<report>
				<misses>1389001</misses>
				<total>168510</total>
				<timestamp>194.281423</timestamp>
			</report>
			<report>
				<misses>1390001</misses>
				<total>168510</total>
				<timestamp>194.421317</timestamp>
			</report>
			<report>
				<misses>1391001</misses>
				<total>168510</total>
				<timestamp>194.561116</timestamp>
			</report>
			<report>
				<misses>1392001</misses>
				<total>168510</total>
				<timestamp>194.700977</timestamp>
			</report>
			<report>
				<misses>1393001</misses>
				<total>168510</total>
				<timestamp>194.840826</timestamp>
			</report>
			<report>
				<misses>1394001</misses>
				<total>168511</total>
				<timestamp>194.980730</timestamp>
			</report>
			<report>
				<misses>1395001</misses>
				<total>168510</total>
				<timestamp>195.120620</timestamp>
			</report>
			<report>
				<misses>1396001</misses>
				<total>168511</total>
				<timestamp>195.260437</timestamp>
			</report>
			<report>
				<misses>1397001</misses>
				<total>168510</total>
				<timestamp>195.400383</timestamp>
			</report>
			<report>
				<misses>1398001</misses>
				<total>168511</total>
				<timestamp>195.540306</timestamp>
			</report>
			<report>
				<misses>1399001</misses>
				<total>168511</total>
				<timestamp>195.680137</timestamp>
			</report>
			<report>
				<misses>1400001</misses>
				<total>168511</total>
				<timestamp>195.820026</timestamp>
			</report>
			<report>
				<misses>1401001</misses>
				<total>168511</total>
				<timestamp>195.959923</timestamp>
			</report>
			<report>
				<misses>1402001</misses>
				<total>168510</total>
				<timestamp>196.099805</timestamp>
			</report>
			<report>
				<misses>1403001</misses>
				<total>168510</total>
				<timestamp>196.239661</timestamp>
			</report>
			<report>
				<misses>1404001</misses>
				<total>168511</total>
				<timestamp>196.379501</timestamp>
			</report>
			<report>
				<misses>1405001</misses>
				<total>168511</total>
				<timestamp>196.519355</timestamp>
			</report>
			<report>
				<misses>1406001</misses>
				<total>168511</total>
				<timestamp>196.659158</timestamp>
			</report>
			<report>
				<misses>1407001</misses>
				<total>168511</total>
				<timestamp>196.799053</timestamp>
			</report>
			<report>
				<misses>1408001</misses>
				<total>168511</total>
				<timestamp>196.938923</timestamp>
			</report>
			<report>
				<misses>1409001</misses>
				<total>168511</total>
				<timestamp>197.078776</timestamp>
			</report>
			<report>
				<misses>1410001</misses>
				<total>168511</total>
				<timestamp>197.218588</timestamp>
			</report>
			<report>
				<misses>1411001</misses>
				<total>168510</total>
				<timestamp>197.358544</timestamp>
			</report>
			<report>
				<misses>1412001</misses>
				<total>168511</total>
				<timestamp>197.498389</timestamp>
			</report>
			<report>
				<misses>1413001</misses>
				<total>168511</total>
				<timestamp>197.638217</timestamp>
			</report>
			<report>
				<misses>1414001</misses>
				<total>168511</total>
				<timestamp>197.778063</timestamp>
			</report>
			<report>
				<misses>1415001</misses>
				<total>168511</total>
				<timestamp>197.917891</timestamp>
			</report>
			<report>
				<misses>1416001</misses>
				<total>168511</total>
				<timestamp>198.057764</timestamp>
			</report>
			<report>
				<misses>1417001</misses>
				<total>168511</total>
				<timestamp>198.197620</timestamp>
			</report>
			<report>
				<misses>1418001</misses>
				<total>168512</total>
				<timestamp>198.337462</timestamp>
			</report>
			<report>
				<misses>1419001</misses>
				<total>168511</total>
				<timestamp>198.477356</timestamp>
			</report>
			<report>
				<misses>1420001</misses>
				<total>168511</total>
				<timestamp>198.617284</timestamp>
			</report>
			<report>
				<misses>1421001</misses>
				<total>168511</total>
				<timestamp>198.757039</timestamp>
			</report>
			<report>
				<misses>1422001</misses>
				<total>168511</total>
				<timestamp>198.896930</timestamp>
			</report>
			<report>
				<misses>1423001</misses>
				<total>168511</total>
				<timestamp>199.036797</timestamp>
			</report>
			<report>
				<misses>1424001</misses>
				<total>168511</total>
				<timestamp>199.176652</timestamp>
			</report>
			<report>
				<misses>1425001</misses>
				<total>168510</total>
				<timestamp>199.316569</timestamp>
			</report>
			<report>
				<misses>1426001</misses>
				<total>168512</total>
				<timestamp>199.456373</timestamp>
			</report>
			<report>
				<misses>1427001</misses>
				<total>168513</total>
				<timestamp>199.596306</timestamp>
			</report>
			<report>
				<misses>1428001</misses>
				<total>168515</total>
				<timestamp>199.736101</timestamp>
			</report>
			<report>
				<misses>1429001</misses>
				<total>168514</total>
				<timestamp>199.876012</timestamp>
			</report>
			<report>
				<misses>1430001</misses>
				<total>168515</total>
				<timestamp>200.015855</timestamp>
			</report>
			<report>
				<misses>1431001</misses>
				<total>168514</total>
				<timestamp>200.155729</timestamp>
			</report>
			<report>
				<misses>1432001</misses>
				<total>168515</total>
				<timestamp>200.295536</timestamp>
			</report>
			<report>
				<misses>1433001</misses>
				<total>168515</total>
				<timestamp>200.435362</timestamp>
			</report>
			<report>
				<misses>1434001</misses>
				<total>168515</total>
				<timestamp>200.575244</timestamp>
			</report>
			<report>
				<misses>1435001</misses>
				<total>168515</total>
				<timestamp>200.715097</timestamp>
			</report>
			<report>
				<misses>1436001</misses>
				<total>168515</total>
				<timestamp>200.854975</timestamp>
			</report>
			<report>
				<misses>1437001</misses>
				<total>168515</total>
				<timestamp>200.994799</timestamp>
			</report>
			<report>
				<misses>1438001</misses>
				<total>168515</total>
				<timestamp>201.134736</timestamp>
			</report>
			<report>
				<misses>1439001</misses>
				<total>168515</total>
				<timestamp>201.274536</timestamp>
			</report>
			<report>
				<misses>1440001</misses>
				<total>168515</total>
				<timestamp>201.414402</timestamp>
			</report>
			<report>
				<misses>1441001</misses>
				<total>168515</total>
				<timestamp>201.554261</timestamp>
			</report>
			<report>
				<misses>1442001</misses>
				<total>168515</total>
				<timestamp>201.694113</timestamp>
			</report>
			<report>
				<misses>1443001</misses>
				<total>168515</total>
				<timestamp>201.834005</timestamp>
			</report>
			<report>
				<misses>1444001</misses>
				<total>168515</total>
				<timestamp>201.973825</timestamp>
			</report>
			<report>
				<misses>1445001</misses>
				<total>168515</total>
				<timestamp>202.113706</timestamp>
			</report>
			<report>
				<misses>1446001</misses>
				<total>168514</total>
				<timestamp>202.253639</timestamp>
			</report>
			<report>
				<misses>1447001</misses>
				<total>168515</total>
				<timestamp>202.393423</timestamp>
			</report>
			<report>
				<misses>1448001</misses>
				<total>168515</total>
				<timestamp>202.533266</timestamp>
			</report>
			<report>
				<misses>1449001</misses>
				<total>168514</total>
				<timestamp>202.673260</timestamp>
			</report>
			<report>
				<misses>1450001</misses>
				<total>168515</total>
				<timestamp>202.813146</timestamp>
			</report>
			<report>
				<misses>1451001</misses>
				<total>168515</total>
				<timestamp>202.953006</timestamp>
			</report>
			<report>
				<misses>1452001</misses>
				<total>168515</total>
				<timestamp>203.092848</timestamp>
			</report>
			<report>
				<misses>1453001</misses>
				<total>168515</total>
				<timestamp>203.232748</timestamp>
			</report>
			<report>
				<misses>1454001</misses>
				<total>168515</total>
				<timestamp>203.372566</timestamp>
			</report>
			<report>
				<misses>1455001</misses>
				<total>168514</total>
				<timestamp>203.512501</timestamp>
			</report>
			<report>
				<misses>1456001</misses>
				<total>168515</total>
				<timestamp>203.652336</timestamp>
			</report>
			<report>
				<misses>1457001</misses>
				<total>168515</total>
				<timestamp>203.792165</timestamp>
			</report>
			<report>
				<misses>1458001</misses>
				<total>168514</total>
				<timestamp>203.932050</timestamp>
			</report>
			<report>
				<misses>1459001</misses>
				<total>168514</total>
				<timestamp>204.071925</timestamp>
			</report>
			<report>
				<misses>1460001</misses>
				<total>168515</total>
				<timestamp>204.211728</timestamp>
			</report>
			<report>
				<misses>1461001</misses>
				<total>168514</total>
				<timestamp>204.351659</timestamp>
			</report>
			<report>
				<misses>1462001</misses>
				<total>168515</total>
				<timestamp>204.491491</timestamp>
			</report>
			<report>
				<misses>1463001</misses>
				<total>168515</total>
				<timestamp>204.631362</timestamp>
			</report>
			<report>
				<misses>1464001</misses>
				<total>168514</total>
				<timestamp>204.771292</timestamp>
			</report>
			<report>
				<misses>1465001</misses>
				<total>168515</total>
				<timestamp>204.911268</timestamp>
			</report>
			<report>
				<misses>1466001</misses>
				<total>168515</total>
				<timestamp>205.051051</timestamp>
			</report>
			<report>
				<misses>1467001</misses>
				<total>168514</total>
				<timestamp>205.190985</timestamp>
			</report>
			<report>
				<misses>1468001</misses>
				<total>168515</total>
				<timestamp>205.330837</timestamp>
			</report>
			<report>
				<misses>1469001</misses>
				<total>168515</total>
				<timestamp>205.470618</timestamp>
			</report>
			<report>
				<misses>1470001</misses>
				<total>168515</total>
				<timestamp>205.610501</timestamp>
			</report>
			<report>
				<misses>1471001</misses>
				<total>168514</total>
				<timestamp>205.750422</timestamp>
			</report>
			<report>
				<misses>1472001</misses>
				<total>168515</total>
				<timestamp>205.890282</timestamp>
			</report>
			<report>
				<misses>1473001</misses>
				<total>168515</total>
				<timestamp>206.030058</timestamp>
			</report>
			<report>
				<misses>1474001</misses>
				<total>168515</total>
				<timestamp>206.169913</timestamp>
			</report>
			<report>
				<misses>1475001</misses>
				<total>168515</total>
				<timestamp>206.309792</timestamp>
			</report>
			<report>
				<misses>1476001</misses>
				<total>168514</total>
				<timestamp>206.449692</timestamp>
			</report>
			<report>
				<misses>1477001</misses>
				<total>168515</total>
				<timestamp>206.589492</timestamp>
			</report>
			<report>
				<misses>1478001</misses>
				<total>168515</total>
				<timestamp>206.729396</timestamp>
			</report>
			<report>
				<misses>1479001</misses>
				<total>168515</total>
				<timestamp>206.869214</timestamp>
			</report>
			<report>
				<misses>1480001</misses>
				<total>168514</total>
				<timestamp>207.009170</timestamp>
			</report>
			<report>
				<misses>1481001</misses>
				<total>168515</total>
				<timestamp>207.148944</timestamp>
			</report>
			<report>
				<misses>1482001</misses>
				<total>168515</total>
				<timestamp>207.288798</timestamp>
			</report>
			<report>
				<misses>1483001</misses>
				<total>168515</total>
				<timestamp>207.428723</timestamp>
			</report>
			<report>
				<misses>1484001</misses>
				<total>168516</total>
				<timestamp>207.568556</timestamp>
			</report>
			<report>
				<misses>1485001</misses>
				<total>168516</total>
				<timestamp>207.708407</timestamp>
			</report>
			<report>
				<misses>1486001</misses>
				<total>168515</total>
				<timestamp>207.848307</timestamp>
			</report>
			<report>
				<misses>1487001</misses>
				<total>168516</total>
				<timestamp>207.988124</timestamp>
			</report>
			<report>
				<misses>1488001</misses>
				<total>168516</total>
				<timestamp>208.127938</timestamp>
			</report>
			<report>
				<misses>1489001</misses>
				<total>168516</total>
				<timestamp>208.267843</timestamp>
			</report>
			<report>
				<misses>1490001</misses>
				<total>168516</total>
				<timestamp>208.407670</timestamp>
			</report>
			<report>
				<misses>1491001</misses>
				<total>168515</total>
				<timestamp>208.547662</timestamp>
			</report>
			<report>
				<misses>1492001</misses>
				<total>168516</total>
				<timestamp>208.687550</timestamp>
			</report>
			<report>
				<misses>1493001</misses>
				<total>168516</total>
				<timestamp>208.827436</timestamp>
			</report>
			<report>
				<misses>1494001</misses>
				<total>168516</total>
				<timestamp>208.967340</timestamp>
			</report>
			<report>
				<misses>1495001</misses>
				<total>168516</total>
				<timestamp>209.107134</timestamp>
			</report>
			<report>
				<misses>1496001</misses>
				<total>168516</total>
				<timestamp>209.246974</timestamp>
			</report>
			<report>
				<misses>1497001</misses>
				<total>168516</total>
				<timestamp>209.386833</timestamp>
			</report>
			<report>
				<misses>1498001</misses>
				<total>168516</total>
				<timestamp>209.526733</timestamp>
			</report>
			<report>
				<misses>1499001</misses>
				<total>168516</total>
				<timestamp>209.666550</timestamp>
			</report>
			<report>
				<misses>1500001</misses>
				<total>168516</total>
				<timestamp>209.806432</timestamp>
			</report>
			<report>
				<misses>1501001</misses>
				<total>168516</total>
				<timestamp>209.946349</timestamp>
			</report>
			<report>
				<misses>1502001</misses>
				<total>168516</total>
				<timestamp>210.086160</timestamp>
			</report>
			<report>
				<misses>1503001</misses>
				<total>168516</total>
				<timestamp>210.225986</timestamp>
			</report>
			<report>
				<misses>1504001</misses>
				<total>168515</total>
				<timestamp>210.365902</timestamp>
			</report>
			<report>
				<misses>1505001</misses>
				<total>168516</total>
				<timestamp>210.505716</timestamp>
			</report>
			<report>
				<misses>1506001</misses>
				<total>168515</total>
				<timestamp>210.645617</timestamp>
			</report>
			<report>
				<misses>1507001</misses>
				<total>168515</total>
				<timestamp>210.785535</timestamp>
			</report>
			<report>
				<misses>1508001</misses>
				<total>168516</total>
				<timestamp>210.925428</timestamp>
			</report>
			<report>
				<misses>1509001</misses>
				<total>168516</total>
				<timestamp>211.065334</timestamp>
			</report>
			<report>
				<misses>1510001</misses>
				<total>168516</total>
				<timestamp>211.205211</timestamp>
			</report>
			<report>
				<misses>1511001</misses>
				<total>168524</total>
				<timestamp>211.345029</timestamp>
			</report>
			<report>
				<misses>1512001</misses>
				<total>168524</total>
				<timestamp>211.484917</timestamp>
			</report>
			<report>
				<misses>1513001</misses>
				<total>168524</total>
				<timestamp>211.624737</timestamp>
			</report>
			<report>
				<misses>1514001</misses>
				<total>168524</total>
				<timestamp>211.764584</timestamp>
			</report>
			<report>
				<misses>1515001</misses>
				<total>168524</total>
				<timestamp>211.904459</timestamp>
			</report>
			<report>
				<misses>1516001</misses>
				<total>168525</total>
				<timestamp>212.044335</timestamp>
			</report>
			<report>
				<misses>1517001</misses>
				<total>168524</total>
				<timestamp>212.184245</timestamp>
			</report>
			<report>
				<misses>1518001</misses>
				<total>168525</total>
				<timestamp>212.324082</timestamp>
			</report>
			<report>
				<misses>1519001</misses>
				<total>168525</total>
				<timestamp>212.463900</timestamp>
			</report>
			<report>
				<misses>1520001</misses>
				<total>168525</total>
				<timestamp>212.603793</timestamp>
			</report>
			<report>
				<misses>1521001</misses>
				<total>168525</total>
				<timestamp>212.743662</timestamp>
			</report>
			<report>
				<misses>1522001</misses>
				<total>168525</total>
				<timestamp>212.883500</timestamp>
			</report>
			<report>
				<misses>1523001</misses>
				<total>168525</total>
				<timestamp>213.023396</timestamp>
			</report>
			<report>
				<misses>1524001</misses>
				<total>168525</total>
				<timestamp>213.163184</timestamp>
			</report>
			<report>
				<misses>1525001</misses>
				<total>168525</total>
				<timestamp>213.303144</timestamp>
			</report>
			<report>
				<misses>1526001</misses>
				<total>168525</total>
				<timestamp>213.442951</timestamp>
			</report>
			<report>
				<misses>1527001</misses>
				<total>168526</total>
				<timestamp>213.582818</timestamp>
			</report>
			<report>
				<misses>1528001</misses>
				<total>168526</total>
				<timestamp>213.722687</timestamp>
			</report>
			<report>
				<misses>1529001</misses>
				<total>168526</total>
				<timestamp>213.862489</timestamp>
			</report>
			<report>
				<misses>1530001</misses>
				<total>168525</total>
				<timestamp>214.002460</timestamp>
			</report>
			<report>
				<misses>1531001</misses>
				<total>168526</total>
				<timestamp>214.142426</timestamp>
			</report>
			<report>
				<misses>1532001</misses>
				<total>168531</total>
				<timestamp>214.282337</timestamp>
			</report>
			<report>
				<misses>1533001</misses>
				<total>168532</total>
				<timestamp>214.422289</timestamp>
			</report>
			<report>
				<misses>1534001</misses>
				<total>168533</total>
				<timestamp>214.562062</timestamp>
			</report>
			<report>
				<misses>1535001</misses>
				<total>168540</total>
				<timestamp>214.701968</timestamp>
			</report>
			<report>
				<misses>1536001</misses>
				<total>168540</total>
				<timestamp>214.841789</timestamp>
			</report>
			<report>
				<misses>1537001</misses>
				<total>168540</total>
				<timestamp>214.981638</timestamp>
			</report>
			<report>
				<misses>1538001</misses>
				<total>168540</total>
				<timestamp>215.121561</timestamp>
			</report>
			<report>
				<misses>1539001</misses>
				<total>168544</total>
				<timestamp>215.261364</timestamp>
			</report>
			<report>
				<misses>1540001</misses>
				<total>168543</total>
				<timestamp>215.401329</timestamp>
			</report>
			<report>
				<misses>1541001</misses>
				<total>168544</total>
				<timestamp>215.541109</timestamp>
			</report>
			<report>
				<misses>1542001</misses>
				<total>168544</total>
				<timestamp>215.680985</timestamp>
			</report>
			<report>
				<misses>1543001</misses>
				<total>168548</total>
				<timestamp>215.820816</timestamp>
			</report>
			<report>
				<misses>1544001</misses>
				<total>168548</total>
				<timestamp>215.960710</timestamp>
			</report>
			<report>
				<misses>1545001</misses>
				<total>168547</total>
				<timestamp>216.100586</timestamp>
			</report>
			<report>
				<misses>1546001</misses>
				<total>168547</total>
				<timestamp>216.240457</timestamp>
			</report>
			<report>
				<misses>1547001</misses>
				<total>168548</total>
				<timestamp>216.380314</timestamp>
			</report>
			<report>
				<misses>1548001</misses>
				<total>168548</total>
				<timestamp>216.520182</timestamp>
			</report>
			<report>
				<misses>1549001</misses>
				<total>168548</total>
				<timestamp>216.660075</timestamp>
			</report>
			<report>
				<misses>1550001</misses>
				<total>168548</total>
				<timestamp>216.799970</timestamp>
			</report>
			<report>
				<misses>1551001</misses>
				<total>168548</total>
				<timestamp>216.939872</timestamp>
			</report>
			<report>
				<misses>1552001</misses>
				<total>168548</total>
				<timestamp>217.079759</timestamp>
			</report>
			<report>
				<misses>1553001</misses>
				<total>168548</total>
				<timestamp>217.219581</timestamp>
			</report>
			<report>
				<misses>1554001</misses>
				<total>168548</total>
				<timestamp>217.359397</timestamp>
			</report>
			<report>
				<misses>1555001</misses>
				<total>168548</total>
				<timestamp>217.499268</timestamp>
			</report>
			<report>
				<misses>1556001</misses>
				<total>168548</total>
				<timestamp>217.639156</timestamp>
			</report>
			<report>
				<misses>1557001</misses>
				<total>168548</total>
				<timestamp>217.778998</timestamp>
			</report>
			<report>
				<misses>1558001</misses>
				<total>168548</total>
				<timestamp>217.918860</timestamp>
			</report>
			<report>
				<misses>1559001</misses>
				<total>168548</total>
				<timestamp>218.058714</timestamp>
			</report>
			<report>
				<misses>1560001</misses>
				<total>168548</total>
				<timestamp>218.198566</timestamp>
			</report>
			<report>
				<misses>1561001</misses>
				<total>168548</total>
				<timestamp>218.338429</timestamp>
			</report>
			<report>
				<misses>1562001</misses>
				<total>168548</total>
				<timestamp>218.478302</timestamp>
			</report>
			<report>
				<misses>1563001</misses>
				<total>168548</total>
				<timestamp>218.618154</timestamp>
			</report>
			<report>
				<misses>1564001</misses>
				<total>168548</total>
				<timestamp>218.758029</timestamp>
			</report>
			<report>
				<misses>1565001</misses>
				<total>168548</total>
				<timestamp>218.897938</timestamp>
			</report>
			<report>
				<misses>1566001</misses>
				<total>168548</total>
				<timestamp>219.037730</timestamp>
			</report>
			<report>
				<misses>1567001</misses>
				<total>168548</total>
				<timestamp>219.177586</timestamp>
			</report>
			<report>
				<misses>1568001</misses>
				<total>168548</total>
				<timestamp>219.317455</timestamp>
			</report>
			<report>
				<misses>1569001</misses>
				<total>168548</total>
				<timestamp>219.457363</timestamp>
			</report>
			<report>
				<misses>1570001</misses>
				<total>168548</total>
				<timestamp>219.597197</timestamp>
			</report>
			<report>
				<misses>1571001</misses>
				<total>168548</total>
				<timestamp>219.737043</timestamp>
			</report>
			<report>
				<misses>1572001</misses>
				<total>168547</total>
				<timestamp>219.877018</timestamp>
			</report>
			<report>
				<misses>1573001</misses>
				<total>168550</total>
				<timestamp>220.016985</timestamp>
			</report>
			<report>
				<misses>1574001</misses>
				<total>168550</total>
				<timestamp>220.156790</timestamp>
			</report>
			<report>
				<misses>1575001</misses>
				<total>168549</total>
				<timestamp>220.296703</timestamp>
			</report>
			<report>
				<misses>1576001</misses>
				<total>168550</total>
				<timestamp>220.436532</timestamp>
			</report>
			<report>
				<misses>1577001</misses>
				<total>168550</total>
				<timestamp>220.576343</timestamp>
			</report>
			<report>
				<misses>1578001</misses>
				<total>168550</total>
				<timestamp>220.716287</timestamp>
			</report>
			<report>
				<misses>1579001</misses>
				<total>168550</total>
				<timestamp>220.856122</timestamp>
			</report>
			<report>
				<misses>1580001</misses>
				<total>168550</total>
				<timestamp>220.995968</timestamp>
			</report>
			<report>
				<misses>1581001</misses>
				<total>168550</total>
				<timestamp>221.135834</timestamp>
			</report>
			<report>
				<misses>1582001</misses>
				<total>168550</total>
				<timestamp>221.275647</timestamp>
			</report>
			<report>
				<misses>1583001</misses>
				<total>168549</total>
				<timestamp>221.415552</timestamp>
			</report>
			<report>
				<misses>1584001</misses>
				<total>168550</total>
				<timestamp>221.555389</timestamp>
			</report>
			<report>
				<misses>1585001</misses>
				<total>168550</total>
				<timestamp>221.695248</timestamp>
			</report>
			<report>
				<misses>1586001</misses>
				<total>168550</total>
				<timestamp>221.835111</timestamp>
			</report>
			<report>
				<misses>1587001</misses>
				<total>168550</total>
				<timestamp>221.974929</timestamp>
			</report>
			<report>
				<misses>1588001</misses>
				<total>168549</total>
				<timestamp>222.114891</timestamp>
			</report>
			<report>
				<misses>1589001</misses>
				<total>168550</total>
				<timestamp>222.254653</timestamp>
			</report>
			<report>
				<misses>1590001</misses>
				<total>168550</total>
				<timestamp>222.394499</timestamp>
			</report>
			<report>
				<misses>1591001</misses>
				<total>168550</total>
				<timestamp>222.534438</timestamp>
			</report>
			<report>
				<misses>1592001</misses>
				<total>168550</total>
				<timestamp>222.674244</timestamp>
			</report>
			<report>
				<misses>1593001</misses>
				<total>168550</total>
				<timestamp>222.814130</timestamp>
			</report>
			<report>
				<misses>1594001</misses>
				<total>168550</total>
				<timestamp>222.954019</timestamp>
			</report>
			<report>
				<misses>1595001</misses>
				<total>168550</total>
				<timestamp>223.093866</timestamp>
			</report>
			<report>
				<misses>1596001</misses>
				<total>168550</total>
				<timestamp>223.233718</timestamp>
			</report>
			<report>
				<misses>1597001</misses>
				<total>168550</total>
				<timestamp>223.373526</timestamp>
			</report>
			<report>
				<misses>1598001</misses>
				<total>168549</total>
				<timestamp>223.513452</timestamp>
			</report>
			<report>
				<misses>1599001</misses>
				<total>168550</total>
				<timestamp>223.653287</timestamp>
			</report>
			<report>
				<misses>1600001</misses>
				<total>168549</total>
				<timestamp>223.793167</timestamp>
			</report>
			<report>
				<misses>1601001</misses>
				<total>168549</total>
				<timestamp>223.933117</timestamp>
			</report>
			<report>
				<misses>1602001</misses>
				<total>168549</total>
				<timestamp>224.073063</timestamp>
			</report>
			<report>
				<misses>1603001</misses>
				<total>168550</total>
				<timestamp>224.212868</timestamp>
			</report>
			<report>
				<misses>1604001</misses>
				<total>168550</total>
				<timestamp>224.352756</timestamp>
			</report>
			<report>
				<misses>1605001</misses>
				<total>168550</total>
				<timestamp>224.492535</timestamp>
			</report>
			<report>
				<misses>1606001</misses>
				<total>168550</total>
				<timestamp>224.632413</timestamp>
			</report>
			<report>
				<misses>1607001</misses>
				<total>168550</total>
				<timestamp>224.772277</timestamp>
			</report>
			<report>
				<misses>1608001</misses>
				<total>168550</total>
				<timestamp>224.912235</timestamp>
			</report>
			<report>
				<misses>1609001</misses>
				<total>168550</total>
				<timestamp>225.052221</timestamp>
			</report>
			<report>
				<misses>1610001</misses>
				<total>168550</total>
				<timestamp>225.191979</timestamp>
			</report>
			<report>
				<misses>1611001</misses>
				<total>168550</total>
				<timestamp>225.331849</timestamp>
			</report>
			<report>
				<misses>1612001</misses>
				<total>168550</total>
				<timestamp>225.471733</timestamp>
			</report>
			<report>
				<misses>1613001</misses>
				<total>168550</total>
				<timestamp>225.611643</timestamp>
			</report>
			<report>
				<misses>1614001</misses>
				<total>168550</total>
				<timestamp>225.751474</timestamp>
			</report>
			<report>
				<misses>1615001</misses>
				<total>168550</total>
				<timestamp>225.891278</timestamp>
			</report>
			<report>
				<misses>1616001</misses>
				<total>168550</total>
				<timestamp>226.031194</timestamp>
			</report>
			<report>
				<misses>1617001</misses>
				<total>168549</total>
				<timestamp>226.171117</timestamp>
			</report>
			<report>
				<misses>1618001</misses>
				<total>168550</total>
				<timestamp>226.311127</timestamp>
			</report>
			<report>
				<misses>1619001</misses>
				<total>168550</total>
				<timestamp>226.451151</timestamp>
			</report>
			<report>
				<misses>1620001</misses>
				<total>168550</total>
				<timestamp>226.591051</timestamp>
			</report>
			<report>
				<misses>1621001</misses>
				<total>168550</total>
				<timestamp>226.730924</timestamp>
			</report>
			<report>
				<misses>1622001</misses>
				<total>168550</total>
				<timestamp>226.870754</timestamp>
			</report>
			<report>
				<misses>1623001</misses>
				<total>168550</total>
				<timestamp>227.010663</timestamp>
			</report>
			<report>
				<misses>1624001</misses>
				<total>168550</total>
				<timestamp>227.150445</timestamp>
			</report>
			<report>
				<misses>1625001</misses>
				<total>168550</total>
				<timestamp>227.290342</timestamp>
			</report>
			<report>
				<misses>1626001</misses>
				<total>168549</total>
				<timestamp>227.430237</timestamp>
			</report>
			<report>
				<misses>1627001</misses>
				<total>168553</total>
				<timestamp>227.570085</timestamp>
			</report>
			<report>
				<misses>1628001</misses>
				<total>168553</total>
				<timestamp>227.709884</timestamp>
			</report>
			<report>
				<misses>1629001</misses>
				<total>168552</total>
				<timestamp>227.849838</timestamp>
			</report>
			<report>
				<misses>1630001</misses>
				<total>168553</total>
				<timestamp>227.989597</timestamp>
			</report>
			<report>
				<misses>1631001</misses>
				<total>168553</total>
				<timestamp>228.129493</timestamp>
			</report>
			<report>
				<misses>1632001</misses>
				<total>168553</total>
				<timestamp>228.269323</timestamp>
			</report>
			<report>
				<misses>1633001</misses>
				<total>168553</total>
				<timestamp>228.409246</timestamp>
			</report>
			<report>
				<misses>1634001</misses>
				<total>168553</total>
				<timestamp>228.549120</timestamp>
			</report>
			<report>
				<misses>1635001</misses>
				<total>168553</total>
				<timestamp>228.688958</timestamp>
			</report>
			<report>
				<misses>1636001</misses>
				<total>168552</total>
				<timestamp>228.828820</timestamp>
			</report>
			<report>
				<misses>1637001</misses>
				<total>168553</total>
				<timestamp>228.968622</timestamp>
			</report>
			<report>
				<misses>1638001</misses>
				<total>168561</total>
				<timestamp>229.108589</timestamp>
			</report>
			<report>
				<misses>1639001</misses>
				<total>168562</total>
				<timestamp>229.248417</timestamp>
			</report>
			<report>
				<misses>1640001</misses>
				<total>168562</total>
				<timestamp>229.388218</timestamp>
			</report>
			<report>
				<misses>1641001</misses>
				<total>168562</total>
				<timestamp>229.528083</timestamp>
			</report>
			<report>
				<misses>1642001</misses>
				<total>168562</total>
				<timestamp>229.667917</timestamp>
			</report>
			<report>
				<misses>1643001</misses>
				<total>168562</total>
				<timestamp>229.807791</timestamp>
			</report>
			<report>
				<misses>1644001</misses>
				<total>168562</total>
				<timestamp>229.947639</timestamp>
			</report>
			<report>
				<misses>1645001</misses>
				<total>168562</total>
				<timestamp>230.087572</timestamp>
			</report>
			<report>
				<misses>1646001</misses>
				<total>168577</total>
				<timestamp>230.227368</timestamp>
			</report>
			<report>
				<misses>1647001</misses>
				<total>168577</total>
				<timestamp>230.367242</timestamp>
			</report>
			<report>
				<misses>1648001</misses>
				<total>168577</total>
				<timestamp>230.507092</timestamp>
			</report>
			<report>
				<misses>1649001</misses>
				<total>168576</total>
				<timestamp>230.647059</timestamp>
			</report>
			<report>
				<misses>1650001</misses>
				<total>168577</total>
				<timestamp>230.786991</timestamp>
			</report>
			<report>
				<misses>1651001</misses>
				<total>168577</total>
				<timestamp>230.926813</timestamp>
			</report>
			<report>
				<misses>1652001</misses>
				<total>168577</total>
				<timestamp>231.066736</timestamp>
			</report>
			<report>
				<misses>1653001</misses>
				<total>168577</total>
				<timestamp>231.206523</timestamp>
			</report>
			<report>
				<misses>1654001</misses>
				<total>168579</total>
				<timestamp>231.346474</timestamp>
			</report>
			<report>
				<misses>1655001</misses>
				<total>168579</total>
				<timestamp>231.486267</timestamp>
			</report>
			<report>
				<misses>1656001</misses>
				<total>168579</total>
				<timestamp>231.626187</timestamp>
			</report>
			<report>
				<misses>1657001</misses>
				<total>168578</total>
				<timestamp>231.766116</timestamp>
			</report>
			<report>
				<misses>1658001</misses>
				<total>168579</total>
				<timestamp>231.905992</timestamp>
			</report>
			<report>
				<misses>1659001</misses>
				<total>168579</total>
				<timestamp>232.045834</timestamp>
			</report>
			<report>
				<misses>1660001</misses>
				<total>168579</total>
				<timestamp>232.185694</timestamp>
			</report>
			<report>
				<misses>1661001</misses>
				<total>168579</total>
				<timestamp>232.325549</timestamp>
			</report>
			<report>
				<misses>1662001</misses>
				<total>168579</total>
				<timestamp>232.465457</timestamp>
			</report>
			<report>
				<misses>1663001</misses>
				<total>168579</total>
				<timestamp>232.605281</timestamp>
			</report>
			<report>
				<misses>1664001</misses>
				<total>168579</total>
				<timestamp>232.745226</timestamp>
			</report>
			<report>
				<misses>1665001</misses>
				<total>168579</total>
				<timestamp>232.885021</timestamp>
			</report>
			<report>
				<misses>1666001</misses>
				<total>168581</total>
				<timestamp>233.024913</timestamp>
			</report>
			<report>
				<misses>1667001</misses>
				<total>168581</total>
				<timestamp>233.164717</timestamp>
			</report>
			<report>
				<misses>1668001</misses>
				<total>168581</total>
				<timestamp>233.304563</timestamp>
			</report>
			<report>
				<misses>1669001</misses>
				<total>168581</total>
				<timestamp>233.444480</timestamp>
			</report>
			<report>
				<misses>1670001</misses>
				<total>168581</total>
				<timestamp>233.584340</timestamp>
			</report>
			<report>
				<misses>1671001</misses>
				<total>168581</total>
				<timestamp>233.724222</timestamp>
			</report>
			<report>
				<misses>1672001</misses>
				<total>168581</total>
				<timestamp>233.864057</timestamp>
			</report>
			<report>
				<misses>1673001</misses>
				<total>168581</total>
				<timestamp>234.003892</timestamp>
			</report>
			<report>
				<misses>1674001</misses>
				<total>168580</total>
				<timestamp>234.143819</timestamp>
			</report>
			<report>
				<misses>1675001</misses>
				<total>168581</total>
				<timestamp>234.283618</timestamp>
			</report>
			<report>
				<misses>1676001</misses>
				<total>168581</total>
				<timestamp>234.423438</timestamp>
			</report>
			<report>
				<misses>1677001</misses>
				<total>168580</total>
				<timestamp>234.563454</timestamp>
			</report>
			<report>
				<misses>1678001</misses>
				<total>168580</total>
				<timestamp>234.703442</timestamp>
			</report>
			<report>
				<misses>1679001</misses>
				<total>168582</total>
				<timestamp>234.843307</timestamp>
			</report>
			<report>
				<misses>1680001</misses>
				<total>168582</total>
				<timestamp>234.983200</timestamp>
			</report>
			<report>
				<misses>1681001</misses>
				<total>168582</total>
				<timestamp>235.123072</timestamp>
			</report>
			<report>
				<misses>1682001</misses>
				<total>168582</total>
				<timestamp>235.262928</timestamp>
			</report>
			<report>
				<misses>1683001</misses>
				<total>168582</total>
				<timestamp>235.402772</timestamp>
			</report>
			<report>
				<misses>1684001</misses>
				<total>168585</total>
				<timestamp>235.542661</timestamp>
			</report>
			<report>
				<misses>1685001</misses>
				<total>168585</total>
				<timestamp>235.682520</timestamp>
			</report>
			<report>
				<misses>1686001</misses>
				<total>168585</total>
				<timestamp>235.822347</timestamp>
			</report>
			<report>
				<misses>1687001</misses>
				<total>168585</total>
				<timestamp>235.962286</timestamp>
			</report>
			<report>
				<misses>1688001</misses>
				<total>168585</total>
				<timestamp>236.102073</timestamp>
			</report>
			<report>
				<misses>1689001</misses>
				<total>168585</total>
				<timestamp>236.241920</timestamp>
			</report>
			<report>
				<misses>1690001</misses>
				<total>168584</total>
				<timestamp>236.381893</timestamp>
			</report>
			<report>
				<misses>1691001</misses>
				<total>168588</total>
				<timestamp>236.521822</timestamp>
			</report>
			<report>
				<misses>1692001</misses>
				<total>168588</total>
				<timestamp>236.661662</timestamp>
			</report>
			<report>
				<misses>1693001</misses>
				<total>168588</total>
				<timestamp>236.801517</timestamp>
			</report>
			<report>
				<misses>1694001</misses>
				<total>168588</total>
				<timestamp>236.941388</timestamp>
			</report>
			<report>
				<misses>1695001</misses>
				<total>168588</total>
				<timestamp>237.081226</timestamp>
			</report>
			<report>
				<misses>1696001</misses>
				<total>168587</total>
				<timestamp>237.221125</timestamp>
			</report>
			<report>
				<misses>1697001</misses>
				<total>168588</total>
				<timestamp>237.360938</timestamp>
			</report>
			<report>
				<misses>1698001</misses>
				<total>168587</total>
				<timestamp>237.500844</timestamp>
			</report>
			<report>
				<misses>1699001</misses>
				<total>168588</total>
				<timestamp>237.640677</timestamp>
			</report>
			<report>
				<misses>1700001</misses>
				<total>168588</total>
				<timestamp>237.780524</timestamp>
			</report>
			<report>
				<misses>1701001</misses>
				<total>168588</total>
				<timestamp>237.920405</timestamp>
			</report>
			<report>
				<misses>1702001</misses>
				<total>168587</total>
				<timestamp>238.060299</timestamp>
			</report>
			<report>
				<misses>1703001</misses>
				<total>168587</total>
				<timestamp>238.200186</timestamp>
			</report>
			<report>
				<misses>1704001</misses>
				<total>168588</total>
				<timestamp>238.340037</timestamp>
			</report>
			<report>
				<misses>1705001</misses>
				<total>168588</total>
				<timestamp>238.479863</timestamp>
			</report>
			<report>
				<misses>1706001</misses>
				<total>168588</total>
				<timestamp>238.619711</timestamp>
			</report>
			<report>
				<misses>1707001</misses>
				<total>168587</total>
				<timestamp>238.759594</timestamp>
			</report>
			<report>
				<misses>1708001</misses>
				<total>168588</total>
				<timestamp>238.899449</timestamp>
			</report>
			<report>
				<misses>1709001</misses>
				<total>168587</total>
				<timestamp>239.039321</timestamp>
			</report>
			<report>
				<misses>1710001</misses>
				<total>168588</total>
				<timestamp>239.179138</timestamp>
			</report>
			<report>
				<misses>1711001</misses>
				<total>168588</total>
				<timestamp>239.319032</timestamp>
			</report>
			<report>
				<misses>1712001</misses>
				<total>168588</total>
				<timestamp>239.458825</timestamp>
			</report>
			<report>
				<misses>1713001</misses>
				<total>168588</total>
				<timestamp>239.598691</timestamp>
			</report>
			<report>
				<misses>1714001</misses>
				<total>168588</total>
				<timestamp>239.738548</timestamp>
			</report>
			<report>
				<misses>1715001</misses>
				<total>168588</total>
				<timestamp>239.878399</timestamp>
			</report>
			<report>
				<misses>1716001</misses>
				<total>168588</total>
				<timestamp>240.018297</timestamp>
			</report>
			<report>
				<misses>1717001</misses>
				<total>168588</total>
				<timestamp>240.158143</timestamp>
			</report>
			<report>
				<misses>1718001</misses>
				<total>168588</total>
				<timestamp>240.298007</timestamp>
			</report>
			<report>
				<misses>1719001</misses>
				<total>168594</total>
				<timestamp>240.437913</timestamp>
			</report>
			<report>
				<misses>1720001</misses>
				<total>168594</total>
				<timestamp>240.577758</timestamp>
			</report>
			<report>
				<misses>1721001</misses>
				<total>168594</total>
				<timestamp>240.717571</timestamp>
			</report>
			<report>
				<misses>1722001</misses>
				<total>168594</total>
				<timestamp>240.857435</timestamp>
			</report>
			<report>
				<misses>1723001</misses>
				<total>168594</total>
				<timestamp>240.997281</timestamp>
			</report>
			<report>
				<misses>1724001</misses>
				<total>168594</total>
				<timestamp>241.137204</timestamp>
			</report>
			<report>
				<misses>1725001</misses>
				<total>168594</total>
				<timestamp>241.277054</timestamp>
			</report>
			<report>
				<misses>1726001</misses>
				<total>168593</total>
				<timestamp>241.416967</timestamp>
			</report>
			<report>
				<misses>1727001</misses>
				<total>168594</total>
				<timestamp>241.556733</timestamp>
			</report>
			<report>
				<misses>1728001</misses>
				<total>168594</total>
				<timestamp>241.696604</timestamp>
			</report>
			<report>
				<misses>1729001</misses>
				<total>168594</total>
				<timestamp>241.836438</timestamp>
			</report>
			<report>
				<misses>1730001</misses>
				<total>168594</total>
				<timestamp>241.976302</timestamp>
			</report>
			<report>
				<misses>1731001</misses>
				<total>168599</total>
				<timestamp>242.116237</timestamp>
			</report>
			<report>
				<misses>1732001</misses>
				<total>168599</total>
				<timestamp>242.256114</timestamp>
			</report>
			<report>
				<misses>1733001</misses>
				<total>168601</total>
				<timestamp>242.395938</timestamp>
			</report>
			<report>
				<misses>1734001</misses>
				<total>168602</total>
				<timestamp>242.535767</timestamp>
			</report>
			<report>
				<misses>1735001</misses>
				<total>168600</total>
				<timestamp>242.675650</timestamp>
			</report>
			<report>
				<misses>1736001</misses>
				<total>168601</total>
				<timestamp>242.815520</timestamp>
			</report>
			<report>
				<misses>1737001</misses>
				<total>168601</total>
				<timestamp>242.955377</timestamp>
			</report>
			<report>
				<misses>1738001</misses>
				<total>168601</total>
				<timestamp>243.095193</timestamp>
			</report>
			<report>
				<misses>1739001</misses>
				<total>168601</total>
				<timestamp>243.235121</timestamp>
			</report>
			<report>
				<misses>1740001</misses>
				<total>168600</total>
				<timestamp>243.374993</timestamp>
			</report>
			<report>
				<misses>1741001</misses>
				<total>168601</total>
				<timestamp>243.514761</timestamp>
			</report>
			<report>
				<misses>1742001</misses>
				<total>168602</total>
				<timestamp>243.654687</timestamp>
			</report>
			<report>
				<misses>1743001</misses>
				<total>168602</total>
				<timestamp>243.794502</timestamp>
			</report>
			<report>
				<misses>1744001</misses>
				<total>168602</total>
				<timestamp>243.934377</timestamp>
			</report>
			<report>
				<misses>1745001</misses>
				<total>168602</total>
				<timestamp>244.074227</timestamp>
			</report>
			<report>
				<misses>1746001</misses>
				<total>168602</total>
				<timestamp>244.214143</timestamp>
			</report>
			<report>
				<misses>1747001</misses>
				<total>168603</total>
				<timestamp>244.353993</timestamp>
			</report>
			<report>
				<misses>1748001</misses>
				<total>168603</total>
				<timestamp>244.493843</timestamp>
			</report>
			<report>
				<misses>1749001</misses>
				<total>168603</total>
				<timestamp>244.633732</timestamp>
			</report>
			<report>
				<misses>1750001</misses>
				<total>168603</total>
				<timestamp>244.773512</timestamp>
			</report>
			<report>
				<misses>1751001</misses>
				<total>168603</total>
				<timestamp>244.913363</timestamp>
			</report>
			<report>
				<misses>1752001</misses>
				<total>168603</total>
				<timestamp>245.053252</timestamp>
			</report>
			<report>
				<misses>1753001</misses>
				<total>168603</total>
				<timestamp>245.193123</timestamp>
			</report>
			<report>
				<misses>1754001</misses>
				<total>168603</total>
				<timestamp>245.332984</timestamp>
			</report>
			<report>
				<misses>1755001</misses>
				<total>168603</total>
				<timestamp>245.472811</timestamp>
			</report>
			<report>
				<misses>1756001</misses>
				<total>168603</total>
				<timestamp>245.612659</timestamp>
			</report>
			<report>
				<misses>1757001</misses>
				<total>168603</total>
				<timestamp>245.752550</timestamp>
			</report>
			<report>
				<misses>1758001</misses>
				<total>168603</total>
				<timestamp>245.892446</timestamp>
			</report>
			<report>
				<misses>1759001</misses>
				<total>168603</total>
				<timestamp>246.032352</timestamp>
			</report>
			<report>
				<misses>1760001</misses>
				<total>168603</total>
				<timestamp>246.172132</timestamp>
			</report>
			<report>
				<misses>1761001</misses>
				<total>168604</total>
				<timestamp>246.311997</timestamp>
			</report>
			<report>
				<misses>1762001</misses>
				<total>168605</total>
				<timestamp>246.451961</timestamp>
			</report>
			<report>
				<misses>1763001</misses>
				<total>168606</total>
				<timestamp>246.591862</timestamp>
			</report>
			<report>
				<misses>1764001</misses>
				<total>168605</total>
				<timestamp>246.731721</timestamp>
			</report>
			<report>
				<misses>1765001</misses>
				<total>168605</total>
				<timestamp>246.871672</timestamp>
			</report>
			<report>
				<misses>1766001</misses>
				<total>168606</total>
				<timestamp>247.011546</timestamp>
			</report>
			<report>
				<misses>1767001</misses>
				<total>168606</total>
				<timestamp>247.151467</timestamp>
			</report>
			<report>
				<misses>1768001</misses>
				<total>168606</total>
				<timestamp>247.291337</timestamp>
			</report>
			<report>
				<misses>1769001</misses>
				<total>168606</total>
				<timestamp>247.431135</timestamp>
			</report>
			<report>
				<misses>1770001</misses>
				<total>168610</total>
				<timestamp>247.570979</timestamp>
			</report>
			<report>
				<misses>1771001</misses>
				<total>168610</total>
				<timestamp>247.710852</timestamp>
			</report>
			<report>
				<misses>1772001</misses>
				<total>168610</total>
				<timestamp>247.850698</timestamp>
			</report>
			<report>
				<misses>1773001</misses>
				<total>168609</total>
				<timestamp>247.990757</timestamp>
			</report>
			<report>
				<misses>1774001</misses>
				<total>168609</total>
				<timestamp>248.130677</timestamp>
			</report>
			<report>
				<misses>1775001</misses>
				<total>168610</total>
				<timestamp>248.270569</timestamp>
			</report>
			<report>
				<misses>1776001</misses>
				<total>168610</total>
				<timestamp>248.410420</timestamp>
			</report>
			<report>
				<misses>1777001</misses>
				<total>168610</total>
				<timestamp>248.550319</timestamp>
			</report>
			<report>
				<misses>1778001</misses>
				<total>168609</total>
				<timestamp>248.690208</timestamp>
			</report>
			<report>
				<misses>1779001</misses>
				<total>168609</total>
				<timestamp>248.830079</timestamp>
			</report>
			<report>
				<misses>1780001</misses>
				<total>168609</total>
				<timestamp>248.969969</timestamp>
			</report>
			<report>
				<misses>1781001</misses>
				<total>168610</total>
				<timestamp>249.109950</timestamp>
			</report>
			<report>
				<misses>1782001</misses>
				<total>168610</total>
				<timestamp>249.249764</timestamp>
			</report>
			<report>
				<misses>1783001</misses>
				<total>168610</total>
				<timestamp>249.389640</timestamp>
			</report>
			<report>
				<misses>1784001</misses>
				<total>168610</total>
				<timestamp>249.529441</timestamp>
			</report>
			<report>
				<misses>1785001</misses>
				<total>168610</total>
				<timestamp>249.669320</timestamp>
			</report>
			<report>
				<misses>1786001</misses>
				<total>168610</total>
				<timestamp>249.809207</timestamp>
			</report>
			<report>
				<misses>1787001</misses>
				<total>168610</total>
				<timestamp>249.949048</timestamp>
			</report>
			<report>
				<misses>1788001</misses>
				<total>168610</total>
				<timestamp>250.088977</timestamp>
			</report>
			<report>
				<misses>1789001</misses>
				<total>168610</total>
				<timestamp>250.228747</timestamp>
			</report>
			<report>
				<misses>1790001</misses>
				<total>168610</total>
				<timestamp>250.368608</timestamp>
			</report>
			<report>
				<misses>1791001</misses>
				<total>168610</total>
				<timestamp>250.508488</timestamp>
			</report>
			<report>
				<misses>1792001</misses>
				<total>168610</total>
				<timestamp>250.648319</timestamp>
			</report>
			<report>
				<misses>1793001</misses>
				<total>168610</total>
				<timestamp>250.788176</timestamp>
			</report>
			<report>
				<misses>1794001</misses>
				<total>168609</total>
				<timestamp>250.928158</timestamp>
			</report>
			<report>
				<misses>1795001</misses>
				<total>168610</total>
				<timestamp>251.068062</timestamp>
			</report>
			<report>
				<misses>1796001</misses>
				<total>168610</total>
				<timestamp>251.207947</timestamp>
			</report>
			<report>
				<misses>1797001</misses>
				<total>168609</total>
				<timestamp>251.347846</timestamp>
			</report>
			<report>
				<misses>1798001</misses>
				<total>168610</total>
				<timestamp>251.487634</timestamp>
			</report>
			<report>
				<misses>1799001</misses>
				<total>168610</total>
				<timestamp>251.627488</timestamp>
			</report>
			<report>
				<misses>1800001</misses>
				<total>168610</total>
				<timestamp>251.767342</timestamp>
			</report>
			<report>
				<misses>1801001</misses>
				<total>168610</total>
				<timestamp>251.907222</timestamp>
			</report>
			<report>
				<misses>1802001</misses>
				<total>168610</total>
				<timestamp>252.047108</timestamp>
			</report>
			<report>
				<misses>1803001</misses>
				<total>168610</total>
				<timestamp>252.186977</timestamp>
			</report>
			<report>
				<misses>1804001</misses>
				<total>168614</total>
				<timestamp>252.326875</timestamp>
			</report>
			<report>
				<misses>1805001</misses>
				<total>168615</total>
				<timestamp>252.466712</timestamp>
			</report>
			<report>
				<misses>1806001</misses>
				<total>168615</total>
				<timestamp>252.606504</timestamp>
			</report>
			<report>
				<misses>1807001</misses>
				<total>168615</total>
				<timestamp>252.746365</timestamp>
			</report>
			<report>
				<misses>1808001</misses>
				<total>168615</total>
				<timestamp>252.886295</timestamp>
			</report>
			<report>
				<misses>1809001</misses>
				<total>168615</total>
				<timestamp>253.026143</timestamp>
			</report>
			<report>
				<misses>1810001</misses>
				<total>168615</total>
				<timestamp>253.165972</timestamp>
			</report>
			<report>
				<misses>1811001</misses>
				<total>168614</total>
				<timestamp>253.305876</timestamp>
			</report>
			<report>
				<misses>1812001</misses>
				<total>168615</total>
				<timestamp>253.445675</timestamp>
			</report>
			<report>
				<misses>1813001</misses>
				<total>168615</total>
				<timestamp>253.585520</timestamp>
			</report>
			<report>
				<misses>1814001</misses>
				<total>168615</total>
				<timestamp>253.725457</timestamp>
			</report>
			<report>
				<misses>1815001</misses>
				<total>168615</total>
				<timestamp>253.865292</timestamp>
			</report>
			<report>
				<misses>1816001</misses>
				<total>168615</total>
				<timestamp>254.005105</timestamp>
			</report>
			<report>
				<misses>1817001</misses>
				<total>168614</total>
				<timestamp>254.145038</timestamp>
			</report>
			<report>
				<misses>1818001</misses>
				<total>168615</total>
				<timestamp>254.284869</timestamp>
			</report>
			<report>
				<misses>1819001</misses>
				<total>168614</total>
				<timestamp>254.424751</timestamp>
			</report>
			<report>
				<misses>1820001</misses>
				<total>168615</total>
				<timestamp>254.564646</timestamp>
			</report>
			<report>
				<misses>1821001</misses>
				<total>168617</total>
				<timestamp>254.704416</timestamp>
			</report>
			<report>
				<misses>1822001</misses>
				<total>168617</total>
				<timestamp>254.844274</timestamp>
			</report>
			<report>
				<misses>1823001</misses>
				<total>168617</total>
				<timestamp>254.984130</timestamp>
			</report>
			<report>
				<misses>1824001</misses>
				<total>168616</total>
				<timestamp>255.124117</timestamp>
			</report>
			<report>
				<misses>1825001</misses>
				<total>168617</total>
				<timestamp>255.264109</timestamp>
			</report>
			<report>
				<misses>1826001</misses>
				<total>168617</total>
				<timestamp>255.404077</timestamp>
			</report>
			<report>
				<misses>1827001</misses>
				<total>168617</total>
				<timestamp>255.543934</timestamp>
			</report>
			<report>
				<misses>1828001</misses>
				<total>168617</total>
				<timestamp>255.683727</timestamp>
			</report>
			<report>
				<misses>1829001</misses>
				<total>168616</total>
				<timestamp>255.823661</timestamp>
			</report>
			<report>
				<misses>1830001</misses>
				<total>168617</total>
				<timestamp>255.963429</timestamp>
			</report>
			<report>
				<misses>1831001</misses>
				<total>168617</total>
				<timestamp>256.103319</timestamp>
			</report>
			<report>
				<misses>1832001</misses>
				<total>168617</total>
				<timestamp>256.243159</timestamp>
			</report>
			<report>
				<misses>1833001</misses>
				<total>168617</total>
				<timestamp>256.383064</timestamp>
			</report>
			<report>
				<misses>1834001</misses>
				<total>168617</total>
				<timestamp>256.522938</timestamp>
			</report>
			<report>
				<misses>1835001</misses>
				<total>168616</total>
				<timestamp>256.662816</timestamp>
			</report>
			<report>
				<misses>1836001</misses>
				<total>168617</total>
				<timestamp>256.802594</timestamp>
			</report>
			<report>
				<misses>1837001</misses>
				<total>168616</total>
				<timestamp>256.942564</timestamp>
			</report>
			<report>
				<misses>1838001</misses>
				<total>168616</total>
				<timestamp>257.082608</timestamp>
			</report>
			<report>
				<misses>1839001</misses>
				<total>168617</total>
				<timestamp>257.222489</timestamp>
			</report>
			<report>
				<misses>1840001</misses>
				<total>168616</total>
				<timestamp>257.362359</timestamp>
			</report>
			<report>
				<misses>1841001</misses>
				<total>168617</total>
				<timestamp>257.502228</timestamp>
			</report>
			<report>
				<misses>1842001</misses>
				<total>168619</total>
				<timestamp>257.642211</timestamp>
			</report>
			<report>
				<misses>1843001</misses>
				<total>168620</total>
				<timestamp>257.782174</timestamp>
			</report>
			<report>
				<misses>1844001</misses>
				<total>168620</total>
				<timestamp>257.922061</timestamp>
			</report>
			<report>
				<misses>1845001</misses>
				<total>168620</total>
				<timestamp>258.062010</timestamp>
			</report>
			<report>
				<misses>1846001</misses>
				<total>168620</total>
				<timestamp>258.201922</timestamp>
			</report>
			<report>
				<misses>1847001</misses>
				<total>168620</total>
				<timestamp>258.341759</timestamp>
			</report>
			<report>
				<misses>1848001</misses>
				<total>168620</total>
				<timestamp>258.481606</timestamp>
			</report>
			<report>
				<misses>1849001</misses>
				<total>168620</total>
				<timestamp>258.621544</timestamp>
			</report>
			<report>
				<misses>1850001</misses>
				<total>168621</total>
				<timestamp>258.761417</timestamp>
			</report>
			<report>
				<misses>1851001</misses>
				<total>168626</total>
				<timestamp>258.901263</timestamp>
			</report>
			<report>
				<misses>1852001</misses>
				<total>168626</total>
				<timestamp>259.041081</timestamp>
			</report>
			<report>
				<misses>1853001</misses>
				<total>168626</total>
				<timestamp>259.180922</timestamp>
			</report>
			<report>
				<misses>1854001</misses>
				<total>168626</total>
				<timestamp>259.320843</timestamp>
			</report>
			<report>
				<misses>1855001</misses>
				<total>168626</total>
				<timestamp>259.460691</timestamp>
			</report>
			<report>
				<misses>1856001</misses>
				<total>168625</total>
				<timestamp>259.600572</timestamp>
			</report>
			<report>
				<misses>1857001</misses>
				<total>168626</total>
				<timestamp>259.740377</timestamp>
			</report>
			<report>
				<misses>1858001</misses>
				<total>168626</total>
				<timestamp>259.880280</timestamp>
			</report>
			<report>
				<misses>1859001</misses>
				<total>168626</total>
				<timestamp>260.020076</timestamp>
			</report>
			<report>
				<misses>1860001</misses>
				<total>168625</total>
				<timestamp>260.160031</timestamp>
			</report>
			<report>
				<misses>1861001</misses>
				<total>168626</total>
				<timestamp>260.299955</timestamp>
			</report>
			<report>
				<misses>1862001</misses>
				<total>168626</total>
				<timestamp>260.439899</timestamp>
			</report>
			<report>
				<misses>1863001</misses>
				<total>168626</total>
				<timestamp>260.579824</timestamp>
			</report>
			<report>
				<misses>1864001</misses>
				<total>168626</total>
				<timestamp>260.719647</timestamp>
			</report>
			<report>
				<misses>1865001</misses>
				<total>168626</total>
				<timestamp>260.859513</timestamp>
			</report>
			<report>
				<misses>1866001</misses>
				<total>168626</total>
				<timestamp>260.999364</timestamp>
			</report>
			<report>
				<misses>1867001</misses>
				<total>168626</total>
				<timestamp>261.139235</timestamp>
			</report>
			<report>
				<misses>1868001</misses>
				<total>168626</total>
				<timestamp>261.279143</timestamp>
			</report>
			<report>
				<misses>1869001</misses>
				<total>168626</total>
				<timestamp>261.419023</timestamp>
			</report>
			<report>
				<misses>1870001</misses>
				<total>168626</total>
				<timestamp>261.558857</timestamp>
			</report>
			<report>
				<misses>1871001</misses>
				<total>168626</total>
				<timestamp>261.698662</timestamp>
			</report>
			<report>
				<misses>1872001</misses>
				<total>168626</total>
				<timestamp>261.838519</timestamp>
			</report>
			<report>
				<misses>1873001</misses>
				<total>168626</total>
				<timestamp>261.978388</timestamp>
			</report>
			<report>
				<misses>1874001</misses>
				<total>168626</total>
				<timestamp>262.118250</timestamp>
			</report>
			<report>
				<misses>1875001</misses>
				<total>168625</total>
				<timestamp>262.258169</timestamp>
			</report>
			<report>
				<misses>1876001</misses>
				<total>168626</total>
				<timestamp>262.398022</timestamp>
			</report>
			<report>
				<misses>1877001</misses>
				<total>168626</total>
				<timestamp>262.537911</timestamp>
			</report>
			<report>
				<misses>1878001</misses>
				<total>168626</total>
				<timestamp>262.677723</timestamp>
			</report>
			<report>
				<misses>1879001</misses>
				<total>168625</total>
				<timestamp>262.817633</timestamp>
			</report>
			<report>
				<misses>1880001</misses>
				<total>168626</total>
				<timestamp>262.957420</timestamp>
			</report>
			<report>
				<misses>1881001</misses>
				<total>168625</total>
				<timestamp>263.097353</timestamp>
			</report>
			<report>
				<misses>1882001</misses>
				<total>168626</total>
				<timestamp>263.237147</timestamp>
			</report>
			<report>
				<misses>1883001</misses>
				<total>168626</total>
				<timestamp>263.377009</timestamp>
			</report>
			<report>
				<misses>1884001</misses>
				<total>168626</total>
				<timestamp>263.516903</timestamp>
			</report>
			<report>
				<misses>1885001</misses>
				<total>168626</total>
				<timestamp>263.656754</timestamp>
			</report>
			<report>
				<misses>1886001</misses>
				<total>168626</total>
				<timestamp>263.796566</timestamp>
			</report>
			<report>
				<misses>1887001</misses>
				<total>168626</total>
				<timestamp>263.936496</timestamp>
			</report>
			<report>
				<misses>1888001</misses>
				<total>168626</total>
				<timestamp>264.076313</timestamp>
			</report>
			<report>
				<misses>1889001</misses>
				<total>168626</total>
				<timestamp>264.216161</timestamp>
			</report>
			<report>
				<misses>1890001</misses>
				<total>168626</total>
				<timestamp>264.356020</timestamp>
			</report>
			<report>
				<misses>1891001</misses>
				<total>168625</total>
				<timestamp>264.495934</timestamp>
			</report>
			<report>
				<misses>1892001</misses>
				<total>168626</total>
				<timestamp>264.635732</timestamp>
			</report>
			<report>
				<misses>1893001</misses>
				<total>168625</total>
				<timestamp>264.775648</timestamp>
			</report>
			<report>
				<misses>1894001</misses>
				<total>168626</total>
				<timestamp>264.915498</timestamp>
			</report>
			<report>
				<misses>1895001</misses>
				<total>168626</total>
				<timestamp>265.055305</timestamp>
			</report>
			<report>
				<misses>1896001</misses>
				<total>168626</total>
				<timestamp>265.195248</timestamp>
			</report>
			<report>
				<misses>1897001</misses>
				<total>168626</total>
				<timestamp>265.335098</timestamp>
			</report>
			<report>
				<misses>1898001</misses>
				<total>168626</total>
				<timestamp>265.474922</timestamp>
			</report>
			<report>
				<misses>1899001</misses>
				<total>168626</total>
				<timestamp>265.614796</timestamp>
			</report>
			<report>
				<misses>1900001</misses>
				<total>168626</total>
				<timestamp>265.754609</timestamp>
			</report>
			<report>
				<misses>1901001</misses>
				<total>168626</total>
				<timestamp>265.894481</timestamp>
			</report>
			<report>
				<misses>1902001</misses>
				<total>168626</total>
				<timestamp>266.034333</timestamp>
			</report>
			<report>
				<misses>1903001</misses>
				<total>168626</total>
				<timestamp>266.174210</timestamp>
			</report>
			<report>
				<misses>1904001</misses>
				<total>168626</total>
				<timestamp>266.314125</timestamp>
			</report>
			<report>
				<misses>1905001</misses>
				<total>168626</total>
				<timestamp>266.453991</timestamp>
			</report>
			<report>
				<misses>1906001</misses>
				<total>168626</total>
				<timestamp>266.593803</timestamp>
			</report>
			<report>
				<misses>1907001</misses>
				<total>168625</total>
				<timestamp>266.733768</timestamp>
			</report>
			<report>
				<misses>1908001</misses>
				<total>168626</total>
				<timestamp>266.873721</timestamp>
			</report>
			<report>
				<misses>1909001</misses>
				<total>168626</total>
				<timestamp>267.013518</timestamp>
			</report>
			<report>
				<misses>1910001</misses>
				<total>168626</total>
				<timestamp>267.153364</timestamp>
			</report>
			<report>
				<misses>1911001</misses>
				<total>168627</total>
				<timestamp>267.293221</timestamp>
			</report>
			<report>
				<misses>1912001</misses>
				<total>168626</total>
				<timestamp>267.433151</timestamp>
			</report>
			<report>
				<misses>1913001</misses>
				<total>168625</total>
				<timestamp>267.573013</timestamp>
			</report>
			<report>
				<misses>1914001</misses>
				<total>168626</total>
				<timestamp>267.712881</timestamp>
			</report>
			<report>
				<misses>1915001</misses>
				<total>168626</total>
				<timestamp>267.852675</timestamp>
			</report>
			<report>
				<misses>1916001</misses>
				<total>168626</total>
				<timestamp>267.992540</timestamp>
			</report>
			<report>
				<misses>1917001</misses>
				<total>168626</total>
				<timestamp>268.132420</timestamp>
			</report>
			<report>
				<misses>1918001</misses>
				<total>168626</total>
				<timestamp>268.272269</timestamp>
			</report>
			<report>
				<misses>1919001</misses>
				<total>168626</total>
				<timestamp>268.412108</timestamp>
			</report>
			<report>
				<misses>1920001</misses>
				<total>168626</total>
				<timestamp>268.552042</timestamp>
			</report>
			<report>
				<misses>1921001</misses>
				<total>168626</total>
				<timestamp>268.691849</timestamp>
			</report>
			<report>
				<misses>1922001</misses>
				<total>168626</total>
				<timestamp>268.831716</timestamp>
			</report>
			<report>
				<misses>1923001</misses>
				<total>168626</total>
				<timestamp>268.971591</timestamp>
			</report>
			<report>
				<misses>1924001</misses>
				<total>168626</total>
				<timestamp>269.111382</timestamp>
			</report>
			<report>
				<misses>1925001</misses>
				<total>168626</total>
				<timestamp>269.251298</timestamp>
			</report>
			<report>
				<misses>1926001</misses>
				<total>168626</total>
				<timestamp>269.391122</timestamp>
			</report>
			<report>
				<misses>1927001</misses>
				<total>168626</total>
				<timestamp>269.531004</timestamp>
			</report>
			<report>
				<misses>1928001</misses>
				<total>168625</total>
				<timestamp>269.670927</timestamp>
			</report>
			<report>
				<misses>1929001</misses>
				<total>168626</total>
				<timestamp>269.810680</timestamp>
			</report>
			<report>
				<misses>1930001</misses>
				<total>168636</total>
				<timestamp>269.950675</timestamp>
			</report>
			<report>
				<misses>1931001</misses>
				<total>168637</total>
				<timestamp>270.090595</timestamp>
			</report>
			<report>
				<misses>1932001</misses>
				<total>168637</total>
				<timestamp>270.230486</timestamp>
			</report>
			<report>
				<misses>1933001</misses>
				<total>168637</total>
				<timestamp>270.370348</timestamp>
			</report>
			<report>
				<misses>1934001</misses>
				<total>168636</total>
				<timestamp>270.510236</timestamp>
			</report>
			<report>
				<misses>1935001</misses>
				<total>168637</total>
				<timestamp>270.650164</timestamp>
			</report>
			<report>
				<misses>1936001</misses>
				<total>168637</total>
				<timestamp>270.790012</timestamp>
			</report>
			<report>
				<misses>1937001</misses>
				<total>168637</total>
				<timestamp>270.929910</timestamp>
			</report>
			<report>
				<misses>1938001</misses>
				<total>168637</total>
				<timestamp>271.069754</timestamp>
			</report>
			<report>
				<misses>1939001</misses>
				<total>168637</total>
				<timestamp>271.209573</timestamp>
			</report>
			<report>
				<misses>1940001</misses>
				<total>168636</total>
				<timestamp>271.349491</timestamp>
			</report>
			<report>
				<misses>1941001</misses>
				<total>168637</total>
				<timestamp>271.489305</timestamp>
			</report>
			<report>
				<misses>1942001</misses>
				<total>168637</total>
				<timestamp>271.629163</timestamp>
			</report>
			<report>
				<misses>1943001</misses>
				<total>168637</total>
				<timestamp>271.769026</timestamp>
			</report>
			<report>
				<misses>1944001</misses>
				<total>168637</total>
				<timestamp>271.908936</timestamp>
			</report>
			<report>
				<misses>1945001</misses>
				<total>168636</total>
				<timestamp>272.048868</timestamp>
			</report>
			<report>
				<misses>1946001</misses>
				<total>168637</total>
				<timestamp>272.188755</timestamp>
			</report>
			<report>
				<misses>1947001</misses>
				<total>168637</total>
				<timestamp>272.328579</timestamp>
			</report>
			<report>
				<misses>1948001</misses>
				<total>168637</total>
				<timestamp>272.468445</timestamp>
			</report>
			<report>
				<misses>1949001</misses>
				<total>168637</total>
				<timestamp>272.608342</timestamp>
			</report>
			<report>
				<misses>1950001</misses>
				<total>168637</total>
				<timestamp>272.748188</timestamp>
			</report>
			<report>
				<misses>1951001</misses>
				<total>168636</total>
				<timestamp>272.888093</timestamp>
			</report>
			<report>
				<misses>1952001</misses>
				<total>168637</total>
				<timestamp>273.027924</timestamp>
			</report>
			<report>
				<misses>1953001</misses>
				<total>168638</total>
				<timestamp>273.167803</timestamp>
			</report>
			<report>
				<misses>1954001</misses>
				<total>168638</total>
				<timestamp>273.307610</timestamp>
			</report>
			<report>
				<misses>1955001</misses>
				<total>168638</total>
				<timestamp>273.447562</timestamp>
			</report>
			<report>
				<misses>1956001</misses>
				<total>168638</total>
				<timestamp>273.587317</timestamp>
			</report>
			<report>
				<misses>1957001</misses>
				<total>168638</total>
				<timestamp>273.727179</timestamp>
			</report>
			<report>
				<misses>1958001</misses>
				<total>168638</total>
				<timestamp>273.867054</timestamp>
			</report>
			<report>
				<misses>1959001</misses>
				<total>168638</total>
				<timestamp>274.006929</timestamp>
			</report>
			<report>
				<misses>1960001</misses>
				<total>168638</total>
				<timestamp>274.146847</timestamp>
			</report>
			<report>
				<misses>1961001</misses>
				<total>168638</total>
				<timestamp>274.286625</timestamp>
			</report>
			<report>
				<misses>1962001</misses>
				<total>168638</total>
				<timestamp>274.426494</timestamp>
			</report>
			<report>
				<misses>1963001</misses>
				<total>168639</total>
				<timestamp>274.566349</timestamp>
			</report>
			<report>
				<misses>1964001</misses>
				<total>168638</total>
				<timestamp>274.706211</timestamp>
			</report>
			<report>
				<misses>1965001</misses>
				<total>168637</total>
				<timestamp>274.846156</timestamp>
			</report>
			<report>
				<misses>1966001</misses>
				<total>168638</total>
				<timestamp>274.986013</timestamp>
			</report>
			<report>
				<misses>1967001</misses>
				<total>168638</total>
				<timestamp>275.125797</timestamp>
			</report>
			<report>
				<misses>1968001</misses>
				<total>168637</total>
				<timestamp>275.265691</timestamp>
			</report>
			<report>
				<misses>1969001</misses>
				<total>168638</total>
				<timestamp>275.405521</timestamp>
			</report>
			<report>
				<misses>1970001</misses>
				<total>168637</total>
				<timestamp>275.545505</timestamp>
			</report>
			<report>
				<misses>1971001</misses>
				<total>168639</total>
				<timestamp>275.685406</timestamp>
			</report>
			<report>
				<misses>1972001</misses>
				<total>168639</total>
				<timestamp>275.825243</timestamp>
			</report>
			<report>
				<misses>1973001</misses>
				<total>168639</total>
				<timestamp>275.965081</timestamp>
			</report>
			<report>
				<misses>1974001</misses>
				<total>168639</total>
				<timestamp>276.104980</timestamp>
			</report>
			<report>
				<misses>1975001</misses>
				<total>168639</total>
				<timestamp>276.244895</timestamp>
			</report>
			<report>
				<misses>1976001</misses>
				<total>168639</total>
				<timestamp>276.384675</timestamp>
			</report>
			<report>
				<misses>1977001</misses>
				<total>168639</total>
				<timestamp>276.524594</timestamp>
			</report>
			<report>
				<misses>1978001</misses>
				<total>168639</total>
				<timestamp>276.664386</timestamp>
			</report>
			<report>
				<misses>1979001</misses>
				<total>168639</total>
				<timestamp>276.804294</timestamp>
			</report>
			<report>
				<misses>1980001</misses>
				<total>168638</total>
				<timestamp>276.944284</timestamp>
			</report>
			<report>
				<misses>1981001</misses>
				<total>168639</total>
				<timestamp>277.084110</timestamp>
			</report>
			<report>
				<misses>1982001</misses>
				<total>168638</total>
				<timestamp>277.224048</timestamp>
			</report>
			<report>
				<misses>1983001</misses>
				<total>168639</total>
				<timestamp>277.363943</timestamp>
			</report>
			<report>
				<misses>1984001</misses>
				<total>168639</total>
				<timestamp>277.503835</timestamp>
			</report>
			<report>
				<misses>1985001</misses>
				<total>168638</total>
				<timestamp>277.643744</timestamp>
			</report>
			<report>
				<misses>1986001</misses>
				<total>168639</total>
				<timestamp>277.783559</timestamp>
			</report>
			<report>
				<misses>1987001</misses>
				<total>168639</total>
				<timestamp>277.923429</timestamp>
			</report>
			<report>
				<misses>1988001</misses>
				<total>168638</total>
				<timestamp>278.063313</timestamp>
			</report>
			<report>
				<misses>1989001</misses>
				<total>168639</total>
				<timestamp>278.203157</timestamp>
			</report>
			<report>
				<misses>1990001</misses>
				<total>168644</total>
				<timestamp>278.342997</timestamp>
			</report>
			<report>
				<misses>1991001</misses>
				<total>168644</total>
				<timestamp>278.482855</timestamp>
			</report>
			<report>
				<misses>1992001</misses>
				<total>168643</total>
				<timestamp>278.622774</timestamp>
			</report>
			<report>
				<misses>1993001</misses>
				<total>168644</total>
				<timestamp>278.762573</timestamp>
			</report>
			<report>
				<misses>1994001</misses>
				<total>168643</total>
				<timestamp>278.902636</timestamp>
			</report>
			<report>
				<misses>1995001</misses>
				<total>168644</total>
				<timestamp>279.042463</timestamp>
			</report>
			<report>
				<misses>1996001</misses>
				<total>168644</total>
				<timestamp>279.182282</timestamp>
			</report>
			<report>
				<misses>1997001</misses>
				<total>168647</total>
				<timestamp>279.322136</timestamp>
			</report>
			<report>
				<misses>1998001</misses>
				<total>168647</total>
				<timestamp>279.462047</timestamp>
			</report>
			<report>
				<misses>1999001</misses>
				<total>168647</total>
				<timestamp>279.601908</timestamp>
			</report>
			<report>
				<misses>2000001</misses>
				<total>168647</total>
				<timestamp>279.741762</timestamp>
			</report>
			<report>
				<misses>2001001</misses>
				<total>168647</total>
				<timestamp>279.881598</timestamp>
			</report>
			<report>
				<misses>2002001</misses>
				<total>168646</total>
				<timestamp>280.021573</timestamp>
			</report>
			<report>
				<misses>2003001</misses>
				<total>168647</total>
				<timestamp>280.161502</timestamp>
			</report>
			<report>
				<misses>2004001</misses>
				<total>168647</total>
				<timestamp>280.301316</timestamp>
			</report>
			<report>
				<misses>2005001</misses>
				<total>168647</total>
				<timestamp>280.441169</timestamp>
			</report>
			<report>
				<misses>2006001</misses>
				<total>168647</total>
				<timestamp>280.581031</timestamp>
			</report>
			<report>
				<misses>2007001</misses>
				<total>168647</total>
				<timestamp>280.720921</timestamp>
			</report>
			<report>
				<misses>2008001</misses>
				<total>168647</total>
				<timestamp>280.860810</timestamp>
			</report>
			<report>
				<misses>2009001</misses>
				<total>168646</total>
				<timestamp>281.000696</timestamp>
			</report>
			<report>
				<misses>2010001</misses>
				<total>168647</total>
				<timestamp>281.140558</timestamp>
			</report>
			<report>
				<misses>2011001</misses>
				<total>168647</total>
				<timestamp>281.280386</timestamp>
			</report>
			<report>
				<misses>2012001</misses>
				<total>168647</total>
				<timestamp>281.420253</timestamp>
			</report>
			<report>
				<misses>2013001</misses>
				<total>168646</total>
				<timestamp>281.560167</timestamp>
			</report>
			<report>
				<misses>2014001</misses>
				<total>168647</total>
				<timestamp>281.700129</timestamp>
			</report>
			<report>
				<misses>2015001</misses>
				<total>168647</total>
				<timestamp>281.839956</timestamp>
			</report>
			<report>
				<misses>2016001</misses>
				<total>168647</total>
				<timestamp>281.979802</timestamp>
			</report>
			<report>
				<misses>2017001</misses>
				<total>168647</total>
				<timestamp>282.119651</timestamp>
			</report>
			<report>
				<misses>2018001</misses>
				<total>168647</total>
				<timestamp>282.259496</timestamp>
			</report>
			<report>
				<misses>2019001</misses>
				<total>168647</total>
				<timestamp>282.399381</timestamp>
			</report>
			<report>
				<misses>2020001</misses>
				<total>168647</total>
				<timestamp>282.539203</timestamp>
			</report>
			<report>
				<misses>2021001</misses>
				<total>168650</total>
				<timestamp>282.679160</timestamp>
			</report>
			<report>
				<misses>2022001</misses>
				<total>168651</total>
				<timestamp>282.818954</timestamp>
			</report>
			<report>
				<misses>2023001</misses>
				<total>168651</total>
				<timestamp>282.958840</timestamp>
			</report>
			<report>
				<misses>2024001</misses>
				<total>168651</total>
				<timestamp>283.098677</timestamp>
			</report>
			<report>
				<misses>2025001</misses>
				<total>168651</total>
				<timestamp>283.238524</timestamp>
			</report>
			<report>
				<misses>2026001</misses>
				<total>168651</total>
				<timestamp>283.378394</timestamp>
			</report>
			<report>
				<misses>2027001</misses>
				<total>168651</total>
				<timestamp>283.518281</timestamp>
			</report>
			<report>
				<misses>2028001</misses>
				<total>168651</total>
				<timestamp>283.658093</timestamp>
			</report>
			<report>
				<misses>2029001</misses>
				<total>168651</total>
				<timestamp>283.798009</timestamp>
			</report>
			<report>
				<misses>2030001</misses>
				<total>168651</total>
				<timestamp>283.937855</timestamp>
			</report>
			<report>
				<misses>2031001</misses>
				<total>168650</total>
				<timestamp>284.077743</timestamp>
			</report>
			<report>
				<misses>2032001</misses>
				<total>168654</total>
				<timestamp>284.217598</timestamp>
			</report>
			<report>
				<misses>2033001</misses>
				<total>168654</total>
				<timestamp>284.357449</timestamp>
			</report>
			<report>
				<misses>2034001</misses>
				<total>168654</total>
				<timestamp>284.497292</timestamp>
			</report>
			<report>
				<misses>2035001</misses>
				<total>168654</total>
				<timestamp>284.637137</timestamp>
			</report>
			<report>
				<misses>2036001</misses>
				<total>168654</total>
				<timestamp>284.777014</timestamp>
			</report>
			<report>
				<misses>2037001</misses>
				<total>168654</total>
				<timestamp>284.916853</timestamp>
			</report>
			<report>
				<misses>2038001</misses>
				<total>168654</total>
				<timestamp>285.056778</timestamp>
			</report>
			<report>
				<misses>2039001</misses>
				<total>168654</total>
				<timestamp>285.196543</timestamp>
			</report>
			<report>
				<misses>2040001</misses>
				<total>168654</total>
				<timestamp>285.336442</timestamp>
			</report>
			<report>
				<misses>2041001</misses>
				<total>168653</total>
				<timestamp>285.476338</timestamp>
			</report>
			<report>
				<misses>2042001</misses>
				<total>168654</total>
				<timestamp>285.616146</timestamp>
			</report>
			<report>
				<misses>2043001</misses>
				<total>168654</total>
				<timestamp>285.756030</timestamp>
			</report>
			<report>
				<misses>2044001</misses>
				<total>168654</total>
				<timestamp>285.895862</timestamp>
			</report>
			<report>
				<misses>2045001</misses>
				<total>168654</total>
				<timestamp>286.035758</timestamp>
			</report>
			<report>
				<misses>2046001</misses>
				<total>168653</total>
				<timestamp>286.175629</timestamp>
			</report>
			<report>
				<misses>2047001</misses>
				<total>168654</total>
				<timestamp>286.315495</timestamp>
			</report>
			<report>
				<misses>2048001</misses>
				<total>168653</total>
				<timestamp>286.455350</timestamp>
			</report>
			<report>
				<misses>2049001</misses>
				<total>168654</total>
				<timestamp>286.595197</timestamp>
			</report>
			<report>
				<misses>2050001</misses>
				<total>168654</total>
				<timestamp>286.735204</timestamp>
			</report>
			<report>
				<misses>2051001</misses>
				<total>168654</total>
				<timestamp>286.875066</timestamp>
			</report>
			<report>
				<misses>2052001</misses>
				<total>168654</total>
				<timestamp>287.014926</timestamp>
			</report>
			<report>
				<misses>2053001</misses>
				<total>168654</total>
				<timestamp>287.154754</timestamp>
			</report>
			<report>
				<misses>2054001</misses>
				<total>168653</total>
				<timestamp>287.294694</timestamp>
			</report>
			<report>
				<misses>2055001</misses>
				<total>168667</total>
				<timestamp>287.434600</timestamp>
			</report>
			<report>
				<misses>2056001</misses>
				<total>168667</total>
				<timestamp>287.574497</timestamp>
			</report>
			<report>
				<misses>2057001</misses>
				<total>168667</total>
				<timestamp>287.714347</timestamp>
			</report>
			<report>
				<misses>2058001</misses>
				<total>168667</total>
				<timestamp>287.854160</timestamp>
			</report>
			<report>
				<misses>2059001</misses>
				<total>168667</total>
				<timestamp>287.994076</timestamp>
			</report>
			<report>
				<misses>2060001</misses>
				<total>168666</total>
				<timestamp>288.133977</timestamp>
			</report>
			<report>
				<misses>2061001</misses>
				<total>168668</total>
				<timestamp>288.273762</timestamp>
			</report>
			<report>
				<misses>2062001</misses>
				<total>168668</total>
				<timestamp>288.413652</timestamp>
			</report>
			<report>
				<misses>2063001</misses>
				<total>168668</total>
				<timestamp>288.553518</timestamp>
			</report>
			<report>
				<misses>2064001</misses>
				<total>168667</total>
				<timestamp>288.693396</timestamp>
			</report>
			<report>
				<misses>2065001</misses>
				<total>168668</total>
				<timestamp>288.833224</timestamp>
			</report>
			<report>
				<misses>2066001</misses>
				<total>168667</total>
				<timestamp>288.973151</timestamp>
			</report>
			<report>
				<misses>2067001</misses>
				<total>168667</total>
				<timestamp>289.113029</timestamp>
			</report>
			<report>
				<misses>2068001</misses>
				<total>168667</total>
				<timestamp>289.253068</timestamp>
			</report>
			<report>
				<misses>2069001</misses>
				<total>168668</total>
				<timestamp>289.392923</timestamp>
			</report>
			<report>
				<misses>2070001</misses>
				<total>168668</total>
				<timestamp>289.532806</timestamp>
			</report>
			<report>
				<misses>2071001</misses>
				<total>168668</total>
				<timestamp>289.672648</timestamp>
			</report>
			<report>
				<misses>2072001</misses>
				<total>168668</total>
				<timestamp>289.812490</timestamp>
			</report>
			<report>
				<misses>2073001</misses>
				<total>168668</total>
				<timestamp>289.952372</timestamp>
			</report>
			<report>
				<misses>2074001</misses>
				<total>168668</total>
				<timestamp>290.092285</timestamp>
			</report>
			<report>
				<misses>2075001</misses>
				<total>168668</total>
				<timestamp>290.232090</timestamp>
			</report>
			<report>
				<misses>2076001</misses>
				<total>168668</total>
				<timestamp>290.371991</timestamp>
			</report>
			<report>
				<misses>2077001</misses>
				<total>168668</total>
				<timestamp>290.511792</timestamp>
			</report>
			<report>
				<misses>2078001</misses>
				<total>168668</total>
				<timestamp>290.651685</timestamp>
			</report>
			<report>
				<misses>2079001</misses>
				<total>168667</total>
				<timestamp>290.791549</timestamp>
			</report>
			<report>
				<misses>2080001</misses>
				<total>168668</total>
				<timestamp>290.931457</timestamp>
			</report>
			<report>
				<misses>2081001</misses>
				<total>168668</total>
				<timestamp>291.071241</timestamp>
			</report>
			<report>
				<misses>2082001</misses>
				<total>168670</total>
				<timestamp>291.211096</timestamp>
			</report>
			<report>
				<misses>2083001</misses>
				<total>168669</total>
				<timestamp>291.351037</timestamp>
			</report>
			<report>
				<misses>2084001</misses>
				<total>168669</total>
				<timestamp>291.490849</timestamp>
			</report>
			<report>
				<misses>2085001</misses>
				<total>168670</total>
				<timestamp>291.630727</timestamp>
			</report>
			<report>
				<misses>2086001</misses>
				<total>168670</total>
				<timestamp>291.770621</timestamp>
			</report>
			<report>
				<misses>2087001</misses>
				<total>168670</total>
				<timestamp>291.910403</timestamp>
			</report>
			<report>
				<misses>2088001</misses>
				<total>168669</total>
				<timestamp>292.050307</timestamp>
			</report>
			<report>
				<misses>2089001</misses>
				<total>168670</total>
				<timestamp>292.190258</timestamp>
			</report>
			<report>
				<misses>2090001</misses>
				<total>168671</total>
				<timestamp>292.330131</timestamp>
			</report>
			<report>
				<misses>2091001</misses>
				<total>168670</total>
				<timestamp>292.470033</timestamp>
			</report>
			<report>
				<misses>2092001</misses>
				<total>168670</total>
				<timestamp>292.609851</timestamp>
			</report>
			<report>
				<misses>2093001</misses>
				<total>168670</total>
				<timestamp>292.749699</timestamp>
			</report>
			<report>
				<misses>2094001</misses>
				<total>168670</total>
				<timestamp>292.889557</timestamp>
			</report>
			<report>
				<misses>2095001</misses>
				<total>168670</total>
				<timestamp>293.029417</timestamp>
			</report>
			<report>
				<misses>2096001</misses>
				<total>168670</total>
				<timestamp>293.169289</timestamp>
			</report>
			<report>
				<misses>2097001</misses>
				<total>168670</total>
				<timestamp>293.309156</timestamp>
			</report>
			<report>
				<misses>2098001</misses>
				<total>168670</total>
				<timestamp>293.449003</timestamp>
			</report>
			<report>
				<misses>2099001</misses>
				<total>168670</total>
				<timestamp>293.588883</timestamp>
			</report>
			<report>
				<misses>2100001</misses>
				<total>168670</total>
				<timestamp>293.728747</timestamp>
			</report>
			<report>
				<misses>2101001</misses>
				<total>168670</total>
				<timestamp>293.868567</timestamp>
			</report>
			<report>
				<misses>2102001</misses>
				<total>168670</total>
				<timestamp>294.008470</timestamp>
			</report>
			<report>
				<misses>2103001</misses>
				<total>168670</total>
				<timestamp>294.148337</timestamp>
			</report>
			<report>
				<misses>2104001</misses>
				<total>168669</total>
				<timestamp>294.288221</timestamp>
			</report>
			<report>
				<misses>2105001</misses>
				<total>168670</total>
				<timestamp>294.428003</timestamp>
			</report>
			<report>
				<misses>2106001</misses>
				<total>168670</total>
				<timestamp>294.567881</timestamp>
			</report>
			<report>
				<misses>2107001</misses>
				<total>168674</total>
				<timestamp>294.707755</timestamp>
			</report>
			<report>
				<misses>2108001</misses>
				<total>168678</total>
				<timestamp>294.847613</timestamp>
			</report>
			<report>
				<misses>2109001</misses>
				<total>168678</total>
				<timestamp>294.987449</timestamp>
			</report>
			<report>
				<misses>2110001</misses>
				<total>168678</total>
				<timestamp>295.127329</timestamp>
			</report>
			<report>
				<misses>2111001</misses>
				<total>168678</total>
				<timestamp>295.267258</timestamp>
			</report>
			<report>
				<misses>2112001</misses>
				<total>168678</total>
				<timestamp>295.407034</timestamp>
			</report>
			<report>
				<misses>2113001</misses>
				<total>168678</total>
				<timestamp>295.546962</timestamp>
			</report>
			<report>
				<misses>2114001</misses>
				<total>168678</total>
				<timestamp>295.686748</timestamp>
			</report>
			<report>
				<misses>2115001</misses>
				<total>168678</total>
				<timestamp>295.826646</timestamp>
			</report>
			<report>
				<misses>2116001</misses>
				<total>168678</total>
				<timestamp>295.966502</timestamp>
			</report>
			<report>
				<misses>2117001</misses>
				<total>168678</total>
				<timestamp>296.106342</timestamp>
			</report>
			<report>
				<misses>2118001</misses>
				<total>168677</total>
				<timestamp>296.246301</timestamp>
			</report>
			<report>
				<misses>2119001</misses>
				<total>168678</total>
				<timestamp>296.386211</timestamp>
			</report>
			<report>
				<misses>2120001</misses>
				<total>168678</total>
				<timestamp>296.526085</timestamp>
			</report>
			<report>
				<misses>2121001</misses>
				<total>168678</total>
				<timestamp>296.665922</timestamp>
			</report>
			<report>
				<misses>2122001</misses>
				<total>168678</total>
				<timestamp>296.805799</timestamp>
			</report>
			<report>
				<misses>2123001</misses>
				<total>168678</total>
				<timestamp>296.945645</timestamp>
			</report>
			<report>
				<misses>2124001</misses>
				<total>168678</total>
				<timestamp>297.085503</timestamp>
			</report>
			<report>
				<misses>2125001</misses>
				<total>168678</total>
				<timestamp>297.225351</timestamp>
			</report>
			<report>
				<misses>2126001</misses>
				<total>168678</total>
				<timestamp>297.365242</timestamp>
			</report>
			<report>
				<misses>2127001</misses>
				<total>168678</total>
				<timestamp>297.505144</timestamp>
			</report>
			<report>
				<misses>2128001</misses>
				<total>168678</total>
				<timestamp>297.644930</timestamp>
			</report>
			<report>
				<misses>2129001</misses>
				<total>168677</total>
				<timestamp>297.784841</timestamp>
			</report>
			<report>
				<misses>2130001</misses>
				<total>168678</total>
				<timestamp>297.924655</timestamp>
			</report>
			<report>
				<misses>2131001</misses>
				<total>168678</total>
				<timestamp>298.064505</timestamp>
			</report>
			<report>
				<misses>2132001</misses>
				<total>168678</total>
				<timestamp>298.204367</timestamp>
			</report>
			<report>
				<misses>2133001</misses>
				<total>168678</total>
				<timestamp>298.344317</timestamp>
			</report>
			<report>
				<misses>2134001</misses>
				<total>168678</total>
				<timestamp>298.484074</timestamp>
			</report>
			<report>
				<misses>2135001</misses>
				<total>168678</total>
				<timestamp>298.624066</timestamp>
			</report>
			<report>
				<misses>2136001</misses>
				<total>168678</total>
				<timestamp>298.763976</timestamp>
			</report>
			<report>
				<misses>2137001</misses>
				<total>168677</total>
				<timestamp>298.903839</timestamp>
			</report>
			<report>
				<misses>2138001</misses>
				<total>168678</total>
				<timestamp>299.043729</timestamp>
			</report>
			<report>
				<misses>2139001</misses>
				<total>168678</total>
				<timestamp>299.183554</timestamp>
			</report>
			<report>
				<misses>2140001</misses>
				<total>168678</total>
				<timestamp>299.323381</timestamp>
			</report>
			<report>
				<misses>2141001</misses>
				<total>168678</total>
				<timestamp>299.463278</timestamp>
			</report>
			<report>
				<misses>2142001</misses>
				<total>168677</total>
				<timestamp>299.603163</timestamp>
			</report>
			<report>
				<misses>2143001</misses>
				<total>168678</total>
				<timestamp>299.743048</timestamp>
			</report>
			<report>
				<misses>2144001</misses>
				<total>168678</total>
				<timestamp>299.882846</timestamp>
			</report>
			<report>
				<misses>2145001</misses>
				<total>168678</total>
				<timestamp>300.022699</timestamp>
			</report>
			<report>
				<misses>2146001</misses>
				<total>168678</total>
				<timestamp>300.162627</timestamp>
			</report>
			<report>
				<misses>2147001</misses>
				<total>168678</total>
				<timestamp>300.302428</timestamp>
			</report>
			<report>
				<misses>2148001</misses>
				<total>168677</total>
				<timestamp>300.442305</timestamp>
			</report>
			<report>
				<misses>2149001</misses>
				<total>168677</total>
				<timestamp>300.582192</timestamp>
			</report>
			<report>
				<misses>2150001</misses>
				<total>168678</total>
				<timestamp>300.722015</timestamp>
			</report>
			<report>
				<misses>2151001</misses>
				<total>168678</total>
				<timestamp>300.861938</timestamp>
			</report>
			<report>
				<misses>2152001</misses>
				<total>168677</total>
				<timestamp>301.001772</timestamp>
			</report>
			<report>
				<misses>2153001</misses>
				<total>168677</total>
				<timestamp>301.141664</timestamp>
			</report>
			<report>
				<misses>2154001</misses>
				<total>168679</total>
				<timestamp>301.281483</timestamp>
			</report>
			<report>
				<misses>2155001</misses>
				<total>168679</total>
				<timestamp>301.421284</timestamp>
			</report>
			<report>
				<misses>2156001</misses>
				<total>168679</total>
				<timestamp>301.561150</timestamp>
			</report>
			<report>
				<misses>2157001</misses>
				<total>168679</total>
				<timestamp>301.701020</timestamp>
			</report>
			<report>
				<misses>2158001</misses>
				<total>168679</total>
				<timestamp>301.840918</timestamp>
			</report>
			<report>
				<misses>2159001</misses>
				<total>168678</total>
				<timestamp>301.980890</timestamp>
			</report>
			<report>
				<misses>2160001</misses>
				<total>168679</total>
				<timestamp>302.120759</timestamp>
			</report>
			<report>
				<misses>2161001</misses>
				<total>168679</total>
				<timestamp>302.260626</timestamp>
			</report>
			<report>
				<misses>2162001</misses>
				<total>168681</total>
				<timestamp>302.400446</timestamp>
			</report>
			<report>
				<misses>2163001</misses>
				<total>168681</total>
				<timestamp>302.540402</timestamp>
			</report>
			<report>
				<misses>2164001</misses>
				<total>168681</total>
				<timestamp>302.680278</timestamp>
			</report>
			<report>
				<misses>2165001</misses>
				<total>168681</total>
				<timestamp>302.820182</timestamp>
			</report>
			<report>
				<misses>2166001</misses>
				<total>168681</total>
				<timestamp>302.960096</timestamp>
			</report>
			<report>
				<misses>2167001</misses>
				<total>168681</total>
				<timestamp>303.099902</timestamp>
			</report>
			<report>
				<misses>2168001</misses>
				<total>168681</total>
				<timestamp>303.239745</timestamp>
			</report>
			<report>
				<misses>2169001</misses>
				<total>168690</total>
				<timestamp>303.379670</timestamp>
			</report>
			<report>
				<misses>2170001</misses>
				<total>168691</total>
				<timestamp>303.519519</timestamp>
			</report>
			<report>
				<misses>2171001</misses>
				<total>168691</total>
				<timestamp>303.659379</timestamp>
			</report>
			<report>
				<misses>2172001</misses>
				<total>168691</total>
				<timestamp>303.799239</timestamp>
			</report>
			<report>
				<misses>2173001</misses>
				<total>168691</total>
				<timestamp>303.939059</timestamp>
			</report>
			<report>
				<misses>2174001</misses>
				<total>168691</total>
				<timestamp>304.078922</timestamp>
			</report>
			<report>
				<misses>2175001</misses>
				<total>168695</total>
				<timestamp>304.218786</timestamp>
			</report>
			<report>
				<misses>2176001</misses>
				<total>168695</total>
				<timestamp>304.358646</timestamp>
			</report>
			<report>
				<misses>2177001</misses>
				<total>168695</total>
				<timestamp>304.498506</timestamp>
			</report>
			<report>
				<misses>2178001</misses>
				<total>168695</total>
				<timestamp>304.638398</timestamp>
			</report>
			<report>
				<misses>2179001</misses>
				<total>168695</total>
				<timestamp>304.778253</timestamp>
			</report>
			<report>
				<misses>2180001</misses>
				<total>168695</total>
				<timestamp>304.918072</timestamp>
			</report>
			<report>
				<misses>2181001</misses>
				<total>168695</total>
				<timestamp>305.057948</timestamp>
			</report>
			<report>
				<misses>2182001</misses>
				<total>168695</total>
				<timestamp>305.197815</timestamp>
			</report>
			<report>
				<misses>2183001</misses>
				<total>168695</total>
				<timestamp>305.337712</timestamp>
			</report>
			<report>
				<misses>2184001</misses>
				<total>168703</total>
				<timestamp>305.477517</timestamp>
			</report>
			<report>
				<misses>2185001</misses>
				<total>168703</total>
				<timestamp>305.617409</timestamp>
			</report>
			<report>
				<misses>2186001</misses>
				<total>168703</total>
				<timestamp>305.757243</timestamp>
			</report>
			<report>
				<misses>2187001</misses>
				<total>168703</total>
				<timestamp>305.897100</timestamp>
			</report>
			<report>
				<misses>2188001</misses>
				<total>168704</total>
				<timestamp>306.036962</timestamp>
			</report>
			<report>
				<misses>2189001</misses>
				<total>168703</total>
				<timestamp>306.176857</timestamp>
			</report>
			<report>
				<misses>2190001</misses>
				<total>168703</total>
				<timestamp>306.316693</timestamp>
			</report>
			<report>
				<misses>2191001</misses>
				<total>168702</total>
				<timestamp>306.456637</timestamp>
			</report>
			<report>
				<misses>2192001</misses>
				<total>168703</total>
				<timestamp>306.596581</timestamp>
			</report>
			<report>
				<misses>2193001</misses>
				<total>168703</total>
				<timestamp>306.736424</timestamp>
			</report>
			<report>
				<misses>2194001</misses>
				<total>168702</total>
				<timestamp>306.876337</timestamp>
			</report>
			<report>
				<misses>2195001</misses>
				<total>168703</total>
				<timestamp>307.016165</timestamp>
			</report>
			<report>
				<misses>2196001</misses>
				<total>168703</total>
				<timestamp>307.156000</timestamp>
			</report>
			<report>
				<misses>2197001</misses>
				<total>168703</total>
				<timestamp>307.295861</timestamp>
			</report>
			<report>
				<misses>2198001</misses>
				<total>168703</total>
				<timestamp>307.435726</timestamp>
			</report>
			<report>
				<misses>2199001</misses>
				<total>168704</total>
				<timestamp>307.575574</timestamp>
			</report>
			<report>
				<misses>2200001</misses>
				<total>168704</total>
				<timestamp>307.715483</timestamp>
			</report>
			<report>
				<misses>2201001</misses>
				<total>168705</total>
				<timestamp>307.855307</timestamp>
			</report>
			<report>
				<misses>2202001</misses>
				<total>168705</total>
				<timestamp>307.995140</timestamp>
			</report>
			<report>
				<misses>2203001</misses>
				<total>168704</total>
				<timestamp>308.135046</timestamp>
			</report>
			<report>
				<misses>2204001</misses>
				<total>168704</total>
				<timestamp>308.274915</timestamp>
			</report>
			<report>
				<misses>2205001</misses>
				<total>168705</total>
				<timestamp>308.414746</timestamp>
			</report>
			<report>
				<misses>2206001</misses>
				<total>168705</total>
				<timestamp>308.554645</timestamp>
			</report>
			<report>
				<misses>2207001</misses>
				<total>168705</total>
				<timestamp>308.694499</timestamp>
			</report>
			<report>
				<misses>2208001</misses>
				<total>168705</total>
				<timestamp>308.834345</timestamp>
			</report>
			<report>
				<misses>2209001</misses>
				<total>168705</total>
				<timestamp>308.974219</timestamp>
			</report>
			<report>
				<misses>2210001</misses>
				<total>168704</total>
				<timestamp>309.114140</timestamp>
			</report>
			<report>
				<misses>2211001</misses>
				<total>168705</total>
				<timestamp>309.254092</timestamp>
			</report>
			<report>
				<misses>2212001</misses>
				<total>168705</total>
				<timestamp>309.393896</timestamp>
			</report>
			<report>
				<misses>2213001</misses>
				<total>168705</total>
				<timestamp>309.533769</timestamp>
			</report>
			<report>
				<misses>2214001</misses>
				<total>168705</total>
				<timestamp>309.673621</timestamp>
			</report>
			<report>
				<misses>2215001</misses>
				<total>168705</total>
				<timestamp>309.813490</timestamp>
			</report>
			<report>
				<misses>2216001</misses>
				<total>168704</total>
				<timestamp>309.953381</timestamp>
			</report>
			<report>
				<misses>2217001</misses>
				<total>168705</total>
				<timestamp>310.093160</timestamp>
			</report>
			<report>
				<misses>2218001</misses>
				<total>168705</total>
				<timestamp>310.233054</timestamp>
			</report>
			<report>
				<misses>2219001</misses>
				<total>168705</total>
				<timestamp>310.372943</timestamp>
			</report>
			<report>
				<misses>2220001</misses>
				<total>168705</total>
				<timestamp>310.512750</timestamp>
			</report>
			<report>
				<misses>2221001</misses>
				<total>168705</total>
				<timestamp>310.652672</timestamp>
			</report>
			<report>
				<misses>2222001</misses>
				<total>168705</total>
				<timestamp>310.792536</timestamp>
			</report>
			<report>
				<misses>2223001</misses>
				<total>168705</total>
				<timestamp>310.932314</timestamp>
			</report>
			<report>
				<misses>2224001</misses>
				<total>168704</total>
				<timestamp>311.072262</timestamp>
			</report>
			<report>
				<misses>2225001</misses>
				<total>168705</total>
				<timestamp>311.212081</timestamp>
			</report>
			<report>
				<misses>2226001</misses>
				<total>168704</total>
				<timestamp>311.351959</timestamp>
			</report>
			<report>
				<misses>2227001</misses>
				<total>168704</total>
				<timestamp>311.491852</timestamp>
			</report>
			<report>
				<misses>2228001</misses>
				<total>168705</total>
				<timestamp>311.631632</timestamp>
			</report>
			<report>
				<misses>2229001</misses>
				<total>168704</total>
				<timestamp>311.771616</timestamp>
			</report>
			<report>
				<misses>2230001</misses>
				<total>168705</total>
				<timestamp>311.911573</timestamp>
			</report>
			<report>
				<misses>2231001</misses>
				<total>168705</total>
				<timestamp>312.051383</timestamp>
			</report>
			<report>
				<misses>2232001</misses>
				<total>168705</total>
				<timestamp>312.191198</timestamp>
			</report>
			<report>
				<misses>2233001</misses>
				<total>168705</total>
				<timestamp>312.331069</timestamp>
			</report>
			<report>
				<misses>2234001</misses>
				<total>168705</total>
				<timestamp>312.470937</timestamp>
			</report>
			<report>
				<misses>2235001</misses>
				<total>168704</total>
				<timestamp>312.610857</timestamp>
			</report>
			<report>
				<misses>2236001</misses>
				<total>168704</total>
				<timestamp>312.750751</timestamp>
			</report>
			<report>
				<misses>2237001</misses>
				<total>168705</total>
				<timestamp>312.890560</timestamp>
			</report>
			<report>
				<misses>2238001</misses>
				<total>168705</total>
				<timestamp>313.030428</timestamp>
			</report>
			<report>
				<misses>2239001</misses>
				<total>168705</total>
				<timestamp>313.170283</timestamp>
			</report>
			<report>
				<misses>2240001</misses>
				<total>168705</total>
				<timestamp>313.310127</timestamp>
			</report>
			<report>
				<misses>2241001</misses>
				<total>168705</total>
				<timestamp>313.449954</timestamp>
			</report>
			<report>
				<misses>2242001</misses>
				<total>168705</total>
				<timestamp>313.589834</timestamp>
			</report>
			<report>
				<misses>2243001</misses>
				<total>168704</total>
				<timestamp>313.729779</timestamp>
			</report>
			<report>
				<misses>2244001</misses>
				<total>168706</total>
				<timestamp>313.869788</timestamp>
			</report>
			<report>
				<misses>2245001</misses>
				<total>168706</total>
				<timestamp>314.009715</timestamp>
			</report>
			<report>
				<misses>2246001</misses>
				<total>168706</total>
				<timestamp>314.149609</timestamp>
			</report>
			<report>
				<misses>2247001</misses>
				<total>168706</total>
				<timestamp>314.289388</timestamp>
			</report>
			<report>
				<misses>2248001</misses>
				<total>168706</total>
				<timestamp>314.429243</timestamp>
			</report>
			<report>
				<misses>2249001</misses>
				<total>168706</total>
				<timestamp>314.569120</timestamp>
			</report>
			<report>
				<misses>2250001</misses>
				<total>168706</total>
				<timestamp>314.709012</timestamp>
			</report>
			<report>
				<misses>2251001</misses>
				<total>168706</total>
				<timestamp>314.848860</timestamp>
			</report>
			<report>
				<misses>2252001</misses>
				<total>168706</total>
				<timestamp>314.988696</timestamp>
			</report>
			<report>
				<misses>2253001</misses>
				<total>168706</total>
				<timestamp>315.128562</timestamp>
			</report>
			<report>
				<misses>2254001</misses>
				<total>168705</total>
				<timestamp>315.268532</timestamp>
			</report>
			<report>
				<misses>2255001</misses>
				<total>168706</total>
				<timestamp>315.408421</timestamp>
			</report>
			<report>
				<misses>2256001</misses>
				<total>168706</total>
				<timestamp>315.548302</timestamp>
			</report>
			<report>
				<misses>2257001</misses>
				<total>168706</total>
				<timestamp>315.688131</timestamp>
			</report>
			<report>
				<misses>2258001</misses>
				<total>168706</total>
				<timestamp>315.828040</timestamp>
			</report>
			<report>
				<misses>2259001</misses>
				<total>168706</total>
				<timestamp>315.967895</timestamp>
			</report>
			<report>
				<misses>2260001</misses>
				<total>168706</total>
				<timestamp>316.107708</timestamp>
			</report>
			<report>
				<misses>2261001</misses>
				<total>168706</total>
				<timestamp>316.247597</timestamp>
			</report>
			<report>
				<misses>2262001</misses>
				<total>168705</total>
				<timestamp>316.387539</timestamp>
			</report>
			<report>
				<misses>2263001</misses>
				<total>168707</total>
				<timestamp>316.527514</timestamp>
			</report>
			<report>
				<misses>2264001</misses>
				<total>168707</total>
				<timestamp>316.667322</timestamp>
			</report>
			<report>
				<misses>2265001</misses>
				<total>168707</total>
				<timestamp>316.807161</timestamp>
			</report>
			<report>
				<misses>2266001</misses>
				<total>168707</total>
				<timestamp>316.947019</timestamp>
			</report>
			<report>
				<misses>2267001</misses>
				<total>168706</total>
				<timestamp>317.086945</timestamp>
			</report>
			<report>
				<misses>2268001</misses>
				<total>168714</total>
				<timestamp>317.226755</timestamp>
			</report>
			<report>
				<misses>2269001</misses>
				<total>168714</total>
				<timestamp>317.366594</timestamp>
			</report>
			<report>
				<misses>2270001</misses>
				<total>168714</total>
				<timestamp>317.506495</timestamp>
			</report>
			<report>
				<misses>2271001</misses>
				<total>168713</total>
				<timestamp>317.646353</timestamp>
			</report>
			<report>
				<misses>2272001</misses>
				<total>168714</total>
				<timestamp>317.786229</timestamp>
			</report>
			<report>
				<misses>2273001</misses>
				<total>168714</total>
				<timestamp>317.926038</timestamp>
			</report>
			<report>
				<misses>2274001</misses>
				<total>168714</total>
				<timestamp>318.065901</timestamp>
			</report>
			<report>
				<misses>2275001</misses>
				<total>168713</total>
				<timestamp>318.205931</timestamp>
			</report>
			<report>
				<misses>2276001</misses>
				<total>168714</total>
				<timestamp>318.345762</timestamp>
			</report>
			<report>
				<misses>2277001</misses>
				<total>168714</total>
				<timestamp>318.485632</timestamp>
			</report>
			<report>
				<misses>2278001</misses>
				<total>168714</total>
				<timestamp>318.625512</timestamp>
			</report>
			<report>
				<misses>2279001</misses>
				<total>168714</total>
				<timestamp>318.765325</timestamp>
			</report>
			<report>
				<misses>2280001</misses>
				<total>168713</total>
				<timestamp>318.905259</timestamp>
			</report>
			<report>
				<misses>2281001</misses>
				<total>168714</total>
				<timestamp>319.045044</timestamp>
			</report>
			<report>
				<misses>2282001</misses>
				<total>168713</total>
				<timestamp>319.185015</timestamp>
			</report>
			<report>
				<misses>2283001</misses>
				<total>168714</total>
				<timestamp>319.324926</timestamp>
			</report>
			<report>
				<misses>2284001</misses>
				<total>168714</total>
				<timestamp>319.464766</timestamp>
			</report>
			<report>
				<misses>2285001</misses>
				<total>168714</total>
				<timestamp>319.604682</timestamp>
			</report>
			<report>
				<misses>2286001</misses>
				<total>168714</total>
				<timestamp>319.744568</timestamp>
			</report>
			<report>
				<misses>2287001</misses>
				<total>168714</total>
				<timestamp>319.884356</timestamp>
			</report>
			<report>
				<misses>2288001</misses>
				<total>168714</total>
				<timestamp>320.024206</timestamp>
			</report>
			<report>
				<misses>2289001</misses>
				<total>168714</total>
				<timestamp>320.164060</timestamp>
			</report>
			<report>
				<misses>2290001</misses>
				<total>168714</total>
				<timestamp>320.303945</timestamp>
			</report>
			<report>
				<misses>2291001</misses>
				<total>168714</total>
				<timestamp>320.443784</timestamp>
			</report>
			<report>
				<misses>2292001</misses>
				<total>168714</total>
				<timestamp>320.583664</timestamp>
			</report>
			<report>
				<misses>2293001</misses>
				<total>168713</total>
				<timestamp>320.723581</timestamp>
			</report>
			<report>
				<misses>2294001</misses>
				<total>168715</total>
				<timestamp>320.863463</timestamp>
			</report>
			<report>
				<misses>2295001</misses>
				<total>168716</total>
				<timestamp>321.003270</timestamp>
			</report>
			<report>
				<misses>2296001</misses>
				<total>168716</total>
				<timestamp>321.143076</timestamp>
			</report>
			<report>
				<misses>2297001</misses>
				<total>168716</total>
				<timestamp>321.283016</timestamp>
			</report>
			<report>
				<misses>2298001</misses>
				<total>168716</total>
				<timestamp>321.422853</timestamp>
			</report>
			<report>
				<misses>2299001</misses>
				<total>168716</total>
				<timestamp>321.562728</timestamp>
			</report>
			<report>
				<misses>2300001</misses>
				<total>168716</total>
				<timestamp>321.702567</timestamp>
			</report>
			<report>
				<misses>2301001</misses>
				<total>168716</total>
				<timestamp>321.842460</timestamp>
			</report>
			<report>
				<misses>2302001</misses>
				<total>168716</total>
				<timestamp>321.982259</timestamp>
			</report>
			<report>
				<misses>2303001</misses>
				<total>168716</total>
				<timestamp>322.122141</timestamp>
			</report>
			<report>
				<misses>2304001</misses>
				<total>168716</total>
				<timestamp>322.262032</timestamp>
			</report>
			<report>
				<misses>2305001</misses>
				<total>168716</total>
				<timestamp>322.401847</timestamp>
			</report>
			<report>
				<misses>2306001</misses>
				<total>168716</total>
				<timestamp>322.541737</timestamp>
			</report>
			<report>
				<misses>2307001</misses>
				<total>168715</total>
				<timestamp>322.681633</timestamp>
			</report>
			<report>
				<misses>2308001</misses>
				<total>168716</total>
				<timestamp>322.821484</timestamp>
			</report>
			<report>
				<misses>2309001</misses>
				<total>168716</total>
				<timestamp>322.961262</timestamp>
			</report>
			<report>
				<misses>2310001</misses>
				<total>168716</total>
				<timestamp>323.101188</timestamp>
			</report>
			<report>
				<misses>2311001</misses>
				<total>168716</total>
				<timestamp>323.241027</timestamp>
			</report>
			<report>
				<misses>2312001</misses>
				<total>168715</total>
				<timestamp>323.380950</timestamp>
			</report>
			<report>
				<misses>2313001</misses>
				<total>168715</total>
				<timestamp>323.520804</timestamp>
			</report>
			<report>
				<misses>2314001</misses>
				<total>168716</total>
				<timestamp>323.660562</timestamp>
			</report>
			<report>
				<misses>2315001</misses>
				<total>168716</total>
				<timestamp>323.800473</timestamp>
			</report>
			<report>
				<misses>2316001</misses>
				<total>168716</total>
				<timestamp>323.940327</timestamp>
			</report>
			<report>
				<misses>2317001</misses>
				<total>168716</total>
				<timestamp>324.080134</timestamp>
			</report>
			<report>
				<misses>2318001</misses>
				<total>168717</total>
				<timestamp>324.220056</timestamp>
			</report>
			<report>
				<misses>2319001</misses>
				<total>168716</total>
				<timestamp>324.359988</timestamp>
			</report>
			<report>
				<misses>2320001</misses>
				<total>168717</total>
				<timestamp>324.499898</timestamp>
			</report>
			<report>
				<misses>2321001</misses>
				<total>168717</total>
				<timestamp>324.639772</timestamp>
			</report>
			<report>
				<misses>2322001</misses>
				<total>168717</total>
				<timestamp>324.779601</timestamp>
			</report>
			<report>
				<misses>2323001</misses>
				<total>168717</total>
				<timestamp>324.919479</timestamp>
			</report>
			<report>
				<misses>2324001</misses>
				<total>168717</total>
				<timestamp>325.059341</timestamp>
			</report>
			<report>
				<misses>2325001</misses>
				<total>168717</total>
				<timestamp>325.199275</timestamp>
			</report>
			<report>
				<misses>2326001</misses>
				<total>168717</total>
				<timestamp>325.339208</timestamp>
			</report>
			<report>
				<misses>2327001</misses>
				<total>168717</total>
				<timestamp>325.479070</timestamp>
			</report>
			<report>
				<misses>2328001</misses>
				<total>168716</total>
				<timestamp>325.618967</timestamp>
			</report>
			<report>
				<misses>2329001</misses>
				<total>168717</total>
				<timestamp>325.758793</timestamp>
			</report>
			<report>
				<misses>2330001</misses>
				<total>168716</total>
				<timestamp>325.898727</timestamp>
			</report>
			<report>
				<misses>2331001</misses>
				<total>168717</total>
				<timestamp>326.038653</timestamp>
			</report>
			<report>
				<misses>2332001</misses>
				<total>168728</total>
				<timestamp>326.178488</timestamp>
			</report>
			<report>
				<misses>2333001</misses>
				<total>168749</total>
				<timestamp>326.318377</timestamp>
			</report>
			<report>
				<misses>2334001</misses>
				<total>168749</total>
				<timestamp>326.458188</timestamp>
			</report>
			<report>
				<misses>2335001</misses>
				<total>168749</total>
				<timestamp>326.598065</timestamp>
			</report>
			<report>
				<misses>2336001</misses>
				<total>168749</total>
				<timestamp>326.737942</timestamp>
			</report>
			<report>
				<misses>2337001</misses>
				<total>168749</total>
				<timestamp>326.877837</timestamp>
			</report>
			<report>
				<misses>2338001</misses>
				<total>168748</total>
				<timestamp>327.017709</timestamp>
			</report>
			<report>
				<misses>2339001</misses>
				<total>168749</total>
				<timestamp>327.157528</timestamp>
			</report>
			<report>
				<misses>2340001</misses>
				<total>168749</total>
				<timestamp>327.297456</timestamp>
			</report>
			<report>
				<misses>2341001</misses>
				<total>168750</total>
				<timestamp>327.437368</timestamp>
			</report>
			<report>
				<misses>2342001</misses>
				<total>168750</total>
				<timestamp>327.577211</timestamp>
			</report>
			<report>
				<misses>2343001</misses>
				<total>168750</total>
				<timestamp>327.717111</timestamp>
			</report>
			<report>
				<misses>2344001</misses>
				<total>168750</total>
				<timestamp>327.856936</timestamp>
			</report>
			<report>
				<misses>2345001</misses>
				<total>168750</total>
				<timestamp>327.996831</timestamp>
			</report>
			<report>
				<misses>2346001</misses>
				<total>168749</total>
				<timestamp>328.136705</timestamp>
			</report>
			<report>
				<misses>2347001</misses>
				<total>168749</total>
				<timestamp>328.276611</timestamp>
			</report>
			<report>
				<misses>2348001</misses>
				<total>168750</total>
				<timestamp>328.416391</timestamp>
			</report>
			<report>
				<misses>2349001</misses>
				<total>168750</total>
				<timestamp>328.556256</timestamp>
			</report>
			<report>
				<misses>2350001</misses>
				<total>168750</total>
				<timestamp>328.696185</timestamp>
			</report>
			<report>
				<misses>2351001</misses>
				<total>168750</total>
				<timestamp>328.836008</timestamp>
			</report>
			<report>
				<misses>2352001</misses>
				<total>168750</total>
				<timestamp>328.975898</timestamp>
			</report>
			<report>
				<misses>2353001</misses>
				<total>168750</total>
				<timestamp>329.115665</timestamp>
			</report>
			<report>
				<misses>2354001</misses>
				<total>168750</total>
				<timestamp>329.255619</timestamp>
			</report>
			<report>
				<misses>2355001</misses>
				<total>168749</total>
				<timestamp>329.395498</timestamp>
			</report>
			<report>
				<misses>2356001</misses>
				<total>168750</total>
				<timestamp>329.535433</timestamp>
			</report>
			<report>
				<misses>2357001</misses>
				<total>168749</total>
				<timestamp>329.675291</timestamp>
			</report>
			<report>
				<misses>2358001</misses>
				<total>168750</total>
				<timestamp>329.815129</timestamp>
			</report>
			<report>
				<misses>2359001</misses>
				<total>168749</total>
				<timestamp>329.955039</timestamp>
			</report>
			<report>
				<misses>2360001</misses>
				<total>168750</total>
				<timestamp>330.094821</timestamp>
			</report>
			<report>
				<misses>2361001</misses>
				<total>168750</total>
				<timestamp>330.234694</timestamp>
			</report>
			<report>
				<misses>2362001</misses>
				<total>168750</total>
				<timestamp>330.374596</timestamp>
			</report>
			<report>
				<misses>2363001</misses>
				<total>168750</total>
				<timestamp>330.514431</timestamp>
			</report>
			<report>
				<misses>2364001</misses>
				<total>168750</total>
				<timestamp>330.654265</timestamp>
			</report>
			<report>
				<misses>2365001</misses>
				<total>168750</total>
				<timestamp>330.794126</timestamp>
			</report>
			<report>
				<misses>2366001</misses>
				<total>168750</total>
				<timestamp>330.934030</timestamp>
			</report>
			<report>
				<misses>2367001</misses>
				<total>168750</total>
				<timestamp>331.073859</timestamp>
			</report>
			<report>
				<misses>2368001</misses>
				<total>168750</total>
				<timestamp>331.213783</timestamp>
			</report>
			<report>
				<misses>2369001</misses>
				<total>168750</total>
				<timestamp>331.353586</timestamp>
			</report>
			<report>
				<misses>2370001</misses>
				<total>168750</total>
				<timestamp>331.493467</timestamp>
			</report>
			<report>
				<misses>2371001</misses>
				<total>168752</total>
				<timestamp>331.633369</timestamp>
			</report>
			<report>
				<misses>2372001</misses>
				<total>168753</total>
				<timestamp>331.773232</timestamp>
			</report>
			<report>
				<misses>2373001</misses>
				<total>168753</total>
				<timestamp>331.913031</timestamp>
			</report>
			<report>
				<misses>2374001</misses>
				<total>168752</total>
				<timestamp>332.052962</timestamp>
			</report>
			<report>
				<misses>2375001</misses>
				<total>168753</total>
				<timestamp>332.192748</timestamp>
			</report>
			<report>
				<misses>2376001</misses>
				<total>168753</total>
				<timestamp>332.332605</timestamp>
			</report>
			<report>
				<misses>2377001</misses>
				<total>168753</total>
				<timestamp>332.472448</timestamp>
			</report>
			<report>
				<misses>2378001</misses>
				<total>168753</total>
				<timestamp>332.612320</timestamp>
			</report>
			<report>
				<misses>2379001</misses>
				<total>168753</total>
				<timestamp>332.752180</timestamp>
			</report>
			<report>
				<misses>2380001</misses>
				<total>168753</total>
				<timestamp>332.892083</timestamp>
			</report>
			<report>
				<misses>2381001</misses>
				<total>168754</total>
				<timestamp>333.031909</timestamp>
			</report>
			<report>
				<misses>2382001</misses>
				<total>168753</total>
				<timestamp>333.171788</timestamp>
			</report>
			<report>
				<misses>2383001</misses>
				<total>168753</total>
				<timestamp>333.311665</timestamp>
			</report>
			<report>
				<misses>2384001</misses>
				<total>168753</total>
				<timestamp>333.451509</timestamp>
			</report>
			<report>
				<misses>2385001</misses>
				<total>168753</total>
				<timestamp>333.591331</timestamp>
			</report>
			<report>
				<misses>2386001</misses>
				<total>168753</total>
				<timestamp>333.731251</timestamp>
			</report>
			<report>
				<misses>2387001</misses>
				<total>168756</total>
				<timestamp>333.871136</timestamp>
			</report>
			<report>
				<misses>2388001</misses>
				<total>168756</total>
				<timestamp>334.010911</timestamp>
			</report>
			<report>
				<misses>2389001</misses>
				<total>168757</total>
				<timestamp>334.150776</timestamp>
			</report>
			<report>
				<misses>2390001</misses>
				<total>168757</total>
				<timestamp>334.290697</timestamp>
			</report>
			<report>
				<misses>2391001</misses>
				<total>168756</total>
				<timestamp>334.430568</timestamp>
			</report>
			<report>
				<misses>2392001</misses>
				<total>168757</total>
				<timestamp>334.570420</timestamp>
			</report>
			<report>
				<misses>2393001</misses>
				<total>168758</total>
				<timestamp>334.710204</timestamp>
			</report>
			<report>
				<misses>2394001</misses>
				<total>168758</total>
				<timestamp>334.850077</timestamp>
			</report>
			<report>
				<misses>2395001</misses>
				<total>168757</total>
				<timestamp>334.990006</timestamp>
			</report>
			<report>
				<misses>2396001</misses>
				<total>168758</total>
				<timestamp>335.129802</timestamp>
			</report>
			<report>
				<misses>2397001</misses>
				<total>168757</total>
				<timestamp>335.269730</timestamp>
			</report>
			<report>
				<misses>2398001</misses>
				<total>168758</total>
				<timestamp>335.409590</timestamp>
			</report>
			<report>
				<misses>2399001</misses>
				<total>168761</total>
				<timestamp>335.549396</timestamp>
			</report>
			<report>
				<misses>2400001</misses>
				<total>168763</total>
				<timestamp>335.689221</timestamp>
			</report>
			<report>
				<misses>2401001</misses>
				<total>168763</total>
				<timestamp>335.829146</timestamp>
			</report>
			<report>
				<misses>2402001</misses>
				<total>168776</total>
				<timestamp>335.968977</timestamp>
			</report>
			<report>
				<misses>2403001</misses>
				<total>168776</total>
				<timestamp>336.108859</timestamp>
			</report>
			<report>
				<misses>2404001</misses>
				<total>168776</total>
				<timestamp>336.248681</timestamp>
			</report>
			<report>
				<misses>2405001</misses>
				<total>168776</total>
				<timestamp>336.388647</timestamp>
			</report>
			<report>
				<misses>2406001</misses>
				<total>168776</total>
				<timestamp>336.528538</timestamp>
			</report>
			<report>
				<misses>2407001</misses>
				<total>168776</total>
				<timestamp>336.668482</timestamp>
			</report>
			<report>
				<misses>2408001</misses>
				<total>168776</total>
				<timestamp>336.808343</timestamp>
			</report>
			<report>
				<misses>2409001</misses>
				<total>168776</total>
				<timestamp>336.948163</timestamp>
			</report>
			<report>
				<misses>2410001</misses>
				<total>168776</total>
				<timestamp>337.087981</timestamp>
			</report>
			<report>
				<misses>2411001</misses>
				<total>168775</total>
				<timestamp>337.227922</timestamp>
			</report>
			<report>
				<misses>2412001</misses>
				<total>168776</total>
				<timestamp>337.367719</timestamp>
			</report>
			<report>
				<misses>2413001</misses>
				<total>168776</total>
				<timestamp>337.507628</timestamp>
			</report>
			<report>
				<misses>2414001</misses>
				<total>168778</total>
				<timestamp>337.647479</timestamp>
			</report>
			<report>
				<misses>2415001</misses>
				<total>168778</total>
				<timestamp>337.787294</timestamp>
			</report>
			<report>
				<misses>2416001</misses>
				<total>168778</total>
				<timestamp>337.927153</timestamp>
			</report>
			<report>
				<misses>2417001</misses>
				<total>168778</total>
				<timestamp>338.067084</timestamp>
			</report>
			<report>
				<misses>2418001</misses>
				<total>168778</total>
				<timestamp>338.206853</timestamp>
			</report>
			<report>
				<misses>2419001</misses>
				<total>168778</total>
				<timestamp>338.346708</timestamp>
			</report>
			<report>
				<misses>2420001</misses>
				<total>168778</total>
				<timestamp>338.486587</timestamp>
			</report>
			<report>
				<misses>2421001</misses>
				<total>168778</total>
				<timestamp>338.626444</timestamp>
			</report>
			<report>
				<misses>2422001</misses>
				<total>168778</total>
				<timestamp>338.766329</timestamp>
			</report>
			<report>
				<misses>2423001</misses>
				<total>168777</total>
				<timestamp>338.906265</timestamp>
			</report>
			<report>
				<misses>2424001</misses>
				<total>168778</total>
				<timestamp>339.046197</timestamp>
			</report>
			<report>
				<misses>2425001</misses>
				<total>168778</total>
				<timestamp>339.186040</timestamp>
			</report>
			<report>
				<misses>2426001</misses>
				<total>168778</total>
				<timestamp>339.325897</timestamp>
			</report>
			<report>
				<misses>2427001</misses>
				<total>168778</total>
				<timestamp>339.465771</timestamp>
			</report>
			<report>
				<misses>2428001</misses>
				<total>168777</total>
				<timestamp>339.605647</timestamp>
			</report>
			<report>
				<misses>2429001</misses>
				<total>168777</total>
				<timestamp>339.745534</timestamp>
			</report>
			<report>
				<misses>2430001</misses>
				<total>168777</total>
				<timestamp>339.885410</timestamp>
			</report>
			<report>
				<misses>2431001</misses>
				<total>168779</total>
				<timestamp>340.025196</timestamp>
			</report>
			<report>
				<misses>2432001</misses>
				<total>168789</total>
				<timestamp>340.165009</timestamp>
			</report>
			<report>
				<misses>2433001</misses>
				<total>168791</total>
				<timestamp>340.304880</timestamp>
			</report>
			<report>
				<misses>2434001</misses>
				<total>169230</total>
				<timestamp>340.444798</timestamp>
			</report>
			<report>
				<misses>2435001</misses>
				<total>170229</total>
				<timestamp>340.584616</timestamp>
			</report>
			<report>
				<misses>2436001</misses>
				<total>171228</total>
				<timestamp>340.724476</timestamp>
			</report>
			<report>
				<misses>2437001</misses>
				<total>172227</total>
				<timestamp>340.864342</timestamp>
			</report>
			<report>
				<misses>2438001</misses>
				<total>173226</total>
				<timestamp>341.004190</timestamp>
			</report>
			<report>
				<misses>2439001</misses>
				<total>174225</total>
				<timestamp>341.144061</timestamp>
			</report>
			<report>
				<misses>2440001</misses>
				<total>175224</total>
				<timestamp>341.283904</timestamp>
			</report>
			<report>
				<misses>2441001</misses>
				<total>176223</total>
				<timestamp>341.423896</timestamp>
			</report>
			<report>
				<misses>2442001</misses>
				<total>177222</total>
				<timestamp>341.563766</timestamp>
			</report>
			<report>
				<misses>2443001</misses>
				<total>178221</total>
				<timestamp>341.703727</timestamp>
			</report>
			<report>
				<misses>2444001</misses>
				<total>179220</total>
				<timestamp>341.843536</timestamp>
			</report>
			<report>
				<misses>2445001</misses>
				<total>180219</total>
				<timestamp>341.983457</timestamp>
			</report>
			<report>
				<misses>2446001</misses>
				<total>181218</total>
				<timestamp>342.123439</timestamp>
			</report>
			<report>
				<misses>2447001</misses>
				<total>182217</total>
				<timestamp>342.263194</timestamp>
			</report>
			<report>
				<misses>2448001</misses>
				<total>183216</total>
				<timestamp>342.403129</timestamp>
			</report>
			<report>
				<misses>2449001</misses>
				<total>184215</total>
				<timestamp>342.543082</timestamp>
			</report>
			<report>
				<misses>2450001</misses>
				<total>185214</total>
				<timestamp>342.682949</timestamp>
			</report>
			<report>
				<misses>2451001</misses>
				<total>186213</total>
				<timestamp>342.822787</timestamp>
			</report>
			<report>
				<misses>2452001</misses>
				<total>187212</total>
				<timestamp>342.962747</timestamp>
			</report>
			<report>
				<misses>2453001</misses>
				<total>188211</total>
				<timestamp>343.102630</timestamp>
			</report>
			<report>
				<misses>2454001</misses>
				<total>189210</total>
				<timestamp>343.242579</timestamp>
			</report>
			<report>
				<misses>2455001</misses>
				<total>190209</total>
				<timestamp>343.382509</timestamp>
			</report>
			<report>
				<misses>2456001</misses>
				<total>191208</total>
				<timestamp>343.522494</timestamp>
			</report>
			<report>
				<misses>2457001</misses>
				<total>192207</total>
				<timestamp>343.662476</timestamp>
			</report>
			<report>
				<misses>2458001</misses>
				<total>193206</total>
				<timestamp>343.802397</timestamp>
			</report>
			<report>
				<misses>2459001</misses>
				<total>194205</total>
				<timestamp>343.942231</timestamp>
			</report>
			<report>
				<misses>2460001</misses>
				<total>195204</total>
				<timestamp>344.082097</timestamp>
			</report>
			<report>
				<misses>2461001</misses>
				<total>196203</total>
				<timestamp>344.221972</timestamp>
			</report>
			<report>
				<misses>2462001</misses>
				<total>197202</total>
				<timestamp>344.361857</timestamp>
			</report>
			<report>
				<misses>2463001</misses>
				<total>198201</total>
				<timestamp>344.501764</timestamp>
			</report>
			<report>
				<misses>2464001</misses>
				<total>199200</total>
				<timestamp>344.641625</timestamp>
			</report>
			<report>
				<misses>2465001</misses>
				<total>200199</total>
				<timestamp>344.781431</timestamp>
			</report>
			<report>
				<misses>2466001</misses>
				<total>201198</total>
				<timestamp>344.921276</timestamp>
			</report>
			<report>
				<misses>2467001</misses>
				<total>202197</total>
				<timestamp>345.061131</timestamp>
			</report>
			<report>
				<misses>2468001</misses>
				<total>203196</total>
				<timestamp>345.200983</timestamp>
			</report>
			<report>
				<misses>2469001</misses>
				<total>204195</total>
				<timestamp>345.340840</timestamp>
			</report>
			<report>
				<misses>2470001</misses>
				<total>205194</total>
				<timestamp>345.480712</timestamp>
			</report>
			<report>
				<misses>2471001</misses>
				<total>206193</total>
				<timestamp>345.620535</timestamp>
			</report>
			<report>
				<misses>2472001</misses>
				<total>207192</total>
				<timestamp>345.760454</timestamp>
			</report>
			<report>
				<misses>2473001</misses>
				<total>208191</total>
				<timestamp>345.900286</timestamp>
			</report>
			<report>
				<misses>2474001</misses>
				<total>209190</total>
				<timestamp>346.040144</timestamp>
			</report>
			<report>
				<misses>2475001</misses>
				<total>210189</total>
				<timestamp>346.180051</timestamp>
			</report>
			<report>
				<misses>2476001</misses>
				<total>211188</total>
				<timestamp>346.319867</timestamp>
			</report>
			<report>
				<misses>2477001</misses>
				<total>212187</total>
				<timestamp>346.459703</timestamp>
			</report>
			<report>
				<misses>2478001</misses>
				<total>213186</total>
				<timestamp>346.599566</timestamp>
			</report>
			<report>
				<misses>2479001</misses>
				<total>214185</total>
				<timestamp>346.739463</timestamp>
			</report>
			<report>
				<misses>2480001</misses>
				<total>215184</total>
				<timestamp>346.879342</timestamp>
			</report>
			<report>
				<misses>2481001</misses>
				<total>216183</total>
				<timestamp>347.019216</timestamp>
			</report>
			<report>
				<misses>2482001</misses>
				<total>217182</total>
				<timestamp>347.159043</timestamp>
			</report>
			<report>
				<misses>2483001</misses>
				<total>218181</total>
				<timestamp>347.298886</timestamp>
			</report>
			<report>
				<misses>2484001</misses>
				<total>219180</total>
				<timestamp>347.438740</timestamp>
			</report>
			<report>
				<misses>2485001</misses>
				<total>220179</total>
				<timestamp>347.578643</timestamp>
			</report>
			<report>
				<misses>2486001</misses>
				<total>221178</total>
				<timestamp>347.718469</timestamp>
			</report>
			<report>
				<misses>2487001</misses>
				<total>222177</total>
				<timestamp>347.858345</timestamp>
			</report>
			<report>
				<misses>2488001</misses>
				<total>223176</total>
				<timestamp>347.998191</timestamp>
			</report>
			<report>
				<misses>2489001</misses>
				<total>224175</total>
				<timestamp>348.138079</timestamp>
			</report>
			<report>
				<misses>2490001</misses>
				<total>225174</total>
				<timestamp>348.277951</timestamp>
			</report>
			<report>
				<misses>2491001</misses>
				<total>226173</total>
				<timestamp>348.417770</timestamp>
			</report>
			<report>
				<misses>2492001</misses>
				<total>227172</total>
				<timestamp>348.557688</timestamp>
			</report>
			<report>
				<misses>2493001</misses>
				<total>228171</total>
				<timestamp>348.697494</timestamp>
			</report>
			<report>
				<misses>2494001</misses>
				<total>229170</total>
				<timestamp>348.837347</timestamp>
			</report>
			<report>
				<misses>2495001</misses>
				<total>230169</total>
				<timestamp>348.977336</timestamp>
			</report>
			<report>
				<misses>2496001</misses>
				<total>231168</total>
				<timestamp>349.117194</timestamp>
			</report>
			<report>
				<misses>2497001</misses>
				<total>232167</total>
				<timestamp>349.257105</timestamp>
			</report>
			<report>
				<misses>2498001</misses>
				<total>233166</total>
				<timestamp>349.396913</timestamp>
			</report>
			<report>
				<misses>2499001</misses>
				<total>234165</total>
				<timestamp>349.536810</timestamp>
			</report>
			<report>
				<misses>2500001</misses>
				<total>235164</total>
				<timestamp>349.676743</timestamp>
			</report>
			<report>
				<misses>2501001</misses>
				<total>236163</total>
				<timestamp>349.816642</timestamp>
			</report>
			<report>
				<misses>2502001</misses>
				<total>237162</total>
				<timestamp>349.956533</timestamp>
			</report>
			<report>
				<misses>2503001</misses>
				<total>238161</total>
				<timestamp>350.096417</timestamp>
			</report>
			<report>
				<misses>2504001</misses>
				<total>239160</total>
				<timestamp>350.236261</timestamp>
			</report>
			<report>
				<misses>2505001</misses>
				<total>240159</total>
				<timestamp>350.376116</timestamp>
			</report>
			<report>
				<misses>2506001</misses>
				<total>241158</total>
				<timestamp>350.516024</timestamp>
			</report>
			<report>
				<misses>2507001</misses>
				<total>242157</total>
				<timestamp>350.655859</timestamp>
			</report>
			<report>
				<misses>2508001</misses>
				<total>243156</total>
				<timestamp>350.795679</timestamp>
			</report>
			<report>
				<misses>2509001</misses>
				<total>244155</total>
				<timestamp>350.935517</timestamp>
			</report>
			<report>
				<misses>2510001</misses>
				<total>245154</total>
				<timestamp>351.075443</timestamp>
			</report>
			<report>
				<misses>2511001</misses>
				<total>246153</total>
				<timestamp>351.215393</timestamp>
			</report>
			<report>
				<misses>2512001</misses>
				<total>247152</total>
				<timestamp>351.355242</timestamp>
			</report>
			<report>
				<misses>2513001</misses>
				<total>248151</total>
				<timestamp>351.495136</timestamp>
			</report>
			<report>
				<misses>2514001</misses>
				<total>249150</total>
				<timestamp>351.634952</timestamp>
			</report>
			<report>
				<misses>2515001</misses>
				<total>250149</total>
				<timestamp>351.774836</timestamp>
			</report>
			<report>
				<misses>2516001</misses>
				<total>251148</total>
				<timestamp>351.914698</timestamp>
			</report>
			<report>
				<misses>2517001</misses>
				<total>252147</total>
				<timestamp>352.054553</timestamp>
			</report>
			<report>
				<misses>2518001</misses>
				<total>253146</total>
				<timestamp>352.194442</timestamp>
			</report>
			<report>
				<misses>2519001</misses>
				<total>254145</total>
				<timestamp>352.334318</timestamp>
			</report>
			<report>
				<misses>2520001</misses>
				<total>255144</total>
				<timestamp>352.474132</timestamp>
			</report>
			<report>
				<misses>2521001</misses>
				<total>256143</total>
				<timestamp>352.614029</timestamp>
			</report>
			<report>
				<misses>2522001</misses>
				<total>257142</total>
				<timestamp>352.753883</timestamp>
			</report>
			<report>
				<misses>2523001</misses>
				<total>258141</total>
				<timestamp>352.893682</timestamp>
			</report>
			<report>
				<misses>2524001</misses>
				<total>259140</total>
				<timestamp>353.033613</timestamp>
			</report>
			<report>
				<misses>2525001</misses>
				<total>260139</total>
				<timestamp>353.173423</timestamp>
			</report>
			<report>
				<misses>2526001</misses>
				<total>261138</total>
				<timestamp>353.313311</timestamp>
			</report>
			<report>
				<misses>2527001</misses>
				<total>262137</total>
				<timestamp>353.453171</timestamp>
			</report>
			<report>
				<misses>2528001</misses>
				<total>263136</total>
				<timestamp>353.593032</timestamp>
			</report>
			<report>
				<misses>2529001</misses>
				<total>264135</total>
				<timestamp>353.732855</timestamp>
			</report>
			<report>
				<misses>2530001</misses>
				<total>265134</total>
				<timestamp>353.872800</timestamp>
			</report>
			<report>
				<misses>2531001</misses>
				<total>266133</total>
				<timestamp>354.012612</timestamp>
			</report>
			<report>
				<misses>2532001</misses>
				<total>267132</total>
				<timestamp>354.152460</timestamp>
			</report>
			<report>
				<misses>2533001</misses>
				<total>268131</total>
				<timestamp>354.292292</timestamp>
			</report>
			<report>
				<misses>2534001</misses>
				<total>269130</total>
				<timestamp>354.432185</timestamp>
			</report>
			<report>
				<misses>2535001</misses>
				<total>270129</total>
				<timestamp>354.572050</timestamp>
			</report>
			<report>
				<misses>2536001</misses>
				<total>271128</total>
				<timestamp>354.711880</timestamp>
			</report>
			<report>
				<misses>2537001</misses>
				<total>272127</total>
				<timestamp>354.851850</timestamp>
			</report>
			<report>
				<misses>2538001</misses>
				<total>273126</total>
				<timestamp>354.991775</timestamp>
			</report>
			<report>
				<misses>2539001</misses>
				<total>274125</total>
				<timestamp>355.131597</timestamp>
			</report>
			<report>
				<misses>2540001</misses>
				<total>275124</total>
				<timestamp>355.271449</timestamp>
			</report>
			<report>
				<misses>2541001</misses>
				<total>276123</total>
				<timestamp>355.411320</timestamp>
			</report>
			<report>
				<misses>2542001</misses>
				<total>277122</total>
				<timestamp>355.551255</timestamp>
			</report>
			<report>
				<misses>2543001</misses>
				<total>278121</total>
				<timestamp>355.691103</timestamp>
			</report>
			<report>
				<misses>2544001</misses>
				<total>279120</total>
				<timestamp>355.830942</timestamp>
			</report>
			<report>
				<misses>2545001</misses>
				<total>280119</total>
				<timestamp>355.970777</timestamp>
			</report>
			<report>
				<misses>2546001</misses>
				<total>281118</total>
				<timestamp>356.110637</timestamp>
			</report>
			<report>
				<misses>2547001</misses>
				<total>282117</total>
				<timestamp>356.250470</timestamp>
			</report>
			<report>
				<misses>2548001</misses>
				<total>283116</total>
				<timestamp>356.390344</timestamp>
			</report>
			<report>
				<misses>2549001</misses>
				<total>284115</total>
				<timestamp>356.530241</timestamp>
			</report>
			<report>
				<misses>2550001</misses>
				<total>285114</total>
				<timestamp>356.670089</timestamp>
			</report>
			<report>
				<misses>2551001</misses>
				<total>286113</total>
				<timestamp>356.809928</timestamp>
			</report>
			<report>
				<misses>2552001</misses>
				<total>287112</total>
				<timestamp>356.949825</timestamp>
			</report>
			<report>
				<misses>2553001</misses>
				<total>288111</total>
				<timestamp>357.089656</timestamp>
			</report>
			<report>
				<misses>2554001</misses>
				<total>289110</total>
				<timestamp>357.229495</timestamp>
			</report>
			<report>
				<misses>2555001</misses>
				<total>290109</total>
				<timestamp>357.369359</timestamp>
			</report>
			<report>
				<misses>2556001</misses>
				<total>291108</total>
				<timestamp>357.509277</timestamp>
			</report>
			<report>
				<misses>2557001</misses>
				<total>292107</total>
				<timestamp>357.649191</timestamp>
			</report>
			<report>
				<misses>2558001</misses>
				<total>293106</total>
				<timestamp>357.789174</timestamp>
			</report>
			<report>
				<misses>2559001</misses>
				<total>294105</total>
				<timestamp>357.929067</timestamp>
			</report>
			<report>
				<misses>2560001</misses>
				<total>295104</total>
				<timestamp>358.069094</timestamp>
			</report>
			<report>
				<misses>2561001</misses>
				<total>296103</total>
				<timestamp>358.209041</timestamp>
			</report>
			<report>
				<misses>2562001</misses>
				<total>297102</total>
				<timestamp>358.348949</timestamp>
			</report>
			<report>
				<misses>2563001</misses>
				<total>298101</total>
				<timestamp>358.488861</timestamp>
			</report>
			<report>
				<misses>2564001</misses>
				<total>299100</total>
				<timestamp>358.628664</timestamp>
			</report>
			<report>
				<misses>2565001</misses>
				<total>300099</total>
				<timestamp>358.768508</timestamp>
			</report>
			<report>
				<misses>2566001</misses>
				<total>301098</total>
				<timestamp>358.908401</timestamp>
			</report>
			<report>
				<misses>2567001</misses>
				<total>302097</total>
				<timestamp>359.048313</timestamp>
			</report>
			<report>
				<misses>2568001</misses>
				<total>303096</total>
				<timestamp>359.188093</timestamp>
			</report>
			<report>
				<misses>2569001</misses>
				<total>304095</total>
				<timestamp>359.328041</timestamp>
			</report>
			<report>
				<misses>2570001</misses>
				<total>305094</total>
				<timestamp>359.467889</timestamp>
			</report>
			<report>
				<misses>2571001</misses>
				<total>306093</total>
				<timestamp>359.607717</timestamp>
			</report>
			<report>
				<misses>2572001</misses>
				<total>307092</total>
				<timestamp>359.747545</timestamp>
			</report>
			<report>
				<misses>2573001</misses>
				<total>308091</total>
				<timestamp>359.887410</timestamp>
			</report>
			<report>
				<misses>2574001</misses>
				<total>309090</total>
				<timestamp>360.027280</timestamp>
			</report>
			<report>
				<misses>2575001</misses>
				<total>310089</total>
				<timestamp>360.167113</timestamp>
			</report>
			<report>
				<misses>2576001</misses>
				<total>311088</total>
				<timestamp>360.306970</timestamp>
			</report>
			<report>
				<misses>2577001</misses>
				<total>312087</total>
				<timestamp>360.446864</timestamp>
			</report>
			<report>
				<misses>2578001</misses>
				<total>313086</total>
				<timestamp>360.586675</timestamp>
			</report>
			<report>
				<misses>2579001</misses>
				<total>314085</total>
				<timestamp>360.726554</timestamp>
			</report>
			<report>
				<misses>2580001</misses>
				<total>315084</total>
				<timestamp>360.866426</timestamp>
			</report>
			<report>
				<misses>2581001</misses>
				<total>316083</total>
				<timestamp>361.006257</timestamp>
			</report>
			<report>
				<misses>2582001</misses>
				<total>317082</total>
				<timestamp>361.146153</timestamp>
			</report>
			<report>
				<misses>2583001</misses>
				<total>318081</total>
				<timestamp>361.286148</timestamp>
			</report>
			<report>
				<misses>2584001</misses>
				<total>319080</total>
				<timestamp>361.425977</timestamp>
			</report>
			<report>
				<misses>2585001</misses>
				<total>320079</total>
				<timestamp>361.565932</timestamp>
			</report>
			<report>
				<misses>2586001</misses>
				<total>321078</total>
				<timestamp>361.705700</timestamp>
			</report>
			<report>
				<misses>2587001</misses>
				<total>322077</total>
				<timestamp>361.845605</timestamp>
			</report>
			<report>
				<misses>2588001</misses>
				<total>322821</total>
				<timestamp>361.985420</timestamp>
			</report>
			<report>
				<misses>2589001</misses>
				<total>322821</total>
				<timestamp>362.125293</timestamp>
			</report>
			<report>
				<misses>2590001</misses>
				<total>322820</total>
				<timestamp>362.265357</timestamp>
			</report>
			<report>
				<misses>2591001</misses>
				<total>322821</total>
				<timestamp>362.405299</timestamp>
			</report>
			<report>
				<misses>2592001</misses>
				<total>322821</total>
				<timestamp>362.545148</timestamp>
			</report>
			<report>
				<misses>2593001</misses>
				<total>322821</total>
				<timestamp>362.685073</timestamp>
			</report>
			<report>
				<misses>2594001</misses>
				<total>322821</total>
				<timestamp>362.824899</timestamp>
			</report>
			<report>
				<misses>2595001</misses>
				<total>322821</total>
				<timestamp>362.964744</timestamp>
			</report>
			<report>
				<misses>2596001</misses>
				<total>322821</total>
				<timestamp>363.104621</timestamp>
			</report>
			<report>
				<misses>2597001</misses>
				<total>322821</total>
				<timestamp>363.244458</timestamp>
			</report>
			<report>
				<misses>2598001</misses>
				<total>322821</total>
				<timestamp>363.384322</timestamp>
			</report>
			<report>
				<misses>2599001</misses>
				<total>322821</total>
				<timestamp>363.524224</timestamp>
			</report>
			<report>
				<misses>2600001</misses>
				<total>322820</total>
				<timestamp>363.664092</timestamp>
			</report>
			<report>
				<misses>2601001</misses>
				<total>322821</total>
				<timestamp>363.803915</timestamp>
			</report>
			<report>
				<misses>2602001</misses>
				<total>322821</total>
				<timestamp>363.943770</timestamp>
			</report>
			<report>
				<misses>2603001</misses>
				<total>322821</total>
				<timestamp>364.083643</timestamp>
			</report>
			<report>
				<misses>2604001</misses>
				<total>322820</total>
				<timestamp>364.223511</timestamp>
			</report>
			<report>
				<misses>2605001</misses>
				<total>322821</total>
				<timestamp>364.363346</timestamp>
			</report>
			<report>
				<misses>2606001</misses>
				<total>322821</total>
				<timestamp>364.503225</timestamp>
			</report>
			<report>
				<misses>2607001</misses>
				<total>322821</total>
				<timestamp>364.643053</timestamp>
			</report>
			<report>
				<misses>2608001</misses>
				<total>322821</total>
				<timestamp>364.782945</timestamp>
			</report>
			<report>
				<misses>2609001</misses>
				<total>322821</total>
				<timestamp>364.922767</timestamp>
			</report>
			<report>
				<misses>2610001</misses>
				<total>322821</total>
				<timestamp>365.062625</timestamp>
			</report>
			<report>
				<misses>2611001</misses>
				<total>322821</total>
				<timestamp>365.202500</timestamp>
			</report>
			<report>
				<misses>2612001</misses>
				<total>322821</total>
				<timestamp>365.342367</timestamp>
			</report>
			<report>
				<misses>2613001</misses>
				<total>322822</total>
				<timestamp>365.482282</timestamp>
			</report>
			<report>
				<misses>2614001</misses>
				<total>322820</total>
				<timestamp>365.622227</timestamp>
			</report>
			<report>
				<misses>2615001</misses>
				<total>322820</total>
				<timestamp>365.762208</timestamp>
			</report>
			<report>
				<misses>2616001</misses>
				<total>322821</total>
				<timestamp>365.902088</timestamp>
			</report>
			<report>
				<misses>2617001</misses>
				<total>322820</total>
				<timestamp>366.042046</timestamp>
			</report>
			<report>
				<misses>2618001</misses>
				<total>322821</total>
				<timestamp>366.181922</timestamp>
			</report>
			<report>
				<misses>2619001</misses>
				<total>322820</total>
				<timestamp>366.321954</timestamp>
			</report>
			<report>
				<misses>2620001</misses>
				<total>322827</total>
				<timestamp>366.461809</timestamp>
			</report>
			<report>
				<misses>2621001</misses>
				<total>322827</total>
				<timestamp>366.601639</timestamp>
			</report>
			<report>
				<misses>2622001</misses>
				<total>322827</total>
				<timestamp>366.741575</timestamp>
			</report>
			<report>
				<misses>2623001</misses>
				<total>322827</total>
				<timestamp>366.881471</timestamp>
			</report>
			<report>
				<misses>2624001</misses>
				<total>322827</total>
				<timestamp>367.021294</timestamp>
			</report>
			<report>
				<misses>2625001</misses>
				<total>322827</total>
				<timestamp>367.161094</timestamp>
			</report>
			<report>
				<misses>2626001</misses>
				<total>322827</total>
				<timestamp>367.300980</timestamp>
			</report>
			<report>
				<misses>2627001</misses>
				<total>322827</total>
				<timestamp>367.440849</timestamp>
			</report>
			<report>
				<misses>2628001</misses>
				<total>322827</total>
				<timestamp>367.580736</timestamp>
			</report>
			<report>
				<misses>2629001</misses>
				<total>322827</total>
				<timestamp>367.720541</timestamp>
			</report>
			<report>
				<misses>2630001</misses>
				<total>322827</total>
				<timestamp>367.860416</timestamp>
			</report>
			<report>
				<misses>2631001</misses>
				<total>322827</total>
				<timestamp>368.000309</timestamp>
			</report>
			<report>
				<misses>2632001</misses>
				<total>322829</total>
				<timestamp>368.140167</timestamp>
			</report>
			<report>
				<misses>2633001</misses>
				<total>322832</total>
				<timestamp>368.279971</timestamp>
			</report>
			<report>
				<misses>2634001</misses>
				<total>322832</total>
				<timestamp>368.419832</timestamp>
			</report>
			<report>
				<misses>2635001</misses>
				<total>322832</total>
				<timestamp>368.559797</timestamp>
			</report>
			<report>
				<misses>2636001</misses>
				<total>322832</total>
				<timestamp>368.699766</timestamp>
			</report>
			<report>
				<misses>2637001</misses>
				<total>322832</total>
				<timestamp>368.839557</timestamp>
			</report>
			<report>
				<misses>2638001</misses>
				<total>322832</total>
				<timestamp>368.979434</timestamp>
			</report>
			<report>
				<misses>2639001</misses>
				<total>322832</total>
				<timestamp>369.119340</timestamp>
			</report>
			<report>
				<misses>2640001</misses>
				<total>322832</total>
				<timestamp>369.259144</timestamp>
			</report>
			<report>
				<misses>2641001</misses>
				<total>322831</total>
				<timestamp>369.399122</timestamp>
			</report>
			<report>
				<misses>2642001</misses>
				<total>322832</total>
				<timestamp>369.539047</timestamp>
			</report>
			<report>
				<misses>2643001</misses>
				<total>322832</total>
				<timestamp>369.678864</timestamp>
			</report>
			<report>
				<misses>2644001</misses>
				<total>322832</total>
				<timestamp>369.818733</timestamp>
			</report>
			<report>
				<misses>2645001</misses>
				<total>322832</total>
				<timestamp>369.958581</timestamp>
			</report>
			<report>
				<misses>2646001</misses>
				<total>322831</total>
				<timestamp>370.098511</timestamp>
			</report>
			<report>
				<misses>2647001</misses>
				<total>322832</total>
				<timestamp>370.238340</timestamp>
			</report>
			<report>
				<misses>2648001</misses>
				<total>322831</total>
				<timestamp>370.378277</timestamp>
			</report>
			<report>
				<misses>2649001</misses>
				<total>322832</total>
				<timestamp>370.518211</timestamp>
			</report>
			<report>
				<misses>2650001</misses>
				<total>322831</total>
				<timestamp>370.658153</timestamp>
			</report>
			<report>
				<misses>2651001</misses>
				<total>322832</total>
				<timestamp>370.798033</timestamp>
			</report>
			<report>
				<misses>2652001</misses>
				<total>322841</total>
				<timestamp>370.937933</timestamp>
			</report>
			<report>
				<misses>2653001</misses>
				<total>322840</total>
				<timestamp>371.077888</timestamp>
			</report>
			<report>
				<misses>2654001</misses>
				<total>322845</total>
				<timestamp>371.217768</timestamp>
			</report>
			<report>
				<misses>2655001</misses>
				<total>322845</total>
				<timestamp>371.357589</timestamp>
			</report>
			<report>
				<misses>2656001</misses>
				<total>322845</total>
				<timestamp>371.497473</timestamp>
			</report>
			<report>
				<misses>2657001</misses>
				<total>322845</total>
				<timestamp>371.637351</timestamp>
			</report>
			<report>
				<misses>2658001</misses>
				<total>322845</total>
				<timestamp>371.777233</timestamp>
			</report>
			<report>
				<misses>2659001</misses>
				<total>322844</total>
				<timestamp>371.917085</timestamp>
			</report>
			<report>
				<misses>2660001</misses>
				<total>322844</total>
				<timestamp>372.056945</timestamp>
			</report>
			<report>
				<misses>2661001</misses>
				<total>322844</total>
				<timestamp>372.196852</timestamp>
			</report>
			<report>
				<misses>2662001</misses>
				<total>322845</total>
				<timestamp>372.336659</timestamp>
			</report>
			<report>
				<misses>2663001</misses>
				<total>322845</total>
				<timestamp>372.476496</timestamp>
			</report>
			<report>
				<misses>2664001</misses>
				<total>322845</total>
				<timestamp>372.616365</timestamp>
			</report>
			<report>
				<misses>2665001</misses>
				<total>322846</total>
				<timestamp>372.756224</timestamp>
			</report>
			<report>
				<misses>2666001</misses>
				<total>322846</total>
				<timestamp>372.896100</timestamp>
			</report>
			<report>
				<misses>2667001</misses>
				<total>322845</total>
				<timestamp>373.035993</timestamp>
			</report>
			<report>
				<misses>2668001</misses>
				<total>322846</total>
				<timestamp>373.175769</timestamp>
			</report>
			<report>
				<misses>2669001</misses>
				<total>322845</total>
				<timestamp>373.315704</timestamp>
			</report>
			<report>
				<misses>2670001</misses>
				<total>322846</total>
				<timestamp>373.455524</timestamp>
			</report>
			<report>
				<misses>2671001</misses>
				<total>322856</total>
				<timestamp>373.595358</timestamp>
			</report>
			<report>
				<misses>2672001</misses>
				<total>322856</total>
				<timestamp>373.735351</timestamp>
			</report>
			<report>
				<misses>2673001</misses>
				<total>322856</total>
				<timestamp>373.875228</timestamp>
			</report>
			<report>
				<misses>2674001</misses>
				<total>322856</total>
				<timestamp>374.015078</timestamp>
			</report>
			<report>
				<misses>2675001</misses>
				<total>322855</total>
				<timestamp>374.154960</timestamp>
			</report>
			<report>
				<misses>2676001</misses>
				<total>322859</total>
				<timestamp>374.294817</timestamp>
			</report>
			<report>
				<misses>2677001</misses>
				<total>322859</total>
				<timestamp>374.434692</timestamp>
			</report>
			<report>
				<misses>2678001</misses>
				<total>322860</total>
				<timestamp>374.574518</timestamp>
			</report>
			<report>
				<misses>2679001</misses>
				<total>322859</total>
				<timestamp>374.714408</timestamp>
			</report>
			<report>
				<misses>2680001</misses>
				<total>322860</total>
				<timestamp>374.854258</timestamp>
			</report>
			<report>
				<misses>2681001</misses>
				<total>322859</total>
				<timestamp>374.994170</timestamp>
			</report>
			<report>
				<misses>2682001</misses>
				<total>322860</total>
				<timestamp>375.133944</timestamp>
			</report>
			<report>
				<misses>2683001</misses>
				<total>322860</total>
				<timestamp>375.273811</timestamp>
			</report>
			<report>
				<misses>2684001</misses>
				<total>322860</total>
				<timestamp>375.413692</timestamp>
			</report>
			<report>
				<misses>2685001</misses>
				<total>322860</total>
				<timestamp>375.553529</timestamp>
			</report>
			<report>
				<misses>2686001</misses>
				<total>322860</total>
				<timestamp>375.693387</timestamp>
			</report>
			<report>
				<misses>2687001</misses>
				<total>322860</total>
				<timestamp>375.833292</timestamp>
			</report>
			<report>
				<misses>2688001</misses>
				<total>322862</total>
				<timestamp>375.973189</timestamp>
			</report>
			<report>
				<misses>2689001</misses>
				<total>322861</total>
				<timestamp>376.113069</timestamp>
			</report>
			<report>
				<misses>2690001</misses>
				<total>322862</total>
				<timestamp>376.252843</timestamp>
			</report>
			<report>
				<misses>2691001</misses>
				<total>322862</total>
				<timestamp>376.392687</timestamp>
			</report>
			<report>
				<misses>2692001</misses>
				<total>322862</total>
				<timestamp>376.532587</timestamp>
			</report>
			<report>
				<misses>2693001</misses>
				<total>322862</total>
				<timestamp>376.672403</timestamp>
			</report>
			<report>
				<misses>2694001</misses>
				<total>322862</total>
				<timestamp>376.812312</timestamp>
			</report>
			<report>
				<misses>2695001</misses>
				<total>322861</total>
				<timestamp>376.952238</timestamp>
			</report>
			<report>
				<misses>2696001</misses>
				<total>322862</total>
				<timestamp>377.092162</timestamp>
			</report>
			<report>
				<misses>2697001</misses>
				<total>322862</total>
				<timestamp>377.231989</timestamp>
			</report>
			<report>
				<misses>2698001</misses>
				<total>322862</total>
				<timestamp>377.371858</timestamp>
			</report>
			<report>
				<misses>2699001</misses>
				<total>322862</total>
				<timestamp>377.511718</timestamp>
			</report>
			<report>
				<misses>2700001</misses>
				<total>322862</total>
				<timestamp>377.651597</timestamp>
			</report>
			<report>
				<misses>2701001</misses>
				<total>322862</total>
				<timestamp>377.791506</timestamp>
			</report>
			<report>
				<misses>2702001</misses>
				<total>322862</total>
				<timestamp>377.931293</timestamp>
			</report>
			<report>
				<misses>2703001</misses>
				<total>322878</total>
				<timestamp>378.071170</timestamp>
			</report>
			<report>
				<misses>2704001</misses>
				<total>322878</total>
				<timestamp>378.211044</timestamp>
			</report>
			<report>
				<misses>2705001</misses>
				<total>322886</total>
				<timestamp>378.350959</timestamp>
			</report>
			<report>
				<misses>2706001</misses>
				<total>322886</total>
				<timestamp>378.490716</timestamp>
			</report>
			<report>
				<misses>2707001</misses>
				<total>322886</total>
				<timestamp>378.630584</timestamp>
			</report>
			<report>
				<misses>2708001</misses>
				<total>322886</total>
				<timestamp>378.770507</timestamp>
			</report>
			<report>
				<misses>2709001</misses>
				<total>322886</total>
				<timestamp>378.910356</timestamp>
			</report>
			<report>
				<misses>2710001</misses>
				<total>322885</total>
				<timestamp>379.050281</timestamp>
			</report>
			<report>
				<misses>2711001</misses>
				<total>322886</total>
				<timestamp>379.190210</timestamp>
			</report>
			<report>
				<misses>2712001</misses>
				<total>322886</total>
				<timestamp>379.330142</timestamp>
			</report>
			<report>
				<misses>2713001</misses>
				<total>322888</total>
				<timestamp>379.470265</timestamp>
			</report>
			<report>
				<misses>2714001</misses>
				<total>322888</total>
				<timestamp>379.610045</timestamp>
			</report>
			<report>
				<misses>2715001</misses>
				<total>323466</total>
				<timestamp>379.749883</timestamp>
			</report>
			<report>
				<misses>2716001</misses>
				<total>324465</total>
				<timestamp>379.889765</timestamp>
			</report>
			<report>
				<misses>2717001</misses>
				<total>325464</total>
				<timestamp>380.029666</timestamp>
			</report>
			<report>
				<misses>2718001</misses>
				<total>326463</total>
				<timestamp>380.169540</timestamp>
			</report>
			<report>
				<misses>2719001</misses>
				<total>327462</total>
				<timestamp>380.309369</timestamp>
			</report>
			<report>
				<misses>2720001</misses>
				<total>328461</total>
				<timestamp>380.449251</timestamp>
			</report>
			<report>
				<misses>2721001</misses>
				<total>329460</total>
				<timestamp>380.589107</timestamp>
			</report>
			<report>
				<misses>2722001</misses>
				<total>330459</total>
				<timestamp>380.728994</timestamp>
			</report>
			<report>
				<misses>2723001</misses>
				<total>331458</total>
				<timestamp>380.868819</timestamp>
			</report>
			<report>
				<misses>2724001</misses>
				<total>332457</total>
				<timestamp>381.008644</timestamp>
			</report>
			<report>
				<misses>2725001</misses>
				<total>333456</total>
				<timestamp>381.148542</timestamp>
			</report>
			<report>
				<misses>2726001</misses>
				<total>334455</total>
				<timestamp>381.288353</timestamp>
			</report>
			<report>
				<misses>2727001</misses>
				<total>335454</total>
				<timestamp>381.428275</timestamp>
			</report>
			<report>
				<misses>2728001</misses>
				<total>336453</total>
				<timestamp>381.568159</timestamp>
			</report>
			<report>
				<misses>2729001</misses>
				<total>337452</total>
				<timestamp>381.707979</timestamp>
			</report>
			<report>
				<misses>2730001</misses>
				<total>338451</total>
				<timestamp>381.847818</timestamp>
			</report>
			<report>
				<misses>2731001</misses>
				<total>339450</total>
				<timestamp>381.987676</timestamp>
			</report>
			<report>
				<misses>2732001</misses>
				<total>340449</total>
				<timestamp>382.127618</timestamp>
			</report>
			<report>
				<misses>2733001</misses>
				<total>341448</total>
				<timestamp>382.267559</timestamp>
			</report>
			<report>
				<misses>2734001</misses>
				<total>342447</total>
				<timestamp>382.407382</timestamp>
			</report>
			<report>
				<misses>2735001</misses>
				<total>343446</total>
				<timestamp>382.547331</timestamp>
			</report>
			<report>
				<misses>2736001</misses>
				<total>344445</total>
				<timestamp>382.687150</timestamp>
			</report>
			<report>
				<misses>2737001</misses>
				<total>345444</total>
				<timestamp>382.827015</timestamp>
			</report>
			<report>
				<misses>2738001</misses>
				<total>346443</total>
				<timestamp>382.966830</timestamp>
			</report>
			<report>
				<misses>2739001</misses>
				<total>347442</total>
				<timestamp>383.106714</timestamp>
			</report>
			<report>
				<misses>2740001</misses>
				<total>348441</total>
				<timestamp>383.246541</timestamp>
			</report>
			<report>
				<misses>2741001</misses>
				<total>349440</total>
				<timestamp>383.386394</timestamp>
			</report>
			<report>
				<misses>2742001</misses>
				<total>350439</total>
				<timestamp>383.526290</timestamp>
			</report>
			<report>
				<misses>2743001</misses>
				<total>351438</total>
				<timestamp>383.666160</timestamp>
			</report>
			<report>
				<misses>2744001</misses>
				<total>352437</total>
				<timestamp>383.806022</timestamp>
			</report>
			<report>
				<misses>2745001</misses>
				<total>353436</total>
				<timestamp>383.945854</timestamp>
			</report>
			<report>
				<misses>2746001</misses>
				<total>354435</total>
				<timestamp>384.085719</timestamp>
			</report>
			<report>
				<misses>2747001</misses>
				<total>355434</total>
				<timestamp>384.225563</timestamp>
			</report>
			<report>
				<misses>2748001</misses>
				<total>356433</total>
				<timestamp>384.365405</timestamp>
			</report>
			<report>
				<misses>2749001</misses>
				<total>357432</total>
				<timestamp>384.505349</timestamp>
			</report>
			<report>
				<misses>2750001</misses>
				<total>358431</total>
				<timestamp>384.645189</timestamp>
			</report>
			<report>
				<misses>2751001</misses>
				<total>359430</total>
				<timestamp>384.785109</timestamp>
			</report>
			<report>
				<misses>2752001</misses>
				<total>360429</total>
				<timestamp>384.925015</timestamp>
			</report>
			<report>
				<misses>2753001</misses>
				<total>361428</total>
				<timestamp>385.064891</timestamp>
			</report>
			<report>
				<misses>2754001</misses>
				<total>362427</total>
				<timestamp>385.204777</timestamp>
			</report>
			<report>
				<misses>2755001</misses>
				<total>363426</total>
				<timestamp>385.344692</timestamp>
			</report>
			<report>
				<misses>2756001</misses>
				<total>364425</total>
				<timestamp>385.484658</timestamp>
			</report>
			<report>
				<misses>2757001</misses>
				<total>365424</total>
				<timestamp>385.624481</timestamp>
			</report>
			<report>
				<misses>2758001</misses>
				<total>366423</total>
				<timestamp>385.764298</timestamp>
			</report>
			<report>
				<misses>2759001</misses>
				<total>367422</total>
				<timestamp>385.904186</timestamp>
			</report>
			<report>
				<misses>2760001</misses>
				<total>368421</total>
				<timestamp>386.044108</timestamp>
			</report>
			<report>
				<misses>2761001</misses>
				<total>369420</total>
				<timestamp>386.183979</timestamp>
			</report>
			<report>
				<misses>2762001</misses>
				<total>370419</total>
				<timestamp>386.323895</timestamp>
			</report>
			<report>
				<misses>2763001</misses>
				<total>371418</total>
				<timestamp>386.463792</timestamp>
			</report>
			<report>
				<misses>2764001</misses>
				<total>372417</total>
				<timestamp>386.603619</timestamp>
			</report>
			<report>
				<misses>2765001</misses>
				<total>373416</total>
				<timestamp>386.743473</timestamp>
			</report>
			<report>
				<misses>2766001</misses>
				<total>374415</total>
				<timestamp>386.883389</timestamp>
			</report>
			<report>
				<misses>2767001</misses>
				<total>375414</total>
				<timestamp>387.023253</timestamp>
			</report>
			<report>
				<misses>2768001</misses>
				<total>376413</total>
				<timestamp>387.163099</timestamp>
			</report>
			<report>
				<misses>2769001</misses>
				<total>377412</total>
				<timestamp>387.302942</timestamp>
			</report>
			<report>
				<misses>2770001</misses>
				<total>378411</total>
				<timestamp>387.442755</timestamp>
			</report>
			<report>
				<misses>2771001</misses>
				<total>379410</total>
				<timestamp>387.582629</timestamp>
			</report>
			<report>
				<misses>2772001</misses>
				<total>380409</total>
				<timestamp>387.722573</timestamp>
			</report>
			<report>
				<misses>2773001</misses>
				<total>381408</total>
				<timestamp>387.862404</timestamp>
			</report>
			<report>
				<misses>2774001</misses>
				<total>382407</total>
				<timestamp>388.002191</timestamp>
			</report>
			<report>
				<misses>2775001</misses>
				<total>383406</total>
				<timestamp>388.142106</timestamp>
			</report>
			<report>
				<misses>2776001</misses>
				<total>384405</total>
				<timestamp>388.281954</timestamp>
			</report>
			<report>
				<misses>2777001</misses>
				<total>385404</total>
				<timestamp>388.421785</timestamp>
			</report>
			<report>
				<misses>2778001</misses>
				<total>386403</total>
				<timestamp>388.561626</timestamp>
			</report>
			<report>
				<misses>2779001</misses>
				<total>387402</total>
				<timestamp>388.701573</timestamp>
			</report>
			<report>
				<misses>2780001</misses>
				<total>388401</total>
				<timestamp>388.841352</timestamp>
			</report>
			<report>
				<misses>2781001</misses>
				<total>389400</total>
				<timestamp>388.981214</timestamp>
			</report>
			<report>
				<misses>2782001</misses>
				<total>390399</total>
				<timestamp>389.121127</timestamp>
			</report>
			<report>
				<misses>2783001</misses>
				<total>391398</total>
				<timestamp>389.260929</timestamp>
			</report>
			<report>
				<misses>2784001</misses>
				<total>392397</total>
				<timestamp>389.400819</timestamp>
			</report>
			<report>
				<misses>2785001</misses>
				<total>393396</total>
				<timestamp>389.540664</timestamp>
			</report>
			<report>
				<misses>2786001</misses>
				<total>394395</total>
				<timestamp>389.680548</timestamp>
			</report>
			<report>
				<misses>2787001</misses>
				<total>395394</total>
				<timestamp>389.820445</timestamp>
			</report>
			<report>
				<misses>2788001</misses>
				<total>396393</total>
				<timestamp>389.960315</timestamp>
			</report>
			<report>
				<misses>2789001</misses>
				<total>397392</total>
				<timestamp>390.100134</timestamp>
			</report>
			<report>
				<misses>2790001</misses>
				<total>398391</total>
				<timestamp>390.239978</timestamp>
			</report>
			<report>
				<misses>2791001</misses>
				<total>399390</total>
				<timestamp>390.379882</timestamp>
			</report>
			<report>
				<misses>2792001</misses>
				<total>400389</total>
				<timestamp>390.519673</timestamp>
			</report>
			<report>
				<misses>2793001</misses>
				<total>401388</total>
				<timestamp>390.659620</timestamp>
			</report>
			<report>
				<misses>2794001</misses>
				<total>402387</total>
				<timestamp>390.799521</timestamp>
			</report>
			<report>
				<misses>2795001</misses>
				<total>403386</total>
				<timestamp>390.939471</timestamp>
			</report>
			<report>
				<misses>2796001</misses>
				<total>404385</total>
				<timestamp>391.079318</timestamp>
			</report>
			<report>
				<misses>2797001</misses>
				<total>405384</total>
				<timestamp>391.219128</timestamp>
			</report>
			<report>
				<misses>2798001</misses>
				<total>406383</total>
				<timestamp>391.359023</timestamp>
			</report>
			<report>
				<misses>2799001</misses>
				<total>407382</total>
				<timestamp>391.498844</timestamp>
			</report>
			<report>
				<misses>2800001</misses>
				<total>408381</total>
				<timestamp>391.638746</timestamp>
			</report>
			<report>
				<misses>2801001</misses>
				<total>409380</total>
				<timestamp>391.778551</timestamp>
			</report>
			<report>
				<misses>2802001</misses>
				<total>410379</total>
				<timestamp>391.918398</timestamp>
			</report>
			<report>
				<misses>2803001</misses>
				<total>411378</total>
				<timestamp>392.058335</timestamp>
			</report>
			<report>
				<misses>2804001</misses>
				<total>412377</total>
				<timestamp>392.198250</timestamp>
			</report>
			<report>
				<misses>2805001</misses>
				<total>413376</total>
				<timestamp>392.338194</timestamp>
			</report>
			<report>
				<misses>2806001</misses>
				<total>414375</total>
				<timestamp>392.478074</timestamp>
			</report>
			<report>
				<misses>2807001</misses>
				<total>415374</total>
				<timestamp>392.617878</timestamp>
			</report>
			<report>
				<misses>2808001</misses>
				<total>416373</total>
				<timestamp>392.757724</timestamp>
			</report>
			<report>
				<misses>2809001</misses>
				<total>417372</total>
				<timestamp>392.897577</timestamp>
			</report>
			<report>
				<misses>2810001</misses>
				<total>418371</total>
				<timestamp>393.037455</timestamp>
			</report>
			<report>
				<misses>2811001</misses>
				<total>419370</total>
				<timestamp>393.177362</timestamp>
			</report>
			<report>
				<misses>2812001</misses>
				<total>420369</total>
				<timestamp>393.317172</timestamp>
			</report>
			<report>
				<misses>2813001</misses>
				<total>421368</total>
				<timestamp>393.457061</timestamp>
			</report>
			<report>
				<misses>2814001</misses>
				<total>422367</total>
				<timestamp>393.596893</timestamp>
			</report>
			<report>
				<misses>2815001</misses>
				<total>423366</total>
				<timestamp>393.736728</timestamp>
			</report>
			<report>
				<misses>2816001</misses>
				<total>424365</total>
				<timestamp>393.876585</timestamp>
			</report>
			<report>
				<misses>2817001</misses>
				<total>425364</total>
				<timestamp>394.016512</timestamp>
			</report>
			<report>
				<misses>2818001</misses>
				<total>426363</total>
				<timestamp>394.156352</timestamp>
			</report>
			<report>
				<misses>2819001</misses>
				<total>427362</total>
				<timestamp>394.296217</timestamp>
			</report>
			<report>
				<misses>2820001</misses>
				<total>428361</total>
				<timestamp>394.436107</timestamp>
			</report>
			<report>
				<misses>2821001</misses>
				<total>429360</total>
				<timestamp>394.575975</timestamp>
			</report>
			<report>
				<misses>2822001</misses>
				<total>430359</total>
				<timestamp>394.715770</timestamp>
			</report>
			<report>
				<misses>2823001</misses>
				<total>431358</total>
				<timestamp>394.855638</timestamp>
			</report>
			<report>
				<misses>2824001</misses>
				<total>432357</total>
				<timestamp>394.995516</timestamp>
			</report>
			<report>
				<misses>2825001</misses>
				<total>433356</total>
				<timestamp>395.135335</timestamp>
			</report>
			<report>
				<misses>2826001</misses>
				<total>434355</total>
				<timestamp>395.275325</timestamp>
			</report>
			<report>
				<misses>2827001</misses>
				<total>435354</total>
				<timestamp>395.415275</timestamp>
			</report>
			<report>
				<misses>2828001</misses>
				<total>436353</total>
				<timestamp>395.555141</timestamp>
			</report>
			<report>
				<misses>2829001</misses>
				<total>437352</total>
				<timestamp>395.695022</timestamp>
			</report>
			<report>
				<misses>2830001</misses>
				<total>438351</total>
				<timestamp>395.834940</timestamp>
			</report>
			<report>
				<misses>2831001</misses>
				<total>439350</total>
				<timestamp>395.974853</timestamp>
			</report>
			<report>
				<misses>2832001</misses>
				<total>440349</total>
				<timestamp>396.114646</timestamp>
			</report>
			<report>
				<misses>2833001</misses>
				<total>441348</total>
				<timestamp>396.254481</timestamp>
			</report>
			<report>
				<misses>2834001</misses>
				<total>442347</total>
				<timestamp>396.394377</timestamp>
			</report>
			<report>
				<misses>2835001</misses>
				<total>443346</total>
				<timestamp>396.534214</timestamp>
			</report>
			<report>
				<misses>2836001</misses>
				<total>444345</total>
				<timestamp>396.674163</timestamp>
			</report>
			<report>
				<misses>2837001</misses>
				<total>445344</total>
				<timestamp>396.813944</timestamp>
			</report>
			<report>
				<misses>2838001</misses>
				<total>446343</total>
				<timestamp>396.953866</timestamp>
			</report>
			<report>
				<misses>2839001</misses>
				<total>447342</total>
				<timestamp>397.093642</timestamp>
			</report>
			<report>
				<misses>2840001</misses>
				<total>448341</total>
				<timestamp>397.233518</timestamp>
			</report>
			<report>
				<misses>2841001</misses>
				<total>449340</total>
				<timestamp>397.373451</timestamp>
			</report>
			<report>
				<misses>2842001</misses>
				<total>450339</total>
				<timestamp>397.513241</timestamp>
			</report>
			<report>
				<misses>2843001</misses>
				<total>451338</total>
				<timestamp>397.653136</timestamp>
			</report>
			<report>
				<misses>2844001</misses>
				<total>452337</total>
				<timestamp>397.792980</timestamp>
			</report>
			<report>
				<misses>2845001</misses>
				<total>453336</total>
				<timestamp>397.932937</timestamp>
			</report>
			<report>
				<misses>2846001</misses>
				<total>454335</total>
				<timestamp>398.072828</timestamp>
			</report>
			<report>
				<misses>2847001</misses>
				<total>455334</total>
				<timestamp>398.212707</timestamp>
			</report>
			<report>
				<misses>2848001</misses>
				<total>456333</total>
				<timestamp>398.352524</timestamp>
			</report>
			<report>
				<misses>2849001</misses>
				<total>457332</total>
				<timestamp>398.492425</timestamp>
			</report>
			<report>
				<misses>2850001</misses>
				<total>458331</total>
				<timestamp>398.632264</timestamp>
			</report>
			<report>
				<misses>2851001</misses>
				<total>459330</total>
				<timestamp>398.772188</timestamp>
			</report>
			<report>
				<misses>2852001</misses>
				<total>460329</total>
				<timestamp>398.912160</timestamp>
			</report>
			<report>
				<misses>2853001</misses>
				<total>461328</total>
				<timestamp>399.052093</timestamp>
			</report>
			<report>
				<misses>2854001</misses>
				<total>462327</total>
				<timestamp>399.192142</timestamp>
			</report>
			<report>
				<misses>2855001</misses>
				<total>463326</total>
				<timestamp>399.332019</timestamp>
			</report>
			<report>
				<misses>2856001</misses>
				<total>464325</total>
				<timestamp>399.471826</timestamp>
			</report>
			<report>
				<misses>2857001</misses>
				<total>465324</total>
				<timestamp>399.611755</timestamp>
			</report>
			<report>
				<misses>2858001</misses>
				<total>466323</total>
				<timestamp>399.751569</timestamp>
			</report>
			<report>
				<misses>2859001</misses>
				<total>467322</total>
				<timestamp>399.891419</timestamp>
			</report>
			<report>
				<misses>2860001</misses>
				<total>468321</total>
				<timestamp>400.031360</timestamp>
			</report>
			<report>
				<misses>2861001</misses>
				<total>469320</total>
				<timestamp>400.171139</timestamp>
			</report>
			<report>
				<misses>2862001</misses>
				<total>470319</total>
				<timestamp>400.311073</timestamp>
			</report>
			<report>
				<misses>2863001</misses>
				<total>471318</total>
				<timestamp>400.450861</timestamp>
			</report>
			<report>
				<misses>2864001</misses>
				<total>472317</total>
				<timestamp>400.590762</timestamp>
			</report>
			<report>
				<misses>2865001</misses>
				<total>473316</total>
				<timestamp>400.730613</timestamp>
			</report>
			<report>
				<misses>2866001</misses>
				<total>474251</total>
				<timestamp>400.870483</timestamp>
			</report>
			<report>
				<misses>2867001</misses>
				<total>474251</total>
				<timestamp>401.010332</timestamp>
			</report>
			<report>
				<misses>2868001</misses>
				<total>474251</total>
				<timestamp>401.150157</timestamp>
			</report>
			<report>
				<misses>2869001</misses>
				<total>474251</total>
				<timestamp>401.290079</timestamp>
			</report>
			<report>
				<misses>2870001</misses>
				<total>474251</total>
				<timestamp>401.429916</timestamp>
			</report>
			<report>
				<misses>2871001</misses>
				<total>474250</total>
				<timestamp>401.569778</timestamp>
			</report>
			<report>
				<misses>2872001</misses>
				<total>474251</total>
				<timestamp>401.709658</timestamp>
			</report>
			<report>
				<misses>2873001</misses>
				<total>474251</total>
				<timestamp>401.849475</timestamp>
			</report>
			<report>
				<misses>2874001</misses>
				<total>474251</total>
				<timestamp>401.989345</timestamp>
			</report>
			<report>
				<misses>2875001</misses>
				<total>474251</total>
				<timestamp>402.129157</timestamp>
			</report>
			<report>
				<misses>2876001</misses>
				<total>474251</total>
				<timestamp>402.269039</timestamp>
			</report>
			<report>
				<misses>2877001</misses>
				<total>474251</total>
				<timestamp>402.408938</timestamp>
			</report>
			<report>
				<misses>2878001</misses>
				<total>474251</total>
				<timestamp>402.548740</timestamp>
			</report>
			<report>
				<misses>2879001</misses>
				<total>474251</total>
				<timestamp>402.688620</timestamp>
			</report>
			<report>
				<misses>2880001</misses>
				<total>474251</total>
				<timestamp>402.828486</timestamp>
			</report>
			<report>
				<misses>2881001</misses>
				<total>474251</total>
				<timestamp>402.968372</timestamp>
			</report>
			<report>
				<misses>2882001</misses>
				<total>474251</total>
				<timestamp>403.108199</timestamp>
			</report>
			<report>
				<misses>2883001</misses>
				<total>474251</total>
				<timestamp>403.248095</timestamp>
			</report>
			<report>
				<misses>2884001</misses>
				<total>474251</total>
				<timestamp>403.387994</timestamp>
			</report>
			<report>
				<misses>2885001</misses>
				<total>474253</total>
				<timestamp>403.527822</timestamp>
			</report>
			<report>
				<misses>2886001</misses>
				<total>474253</total>
				<timestamp>403.667662</timestamp>
			</report>
			<report>
				<misses>2887001</misses>
				<total>474253</total>
				<timestamp>403.807537</timestamp>
			</report>
			<report>
				<misses>2888001</misses>
				<total>474253</total>
				<timestamp>403.947370</timestamp>
			</report>
			<report>
				<misses>2889001</misses>
				<total>474252</total>
				<timestamp>404.087358</timestamp>
			</report>
			<report>
				<misses>2890001</misses>
				<total>474253</total>
				<timestamp>404.227224</timestamp>
			</report>
			<report>
				<misses>2891001</misses>
				<total>474253</total>
				<timestamp>404.367079</timestamp>
			</report>
			<report>
				<misses>2892001</misses>
				<total>474253</total>
				<timestamp>404.506976</timestamp>
			</report>
			<report>
				<misses>2893001</misses>
				<total>474253</total>
				<timestamp>404.646805</timestamp>
			</report>
			<report>
				<misses>2894001</misses>
				<total>474252</total>
				<timestamp>404.786759</timestamp>
			</report>
			<report>
				<misses>2895001</misses>
				<total>474252</total>
				<timestamp>404.926776</timestamp>
			</report>
			<report>
				<misses>2896001</misses>
				<total>474253</total>
				<timestamp>405.066682</timestamp>
			</report>
			<report>
				<misses>2897001</misses>
				<total>474253</total>
				<timestamp>405.206551</timestamp>
			</report>
			<report>
				<misses>2898001</misses>
				<total>474252</total>
				<timestamp>405.346449</timestamp>
			</report>
			<report>
				<misses>2899001</misses>
				<total>474253</total>
				<timestamp>405.486257</timestamp>
			</report>
			<report>
				<misses>2900001</misses>
				<total>474253</total>
				<timestamp>405.626106</timestamp>
			</report>
			<report>
				<misses>2901001</misses>
				<total>474253</total>
				<timestamp>405.765993</timestamp>
			</report>
			<report>
				<misses>2902001</misses>
				<total>474253</total>
				<timestamp>405.905857</timestamp>
			</report>
			<report>
				<misses>2903001</misses>
				<total>474253</total>
				<timestamp>406.045712</timestamp>
			</report>
			<report>
				<misses>2904001</misses>
				<total>474253</total>
				<timestamp>406.185526</timestamp>
			</report>
			<report>
				<misses>2905001</misses>
				<total>474253</total>
				<timestamp>406.325437</timestamp>
			</report>
			<report>
				<misses>2906001</misses>
				<total>474253</total>
				<timestamp>406.465247</timestamp>
			</report>
			<report>
				<misses>2907001</misses>
				<total>474256</total>
				<timestamp>406.605164</timestamp>
			</report>
			<report>
				<misses>2908001</misses>
				<total>474256</total>
				<timestamp>406.744999</timestamp>
			</report>
			<report>
				<misses>2909001</misses>
				<total>474256</total>
				<timestamp>406.884829</timestamp>
			</report>
			<report>
				<misses>2910001</misses>
				<total>474255</total>
				<timestamp>407.024746</timestamp>
			</report>
			<report>
				<misses>2911001</misses>
				<total>474255</total>
				<timestamp>407.164613</timestamp>
			</report>
			<report>
				<misses>2912001</misses>
				<total>474256</total>
				<timestamp>407.304427</timestamp>
			</report>
			<report>
				<misses>2913001</misses>
				<total>474256</total>
				<timestamp>407.444265</timestamp>
			</report>
			<report>
				<misses>2914001</misses>
				<total>474256</total>
				<timestamp>407.584158</timestamp>
			</report>
			<report>
				<misses>2915001</misses>
				<total>474255</total>
				<timestamp>407.724035</timestamp>
			</report>
			<report>
				<misses>2916001</misses>
				<total>474256</total>
				<timestamp>407.863874</timestamp>
			</report>
			<report>
				<misses>2917001</misses>
				<total>474255</total>
				<timestamp>408.003750</timestamp>
			</report>
			<report>
				<misses>2918001</misses>
				<total>474256</total>
				<timestamp>408.143589</timestamp>
			</report>
			<report>
				<misses>2919001</misses>
				<total>474255</total>
				<timestamp>408.283492</timestamp>
			</report>
			<report>
				<misses>2920001</misses>
				<total>474256</total>
				<timestamp>408.423315</timestamp>
			</report>
			<report>
				<misses>2921001</misses>
				<total>474257</total>
				<timestamp>408.563176</timestamp>
			</report>
			<report>
				<misses>2922001</misses>
				<total>474256</total>
				<timestamp>408.703024</timestamp>
			</report>
			<report>
				<misses>2923001</misses>
				<total>474258</total>
				<timestamp>408.843002</timestamp>
			</report>
			<report>
				<misses>2924001</misses>
				<total>474258</total>
				<timestamp>408.982933</timestamp>
			</report>
			<report>
				<misses>2925001</misses>
				<total>474258</total>
				<timestamp>409.122786</timestamp>
			</report>
			<report>
				<misses>2926001</misses>
				<total>474258</total>
				<timestamp>409.262634</timestamp>
			</report>
			<report>
				<misses>2927001</misses>
				<total>474258</total>
				<timestamp>409.402502</timestamp>
			</report>
			<report>
				<misses>2928001</misses>
				<total>474258</total>
				<timestamp>409.542337</timestamp>
			</report>
			<report>
				<misses>2929001</misses>
				<total>474257</total>
				<timestamp>409.682286</timestamp>
			</report>
			<report>
				<misses>2930001</misses>
				<total>474258</total>
				<timestamp>409.822167</timestamp>
			</report>
			<report>
				<misses>2931001</misses>
				<total>474258</total>
				<timestamp>409.962069</timestamp>
			</report>
			<report>
				<misses>2932001</misses>
				<total>474257</total>
				<timestamp>410.101985</timestamp>
			</report>
			<report>
				<misses>2933001</misses>
				<total>474258</total>
				<timestamp>410.241809</timestamp>
			</report>
			<report>
				<misses>2934001</misses>
				<total>474258</total>
				<timestamp>410.381618</timestamp>
			</report>
			<report>
				<misses>2935001</misses>
				<total>474258</total>
				<timestamp>410.521475</timestamp>
			</report>
			<report>
				<misses>2936001</misses>
				<total>474258</total>
				<timestamp>410.661354</timestamp>
			</report>
			<report>
				<misses>2937001</misses>
				<total>474258</total>
				<timestamp>410.801178</timestamp>
			</report>
			<report>
				<misses>2938001</misses>
				<total>474257</total>
				<timestamp>410.941071</timestamp>
			</report>
			<report>
				<misses>2939001</misses>
				<total>474258</total>
				<timestamp>411.080950</timestamp>
			</report>
			<report>
				<misses>2940001</misses>
				<total>474258</total>
				<timestamp>411.220761</timestamp>
			</report>
			<report>
				<misses>2941001</misses>
				<total>474258</total>
				<timestamp>411.360757</timestamp>
			</report>
			<report>
				<misses>2942001</misses>
				<total>474258</total>
				<timestamp>411.500671</timestamp>
			</report>
			<report>
				<misses>2943001</misses>
				<total>474258</total>
				<timestamp>411.640483</timestamp>
			</report>
			<report>
				<misses>2944001</misses>
				<total>474258</total>
				<timestamp>411.780388</timestamp>
			</report>
			<report>
				<misses>2945001</misses>
				<total>474258</total>
				<timestamp>411.920285</timestamp>
			</report>
			<report>
				<misses>2946001</misses>
				<total>474258</total>
				<timestamp>412.060095</timestamp>
			</report>
			<report>
				<misses>2947001</misses>
				<total>474265</total>
				<timestamp>412.199996</timestamp>
			</report>
			<report>
				<misses>2948001</misses>
				<total>474265</total>
				<timestamp>412.339857</timestamp>
			</report>
			<report>
				<misses>2949001</misses>
				<total>474264</total>
				<timestamp>412.479761</timestamp>
			</report>
			<report>
				<misses>2950001</misses>
				<total>474272</total>
				<timestamp>412.619653</timestamp>
			</report>
			<report>
				<misses>2951001</misses>
				<total>474272</total>
				<timestamp>412.759526</timestamp>
			</report>
			<report>
				<misses>2952001</misses>
				<total>474272</total>
				<timestamp>412.899397</timestamp>
			</report>
			<report>
				<misses>2953001</misses>
				<total>474272</total>
				<timestamp>413.039236</timestamp>
			</report>
			<report>
				<misses>2954001</misses>
				<total>474271</total>
				<timestamp>413.179163</timestamp>
			</report>
			<report>
				<misses>2955001</misses>
				<total>474273</total>
				<timestamp>413.319053</timestamp>
			</report>
			<report>
				<misses>2956001</misses>
				<total>474273</total>
				<timestamp>413.458823</timestamp>
			</report>
			<report>
				<misses>2957001</misses>
				<total>474273</total>
				<timestamp>413.598682</timestamp>
			</report>
			<report>
				<misses>2958001</misses>
				<total>474273</total>
				<timestamp>413.738605</timestamp>
			</report>
			<report>
				<misses>2959001</misses>
				<total>474273</total>
				<timestamp>413.878385</timestamp>
			</report>
			<report>
				<misses>2960001</misses>
				<total>474272</total>
				<timestamp>414.018357</timestamp>
			</report>
			<report>
				<misses>2961001</misses>
				<total>474273</total>
				<timestamp>414.158271</timestamp>
			</report>
			<report>
				<misses>2962001</misses>
				<total>474274</total>
				<timestamp>414.298171</timestamp>
			</report>
			<report>
				<misses>2963001</misses>
				<total>474273</total>
				<timestamp>414.437992</timestamp>
			</report>
			<report>
				<misses>2964001</misses>
				<total>474273</total>
				<timestamp>414.577874</timestamp>
			</report>
			<report>
				<misses>2965001</misses>
				<total>474272</total>
				<timestamp>414.717774</timestamp>
			</report>
			<report>
				<misses>2966001</misses>
				<total>474273</total>
				<timestamp>414.857609</timestamp>
			</report>
			<report>
				<misses>2967001</misses>
				<total>474273</total>
				<timestamp>414.997428</timestamp>
			</report>
			<report>
				<misses>2968001</misses>
				<total>474273</total>
				<timestamp>415.137276</timestamp>
			</report>
			<report>
				<misses>2969001</misses>
				<total>474273</total>
				<timestamp>415.277166</timestamp>
			</report>
			<report>
				<misses>2970001</misses>
				<total>474273</total>
				<timestamp>415.417045</timestamp>
			</report>
			<report>
				<misses>2971001</misses>
				<total>474273</total>
				<timestamp>415.556945</timestamp>
			</report>
			<report>
				<misses>2972001</misses>
				<total>474273</total>
				<timestamp>415.696728</timestamp>
			</report>
			<report>
				<misses>2973001</misses>
				<total>474273</total>
				<timestamp>415.836597</timestamp>
			</report>
			<report>
				<misses>2974001</misses>
				<total>474273</total>
				<timestamp>415.976460</timestamp>
			</report>
			<report>
				<misses>2975001</misses>
				<total>474272</total>
				<timestamp>416.116409</timestamp>
			</report>
			<report>
				<misses>2976001</misses>
				<total>474273</total>
				<timestamp>416.256327</timestamp>
			</report>
			<report>
				<misses>2977001</misses>
				<total>474273</total>
				<timestamp>416.396168</timestamp>
			</report>
			<report>
				<misses>2978001</misses>
				<total>474273</total>
				<timestamp>416.536053</timestamp>
			</report>
			<report>
				<misses>2979001</misses>
				<total>474273</total>
				<timestamp>416.675975</timestamp>
			</report>
			<report>
				<misses>2980001</misses>
				<total>474272</total>
				<timestamp>416.816008</timestamp>
			</report>
			<report>
				<misses>2981001</misses>
				<total>474273</total>
				<timestamp>416.955925</timestamp>
			</report>
			<report>
				<misses>2982001</misses>
				<total>474272</total>
				<timestamp>417.095791</timestamp>
			</report>
			<report>
				<misses>2983001</misses>
				<total>474273</total>
				<timestamp>417.235593</timestamp>
			</report>
			<report>
				<misses>2984001</misses>
				<total>474273</total>
				<timestamp>417.375460</timestamp>
			</report>
			<report>
				<misses>2985001</misses>
				<total>474273</total>
				<timestamp>417.515377</timestamp>
			</report>
			<report>
				<misses>2986001</misses>
				<total>474272</total>
				<timestamp>417.655270</timestamp>
			</report>
			<report>
				<misses>2987001</misses>
				<total>474273</total>
				<timestamp>417.795051</timestamp>
			</report>
			<report>
				<misses>2988001</misses>
				<total>474272</total>
				<timestamp>417.935026</timestamp>
			</report>
			<report>
				<misses>2989001</misses>
				<total>474273</total>
				<timestamp>418.075005</timestamp>
			</report>
			<report>
				<misses>2990001</misses>
				<total>474273</total>
				<timestamp>418.214950</timestamp>
			</report>
			<report>
				<misses>2991001</misses>
				<total>474273</total>
				<timestamp>418.354742</timestamp>
			</report>
			<report>
				<misses>2992001</misses>
				<total>474272</total>
				<timestamp>418.494696</timestamp>
			</report>
			<report>
				<misses>2993001</misses>
				<total>474273</total>
				<timestamp>418.634477</timestamp>
			</report>
			<report>
				<misses>2994001</misses>
				<total>474273</total>
				<timestamp>418.774321</timestamp>
			</report>
			<report>
				<misses>2995001</misses>
				<total>474277</total>
				<timestamp>418.914187</timestamp>
			</report>
			<report>
				<misses>2996001</misses>
				<total>474277</total>
				<timestamp>419.054090</timestamp>
			</report>
			<report>
				<misses>2997001</misses>
				<total>474277</total>
				<timestamp>419.193932</timestamp>
			</report>
			<report>
				<misses>2998001</misses>
				<total>474277</total>
				<timestamp>419.333837</timestamp>
			</report>
			<report>
				<misses>2999001</misses>
				<total>474277</total>
				<timestamp>419.473630</timestamp>
			</report>
			<report>
				<misses>3000001</misses>
				<total>474277</total>
				<timestamp>419.613527</timestamp>
			</report>
			<report>
				<misses>3001001</misses>
				<total>474277</total>
				<timestamp>419.753377</timestamp>
			</report>
			<report>
				<misses>3002001</misses>
				<total>474277</total>
				<timestamp>419.893230</timestamp>
			</report>
			<report>
				<misses>3003001</misses>
				<total>474277</total>
				<timestamp>420.033075</timestamp>
			</report>
			<report>
				<misses>3004001</misses>
				<total>474277</total>
				<timestamp>420.172984</timestamp>
			</report>
			<report>
				<misses>3005001</misses>
				<total>474277</total>
				<timestamp>420.312779</timestamp>
			</report>
			<report>
				<misses>3006001</misses>
				<total>474278</total>
				<timestamp>420.452689</timestamp>
			</report>
			<report>
				<misses>3007001</misses>
				<total>474278</total>
				<timestamp>420.592585</timestamp>
			</report>
			<report>
				<misses>3008001</misses>
				<total>474278</total>
				<timestamp>420.732431</timestamp>
			</report>
			<report>
				<misses>3009001</misses>
				<total>474278</total>
				<timestamp>420.872248</timestamp>
			</report>
			<report>
				<misses>3010001</misses>
				<total>474278</total>
				<timestamp>421.012083</timestamp>
			</report>
			<report>
				<misses>3011001</misses>
				<total>474278</total>
				<timestamp>421.152059</timestamp>
			</report>
			<report>
				<misses>3012001</misses>
				<total>474279</total>
				<timestamp>421.291961</timestamp>
			</report>
			<report>
				<misses>3013001</misses>
				<total>474279</total>
				<timestamp>421.431860</timestamp>
			</report>
			<report>
				<misses>3014001</misses>
				<total>474279</total>
				<timestamp>421.571725</timestamp>
			</report>
			<report>
				<misses>3015001</misses>
				<total>474279</total>
				<timestamp>421.711524</timestamp>
			</report>
			<report>
				<misses>3016001</misses>
				<total>474279</total>
				<timestamp>421.851436</timestamp>
			</report>
			<report>
				<misses>3017001</misses>
				<total>474279</total>
				<timestamp>421.991246</timestamp>
			</report>
			<report>
				<misses>3018001</misses>
				<total>474279</total>
				<timestamp>422.131151</timestamp>
			</report>
			<report>
				<misses>3019001</misses>
				<total>474278</total>
				<timestamp>422.271022</timestamp>
			</report>
			<report>
				<misses>3020001</misses>
				<total>474279</total>
				<timestamp>422.410907</timestamp>
			</report>
			<report>
				<misses>3021001</misses>
				<total>474279</total>
				<timestamp>422.550693</timestamp>
			</report>
			<report>
				<misses>3022001</misses>
				<total>474279</total>
				<timestamp>422.690594</timestamp>
			</report>
			<report>
				<misses>3023001</misses>
				<total>474279</total>
				<timestamp>422.830421</timestamp>
			</report>
			<report>
				<misses>3024001</misses>
				<total>474283</total>
				<timestamp>422.970282</timestamp>
			</report>
			<report>
				<misses>3025001</misses>
				<total>474283</total>
				<timestamp>423.110168</timestamp>
			</report>
			<report>
				<misses>3026001</misses>
				<total>474283</total>
				<timestamp>423.250008</timestamp>
			</report>
			<report>
				<misses>3027001</misses>
				<total>474283</total>
				<timestamp>423.389909</timestamp>
			</report>
			<report>
				<misses>3028001</misses>
				<total>474283</total>
				<timestamp>423.529704</timestamp>
			</report>
			<report>
				<misses>3029001</misses>
				<total>474283</total>
				<timestamp>423.669615</timestamp>
			</report>
			<report>
				<misses>3030001</misses>
				<total>474283</total>
				<timestamp>423.809440</timestamp>
			</report>
			<report>
				<misses>3031001</misses>
				<total>474283</total>
				<timestamp>423.949338</timestamp>
			</report>
			<report>
				<misses>3032001</misses>
				<total>474283</total>
				<timestamp>424.089181</timestamp>
			</report>
			<report>
				<misses>3033001</misses>
				<total>474283</total>
				<timestamp>424.229026</timestamp>
			</report>
			<report>
				<misses>3034001</misses>
				<total>474283</total>
				<timestamp>424.368897</timestamp>
			</report>
			<report>
				<misses>3035001</misses>
				<total>474282</total>
				<timestamp>424.508840</timestamp>
			</report>
			<report>
				<misses>3036001</misses>
				<total>474283</total>
				<timestamp>424.648741</timestamp>
			</report>
			<report>
				<misses>3037001</misses>
				<total>474283</total>
				<timestamp>424.788640</timestamp>
			</report>
			<report>
				<misses>3038001</misses>
				<total>474284</total>
				<timestamp>424.928450</timestamp>
			</report>
			<report>
				<misses>3039001</misses>
				<total>474284</total>
				<timestamp>425.068342</timestamp>
			</report>
			<report>
				<misses>3040001</misses>
				<total>474284</total>
				<timestamp>425.208158</timestamp>
			</report>
			<report>
				<misses>3041001</misses>
				<total>474283</total>
				<timestamp>425.348093</timestamp>
			</report>
			<report>
				<misses>3042001</misses>
				<total>474284</total>
				<timestamp>425.487985</timestamp>
			</report>
			<report>
				<misses>3043001</misses>
				<total>474284</total>
				<timestamp>425.627795</timestamp>
			</report>
			<report>
				<misses>3044001</misses>
				<total>474284</total>
				<timestamp>425.767651</timestamp>
			</report>
			<report>
				<misses>3045001</misses>
				<total>474284</total>
				<timestamp>425.907510</timestamp>
			</report>
			<report>
				<misses>3046001</misses>
				<total>474284</total>
				<timestamp>426.047355</timestamp>
			</report>
			<report>
				<misses>3047001</misses>
				<total>474283</total>
				<timestamp>426.187256</timestamp>
			</report>
			<report>
				<misses>3048001</misses>
				<total>474284</total>
				<timestamp>426.327056</timestamp>
			</report>
			<report>
				<misses>3049001</misses>
				<total>474284</total>
				<timestamp>426.466977</timestamp>
			</report>
			<report>
				<misses>3050001</misses>
				<total>474284</total>
				<timestamp>426.606830</timestamp>
			</report>
			<report>
				<misses>3051001</misses>
				<total>474284</total>
				<timestamp>426.746674</timestamp>
			</report>
			<report>
				<misses>3052001</misses>
				<total>474284</total>
				<timestamp>426.886530</timestamp>
			</report>
			<report>
				<misses>3053001</misses>
				<total>474284</total>
				<timestamp>427.026350</timestamp>
			</report>
			<report>
				<misses>3054001</misses>
				<total>474284</total>
				<timestamp>427.166217</timestamp>
			</report>
			<report>
				<misses>3055001</misses>
				<total>474284</total>
				<timestamp>427.306119</timestamp>
			</report>
			<report>
				<misses>3056001</misses>
				<total>474284</total>
				<timestamp>427.446004</timestamp>
			</report>
			<report>
				<misses>3057001</misses>
				<total>474284</total>
				<timestamp>427.585887</timestamp>
			</report>
			<report>
				<misses>3058001</misses>
				<total>474284</total>
				<timestamp>427.725662</timestamp>
			</report>
			<report>
				<misses>3059001</misses>
				<total>474284</total>
				<timestamp>427.865502</timestamp>
			</report>
			<report>
				<misses>3060001</misses>
				<total>474283</total>
				<timestamp>428.005458</timestamp>
			</report>
			<report>
				<misses>3061001</misses>
				<total>474284</total>
				<timestamp>428.145236</timestamp>
			</report>
			<report>
				<misses>3062001</misses>
				<total>474284</total>
				<timestamp>428.285090</timestamp>
			</report>
			<report>
				<misses>3063001</misses>
				<total>474284</total>
				<timestamp>428.424979</timestamp>
			</report>
			<report>
				<misses>3064001</misses>
				<total>474284</total>
				<timestamp>428.564821</timestamp>
			</report>
			<report>
				<misses>3065001</misses>
				<total>474283</total>
				<timestamp>428.704786</timestamp>
			</report>
			<report>
				<misses>3066001</misses>
				<total>474284</total>
				<timestamp>428.844681</timestamp>
			</report>
			<report>
				<misses>3067001</misses>
				<total>474283</total>
				<timestamp>428.984606</timestamp>
			</report>
			<report>
				<misses>3068001</misses>
				<total>474283</total>
				<timestamp>429.124494</timestamp>
			</report>
			<report>
				<misses>3069001</misses>
				<total>474283</total>
				<timestamp>429.264500</timestamp>
			</report>
			<report>
				<misses>3070001</misses>
				<total>474284</total>
				<timestamp>429.404448</timestamp>
			</report>
			<report>
				<misses>3071001</misses>
				<total>474284</total>
				<timestamp>429.544325</timestamp>
			</report>
			<report>
				<misses>3072001</misses>
				<total>474285</total>
				<timestamp>429.684106</timestamp>
			</report>
			<report>
				<misses>3073001</misses>
				<total>474285</total>
				<timestamp>429.823970</timestamp>
			</report>
			<report>
				<misses>3074001</misses>
				<total>474285</total>
				<timestamp>429.963839</timestamp>
			</report>
			<report>
				<misses>3075001</misses>
				<total>474285</total>
				<timestamp>430.103784</timestamp>
			</report>
			<report>
				<misses>3076001</misses>
				<total>474285</total>
				<timestamp>430.243541</timestamp>
			</report>
			<report>
				<misses>3077001</misses>
				<total>474285</total>
				<timestamp>430.383455</timestamp>
			</report>
			<report>
				<misses>3078001</misses>
				<total>474285</total>
				<timestamp>430.523272</timestamp>
			</report>
			<report>
				<misses>3079001</misses>
				<total>474285</total>
				<timestamp>430.663154</timestamp>
			</report>
			<report>
				<misses>3080001</misses>
				<total>474285</total>
				<timestamp>430.802998</timestamp>
			</report>
			<report>
				<misses>3081001</misses>
				<total>474285</total>
				<timestamp>430.942881</timestamp>
			</report>
			<report>
				<misses>3082001</misses>
				<total>474284</total>
				<timestamp>431.082841</timestamp>
			</report>
			<report>
				<misses>3083001</misses>
				<total>474285</total>
				<timestamp>431.222795</timestamp>
			</report>
			<report>
				<misses>3084001</misses>
				<total>474297</total>
				<timestamp>431.362630</timestamp>
			</report>
			<report>
				<misses>3085001</misses>
				<total>474297</total>
				<timestamp>431.502434</timestamp>
			</report>
			<report>
				<misses>3086001</misses>
				<total>474297</total>
				<timestamp>431.642291</timestamp>
			</report>
			<report>
				<misses>3087001</misses>
				<total>474296</total>
				<timestamp>431.782217</timestamp>
			</report>
			<report>
				<misses>3088001</misses>
				<total>474297</total>
				<timestamp>431.922004</timestamp>
			</report>
			<report>
				<misses>3089001</misses>
				<total>474297</total>
				<timestamp>432.061983</timestamp>
			</report>
			<report>
				<misses>3090001</misses>
				<total>474297</total>
				<timestamp>432.201973</timestamp>
			</report>
			<report>
				<misses>3091001</misses>
				<total>474297</total>
				<timestamp>432.341906</timestamp>
			</report>
			<report>
				<misses>3092001</misses>
				<total>474297</total>
				<timestamp>432.481838</timestamp>
			</report>
			<report>
				<misses>3093001</misses>
				<total>474297</total>
				<timestamp>432.621813</timestamp>
			</report>
			<report>
				<misses>3094001</misses>
				<total>474297</total>
				<timestamp>432.761608</timestamp>
			</report>
			<report>
				<misses>3095001</misses>
				<total>474297</total>
				<timestamp>432.901442</timestamp>
			</report>
			<report>
				<misses>3096001</misses>
				<total>474297</total>
				<timestamp>433.041307</timestamp>
			</report>
			<report>
				<misses>3097001</misses>
				<total>474297</total>
				<timestamp>433.181158</timestamp>
			</report>
			<report>
				<misses>3098001</misses>
				<total>474296</total>
				<timestamp>433.321082</timestamp>
			</report>
			<report>
				<misses>3099001</misses>
				<total>474297</total>
				<timestamp>433.460929</timestamp>
			</report>
			<report>
				<misses>3100001</misses>
				<total>474296</total>
				<timestamp>433.600839</timestamp>
			</report>
			<report>
				<misses>3101001</misses>
				<total>474297</total>
				<timestamp>433.740626</timestamp>
			</report>
			<report>
				<misses>3102001</misses>
				<total>474297</total>
				<timestamp>433.880528</timestamp>
			</report>
			<report>
				<misses>3103001</misses>
				<total>474297</total>
				<timestamp>434.020331</timestamp>
			</report>
			<report>
				<misses>3104001</misses>
				<total>474296</total>
				<timestamp>434.160249</timestamp>
			</report>
			<report>
				<misses>3105001</misses>
				<total>474296</total>
				<timestamp>434.300133</timestamp>
			</report>
			<report>
				<misses>3106001</misses>
				<total>474297</total>
				<timestamp>434.439956</timestamp>
			</report>
			<report>
				<misses>3107001</misses>
				<total>474297</total>
				<timestamp>434.579861</timestamp>
			</report>
			<report>
				<misses>3108001</misses>
				<total>474297</total>
				<timestamp>434.719694</timestamp>
			</report>
			<report>
				<misses>3109001</misses>
				<total>474297</total>
				<timestamp>434.859565</timestamp>
			</report>
			<report>
				<misses>3110001</misses>
				<total>474296</total>
				<timestamp>434.999446</timestamp>
			</report>
			<report>
				<misses>3111001</misses>
				<total>474297</total>
				<timestamp>435.139233</timestamp>
			</report>
			<report>
				<misses>3112001</misses>
				<total>474297</total>
				<timestamp>435.279112</timestamp>
			</report>
			<report>
				<misses>3113001</misses>
				<total>474296</total>
				<timestamp>435.418994</timestamp>
			</report>
			<report>
				<misses>3114001</misses>
				<total>474297</total>
				<timestamp>435.558792</timestamp>
			</report>
			<report>
				<misses>3115001</misses>
				<total>474297</total>
				<timestamp>435.698689</timestamp>
			</report>
			<report>
				<misses>3116001</misses>
				<total>474297</total>
				<timestamp>435.838522</timestamp>
			</report>
			<report>
				<misses>3117001</misses>
				<total>474296</total>
				<timestamp>435.978430</timestamp>
			</report>
			<report>
				<misses>3118001</misses>
				<total>474297</total>
				<timestamp>436.118255</timestamp>
			</report>
			<report>
				<misses>3119001</misses>
				<total>474297</total>
				<timestamp>436.258092</timestamp>
			</report>
			<report>
				<misses>3120001</misses>
				<total>474297</total>
				<timestamp>436.397987</timestamp>
			</report>
			<report>
				<misses>3121001</misses>
				<total>474297</total>
				<timestamp>436.537832</timestamp>
			</report>
			<report>
				<misses>3122001</misses>
				<total>474297</total>
				<timestamp>436.677682</timestamp>
			</report>
			<report>
				<misses>3123001</misses>
				<total>474296</total>
				<timestamp>436.817586</timestamp>
			</report>
			<report>
				<misses>3124001</misses>
				<total>474297</total>
				<timestamp>436.957430</timestamp>
			</report>
			<report>
				<misses>3125001</misses>
				<total>474297</total>
				<timestamp>437.097267</timestamp>
			</report>
			<report>
				<misses>3126001</misses>
				<total>474297</total>
				<timestamp>437.237114</timestamp>
			</report>
			<report>
				<misses>3127001</misses>
				<total>474297</total>
				<timestamp>437.377017</timestamp>
			</report>
			<report>
				<misses>3128001</misses>
				<total>474297</total>
				<timestamp>437.516839</timestamp>
			</report>
			<report>
				<misses>3129001</misses>
				<total>474297</total>
				<timestamp>437.656704</timestamp>
			</report>
			<report>
				<misses>3130001</misses>
				<total>474297</total>
				<timestamp>437.796598</timestamp>
			</report>
			<report>
				<misses>3131001</misses>
				<total>474297</total>
				<timestamp>437.936417</timestamp>
			</report>
			<report>
				<misses>3132001</misses>
				<total>474297</total>
				<timestamp>438.076289</timestamp>
			</report>
			<report>
				<misses>3133001</misses>
				<total>474296</total>
				<timestamp>438.216251</timestamp>
			</report>
			<report>
				<misses>3134001</misses>
				<total>474297</total>
				<timestamp>438.356163</timestamp>
			</report>
			<report>
				<misses>3135001</misses>
				<total>474298</total>
				<timestamp>438.496035</timestamp>
			</report>
			<report>
				<misses>3136001</misses>
				<total>474298</total>
				<timestamp>438.635884</timestamp>
			</report>
			<report>
				<misses>3137001</misses>
				<total>474298</total>
				<timestamp>438.775727</timestamp>
			</report>
			<report>
				<misses>3138001</misses>
				<total>474299</total>
				<timestamp>438.915579</timestamp>
			</report>
			<report>
				<misses>3139001</misses>
				<total>474299</total>
				<timestamp>439.055441</timestamp>
			</report>
			<report>
				<misses>3140001</misses>
				<total>474299</total>
				<timestamp>439.195313</timestamp>
			</report>
			<report>
				<misses>3141001</misses>
				<total>474299</total>
				<timestamp>439.335140</timestamp>
			</report>
			<report>
				<misses>3142001</misses>
				<total>474298</total>
				<timestamp>439.475159</timestamp>
			</report>
			<report>
				<misses>3143001</misses>
				<total>474299</total>
				<timestamp>439.615029</timestamp>
			</report>
			<report>
				<misses>3144001</misses>
				<total>474299</total>
				<timestamp>439.754898</timestamp>
			</report>
			<report>
				<misses>3145001</misses>
				<total>474299</total>
				<timestamp>439.894754</timestamp>
			</report>
			<report>
				<misses>3146001</misses>
				<total>474299</total>
				<timestamp>440.034580</timestamp>
			</report>
			<report>
				<misses>3147001</misses>
				<total>474299</total>
				<timestamp>440.174453</timestamp>
			</report>
			<report>
				<misses>3148001</misses>
				<total>474299</total>
				<timestamp>440.314306</timestamp>
			</report>
			<report>
				<misses>3149001</misses>
				<total>474298</total>
				<timestamp>440.454231</timestamp>
			</report>
			<report>
				<misses>3150001</misses>
				<total>474298</total>
				<timestamp>440.594097</timestamp>
			</report>
			<report>
				<misses>3151001</misses>
				<total>474299</total>
				<timestamp>440.733902</timestamp>
			</report>
			<report>
				<misses>3152001</misses>
				<total>474299</total>
				<timestamp>440.873776</timestamp>
			</report>
			<report>
				<misses>3153001</misses>
				<total>474301</total>
				<timestamp>441.013653</timestamp>
			</report>
			<report>
				<misses>3154001</misses>
				<total>474302</total>
				<timestamp>441.153467</timestamp>
			</report>
			<report>
				<misses>3155001</misses>
				<total>474301</total>
				<timestamp>441.293353</timestamp>
			</report>
			<report>
				<misses>3156001</misses>
				<total>474302</total>
				<timestamp>441.433208</timestamp>
			</report>
			<report>
				<misses>3157001</misses>
				<total>474302</total>
				<timestamp>441.573119</timestamp>
			</report>
			<report>
				<misses>3158001</misses>
				<total>474302</total>
				<timestamp>441.712981</timestamp>
			</report>
			<report>
				<misses>3159001</misses>
				<total>474302</total>
				<timestamp>441.852796</timestamp>
			</report>
			<report>
				<misses>3160001</misses>
				<total>474302</total>
				<timestamp>441.992664</timestamp>
			</report>
			<report>
				<misses>3161001</misses>
				<total>474302</total>
				<timestamp>442.132507</timestamp>
			</report>
			<report>
				<misses>3162001</misses>
				<total>474301</total>
				<timestamp>442.272399</timestamp>
			</report>
			<report>
				<misses>3163001</misses>
				<total>474301</total>
				<timestamp>442.412320</timestamp>
			</report>
			<report>
				<misses>3164001</misses>
				<total>474302</total>
				<timestamp>442.552222</timestamp>
			</report>
			<report>
				<misses>3165001</misses>
				<total>474301</total>
				<timestamp>442.692163</timestamp>
			</report>
			<report>
				<misses>3166001</misses>
				<total>474301</total>
				<timestamp>442.832075</timestamp>
			</report>
			<report>
				<misses>3167001</misses>
				<total>474302</total>
				<timestamp>442.971933</timestamp>
			</report>
			<report>
				<misses>3168001</misses>
				<total>474302</total>
				<timestamp>443.111828</timestamp>
			</report>
			<report>
				<misses>3169001</misses>
				<total>474302</total>
				<timestamp>443.251802</timestamp>
			</report>
			<report>
				<misses>3170001</misses>
				<total>474302</total>
				<timestamp>443.391677</timestamp>
			</report>
			<report>
				<misses>3171001</misses>
				<total>474302</total>
				<timestamp>443.531536</timestamp>
			</report>
			<report>
				<misses>3172001</misses>
				<total>474302</total>
				<timestamp>443.671373</timestamp>
			</report>
			<report>
				<misses>3173001</misses>
				<total>474302</total>
				<timestamp>443.811235</timestamp>
			</report>
			<report>
				<misses>3174001</misses>
				<total>474302</total>
				<timestamp>443.951115</timestamp>
			</report>
			<report>
				<misses>3175001</misses>
				<total>474301</total>
				<timestamp>444.091006</timestamp>
			</report>
			<report>
				<misses>3176001</misses>
				<total>474301</total>
				<timestamp>444.230865</timestamp>
			</report>
			<report>
				<misses>3177001</misses>
				<total>474302</total>
				<timestamp>444.370773</timestamp>
			</report>
			<report>
				<misses>3178001</misses>
				<total>474302</total>
				<timestamp>444.510709</timestamp>
			</report>
			<report>
				<misses>3179001</misses>
				<total>474302</total>
				<timestamp>444.650572</timestamp>
			</report>
			<report>
				<misses>3180001</misses>
				<total>474302</total>
				<timestamp>444.790388</timestamp>
			</report>
			<report>
				<misses>3181001</misses>
				<total>474302</total>
				<timestamp>444.930298</timestamp>
			</report>
			<report>
				<misses>3182001</misses>
				<total>474301</total>
				<timestamp>445.070165</timestamp>
			</report>
			<report>
				<misses>3183001</misses>
				<total>474304</total>
				<timestamp>445.210054</timestamp>
			</report>
			<report>
				<misses>3184001</misses>
				<total>474305</total>
				<timestamp>445.349855</timestamp>
			</report>
			<report>
				<misses>3185001</misses>
				<total>474305</total>
				<timestamp>445.489762</timestamp>
			</report>
			<report>
				<misses>3186001</misses>
				<total>474314</total>
				<timestamp>445.629550</timestamp>
			</report>
			<report>
				<misses>3187001</misses>
				<total>474314</total>
				<timestamp>445.769433</timestamp>
			</report>
			<report>
				<misses>3188001</misses>
				<total>474314</total>
				<timestamp>445.909270</timestamp>
			</report>
			<report>
				<misses>3189001</misses>
				<total>474313</total>
				<timestamp>446.049173</timestamp>
			</report>
			<report>
				<misses>3190001</misses>
				<total>474313</total>
				<timestamp>446.189059</timestamp>
			</report>
			<report>
				<misses>3191001</misses>
				<total>474313</total>
				<timestamp>446.328957</timestamp>
			</report>
			<report>
				<misses>3192001</misses>
				<total>474315</total>
				<timestamp>446.468907</timestamp>
			</report>
			<report>
				<misses>3193001</misses>
				<total>474315</total>
				<timestamp>446.608771</timestamp>
			</report>
			<report>
				<misses>3194001</misses>
				<total>474314</total>
				<timestamp>446.748743</timestamp>
			</report>
			<report>
				<misses>3195001</misses>
				<total>474314</total>
				<timestamp>446.888709</timestamp>
			</report>
			<report>
				<misses>3196001</misses>
				<total>474315</total>
				<timestamp>447.028576</timestamp>
			</report>
			<report>
				<misses>3197001</misses>
				<total>474315</total>
				<timestamp>447.168507</timestamp>
			</report>
			<report>
				<misses>3198001</misses>
				<total>474315</total>
				<timestamp>447.308357</timestamp>
			</report>
			<report>
				<misses>3199001</misses>
				<total>474315</total>
				<timestamp>447.448205</timestamp>
			</report>
			<report>
				<misses>3200001</misses>
				<total>474315</total>
				<timestamp>447.588038</timestamp>
			</report>
			<report>
				<misses>3201001</misses>
				<total>474314</total>
				<timestamp>447.727988</timestamp>
			</report>
			<report>
				<misses>3202001</misses>
				<total>474315</total>
				<timestamp>447.867920</timestamp>
			</report>
			<report>
				<misses>3203001</misses>
				<total>474315</total>
				<timestamp>448.007732</timestamp>
			</report>
			<report>
				<misses>3204001</misses>
				<total>474315</total>
				<timestamp>448.147630</timestamp>
			</report>
			<report>
				<misses>3205001</misses>
				<total>474315</total>
				<timestamp>448.287456</timestamp>
			</report>
			<report>
				<misses>3206001</misses>
				<total>474315</total>
				<timestamp>448.427372</timestamp>
			</report>
			<report>
				<misses>3207001</misses>
				<total>474315</total>
				<timestamp>448.567191</timestamp>
			</report>
			<report>
				<misses>3208001</misses>
				<total>474315</total>
				<timestamp>448.707070</timestamp>
			</report>
			<report>
				<misses>3209001</misses>
				<total>474315</total>
				<timestamp>448.846890</timestamp>
			</report>
			<report>
				<misses>3210001</misses>
				<total>474314</total>
				<timestamp>448.986846</timestamp>
			</report>
			<report>
				<misses>3211001</misses>
				<total>474315</total>
				<timestamp>449.126665</timestamp>
			</report>
			<report>
				<misses>3212001</misses>
				<total>474315</total>
				<timestamp>449.266477</timestamp>
			</report>
			<report>
				<misses>3213001</misses>
				<total>474315</total>
				<timestamp>449.406352</timestamp>
			</report>
			<report>
				<misses>3214001</misses>
				<total>474315</total>
				<timestamp>449.546281</timestamp>
			</report>
			<report>
				<misses>3215001</misses>
				<total>474315</total>
				<timestamp>449.686037</timestamp>
			</report>
			<report>
				<misses>3216001</misses>
				<total>474315</total>
				<timestamp>449.825904</timestamp>
			</report>
			<report>
				<misses>3217001</misses>
				<total>474315</total>
				<timestamp>449.965810</timestamp>
			</report>
			<report>
				<misses>3218001</misses>
				<total>474315</total>
				<timestamp>450.105710</timestamp>
			</report>
			<report>
				<misses>3219001</misses>
				<total>474315</total>
				<timestamp>450.245487</timestamp>
			</report>
			<report>
				<misses>3220001</misses>
				<total>474315</total>
				<timestamp>450.385366</timestamp>
			</report>
			<report>
				<misses>3221001</misses>
				<total>474315</total>
				<timestamp>450.525197</timestamp>
			</report>
			<report>
				<misses>3222001</misses>
				<total>474315</total>
				<timestamp>450.665054</timestamp>
			</report>
			<report>
				<misses>3223001</misses>
				<total>474316</total>
				<timestamp>450.804956</timestamp>
			</report>
			<report>
				<misses>3224001</misses>
				<total>474315</total>
				<timestamp>450.944827</timestamp>
			</report>
			<report>
				<misses>3225001</misses>
				<total>474316</total>
				<timestamp>451.084711</timestamp>
			</report>
			<report>
				<misses>3226001</misses>
				<total>474315</total>
				<timestamp>451.224556</timestamp>
			</report>
			<report>
				<misses>3227001</misses>
				<total>474315</total>
				<timestamp>451.364405</timestamp>
			</report>
			<report>
				<misses>3228001</misses>
				<total>474329</total>
				<timestamp>451.504264</timestamp>
			</report>
			<report>
				<misses>3229001</misses>
				<total>474331</total>
				<timestamp>451.644102</timestamp>
			</report>
			<report>
				<misses>3230001</misses>
				<total>474331</total>
				<timestamp>451.784045</timestamp>
			</report>
			<report>
				<misses>3231001</misses>
				<total>474331</total>
				<timestamp>451.923846</timestamp>
			</report>
			<report>
				<misses>3232001</misses>
				<total>474330</total>
				<timestamp>452.063780</timestamp>
			</report>
			<report>
				<misses>3233001</misses>
				<total>474331</total>
				<timestamp>452.203721</timestamp>
			</report>
			<report>
				<misses>3234001</misses>
				<total>474331</total>
				<timestamp>452.343548</timestamp>
			</report>
			<report>
				<misses>3235001</misses>
				<total>474330</total>
				<timestamp>452.483483</timestamp>
			</report>
			<report>
				<misses>3236001</misses>
				<total>474331</total>
				<timestamp>452.623304</timestamp>
			</report>
			<report>
				<misses>3237001</misses>
				<total>474331</total>
				<timestamp>452.763115</timestamp>
			</report>
			<report>
				<misses>3238001</misses>
				<total>474331</total>
				<timestamp>452.902975</timestamp>
			</report>
			<report>
				<misses>3239001</misses>
				<total>474331</total>
				<timestamp>453.042841</timestamp>
			</report>
			<report>
				<misses>3240001</misses>
				<total>474330</total>
				<timestamp>453.182798</timestamp>
			</report>
			<report>
				<misses>3241001</misses>
				<total>474331</total>
				<timestamp>453.322731</timestamp>
			</report>
			<report>
				<misses>3242001</misses>
				<total>474335</total>
				<timestamp>453.462584</timestamp>
			</report>
			<report>
				<misses>3243001</misses>
				<total>474336</total>
				<timestamp>453.602393</timestamp>
			</report>
			<report>
				<misses>3244001</misses>
				<total>474336</total>
				<timestamp>453.742316</timestamp>
			</report>
			<report>
				<misses>3245001</misses>
				<total>474336</total>
				<timestamp>453.882145</timestamp>
			</report>
			<report>
				<misses>3246001</misses>
				<total>474336</total>
				<timestamp>454.022065</timestamp>
			</report>
			<report>
				<misses>3247001</misses>
				<total>474335</total>
				<timestamp>454.161910</timestamp>
			</report>
			<report>
				<misses>3248001</misses>
				<total>474336</total>
				<timestamp>454.301776</timestamp>
			</report>
			<report>
				<misses>3249001</misses>
				<total>474336</total>
				<timestamp>454.441577</timestamp>
			</report>
			<report>
				<misses>3250001</misses>
				<total>474336</total>
				<timestamp>454.581457</timestamp>
			</report>
			<report>
				<misses>3251001</misses>
				<total>474336</total>
				<timestamp>454.721297</timestamp>
			</report>
			<report>
				<misses>3252001</misses>
				<total>474336</total>
				<timestamp>454.861172</timestamp>
			</report>
			<report>
				<misses>3253001</misses>
				<total>474335</total>
				<timestamp>455.001071</timestamp>
			</report>
			<report>
				<misses>3254001</misses>
				<total>474338</total>
				<timestamp>455.140875</timestamp>
			</report>
			<report>
				<misses>3255001</misses>
				<total>474338</total>
				<timestamp>455.280787</timestamp>
			</report>
			<report>
				<misses>3256001</misses>
				<total>474338</total>
				<timestamp>455.420614</timestamp>
			</report>
			<report>
				<misses>3257001</misses>
				<total>474338</total>
				<timestamp>455.560481</timestamp>
			</report>
			<report>
				<misses>3258001</misses>
				<total>474338</total>
				<timestamp>455.700305</timestamp>
			</report>
			<report>
				<misses>3259001</misses>
				<total>474338</total>
				<timestamp>455.840186</timestamp>
			</report>
			<report>
				<misses>3260001</misses>
				<total>474337</total>
				<timestamp>455.980119</timestamp>
			</report>
			<report>
				<misses>3261001</misses>
				<total>474338</total>
				<timestamp>456.119908</timestamp>
			</report>
			<report>
				<misses>3262001</misses>
				<total>474338</total>
				<timestamp>456.259850</timestamp>
			</report>
			<report>
				<misses>3263001</misses>
				<total>474338</total>
				<timestamp>456.399655</timestamp>
			</report>
			<report>
				<misses>3264001</misses>
				<total>474338</total>
				<timestamp>456.539470</timestamp>
			</report>
			<report>
				<misses>3265001</misses>
				<total>474338</total>
				<timestamp>456.679363</timestamp>
			</report>
			<report>
				<misses>3266001</misses>
				<total>474338</total>
				<timestamp>456.819193</timestamp>
			</report>
			<report>
				<misses>3267001</misses>
				<total>474338</total>
				<timestamp>456.959063</timestamp>
			</report>
			<report>
				<misses>3268001</misses>
				<total>474338</total>
				<timestamp>457.098942</timestamp>
			</report>
			<report>
				<misses>3269001</misses>
				<total>474338</total>
				<timestamp>457.238816</timestamp>
			</report>
			<report>
				<misses>3270001</misses>
				<total>474338</total>
				<timestamp>457.378638</timestamp>
			</report>
			<report>
				<misses>3271001</misses>
				<total>474338</total>
				<timestamp>457.518540</timestamp>
			</report>
			<report>
				<misses>3272001</misses>
				<total>474338</total>
				<timestamp>457.658406</timestamp>
			</report>
			<report>
				<misses>3273001</misses>
				<total>474338</total>
				<timestamp>457.798205</timestamp>
			</report>
			<report>
				<misses>3274001</misses>
				<total>474338</total>
				<timestamp>457.938095</timestamp>
			</report>
			<report>
				<misses>3275001</misses>
				<total>474338</total>
				<timestamp>458.077990</timestamp>
			</report>
			<report>
				<misses>3276001</misses>
				<total>474338</total>
				<timestamp>458.217800</timestamp>
			</report>
			<report>
				<misses>3277001</misses>
				<total>474338</total>
				<timestamp>458.357671</timestamp>
			</report>
			<report>
				<misses>3278001</misses>
				<total>474338</total>
				<timestamp>458.497585</timestamp>
			</report>
			<report>
				<misses>3279001</misses>
				<total>474338</total>
				<timestamp>458.637371</timestamp>
			</report>
			<report>
				<misses>3280001</misses>
				<total>474338</total>
				<timestamp>458.777237</timestamp>
			</report>
			<report>
				<misses>3281001</misses>
				<total>474338</total>
				<timestamp>458.917089</timestamp>
			</report>
			<report>
				<misses>3282001</misses>
				<total>474338</total>
				<timestamp>459.057010</timestamp>
			</report>
			<report>
				<misses>3283001</misses>
				<total>474337</total>
				<timestamp>459.196923</timestamp>
			</report>
			<report>
				<misses>3284001</misses>
				<total>474338</total>
				<timestamp>459.336807</timestamp>
			</report>
			<report>
				<misses>3285001</misses>
				<total>474338</total>
				<timestamp>459.476689</timestamp>
			</report>
			<report>
				<misses>3286001</misses>
				<total>474338</total>
				<timestamp>459.616608</timestamp>
			</report>
			<report>
				<misses>3287001</misses>
				<total>474337</total>
				<timestamp>459.756459</timestamp>
			</report>
			<report>
				<misses>3288001</misses>
				<total>474338</total>
				<timestamp>459.896283</timestamp>
			</report>
			<report>
				<misses>3289001</misses>
				<total>474338</total>
				<timestamp>460.036135</timestamp>
			</report>
			<report>
				<misses>3290001</misses>
				<total>474337</total>
				<timestamp>460.176028</timestamp>
			</report>
			<report>
				<misses>3291001</misses>
				<total>474337</total>
				<timestamp>460.315905</timestamp>
			</report>
			<report>
				<misses>3292001</misses>
				<total>474339</total>
				<timestamp>460.455779</timestamp>
			</report>
			<report>
				<misses>3293001</misses>
				<total>474338</total>
				<timestamp>460.595682</timestamp>
			</report>
			<report>
				<misses>3294001</misses>
				<total>474339</total>
				<timestamp>460.735643</timestamp>
			</report>
			<report>
				<misses>3295001</misses>
				<total>474339</total>
				<timestamp>460.875423</timestamp>
			</report>
			<report>
				<misses>3296001</misses>
				<total>474339</total>
				<timestamp>461.015321</timestamp>
			</report>
			<report>
				<misses>3297001</misses>
				<total>474339</total>
				<timestamp>461.155168</timestamp>
			</report>
			<report>
				<misses>3298001</misses>
				<total>474338</total>
				<timestamp>461.295140</timestamp>
			</report>
			<report>
				<misses>3299001</misses>
				<total>474338</total>
				<timestamp>461.435020</timestamp>
			</report>
			<report>
				<misses>3300001</misses>
				<total>474339</total>
				<timestamp>461.574857</timestamp>
			</report>
			<report>
				<misses>3301001</misses>
				<total>474339</total>
				<timestamp>461.714733</timestamp>
			</report>
			<report>
				<misses>3302001</misses>
				<total>474339</total>
				<timestamp>461.854604</timestamp>
			</report>
			<report>
				<misses>3303001</misses>
				<total>474355</total>
				<timestamp>461.994480</timestamp>
			</report>
			<report>
				<misses>3304001</misses>
				<total>474356</total>
				<timestamp>462.134338</timestamp>
			</report>
			<report>
				<misses>3305001</misses>
				<total>474355</total>
				<timestamp>462.274223</timestamp>
			</report>
			<report>
				<misses>3306001</misses>
				<total>474356</total>
				<timestamp>462.414031</timestamp>
			</report>
			<report>
				<misses>3307001</misses>
				<total>474356</total>
				<timestamp>462.553871</timestamp>
			</report>
			<report>
				<misses>3308001</misses>
				<total>474355</total>
				<timestamp>462.693774</timestamp>
			</report>
			<report>
				<misses>3309001</misses>
				<total>474361</total>
				<timestamp>462.833681</timestamp>
			</report>
			<report>
				<misses>3310001</misses>
				<total>474361</total>
				<timestamp>462.973477</timestamp>
			</report>
			<report>
				<misses>3311001</misses>
				<total>474361</total>
				<timestamp>463.113310</timestamp>
			</report>
			<report>
				<misses>3312001</misses>
				<total>474361</total>
				<timestamp>463.253195</timestamp>
			</report>
			<report>
				<misses>3313001</misses>
				<total>474361</total>
				<timestamp>463.393049</timestamp>
			</report>
			<report>
				<misses>3314001</misses>
				<total>474361</total>
				<timestamp>463.532910</timestamp>
			</report>
			<report>
				<misses>3315001</misses>
				<total>474360</total>
				<timestamp>463.672818</timestamp>
			</report>
			<report>
				<misses>3316001</misses>
				<total>474360</total>
				<timestamp>463.812673</timestamp>
			</report>
			<report>
				<misses>3317001</misses>
				<total>474361</total>
				<timestamp>463.952477</timestamp>
			</report>
			<report>
				<misses>3318001</misses>
				<total>474360</total>
				<timestamp>464.092392</timestamp>
			</report>
			<report>
				<misses>3319001</misses>
				<total>474361</total>
				<timestamp>464.232243</timestamp>
			</report>
			<report>
				<misses>3320001</misses>
				<total>474361</total>
				<timestamp>464.372083</timestamp>
			</report>
			<report>
				<misses>3321001</misses>
				<total>474360</total>
				<timestamp>464.512021</timestamp>
			</report>
			<report>
				<misses>3322001</misses>
				<total>474361</total>
				<timestamp>464.651979</timestamp>
			</report>
			<report>
				<misses>3323001</misses>
				<total>474361</total>
				<timestamp>464.791829</timestamp>
			</report>
			<report>
				<misses>3324001</misses>
				<total>474361</total>
				<timestamp>464.931641</timestamp>
			</report>
			<report>
				<misses>3325001</misses>
				<total>474360</total>
				<timestamp>465.071591</timestamp>
			</report>
			<report>
				<misses>3326001</misses>
				<total>474361</total>
				<timestamp>465.211421</timestamp>
			</report>
			<report>
				<misses>3327001</misses>
				<total>474361</total>
				<timestamp>465.351219</timestamp>
			</report>
			<report>
				<misses>3328001</misses>
				<total>474361</total>
				<timestamp>465.491082</timestamp>
			</report>
			<report>
				<misses>3329001</misses>
				<total>474361</total>
				<timestamp>465.630934</timestamp>
			</report>
			<report>
				<misses>3330001</misses>
				<total>474361</total>
				<timestamp>465.770794</timestamp>
			</report>
			<report>
				<misses>3331001</misses>
				<total>474360</total>
				<timestamp>465.910731</timestamp>
			</report>
			<report>
				<misses>3332001</misses>
				<total>474360</total>
				<timestamp>466.050618</timestamp>
			</report>
			<report>
				<misses>3333001</misses>
				<total>474361</total>
				<timestamp>466.190530</timestamp>
			</report>
			<report>
				<misses>3334001</misses>
				<total>474361</total>
				<timestamp>466.330391</timestamp>
			</report>
			<report>
				<misses>3335001</misses>
				<total>474361</total>
				<timestamp>466.470250</timestamp>
			</report>
			<report>
				<misses>3336001</misses>
				<total>474361</total>
				<timestamp>466.610123</timestamp>
			</report>
			<report>
				<misses>3337001</misses>
				<total>474360</total>
				<timestamp>466.750011</timestamp>
			</report>
			<report>
				<misses>3338001</misses>
				<total>474361</total>
				<timestamp>466.889818</timestamp>
			</report>
			<report>
				<misses>3339001</misses>
				<total>474360</total>
				<timestamp>467.029794</timestamp>
			</report>
			<report>
				<misses>3340001</misses>
				<total>474361</total>
				<timestamp>467.169694</timestamp>
			</report>
			<report>
				<misses>3341001</misses>
				<total>474361</total>
				<timestamp>467.309605</timestamp>
			</report>
			<report>
				<misses>3342001</misses>
				<total>474361</total>
				<timestamp>467.449439</timestamp>
			</report>
			<report>
				<misses>3343001</misses>
				<total>474361</total>
				<timestamp>467.589234</timestamp>
			</report>
			<report>
				<misses>3344001</misses>
				<total>474361</total>
				<timestamp>467.729123</timestamp>
			</report>
			<report>
				<misses>3345001</misses>
				<total>474361</total>
				<timestamp>467.869022</timestamp>
			</report>
			<report>
				<misses>3346001</misses>
				<total>474361</total>
				<timestamp>468.008840</timestamp>
			</report>
			<report>
				<misses>3347001</misses>
				<total>474361</total>
				<timestamp>468.148710</timestamp>
			</report>
			<report>
				<misses>3348001</misses>
				<total>474361</total>
				<timestamp>468.288648</timestamp>
			</report>
			<report>
				<misses>3349001</misses>
				<total>474361</total>
				<timestamp>468.428426</timestamp>
			</report>
			<report>
				<misses>3350001</misses>
				<total>474360</total>
				<timestamp>468.568373</timestamp>
			</report>
			<report>
				<misses>3351001</misses>
				<total>474361</total>
				<timestamp>468.708316</timestamp>
			</report>
			<report>
				<misses>3352001</misses>
				<total>474361</total>
				<timestamp>468.848175</timestamp>
			</report>
			<report>
				<misses>3353001</misses>
				<total>474361</total>
				<timestamp>468.988037</timestamp>
			</report>
			<report>
				<misses>3354001</misses>
				<total>474361</total>
				<timestamp>469.127976</timestamp>
			</report>
			<report>
				<misses>3355001</misses>
				<total>474361</total>
				<timestamp>469.267908</timestamp>
			</report>
			<report>
				<misses>3356001</misses>
				<total>474360</total>
				<timestamp>469.407773</timestamp>
			</report>
			<report>
				<misses>3357001</misses>
				<total>474361</total>
				<timestamp>469.547607</timestamp>
			</report>
			<report>
				<misses>3358001</misses>
				<total>474361</total>
				<timestamp>469.687427</timestamp>
			</report>
			<report>
				<misses>3359001</misses>
				<total>474371</total>
				<timestamp>469.827283</timestamp>
			</report>
			<report>
				<misses>3360001</misses>
				<total>474370</total>
				<timestamp>469.967294</timestamp>
			</report>
			<report>
				<misses>3361001</misses>
				<total>474371</total>
				<timestamp>470.107167</timestamp>
			</report>
			<report>
				<misses>3362001</misses>
				<total>474372</total>
				<timestamp>470.247001</timestamp>
			</report>
			<report>
				<misses>3363001</misses>
				<total>474374</total>
				<timestamp>470.387069</timestamp>
			</report>
			<report>
				<misses>3364001</misses>
				<total>474380</total>
				<timestamp>470.527042</timestamp>
			</report>
			<report>
				<misses>3365001</misses>
				<total>474381</total>
				<timestamp>470.666895</timestamp>
			</report>
			<report>
				<misses>3366001</misses>
				<total>474386</total>
				<timestamp>470.806742</timestamp>
			</report>
			<report>
				<misses>3367001</misses>
				<total>474386</total>
				<timestamp>470.946613</timestamp>
			</report>
			<report>
				<misses>3368001</misses>
				<total>474386</total>
				<timestamp>471.086511</timestamp>
			</report>
			<report>
				<misses>3369001</misses>
				<total>474386</total>
				<timestamp>471.226340</timestamp>
			</report>
			<report>
				<misses>3370001</misses>
				<total>474386</total>
				<timestamp>471.366171</timestamp>
			</report>
			<report>
				<misses>3371001</misses>
				<total>474386</total>
				<timestamp>471.506108</timestamp>
			</report>
			<report>
				<misses>3372001</misses>
				<total>474386</total>
				<timestamp>471.645924</timestamp>
			</report>
			<report>
				<misses>3373001</misses>
				<total>474386</total>
				<timestamp>471.785789</timestamp>
			</report>
			<report>
				<misses>3374001</misses>
				<total>474386</total>
				<timestamp>471.925661</timestamp>
			</report>
			<report>
				<misses>3375001</misses>
				<total>474386</total>
				<timestamp>472.065479</timestamp>
			</report>
			<report>
				<misses>3376001</misses>
				<total>474386</total>
				<timestamp>472.205353</timestamp>
			</report>
			<report>
				<misses>3377001</misses>
				<total>474386</total>
				<timestamp>472.345192</timestamp>
			</report>
			<report>
				<misses>3378001</misses>
				<total>474385</total>
				<timestamp>472.485123</timestamp>
			</report>
			<report>
				<misses>3379001</misses>
				<total>474386</total>
				<timestamp>472.624953</timestamp>
			</report>
			<report>
				<misses>3380001</misses>
				<total>474392</total>
				<timestamp>472.764831</timestamp>
			</report>
			<report>
				<misses>3381001</misses>
				<total>474393</total>
				<timestamp>472.904707</timestamp>
			</report>
			<report>
				<misses>3382001</misses>
				<total>474393</total>
				<timestamp>473.044525</timestamp>
			</report>
			<report>
				<misses>3383001</misses>
				<total>474393</total>
				<timestamp>473.184347</timestamp>
			</report>
			<report>
				<misses>3384001</misses>
				<total>474393</total>
				<timestamp>473.324216</timestamp>
			</report>
			<report>
				<misses>3385001</misses>
				<total>474392</total>
				<timestamp>473.464139</timestamp>
			</report>
			<report>
				<misses>3386001</misses>
				<total>474396</total>
				<timestamp>473.604001</timestamp>
			</report>
			<report>
				<misses>3387001</misses>
				<total>474397</total>
				<timestamp>473.743808</timestamp>
			</report>
			<report>
				<misses>3388001</misses>
				<total>474397</total>
				<timestamp>473.883668</timestamp>
			</report>
			<report>
				<misses>3389001</misses>
				<total>474397</total>
				<timestamp>474.023562</timestamp>
			</report>
			<report>
				<misses>3390001</misses>
				<total>474397</total>
				<timestamp>474.163395</timestamp>
			</report>
			<report>
				<misses>3391001</misses>
				<total>474396</total>
				<timestamp>474.303279</timestamp>
			</report>
			<report>
				<misses>3392001</misses>
				<total>474397</total>
				<timestamp>474.443218</timestamp>
			</report>
			<report>
				<misses>3393001</misses>
				<total>474397</total>
				<timestamp>474.583087</timestamp>
			</report>
			<report>
				<misses>3394001</misses>
				<total>474397</total>
				<timestamp>474.722953</timestamp>
			</report>
			<report>
				<misses>3395001</misses>
				<total>474397</total>
				<timestamp>474.862804</timestamp>
			</report>
			<report>
				<misses>3396001</misses>
				<total>474396</total>
				<timestamp>475.002714</timestamp>
			</report>
			<report>
				<misses>3397001</misses>
				<total>474396</total>
				<timestamp>475.142650</timestamp>
			</report>
			<report>
				<misses>3398001</misses>
				<total>474397</total>
				<timestamp>475.282552</timestamp>
			</report>
			<report>
				<misses>3399001</misses>
				<total>474396</total>
				<timestamp>475.422555</timestamp>
			</report>
			<report>
				<misses>3400001</misses>
				<total>474397</total>
				<timestamp>475.562393</timestamp>
			</report>
			<report>
				<misses>3401001</misses>
				<total>474397</total>
				<timestamp>475.702274</timestamp>
			</report>
			<report>
				<misses>3402001</misses>
				<total>474397</total>
				<timestamp>475.842139</timestamp>
			</report>
			<report>
				<misses>3403001</misses>
				<total>474398</total>
				<timestamp>475.981967</timestamp>
			</report>
			<report>
				<misses>3404001</misses>
				<total>474398</total>
				<timestamp>476.121840</timestamp>
			</report>
			<report>
				<misses>3405001</misses>
				<total>474397</total>
				<timestamp>476.261745</timestamp>
			</report>
			<report>
				<misses>3406001</misses>
				<total>474398</total>
				<timestamp>476.401577</timestamp>
			</report>
			<report>
				<misses>3407001</misses>
				<total>474398</total>
				<timestamp>476.541414</timestamp>
			</report>
			<report>
				<misses>3408001</misses>
				<total>474398</total>
				<timestamp>476.681259</timestamp>
			</report>
			<report>
				<misses>3409001</misses>
				<total>474398</total>
				<timestamp>476.821199</timestamp>
			</report>
			<report>
				<misses>3410001</misses>
				<total>474398</total>
				<timestamp>476.961038</timestamp>
			</report>
			<report>
				<misses>3411001</misses>
				<total>474398</total>
				<timestamp>477.100906</timestamp>
			</report>
			<report>
				<misses>3412001</misses>
				<total>474398</total>
				<timestamp>477.240730</timestamp>
			</report>
			<report>
				<misses>3413001</misses>
				<total>474398</total>
				<timestamp>477.380586</timestamp>
			</report>
			<report>
				<misses>3414001</misses>
				<total>474398</total>
				<timestamp>477.520433</timestamp>
			</report>
			<report>
				<misses>3415001</misses>
				<total>474398</total>
				<timestamp>477.660287</timestamp>
			</report>
			<report>
				<misses>3416001</misses>
				<total>474398</total>
				<timestamp>477.800165</timestamp>
			</report>
			<report>
				<misses>3417001</misses>
				<total>474398</total>
				<timestamp>477.940041</timestamp>
			</report>
			<report>
				<misses>3418001</misses>
				<total>474398</total>
				<timestamp>478.079972</timestamp>
			</report>
			<report>
				<misses>3419001</misses>
				<total>474401</total>
				<timestamp>478.219756</timestamp>
			</report>
			<report>
				<misses>3420001</misses>
				<total>474400</total>
				<timestamp>478.359729</timestamp>
			</report>
			<report>
				<misses>3421001</misses>
				<total>474401</total>
				<timestamp>478.499675</timestamp>
			</report>
			<report>
				<misses>3422001</misses>
				<total>474403</total>
				<timestamp>478.639566</timestamp>
			</report>
			<report>
				<misses>3423001</misses>
				<total>474408</total>
				<timestamp>478.779558</timestamp>
			</report>
			<report>
				<misses>3424001</misses>
				<total>474408</total>
				<timestamp>478.919529</timestamp>
			</report>
			<report>
				<misses>3425001</misses>
				<total>474408</total>
				<timestamp>479.059315</timestamp>
			</report>
			<report>
				<misses>3426001</misses>
				<total>474408</total>
				<timestamp>479.199227</timestamp>
			</report>
			<report>
				<misses>3427001</misses>
				<total>474408</total>
				<timestamp>479.339066</timestamp>
			</report>
			<report>
				<misses>3428001</misses>
				<total>474408</total>
				<timestamp>479.478930</timestamp>
			</report>
			<report>
				<misses>3429001</misses>
				<total>474408</total>
				<timestamp>479.618756</timestamp>
			</report>
			<report>
				<misses>3430001</misses>
				<total>474408</total>
				<timestamp>479.758625</timestamp>
			</report>
			<report>
				<misses>3431001</misses>
				<total>474419</total>
				<timestamp>479.898516</timestamp>
			</report>
			<report>
				<misses>3432001</misses>
				<total>474419</total>
				<timestamp>480.038328</timestamp>
			</report>
			<report>
				<misses>3433001</misses>
				<total>474428</total>
				<timestamp>480.178194</timestamp>
			</report>
			<report>
				<misses>3434001</misses>
				<total>474428</total>
				<timestamp>480.318148</timestamp>
			</report>
			<report>
				<misses>3435001</misses>
				<total>474427</total>
				<timestamp>480.458018</timestamp>
			</report>
			<report>
				<misses>3436001</misses>
				<total>474428</total>
				<timestamp>480.597925</timestamp>
			</report>
			<report>
				<misses>3437001</misses>
				<total>474428</total>
				<timestamp>480.737766</timestamp>
			</report>
			<report>
				<misses>3438001</misses>
				<total>474428</total>
				<timestamp>480.877698</timestamp>
			</report>
			<report>
				<misses>3439001</misses>
				<total>474428</total>
				<timestamp>481.017530</timestamp>
			</report>
			<report>
				<misses>3440001</misses>
				<total>474428</total>
				<timestamp>481.157419</timestamp>
			</report>
			<report>
				<misses>3441001</misses>
				<total>474427</total>
				<timestamp>481.297259</timestamp>
			</report>
			<report>
				<misses>3442001</misses>
				<total>474428</total>
				<timestamp>481.437087</timestamp>
			</report>
			<report>
				<misses>3443001</misses>
				<total>474428</total>
				<timestamp>481.576948</timestamp>
			</report>
			<report>
				<misses>3444001</misses>
				<total>474428</total>
				<timestamp>481.716787</timestamp>
			</report>
			<report>
				<misses>3445001</misses>
				<total>474428</total>
				<timestamp>481.856692</timestamp>
			</report>
			<report>
				<misses>3446001</misses>
				<total>474431</total>
				<timestamp>481.996555</timestamp>
			</report>
			<report>
				<misses>3447001</misses>
				<total>474431</total>
				<timestamp>482.136364</timestamp>
			</report>
			<report>
				<misses>3448001</misses>
				<total>474431</total>
				<timestamp>482.276225</timestamp>
			</report>
			<report>
				<misses>3449001</misses>
				<total>474431</total>
				<timestamp>482.416133</timestamp>
			</report>
			<report>
				<misses>3450001</misses>
				<total>474431</total>
				<timestamp>482.555965</timestamp>
			</report>
			<report>
				<misses>3451001</misses>
				<total>474431</total>
				<timestamp>482.695917</timestamp>
			</report>
			<report>
				<misses>3452001</misses>
				<total>474432</total>
				<timestamp>482.835837</timestamp>
			</report>
			<report>
				<misses>3453001</misses>
				<total>474431</total>
				<timestamp>482.975694</timestamp>
			</report>
			<report>
				<misses>3454001</misses>
				<total>474438</total>
				<timestamp>483.115564</timestamp>
			</report>
			<report>
				<misses>3455001</misses>
				<total>474438</total>
				<timestamp>483.255481</timestamp>
			</report>
			<report>
				<misses>3456001</misses>
				<total>474439</total>
				<timestamp>483.395282</timestamp>
			</report>
			<report>
				<misses>3457001</misses>
				<total>474439</total>
				<timestamp>483.535185</timestamp>
			</report>
			<report>
				<misses>3458001</misses>
				<total>474439</total>
				<timestamp>483.674988</timestamp>
			</report>
			<report>
				<misses>3459001</misses>
				<total>474439</total>
				<timestamp>483.814830</timestamp>
			</report>
			<report>
				<misses>3460001</misses>
				<total>474439</total>
				<timestamp>483.954706</timestamp>
			</report>
			<report>
				<misses>3461001</misses>
				<total>474439</total>
				<timestamp>484.094591</timestamp>
			</report>
			<report>
				<misses>3462001</misses>
				<total>474442</total>
				<timestamp>484.234601</timestamp>
			</report>
			<report>
				<misses>3463001</misses>
				<total>474443</total>
				<timestamp>484.374428</timestamp>
			</report>
			<report>
				<misses>3464001</misses>
				<total>474442</total>
				<timestamp>484.514308</timestamp>
			</report>
			<report>
				<misses>3465001</misses>
				<total>474443</total>
				<timestamp>484.654217</timestamp>
			</report>
			<report>
				<misses>3466001</misses>
				<total>474443</total>
				<timestamp>484.794043</timestamp>
			</report>
			<report>
				<misses>3467001</misses>
				<total>474443</total>
				<timestamp>484.933900</timestamp>
			</report>
			<report>
				<misses>3468001</misses>
				<total>474443</total>
				<timestamp>485.073778</timestamp>
			</report>
			<report>
				<misses>3469001</misses>
				<total>474443</total>
				<timestamp>485.213575</timestamp>
			</report>
			<report>
				<misses>3470001</misses>
				<total>474443</total>
				<timestamp>485.353473</timestamp>
			</report>
			<report>
				<misses>3471001</misses>
				<total>474443</total>
				<timestamp>485.493291</timestamp>
			</report>
			<report>
				<misses>3472001</misses>
				<total>474443</total>
				<timestamp>485.633210</timestamp>
			</report>
			<report>
				<misses>3473001</misses>
				<total>474443</total>
				<timestamp>485.773016</timestamp>
			</report>
			<report>
				<misses>3474001</misses>
				<total>474443</total>
				<timestamp>485.912887</timestamp>
			</report>
			<report>
				<misses>3475001</misses>
				<total>474443</total>
				<timestamp>486.052735</timestamp>
			</report>
			<report>
				<misses>3476001</misses>
				<total>474444</total>
				<timestamp>486.192578</timestamp>
			</report>
			<report>
				<misses>3477001</misses>
				<total>474443</total>
				<timestamp>486.332514</timestamp>
			</report>
			<report>
				<misses>3478001</misses>
				<total>474443</total>
				<timestamp>486.472321</timestamp>
			</report>
			<report>
				<misses>3479001</misses>
				<total>474443</total>
				<timestamp>486.612176</timestamp>
			</report>
			<report>
				<misses>3480001</misses>
				<total>474443</total>
				<timestamp>486.752083</timestamp>
			</report>
			<report>
				<misses>3481001</misses>
				<total>474443</total>
				<timestamp>486.891917</timestamp>
			</report>
			<report>
				<misses>3482001</misses>
				<total>474448</total>
				<timestamp>487.031770</timestamp>
			</report>
			<report>
				<misses>3483001</misses>
				<total>474448</total>
				<timestamp>487.171626</timestamp>
			</report>
			<report>
				<misses>3484001</misses>
				<total>474448</total>
				<timestamp>487.311565</timestamp>
			</report>
			<report>
				<misses>3485001</misses>
				<total>474448</total>
				<timestamp>487.451326</timestamp>
			</report>
			<report>
				<misses>3486001</misses>
				<total>474448</total>
				<timestamp>487.591187</timestamp>
			</report>
			<report>
				<misses>3487001</misses>
				<total>474448</total>
				<timestamp>487.731089</timestamp>
			</report>
			<report>
				<misses>3488001</misses>
				<total>474448</total>
				<timestamp>487.870934</timestamp>
			</report>
			<report>
				<misses>3489001</misses>
				<total>474447</total>
				<timestamp>488.010896</timestamp>
			</report>
			<report>
				<misses>3490001</misses>
				<total>474448</total>
				<timestamp>488.150820</timestamp>
			</report>
			<report>
				<misses>3491001</misses>
				<total>474448</total>
				<timestamp>488.290646</timestamp>
			</report>
			<report>
				<misses>3492001</misses>
				<total>474448</total>
				<timestamp>488.430516</timestamp>
			</report>
			<report>
				<misses>3493001</misses>
				<total>474447</total>
				<timestamp>488.570460</timestamp>
			</report>
			<report>
				<misses>3494001</misses>
				<total>474447</total>
				<timestamp>488.710504</timestamp>
			</report>
			<report>
				<misses>3495001</misses>
				<total>474447</total>
				<timestamp>488.850517</timestamp>
			</report>
			<report>
				<misses>3496001</misses>
				<total>474448</total>
				<timestamp>488.990347</timestamp>
			</report>
			<report>
				<misses>3497001</misses>
				<total>474449</total>
				<timestamp>489.130231</timestamp>
			</report>
			<report>
				<misses>3498001</misses>
				<total>474449</total>
				<timestamp>489.270059</timestamp>
			</report>
			<report>
				<misses>3499001</misses>
				<total>474448</total>
				<timestamp>489.409947</timestamp>
			</report>
			<report>
				<misses>3500001</misses>
				<total>474448</total>
				<timestamp>489.549898</timestamp>
			</report>
			<report>
				<misses>3501001</misses>
				<total>474447</total>
				<timestamp>489.689903</timestamp>
			</report>
			<report>
				<misses>3502001</misses>
				<total>474448</total>
				<timestamp>489.829802</timestamp>
			</report>
			<report>
				<misses>3503001</misses>
				<total>474448</total>
				<timestamp>489.969698</timestamp>
			</report>
			<report>
				<misses>3504001</misses>
				<total>474447</total>
				<timestamp>490.109626</timestamp>
			</report>
			<report>
				<misses>3505001</misses>
				<total>474450</total>
				<timestamp>490.249541</timestamp>
			</report>
			<report>
				<misses>3506001</misses>
				<total>474450</total>
				<timestamp>490.389358</timestamp>
			</report>
			<report>
				<misses>3507001</misses>
				<total>474450</total>
				<timestamp>490.529229</timestamp>
			</report>
			<report>
				<misses>3508001</misses>
				<total>474457</total>
				<timestamp>490.669117</timestamp>
			</report>
			<report>
				<misses>3509001</misses>
				<total>474457</total>
				<timestamp>490.809023</timestamp>
			</report>
			<report>
				<misses>3510001</misses>
				<total>474457</total>
				<timestamp>490.948843</timestamp>
			</report>
			<report>
				<misses>3511001</misses>
				<total>474457</total>
				<timestamp>491.088730</timestamp>
			</report>
			<report>
				<misses>3512001</misses>
				<total>474456</total>
				<timestamp>491.228620</timestamp>
			</report>
			<report>
				<misses>3513001</misses>
				<total>474457</total>
				<timestamp>491.368425</timestamp>
			</report>
			<report>
				<misses>3514001</misses>
				<total>474457</total>
				<timestamp>491.508265</timestamp>
			</report>
			<report>
				<misses>3515001</misses>
				<total>474458</total>
				<timestamp>491.648234</timestamp>
			</report>
			<report>
				<misses>3516001</misses>
				<total>474459</total>
				<timestamp>491.788106</timestamp>
			</report>
			<report>
				<misses>3517001</misses>
				<total>474459</total>
				<timestamp>491.927988</timestamp>
			</report>
			<report>
				<misses>3518001</misses>
				<total>474459</total>
				<timestamp>492.067822</timestamp>
			</report>
			<report>
				<misses>3519001</misses>
				<total>474459</total>
				<timestamp>492.207694</timestamp>
			</report>
			<report>
				<misses>3520001</misses>
				<total>474459</total>
				<timestamp>492.347602</timestamp>
			</report>
			<report>
				<misses>3521001</misses>
				<total>474459</total>
				<timestamp>492.487515</timestamp>
			</report>
			<report>
				<misses>3522001</misses>
				<total>474459</total>
				<timestamp>492.627459</timestamp>
			</report>
			<report>
				<misses>3523001</misses>
				<total>474459</total>
				<timestamp>492.767278</timestamp>
			</report>
			<report>
				<misses>3524001</misses>
				<total>474459</total>
				<timestamp>492.907166</timestamp>
			</report>
			<report>
				<misses>3525001</misses>
				<total>474459</total>
				<timestamp>493.047033</timestamp>
			</report>
			<report>
				<misses>3526001</misses>
				<total>474459</total>
				<timestamp>493.186877</timestamp>
			</report>
			<report>
				<misses>3527001</misses>
				<total>474459</total>
				<timestamp>493.326708</timestamp>
			</report>
			<report>
				<misses>3528001</misses>
				<total>474459</total>
				<timestamp>493.466602</timestamp>
			</report>
			<report>
				<misses>3529001</misses>
				<total>474459</total>
				<timestamp>493.606456</timestamp>
			</report>
			<report>
				<misses>3530001</misses>
				<total>474458</total>
				<timestamp>493.746354</timestamp>
			</report>
			<report>
				<misses>3531001</misses>
				<total>474458</total>
				<timestamp>493.886288</timestamp>
			</report>
			<report>
				<misses>3532001</misses>
				<total>474460</total>
				<timestamp>494.026254</timestamp>
			</report>
			<report>
				<misses>3533001</misses>
				<total>474461</total>
				<timestamp>494.166026</timestamp>
			</report>
			<report>
				<misses>3534001</misses>
				<total>474461</total>
				<timestamp>494.305923</timestamp>
			</report>
			<report>
				<misses>3535001</misses>
				<total>474460</total>
				<timestamp>494.445880</timestamp>
			</report>
			<report>
				<misses>3536001</misses>
				<total>474461</total>
				<timestamp>494.585733</timestamp>
			</report>
			<report>
				<misses>3537001</misses>
				<total>474461</total>
				<timestamp>494.725665</timestamp>
			</report>
			<report>
				<misses>3538001</misses>
				<total>474461</total>
				<timestamp>494.865466</timestamp>
			</report>
			<report>
				<misses>3539001</misses>
				<total>474461</total>
				<timestamp>495.005329</timestamp>
			</report>
			<report>
				<misses>3540001</misses>
				<total>474461</total>
				<timestamp>495.145243</timestamp>
			</report>
			<report>
				<misses>3541001</misses>
				<total>474461</total>
				<timestamp>495.285023</timestamp>
			</report>
			<report>
				<misses>3542001</misses>
				<total>474460</total>
				<timestamp>495.424949</timestamp>
			</report>
			<report>
				<misses>3543001</misses>
				<total>474461</total>
				<timestamp>495.564749</timestamp>
			</report>
			<report>
				<misses>3544001</misses>
				<total>474461</total>
				<timestamp>495.704609</timestamp>
			</report>
			<report>
				<misses>3545001</misses>
				<total>474461</total>
				<timestamp>495.844470</timestamp>
			</report>
			<report>
				<misses>3546001</misses>
				<total>474461</total>
				<timestamp>495.984384</timestamp>
			</report>
			<report>
				<misses>3547001</misses>
				<total>474460</total>
				<timestamp>496.124252</timestamp>
			</report>
			<report>
				<misses>3548001</misses>
				<total>474461</total>
				<timestamp>496.264167</timestamp>
			</report>
			<report>
				<misses>3549001</misses>
				<total>474461</total>
				<timestamp>496.404079</timestamp>
			</report>
			<report>
				<misses>3550001</misses>
				<total>474461</total>
				<timestamp>496.543916</timestamp>
			</report>
			<report>
				<misses>3551001</misses>
				<total>474472</total>
				<timestamp>496.683869</timestamp>
			</report>
			<report>
				<misses>3552001</misses>
				<total>474472</total>
				<timestamp>496.823634</timestamp>
			</report>
			<report>
				<misses>3553001</misses>
				<total>474472</total>
				<timestamp>496.963554</timestamp>
			</report>
			<report>
				<misses>3554001</misses>
				<total>474471</total>
				<timestamp>497.103462</timestamp>
			</report>
			<report>
				<misses>3555001</misses>
				<total>474472</total>
				<timestamp>497.243454</timestamp>
			</report>
			<report>
				<misses>3556001</misses>
				<total>474472</total>
				<timestamp>497.383200</timestamp>
			</report>
			<report>
				<misses>3557001</misses>
				<total>474472</total>
				<timestamp>497.523078</timestamp>
			</report>
			<report>
				<misses>3558001</misses>
				<total>474472</total>
				<timestamp>497.662937</timestamp>
			</report>
			<report>
				<misses>3559001</misses>
				<total>474472</total>
				<timestamp>497.802829</timestamp>
			</report>
			<report>
				<misses>3560001</misses>
				<total>474472</total>
				<timestamp>497.942685</timestamp>
			</report>
			<report>
				<misses>3561001</misses>
				<total>474471</total>
				<timestamp>498.082572</timestamp>
			</report>
			<report>
				<misses>3562001</misses>
				<total>474472</total>
				<timestamp>498.222386</timestamp>
			</report>
			<report>
				<misses>3563001</misses>
				<total>474472</total>
				<timestamp>498.362267</timestamp>
			</report>
			<report>
				<misses>3564001</misses>
				<total>474472</total>
				<timestamp>498.502086</timestamp>
			</report>
			<report>
				<misses>3565001</misses>
				<total>474472</total>
				<timestamp>498.641976</timestamp>
			</report>
			<report>
				<misses>3566001</misses>
				<total>474471</total>
				<timestamp>498.781836</timestamp>
			</report>
			<report>
				<misses>3567001</misses>
				<total>474471</total>
				<timestamp>498.921696</timestamp>
			</report>
			<report>
				<misses>3568001</misses>
				<total>474472</total>
				<timestamp>499.061541</timestamp>
			</report>
			<report>
				<misses>3569001</misses>
				<total>474473</total>
				<timestamp>499.201460</timestamp>
			</report>
			<report>
				<misses>3570001</misses>
				<total>474474</total>
				<timestamp>499.341273</timestamp>
			</report>
			<report>
				<misses>3571001</misses>
				<total>474474</total>
				<timestamp>499.481107</timestamp>
			</report>
			<report>
				<misses>3572001</misses>
				<total>474474</total>
				<timestamp>499.621023</timestamp>
			</report>
			<report>
				<misses>3573001</misses>
				<total>474474</total>
				<timestamp>499.760881</timestamp>
			</report>
			<report>
				<misses>3574001</misses>
				<total>474474</total>
				<timestamp>499.900685</timestamp>
			</report>
			<report>
				<misses>3575001</misses>
				<total>474474</total>
				<timestamp>500.040542</timestamp>
			</report>
			<report>
				<misses>3576001</misses>
				<total>474474</total>
				<timestamp>500.180436</timestamp>
			</report>
			<report>
				<misses>3577001</misses>
				<total>474474</total>
				<timestamp>500.320356</timestamp>
			</report>
			<report>
				<misses>3578001</misses>
				<total>474474</total>
				<timestamp>500.460201</timestamp>
			</report>
			<report>
				<misses>3579001</misses>
				<total>474475</total>
				<timestamp>500.600113</timestamp>
			</report>
			<report>
				<misses>3580001</misses>
				<total>474475</total>
				<timestamp>500.740026</timestamp>
			</report>
			<report>
				<misses>3581001</misses>
				<total>474475</total>
				<timestamp>500.879896</timestamp>
			</report>
			<report>
				<misses>3582001</misses>
				<total>474475</total>
				<timestamp>501.019722</timestamp>
			</report>
			<report>
				<misses>3583001</misses>
				<total>474475</total>
				<timestamp>501.159620</timestamp>
			</report>
			<report>
				<misses>3584001</misses>
				<total>474475</total>
				<timestamp>501.299512</timestamp>
			</report>
			<report>
				<misses>3585001</misses>
				<total>474478</total>
				<timestamp>501.439309</timestamp>
			</report>
			<report>
				<misses>3586001</misses>
				<total>474478</total>
				<timestamp>501.579257</timestamp>
			</report>
			<report>
				<misses>3587001</misses>
				<total>474478</total>
				<timestamp>501.719159</timestamp>
			</report>
			<report>
				<misses>3588001</misses>
				<total>474478</total>
				<timestamp>501.859066</timestamp>
			</report>
			<report>
				<misses>3589001</misses>
				<total>474478</total>
				<timestamp>501.998875</timestamp>
			</report>
			<report>
				<misses>3590001</misses>
				<total>474477</total>
				<timestamp>502.138839</timestamp>
			</report>
			<report>
				<misses>3591001</misses>
				<total>474478</total>
				<timestamp>502.278722</timestamp>
			</report>
			<report>
				<misses>3592001</misses>
				<total>474478</total>
				<timestamp>502.418633</timestamp>
			</report>
			<report>
				<misses>3593001</misses>
				<total>474478</total>
				<timestamp>502.558488</timestamp>
			</report>
			<report>
				<misses>3594001</misses>
				<total>474477</total>
				<timestamp>502.698365</timestamp>
			</report>
			<report>
				<misses>3595001</misses>
				<total>474477</total>
				<timestamp>502.838250</timestamp>
			</report>
			<report>
				<misses>3596001</misses>
				<total>474478</total>
				<timestamp>502.978054</timestamp>
			</report>
			<report>
				<misses>3597001</misses>
				<total>474478</total>
				<timestamp>503.117943</timestamp>
			</report>
			<report>
				<misses>3598001</misses>
				<total>474477</total>
				<timestamp>503.257805</timestamp>
			</report>
			<report>
				<misses>3599001</misses>
				<total>474478</total>
				<timestamp>503.397662</timestamp>
			</report>
			<report>
				<misses>3600001</misses>
				<total>474478</total>
				<timestamp>503.537483</timestamp>
			</report>
			<report>
				<misses>3601001</misses>
				<total>474478</total>
				<timestamp>503.677349</timestamp>
			</report>
			<report>
				<misses>3602001</misses>
				<total>474477</total>
				<timestamp>503.817243</timestamp>
			</report>
			<report>
				<misses>3603001</misses>
				<total>474478</total>
				<timestamp>503.957081</timestamp>
			</report>
			<report>
				<misses>3604001</misses>
				<total>474477</total>
				<timestamp>504.096969</timestamp>
			</report>
			<report>
				<misses>3605001</misses>
				<total>474478</total>
				<timestamp>504.236760</timestamp>
			</report>
			<report>
				<misses>3606001</misses>
				<total>474478</total>
				<timestamp>504.376683</timestamp>
			</report>
			<report>
				<misses>3607001</misses>
				<total>474478</total>
				<timestamp>504.516501</timestamp>
			</report>
			<report>
				<misses>3608001</misses>
				<total>474478</total>
				<timestamp>504.656358</timestamp>
			</report>
			<report>
				<misses>3609001</misses>
				<total>474478</total>
				<timestamp>504.796254</timestamp>
			</report>
			<report>
				<misses>3610001</misses>
				<total>474478</total>
				<timestamp>504.936102</timestamp>
			</report>
			<report>
				<misses>3611001</misses>
				<total>474478</total>
				<timestamp>505.075977</timestamp>
			</report>
			<report>
				<misses>3612001</misses>
				<total>474478</total>
				<timestamp>505.215831</timestamp>
			</report>
			<report>
				<misses>3613001</misses>
				<total>474478</total>
				<timestamp>505.355700</timestamp>
			</report>
			<report>
				<misses>3614001</misses>
				<total>474477</total>
				<timestamp>505.495604</timestamp>
			</report>
			<report>
				<misses>3615001</misses>
				<total>474478</total>
				<timestamp>505.635408</timestamp>
			</report>
			<report>
				<misses>3616001</misses>
				<total>474478</total>
				<timestamp>505.775234</timestamp>
			</report>
			<report>
				<misses>3617001</misses>
				<total>474478</total>
				<timestamp>505.915129</timestamp>
			</report>
			<report>
				<misses>3618001</misses>
				<total>474478</total>
				<timestamp>506.054980</timestamp>
			</report>
			<report>
				<misses>3619001</misses>
				<total>474477</total>
				<timestamp>506.194895</timestamp>
			</report>
			<report>
				<misses>3620001</misses>
				<total>474477</total>
				<timestamp>506.334772</timestamp>
			</report>
			<report>
				<misses>3621001</misses>
				<total>474489</total>
				<timestamp>506.474533</timestamp>
			</report>
			<report>
				<misses>3622001</misses>
				<total>474489</total>
				<timestamp>506.614424</timestamp>
			</report>
			<report>
				<misses>3623001</misses>
				<total>474489</total>
				<timestamp>506.754251</timestamp>
			</report>
			<report>
				<misses>3624001</misses>
				<total>474489</total>
				<timestamp>506.894110</timestamp>
			</report>
			<report>
				<misses>3625001</misses>
				<total>474489</total>
				<timestamp>507.034000</timestamp>
			</report>
			<report>
				<misses>3626001</misses>
				<total>474488</total>
				<timestamp>507.173906</timestamp>
			</report>
			<report>
				<misses>3627001</misses>
				<total>474489</total>
				<timestamp>507.313696</timestamp>
			</report>
			<report>
				<misses>3628001</misses>
				<total>474494</total>
				<timestamp>507.453612</timestamp>
			</report>
			<report>
				<misses>3629001</misses>
				<total>474494</total>
				<timestamp>507.593450</timestamp>
			</report>
			<report>
				<misses>3630001</misses>
				<total>474493</total>
				<timestamp>507.733359</timestamp>
			</report>
			<report>
				<misses>3631001</misses>
				<total>474494</total>
				<timestamp>507.873149</timestamp>
			</report>
			<report>
				<misses>3632001</misses>
				<total>474495</total>
				<timestamp>508.013057</timestamp>
			</report>
			<report>
				<misses>3633001</misses>
				<total>474496</total>
				<timestamp>508.152852</timestamp>
			</report>
			<report>
				<misses>3634001</misses>
				<total>474496</total>
				<timestamp>508.292756</timestamp>
			</report>
			<report>
				<misses>3635001</misses>
				<total>474496</total>
				<timestamp>508.432626</timestamp>
			</report>
			<report>
				<misses>3636001</misses>
				<total>474496</total>
				<timestamp>508.572500</timestamp>
			</report>
			<report>
				<misses>3637001</misses>
				<total>474496</total>
				<timestamp>508.712333</timestamp>
			</report>
			<report>
				<misses>3638001</misses>
				<total>474496</total>
				<timestamp>508.852154</timestamp>
			</report>
			<report>
				<misses>3639001</misses>
				<total>474496</total>
				<timestamp>508.992058</timestamp>
			</report>
			<report>
				<misses>3640001</misses>
				<total>474496</total>
				<timestamp>509.131897</timestamp>
			</report>
			<report>
				<misses>3641001</misses>
				<total>474496</total>
				<timestamp>509.271747</timestamp>
			</report>
			<report>
				<misses>3642001</misses>
				<total>474496</total>
				<timestamp>509.411592</timestamp>
			</report>
			<report>
				<misses>3643001</misses>
				<total>474495</total>
				<timestamp>509.551528</timestamp>
			</report>
			<report>
				<misses>3644001</misses>
				<total>474496</total>
				<timestamp>509.691346</timestamp>
			</report>
			<report>
				<misses>3645001</misses>
				<total>474495</total>
				<timestamp>509.831275</timestamp>
			</report>
			<report>
				<misses>3646001</misses>
				<total>474496</total>
				<timestamp>509.971246</timestamp>
			</report>
			<report>
				<misses>3647001</misses>
				<total>474495</total>
				<timestamp>510.111177</timestamp>
			</report>
			<report>
				<misses>3648001</misses>
				<total>474496</total>
				<timestamp>510.251109</timestamp>
			</report>
			<report>
				<misses>3649001</misses>
				<total>474496</total>
				<timestamp>510.390896</timestamp>
			</report>
			<report>
				<misses>3650001</misses>
				<total>474496</total>
				<timestamp>510.530755</timestamp>
			</report>
			<report>
				<misses>3651001</misses>
				<total>474496</total>
				<timestamp>510.670668</timestamp>
			</report>
			<report>
				<misses>3652001</misses>
				<total>474496</total>
				<timestamp>510.810508</timestamp>
			</report>
			<report>
				<misses>3653001</misses>
				<total>474496</total>
				<timestamp>510.950331</timestamp>
			</report>
			<report>
				<misses>3654001</misses>
				<total>474495</total>
				<timestamp>511.090325</timestamp>
			</report>
			<report>
				<misses>3655001</misses>
				<total>474496</total>
				<timestamp>511.230293</timestamp>
			</report>
			<report>
				<misses>3656001</misses>
				<total>474496</total>
				<timestamp>511.370094</timestamp>
			</report>
			<report>
				<misses>3657001</misses>
				<total>474496</total>
				<timestamp>511.509992</timestamp>
			</report>
			<report>
				<misses>3658001</misses>
				<total>474496</total>
				<timestamp>511.649847</timestamp>
			</report>
			<report>
				<misses>3659001</misses>
				<total>474496</total>
				<timestamp>511.789642</timestamp>
			</report>
			<report>
				<misses>3660001</misses>
				<total>474495</total>
				<timestamp>511.929564</timestamp>
			</report>
			<report>
				<misses>3661001</misses>
				<total>474496</total>
				<timestamp>512.069360</timestamp>
			</report>
			<report>
				<misses>3662001</misses>
				<total>474496</total>
				<timestamp>512.209221</timestamp>
			</report>
			<report>
				<misses>3663001</misses>
				<total>474495</total>
				<timestamp>512.349146</timestamp>
			</report>
			<report>
				<misses>3664001</misses>
				<total>474496</total>
				<timestamp>512.488965</timestamp>
			</report>
			<report>
				<misses>3665001</misses>
				<total>474495</total>
				<timestamp>512.628872</timestamp>
			</report>
			<report>
				<misses>3666001</misses>
				<total>474496</total>
				<timestamp>512.768690</timestamp>
			</report>
			<report>
				<misses>3667001</misses>
				<total>474497</total>
				<timestamp>512.908642</timestamp>
			</report>
			<report>
				<misses>3668001</misses>
				<total>474498</total>
				<timestamp>513.048556</timestamp>
			</report>
			<report>
				<misses>3669001</misses>
				<total>474498</total>
				<timestamp>513.188460</timestamp>
			</report>
			<report>
				<misses>3670001</misses>
				<total>474502</total>
				<timestamp>513.328319</timestamp>
			</report>
			<report>
				<misses>3671001</misses>
				<total>474502</total>
				<timestamp>513.468103</timestamp>
			</report>
			<report>
				<misses>3672001</misses>
				<total>474502</total>
				<timestamp>513.607941</timestamp>
			</report>
			<report>
				<misses>3673001</misses>
				<total>474502</total>
				<timestamp>513.747808</timestamp>
			</report>
			<report>
				<misses>3674001</misses>
				<total>474502</total>
				<timestamp>513.887662</timestamp>
			</report>
			<report>
				<misses>3675001</misses>
				<total>474501</total>
				<timestamp>514.027577</timestamp>
			</report>
			<report>
				<misses>3676001</misses>
				<total>474501</total>
				<timestamp>514.167500</timestamp>
			</report>
			<report>
				<misses>3677001</misses>
				<total>474502</total>
				<timestamp>514.307486</timestamp>
			</report>
			<report>
				<misses>3678001</misses>
				<total>474502</total>
				<timestamp>514.447364</timestamp>
			</report>
			<report>
				<misses>3679001</misses>
				<total>474502</total>
				<timestamp>514.587301</timestamp>
			</report>
			<report>
				<misses>3680001</misses>
				<total>474502</total>
				<timestamp>514.727140</timestamp>
			</report>
			<report>
				<misses>3681001</misses>
				<total>474502</total>
				<timestamp>514.867037</timestamp>
			</report>
			<report>
				<misses>3682001</misses>
				<total>474501</total>
				<timestamp>515.006914</timestamp>
			</report>
			<report>
				<misses>3683001</misses>
				<total>474502</total>
				<timestamp>515.146739</timestamp>
			</report>
			<report>
				<misses>3684001</misses>
				<total>474502</total>
				<timestamp>515.286557</timestamp>
			</report>
			<report>
				<misses>3685001</misses>
				<total>474501</total>
				<timestamp>515.426500</timestamp>
			</report>
			<report>
				<misses>3686001</misses>
				<total>474502</total>
				<timestamp>515.566321</timestamp>
			</report>
			<report>
				<misses>3687001</misses>
				<total>474502</total>
				<timestamp>515.706151</timestamp>
			</report>
			<report>
				<misses>3688001</misses>
				<total>474501</total>
				<timestamp>515.846101</timestamp>
			</report>
			<report>
				<misses>3689001</misses>
				<total>474503</total>
				<timestamp>515.986034</timestamp>
			</report>
			<report>
				<misses>3690001</misses>
				<total>474503</total>
				<timestamp>516.125889</timestamp>
			</report>
			<report>
				<misses>3691001</misses>
				<total>474503</total>
				<timestamp>516.265699</timestamp>
			</report>
			<report>
				<misses>3692001</misses>
				<total>474503</total>
				<timestamp>516.405559</timestamp>
			</report>
			<report>
				<misses>3693001</misses>
				<total>474503</total>
				<timestamp>516.545448</timestamp>
			</report>
			<report>
				<misses>3694001</misses>
				<total>474503</total>
				<timestamp>516.685346</timestamp>
			</report>
			<report>
				<misses>3695001</misses>
				<total>474504</total>
				<timestamp>516.825272</timestamp>
			</report>
			<report>
				<misses>3696001</misses>
				<total>474505</total>
				<timestamp>516.965154</timestamp>
			</report>
			<report>
				<misses>3697001</misses>
				<total>474505</total>
				<timestamp>517.105069</timestamp>
			</report>
			<report>
				<misses>3698001</misses>
				<total>474505</total>
				<timestamp>517.244913</timestamp>
			</report>
			<report>
				<misses>3699001</misses>
				<total>474505</total>
				<timestamp>517.384720</timestamp>
			</report>
			<report>
				<misses>3700001</misses>
				<total>474505</total>
				<timestamp>517.524585</timestamp>
			</report>
			<report>
				<misses>3701001</misses>
				<total>474505</total>
				<timestamp>517.664505</timestamp>
			</report>
			<report>
				<misses>3702001</misses>
				<total>474505</total>
				<timestamp>517.804323</timestamp>
			</report>
			<report>
				<misses>3703001</misses>
				<total>474505</total>
				<timestamp>517.944195</timestamp>
			</report>
			<report>
				<misses>3704001</misses>
				<total>474504</total>
				<timestamp>518.084095</timestamp>
			</report>
			<report>
				<misses>3705001</misses>
				<total>474505</total>
				<timestamp>518.223902</timestamp>
			</report>
			<report>
				<misses>3706001</misses>
				<total>474505</total>
				<timestamp>518.363755</timestamp>
			</report>
			<report>
				<misses>3707001</misses>
				<total>474505</total>
				<timestamp>518.503668</timestamp>
			</report>
			<report>
				<misses>3708001</misses>
				<total>474505</total>
				<timestamp>518.643493</timestamp>
			</report>
			<report>
				<misses>3709001</misses>
				<total>474505</total>
				<timestamp>518.783348</timestamp>
			</report>
			<report>
				<misses>3710001</misses>
				<total>474507</total>
				<timestamp>518.923277</timestamp>
			</report>
			<report>
				<misses>3711001</misses>
				<total>474507</total>
				<timestamp>519.063070</timestamp>
			</report>
			<report>
				<misses>3712001</misses>
				<total>474507</total>
				<timestamp>519.202960</timestamp>
			</report>
			<report>
				<misses>3713001</misses>
				<total>474507</total>
				<timestamp>519.342824</timestamp>
			</report>
			<report>
				<misses>3714001</misses>
				<total>474507</total>
				<timestamp>519.482664</timestamp>
			</report>
			<report>
				<misses>3715001</misses>
				<total>474507</total>
				<timestamp>519.622491</timestamp>
			</report>
			<report>
				<misses>3716001</misses>
				<total>474507</total>
				<timestamp>519.762399</timestamp>
			</report>
			<report>
				<misses>3717001</misses>
				<total>474507</total>
				<timestamp>519.902232</timestamp>
			</report>
			<report>
				<misses>3718001</misses>
				<total>474507</total>
				<timestamp>520.042172</timestamp>
			</report>
			<report>
				<misses>3719001</misses>
				<total>474507</total>
				<timestamp>520.181956</timestamp>
			</report>
			<report>
				<misses>3720001</misses>
				<total>474507</total>
				<timestamp>520.321790</timestamp>
			</report>
			<report>
				<misses>3721001</misses>
				<total>474507</total>
				<timestamp>520.461674</timestamp>
			</report>
			<report>
				<misses>3722001</misses>
				<total>474507</total>
				<timestamp>520.601562</timestamp>
			</report>
			<report>
				<misses>3723001</misses>
				<total>474507</total>
				<timestamp>520.741387</timestamp>
			</report>
			<report>
				<misses>3724001</misses>
				<total>474507</total>
				<timestamp>520.881273</timestamp>
			</report>
			<report>
				<misses>3725001</misses>
				<total>474507</total>
				<timestamp>521.021144</timestamp>
			</report>
			<report>
				<misses>3726001</misses>
				<total>474507</total>
				<timestamp>521.160958</timestamp>
			</report>
			<report>
				<misses>3727001</misses>
				<total>474506</total>
				<timestamp>521.300922</timestamp>
			</report>
			<report>
				<misses>3728001</misses>
				<total>474507</total>
				<timestamp>521.440903</timestamp>
			</report>
			<report>
				<misses>3729001</misses>
				<total>474507</total>
				<timestamp>521.580807</timestamp>
			</report>
			<report>
				<misses>3730001</misses>
				<total>474508</total>
				<timestamp>521.720708</timestamp>
			</report>
			<report>
				<misses>3731001</misses>
				<total>474508</total>
				<timestamp>521.860544</timestamp>
			</report>
			<report>
				<misses>3732001</misses>
				<total>474508</total>
				<timestamp>522.000424</timestamp>
			</report>
			<report>
				<misses>3733001</misses>
				<total>474508</total>
				<timestamp>522.140281</timestamp>
			</report>
			<report>
				<misses>3734001</misses>
				<total>474508</total>
				<timestamp>522.280245</timestamp>
			</report>
			<report>
				<misses>3735001</misses>
				<total>474508</total>
				<timestamp>522.420099</timestamp>
			</report>
			<report>
				<misses>3736001</misses>
				<total>474508</total>
				<timestamp>522.560050</timestamp>
			</report>
			<report>
				<misses>3737001</misses>
				<total>474508</total>
				<timestamp>522.699882</timestamp>
			</report>
			<report>
				<misses>3738001</misses>
				<total>474508</total>
				<timestamp>522.839712</timestamp>
			</report>
			<report>
				<misses>3739001</misses>
				<total>474508</total>
				<timestamp>522.979584</timestamp>
			</report>
			<report>
				<misses>3740001</misses>
				<total>474508</total>
				<timestamp>523.119443</timestamp>
			</report>
			<report>
				<misses>3741001</misses>
				<total>474508</total>
				<timestamp>523.259286</timestamp>
			</report>
			<report>
				<misses>3742001</misses>
				<total>474508</total>
				<timestamp>523.399165</timestamp>
			</report>
			<report>
				<misses>3743001</misses>
				<total>474508</total>
				<timestamp>523.539086</timestamp>
			</report>
			<report>
				<misses>3744001</misses>
				<total>474508</total>
				<timestamp>523.678888</timestamp>
			</report>
			<report>
				<misses>3745001</misses>
				<total>474508</total>
				<timestamp>523.818705</timestamp>
			</report>
			<report>
				<misses>3746001</misses>
				<total>474508</total>
				<timestamp>523.958570</timestamp>
			</report>
			<report>
				<misses>3747001</misses>
				<total>474508</total>
				<timestamp>524.098421</timestamp>
			</report>
			<report>
				<misses>3748001</misses>
				<total>474508</total>
				<timestamp>524.238290</timestamp>
			</report>
			<report>
				<misses>3749001</misses>
				<total>474507</total>
				<timestamp>524.378270</timestamp>
			</report>
			<report>
				<misses>3750001</misses>
				<total>474512</total>
				<timestamp>524.518168</timestamp>
			</report>
			<report>
				<misses>3751001</misses>
				<total>474512</total>
				<timestamp>524.658087</timestamp>
			</report>
			<report>
				<misses>3752001</misses>
				<total>474512</total>
				<timestamp>524.797925</timestamp>
			</report>
			<report>
				<misses>3753001</misses>
				<total>474517</total>
				<timestamp>524.937744</timestamp>
			</report>
			<report>
				<misses>3754001</misses>
				<total>474517</total>
				<timestamp>525.077610</timestamp>
			</report>
			<report>
				<misses>3755001</misses>
				<total>474517</total>
				<timestamp>525.217451</timestamp>
			</report>
			<report>
				<misses>3756001</misses>
				<total>474517</total>
				<timestamp>525.357368</timestamp>
			</report>
			<report>
				<misses>3757001</misses>
				<total>474517</total>
				<timestamp>525.497222</timestamp>
			</report>
			<report>
				<misses>3758001</misses>
				<total>474517</total>
				<timestamp>525.637237</timestamp>
			</report>
			<report>
				<misses>3759001</misses>
				<total>474518</total>
				<timestamp>525.777047</timestamp>
			</report>
			<report>
				<misses>3760001</misses>
				<total>474517</total>
				<timestamp>525.916896</timestamp>
			</report>
			<report>
				<misses>3761001</misses>
				<total>474517</total>
				<timestamp>526.056784</timestamp>
			</report>
			<report>
				<misses>3762001</misses>
				<total>474517</total>
				<timestamp>526.196598</timestamp>
			</report>
			<report>
				<misses>3763001</misses>
				<total>474517</total>
				<timestamp>526.336485</timestamp>
			</report>
			<report>
				<misses>3764001</misses>
				<total>474516</total>
				<timestamp>526.476423</timestamp>
			</report>
			<report>
				<misses>3765001</misses>
				<total>474516</total>
				<timestamp>526.616291</timestamp>
			</report>
			<report>
				<misses>3766001</misses>
				<total>474517</total>
				<timestamp>526.756236</timestamp>
			</report>
			<report>
				<misses>3767001</misses>
				<total>474517</total>
				<timestamp>526.896062</timestamp>
			</report>
			<report>
				<misses>3768001</misses>
				<total>474517</total>
				<timestamp>527.035985</timestamp>
			</report>
			<report>
				<misses>3769001</misses>
				<total>474517</total>
				<timestamp>527.175774</timestamp>
			</report>
			<report>
				<misses>3770001</misses>
				<total>474516</total>
				<timestamp>527.315684</timestamp>
			</report>
			<report>
				<misses>3771001</misses>
				<total>474516</total>
				<timestamp>527.455543</timestamp>
			</report>
			<report>
				<misses>3772001</misses>
				<total>474517</total>
				<timestamp>527.595372</timestamp>
			</report>
			<report>
				<misses>3773001</misses>
				<total>474517</total>
				<timestamp>527.735200</timestamp>
			</report>
			<report>
				<misses>3774001</misses>
				<total>474520</total>
				<timestamp>527.875245</timestamp>
			</report>
			<report>
				<misses>3775001</misses>
				<total>474520</total>
				<timestamp>528.015064</timestamp>
			</report>
			<report>
				<misses>3776001</misses>
				<total>474520</total>
				<timestamp>528.154923</timestamp>
			</report>
			<report>
				<misses>3777001</misses>
				<total>474520</total>
				<timestamp>528.294861</timestamp>
			</report>
			<report>
				<misses>3778001</misses>
				<total>474520</total>
				<timestamp>528.434646</timestamp>
			</report>
			<report>
				<misses>3779001</misses>
				<total>474520</total>
				<timestamp>528.574514</timestamp>
			</report>
			<report>
				<misses>3780001</misses>
				<total>474520</total>
				<timestamp>528.714385</timestamp>
			</report>
			<report>
				<misses>3781001</misses>
				<total>474520</total>
				<timestamp>528.854265</timestamp>
			</report>
			<report>
				<misses>3782001</misses>
				<total>474519</total>
				<timestamp>528.994168</timestamp>
			</report>
			<report>
				<misses>3783001</misses>
				<total>474524</total>
				<timestamp>529.133961</timestamp>
			</report>
			<report>
				<misses>3784001</misses>
				<total>474524</total>
				<timestamp>529.273807</timestamp>
			</report>
			<report>
				<misses>3785001</misses>
				<total>474524</total>
				<timestamp>529.413662</timestamp>
			</report>
			<report>
				<misses>3786001</misses>
				<total>474524</total>
				<timestamp>529.553547</timestamp>
			</report>
			<report>
				<misses>3787001</misses>
				<total>474524</total>
				<timestamp>529.693412</timestamp>
			</report>
			<report>
				<misses>3788001</misses>
				<total>474524</total>
				<timestamp>529.833300</timestamp>
			</report>
			<report>
				<misses>3789001</misses>
				<total>474524</total>
				<timestamp>529.973147</timestamp>
			</report>
			<report>
				<misses>3790001</misses>
				<total>474524</total>
				<timestamp>530.112960</timestamp>
			</report>
			<report>
				<misses>3791001</misses>
				<total>474523</total>
				<timestamp>530.252884</timestamp>
			</report>
			<report>
				<misses>3792001</misses>
				<total>474524</total>
				<timestamp>530.392760</timestamp>
			</report>
			<report>
				<misses>3793001</misses>
				<total>474524</total>
				<timestamp>530.532623</timestamp>
			</report>
			<report>
				<misses>3794001</misses>
				<total>474524</total>
				<timestamp>530.672469</timestamp>
			</report>
			<report>
				<misses>3795001</misses>
				<total>474526</total>
				<timestamp>530.812351</timestamp>
			</report>
			<report>
				<misses>3796001</misses>
				<total>474538</total>
				<timestamp>530.952155</timestamp>
			</report>
			<report>
				<misses>3797001</misses>
				<total>474538</total>
				<timestamp>531.092039</timestamp>
			</report>
			<report>
				<misses>3798001</misses>
				<total>474538</total>
				<timestamp>531.231874</timestamp>
			</report>
			<report>
				<misses>3799001</misses>
				<total>474538</total>
				<timestamp>531.371723</timestamp>
			</report>
			<report>
				<misses>3800001</misses>
				<total>474538</total>
				<timestamp>531.511574</timestamp>
			</report>
			<report>
				<misses>3801001</misses>
				<total>474538</total>
				<timestamp>531.651439</timestamp>
			</report>
			<report>
				<misses>3802001</misses>
				<total>474538</total>
				<timestamp>531.791390</timestamp>
			</report>
			<report>
				<misses>3803001</misses>
				<total>474538</total>
				<timestamp>531.931211</timestamp>
			</report>
			<report>
				<misses>3804001</misses>
				<total>474538</total>
				<timestamp>532.071060</timestamp>
			</report>
			<report>
				<misses>3805001</misses>
				<total>474538</total>
				<timestamp>532.210907</timestamp>
			</report>
			<report>
				<misses>3806001</misses>
				<total>474538</total>
				<timestamp>532.350723</timestamp>
			</report>
			<report>
				<misses>3807001</misses>
				<total>474538</total>
				<timestamp>532.490607</timestamp>
			</report>
			<report>
				<misses>3808001</misses>
				<total>474538</total>
				<timestamp>532.630508</timestamp>
			</report>
			<report>
				<misses>3809001</misses>
				<total>474538</total>
				<timestamp>532.770348</timestamp>
			</report>
			<report>
				<misses>3810001</misses>
				<total>474537</total>
				<timestamp>532.910250</timestamp>
			</report>
			<report>
				<misses>3811001</misses>
				<total>474538</total>
				<timestamp>533.050030</timestamp>
			</report>
			<report>
				<misses>3812001</misses>
				<total>474538</total>
				<timestamp>533.189978</timestamp>
			</report>
			<report>
				<misses>3813001</misses>
				<total>474538</total>
				<timestamp>533.329771</timestamp>
			</report>
			<report>
				<misses>3814001</misses>
				<total>474537</total>
				<timestamp>533.469708</timestamp>
			</report>
			<report>
				<misses>3815001</misses>
				<total>474538</total>
				<timestamp>533.609471</timestamp>
			</report>
			<report>
				<misses>3816001</misses>
				<total>474538</total>
				<timestamp>533.749360</timestamp>
			</report>
			<report>
				<misses>3817001</misses>
				<total>474538</total>
				<timestamp>533.889233</timestamp>
			</report>
			<report>
				<misses>3818001</misses>
				<total>474542</total>
				<timestamp>534.029178</timestamp>
			</report>
			<report>
				<misses>3819001</misses>
				<total>474543</total>
				<timestamp>534.169120</timestamp>
			</report>
			<report>
				<misses>3820001</misses>
				<total>474543</total>
				<timestamp>534.308993</timestamp>
			</report>
			<report>
				<misses>3821001</misses>
				<total>474543</total>
				<timestamp>534.448784</timestamp>
			</report>
			<report>
				<misses>3822001</misses>
				<total>474543</total>
				<timestamp>534.588635</timestamp>
			</report>
			<report>
				<misses>3823001</misses>
				<total>474543</total>
				<timestamp>534.728541</timestamp>
			</report>
			<report>
				<misses>3824001</misses>
				<total>474543</total>
				<timestamp>534.868393</timestamp>
			</report>
			<report>
				<misses>3825001</misses>
				<total>474549</total>
				<timestamp>535.008227</timestamp>
			</report>
			<report>
				<misses>3826001</misses>
				<total>474549</total>
				<timestamp>535.148073</timestamp>
			</report>
			<report>
				<misses>3827001</misses>
				<total>474549</total>
				<timestamp>535.288019</timestamp>
			</report>
			<report>
				<misses>3828001</misses>
				<total>474549</total>
				<timestamp>535.427813</timestamp>
			</report>
			<report>
				<misses>3829001</misses>
				<total>474549</total>
				<timestamp>535.567644</timestamp>
			</report>
			<report>
				<misses>3830001</misses>
				<total>474549</total>
				<timestamp>535.707584</timestamp>
			</report>
			<report>
				<misses>3831001</misses>
				<total>474549</total>
				<timestamp>535.847450</timestamp>
			</report>
			<report>
				<misses>3832001</misses>
				<total>474551</total>
				<timestamp>535.987249</timestamp>
			</report>
			<report>
				<misses>3833001</misses>
				<total>474551</total>
				<timestamp>536.127161</timestamp>
			</report>
			<report>
				<misses>3834001</misses>
				<total>474551</total>
				<timestamp>536.266964</timestamp>
			</report>
			<report>
				<misses>3835001</misses>
				<total>474551</total>
				<timestamp>536.406861</timestamp>
			</report>
			<report>
				<misses>3836001</misses>
				<total>474550</total>
				<timestamp>536.546736</timestamp>
			</report>
			<report>
				<misses>3837001</misses>
				<total>474551</total>
				<timestamp>536.686577</timestamp>
			</report>
			<report>
				<misses>3838001</misses>
				<total>474551</total>
				<timestamp>536.826414</timestamp>
			</report>
			<report>
				<misses>3839001</misses>
				<total>474551</total>
				<timestamp>536.966260</timestamp>
			</report>
			<report>
				<misses>3840001</misses>
				<total>474551</total>
				<timestamp>537.106135</timestamp>
			</report>
			<report>
				<misses>3841001</misses>
				<total>474552</total>
				<timestamp>537.245959</timestamp>
			</report>
			<report>
				<misses>3842001</misses>
				<total>474551</total>
				<timestamp>537.385904</timestamp>
			</report>
			<report>
				<misses>3843001</misses>
				<total>474551</total>
				<timestamp>537.525704</timestamp>
			</report>
			<report>
				<misses>3844001</misses>
				<total>474551</total>
				<timestamp>537.665553</timestamp>
			</report>
			<report>
				<misses>3845001</misses>
				<total>474551</total>
				<timestamp>537.805432</timestamp>
			</report>
			<report>
				<misses>3846001</misses>
				<total>474551</total>
				<timestamp>537.945291</timestamp>
			</report>
			<report>
				<misses>3847001</misses>
				<total>474551</total>
				<timestamp>538.085192</timestamp>
			</report>
			<report>
				<misses>3848001</misses>
				<total>474551</total>
				<timestamp>538.225020</timestamp>
			</report>
			<report>
				<misses>3849001</misses>
				<total>474551</total>
				<timestamp>538.364894</timestamp>
			</report>
			<report>
				<misses>3850001</misses>
				<total>474551</total>
				<timestamp>538.504716</timestamp>
			</report>
			<report>
				<misses>3851001</misses>
				<total>474553</total>
				<timestamp>538.644577</timestamp>
			</report>
			<report>
				<misses>3852001</misses>
				<total>474553</total>
				<timestamp>538.784484</timestamp>
			</report>
			<report>
				<misses>3853001</misses>
				<total>474553</total>
				<timestamp>538.924348</timestamp>
			</report>
			<report>
				<misses>3854001</misses>
				<total>474553</total>
				<timestamp>539.064206</timestamp>
			</report>
			<report>
				<misses>3855001</misses>
				<total>474552</total>
				<timestamp>539.204153</timestamp>
			</report>
			<report>
				<misses>3856001</misses>
				<total>474553</total>
				<timestamp>539.344051</timestamp>
			</report>
			<report>
				<misses>3857001</misses>
				<total>474553</total>
				<timestamp>539.483900</timestamp>
			</report>
			<report>
				<misses>3858001</misses>
				<total>474553</total>
				<timestamp>539.623723</timestamp>
			</report>
			<report>
				<misses>3859001</misses>
				<total>474553</total>
				<timestamp>539.763615</timestamp>
			</report>
			<report>
				<misses>3860001</misses>
				<total>474553</total>
				<timestamp>539.903466</timestamp>
			</report>
			<report>
				<misses>3861001</misses>
				<total>474553</total>
				<timestamp>540.043304</timestamp>
			</report>
			<report>
				<misses>3862001</misses>
				<total>474553</total>
				<timestamp>540.183197</timestamp>
			</report>
			<report>
				<misses>3863001</misses>
				<total>474553</total>
				<timestamp>540.323074</timestamp>
			</report>
			<report>
				<misses>3864001</misses>
				<total>474553</total>
				<timestamp>540.462910</timestamp>
			</report>
			<report>
				<misses>3865001</misses>
				<total>474553</total>
				<timestamp>540.602788</timestamp>
			</report>
			<report>
				<misses>3866001</misses>
				<total>474553</total>
				<timestamp>540.742661</timestamp>
			</report>
			<report>
				<misses>3867001</misses>
				<total>474553</total>
				<timestamp>540.882476</timestamp>
			</report>
			<report>
				<misses>3868001</misses>
				<total>474553</total>
				<timestamp>541.022335</timestamp>
			</report>
			<report>
				<misses>3869001</misses>
				<total>474553</total>
				<timestamp>541.162305</timestamp>
			</report>
			<report>
				<misses>3870001</misses>
				<total>474552</total>
				<timestamp>541.302290</timestamp>
			</report>
			<report>
				<misses>3871001</misses>
				<total>474553</total>
				<timestamp>541.442097</timestamp>
			</report>
			<report>
				<misses>3872001</misses>
				<total>474553</total>
				<timestamp>541.581959</timestamp>
			</report>
			<report>
				<misses>3873001</misses>
				<total>474553</total>
				<timestamp>541.721834</timestamp>
			</report>
			<report>
				<misses>3874001</misses>
				<total>474552</total>
				<timestamp>541.861715</timestamp>
			</report>
			<report>
				<misses>3875001</misses>
				<total>474557</total>
				<timestamp>542.001491</timestamp>
			</report>
			<report>
				<misses>3876001</misses>
				<total>474556</total>
				<timestamp>542.141430</timestamp>
			</report>
			<report>
				<misses>3877001</misses>
				<total>474557</total>
				<timestamp>542.281239</timestamp>
			</report>
			<report>
				<misses>3878001</misses>
				<total>474557</total>
				<timestamp>542.421074</timestamp>
			</report>
			<report>
				<misses>3879001</misses>
				<total>474557</total>
				<timestamp>542.561007</timestamp>
			</report>
			<report>
				<misses>3880001</misses>
				<total>474557</total>
				<timestamp>542.700840</timestamp>
			</report>
			<report>
				<misses>3881001</misses>
				<total>474557</total>
				<timestamp>542.840640</timestamp>
			</report>
			<report>
				<misses>3882001</misses>
				<total>474557</total>
				<timestamp>542.980567</timestamp>
			</report>
			<report>
				<misses>3883001</misses>
				<total>474557</total>
				<timestamp>543.120396</timestamp>
			</report>
			<report>
				<misses>3884001</misses>
				<total>474556</total>
				<timestamp>543.260369</timestamp>
			</report>
			<report>
				<misses>3885001</misses>
				<total>474557</total>
				<timestamp>543.400288</timestamp>
			</report>
			<report>
				<misses>3886001</misses>
				<total>474557</total>
				<timestamp>543.540141</timestamp>
			</report>
			<report>
				<misses>3887001</misses>
				<total>474557</total>
				<timestamp>543.680029</timestamp>
			</report>
			<report>
				<misses>3888001</misses>
				<total>474557</total>
				<timestamp>543.819854</timestamp>
			</report>
			<report>
				<misses>3889001</misses>
				<total>474556</total>
				<timestamp>543.959792</timestamp>
			</report>
			<report>
				<misses>3890001</misses>
				<total>474557</total>
				<timestamp>544.099673</timestamp>
			</report>
			<report>
				<misses>3891001</misses>
				<total>474556</total>
				<timestamp>544.239651</timestamp>
			</report>
			<report>
				<misses>3892001</misses>
				<total>474557</total>
				<timestamp>544.379541</timestamp>
			</report>
			<report>
				<misses>3893001</misses>
				<total>474556</total>
				<timestamp>544.519469</timestamp>
			</report>
			<report>
				<misses>3894001</misses>
				<total>474556</total>
				<timestamp>544.659325</timestamp>
			</report>
			<report>
				<misses>3895001</misses>
				<total>474557</total>
				<timestamp>544.799135</timestamp>
			</report>
			<report>
				<misses>3896001</misses>
				<total>474557</total>
				<timestamp>544.938971</timestamp>
			</report>
			<report>
				<misses>3897001</misses>
				<total>474557</total>
				<timestamp>545.078829</timestamp>
			</report>
			<report>
				<misses>3898001</misses>
				<total>474557</total>
				<timestamp>545.218722</timestamp>
			</report>
			<report>
				<misses>3899001</misses>
				<total>474557</total>
				<timestamp>545.358570</timestamp>
			</report>
			<report>
				<misses>3900001</misses>
				<total>474557</total>
				<timestamp>545.498398</timestamp>
			</report>
			<report>
				<misses>3901001</misses>
				<total>474557</total>
				<timestamp>545.638309</timestamp>
			</report>
			<report>
				<misses>3902001</misses>
				<total>474557</total>
				<timestamp>545.778201</timestamp>
			</report>
			<report>
				<misses>3903001</misses>
				<total>474557</total>
				<timestamp>545.918002</timestamp>
			</report>
			<report>
				<misses>3904001</misses>
				<total>474557</total>
				<timestamp>546.057861</timestamp>
			</report>
			<report>
				<misses>3905001</misses>
				<total>474557</total>
				<timestamp>546.197750</timestamp>
			</report>
			<report>
				<misses>3906001</misses>
				<total>474557</total>
				<timestamp>546.337606</timestamp>
			</report>
			<report>
				<misses>3907001</misses>
				<total>474557</total>
				<timestamp>546.477485</timestamp>
			</report>
			<report>
				<misses>3908001</misses>
				<total>474557</total>
				<timestamp>546.617368</timestamp>
			</report>
			<report>
				<misses>3909001</misses>
				<total>474557</total>
				<timestamp>546.757207</timestamp>
			</report>
			<report>
				<misses>3910001</misses>
				<total>474557</total>
				<timestamp>546.897017</timestamp>
			</report>
			<report>
				<misses>3911001</misses>
				<total>474557</total>
				<timestamp>547.036946</timestamp>
			</report>
			<report>
				<misses>3912001</misses>
				<total>474556</total>
				<timestamp>547.176856</timestamp>
			</report>
			<report>
				<misses>3913001</misses>
				<total>474559</total>
				<timestamp>547.316762</timestamp>
			</report>
			<report>
				<misses>3914001</misses>
				<total>474559</total>
				<timestamp>547.456634</timestamp>
			</report>
			<report>
				<misses>3915001</misses>
				<total>474559</total>
				<timestamp>547.596446</timestamp>
			</report>
			<report>
				<misses>3916001</misses>
				<total>474559</total>
				<timestamp>547.736334</timestamp>
			</report>
			<report>
				<misses>3917001</misses>
				<total>474558</total>
				<timestamp>547.876273</timestamp>
			</report>
			<report>
				<misses>3918001</misses>
				<total>474559</total>
				<timestamp>548.016252</timestamp>
			</report>
			<report>
				<misses>3919001</misses>
				<total>474559</total>
				<timestamp>548.156136</timestamp>
			</report>
			<report>
				<misses>3920001</misses>
				<total>474560</total>
				<timestamp>548.296129</timestamp>
			</report>
			<report>
				<misses>3921001</misses>
				<total>474560</total>
				<timestamp>548.435882</timestamp>
			</report>
			<report>
				<misses>3922001</misses>
				<total>474560</total>
				<timestamp>548.575815</timestamp>
			</report>
			<report>
				<misses>3923001</misses>
				<total>474560</total>
				<timestamp>548.715639</timestamp>
			</report>
			<report>
				<misses>3924001</misses>
				<total>474560</total>
				<timestamp>548.855517</timestamp>
			</report>
			<report>
				<misses>3925001</misses>
				<total>474560</total>
				<timestamp>548.995331</timestamp>
			</report>
			<report>
				<misses>3926001</misses>
				<total>474560</total>
				<timestamp>549.135247</timestamp>
			</report>
			<report>
				<misses>3927001</misses>
				<total>474560</total>
				<timestamp>549.275099</timestamp>
			</report>
			<report>
				<misses>3928001</misses>
				<total>474560</total>
				<timestamp>549.414917</timestamp>
			</report>
			<report>
				<misses>3929001</misses>
				<total>474560</total>
				<timestamp>549.554794</timestamp>
			</report>
			<report>
				<misses>3930001</misses>
				<total>474560</total>
				<timestamp>549.694719</timestamp>
			</report>
			<report>
				<misses>3931001</misses>
				<total>474560</total>
				<timestamp>549.834482</timestamp>
			</report>
			<report>
				<misses>3932001</misses>
				<total>474560</total>
				<timestamp>549.974402</timestamp>
			</report>
			<report>
				<misses>3933001</misses>
				<total>474560</total>
				<timestamp>550.114224</timestamp>
			</report>
			<report>
				<misses>3934001</misses>
				<total>474559</total>
				<timestamp>550.254178</timestamp>
			</report>
			<report>
				<misses>3935001</misses>
				<total>474560</total>
				<timestamp>550.394152</timestamp>
			</report>
			<report>
				<misses>3936001</misses>
				<total>474560</total>
				<timestamp>550.533927</timestamp>
			</report>
			<report>
				<misses>3937001</misses>
				<total>474560</total>
				<timestamp>550.673796</timestamp>
			</report>
			<report>
				<misses>3938001</misses>
				<total>474559</total>
				<timestamp>550.813726</timestamp>
			</report>
			<report>
				<misses>3939001</misses>
				<total>474559</total>
				<timestamp>550.953608</timestamp>
			</report>
			<report>
				<misses>3940001</misses>
				<total>474560</total>
				<timestamp>551.093423</timestamp>
			</report>
			<report>
				<misses>3941001</misses>
				<total>474562</total>
				<timestamp>551.233290</timestamp>
			</report>
			<report>
				<misses>3942001</misses>
				<total>474561</total>
				<timestamp>551.373212</timestamp>
			</report>
			<report>
				<misses>3943001</misses>
				<total>474562</total>
				<timestamp>551.513126</timestamp>
			</report>
			<report>
				<misses>3944001</misses>
				<total>474565</total>
				<timestamp>551.652940</timestamp>
			</report>
			<report>
				<misses>3945001</misses>
				<total>474565</total>
				<timestamp>551.792847</timestamp>
			</report>
			<report>
				<misses>3946001</misses>
				<total>474565</total>
				<timestamp>551.932659</timestamp>
			</report>
			<report>
				<misses>3947001</misses>
				<total>474567</total>
				<timestamp>552.072559</timestamp>
			</report>
			<report>
				<misses>3948001</misses>
				<total>474567</total>
				<timestamp>552.212385</timestamp>
			</report>
			<report>
				<misses>3949001</misses>
				<total>474566</total>
				<timestamp>552.352287</timestamp>
			</report>
			<report>
				<misses>3950001</misses>
				<total>474567</total>
				<timestamp>552.492166</timestamp>
			</report>
			<report>
				<misses>3951001</misses>
				<total>474567</total>
				<timestamp>552.631966</timestamp>
			</report>
			<report>
				<misses>3952001</misses>
				<total>474566</total>
				<timestamp>552.771921</timestamp>
			</report>
			<report>
				<misses>3953001</misses>
				<total>474566</total>
				<timestamp>552.911796</timestamp>
			</report>
			<report>
				<misses>3954001</misses>
				<total>474567</total>
				<timestamp>553.051762</timestamp>
			</report>
			<report>
				<misses>3955001</misses>
				<total>474567</total>
				<timestamp>553.191545</timestamp>
			</report>
			<report>
				<misses>3956001</misses>
				<total>474567</total>
				<timestamp>553.331424</timestamp>
			</report>
			<report>
				<misses>3957001</misses>
				<total>474569</total>
				<timestamp>553.471332</timestamp>
			</report>
			<report>
				<misses>3958001</misses>
				<total>474570</total>
				<timestamp>553.611212</timestamp>
			</report>
			<report>
				<misses>3959001</misses>
				<total>474570</total>
				<timestamp>553.751054</timestamp>
			</report>
			<report>
				<misses>3960001</misses>
				<total>474570</total>
				<timestamp>553.890887</timestamp>
			</report>
			<report>
				<misses>3961001</misses>
				<total>474569</total>
				<timestamp>554.030797</timestamp>
			</report>
			<report>
				<misses>3962001</misses>
				<total>474570</total>
				<timestamp>554.170608</timestamp>
			</report>
			<report>
				<misses>3963001</misses>
				<total>474570</total>
				<timestamp>554.310490</timestamp>
			</report>
			<report>
				<misses>3964001</misses>
				<total>474570</total>
				<timestamp>554.450310</timestamp>
			</report>
			<report>
				<misses>3965001</misses>
				<total>474570</total>
				<timestamp>554.590209</timestamp>
			</report>
			<report>
				<misses>3966001</misses>
				<total>474570</total>
				<timestamp>554.730062</timestamp>
			</report>
			<report>
				<misses>3967001</misses>
				<total>474570</total>
				<timestamp>554.869933</timestamp>
			</report>
			<report>
				<misses>3968001</misses>
				<total>474569</total>
				<timestamp>555.009825</timestamp>
			</report>
			<report>
				<misses>3969001</misses>
				<total>474570</total>
				<timestamp>555.149586</timestamp>
			</report>
			<report>
				<misses>3970001</misses>
				<total>474570</total>
				<timestamp>555.289451</timestamp>
			</report>
			<report>
				<misses>3971001</misses>
				<total>474570</total>
				<timestamp>555.429369</timestamp>
			</report>
			<report>
				<misses>3972001</misses>
				<total>474570</total>
				<timestamp>555.569206</timestamp>
			</report>
			<report>
				<misses>3973001</misses>
				<total>474569</total>
				<timestamp>555.709178</timestamp>
			</report>
			<report>
				<misses>3974001</misses>
				<total>474570</total>
				<timestamp>555.849083</timestamp>
			</report>
			<report>
				<misses>3975001</misses>
				<total>474569</total>
				<timestamp>555.989056</timestamp>
			</report>
			<report>
				<misses>3976001</misses>
				<total>474570</total>
				<timestamp>556.128953</timestamp>
			</report>
			<report>
				<misses>3977001</misses>
				<total>474570</total>
				<timestamp>556.268754</timestamp>
			</report>
			<report>
				<misses>3978001</misses>
				<total>474570</total>
				<timestamp>556.408650</timestamp>
			</report>
			<report>
				<misses>3979001</misses>
				<total>474572</total>
				<timestamp>556.548504</timestamp>
			</report>
			<report>
				<misses>3980001</misses>
				<total>474572</total>
				<timestamp>556.688322</timestamp>
			</report>
			<report>
				<misses>3981001</misses>
				<total>474572</total>
				<timestamp>556.828204</timestamp>
			</report>
			<report>
				<misses>3982001</misses>
				<total>474571</total>
				<timestamp>556.968169</timestamp>
			</report>
			<report>
				<misses>3983001</misses>
				<total>474572</total>
				<timestamp>557.108091</timestamp>
			</report>
			<report>
				<misses>3984001</misses>
				<total>474571</total>
				<timestamp>557.248053</timestamp>
			</report>
			<report>
				<misses>3985001</misses>
				<total>474575</total>
				<timestamp>557.387966</timestamp>
			</report>
			<report>
				<misses>3986001</misses>
				<total>474575</total>
				<timestamp>557.527865</timestamp>
			</report>
			<report>
				<misses>3987001</misses>
				<total>474575</total>
				<timestamp>557.667634</timestamp>
			</report>
			<report>
				<misses>3988001</misses>
				<total>474575</total>
				<timestamp>557.807511</timestamp>
			</report>
			<report>
				<misses>3989001</misses>
				<total>474575</total>
				<timestamp>557.947371</timestamp>
			</report>
			<report>
				<misses>3990001</misses>
				<total>474574</total>
				<timestamp>558.087310</timestamp>
			</report>
			<report>
				<misses>3991001</misses>
				<total>474575</total>
				<timestamp>558.227091</timestamp>
			</report>
			<report>
				<misses>3992001</misses>
				<total>474574</total>
				<timestamp>558.366974</timestamp>
			</report>
			<report>
				<misses>3993001</misses>
				<total>474574</total>
				<timestamp>558.506843</timestamp>
			</report>
			<report>
				<misses>3994001</misses>
				<total>474575</total>
				<timestamp>558.646640</timestamp>
			</report>
			<report>
				<misses>3995001</misses>
				<total>474575</total>
				<timestamp>558.786537</timestamp>
			</report>
			<report>
				<misses>3996001</misses>
				<total>474575</total>
				<timestamp>558.926363</timestamp>
			</report>
			<report>
				<misses>3997001</misses>
				<total>474575</total>
				<timestamp>559.066236</timestamp>
			</report>
			<report>
				<misses>3998001</misses>
				<total>474575</total>
				<timestamp>559.206144</timestamp>
			</report>
			<report>
				<misses>3999001</misses>
				<total>474575</total>
				<timestamp>559.345972</timestamp>
			</report>
			<report>
				<misses>4000001</misses>
				<total>474575</total>
				<timestamp>559.485805</timestamp>
			</report>
			<report>
				<misses>4001001</misses>
				<total>474575</total>
				<timestamp>559.625689</timestamp>
			</report>
			<report>
				<misses>4002001</misses>
				<total>474575</total>
				<timestamp>559.765529</timestamp>
			</report>
			<report>
				<misses>4003001</misses>
				<total>474575</total>
				<timestamp>559.905386</timestamp>
			</report>
			<report>
				<misses>4004001</misses>
				<total>474574</total>
				<timestamp>560.045312</timestamp>
			</report>
			<report>
				<misses>4005001</misses>
				<total>474575</total>
				<timestamp>560.185152</timestamp>
			</report>
			<report>
				<misses>4006001</misses>
				<total>474575</total>
				<timestamp>560.325022</timestamp>
			</report>
			<report>
				<misses>4007001</misses>
				<total>474575</total>
				<timestamp>560.464865</timestamp>
			</report>
			<report>
				<misses>4008001</misses>
				<total>474578</total>
				<timestamp>560.604705</timestamp>
			</report>
			<report>
				<misses>4009001</misses>
				<total>474578</total>
				<timestamp>560.744543</timestamp>
			</report>
			<report>
				<misses>4010001</misses>
				<total>474578</total>
				<timestamp>560.884441</timestamp>
			</report>
			<report>
				<misses>4011001</misses>
				<total>474578</total>
				<timestamp>561.024322</timestamp>
			</report>
			<report>
				<misses>4012001</misses>
				<total>474578</total>
				<timestamp>561.164227</timestamp>
			</report>
			<report>
				<misses>4013001</misses>
				<total>474578</total>
				<timestamp>561.304081</timestamp>
			</report>
			<report>
				<misses>4014001</misses>
				<total>474578</total>
				<timestamp>561.443870</timestamp>
			</report>
			<report>
				<misses>4015001</misses>
				<total>474578</total>
				<timestamp>561.583769</timestamp>
			</report>
			<report>
				<misses>4016001</misses>
				<total>474578</total>
				<timestamp>561.723630</timestamp>
			</report>
			<report>
				<misses>4017001</misses>
				<total>474578</total>
				<timestamp>561.863433</timestamp>
			</report>
			<report>
				<misses>4018001</misses>
				<total>474578</total>
				<timestamp>562.003303</timestamp>
			</report>
			<report>
				<misses>4019001</misses>
				<total>474581</total>
				<timestamp>562.143185</timestamp>
			</report>
			<report>
				<misses>4020001</misses>
				<total>474581</total>
				<timestamp>562.283104</timestamp>
			</report>
			<report>
				<misses>4021001</misses>
				<total>474580</total>
				<timestamp>562.423022</timestamp>
			</report>
			<report>
				<misses>4022001</misses>
				<total>474581</total>
				<timestamp>562.563033</timestamp>
			</report>
			<report>
				<misses>4023001</misses>
				<total>474581</total>
				<timestamp>562.702958</timestamp>
			</report>
			<report>
				<misses>4024001</misses>
				<total>474581</total>
				<timestamp>562.842756</timestamp>
			</report>
			<report>
				<misses>4025001</misses>
				<total>474581</total>
				<timestamp>562.982585</timestamp>
			</report>
			<report>
				<misses>4026001</misses>
				<total>474581</total>
				<timestamp>563.122445</timestamp>
			</report>
			<report>
				<misses>4027001</misses>
				<total>474581</total>
				<timestamp>563.262333</timestamp>
			</report>
			<report>
				<misses>4028001</misses>
				<total>474581</total>
				<timestamp>563.402172</timestamp>
			</report>
			<report>
				<misses>4029001</misses>
				<total>474581</total>
				<timestamp>563.542101</timestamp>
			</report>
			<report>
				<misses>4030001</misses>
				<total>474581</total>
				<timestamp>563.681911</timestamp>
			</report>
			<report>
				<misses>4031001</misses>
				<total>474580</total>
				<timestamp>563.821777</timestamp>
			</report>
			<report>
				<misses>4032001</misses>
				<total>474581</total>
				<timestamp>563.961617</timestamp>
			</report>
			<report>
				<misses>4033001</misses>
				<total>474581</total>
				<timestamp>564.101505</timestamp>
			</report>
			<report>
				<misses>4034001</misses>
				<total>474581</total>
				<timestamp>564.241327</timestamp>
			</report>
			<report>
				<misses>4035001</misses>
				<total>474581</total>
				<timestamp>564.381231</timestamp>
			</report>
			<report>
				<misses>4036001</misses>
				<total>474581</total>
				<timestamp>564.521089</timestamp>
			</report>
			<report>
				<misses>4037001</misses>
				<total>474580</total>
				<timestamp>564.661004</timestamp>
			</report>
			<report>
				<misses>4038001</misses>
				<total>474581</total>
				<timestamp>564.800777</timestamp>
			</report>
			<report>
				<misses>4039001</misses>
				<total>474580</total>
				<timestamp>564.940732</timestamp>
			</report>
			<report>
				<misses>4040001</misses>
				<total>474581</total>
				<timestamp>565.080494</timestamp>
			</report>
			<report>
				<misses>4041001</misses>
				<total>474581</total>
				<timestamp>565.220348</timestamp>
			</report>
			<report>
				<misses>4042001</misses>
				<total>474580</total>
				<timestamp>565.360310</timestamp>
			</report>
			<report>
				<misses>4043001</misses>
				<total>474581</total>
				<timestamp>565.500095</timestamp>
			</report>
			<report>
				<misses>4044001</misses>
				<total>474581</total>
				<timestamp>565.639946</timestamp>
			</report>
			<report>
				<misses>4045001</misses>
				<total>474581</total>
				<timestamp>565.779807</timestamp>
			</report>
			<report>
				<misses>4046001</misses>
				<total>474581</total>
				<timestamp>565.919656</timestamp>
			</report>
			<report>
				<misses>4047001</misses>
				<total>474581</total>
				<timestamp>566.059504</timestamp>
			</report>
			<report>
				<misses>4048001</misses>
				<total>474581</total>
				<timestamp>566.199361</timestamp>
			</report>
			<report>
				<misses>4049001</misses>
				<total>474580</total>
				<timestamp>566.339283</timestamp>
			</report>
			<report>
				<misses>4050001</misses>
				<total>474581</total>
				<timestamp>566.479119</timestamp>
			</report>
			<report>
				<misses>4051001</misses>
				<total>474580</total>
				<timestamp>566.619022</timestamp>
			</report>
			<report>
				<misses>4052001</misses>
				<total>474581</total>
				<timestamp>566.758800</timestamp>
			</report>
			<report>
				<misses>4053001</misses>
				<total>474580</total>
				<timestamp>566.898722</timestamp>
			</report>
			<report>
				<misses>4054001</misses>
				<total>474581</total>
				<timestamp>567.038544</timestamp>
			</report>
			<report>
				<misses>4055001</misses>
				<total>474581</total>
				<timestamp>567.178418</timestamp>
			</report>
			<report>
				<misses>4056001</misses>
				<total>474580</total>
				<timestamp>567.318321</timestamp>
			</report>
			<report>
				<misses>4057001</misses>
				<total>474581</total>
				<timestamp>567.458146</timestamp>
			</report>
			<report>
				<misses>4058001</misses>
				<total>474581</total>
				<timestamp>567.597996</timestamp>
			</report>
			<report>
				<misses>4059001</misses>
				<total>474580</total>
				<timestamp>567.737939</timestamp>
			</report>
			<report>
				<misses>4060001</misses>
				<total>474581</total>
				<timestamp>567.877818</timestamp>
			</report>
			<report>
				<misses>4061001</misses>
				<total>474581</total>
				<timestamp>568.017698</timestamp>
			</report>
			<report>
				<misses>4062001</misses>
				<total>474581</total>
				<timestamp>568.157589</timestamp>
			</report>
			<report>
				<misses>4063001</misses>
				<total>474581</total>
				<timestamp>568.297414</timestamp>
			</report>
			<report>
				<misses>4064001</misses>
				<total>474580</total>
				<timestamp>568.437310</timestamp>
			</report>
			<report>
				<misses>4065001</misses>
				<total>474581</total>
				<timestamp>568.577161</timestamp>
			</report>
			<report>
				<misses>4066001</misses>
				<total>474581</total>
				<timestamp>568.717092</timestamp>
			</report>
			<report>
				<misses>4067001</misses>
				<total>474581</total>
				<timestamp>568.857044</timestamp>
			</report>
			<report>
				<misses>4068001</misses>
				<total>474581</total>
				<timestamp>568.996921</timestamp>
			</report>
			<report>
				<misses>4069001</misses>
				<total>474582</total>
				<timestamp>569.136779</timestamp>
			</report>
			<report>
				<misses>4070001</misses>
				<total>474582</total>
				<timestamp>569.276576</timestamp>
			</report>
			<report>
				<misses>4071001</misses>
				<total>474581</total>
				<timestamp>569.416524</timestamp>
			</report>
			<report>
				<misses>4072001</misses>
				<total>474582</total>
				<timestamp>569.556279</timestamp>
			</report>
			<report>
				<misses>4073001</misses>
				<total>474582</total>
				<timestamp>569.696164</timestamp>
			</report>
			<report>
				<misses>4074001</misses>
				<total>474582</total>
				<timestamp>569.836029</timestamp>
			</report>
			<report>
				<misses>4075001</misses>
				<total>474581</total>
				<timestamp>569.975999</timestamp>
			</report>
			<report>
				<misses>4076001</misses>
				<total>474582</total>
				<timestamp>570.115923</timestamp>
			</report>
			<report>
				<misses>4077001</misses>
				<total>474582</total>
				<timestamp>570.255735</timestamp>
			</report>
			<report>
				<misses>4078001</misses>
				<total>474582</total>
				<timestamp>570.395578</timestamp>
			</report>
			<report>
				<misses>4079001</misses>
				<total>474582</total>
				<timestamp>570.535432</timestamp>
			</report>
			<report>
				<misses>4080001</misses>
				<total>474582</total>
				<timestamp>570.675369</timestamp>
			</report>
			<report>
				<misses>4081001</misses>
				<total>474582</total>
				<timestamp>570.815167</timestamp>
			</report>
			<report>
				<misses>4082001</misses>
				<total>474582</total>
				<timestamp>570.955073</timestamp>
			</report>
			<report>
				<misses>4083001</misses>
				<total>474581</total>
				<timestamp>571.094963</timestamp>
			</report>
			<report>
				<misses>4084001</misses>
				<total>474582</total>
				<timestamp>571.234790</timestamp>
			</report>
			<report>
				<misses>4085001</misses>
				<total>474581</total>
				<timestamp>571.374707</timestamp>
			</report>
			<report>
				<misses>4086001</misses>
				<total>474582</total>
				<timestamp>571.514476</timestamp>
			</report>
			<report>
				<misses>4087001</misses>
				<total>474582</total>
				<timestamp>571.654334</timestamp>
			</report>
			<report>
				<misses>4088001</misses>
				<total>474584</total>
				<timestamp>571.794274</timestamp>
			</report>
			<report>
				<misses>4089001</misses>
				<total>474585</total>
				<timestamp>571.934083</timestamp>
			</report>
			<report>
				<misses>4090001</misses>
				<total>474585</total>
				<timestamp>572.073972</timestamp>
			</report>
			<report>
				<misses>4091001</misses>
				<total>474584</total>
				<timestamp>572.213867</timestamp>
			</report>
			<report>
				<misses>4092001</misses>
				<total>474585</total>
				<timestamp>572.353624</timestamp>
			</report>
			<report>
				<misses>4093001</misses>
				<total>474585</total>
				<timestamp>572.493520</timestamp>
			</report>
			<report>
				<misses>4094001</misses>
				<total>474585</total>
				<timestamp>572.633396</timestamp>
			</report>
			<report>
				<misses>4095001</misses>
				<total>474585</total>
				<timestamp>572.773201</timestamp>
			</report>
			<report>
				<misses>4096001</misses>
				<total>474584</total>
				<timestamp>572.913143</timestamp>
			</report>
			<report>
				<misses>4097001</misses>
				<total>474584</total>
				<timestamp>573.053073</timestamp>
			</report>
			<report>
				<misses>4098001</misses>
				<total>474585</total>
				<timestamp>573.192952</timestamp>
			</report>
			<report>
				<misses>4099001</misses>
				<total>474584</total>
				<timestamp>573.332896</timestamp>
			</report>
			<report>
				<misses>4100001</misses>
				<total>474585</total>
				<timestamp>573.472779</timestamp>
			</report>
			<report>
				<misses>4101001</misses>
				<total>474585</total>
				<timestamp>573.612671</timestamp>
			</report>
			<report>
				<misses>4102001</misses>
				<total>474585</total>
				<timestamp>573.752562</timestamp>
			</report>
			<report>
				<misses>4103001</misses>
				<total>474585</total>
				<timestamp>573.892400</timestamp>
			</report>
			<report>
				<misses>4104001</misses>
				<total>474585</total>
				<timestamp>574.032223</timestamp>
			</report>
			<report>
				<misses>4105001</misses>
				<total>474585</total>
				<timestamp>574.172095</timestamp>
			</report>
			<report>
				<misses>4106001</misses>
				<total>474585</total>
				<timestamp>574.311959</timestamp>
			</report>
			<report>
				<misses>4107001</misses>
				<total>474585</total>
				<timestamp>574.451814</timestamp>
			</report>
			<report>
				<misses>4108001</misses>
				<total>474585</total>
				<timestamp>574.591693</timestamp>
			</report>
			<report>
				<misses>4109001</misses>
				<total>474585</total>
				<timestamp>574.731538</timestamp>
			</report>
			<report>
				<misses>4110001</misses>
				<total>474585</total>
				<timestamp>574.871386</timestamp>
			</report>
			<report>
				<misses>4111001</misses>
				<total>474585</total>
				<timestamp>575.011316</timestamp>
			</report>
			<report>
				<misses>4112001</misses>
				<total>474585</total>
				<timestamp>575.151145</timestamp>
			</report>
			<report>
				<misses>4113001</misses>
				<total>474585</total>
				<timestamp>575.291028</timestamp>
			</report>
			<report>
				<misses>4114001</misses>
				<total>474584</total>
				<timestamp>575.430938</timestamp>
			</report>
			<report>
				<misses>4115001</misses>
				<total>474585</total>
				<timestamp>575.570896</timestamp>
			</report>
			<report>
				<misses>4116001</misses>
				<total>474586</total>
				<timestamp>575.710700</timestamp>
			</report>
			<report>
				<misses>4117001</misses>
				<total>474586</total>
				<timestamp>575.850542</timestamp>
			</report>
			<report>
				<misses>4118001</misses>
				<total>474586</total>
				<timestamp>575.990411</timestamp>
			</report>
			<report>
				<misses>4119001</misses>
				<total>474585</total>
				<timestamp>576.130295</timestamp>
			</report>
			<report>
				<misses>4120001</misses>
				<total>474585</total>
				<timestamp>576.270215</timestamp>
			</report>
			<report>
				<misses>4121001</misses>
				<total>474586</total>
				<timestamp>576.410084</timestamp>
			</report>
			<report>
				<misses>4122001</misses>
				<total>474585</total>
				<timestamp>576.549951</timestamp>
			</report>
			<report>
				<misses>4123001</misses>
				<total>474586</total>
				<timestamp>576.689751</timestamp>
			</report>
			<report>
				<misses>4124001</misses>
				<total>474586</total>
				<timestamp>576.829602</timestamp>
			</report>
			<report>
				<misses>4125001</misses>
				<total>474585</total>
				<timestamp>576.969531</timestamp>
			</report>
			<report>
				<misses>4126001</misses>
				<total>474586</total>
				<timestamp>577.109353</timestamp>
			</report>
			<report>
				<misses>4127001</misses>
				<total>474586</total>
				<timestamp>577.249233</timestamp>
			</report>
			<report>
				<misses>4128001</misses>
				<total>474586</total>
				<timestamp>577.389070</timestamp>
			</report>
			<report>
				<misses>4129001</misses>
				<total>474587</total>
				<timestamp>577.528937</timestamp>
			</report>
			<report>
				<misses>4130001</misses>
				<total>474587</total>
				<timestamp>577.668728</timestamp>
			</report>
			<report>
				<misses>4131001</misses>
				<total>474587</total>
				<timestamp>577.808633</timestamp>
			</report>
			<report>
				<misses>4132001</misses>
				<total>474587</total>
				<timestamp>577.948453</timestamp>
			</report>
			<report>
				<misses>4133001</misses>
				<total>474587</total>
				<timestamp>578.088316</timestamp>
			</report>
			<report>
				<misses>4134001</misses>
				<total>474586</total>
				<timestamp>578.228194</timestamp>
			</report>
			<report>
				<misses>4135001</misses>
				<total>474586</total>
				<timestamp>578.368157</timestamp>
			</report>
			<report>
				<misses>4136001</misses>
				<total>474587</total>
				<timestamp>578.508060</timestamp>
			</report>
			<report>
				<misses>4137001</misses>
				<total>474587</total>
				<timestamp>578.647922</timestamp>
			</report>
			<report>
				<misses>4138001</misses>
				<total>474587</total>
				<timestamp>578.787751</timestamp>
			</report>
			<report>
				<misses>4139001</misses>
				<total>474587</total>
				<timestamp>578.927651</timestamp>
			</report>
			<report>
				<misses>4140001</misses>
				<total>474587</total>
				<timestamp>579.067548</timestamp>
			</report>
			<report>
				<misses>4141001</misses>
				<total>474586</total>
				<timestamp>579.207411</timestamp>
			</report>
			<report>
				<misses>4142001</misses>
				<total>474587</total>
				<timestamp>579.347193</timestamp>
			</report>
			<report>
				<misses>4143001</misses>
				<total>474586</total>
				<timestamp>579.487138</timestamp>
			</report>
			<report>
				<misses>4144001</misses>
				<total>474587</total>
				<timestamp>579.626934</timestamp>
			</report>
			<report>
				<misses>4145001</misses>
				<total>474587</total>
				<timestamp>579.766785</timestamp>
			</report>
			<report>
				<misses>4146001</misses>
				<total>474586</total>
				<timestamp>579.906684</timestamp>
			</report>
			<report>
				<misses>4147001</misses>
				<total>474587</total>
				<timestamp>580.046485</timestamp>
			</report>
			<report>
				<misses>4148001</misses>
				<total>474587</total>
				<timestamp>580.186364</timestamp>
			</report>
			<report>
				<misses>4149001</misses>
				<total>474586</total>
				<timestamp>580.326262</timestamp>
			</report>
			<report>
				<misses>4150001</misses>
				<total>474587</total>
				<timestamp>580.466098</timestamp>
			</report>
			<report>
				<misses>4151001</misses>
				<total>474587</total>
				<timestamp>580.605923</timestamp>
			</report>
			<report>
				<misses>4152001</misses>
				<total>474587</total>
				<timestamp>580.745796</timestamp>
			</report>
			<report>
				<misses>4153001</misses>
				<total>474586</total>
				<timestamp>580.885685</timestamp>
			</report>
			<report>
				<misses>4154001</misses>
				<total>474587</total>
				<timestamp>581.025503</timestamp>
			</report>
			<report>
				<misses>4155001</misses>
				<total>474587</total>
				<timestamp>581.165363</timestamp>
			</report>
			<report>
				<misses>4156001</misses>
				<total>474586</total>
				<timestamp>581.305308</timestamp>
			</report>
			<report>
				<misses>4157001</misses>
				<total>474587</total>
				<timestamp>581.445147</timestamp>
			</report>
			<report>
				<misses>4158001</misses>
				<total>474586</total>
				<timestamp>581.585024</timestamp>
			</report>
			<report>
				<misses>4159001</misses>
				<total>474587</total>
				<timestamp>581.724926</timestamp>
			</report>
			<report>
				<misses>4160001</misses>
				<total>474588</total>
				<timestamp>581.864890</timestamp>
			</report>
			<report>
				<misses>4161001</misses>
				<total>474588</total>
				<timestamp>582.004723</timestamp>
			</report>
			<report>
				<misses>4162001</misses>
				<total>474588</total>
				<timestamp>582.144579</timestamp>
			</report>
			<report>
				<misses>4163001</misses>
				<total>474588</total>
				<timestamp>582.284399</timestamp>
			</report>
			<report>
				<misses>4164001</misses>
				<total>474588</total>
				<timestamp>582.424267</timestamp>
			</report>
			<report>
				<misses>4165001</misses>
				<total>474588</total>
				<timestamp>582.564106</timestamp>
			</report>
			<report>
				<misses>4166001</misses>
				<total>474588</total>
				<timestamp>582.704010</timestamp>
			</report>
			<report>
				<misses>4167001</misses>
				<total>474588</total>
				<timestamp>582.843881</timestamp>
			</report>
			<report>
				<misses>4168001</misses>
				<total>474588</total>
				<timestamp>582.983776</timestamp>
			</report>
			<report>
				<misses>4169001</misses>
				<total>474587</total>
				<timestamp>583.123646</timestamp>
			</report>
			<report>
				<misses>4170001</misses>
				<total>474588</total>
				<timestamp>583.263474</timestamp>
			</report>
			<report>
				<misses>4171001</misses>
				<total>474588</total>
				<timestamp>583.403332</timestamp>
			</report>
			<report>
				<misses>4172001</misses>
				<total>474588</total>
				<timestamp>583.543135</timestamp>
			</report>
			<report>
				<misses>4173001</misses>
				<total>474588</total>
				<timestamp>583.683041</timestamp>
			</report>
			<report>
				<misses>4174001</misses>
				<total>474587</total>
				<timestamp>583.822960</timestamp>
			</report>
			<report>
				<misses>4175001</misses>
				<total>474589</total>
				<timestamp>583.962907</timestamp>
			</report>
			<report>
				<misses>4176001</misses>
				<total>474589</total>
				<timestamp>584.102739</timestamp>
			</report>
			<report>
				<misses>4177001</misses>
				<total>474589</total>
				<timestamp>584.242640</timestamp>
			</report>
			<report>
				<misses>4178001</misses>
				<total>474589</total>
				<timestamp>584.382529</timestamp>
			</report>
			<report>
				<misses>4179001</misses>
				<total>474589</total>
				<timestamp>584.522316</timestamp>
			</report>
			<report>
				<misses>4180001</misses>
				<total>474588</total>
				<timestamp>584.662220</timestamp>
			</report>
			<report>
				<misses>4181001</misses>
				<total>474589</total>
				<timestamp>584.801999</timestamp>
			</report>
			<report>
				<misses>4182001</misses>
				<total>474589</total>
				<timestamp>584.941922</timestamp>
			</report>
			<report>
				<misses>4183001</misses>
				<total>474589</total>
				<timestamp>585.081781</timestamp>
			</report>
			<report>
				<misses>4184001</misses>
				<total>474588</total>
				<timestamp>585.221652</timestamp>
			</report>
			<report>
				<misses>4185001</misses>
				<total>474589</total>
				<timestamp>585.361455</timestamp>
			</report>
			<report>
				<misses>4186001</misses>
				<total>474588</total>
				<timestamp>585.501387</timestamp>
			</report>
			<report>
				<misses>4187001</misses>
				<total>474589</total>
				<timestamp>585.641167</timestamp>
			</report>
			<report>
				<misses>4188001</misses>
				<total>474589</total>
				<timestamp>585.781102</timestamp>
			</report>
			<report>
				<misses>4189001</misses>
				<total>474589</total>
				<timestamp>585.920943</timestamp>
			</report>
			<report>
				<misses>4190001</misses>
				<total>474589</total>
				<timestamp>586.060778</timestamp>
			</report>
			<report>
				<misses>4191001</misses>
				<total>474589</total>
				<timestamp>586.200708</timestamp>
			</report>
			<report>
				<misses>4192001</misses>
				<total>474589</total>
				<timestamp>586.340463</timestamp>
			</report>
			<report>
				<misses>4193001</misses>
				<total>474589</total>
				<timestamp>586.480343</timestamp>
			</report>
			<report>
				<misses>4194001</misses>
				<total>474594</total>
				<timestamp>586.620268</timestamp>
			</report>
			<report>
				<misses>4195001</misses>
				<total>474598</total>
				<timestamp>586.760145</timestamp>
			</report>
			<report>
				<misses>4196001</misses>
				<total>474599</total>
				<timestamp>586.899927</timestamp>
			</report>
			<report>
				<misses>4197001</misses>
				<total>474599</total>
				<timestamp>587.039776</timestamp>
			</report>
			<report>
				<misses>4198001</misses>
				<total>474599</total>
				<timestamp>587.179636</timestamp>
			</report>
			<report>
				<misses>4199001</misses>
				<total>474599</total>
				<timestamp>587.319502</timestamp>
			</report>
			<report>
				<misses>4200001</misses>
				<total>474599</total>
				<timestamp>587.459369</timestamp>
			</report>
			<report>
				<misses>4201001</misses>
				<total>474599</total>
				<timestamp>587.599211</timestamp>
			</report>
			<report>
				<misses>4202001</misses>
				<total>474599</total>
				<timestamp>587.739107</timestamp>
			</report>
			<report>
				<misses>4203001</misses>
				<total>474599</total>
				<timestamp>587.879039</timestamp>
			</report>
			<report>
				<misses>4204001</misses>
				<total>474599</total>
				<timestamp>588.018982</timestamp>
			</report>
			<report>
				<misses>4205001</misses>
				<total>474599</total>
				<timestamp>588.158857</timestamp>
			</report>
			<report>
				<misses>4206001</misses>
				<total>474599</total>
				<timestamp>588.298682</timestamp>
			</report>
			<report>
				<misses>4207001</misses>
				<total>474600</total>
				<timestamp>588.438559</timestamp>
			</report>
			<report>
				<misses>4208001</misses>
				<total>474600</total>
				<timestamp>588.578416</timestamp>
			</report>
			<report>
				<misses>4209001</misses>
				<total>474600</total>
				<timestamp>588.718224</timestamp>
			</report>
			<report>
				<misses>4210001</misses>
				<total>474599</total>
				<timestamp>588.858182</timestamp>
			</report>
			<report>
				<misses>4211001</misses>
				<total>474600</total>
				<timestamp>588.997976</timestamp>
			</report>
			<report>
				<misses>4212001</misses>
				<total>474599</total>
				<timestamp>589.137948</timestamp>
			</report>
			<report>
				<misses>4213001</misses>
				<total>474600</total>
				<timestamp>589.277864</timestamp>
			</report>
			<report>
				<misses>4214001</misses>
				<total>474600</total>
				<timestamp>589.417728</timestamp>
			</report>
			<report>
				<misses>4215001</misses>
				<total>474599</total>
				<timestamp>589.557645</timestamp>
			</report>
			<report>
				<misses>4216001</misses>
				<total>474600</total>
				<timestamp>589.697616</timestamp>
			</report>
			<report>
				<misses>4217001</misses>
				<total>474600</total>
				<timestamp>589.837383</timestamp>
			</report>
			<report>
				<misses>4218001</misses>
				<total>474600</total>
				<timestamp>589.977253</timestamp>
			</report>
			<report>
				<misses>4219001</misses>
				<total>474601</total>
				<timestamp>590.117148</timestamp>
			</report>
			<report>
				<misses>4220001</misses>
				<total>474601</total>
				<timestamp>590.257022</timestamp>
			</report>
			<report>
				<misses>4221001</misses>
				<total>474601</total>
				<timestamp>590.396839</timestamp>
			</report>
			<report>
				<misses>4222001</misses>
				<total>474601</total>
				<timestamp>590.536719</timestamp>
			</report>
			<report>
				<misses>4223001</misses>
				<total>474604</total>
				<timestamp>590.676598</timestamp>
			</report>
			<report>
				<misses>4224001</misses>
				<total>474604</total>
				<timestamp>590.816473</timestamp>
			</report>
			<report>
				<misses>4225001</misses>
				<total>474604</total>
				<timestamp>590.956347</timestamp>
			</report>
			<report>
				<misses>4226001</misses>
				<total>474604</total>
				<timestamp>591.096184</timestamp>
			</report>
			<report>
				<misses>4227001</misses>
				<total>474604</total>
				<timestamp>591.236085</timestamp>
			</report>
			<report>
				<misses>4228001</misses>
				<total>474604</total>
				<timestamp>591.375857</timestamp>
			</report>
			<report>
				<misses>4229001</misses>
				<total>474604</total>
				<timestamp>591.515808</timestamp>
			</report>
			<report>
				<misses>4230001</misses>
				<total>474604</total>
				<timestamp>591.655610</timestamp>
			</report>
			<report>
				<misses>4231001</misses>
				<total>474604</total>
				<timestamp>591.795441</timestamp>
			</report>
			<report>
				<misses>4232001</misses>
				<total>474606</total>
				<timestamp>591.935283</timestamp>
			</report>
			<report>
				<misses>4233001</misses>
				<total>474606</total>
				<timestamp>592.075164</timestamp>
			</report>
			<report>
				<misses>4234001</misses>
				<total>474605</total>
				<timestamp>592.215066</timestamp>
			</report>
			<report>
				<misses>4235001</misses>
				<total>474609</total>
				<timestamp>592.354902</timestamp>
			</report>
			<report>
				<misses>4236001</misses>
				<total>474609</total>
				<timestamp>592.494723</timestamp>
			</report>
			<report>
				<misses>4237001</misses>
				<total>474608</total>
				<timestamp>592.634707</timestamp>
			</report>
			<report>
				<misses>4238001</misses>
				<total>474615</total>
				<timestamp>592.774683</timestamp>
			</report>
			<report>
				<misses>4239001</misses>
				<total>474615</total>
				<timestamp>592.914449</timestamp>
			</report>
			<report>
				<misses>4240001</misses>
				<total>474615</total>
				<timestamp>593.054351</timestamp>
			</report>
			<report>
				<misses>4241001</misses>
				<total>474615</total>
				<timestamp>593.194185</timestamp>
			</report>
			<report>
				<misses>4242001</misses>
				<total>474616</total>
				<timestamp>593.334052</timestamp>
			</report>
			<report>
				<misses>4243001</misses>
				<total>474616</total>
				<timestamp>593.474015</timestamp>
			</report>
			<report>
				<misses>4244001</misses>
				<total>474615</total>
				<timestamp>593.613972</timestamp>
			</report>
			<report>
				<misses>4245001</misses>
				<total>474616</total>
				<timestamp>593.753771</timestamp>
			</report>
			<report>
				<misses>4246001</misses>
				<total>474616</total>
				<timestamp>593.893795</timestamp>
			</report>
			<report>
				<misses>4247001</misses>
				<total>474616</total>
				<timestamp>594.033609</timestamp>
			</report>
			<report>
				<misses>4248001</misses>
				<total>474616</total>
				<timestamp>594.173473</timestamp>
			</report>
			<report>
				<misses>4249001</misses>
				<total>474616</total>
				<timestamp>594.313327</timestamp>
			</report>
			<report>
				<misses>4250001</misses>
				<total>474616</total>
				<timestamp>594.453198</timestamp>
			</report>
			<report>
				<misses>4251001</misses>
				<total>474616</total>
				<timestamp>594.593132</timestamp>
			</report>
			<report>
				<misses>4252001</misses>
				<total>474616</total>
				<timestamp>594.732924</timestamp>
			</report>
			<report>
				<misses>4253001</misses>
				<total>474616</total>
				<timestamp>594.872794</timestamp>
			</report>
			<report>
				<misses>4254001</misses>
				<total>474616</total>
				<timestamp>595.012652</timestamp>
			</report>
			<report>
				<misses>4255001</misses>
				<total>474616</total>
				<timestamp>595.152483</timestamp>
			</report>
			<report>
				<misses>4256001</misses>
				<total>474616</total>
				<timestamp>595.292353</timestamp>
			</report>
			<report>
				<misses>4257001</misses>
				<total>474616</total>
				<timestamp>595.432203</timestamp>
			</report>
			<report>
				<misses>4258001</misses>
				<total>474615</total>
				<timestamp>595.572188</timestamp>
			</report>
			<report>
				<misses>4259001</misses>
				<total>474616</total>
				<timestamp>595.712081</timestamp>
			</report>
			<report>
				<misses>4260001</misses>
				<total>474616</total>
				<timestamp>595.851953</timestamp>
			</report>
			<report>
				<misses>4261001</misses>
				<total>474616</total>
				<timestamp>595.991823</timestamp>
			</report>
			<report>
				<misses>4262001</misses>
				<total>474616</total>
				<timestamp>596.131700</timestamp>
			</report>
			<report>
				<misses>4263001</misses>
				<total>474615</total>
				<timestamp>596.271625</timestamp>
			</report>
			<report>
				<misses>4264001</misses>
				<total>474616</total>
				<timestamp>596.411544</timestamp>
			</report>
			<report>
				<misses>4265001</misses>
				<total>474616</total>
				<timestamp>596.551371</timestamp>
			</report>
			<report>
				<misses>4266001</misses>
				<total>474616</total>
				<timestamp>596.691266</timestamp>
			</report>
			<report>
				<misses>4267001</misses>
				<total>474620</total>
				<timestamp>596.831145</timestamp>
			</report>
			<report>
				<misses>4268001</misses>
				<total>474620</total>
				<timestamp>596.970969</timestamp>
			</report>
			<report>
				<misses>4269001</misses>
				<total>474620</total>
				<timestamp>597.110820</timestamp>
			</report>
			<report>
				<misses>4270001</misses>
				<total>474620</total>
				<timestamp>597.250671</timestamp>
			</report>
			<report>
				<misses>4271001</misses>
				<total>474620</total>
				<timestamp>597.390548</timestamp>
			</report>
			<report>
				<misses>4272001</misses>
				<total>474620</total>
				<timestamp>597.530414</timestamp>
			</report>
			<report>
				<misses>4273001</misses>
				<total>474620</total>
				<timestamp>597.670281</timestamp>
			</report>
			<report>
				<misses>4274001</misses>
				<total>474619</total>
				<timestamp>597.810177</timestamp>
			</report>
			<report>
				<misses>4275001</misses>
				<total>474620</total>
				<timestamp>597.949983</timestamp>
			</report>
			<report>
				<misses>4276001</misses>
				<total>474619</total>
				<timestamp>598.089940</timestamp>
			</report>
			<report>
				<misses>4277001</misses>
				<total>474620</total>
				<timestamp>598.229821</timestamp>
			</report>
			<report>
				<misses>4278001</misses>
				<total>474620</total>
				<timestamp>598.369792</timestamp>
			</report>
			<report>
				<misses>4279001</misses>
				<total>474620</total>
				<timestamp>598.509560</timestamp>
			</report>
			<report>
				<misses>4280001</misses>
				<total>474620</total>
				<timestamp>598.649431</timestamp>
			</report>
			<report>
				<misses>4281001</misses>
				<total>474620</total>
				<timestamp>598.789262</timestamp>
			</report>
			<report>
				<misses>4282001</misses>
				<total>474620</total>
				<timestamp>598.929123</timestamp>
			</report>
			<report>
				<misses>4283001</misses>
				<total>474620</total>
				<timestamp>599.069005</timestamp>
			</report>
			<report>
				<misses>4284001</misses>
				<total>474620</total>
				<timestamp>599.208895</timestamp>
			</report>
			<report>
				<misses>4285001</misses>
				<total>474620</total>
				<timestamp>599.348743</timestamp>
			</report>
			<report>
				<misses>4286001</misses>
				<total>474619</total>
				<timestamp>599.488630</timestamp>
			</report>
			<report>
				<misses>4287001</misses>
				<total>474620</total>
				<timestamp>599.628449</timestamp>
			</report>
			<report>
				<misses>4288001</misses>
				<total>474620</total>
				<timestamp>599.768285</timestamp>
			</report>
			<report>
				<misses>4289001</misses>
				<total>474620</total>
				<timestamp>599.908232</timestamp>
			</report>
			<report>
				<misses>4290001</misses>
				<total>474621</total>
				<timestamp>600.048029</timestamp>
			</report>
			<report>
				<misses>4291001</misses>
				<total>474621</total>
				<timestamp>600.187912</timestamp>
			</report>
			<report>
				<misses>4292001</misses>
				<total>474621</total>
				<timestamp>600.327781</timestamp>
			</report>
			<report>
				<misses>4293001</misses>
				<total>474621</total>
				<timestamp>600.467639</timestamp>
			</report>
			<report>
				<misses>4294001</misses>
				<total>474621</total>
				<timestamp>600.607441</timestamp>
			</report>
			<report>
				<misses>4295001</misses>
				<total>474621</total>
				<timestamp>600.747355</timestamp>
			</report>
			<report>
				<misses>4296001</misses>
				<total>474622</total>
				<timestamp>600.887174</timestamp>
			</report>
			<report>
				<misses>4297001</misses>
				<total>474621</total>
				<timestamp>601.027093</timestamp>
			</report>
			<report>
				<misses>4298001</misses>
				<total>474621</total>
				<timestamp>601.166888</timestamp>
			</report>
			<report>
				<misses>4299001</misses>
				<total>474621</total>
				<timestamp>601.306762</timestamp>
			</report>
			<report>
				<misses>4300001</misses>
				<total>474621</total>
				<timestamp>601.446660</timestamp>
			</report>
			<report>
				<misses>4301001</misses>
				<total>474620</total>
				<timestamp>601.586548</timestamp>
			</report>
			<report>
				<misses>4302001</misses>
				<total>474621</total>
				<timestamp>601.726333</timestamp>
			</report>
			<report>
				<misses>4303001</misses>
				<total>474621</total>
				<timestamp>601.866200</timestamp>
			</report>
			<report>
				<misses>4304001</misses>
				<total>474621</total>
				<timestamp>602.006130</timestamp>
			</report>
			<report>
				<misses>4305001</misses>
				<total>474627</total>
				<timestamp>602.146000</timestamp>
			</report>
			<report>
				<misses>4306001</misses>
				<total>474628</total>
				<timestamp>602.285814</timestamp>
			</report>
			<report>
				<misses>4307001</misses>
				<total>474628</total>
				<timestamp>602.425636</timestamp>
			</report>
			<report>
				<misses>4308001</misses>
				<total>474628</total>
				<timestamp>602.565511</timestamp>
			</report>
			<report>
				<misses>4309001</misses>
				<total>474628</total>
				<timestamp>602.705369</timestamp>
			</report>
			<report>
				<misses>4310001</misses>
				<total>474627</total>
				<timestamp>602.845254</timestamp>
			</report>
			<report>
				<misses>4311001</misses>
				<total>474628</total>
				<timestamp>602.985052</timestamp>
			</report>
			<report>
				<misses>4312001</misses>
				<total>474628</total>
				<timestamp>603.125014</timestamp>
			</report>
			<report>
				<misses>4313001</misses>
				<total>474627</total>
				<timestamp>603.264881</timestamp>
			</report>
			<report>
				<misses>4314001</misses>
				<total>474628</total>
				<timestamp>603.404745</timestamp>
			</report>
			<report>
				<misses>4315001</misses>
				<total>474628</total>
				<timestamp>603.544530</timestamp>
			</report>
			<report>
				<misses>4316001</misses>
				<total>474629</total>
				<timestamp>603.684353</timestamp>
			</report>
			<report>
				<misses>4317001</misses>
				<total>474629</total>
				<timestamp>603.824256</timestamp>
			</report>
			<report>
				<misses>4318001</misses>
				<total>474629</total>
				<timestamp>603.964105</timestamp>
			</report>
			<report>
				<misses>4319001</misses>
				<total>474630</total>
				<timestamp>604.104017</timestamp>
			</report>
			<report>
				<misses>4320001</misses>
				<total>474631</total>
				<timestamp>604.243914</timestamp>
			</report>
			<report>
				<misses>4321001</misses>
				<total>474631</total>
				<timestamp>604.383808</timestamp>
			</report>
			<report>
				<misses>4322001</misses>
				<total>474631</total>
				<timestamp>604.523680</timestamp>
			</report>
			<report>
				<misses>4323001</misses>
				<total>474631</total>
				<timestamp>604.663516</timestamp>
			</report>
			<report>
				<misses>4324001</misses>
				<total>474634</total>
				<timestamp>604.803470</timestamp>
			</report>
			<report>
				<misses>4325001</misses>
				<total>474635</total>
				<timestamp>604.943293</timestamp>
			</report>
			<report>
				<misses>4326001</misses>
				<total>474634</total>
				<timestamp>605.083179</timestamp>
			</report>
			<report>
				<misses>4327001</misses>
				<total>474634</total>
				<timestamp>605.223052</timestamp>
			</report>
			<report>
				<misses>4328001</misses>
				<total>474635</total>
				<timestamp>605.362905</timestamp>
			</report>
			<report>
				<misses>4329001</misses>
				<total>474635</total>
				<timestamp>605.502741</timestamp>
			</report>
			<report>
				<misses>4330001</misses>
				<total>474635</total>
				<timestamp>605.642561</timestamp>
			</report>
			<report>
				<misses>4331001</misses>
				<total>474637</total>
				<timestamp>605.782450</timestamp>
			</report>
			<report>
				<misses>4332001</misses>
				<total>474636</total>
				<timestamp>605.922401</timestamp>
			</report>
			<report>
				<misses>4333001</misses>
				<total>474636</total>
				<timestamp>606.062378</timestamp>
			</report>
			<report>
				<misses>4334001</misses>
				<total>474637</total>
				<timestamp>606.202267</timestamp>
			</report>
			<report>
				<misses>4335001</misses>
				<total>474637</total>
				<timestamp>606.342188</timestamp>
			</report>
			<report>
				<misses>4336001</misses>
				<total>474637</total>
				<timestamp>606.481997</timestamp>
			</report>
			<report>
				<misses>4337001</misses>
				<total>474637</total>
				<timestamp>606.621869</timestamp>
			</report>
			<report>
				<misses>4338001</misses>
				<total>474637</total>
				<timestamp>606.761720</timestamp>
			</report>
			<report>
				<misses>4339001</misses>
				<total>474637</total>
				<timestamp>606.901648</timestamp>
			</report>
			<report>
				<misses>4340001</misses>
				<total>474637</total>
				<timestamp>607.041424</timestamp>
			</report>
			<report>
				<misses>4341001</misses>
				<total>474637</total>
				<timestamp>607.181325</timestamp>
			</report>
			<report>
				<misses>4342001</misses>
				<total>474637</total>
				<timestamp>607.321185</timestamp>
			</report>
			<report>
				<misses>4343001</misses>
				<total>474637</total>
				<timestamp>607.460998</timestamp>
			</report>
			<report>
				<misses>4344001</misses>
				<total>474637</total>
				<timestamp>607.600896</timestamp>
			</report>
			<report>
				<misses>4345001</misses>
				<total>474637</total>
				<timestamp>607.740752</timestamp>
			</report>
			<report>
				<misses>4346001</misses>
				<total>474637</total>
				<timestamp>607.880620</timestamp>
			</report>
			<report>
				<misses>4347001</misses>
				<total>474637</total>
				<timestamp>608.020502</timestamp>
			</report>
			<report>
				<misses>4348001</misses>
				<total>474637</total>
				<timestamp>608.160302</timestamp>
			</report>
			<report>
				<misses>4349001</misses>
				<total>474637</total>
				<timestamp>608.300168</timestamp>
			</report>
			<report>
				<misses>4350001</misses>
				<total>474637</total>
				<timestamp>608.440055</timestamp>
			</report>
			<report>
				<misses>4351001</misses>
				<total>474636</total>
				<timestamp>608.579977</timestamp>
			</report>
			<report>
				<misses>4352001</misses>
				<total>474637</total>
				<timestamp>608.719768</timestamp>
			</report>
			<report>
				<misses>4353001</misses>
				<total>474636</total>
				<timestamp>608.859725</timestamp>
			</report>
			<report>
				<misses>4354001</misses>
				<total>474637</total>
				<timestamp>608.999707</timestamp>
			</report>
			<report>
				<misses>4355001</misses>
				<total>474637</total>
				<timestamp>609.139502</timestamp>
			</report>
			<report>
				<misses>4356001</misses>
				<total>474637</total>
				<timestamp>609.279319</timestamp>
			</report>
			<report>
				<misses>4357001</misses>
				<total>474637</total>
				<timestamp>609.419188</timestamp>
			</report>
			<report>
				<misses>4358001</misses>
				<total>474636</total>
				<timestamp>609.559083</timestamp>
			</report>
			<report>
				<misses>4359001</misses>
				<total>474637</total>
				<timestamp>609.698939</timestamp>
			</report>
			<report>
				<misses>4360001</misses>
				<total>474637</total>
				<timestamp>609.838820</timestamp>
			</report>
			<report>
				<misses>4361001</misses>
				<total>474637</total>
				<timestamp>609.978715</timestamp>
			</report>
			<report>
				<misses>4362001</misses>
				<total>474637</total>
				<timestamp>610.118524</timestamp>
			</report>
			<report>
				<misses>4363001</misses>
				<total>474637</total>
				<timestamp>610.258339</timestamp>
			</report>
			<report>
				<misses>4364001</misses>
				<total>474637</total>
				<timestamp>610.398214</timestamp>
			</report>
			<report>
				<misses>4365001</misses>
				<total>474637</total>
				<timestamp>610.538099</timestamp>
			</report>
			<report>
				<misses>4366001</misses>
				<total>474645</total>
				<timestamp>610.677941</timestamp>
			</report>
			<report>
				<misses>4367001</misses>
				<total>474645</total>
				<timestamp>610.817860</timestamp>
			</report>
			<report>
				<misses>4368001</misses>
				<total>474645</total>
				<timestamp>610.957670</timestamp>
			</report>
			<report>
				<misses>4369001</misses>
				<total>474645</total>
				<timestamp>611.097550</timestamp>
			</report>
			<report>
				<misses>4370001</misses>
				<total>474644</total>
				<timestamp>611.237425</timestamp>
			</report>
			<report>
				<misses>4371001</misses>
				<total>474645</total>
				<timestamp>611.377265</timestamp>
			</report>
			<report>
				<misses>4372001</misses>
				<total>474645</total>
				<timestamp>611.517113</timestamp>
			</report>
			<report>
				<misses>4373001</misses>
				<total>474645</total>
				<timestamp>611.656969</timestamp>
			</report>
			<report>
				<misses>4374001</misses>
				<total>474645</total>
				<timestamp>611.796813</timestamp>
			</report>
			<report>
				<misses>4375001</misses>
				<total>474644</total>
				<timestamp>611.936700</timestamp>
			</report>
			<report>
				<misses>4376001</misses>
				<total>474645</total>
				<timestamp>612.076610</timestamp>
			</report>
			<report>
				<misses>4377001</misses>
				<total>474645</total>
				<timestamp>612.216389</timestamp>
			</report>
			<report>
				<misses>4378001</misses>
				<total>474645</total>
				<timestamp>612.356250</timestamp>
			</report>
			<report>
				<misses>4379001</misses>
				<total>474646</total>
				<timestamp>612.496098</timestamp>
			</report>
			<report>
				<misses>4380001</misses>
				<total>474645</total>
				<timestamp>612.635994</timestamp>
			</report>
			<report>
				<misses>4381001</misses>
				<total>474645</total>
				<timestamp>612.775822</timestamp>
			</report>
			<report>
				<misses>4382001</misses>
				<total>474645</total>
				<timestamp>612.915702</timestamp>
			</report>
			<report>
				<misses>4383001</misses>
				<total>474648</total>
				<timestamp>613.055672</timestamp>
			</report>
			<report>
				<misses>4384001</misses>
				<total>474649</total>
				<timestamp>613.195583</timestamp>
			</report>
			<report>
				<misses>4385001</misses>
				<total>474649</total>
				<timestamp>613.335438</timestamp>
			</report>
			<report>
				<misses>4386001</misses>
				<total>474649</total>
				<timestamp>613.475336</timestamp>
			</report>
			<report>
				<misses>4387001</misses>
				<total>474649</total>
				<timestamp>613.615146</timestamp>
			</report>
			<report>
				<misses>4388001</misses>
				<total>474648</total>
				<timestamp>613.755091</timestamp>
			</report>
			<report>
				<misses>4389001</misses>
				<total>474649</total>
				<timestamp>613.894842</timestamp>
			</report>
			<report>
				<misses>4390001</misses>
				<total>474649</total>
				<timestamp>614.034702</timestamp>
			</report>
			<report>
				<misses>4391001</misses>
				<total>474648</total>
				<timestamp>614.174625</timestamp>
			</report>
			<report>
				<misses>4392001</misses>
				<total>474649</total>
				<timestamp>614.314472</timestamp>
			</report>
			<report>
				<misses>4393001</misses>
				<total>474649</total>
				<timestamp>614.454279</timestamp>
			</report>
			<report>
				<misses>4394001</misses>
				<total>474649</total>
				<timestamp>614.594201</timestamp>
			</report>
			<report>
				<misses>4395001</misses>
				<total>474649</total>
				<timestamp>614.734003</timestamp>
			</report>
			<report>
				<misses>4396001</misses>
				<total>474649</total>
				<timestamp>614.873874</timestamp>
			</report>
			<report>
				<misses>4397001</misses>
				<total>474649</total>
				<timestamp>615.013785</timestamp>
			</report>
			<report>
				<misses>4398001</misses>
				<total>474648</total>
				<timestamp>615.153719</timestamp>
			</report>
			<report>
				<misses>4399001</misses>
				<total>474649</total>
				<timestamp>615.293594</timestamp>
			</report>
			<report>
				<misses>4400001</misses>
				<total>474649</total>
				<timestamp>615.433480</timestamp>
			</report>
			<report>
				<misses>4401001</misses>
				<total>474648</total>
				<timestamp>615.573365</timestamp>
			</report>
			<report>
				<misses>4402001</misses>
				<total>474649</total>
				<timestamp>615.713191</timestamp>
			</report>
			<report>
				<misses>4403001</misses>
				<total>474649</total>
				<timestamp>615.853118</timestamp>
			</report>
			<report>
				<misses>4404001</misses>
				<total>474649</total>
				<timestamp>615.992876</timestamp>
			</report>
			<report>
				<misses>4405001</misses>
				<total>474649</total>
				<timestamp>616.132787</timestamp>
			</report>
			<report>
				<misses>4406001</misses>
				<total>474649</total>
				<timestamp>616.272661</timestamp>
			</report>
			<report>
				<misses>4407001</misses>
				<total>474649</total>
				<timestamp>616.412444</timestamp>
			</report>
			<report>
				<misses>4408001</misses>
				<total>474648</total>
				<timestamp>616.552437</timestamp>
			</report>
			<report>
				<misses>4409001</misses>
				<total>474649</total>
				<timestamp>616.692371</timestamp>
			</report>
			<report>
				<misses>4410001</misses>
				<total>474649</total>
				<timestamp>616.832197</timestamp>
			</report>
			<report>
				<misses>4411001</misses>
				<total>474648</total>
				<timestamp>616.972206</timestamp>
			</report>
			<report>
				<misses>4412001</misses>
				<total>474649</total>
				<timestamp>617.112070</timestamp>
			</report>
			<report>
				<misses>4413001</misses>
				<total>474655</total>
				<timestamp>617.252001</timestamp>
			</report>
			<report>
				<misses>4414001</misses>
				<total>474655</total>
				<timestamp>617.391782</timestamp>
			</report>
			<report>
				<misses>4415001</misses>
				<total>474655</total>
				<timestamp>617.531642</timestamp>
			</report>
			<report>
				<misses>4416001</misses>
				<total>474655</total>
				<timestamp>617.671531</timestamp>
			</report>
			<report>
				<misses>4417001</misses>
				<total>474655</total>
				<timestamp>617.811398</timestamp>
			</report>
			<report>
				<misses>4418001</misses>
				<total>474655</total>
				<timestamp>617.951248</timestamp>
			</report>
			<report>
				<misses>4419001</misses>
				<total>474654</total>
				<timestamp>618.091152</timestamp>
			</report>
			<report>
				<misses>4420001</misses>
				<total>474654</total>
				<timestamp>618.231002</timestamp>
			</report>
			<report>
				<misses>4421001</misses>
				<total>474655</total>
				<timestamp>618.370824</timestamp>
			</report>
			<report>
				<misses>4422001</misses>
				<total>474654</total>
				<timestamp>618.510736</timestamp>
			</report>
			<report>
				<misses>4423001</misses>
				<total>474655</total>
				<timestamp>618.650490</timestamp>
			</report>
			<report>
				<misses>4424001</misses>
				<total>474655</total>
				<timestamp>618.790498</timestamp>
			</report>
			<report>
				<misses>4425001</misses>
				<total>474654</total>
				<timestamp>618.930400</timestamp>
			</report>
			<report>
				<misses>4426001</misses>
				<total>474664</total>
				<timestamp>619.070221</timestamp>
			</report>
			<report>
				<misses>4427001</misses>
				<total>474663</total>
				<timestamp>619.210110</timestamp>
			</report>
			<report>
				<misses>4428001</misses>
				<total>474663</total>
				<timestamp>619.350096</timestamp>
			</report>
			<report>
				<misses>4429001</misses>
				<total>474664</total>
				<timestamp>619.490046</timestamp>
			</report>
			<report>
				<misses>4430001</misses>
				<total>474664</total>
				<timestamp>619.629809</timestamp>
			</report>
			<report>
				<misses>4431001</misses>
				<total>474664</total>
				<timestamp>619.769773</timestamp>
			</report>
			<report>
				<misses>4432001</misses>
				<total>474664</total>
				<timestamp>619.909652</timestamp>
			</report>
			<report>
				<misses>4433001</misses>
				<total>474664</total>
				<timestamp>620.049544</timestamp>
			</report>
			<report>
				<misses>4434001</misses>
				<total>474663</total>
				<timestamp>620.189491</timestamp>
			</report>
			<report>
				<misses>4435001</misses>
				<total>474664</total>
				<timestamp>620.329271</timestamp>
			</report>
			<report>
				<misses>4436001</misses>
				<total>474664</total>
				<timestamp>620.469088</timestamp>
			</report>
			<report>
				<misses>4437001</misses>
				<total>474664</total>
				<timestamp>620.608975</timestamp>
			</report>
			<report>
				<misses>4438001</misses>
				<total>474664</total>
				<timestamp>620.748821</timestamp>
			</report>
			<report>
				<misses>4439001</misses>
				<total>474664</total>
				<timestamp>620.888706</timestamp>
			</report>
			<report>
				<misses>4440001</misses>
				<total>474664</total>
				<timestamp>621.028554</timestamp>
			</report>
			<report>
				<misses>4441001</misses>
				<total>474664</total>
				<timestamp>621.168413</timestamp>
			</report>
			<report>
				<misses>4442001</misses>
				<total>474663</total>
				<timestamp>621.308331</timestamp>
			</report>
			<report>
				<misses>4443001</misses>
				<total>474663</total>
				<timestamp>621.448191</timestamp>
			</report>
			<report>
				<misses>4444001</misses>
				<total>474664</total>
				<timestamp>621.587975</timestamp>
			</report>
			<report>
				<misses>4445001</misses>
				<total>474664</total>
				<timestamp>621.727851</timestamp>
			</report>
			<report>
				<misses>4446001</misses>
				<total>474664</total>
				<timestamp>621.867710</timestamp>
			</report>
			<report>
				<misses>4447001</misses>
				<total>474664</total>
				<timestamp>622.007599</timestamp>
			</report>
			<report>
				<misses>4448001</misses>
				<total>474664</total>
				<timestamp>622.147402</timestamp>
			</report>
			<report>
				<misses>4449001</misses>
				<total>474664</total>
				<timestamp>622.287276</timestamp>
			</report>
			<report>
				<misses>4450001</misses>
				<total>474664</total>
				<timestamp>622.427152</timestamp>
			</report>
			<report>
				<misses>4451001</misses>
				<total>474665</total>
				<timestamp>622.567028</timestamp>
			</report>
			<report>
				<misses>4452001</misses>
				<total>474669</total>
				<timestamp>622.706930</timestamp>
			</report>
			<report>
				<misses>4453001</misses>
				<total>474669</total>
				<timestamp>622.846772</timestamp>
			</report>
			<report>
				<misses>4454001</misses>
				<total>474676</total>
				<timestamp>622.986653</timestamp>
			</report>
			<report>
				<misses>4455001</misses>
				<total>474675</total>
				<timestamp>623.126543</timestamp>
			</report>
			<report>
				<misses>4456001</misses>
				<total>474676</total>
				<timestamp>623.266324</timestamp>
			</report>
			<report>
				<misses>4457001</misses>
				<total>474676</total>
				<timestamp>623.406211</timestamp>
			</report>
			<report>
				<misses>4458001</misses>
				<total>474676</total>
				<timestamp>623.546054</timestamp>
			</report>
			<report>
				<misses>4459001</misses>
				<total>474676</total>
				<timestamp>623.685905</timestamp>
			</report>
			<report>
				<misses>4460001</misses>
				<total>474675</total>
				<timestamp>623.825809</timestamp>
			</report>
			<report>
				<misses>4461001</misses>
				<total>474688</total>
				<timestamp>623.965605</timestamp>
			</report>
			<report>
				<misses>4462001</misses>
				<total>474687</total>
				<timestamp>624.105604</timestamp>
			</report>
			<report>
				<misses>4463001</misses>
				<total>474687</total>
				<timestamp>624.245612</timestamp>
			</report>
			<report>
				<misses>4464001</misses>
				<total>474688</total>
				<timestamp>624.385520</timestamp>
			</report>
			<report>
				<misses>4465001</misses>
				<total>474687</total>
				<timestamp>624.525416</timestamp>
			</report>
			<report>
				<misses>4466001</misses>
				<total>474688</total>
				<timestamp>624.665190</timestamp>
			</report>
			<report>
				<misses>4467001</misses>
				<total>474688</total>
				<timestamp>624.805065</timestamp>
			</report>
			<report>
				<misses>4468001</misses>
				<total>474687</total>
				<timestamp>624.944961</timestamp>
			</report>
			<report>
				<misses>4469001</misses>
				<total>474688</total>
				<timestamp>625.084767</timestamp>
			</report>
			<report>
				<misses>4470001</misses>
				<total>474688</total>
				<timestamp>625.224668</timestamp>
			</report>
			<report>
				<misses>4471001</misses>
				<total>474688</total>
				<timestamp>625.364499</timestamp>
			</report>
			<report>
				<misses>4472001</misses>
				<total>474688</total>
				<timestamp>625.504356</timestamp>
			</report>
			<report>
				<misses>4473001</misses>
				<total>474687</total>
				<timestamp>625.644289</timestamp>
			</report>
			<report>
				<misses>4474001</misses>
				<total>474689</total>
				<timestamp>625.784066</timestamp>
			</report>
			<report>
				<misses>4475001</misses>
				<total>474689</total>
				<timestamp>625.923969</timestamp>
			</report>
			<report>
				<misses>4476001</misses>
				<total>474688</total>
				<timestamp>626.063856</timestamp>
			</report>
			<report>
				<misses>4477001</misses>
				<total>474689</total>
				<timestamp>626.203674</timestamp>
			</report>
			<report>
				<misses>4478001</misses>
				<total>474688</total>
				<timestamp>626.343634</timestamp>
			</report>
			<report>
				<misses>4479001</misses>
				<total>474689</total>
				<timestamp>626.483536</timestamp>
			</report>
			<report>
				<misses>4480001</misses>
				<total>474689</total>
				<timestamp>626.623415</timestamp>
			</report>
			<report>
				<misses>4481001</misses>
				<total>474689</total>
				<timestamp>626.763237</timestamp>
			</report>
			<report>
				<misses>4482001</misses>
				<total>474688</total>
				<timestamp>626.903129</timestamp>
			</report>
			<report>
				<misses>4483001</misses>
				<total>474688</total>
				<timestamp>627.043004</timestamp>
			</report>
			<report>
				<misses>4484001</misses>
				<total>474689</total>
				<timestamp>627.182824</timestamp>
			</report>
			<report>
				<misses>4485001</misses>
				<total>474689</total>
				<timestamp>627.322714</timestamp>
			</report>
			<report>
				<misses>4486001</misses>
				<total>474689</total>
				<timestamp>627.462578</timestamp>
			</report>
			<report>
				<misses>4487001</misses>
				<total>474689</total>
				<timestamp>627.602416</timestamp>
			</report>
			<report>
				<misses>4488001</misses>
				<total>474689</total>
				<timestamp>627.742276</timestamp>
			</report>
			<report>
				<misses>4489001</misses>
				<total>474689</total>
				<timestamp>627.882102</timestamp>
			</report>
			<report>
				<misses>4490001</misses>
				<total>474689</total>
				<timestamp>628.021987</timestamp>
			</report>
			<report>
				<misses>4491001</misses>
				<total>474689</total>
				<timestamp>628.161815</timestamp>
			</report>
			<report>
				<misses>4492001</misses>
				<total>474688</total>
				<timestamp>628.301781</timestamp>
			</report>
			<report>
				<misses>4493001</misses>
				<total>474689</total>
				<timestamp>628.441557</timestamp>
			</report>
			<report>
				<misses>4494001</misses>
				<total>474689</total>
				<timestamp>628.581393</timestamp>
			</report>
			<report>
				<misses>4495001</misses>
				<total>474689</total>
				<timestamp>628.721255</timestamp>
			</report>
			<report>
				<misses>4496001</misses>
				<total>474689</total>
				<timestamp>628.861143</timestamp>
			</report>
			<report>
				<misses>4497001</misses>
				<total>474694</total>
				<timestamp>629.001058</timestamp>
			</report>
			<report>
				<misses>4498001</misses>
				<total>474698</total>
				<timestamp>629.140933</timestamp>
			</report>
			<report>
				<misses>4499001</misses>
				<total>474699</total>
				<timestamp>629.280710</timestamp>
			</report>
			<report>
				<misses>4500001</misses>
				<total>474699</total>
				<timestamp>629.420604</timestamp>
			</report>
			<report>
				<misses>4501001</misses>
				<total>474699</total>
				<timestamp>629.560465</timestamp>
			</report>
			<report>
				<misses>4502001</misses>
				<total>474699</total>
				<timestamp>629.700283</timestamp>
			</report>
			<report>
				<misses>4503001</misses>
				<total>474699</total>
				<timestamp>629.840169</timestamp>
			</report>
			<report>
				<misses>4504001</misses>
				<total>474698</total>
				<timestamp>629.980127</timestamp>
			</report>
			<report>
				<misses>4505001</misses>
				<total>474699</total>
				<timestamp>630.120046</timestamp>
			</report>
			<report>
				<misses>4506001</misses>
				<total>474699</total>
				<timestamp>630.260035</timestamp>
			</report>
			<report>
				<misses>4507001</misses>
				<total>474698</total>
				<timestamp>630.399955</timestamp>
			</report>
			<report>
				<misses>4508001</misses>
				<total>474699</total>
				<timestamp>630.539735</timestamp>
			</report>
			<report>
				<misses>4509001</misses>
				<total>474699</total>
				<timestamp>630.679642</timestamp>
			</report>
			<report>
				<misses>4510001</misses>
				<total>474698</total>
				<timestamp>630.819563</timestamp>
			</report>
			<report>
				<misses>4511001</misses>
				<total>474699</total>
				<timestamp>630.959505</timestamp>
			</report>
			<report>
				<misses>4512001</misses>
				<total>474699</total>
				<timestamp>631.099350</timestamp>
			</report>
			<report>
				<misses>4513001</misses>
				<total>474699</total>
				<timestamp>631.239157</timestamp>
			</report>
			<report>
				<misses>4514001</misses>
				<total>474699</total>
				<timestamp>631.379077</timestamp>
			</report>
			<report>
				<misses>4515001</misses>
				<total>474699</total>
				<timestamp>631.518922</timestamp>
			</report>
			<report>
				<misses>4516001</misses>
				<total>474699</total>
				<timestamp>631.658800</timestamp>
			</report>
			<report>
				<misses>4517001</misses>
				<total>474698</total>
				<timestamp>631.798695</timestamp>
			</report>
			<report>
				<misses>4518001</misses>
				<total>474700</total>
				<timestamp>631.938572</timestamp>
			</report>
			<report>
				<misses>4519001</misses>
				<total>474701</total>
				<timestamp>632.078340</timestamp>
			</report>
			<report>
				<misses>4520001</misses>
				<total>474701</total>
				<timestamp>632.218256</timestamp>
			</report>
			<report>
				<misses>4521001</misses>
				<total>474701</total>
				<timestamp>632.358065</timestamp>
			</report>
			<report>
				<misses>4522001</misses>
				<total>474701</total>
				<timestamp>632.497904</timestamp>
			</report>
			<report>
				<misses>4523001</misses>
				<total>474700</total>
				<timestamp>632.637870</timestamp>
			</report>
			<report>
				<misses>4524001</misses>
				<total>474701</total>
				<timestamp>632.777770</timestamp>
			</report>
			<report>
				<misses>4525001</misses>
				<total>474701</total>
				<timestamp>632.917714</timestamp>
			</report>
			<report>
				<misses>4526001</misses>
				<total>474701</total>
				<timestamp>633.057530</timestamp>
			</report>
			<report>
				<misses>4527001</misses>
				<total>474701</total>
				<timestamp>633.197343</timestamp>
			</report>
			<report>
				<misses>4528001</misses>
				<total>474701</total>
				<timestamp>633.337236</timestamp>
			</report>
			<report>
				<misses>4529001</misses>
				<total>474701</total>
				<timestamp>633.477107</timestamp>
			</report>
			<report>
				<misses>4530001</misses>
				<total>474701</total>
				<timestamp>633.616954</timestamp>
			</report>
			<report>
				<misses>4531001</misses>
				<total>474700</total>
				<timestamp>633.756859</timestamp>
			</report>
			<report>
				<misses>4532001</misses>
				<total>474701</total>
				<timestamp>633.896709</timestamp>
			</report>
			<report>
				<misses>4533001</misses>
				<total>474701</total>
				<timestamp>634.036563</timestamp>
			</report>
			<report>
				<misses>4534001</misses>
				<total>474701</total>
				<timestamp>634.176403</timestamp>
			</report>
			<report>
				<misses>4535001</misses>
				<total>474700</total>
				<timestamp>634.316330</timestamp>
			</report>
			<report>
				<misses>4536001</misses>
				<total>474701</total>
				<timestamp>634.456080</timestamp>
			</report>
			<report>
				<misses>4537001</misses>
				<total>474701</total>
				<timestamp>634.595943</timestamp>
			</report>
			<report>
				<misses>4538001</misses>
				<total>474700</total>
				<timestamp>634.735919</timestamp>
			</report>
			<report>
				<misses>4539001</misses>
				<total>474701</total>
				<timestamp>634.875839</timestamp>
			</report>
			<report>
				<misses>4540001</misses>
				<total>474700</total>
				<timestamp>635.015785</timestamp>
			</report>
			<report>
				<misses>4541001</misses>
				<total>474701</total>
				<timestamp>635.155685</timestamp>
			</report>
			<report>
				<misses>4542001</misses>
				<total>474701</total>
				<timestamp>635.295530</timestamp>
			</report>
			<report>
				<misses>4543001</misses>
				<total>474701</total>
				<timestamp>635.435528</timestamp>
			</report>
			<report>
				<misses>4544001</misses>
				<total>474702</total>
				<timestamp>635.575418</timestamp>
			</report>
			<report>
				<misses>4545001</misses>
				<total>474702</total>
				<timestamp>635.715270</timestamp>
			</report>
			<report>
				<misses>4546001</misses>
				<total>474702</total>
				<timestamp>635.855106</timestamp>
			</report>
			<report>
				<misses>4547001</misses>
				<total>474701</total>
				<timestamp>635.995059</timestamp>
			</report>
			<report>
				<misses>4548001</misses>
				<total>474702</total>
				<timestamp>636.134834</timestamp>
			</report>
			<report>
				<misses>4549001</misses>
				<total>474702</total>
				<timestamp>636.274694</timestamp>
			</report>
			<report>
				<misses>4550001</misses>
				<total>474702</total>
				<timestamp>636.414603</timestamp>
			</report>
			<report>
				<misses>4551001</misses>
				<total>474702</total>
				<timestamp>636.554451</timestamp>
			</report>
			<report>
				<misses>4552001</misses>
				<total>474701</total>
				<timestamp>636.694341</timestamp>
			</report>
			<report>
				<misses>4553001</misses>
				<total>474701</total>
				<timestamp>636.834197</timestamp>
			</report>
			<report>
				<misses>4554001</misses>
				<total>474702</total>
				<timestamp>636.974070</timestamp>
			</report>
			<report>
				<misses>4555001</misses>
				<total>474702</total>
				<timestamp>637.113915</timestamp>
			</report>
			<report>
				<misses>4556001</misses>
				<total>474701</total>
				<timestamp>637.253806</timestamp>
			</report>
			<report>
				<misses>4557001</misses>
				<total>474702</total>
				<timestamp>637.393564</timestamp>
			</report>
			<report>
				<misses>4558001</misses>
				<total>474702</total>
				<timestamp>637.533480</timestamp>
			</report>
			<report>
				<misses>4559001</misses>
				<total>474701</total>
				<timestamp>637.673343</timestamp>
			</report>
			<report>
				<misses>4560001</misses>
				<total>474701</total>
				<timestamp>637.813220</timestamp>
			</report>
			<report>
				<misses>4561001</misses>
				<total>474702</total>
				<timestamp>637.953033</timestamp>
			</report>
			<report>
				<misses>4562001</misses>
				<total>474702</total>
				<timestamp>638.092875</timestamp>
			</report>
			<report>
				<misses>4563001</misses>
				<total>474701</total>
				<timestamp>638.232794</timestamp>
			</report>
			<report>
				<misses>4564001</misses>
				<total>474702</total>
				<timestamp>638.372610</timestamp>
			</report>
			<report>
				<misses>4565001</misses>
				<total>474702</total>
				<timestamp>638.512490</timestamp>
			</report>
			<report>
				<misses>4566001</misses>
				<total>474701</total>
				<timestamp>638.652425</timestamp>
			</report>
			<report>
				<misses>4567001</misses>
				<total>474702</total>
				<timestamp>638.792309</timestamp>
			</report>
			<report>
				<misses>4568001</misses>
				<total>474702</total>
				<timestamp>638.932257</timestamp>
			</report>
			<report>
				<misses>4569001</misses>
				<total>474702</total>
				<timestamp>639.072096</timestamp>
			</report>
			<report>
				<misses>4570001</misses>
				<total>474707</total>
				<timestamp>639.211926</timestamp>
			</report>
			<report>
				<misses>4571001</misses>
				<total>474707</total>
				<timestamp>639.351765</timestamp>
			</report>
			<report>
				<misses>4572001</misses>
				<total>474707</total>
				<timestamp>639.491618</timestamp>
			</report>
			<report>
				<misses>4573001</misses>
				<total>474707</total>
				<timestamp>639.631534</timestamp>
			</report>
			<report>
				<misses>4574001</misses>
				<total>474707</total>
				<timestamp>639.771371</timestamp>
			</report>
			<report>
				<misses>4575001</misses>
				<total>474706</total>
				<timestamp>639.911291</timestamp>
			</report>
			<report>
				<misses>4576001</misses>
				<total>474716</total>
				<timestamp>640.051079</timestamp>
			</report>
			<report>
				<misses>4577001</misses>
				<total>474716</total>
				<timestamp>640.190985</timestamp>
			</report>
			<report>
				<misses>4578001</misses>
				<total>474716</total>
				<timestamp>640.330785</timestamp>
			</report>
			<report>
				<misses>4579001</misses>
				<total>474716</total>
				<timestamp>640.470675</timestamp>
			</report>
			<report>
				<misses>4580001</misses>
				<total>474716</total>
				<timestamp>640.610532</timestamp>
			</report>
			<report>
				<misses>4581001</misses>
				<total>474715</total>
				<timestamp>640.750406</timestamp>
			</report>
			<report>
				<misses>4582001</misses>
				<total>474720</total>
				<timestamp>640.890207</timestamp>
			</report>
			<report>
				<misses>4583001</misses>
				<total>474721</total>
				<timestamp>641.030107</timestamp>
			</report>
			<report>
				<misses>4584001</misses>
				<total>474722</total>
				<timestamp>641.169938</timestamp>
			</report>
			<report>
				<misses>4585001</misses>
				<total>474721</total>
				<timestamp>641.309847</timestamp>
			</report>
			<report>
				<misses>4586001</misses>
				<total>474722</total>
				<timestamp>641.449662</timestamp>
			</report>
			<report>
				<misses>4587001</misses>
				<total>474722</total>
				<timestamp>641.589526</timestamp>
			</report>
			<report>
				<misses>4588001</misses>
				<total>474721</total>
				<timestamp>641.729490</timestamp>
			</report>
			<report>
				<misses>4589001</misses>
				<total>474722</total>
				<timestamp>641.869395</timestamp>
			</report>
			<report>
				<misses>4590001</misses>
				<total>474722</total>
				<timestamp>642.009282</timestamp>
			</report>
			<report>
				<misses>4591001</misses>
				<total>474722</total>
				<timestamp>642.149166</timestamp>
			</report>
			<report>
				<misses>4592001</misses>
				<total>474722</total>
				<timestamp>642.288998</timestamp>
			</report>
			<report>
				<misses>4593001</misses>
				<total>474722</total>
				<timestamp>642.428804</timestamp>
			</report>
			<report>
				<misses>4594001</misses>
				<total>474727</total>
				<timestamp>642.568760</timestamp>
			</report>
			<report>
				<misses>4595001</misses>
				<total>474728</total>
				<timestamp>642.708565</timestamp>
			</report>
			<report>
				<misses>4596001</misses>
				<total>474728</total>
				<timestamp>642.848413</timestamp>
			</report>
			<report>
				<misses>4597001</misses>
				<total>474728</total>
				<timestamp>642.988254</timestamp>
			</report>
			<report>
				<misses>4598001</misses>
				<total>474728</total>
				<timestamp>643.128107</timestamp>
			</report>
			<report>
				<misses>4599001</misses>
				<total>474728</total>
				<timestamp>643.268013</timestamp>
			</report>
			<report>
				<misses>4600001</misses>
				<total>474728</total>
				<timestamp>643.407828</timestamp>
			</report>
			<report>
				<misses>4601001</misses>
				<total>474727</total>
				<timestamp>643.547798</timestamp>
			</report>
			<report>
				<misses>4602001</misses>
				<total>474728</total>
				<timestamp>643.687710</timestamp>
			</report>
			<report>
				<misses>4603001</misses>
				<total>474728</total>
				<timestamp>643.827596</timestamp>
			</report>
			<report>
				<misses>4604001</misses>
				<total>474727</total>
				<timestamp>643.967511</timestamp>
			</report>
			<report>
				<misses>4605001</misses>
				<total>474728</total>
				<timestamp>644.107316</timestamp>
			</report>
			<report>
				<misses>4606001</misses>
				<total>474728</total>
				<timestamp>644.247170</timestamp>
			</report>
			<report>
				<misses>4607001</misses>
				<total>474728</total>
				<timestamp>644.387066</timestamp>
			</report>
			<report>
				<misses>4608001</misses>
				<total>474728</total>
				<timestamp>644.526907</timestamp>
			</report>
			<report>
				<misses>4609001</misses>
				<total>474728</total>
				<timestamp>644.666733</timestamp>
			</report>
			<report>
				<misses>4610001</misses>
				<total>474728</total>
				<timestamp>644.806559</timestamp>
			</report>
			<report>
				<misses>4611001</misses>
				<total>474730</total>
				<timestamp>644.946536</timestamp>
			</report>
			<report>
				<misses>4612001</misses>
				<total>474730</total>
				<timestamp>645.086589</timestamp>
			</report>
			<report>
				<misses>4613001</misses>
				<total>474730</total>
				<timestamp>645.226497</timestamp>
			</report>
			<report>
				<misses>4614001</misses>
				<total>474731</total>
				<timestamp>645.366341</timestamp>
			</report>
			<report>
				<misses>4615001</misses>
				<total>474731</total>
				<timestamp>645.506184</timestamp>
			</report>
			<report>
				<misses>4616001</misses>
				<total>474731</total>
				<timestamp>645.646023</timestamp>
			</report>
			<report>
				<misses>4617001</misses>
				<total>474730</total>
				<timestamp>645.785921</timestamp>
			</report>
			<report>
				<misses>4618001</misses>
				<total>474735</total>
				<timestamp>645.925752</timestamp>
			</report>
			<report>
				<misses>4619001</misses>
				<total>474735</total>
				<timestamp>646.065602</timestamp>
			</report>
			<report>
				<misses>4620001</misses>
				<total>474735</total>
				<timestamp>646.205493</timestamp>
			</report>
			<report>
				<misses>4621001</misses>
				<total>474735</total>
				<timestamp>646.345317</timestamp>
			</report>
			<report>
				<misses>4622001</misses>
				<total>474734</total>
				<timestamp>646.485261</timestamp>
			</report>
			<report>
				<misses>4623001</misses>
				<total>474735</total>
				<timestamp>646.625062</timestamp>
			</report>
			<report>
				<misses>4624001</misses>
				<total>474735</total>
				<timestamp>646.764944</timestamp>
			</report>
			<report>
				<misses>4625001</misses>
				<total>474735</total>
				<timestamp>646.904764</timestamp>
			</report>
			<report>
				<misses>4626001</misses>
				<total>474735</total>
				<timestamp>647.044644</timestamp>
			</report>
			<report>
				<misses>4627001</misses>
				<total>474735</total>
				<timestamp>647.184499</timestamp>
			</report>
			<report>
				<misses>4628001</misses>
				<total>474735</total>
				<timestamp>647.324363</timestamp>
			</report>
			<report>
				<misses>4629001</misses>
				<total>474735</total>
				<timestamp>647.464194</timestamp>
			</report>
			<report>
				<misses>4630001</misses>
				<total>474735</total>
				<timestamp>647.604055</timestamp>
			</report>
			<report>
				<misses>4631001</misses>
				<total>474736</total>
				<timestamp>647.743920</timestamp>
			</report>
			<report>
				<misses>4632001</misses>
				<total>474736</total>
				<timestamp>647.883775</timestamp>
			</report>
			<report>
				<misses>4633001</misses>
				<total>474735</total>
				<timestamp>648.023720</timestamp>
			</report>
			<report>
				<misses>4634001</misses>
				<total>474738</total>
				<timestamp>648.163501</timestamp>
			</report>
			<report>
				<misses>4635001</misses>
				<total>474737</total>
				<timestamp>648.303526</timestamp>
			</report>
			<report>
				<misses>4636001</misses>
				<total>474738</total>
				<timestamp>648.443418</timestamp>
			</report>
			<report>
				<misses>4637001</misses>
				<total>474738</total>
				<timestamp>648.583263</timestamp>
			</report>
			<report>
				<misses>4638001</misses>
				<total>474738</total>
				<timestamp>648.723082</timestamp>
			</report>
			<report>
				<misses>4639001</misses>
				<total>474738</total>
				<timestamp>648.862918</timestamp>
			</report>
			<report>
				<misses>4640001</misses>
				<total>474738</total>
				<timestamp>649.002833</timestamp>
			</report>
			<report>
				<misses>4641001</misses>
				<total>474738</total>
				<timestamp>649.142691</timestamp>
			</report>
			<report>
				<misses>4642001</misses>
				<total>474738</total>
				<timestamp>649.282559</timestamp>
			</report>
			<report>
				<misses>4643001</misses>
				<total>474738</total>
				<timestamp>649.422426</timestamp>
			</report>
			<report>
				<misses>4644001</misses>
				<total>474737</total>
				<timestamp>649.562295</timestamp>
			</report>
			<report>
				<misses>4645001</misses>
				<total>474738</total>
				<timestamp>649.702079</timestamp>
			</report>
			<report>
				<misses>4646001</misses>
				<total>474738</total>
				<timestamp>649.841995</timestamp>
			</report>
			<report>
				<misses>4647001</misses>
				<total>474738</total>
				<timestamp>649.981808</timestamp>
			</report>
			<report>
				<misses>4648001</misses>
				<total>474738</total>
				<timestamp>650.121656</timestamp>
			</report>
			<report>
				<misses>4649001</misses>
				<total>474738</total>
				<timestamp>650.261540</timestamp>
			</report>
			<report>
				<misses>4650001</misses>
				<total>474738</total>
				<timestamp>650.401459</timestamp>
			</report>
			<report>
				<misses>4651001</misses>
				<total>474737</total>
				<timestamp>650.541333</timestamp>
			</report>
			<report>
				<misses>4652001</misses>
				<total>474738</total>
				<timestamp>650.681121</timestamp>
			</report>
			<report>
				<misses>4653001</misses>
				<total>474738</total>
				<timestamp>650.820967</timestamp>
			</report>
			<report>
				<misses>4654001</misses>
				<total>474738</total>
				<timestamp>650.960833</timestamp>
			</report>
			<report>
				<misses>4655001</misses>
				<total>474738</total>
				<timestamp>651.100696</timestamp>
			</report>
			<report>
				<misses>4656001</misses>
				<total>474738</total>
				<timestamp>651.240576</timestamp>
			</report>
			<report>
				<misses>4657001</misses>
				<total>474738</total>
				<timestamp>651.380455</timestamp>
			</report>
			<report>
				<misses>4658001</misses>
				<total>474738</total>
				<timestamp>651.520290</timestamp>
			</report>
			<report>
				<misses>4659001</misses>
				<total>474739</total>
				<timestamp>651.660194</timestamp>
			</report>
			<report>
				<misses>4660001</misses>
				<total>474740</total>
				<timestamp>651.799996</timestamp>
			</report>
			<report>
				<misses>4661001</misses>
				<total>474739</total>
				<timestamp>651.939902</timestamp>
			</report>
			<report>
				<misses>4662001</misses>
				<total>474739</total>
				<timestamp>652.079786</timestamp>
			</report>
			<report>
				<misses>4663001</misses>
				<total>474740</total>
				<timestamp>652.219597</timestamp>
			</report>
			<report>
				<misses>4664001</misses>
				<total>474740</total>
				<timestamp>652.359470</timestamp>
			</report>
			<report>
				<misses>4665001</misses>
				<total>474740</total>
				<timestamp>652.499303</timestamp>
			</report>
			<report>
				<misses>4666001</misses>
				<total>474740</total>
				<timestamp>652.639159</timestamp>
			</report>
			<report>
				<misses>4667001</misses>
				<total>474740</total>
				<timestamp>652.779019</timestamp>
			</report>
			<report>
				<misses>4668001</misses>
				<total>474740</total>
				<timestamp>652.918875</timestamp>
			</report>
			<report>
				<misses>4669001</misses>
				<total>474740</total>
				<timestamp>653.058729</timestamp>
			</report>
			<report>
				<misses>4670001</misses>
				<total>474740</total>
				<timestamp>653.198578</timestamp>
			</report>
			<report>
				<misses>4671001</misses>
				<total>474741</total>
				<timestamp>653.338493</timestamp>
			</report>
			<report>
				<misses>4672001</misses>
				<total>474741</total>
				<timestamp>653.478394</timestamp>
			</report>
			<report>
				<misses>4673001</misses>
				<total>474741</total>
				<timestamp>653.618233</timestamp>
			</report>
			<report>
				<misses>4674001</misses>
				<total>474742</total>
				<timestamp>653.758066</timestamp>
			</report>
			<report>
				<misses>4675001</misses>
				<total>474742</total>
				<timestamp>653.897901</timestamp>
			</report>
			<report>
				<misses>4676001</misses>
				<total>474742</total>
				<timestamp>654.037787</timestamp>
			</report>
			<report>
				<misses>4677001</misses>
				<total>474743</total>
				<timestamp>654.177622</timestamp>
			</report>
			<report>
				<misses>4678001</misses>
				<total>474742</total>
				<timestamp>654.317506</timestamp>
			</report>
			<report>
				<misses>4679001</misses>
				<total>474748</total>
				<timestamp>654.457355</timestamp>
			</report>
			<report>
				<misses>4680001</misses>
				<total>474747</total>
				<timestamp>654.597251</timestamp>
			</report>
			<report>
				<misses>4681001</misses>
				<total>474748</total>
				<timestamp>654.737070</timestamp>
			</report>
			<report>
				<misses>4682001</misses>
				<total>474747</total>
				<timestamp>654.876969</timestamp>
			</report>
			<report>
				<misses>4683001</misses>
				<total>474748</total>
				<timestamp>655.016802</timestamp>
			</report>
			<report>
				<misses>4684001</misses>
				<total>474748</total>
				<timestamp>655.156624</timestamp>
			</report>
			<report>
				<misses>4685001</misses>
				<total>474748</total>
				<timestamp>655.296497</timestamp>
			</report>
			<report>
				<misses>4686001</misses>
				<total>474748</total>
				<timestamp>655.436361</timestamp>
			</report>
			<report>
				<misses>4687001</misses>
				<total>474748</total>
				<timestamp>655.576235</timestamp>
			</report>
			<report>
				<misses>4688001</misses>
				<total>474748</total>
				<timestamp>655.716060</timestamp>
			</report>
			<report>
				<misses>4689001</misses>
				<total>474748</total>
				<timestamp>655.855916</timestamp>
			</report>
			<report>
				<misses>4690001</misses>
				<total>474748</total>
				<timestamp>655.995779</timestamp>
			</report>
			<report>
				<misses>4691001</misses>
				<total>474752</total>
				<timestamp>656.135677</timestamp>
			</report>
			<report>
				<misses>4692001</misses>
				<total>474752</total>
				<timestamp>656.275544</timestamp>
			</report>
			<report>
				<misses>4693001</misses>
				<total>474752</total>
				<timestamp>656.415440</timestamp>
			</report>
			<report>
				<misses>4694001</misses>
				<total>474751</total>
				<timestamp>656.555305</timestamp>
			</report>
			<report>
				<misses>4695001</misses>
				<total>474752</total>
				<timestamp>656.695101</timestamp>
			</report>
			<report>
				<misses>4696001</misses>
				<total>474751</total>
				<timestamp>656.835032</timestamp>
			</report>
			<report>
				<misses>4697001</misses>
				<total>474753</total>
				<timestamp>656.974795</timestamp>
			</report>
			<report>
				<misses>4698001</misses>
				<total>474753</total>
				<timestamp>657.114739</timestamp>
			</report>
			<report>
				<misses>4699001</misses>
				<total>474755</total>
				<timestamp>657.254532</timestamp>
			</report>
			<report>
				<misses>4700001</misses>
				<total>474755</total>
				<timestamp>657.394471</timestamp>
			</report>
			<report>
				<misses>4701001</misses>
				<total>474754</total>
				<timestamp>657.534349</timestamp>
			</report>
			<report>
				<misses>4702001</misses>
				<total>474755</total>
				<timestamp>657.674130</timestamp>
			</report>
			<report>
				<misses>4703001</misses>
				<total>474755</total>
				<timestamp>657.814009</timestamp>
			</report>
			<report>
				<misses>4704001</misses>
				<total>474755</total>
				<timestamp>657.953832</timestamp>
			</report>
			<report>
				<misses>4705001</misses>
				<total>474754</total>
				<timestamp>658.093752</timestamp>
			</report>
			<report>
				<misses>4706001</misses>
				<total>474755</total>
				<timestamp>658.233547</timestamp>
			</report>
			<report>
				<misses>4707001</misses>
				<total>474755</total>
				<timestamp>658.373441</timestamp>
			</report>
			<report>
				<misses>4708001</misses>
				<total>474755</total>
				<timestamp>658.513418</timestamp>
			</report>
			<report>
				<misses>4709001</misses>
				<total>474755</total>
				<timestamp>658.653339</timestamp>
			</report>
			<report>
				<misses>4710001</misses>
				<total>474755</total>
				<timestamp>658.793162</timestamp>
			</report>
			<report>
				<misses>4711001</misses>
				<total>474755</total>
				<timestamp>658.932985</timestamp>
			</report>
			<report>
				<misses>4712001</misses>
				<total>474755</total>
				<timestamp>659.072920</timestamp>
			</report>
			<report>
				<misses>4713001</misses>
				<total>474755</total>
				<timestamp>659.212714</timestamp>
			</report>
			<report>
				<misses>4714001</misses>
				<total>474755</total>
				<timestamp>659.352629</timestamp>
			</report>
			<report>
				<misses>4715001</misses>
				<total>474755</total>
				<timestamp>659.492599</timestamp>
			</report>
			<report>
				<misses>4716001</misses>
				<total>474754</total>
				<timestamp>659.632470</timestamp>
			</report>
			<report>
				<misses>4717001</misses>
				<total>474755</total>
				<timestamp>659.772420</timestamp>
			</report>
			<report>
				<misses>4718001</misses>
				<total>474755</total>
				<timestamp>659.912328</timestamp>
			</report>
			<report>
				<misses>4719001</misses>
				<total>474755</total>
				<timestamp>660.052161</timestamp>
			</report>
			<report>
				<misses>4720001</misses>
				<total>474755</total>
				<timestamp>660.192030</timestamp>
			</report>
			<report>
				<misses>4721001</misses>
				<total>474755</total>
				<timestamp>660.331919</timestamp>
			</report>
			<report>
				<misses>4722001</misses>
				<total>474755</total>
				<timestamp>660.471743</timestamp>
			</report>
			<report>
				<misses>4723001</misses>
				<total>474755</total>
				<timestamp>660.611617</timestamp>
			</report>
			<report>
				<misses>4724001</misses>
				<total>474754</total>
				<timestamp>660.751523</timestamp>
			</report>
			<report>
				<misses>4725001</misses>
				<total>474755</total>
				<timestamp>660.891344</timestamp>
			</report>
			<report>
				<misses>4726001</misses>
				<total>474755</total>
				<timestamp>661.031169</timestamp>
			</report>
			<report>
				<misses>4727001</misses>
				<total>474755</total>
				<timestamp>661.171130</timestamp>
			</report>
			<report>
				<misses>4728001</misses>
				<total>474755</total>
				<timestamp>661.310891</timestamp>
			</report>
			<report>
				<misses>4729001</misses>
				<total>474755</total>
				<timestamp>661.450756</timestamp>
			</report>
			<report>
				<misses>4730001</misses>
				<total>474755</total>
				<timestamp>661.590667</timestamp>
			</report>
			<report>
				<misses>4731001</misses>
				<total>474755</total>
				<timestamp>661.730504</timestamp>
			</report>
			<report>
				<misses>4732001</misses>
				<total>474755</total>
				<timestamp>661.870381</timestamp>
			</report>
			<report>
				<misses>4733001</misses>
				<total>474754</total>
				<timestamp>662.010265</timestamp>
			</report>
			<report>
				<misses>4734001</misses>
				<total>474756</total>
				<timestamp>662.150056</timestamp>
			</report>
			<report>
				<misses>4735001</misses>
				<total>474756</total>
				<timestamp>662.289910</timestamp>
			</report>
			<report>
				<misses>4736001</misses>
				<total>474755</total>
				<timestamp>662.429882</timestamp>
			</report>
			<report>
				<misses>4737001</misses>
				<total>474756</total>
				<timestamp>662.569772</timestamp>
			</report>
			<report>
				<misses>4738001</misses>
				<total>474756</total>
				<timestamp>662.709743</timestamp>
			</report>
			<report>
				<misses>4739001</misses>
				<total>474756</total>
				<timestamp>662.849632</timestamp>
			</report>
			<report>
				<misses>4740001</misses>
				<total>474756</total>
				<timestamp>662.989515</timestamp>
			</report>
			<report>
				<misses>4741001</misses>
				<total>474759</total>
				<timestamp>663.129433</timestamp>
			</report>
			<report>
				<misses>4742001</misses>
				<total>474759</total>
				<timestamp>663.269198</timestamp>
			</report>
			<report>
				<misses>4743001</misses>
				<total>474759</total>
				<timestamp>663.409128</timestamp>
			</report>
			<report>
				<misses>4744001</misses>
				<total>474759</total>
				<timestamp>663.549031</timestamp>
			</report>
			<report>
				<misses>4745001</misses>
				<total>474759</total>
				<timestamp>663.688817</timestamp>
			</report>
			<report>
				<misses>4746001</misses>
				<total>474759</total>
				<timestamp>663.828660</timestamp>
			</report>
			<report>
				<misses>4747001</misses>
				<total>474759</total>
				<timestamp>663.968519</timestamp>
			</report>
			<report>
				<misses>4748001</misses>
				<total>474759</total>
				<timestamp>664.108440</timestamp>
			</report>
			<report>
				<misses>4749001</misses>
				<total>474759</total>
				<timestamp>664.248276</timestamp>
			</report>
			<report>
				<misses>4750001</misses>
				<total>474759</total>
				<timestamp>664.388084</timestamp>
			</report>
			<report>
				<misses>4751001</misses>
				<total>474759</total>
				<timestamp>664.527966</timestamp>
			</report>
			<report>
				<misses>4752001</misses>
				<total>474759</total>
				<timestamp>664.667832</timestamp>
			</report>
			<report>
				<misses>4753001</misses>
				<total>474759</total>
				<timestamp>664.807662</timestamp>
			</report>
			<report>
				<misses>4754001</misses>
				<total>474758</total>
				<timestamp>664.947592</timestamp>
			</report>
			<report>
				<misses>4755001</misses>
				<total>474759</total>
				<timestamp>665.087432</timestamp>
			</report>
			<report>
				<misses>4756001</misses>
				<total>474759</total>
				<timestamp>665.227313</timestamp>
			</report>
			<report>
				<misses>4757001</misses>
				<total>474759</total>
				<timestamp>665.367123</timestamp>
			</report>
			<report>
				<misses>4758001</misses>
				<total>474758</total>
				<timestamp>665.507052</timestamp>
			</report>
			<report>
				<misses>4759001</misses>
				<total>474764</total>
				<timestamp>665.646825</timestamp>
			</report>
			<report>
				<misses>4760001</misses>
				<total>474764</total>
				<timestamp>665.786695</timestamp>
			</report>
			<report>
				<misses>4761001</misses>
				<total>474764</total>
				<timestamp>665.926579</timestamp>
			</report>
			<report>
				<misses>4762001</misses>
				<total>474764</total>
				<timestamp>666.066456</timestamp>
			</report>
			<report>
				<misses>4763001</misses>
				<total>474764</total>
				<timestamp>666.206293</timestamp>
			</report>
			<report>
				<misses>4764001</misses>
				<total>474763</total>
				<timestamp>666.346207</timestamp>
			</report>
			<report>
				<misses>4765001</misses>
				<total>474763</total>
				<timestamp>666.486134</timestamp>
			</report>
			<report>
				<misses>4766001</misses>
				<total>474764</total>
				<timestamp>666.626044</timestamp>
			</report>
			<report>
				<misses>4767001</misses>
				<total>474771</total>
				<timestamp>666.765889</timestamp>
			</report>
			<report>
				<misses>4768001</misses>
				<total>474771</total>
				<timestamp>666.905719</timestamp>
			</report>
			<report>
				<misses>4769001</misses>
				<total>474771</total>
				<timestamp>667.045603</timestamp>
			</report>
			<report>
				<misses>4770001</misses>
				<total>474771</total>
				<timestamp>667.185420</timestamp>
			</report>
			<report>
				<misses>4771001</misses>
				<total>474771</total>
				<timestamp>667.325362</timestamp>
			</report>
			<report>
				<misses>4772001</misses>
				<total>474770</total>
				<timestamp>667.465237</timestamp>
			</report>
			<report>
				<misses>4773001</misses>
				<total>474771</total>
				<timestamp>667.605059</timestamp>
			</report>
			<report>
				<misses>4774001</misses>
				<total>474771</total>
				<timestamp>667.744896</timestamp>
			</report>
			<report>
				<misses>4775001</misses>
				<total>474771</total>
				<timestamp>667.884792</timestamp>
			</report>
			<report>
				<misses>4776001</misses>
				<total>474771</total>
				<timestamp>668.024608</timestamp>
			</report>
			<report>
				<misses>4777001</misses>
				<total>474770</total>
				<timestamp>668.164523</timestamp>
			</report>
			<report>
				<misses>4778001</misses>
				<total>474771</total>
				<timestamp>668.304342</timestamp>
			</report>
			<report>
				<misses>4779001</misses>
				<total>474771</total>
				<timestamp>668.444188</timestamp>
			</report>
			<report>
				<misses>4780001</misses>
				<total>474771</total>
				<timestamp>668.584059</timestamp>
			</report>
			<report>
				<misses>4781001</misses>
				<total>474771</total>
				<timestamp>668.723936</timestamp>
			</report>
			<report>
				<misses>4782001</misses>
				<total>474770</total>
				<timestamp>668.863816</timestamp>
			</report>
			<report>
				<misses>4783001</misses>
				<total>474770</total>
				<timestamp>669.003745</timestamp>
			</report>
			<report>
				<misses>4784001</misses>
				<total>474771</total>
				<timestamp>669.143628</timestamp>
			</report>
			<report>
				<misses>4785001</misses>
				<total>474771</total>
				<timestamp>669.283501</timestamp>
			</report>
			<report>
				<misses>4786001</misses>
				<total>474771</total>
				<timestamp>669.423354</timestamp>
			</report>
			<report>
				<misses>4787001</misses>
				<total>474771</total>
				<timestamp>669.563252</timestamp>
			</report>
			<report>
				<misses>4788001</misses>
				<total>474771</total>
				<timestamp>669.703121</timestamp>
			</report>
			<report>
				<misses>4789001</misses>
				<total>474771</total>
				<timestamp>669.842974</timestamp>
			</report>
			<report>
				<misses>4790001</misses>
				<total>474771</total>
				<timestamp>669.982778</timestamp>
			</report>
			<report>
				<misses>4791001</misses>
				<total>474771</total>
				<timestamp>670.122665</timestamp>
			</report>
			<report>
				<misses>4792001</misses>
				<total>474771</total>
				<timestamp>670.262517</timestamp>
			</report>
			<report>
				<misses>4793001</misses>
				<total>474771</total>
				<timestamp>670.402403</timestamp>
			</report>
			<report>
				<misses>4794001</misses>
				<total>474771</total>
				<timestamp>670.542224</timestamp>
			</report>
			<report>
				<misses>4795001</misses>
				<total>474770</total>
				<timestamp>670.682096</timestamp>
			</report>
			<report>
				<misses>4796001</misses>
				<total>474771</total>
				<timestamp>670.821989</timestamp>
			</report>
			<report>
				<misses>4797001</misses>
				<total>474771</total>
				<timestamp>670.961784</timestamp>
			</report>
			<report>
				<misses>4798001</misses>
				<total>474771</total>
				<timestamp>671.101663</timestamp>
			</report>
			<report>
				<misses>4799001</misses>
				<total>474771</total>
				<timestamp>671.241500</timestamp>
			</report>
			<report>
				<misses>4800001</misses>
				<total>474773</total>
				<timestamp>671.381418</timestamp>
			</report>
			<report>
				<misses>4801001</misses>
				<total>474773</total>
				<timestamp>671.521249</timestamp>
			</report>
			<report>
				<misses>4802001</misses>
				<total>474773</total>
				<timestamp>671.661119</timestamp>
			</report>
			<report>
				<misses>4803001</misses>
				<total>474774</total>
				<timestamp>671.800998</timestamp>
			</report>
			<report>
				<misses>4804001</misses>
				<total>474774</total>
				<timestamp>671.940815</timestamp>
			</report>
			<report>
				<misses>4805001</misses>
				<total>474774</total>
				<timestamp>672.080679</timestamp>
			</report>
			<report>
				<misses>4806001</misses>
				<total>474774</total>
				<timestamp>672.220583</timestamp>
			</report>
			<report>
				<misses>4807001</misses>
				<total>474773</total>
				<timestamp>672.360445</timestamp>
			</report>
			<report>
				<misses>4808001</misses>
				<total>474774</total>
				<timestamp>672.500287</timestamp>
			</report>
			<report>
				<misses>4809001</misses>
				<total>474774</total>
				<timestamp>672.640101</timestamp>
			</report>
			<report>
				<misses>4810001</misses>
				<total>474773</total>
				<timestamp>672.780030</timestamp>
			</report>
			<report>
				<misses>4811001</misses>
				<total>474773</total>
				<timestamp>672.919903</timestamp>
			</report>
			<report>
				<misses>4812001</misses>
				<total>474777</total>
				<timestamp>673.059718</timestamp>
			</report>
			<report>
				<misses>4813001</misses>
				<total>474777</total>
				<timestamp>673.199596</timestamp>
			</report>
			<report>
				<misses>4814001</misses>
				<total>474776</total>
				<timestamp>673.339506</timestamp>
			</report>
			<report>
				<misses>4815001</misses>
				<total>474777</total>
				<timestamp>673.479359</timestamp>
			</report>
			<report>
				<misses>4816001</misses>
				<total>474777</total>
				<timestamp>673.619117</timestamp>
			</report>
			<report>
				<misses>4817001</misses>
				<total>474777</total>
				<timestamp>673.758999</timestamp>
			</report>
			<report>
				<misses>4818001</misses>
				<total>474777</total>
				<timestamp>673.898883</timestamp>
			</report>
			<report>
				<misses>4819001</misses>
				<total>474777</total>
				<timestamp>674.038715</timestamp>
			</report>
			<report>
				<misses>4820001</misses>
				<total>474777</total>
				<timestamp>674.178584</timestamp>
			</report>
			<report>
				<misses>4821001</misses>
				<total>474777</total>
				<timestamp>674.318503</timestamp>
			</report>
			<report>
				<misses>4822001</misses>
				<total>474777</total>
				<timestamp>674.458383</timestamp>
			</report>
			<report>
				<misses>4823001</misses>
				<total>474777</total>
				<timestamp>674.598146</timestamp>
			</report>
			<report>
				<misses>4824001</misses>
				<total>474777</total>
				<timestamp>674.738037</timestamp>
			</report>
			<report>
				<misses>4825001</misses>
				<total>474777</total>
				<timestamp>674.877909</timestamp>
			</report>
			<report>
				<misses>4826001</misses>
				<total>474776</total>
				<timestamp>675.017837</timestamp>
			</report>
			<report>
				<misses>4827001</misses>
				<total>474783</total>
				<timestamp>675.157772</timestamp>
			</report>
			<report>
				<misses>4828001</misses>
				<total>474783</total>
				<timestamp>675.297656</timestamp>
			</report>
			<report>
				<misses>4829001</misses>
				<total>474783</total>
				<timestamp>675.437481</timestamp>
			</report>
			<report>
				<misses>4830001</misses>
				<total>474783</total>
				<timestamp>675.577320</timestamp>
			</report>
			<report>
				<misses>4831001</misses>
				<total>474782</total>
				<timestamp>675.717245</timestamp>
			</report>
			<report>
				<misses>4832001</misses>
				<total>474783</total>
				<timestamp>675.857028</timestamp>
			</report>
			<report>
				<misses>4833001</misses>
				<total>474783</total>
				<timestamp>675.996920</timestamp>
			</report>
			<report>
				<misses>4834001</misses>
				<total>474783</total>
				<timestamp>676.136786</timestamp>
			</report>
			<report>
				<misses>4835001</misses>
				<total>474783</total>
				<timestamp>676.276649</timestamp>
			</report>
			<report>
				<misses>4836001</misses>
				<total>474784</total>
				<timestamp>676.416471</timestamp>
			</report>
			<report>
				<misses>4837001</misses>
				<total>474783</total>
				<timestamp>676.556424</timestamp>
			</report>
			<report>
				<misses>4838001</misses>
				<total>474783</total>
				<timestamp>676.696297</timestamp>
			</report>
			<report>
				<misses>4839001</misses>
				<total>474783</total>
				<timestamp>676.836205</timestamp>
			</report>
			<report>
				<misses>4840001</misses>
				<total>474782</total>
				<timestamp>676.976152</timestamp>
			</report>
			<report>
				<misses>4841001</misses>
				<total>474783</total>
				<timestamp>677.115914</timestamp>
			</report>
			<report>
				<misses>4842001</misses>
				<total>474783</total>
				<timestamp>677.255809</timestamp>
			</report>
			<report>
				<misses>4843001</misses>
				<total>474783</total>
				<timestamp>677.395650</timestamp>
			</report>
			<report>
				<misses>4844001</misses>
				<total>474783</total>
				<timestamp>677.535513</timestamp>
			</report>
			<report>
				<misses>4845001</misses>
				<total>474783</total>
				<timestamp>677.675361</timestamp>
			</report>
			<report>
				<misses>4846001</misses>
				<total>474783</total>
				<timestamp>677.815272</timestamp>
			</report>
			<report>
				<misses>4847001</misses>
				<total>474782</total>
				<timestamp>677.955242</timestamp>
			</report>
			<report>
				<misses>4848001</misses>
				<total>474783</total>
				<timestamp>678.095070</timestamp>
			</report>
			<report>
				<misses>4849001</misses>
				<total>474782</total>
				<timestamp>678.235006</timestamp>
			</report>
			<report>
				<misses>4850001</misses>
				<total>474783</total>
				<timestamp>678.374780</timestamp>
			</report>
			<report>
				<misses>4851001</misses>
				<total>474782</total>
				<timestamp>678.514713</timestamp>
			</report>
			<report>
				<misses>4852001</misses>
				<total>474782</total>
				<timestamp>678.654592</timestamp>
			</report>
			<report>
				<misses>4853001</misses>
				<total>474783</total>
				<timestamp>678.794378</timestamp>
			</report>
			<report>
				<misses>4854001</misses>
				<total>474783</total>
				<timestamp>678.934291</timestamp>
			</report>
			<report>
				<misses>4855001</misses>
				<total>474783</total>
				<timestamp>679.074105</timestamp>
			</report>
			<report>
				<misses>4856001</misses>
				<total>474782</total>
				<timestamp>679.214006</timestamp>
			</report>
			<report>
				<misses>4857001</misses>
				<total>474782</total>
				<timestamp>679.353902</timestamp>
			</report>
			<report>
				<misses>4858001</misses>
				<total>474783</total>
				<timestamp>679.493687</timestamp>
			</report>
			<report>
				<misses>4859001</misses>
				<total>474783</total>
				<timestamp>679.633590</timestamp>
			</report>
			<report>
				<misses>4860001</misses>
				<total>474783</total>
				<timestamp>679.773445</timestamp>
			</report>
			<report>
				<misses>4861001</misses>
				<total>474783</total>
				<timestamp>679.913286</timestamp>
			</report>
			<report>
				<misses>4862001</misses>
				<total>474782</total>
				<timestamp>680.053216</timestamp>
			</report>
			<report>
				<misses>4863001</misses>
				<total>474782</total>
				<timestamp>680.193293</timestamp>
			</report>
			<report>
				<misses>4864001</misses>
				<total>474783</total>
				<timestamp>680.333117</timestamp>
			</report>
			<report>
				<misses>4865001</misses>
				<total>474783</total>
				<timestamp>680.472999</timestamp>
			</report>
			<report>
				<misses>4866001</misses>
				<total>474783</total>
				<timestamp>680.612864</timestamp>
			</report>
			<report>
				<misses>4867001</misses>
				<total>474783</total>
				<timestamp>680.752727</timestamp>
			</report>
			<report>
				<misses>4868001</misses>
				<total>474783</total>
				<timestamp>680.892545</timestamp>
			</report>
			<report>
				<misses>4869001</misses>
				<total>474783</total>
				<timestamp>681.032402</timestamp>
			</report>
			<report>
				<misses>4870001</misses>
				<total>474783</total>
				<timestamp>681.172293</timestamp>
			</report>
			<report>
				<misses>4871001</misses>
				<total>474783</total>
				<timestamp>681.312177</timestamp>
			</report>
			<report>
				<misses>4872001</misses>
				<total>474785</total>
				<timestamp>681.452045</timestamp>
			</report>
			<report>
				<misses>4873001</misses>
				<total>474785</total>
				<timestamp>681.591916</timestamp>
			</report>
			<report>
				<misses>4874001</misses>
				<total>474785</total>
				<timestamp>681.731726</timestamp>
			</report>
			<report>
				<misses>4875001</misses>
				<total>474785</total>
				<timestamp>681.871635</timestamp>
			</report>
			<report>
				<misses>4876001</misses>
				<total>474785</total>
				<timestamp>682.011481</timestamp>
			</report>
			<report>
				<misses>4877001</misses>
				<total>474795</total>
				<timestamp>682.151349</timestamp>
			</report>
			<report>
				<misses>4878001</misses>
				<total>474795</total>
				<timestamp>682.291206</timestamp>
			</report>
			<report>
				<misses>4879001</misses>
				<total>474795</total>
				<timestamp>682.431006</timestamp>
			</report>
			<report>
				<misses>4880001</misses>
				<total>474801</total>
				<timestamp>682.570876</timestamp>
			</report>
			<report>
				<misses>4881001</misses>
				<total>474801</total>
				<timestamp>682.710806</timestamp>
			</report>
			<report>
				<misses>4882001</misses>
				<total>474801</total>
				<timestamp>682.850583</timestamp>
			</report>
			<report>
				<misses>4883001</misses>
				<total>474801</total>
				<timestamp>682.990451</timestamp>
			</report>
			<report>
				<misses>4884001</misses>
				<total>474800</total>
				<timestamp>683.130413</timestamp>
			</report>
			<report>
				<misses>4885001</misses>
				<total>474801</total>
				<timestamp>683.270373</timestamp>
			</report>
			<report>
				<misses>4886001</misses>
				<total>474802</total>
				<timestamp>683.410260</timestamp>
			</report>
			<report>
				<misses>4887001</misses>
				<total>474803</total>
				<timestamp>683.550075</timestamp>
			</report>
			<report>
				<misses>4888001</misses>
				<total>474803</total>
				<timestamp>683.689905</timestamp>
			</report>
			<report>
				<misses>4889001</misses>
				<total>474803</total>
				<timestamp>683.829755</timestamp>
			</report>
			<report>
				<misses>4890001</misses>
				<total>474802</total>
				<timestamp>683.969669</timestamp>
			</report>
			<report>
				<misses>4891001</misses>
				<total>474802</total>
				<timestamp>684.109573</timestamp>
			</report>
			<report>
				<misses>4892001</misses>
				<total>474803</total>
				<timestamp>684.249475</timestamp>
			</report>
			<report>
				<misses>4893001</misses>
				<total>474803</total>
				<timestamp>684.389397</timestamp>
			</report>
			<report>
				<misses>4894001</misses>
				<total>474802</total>
				<timestamp>684.529327</timestamp>
			</report>
			<report>
				<misses>4895001</misses>
				<total>474803</total>
				<timestamp>684.669195</timestamp>
			</report>
			<report>
				<misses>4896001</misses>
				<total>474803</total>
				<timestamp>684.809090</timestamp>
			</report>
			<report>
				<misses>4897001</misses>
				<total>474803</total>
				<timestamp>684.948959</timestamp>
			</report>
			<report>
				<misses>4898001</misses>
				<total>474803</total>
				<timestamp>685.088818</timestamp>
			</report>
			<report>
				<misses>4899001</misses>
				<total>474803</total>
				<timestamp>685.228633</timestamp>
			</report>
			<report>
				<misses>4900001</misses>
				<total>474803</total>
				<timestamp>685.368494</timestamp>
			</report>
			<report>
				<misses>4901001</misses>
				<total>474803</total>
				<timestamp>685.508340</timestamp>
			</report>
			<report>
				<misses>4902001</misses>
				<total>474802</total>
				<timestamp>685.648267</timestamp>
			</report>
			<report>
				<misses>4903001</misses>
				<total>474803</total>
				<timestamp>685.788092</timestamp>
			</report>
			<report>
				<misses>4904001</misses>
				<total>474802</total>
				<timestamp>685.928032</timestamp>
			</report>
			<report>
				<misses>4905001</misses>
				<total>474803</total>
				<timestamp>686.067786</timestamp>
			</report>
			<report>
				<misses>4906001</misses>
				<total>474803</total>
				<timestamp>686.207655</timestamp>
			</report>
			<report>
				<misses>4907001</misses>
				<total>474803</total>
				<timestamp>686.347533</timestamp>
			</report>
			<report>
				<misses>4908001</misses>
				<total>474803</total>
				<timestamp>686.487427</timestamp>
			</report>
			<report>
				<misses>4909001</misses>
				<total>474802</total>
				<timestamp>686.627339</timestamp>
			</report>
			<report>
				<misses>4910001</misses>
				<total>474803</total>
				<timestamp>686.767240</timestamp>
			</report>
			<report>
				<misses>4911001</misses>
				<total>474803</total>
				<timestamp>686.907090</timestamp>
			</report>
			<report>
				<misses>4912001</misses>
				<total>474803</total>
				<timestamp>687.046940</timestamp>
			</report>
			<report>
				<misses>4913001</misses>
				<total>474802</total>
				<timestamp>687.186894</timestamp>
			</report>
			<report>
				<misses>4914001</misses>
				<total>474803</total>
				<timestamp>687.326726</timestamp>
			</report>
			<report>
				<misses>4915001</misses>
				<total>474803</total>
				<timestamp>687.466523</timestamp>
			</report>
			<report>
				<misses>4916001</misses>
				<total>474802</total>
				<timestamp>687.606496</timestamp>
			</report>
			<report>
				<misses>4917001</misses>
				<total>474803</total>
				<timestamp>687.746406</timestamp>
			</report>
			<report>
				<misses>4918001</misses>
				<total>474803</total>
				<timestamp>687.886278</timestamp>
			</report>
			<report>
				<misses>4919001</misses>
				<total>474803</total>
				<timestamp>688.026144</timestamp>
			</report>
			<report>
				<misses>4920001</misses>
				<total>474803</total>
				<timestamp>688.165986</timestamp>
			</report>
			<report>
				<misses>4921001</misses>
				<total>474802</total>
				<timestamp>688.305912</timestamp>
			</report>
			<report>
				<misses>4922001</misses>
				<total>474803</total>
				<timestamp>688.445735</timestamp>
			</report>
			<report>
				<misses>4923001</misses>
				<total>474803</total>
				<timestamp>688.585543</timestamp>
			</report>
			<report>
				<misses>4924001</misses>
				<total>474803</total>
				<timestamp>688.725408</timestamp>
			</report>
			<report>
				<misses>4925001</misses>
				<total>474802</total>
				<timestamp>688.865361</timestamp>
			</report>
			<report>
				<misses>4926001</misses>
				<total>474802</total>
				<timestamp>689.005282</timestamp>
			</report>
			<report>
				<misses>4927001</misses>
				<total>474803</total>
				<timestamp>689.145229</timestamp>
			</report>
			<report>
				<misses>4928001</misses>
				<total>474803</total>
				<timestamp>689.285019</timestamp>
			</report>
			<report>
				<misses>4929001</misses>
				<total>474802</total>
				<timestamp>689.424955</timestamp>
			</report>
			<report>
				<misses>4930001</misses>
				<total>474806</total>
				<timestamp>689.564923</timestamp>
			</report>
			<report>
				<misses>4931001</misses>
				<total>474806</total>
				<timestamp>689.704705</timestamp>
			</report>
			<report>
				<misses>4932001</misses>
				<total>474808</total>
				<timestamp>689.844576</timestamp>
			</report>
			<report>
				<misses>4933001</misses>
				<total>474808</total>
				<timestamp>689.984418</timestamp>
			</report>
			<report>
				<misses>4934001</misses>
				<total>474808</total>
				<timestamp>690.124309</timestamp>
			</report>
			<report>
				<misses>4935001</misses>
				<total>474808</total>
				<timestamp>690.264246</timestamp>
			</report>
			<report>
				<misses>4936001</misses>
				<total>474808</total>
				<timestamp>690.404036</timestamp>
			</report>
			<report>
				<misses>4937001</misses>
				<total>474808</total>
				<timestamp>690.543895</timestamp>
			</report>
			<report>
				<misses>4938001</misses>
				<total>474808</total>
				<timestamp>690.683758</timestamp>
			</report>
			<report>
				<misses>4939001</misses>
				<total>474808</total>
				<timestamp>690.823601</timestamp>
			</report>
			<report>
				<misses>4940001</misses>
				<total>474807</total>
				<timestamp>690.963545</timestamp>
			</report>
			<report>
				<misses>4941001</misses>
				<total>474807</total>
				<timestamp>691.103388</timestamp>
			</report>
			<report>
				<misses>4942001</misses>
				<total>474808</total>
				<timestamp>691.243245</timestamp>
			</report>
			<report>
				<misses>4943001</misses>
				<total>474807</total>
				<timestamp>691.383248</timestamp>
			</report>
			<report>
				<misses>4944001</misses>
				<total>474808</total>
				<timestamp>691.523070</timestamp>
			</report>
			<report>
				<misses>4945001</misses>
				<total>474808</total>
				<timestamp>691.662954</timestamp>
			</report>
			<report>
				<misses>4946001</misses>
				<total>474808</total>
				<timestamp>691.802811</timestamp>
			</report>
			<report>
				<misses>4947001</misses>
				<total>474808</total>
				<timestamp>691.942654</timestamp>
			</report>
			<report>
				<misses>4948001</misses>
				<total>474808</total>
				<timestamp>692.082462</timestamp>
			</report>
			<report>
				<misses>4949001</misses>
				<total>474808</total>
				<timestamp>692.222418</timestamp>
			</report>
			<report>
				<misses>4950001</misses>
				<total>474808</total>
				<timestamp>692.362223</timestamp>
			</report>
			<report>
				<misses>4951001</misses>
				<total>474808</total>
				<timestamp>692.502083</timestamp>
			</report>
			<report>
				<misses>4952001</misses>
				<total>474808</total>
				<timestamp>692.641933</timestamp>
			</report>
			<report>
				<misses>4953001</misses>
				<total>474808</total>
				<timestamp>692.781769</timestamp>
			</report>
			<report>
				<misses>4954001</misses>
				<total>474808</total>
				<timestamp>692.921675</timestamp>
			</report>
			<report>
				<misses>4955001</misses>
				<total>474809</total>
				<timestamp>693.061593</timestamp>
			</report>
			<report>
				<misses>4956001</misses>
				<total>474810</total>
				<timestamp>693.201479</timestamp>
			</report>
			<report>
				<misses>4957001</misses>
				<total>474810</total>
				<timestamp>693.341363</timestamp>
			</report>
			<report>
				<misses>4958001</misses>
				<total>474810</total>
				<timestamp>693.481213</timestamp>
			</report>
			<report>
				<misses>4959001</misses>
				<total>474810</total>
				<timestamp>693.621080</timestamp>
			</report>
			<report>
				<misses>4960001</misses>
				<total>474810</total>
				<timestamp>693.760948</timestamp>
			</report>
			<report>
				<misses>4961001</misses>
				<total>474810</total>
				<timestamp>693.900818</timestamp>
			</report>
			<report>
				<misses>4962001</misses>
				<total>474810</total>
				<timestamp>694.040662</timestamp>
			</report>
			<report>
				<misses>4963001</misses>
				<total>474810</total>
				<timestamp>694.180513</timestamp>
			</report>
			<report>
				<misses>4964001</misses>
				<total>474809</total>
				<timestamp>694.320482</timestamp>
			</report>
			<report>
				<misses>4965001</misses>
				<total>474810</total>
				<timestamp>694.460370</timestamp>
			</report>
			<report>
				<misses>4966001</misses>
				<total>474810</total>
				<timestamp>694.600235</timestamp>
			</report>
			<report>
				<misses>4967001</misses>
				<total>474810</total>
				<timestamp>694.740160</timestamp>
			</report>
			<report>
				<misses>4968001</misses>
				<total>474810</total>
				<timestamp>694.879958</timestamp>
			</report>
			<report>
				<misses>4969001</misses>
				<total>474810</total>
				<timestamp>695.019833</timestamp>
			</report>
			<report>
				<misses>4970001</misses>
				<total>474809</total>
				<timestamp>695.159729</timestamp>
			</report>
			<report>
				<misses>4971001</misses>
				<total>474810</total>
				<timestamp>695.299556</timestamp>
			</report>
			<report>
				<misses>4972001</misses>
				<total>474811</total>
				<timestamp>695.439429</timestamp>
			</report>
			<report>
				<misses>4973001</misses>
				<total>474810</total>
				<timestamp>695.579330</timestamp>
			</report>
			<report>
				<misses>4974001</misses>
				<total>474811</total>
				<timestamp>695.719186</timestamp>
			</report>
			<report>
				<misses>4975001</misses>
				<total>474818</total>
				<timestamp>695.858960</timestamp>
			</report>
			<report>
				<misses>4976001</misses>
				<total>474818</total>
				<timestamp>695.998828</timestamp>
			</report>
			<report>
				<misses>4977001</misses>
				<total>474818</total>
				<timestamp>696.138689</timestamp>
			</report>
			<report>
				<misses>4978001</misses>
				<total>474817</total>
				<timestamp>696.278608</timestamp>
			</report>
			<report>
				<misses>4979001</misses>
				<total>474818</total>
				<timestamp>696.418424</timestamp>
			</report>
			<report>
				<misses>4980001</misses>
				<total>474818</total>
				<timestamp>696.558286</timestamp>
			</report>
			<report>
				<misses>4981001</misses>
				<total>474819</total>
				<timestamp>696.698177</timestamp>
			</report>
			<report>
				<misses>4982001</misses>
				<total>474818</total>
				<timestamp>696.838056</timestamp>
			</report>
			<report>
				<misses>4983001</misses>
				<total>474819</total>
				<timestamp>696.977926</timestamp>
			</report>
			<report>
				<misses>4984001</misses>
				<total>474820</total>
				<timestamp>697.117768</timestamp>
			</report>
			<report>
				<misses>4985001</misses>
				<total>474820</total>
				<timestamp>697.257613</timestamp>
			</report>
			<report>
				<misses>4986001</misses>
				<total>474819</total>
				<timestamp>697.397507</timestamp>
			</report>
			<report>
				<misses>4987001</misses>
				<total>474819</total>
				<timestamp>697.537425</timestamp>
			</report>
			<report>
				<misses>4988001</misses>
				<total>474820</total>
				<timestamp>697.677287</timestamp>
			</report>
			<report>
				<misses>4989001</misses>
				<total>474820</total>
				<timestamp>697.817174</timestamp>
			</report>
			<report>
				<misses>4990001</misses>
				<total>474820</total>
				<timestamp>697.957043</timestamp>
			</report>
			<report>
				<misses>4991001</misses>
				<total>474820</total>
				<timestamp>698.096880</timestamp>
			</report>
			<report>
				<misses>4992001</misses>
				<total>474820</total>
				<timestamp>698.236764</timestamp>
			</report>
			<report>
				<misses>4993001</misses>
				<total>474820</total>
				<timestamp>698.376661</timestamp>
			</report>
			<report>
				<misses>4994001</misses>
				<total>474819</total>
				<timestamp>698.516534</timestamp>
			</report>
			<report>
				<misses>4995001</misses>
				<total>474820</total>
				<timestamp>698.656301</timestamp>
			</report>
			<report>
				<misses>4996001</misses>
				<total>474819</total>
				<timestamp>698.796311</timestamp>
			</report>
			<report>
				<misses>4997001</misses>
				<total>474820</total>
				<timestamp>698.936222</timestamp>
			</report>
			<report>
				<misses>4998001</misses>
				<total>474820</total>
				<timestamp>699.076054</timestamp>
			</report>
			<report>
				<misses>4999001</misses>
				<total>474819</total>
				<timestamp>699.216002</timestamp>
			</report>
			<report>
				<misses>5000001</misses>
				<total>474820</total>
				<timestamp>699.355944</timestamp>
			</report>
		</query>
	</custom>
	<ethtool_statistic>
		<rx_packets>
			<start>7185082037</start>
			<end>7242892489</end>
		</rx_packets>
		<tx_packets>
			<start>12028216407</start>
			<end>12138582492</end>
		</tx_packets>
		<rx_dropped>
			<start>828</start>
			<end>828</end>
		</rx_dropped>
		<tx_dropped>
			<start>0</start>
			<end>0</end>
		</tx_dropped>
		<collisions>
			<start>0</start>
			<end>0</end>
		</collisions>
		<port_tx_errors>
			<start>0</start>
			<end>0</end>
		</port_tx_errors>
		<port_rx_dropped>
			<start>0</start>
			<end>0</end>
		</port_rx_dropped>
		<port_tx_dropped_link_down>
			<start>0</start>
			<end>0</end>
		</port_tx_dropped_link_down>
	</ethtool_statistic>
	<ip_statistic>
		<mtu>
			<start>9000</start>
			<end>9000</end>
		</mtu>
		<rx_bytes>
			<start>29561952026361</start>
			<end>29795677754310</end>
		</rx_bytes>
		<rx_packets>
			<start>7185082195</start>
			<end>7242892671</end>
		</rx_packets>
		<rx_errors>
			<start>0</start>
			<end>0</end>
		</rx_errors>
		<rx_dropped>
			<start>828</start>
			<end>828</end>
		</rx_dropped>
		<rx_missed>
			<start>0</start>
			<end>0</end>
		</rx_missed>
		<rx_mcast>
			<start>4931</start>
			<end>4937</end>
		</rx_mcast>
		<tx_bytes>
			<start>40948972164976</start>
			<end>41453741425394</end>
		</tx_bytes>
		<tx_packets>
			<start>12028216442</start>
			<end>12138582746</end>
		</tx_packets>
		<tx_errors>
			<start>0</start>
			<end>0</end>
		</tx_errors>
		<tx_dropped>
			<start>0</start>
			<end>0</end>
		</tx_dropped>
		<tx_carrier>
			<start>0</start>
			<end>0</end>
		</tx_carrier>
		<tx_collisions>
			<start>0</start>
			<end>0</end>
		</tx_collisions>
	</ip_statistic>
	<netstat_statistic>
		<udp_pkg_rec>
			<start>6135753257</start>
			<end>6185385804</end>
		</udp_pkg_rec>
		<udp_pkg_snt>
			<start>10681510767</start>
			<end>10756915780</end>
		</udp_pkg_snt>
		<udp_rec_err>
			<start>1051250128</start>
			<end>1059431701</end>
		</udp_rec_err>
		<udp_rec_buf_err>
			<start>1051250128</start>
			<end>1059431701</end>
		</udp_rec_buf_err>
		<udp_snt_buf_err>
			<start>0</start>
			<end>0</end>
		</udp_snt_buf_err>
	</netstat_statistic>
</test_results>
