<?xml version="1.0"?>
<test_results>
	<status>STATUS_SUCCESS</status>
	<custom>
		<num_loss>540</num_loss>
		<num_total>5000001</num_total>
		<num_misses>1448</num_misses>
		<elapsed_time>150.042224</elapsed_time>
		<query>
			<report>
				<misses>100000</misses>
				<total>3</total>
				<timestamp>3.000634</timestamp>
			</report>
			<report>
				<misses>200000</misses>
				<total>8</total>
				<timestamp>6.000910</timestamp>
			</report>
			<report>
				<misses>300000</misses>
				<total>23</total>
				<timestamp>9.001781</timestamp>
			</report>
			<report>
				<misses>400000</misses>
				<total>45</total>
				<timestamp>12.001897</timestamp>
			</report>
			<report>
				<misses>500000</misses>
				<total>52</total>
				<timestamp>15.002553</timestamp>
			</report>
			<report>
				<misses>600000</misses>
				<total>69</total>
				<timestamp>18.003512</timestamp>
			</report>
			<report>
				<misses>700000</misses>
				<total>81</total>
				<timestamp>21.004433</timestamp>
			</report>
			<report>
				<misses>800000</misses>
				<total>96</total>
				<timestamp>24.005434</timestamp>
			</report>
			<report>
				<misses>900000</misses>
				<total>98</total>
				<timestamp>27.006704</timestamp>
			</report>
			<report>
				<misses>1000000</misses>
				<total>102</total>
				<timestamp>30.008313</timestamp>
			</report>
			<report>
				<misses>1100000</misses>
				<total>102</total>
				<timestamp>33.010693</timestamp>
			</report>
			<report>
				<misses>1200000</misses>
				<total>106</total>
				<timestamp>36.011890</timestamp>
			</report>
			<report>
				<misses>1300000</misses>
				<total>116</total>
				<timestamp>39.016257</timestamp>
			</report>
			<report>
				<misses>1400000</misses>
				<total>144</total>
				<timestamp>42.017315</timestamp>
			</report>
			<report>
				<misses>1500000</misses>
				<total>166</total>
				<timestamp>45.017457</timestamp>
			</report>
			<report>
				<misses>1600000</misses>
				<total>173</total>
				<timestamp>48.017949</timestamp>
			</report>
			<report>
				<misses>1700000</misses>
				<total>175</total>
				<timestamp>51.018399</timestamp>
			</report>
			<report>
				<misses>1800000</misses>
				<total>190</total>
				<timestamp>54.018975</timestamp>
			</report>
			<report>
				<misses>1900000</misses>
				<total>190</total>
				<timestamp>57.019450</timestamp>
			</report>
			<report>
				<misses>2000000</misses>
				<total>206</total>
				<timestamp>60.019920</timestamp>
			</report>
			<report>
				<misses>2100000</misses>
				<total>234</total>
				<timestamp>63.020181</timestamp>
			</report>
			<report>
				<misses>2200000</misses>
				<total>235</total>
				<timestamp>66.020412</timestamp>
			</report>
			<report>
				<misses>2300000</misses>
				<total>235</total>
				<timestamp>69.020912</timestamp>
			</report>
			<report>
				<misses>2400000</misses>
				<total>235</total>
				<timestamp>72.021203</timestamp>
			</report>
			<report>
				<misses>2500000</misses>
				<total>243</total>
				<timestamp>75.021312</timestamp>
			</report>
			<report>
				<misses>2600000</misses>
				<total>250</total>
				<timestamp>78.021499</timestamp>
			</report>
			<report>
				<misses>2700000</misses>
				<total>263</total>
				<timestamp>81.022113</timestamp>
			</report>
			<report>
				<misses>2800000</misses>
				<total>279</total>
				<timestamp>84.022404</timestamp>
			</report>
			<report>
				<misses>2900000</misses>
				<total>298</total>
				<timestamp>87.024082</timestamp>
			</report>
			<report>
				<misses>3000000</misses>
				<total>309</total>
				<timestamp>90.026399</timestamp>
			</report>
			<report>
				<misses>3100000</misses>
				<total>316</total>
				<timestamp>93.026619</timestamp>
			</report>
			<report>
				<misses>3200000</misses>
				<total>358</total>
				<timestamp>96.026776</timestamp>
			</report>
			<report>
				<misses>3300000</misses>
				<total>389</total>
				<timestamp>99.026963</timestamp>
			</report>
			<report>
				<misses>3400000</misses>
				<total>404</total>
				<timestamp>102.027040</timestamp>
			</report>
			<report>
				<misses>3500000</misses>
				<total>405</total>
				<timestamp>105.027077</timestamp>
			</report>
			<report>
				<misses>3600000</misses>
				<total>410</total>
				<timestamp>108.027341</timestamp>
			</report>
			<report>
				<misses>3700000</misses>
				<total>410</total>
				<timestamp>111.028372</timestamp>
			</report>
			<report>
				<misses>3800000</misses>
				<total>410</total>
				<timestamp>114.029762</timestamp>
			</report>
			<report>
				<misses>3900000</misses>
				<total>443</total>
				<timestamp>117.029873</timestamp>
			</report>
			<report>
				<misses>4000000</misses>
				<total>457</total>
				<timestamp>120.030572</timestamp>
			</report>
			<report>
				<misses>4100000</misses>
				<total>460</total>
				<timestamp>123.030831</timestamp>
			</report>
			<report>
				<misses>4200000</misses>
				<total>467</total>
				<timestamp>126.032510</timestamp>
			</report>
			<report>
				<misses>4300000</misses>
				<total>473</total>
				<timestamp>129.033768</timestamp>
			</report>
			<report>
				<misses>4400000</misses>
				<total>483</total>
				<timestamp>132.034794</timestamp>
			</report>
			<report>
				<misses>4500000</misses>
				<total>493</total>
				<timestamp>135.035456</timestamp>
			</report>
			<report>
				<misses>4600000</misses>
				<total>501</total>
				<timestamp>138.036214</timestamp>
			</report>
			<report>
				<misses>4700000</misses>
				<total>502</total>
				<timestamp>141.036769</timestamp>
			</report>
			<report>
				<misses>4800000</misses>
				<total>511</total>
				<timestamp>144.037107</timestamp>
			</report>
			<report>
				<misses>4900000</misses>
				<total>521</total>
				<timestamp>147.039843</timestamp>
			</report>
			<report>
				<misses>5000000</misses>
				<total>540</total>
				<timestamp>150.042191</timestamp>
			</report>
		</query>
	</custom>
	<ethtool_statistic>
		<rx_packets>
			<start>2526905707</start>
			<end>2534125165</end>
		</rx_packets>
		<tx_packets>
			<start>2872730314</start>
			<end>2882085582</end>
		</tx_packets>
		<rx_dropped>
			<start>0</start>
			<end>0</end>
		</rx_dropped>
		<tx_dropped>
			<start>0</start>
			<end>0</end>
		</tx_dropped>
		<collisions>
			<start>0</start>
			<end>0</end>
		</collisions>
		<port_tx_errors>
			<start>0</start>
			<end>0</end>
		</port_tx_errors>
		<port_rx_dropped>
			<start>0</start>
			<end>0</end>
		</port_rx_dropped>
		<port_tx_dropped_link_down>
			<start>0</start>
			<end>0</end>
		</port_tx_dropped_link_down>
	</ethtool_statistic>
	<ip_statistic>
		<mtu>
			<start>9000</start>
			<end>9000</end>
		</mtu>
		<rx_bytes>
			<start>22716357536163</start>
			<end>22781210410058</end>
		</rx_bytes>
		<rx_packets>
			<start>2526905756</start>
			<end>2534125249</end>
		</rx_packets>
		<rx_errors>
			<start>0</start>
			<end>0</end>
		</rx_errors>
		<rx_dropped>
			<start>0</start>
			<end>0</end>
		</rx_dropped>
		<rx_missed>
			<start>0</start>
			<end>0</end>
		</rx_missed>
		<rx_mcast>
			<start>426</start>
			<end>444</end>
		</rx_mcast>
		<tx_bytes>
			<start>13950913094994</start>
			<end>14034570861118</end>
		</tx_bytes>
		<tx_packets>
			<start>2872730364</start>
			<end>2882085638</end>
		</tx_packets>
		<tx_errors>
			<start>0</start>
			<end>0</end>
		</tx_errors>
		<tx_dropped>
			<start>0</start>
			<end>0</end>
		</tx_dropped>
		<tx_carrier>
			<start>0</start>
			<end>0</end>
		</tx_carrier>
		<tx_collisions>
			<start>0</start>
			<end>0</end>
		</tx_collisions>
	</ip_statistic>
	<netstat_statistic>
		<udp_pkg_rec>
			<start>2380378313</start>
			<end>2387245622</end>
		</udp_pkg_rec>
		<udp_pkg_snt>
			<start>2873081125</start>
			<end>2882412347</end>
		</udp_pkg_snt>
		<udp_rec_err>
			<start>146782890</start>
			<end>147131225</end>
		</udp_rec_err>
		<udp_rec_buf_err>
			<start>146782890</start>
			<end>147131225</end>
		</udp_rec_buf_err>
		<udp_snt_buf_err>
			<start>0</start>
			<end>0</end>
		</udp_snt_buf_err>
	</netstat_statistic>
</test_results>
