<?xml version="1.0"?>
<test_results>
	<status>STATUS_SUCCESS</status>
	<custom>
		<num_loss>0</num_loss>
		<num_total>4720610</num_total>
		<num_misses>115268732</num_misses>
		<elapsed_time>299.973239</elapsed_time>
		<query>
			<report>
				<misses>100001</misses>
				<total>0</total>
				<timestamp>6.283468</timestamp>
			</report>
			<report>
				<misses>200001</misses>
				<total>1</total>
				<timestamp>12.618269</timestamp>
			</report>
			<report>
				<misses>300001</misses>
				<total>1</total>
				<timestamp>18.945298</timestamp>
			</report>
			<report>
				<misses>400001</misses>
				<total>1</total>
				<timestamp>25.297987</timestamp>
			</report>
			<report>
				<misses>500001</misses>
				<total>1</total>
				<timestamp>31.630273</timestamp>
			</report>
			<report>
				<misses>600001</misses>
				<total>1</total>
				<timestamp>38.022375</timestamp>
			</report>
			<report>
				<misses>700001</misses>
				<total>1</total>
				<timestamp>44.416504</timestamp>
			</report>
			<report>
				<misses>800001</misses>
				<total>2</total>
				<timestamp>50.778835</timestamp>
			</report>
			<report>
				<misses>900001</misses>
				<total>2</total>
				<timestamp>57.147279</timestamp>
			</report>
			<report>
				<misses>1000001</misses>
				<total>2</total>
				<timestamp>63.535337</timestamp>
			</report>
			<report>
				<misses>1100001</misses>
				<total>1</total>
				<timestamp>69.910498</timestamp>
			</report>
			<report>
				<misses>1200001</misses>
				<total>1</total>
				<timestamp>76.287458</timestamp>
			</report>
			<report>
				<misses>1300001</misses>
				<total>1</total>
				<timestamp>82.637063</timestamp>
			</report>
			<report>
				<misses>1400001</misses>
				<total>2</total>
				<timestamp>89.000848</timestamp>
			</report>
			<report>
				<misses>1500001</misses>
				<total>0</total>
				<timestamp>95.373488</timestamp>
			</report>
			<report>
				<misses>1600001</misses>
				<total>2</total>
				<timestamp>101.729384</timestamp>
			</report>
			<report>
				<misses>1700001</misses>
				<total>1</total>
				<timestamp>108.100553</timestamp>
			</report>
			<report>
				<misses>1800001</misses>
				<total>2</total>
				<timestamp>114.448684</timestamp>
			</report>
			<report>
				<misses>1900001</misses>
				<total>1</total>
				<timestamp>120.811173</timestamp>
			</report>
			<report>
				<misses>2000001</misses>
				<total>1</total>
				<timestamp>127.173988</timestamp>
			</report>
			<report>
				<misses>2100001</misses>
				<total>1</total>
				<timestamp>133.502502</timestamp>
			</report>
			<report>
				<misses>2200001</misses>
				<total>1</total>
				<timestamp>139.858492</timestamp>
			</report>
			<report>
				<misses>2300001</misses>
				<total>1</total>
				<timestamp>146.195877</timestamp>
			</report>
			<report>
				<misses>2400001</misses>
				<total>1</total>
				<timestamp>152.535409</timestamp>
			</report>
			<report>
				<misses>2500001</misses>
				<total>1</total>
				<timestamp>158.885737</timestamp>
			</report>
			<report>
				<misses>2600001</misses>
				<total>1</total>
				<timestamp>165.250586</timestamp>
			</report>
			<report>
				<misses>2700001</misses>
				<total>1</total>
				<timestamp>171.629128</timestamp>
			</report>
			<report>
				<misses>2800001</misses>
				<total>1</total>
				<timestamp>177.983788</timestamp>
			</report>
			<report>
				<misses>2900001</misses>
				<total>2</total>
				<timestamp>184.324243</timestamp>
			</report>
			<report>
				<misses>3000001</misses>
				<total>1</total>
				<timestamp>190.694057</timestamp>
			</report>
			<report>
				<misses>3100001</misses>
				<total>0</total>
				<timestamp>197.041608</timestamp>
			</report>
			<report>
				<misses>3200001</misses>
				<total>1</total>
				<timestamp>203.405900</timestamp>
			</report>
			<report>
				<misses>3300001</misses>
				<total>1</total>
				<timestamp>209.756210</timestamp>
			</report>
			<report>
				<misses>3400001</misses>
				<total>1</total>
				<timestamp>216.119885</timestamp>
			</report>
			<report>
				<misses>3500001</misses>
				<total>1</total>
				<timestamp>222.460273</timestamp>
			</report>
			<report>
				<misses>3600001</misses>
				<total>1</total>
				<timestamp>228.811561</timestamp>
			</report>
			<report>
				<misses>3700001</misses>
				<total>1</total>
				<timestamp>235.146074</timestamp>
			</report>
			<report>
				<misses>3800001</misses>
				<total>1</total>
				<timestamp>241.505610</timestamp>
			</report>
			<report>
				<misses>3900001</misses>
				<total>1</total>
				<timestamp>247.879996</timestamp>
			</report>
			<report>
				<misses>4000001</misses>
				<total>1</total>
				<timestamp>254.232227</timestamp>
			</report>
			<report>
				<misses>4100001</misses>
				<total>1</total>
				<timestamp>260.586452</timestamp>
			</report>
			<report>
				<misses>4200001</misses>
				<total>1</total>
				<timestamp>266.937036</timestamp>
			</report>
			<report>
				<misses>4300001</misses>
				<total>2</total>
				<timestamp>273.272929</timestamp>
			</report>
			<report>
				<misses>4400001</misses>
				<total>1</total>
				<timestamp>279.639232</timestamp>
			</report>
			<report>
				<misses>4500001</misses>
				<total>2</total>
				<timestamp>285.961611</timestamp>
			</report>
			<report>
				<misses>4600001</misses>
				<total>1</total>
				<timestamp>292.283417</timestamp>
			</report>
			<report>
				<misses>4700001</misses>
				<total>1</total>
				<timestamp>298.641944</timestamp>
			</report>
		</query>
	</custom>
	<ethtool_statistic>
		<rx_packets>
			<start>281829557</start>
			<end>325569768</end>
		</rx_packets>
		<tx_packets>
			<start>263441817</start>
			<end>301206442</end>
		</tx_packets>
		<rx_dropped>
			<start>0</start>
			<end>0</end>
		</rx_dropped>
		<tx_dropped>
			<start>0</start>
			<end>0</end>
		</tx_dropped>
		<collisions>
			<start>0</start>
			<end>0</end>
		</collisions>
		<port_tx_errors>
			<start>-1</start>
			<end>-1</end>
		</port_tx_errors>
		<port_rx_dropped>
			<start>-1</start>
			<end>-1</end>
		</port_rx_dropped>
		<port_tx_dropped_link_down>
			<start>-1</start>
			<end>-1</end>
		</port_tx_dropped_link_down>
	</ethtool_statistic>
	<ip_statistic>
		<mtu>
			<start>9000</start>
			<end>9000</end>
		</mtu>
		<rx_bytes>
			<start>1426959890327</start>
			<end>1783877727973</end>
		</rx_bytes>
		<rx_packets>
			<start>281829719</start>
			<end>325569768</end>
		</rx_packets>
		<rx_errors>
			<start>0</start>
			<end>0</end>
		</rx_errors>
		<rx_dropped>
			<start>0</start>
			<end>0</end>
		</rx_dropped>
		<rx_missed>
			<start>0</start>
			<end>0</end>
		</rx_missed>
		<rx_mcast>
			<start>99</start>
			<end>99</end>
		</rx_mcast>
		<tx_bytes>
			<start>1363297315419</start>
			<end>1671455674559</end>
		</tx_bytes>
		<tx_packets>
			<start>263441817</start>
			<end>301206442</end>
		</tx_packets>
		<tx_errors>
			<start>0</start>
			<end>0</end>
		</tx_errors>
		<tx_dropped>
			<start>0</start>
			<end>0</end>
		</tx_dropped>
		<tx_carrier>
			<start>0</start>
			<end>0</end>
		</tx_carrier>
		<tx_collisions>
			<start>0</start>
			<end>0</end>
		</tx_collisions>
	</ip_statistic>
	<netstat_statistic>
		<udp_pkg_rec>
			<start>430702153</start>
			<end>441631960</end>
		</udp_pkg_rec>
		<udp_pkg_snt>
			<start>367746495</start>
			<end>377156629</end>
		</udp_pkg_snt>
		<udp_rec_err>
			<start>0</start>
			<end>0</end>
		</udp_rec_err>
		<udp_rec_buf_err>
			<start>0</start>
			<end>0</end>
		</udp_rec_buf_err>
		<udp_snt_buf_err>
			<start>0</start>
			<end>0</end>
		</udp_snt_buf_err>
	</netstat_statistic>
</test_results>
