<?xml version="1.0"?>
<test_results>
	<status>STATUS_SUCCESS</status>
	<custom>
		<num_loss>422</num_loss>
		<num_total>5000001</num_total>
		<num_misses>580</num_misses>
		<elapsed_time>150.016161</elapsed_time>
		<query>
			<report>
				<misses>100000</misses>
				<total>5</total>
				<timestamp>3.000213</timestamp>
			</report>
			<report>
				<misses>200000</misses>
				<total>16</total>
				<timestamp>6.000445</timestamp>
			</report>
			<report>
				<misses>300000</misses>
				<total>16</total>
				<timestamp>9.000785</timestamp>
			</report>
			<report>
				<misses>400000</misses>
				<total>16</total>
				<timestamp>12.001065</timestamp>
			</report>
			<report>
				<misses>500000</misses>
				<total>42</total>
				<timestamp>15.001113</timestamp>
			</report>
			<report>
				<misses>600000</misses>
				<total>49</total>
				<timestamp>18.001249</timestamp>
			</report>
			<report>
				<misses>700000</misses>
				<total>69</total>
				<timestamp>21.001475</timestamp>
			</report>
			<report>
				<misses>800000</misses>
				<total>88</total>
				<timestamp>24.001800</timestamp>
			</report>
			<report>
				<misses>900000</misses>
				<total>100</total>
				<timestamp>27.002385</timestamp>
			</report>
			<report>
				<misses>1000000</misses>
				<total>105</total>
				<timestamp>30.002739</timestamp>
			</report>
			<report>
				<misses>1100000</misses>
				<total>113</total>
				<timestamp>33.002960</timestamp>
			</report>
			<report>
				<misses>1200000</misses>
				<total>119</total>
				<timestamp>36.003752</timestamp>
			</report>
			<report>
				<misses>1300000</misses>
				<total>120</total>
				<timestamp>39.003831</timestamp>
			</report>
			<report>
				<misses>1400000</misses>
				<total>122</total>
				<timestamp>42.004222</timestamp>
			</report>
			<report>
				<misses>1500000</misses>
				<total>132</total>
				<timestamp>45.004597</timestamp>
			</report>
			<report>
				<misses>1600000</misses>
				<total>132</total>
				<timestamp>48.004828</timestamp>
			</report>
			<report>
				<misses>1700000</misses>
				<total>135</total>
				<timestamp>51.005138</timestamp>
			</report>
			<report>
				<misses>1800000</misses>
				<total>136</total>
				<timestamp>54.005289</timestamp>
			</report>
			<report>
				<misses>1900000</misses>
				<total>137</total>
				<timestamp>57.005621</timestamp>
			</report>
			<report>
				<misses>2000000</misses>
				<total>147</total>
				<timestamp>60.005715</timestamp>
			</report>
			<report>
				<misses>2100000</misses>
				<total>148</total>
				<timestamp>63.005897</timestamp>
			</report>
			<report>
				<misses>2200000</misses>
				<total>157</total>
				<timestamp>66.006011</timestamp>
			</report>
			<report>
				<misses>2300000</misses>
				<total>160</total>
				<timestamp>69.006472</timestamp>
			</report>
			<report>
				<misses>2400000</misses>
				<total>174</total>
				<timestamp>72.006694</timestamp>
			</report>
			<report>
				<misses>2500000</misses>
				<total>177</total>
				<timestamp>75.007250</timestamp>
			</report>
			<report>
				<misses>2600000</misses>
				<total>183</total>
				<timestamp>78.007425</timestamp>
			</report>
			<report>
				<misses>2700000</misses>
				<total>194</total>
				<timestamp>81.007643</timestamp>
			</report>
			<report>
				<misses>2800000</misses>
				<total>202</total>
				<timestamp>84.008370</timestamp>
			</report>
			<report>
				<misses>2900000</misses>
				<total>205</total>
				<timestamp>87.008715</timestamp>
			</report>
			<report>
				<misses>3000000</misses>
				<total>208</total>
				<timestamp>90.008939</timestamp>
			</report>
			<report>
				<misses>3100000</misses>
				<total>216</total>
				<timestamp>93.009103</timestamp>
			</report>
			<report>
				<misses>3200000</misses>
				<total>230</total>
				<timestamp>96.009548</timestamp>
			</report>
			<report>
				<misses>3300000</misses>
				<total>237</total>
				<timestamp>99.009722</timestamp>
			</report>
			<report>
				<misses>3400000</misses>
				<total>238</total>
				<timestamp>102.009943</timestamp>
			</report>
			<report>
				<misses>3500000</misses>
				<total>240</total>
				<timestamp>105.009990</timestamp>
			</report>
			<report>
				<misses>3600000</misses>
				<total>262</total>
				<timestamp>108.010542</timestamp>
			</report>
			<report>
				<misses>3700000</misses>
				<total>266</total>
				<timestamp>111.010821</timestamp>
			</report>
			<report>
				<misses>3800000</misses>
				<total>266</total>
				<timestamp>114.011195</timestamp>
			</report>
			<report>
				<misses>3900000</misses>
				<total>288</total>
				<timestamp>117.011348</timestamp>
			</report>
			<report>
				<misses>4000000</misses>
				<total>292</total>
				<timestamp>120.011793</timestamp>
			</report>
			<report>
				<misses>4100000</misses>
				<total>305</total>
				<timestamp>123.012569</timestamp>
			</report>
			<report>
				<misses>4200000</misses>
				<total>313</total>
				<timestamp>126.013209</timestamp>
			</report>
			<report>
				<misses>4300000</misses>
				<total>317</total>
				<timestamp>129.013485</timestamp>
			</report>
			<report>
				<misses>4400000</misses>
				<total>348</total>
				<timestamp>132.013845</timestamp>
			</report>
			<report>
				<misses>4500000</misses>
				<total>352</total>
				<timestamp>135.013956</timestamp>
			</report>
			<report>
				<misses>4600000</misses>
				<total>358</total>
				<timestamp>138.015052</timestamp>
			</report>
			<report>
				<misses>4700000</misses>
				<total>368</total>
				<timestamp>141.015220</timestamp>
			</report>
			<report>
				<misses>4800000</misses>
				<total>395</total>
				<timestamp>144.015412</timestamp>
			</report>
			<report>
				<misses>4900000</misses>
				<total>419</total>
				<timestamp>147.015718</timestamp>
			</report>
			<report>
				<misses>5000000</misses>
				<total>422</total>
				<timestamp>150.016135</timestamp>
			</report>
		</query>
	</custom>
	<ethtool_statistic>
		<rx_packets>
			<start>2677044495</start>
			<end>2684256330</end>
		</rx_packets>
		<tx_packets>
			<start>3034422993</start>
			<end>3043751478</end>
		</tx_packets>
		<rx_dropped>
			<start>0</start>
			<end>0</end>
		</rx_dropped>
		<tx_dropped>
			<start>0</start>
			<end>0</end>
		</tx_dropped>
		<collisions>
			<start>0</start>
			<end>0</end>
		</collisions>
		<port_tx_errors>
			<start>0</start>
			<end>0</end>
		</port_tx_errors>
		<port_rx_dropped>
			<start>0</start>
			<end>0</end>
		</port_rx_dropped>
		<port_tx_dropped_link_down>
			<start>0</start>
			<end>0</end>
		</port_tx_dropped_link_down>
	</ethtool_statistic>
	<ip_statistic>
		<mtu>
			<start>9000</start>
			<end>9000</end>
		</mtu>
		<rx_bytes>
			<start>24065690941170</start>
			<end>24130523899789</end>
		</rx_bytes>
		<rx_packets>
			<start>2677044566</start>
			<end>2684256381</end>
		</rx_packets>
		<rx_errors>
			<start>0</start>
			<end>0</end>
		</rx_errors>
		<rx_dropped>
			<start>0</start>
			<end>0</end>
		</rx_dropped>
		<rx_missed>
			<start>0</start>
			<end>0</end>
		</rx_missed>
		<rx_mcast>
			<start>494</start>
			<end>504</end>
		</rx_mcast>
		<tx_bytes>
			<start>15399893648314</start>
			<end>15483515945702</end>
		</tx_bytes>
		<tx_packets>
			<start>3034423018</start>
			<end>3043751532</end>
		</tx_packets>
		<tx_errors>
			<start>0</start>
			<end>0</end>
		</tx_errors>
		<tx_dropped>
			<start>0</start>
			<end>0</end>
		</tx_dropped>
		<tx_carrier>
			<start>0</start>
			<end>0</end>
		</tx_carrier>
		<tx_collisions>
			<start>0</start>
			<end>0</end>
		</tx_collisions>
	</ip_statistic>
	<netstat_statistic>
		<udp_pkg_rec>
			<start>2522659862</start>
			<end>2529520085</end>
		</udp_pkg_rec>
		<udp_pkg_snt>
			<start>3034653684</start>
			<end>3043983347</end>
		</udp_pkg_snt>
		<udp_rec_err>
			<start>154615074</start>
			<end>154967386</end>
		</udp_rec_err>
		<udp_rec_buf_err>
			<start>154615074</start>
			<end>154967386</end>
		</udp_rec_buf_err>
		<udp_snt_buf_err>
			<start>0</start>
			<end>0</end>
		</udp_snt_buf_err>
	</netstat_statistic>
</test_results>
