<?xml version="1.0"?>
<test_results>
	<status>STATUS_SUCCESS</status>
	<custom>
		<num_loss>12</num_loss>
		<num_total>239932438</num_total>
		<num_misses>47949</num_misses>
		<elapsed_time>7199.339645</elapsed_time>
		<query>
			<report>
				<misses>100000</misses>
				<total>0</total>
				<timestamp>3.001639</timestamp>
			</report>
			<report>
				<misses>200000</misses>
				<total>0</total>
				<timestamp>6.002549</timestamp>
			</report>
			<report>
				<misses>300000</misses>
				<total>0</total>
				<timestamp>9.003733</timestamp>
			</report>
			<report>
				<misses>400000</misses>
				<total>0</total>
				<timestamp>12.004212</timestamp>
			</report>
			<report>
				<misses>500000</misses>
				<total>0</total>
				<timestamp>15.004613</timestamp>
			</report>
			<report>
				<misses>600000</misses>
				<total>0</total>
				<timestamp>18.005414</timestamp>
			</report>
			<report>
				<misses>700000</misses>
				<total>0</total>
				<timestamp>21.005452</timestamp>
			</report>
			<report>
				<misses>800000</misses>
				<total>0</total>
				<timestamp>24.005515</timestamp>
			</report>
			<report>
				<misses>900000</misses>
				<total>0</total>
				<timestamp>27.006453</timestamp>
			</report>
			<report>
				<misses>1000000</misses>
				<total>0</total>
				<timestamp>30.006767</timestamp>
			</report>
			<report>
				<misses>1100000</misses>
				<total>0</total>
				<timestamp>33.007719</timestamp>
			</report>
			<report>
				<misses>1200000</misses>
				<total>0</total>
				<timestamp>36.008032</timestamp>
			</report>
			<report>
				<misses>1300000</misses>
				<total>0</total>
				<timestamp>39.008039</timestamp>
			</report>
			<report>
				<misses>1400000</misses>
				<total>0</total>
				<timestamp>42.008760</timestamp>
			</report>
			<report>
				<misses>1500000</misses>
				<total>0</total>
				<timestamp>45.010236</timestamp>
			</report>
			<report>
				<misses>1600000</misses>
				<total>0</total>
				<timestamp>48.011281</timestamp>
			</report>
			<report>
				<misses>1700000</misses>
				<total>0</total>
				<timestamp>51.012153</timestamp>
			</report>
			<report>
				<misses>1800000</misses>
				<total>0</total>
				<timestamp>54.012684</timestamp>
			</report>
			<report>
				<misses>1900000</misses>
				<total>0</total>
				<timestamp>57.012831</timestamp>
			</report>
			<report>
				<misses>2000000</misses>
				<total>0</total>
				<timestamp>60.013224</timestamp>
			</report>
			<report>
				<misses>2100000</misses>
				<total>0</total>
				<timestamp>63.014458</timestamp>
			</report>
			<report>
				<misses>2200000</misses>
				<total>0</total>
				<timestamp>66.015213</timestamp>
			</report>
			<report>
				<misses>2300000</misses>
				<total>0</total>
				<timestamp>69.015568</timestamp>
			</report>
			<report>
				<misses>2400000</misses>
				<total>0</total>
				<timestamp>72.016619</timestamp>
			</report>
			<report>
				<misses>2500000</misses>
				<total>0</total>
				<timestamp>75.016716</timestamp>
			</report>
			<report>
				<misses>2600000</misses>
				<total>0</total>
				<timestamp>78.016900</timestamp>
			</report>
			<report>
				<misses>2700000</misses>
				<total>0</total>
				<timestamp>81.017361</timestamp>
			</report>
			<report>
				<misses>2800000</misses>
				<total>0</total>
				<timestamp>84.018051</timestamp>
			</report>
			<report>
				<misses>2900000</misses>
				<total>0</total>
				<timestamp>87.018343</timestamp>
			</report>
			<report>
				<misses>3000000</misses>
				<total>0</total>
				<timestamp>90.018706</timestamp>
			</report>
			<report>
				<misses>3100000</misses>
				<total>0</total>
				<timestamp>93.018855</timestamp>
			</report>
			<report>
				<misses>3200000</misses>
				<total>0</total>
				<timestamp>96.018877</timestamp>
			</report>
			<report>
				<misses>3300000</misses>
				<total>0</total>
				<timestamp>99.019462</timestamp>
			</report>
			<report>
				<misses>3400000</misses>
				<total>0</total>
				<timestamp>102.020271</timestamp>
			</report>
			<report>
				<misses>3500000</misses>
				<total>0</total>
				<timestamp>105.021558</timestamp>
			</report>
			<report>
				<misses>3600000</misses>
				<total>0</total>
				<timestamp>108.022053</timestamp>
			</report>
			<report>
				<misses>3700000</misses>
				<total>0</total>
				<timestamp>111.022638</timestamp>
			</report>
			<report>
				<misses>3800000</misses>
				<total>0</total>
				<timestamp>114.023816</timestamp>
			</report>
			<report>
				<misses>3900000</misses>
				<total>0</total>
				<timestamp>117.024309</timestamp>
			</report>
			<report>
				<misses>4000000</misses>
				<total>0</total>
				<timestamp>120.024360</timestamp>
			</report>
			<report>
				<misses>4100000</misses>
				<total>0</total>
				<timestamp>123.024425</timestamp>
			</report>
			<report>
				<misses>4200000</misses>
				<total>0</total>
				<timestamp>126.024651</timestamp>
			</report>
			<report>
				<misses>4300000</misses>
				<total>0</total>
				<timestamp>129.025268</timestamp>
			</report>
			<report>
				<misses>4400000</misses>
				<total>0</total>
				<timestamp>132.025295</timestamp>
			</report>
			<report>
				<misses>4500000</misses>
				<total>0</total>
				<timestamp>135.025881</timestamp>
			</report>
			<report>
				<misses>4600000</misses>
				<total>0</total>
				<timestamp>138.027360</timestamp>
			</report>
			<report>
				<misses>4700000</misses>
				<total>0</total>
				<timestamp>141.027832</timestamp>
			</report>
			<report>
				<misses>4800000</misses>
				<total>0</total>
				<timestamp>144.028486</timestamp>
			</report>
			<report>
				<misses>4900000</misses>
				<total>0</total>
				<timestamp>147.029945</timestamp>
			</report>
			<report>
				<misses>5000000</misses>
				<total>0</total>
				<timestamp>150.030652</timestamp>
			</report>
			<report>
				<misses>5100000</misses>
				<total>0</total>
				<timestamp>153.032188</timestamp>
			</report>
			<report>
				<misses>5200000</misses>
				<total>0</total>
				<timestamp>156.032253</timestamp>
			</report>
			<report>
				<misses>5300000</misses>
				<total>0</total>
				<timestamp>159.033024</timestamp>
			</report>
			<report>
				<misses>5400000</misses>
				<total>0</total>
				<timestamp>162.033318</timestamp>
			</report>
			<report>
				<misses>5500000</misses>
				<total>0</total>
				<timestamp>165.034196</timestamp>
			</report>
			<report>
				<misses>5600000</misses>
				<total>0</total>
				<timestamp>168.034946</timestamp>
			</report>
			<report>
				<misses>5700000</misses>
				<total>1</total>
				<timestamp>171.035423</timestamp>
			</report>
			<report>
				<misses>5800000</misses>
				<total>1</total>
				<timestamp>174.036048</timestamp>
			</report>
			<report>
				<misses>5900000</misses>
				<total>1</total>
				<timestamp>177.037085</timestamp>
			</report>
			<report>
				<misses>6000000</misses>
				<total>1</total>
				<timestamp>180.037581</timestamp>
			</report>
			<report>
				<misses>6100000</misses>
				<total>1</total>
				<timestamp>183.037703</timestamp>
			</report>
			<report>
				<misses>6200000</misses>
				<total>1</total>
				<timestamp>186.038603</timestamp>
			</report>
			<report>
				<misses>6300000</misses>
				<total>1</total>
				<timestamp>189.039051</timestamp>
			</report>
			<report>
				<misses>6400000</misses>
				<total>1</total>
				<timestamp>192.039674</timestamp>
			</report>
			<report>
				<misses>6500000</misses>
				<total>1</total>
				<timestamp>195.039857</timestamp>
			</report>
			<report>
				<misses>6600000</misses>
				<total>1</total>
				<timestamp>198.039987</timestamp>
			</report>
			<report>
				<misses>6700000</misses>
				<total>1</total>
				<timestamp>201.040114</timestamp>
			</report>
			<report>
				<misses>6800000</misses>
				<total>1</total>
				<timestamp>204.040430</timestamp>
			</report>
			<report>
				<misses>6900000</misses>
				<total>1</total>
				<timestamp>207.040609</timestamp>
			</report>
			<report>
				<misses>7000000</misses>
				<total>1</total>
				<timestamp>210.041039</timestamp>
			</report>
			<report>
				<misses>7100000</misses>
				<total>1</total>
				<timestamp>213.041089</timestamp>
			</report>
			<report>
				<misses>7200000</misses>
				<total>1</total>
				<timestamp>216.041338</timestamp>
			</report>
			<report>
				<misses>7300000</misses>
				<total>1</total>
				<timestamp>219.041404</timestamp>
			</report>
			<report>
				<misses>7400000</misses>
				<total>1</total>
				<timestamp>222.041600</timestamp>
			</report>
			<report>
				<misses>7500000</misses>
				<total>1</total>
				<timestamp>225.042208</timestamp>
			</report>
			<report>
				<misses>7600000</misses>
				<total>1</total>
				<timestamp>228.042540</timestamp>
			</report>
			<report>
				<misses>7700000</misses>
				<total>1</total>
				<timestamp>231.042680</timestamp>
			</report>
			<report>
				<misses>7800000</misses>
				<total>1</total>
				<timestamp>234.042990</timestamp>
			</report>
			<report>
				<misses>7900000</misses>
				<total>1</total>
				<timestamp>237.043349</timestamp>
			</report>
			<report>
				<misses>8000000</misses>
				<total>1</total>
				<timestamp>240.043463</timestamp>
			</report>
			<report>
				<misses>8100000</misses>
				<total>1</total>
				<timestamp>243.043482</timestamp>
			</report>
			<report>
				<misses>8200000</misses>
				<total>1</total>
				<timestamp>246.043706</timestamp>
			</report>
			<report>
				<misses>8300000</misses>
				<total>1</total>
				<timestamp>249.044631</timestamp>
			</report>
			<report>
				<misses>8400000</misses>
				<total>1</total>
				<timestamp>252.045355</timestamp>
			</report>
			<report>
				<misses>8500000</misses>
				<total>1</total>
				<timestamp>255.046189</timestamp>
			</report>
			<report>
				<misses>8600000</misses>
				<total>1</total>
				<timestamp>258.046264</timestamp>
			</report>
			<report>
				<misses>8700000</misses>
				<total>1</total>
				<timestamp>261.046296</timestamp>
			</report>
			<report>
				<misses>8800000</misses>
				<total>1</total>
				<timestamp>264.047022</timestamp>
			</report>
			<report>
				<misses>8900000</misses>
				<total>1</total>
				<timestamp>267.047799</timestamp>
			</report>
			<report>
				<misses>9000000</misses>
				<total>1</total>
				<timestamp>270.048764</timestamp>
			</report>
			<report>
				<misses>9100000</misses>
				<total>1</total>
				<timestamp>273.049585</timestamp>
			</report>
			<report>
				<misses>9200000</misses>
				<total>1</total>
				<timestamp>276.050690</timestamp>
			</report>
			<report>
				<misses>9300000</misses>
				<total>1</total>
				<timestamp>279.050840</timestamp>
			</report>
			<report>
				<misses>9400000</misses>
				<total>1</total>
				<timestamp>282.050868</timestamp>
			</report>
			<report>
				<misses>9500000</misses>
				<total>1</total>
				<timestamp>285.051229</timestamp>
			</report>
			<report>
				<misses>9600000</misses>
				<total>1</total>
				<timestamp>288.051438</timestamp>
			</report>
			<report>
				<misses>9700000</misses>
				<total>1</total>
				<timestamp>291.051978</timestamp>
			</report>
			<report>
				<misses>9800000</misses>
				<total>1</total>
				<timestamp>294.052434</timestamp>
			</report>
			<report>
				<misses>9900000</misses>
				<total>1</total>
				<timestamp>297.053771</timestamp>
			</report>
			<report>
				<misses>10000000</misses>
				<total>1</total>
				<timestamp>300.054499</timestamp>
			</report>
			<report>
				<misses>10100000</misses>
				<total>1</total>
				<timestamp>303.054883</timestamp>
			</report>
			<report>
				<misses>10200000</misses>
				<total>2</total>
				<timestamp>306.054952</timestamp>
			</report>
			<report>
				<misses>10300000</misses>
				<total>2</total>
				<timestamp>309.055122</timestamp>
			</report>
			<report>
				<misses>10400000</misses>
				<total>2</total>
				<timestamp>312.055701</timestamp>
			</report>
			<report>
				<misses>10500000</misses>
				<total>2</total>
				<timestamp>315.056380</timestamp>
			</report>
			<report>
				<misses>10600000</misses>
				<total>2</total>
				<timestamp>318.058497</timestamp>
			</report>
			<report>
				<misses>10700000</misses>
				<total>2</total>
				<timestamp>321.059863</timestamp>
			</report>
			<report>
				<misses>10800000</misses>
				<total>2</total>
				<timestamp>324.059965</timestamp>
			</report>
			<report>
				<misses>10900000</misses>
				<total>2</total>
				<timestamp>327.060129</timestamp>
			</report>
			<report>
				<misses>11000000</misses>
				<total>2</total>
				<timestamp>330.060134</timestamp>
			</report>
			<report>
				<misses>11100000</misses>
				<total>2</total>
				<timestamp>333.060189</timestamp>
			</report>
			<report>
				<misses>11200000</misses>
				<total>2</total>
				<timestamp>336.060234</timestamp>
			</report>
			<report>
				<misses>11300000</misses>
				<total>2</total>
				<timestamp>339.061195</timestamp>
			</report>
			<report>
				<misses>11400000</misses>
				<total>2</total>
				<timestamp>342.062029</timestamp>
			</report>
			<report>
				<misses>11500000</misses>
				<total>2</total>
				<timestamp>345.063301</timestamp>
			</report>
			<report>
				<misses>11600000</misses>
				<total>2</total>
				<timestamp>348.063972</timestamp>
			</report>
			<report>
				<misses>11700000</misses>
				<total>2</total>
				<timestamp>351.064718</timestamp>
			</report>
			<report>
				<misses>11800000</misses>
				<total>2</total>
				<timestamp>354.065071</timestamp>
			</report>
			<report>
				<misses>11900000</misses>
				<total>2</total>
				<timestamp>357.065096</timestamp>
			</report>
			<report>
				<misses>12000000</misses>
				<total>2</total>
				<timestamp>360.065512</timestamp>
			</report>
			<report>
				<misses>12100000</misses>
				<total>2</total>
				<timestamp>363.067255</timestamp>
			</report>
			<report>
				<misses>12200000</misses>
				<total>2</total>
				<timestamp>366.068035</timestamp>
			</report>
			<report>
				<misses>12300000</misses>
				<total>2</total>
				<timestamp>369.068644</timestamp>
			</report>
			<report>
				<misses>12400000</misses>
				<total>2</total>
				<timestamp>372.068674</timestamp>
			</report>
			<report>
				<misses>12500000</misses>
				<total>2</total>
				<timestamp>375.068778</timestamp>
			</report>
			<report>
				<misses>12600000</misses>
				<total>2</total>
				<timestamp>378.069189</timestamp>
			</report>
			<report>
				<misses>12700000</misses>
				<total>2</total>
				<timestamp>381.069534</timestamp>
			</report>
			<report>
				<misses>12800000</misses>
				<total>2</total>
				<timestamp>384.070708</timestamp>
			</report>
			<report>
				<misses>12900000</misses>
				<total>2</total>
				<timestamp>387.070974</timestamp>
			</report>
			<report>
				<misses>13000000</misses>
				<total>2</total>
				<timestamp>390.071520</timestamp>
			</report>
			<report>
				<misses>13100000</misses>
				<total>2</total>
				<timestamp>393.072096</timestamp>
			</report>
			<report>
				<misses>13200000</misses>
				<total>2</total>
				<timestamp>396.073019</timestamp>
			</report>
			<report>
				<misses>13300000</misses>
				<total>2</total>
				<timestamp>399.073068</timestamp>
			</report>
			<report>
				<misses>13400000</misses>
				<total>2</total>
				<timestamp>402.073175</timestamp>
			</report>
			<report>
				<misses>13500000</misses>
				<total>2</total>
				<timestamp>405.073483</timestamp>
			</report>
			<report>
				<misses>13600000</misses>
				<total>2</total>
				<timestamp>408.073605</timestamp>
			</report>
			<report>
				<misses>13700000</misses>
				<total>2</total>
				<timestamp>411.074387</timestamp>
			</report>
			<report>
				<misses>13800000</misses>
				<total>2</total>
				<timestamp>414.074926</timestamp>
			</report>
			<report>
				<misses>13900000</misses>
				<total>2</total>
				<timestamp>417.075347</timestamp>
			</report>
			<report>
				<misses>14000000</misses>
				<total>2</total>
				<timestamp>420.075459</timestamp>
			</report>
			<report>
				<misses>14100000</misses>
				<total>2</total>
				<timestamp>423.075524</timestamp>
			</report>
			<report>
				<misses>14200000</misses>
				<total>2</total>
				<timestamp>426.076051</timestamp>
			</report>
			<report>
				<misses>14300000</misses>
				<total>2</total>
				<timestamp>429.076309</timestamp>
			</report>
			<report>
				<misses>14400000</misses>
				<total>2</total>
				<timestamp>432.076761</timestamp>
			</report>
			<report>
				<misses>14500000</misses>
				<total>2</total>
				<timestamp>435.076784</timestamp>
			</report>
			<report>
				<misses>14600000</misses>
				<total>2</total>
				<timestamp>438.077427</timestamp>
			</report>
			<report>
				<misses>14700000</misses>
				<total>2</total>
				<timestamp>441.077844</timestamp>
			</report>
			<report>
				<misses>14800000</misses>
				<total>2</total>
				<timestamp>444.078102</timestamp>
			</report>
			<report>
				<misses>14900000</misses>
				<total>2</total>
				<timestamp>447.078315</timestamp>
			</report>
			<report>
				<misses>15000000</misses>
				<total>2</total>
				<timestamp>450.079783</timestamp>
			</report>
			<report>
				<misses>15100000</misses>
				<total>2</total>
				<timestamp>453.080484</timestamp>
			</report>
			<report>
				<misses>15200000</misses>
				<total>2</total>
				<timestamp>456.081524</timestamp>
			</report>
			<report>
				<misses>15300000</misses>
				<total>2</total>
				<timestamp>459.083123</timestamp>
			</report>
			<report>
				<misses>15400000</misses>
				<total>2</total>
				<timestamp>462.083822</timestamp>
			</report>
			<report>
				<misses>15500000</misses>
				<total>2</total>
				<timestamp>465.084930</timestamp>
			</report>
			<report>
				<misses>15600000</misses>
				<total>2</total>
				<timestamp>468.086907</timestamp>
			</report>
			<report>
				<misses>15700000</misses>
				<total>2</total>
				<timestamp>471.086965</timestamp>
			</report>
			<report>
				<misses>15800000</misses>
				<total>2</total>
				<timestamp>474.088526</timestamp>
			</report>
			<report>
				<misses>15900000</misses>
				<total>2</total>
				<timestamp>477.089577</timestamp>
			</report>
			<report>
				<misses>16000000</misses>
				<total>2</total>
				<timestamp>480.089921</timestamp>
			</report>
			<report>
				<misses>16100000</misses>
				<total>2</total>
				<timestamp>483.090037</timestamp>
			</report>
			<report>
				<misses>16200000</misses>
				<total>2</total>
				<timestamp>486.090125</timestamp>
			</report>
			<report>
				<misses>16300000</misses>
				<total>2</total>
				<timestamp>489.090335</timestamp>
			</report>
			<report>
				<misses>16400000</misses>
				<total>2</total>
				<timestamp>492.090717</timestamp>
			</report>
			<report>
				<misses>16500000</misses>
				<total>2</total>
				<timestamp>495.091548</timestamp>
			</report>
			<report>
				<misses>16600000</misses>
				<total>2</total>
				<timestamp>498.091949</timestamp>
			</report>
			<report>
				<misses>16700000</misses>
				<total>2</total>
				<timestamp>501.092637</timestamp>
			</report>
			<report>
				<misses>16800000</misses>
				<total>2</total>
				<timestamp>504.092714</timestamp>
			</report>
			<report>
				<misses>16900000</misses>
				<total>2</total>
				<timestamp>507.093349</timestamp>
			</report>
			<report>
				<misses>17000000</misses>
				<total>2</total>
				<timestamp>510.093384</timestamp>
			</report>
			<report>
				<misses>17100000</misses>
				<total>2</total>
				<timestamp>513.093771</timestamp>
			</report>
			<report>
				<misses>17200000</misses>
				<total>2</total>
				<timestamp>516.094796</timestamp>
			</report>
			<report>
				<misses>17300000</misses>
				<total>2</total>
				<timestamp>519.095564</timestamp>
			</report>
			<report>
				<misses>17400000</misses>
				<total>2</total>
				<timestamp>522.095930</timestamp>
			</report>
			<report>
				<misses>17500000</misses>
				<total>2</total>
				<timestamp>525.095959</timestamp>
			</report>
			<report>
				<misses>17600000</misses>
				<total>2</total>
				<timestamp>528.097251</timestamp>
			</report>
			<report>
				<misses>17700000</misses>
				<total>2</total>
				<timestamp>531.098534</timestamp>
			</report>
			<report>
				<misses>17800000</misses>
				<total>2</total>
				<timestamp>534.100215</timestamp>
			</report>
			<report>
				<misses>17900000</misses>
				<total>2</total>
				<timestamp>537.102763</timestamp>
			</report>
			<report>
				<misses>18000000</misses>
				<total>2</total>
				<timestamp>540.104213</timestamp>
			</report>
			<report>
				<misses>18100000</misses>
				<total>2</total>
				<timestamp>543.105391</timestamp>
			</report>
			<report>
				<misses>18200000</misses>
				<total>2</total>
				<timestamp>546.107038</timestamp>
			</report>
			<report>
				<misses>18300000</misses>
				<total>2</total>
				<timestamp>549.108564</timestamp>
			</report>
			<report>
				<misses>18400000</misses>
				<total>2</total>
				<timestamp>552.109728</timestamp>
			</report>
			<report>
				<misses>18500000</misses>
				<total>2</total>
				<timestamp>555.110301</timestamp>
			</report>
			<report>
				<misses>18600000</misses>
				<total>2</total>
				<timestamp>558.110303</timestamp>
			</report>
			<report>
				<misses>18700000</misses>
				<total>2</total>
				<timestamp>561.110419</timestamp>
			</report>
			<report>
				<misses>18800000</misses>
				<total>2</total>
				<timestamp>564.111181</timestamp>
			</report>
			<report>
				<misses>18900000</misses>
				<total>2</total>
				<timestamp>567.111720</timestamp>
			</report>
			<report>
				<misses>19000000</misses>
				<total>2</total>
				<timestamp>570.112246</timestamp>
			</report>
			<report>
				<misses>19100000</misses>
				<total>2</total>
				<timestamp>573.112267</timestamp>
			</report>
			<report>
				<misses>19200000</misses>
				<total>2</total>
				<timestamp>576.112877</timestamp>
			</report>
			<report>
				<misses>19300000</misses>
				<total>2</total>
				<timestamp>579.113513</timestamp>
			</report>
			<report>
				<misses>19400000</misses>
				<total>2</total>
				<timestamp>582.113780</timestamp>
			</report>
			<report>
				<misses>19500000</misses>
				<total>2</total>
				<timestamp>585.113894</timestamp>
			</report>
			<report>
				<misses>19600000</misses>
				<total>2</total>
				<timestamp>588.114676</timestamp>
			</report>
			<report>
				<misses>19700000</misses>
				<total>2</total>
				<timestamp>591.114892</timestamp>
			</report>
			<report>
				<misses>19800000</misses>
				<total>2</total>
				<timestamp>594.115344</timestamp>
			</report>
			<report>
				<misses>19900000</misses>
				<total>2</total>
				<timestamp>597.115382</timestamp>
			</report>
			<report>
				<misses>20000000</misses>
				<total>2</total>
				<timestamp>600.116363</timestamp>
			</report>
			<report>
				<misses>20100000</misses>
				<total>2</total>
				<timestamp>603.116844</timestamp>
			</report>
			<report>
				<misses>20200000</misses>
				<total>2</total>
				<timestamp>606.119210</timestamp>
			</report>
			<report>
				<misses>20300000</misses>
				<total>2</total>
				<timestamp>609.119704</timestamp>
			</report>
			<report>
				<misses>20400000</misses>
				<total>2</total>
				<timestamp>612.120334</timestamp>
			</report>
			<report>
				<misses>20500000</misses>
				<total>2</total>
				<timestamp>615.120337</timestamp>
			</report>
			<report>
				<misses>20600000</misses>
				<total>2</total>
				<timestamp>618.120898</timestamp>
			</report>
			<report>
				<misses>20700000</misses>
				<total>2</total>
				<timestamp>621.121113</timestamp>
			</report>
			<report>
				<misses>20800000</misses>
				<total>2</total>
				<timestamp>624.121127</timestamp>
			</report>
			<report>
				<misses>20900000</misses>
				<total>2</total>
				<timestamp>627.121297</timestamp>
			</report>
			<report>
				<misses>21000000</misses>
				<total>2</total>
				<timestamp>630.121305</timestamp>
			</report>
			<report>
				<misses>21100000</misses>
				<total>2</total>
				<timestamp>633.121397</timestamp>
			</report>
			<report>
				<misses>21200000</misses>
				<total>2</total>
				<timestamp>636.121614</timestamp>
			</report>
			<report>
				<misses>21300000</misses>
				<total>2</total>
				<timestamp>639.121677</timestamp>
			</report>
			<report>
				<misses>21400000</misses>
				<total>2</total>
				<timestamp>642.121949</timestamp>
			</report>
			<report>
				<misses>21500000</misses>
				<total>2</total>
				<timestamp>645.122478</timestamp>
			</report>
			<report>
				<misses>21600000</misses>
				<total>2</total>
				<timestamp>648.123200</timestamp>
			</report>
			<report>
				<misses>21700000</misses>
				<total>2</total>
				<timestamp>651.123965</timestamp>
			</report>
			<report>
				<misses>21800000</misses>
				<total>2</total>
				<timestamp>654.123981</timestamp>
			</report>
			<report>
				<misses>21900000</misses>
				<total>2</total>
				<timestamp>657.124015</timestamp>
			</report>
			<report>
				<misses>22000000</misses>
				<total>2</total>
				<timestamp>660.124225</timestamp>
			</report>
			<report>
				<misses>22100000</misses>
				<total>2</total>
				<timestamp>663.124246</timestamp>
			</report>
			<report>
				<misses>22200000</misses>
				<total>2</total>
				<timestamp>666.124790</timestamp>
			</report>
			<report>
				<misses>22300000</misses>
				<total>2</total>
				<timestamp>669.124912</timestamp>
			</report>
			<report>
				<misses>22400000</misses>
				<total>2</total>
				<timestamp>672.125007</timestamp>
			</report>
			<report>
				<misses>22500000</misses>
				<total>2</total>
				<timestamp>675.125177</timestamp>
			</report>
			<report>
				<misses>22600000</misses>
				<total>2</total>
				<timestamp>678.125221</timestamp>
			</report>
			<report>
				<misses>22700000</misses>
				<total>2</total>
				<timestamp>681.125243</timestamp>
			</report>
			<report>
				<misses>22800000</misses>
				<total>2</total>
				<timestamp>684.125785</timestamp>
			</report>
			<report>
				<misses>22900000</misses>
				<total>2</total>
				<timestamp>687.126695</timestamp>
			</report>
			<report>
				<misses>23000000</misses>
				<total>2</total>
				<timestamp>690.128424</timestamp>
			</report>
			<report>
				<misses>23100000</misses>
				<total>2</total>
				<timestamp>693.128918</timestamp>
			</report>
			<report>
				<misses>23200000</misses>
				<total>2</total>
				<timestamp>696.129952</timestamp>
			</report>
			<report>
				<misses>23300000</misses>
				<total>2</total>
				<timestamp>699.130764</timestamp>
			</report>
			<report>
				<misses>23400000</misses>
				<total>2</total>
				<timestamp>702.130791</timestamp>
			</report>
			<report>
				<misses>23500000</misses>
				<total>2</total>
				<timestamp>705.131073</timestamp>
			</report>
			<report>
				<misses>23600000</misses>
				<total>2</total>
				<timestamp>708.131842</timestamp>
			</report>
			<report>
				<misses>23700000</misses>
				<total>2</total>
				<timestamp>711.132089</timestamp>
			</report>
			<report>
				<misses>23800000</misses>
				<total>2</total>
				<timestamp>714.132383</timestamp>
			</report>
			<report>
				<misses>23900000</misses>
				<total>2</total>
				<timestamp>717.133367</timestamp>
			</report>
			<report>
				<misses>24000000</misses>
				<total>2</total>
				<timestamp>720.134702</timestamp>
			</report>
			<report>
				<misses>24100000</misses>
				<total>2</total>
				<timestamp>723.134940</timestamp>
			</report>
			<report>
				<misses>24200000</misses>
				<total>2</total>
				<timestamp>726.135341</timestamp>
			</report>
			<report>
				<misses>24300000</misses>
				<total>2</total>
				<timestamp>729.135630</timestamp>
			</report>
			<report>
				<misses>24400000</misses>
				<total>2</total>
				<timestamp>732.135842</timestamp>
			</report>
			<report>
				<misses>24500000</misses>
				<total>2</total>
				<timestamp>735.136075</timestamp>
			</report>
			<report>
				<misses>24600000</misses>
				<total>2</total>
				<timestamp>738.136235</timestamp>
			</report>
			<report>
				<misses>24700000</misses>
				<total>2</total>
				<timestamp>741.136239</timestamp>
			</report>
			<report>
				<misses>24800000</misses>
				<total>2</total>
				<timestamp>744.136403</timestamp>
			</report>
			<report>
				<misses>24900000</misses>
				<total>2</total>
				<timestamp>747.137324</timestamp>
			</report>
			<report>
				<misses>25000000</misses>
				<total>2</total>
				<timestamp>750.138141</timestamp>
			</report>
			<report>
				<misses>25100000</misses>
				<total>2</total>
				<timestamp>753.138751</timestamp>
			</report>
			<report>
				<misses>25200000</misses>
				<total>2</total>
				<timestamp>756.139944</timestamp>
			</report>
			<report>
				<misses>25300000</misses>
				<total>2</total>
				<timestamp>759.142141</timestamp>
			</report>
			<report>
				<misses>25400000</misses>
				<total>2</total>
				<timestamp>762.142618</timestamp>
			</report>
			<report>
				<misses>25500000</misses>
				<total>2</total>
				<timestamp>765.143814</timestamp>
			</report>
			<report>
				<misses>25600000</misses>
				<total>2</total>
				<timestamp>768.144614</timestamp>
			</report>
			<report>
				<misses>25700000</misses>
				<total>2</total>
				<timestamp>771.145337</timestamp>
			</report>
			<report>
				<misses>25800000</misses>
				<total>2</total>
				<timestamp>774.146901</timestamp>
			</report>
			<report>
				<misses>25900000</misses>
				<total>2</total>
				<timestamp>777.147052</timestamp>
			</report>
			<report>
				<misses>26000000</misses>
				<total>2</total>
				<timestamp>780.147046</timestamp>
			</report>
			<report>
				<misses>26100000</misses>
				<total>2</total>
				<timestamp>783.147354</timestamp>
			</report>
			<report>
				<misses>26200000</misses>
				<total>2</total>
				<timestamp>786.148131</timestamp>
			</report>
			<report>
				<misses>26300000</misses>
				<total>2</total>
				<timestamp>789.148533</timestamp>
			</report>
			<report>
				<misses>26400000</misses>
				<total>2</total>
				<timestamp>792.148821</timestamp>
			</report>
			<report>
				<misses>26500000</misses>
				<total>2</total>
				<timestamp>795.148900</timestamp>
			</report>
			<report>
				<misses>26600000</misses>
				<total>2</total>
				<timestamp>798.149288</timestamp>
			</report>
			<report>
				<misses>26700000</misses>
				<total>2</total>
				<timestamp>801.149563</timestamp>
			</report>
			<report>
				<misses>26800000</misses>
				<total>2</total>
				<timestamp>804.149692</timestamp>
			</report>
			<report>
				<misses>26900000</misses>
				<total>2</total>
				<timestamp>807.149726</timestamp>
			</report>
			<report>
				<misses>27000000</misses>
				<total>2</total>
				<timestamp>810.150054</timestamp>
			</report>
			<report>
				<misses>27100000</misses>
				<total>2</total>
				<timestamp>813.151476</timestamp>
			</report>
			<report>
				<misses>27200000</misses>
				<total>2</total>
				<timestamp>816.151826</timestamp>
			</report>
			<report>
				<misses>27300000</misses>
				<total>2</total>
				<timestamp>819.151903</timestamp>
			</report>
			<report>
				<misses>27400000</misses>
				<total>2</total>
				<timestamp>822.152222</timestamp>
			</report>
			<report>
				<misses>27500000</misses>
				<total>2</total>
				<timestamp>825.153100</timestamp>
			</report>
			<report>
				<misses>27600000</misses>
				<total>2</total>
				<timestamp>828.153189</timestamp>
			</report>
			<report>
				<misses>27700000</misses>
				<total>2</total>
				<timestamp>831.153268</timestamp>
			</report>
			<report>
				<misses>27800000</misses>
				<total>2</total>
				<timestamp>834.153544</timestamp>
			</report>
			<report>
				<misses>27900000</misses>
				<total>2</total>
				<timestamp>837.154743</timestamp>
			</report>
			<report>
				<misses>28000000</misses>
				<total>2</total>
				<timestamp>840.156690</timestamp>
			</report>
			<report>
				<misses>28100000</misses>
				<total>2</total>
				<timestamp>843.157348</timestamp>
			</report>
			<report>
				<misses>28200000</misses>
				<total>2</total>
				<timestamp>846.158540</timestamp>
			</report>
			<report>
				<misses>28300000</misses>
				<total>3</total>
				<timestamp>849.158783</timestamp>
			</report>
			<report>
				<misses>28400000</misses>
				<total>3</total>
				<timestamp>852.158918</timestamp>
			</report>
			<report>
				<misses>28500000</misses>
				<total>3</total>
				<timestamp>855.159359</timestamp>
			</report>
			<report>
				<misses>28600000</misses>
				<total>3</total>
				<timestamp>858.159377</timestamp>
			</report>
			<report>
				<misses>28700000</misses>
				<total>3</total>
				<timestamp>861.160202</timestamp>
			</report>
			<report>
				<misses>28800000</misses>
				<total>3</total>
				<timestamp>864.160915</timestamp>
			</report>
			<report>
				<misses>28900000</misses>
				<total>3</total>
				<timestamp>867.161169</timestamp>
			</report>
			<report>
				<misses>29000000</misses>
				<total>3</total>
				<timestamp>870.161356</timestamp>
			</report>
			<report>
				<misses>29100000</misses>
				<total>3</total>
				<timestamp>873.161357</timestamp>
			</report>
			<report>
				<misses>29200000</misses>
				<total>3</total>
				<timestamp>876.161397</timestamp>
			</report>
			<report>
				<misses>29300000</misses>
				<total>3</total>
				<timestamp>879.161487</timestamp>
			</report>
			<report>
				<misses>29400000</misses>
				<total>3</total>
				<timestamp>882.161996</timestamp>
			</report>
			<report>
				<misses>29500000</misses>
				<total>3</total>
				<timestamp>885.163315</timestamp>
			</report>
			<report>
				<misses>29600000</misses>
				<total>3</total>
				<timestamp>888.163966</timestamp>
			</report>
			<report>
				<misses>29700000</misses>
				<total>3</total>
				<timestamp>891.164477</timestamp>
			</report>
			<report>
				<misses>29800000</misses>
				<total>3</total>
				<timestamp>894.165209</timestamp>
			</report>
			<report>
				<misses>29900000</misses>
				<total>3</total>
				<timestamp>897.165336</timestamp>
			</report>
			<report>
				<misses>30000000</misses>
				<total>3</total>
				<timestamp>900.165437</timestamp>
			</report>
			<report>
				<misses>30100000</misses>
				<total>3</total>
				<timestamp>903.165665</timestamp>
			</report>
			<report>
				<misses>30200000</misses>
				<total>3</total>
				<timestamp>906.165736</timestamp>
			</report>
			<report>
				<misses>30300000</misses>
				<total>3</total>
				<timestamp>909.165868</timestamp>
			</report>
			<report>
				<misses>30400000</misses>
				<total>3</total>
				<timestamp>912.165913</timestamp>
			</report>
			<report>
				<misses>30500000</misses>
				<total>3</total>
				<timestamp>915.167097</timestamp>
			</report>
			<report>
				<misses>30600000</misses>
				<total>3</total>
				<timestamp>918.167653</timestamp>
			</report>
			<report>
				<misses>30700000</misses>
				<total>3</total>
				<timestamp>921.167682</timestamp>
			</report>
			<report>
				<misses>30800000</misses>
				<total>3</total>
				<timestamp>924.167696</timestamp>
			</report>
			<report>
				<misses>30900000</misses>
				<total>3</total>
				<timestamp>927.167723</timestamp>
			</report>
			<report>
				<misses>31000000</misses>
				<total>3</total>
				<timestamp>930.167922</timestamp>
			</report>
			<report>
				<misses>31100000</misses>
				<total>3</total>
				<timestamp>933.168174</timestamp>
			</report>
			<report>
				<misses>31200000</misses>
				<total>3</total>
				<timestamp>936.168441</timestamp>
			</report>
			<report>
				<misses>31300000</misses>
				<total>3</total>
				<timestamp>939.168627</timestamp>
			</report>
			<report>
				<misses>31400000</misses>
				<total>3</total>
				<timestamp>942.169222</timestamp>
			</report>
			<report>
				<misses>31500000</misses>
				<total>3</total>
				<timestamp>945.169308</timestamp>
			</report>
			<report>
				<misses>31600000</misses>
				<total>3</total>
				<timestamp>948.169851</timestamp>
			</report>
			<report>
				<misses>31700000</misses>
				<total>3</total>
				<timestamp>951.169942</timestamp>
			</report>
			<report>
				<misses>31800000</misses>
				<total>3</total>
				<timestamp>954.170150</timestamp>
			</report>
			<report>
				<misses>31900000</misses>
				<total>3</total>
				<timestamp>957.170163</timestamp>
			</report>
			<report>
				<misses>32000000</misses>
				<total>3</total>
				<timestamp>960.170208</timestamp>
			</report>
			<report>
				<misses>32100000</misses>
				<total>3</total>
				<timestamp>963.170406</timestamp>
			</report>
			<report>
				<misses>32200000</misses>
				<total>3</total>
				<timestamp>966.170632</timestamp>
			</report>
			<report>
				<misses>32300000</misses>
				<total>3</total>
				<timestamp>969.171285</timestamp>
			</report>
			<report>
				<misses>32400000</misses>
				<total>3</total>
				<timestamp>972.171469</timestamp>
			</report>
			<report>
				<misses>32500000</misses>
				<total>3</total>
				<timestamp>975.171735</timestamp>
			</report>
			<report>
				<misses>32600000</misses>
				<total>3</total>
				<timestamp>978.171743</timestamp>
			</report>
			<report>
				<misses>32700000</misses>
				<total>3</total>
				<timestamp>981.171766</timestamp>
			</report>
			<report>
				<misses>32800000</misses>
				<total>3</total>
				<timestamp>984.171923</timestamp>
			</report>
			<report>
				<misses>32900000</misses>
				<total>3</total>
				<timestamp>987.172380</timestamp>
			</report>
			<report>
				<misses>33000000</misses>
				<total>3</total>
				<timestamp>990.172484</timestamp>
			</report>
			<report>
				<misses>33100000</misses>
				<total>3</total>
				<timestamp>993.172613</timestamp>
			</report>
			<report>
				<misses>33200000</misses>
				<total>3</total>
				<timestamp>996.172962</timestamp>
			</report>
			<report>
				<misses>33300000</misses>
				<total>3</total>
				<timestamp>999.173142</timestamp>
			</report>
			<report>
				<misses>33400000</misses>
				<total>3</total>
				<timestamp>1002.173378</timestamp>
			</report>
			<report>
				<misses>33500000</misses>
				<total>3</total>
				<timestamp>1005.173540</timestamp>
			</report>
			<report>
				<misses>33600000</misses>
				<total>3</total>
				<timestamp>1008.173687</timestamp>
			</report>
			<report>
				<misses>33700000</misses>
				<total>3</total>
				<timestamp>1011.174307</timestamp>
			</report>
			<report>
				<misses>33800000</misses>
				<total>3</total>
				<timestamp>1014.174659</timestamp>
			</report>
			<report>
				<misses>33900000</misses>
				<total>3</total>
				<timestamp>1017.175789</timestamp>
			</report>
			<report>
				<misses>34000000</misses>
				<total>3</total>
				<timestamp>1020.176751</timestamp>
			</report>
			<report>
				<misses>34100000</misses>
				<total>3</total>
				<timestamp>1023.177056</timestamp>
			</report>
			<report>
				<misses>34200000</misses>
				<total>3</total>
				<timestamp>1026.177712</timestamp>
			</report>
			<report>
				<misses>34300000</misses>
				<total>3</total>
				<timestamp>1029.177932</timestamp>
			</report>
			<report>
				<misses>34400000</misses>
				<total>3</total>
				<timestamp>1032.177978</timestamp>
			</report>
			<report>
				<misses>34500000</misses>
				<total>3</total>
				<timestamp>1035.177998</timestamp>
			</report>
			<report>
				<misses>34600000</misses>
				<total>3</total>
				<timestamp>1038.178255</timestamp>
			</report>
			<report>
				<misses>34700000</misses>
				<total>3</total>
				<timestamp>1041.179256</timestamp>
			</report>
			<report>
				<misses>34800000</misses>
				<total>3</total>
				<timestamp>1044.179761</timestamp>
			</report>
			<report>
				<misses>34900000</misses>
				<total>3</total>
				<timestamp>1047.179790</timestamp>
			</report>
			<report>
				<misses>35000000</misses>
				<total>3</total>
				<timestamp>1050.179935</timestamp>
			</report>
			<report>
				<misses>35100000</misses>
				<total>3</total>
				<timestamp>1053.180204</timestamp>
			</report>
			<report>
				<misses>35200000</misses>
				<total>3</total>
				<timestamp>1056.180449</timestamp>
			</report>
			<report>
				<misses>35300000</misses>
				<total>3</total>
				<timestamp>1059.180626</timestamp>
			</report>
			<report>
				<misses>35400000</misses>
				<total>3</total>
				<timestamp>1062.181308</timestamp>
			</report>
			<report>
				<misses>35500000</misses>
				<total>3</total>
				<timestamp>1065.182217</timestamp>
			</report>
			<report>
				<misses>35600000</misses>
				<total>3</total>
				<timestamp>1068.182331</timestamp>
			</report>
			<report>
				<misses>35700000</misses>
				<total>3</total>
				<timestamp>1071.182359</timestamp>
			</report>
			<report>
				<misses>35800000</misses>
				<total>3</total>
				<timestamp>1074.182386</timestamp>
			</report>
			<report>
				<misses>35900000</misses>
				<total>3</total>
				<timestamp>1077.182425</timestamp>
			</report>
			<report>
				<misses>36000000</misses>
				<total>3</total>
				<timestamp>1080.183712</timestamp>
			</report>
			<report>
				<misses>36100000</misses>
				<total>3</total>
				<timestamp>1083.183825</timestamp>
			</report>
			<report>
				<misses>36200000</misses>
				<total>3</total>
				<timestamp>1086.184668</timestamp>
			</report>
			<report>
				<misses>36300000</misses>
				<total>3</total>
				<timestamp>1089.185270</timestamp>
			</report>
			<report>
				<misses>36400000</misses>
				<total>3</total>
				<timestamp>1092.186218</timestamp>
			</report>
			<report>
				<misses>36500000</misses>
				<total>3</total>
				<timestamp>1095.186988</timestamp>
			</report>
			<report>
				<misses>36600000</misses>
				<total>3</total>
				<timestamp>1098.188914</timestamp>
			</report>
			<report>
				<misses>36700000</misses>
				<total>3</total>
				<timestamp>1101.188919</timestamp>
			</report>
			<report>
				<misses>36800000</misses>
				<total>3</total>
				<timestamp>1104.188935</timestamp>
			</report>
			<report>
				<misses>36900000</misses>
				<total>3</total>
				<timestamp>1107.190977</timestamp>
			</report>
			<report>
				<misses>37000000</misses>
				<total>3</total>
				<timestamp>1110.191657</timestamp>
			</report>
			<report>
				<misses>37100000</misses>
				<total>3</total>
				<timestamp>1113.192599</timestamp>
			</report>
			<report>
				<misses>37200000</misses>
				<total>3</total>
				<timestamp>1116.192768</timestamp>
			</report>
			<report>
				<misses>37300000</misses>
				<total>3</total>
				<timestamp>1119.193139</timestamp>
			</report>
			<report>
				<misses>37400000</misses>
				<total>3</total>
				<timestamp>1122.193267</timestamp>
			</report>
			<report>
				<misses>37500000</misses>
				<total>3</total>
				<timestamp>1125.193292</timestamp>
			</report>
			<report>
				<misses>37600000</misses>
				<total>3</total>
				<timestamp>1128.193486</timestamp>
			</report>
			<report>
				<misses>37700000</misses>
				<total>3</total>
				<timestamp>1131.194870</timestamp>
			</report>
			<report>
				<misses>37800000</misses>
				<total>3</total>
				<timestamp>1134.195834</timestamp>
			</report>
			<report>
				<misses>37900000</misses>
				<total>3</total>
				<timestamp>1137.196294</timestamp>
			</report>
			<report>
				<misses>38000000</misses>
				<total>3</total>
				<timestamp>1140.196755</timestamp>
			</report>
			<report>
				<misses>38100000</misses>
				<total>3</total>
				<timestamp>1143.197113</timestamp>
			</report>
			<report>
				<misses>38200000</misses>
				<total>3</total>
				<timestamp>1146.197519</timestamp>
			</report>
			<report>
				<misses>38300000</misses>
				<total>3</total>
				<timestamp>1149.198212</timestamp>
			</report>
			<report>
				<misses>38400000</misses>
				<total>3</total>
				<timestamp>1152.199321</timestamp>
			</report>
			<report>
				<misses>38500000</misses>
				<total>3</total>
				<timestamp>1155.200036</timestamp>
			</report>
			<report>
				<misses>38600000</misses>
				<total>3</total>
				<timestamp>1158.201050</timestamp>
			</report>
			<report>
				<misses>38700000</misses>
				<total>3</total>
				<timestamp>1161.201147</timestamp>
			</report>
			<report>
				<misses>38800000</misses>
				<total>3</total>
				<timestamp>1164.202380</timestamp>
			</report>
			<report>
				<misses>38900000</misses>
				<total>3</total>
				<timestamp>1167.202488</timestamp>
			</report>
			<report>
				<misses>39000000</misses>
				<total>3</total>
				<timestamp>1170.202562</timestamp>
			</report>
			<report>
				<misses>39100000</misses>
				<total>3</total>
				<timestamp>1173.203477</timestamp>
			</report>
			<report>
				<misses>39200000</misses>
				<total>3</total>
				<timestamp>1176.203801</timestamp>
			</report>
			<report>
				<misses>39300000</misses>
				<total>3</total>
				<timestamp>1179.204386</timestamp>
			</report>
			<report>
				<misses>39400000</misses>
				<total>3</total>
				<timestamp>1182.205050</timestamp>
			</report>
			<report>
				<misses>39500000</misses>
				<total>3</total>
				<timestamp>1185.205711</timestamp>
			</report>
			<report>
				<misses>39600000</misses>
				<total>3</total>
				<timestamp>1188.206684</timestamp>
			</report>
			<report>
				<misses>39700000</misses>
				<total>3</total>
				<timestamp>1191.206856</timestamp>
			</report>
			<report>
				<misses>39800000</misses>
				<total>3</total>
				<timestamp>1194.207057</timestamp>
			</report>
			<report>
				<misses>39900000</misses>
				<total>3</total>
				<timestamp>1197.207530</timestamp>
			</report>
			<report>
				<misses>40000000</misses>
				<total>3</total>
				<timestamp>1200.208098</timestamp>
			</report>
			<report>
				<misses>40100000</misses>
				<total>3</total>
				<timestamp>1203.209965</timestamp>
			</report>
			<report>
				<misses>40200000</misses>
				<total>3</total>
				<timestamp>1206.211259</timestamp>
			</report>
			<report>
				<misses>40300000</misses>
				<total>3</total>
				<timestamp>1209.211378</timestamp>
			</report>
			<report>
				<misses>40400000</misses>
				<total>3</total>
				<timestamp>1212.211596</timestamp>
			</report>
			<report>
				<misses>40500000</misses>
				<total>3</total>
				<timestamp>1215.211611</timestamp>
			</report>
			<report>
				<misses>40600000</misses>
				<total>3</total>
				<timestamp>1218.211608</timestamp>
			</report>
			<report>
				<misses>40700000</misses>
				<total>3</total>
				<timestamp>1221.211774</timestamp>
			</report>
			<report>
				<misses>40800000</misses>
				<total>3</total>
				<timestamp>1224.212880</timestamp>
			</report>
			<report>
				<misses>40900000</misses>
				<total>3</total>
				<timestamp>1227.213895</timestamp>
			</report>
			<report>
				<misses>41000000</misses>
				<total>3</total>
				<timestamp>1230.214580</timestamp>
			</report>
			<report>
				<misses>41100000</misses>
				<total>3</total>
				<timestamp>1233.216425</timestamp>
			</report>
			<report>
				<misses>41200000</misses>
				<total>3</total>
				<timestamp>1236.217560</timestamp>
			</report>
			<report>
				<misses>41300000</misses>
				<total>3</total>
				<timestamp>1239.217790</timestamp>
			</report>
			<report>
				<misses>41400000</misses>
				<total>3</total>
				<timestamp>1242.217867</timestamp>
			</report>
			<report>
				<misses>41500000</misses>
				<total>3</total>
				<timestamp>1245.218021</timestamp>
			</report>
			<report>
				<misses>41600000</misses>
				<total>3</total>
				<timestamp>1248.218207</timestamp>
			</report>
			<report>
				<misses>41700000</misses>
				<total>3</total>
				<timestamp>1251.218568</timestamp>
			</report>
			<report>
				<misses>41800000</misses>
				<total>3</total>
				<timestamp>1254.218710</timestamp>
			</report>
			<report>
				<misses>41900000</misses>
				<total>3</total>
				<timestamp>1257.219650</timestamp>
			</report>
			<report>
				<misses>42000000</misses>
				<total>3</total>
				<timestamp>1260.219739</timestamp>
			</report>
			<report>
				<misses>42100000</misses>
				<total>3</total>
				<timestamp>1263.219791</timestamp>
			</report>
			<report>
				<misses>42200000</misses>
				<total>3</total>
				<timestamp>1266.220524</timestamp>
			</report>
			<report>
				<misses>42300000</misses>
				<total>3</total>
				<timestamp>1269.221861</timestamp>
			</report>
			<report>
				<misses>42400000</misses>
				<total>3</total>
				<timestamp>1272.221879</timestamp>
			</report>
			<report>
				<misses>42500000</misses>
				<total>3</total>
				<timestamp>1275.221911</timestamp>
			</report>
			<report>
				<misses>42600000</misses>
				<total>3</total>
				<timestamp>1278.221936</timestamp>
			</report>
			<report>
				<misses>42700000</misses>
				<total>3</total>
				<timestamp>1281.222968</timestamp>
			</report>
			<report>
				<misses>42800000</misses>
				<total>3</total>
				<timestamp>1284.223817</timestamp>
			</report>
			<report>
				<misses>42900000</misses>
				<total>3</total>
				<timestamp>1287.224098</timestamp>
			</report>
			<report>
				<misses>43000000</misses>
				<total>3</total>
				<timestamp>1290.225148</timestamp>
			</report>
			<report>
				<misses>43100000</misses>
				<total>3</total>
				<timestamp>1293.226622</timestamp>
			</report>
			<report>
				<misses>43200000</misses>
				<total>3</total>
				<timestamp>1296.226781</timestamp>
			</report>
			<report>
				<misses>43300000</misses>
				<total>3</total>
				<timestamp>1299.227156</timestamp>
			</report>
			<report>
				<misses>43400000</misses>
				<total>3</total>
				<timestamp>1302.227633</timestamp>
			</report>
			<report>
				<misses>43500000</misses>
				<total>3</total>
				<timestamp>1305.227770</timestamp>
			</report>
			<report>
				<misses>43600000</misses>
				<total>3</total>
				<timestamp>1308.229140</timestamp>
			</report>
			<report>
				<misses>43700000</misses>
				<total>3</total>
				<timestamp>1311.230333</timestamp>
			</report>
			<report>
				<misses>43800000</misses>
				<total>3</total>
				<timestamp>1314.230503</timestamp>
			</report>
			<report>
				<misses>43900000</misses>
				<total>3</total>
				<timestamp>1317.230529</timestamp>
			</report>
			<report>
				<misses>44000000</misses>
				<total>3</total>
				<timestamp>1320.230807</timestamp>
			</report>
			<report>
				<misses>44100000</misses>
				<total>3</total>
				<timestamp>1323.232400</timestamp>
			</report>
			<report>
				<misses>44200000</misses>
				<total>3</total>
				<timestamp>1326.233141</timestamp>
			</report>
			<report>
				<misses>44300000</misses>
				<total>3</total>
				<timestamp>1329.233872</timestamp>
			</report>
			<report>
				<misses>44400000</misses>
				<total>3</total>
				<timestamp>1332.234015</timestamp>
			</report>
			<report>
				<misses>44500000</misses>
				<total>3</total>
				<timestamp>1335.234531</timestamp>
			</report>
			<report>
				<misses>44600000</misses>
				<total>3</total>
				<timestamp>1338.234925</timestamp>
			</report>
			<report>
				<misses>44700000</misses>
				<total>3</total>
				<timestamp>1341.236554</timestamp>
			</report>
			<report>
				<misses>44800000</misses>
				<total>3</total>
				<timestamp>1344.237377</timestamp>
			</report>
			<report>
				<misses>44900000</misses>
				<total>3</total>
				<timestamp>1347.237726</timestamp>
			</report>
			<report>
				<misses>45000000</misses>
				<total>3</total>
				<timestamp>1350.238206</timestamp>
			</report>
			<report>
				<misses>45100000</misses>
				<total>3</total>
				<timestamp>1353.238279</timestamp>
			</report>
			<report>
				<misses>45200000</misses>
				<total>3</total>
				<timestamp>1356.238393</timestamp>
			</report>
			<report>
				<misses>45300000</misses>
				<total>3</total>
				<timestamp>1359.240312</timestamp>
			</report>
			<report>
				<misses>45400000</misses>
				<total>3</total>
				<timestamp>1362.241534</timestamp>
			</report>
			<report>
				<misses>45500000</misses>
				<total>3</total>
				<timestamp>1365.242000</timestamp>
			</report>
			<report>
				<misses>45600000</misses>
				<total>3</total>
				<timestamp>1368.242362</timestamp>
			</report>
			<report>
				<misses>45700000</misses>
				<total>3</total>
				<timestamp>1371.243242</timestamp>
			</report>
			<report>
				<misses>45800000</misses>
				<total>3</total>
				<timestamp>1374.243425</timestamp>
			</report>
			<report>
				<misses>45900000</misses>
				<total>3</total>
				<timestamp>1377.244238</timestamp>
			</report>
			<report>
				<misses>46000000</misses>
				<total>3</total>
				<timestamp>1380.244709</timestamp>
			</report>
			<report>
				<misses>46100000</misses>
				<total>3</total>
				<timestamp>1383.246139</timestamp>
			</report>
			<report>
				<misses>46200000</misses>
				<total>3</total>
				<timestamp>1386.248510</timestamp>
			</report>
			<report>
				<misses>46300000</misses>
				<total>3</total>
				<timestamp>1389.249473</timestamp>
			</report>
			<report>
				<misses>46400000</misses>
				<total>3</total>
				<timestamp>1392.250462</timestamp>
			</report>
			<report>
				<misses>46500000</misses>
				<total>3</total>
				<timestamp>1395.250805</timestamp>
			</report>
			<report>
				<misses>46600000</misses>
				<total>3</total>
				<timestamp>1398.250825</timestamp>
			</report>
			<report>
				<misses>46700000</misses>
				<total>3</total>
				<timestamp>1401.251644</timestamp>
			</report>
			<report>
				<misses>46800000</misses>
				<total>3</total>
				<timestamp>1404.251842</timestamp>
			</report>
			<report>
				<misses>46900000</misses>
				<total>3</total>
				<timestamp>1407.252377</timestamp>
			</report>
			<report>
				<misses>47000000</misses>
				<total>3</total>
				<timestamp>1410.252478</timestamp>
			</report>
			<report>
				<misses>47100000</misses>
				<total>3</total>
				<timestamp>1413.254104</timestamp>
			</report>
			<report>
				<misses>47200000</misses>
				<total>3</total>
				<timestamp>1416.255441</timestamp>
			</report>
			<report>
				<misses>47300000</misses>
				<total>3</total>
				<timestamp>1419.256697</timestamp>
			</report>
			<report>
				<misses>47400000</misses>
				<total>3</total>
				<timestamp>1422.256722</timestamp>
			</report>
			<report>
				<misses>47500000</misses>
				<total>3</total>
				<timestamp>1425.256915</timestamp>
			</report>
			<report>
				<misses>47600000</misses>
				<total>3</total>
				<timestamp>1428.256972</timestamp>
			</report>
			<report>
				<misses>47700000</misses>
				<total>3</total>
				<timestamp>1431.257483</timestamp>
			</report>
			<report>
				<misses>47800000</misses>
				<total>3</total>
				<timestamp>1434.257538</timestamp>
			</report>
			<report>
				<misses>47900000</misses>
				<total>3</total>
				<timestamp>1437.257618</timestamp>
			</report>
			<report>
				<misses>48000000</misses>
				<total>3</total>
				<timestamp>1440.257938</timestamp>
			</report>
			<report>
				<misses>48100000</misses>
				<total>3</total>
				<timestamp>1443.258011</timestamp>
			</report>
			<report>
				<misses>48200000</misses>
				<total>3</total>
				<timestamp>1446.258032</timestamp>
			</report>
			<report>
				<misses>48300000</misses>
				<total>3</total>
				<timestamp>1449.258145</timestamp>
			</report>
			<report>
				<misses>48400000</misses>
				<total>3</total>
				<timestamp>1452.259595</timestamp>
			</report>
			<report>
				<misses>48500000</misses>
				<total>3</total>
				<timestamp>1455.259702</timestamp>
			</report>
			<report>
				<misses>48600000</misses>
				<total>3</total>
				<timestamp>1458.260049</timestamp>
			</report>
			<report>
				<misses>48700000</misses>
				<total>3</total>
				<timestamp>1461.260084</timestamp>
			</report>
			<report>
				<misses>48800000</misses>
				<total>3</total>
				<timestamp>1464.260104</timestamp>
			</report>
			<report>
				<misses>48900000</misses>
				<total>3</total>
				<timestamp>1467.260151</timestamp>
			</report>
			<report>
				<misses>49000000</misses>
				<total>3</total>
				<timestamp>1470.260661</timestamp>
			</report>
			<report>
				<misses>49100000</misses>
				<total>3</total>
				<timestamp>1473.262280</timestamp>
			</report>
			<report>
				<misses>49200000</misses>
				<total>3</total>
				<timestamp>1476.263581</timestamp>
			</report>
			<report>
				<misses>49300000</misses>
				<total>3</total>
				<timestamp>1479.264059</timestamp>
			</report>
			<report>
				<misses>49400000</misses>
				<total>3</total>
				<timestamp>1482.264182</timestamp>
			</report>
			<report>
				<misses>49500000</misses>
				<total>3</total>
				<timestamp>1485.265472</timestamp>
			</report>
			<report>
				<misses>49600000</misses>
				<total>3</total>
				<timestamp>1488.265943</timestamp>
			</report>
			<report>
				<misses>49700000</misses>
				<total>3</total>
				<timestamp>1491.265999</timestamp>
			</report>
			<report>
				<misses>49800000</misses>
				<total>3</total>
				<timestamp>1494.266036</timestamp>
			</report>
			<report>
				<misses>49900000</misses>
				<total>3</total>
				<timestamp>1497.266776</timestamp>
			</report>
			<report>
				<misses>50000000</misses>
				<total>3</total>
				<timestamp>1500.266862</timestamp>
			</report>
			<report>
				<misses>50100000</misses>
				<total>3</total>
				<timestamp>1503.266886</timestamp>
			</report>
			<report>
				<misses>50200000</misses>
				<total>3</total>
				<timestamp>1506.267535</timestamp>
			</report>
			<report>
				<misses>50300000</misses>
				<total>3</total>
				<timestamp>1509.268044</timestamp>
			</report>
			<report>
				<misses>50400000</misses>
				<total>3</total>
				<timestamp>1512.268802</timestamp>
			</report>
			<report>
				<misses>50500000</misses>
				<total>3</total>
				<timestamp>1515.268936</timestamp>
			</report>
			<report>
				<misses>50600000</misses>
				<total>3</total>
				<timestamp>1518.268938</timestamp>
			</report>
			<report>
				<misses>50700000</misses>
				<total>3</total>
				<timestamp>1521.269336</timestamp>
			</report>
			<report>
				<misses>50800000</misses>
				<total>3</total>
				<timestamp>1524.270598</timestamp>
			</report>
			<report>
				<misses>50900000</misses>
				<total>3</total>
				<timestamp>1527.271929</timestamp>
			</report>
			<report>
				<misses>51000000</misses>
				<total>3</total>
				<timestamp>1530.273052</timestamp>
			</report>
			<report>
				<misses>51100000</misses>
				<total>3</total>
				<timestamp>1533.273219</timestamp>
			</report>
			<report>
				<misses>51200000</misses>
				<total>3</total>
				<timestamp>1536.273415</timestamp>
			</report>
			<report>
				<misses>51300000</misses>
				<total>3</total>
				<timestamp>1539.273451</timestamp>
			</report>
			<report>
				<misses>51400000</misses>
				<total>3</total>
				<timestamp>1542.274704</timestamp>
			</report>
			<report>
				<misses>51500000</misses>
				<total>3</total>
				<timestamp>1545.274744</timestamp>
			</report>
			<report>
				<misses>51600000</misses>
				<total>3</total>
				<timestamp>1548.275099</timestamp>
			</report>
			<report>
				<misses>51700000</misses>
				<total>3</total>
				<timestamp>1551.275120</timestamp>
			</report>
			<report>
				<misses>51800000</misses>
				<total>3</total>
				<timestamp>1554.275292</timestamp>
			</report>
			<report>
				<misses>51900000</misses>
				<total>3</total>
				<timestamp>1557.275353</timestamp>
			</report>
			<report>
				<misses>52000000</misses>
				<total>3</total>
				<timestamp>1560.275658</timestamp>
			</report>
			<report>
				<misses>52100000</misses>
				<total>3</total>
				<timestamp>1563.276179</timestamp>
			</report>
			<report>
				<misses>52200000</misses>
				<total>3</total>
				<timestamp>1566.276280</timestamp>
			</report>
			<report>
				<misses>52300000</misses>
				<total>3</total>
				<timestamp>1569.276287</timestamp>
			</report>
			<report>
				<misses>52400000</misses>
				<total>3</total>
				<timestamp>1572.276300</timestamp>
			</report>
			<report>
				<misses>52500000</misses>
				<total>3</total>
				<timestamp>1575.277163</timestamp>
			</report>
			<report>
				<misses>52600000</misses>
				<total>3</total>
				<timestamp>1578.277488</timestamp>
			</report>
			<report>
				<misses>52700000</misses>
				<total>3</total>
				<timestamp>1581.277504</timestamp>
			</report>
			<report>
				<misses>52800000</misses>
				<total>3</total>
				<timestamp>1584.277879</timestamp>
			</report>
			<report>
				<misses>52900000</misses>
				<total>3</total>
				<timestamp>1587.278454</timestamp>
			</report>
			<report>
				<misses>53000000</misses>
				<total>3</total>
				<timestamp>1590.279016</timestamp>
			</report>
			<report>
				<misses>53100000</misses>
				<total>3</total>
				<timestamp>1593.279133</timestamp>
			</report>
			<report>
				<misses>53200000</misses>
				<total>3</total>
				<timestamp>1596.279228</timestamp>
			</report>
			<report>
				<misses>53300000</misses>
				<total>3</total>
				<timestamp>1599.279376</timestamp>
			</report>
			<report>
				<misses>53400000</misses>
				<total>3</total>
				<timestamp>1602.279769</timestamp>
			</report>
			<report>
				<misses>53500000</misses>
				<total>3</total>
				<timestamp>1605.282108</timestamp>
			</report>
			<report>
				<misses>53600000</misses>
				<total>3</total>
				<timestamp>1608.283090</timestamp>
			</report>
			<report>
				<misses>53700000</misses>
				<total>3</total>
				<timestamp>1611.284070</timestamp>
			</report>
			<report>
				<misses>53800000</misses>
				<total>3</total>
				<timestamp>1614.284350</timestamp>
			</report>
			<report>
				<misses>53900000</misses>
				<total>3</total>
				<timestamp>1617.285119</timestamp>
			</report>
			<report>
				<misses>54000000</misses>
				<total>3</total>
				<timestamp>1620.285163</timestamp>
			</report>
			<report>
				<misses>54100000</misses>
				<total>3</total>
				<timestamp>1623.285195</timestamp>
			</report>
			<report>
				<misses>54200000</misses>
				<total>3</total>
				<timestamp>1626.286825</timestamp>
			</report>
			<report>
				<misses>54300000</misses>
				<total>3</total>
				<timestamp>1629.287388</timestamp>
			</report>
			<report>
				<misses>54400000</misses>
				<total>3</total>
				<timestamp>1632.288352</timestamp>
			</report>
			<report>
				<misses>54500000</misses>
				<total>3</total>
				<timestamp>1635.288496</timestamp>
			</report>
			<report>
				<misses>54600000</misses>
				<total>3</total>
				<timestamp>1638.288506</timestamp>
			</report>
			<report>
				<misses>54700000</misses>
				<total>3</total>
				<timestamp>1641.288683</timestamp>
			</report>
			<report>
				<misses>54800000</misses>
				<total>3</total>
				<timestamp>1644.289246</timestamp>
			</report>
			<report>
				<misses>54900000</misses>
				<total>3</total>
				<timestamp>1647.290754</timestamp>
			</report>
			<report>
				<misses>55000000</misses>
				<total>3</total>
				<timestamp>1650.291564</timestamp>
			</report>
			<report>
				<misses>55100000</misses>
				<total>3</total>
				<timestamp>1653.292398</timestamp>
			</report>
			<report>
				<misses>55200000</misses>
				<total>3</total>
				<timestamp>1656.292906</timestamp>
			</report>
			<report>
				<misses>55300000</misses>
				<total>3</total>
				<timestamp>1659.293063</timestamp>
			</report>
			<report>
				<misses>55400000</misses>
				<total>3</total>
				<timestamp>1662.293100</timestamp>
			</report>
			<report>
				<misses>55500000</misses>
				<total>3</total>
				<timestamp>1665.293189</timestamp>
			</report>
			<report>
				<misses>55600000</misses>
				<total>3</total>
				<timestamp>1668.293393</timestamp>
			</report>
			<report>
				<misses>55700000</misses>
				<total>3</total>
				<timestamp>1671.293862</timestamp>
			</report>
			<report>
				<misses>55800000</misses>
				<total>3</total>
				<timestamp>1674.294109</timestamp>
			</report>
			<report>
				<misses>55900000</misses>
				<total>3</total>
				<timestamp>1677.294644</timestamp>
			</report>
			<report>
				<misses>56000000</misses>
				<total>3</total>
				<timestamp>1680.294917</timestamp>
			</report>
			<report>
				<misses>56100000</misses>
				<total>3</total>
				<timestamp>1683.295135</timestamp>
			</report>
			<report>
				<misses>56200000</misses>
				<total>3</total>
				<timestamp>1686.296416</timestamp>
			</report>
			<report>
				<misses>56300000</misses>
				<total>3</total>
				<timestamp>1689.296539</timestamp>
			</report>
			<report>
				<misses>56400000</misses>
				<total>3</total>
				<timestamp>1692.297593</timestamp>
			</report>
			<report>
				<misses>56500000</misses>
				<total>3</total>
				<timestamp>1695.298432</timestamp>
			</report>
			<report>
				<misses>56600000</misses>
				<total>3</total>
				<timestamp>1698.299095</timestamp>
			</report>
			<report>
				<misses>56700000</misses>
				<total>3</total>
				<timestamp>1701.299324</timestamp>
			</report>
			<report>
				<misses>56800000</misses>
				<total>3</total>
				<timestamp>1704.299953</timestamp>
			</report>
			<report>
				<misses>56900000</misses>
				<total>3</total>
				<timestamp>1707.299981</timestamp>
			</report>
			<report>
				<misses>57000000</misses>
				<total>3</total>
				<timestamp>1710.300478</timestamp>
			</report>
			<report>
				<misses>57100000</misses>
				<total>3</total>
				<timestamp>1713.300807</timestamp>
			</report>
			<report>
				<misses>57200000</misses>
				<total>3</total>
				<timestamp>1716.300853</timestamp>
			</report>
			<report>
				<misses>57300000</misses>
				<total>3</total>
				<timestamp>1719.301011</timestamp>
			</report>
			<report>
				<misses>57400000</misses>
				<total>3</total>
				<timestamp>1722.301496</timestamp>
			</report>
			<report>
				<misses>57500000</misses>
				<total>3</total>
				<timestamp>1725.301590</timestamp>
			</report>
			<report>
				<misses>57600000</misses>
				<total>3</total>
				<timestamp>1728.301733</timestamp>
			</report>
			<report>
				<misses>57700000</misses>
				<total>3</total>
				<timestamp>1731.303081</timestamp>
			</report>
			<report>
				<misses>57800000</misses>
				<total>3</total>
				<timestamp>1734.303341</timestamp>
			</report>
			<report>
				<misses>57900000</misses>
				<total>3</total>
				<timestamp>1737.303526</timestamp>
			</report>
			<report>
				<misses>58000000</misses>
				<total>3</total>
				<timestamp>1740.303590</timestamp>
			</report>
			<report>
				<misses>58100000</misses>
				<total>3</total>
				<timestamp>1743.303802</timestamp>
			</report>
			<report>
				<misses>58200000</misses>
				<total>3</total>
				<timestamp>1746.304407</timestamp>
			</report>
			<report>
				<misses>58300000</misses>
				<total>3</total>
				<timestamp>1749.305650</timestamp>
			</report>
			<report>
				<misses>58400000</misses>
				<total>3</total>
				<timestamp>1752.306254</timestamp>
			</report>
			<report>
				<misses>58500000</misses>
				<total>3</total>
				<timestamp>1755.306331</timestamp>
			</report>
			<report>
				<misses>58600000</misses>
				<total>3</total>
				<timestamp>1758.306420</timestamp>
			</report>
			<report>
				<misses>58700000</misses>
				<total>3</total>
				<timestamp>1761.306954</timestamp>
			</report>
			<report>
				<misses>58800000</misses>
				<total>3</total>
				<timestamp>1764.307112</timestamp>
			</report>
			<report>
				<misses>58900000</misses>
				<total>3</total>
				<timestamp>1767.307406</timestamp>
			</report>
			<report>
				<misses>59000000</misses>
				<total>3</total>
				<timestamp>1770.308766</timestamp>
			</report>
			<report>
				<misses>59100000</misses>
				<total>3</total>
				<timestamp>1773.310465</timestamp>
			</report>
			<report>
				<misses>59200000</misses>
				<total>3</total>
				<timestamp>1776.311152</timestamp>
			</report>
			<report>
				<misses>59300000</misses>
				<total>3</total>
				<timestamp>1779.311967</timestamp>
			</report>
			<report>
				<misses>59400000</misses>
				<total>3</total>
				<timestamp>1782.312015</timestamp>
			</report>
			<report>
				<misses>59500000</misses>
				<total>3</total>
				<timestamp>1785.312043</timestamp>
			</report>
			<report>
				<misses>59600000</misses>
				<total>3</total>
				<timestamp>1788.312532</timestamp>
			</report>
			<report>
				<misses>59700000</misses>
				<total>3</total>
				<timestamp>1791.312588</timestamp>
			</report>
			<report>
				<misses>59800000</misses>
				<total>3</total>
				<timestamp>1794.313385</timestamp>
			</report>
			<report>
				<misses>59900000</misses>
				<total>3</total>
				<timestamp>1797.313673</timestamp>
			</report>
			<report>
				<misses>60000000</misses>
				<total>3</total>
				<timestamp>1800.313746</timestamp>
			</report>
			<report>
				<misses>60100000</misses>
				<total>3</total>
				<timestamp>1803.313768</timestamp>
			</report>
			<report>
				<misses>60200000</misses>
				<total>3</total>
				<timestamp>1806.314965</timestamp>
			</report>
			<report>
				<misses>60300000</misses>
				<total>3</total>
				<timestamp>1809.316788</timestamp>
			</report>
			<report>
				<misses>60400000</misses>
				<total>3</total>
				<timestamp>1812.317311</timestamp>
			</report>
			<report>
				<misses>60500000</misses>
				<total>3</total>
				<timestamp>1815.318533</timestamp>
			</report>
			<report>
				<misses>60600000</misses>
				<total>3</total>
				<timestamp>1818.319742</timestamp>
			</report>
			<report>
				<misses>60700000</misses>
				<total>3</total>
				<timestamp>1821.320483</timestamp>
			</report>
			<report>
				<misses>60800000</misses>
				<total>3</total>
				<timestamp>1824.321359</timestamp>
			</report>
			<report>
				<misses>60900000</misses>
				<total>3</total>
				<timestamp>1827.321453</timestamp>
			</report>
			<report>
				<misses>61000000</misses>
				<total>3</total>
				<timestamp>1830.321536</timestamp>
			</report>
			<report>
				<misses>61100000</misses>
				<total>3</total>
				<timestamp>1833.322108</timestamp>
			</report>
			<report>
				<misses>61200000</misses>
				<total>3</total>
				<timestamp>1836.323264</timestamp>
			</report>
			<report>
				<misses>61300000</misses>
				<total>3</total>
				<timestamp>1839.324059</timestamp>
			</report>
			<report>
				<misses>61400000</misses>
				<total>3</total>
				<timestamp>1842.324202</timestamp>
			</report>
			<report>
				<misses>61500000</misses>
				<total>3</total>
				<timestamp>1845.326209</timestamp>
			</report>
			<report>
				<misses>61600000</misses>
				<total>3</total>
				<timestamp>1848.326295</timestamp>
			</report>
			<report>
				<misses>61700000</misses>
				<total>3</total>
				<timestamp>1851.326537</timestamp>
			</report>
			<report>
				<misses>61800000</misses>
				<total>3</total>
				<timestamp>1854.326937</timestamp>
			</report>
			<report>
				<misses>61900000</misses>
				<total>3</total>
				<timestamp>1857.327097</timestamp>
			</report>
			<report>
				<misses>62000000</misses>
				<total>3</total>
				<timestamp>1860.327265</timestamp>
			</report>
			<report>
				<misses>62100000</misses>
				<total>3</total>
				<timestamp>1863.328189</timestamp>
			</report>
			<report>
				<misses>62200000</misses>
				<total>3</total>
				<timestamp>1866.328651</timestamp>
			</report>
			<report>
				<misses>62300000</misses>
				<total>3</total>
				<timestamp>1869.328680</timestamp>
			</report>
			<report>
				<misses>62400000</misses>
				<total>3</total>
				<timestamp>1872.328822</timestamp>
			</report>
			<report>
				<misses>62500000</misses>
				<total>3</total>
				<timestamp>1875.329003</timestamp>
			</report>
			<report>
				<misses>62600000</misses>
				<total>3</total>
				<timestamp>1878.329010</timestamp>
			</report>
			<report>
				<misses>62700000</misses>
				<total>3</total>
				<timestamp>1881.329111</timestamp>
			</report>
			<report>
				<misses>62800000</misses>
				<total>3</total>
				<timestamp>1884.329132</timestamp>
			</report>
			<report>
				<misses>62900000</misses>
				<total>3</total>
				<timestamp>1887.329337</timestamp>
			</report>
			<report>
				<misses>63000000</misses>
				<total>3</total>
				<timestamp>1890.329508</timestamp>
			</report>
			<report>
				<misses>63100000</misses>
				<total>3</total>
				<timestamp>1893.329849</timestamp>
			</report>
			<report>
				<misses>63200000</misses>
				<total>3</total>
				<timestamp>1896.330625</timestamp>
			</report>
			<report>
				<misses>63300000</misses>
				<total>3</total>
				<timestamp>1899.330665</timestamp>
			</report>
			<report>
				<misses>63400000</misses>
				<total>3</total>
				<timestamp>1902.331204</timestamp>
			</report>
			<report>
				<misses>63500000</misses>
				<total>3</total>
				<timestamp>1905.332316</timestamp>
			</report>
			<report>
				<misses>63600000</misses>
				<total>3</total>
				<timestamp>1908.333240</timestamp>
			</report>
			<report>
				<misses>63700000</misses>
				<total>3</total>
				<timestamp>1911.333405</timestamp>
			</report>
			<report>
				<misses>63800000</misses>
				<total>3</total>
				<timestamp>1914.333866</timestamp>
			</report>
			<report>
				<misses>63900000</misses>
				<total>3</total>
				<timestamp>1917.334873</timestamp>
			</report>
			<report>
				<misses>64000000</misses>
				<total>3</total>
				<timestamp>1920.336842</timestamp>
			</report>
			<report>
				<misses>64100000</misses>
				<total>3</total>
				<timestamp>1923.336932</timestamp>
			</report>
			<report>
				<misses>64200000</misses>
				<total>3</total>
				<timestamp>1926.337480</timestamp>
			</report>
			<report>
				<misses>64300000</misses>
				<total>3</total>
				<timestamp>1929.337772</timestamp>
			</report>
			<report>
				<misses>64400000</misses>
				<total>3</total>
				<timestamp>1932.338204</timestamp>
			</report>
			<report>
				<misses>64500000</misses>
				<total>3</total>
				<timestamp>1935.338630</timestamp>
			</report>
			<report>
				<misses>64600000</misses>
				<total>3</total>
				<timestamp>1938.338678</timestamp>
			</report>
			<report>
				<misses>64700000</misses>
				<total>3</total>
				<timestamp>1941.338990</timestamp>
			</report>
			<report>
				<misses>64800000</misses>
				<total>3</total>
				<timestamp>1944.339337</timestamp>
			</report>
			<report>
				<misses>64900000</misses>
				<total>3</total>
				<timestamp>1947.339592</timestamp>
			</report>
			<report>
				<misses>65000000</misses>
				<total>3</total>
				<timestamp>1950.340059</timestamp>
			</report>
			<report>
				<misses>65100000</misses>
				<total>3</total>
				<timestamp>1953.341276</timestamp>
			</report>
			<report>
				<misses>65200000</misses>
				<total>3</total>
				<timestamp>1956.342180</timestamp>
			</report>
			<report>
				<misses>65300000</misses>
				<total>3</total>
				<timestamp>1959.342335</timestamp>
			</report>
			<report>
				<misses>65400000</misses>
				<total>3</total>
				<timestamp>1962.342485</timestamp>
			</report>
			<report>
				<misses>65500000</misses>
				<total>3</total>
				<timestamp>1965.343597</timestamp>
			</report>
			<report>
				<misses>65600000</misses>
				<total>3</total>
				<timestamp>1968.344524</timestamp>
			</report>
			<report>
				<misses>65700000</misses>
				<total>3</total>
				<timestamp>1971.345639</timestamp>
			</report>
			<report>
				<misses>65800000</misses>
				<total>3</total>
				<timestamp>1974.346278</timestamp>
			</report>
			<report>
				<misses>65900000</misses>
				<total>3</total>
				<timestamp>1977.347327</timestamp>
			</report>
			<report>
				<misses>66000000</misses>
				<total>3</total>
				<timestamp>1980.347717</timestamp>
			</report>
			<report>
				<misses>66100000</misses>
				<total>3</total>
				<timestamp>1983.347780</timestamp>
			</report>
			<report>
				<misses>66200000</misses>
				<total>3</total>
				<timestamp>1986.349092</timestamp>
			</report>
			<report>
				<misses>66300000</misses>
				<total>3</total>
				<timestamp>1989.349650</timestamp>
			</report>
			<report>
				<misses>66400000</misses>
				<total>3</total>
				<timestamp>1992.349675</timestamp>
			</report>
			<report>
				<misses>66500000</misses>
				<total>3</total>
				<timestamp>1995.349670</timestamp>
			</report>
			<report>
				<misses>66600000</misses>
				<total>3</total>
				<timestamp>1998.349744</timestamp>
			</report>
			<report>
				<misses>66700000</misses>
				<total>3</total>
				<timestamp>2001.349788</timestamp>
			</report>
			<report>
				<misses>66800000</misses>
				<total>3</total>
				<timestamp>2004.349815</timestamp>
			</report>
			<report>
				<misses>66900000</misses>
				<total>3</total>
				<timestamp>2007.350106</timestamp>
			</report>
			<report>
				<misses>67000000</misses>
				<total>3</total>
				<timestamp>2010.351005</timestamp>
			</report>
			<report>
				<misses>67100000</misses>
				<total>3</total>
				<timestamp>2013.351060</timestamp>
			</report>
			<report>
				<misses>67200000</misses>
				<total>3</total>
				<timestamp>2016.351474</timestamp>
			</report>
			<report>
				<misses>67300000</misses>
				<total>3</total>
				<timestamp>2019.351492</timestamp>
			</report>
			<report>
				<misses>67400000</misses>
				<total>3</total>
				<timestamp>2022.351985</timestamp>
			</report>
			<report>
				<misses>67500000</misses>
				<total>3</total>
				<timestamp>2025.352434</timestamp>
			</report>
			<report>
				<misses>67600000</misses>
				<total>3</total>
				<timestamp>2028.354139</timestamp>
			</report>
			<report>
				<misses>67700000</misses>
				<total>3</total>
				<timestamp>2031.354504</timestamp>
			</report>
			<report>
				<misses>67800000</misses>
				<total>3</total>
				<timestamp>2034.354756</timestamp>
			</report>
			<report>
				<misses>67900000</misses>
				<total>3</total>
				<timestamp>2037.354853</timestamp>
			</report>
			<report>
				<misses>68000000</misses>
				<total>3</total>
				<timestamp>2040.355579</timestamp>
			</report>
			<report>
				<misses>68100000</misses>
				<total>3</total>
				<timestamp>2043.356008</timestamp>
			</report>
			<report>
				<misses>68200000</misses>
				<total>3</total>
				<timestamp>2046.357436</timestamp>
			</report>
			<report>
				<misses>68300000</misses>
				<total>3</total>
				<timestamp>2049.357651</timestamp>
			</report>
			<report>
				<misses>68400000</misses>
				<total>3</total>
				<timestamp>2052.357857</timestamp>
			</report>
			<report>
				<misses>68500000</misses>
				<total>3</total>
				<timestamp>2055.358149</timestamp>
			</report>
			<report>
				<misses>68600000</misses>
				<total>3</total>
				<timestamp>2058.359286</timestamp>
			</report>
			<report>
				<misses>68700000</misses>
				<total>3</total>
				<timestamp>2061.359859</timestamp>
			</report>
			<report>
				<misses>68800000</misses>
				<total>3</total>
				<timestamp>2064.360907</timestamp>
			</report>
			<report>
				<misses>68900000</misses>
				<total>3</total>
				<timestamp>2067.361757</timestamp>
			</report>
			<report>
				<misses>69000000</misses>
				<total>3</total>
				<timestamp>2070.361785</timestamp>
			</report>
			<report>
				<misses>69100000</misses>
				<total>3</total>
				<timestamp>2073.361979</timestamp>
			</report>
			<report>
				<misses>69200000</misses>
				<total>3</total>
				<timestamp>2076.362206</timestamp>
			</report>
			<report>
				<misses>69300000</misses>
				<total>3</total>
				<timestamp>2079.362870</timestamp>
			</report>
			<report>
				<misses>69400000</misses>
				<total>3</total>
				<timestamp>2082.364375</timestamp>
			</report>
			<report>
				<misses>69500000</misses>
				<total>3</total>
				<timestamp>2085.365154</timestamp>
			</report>
			<report>
				<misses>69600000</misses>
				<total>3</total>
				<timestamp>2088.365593</timestamp>
			</report>
			<report>
				<misses>69700000</misses>
				<total>3</total>
				<timestamp>2091.365673</timestamp>
			</report>
			<report>
				<misses>69800000</misses>
				<total>3</total>
				<timestamp>2094.365695</timestamp>
			</report>
			<report>
				<misses>69900000</misses>
				<total>3</total>
				<timestamp>2097.365852</timestamp>
			</report>
			<report>
				<misses>70000000</misses>
				<total>3</total>
				<timestamp>2100.365884</timestamp>
			</report>
			<report>
				<misses>70100000</misses>
				<total>3</total>
				<timestamp>2103.366346</timestamp>
			</report>
			<report>
				<misses>70200000</misses>
				<total>3</total>
				<timestamp>2106.367500</timestamp>
			</report>
			<report>
				<misses>70300000</misses>
				<total>3</total>
				<timestamp>2109.367720</timestamp>
			</report>
			<report>
				<misses>70400000</misses>
				<total>3</total>
				<timestamp>2112.368343</timestamp>
			</report>
			<report>
				<misses>70500000</misses>
				<total>3</total>
				<timestamp>2115.368370</timestamp>
			</report>
			<report>
				<misses>70600000</misses>
				<total>3</total>
				<timestamp>2118.368538</timestamp>
			</report>
			<report>
				<misses>70700000</misses>
				<total>3</total>
				<timestamp>2121.369471</timestamp>
			</report>
			<report>
				<misses>70800000</misses>
				<total>3</total>
				<timestamp>2124.369464</timestamp>
			</report>
			<report>
				<misses>70900000</misses>
				<total>3</total>
				<timestamp>2127.369707</timestamp>
			</report>
			<report>
				<misses>71000000</misses>
				<total>3</total>
				<timestamp>2130.370002</timestamp>
			</report>
			<report>
				<misses>71100000</misses>
				<total>3</total>
				<timestamp>2133.371176</timestamp>
			</report>
			<report>
				<misses>71200000</misses>
				<total>3</total>
				<timestamp>2136.372374</timestamp>
			</report>
			<report>
				<misses>71300000</misses>
				<total>3</total>
				<timestamp>2139.372405</timestamp>
			</report>
			<report>
				<misses>71400000</misses>
				<total>3</total>
				<timestamp>2142.372968</timestamp>
			</report>
			<report>
				<misses>71500000</misses>
				<total>3</total>
				<timestamp>2145.373912</timestamp>
			</report>
			<report>
				<misses>71600000</misses>
				<total>3</total>
				<timestamp>2148.374829</timestamp>
			</report>
			<report>
				<misses>71700000</misses>
				<total>3</total>
				<timestamp>2151.376408</timestamp>
			</report>
			<report>
				<misses>71800000</misses>
				<total>3</total>
				<timestamp>2154.376956</timestamp>
			</report>
			<report>
				<misses>71900000</misses>
				<total>3</total>
				<timestamp>2157.377455</timestamp>
			</report>
			<report>
				<misses>72000000</misses>
				<total>3</total>
				<timestamp>2160.378159</timestamp>
			</report>
			<report>
				<misses>72100000</misses>
				<total>3</total>
				<timestamp>2163.378280</timestamp>
			</report>
			<report>
				<misses>72200000</misses>
				<total>3</total>
				<timestamp>2166.378519</timestamp>
			</report>
			<report>
				<misses>72300000</misses>
				<total>3</total>
				<timestamp>2169.379044</timestamp>
			</report>
			<report>
				<misses>72400000</misses>
				<total>3</total>
				<timestamp>2172.380337</timestamp>
			</report>
			<report>
				<misses>72500000</misses>
				<total>3</total>
				<timestamp>2175.381322</timestamp>
			</report>
			<report>
				<misses>72600000</misses>
				<total>3</total>
				<timestamp>2178.381466</timestamp>
			</report>
			<report>
				<misses>72700000</misses>
				<total>3</total>
				<timestamp>2181.381484</timestamp>
			</report>
			<report>
				<misses>72800000</misses>
				<total>3</total>
				<timestamp>2184.382094</timestamp>
			</report>
			<report>
				<misses>72900000</misses>
				<total>3</total>
				<timestamp>2187.382160</timestamp>
			</report>
			<report>
				<misses>73000000</misses>
				<total>3</total>
				<timestamp>2190.383098</timestamp>
			</report>
			<report>
				<misses>73100000</misses>
				<total>3</total>
				<timestamp>2193.383642</timestamp>
			</report>
			<report>
				<misses>73200000</misses>
				<total>3</total>
				<timestamp>2196.384446</timestamp>
			</report>
			<report>
				<misses>73300000</misses>
				<total>3</total>
				<timestamp>2199.384705</timestamp>
			</report>
			<report>
				<misses>73400000</misses>
				<total>3</total>
				<timestamp>2202.384739</timestamp>
			</report>
			<report>
				<misses>73500000</misses>
				<total>3</total>
				<timestamp>2205.384855</timestamp>
			</report>
			<report>
				<misses>73600000</misses>
				<total>3</total>
				<timestamp>2208.385306</timestamp>
			</report>
			<report>
				<misses>73700000</misses>
				<total>3</total>
				<timestamp>2211.386943</timestamp>
			</report>
			<report>
				<misses>73800000</misses>
				<total>3</total>
				<timestamp>2214.387562</timestamp>
			</report>
			<report>
				<misses>73900000</misses>
				<total>3</total>
				<timestamp>2217.388055</timestamp>
			</report>
			<report>
				<misses>74000000</misses>
				<total>3</total>
				<timestamp>2220.388385</timestamp>
			</report>
			<report>
				<misses>74100000</misses>
				<total>3</total>
				<timestamp>2223.388950</timestamp>
			</report>
			<report>
				<misses>74200000</misses>
				<total>3</total>
				<timestamp>2226.388986</timestamp>
			</report>
			<report>
				<misses>74300000</misses>
				<total>3</total>
				<timestamp>2229.389084</timestamp>
			</report>
			<report>
				<misses>74400000</misses>
				<total>3</total>
				<timestamp>2232.389172</timestamp>
			</report>
			<report>
				<misses>74500000</misses>
				<total>3</total>
				<timestamp>2235.389187</timestamp>
			</report>
			<report>
				<misses>74600000</misses>
				<total>3</total>
				<timestamp>2238.389788</timestamp>
			</report>
			<report>
				<misses>74700000</misses>
				<total>3</total>
				<timestamp>2241.390041</timestamp>
			</report>
			<report>
				<misses>74800000</misses>
				<total>3</total>
				<timestamp>2244.390140</timestamp>
			</report>
			<report>
				<misses>74900000</misses>
				<total>3</total>
				<timestamp>2247.390757</timestamp>
			</report>
			<report>
				<misses>75000000</misses>
				<total>3</total>
				<timestamp>2250.390760</timestamp>
			</report>
			<report>
				<misses>75100000</misses>
				<total>3</total>
				<timestamp>2253.390995</timestamp>
			</report>
			<report>
				<misses>75200000</misses>
				<total>4</total>
				<timestamp>2256.391065</timestamp>
			</report>
			<report>
				<misses>75300000</misses>
				<total>4</total>
				<timestamp>2259.391386</timestamp>
			</report>
			<report>
				<misses>75400000</misses>
				<total>4</total>
				<timestamp>2262.391547</timestamp>
			</report>
			<report>
				<misses>75500000</misses>
				<total>4</total>
				<timestamp>2265.391642</timestamp>
			</report>
			<report>
				<misses>75600000</misses>
				<total>4</total>
				<timestamp>2268.392366</timestamp>
			</report>
			<report>
				<misses>75700000</misses>
				<total>4</total>
				<timestamp>2271.392629</timestamp>
			</report>
			<report>
				<misses>75800000</misses>
				<total>4</total>
				<timestamp>2274.393082</timestamp>
			</report>
			<report>
				<misses>75900000</misses>
				<total>4</total>
				<timestamp>2277.393223</timestamp>
			</report>
			<report>
				<misses>76000000</misses>
				<total>4</total>
				<timestamp>2280.393295</timestamp>
			</report>
			<report>
				<misses>76100000</misses>
				<total>4</total>
				<timestamp>2283.393414</timestamp>
			</report>
			<report>
				<misses>76200000</misses>
				<total>4</total>
				<timestamp>2286.393468</timestamp>
			</report>
			<report>
				<misses>76300000</misses>
				<total>4</total>
				<timestamp>2289.393527</timestamp>
			</report>
			<report>
				<misses>76400000</misses>
				<total>4</total>
				<timestamp>2292.393590</timestamp>
			</report>
			<report>
				<misses>76500000</misses>
				<total>4</total>
				<timestamp>2295.393689</timestamp>
			</report>
			<report>
				<misses>76600000</misses>
				<total>4</total>
				<timestamp>2298.394097</timestamp>
			</report>
			<report>
				<misses>76700000</misses>
				<total>4</total>
				<timestamp>2301.394290</timestamp>
			</report>
			<report>
				<misses>76800000</misses>
				<total>4</total>
				<timestamp>2304.394746</timestamp>
			</report>
			<report>
				<misses>76900000</misses>
				<total>4</total>
				<timestamp>2307.396739</timestamp>
			</report>
			<report>
				<misses>77000000</misses>
				<total>4</total>
				<timestamp>2310.397501</timestamp>
			</report>
			<report>
				<misses>77100000</misses>
				<total>4</total>
				<timestamp>2313.397746</timestamp>
			</report>
			<report>
				<misses>77200000</misses>
				<total>4</total>
				<timestamp>2316.398058</timestamp>
			</report>
			<report>
				<misses>77300000</misses>
				<total>4</total>
				<timestamp>2319.398095</timestamp>
			</report>
			<report>
				<misses>77400000</misses>
				<total>4</total>
				<timestamp>2322.398546</timestamp>
			</report>
			<report>
				<misses>77500000</misses>
				<total>4</total>
				<timestamp>2325.399400</timestamp>
			</report>
			<report>
				<misses>77600000</misses>
				<total>4</total>
				<timestamp>2328.400266</timestamp>
			</report>
			<report>
				<misses>77700000</misses>
				<total>4</total>
				<timestamp>2331.400864</timestamp>
			</report>
			<report>
				<misses>77800000</misses>
				<total>4</total>
				<timestamp>2334.401277</timestamp>
			</report>
			<report>
				<misses>77900000</misses>
				<total>4</total>
				<timestamp>2337.402050</timestamp>
			</report>
			<report>
				<misses>78000000</misses>
				<total>4</total>
				<timestamp>2340.402361</timestamp>
			</report>
			<report>
				<misses>78100000</misses>
				<total>4</total>
				<timestamp>2343.403558</timestamp>
			</report>
			<report>
				<misses>78200000</misses>
				<total>4</total>
				<timestamp>2346.404799</timestamp>
			</report>
			<report>
				<misses>78300000</misses>
				<total>4</total>
				<timestamp>2349.404878</timestamp>
			</report>
			<report>
				<misses>78400000</misses>
				<total>4</total>
				<timestamp>2352.404939</timestamp>
			</report>
			<report>
				<misses>78500000</misses>
				<total>4</total>
				<timestamp>2355.405590</timestamp>
			</report>
			<report>
				<misses>78600000</misses>
				<total>4</total>
				<timestamp>2358.407066</timestamp>
			</report>
			<report>
				<misses>78700000</misses>
				<total>4</total>
				<timestamp>2361.408161</timestamp>
			</report>
			<report>
				<misses>78800000</misses>
				<total>4</total>
				<timestamp>2364.408418</timestamp>
			</report>
			<report>
				<misses>78900000</misses>
				<total>4</total>
				<timestamp>2367.408501</timestamp>
			</report>
			<report>
				<misses>79000000</misses>
				<total>4</total>
				<timestamp>2370.409189</timestamp>
			</report>
			<report>
				<misses>79100000</misses>
				<total>4</total>
				<timestamp>2373.410737</timestamp>
			</report>
			<report>
				<misses>79200000</misses>
				<total>4</total>
				<timestamp>2376.411680</timestamp>
			</report>
			<report>
				<misses>79300000</misses>
				<total>4</total>
				<timestamp>2379.412375</timestamp>
			</report>
			<report>
				<misses>79400000</misses>
				<total>4</total>
				<timestamp>2382.412892</timestamp>
			</report>
			<report>
				<misses>79500000</misses>
				<total>4</total>
				<timestamp>2385.412978</timestamp>
			</report>
			<report>
				<misses>79600000</misses>
				<total>4</total>
				<timestamp>2388.413364</timestamp>
			</report>
			<report>
				<misses>79700000</misses>
				<total>4</total>
				<timestamp>2391.413953</timestamp>
			</report>
			<report>
				<misses>79800000</misses>
				<total>4</total>
				<timestamp>2394.415592</timestamp>
			</report>
			<report>
				<misses>79900000</misses>
				<total>4</total>
				<timestamp>2397.415853</timestamp>
			</report>
			<report>
				<misses>80000000</misses>
				<total>4</total>
				<timestamp>2400.416503</timestamp>
			</report>
			<report>
				<misses>80100000</misses>
				<total>4</total>
				<timestamp>2403.416536</timestamp>
			</report>
			<report>
				<misses>80200000</misses>
				<total>4</total>
				<timestamp>2406.416660</timestamp>
			</report>
			<report>
				<misses>80300000</misses>
				<total>4</total>
				<timestamp>2409.416963</timestamp>
			</report>
			<report>
				<misses>80400000</misses>
				<total>4</total>
				<timestamp>2412.418889</timestamp>
			</report>
			<report>
				<misses>80500000</misses>
				<total>4</total>
				<timestamp>2415.420230</timestamp>
			</report>
			<report>
				<misses>80600000</misses>
				<total>4</total>
				<timestamp>2418.420274</timestamp>
			</report>
			<report>
				<misses>80700000</misses>
				<total>4</total>
				<timestamp>2421.420734</timestamp>
			</report>
			<report>
				<misses>80800000</misses>
				<total>4</total>
				<timestamp>2424.421165</timestamp>
			</report>
			<report>
				<misses>80900000</misses>
				<total>4</total>
				<timestamp>2427.422532</timestamp>
			</report>
			<report>
				<misses>81000000</misses>
				<total>4</total>
				<timestamp>2430.423019</timestamp>
			</report>
			<report>
				<misses>81100000</misses>
				<total>4</total>
				<timestamp>2433.424625</timestamp>
			</report>
			<report>
				<misses>81200000</misses>
				<total>4</total>
				<timestamp>2436.425343</timestamp>
			</report>
			<report>
				<misses>81300000</misses>
				<total>4</total>
				<timestamp>2439.426146</timestamp>
			</report>
			<report>
				<misses>81400000</misses>
				<total>4</total>
				<timestamp>2442.426437</timestamp>
			</report>
			<report>
				<misses>81500000</misses>
				<total>4</total>
				<timestamp>2445.427946</timestamp>
			</report>
			<report>
				<misses>81600000</misses>
				<total>4</total>
				<timestamp>2448.428551</timestamp>
			</report>
			<report>
				<misses>81700000</misses>
				<total>4</total>
				<timestamp>2451.428583</timestamp>
			</report>
			<report>
				<misses>81800000</misses>
				<total>4</total>
				<timestamp>2454.429586</timestamp>
			</report>
			<report>
				<misses>81900000</misses>
				<total>4</total>
				<timestamp>2457.429806</timestamp>
			</report>
			<report>
				<misses>82000000</misses>
				<total>4</total>
				<timestamp>2460.430699</timestamp>
			</report>
			<report>
				<misses>82100000</misses>
				<total>4</total>
				<timestamp>2463.431027</timestamp>
			</report>
			<report>
				<misses>82200000</misses>
				<total>4</total>
				<timestamp>2466.431038</timestamp>
			</report>
			<report>
				<misses>82300000</misses>
				<total>4</total>
				<timestamp>2469.431747</timestamp>
			</report>
			<report>
				<misses>82400000</misses>
				<total>4</total>
				<timestamp>2472.433123</timestamp>
			</report>
			<report>
				<misses>82500000</misses>
				<total>4</total>
				<timestamp>2475.433801</timestamp>
			</report>
			<report>
				<misses>82600000</misses>
				<total>4</total>
				<timestamp>2478.434256</timestamp>
			</report>
			<report>
				<misses>82700000</misses>
				<total>4</total>
				<timestamp>2481.434268</timestamp>
			</report>
			<report>
				<misses>82800000</misses>
				<total>4</total>
				<timestamp>2484.434284</timestamp>
			</report>
			<report>
				<misses>82900000</misses>
				<total>4</total>
				<timestamp>2487.435046</timestamp>
			</report>
			<report>
				<misses>83000000</misses>
				<total>4</total>
				<timestamp>2490.435060</timestamp>
			</report>
			<report>
				<misses>83100000</misses>
				<total>4</total>
				<timestamp>2493.435470</timestamp>
			</report>
			<report>
				<misses>83200000</misses>
				<total>4</total>
				<timestamp>2496.436095</timestamp>
			</report>
			<report>
				<misses>83300000</misses>
				<total>4</total>
				<timestamp>2499.436255</timestamp>
			</report>
			<report>
				<misses>83400000</misses>
				<total>4</total>
				<timestamp>2502.436800</timestamp>
			</report>
			<report>
				<misses>83500000</misses>
				<total>4</total>
				<timestamp>2505.437421</timestamp>
			</report>
			<report>
				<misses>83600000</misses>
				<total>4</total>
				<timestamp>2508.437716</timestamp>
			</report>
			<report>
				<misses>83700000</misses>
				<total>4</total>
				<timestamp>2511.438703</timestamp>
			</report>
			<report>
				<misses>83800000</misses>
				<total>4</total>
				<timestamp>2514.439727</timestamp>
			</report>
			<report>
				<misses>83900000</misses>
				<total>4</total>
				<timestamp>2517.440185</timestamp>
			</report>
			<report>
				<misses>84000000</misses>
				<total>4</total>
				<timestamp>2520.440565</timestamp>
			</report>
			<report>
				<misses>84100000</misses>
				<total>4</total>
				<timestamp>2523.441041</timestamp>
			</report>
			<report>
				<misses>84200000</misses>
				<total>4</total>
				<timestamp>2526.442707</timestamp>
			</report>
			<report>
				<misses>84300000</misses>
				<total>4</total>
				<timestamp>2529.444053</timestamp>
			</report>
			<report>
				<misses>84400000</misses>
				<total>4</total>
				<timestamp>2532.444325</timestamp>
			</report>
			<report>
				<misses>84500000</misses>
				<total>4</total>
				<timestamp>2535.444985</timestamp>
			</report>
			<report>
				<misses>84600000</misses>
				<total>4</total>
				<timestamp>2538.445047</timestamp>
			</report>
			<report>
				<misses>84700000</misses>
				<total>4</total>
				<timestamp>2541.445061</timestamp>
			</report>
			<report>
				<misses>84800000</misses>
				<total>4</total>
				<timestamp>2544.445229</timestamp>
			</report>
			<report>
				<misses>84900000</misses>
				<total>4</total>
				<timestamp>2547.446054</timestamp>
			</report>
			<report>
				<misses>85000000</misses>
				<total>4</total>
				<timestamp>2550.446837</timestamp>
			</report>
			<report>
				<misses>85100000</misses>
				<total>4</total>
				<timestamp>2553.447030</timestamp>
			</report>
			<report>
				<misses>85200000</misses>
				<total>4</total>
				<timestamp>2556.447308</timestamp>
			</report>
			<report>
				<misses>85300000</misses>
				<total>4</total>
				<timestamp>2559.447542</timestamp>
			</report>
			<report>
				<misses>85400000</misses>
				<total>4</total>
				<timestamp>2562.448167</timestamp>
			</report>
			<report>
				<misses>85500000</misses>
				<total>4</total>
				<timestamp>2565.449584</timestamp>
			</report>
			<report>
				<misses>85600000</misses>
				<total>4</total>
				<timestamp>2568.449726</timestamp>
			</report>
			<report>
				<misses>85700000</misses>
				<total>4</total>
				<timestamp>2571.449843</timestamp>
			</report>
			<report>
				<misses>85800000</misses>
				<total>4</total>
				<timestamp>2574.450092</timestamp>
			</report>
			<report>
				<misses>85900000</misses>
				<total>4</total>
				<timestamp>2577.450381</timestamp>
			</report>
			<report>
				<misses>86000000</misses>
				<total>4</total>
				<timestamp>2580.450401</timestamp>
			</report>
			<report>
				<misses>86100000</misses>
				<total>4</total>
				<timestamp>2583.450760</timestamp>
			</report>
			<report>
				<misses>86200000</misses>
				<total>4</total>
				<timestamp>2586.451704</timestamp>
			</report>
			<report>
				<misses>86300000</misses>
				<total>4</total>
				<timestamp>2589.451993</timestamp>
			</report>
			<report>
				<misses>86400000</misses>
				<total>4</total>
				<timestamp>2592.452661</timestamp>
			</report>
			<report>
				<misses>86500000</misses>
				<total>4</total>
				<timestamp>2595.453173</timestamp>
			</report>
			<report>
				<misses>86600000</misses>
				<total>4</total>
				<timestamp>2598.454307</timestamp>
			</report>
			<report>
				<misses>86700000</misses>
				<total>4</total>
				<timestamp>2601.454754</timestamp>
			</report>
			<report>
				<misses>86800000</misses>
				<total>5</total>
				<timestamp>2604.454911</timestamp>
			</report>
			<report>
				<misses>86900000</misses>
				<total>5</total>
				<timestamp>2607.455600</timestamp>
			</report>
			<report>
				<misses>87000000</misses>
				<total>5</total>
				<timestamp>2610.455598</timestamp>
			</report>
			<report>
				<misses>87100000</misses>
				<total>5</total>
				<timestamp>2613.456306</timestamp>
			</report>
			<report>
				<misses>87200000</misses>
				<total>5</total>
				<timestamp>2616.458250</timestamp>
			</report>
			<report>
				<misses>87300000</misses>
				<total>5</total>
				<timestamp>2619.458613</timestamp>
			</report>
			<report>
				<misses>87400000</misses>
				<total>5</total>
				<timestamp>2622.458995</timestamp>
			</report>
			<report>
				<misses>87500000</misses>
				<total>5</total>
				<timestamp>2625.459261</timestamp>
			</report>
			<report>
				<misses>87600000</misses>
				<total>5</total>
				<timestamp>2628.459392</timestamp>
			</report>
			<report>
				<misses>87700000</misses>
				<total>5</total>
				<timestamp>2631.459532</timestamp>
			</report>
			<report>
				<misses>87800000</misses>
				<total>5</total>
				<timestamp>2634.460224</timestamp>
			</report>
			<report>
				<misses>87900000</misses>
				<total>5</total>
				<timestamp>2637.460525</timestamp>
			</report>
			<report>
				<misses>88000000</misses>
				<total>5</total>
				<timestamp>2640.460975</timestamp>
			</report>
			<report>
				<misses>88100000</misses>
				<total>5</total>
				<timestamp>2643.462468</timestamp>
			</report>
			<report>
				<misses>88200000</misses>
				<total>5</total>
				<timestamp>2646.463041</timestamp>
			</report>
			<report>
				<misses>88300000</misses>
				<total>5</total>
				<timestamp>2649.463409</timestamp>
			</report>
			<report>
				<misses>88400000</misses>
				<total>5</total>
				<timestamp>2652.463443</timestamp>
			</report>
			<report>
				<misses>88500000</misses>
				<total>5</total>
				<timestamp>2655.463691</timestamp>
			</report>
			<report>
				<misses>88600000</misses>
				<total>5</total>
				<timestamp>2658.464434</timestamp>
			</report>
			<report>
				<misses>88700000</misses>
				<total>5</total>
				<timestamp>2661.464657</timestamp>
			</report>
			<report>
				<misses>88800000</misses>
				<total>5</total>
				<timestamp>2664.464937</timestamp>
			</report>
			<report>
				<misses>88900000</misses>
				<total>5</total>
				<timestamp>2667.465582</timestamp>
			</report>
			<report>
				<misses>89000000</misses>
				<total>5</total>
				<timestamp>2670.465585</timestamp>
			</report>
			<report>
				<misses>89100000</misses>
				<total>5</total>
				<timestamp>2673.466208</timestamp>
			</report>
			<report>
				<misses>89200000</misses>
				<total>5</total>
				<timestamp>2676.466801</timestamp>
			</report>
			<report>
				<misses>89300000</misses>
				<total>5</total>
				<timestamp>2679.467416</timestamp>
			</report>
			<report>
				<misses>89400000</misses>
				<total>5</total>
				<timestamp>2682.468424</timestamp>
			</report>
			<report>
				<misses>89500000</misses>
				<total>5</total>
				<timestamp>2685.469002</timestamp>
			</report>
			<report>
				<misses>89600000</misses>
				<total>5</total>
				<timestamp>2688.469772</timestamp>
			</report>
			<report>
				<misses>89700000</misses>
				<total>5</total>
				<timestamp>2691.471080</timestamp>
			</report>
			<report>
				<misses>89800000</misses>
				<total>5</total>
				<timestamp>2694.471188</timestamp>
			</report>
			<report>
				<misses>89900000</misses>
				<total>5</total>
				<timestamp>2697.471421</timestamp>
			</report>
			<report>
				<misses>90000000</misses>
				<total>5</total>
				<timestamp>2700.471646</timestamp>
			</report>
			<report>
				<misses>90100000</misses>
				<total>5</total>
				<timestamp>2703.471797</timestamp>
			</report>
			<report>
				<misses>90200000</misses>
				<total>5</total>
				<timestamp>2706.473136</timestamp>
			</report>
			<report>
				<misses>90300000</misses>
				<total>5</total>
				<timestamp>2709.473941</timestamp>
			</report>
			<report>
				<misses>90400000</misses>
				<total>5</total>
				<timestamp>2712.473966</timestamp>
			</report>
			<report>
				<misses>90500000</misses>
				<total>5</total>
				<timestamp>2715.474152</timestamp>
			</report>
			<report>
				<misses>90600000</misses>
				<total>5</total>
				<timestamp>2718.474413</timestamp>
			</report>
			<report>
				<misses>90700000</misses>
				<total>5</total>
				<timestamp>2721.474499</timestamp>
			</report>
			<report>
				<misses>90800000</misses>
				<total>5</total>
				<timestamp>2724.474760</timestamp>
			</report>
			<report>
				<misses>90900000</misses>
				<total>5</total>
				<timestamp>2727.476112</timestamp>
			</report>
			<report>
				<misses>91000000</misses>
				<total>5</total>
				<timestamp>2730.476122</timestamp>
			</report>
			<report>
				<misses>91100000</misses>
				<total>5</total>
				<timestamp>2733.476514</timestamp>
			</report>
			<report>
				<misses>91200000</misses>
				<total>5</total>
				<timestamp>2736.477394</timestamp>
			</report>
			<report>
				<misses>91300000</misses>
				<total>5</total>
				<timestamp>2739.477520</timestamp>
			</report>
			<report>
				<misses>91400000</misses>
				<total>5</total>
				<timestamp>2742.478301</timestamp>
			</report>
			<report>
				<misses>91500000</misses>
				<total>5</total>
				<timestamp>2745.478360</timestamp>
			</report>
			<report>
				<misses>91600000</misses>
				<total>5</total>
				<timestamp>2748.479709</timestamp>
			</report>
			<report>
				<misses>91700000</misses>
				<total>5</total>
				<timestamp>2751.480493</timestamp>
			</report>
			<report>
				<misses>91800000</misses>
				<total>5</total>
				<timestamp>2754.480680</timestamp>
			</report>
			<report>
				<misses>91900000</misses>
				<total>5</total>
				<timestamp>2757.481513</timestamp>
			</report>
			<report>
				<misses>92000000</misses>
				<total>5</total>
				<timestamp>2760.482617</timestamp>
			</report>
			<report>
				<misses>92100000</misses>
				<total>5</total>
				<timestamp>2763.482695</timestamp>
			</report>
			<report>
				<misses>92200000</misses>
				<total>5</total>
				<timestamp>2766.483425</timestamp>
			</report>
			<report>
				<misses>92300000</misses>
				<total>6</total>
				<timestamp>2769.485680</timestamp>
			</report>
			<report>
				<misses>92400000</misses>
				<total>6</total>
				<timestamp>2772.485814</timestamp>
			</report>
			<report>
				<misses>92500000</misses>
				<total>6</total>
				<timestamp>2775.486031</timestamp>
			</report>
			<report>
				<misses>92600000</misses>
				<total>6</total>
				<timestamp>2778.486728</timestamp>
			</report>
			<report>
				<misses>92700000</misses>
				<total>6</total>
				<timestamp>2781.486742</timestamp>
			</report>
			<report>
				<misses>92800000</misses>
				<total>6</total>
				<timestamp>2784.486766</timestamp>
			</report>
			<report>
				<misses>92900000</misses>
				<total>6</total>
				<timestamp>2787.486913</timestamp>
			</report>
			<report>
				<misses>93000000</misses>
				<total>6</total>
				<timestamp>2790.487089</timestamp>
			</report>
			<report>
				<misses>93100000</misses>
				<total>6</total>
				<timestamp>2793.487328</timestamp>
			</report>
			<report>
				<misses>93200000</misses>
				<total>6</total>
				<timestamp>2796.487499</timestamp>
			</report>
			<report>
				<misses>93300000</misses>
				<total>6</total>
				<timestamp>2799.487821</timestamp>
			</report>
			<report>
				<misses>93400000</misses>
				<total>6</total>
				<timestamp>2802.488728</timestamp>
			</report>
			<report>
				<misses>93500000</misses>
				<total>6</total>
				<timestamp>2805.488846</timestamp>
			</report>
			<report>
				<misses>93600000</misses>
				<total>6</total>
				<timestamp>2808.489903</timestamp>
			</report>
			<report>
				<misses>93700000</misses>
				<total>6</total>
				<timestamp>2811.491688</timestamp>
			</report>
			<report>
				<misses>93800000</misses>
				<total>6</total>
				<timestamp>2814.492454</timestamp>
			</report>
			<report>
				<misses>93900000</misses>
				<total>6</total>
				<timestamp>2817.495300</timestamp>
			</report>
			<report>
				<misses>94000000</misses>
				<total>6</total>
				<timestamp>2820.495588</timestamp>
			</report>
			<report>
				<misses>94100000</misses>
				<total>6</total>
				<timestamp>2823.496470</timestamp>
			</report>
			<report>
				<misses>94200000</misses>
				<total>6</total>
				<timestamp>2826.496754</timestamp>
			</report>
			<report>
				<misses>94300000</misses>
				<total>6</total>
				<timestamp>2829.497330</timestamp>
			</report>
			<report>
				<misses>94400000</misses>
				<total>6</total>
				<timestamp>2832.497942</timestamp>
			</report>
			<report>
				<misses>94500000</misses>
				<total>6</total>
				<timestamp>2835.498068</timestamp>
			</report>
			<report>
				<misses>94600000</misses>
				<total>6</total>
				<timestamp>2838.499041</timestamp>
			</report>
			<report>
				<misses>94700000</misses>
				<total>6</total>
				<timestamp>2841.499347</timestamp>
			</report>
			<report>
				<misses>94800000</misses>
				<total>6</total>
				<timestamp>2844.499973</timestamp>
			</report>
			<report>
				<misses>94900000</misses>
				<total>6</total>
				<timestamp>2847.500960</timestamp>
			</report>
			<report>
				<misses>95000000</misses>
				<total>6</total>
				<timestamp>2850.501440</timestamp>
			</report>
			<report>
				<misses>95100000</misses>
				<total>6</total>
				<timestamp>2853.501484</timestamp>
			</report>
			<report>
				<misses>95200000</misses>
				<total>6</total>
				<timestamp>2856.501946</timestamp>
			</report>
			<report>
				<misses>95300000</misses>
				<total>6</total>
				<timestamp>2859.502376</timestamp>
			</report>
			<report>
				<misses>95400000</misses>
				<total>6</total>
				<timestamp>2862.503415</timestamp>
			</report>
			<report>
				<misses>95500000</misses>
				<total>6</total>
				<timestamp>2865.505273</timestamp>
			</report>
			<report>
				<misses>95600000</misses>
				<total>6</total>
				<timestamp>2868.505308</timestamp>
			</report>
			<report>
				<misses>95700000</misses>
				<total>6</total>
				<timestamp>2871.506284</timestamp>
			</report>
			<report>
				<misses>95800000</misses>
				<total>6</total>
				<timestamp>2874.507458</timestamp>
			</report>
			<report>
				<misses>95900000</misses>
				<total>6</total>
				<timestamp>2877.508399</timestamp>
			</report>
			<report>
				<misses>96000000</misses>
				<total>6</total>
				<timestamp>2880.509125</timestamp>
			</report>
			<report>
				<misses>96100000</misses>
				<total>6</total>
				<timestamp>2883.509816</timestamp>
			</report>
			<report>
				<misses>96200000</misses>
				<total>6</total>
				<timestamp>2886.512339</timestamp>
			</report>
			<report>
				<misses>96300000</misses>
				<total>6</total>
				<timestamp>2889.513220</timestamp>
			</report>
			<report>
				<misses>96400000</misses>
				<total>6</total>
				<timestamp>2892.513437</timestamp>
			</report>
			<report>
				<misses>96500000</misses>
				<total>6</total>
				<timestamp>2895.514298</timestamp>
			</report>
			<report>
				<misses>96600000</misses>
				<total>6</total>
				<timestamp>2898.514609</timestamp>
			</report>
			<report>
				<misses>96700000</misses>
				<total>6</total>
				<timestamp>2901.515070</timestamp>
			</report>
			<report>
				<misses>96800000</misses>
				<total>6</total>
				<timestamp>2904.515576</timestamp>
			</report>
			<report>
				<misses>96900000</misses>
				<total>6</total>
				<timestamp>2907.515689</timestamp>
			</report>
			<report>
				<misses>97000000</misses>
				<total>6</total>
				<timestamp>2910.516227</timestamp>
			</report>
			<report>
				<misses>97100000</misses>
				<total>6</total>
				<timestamp>2913.516481</timestamp>
			</report>
			<report>
				<misses>97200000</misses>
				<total>6</total>
				<timestamp>2916.517275</timestamp>
			</report>
			<report>
				<misses>97300000</misses>
				<total>6</total>
				<timestamp>2919.517310</timestamp>
			</report>
			<report>
				<misses>97400000</misses>
				<total>6</total>
				<timestamp>2922.517307</timestamp>
			</report>
			<report>
				<misses>97500000</misses>
				<total>6</total>
				<timestamp>2925.517607</timestamp>
			</report>
			<report>
				<misses>97600000</misses>
				<total>6</total>
				<timestamp>2928.517859</timestamp>
			</report>
			<report>
				<misses>97700000</misses>
				<total>6</total>
				<timestamp>2931.518824</timestamp>
			</report>
			<report>
				<misses>97800000</misses>
				<total>6</total>
				<timestamp>2934.520023</timestamp>
			</report>
			<report>
				<misses>97900000</misses>
				<total>6</total>
				<timestamp>2937.520130</timestamp>
			</report>
			<report>
				<misses>98000000</misses>
				<total>6</total>
				<timestamp>2940.520859</timestamp>
			</report>
			<report>
				<misses>98100000</misses>
				<total>6</total>
				<timestamp>2943.521280</timestamp>
			</report>
			<report>
				<misses>98200000</misses>
				<total>6</total>
				<timestamp>2946.522302</timestamp>
			</report>
			<report>
				<misses>98300000</misses>
				<total>6</total>
				<timestamp>2949.522921</timestamp>
			</report>
			<report>
				<misses>98400000</misses>
				<total>6</total>
				<timestamp>2952.522987</timestamp>
			</report>
			<report>
				<misses>98500000</misses>
				<total>6</total>
				<timestamp>2955.523194</timestamp>
			</report>
			<report>
				<misses>98600000</misses>
				<total>6</total>
				<timestamp>2958.523489</timestamp>
			</report>
			<report>
				<misses>98700000</misses>
				<total>6</total>
				<timestamp>2961.523601</timestamp>
			</report>
			<report>
				<misses>98800000</misses>
				<total>6</total>
				<timestamp>2964.524321</timestamp>
			</report>
			<report>
				<misses>98900000</misses>
				<total>6</total>
				<timestamp>2967.524793</timestamp>
			</report>
			<report>
				<misses>99000000</misses>
				<total>6</total>
				<timestamp>2970.525746</timestamp>
			</report>
			<report>
				<misses>99100000</misses>
				<total>6</total>
				<timestamp>2973.526720</timestamp>
			</report>
			<report>
				<misses>99200000</misses>
				<total>6</total>
				<timestamp>2976.528538</timestamp>
			</report>
			<report>
				<misses>99300000</misses>
				<total>6</total>
				<timestamp>2979.530233</timestamp>
			</report>
			<report>
				<misses>99400000</misses>
				<total>6</total>
				<timestamp>2982.530625</timestamp>
			</report>
			<report>
				<misses>99500000</misses>
				<total>6</total>
				<timestamp>2985.530829</timestamp>
			</report>
			<report>
				<misses>99600000</misses>
				<total>6</total>
				<timestamp>2988.531242</timestamp>
			</report>
			<report>
				<misses>99700000</misses>
				<total>6</total>
				<timestamp>2991.532054</timestamp>
			</report>
			<report>
				<misses>99800000</misses>
				<total>6</total>
				<timestamp>2994.532279</timestamp>
			</report>
			<report>
				<misses>99900000</misses>
				<total>6</total>
				<timestamp>2997.532284</timestamp>
			</report>
			<report>
				<misses>100000000</misses>
				<total>6</total>
				<timestamp>3000.532472</timestamp>
			</report>
			<report>
				<misses>100100000</misses>
				<total>6</total>
				<timestamp>3003.532794</timestamp>
			</report>
			<report>
				<misses>100200000</misses>
				<total>6</total>
				<timestamp>3006.533426</timestamp>
			</report>
			<report>
				<misses>100300000</misses>
				<total>6</total>
				<timestamp>3009.534074</timestamp>
			</report>
			<report>
				<misses>100400000</misses>
				<total>6</total>
				<timestamp>3012.534416</timestamp>
			</report>
			<report>
				<misses>100500000</misses>
				<total>6</total>
				<timestamp>3015.534528</timestamp>
			</report>
			<report>
				<misses>100600000</misses>
				<total>6</total>
				<timestamp>3018.535582</timestamp>
			</report>
			<report>
				<misses>100700000</misses>
				<total>6</total>
				<timestamp>3021.536353</timestamp>
			</report>
			<report>
				<misses>100800000</misses>
				<total>6</total>
				<timestamp>3024.537616</timestamp>
			</report>
			<report>
				<misses>100900000</misses>
				<total>6</total>
				<timestamp>3027.538031</timestamp>
			</report>
			<report>
				<misses>101000000</misses>
				<total>6</total>
				<timestamp>3030.538042</timestamp>
			</report>
			<report>
				<misses>101100000</misses>
				<total>6</total>
				<timestamp>3033.538501</timestamp>
			</report>
			<report>
				<misses>101200000</misses>
				<total>6</total>
				<timestamp>3036.539752</timestamp>
			</report>
			<report>
				<misses>101300000</misses>
				<total>6</total>
				<timestamp>3039.540981</timestamp>
			</report>
			<report>
				<misses>101400000</misses>
				<total>6</total>
				<timestamp>3042.541628</timestamp>
			</report>
			<report>
				<misses>101500000</misses>
				<total>6</total>
				<timestamp>3045.541905</timestamp>
			</report>
			<report>
				<misses>101600000</misses>
				<total>6</total>
				<timestamp>3048.542172</timestamp>
			</report>
			<report>
				<misses>101700000</misses>
				<total>6</total>
				<timestamp>3051.542766</timestamp>
			</report>
			<report>
				<misses>101800000</misses>
				<total>6</total>
				<timestamp>3054.542785</timestamp>
			</report>
			<report>
				<misses>101900000</misses>
				<total>6</total>
				<timestamp>3057.542837</timestamp>
			</report>
			<report>
				<misses>102000000</misses>
				<total>6</total>
				<timestamp>3060.543236</timestamp>
			</report>
			<report>
				<misses>102100000</misses>
				<total>6</total>
				<timestamp>3063.543361</timestamp>
			</report>
			<report>
				<misses>102200000</misses>
				<total>6</total>
				<timestamp>3066.544466</timestamp>
			</report>
			<report>
				<misses>102300000</misses>
				<total>6</total>
				<timestamp>3069.545789</timestamp>
			</report>
			<report>
				<misses>102400000</misses>
				<total>6</total>
				<timestamp>3072.546932</timestamp>
			</report>
			<report>
				<misses>102500000</misses>
				<total>6</total>
				<timestamp>3075.547012</timestamp>
			</report>
			<report>
				<misses>102600000</misses>
				<total>6</total>
				<timestamp>3078.548062</timestamp>
			</report>
			<report>
				<misses>102700000</misses>
				<total>6</total>
				<timestamp>3081.549133</timestamp>
			</report>
			<report>
				<misses>102800000</misses>
				<total>6</total>
				<timestamp>3084.549530</timestamp>
			</report>
			<report>
				<misses>102900000</misses>
				<total>6</total>
				<timestamp>3087.549797</timestamp>
			</report>
			<report>
				<misses>103000000</misses>
				<total>6</total>
				<timestamp>3090.549979</timestamp>
			</report>
			<report>
				<misses>103100000</misses>
				<total>6</total>
				<timestamp>3093.550041</timestamp>
			</report>
			<report>
				<misses>103200000</misses>
				<total>6</total>
				<timestamp>3096.550246</timestamp>
			</report>
			<report>
				<misses>103300000</misses>
				<total>6</total>
				<timestamp>3099.550546</timestamp>
			</report>
			<report>
				<misses>103400000</misses>
				<total>6</total>
				<timestamp>3102.551785</timestamp>
			</report>
			<report>
				<misses>103500000</misses>
				<total>6</total>
				<timestamp>3105.551919</timestamp>
			</report>
			<report>
				<misses>103600000</misses>
				<total>6</total>
				<timestamp>3108.552281</timestamp>
			</report>
			<report>
				<misses>103700000</misses>
				<total>6</total>
				<timestamp>3111.552724</timestamp>
			</report>
			<report>
				<misses>103800000</misses>
				<total>6</total>
				<timestamp>3114.553603</timestamp>
			</report>
			<report>
				<misses>103900000</misses>
				<total>6</total>
				<timestamp>3117.555470</timestamp>
			</report>
			<report>
				<misses>104000000</misses>
				<total>6</total>
				<timestamp>3120.555482</timestamp>
			</report>
			<report>
				<misses>104100000</misses>
				<total>6</total>
				<timestamp>3123.556048</timestamp>
			</report>
			<report>
				<misses>104200000</misses>
				<total>6</total>
				<timestamp>3126.556367</timestamp>
			</report>
			<report>
				<misses>104300000</misses>
				<total>6</total>
				<timestamp>3129.558297</timestamp>
			</report>
			<report>
				<misses>104400000</misses>
				<total>6</total>
				<timestamp>3132.558954</timestamp>
			</report>
			<report>
				<misses>104500000</misses>
				<total>6</total>
				<timestamp>3135.559717</timestamp>
			</report>
			<report>
				<misses>104600000</misses>
				<total>6</total>
				<timestamp>3138.560435</timestamp>
			</report>
			<report>
				<misses>104700000</misses>
				<total>6</total>
				<timestamp>3141.560974</timestamp>
			</report>
			<report>
				<misses>104800000</misses>
				<total>6</total>
				<timestamp>3144.561617</timestamp>
			</report>
			<report>
				<misses>104900000</misses>
				<total>6</total>
				<timestamp>3147.561993</timestamp>
			</report>
			<report>
				<misses>105000000</misses>
				<total>6</total>
				<timestamp>3150.562102</timestamp>
			</report>
			<report>
				<misses>105100000</misses>
				<total>6</total>
				<timestamp>3153.562892</timestamp>
			</report>
			<report>
				<misses>105200000</misses>
				<total>6</total>
				<timestamp>3156.563346</timestamp>
			</report>
			<report>
				<misses>105300000</misses>
				<total>6</total>
				<timestamp>3159.564180</timestamp>
			</report>
			<report>
				<misses>105400000</misses>
				<total>6</total>
				<timestamp>3162.564531</timestamp>
			</report>
			<report>
				<misses>105500000</misses>
				<total>6</total>
				<timestamp>3165.564560</timestamp>
			</report>
			<report>
				<misses>105600000</misses>
				<total>6</total>
				<timestamp>3168.564580</timestamp>
			</report>
			<report>
				<misses>105700000</misses>
				<total>6</total>
				<timestamp>3171.565553</timestamp>
			</report>
			<report>
				<misses>105800000</misses>
				<total>6</total>
				<timestamp>3174.566211</timestamp>
			</report>
			<report>
				<misses>105900000</misses>
				<total>6</total>
				<timestamp>3177.567738</timestamp>
			</report>
			<report>
				<misses>106000000</misses>
				<total>6</total>
				<timestamp>3180.569659</timestamp>
			</report>
			<report>
				<misses>106100000</misses>
				<total>6</total>
				<timestamp>3183.570055</timestamp>
			</report>
			<report>
				<misses>106200000</misses>
				<total>6</total>
				<timestamp>3186.570106</timestamp>
			</report>
			<report>
				<misses>106300000</misses>
				<total>6</total>
				<timestamp>3189.570447</timestamp>
			</report>
			<report>
				<misses>106400000</misses>
				<total>6</total>
				<timestamp>3192.570590</timestamp>
			</report>
			<report>
				<misses>106500000</misses>
				<total>6</total>
				<timestamp>3195.570625</timestamp>
			</report>
			<report>
				<misses>106600000</misses>
				<total>6</total>
				<timestamp>3198.571142</timestamp>
			</report>
			<report>
				<misses>106700000</misses>
				<total>6</total>
				<timestamp>3201.571614</timestamp>
			</report>
			<report>
				<misses>106800000</misses>
				<total>6</total>
				<timestamp>3204.571943</timestamp>
			</report>
			<report>
				<misses>106900000</misses>
				<total>6</total>
				<timestamp>3207.572270</timestamp>
			</report>
			<report>
				<misses>107000000</misses>
				<total>6</total>
				<timestamp>3210.572310</timestamp>
			</report>
			<report>
				<misses>107100000</misses>
				<total>6</total>
				<timestamp>3213.572713</timestamp>
			</report>
			<report>
				<misses>107200000</misses>
				<total>6</total>
				<timestamp>3216.574310</timestamp>
			</report>
			<report>
				<misses>107300000</misses>
				<total>6</total>
				<timestamp>3219.575460</timestamp>
			</report>
			<report>
				<misses>107400000</misses>
				<total>6</total>
				<timestamp>3222.576718</timestamp>
			</report>
			<report>
				<misses>107500000</misses>
				<total>6</total>
				<timestamp>3225.576858</timestamp>
			</report>
			<report>
				<misses>107600000</misses>
				<total>6</total>
				<timestamp>3228.576977</timestamp>
			</report>
			<report>
				<misses>107700000</misses>
				<total>6</total>
				<timestamp>3231.577793</timestamp>
			</report>
			<report>
				<misses>107800000</misses>
				<total>6</total>
				<timestamp>3234.577793</timestamp>
			</report>
			<report>
				<misses>107900000</misses>
				<total>6</total>
				<timestamp>3237.578964</timestamp>
			</report>
			<report>
				<misses>108000000</misses>
				<total>6</total>
				<timestamp>3240.579432</timestamp>
			</report>
			<report>
				<misses>108100000</misses>
				<total>6</total>
				<timestamp>3243.579685</timestamp>
			</report>
			<report>
				<misses>108200000</misses>
				<total>6</total>
				<timestamp>3246.580757</timestamp>
			</report>
			<report>
				<misses>108300000</misses>
				<total>6</total>
				<timestamp>3249.581328</timestamp>
			</report>
			<report>
				<misses>108400000</misses>
				<total>6</total>
				<timestamp>3252.581663</timestamp>
			</report>
			<report>
				<misses>108500000</misses>
				<total>6</total>
				<timestamp>3255.582141</timestamp>
			</report>
			<report>
				<misses>108600000</misses>
				<total>6</total>
				<timestamp>3258.582732</timestamp>
			</report>
			<report>
				<misses>108700000</misses>
				<total>6</total>
				<timestamp>3261.582896</timestamp>
			</report>
			<report>
				<misses>108800000</misses>
				<total>6</total>
				<timestamp>3264.582984</timestamp>
			</report>
			<report>
				<misses>108900000</misses>
				<total>6</total>
				<timestamp>3267.583051</timestamp>
			</report>
			<report>
				<misses>109000000</misses>
				<total>6</total>
				<timestamp>3270.583224</timestamp>
			</report>
			<report>
				<misses>109100000</misses>
				<total>6</total>
				<timestamp>3273.583228</timestamp>
			</report>
			<report>
				<misses>109200000</misses>
				<total>6</total>
				<timestamp>3276.583597</timestamp>
			</report>
			<report>
				<misses>109300000</misses>
				<total>6</total>
				<timestamp>3279.583645</timestamp>
			</report>
			<report>
				<misses>109400000</misses>
				<total>6</total>
				<timestamp>3282.583966</timestamp>
			</report>
			<report>
				<misses>109500000</misses>
				<total>6</total>
				<timestamp>3285.584165</timestamp>
			</report>
			<report>
				<misses>109600000</misses>
				<total>6</total>
				<timestamp>3288.584255</timestamp>
			</report>
			<report>
				<misses>109700000</misses>
				<total>6</total>
				<timestamp>3291.584749</timestamp>
			</report>
			<report>
				<misses>109800000</misses>
				<total>6</total>
				<timestamp>3294.584749</timestamp>
			</report>
			<report>
				<misses>109900000</misses>
				<total>6</total>
				<timestamp>3297.585514</timestamp>
			</report>
			<report>
				<misses>110000000</misses>
				<total>6</total>
				<timestamp>3300.585720</timestamp>
			</report>
			<report>
				<misses>110100000</misses>
				<total>6</total>
				<timestamp>3303.586554</timestamp>
			</report>
			<report>
				<misses>110200000</misses>
				<total>6</total>
				<timestamp>3306.587571</timestamp>
			</report>
			<report>
				<misses>110300000</misses>
				<total>6</total>
				<timestamp>3309.588500</timestamp>
			</report>
			<report>
				<misses>110400000</misses>
				<total>6</total>
				<timestamp>3312.589475</timestamp>
			</report>
			<report>
				<misses>110500000</misses>
				<total>6</total>
				<timestamp>3315.589485</timestamp>
			</report>
			<report>
				<misses>110600000</misses>
				<total>6</total>
				<timestamp>3318.590455</timestamp>
			</report>
			<report>
				<misses>110700000</misses>
				<total>6</total>
				<timestamp>3321.591197</timestamp>
			</report>
			<report>
				<misses>110800000</misses>
				<total>6</total>
				<timestamp>3324.591461</timestamp>
			</report>
			<report>
				<misses>110900000</misses>
				<total>6</total>
				<timestamp>3327.591499</timestamp>
			</report>
			<report>
				<misses>111000000</misses>
				<total>6</total>
				<timestamp>3330.591778</timestamp>
			</report>
			<report>
				<misses>111100000</misses>
				<total>6</total>
				<timestamp>3333.591881</timestamp>
			</report>
			<report>
				<misses>111200000</misses>
				<total>6</total>
				<timestamp>3336.591968</timestamp>
			</report>
			<report>
				<misses>111300000</misses>
				<total>6</total>
				<timestamp>3339.592106</timestamp>
			</report>
			<report>
				<misses>111400000</misses>
				<total>6</total>
				<timestamp>3342.592152</timestamp>
			</report>
			<report>
				<misses>111500000</misses>
				<total>6</total>
				<timestamp>3345.592276</timestamp>
			</report>
			<report>
				<misses>111600000</misses>
				<total>6</total>
				<timestamp>3348.593380</timestamp>
			</report>
			<report>
				<misses>111700000</misses>
				<total>6</total>
				<timestamp>3351.594087</timestamp>
			</report>
			<report>
				<misses>111800000</misses>
				<total>6</total>
				<timestamp>3354.594102</timestamp>
			</report>
			<report>
				<misses>111900000</misses>
				<total>6</total>
				<timestamp>3357.594729</timestamp>
			</report>
			<report>
				<misses>112000000</misses>
				<total>6</total>
				<timestamp>3360.595390</timestamp>
			</report>
			<report>
				<misses>112100000</misses>
				<total>6</total>
				<timestamp>3363.596222</timestamp>
			</report>
			<report>
				<misses>112200000</misses>
				<total>6</total>
				<timestamp>3366.597802</timestamp>
			</report>
			<report>
				<misses>112300000</misses>
				<total>6</total>
				<timestamp>3369.598459</timestamp>
			</report>
			<report>
				<misses>112400000</misses>
				<total>6</total>
				<timestamp>3372.599541</timestamp>
			</report>
			<report>
				<misses>112500000</misses>
				<total>6</total>
				<timestamp>3375.600162</timestamp>
			</report>
			<report>
				<misses>112600000</misses>
				<total>6</total>
				<timestamp>3378.600266</timestamp>
			</report>
			<report>
				<misses>112700000</misses>
				<total>6</total>
				<timestamp>3381.600288</timestamp>
			</report>
			<report>
				<misses>112800000</misses>
				<total>6</total>
				<timestamp>3384.600296</timestamp>
			</report>
			<report>
				<misses>112900000</misses>
				<total>6</total>
				<timestamp>3387.600774</timestamp>
			</report>
			<report>
				<misses>113000000</misses>
				<total>6</total>
				<timestamp>3390.600992</timestamp>
			</report>
			<report>
				<misses>113100000</misses>
				<total>6</total>
				<timestamp>3393.601555</timestamp>
			</report>
			<report>
				<misses>113200000</misses>
				<total>6</total>
				<timestamp>3396.601630</timestamp>
			</report>
			<report>
				<misses>113300000</misses>
				<total>6</total>
				<timestamp>3399.602666</timestamp>
			</report>
			<report>
				<misses>113400000</misses>
				<total>6</total>
				<timestamp>3402.604098</timestamp>
			</report>
			<report>
				<misses>113500000</misses>
				<total>6</total>
				<timestamp>3405.604323</timestamp>
			</report>
			<report>
				<misses>113600000</misses>
				<total>6</total>
				<timestamp>3408.604860</timestamp>
			</report>
			<report>
				<misses>113700000</misses>
				<total>6</total>
				<timestamp>3411.605089</timestamp>
			</report>
			<report>
				<misses>113800000</misses>
				<total>6</total>
				<timestamp>3414.605341</timestamp>
			</report>
			<report>
				<misses>113900000</misses>
				<total>6</total>
				<timestamp>3417.606179</timestamp>
			</report>
			<report>
				<misses>114000000</misses>
				<total>6</total>
				<timestamp>3420.606231</timestamp>
			</report>
			<report>
				<misses>114100000</misses>
				<total>6</total>
				<timestamp>3423.606276</timestamp>
			</report>
			<report>
				<misses>114200000</misses>
				<total>6</total>
				<timestamp>3426.606493</timestamp>
			</report>
			<report>
				<misses>114300000</misses>
				<total>6</total>
				<timestamp>3429.607413</timestamp>
			</report>
			<report>
				<misses>114400000</misses>
				<total>6</total>
				<timestamp>3432.608546</timestamp>
			</report>
			<report>
				<misses>114500000</misses>
				<total>6</total>
				<timestamp>3435.608918</timestamp>
			</report>
			<report>
				<misses>114600000</misses>
				<total>6</total>
				<timestamp>3438.608922</timestamp>
			</report>
			<report>
				<misses>114700000</misses>
				<total>6</total>
				<timestamp>3441.609016</timestamp>
			</report>
			<report>
				<misses>114800000</misses>
				<total>6</total>
				<timestamp>3444.609026</timestamp>
			</report>
			<report>
				<misses>114900000</misses>
				<total>6</total>
				<timestamp>3447.610650</timestamp>
			</report>
			<report>
				<misses>115000000</misses>
				<total>6</total>
				<timestamp>3450.611471</timestamp>
			</report>
			<report>
				<misses>115100000</misses>
				<total>6</total>
				<timestamp>3453.612275</timestamp>
			</report>
			<report>
				<misses>115200000</misses>
				<total>6</total>
				<timestamp>3456.612285</timestamp>
			</report>
			<report>
				<misses>115300000</misses>
				<total>6</total>
				<timestamp>3459.612350</timestamp>
			</report>
			<report>
				<misses>115400000</misses>
				<total>6</total>
				<timestamp>3462.612632</timestamp>
			</report>
			<report>
				<misses>115500000</misses>
				<total>6</total>
				<timestamp>3465.613247</timestamp>
			</report>
			<report>
				<misses>115600000</misses>
				<total>6</total>
				<timestamp>3468.613955</timestamp>
			</report>
			<report>
				<misses>115700000</misses>
				<total>6</total>
				<timestamp>3471.614773</timestamp>
			</report>
			<report>
				<misses>115800000</misses>
				<total>6</total>
				<timestamp>3474.615106</timestamp>
			</report>
			<report>
				<misses>115900000</misses>
				<total>6</total>
				<timestamp>3477.615162</timestamp>
			</report>
			<report>
				<misses>116000000</misses>
				<total>6</total>
				<timestamp>3480.615801</timestamp>
			</report>
			<report>
				<misses>116100000</misses>
				<total>6</total>
				<timestamp>3483.618070</timestamp>
			</report>
			<report>
				<misses>116200000</misses>
				<total>6</total>
				<timestamp>3486.618223</timestamp>
			</report>
			<report>
				<misses>116300000</misses>
				<total>6</total>
				<timestamp>3489.618898</timestamp>
			</report>
			<report>
				<misses>116400000</misses>
				<total>6</total>
				<timestamp>3492.619167</timestamp>
			</report>
			<report>
				<misses>116500000</misses>
				<total>6</total>
				<timestamp>3495.619535</timestamp>
			</report>
			<report>
				<misses>116600000</misses>
				<total>6</total>
				<timestamp>3498.619829</timestamp>
			</report>
			<report>
				<misses>116700000</misses>
				<total>6</total>
				<timestamp>3501.620444</timestamp>
			</report>
			<report>
				<misses>116800000</misses>
				<total>6</total>
				<timestamp>3504.621871</timestamp>
			</report>
			<report>
				<misses>116900000</misses>
				<total>6</total>
				<timestamp>3507.622825</timestamp>
			</report>
			<report>
				<misses>117000000</misses>
				<total>6</total>
				<timestamp>3510.623315</timestamp>
			</report>
			<report>
				<misses>117100000</misses>
				<total>6</total>
				<timestamp>3513.623327</timestamp>
			</report>
			<report>
				<misses>117200000</misses>
				<total>6</total>
				<timestamp>3516.623345</timestamp>
			</report>
			<report>
				<misses>117300000</misses>
				<total>6</total>
				<timestamp>3519.623918</timestamp>
			</report>
			<report>
				<misses>117400000</misses>
				<total>6</total>
				<timestamp>3522.624989</timestamp>
			</report>
			<report>
				<misses>117500000</misses>
				<total>6</total>
				<timestamp>3525.625786</timestamp>
			</report>
			<report>
				<misses>117600000</misses>
				<total>6</total>
				<timestamp>3528.627024</timestamp>
			</report>
			<report>
				<misses>117700000</misses>
				<total>6</total>
				<timestamp>3531.627404</timestamp>
			</report>
			<report>
				<misses>117800000</misses>
				<total>6</total>
				<timestamp>3534.627817</timestamp>
			</report>
			<report>
				<misses>117900000</misses>
				<total>6</total>
				<timestamp>3537.628071</timestamp>
			</report>
			<report>
				<misses>118000000</misses>
				<total>6</total>
				<timestamp>3540.628125</timestamp>
			</report>
			<report>
				<misses>118100000</misses>
				<total>6</total>
				<timestamp>3543.628181</timestamp>
			</report>
			<report>
				<misses>118200000</misses>
				<total>6</total>
				<timestamp>3546.628251</timestamp>
			</report>
			<report>
				<misses>118300000</misses>
				<total>6</total>
				<timestamp>3549.629057</timestamp>
			</report>
			<report>
				<misses>118400000</misses>
				<total>6</total>
				<timestamp>3552.629492</timestamp>
			</report>
			<report>
				<misses>118500000</misses>
				<total>6</total>
				<timestamp>3555.629511</timestamp>
			</report>
			<report>
				<misses>118600000</misses>
				<total>6</total>
				<timestamp>3558.629547</timestamp>
			</report>
			<report>
				<misses>118700000</misses>
				<total>6</total>
				<timestamp>3561.629566</timestamp>
			</report>
			<report>
				<misses>118800000</misses>
				<total>6</total>
				<timestamp>3564.629569</timestamp>
			</report>
			<report>
				<misses>118900000</misses>
				<total>6</total>
				<timestamp>3567.629851</timestamp>
			</report>
			<report>
				<misses>119000000</misses>
				<total>6</total>
				<timestamp>3570.630392</timestamp>
			</report>
			<report>
				<misses>119100000</misses>
				<total>6</total>
				<timestamp>3573.631488</timestamp>
			</report>
			<report>
				<misses>119200000</misses>
				<total>6</total>
				<timestamp>3576.632816</timestamp>
			</report>
			<report>
				<misses>119300000</misses>
				<total>6</total>
				<timestamp>3579.634047</timestamp>
			</report>
			<report>
				<misses>119400000</misses>
				<total>6</total>
				<timestamp>3582.634247</timestamp>
			</report>
			<report>
				<misses>119500000</misses>
				<total>6</total>
				<timestamp>3585.634252</timestamp>
			</report>
			<report>
				<misses>119600000</misses>
				<total>6</total>
				<timestamp>3588.634252</timestamp>
			</report>
			<report>
				<misses>119700000</misses>
				<total>6</total>
				<timestamp>3591.634363</timestamp>
			</report>
			<report>
				<misses>119800000</misses>
				<total>6</total>
				<timestamp>3594.634728</timestamp>
			</report>
			<report>
				<misses>119900000</misses>
				<total>6</total>
				<timestamp>3597.635346</timestamp>
			</report>
			<report>
				<misses>120000000</misses>
				<total>6</total>
				<timestamp>3600.635974</timestamp>
			</report>
			<report>
				<misses>120100000</misses>
				<total>6</total>
				<timestamp>3603.636154</timestamp>
			</report>
			<report>
				<misses>120200000</misses>
				<total>6</total>
				<timestamp>3606.636314</timestamp>
			</report>
			<report>
				<misses>120300000</misses>
				<total>6</total>
				<timestamp>3609.636520</timestamp>
			</report>
			<report>
				<misses>120400000</misses>
				<total>6</total>
				<timestamp>3612.636868</timestamp>
			</report>
			<report>
				<misses>120500000</misses>
				<total>6</total>
				<timestamp>3615.637135</timestamp>
			</report>
			<report>
				<misses>120600000</misses>
				<total>6</total>
				<timestamp>3618.637939</timestamp>
			</report>
			<report>
				<misses>120700000</misses>
				<total>6</total>
				<timestamp>3621.638499</timestamp>
			</report>
			<report>
				<misses>120800000</misses>
				<total>6</total>
				<timestamp>3624.638496</timestamp>
			</report>
			<report>
				<misses>120900000</misses>
				<total>6</total>
				<timestamp>3627.638685</timestamp>
			</report>
			<report>
				<misses>121000000</misses>
				<total>6</total>
				<timestamp>3630.641897</timestamp>
			</report>
			<report>
				<misses>121100000</misses>
				<total>6</total>
				<timestamp>3633.642340</timestamp>
			</report>
			<report>
				<misses>121200000</misses>
				<total>6</total>
				<timestamp>3636.642993</timestamp>
			</report>
			<report>
				<misses>121300000</misses>
				<total>6</total>
				<timestamp>3639.644193</timestamp>
			</report>
			<report>
				<misses>121400000</misses>
				<total>6</total>
				<timestamp>3642.644603</timestamp>
			</report>
			<report>
				<misses>121500000</misses>
				<total>6</total>
				<timestamp>3645.645742</timestamp>
			</report>
			<report>
				<misses>121600000</misses>
				<total>6</total>
				<timestamp>3648.648389</timestamp>
			</report>
			<report>
				<misses>121700000</misses>
				<total>6</total>
				<timestamp>3651.648598</timestamp>
			</report>
			<report>
				<misses>121800000</misses>
				<total>6</total>
				<timestamp>3654.649238</timestamp>
			</report>
			<report>
				<misses>121900000</misses>
				<total>6</total>
				<timestamp>3657.649286</timestamp>
			</report>
			<report>
				<misses>122000000</misses>
				<total>6</total>
				<timestamp>3660.649605</timestamp>
			</report>
			<report>
				<misses>122100000</misses>
				<total>6</total>
				<timestamp>3663.650122</timestamp>
			</report>
			<report>
				<misses>122200000</misses>
				<total>6</total>
				<timestamp>3666.650842</timestamp>
			</report>
			<report>
				<misses>122300000</misses>
				<total>6</total>
				<timestamp>3669.652332</timestamp>
			</report>
			<report>
				<misses>122400000</misses>
				<total>6</total>
				<timestamp>3672.652696</timestamp>
			</report>
			<report>
				<misses>122500000</misses>
				<total>6</total>
				<timestamp>3675.652705</timestamp>
			</report>
			<report>
				<misses>122600000</misses>
				<total>6</total>
				<timestamp>3678.652765</timestamp>
			</report>
			<report>
				<misses>122700000</misses>
				<total>6</total>
				<timestamp>3681.653152</timestamp>
			</report>
			<report>
				<misses>122800000</misses>
				<total>6</total>
				<timestamp>3684.653239</timestamp>
			</report>
			<report>
				<misses>122900000</misses>
				<total>6</total>
				<timestamp>3687.653424</timestamp>
			</report>
			<report>
				<misses>123000000</misses>
				<total>6</total>
				<timestamp>3690.654501</timestamp>
			</report>
			<report>
				<misses>123100000</misses>
				<total>6</total>
				<timestamp>3693.654837</timestamp>
			</report>
			<report>
				<misses>123200000</misses>
				<total>6</total>
				<timestamp>3696.655042</timestamp>
			</report>
			<report>
				<misses>123300000</misses>
				<total>6</total>
				<timestamp>3699.656459</timestamp>
			</report>
			<report>
				<misses>123400000</misses>
				<total>6</total>
				<timestamp>3702.656578</timestamp>
			</report>
			<report>
				<misses>123500000</misses>
				<total>6</total>
				<timestamp>3705.656969</timestamp>
			</report>
			<report>
				<misses>123600000</misses>
				<total>6</total>
				<timestamp>3708.657541</timestamp>
			</report>
			<report>
				<misses>123700000</misses>
				<total>6</total>
				<timestamp>3711.657633</timestamp>
			</report>
			<report>
				<misses>123800000</misses>
				<total>6</total>
				<timestamp>3714.657959</timestamp>
			</report>
			<report>
				<misses>123900000</misses>
				<total>6</total>
				<timestamp>3717.658364</timestamp>
			</report>
			<report>
				<misses>124000000</misses>
				<total>6</total>
				<timestamp>3720.660624</timestamp>
			</report>
			<report>
				<misses>124100000</misses>
				<total>6</total>
				<timestamp>3723.662667</timestamp>
			</report>
			<report>
				<misses>124200000</misses>
				<total>6</total>
				<timestamp>3726.663085</timestamp>
			</report>
			<report>
				<misses>124300000</misses>
				<total>6</total>
				<timestamp>3729.663269</timestamp>
			</report>
			<report>
				<misses>124400000</misses>
				<total>6</total>
				<timestamp>3732.663288</timestamp>
			</report>
			<report>
				<misses>124500000</misses>
				<total>6</total>
				<timestamp>3735.664110</timestamp>
			</report>
			<report>
				<misses>124600000</misses>
				<total>6</total>
				<timestamp>3738.664131</timestamp>
			</report>
			<report>
				<misses>124700000</misses>
				<total>6</total>
				<timestamp>3741.664202</timestamp>
			</report>
			<report>
				<misses>124800000</misses>
				<total>6</total>
				<timestamp>3744.665328</timestamp>
			</report>
			<report>
				<misses>124900000</misses>
				<total>6</total>
				<timestamp>3747.665766</timestamp>
			</report>
			<report>
				<misses>125000000</misses>
				<total>6</total>
				<timestamp>3750.666439</timestamp>
			</report>
			<report>
				<misses>125100000</misses>
				<total>6</total>
				<timestamp>3753.668362</timestamp>
			</report>
			<report>
				<misses>125200000</misses>
				<total>6</total>
				<timestamp>3756.669794</timestamp>
			</report>
			<report>
				<misses>125300000</misses>
				<total>6</total>
				<timestamp>3759.671725</timestamp>
			</report>
			<report>
				<misses>125400000</misses>
				<total>6</total>
				<timestamp>3762.671885</timestamp>
			</report>
			<report>
				<misses>125500000</misses>
				<total>6</total>
				<timestamp>3765.671897</timestamp>
			</report>
			<report>
				<misses>125600000</misses>
				<total>6</total>
				<timestamp>3768.672720</timestamp>
			</report>
			<report>
				<misses>125700000</misses>
				<total>6</total>
				<timestamp>3771.674043</timestamp>
			</report>
			<report>
				<misses>125800000</misses>
				<total>6</total>
				<timestamp>3774.674379</timestamp>
			</report>
			<report>
				<misses>125900000</misses>
				<total>6</total>
				<timestamp>3777.675189</timestamp>
			</report>
			<report>
				<misses>126000000</misses>
				<total>6</total>
				<timestamp>3780.675477</timestamp>
			</report>
			<report>
				<misses>126100000</misses>
				<total>6</total>
				<timestamp>3783.675811</timestamp>
			</report>
			<report>
				<misses>126200000</misses>
				<total>6</total>
				<timestamp>3786.676277</timestamp>
			</report>
			<report>
				<misses>126300000</misses>
				<total>6</total>
				<timestamp>3789.676937</timestamp>
			</report>
			<report>
				<misses>126400000</misses>
				<total>6</total>
				<timestamp>3792.677600</timestamp>
			</report>
			<report>
				<misses>126500000</misses>
				<total>6</total>
				<timestamp>3795.677637</timestamp>
			</report>
			<report>
				<misses>126600000</misses>
				<total>6</total>
				<timestamp>3798.677652</timestamp>
			</report>
			<report>
				<misses>126700000</misses>
				<total>6</total>
				<timestamp>3801.677875</timestamp>
			</report>
			<report>
				<misses>126800000</misses>
				<total>6</total>
				<timestamp>3804.679093</timestamp>
			</report>
			<report>
				<misses>126900000</misses>
				<total>6</total>
				<timestamp>3807.680075</timestamp>
			</report>
			<report>
				<misses>127000000</misses>
				<total>6</total>
				<timestamp>3810.680437</timestamp>
			</report>
			<report>
				<misses>127100000</misses>
				<total>6</total>
				<timestamp>3813.680987</timestamp>
			</report>
			<report>
				<misses>127200000</misses>
				<total>6</total>
				<timestamp>3816.680992</timestamp>
			</report>
			<report>
				<misses>127300000</misses>
				<total>6</total>
				<timestamp>3819.681204</timestamp>
			</report>
			<report>
				<misses>127400000</misses>
				<total>6</total>
				<timestamp>3822.681237</timestamp>
			</report>
			<report>
				<misses>127500000</misses>
				<total>6</total>
				<timestamp>3825.681971</timestamp>
			</report>
			<report>
				<misses>127600000</misses>
				<total>6</total>
				<timestamp>3828.682698</timestamp>
			</report>
			<report>
				<misses>127700000</misses>
				<total>6</total>
				<timestamp>3831.683603</timestamp>
			</report>
			<report>
				<misses>127800000</misses>
				<total>6</total>
				<timestamp>3834.685015</timestamp>
			</report>
			<report>
				<misses>127900000</misses>
				<total>6</total>
				<timestamp>3837.685199</timestamp>
			</report>
			<report>
				<misses>128000000</misses>
				<total>6</total>
				<timestamp>3840.686483</timestamp>
			</report>
			<report>
				<misses>128100000</misses>
				<total>6</total>
				<timestamp>3843.687082</timestamp>
			</report>
			<report>
				<misses>128200000</misses>
				<total>6</total>
				<timestamp>3846.687785</timestamp>
			</report>
			<report>
				<misses>128300000</misses>
				<total>6</total>
				<timestamp>3849.688187</timestamp>
			</report>
			<report>
				<misses>128400000</misses>
				<total>6</total>
				<timestamp>3852.688626</timestamp>
			</report>
			<report>
				<misses>128500000</misses>
				<total>6</total>
				<timestamp>3855.689124</timestamp>
			</report>
			<report>
				<misses>128600000</misses>
				<total>6</total>
				<timestamp>3858.689179</timestamp>
			</report>
			<report>
				<misses>128700000</misses>
				<total>6</total>
				<timestamp>3861.689542</timestamp>
			</report>
			<report>
				<misses>128800000</misses>
				<total>6</total>
				<timestamp>3864.690272</timestamp>
			</report>
			<report>
				<misses>128900000</misses>
				<total>6</total>
				<timestamp>3867.690390</timestamp>
			</report>
			<report>
				<misses>129000000</misses>
				<total>6</total>
				<timestamp>3870.691806</timestamp>
			</report>
			<report>
				<misses>129100000</misses>
				<total>6</total>
				<timestamp>3873.693591</timestamp>
			</report>
			<report>
				<misses>129200000</misses>
				<total>6</total>
				<timestamp>3876.694324</timestamp>
			</report>
			<report>
				<misses>129300000</misses>
				<total>6</total>
				<timestamp>3879.695097</timestamp>
			</report>
			<report>
				<misses>129400000</misses>
				<total>6</total>
				<timestamp>3882.695875</timestamp>
			</report>
			<report>
				<misses>129500000</misses>
				<total>6</total>
				<timestamp>3885.697049</timestamp>
			</report>
			<report>
				<misses>129600000</misses>
				<total>6</total>
				<timestamp>3888.697279</timestamp>
			</report>
			<report>
				<misses>129700000</misses>
				<total>6</total>
				<timestamp>3891.697287</timestamp>
			</report>
			<report>
				<misses>129800000</misses>
				<total>6</total>
				<timestamp>3894.697336</timestamp>
			</report>
			<report>
				<misses>129900000</misses>
				<total>6</total>
				<timestamp>3897.697372</timestamp>
			</report>
			<report>
				<misses>130000000</misses>
				<total>7</total>
				<timestamp>3900.697435</timestamp>
			</report>
			<report>
				<misses>130100000</misses>
				<total>7</total>
				<timestamp>3903.698111</timestamp>
			</report>
			<report>
				<misses>130200000</misses>
				<total>7</total>
				<timestamp>3906.698471</timestamp>
			</report>
			<report>
				<misses>130300000</misses>
				<total>7</total>
				<timestamp>3909.698873</timestamp>
			</report>
			<report>
				<misses>130400000</misses>
				<total>7</total>
				<timestamp>3912.699074</timestamp>
			</report>
			<report>
				<misses>130500000</misses>
				<total>7</total>
				<timestamp>3915.699625</timestamp>
			</report>
			<report>
				<misses>130600000</misses>
				<total>7</total>
				<timestamp>3918.699827</timestamp>
			</report>
			<report>
				<misses>130700000</misses>
				<total>7</total>
				<timestamp>3921.700340</timestamp>
			</report>
			<report>
				<misses>130800000</misses>
				<total>7</total>
				<timestamp>3924.700496</timestamp>
			</report>
			<report>
				<misses>130900000</misses>
				<total>7</total>
				<timestamp>3927.702347</timestamp>
			</report>
			<report>
				<misses>131000000</misses>
				<total>7</total>
				<timestamp>3930.702621</timestamp>
			</report>
			<report>
				<misses>131100000</misses>
				<total>7</total>
				<timestamp>3933.703248</timestamp>
			</report>
			<report>
				<misses>131200000</misses>
				<total>7</total>
				<timestamp>3936.704582</timestamp>
			</report>
			<report>
				<misses>131300000</misses>
				<total>7</total>
				<timestamp>3939.705877</timestamp>
			</report>
			<report>
				<misses>131400000</misses>
				<total>7</total>
				<timestamp>3942.707513</timestamp>
			</report>
			<report>
				<misses>131500000</misses>
				<total>7</total>
				<timestamp>3945.708293</timestamp>
			</report>
			<report>
				<misses>131600000</misses>
				<total>7</total>
				<timestamp>3948.710042</timestamp>
			</report>
			<report>
				<misses>131700000</misses>
				<total>7</total>
				<timestamp>3951.711297</timestamp>
			</report>
			<report>
				<misses>131800000</misses>
				<total>7</total>
				<timestamp>3954.712764</timestamp>
			</report>
			<report>
				<misses>131900000</misses>
				<total>7</total>
				<timestamp>3957.712879</timestamp>
			</report>
			<report>
				<misses>132000000</misses>
				<total>7</total>
				<timestamp>3960.713153</timestamp>
			</report>
			<report>
				<misses>132100000</misses>
				<total>7</total>
				<timestamp>3963.713815</timestamp>
			</report>
			<report>
				<misses>132200000</misses>
				<total>7</total>
				<timestamp>3966.715040</timestamp>
			</report>
			<report>
				<misses>132300000</misses>
				<total>7</total>
				<timestamp>3969.716388</timestamp>
			</report>
			<report>
				<misses>132400000</misses>
				<total>7</total>
				<timestamp>3972.716864</timestamp>
			</report>
			<report>
				<misses>132500000</misses>
				<total>7</total>
				<timestamp>3975.717464</timestamp>
			</report>
			<report>
				<misses>132600000</misses>
				<total>7</total>
				<timestamp>3978.717608</timestamp>
			</report>
			<report>
				<misses>132700000</misses>
				<total>7</total>
				<timestamp>3981.718478</timestamp>
			</report>
			<report>
				<misses>132800000</misses>
				<total>7</total>
				<timestamp>3984.719366</timestamp>
			</report>
			<report>
				<misses>132900000</misses>
				<total>7</total>
				<timestamp>3987.720469</timestamp>
			</report>
			<report>
				<misses>133000000</misses>
				<total>7</total>
				<timestamp>3990.721799</timestamp>
			</report>
			<report>
				<misses>133100000</misses>
				<total>7</total>
				<timestamp>3993.721946</timestamp>
			</report>
			<report>
				<misses>133200000</misses>
				<total>7</total>
				<timestamp>3996.722267</timestamp>
			</report>
			<report>
				<misses>133300000</misses>
				<total>7</total>
				<timestamp>3999.722840</timestamp>
			</report>
			<report>
				<misses>133400000</misses>
				<total>7</total>
				<timestamp>4002.722981</timestamp>
			</report>
			<report>
				<misses>133500000</misses>
				<total>7</total>
				<timestamp>4005.723527</timestamp>
			</report>
			<report>
				<misses>133600000</misses>
				<total>7</total>
				<timestamp>4008.724525</timestamp>
			</report>
			<report>
				<misses>133700000</misses>
				<total>7</total>
				<timestamp>4011.725549</timestamp>
			</report>
			<report>
				<misses>133800000</misses>
				<total>7</total>
				<timestamp>4014.726016</timestamp>
			</report>
			<report>
				<misses>133900000</misses>
				<total>7</total>
				<timestamp>4017.726482</timestamp>
			</report>
			<report>
				<misses>134000000</misses>
				<total>7</total>
				<timestamp>4020.727176</timestamp>
			</report>
			<report>
				<misses>134100000</misses>
				<total>7</total>
				<timestamp>4023.727709</timestamp>
			</report>
			<report>
				<misses>134200000</misses>
				<total>7</total>
				<timestamp>4026.728302</timestamp>
			</report>
			<report>
				<misses>134300000</misses>
				<total>7</total>
				<timestamp>4029.728428</timestamp>
			</report>
			<report>
				<misses>134400000</misses>
				<total>7</total>
				<timestamp>4032.729479</timestamp>
			</report>
			<report>
				<misses>134500000</misses>
				<total>7</total>
				<timestamp>4035.729753</timestamp>
			</report>
			<report>
				<misses>134600000</misses>
				<total>7</total>
				<timestamp>4038.729925</timestamp>
			</report>
			<report>
				<misses>134700000</misses>
				<total>7</total>
				<timestamp>4041.730580</timestamp>
			</report>
			<report>
				<misses>134800000</misses>
				<total>7</total>
				<timestamp>4044.730940</timestamp>
			</report>
			<report>
				<misses>134900000</misses>
				<total>7</total>
				<timestamp>4047.731572</timestamp>
			</report>
			<report>
				<misses>135000000</misses>
				<total>7</total>
				<timestamp>4050.732443</timestamp>
			</report>
			<report>
				<misses>135100000</misses>
				<total>7</total>
				<timestamp>4053.732601</timestamp>
			</report>
			<report>
				<misses>135200000</misses>
				<total>7</total>
				<timestamp>4056.732677</timestamp>
			</report>
			<report>
				<misses>135300000</misses>
				<total>7</total>
				<timestamp>4059.733353</timestamp>
			</report>
			<report>
				<misses>135400000</misses>
				<total>7</total>
				<timestamp>4062.733377</timestamp>
			</report>
			<report>
				<misses>135500000</misses>
				<total>7</total>
				<timestamp>4065.733778</timestamp>
			</report>
			<report>
				<misses>135600000</misses>
				<total>7</total>
				<timestamp>4068.734206</timestamp>
			</report>
			<report>
				<misses>135700000</misses>
				<total>7</total>
				<timestamp>4071.735251</timestamp>
			</report>
			<report>
				<misses>135800000</misses>
				<total>7</total>
				<timestamp>4074.735409</timestamp>
			</report>
			<report>
				<misses>135900000</misses>
				<total>7</total>
				<timestamp>4077.735413</timestamp>
			</report>
			<report>
				<misses>136000000</misses>
				<total>7</total>
				<timestamp>4080.735526</timestamp>
			</report>
			<report>
				<misses>136100000</misses>
				<total>7</total>
				<timestamp>4083.736266</timestamp>
			</report>
			<report>
				<misses>136200000</misses>
				<total>7</total>
				<timestamp>4086.736953</timestamp>
			</report>
			<report>
				<misses>136300000</misses>
				<total>7</total>
				<timestamp>4089.737889</timestamp>
			</report>
			<report>
				<misses>136400000</misses>
				<total>7</total>
				<timestamp>4092.738204</timestamp>
			</report>
			<report>
				<misses>136500000</misses>
				<total>7</total>
				<timestamp>4095.739579</timestamp>
			</report>
			<report>
				<misses>136600000</misses>
				<total>7</total>
				<timestamp>4098.740127</timestamp>
			</report>
			<report>
				<misses>136700000</misses>
				<total>7</total>
				<timestamp>4101.740544</timestamp>
			</report>
			<report>
				<misses>136800000</misses>
				<total>7</total>
				<timestamp>4104.740877</timestamp>
			</report>
			<report>
				<misses>136900000</misses>
				<total>7</total>
				<timestamp>4107.740998</timestamp>
			</report>
			<report>
				<misses>137000000</misses>
				<total>7</total>
				<timestamp>4110.741074</timestamp>
			</report>
			<report>
				<misses>137100000</misses>
				<total>7</total>
				<timestamp>4113.741092</timestamp>
			</report>
			<report>
				<misses>137200000</misses>
				<total>7</total>
				<timestamp>4116.741468</timestamp>
			</report>
			<report>
				<misses>137300000</misses>
				<total>7</total>
				<timestamp>4119.741887</timestamp>
			</report>
			<report>
				<misses>137400000</misses>
				<total>7</total>
				<timestamp>4122.742123</timestamp>
			</report>
			<report>
				<misses>137500000</misses>
				<total>7</total>
				<timestamp>4125.743191</timestamp>
			</report>
			<report>
				<misses>137600000</misses>
				<total>7</total>
				<timestamp>4128.743939</timestamp>
			</report>
			<report>
				<misses>137700000</misses>
				<total>7</total>
				<timestamp>4131.744836</timestamp>
			</report>
			<report>
				<misses>137800000</misses>
				<total>7</total>
				<timestamp>4134.746303</timestamp>
			</report>
			<report>
				<misses>137900000</misses>
				<total>7</total>
				<timestamp>4137.746546</timestamp>
			</report>
			<report>
				<misses>138000000</misses>
				<total>7</total>
				<timestamp>4140.747269</timestamp>
			</report>
			<report>
				<misses>138100000</misses>
				<total>7</total>
				<timestamp>4143.747567</timestamp>
			</report>
			<report>
				<misses>138200000</misses>
				<total>7</total>
				<timestamp>4146.747595</timestamp>
			</report>
			<report>
				<misses>138300000</misses>
				<total>7</total>
				<timestamp>4149.747927</timestamp>
			</report>
			<report>
				<misses>138400000</misses>
				<total>7</total>
				<timestamp>4152.747996</timestamp>
			</report>
			<report>
				<misses>138500000</misses>
				<total>7</total>
				<timestamp>4155.748055</timestamp>
			</report>
			<report>
				<misses>138600000</misses>
				<total>7</total>
				<timestamp>4158.748314</timestamp>
			</report>
			<report>
				<misses>138700000</misses>
				<total>7</total>
				<timestamp>4161.748880</timestamp>
			</report>
			<report>
				<misses>138800000</misses>
				<total>7</total>
				<timestamp>4164.749029</timestamp>
			</report>
			<report>
				<misses>138900000</misses>
				<total>7</total>
				<timestamp>4167.749628</timestamp>
			</report>
			<report>
				<misses>139000000</misses>
				<total>7</total>
				<timestamp>4170.749965</timestamp>
			</report>
			<report>
				<misses>139100000</misses>
				<total>7</total>
				<timestamp>4173.750241</timestamp>
			</report>
			<report>
				<misses>139200000</misses>
				<total>7</total>
				<timestamp>4176.750884</timestamp>
			</report>
			<report>
				<misses>139300000</misses>
				<total>7</total>
				<timestamp>4179.751145</timestamp>
			</report>
			<report>
				<misses>139400000</misses>
				<total>7</total>
				<timestamp>4182.751161</timestamp>
			</report>
			<report>
				<misses>139500000</misses>
				<total>7</total>
				<timestamp>4185.751279</timestamp>
			</report>
			<report>
				<misses>139600000</misses>
				<total>7</total>
				<timestamp>4188.752079</timestamp>
			</report>
			<report>
				<misses>139700000</misses>
				<total>7</total>
				<timestamp>4191.752705</timestamp>
			</report>
			<report>
				<misses>139800000</misses>
				<total>7</total>
				<timestamp>4194.753062</timestamp>
			</report>
			<report>
				<misses>139900000</misses>
				<total>7</total>
				<timestamp>4197.753461</timestamp>
			</report>
			<report>
				<misses>140000000</misses>
				<total>7</total>
				<timestamp>4200.753618</timestamp>
			</report>
			<report>
				<misses>140100000</misses>
				<total>7</total>
				<timestamp>4203.754527</timestamp>
			</report>
			<report>
				<misses>140200000</misses>
				<total>7</total>
				<timestamp>4206.754583</timestamp>
			</report>
			<report>
				<misses>140300000</misses>
				<total>7</total>
				<timestamp>4209.754789</timestamp>
			</report>
			<report>
				<misses>140400000</misses>
				<total>7</total>
				<timestamp>4212.754814</timestamp>
			</report>
			<report>
				<misses>140500000</misses>
				<total>7</total>
				<timestamp>4215.755611</timestamp>
			</report>
			<report>
				<misses>140600000</misses>
				<total>7</total>
				<timestamp>4218.756247</timestamp>
			</report>
			<report>
				<misses>140700000</misses>
				<total>7</total>
				<timestamp>4221.756840</timestamp>
			</report>
			<report>
				<misses>140800000</misses>
				<total>7</total>
				<timestamp>4224.759113</timestamp>
			</report>
			<report>
				<misses>140900000</misses>
				<total>7</total>
				<timestamp>4227.759274</timestamp>
			</report>
			<report>
				<misses>141000000</misses>
				<total>7</total>
				<timestamp>4230.759564</timestamp>
			</report>
			<report>
				<misses>141100000</misses>
				<total>7</total>
				<timestamp>4233.760688</timestamp>
			</report>
			<report>
				<misses>141200000</misses>
				<total>7</total>
				<timestamp>4236.761402</timestamp>
			</report>
			<report>
				<misses>141300000</misses>
				<total>7</total>
				<timestamp>4239.762049</timestamp>
			</report>
			<report>
				<misses>141400000</misses>
				<total>7</total>
				<timestamp>4242.762591</timestamp>
			</report>
			<report>
				<misses>141500000</misses>
				<total>7</total>
				<timestamp>4245.763011</timestamp>
			</report>
			<report>
				<misses>141600000</misses>
				<total>7</total>
				<timestamp>4248.763399</timestamp>
			</report>
			<report>
				<misses>141700000</misses>
				<total>7</total>
				<timestamp>4251.763890</timestamp>
			</report>
			<report>
				<misses>141800000</misses>
				<total>7</total>
				<timestamp>4254.763960</timestamp>
			</report>
			<report>
				<misses>141900000</misses>
				<total>8</total>
				<timestamp>4257.764333</timestamp>
			</report>
			<report>
				<misses>142000000</misses>
				<total>8</total>
				<timestamp>4260.764673</timestamp>
			</report>
			<report>
				<misses>142100000</misses>
				<total>8</total>
				<timestamp>4263.765074</timestamp>
			</report>
			<report>
				<misses>142200000</misses>
				<total>8</total>
				<timestamp>4266.766743</timestamp>
			</report>
			<report>
				<misses>142300000</misses>
				<total>8</total>
				<timestamp>4269.767185</timestamp>
			</report>
			<report>
				<misses>142400000</misses>
				<total>8</total>
				<timestamp>4272.767292</timestamp>
			</report>
			<report>
				<misses>142500000</misses>
				<total>8</total>
				<timestamp>4275.768470</timestamp>
			</report>
			<report>
				<misses>142600000</misses>
				<total>8</total>
				<timestamp>4278.768480</timestamp>
			</report>
			<report>
				<misses>142700000</misses>
				<total>8</total>
				<timestamp>4281.768728</timestamp>
			</report>
			<report>
				<misses>142800000</misses>
				<total>8</total>
				<timestamp>4284.768951</timestamp>
			</report>
			<report>
				<misses>142900000</misses>
				<total>8</total>
				<timestamp>4287.769445</timestamp>
			</report>
			<report>
				<misses>143000000</misses>
				<total>8</total>
				<timestamp>4290.769970</timestamp>
			</report>
			<report>
				<misses>143100000</misses>
				<total>8</total>
				<timestamp>4293.770702</timestamp>
			</report>
			<report>
				<misses>143200000</misses>
				<total>8</total>
				<timestamp>4296.771861</timestamp>
			</report>
			<report>
				<misses>143300000</misses>
				<total>8</total>
				<timestamp>4299.773715</timestamp>
			</report>
			<report>
				<misses>143400000</misses>
				<total>8</total>
				<timestamp>4302.775194</timestamp>
			</report>
			<report>
				<misses>143500000</misses>
				<total>8</total>
				<timestamp>4305.775638</timestamp>
			</report>
			<report>
				<misses>143600000</misses>
				<total>8</total>
				<timestamp>4308.775653</timestamp>
			</report>
			<report>
				<misses>143700000</misses>
				<total>8</total>
				<timestamp>4311.775688</timestamp>
			</report>
			<report>
				<misses>143800000</misses>
				<total>8</total>
				<timestamp>4314.776430</timestamp>
			</report>
			<report>
				<misses>143900000</misses>
				<total>8</total>
				<timestamp>4317.776779</timestamp>
			</report>
			<report>
				<misses>144000000</misses>
				<total>8</total>
				<timestamp>4320.777501</timestamp>
			</report>
			<report>
				<misses>144100000</misses>
				<total>8</total>
				<timestamp>4323.778094</timestamp>
			</report>
			<report>
				<misses>144200000</misses>
				<total>8</total>
				<timestamp>4326.778340</timestamp>
			</report>
			<report>
				<misses>144300000</misses>
				<total>8</total>
				<timestamp>4329.778739</timestamp>
			</report>
			<report>
				<misses>144400000</misses>
				<total>8</total>
				<timestamp>4332.780180</timestamp>
			</report>
			<report>
				<misses>144500000</misses>
				<total>8</total>
				<timestamp>4335.781042</timestamp>
			</report>
			<report>
				<misses>144600000</misses>
				<total>8</total>
				<timestamp>4338.782312</timestamp>
			</report>
			<report>
				<misses>144700000</misses>
				<total>8</total>
				<timestamp>4341.783427</timestamp>
			</report>
			<report>
				<misses>144800000</misses>
				<total>8</total>
				<timestamp>4344.784662</timestamp>
			</report>
			<report>
				<misses>144900000</misses>
				<total>8</total>
				<timestamp>4347.785446</timestamp>
			</report>
			<report>
				<misses>145000000</misses>
				<total>8</total>
				<timestamp>4350.786844</timestamp>
			</report>
			<report>
				<misses>145100000</misses>
				<total>8</total>
				<timestamp>4353.787879</timestamp>
			</report>
			<report>
				<misses>145200000</misses>
				<total>8</total>
				<timestamp>4356.787925</timestamp>
			</report>
			<report>
				<misses>145300000</misses>
				<total>8</total>
				<timestamp>4359.788289</timestamp>
			</report>
			<report>
				<misses>145400000</misses>
				<total>8</total>
				<timestamp>4362.789231</timestamp>
			</report>
			<report>
				<misses>145500000</misses>
				<total>8</total>
				<timestamp>4365.790404</timestamp>
			</report>
			<report>
				<misses>145600000</misses>
				<total>8</total>
				<timestamp>4368.791268</timestamp>
			</report>
			<report>
				<misses>145700000</misses>
				<total>8</total>
				<timestamp>4371.791356</timestamp>
			</report>
			<report>
				<misses>145800000</misses>
				<total>8</total>
				<timestamp>4374.793494</timestamp>
			</report>
			<report>
				<misses>145900000</misses>
				<total>8</total>
				<timestamp>4377.794358</timestamp>
			</report>
			<report>
				<misses>146000000</misses>
				<total>8</total>
				<timestamp>4380.794788</timestamp>
			</report>
			<report>
				<misses>146100000</misses>
				<total>8</total>
				<timestamp>4383.795111</timestamp>
			</report>
			<report>
				<misses>146200000</misses>
				<total>8</total>
				<timestamp>4386.795352</timestamp>
			</report>
			<report>
				<misses>146300000</misses>
				<total>8</total>
				<timestamp>4389.796172</timestamp>
			</report>
			<report>
				<misses>146400000</misses>
				<total>8</total>
				<timestamp>4392.796306</timestamp>
			</report>
			<report>
				<misses>146500000</misses>
				<total>8</total>
				<timestamp>4395.796394</timestamp>
			</report>
			<report>
				<misses>146600000</misses>
				<total>8</total>
				<timestamp>4398.797112</timestamp>
			</report>
			<report>
				<misses>146700000</misses>
				<total>8</total>
				<timestamp>4401.797459</timestamp>
			</report>
			<report>
				<misses>146800000</misses>
				<total>8</total>
				<timestamp>4404.797784</timestamp>
			</report>
			<report>
				<misses>146900000</misses>
				<total>8</total>
				<timestamp>4407.797907</timestamp>
			</report>
			<report>
				<misses>147000000</misses>
				<total>8</total>
				<timestamp>4410.797929</timestamp>
			</report>
			<report>
				<misses>147100000</misses>
				<total>8</total>
				<timestamp>4413.797933</timestamp>
			</report>
			<report>
				<misses>147200000</misses>
				<total>8</total>
				<timestamp>4416.798287</timestamp>
			</report>
			<report>
				<misses>147300000</misses>
				<total>8</total>
				<timestamp>4419.798487</timestamp>
			</report>
			<report>
				<misses>147400000</misses>
				<total>8</total>
				<timestamp>4422.798680</timestamp>
			</report>
			<report>
				<misses>147500000</misses>
				<total>8</total>
				<timestamp>4425.798806</timestamp>
			</report>
			<report>
				<misses>147600000</misses>
				<total>8</total>
				<timestamp>4428.798895</timestamp>
			</report>
			<report>
				<misses>147700000</misses>
				<total>8</total>
				<timestamp>4431.798950</timestamp>
			</report>
			<report>
				<misses>147800000</misses>
				<total>8</total>
				<timestamp>4434.800220</timestamp>
			</report>
			<report>
				<misses>147900000</misses>
				<total>8</total>
				<timestamp>4437.800660</timestamp>
			</report>
			<report>
				<misses>148000000</misses>
				<total>8</total>
				<timestamp>4440.801084</timestamp>
			</report>
			<report>
				<misses>148100000</misses>
				<total>8</total>
				<timestamp>4443.801602</timestamp>
			</report>
			<report>
				<misses>148200000</misses>
				<total>8</total>
				<timestamp>4446.802746</timestamp>
			</report>
			<report>
				<misses>148300000</misses>
				<total>8</total>
				<timestamp>4449.802940</timestamp>
			</report>
			<report>
				<misses>148400000</misses>
				<total>8</total>
				<timestamp>4452.803011</timestamp>
			</report>
			<report>
				<misses>148500000</misses>
				<total>8</total>
				<timestamp>4455.803132</timestamp>
			</report>
			<report>
				<misses>148600000</misses>
				<total>8</total>
				<timestamp>4458.804450</timestamp>
			</report>
			<report>
				<misses>148700000</misses>
				<total>8</total>
				<timestamp>4461.806273</timestamp>
			</report>
			<report>
				<misses>148800000</misses>
				<total>8</total>
				<timestamp>4464.806945</timestamp>
			</report>
			<report>
				<misses>148900000</misses>
				<total>8</total>
				<timestamp>4467.807192</timestamp>
			</report>
			<report>
				<misses>149000000</misses>
				<total>8</total>
				<timestamp>4470.807232</timestamp>
			</report>
			<report>
				<misses>149100000</misses>
				<total>8</total>
				<timestamp>4473.807313</timestamp>
			</report>
			<report>
				<misses>149200000</misses>
				<total>8</total>
				<timestamp>4476.808712</timestamp>
			</report>
			<report>
				<misses>149300000</misses>
				<total>8</total>
				<timestamp>4479.810989</timestamp>
			</report>
			<report>
				<misses>149400000</misses>
				<total>8</total>
				<timestamp>4482.812182</timestamp>
			</report>
			<report>
				<misses>149500000</misses>
				<total>8</total>
				<timestamp>4485.812479</timestamp>
			</report>
			<report>
				<misses>149600000</misses>
				<total>8</total>
				<timestamp>4488.813074</timestamp>
			</report>
			<report>
				<misses>149700000</misses>
				<total>8</total>
				<timestamp>4491.813110</timestamp>
			</report>
			<report>
				<misses>149800000</misses>
				<total>8</total>
				<timestamp>4494.813234</timestamp>
			</report>
			<report>
				<misses>149900000</misses>
				<total>8</total>
				<timestamp>4497.813484</timestamp>
			</report>
			<report>
				<misses>150000000</misses>
				<total>8</total>
				<timestamp>4500.814934</timestamp>
			</report>
			<report>
				<misses>150100000</misses>
				<total>8</total>
				<timestamp>4503.815725</timestamp>
			</report>
			<report>
				<misses>150200000</misses>
				<total>8</total>
				<timestamp>4506.816569</timestamp>
			</report>
			<report>
				<misses>150300000</misses>
				<total>8</total>
				<timestamp>4509.816931</timestamp>
			</report>
			<report>
				<misses>150400000</misses>
				<total>8</total>
				<timestamp>4512.818348</timestamp>
			</report>
			<report>
				<misses>150500000</misses>
				<total>9</total>
				<timestamp>4515.819260</timestamp>
			</report>
			<report>
				<misses>150600000</misses>
				<total>9</total>
				<timestamp>4518.819918</timestamp>
			</report>
			<report>
				<misses>150700000</misses>
				<total>9</total>
				<timestamp>4521.820716</timestamp>
			</report>
			<report>
				<misses>150800000</misses>
				<total>9</total>
				<timestamp>4524.821488</timestamp>
			</report>
			<report>
				<misses>150900000</misses>
				<total>9</total>
				<timestamp>4527.822408</timestamp>
			</report>
			<report>
				<misses>151000000</misses>
				<total>9</total>
				<timestamp>4530.823093</timestamp>
			</report>
			<report>
				<misses>151100000</misses>
				<total>9</total>
				<timestamp>4533.823215</timestamp>
			</report>
			<report>
				<misses>151200000</misses>
				<total>9</total>
				<timestamp>4536.823938</timestamp>
			</report>
			<report>
				<misses>151300000</misses>
				<total>9</total>
				<timestamp>4539.824802</timestamp>
			</report>
			<report>
				<misses>151400000</misses>
				<total>9</total>
				<timestamp>4542.824839</timestamp>
			</report>
			<report>
				<misses>151500000</misses>
				<total>9</total>
				<timestamp>4545.825272</timestamp>
			</report>
			<report>
				<misses>151600000</misses>
				<total>9</total>
				<timestamp>4548.826576</timestamp>
			</report>
			<report>
				<misses>151700000</misses>
				<total>9</total>
				<timestamp>4551.826979</timestamp>
			</report>
			<report>
				<misses>151800000</misses>
				<total>9</total>
				<timestamp>4554.827436</timestamp>
			</report>
			<report>
				<misses>151900000</misses>
				<total>9</total>
				<timestamp>4557.827964</timestamp>
			</report>
			<report>
				<misses>152000000</misses>
				<total>9</total>
				<timestamp>4560.828332</timestamp>
			</report>
			<report>
				<misses>152100000</misses>
				<total>9</total>
				<timestamp>4563.830424</timestamp>
			</report>
			<report>
				<misses>152200000</misses>
				<total>9</total>
				<timestamp>4566.830624</timestamp>
			</report>
			<report>
				<misses>152300000</misses>
				<total>9</total>
				<timestamp>4569.830635</timestamp>
			</report>
			<report>
				<misses>152400000</misses>
				<total>9</total>
				<timestamp>4572.831214</timestamp>
			</report>
			<report>
				<misses>152500000</misses>
				<total>9</total>
				<timestamp>4575.831495</timestamp>
			</report>
			<report>
				<misses>152600000</misses>
				<total>9</total>
				<timestamp>4578.831525</timestamp>
			</report>
			<report>
				<misses>152700000</misses>
				<total>9</total>
				<timestamp>4581.831566</timestamp>
			</report>
			<report>
				<misses>152800000</misses>
				<total>9</total>
				<timestamp>4584.832123</timestamp>
			</report>
			<report>
				<misses>152900000</misses>
				<total>9</total>
				<timestamp>4587.832528</timestamp>
			</report>
			<report>
				<misses>153000000</misses>
				<total>9</total>
				<timestamp>4590.832556</timestamp>
			</report>
			<report>
				<misses>153100000</misses>
				<total>9</total>
				<timestamp>4593.833304</timestamp>
			</report>
			<report>
				<misses>153200000</misses>
				<total>9</total>
				<timestamp>4596.834491</timestamp>
			</report>
			<report>
				<misses>153300000</misses>
				<total>9</total>
				<timestamp>4599.835259</timestamp>
			</report>
			<report>
				<misses>153400000</misses>
				<total>9</total>
				<timestamp>4602.835279</timestamp>
			</report>
			<report>
				<misses>153500000</misses>
				<total>9</total>
				<timestamp>4605.835287</timestamp>
			</report>
			<report>
				<misses>153600000</misses>
				<total>9</total>
				<timestamp>4608.836453</timestamp>
			</report>
			<report>
				<misses>153700000</misses>
				<total>9</total>
				<timestamp>4611.837066</timestamp>
			</report>
			<report>
				<misses>153800000</misses>
				<total>9</total>
				<timestamp>4614.838111</timestamp>
			</report>
			<report>
				<misses>153900000</misses>
				<total>9</total>
				<timestamp>4617.839295</timestamp>
			</report>
			<report>
				<misses>154000000</misses>
				<total>9</total>
				<timestamp>4620.839908</timestamp>
			</report>
			<report>
				<misses>154100000</misses>
				<total>9</total>
				<timestamp>4623.840984</timestamp>
			</report>
			<report>
				<misses>154200000</misses>
				<total>9</total>
				<timestamp>4626.841339</timestamp>
			</report>
			<report>
				<misses>154300000</misses>
				<total>9</total>
				<timestamp>4629.842450</timestamp>
			</report>
			<report>
				<misses>154400000</misses>
				<total>9</total>
				<timestamp>4632.842483</timestamp>
			</report>
			<report>
				<misses>154500000</misses>
				<total>9</total>
				<timestamp>4635.842606</timestamp>
			</report>
			<report>
				<misses>154600000</misses>
				<total>9</total>
				<timestamp>4638.843503</timestamp>
			</report>
			<report>
				<misses>154700000</misses>
				<total>9</total>
				<timestamp>4641.843904</timestamp>
			</report>
			<report>
				<misses>154800000</misses>
				<total>9</total>
				<timestamp>4644.843933</timestamp>
			</report>
			<report>
				<misses>154900000</misses>
				<total>9</total>
				<timestamp>4647.844468</timestamp>
			</report>
			<report>
				<misses>155000000</misses>
				<total>9</total>
				<timestamp>4650.844487</timestamp>
			</report>
			<report>
				<misses>155100000</misses>
				<total>9</total>
				<timestamp>4653.844740</timestamp>
			</report>
			<report>
				<misses>155200000</misses>
				<total>9</total>
				<timestamp>4656.846054</timestamp>
			</report>
			<report>
				<misses>155300000</misses>
				<total>9</total>
				<timestamp>4659.846928</timestamp>
			</report>
			<report>
				<misses>155400000</misses>
				<total>9</total>
				<timestamp>4662.846979</timestamp>
			</report>
			<report>
				<misses>155500000</misses>
				<total>9</total>
				<timestamp>4665.846994</timestamp>
			</report>
			<report>
				<misses>155600000</misses>
				<total>9</total>
				<timestamp>4668.849175</timestamp>
			</report>
			<report>
				<misses>155700000</misses>
				<total>9</total>
				<timestamp>4671.850310</timestamp>
			</report>
			<report>
				<misses>155800000</misses>
				<total>9</total>
				<timestamp>4674.852200</timestamp>
			</report>
			<report>
				<misses>155900000</misses>
				<total>9</total>
				<timestamp>4677.852641</timestamp>
			</report>
			<report>
				<misses>156000000</misses>
				<total>9</total>
				<timestamp>4680.852870</timestamp>
			</report>
			<report>
				<misses>156100000</misses>
				<total>9</total>
				<timestamp>4683.853004</timestamp>
			</report>
			<report>
				<misses>156200000</misses>
				<total>9</total>
				<timestamp>4686.853209</timestamp>
			</report>
			<report>
				<misses>156300000</misses>
				<total>9</total>
				<timestamp>4689.853712</timestamp>
			</report>
			<report>
				<misses>156400000</misses>
				<total>9</total>
				<timestamp>4692.854088</timestamp>
			</report>
			<report>
				<misses>156500000</misses>
				<total>9</total>
				<timestamp>4695.855186</timestamp>
			</report>
			<report>
				<misses>156600000</misses>
				<total>9</total>
				<timestamp>4698.856329</timestamp>
			</report>
			<report>
				<misses>156700000</misses>
				<total>9</total>
				<timestamp>4701.857009</timestamp>
			</report>
			<report>
				<misses>156800000</misses>
				<total>9</total>
				<timestamp>4704.857248</timestamp>
			</report>
			<report>
				<misses>156900000</misses>
				<total>9</total>
				<timestamp>4707.857514</timestamp>
			</report>
			<report>
				<misses>157000000</misses>
				<total>9</total>
				<timestamp>4710.858115</timestamp>
			</report>
			<report>
				<misses>157100000</misses>
				<total>9</total>
				<timestamp>4713.859401</timestamp>
			</report>
			<report>
				<misses>157200000</misses>
				<total>9</total>
				<timestamp>4716.860246</timestamp>
			</report>
			<report>
				<misses>157300000</misses>
				<total>9</total>
				<timestamp>4719.860590</timestamp>
			</report>
			<report>
				<misses>157400000</misses>
				<total>9</total>
				<timestamp>4722.861534</timestamp>
			</report>
			<report>
				<misses>157500000</misses>
				<total>9</total>
				<timestamp>4725.861834</timestamp>
			</report>
			<report>
				<misses>157600000</misses>
				<total>9</total>
				<timestamp>4728.861971</timestamp>
			</report>
			<report>
				<misses>157700000</misses>
				<total>9</total>
				<timestamp>4731.862794</timestamp>
			</report>
			<report>
				<misses>157800000</misses>
				<total>9</total>
				<timestamp>4734.863730</timestamp>
			</report>
			<report>
				<misses>157900000</misses>
				<total>9</total>
				<timestamp>4737.863895</timestamp>
			</report>
			<report>
				<misses>158000000</misses>
				<total>9</total>
				<timestamp>4740.864351</timestamp>
			</report>
			<report>
				<misses>158100000</misses>
				<total>9</total>
				<timestamp>4743.864389</timestamp>
			</report>
			<report>
				<misses>158200000</misses>
				<total>9</total>
				<timestamp>4746.864404</timestamp>
			</report>
			<report>
				<misses>158300000</misses>
				<total>9</total>
				<timestamp>4749.865219</timestamp>
			</report>
			<report>
				<misses>158400000</misses>
				<total>9</total>
				<timestamp>4752.867310</timestamp>
			</report>
			<report>
				<misses>158500000</misses>
				<total>9</total>
				<timestamp>4755.868481</timestamp>
			</report>
			<report>
				<misses>158600000</misses>
				<total>9</total>
				<timestamp>4758.869456</timestamp>
			</report>
			<report>
				<misses>158700000</misses>
				<total>9</total>
				<timestamp>4761.870570</timestamp>
			</report>
			<report>
				<misses>158800000</misses>
				<total>9</total>
				<timestamp>4764.870794</timestamp>
			</report>
			<report>
				<misses>158900000</misses>
				<total>9</total>
				<timestamp>4767.871180</timestamp>
			</report>
			<report>
				<misses>159000000</misses>
				<total>9</total>
				<timestamp>4770.871289</timestamp>
			</report>
			<report>
				<misses>159100000</misses>
				<total>9</total>
				<timestamp>4773.871310</timestamp>
			</report>
			<report>
				<misses>159200000</misses>
				<total>9</total>
				<timestamp>4776.871621</timestamp>
			</report>
			<report>
				<misses>159300000</misses>
				<total>9</total>
				<timestamp>4779.871784</timestamp>
			</report>
			<report>
				<misses>159400000</misses>
				<total>9</total>
				<timestamp>4782.872058</timestamp>
			</report>
			<report>
				<misses>159500000</misses>
				<total>9</total>
				<timestamp>4785.872410</timestamp>
			</report>
			<report>
				<misses>159600000</misses>
				<total>9</total>
				<timestamp>4788.872425</timestamp>
			</report>
			<report>
				<misses>159700000</misses>
				<total>9</total>
				<timestamp>4791.872448</timestamp>
			</report>
			<report>
				<misses>159800000</misses>
				<total>9</total>
				<timestamp>4794.872754</timestamp>
			</report>
			<report>
				<misses>159900000</misses>
				<total>9</total>
				<timestamp>4797.874479</timestamp>
			</report>
			<report>
				<misses>160000000</misses>
				<total>9</total>
				<timestamp>4800.874921</timestamp>
			</report>
			<report>
				<misses>160100000</misses>
				<total>9</total>
				<timestamp>4803.875074</timestamp>
			</report>
			<report>
				<misses>160200000</misses>
				<total>9</total>
				<timestamp>4806.875899</timestamp>
			</report>
			<report>
				<misses>160300000</misses>
				<total>9</total>
				<timestamp>4809.877461</timestamp>
			</report>
			<report>
				<misses>160400000</misses>
				<total>9</total>
				<timestamp>4812.877673</timestamp>
			</report>
			<report>
				<misses>160500000</misses>
				<total>9</total>
				<timestamp>4815.877670</timestamp>
			</report>
			<report>
				<misses>160600000</misses>
				<total>9</total>
				<timestamp>4818.877670</timestamp>
			</report>
			<report>
				<misses>160700000</misses>
				<total>9</total>
				<timestamp>4821.878362</timestamp>
			</report>
			<report>
				<misses>160800000</misses>
				<total>9</total>
				<timestamp>4824.880129</timestamp>
			</report>
			<report>
				<misses>160900000</misses>
				<total>9</total>
				<timestamp>4827.881180</timestamp>
			</report>
			<report>
				<misses>161000000</misses>
				<total>9</total>
				<timestamp>4830.883581</timestamp>
			</report>
			<report>
				<misses>161100000</misses>
				<total>9</total>
				<timestamp>4833.885229</timestamp>
			</report>
			<report>
				<misses>161200000</misses>
				<total>9</total>
				<timestamp>4836.886971</timestamp>
			</report>
			<report>
				<misses>161300000</misses>
				<total>9</total>
				<timestamp>4839.887807</timestamp>
			</report>
			<report>
				<misses>161400000</misses>
				<total>9</total>
				<timestamp>4842.888857</timestamp>
			</report>
			<report>
				<misses>161500000</misses>
				<total>9</total>
				<timestamp>4845.888984</timestamp>
			</report>
			<report>
				<misses>161600000</misses>
				<total>9</total>
				<timestamp>4848.889335</timestamp>
			</report>
			<report>
				<misses>161700000</misses>
				<total>9</total>
				<timestamp>4851.890003</timestamp>
			</report>
			<report>
				<misses>161800000</misses>
				<total>9</total>
				<timestamp>4854.890118</timestamp>
			</report>
			<report>
				<misses>161900000</misses>
				<total>9</total>
				<timestamp>4857.890274</timestamp>
			</report>
			<report>
				<misses>162000000</misses>
				<total>9</total>
				<timestamp>4860.891756</timestamp>
			</report>
			<report>
				<misses>162100000</misses>
				<total>9</total>
				<timestamp>4863.892595</timestamp>
			</report>
			<report>
				<misses>162200000</misses>
				<total>9</total>
				<timestamp>4866.892691</timestamp>
			</report>
			<report>
				<misses>162300000</misses>
				<total>9</total>
				<timestamp>4869.893063</timestamp>
			</report>
			<report>
				<misses>162400000</misses>
				<total>9</total>
				<timestamp>4872.893353</timestamp>
			</report>
			<report>
				<misses>162500000</misses>
				<total>9</total>
				<timestamp>4875.893386</timestamp>
			</report>
			<report>
				<misses>162600000</misses>
				<total>9</total>
				<timestamp>4878.893428</timestamp>
			</report>
			<report>
				<misses>162700000</misses>
				<total>9</total>
				<timestamp>4881.893573</timestamp>
			</report>
			<report>
				<misses>162800000</misses>
				<total>9</total>
				<timestamp>4884.893929</timestamp>
			</report>
			<report>
				<misses>162900000</misses>
				<total>9</total>
				<timestamp>4887.894081</timestamp>
			</report>
			<report>
				<misses>163000000</misses>
				<total>9</total>
				<timestamp>4890.895063</timestamp>
			</report>
			<report>
				<misses>163100000</misses>
				<total>9</total>
				<timestamp>4893.895739</timestamp>
			</report>
			<report>
				<misses>163200000</misses>
				<total>9</total>
				<timestamp>4896.896449</timestamp>
			</report>
			<report>
				<misses>163300000</misses>
				<total>9</total>
				<timestamp>4899.896630</timestamp>
			</report>
			<report>
				<misses>163400000</misses>
				<total>9</total>
				<timestamp>4902.897211</timestamp>
			</report>
			<report>
				<misses>163500000</misses>
				<total>9</total>
				<timestamp>4905.898850</timestamp>
			</report>
			<report>
				<misses>163600000</misses>
				<total>9</total>
				<timestamp>4908.898860</timestamp>
			</report>
			<report>
				<misses>163700000</misses>
				<total>9</total>
				<timestamp>4911.899025</timestamp>
			</report>
			<report>
				<misses>163800000</misses>
				<total>9</total>
				<timestamp>4914.900333</timestamp>
			</report>
			<report>
				<misses>163900000</misses>
				<total>9</total>
				<timestamp>4917.900616</timestamp>
			</report>
			<report>
				<misses>164000000</misses>
				<total>9</total>
				<timestamp>4920.900738</timestamp>
			</report>
			<report>
				<misses>164100000</misses>
				<total>9</total>
				<timestamp>4923.901093</timestamp>
			</report>
			<report>
				<misses>164200000</misses>
				<total>9</total>
				<timestamp>4926.902457</timestamp>
			</report>
			<report>
				<misses>164300000</misses>
				<total>9</total>
				<timestamp>4929.903122</timestamp>
			</report>
			<report>
				<misses>164400000</misses>
				<total>9</total>
				<timestamp>4932.903718</timestamp>
			</report>
			<report>
				<misses>164500000</misses>
				<total>9</total>
				<timestamp>4935.904303</timestamp>
			</report>
			<report>
				<misses>164600000</misses>
				<total>9</total>
				<timestamp>4938.904431</timestamp>
			</report>
			<report>
				<misses>164700000</misses>
				<total>9</total>
				<timestamp>4941.904587</timestamp>
			</report>
			<report>
				<misses>164800000</misses>
				<total>9</total>
				<timestamp>4944.905351</timestamp>
			</report>
			<report>
				<misses>164900000</misses>
				<total>9</total>
				<timestamp>4947.905873</timestamp>
			</report>
			<report>
				<misses>165000000</misses>
				<total>9</total>
				<timestamp>4950.905987</timestamp>
			</report>
			<report>
				<misses>165100000</misses>
				<total>9</total>
				<timestamp>4953.906033</timestamp>
			</report>
			<report>
				<misses>165200000</misses>
				<total>9</total>
				<timestamp>4956.906841</timestamp>
			</report>
			<report>
				<misses>165300000</misses>
				<total>9</total>
				<timestamp>4959.907397</timestamp>
			</report>
			<report>
				<misses>165400000</misses>
				<total>9</total>
				<timestamp>4962.908529</timestamp>
			</report>
			<report>
				<misses>165500000</misses>
				<total>9</total>
				<timestamp>4965.908796</timestamp>
			</report>
			<report>
				<misses>165600000</misses>
				<total>9</total>
				<timestamp>4968.908816</timestamp>
			</report>
			<report>
				<misses>165700000</misses>
				<total>9</total>
				<timestamp>4971.909141</timestamp>
			</report>
			<report>
				<misses>165800000</misses>
				<total>9</total>
				<timestamp>4974.910473</timestamp>
			</report>
			<report>
				<misses>165900000</misses>
				<total>9</total>
				<timestamp>4977.911090</timestamp>
			</report>
			<report>
				<misses>166000000</misses>
				<total>9</total>
				<timestamp>4980.911482</timestamp>
			</report>
			<report>
				<misses>166100000</misses>
				<total>9</total>
				<timestamp>4983.912386</timestamp>
			</report>
			<report>
				<misses>166200000</misses>
				<total>9</total>
				<timestamp>4986.912750</timestamp>
			</report>
			<report>
				<misses>166300000</misses>
				<total>9</total>
				<timestamp>4989.912844</timestamp>
			</report>
			<report>
				<misses>166400000</misses>
				<total>9</total>
				<timestamp>4992.913968</timestamp>
			</report>
			<report>
				<misses>166500000</misses>
				<total>9</total>
				<timestamp>4995.914796</timestamp>
			</report>
			<report>
				<misses>166600000</misses>
				<total>9</total>
				<timestamp>4998.916478</timestamp>
			</report>
			<report>
				<misses>166700000</misses>
				<total>9</total>
				<timestamp>5001.916803</timestamp>
			</report>
			<report>
				<misses>166800000</misses>
				<total>9</total>
				<timestamp>5004.917893</timestamp>
			</report>
			<report>
				<misses>166900000</misses>
				<total>9</total>
				<timestamp>5007.918768</timestamp>
			</report>
			<report>
				<misses>167000000</misses>
				<total>9</total>
				<timestamp>5010.918888</timestamp>
			</report>
			<report>
				<misses>167100000</misses>
				<total>9</total>
				<timestamp>5013.919458</timestamp>
			</report>
			<report>
				<misses>167200000</misses>
				<total>9</total>
				<timestamp>5016.920182</timestamp>
			</report>
			<report>
				<misses>167300000</misses>
				<total>9</total>
				<timestamp>5019.922121</timestamp>
			</report>
			<report>
				<misses>167400000</misses>
				<total>9</total>
				<timestamp>5022.922283</timestamp>
			</report>
			<report>
				<misses>167500000</misses>
				<total>9</total>
				<timestamp>5025.922515</timestamp>
			</report>
			<report>
				<misses>167600000</misses>
				<total>9</total>
				<timestamp>5028.922607</timestamp>
			</report>
			<report>
				<misses>167700000</misses>
				<total>9</total>
				<timestamp>5031.922863</timestamp>
			</report>
			<report>
				<misses>167800000</misses>
				<total>9</total>
				<timestamp>5034.923815</timestamp>
			</report>
			<report>
				<misses>167900000</misses>
				<total>9</total>
				<timestamp>5037.923876</timestamp>
			</report>
			<report>
				<misses>168000000</misses>
				<total>9</total>
				<timestamp>5040.924546</timestamp>
			</report>
			<report>
				<misses>168100000</misses>
				<total>9</total>
				<timestamp>5043.924930</timestamp>
			</report>
			<report>
				<misses>168200000</misses>
				<total>9</total>
				<timestamp>5046.924966</timestamp>
			</report>
			<report>
				<misses>168300000</misses>
				<total>9</total>
				<timestamp>5049.925234</timestamp>
			</report>
			<report>
				<misses>168400000</misses>
				<total>9</total>
				<timestamp>5052.925766</timestamp>
			</report>
			<report>
				<misses>168500000</misses>
				<total>9</total>
				<timestamp>5055.926315</timestamp>
			</report>
			<report>
				<misses>168600000</misses>
				<total>9</total>
				<timestamp>5058.926513</timestamp>
			</report>
			<report>
				<misses>168700000</misses>
				<total>9</total>
				<timestamp>5061.926747</timestamp>
			</report>
			<report>
				<misses>168800000</misses>
				<total>9</total>
				<timestamp>5064.926888</timestamp>
			</report>
			<report>
				<misses>168900000</misses>
				<total>9</total>
				<timestamp>5067.927518</timestamp>
			</report>
			<report>
				<misses>169000000</misses>
				<total>9</total>
				<timestamp>5070.928785</timestamp>
			</report>
			<report>
				<misses>169100000</misses>
				<total>9</total>
				<timestamp>5073.929932</timestamp>
			</report>
			<report>
				<misses>169200000</misses>
				<total>9</total>
				<timestamp>5076.930819</timestamp>
			</report>
			<report>
				<misses>169300000</misses>
				<total>9</total>
				<timestamp>5079.930841</timestamp>
			</report>
			<report>
				<misses>169400000</misses>
				<total>9</total>
				<timestamp>5082.931507</timestamp>
			</report>
			<report>
				<misses>169500000</misses>
				<total>9</total>
				<timestamp>5085.932255</timestamp>
			</report>
			<report>
				<misses>169600000</misses>
				<total>9</total>
				<timestamp>5088.932638</timestamp>
			</report>
			<report>
				<misses>169700000</misses>
				<total>9</total>
				<timestamp>5091.932672</timestamp>
			</report>
			<report>
				<misses>169800000</misses>
				<total>9</total>
				<timestamp>5094.932736</timestamp>
			</report>
			<report>
				<misses>169900000</misses>
				<total>9</total>
				<timestamp>5097.933786</timestamp>
			</report>
			<report>
				<misses>170000000</misses>
				<total>9</total>
				<timestamp>5100.935068</timestamp>
			</report>
			<report>
				<misses>170100000</misses>
				<total>9</total>
				<timestamp>5103.936417</timestamp>
			</report>
			<report>
				<misses>170200000</misses>
				<total>9</total>
				<timestamp>5106.937676</timestamp>
			</report>
			<report>
				<misses>170300000</misses>
				<total>9</total>
				<timestamp>5109.938898</timestamp>
			</report>
			<report>
				<misses>170400000</misses>
				<total>9</total>
				<timestamp>5112.941035</timestamp>
			</report>
			<report>
				<misses>170500000</misses>
				<total>9</total>
				<timestamp>5115.941485</timestamp>
			</report>
			<report>
				<misses>170600000</misses>
				<total>9</total>
				<timestamp>5118.941512</timestamp>
			</report>
			<report>
				<misses>170700000</misses>
				<total>9</total>
				<timestamp>5121.941541</timestamp>
			</report>
			<report>
				<misses>170800000</misses>
				<total>9</total>
				<timestamp>5124.941808</timestamp>
			</report>
			<report>
				<misses>170900000</misses>
				<total>9</total>
				<timestamp>5127.942434</timestamp>
			</report>
			<report>
				<misses>171000000</misses>
				<total>9</total>
				<timestamp>5130.943035</timestamp>
			</report>
			<report>
				<misses>171100000</misses>
				<total>9</total>
				<timestamp>5133.943356</timestamp>
			</report>
			<report>
				<misses>171200000</misses>
				<total>9</total>
				<timestamp>5136.943759</timestamp>
			</report>
			<report>
				<misses>171300000</misses>
				<total>9</total>
				<timestamp>5139.943856</timestamp>
			</report>
			<report>
				<misses>171400000</misses>
				<total>9</total>
				<timestamp>5142.944881</timestamp>
			</report>
			<report>
				<misses>171500000</misses>
				<total>9</total>
				<timestamp>5145.945673</timestamp>
			</report>
			<report>
				<misses>171600000</misses>
				<total>9</total>
				<timestamp>5148.945909</timestamp>
			</report>
			<report>
				<misses>171700000</misses>
				<total>9</total>
				<timestamp>5151.946894</timestamp>
			</report>
			<report>
				<misses>171800000</misses>
				<total>9</total>
				<timestamp>5154.947538</timestamp>
			</report>
			<report>
				<misses>171900000</misses>
				<total>9</total>
				<timestamp>5157.947534</timestamp>
			</report>
			<report>
				<misses>172000000</misses>
				<total>9</total>
				<timestamp>5160.947578</timestamp>
			</report>
			<report>
				<misses>172100000</misses>
				<total>9</total>
				<timestamp>5163.947933</timestamp>
			</report>
			<report>
				<misses>172200000</misses>
				<total>9</total>
				<timestamp>5166.948166</timestamp>
			</report>
			<report>
				<misses>172300000</misses>
				<total>9</total>
				<timestamp>5169.949645</timestamp>
			</report>
			<report>
				<misses>172400000</misses>
				<total>9</total>
				<timestamp>5172.949823</timestamp>
			</report>
			<report>
				<misses>172500000</misses>
				<total>9</total>
				<timestamp>5175.950930</timestamp>
			</report>
			<report>
				<misses>172600000</misses>
				<total>9</total>
				<timestamp>5178.950963</timestamp>
			</report>
			<report>
				<misses>172700000</misses>
				<total>9</total>
				<timestamp>5181.953000</timestamp>
			</report>
			<report>
				<misses>172800000</misses>
				<total>9</total>
				<timestamp>5184.953664</timestamp>
			</report>
			<report>
				<misses>172900000</misses>
				<total>9</total>
				<timestamp>5187.953700</timestamp>
			</report>
			<report>
				<misses>173000000</misses>
				<total>9</total>
				<timestamp>5190.954506</timestamp>
			</report>
			<report>
				<misses>173100000</misses>
				<total>9</total>
				<timestamp>5193.954610</timestamp>
			</report>
			<report>
				<misses>173200000</misses>
				<total>9</total>
				<timestamp>5196.955295</timestamp>
			</report>
			<report>
				<misses>173300000</misses>
				<total>9</total>
				<timestamp>5199.956736</timestamp>
			</report>
			<report>
				<misses>173400000</misses>
				<total>9</total>
				<timestamp>5202.956770</timestamp>
			</report>
			<report>
				<misses>173500000</misses>
				<total>9</total>
				<timestamp>5205.956786</timestamp>
			</report>
			<report>
				<misses>173600000</misses>
				<total>9</total>
				<timestamp>5208.957123</timestamp>
			</report>
			<report>
				<misses>173700000</misses>
				<total>9</total>
				<timestamp>5211.957173</timestamp>
			</report>
			<report>
				<misses>173800000</misses>
				<total>9</total>
				<timestamp>5214.957226</timestamp>
			</report>
			<report>
				<misses>173900000</misses>
				<total>9</total>
				<timestamp>5217.957615</timestamp>
			</report>
			<report>
				<misses>174000000</misses>
				<total>9</total>
				<timestamp>5220.957715</timestamp>
			</report>
			<report>
				<misses>174100000</misses>
				<total>9</total>
				<timestamp>5223.957992</timestamp>
			</report>
			<report>
				<misses>174200000</misses>
				<total>9</total>
				<timestamp>5226.958021</timestamp>
			</report>
			<report>
				<misses>174300000</misses>
				<total>9</total>
				<timestamp>5229.958503</timestamp>
			</report>
			<report>
				<misses>174400000</misses>
				<total>9</total>
				<timestamp>5232.958917</timestamp>
			</report>
			<report>
				<misses>174500000</misses>
				<total>9</total>
				<timestamp>5235.959933</timestamp>
			</report>
			<report>
				<misses>174600000</misses>
				<total>9</total>
				<timestamp>5238.960064</timestamp>
			</report>
			<report>
				<misses>174700000</misses>
				<total>9</total>
				<timestamp>5241.960740</timestamp>
			</report>
			<report>
				<misses>174800000</misses>
				<total>9</total>
				<timestamp>5244.960770</timestamp>
			</report>
			<report>
				<misses>174900000</misses>
				<total>9</total>
				<timestamp>5247.961033</timestamp>
			</report>
			<report>
				<misses>175000000</misses>
				<total>9</total>
				<timestamp>5250.961586</timestamp>
			</report>
			<report>
				<misses>175100000</misses>
				<total>9</total>
				<timestamp>5253.961674</timestamp>
			</report>
			<report>
				<misses>175200000</misses>
				<total>9</total>
				<timestamp>5256.962511</timestamp>
			</report>
			<report>
				<misses>175300000</misses>
				<total>9</total>
				<timestamp>5259.963572</timestamp>
			</report>
			<report>
				<misses>175400000</misses>
				<total>9</total>
				<timestamp>5262.964428</timestamp>
			</report>
			<report>
				<misses>175500000</misses>
				<total>9</total>
				<timestamp>5265.964807</timestamp>
			</report>
			<report>
				<misses>175600000</misses>
				<total>9</total>
				<timestamp>5268.964937</timestamp>
			</report>
			<report>
				<misses>175700000</misses>
				<total>9</total>
				<timestamp>5271.965122</timestamp>
			</report>
			<report>
				<misses>175800000</misses>
				<total>9</total>
				<timestamp>5274.965362</timestamp>
			</report>
			<report>
				<misses>175900000</misses>
				<total>9</total>
				<timestamp>5277.966314</timestamp>
			</report>
			<report>
				<misses>176000000</misses>
				<total>9</total>
				<timestamp>5280.968777</timestamp>
			</report>
			<report>
				<misses>176100000</misses>
				<total>9</total>
				<timestamp>5283.969745</timestamp>
			</report>
			<report>
				<misses>176200000</misses>
				<total>9</total>
				<timestamp>5286.970889</timestamp>
			</report>
			<report>
				<misses>176300000</misses>
				<total>9</total>
				<timestamp>5289.971235</timestamp>
			</report>
			<report>
				<misses>176400000</misses>
				<total>9</total>
				<timestamp>5292.972567</timestamp>
			</report>
			<report>
				<misses>176500000</misses>
				<total>9</total>
				<timestamp>5295.973267</timestamp>
			</report>
			<report>
				<misses>176600000</misses>
				<total>9</total>
				<timestamp>5298.974351</timestamp>
			</report>
			<report>
				<misses>176700000</misses>
				<total>9</total>
				<timestamp>5301.975052</timestamp>
			</report>
			<report>
				<misses>176800000</misses>
				<total>9</total>
				<timestamp>5304.975542</timestamp>
			</report>
			<report>
				<misses>176900000</misses>
				<total>9</total>
				<timestamp>5307.976470</timestamp>
			</report>
			<report>
				<misses>177000000</misses>
				<total>9</total>
				<timestamp>5310.976922</timestamp>
			</report>
			<report>
				<misses>177100000</misses>
				<total>9</total>
				<timestamp>5313.977097</timestamp>
			</report>
			<report>
				<misses>177200000</misses>
				<total>9</total>
				<timestamp>5316.977221</timestamp>
			</report>
			<report>
				<misses>177300000</misses>
				<total>10</total>
				<timestamp>5319.977786</timestamp>
			</report>
			<report>
				<misses>177400000</misses>
				<total>10</total>
				<timestamp>5322.978619</timestamp>
			</report>
			<report>
				<misses>177500000</misses>
				<total>10</total>
				<timestamp>5325.979265</timestamp>
			</report>
			<report>
				<misses>177600000</misses>
				<total>10</total>
				<timestamp>5328.979395</timestamp>
			</report>
			<report>
				<misses>177700000</misses>
				<total>10</total>
				<timestamp>5331.979802</timestamp>
			</report>
			<report>
				<misses>177800000</misses>
				<total>10</total>
				<timestamp>5334.981091</timestamp>
			</report>
			<report>
				<misses>177900000</misses>
				<total>10</total>
				<timestamp>5337.981850</timestamp>
			</report>
			<report>
				<misses>178000000</misses>
				<total>10</total>
				<timestamp>5340.982478</timestamp>
			</report>
			<report>
				<misses>178100000</misses>
				<total>10</total>
				<timestamp>5343.983355</timestamp>
			</report>
			<report>
				<misses>178200000</misses>
				<total>10</total>
				<timestamp>5346.983597</timestamp>
			</report>
			<report>
				<misses>178300000</misses>
				<total>10</total>
				<timestamp>5349.983809</timestamp>
			</report>
			<report>
				<misses>178400000</misses>
				<total>10</total>
				<timestamp>5352.984276</timestamp>
			</report>
			<report>
				<misses>178500000</misses>
				<total>10</total>
				<timestamp>5355.985671</timestamp>
			</report>
			<report>
				<misses>178600000</misses>
				<total>10</total>
				<timestamp>5358.986524</timestamp>
			</report>
			<report>
				<misses>178700000</misses>
				<total>10</total>
				<timestamp>5361.989299</timestamp>
			</report>
			<report>
				<misses>178800000</misses>
				<total>10</total>
				<timestamp>5364.990861</timestamp>
			</report>
			<report>
				<misses>178900000</misses>
				<total>10</total>
				<timestamp>5367.991197</timestamp>
			</report>
			<report>
				<misses>179000000</misses>
				<total>10</total>
				<timestamp>5370.991884</timestamp>
			</report>
			<report>
				<misses>179100000</misses>
				<total>10</total>
				<timestamp>5373.992521</timestamp>
			</report>
			<report>
				<misses>179200000</misses>
				<total>10</total>
				<timestamp>5376.993179</timestamp>
			</report>
			<report>
				<misses>179300000</misses>
				<total>10</total>
				<timestamp>5379.994084</timestamp>
			</report>
			<report>
				<misses>179400000</misses>
				<total>10</total>
				<timestamp>5382.994863</timestamp>
			</report>
			<report>
				<misses>179500000</misses>
				<total>10</total>
				<timestamp>5385.994935</timestamp>
			</report>
			<report>
				<misses>179600000</misses>
				<total>10</total>
				<timestamp>5388.994923</timestamp>
			</report>
			<report>
				<misses>179700000</misses>
				<total>10</total>
				<timestamp>5391.994927</timestamp>
			</report>
			<report>
				<misses>179800000</misses>
				<total>10</total>
				<timestamp>5394.996351</timestamp>
			</report>
			<report>
				<misses>179900000</misses>
				<total>10</total>
				<timestamp>5397.996567</timestamp>
			</report>
			<report>
				<misses>180000000</misses>
				<total>10</total>
				<timestamp>5400.996705</timestamp>
			</report>
			<report>
				<misses>180100000</misses>
				<total>10</total>
				<timestamp>5403.997137</timestamp>
			</report>
			<report>
				<misses>180200000</misses>
				<total>10</total>
				<timestamp>5406.997489</timestamp>
			</report>
			<report>
				<misses>180300000</misses>
				<total>10</total>
				<timestamp>5409.997495</timestamp>
			</report>
			<report>
				<misses>180400000</misses>
				<total>10</total>
				<timestamp>5412.998641</timestamp>
			</report>
			<report>
				<misses>180500000</misses>
				<total>10</total>
				<timestamp>5415.998737</timestamp>
			</report>
			<report>
				<misses>180600000</misses>
				<total>10</total>
				<timestamp>5418.999582</timestamp>
			</report>
			<report>
				<misses>180700000</misses>
				<total>10</total>
				<timestamp>5422.001273</timestamp>
			</report>
			<report>
				<misses>180800000</misses>
				<total>10</total>
				<timestamp>5425.001537</timestamp>
			</report>
			<report>
				<misses>180900000</misses>
				<total>10</total>
				<timestamp>5428.001808</timestamp>
			</report>
			<report>
				<misses>181000000</misses>
				<total>10</total>
				<timestamp>5431.001821</timestamp>
			</report>
			<report>
				<misses>181100000</misses>
				<total>10</total>
				<timestamp>5434.003108</timestamp>
			</report>
			<report>
				<misses>181200000</misses>
				<total>10</total>
				<timestamp>5437.004222</timestamp>
			</report>
			<report>
				<misses>181300000</misses>
				<total>10</total>
				<timestamp>5440.004390</timestamp>
			</report>
			<report>
				<misses>181400000</misses>
				<total>10</total>
				<timestamp>5443.004697</timestamp>
			</report>
			<report>
				<misses>181500000</misses>
				<total>10</total>
				<timestamp>5446.005002</timestamp>
			</report>
			<report>
				<misses>181600000</misses>
				<total>10</total>
				<timestamp>5449.005204</timestamp>
			</report>
			<report>
				<misses>181700000</misses>
				<total>10</total>
				<timestamp>5452.005566</timestamp>
			</report>
			<report>
				<misses>181800000</misses>
				<total>10</total>
				<timestamp>5455.007451</timestamp>
			</report>
			<report>
				<misses>181900000</misses>
				<total>10</total>
				<timestamp>5458.008199</timestamp>
			</report>
			<report>
				<misses>182000000</misses>
				<total>10</total>
				<timestamp>5461.008705</timestamp>
			</report>
			<report>
				<misses>182100000</misses>
				<total>10</total>
				<timestamp>5464.010015</timestamp>
			</report>
			<report>
				<misses>182200000</misses>
				<total>10</total>
				<timestamp>5467.010167</timestamp>
			</report>
			<report>
				<misses>182300000</misses>
				<total>10</total>
				<timestamp>5470.011947</timestamp>
			</report>
			<report>
				<misses>182400000</misses>
				<total>10</total>
				<timestamp>5473.012191</timestamp>
			</report>
			<report>
				<misses>182500000</misses>
				<total>10</total>
				<timestamp>5476.012176</timestamp>
			</report>
			<report>
				<misses>182600000</misses>
				<total>10</total>
				<timestamp>5479.012747</timestamp>
			</report>
			<report>
				<misses>182700000</misses>
				<total>10</total>
				<timestamp>5482.013596</timestamp>
			</report>
			<report>
				<misses>182800000</misses>
				<total>10</total>
				<timestamp>5485.014389</timestamp>
			</report>
			<report>
				<misses>182900000</misses>
				<total>10</total>
				<timestamp>5488.014731</timestamp>
			</report>
			<report>
				<misses>183000000</misses>
				<total>10</total>
				<timestamp>5491.014740</timestamp>
			</report>
			<report>
				<misses>183100000</misses>
				<total>10</total>
				<timestamp>5494.014804</timestamp>
			</report>
			<report>
				<misses>183200000</misses>
				<total>10</total>
				<timestamp>5497.016860</timestamp>
			</report>
			<report>
				<misses>183300000</misses>
				<total>10</total>
				<timestamp>5500.017276</timestamp>
			</report>
			<report>
				<misses>183400000</misses>
				<total>10</total>
				<timestamp>5503.017310</timestamp>
			</report>
			<report>
				<misses>183500000</misses>
				<total>10</total>
				<timestamp>5506.017977</timestamp>
			</report>
			<report>
				<misses>183600000</misses>
				<total>10</total>
				<timestamp>5509.018852</timestamp>
			</report>
			<report>
				<misses>183700000</misses>
				<total>10</total>
				<timestamp>5512.019010</timestamp>
			</report>
			<report>
				<misses>183800000</misses>
				<total>10</total>
				<timestamp>5515.019509</timestamp>
			</report>
			<report>
				<misses>183900000</misses>
				<total>10</total>
				<timestamp>5518.020179</timestamp>
			</report>
			<report>
				<misses>184000000</misses>
				<total>10</total>
				<timestamp>5521.020238</timestamp>
			</report>
			<report>
				<misses>184100000</misses>
				<total>10</total>
				<timestamp>5524.020535</timestamp>
			</report>
			<report>
				<misses>184200000</misses>
				<total>10</total>
				<timestamp>5527.021974</timestamp>
			</report>
			<report>
				<misses>184300000</misses>
				<total>10</total>
				<timestamp>5530.023281</timestamp>
			</report>
			<report>
				<misses>184400000</misses>
				<total>10</total>
				<timestamp>5533.023313</timestamp>
			</report>
			<report>
				<misses>184500000</misses>
				<total>10</total>
				<timestamp>5536.024295</timestamp>
			</report>
			<report>
				<misses>184600000</misses>
				<total>10</total>
				<timestamp>5539.024406</timestamp>
			</report>
			<report>
				<misses>184700000</misses>
				<total>10</total>
				<timestamp>5542.025050</timestamp>
			</report>
			<report>
				<misses>184800000</misses>
				<total>10</total>
				<timestamp>5545.025577</timestamp>
			</report>
			<report>
				<misses>184900000</misses>
				<total>10</total>
				<timestamp>5548.026783</timestamp>
			</report>
			<report>
				<misses>185000000</misses>
				<total>10</total>
				<timestamp>5551.026952</timestamp>
			</report>
			<report>
				<misses>185100000</misses>
				<total>10</total>
				<timestamp>5554.027245</timestamp>
			</report>
			<report>
				<misses>185200000</misses>
				<total>10</total>
				<timestamp>5557.027545</timestamp>
			</report>
			<report>
				<misses>185300000</misses>
				<total>10</total>
				<timestamp>5560.029765</timestamp>
			</report>
			<report>
				<misses>185400000</misses>
				<total>10</total>
				<timestamp>5563.030730</timestamp>
			</report>
			<report>
				<misses>185500000</misses>
				<total>10</total>
				<timestamp>5566.031827</timestamp>
			</report>
			<report>
				<misses>185600000</misses>
				<total>10</total>
				<timestamp>5569.031933</timestamp>
			</report>
			<report>
				<misses>185700000</misses>
				<total>10</total>
				<timestamp>5572.032138</timestamp>
			</report>
			<report>
				<misses>185800000</misses>
				<total>10</total>
				<timestamp>5575.032348</timestamp>
			</report>
			<report>
				<misses>185900000</misses>
				<total>10</total>
				<timestamp>5578.032767</timestamp>
			</report>
			<report>
				<misses>186000000</misses>
				<total>10</total>
				<timestamp>5581.032967</timestamp>
			</report>
			<report>
				<misses>186100000</misses>
				<total>10</total>
				<timestamp>5584.032991</timestamp>
			</report>
			<report>
				<misses>186200000</misses>
				<total>10</total>
				<timestamp>5587.033023</timestamp>
			</report>
			<report>
				<misses>186300000</misses>
				<total>10</total>
				<timestamp>5590.033100</timestamp>
			</report>
			<report>
				<misses>186400000</misses>
				<total>10</total>
				<timestamp>5593.033427</timestamp>
			</report>
			<report>
				<misses>186500000</misses>
				<total>10</total>
				<timestamp>5596.034294</timestamp>
			</report>
			<report>
				<misses>186600000</misses>
				<total>10</total>
				<timestamp>5599.034760</timestamp>
			</report>
			<report>
				<misses>186700000</misses>
				<total>10</total>
				<timestamp>5602.035015</timestamp>
			</report>
			<report>
				<misses>186800000</misses>
				<total>10</total>
				<timestamp>5605.035069</timestamp>
			</report>
			<report>
				<misses>186900000</misses>
				<total>10</total>
				<timestamp>5608.035780</timestamp>
			</report>
			<report>
				<misses>187000000</misses>
				<total>10</total>
				<timestamp>5611.036736</timestamp>
			</report>
			<report>
				<misses>187100000</misses>
				<total>10</total>
				<timestamp>5614.036962</timestamp>
			</report>
			<report>
				<misses>187200000</misses>
				<total>10</total>
				<timestamp>5617.037142</timestamp>
			</report>
			<report>
				<misses>187300000</misses>
				<total>10</total>
				<timestamp>5620.037176</timestamp>
			</report>
			<report>
				<misses>187400000</misses>
				<total>10</total>
				<timestamp>5623.037206</timestamp>
			</report>
			<report>
				<misses>187500000</misses>
				<total>10</total>
				<timestamp>5626.037534</timestamp>
			</report>
			<report>
				<misses>187600000</misses>
				<total>10</total>
				<timestamp>5629.037785</timestamp>
			</report>
			<report>
				<misses>187700000</misses>
				<total>10</total>
				<timestamp>5632.038455</timestamp>
			</report>
			<report>
				<misses>187800000</misses>
				<total>10</total>
				<timestamp>5635.039332</timestamp>
			</report>
			<report>
				<misses>187900000</misses>
				<total>10</total>
				<timestamp>5638.039547</timestamp>
			</report>
			<report>
				<misses>188000000</misses>
				<total>10</total>
				<timestamp>5641.040062</timestamp>
			</report>
			<report>
				<misses>188100000</misses>
				<total>10</total>
				<timestamp>5644.040424</timestamp>
			</report>
			<report>
				<misses>188200000</misses>
				<total>10</total>
				<timestamp>5647.040449</timestamp>
			</report>
			<report>
				<misses>188300000</misses>
				<total>10</total>
				<timestamp>5650.040507</timestamp>
			</report>
			<report>
				<misses>188400000</misses>
				<total>10</total>
				<timestamp>5653.041017</timestamp>
			</report>
			<report>
				<misses>188500000</misses>
				<total>10</total>
				<timestamp>5656.041463</timestamp>
			</report>
			<report>
				<misses>188600000</misses>
				<total>10</total>
				<timestamp>5659.041727</timestamp>
			</report>
			<report>
				<misses>188700000</misses>
				<total>10</total>
				<timestamp>5662.043480</timestamp>
			</report>
			<report>
				<misses>188800000</misses>
				<total>10</total>
				<timestamp>5665.044843</timestamp>
			</report>
			<report>
				<misses>188900000</misses>
				<total>10</total>
				<timestamp>5668.045278</timestamp>
			</report>
			<report>
				<misses>189000000</misses>
				<total>10</total>
				<timestamp>5671.045408</timestamp>
			</report>
			<report>
				<misses>189100000</misses>
				<total>10</total>
				<timestamp>5674.045481</timestamp>
			</report>
			<report>
				<misses>189200000</misses>
				<total>10</total>
				<timestamp>5677.045593</timestamp>
			</report>
			<report>
				<misses>189300000</misses>
				<total>10</total>
				<timestamp>5680.045849</timestamp>
			</report>
			<report>
				<misses>189400000</misses>
				<total>10</total>
				<timestamp>5683.045965</timestamp>
			</report>
			<report>
				<misses>189500000</misses>
				<total>10</total>
				<timestamp>5686.046339</timestamp>
			</report>
			<report>
				<misses>189600000</misses>
				<total>10</total>
				<timestamp>5689.046933</timestamp>
			</report>
			<report>
				<misses>189700000</misses>
				<total>10</total>
				<timestamp>5692.047565</timestamp>
			</report>
			<report>
				<misses>189800000</misses>
				<total>10</total>
				<timestamp>5695.048968</timestamp>
			</report>
			<report>
				<misses>189900000</misses>
				<total>10</total>
				<timestamp>5698.050126</timestamp>
			</report>
			<report>
				<misses>190000000</misses>
				<total>10</total>
				<timestamp>5701.050469</timestamp>
			</report>
			<report>
				<misses>190100000</misses>
				<total>10</total>
				<timestamp>5704.050620</timestamp>
			</report>
			<report>
				<misses>190200000</misses>
				<total>10</total>
				<timestamp>5707.051346</timestamp>
			</report>
			<report>
				<misses>190300000</misses>
				<total>10</total>
				<timestamp>5710.051922</timestamp>
			</report>
			<report>
				<misses>190400000</misses>
				<total>10</total>
				<timestamp>5713.052461</timestamp>
			</report>
			<report>
				<misses>190500000</misses>
				<total>10</total>
				<timestamp>5716.054308</timestamp>
			</report>
			<report>
				<misses>190600000</misses>
				<total>10</total>
				<timestamp>5719.054726</timestamp>
			</report>
			<report>
				<misses>190700000</misses>
				<total>10</total>
				<timestamp>5722.054994</timestamp>
			</report>
			<report>
				<misses>190800000</misses>
				<total>10</total>
				<timestamp>5725.055400</timestamp>
			</report>
			<report>
				<misses>190900000</misses>
				<total>10</total>
				<timestamp>5728.057285</timestamp>
			</report>
			<report>
				<misses>191000000</misses>
				<total>10</total>
				<timestamp>5731.057372</timestamp>
			</report>
			<report>
				<misses>191100000</misses>
				<total>10</total>
				<timestamp>5734.057850</timestamp>
			</report>
			<report>
				<misses>191200000</misses>
				<total>10</total>
				<timestamp>5737.057999</timestamp>
			</report>
			<report>
				<misses>191300000</misses>
				<total>10</total>
				<timestamp>5740.058008</timestamp>
			</report>
			<report>
				<misses>191400000</misses>
				<total>10</total>
				<timestamp>5743.058510</timestamp>
			</report>
			<report>
				<misses>191500000</misses>
				<total>10</total>
				<timestamp>5746.059996</timestamp>
			</report>
			<report>
				<misses>191600000</misses>
				<total>10</total>
				<timestamp>5749.060961</timestamp>
			</report>
			<report>
				<misses>191700000</misses>
				<total>10</total>
				<timestamp>5752.061270</timestamp>
			</report>
			<report>
				<misses>191800000</misses>
				<total>10</total>
				<timestamp>5755.061916</timestamp>
			</report>
			<report>
				<misses>191900000</misses>
				<total>10</total>
				<timestamp>5758.062097</timestamp>
			</report>
			<report>
				<misses>192000000</misses>
				<total>10</total>
				<timestamp>5761.062351</timestamp>
			</report>
			<report>
				<misses>192100000</misses>
				<total>10</total>
				<timestamp>5764.062444</timestamp>
			</report>
			<report>
				<misses>192200000</misses>
				<total>10</total>
				<timestamp>5767.064004</timestamp>
			</report>
			<report>
				<misses>192300000</misses>
				<total>10</total>
				<timestamp>5770.064267</timestamp>
			</report>
			<report>
				<misses>192400000</misses>
				<total>10</total>
				<timestamp>5773.064599</timestamp>
			</report>
			<report>
				<misses>192500000</misses>
				<total>10</total>
				<timestamp>5776.064601</timestamp>
			</report>
			<report>
				<misses>192600000</misses>
				<total>10</total>
				<timestamp>5779.064776</timestamp>
			</report>
			<report>
				<misses>192700000</misses>
				<total>10</total>
				<timestamp>5782.065324</timestamp>
			</report>
			<report>
				<misses>192800000</misses>
				<total>10</total>
				<timestamp>5785.066041</timestamp>
			</report>
			<report>
				<misses>192900000</misses>
				<total>10</total>
				<timestamp>5788.066646</timestamp>
			</report>
			<report>
				<misses>193000000</misses>
				<total>10</total>
				<timestamp>5791.067300</timestamp>
			</report>
			<report>
				<misses>193100000</misses>
				<total>10</total>
				<timestamp>5794.068241</timestamp>
			</report>
			<report>
				<misses>193200000</misses>
				<total>10</total>
				<timestamp>5797.068380</timestamp>
			</report>
			<report>
				<misses>193300000</misses>
				<total>10</total>
				<timestamp>5800.068661</timestamp>
			</report>
			<report>
				<misses>193400000</misses>
				<total>10</total>
				<timestamp>5803.069624</timestamp>
			</report>
			<report>
				<misses>193500000</misses>
				<total>10</total>
				<timestamp>5806.070161</timestamp>
			</report>
			<report>
				<misses>193600000</misses>
				<total>10</total>
				<timestamp>5809.070576</timestamp>
			</report>
			<report>
				<misses>193700000</misses>
				<total>10</total>
				<timestamp>5812.071325</timestamp>
			</report>
			<report>
				<misses>193800000</misses>
				<total>10</total>
				<timestamp>5815.071799</timestamp>
			</report>
			<report>
				<misses>193900000</misses>
				<total>10</total>
				<timestamp>5818.071911</timestamp>
			</report>
			<report>
				<misses>194000000</misses>
				<total>10</total>
				<timestamp>5821.072059</timestamp>
			</report>
			<report>
				<misses>194100000</misses>
				<total>10</total>
				<timestamp>5824.072523</timestamp>
			</report>
			<report>
				<misses>194200000</misses>
				<total>10</total>
				<timestamp>5827.073512</timestamp>
			</report>
			<report>
				<misses>194300000</misses>
				<total>10</total>
				<timestamp>5830.074615</timestamp>
			</report>
			<report>
				<misses>194400000</misses>
				<total>10</total>
				<timestamp>5833.075117</timestamp>
			</report>
			<report>
				<misses>194500000</misses>
				<total>10</total>
				<timestamp>5836.075165</timestamp>
			</report>
			<report>
				<misses>194600000</misses>
				<total>10</total>
				<timestamp>5839.076380</timestamp>
			</report>
			<report>
				<misses>194700000</misses>
				<total>10</total>
				<timestamp>5842.077283</timestamp>
			</report>
			<report>
				<misses>194800000</misses>
				<total>10</total>
				<timestamp>5845.077838</timestamp>
			</report>
			<report>
				<misses>194900000</misses>
				<total>10</total>
				<timestamp>5848.077894</timestamp>
			</report>
			<report>
				<misses>195000000</misses>
				<total>10</total>
				<timestamp>5851.078229</timestamp>
			</report>
			<report>
				<misses>195100000</misses>
				<total>10</total>
				<timestamp>5854.078940</timestamp>
			</report>
			<report>
				<misses>195200000</misses>
				<total>10</total>
				<timestamp>5857.078944</timestamp>
			</report>
			<report>
				<misses>195300000</misses>
				<total>10</total>
				<timestamp>5860.079965</timestamp>
			</report>
			<report>
				<misses>195400000</misses>
				<total>10</total>
				<timestamp>5863.080529</timestamp>
			</report>
			<report>
				<misses>195500000</misses>
				<total>10</total>
				<timestamp>5866.080566</timestamp>
			</report>
			<report>
				<misses>195600000</misses>
				<total>10</total>
				<timestamp>5869.081257</timestamp>
			</report>
			<report>
				<misses>195700000</misses>
				<total>10</total>
				<timestamp>5872.081956</timestamp>
			</report>
			<report>
				<misses>195800000</misses>
				<total>10</total>
				<timestamp>5875.082456</timestamp>
			</report>
			<report>
				<misses>195900000</misses>
				<total>10</total>
				<timestamp>5878.082536</timestamp>
			</report>
			<report>
				<misses>196000000</misses>
				<total>10</total>
				<timestamp>5881.082708</timestamp>
			</report>
			<report>
				<misses>196100000</misses>
				<total>10</total>
				<timestamp>5884.083220</timestamp>
			</report>
			<report>
				<misses>196200000</misses>
				<total>10</total>
				<timestamp>5887.085460</timestamp>
			</report>
			<report>
				<misses>196300000</misses>
				<total>10</total>
				<timestamp>5890.085932</timestamp>
			</report>
			<report>
				<misses>196400000</misses>
				<total>10</total>
				<timestamp>5893.086870</timestamp>
			</report>
			<report>
				<misses>196500000</misses>
				<total>10</total>
				<timestamp>5896.087493</timestamp>
			</report>
			<report>
				<misses>196600000</misses>
				<total>10</total>
				<timestamp>5899.088252</timestamp>
			</report>
			<report>
				<misses>196700000</misses>
				<total>10</total>
				<timestamp>5902.088877</timestamp>
			</report>
			<report>
				<misses>196800000</misses>
				<total>10</total>
				<timestamp>5905.090719</timestamp>
			</report>
			<report>
				<misses>196900000</misses>
				<total>10</total>
				<timestamp>5908.091816</timestamp>
			</report>
			<report>
				<misses>197000000</misses>
				<total>10</total>
				<timestamp>5911.092629</timestamp>
			</report>
			<report>
				<misses>197100000</misses>
				<total>10</total>
				<timestamp>5914.093520</timestamp>
			</report>
			<report>
				<misses>197200000</misses>
				<total>10</total>
				<timestamp>5917.094448</timestamp>
			</report>
			<report>
				<misses>197300000</misses>
				<total>10</total>
				<timestamp>5920.095042</timestamp>
			</report>
			<report>
				<misses>197400000</misses>
				<total>10</total>
				<timestamp>5923.095270</timestamp>
			</report>
			<report>
				<misses>197500000</misses>
				<total>10</total>
				<timestamp>5926.095322</timestamp>
			</report>
			<report>
				<misses>197600000</misses>
				<total>10</total>
				<timestamp>5929.095496</timestamp>
			</report>
			<report>
				<misses>197700000</misses>
				<total>10</total>
				<timestamp>5932.095951</timestamp>
			</report>
			<report>
				<misses>197800000</misses>
				<total>10</total>
				<timestamp>5935.096171</timestamp>
			</report>
			<report>
				<misses>197900000</misses>
				<total>10</total>
				<timestamp>5938.096584</timestamp>
			</report>
			<report>
				<misses>198000000</misses>
				<total>10</total>
				<timestamp>5941.096757</timestamp>
			</report>
			<report>
				<misses>198100000</misses>
				<total>10</total>
				<timestamp>5944.096793</timestamp>
			</report>
			<report>
				<misses>198200000</misses>
				<total>10</total>
				<timestamp>5947.096898</timestamp>
			</report>
			<report>
				<misses>198300000</misses>
				<total>10</total>
				<timestamp>5950.098237</timestamp>
			</report>
			<report>
				<misses>198400000</misses>
				<total>10</total>
				<timestamp>5953.098319</timestamp>
			</report>
			<report>
				<misses>198500000</misses>
				<total>10</total>
				<timestamp>5956.098521</timestamp>
			</report>
			<report>
				<misses>198600000</misses>
				<total>10</total>
				<timestamp>5959.099240</timestamp>
			</report>
			<report>
				<misses>198700000</misses>
				<total>10</total>
				<timestamp>5962.100268</timestamp>
			</report>
			<report>
				<misses>198800000</misses>
				<total>10</total>
				<timestamp>5965.100988</timestamp>
			</report>
			<report>
				<misses>198900000</misses>
				<total>10</total>
				<timestamp>5968.101074</timestamp>
			</report>
			<report>
				<misses>199000000</misses>
				<total>10</total>
				<timestamp>5971.101625</timestamp>
			</report>
			<report>
				<misses>199100000</misses>
				<total>10</total>
				<timestamp>5974.101660</timestamp>
			</report>
			<report>
				<misses>199200000</misses>
				<total>10</total>
				<timestamp>5977.102015</timestamp>
			</report>
			<report>
				<misses>199300000</misses>
				<total>10</total>
				<timestamp>5980.102446</timestamp>
			</report>
			<report>
				<misses>199400000</misses>
				<total>10</total>
				<timestamp>5983.103288</timestamp>
			</report>
			<report>
				<misses>199500000</misses>
				<total>10</total>
				<timestamp>5986.103877</timestamp>
			</report>
			<report>
				<misses>199600000</misses>
				<total>10</total>
				<timestamp>5989.103906</timestamp>
			</report>
			<report>
				<misses>199700000</misses>
				<total>10</total>
				<timestamp>5992.105225</timestamp>
			</report>
			<report>
				<misses>199800000</misses>
				<total>10</total>
				<timestamp>5995.105957</timestamp>
			</report>
			<report>
				<misses>199900000</misses>
				<total>10</total>
				<timestamp>5998.106167</timestamp>
			</report>
			<report>
				<misses>200000000</misses>
				<total>10</total>
				<timestamp>6001.107601</timestamp>
			</report>
			<report>
				<misses>200100000</misses>
				<total>10</total>
				<timestamp>6004.107650</timestamp>
			</report>
			<report>
				<misses>200200000</misses>
				<total>10</total>
				<timestamp>6007.107897</timestamp>
			</report>
			<report>
				<misses>200300000</misses>
				<total>10</total>
				<timestamp>6010.108162</timestamp>
			</report>
			<report>
				<misses>200400000</misses>
				<total>10</total>
				<timestamp>6013.108610</timestamp>
			</report>
			<report>
				<misses>200500000</misses>
				<total>10</total>
				<timestamp>6016.109085</timestamp>
			</report>
			<report>
				<misses>200600000</misses>
				<total>10</total>
				<timestamp>6019.109726</timestamp>
			</report>
			<report>
				<misses>200700000</misses>
				<total>10</total>
				<timestamp>6022.109987</timestamp>
			</report>
			<report>
				<misses>200800000</misses>
				<total>10</total>
				<timestamp>6025.110287</timestamp>
			</report>
			<report>
				<misses>200900000</misses>
				<total>10</total>
				<timestamp>6028.111294</timestamp>
			</report>
			<report>
				<misses>201000000</misses>
				<total>10</total>
				<timestamp>6031.111466</timestamp>
			</report>
			<report>
				<misses>201100000</misses>
				<total>10</total>
				<timestamp>6034.111818</timestamp>
			</report>
			<report>
				<misses>201200000</misses>
				<total>10</total>
				<timestamp>6037.112517</timestamp>
			</report>
			<report>
				<misses>201300000</misses>
				<total>10</total>
				<timestamp>6040.113381</timestamp>
			</report>
			<report>
				<misses>201400000</misses>
				<total>10</total>
				<timestamp>6043.114108</timestamp>
			</report>
			<report>
				<misses>201500000</misses>
				<total>10</total>
				<timestamp>6046.115493</timestamp>
			</report>
			<report>
				<misses>201600000</misses>
				<total>10</total>
				<timestamp>6049.115514</timestamp>
			</report>
			<report>
				<misses>201700000</misses>
				<total>10</total>
				<timestamp>6052.115606</timestamp>
			</report>
			<report>
				<misses>201800000</misses>
				<total>10</total>
				<timestamp>6055.115975</timestamp>
			</report>
			<report>
				<misses>201900000</misses>
				<total>10</total>
				<timestamp>6058.116208</timestamp>
			</report>
			<report>
				<misses>202000000</misses>
				<total>10</total>
				<timestamp>6061.117044</timestamp>
			</report>
			<report>
				<misses>202100000</misses>
				<total>10</total>
				<timestamp>6064.117529</timestamp>
			</report>
			<report>
				<misses>202200000</misses>
				<total>10</total>
				<timestamp>6067.117849</timestamp>
			</report>
			<report>
				<misses>202300000</misses>
				<total>10</total>
				<timestamp>6070.117867</timestamp>
			</report>
			<report>
				<misses>202400000</misses>
				<total>10</total>
				<timestamp>6073.118363</timestamp>
			</report>
			<report>
				<misses>202500000</misses>
				<total>10</total>
				<timestamp>6076.119081</timestamp>
			</report>
			<report>
				<misses>202600000</misses>
				<total>10</total>
				<timestamp>6079.119930</timestamp>
			</report>
			<report>
				<misses>202700000</misses>
				<total>10</total>
				<timestamp>6082.120454</timestamp>
			</report>
			<report>
				<misses>202800000</misses>
				<total>10</total>
				<timestamp>6085.123113</timestamp>
			</report>
			<report>
				<misses>202900000</misses>
				<total>10</total>
				<timestamp>6088.123149</timestamp>
			</report>
			<report>
				<misses>203000000</misses>
				<total>10</total>
				<timestamp>6091.123897</timestamp>
			</report>
			<report>
				<misses>203100000</misses>
				<total>10</total>
				<timestamp>6094.124427</timestamp>
			</report>
			<report>
				<misses>203200000</misses>
				<total>10</total>
				<timestamp>6097.124578</timestamp>
			</report>
			<report>
				<misses>203300000</misses>
				<total>10</total>
				<timestamp>6100.125006</timestamp>
			</report>
			<report>
				<misses>203400000</misses>
				<total>10</total>
				<timestamp>6103.125745</timestamp>
			</report>
			<report>
				<misses>203500000</misses>
				<total>10</total>
				<timestamp>6106.127243</timestamp>
			</report>
			<report>
				<misses>203600000</misses>
				<total>10</total>
				<timestamp>6109.127834</timestamp>
			</report>
			<report>
				<misses>203700000</misses>
				<total>10</total>
				<timestamp>6112.127910</timestamp>
			</report>
			<report>
				<misses>203800000</misses>
				<total>10</total>
				<timestamp>6115.128529</timestamp>
			</report>
			<report>
				<misses>203900000</misses>
				<total>10</total>
				<timestamp>6118.129365</timestamp>
			</report>
			<report>
				<misses>204000000</misses>
				<total>10</total>
				<timestamp>6121.129845</timestamp>
			</report>
			<report>
				<misses>204100000</misses>
				<total>10</total>
				<timestamp>6124.130207</timestamp>
			</report>
			<report>
				<misses>204200000</misses>
				<total>10</total>
				<timestamp>6127.130323</timestamp>
			</report>
			<report>
				<misses>204300000</misses>
				<total>10</total>
				<timestamp>6130.131973</timestamp>
			</report>
			<report>
				<misses>204400000</misses>
				<total>10</total>
				<timestamp>6133.132375</timestamp>
			</report>
			<report>
				<misses>204500000</misses>
				<total>10</total>
				<timestamp>6136.132439</timestamp>
			</report>
			<report>
				<misses>204600000</misses>
				<total>10</total>
				<timestamp>6139.133081</timestamp>
			</report>
			<report>
				<misses>204700000</misses>
				<total>10</total>
				<timestamp>6142.134090</timestamp>
			</report>
			<report>
				<misses>204800000</misses>
				<total>10</total>
				<timestamp>6145.135301</timestamp>
			</report>
			<report>
				<misses>204900000</misses>
				<total>10</total>
				<timestamp>6148.135709</timestamp>
			</report>
			<report>
				<misses>205000000</misses>
				<total>10</total>
				<timestamp>6151.136299</timestamp>
			</report>
			<report>
				<misses>205100000</misses>
				<total>10</total>
				<timestamp>6154.136535</timestamp>
			</report>
			<report>
				<misses>205200000</misses>
				<total>10</total>
				<timestamp>6157.136683</timestamp>
			</report>
			<report>
				<misses>205300000</misses>
				<total>10</total>
				<timestamp>6160.138130</timestamp>
			</report>
			<report>
				<misses>205400000</misses>
				<total>10</total>
				<timestamp>6163.138958</timestamp>
			</report>
			<report>
				<misses>205500000</misses>
				<total>10</total>
				<timestamp>6166.139464</timestamp>
			</report>
			<report>
				<misses>205600000</misses>
				<total>10</total>
				<timestamp>6169.140390</timestamp>
			</report>
			<report>
				<misses>205700000</misses>
				<total>10</total>
				<timestamp>6172.140566</timestamp>
			</report>
			<report>
				<misses>205800000</misses>
				<total>10</total>
				<timestamp>6175.140594</timestamp>
			</report>
			<report>
				<misses>205900000</misses>
				<total>10</total>
				<timestamp>6178.141445</timestamp>
			</report>
			<report>
				<misses>206000000</misses>
				<total>10</total>
				<timestamp>6181.141518</timestamp>
			</report>
			<report>
				<misses>206100000</misses>
				<total>10</total>
				<timestamp>6184.142174</timestamp>
			</report>
			<report>
				<misses>206200000</misses>
				<total>10</total>
				<timestamp>6187.143774</timestamp>
			</report>
			<report>
				<misses>206300000</misses>
				<total>10</total>
				<timestamp>6190.145370</timestamp>
			</report>
			<report>
				<misses>206400000</misses>
				<total>10</total>
				<timestamp>6193.147003</timestamp>
			</report>
			<report>
				<misses>206500000</misses>
				<total>10</total>
				<timestamp>6196.147845</timestamp>
			</report>
			<report>
				<misses>206600000</misses>
				<total>10</total>
				<timestamp>6199.147847</timestamp>
			</report>
			<report>
				<misses>206700000</misses>
				<total>10</total>
				<timestamp>6202.148061</timestamp>
			</report>
			<report>
				<misses>206800000</misses>
				<total>10</total>
				<timestamp>6205.148074</timestamp>
			</report>
			<report>
				<misses>206900000</misses>
				<total>10</total>
				<timestamp>6208.148693</timestamp>
			</report>
			<report>
				<misses>207000000</misses>
				<total>10</total>
				<timestamp>6211.149499</timestamp>
			</report>
			<report>
				<misses>207100000</misses>
				<total>10</total>
				<timestamp>6214.150346</timestamp>
			</report>
			<report>
				<misses>207200000</misses>
				<total>10</total>
				<timestamp>6217.150724</timestamp>
			</report>
			<report>
				<misses>207300000</misses>
				<total>10</total>
				<timestamp>6220.151061</timestamp>
			</report>
			<report>
				<misses>207400000</misses>
				<total>10</total>
				<timestamp>6223.151452</timestamp>
			</report>
			<report>
				<misses>207500000</misses>
				<total>10</total>
				<timestamp>6226.152909</timestamp>
			</report>
			<report>
				<misses>207600000</misses>
				<total>10</total>
				<timestamp>6229.153269</timestamp>
			</report>
			<report>
				<misses>207700000</misses>
				<total>10</total>
				<timestamp>6232.153645</timestamp>
			</report>
			<report>
				<misses>207800000</misses>
				<total>10</total>
				<timestamp>6235.153742</timestamp>
			</report>
			<report>
				<misses>207900000</misses>
				<total>10</total>
				<timestamp>6238.153862</timestamp>
			</report>
			<report>
				<misses>208000000</misses>
				<total>10</total>
				<timestamp>6241.153949</timestamp>
			</report>
			<report>
				<misses>208100000</misses>
				<total>10</total>
				<timestamp>6244.155025</timestamp>
			</report>
			<report>
				<misses>208200000</misses>
				<total>10</total>
				<timestamp>6247.155211</timestamp>
			</report>
			<report>
				<misses>208300000</misses>
				<total>10</total>
				<timestamp>6250.155236</timestamp>
			</report>
			<report>
				<misses>208400000</misses>
				<total>10</total>
				<timestamp>6253.155310</timestamp>
			</report>
			<report>
				<misses>208500000</misses>
				<total>10</total>
				<timestamp>6256.155791</timestamp>
			</report>
			<report>
				<misses>208600000</misses>
				<total>10</total>
				<timestamp>6259.156417</timestamp>
			</report>
			<report>
				<misses>208700000</misses>
				<total>10</total>
				<timestamp>6262.157128</timestamp>
			</report>
			<report>
				<misses>208800000</misses>
				<total>10</total>
				<timestamp>6265.158149</timestamp>
			</report>
			<report>
				<misses>208900000</misses>
				<total>10</total>
				<timestamp>6268.158594</timestamp>
			</report>
			<report>
				<misses>209000000</misses>
				<total>10</total>
				<timestamp>6271.159377</timestamp>
			</report>
			<report>
				<misses>209100000</misses>
				<total>10</total>
				<timestamp>6274.160035</timestamp>
			</report>
			<report>
				<misses>209200000</misses>
				<total>10</total>
				<timestamp>6277.160948</timestamp>
			</report>
			<report>
				<misses>209300000</misses>
				<total>10</total>
				<timestamp>6280.161076</timestamp>
			</report>
			<report>
				<misses>209400000</misses>
				<total>10</total>
				<timestamp>6283.161885</timestamp>
			</report>
			<report>
				<misses>209500000</misses>
				<total>10</total>
				<timestamp>6286.162054</timestamp>
			</report>
			<report>
				<misses>209600000</misses>
				<total>10</total>
				<timestamp>6289.162391</timestamp>
			</report>
			<report>
				<misses>209700000</misses>
				<total>10</total>
				<timestamp>6292.162488</timestamp>
			</report>
			<report>
				<misses>209800000</misses>
				<total>10</total>
				<timestamp>6295.162977</timestamp>
			</report>
			<report>
				<misses>209900000</misses>
				<total>10</total>
				<timestamp>6298.163335</timestamp>
			</report>
			<report>
				<misses>210000000</misses>
				<total>10</total>
				<timestamp>6301.164331</timestamp>
			</report>
			<report>
				<misses>210100000</misses>
				<total>10</total>
				<timestamp>6304.164374</timestamp>
			</report>
			<report>
				<misses>210200000</misses>
				<total>10</total>
				<timestamp>6307.164825</timestamp>
			</report>
			<report>
				<misses>210300000</misses>
				<total>10</total>
				<timestamp>6310.165435</timestamp>
			</report>
			<report>
				<misses>210400000</misses>
				<total>10</total>
				<timestamp>6313.165702</timestamp>
			</report>
			<report>
				<misses>210500000</misses>
				<total>10</total>
				<timestamp>6316.165793</timestamp>
			</report>
			<report>
				<misses>210600000</misses>
				<total>10</total>
				<timestamp>6319.166061</timestamp>
			</report>
			<report>
				<misses>210700000</misses>
				<total>10</total>
				<timestamp>6322.166204</timestamp>
			</report>
			<report>
				<misses>210800000</misses>
				<total>10</total>
				<timestamp>6325.166702</timestamp>
			</report>
			<report>
				<misses>210900000</misses>
				<total>10</total>
				<timestamp>6328.167167</timestamp>
			</report>
			<report>
				<misses>211000000</misses>
				<total>10</total>
				<timestamp>6331.167239</timestamp>
			</report>
			<report>
				<misses>211100000</misses>
				<total>10</total>
				<timestamp>6334.168127</timestamp>
			</report>
			<report>
				<misses>211200000</misses>
				<total>10</total>
				<timestamp>6337.170630</timestamp>
			</report>
			<report>
				<misses>211300000</misses>
				<total>10</total>
				<timestamp>6340.171279</timestamp>
			</report>
			<report>
				<misses>211400000</misses>
				<total>10</total>
				<timestamp>6343.171695</timestamp>
			</report>
			<report>
				<misses>211500000</misses>
				<total>10</total>
				<timestamp>6346.171979</timestamp>
			</report>
			<report>
				<misses>211600000</misses>
				<total>10</total>
				<timestamp>6349.172139</timestamp>
			</report>
			<report>
				<misses>211700000</misses>
				<total>10</total>
				<timestamp>6352.172549</timestamp>
			</report>
			<report>
				<misses>211800000</misses>
				<total>10</total>
				<timestamp>6355.173185</timestamp>
			</report>
			<report>
				<misses>211900000</misses>
				<total>10</total>
				<timestamp>6358.174394</timestamp>
			</report>
			<report>
				<misses>212000000</misses>
				<total>10</total>
				<timestamp>6361.174514</timestamp>
			</report>
			<report>
				<misses>212100000</misses>
				<total>10</total>
				<timestamp>6364.174520</timestamp>
			</report>
			<report>
				<misses>212200000</misses>
				<total>10</total>
				<timestamp>6367.175238</timestamp>
			</report>
			<report>
				<misses>212300000</misses>
				<total>10</total>
				<timestamp>6370.175313</timestamp>
			</report>
			<report>
				<misses>212400000</misses>
				<total>10</total>
				<timestamp>6373.177478</timestamp>
			</report>
			<report>
				<misses>212500000</misses>
				<total>10</total>
				<timestamp>6376.178191</timestamp>
			</report>
			<report>
				<misses>212600000</misses>
				<total>10</total>
				<timestamp>6379.178966</timestamp>
			</report>
			<report>
				<misses>212700000</misses>
				<total>10</total>
				<timestamp>6382.179919</timestamp>
			</report>
			<report>
				<misses>212800000</misses>
				<total>10</total>
				<timestamp>6385.181441</timestamp>
			</report>
			<report>
				<misses>212900000</misses>
				<total>10</total>
				<timestamp>6388.182025</timestamp>
			</report>
			<report>
				<misses>213000000</misses>
				<total>10</total>
				<timestamp>6391.182470</timestamp>
			</report>
			<report>
				<misses>213100000</misses>
				<total>10</total>
				<timestamp>6394.184275</timestamp>
			</report>
			<report>
				<misses>213200000</misses>
				<total>10</total>
				<timestamp>6397.185471</timestamp>
			</report>
			<report>
				<misses>213300000</misses>
				<total>10</total>
				<timestamp>6400.186097</timestamp>
			</report>
			<report>
				<misses>213400000</misses>
				<total>10</total>
				<timestamp>6403.186415</timestamp>
			</report>
			<report>
				<misses>213500000</misses>
				<total>10</total>
				<timestamp>6406.188437</timestamp>
			</report>
			<report>
				<misses>213600000</misses>
				<total>10</total>
				<timestamp>6409.188434</timestamp>
			</report>
			<report>
				<misses>213700000</misses>
				<total>10</total>
				<timestamp>6412.188498</timestamp>
			</report>
			<report>
				<misses>213800000</misses>
				<total>10</total>
				<timestamp>6415.189524</timestamp>
			</report>
			<report>
				<misses>213900000</misses>
				<total>10</total>
				<timestamp>6418.190590</timestamp>
			</report>
			<report>
				<misses>214000000</misses>
				<total>10</total>
				<timestamp>6421.191107</timestamp>
			</report>
			<report>
				<misses>214100000</misses>
				<total>10</total>
				<timestamp>6424.191189</timestamp>
			</report>
			<report>
				<misses>214200000</misses>
				<total>10</total>
				<timestamp>6427.191226</timestamp>
			</report>
			<report>
				<misses>214300000</misses>
				<total>10</total>
				<timestamp>6430.191269</timestamp>
			</report>
			<report>
				<misses>214400000</misses>
				<total>10</total>
				<timestamp>6433.192123</timestamp>
			</report>
			<report>
				<misses>214500000</misses>
				<total>10</total>
				<timestamp>6436.192610</timestamp>
			</report>
			<report>
				<misses>214600000</misses>
				<total>10</total>
				<timestamp>6439.193577</timestamp>
			</report>
			<report>
				<misses>214700000</misses>
				<total>10</total>
				<timestamp>6442.195513</timestamp>
			</report>
			<report>
				<misses>214800000</misses>
				<total>10</total>
				<timestamp>6445.195569</timestamp>
			</report>
			<report>
				<misses>214900000</misses>
				<total>10</total>
				<timestamp>6448.195580</timestamp>
			</report>
			<report>
				<misses>215000000</misses>
				<total>10</total>
				<timestamp>6451.196113</timestamp>
			</report>
			<report>
				<misses>215100000</misses>
				<total>10</total>
				<timestamp>6454.196304</timestamp>
			</report>
			<report>
				<misses>215200000</misses>
				<total>10</total>
				<timestamp>6457.196779</timestamp>
			</report>
			<report>
				<misses>215300000</misses>
				<total>10</total>
				<timestamp>6460.196953</timestamp>
			</report>
			<report>
				<misses>215400000</misses>
				<total>10</total>
				<timestamp>6463.197695</timestamp>
			</report>
			<report>
				<misses>215500000</misses>
				<total>10</total>
				<timestamp>6466.197917</timestamp>
			</report>
			<report>
				<misses>215600000</misses>
				<total>10</total>
				<timestamp>6469.199152</timestamp>
			</report>
			<report>
				<misses>215700000</misses>
				<total>10</total>
				<timestamp>6472.200107</timestamp>
			</report>
			<report>
				<misses>215800000</misses>
				<total>10</total>
				<timestamp>6475.201893</timestamp>
			</report>
			<report>
				<misses>215900000</misses>
				<total>10</total>
				<timestamp>6478.203950</timestamp>
			</report>
			<report>
				<misses>216000000</misses>
				<total>10</total>
				<timestamp>6481.204384</timestamp>
			</report>
			<report>
				<misses>216100000</misses>
				<total>10</total>
				<timestamp>6484.205097</timestamp>
			</report>
			<report>
				<misses>216200000</misses>
				<total>10</total>
				<timestamp>6487.206582</timestamp>
			</report>
			<report>
				<misses>216300000</misses>
				<total>10</total>
				<timestamp>6490.208056</timestamp>
			</report>
			<report>
				<misses>216400000</misses>
				<total>10</total>
				<timestamp>6493.209896</timestamp>
			</report>
			<report>
				<misses>216500000</misses>
				<total>10</total>
				<timestamp>6496.211646</timestamp>
			</report>
			<report>
				<misses>216600000</misses>
				<total>10</total>
				<timestamp>6499.212839</timestamp>
			</report>
			<report>
				<misses>216700000</misses>
				<total>10</total>
				<timestamp>6502.214168</timestamp>
			</report>
			<report>
				<misses>216800000</misses>
				<total>10</total>
				<timestamp>6505.215292</timestamp>
			</report>
			<report>
				<misses>216900000</misses>
				<total>10</total>
				<timestamp>6508.215333</timestamp>
			</report>
			<report>
				<misses>217000000</misses>
				<total>10</total>
				<timestamp>6511.215503</timestamp>
			</report>
			<report>
				<misses>217100000</misses>
				<total>10</total>
				<timestamp>6514.216115</timestamp>
			</report>
			<report>
				<misses>217200000</misses>
				<total>10</total>
				<timestamp>6517.217521</timestamp>
			</report>
			<report>
				<misses>217300000</misses>
				<total>10</total>
				<timestamp>6520.218089</timestamp>
			</report>
			<report>
				<misses>217400000</misses>
				<total>10</total>
				<timestamp>6523.219112</timestamp>
			</report>
			<report>
				<misses>217500000</misses>
				<total>10</total>
				<timestamp>6526.220130</timestamp>
			</report>
			<report>
				<misses>217600000</misses>
				<total>10</total>
				<timestamp>6529.220820</timestamp>
			</report>
			<report>
				<misses>217700000</misses>
				<total>10</total>
				<timestamp>6532.222135</timestamp>
			</report>
			<report>
				<misses>217800000</misses>
				<total>11</total>
				<timestamp>6535.222769</timestamp>
			</report>
			<report>
				<misses>217900000</misses>
				<total>11</total>
				<timestamp>6538.223147</timestamp>
			</report>
			<report>
				<misses>218000000</misses>
				<total>11</total>
				<timestamp>6541.224457</timestamp>
			</report>
			<report>
				<misses>218100000</misses>
				<total>11</total>
				<timestamp>6544.226440</timestamp>
			</report>
			<report>
				<misses>218200000</misses>
				<total>11</total>
				<timestamp>6547.226912</timestamp>
			</report>
			<report>
				<misses>218300000</misses>
				<total>11</total>
				<timestamp>6550.227033</timestamp>
			</report>
			<report>
				<misses>218400000</misses>
				<total>11</total>
				<timestamp>6553.227085</timestamp>
			</report>
			<report>
				<misses>218500000</misses>
				<total>11</total>
				<timestamp>6556.227886</timestamp>
			</report>
			<report>
				<misses>218600000</misses>
				<total>11</total>
				<timestamp>6559.229072</timestamp>
			</report>
			<report>
				<misses>218700000</misses>
				<total>11</total>
				<timestamp>6562.229423</timestamp>
			</report>
			<report>
				<misses>218800000</misses>
				<total>11</total>
				<timestamp>6565.231066</timestamp>
			</report>
			<report>
				<misses>218900000</misses>
				<total>11</total>
				<timestamp>6568.232011</timestamp>
			</report>
			<report>
				<misses>219000000</misses>
				<total>11</total>
				<timestamp>6571.232075</timestamp>
			</report>
			<report>
				<misses>219100000</misses>
				<total>11</total>
				<timestamp>6574.232202</timestamp>
			</report>
			<report>
				<misses>219200000</misses>
				<total>11</total>
				<timestamp>6577.232756</timestamp>
			</report>
			<report>
				<misses>219300000</misses>
				<total>11</total>
				<timestamp>6580.233499</timestamp>
			</report>
			<report>
				<misses>219400000</misses>
				<total>11</total>
				<timestamp>6583.234742</timestamp>
			</report>
			<report>
				<misses>219500000</misses>
				<total>11</total>
				<timestamp>6586.234799</timestamp>
			</report>
			<report>
				<misses>219600000</misses>
				<total>11</total>
				<timestamp>6589.235085</timestamp>
			</report>
			<report>
				<misses>219700000</misses>
				<total>11</total>
				<timestamp>6592.235214</timestamp>
			</report>
			<report>
				<misses>219800000</misses>
				<total>11</total>
				<timestamp>6595.235906</timestamp>
			</report>
			<report>
				<misses>219900000</misses>
				<total>11</total>
				<timestamp>6598.237053</timestamp>
			</report>
			<report>
				<misses>220000000</misses>
				<total>11</total>
				<timestamp>6601.238524</timestamp>
			</report>
			<report>
				<misses>220100000</misses>
				<total>11</total>
				<timestamp>6604.239460</timestamp>
			</report>
			<report>
				<misses>220200000</misses>
				<total>11</total>
				<timestamp>6607.239457</timestamp>
			</report>
			<report>
				<misses>220300000</misses>
				<total>11</total>
				<timestamp>6610.240153</timestamp>
			</report>
			<report>
				<misses>220400000</misses>
				<total>11</total>
				<timestamp>6613.240523</timestamp>
			</report>
			<report>
				<misses>220500000</misses>
				<total>11</total>
				<timestamp>6616.241065</timestamp>
			</report>
			<report>
				<misses>220600000</misses>
				<total>11</total>
				<timestamp>6619.241712</timestamp>
			</report>
			<report>
				<misses>220700000</misses>
				<total>11</total>
				<timestamp>6622.242345</timestamp>
			</report>
			<report>
				<misses>220800000</misses>
				<total>11</total>
				<timestamp>6625.242435</timestamp>
			</report>
			<report>
				<misses>220900000</misses>
				<total>11</total>
				<timestamp>6628.242812</timestamp>
			</report>
			<report>
				<misses>221000000</misses>
				<total>11</total>
				<timestamp>6631.243825</timestamp>
			</report>
			<report>
				<misses>221100000</misses>
				<total>11</total>
				<timestamp>6634.244497</timestamp>
			</report>
			<report>
				<misses>221200000</misses>
				<total>11</total>
				<timestamp>6637.245535</timestamp>
			</report>
			<report>
				<misses>221300000</misses>
				<total>11</total>
				<timestamp>6640.245770</timestamp>
			</report>
			<report>
				<misses>221400000</misses>
				<total>11</total>
				<timestamp>6643.245837</timestamp>
			</report>
			<report>
				<misses>221500000</misses>
				<total>11</total>
				<timestamp>6646.249338</timestamp>
			</report>
			<report>
				<misses>221600000</misses>
				<total>11</total>
				<timestamp>6649.251598</timestamp>
			</report>
			<report>
				<misses>221700000</misses>
				<total>11</total>
				<timestamp>6652.253855</timestamp>
			</report>
			<report>
				<misses>221800000</misses>
				<total>11</total>
				<timestamp>6655.255325</timestamp>
			</report>
			<report>
				<misses>221900000</misses>
				<total>11</total>
				<timestamp>6658.257023</timestamp>
			</report>
			<report>
				<misses>222000000</misses>
				<total>11</total>
				<timestamp>6661.257500</timestamp>
			</report>
			<report>
				<misses>222100000</misses>
				<total>11</total>
				<timestamp>6664.258020</timestamp>
			</report>
			<report>
				<misses>222200000</misses>
				<total>11</total>
				<timestamp>6667.258466</timestamp>
			</report>
			<report>
				<misses>222300000</misses>
				<total>11</total>
				<timestamp>6670.258559</timestamp>
			</report>
			<report>
				<misses>222400000</misses>
				<total>11</total>
				<timestamp>6673.258793</timestamp>
			</report>
			<report>
				<misses>222500000</misses>
				<total>11</total>
				<timestamp>6676.259293</timestamp>
			</report>
			<report>
				<misses>222600000</misses>
				<total>11</total>
				<timestamp>6679.259940</timestamp>
			</report>
			<report>
				<misses>222700000</misses>
				<total>11</total>
				<timestamp>6682.262067</timestamp>
			</report>
			<report>
				<misses>222800000</misses>
				<total>11</total>
				<timestamp>6685.263323</timestamp>
			</report>
			<report>
				<misses>222900000</misses>
				<total>11</total>
				<timestamp>6688.264393</timestamp>
			</report>
			<report>
				<misses>223000000</misses>
				<total>11</total>
				<timestamp>6691.264414</timestamp>
			</report>
			<report>
				<misses>223100000</misses>
				<total>11</total>
				<timestamp>6694.264662</timestamp>
			</report>
			<report>
				<misses>223200000</misses>
				<total>11</total>
				<timestamp>6697.266116</timestamp>
			</report>
			<report>
				<misses>223300000</misses>
				<total>11</total>
				<timestamp>6700.267244</timestamp>
			</report>
			<report>
				<misses>223400000</misses>
				<total>11</total>
				<timestamp>6703.267940</timestamp>
			</report>
			<report>
				<misses>223500000</misses>
				<total>11</total>
				<timestamp>6706.268692</timestamp>
			</report>
			<report>
				<misses>223600000</misses>
				<total>11</total>
				<timestamp>6709.269533</timestamp>
			</report>
			<report>
				<misses>223700000</misses>
				<total>11</total>
				<timestamp>6712.269801</timestamp>
			</report>
			<report>
				<misses>223800000</misses>
				<total>11</total>
				<timestamp>6715.269932</timestamp>
			</report>
			<report>
				<misses>223900000</misses>
				<total>11</total>
				<timestamp>6718.269987</timestamp>
			</report>
			<report>
				<misses>224000000</misses>
				<total>11</total>
				<timestamp>6721.270163</timestamp>
			</report>
			<report>
				<misses>224100000</misses>
				<total>11</total>
				<timestamp>6724.270412</timestamp>
			</report>
			<report>
				<misses>224200000</misses>
				<total>11</total>
				<timestamp>6727.270664</timestamp>
			</report>
			<report>
				<misses>224300000</misses>
				<total>11</total>
				<timestamp>6730.271070</timestamp>
			</report>
			<report>
				<misses>224400000</misses>
				<total>11</total>
				<timestamp>6733.272677</timestamp>
			</report>
			<report>
				<misses>224500000</misses>
				<total>11</total>
				<timestamp>6736.273727</timestamp>
			</report>
			<report>
				<misses>224600000</misses>
				<total>11</total>
				<timestamp>6739.274140</timestamp>
			</report>
			<report>
				<misses>224700000</misses>
				<total>11</total>
				<timestamp>6742.274390</timestamp>
			</report>
			<report>
				<misses>224800000</misses>
				<total>11</total>
				<timestamp>6745.274724</timestamp>
			</report>
			<report>
				<misses>224900000</misses>
				<total>11</total>
				<timestamp>6748.275136</timestamp>
			</report>
			<report>
				<misses>225000000</misses>
				<total>11</total>
				<timestamp>6751.275504</timestamp>
			</report>
			<report>
				<misses>225100000</misses>
				<total>11</total>
				<timestamp>6754.276224</timestamp>
			</report>
			<report>
				<misses>225200000</misses>
				<total>11</total>
				<timestamp>6757.276532</timestamp>
			</report>
			<report>
				<misses>225300000</misses>
				<total>11</total>
				<timestamp>6760.276590</timestamp>
			</report>
			<report>
				<misses>225400000</misses>
				<total>11</total>
				<timestamp>6763.276825</timestamp>
			</report>
			<report>
				<misses>225500000</misses>
				<total>11</total>
				<timestamp>6766.277336</timestamp>
			</report>
			<report>
				<misses>225600000</misses>
				<total>11</total>
				<timestamp>6769.278286</timestamp>
			</report>
			<report>
				<misses>225700000</misses>
				<total>11</total>
				<timestamp>6772.278932</timestamp>
			</report>
			<report>
				<misses>225800000</misses>
				<total>11</total>
				<timestamp>6775.279733</timestamp>
			</report>
			<report>
				<misses>225900000</misses>
				<total>11</total>
				<timestamp>6778.280473</timestamp>
			</report>
			<report>
				<misses>226000000</misses>
				<total>11</total>
				<timestamp>6781.281113</timestamp>
			</report>
			<report>
				<misses>226100000</misses>
				<total>12</total>
				<timestamp>6784.281239</timestamp>
			</report>
			<report>
				<misses>226200000</misses>
				<total>12</total>
				<timestamp>6787.281372</timestamp>
			</report>
			<report>
				<misses>226300000</misses>
				<total>12</total>
				<timestamp>6790.282893</timestamp>
			</report>
			<report>
				<misses>226400000</misses>
				<total>12</total>
				<timestamp>6793.283759</timestamp>
			</report>
			<report>
				<misses>226500000</misses>
				<total>12</total>
				<timestamp>6796.283775</timestamp>
			</report>
			<report>
				<misses>226600000</misses>
				<total>12</total>
				<timestamp>6799.284847</timestamp>
			</report>
			<report>
				<misses>226700000</misses>
				<total>12</total>
				<timestamp>6802.285154</timestamp>
			</report>
			<report>
				<misses>226800000</misses>
				<total>12</total>
				<timestamp>6805.285172</timestamp>
			</report>
			<report>
				<misses>226900000</misses>
				<total>12</total>
				<timestamp>6808.285809</timestamp>
			</report>
			<report>
				<misses>227000000</misses>
				<total>12</total>
				<timestamp>6811.286430</timestamp>
			</report>
			<report>
				<misses>227100000</misses>
				<total>12</total>
				<timestamp>6814.287162</timestamp>
			</report>
			<report>
				<misses>227200000</misses>
				<total>12</total>
				<timestamp>6817.288523</timestamp>
			</report>
			<report>
				<misses>227300000</misses>
				<total>12</total>
				<timestamp>6820.290586</timestamp>
			</report>
			<report>
				<misses>227400000</misses>
				<total>12</total>
				<timestamp>6823.291786</timestamp>
			</report>
			<report>
				<misses>227500000</misses>
				<total>12</total>
				<timestamp>6826.293189</timestamp>
			</report>
			<report>
				<misses>227600000</misses>
				<total>12</total>
				<timestamp>6829.294417</timestamp>
			</report>
			<report>
				<misses>227700000</misses>
				<total>12</total>
				<timestamp>6832.294440</timestamp>
			</report>
			<report>
				<misses>227800000</misses>
				<total>12</total>
				<timestamp>6835.294480</timestamp>
			</report>
			<report>
				<misses>227900000</misses>
				<total>12</total>
				<timestamp>6838.294913</timestamp>
			</report>
			<report>
				<misses>228000000</misses>
				<total>12</total>
				<timestamp>6841.295828</timestamp>
			</report>
			<report>
				<misses>228100000</misses>
				<total>12</total>
				<timestamp>6844.296472</timestamp>
			</report>
			<report>
				<misses>228200000</misses>
				<total>12</total>
				<timestamp>6847.297311</timestamp>
			</report>
			<report>
				<misses>228300000</misses>
				<total>12</total>
				<timestamp>6850.297934</timestamp>
			</report>
			<report>
				<misses>228400000</misses>
				<total>12</total>
				<timestamp>6853.298844</timestamp>
			</report>
			<report>
				<misses>228500000</misses>
				<total>12</total>
				<timestamp>6856.299596</timestamp>
			</report>
			<report>
				<misses>228600000</misses>
				<total>12</total>
				<timestamp>6859.299625</timestamp>
			</report>
			<report>
				<misses>228700000</misses>
				<total>12</total>
				<timestamp>6862.300157</timestamp>
			</report>
			<report>
				<misses>228800000</misses>
				<total>12</total>
				<timestamp>6865.300223</timestamp>
			</report>
			<report>
				<misses>228900000</misses>
				<total>12</total>
				<timestamp>6868.300316</timestamp>
			</report>
			<report>
				<misses>229000000</misses>
				<total>12</total>
				<timestamp>6871.300336</timestamp>
			</report>
			<report>
				<misses>229100000</misses>
				<total>12</total>
				<timestamp>6874.300812</timestamp>
			</report>
			<report>
				<misses>229200000</misses>
				<total>12</total>
				<timestamp>6877.301017</timestamp>
			</report>
			<report>
				<misses>229300000</misses>
				<total>12</total>
				<timestamp>6880.301730</timestamp>
			</report>
			<report>
				<misses>229400000</misses>
				<total>12</total>
				<timestamp>6883.301984</timestamp>
			</report>
			<report>
				<misses>229500000</misses>
				<total>12</total>
				<timestamp>6886.302573</timestamp>
			</report>
			<report>
				<misses>229600000</misses>
				<total>12</total>
				<timestamp>6889.303267</timestamp>
			</report>
			<report>
				<misses>229700000</misses>
				<total>12</total>
				<timestamp>6892.303491</timestamp>
			</report>
			<report>
				<misses>229800000</misses>
				<total>12</total>
				<timestamp>6895.303584</timestamp>
			</report>
			<report>
				<misses>229900000</misses>
				<total>12</total>
				<timestamp>6898.303620</timestamp>
			</report>
			<report>
				<misses>230000000</misses>
				<total>12</total>
				<timestamp>6901.304258</timestamp>
			</report>
			<report>
				<misses>230100000</misses>
				<total>12</total>
				<timestamp>6904.304665</timestamp>
			</report>
			<report>
				<misses>230200000</misses>
				<total>12</total>
				<timestamp>6907.306324</timestamp>
			</report>
			<report>
				<misses>230300000</misses>
				<total>12</total>
				<timestamp>6910.308389</timestamp>
			</report>
			<report>
				<misses>230400000</misses>
				<total>12</total>
				<timestamp>6913.310202</timestamp>
			</report>
			<report>
				<misses>230500000</misses>
				<total>12</total>
				<timestamp>6916.311862</timestamp>
			</report>
			<report>
				<misses>230600000</misses>
				<total>12</total>
				<timestamp>6919.312534</timestamp>
			</report>
			<report>
				<misses>230700000</misses>
				<total>12</total>
				<timestamp>6922.312910</timestamp>
			</report>
			<report>
				<misses>230800000</misses>
				<total>12</total>
				<timestamp>6925.313327</timestamp>
			</report>
			<report>
				<misses>230900000</misses>
				<total>12</total>
				<timestamp>6928.314160</timestamp>
			</report>
			<report>
				<misses>231000000</misses>
				<total>12</total>
				<timestamp>6931.315040</timestamp>
			</report>
			<report>
				<misses>231100000</misses>
				<total>12</total>
				<timestamp>6934.315869</timestamp>
			</report>
			<report>
				<misses>231200000</misses>
				<total>12</total>
				<timestamp>6937.316091</timestamp>
			</report>
			<report>
				<misses>231300000</misses>
				<total>12</total>
				<timestamp>6940.316568</timestamp>
			</report>
			<report>
				<misses>231400000</misses>
				<total>12</total>
				<timestamp>6943.317253</timestamp>
			</report>
			<report>
				<misses>231500000</misses>
				<total>12</total>
				<timestamp>6946.318563</timestamp>
			</report>
			<report>
				<misses>231600000</misses>
				<total>12</total>
				<timestamp>6949.318940</timestamp>
			</report>
			<report>
				<misses>231700000</misses>
				<total>12</total>
				<timestamp>6952.320354</timestamp>
			</report>
			<report>
				<misses>231800000</misses>
				<total>12</total>
				<timestamp>6955.320712</timestamp>
			</report>
			<report>
				<misses>231900000</misses>
				<total>12</total>
				<timestamp>6958.320940</timestamp>
			</report>
			<report>
				<misses>232000000</misses>
				<total>12</total>
				<timestamp>6961.321484</timestamp>
			</report>
			<report>
				<misses>232100000</misses>
				<total>12</total>
				<timestamp>6964.322318</timestamp>
			</report>
			<report>
				<misses>232200000</misses>
				<total>12</total>
				<timestamp>6967.322906</timestamp>
			</report>
			<report>
				<misses>232300000</misses>
				<total>12</total>
				<timestamp>6970.324288</timestamp>
			</report>
			<report>
				<misses>232400000</misses>
				<total>12</total>
				<timestamp>6973.325190</timestamp>
			</report>
			<report>
				<misses>232500000</misses>
				<total>12</total>
				<timestamp>6976.327198</timestamp>
			</report>
			<report>
				<misses>232600000</misses>
				<total>12</total>
				<timestamp>6979.328145</timestamp>
			</report>
			<report>
				<misses>232700000</misses>
				<total>12</total>
				<timestamp>6982.329447</timestamp>
			</report>
			<report>
				<misses>232800000</misses>
				<total>12</total>
				<timestamp>6985.329587</timestamp>
			</report>
			<report>
				<misses>232900000</misses>
				<total>12</total>
				<timestamp>6988.330334</timestamp>
			</report>
			<report>
				<misses>233000000</misses>
				<total>12</total>
				<timestamp>6991.331081</timestamp>
			</report>
			<report>
				<misses>233100000</misses>
				<total>12</total>
				<timestamp>6994.332101</timestamp>
			</report>
			<report>
				<misses>233200000</misses>
				<total>12</total>
				<timestamp>6997.333671</timestamp>
			</report>
			<report>
				<misses>233300000</misses>
				<total>12</total>
				<timestamp>7000.334626</timestamp>
			</report>
			<report>
				<misses>233400000</misses>
				<total>12</total>
				<timestamp>7003.334904</timestamp>
			</report>
			<report>
				<misses>233500000</misses>
				<total>12</total>
				<timestamp>7006.336047</timestamp>
			</report>
			<report>
				<misses>233600000</misses>
				<total>12</total>
				<timestamp>7009.337327</timestamp>
			</report>
			<report>
				<misses>233700000</misses>
				<total>12</total>
				<timestamp>7012.338322</timestamp>
			</report>
			<report>
				<misses>233800000</misses>
				<total>12</total>
				<timestamp>7015.339250</timestamp>
			</report>
			<report>
				<misses>233900000</misses>
				<total>12</total>
				<timestamp>7018.339644</timestamp>
			</report>
			<report>
				<misses>234000000</misses>
				<total>12</total>
				<timestamp>7021.340379</timestamp>
			</report>
			<report>
				<misses>234100000</misses>
				<total>12</total>
				<timestamp>7024.340966</timestamp>
			</report>
			<report>
				<misses>234200000</misses>
				<total>12</total>
				<timestamp>7027.343190</timestamp>
			</report>
			<report>
				<misses>234300000</misses>
				<total>12</total>
				<timestamp>7030.343341</timestamp>
			</report>
			<report>
				<misses>234400000</misses>
				<total>12</total>
				<timestamp>7033.343393</timestamp>
			</report>
			<report>
				<misses>234500000</misses>
				<total>12</total>
				<timestamp>7036.343616</timestamp>
			</report>
			<report>
				<misses>234600000</misses>
				<total>12</total>
				<timestamp>7039.344259</timestamp>
			</report>
			<report>
				<misses>234700000</misses>
				<total>12</total>
				<timestamp>7042.345138</timestamp>
			</report>
			<report>
				<misses>234800000</misses>
				<total>12</total>
				<timestamp>7045.345153</timestamp>
			</report>
			<report>
				<misses>234900000</misses>
				<total>12</total>
				<timestamp>7048.345151</timestamp>
			</report>
			<report>
				<misses>235000000</misses>
				<total>12</total>
				<timestamp>7051.345224</timestamp>
			</report>
			<report>
				<misses>235100000</misses>
				<total>12</total>
				<timestamp>7054.345435</timestamp>
			</report>
			<report>
				<misses>235200000</misses>
				<total>12</total>
				<timestamp>7057.345857</timestamp>
			</report>
			<report>
				<misses>235300000</misses>
				<total>12</total>
				<timestamp>7060.346216</timestamp>
			</report>
			<report>
				<misses>235400000</misses>
				<total>12</total>
				<timestamp>7063.346882</timestamp>
			</report>
			<report>
				<misses>235500000</misses>
				<total>12</total>
				<timestamp>7066.347045</timestamp>
			</report>
			<report>
				<misses>235600000</misses>
				<total>12</total>
				<timestamp>7069.347359</timestamp>
			</report>
			<report>
				<misses>235700000</misses>
				<total>12</total>
				<timestamp>7072.347681</timestamp>
			</report>
			<report>
				<misses>235800000</misses>
				<total>12</total>
				<timestamp>7075.347839</timestamp>
			</report>
			<report>
				<misses>235900000</misses>
				<total>12</total>
				<timestamp>7078.348403</timestamp>
			</report>
			<report>
				<misses>236000000</misses>
				<total>12</total>
				<timestamp>7081.348977</timestamp>
			</report>
			<report>
				<misses>236100000</misses>
				<total>12</total>
				<timestamp>7084.349569</timestamp>
			</report>
			<report>
				<misses>236200000</misses>
				<total>12</total>
				<timestamp>7087.349673</timestamp>
			</report>
			<report>
				<misses>236300000</misses>
				<total>12</total>
				<timestamp>7090.349855</timestamp>
			</report>
			<report>
				<misses>236400000</misses>
				<total>12</total>
				<timestamp>7093.350024</timestamp>
			</report>
			<report>
				<misses>236500000</misses>
				<total>12</total>
				<timestamp>7096.350467</timestamp>
			</report>
			<report>
				<misses>236600000</misses>
				<total>12</total>
				<timestamp>7099.350502</timestamp>
			</report>
			<report>
				<misses>236700000</misses>
				<total>12</total>
				<timestamp>7102.350822</timestamp>
			</report>
			<report>
				<misses>236800000</misses>
				<total>12</total>
				<timestamp>7105.351162</timestamp>
			</report>
			<report>
				<misses>236900000</misses>
				<total>12</total>
				<timestamp>7108.351662</timestamp>
			</report>
			<report>
				<misses>237000000</misses>
				<total>12</total>
				<timestamp>7111.351734</timestamp>
			</report>
			<report>
				<misses>237100000</misses>
				<total>12</total>
				<timestamp>7114.351767</timestamp>
			</report>
			<report>
				<misses>237200000</misses>
				<total>12</total>
				<timestamp>7117.352159</timestamp>
			</report>
			<report>
				<misses>237300000</misses>
				<total>12</total>
				<timestamp>7120.352901</timestamp>
			</report>
			<report>
				<misses>237400000</misses>
				<total>12</total>
				<timestamp>7123.353177</timestamp>
			</report>
			<report>
				<misses>237500000</misses>
				<total>12</total>
				<timestamp>7126.353444</timestamp>
			</report>
			<report>
				<misses>237600000</misses>
				<total>12</total>
				<timestamp>7129.353528</timestamp>
			</report>
			<report>
				<misses>237700000</misses>
				<total>12</total>
				<timestamp>7132.353598</timestamp>
			</report>
			<report>
				<misses>237800000</misses>
				<total>12</total>
				<timestamp>7135.353709</timestamp>
			</report>
			<report>
				<misses>237900000</misses>
				<total>12</total>
				<timestamp>7138.355050</timestamp>
			</report>
			<report>
				<misses>238000000</misses>
				<total>12</total>
				<timestamp>7141.355099</timestamp>
			</report>
			<report>
				<misses>238100000</misses>
				<total>12</total>
				<timestamp>7144.356299</timestamp>
			</report>
			<report>
				<misses>238200000</misses>
				<total>12</total>
				<timestamp>7147.357501</timestamp>
			</report>
			<report>
				<misses>238300000</misses>
				<total>12</total>
				<timestamp>7150.358385</timestamp>
			</report>
			<report>
				<misses>238400000</misses>
				<total>12</total>
				<timestamp>7153.359161</timestamp>
			</report>
			<report>
				<misses>238500000</misses>
				<total>12</total>
				<timestamp>7156.360978</timestamp>
			</report>
			<report>
				<misses>238600000</misses>
				<total>12</total>
				<timestamp>7159.362553</timestamp>
			</report>
			<report>
				<misses>238700000</misses>
				<total>12</total>
				<timestamp>7162.363204</timestamp>
			</report>
			<report>
				<misses>238800000</misses>
				<total>12</total>
				<timestamp>7165.363214</timestamp>
			</report>
			<report>
				<misses>238900000</misses>
				<total>12</total>
				<timestamp>7168.363302</timestamp>
			</report>
			<report>
				<misses>239000000</misses>
				<total>12</total>
				<timestamp>7171.363310</timestamp>
			</report>
			<report>
				<misses>239100000</misses>
				<total>12</total>
				<timestamp>7174.363655</timestamp>
			</report>
			<report>
				<misses>239200000</misses>
				<total>12</total>
				<timestamp>7177.363672</timestamp>
			</report>
			<report>
				<misses>239300000</misses>
				<total>12</total>
				<timestamp>7180.364241</timestamp>
			</report>
			<report>
				<misses>239400000</misses>
				<total>12</total>
				<timestamp>7183.364385</timestamp>
			</report>
			<report>
				<misses>239500000</misses>
				<total>12</total>
				<timestamp>7186.364663</timestamp>
			</report>
			<report>
				<misses>239600000</misses>
				<total>12</total>
				<timestamp>7189.365557</timestamp>
			</report>
			<report>
				<misses>239700000</misses>
				<total>12</total>
				<timestamp>7192.366441</timestamp>
			</report>
			<report>
				<misses>239800000</misses>
				<total>12</total>
				<timestamp>7195.366457</timestamp>
			</report>
			<report>
				<misses>239900000</misses>
				<total>12</total>
				<timestamp>7198.366489</timestamp>
			</report>
		</query>
	</custom>
	<ethtool_statistic>
		<rx_packets>
			<start>368682544</start>
			<end>704043063</end>
		</rx_packets>
		<tx_packets>
			<start>660804906</start>
			<end>1102021102</end>
		</tx_packets>
		<rx_dropped>
			<start>0</start>
			<end>0</end>
		</rx_dropped>
		<tx_dropped>
			<start>0</start>
			<end>0</end>
		</tx_dropped>
		<collisions>
			<start>0</start>
			<end>0</end>
		</collisions>
		<port_tx_errors>
			<start>0</start>
			<end>0</end>
		</port_tx_errors>
		<port_rx_dropped>
			<start>0</start>
			<end>0</end>
		</port_rx_dropped>
		<port_tx_dropped_link_down>
			<start>0</start>
			<end>0</end>
		</port_tx_dropped_link_down>
	</ethtool_statistic>
	<ip_statistic>
		<mtu>
			<start>9000</start>
			<end>9000</end>
		</mtu>
		<rx_bytes>
			<start>3314379564135</start>
			<end>6329216830766</end>
		</rx_bytes>
		<rx_packets>
			<start>368682593</start>
			<end>704043118</end>
		</rx_packets>
		<rx_errors>
			<start>0</start>
			<end>0</end>
		</rx_errors>
		<rx_dropped>
			<start>0</start>
			<end>0</end>
		</rx_dropped>
		<rx_missed>
			<start>0</start>
			<end>0</end>
		</rx_missed>
		<rx_mcast>
			<start>144</start>
			<end>208</end>
		</rx_mcast>
		<tx_bytes>
			<start>2062542203368</start>
			<end>3901329255006</end>
		</tx_bytes>
		<tx_packets>
			<start>660804941</start>
			<end>1102021140</end>
		</tx_packets>
		<tx_errors>
			<start>0</start>
			<end>0</end>
		</tx_errors>
		<tx_dropped>
			<start>0</start>
			<end>0</end>
		</tx_dropped>
		<tx_carrier>
			<start>0</start>
			<end>0</end>
		</tx_carrier>
		<tx_collisions>
			<start>0</start>
			<end>0</end>
		</tx_collisions>
	</ip_statistic>
	<netstat_statistic>
		<udp_pkg_rec>
			<start>352339651</start>
			<end>671102897</end>
		</udp_pkg_rec>
		<udp_pkg_snt>
			<start>660864502</start>
			<end>1102135008</end>
		</udp_pkg_snt>
		<udp_rec_err>
			<start>16383511</start>
			<end>33016351</end>
		</udp_rec_err>
		<udp_rec_buf_err>
			<start>16383511</start>
			<end>33016351</end>
		</udp_rec_buf_err>
		<udp_snt_buf_err>
			<start>0</start>
			<end>0</end>
		</udp_snt_buf_err>
	</netstat_statistic>
</test_results>
