<?xml version="1.0"?>
<test_results>
	<status>STATUS_SUCCESS</status>
	<custom>
		<num_loss>0</num_loss>
		<num_total>5711286</num_total>
		<num_misses>114277228</num_misses>
		<elapsed_time>299.971144</elapsed_time>
		<query>
			<report>
				<misses>100001</misses>
				<total>1</total>
				<timestamp>5.250415</timestamp>
			</report>
			<report>
				<misses>200001</misses>
				<total>0</total>
				<timestamp>10.504824</timestamp>
			</report>
			<report>
				<misses>300001</misses>
				<total>1</total>
				<timestamp>15.766622</timestamp>
			</report>
			<report>
				<misses>400001</misses>
				<total>1</total>
				<timestamp>21.043788</timestamp>
			</report>
			<report>
				<misses>500001</misses>
				<total>0</total>
				<timestamp>26.291986</timestamp>
			</report>
			<report>
				<misses>600001</misses>
				<total>1</total>
				<timestamp>31.540652</timestamp>
			</report>
			<report>
				<misses>700001</misses>
				<total>1</total>
				<timestamp>36.792494</timestamp>
			</report>
			<report>
				<misses>800001</misses>
				<total>1</total>
				<timestamp>42.038778</timestamp>
			</report>
			<report>
				<misses>900001</misses>
				<total>0</total>
				<timestamp>47.294919</timestamp>
			</report>
			<report>
				<misses>1000001</misses>
				<total>0</total>
				<timestamp>52.545459</timestamp>
			</report>
			<report>
				<misses>1100001</misses>
				<total>0</total>
				<timestamp>57.797915</timestamp>
			</report>
			<report>
				<misses>1200001</misses>
				<total>0</total>
				<timestamp>63.056407</timestamp>
			</report>
			<report>
				<misses>1300001</misses>
				<total>0</total>
				<timestamp>68.306308</timestamp>
			</report>
			<report>
				<misses>1400001</misses>
				<total>0</total>
				<timestamp>73.555643</timestamp>
			</report>
			<report>
				<misses>1500001</misses>
				<total>1</total>
				<timestamp>78.808563</timestamp>
			</report>
			<report>
				<misses>1600001</misses>
				<total>0</total>
				<timestamp>84.056986</timestamp>
			</report>
			<report>
				<misses>1700001</misses>
				<total>1</total>
				<timestamp>89.315415</timestamp>
			</report>
			<report>
				<misses>1800001</misses>
				<total>1</total>
				<timestamp>94.562321</timestamp>
			</report>
			<report>
				<misses>1900001</misses>
				<total>0</total>
				<timestamp>99.814657</timestamp>
			</report>
			<report>
				<misses>2000001</misses>
				<total>0</total>
				<timestamp>105.064930</timestamp>
			</report>
			<report>
				<misses>2100001</misses>
				<total>1</total>
				<timestamp>110.337043</timestamp>
			</report>
			<report>
				<misses>2200001</misses>
				<total>0</total>
				<timestamp>115.603144</timestamp>
			</report>
			<report>
				<misses>2300001</misses>
				<total>0</total>
				<timestamp>120.873531</timestamp>
			</report>
			<report>
				<misses>2400001</misses>
				<total>1</total>
				<timestamp>126.123069</timestamp>
			</report>
			<report>
				<misses>2500001</misses>
				<total>1</total>
				<timestamp>131.373215</timestamp>
			</report>
			<report>
				<misses>2600001</misses>
				<total>0</total>
				<timestamp>136.630516</timestamp>
			</report>
			<report>
				<misses>2700001</misses>
				<total>0</total>
				<timestamp>141.885129</timestamp>
			</report>
			<report>
				<misses>2800001</misses>
				<total>1</total>
				<timestamp>147.138580</timestamp>
			</report>
			<report>
				<misses>2900001</misses>
				<total>0</total>
				<timestamp>152.398598</timestamp>
			</report>
			<report>
				<misses>3000001</misses>
				<total>1</total>
				<timestamp>157.647530</timestamp>
			</report>
			<report>
				<misses>3100001</misses>
				<total>0</total>
				<timestamp>162.908897</timestamp>
			</report>
			<report>
				<misses>3200001</misses>
				<total>1</total>
				<timestamp>168.158965</timestamp>
			</report>
			<report>
				<misses>3300001</misses>
				<total>1</total>
				<timestamp>173.421580</timestamp>
			</report>
			<report>
				<misses>3400001</misses>
				<total>0</total>
				<timestamp>178.676841</timestamp>
			</report>
			<report>
				<misses>3500001</misses>
				<total>1</total>
				<timestamp>183.927718</timestamp>
			</report>
			<report>
				<misses>3600001</misses>
				<total>0</total>
				<timestamp>189.175753</timestamp>
			</report>
			<report>
				<misses>3700001</misses>
				<total>0</total>
				<timestamp>194.425386</timestamp>
			</report>
			<report>
				<misses>3800001</misses>
				<total>0</total>
				<timestamp>199.674886</timestamp>
			</report>
			<report>
				<misses>3900001</misses>
				<total>1</total>
				<timestamp>204.924682</timestamp>
			</report>
			<report>
				<misses>4000001</misses>
				<total>0</total>
				<timestamp>210.171910</timestamp>
			</report>
			<report>
				<misses>4100001</misses>
				<total>0</total>
				<timestamp>215.419813</timestamp>
			</report>
			<report>
				<misses>4200001</misses>
				<total>1</total>
				<timestamp>220.666680</timestamp>
			</report>
			<report>
				<misses>4300001</misses>
				<total>1</total>
				<timestamp>225.914934</timestamp>
			</report>
			<report>
				<misses>4400001</misses>
				<total>0</total>
				<timestamp>231.165654</timestamp>
			</report>
			<report>
				<misses>4500001</misses>
				<total>0</total>
				<timestamp>236.412433</timestamp>
			</report>
			<report>
				<misses>4600001</misses>
				<total>1</total>
				<timestamp>241.658696</timestamp>
			</report>
			<report>
				<misses>4700001</misses>
				<total>0</total>
				<timestamp>246.904856</timestamp>
			</report>
			<report>
				<misses>4800001</misses>
				<total>0</total>
				<timestamp>252.149329</timestamp>
			</report>
			<report>
				<misses>4900001</misses>
				<total>0</total>
				<timestamp>257.396712</timestamp>
			</report>
			<report>
				<misses>5000001</misses>
				<total>1</total>
				<timestamp>262.641704</timestamp>
			</report>
			<report>
				<misses>5100001</misses>
				<total>0</total>
				<timestamp>267.891042</timestamp>
			</report>
			<report>
				<misses>5200001</misses>
				<total>1</total>
				<timestamp>273.140057</timestamp>
			</report>
			<report>
				<misses>5300001</misses>
				<total>0</total>
				<timestamp>278.387752</timestamp>
			</report>
			<report>
				<misses>5400001</misses>
				<total>0</total>
				<timestamp>283.634298</timestamp>
			</report>
			<report>
				<misses>5500001</misses>
				<total>1</total>
				<timestamp>288.883627</timestamp>
			</report>
			<report>
				<misses>5600001</misses>
				<total>0</total>
				<timestamp>294.133173</timestamp>
			</report>
			<report>
				<misses>5700001</misses>
				<total>1</total>
				<timestamp>299.379484</timestamp>
			</report>
		</query>
	</custom>
	<ethtool_statistic>
		<rx_packets>
			<start>422186635</start>
			<end>460352251</end>
		</rx_packets>
		<tx_packets>
			<start>396810960</start>
			<end>442501025</end>
		</tx_packets>
		<rx_dropped>
			<start>0</start>
			<end>0</end>
		</rx_dropped>
		<tx_dropped>
			<start>0</start>
			<end>0</end>
		</tx_dropped>
		<collisions>
			<start>0</start>
			<end>0</end>
		</collisions>
		<port_tx_errors>
			<start>0</start>
			<end>0</end>
		</port_tx_errors>
		<port_rx_dropped>
			<start>0</start>
			<end>0</end>
		</port_rx_dropped>
		<port_tx_dropped_link_down>
			<start>0</start>
			<end>0</end>
		</port_tx_dropped_link_down>
	</ethtool_statistic>
	<ip_statistic>
		<mtu>
			<start>9000</start>
			<end>9000</end>
		</mtu>
		<rx_bytes>
			<start>2049704077343</start>
			<end>2361133760086</end>
		</rx_bytes>
		<rx_packets>
			<start>422186635</start>
			<end>460352251</end>
		</rx_packets>
		<rx_errors>
			<start>0</start>
			<end>0</end>
		</rx_errors>
		<rx_dropped>
			<start>0</start>
			<end>0</end>
		</rx_dropped>
		<rx_missed>
			<start>0</start>
			<end>0</end>
		</rx_missed>
		<rx_mcast>
			<start>6</start>
			<end>6</end>
		</rx_mcast>
		<tx_bytes>
			<start>2081087956888</start>
			<end>2453917025671</end>
		</tx_bytes>
		<tx_packets>
			<start>396810960</start>
			<end>442501025</end>
		</tx_packets>
		<tx_errors>
			<start>0</start>
			<end>0</end>
		</tx_errors>
		<tx_dropped>
			<start>0</start>
			<end>0</end>
		</tx_dropped>
		<tx_carrier>
			<start>0</start>
			<end>0</end>
		</tx_carrier>
		<tx_collisions>
			<start>0</start>
			<end>0</end>
		</tx_collisions>
	</ip_statistic>
	<netstat_statistic>
		<udp_pkg_rec>
			<start>2234716242</start>
			<end>2274947536</end>
		</udp_pkg_rec>
		<udp_pkg_snt>
			<start>2272130855</start>
			<end>2317804484</end>
		</udp_pkg_snt>
		<udp_rec_err>
			<start>0</start>
			<end>0</end>
		</udp_rec_err>
		<udp_rec_buf_err>
			<start>0</start>
			<end>0</end>
		</udp_rec_buf_err>
		<udp_snt_buf_err>
			<start>0</start>
			<end>0</end>
		</udp_snt_buf_err>
	</netstat_statistic>
</test_results>
