<?xml version="1.0"?>
<test_results>
	<status>STATUS_SUCCESS</status>
	<custom>
		<num_loss>19</num_loss>
		<num_total>359864392</num_total>
		<num_misses>94917</num_misses>
		<elapsed_time>7199.114225</elapsed_time>
		<query>
			<report>
				<misses>100000</misses>
				<total>0</total>
				<timestamp>2.000597</timestamp>
			</report>
			<report>
				<misses>200000</misses>
				<total>0</total>
				<timestamp>4.000861</timestamp>
			</report>
			<report>
				<misses>300000</misses>
				<total>0</total>
				<timestamp>6.001855</timestamp>
			</report>
			<report>
				<misses>400000</misses>
				<total>0</total>
				<timestamp>8.002292</timestamp>
			</report>
			<report>
				<misses>500000</misses>
				<total>0</total>
				<timestamp>10.002553</timestamp>
			</report>
			<report>
				<misses>600000</misses>
				<total>0</total>
				<timestamp>12.002966</timestamp>
			</report>
			<report>
				<misses>700000</misses>
				<total>0</total>
				<timestamp>14.003048</timestamp>
			</report>
			<report>
				<misses>800000</misses>
				<total>0</total>
				<timestamp>16.003235</timestamp>
			</report>
			<report>
				<misses>900000</misses>
				<total>0</total>
				<timestamp>18.003317</timestamp>
			</report>
			<report>
				<misses>1000000</misses>
				<total>0</total>
				<timestamp>20.004820</timestamp>
			</report>
			<report>
				<misses>1100000</misses>
				<total>0</total>
				<timestamp>22.005428</timestamp>
			</report>
			<report>
				<misses>1200000</misses>
				<total>0</total>
				<timestamp>24.005604</timestamp>
			</report>
			<report>
				<misses>1300000</misses>
				<total>0</total>
				<timestamp>26.005751</timestamp>
			</report>
			<report>
				<misses>1400000</misses>
				<total>0</total>
				<timestamp>28.006032</timestamp>
			</report>
			<report>
				<misses>1500000</misses>
				<total>0</total>
				<timestamp>30.006166</timestamp>
			</report>
			<report>
				<misses>1600000</misses>
				<total>0</total>
				<timestamp>32.006585</timestamp>
			</report>
			<report>
				<misses>1700000</misses>
				<total>0</total>
				<timestamp>34.006736</timestamp>
			</report>
			<report>
				<misses>1800000</misses>
				<total>0</total>
				<timestamp>36.006917</timestamp>
			</report>
			<report>
				<misses>1900000</misses>
				<total>0</total>
				<timestamp>38.007289</timestamp>
			</report>
			<report>
				<misses>2000000</misses>
				<total>0</total>
				<timestamp>40.008077</timestamp>
			</report>
			<report>
				<misses>2100000</misses>
				<total>0</total>
				<timestamp>42.010734</timestamp>
			</report>
			<report>
				<misses>2200000</misses>
				<total>0</total>
				<timestamp>44.011381</timestamp>
			</report>
			<report>
				<misses>2300000</misses>
				<total>0</total>
				<timestamp>46.011596</timestamp>
			</report>
			<report>
				<misses>2400000</misses>
				<total>0</total>
				<timestamp>48.011653</timestamp>
			</report>
			<report>
				<misses>2500000</misses>
				<total>0</total>
				<timestamp>50.011687</timestamp>
			</report>
			<report>
				<misses>2600000</misses>
				<total>0</total>
				<timestamp>52.011801</timestamp>
			</report>
			<report>
				<misses>2700000</misses>
				<total>0</total>
				<timestamp>54.012006</timestamp>
			</report>
			<report>
				<misses>2800000</misses>
				<total>0</total>
				<timestamp>56.012603</timestamp>
			</report>
			<report>
				<misses>2900000</misses>
				<total>0</total>
				<timestamp>58.012799</timestamp>
			</report>
			<report>
				<misses>3000000</misses>
				<total>0</total>
				<timestamp>60.013891</timestamp>
			</report>
			<report>
				<misses>3100000</misses>
				<total>0</total>
				<timestamp>62.014062</timestamp>
			</report>
			<report>
				<misses>3200000</misses>
				<total>0</total>
				<timestamp>64.014495</timestamp>
			</report>
			<report>
				<misses>3300000</misses>
				<total>0</total>
				<timestamp>66.014596</timestamp>
			</report>
			<report>
				<misses>3400000</misses>
				<total>0</total>
				<timestamp>68.014666</timestamp>
			</report>
			<report>
				<misses>3500000</misses>
				<total>0</total>
				<timestamp>70.014788</timestamp>
			</report>
			<report>
				<misses>3600000</misses>
				<total>0</total>
				<timestamp>72.014846</timestamp>
			</report>
			<report>
				<misses>3700000</misses>
				<total>0</total>
				<timestamp>74.014883</timestamp>
			</report>
			<report>
				<misses>3800000</misses>
				<total>0</total>
				<timestamp>76.016113</timestamp>
			</report>
			<report>
				<misses>3900000</misses>
				<total>0</total>
				<timestamp>78.016352</timestamp>
			</report>
			<report>
				<misses>4000000</misses>
				<total>0</total>
				<timestamp>80.016379</timestamp>
			</report>
			<report>
				<misses>4100000</misses>
				<total>0</total>
				<timestamp>82.016412</timestamp>
			</report>
			<report>
				<misses>4200000</misses>
				<total>0</total>
				<timestamp>84.016515</timestamp>
			</report>
			<report>
				<misses>4300000</misses>
				<total>0</total>
				<timestamp>86.016594</timestamp>
			</report>
			<report>
				<misses>4400000</misses>
				<total>0</total>
				<timestamp>88.016624</timestamp>
			</report>
			<report>
				<misses>4500000</misses>
				<total>0</total>
				<timestamp>90.016673</timestamp>
			</report>
			<report>
				<misses>4600000</misses>
				<total>0</total>
				<timestamp>92.016835</timestamp>
			</report>
			<report>
				<misses>4700000</misses>
				<total>0</total>
				<timestamp>94.018085</timestamp>
			</report>
			<report>
				<misses>4800000</misses>
				<total>0</total>
				<timestamp>96.018565</timestamp>
			</report>
			<report>
				<misses>4900000</misses>
				<total>0</total>
				<timestamp>98.018779</timestamp>
			</report>
			<report>
				<misses>5000000</misses>
				<total>0</total>
				<timestamp>100.019524</timestamp>
			</report>
			<report>
				<misses>5100000</misses>
				<total>0</total>
				<timestamp>102.020109</timestamp>
			</report>
			<report>
				<misses>5200000</misses>
				<total>0</total>
				<timestamp>104.020200</timestamp>
			</report>
			<report>
				<misses>5300000</misses>
				<total>0</total>
				<timestamp>106.020535</timestamp>
			</report>
			<report>
				<misses>5400000</misses>
				<total>0</total>
				<timestamp>108.020970</timestamp>
			</report>
			<report>
				<misses>5500000</misses>
				<total>0</total>
				<timestamp>110.021002</timestamp>
			</report>
			<report>
				<misses>5600000</misses>
				<total>0</total>
				<timestamp>112.021095</timestamp>
			</report>
			<report>
				<misses>5700000</misses>
				<total>0</total>
				<timestamp>114.021253</timestamp>
			</report>
			<report>
				<misses>5800000</misses>
				<total>0</total>
				<timestamp>116.022257</timestamp>
			</report>
			<report>
				<misses>5900000</misses>
				<total>0</total>
				<timestamp>118.022643</timestamp>
			</report>
			<report>
				<misses>6000000</misses>
				<total>0</total>
				<timestamp>120.022692</timestamp>
			</report>
			<report>
				<misses>6100000</misses>
				<total>0</total>
				<timestamp>122.022713</timestamp>
			</report>
			<report>
				<misses>6200000</misses>
				<total>0</total>
				<timestamp>124.022754</timestamp>
			</report>
			<report>
				<misses>6300000</misses>
				<total>0</total>
				<timestamp>126.022822</timestamp>
			</report>
			<report>
				<misses>6400000</misses>
				<total>0</total>
				<timestamp>128.023787</timestamp>
			</report>
			<report>
				<misses>6500000</misses>
				<total>0</total>
				<timestamp>130.024575</timestamp>
			</report>
			<report>
				<misses>6600000</misses>
				<total>0</total>
				<timestamp>132.024976</timestamp>
			</report>
			<report>
				<misses>6700000</misses>
				<total>0</total>
				<timestamp>134.025259</timestamp>
			</report>
			<report>
				<misses>6800000</misses>
				<total>0</total>
				<timestamp>136.025766</timestamp>
			</report>
			<report>
				<misses>6900000</misses>
				<total>0</total>
				<timestamp>138.025915</timestamp>
			</report>
			<report>
				<misses>7000000</misses>
				<total>0</total>
				<timestamp>140.026083</timestamp>
			</report>
			<report>
				<misses>7100000</misses>
				<total>0</total>
				<timestamp>142.026811</timestamp>
			</report>
			<report>
				<misses>7200000</misses>
				<total>0</total>
				<timestamp>144.026833</timestamp>
			</report>
			<report>
				<misses>7300000</misses>
				<total>0</total>
				<timestamp>146.026914</timestamp>
			</report>
			<report>
				<misses>7400000</misses>
				<total>0</total>
				<timestamp>148.027175</timestamp>
			</report>
			<report>
				<misses>7500000</misses>
				<total>0</total>
				<timestamp>150.028879</timestamp>
			</report>
			<report>
				<misses>7600000</misses>
				<total>0</total>
				<timestamp>152.029615</timestamp>
			</report>
			<report>
				<misses>7700000</misses>
				<total>0</total>
				<timestamp>154.029653</timestamp>
			</report>
			<report>
				<misses>7800000</misses>
				<total>0</total>
				<timestamp>156.030646</timestamp>
			</report>
			<report>
				<misses>7900000</misses>
				<total>0</total>
				<timestamp>158.030696</timestamp>
			</report>
			<report>
				<misses>8000000</misses>
				<total>0</total>
				<timestamp>160.030739</timestamp>
			</report>
			<report>
				<misses>8100000</misses>
				<total>0</total>
				<timestamp>162.031365</timestamp>
			</report>
			<report>
				<misses>8200000</misses>
				<total>0</total>
				<timestamp>164.031438</timestamp>
			</report>
			<report>
				<misses>8300000</misses>
				<total>0</total>
				<timestamp>166.031574</timestamp>
			</report>
			<report>
				<misses>8400000</misses>
				<total>0</total>
				<timestamp>168.031742</timestamp>
			</report>
			<report>
				<misses>8500000</misses>
				<total>0</total>
				<timestamp>170.031769</timestamp>
			</report>
			<report>
				<misses>8600000</misses>
				<total>0</total>
				<timestamp>172.031791</timestamp>
			</report>
			<report>
				<misses>8700000</misses>
				<total>0</total>
				<timestamp>174.031938</timestamp>
			</report>
			<report>
				<misses>8800000</misses>
				<total>0</total>
				<timestamp>176.033097</timestamp>
			</report>
			<report>
				<misses>8900000</misses>
				<total>0</total>
				<timestamp>178.033246</timestamp>
			</report>
			<report>
				<misses>9000000</misses>
				<total>0</total>
				<timestamp>180.033538</timestamp>
			</report>
			<report>
				<misses>9100000</misses>
				<total>0</total>
				<timestamp>182.034015</timestamp>
			</report>
			<report>
				<misses>9200000</misses>
				<total>0</total>
				<timestamp>184.034106</timestamp>
			</report>
			<report>
				<misses>9300000</misses>
				<total>0</total>
				<timestamp>186.034323</timestamp>
			</report>
			<report>
				<misses>9400000</misses>
				<total>0</total>
				<timestamp>188.034376</timestamp>
			</report>
			<report>
				<misses>9500000</misses>
				<total>0</total>
				<timestamp>190.034429</timestamp>
			</report>
			<report>
				<misses>9600000</misses>
				<total>0</total>
				<timestamp>192.034505</timestamp>
			</report>
			<report>
				<misses>9700000</misses>
				<total>0</total>
				<timestamp>194.034652</timestamp>
			</report>
			<report>
				<misses>9800000</misses>
				<total>0</total>
				<timestamp>196.034938</timestamp>
			</report>
			<report>
				<misses>9900000</misses>
				<total>0</total>
				<timestamp>198.034991</timestamp>
			</report>
			<report>
				<misses>10000000</misses>
				<total>0</total>
				<timestamp>200.035029</timestamp>
			</report>
			<report>
				<misses>10100000</misses>
				<total>0</total>
				<timestamp>202.035286</timestamp>
			</report>
			<report>
				<misses>10200000</misses>
				<total>0</total>
				<timestamp>204.035458</timestamp>
			</report>
			<report>
				<misses>10300000</misses>
				<total>0</total>
				<timestamp>206.035495</timestamp>
			</report>
			<report>
				<misses>10400000</misses>
				<total>0</total>
				<timestamp>208.035606</timestamp>
			</report>
			<report>
				<misses>10500000</misses>
				<total>0</total>
				<timestamp>210.035814</timestamp>
			</report>
			<report>
				<misses>10600000</misses>
				<total>0</total>
				<timestamp>212.035901</timestamp>
			</report>
			<report>
				<misses>10700000</misses>
				<total>0</total>
				<timestamp>214.036004</timestamp>
			</report>
			<report>
				<misses>10800000</misses>
				<total>0</total>
				<timestamp>216.036142</timestamp>
			</report>
			<report>
				<misses>10900000</misses>
				<total>0</total>
				<timestamp>218.036275</timestamp>
			</report>
			<report>
				<misses>11000000</misses>
				<total>0</total>
				<timestamp>220.038598</timestamp>
			</report>
			<report>
				<misses>11100000</misses>
				<total>0</total>
				<timestamp>222.038819</timestamp>
			</report>
			<report>
				<misses>11200000</misses>
				<total>0</total>
				<timestamp>224.039051</timestamp>
			</report>
			<report>
				<misses>11300000</misses>
				<total>0</total>
				<timestamp>226.039188</timestamp>
			</report>
			<report>
				<misses>11400000</misses>
				<total>0</total>
				<timestamp>228.039999</timestamp>
			</report>
			<report>
				<misses>11500000</misses>
				<total>0</total>
				<timestamp>230.040028</timestamp>
			</report>
			<report>
				<misses>11600000</misses>
				<total>0</total>
				<timestamp>232.041921</timestamp>
			</report>
			<report>
				<misses>11700000</misses>
				<total>0</total>
				<timestamp>234.042051</timestamp>
			</report>
			<report>
				<misses>11800000</misses>
				<total>0</total>
				<timestamp>236.042938</timestamp>
			</report>
			<report>
				<misses>11900000</misses>
				<total>0</total>
				<timestamp>238.043449</timestamp>
			</report>
			<report>
				<misses>12000000</misses>
				<total>0</total>
				<timestamp>240.043572</timestamp>
			</report>
			<report>
				<misses>12100000</misses>
				<total>0</total>
				<timestamp>242.043615</timestamp>
			</report>
			<report>
				<misses>12200000</misses>
				<total>0</total>
				<timestamp>244.043744</timestamp>
			</report>
			<report>
				<misses>12300000</misses>
				<total>0</total>
				<timestamp>246.044530</timestamp>
			</report>
			<report>
				<misses>12400000</misses>
				<total>0</total>
				<timestamp>248.044791</timestamp>
			</report>
			<report>
				<misses>12500000</misses>
				<total>0</total>
				<timestamp>250.044823</timestamp>
			</report>
			<report>
				<misses>12600000</misses>
				<total>0</total>
				<timestamp>252.044938</timestamp>
			</report>
			<report>
				<misses>12700000</misses>
				<total>0</total>
				<timestamp>254.045961</timestamp>
			</report>
			<report>
				<misses>12800000</misses>
				<total>0</total>
				<timestamp>256.046084</timestamp>
			</report>
			<report>
				<misses>12900000</misses>
				<total>0</total>
				<timestamp>258.046123</timestamp>
			</report>
			<report>
				<misses>13000000</misses>
				<total>0</total>
				<timestamp>260.046267</timestamp>
			</report>
			<report>
				<misses>13100000</misses>
				<total>0</total>
				<timestamp>262.046306</timestamp>
			</report>
			<report>
				<misses>13200000</misses>
				<total>0</total>
				<timestamp>264.046381</timestamp>
			</report>
			<report>
				<misses>13300000</misses>
				<total>0</total>
				<timestamp>266.046486</timestamp>
			</report>
			<report>
				<misses>13400000</misses>
				<total>0</total>
				<timestamp>268.046723</timestamp>
			</report>
			<report>
				<misses>13500000</misses>
				<total>0</total>
				<timestamp>270.046801</timestamp>
			</report>
			<report>
				<misses>13600000</misses>
				<total>0</total>
				<timestamp>272.047033</timestamp>
			</report>
			<report>
				<misses>13700000</misses>
				<total>0</total>
				<timestamp>274.047310</timestamp>
			</report>
			<report>
				<misses>13800000</misses>
				<total>0</total>
				<timestamp>276.047835</timestamp>
			</report>
			<report>
				<misses>13900000</misses>
				<total>0</total>
				<timestamp>278.047891</timestamp>
			</report>
			<report>
				<misses>14000000</misses>
				<total>0</total>
				<timestamp>280.047954</timestamp>
			</report>
			<report>
				<misses>14100000</misses>
				<total>0</total>
				<timestamp>282.048000</timestamp>
			</report>
			<report>
				<misses>14200000</misses>
				<total>0</total>
				<timestamp>284.048043</timestamp>
			</report>
			<report>
				<misses>14300000</misses>
				<total>0</total>
				<timestamp>286.048082</timestamp>
			</report>
			<report>
				<misses>14400000</misses>
				<total>0</total>
				<timestamp>288.048117</timestamp>
			</report>
			<report>
				<misses>14500000</misses>
				<total>0</total>
				<timestamp>290.048234</timestamp>
			</report>
			<report>
				<misses>14600000</misses>
				<total>0</total>
				<timestamp>292.048449</timestamp>
			</report>
			<report>
				<misses>14700000</misses>
				<total>0</total>
				<timestamp>294.048588</timestamp>
			</report>
			<report>
				<misses>14800000</misses>
				<total>0</total>
				<timestamp>296.048647</timestamp>
			</report>
			<report>
				<misses>14900000</misses>
				<total>0</total>
				<timestamp>298.048706</timestamp>
			</report>
			<report>
				<misses>15000000</misses>
				<total>0</total>
				<timestamp>300.049308</timestamp>
			</report>
			<report>
				<misses>15100000</misses>
				<total>0</total>
				<timestamp>302.050640</timestamp>
			</report>
			<report>
				<misses>15200000</misses>
				<total>0</total>
				<timestamp>304.051278</timestamp>
			</report>
			<report>
				<misses>15300000</misses>
				<total>0</total>
				<timestamp>306.051461</timestamp>
			</report>
			<report>
				<misses>15400000</misses>
				<total>0</total>
				<timestamp>308.051890</timestamp>
			</report>
			<report>
				<misses>15500000</misses>
				<total>0</total>
				<timestamp>310.052048</timestamp>
			</report>
			<report>
				<misses>15600000</misses>
				<total>0</total>
				<timestamp>312.052217</timestamp>
			</report>
			<report>
				<misses>15700000</misses>
				<total>0</total>
				<timestamp>314.052344</timestamp>
			</report>
			<report>
				<misses>15800000</misses>
				<total>0</total>
				<timestamp>316.052383</timestamp>
			</report>
			<report>
				<misses>15900000</misses>
				<total>0</total>
				<timestamp>318.052536</timestamp>
			</report>
			<report>
				<misses>16000000</misses>
				<total>0</total>
				<timestamp>320.053106</timestamp>
			</report>
			<report>
				<misses>16100000</misses>
				<total>0</total>
				<timestamp>322.053286</timestamp>
			</report>
			<report>
				<misses>16200000</misses>
				<total>0</total>
				<timestamp>324.053760</timestamp>
			</report>
			<report>
				<misses>16300000</misses>
				<total>0</total>
				<timestamp>326.053822</timestamp>
			</report>
			<report>
				<misses>16400000</misses>
				<total>0</total>
				<timestamp>328.054055</timestamp>
			</report>
			<report>
				<misses>16500000</misses>
				<total>0</total>
				<timestamp>330.054125</timestamp>
			</report>
			<report>
				<misses>16600000</misses>
				<total>0</total>
				<timestamp>332.054159</timestamp>
			</report>
			<report>
				<misses>16700000</misses>
				<total>0</total>
				<timestamp>334.054191</timestamp>
			</report>
			<report>
				<misses>16800000</misses>
				<total>0</total>
				<timestamp>336.054253</timestamp>
			</report>
			<report>
				<misses>16900000</misses>
				<total>0</total>
				<timestamp>338.054461</timestamp>
			</report>
			<report>
				<misses>17000000</misses>
				<total>0</total>
				<timestamp>340.054670</timestamp>
			</report>
			<report>
				<misses>17100000</misses>
				<total>0</total>
				<timestamp>342.054776</timestamp>
			</report>
			<report>
				<misses>17200000</misses>
				<total>0</total>
				<timestamp>344.055480</timestamp>
			</report>
			<report>
				<misses>17300000</misses>
				<total>0</total>
				<timestamp>346.055545</timestamp>
			</report>
			<report>
				<misses>17400000</misses>
				<total>0</total>
				<timestamp>348.055642</timestamp>
			</report>
			<report>
				<misses>17500000</misses>
				<total>0</total>
				<timestamp>350.056109</timestamp>
			</report>
			<report>
				<misses>17600000</misses>
				<total>0</total>
				<timestamp>352.056403</timestamp>
			</report>
			<report>
				<misses>17700000</misses>
				<total>0</total>
				<timestamp>354.056531</timestamp>
			</report>
			<report>
				<misses>17800000</misses>
				<total>0</total>
				<timestamp>356.056623</timestamp>
			</report>
			<report>
				<misses>17900000</misses>
				<total>0</total>
				<timestamp>358.056717</timestamp>
			</report>
			<report>
				<misses>18000000</misses>
				<total>0</total>
				<timestamp>360.056929</timestamp>
			</report>
			<report>
				<misses>18100000</misses>
				<total>0</total>
				<timestamp>362.057087</timestamp>
			</report>
			<report>
				<misses>18200000</misses>
				<total>0</total>
				<timestamp>364.057241</timestamp>
			</report>
			<report>
				<misses>18300000</misses>
				<total>0</total>
				<timestamp>366.057388</timestamp>
			</report>
			<report>
				<misses>18400000</misses>
				<total>0</total>
				<timestamp>368.057693</timestamp>
			</report>
			<report>
				<misses>18500000</misses>
				<total>0</total>
				<timestamp>370.058229</timestamp>
			</report>
			<report>
				<misses>18600000</misses>
				<total>0</total>
				<timestamp>372.058268</timestamp>
			</report>
			<report>
				<misses>18700000</misses>
				<total>0</total>
				<timestamp>374.058874</timestamp>
			</report>
			<report>
				<misses>18800000</misses>
				<total>0</total>
				<timestamp>376.058993</timestamp>
			</report>
			<report>
				<misses>18900000</misses>
				<total>0</total>
				<timestamp>378.059726</timestamp>
			</report>
			<report>
				<misses>19000000</misses>
				<total>0</total>
				<timestamp>380.059806</timestamp>
			</report>
			<report>
				<misses>19100000</misses>
				<total>0</total>
				<timestamp>382.059974</timestamp>
			</report>
			<report>
				<misses>19200000</misses>
				<total>0</total>
				<timestamp>384.060931</timestamp>
			</report>
			<report>
				<misses>19300000</misses>
				<total>0</total>
				<timestamp>386.061497</timestamp>
			</report>
			<report>
				<misses>19400000</misses>
				<total>0</total>
				<timestamp>388.061916</timestamp>
			</report>
			<report>
				<misses>19500000</misses>
				<total>0</total>
				<timestamp>390.062108</timestamp>
			</report>
			<report>
				<misses>19600000</misses>
				<total>0</total>
				<timestamp>392.062257</timestamp>
			</report>
			<report>
				<misses>19700000</misses>
				<total>0</total>
				<timestamp>394.062559</timestamp>
			</report>
			<report>
				<misses>19800000</misses>
				<total>0</total>
				<timestamp>396.062674</timestamp>
			</report>
			<report>
				<misses>19900000</misses>
				<total>0</total>
				<timestamp>398.063162</timestamp>
			</report>
			<report>
				<misses>20000000</misses>
				<total>0</total>
				<timestamp>400.063264</timestamp>
			</report>
			<report>
				<misses>20100000</misses>
				<total>0</total>
				<timestamp>402.063719</timestamp>
			</report>
			<report>
				<misses>20200000</misses>
				<total>0</total>
				<timestamp>404.064175</timestamp>
			</report>
			<report>
				<misses>20300000</misses>
				<total>0</total>
				<timestamp>406.064244</timestamp>
			</report>
			<report>
				<misses>20400000</misses>
				<total>0</total>
				<timestamp>408.064507</timestamp>
			</report>
			<report>
				<misses>20500000</misses>
				<total>0</total>
				<timestamp>410.064537</timestamp>
			</report>
			<report>
				<misses>20600000</misses>
				<total>0</total>
				<timestamp>412.064613</timestamp>
			</report>
			<report>
				<misses>20700000</misses>
				<total>0</total>
				<timestamp>414.065637</timestamp>
			</report>
			<report>
				<misses>20800000</misses>
				<total>0</total>
				<timestamp>416.066829</timestamp>
			</report>
			<report>
				<misses>20900000</misses>
				<total>0</total>
				<timestamp>418.066858</timestamp>
			</report>
			<report>
				<misses>21000000</misses>
				<total>0</total>
				<timestamp>420.066909</timestamp>
			</report>
			<report>
				<misses>21100000</misses>
				<total>0</total>
				<timestamp>422.066937</timestamp>
			</report>
			<report>
				<misses>21200000</misses>
				<total>0</total>
				<timestamp>424.066998</timestamp>
			</report>
			<report>
				<misses>21300000</misses>
				<total>0</total>
				<timestamp>426.067023</timestamp>
			</report>
			<report>
				<misses>21400000</misses>
				<total>0</total>
				<timestamp>428.067199</timestamp>
			</report>
			<report>
				<misses>21500000</misses>
				<total>0</total>
				<timestamp>430.067270</timestamp>
			</report>
			<report>
				<misses>21600000</misses>
				<total>0</total>
				<timestamp>432.067295</timestamp>
			</report>
			<report>
				<misses>21700000</misses>
				<total>0</total>
				<timestamp>434.067350</timestamp>
			</report>
			<report>
				<misses>21800000</misses>
				<total>0</total>
				<timestamp>436.067385</timestamp>
			</report>
			<report>
				<misses>21900000</misses>
				<total>0</total>
				<timestamp>438.067404</timestamp>
			</report>
			<report>
				<misses>22000000</misses>
				<total>0</total>
				<timestamp>440.067447</timestamp>
			</report>
			<report>
				<misses>22100000</misses>
				<total>0</total>
				<timestamp>442.067644</timestamp>
			</report>
			<report>
				<misses>22200000</misses>
				<total>0</total>
				<timestamp>444.067777</timestamp>
			</report>
			<report>
				<misses>22300000</misses>
				<total>0</total>
				<timestamp>446.068160</timestamp>
			</report>
			<report>
				<misses>22400000</misses>
				<total>0</total>
				<timestamp>448.068314</timestamp>
			</report>
			<report>
				<misses>22500000</misses>
				<total>0</total>
				<timestamp>450.068445</timestamp>
			</report>
			<report>
				<misses>22600000</misses>
				<total>0</total>
				<timestamp>452.068721</timestamp>
			</report>
			<report>
				<misses>22700000</misses>
				<total>0</total>
				<timestamp>454.068754</timestamp>
			</report>
			<report>
				<misses>22800000</misses>
				<total>0</total>
				<timestamp>456.068776</timestamp>
			</report>
			<report>
				<misses>22900000</misses>
				<total>0</total>
				<timestamp>458.068847</timestamp>
			</report>
			<report>
				<misses>23000000</misses>
				<total>0</total>
				<timestamp>460.069039</timestamp>
			</report>
			<report>
				<misses>23100000</misses>
				<total>0</total>
				<timestamp>462.069149</timestamp>
			</report>
			<report>
				<misses>23200000</misses>
				<total>0</total>
				<timestamp>464.069192</timestamp>
			</report>
			<report>
				<misses>23300000</misses>
				<total>0</total>
				<timestamp>466.069476</timestamp>
			</report>
			<report>
				<misses>23400000</misses>
				<total>0</total>
				<timestamp>468.069679</timestamp>
			</report>
			<report>
				<misses>23500000</misses>
				<total>0</total>
				<timestamp>470.070230</timestamp>
			</report>
			<report>
				<misses>23600000</misses>
				<total>0</total>
				<timestamp>472.070736</timestamp>
			</report>
			<report>
				<misses>23700000</misses>
				<total>0</total>
				<timestamp>474.070784</timestamp>
			</report>
			<report>
				<misses>23800000</misses>
				<total>0</total>
				<timestamp>476.070825</timestamp>
			</report>
			<report>
				<misses>23900000</misses>
				<total>0</total>
				<timestamp>478.070909</timestamp>
			</report>
			<report>
				<misses>24000000</misses>
				<total>0</total>
				<timestamp>480.070955</timestamp>
			</report>
			<report>
				<misses>24100000</misses>
				<total>0</total>
				<timestamp>482.071061</timestamp>
			</report>
			<report>
				<misses>24200000</misses>
				<total>0</total>
				<timestamp>484.071359</timestamp>
			</report>
			<report>
				<misses>24300000</misses>
				<total>0</total>
				<timestamp>486.071630</timestamp>
			</report>
			<report>
				<misses>24400000</misses>
				<total>0</total>
				<timestamp>488.071735</timestamp>
			</report>
			<report>
				<misses>24500000</misses>
				<total>0</total>
				<timestamp>490.071830</timestamp>
			</report>
			<report>
				<misses>24600000</misses>
				<total>0</total>
				<timestamp>492.071847</timestamp>
			</report>
			<report>
				<misses>24700000</misses>
				<total>0</total>
				<timestamp>494.071884</timestamp>
			</report>
			<report>
				<misses>24800000</misses>
				<total>0</total>
				<timestamp>496.071983</timestamp>
			</report>
			<report>
				<misses>24900000</misses>
				<total>0</total>
				<timestamp>498.072027</timestamp>
			</report>
			<report>
				<misses>25000000</misses>
				<total>0</total>
				<timestamp>500.072097</timestamp>
			</report>
			<report>
				<misses>25100000</misses>
				<total>0</total>
				<timestamp>502.072297</timestamp>
			</report>
			<report>
				<misses>25200000</misses>
				<total>0</total>
				<timestamp>504.072563</timestamp>
			</report>
			<report>
				<misses>25300000</misses>
				<total>0</total>
				<timestamp>506.072606</timestamp>
			</report>
			<report>
				<misses>25400000</misses>
				<total>0</total>
				<timestamp>508.072857</timestamp>
			</report>
			<report>
				<misses>25500000</misses>
				<total>0</total>
				<timestamp>510.073051</timestamp>
			</report>
			<report>
				<misses>25600000</misses>
				<total>0</total>
				<timestamp>512.073205</timestamp>
			</report>
			<report>
				<misses>25700000</misses>
				<total>0</total>
				<timestamp>514.073774</timestamp>
			</report>
			<report>
				<misses>25800000</misses>
				<total>0</total>
				<timestamp>516.073813</timestamp>
			</report>
			<report>
				<misses>25900000</misses>
				<total>0</total>
				<timestamp>518.073853</timestamp>
			</report>
			<report>
				<misses>26000000</misses>
				<total>0</total>
				<timestamp>520.074242</timestamp>
			</report>
			<report>
				<misses>26100000</misses>
				<total>0</total>
				<timestamp>522.074346</timestamp>
			</report>
			<report>
				<misses>26200000</misses>
				<total>0</total>
				<timestamp>524.074440</timestamp>
			</report>
			<report>
				<misses>26300000</misses>
				<total>0</total>
				<timestamp>526.075214</timestamp>
			</report>
			<report>
				<misses>26400000</misses>
				<total>0</total>
				<timestamp>528.075415</timestamp>
			</report>
			<report>
				<misses>26500000</misses>
				<total>0</total>
				<timestamp>530.075508</timestamp>
			</report>
			<report>
				<misses>26600000</misses>
				<total>0</total>
				<timestamp>532.075547</timestamp>
			</report>
			<report>
				<misses>26700000</misses>
				<total>0</total>
				<timestamp>534.075806</timestamp>
			</report>
			<report>
				<misses>26800000</misses>
				<total>0</total>
				<timestamp>536.077362</timestamp>
			</report>
			<report>
				<misses>26900000</misses>
				<total>0</total>
				<timestamp>538.078186</timestamp>
			</report>
			<report>
				<misses>27000000</misses>
				<total>0</total>
				<timestamp>540.078537</timestamp>
			</report>
			<report>
				<misses>27100000</misses>
				<total>0</total>
				<timestamp>542.078643</timestamp>
			</report>
			<report>
				<misses>27200000</misses>
				<total>0</total>
				<timestamp>544.078680</timestamp>
			</report>
			<report>
				<misses>27300000</misses>
				<total>0</total>
				<timestamp>546.078879</timestamp>
			</report>
			<report>
				<misses>27400000</misses>
				<total>0</total>
				<timestamp>548.078955</timestamp>
			</report>
			<report>
				<misses>27500000</misses>
				<total>0</total>
				<timestamp>550.078974</timestamp>
			</report>
			<report>
				<misses>27600000</misses>
				<total>0</total>
				<timestamp>552.079015</timestamp>
			</report>
			<report>
				<misses>27700000</misses>
				<total>0</total>
				<timestamp>554.079116</timestamp>
			</report>
			<report>
				<misses>27800000</misses>
				<total>0</total>
				<timestamp>556.079270</timestamp>
			</report>
			<report>
				<misses>27900000</misses>
				<total>0</total>
				<timestamp>558.079381</timestamp>
			</report>
			<report>
				<misses>28000000</misses>
				<total>0</total>
				<timestamp>560.079465</timestamp>
			</report>
			<report>
				<misses>28100000</misses>
				<total>0</total>
				<timestamp>562.079508</timestamp>
			</report>
			<report>
				<misses>28200000</misses>
				<total>0</total>
				<timestamp>564.079854</timestamp>
			</report>
			<report>
				<misses>28300000</misses>
				<total>0</total>
				<timestamp>566.080656</timestamp>
			</report>
			<report>
				<misses>28400000</misses>
				<total>0</total>
				<timestamp>568.080800</timestamp>
			</report>
			<report>
				<misses>28500000</misses>
				<total>0</total>
				<timestamp>570.081471</timestamp>
			</report>
			<report>
				<misses>28600000</misses>
				<total>0</total>
				<timestamp>572.081862</timestamp>
			</report>
			<report>
				<misses>28700000</misses>
				<total>0</total>
				<timestamp>574.081937</timestamp>
			</report>
			<report>
				<misses>28800000</misses>
				<total>0</total>
				<timestamp>576.082263</timestamp>
			</report>
			<report>
				<misses>28900000</misses>
				<total>0</total>
				<timestamp>578.082392</timestamp>
			</report>
			<report>
				<misses>29000000</misses>
				<total>0</total>
				<timestamp>580.082607</timestamp>
			</report>
			<report>
				<misses>29100000</misses>
				<total>0</total>
				<timestamp>582.082651</timestamp>
			</report>
			<report>
				<misses>29200000</misses>
				<total>0</total>
				<timestamp>584.082977</timestamp>
			</report>
			<report>
				<misses>29300000</misses>
				<total>0</total>
				<timestamp>586.083321</timestamp>
			</report>
			<report>
				<misses>29400000</misses>
				<total>0</total>
				<timestamp>588.083430</timestamp>
			</report>
			<report>
				<misses>29500000</misses>
				<total>0</total>
				<timestamp>590.083583</timestamp>
			</report>
			<report>
				<misses>29600000</misses>
				<total>0</total>
				<timestamp>592.083630</timestamp>
			</report>
			<report>
				<misses>29700000</misses>
				<total>0</total>
				<timestamp>594.083851</timestamp>
			</report>
			<report>
				<misses>29800000</misses>
				<total>0</total>
				<timestamp>596.084048</timestamp>
			</report>
			<report>
				<misses>29900000</misses>
				<total>0</total>
				<timestamp>598.084695</timestamp>
			</report>
			<report>
				<misses>30000000</misses>
				<total>0</total>
				<timestamp>600.084812</timestamp>
			</report>
			<report>
				<misses>30100000</misses>
				<total>0</total>
				<timestamp>602.085023</timestamp>
			</report>
			<report>
				<misses>30200000</misses>
				<total>0</total>
				<timestamp>604.086030</timestamp>
			</report>
			<report>
				<misses>30300000</misses>
				<total>0</total>
				<timestamp>606.086108</timestamp>
			</report>
			<report>
				<misses>30400000</misses>
				<total>0</total>
				<timestamp>608.086407</timestamp>
			</report>
			<report>
				<misses>30500000</misses>
				<total>1</total>
				<timestamp>610.086895</timestamp>
			</report>
			<report>
				<misses>30600000</misses>
				<total>1</total>
				<timestamp>612.087026</timestamp>
			</report>
			<report>
				<misses>30700000</misses>
				<total>1</total>
				<timestamp>614.087046</timestamp>
			</report>
			<report>
				<misses>30800000</misses>
				<total>1</total>
				<timestamp>616.087229</timestamp>
			</report>
			<report>
				<misses>30900000</misses>
				<total>1</total>
				<timestamp>618.087886</timestamp>
			</report>
			<report>
				<misses>31000000</misses>
				<total>1</total>
				<timestamp>620.088441</timestamp>
			</report>
			<report>
				<misses>31100000</misses>
				<total>1</total>
				<timestamp>622.088508</timestamp>
			</report>
			<report>
				<misses>31200000</misses>
				<total>1</total>
				<timestamp>624.089162</timestamp>
			</report>
			<report>
				<misses>31300000</misses>
				<total>1</total>
				<timestamp>626.089688</timestamp>
			</report>
			<report>
				<misses>31400000</misses>
				<total>2</total>
				<timestamp>628.090072</timestamp>
			</report>
			<report>
				<misses>31500000</misses>
				<total>2</total>
				<timestamp>630.090521</timestamp>
			</report>
			<report>
				<misses>31600000</misses>
				<total>2</total>
				<timestamp>632.090572</timestamp>
			</report>
			<report>
				<misses>31700000</misses>
				<total>2</total>
				<timestamp>634.090604</timestamp>
			</report>
			<report>
				<misses>31800000</misses>
				<total>2</total>
				<timestamp>636.090694</timestamp>
			</report>
			<report>
				<misses>31900000</misses>
				<total>2</total>
				<timestamp>638.090745</timestamp>
			</report>
			<report>
				<misses>32000000</misses>
				<total>2</total>
				<timestamp>640.090773</timestamp>
			</report>
			<report>
				<misses>32100000</misses>
				<total>2</total>
				<timestamp>642.090822</timestamp>
			</report>
			<report>
				<misses>32200000</misses>
				<total>2</total>
				<timestamp>644.090844</timestamp>
			</report>
			<report>
				<misses>32300000</misses>
				<total>2</total>
				<timestamp>646.090956</timestamp>
			</report>
			<report>
				<misses>32400000</misses>
				<total>2</total>
				<timestamp>648.091902</timestamp>
			</report>
			<report>
				<misses>32500000</misses>
				<total>2</total>
				<timestamp>650.092192</timestamp>
			</report>
			<report>
				<misses>32600000</misses>
				<total>2</total>
				<timestamp>652.092210</timestamp>
			</report>
			<report>
				<misses>32700000</misses>
				<total>2</total>
				<timestamp>654.092267</timestamp>
			</report>
			<report>
				<misses>32800000</misses>
				<total>2</total>
				<timestamp>656.092400</timestamp>
			</report>
			<report>
				<misses>32900000</misses>
				<total>2</total>
				<timestamp>658.092448</timestamp>
			</report>
			<report>
				<misses>33000000</misses>
				<total>2</total>
				<timestamp>660.092575</timestamp>
			</report>
			<report>
				<misses>33100000</misses>
				<total>2</total>
				<timestamp>662.092984</timestamp>
			</report>
			<report>
				<misses>33200000</misses>
				<total>2</total>
				<timestamp>664.093523</timestamp>
			</report>
			<report>
				<misses>33300000</misses>
				<total>2</total>
				<timestamp>666.093610</timestamp>
			</report>
			<report>
				<misses>33400000</misses>
				<total>2</total>
				<timestamp>668.093651</timestamp>
			</report>
			<report>
				<misses>33500000</misses>
				<total>2</total>
				<timestamp>670.093685</timestamp>
			</report>
			<report>
				<misses>33600000</misses>
				<total>2</total>
				<timestamp>672.093751</timestamp>
			</report>
			<report>
				<misses>33700000</misses>
				<total>2</total>
				<timestamp>674.093816</timestamp>
			</report>
			<report>
				<misses>33800000</misses>
				<total>2</total>
				<timestamp>676.093860</timestamp>
			</report>
			<report>
				<misses>33900000</misses>
				<total>2</total>
				<timestamp>678.094097</timestamp>
			</report>
			<report>
				<misses>34000000</misses>
				<total>2</total>
				<timestamp>680.094517</timestamp>
			</report>
			<report>
				<misses>34100000</misses>
				<total>2</total>
				<timestamp>682.094672</timestamp>
			</report>
			<report>
				<misses>34200000</misses>
				<total>2</total>
				<timestamp>684.094705</timestamp>
			</report>
			<report>
				<misses>34300000</misses>
				<total>2</total>
				<timestamp>686.095154</timestamp>
			</report>
			<report>
				<misses>34400000</misses>
				<total>2</total>
				<timestamp>688.095472</timestamp>
			</report>
			<report>
				<misses>34500000</misses>
				<total>2</total>
				<timestamp>690.095639</timestamp>
			</report>
			<report>
				<misses>34600000</misses>
				<total>2</total>
				<timestamp>692.095686</timestamp>
			</report>
			<report>
				<misses>34700000</misses>
				<total>2</total>
				<timestamp>694.095893</timestamp>
			</report>
			<report>
				<misses>34800000</misses>
				<total>2</total>
				<timestamp>696.096111</timestamp>
			</report>
			<report>
				<misses>34900000</misses>
				<total>2</total>
				<timestamp>698.096215</timestamp>
			</report>
			<report>
				<misses>35000000</misses>
				<total>2</total>
				<timestamp>700.096278</timestamp>
			</report>
			<report>
				<misses>35100000</misses>
				<total>2</total>
				<timestamp>702.096477</timestamp>
			</report>
			<report>
				<misses>35200000</misses>
				<total>2</total>
				<timestamp>704.096801</timestamp>
			</report>
			<report>
				<misses>35300000</misses>
				<total>2</total>
				<timestamp>706.097160</timestamp>
			</report>
			<report>
				<misses>35400000</misses>
				<total>2</total>
				<timestamp>708.097536</timestamp>
			</report>
			<report>
				<misses>35500000</misses>
				<total>2</total>
				<timestamp>710.097625</timestamp>
			</report>
			<report>
				<misses>35600000</misses>
				<total>2</total>
				<timestamp>712.098462</timestamp>
			</report>
			<report>
				<misses>35700000</misses>
				<total>2</total>
				<timestamp>714.098620</timestamp>
			</report>
			<report>
				<misses>35800000</misses>
				<total>2</total>
				<timestamp>716.098918</timestamp>
			</report>
			<report>
				<misses>35900000</misses>
				<total>2</total>
				<timestamp>718.099067</timestamp>
			</report>
			<report>
				<misses>36000000</misses>
				<total>2</total>
				<timestamp>720.099113</timestamp>
			</report>
			<report>
				<misses>36100000</misses>
				<total>2</total>
				<timestamp>722.099242</timestamp>
			</report>
			<report>
				<misses>36200000</misses>
				<total>2</total>
				<timestamp>724.099859</timestamp>
			</report>
			<report>
				<misses>36300000</misses>
				<total>2</total>
				<timestamp>726.099899</timestamp>
			</report>
			<report>
				<misses>36400000</misses>
				<total>2</total>
				<timestamp>728.100138</timestamp>
			</report>
			<report>
				<misses>36500000</misses>
				<total>2</total>
				<timestamp>730.101901</timestamp>
			</report>
			<report>
				<misses>36600000</misses>
				<total>2</total>
				<timestamp>732.103050</timestamp>
			</report>
			<report>
				<misses>36700000</misses>
				<total>2</total>
				<timestamp>734.103154</timestamp>
			</report>
			<report>
				<misses>36800000</misses>
				<total>2</total>
				<timestamp>736.103346</timestamp>
			</report>
			<report>
				<misses>36900000</misses>
				<total>2</total>
				<timestamp>738.103971</timestamp>
			</report>
			<report>
				<misses>37000000</misses>
				<total>2</total>
				<timestamp>740.104655</timestamp>
			</report>
			<report>
				<misses>37100000</misses>
				<total>2</total>
				<timestamp>742.104991</timestamp>
			</report>
			<report>
				<misses>37200000</misses>
				<total>2</total>
				<timestamp>744.105033</timestamp>
			</report>
			<report>
				<misses>37300000</misses>
				<total>2</total>
				<timestamp>746.105130</timestamp>
			</report>
			<report>
				<misses>37400000</misses>
				<total>2</total>
				<timestamp>748.105232</timestamp>
			</report>
			<report>
				<misses>37500000</misses>
				<total>2</total>
				<timestamp>750.105276</timestamp>
			</report>
			<report>
				<misses>37600000</misses>
				<total>2</total>
				<timestamp>752.105324</timestamp>
			</report>
			<report>
				<misses>37700000</misses>
				<total>2</total>
				<timestamp>754.105359</timestamp>
			</report>
			<report>
				<misses>37800000</misses>
				<total>2</total>
				<timestamp>756.105464</timestamp>
			</report>
			<report>
				<misses>37900000</misses>
				<total>2</total>
				<timestamp>758.106322</timestamp>
			</report>
			<report>
				<misses>38000000</misses>
				<total>2</total>
				<timestamp>760.106400</timestamp>
			</report>
			<report>
				<misses>38100000</misses>
				<total>2</total>
				<timestamp>762.106642</timestamp>
			</report>
			<report>
				<misses>38200000</misses>
				<total>2</total>
				<timestamp>764.106685</timestamp>
			</report>
			<report>
				<misses>38300000</misses>
				<total>2</total>
				<timestamp>766.106934</timestamp>
			</report>
			<report>
				<misses>38400000</misses>
				<total>2</total>
				<timestamp>768.107247</timestamp>
			</report>
			<report>
				<misses>38500000</misses>
				<total>2</total>
				<timestamp>770.107891</timestamp>
			</report>
			<report>
				<misses>38600000</misses>
				<total>2</total>
				<timestamp>772.108603</timestamp>
			</report>
			<report>
				<misses>38700000</misses>
				<total>2</total>
				<timestamp>774.108763</timestamp>
			</report>
			<report>
				<misses>38800000</misses>
				<total>2</total>
				<timestamp>776.108806</timestamp>
			</report>
			<report>
				<misses>38900000</misses>
				<total>2</total>
				<timestamp>778.109060</timestamp>
			</report>
			<report>
				<misses>39000000</misses>
				<total>2</total>
				<timestamp>780.109259</timestamp>
			</report>
			<report>
				<misses>39100000</misses>
				<total>2</total>
				<timestamp>782.110274</timestamp>
			</report>
			<report>
				<misses>39200000</misses>
				<total>2</total>
				<timestamp>784.110330</timestamp>
			</report>
			<report>
				<misses>39300000</misses>
				<total>2</total>
				<timestamp>786.110350</timestamp>
			</report>
			<report>
				<misses>39400000</misses>
				<total>2</total>
				<timestamp>788.110410</timestamp>
			</report>
			<report>
				<misses>39500000</misses>
				<total>2</total>
				<timestamp>790.110446</timestamp>
			</report>
			<report>
				<misses>39600000</misses>
				<total>2</total>
				<timestamp>792.110487</timestamp>
			</report>
			<report>
				<misses>39700000</misses>
				<total>2</total>
				<timestamp>794.110524</timestamp>
			</report>
			<report>
				<misses>39800000</misses>
				<total>2</total>
				<timestamp>796.110836</timestamp>
			</report>
			<report>
				<misses>39900000</misses>
				<total>2</total>
				<timestamp>798.110886</timestamp>
			</report>
			<report>
				<misses>40000000</misses>
				<total>2</total>
				<timestamp>800.110919</timestamp>
			</report>
			<report>
				<misses>40100000</misses>
				<total>2</total>
				<timestamp>802.110980</timestamp>
			</report>
			<report>
				<misses>40200000</misses>
				<total>2</total>
				<timestamp>804.111018</timestamp>
			</report>
			<report>
				<misses>40300000</misses>
				<total>2</total>
				<timestamp>806.111302</timestamp>
			</report>
			<report>
				<misses>40400000</misses>
				<total>2</total>
				<timestamp>808.111439</timestamp>
			</report>
			<report>
				<misses>40500000</misses>
				<total>2</total>
				<timestamp>810.111662</timestamp>
			</report>
			<report>
				<misses>40600000</misses>
				<total>2</total>
				<timestamp>812.111783</timestamp>
			</report>
			<report>
				<misses>40700000</misses>
				<total>2</total>
				<timestamp>814.112315</timestamp>
			</report>
			<report>
				<misses>40800000</misses>
				<total>2</total>
				<timestamp>816.112608</timestamp>
			</report>
			<report>
				<misses>40900000</misses>
				<total>2</total>
				<timestamp>818.113130</timestamp>
			</report>
			<report>
				<misses>41000000</misses>
				<total>2</total>
				<timestamp>820.113745</timestamp>
			</report>
			<report>
				<misses>41100000</misses>
				<total>2</total>
				<timestamp>822.114255</timestamp>
			</report>
			<report>
				<misses>41200000</misses>
				<total>2</total>
				<timestamp>824.114420</timestamp>
			</report>
			<report>
				<misses>41300000</misses>
				<total>2</total>
				<timestamp>826.114556</timestamp>
			</report>
			<report>
				<misses>41400000</misses>
				<total>2</total>
				<timestamp>828.114669</timestamp>
			</report>
			<report>
				<misses>41500000</misses>
				<total>2</total>
				<timestamp>830.114796</timestamp>
			</report>
			<report>
				<misses>41600000</misses>
				<total>2</total>
				<timestamp>832.114882</timestamp>
			</report>
			<report>
				<misses>41700000</misses>
				<total>2</total>
				<timestamp>834.115249</timestamp>
			</report>
			<report>
				<misses>41800000</misses>
				<total>2</total>
				<timestamp>836.115858</timestamp>
			</report>
			<report>
				<misses>41900000</misses>
				<total>2</total>
				<timestamp>838.116504</timestamp>
			</report>
			<report>
				<misses>42000000</misses>
				<total>2</total>
				<timestamp>840.117667</timestamp>
			</report>
			<report>
				<misses>42100000</misses>
				<total>2</total>
				<timestamp>842.117772</timestamp>
			</report>
			<report>
				<misses>42200000</misses>
				<total>2</total>
				<timestamp>844.117979</timestamp>
			</report>
			<report>
				<misses>42300000</misses>
				<total>2</total>
				<timestamp>846.118133</timestamp>
			</report>
			<report>
				<misses>42400000</misses>
				<total>2</total>
				<timestamp>848.118287</timestamp>
			</report>
			<report>
				<misses>42500000</misses>
				<total>2</total>
				<timestamp>850.118535</timestamp>
			</report>
			<report>
				<misses>42600000</misses>
				<total>2</total>
				<timestamp>852.118808</timestamp>
			</report>
			<report>
				<misses>42700000</misses>
				<total>2</total>
				<timestamp>854.119027</timestamp>
			</report>
			<report>
				<misses>42800000</misses>
				<total>2</total>
				<timestamp>856.119819</timestamp>
			</report>
			<report>
				<misses>42900000</misses>
				<total>2</total>
				<timestamp>858.120759</timestamp>
			</report>
			<report>
				<misses>43000000</misses>
				<total>2</total>
				<timestamp>860.120858</timestamp>
			</report>
			<report>
				<misses>43100000</misses>
				<total>2</total>
				<timestamp>862.122101</timestamp>
			</report>
			<report>
				<misses>43200000</misses>
				<total>2</total>
				<timestamp>864.122487</timestamp>
			</report>
			<report>
				<misses>43300000</misses>
				<total>2</total>
				<timestamp>866.122638</timestamp>
			</report>
			<report>
				<misses>43400000</misses>
				<total>2</total>
				<timestamp>868.122798</timestamp>
			</report>
			<report>
				<misses>43500000</misses>
				<total>2</total>
				<timestamp>870.122830</timestamp>
			</report>
			<report>
				<misses>43600000</misses>
				<total>2</total>
				<timestamp>872.123002</timestamp>
			</report>
			<report>
				<misses>43700000</misses>
				<total>2</total>
				<timestamp>874.123124</timestamp>
			</report>
			<report>
				<misses>43800000</misses>
				<total>2</total>
				<timestamp>876.123258</timestamp>
			</report>
			<report>
				<misses>43900000</misses>
				<total>2</total>
				<timestamp>878.123336</timestamp>
			</report>
			<report>
				<misses>44000000</misses>
				<total>2</total>
				<timestamp>880.123414</timestamp>
			</report>
			<report>
				<misses>44100000</misses>
				<total>2</total>
				<timestamp>882.124116</timestamp>
			</report>
			<report>
				<misses>44200000</misses>
				<total>2</total>
				<timestamp>884.125461</timestamp>
			</report>
			<report>
				<misses>44300000</misses>
				<total>2</total>
				<timestamp>886.125562</timestamp>
			</report>
			<report>
				<misses>44400000</misses>
				<total>2</total>
				<timestamp>888.125959</timestamp>
			</report>
			<report>
				<misses>44500000</misses>
				<total>2</total>
				<timestamp>890.127096</timestamp>
			</report>
			<report>
				<misses>44600000</misses>
				<total>2</total>
				<timestamp>892.127958</timestamp>
			</report>
			<report>
				<misses>44700000</misses>
				<total>2</total>
				<timestamp>894.129524</timestamp>
			</report>
			<report>
				<misses>44800000</misses>
				<total>2</total>
				<timestamp>896.129780</timestamp>
			</report>
			<report>
				<misses>44900000</misses>
				<total>2</total>
				<timestamp>898.129829</timestamp>
			</report>
			<report>
				<misses>45000000</misses>
				<total>2</total>
				<timestamp>900.129853</timestamp>
			</report>
			<report>
				<misses>45100000</misses>
				<total>2</total>
				<timestamp>902.130043</timestamp>
			</report>
			<report>
				<misses>45200000</misses>
				<total>2</total>
				<timestamp>904.130152</timestamp>
			</report>
			<report>
				<misses>45300000</misses>
				<total>2</total>
				<timestamp>906.130176</timestamp>
			</report>
			<report>
				<misses>45400000</misses>
				<total>2</total>
				<timestamp>908.130214</timestamp>
			</report>
			<report>
				<misses>45500000</misses>
				<total>2</total>
				<timestamp>910.130242</timestamp>
			</report>
			<report>
				<misses>45600000</misses>
				<total>2</total>
				<timestamp>912.130285</timestamp>
			</report>
			<report>
				<misses>45700000</misses>
				<total>2</total>
				<timestamp>914.130313</timestamp>
			</report>
			<report>
				<misses>45800000</misses>
				<total>2</total>
				<timestamp>916.130352</timestamp>
			</report>
			<report>
				<misses>45900000</misses>
				<total>2</total>
				<timestamp>918.130383</timestamp>
			</report>
			<report>
				<misses>46000000</misses>
				<total>2</total>
				<timestamp>920.130461</timestamp>
			</report>
			<report>
				<misses>46100000</misses>
				<total>2</total>
				<timestamp>922.130498</timestamp>
			</report>
			<report>
				<misses>46200000</misses>
				<total>2</total>
				<timestamp>924.130532</timestamp>
			</report>
			<report>
				<misses>46300000</misses>
				<total>2</total>
				<timestamp>926.130664</timestamp>
			</report>
			<report>
				<misses>46400000</misses>
				<total>2</total>
				<timestamp>928.130760</timestamp>
			</report>
			<report>
				<misses>46500000</misses>
				<total>2</total>
				<timestamp>930.130931</timestamp>
			</report>
			<report>
				<misses>46600000</misses>
				<total>2</total>
				<timestamp>932.131013</timestamp>
			</report>
			<report>
				<misses>46700000</misses>
				<total>2</total>
				<timestamp>934.131113</timestamp>
			</report>
			<report>
				<misses>46800000</misses>
				<total>2</total>
				<timestamp>936.131754</timestamp>
			</report>
			<report>
				<misses>46900000</misses>
				<total>2</total>
				<timestamp>938.131962</timestamp>
			</report>
			<report>
				<misses>47000000</misses>
				<total>2</total>
				<timestamp>940.131999</timestamp>
			</report>
			<report>
				<misses>47100000</misses>
				<total>2</total>
				<timestamp>942.132033</timestamp>
			</report>
			<report>
				<misses>47200000</misses>
				<total>2</total>
				<timestamp>944.132598</timestamp>
			</report>
			<report>
				<misses>47300000</misses>
				<total>2</total>
				<timestamp>946.133000</timestamp>
			</report>
			<report>
				<misses>47400000</misses>
				<total>2</total>
				<timestamp>948.134123</timestamp>
			</report>
			<report>
				<misses>47500000</misses>
				<total>2</total>
				<timestamp>950.134168</timestamp>
			</report>
			<report>
				<misses>47600000</misses>
				<total>2</total>
				<timestamp>952.134196</timestamp>
			</report>
			<report>
				<misses>47700000</misses>
				<total>3</total>
				<timestamp>954.134234</timestamp>
			</report>
			<report>
				<misses>47800000</misses>
				<total>3</total>
				<timestamp>956.134288</timestamp>
			</report>
			<report>
				<misses>47900000</misses>
				<total>3</total>
				<timestamp>958.134376</timestamp>
			</report>
			<report>
				<misses>48000000</misses>
				<total>3</total>
				<timestamp>960.134501</timestamp>
			</report>
			<report>
				<misses>48100000</misses>
				<total>3</total>
				<timestamp>962.135852</timestamp>
			</report>
			<report>
				<misses>48200000</misses>
				<total>3</total>
				<timestamp>964.135875</timestamp>
			</report>
			<report>
				<misses>48300000</misses>
				<total>3</total>
				<timestamp>966.137648</timestamp>
			</report>
			<report>
				<misses>48400000</misses>
				<total>3</total>
				<timestamp>968.137703</timestamp>
			</report>
			<report>
				<misses>48500000</misses>
				<total>3</total>
				<timestamp>970.137856</timestamp>
			</report>
			<report>
				<misses>48600000</misses>
				<total>3</total>
				<timestamp>972.137960</timestamp>
			</report>
			<report>
				<misses>48700000</misses>
				<total>3</total>
				<timestamp>974.138386</timestamp>
			</report>
			<report>
				<misses>48800000</misses>
				<total>3</total>
				<timestamp>976.138548</timestamp>
			</report>
			<report>
				<misses>48900000</misses>
				<total>3</total>
				<timestamp>978.138634</timestamp>
			</report>
			<report>
				<misses>49000000</misses>
				<total>3</total>
				<timestamp>980.138756</timestamp>
			</report>
			<report>
				<misses>49100000</misses>
				<total>3</total>
				<timestamp>982.138956</timestamp>
			</report>
			<report>
				<misses>49200000</misses>
				<total>3</total>
				<timestamp>984.139004</timestamp>
			</report>
			<report>
				<misses>49300000</misses>
				<total>3</total>
				<timestamp>986.139582</timestamp>
			</report>
			<report>
				<misses>49400000</misses>
				<total>3</total>
				<timestamp>988.139665</timestamp>
			</report>
			<report>
				<misses>49500000</misses>
				<total>3</total>
				<timestamp>990.139838</timestamp>
			</report>
			<report>
				<misses>49600000</misses>
				<total>3</total>
				<timestamp>992.139941</timestamp>
			</report>
			<report>
				<misses>49700000</misses>
				<total>3</total>
				<timestamp>994.139989</timestamp>
			</report>
			<report>
				<misses>49800000</misses>
				<total>3</total>
				<timestamp>996.140154</timestamp>
			</report>
			<report>
				<misses>49900000</misses>
				<total>3</total>
				<timestamp>998.140307</timestamp>
			</report>
			<report>
				<misses>50000000</misses>
				<total>3</total>
				<timestamp>1000.140405</timestamp>
			</report>
			<report>
				<misses>50100000</misses>
				<total>3</total>
				<timestamp>1002.140448</timestamp>
			</report>
			<report>
				<misses>50200000</misses>
				<total>3</total>
				<timestamp>1004.140484</timestamp>
			</report>
			<report>
				<misses>50300000</misses>
				<total>3</total>
				<timestamp>1006.140526</timestamp>
			</report>
			<report>
				<misses>50400000</misses>
				<total>3</total>
				<timestamp>1008.140643</timestamp>
			</report>
			<report>
				<misses>50500000</misses>
				<total>3</total>
				<timestamp>1010.140937</timestamp>
			</report>
			<report>
				<misses>50600000</misses>
				<total>3</total>
				<timestamp>1012.141088</timestamp>
			</report>
			<report>
				<misses>50700000</misses>
				<total>3</total>
				<timestamp>1014.141520</timestamp>
			</report>
			<report>
				<misses>50800000</misses>
				<total>3</total>
				<timestamp>1016.141580</timestamp>
			</report>
			<report>
				<misses>50900000</misses>
				<total>3</total>
				<timestamp>1018.141670</timestamp>
			</report>
			<report>
				<misses>51000000</misses>
				<total>3</total>
				<timestamp>1020.141774</timestamp>
			</report>
			<report>
				<misses>51100000</misses>
				<total>3</total>
				<timestamp>1022.141928</timestamp>
			</report>
			<report>
				<misses>51200000</misses>
				<total>3</total>
				<timestamp>1024.141967</timestamp>
			</report>
			<report>
				<misses>51300000</misses>
				<total>3</total>
				<timestamp>1026.142252</timestamp>
			</report>
			<report>
				<misses>51400000</misses>
				<total>3</total>
				<timestamp>1028.142879</timestamp>
			</report>
			<report>
				<misses>51500000</misses>
				<total>3</total>
				<timestamp>1030.143107</timestamp>
			</report>
			<report>
				<misses>51600000</misses>
				<total>3</total>
				<timestamp>1032.143710</timestamp>
			</report>
			<report>
				<misses>51700000</misses>
				<total>3</total>
				<timestamp>1034.143760</timestamp>
			</report>
			<report>
				<misses>51800000</misses>
				<total>3</total>
				<timestamp>1036.144644</timestamp>
			</report>
			<report>
				<misses>51900000</misses>
				<total>3</total>
				<timestamp>1038.145972</timestamp>
			</report>
			<report>
				<misses>52000000</misses>
				<total>3</total>
				<timestamp>1040.146118</timestamp>
			</report>
			<report>
				<misses>52100000</misses>
				<total>3</total>
				<timestamp>1042.146259</timestamp>
			</report>
			<report>
				<misses>52200000</misses>
				<total>3</total>
				<timestamp>1044.146307</timestamp>
			</report>
			<report>
				<misses>52300000</misses>
				<total>3</total>
				<timestamp>1046.146420</timestamp>
			</report>
			<report>
				<misses>52400000</misses>
				<total>3</total>
				<timestamp>1048.146526</timestamp>
			</report>
			<report>
				<misses>52500000</misses>
				<total>3</total>
				<timestamp>1050.146558</timestamp>
			</report>
			<report>
				<misses>52600000</misses>
				<total>3</total>
				<timestamp>1052.147200</timestamp>
			</report>
			<report>
				<misses>52700000</misses>
				<total>3</total>
				<timestamp>1054.148189</timestamp>
			</report>
			<report>
				<misses>52800000</misses>
				<total>3</total>
				<timestamp>1056.148952</timestamp>
			</report>
			<report>
				<misses>52900000</misses>
				<total>3</total>
				<timestamp>1058.149099</timestamp>
			</report>
			<report>
				<misses>53000000</misses>
				<total>3</total>
				<timestamp>1060.149142</timestamp>
			</report>
			<report>
				<misses>53100000</misses>
				<total>3</total>
				<timestamp>1062.149396</timestamp>
			</report>
			<report>
				<misses>53200000</misses>
				<total>3</total>
				<timestamp>1064.150304</timestamp>
			</report>
			<report>
				<misses>53300000</misses>
				<total>3</total>
				<timestamp>1066.151419</timestamp>
			</report>
			<report>
				<misses>53400000</misses>
				<total>3</total>
				<timestamp>1068.152236</timestamp>
			</report>
			<report>
				<misses>53500000</misses>
				<total>3</total>
				<timestamp>1070.152285</timestamp>
			</report>
			<report>
				<misses>53600000</misses>
				<total>3</total>
				<timestamp>1072.153129</timestamp>
			</report>
			<report>
				<misses>53700000</misses>
				<total>3</total>
				<timestamp>1074.153435</timestamp>
			</report>
			<report>
				<misses>53800000</misses>
				<total>3</total>
				<timestamp>1076.153568</timestamp>
			</report>
			<report>
				<misses>53900000</misses>
				<total>3</total>
				<timestamp>1078.154077</timestamp>
			</report>
			<report>
				<misses>54000000</misses>
				<total>3</total>
				<timestamp>1080.154498</timestamp>
			</report>
			<report>
				<misses>54100000</misses>
				<total>3</total>
				<timestamp>1082.154767</timestamp>
			</report>
			<report>
				<misses>54200000</misses>
				<total>3</total>
				<timestamp>1084.154894</timestamp>
			</report>
			<report>
				<misses>54300000</misses>
				<total>3</total>
				<timestamp>1086.155041</timestamp>
			</report>
			<report>
				<misses>54400000</misses>
				<total>3</total>
				<timestamp>1088.156526</timestamp>
			</report>
			<report>
				<misses>54500000</misses>
				<total>3</total>
				<timestamp>1090.156626</timestamp>
			</report>
			<report>
				<misses>54600000</misses>
				<total>3</total>
				<timestamp>1092.157039</timestamp>
			</report>
			<report>
				<misses>54700000</misses>
				<total>3</total>
				<timestamp>1094.157353</timestamp>
			</report>
			<report>
				<misses>54800000</misses>
				<total>3</total>
				<timestamp>1096.157405</timestamp>
			</report>
			<report>
				<misses>54900000</misses>
				<total>3</total>
				<timestamp>1098.157587</timestamp>
			</report>
			<report>
				<misses>55000000</misses>
				<total>3</total>
				<timestamp>1100.157755</timestamp>
			</report>
			<report>
				<misses>55100000</misses>
				<total>3</total>
				<timestamp>1102.157903</timestamp>
			</report>
			<report>
				<misses>55200000</misses>
				<total>3</total>
				<timestamp>1104.158182</timestamp>
			</report>
			<report>
				<misses>55300000</misses>
				<total>3</total>
				<timestamp>1106.158485</timestamp>
			</report>
			<report>
				<misses>55400000</misses>
				<total>4</total>
				<timestamp>1108.159209</timestamp>
			</report>
			<report>
				<misses>55500000</misses>
				<total>4</total>
				<timestamp>1110.159447</timestamp>
			</report>
			<report>
				<misses>55600000</misses>
				<total>4</total>
				<timestamp>1112.159531</timestamp>
			</report>
			<report>
				<misses>55700000</misses>
				<total>4</total>
				<timestamp>1114.159607</timestamp>
			</report>
			<report>
				<misses>55800000</misses>
				<total>4</total>
				<timestamp>1116.160104</timestamp>
			</report>
			<report>
				<misses>55900000</misses>
				<total>4</total>
				<timestamp>1118.160490</timestamp>
			</report>
			<report>
				<misses>56000000</misses>
				<total>4</total>
				<timestamp>1120.160652</timestamp>
			</report>
			<report>
				<misses>56100000</misses>
				<total>4</total>
				<timestamp>1122.162378</timestamp>
			</report>
			<report>
				<misses>56200000</misses>
				<total>4</total>
				<timestamp>1124.162626</timestamp>
			</report>
			<report>
				<misses>56300000</misses>
				<total>4</total>
				<timestamp>1126.163670</timestamp>
			</report>
			<report>
				<misses>56400000</misses>
				<total>5</total>
				<timestamp>1128.163693</timestamp>
			</report>
			<report>
				<misses>56500000</misses>
				<total>5</total>
				<timestamp>1130.163784</timestamp>
			</report>
			<report>
				<misses>56600000</misses>
				<total>5</total>
				<timestamp>1132.163809</timestamp>
			</report>
			<report>
				<misses>56700000</misses>
				<total>5</total>
				<timestamp>1134.164042</timestamp>
			</report>
			<report>
				<misses>56800000</misses>
				<total>5</total>
				<timestamp>1136.164068</timestamp>
			</report>
			<report>
				<misses>56900000</misses>
				<total>5</total>
				<timestamp>1138.164095</timestamp>
			</report>
			<report>
				<misses>57000000</misses>
				<total>5</total>
				<timestamp>1140.164200</timestamp>
			</report>
			<report>
				<misses>57100000</misses>
				<total>5</total>
				<timestamp>1142.164357</timestamp>
			</report>
			<report>
				<misses>57200000</misses>
				<total>5</total>
				<timestamp>1144.165141</timestamp>
			</report>
			<report>
				<misses>57300000</misses>
				<total>5</total>
				<timestamp>1146.165325</timestamp>
			</report>
			<report>
				<misses>57400000</misses>
				<total>5</total>
				<timestamp>1148.165449</timestamp>
			</report>
			<report>
				<misses>57500000</misses>
				<total>5</total>
				<timestamp>1150.165592</timestamp>
			</report>
			<report>
				<misses>57600000</misses>
				<total>5</total>
				<timestamp>1152.165681</timestamp>
			</report>
			<report>
				<misses>57700000</misses>
				<total>5</total>
				<timestamp>1154.165813</timestamp>
			</report>
			<report>
				<misses>57800000</misses>
				<total>5</total>
				<timestamp>1156.166506</timestamp>
			</report>
			<report>
				<misses>57900000</misses>
				<total>5</total>
				<timestamp>1158.166598</timestamp>
			</report>
			<report>
				<misses>58000000</misses>
				<total>5</total>
				<timestamp>1160.166677</timestamp>
			</report>
			<report>
				<misses>58100000</misses>
				<total>5</total>
				<timestamp>1162.166712</timestamp>
			</report>
			<report>
				<misses>58200000</misses>
				<total>5</total>
				<timestamp>1164.166743</timestamp>
			</report>
			<report>
				<misses>58300000</misses>
				<total>5</total>
				<timestamp>1166.166824</timestamp>
			</report>
			<report>
				<misses>58400000</misses>
				<total>5</total>
				<timestamp>1168.166931</timestamp>
			</report>
			<report>
				<misses>58500000</misses>
				<total>5</total>
				<timestamp>1170.167067</timestamp>
			</report>
			<report>
				<misses>58600000</misses>
				<total>5</total>
				<timestamp>1172.167193</timestamp>
			</report>
			<report>
				<misses>58700000</misses>
				<total>5</total>
				<timestamp>1174.167713</timestamp>
			</report>
			<report>
				<misses>58800000</misses>
				<total>5</total>
				<timestamp>1176.167741</timestamp>
			</report>
			<report>
				<misses>58900000</misses>
				<total>5</total>
				<timestamp>1178.168044</timestamp>
			</report>
			<report>
				<misses>59000000</misses>
				<total>5</total>
				<timestamp>1180.168210</timestamp>
			</report>
			<report>
				<misses>59100000</misses>
				<total>5</total>
				<timestamp>1182.168469</timestamp>
			</report>
			<report>
				<misses>59200000</misses>
				<total>5</total>
				<timestamp>1184.168589</timestamp>
			</report>
			<report>
				<misses>59300000</misses>
				<total>5</total>
				<timestamp>1186.168737</timestamp>
			</report>
			<report>
				<misses>59400000</misses>
				<total>5</total>
				<timestamp>1188.169157</timestamp>
			</report>
			<report>
				<misses>59500000</misses>
				<total>5</total>
				<timestamp>1190.169312</timestamp>
			</report>
			<report>
				<misses>59600000</misses>
				<total>5</total>
				<timestamp>1192.169415</timestamp>
			</report>
			<report>
				<misses>59700000</misses>
				<total>5</total>
				<timestamp>1194.170208</timestamp>
			</report>
			<report>
				<misses>59800000</misses>
				<total>5</total>
				<timestamp>1196.170434</timestamp>
			</report>
			<report>
				<misses>59900000</misses>
				<total>5</total>
				<timestamp>1198.170642</timestamp>
			</report>
			<report>
				<misses>60000000</misses>
				<total>5</total>
				<timestamp>1200.170973</timestamp>
			</report>
			<report>
				<misses>60100000</misses>
				<total>5</total>
				<timestamp>1202.171372</timestamp>
			</report>
			<report>
				<misses>60200000</misses>
				<total>5</total>
				<timestamp>1204.171415</timestamp>
			</report>
			<report>
				<misses>60300000</misses>
				<total>5</total>
				<timestamp>1206.171582</timestamp>
			</report>
			<report>
				<misses>60400000</misses>
				<total>5</total>
				<timestamp>1208.171803</timestamp>
			</report>
			<report>
				<misses>60500000</misses>
				<total>5</total>
				<timestamp>1210.172017</timestamp>
			</report>
			<report>
				<misses>60600000</misses>
				<total>5</total>
				<timestamp>1212.172890</timestamp>
			</report>
			<report>
				<misses>60700000</misses>
				<total>5</total>
				<timestamp>1214.173338</timestamp>
			</report>
			<report>
				<misses>60800000</misses>
				<total>5</total>
				<timestamp>1216.173535</timestamp>
			</report>
			<report>
				<misses>60900000</misses>
				<total>5</total>
				<timestamp>1218.173735</timestamp>
			</report>
			<report>
				<misses>61000000</misses>
				<total>5</total>
				<timestamp>1220.173998</timestamp>
			</report>
			<report>
				<misses>61100000</misses>
				<total>5</total>
				<timestamp>1222.174577</timestamp>
			</report>
			<report>
				<misses>61200000</misses>
				<total>5</total>
				<timestamp>1224.174661</timestamp>
			</report>
			<report>
				<misses>61300000</misses>
				<total>5</total>
				<timestamp>1226.174872</timestamp>
			</report>
			<report>
				<misses>61400000</misses>
				<total>5</total>
				<timestamp>1228.174909</timestamp>
			</report>
			<report>
				<misses>61500000</misses>
				<total>5</total>
				<timestamp>1230.174950</timestamp>
			</report>
			<report>
				<misses>61600000</misses>
				<total>5</total>
				<timestamp>1232.174975</timestamp>
			</report>
			<report>
				<misses>61700000</misses>
				<total>5</total>
				<timestamp>1234.176108</timestamp>
			</report>
			<report>
				<misses>61800000</misses>
				<total>5</total>
				<timestamp>1236.176571</timestamp>
			</report>
			<report>
				<misses>61900000</misses>
				<total>5</total>
				<timestamp>1238.176950</timestamp>
			</report>
			<report>
				<misses>62000000</misses>
				<total>5</total>
				<timestamp>1240.177024</timestamp>
			</report>
			<report>
				<misses>62100000</misses>
				<total>5</total>
				<timestamp>1242.177244</timestamp>
			</report>
			<report>
				<misses>62200000</misses>
				<total>5</total>
				<timestamp>1244.177387</timestamp>
			</report>
			<report>
				<misses>62300000</misses>
				<total>5</total>
				<timestamp>1246.178038</timestamp>
			</report>
			<report>
				<misses>62400000</misses>
				<total>5</total>
				<timestamp>1248.179052</timestamp>
			</report>
			<report>
				<misses>62500000</misses>
				<total>5</total>
				<timestamp>1250.179135</timestamp>
			</report>
			<report>
				<misses>62600000</misses>
				<total>5</total>
				<timestamp>1252.179189</timestamp>
			</report>
			<report>
				<misses>62700000</misses>
				<total>5</total>
				<timestamp>1254.179334</timestamp>
			</report>
			<report>
				<misses>62800000</misses>
				<total>5</total>
				<timestamp>1256.179475</timestamp>
			</report>
			<report>
				<misses>62900000</misses>
				<total>5</total>
				<timestamp>1258.180114</timestamp>
			</report>
			<report>
				<misses>63000000</misses>
				<total>5</total>
				<timestamp>1260.180418</timestamp>
			</report>
			<report>
				<misses>63100000</misses>
				<total>5</total>
				<timestamp>1262.181362</timestamp>
			</report>
			<report>
				<misses>63200000</misses>
				<total>5</total>
				<timestamp>1264.181679</timestamp>
			</report>
			<report>
				<misses>63300000</misses>
				<total>5</total>
				<timestamp>1266.182042</timestamp>
			</report>
			<report>
				<misses>63400000</misses>
				<total>5</total>
				<timestamp>1268.182073</timestamp>
			</report>
			<report>
				<misses>63500000</misses>
				<total>5</total>
				<timestamp>1270.182729</timestamp>
			</report>
			<report>
				<misses>63600000</misses>
				<total>5</total>
				<timestamp>1272.183535</timestamp>
			</report>
			<report>
				<misses>63700000</misses>
				<total>5</total>
				<timestamp>1274.183956</timestamp>
			</report>
			<report>
				<misses>63800000</misses>
				<total>5</total>
				<timestamp>1276.184357</timestamp>
			</report>
			<report>
				<misses>63900000</misses>
				<total>5</total>
				<timestamp>1278.184633</timestamp>
			</report>
			<report>
				<misses>64000000</misses>
				<total>5</total>
				<timestamp>1280.185217</timestamp>
			</report>
			<report>
				<misses>64100000</misses>
				<total>5</total>
				<timestamp>1282.186101</timestamp>
			</report>
			<report>
				<misses>64200000</misses>
				<total>5</total>
				<timestamp>1284.186348</timestamp>
			</report>
			<report>
				<misses>64300000</misses>
				<total>5</total>
				<timestamp>1286.186754</timestamp>
			</report>
			<report>
				<misses>64400000</misses>
				<total>5</total>
				<timestamp>1288.187052</timestamp>
			</report>
			<report>
				<misses>64500000</misses>
				<total>5</total>
				<timestamp>1290.187138</timestamp>
			</report>
			<report>
				<misses>64600000</misses>
				<total>5</total>
				<timestamp>1292.187220</timestamp>
			</report>
			<report>
				<misses>64700000</misses>
				<total>5</total>
				<timestamp>1294.187439</timestamp>
			</report>
			<report>
				<misses>64800000</misses>
				<total>5</total>
				<timestamp>1296.187992</timestamp>
			</report>
			<report>
				<misses>64900000</misses>
				<total>5</total>
				<timestamp>1298.188076</timestamp>
			</report>
			<report>
				<misses>65000000</misses>
				<total>5</total>
				<timestamp>1300.188166</timestamp>
			</report>
			<report>
				<misses>65100000</misses>
				<total>5</total>
				<timestamp>1302.188255</timestamp>
			</report>
			<report>
				<misses>65200000</misses>
				<total>5</total>
				<timestamp>1304.189298</timestamp>
			</report>
			<report>
				<misses>65300000</misses>
				<total>5</total>
				<timestamp>1306.189494</timestamp>
			</report>
			<report>
				<misses>65400000</misses>
				<total>5</total>
				<timestamp>1308.189566</timestamp>
			</report>
			<report>
				<misses>65500000</misses>
				<total>5</total>
				<timestamp>1310.189735</timestamp>
			</report>
			<report>
				<misses>65600000</misses>
				<total>5</total>
				<timestamp>1312.190035</timestamp>
			</report>
			<report>
				<misses>65700000</misses>
				<total>5</total>
				<timestamp>1314.190316</timestamp>
			</report>
			<report>
				<misses>65800000</misses>
				<total>5</total>
				<timestamp>1316.190558</timestamp>
			</report>
			<report>
				<misses>65900000</misses>
				<total>5</total>
				<timestamp>1318.190876</timestamp>
			</report>
			<report>
				<misses>66000000</misses>
				<total>5</total>
				<timestamp>1320.191059</timestamp>
			</report>
			<report>
				<misses>66100000</misses>
				<total>5</total>
				<timestamp>1322.191121</timestamp>
			</report>
			<report>
				<misses>66200000</misses>
				<total>5</total>
				<timestamp>1324.191683</timestamp>
			</report>
			<report>
				<misses>66300000</misses>
				<total>5</total>
				<timestamp>1326.191719</timestamp>
			</report>
			<report>
				<misses>66400000</misses>
				<total>5</total>
				<timestamp>1328.191762</timestamp>
			</report>
			<report>
				<misses>66500000</misses>
				<total>5</total>
				<timestamp>1330.192089</timestamp>
			</report>
			<report>
				<misses>66600000</misses>
				<total>5</total>
				<timestamp>1332.192146</timestamp>
			</report>
			<report>
				<misses>66700000</misses>
				<total>5</total>
				<timestamp>1334.192370</timestamp>
			</report>
			<report>
				<misses>66800000</misses>
				<total>5</total>
				<timestamp>1336.192478</timestamp>
			</report>
			<report>
				<misses>66900000</misses>
				<total>5</total>
				<timestamp>1338.192533</timestamp>
			</report>
			<report>
				<misses>67000000</misses>
				<total>5</total>
				<timestamp>1340.192734</timestamp>
			</report>
			<report>
				<misses>67100000</misses>
				<total>5</total>
				<timestamp>1342.192840</timestamp>
			</report>
			<report>
				<misses>67200000</misses>
				<total>5</total>
				<timestamp>1344.192961</timestamp>
			</report>
			<report>
				<misses>67300000</misses>
				<total>5</total>
				<timestamp>1346.193169</timestamp>
			</report>
			<report>
				<misses>67400000</misses>
				<total>5</total>
				<timestamp>1348.193288</timestamp>
			</report>
			<report>
				<misses>67500000</misses>
				<total>5</total>
				<timestamp>1350.193383</timestamp>
			</report>
			<report>
				<misses>67600000</misses>
				<total>5</total>
				<timestamp>1352.193663</timestamp>
			</report>
			<report>
				<misses>67700000</misses>
				<total>5</total>
				<timestamp>1354.194066</timestamp>
			</report>
			<report>
				<misses>67800000</misses>
				<total>5</total>
				<timestamp>1356.194128</timestamp>
			</report>
			<report>
				<misses>67900000</misses>
				<total>5</total>
				<timestamp>1358.194264</timestamp>
			</report>
			<report>
				<misses>68000000</misses>
				<total>5</total>
				<timestamp>1360.194375</timestamp>
			</report>
			<report>
				<misses>68100000</misses>
				<total>5</total>
				<timestamp>1362.194583</timestamp>
			</report>
			<report>
				<misses>68200000</misses>
				<total>5</total>
				<timestamp>1364.194623</timestamp>
			</report>
			<report>
				<misses>68300000</misses>
				<total>5</total>
				<timestamp>1366.194676</timestamp>
			</report>
			<report>
				<misses>68400000</misses>
				<total>5</total>
				<timestamp>1368.194856</timestamp>
			</report>
			<report>
				<misses>68500000</misses>
				<total>5</total>
				<timestamp>1370.195129</timestamp>
			</report>
			<report>
				<misses>68600000</misses>
				<total>5</total>
				<timestamp>1372.195302</timestamp>
			</report>
			<report>
				<misses>68700000</misses>
				<total>5</total>
				<timestamp>1374.195477</timestamp>
			</report>
			<report>
				<misses>68800000</misses>
				<total>5</total>
				<timestamp>1376.196405</timestamp>
			</report>
			<report>
				<misses>68900000</misses>
				<total>5</total>
				<timestamp>1378.197085</timestamp>
			</report>
			<report>
				<misses>69000000</misses>
				<total>5</total>
				<timestamp>1380.197457</timestamp>
			</report>
			<report>
				<misses>69100000</misses>
				<total>5</total>
				<timestamp>1382.197631</timestamp>
			</report>
			<report>
				<misses>69200000</misses>
				<total>5</total>
				<timestamp>1384.197702</timestamp>
			</report>
			<report>
				<misses>69300000</misses>
				<total>5</total>
				<timestamp>1386.197819</timestamp>
			</report>
			<report>
				<misses>69400000</misses>
				<total>5</total>
				<timestamp>1388.198186</timestamp>
			</report>
			<report>
				<misses>69500000</misses>
				<total>5</total>
				<timestamp>1390.199212</timestamp>
			</report>
			<report>
				<misses>69600000</misses>
				<total>5</total>
				<timestamp>1392.199522</timestamp>
			</report>
			<report>
				<misses>69700000</misses>
				<total>5</total>
				<timestamp>1394.199581</timestamp>
			</report>
			<report>
				<misses>69800000</misses>
				<total>5</total>
				<timestamp>1396.200515</timestamp>
			</report>
			<report>
				<misses>69900000</misses>
				<total>5</total>
				<timestamp>1398.201165</timestamp>
			</report>
			<report>
				<misses>70000000</misses>
				<total>5</total>
				<timestamp>1400.201647</timestamp>
			</report>
			<report>
				<misses>70100000</misses>
				<total>5</total>
				<timestamp>1402.201751</timestamp>
			</report>
			<report>
				<misses>70200000</misses>
				<total>5</total>
				<timestamp>1404.201909</timestamp>
			</report>
			<report>
				<misses>70300000</misses>
				<total>5</total>
				<timestamp>1406.202590</timestamp>
			</report>
			<report>
				<misses>70400000</misses>
				<total>5</total>
				<timestamp>1408.203126</timestamp>
			</report>
			<report>
				<misses>70500000</misses>
				<total>5</total>
				<timestamp>1410.203359</timestamp>
			</report>
			<report>
				<misses>70600000</misses>
				<total>5</total>
				<timestamp>1412.203418</timestamp>
			</report>
			<report>
				<misses>70700000</misses>
				<total>5</total>
				<timestamp>1414.203672</timestamp>
			</report>
			<report>
				<misses>70800000</misses>
				<total>5</total>
				<timestamp>1416.203703</timestamp>
			</report>
			<report>
				<misses>70900000</misses>
				<total>5</total>
				<timestamp>1418.203740</timestamp>
			</report>
			<report>
				<misses>71000000</misses>
				<total>5</total>
				<timestamp>1420.203843</timestamp>
			</report>
			<report>
				<misses>71100000</misses>
				<total>5</total>
				<timestamp>1422.203930</timestamp>
			</report>
			<report>
				<misses>71200000</misses>
				<total>5</total>
				<timestamp>1424.203993</timestamp>
			</report>
			<report>
				<misses>71300000</misses>
				<total>5</total>
				<timestamp>1426.204869</timestamp>
			</report>
			<report>
				<misses>71400000</misses>
				<total>5</total>
				<timestamp>1428.205782</timestamp>
			</report>
			<report>
				<misses>71500000</misses>
				<total>5</total>
				<timestamp>1430.206007</timestamp>
			</report>
			<report>
				<misses>71600000</misses>
				<total>5</total>
				<timestamp>1432.206159</timestamp>
			</report>
			<report>
				<misses>71700000</misses>
				<total>5</total>
				<timestamp>1434.206192</timestamp>
			</report>
			<report>
				<misses>71800000</misses>
				<total>5</total>
				<timestamp>1436.206238</timestamp>
			</report>
			<report>
				<misses>71900000</misses>
				<total>5</total>
				<timestamp>1438.206428</timestamp>
			</report>
			<report>
				<misses>72000000</misses>
				<total>5</total>
				<timestamp>1440.207374</timestamp>
			</report>
			<report>
				<misses>72100000</misses>
				<total>5</total>
				<timestamp>1442.209119</timestamp>
			</report>
			<report>
				<misses>72200000</misses>
				<total>5</total>
				<timestamp>1444.209637</timestamp>
			</report>
			<report>
				<misses>72300000</misses>
				<total>5</total>
				<timestamp>1446.209746</timestamp>
			</report>
			<report>
				<misses>72400000</misses>
				<total>5</total>
				<timestamp>1448.210013</timestamp>
			</report>
			<report>
				<misses>72500000</misses>
				<total>5</total>
				<timestamp>1450.210250</timestamp>
			</report>
			<report>
				<misses>72600000</misses>
				<total>5</total>
				<timestamp>1452.210382</timestamp>
			</report>
			<report>
				<misses>72700000</misses>
				<total>6</total>
				<timestamp>1454.210424</timestamp>
			</report>
			<report>
				<misses>72800000</misses>
				<total>6</total>
				<timestamp>1456.210553</timestamp>
			</report>
			<report>
				<misses>72900000</misses>
				<total>6</total>
				<timestamp>1458.210577</timestamp>
			</report>
			<report>
				<misses>73000000</misses>
				<total>6</total>
				<timestamp>1460.210615</timestamp>
			</report>
			<report>
				<misses>73100000</misses>
				<total>6</total>
				<timestamp>1462.211069</timestamp>
			</report>
			<report>
				<misses>73200000</misses>
				<total>6</total>
				<timestamp>1464.211168</timestamp>
			</report>
			<report>
				<misses>73300000</misses>
				<total>6</total>
				<timestamp>1466.211479</timestamp>
			</report>
			<report>
				<misses>73400000</misses>
				<total>6</total>
				<timestamp>1468.211575</timestamp>
			</report>
			<report>
				<misses>73500000</misses>
				<total>6</total>
				<timestamp>1470.211621</timestamp>
			</report>
			<report>
				<misses>73600000</misses>
				<total>6</total>
				<timestamp>1472.211661</timestamp>
			</report>
			<report>
				<misses>73700000</misses>
				<total>6</total>
				<timestamp>1474.211796</timestamp>
			</report>
			<report>
				<misses>73800000</misses>
				<total>6</total>
				<timestamp>1476.211912</timestamp>
			</report>
			<report>
				<misses>73900000</misses>
				<total>6</total>
				<timestamp>1478.211997</timestamp>
			</report>
			<report>
				<misses>74000000</misses>
				<total>6</total>
				<timestamp>1480.212062</timestamp>
			</report>
			<report>
				<misses>74100000</misses>
				<total>6</total>
				<timestamp>1482.212110</timestamp>
			</report>
			<report>
				<misses>74200000</misses>
				<total>6</total>
				<timestamp>1484.212188</timestamp>
			</report>
			<report>
				<misses>74300000</misses>
				<total>6</total>
				<timestamp>1486.212224</timestamp>
			</report>
			<report>
				<misses>74400000</misses>
				<total>6</total>
				<timestamp>1488.212511</timestamp>
			</report>
			<report>
				<misses>74500000</misses>
				<total>6</total>
				<timestamp>1490.212822</timestamp>
			</report>
			<report>
				<misses>74600000</misses>
				<total>6</total>
				<timestamp>1492.213011</timestamp>
			</report>
			<report>
				<misses>74700000</misses>
				<total>6</total>
				<timestamp>1494.213031</timestamp>
			</report>
			<report>
				<misses>74800000</misses>
				<total>6</total>
				<timestamp>1496.213151</timestamp>
			</report>
			<report>
				<misses>74900000</misses>
				<total>6</total>
				<timestamp>1498.213499</timestamp>
			</report>
			<report>
				<misses>75000000</misses>
				<total>6</total>
				<timestamp>1500.213715</timestamp>
			</report>
			<report>
				<misses>75100000</misses>
				<total>6</total>
				<timestamp>1502.213824</timestamp>
			</report>
			<report>
				<misses>75200000</misses>
				<total>6</total>
				<timestamp>1504.213862</timestamp>
			</report>
			<report>
				<misses>75300000</misses>
				<total>6</total>
				<timestamp>1506.213885</timestamp>
			</report>
			<report>
				<misses>75400000</misses>
				<total>6</total>
				<timestamp>1508.214392</timestamp>
			</report>
			<report>
				<misses>75500000</misses>
				<total>6</total>
				<timestamp>1510.214434</timestamp>
			</report>
			<report>
				<misses>75600000</misses>
				<total>6</total>
				<timestamp>1512.214885</timestamp>
			</report>
			<report>
				<misses>75700000</misses>
				<total>6</total>
				<timestamp>1514.215010</timestamp>
			</report>
			<report>
				<misses>75800000</misses>
				<total>6</total>
				<timestamp>1516.215178</timestamp>
			</report>
			<report>
				<misses>75900000</misses>
				<total>6</total>
				<timestamp>1518.215404</timestamp>
			</report>
			<report>
				<misses>76000000</misses>
				<total>6</total>
				<timestamp>1520.215609</timestamp>
			</report>
			<report>
				<misses>76100000</misses>
				<total>6</total>
				<timestamp>1522.215742</timestamp>
			</report>
			<report>
				<misses>76200000</misses>
				<total>6</total>
				<timestamp>1524.215904</timestamp>
			</report>
			<report>
				<misses>76300000</misses>
				<total>6</total>
				<timestamp>1526.215959</timestamp>
			</report>
			<report>
				<misses>76400000</misses>
				<total>6</total>
				<timestamp>1528.216047</timestamp>
			</report>
			<report>
				<misses>76500000</misses>
				<total>6</total>
				<timestamp>1530.216331</timestamp>
			</report>
			<report>
				<misses>76600000</misses>
				<total>6</total>
				<timestamp>1532.216409</timestamp>
			</report>
			<report>
				<misses>76700000</misses>
				<total>6</total>
				<timestamp>1534.216577</timestamp>
			</report>
			<report>
				<misses>76800000</misses>
				<total>6</total>
				<timestamp>1536.216794</timestamp>
			</report>
			<report>
				<misses>76900000</misses>
				<total>6</total>
				<timestamp>1538.216870</timestamp>
			</report>
			<report>
				<misses>77000000</misses>
				<total>6</total>
				<timestamp>1540.216887</timestamp>
			</report>
			<report>
				<misses>77100000</misses>
				<total>6</total>
				<timestamp>1542.216918</timestamp>
			</report>
			<report>
				<misses>77200000</misses>
				<total>6</total>
				<timestamp>1544.216956</timestamp>
			</report>
			<report>
				<misses>77300000</misses>
				<total>6</total>
				<timestamp>1546.216993</timestamp>
			</report>
			<report>
				<misses>77400000</misses>
				<total>6</total>
				<timestamp>1548.217037</timestamp>
			</report>
			<report>
				<misses>77500000</misses>
				<total>6</total>
				<timestamp>1550.217125</timestamp>
			</report>
			<report>
				<misses>77600000</misses>
				<total>6</total>
				<timestamp>1552.217275</timestamp>
			</report>
			<report>
				<misses>77700000</misses>
				<total>6</total>
				<timestamp>1554.217404</timestamp>
			</report>
			<report>
				<misses>77800000</misses>
				<total>6</total>
				<timestamp>1556.217474</timestamp>
			</report>
			<report>
				<misses>77900000</misses>
				<total>6</total>
				<timestamp>1558.218238</timestamp>
			</report>
			<report>
				<misses>78000000</misses>
				<total>6</total>
				<timestamp>1560.218290</timestamp>
			</report>
			<report>
				<misses>78100000</misses>
				<total>6</total>
				<timestamp>1562.218324</timestamp>
			</report>
			<report>
				<misses>78200000</misses>
				<total>6</total>
				<timestamp>1564.218361</timestamp>
			</report>
			<report>
				<misses>78300000</misses>
				<total>6</total>
				<timestamp>1566.218539</timestamp>
			</report>
			<report>
				<misses>78400000</misses>
				<total>6</total>
				<timestamp>1568.218624</timestamp>
			</report>
			<report>
				<misses>78500000</misses>
				<total>6</total>
				<timestamp>1570.218819</timestamp>
			</report>
			<report>
				<misses>78600000</misses>
				<total>6</total>
				<timestamp>1572.218963</timestamp>
			</report>
			<report>
				<misses>78700000</misses>
				<total>6</total>
				<timestamp>1574.219674</timestamp>
			</report>
			<report>
				<misses>78800000</misses>
				<total>6</total>
				<timestamp>1576.219691</timestamp>
			</report>
			<report>
				<misses>78900000</misses>
				<total>6</total>
				<timestamp>1578.219740</timestamp>
			</report>
			<report>
				<misses>79000000</misses>
				<total>6</total>
				<timestamp>1580.221694</timestamp>
			</report>
			<report>
				<misses>79100000</misses>
				<total>6</total>
				<timestamp>1582.222127</timestamp>
			</report>
			<report>
				<misses>79200000</misses>
				<total>6</total>
				<timestamp>1584.222239</timestamp>
			</report>
			<report>
				<misses>79300000</misses>
				<total>6</total>
				<timestamp>1586.223451</timestamp>
			</report>
			<report>
				<misses>79400000</misses>
				<total>6</total>
				<timestamp>1588.224195</timestamp>
			</report>
			<report>
				<misses>79500000</misses>
				<total>6</total>
				<timestamp>1590.224251</timestamp>
			</report>
			<report>
				<misses>79600000</misses>
				<total>6</total>
				<timestamp>1592.224278</timestamp>
			</report>
			<report>
				<misses>79700000</misses>
				<total>6</total>
				<timestamp>1594.224758</timestamp>
			</report>
			<report>
				<misses>79800000</misses>
				<total>6</total>
				<timestamp>1596.226677</timestamp>
			</report>
			<report>
				<misses>79900000</misses>
				<total>6</total>
				<timestamp>1598.226983</timestamp>
			</report>
			<report>
				<misses>80000000</misses>
				<total>6</total>
				<timestamp>1600.227161</timestamp>
			</report>
			<report>
				<misses>80100000</misses>
				<total>6</total>
				<timestamp>1602.227225</timestamp>
			</report>
			<report>
				<misses>80200000</misses>
				<total>6</total>
				<timestamp>1604.227455</timestamp>
			</report>
			<report>
				<misses>80300000</misses>
				<total>6</total>
				<timestamp>1606.227841</timestamp>
			</report>
			<report>
				<misses>80400000</misses>
				<total>6</total>
				<timestamp>1608.228214</timestamp>
			</report>
			<report>
				<misses>80500000</misses>
				<total>6</total>
				<timestamp>1610.228820</timestamp>
			</report>
			<report>
				<misses>80600000</misses>
				<total>6</total>
				<timestamp>1612.228924</timestamp>
			</report>
			<report>
				<misses>80700000</misses>
				<total>6</total>
				<timestamp>1614.229210</timestamp>
			</report>
			<report>
				<misses>80800000</misses>
				<total>6</total>
				<timestamp>1616.229644</timestamp>
			</report>
			<report>
				<misses>80900000</misses>
				<total>6</total>
				<timestamp>1618.229891</timestamp>
			</report>
			<report>
				<misses>81000000</misses>
				<total>6</total>
				<timestamp>1620.230100</timestamp>
			</report>
			<report>
				<misses>81100000</misses>
				<total>6</total>
				<timestamp>1622.230222</timestamp>
			</report>
			<report>
				<misses>81200000</misses>
				<total>6</total>
				<timestamp>1624.231028</timestamp>
			</report>
			<report>
				<misses>81300000</misses>
				<total>6</total>
				<timestamp>1626.231231</timestamp>
			</report>
			<report>
				<misses>81400000</misses>
				<total>6</total>
				<timestamp>1628.231302</timestamp>
			</report>
			<report>
				<misses>81500000</misses>
				<total>6</total>
				<timestamp>1630.231380</timestamp>
			</report>
			<report>
				<misses>81600000</misses>
				<total>6</total>
				<timestamp>1632.231458</timestamp>
			</report>
			<report>
				<misses>81700000</misses>
				<total>6</total>
				<timestamp>1634.232988</timestamp>
			</report>
			<report>
				<misses>81800000</misses>
				<total>6</total>
				<timestamp>1636.233093</timestamp>
			</report>
			<report>
				<misses>81900000</misses>
				<total>6</total>
				<timestamp>1638.234001</timestamp>
			</report>
			<report>
				<misses>82000000</misses>
				<total>6</total>
				<timestamp>1640.234094</timestamp>
			</report>
			<report>
				<misses>82100000</misses>
				<total>6</total>
				<timestamp>1642.234118</timestamp>
			</report>
			<report>
				<misses>82200000</misses>
				<total>7</total>
				<timestamp>1644.234194</timestamp>
			</report>
			<report>
				<misses>82300000</misses>
				<total>7</total>
				<timestamp>1646.234674</timestamp>
			</report>
			<report>
				<misses>82400000</misses>
				<total>7</total>
				<timestamp>1648.234838</timestamp>
			</report>
			<report>
				<misses>82500000</misses>
				<total>7</total>
				<timestamp>1650.235215</timestamp>
			</report>
			<report>
				<misses>82600000</misses>
				<total>7</total>
				<timestamp>1652.235313</timestamp>
			</report>
			<report>
				<misses>82700000</misses>
				<total>7</total>
				<timestamp>1654.235328</timestamp>
			</report>
			<report>
				<misses>82800000</misses>
				<total>7</total>
				<timestamp>1656.235354</timestamp>
			</report>
			<report>
				<misses>82900000</misses>
				<total>7</total>
				<timestamp>1658.235378</timestamp>
			</report>
			<report>
				<misses>83000000</misses>
				<total>7</total>
				<timestamp>1660.235453</timestamp>
			</report>
			<report>
				<misses>83100000</misses>
				<total>7</total>
				<timestamp>1662.235530</timestamp>
			</report>
			<report>
				<misses>83200000</misses>
				<total>7</total>
				<timestamp>1664.235914</timestamp>
			</report>
			<report>
				<misses>83300000</misses>
				<total>7</total>
				<timestamp>1666.236162</timestamp>
			</report>
			<report>
				<misses>83400000</misses>
				<total>7</total>
				<timestamp>1668.236365</timestamp>
			</report>
			<report>
				<misses>83500000</misses>
				<total>7</total>
				<timestamp>1670.236401</timestamp>
			</report>
			<report>
				<misses>83600000</misses>
				<total>7</total>
				<timestamp>1672.236444</timestamp>
			</report>
			<report>
				<misses>83700000</misses>
				<total>7</total>
				<timestamp>1674.236532</timestamp>
			</report>
			<report>
				<misses>83800000</misses>
				<total>7</total>
				<timestamp>1676.236754</timestamp>
			</report>
			<report>
				<misses>83900000</misses>
				<total>7</total>
				<timestamp>1678.236980</timestamp>
			</report>
			<report>
				<misses>84000000</misses>
				<total>7</total>
				<timestamp>1680.237034</timestamp>
			</report>
			<report>
				<misses>84100000</misses>
				<total>7</total>
				<timestamp>1682.237125</timestamp>
			</report>
			<report>
				<misses>84200000</misses>
				<total>7</total>
				<timestamp>1684.237171</timestamp>
			</report>
			<report>
				<misses>84300000</misses>
				<total>7</total>
				<timestamp>1686.237221</timestamp>
			</report>
			<report>
				<misses>84400000</misses>
				<total>7</total>
				<timestamp>1688.237754</timestamp>
			</report>
			<report>
				<misses>84500000</misses>
				<total>7</total>
				<timestamp>1690.238695</timestamp>
			</report>
			<report>
				<misses>84600000</misses>
				<total>7</total>
				<timestamp>1692.240076</timestamp>
			</report>
			<report>
				<misses>84700000</misses>
				<total>7</total>
				<timestamp>1694.240499</timestamp>
			</report>
			<report>
				<misses>84800000</misses>
				<total>7</total>
				<timestamp>1696.240866</timestamp>
			</report>
			<report>
				<misses>84900000</misses>
				<total>7</total>
				<timestamp>1698.241056</timestamp>
			</report>
			<report>
				<misses>85000000</misses>
				<total>7</total>
				<timestamp>1700.241156</timestamp>
			</report>
			<report>
				<misses>85100000</misses>
				<total>7</total>
				<timestamp>1702.241234</timestamp>
			</report>
			<report>
				<misses>85200000</misses>
				<total>7</total>
				<timestamp>1704.241344</timestamp>
			</report>
			<report>
				<misses>85300000</misses>
				<total>7</total>
				<timestamp>1706.241451</timestamp>
			</report>
			<report>
				<misses>85400000</misses>
				<total>7</total>
				<timestamp>1708.241601</timestamp>
			</report>
			<report>
				<misses>85500000</misses>
				<total>7</total>
				<timestamp>1710.241859</timestamp>
			</report>
			<report>
				<misses>85600000</misses>
				<total>7</total>
				<timestamp>1712.241897</timestamp>
			</report>
			<report>
				<misses>85700000</misses>
				<total>7</total>
				<timestamp>1714.242034</timestamp>
			</report>
			<report>
				<misses>85800000</misses>
				<total>7</total>
				<timestamp>1716.242076</timestamp>
			</report>
			<report>
				<misses>85900000</misses>
				<total>7</total>
				<timestamp>1718.242650</timestamp>
			</report>
			<report>
				<misses>86000000</misses>
				<total>7</total>
				<timestamp>1720.242857</timestamp>
			</report>
			<report>
				<misses>86100000</misses>
				<total>7</total>
				<timestamp>1722.243600</timestamp>
			</report>
			<report>
				<misses>86200000</misses>
				<total>7</total>
				<timestamp>1724.243644</timestamp>
			</report>
			<report>
				<misses>86300000</misses>
				<total>7</total>
				<timestamp>1726.243867</timestamp>
			</report>
			<report>
				<misses>86400000</misses>
				<total>7</total>
				<timestamp>1728.244002</timestamp>
			</report>
			<report>
				<misses>86500000</misses>
				<total>7</total>
				<timestamp>1730.244064</timestamp>
			</report>
			<report>
				<misses>86600000</misses>
				<total>7</total>
				<timestamp>1732.244611</timestamp>
			</report>
			<report>
				<misses>86700000</misses>
				<total>7</total>
				<timestamp>1734.244779</timestamp>
			</report>
			<report>
				<misses>86800000</misses>
				<total>7</total>
				<timestamp>1736.244867</timestamp>
			</report>
			<report>
				<misses>86900000</misses>
				<total>7</total>
				<timestamp>1738.245061</timestamp>
			</report>
			<report>
				<misses>87000000</misses>
				<total>7</total>
				<timestamp>1740.245477</timestamp>
			</report>
			<report>
				<misses>87100000</misses>
				<total>7</total>
				<timestamp>1742.246144</timestamp>
			</report>
			<report>
				<misses>87200000</misses>
				<total>7</total>
				<timestamp>1744.246680</timestamp>
			</report>
			<report>
				<misses>87300000</misses>
				<total>7</total>
				<timestamp>1746.247079</timestamp>
			</report>
			<report>
				<misses>87400000</misses>
				<total>7</total>
				<timestamp>1748.247229</timestamp>
			</report>
			<report>
				<misses>87500000</misses>
				<total>7</total>
				<timestamp>1750.247883</timestamp>
			</report>
			<report>
				<misses>87600000</misses>
				<total>7</total>
				<timestamp>1752.247920</timestamp>
			</report>
			<report>
				<misses>87700000</misses>
				<total>7</total>
				<timestamp>1754.248057</timestamp>
			</report>
			<report>
				<misses>87800000</misses>
				<total>7</total>
				<timestamp>1756.248843</timestamp>
			</report>
			<report>
				<misses>87900000</misses>
				<total>7</total>
				<timestamp>1758.249494</timestamp>
			</report>
			<report>
				<misses>88000000</misses>
				<total>7</total>
				<timestamp>1760.249763</timestamp>
			</report>
			<report>
				<misses>88100000</misses>
				<total>7</total>
				<timestamp>1762.250324</timestamp>
			</report>
			<report>
				<misses>88200000</misses>
				<total>7</total>
				<timestamp>1764.251333</timestamp>
			</report>
			<report>
				<misses>88300000</misses>
				<total>7</total>
				<timestamp>1766.251902</timestamp>
			</report>
			<report>
				<misses>88400000</misses>
				<total>7</total>
				<timestamp>1768.252112</timestamp>
			</report>
			<report>
				<misses>88500000</misses>
				<total>7</total>
				<timestamp>1770.252173</timestamp>
			</report>
			<report>
				<misses>88600000</misses>
				<total>7</total>
				<timestamp>1772.252290</timestamp>
			</report>
			<report>
				<misses>88700000</misses>
				<total>7</total>
				<timestamp>1774.252389</timestamp>
			</report>
			<report>
				<misses>88800000</misses>
				<total>7</total>
				<timestamp>1776.252437</timestamp>
			</report>
			<report>
				<misses>88900000</misses>
				<total>7</total>
				<timestamp>1778.252658</timestamp>
			</report>
			<report>
				<misses>89000000</misses>
				<total>7</total>
				<timestamp>1780.252917</timestamp>
			</report>
			<report>
				<misses>89100000</misses>
				<total>7</total>
				<timestamp>1782.253403</timestamp>
			</report>
			<report>
				<misses>89200000</misses>
				<total>7</total>
				<timestamp>1784.253795</timestamp>
			</report>
			<report>
				<misses>89300000</misses>
				<total>7</total>
				<timestamp>1786.253896</timestamp>
			</report>
			<report>
				<misses>89400000</misses>
				<total>7</total>
				<timestamp>1788.253979</timestamp>
			</report>
			<report>
				<misses>89500000</misses>
				<total>7</total>
				<timestamp>1790.254088</timestamp>
			</report>
			<report>
				<misses>89600000</misses>
				<total>7</total>
				<timestamp>1792.254183</timestamp>
			</report>
			<report>
				<misses>89700000</misses>
				<total>7</total>
				<timestamp>1794.254272</timestamp>
			</report>
			<report>
				<misses>89800000</misses>
				<total>7</total>
				<timestamp>1796.254335</timestamp>
			</report>
			<report>
				<misses>89900000</misses>
				<total>7</total>
				<timestamp>1798.254524</timestamp>
			</report>
			<report>
				<misses>90000000</misses>
				<total>7</total>
				<timestamp>1800.255068</timestamp>
			</report>
			<report>
				<misses>90100000</misses>
				<total>7</total>
				<timestamp>1802.255159</timestamp>
			</report>
			<report>
				<misses>90200000</misses>
				<total>7</total>
				<timestamp>1804.255951</timestamp>
			</report>
			<report>
				<misses>90300000</misses>
				<total>7</total>
				<timestamp>1806.256883</timestamp>
			</report>
			<report>
				<misses>90400000</misses>
				<total>7</total>
				<timestamp>1808.257202</timestamp>
			</report>
			<report>
				<misses>90500000</misses>
				<total>7</total>
				<timestamp>1810.257260</timestamp>
			</report>
			<report>
				<misses>90600000</misses>
				<total>7</total>
				<timestamp>1812.257344</timestamp>
			</report>
			<report>
				<misses>90700000</misses>
				<total>7</total>
				<timestamp>1814.257372</timestamp>
			</report>
			<report>
				<misses>90800000</misses>
				<total>7</total>
				<timestamp>1816.257407</timestamp>
			</report>
			<report>
				<misses>90900000</misses>
				<total>7</total>
				<timestamp>1818.257442</timestamp>
			</report>
			<report>
				<misses>91000000</misses>
				<total>7</total>
				<timestamp>1820.257479</timestamp>
			</report>
			<report>
				<misses>91100000</misses>
				<total>7</total>
				<timestamp>1822.257515</timestamp>
			</report>
			<report>
				<misses>91200000</misses>
				<total>7</total>
				<timestamp>1824.257605</timestamp>
			</report>
			<report>
				<misses>91300000</misses>
				<total>7</total>
				<timestamp>1826.257824</timestamp>
			</report>
			<report>
				<misses>91400000</misses>
				<total>7</total>
				<timestamp>1828.257908</timestamp>
			</report>
			<report>
				<misses>91500000</misses>
				<total>7</total>
				<timestamp>1830.257997</timestamp>
			</report>
			<report>
				<misses>91600000</misses>
				<total>7</total>
				<timestamp>1832.258493</timestamp>
			</report>
			<report>
				<misses>91700000</misses>
				<total>7</total>
				<timestamp>1834.259059</timestamp>
			</report>
			<report>
				<misses>91800000</misses>
				<total>7</total>
				<timestamp>1836.259562</timestamp>
			</report>
			<report>
				<misses>91900000</misses>
				<total>7</total>
				<timestamp>1838.259707</timestamp>
			</report>
			<report>
				<misses>92000000</misses>
				<total>7</total>
				<timestamp>1840.260254</timestamp>
			</report>
			<report>
				<misses>92100000</misses>
				<total>7</total>
				<timestamp>1842.260646</timestamp>
			</report>
			<report>
				<misses>92200000</misses>
				<total>7</total>
				<timestamp>1844.260669</timestamp>
			</report>
			<report>
				<misses>92300000</misses>
				<total>7</total>
				<timestamp>1846.260921</timestamp>
			</report>
			<report>
				<misses>92400000</misses>
				<total>7</total>
				<timestamp>1848.261031</timestamp>
			</report>
			<report>
				<misses>92500000</misses>
				<total>7</total>
				<timestamp>1850.261783</timestamp>
			</report>
			<report>
				<misses>92600000</misses>
				<total>7</total>
				<timestamp>1852.262306</timestamp>
			</report>
			<report>
				<misses>92700000</misses>
				<total>7</total>
				<timestamp>1854.262335</timestamp>
			</report>
			<report>
				<misses>92800000</misses>
				<total>7</total>
				<timestamp>1856.262410</timestamp>
			</report>
			<report>
				<misses>92900000</misses>
				<total>7</total>
				<timestamp>1858.262759</timestamp>
			</report>
			<report>
				<misses>93000000</misses>
				<total>7</total>
				<timestamp>1860.263201</timestamp>
			</report>
			<report>
				<misses>93100000</misses>
				<total>7</total>
				<timestamp>1862.264137</timestamp>
			</report>
			<report>
				<misses>93200000</misses>
				<total>7</total>
				<timestamp>1864.264275</timestamp>
			</report>
			<report>
				<misses>93300000</misses>
				<total>7</total>
				<timestamp>1866.264353</timestamp>
			</report>
			<report>
				<misses>93400000</misses>
				<total>7</total>
				<timestamp>1868.264394</timestamp>
			</report>
			<report>
				<misses>93500000</misses>
				<total>7</total>
				<timestamp>1870.264518</timestamp>
			</report>
			<report>
				<misses>93600000</misses>
				<total>7</total>
				<timestamp>1872.264890</timestamp>
			</report>
			<report>
				<misses>93700000</misses>
				<total>7</total>
				<timestamp>1874.265787</timestamp>
			</report>
			<report>
				<misses>93800000</misses>
				<total>7</total>
				<timestamp>1876.266171</timestamp>
			</report>
			<report>
				<misses>93900000</misses>
				<total>7</total>
				<timestamp>1878.266774</timestamp>
			</report>
			<report>
				<misses>94000000</misses>
				<total>7</total>
				<timestamp>1880.266819</timestamp>
			</report>
			<report>
				<misses>94100000</misses>
				<total>7</total>
				<timestamp>1882.267120</timestamp>
			</report>
			<report>
				<misses>94200000</misses>
				<total>7</total>
				<timestamp>1884.267511</timestamp>
			</report>
			<report>
				<misses>94300000</misses>
				<total>7</total>
				<timestamp>1886.267541</timestamp>
			</report>
			<report>
				<misses>94400000</misses>
				<total>7</total>
				<timestamp>1888.267657</timestamp>
			</report>
			<report>
				<misses>94500000</misses>
				<total>7</total>
				<timestamp>1890.268012</timestamp>
			</report>
			<report>
				<misses>94600000</misses>
				<total>7</total>
				<timestamp>1892.268129</timestamp>
			</report>
			<report>
				<misses>94700000</misses>
				<total>7</total>
				<timestamp>1894.268812</timestamp>
			</report>
			<report>
				<misses>94800000</misses>
				<total>7</total>
				<timestamp>1896.268845</timestamp>
			</report>
			<report>
				<misses>94900000</misses>
				<total>7</total>
				<timestamp>1898.268958</timestamp>
			</report>
			<report>
				<misses>95000000</misses>
				<total>7</total>
				<timestamp>1900.269165</timestamp>
			</report>
			<report>
				<misses>95100000</misses>
				<total>7</total>
				<timestamp>1902.269273</timestamp>
			</report>
			<report>
				<misses>95200000</misses>
				<total>7</total>
				<timestamp>1904.269527</timestamp>
			</report>
			<report>
				<misses>95300000</misses>
				<total>7</total>
				<timestamp>1906.269856</timestamp>
			</report>
			<report>
				<misses>95400000</misses>
				<total>7</total>
				<timestamp>1908.269957</timestamp>
			</report>
			<report>
				<misses>95500000</misses>
				<total>7</total>
				<timestamp>1910.270046</timestamp>
			</report>
			<report>
				<misses>95600000</misses>
				<total>7</total>
				<timestamp>1912.270095</timestamp>
			</report>
			<report>
				<misses>95700000</misses>
				<total>7</total>
				<timestamp>1914.270785</timestamp>
			</report>
			<report>
				<misses>95800000</misses>
				<total>7</total>
				<timestamp>1916.270958</timestamp>
			</report>
			<report>
				<misses>95900000</misses>
				<total>7</total>
				<timestamp>1918.271082</timestamp>
			</report>
			<report>
				<misses>96000000</misses>
				<total>7</total>
				<timestamp>1920.271649</timestamp>
			</report>
			<report>
				<misses>96100000</misses>
				<total>7</total>
				<timestamp>1922.271854</timestamp>
			</report>
			<report>
				<misses>96200000</misses>
				<total>7</total>
				<timestamp>1924.272292</timestamp>
			</report>
			<report>
				<misses>96300000</misses>
				<total>7</total>
				<timestamp>1926.273126</timestamp>
			</report>
			<report>
				<misses>96400000</misses>
				<total>7</total>
				<timestamp>1928.273668</timestamp>
			</report>
			<report>
				<misses>96500000</misses>
				<total>7</total>
				<timestamp>1930.274056</timestamp>
			</report>
			<report>
				<misses>96600000</misses>
				<total>7</total>
				<timestamp>1932.275103</timestamp>
			</report>
			<report>
				<misses>96700000</misses>
				<total>7</total>
				<timestamp>1934.275152</timestamp>
			</report>
			<report>
				<misses>96800000</misses>
				<total>7</total>
				<timestamp>1936.275219</timestamp>
			</report>
			<report>
				<misses>96900000</misses>
				<total>7</total>
				<timestamp>1938.275251</timestamp>
			</report>
			<report>
				<misses>97000000</misses>
				<total>7</total>
				<timestamp>1940.275373</timestamp>
			</report>
			<report>
				<misses>97100000</misses>
				<total>7</total>
				<timestamp>1942.275481</timestamp>
			</report>
			<report>
				<misses>97200000</misses>
				<total>7</total>
				<timestamp>1944.275696</timestamp>
			</report>
			<report>
				<misses>97300000</misses>
				<total>7</total>
				<timestamp>1946.275724</timestamp>
			</report>
			<report>
				<misses>97400000</misses>
				<total>7</total>
				<timestamp>1948.275754</timestamp>
			</report>
			<report>
				<misses>97500000</misses>
				<total>7</total>
				<timestamp>1950.275766</timestamp>
			</report>
			<report>
				<misses>97600000</misses>
				<total>7</total>
				<timestamp>1952.275799</timestamp>
			</report>
			<report>
				<misses>97700000</misses>
				<total>7</total>
				<timestamp>1954.275850</timestamp>
			</report>
			<report>
				<misses>97800000</misses>
				<total>7</total>
				<timestamp>1956.275873</timestamp>
			</report>
			<report>
				<misses>97900000</misses>
				<total>7</total>
				<timestamp>1958.276005</timestamp>
			</report>
			<report>
				<misses>98000000</misses>
				<total>7</total>
				<timestamp>1960.276126</timestamp>
			</report>
			<report>
				<misses>98100000</misses>
				<total>7</total>
				<timestamp>1962.276362</timestamp>
			</report>
			<report>
				<misses>98200000</misses>
				<total>7</total>
				<timestamp>1964.276819</timestamp>
			</report>
			<report>
				<misses>98300000</misses>
				<total>7</total>
				<timestamp>1966.277224</timestamp>
			</report>
			<report>
				<misses>98400000</misses>
				<total>7</total>
				<timestamp>1968.277766</timestamp>
			</report>
			<report>
				<misses>98500000</misses>
				<total>7</total>
				<timestamp>1970.277906</timestamp>
			</report>
			<report>
				<misses>98600000</misses>
				<total>7</total>
				<timestamp>1972.277943</timestamp>
			</report>
			<report>
				<misses>98700000</misses>
				<total>7</total>
				<timestamp>1974.278092</timestamp>
			</report>
			<report>
				<misses>98800000</misses>
				<total>7</total>
				<timestamp>1976.278224</timestamp>
			</report>
			<report>
				<misses>98900000</misses>
				<total>7</total>
				<timestamp>1978.278343</timestamp>
			</report>
			<report>
				<misses>99000000</misses>
				<total>7</total>
				<timestamp>1980.278389</timestamp>
			</report>
			<report>
				<misses>99100000</misses>
				<total>7</total>
				<timestamp>1982.278981</timestamp>
			</report>
			<report>
				<misses>99200000</misses>
				<total>7</total>
				<timestamp>1984.279122</timestamp>
			</report>
			<report>
				<misses>99300000</misses>
				<total>7</total>
				<timestamp>1986.279375</timestamp>
			</report>
			<report>
				<misses>99400000</misses>
				<total>7</total>
				<timestamp>1988.279558</timestamp>
			</report>
			<report>
				<misses>99500000</misses>
				<total>7</total>
				<timestamp>1990.279781</timestamp>
			</report>
			<report>
				<misses>99600000</misses>
				<total>7</total>
				<timestamp>1992.279885</timestamp>
			</report>
			<report>
				<misses>99700000</misses>
				<total>7</total>
				<timestamp>1994.279916</timestamp>
			</report>
			<report>
				<misses>99800000</misses>
				<total>7</total>
				<timestamp>1996.279970</timestamp>
			</report>
			<report>
				<misses>99900000</misses>
				<total>7</total>
				<timestamp>1998.280308</timestamp>
			</report>
			<report>
				<misses>100000000</misses>
				<total>7</total>
				<timestamp>2000.280526</timestamp>
			</report>
			<report>
				<misses>100100000</misses>
				<total>7</total>
				<timestamp>2002.280878</timestamp>
			</report>
			<report>
				<misses>100200000</misses>
				<total>7</total>
				<timestamp>2004.281171</timestamp>
			</report>
			<report>
				<misses>100300000</misses>
				<total>7</total>
				<timestamp>2006.282053</timestamp>
			</report>
			<report>
				<misses>100400000</misses>
				<total>7</total>
				<timestamp>2008.282874</timestamp>
			</report>
			<report>
				<misses>100500000</misses>
				<total>7</total>
				<timestamp>2010.283070</timestamp>
			</report>
			<report>
				<misses>100600000</misses>
				<total>7</total>
				<timestamp>2012.283359</timestamp>
			</report>
			<report>
				<misses>100700000</misses>
				<total>7</total>
				<timestamp>2014.283394</timestamp>
			</report>
			<report>
				<misses>100800000</misses>
				<total>7</total>
				<timestamp>2016.283413</timestamp>
			</report>
			<report>
				<misses>100900000</misses>
				<total>7</total>
				<timestamp>2018.283482</timestamp>
			</report>
			<report>
				<misses>101000000</misses>
				<total>7</total>
				<timestamp>2020.283508</timestamp>
			</report>
			<report>
				<misses>101100000</misses>
				<total>7</total>
				<timestamp>2022.283620</timestamp>
			</report>
			<report>
				<misses>101200000</misses>
				<total>7</total>
				<timestamp>2024.283724</timestamp>
			</report>
			<report>
				<misses>101300000</misses>
				<total>7</total>
				<timestamp>2026.283790</timestamp>
			</report>
			<report>
				<misses>101400000</misses>
				<total>7</total>
				<timestamp>2028.283838</timestamp>
			</report>
			<report>
				<misses>101500000</misses>
				<total>7</total>
				<timestamp>2030.284138</timestamp>
			</report>
			<report>
				<misses>101600000</misses>
				<total>7</total>
				<timestamp>2032.285631</timestamp>
			</report>
			<report>
				<misses>101700000</misses>
				<total>7</total>
				<timestamp>2034.286589</timestamp>
			</report>
			<report>
				<misses>101800000</misses>
				<total>7</total>
				<timestamp>2036.287010</timestamp>
			</report>
			<report>
				<misses>101900000</misses>
				<total>7</total>
				<timestamp>2038.287044</timestamp>
			</report>
			<report>
				<misses>102000000</misses>
				<total>7</total>
				<timestamp>2040.287087</timestamp>
			</report>
			<report>
				<misses>102100000</misses>
				<total>7</total>
				<timestamp>2042.287266</timestamp>
			</report>
			<report>
				<misses>102200000</misses>
				<total>7</total>
				<timestamp>2044.287382</timestamp>
			</report>
			<report>
				<misses>102300000</misses>
				<total>7</total>
				<timestamp>2046.287585</timestamp>
			</report>
			<report>
				<misses>102400000</misses>
				<total>7</total>
				<timestamp>2048.287694</timestamp>
			</report>
			<report>
				<misses>102500000</misses>
				<total>7</total>
				<timestamp>2050.287895</timestamp>
			</report>
			<report>
				<misses>102600000</misses>
				<total>7</total>
				<timestamp>2052.288373</timestamp>
			</report>
			<report>
				<misses>102700000</misses>
				<total>7</total>
				<timestamp>2054.288659</timestamp>
			</report>
			<report>
				<misses>102800000</misses>
				<total>7</total>
				<timestamp>2056.288754</timestamp>
			</report>
			<report>
				<misses>102900000</misses>
				<total>7</total>
				<timestamp>2058.288788</timestamp>
			</report>
			<report>
				<misses>103000000</misses>
				<total>7</total>
				<timestamp>2060.288875</timestamp>
			</report>
			<report>
				<misses>103100000</misses>
				<total>7</total>
				<timestamp>2062.289244</timestamp>
			</report>
			<report>
				<misses>103200000</misses>
				<total>7</total>
				<timestamp>2064.289548</timestamp>
			</report>
			<report>
				<misses>103300000</misses>
				<total>7</total>
				<timestamp>2066.289639</timestamp>
			</report>
			<report>
				<misses>103400000</misses>
				<total>7</total>
				<timestamp>2068.289817</timestamp>
			</report>
			<report>
				<misses>103500000</misses>
				<total>7</total>
				<timestamp>2070.289956</timestamp>
			</report>
			<report>
				<misses>103600000</misses>
				<total>7</total>
				<timestamp>2072.290008</timestamp>
			</report>
			<report>
				<misses>103700000</misses>
				<total>7</total>
				<timestamp>2074.290042</timestamp>
			</report>
			<report>
				<misses>103800000</misses>
				<total>7</total>
				<timestamp>2076.290162</timestamp>
			</report>
			<report>
				<misses>103900000</misses>
				<total>7</total>
				<timestamp>2078.290276</timestamp>
			</report>
			<report>
				<misses>104000000</misses>
				<total>7</total>
				<timestamp>2080.290347</timestamp>
			</report>
			<report>
				<misses>104100000</misses>
				<total>7</total>
				<timestamp>2082.290428</timestamp>
			</report>
			<report>
				<misses>104200000</misses>
				<total>7</total>
				<timestamp>2084.290471</timestamp>
			</report>
			<report>
				<misses>104300000</misses>
				<total>7</total>
				<timestamp>2086.290606</timestamp>
			</report>
			<report>
				<misses>104400000</misses>
				<total>7</total>
				<timestamp>2088.290912</timestamp>
			</report>
			<report>
				<misses>104500000</misses>
				<total>7</total>
				<timestamp>2090.291129</timestamp>
			</report>
			<report>
				<misses>104600000</misses>
				<total>7</total>
				<timestamp>2092.291377</timestamp>
			</report>
			<report>
				<misses>104700000</misses>
				<total>7</total>
				<timestamp>2094.291419</timestamp>
			</report>
			<report>
				<misses>104800000</misses>
				<total>7</total>
				<timestamp>2096.291494</timestamp>
			</report>
			<report>
				<misses>104900000</misses>
				<total>7</total>
				<timestamp>2098.291536</timestamp>
			</report>
			<report>
				<misses>105000000</misses>
				<total>7</total>
				<timestamp>2100.291876</timestamp>
			</report>
			<report>
				<misses>105100000</misses>
				<total>7</total>
				<timestamp>2102.292585</timestamp>
			</report>
			<report>
				<misses>105200000</misses>
				<total>7</total>
				<timestamp>2104.293026</timestamp>
			</report>
			<report>
				<misses>105300000</misses>
				<total>7</total>
				<timestamp>2106.293337</timestamp>
			</report>
			<report>
				<misses>105400000</misses>
				<total>7</total>
				<timestamp>2108.293503</timestamp>
			</report>
			<report>
				<misses>105500000</misses>
				<total>7</total>
				<timestamp>2110.293549</timestamp>
			</report>
			<report>
				<misses>105600000</misses>
				<total>7</total>
				<timestamp>2112.293574</timestamp>
			</report>
			<report>
				<misses>105700000</misses>
				<total>7</total>
				<timestamp>2114.294441</timestamp>
			</report>
			<report>
				<misses>105800000</misses>
				<total>7</total>
				<timestamp>2116.294976</timestamp>
			</report>
			<report>
				<misses>105900000</misses>
				<total>7</total>
				<timestamp>2118.295202</timestamp>
			</report>
			<report>
				<misses>106000000</misses>
				<total>7</total>
				<timestamp>2120.295397</timestamp>
			</report>
			<report>
				<misses>106100000</misses>
				<total>7</total>
				<timestamp>2122.295478</timestamp>
			</report>
			<report>
				<misses>106200000</misses>
				<total>7</total>
				<timestamp>2124.296034</timestamp>
			</report>
			<report>
				<misses>106300000</misses>
				<total>7</total>
				<timestamp>2126.296638</timestamp>
			</report>
			<report>
				<misses>106400000</misses>
				<total>7</total>
				<timestamp>2128.297278</timestamp>
			</report>
			<report>
				<misses>106500000</misses>
				<total>7</total>
				<timestamp>2130.297364</timestamp>
			</report>
			<report>
				<misses>106600000</misses>
				<total>7</total>
				<timestamp>2132.297723</timestamp>
			</report>
			<report>
				<misses>106700000</misses>
				<total>7</total>
				<timestamp>2134.298005</timestamp>
			</report>
			<report>
				<misses>106800000</misses>
				<total>7</total>
				<timestamp>2136.298089</timestamp>
			</report>
			<report>
				<misses>106900000</misses>
				<total>7</total>
				<timestamp>2138.298161</timestamp>
			</report>
			<report>
				<misses>107000000</misses>
				<total>7</total>
				<timestamp>2140.298388</timestamp>
			</report>
			<report>
				<misses>107100000</misses>
				<total>7</total>
				<timestamp>2142.298517</timestamp>
			</report>
			<report>
				<misses>107200000</misses>
				<total>7</total>
				<timestamp>2144.298637</timestamp>
			</report>
			<report>
				<misses>107300000</misses>
				<total>7</total>
				<timestamp>2146.299015</timestamp>
			</report>
			<report>
				<misses>107400000</misses>
				<total>7</total>
				<timestamp>2148.299283</timestamp>
			</report>
			<report>
				<misses>107500000</misses>
				<total>7</total>
				<timestamp>2150.299746</timestamp>
			</report>
			<report>
				<misses>107600000</misses>
				<total>7</total>
				<timestamp>2152.299825</timestamp>
			</report>
			<report>
				<misses>107700000</misses>
				<total>7</total>
				<timestamp>2154.299907</timestamp>
			</report>
			<report>
				<misses>107800000</misses>
				<total>7</total>
				<timestamp>2156.300034</timestamp>
			</report>
			<report>
				<misses>107900000</misses>
				<total>7</total>
				<timestamp>2158.300081</timestamp>
			</report>
			<report>
				<misses>108000000</misses>
				<total>7</total>
				<timestamp>2160.300203</timestamp>
			</report>
			<report>
				<misses>108100000</misses>
				<total>7</total>
				<timestamp>2162.300754</timestamp>
			</report>
			<report>
				<misses>108200000</misses>
				<total>7</total>
				<timestamp>2164.301003</timestamp>
			</report>
			<report>
				<misses>108300000</misses>
				<total>7</total>
				<timestamp>2166.302123</timestamp>
			</report>
			<report>
				<misses>108400000</misses>
				<total>7</total>
				<timestamp>2168.302552</timestamp>
			</report>
			<report>
				<misses>108500000</misses>
				<total>7</total>
				<timestamp>2170.302671</timestamp>
			</report>
			<report>
				<misses>108600000</misses>
				<total>7</total>
				<timestamp>2172.302825</timestamp>
			</report>
			<report>
				<misses>108700000</misses>
				<total>7</total>
				<timestamp>2174.302921</timestamp>
			</report>
			<report>
				<misses>108800000</misses>
				<total>7</total>
				<timestamp>2176.302995</timestamp>
			</report>
			<report>
				<misses>108900000</misses>
				<total>7</total>
				<timestamp>2178.303034</timestamp>
			</report>
			<report>
				<misses>109000000</misses>
				<total>7</total>
				<timestamp>2180.303595</timestamp>
			</report>
			<report>
				<misses>109100000</misses>
				<total>7</total>
				<timestamp>2182.304423</timestamp>
			</report>
			<report>
				<misses>109200000</misses>
				<total>7</total>
				<timestamp>2184.304971</timestamp>
			</report>
			<report>
				<misses>109300000</misses>
				<total>7</total>
				<timestamp>2186.305199</timestamp>
			</report>
			<report>
				<misses>109400000</misses>
				<total>7</total>
				<timestamp>2188.305343</timestamp>
			</report>
			<report>
				<misses>109500000</misses>
				<total>7</total>
				<timestamp>2190.305639</timestamp>
			</report>
			<report>
				<misses>109600000</misses>
				<total>7</total>
				<timestamp>2192.305713</timestamp>
			</report>
			<report>
				<misses>109700000</misses>
				<total>8</total>
				<timestamp>2194.305739</timestamp>
			</report>
			<report>
				<misses>109800000</misses>
				<total>8</total>
				<timestamp>2196.305773</timestamp>
			</report>
			<report>
				<misses>109900000</misses>
				<total>8</total>
				<timestamp>2198.305804</timestamp>
			</report>
			<report>
				<misses>110000000</misses>
				<total>8</total>
				<timestamp>2200.305867</timestamp>
			</report>
			<report>
				<misses>110100000</misses>
				<total>8</total>
				<timestamp>2202.306041</timestamp>
			</report>
			<report>
				<misses>110200000</misses>
				<total>8</total>
				<timestamp>2204.306378</timestamp>
			</report>
			<report>
				<misses>110300000</misses>
				<total>8</total>
				<timestamp>2206.307136</timestamp>
			</report>
			<report>
				<misses>110400000</misses>
				<total>8</total>
				<timestamp>2208.307955</timestamp>
			</report>
			<report>
				<misses>110500000</misses>
				<total>8</total>
				<timestamp>2210.308158</timestamp>
			</report>
			<report>
				<misses>110600000</misses>
				<total>8</total>
				<timestamp>2212.308880</timestamp>
			</report>
			<report>
				<misses>110700000</misses>
				<total>8</total>
				<timestamp>2214.309115</timestamp>
			</report>
			<report>
				<misses>110800000</misses>
				<total>8</total>
				<timestamp>2216.309212</timestamp>
			</report>
			<report>
				<misses>110900000</misses>
				<total>8</total>
				<timestamp>2218.309341</timestamp>
			</report>
			<report>
				<misses>111000000</misses>
				<total>8</total>
				<timestamp>2220.309458</timestamp>
			</report>
			<report>
				<misses>111100000</misses>
				<total>8</total>
				<timestamp>2222.309565</timestamp>
			</report>
			<report>
				<misses>111200000</misses>
				<total>8</total>
				<timestamp>2224.309839</timestamp>
			</report>
			<report>
				<misses>111300000</misses>
				<total>8</total>
				<timestamp>2226.310137</timestamp>
			</report>
			<report>
				<misses>111400000</misses>
				<total>8</total>
				<timestamp>2228.310309</timestamp>
			</report>
			<report>
				<misses>111500000</misses>
				<total>8</total>
				<timestamp>2230.310611</timestamp>
			</report>
			<report>
				<misses>111600000</misses>
				<total>8</total>
				<timestamp>2232.310731</timestamp>
			</report>
			<report>
				<misses>111700000</misses>
				<total>8</total>
				<timestamp>2234.311062</timestamp>
			</report>
			<report>
				<misses>111800000</misses>
				<total>8</total>
				<timestamp>2236.311451</timestamp>
			</report>
			<report>
				<misses>111900000</misses>
				<total>8</total>
				<timestamp>2238.311468</timestamp>
			</report>
			<report>
				<misses>112000000</misses>
				<total>8</total>
				<timestamp>2240.311559</timestamp>
			</report>
			<report>
				<misses>112100000</misses>
				<total>8</total>
				<timestamp>2242.311624</timestamp>
			</report>
			<report>
				<misses>112200000</misses>
				<total>8</total>
				<timestamp>2244.311926</timestamp>
			</report>
			<report>
				<misses>112300000</misses>
				<total>8</total>
				<timestamp>2246.312172</timestamp>
			</report>
			<report>
				<misses>112400000</misses>
				<total>8</total>
				<timestamp>2248.312934</timestamp>
			</report>
			<report>
				<misses>112500000</misses>
				<total>8</total>
				<timestamp>2250.313236</timestamp>
			</report>
			<report>
				<misses>112600000</misses>
				<total>8</total>
				<timestamp>2252.313333</timestamp>
			</report>
			<report>
				<misses>112700000</misses>
				<total>8</total>
				<timestamp>2254.313495</timestamp>
			</report>
			<report>
				<misses>112800000</misses>
				<total>8</total>
				<timestamp>2256.313705</timestamp>
			</report>
			<report>
				<misses>112900000</misses>
				<total>8</total>
				<timestamp>2258.313878</timestamp>
			</report>
			<report>
				<misses>113000000</misses>
				<total>8</total>
				<timestamp>2260.313915</timestamp>
			</report>
			<report>
				<misses>113100000</misses>
				<total>8</total>
				<timestamp>2262.313978</timestamp>
			</report>
			<report>
				<misses>113200000</misses>
				<total>8</total>
				<timestamp>2264.314044</timestamp>
			</report>
			<report>
				<misses>113300000</misses>
				<total>8</total>
				<timestamp>2266.314240</timestamp>
			</report>
			<report>
				<misses>113400000</misses>
				<total>8</total>
				<timestamp>2268.314757</timestamp>
			</report>
			<report>
				<misses>113500000</misses>
				<total>8</total>
				<timestamp>2270.315155</timestamp>
			</report>
			<report>
				<misses>113600000</misses>
				<total>8</total>
				<timestamp>2272.315653</timestamp>
			</report>
			<report>
				<misses>113700000</misses>
				<total>8</total>
				<timestamp>2274.315926</timestamp>
			</report>
			<report>
				<misses>113800000</misses>
				<total>8</total>
				<timestamp>2276.316060</timestamp>
			</report>
			<report>
				<misses>113900000</misses>
				<total>8</total>
				<timestamp>2278.316655</timestamp>
			</report>
			<report>
				<misses>114000000</misses>
				<total>8</total>
				<timestamp>2280.316693</timestamp>
			</report>
			<report>
				<misses>114100000</misses>
				<total>8</total>
				<timestamp>2282.316730</timestamp>
			</report>
			<report>
				<misses>114200000</misses>
				<total>8</total>
				<timestamp>2284.317059</timestamp>
			</report>
			<report>
				<misses>114300000</misses>
				<total>8</total>
				<timestamp>2286.317491</timestamp>
			</report>
			<report>
				<misses>114400000</misses>
				<total>8</total>
				<timestamp>2288.317518</timestamp>
			</report>
			<report>
				<misses>114500000</misses>
				<total>8</total>
				<timestamp>2290.317640</timestamp>
			</report>
			<report>
				<misses>114600000</misses>
				<total>8</total>
				<timestamp>2292.317710</timestamp>
			</report>
			<report>
				<misses>114700000</misses>
				<total>8</total>
				<timestamp>2294.317842</timestamp>
			</report>
			<report>
				<misses>114800000</misses>
				<total>8</total>
				<timestamp>2296.318311</timestamp>
			</report>
			<report>
				<misses>114900000</misses>
				<total>8</total>
				<timestamp>2298.318644</timestamp>
			</report>
			<report>
				<misses>115000000</misses>
				<total>8</total>
				<timestamp>2300.318698</timestamp>
			</report>
			<report>
				<misses>115100000</misses>
				<total>8</total>
				<timestamp>2302.318786</timestamp>
			</report>
			<report>
				<misses>115200000</misses>
				<total>8</total>
				<timestamp>2304.318823</timestamp>
			</report>
			<report>
				<misses>115300000</misses>
				<total>8</total>
				<timestamp>2306.318853</timestamp>
			</report>
			<report>
				<misses>115400000</misses>
				<total>8</total>
				<timestamp>2308.318887</timestamp>
			</report>
			<report>
				<misses>115500000</misses>
				<total>8</total>
				<timestamp>2310.321682</timestamp>
			</report>
			<report>
				<misses>115600000</misses>
				<total>8</total>
				<timestamp>2312.323441</timestamp>
			</report>
			<report>
				<misses>115700000</misses>
				<total>8</total>
				<timestamp>2314.323525</timestamp>
			</report>
			<report>
				<misses>115800000</misses>
				<total>8</total>
				<timestamp>2316.323737</timestamp>
			</report>
			<report>
				<misses>115900000</misses>
				<total>8</total>
				<timestamp>2318.324364</timestamp>
			</report>
			<report>
				<misses>116000000</misses>
				<total>8</total>
				<timestamp>2320.324492</timestamp>
			</report>
			<report>
				<misses>116100000</misses>
				<total>8</total>
				<timestamp>2322.324720</timestamp>
			</report>
			<report>
				<misses>116200000</misses>
				<total>8</total>
				<timestamp>2324.325469</timestamp>
			</report>
			<report>
				<misses>116300000</misses>
				<total>8</total>
				<timestamp>2326.326463</timestamp>
			</report>
			<report>
				<misses>116400000</misses>
				<total>8</total>
				<timestamp>2328.326805</timestamp>
			</report>
			<report>
				<misses>116500000</misses>
				<total>8</total>
				<timestamp>2330.326891</timestamp>
			</report>
			<report>
				<misses>116600000</misses>
				<total>8</total>
				<timestamp>2332.326918</timestamp>
			</report>
			<report>
				<misses>116700000</misses>
				<total>8</total>
				<timestamp>2334.326960</timestamp>
			</report>
			<report>
				<misses>116800000</misses>
				<total>8</total>
				<timestamp>2336.327148</timestamp>
			</report>
			<report>
				<misses>116900000</misses>
				<total>8</total>
				<timestamp>2338.327441</timestamp>
			</report>
			<report>
				<misses>117000000</misses>
				<total>8</total>
				<timestamp>2340.328217</timestamp>
			</report>
			<report>
				<misses>117100000</misses>
				<total>8</total>
				<timestamp>2342.328409</timestamp>
			</report>
			<report>
				<misses>117200000</misses>
				<total>8</total>
				<timestamp>2344.328901</timestamp>
			</report>
			<report>
				<misses>117300000</misses>
				<total>8</total>
				<timestamp>2346.329282</timestamp>
			</report>
			<report>
				<misses>117400000</misses>
				<total>8</total>
				<timestamp>2348.330484</timestamp>
			</report>
			<report>
				<misses>117500000</misses>
				<total>8</total>
				<timestamp>2350.331546</timestamp>
			</report>
			<report>
				<misses>117600000</misses>
				<total>8</total>
				<timestamp>2352.331627</timestamp>
			</report>
			<report>
				<misses>117700000</misses>
				<total>8</total>
				<timestamp>2354.331665</timestamp>
			</report>
			<report>
				<misses>117800000</misses>
				<total>8</total>
				<timestamp>2356.331960</timestamp>
			</report>
			<report>
				<misses>117900000</misses>
				<total>8</total>
				<timestamp>2358.332116</timestamp>
			</report>
			<report>
				<misses>118000000</misses>
				<total>8</total>
				<timestamp>2360.332290</timestamp>
			</report>
			<report>
				<misses>118100000</misses>
				<total>8</total>
				<timestamp>2362.332384</timestamp>
			</report>
			<report>
				<misses>118200000</misses>
				<total>8</total>
				<timestamp>2364.332917</timestamp>
			</report>
			<report>
				<misses>118300000</misses>
				<total>8</total>
				<timestamp>2366.334518</timestamp>
			</report>
			<report>
				<misses>118400000</misses>
				<total>8</total>
				<timestamp>2368.334635</timestamp>
			</report>
			<report>
				<misses>118500000</misses>
				<total>8</total>
				<timestamp>2370.334688</timestamp>
			</report>
			<report>
				<misses>118600000</misses>
				<total>8</total>
				<timestamp>2372.334867</timestamp>
			</report>
			<report>
				<misses>118700000</misses>
				<total>8</total>
				<timestamp>2374.334961</timestamp>
			</report>
			<report>
				<misses>118800000</misses>
				<total>8</total>
				<timestamp>2376.335053</timestamp>
			</report>
			<report>
				<misses>118900000</misses>
				<total>8</total>
				<timestamp>2378.335227</timestamp>
			</report>
			<report>
				<misses>119000000</misses>
				<total>8</total>
				<timestamp>2380.335537</timestamp>
			</report>
			<report>
				<misses>119100000</misses>
				<total>8</total>
				<timestamp>2382.335577</timestamp>
			</report>
			<report>
				<misses>119200000</misses>
				<total>8</total>
				<timestamp>2384.335713</timestamp>
			</report>
			<report>
				<misses>119300000</misses>
				<total>8</total>
				<timestamp>2386.335770</timestamp>
			</report>
			<report>
				<misses>119400000</misses>
				<total>8</total>
				<timestamp>2388.335983</timestamp>
			</report>
			<report>
				<misses>119500000</misses>
				<total>8</total>
				<timestamp>2390.336314</timestamp>
			</report>
			<report>
				<misses>119600000</misses>
				<total>8</total>
				<timestamp>2392.337160</timestamp>
			</report>
			<report>
				<misses>119700000</misses>
				<total>8</total>
				<timestamp>2394.337366</timestamp>
			</report>
			<report>
				<misses>119800000</misses>
				<total>8</total>
				<timestamp>2396.338360</timestamp>
			</report>
			<report>
				<misses>119900000</misses>
				<total>8</total>
				<timestamp>2398.338969</timestamp>
			</report>
			<report>
				<misses>120000000</misses>
				<total>8</total>
				<timestamp>2400.339124</timestamp>
			</report>
			<report>
				<misses>120100000</misses>
				<total>8</total>
				<timestamp>2402.339259</timestamp>
			</report>
			<report>
				<misses>120200000</misses>
				<total>8</total>
				<timestamp>2404.339318</timestamp>
			</report>
			<report>
				<misses>120300000</misses>
				<total>8</total>
				<timestamp>2406.339365</timestamp>
			</report>
			<report>
				<misses>120400000</misses>
				<total>8</total>
				<timestamp>2408.339457</timestamp>
			</report>
			<report>
				<misses>120500000</misses>
				<total>8</total>
				<timestamp>2410.339514</timestamp>
			</report>
			<report>
				<misses>120600000</misses>
				<total>8</total>
				<timestamp>2412.339594</timestamp>
			</report>
			<report>
				<misses>120700000</misses>
				<total>8</total>
				<timestamp>2414.339765</timestamp>
			</report>
			<report>
				<misses>120800000</misses>
				<total>8</total>
				<timestamp>2416.339814</timestamp>
			</report>
			<report>
				<misses>120900000</misses>
				<total>8</total>
				<timestamp>2418.340086</timestamp>
			</report>
			<report>
				<misses>121000000</misses>
				<total>8</total>
				<timestamp>2420.341130</timestamp>
			</report>
			<report>
				<misses>121100000</misses>
				<total>8</total>
				<timestamp>2422.341704</timestamp>
			</report>
			<report>
				<misses>121200000</misses>
				<total>8</total>
				<timestamp>2424.341826</timestamp>
			</report>
			<report>
				<misses>121300000</misses>
				<total>8</total>
				<timestamp>2426.341954</timestamp>
			</report>
			<report>
				<misses>121400000</misses>
				<total>8</total>
				<timestamp>2428.342195</timestamp>
			</report>
			<report>
				<misses>121500000</misses>
				<total>8</total>
				<timestamp>2430.342293</timestamp>
			</report>
			<report>
				<misses>121600000</misses>
				<total>8</total>
				<timestamp>2432.342386</timestamp>
			</report>
			<report>
				<misses>121700000</misses>
				<total>8</total>
				<timestamp>2434.342518</timestamp>
			</report>
			<report>
				<misses>121800000</misses>
				<total>8</total>
				<timestamp>2436.342578</timestamp>
			</report>
			<report>
				<misses>121900000</misses>
				<total>8</total>
				<timestamp>2438.343045</timestamp>
			</report>
			<report>
				<misses>122000000</misses>
				<total>8</total>
				<timestamp>2440.344383</timestamp>
			</report>
			<report>
				<misses>122100000</misses>
				<total>8</total>
				<timestamp>2442.344419</timestamp>
			</report>
			<report>
				<misses>122200000</misses>
				<total>8</total>
				<timestamp>2444.345181</timestamp>
			</report>
			<report>
				<misses>122300000</misses>
				<total>8</total>
				<timestamp>2446.345352</timestamp>
			</report>
			<report>
				<misses>122400000</misses>
				<total>8</total>
				<timestamp>2448.345646</timestamp>
			</report>
			<report>
				<misses>122500000</misses>
				<total>8</total>
				<timestamp>2450.345715</timestamp>
			</report>
			<report>
				<misses>122600000</misses>
				<total>8</total>
				<timestamp>2452.345802</timestamp>
			</report>
			<report>
				<misses>122700000</misses>
				<total>8</total>
				<timestamp>2454.345833</timestamp>
			</report>
			<report>
				<misses>122800000</misses>
				<total>8</total>
				<timestamp>2456.345883</timestamp>
			</report>
			<report>
				<misses>122900000</misses>
				<total>8</total>
				<timestamp>2458.345909</timestamp>
			</report>
			<report>
				<misses>123000000</misses>
				<total>8</total>
				<timestamp>2460.345953</timestamp>
			</report>
			<report>
				<misses>123100000</misses>
				<total>8</total>
				<timestamp>2462.346282</timestamp>
			</report>
			<report>
				<misses>123200000</misses>
				<total>8</total>
				<timestamp>2464.346435</timestamp>
			</report>
			<report>
				<misses>123300000</misses>
				<total>8</total>
				<timestamp>2466.346637</timestamp>
			</report>
			<report>
				<misses>123400000</misses>
				<total>8</total>
				<timestamp>2468.346995</timestamp>
			</report>
			<report>
				<misses>123500000</misses>
				<total>8</total>
				<timestamp>2470.347480</timestamp>
			</report>
			<report>
				<misses>123600000</misses>
				<total>8</total>
				<timestamp>2472.347526</timestamp>
			</report>
			<report>
				<misses>123700000</misses>
				<total>8</total>
				<timestamp>2474.347841</timestamp>
			</report>
			<report>
				<misses>123800000</misses>
				<total>8</total>
				<timestamp>2476.348069</timestamp>
			</report>
			<report>
				<misses>123900000</misses>
				<total>8</total>
				<timestamp>2478.348616</timestamp>
			</report>
			<report>
				<misses>124000000</misses>
				<total>8</total>
				<timestamp>2480.349446</timestamp>
			</report>
			<report>
				<misses>124100000</misses>
				<total>8</total>
				<timestamp>2482.349478</timestamp>
			</report>
			<report>
				<misses>124200000</misses>
				<total>8</total>
				<timestamp>2484.349516</timestamp>
			</report>
			<report>
				<misses>124300000</misses>
				<total>8</total>
				<timestamp>2486.349589</timestamp>
			</report>
			<report>
				<misses>124400000</misses>
				<total>8</total>
				<timestamp>2488.349617</timestamp>
			</report>
			<report>
				<misses>124500000</misses>
				<total>8</total>
				<timestamp>2490.350256</timestamp>
			</report>
			<report>
				<misses>124600000</misses>
				<total>8</total>
				<timestamp>2492.350689</timestamp>
			</report>
			<report>
				<misses>124700000</misses>
				<total>8</total>
				<timestamp>2494.350725</timestamp>
			</report>
			<report>
				<misses>124800000</misses>
				<total>8</total>
				<timestamp>2496.351590</timestamp>
			</report>
			<report>
				<misses>124900000</misses>
				<total>8</total>
				<timestamp>2498.352145</timestamp>
			</report>
			<report>
				<misses>125000000</misses>
				<total>8</total>
				<timestamp>2500.352518</timestamp>
			</report>
			<report>
				<misses>125100000</misses>
				<total>8</total>
				<timestamp>2502.353416</timestamp>
			</report>
			<report>
				<misses>125200000</misses>
				<total>8</total>
				<timestamp>2504.353648</timestamp>
			</report>
			<report>
				<misses>125300000</misses>
				<total>8</total>
				<timestamp>2506.353759</timestamp>
			</report>
			<report>
				<misses>125400000</misses>
				<total>8</total>
				<timestamp>2508.354048</timestamp>
			</report>
			<report>
				<misses>125500000</misses>
				<total>8</total>
				<timestamp>2510.354215</timestamp>
			</report>
			<report>
				<misses>125600000</misses>
				<total>8</total>
				<timestamp>2512.354413</timestamp>
			</report>
			<report>
				<misses>125700000</misses>
				<total>8</total>
				<timestamp>2514.354752</timestamp>
			</report>
			<report>
				<misses>125800000</misses>
				<total>8</total>
				<timestamp>2516.354885</timestamp>
			</report>
			<report>
				<misses>125900000</misses>
				<total>8</total>
				<timestamp>2518.355193</timestamp>
			</report>
			<report>
				<misses>126000000</misses>
				<total>8</total>
				<timestamp>2520.356096</timestamp>
			</report>
			<report>
				<misses>126100000</misses>
				<total>8</total>
				<timestamp>2522.356154</timestamp>
			</report>
			<report>
				<misses>126200000</misses>
				<total>8</total>
				<timestamp>2524.356215</timestamp>
			</report>
			<report>
				<misses>126300000</misses>
				<total>8</total>
				<timestamp>2526.356262</timestamp>
			</report>
			<report>
				<misses>126400000</misses>
				<total>8</total>
				<timestamp>2528.356427</timestamp>
			</report>
			<report>
				<misses>126500000</misses>
				<total>8</total>
				<timestamp>2530.356486</timestamp>
			</report>
			<report>
				<misses>126600000</misses>
				<total>8</total>
				<timestamp>2532.357339</timestamp>
			</report>
			<report>
				<misses>126700000</misses>
				<total>8</total>
				<timestamp>2534.357758</timestamp>
			</report>
			<report>
				<misses>126800000</misses>
				<total>8</total>
				<timestamp>2536.357819</timestamp>
			</report>
			<report>
				<misses>126900000</misses>
				<total>8</total>
				<timestamp>2538.357878</timestamp>
			</report>
			<report>
				<misses>127000000</misses>
				<total>8</total>
				<timestamp>2540.358004</timestamp>
			</report>
			<report>
				<misses>127100000</misses>
				<total>8</total>
				<timestamp>2542.359977</timestamp>
			</report>
			<report>
				<misses>127200000</misses>
				<total>8</total>
				<timestamp>2544.360329</timestamp>
			</report>
			<report>
				<misses>127300000</misses>
				<total>8</total>
				<timestamp>2546.360556</timestamp>
			</report>
			<report>
				<misses>127400000</misses>
				<total>8</total>
				<timestamp>2548.360644</timestamp>
			</report>
			<report>
				<misses>127500000</misses>
				<total>8</total>
				<timestamp>2550.360693</timestamp>
			</report>
			<report>
				<misses>127600000</misses>
				<total>8</total>
				<timestamp>2552.360712</timestamp>
			</report>
			<report>
				<misses>127700000</misses>
				<total>8</total>
				<timestamp>2554.360738</timestamp>
			</report>
			<report>
				<misses>127800000</misses>
				<total>8</total>
				<timestamp>2556.360786</timestamp>
			</report>
			<report>
				<misses>127900000</misses>
				<total>8</total>
				<timestamp>2558.360817</timestamp>
			</report>
			<report>
				<misses>128000000</misses>
				<total>8</total>
				<timestamp>2560.360858</timestamp>
			</report>
			<report>
				<misses>128100000</misses>
				<total>8</total>
				<timestamp>2562.361133</timestamp>
			</report>
			<report>
				<misses>128200000</misses>
				<total>8</total>
				<timestamp>2564.361557</timestamp>
			</report>
			<report>
				<misses>128300000</misses>
				<total>8</total>
				<timestamp>2566.361845</timestamp>
			</report>
			<report>
				<misses>128400000</misses>
				<total>8</total>
				<timestamp>2568.361888</timestamp>
			</report>
			<report>
				<misses>128500000</misses>
				<total>8</total>
				<timestamp>2570.361995</timestamp>
			</report>
			<report>
				<misses>128600000</misses>
				<total>8</total>
				<timestamp>2572.362126</timestamp>
			</report>
			<report>
				<misses>128700000</misses>
				<total>8</total>
				<timestamp>2574.362297</timestamp>
			</report>
			<report>
				<misses>128800000</misses>
				<total>8</total>
				<timestamp>2576.362349</timestamp>
			</report>
			<report>
				<misses>128900000</misses>
				<total>8</total>
				<timestamp>2578.362655</timestamp>
			</report>
			<report>
				<misses>129000000</misses>
				<total>8</total>
				<timestamp>2580.362741</timestamp>
			</report>
			<report>
				<misses>129100000</misses>
				<total>8</total>
				<timestamp>2582.362790</timestamp>
			</report>
			<report>
				<misses>129200000</misses>
				<total>8</total>
				<timestamp>2584.363084</timestamp>
			</report>
			<report>
				<misses>129300000</misses>
				<total>8</total>
				<timestamp>2586.363798</timestamp>
			</report>
			<report>
				<misses>129400000</misses>
				<total>8</total>
				<timestamp>2588.364583</timestamp>
			</report>
			<report>
				<misses>129500000</misses>
				<total>8</total>
				<timestamp>2590.364937</timestamp>
			</report>
			<report>
				<misses>129600000</misses>
				<total>8</total>
				<timestamp>2592.365413</timestamp>
			</report>
			<report>
				<misses>129700000</misses>
				<total>8</total>
				<timestamp>2594.365514</timestamp>
			</report>
			<report>
				<misses>129800000</misses>
				<total>8</total>
				<timestamp>2596.365671</timestamp>
			</report>
			<report>
				<misses>129900000</misses>
				<total>8</total>
				<timestamp>2598.365844</timestamp>
			</report>
			<report>
				<misses>130000000</misses>
				<total>8</total>
				<timestamp>2600.366683</timestamp>
			</report>
			<report>
				<misses>130100000</misses>
				<total>8</total>
				<timestamp>2602.368325</timestamp>
			</report>
			<report>
				<misses>130200000</misses>
				<total>8</total>
				<timestamp>2604.368607</timestamp>
			</report>
			<report>
				<misses>130300000</misses>
				<total>8</total>
				<timestamp>2606.368913</timestamp>
			</report>
			<report>
				<misses>130400000</misses>
				<total>8</total>
				<timestamp>2608.369039</timestamp>
			</report>
			<report>
				<misses>130500000</misses>
				<total>8</total>
				<timestamp>2610.369618</timestamp>
			</report>
			<report>
				<misses>130600000</misses>
				<total>8</total>
				<timestamp>2612.369664</timestamp>
			</report>
			<report>
				<misses>130700000</misses>
				<total>8</total>
				<timestamp>2614.369732</timestamp>
			</report>
			<report>
				<misses>130800000</misses>
				<total>8</total>
				<timestamp>2616.369796</timestamp>
			</report>
			<report>
				<misses>130900000</misses>
				<total>8</total>
				<timestamp>2618.370151</timestamp>
			</report>
			<report>
				<misses>131000000</misses>
				<total>8</total>
				<timestamp>2620.370299</timestamp>
			</report>
			<report>
				<misses>131100000</misses>
				<total>8</total>
				<timestamp>2622.370672</timestamp>
			</report>
			<report>
				<misses>131200000</misses>
				<total>8</total>
				<timestamp>2624.370781</timestamp>
			</report>
			<report>
				<misses>131300000</misses>
				<total>8</total>
				<timestamp>2626.370811</timestamp>
			</report>
			<report>
				<misses>131400000</misses>
				<total>8</total>
				<timestamp>2628.370889</timestamp>
			</report>
			<report>
				<misses>131500000</misses>
				<total>8</total>
				<timestamp>2630.371071</timestamp>
			</report>
			<report>
				<misses>131600000</misses>
				<total>8</total>
				<timestamp>2632.371259</timestamp>
			</report>
			<report>
				<misses>131700000</misses>
				<total>8</total>
				<timestamp>2634.371379</timestamp>
			</report>
			<report>
				<misses>131800000</misses>
				<total>8</total>
				<timestamp>2636.371481</timestamp>
			</report>
			<report>
				<misses>131900000</misses>
				<total>8</total>
				<timestamp>2638.372536</timestamp>
			</report>
			<report>
				<misses>132000000</misses>
				<total>8</total>
				<timestamp>2640.372675</timestamp>
			</report>
			<report>
				<misses>132100000</misses>
				<total>8</total>
				<timestamp>2642.372701</timestamp>
			</report>
			<report>
				<misses>132200000</misses>
				<total>8</total>
				<timestamp>2644.372759</timestamp>
			</report>
			<report>
				<misses>132300000</misses>
				<total>8</total>
				<timestamp>2646.372826</timestamp>
			</report>
			<report>
				<misses>132400000</misses>
				<total>8</total>
				<timestamp>2648.372857</timestamp>
			</report>
			<report>
				<misses>132500000</misses>
				<total>8</total>
				<timestamp>2650.373339</timestamp>
			</report>
			<report>
				<misses>132600000</misses>
				<total>8</total>
				<timestamp>2652.373579</timestamp>
			</report>
			<report>
				<misses>132700000</misses>
				<total>8</total>
				<timestamp>2654.374168</timestamp>
			</report>
			<report>
				<misses>132800000</misses>
				<total>8</total>
				<timestamp>2656.374211</timestamp>
			</report>
			<report>
				<misses>132900000</misses>
				<total>8</total>
				<timestamp>2658.374341</timestamp>
			</report>
			<report>
				<misses>133000000</misses>
				<total>8</total>
				<timestamp>2660.375183</timestamp>
			</report>
			<report>
				<misses>133100000</misses>
				<total>8</total>
				<timestamp>2662.375254</timestamp>
			</report>
			<report>
				<misses>133200000</misses>
				<total>8</total>
				<timestamp>2664.376246</timestamp>
			</report>
			<report>
				<misses>133300000</misses>
				<total>8</total>
				<timestamp>2666.376457</timestamp>
			</report>
			<report>
				<misses>133400000</misses>
				<total>8</total>
				<timestamp>2668.377584</timestamp>
			</report>
			<report>
				<misses>133500000</misses>
				<total>8</total>
				<timestamp>2670.378226</timestamp>
			</report>
			<report>
				<misses>133600000</misses>
				<total>8</total>
				<timestamp>2672.378347</timestamp>
			</report>
			<report>
				<misses>133700000</misses>
				<total>8</total>
				<timestamp>2674.379827</timestamp>
			</report>
			<report>
				<misses>133800000</misses>
				<total>8</total>
				<timestamp>2676.380488</timestamp>
			</report>
			<report>
				<misses>133900000</misses>
				<total>8</total>
				<timestamp>2678.381044</timestamp>
			</report>
			<report>
				<misses>134000000</misses>
				<total>8</total>
				<timestamp>2680.381385</timestamp>
			</report>
			<report>
				<misses>134100000</misses>
				<total>8</total>
				<timestamp>2682.381530</timestamp>
			</report>
			<report>
				<misses>134200000</misses>
				<total>8</total>
				<timestamp>2684.381607</timestamp>
			</report>
			<report>
				<misses>134300000</misses>
				<total>8</total>
				<timestamp>2686.381912</timestamp>
			</report>
			<report>
				<misses>134400000</misses>
				<total>8</total>
				<timestamp>2688.381956</timestamp>
			</report>
			<report>
				<misses>134500000</misses>
				<total>8</total>
				<timestamp>2690.382322</timestamp>
			</report>
			<report>
				<misses>134600000</misses>
				<total>8</total>
				<timestamp>2692.382654</timestamp>
			</report>
			<report>
				<misses>134700000</misses>
				<total>8</total>
				<timestamp>2694.382989</timestamp>
			</report>
			<report>
				<misses>134800000</misses>
				<total>8</total>
				<timestamp>2696.383086</timestamp>
			</report>
			<report>
				<misses>134900000</misses>
				<total>8</total>
				<timestamp>2698.384298</timestamp>
			</report>
			<report>
				<misses>135000000</misses>
				<total>8</total>
				<timestamp>2700.384509</timestamp>
			</report>
			<report>
				<misses>135100000</misses>
				<total>8</total>
				<timestamp>2702.385122</timestamp>
			</report>
			<report>
				<misses>135200000</misses>
				<total>8</total>
				<timestamp>2704.385175</timestamp>
			</report>
			<report>
				<misses>135300000</misses>
				<total>8</total>
				<timestamp>2706.385231</timestamp>
			</report>
			<report>
				<misses>135400000</misses>
				<total>8</total>
				<timestamp>2708.385723</timestamp>
			</report>
			<report>
				<misses>135500000</misses>
				<total>8</total>
				<timestamp>2710.385810</timestamp>
			</report>
			<report>
				<misses>135600000</misses>
				<total>8</total>
				<timestamp>2712.385844</timestamp>
			</report>
			<report>
				<misses>135700000</misses>
				<total>8</total>
				<timestamp>2714.385936</timestamp>
			</report>
			<report>
				<misses>135800000</misses>
				<total>8</total>
				<timestamp>2716.385989</timestamp>
			</report>
			<report>
				<misses>135900000</misses>
				<total>8</total>
				<timestamp>2718.386079</timestamp>
			</report>
			<report>
				<misses>136000000</misses>
				<total>8</total>
				<timestamp>2720.386218</timestamp>
			</report>
			<report>
				<misses>136100000</misses>
				<total>8</total>
				<timestamp>2722.386660</timestamp>
			</report>
			<report>
				<misses>136200000</misses>
				<total>8</total>
				<timestamp>2724.386883</timestamp>
			</report>
			<report>
				<misses>136300000</misses>
				<total>8</total>
				<timestamp>2726.387104</timestamp>
			</report>
			<report>
				<misses>136400000</misses>
				<total>8</total>
				<timestamp>2728.387229</timestamp>
			</report>
			<report>
				<misses>136500000</misses>
				<total>8</total>
				<timestamp>2730.387570</timestamp>
			</report>
			<report>
				<misses>136600000</misses>
				<total>8</total>
				<timestamp>2732.387845</timestamp>
			</report>
			<report>
				<misses>136700000</misses>
				<total>8</total>
				<timestamp>2734.387969</timestamp>
			</report>
			<report>
				<misses>136800000</misses>
				<total>8</total>
				<timestamp>2736.388167</timestamp>
			</report>
			<report>
				<misses>136900000</misses>
				<total>8</total>
				<timestamp>2738.388362</timestamp>
			</report>
			<report>
				<misses>137000000</misses>
				<total>8</total>
				<timestamp>2740.388656</timestamp>
			</report>
			<report>
				<misses>137100000</misses>
				<total>8</total>
				<timestamp>2742.388728</timestamp>
			</report>
			<report>
				<misses>137200000</misses>
				<total>8</total>
				<timestamp>2744.389784</timestamp>
			</report>
			<report>
				<misses>137300000</misses>
				<total>8</total>
				<timestamp>2746.390058</timestamp>
			</report>
			<report>
				<misses>137400000</misses>
				<total>9</total>
				<timestamp>2748.390258</timestamp>
			</report>
			<report>
				<misses>137500000</misses>
				<total>9</total>
				<timestamp>2750.390352</timestamp>
			</report>
			<report>
				<misses>137600000</misses>
				<total>9</total>
				<timestamp>2752.390399</timestamp>
			</report>
			<report>
				<misses>137700000</misses>
				<total>9</total>
				<timestamp>2754.390511</timestamp>
			</report>
			<report>
				<misses>137800000</misses>
				<total>9</total>
				<timestamp>2756.390645</timestamp>
			</report>
			<report>
				<misses>137900000</misses>
				<total>9</total>
				<timestamp>2758.391095</timestamp>
			</report>
			<report>
				<misses>138000000</misses>
				<total>9</total>
				<timestamp>2760.391204</timestamp>
			</report>
			<report>
				<misses>138100000</misses>
				<total>9</total>
				<timestamp>2762.391511</timestamp>
			</report>
			<report>
				<misses>138200000</misses>
				<total>9</total>
				<timestamp>2764.391582</timestamp>
			</report>
			<report>
				<misses>138300000</misses>
				<total>9</total>
				<timestamp>2766.391747</timestamp>
			</report>
			<report>
				<misses>138400000</misses>
				<total>9</total>
				<timestamp>2768.391971</timestamp>
			</report>
			<report>
				<misses>138500000</misses>
				<total>9</total>
				<timestamp>2770.392024</timestamp>
			</report>
			<report>
				<misses>138600000</misses>
				<total>9</total>
				<timestamp>2772.392175</timestamp>
			</report>
			<report>
				<misses>138700000</misses>
				<total>9</total>
				<timestamp>2774.392403</timestamp>
			</report>
			<report>
				<misses>138800000</misses>
				<total>9</total>
				<timestamp>2776.392661</timestamp>
			</report>
			<report>
				<misses>138900000</misses>
				<total>9</total>
				<timestamp>2778.392752</timestamp>
			</report>
			<report>
				<misses>139000000</misses>
				<total>9</total>
				<timestamp>2780.392770</timestamp>
			</report>
			<report>
				<misses>139100000</misses>
				<total>9</total>
				<timestamp>2782.393124</timestamp>
			</report>
			<report>
				<misses>139200000</misses>
				<total>9</total>
				<timestamp>2784.393266</timestamp>
			</report>
			<report>
				<misses>139300000</misses>
				<total>9</total>
				<timestamp>2786.393342</timestamp>
			</report>
			<report>
				<misses>139400000</misses>
				<total>9</total>
				<timestamp>2788.393379</timestamp>
			</report>
			<report>
				<misses>139500000</misses>
				<total>9</total>
				<timestamp>2790.393426</timestamp>
			</report>
			<report>
				<misses>139600000</misses>
				<total>9</total>
				<timestamp>2792.393642</timestamp>
			</report>
			<report>
				<misses>139700000</misses>
				<total>9</total>
				<timestamp>2794.393717</timestamp>
			</report>
			<report>
				<misses>139800000</misses>
				<total>9</total>
				<timestamp>2796.394016</timestamp>
			</report>
			<report>
				<misses>139900000</misses>
				<total>9</total>
				<timestamp>2798.394164</timestamp>
			</report>
			<report>
				<misses>140000000</misses>
				<total>9</total>
				<timestamp>2800.394258</timestamp>
			</report>
			<report>
				<misses>140100000</misses>
				<total>9</total>
				<timestamp>2802.394370</timestamp>
			</report>
			<report>
				<misses>140200000</misses>
				<total>9</total>
				<timestamp>2804.394483</timestamp>
			</report>
			<report>
				<misses>140300000</misses>
				<total>9</total>
				<timestamp>2806.394667</timestamp>
			</report>
			<report>
				<misses>140400000</misses>
				<total>9</total>
				<timestamp>2808.396914</timestamp>
			</report>
			<report>
				<misses>140500000</misses>
				<total>9</total>
				<timestamp>2810.397069</timestamp>
			</report>
			<report>
				<misses>140600000</misses>
				<total>9</total>
				<timestamp>2812.397090</timestamp>
			</report>
			<report>
				<misses>140700000</misses>
				<total>9</total>
				<timestamp>2814.397124</timestamp>
			</report>
			<report>
				<misses>140800000</misses>
				<total>9</total>
				<timestamp>2816.397152</timestamp>
			</report>
			<report>
				<misses>140900000</misses>
				<total>9</total>
				<timestamp>2818.397171</timestamp>
			</report>
			<report>
				<misses>141000000</misses>
				<total>9</total>
				<timestamp>2820.397412</timestamp>
			</report>
			<report>
				<misses>141100000</misses>
				<total>9</total>
				<timestamp>2822.397522</timestamp>
			</report>
			<report>
				<misses>141200000</misses>
				<total>9</total>
				<timestamp>2824.397698</timestamp>
			</report>
			<report>
				<misses>141300000</misses>
				<total>9</total>
				<timestamp>2826.397999</timestamp>
			</report>
			<report>
				<misses>141400000</misses>
				<total>9</total>
				<timestamp>2828.399264</timestamp>
			</report>
			<report>
				<misses>141500000</misses>
				<total>9</total>
				<timestamp>2830.400130</timestamp>
			</report>
			<report>
				<misses>141600000</misses>
				<total>9</total>
				<timestamp>2832.400347</timestamp>
			</report>
			<report>
				<misses>141700000</misses>
				<total>9</total>
				<timestamp>2834.400878</timestamp>
			</report>
			<report>
				<misses>141800000</misses>
				<total>9</total>
				<timestamp>2836.401037</timestamp>
			</report>
			<report>
				<misses>141900000</misses>
				<total>9</total>
				<timestamp>2838.401112</timestamp>
			</report>
			<report>
				<misses>142000000</misses>
				<total>9</total>
				<timestamp>2840.401268</timestamp>
			</report>
			<report>
				<misses>142100000</misses>
				<total>9</total>
				<timestamp>2842.401318</timestamp>
			</report>
			<report>
				<misses>142200000</misses>
				<total>9</total>
				<timestamp>2844.401360</timestamp>
			</report>
			<report>
				<misses>142300000</misses>
				<total>9</total>
				<timestamp>2846.401408</timestamp>
			</report>
			<report>
				<misses>142400000</misses>
				<total>9</total>
				<timestamp>2848.401457</timestamp>
			</report>
			<report>
				<misses>142500000</misses>
				<total>9</total>
				<timestamp>2850.401596</timestamp>
			</report>
			<report>
				<misses>142600000</misses>
				<total>9</total>
				<timestamp>2852.401867</timestamp>
			</report>
			<report>
				<misses>142700000</misses>
				<total>9</total>
				<timestamp>2854.402060</timestamp>
			</report>
			<report>
				<misses>142800000</misses>
				<total>9</total>
				<timestamp>2856.402536</timestamp>
			</report>
			<report>
				<misses>142900000</misses>
				<total>9</total>
				<timestamp>2858.402820</timestamp>
			</report>
			<report>
				<misses>143000000</misses>
				<total>9</total>
				<timestamp>2860.402866</timestamp>
			</report>
			<report>
				<misses>143100000</misses>
				<total>9</total>
				<timestamp>2862.402914</timestamp>
			</report>
			<report>
				<misses>143200000</misses>
				<total>9</total>
				<timestamp>2864.403103</timestamp>
			</report>
			<report>
				<misses>143300000</misses>
				<total>9</total>
				<timestamp>2866.403144</timestamp>
			</report>
			<report>
				<misses>143400000</misses>
				<total>9</total>
				<timestamp>2868.403398</timestamp>
			</report>
			<report>
				<misses>143500000</misses>
				<total>9</total>
				<timestamp>2870.403620</timestamp>
			</report>
			<report>
				<misses>143600000</misses>
				<total>9</total>
				<timestamp>2872.404530</timestamp>
			</report>
			<report>
				<misses>143700000</misses>
				<total>9</total>
				<timestamp>2874.404889</timestamp>
			</report>
			<report>
				<misses>143800000</misses>
				<total>9</total>
				<timestamp>2876.405033</timestamp>
			</report>
			<report>
				<misses>143900000</misses>
				<total>9</total>
				<timestamp>2878.405499</timestamp>
			</report>
			<report>
				<misses>144000000</misses>
				<total>9</total>
				<timestamp>2880.405566</timestamp>
			</report>
			<report>
				<misses>144100000</misses>
				<total>9</total>
				<timestamp>2882.405659</timestamp>
			</report>
			<report>
				<misses>144200000</misses>
				<total>9</total>
				<timestamp>2884.405810</timestamp>
			</report>
			<report>
				<misses>144300000</misses>
				<total>9</total>
				<timestamp>2886.405909</timestamp>
			</report>
			<report>
				<misses>144400000</misses>
				<total>9</total>
				<timestamp>2888.405971</timestamp>
			</report>
			<report>
				<misses>144500000</misses>
				<total>9</total>
				<timestamp>2890.406133</timestamp>
			</report>
			<report>
				<misses>144600000</misses>
				<total>9</total>
				<timestamp>2892.406190</timestamp>
			</report>
			<report>
				<misses>144700000</misses>
				<total>9</total>
				<timestamp>2894.406229</timestamp>
			</report>
			<report>
				<misses>144800000</misses>
				<total>9</total>
				<timestamp>2896.406370</timestamp>
			</report>
			<report>
				<misses>144900000</misses>
				<total>9</total>
				<timestamp>2898.406601</timestamp>
			</report>
			<report>
				<misses>145000000</misses>
				<total>9</total>
				<timestamp>2900.407097</timestamp>
			</report>
			<report>
				<misses>145100000</misses>
				<total>9</total>
				<timestamp>2902.407194</timestamp>
			</report>
			<report>
				<misses>145200000</misses>
				<total>9</total>
				<timestamp>2904.407284</timestamp>
			</report>
			<report>
				<misses>145300000</misses>
				<total>9</total>
				<timestamp>2906.407801</timestamp>
			</report>
			<report>
				<misses>145400000</misses>
				<total>9</total>
				<timestamp>2908.408876</timestamp>
			</report>
			<report>
				<misses>145500000</misses>
				<total>9</total>
				<timestamp>2910.409017</timestamp>
			</report>
			<report>
				<misses>145600000</misses>
				<total>9</total>
				<timestamp>2912.409923</timestamp>
			</report>
			<report>
				<misses>145700000</misses>
				<total>9</total>
				<timestamp>2914.410027</timestamp>
			</report>
			<report>
				<misses>145800000</misses>
				<total>9</total>
				<timestamp>2916.410379</timestamp>
			</report>
			<report>
				<misses>145900000</misses>
				<total>9</total>
				<timestamp>2918.410860</timestamp>
			</report>
			<report>
				<misses>146000000</misses>
				<total>9</total>
				<timestamp>2920.410941</timestamp>
			</report>
			<report>
				<misses>146100000</misses>
				<total>9</total>
				<timestamp>2922.411094</timestamp>
			</report>
			<report>
				<misses>146200000</misses>
				<total>9</total>
				<timestamp>2924.411140</timestamp>
			</report>
			<report>
				<misses>146300000</misses>
				<total>9</total>
				<timestamp>2926.411220</timestamp>
			</report>
			<report>
				<misses>146400000</misses>
				<total>9</total>
				<timestamp>2928.411267</timestamp>
			</report>
			<report>
				<misses>146500000</misses>
				<total>9</total>
				<timestamp>2930.411304</timestamp>
			</report>
			<report>
				<misses>146600000</misses>
				<total>9</total>
				<timestamp>2932.411375</timestamp>
			</report>
			<report>
				<misses>146700000</misses>
				<total>9</total>
				<timestamp>2934.411595</timestamp>
			</report>
			<report>
				<misses>146800000</misses>
				<total>9</total>
				<timestamp>2936.413689</timestamp>
			</report>
			<report>
				<misses>146900000</misses>
				<total>9</total>
				<timestamp>2938.413940</timestamp>
			</report>
			<report>
				<misses>147000000</misses>
				<total>9</total>
				<timestamp>2940.414402</timestamp>
			</report>
			<report>
				<misses>147100000</misses>
				<total>9</total>
				<timestamp>2942.414966</timestamp>
			</report>
			<report>
				<misses>147200000</misses>
				<total>9</total>
				<timestamp>2944.416592</timestamp>
			</report>
			<report>
				<misses>147300000</misses>
				<total>9</total>
				<timestamp>2946.417114</timestamp>
			</report>
			<report>
				<misses>147400000</misses>
				<total>9</total>
				<timestamp>2948.417283</timestamp>
			</report>
			<report>
				<misses>147500000</misses>
				<total>9</total>
				<timestamp>2950.417354</timestamp>
			</report>
			<report>
				<misses>147600000</misses>
				<total>9</total>
				<timestamp>2952.418387</timestamp>
			</report>
			<report>
				<misses>147700000</misses>
				<total>9</total>
				<timestamp>2954.418874</timestamp>
			</report>
			<report>
				<misses>147800000</misses>
				<total>9</total>
				<timestamp>2956.419162</timestamp>
			</report>
			<report>
				<misses>147900000</misses>
				<total>9</total>
				<timestamp>2958.419483</timestamp>
			</report>
			<report>
				<misses>148000000</misses>
				<total>9</total>
				<timestamp>2960.419679</timestamp>
			</report>
			<report>
				<misses>148100000</misses>
				<total>9</total>
				<timestamp>2962.419733</timestamp>
			</report>
			<report>
				<misses>148200000</misses>
				<total>9</total>
				<timestamp>2964.419795</timestamp>
			</report>
			<report>
				<misses>148300000</misses>
				<total>9</total>
				<timestamp>2966.419894</timestamp>
			</report>
			<report>
				<misses>148400000</misses>
				<total>9</total>
				<timestamp>2968.419952</timestamp>
			</report>
			<report>
				<misses>148500000</misses>
				<total>9</total>
				<timestamp>2970.420111</timestamp>
			</report>
			<report>
				<misses>148600000</misses>
				<total>9</total>
				<timestamp>2972.420405</timestamp>
			</report>
			<report>
				<misses>148700000</misses>
				<total>9</total>
				<timestamp>2974.421111</timestamp>
			</report>
			<report>
				<misses>148800000</misses>
				<total>9</total>
				<timestamp>2976.421306</timestamp>
			</report>
			<report>
				<misses>148900000</misses>
				<total>9</total>
				<timestamp>2978.421537</timestamp>
			</report>
			<report>
				<misses>149000000</misses>
				<total>9</total>
				<timestamp>2980.421725</timestamp>
			</report>
			<report>
				<misses>149100000</misses>
				<total>9</total>
				<timestamp>2982.422868</timestamp>
			</report>
			<report>
				<misses>149200000</misses>
				<total>9</total>
				<timestamp>2984.422944</timestamp>
			</report>
			<report>
				<misses>149300000</misses>
				<total>9</total>
				<timestamp>2986.422975</timestamp>
			</report>
			<report>
				<misses>149400000</misses>
				<total>9</total>
				<timestamp>2988.423005</timestamp>
			</report>
			<report>
				<misses>149500000</misses>
				<total>9</total>
				<timestamp>2990.423104</timestamp>
			</report>
			<report>
				<misses>149600000</misses>
				<total>9</total>
				<timestamp>2992.423398</timestamp>
			</report>
			<report>
				<misses>149700000</misses>
				<total>9</total>
				<timestamp>2994.423437</timestamp>
			</report>
			<report>
				<misses>149800000</misses>
				<total>9</total>
				<timestamp>2996.423500</timestamp>
			</report>
			<report>
				<misses>149900000</misses>
				<total>9</total>
				<timestamp>2998.423994</timestamp>
			</report>
			<report>
				<misses>150000000</misses>
				<total>9</total>
				<timestamp>3000.424619</timestamp>
			</report>
			<report>
				<misses>150100000</misses>
				<total>9</total>
				<timestamp>3002.424686</timestamp>
			</report>
			<report>
				<misses>150200000</misses>
				<total>9</total>
				<timestamp>3004.424819</timestamp>
			</report>
			<report>
				<misses>150300000</misses>
				<total>9</total>
				<timestamp>3006.425177</timestamp>
			</report>
			<report>
				<misses>150400000</misses>
				<total>9</total>
				<timestamp>3008.425261</timestamp>
			</report>
			<report>
				<misses>150500000</misses>
				<total>9</total>
				<timestamp>3010.425396</timestamp>
			</report>
			<report>
				<misses>150600000</misses>
				<total>9</total>
				<timestamp>3012.425599</timestamp>
			</report>
			<report>
				<misses>150700000</misses>
				<total>9</total>
				<timestamp>3014.425633</timestamp>
			</report>
			<report>
				<misses>150800000</misses>
				<total>9</total>
				<timestamp>3016.425664</timestamp>
			</report>
			<report>
				<misses>150900000</misses>
				<total>9</total>
				<timestamp>3018.425749</timestamp>
			</report>
			<report>
				<misses>151000000</misses>
				<total>9</total>
				<timestamp>3020.425848</timestamp>
			</report>
			<report>
				<misses>151100000</misses>
				<total>9</total>
				<timestamp>3022.425885</timestamp>
			</report>
			<report>
				<misses>151200000</misses>
				<total>9</total>
				<timestamp>3024.426235</timestamp>
			</report>
			<report>
				<misses>151300000</misses>
				<total>9</total>
				<timestamp>3026.427093</timestamp>
			</report>
			<report>
				<misses>151400000</misses>
				<total>9</total>
				<timestamp>3028.427128</timestamp>
			</report>
			<report>
				<misses>151500000</misses>
				<total>9</total>
				<timestamp>3030.427183</timestamp>
			</report>
			<report>
				<misses>151600000</misses>
				<total>9</total>
				<timestamp>3032.428138</timestamp>
			</report>
			<report>
				<misses>151700000</misses>
				<total>9</total>
				<timestamp>3034.428765</timestamp>
			</report>
			<report>
				<misses>151800000</misses>
				<total>9</total>
				<timestamp>3036.429041</timestamp>
			</report>
			<report>
				<misses>151900000</misses>
				<total>9</total>
				<timestamp>3038.429194</timestamp>
			</report>
			<report>
				<misses>152000000</misses>
				<total>9</total>
				<timestamp>3040.429598</timestamp>
			</report>
			<report>
				<misses>152100000</misses>
				<total>9</total>
				<timestamp>3042.429773</timestamp>
			</report>
			<report>
				<misses>152200000</misses>
				<total>9</total>
				<timestamp>3044.429791</timestamp>
			</report>
			<report>
				<misses>152300000</misses>
				<total>9</total>
				<timestamp>3046.430229</timestamp>
			</report>
			<report>
				<misses>152400000</misses>
				<total>9</total>
				<timestamp>3048.431052</timestamp>
			</report>
			<report>
				<misses>152500000</misses>
				<total>9</total>
				<timestamp>3050.431348</timestamp>
			</report>
			<report>
				<misses>152600000</misses>
				<total>9</total>
				<timestamp>3052.431457</timestamp>
			</report>
			<report>
				<misses>152700000</misses>
				<total>9</total>
				<timestamp>3054.431659</timestamp>
			</report>
			<report>
				<misses>152800000</misses>
				<total>9</total>
				<timestamp>3056.431784</timestamp>
			</report>
			<report>
				<misses>152900000</misses>
				<total>9</total>
				<timestamp>3058.432775</timestamp>
			</report>
			<report>
				<misses>153000000</misses>
				<total>9</total>
				<timestamp>3060.432882</timestamp>
			</report>
			<report>
				<misses>153100000</misses>
				<total>9</total>
				<timestamp>3062.432987</timestamp>
			</report>
			<report>
				<misses>153200000</misses>
				<total>9</total>
				<timestamp>3064.433277</timestamp>
			</report>
			<report>
				<misses>153300000</misses>
				<total>9</total>
				<timestamp>3066.433619</timestamp>
			</report>
			<report>
				<misses>153400000</misses>
				<total>9</total>
				<timestamp>3068.433655</timestamp>
			</report>
			<report>
				<misses>153500000</misses>
				<total>9</total>
				<timestamp>3070.433766</timestamp>
			</report>
			<report>
				<misses>153600000</misses>
				<total>9</total>
				<timestamp>3072.433802</timestamp>
			</report>
			<report>
				<misses>153700000</misses>
				<total>9</total>
				<timestamp>3074.433844</timestamp>
			</report>
			<report>
				<misses>153800000</misses>
				<total>9</total>
				<timestamp>3076.433885</timestamp>
			</report>
			<report>
				<misses>153900000</misses>
				<total>9</total>
				<timestamp>3078.433936</timestamp>
			</report>
			<report>
				<misses>154000000</misses>
				<total>9</total>
				<timestamp>3080.434010</timestamp>
			</report>
			<report>
				<misses>154100000</misses>
				<total>9</total>
				<timestamp>3082.434041</timestamp>
			</report>
			<report>
				<misses>154200000</misses>
				<total>9</total>
				<timestamp>3084.434144</timestamp>
			</report>
			<report>
				<misses>154300000</misses>
				<total>9</total>
				<timestamp>3086.434224</timestamp>
			</report>
			<report>
				<misses>154400000</misses>
				<total>9</total>
				<timestamp>3088.434375</timestamp>
			</report>
			<report>
				<misses>154500000</misses>
				<total>9</total>
				<timestamp>3090.434783</timestamp>
			</report>
			<report>
				<misses>154600000</misses>
				<total>9</total>
				<timestamp>3092.434948</timestamp>
			</report>
			<report>
				<misses>154700000</misses>
				<total>9</total>
				<timestamp>3094.436529</timestamp>
			</report>
			<report>
				<misses>154800000</misses>
				<total>9</total>
				<timestamp>3096.436798</timestamp>
			</report>
			<report>
				<misses>154900000</misses>
				<total>9</total>
				<timestamp>3098.437592</timestamp>
			</report>
			<report>
				<misses>155000000</misses>
				<total>9</total>
				<timestamp>3100.437816</timestamp>
			</report>
			<report>
				<misses>155100000</misses>
				<total>9</total>
				<timestamp>3102.438226</timestamp>
			</report>
			<report>
				<misses>155200000</misses>
				<total>9</total>
				<timestamp>3104.438964</timestamp>
			</report>
			<report>
				<misses>155300000</misses>
				<total>9</total>
				<timestamp>3106.439043</timestamp>
			</report>
			<report>
				<misses>155400000</misses>
				<total>9</total>
				<timestamp>3108.439776</timestamp>
			</report>
			<report>
				<misses>155500000</misses>
				<total>9</total>
				<timestamp>3110.440417</timestamp>
			</report>
			<report>
				<misses>155600000</misses>
				<total>9</total>
				<timestamp>3112.441591</timestamp>
			</report>
			<report>
				<misses>155700000</misses>
				<total>9</total>
				<timestamp>3114.442427</timestamp>
			</report>
			<report>
				<misses>155800000</misses>
				<total>9</total>
				<timestamp>3116.443194</timestamp>
			</report>
			<report>
				<misses>155900000</misses>
				<total>9</total>
				<timestamp>3118.443456</timestamp>
			</report>
			<report>
				<misses>156000000</misses>
				<total>9</total>
				<timestamp>3120.443579</timestamp>
			</report>
			<report>
				<misses>156100000</misses>
				<total>9</total>
				<timestamp>3122.443834</timestamp>
			</report>
			<report>
				<misses>156200000</misses>
				<total>9</total>
				<timestamp>3124.444086</timestamp>
			</report>
			<report>
				<misses>156300000</misses>
				<total>9</total>
				<timestamp>3126.444156</timestamp>
			</report>
			<report>
				<misses>156400000</misses>
				<total>9</total>
				<timestamp>3128.444415</timestamp>
			</report>
			<report>
				<misses>156500000</misses>
				<total>9</total>
				<timestamp>3130.444525</timestamp>
			</report>
			<report>
				<misses>156600000</misses>
				<total>9</total>
				<timestamp>3132.444599</timestamp>
			</report>
			<report>
				<misses>156700000</misses>
				<total>9</total>
				<timestamp>3134.445129</timestamp>
			</report>
			<report>
				<misses>156800000</misses>
				<total>9</total>
				<timestamp>3136.445556</timestamp>
			</report>
			<report>
				<misses>156900000</misses>
				<total>9</total>
				<timestamp>3138.445670</timestamp>
			</report>
			<report>
				<misses>157000000</misses>
				<total>9</total>
				<timestamp>3140.445736</timestamp>
			</report>
			<report>
				<misses>157100000</misses>
				<total>9</total>
				<timestamp>3142.445854</timestamp>
			</report>
			<report>
				<misses>157200000</misses>
				<total>9</total>
				<timestamp>3144.446234</timestamp>
			</report>
			<report>
				<misses>157300000</misses>
				<total>9</total>
				<timestamp>3146.446449</timestamp>
			</report>
			<report>
				<misses>157400000</misses>
				<total>9</total>
				<timestamp>3148.446649</timestamp>
			</report>
			<report>
				<misses>157500000</misses>
				<total>9</total>
				<timestamp>3150.446685</timestamp>
			</report>
			<report>
				<misses>157600000</misses>
				<total>9</total>
				<timestamp>3152.446713</timestamp>
			</report>
			<report>
				<misses>157700000</misses>
				<total>9</total>
				<timestamp>3154.447106</timestamp>
			</report>
			<report>
				<misses>157800000</misses>
				<total>9</total>
				<timestamp>3156.447157</timestamp>
			</report>
			<report>
				<misses>157900000</misses>
				<total>9</total>
				<timestamp>3158.447347</timestamp>
			</report>
			<report>
				<misses>158000000</misses>
				<total>9</total>
				<timestamp>3160.447449</timestamp>
			</report>
			<report>
				<misses>158100000</misses>
				<total>9</total>
				<timestamp>3162.447590</timestamp>
			</report>
			<report>
				<misses>158200000</misses>
				<total>9</total>
				<timestamp>3164.447822</timestamp>
			</report>
			<report>
				<misses>158300000</misses>
				<total>9</total>
				<timestamp>3166.448024</timestamp>
			</report>
			<report>
				<misses>158400000</misses>
				<total>9</total>
				<timestamp>3168.448297</timestamp>
			</report>
			<report>
				<misses>158500000</misses>
				<total>9</total>
				<timestamp>3170.448506</timestamp>
			</report>
			<report>
				<misses>158600000</misses>
				<total>9</total>
				<timestamp>3172.449261</timestamp>
			</report>
			<report>
				<misses>158700000</misses>
				<total>9</total>
				<timestamp>3174.449344</timestamp>
			</report>
			<report>
				<misses>158800000</misses>
				<total>9</total>
				<timestamp>3176.449618</timestamp>
			</report>
			<report>
				<misses>158900000</misses>
				<total>9</total>
				<timestamp>3178.449661</timestamp>
			</report>
			<report>
				<misses>159000000</misses>
				<total>9</total>
				<timestamp>3180.449713</timestamp>
			</report>
			<report>
				<misses>159100000</misses>
				<total>9</total>
				<timestamp>3182.449836</timestamp>
			</report>
			<report>
				<misses>159200000</misses>
				<total>9</total>
				<timestamp>3184.449897</timestamp>
			</report>
			<report>
				<misses>159300000</misses>
				<total>9</total>
				<timestamp>3186.450025</timestamp>
			</report>
			<report>
				<misses>159400000</misses>
				<total>9</total>
				<timestamp>3188.451704</timestamp>
			</report>
			<report>
				<misses>159500000</misses>
				<total>9</total>
				<timestamp>3190.451894</timestamp>
			</report>
			<report>
				<misses>159600000</misses>
				<total>9</total>
				<timestamp>3192.452120</timestamp>
			</report>
			<report>
				<misses>159700000</misses>
				<total>9</total>
				<timestamp>3194.453111</timestamp>
			</report>
			<report>
				<misses>159800000</misses>
				<total>9</total>
				<timestamp>3196.453467</timestamp>
			</report>
			<report>
				<misses>159900000</misses>
				<total>9</total>
				<timestamp>3198.454591</timestamp>
			</report>
			<report>
				<misses>160000000</misses>
				<total>9</total>
				<timestamp>3200.454783</timestamp>
			</report>
			<report>
				<misses>160100000</misses>
				<total>9</total>
				<timestamp>3202.455509</timestamp>
			</report>
			<report>
				<misses>160200000</misses>
				<total>9</total>
				<timestamp>3204.455758</timestamp>
			</report>
			<report>
				<misses>160300000</misses>
				<total>9</total>
				<timestamp>3206.456107</timestamp>
			</report>
			<report>
				<misses>160400000</misses>
				<total>9</total>
				<timestamp>3208.456334</timestamp>
			</report>
			<report>
				<misses>160500000</misses>
				<total>9</total>
				<timestamp>3210.456503</timestamp>
			</report>
			<report>
				<misses>160600000</misses>
				<total>9</total>
				<timestamp>3212.456622</timestamp>
			</report>
			<report>
				<misses>160700000</misses>
				<total>9</total>
				<timestamp>3214.456992</timestamp>
			</report>
			<report>
				<misses>160800000</misses>
				<total>9</total>
				<timestamp>3216.457560</timestamp>
			</report>
			<report>
				<misses>160900000</misses>
				<total>9</total>
				<timestamp>3218.458229</timestamp>
			</report>
			<report>
				<misses>161000000</misses>
				<total>9</total>
				<timestamp>3220.459232</timestamp>
			</report>
			<report>
				<misses>161100000</misses>
				<total>9</total>
				<timestamp>3222.459877</timestamp>
			</report>
			<report>
				<misses>161200000</misses>
				<total>9</total>
				<timestamp>3224.460493</timestamp>
			</report>
			<report>
				<misses>161300000</misses>
				<total>9</total>
				<timestamp>3226.460851</timestamp>
			</report>
			<report>
				<misses>161400000</misses>
				<total>9</total>
				<timestamp>3228.461593</timestamp>
			</report>
			<report>
				<misses>161500000</misses>
				<total>9</total>
				<timestamp>3230.461815</timestamp>
			</report>
			<report>
				<misses>161600000</misses>
				<total>9</total>
				<timestamp>3232.461900</timestamp>
			</report>
			<report>
				<misses>161700000</misses>
				<total>9</total>
				<timestamp>3234.461948</timestamp>
			</report>
			<report>
				<misses>161800000</misses>
				<total>9</total>
				<timestamp>3236.461970</timestamp>
			</report>
			<report>
				<misses>161900000</misses>
				<total>9</total>
				<timestamp>3238.462064</timestamp>
			</report>
			<report>
				<misses>162000000</misses>
				<total>9</total>
				<timestamp>3240.462358</timestamp>
			</report>
			<report>
				<misses>162100000</misses>
				<total>9</total>
				<timestamp>3242.463009</timestamp>
			</report>
			<report>
				<misses>162200000</misses>
				<total>9</total>
				<timestamp>3244.463149</timestamp>
			</report>
			<report>
				<misses>162300000</misses>
				<total>9</total>
				<timestamp>3246.463276</timestamp>
			</report>
			<report>
				<misses>162400000</misses>
				<total>9</total>
				<timestamp>3248.464433</timestamp>
			</report>
			<report>
				<misses>162500000</misses>
				<total>9</total>
				<timestamp>3250.464976</timestamp>
			</report>
			<report>
				<misses>162600000</misses>
				<total>9</total>
				<timestamp>3252.465032</timestamp>
			</report>
			<report>
				<misses>162700000</misses>
				<total>9</total>
				<timestamp>3254.465060</timestamp>
			</report>
			<report>
				<misses>162800000</misses>
				<total>9</total>
				<timestamp>3256.465212</timestamp>
			</report>
			<report>
				<misses>162900000</misses>
				<total>9</total>
				<timestamp>3258.465392</timestamp>
			</report>
			<report>
				<misses>163000000</misses>
				<total>9</total>
				<timestamp>3260.465457</timestamp>
			</report>
			<report>
				<misses>163100000</misses>
				<total>9</total>
				<timestamp>3262.465536</timestamp>
			</report>
			<report>
				<misses>163200000</misses>
				<total>9</total>
				<timestamp>3264.465577</timestamp>
			</report>
			<report>
				<misses>163300000</misses>
				<total>9</total>
				<timestamp>3266.465676</timestamp>
			</report>
			<report>
				<misses>163400000</misses>
				<total>9</total>
				<timestamp>3268.466142</timestamp>
			</report>
			<report>
				<misses>163500000</misses>
				<total>9</total>
				<timestamp>3270.466251</timestamp>
			</report>
			<report>
				<misses>163600000</misses>
				<total>9</total>
				<timestamp>3272.466378</timestamp>
			</report>
			<report>
				<misses>163700000</misses>
				<total>9</total>
				<timestamp>3274.466502</timestamp>
			</report>
			<report>
				<misses>163800000</misses>
				<total>9</total>
				<timestamp>3276.466540</timestamp>
			</report>
			<report>
				<misses>163900000</misses>
				<total>9</total>
				<timestamp>3278.466663</timestamp>
			</report>
			<report>
				<misses>164000000</misses>
				<total>9</total>
				<timestamp>3280.466749</timestamp>
			</report>
			<report>
				<misses>164100000</misses>
				<total>9</total>
				<timestamp>3282.466865</timestamp>
			</report>
			<report>
				<misses>164200000</misses>
				<total>9</total>
				<timestamp>3284.467056</timestamp>
			</report>
			<report>
				<misses>164300000</misses>
				<total>9</total>
				<timestamp>3286.467156</timestamp>
			</report>
			<report>
				<misses>164400000</misses>
				<total>9</total>
				<timestamp>3288.467470</timestamp>
			</report>
			<report>
				<misses>164500000</misses>
				<total>9</total>
				<timestamp>3290.467766</timestamp>
			</report>
			<report>
				<misses>164600000</misses>
				<total>9</total>
				<timestamp>3292.467926</timestamp>
			</report>
			<report>
				<misses>164700000</misses>
				<total>9</total>
				<timestamp>3294.468003</timestamp>
			</report>
			<report>
				<misses>164800000</misses>
				<total>9</total>
				<timestamp>3296.468049</timestamp>
			</report>
			<report>
				<misses>164900000</misses>
				<total>9</total>
				<timestamp>3298.468217</timestamp>
			</report>
			<report>
				<misses>165000000</misses>
				<total>9</total>
				<timestamp>3300.468620</timestamp>
			</report>
			<report>
				<misses>165100000</misses>
				<total>9</total>
				<timestamp>3302.470103</timestamp>
			</report>
			<report>
				<misses>165200000</misses>
				<total>9</total>
				<timestamp>3304.470872</timestamp>
			</report>
			<report>
				<misses>165300000</misses>
				<total>9</total>
				<timestamp>3306.471308</timestamp>
			</report>
			<report>
				<misses>165400000</misses>
				<total>9</total>
				<timestamp>3308.471342</timestamp>
			</report>
			<report>
				<misses>165500000</misses>
				<total>9</total>
				<timestamp>3310.471890</timestamp>
			</report>
			<report>
				<misses>165600000</misses>
				<total>9</total>
				<timestamp>3312.471924</timestamp>
			</report>
			<report>
				<misses>165700000</misses>
				<total>9</total>
				<timestamp>3314.471975</timestamp>
			</report>
			<report>
				<misses>165800000</misses>
				<total>9</total>
				<timestamp>3316.472112</timestamp>
			</report>
			<report>
				<misses>165900000</misses>
				<total>9</total>
				<timestamp>3318.472534</timestamp>
			</report>
			<report>
				<misses>166000000</misses>
				<total>9</total>
				<timestamp>3320.472713</timestamp>
			</report>
			<report>
				<misses>166100000</misses>
				<total>9</total>
				<timestamp>3322.472861</timestamp>
			</report>
			<report>
				<misses>166200000</misses>
				<total>9</total>
				<timestamp>3324.473087</timestamp>
			</report>
			<report>
				<misses>166300000</misses>
				<total>9</total>
				<timestamp>3326.473240</timestamp>
			</report>
			<report>
				<misses>166400000</misses>
				<total>9</total>
				<timestamp>3328.473783</timestamp>
			</report>
			<report>
				<misses>166500000</misses>
				<total>9</total>
				<timestamp>3330.474118</timestamp>
			</report>
			<report>
				<misses>166600000</misses>
				<total>9</total>
				<timestamp>3332.474247</timestamp>
			</report>
			<report>
				<misses>166700000</misses>
				<total>9</total>
				<timestamp>3334.474334</timestamp>
			</report>
			<report>
				<misses>166800000</misses>
				<total>9</total>
				<timestamp>3336.474630</timestamp>
			</report>
			<report>
				<misses>166900000</misses>
				<total>9</total>
				<timestamp>3338.474726</timestamp>
			</report>
			<report>
				<misses>167000000</misses>
				<total>9</total>
				<timestamp>3340.475297</timestamp>
			</report>
			<report>
				<misses>167100000</misses>
				<total>9</total>
				<timestamp>3342.475360</timestamp>
			</report>
			<report>
				<misses>167200000</misses>
				<total>9</total>
				<timestamp>3344.475803</timestamp>
			</report>
			<report>
				<misses>167300000</misses>
				<total>9</total>
				<timestamp>3346.475929</timestamp>
			</report>
			<report>
				<misses>167400000</misses>
				<total>9</total>
				<timestamp>3348.476083</timestamp>
			</report>
			<report>
				<misses>167500000</misses>
				<total>9</total>
				<timestamp>3350.476499</timestamp>
			</report>
			<report>
				<misses>167600000</misses>
				<total>9</total>
				<timestamp>3352.476731</timestamp>
			</report>
			<report>
				<misses>167700000</misses>
				<total>9</total>
				<timestamp>3354.476842</timestamp>
			</report>
			<report>
				<misses>167800000</misses>
				<total>9</total>
				<timestamp>3356.476958</timestamp>
			</report>
			<report>
				<misses>167900000</misses>
				<total>9</total>
				<timestamp>3358.477143</timestamp>
			</report>
			<report>
				<misses>168000000</misses>
				<total>9</total>
				<timestamp>3360.478444</timestamp>
			</report>
			<report>
				<misses>168100000</misses>
				<total>9</total>
				<timestamp>3362.478596</timestamp>
			</report>
			<report>
				<misses>168200000</misses>
				<total>9</total>
				<timestamp>3364.478684</timestamp>
			</report>
			<report>
				<misses>168300000</misses>
				<total>9</total>
				<timestamp>3366.478930</timestamp>
			</report>
			<report>
				<misses>168400000</misses>
				<total>9</total>
				<timestamp>3368.479052</timestamp>
			</report>
			<report>
				<misses>168500000</misses>
				<total>9</total>
				<timestamp>3370.479081</timestamp>
			</report>
			<report>
				<misses>168600000</misses>
				<total>9</total>
				<timestamp>3372.479127</timestamp>
			</report>
			<report>
				<misses>168700000</misses>
				<total>9</total>
				<timestamp>3374.479169</timestamp>
			</report>
			<report>
				<misses>168800000</misses>
				<total>9</total>
				<timestamp>3376.479197</timestamp>
			</report>
			<report>
				<misses>168900000</misses>
				<total>9</total>
				<timestamp>3378.479235</timestamp>
			</report>
			<report>
				<misses>169000000</misses>
				<total>9</total>
				<timestamp>3380.479275</timestamp>
			</report>
			<report>
				<misses>169100000</misses>
				<total>9</total>
				<timestamp>3382.479679</timestamp>
			</report>
			<report>
				<misses>169200000</misses>
				<total>9</total>
				<timestamp>3384.479858</timestamp>
			</report>
			<report>
				<misses>169300000</misses>
				<total>9</total>
				<timestamp>3386.480543</timestamp>
			</report>
			<report>
				<misses>169400000</misses>
				<total>9</total>
				<timestamp>3388.481261</timestamp>
			</report>
			<report>
				<misses>169500000</misses>
				<total>9</total>
				<timestamp>3390.482012</timestamp>
			</report>
			<report>
				<misses>169600000</misses>
				<total>9</total>
				<timestamp>3392.482043</timestamp>
			</report>
			<report>
				<misses>169700000</misses>
				<total>9</total>
				<timestamp>3394.482130</timestamp>
			</report>
			<report>
				<misses>169800000</misses>
				<total>9</total>
				<timestamp>3396.482210</timestamp>
			</report>
			<report>
				<misses>169900000</misses>
				<total>9</total>
				<timestamp>3398.482360</timestamp>
			</report>
			<report>
				<misses>170000000</misses>
				<total>9</total>
				<timestamp>3400.482877</timestamp>
			</report>
			<report>
				<misses>170100000</misses>
				<total>9</total>
				<timestamp>3402.482928</timestamp>
			</report>
			<report>
				<misses>170200000</misses>
				<total>9</total>
				<timestamp>3404.483283</timestamp>
			</report>
			<report>
				<misses>170300000</misses>
				<total>9</total>
				<timestamp>3406.483655</timestamp>
			</report>
			<report>
				<misses>170400000</misses>
				<total>9</total>
				<timestamp>3408.484199</timestamp>
			</report>
			<report>
				<misses>170500000</misses>
				<total>9</total>
				<timestamp>3410.484726</timestamp>
			</report>
			<report>
				<misses>170600000</misses>
				<total>9</total>
				<timestamp>3412.485251</timestamp>
			</report>
			<report>
				<misses>170700000</misses>
				<total>9</total>
				<timestamp>3414.485399</timestamp>
			</report>
			<report>
				<misses>170800000</misses>
				<total>9</total>
				<timestamp>3416.485667</timestamp>
			</report>
			<report>
				<misses>170900000</misses>
				<total>9</total>
				<timestamp>3418.485947</timestamp>
			</report>
			<report>
				<misses>171000000</misses>
				<total>9</total>
				<timestamp>3420.486891</timestamp>
			</report>
			<report>
				<misses>171100000</misses>
				<total>9</total>
				<timestamp>3422.487399</timestamp>
			</report>
			<report>
				<misses>171200000</misses>
				<total>9</total>
				<timestamp>3424.487513</timestamp>
			</report>
			<report>
				<misses>171300000</misses>
				<total>9</total>
				<timestamp>3426.487589</timestamp>
			</report>
			<report>
				<misses>171400000</misses>
				<total>9</total>
				<timestamp>3428.487998</timestamp>
			</report>
			<report>
				<misses>171500000</misses>
				<total>9</total>
				<timestamp>3430.488354</timestamp>
			</report>
			<report>
				<misses>171600000</misses>
				<total>9</total>
				<timestamp>3432.488513</timestamp>
			</report>
			<report>
				<misses>171700000</misses>
				<total>9</total>
				<timestamp>3434.488533</timestamp>
			</report>
			<report>
				<misses>171800000</misses>
				<total>9</total>
				<timestamp>3436.489083</timestamp>
			</report>
			<report>
				<misses>171900000</misses>
				<total>9</total>
				<timestamp>3438.489260</timestamp>
			</report>
			<report>
				<misses>172000000</misses>
				<total>9</total>
				<timestamp>3440.489326</timestamp>
			</report>
			<report>
				<misses>172100000</misses>
				<total>9</total>
				<timestamp>3442.489417</timestamp>
			</report>
			<report>
				<misses>172200000</misses>
				<total>9</total>
				<timestamp>3444.489630</timestamp>
			</report>
			<report>
				<misses>172300000</misses>
				<total>9</total>
				<timestamp>3446.489665</timestamp>
			</report>
			<report>
				<misses>172400000</misses>
				<total>9</total>
				<timestamp>3448.489825</timestamp>
			</report>
			<report>
				<misses>172500000</misses>
				<total>9</total>
				<timestamp>3450.489978</timestamp>
			</report>
			<report>
				<misses>172600000</misses>
				<total>9</total>
				<timestamp>3452.490096</timestamp>
			</report>
			<report>
				<misses>172700000</misses>
				<total>9</total>
				<timestamp>3454.490535</timestamp>
			</report>
			<report>
				<misses>172800000</misses>
				<total>9</total>
				<timestamp>3456.490656</timestamp>
			</report>
			<report>
				<misses>172900000</misses>
				<total>9</total>
				<timestamp>3458.491123</timestamp>
			</report>
			<report>
				<misses>173000000</misses>
				<total>9</total>
				<timestamp>3460.491714</timestamp>
			</report>
			<report>
				<misses>173100000</misses>
				<total>9</total>
				<timestamp>3462.492470</timestamp>
			</report>
			<report>
				<misses>173200000</misses>
				<total>9</total>
				<timestamp>3464.492881</timestamp>
			</report>
			<report>
				<misses>173300000</misses>
				<total>9</total>
				<timestamp>3466.493024</timestamp>
			</report>
			<report>
				<misses>173400000</misses>
				<total>9</total>
				<timestamp>3468.493058</timestamp>
			</report>
			<report>
				<misses>173500000</misses>
				<total>9</total>
				<timestamp>3470.493317</timestamp>
			</report>
			<report>
				<misses>173600000</misses>
				<total>9</total>
				<timestamp>3472.493374</timestamp>
			</report>
			<report>
				<misses>173700000</misses>
				<total>9</total>
				<timestamp>3474.493402</timestamp>
			</report>
			<report>
				<misses>173800000</misses>
				<total>9</total>
				<timestamp>3476.493720</timestamp>
			</report>
			<report>
				<misses>173900000</misses>
				<total>9</total>
				<timestamp>3478.494444</timestamp>
			</report>
			<report>
				<misses>174000000</misses>
				<total>9</total>
				<timestamp>3480.494723</timestamp>
			</report>
			<report>
				<misses>174100000</misses>
				<total>9</total>
				<timestamp>3482.494926</timestamp>
			</report>
			<report>
				<misses>174200000</misses>
				<total>9</total>
				<timestamp>3484.495429</timestamp>
			</report>
			<report>
				<misses>174300000</misses>
				<total>9</total>
				<timestamp>3486.495651</timestamp>
			</report>
			<report>
				<misses>174400000</misses>
				<total>9</total>
				<timestamp>3488.496104</timestamp>
			</report>
			<report>
				<misses>174500000</misses>
				<total>9</total>
				<timestamp>3490.496301</timestamp>
			</report>
			<report>
				<misses>174600000</misses>
				<total>9</total>
				<timestamp>3492.496428</timestamp>
			</report>
			<report>
				<misses>174700000</misses>
				<total>9</total>
				<timestamp>3494.496526</timestamp>
			</report>
			<report>
				<misses>174800000</misses>
				<total>9</total>
				<timestamp>3496.496554</timestamp>
			</report>
			<report>
				<misses>174900000</misses>
				<total>9</total>
				<timestamp>3498.496614</timestamp>
			</report>
			<report>
				<misses>175000000</misses>
				<total>9</total>
				<timestamp>3500.496660</timestamp>
			</report>
			<report>
				<misses>175100000</misses>
				<total>9</total>
				<timestamp>3502.496776</timestamp>
			</report>
			<report>
				<misses>175200000</misses>
				<total>9</total>
				<timestamp>3504.497077</timestamp>
			</report>
			<report>
				<misses>175300000</misses>
				<total>9</total>
				<timestamp>3506.497137</timestamp>
			</report>
			<report>
				<misses>175400000</misses>
				<total>9</total>
				<timestamp>3508.497335</timestamp>
			</report>
			<report>
				<misses>175500000</misses>
				<total>9</total>
				<timestamp>3510.497568</timestamp>
			</report>
			<report>
				<misses>175600000</misses>
				<total>9</total>
				<timestamp>3512.497721</timestamp>
			</report>
			<report>
				<misses>175700000</misses>
				<total>9</total>
				<timestamp>3514.497793</timestamp>
			</report>
			<report>
				<misses>175800000</misses>
				<total>9</total>
				<timestamp>3516.498314</timestamp>
			</report>
			<report>
				<misses>175900000</misses>
				<total>9</total>
				<timestamp>3518.498355</timestamp>
			</report>
			<report>
				<misses>176000000</misses>
				<total>9</total>
				<timestamp>3520.498386</timestamp>
			</report>
			<report>
				<misses>176100000</misses>
				<total>9</total>
				<timestamp>3522.498735</timestamp>
			</report>
			<report>
				<misses>176200000</misses>
				<total>9</total>
				<timestamp>3524.498995</timestamp>
			</report>
			<report>
				<misses>176300000</misses>
				<total>9</total>
				<timestamp>3526.499992</timestamp>
			</report>
			<report>
				<misses>176400000</misses>
				<total>9</total>
				<timestamp>3528.500075</timestamp>
			</report>
			<report>
				<misses>176500000</misses>
				<total>10</total>
				<timestamp>3530.500152</timestamp>
			</report>
			<report>
				<misses>176600000</misses>
				<total>10</total>
				<timestamp>3532.500238</timestamp>
			</report>
			<report>
				<misses>176700000</misses>
				<total>10</total>
				<timestamp>3534.500280</timestamp>
			</report>
			<report>
				<misses>176800000</misses>
				<total>10</total>
				<timestamp>3536.500369</timestamp>
			</report>
			<report>
				<misses>176900000</misses>
				<total>10</total>
				<timestamp>3538.500470</timestamp>
			</report>
			<report>
				<misses>177000000</misses>
				<total>10</total>
				<timestamp>3540.500778</timestamp>
			</report>
			<report>
				<misses>177100000</misses>
				<total>10</total>
				<timestamp>3542.500986</timestamp>
			</report>
			<report>
				<misses>177200000</misses>
				<total>10</total>
				<timestamp>3544.501887</timestamp>
			</report>
			<report>
				<misses>177300000</misses>
				<total>10</total>
				<timestamp>3546.502012</timestamp>
			</report>
			<report>
				<misses>177400000</misses>
				<total>10</total>
				<timestamp>3548.502080</timestamp>
			</report>
			<report>
				<misses>177500000</misses>
				<total>10</total>
				<timestamp>3550.502150</timestamp>
			</report>
			<report>
				<misses>177600000</misses>
				<total>10</total>
				<timestamp>3552.502275</timestamp>
			</report>
			<report>
				<misses>177700000</misses>
				<total>10</total>
				<timestamp>3554.502358</timestamp>
			</report>
			<report>
				<misses>177800000</misses>
				<total>10</total>
				<timestamp>3556.502475</timestamp>
			</report>
			<report>
				<misses>177900000</misses>
				<total>10</total>
				<timestamp>3558.503075</timestamp>
			</report>
			<report>
				<misses>178000000</misses>
				<total>10</total>
				<timestamp>3560.503420</timestamp>
			</report>
			<report>
				<misses>178100000</misses>
				<total>10</total>
				<timestamp>3562.503458</timestamp>
			</report>
			<report>
				<misses>178200000</misses>
				<total>10</total>
				<timestamp>3564.503603</timestamp>
			</report>
			<report>
				<misses>178300000</misses>
				<total>10</total>
				<timestamp>3566.504022</timestamp>
			</report>
			<report>
				<misses>178400000</misses>
				<total>10</total>
				<timestamp>3568.504144</timestamp>
			</report>
			<report>
				<misses>178500000</misses>
				<total>11</total>
				<timestamp>3570.504183</timestamp>
			</report>
			<report>
				<misses>178600000</misses>
				<total>11</total>
				<timestamp>3572.504301</timestamp>
			</report>
			<report>
				<misses>178700000</misses>
				<total>11</total>
				<timestamp>3574.504385</timestamp>
			</report>
			<report>
				<misses>178800000</misses>
				<total>11</total>
				<timestamp>3576.504409</timestamp>
			</report>
			<report>
				<misses>178900000</misses>
				<total>11</total>
				<timestamp>3578.504537</timestamp>
			</report>
			<report>
				<misses>179000000</misses>
				<total>11</total>
				<timestamp>3580.505181</timestamp>
			</report>
			<report>
				<misses>179100000</misses>
				<total>11</total>
				<timestamp>3582.505834</timestamp>
			</report>
			<report>
				<misses>179200000</misses>
				<total>11</total>
				<timestamp>3584.506376</timestamp>
			</report>
			<report>
				<misses>179300000</misses>
				<total>11</total>
				<timestamp>3586.506405</timestamp>
			</report>
			<report>
				<misses>179400000</misses>
				<total>11</total>
				<timestamp>3588.506577</timestamp>
			</report>
			<report>
				<misses>179500000</misses>
				<total>11</total>
				<timestamp>3590.506895</timestamp>
			</report>
			<report>
				<misses>179600000</misses>
				<total>11</total>
				<timestamp>3592.507135</timestamp>
			</report>
			<report>
				<misses>179700000</misses>
				<total>11</total>
				<timestamp>3594.507453</timestamp>
			</report>
			<report>
				<misses>179800000</misses>
				<total>11</total>
				<timestamp>3596.507557</timestamp>
			</report>
			<report>
				<misses>179900000</misses>
				<total>11</total>
				<timestamp>3598.507590</timestamp>
			</report>
			<report>
				<misses>180000000</misses>
				<total>11</total>
				<timestamp>3600.507623</timestamp>
			</report>
			<report>
				<misses>180100000</misses>
				<total>11</total>
				<timestamp>3602.507647</timestamp>
			</report>
			<report>
				<misses>180200000</misses>
				<total>11</total>
				<timestamp>3604.507707</timestamp>
			</report>
			<report>
				<misses>180300000</misses>
				<total>11</total>
				<timestamp>3606.507762</timestamp>
			</report>
			<report>
				<misses>180400000</misses>
				<total>11</total>
				<timestamp>3608.507815</timestamp>
			</report>
			<report>
				<misses>180500000</misses>
				<total>11</total>
				<timestamp>3610.508148</timestamp>
			</report>
			<report>
				<misses>180600000</misses>
				<total>11</total>
				<timestamp>3612.508204</timestamp>
			</report>
			<report>
				<misses>180700000</misses>
				<total>11</total>
				<timestamp>3614.508391</timestamp>
			</report>
			<report>
				<misses>180800000</misses>
				<total>11</total>
				<timestamp>3616.508526</timestamp>
			</report>
			<report>
				<misses>180900000</misses>
				<total>11</total>
				<timestamp>3618.508743</timestamp>
			</report>
			<report>
				<misses>181000000</misses>
				<total>11</total>
				<timestamp>3620.509014</timestamp>
			</report>
			<report>
				<misses>181100000</misses>
				<total>11</total>
				<timestamp>3622.509742</timestamp>
			</report>
			<report>
				<misses>181200000</misses>
				<total>11</total>
				<timestamp>3624.510054</timestamp>
			</report>
			<report>
				<misses>181300000</misses>
				<total>11</total>
				<timestamp>3626.510078</timestamp>
			</report>
			<report>
				<misses>181400000</misses>
				<total>11</total>
				<timestamp>3628.510166</timestamp>
			</report>
			<report>
				<misses>181500000</misses>
				<total>11</total>
				<timestamp>3630.510605</timestamp>
			</report>
			<report>
				<misses>181600000</misses>
				<total>11</total>
				<timestamp>3632.512202</timestamp>
			</report>
			<report>
				<misses>181700000</misses>
				<total>11</total>
				<timestamp>3634.512608</timestamp>
			</report>
			<report>
				<misses>181800000</misses>
				<total>11</total>
				<timestamp>3636.512837</timestamp>
			</report>
			<report>
				<misses>181900000</misses>
				<total>11</total>
				<timestamp>3638.512866</timestamp>
			</report>
			<report>
				<misses>182000000</misses>
				<total>11</total>
				<timestamp>3640.512918</timestamp>
			</report>
			<report>
				<misses>182100000</misses>
				<total>11</total>
				<timestamp>3642.513035</timestamp>
			</report>
			<report>
				<misses>182200000</misses>
				<total>11</total>
				<timestamp>3644.513199</timestamp>
			</report>
			<report>
				<misses>182300000</misses>
				<total>11</total>
				<timestamp>3646.513457</timestamp>
			</report>
			<report>
				<misses>182400000</misses>
				<total>11</total>
				<timestamp>3648.514451</timestamp>
			</report>
			<report>
				<misses>182500000</misses>
				<total>11</total>
				<timestamp>3650.514947</timestamp>
			</report>
			<report>
				<misses>182600000</misses>
				<total>11</total>
				<timestamp>3652.515212</timestamp>
			</report>
			<report>
				<misses>182700000</misses>
				<total>11</total>
				<timestamp>3654.515269</timestamp>
			</report>
			<report>
				<misses>182800000</misses>
				<total>11</total>
				<timestamp>3656.515549</timestamp>
			</report>
			<report>
				<misses>182900000</misses>
				<total>11</total>
				<timestamp>3658.516403</timestamp>
			</report>
			<report>
				<misses>183000000</misses>
				<total>11</total>
				<timestamp>3660.516773</timestamp>
			</report>
			<report>
				<misses>183100000</misses>
				<total>11</total>
				<timestamp>3662.516811</timestamp>
			</report>
			<report>
				<misses>183200000</misses>
				<total>11</total>
				<timestamp>3664.516876</timestamp>
			</report>
			<report>
				<misses>183300000</misses>
				<total>11</total>
				<timestamp>3666.516954</timestamp>
			</report>
			<report>
				<misses>183400000</misses>
				<total>11</total>
				<timestamp>3668.517016</timestamp>
			</report>
			<report>
				<misses>183500000</misses>
				<total>11</total>
				<timestamp>3670.517144</timestamp>
			</report>
			<report>
				<misses>183600000</misses>
				<total>11</total>
				<timestamp>3672.517410</timestamp>
			</report>
			<report>
				<misses>183700000</misses>
				<total>11</total>
				<timestamp>3674.517536</timestamp>
			</report>
			<report>
				<misses>183800000</misses>
				<total>11</total>
				<timestamp>3676.517561</timestamp>
			</report>
			<report>
				<misses>183900000</misses>
				<total>11</total>
				<timestamp>3678.518262</timestamp>
			</report>
			<report>
				<misses>184000000</misses>
				<total>11</total>
				<timestamp>3680.518541</timestamp>
			</report>
			<report>
				<misses>184100000</misses>
				<total>11</total>
				<timestamp>3682.518615</timestamp>
			</report>
			<report>
				<misses>184200000</misses>
				<total>11</total>
				<timestamp>3684.518636</timestamp>
			</report>
			<report>
				<misses>184300000</misses>
				<total>11</total>
				<timestamp>3686.518707</timestamp>
			</report>
			<report>
				<misses>184400000</misses>
				<total>11</total>
				<timestamp>3688.519361</timestamp>
			</report>
			<report>
				<misses>184500000</misses>
				<total>11</total>
				<timestamp>3690.519986</timestamp>
			</report>
			<report>
				<misses>184600000</misses>
				<total>11</total>
				<timestamp>3692.520045</timestamp>
			</report>
			<report>
				<misses>184700000</misses>
				<total>11</total>
				<timestamp>3694.520072</timestamp>
			</report>
			<report>
				<misses>184800000</misses>
				<total>11</total>
				<timestamp>3696.520160</timestamp>
			</report>
			<report>
				<misses>184900000</misses>
				<total>11</total>
				<timestamp>3698.521816</timestamp>
			</report>
			<report>
				<misses>185000000</misses>
				<total>11</total>
				<timestamp>3700.522538</timestamp>
			</report>
			<report>
				<misses>185100000</misses>
				<total>11</total>
				<timestamp>3702.522564</timestamp>
			</report>
			<report>
				<misses>185200000</misses>
				<total>11</total>
				<timestamp>3704.522591</timestamp>
			</report>
			<report>
				<misses>185300000</misses>
				<total>11</total>
				<timestamp>3706.522898</timestamp>
			</report>
			<report>
				<misses>185400000</misses>
				<total>11</total>
				<timestamp>3708.523447</timestamp>
			</report>
			<report>
				<misses>185500000</misses>
				<total>11</total>
				<timestamp>3710.524211</timestamp>
			</report>
			<report>
				<misses>185600000</misses>
				<total>11</total>
				<timestamp>3712.525648</timestamp>
			</report>
			<report>
				<misses>185700000</misses>
				<total>11</total>
				<timestamp>3714.525865</timestamp>
			</report>
			<report>
				<misses>185800000</misses>
				<total>11</total>
				<timestamp>3716.526527</timestamp>
			</report>
			<report>
				<misses>185900000</misses>
				<total>11</total>
				<timestamp>3718.527256</timestamp>
			</report>
			<report>
				<misses>186000000</misses>
				<total>11</total>
				<timestamp>3720.527608</timestamp>
			</report>
			<report>
				<misses>186100000</misses>
				<total>11</total>
				<timestamp>3722.527632</timestamp>
			</report>
			<report>
				<misses>186200000</misses>
				<total>11</total>
				<timestamp>3724.527648</timestamp>
			</report>
			<report>
				<misses>186300000</misses>
				<total>11</total>
				<timestamp>3726.527668</timestamp>
			</report>
			<report>
				<misses>186400000</misses>
				<total>11</total>
				<timestamp>3728.528101</timestamp>
			</report>
			<report>
				<misses>186500000</misses>
				<total>11</total>
				<timestamp>3730.528540</timestamp>
			</report>
			<report>
				<misses>186600000</misses>
				<total>11</total>
				<timestamp>3732.528588</timestamp>
			</report>
			<report>
				<misses>186700000</misses>
				<total>11</total>
				<timestamp>3734.528705</timestamp>
			</report>
			<report>
				<misses>186800000</misses>
				<total>11</total>
				<timestamp>3736.528887</timestamp>
			</report>
			<report>
				<misses>186900000</misses>
				<total>11</total>
				<timestamp>3738.528988</timestamp>
			</report>
			<report>
				<misses>187000000</misses>
				<total>11</total>
				<timestamp>3740.529306</timestamp>
			</report>
			<report>
				<misses>187100000</misses>
				<total>11</total>
				<timestamp>3742.529402</timestamp>
			</report>
			<report>
				<misses>187200000</misses>
				<total>11</total>
				<timestamp>3744.530211</timestamp>
			</report>
			<report>
				<misses>187300000</misses>
				<total>11</total>
				<timestamp>3746.530403</timestamp>
			</report>
			<report>
				<misses>187400000</misses>
				<total>11</total>
				<timestamp>3748.530440</timestamp>
			</report>
			<report>
				<misses>187500000</misses>
				<total>12</total>
				<timestamp>3750.530629</timestamp>
			</report>
			<report>
				<misses>187600000</misses>
				<total>12</total>
				<timestamp>3752.530738</timestamp>
			</report>
			<report>
				<misses>187700000</misses>
				<total>12</total>
				<timestamp>3754.530771</timestamp>
			</report>
			<report>
				<misses>187800000</misses>
				<total>12</total>
				<timestamp>3756.530821</timestamp>
			</report>
			<report>
				<misses>187900000</misses>
				<total>12</total>
				<timestamp>3758.530908</timestamp>
			</report>
			<report>
				<misses>188000000</misses>
				<total>12</total>
				<timestamp>3760.531045</timestamp>
			</report>
			<report>
				<misses>188100000</misses>
				<total>12</total>
				<timestamp>3762.531247</timestamp>
			</report>
			<report>
				<misses>188200000</misses>
				<total>12</total>
				<timestamp>3764.531437</timestamp>
			</report>
			<report>
				<misses>188300000</misses>
				<total>12</total>
				<timestamp>3766.531506</timestamp>
			</report>
			<report>
				<misses>188400000</misses>
				<total>12</total>
				<timestamp>3768.532378</timestamp>
			</report>
			<report>
				<misses>188500000</misses>
				<total>12</total>
				<timestamp>3770.532496</timestamp>
			</report>
			<report>
				<misses>188600000</misses>
				<total>12</total>
				<timestamp>3772.533239</timestamp>
			</report>
			<report>
				<misses>188700000</misses>
				<total>12</total>
				<timestamp>3774.533542</timestamp>
			</report>
			<report>
				<misses>188800000</misses>
				<total>12</total>
				<timestamp>3776.533897</timestamp>
			</report>
			<report>
				<misses>188900000</misses>
				<total>12</total>
				<timestamp>3778.534215</timestamp>
			</report>
			<report>
				<misses>189000000</misses>
				<total>12</total>
				<timestamp>3780.534258</timestamp>
			</report>
			<report>
				<misses>189100000</misses>
				<total>12</total>
				<timestamp>3782.534977</timestamp>
			</report>
			<report>
				<misses>189200000</misses>
				<total>12</total>
				<timestamp>3784.535660</timestamp>
			</report>
			<report>
				<misses>189300000</misses>
				<total>12</total>
				<timestamp>3786.537104</timestamp>
			</report>
			<report>
				<misses>189400000</misses>
				<total>12</total>
				<timestamp>3788.538000</timestamp>
			</report>
			<report>
				<misses>189500000</misses>
				<total>12</total>
				<timestamp>3790.539128</timestamp>
			</report>
			<report>
				<misses>189600000</misses>
				<total>12</total>
				<timestamp>3792.540260</timestamp>
			</report>
			<report>
				<misses>189700000</misses>
				<total>12</total>
				<timestamp>3794.540359</timestamp>
			</report>
			<report>
				<misses>189800000</misses>
				<total>12</total>
				<timestamp>3796.540427</timestamp>
			</report>
			<report>
				<misses>189900000</misses>
				<total>12</total>
				<timestamp>3798.540513</timestamp>
			</report>
			<report>
				<misses>190000000</misses>
				<total>12</total>
				<timestamp>3800.540800</timestamp>
			</report>
			<report>
				<misses>190100000</misses>
				<total>12</total>
				<timestamp>3802.540856</timestamp>
			</report>
			<report>
				<misses>190200000</misses>
				<total>12</total>
				<timestamp>3804.540935</timestamp>
			</report>
			<report>
				<misses>190300000</misses>
				<total>12</total>
				<timestamp>3806.541008</timestamp>
			</report>
			<report>
				<misses>190400000</misses>
				<total>12</total>
				<timestamp>3808.541034</timestamp>
			</report>
			<report>
				<misses>190500000</misses>
				<total>12</total>
				<timestamp>3810.541138</timestamp>
			</report>
			<report>
				<misses>190600000</misses>
				<total>12</total>
				<timestamp>3812.541176</timestamp>
			</report>
			<report>
				<misses>190700000</misses>
				<total>12</total>
				<timestamp>3814.541344</timestamp>
			</report>
			<report>
				<misses>190800000</misses>
				<total>12</total>
				<timestamp>3816.541444</timestamp>
			</report>
			<report>
				<misses>190900000</misses>
				<total>12</total>
				<timestamp>3818.541522</timestamp>
			</report>
			<report>
				<misses>191000000</misses>
				<total>12</total>
				<timestamp>3820.541792</timestamp>
			</report>
			<report>
				<misses>191100000</misses>
				<total>12</total>
				<timestamp>3822.541842</timestamp>
			</report>
			<report>
				<misses>191200000</misses>
				<total>12</total>
				<timestamp>3824.541899</timestamp>
			</report>
			<report>
				<misses>191300000</misses>
				<total>12</total>
				<timestamp>3826.541936</timestamp>
			</report>
			<report>
				<misses>191400000</misses>
				<total>12</total>
				<timestamp>3828.541991</timestamp>
			</report>
			<report>
				<misses>191500000</misses>
				<total>12</total>
				<timestamp>3830.542030</timestamp>
			</report>
			<report>
				<misses>191600000</misses>
				<total>12</total>
				<timestamp>3832.542058</timestamp>
			</report>
			<report>
				<misses>191700000</misses>
				<total>12</total>
				<timestamp>3834.542316</timestamp>
			</report>
			<report>
				<misses>191800000</misses>
				<total>12</total>
				<timestamp>3836.542390</timestamp>
			</report>
			<report>
				<misses>191900000</misses>
				<total>12</total>
				<timestamp>3838.542490</timestamp>
			</report>
			<report>
				<misses>192000000</misses>
				<total>12</total>
				<timestamp>3840.542897</timestamp>
			</report>
			<report>
				<misses>192100000</misses>
				<total>12</total>
				<timestamp>3842.544207</timestamp>
			</report>
			<report>
				<misses>192200000</misses>
				<total>12</total>
				<timestamp>3844.544275</timestamp>
			</report>
			<report>
				<misses>192300000</misses>
				<total>12</total>
				<timestamp>3846.544362</timestamp>
			</report>
			<report>
				<misses>192400000</misses>
				<total>12</total>
				<timestamp>3848.544399</timestamp>
			</report>
			<report>
				<misses>192500000</misses>
				<total>12</total>
				<timestamp>3850.544516</timestamp>
			</report>
			<report>
				<misses>192600000</misses>
				<total>12</total>
				<timestamp>3852.544634</timestamp>
			</report>
			<report>
				<misses>192700000</misses>
				<total>12</total>
				<timestamp>3854.544731</timestamp>
			</report>
			<report>
				<misses>192800000</misses>
				<total>12</total>
				<timestamp>3856.545350</timestamp>
			</report>
			<report>
				<misses>192900000</misses>
				<total>12</total>
				<timestamp>3858.545738</timestamp>
			</report>
			<report>
				<misses>193000000</misses>
				<total>12</total>
				<timestamp>3860.546242</timestamp>
			</report>
			<report>
				<misses>193100000</misses>
				<total>12</total>
				<timestamp>3862.546521</timestamp>
			</report>
			<report>
				<misses>193200000</misses>
				<total>12</total>
				<timestamp>3864.546566</timestamp>
			</report>
			<report>
				<misses>193300000</misses>
				<total>12</total>
				<timestamp>3866.546597</timestamp>
			</report>
			<report>
				<misses>193400000</misses>
				<total>12</total>
				<timestamp>3868.546639</timestamp>
			</report>
			<report>
				<misses>193500000</misses>
				<total>12</total>
				<timestamp>3870.546674</timestamp>
			</report>
			<report>
				<misses>193600000</misses>
				<total>12</total>
				<timestamp>3872.547305</timestamp>
			</report>
			<report>
				<misses>193700000</misses>
				<total>12</total>
				<timestamp>3874.547407</timestamp>
			</report>
			<report>
				<misses>193800000</misses>
				<total>12</total>
				<timestamp>3876.547529</timestamp>
			</report>
			<report>
				<misses>193900000</misses>
				<total>12</total>
				<timestamp>3878.547614</timestamp>
			</report>
			<report>
				<misses>194000000</misses>
				<total>12</total>
				<timestamp>3880.548179</timestamp>
			</report>
			<report>
				<misses>194100000</misses>
				<total>12</total>
				<timestamp>3882.549100</timestamp>
			</report>
			<report>
				<misses>194200000</misses>
				<total>12</total>
				<timestamp>3884.549291</timestamp>
			</report>
			<report>
				<misses>194300000</misses>
				<total>12</total>
				<timestamp>3886.549333</timestamp>
			</report>
			<report>
				<misses>194400000</misses>
				<total>12</total>
				<timestamp>3888.549397</timestamp>
			</report>
			<report>
				<misses>194500000</misses>
				<total>12</total>
				<timestamp>3890.549457</timestamp>
			</report>
			<report>
				<misses>194600000</misses>
				<total>12</total>
				<timestamp>3892.549675</timestamp>
			</report>
			<report>
				<misses>194700000</misses>
				<total>12</total>
				<timestamp>3894.549704</timestamp>
			</report>
			<report>
				<misses>194800000</misses>
				<total>12</total>
				<timestamp>3896.550066</timestamp>
			</report>
			<report>
				<misses>194900000</misses>
				<total>12</total>
				<timestamp>3898.550114</timestamp>
			</report>
			<report>
				<misses>195000000</misses>
				<total>12</total>
				<timestamp>3900.550972</timestamp>
			</report>
			<report>
				<misses>195100000</misses>
				<total>12</total>
				<timestamp>3902.551097</timestamp>
			</report>
			<report>
				<misses>195200000</misses>
				<total>12</total>
				<timestamp>3904.551424</timestamp>
			</report>
			<report>
				<misses>195300000</misses>
				<total>12</total>
				<timestamp>3906.551735</timestamp>
			</report>
			<report>
				<misses>195400000</misses>
				<total>12</total>
				<timestamp>3908.551781</timestamp>
			</report>
			<report>
				<misses>195500000</misses>
				<total>12</total>
				<timestamp>3910.551830</timestamp>
			</report>
			<report>
				<misses>195600000</misses>
				<total>12</total>
				<timestamp>3912.551853</timestamp>
			</report>
			<report>
				<misses>195700000</misses>
				<total>12</total>
				<timestamp>3914.551998</timestamp>
			</report>
			<report>
				<misses>195800000</misses>
				<total>12</total>
				<timestamp>3916.552042</timestamp>
			</report>
			<report>
				<misses>195900000</misses>
				<total>12</total>
				<timestamp>3918.552110</timestamp>
			</report>
			<report>
				<misses>196000000</misses>
				<total>12</total>
				<timestamp>3920.552258</timestamp>
			</report>
			<report>
				<misses>196100000</misses>
				<total>12</total>
				<timestamp>3922.552464</timestamp>
			</report>
			<report>
				<misses>196200000</misses>
				<total>12</total>
				<timestamp>3924.553100</timestamp>
			</report>
			<report>
				<misses>196300000</misses>
				<total>12</total>
				<timestamp>3926.553944</timestamp>
			</report>
			<report>
				<misses>196400000</misses>
				<total>12</total>
				<timestamp>3928.554693</timestamp>
			</report>
			<report>
				<misses>196500000</misses>
				<total>12</total>
				<timestamp>3930.554852</timestamp>
			</report>
			<report>
				<misses>196600000</misses>
				<total>12</total>
				<timestamp>3932.555012</timestamp>
			</report>
			<report>
				<misses>196700000</misses>
				<total>12</total>
				<timestamp>3934.555136</timestamp>
			</report>
			<report>
				<misses>196800000</misses>
				<total>12</total>
				<timestamp>3936.555428</timestamp>
			</report>
			<report>
				<misses>196900000</misses>
				<total>12</total>
				<timestamp>3938.555636</timestamp>
			</report>
			<report>
				<misses>197000000</misses>
				<total>12</total>
				<timestamp>3940.556065</timestamp>
			</report>
			<report>
				<misses>197100000</misses>
				<total>12</total>
				<timestamp>3942.558935</timestamp>
			</report>
			<report>
				<misses>197200000</misses>
				<total>12</total>
				<timestamp>3944.559082</timestamp>
			</report>
			<report>
				<misses>197300000</misses>
				<total>12</total>
				<timestamp>3946.559135</timestamp>
			</report>
			<report>
				<misses>197400000</misses>
				<total>12</total>
				<timestamp>3948.559176</timestamp>
			</report>
			<report>
				<misses>197500000</misses>
				<total>12</total>
				<timestamp>3950.559270</timestamp>
			</report>
			<report>
				<misses>197600000</misses>
				<total>13</total>
				<timestamp>3952.559572</timestamp>
			</report>
			<report>
				<misses>197700000</misses>
				<total>13</total>
				<timestamp>3954.560793</timestamp>
			</report>
			<report>
				<misses>197800000</misses>
				<total>13</total>
				<timestamp>3956.560900</timestamp>
			</report>
			<report>
				<misses>197900000</misses>
				<total>13</total>
				<timestamp>3958.560938</timestamp>
			</report>
			<report>
				<misses>198000000</misses>
				<total>13</total>
				<timestamp>3960.560973</timestamp>
			</report>
			<report>
				<misses>198100000</misses>
				<total>13</total>
				<timestamp>3962.561024</timestamp>
			</report>
			<report>
				<misses>198200000</misses>
				<total>13</total>
				<timestamp>3964.561219</timestamp>
			</report>
			<report>
				<misses>198300000</misses>
				<total>13</total>
				<timestamp>3966.561353</timestamp>
			</report>
			<report>
				<misses>198400000</misses>
				<total>13</total>
				<timestamp>3968.561421</timestamp>
			</report>
			<report>
				<misses>198500000</misses>
				<total>13</total>
				<timestamp>3970.561455</timestamp>
			</report>
			<report>
				<misses>198600000</misses>
				<total>13</total>
				<timestamp>3972.562202</timestamp>
			</report>
			<report>
				<misses>198700000</misses>
				<total>13</total>
				<timestamp>3974.562381</timestamp>
			</report>
			<report>
				<misses>198800000</misses>
				<total>13</total>
				<timestamp>3976.562429</timestamp>
			</report>
			<report>
				<misses>198900000</misses>
				<total>13</total>
				<timestamp>3978.562529</timestamp>
			</report>
			<report>
				<misses>199000000</misses>
				<total>13</total>
				<timestamp>3980.562880</timestamp>
			</report>
			<report>
				<misses>199100000</misses>
				<total>13</total>
				<timestamp>3982.563140</timestamp>
			</report>
			<report>
				<misses>199200000</misses>
				<total>13</total>
				<timestamp>3984.563227</timestamp>
			</report>
			<report>
				<misses>199300000</misses>
				<total>13</total>
				<timestamp>3986.563250</timestamp>
			</report>
			<report>
				<misses>199400000</misses>
				<total>13</total>
				<timestamp>3988.563590</timestamp>
			</report>
			<report>
				<misses>199500000</misses>
				<total>13</total>
				<timestamp>3990.563609</timestamp>
			</report>
			<report>
				<misses>199600000</misses>
				<total>13</total>
				<timestamp>3992.563644</timestamp>
			</report>
			<report>
				<misses>199700000</misses>
				<total>13</total>
				<timestamp>3994.563687</timestamp>
			</report>
			<report>
				<misses>199800000</misses>
				<total>13</total>
				<timestamp>3996.563807</timestamp>
			</report>
			<report>
				<misses>199900000</misses>
				<total>13</total>
				<timestamp>3998.564076</timestamp>
			</report>
			<report>
				<misses>200000000</misses>
				<total>13</total>
				<timestamp>4000.564201</timestamp>
			</report>
			<report>
				<misses>200100000</misses>
				<total>13</total>
				<timestamp>4002.564243</timestamp>
			</report>
			<report>
				<misses>200200000</misses>
				<total>13</total>
				<timestamp>4004.564420</timestamp>
			</report>
			<report>
				<misses>200300000</misses>
				<total>13</total>
				<timestamp>4006.564814</timestamp>
			</report>
			<report>
				<misses>200400000</misses>
				<total>13</total>
				<timestamp>4008.565050</timestamp>
			</report>
			<report>
				<misses>200500000</misses>
				<total>13</total>
				<timestamp>4010.565312</timestamp>
			</report>
			<report>
				<misses>200600000</misses>
				<total>13</total>
				<timestamp>4012.565957</timestamp>
			</report>
			<report>
				<misses>200700000</misses>
				<total>13</total>
				<timestamp>4014.566030</timestamp>
			</report>
			<report>
				<misses>200800000</misses>
				<total>13</total>
				<timestamp>4016.566168</timestamp>
			</report>
			<report>
				<misses>200900000</misses>
				<total>13</total>
				<timestamp>4018.566720</timestamp>
			</report>
			<report>
				<misses>201000000</misses>
				<total>13</total>
				<timestamp>4020.566832</timestamp>
			</report>
			<report>
				<misses>201100000</misses>
				<total>13</total>
				<timestamp>4022.566848</timestamp>
			</report>
			<report>
				<misses>201200000</misses>
				<total>13</total>
				<timestamp>4024.566880</timestamp>
			</report>
			<report>
				<misses>201300000</misses>
				<total>13</total>
				<timestamp>4026.567533</timestamp>
			</report>
			<report>
				<misses>201400000</misses>
				<total>13</total>
				<timestamp>4028.567762</timestamp>
			</report>
			<report>
				<misses>201500000</misses>
				<total>13</total>
				<timestamp>4030.567983</timestamp>
			</report>
			<report>
				<misses>201600000</misses>
				<total>13</total>
				<timestamp>4032.568067</timestamp>
			</report>
			<report>
				<misses>201700000</misses>
				<total>13</total>
				<timestamp>4034.568096</timestamp>
			</report>
			<report>
				<misses>201800000</misses>
				<total>13</total>
				<timestamp>4036.568172</timestamp>
			</report>
			<report>
				<misses>201900000</misses>
				<total>13</total>
				<timestamp>4038.568429</timestamp>
			</report>
			<report>
				<misses>202000000</misses>
				<total>13</total>
				<timestamp>4040.568991</timestamp>
			</report>
			<report>
				<misses>202100000</misses>
				<total>13</total>
				<timestamp>4042.569151</timestamp>
			</report>
			<report>
				<misses>202200000</misses>
				<total>13</total>
				<timestamp>4044.569192</timestamp>
			</report>
			<report>
				<misses>202300000</misses>
				<total>13</total>
				<timestamp>4046.569212</timestamp>
			</report>
			<report>
				<misses>202400000</misses>
				<total>13</total>
				<timestamp>4048.569237</timestamp>
			</report>
			<report>
				<misses>202500000</misses>
				<total>13</total>
				<timestamp>4050.569283</timestamp>
			</report>
			<report>
				<misses>202600000</misses>
				<total>13</total>
				<timestamp>4052.569325</timestamp>
			</report>
			<report>
				<misses>202700000</misses>
				<total>13</total>
				<timestamp>4054.569596</timestamp>
			</report>
			<report>
				<misses>202800000</misses>
				<total>13</total>
				<timestamp>4056.569793</timestamp>
			</report>
			<report>
				<misses>202900000</misses>
				<total>13</total>
				<timestamp>4058.570019</timestamp>
			</report>
			<report>
				<misses>203000000</misses>
				<total>13</total>
				<timestamp>4060.570507</timestamp>
			</report>
			<report>
				<misses>203100000</misses>
				<total>13</total>
				<timestamp>4062.571431</timestamp>
			</report>
			<report>
				<misses>203200000</misses>
				<total>13</total>
				<timestamp>4064.571622</timestamp>
			</report>
			<report>
				<misses>203300000</misses>
				<total>13</total>
				<timestamp>4066.572445</timestamp>
			</report>
			<report>
				<misses>203400000</misses>
				<total>13</total>
				<timestamp>4068.572638</timestamp>
			</report>
			<report>
				<misses>203500000</misses>
				<total>13</total>
				<timestamp>4070.572836</timestamp>
			</report>
			<report>
				<misses>203600000</misses>
				<total>13</total>
				<timestamp>4072.573043</timestamp>
			</report>
			<report>
				<misses>203700000</misses>
				<total>13</total>
				<timestamp>4074.573100</timestamp>
			</report>
			<report>
				<misses>203800000</misses>
				<total>13</total>
				<timestamp>4076.573695</timestamp>
			</report>
			<report>
				<misses>203900000</misses>
				<total>13</total>
				<timestamp>4078.575067</timestamp>
			</report>
			<report>
				<misses>204000000</misses>
				<total>13</total>
				<timestamp>4080.575123</timestamp>
			</report>
			<report>
				<misses>204100000</misses>
				<total>13</total>
				<timestamp>4082.575218</timestamp>
			</report>
			<report>
				<misses>204200000</misses>
				<total>13</total>
				<timestamp>4084.575312</timestamp>
			</report>
			<report>
				<misses>204300000</misses>
				<total>13</total>
				<timestamp>4086.575371</timestamp>
			</report>
			<report>
				<misses>204400000</misses>
				<total>13</total>
				<timestamp>4088.576158</timestamp>
			</report>
			<report>
				<misses>204500000</misses>
				<total>13</total>
				<timestamp>4090.576464</timestamp>
			</report>
			<report>
				<misses>204600000</misses>
				<total>13</total>
				<timestamp>4092.576664</timestamp>
			</report>
			<report>
				<misses>204700000</misses>
				<total>13</total>
				<timestamp>4094.577155</timestamp>
			</report>
			<report>
				<misses>204800000</misses>
				<total>13</total>
				<timestamp>4096.577505</timestamp>
			</report>
			<report>
				<misses>204900000</misses>
				<total>13</total>
				<timestamp>4098.577777</timestamp>
			</report>
			<report>
				<misses>205000000</misses>
				<total>13</total>
				<timestamp>4100.577978</timestamp>
			</report>
			<report>
				<misses>205100000</misses>
				<total>13</total>
				<timestamp>4102.578106</timestamp>
			</report>
			<report>
				<misses>205200000</misses>
				<total>13</total>
				<timestamp>4104.578165</timestamp>
			</report>
			<report>
				<misses>205300000</misses>
				<total>13</total>
				<timestamp>4106.578244</timestamp>
			</report>
			<report>
				<misses>205400000</misses>
				<total>13</total>
				<timestamp>4108.578350</timestamp>
			</report>
			<report>
				<misses>205500000</misses>
				<total>13</total>
				<timestamp>4110.578395</timestamp>
			</report>
			<report>
				<misses>205600000</misses>
				<total>13</total>
				<timestamp>4112.578630</timestamp>
			</report>
			<report>
				<misses>205700000</misses>
				<total>13</total>
				<timestamp>4114.578799</timestamp>
			</report>
			<report>
				<misses>205800000</misses>
				<total>13</total>
				<timestamp>4116.579743</timestamp>
			</report>
			<report>
				<misses>205900000</misses>
				<total>13</total>
				<timestamp>4118.580798</timestamp>
			</report>
			<report>
				<misses>206000000</misses>
				<total>13</total>
				<timestamp>4120.580833</timestamp>
			</report>
			<report>
				<misses>206100000</misses>
				<total>13</total>
				<timestamp>4122.580979</timestamp>
			</report>
			<report>
				<misses>206200000</misses>
				<total>13</total>
				<timestamp>4124.581082</timestamp>
			</report>
			<report>
				<misses>206300000</misses>
				<total>13</total>
				<timestamp>4126.581660</timestamp>
			</report>
			<report>
				<misses>206400000</misses>
				<total>13</total>
				<timestamp>4128.582267</timestamp>
			</report>
			<report>
				<misses>206500000</misses>
				<total>13</total>
				<timestamp>4130.582358</timestamp>
			</report>
			<report>
				<misses>206600000</misses>
				<total>13</total>
				<timestamp>4132.582572</timestamp>
			</report>
			<report>
				<misses>206700000</misses>
				<total>13</total>
				<timestamp>4134.582921</timestamp>
			</report>
			<report>
				<misses>206800000</misses>
				<total>13</total>
				<timestamp>4136.583061</timestamp>
			</report>
			<report>
				<misses>206900000</misses>
				<total>13</total>
				<timestamp>4138.583178</timestamp>
			</report>
			<report>
				<misses>207000000</misses>
				<total>13</total>
				<timestamp>4140.583476</timestamp>
			</report>
			<report>
				<misses>207100000</misses>
				<total>13</total>
				<timestamp>4142.583847</timestamp>
			</report>
			<report>
				<misses>207200000</misses>
				<total>13</total>
				<timestamp>4144.584210</timestamp>
			</report>
			<report>
				<misses>207300000</misses>
				<total>13</total>
				<timestamp>4146.584256</timestamp>
			</report>
			<report>
				<misses>207400000</misses>
				<total>13</total>
				<timestamp>4148.584404</timestamp>
			</report>
			<report>
				<misses>207500000</misses>
				<total>13</total>
				<timestamp>4150.584635</timestamp>
			</report>
			<report>
				<misses>207600000</misses>
				<total>13</total>
				<timestamp>4152.584931</timestamp>
			</report>
			<report>
				<misses>207700000</misses>
				<total>13</total>
				<timestamp>4154.584967</timestamp>
			</report>
			<report>
				<misses>207800000</misses>
				<total>13</total>
				<timestamp>4156.585491</timestamp>
			</report>
			<report>
				<misses>207900000</misses>
				<total>13</total>
				<timestamp>4158.585572</timestamp>
			</report>
			<report>
				<misses>208000000</misses>
				<total>13</total>
				<timestamp>4160.585968</timestamp>
			</report>
			<report>
				<misses>208100000</misses>
				<total>13</total>
				<timestamp>4162.586017</timestamp>
			</report>
			<report>
				<misses>208200000</misses>
				<total>13</total>
				<timestamp>4164.586064</timestamp>
			</report>
			<report>
				<misses>208300000</misses>
				<total>13</total>
				<timestamp>4166.586137</timestamp>
			</report>
			<report>
				<misses>208400000</misses>
				<total>13</total>
				<timestamp>4168.586782</timestamp>
			</report>
			<report>
				<misses>208500000</misses>
				<total>13</total>
				<timestamp>4170.587237</timestamp>
			</report>
			<report>
				<misses>208600000</misses>
				<total>13</total>
				<timestamp>4172.590023</timestamp>
			</report>
			<report>
				<misses>208700000</misses>
				<total>13</total>
				<timestamp>4174.590179</timestamp>
			</report>
			<report>
				<misses>208800000</misses>
				<total>13</total>
				<timestamp>4176.590494</timestamp>
			</report>
			<report>
				<misses>208900000</misses>
				<total>13</total>
				<timestamp>4178.591223</timestamp>
			</report>
			<report>
				<misses>209000000</misses>
				<total>13</total>
				<timestamp>4180.591883</timestamp>
			</report>
			<report>
				<misses>209100000</misses>
				<total>13</total>
				<timestamp>4182.592442</timestamp>
			</report>
			<report>
				<misses>209200000</misses>
				<total>13</total>
				<timestamp>4184.594229</timestamp>
			</report>
			<report>
				<misses>209300000</misses>
				<total>13</total>
				<timestamp>4186.595794</timestamp>
			</report>
			<report>
				<misses>209400000</misses>
				<total>13</total>
				<timestamp>4188.596191</timestamp>
			</report>
			<report>
				<misses>209500000</misses>
				<total>13</total>
				<timestamp>4190.596244</timestamp>
			</report>
			<report>
				<misses>209600000</misses>
				<total>13</total>
				<timestamp>4192.596441</timestamp>
			</report>
			<report>
				<misses>209700000</misses>
				<total>13</total>
				<timestamp>4194.596576</timestamp>
			</report>
			<report>
				<misses>209800000</misses>
				<total>13</total>
				<timestamp>4196.596807</timestamp>
			</report>
			<report>
				<misses>209900000</misses>
				<total>14</total>
				<timestamp>4198.597509</timestamp>
			</report>
			<report>
				<misses>210000000</misses>
				<total>14</total>
				<timestamp>4200.598064</timestamp>
			</report>
			<report>
				<misses>210100000</misses>
				<total>14</total>
				<timestamp>4202.598126</timestamp>
			</report>
			<report>
				<misses>210200000</misses>
				<total>14</total>
				<timestamp>4204.598246</timestamp>
			</report>
			<report>
				<misses>210300000</misses>
				<total>14</total>
				<timestamp>4206.598663</timestamp>
			</report>
			<report>
				<misses>210400000</misses>
				<total>14</total>
				<timestamp>4208.598821</timestamp>
			</report>
			<report>
				<misses>210500000</misses>
				<total>14</total>
				<timestamp>4210.598876</timestamp>
			</report>
			<report>
				<misses>210600000</misses>
				<total>14</total>
				<timestamp>4212.599599</timestamp>
			</report>
			<report>
				<misses>210700000</misses>
				<total>14</total>
				<timestamp>4214.599657</timestamp>
			</report>
			<report>
				<misses>210800000</misses>
				<total>14</total>
				<timestamp>4216.599695</timestamp>
			</report>
			<report>
				<misses>210900000</misses>
				<total>14</total>
				<timestamp>4218.599737</timestamp>
			</report>
			<report>
				<misses>211000000</misses>
				<total>14</total>
				<timestamp>4220.599840</timestamp>
			</report>
			<report>
				<misses>211100000</misses>
				<total>14</total>
				<timestamp>4222.600797</timestamp>
			</report>
			<report>
				<misses>211200000</misses>
				<total>14</total>
				<timestamp>4224.601543</timestamp>
			</report>
			<report>
				<misses>211300000</misses>
				<total>14</total>
				<timestamp>4226.601873</timestamp>
			</report>
			<report>
				<misses>211400000</misses>
				<total>14</total>
				<timestamp>4228.601960</timestamp>
			</report>
			<report>
				<misses>211500000</misses>
				<total>14</total>
				<timestamp>4230.603241</timestamp>
			</report>
			<report>
				<misses>211600000</misses>
				<total>14</total>
				<timestamp>4232.603282</timestamp>
			</report>
			<report>
				<misses>211700000</misses>
				<total>14</total>
				<timestamp>4234.603761</timestamp>
			</report>
			<report>
				<misses>211800000</misses>
				<total>14</total>
				<timestamp>4236.603918</timestamp>
			</report>
			<report>
				<misses>211900000</misses>
				<total>14</total>
				<timestamp>4238.604081</timestamp>
			</report>
			<report>
				<misses>212000000</misses>
				<total>14</total>
				<timestamp>4240.604302</timestamp>
			</report>
			<report>
				<misses>212100000</misses>
				<total>14</total>
				<timestamp>4242.604326</timestamp>
			</report>
			<report>
				<misses>212200000</misses>
				<total>14</total>
				<timestamp>4244.604440</timestamp>
			</report>
			<report>
				<misses>212300000</misses>
				<total>14</total>
				<timestamp>4246.604492</timestamp>
			</report>
			<report>
				<misses>212400000</misses>
				<total>14</total>
				<timestamp>4248.604786</timestamp>
			</report>
			<report>
				<misses>212500000</misses>
				<total>14</total>
				<timestamp>4250.605258</timestamp>
			</report>
			<report>
				<misses>212600000</misses>
				<total>14</total>
				<timestamp>4252.605288</timestamp>
			</report>
			<report>
				<misses>212700000</misses>
				<total>14</total>
				<timestamp>4254.605334</timestamp>
			</report>
			<report>
				<misses>212800000</misses>
				<total>14</total>
				<timestamp>4256.605518</timestamp>
			</report>
			<report>
				<misses>212900000</misses>
				<total>14</total>
				<timestamp>4258.605555</timestamp>
			</report>
			<report>
				<misses>213000000</misses>
				<total>14</total>
				<timestamp>4260.605611</timestamp>
			</report>
			<report>
				<misses>213100000</misses>
				<total>14</total>
				<timestamp>4262.605644</timestamp>
			</report>
			<report>
				<misses>213200000</misses>
				<total>14</total>
				<timestamp>4264.605767</timestamp>
			</report>
			<report>
				<misses>213300000</misses>
				<total>14</total>
				<timestamp>4266.605855</timestamp>
			</report>
			<report>
				<misses>213400000</misses>
				<total>14</total>
				<timestamp>4268.605907</timestamp>
			</report>
			<report>
				<misses>213500000</misses>
				<total>14</total>
				<timestamp>4270.605935</timestamp>
			</report>
			<report>
				<misses>213600000</misses>
				<total>14</total>
				<timestamp>4272.605977</timestamp>
			</report>
			<report>
				<misses>213700000</misses>
				<total>14</total>
				<timestamp>4274.606303</timestamp>
			</report>
			<report>
				<misses>213800000</misses>
				<total>14</total>
				<timestamp>4276.606478</timestamp>
			</report>
			<report>
				<misses>213900000</misses>
				<total>14</total>
				<timestamp>4278.607619</timestamp>
			</report>
			<report>
				<misses>214000000</misses>
				<total>14</total>
				<timestamp>4280.610490</timestamp>
			</report>
			<report>
				<misses>214100000</misses>
				<total>14</total>
				<timestamp>4282.610528</timestamp>
			</report>
			<report>
				<misses>214200000</misses>
				<total>14</total>
				<timestamp>4284.611235</timestamp>
			</report>
			<report>
				<misses>214300000</misses>
				<total>14</total>
				<timestamp>4286.614726</timestamp>
			</report>
			<report>
				<misses>214400000</misses>
				<total>14</total>
				<timestamp>4288.619748</timestamp>
			</report>
			<report>
				<misses>214500000</misses>
				<total>14</total>
				<timestamp>4290.625407</timestamp>
			</report>
			<report>
				<misses>214600000</misses>
				<total>14</total>
				<timestamp>4292.628943</timestamp>
			</report>
			<report>
				<misses>214700000</misses>
				<total>14</total>
				<timestamp>4294.631152</timestamp>
			</report>
			<report>
				<misses>214800000</misses>
				<total>14</total>
				<timestamp>4296.632689</timestamp>
			</report>
			<report>
				<misses>214900000</misses>
				<total>14</total>
				<timestamp>4298.636838</timestamp>
			</report>
			<report>
				<misses>215000000</misses>
				<total>14</total>
				<timestamp>4300.637742</timestamp>
			</report>
			<report>
				<misses>215100000</misses>
				<total>14</total>
				<timestamp>4302.637794</timestamp>
			</report>
			<report>
				<misses>215200000</misses>
				<total>14</total>
				<timestamp>4304.644811</timestamp>
			</report>
			<report>
				<misses>215300000</misses>
				<total>14</total>
				<timestamp>4306.648191</timestamp>
			</report>
			<report>
				<misses>215400000</misses>
				<total>14</total>
				<timestamp>4308.648226</timestamp>
			</report>
			<report>
				<misses>215500000</misses>
				<total>14</total>
				<timestamp>4310.649526</timestamp>
			</report>
			<report>
				<misses>215600000</misses>
				<total>14</total>
				<timestamp>4312.649574</timestamp>
			</report>
			<report>
				<misses>215700000</misses>
				<total>14</total>
				<timestamp>4314.649597</timestamp>
			</report>
			<report>
				<misses>215800000</misses>
				<total>14</total>
				<timestamp>4316.650238</timestamp>
			</report>
			<report>
				<misses>215900000</misses>
				<total>14</total>
				<timestamp>4318.651344</timestamp>
			</report>
			<report>
				<misses>216000000</misses>
				<total>14</total>
				<timestamp>4320.653179</timestamp>
			</report>
			<report>
				<misses>216100000</misses>
				<total>14</total>
				<timestamp>4322.655135</timestamp>
			</report>
			<report>
				<misses>216200000</misses>
				<total>14</total>
				<timestamp>4324.655772</timestamp>
			</report>
			<report>
				<misses>216300000</misses>
				<total>14</total>
				<timestamp>4326.656844</timestamp>
			</report>
			<report>
				<misses>216400000</misses>
				<total>14</total>
				<timestamp>4328.657125</timestamp>
			</report>
			<report>
				<misses>216500000</misses>
				<total>14</total>
				<timestamp>4330.657989</timestamp>
			</report>
			<report>
				<misses>216600000</misses>
				<total>14</total>
				<timestamp>4332.658148</timestamp>
			</report>
			<report>
				<misses>216700000</misses>
				<total>14</total>
				<timestamp>4334.658311</timestamp>
			</report>
			<report>
				<misses>216800000</misses>
				<total>14</total>
				<timestamp>4336.658346</timestamp>
			</report>
			<report>
				<misses>216900000</misses>
				<total>14</total>
				<timestamp>4338.660331</timestamp>
			</report>
			<report>
				<misses>217000000</misses>
				<total>14</total>
				<timestamp>4340.661302</timestamp>
			</report>
			<report>
				<misses>217100000</misses>
				<total>14</total>
				<timestamp>4342.662896</timestamp>
			</report>
			<report>
				<misses>217200000</misses>
				<total>14</total>
				<timestamp>4344.663009</timestamp>
			</report>
			<report>
				<misses>217300000</misses>
				<total>14</total>
				<timestamp>4346.663121</timestamp>
			</report>
			<report>
				<misses>217400000</misses>
				<total>14</total>
				<timestamp>4348.665776</timestamp>
			</report>
			<report>
				<misses>217500000</misses>
				<total>14</total>
				<timestamp>4350.666446</timestamp>
			</report>
			<report>
				<misses>217600000</misses>
				<total>14</total>
				<timestamp>4352.666670</timestamp>
			</report>
			<report>
				<misses>217700000</misses>
				<total>14</total>
				<timestamp>4354.666926</timestamp>
			</report>
			<report>
				<misses>217800000</misses>
				<total>14</total>
				<timestamp>4356.668262</timestamp>
			</report>
			<report>
				<misses>217900000</misses>
				<total>14</total>
				<timestamp>4358.668776</timestamp>
			</report>
			<report>
				<misses>218000000</misses>
				<total>14</total>
				<timestamp>4360.668829</timestamp>
			</report>
			<report>
				<misses>218100000</misses>
				<total>14</total>
				<timestamp>4362.668856</timestamp>
			</report>
			<report>
				<misses>218200000</misses>
				<total>14</total>
				<timestamp>4364.668904</timestamp>
			</report>
			<report>
				<misses>218300000</misses>
				<total>14</total>
				<timestamp>4366.668941</timestamp>
			</report>
			<report>
				<misses>218400000</misses>
				<total>14</total>
				<timestamp>4368.671000</timestamp>
			</report>
			<report>
				<misses>218500000</misses>
				<total>14</total>
				<timestamp>4370.671105</timestamp>
			</report>
			<report>
				<misses>218600000</misses>
				<total>14</total>
				<timestamp>4372.671152</timestamp>
			</report>
			<report>
				<misses>218700000</misses>
				<total>14</total>
				<timestamp>4374.671188</timestamp>
			</report>
			<report>
				<misses>218800000</misses>
				<total>14</total>
				<timestamp>4376.672358</timestamp>
			</report>
			<report>
				<misses>218900000</misses>
				<total>14</total>
				<timestamp>4378.672916</timestamp>
			</report>
			<report>
				<misses>219000000</misses>
				<total>14</total>
				<timestamp>4380.674038</timestamp>
			</report>
			<report>
				<misses>219100000</misses>
				<total>14</total>
				<timestamp>4382.675743</timestamp>
			</report>
			<report>
				<misses>219200000</misses>
				<total>14</total>
				<timestamp>4384.678465</timestamp>
			</report>
			<report>
				<misses>219300000</misses>
				<total>14</total>
				<timestamp>4386.678508</timestamp>
			</report>
			<report>
				<misses>219400000</misses>
				<total>14</total>
				<timestamp>4388.678548</timestamp>
			</report>
			<report>
				<misses>219500000</misses>
				<total>14</total>
				<timestamp>4390.680141</timestamp>
			</report>
			<report>
				<misses>219600000</misses>
				<total>14</total>
				<timestamp>4392.681142</timestamp>
			</report>
			<report>
				<misses>219700000</misses>
				<total>14</total>
				<timestamp>4394.681258</timestamp>
			</report>
			<report>
				<misses>219800000</misses>
				<total>14</total>
				<timestamp>4396.681289</timestamp>
			</report>
			<report>
				<misses>219900000</misses>
				<total>14</total>
				<timestamp>4398.681604</timestamp>
			</report>
			<report>
				<misses>220000000</misses>
				<total>14</total>
				<timestamp>4400.681906</timestamp>
			</report>
			<report>
				<misses>220100000</misses>
				<total>14</total>
				<timestamp>4402.682670</timestamp>
			</report>
			<report>
				<misses>220200000</misses>
				<total>14</total>
				<timestamp>4404.684121</timestamp>
			</report>
			<report>
				<misses>220300000</misses>
				<total>14</total>
				<timestamp>4406.684192</timestamp>
			</report>
			<report>
				<misses>220400000</misses>
				<total>14</total>
				<timestamp>4408.684358</timestamp>
			</report>
			<report>
				<misses>220500000</misses>
				<total>14</total>
				<timestamp>4410.686095</timestamp>
			</report>
			<report>
				<misses>220600000</misses>
				<total>14</total>
				<timestamp>4412.686913</timestamp>
			</report>
			<report>
				<misses>220700000</misses>
				<total>14</total>
				<timestamp>4414.687504</timestamp>
			</report>
			<report>
				<misses>220800000</misses>
				<total>14</total>
				<timestamp>4416.688850</timestamp>
			</report>
			<report>
				<misses>220900000</misses>
				<total>14</total>
				<timestamp>4418.690273</timestamp>
			</report>
			<report>
				<misses>221000000</misses>
				<total>14</total>
				<timestamp>4420.690358</timestamp>
			</report>
			<report>
				<misses>221100000</misses>
				<total>14</total>
				<timestamp>4422.691593</timestamp>
			</report>
			<report>
				<misses>221200000</misses>
				<total>14</total>
				<timestamp>4424.693264</timestamp>
			</report>
			<report>
				<misses>221300000</misses>
				<total>14</total>
				<timestamp>4426.694552</timestamp>
			</report>
			<report>
				<misses>221400000</misses>
				<total>14</total>
				<timestamp>4428.695461</timestamp>
			</report>
			<report>
				<misses>221500000</misses>
				<total>14</total>
				<timestamp>4430.695737</timestamp>
			</report>
			<report>
				<misses>221600000</misses>
				<total>14</total>
				<timestamp>4432.697334</timestamp>
			</report>
			<report>
				<misses>221700000</misses>
				<total>14</total>
				<timestamp>4434.699625</timestamp>
			</report>
			<report>
				<misses>221800000</misses>
				<total>14</total>
				<timestamp>4436.699819</timestamp>
			</report>
			<report>
				<misses>221900000</misses>
				<total>14</total>
				<timestamp>4438.700085</timestamp>
			</report>
			<report>
				<misses>222000000</misses>
				<total>14</total>
				<timestamp>4440.700520</timestamp>
			</report>
			<report>
				<misses>222100000</misses>
				<total>14</total>
				<timestamp>4442.700613</timestamp>
			</report>
			<report>
				<misses>222200000</misses>
				<total>14</total>
				<timestamp>4444.701591</timestamp>
			</report>
			<report>
				<misses>222300000</misses>
				<total>14</total>
				<timestamp>4446.702009</timestamp>
			</report>
			<report>
				<misses>222400000</misses>
				<total>14</total>
				<timestamp>4448.703294</timestamp>
			</report>
			<report>
				<misses>222500000</misses>
				<total>14</total>
				<timestamp>4450.703578</timestamp>
			</report>
			<report>
				<misses>222600000</misses>
				<total>14</total>
				<timestamp>4452.704315</timestamp>
			</report>
			<report>
				<misses>222700000</misses>
				<total>14</total>
				<timestamp>4454.705556</timestamp>
			</report>
			<report>
				<misses>222800000</misses>
				<total>14</total>
				<timestamp>4456.706926</timestamp>
			</report>
			<report>
				<misses>222900000</misses>
				<total>14</total>
				<timestamp>4458.708375</timestamp>
			</report>
			<report>
				<misses>223000000</misses>
				<total>14</total>
				<timestamp>4460.710034</timestamp>
			</report>
			<report>
				<misses>223100000</misses>
				<total>14</total>
				<timestamp>4462.711368</timestamp>
			</report>
			<report>
				<misses>223200000</misses>
				<total>14</total>
				<timestamp>4464.713111</timestamp>
			</report>
			<report>
				<misses>223300000</misses>
				<total>14</total>
				<timestamp>4466.714054</timestamp>
			</report>
			<report>
				<misses>223400000</misses>
				<total>14</total>
				<timestamp>4468.714614</timestamp>
			</report>
			<report>
				<misses>223500000</misses>
				<total>14</total>
				<timestamp>4470.714819</timestamp>
			</report>
			<report>
				<misses>223600000</misses>
				<total>14</total>
				<timestamp>4472.715214</timestamp>
			</report>
			<report>
				<misses>223700000</misses>
				<total>14</total>
				<timestamp>4474.716513</timestamp>
			</report>
			<report>
				<misses>223800000</misses>
				<total>14</total>
				<timestamp>4476.716612</timestamp>
			</report>
			<report>
				<misses>223900000</misses>
				<total>14</total>
				<timestamp>4478.717223</timestamp>
			</report>
			<report>
				<misses>224000000</misses>
				<total>14</total>
				<timestamp>4480.718597</timestamp>
			</report>
			<report>
				<misses>224100000</misses>
				<total>14</total>
				<timestamp>4482.720081</timestamp>
			</report>
			<report>
				<misses>224200000</misses>
				<total>14</total>
				<timestamp>4484.720783</timestamp>
			</report>
			<report>
				<misses>224300000</misses>
				<total>14</total>
				<timestamp>4486.721426</timestamp>
			</report>
			<report>
				<misses>224400000</misses>
				<total>14</total>
				<timestamp>4488.721770</timestamp>
			</report>
			<report>
				<misses>224500000</misses>
				<total>14</total>
				<timestamp>4490.722250</timestamp>
			</report>
			<report>
				<misses>224600000</misses>
				<total>14</total>
				<timestamp>4492.722574</timestamp>
			</report>
			<report>
				<misses>224700000</misses>
				<total>14</total>
				<timestamp>4494.722936</timestamp>
			</report>
			<report>
				<misses>224800000</misses>
				<total>14</total>
				<timestamp>4496.723445</timestamp>
			</report>
			<report>
				<misses>224900000</misses>
				<total>14</total>
				<timestamp>4498.723915</timestamp>
			</report>
			<report>
				<misses>225000000</misses>
				<total>14</total>
				<timestamp>4500.724406</timestamp>
			</report>
			<report>
				<misses>225100000</misses>
				<total>14</total>
				<timestamp>4502.726253</timestamp>
			</report>
			<report>
				<misses>225200000</misses>
				<total>14</total>
				<timestamp>4504.727251</timestamp>
			</report>
			<report>
				<misses>225300000</misses>
				<total>14</total>
				<timestamp>4506.728544</timestamp>
			</report>
			<report>
				<misses>225400000</misses>
				<total>14</total>
				<timestamp>4508.729528</timestamp>
			</report>
			<report>
				<misses>225500000</misses>
				<total>14</total>
				<timestamp>4510.731167</timestamp>
			</report>
			<report>
				<misses>225600000</misses>
				<total>14</total>
				<timestamp>4512.732757</timestamp>
			</report>
			<report>
				<misses>225700000</misses>
				<total>14</total>
				<timestamp>4514.733677</timestamp>
			</report>
			<report>
				<misses>225800000</misses>
				<total>14</total>
				<timestamp>4516.734413</timestamp>
			</report>
			<report>
				<misses>225900000</misses>
				<total>14</total>
				<timestamp>4518.734547</timestamp>
			</report>
			<report>
				<misses>226000000</misses>
				<total>14</total>
				<timestamp>4520.734698</timestamp>
			</report>
			<report>
				<misses>226100000</misses>
				<total>14</total>
				<timestamp>4522.736290</timestamp>
			</report>
			<report>
				<misses>226200000</misses>
				<total>14</total>
				<timestamp>4524.736586</timestamp>
			</report>
			<report>
				<misses>226300000</misses>
				<total>14</total>
				<timestamp>4526.736702</timestamp>
			</report>
			<report>
				<misses>226400000</misses>
				<total>14</total>
				<timestamp>4528.737460</timestamp>
			</report>
			<report>
				<misses>226500000</misses>
				<total>14</total>
				<timestamp>4530.737742</timestamp>
			</report>
			<report>
				<misses>226600000</misses>
				<total>14</total>
				<timestamp>4532.739269</timestamp>
			</report>
			<report>
				<misses>226700000</misses>
				<total>14</total>
				<timestamp>4534.739614</timestamp>
			</report>
			<report>
				<misses>226800000</misses>
				<total>14</total>
				<timestamp>4536.740004</timestamp>
			</report>
			<report>
				<misses>226900000</misses>
				<total>14</total>
				<timestamp>4538.740657</timestamp>
			</report>
			<report>
				<misses>227000000</misses>
				<total>14</total>
				<timestamp>4540.741286</timestamp>
			</report>
			<report>
				<misses>227100000</misses>
				<total>14</total>
				<timestamp>4542.742372</timestamp>
			</report>
			<report>
				<misses>227200000</misses>
				<total>14</total>
				<timestamp>4544.743646</timestamp>
			</report>
			<report>
				<misses>227300000</misses>
				<total>14</total>
				<timestamp>4546.744212</timestamp>
			</report>
			<report>
				<misses>227400000</misses>
				<total>14</total>
				<timestamp>4548.745578</timestamp>
			</report>
			<report>
				<misses>227500000</misses>
				<total>14</total>
				<timestamp>4550.747101</timestamp>
			</report>
			<report>
				<misses>227600000</misses>
				<total>14</total>
				<timestamp>4552.747593</timestamp>
			</report>
			<report>
				<misses>227700000</misses>
				<total>14</total>
				<timestamp>4554.747724</timestamp>
			</report>
			<report>
				<misses>227800000</misses>
				<total>14</total>
				<timestamp>4556.747841</timestamp>
			</report>
			<report>
				<misses>227900000</misses>
				<total>14</total>
				<timestamp>4558.749173</timestamp>
			</report>
			<report>
				<misses>228000000</misses>
				<total>14</total>
				<timestamp>4560.749817</timestamp>
			</report>
			<report>
				<misses>228100000</misses>
				<total>14</total>
				<timestamp>4562.750281</timestamp>
			</report>
			<report>
				<misses>228200000</misses>
				<total>14</total>
				<timestamp>4564.751267</timestamp>
			</report>
			<report>
				<misses>228300000</misses>
				<total>14</total>
				<timestamp>4566.751454</timestamp>
			</report>
			<report>
				<misses>228400000</misses>
				<total>14</total>
				<timestamp>4568.752005</timestamp>
			</report>
			<report>
				<misses>228500000</misses>
				<total>14</total>
				<timestamp>4570.752408</timestamp>
			</report>
			<report>
				<misses>228600000</misses>
				<total>14</total>
				<timestamp>4572.752533</timestamp>
			</report>
			<report>
				<misses>228700000</misses>
				<total>14</total>
				<timestamp>4574.753368</timestamp>
			</report>
			<report>
				<misses>228800000</misses>
				<total>14</total>
				<timestamp>4576.753533</timestamp>
			</report>
			<report>
				<misses>228900000</misses>
				<total>14</total>
				<timestamp>4578.754608</timestamp>
			</report>
			<report>
				<misses>229000000</misses>
				<total>14</total>
				<timestamp>4580.755115</timestamp>
			</report>
			<report>
				<misses>229100000</misses>
				<total>14</total>
				<timestamp>4582.755587</timestamp>
			</report>
			<report>
				<misses>229200000</misses>
				<total>14</total>
				<timestamp>4584.756745</timestamp>
			</report>
			<report>
				<misses>229300000</misses>
				<total>14</total>
				<timestamp>4586.758340</timestamp>
			</report>
			<report>
				<misses>229400000</misses>
				<total>14</total>
				<timestamp>4588.759768</timestamp>
			</report>
			<report>
				<misses>229500000</misses>
				<total>14</total>
				<timestamp>4590.760552</timestamp>
			</report>
			<report>
				<misses>229600000</misses>
				<total>14</total>
				<timestamp>4592.761086</timestamp>
			</report>
			<report>
				<misses>229700000</misses>
				<total>14</total>
				<timestamp>4594.761388</timestamp>
			</report>
			<report>
				<misses>229800000</misses>
				<total>14</total>
				<timestamp>4596.762803</timestamp>
			</report>
			<report>
				<misses>229900000</misses>
				<total>14</total>
				<timestamp>4598.763476</timestamp>
			</report>
			<report>
				<misses>230000000</misses>
				<total>14</total>
				<timestamp>4600.763735</timestamp>
			</report>
			<report>
				<misses>230100000</misses>
				<total>14</total>
				<timestamp>4602.763990</timestamp>
			</report>
			<report>
				<misses>230200000</misses>
				<total>14</total>
				<timestamp>4604.764151</timestamp>
			</report>
			<report>
				<misses>230300000</misses>
				<total>14</total>
				<timestamp>4606.765204</timestamp>
			</report>
			<report>
				<misses>230400000</misses>
				<total>14</total>
				<timestamp>4608.765288</timestamp>
			</report>
			<report>
				<misses>230500000</misses>
				<total>14</total>
				<timestamp>4610.765451</timestamp>
			</report>
			<report>
				<misses>230600000</misses>
				<total>14</total>
				<timestamp>4612.766377</timestamp>
			</report>
			<report>
				<misses>230700000</misses>
				<total>14</total>
				<timestamp>4614.767383</timestamp>
			</report>
			<report>
				<misses>230800000</misses>
				<total>14</total>
				<timestamp>4616.768379</timestamp>
			</report>
			<report>
				<misses>230900000</misses>
				<total>14</total>
				<timestamp>4618.768654</timestamp>
			</report>
			<report>
				<misses>231000000</misses>
				<total>14</total>
				<timestamp>4620.769058</timestamp>
			</report>
			<report>
				<misses>231100000</misses>
				<total>14</total>
				<timestamp>4622.769225</timestamp>
			</report>
			<report>
				<misses>231200000</misses>
				<total>14</total>
				<timestamp>4624.769491</timestamp>
			</report>
			<report>
				<misses>231300000</misses>
				<total>14</total>
				<timestamp>4626.770759</timestamp>
			</report>
			<report>
				<misses>231400000</misses>
				<total>14</total>
				<timestamp>4628.772291</timestamp>
			</report>
			<report>
				<misses>231500000</misses>
				<total>14</total>
				<timestamp>4630.772932</timestamp>
			</report>
			<report>
				<misses>231600000</misses>
				<total>14</total>
				<timestamp>4632.774140</timestamp>
			</report>
			<report>
				<misses>231700000</misses>
				<total>14</total>
				<timestamp>4634.774727</timestamp>
			</report>
			<report>
				<misses>231800000</misses>
				<total>14</total>
				<timestamp>4636.775399</timestamp>
			</report>
			<report>
				<misses>231900000</misses>
				<total>14</total>
				<timestamp>4638.775451</timestamp>
			</report>
			<report>
				<misses>232000000</misses>
				<total>14</total>
				<timestamp>4640.775551</timestamp>
			</report>
			<report>
				<misses>232100000</misses>
				<total>14</total>
				<timestamp>4642.775610</timestamp>
			</report>
			<report>
				<misses>232200000</misses>
				<total>14</total>
				<timestamp>4644.776071</timestamp>
			</report>
			<report>
				<misses>232300000</misses>
				<total>14</total>
				<timestamp>4646.776313</timestamp>
			</report>
			<report>
				<misses>232400000</misses>
				<total>14</total>
				<timestamp>4648.777087</timestamp>
			</report>
			<report>
				<misses>232500000</misses>
				<total>14</total>
				<timestamp>4650.778473</timestamp>
			</report>
			<report>
				<misses>232600000</misses>
				<total>14</total>
				<timestamp>4652.780264</timestamp>
			</report>
			<report>
				<misses>232700000</misses>
				<total>14</total>
				<timestamp>4654.781732</timestamp>
			</report>
			<report>
				<misses>232800000</misses>
				<total>14</total>
				<timestamp>4656.781893</timestamp>
			</report>
			<report>
				<misses>232900000</misses>
				<total>14</total>
				<timestamp>4658.782365</timestamp>
			</report>
			<report>
				<misses>233000000</misses>
				<total>14</total>
				<timestamp>4660.782647</timestamp>
			</report>
			<report>
				<misses>233100000</misses>
				<total>14</total>
				<timestamp>4662.784697</timestamp>
			</report>
			<report>
				<misses>233200000</misses>
				<total>14</total>
				<timestamp>4664.785954</timestamp>
			</report>
			<report>
				<misses>233300000</misses>
				<total>14</total>
				<timestamp>4666.786742</timestamp>
			</report>
			<report>
				<misses>233400000</misses>
				<total>14</total>
				<timestamp>4668.787528</timestamp>
			</report>
			<report>
				<misses>233500000</misses>
				<total>14</total>
				<timestamp>4670.789242</timestamp>
			</report>
			<report>
				<misses>233600000</misses>
				<total>14</total>
				<timestamp>4672.789881</timestamp>
			</report>
			<report>
				<misses>233700000</misses>
				<total>14</total>
				<timestamp>4674.790322</timestamp>
			</report>
			<report>
				<misses>233800000</misses>
				<total>14</total>
				<timestamp>4676.791540</timestamp>
			</report>
			<report>
				<misses>233900000</misses>
				<total>14</total>
				<timestamp>4678.793517</timestamp>
			</report>
			<report>
				<misses>234000000</misses>
				<total>14</total>
				<timestamp>4680.794063</timestamp>
			</report>
			<report>
				<misses>234100000</misses>
				<total>14</total>
				<timestamp>4682.794541</timestamp>
			</report>
			<report>
				<misses>234200000</misses>
				<total>14</total>
				<timestamp>4684.794753</timestamp>
			</report>
			<report>
				<misses>234300000</misses>
				<total>14</total>
				<timestamp>4686.795285</timestamp>
			</report>
			<report>
				<misses>234400000</misses>
				<total>14</total>
				<timestamp>4688.796909</timestamp>
			</report>
			<report>
				<misses>234500000</misses>
				<total>14</total>
				<timestamp>4690.799117</timestamp>
			</report>
			<report>
				<misses>234600000</misses>
				<total>14</total>
				<timestamp>4692.802210</timestamp>
			</report>
			<report>
				<misses>234700000</misses>
				<total>14</total>
				<timestamp>4694.803102</timestamp>
			</report>
			<report>
				<misses>234800000</misses>
				<total>14</total>
				<timestamp>4696.804309</timestamp>
			</report>
			<report>
				<misses>234900000</misses>
				<total>14</total>
				<timestamp>4698.804943</timestamp>
			</report>
			<report>
				<misses>235000000</misses>
				<total>14</total>
				<timestamp>4700.805457</timestamp>
			</report>
			<report>
				<misses>235100000</misses>
				<total>14</total>
				<timestamp>4702.806039</timestamp>
			</report>
			<report>
				<misses>235200000</misses>
				<total>14</total>
				<timestamp>4704.806144</timestamp>
			</report>
			<report>
				<misses>235300000</misses>
				<total>14</total>
				<timestamp>4706.807628</timestamp>
			</report>
			<report>
				<misses>235400000</misses>
				<total>14</total>
				<timestamp>4708.808695</timestamp>
			</report>
			<report>
				<misses>235500000</misses>
				<total>14</total>
				<timestamp>4710.809042</timestamp>
			</report>
			<report>
				<misses>235600000</misses>
				<total>14</total>
				<timestamp>4712.810117</timestamp>
			</report>
			<report>
				<misses>235700000</misses>
				<total>14</total>
				<timestamp>4714.811978</timestamp>
			</report>
			<report>
				<misses>235800000</misses>
				<total>14</total>
				<timestamp>4716.813059</timestamp>
			</report>
			<report>
				<misses>235900000</misses>
				<total>14</total>
				<timestamp>4718.813226</timestamp>
			</report>
			<report>
				<misses>236000000</misses>
				<total>14</total>
				<timestamp>4720.813507</timestamp>
			</report>
			<report>
				<misses>236100000</misses>
				<total>14</total>
				<timestamp>4722.813553</timestamp>
			</report>
			<report>
				<misses>236200000</misses>
				<total>14</total>
				<timestamp>4724.813844</timestamp>
			</report>
			<report>
				<misses>236300000</misses>
				<total>14</total>
				<timestamp>4726.814872</timestamp>
			</report>
			<report>
				<misses>236400000</misses>
				<total>14</total>
				<timestamp>4728.816443</timestamp>
			</report>
			<report>
				<misses>236500000</misses>
				<total>14</total>
				<timestamp>4730.818462</timestamp>
			</report>
			<report>
				<misses>236600000</misses>
				<total>14</total>
				<timestamp>4732.819637</timestamp>
			</report>
			<report>
				<misses>236700000</misses>
				<total>14</total>
				<timestamp>4734.820547</timestamp>
			</report>
			<report>
				<misses>236800000</misses>
				<total>14</total>
				<timestamp>4736.820630</timestamp>
			</report>
			<report>
				<misses>236900000</misses>
				<total>14</total>
				<timestamp>4738.820740</timestamp>
			</report>
			<report>
				<misses>237000000</misses>
				<total>14</total>
				<timestamp>4740.820992</timestamp>
			</report>
			<report>
				<misses>237100000</misses>
				<total>14</total>
				<timestamp>4742.822375</timestamp>
			</report>
			<report>
				<misses>237200000</misses>
				<total>14</total>
				<timestamp>4744.824068</timestamp>
			</report>
			<report>
				<misses>237300000</misses>
				<total>14</total>
				<timestamp>4746.825917</timestamp>
			</report>
			<report>
				<misses>237400000</misses>
				<total>14</total>
				<timestamp>4748.827818</timestamp>
			</report>
			<report>
				<misses>237500000</misses>
				<total>14</total>
				<timestamp>4750.829143</timestamp>
			</report>
			<report>
				<misses>237600000</misses>
				<total>14</total>
				<timestamp>4752.830495</timestamp>
			</report>
			<report>
				<misses>237700000</misses>
				<total>14</total>
				<timestamp>4754.830717</timestamp>
			</report>
			<report>
				<misses>237800000</misses>
				<total>14</total>
				<timestamp>4756.830759</timestamp>
			</report>
			<report>
				<misses>237900000</misses>
				<total>14</total>
				<timestamp>4758.830948</timestamp>
			</report>
			<report>
				<misses>238000000</misses>
				<total>14</total>
				<timestamp>4760.831138</timestamp>
			</report>
			<report>
				<misses>238100000</misses>
				<total>14</total>
				<timestamp>4762.832496</timestamp>
			</report>
			<report>
				<misses>238200000</misses>
				<total>14</total>
				<timestamp>4764.833926</timestamp>
			</report>
			<report>
				<misses>238300000</misses>
				<total>14</total>
				<timestamp>4766.834702</timestamp>
			</report>
			<report>
				<misses>238400000</misses>
				<total>14</total>
				<timestamp>4768.836860</timestamp>
			</report>
			<report>
				<misses>238500000</misses>
				<total>14</total>
				<timestamp>4770.837226</timestamp>
			</report>
			<report>
				<misses>238600000</misses>
				<total>14</total>
				<timestamp>4772.837743</timestamp>
			</report>
			<report>
				<misses>238700000</misses>
				<total>14</total>
				<timestamp>4774.838324</timestamp>
			</report>
			<report>
				<misses>238800000</misses>
				<total>14</total>
				<timestamp>4776.839740</timestamp>
			</report>
			<report>
				<misses>238900000</misses>
				<total>14</total>
				<timestamp>4778.841617</timestamp>
			</report>
			<report>
				<misses>239000000</misses>
				<total>14</total>
				<timestamp>4780.842000</timestamp>
			</report>
			<report>
				<misses>239100000</misses>
				<total>14</total>
				<timestamp>4782.842170</timestamp>
			</report>
			<report>
				<misses>239200000</misses>
				<total>14</total>
				<timestamp>4784.842333</timestamp>
			</report>
			<report>
				<misses>239300000</misses>
				<total>14</total>
				<timestamp>4786.843509</timestamp>
			</report>
			<report>
				<misses>239400000</misses>
				<total>14</total>
				<timestamp>4788.844419</timestamp>
			</report>
			<report>
				<misses>239500000</misses>
				<total>14</total>
				<timestamp>4790.844721</timestamp>
			</report>
			<report>
				<misses>239600000</misses>
				<total>14</total>
				<timestamp>4792.845787</timestamp>
			</report>
			<report>
				<misses>239700000</misses>
				<total>14</total>
				<timestamp>4794.846755</timestamp>
			</report>
			<report>
				<misses>239800000</misses>
				<total>14</total>
				<timestamp>4796.847609</timestamp>
			</report>
			<report>
				<misses>239900000</misses>
				<total>14</total>
				<timestamp>4798.848051</timestamp>
			</report>
			<report>
				<misses>240000000</misses>
				<total>14</total>
				<timestamp>4800.848261</timestamp>
			</report>
			<report>
				<misses>240100000</misses>
				<total>14</total>
				<timestamp>4802.848405</timestamp>
			</report>
			<report>
				<misses>240200000</misses>
				<total>14</total>
				<timestamp>4804.849015</timestamp>
			</report>
			<report>
				<misses>240300000</misses>
				<total>14</total>
				<timestamp>4806.849523</timestamp>
			</report>
			<report>
				<misses>240400000</misses>
				<total>14</total>
				<timestamp>4808.850409</timestamp>
			</report>
			<report>
				<misses>240500000</misses>
				<total>14</total>
				<timestamp>4810.850810</timestamp>
			</report>
			<report>
				<misses>240600000</misses>
				<total>14</total>
				<timestamp>4812.851749</timestamp>
			</report>
			<report>
				<misses>240700000</misses>
				<total>14</total>
				<timestamp>4814.852419</timestamp>
			</report>
			<report>
				<misses>240800000</misses>
				<total>14</total>
				<timestamp>4816.853276</timestamp>
			</report>
			<report>
				<misses>240900000</misses>
				<total>14</total>
				<timestamp>4818.853531</timestamp>
			</report>
			<report>
				<misses>241000000</misses>
				<total>14</total>
				<timestamp>4820.853709</timestamp>
			</report>
			<report>
				<misses>241100000</misses>
				<total>14</total>
				<timestamp>4822.853845</timestamp>
			</report>
			<report>
				<misses>241200000</misses>
				<total>14</total>
				<timestamp>4824.854475</timestamp>
			</report>
			<report>
				<misses>241300000</misses>
				<total>14</total>
				<timestamp>4826.855710</timestamp>
			</report>
			<report>
				<misses>241400000</misses>
				<total>14</total>
				<timestamp>4828.857022</timestamp>
			</report>
			<report>
				<misses>241500000</misses>
				<total>14</total>
				<timestamp>4830.860966</timestamp>
			</report>
			<report>
				<misses>241600000</misses>
				<total>14</total>
				<timestamp>4832.861256</timestamp>
			</report>
			<report>
				<misses>241700000</misses>
				<total>14</total>
				<timestamp>4834.861911</timestamp>
			</report>
			<report>
				<misses>241800000</misses>
				<total>14</total>
				<timestamp>4836.863054</timestamp>
			</report>
			<report>
				<misses>241900000</misses>
				<total>14</total>
				<timestamp>4838.863715</timestamp>
			</report>
			<report>
				<misses>242000000</misses>
				<total>14</total>
				<timestamp>4840.866150</timestamp>
			</report>
			<report>
				<misses>242100000</misses>
				<total>14</total>
				<timestamp>4842.867302</timestamp>
			</report>
			<report>
				<misses>242200000</misses>
				<total>14</total>
				<timestamp>4844.867647</timestamp>
			</report>
			<report>
				<misses>242300000</misses>
				<total>14</total>
				<timestamp>4846.868556</timestamp>
			</report>
			<report>
				<misses>242400000</misses>
				<total>14</total>
				<timestamp>4848.868787</timestamp>
			</report>
			<report>
				<misses>242500000</misses>
				<total>14</total>
				<timestamp>4850.869109</timestamp>
			</report>
			<report>
				<misses>242600000</misses>
				<total>14</total>
				<timestamp>4852.870357</timestamp>
			</report>
			<report>
				<misses>242700000</misses>
				<total>14</total>
				<timestamp>4854.870623</timestamp>
			</report>
			<report>
				<misses>242800000</misses>
				<total>14</total>
				<timestamp>4856.871156</timestamp>
			</report>
			<report>
				<misses>242900000</misses>
				<total>14</total>
				<timestamp>4858.872106</timestamp>
			</report>
			<report>
				<misses>243000000</misses>
				<total>14</total>
				<timestamp>4860.872135</timestamp>
			</report>
			<report>
				<misses>243100000</misses>
				<total>14</total>
				<timestamp>4862.872549</timestamp>
			</report>
			<report>
				<misses>243200000</misses>
				<total>14</total>
				<timestamp>4864.872665</timestamp>
			</report>
			<report>
				<misses>243300000</misses>
				<total>14</total>
				<timestamp>4866.872879</timestamp>
			</report>
			<report>
				<misses>243400000</misses>
				<total>14</total>
				<timestamp>4868.873056</timestamp>
			</report>
			<report>
				<misses>243500000</misses>
				<total>14</total>
				<timestamp>4870.873983</timestamp>
			</report>
			<report>
				<misses>243600000</misses>
				<total>14</total>
				<timestamp>4872.874616</timestamp>
			</report>
			<report>
				<misses>243700000</misses>
				<total>14</total>
				<timestamp>4874.875107</timestamp>
			</report>
			<report>
				<misses>243800000</misses>
				<total>14</total>
				<timestamp>4876.875698</timestamp>
			</report>
			<report>
				<misses>243900000</misses>
				<total>14</total>
				<timestamp>4878.878812</timestamp>
			</report>
			<report>
				<misses>244000000</misses>
				<total>14</total>
				<timestamp>4880.879676</timestamp>
			</report>
			<report>
				<misses>244100000</misses>
				<total>14</total>
				<timestamp>4882.880730</timestamp>
			</report>
			<report>
				<misses>244200000</misses>
				<total>14</total>
				<timestamp>4884.881391</timestamp>
			</report>
			<report>
				<misses>244300000</misses>
				<total>14</total>
				<timestamp>4886.882253</timestamp>
			</report>
			<report>
				<misses>244400000</misses>
				<total>14</total>
				<timestamp>4888.883441</timestamp>
			</report>
			<report>
				<misses>244500000</misses>
				<total>14</total>
				<timestamp>4890.884234</timestamp>
			</report>
			<report>
				<misses>244600000</misses>
				<total>14</total>
				<timestamp>4892.884501</timestamp>
			</report>
			<report>
				<misses>244700000</misses>
				<total>14</total>
				<timestamp>4894.884675</timestamp>
			</report>
			<report>
				<misses>244800000</misses>
				<total>14</total>
				<timestamp>4896.885484</timestamp>
			</report>
			<report>
				<misses>244900000</misses>
				<total>14</total>
				<timestamp>4898.885814</timestamp>
			</report>
			<report>
				<misses>245000000</misses>
				<total>14</total>
				<timestamp>4900.886456</timestamp>
			</report>
			<report>
				<misses>245100000</misses>
				<total>14</total>
				<timestamp>4902.887083</timestamp>
			</report>
			<report>
				<misses>245200000</misses>
				<total>14</total>
				<timestamp>4904.888000</timestamp>
			</report>
			<report>
				<misses>245300000</misses>
				<total>14</total>
				<timestamp>4906.888779</timestamp>
			</report>
			<report>
				<misses>245400000</misses>
				<total>14</total>
				<timestamp>4908.889296</timestamp>
			</report>
			<report>
				<misses>245500000</misses>
				<total>14</total>
				<timestamp>4910.889846</timestamp>
			</report>
			<report>
				<misses>245600000</misses>
				<total>14</total>
				<timestamp>4912.889958</timestamp>
			</report>
			<report>
				<misses>245700000</misses>
				<total>14</total>
				<timestamp>4914.890249</timestamp>
			</report>
			<report>
				<misses>245800000</misses>
				<total>14</total>
				<timestamp>4916.890743</timestamp>
			</report>
			<report>
				<misses>245900000</misses>
				<total>14</total>
				<timestamp>4918.891274</timestamp>
			</report>
			<report>
				<misses>246000000</misses>
				<total>14</total>
				<timestamp>4920.892414</timestamp>
			</report>
			<report>
				<misses>246100000</misses>
				<total>14</total>
				<timestamp>4922.893087</timestamp>
			</report>
			<report>
				<misses>246200000</misses>
				<total>14</total>
				<timestamp>4924.893503</timestamp>
			</report>
			<report>
				<misses>246300000</misses>
				<total>14</total>
				<timestamp>4926.895130</timestamp>
			</report>
			<report>
				<misses>246400000</misses>
				<total>14</total>
				<timestamp>4928.895536</timestamp>
			</report>
			<report>
				<misses>246500000</misses>
				<total>14</total>
				<timestamp>4930.895839</timestamp>
			</report>
			<report>
				<misses>246600000</misses>
				<total>14</total>
				<timestamp>4932.896020</timestamp>
			</report>
			<report>
				<misses>246700000</misses>
				<total>14</total>
				<timestamp>4934.896499</timestamp>
			</report>
			<report>
				<misses>246800000</misses>
				<total>14</total>
				<timestamp>4936.896769</timestamp>
			</report>
			<report>
				<misses>246900000</misses>
				<total>14</total>
				<timestamp>4938.897989</timestamp>
			</report>
			<report>
				<misses>247000000</misses>
				<total>14</total>
				<timestamp>4940.899006</timestamp>
			</report>
			<report>
				<misses>247100000</misses>
				<total>14</total>
				<timestamp>4942.901002</timestamp>
			</report>
			<report>
				<misses>247200000</misses>
				<total>14</total>
				<timestamp>4944.902286</timestamp>
			</report>
			<report>
				<misses>247300000</misses>
				<total>14</total>
				<timestamp>4946.902560</timestamp>
			</report>
			<report>
				<misses>247400000</misses>
				<total>14</total>
				<timestamp>4948.903880</timestamp>
			</report>
			<report>
				<misses>247500000</misses>
				<total>14</total>
				<timestamp>4950.904057</timestamp>
			</report>
			<report>
				<misses>247600000</misses>
				<total>14</total>
				<timestamp>4952.905530</timestamp>
			</report>
			<report>
				<misses>247700000</misses>
				<total>14</total>
				<timestamp>4954.906238</timestamp>
			</report>
			<report>
				<misses>247800000</misses>
				<total>14</total>
				<timestamp>4956.906656</timestamp>
			</report>
			<report>
				<misses>247900000</misses>
				<total>14</total>
				<timestamp>4958.906775</timestamp>
			</report>
			<report>
				<misses>248000000</misses>
				<total>14</total>
				<timestamp>4960.907160</timestamp>
			</report>
			<report>
				<misses>248100000</misses>
				<total>14</total>
				<timestamp>4962.907501</timestamp>
			</report>
			<report>
				<misses>248200000</misses>
				<total>14</total>
				<timestamp>4964.907668</timestamp>
			</report>
			<report>
				<misses>248300000</misses>
				<total>14</total>
				<timestamp>4966.908799</timestamp>
			</report>
			<report>
				<misses>248400000</misses>
				<total>14</total>
				<timestamp>4968.909442</timestamp>
			</report>
			<report>
				<misses>248500000</misses>
				<total>14</total>
				<timestamp>4970.910250</timestamp>
			</report>
			<report>
				<misses>248600000</misses>
				<total>14</total>
				<timestamp>4972.910274</timestamp>
			</report>
			<report>
				<misses>248700000</misses>
				<total>14</total>
				<timestamp>4974.910985</timestamp>
			</report>
			<report>
				<misses>248800000</misses>
				<total>14</total>
				<timestamp>4976.911403</timestamp>
			</report>
			<report>
				<misses>248900000</misses>
				<total>14</total>
				<timestamp>4978.911673</timestamp>
			</report>
			<report>
				<misses>249000000</misses>
				<total>14</total>
				<timestamp>4980.911930</timestamp>
			</report>
			<report>
				<misses>249100000</misses>
				<total>14</total>
				<timestamp>4982.914245</timestamp>
			</report>
			<report>
				<misses>249200000</misses>
				<total>14</total>
				<timestamp>4984.914678</timestamp>
			</report>
			<report>
				<misses>249300000</misses>
				<total>14</total>
				<timestamp>4986.915230</timestamp>
			</report>
			<report>
				<misses>249400000</misses>
				<total>14</total>
				<timestamp>4988.915284</timestamp>
			</report>
			<report>
				<misses>249500000</misses>
				<total>14</total>
				<timestamp>4990.915758</timestamp>
			</report>
			<report>
				<misses>249600000</misses>
				<total>14</total>
				<timestamp>4992.916190</timestamp>
			</report>
			<report>
				<misses>249700000</misses>
				<total>14</total>
				<timestamp>4994.916494</timestamp>
			</report>
			<report>
				<misses>249800000</misses>
				<total>14</total>
				<timestamp>4996.916761</timestamp>
			</report>
			<report>
				<misses>249900000</misses>
				<total>14</total>
				<timestamp>4998.916864</timestamp>
			</report>
			<report>
				<misses>250000000</misses>
				<total>14</total>
				<timestamp>5000.917115</timestamp>
			</report>
			<report>
				<misses>250100000</misses>
				<total>14</total>
				<timestamp>5002.917706</timestamp>
			</report>
			<report>
				<misses>250200000</misses>
				<total>14</total>
				<timestamp>5004.917851</timestamp>
			</report>
			<report>
				<misses>250300000</misses>
				<total>14</total>
				<timestamp>5006.918498</timestamp>
			</report>
			<report>
				<misses>250400000</misses>
				<total>14</total>
				<timestamp>5008.918923</timestamp>
			</report>
			<report>
				<misses>250500000</misses>
				<total>14</total>
				<timestamp>5010.919457</timestamp>
			</report>
			<report>
				<misses>250600000</misses>
				<total>14</total>
				<timestamp>5012.919719</timestamp>
			</report>
			<report>
				<misses>250700000</misses>
				<total>14</total>
				<timestamp>5014.919980</timestamp>
			</report>
			<report>
				<misses>250800000</misses>
				<total>14</total>
				<timestamp>5016.920343</timestamp>
			</report>
			<report>
				<misses>250900000</misses>
				<total>14</total>
				<timestamp>5018.920467</timestamp>
			</report>
			<report>
				<misses>251000000</misses>
				<total>14</total>
				<timestamp>5020.920515</timestamp>
			</report>
			<report>
				<misses>251100000</misses>
				<total>14</total>
				<timestamp>5022.920698</timestamp>
			</report>
			<report>
				<misses>251200000</misses>
				<total>14</total>
				<timestamp>5024.922252</timestamp>
			</report>
			<report>
				<misses>251300000</misses>
				<total>14</total>
				<timestamp>5026.923795</timestamp>
			</report>
			<report>
				<misses>251400000</misses>
				<total>14</total>
				<timestamp>5028.924623</timestamp>
			</report>
			<report>
				<misses>251500000</misses>
				<total>14</total>
				<timestamp>5030.924984</timestamp>
			</report>
			<report>
				<misses>251600000</misses>
				<total>14</total>
				<timestamp>5032.925322</timestamp>
			</report>
			<report>
				<misses>251700000</misses>
				<total>14</total>
				<timestamp>5034.926740</timestamp>
			</report>
			<report>
				<misses>251800000</misses>
				<total>14</total>
				<timestamp>5036.927893</timestamp>
			</report>
			<report>
				<misses>251900000</misses>
				<total>14</total>
				<timestamp>5038.928421</timestamp>
			</report>
			<report>
				<misses>252000000</misses>
				<total>14</total>
				<timestamp>5040.929008</timestamp>
			</report>
			<report>
				<misses>252100000</misses>
				<total>14</total>
				<timestamp>5042.929134</timestamp>
			</report>
			<report>
				<misses>252200000</misses>
				<total>14</total>
				<timestamp>5044.929266</timestamp>
			</report>
			<report>
				<misses>252300000</misses>
				<total>14</total>
				<timestamp>5046.929322</timestamp>
			</report>
			<report>
				<misses>252400000</misses>
				<total>14</total>
				<timestamp>5048.930537</timestamp>
			</report>
			<report>
				<misses>252500000</misses>
				<total>14</total>
				<timestamp>5050.931249</timestamp>
			</report>
			<report>
				<misses>252600000</misses>
				<total>14</total>
				<timestamp>5052.932333</timestamp>
			</report>
			<report>
				<misses>252700000</misses>
				<total>14</total>
				<timestamp>5054.933895</timestamp>
			</report>
			<report>
				<misses>252800000</misses>
				<total>14</total>
				<timestamp>5056.935793</timestamp>
			</report>
			<report>
				<misses>252900000</misses>
				<total>14</total>
				<timestamp>5058.936674</timestamp>
			</report>
			<report>
				<misses>253000000</misses>
				<total>14</total>
				<timestamp>5060.937077</timestamp>
			</report>
			<report>
				<misses>253100000</misses>
				<total>14</total>
				<timestamp>5062.937982</timestamp>
			</report>
			<report>
				<misses>253200000</misses>
				<total>14</total>
				<timestamp>5064.938129</timestamp>
			</report>
			<report>
				<misses>253300000</misses>
				<total>14</total>
				<timestamp>5066.938327</timestamp>
			</report>
			<report>
				<misses>253400000</misses>
				<total>14</total>
				<timestamp>5068.938448</timestamp>
			</report>
			<report>
				<misses>253500000</misses>
				<total>14</total>
				<timestamp>5070.939130</timestamp>
			</report>
			<report>
				<misses>253600000</misses>
				<total>14</total>
				<timestamp>5072.939653</timestamp>
			</report>
			<report>
				<misses>253700000</misses>
				<total>14</total>
				<timestamp>5074.939900</timestamp>
			</report>
			<report>
				<misses>253800000</misses>
				<total>14</total>
				<timestamp>5076.940472</timestamp>
			</report>
			<report>
				<misses>253900000</misses>
				<total>14</total>
				<timestamp>5078.941107</timestamp>
			</report>
			<report>
				<misses>254000000</misses>
				<total>14</total>
				<timestamp>5080.941974</timestamp>
			</report>
			<report>
				<misses>254100000</misses>
				<total>14</total>
				<timestamp>5082.942235</timestamp>
			</report>
			<report>
				<misses>254200000</misses>
				<total>14</total>
				<timestamp>5084.942462</timestamp>
			</report>
			<report>
				<misses>254300000</misses>
				<total>14</total>
				<timestamp>5086.942560</timestamp>
			</report>
			<report>
				<misses>254400000</misses>
				<total>14</total>
				<timestamp>5088.942851</timestamp>
			</report>
			<report>
				<misses>254500000</misses>
				<total>14</total>
				<timestamp>5090.943243</timestamp>
			</report>
			<report>
				<misses>254600000</misses>
				<total>14</total>
				<timestamp>5092.944698</timestamp>
			</report>
			<report>
				<misses>254700000</misses>
				<total>14</total>
				<timestamp>5094.945335</timestamp>
			</report>
			<report>
				<misses>254800000</misses>
				<total>14</total>
				<timestamp>5096.945588</timestamp>
			</report>
			<report>
				<misses>254900000</misses>
				<total>14</total>
				<timestamp>5098.946723</timestamp>
			</report>
			<report>
				<misses>255000000</misses>
				<total>14</total>
				<timestamp>5100.947143</timestamp>
			</report>
			<report>
				<misses>255100000</misses>
				<total>14</total>
				<timestamp>5102.947900</timestamp>
			</report>
			<report>
				<misses>255200000</misses>
				<total>14</total>
				<timestamp>5104.948732</timestamp>
			</report>
			<report>
				<misses>255300000</misses>
				<total>14</total>
				<timestamp>5106.949119</timestamp>
			</report>
			<report>
				<misses>255400000</misses>
				<total>14</total>
				<timestamp>5108.950653</timestamp>
			</report>
			<report>
				<misses>255500000</misses>
				<total>14</total>
				<timestamp>5110.952249</timestamp>
			</report>
			<report>
				<misses>255600000</misses>
				<total>14</total>
				<timestamp>5112.953814</timestamp>
			</report>
			<report>
				<misses>255700000</misses>
				<total>14</total>
				<timestamp>5114.954388</timestamp>
			</report>
			<report>
				<misses>255800000</misses>
				<total>14</total>
				<timestamp>5116.955739</timestamp>
			</report>
			<report>
				<misses>255900000</misses>
				<total>14</total>
				<timestamp>5118.956035</timestamp>
			</report>
			<report>
				<misses>256000000</misses>
				<total>14</total>
				<timestamp>5120.956285</timestamp>
			</report>
			<report>
				<misses>256100000</misses>
				<total>14</total>
				<timestamp>5122.956534</timestamp>
			</report>
			<report>
				<misses>256200000</misses>
				<total>14</total>
				<timestamp>5124.956820</timestamp>
			</report>
			<report>
				<misses>256300000</misses>
				<total>14</total>
				<timestamp>5126.957424</timestamp>
			</report>
			<report>
				<misses>256400000</misses>
				<total>14</total>
				<timestamp>5128.957569</timestamp>
			</report>
			<report>
				<misses>256500000</misses>
				<total>14</total>
				<timestamp>5130.957864</timestamp>
			</report>
			<report>
				<misses>256600000</misses>
				<total>14</total>
				<timestamp>5132.958701</timestamp>
			</report>
			<report>
				<misses>256700000</misses>
				<total>14</total>
				<timestamp>5134.958964</timestamp>
			</report>
			<report>
				<misses>256800000</misses>
				<total>14</total>
				<timestamp>5136.959298</timestamp>
			</report>
			<report>
				<misses>256900000</misses>
				<total>14</total>
				<timestamp>5138.959947</timestamp>
			</report>
			<report>
				<misses>257000000</misses>
				<total>14</total>
				<timestamp>5140.961012</timestamp>
			</report>
			<report>
				<misses>257100000</misses>
				<total>14</total>
				<timestamp>5142.961266</timestamp>
			</report>
			<report>
				<misses>257200000</misses>
				<total>14</total>
				<timestamp>5144.961671</timestamp>
			</report>
			<report>
				<misses>257300000</misses>
				<total>14</total>
				<timestamp>5146.961741</timestamp>
			</report>
			<report>
				<misses>257400000</misses>
				<total>14</total>
				<timestamp>5148.962604</timestamp>
			</report>
			<report>
				<misses>257500000</misses>
				<total>14</total>
				<timestamp>5150.963281</timestamp>
			</report>
			<report>
				<misses>257600000</misses>
				<total>14</total>
				<timestamp>5152.964095</timestamp>
			</report>
			<report>
				<misses>257700000</misses>
				<total>14</total>
				<timestamp>5154.965008</timestamp>
			</report>
			<report>
				<misses>257800000</misses>
				<total>14</total>
				<timestamp>5156.965540</timestamp>
			</report>
			<report>
				<misses>257900000</misses>
				<total>14</total>
				<timestamp>5158.967583</timestamp>
			</report>
			<report>
				<misses>258000000</misses>
				<total>15</total>
				<timestamp>5160.967798</timestamp>
			</report>
			<report>
				<misses>258100000</misses>
				<total>15</total>
				<timestamp>5162.967959</timestamp>
			</report>
			<report>
				<misses>258200000</misses>
				<total>15</total>
				<timestamp>5164.968299</timestamp>
			</report>
			<report>
				<misses>258300000</misses>
				<total>15</total>
				<timestamp>5166.969633</timestamp>
			</report>
			<report>
				<misses>258400000</misses>
				<total>15</total>
				<timestamp>5168.970068</timestamp>
			</report>
			<report>
				<misses>258500000</misses>
				<total>15</total>
				<timestamp>5170.972159</timestamp>
			</report>
			<report>
				<misses>258600000</misses>
				<total>15</total>
				<timestamp>5172.973225</timestamp>
			</report>
			<report>
				<misses>258700000</misses>
				<total>15</total>
				<timestamp>5174.974332</timestamp>
			</report>
			<report>
				<misses>258800000</misses>
				<total>15</total>
				<timestamp>5176.974845</timestamp>
			</report>
			<report>
				<misses>258900000</misses>
				<total>15</total>
				<timestamp>5178.975076</timestamp>
			</report>
			<report>
				<misses>259000000</misses>
				<total>15</total>
				<timestamp>5180.975340</timestamp>
			</report>
			<report>
				<misses>259100000</misses>
				<total>15</total>
				<timestamp>5182.975568</timestamp>
			</report>
			<report>
				<misses>259200000</misses>
				<total>15</total>
				<timestamp>5184.975848</timestamp>
			</report>
			<report>
				<misses>259300000</misses>
				<total>15</total>
				<timestamp>5186.977026</timestamp>
			</report>
			<report>
				<misses>259400000</misses>
				<total>15</total>
				<timestamp>5188.978797</timestamp>
			</report>
			<report>
				<misses>259500000</misses>
				<total>15</total>
				<timestamp>5190.979250</timestamp>
			</report>
			<report>
				<misses>259600000</misses>
				<total>15</total>
				<timestamp>5192.981975</timestamp>
			</report>
			<report>
				<misses>259700000</misses>
				<total>15</total>
				<timestamp>5194.983696</timestamp>
			</report>
			<report>
				<misses>259800000</misses>
				<total>15</total>
				<timestamp>5196.984457</timestamp>
			</report>
			<report>
				<misses>259900000</misses>
				<total>15</total>
				<timestamp>5198.986438</timestamp>
			</report>
			<report>
				<misses>260000000</misses>
				<total>15</total>
				<timestamp>5200.988384</timestamp>
			</report>
			<report>
				<misses>260100000</misses>
				<total>15</total>
				<timestamp>5202.989264</timestamp>
			</report>
			<report>
				<misses>260200000</misses>
				<total>15</total>
				<timestamp>5204.990404</timestamp>
			</report>
			<report>
				<misses>260300000</misses>
				<total>15</total>
				<timestamp>5206.990713</timestamp>
			</report>
			<report>
				<misses>260400000</misses>
				<total>15</total>
				<timestamp>5208.991638</timestamp>
			</report>
			<report>
				<misses>260500000</misses>
				<total>15</total>
				<timestamp>5210.992880</timestamp>
			</report>
			<report>
				<misses>260600000</misses>
				<total>15</total>
				<timestamp>5212.994043</timestamp>
			</report>
			<report>
				<misses>260700000</misses>
				<total>15</total>
				<timestamp>5214.994484</timestamp>
			</report>
			<report>
				<misses>260800000</misses>
				<total>15</total>
				<timestamp>5216.994617</timestamp>
			</report>
			<report>
				<misses>260900000</misses>
				<total>15</total>
				<timestamp>5218.994823</timestamp>
			</report>
			<report>
				<misses>261000000</misses>
				<total>15</total>
				<timestamp>5220.995630</timestamp>
			</report>
			<report>
				<misses>261100000</misses>
				<total>15</total>
				<timestamp>5222.996828</timestamp>
			</report>
			<report>
				<misses>261200000</misses>
				<total>15</total>
				<timestamp>5224.998430</timestamp>
			</report>
			<report>
				<misses>261300000</misses>
				<total>15</total>
				<timestamp>5226.999614</timestamp>
			</report>
			<report>
				<misses>261400000</misses>
				<total>15</total>
				<timestamp>5229.001237</timestamp>
			</report>
			<report>
				<misses>261500000</misses>
				<total>15</total>
				<timestamp>5231.002275</timestamp>
			</report>
			<report>
				<misses>261600000</misses>
				<total>15</total>
				<timestamp>5233.003705</timestamp>
			</report>
			<report>
				<misses>261700000</misses>
				<total>15</total>
				<timestamp>5235.005867</timestamp>
			</report>
			<report>
				<misses>261800000</misses>
				<total>15</total>
				<timestamp>5237.007103</timestamp>
			</report>
			<report>
				<misses>261900000</misses>
				<total>15</total>
				<timestamp>5239.007885</timestamp>
			</report>
			<report>
				<misses>262000000</misses>
				<total>15</total>
				<timestamp>5241.010080</timestamp>
			</report>
			<report>
				<misses>262100000</misses>
				<total>15</total>
				<timestamp>5243.012387</timestamp>
			</report>
			<report>
				<misses>262200000</misses>
				<total>15</total>
				<timestamp>5245.013468</timestamp>
			</report>
			<report>
				<misses>262300000</misses>
				<total>15</total>
				<timestamp>5247.015647</timestamp>
			</report>
			<report>
				<misses>262400000</misses>
				<total>16</total>
				<timestamp>5249.017235</timestamp>
			</report>
			<report>
				<misses>262500000</misses>
				<total>16</total>
				<timestamp>5251.018177</timestamp>
			</report>
			<report>
				<misses>262600000</misses>
				<total>16</total>
				<timestamp>5253.019245</timestamp>
			</report>
			<report>
				<misses>262700000</misses>
				<total>16</total>
				<timestamp>5255.019426</timestamp>
			</report>
			<report>
				<misses>262800000</misses>
				<total>16</total>
				<timestamp>5257.019468</timestamp>
			</report>
			<report>
				<misses>262900000</misses>
				<total>16</total>
				<timestamp>5259.019836</timestamp>
			</report>
			<report>
				<misses>263000000</misses>
				<total>16</total>
				<timestamp>5261.021555</timestamp>
			</report>
			<report>
				<misses>263100000</misses>
				<total>16</total>
				<timestamp>5263.022492</timestamp>
			</report>
			<report>
				<misses>263200000</misses>
				<total>16</total>
				<timestamp>5265.023539</timestamp>
			</report>
			<report>
				<misses>263300000</misses>
				<total>16</total>
				<timestamp>5267.023744</timestamp>
			</report>
			<report>
				<misses>263400000</misses>
				<total>16</total>
				<timestamp>5269.024191</timestamp>
			</report>
			<report>
				<misses>263500000</misses>
				<total>16</total>
				<timestamp>5271.025865</timestamp>
			</report>
			<report>
				<misses>263600000</misses>
				<total>16</total>
				<timestamp>5273.026223</timestamp>
			</report>
			<report>
				<misses>263700000</misses>
				<total>16</total>
				<timestamp>5275.026402</timestamp>
			</report>
			<report>
				<misses>263800000</misses>
				<total>16</total>
				<timestamp>5277.026484</timestamp>
			</report>
			<report>
				<misses>263900000</misses>
				<total>16</total>
				<timestamp>5279.027232</timestamp>
			</report>
			<report>
				<misses>264000000</misses>
				<total>16</total>
				<timestamp>5281.027534</timestamp>
			</report>
			<report>
				<misses>264100000</misses>
				<total>16</total>
				<timestamp>5283.028494</timestamp>
			</report>
			<report>
				<misses>264200000</misses>
				<total>16</total>
				<timestamp>5285.028856</timestamp>
			</report>
			<report>
				<misses>264300000</misses>
				<total>16</total>
				<timestamp>5287.030445</timestamp>
			</report>
			<report>
				<misses>264400000</misses>
				<total>16</total>
				<timestamp>5289.031325</timestamp>
			</report>
			<report>
				<misses>264500000</misses>
				<total>16</total>
				<timestamp>5291.031566</timestamp>
			</report>
			<report>
				<misses>264600000</misses>
				<total>16</total>
				<timestamp>5293.032312</timestamp>
			</report>
			<report>
				<misses>264700000</misses>
				<total>16</total>
				<timestamp>5295.032872</timestamp>
			</report>
			<report>
				<misses>264800000</misses>
				<total>16</total>
				<timestamp>5297.033839</timestamp>
			</report>
			<report>
				<misses>264900000</misses>
				<total>16</total>
				<timestamp>5299.034189</timestamp>
			</report>
			<report>
				<misses>265000000</misses>
				<total>16</total>
				<timestamp>5301.034281</timestamp>
			</report>
			<report>
				<misses>265100000</misses>
				<total>16</total>
				<timestamp>5303.034461</timestamp>
			</report>
			<report>
				<misses>265200000</misses>
				<total>16</total>
				<timestamp>5305.035380</timestamp>
			</report>
			<report>
				<misses>265300000</misses>
				<total>16</total>
				<timestamp>5307.036177</timestamp>
			</report>
			<report>
				<misses>265400000</misses>
				<total>16</total>
				<timestamp>5309.036700</timestamp>
			</report>
			<report>
				<misses>265500000</misses>
				<total>16</total>
				<timestamp>5311.037496</timestamp>
			</report>
			<report>
				<misses>265600000</misses>
				<total>16</total>
				<timestamp>5313.038157</timestamp>
			</report>
			<report>
				<misses>265700000</misses>
				<total>16</total>
				<timestamp>5315.038846</timestamp>
			</report>
			<report>
				<misses>265800000</misses>
				<total>16</total>
				<timestamp>5317.039706</timestamp>
			</report>
			<report>
				<misses>265900000</misses>
				<total>16</total>
				<timestamp>5319.039780</timestamp>
			</report>
			<report>
				<misses>266000000</misses>
				<total>16</total>
				<timestamp>5321.040437</timestamp>
			</report>
			<report>
				<misses>266100000</misses>
				<total>16</total>
				<timestamp>5323.041375</timestamp>
			</report>
			<report>
				<misses>266200000</misses>
				<total>16</total>
				<timestamp>5325.042209</timestamp>
			</report>
			<report>
				<misses>266300000</misses>
				<total>16</total>
				<timestamp>5327.042894</timestamp>
			</report>
			<report>
				<misses>266400000</misses>
				<total>16</total>
				<timestamp>5329.043073</timestamp>
			</report>
			<report>
				<misses>266500000</misses>
				<total>16</total>
				<timestamp>5331.043509</timestamp>
			</report>
			<report>
				<misses>266600000</misses>
				<total>16</total>
				<timestamp>5333.043652</timestamp>
			</report>
			<report>
				<misses>266700000</misses>
				<total>16</total>
				<timestamp>5335.044775</timestamp>
			</report>
			<report>
				<misses>266800000</misses>
				<total>16</total>
				<timestamp>5337.045722</timestamp>
			</report>
			<report>
				<misses>266900000</misses>
				<total>16</total>
				<timestamp>5339.047354</timestamp>
			</report>
			<report>
				<misses>267000000</misses>
				<total>16</total>
				<timestamp>5341.047474</timestamp>
			</report>
			<report>
				<misses>267100000</misses>
				<total>16</total>
				<timestamp>5343.048329</timestamp>
			</report>
			<report>
				<misses>267200000</misses>
				<total>16</total>
				<timestamp>5345.049951</timestamp>
			</report>
			<report>
				<misses>267300000</misses>
				<total>16</total>
				<timestamp>5347.051517</timestamp>
			</report>
			<report>
				<misses>267400000</misses>
				<total>16</total>
				<timestamp>5349.052251</timestamp>
			</report>
			<report>
				<misses>267500000</misses>
				<total>16</total>
				<timestamp>5351.053277</timestamp>
			</report>
			<report>
				<misses>267600000</misses>
				<total>16</total>
				<timestamp>5353.054420</timestamp>
			</report>
			<report>
				<misses>267700000</misses>
				<total>16</total>
				<timestamp>5355.054748</timestamp>
			</report>
			<report>
				<misses>267800000</misses>
				<total>16</total>
				<timestamp>5357.055256</timestamp>
			</report>
			<report>
				<misses>267900000</misses>
				<total>16</total>
				<timestamp>5359.055474</timestamp>
			</report>
			<report>
				<misses>268000000</misses>
				<total>16</total>
				<timestamp>5361.056433</timestamp>
			</report>
			<report>
				<misses>268100000</misses>
				<total>16</total>
				<timestamp>5363.057237</timestamp>
			</report>
			<report>
				<misses>268200000</misses>
				<total>16</total>
				<timestamp>5365.057934</timestamp>
			</report>
			<report>
				<misses>268300000</misses>
				<total>16</total>
				<timestamp>5367.059470</timestamp>
			</report>
			<report>
				<misses>268400000</misses>
				<total>16</total>
				<timestamp>5369.060618</timestamp>
			</report>
			<report>
				<misses>268500000</misses>
				<total>16</total>
				<timestamp>5371.061519</timestamp>
			</report>
			<report>
				<misses>268600000</misses>
				<total>16</total>
				<timestamp>5373.062938</timestamp>
			</report>
			<report>
				<misses>268700000</misses>
				<total>16</total>
				<timestamp>5375.065157</timestamp>
			</report>
			<report>
				<misses>268800000</misses>
				<total>16</total>
				<timestamp>5377.066010</timestamp>
			</report>
			<report>
				<misses>268900000</misses>
				<total>16</total>
				<timestamp>5379.067017</timestamp>
			</report>
			<report>
				<misses>269000000</misses>
				<total>16</total>
				<timestamp>5381.069588</timestamp>
			</report>
			<report>
				<misses>269100000</misses>
				<total>16</total>
				<timestamp>5383.071262</timestamp>
			</report>
			<report>
				<misses>269200000</misses>
				<total>16</total>
				<timestamp>5385.073008</timestamp>
			</report>
			<report>
				<misses>269300000</misses>
				<total>16</total>
				<timestamp>5387.073572</timestamp>
			</report>
			<report>
				<misses>269400000</misses>
				<total>16</total>
				<timestamp>5389.074014</timestamp>
			</report>
			<report>
				<misses>269500000</misses>
				<total>16</total>
				<timestamp>5391.076028</timestamp>
			</report>
			<report>
				<misses>269600000</misses>
				<total>16</total>
				<timestamp>5393.078135</timestamp>
			</report>
			<report>
				<misses>269700000</misses>
				<total>16</total>
				<timestamp>5395.078784</timestamp>
			</report>
			<report>
				<misses>269800000</misses>
				<total>16</total>
				<timestamp>5397.080889</timestamp>
			</report>
			<report>
				<misses>269900000</misses>
				<total>16</total>
				<timestamp>5399.081261</timestamp>
			</report>
			<report>
				<misses>270000000</misses>
				<total>16</total>
				<timestamp>5401.081430</timestamp>
			</report>
			<report>
				<misses>270100000</misses>
				<total>16</total>
				<timestamp>5403.081649</timestamp>
			</report>
			<report>
				<misses>270200000</misses>
				<total>16</total>
				<timestamp>5405.082755</timestamp>
			</report>
			<report>
				<misses>270300000</misses>
				<total>16</total>
				<timestamp>5407.083550</timestamp>
			</report>
			<report>
				<misses>270400000</misses>
				<total>16</total>
				<timestamp>5409.084054</timestamp>
			</report>
			<report>
				<misses>270500000</misses>
				<total>16</total>
				<timestamp>5411.086379</timestamp>
			</report>
			<report>
				<misses>270600000</misses>
				<total>16</total>
				<timestamp>5413.088250</timestamp>
			</report>
			<report>
				<misses>270700000</misses>
				<total>16</total>
				<timestamp>5415.089319</timestamp>
			</report>
			<report>
				<misses>270800000</misses>
				<total>16</total>
				<timestamp>5417.089465</timestamp>
			</report>
			<report>
				<misses>270900000</misses>
				<total>16</total>
				<timestamp>5419.089680</timestamp>
			</report>
			<report>
				<misses>271000000</misses>
				<total>16</total>
				<timestamp>5421.089994</timestamp>
			</report>
			<report>
				<misses>271100000</misses>
				<total>16</total>
				<timestamp>5423.091769</timestamp>
			</report>
			<report>
				<misses>271200000</misses>
				<total>16</total>
				<timestamp>5425.094094</timestamp>
			</report>
			<report>
				<misses>271300000</misses>
				<total>16</total>
				<timestamp>5427.094729</timestamp>
			</report>
			<report>
				<misses>271400000</misses>
				<total>16</total>
				<timestamp>5429.096968</timestamp>
			</report>
			<report>
				<misses>271500000</misses>
				<total>16</total>
				<timestamp>5431.098559</timestamp>
			</report>
			<report>
				<misses>271600000</misses>
				<total>16</total>
				<timestamp>5433.101412</timestamp>
			</report>
			<report>
				<misses>271700000</misses>
				<total>16</total>
				<timestamp>5435.103138</timestamp>
			</report>
			<report>
				<misses>271800000</misses>
				<total>16</total>
				<timestamp>5437.104278</timestamp>
			</report>
			<report>
				<misses>271900000</misses>
				<total>16</total>
				<timestamp>5439.106811</timestamp>
			</report>
			<report>
				<misses>272000000</misses>
				<total>16</total>
				<timestamp>5441.107235</timestamp>
			</report>
			<report>
				<misses>272100000</misses>
				<total>16</total>
				<timestamp>5443.107629</timestamp>
			</report>
			<report>
				<misses>272200000</misses>
				<total>16</total>
				<timestamp>5445.107708</timestamp>
			</report>
			<report>
				<misses>272300000</misses>
				<total>16</total>
				<timestamp>5447.107921</timestamp>
			</report>
			<report>
				<misses>272400000</misses>
				<total>16</total>
				<timestamp>5449.107990</timestamp>
			</report>
			<report>
				<misses>272500000</misses>
				<total>16</total>
				<timestamp>5451.108629</timestamp>
			</report>
			<report>
				<misses>272600000</misses>
				<total>16</total>
				<timestamp>5453.108853</timestamp>
			</report>
			<report>
				<misses>272700000</misses>
				<total>16</total>
				<timestamp>5455.109009</timestamp>
			</report>
			<report>
				<misses>272800000</misses>
				<total>16</total>
				<timestamp>5457.109298</timestamp>
			</report>
			<report>
				<misses>272900000</misses>
				<total>16</total>
				<timestamp>5459.112119</timestamp>
			</report>
			<report>
				<misses>273000000</misses>
				<total>16</total>
				<timestamp>5461.113253</timestamp>
			</report>
			<report>
				<misses>273100000</misses>
				<total>16</total>
				<timestamp>5463.115526</timestamp>
			</report>
			<report>
				<misses>273200000</misses>
				<total>16</total>
				<timestamp>5465.116804</timestamp>
			</report>
			<report>
				<misses>273300000</misses>
				<total>16</total>
				<timestamp>5467.118159</timestamp>
			</report>
			<report>
				<misses>273400000</misses>
				<total>16</total>
				<timestamp>5469.120480</timestamp>
			</report>
			<report>
				<misses>273500000</misses>
				<total>16</total>
				<timestamp>5471.120539</timestamp>
			</report>
			<report>
				<misses>273600000</misses>
				<total>16</total>
				<timestamp>5473.120810</timestamp>
			</report>
			<report>
				<misses>273700000</misses>
				<total>16</total>
				<timestamp>5475.121959</timestamp>
			</report>
			<report>
				<misses>273800000</misses>
				<total>16</total>
				<timestamp>5477.123063</timestamp>
			</report>
			<report>
				<misses>273900000</misses>
				<total>16</total>
				<timestamp>5479.124064</timestamp>
			</report>
			<report>
				<misses>274000000</misses>
				<total>16</total>
				<timestamp>5481.124246</timestamp>
			</report>
			<report>
				<misses>274100000</misses>
				<total>16</total>
				<timestamp>5483.125395</timestamp>
			</report>
			<report>
				<misses>274200000</misses>
				<total>16</total>
				<timestamp>5485.126457</timestamp>
			</report>
			<report>
				<misses>274300000</misses>
				<total>16</total>
				<timestamp>5487.127480</timestamp>
			</report>
			<report>
				<misses>274400000</misses>
				<total>16</total>
				<timestamp>5489.128047</timestamp>
			</report>
			<report>
				<misses>274500000</misses>
				<total>16</total>
				<timestamp>5491.128464</timestamp>
			</report>
			<report>
				<misses>274600000</misses>
				<total>16</total>
				<timestamp>5493.128850</timestamp>
			</report>
			<report>
				<misses>274700000</misses>
				<total>16</total>
				<timestamp>5495.130019</timestamp>
			</report>
			<report>
				<misses>274800000</misses>
				<total>16</total>
				<timestamp>5497.130408</timestamp>
			</report>
			<report>
				<misses>274900000</misses>
				<total>16</total>
				<timestamp>5499.131584</timestamp>
			</report>
			<report>
				<misses>275000000</misses>
				<total>16</total>
				<timestamp>5501.132844</timestamp>
			</report>
			<report>
				<misses>275100000</misses>
				<total>16</total>
				<timestamp>5503.133439</timestamp>
			</report>
			<report>
				<misses>275200000</misses>
				<total>16</total>
				<timestamp>5505.135117</timestamp>
			</report>
			<report>
				<misses>275300000</misses>
				<total>16</total>
				<timestamp>5507.136347</timestamp>
			</report>
			<report>
				<misses>275400000</misses>
				<total>16</total>
				<timestamp>5509.136691</timestamp>
			</report>
			<report>
				<misses>275500000</misses>
				<total>16</total>
				<timestamp>5511.137273</timestamp>
			</report>
			<report>
				<misses>275600000</misses>
				<total>16</total>
				<timestamp>5513.137359</timestamp>
			</report>
			<report>
				<misses>275700000</misses>
				<total>16</total>
				<timestamp>5515.138435</timestamp>
			</report>
			<report>
				<misses>275800000</misses>
				<total>16</total>
				<timestamp>5517.138532</timestamp>
			</report>
			<report>
				<misses>275900000</misses>
				<total>16</total>
				<timestamp>5519.138681</timestamp>
			</report>
			<report>
				<misses>276000000</misses>
				<total>16</total>
				<timestamp>5521.139576</timestamp>
			</report>
			<report>
				<misses>276100000</misses>
				<total>16</total>
				<timestamp>5523.142111</timestamp>
			</report>
			<report>
				<misses>276200000</misses>
				<total>16</total>
				<timestamp>5525.143298</timestamp>
			</report>
			<report>
				<misses>276300000</misses>
				<total>16</total>
				<timestamp>5527.144241</timestamp>
			</report>
			<report>
				<misses>276400000</misses>
				<total>16</total>
				<timestamp>5529.144757</timestamp>
			</report>
			<report>
				<misses>276500000</misses>
				<total>16</total>
				<timestamp>5531.146319</timestamp>
			</report>
			<report>
				<misses>276600000</misses>
				<total>16</total>
				<timestamp>5533.148361</timestamp>
			</report>
			<report>
				<misses>276700000</misses>
				<total>16</total>
				<timestamp>5535.148741</timestamp>
			</report>
			<report>
				<misses>276800000</misses>
				<total>16</total>
				<timestamp>5537.149386</timestamp>
			</report>
			<report>
				<misses>276900000</misses>
				<total>16</total>
				<timestamp>5539.151566</timestamp>
			</report>
			<report>
				<misses>277000000</misses>
				<total>16</total>
				<timestamp>5541.151797</timestamp>
			</report>
			<report>
				<misses>277100000</misses>
				<total>16</total>
				<timestamp>5543.151916</timestamp>
			</report>
			<report>
				<misses>277200000</misses>
				<total>16</total>
				<timestamp>5545.152090</timestamp>
			</report>
			<report>
				<misses>277300000</misses>
				<total>16</total>
				<timestamp>5547.152339</timestamp>
			</report>
			<report>
				<misses>277400000</misses>
				<total>16</total>
				<timestamp>5549.153944</timestamp>
			</report>
			<report>
				<misses>277500000</misses>
				<total>16</total>
				<timestamp>5551.154448</timestamp>
			</report>
			<report>
				<misses>277600000</misses>
				<total>16</total>
				<timestamp>5553.155055</timestamp>
			</report>
			<report>
				<misses>277700000</misses>
				<total>16</total>
				<timestamp>5555.156065</timestamp>
			</report>
			<report>
				<misses>277800000</misses>
				<total>16</total>
				<timestamp>5557.157460</timestamp>
			</report>
			<report>
				<misses>277900000</misses>
				<total>16</total>
				<timestamp>5559.157973</timestamp>
			</report>
			<report>
				<misses>278000000</misses>
				<total>16</total>
				<timestamp>5561.158914</timestamp>
			</report>
			<report>
				<misses>278100000</misses>
				<total>16</total>
				<timestamp>5563.159051</timestamp>
			</report>
			<report>
				<misses>278200000</misses>
				<total>16</total>
				<timestamp>5565.159084</timestamp>
			</report>
			<report>
				<misses>278300000</misses>
				<total>16</total>
				<timestamp>5567.159350</timestamp>
			</report>
			<report>
				<misses>278400000</misses>
				<total>16</total>
				<timestamp>5569.159574</timestamp>
			</report>
			<report>
				<misses>278500000</misses>
				<total>16</total>
				<timestamp>5571.159797</timestamp>
			</report>
			<report>
				<misses>278600000</misses>
				<total>16</total>
				<timestamp>5573.164208</timestamp>
			</report>
			<report>
				<misses>278700000</misses>
				<total>16</total>
				<timestamp>5575.166400</timestamp>
			</report>
			<report>
				<misses>278800000</misses>
				<total>16</total>
				<timestamp>5577.166770</timestamp>
			</report>
			<report>
				<misses>278900000</misses>
				<total>16</total>
				<timestamp>5579.168898</timestamp>
			</report>
			<report>
				<misses>279000000</misses>
				<total>16</total>
				<timestamp>5581.170718</timestamp>
			</report>
			<report>
				<misses>279100000</misses>
				<total>16</total>
				<timestamp>5583.171978</timestamp>
			</report>
			<report>
				<misses>279200000</misses>
				<total>16</total>
				<timestamp>5585.173387</timestamp>
			</report>
			<report>
				<misses>279300000</misses>
				<total>16</total>
				<timestamp>5587.174939</timestamp>
			</report>
			<report>
				<misses>279400000</misses>
				<total>16</total>
				<timestamp>5589.175172</timestamp>
			</report>
			<report>
				<misses>279500000</misses>
				<total>16</total>
				<timestamp>5591.175357</timestamp>
			</report>
			<report>
				<misses>279600000</misses>
				<total>16</total>
				<timestamp>5593.176409</timestamp>
			</report>
			<report>
				<misses>279700000</misses>
				<total>16</total>
				<timestamp>5595.176627</timestamp>
			</report>
			<report>
				<misses>279800000</misses>
				<total>16</total>
				<timestamp>5597.176790</timestamp>
			</report>
			<report>
				<misses>279900000</misses>
				<total>16</total>
				<timestamp>5599.177003</timestamp>
			</report>
			<report>
				<misses>280000000</misses>
				<total>16</total>
				<timestamp>5601.177225</timestamp>
			</report>
			<report>
				<misses>280100000</misses>
				<total>16</total>
				<timestamp>5603.178184</timestamp>
			</report>
			<report>
				<misses>280200000</misses>
				<total>16</total>
				<timestamp>5605.178897</timestamp>
			</report>
			<report>
				<misses>280300000</misses>
				<total>16</total>
				<timestamp>5607.179338</timestamp>
			</report>
			<report>
				<misses>280400000</misses>
				<total>16</total>
				<timestamp>5609.179736</timestamp>
			</report>
			<report>
				<misses>280500000</misses>
				<total>16</total>
				<timestamp>5611.180991</timestamp>
			</report>
			<report>
				<misses>280600000</misses>
				<total>16</total>
				<timestamp>5613.182353</timestamp>
			</report>
			<report>
				<misses>280700000</misses>
				<total>16</total>
				<timestamp>5615.183050</timestamp>
			</report>
			<report>
				<misses>280800000</misses>
				<total>16</total>
				<timestamp>5617.183187</timestamp>
			</report>
			<report>
				<misses>280900000</misses>
				<total>16</total>
				<timestamp>5619.183249</timestamp>
			</report>
			<report>
				<misses>281000000</misses>
				<total>16</total>
				<timestamp>5621.183913</timestamp>
			</report>
			<report>
				<misses>281100000</misses>
				<total>16</total>
				<timestamp>5623.185536</timestamp>
			</report>
			<report>
				<misses>281200000</misses>
				<total>16</total>
				<timestamp>5625.185829</timestamp>
			</report>
			<report>
				<misses>281300000</misses>
				<total>16</total>
				<timestamp>5627.186732</timestamp>
			</report>
			<report>
				<misses>281400000</misses>
				<total>16</total>
				<timestamp>5629.187352</timestamp>
			</report>
			<report>
				<misses>281500000</misses>
				<total>16</total>
				<timestamp>5631.187721</timestamp>
			</report>
			<report>
				<misses>281600000</misses>
				<total>16</total>
				<timestamp>5633.187920</timestamp>
			</report>
			<report>
				<misses>281700000</misses>
				<total>16</total>
				<timestamp>5635.188091</timestamp>
			</report>
			<report>
				<misses>281800000</misses>
				<total>16</total>
				<timestamp>5637.188477</timestamp>
			</report>
			<report>
				<misses>281900000</misses>
				<total>16</total>
				<timestamp>5639.189147</timestamp>
			</report>
			<report>
				<misses>282000000</misses>
				<total>16</total>
				<timestamp>5641.190284</timestamp>
			</report>
			<report>
				<misses>282100000</misses>
				<total>16</total>
				<timestamp>5643.190833</timestamp>
			</report>
			<report>
				<misses>282200000</misses>
				<total>16</total>
				<timestamp>5645.192340</timestamp>
			</report>
			<report>
				<misses>282300000</misses>
				<total>16</total>
				<timestamp>5647.194295</timestamp>
			</report>
			<report>
				<misses>282400000</misses>
				<total>16</total>
				<timestamp>5649.197103</timestamp>
			</report>
			<report>
				<misses>282500000</misses>
				<total>16</total>
				<timestamp>5651.198749</timestamp>
			</report>
			<report>
				<misses>282600000</misses>
				<total>16</total>
				<timestamp>5653.198900</timestamp>
			</report>
			<report>
				<misses>282700000</misses>
				<total>16</total>
				<timestamp>5655.199225</timestamp>
			</report>
			<report>
				<misses>282800000</misses>
				<total>16</total>
				<timestamp>5657.200409</timestamp>
			</report>
			<report>
				<misses>282900000</misses>
				<total>16</total>
				<timestamp>5659.201016</timestamp>
			</report>
			<report>
				<misses>283000000</misses>
				<total>16</total>
				<timestamp>5661.202001</timestamp>
			</report>
			<report>
				<misses>283100000</misses>
				<total>16</total>
				<timestamp>5663.202246</timestamp>
			</report>
			<report>
				<misses>283200000</misses>
				<total>16</total>
				<timestamp>5665.203518</timestamp>
			</report>
			<report>
				<misses>283300000</misses>
				<total>16</total>
				<timestamp>5667.205739</timestamp>
			</report>
			<report>
				<misses>283400000</misses>
				<total>16</total>
				<timestamp>5669.207113</timestamp>
			</report>
			<report>
				<misses>283500000</misses>
				<total>16</total>
				<timestamp>5671.207997</timestamp>
			</report>
			<report>
				<misses>283600000</misses>
				<total>16</total>
				<timestamp>5673.208085</timestamp>
			</report>
			<report>
				<misses>283700000</misses>
				<total>16</total>
				<timestamp>5675.208123</timestamp>
			</report>
			<report>
				<misses>283800000</misses>
				<total>16</total>
				<timestamp>5677.209771</timestamp>
			</report>
			<report>
				<misses>283900000</misses>
				<total>16</total>
				<timestamp>5679.212296</timestamp>
			</report>
			<report>
				<misses>284000000</misses>
				<total>16</total>
				<timestamp>5681.213021</timestamp>
			</report>
			<report>
				<misses>284100000</misses>
				<total>16</total>
				<timestamp>5683.214132</timestamp>
			</report>
			<report>
				<misses>284200000</misses>
				<total>16</total>
				<timestamp>5685.214799</timestamp>
			</report>
			<report>
				<misses>284300000</misses>
				<total>16</total>
				<timestamp>5687.216211</timestamp>
			</report>
			<report>
				<misses>284400000</misses>
				<total>16</total>
				<timestamp>5689.217227</timestamp>
			</report>
			<report>
				<misses>284500000</misses>
				<total>16</total>
				<timestamp>5691.218075</timestamp>
			</report>
			<report>
				<misses>284600000</misses>
				<total>16</total>
				<timestamp>5693.219099</timestamp>
			</report>
			<report>
				<misses>284700000</misses>
				<total>16</total>
				<timestamp>5695.219769</timestamp>
			</report>
			<report>
				<misses>284800000</misses>
				<total>16</total>
				<timestamp>5697.219997</timestamp>
			</report>
			<report>
				<misses>284900000</misses>
				<total>16</total>
				<timestamp>5699.220187</timestamp>
			</report>
			<report>
				<misses>285000000</misses>
				<total>16</total>
				<timestamp>5701.220914</timestamp>
			</report>
			<report>
				<misses>285100000</misses>
				<total>16</total>
				<timestamp>5703.221081</timestamp>
			</report>
			<report>
				<misses>285200000</misses>
				<total>16</total>
				<timestamp>5705.221398</timestamp>
			</report>
			<report>
				<misses>285300000</misses>
				<total>16</total>
				<timestamp>5707.222374</timestamp>
			</report>
			<report>
				<misses>285400000</misses>
				<total>16</total>
				<timestamp>5709.225130</timestamp>
			</report>
			<report>
				<misses>285500000</misses>
				<total>16</total>
				<timestamp>5711.225580</timestamp>
			</report>
			<report>
				<misses>285600000</misses>
				<total>16</total>
				<timestamp>5713.226027</timestamp>
			</report>
			<report>
				<misses>285700000</misses>
				<total>16</total>
				<timestamp>5715.226735</timestamp>
			</report>
			<report>
				<misses>285800000</misses>
				<total>16</total>
				<timestamp>5717.227000</timestamp>
			</report>
			<report>
				<misses>285900000</misses>
				<total>16</total>
				<timestamp>5719.227079</timestamp>
			</report>
			<report>
				<misses>286000000</misses>
				<total>16</total>
				<timestamp>5721.227455</timestamp>
			</report>
			<report>
				<misses>286100000</misses>
				<total>16</total>
				<timestamp>5723.229237</timestamp>
			</report>
			<report>
				<misses>286200000</misses>
				<total>16</total>
				<timestamp>5725.230094</timestamp>
			</report>
			<report>
				<misses>286300000</misses>
				<total>16</total>
				<timestamp>5727.230607</timestamp>
			</report>
			<report>
				<misses>286400000</misses>
				<total>16</total>
				<timestamp>5729.231908</timestamp>
			</report>
			<report>
				<misses>286500000</misses>
				<total>16</total>
				<timestamp>5731.233309</timestamp>
			</report>
			<report>
				<misses>286600000</misses>
				<total>16</total>
				<timestamp>5733.234089</timestamp>
			</report>
			<report>
				<misses>286700000</misses>
				<total>16</total>
				<timestamp>5735.235739</timestamp>
			</report>
			<report>
				<misses>286800000</misses>
				<total>16</total>
				<timestamp>5737.235952</timestamp>
			</report>
			<report>
				<misses>286900000</misses>
				<total>16</total>
				<timestamp>5739.236114</timestamp>
			</report>
			<report>
				<misses>287000000</misses>
				<total>16</total>
				<timestamp>5741.236997</timestamp>
			</report>
			<report>
				<misses>287100000</misses>
				<total>16</total>
				<timestamp>5743.238208</timestamp>
			</report>
			<report>
				<misses>287200000</misses>
				<total>16</total>
				<timestamp>5745.239369</timestamp>
			</report>
			<report>
				<misses>287300000</misses>
				<total>16</total>
				<timestamp>5747.240690</timestamp>
			</report>
			<report>
				<misses>287400000</misses>
				<total>16</total>
				<timestamp>5749.242188</timestamp>
			</report>
			<report>
				<misses>287500000</misses>
				<total>16</total>
				<timestamp>5751.244294</timestamp>
			</report>
			<report>
				<misses>287600000</misses>
				<total>16</total>
				<timestamp>5753.244617</timestamp>
			</report>
			<report>
				<misses>287700000</misses>
				<total>16</total>
				<timestamp>5755.246433</timestamp>
			</report>
			<report>
				<misses>287800000</misses>
				<total>16</total>
				<timestamp>5757.248015</timestamp>
			</report>
			<report>
				<misses>287900000</misses>
				<total>16</total>
				<timestamp>5759.248849</timestamp>
			</report>
			<report>
				<misses>288000000</misses>
				<total>16</total>
				<timestamp>5761.248997</timestamp>
			</report>
			<report>
				<misses>288100000</misses>
				<total>16</total>
				<timestamp>5763.249162</timestamp>
			</report>
			<report>
				<misses>288200000</misses>
				<total>16</total>
				<timestamp>5765.249313</timestamp>
			</report>
			<report>
				<misses>288300000</misses>
				<total>16</total>
				<timestamp>5767.250297</timestamp>
			</report>
			<report>
				<misses>288400000</misses>
				<total>16</total>
				<timestamp>5769.251794</timestamp>
			</report>
			<report>
				<misses>288500000</misses>
				<total>16</total>
				<timestamp>5771.252879</timestamp>
			</report>
			<report>
				<misses>288600000</misses>
				<total>16</total>
				<timestamp>5773.253284</timestamp>
			</report>
			<report>
				<misses>288700000</misses>
				<total>16</total>
				<timestamp>5775.254527</timestamp>
			</report>
			<report>
				<misses>288800000</misses>
				<total>16</total>
				<timestamp>5777.255422</timestamp>
			</report>
			<report>
				<misses>288900000</misses>
				<total>16</total>
				<timestamp>5779.257046</timestamp>
			</report>
			<report>
				<misses>289000000</misses>
				<total>16</total>
				<timestamp>5781.258191</timestamp>
			</report>
			<report>
				<misses>289100000</misses>
				<total>16</total>
				<timestamp>5783.259731</timestamp>
			</report>
			<report>
				<misses>289200000</misses>
				<total>16</total>
				<timestamp>5785.259960</timestamp>
			</report>
			<report>
				<misses>289300000</misses>
				<total>16</total>
				<timestamp>5787.260108</timestamp>
			</report>
			<report>
				<misses>289400000</misses>
				<total>16</total>
				<timestamp>5789.260266</timestamp>
			</report>
			<report>
				<misses>289500000</misses>
				<total>16</total>
				<timestamp>5791.263233</timestamp>
			</report>
			<report>
				<misses>289600000</misses>
				<total>16</total>
				<timestamp>5793.264406</timestamp>
			</report>
			<report>
				<misses>289700000</misses>
				<total>16</total>
				<timestamp>5795.265299</timestamp>
			</report>
			<report>
				<misses>289800000</misses>
				<total>16</total>
				<timestamp>5797.265826</timestamp>
			</report>
			<report>
				<misses>289900000</misses>
				<total>16</total>
				<timestamp>5799.266447</timestamp>
			</report>
			<report>
				<misses>290000000</misses>
				<total>16</total>
				<timestamp>5801.267673</timestamp>
			</report>
			<report>
				<misses>290100000</misses>
				<total>16</total>
				<timestamp>5803.268621</timestamp>
			</report>
			<report>
				<misses>290200000</misses>
				<total>16</total>
				<timestamp>5805.269217</timestamp>
			</report>
			<report>
				<misses>290300000</misses>
				<total>16</total>
				<timestamp>5807.269925</timestamp>
			</report>
			<report>
				<misses>290400000</misses>
				<total>16</total>
				<timestamp>5809.270470</timestamp>
			</report>
			<report>
				<misses>290500000</misses>
				<total>16</total>
				<timestamp>5811.270574</timestamp>
			</report>
			<report>
				<misses>290600000</misses>
				<total>16</total>
				<timestamp>5813.270884</timestamp>
			</report>
			<report>
				<misses>290700000</misses>
				<total>16</total>
				<timestamp>5815.271157</timestamp>
			</report>
			<report>
				<misses>290800000</misses>
				<total>16</total>
				<timestamp>5817.271808</timestamp>
			</report>
			<report>
				<misses>290900000</misses>
				<total>16</total>
				<timestamp>5819.271857</timestamp>
			</report>
			<report>
				<misses>291000000</misses>
				<total>16</total>
				<timestamp>5821.271991</timestamp>
			</report>
			<report>
				<misses>291100000</misses>
				<total>16</total>
				<timestamp>5823.272269</timestamp>
			</report>
			<report>
				<misses>291200000</misses>
				<total>16</total>
				<timestamp>5825.273166</timestamp>
			</report>
			<report>
				<misses>291300000</misses>
				<total>16</total>
				<timestamp>5827.274954</timestamp>
			</report>
			<report>
				<misses>291400000</misses>
				<total>16</total>
				<timestamp>5829.275480</timestamp>
			</report>
			<report>
				<misses>291500000</misses>
				<total>16</total>
				<timestamp>5831.276040</timestamp>
			</report>
			<report>
				<misses>291600000</misses>
				<total>16</total>
				<timestamp>5833.276680</timestamp>
			</report>
			<report>
				<misses>291700000</misses>
				<total>16</total>
				<timestamp>5835.277620</timestamp>
			</report>
			<report>
				<misses>291800000</misses>
				<total>16</total>
				<timestamp>5837.278457</timestamp>
			</report>
			<report>
				<misses>291900000</misses>
				<total>16</total>
				<timestamp>5839.278886</timestamp>
			</report>
			<report>
				<misses>292000000</misses>
				<total>16</total>
				<timestamp>5841.279198</timestamp>
			</report>
			<report>
				<misses>292100000</misses>
				<total>16</total>
				<timestamp>5843.279388</timestamp>
			</report>
			<report>
				<misses>292200000</misses>
				<total>16</total>
				<timestamp>5845.279563</timestamp>
			</report>
			<report>
				<misses>292300000</misses>
				<total>16</total>
				<timestamp>5847.279942</timestamp>
			</report>
			<report>
				<misses>292400000</misses>
				<total>16</total>
				<timestamp>5849.280757</timestamp>
			</report>
			<report>
				<misses>292500000</misses>
				<total>16</total>
				<timestamp>5851.280885</timestamp>
			</report>
			<report>
				<misses>292600000</misses>
				<total>16</total>
				<timestamp>5853.281955</timestamp>
			</report>
			<report>
				<misses>292700000</misses>
				<total>16</total>
				<timestamp>5855.283684</timestamp>
			</report>
			<report>
				<misses>292800000</misses>
				<total>16</total>
				<timestamp>5857.285640</timestamp>
			</report>
			<report>
				<misses>292900000</misses>
				<total>16</total>
				<timestamp>5859.286499</timestamp>
			</report>
			<report>
				<misses>293000000</misses>
				<total>16</total>
				<timestamp>5861.286983</timestamp>
			</report>
			<report>
				<misses>293100000</misses>
				<total>16</total>
				<timestamp>5863.287034</timestamp>
			</report>
			<report>
				<misses>293200000</misses>
				<total>16</total>
				<timestamp>5865.287410</timestamp>
			</report>
			<report>
				<misses>293300000</misses>
				<total>16</total>
				<timestamp>5867.288415</timestamp>
			</report>
			<report>
				<misses>293400000</misses>
				<total>16</total>
				<timestamp>5869.289580</timestamp>
			</report>
			<report>
				<misses>293500000</misses>
				<total>16</total>
				<timestamp>5871.289996</timestamp>
			</report>
			<report>
				<misses>293600000</misses>
				<total>16</total>
				<timestamp>5873.290620</timestamp>
			</report>
			<report>
				<misses>293700000</misses>
				<total>16</total>
				<timestamp>5875.291039</timestamp>
			</report>
			<report>
				<misses>293800000</misses>
				<total>16</total>
				<timestamp>5877.292538</timestamp>
			</report>
			<report>
				<misses>293900000</misses>
				<total>16</total>
				<timestamp>5879.293032</timestamp>
			</report>
			<report>
				<misses>294000000</misses>
				<total>16</total>
				<timestamp>5881.294385</timestamp>
			</report>
			<report>
				<misses>294100000</misses>
				<total>16</total>
				<timestamp>5883.294821</timestamp>
			</report>
			<report>
				<misses>294200000</misses>
				<total>16</total>
				<timestamp>5885.295013</timestamp>
			</report>
			<report>
				<misses>294300000</misses>
				<total>16</total>
				<timestamp>5887.295429</timestamp>
			</report>
			<report>
				<misses>294400000</misses>
				<total>16</total>
				<timestamp>5889.295711</timestamp>
			</report>
			<report>
				<misses>294500000</misses>
				<total>16</total>
				<timestamp>5891.295952</timestamp>
			</report>
			<report>
				<misses>294600000</misses>
				<total>16</total>
				<timestamp>5893.296537</timestamp>
			</report>
			<report>
				<misses>294700000</misses>
				<total>16</total>
				<timestamp>5895.297647</timestamp>
			</report>
			<report>
				<misses>294800000</misses>
				<total>16</total>
				<timestamp>5897.298394</timestamp>
			</report>
			<report>
				<misses>294900000</misses>
				<total>16</total>
				<timestamp>5899.299039</timestamp>
			</report>
			<report>
				<misses>295000000</misses>
				<total>16</total>
				<timestamp>5901.300172</timestamp>
			</report>
			<report>
				<misses>295100000</misses>
				<total>16</total>
				<timestamp>5903.302282</timestamp>
			</report>
			<report>
				<misses>295200000</misses>
				<total>16</total>
				<timestamp>5905.303522</timestamp>
			</report>
			<report>
				<misses>295300000</misses>
				<total>16</total>
				<timestamp>5907.303597</timestamp>
			</report>
			<report>
				<misses>295400000</misses>
				<total>16</total>
				<timestamp>5909.303673</timestamp>
			</report>
			<report>
				<misses>295500000</misses>
				<total>16</total>
				<timestamp>5911.303763</timestamp>
			</report>
			<report>
				<misses>295600000</misses>
				<total>16</total>
				<timestamp>5913.303966</timestamp>
			</report>
			<report>
				<misses>295700000</misses>
				<total>16</total>
				<timestamp>5915.304524</timestamp>
			</report>
			<report>
				<misses>295800000</misses>
				<total>16</total>
				<timestamp>5917.305380</timestamp>
			</report>
			<report>
				<misses>295900000</misses>
				<total>16</total>
				<timestamp>5919.306184</timestamp>
			</report>
			<report>
				<misses>296000000</misses>
				<total>16</total>
				<timestamp>5921.307596</timestamp>
			</report>
			<report>
				<misses>296100000</misses>
				<total>16</total>
				<timestamp>5923.308450</timestamp>
			</report>
			<report>
				<misses>296200000</misses>
				<total>16</total>
				<timestamp>5925.309475</timestamp>
			</report>
			<report>
				<misses>296300000</misses>
				<total>16</total>
				<timestamp>5927.310365</timestamp>
			</report>
			<report>
				<misses>296400000</misses>
				<total>16</total>
				<timestamp>5929.310738</timestamp>
			</report>
			<report>
				<misses>296500000</misses>
				<total>16</total>
				<timestamp>5931.310866</timestamp>
			</report>
			<report>
				<misses>296600000</misses>
				<total>16</total>
				<timestamp>5933.311066</timestamp>
			</report>
			<report>
				<misses>296700000</misses>
				<total>16</total>
				<timestamp>5935.311157</timestamp>
			</report>
			<report>
				<misses>296800000</misses>
				<total>16</total>
				<timestamp>5937.312271</timestamp>
			</report>
			<report>
				<misses>296900000</misses>
				<total>16</total>
				<timestamp>5939.313248</timestamp>
			</report>
			<report>
				<misses>297000000</misses>
				<total>16</total>
				<timestamp>5941.314852</timestamp>
			</report>
			<report>
				<misses>297100000</misses>
				<total>16</total>
				<timestamp>5943.315391</timestamp>
			</report>
			<report>
				<misses>297200000</misses>
				<total>16</total>
				<timestamp>5945.315747</timestamp>
			</report>
			<report>
				<misses>297300000</misses>
				<total>16</total>
				<timestamp>5947.315939</timestamp>
			</report>
			<report>
				<misses>297400000</misses>
				<total>16</total>
				<timestamp>5949.317116</timestamp>
			</report>
			<report>
				<misses>297500000</misses>
				<total>16</total>
				<timestamp>5951.318333</timestamp>
			</report>
			<report>
				<misses>297600000</misses>
				<total>16</total>
				<timestamp>5953.318973</timestamp>
			</report>
			<report>
				<misses>297700000</misses>
				<total>16</total>
				<timestamp>5955.319773</timestamp>
			</report>
			<report>
				<misses>297800000</misses>
				<total>16</total>
				<timestamp>5957.319970</timestamp>
			</report>
			<report>
				<misses>297900000</misses>
				<total>16</total>
				<timestamp>5959.320202</timestamp>
			</report>
			<report>
				<misses>298000000</misses>
				<total>16</total>
				<timestamp>5961.320335</timestamp>
			</report>
			<report>
				<misses>298100000</misses>
				<total>16</total>
				<timestamp>5963.320942</timestamp>
			</report>
			<report>
				<misses>298200000</misses>
				<total>16</total>
				<timestamp>5965.321260</timestamp>
			</report>
			<report>
				<misses>298300000</misses>
				<total>16</total>
				<timestamp>5967.321573</timestamp>
			</report>
			<report>
				<misses>298400000</misses>
				<total>16</total>
				<timestamp>5969.321713</timestamp>
			</report>
			<report>
				<misses>298500000</misses>
				<total>16</total>
				<timestamp>5971.322087</timestamp>
			</report>
			<report>
				<misses>298600000</misses>
				<total>16</total>
				<timestamp>5973.322940</timestamp>
			</report>
			<report>
				<misses>298700000</misses>
				<total>16</total>
				<timestamp>5975.324155</timestamp>
			</report>
			<report>
				<misses>298800000</misses>
				<total>16</total>
				<timestamp>5977.324456</timestamp>
			</report>
			<report>
				<misses>298900000</misses>
				<total>16</total>
				<timestamp>5979.324626</timestamp>
			</report>
			<report>
				<misses>299000000</misses>
				<total>16</total>
				<timestamp>5981.325142</timestamp>
			</report>
			<report>
				<misses>299100000</misses>
				<total>16</total>
				<timestamp>5983.327198</timestamp>
			</report>
			<report>
				<misses>299200000</misses>
				<total>16</total>
				<timestamp>5985.327864</timestamp>
			</report>
			<report>
				<misses>299300000</misses>
				<total>16</total>
				<timestamp>5987.328596</timestamp>
			</report>
			<report>
				<misses>299400000</misses>
				<total>16</total>
				<timestamp>5989.330343</timestamp>
			</report>
			<report>
				<misses>299500000</misses>
				<total>16</total>
				<timestamp>5991.331300</timestamp>
			</report>
			<report>
				<misses>299600000</misses>
				<total>16</total>
				<timestamp>5993.332364</timestamp>
			</report>
			<report>
				<misses>299700000</misses>
				<total>16</total>
				<timestamp>5995.332946</timestamp>
			</report>
			<report>
				<misses>299800000</misses>
				<total>16</total>
				<timestamp>5997.334037</timestamp>
			</report>
			<report>
				<misses>299900000</misses>
				<total>16</total>
				<timestamp>5999.335240</timestamp>
			</report>
			<report>
				<misses>300000000</misses>
				<total>16</total>
				<timestamp>6001.336508</timestamp>
			</report>
			<report>
				<misses>300100000</misses>
				<total>16</total>
				<timestamp>6003.336600</timestamp>
			</report>
			<report>
				<misses>300200000</misses>
				<total>16</total>
				<timestamp>6005.337022</timestamp>
			</report>
			<report>
				<misses>300300000</misses>
				<total>16</total>
				<timestamp>6007.337739</timestamp>
			</report>
			<report>
				<misses>300400000</misses>
				<total>16</total>
				<timestamp>6009.338409</timestamp>
			</report>
			<report>
				<misses>300500000</misses>
				<total>16</total>
				<timestamp>6011.339880</timestamp>
			</report>
			<report>
				<misses>300600000</misses>
				<total>16</total>
				<timestamp>6013.340930</timestamp>
			</report>
			<report>
				<misses>300700000</misses>
				<total>16</total>
				<timestamp>6015.341549</timestamp>
			</report>
			<report>
				<misses>300800000</misses>
				<total>16</total>
				<timestamp>6017.342851</timestamp>
			</report>
			<report>
				<misses>300900000</misses>
				<total>16</total>
				<timestamp>6019.342965</timestamp>
			</report>
			<report>
				<misses>301000000</misses>
				<total>16</total>
				<timestamp>6021.343058</timestamp>
			</report>
			<report>
				<misses>301100000</misses>
				<total>16</total>
				<timestamp>6023.343219</timestamp>
			</report>
			<report>
				<misses>301200000</misses>
				<total>16</total>
				<timestamp>6025.343317</timestamp>
			</report>
			<report>
				<misses>301300000</misses>
				<total>16</total>
				<timestamp>6027.343418</timestamp>
			</report>
			<report>
				<misses>301400000</misses>
				<total>16</total>
				<timestamp>6029.343673</timestamp>
			</report>
			<report>
				<misses>301500000</misses>
				<total>16</total>
				<timestamp>6031.344224</timestamp>
			</report>
			<report>
				<misses>301600000</misses>
				<total>16</total>
				<timestamp>6033.345460</timestamp>
			</report>
			<report>
				<misses>301700000</misses>
				<total>16</total>
				<timestamp>6035.346972</timestamp>
			</report>
			<report>
				<misses>301800000</misses>
				<total>16</total>
				<timestamp>6037.347519</timestamp>
			</report>
			<report>
				<misses>301900000</misses>
				<total>16</total>
				<timestamp>6039.348339</timestamp>
			</report>
			<report>
				<misses>302000000</misses>
				<total>16</total>
				<timestamp>6041.349058</timestamp>
			</report>
			<report>
				<misses>302100000</misses>
				<total>16</total>
				<timestamp>6043.351046</timestamp>
			</report>
			<report>
				<misses>302200000</misses>
				<total>16</total>
				<timestamp>6045.351833</timestamp>
			</report>
			<report>
				<misses>302300000</misses>
				<total>16</total>
				<timestamp>6047.352155</timestamp>
			</report>
			<report>
				<misses>302400000</misses>
				<total>16</total>
				<timestamp>6049.352253</timestamp>
			</report>
			<report>
				<misses>302500000</misses>
				<total>16</total>
				<timestamp>6051.352708</timestamp>
			</report>
			<report>
				<misses>302600000</misses>
				<total>16</total>
				<timestamp>6053.353502</timestamp>
			</report>
			<report>
				<misses>302700000</misses>
				<total>16</total>
				<timestamp>6055.354084</timestamp>
			</report>
			<report>
				<misses>302800000</misses>
				<total>16</total>
				<timestamp>6057.354492</timestamp>
			</report>
			<report>
				<misses>302900000</misses>
				<total>16</total>
				<timestamp>6059.355384</timestamp>
			</report>
			<report>
				<misses>303000000</misses>
				<total>16</total>
				<timestamp>6061.355949</timestamp>
			</report>
			<report>
				<misses>303100000</misses>
				<total>16</total>
				<timestamp>6063.356912</timestamp>
			</report>
			<report>
				<misses>303200000</misses>
				<total>16</total>
				<timestamp>6065.357842</timestamp>
			</report>
			<report>
				<misses>303300000</misses>
				<total>16</total>
				<timestamp>6067.358024</timestamp>
			</report>
			<report>
				<misses>303400000</misses>
				<total>16</total>
				<timestamp>6069.359295</timestamp>
			</report>
			<report>
				<misses>303500000</misses>
				<total>16</total>
				<timestamp>6071.359595</timestamp>
			</report>
			<report>
				<misses>303600000</misses>
				<total>16</total>
				<timestamp>6073.361338</timestamp>
			</report>
			<report>
				<misses>303700000</misses>
				<total>16</total>
				<timestamp>6075.363690</timestamp>
			</report>
			<report>
				<misses>303800000</misses>
				<total>16</total>
				<timestamp>6077.364079</timestamp>
			</report>
			<report>
				<misses>303900000</misses>
				<total>16</total>
				<timestamp>6079.364198</timestamp>
			</report>
			<report>
				<misses>304000000</misses>
				<total>16</total>
				<timestamp>6081.364273</timestamp>
			</report>
			<report>
				<misses>304100000</misses>
				<total>16</total>
				<timestamp>6083.364484</timestamp>
			</report>
			<report>
				<misses>304200000</misses>
				<total>16</total>
				<timestamp>6085.365032</timestamp>
			</report>
			<report>
				<misses>304300000</misses>
				<total>16</total>
				<timestamp>6087.366141</timestamp>
			</report>
			<report>
				<misses>304400000</misses>
				<total>16</total>
				<timestamp>6089.367214</timestamp>
			</report>
			<report>
				<misses>304500000</misses>
				<total>16</total>
				<timestamp>6091.369017</timestamp>
			</report>
			<report>
				<misses>304600000</misses>
				<total>16</total>
				<timestamp>6093.369466</timestamp>
			</report>
			<report>
				<misses>304700000</misses>
				<total>16</total>
				<timestamp>6095.369962</timestamp>
			</report>
			<report>
				<misses>304800000</misses>
				<total>16</total>
				<timestamp>6097.370599</timestamp>
			</report>
			<report>
				<misses>304900000</misses>
				<total>16</total>
				<timestamp>6099.371219</timestamp>
			</report>
			<report>
				<misses>305000000</misses>
				<total>16</total>
				<timestamp>6101.372408</timestamp>
			</report>
			<report>
				<misses>305100000</misses>
				<total>16</total>
				<timestamp>6103.373088</timestamp>
			</report>
			<report>
				<misses>305200000</misses>
				<total>16</total>
				<timestamp>6105.375771</timestamp>
			</report>
			<report>
				<misses>305300000</misses>
				<total>16</total>
				<timestamp>6107.376809</timestamp>
			</report>
			<report>
				<misses>305400000</misses>
				<total>16</total>
				<timestamp>6109.377325</timestamp>
			</report>
			<report>
				<misses>305500000</misses>
				<total>16</total>
				<timestamp>6111.379164</timestamp>
			</report>
			<report>
				<misses>305600000</misses>
				<total>16</total>
				<timestamp>6113.380639</timestamp>
			</report>
			<report>
				<misses>305700000</misses>
				<total>16</total>
				<timestamp>6115.383241</timestamp>
			</report>
			<report>
				<misses>305800000</misses>
				<total>16</total>
				<timestamp>6117.384152</timestamp>
			</report>
			<report>
				<misses>305900000</misses>
				<total>16</total>
				<timestamp>6119.385174</timestamp>
			</report>
			<report>
				<misses>306000000</misses>
				<total>16</total>
				<timestamp>6121.386143</timestamp>
			</report>
			<report>
				<misses>306100000</misses>
				<total>16</total>
				<timestamp>6123.387003</timestamp>
			</report>
			<report>
				<misses>306200000</misses>
				<total>16</total>
				<timestamp>6125.388164</timestamp>
			</report>
			<report>
				<misses>306300000</misses>
				<total>16</total>
				<timestamp>6127.388692</timestamp>
			</report>
			<report>
				<misses>306400000</misses>
				<total>16</total>
				<timestamp>6129.388756</timestamp>
			</report>
			<report>
				<misses>306500000</misses>
				<total>16</total>
				<timestamp>6131.389022</timestamp>
			</report>
			<report>
				<misses>306600000</misses>
				<total>16</total>
				<timestamp>6133.389619</timestamp>
			</report>
			<report>
				<misses>306700000</misses>
				<total>16</total>
				<timestamp>6135.391064</timestamp>
			</report>
			<report>
				<misses>306800000</misses>
				<total>16</total>
				<timestamp>6137.391293</timestamp>
			</report>
			<report>
				<misses>306900000</misses>
				<total>16</total>
				<timestamp>6139.393883</timestamp>
			</report>
			<report>
				<misses>307000000</misses>
				<total>16</total>
				<timestamp>6141.395479</timestamp>
			</report>
			<report>
				<misses>307100000</misses>
				<total>16</total>
				<timestamp>6143.397053</timestamp>
			</report>
			<report>
				<misses>307200000</misses>
				<total>16</total>
				<timestamp>6145.397827</timestamp>
			</report>
			<report>
				<misses>307300000</misses>
				<total>16</total>
				<timestamp>6147.398519</timestamp>
			</report>
			<report>
				<misses>307400000</misses>
				<total>16</total>
				<timestamp>6149.398946</timestamp>
			</report>
			<report>
				<misses>307500000</misses>
				<total>16</total>
				<timestamp>6151.399042</timestamp>
			</report>
			<report>
				<misses>307600000</misses>
				<total>16</total>
				<timestamp>6153.399874</timestamp>
			</report>
			<report>
				<misses>307700000</misses>
				<total>16</total>
				<timestamp>6155.400357</timestamp>
			</report>
			<report>
				<misses>307800000</misses>
				<total>16</total>
				<timestamp>6157.402430</timestamp>
			</report>
			<report>
				<misses>307900000</misses>
				<total>16</total>
				<timestamp>6159.403640</timestamp>
			</report>
			<report>
				<misses>308000000</misses>
				<total>16</total>
				<timestamp>6161.405067</timestamp>
			</report>
			<report>
				<misses>308100000</misses>
				<total>16</total>
				<timestamp>6163.405892</timestamp>
			</report>
			<report>
				<misses>308200000</misses>
				<total>16</total>
				<timestamp>6165.406228</timestamp>
			</report>
			<report>
				<misses>308300000</misses>
				<total>16</total>
				<timestamp>6167.407287</timestamp>
			</report>
			<report>
				<misses>308400000</misses>
				<total>16</total>
				<timestamp>6169.407507</timestamp>
			</report>
			<report>
				<misses>308500000</misses>
				<total>16</total>
				<timestamp>6171.407797</timestamp>
			</report>
			<report>
				<misses>308600000</misses>
				<total>16</total>
				<timestamp>6173.408339</timestamp>
			</report>
			<report>
				<misses>308700000</misses>
				<total>16</total>
				<timestamp>6175.409006</timestamp>
			</report>
			<report>
				<misses>308800000</misses>
				<total>16</total>
				<timestamp>6177.410143</timestamp>
			</report>
			<report>
				<misses>308900000</misses>
				<total>16</total>
				<timestamp>6179.411315</timestamp>
			</report>
			<report>
				<misses>309000000</misses>
				<total>16</total>
				<timestamp>6181.413558</timestamp>
			</report>
			<report>
				<misses>309100000</misses>
				<total>16</total>
				<timestamp>6183.414371</timestamp>
			</report>
			<report>
				<misses>309200000</misses>
				<total>16</total>
				<timestamp>6185.415448</timestamp>
			</report>
			<report>
				<misses>309300000</misses>
				<total>16</total>
				<timestamp>6187.416480</timestamp>
			</report>
			<report>
				<misses>309400000</misses>
				<total>16</total>
				<timestamp>6189.416634</timestamp>
			</report>
			<report>
				<misses>309500000</misses>
				<total>16</total>
				<timestamp>6191.416782</timestamp>
			</report>
			<report>
				<misses>309600000</misses>
				<total>16</total>
				<timestamp>6193.417985</timestamp>
			</report>
			<report>
				<misses>309700000</misses>
				<total>16</total>
				<timestamp>6195.418870</timestamp>
			</report>
			<report>
				<misses>309800000</misses>
				<total>16</total>
				<timestamp>6197.419860</timestamp>
			</report>
			<report>
				<misses>309900000</misses>
				<total>16</total>
				<timestamp>6199.420904</timestamp>
			</report>
			<report>
				<misses>310000000</misses>
				<total>16</total>
				<timestamp>6201.422311</timestamp>
			</report>
			<report>
				<misses>310100000</misses>
				<total>16</total>
				<timestamp>6203.424841</timestamp>
			</report>
			<report>
				<misses>310200000</misses>
				<total>16</total>
				<timestamp>6205.425439</timestamp>
			</report>
			<report>
				<misses>310300000</misses>
				<total>16</total>
				<timestamp>6207.425706</timestamp>
			</report>
			<report>
				<misses>310400000</misses>
				<total>16</total>
				<timestamp>6209.428460</timestamp>
			</report>
			<report>
				<misses>310500000</misses>
				<total>16</total>
				<timestamp>6211.428738</timestamp>
			</report>
			<report>
				<misses>310600000</misses>
				<total>16</total>
				<timestamp>6213.428941</timestamp>
			</report>
			<report>
				<misses>310700000</misses>
				<total>16</total>
				<timestamp>6215.429710</timestamp>
			</report>
			<report>
				<misses>310800000</misses>
				<total>16</total>
				<timestamp>6217.431763</timestamp>
			</report>
			<report>
				<misses>310900000</misses>
				<total>16</total>
				<timestamp>6219.433986</timestamp>
			</report>
			<report>
				<misses>311000000</misses>
				<total>16</total>
				<timestamp>6221.435118</timestamp>
			</report>
			<report>
				<misses>311100000</misses>
				<total>16</total>
				<timestamp>6223.436605</timestamp>
			</report>
			<report>
				<misses>311200000</misses>
				<total>16</total>
				<timestamp>6225.436835</timestamp>
			</report>
			<report>
				<misses>311300000</misses>
				<total>16</total>
				<timestamp>6227.437393</timestamp>
			</report>
			<report>
				<misses>311400000</misses>
				<total>16</total>
				<timestamp>6229.437559</timestamp>
			</report>
			<report>
				<misses>311500000</misses>
				<total>16</total>
				<timestamp>6231.437733</timestamp>
			</report>
			<report>
				<misses>311600000</misses>
				<total>16</total>
				<timestamp>6233.438233</timestamp>
			</report>
			<report>
				<misses>311700000</misses>
				<total>16</total>
				<timestamp>6235.438902</timestamp>
			</report>
			<report>
				<misses>311800000</misses>
				<total>16</total>
				<timestamp>6237.439262</timestamp>
			</report>
			<report>
				<misses>311900000</misses>
				<total>16</total>
				<timestamp>6239.440203</timestamp>
			</report>
			<report>
				<misses>312000000</misses>
				<total>16</total>
				<timestamp>6241.440848</timestamp>
			</report>
			<report>
				<misses>312100000</misses>
				<total>16</total>
				<timestamp>6243.441422</timestamp>
			</report>
			<report>
				<misses>312200000</misses>
				<total>16</total>
				<timestamp>6245.445394</timestamp>
			</report>
			<report>
				<misses>312300000</misses>
				<total>16</total>
				<timestamp>6247.446111</timestamp>
			</report>
			<report>
				<misses>312400000</misses>
				<total>16</total>
				<timestamp>6249.447019</timestamp>
			</report>
			<report>
				<misses>312500000</misses>
				<total>16</total>
				<timestamp>6251.447742</timestamp>
			</report>
			<report>
				<misses>312600000</misses>
				<total>16</total>
				<timestamp>6253.450144</timestamp>
			</report>
			<report>
				<misses>312700000</misses>
				<total>16</total>
				<timestamp>6255.450943</timestamp>
			</report>
			<report>
				<misses>312800000</misses>
				<total>16</total>
				<timestamp>6257.453595</timestamp>
			</report>
			<report>
				<misses>312900000</misses>
				<total>16</total>
				<timestamp>6259.455221</timestamp>
			</report>
			<report>
				<misses>313000000</misses>
				<total>16</total>
				<timestamp>6261.455352</timestamp>
			</report>
			<report>
				<misses>313100000</misses>
				<total>16</total>
				<timestamp>6263.455573</timestamp>
			</report>
			<report>
				<misses>313200000</misses>
				<total>16</total>
				<timestamp>6265.455721</timestamp>
			</report>
			<report>
				<misses>313300000</misses>
				<total>16</total>
				<timestamp>6267.456499</timestamp>
			</report>
			<report>
				<misses>313400000</misses>
				<total>16</total>
				<timestamp>6269.457351</timestamp>
			</report>
			<report>
				<misses>313500000</misses>
				<total>16</total>
				<timestamp>6271.458094</timestamp>
			</report>
			<report>
				<misses>313600000</misses>
				<total>16</total>
				<timestamp>6273.459221</timestamp>
			</report>
			<report>
				<misses>313700000</misses>
				<total>16</total>
				<timestamp>6275.460775</timestamp>
			</report>
			<report>
				<misses>313800000</misses>
				<total>16</total>
				<timestamp>6277.461708</timestamp>
			</report>
			<report>
				<misses>313900000</misses>
				<total>16</total>
				<timestamp>6279.461903</timestamp>
			</report>
			<report>
				<misses>314000000</misses>
				<total>16</total>
				<timestamp>6281.462114</timestamp>
			</report>
			<report>
				<misses>314100000</misses>
				<total>16</total>
				<timestamp>6283.462352</timestamp>
			</report>
			<report>
				<misses>314200000</misses>
				<total>16</total>
				<timestamp>6285.465309</timestamp>
			</report>
			<report>
				<misses>314300000</misses>
				<total>16</total>
				<timestamp>6287.467163</timestamp>
			</report>
			<report>
				<misses>314400000</misses>
				<total>16</total>
				<timestamp>6289.469573</timestamp>
			</report>
			<report>
				<misses>314500000</misses>
				<total>16</total>
				<timestamp>6291.471058</timestamp>
			</report>
			<report>
				<misses>314600000</misses>
				<total>16</total>
				<timestamp>6293.471178</timestamp>
			</report>
			<report>
				<misses>314700000</misses>
				<total>16</total>
				<timestamp>6295.471314</timestamp>
			</report>
			<report>
				<misses>314800000</misses>
				<total>16</total>
				<timestamp>6297.472827</timestamp>
			</report>
			<report>
				<misses>314900000</misses>
				<total>16</total>
				<timestamp>6299.474289</timestamp>
			</report>
			<report>
				<misses>315000000</misses>
				<total>16</total>
				<timestamp>6301.476068</timestamp>
			</report>
			<report>
				<misses>315100000</misses>
				<total>16</total>
				<timestamp>6303.476566</timestamp>
			</report>
			<report>
				<misses>315200000</misses>
				<total>16</total>
				<timestamp>6305.477135</timestamp>
			</report>
			<report>
				<misses>315300000</misses>
				<total>16</total>
				<timestamp>6307.477383</timestamp>
			</report>
			<report>
				<misses>315400000</misses>
				<total>16</total>
				<timestamp>6309.478119</timestamp>
			</report>
			<report>
				<misses>315500000</misses>
				<total>16</total>
				<timestamp>6311.478499</timestamp>
			</report>
			<report>
				<misses>315600000</misses>
				<total>16</total>
				<timestamp>6313.478631</timestamp>
			</report>
			<report>
				<misses>315700000</misses>
				<total>16</total>
				<timestamp>6315.480506</timestamp>
			</report>
			<report>
				<misses>315800000</misses>
				<total>16</total>
				<timestamp>6317.481009</timestamp>
			</report>
			<report>
				<misses>315900000</misses>
				<total>16</total>
				<timestamp>6319.483110</timestamp>
			</report>
			<report>
				<misses>316000000</misses>
				<total>16</total>
				<timestamp>6321.486254</timestamp>
			</report>
			<report>
				<misses>316100000</misses>
				<total>16</total>
				<timestamp>6323.489039</timestamp>
			</report>
			<report>
				<misses>316200000</misses>
				<total>16</total>
				<timestamp>6325.490408</timestamp>
			</report>
			<report>
				<misses>316300000</misses>
				<total>16</total>
				<timestamp>6327.491637</timestamp>
			</report>
			<report>
				<misses>316400000</misses>
				<total>16</total>
				<timestamp>6329.492247</timestamp>
			</report>
			<report>
				<misses>316500000</misses>
				<total>16</total>
				<timestamp>6331.492670</timestamp>
			</report>
			<report>
				<misses>316600000</misses>
				<total>16</total>
				<timestamp>6333.493089</timestamp>
			</report>
			<report>
				<misses>316700000</misses>
				<total>16</total>
				<timestamp>6335.494016</timestamp>
			</report>
			<report>
				<misses>316800000</misses>
				<total>16</total>
				<timestamp>6337.495179</timestamp>
			</report>
			<report>
				<misses>316900000</misses>
				<total>16</total>
				<timestamp>6339.496822</timestamp>
			</report>
			<report>
				<misses>317000000</misses>
				<total>16</total>
				<timestamp>6341.498562</timestamp>
			</report>
			<report>
				<misses>317100000</misses>
				<total>16</total>
				<timestamp>6343.499398</timestamp>
			</report>
			<report>
				<misses>317200000</misses>
				<total>16</total>
				<timestamp>6345.500511</timestamp>
			</report>
			<report>
				<misses>317300000</misses>
				<total>16</total>
				<timestamp>6347.501035</timestamp>
			</report>
			<report>
				<misses>317400000</misses>
				<total>16</total>
				<timestamp>6349.501131</timestamp>
			</report>
			<report>
				<misses>317500000</misses>
				<total>16</total>
				<timestamp>6351.502349</timestamp>
			</report>
			<report>
				<misses>317600000</misses>
				<total>16</total>
				<timestamp>6353.502779</timestamp>
			</report>
			<report>
				<misses>317700000</misses>
				<total>16</total>
				<timestamp>6355.504190</timestamp>
			</report>
			<report>
				<misses>317800000</misses>
				<total>16</total>
				<timestamp>6357.504772</timestamp>
			</report>
			<report>
				<misses>317900000</misses>
				<total>16</total>
				<timestamp>6359.504835</timestamp>
			</report>
			<report>
				<misses>318000000</misses>
				<total>16</total>
				<timestamp>6361.505012</timestamp>
			</report>
			<report>
				<misses>318100000</misses>
				<total>16</total>
				<timestamp>6363.505396</timestamp>
			</report>
			<report>
				<misses>318200000</misses>
				<total>16</total>
				<timestamp>6365.505454</timestamp>
			</report>
			<report>
				<misses>318300000</misses>
				<total>16</total>
				<timestamp>6367.505957</timestamp>
			</report>
			<report>
				<misses>318400000</misses>
				<total>16</total>
				<timestamp>6369.506896</timestamp>
			</report>
			<report>
				<misses>318500000</misses>
				<total>16</total>
				<timestamp>6371.508073</timestamp>
			</report>
			<report>
				<misses>318600000</misses>
				<total>16</total>
				<timestamp>6373.509643</timestamp>
			</report>
			<report>
				<misses>318700000</misses>
				<total>16</total>
				<timestamp>6375.510943</timestamp>
			</report>
			<report>
				<misses>318800000</misses>
				<total>16</total>
				<timestamp>6377.511332</timestamp>
			</report>
			<report>
				<misses>318900000</misses>
				<total>16</total>
				<timestamp>6379.512736</timestamp>
			</report>
			<report>
				<misses>319000000</misses>
				<total>16</total>
				<timestamp>6381.513140</timestamp>
			</report>
			<report>
				<misses>319100000</misses>
				<total>16</total>
				<timestamp>6383.513283</timestamp>
			</report>
			<report>
				<misses>319200000</misses>
				<total>16</total>
				<timestamp>6385.513446</timestamp>
			</report>
			<report>
				<misses>319300000</misses>
				<total>16</total>
				<timestamp>6387.515063</timestamp>
			</report>
			<report>
				<misses>319400000</misses>
				<total>16</total>
				<timestamp>6389.516745</timestamp>
			</report>
			<report>
				<misses>319500000</misses>
				<total>16</total>
				<timestamp>6391.517754</timestamp>
			</report>
			<report>
				<misses>319600000</misses>
				<total>16</total>
				<timestamp>6393.520083</timestamp>
			</report>
			<report>
				<misses>319700000</misses>
				<total>16</total>
				<timestamp>6395.520849</timestamp>
			</report>
			<report>
				<misses>319800000</misses>
				<total>16</total>
				<timestamp>6397.522442</timestamp>
			</report>
			<report>
				<misses>319900000</misses>
				<total>16</total>
				<timestamp>6399.523592</timestamp>
			</report>
			<report>
				<misses>320000000</misses>
				<total>16</total>
				<timestamp>6401.525578</timestamp>
			</report>
			<report>
				<misses>320100000</misses>
				<total>16</total>
				<timestamp>6403.527447</timestamp>
			</report>
			<report>
				<misses>320200000</misses>
				<total>16</total>
				<timestamp>6405.528445</timestamp>
			</report>
			<report>
				<misses>320300000</misses>
				<total>16</total>
				<timestamp>6407.528598</timestamp>
			</report>
			<report>
				<misses>320400000</misses>
				<total>16</total>
				<timestamp>6409.528642</timestamp>
			</report>
			<report>
				<misses>320500000</misses>
				<total>16</total>
				<timestamp>6411.528739</timestamp>
			</report>
			<report>
				<misses>320600000</misses>
				<total>16</total>
				<timestamp>6413.528937</timestamp>
			</report>
			<report>
				<misses>320700000</misses>
				<total>16</total>
				<timestamp>6415.529567</timestamp>
			</report>
			<report>
				<misses>320800000</misses>
				<total>16</total>
				<timestamp>6417.531676</timestamp>
			</report>
			<report>
				<misses>320900000</misses>
				<total>16</total>
				<timestamp>6419.532954</timestamp>
			</report>
			<report>
				<misses>321000000</misses>
				<total>16</total>
				<timestamp>6421.533383</timestamp>
			</report>
			<report>
				<misses>321100000</misses>
				<total>16</total>
				<timestamp>6423.533845</timestamp>
			</report>
			<report>
				<misses>321200000</misses>
				<total>16</total>
				<timestamp>6425.534222</timestamp>
			</report>
			<report>
				<misses>321300000</misses>
				<total>16</total>
				<timestamp>6427.534349</timestamp>
			</report>
			<report>
				<misses>321400000</misses>
				<total>16</total>
				<timestamp>6429.535239</timestamp>
			</report>
			<report>
				<misses>321500000</misses>
				<total>16</total>
				<timestamp>6431.535865</timestamp>
			</report>
			<report>
				<misses>321600000</misses>
				<total>16</total>
				<timestamp>6433.536813</timestamp>
			</report>
			<report>
				<misses>321700000</misses>
				<total>16</total>
				<timestamp>6435.537280</timestamp>
			</report>
			<report>
				<misses>321800000</misses>
				<total>16</total>
				<timestamp>6437.538115</timestamp>
			</report>
			<report>
				<misses>321900000</misses>
				<total>16</total>
				<timestamp>6439.539878</timestamp>
			</report>
			<report>
				<misses>322000000</misses>
				<total>16</total>
				<timestamp>6441.541321</timestamp>
			</report>
			<report>
				<misses>322100000</misses>
				<total>16</total>
				<timestamp>6443.541751</timestamp>
			</report>
			<report>
				<misses>322200000</misses>
				<total>16</total>
				<timestamp>6445.543632</timestamp>
			</report>
			<report>
				<misses>322300000</misses>
				<total>16</total>
				<timestamp>6447.543887</timestamp>
			</report>
			<report>
				<misses>322400000</misses>
				<total>16</total>
				<timestamp>6449.544870</timestamp>
			</report>
			<report>
				<misses>322500000</misses>
				<total>16</total>
				<timestamp>6451.545328</timestamp>
			</report>
			<report>
				<misses>322600000</misses>
				<total>16</total>
				<timestamp>6453.546101</timestamp>
			</report>
			<report>
				<misses>322700000</misses>
				<total>16</total>
				<timestamp>6455.547881</timestamp>
			</report>
			<report>
				<misses>322800000</misses>
				<total>16</total>
				<timestamp>6457.549143</timestamp>
			</report>
			<report>
				<misses>322900000</misses>
				<total>16</total>
				<timestamp>6459.550159</timestamp>
			</report>
			<report>
				<misses>323000000</misses>
				<total>16</total>
				<timestamp>6461.551595</timestamp>
			</report>
			<report>
				<misses>323100000</misses>
				<total>16</total>
				<timestamp>6463.552726</timestamp>
			</report>
			<report>
				<misses>323200000</misses>
				<total>16</total>
				<timestamp>6465.553028</timestamp>
			</report>
			<report>
				<misses>323300000</misses>
				<total>16</total>
				<timestamp>6467.553281</timestamp>
			</report>
			<report>
				<misses>323400000</misses>
				<total>16</total>
				<timestamp>6469.553466</timestamp>
			</report>
			<report>
				<misses>323500000</misses>
				<total>16</total>
				<timestamp>6471.554056</timestamp>
			</report>
			<report>
				<misses>323600000</misses>
				<total>16</total>
				<timestamp>6473.554257</timestamp>
			</report>
			<report>
				<misses>323700000</misses>
				<total>16</total>
				<timestamp>6475.554616</timestamp>
			</report>
			<report>
				<misses>323800000</misses>
				<total>16</total>
				<timestamp>6477.554992</timestamp>
			</report>
			<report>
				<misses>323900000</misses>
				<total>16</total>
				<timestamp>6479.555426</timestamp>
			</report>
			<report>
				<misses>324000000</misses>
				<total>16</total>
				<timestamp>6481.556927</timestamp>
			</report>
			<report>
				<misses>324100000</misses>
				<total>16</total>
				<timestamp>6483.557383</timestamp>
			</report>
			<report>
				<misses>324200000</misses>
				<total>16</total>
				<timestamp>6485.557553</timestamp>
			</report>
			<report>
				<misses>324300000</misses>
				<total>16</total>
				<timestamp>6487.557683</timestamp>
			</report>
			<report>
				<misses>324400000</misses>
				<total>16</total>
				<timestamp>6489.558931</timestamp>
			</report>
			<report>
				<misses>324500000</misses>
				<total>16</total>
				<timestamp>6491.559394</timestamp>
			</report>
			<report>
				<misses>324600000</misses>
				<total>16</total>
				<timestamp>6493.560993</timestamp>
			</report>
			<report>
				<misses>324700000</misses>
				<total>16</total>
				<timestamp>6495.561832</timestamp>
			</report>
			<report>
				<misses>324800000</misses>
				<total>16</total>
				<timestamp>6497.562890</timestamp>
			</report>
			<report>
				<misses>324900000</misses>
				<total>16</total>
				<timestamp>6499.563755</timestamp>
			</report>
			<report>
				<misses>325000000</misses>
				<total>16</total>
				<timestamp>6501.565252</timestamp>
			</report>
			<report>
				<misses>325100000</misses>
				<total>16</total>
				<timestamp>6503.567610</timestamp>
			</report>
			<report>
				<misses>325200000</misses>
				<total>16</total>
				<timestamp>6505.569672</timestamp>
			</report>
			<report>
				<misses>325300000</misses>
				<total>16</total>
				<timestamp>6507.570813</timestamp>
			</report>
			<report>
				<misses>325400000</misses>
				<total>16</total>
				<timestamp>6509.572529</timestamp>
			</report>
			<report>
				<misses>325500000</misses>
				<total>16</total>
				<timestamp>6511.572596</timestamp>
			</report>
			<report>
				<misses>325600000</misses>
				<total>16</total>
				<timestamp>6513.572713</timestamp>
			</report>
			<report>
				<misses>325700000</misses>
				<total>16</total>
				<timestamp>6515.572760</timestamp>
			</report>
			<report>
				<misses>325800000</misses>
				<total>16</total>
				<timestamp>6517.572944</timestamp>
			</report>
			<report>
				<misses>325900000</misses>
				<total>16</total>
				<timestamp>6519.573747</timestamp>
			</report>
			<report>
				<misses>326000000</misses>
				<total>16</total>
				<timestamp>6521.574500</timestamp>
			</report>
			<report>
				<misses>326100000</misses>
				<total>16</total>
				<timestamp>6523.575281</timestamp>
			</report>
			<report>
				<misses>326200000</misses>
				<total>16</total>
				<timestamp>6525.576112</timestamp>
			</report>
			<report>
				<misses>326300000</misses>
				<total>16</total>
				<timestamp>6527.576366</timestamp>
			</report>
			<report>
				<misses>326400000</misses>
				<total>16</total>
				<timestamp>6529.577084</timestamp>
			</report>
			<report>
				<misses>326500000</misses>
				<total>16</total>
				<timestamp>6531.577180</timestamp>
			</report>
			<report>
				<misses>326600000</misses>
				<total>16</total>
				<timestamp>6533.577367</timestamp>
			</report>
			<report>
				<misses>326700000</misses>
				<total>16</total>
				<timestamp>6535.577475</timestamp>
			</report>
			<report>
				<misses>326800000</misses>
				<total>16</total>
				<timestamp>6537.578208</timestamp>
			</report>
			<report>
				<misses>326900000</misses>
				<total>16</total>
				<timestamp>6539.579315</timestamp>
			</report>
			<report>
				<misses>327000000</misses>
				<total>16</total>
				<timestamp>6541.579716</timestamp>
			</report>
			<report>
				<misses>327100000</misses>
				<total>16</total>
				<timestamp>6543.580280</timestamp>
			</report>
			<report>
				<misses>327200000</misses>
				<total>16</total>
				<timestamp>6545.580933</timestamp>
			</report>
			<report>
				<misses>327300000</misses>
				<total>16</total>
				<timestamp>6547.584101</timestamp>
			</report>
			<report>
				<misses>327400000</misses>
				<total>16</total>
				<timestamp>6549.585087</timestamp>
			</report>
			<report>
				<misses>327500000</misses>
				<total>16</total>
				<timestamp>6551.585467</timestamp>
			</report>
			<report>
				<misses>327600000</misses>
				<total>16</total>
				<timestamp>6553.585874</timestamp>
			</report>
			<report>
				<misses>327700000</misses>
				<total>16</total>
				<timestamp>6555.586055</timestamp>
			</report>
			<report>
				<misses>327800000</misses>
				<total>16</total>
				<timestamp>6557.586315</timestamp>
			</report>
			<report>
				<misses>327900000</misses>
				<total>16</total>
				<timestamp>6559.586693</timestamp>
			</report>
			<report>
				<misses>328000000</misses>
				<total>16</total>
				<timestamp>6561.587262</timestamp>
			</report>
			<report>
				<misses>328100000</misses>
				<total>16</total>
				<timestamp>6563.587444</timestamp>
			</report>
			<report>
				<misses>328200000</misses>
				<total>16</total>
				<timestamp>6565.587894</timestamp>
			</report>
			<report>
				<misses>328300000</misses>
				<total>16</total>
				<timestamp>6567.590190</timestamp>
			</report>
			<report>
				<misses>328400000</misses>
				<total>16</total>
				<timestamp>6569.590962</timestamp>
			</report>
			<report>
				<misses>328500000</misses>
				<total>16</total>
				<timestamp>6571.591170</timestamp>
			</report>
			<report>
				<misses>328600000</misses>
				<total>16</total>
				<timestamp>6573.591359</timestamp>
			</report>
			<report>
				<misses>328700000</misses>
				<total>17</total>
				<timestamp>6575.591742</timestamp>
			</report>
			<report>
				<misses>328800000</misses>
				<total>17</total>
				<timestamp>6577.591839</timestamp>
			</report>
			<report>
				<misses>328900000</misses>
				<total>17</total>
				<timestamp>6579.592104</timestamp>
			</report>
			<report>
				<misses>329000000</misses>
				<total>17</total>
				<timestamp>6581.592142</timestamp>
			</report>
			<report>
				<misses>329100000</misses>
				<total>17</total>
				<timestamp>6583.592535</timestamp>
			</report>
			<report>
				<misses>329200000</misses>
				<total>17</total>
				<timestamp>6585.592793</timestamp>
			</report>
			<report>
				<misses>329300000</misses>
				<total>17</total>
				<timestamp>6587.593582</timestamp>
			</report>
			<report>
				<misses>329400000</misses>
				<total>17</total>
				<timestamp>6589.595777</timestamp>
			</report>
			<report>
				<misses>329500000</misses>
				<total>17</total>
				<timestamp>6591.597834</timestamp>
			</report>
			<report>
				<misses>329600000</misses>
				<total>17</total>
				<timestamp>6593.599622</timestamp>
			</report>
			<report>
				<misses>329700000</misses>
				<total>17</total>
				<timestamp>6595.602102</timestamp>
			</report>
			<report>
				<misses>329800000</misses>
				<total>17</total>
				<timestamp>6597.602249</timestamp>
			</report>
			<report>
				<misses>329900000</misses>
				<total>17</total>
				<timestamp>6599.602891</timestamp>
			</report>
			<report>
				<misses>330000000</misses>
				<total>17</total>
				<timestamp>6601.603559</timestamp>
			</report>
			<report>
				<misses>330100000</misses>
				<total>17</total>
				<timestamp>6603.605142</timestamp>
			</report>
			<report>
				<misses>330200000</misses>
				<total>17</total>
				<timestamp>6605.606572</timestamp>
			</report>
			<report>
				<misses>330300000</misses>
				<total>17</total>
				<timestamp>6607.607398</timestamp>
			</report>
			<report>
				<misses>330400000</misses>
				<total>17</total>
				<timestamp>6609.609465</timestamp>
			</report>
			<report>
				<misses>330500000</misses>
				<total>17</total>
				<timestamp>6611.610620</timestamp>
			</report>
			<report>
				<misses>330600000</misses>
				<total>17</total>
				<timestamp>6613.611499</timestamp>
			</report>
			<report>
				<misses>330700000</misses>
				<total>17</total>
				<timestamp>6615.612176</timestamp>
			</report>
			<report>
				<misses>330800000</misses>
				<total>17</total>
				<timestamp>6617.612641</timestamp>
			</report>
			<report>
				<misses>330900000</misses>
				<total>17</total>
				<timestamp>6619.613224</timestamp>
			</report>
			<report>
				<misses>331000000</misses>
				<total>17</total>
				<timestamp>6621.613515</timestamp>
			</report>
			<report>
				<misses>331100000</misses>
				<total>17</total>
				<timestamp>6623.614013</timestamp>
			</report>
			<report>
				<misses>331200000</misses>
				<total>17</total>
				<timestamp>6625.614476</timestamp>
			</report>
			<report>
				<misses>331300000</misses>
				<total>17</total>
				<timestamp>6627.615461</timestamp>
			</report>
			<report>
				<misses>331400000</misses>
				<total>17</total>
				<timestamp>6629.616093</timestamp>
			</report>
			<report>
				<misses>331500000</misses>
				<total>17</total>
				<timestamp>6631.619198</timestamp>
			</report>
			<report>
				<misses>331600000</misses>
				<total>17</total>
				<timestamp>6633.620317</timestamp>
			</report>
			<report>
				<misses>331700000</misses>
				<total>17</total>
				<timestamp>6635.621579</timestamp>
			</report>
			<report>
				<misses>331800000</misses>
				<total>17</total>
				<timestamp>6637.622554</timestamp>
			</report>
			<report>
				<misses>331900000</misses>
				<total>17</total>
				<timestamp>6639.624284</timestamp>
			</report>
			<report>
				<misses>332000000</misses>
				<total>17</total>
				<timestamp>6641.624606</timestamp>
			</report>
			<report>
				<misses>332100000</misses>
				<total>17</total>
				<timestamp>6643.624759</timestamp>
			</report>
			<report>
				<misses>332200000</misses>
				<total>17</total>
				<timestamp>6645.624885</timestamp>
			</report>
			<report>
				<misses>332300000</misses>
				<total>17</total>
				<timestamp>6647.626104</timestamp>
			</report>
			<report>
				<misses>332400000</misses>
				<total>17</total>
				<timestamp>6649.628270</timestamp>
			</report>
			<report>
				<misses>332500000</misses>
				<total>17</total>
				<timestamp>6651.629295</timestamp>
			</report>
			<report>
				<misses>332600000</misses>
				<total>17</total>
				<timestamp>6653.630583</timestamp>
			</report>
			<report>
				<misses>332700000</misses>
				<total>17</total>
				<timestamp>6655.631919</timestamp>
			</report>
			<report>
				<misses>332800000</misses>
				<total>17</total>
				<timestamp>6657.633039</timestamp>
			</report>
			<report>
				<misses>332900000</misses>
				<total>17</total>
				<timestamp>6659.633478</timestamp>
			</report>
			<report>
				<misses>333000000</misses>
				<total>17</total>
				<timestamp>6661.634144</timestamp>
			</report>
			<report>
				<misses>333100000</misses>
				<total>17</total>
				<timestamp>6663.634401</timestamp>
			</report>
			<report>
				<misses>333200000</misses>
				<total>17</total>
				<timestamp>6665.634625</timestamp>
			</report>
			<report>
				<misses>333300000</misses>
				<total>17</total>
				<timestamp>6667.635990</timestamp>
			</report>
			<report>
				<misses>333400000</misses>
				<total>17</total>
				<timestamp>6669.636438</timestamp>
			</report>
			<report>
				<misses>333500000</misses>
				<total>17</total>
				<timestamp>6671.637232</timestamp>
			</report>
			<report>
				<misses>333600000</misses>
				<total>17</total>
				<timestamp>6673.638615</timestamp>
			</report>
			<report>
				<misses>333700000</misses>
				<total>17</total>
				<timestamp>6675.639714</timestamp>
			</report>
			<report>
				<misses>333800000</misses>
				<total>17</total>
				<timestamp>6677.639850</timestamp>
			</report>
			<report>
				<misses>333900000</misses>
				<total>17</total>
				<timestamp>6679.639977</timestamp>
			</report>
			<report>
				<misses>334000000</misses>
				<total>17</total>
				<timestamp>6681.640198</timestamp>
			</report>
			<report>
				<misses>334100000</misses>
				<total>17</total>
				<timestamp>6683.640922</timestamp>
			</report>
			<report>
				<misses>334200000</misses>
				<total>17</total>
				<timestamp>6685.641761</timestamp>
			</report>
			<report>
				<misses>334300000</misses>
				<total>17</total>
				<timestamp>6687.642062</timestamp>
			</report>
			<report>
				<misses>334400000</misses>
				<total>17</total>
				<timestamp>6689.642815</timestamp>
			</report>
			<report>
				<misses>334500000</misses>
				<total>17</total>
				<timestamp>6691.643089</timestamp>
			</report>
			<report>
				<misses>334600000</misses>
				<total>17</total>
				<timestamp>6693.643792</timestamp>
			</report>
			<report>
				<misses>334700000</misses>
				<total>17</total>
				<timestamp>6695.645208</timestamp>
			</report>
			<report>
				<misses>334800000</misses>
				<total>17</total>
				<timestamp>6697.645388</timestamp>
			</report>
			<report>
				<misses>334900000</misses>
				<total>17</total>
				<timestamp>6699.645607</timestamp>
			</report>
			<report>
				<misses>335000000</misses>
				<total>17</total>
				<timestamp>6701.645661</timestamp>
			</report>
			<report>
				<misses>335100000</misses>
				<total>17</total>
				<timestamp>6703.646175</timestamp>
			</report>
			<report>
				<misses>335200000</misses>
				<total>17</total>
				<timestamp>6705.646632</timestamp>
			</report>
			<report>
				<misses>335300000</misses>
				<total>17</total>
				<timestamp>6707.646957</timestamp>
			</report>
			<report>
				<misses>335400000</misses>
				<total>17</total>
				<timestamp>6709.647510</timestamp>
			</report>
			<report>
				<misses>335500000</misses>
				<total>17</total>
				<timestamp>6711.648322</timestamp>
			</report>
			<report>
				<misses>335600000</misses>
				<total>17</total>
				<timestamp>6713.648914</timestamp>
			</report>
			<report>
				<misses>335700000</misses>
				<total>17</total>
				<timestamp>6715.648979</timestamp>
			</report>
			<report>
				<misses>335800000</misses>
				<total>17</total>
				<timestamp>6717.649346</timestamp>
			</report>
			<report>
				<misses>335900000</misses>
				<total>17</total>
				<timestamp>6719.649722</timestamp>
			</report>
			<report>
				<misses>336000000</misses>
				<total>17</total>
				<timestamp>6721.650294</timestamp>
			</report>
			<report>
				<misses>336100000</misses>
				<total>17</total>
				<timestamp>6723.650703</timestamp>
			</report>
			<report>
				<misses>336200000</misses>
				<total>17</total>
				<timestamp>6725.650813</timestamp>
			</report>
			<report>
				<misses>336300000</misses>
				<total>17</total>
				<timestamp>6727.651368</timestamp>
			</report>
			<report>
				<misses>336400000</misses>
				<total>17</total>
				<timestamp>6729.651891</timestamp>
			</report>
			<report>
				<misses>336500000</misses>
				<total>17</total>
				<timestamp>6731.653454</timestamp>
			</report>
			<report>
				<misses>336600000</misses>
				<total>17</total>
				<timestamp>6733.653773</timestamp>
			</report>
			<report>
				<misses>336700000</misses>
				<total>17</total>
				<timestamp>6735.656303</timestamp>
			</report>
			<report>
				<misses>336800000</misses>
				<total>17</total>
				<timestamp>6737.657198</timestamp>
			</report>
			<report>
				<misses>336900000</misses>
				<total>17</total>
				<timestamp>6739.658202</timestamp>
			</report>
			<report>
				<misses>337000000</misses>
				<total>17</total>
				<timestamp>6741.659268</timestamp>
			</report>
			<report>
				<misses>337100000</misses>
				<total>17</total>
				<timestamp>6743.659887</timestamp>
			</report>
			<report>
				<misses>337200000</misses>
				<total>17</total>
				<timestamp>6745.660077</timestamp>
			</report>
			<report>
				<misses>337300000</misses>
				<total>17</total>
				<timestamp>6747.660221</timestamp>
			</report>
			<report>
				<misses>337400000</misses>
				<total>17</total>
				<timestamp>6749.660426</timestamp>
			</report>
			<report>
				<misses>337500000</misses>
				<total>17</total>
				<timestamp>6751.660770</timestamp>
			</report>
			<report>
				<misses>337600000</misses>
				<total>17</total>
				<timestamp>6753.661356</timestamp>
			</report>
			<report>
				<misses>337700000</misses>
				<total>17</total>
				<timestamp>6755.662083</timestamp>
			</report>
			<report>
				<misses>337800000</misses>
				<total>17</total>
				<timestamp>6757.662794</timestamp>
			</report>
			<report>
				<misses>337900000</misses>
				<total>17</total>
				<timestamp>6759.663172</timestamp>
			</report>
			<report>
				<misses>338000000</misses>
				<total>17</total>
				<timestamp>6761.664369</timestamp>
			</report>
			<report>
				<misses>338100000</misses>
				<total>17</total>
				<timestamp>6763.664644</timestamp>
			</report>
			<report>
				<misses>338200000</misses>
				<total>17</total>
				<timestamp>6765.665087</timestamp>
			</report>
			<report>
				<misses>338300000</misses>
				<total>17</total>
				<timestamp>6767.665545</timestamp>
			</report>
			<report>
				<misses>338400000</misses>
				<total>18</total>
				<timestamp>6769.666223</timestamp>
			</report>
			<report>
				<misses>338500000</misses>
				<total>18</total>
				<timestamp>6771.666461</timestamp>
			</report>
			<report>
				<misses>338600000</misses>
				<total>18</total>
				<timestamp>6773.666581</timestamp>
			</report>
			<report>
				<misses>338700000</misses>
				<total>18</total>
				<timestamp>6775.666738</timestamp>
			</report>
			<report>
				<misses>338800000</misses>
				<total>18</total>
				<timestamp>6777.667190</timestamp>
			</report>
			<report>
				<misses>338900000</misses>
				<total>18</total>
				<timestamp>6779.668007</timestamp>
			</report>
			<report>
				<misses>339000000</misses>
				<total>18</total>
				<timestamp>6781.668393</timestamp>
			</report>
			<report>
				<misses>339100000</misses>
				<total>18</total>
				<timestamp>6783.668495</timestamp>
			</report>
			<report>
				<misses>339200000</misses>
				<total>18</total>
				<timestamp>6785.668705</timestamp>
			</report>
			<report>
				<misses>339300000</misses>
				<total>18</total>
				<timestamp>6787.668893</timestamp>
			</report>
			<report>
				<misses>339400000</misses>
				<total>18</total>
				<timestamp>6789.669356</timestamp>
			</report>
			<report>
				<misses>339500000</misses>
				<total>18</total>
				<timestamp>6791.670352</timestamp>
			</report>
			<report>
				<misses>339600000</misses>
				<total>18</total>
				<timestamp>6793.670553</timestamp>
			</report>
			<report>
				<misses>339700000</misses>
				<total>18</total>
				<timestamp>6795.670677</timestamp>
			</report>
			<report>
				<misses>339800000</misses>
				<total>18</total>
				<timestamp>6797.671041</timestamp>
			</report>
			<report>
				<misses>339900000</misses>
				<total>18</total>
				<timestamp>6799.672312</timestamp>
			</report>
			<report>
				<misses>340000000</misses>
				<total>18</total>
				<timestamp>6801.673651</timestamp>
			</report>
			<report>
				<misses>340100000</misses>
				<total>18</total>
				<timestamp>6803.674855</timestamp>
			</report>
			<report>
				<misses>340200000</misses>
				<total>18</total>
				<timestamp>6805.674989</timestamp>
			</report>
			<report>
				<misses>340300000</misses>
				<total>18</total>
				<timestamp>6807.675612</timestamp>
			</report>
			<report>
				<misses>340400000</misses>
				<total>18</total>
				<timestamp>6809.676537</timestamp>
			</report>
			<report>
				<misses>340500000</misses>
				<total>18</total>
				<timestamp>6811.676588</timestamp>
			</report>
			<report>
				<misses>340600000</misses>
				<total>18</total>
				<timestamp>6813.677475</timestamp>
			</report>
			<report>
				<misses>340700000</misses>
				<total>18</total>
				<timestamp>6815.679640</timestamp>
			</report>
			<report>
				<misses>340800000</misses>
				<total>18</total>
				<timestamp>6817.680001</timestamp>
			</report>
			<report>
				<misses>340900000</misses>
				<total>18</total>
				<timestamp>6819.680397</timestamp>
			</report>
			<report>
				<misses>341000000</misses>
				<total>18</total>
				<timestamp>6821.680600</timestamp>
			</report>
			<report>
				<misses>341100000</misses>
				<total>18</total>
				<timestamp>6823.680800</timestamp>
			</report>
			<report>
				<misses>341200000</misses>
				<total>18</total>
				<timestamp>6825.680991</timestamp>
			</report>
			<report>
				<misses>341300000</misses>
				<total>18</total>
				<timestamp>6827.682795</timestamp>
			</report>
			<report>
				<misses>341400000</misses>
				<total>18</total>
				<timestamp>6829.683417</timestamp>
			</report>
			<report>
				<misses>341500000</misses>
				<total>18</total>
				<timestamp>6831.684349</timestamp>
			</report>
			<report>
				<misses>341600000</misses>
				<total>18</total>
				<timestamp>6833.686387</timestamp>
			</report>
			<report>
				<misses>341700000</misses>
				<total>18</total>
				<timestamp>6835.687257</timestamp>
			</report>
			<report>
				<misses>341800000</misses>
				<total>19</total>
				<timestamp>6837.687846</timestamp>
			</report>
			<report>
				<misses>341900000</misses>
				<total>19</total>
				<timestamp>6839.689956</timestamp>
			</report>
			<report>
				<misses>342000000</misses>
				<total>19</total>
				<timestamp>6841.691174</timestamp>
			</report>
			<report>
				<misses>342100000</misses>
				<total>19</total>
				<timestamp>6843.692437</timestamp>
			</report>
			<report>
				<misses>342200000</misses>
				<total>19</total>
				<timestamp>6845.693015</timestamp>
			</report>
			<report>
				<misses>342300000</misses>
				<total>19</total>
				<timestamp>6847.693062</timestamp>
			</report>
			<report>
				<misses>342400000</misses>
				<total>19</total>
				<timestamp>6849.694391</timestamp>
			</report>
			<report>
				<misses>342500000</misses>
				<total>19</total>
				<timestamp>6851.696105</timestamp>
			</report>
			<report>
				<misses>342600000</misses>
				<total>19</total>
				<timestamp>6853.696417</timestamp>
			</report>
			<report>
				<misses>342700000</misses>
				<total>19</total>
				<timestamp>6855.697454</timestamp>
			</report>
			<report>
				<misses>342800000</misses>
				<total>19</total>
				<timestamp>6857.698682</timestamp>
			</report>
			<report>
				<misses>342900000</misses>
				<total>19</total>
				<timestamp>6859.701098</timestamp>
			</report>
			<report>
				<misses>343000000</misses>
				<total>19</total>
				<timestamp>6861.702148</timestamp>
			</report>
			<report>
				<misses>343100000</misses>
				<total>19</total>
				<timestamp>6863.702473</timestamp>
			</report>
			<report>
				<misses>343200000</misses>
				<total>19</total>
				<timestamp>6865.702815</timestamp>
			</report>
			<report>
				<misses>343300000</misses>
				<total>19</total>
				<timestamp>6867.703309</timestamp>
			</report>
			<report>
				<misses>343400000</misses>
				<total>19</total>
				<timestamp>6869.703702</timestamp>
			</report>
			<report>
				<misses>343500000</misses>
				<total>19</total>
				<timestamp>6871.704549</timestamp>
			</report>
			<report>
				<misses>343600000</misses>
				<total>19</total>
				<timestamp>6873.706454</timestamp>
			</report>
			<report>
				<misses>343700000</misses>
				<total>19</total>
				<timestamp>6875.708590</timestamp>
			</report>
			<report>
				<misses>343800000</misses>
				<total>19</total>
				<timestamp>6877.710158</timestamp>
			</report>
			<report>
				<misses>343900000</misses>
				<total>19</total>
				<timestamp>6879.711316</timestamp>
			</report>
			<report>
				<misses>344000000</misses>
				<total>19</total>
				<timestamp>6881.711754</timestamp>
			</report>
			<report>
				<misses>344100000</misses>
				<total>19</total>
				<timestamp>6883.712221</timestamp>
			</report>
			<report>
				<misses>344200000</misses>
				<total>19</total>
				<timestamp>6885.712309</timestamp>
			</report>
			<report>
				<misses>344300000</misses>
				<total>19</total>
				<timestamp>6887.712586</timestamp>
			</report>
			<report>
				<misses>344400000</misses>
				<total>19</total>
				<timestamp>6889.713261</timestamp>
			</report>
			<report>
				<misses>344500000</misses>
				<total>19</total>
				<timestamp>6891.713849</timestamp>
			</report>
			<report>
				<misses>344600000</misses>
				<total>19</total>
				<timestamp>6893.714959</timestamp>
			</report>
			<report>
				<misses>344700000</misses>
				<total>19</total>
				<timestamp>6895.715425</timestamp>
			</report>
			<report>
				<misses>344800000</misses>
				<total>19</total>
				<timestamp>6897.717171</timestamp>
			</report>
			<report>
				<misses>344900000</misses>
				<total>19</total>
				<timestamp>6899.717868</timestamp>
			</report>
			<report>
				<misses>345000000</misses>
				<total>19</total>
				<timestamp>6901.717998</timestamp>
			</report>
			<report>
				<misses>345100000</misses>
				<total>19</total>
				<timestamp>6903.718137</timestamp>
			</report>
			<report>
				<misses>345200000</misses>
				<total>19</total>
				<timestamp>6905.718768</timestamp>
			</report>
			<report>
				<misses>345300000</misses>
				<total>19</total>
				<timestamp>6907.720013</timestamp>
			</report>
			<report>
				<misses>345400000</misses>
				<total>19</total>
				<timestamp>6909.723114</timestamp>
			</report>
			<report>
				<misses>345500000</misses>
				<total>19</total>
				<timestamp>6911.726677</timestamp>
			</report>
			<report>
				<misses>345600000</misses>
				<total>19</total>
				<timestamp>6913.727684</timestamp>
			</report>
			<report>
				<misses>345700000</misses>
				<total>19</total>
				<timestamp>6915.728809</timestamp>
			</report>
			<report>
				<misses>345800000</misses>
				<total>19</total>
				<timestamp>6917.729535</timestamp>
			</report>
			<report>
				<misses>345900000</misses>
				<total>19</total>
				<timestamp>6919.729988</timestamp>
			</report>
			<report>
				<misses>346000000</misses>
				<total>19</total>
				<timestamp>6921.730865</timestamp>
			</report>
			<report>
				<misses>346100000</misses>
				<total>19</total>
				<timestamp>6923.731670</timestamp>
			</report>
			<report>
				<misses>346200000</misses>
				<total>19</total>
				<timestamp>6925.732427</timestamp>
			</report>
			<report>
				<misses>346300000</misses>
				<total>19</total>
				<timestamp>6927.732659</timestamp>
			</report>
			<report>
				<misses>346400000</misses>
				<total>19</total>
				<timestamp>6929.732836</timestamp>
			</report>
			<report>
				<misses>346500000</misses>
				<total>19</total>
				<timestamp>6931.733660</timestamp>
			</report>
			<report>
				<misses>346600000</misses>
				<total>19</total>
				<timestamp>6933.734735</timestamp>
			</report>
			<report>
				<misses>346700000</misses>
				<total>19</total>
				<timestamp>6935.735714</timestamp>
			</report>
			<report>
				<misses>346800000</misses>
				<total>19</total>
				<timestamp>6937.736374</timestamp>
			</report>
			<report>
				<misses>346900000</misses>
				<total>19</total>
				<timestamp>6939.736851</timestamp>
			</report>
			<report>
				<misses>347000000</misses>
				<total>19</total>
				<timestamp>6941.737604</timestamp>
			</report>
			<report>
				<misses>347100000</misses>
				<total>19</total>
				<timestamp>6943.738316</timestamp>
			</report>
			<report>
				<misses>347200000</misses>
				<total>19</total>
				<timestamp>6945.738625</timestamp>
			</report>
			<report>
				<misses>347300000</misses>
				<total>19</total>
				<timestamp>6947.738757</timestamp>
			</report>
			<report>
				<misses>347400000</misses>
				<total>19</total>
				<timestamp>6949.739687</timestamp>
			</report>
			<report>
				<misses>347500000</misses>
				<total>19</total>
				<timestamp>6951.740506</timestamp>
			</report>
			<report>
				<misses>347600000</misses>
				<total>19</total>
				<timestamp>6953.741520</timestamp>
			</report>
			<report>
				<misses>347700000</misses>
				<total>19</total>
				<timestamp>6955.742135</timestamp>
			</report>
			<report>
				<misses>347800000</misses>
				<total>19</total>
				<timestamp>6957.743248</timestamp>
			</report>
			<report>
				<misses>347900000</misses>
				<total>19</total>
				<timestamp>6959.744098</timestamp>
			</report>
			<report>
				<misses>348000000</misses>
				<total>19</total>
				<timestamp>6961.745715</timestamp>
			</report>
			<report>
				<misses>348100000</misses>
				<total>19</total>
				<timestamp>6963.746450</timestamp>
			</report>
			<report>
				<misses>348200000</misses>
				<total>19</total>
				<timestamp>6965.746606</timestamp>
			</report>
			<report>
				<misses>348300000</misses>
				<total>19</total>
				<timestamp>6967.746770</timestamp>
			</report>
			<report>
				<misses>348400000</misses>
				<total>19</total>
				<timestamp>6969.747875</timestamp>
			</report>
			<report>
				<misses>348500000</misses>
				<total>19</total>
				<timestamp>6971.749522</timestamp>
			</report>
			<report>
				<misses>348600000</misses>
				<total>19</total>
				<timestamp>6973.750813</timestamp>
			</report>
			<report>
				<misses>348700000</misses>
				<total>19</total>
				<timestamp>6975.751756</timestamp>
			</report>
			<report>
				<misses>348800000</misses>
				<total>19</total>
				<timestamp>6977.752836</timestamp>
			</report>
			<report>
				<misses>348900000</misses>
				<total>19</total>
				<timestamp>6979.754146</timestamp>
			</report>
			<report>
				<misses>349000000</misses>
				<total>19</total>
				<timestamp>6981.754281</timestamp>
			</report>
			<report>
				<misses>349100000</misses>
				<total>19</total>
				<timestamp>6983.754838</timestamp>
			</report>
			<report>
				<misses>349200000</misses>
				<total>19</total>
				<timestamp>6985.754931</timestamp>
			</report>
			<report>
				<misses>349300000</misses>
				<total>19</total>
				<timestamp>6987.755518</timestamp>
			</report>
			<report>
				<misses>349400000</misses>
				<total>19</total>
				<timestamp>6989.755787</timestamp>
			</report>
			<report>
				<misses>349500000</misses>
				<total>19</total>
				<timestamp>6991.755933</timestamp>
			</report>
			<report>
				<misses>349600000</misses>
				<total>19</total>
				<timestamp>6993.758096</timestamp>
			</report>
			<report>
				<misses>349700000</misses>
				<total>19</total>
				<timestamp>6995.759119</timestamp>
			</report>
			<report>
				<misses>349800000</misses>
				<total>19</total>
				<timestamp>6997.759924</timestamp>
			</report>
			<report>
				<misses>349900000</misses>
				<total>19</total>
				<timestamp>6999.761139</timestamp>
			</report>
			<report>
				<misses>350000000</misses>
				<total>19</total>
				<timestamp>7001.761290</timestamp>
			</report>
			<report>
				<misses>350100000</misses>
				<total>19</total>
				<timestamp>7003.762082</timestamp>
			</report>
			<report>
				<misses>350200000</misses>
				<total>19</total>
				<timestamp>7005.762305</timestamp>
			</report>
			<report>
				<misses>350300000</misses>
				<total>19</total>
				<timestamp>7007.762575</timestamp>
			</report>
			<report>
				<misses>350400000</misses>
				<total>19</total>
				<timestamp>7009.762656</timestamp>
			</report>
			<report>
				<misses>350500000</misses>
				<total>19</total>
				<timestamp>7011.763873</timestamp>
			</report>
			<report>
				<misses>350600000</misses>
				<total>19</total>
				<timestamp>7013.765498</timestamp>
			</report>
			<report>
				<misses>350700000</misses>
				<total>19</total>
				<timestamp>7015.767183</timestamp>
			</report>
			<report>
				<misses>350800000</misses>
				<total>19</total>
				<timestamp>7017.767802</timestamp>
			</report>
			<report>
				<misses>350900000</misses>
				<total>19</total>
				<timestamp>7019.768185</timestamp>
			</report>
			<report>
				<misses>351000000</misses>
				<total>19</total>
				<timestamp>7021.768425</timestamp>
			</report>
			<report>
				<misses>351100000</misses>
				<total>19</total>
				<timestamp>7023.768558</timestamp>
			</report>
			<report>
				<misses>351200000</misses>
				<total>19</total>
				<timestamp>7025.768679</timestamp>
			</report>
			<report>
				<misses>351300000</misses>
				<total>19</total>
				<timestamp>7027.769457</timestamp>
			</report>
			<report>
				<misses>351400000</misses>
				<total>19</total>
				<timestamp>7029.770276</timestamp>
			</report>
			<report>
				<misses>351500000</misses>
				<total>19</total>
				<timestamp>7031.771013</timestamp>
			</report>
			<report>
				<misses>351600000</misses>
				<total>19</total>
				<timestamp>7033.771704</timestamp>
			</report>
			<report>
				<misses>351700000</misses>
				<total>19</total>
				<timestamp>7035.772378</timestamp>
			</report>
			<report>
				<misses>351800000</misses>
				<total>19</total>
				<timestamp>7037.773854</timestamp>
			</report>
			<report>
				<misses>351900000</misses>
				<total>19</total>
				<timestamp>7039.774199</timestamp>
			</report>
			<report>
				<misses>352000000</misses>
				<total>19</total>
				<timestamp>7041.774359</timestamp>
			</report>
			<report>
				<misses>352100000</misses>
				<total>19</total>
				<timestamp>7043.774661</timestamp>
			</report>
			<report>
				<misses>352200000</misses>
				<total>19</total>
				<timestamp>7045.776173</timestamp>
			</report>
			<report>
				<misses>352300000</misses>
				<total>19</total>
				<timestamp>7047.776917</timestamp>
			</report>
			<report>
				<misses>352400000</misses>
				<total>19</total>
				<timestamp>7049.777763</timestamp>
			</report>
			<report>
				<misses>352500000</misses>
				<total>19</total>
				<timestamp>7051.778925</timestamp>
			</report>
			<report>
				<misses>352600000</misses>
				<total>19</total>
				<timestamp>7053.779844</timestamp>
			</report>
			<report>
				<misses>352700000</misses>
				<total>19</total>
				<timestamp>7055.779922</timestamp>
			</report>
			<report>
				<misses>352800000</misses>
				<total>19</total>
				<timestamp>7057.780026</timestamp>
			</report>
			<report>
				<misses>352900000</misses>
				<total>19</total>
				<timestamp>7059.780071</timestamp>
			</report>
			<report>
				<misses>353000000</misses>
				<total>19</total>
				<timestamp>7061.780197</timestamp>
			</report>
			<report>
				<misses>353100000</misses>
				<total>19</total>
				<timestamp>7063.780540</timestamp>
			</report>
			<report>
				<misses>353200000</misses>
				<total>19</total>
				<timestamp>7065.781835</timestamp>
			</report>
			<report>
				<misses>353300000</misses>
				<total>19</total>
				<timestamp>7067.783228</timestamp>
			</report>
			<report>
				<misses>353400000</misses>
				<total>19</total>
				<timestamp>7069.783618</timestamp>
			</report>
			<report>
				<misses>353500000</misses>
				<total>19</total>
				<timestamp>7071.784081</timestamp>
			</report>
			<report>
				<misses>353600000</misses>
				<total>19</total>
				<timestamp>7073.784348</timestamp>
			</report>
			<report>
				<misses>353700000</misses>
				<total>19</total>
				<timestamp>7075.784434</timestamp>
			</report>
			<report>
				<misses>353800000</misses>
				<total>19</total>
				<timestamp>7077.784677</timestamp>
			</report>
			<report>
				<misses>353900000</misses>
				<total>19</total>
				<timestamp>7079.784914</timestamp>
			</report>
			<report>
				<misses>354000000</misses>
				<total>19</total>
				<timestamp>7081.785179</timestamp>
			</report>
			<report>
				<misses>354100000</misses>
				<total>19</total>
				<timestamp>7083.785420</timestamp>
			</report>
			<report>
				<misses>354200000</misses>
				<total>19</total>
				<timestamp>7085.785758</timestamp>
			</report>
			<report>
				<misses>354300000</misses>
				<total>19</total>
				<timestamp>7087.785893</timestamp>
			</report>
			<report>
				<misses>354400000</misses>
				<total>19</total>
				<timestamp>7089.786085</timestamp>
			</report>
			<report>
				<misses>354500000</misses>
				<total>19</total>
				<timestamp>7091.786312</timestamp>
			</report>
			<report>
				<misses>354600000</misses>
				<total>19</total>
				<timestamp>7093.786668</timestamp>
			</report>
			<report>
				<misses>354700000</misses>
				<total>19</total>
				<timestamp>7095.787173</timestamp>
			</report>
			<report>
				<misses>354800000</misses>
				<total>19</total>
				<timestamp>7097.787369</timestamp>
			</report>
			<report>
				<misses>354900000</misses>
				<total>19</total>
				<timestamp>7099.787457</timestamp>
			</report>
			<report>
				<misses>355000000</misses>
				<total>19</total>
				<timestamp>7101.788156</timestamp>
			</report>
			<report>
				<misses>355100000</misses>
				<total>19</total>
				<timestamp>7103.788501</timestamp>
			</report>
			<report>
				<misses>355200000</misses>
				<total>19</total>
				<timestamp>7105.788643</timestamp>
			</report>
			<report>
				<misses>355300000</misses>
				<total>19</total>
				<timestamp>7107.790302</timestamp>
			</report>
			<report>
				<misses>355400000</misses>
				<total>19</total>
				<timestamp>7109.790995</timestamp>
			</report>
			<report>
				<misses>355500000</misses>
				<total>19</total>
				<timestamp>7111.792113</timestamp>
			</report>
			<report>
				<misses>355600000</misses>
				<total>19</total>
				<timestamp>7113.793018</timestamp>
			</report>
			<report>
				<misses>355700000</misses>
				<total>19</total>
				<timestamp>7115.793807</timestamp>
			</report>
			<report>
				<misses>355800000</misses>
				<total>19</total>
				<timestamp>7117.794047</timestamp>
			</report>
			<report>
				<misses>355900000</misses>
				<total>19</total>
				<timestamp>7119.794294</timestamp>
			</report>
			<report>
				<misses>356000000</misses>
				<total>19</total>
				<timestamp>7121.794758</timestamp>
			</report>
			<report>
				<misses>356100000</misses>
				<total>19</total>
				<timestamp>7123.794887</timestamp>
			</report>
			<report>
				<misses>356200000</misses>
				<total>19</total>
				<timestamp>7125.795284</timestamp>
			</report>
			<report>
				<misses>356300000</misses>
				<total>19</total>
				<timestamp>7127.795470</timestamp>
			</report>
			<report>
				<misses>356400000</misses>
				<total>19</total>
				<timestamp>7129.798350</timestamp>
			</report>
			<report>
				<misses>356500000</misses>
				<total>19</total>
				<timestamp>7131.799590</timestamp>
			</report>
			<report>
				<misses>356600000</misses>
				<total>19</total>
				<timestamp>7133.800022</timestamp>
			</report>
			<report>
				<misses>356700000</misses>
				<total>19</total>
				<timestamp>7135.800950</timestamp>
			</report>
			<report>
				<misses>356800000</misses>
				<total>19</total>
				<timestamp>7137.803907</timestamp>
			</report>
			<report>
				<misses>356900000</misses>
				<total>19</total>
				<timestamp>7139.804716</timestamp>
			</report>
			<report>
				<misses>357000000</misses>
				<total>19</total>
				<timestamp>7141.804939</timestamp>
			</report>
			<report>
				<misses>357100000</misses>
				<total>19</total>
				<timestamp>7143.805058</timestamp>
			</report>
			<report>
				<misses>357200000</misses>
				<total>19</total>
				<timestamp>7145.805190</timestamp>
			</report>
			<report>
				<misses>357300000</misses>
				<total>19</total>
				<timestamp>7147.805483</timestamp>
			</report>
			<report>
				<misses>357400000</misses>
				<total>19</total>
				<timestamp>7149.806082</timestamp>
			</report>
			<report>
				<misses>357500000</misses>
				<total>19</total>
				<timestamp>7151.807534</timestamp>
			</report>
			<report>
				<misses>357600000</misses>
				<total>19</total>
				<timestamp>7153.808113</timestamp>
			</report>
			<report>
				<misses>357700000</misses>
				<total>19</total>
				<timestamp>7155.808256</timestamp>
			</report>
			<report>
				<misses>357800000</misses>
				<total>19</total>
				<timestamp>7157.808306</timestamp>
			</report>
			<report>
				<misses>357900000</misses>
				<total>19</total>
				<timestamp>7159.808501</timestamp>
			</report>
			<report>
				<misses>358000000</misses>
				<total>19</total>
				<timestamp>7161.808555</timestamp>
			</report>
			<report>
				<misses>358100000</misses>
				<total>19</total>
				<timestamp>7163.808963</timestamp>
			</report>
			<report>
				<misses>358200000</misses>
				<total>19</total>
				<timestamp>7165.809537</timestamp>
			</report>
			<report>
				<misses>358300000</misses>
				<total>19</total>
				<timestamp>7167.810790</timestamp>
			</report>
			<report>
				<misses>358400000</misses>
				<total>19</total>
				<timestamp>7169.811066</timestamp>
			</report>
			<report>
				<misses>358500000</misses>
				<total>19</total>
				<timestamp>7171.812338</timestamp>
			</report>
			<report>
				<misses>358600000</misses>
				<total>19</total>
				<timestamp>7173.812740</timestamp>
			</report>
			<report>
				<misses>358700000</misses>
				<total>19</total>
				<timestamp>7175.815376</timestamp>
			</report>
			<report>
				<misses>358800000</misses>
				<total>19</total>
				<timestamp>7177.816142</timestamp>
			</report>
			<report>
				<misses>358900000</misses>
				<total>19</total>
				<timestamp>7179.817579</timestamp>
			</report>
			<report>
				<misses>359000000</misses>
				<total>19</total>
				<timestamp>7181.818347</timestamp>
			</report>
			<report>
				<misses>359100000</misses>
				<total>19</total>
				<timestamp>7183.819682</timestamp>
			</report>
			<report>
				<misses>359200000</misses>
				<total>19</total>
				<timestamp>7185.819912</timestamp>
			</report>
			<report>
				<misses>359300000</misses>
				<total>19</total>
				<timestamp>7187.820161</timestamp>
			</report>
			<report>
				<misses>359400000</misses>
				<total>19</total>
				<timestamp>7189.820733</timestamp>
			</report>
			<report>
				<misses>359500000</misses>
				<total>19</total>
				<timestamp>7191.822542</timestamp>
			</report>
			<report>
				<misses>359600000</misses>
				<total>19</total>
				<timestamp>7193.823510</timestamp>
			</report>
			<report>
				<misses>359700000</misses>
				<total>19</total>
				<timestamp>7195.824582</timestamp>
			</report>
			<report>
				<misses>359800000</misses>
				<total>19</total>
				<timestamp>7197.825401</timestamp>
			</report>
		</query>
	</custom>
	<ethtool_statistic>
		<rx_packets>
			<start>5391274947</start>
			<end>5726689927</end>
		</rx_packets>
		<tx_packets>
			<start>6950514304</start>
			<end>7511656117</end>
		</tx_packets>
		<rx_dropped>
			<start>250</start>
			<end>250</end>
		</rx_dropped>
		<tx_dropped>
			<start>0</start>
			<end>0</end>
		</tx_dropped>
		<collisions>
			<start>0</start>
			<end>0</end>
		</collisions>
		<port_tx_errors>
			<start>0</start>
			<end>0</end>
		</port_tx_errors>
		<port_rx_dropped>
			<start>0</start>
			<end>0</end>
		</port_rx_dropped>
		<port_tx_dropped_link_down>
			<start>3877</start>
			<end>3877</end>
		</port_tx_dropped_link_down>
	</ethtool_statistic>
	<ip_statistic>
		<mtu>
			<start>9000</start>
			<end>9000</end>
		</mtu>
		<rx_bytes>
			<start>48465993271084</start>
			<end>51481308395251</end>
		</rx_bytes>
		<rx_packets>
			<start>5391275031</start>
			<end>5726690001</end>
		</rx_packets>
		<rx_errors>
			<start>0</start>
			<end>0</end>
		</rx_errors>
		<rx_dropped>
			<start>250</start>
			<end>250</end>
		</rx_dropped>
		<rx_missed>
			<start>0</start>
			<end>0</end>
		</rx_missed>
		<rx_mcast>
			<start>1738</start>
			<end>1920</end>
		</rx_mcast>
		<tx_bytes>
			<start>48803760419535</start>
			<end>50657122409942</end>
		</tx_bytes>
		<tx_packets>
			<start>6950514352</start>
			<end>7511656178</end>
		</tx_packets>
		<tx_errors>
			<start>0</start>
			<end>0</end>
		</tx_errors>
		<tx_dropped>
			<start>0</start>
			<end>0</end>
		</tx_dropped>
		<tx_carrier>
			<start>0</start>
			<end>0</end>
		</tx_carrier>
		<tx_collisions>
			<start>0</start>
			<end>0</end>
		</tx_collisions>
	</ip_statistic>
	<netstat_statistic>
		<udp_pkg_rec>
			<start>5106286319</start>
			<end>5431421080</end>
		</udp_pkg_rec>
		<udp_pkg_snt>
			<start>5059145285</start>
			<end>5620341449</end>
		</udp_pkg_snt>
		<udp_rec_err>
			<start>285575608</start>
			<end>295891479</end>
		</udp_rec_err>
		<udp_rec_buf_err>
			<start>285575608</start>
			<end>295891479</end>
		</udp_rec_buf_err>
		<udp_snt_buf_err>
			<start>0</start>
			<end>0</end>
		</udp_snt_buf_err>
	</netstat_statistic>
</test_results>
