<?xml version="1.0"?>
<test_results>
	<status>STATUS_SUCCESS</status>
	<custom>
		<num_loss>257111</num_loss>
		<num_total>2000001</num_total>
		<num_misses>8</num_misses>
		<elapsed_time>279.973310</elapsed_time>
		<query>
			<report>
				<misses>10000</misses>
				<total>9</total>
			</report>
			<report>
				<misses>20000</misses>
				<total>12</total>
			</report>
			<report>
				<misses>30000</misses>
				<total>18</total>
			</report>
			<report>
				<misses>40000</misses>
				<total>19</total>
			</report>
			<report>
				<misses>50000</misses>
				<total>20</total>
			</report>
			<report>
				<misses>60000</misses>
				<total>26</total>
			</report>
			<report>
				<misses>70000</misses>
				<total>34</total>
			</report>
			<report>
				<misses>80000</misses>
				<total>34</total>
			</report>
			<report>
				<misses>90000</misses>
				<total>37</total>
			</report>
			<report>
				<misses>100000</misses>
				<total>45</total>
			</report>
			<report>
				<misses>110000</misses>
				<total>53</total>
			</report>
			<report>
				<misses>120000</misses>
				<total>55</total>
			</report>
			<report>
				<misses>130000</misses>
				<total>60</total>
			</report>
			<report>
				<misses>140000</misses>
				<total>61</total>
			</report>
			<report>
				<misses>150000</misses>
				<total>67</total>
			</report>
			<report>
				<misses>160000</misses>
				<total>74</total>
			</report>
			<report>
				<misses>170000</misses>
				<total>74</total>
			</report>
			<report>
				<misses>180000</misses>
				<total>77</total>
			</report>
			<report>
				<misses>190000</misses>
				<total>92</total>
			</report>
			<report>
				<misses>200000</misses>
				<total>94</total>
			</report>
			<report>
				<misses>210000</misses>
				<total>95</total>
			</report>
			<report>
				<misses>220000</misses>
				<total>99</total>
			</report>
			<report>
				<misses>230000</misses>
				<total>104</total>
			</report>
			<report>
				<misses>240000</misses>
				<total>106</total>
			</report>
			<report>
				<misses>250000</misses>
				<total>112</total>
			</report>
			<report>
				<misses>260000</misses>
				<total>113</total>
			</report>
			<report>
				<misses>270000</misses>
				<total>115</total>
			</report>
			<report>
				<misses>280000</misses>
				<total>122</total>
			</report>
			<report>
				<misses>290000</misses>
				<total>127</total>
			</report>
			<report>
				<misses>300000</misses>
				<total>131</total>
			</report>
			<report>
				<misses>310000</misses>
				<total>141</total>
			</report>
			<report>
				<misses>320000</misses>
				<total>146</total>
			</report>
			<report>
				<misses>330000</misses>
				<total>146</total>
			</report>
			<report>
				<misses>340000</misses>
				<total>154</total>
			</report>
			<report>
				<misses>350000</misses>
				<total>164</total>
			</report>
			<report>
				<misses>360000</misses>
				<total>168</total>
			</report>
			<report>
				<misses>370000</misses>
				<total>168</total>
			</report>
			<report>
				<misses>380000</misses>
				<total>170</total>
			</report>
			<report>
				<misses>390000</misses>
				<total>176</total>
			</report>
			<report>
				<misses>400000</misses>
				<total>177</total>
			</report>
			<report>
				<misses>410000</misses>
				<total>181</total>
			</report>
			<report>
				<misses>420000</misses>
				<total>195</total>
			</report>
			<report>
				<misses>430000</misses>
				<total>196</total>
			</report>
			<report>
				<misses>440000</misses>
				<total>198</total>
			</report>
			<report>
				<misses>450000</misses>
				<total>198</total>
			</report>
			<report>
				<misses>460000</misses>
				<total>205</total>
			</report>
			<report>
				<misses>470000</misses>
				<total>207</total>
			</report>
			<report>
				<misses>480000</misses>
				<total>209</total>
			</report>
			<report>
				<misses>490000</misses>
				<total>219</total>
			</report>
			<report>
				<misses>500000</misses>
				<total>220</total>
			</report>
			<report>
				<misses>510000</misses>
				<total>223</total>
			</report>
			<report>
				<misses>520000</misses>
				<total>228</total>
			</report>
			<report>
				<misses>530000</misses>
				<total>228</total>
			</report>
			<report>
				<misses>540000</misses>
				<total>228</total>
			</report>
			<report>
				<misses>550000</misses>
				<total>229</total>
			</report>
			<report>
				<misses>560000</misses>
				<total>233</total>
			</report>
			<report>
				<misses>570000</misses>
				<total>236</total>
			</report>
			<report>
				<misses>580000</misses>
				<total>244</total>
			</report>
			<report>
				<misses>590000</misses>
				<total>245</total>
			</report>
			<report>
				<misses>600000</misses>
				<total>252</total>
			</report>
			<report>
				<misses>610000</misses>
				<total>266</total>
			</report>
			<report>
				<misses>620000</misses>
				<total>266</total>
			</report>
			<report>
				<misses>630000</misses>
				<total>268</total>
			</report>
			<report>
				<misses>640000</misses>
				<total>273</total>
			</report>
			<report>
				<misses>650000</misses>
				<total>272</total>
			</report>
			<report>
				<misses>660000</misses>
				<total>287</total>
			</report>
			<report>
				<misses>670000</misses>
				<total>289</total>
			</report>
			<report>
				<misses>680000</misses>
				<total>289</total>
			</report>
			<report>
				<misses>690000</misses>
				<total>302</total>
			</report>
			<report>
				<misses>700000</misses>
				<total>305</total>
			</report>
			<report>
				<misses>710000</misses>
				<total>307</total>
			</report>
			<report>
				<misses>720000</misses>
				<total>307</total>
			</report>
			<report>
				<misses>730000</misses>
				<total>313</total>
			</report>
			<report>
				<misses>740000</misses>
				<total>313</total>
			</report>
			<report>
				<misses>750000</misses>
				<total>313</total>
			</report>
			<report>
				<misses>760000</misses>
				<total>314</total>
			</report>
			<report>
				<misses>770000</misses>
				<total>318</total>
			</report>
			<report>
				<misses>780000</misses>
				<total>318</total>
			</report>
			<report>
				<misses>790000</misses>
				<total>321</total>
			</report>
			<report>
				<misses>800000</misses>
				<total>326</total>
			</report>
			<report>
				<misses>810000</misses>
				<total>327</total>
			</report>
			<report>
				<misses>820000</misses>
				<total>327</total>
			</report>
			<report>
				<misses>830000</misses>
				<total>335</total>
			</report>
			<report>
				<misses>840000</misses>
				<total>337</total>
			</report>
			<report>
				<misses>850000</misses>
				<total>337</total>
			</report>
			<report>
				<misses>860000</misses>
				<total>350</total>
			</report>
			<report>
				<misses>870000</misses>
				<total>349</total>
			</report>
			<report>
				<misses>880000</misses>
				<total>356</total>
			</report>
			<report>
				<misses>890000</misses>
				<total>356</total>
			</report>
			<report>
				<misses>900000</misses>
				<total>357</total>
			</report>
			<report>
				<misses>910000</misses>
				<total>365</total>
			</report>
			<report>
				<misses>920000</misses>
				<total>367</total>
			</report>
			<report>
				<misses>930000</misses>
				<total>368</total>
			</report>
			<report>
				<misses>940000</misses>
				<total>384</total>
			</report>
			<report>
				<misses>950000</misses>
				<total>385</total>
			</report>
			<report>
				<misses>960000</misses>
				<total>385</total>
			</report>
			<report>
				<misses>970000</misses>
				<total>401</total>
			</report>
			<report>
				<misses>980000</misses>
				<total>401</total>
			</report>
			<report>
				<misses>990000</misses>
				<total>407</total>
			</report>
			<report>
				<misses>1000000</misses>
				<total>4939</total>
			</report>
			<report>
				<misses>1010000</misses>
				<total>14938</total>
			</report>
			<report>
				<misses>1020000</misses>
				<total>24937</total>
			</report>
			<report>
				<misses>1030000</misses>
				<total>34936</total>
			</report>
			<report>
				<misses>1040000</misses>
				<total>44935</total>
			</report>
			<report>
				<misses>1050000</misses>
				<total>54934</total>
			</report>
			<report>
				<misses>1060000</misses>
				<total>64933</total>
			</report>
			<report>
				<misses>1070000</misses>
				<total>74932</total>
			</report>
			<report>
				<misses>1080000</misses>
				<total>84931</total>
			</report>
			<report>
				<misses>1090000</misses>
				<total>94930</total>
			</report>
			<report>
				<misses>1100000</misses>
				<total>104929</total>
			</report>
			<report>
				<misses>1110000</misses>
				<total>114928</total>
			</report>
			<report>
				<misses>1120000</misses>
				<total>124927</total>
			</report>
			<report>
				<misses>1130000</misses>
				<total>130981</total>
			</report>
			<report>
				<misses>1140000</misses>
				<total>130984</total>
			</report>
			<report>
				<misses>1150000</misses>
				<total>130984</total>
			</report>
			<report>
				<misses>1160000</misses>
				<total>130984</total>
			</report>
			<report>
				<misses>1170000</misses>
				<total>130998</total>
			</report>
			<report>
				<misses>1180000</misses>
				<total>131001</total>
			</report>
			<report>
				<misses>1190000</misses>
				<total>131001</total>
			</report>
			<report>
				<misses>1200000</misses>
				<total>131006</total>
			</report>
			<report>
				<misses>1210000</misses>
				<total>131013</total>
			</report>
			<report>
				<misses>1220000</misses>
				<total>131014</total>
			</report>
			<report>
				<misses>1230000</misses>
				<total>131016</total>
			</report>
			<report>
				<misses>1240000</misses>
				<total>131017</total>
			</report>
			<report>
				<misses>1250000</misses>
				<total>131022</total>
			</report>
			<report>
				<misses>1260000</misses>
				<total>131025</total>
			</report>
			<report>
				<misses>1270000</misses>
				<total>131027</total>
			</report>
			<report>
				<misses>1280000</misses>
				<total>131035</total>
			</report>
			<report>
				<misses>1290000</misses>
				<total>131035</total>
			</report>
			<report>
				<misses>1300000</misses>
				<total>131037</total>
			</report>
			<report>
				<misses>1310000</misses>
				<total>131043</total>
			</report>
			<report>
				<misses>1320000</misses>
				<total>131045</total>
			</report>
			<report>
				<misses>1330000</misses>
				<total>131045</total>
			</report>
			<report>
				<misses>1340000</misses>
				<total>131052</total>
			</report>
			<report>
				<misses>1350000</misses>
				<total>131057</total>
			</report>
			<report>
				<misses>1360000</misses>
				<total>131057</total>
			</report>
			<report>
				<misses>1370000</misses>
				<total>131061</total>
			</report>
			<report>
				<misses>1380000</misses>
				<total>131065</total>
			</report>
			<report>
				<misses>1390000</misses>
				<total>131065</total>
			</report>
			<report>
				<misses>1400000</misses>
				<total>131068</total>
			</report>
			<report>
				<misses>1410000</misses>
				<total>131085</total>
			</report>
			<report>
				<misses>1420000</misses>
				<total>131087</total>
			</report>
			<report>
				<misses>1430000</misses>
				<total>131096</total>
			</report>
			<report>
				<misses>1440000</misses>
				<total>131101</total>
			</report>
			<report>
				<misses>1450000</misses>
				<total>131104</total>
			</report>
			<report>
				<misses>1460000</misses>
				<total>131114</total>
			</report>
			<report>
				<misses>1470000</misses>
				<total>131114</total>
			</report>
			<report>
				<misses>1480000</misses>
				<total>131116</total>
			</report>
			<report>
				<misses>1490000</misses>
				<total>131131</total>
			</report>
			<report>
				<misses>1500000</misses>
				<total>131133</total>
			</report>
			<report>
				<misses>1510000</misses>
				<total>131146</total>
			</report>
			<report>
				<misses>1520000</misses>
				<total>131153</total>
			</report>
			<report>
				<misses>1530000</misses>
				<total>131154</total>
			</report>
			<report>
				<misses>1540000</misses>
				<total>131155</total>
			</report>
			<report>
				<misses>1550000</misses>
				<total>131162</total>
			</report>
			<report>
				<misses>1560000</misses>
				<total>131162</total>
			</report>
			<report>
				<misses>1570000</misses>
				<total>131164</total>
			</report>
			<report>
				<misses>1580000</misses>
				<total>131165</total>
			</report>
			<report>
				<misses>1590000</misses>
				<total>131167</total>
			</report>
			<report>
				<misses>1600000</misses>
				<total>131168</total>
			</report>
			<report>
				<misses>1610000</misses>
				<total>131173</total>
			</report>
			<report>
				<misses>1620000</misses>
				<total>131174</total>
			</report>
			<report>
				<misses>1630000</misses>
				<total>131180</total>
			</report>
			<report>
				<misses>1640000</misses>
				<total>131182</total>
			</report>
			<report>
				<misses>1650000</misses>
				<total>131193</total>
			</report>
			<report>
				<misses>1660000</misses>
				<total>131195</total>
			</report>
			<report>
				<misses>1670000</misses>
				<total>131206</total>
			</report>
			<report>
				<misses>1680000</misses>
				<total>131214</total>
			</report>
			<report>
				<misses>1690000</misses>
				<total>131214</total>
			</report>
			<report>
				<misses>1700000</misses>
				<total>131214</total>
			</report>
			<report>
				<misses>1710000</misses>
				<total>131223</total>
			</report>
			<report>
				<misses>1720000</misses>
				<total>131226</total>
			</report>
			<report>
				<misses>1730000</misses>
				<total>131225</total>
			</report>
			<report>
				<misses>1740000</misses>
				<total>131230</total>
			</report>
			<report>
				<misses>1750000</misses>
				<total>131233</total>
			</report>
			<report>
				<misses>1760000</misses>
				<total>131236</total>
			</report>
			<report>
				<misses>1770000</misses>
				<total>131240</total>
			</report>
			<report>
				<misses>1780000</misses>
				<total>131241</total>
			</report>
			<report>
				<misses>1790000</misses>
				<total>131251</total>
			</report>
			<report>
				<misses>1800000</misses>
				<total>131254</total>
			</report>
			<report>
				<misses>1810000</misses>
				<total>131256</total>
			</report>
			<report>
				<misses>1820000</misses>
				<total>131265</total>
			</report>
			<report>
				<misses>1830000</misses>
				<total>131266</total>
			</report>
			<report>
				<misses>1840000</misses>
				<total>131266</total>
			</report>
			<report>
				<misses>1850000</misses>
				<total>131282</total>
			</report>
			<report>
				<misses>1860000</misses>
				<total>131289</total>
			</report>
			<report>
				<misses>1870000</misses>
				<total>131298</total>
			</report>
			<report>
				<misses>1880000</misses>
				<total>137123</total>
			</report>
			<report>
				<misses>1890000</misses>
				<total>147122</total>
			</report>
			<report>
				<misses>1900000</misses>
				<total>157121</total>
			</report>
			<report>
				<misses>1910000</misses>
				<total>167120</total>
			</report>
			<report>
				<misses>1920000</misses>
				<total>177119</total>
			</report>
			<report>
				<misses>1930000</misses>
				<total>187118</total>
			</report>
			<report>
				<misses>1940000</misses>
				<total>197117</total>
			</report>
			<report>
				<misses>1950000</misses>
				<total>207116</total>
			</report>
			<report>
				<misses>1960000</misses>
				<total>217115</total>
			</report>
			<report>
				<misses>1970000</misses>
				<total>227114</total>
			</report>
			<report>
				<misses>1980000</misses>
				<total>237113</total>
			</report>
			<report>
				<misses>1990000</misses>
				<total>247112</total>
			</report>
			<report>
				<misses>2000000</misses>
				<total>257111</total>
			</report>
		</query>
	</custom>
	<ethtool_statistic>
		<rx_packets>
			<start>17008557739</start>
			<end>17021824283</end>
		</rx_packets>
		<tx_packets>
			<start>19884277722</start>
			<end>19908235722</end>
		</tx_packets>
		<rx_dropped>
			<start>63</start>
			<end>63</end>
		</rx_dropped>
		<tx_dropped>
			<start>0</start>
			<end>0</end>
		</tx_dropped>
		<collisions>
			<start>0</start>
			<end>0</end>
		</collisions>
		<port_tx_errors>
			<start>0</start>
			<end>0</end>
		</port_tx_errors>
		<port_rx_dropped>
			<start>0</start>
			<end>0</end>
		</port_rx_dropped>
		<port_tx_dropped_link_down>
			<start>0</start>
			<end>0</end>
		</port_tx_dropped_link_down>
	</ethtool_statistic>
	<ip_statistic>
		<mtu>
			<start>9000</start>
			<end>9000</end>
		</mtu>
		<rx_bytes>
			<start>152893830714722</start>
			<end>153013094057502</end>
		</rx_bytes>
		<rx_packets>
			<start>17008557788</start>
			<end>17021824364</end>
		</rx_packets>
		<rx_errors>
			<start>0</start>
			<end>0</end>
		</rx_errors>
		<rx_dropped>
			<start>69</start>
			<end>69</end>
		</rx_dropped>
		<rx_missed>
			<start>0</start>
			<end>0</end>
		</rx_missed>
		<rx_mcast>
			<start>12352</start>
			<end>12355</end>
		</rx_mcast>
		<tx_bytes>
			<start>135022551254976</start>
			<end>135224652440046</end>
		</tx_bytes>
		<tx_packets>
			<start>19884277765</start>
			<end>19908235778</end>
		</tx_packets>
		<tx_errors>
			<start>0</start>
			<end>0</end>
		</tx_errors>
		<tx_dropped>
			<start>0</start>
			<end>0</end>
		</tx_dropped>
		<tx_carrier>
			<start>0</start>
			<end>0</end>
		</tx_carrier>
		<tx_collisions>
			<start>0</start>
			<end>0</end>
		</tx_collisions>
	</ip_statistic>
	<netstat_statistic>
		<udp_pkg_rec>
			<start>16733673382</start>
			<end>16746304251</end>
		</udp_pkg_rec>
		<udp_pkg_snt>
			<start>16723107296</start>
			<end>16733067329</end>
		</udp_pkg_snt>
		<udp_rec_err>
			<start>276880611</start>
			<end>277516195</end>
		</udp_rec_err>
		<udp_rec_buf_err>
			<start>276880611</start>
			<end>277516195</end>
		</udp_rec_buf_err>
		<udp_snt_buf_err>
			<start>28</start>
			<end>28</end>
		</udp_snt_buf_err>
	</netstat_statistic>
</test_results>
