<?xml version="1.0"?>
<test_results>
	<status>STATUS_SUCCESS</status>
	<custom>
		<num_loss>41</num_loss>
		<num_total>143995151</num_total>
		<num_misses>3605</num_misses>
		<elapsed_time>7199.930657</elapsed_time>
		<query />
	</custom>
	<ethtool_statistic>
		<rx_packets>
			<start>790845098</start>
			<end>1362808243</end>
		</rx_packets>
		<tx_packets>
			<start>1903562139</start>
			<end>2770151525</end>
		</tx_packets>
		<rx_dropped>
			<start>0</start>
			<end>0</end>
		</rx_dropped>
		<tx_dropped>
			<start>0</start>
			<end>0</end>
		</tx_dropped>
		<collisions>
			<start>0</start>
			<end>0</end>
		</collisions>
		<port_tx_errors>
			<start>0</start>
			<end>0</end>
		</port_tx_errors>
		<port_rx_dropped>
			<start>0</start>
			<end>0</end>
		</port_rx_dropped>
		<port_tx_dropped_link_down>
			<start>0</start>
			<end>0</end>
		</port_tx_dropped_link_down>
	</ethtool_statistic>
	<ip_statistic>
		<mtu>
			<start>9000</start>
			<end>9000</end>
		</mtu>
		<rx_bytes>
			<start>3232913286184</start>
			<end>5594880179301</end>
		</rx_bytes>
		<rx_packets>
			<start>790845184</start>
			<end>1362808309</end>
		</rx_packets>
		<rx_errors>
			<start>0</start>
			<end>0</end>
		</rx_errors>
		<rx_dropped>
			<start>0</start>
			<end>0</end>
		</rx_dropped>
		<rx_missed>
			<start>0</start>
			<end>0</end>
		</rx_missed>
		<rx_mcast>
			<start>1599</start>
			<end>1739</end>
		</rx_mcast>
		<tx_bytes>
			<start>3176949629164</start>
			<end>6296090695475</end>
		</tx_bytes>
		<tx_packets>
			<start>1903562166</start>
			<end>2770151907</end>
		</tx_packets>
		<tx_errors>
			<start>0</start>
			<end>0</end>
		</tx_errors>
		<tx_dropped>
			<start>0</start>
			<end>0</end>
		</tx_dropped>
		<tx_carrier>
			<start>0</start>
			<end>0</end>
		</tx_carrier>
		<tx_collisions>
			<start>0</start>
			<end>0</end>
		</tx_collisions>
	</ip_statistic>
	<netstat_statistic>
		<udp_pkg_rec>
			<start>622630910</start>
			<end>1123804040</end>
		</udp_pkg_rec>
		<udp_pkg_snt>
			<start>1903876714</start>
			<end>2770500941</end>
		</udp_pkg_snt>
		<udp_rec_err>
			<start>168712324</start>
			<end>239538309</end>
		</udp_rec_err>
		<udp_rec_buf_err>
			<start>168712324</start>
			<end>239538309</end>
		</udp_rec_buf_err>
		<udp_snt_buf_err>
			<start>0</start>
			<end>0</end>
		</udp_snt_buf_err>
	</netstat_statistic>
</test_results>
