<?xml version="1.0"?>
<test_results>
	<status>STATUS_SUCCESS</status>
	<custom>
		<num_loss>21</num_loss>
		<num_total>56943938</num_total>
		<num_misses>1383045458</num_misses>
		<elapsed_time>3599.972069</elapsed_time>
		<query>
			<report>
				<misses>100001</misses>
				<total>1</total>
				<timestamp>6.282891</timestamp>
			</report>
			<report>
				<misses>200001</misses>
				<total>2</total>
				<timestamp>12.564746</timestamp>
			</report>
			<report>
				<misses>300001</misses>
				<total>1</total>
				<timestamp>18.889382</timestamp>
			</report>
			<report>
				<misses>400001</misses>
				<total>2</total>
				<timestamp>25.214899</timestamp>
			</report>
			<report>
				<misses>500001</misses>
				<total>1</total>
				<timestamp>31.511168</timestamp>
			</report>
			<report>
				<misses>600001</misses>
				<total>1</total>
				<timestamp>37.792646</timestamp>
			</report>
			<report>
				<misses>700001</misses>
				<total>1</total>
				<timestamp>44.077218</timestamp>
			</report>
			<report>
				<misses>800001</misses>
				<total>1</total>
				<timestamp>50.403155</timestamp>
			</report>
			<report>
				<misses>900001</misses>
				<total>2</total>
				<timestamp>56.728935</timestamp>
			</report>
			<report>
				<misses>1000001</misses>
				<total>2</total>
				<timestamp>63.028519</timestamp>
			</report>
			<report>
				<misses>1100001</misses>
				<total>2</total>
				<timestamp>69.354967</timestamp>
			</report>
			<report>
				<misses>1200001</misses>
				<total>2</total>
				<timestamp>75.681254</timestamp>
			</report>
			<report>
				<misses>1300001</misses>
				<total>3</total>
				<timestamp>82.007716</timestamp>
			</report>
			<report>
				<misses>1400001</misses>
				<total>1</total>
				<timestamp>88.333971</timestamp>
			</report>
			<report>
				<misses>1500001</misses>
				<total>1</total>
				<timestamp>94.639786</timestamp>
			</report>
			<report>
				<misses>1600001</misses>
				<total>2</total>
				<timestamp>100.923624</timestamp>
			</report>
			<report>
				<misses>1700001</misses>
				<total>1</total>
				<timestamp>107.248694</timestamp>
			</report>
			<report>
				<misses>1800001</misses>
				<total>1</total>
				<timestamp>113.575843</timestamp>
			</report>
			<report>
				<misses>1900001</misses>
				<total>2</total>
				<timestamp>119.902381</timestamp>
			</report>
			<report>
				<misses>2000001</misses>
				<total>2</total>
				<timestamp>126.210294</timestamp>
			</report>
			<report>
				<misses>2100001</misses>
				<total>2</total>
				<timestamp>132.495191</timestamp>
			</report>
			<report>
				<misses>2200001</misses>
				<total>2</total>
				<timestamp>138.820289</timestamp>
			</report>
			<report>
				<misses>2300001</misses>
				<total>2</total>
				<timestamp>145.128898</timestamp>
			</report>
			<report>
				<misses>2400001</misses>
				<total>1</total>
				<timestamp>151.411208</timestamp>
			</report>
			<report>
				<misses>2500001</misses>
				<total>1</total>
				<timestamp>157.737515</timestamp>
			</report>
			<report>
				<misses>2600001</misses>
				<total>2</total>
				<timestamp>164.063364</timestamp>
			</report>
			<report>
				<misses>2700001</misses>
				<total>2</total>
				<timestamp>170.370906</timestamp>
			</report>
			<report>
				<misses>2800001</misses>
				<total>2</total>
				<timestamp>176.678800</timestamp>
			</report>
			<report>
				<misses>2900001</misses>
				<total>1</total>
				<timestamp>182.983318</timestamp>
			</report>
			<report>
				<misses>3000001</misses>
				<total>2</total>
				<timestamp>189.265424</timestamp>
			</report>
			<report>
				<misses>3100001</misses>
				<total>1</total>
				<timestamp>195.590767</timestamp>
			</report>
			<report>
				<misses>3200001</misses>
				<total>1</total>
				<timestamp>201.916576</timestamp>
			</report>
			<report>
				<misses>3300001</misses>
				<total>1</total>
				<timestamp>208.242526</timestamp>
			</report>
			<report>
				<misses>3400001</misses>
				<total>2</total>
				<timestamp>214.550740</timestamp>
			</report>
			<report>
				<misses>3500001</misses>
				<total>2</total>
				<timestamp>220.833890</timestamp>
			</report>
			<report>
				<misses>3600001</misses>
				<total>3</total>
				<timestamp>227.160620</timestamp>
			</report>
			<report>
				<misses>3700001</misses>
				<total>2</total>
				<timestamp>233.487672</timestamp>
			</report>
			<report>
				<misses>3800001</misses>
				<total>1</total>
				<timestamp>239.813606</timestamp>
			</report>
			<report>
				<misses>3900001</misses>
				<total>2</total>
				<timestamp>246.118141</timestamp>
			</report>
			<report>
				<misses>4000001</misses>
				<total>2</total>
				<timestamp>252.402681</timestamp>
			</report>
			<report>
				<misses>4100001</misses>
				<total>2</total>
				<timestamp>258.729351</timestamp>
			</report>
			<report>
				<misses>4200001</misses>
				<total>2</total>
				<timestamp>265.039728</timestamp>
			</report>
			<report>
				<misses>4300001</misses>
				<total>1</total>
				<timestamp>271.323774</timestamp>
			</report>
			<report>
				<misses>4400001</misses>
				<total>2</total>
				<timestamp>277.650182</timestamp>
			</report>
			<report>
				<misses>4500001</misses>
				<total>0</total>
				<timestamp>283.975812</timestamp>
			</report>
			<report>
				<misses>4600001</misses>
				<total>2</total>
				<timestamp>290.301718</timestamp>
			</report>
			<report>
				<misses>4700001</misses>
				<total>2</total>
				<timestamp>296.605530</timestamp>
			</report>
			<report>
				<misses>4800001</misses>
				<total>2</total>
				<timestamp>302.887964</timestamp>
			</report>
			<report>
				<misses>4900001</misses>
				<total>2</total>
				<timestamp>309.213139</timestamp>
			</report>
			<report>
				<misses>5000001</misses>
				<total>3</total>
				<timestamp>315.539628</timestamp>
			</report>
			<report>
				<misses>5100001</misses>
				<total>1</total>
				<timestamp>321.866362</timestamp>
			</report>
			<report>
				<misses>5200001</misses>
				<total>2</total>
				<timestamp>328.173658</timestamp>
			</report>
			<report>
				<misses>5300001</misses>
				<total>1</total>
				<timestamp>334.455084</timestamp>
			</report>
			<report>
				<misses>5400001</misses>
				<total>1</total>
				<timestamp>340.766392</timestamp>
			</report>
			<report>
				<misses>5500001</misses>
				<total>1</total>
				<timestamp>347.093975</timestamp>
			</report>
			<report>
				<misses>5600001</misses>
				<total>2</total>
				<timestamp>353.398136</timestamp>
			</report>
			<report>
				<misses>5700001</misses>
				<total>1</total>
				<timestamp>359.675988</timestamp>
			</report>
			<report>
				<misses>5800001</misses>
				<total>1</total>
				<timestamp>366.001796</timestamp>
			</report>
			<report>
				<misses>5900001</misses>
				<total>1</total>
				<timestamp>372.326568</timestamp>
			</report>
			<report>
				<misses>6000001</misses>
				<total>1</total>
				<timestamp>378.634931</timestamp>
			</report>
			<report>
				<misses>6100001</misses>
				<total>1</total>
				<timestamp>384.919084</timestamp>
			</report>
			<report>
				<misses>6200001</misses>
				<total>2</total>
				<timestamp>391.200840</timestamp>
			</report>
			<report>
				<misses>6300001</misses>
				<total>1</total>
				<timestamp>397.526510</timestamp>
			</report>
			<report>
				<misses>6400001</misses>
				<total>1</total>
				<timestamp>403.852370</timestamp>
			</report>
			<report>
				<misses>6500001</misses>
				<total>1</total>
				<timestamp>410.158219</timestamp>
			</report>
			<report>
				<misses>6600001</misses>
				<total>2</total>
				<timestamp>416.442804</timestamp>
			</report>
			<report>
				<misses>6700001</misses>
				<total>1</total>
				<timestamp>422.755165</timestamp>
			</report>
			<report>
				<misses>6800001</misses>
				<total>2</total>
				<timestamp>429.081473</timestamp>
			</report>
			<report>
				<misses>6900001</misses>
				<total>2</total>
				<timestamp>435.407360</timestamp>
			</report>
			<report>
				<misses>7000001</misses>
				<total>1</total>
				<timestamp>441.734092</timestamp>
			</report>
			<report>
				<misses>7100001</misses>
				<total>1</total>
				<timestamp>448.059643</timestamp>
			</report>
			<report>
				<misses>7200001</misses>
				<total>1</total>
				<timestamp>454.369414</timestamp>
			</report>
			<report>
				<misses>7300001</misses>
				<total>2</total>
				<timestamp>460.651408</timestamp>
			</report>
			<report>
				<misses>7400001</misses>
				<total>2</total>
				<timestamp>466.977188</timestamp>
			</report>
			<report>
				<misses>7500001</misses>
				<total>2</total>
				<timestamp>473.303250</timestamp>
			</report>
			<report>
				<misses>7600001</misses>
				<total>1</total>
				<timestamp>479.610600</timestamp>
			</report>
			<report>
				<misses>7700001</misses>
				<total>2</total>
				<timestamp>485.920253</timestamp>
			</report>
			<report>
				<misses>7800001</misses>
				<total>2</total>
				<timestamp>492.227266</timestamp>
			</report>
			<report>
				<misses>7900001</misses>
				<total>2</total>
				<timestamp>498.510800</timestamp>
			</report>
			<report>
				<misses>8000001</misses>
				<total>1</total>
				<timestamp>504.833809</timestamp>
			</report>
			<report>
				<misses>8100001</misses>
				<total>2</total>
				<timestamp>511.157255</timestamp>
			</report>
			<report>
				<misses>8200001</misses>
				<total>1</total>
				<timestamp>517.462258</timestamp>
			</report>
			<report>
				<misses>8300001</misses>
				<total>1</total>
				<timestamp>523.768951</timestamp>
			</report>
			<report>
				<misses>8400001</misses>
				<total>1</total>
				<timestamp>530.061708</timestamp>
			</report>
			<report>
				<misses>8500001</misses>
				<total>1</total>
				<timestamp>536.342323</timestamp>
			</report>
			<report>
				<misses>8600001</misses>
				<total>1</total>
				<timestamp>542.665516</timestamp>
			</report>
			<report>
				<misses>8700001</misses>
				<total>2</total>
				<timestamp>548.988174</timestamp>
			</report>
			<report>
				<misses>8800001</misses>
				<total>2</total>
				<timestamp>555.310682</timestamp>
			</report>
			<report>
				<misses>8900001</misses>
				<total>2</total>
				<timestamp>561.611630</timestamp>
			</report>
			<report>
				<misses>9000001</misses>
				<total>1</total>
				<timestamp>567.893464</timestamp>
			</report>
			<report>
				<misses>9100001</misses>
				<total>1</total>
				<timestamp>574.176957</timestamp>
			</report>
			<report>
				<misses>9200001</misses>
				<total>1</total>
				<timestamp>580.457470</timestamp>
			</report>
			<report>
				<misses>9300001</misses>
				<total>2</total>
				<timestamp>586.779927</timestamp>
			</report>
			<report>
				<misses>9400001</misses>
				<total>2</total>
				<timestamp>593.102748</timestamp>
			</report>
			<report>
				<misses>9500001</misses>
				<total>1</total>
				<timestamp>599.424844</timestamp>
			</report>
			<report>
				<misses>9600001</misses>
				<total>2</total>
				<timestamp>605.747305</timestamp>
			</report>
			<report>
				<misses>9700001</misses>
				<total>2</total>
				<timestamp>612.050354</timestamp>
			</report>
			<report>
				<misses>9800001</misses>
				<total>2</total>
				<timestamp>618.331793</timestamp>
			</report>
			<report>
				<misses>9900001</misses>
				<total>2</total>
				<timestamp>624.657249</timestamp>
			</report>
			<report>
				<misses>10000001</misses>
				<total>1</total>
				<timestamp>630.976250</timestamp>
			</report>
			<report>
				<misses>10100001</misses>
				<total>1</total>
				<timestamp>637.260990</timestamp>
			</report>
			<report>
				<misses>10200001</misses>
				<total>2</total>
				<timestamp>643.545358</timestamp>
			</report>
			<report>
				<misses>10300001</misses>
				<total>1</total>
				<timestamp>649.872126</timestamp>
			</report>
			<report>
				<misses>10400001</misses>
				<total>1</total>
				<timestamp>656.199011</timestamp>
			</report>
			<report>
				<misses>10500001</misses>
				<total>2</total>
				<timestamp>662.525175</timestamp>
			</report>
			<report>
				<misses>10600001</misses>
				<total>1</total>
				<timestamp>668.830754</timestamp>
			</report>
			<report>
				<misses>10700001</misses>
				<total>1</total>
				<timestamp>675.113559</timestamp>
			</report>
			<report>
				<misses>10800001</misses>
				<total>2</total>
				<timestamp>681.395390</timestamp>
			</report>
			<report>
				<misses>10900001</misses>
				<total>2</total>
				<timestamp>687.721554</timestamp>
			</report>
			<report>
				<misses>11000001</misses>
				<total>2</total>
				<timestamp>694.047738</timestamp>
			</report>
			<report>
				<misses>11100001</misses>
				<total>2</total>
				<timestamp>700.337716</timestamp>
			</report>
			<report>
				<misses>11200001</misses>
				<total>2</total>
				<timestamp>706.663416</timestamp>
			</report>
			<report>
				<misses>11300001</misses>
				<total>1</total>
				<timestamp>712.990307</timestamp>
			</report>
			<report>
				<misses>11400001</misses>
				<total>2</total>
				<timestamp>719.316778</timestamp>
			</report>
			<report>
				<misses>11500001</misses>
				<total>1</total>
				<timestamp>725.624990</timestamp>
			</report>
			<report>
				<misses>11600001</misses>
				<total>2</total>
				<timestamp>731.922887</timestamp>
			</report>
			<report>
				<misses>11700001</misses>
				<total>2</total>
				<timestamp>738.249385</timestamp>
			</report>
			<report>
				<misses>11800001</misses>
				<total>2</total>
				<timestamp>744.558021</timestamp>
			</report>
			<report>
				<misses>11900001</misses>
				<total>2</total>
				<timestamp>750.842666</timestamp>
			</report>
			<report>
				<misses>12000001</misses>
				<total>2</total>
				<timestamp>757.168834</timestamp>
			</report>
			<report>
				<misses>12100001</misses>
				<total>1</total>
				<timestamp>763.495934</timestamp>
			</report>
			<report>
				<misses>12200001</misses>
				<total>2</total>
				<timestamp>769.821997</timestamp>
			</report>
			<report>
				<misses>12300001</misses>
				<total>1</total>
				<timestamp>776.115609</timestamp>
			</report>
			<report>
				<misses>12400001</misses>
				<total>1</total>
				<timestamp>782.442236</timestamp>
			</report>
			<report>
				<misses>12500001</misses>
				<total>2</total>
				<timestamp>788.768908</timestamp>
			</report>
			<report>
				<misses>12600001</misses>
				<total>2</total>
				<timestamp>795.093343</timestamp>
			</report>
			<report>
				<misses>12700001</misses>
				<total>2</total>
				<timestamp>801.397587</timestamp>
			</report>
			<report>
				<misses>12800001</misses>
				<total>2</total>
				<timestamp>807.681124</timestamp>
			</report>
			<report>
				<misses>12900001</misses>
				<total>2</total>
				<timestamp>814.005724</timestamp>
			</report>
			<report>
				<misses>13000001</misses>
				<total>1</total>
				<timestamp>820.330521</timestamp>
			</report>
			<report>
				<misses>13100001</misses>
				<total>2</total>
				<timestamp>826.637716</timestamp>
			</report>
			<report>
				<misses>13200001</misses>
				<total>1</total>
				<timestamp>832.919556</timestamp>
			</report>
			<report>
				<misses>13300001</misses>
				<total>1</total>
				<timestamp>839.246007</timestamp>
			</report>
			<report>
				<misses>13400001</misses>
				<total>1</total>
				<timestamp>845.573602</timestamp>
			</report>
			<report>
				<misses>13500001</misses>
				<total>2</total>
				<timestamp>851.895185</timestamp>
			</report>
			<report>
				<misses>13600001</misses>
				<total>2</total>
				<timestamp>858.211172</timestamp>
			</report>
			<report>
				<misses>13700001</misses>
				<total>2</total>
				<timestamp>864.541798</timestamp>
			</report>
			<report>
				<misses>13800001</misses>
				<total>2</total>
				<timestamp>870.868107</timestamp>
			</report>
			<report>
				<misses>13900001</misses>
				<total>2</total>
				<timestamp>877.181494</timestamp>
			</report>
			<report>
				<misses>14000001</misses>
				<total>2</total>
				<timestamp>883.508217</timestamp>
			</report>
			<report>
				<misses>14100001</misses>
				<total>2</total>
				<timestamp>889.834882</timestamp>
			</report>
			<report>
				<misses>14200001</misses>
				<total>2</total>
				<timestamp>896.157144</timestamp>
			</report>
			<report>
				<misses>14300001</misses>
				<total>2</total>
				<timestamp>902.471056</timestamp>
			</report>
			<report>
				<misses>14400001</misses>
				<total>1</total>
				<timestamp>908.801704</timestamp>
			</report>
			<report>
				<misses>14500001</misses>
				<total>1</total>
				<timestamp>915.126964</timestamp>
			</report>
			<report>
				<misses>14600001</misses>
				<total>0</total>
				<timestamp>921.441996</timestamp>
			</report>
			<report>
				<misses>14700001</misses>
				<total>2</total>
				<timestamp>927.769538</timestamp>
			</report>
			<report>
				<misses>14800001</misses>
				<total>1</total>
				<timestamp>934.096268</timestamp>
			</report>
			<report>
				<misses>14900001</misses>
				<total>2</total>
				<timestamp>940.419449</timestamp>
			</report>
			<report>
				<misses>15000001</misses>
				<total>2</total>
				<timestamp>946.736096</timestamp>
			</report>
			<report>
				<misses>15100001</misses>
				<total>1</total>
				<timestamp>953.065701</timestamp>
			</report>
			<report>
				<misses>15200001</misses>
				<total>2</total>
				<timestamp>959.390669</timestamp>
			</report>
			<report>
				<misses>15300001</misses>
				<total>1</total>
				<timestamp>965.729736</timestamp>
			</report>
			<report>
				<misses>15400001</misses>
				<total>1</total>
				<timestamp>972.068769</timestamp>
			</report>
			<report>
				<misses>15500001</misses>
				<total>2</total>
				<timestamp>978.395301</timestamp>
			</report>
			<report>
				<misses>15600001</misses>
				<total>1</total>
				<timestamp>984.719999</timestamp>
			</report>
			<report>
				<misses>15700001</misses>
				<total>2</total>
				<timestamp>991.060539</timestamp>
			</report>
			<report>
				<misses>15800001</misses>
				<total>2</total>
				<timestamp>997.390847</timestamp>
			</report>
			<report>
				<misses>15900001</misses>
				<total>1</total>
				<timestamp>1003.716393</timestamp>
			</report>
			<report>
				<misses>16000001</misses>
				<total>1</total>
				<timestamp>1010.055629</timestamp>
			</report>
			<report>
				<misses>16100001</misses>
				<total>2</total>
				<timestamp>1016.381686</timestamp>
			</report>
			<report>
				<misses>16200001</misses>
				<total>2</total>
				<timestamp>1022.706558</timestamp>
			</report>
			<report>
				<misses>16300001</misses>
				<total>1</total>
				<timestamp>1029.030094</timestamp>
			</report>
			<report>
				<misses>16400001</misses>
				<total>1</total>
				<timestamp>1035.349126</timestamp>
			</report>
			<report>
				<misses>16500001</misses>
				<total>2</total>
				<timestamp>1041.682412</timestamp>
			</report>
			<report>
				<misses>16600001</misses>
				<total>1</total>
				<timestamp>1048.003329</timestamp>
			</report>
			<report>
				<misses>16700001</misses>
				<total>1</total>
				<timestamp>1054.321814</timestamp>
			</report>
			<report>
				<misses>16800001</misses>
				<total>1</total>
				<timestamp>1060.632428</timestamp>
			</report>
			<report>
				<misses>16900001</misses>
				<total>1</total>
				<timestamp>1066.956716</timestamp>
			</report>
			<report>
				<misses>17000001</misses>
				<total>1</total>
				<timestamp>1073.292415</timestamp>
			</report>
			<report>
				<misses>17100001</misses>
				<total>1</total>
				<timestamp>1079.628867</timestamp>
			</report>
			<report>
				<misses>17200001</misses>
				<total>2</total>
				<timestamp>1085.957175</timestamp>
			</report>
			<report>
				<misses>17300001</misses>
				<total>1</total>
				<timestamp>1092.278036</timestamp>
			</report>
			<report>
				<misses>17400001</misses>
				<total>1</total>
				<timestamp>1098.592311</timestamp>
			</report>
			<report>
				<misses>17500001</misses>
				<total>1</total>
				<timestamp>1104.921411</timestamp>
			</report>
			<report>
				<misses>17600001</misses>
				<total>1</total>
				<timestamp>1111.247881</timestamp>
			</report>
			<report>
				<misses>17700001</misses>
				<total>2</total>
				<timestamp>1117.584058</timestamp>
			</report>
			<report>
				<misses>17800001</misses>
				<total>2</total>
				<timestamp>1123.919781</timestamp>
			</report>
			<report>
				<misses>17900001</misses>
				<total>2</total>
				<timestamp>1130.246870</timestamp>
			</report>
			<report>
				<misses>18000001</misses>
				<total>2</total>
				<timestamp>1136.570076</timestamp>
			</report>
			<report>
				<misses>18100001</misses>
				<total>2</total>
				<timestamp>1142.889232</timestamp>
			</report>
			<report>
				<misses>18200001</misses>
				<total>2</total>
				<timestamp>1149.217557</timestamp>
			</report>
			<report>
				<misses>18300001</misses>
				<total>1</total>
				<timestamp>1155.541413</timestamp>
			</report>
			<report>
				<misses>18400001</misses>
				<total>2</total>
				<timestamp>1161.859207</timestamp>
			</report>
			<report>
				<misses>18500001</misses>
				<total>2</total>
				<timestamp>1168.187353</timestamp>
			</report>
			<report>
				<misses>18600001</misses>
				<total>2</total>
				<timestamp>1174.509238</timestamp>
			</report>
			<report>
				<misses>18700001</misses>
				<total>2</total>
				<timestamp>1180.844535</timestamp>
			</report>
			<report>
				<misses>18800001</misses>
				<total>1</total>
				<timestamp>1187.172872</timestamp>
			</report>
			<report>
				<misses>18900001</misses>
				<total>2</total>
				<timestamp>1193.494551</timestamp>
			</report>
			<report>
				<misses>19000001</misses>
				<total>2</total>
				<timestamp>1199.830941</timestamp>
			</report>
			<report>
				<misses>19100001</misses>
				<total>2</total>
				<timestamp>1206.166845</timestamp>
			</report>
			<report>
				<misses>19200001</misses>
				<total>2</total>
				<timestamp>1212.503540</timestamp>
			</report>
			<report>
				<misses>19300001</misses>
				<total>2</total>
				<timestamp>1218.832547</timestamp>
			</report>
			<report>
				<misses>19400001</misses>
				<total>1</total>
				<timestamp>1225.153714</timestamp>
			</report>
			<report>
				<misses>19500001</misses>
				<total>1</total>
				<timestamp>1231.467757</timestamp>
			</report>
			<report>
				<misses>19600001</misses>
				<total>2</total>
				<timestamp>1237.796126</timestamp>
			</report>
			<report>
				<misses>19700001</misses>
				<total>2</total>
				<timestamp>1244.120356</timestamp>
			</report>
			<report>
				<misses>19800001</misses>
				<total>1</total>
				<timestamp>1250.435702</timestamp>
			</report>
			<report>
				<misses>19900001</misses>
				<total>1</total>
				<timestamp>1256.764432</timestamp>
			</report>
			<report>
				<misses>20000001</misses>
				<total>2</total>
				<timestamp>1263.087854</timestamp>
			</report>
			<report>
				<misses>20100001</misses>
				<total>2</total>
				<timestamp>1269.410897</timestamp>
			</report>
			<report>
				<misses>20200001</misses>
				<total>1</total>
				<timestamp>1275.746542</timestamp>
			</report>
			<report>
				<misses>20300001</misses>
				<total>1</total>
				<timestamp>1282.075810</timestamp>
			</report>
			<report>
				<misses>20400001</misses>
				<total>1</total>
				<timestamp>1288.396401</timestamp>
			</report>
			<report>
				<misses>20500001</misses>
				<total>1</total>
				<timestamp>1294.710861</timestamp>
			</report>
			<report>
				<misses>20600001</misses>
				<total>2</total>
				<timestamp>1301.038224</timestamp>
			</report>
			<report>
				<misses>20700001</misses>
				<total>1</total>
				<timestamp>1307.365853</timestamp>
			</report>
			<report>
				<misses>20800001</misses>
				<total>22</total>
				<timestamp>1313.680114</timestamp>
			</report>
			<report>
				<misses>20900001</misses>
				<total>23</total>
				<timestamp>1320.008563</timestamp>
			</report>
			<report>
				<misses>21000001</misses>
				<total>23</total>
				<timestamp>1326.336283</timestamp>
			</report>
			<report>
				<misses>21100001</misses>
				<total>22</total>
				<timestamp>1332.656607</timestamp>
			</report>
			<report>
				<misses>21200001</misses>
				<total>23</total>
				<timestamp>1338.970356</timestamp>
			</report>
			<report>
				<misses>21300001</misses>
				<total>23</total>
				<timestamp>1345.287857</timestamp>
			</report>
			<report>
				<misses>21400001</misses>
				<total>23</total>
				<timestamp>1351.623823</timestamp>
			</report>
			<report>
				<misses>21500001</misses>
				<total>22</total>
				<timestamp>1357.958479</timestamp>
			</report>
			<report>
				<misses>21600001</misses>
				<total>22</total>
				<timestamp>1364.286372</timestamp>
			</report>
			<report>
				<misses>21700001</misses>
				<total>23</total>
				<timestamp>1370.626502</timestamp>
			</report>
			<report>
				<misses>21800001</misses>
				<total>22</total>
				<timestamp>1376.958306</timestamp>
			</report>
			<report>
				<misses>21900001</misses>
				<total>23</total>
				<timestamp>1383.283677</timestamp>
			</report>
			<report>
				<misses>22000001</misses>
				<total>23</total>
				<timestamp>1389.608967</timestamp>
			</report>
			<report>
				<misses>22100001</misses>
				<total>22</total>
				<timestamp>1395.938128</timestamp>
			</report>
			<report>
				<misses>22200001</misses>
				<total>23</total>
				<timestamp>1402.264113</timestamp>
			</report>
			<report>
				<misses>22300001</misses>
				<total>23</total>
				<timestamp>1408.590795</timestamp>
			</report>
			<report>
				<misses>22400001</misses>
				<total>22</total>
				<timestamp>1414.914343</timestamp>
			</report>
			<report>
				<misses>22500001</misses>
				<total>23</total>
				<timestamp>1421.229700</timestamp>
			</report>
			<report>
				<misses>22600001</misses>
				<total>22</total>
				<timestamp>1427.537835</timestamp>
			</report>
			<report>
				<misses>22700001</misses>
				<total>23</total>
				<timestamp>1433.861482</timestamp>
			</report>
			<report>
				<misses>22800001</misses>
				<total>22</total>
				<timestamp>1440.201986</timestamp>
			</report>
			<report>
				<misses>22900001</misses>
				<total>23</total>
				<timestamp>1446.533806</timestamp>
			</report>
			<report>
				<misses>23000001</misses>
				<total>22</total>
				<timestamp>1452.857656</timestamp>
			</report>
			<report>
				<misses>23100001</misses>
				<total>23</total>
				<timestamp>1459.196908</timestamp>
			</report>
			<report>
				<misses>23200001</misses>
				<total>22</total>
				<timestamp>1465.538178</timestamp>
			</report>
			<report>
				<misses>23300001</misses>
				<total>22</total>
				<timestamp>1471.878134</timestamp>
			</report>
			<report>
				<misses>23400001</misses>
				<total>22</total>
				<timestamp>1478.205590</timestamp>
			</report>
			<report>
				<misses>23500001</misses>
				<total>23</total>
				<timestamp>1484.529535</timestamp>
			</report>
			<report>
				<misses>23600001</misses>
				<total>22</total>
				<timestamp>1490.870856</timestamp>
			</report>
			<report>
				<misses>23700001</misses>
				<total>23</total>
				<timestamp>1497.203760</timestamp>
			</report>
			<report>
				<misses>23800001</misses>
				<total>23</total>
				<timestamp>1503.521820</timestamp>
			</report>
			<report>
				<misses>23900001</misses>
				<total>22</total>
				<timestamp>1509.835926</timestamp>
			</report>
			<report>
				<misses>24000001</misses>
				<total>23</total>
				<timestamp>1516.163013</timestamp>
			</report>
			<report>
				<misses>24100001</misses>
				<total>22</total>
				<timestamp>1522.489755</timestamp>
			</report>
			<report>
				<misses>24200001</misses>
				<total>22</total>
				<timestamp>1528.808138</timestamp>
			</report>
			<report>
				<misses>24300001</misses>
				<total>22</total>
				<timestamp>1535.119117</timestamp>
			</report>
			<report>
				<misses>24400001</misses>
				<total>23</total>
				<timestamp>1541.447051</timestamp>
			</report>
			<report>
				<misses>24500001</misses>
				<total>22</total>
				<timestamp>1547.770653</timestamp>
			</report>
			<report>
				<misses>24600001</misses>
				<total>23</total>
				<timestamp>1554.110369</timestamp>
			</report>
			<report>
				<misses>24700001</misses>
				<total>22</total>
				<timestamp>1560.443307</timestamp>
			</report>
			<report>
				<misses>24800001</misses>
				<total>23</total>
				<timestamp>1566.769193</timestamp>
			</report>
			<report>
				<misses>24900001</misses>
				<total>21</total>
				<timestamp>1573.109007</timestamp>
			</report>
			<report>
				<misses>25000001</misses>
				<total>22</total>
				<timestamp>1579.449975</timestamp>
			</report>
			<report>
				<misses>25100001</misses>
				<total>23</total>
				<timestamp>1585.790271</timestamp>
			</report>
			<report>
				<misses>25200001</misses>
				<total>22</total>
				<timestamp>1592.118519</timestamp>
			</report>
			<report>
				<misses>25300001</misses>
				<total>22</total>
				<timestamp>1598.432775</timestamp>
			</report>
			<report>
				<misses>25400001</misses>
				<total>23</total>
				<timestamp>1604.741319</timestamp>
			</report>
			<report>
				<misses>25500001</misses>
				<total>22</total>
				<timestamp>1611.065769</timestamp>
			</report>
			<report>
				<misses>25600001</misses>
				<total>22</total>
				<timestamp>1617.406936</timestamp>
			</report>
			<report>
				<misses>25700001</misses>
				<total>22</total>
				<timestamp>1623.747010</timestamp>
			</report>
			<report>
				<misses>25800001</misses>
				<total>23</total>
				<timestamp>1630.087342</timestamp>
			</report>
			<report>
				<misses>25900001</misses>
				<total>22</total>
				<timestamp>1636.414558</timestamp>
			</report>
			<report>
				<misses>26000001</misses>
				<total>22</total>
				<timestamp>1642.737708</timestamp>
			</report>
			<report>
				<misses>26100001</misses>
				<total>23</total>
				<timestamp>1649.053054</timestamp>
			</report>
			<report>
				<misses>26200001</misses>
				<total>22</total>
				<timestamp>1655.362835</timestamp>
			</report>
			<report>
				<misses>26300001</misses>
				<total>21</total>
				<timestamp>1661.687530</timestamp>
			</report>
			<report>
				<misses>26400001</misses>
				<total>23</total>
				<timestamp>1668.011775</timestamp>
			</report>
			<report>
				<misses>26500001</misses>
				<total>23</total>
				<timestamp>1674.326089</timestamp>
			</report>
			<report>
				<misses>26600001</misses>
				<total>22</total>
				<timestamp>1680.633392</timestamp>
			</report>
			<report>
				<misses>26700001</misses>
				<total>23</total>
				<timestamp>1686.957090</timestamp>
			</report>
			<report>
				<misses>26800001</misses>
				<total>23</total>
				<timestamp>1693.272375</timestamp>
			</report>
			<report>
				<misses>26900001</misses>
				<total>23</total>
				<timestamp>1699.598739</timestamp>
			</report>
			<report>
				<misses>27000001</misses>
				<total>22</total>
				<timestamp>1705.924867</timestamp>
			</report>
			<report>
				<misses>27100001</misses>
				<total>23</total>
				<timestamp>1712.242098</timestamp>
			</report>
			<report>
				<misses>27200001</misses>
				<total>23</total>
				<timestamp>1718.554897</timestamp>
			</report>
			<report>
				<misses>27300001</misses>
				<total>22</total>
				<timestamp>1724.878784</timestamp>
			</report>
			<report>
				<misses>27400001</misses>
				<total>22</total>
				<timestamp>1731.220609</timestamp>
			</report>
			<report>
				<misses>27500001</misses>
				<total>23</total>
				<timestamp>1737.560463</timestamp>
			</report>
			<report>
				<misses>27600001</misses>
				<total>22</total>
				<timestamp>1743.893139</timestamp>
			</report>
			<report>
				<misses>27700001</misses>
				<total>22</total>
				<timestamp>1750.228987</timestamp>
			</report>
			<report>
				<misses>27800001</misses>
				<total>22</total>
				<timestamp>1756.569830</timestamp>
			</report>
			<report>
				<misses>27900001</misses>
				<total>22</total>
				<timestamp>1762.897779</timestamp>
			</report>
			<report>
				<misses>28000001</misses>
				<total>23</total>
				<timestamp>1769.221568</timestamp>
			</report>
			<report>
				<misses>28100001</misses>
				<total>22</total>
				<timestamp>1775.562046</timestamp>
			</report>
			<report>
				<misses>28200001</misses>
				<total>22</total>
				<timestamp>1781.902049</timestamp>
			</report>
			<report>
				<misses>28300001</misses>
				<total>22</total>
				<timestamp>1788.234519</timestamp>
			</report>
			<report>
				<misses>28400001</misses>
				<total>23</total>
				<timestamp>1794.560547</timestamp>
			</report>
			<report>
				<misses>28500001</misses>
				<total>22</total>
				<timestamp>1800.901296</timestamp>
			</report>
			<report>
				<misses>28600001</misses>
				<total>22</total>
				<timestamp>1807.229057</timestamp>
			</report>
			<report>
				<misses>28700001</misses>
				<total>22</total>
				<timestamp>1813.553172</timestamp>
			</report>
			<report>
				<misses>28800001</misses>
				<total>23</total>
				<timestamp>1819.869003</timestamp>
			</report>
			<report>
				<misses>28900001</misses>
				<total>22</total>
				<timestamp>1826.201067</timestamp>
			</report>
			<report>
				<misses>29000001</misses>
				<total>23</total>
				<timestamp>1832.527927</timestamp>
			</report>
			<report>
				<misses>29100001</misses>
				<total>22</total>
				<timestamp>1838.868941</timestamp>
			</report>
			<report>
				<misses>29200001</misses>
				<total>22</total>
				<timestamp>1845.195969</timestamp>
			</report>
			<report>
				<misses>29300001</misses>
				<total>22</total>
				<timestamp>1851.519347</timestamp>
			</report>
			<report>
				<misses>29400001</misses>
				<total>23</total>
				<timestamp>1857.860807</timestamp>
			</report>
			<report>
				<misses>29500001</misses>
				<total>23</total>
				<timestamp>1864.195792</timestamp>
			</report>
			<report>
				<misses>29600001</misses>
				<total>23</total>
				<timestamp>1870.522847</timestamp>
			</report>
			<report>
				<misses>29700001</misses>
				<total>22</total>
				<timestamp>1876.849399</timestamp>
			</report>
			<report>
				<misses>29800001</misses>
				<total>22</total>
				<timestamp>1883.162197</timestamp>
			</report>
			<report>
				<misses>29900001</misses>
				<total>23</total>
				<timestamp>1889.471958</timestamp>
			</report>
			<report>
				<misses>30000001</misses>
				<total>22</total>
				<timestamp>1895.795212</timestamp>
			</report>
			<report>
				<misses>30100001</misses>
				<total>22</total>
				<timestamp>1902.134409</timestamp>
			</report>
			<report>
				<misses>30200001</misses>
				<total>23</total>
				<timestamp>1908.474824</timestamp>
			</report>
			<report>
				<misses>30300001</misses>
				<total>22</total>
				<timestamp>1914.815071</timestamp>
			</report>
			<report>
				<misses>30400001</misses>
				<total>22</total>
				<timestamp>1921.147339</timestamp>
			</report>
			<report>
				<misses>30500001</misses>
				<total>23</total>
				<timestamp>1927.464847</timestamp>
			</report>
			<report>
				<misses>30600001</misses>
				<total>22</total>
				<timestamp>1933.779169</timestamp>
			</report>
			<report>
				<misses>30700001</misses>
				<total>22</total>
				<timestamp>1940.110321</timestamp>
			</report>
			<report>
				<misses>30800001</misses>
				<total>22</total>
				<timestamp>1946.442434</timestamp>
			</report>
			<report>
				<misses>30900001</misses>
				<total>23</total>
				<timestamp>1952.753187</timestamp>
			</report>
			<report>
				<misses>31000001</misses>
				<total>22</total>
				<timestamp>1959.060677</timestamp>
			</report>
			<report>
				<misses>31100001</misses>
				<total>22</total>
				<timestamp>1965.384872</timestamp>
			</report>
			<report>
				<misses>31200001</misses>
				<total>22</total>
				<timestamp>1971.725554</timestamp>
			</report>
			<report>
				<misses>31300001</misses>
				<total>23</total>
				<timestamp>1978.065188</timestamp>
			</report>
			<report>
				<misses>31400001</misses>
				<total>23</total>
				<timestamp>1984.398588</timestamp>
			</report>
			<report>
				<misses>31500001</misses>
				<total>22</total>
				<timestamp>1990.725515</timestamp>
			</report>
			<report>
				<misses>31600001</misses>
				<total>22</total>
				<timestamp>1997.064523</timestamp>
			</report>
			<report>
				<misses>31700001</misses>
				<total>23</total>
				<timestamp>2003.388057</timestamp>
			</report>
			<report>
				<misses>31800001</misses>
				<total>23</total>
				<timestamp>2009.729139</timestamp>
			</report>
			<report>
				<misses>31900001</misses>
				<total>22</total>
				<timestamp>2016.070950</timestamp>
			</report>
			<report>
				<misses>32000001</misses>
				<total>23</total>
				<timestamp>2022.395929</timestamp>
			</report>
			<report>
				<misses>32100001</misses>
				<total>22</total>
				<timestamp>2028.719659</timestamp>
			</report>
			<report>
				<misses>32200001</misses>
				<total>22</total>
				<timestamp>2035.059733</timestamp>
			</report>
			<report>
				<misses>32300001</misses>
				<total>23</total>
				<timestamp>2041.396058</timestamp>
			</report>
			<report>
				<misses>32400001</misses>
				<total>23</total>
				<timestamp>2047.714602</timestamp>
			</report>
			<report>
				<misses>32500001</misses>
				<total>22</total>
				<timestamp>2054.028637</timestamp>
			</report>
			<report>
				<misses>32600001</misses>
				<total>23</total>
				<timestamp>2060.354867</timestamp>
			</report>
			<report>
				<misses>32700001</misses>
				<total>22</total>
				<timestamp>2066.694725</timestamp>
			</report>
			<report>
				<misses>32800001</misses>
				<total>23</total>
				<timestamp>2073.035375</timestamp>
			</report>
			<report>
				<misses>32900001</misses>
				<total>22</total>
				<timestamp>2079.375256</timestamp>
			</report>
			<report>
				<misses>33000001</misses>
				<total>23</total>
				<timestamp>2085.699714</timestamp>
			</report>
			<report>
				<misses>33100001</misses>
				<total>22</total>
				<timestamp>2092.013969</timestamp>
			</report>
			<report>
				<misses>33200001</misses>
				<total>23</total>
				<timestamp>2098.345632</timestamp>
			</report>
			<report>
				<misses>33300001</misses>
				<total>22</total>
				<timestamp>2104.670402</timestamp>
			</report>
			<report>
				<misses>33400001</misses>
				<total>22</total>
				<timestamp>2110.984070</timestamp>
			</report>
			<report>
				<misses>33500001</misses>
				<total>23</total>
				<timestamp>2117.311047</timestamp>
			</report>
			<report>
				<misses>33600001</misses>
				<total>23</total>
				<timestamp>2123.638376</timestamp>
			</report>
			<report>
				<misses>33700001</misses>
				<total>22</total>
				<timestamp>2129.959479</timestamp>
			</report>
			<report>
				<misses>33800001</misses>
				<total>23</total>
				<timestamp>2136.273628</timestamp>
			</report>
			<report>
				<misses>33900001</misses>
				<total>23</total>
				<timestamp>2142.583374</timestamp>
			</report>
			<report>
				<misses>34000001</misses>
				<total>23</total>
				<timestamp>2148.905558</timestamp>
			</report>
			<report>
				<misses>34100001</misses>
				<total>23</total>
				<timestamp>2155.219893</timestamp>
			</report>
			<report>
				<misses>34200001</misses>
				<total>22</total>
				<timestamp>2161.531403</timestamp>
			</report>
			<report>
				<misses>34300001</misses>
				<total>23</total>
				<timestamp>2167.861465</timestamp>
			</report>
			<report>
				<misses>34400001</misses>
				<total>23</total>
				<timestamp>2174.198320</timestamp>
			</report>
			<report>
				<misses>34500001</misses>
				<total>23</total>
				<timestamp>2180.533840</timestamp>
			</report>
			<report>
				<misses>34600001</misses>
				<total>22</total>
				<timestamp>2186.859638</timestamp>
			</report>
			<report>
				<misses>34700001</misses>
				<total>23</total>
				<timestamp>2193.180332</timestamp>
			</report>
			<report>
				<misses>34800001</misses>
				<total>22</total>
				<timestamp>2199.493032</timestamp>
			</report>
			<report>
				<misses>34900001</misses>
				<total>23</total>
				<timestamp>2205.801396</timestamp>
			</report>
			<report>
				<misses>35000001</misses>
				<total>22</total>
				<timestamp>2212.122635</timestamp>
			</report>
			<report>
				<misses>35100001</misses>
				<total>22</total>
				<timestamp>2218.459240</timestamp>
			</report>
			<report>
				<misses>35200001</misses>
				<total>22</total>
				<timestamp>2224.794882</timestamp>
			</report>
			<report>
				<misses>35300001</misses>
				<total>23</total>
				<timestamp>2231.124709</timestamp>
			</report>
			<report>
				<misses>35400001</misses>
				<total>23</total>
				<timestamp>2237.447236</timestamp>
			</report>
			<report>
				<misses>35500001</misses>
				<total>22</total>
				<timestamp>2243.764260</timestamp>
			</report>
			<report>
				<misses>35600001</misses>
				<total>23</total>
				<timestamp>2250.075457</timestamp>
			</report>
			<report>
				<misses>35700001</misses>
				<total>23</total>
				<timestamp>2256.398768</timestamp>
			</report>
			<report>
				<misses>35800001</misses>
				<total>23</total>
				<timestamp>2262.734017</timestamp>
			</report>
			<report>
				<misses>35900001</misses>
				<total>22</total>
				<timestamp>2269.069834</timestamp>
			</report>
			<report>
				<misses>36000001</misses>
				<total>22</total>
				<timestamp>2275.405752</timestamp>
			</report>
			<report>
				<misses>36100001</misses>
				<total>22</total>
				<timestamp>2281.732036</timestamp>
			</report>
			<report>
				<misses>36200001</misses>
				<total>22</total>
				<timestamp>2288.055902</timestamp>
			</report>
			<report>
				<misses>36300001</misses>
				<total>23</total>
				<timestamp>2294.369945</timestamp>
			</report>
			<report>
				<misses>36400001</misses>
				<total>22</total>
				<timestamp>2300.676326</timestamp>
			</report>
			<report>
				<misses>36500001</misses>
				<total>23</total>
				<timestamp>2307.000400</timestamp>
			</report>
			<report>
				<misses>36600001</misses>
				<total>22</total>
				<timestamp>2313.324159</timestamp>
			</report>
			<report>
				<misses>36700001</misses>
				<total>23</total>
				<timestamp>2319.635855</timestamp>
			</report>
			<report>
				<misses>36800001</misses>
				<total>22</total>
				<timestamp>2325.963204</timestamp>
			</report>
			<report>
				<misses>36900001</misses>
				<total>23</total>
				<timestamp>2332.287696</timestamp>
			</report>
			<report>
				<misses>37000001</misses>
				<total>23</total>
				<timestamp>2338.603295</timestamp>
			</report>
			<report>
				<misses>37100001</misses>
				<total>22</total>
				<timestamp>2344.913600</timestamp>
			</report>
			<report>
				<misses>37200001</misses>
				<total>23</total>
				<timestamp>2351.239990</timestamp>
			</report>
			<report>
				<misses>37300001</misses>
				<total>23</total>
				<timestamp>2357.567593</timestamp>
			</report>
			<report>
				<misses>37400001</misses>
				<total>22</total>
				<timestamp>2363.880304</timestamp>
			</report>
			<report>
				<misses>37500001</misses>
				<total>23</total>
				<timestamp>2370.195291</timestamp>
			</report>
			<report>
				<misses>37600001</misses>
				<total>22</total>
				<timestamp>2376.521944</timestamp>
			</report>
			<report>
				<misses>37700001</misses>
				<total>23</total>
				<timestamp>2382.861896</timestamp>
			</report>
			<report>
				<misses>37800001</misses>
				<total>23</total>
				<timestamp>2389.189723</timestamp>
			</report>
			<report>
				<misses>37900001</misses>
				<total>23</total>
				<timestamp>2395.516524</timestamp>
			</report>
			<report>
				<misses>38000001</misses>
				<total>23</total>
				<timestamp>2401.834603</timestamp>
			</report>
			<report>
				<misses>38100001</misses>
				<total>22</total>
				<timestamp>2408.150144</timestamp>
			</report>
			<report>
				<misses>38200001</misses>
				<total>22</total>
				<timestamp>2414.456692</timestamp>
			</report>
			<report>
				<misses>38300001</misses>
				<total>22</total>
				<timestamp>2420.790300</timestamp>
			</report>
			<report>
				<misses>38400001</misses>
				<total>24</total>
				<timestamp>2427.131306</timestamp>
			</report>
			<report>
				<misses>38500001</misses>
				<total>23</total>
				<timestamp>2433.464130</timestamp>
			</report>
			<report>
				<misses>38600001</misses>
				<total>22</total>
				<timestamp>2439.797223</timestamp>
			</report>
			<report>
				<misses>38700001</misses>
				<total>22</total>
				<timestamp>2446.123792</timestamp>
			</report>
			<report>
				<misses>38800001</misses>
				<total>22</total>
				<timestamp>2452.438442</timestamp>
			</report>
			<report>
				<misses>38900001</misses>
				<total>23</total>
				<timestamp>2458.747933</timestamp>
			</report>
			<report>
				<misses>39000001</misses>
				<total>23</total>
				<timestamp>2465.074281</timestamp>
			</report>
			<report>
				<misses>39100001</misses>
				<total>22</total>
				<timestamp>2471.411755</timestamp>
			</report>
			<report>
				<misses>39200001</misses>
				<total>22</total>
				<timestamp>2477.751446</timestamp>
			</report>
			<report>
				<misses>39300001</misses>
				<total>22</total>
				<timestamp>2484.078706</timestamp>
			</report>
			<report>
				<misses>39400001</misses>
				<total>22</total>
				<timestamp>2490.402205</timestamp>
			</report>
			<report>
				<misses>39500001</misses>
				<total>22</total>
				<timestamp>2496.742642</timestamp>
			</report>
			<report>
				<misses>39600001</misses>
				<total>22</total>
				<timestamp>2503.083186</timestamp>
			</report>
			<report>
				<misses>39700001</misses>
				<total>23</total>
				<timestamp>2509.414529</timestamp>
			</report>
			<report>
				<misses>39800001</misses>
				<total>22</total>
				<timestamp>2515.738537</timestamp>
			</report>
			<report>
				<misses>39900001</misses>
				<total>23</total>
				<timestamp>2522.048537</timestamp>
			</report>
			<report>
				<misses>40000001</misses>
				<total>23</total>
				<timestamp>2528.353796</timestamp>
			</report>
			<report>
				<misses>40100001</misses>
				<total>22</total>
				<timestamp>2534.676877</timestamp>
			</report>
			<report>
				<misses>40200001</misses>
				<total>23</total>
				<timestamp>2541.000495</timestamp>
			</report>
			<report>
				<misses>40300001</misses>
				<total>22</total>
				<timestamp>2547.311448</timestamp>
			</report>
			<report>
				<misses>40400001</misses>
				<total>22</total>
				<timestamp>2553.618234</timestamp>
			</report>
			<report>
				<misses>40500001</misses>
				<total>23</total>
				<timestamp>2559.942277</timestamp>
			</report>
			<report>
				<misses>40600001</misses>
				<total>23</total>
				<timestamp>2566.270687</timestamp>
			</report>
			<report>
				<misses>40700001</misses>
				<total>23</total>
				<timestamp>2572.611474</timestamp>
			</report>
			<report>
				<misses>40800001</misses>
				<total>22</total>
				<timestamp>2578.939152</timestamp>
			</report>
			<report>
				<misses>40900001</misses>
				<total>22</total>
				<timestamp>2585.255426</timestamp>
			</report>
			<report>
				<misses>41000001</misses>
				<total>22</total>
				<timestamp>2591.570426</timestamp>
			</report>
			<report>
				<misses>41100001</misses>
				<total>23</total>
				<timestamp>2597.880348</timestamp>
			</report>
			<report>
				<misses>41200001</misses>
				<total>23</total>
				<timestamp>2604.207182</timestamp>
			</report>
			<report>
				<misses>41300001</misses>
				<total>22</total>
				<timestamp>2610.549571</timestamp>
			</report>
			<report>
				<misses>41400001</misses>
				<total>22</total>
				<timestamp>2616.885810</timestamp>
			</report>
			<report>
				<misses>41500001</misses>
				<total>22</total>
				<timestamp>2623.208778</timestamp>
			</report>
			<report>
				<misses>41600001</misses>
				<total>23</total>
				<timestamp>2629.532222</timestamp>
			</report>
			<report>
				<misses>41700001</misses>
				<total>23</total>
				<timestamp>2635.842025</timestamp>
			</report>
			<report>
				<misses>41800001</misses>
				<total>22</total>
				<timestamp>2642.153242</timestamp>
			</report>
			<report>
				<misses>41900001</misses>
				<total>22</total>
				<timestamp>2648.477744</timestamp>
			</report>
			<report>
				<misses>42000001</misses>
				<total>23</total>
				<timestamp>2654.788421</timestamp>
			</report>
			<report>
				<misses>42100001</misses>
				<total>23</total>
				<timestamp>2661.095025</timestamp>
			</report>
			<report>
				<misses>42200001</misses>
				<total>23</total>
				<timestamp>2667.418526</timestamp>
			</report>
			<report>
				<misses>42300001</misses>
				<total>22</total>
				<timestamp>2673.728887</timestamp>
			</report>
			<report>
				<misses>42400001</misses>
				<total>22</total>
				<timestamp>2680.036758</timestamp>
			</report>
			<report>
				<misses>42500001</misses>
				<total>23</total>
				<timestamp>2686.360869</timestamp>
			</report>
			<report>
				<misses>42600001</misses>
				<total>22</total>
				<timestamp>2692.685238</timestamp>
			</report>
			<report>
				<misses>42700001</misses>
				<total>22</total>
				<timestamp>2698.995742</timestamp>
			</report>
			<report>
				<misses>42800001</misses>
				<total>23</total>
				<timestamp>2705.302732</timestamp>
			</report>
			<report>
				<misses>42900001</misses>
				<total>23</total>
				<timestamp>2711.626574</timestamp>
			</report>
			<report>
				<misses>43000001</misses>
				<total>22</total>
				<timestamp>2717.949950</timestamp>
			</report>
			<report>
				<misses>43100001</misses>
				<total>23</total>
				<timestamp>2724.283974</timestamp>
			</report>
			<report>
				<misses>43200001</misses>
				<total>23</total>
				<timestamp>2730.616565</timestamp>
			</report>
			<report>
				<misses>43300001</misses>
				<total>22</total>
				<timestamp>2736.935446</timestamp>
			</report>
			<report>
				<misses>43400001</misses>
				<total>22</total>
				<timestamp>2743.248751</timestamp>
			</report>
			<report>
				<misses>43500001</misses>
				<total>22</total>
				<timestamp>2749.575986</timestamp>
			</report>
			<report>
				<misses>43600001</misses>
				<total>23</total>
				<timestamp>2755.894561</timestamp>
			</report>
			<report>
				<misses>43700001</misses>
				<total>23</total>
				<timestamp>2762.205144</timestamp>
			</report>
			<report>
				<misses>43800001</misses>
				<total>22</total>
				<timestamp>2768.532438</timestamp>
			</report>
			<report>
				<misses>43900001</misses>
				<total>23</total>
				<timestamp>2774.855915</timestamp>
			</report>
			<report>
				<misses>44000001</misses>
				<total>23</total>
				<timestamp>2781.196533</timestamp>
			</report>
			<report>
				<misses>44100001</misses>
				<total>22</total>
				<timestamp>2787.536137</timestamp>
			</report>
			<report>
				<misses>44200001</misses>
				<total>22</total>
				<timestamp>2793.867824</timestamp>
			</report>
			<report>
				<misses>44300001</misses>
				<total>23</total>
				<timestamp>2800.202126</timestamp>
			</report>
			<report>
				<misses>44400001</misses>
				<total>23</total>
				<timestamp>2806.542991</timestamp>
			</report>
			<report>
				<misses>44500001</misses>
				<total>23</total>
				<timestamp>2812.874118</timestamp>
			</report>
			<report>
				<misses>44600001</misses>
				<total>23</total>
				<timestamp>2819.199026</timestamp>
			</report>
			<report>
				<misses>44700001</misses>
				<total>22</total>
				<timestamp>2825.509451</timestamp>
			</report>
			<report>
				<misses>44800001</misses>
				<total>23</total>
				<timestamp>2831.835920</timestamp>
			</report>
			<report>
				<misses>44900001</misses>
				<total>23</total>
				<timestamp>2838.161428</timestamp>
			</report>
			<report>
				<misses>45000001</misses>
				<total>23</total>
				<timestamp>2844.484985</timestamp>
			</report>
			<report>
				<misses>45100001</misses>
				<total>23</total>
				<timestamp>2850.824190</timestamp>
			</report>
			<report>
				<misses>45200001</misses>
				<total>23</total>
				<timestamp>2857.151390</timestamp>
			</report>
			<report>
				<misses>45300001</misses>
				<total>22</total>
				<timestamp>2863.473507</timestamp>
			</report>
			<report>
				<misses>45400001</misses>
				<total>21</total>
				<timestamp>2869.790726</timestamp>
			</report>
			<report>
				<misses>45500001</misses>
				<total>22</total>
				<timestamp>2876.102362</timestamp>
			</report>
			<report>
				<misses>45600001</misses>
				<total>23</total>
				<timestamp>2882.437438</timestamp>
			</report>
			<report>
				<misses>45700001</misses>
				<total>22</total>
				<timestamp>2888.772228</timestamp>
			</report>
			<report>
				<misses>45800001</misses>
				<total>21</total>
				<timestamp>2895.108183</timestamp>
			</report>
			<report>
				<misses>45900001</misses>
				<total>22</total>
				<timestamp>2901.435512</timestamp>
			</report>
			<report>
				<misses>46000001</misses>
				<total>22</total>
				<timestamp>2907.757047</timestamp>
			</report>
			<report>
				<misses>46100001</misses>
				<total>22</total>
				<timestamp>2914.070924</timestamp>
			</report>
			<report>
				<misses>46200001</misses>
				<total>23</total>
				<timestamp>2920.391395</timestamp>
			</report>
			<report>
				<misses>46300001</misses>
				<total>21</total>
				<timestamp>2926.726969</timestamp>
			</report>
			<report>
				<misses>46400001</misses>
				<total>23</total>
				<timestamp>2933.062783</timestamp>
			</report>
			<report>
				<misses>46500001</misses>
				<total>22</total>
				<timestamp>2939.397981</timestamp>
			</report>
			<report>
				<misses>46600001</misses>
				<total>23</total>
				<timestamp>2945.728449</timestamp>
			</report>
			<report>
				<misses>46700001</misses>
				<total>22</total>
				<timestamp>2952.044966</timestamp>
			</report>
			<report>
				<misses>46800001</misses>
				<total>23</total>
				<timestamp>2958.355411</timestamp>
			</report>
			<report>
				<misses>46900001</misses>
				<total>23</total>
				<timestamp>2964.679149</timestamp>
			</report>
			<report>
				<misses>47000001</misses>
				<total>22</total>
				<timestamp>2971.001041</timestamp>
			</report>
			<report>
				<misses>47100001</misses>
				<total>22</total>
				<timestamp>2977.336052</timestamp>
			</report>
			<report>
				<misses>47200001</misses>
				<total>23</total>
				<timestamp>2983.665937</timestamp>
			</report>
			<report>
				<misses>47300001</misses>
				<total>23</total>
				<timestamp>2989.986834</timestamp>
			</report>
			<report>
				<misses>47400001</misses>
				<total>23</total>
				<timestamp>2996.322380</timestamp>
			</report>
			<report>
				<misses>47500001</misses>
				<total>23</total>
				<timestamp>3002.657885</timestamp>
			</report>
			<report>
				<misses>47600001</misses>
				<total>23</total>
				<timestamp>3008.984208</timestamp>
			</report>
			<report>
				<misses>47700001</misses>
				<total>23</total>
				<timestamp>3015.305838</timestamp>
			</report>
			<report>
				<misses>47800001</misses>
				<total>23</total>
				<timestamp>3021.622196</timestamp>
			</report>
			<report>
				<misses>47900001</misses>
				<total>23</total>
				<timestamp>3027.944973</timestamp>
			</report>
			<report>
				<misses>48000001</misses>
				<total>23</total>
				<timestamp>3034.268186</timestamp>
			</report>
			<report>
				<misses>48100001</misses>
				<total>24</total>
				<timestamp>3040.603079</timestamp>
			</report>
			<report>
				<misses>48200001</misses>
				<total>23</total>
				<timestamp>3046.932507</timestamp>
			</report>
			<report>
				<misses>48300001</misses>
				<total>23</total>
				<timestamp>3053.252944</timestamp>
			</report>
			<report>
				<misses>48400001</misses>
				<total>23</total>
				<timestamp>3059.588792</timestamp>
			</report>
			<report>
				<misses>48500001</misses>
				<total>22</total>
				<timestamp>3065.916560</timestamp>
			</report>
			<report>
				<misses>48600001</misses>
				<total>23</total>
				<timestamp>3072.239489</timestamp>
			</report>
			<report>
				<misses>48700001</misses>
				<total>23</total>
				<timestamp>3078.561686</timestamp>
			</report>
			<report>
				<misses>48800001</misses>
				<total>22</total>
				<timestamp>3084.878927</timestamp>
			</report>
			<report>
				<misses>48900001</misses>
				<total>22</total>
				<timestamp>3091.209262</timestamp>
			</report>
			<report>
				<misses>49000001</misses>
				<total>23</total>
				<timestamp>3097.533855</timestamp>
			</report>
			<report>
				<misses>49100001</misses>
				<total>23</total>
				<timestamp>3103.848771</timestamp>
			</report>
			<report>
				<misses>49200001</misses>
				<total>22</total>
				<timestamp>3110.158156</timestamp>
			</report>
			<report>
				<misses>49300001</misses>
				<total>23</total>
				<timestamp>3116.480914</timestamp>
			</report>
			<report>
				<misses>49400001</misses>
				<total>23</total>
				<timestamp>3122.816147</timestamp>
			</report>
			<report>
				<misses>49500001</misses>
				<total>21</total>
				<timestamp>3129.151830</timestamp>
			</report>
			<report>
				<misses>49600001</misses>
				<total>23</total>
				<timestamp>3135.479594</timestamp>
			</report>
			<report>
				<misses>49700001</misses>
				<total>22</total>
				<timestamp>3141.800230</timestamp>
			</report>
			<report>
				<misses>49800001</misses>
				<total>23</total>
				<timestamp>3148.116964</timestamp>
			</report>
			<report>
				<misses>49900001</misses>
				<total>23</total>
				<timestamp>3154.426909</timestamp>
			</report>
			<report>
				<misses>50000001</misses>
				<total>22</total>
				<timestamp>3160.747296</timestamp>
			</report>
			<report>
				<misses>50100001</misses>
				<total>23</total>
				<timestamp>3167.082751</timestamp>
			</report>
			<report>
				<misses>50200001</misses>
				<total>22</total>
				<timestamp>3173.413122</timestamp>
			</report>
			<report>
				<misses>50300001</misses>
				<total>22</total>
				<timestamp>3179.734903</timestamp>
			</report>
			<report>
				<misses>50400001</misses>
				<total>22</total>
				<timestamp>3186.057049</timestamp>
			</report>
			<report>
				<misses>50500001</misses>
				<total>23</total>
				<timestamp>3192.392289</timestamp>
			</report>
			<report>
				<misses>50600001</misses>
				<total>22</total>
				<timestamp>3198.728624</timestamp>
			</report>
			<report>
				<misses>50700001</misses>
				<total>22</total>
				<timestamp>3205.055810</timestamp>
			</report>
			<report>
				<misses>50800001</misses>
				<total>23</total>
				<timestamp>3211.376564</timestamp>
			</report>
			<report>
				<misses>50900001</misses>
				<total>22</total>
				<timestamp>3217.699870</timestamp>
			</report>
			<report>
				<misses>51000001</misses>
				<total>22</total>
				<timestamp>3224.021619</timestamp>
			</report>
			<report>
				<misses>51100001</misses>
				<total>22</total>
				<timestamp>3230.345114</timestamp>
			</report>
			<report>
				<misses>51200001</misses>
				<total>22</total>
				<timestamp>3236.660945</timestamp>
			</report>
			<report>
				<misses>51300001</misses>
				<total>23</total>
				<timestamp>3242.990950</timestamp>
			</report>
			<report>
				<misses>51400001</misses>
				<total>22</total>
				<timestamp>3249.319958</timestamp>
			</report>
			<report>
				<misses>51500001</misses>
				<total>22</total>
				<timestamp>3255.641577</timestamp>
			</report>
			<report>
				<misses>51600001</misses>
				<total>23</total>
				<timestamp>3261.957531</timestamp>
			</report>
			<report>
				<misses>51700001</misses>
				<total>22</total>
				<timestamp>3268.280846</timestamp>
			</report>
			<report>
				<misses>51800001</misses>
				<total>22</total>
				<timestamp>3274.616222</timestamp>
			</report>
			<report>
				<misses>51900001</misses>
				<total>22</total>
				<timestamp>3280.951817</timestamp>
			</report>
			<report>
				<misses>52000001</misses>
				<total>23</total>
				<timestamp>3287.281387</timestamp>
			</report>
			<report>
				<misses>52100001</misses>
				<total>23</total>
				<timestamp>3293.602551</timestamp>
			</report>
			<report>
				<misses>52200001</misses>
				<total>23</total>
				<timestamp>3299.938367</timestamp>
			</report>
			<report>
				<misses>52300001</misses>
				<total>21</total>
				<timestamp>3306.274257</timestamp>
			</report>
			<report>
				<misses>52400001</misses>
				<total>23</total>
				<timestamp>3312.606657</timestamp>
			</report>
			<report>
				<misses>52500001</misses>
				<total>23</total>
				<timestamp>3318.927361</timestamp>
			</report>
			<report>
				<misses>52600001</misses>
				<total>23</total>
				<timestamp>3325.244012</timestamp>
			</report>
			<report>
				<misses>52700001</misses>
				<total>23</total>
				<timestamp>3331.572791</timestamp>
			</report>
			<report>
				<misses>52800001</misses>
				<total>22</total>
				<timestamp>3337.895511</timestamp>
			</report>
			<report>
				<misses>52900001</misses>
				<total>22</total>
				<timestamp>3344.231207</timestamp>
			</report>
			<report>
				<misses>53000001</misses>
				<total>22</total>
				<timestamp>3350.566366</timestamp>
			</report>
			<report>
				<misses>53100001</misses>
				<total>22</total>
				<timestamp>3356.900754</timestamp>
			</report>
			<report>
				<misses>53200001</misses>
				<total>23</total>
				<timestamp>3363.225709</timestamp>
			</report>
			<report>
				<misses>53300001</misses>
				<total>23</total>
				<timestamp>3369.543225</timestamp>
			</report>
			<report>
				<misses>53400001</misses>
				<total>21</total>
				<timestamp>3375.852790</timestamp>
			</report>
			<report>
				<misses>53500001</misses>
				<total>22</total>
				<timestamp>3382.174560</timestamp>
			</report>
			<report>
				<misses>53600001</misses>
				<total>23</total>
				<timestamp>3388.495186</timestamp>
			</report>
			<report>
				<misses>53700001</misses>
				<total>22</total>
				<timestamp>3394.831013</timestamp>
			</report>
			<report>
				<misses>53800001</misses>
				<total>23</total>
				<timestamp>3401.158710</timestamp>
			</report>
			<report>
				<misses>53900001</misses>
				<total>23</total>
				<timestamp>3407.481056</timestamp>
			</report>
			<report>
				<misses>54000001</misses>
				<total>23</total>
				<timestamp>3413.814307</timestamp>
			</report>
			<report>
				<misses>54100001</misses>
				<total>23</total>
				<timestamp>3420.143528</timestamp>
			</report>
			<report>
				<misses>54200001</misses>
				<total>23</total>
				<timestamp>3426.473958</timestamp>
			</report>
			<report>
				<misses>54300001</misses>
				<total>22</total>
				<timestamp>3432.796506</timestamp>
			</report>
			<report>
				<misses>54400001</misses>
				<total>24</total>
				<timestamp>3439.110570</timestamp>
			</report>
			<report>
				<misses>54500001</misses>
				<total>23</total>
				<timestamp>3445.420309</timestamp>
			</report>
			<report>
				<misses>54600001</misses>
				<total>23</total>
				<timestamp>3451.741568</timestamp>
			</report>
			<report>
				<misses>54700001</misses>
				<total>23</total>
				<timestamp>3458.062895</timestamp>
			</report>
			<report>
				<misses>54800001</misses>
				<total>22</total>
				<timestamp>3464.373057</timestamp>
			</report>
			<report>
				<misses>54900001</misses>
				<total>23</total>
				<timestamp>3470.694244</timestamp>
			</report>
			<report>
				<misses>55000001</misses>
				<total>22</total>
				<timestamp>3477.016465</timestamp>
			</report>
			<report>
				<misses>55100001</misses>
				<total>22</total>
				<timestamp>3483.331011</timestamp>
			</report>
			<report>
				<misses>55200001</misses>
				<total>23</total>
				<timestamp>3489.658861</timestamp>
			</report>
			<report>
				<misses>55300001</misses>
				<total>23</total>
				<timestamp>3495.985534</timestamp>
			</report>
			<report>
				<misses>55400001</misses>
				<total>23</total>
				<timestamp>3502.305723</timestamp>
			</report>
			<report>
				<misses>55500001</misses>
				<total>22</total>
				<timestamp>3508.617526</timestamp>
			</report>
			<report>
				<misses>55600001</misses>
				<total>22</total>
				<timestamp>3514.940160</timestamp>
			</report>
			<report>
				<misses>55700001</misses>
				<total>23</total>
				<timestamp>3521.276214</timestamp>
			</report>
			<report>
				<misses>55800001</misses>
				<total>21</total>
				<timestamp>3527.612178</timestamp>
			</report>
			<report>
				<misses>55900001</misses>
				<total>23</total>
				<timestamp>3533.947679</timestamp>
			</report>
			<report>
				<misses>56000001</misses>
				<total>23</total>
				<timestamp>3540.269971</timestamp>
			</report>
			<report>
				<misses>56100001</misses>
				<total>23</total>
				<timestamp>3546.584892</timestamp>
			</report>
			<report>
				<misses>56200001</misses>
				<total>22</total>
				<timestamp>3552.894554</timestamp>
			</report>
			<report>
				<misses>56300001</misses>
				<total>22</total>
				<timestamp>3559.220694</timestamp>
			</report>
			<report>
				<misses>56400001</misses>
				<total>23</total>
				<timestamp>3565.540898</timestamp>
			</report>
			<report>
				<misses>56500001</misses>
				<total>22</total>
				<timestamp>3571.851683</timestamp>
			</report>
			<report>
				<misses>56600001</misses>
				<total>23</total>
				<timestamp>3578.179073</timestamp>
			</report>
			<report>
				<misses>56700001</misses>
				<total>23</total>
				<timestamp>3584.520953</timestamp>
			</report>
			<report>
				<misses>56800001</misses>
				<total>23</total>
				<timestamp>3590.862082</timestamp>
			</report>
			<report>
				<misses>56900001</misses>
				<total>23</total>
				<timestamp>3597.194587</timestamp>
			</report>
		</query>
	</custom>
	<ethtool_statistic>
		<rx_packets>
			<start>1903490025</start>
			<end>2358524908</end>
		</rx_packets>
		<tx_packets>
			<start>1616918321</start>
			<end>2072466637</end>
		</tx_packets>
		<rx_dropped>
			<start>0</start>
			<end>0</end>
		</rx_dropped>
		<tx_dropped>
			<start>0</start>
			<end>0</end>
		</tx_dropped>
		<collisions>
			<start>0</start>
			<end>0</end>
		</collisions>
		<port_tx_errors>
			<start>0</start>
			<end>0</end>
		</port_tx_errors>
		<port_rx_dropped>
			<start>0</start>
			<end>0</end>
		</port_rx_dropped>
		<port_tx_dropped_link_down>
			<start>0</start>
			<end>0</end>
		</port_tx_dropped_link_down>
	</ethtool_statistic>
	<ip_statistic>
		<mtu>
			<start>9000</start>
			<end>9000</end>
		</mtu>
		<rx_bytes>
			<start>3889311431779</start>
			<end>7602383078647</end>
		</rx_bytes>
		<rx_packets>
			<start>1903490267</start>
			<end>2358524908</end>
		</rx_packets>
		<rx_errors>
			<start>0</start>
			<end>0</end>
		</rx_errors>
		<rx_dropped>
			<start>0</start>
			<end>0</end>
		</rx_dropped>
		<rx_missed>
			<start>0</start>
			<end>0</end>
		</rx_missed>
		<rx_mcast>
			<start>110</start>
			<end>116</end>
		</rx_mcast>
		<tx_bytes>
			<start>4056752233575</start>
			<end>7774015431501</end>
		</tx_bytes>
		<tx_packets>
			<start>1616918321</start>
			<end>2072466637</end>
		</tx_packets>
		<tx_errors>
			<start>0</start>
			<end>0</end>
		</tx_errors>
		<tx_dropped>
			<start>0</start>
			<end>0</end>
		</tx_dropped>
		<tx_carrier>
			<start>0</start>
			<end>0</end>
		</tx_carrier>
		<tx_collisions>
			<start>0</start>
			<end>0</end>
		</tx_collisions>
	</ip_statistic>
	<netstat_statistic>
		<udp_pkg_rec>
			<start>1626088598</start>
			<end>1682969245</end>
		</udp_pkg_rec>
		<udp_pkg_snt>
			<start>1616856279</start>
			<end>1673801094</end>
		</udp_pkg_snt>
		<udp_rec_err>
			<start>0</start>
			<end>0</end>
		</udp_rec_err>
		<udp_rec_buf_err>
			<start>0</start>
			<end>0</end>
		</udp_rec_buf_err>
		<udp_snt_buf_err>
			<start>0</start>
			<end>0</end>
		</udp_snt_buf_err>
	</netstat_statistic>
</test_results>
