<?xml version="1.0"?>
<test_results>
	<status>STATUS_SUCCESS</status>
	<custom>
		<num_loss>0</num_loss>
		<num_total>28799782</num_total>
		<num_misses>14</num_misses>
		<elapsed_time>7199.942005</elapsed_time>
	</custom>
	<ethtool_statistic>
		<rx_packets>
			<start>15399578536</start>
			<end>15691444212</end>
		</rx_packets>
		<tx_packets>
			<start>20841120950</start>
			<end>21272822943</end>
		</tx_packets>
		<rx_dropped>
			<start>0</start>
			<end>0</end>
		</rx_dropped>
		<tx_dropped>
			<start>0</start>
			<end>0</end>
		</tx_dropped>
		<collisions>
			<start>0</start>
			<end>0</end>
		</collisions>
		<port_tx_errors>
			<start>-1</start>
			<end>-1</end>
		</port_tx_errors>
		<port_rx_dropped>
			<start>-1</start>
			<end>-1</end>
		</port_rx_dropped>
		<port_tx_dropped_link_down>
			<start>-1</start>
			<end>-1</end>
		</port_tx_dropped_link_down>
	</ethtool_statistic>
	<ip_statistic>
		<mtu>
			<start>9000</start>
			<end>9000</end>
		</mtu>
		<rx_bytes>
			<start>138396675952888</start>
			<end>141020524905104</end>
		</rx_bytes>
		<rx_packets>
			<start>15399578612</start>
			<end>15691444337</end>
		</rx_packets>
		<rx_errors>
			<start>0</start>
			<end>0</end>
		</rx_errors>
		<rx_dropped>
			<start>0</start>
			<end>0</end>
		</rx_dropped>
		<rx_missed>
			<start>1944</start>
			<end>1944</end>
		</rx_missed>
		<rx_mcast>
			<start>10013</start>
			<end>10172</end>
		</rx_mcast>
		<tx_bytes>
			<start>169670529545859</start>
			<end>173360281431426</end>
		</tx_bytes>
		<tx_packets>
			<start>20841121083</start>
			<end>21272822998</end>
		</tx_packets>
		<tx_errors>
			<start>0</start>
			<end>0</end>
		</tx_errors>
		<tx_dropped>
			<start>0</start>
			<end>0</end>
		</tx_dropped>
		<tx_carrier>
			<start>0</start>
			<end>0</end>
		</tx_carrier>
		<tx_collisions>
			<start>0</start>
			<end>0</end>
		</tx_collisions>
	</ip_statistic>
</test_results>
