<?xml version="1.0"?>
<test_results>
	<status>STATUS_SUCCESS</status>
	<custom>
		<num_loss>51</num_loss>
		<num_total>8300001</num_total>
		<num_misses>20</num_misses>
		<elapsed_time>1327.990116</elapsed_time>
		<query>
			<report>
				<misses>100000</misses>
				<total>1</total>
				<timestamp>15.999946</timestamp>
			</report>
			<report>
				<misses>200000</misses>
				<total>5</total>
				<timestamp>31.999774</timestamp>
			</report>
			<report>
				<misses>300000</misses>
				<total>5</total>
				<timestamp>47.999683</timestamp>
			</report>
			<report>
				<misses>400000</misses>
				<total>7</total>
				<timestamp>63.999452</timestamp>
			</report>
			<report>
				<misses>500000</misses>
				<total>7</total>
				<timestamp>79.999301</timestamp>
			</report>
			<report>
				<misses>600000</misses>
				<total>9</total>
				<timestamp>95.999157</timestamp>
			</report>
			<report>
				<misses>700000</misses>
				<total>9</total>
				<timestamp>111.998970</timestamp>
			</report>
			<report>
				<misses>800000</misses>
				<total>9</total>
				<timestamp>127.998820</timestamp>
			</report>
			<report>
				<misses>900000</misses>
				<total>10</total>
				<timestamp>143.998646</timestamp>
			</report>
			<report>
				<misses>1000000</misses>
				<total>10</total>
				<timestamp>159.998523</timestamp>
			</report>
			<report>
				<misses>1100000</misses>
				<total>10</total>
				<timestamp>175.998341</timestamp>
			</report>
			<report>
				<misses>1200000</misses>
				<total>10</total>
				<timestamp>191.998176</timestamp>
			</report>
			<report>
				<misses>1300000</misses>
				<total>14</total>
				<timestamp>207.998016</timestamp>
			</report>
			<report>
				<misses>1400000</misses>
				<total>15</total>
				<timestamp>223.998505</timestamp>
			</report>
			<report>
				<misses>1500000</misses>
				<total>15</total>
				<timestamp>239.998347</timestamp>
			</report>
			<report>
				<misses>1600000</misses>
				<total>15</total>
				<timestamp>255.998175</timestamp>
			</report>
			<report>
				<misses>1700000</misses>
				<total>15</total>
				<timestamp>271.998338</timestamp>
			</report>
			<report>
				<misses>1800000</misses>
				<total>15</total>
				<timestamp>287.998340</timestamp>
			</report>
			<report>
				<misses>1900000</misses>
				<total>15</total>
				<timestamp>303.998175</timestamp>
			</report>
			<report>
				<misses>2000000</misses>
				<total>15</total>
				<timestamp>319.998010</timestamp>
			</report>
			<report>
				<misses>2100000</misses>
				<total>16</total>
				<timestamp>335.998186</timestamp>
			</report>
			<report>
				<misses>2200000</misses>
				<total>16</total>
				<timestamp>351.998026</timestamp>
			</report>
			<report>
				<misses>2300000</misses>
				<total>16</total>
				<timestamp>367.997857</timestamp>
			</report>
			<report>
				<misses>2400000</misses>
				<total>16</total>
				<timestamp>383.997722</timestamp>
			</report>
			<report>
				<misses>2500000</misses>
				<total>16</total>
				<timestamp>399.997539</timestamp>
			</report>
			<report>
				<misses>2600000</misses>
				<total>17</total>
				<timestamp>415.997530</timestamp>
			</report>
			<report>
				<misses>2700000</misses>
				<total>17</total>
				<timestamp>431.997398</timestamp>
			</report>
			<report>
				<misses>2800000</misses>
				<total>17</total>
				<timestamp>447.997245</timestamp>
			</report>
			<report>
				<misses>2900000</misses>
				<total>19</total>
				<timestamp>463.997284</timestamp>
			</report>
			<report>
				<misses>3000000</misses>
				<total>19</total>
				<timestamp>479.997048</timestamp>
			</report>
			<report>
				<misses>3100000</misses>
				<total>19</total>
				<timestamp>495.996901</timestamp>
			</report>
			<report>
				<misses>3200000</misses>
				<total>19</total>
				<timestamp>511.996922</timestamp>
			</report>
			<report>
				<misses>3300000</misses>
				<total>19</total>
				<timestamp>527.996738</timestamp>
			</report>
			<report>
				<misses>3400000</misses>
				<total>21</total>
				<timestamp>543.996576</timestamp>
			</report>
			<report>
				<misses>3500000</misses>
				<total>21</total>
				<timestamp>559.996492</timestamp>
			</report>
			<report>
				<misses>3600000</misses>
				<total>21</total>
				<timestamp>575.996440</timestamp>
			</report>
			<report>
				<misses>3700000</misses>
				<total>22</total>
				<timestamp>591.996256</timestamp>
			</report>
			<report>
				<misses>3800000</misses>
				<total>25</total>
				<timestamp>607.996095</timestamp>
			</report>
			<report>
				<misses>3900000</misses>
				<total>26</total>
				<timestamp>623.995927</timestamp>
			</report>
			<report>
				<misses>4000000</misses>
				<total>26</total>
				<timestamp>639.995779</timestamp>
			</report>
			<report>
				<misses>4100000</misses>
				<total>28</total>
				<timestamp>655.995643</timestamp>
			</report>
			<report>
				<misses>4200000</misses>
				<total>28</total>
				<timestamp>671.995453</timestamp>
			</report>
			<report>
				<misses>4300000</misses>
				<total>29</total>
				<timestamp>687.995309</timestamp>
			</report>
			<report>
				<misses>4400000</misses>
				<total>29</total>
				<timestamp>703.995295</timestamp>
			</report>
			<report>
				<misses>4500000</misses>
				<total>29</total>
				<timestamp>719.995300</timestamp>
			</report>
			<report>
				<misses>4600000</misses>
				<total>29</total>
				<timestamp>735.995314</timestamp>
			</report>
			<report>
				<misses>4700000</misses>
				<total>29</total>
				<timestamp>751.995186</timestamp>
			</report>
			<report>
				<misses>4800000</misses>
				<total>29</total>
				<timestamp>767.995153</timestamp>
			</report>
			<report>
				<misses>4900000</misses>
				<total>30</total>
				<timestamp>783.994977</timestamp>
			</report>
			<report>
				<misses>5000000</misses>
				<total>31</total>
				<timestamp>799.994808</timestamp>
			</report>
			<report>
				<misses>5100000</misses>
				<total>32</total>
				<timestamp>815.994662</timestamp>
			</report>
			<report>
				<misses>5200000</misses>
				<total>35</total>
				<timestamp>831.994511</timestamp>
			</report>
			<report>
				<misses>5300000</misses>
				<total>35</total>
				<timestamp>847.994347</timestamp>
			</report>
			<report>
				<misses>5400000</misses>
				<total>35</total>
				<timestamp>863.994234</timestamp>
			</report>
			<report>
				<misses>5500000</misses>
				<total>37</total>
				<timestamp>879.994009</timestamp>
			</report>
			<report>
				<misses>5600000</misses>
				<total>38</total>
				<timestamp>895.994013</timestamp>
			</report>
			<report>
				<misses>5700000</misses>
				<total>38</total>
				<timestamp>911.993852</timestamp>
			</report>
			<report>
				<misses>5800000</misses>
				<total>40</total>
				<timestamp>927.993866</timestamp>
			</report>
			<report>
				<misses>5900000</misses>
				<total>40</total>
				<timestamp>943.993715</timestamp>
			</report>
			<report>
				<misses>6000000</misses>
				<total>40</total>
				<timestamp>959.993560</timestamp>
			</report>
			<report>
				<misses>6100000</misses>
				<total>41</total>
				<timestamp>975.993372</timestamp>
			</report>
			<report>
				<misses>6200000</misses>
				<total>41</total>
				<timestamp>991.993225</timestamp>
			</report>
			<report>
				<misses>6300000</misses>
				<total>42</total>
				<timestamp>1007.993081</timestamp>
			</report>
			<report>
				<misses>6400000</misses>
				<total>42</total>
				<timestamp>1023.992897</timestamp>
			</report>
			<report>
				<misses>6500000</misses>
				<total>42</total>
				<timestamp>1039.992735</timestamp>
			</report>
			<report>
				<misses>6600000</misses>
				<total>44</total>
				<timestamp>1055.992586</timestamp>
			</report>
			<report>
				<misses>6700000</misses>
				<total>45</total>
				<timestamp>1071.992437</timestamp>
			</report>
			<report>
				<misses>6800000</misses>
				<total>45</total>
				<timestamp>1087.992438</timestamp>
			</report>
			<report>
				<misses>6900000</misses>
				<total>45</total>
				<timestamp>1103.992270</timestamp>
			</report>
			<report>
				<misses>7000000</misses>
				<total>45</total>
				<timestamp>1119.992091</timestamp>
			</report>
			<report>
				<misses>7100000</misses>
				<total>46</total>
				<timestamp>1135.991945</timestamp>
			</report>
			<report>
				<misses>7200000</misses>
				<total>46</total>
				<timestamp>1151.991777</timestamp>
			</report>
			<report>
				<misses>7300000</misses>
				<total>46</total>
				<timestamp>1167.991626</timestamp>
			</report>
			<report>
				<misses>7400000</misses>
				<total>46</total>
				<timestamp>1183.991480</timestamp>
			</report>
			<report>
				<misses>7500000</misses>
				<total>46</total>
				<timestamp>1199.991298</timestamp>
			</report>
			<report>
				<misses>7600000</misses>
				<total>47</total>
				<timestamp>1215.991136</timestamp>
			</report>
			<report>
				<misses>7700000</misses>
				<total>49</total>
				<timestamp>1231.990968</timestamp>
			</report>
			<report>
				<misses>7800000</misses>
				<total>49</total>
				<timestamp>1247.990829</timestamp>
			</report>
			<report>
				<misses>7900000</misses>
				<total>49</total>
				<timestamp>1263.990691</timestamp>
			</report>
			<report>
				<misses>8000000</misses>
				<total>49</total>
				<timestamp>1279.990486</timestamp>
			</report>
			<report>
				<misses>8100000</misses>
				<total>49</total>
				<timestamp>1295.990336</timestamp>
			</report>
			<report>
				<misses>8200000</misses>
				<total>50</total>
				<timestamp>1311.990222</timestamp>
			</report>
			<report>
				<misses>8300000</misses>
				<total>51</total>
				<timestamp>1327.990088</timestamp>
			</report>
		</query>
	</custom>
	<ethtool_statistic>
		<rx_packets>
			<start>2989585132</start>
			<end>3051638985</end>
		</rx_packets>
		<tx_packets>
			<start>3291693703</start>
			<end>3337234304</end>
		</tx_packets>
		<rx_dropped>
			<start>0</start>
			<end>0</end>
		</rx_dropped>
		<tx_dropped>
			<start>0</start>
			<end>0</end>
		</tx_dropped>
		<collisions>
			<start>0</start>
			<end>0</end>
		</collisions>
		<port_tx_errors>
			<start>0</start>
			<end>0</end>
		</port_tx_errors>
		<port_rx_dropped>
			<start>0</start>
			<end>0</end>
		</port_rx_dropped>
		<port_tx_dropped_link_down>
			<start>0</start>
			<end>0</end>
		</port_tx_dropped_link_down>
	</ethtool_statistic>
	<ip_statistic>
		<mtu>
			<start>9000</start>
			<end>9000</end>
		</mtu>
		<rx_bytes>
			<start>26875394736097</start>
			<end>27433251721019</end>
		</rx_bytes>
		<rx_packets>
			<start>2989585217</start>
			<end>3051639025</end>
		</rx_packets>
		<rx_errors>
			<start>0</start>
			<end>0</end>
		</rx_errors>
		<rx_dropped>
			<start>0</start>
			<end>0</end>
		</rx_dropped>
		<rx_missed>
			<start>0</start>
			<end>0</end>
		</rx_missed>
		<rx_mcast>
			<start>597</start>
			<end>624</end>
		</rx_mcast>
		<tx_bytes>
			<start>17709382178410</start>
			<end>18118388415238</end>
		</tx_bytes>
		<tx_packets>
			<start>3291693759</start>
			<end>3337234360</end>
		</tx_packets>
		<tx_errors>
			<start>0</start>
			<end>0</end>
		</tx_errors>
		<tx_dropped>
			<start>0</start>
			<end>0</end>
		</tx_dropped>
		<tx_carrier>
			<start>0</start>
			<end>0</end>
		</tx_carrier>
		<tx_collisions>
			<start>0</start>
			<end>0</end>
		</tx_collisions>
	</ip_statistic>
	<netstat_statistic>
		<udp_pkg_rec>
			<start>2819499881</start>
			<end>2878701410</end>
		</udp_pkg_rec>
		<udp_pkg_snt>
			<start>3291975188</start>
			<end>3337525853</end>
		</udp_pkg_snt>
		<udp_rec_err>
			<start>170348951</start>
			<end>173207818</end>
		</udp_rec_err>
		<udp_rec_buf_err>
			<start>170348951</start>
			<end>173207818</end>
		</udp_rec_buf_err>
		<udp_snt_buf_err>
			<start>0</start>
			<end>0</end>
		</udp_snt_buf_err>
	</netstat_statistic>
</test_results>
