<?xml version="1.0"?>
<test_results>
	<status>STATUS_SUCCESS</status>
	<custom>
		<num_loss>0</num_loss>
		<num_total>119970802</num_total>
		<num_misses>20632</num_misses>
		<elapsed_time>7199.414105</elapsed_time>
		<query>
			<report>
				<misses>100000</misses>
				<total>2</total>
				<timestamp>6.001207</timestamp>
			</report>
			<report>
				<misses>200000</misses>
				<total>1</total>
				<timestamp>12.002833</timestamp>
			</report>
			<report>
				<misses>300000</misses>
				<total>1</total>
				<timestamp>18.003915</timestamp>
			</report>
			<report>
				<misses>400000</misses>
				<total>1</total>
				<timestamp>24.006235</timestamp>
			</report>
			<report>
				<misses>500000</misses>
				<total>1</total>
				<timestamp>30.007017</timestamp>
			</report>
			<report>
				<misses>600000</misses>
				<total>1</total>
				<timestamp>36.008632</timestamp>
			</report>
			<report>
				<misses>700000</misses>
				<total>1</total>
				<timestamp>42.009711</timestamp>
			</report>
			<report>
				<misses>800000</misses>
				<total>0</total>
				<timestamp>48.010997</timestamp>
			</report>
			<report>
				<misses>900000</misses>
				<total>0</total>
				<timestamp>54.011902</timestamp>
			</report>
			<report>
				<misses>1000000</misses>
				<total>1</total>
				<timestamp>60.012792</timestamp>
			</report>
			<report>
				<misses>1100000</misses>
				<total>1</total>
				<timestamp>66.013947</timestamp>
			</report>
			<report>
				<misses>1200000</misses>
				<total>1</total>
				<timestamp>72.014698</timestamp>
			</report>
			<report>
				<misses>1300000</misses>
				<total>1</total>
				<timestamp>78.016107</timestamp>
			</report>
			<report>
				<misses>1400000</misses>
				<total>2</total>
				<timestamp>84.017276</timestamp>
			</report>
			<report>
				<misses>1500000</misses>
				<total>1</total>
				<timestamp>90.017643</timestamp>
			</report>
			<report>
				<misses>1600000</misses>
				<total>1</total>
				<timestamp>96.018436</timestamp>
			</report>
			<report>
				<misses>1700000</misses>
				<total>1</total>
				<timestamp>102.019888</timestamp>
			</report>
			<report>
				<misses>1800000</misses>
				<total>2</total>
				<timestamp>108.020659</timestamp>
			</report>
			<report>
				<misses>1900000</misses>
				<total>1</total>
				<timestamp>114.021933</timestamp>
			</report>
			<report>
				<misses>2000000</misses>
				<total>1</total>
				<timestamp>120.022587</timestamp>
			</report>
			<report>
				<misses>2100000</misses>
				<total>1</total>
				<timestamp>126.023164</timestamp>
			</report>
			<report>
				<misses>2200000</misses>
				<total>2</total>
				<timestamp>132.024106</timestamp>
			</report>
			<report>
				<misses>2300000</misses>
				<total>2</total>
				<timestamp>138.025775</timestamp>
			</report>
			<report>
				<misses>2400000</misses>
				<total>1</total>
				<timestamp>144.026919</timestamp>
			</report>
			<report>
				<misses>2500000</misses>
				<total>1</total>
				<timestamp>150.027488</timestamp>
			</report>
			<report>
				<misses>2600000</misses>
				<total>1</total>
				<timestamp>156.028749</timestamp>
			</report>
			<report>
				<misses>2700000</misses>
				<total>2</total>
				<timestamp>162.029840</timestamp>
			</report>
			<report>
				<misses>2800000</misses>
				<total>1</total>
				<timestamp>168.030302</timestamp>
			</report>
			<report>
				<misses>2900000</misses>
				<total>1</total>
				<timestamp>174.031438</timestamp>
			</report>
			<report>
				<misses>3000000</misses>
				<total>2</total>
				<timestamp>180.032809</timestamp>
			</report>
			<report>
				<misses>3100000</misses>
				<total>1</total>
				<timestamp>186.033983</timestamp>
			</report>
			<report>
				<misses>3200000</misses>
				<total>1</total>
				<timestamp>192.034966</timestamp>
			</report>
			<report>
				<misses>3300000</misses>
				<total>1</total>
				<timestamp>198.035640</timestamp>
			</report>
			<report>
				<misses>3400000</misses>
				<total>1</total>
				<timestamp>204.037022</timestamp>
			</report>
			<report>
				<misses>3500000</misses>
				<total>1</total>
				<timestamp>210.037831</timestamp>
			</report>
			<report>
				<misses>3600000</misses>
				<total>1</total>
				<timestamp>216.038408</timestamp>
			</report>
			<report>
				<misses>3700000</misses>
				<total>2</total>
				<timestamp>222.039432</timestamp>
			</report>
			<report>
				<misses>3800000</misses>
				<total>1</total>
				<timestamp>228.040554</timestamp>
			</report>
			<report>
				<misses>3900000</misses>
				<total>2</total>
				<timestamp>234.041065</timestamp>
			</report>
			<report>
				<misses>4000000</misses>
				<total>2</total>
				<timestamp>240.042568</timestamp>
			</report>
			<report>
				<misses>4100000</misses>
				<total>1</total>
				<timestamp>246.043254</timestamp>
			</report>
			<report>
				<misses>4200000</misses>
				<total>1</total>
				<timestamp>252.044046</timestamp>
			</report>
			<report>
				<misses>4300000</misses>
				<total>2</total>
				<timestamp>258.044949</timestamp>
			</report>
			<report>
				<misses>4400000</misses>
				<total>1</total>
				<timestamp>264.045678</timestamp>
			</report>
			<report>
				<misses>4500000</misses>
				<total>1</total>
				<timestamp>270.046197</timestamp>
			</report>
			<report>
				<misses>4600000</misses>
				<total>1</total>
				<timestamp>276.046916</timestamp>
			</report>
			<report>
				<misses>4700000</misses>
				<total>1</total>
				<timestamp>282.047221</timestamp>
			</report>
			<report>
				<misses>4800000</misses>
				<total>1</total>
				<timestamp>288.048011</timestamp>
			</report>
			<report>
				<misses>4900000</misses>
				<total>1</total>
				<timestamp>294.049186</timestamp>
			</report>
			<report>
				<misses>5000000</misses>
				<total>1</total>
				<timestamp>300.049875</timestamp>
			</report>
			<report>
				<misses>5100000</misses>
				<total>2</total>
				<timestamp>306.050078</timestamp>
			</report>
			<report>
				<misses>5200000</misses>
				<total>2</total>
				<timestamp>312.051399</timestamp>
			</report>
			<report>
				<misses>5300000</misses>
				<total>1</total>
				<timestamp>318.052515</timestamp>
			</report>
			<report>
				<misses>5400000</misses>
				<total>2</total>
				<timestamp>324.053927</timestamp>
			</report>
			<report>
				<misses>5500000</misses>
				<total>1</total>
				<timestamp>330.054741</timestamp>
			</report>
			<report>
				<misses>5600000</misses>
				<total>0</total>
				<timestamp>336.055886</timestamp>
			</report>
			<report>
				<misses>5700000</misses>
				<total>1</total>
				<timestamp>342.056313</timestamp>
			</report>
			<report>
				<misses>5800000</misses>
				<total>1</total>
				<timestamp>348.057525</timestamp>
			</report>
			<report>
				<misses>5900000</misses>
				<total>1</total>
				<timestamp>354.058299</timestamp>
			</report>
			<report>
				<misses>6000000</misses>
				<total>1</total>
				<timestamp>360.059242</timestamp>
			</report>
			<report>
				<misses>6100000</misses>
				<total>0</total>
				<timestamp>366.060492</timestamp>
			</report>
			<report>
				<misses>6200000</misses>
				<total>1</total>
				<timestamp>372.060620</timestamp>
			</report>
			<report>
				<misses>6300000</misses>
				<total>1</total>
				<timestamp>378.061577</timestamp>
			</report>
			<report>
				<misses>6400000</misses>
				<total>2</total>
				<timestamp>384.063074</timestamp>
			</report>
			<report>
				<misses>6500000</misses>
				<total>1</total>
				<timestamp>390.063476</timestamp>
			</report>
			<report>
				<misses>6600000</misses>
				<total>2</total>
				<timestamp>396.065284</timestamp>
			</report>
			<report>
				<misses>6700000</misses>
				<total>2</total>
				<timestamp>402.065999</timestamp>
			</report>
			<report>
				<misses>6800000</misses>
				<total>2</total>
				<timestamp>408.066621</timestamp>
			</report>
			<report>
				<misses>6900000</misses>
				<total>1</total>
				<timestamp>414.067311</timestamp>
			</report>
			<report>
				<misses>7000000</misses>
				<total>0</total>
				<timestamp>420.068518</timestamp>
			</report>
			<report>
				<misses>7100000</misses>
				<total>0</total>
				<timestamp>426.069705</timestamp>
			</report>
			<report>
				<misses>7200000</misses>
				<total>1</total>
				<timestamp>432.070856</timestamp>
			</report>
			<report>
				<misses>7300000</misses>
				<total>1</total>
				<timestamp>438.071582</timestamp>
			</report>
			<report>
				<misses>7400000</misses>
				<total>2</total>
				<timestamp>444.071901</timestamp>
			</report>
			<report>
				<misses>7500000</misses>
				<total>2</total>
				<timestamp>450.073808</timestamp>
			</report>
			<report>
				<misses>7600000</misses>
				<total>2</total>
				<timestamp>456.075368</timestamp>
			</report>
			<report>
				<misses>7700000</misses>
				<total>1</total>
				<timestamp>462.076519</timestamp>
			</report>
			<report>
				<misses>7800000</misses>
				<total>0</total>
				<timestamp>468.077114</timestamp>
			</report>
			<report>
				<misses>7900000</misses>
				<total>1</total>
				<timestamp>474.078650</timestamp>
			</report>
			<report>
				<misses>8000000</misses>
				<total>2</total>
				<timestamp>480.079512</timestamp>
			</report>
			<report>
				<misses>8100000</misses>
				<total>2</total>
				<timestamp>486.080944</timestamp>
			</report>
			<report>
				<misses>8200000</misses>
				<total>1</total>
				<timestamp>492.081326</timestamp>
			</report>
			<report>
				<misses>8300000</misses>
				<total>1</total>
				<timestamp>498.082382</timestamp>
			</report>
			<report>
				<misses>8400000</misses>
				<total>1</total>
				<timestamp>504.083373</timestamp>
			</report>
			<report>
				<misses>8500000</misses>
				<total>1</total>
				<timestamp>510.084268</timestamp>
			</report>
			<report>
				<misses>8600000</misses>
				<total>1</total>
				<timestamp>516.085424</timestamp>
			</report>
			<report>
				<misses>8700000</misses>
				<total>1</total>
				<timestamp>522.086643</timestamp>
			</report>
			<report>
				<misses>8800000</misses>
				<total>0</total>
				<timestamp>528.087056</timestamp>
			</report>
			<report>
				<misses>8900000</misses>
				<total>1</total>
				<timestamp>534.088312</timestamp>
			</report>
			<report>
				<misses>9000000</misses>
				<total>0</total>
				<timestamp>540.089439</timestamp>
			</report>
			<report>
				<misses>9100000</misses>
				<total>1</total>
				<timestamp>546.089982</timestamp>
			</report>
			<report>
				<misses>9200000</misses>
				<total>1</total>
				<timestamp>552.090913</timestamp>
			</report>
			<report>
				<misses>9300000</misses>
				<total>1</total>
				<timestamp>558.091550</timestamp>
			</report>
			<report>
				<misses>9400000</misses>
				<total>3</total>
				<timestamp>564.091908</timestamp>
			</report>
			<report>
				<misses>9500000</misses>
				<total>1</total>
				<timestamp>570.093174</timestamp>
			</report>
			<report>
				<misses>9600000</misses>
				<total>2</total>
				<timestamp>576.093725</timestamp>
			</report>
			<report>
				<misses>9700000</misses>
				<total>0</total>
				<timestamp>582.094188</timestamp>
			</report>
			<report>
				<misses>9800000</misses>
				<total>1</total>
				<timestamp>588.095758</timestamp>
			</report>
			<report>
				<misses>9900000</misses>
				<total>1</total>
				<timestamp>594.097405</timestamp>
			</report>
			<report>
				<misses>10000000</misses>
				<total>1</total>
				<timestamp>600.098700</timestamp>
			</report>
			<report>
				<misses>10100000</misses>
				<total>0</total>
				<timestamp>606.099107</timestamp>
			</report>
			<report>
				<misses>10200000</misses>
				<total>2</total>
				<timestamp>612.100284</timestamp>
			</report>
			<report>
				<misses>10300000</misses>
				<total>1</total>
				<timestamp>618.101443</timestamp>
			</report>
			<report>
				<misses>10400000</misses>
				<total>1</total>
				<timestamp>624.102299</timestamp>
			</report>
			<report>
				<misses>10500000</misses>
				<total>2</total>
				<timestamp>630.102665</timestamp>
			</report>
			<report>
				<misses>10600000</misses>
				<total>1</total>
				<timestamp>636.104093</timestamp>
			</report>
			<report>
				<misses>10700000</misses>
				<total>1</total>
				<timestamp>642.104818</timestamp>
			</report>
			<report>
				<misses>10800000</misses>
				<total>1</total>
				<timestamp>648.105376</timestamp>
			</report>
			<report>
				<misses>10900000</misses>
				<total>2</total>
				<timestamp>654.106423</timestamp>
			</report>
			<report>
				<misses>11000000</misses>
				<total>1</total>
				<timestamp>660.108002</timestamp>
			</report>
			<report>
				<misses>11100000</misses>
				<total>1</total>
				<timestamp>666.109625</timestamp>
			</report>
			<report>
				<misses>11200000</misses>
				<total>1</total>
				<timestamp>672.110716</timestamp>
			</report>
			<report>
				<misses>11300000</misses>
				<total>2</total>
				<timestamp>678.111554</timestamp>
			</report>
			<report>
				<misses>11400000</misses>
				<total>2</total>
				<timestamp>684.111938</timestamp>
			</report>
			<report>
				<misses>11500000</misses>
				<total>2</total>
				<timestamp>690.112775</timestamp>
			</report>
			<report>
				<misses>11600000</misses>
				<total>2</total>
				<timestamp>696.114477</timestamp>
			</report>
			<report>
				<misses>11700000</misses>
				<total>1</total>
				<timestamp>702.115395</timestamp>
			</report>
			<report>
				<misses>11800000</misses>
				<total>1</total>
				<timestamp>708.116275</timestamp>
			</report>
			<report>
				<misses>11900000</misses>
				<total>0</total>
				<timestamp>714.118337</timestamp>
			</report>
			<report>
				<misses>12000000</misses>
				<total>2</total>
				<timestamp>720.119721</timestamp>
			</report>
			<report>
				<misses>12100000</misses>
				<total>2</total>
				<timestamp>726.120595</timestamp>
			</report>
			<report>
				<misses>12200000</misses>
				<total>1</total>
				<timestamp>732.121915</timestamp>
			</report>
			<report>
				<misses>12300000</misses>
				<total>1</total>
				<timestamp>738.122953</timestamp>
			</report>
			<report>
				<misses>12400000</misses>
				<total>1</total>
				<timestamp>744.123386</timestamp>
			</report>
			<report>
				<misses>12500000</misses>
				<total>2</total>
				<timestamp>750.123970</timestamp>
			</report>
			<report>
				<misses>12600000</misses>
				<total>2</total>
				<timestamp>756.125088</timestamp>
			</report>
			<report>
				<misses>12700000</misses>
				<total>2</total>
				<timestamp>762.125446</timestamp>
			</report>
			<report>
				<misses>12800000</misses>
				<total>1</total>
				<timestamp>768.126269</timestamp>
			</report>
			<report>
				<misses>12900000</misses>
				<total>2</total>
				<timestamp>774.127920</timestamp>
			</report>
			<report>
				<misses>13000000</misses>
				<total>1</total>
				<timestamp>780.128396</timestamp>
			</report>
			<report>
				<misses>13100000</misses>
				<total>1</total>
				<timestamp>786.130151</timestamp>
			</report>
			<report>
				<misses>13200000</misses>
				<total>1</total>
				<timestamp>792.130999</timestamp>
			</report>
			<report>
				<misses>13300000</misses>
				<total>1</total>
				<timestamp>798.132101</timestamp>
			</report>
			<report>
				<misses>13400000</misses>
				<total>1</total>
				<timestamp>804.132734</timestamp>
			</report>
			<report>
				<misses>13500000</misses>
				<total>1</total>
				<timestamp>810.133257</timestamp>
			</report>
			<report>
				<misses>13600000</misses>
				<total>1</total>
				<timestamp>816.133833</timestamp>
			</report>
			<report>
				<misses>13700000</misses>
				<total>2</total>
				<timestamp>822.134862</timestamp>
			</report>
			<report>
				<misses>13800000</misses>
				<total>0</total>
				<timestamp>828.135320</timestamp>
			</report>
			<report>
				<misses>13900000</misses>
				<total>1</total>
				<timestamp>834.135992</timestamp>
			</report>
			<report>
				<misses>14000000</misses>
				<total>2</total>
				<timestamp>840.137104</timestamp>
			</report>
			<report>
				<misses>14100000</misses>
				<total>2</total>
				<timestamp>846.137748</timestamp>
			</report>
			<report>
				<misses>14200000</misses>
				<total>2</total>
				<timestamp>852.138719</timestamp>
			</report>
			<report>
				<misses>14300000</misses>
				<total>0</total>
				<timestamp>858.140124</timestamp>
			</report>
			<report>
				<misses>14400000</misses>
				<total>1</total>
				<timestamp>864.140834</timestamp>
			</report>
			<report>
				<misses>14500000</misses>
				<total>2</total>
				<timestamp>870.141903</timestamp>
			</report>
			<report>
				<misses>14600000</misses>
				<total>1</total>
				<timestamp>876.143059</timestamp>
			</report>
			<report>
				<misses>14700000</misses>
				<total>1</total>
				<timestamp>882.144148</timestamp>
			</report>
			<report>
				<misses>14800000</misses>
				<total>2</total>
				<timestamp>888.145089</timestamp>
			</report>
			<report>
				<misses>14900000</misses>
				<total>1</total>
				<timestamp>894.145753</timestamp>
			</report>
			<report>
				<misses>15000000</misses>
				<total>1</total>
				<timestamp>900.146260</timestamp>
			</report>
			<report>
				<misses>15100000</misses>
				<total>1</total>
				<timestamp>906.147187</timestamp>
			</report>
			<report>
				<misses>15200000</misses>
				<total>1</total>
				<timestamp>912.148057</timestamp>
			</report>
			<report>
				<misses>15300000</misses>
				<total>1</total>
				<timestamp>918.149337</timestamp>
			</report>
			<report>
				<misses>15400000</misses>
				<total>2</total>
				<timestamp>924.150311</timestamp>
			</report>
			<report>
				<misses>15500000</misses>
				<total>1</total>
				<timestamp>930.150690</timestamp>
			</report>
			<report>
				<misses>15600000</misses>
				<total>0</total>
				<timestamp>936.151804</timestamp>
			</report>
			<report>
				<misses>15700000</misses>
				<total>1</total>
				<timestamp>942.153185</timestamp>
			</report>
			<report>
				<misses>15800000</misses>
				<total>2</total>
				<timestamp>948.154191</timestamp>
			</report>
			<report>
				<misses>15900000</misses>
				<total>0</total>
				<timestamp>954.154568</timestamp>
			</report>
			<report>
				<misses>16000000</misses>
				<total>1</total>
				<timestamp>960.155469</timestamp>
			</report>
			<report>
				<misses>16100000</misses>
				<total>1</total>
				<timestamp>966.155796</timestamp>
			</report>
			<report>
				<misses>16200000</misses>
				<total>2</total>
				<timestamp>972.156652</timestamp>
			</report>
			<report>
				<misses>16300000</misses>
				<total>1</total>
				<timestamp>978.158591</timestamp>
			</report>
			<report>
				<misses>16400000</misses>
				<total>1</total>
				<timestamp>984.159640</timestamp>
			</report>
			<report>
				<misses>16500000</misses>
				<total>1</total>
				<timestamp>990.160676</timestamp>
			</report>
			<report>
				<misses>16600000</misses>
				<total>1</total>
				<timestamp>996.162184</timestamp>
			</report>
			<report>
				<misses>16700000</misses>
				<total>2</total>
				<timestamp>1002.162899</timestamp>
			</report>
			<report>
				<misses>16800000</misses>
				<total>1</total>
				<timestamp>1008.164870</timestamp>
			</report>
			<report>
				<misses>16900000</misses>
				<total>2</total>
				<timestamp>1014.165668</timestamp>
			</report>
			<report>
				<misses>17000000</misses>
				<total>0</total>
				<timestamp>1020.166817</timestamp>
			</report>
			<report>
				<misses>17100000</misses>
				<total>2</total>
				<timestamp>1026.167774</timestamp>
			</report>
			<report>
				<misses>17200000</misses>
				<total>1</total>
				<timestamp>1032.167976</timestamp>
			</report>
			<report>
				<misses>17300000</misses>
				<total>2</total>
				<timestamp>1038.169266</timestamp>
			</report>
			<report>
				<misses>17400000</misses>
				<total>1</total>
				<timestamp>1044.170949</timestamp>
			</report>
			<report>
				<misses>17500000</misses>
				<total>2</total>
				<timestamp>1050.171516</timestamp>
			</report>
			<report>
				<misses>17600000</misses>
				<total>2</total>
				<timestamp>1056.172378</timestamp>
			</report>
			<report>
				<misses>17700000</misses>
				<total>1</total>
				<timestamp>1062.173281</timestamp>
			</report>
			<report>
				<misses>17800000</misses>
				<total>1</total>
				<timestamp>1068.174437</timestamp>
			</report>
			<report>
				<misses>17900000</misses>
				<total>1</total>
				<timestamp>1074.175038</timestamp>
			</report>
			<report>
				<misses>18000000</misses>
				<total>2</total>
				<timestamp>1080.176167</timestamp>
			</report>
			<report>
				<misses>18100000</misses>
				<total>1</total>
				<timestamp>1086.177818</timestamp>
			</report>
			<report>
				<misses>18200000</misses>
				<total>1</total>
				<timestamp>1092.177958</timestamp>
			</report>
			<report>
				<misses>18300000</misses>
				<total>1</total>
				<timestamp>1098.178853</timestamp>
			</report>
			<report>
				<misses>18400000</misses>
				<total>1</total>
				<timestamp>1104.180541</timestamp>
			</report>
			<report>
				<misses>18500000</misses>
				<total>2</total>
				<timestamp>1110.181794</timestamp>
			</report>
			<report>
				<misses>18600000</misses>
				<total>2</total>
				<timestamp>1116.182476</timestamp>
			</report>
			<report>
				<misses>18700000</misses>
				<total>1</total>
				<timestamp>1122.183955</timestamp>
			</report>
			<report>
				<misses>18800000</misses>
				<total>1</total>
				<timestamp>1128.184924</timestamp>
			</report>
			<report>
				<misses>18900000</misses>
				<total>2</total>
				<timestamp>1134.185251</timestamp>
			</report>
			<report>
				<misses>19000000</misses>
				<total>2</total>
				<timestamp>1140.186622</timestamp>
			</report>
			<report>
				<misses>19100000</misses>
				<total>1</total>
				<timestamp>1146.187467</timestamp>
			</report>
			<report>
				<misses>19200000</misses>
				<total>2</total>
				<timestamp>1152.188595</timestamp>
			</report>
			<report>
				<misses>19300000</misses>
				<total>1</total>
				<timestamp>1158.189426</timestamp>
			</report>
			<report>
				<misses>19400000</misses>
				<total>0</total>
				<timestamp>1164.190470</timestamp>
			</report>
			<report>
				<misses>19500000</misses>
				<total>1</total>
				<timestamp>1170.191326</timestamp>
			</report>
			<report>
				<misses>19600000</misses>
				<total>1</total>
				<timestamp>1176.191524</timestamp>
			</report>
			<report>
				<misses>19700000</misses>
				<total>1</total>
				<timestamp>1182.192748</timestamp>
			</report>
			<report>
				<misses>19800000</misses>
				<total>2</total>
				<timestamp>1188.193378</timestamp>
			</report>
			<report>
				<misses>19900000</misses>
				<total>2</total>
				<timestamp>1194.193690</timestamp>
			</report>
			<report>
				<misses>20000000</misses>
				<total>1</total>
				<timestamp>1200.195691</timestamp>
			</report>
			<report>
				<misses>20100000</misses>
				<total>1</total>
				<timestamp>1206.196689</timestamp>
			</report>
			<report>
				<misses>20200000</misses>
				<total>1</total>
				<timestamp>1212.196858</timestamp>
			</report>
			<report>
				<misses>20300000</misses>
				<total>2</total>
				<timestamp>1218.197768</timestamp>
			</report>
			<report>
				<misses>20400000</misses>
				<total>1</total>
				<timestamp>1224.198838</timestamp>
			</report>
			<report>
				<misses>20500000</misses>
				<total>3</total>
				<timestamp>1230.199107</timestamp>
			</report>
			<report>
				<misses>20600000</misses>
				<total>2</total>
				<timestamp>1236.200158</timestamp>
			</report>
			<report>
				<misses>20700000</misses>
				<total>2</total>
				<timestamp>1242.201038</timestamp>
			</report>
			<report>
				<misses>20800000</misses>
				<total>2</total>
				<timestamp>1248.201843</timestamp>
			</report>
			<report>
				<misses>20900000</misses>
				<total>2</total>
				<timestamp>1254.202495</timestamp>
			</report>
			<report>
				<misses>21000000</misses>
				<total>0</total>
				<timestamp>1260.204364</timestamp>
			</report>
			<report>
				<misses>21100000</misses>
				<total>0</total>
				<timestamp>1266.205325</timestamp>
			</report>
			<report>
				<misses>21200000</misses>
				<total>1</total>
				<timestamp>1272.206281</timestamp>
			</report>
			<report>
				<misses>21300000</misses>
				<total>2</total>
				<timestamp>1278.207129</timestamp>
			</report>
			<report>
				<misses>21400000</misses>
				<total>1</total>
				<timestamp>1284.208531</timestamp>
			</report>
			<report>
				<misses>21500000</misses>
				<total>1</total>
				<timestamp>1290.209598</timestamp>
			</report>
			<report>
				<misses>21600000</misses>
				<total>2</total>
				<timestamp>1296.210253</timestamp>
			</report>
			<report>
				<misses>21700000</misses>
				<total>1</total>
				<timestamp>1302.211663</timestamp>
			</report>
			<report>
				<misses>21800000</misses>
				<total>1</total>
				<timestamp>1308.212526</timestamp>
			</report>
			<report>
				<misses>21900000</misses>
				<total>2</total>
				<timestamp>1314.213285</timestamp>
			</report>
			<report>
				<misses>22000000</misses>
				<total>1</total>
				<timestamp>1320.214397</timestamp>
			</report>
			<report>
				<misses>22100000</misses>
				<total>1</total>
				<timestamp>1326.215031</timestamp>
			</report>
			<report>
				<misses>22200000</misses>
				<total>1</total>
				<timestamp>1332.215672</timestamp>
			</report>
			<report>
				<misses>22300000</misses>
				<total>0</total>
				<timestamp>1338.216498</timestamp>
			</report>
			<report>
				<misses>22400000</misses>
				<total>2</total>
				<timestamp>1344.217135</timestamp>
			</report>
			<report>
				<misses>22500000</misses>
				<total>1</total>
				<timestamp>1350.217803</timestamp>
			</report>
			<report>
				<misses>22600000</misses>
				<total>1</total>
				<timestamp>1356.218611</timestamp>
			</report>
			<report>
				<misses>22700000</misses>
				<total>1</total>
				<timestamp>1362.219487</timestamp>
			</report>
			<report>
				<misses>22800000</misses>
				<total>1</total>
				<timestamp>1368.219775</timestamp>
			</report>
			<report>
				<misses>22900000</misses>
				<total>2</total>
				<timestamp>1374.221148</timestamp>
			</report>
			<report>
				<misses>23000000</misses>
				<total>2</total>
				<timestamp>1380.221986</timestamp>
			</report>
			<report>
				<misses>23100000</misses>
				<total>0</total>
				<timestamp>1386.223156</timestamp>
			</report>
			<report>
				<misses>23200000</misses>
				<total>2</total>
				<timestamp>1392.224473</timestamp>
			</report>
			<report>
				<misses>23300000</misses>
				<total>2</total>
				<timestamp>1398.224779</timestamp>
			</report>
			<report>
				<misses>23400000</misses>
				<total>0</total>
				<timestamp>1404.225478</timestamp>
			</report>
			<report>
				<misses>23500000</misses>
				<total>1</total>
				<timestamp>1410.227279</timestamp>
			</report>
			<report>
				<misses>23600000</misses>
				<total>1</total>
				<timestamp>1416.228701</timestamp>
			</report>
			<report>
				<misses>23700000</misses>
				<total>2</total>
				<timestamp>1422.229155</timestamp>
			</report>
			<report>
				<misses>23800000</misses>
				<total>1</total>
				<timestamp>1428.230094</timestamp>
			</report>
			<report>
				<misses>23900000</misses>
				<total>1</total>
				<timestamp>1434.230754</timestamp>
			</report>
			<report>
				<misses>24000000</misses>
				<total>1</total>
				<timestamp>1440.231714</timestamp>
			</report>
			<report>
				<misses>24100000</misses>
				<total>1</total>
				<timestamp>1446.233422</timestamp>
			</report>
			<report>
				<misses>24200000</misses>
				<total>1</total>
				<timestamp>1452.233944</timestamp>
			</report>
			<report>
				<misses>24300000</misses>
				<total>1</total>
				<timestamp>1458.234359</timestamp>
			</report>
			<report>
				<misses>24400000</misses>
				<total>1</total>
				<timestamp>1464.235285</timestamp>
			</report>
			<report>
				<misses>24500000</misses>
				<total>2</total>
				<timestamp>1470.237058</timestamp>
			</report>
			<report>
				<misses>24600000</misses>
				<total>2</total>
				<timestamp>1476.238509</timestamp>
			</report>
			<report>
				<misses>24700000</misses>
				<total>2</total>
				<timestamp>1482.239468</timestamp>
			</report>
			<report>
				<misses>24800000</misses>
				<total>1</total>
				<timestamp>1488.241306</timestamp>
			</report>
			<report>
				<misses>24900000</misses>
				<total>1</total>
				<timestamp>1494.242304</timestamp>
			</report>
			<report>
				<misses>25000000</misses>
				<total>1</total>
				<timestamp>1500.242585</timestamp>
			</report>
			<report>
				<misses>25100000</misses>
				<total>1</total>
				<timestamp>1506.243538</timestamp>
			</report>
			<report>
				<misses>25200000</misses>
				<total>1</total>
				<timestamp>1512.244563</timestamp>
			</report>
			<report>
				<misses>25300000</misses>
				<total>1</total>
				<timestamp>1518.245159</timestamp>
			</report>
			<report>
				<misses>25400000</misses>
				<total>0</total>
				<timestamp>1524.246324</timestamp>
			</report>
			<report>
				<misses>25500000</misses>
				<total>2</total>
				<timestamp>1530.247811</timestamp>
			</report>
			<report>
				<misses>25600000</misses>
				<total>1</total>
				<timestamp>1536.248515</timestamp>
			</report>
			<report>
				<misses>25700000</misses>
				<total>1</total>
				<timestamp>1542.249287</timestamp>
			</report>
			<report>
				<misses>25800000</misses>
				<total>0</total>
				<timestamp>1548.250144</timestamp>
			</report>
			<report>
				<misses>25900000</misses>
				<total>1</total>
				<timestamp>1554.251286</timestamp>
			</report>
			<report>
				<misses>26000000</misses>
				<total>1</total>
				<timestamp>1560.252200</timestamp>
			</report>
			<report>
				<misses>26100000</misses>
				<total>2</total>
				<timestamp>1566.253437</timestamp>
			</report>
			<report>
				<misses>26200000</misses>
				<total>0</total>
				<timestamp>1572.254513</timestamp>
			</report>
			<report>
				<misses>26300000</misses>
				<total>1</total>
				<timestamp>1578.255633</timestamp>
			</report>
			<report>
				<misses>26400000</misses>
				<total>1</total>
				<timestamp>1584.255997</timestamp>
			</report>
			<report>
				<misses>26500000</misses>
				<total>1</total>
				<timestamp>1590.257498</timestamp>
			</report>
			<report>
				<misses>26600000</misses>
				<total>1</total>
				<timestamp>1596.258454</timestamp>
			</report>
			<report>
				<misses>26700000</misses>
				<total>2</total>
				<timestamp>1602.259328</timestamp>
			</report>
			<report>
				<misses>26800000</misses>
				<total>1</total>
				<timestamp>1608.260279</timestamp>
			</report>
			<report>
				<misses>26900000</misses>
				<total>1</total>
				<timestamp>1614.260878</timestamp>
			</report>
			<report>
				<misses>27000000</misses>
				<total>1</total>
				<timestamp>1620.262065</timestamp>
			</report>
			<report>
				<misses>27100000</misses>
				<total>2</total>
				<timestamp>1626.263471</timestamp>
			</report>
			<report>
				<misses>27200000</misses>
				<total>1</total>
				<timestamp>1632.264188</timestamp>
			</report>
			<report>
				<misses>27300000</misses>
				<total>1</total>
				<timestamp>1638.264676</timestamp>
			</report>
			<report>
				<misses>27400000</misses>
				<total>1</total>
				<timestamp>1644.265594</timestamp>
			</report>
			<report>
				<misses>27500000</misses>
				<total>1</total>
				<timestamp>1650.266307</timestamp>
			</report>
			<report>
				<misses>27600000</misses>
				<total>1</total>
				<timestamp>1656.266965</timestamp>
			</report>
			<report>
				<misses>27700000</misses>
				<total>1</total>
				<timestamp>1662.268035</timestamp>
			</report>
			<report>
				<misses>27800000</misses>
				<total>1</total>
				<timestamp>1668.269738</timestamp>
			</report>
			<report>
				<misses>27900000</misses>
				<total>2</total>
				<timestamp>1674.270490</timestamp>
			</report>
			<report>
				<misses>28000000</misses>
				<total>1</total>
				<timestamp>1680.272293</timestamp>
			</report>
			<report>
				<misses>28100000</misses>
				<total>1</total>
				<timestamp>1686.273179</timestamp>
			</report>
			<report>
				<misses>28200000</misses>
				<total>2</total>
				<timestamp>1692.274157</timestamp>
			</report>
			<report>
				<misses>28300000</misses>
				<total>1</total>
				<timestamp>1698.276145</timestamp>
			</report>
			<report>
				<misses>28400000</misses>
				<total>1</total>
				<timestamp>1704.276823</timestamp>
			</report>
			<report>
				<misses>28500000</misses>
				<total>2</total>
				<timestamp>1710.277450</timestamp>
			</report>
			<report>
				<misses>28600000</misses>
				<total>2</total>
				<timestamp>1716.278260</timestamp>
			</report>
			<report>
				<misses>28700000</misses>
				<total>2</total>
				<timestamp>1722.278991</timestamp>
			</report>
			<report>
				<misses>28800000</misses>
				<total>2</total>
				<timestamp>1728.280099</timestamp>
			</report>
			<report>
				<misses>28900000</misses>
				<total>2</total>
				<timestamp>1734.281878</timestamp>
			</report>
			<report>
				<misses>29000000</misses>
				<total>1</total>
				<timestamp>1740.282619</timestamp>
			</report>
			<report>
				<misses>29100000</misses>
				<total>2</total>
				<timestamp>1746.283617</timestamp>
			</report>
			<report>
				<misses>29200000</misses>
				<total>1</total>
				<timestamp>1752.284288</timestamp>
			</report>
			<report>
				<misses>29300000</misses>
				<total>2</total>
				<timestamp>1758.285223</timestamp>
			</report>
			<report>
				<misses>29400000</misses>
				<total>2</total>
				<timestamp>1764.286324</timestamp>
			</report>
			<report>
				<misses>29500000</misses>
				<total>1</total>
				<timestamp>1770.287590</timestamp>
			</report>
			<report>
				<misses>29600000</misses>
				<total>2</total>
				<timestamp>1776.288179</timestamp>
			</report>
			<report>
				<misses>29700000</misses>
				<total>1</total>
				<timestamp>1782.289138</timestamp>
			</report>
			<report>
				<misses>29800000</misses>
				<total>1</total>
				<timestamp>1788.290638</timestamp>
			</report>
			<report>
				<misses>29900000</misses>
				<total>1</total>
				<timestamp>1794.291818</timestamp>
			</report>
			<report>
				<misses>30000000</misses>
				<total>0</total>
				<timestamp>1800.292385</timestamp>
			</report>
			<report>
				<misses>30100000</misses>
				<total>1</total>
				<timestamp>1806.293130</timestamp>
			</report>
			<report>
				<misses>30200000</misses>
				<total>2</total>
				<timestamp>1812.294727</timestamp>
			</report>
			<report>
				<misses>30300000</misses>
				<total>1</total>
				<timestamp>1818.295443</timestamp>
			</report>
			<report>
				<misses>30400000</misses>
				<total>2</total>
				<timestamp>1824.296119</timestamp>
			</report>
			<report>
				<misses>30500000</misses>
				<total>1</total>
				<timestamp>1830.296696</timestamp>
			</report>
			<report>
				<misses>30600000</misses>
				<total>2</total>
				<timestamp>1836.298097</timestamp>
			</report>
			<report>
				<misses>30700000</misses>
				<total>1</total>
				<timestamp>1842.299359</timestamp>
			</report>
			<report>
				<misses>30800000</misses>
				<total>2</total>
				<timestamp>1848.300519</timestamp>
			</report>
			<report>
				<misses>30900000</misses>
				<total>1</total>
				<timestamp>1854.301102</timestamp>
			</report>
			<report>
				<misses>31000000</misses>
				<total>2</total>
				<timestamp>1860.302021</timestamp>
			</report>
			<report>
				<misses>31100000</misses>
				<total>2</total>
				<timestamp>1866.302900</timestamp>
			</report>
			<report>
				<misses>31200000</misses>
				<total>2</total>
				<timestamp>1872.304335</timestamp>
			</report>
			<report>
				<misses>31300000</misses>
				<total>0</total>
				<timestamp>1878.305474</timestamp>
			</report>
			<report>
				<misses>31400000</misses>
				<total>1</total>
				<timestamp>1884.305941</timestamp>
			</report>
			<report>
				<misses>31500000</misses>
				<total>1</total>
				<timestamp>1890.306969</timestamp>
			</report>
			<report>
				<misses>31600000</misses>
				<total>2</total>
				<timestamp>1896.307499</timestamp>
			</report>
			<report>
				<misses>31700000</misses>
				<total>1</total>
				<timestamp>1902.308372</timestamp>
			</report>
			<report>
				<misses>31800000</misses>
				<total>1</total>
				<timestamp>1908.309089</timestamp>
			</report>
			<report>
				<misses>31900000</misses>
				<total>2</total>
				<timestamp>1914.310248</timestamp>
			</report>
			<report>
				<misses>32000000</misses>
				<total>1</total>
				<timestamp>1920.311030</timestamp>
			</report>
			<report>
				<misses>32100000</misses>
				<total>1</total>
				<timestamp>1926.312505</timestamp>
			</report>
			<report>
				<misses>32200000</misses>
				<total>1</total>
				<timestamp>1932.313694</timestamp>
			</report>
			<report>
				<misses>32300000</misses>
				<total>1</total>
				<timestamp>1938.314180</timestamp>
			</report>
			<report>
				<misses>32400000</misses>
				<total>1</total>
				<timestamp>1944.315496</timestamp>
			</report>
			<report>
				<misses>32500000</misses>
				<total>1</total>
				<timestamp>1950.317016</timestamp>
			</report>
			<report>
				<misses>32600000</misses>
				<total>1</total>
				<timestamp>1956.317762</timestamp>
			</report>
			<report>
				<misses>32700000</misses>
				<total>0</total>
				<timestamp>1962.318940</timestamp>
			</report>
			<report>
				<misses>32800000</misses>
				<total>2</total>
				<timestamp>1968.319681</timestamp>
			</report>
			<report>
				<misses>32900000</misses>
				<total>0</total>
				<timestamp>1974.320369</timestamp>
			</report>
			<report>
				<misses>33000000</misses>
				<total>2</total>
				<timestamp>1980.322279</timestamp>
			</report>
			<report>
				<misses>33100000</misses>
				<total>2</total>
				<timestamp>1986.322809</timestamp>
			</report>
			<report>
				<misses>33200000</misses>
				<total>1</total>
				<timestamp>1992.324190</timestamp>
			</report>
			<report>
				<misses>33300000</misses>
				<total>0</total>
				<timestamp>1998.325087</timestamp>
			</report>
			<report>
				<misses>33400000</misses>
				<total>2</total>
				<timestamp>2004.326145</timestamp>
			</report>
			<report>
				<misses>33500000</misses>
				<total>1</total>
				<timestamp>2010.327646</timestamp>
			</report>
			<report>
				<misses>33600000</misses>
				<total>1</total>
				<timestamp>2016.328595</timestamp>
			</report>
			<report>
				<misses>33700000</misses>
				<total>1</total>
				<timestamp>2022.329722</timestamp>
			</report>
			<report>
				<misses>33800000</misses>
				<total>1</total>
				<timestamp>2028.330854</timestamp>
			</report>
			<report>
				<misses>33900000</misses>
				<total>2</total>
				<timestamp>2034.331636</timestamp>
			</report>
			<report>
				<misses>34000000</misses>
				<total>1</total>
				<timestamp>2040.332453</timestamp>
			</report>
			<report>
				<misses>34100000</misses>
				<total>1</total>
				<timestamp>2046.333109</timestamp>
			</report>
			<report>
				<misses>34200000</misses>
				<total>2</total>
				<timestamp>2052.334274</timestamp>
			</report>
			<report>
				<misses>34300000</misses>
				<total>1</total>
				<timestamp>2058.335314</timestamp>
			</report>
			<report>
				<misses>34400000</misses>
				<total>2</total>
				<timestamp>2064.335738</timestamp>
			</report>
			<report>
				<misses>34500000</misses>
				<total>1</total>
				<timestamp>2070.337177</timestamp>
			</report>
			<report>
				<misses>34600000</misses>
				<total>2</total>
				<timestamp>2076.338265</timestamp>
			</report>
			<report>
				<misses>34700000</misses>
				<total>2</total>
				<timestamp>2082.338813</timestamp>
			</report>
			<report>
				<misses>34800000</misses>
				<total>1</total>
				<timestamp>2088.339566</timestamp>
			</report>
			<report>
				<misses>34900000</misses>
				<total>1</total>
				<timestamp>2094.340677</timestamp>
			</report>
			<report>
				<misses>35000000</misses>
				<total>1</total>
				<timestamp>2100.341207</timestamp>
			</report>
			<report>
				<misses>35100000</misses>
				<total>1</total>
				<timestamp>2106.341533</timestamp>
			</report>
			<report>
				<misses>35200000</misses>
				<total>1</total>
				<timestamp>2112.342369</timestamp>
			</report>
			<report>
				<misses>35300000</misses>
				<total>2</total>
				<timestamp>2118.344005</timestamp>
			</report>
			<report>
				<misses>35400000</misses>
				<total>0</total>
				<timestamp>2124.345249</timestamp>
			</report>
			<report>
				<misses>35500000</misses>
				<total>2</total>
				<timestamp>2130.346020</timestamp>
			</report>
			<report>
				<misses>35600000</misses>
				<total>2</total>
				<timestamp>2136.347673</timestamp>
			</report>
			<report>
				<misses>35700000</misses>
				<total>1</total>
				<timestamp>2142.348494</timestamp>
			</report>
			<report>
				<misses>35800000</misses>
				<total>2</total>
				<timestamp>2148.348968</timestamp>
			</report>
			<report>
				<misses>35900000</misses>
				<total>1</total>
				<timestamp>2154.350100</timestamp>
			</report>
			<report>
				<misses>36000000</misses>
				<total>1</total>
				<timestamp>2160.350761</timestamp>
			</report>
			<report>
				<misses>36100000</misses>
				<total>1</total>
				<timestamp>2166.351503</timestamp>
			</report>
			<report>
				<misses>36200000</misses>
				<total>2</total>
				<timestamp>2172.353362</timestamp>
			</report>
			<report>
				<misses>36300000</misses>
				<total>2</total>
				<timestamp>2178.354534</timestamp>
			</report>
			<report>
				<misses>36400000</misses>
				<total>2</total>
				<timestamp>2184.356662</timestamp>
			</report>
			<report>
				<misses>36500000</misses>
				<total>0</total>
				<timestamp>2190.357153</timestamp>
			</report>
			<report>
				<misses>36600000</misses>
				<total>1</total>
				<timestamp>2196.358098</timestamp>
			</report>
			<report>
				<misses>36700000</misses>
				<total>1</total>
				<timestamp>2202.358783</timestamp>
			</report>
			<report>
				<misses>36800000</misses>
				<total>1</total>
				<timestamp>2208.359902</timestamp>
			</report>
			<report>
				<misses>36900000</misses>
				<total>1</total>
				<timestamp>2214.360511</timestamp>
			</report>
			<report>
				<misses>37000000</misses>
				<total>1</total>
				<timestamp>2220.361814</timestamp>
			</report>
			<report>
				<misses>37100000</misses>
				<total>1</total>
				<timestamp>2226.362584</timestamp>
			</report>
			<report>
				<misses>37200000</misses>
				<total>2</total>
				<timestamp>2232.363086</timestamp>
			</report>
			<report>
				<misses>37300000</misses>
				<total>1</total>
				<timestamp>2238.363918</timestamp>
			</report>
			<report>
				<misses>37400000</misses>
				<total>1</total>
				<timestamp>2244.365152</timestamp>
			</report>
			<report>
				<misses>37500000</misses>
				<total>1</total>
				<timestamp>2250.366127</timestamp>
			</report>
			<report>
				<misses>37600000</misses>
				<total>0</total>
				<timestamp>2256.367035</timestamp>
			</report>
			<report>
				<misses>37700000</misses>
				<total>1</total>
				<timestamp>2262.367589</timestamp>
			</report>
			<report>
				<misses>37800000</misses>
				<total>2</total>
				<timestamp>2268.368784</timestamp>
			</report>
			<report>
				<misses>37900000</misses>
				<total>2</total>
				<timestamp>2274.369511</timestamp>
			</report>
			<report>
				<misses>38000000</misses>
				<total>2</total>
				<timestamp>2280.369790</timestamp>
			</report>
			<report>
				<misses>38100000</misses>
				<total>2</total>
				<timestamp>2286.370691</timestamp>
			</report>
			<report>
				<misses>38200000</misses>
				<total>1</total>
				<timestamp>2292.371946</timestamp>
			</report>
			<report>
				<misses>38300000</misses>
				<total>1</total>
				<timestamp>2298.372438</timestamp>
			</report>
			<report>
				<misses>38400000</misses>
				<total>1</total>
				<timestamp>2304.373450</timestamp>
			</report>
			<report>
				<misses>38500000</misses>
				<total>2</total>
				<timestamp>2310.374085</timestamp>
			</report>
			<report>
				<misses>38600000</misses>
				<total>0</total>
				<timestamp>2316.375573</timestamp>
			</report>
			<report>
				<misses>38700000</misses>
				<total>1</total>
				<timestamp>2322.376642</timestamp>
			</report>
			<report>
				<misses>38800000</misses>
				<total>1</total>
				<timestamp>2328.377862</timestamp>
			</report>
			<report>
				<misses>38900000</misses>
				<total>2</total>
				<timestamp>2334.378116</timestamp>
			</report>
			<report>
				<misses>39000000</misses>
				<total>0</total>
				<timestamp>2340.378972</timestamp>
			</report>
			<report>
				<misses>39100000</misses>
				<total>0</total>
				<timestamp>2346.380576</timestamp>
			</report>
			<report>
				<misses>39200000</misses>
				<total>2</total>
				<timestamp>2352.380874</timestamp>
			</report>
			<report>
				<misses>39300000</misses>
				<total>2</total>
				<timestamp>2358.381060</timestamp>
			</report>
			<report>
				<misses>39400000</misses>
				<total>1</total>
				<timestamp>2364.382566</timestamp>
			</report>
			<report>
				<misses>39500000</misses>
				<total>1</total>
				<timestamp>2370.384077</timestamp>
			</report>
			<report>
				<misses>39600000</misses>
				<total>1</total>
				<timestamp>2376.384625</timestamp>
			</report>
			<report>
				<misses>39700000</misses>
				<total>0</total>
				<timestamp>2382.385616</timestamp>
			</report>
			<report>
				<misses>39800000</misses>
				<total>0</total>
				<timestamp>2388.387320</timestamp>
			</report>
			<report>
				<misses>39900000</misses>
				<total>1</total>
				<timestamp>2394.388099</timestamp>
			</report>
			<report>
				<misses>40000000</misses>
				<total>2</total>
				<timestamp>2400.388403</timestamp>
			</report>
			<report>
				<misses>40100000</misses>
				<total>1</total>
				<timestamp>2406.389301</timestamp>
			</report>
			<report>
				<misses>40200000</misses>
				<total>2</total>
				<timestamp>2412.390111</timestamp>
			</report>
			<report>
				<misses>40300000</misses>
				<total>1</total>
				<timestamp>2418.390794</timestamp>
			</report>
			<report>
				<misses>40400000</misses>
				<total>1</total>
				<timestamp>2424.391783</timestamp>
			</report>
			<report>
				<misses>40500000</misses>
				<total>1</total>
				<timestamp>2430.393319</timestamp>
			</report>
			<report>
				<misses>40600000</misses>
				<total>1</total>
				<timestamp>2436.393984</timestamp>
			</report>
			<report>
				<misses>40700000</misses>
				<total>1</total>
				<timestamp>2442.394518</timestamp>
			</report>
			<report>
				<misses>40800000</misses>
				<total>1</total>
				<timestamp>2448.395593</timestamp>
			</report>
			<report>
				<misses>40900000</misses>
				<total>2</total>
				<timestamp>2454.396187</timestamp>
			</report>
			<report>
				<misses>41000000</misses>
				<total>2</total>
				<timestamp>2460.396836</timestamp>
			</report>
			<report>
				<misses>41100000</misses>
				<total>1</total>
				<timestamp>2466.398338</timestamp>
			</report>
			<report>
				<misses>41200000</misses>
				<total>2</total>
				<timestamp>2472.399425</timestamp>
			</report>
			<report>
				<misses>41300000</misses>
				<total>1</total>
				<timestamp>2478.400728</timestamp>
			</report>
			<report>
				<misses>41400000</misses>
				<total>1</total>
				<timestamp>2484.401760</timestamp>
			</report>
			<report>
				<misses>41500000</misses>
				<total>1</total>
				<timestamp>2490.402618</timestamp>
			</report>
			<report>
				<misses>41600000</misses>
				<total>1</total>
				<timestamp>2496.403455</timestamp>
			</report>
			<report>
				<misses>41700000</misses>
				<total>1</total>
				<timestamp>2502.404289</timestamp>
			</report>
			<report>
				<misses>41800000</misses>
				<total>0</total>
				<timestamp>2508.405968</timestamp>
			</report>
			<report>
				<misses>41900000</misses>
				<total>2</total>
				<timestamp>2514.406322</timestamp>
			</report>
			<report>
				<misses>42000000</misses>
				<total>2</total>
				<timestamp>2520.407211</timestamp>
			</report>
			<report>
				<misses>42100000</misses>
				<total>2</total>
				<timestamp>2526.408306</timestamp>
			</report>
			<report>
				<misses>42200000</misses>
				<total>2</total>
				<timestamp>2532.408947</timestamp>
			</report>
			<report>
				<misses>42300000</misses>
				<total>1</total>
				<timestamp>2538.409503</timestamp>
			</report>
			<report>
				<misses>42400000</misses>
				<total>1</total>
				<timestamp>2544.411115</timestamp>
			</report>
			<report>
				<misses>42500000</misses>
				<total>2</total>
				<timestamp>2550.411674</timestamp>
			</report>
			<report>
				<misses>42600000</misses>
				<total>1</total>
				<timestamp>2556.412598</timestamp>
			</report>
			<report>
				<misses>42700000</misses>
				<total>1</total>
				<timestamp>2562.414071</timestamp>
			</report>
			<report>
				<misses>42800000</misses>
				<total>1</total>
				<timestamp>2568.414785</timestamp>
			</report>
			<report>
				<misses>42900000</misses>
				<total>1</total>
				<timestamp>2574.415746</timestamp>
			</report>
			<report>
				<misses>43000000</misses>
				<total>2</total>
				<timestamp>2580.416995</timestamp>
			</report>
			<report>
				<misses>43100000</misses>
				<total>0</total>
				<timestamp>2586.418390</timestamp>
			</report>
			<report>
				<misses>43200000</misses>
				<total>1</total>
				<timestamp>2592.419421</timestamp>
			</report>
			<report>
				<misses>43300000</misses>
				<total>1</total>
				<timestamp>2598.420655</timestamp>
			</report>
			<report>
				<misses>43400000</misses>
				<total>1</total>
				<timestamp>2604.421384</timestamp>
			</report>
			<report>
				<misses>43500000</misses>
				<total>2</total>
				<timestamp>2610.423456</timestamp>
			</report>
			<report>
				<misses>43600000</misses>
				<total>2</total>
				<timestamp>2616.425685</timestamp>
			</report>
			<report>
				<misses>43700000</misses>
				<total>1</total>
				<timestamp>2622.427126</timestamp>
			</report>
			<report>
				<misses>43800000</misses>
				<total>2</total>
				<timestamp>2628.428099</timestamp>
			</report>
			<report>
				<misses>43900000</misses>
				<total>2</total>
				<timestamp>2634.428817</timestamp>
			</report>
			<report>
				<misses>44000000</misses>
				<total>2</total>
				<timestamp>2640.429698</timestamp>
			</report>
			<report>
				<misses>44100000</misses>
				<total>1</total>
				<timestamp>2646.429903</timestamp>
			</report>
			<report>
				<misses>44200000</misses>
				<total>0</total>
				<timestamp>2652.430994</timestamp>
			</report>
			<report>
				<misses>44300000</misses>
				<total>1</total>
				<timestamp>2658.431656</timestamp>
			</report>
			<report>
				<misses>44400000</misses>
				<total>2</total>
				<timestamp>2664.432399</timestamp>
			</report>
			<report>
				<misses>44500000</misses>
				<total>2</total>
				<timestamp>2670.433388</timestamp>
			</report>
			<report>
				<misses>44600000</misses>
				<total>1</total>
				<timestamp>2676.433620</timestamp>
			</report>
			<report>
				<misses>44700000</misses>
				<total>2</total>
				<timestamp>2682.434427</timestamp>
			</report>
			<report>
				<misses>44800000</misses>
				<total>1</total>
				<timestamp>2688.435136</timestamp>
			</report>
			<report>
				<misses>44900000</misses>
				<total>1</total>
				<timestamp>2694.436382</timestamp>
			</report>
			<report>
				<misses>45000000</misses>
				<total>1</total>
				<timestamp>2700.437061</timestamp>
			</report>
			<report>
				<misses>45100000</misses>
				<total>1</total>
				<timestamp>2706.437769</timestamp>
			</report>
			<report>
				<misses>45200000</misses>
				<total>1</total>
				<timestamp>2712.438977</timestamp>
			</report>
			<report>
				<misses>45300000</misses>
				<total>1</total>
				<timestamp>2718.439869</timestamp>
			</report>
			<report>
				<misses>45400000</misses>
				<total>1</total>
				<timestamp>2724.440513</timestamp>
			</report>
			<report>
				<misses>45500000</misses>
				<total>1</total>
				<timestamp>2730.442241</timestamp>
			</report>
			<report>
				<misses>45600000</misses>
				<total>1</total>
				<timestamp>2736.442784</timestamp>
			</report>
			<report>
				<misses>45700000</misses>
				<total>2</total>
				<timestamp>2742.443185</timestamp>
			</report>
			<report>
				<misses>45800000</misses>
				<total>0</total>
				<timestamp>2748.444549</timestamp>
			</report>
			<report>
				<misses>45900000</misses>
				<total>1</total>
				<timestamp>2754.445383</timestamp>
			</report>
			<report>
				<misses>46000000</misses>
				<total>2</total>
				<timestamp>2760.445775</timestamp>
			</report>
			<report>
				<misses>46100000</misses>
				<total>1</total>
				<timestamp>2766.446525</timestamp>
			</report>
			<report>
				<misses>46200000</misses>
				<total>2</total>
				<timestamp>2772.447743</timestamp>
			</report>
			<report>
				<misses>46300000</misses>
				<total>1</total>
				<timestamp>2778.449172</timestamp>
			</report>
			<report>
				<misses>46400000</misses>
				<total>2</total>
				<timestamp>2784.449941</timestamp>
			</report>
			<report>
				<misses>46500000</misses>
				<total>1</total>
				<timestamp>2790.451570</timestamp>
			</report>
			<report>
				<misses>46600000</misses>
				<total>1</total>
				<timestamp>2796.453155</timestamp>
			</report>
			<report>
				<misses>46700000</misses>
				<total>2</total>
				<timestamp>2802.453601</timestamp>
			</report>
			<report>
				<misses>46800000</misses>
				<total>2</total>
				<timestamp>2808.454972</timestamp>
			</report>
			<report>
				<misses>46900000</misses>
				<total>1</total>
				<timestamp>2814.455475</timestamp>
			</report>
			<report>
				<misses>47000000</misses>
				<total>2</total>
				<timestamp>2820.456009</timestamp>
			</report>
			<report>
				<misses>47100000</misses>
				<total>2</total>
				<timestamp>2826.456970</timestamp>
			</report>
			<report>
				<misses>47200000</misses>
				<total>1</total>
				<timestamp>2832.457560</timestamp>
			</report>
			<report>
				<misses>47300000</misses>
				<total>1</total>
				<timestamp>2838.458573</timestamp>
			</report>
			<report>
				<misses>47400000</misses>
				<total>2</total>
				<timestamp>2844.460065</timestamp>
			</report>
			<report>
				<misses>47500000</misses>
				<total>1</total>
				<timestamp>2850.460938</timestamp>
			</report>
			<report>
				<misses>47600000</misses>
				<total>1</total>
				<timestamp>2856.461549</timestamp>
			</report>
			<report>
				<misses>47700000</misses>
				<total>2</total>
				<timestamp>2862.463044</timestamp>
			</report>
			<report>
				<misses>47800000</misses>
				<total>2</total>
				<timestamp>2868.464284</timestamp>
			</report>
			<report>
				<misses>47900000</misses>
				<total>1</total>
				<timestamp>2874.465665</timestamp>
			</report>
			<report>
				<misses>48000000</misses>
				<total>2</total>
				<timestamp>2880.466817</timestamp>
			</report>
			<report>
				<misses>48100000</misses>
				<total>1</total>
				<timestamp>2886.467850</timestamp>
			</report>
			<report>
				<misses>48200000</misses>
				<total>2</total>
				<timestamp>2892.469198</timestamp>
			</report>
			<report>
				<misses>48300000</misses>
				<total>1</total>
				<timestamp>2898.469695</timestamp>
			</report>
			<report>
				<misses>48400000</misses>
				<total>2</total>
				<timestamp>2904.470132</timestamp>
			</report>
			<report>
				<misses>48500000</misses>
				<total>1</total>
				<timestamp>2910.471180</timestamp>
			</report>
			<report>
				<misses>48600000</misses>
				<total>0</total>
				<timestamp>2916.471943</timestamp>
			</report>
			<report>
				<misses>48700000</misses>
				<total>1</total>
				<timestamp>2922.472762</timestamp>
			</report>
			<report>
				<misses>48800000</misses>
				<total>1</total>
				<timestamp>2928.473393</timestamp>
			</report>
			<report>
				<misses>48900000</misses>
				<total>1</total>
				<timestamp>2934.474151</timestamp>
			</report>
			<report>
				<misses>49000000</misses>
				<total>1</total>
				<timestamp>2940.474977</timestamp>
			</report>
			<report>
				<misses>49100000</misses>
				<total>2</total>
				<timestamp>2946.476355</timestamp>
			</report>
			<report>
				<misses>49200000</misses>
				<total>1</total>
				<timestamp>2952.477281</timestamp>
			</report>
			<report>
				<misses>49300000</misses>
				<total>1</total>
				<timestamp>2958.478200</timestamp>
			</report>
			<report>
				<misses>49400000</misses>
				<total>1</total>
				<timestamp>2964.479012</timestamp>
			</report>
			<report>
				<misses>49500000</misses>
				<total>2</total>
				<timestamp>2970.480391</timestamp>
			</report>
			<report>
				<misses>49600000</misses>
				<total>1</total>
				<timestamp>2976.482941</timestamp>
			</report>
			<report>
				<misses>49700000</misses>
				<total>1</total>
				<timestamp>2982.483425</timestamp>
			</report>
			<report>
				<misses>49800000</misses>
				<total>2</total>
				<timestamp>2988.484746</timestamp>
			</report>
			<report>
				<misses>49900000</misses>
				<total>1</total>
				<timestamp>2994.485855</timestamp>
			</report>
			<report>
				<misses>50000000</misses>
				<total>1</total>
				<timestamp>3000.486419</timestamp>
			</report>
			<report>
				<misses>50100000</misses>
				<total>2</total>
				<timestamp>3006.486925</timestamp>
			</report>
			<report>
				<misses>50200000</misses>
				<total>2</total>
				<timestamp>3012.488329</timestamp>
			</report>
			<report>
				<misses>50300000</misses>
				<total>1</total>
				<timestamp>3018.488831</timestamp>
			</report>
			<report>
				<misses>50400000</misses>
				<total>2</total>
				<timestamp>3024.489478</timestamp>
			</report>
			<report>
				<misses>50500000</misses>
				<total>1</total>
				<timestamp>3030.490220</timestamp>
			</report>
			<report>
				<misses>50600000</misses>
				<total>0</total>
				<timestamp>3036.491794</timestamp>
			</report>
			<report>
				<misses>50700000</misses>
				<total>1</total>
				<timestamp>3042.492797</timestamp>
			</report>
			<report>
				<misses>50800000</misses>
				<total>0</total>
				<timestamp>3048.493574</timestamp>
			</report>
			<report>
				<misses>50900000</misses>
				<total>1</total>
				<timestamp>3054.494161</timestamp>
			</report>
			<report>
				<misses>51000000</misses>
				<total>2</total>
				<timestamp>3060.495850</timestamp>
			</report>
			<report>
				<misses>51100000</misses>
				<total>0</total>
				<timestamp>3066.496536</timestamp>
			</report>
			<report>
				<misses>51200000</misses>
				<total>1</total>
				<timestamp>3072.497840</timestamp>
			</report>
			<report>
				<misses>51300000</misses>
				<total>1</total>
				<timestamp>3078.499012</timestamp>
			</report>
			<report>
				<misses>51400000</misses>
				<total>2</total>
				<timestamp>3084.499992</timestamp>
			</report>
			<report>
				<misses>51500000</misses>
				<total>1</total>
				<timestamp>3090.501290</timestamp>
			</report>
			<report>
				<misses>51600000</misses>
				<total>0</total>
				<timestamp>3096.501972</timestamp>
			</report>
			<report>
				<misses>51700000</misses>
				<total>1</total>
				<timestamp>3102.503623</timestamp>
			</report>
			<report>
				<misses>51800000</misses>
				<total>2</total>
				<timestamp>3108.504405</timestamp>
			</report>
			<report>
				<misses>51900000</misses>
				<total>2</total>
				<timestamp>3114.505029</timestamp>
			</report>
			<report>
				<misses>52000000</misses>
				<total>1</total>
				<timestamp>3120.505311</timestamp>
			</report>
			<report>
				<misses>52100000</misses>
				<total>2</total>
				<timestamp>3126.505995</timestamp>
			</report>
			<report>
				<misses>52200000</misses>
				<total>2</total>
				<timestamp>3132.506769</timestamp>
			</report>
			<report>
				<misses>52300000</misses>
				<total>2</total>
				<timestamp>3138.507420</timestamp>
			</report>
			<report>
				<misses>52400000</misses>
				<total>0</total>
				<timestamp>3144.507866</timestamp>
			</report>
			<report>
				<misses>52500000</misses>
				<total>1</total>
				<timestamp>3150.509504</timestamp>
			</report>
			<report>
				<misses>52600000</misses>
				<total>0</total>
				<timestamp>3156.510797</timestamp>
			</report>
			<report>
				<misses>52700000</misses>
				<total>2</total>
				<timestamp>3162.511853</timestamp>
			</report>
			<report>
				<misses>52800000</misses>
				<total>2</total>
				<timestamp>3168.512577</timestamp>
			</report>
			<report>
				<misses>52900000</misses>
				<total>1</total>
				<timestamp>3174.513177</timestamp>
			</report>
			<report>
				<misses>53000000</misses>
				<total>2</total>
				<timestamp>3180.514381</timestamp>
			</report>
			<report>
				<misses>53100000</misses>
				<total>2</total>
				<timestamp>3186.514842</timestamp>
			</report>
			<report>
				<misses>53200000</misses>
				<total>1</total>
				<timestamp>3192.516272</timestamp>
			</report>
			<report>
				<misses>53300000</misses>
				<total>2</total>
				<timestamp>3198.517947</timestamp>
			</report>
			<report>
				<misses>53400000</misses>
				<total>1</total>
				<timestamp>3204.519560</timestamp>
			</report>
			<report>
				<misses>53500000</misses>
				<total>1</total>
				<timestamp>3210.520907</timestamp>
			</report>
			<report>
				<misses>53600000</misses>
				<total>2</total>
				<timestamp>3216.521457</timestamp>
			</report>
			<report>
				<misses>53700000</misses>
				<total>2</total>
				<timestamp>3222.522708</timestamp>
			</report>
			<report>
				<misses>53800000</misses>
				<total>2</total>
				<timestamp>3228.524069</timestamp>
			</report>
			<report>
				<misses>53900000</misses>
				<total>2</total>
				<timestamp>3234.524665</timestamp>
			</report>
			<report>
				<misses>54000000</misses>
				<total>2</total>
				<timestamp>3240.525906</timestamp>
			</report>
			<report>
				<misses>54100000</misses>
				<total>1</total>
				<timestamp>3246.526978</timestamp>
			</report>
			<report>
				<misses>54200000</misses>
				<total>1</total>
				<timestamp>3252.528844</timestamp>
			</report>
			<report>
				<misses>54300000</misses>
				<total>1</total>
				<timestamp>3258.529677</timestamp>
			</report>
			<report>
				<misses>54400000</misses>
				<total>1</total>
				<timestamp>3264.530059</timestamp>
			</report>
			<report>
				<misses>54500000</misses>
				<total>1</total>
				<timestamp>3270.531962</timestamp>
			</report>
			<report>
				<misses>54600000</misses>
				<total>2</total>
				<timestamp>3276.533086</timestamp>
			</report>
			<report>
				<misses>54700000</misses>
				<total>1</total>
				<timestamp>3282.533884</timestamp>
			</report>
			<report>
				<misses>54800000</misses>
				<total>1</total>
				<timestamp>3288.534782</timestamp>
			</report>
			<report>
				<misses>54900000</misses>
				<total>1</total>
				<timestamp>3294.535956</timestamp>
			</report>
			<report>
				<misses>55000000</misses>
				<total>2</total>
				<timestamp>3300.537151</timestamp>
			</report>
			<report>
				<misses>55100000</misses>
				<total>2</total>
				<timestamp>3306.538614</timestamp>
			</report>
			<report>
				<misses>55200000</misses>
				<total>1</total>
				<timestamp>3312.539303</timestamp>
			</report>
			<report>
				<misses>55300000</misses>
				<total>1</total>
				<timestamp>3318.540371</timestamp>
			</report>
			<report>
				<misses>55400000</misses>
				<total>1</total>
				<timestamp>3324.541513</timestamp>
			</report>
			<report>
				<misses>55500000</misses>
				<total>1</total>
				<timestamp>3330.541915</timestamp>
			</report>
			<report>
				<misses>55600000</misses>
				<total>1</total>
				<timestamp>3336.542888</timestamp>
			</report>
			<report>
				<misses>55700000</misses>
				<total>2</total>
				<timestamp>3342.543113</timestamp>
			</report>
			<report>
				<misses>55800000</misses>
				<total>0</total>
				<timestamp>3348.544201</timestamp>
			</report>
			<report>
				<misses>55900000</misses>
				<total>2</total>
				<timestamp>3354.545413</timestamp>
			</report>
			<report>
				<misses>56000000</misses>
				<total>1</total>
				<timestamp>3360.546541</timestamp>
			</report>
			<report>
				<misses>56100000</misses>
				<total>1</total>
				<timestamp>3366.546915</timestamp>
			</report>
			<report>
				<misses>56200000</misses>
				<total>2</total>
				<timestamp>3372.548437</timestamp>
			</report>
			<report>
				<misses>56300000</misses>
				<total>2</total>
				<timestamp>3378.549425</timestamp>
			</report>
			<report>
				<misses>56400000</misses>
				<total>1</total>
				<timestamp>3384.550038</timestamp>
			</report>
			<report>
				<misses>56500000</misses>
				<total>0</total>
				<timestamp>3390.551314</timestamp>
			</report>
			<report>
				<misses>56600000</misses>
				<total>2</total>
				<timestamp>3396.552267</timestamp>
			</report>
			<report>
				<misses>56700000</misses>
				<total>1</total>
				<timestamp>3402.553445</timestamp>
			</report>
			<report>
				<misses>56800000</misses>
				<total>2</total>
				<timestamp>3408.554042</timestamp>
			</report>
			<report>
				<misses>56900000</misses>
				<total>1</total>
				<timestamp>3414.554474</timestamp>
			</report>
			<report>
				<misses>57000000</misses>
				<total>0</total>
				<timestamp>3420.555919</timestamp>
			</report>
			<report>
				<misses>57100000</misses>
				<total>2</total>
				<timestamp>3426.556649</timestamp>
			</report>
			<report>
				<misses>57200000</misses>
				<total>1</total>
				<timestamp>3432.557733</timestamp>
			</report>
			<report>
				<misses>57300000</misses>
				<total>1</total>
				<timestamp>3438.558325</timestamp>
			</report>
			<report>
				<misses>57400000</misses>
				<total>1</total>
				<timestamp>3444.559275</timestamp>
			</report>
			<report>
				<misses>57500000</misses>
				<total>2</total>
				<timestamp>3450.560098</timestamp>
			</report>
			<report>
				<misses>57600000</misses>
				<total>1</total>
				<timestamp>3456.560897</timestamp>
			</report>
			<report>
				<misses>57700000</misses>
				<total>1</total>
				<timestamp>3462.561241</timestamp>
			</report>
			<report>
				<misses>57800000</misses>
				<total>2</total>
				<timestamp>3468.561996</timestamp>
			</report>
			<report>
				<misses>57900000</misses>
				<total>1</total>
				<timestamp>3474.562646</timestamp>
			</report>
			<report>
				<misses>58000000</misses>
				<total>1</total>
				<timestamp>3480.564063</timestamp>
			</report>
			<report>
				<misses>58100000</misses>
				<total>1</total>
				<timestamp>3486.566688</timestamp>
			</report>
			<report>
				<misses>58200000</misses>
				<total>1</total>
				<timestamp>3492.567638</timestamp>
			</report>
			<report>
				<misses>58300000</misses>
				<total>1</total>
				<timestamp>3498.568743</timestamp>
			</report>
			<report>
				<misses>58400000</misses>
				<total>1</total>
				<timestamp>3504.569708</timestamp>
			</report>
			<report>
				<misses>58500000</misses>
				<total>1</total>
				<timestamp>3510.570313</timestamp>
			</report>
			<report>
				<misses>58600000</misses>
				<total>1</total>
				<timestamp>3516.571707</timestamp>
			</report>
			<report>
				<misses>58700000</misses>
				<total>1</total>
				<timestamp>3522.572204</timestamp>
			</report>
			<report>
				<misses>58800000</misses>
				<total>2</total>
				<timestamp>3528.572759</timestamp>
			</report>
			<report>
				<misses>58900000</misses>
				<total>1</total>
				<timestamp>3534.573484</timestamp>
			</report>
			<report>
				<misses>59000000</misses>
				<total>0</total>
				<timestamp>3540.574350</timestamp>
			</report>
			<report>
				<misses>59100000</misses>
				<total>1</total>
				<timestamp>3546.575359</timestamp>
			</report>
			<report>
				<misses>59200000</misses>
				<total>0</total>
				<timestamp>3552.576703</timestamp>
			</report>
			<report>
				<misses>59300000</misses>
				<total>2</total>
				<timestamp>3558.577783</timestamp>
			</report>
			<report>
				<misses>59400000</misses>
				<total>2</total>
				<timestamp>3564.577977</timestamp>
			</report>
			<report>
				<misses>59500000</misses>
				<total>2</total>
				<timestamp>3570.579318</timestamp>
			</report>
			<report>
				<misses>59600000</misses>
				<total>2</total>
				<timestamp>3576.580609</timestamp>
			</report>
			<report>
				<misses>59700000</misses>
				<total>2</total>
				<timestamp>3582.581147</timestamp>
			</report>
			<report>
				<misses>59800000</misses>
				<total>0</total>
				<timestamp>3588.581979</timestamp>
			</report>
			<report>
				<misses>59900000</misses>
				<total>1</total>
				<timestamp>3594.582768</timestamp>
			</report>
			<report>
				<misses>60000000</misses>
				<total>1</total>
				<timestamp>3600.583413</timestamp>
			</report>
			<report>
				<misses>60100000</misses>
				<total>1</total>
				<timestamp>3606.583788</timestamp>
			</report>
			<report>
				<misses>60200000</misses>
				<total>2</total>
				<timestamp>3612.585126</timestamp>
			</report>
			<report>
				<misses>60300000</misses>
				<total>2</total>
				<timestamp>3618.585548</timestamp>
			</report>
			<report>
				<misses>60400000</misses>
				<total>1</total>
				<timestamp>3624.586877</timestamp>
			</report>
			<report>
				<misses>60500000</misses>
				<total>0</total>
				<timestamp>3630.587970</timestamp>
			</report>
			<report>
				<misses>60600000</misses>
				<total>1</total>
				<timestamp>3636.589643</timestamp>
			</report>
			<report>
				<misses>60700000</misses>
				<total>1</total>
				<timestamp>3642.590443</timestamp>
			</report>
			<report>
				<misses>60800000</misses>
				<total>1</total>
				<timestamp>3648.591129</timestamp>
			</report>
			<report>
				<misses>60900000</misses>
				<total>2</total>
				<timestamp>3654.592636</timestamp>
			</report>
			<report>
				<misses>61000000</misses>
				<total>1</total>
				<timestamp>3660.593055</timestamp>
			</report>
			<report>
				<misses>61100000</misses>
				<total>1</total>
				<timestamp>3666.594379</timestamp>
			</report>
			<report>
				<misses>61200000</misses>
				<total>2</total>
				<timestamp>3672.595410</timestamp>
			</report>
			<report>
				<misses>61300000</misses>
				<total>1</total>
				<timestamp>3678.596350</timestamp>
			</report>
			<report>
				<misses>61400000</misses>
				<total>2</total>
				<timestamp>3684.596975</timestamp>
			</report>
			<report>
				<misses>61500000</misses>
				<total>1</total>
				<timestamp>3690.598648</timestamp>
			</report>
			<report>
				<misses>61600000</misses>
				<total>1</total>
				<timestamp>3696.599765</timestamp>
			</report>
			<report>
				<misses>61700000</misses>
				<total>1</total>
				<timestamp>3702.600506</timestamp>
			</report>
			<report>
				<misses>61800000</misses>
				<total>2</total>
				<timestamp>3708.601885</timestamp>
			</report>
			<report>
				<misses>61900000</misses>
				<total>1</total>
				<timestamp>3714.602590</timestamp>
			</report>
			<report>
				<misses>62000000</misses>
				<total>1</total>
				<timestamp>3720.602803</timestamp>
			</report>
			<report>
				<misses>62100000</misses>
				<total>1</total>
				<timestamp>3726.603853</timestamp>
			</report>
			<report>
				<misses>62200000</misses>
				<total>1</total>
				<timestamp>3732.604931</timestamp>
			</report>
			<report>
				<misses>62300000</misses>
				<total>2</total>
				<timestamp>3738.606320</timestamp>
			</report>
			<report>
				<misses>62400000</misses>
				<total>1</total>
				<timestamp>3744.607436</timestamp>
			</report>
			<report>
				<misses>62500000</misses>
				<total>1</total>
				<timestamp>3750.609146</timestamp>
			</report>
			<report>
				<misses>62600000</misses>
				<total>1</total>
				<timestamp>3756.609784</timestamp>
			</report>
			<report>
				<misses>62700000</misses>
				<total>1</total>
				<timestamp>3762.610637</timestamp>
			</report>
			<report>
				<misses>62800000</misses>
				<total>1</total>
				<timestamp>3768.611410</timestamp>
			</report>
			<report>
				<misses>62900000</misses>
				<total>1</total>
				<timestamp>3774.612646</timestamp>
			</report>
			<report>
				<misses>63000000</misses>
				<total>1</total>
				<timestamp>3780.613125</timestamp>
			</report>
			<report>
				<misses>63100000</misses>
				<total>1</total>
				<timestamp>3786.613773</timestamp>
			</report>
			<report>
				<misses>63200000</misses>
				<total>1</total>
				<timestamp>3792.614304</timestamp>
			</report>
			<report>
				<misses>63300000</misses>
				<total>1</total>
				<timestamp>3798.615083</timestamp>
			</report>
			<report>
				<misses>63400000</misses>
				<total>2</total>
				<timestamp>3804.616342</timestamp>
			</report>
			<report>
				<misses>63500000</misses>
				<total>1</total>
				<timestamp>3810.617421</timestamp>
			</report>
			<report>
				<misses>63600000</misses>
				<total>1</total>
				<timestamp>3816.618465</timestamp>
			</report>
			<report>
				<misses>63700000</misses>
				<total>1</total>
				<timestamp>3822.619767</timestamp>
			</report>
			<report>
				<misses>63800000</misses>
				<total>2</total>
				<timestamp>3828.620687</timestamp>
			</report>
			<report>
				<misses>63900000</misses>
				<total>1</total>
				<timestamp>3834.621244</timestamp>
			</report>
			<report>
				<misses>64000000</misses>
				<total>1</total>
				<timestamp>3840.622018</timestamp>
			</report>
			<report>
				<misses>64100000</misses>
				<total>2</total>
				<timestamp>3846.623194</timestamp>
			</report>
			<report>
				<misses>64200000</misses>
				<total>2</total>
				<timestamp>3852.623665</timestamp>
			</report>
			<report>
				<misses>64300000</misses>
				<total>1</total>
				<timestamp>3858.624594</timestamp>
			</report>
			<report>
				<misses>64400000</misses>
				<total>1</total>
				<timestamp>3864.625822</timestamp>
			</report>
			<report>
				<misses>64500000</misses>
				<total>1</total>
				<timestamp>3870.626343</timestamp>
			</report>
			<report>
				<misses>64600000</misses>
				<total>1</total>
				<timestamp>3876.627013</timestamp>
			</report>
			<report>
				<misses>64700000</misses>
				<total>2</total>
				<timestamp>3882.627648</timestamp>
			</report>
			<report>
				<misses>64800000</misses>
				<total>2</total>
				<timestamp>3888.629121</timestamp>
			</report>
			<report>
				<misses>64900000</misses>
				<total>1</total>
				<timestamp>3894.630199</timestamp>
			</report>
			<report>
				<misses>65000000</misses>
				<total>2</total>
				<timestamp>3900.631686</timestamp>
			</report>
			<report>
				<misses>65100000</misses>
				<total>1</total>
				<timestamp>3906.632418</timestamp>
			</report>
			<report>
				<misses>65200000</misses>
				<total>2</total>
				<timestamp>3912.632936</timestamp>
			</report>
			<report>
				<misses>65300000</misses>
				<total>1</total>
				<timestamp>3918.634037</timestamp>
			</report>
			<report>
				<misses>65400000</misses>
				<total>2</total>
				<timestamp>3924.635673</timestamp>
			</report>
			<report>
				<misses>65500000</misses>
				<total>1</total>
				<timestamp>3930.636384</timestamp>
			</report>
			<report>
				<misses>65600000</misses>
				<total>2</total>
				<timestamp>3936.637460</timestamp>
			</report>
			<report>
				<misses>65700000</misses>
				<total>1</total>
				<timestamp>3942.638621</timestamp>
			</report>
			<report>
				<misses>65800000</misses>
				<total>2</total>
				<timestamp>3948.639291</timestamp>
			</report>
			<report>
				<misses>65900000</misses>
				<total>1</total>
				<timestamp>3954.640647</timestamp>
			</report>
			<report>
				<misses>66000000</misses>
				<total>1</total>
				<timestamp>3960.642011</timestamp>
			</report>
			<report>
				<misses>66100000</misses>
				<total>1</total>
				<timestamp>3966.642747</timestamp>
			</report>
			<report>
				<misses>66200000</misses>
				<total>0</total>
				<timestamp>3972.643573</timestamp>
			</report>
			<report>
				<misses>66300000</misses>
				<total>1</total>
				<timestamp>3978.644689</timestamp>
			</report>
			<report>
				<misses>66400000</misses>
				<total>2</total>
				<timestamp>3984.645518</timestamp>
			</report>
			<report>
				<misses>66500000</misses>
				<total>1</total>
				<timestamp>3990.647056</timestamp>
			</report>
			<report>
				<misses>66600000</misses>
				<total>1</total>
				<timestamp>3996.648354</timestamp>
			</report>
			<report>
				<misses>66700000</misses>
				<total>2</total>
				<timestamp>4002.649626</timestamp>
			</report>
			<report>
				<misses>66800000</misses>
				<total>1</total>
				<timestamp>4008.650515</timestamp>
			</report>
			<report>
				<misses>66900000</misses>
				<total>1</total>
				<timestamp>4014.650934</timestamp>
			</report>
			<report>
				<misses>67000000</misses>
				<total>2</total>
				<timestamp>4020.651613</timestamp>
			</report>
			<report>
				<misses>67100000</misses>
				<total>1</total>
				<timestamp>4026.652470</timestamp>
			</report>
			<report>
				<misses>67200000</misses>
				<total>2</total>
				<timestamp>4032.653727</timestamp>
			</report>
			<report>
				<misses>67300000</misses>
				<total>0</total>
				<timestamp>4038.655054</timestamp>
			</report>
			<report>
				<misses>67400000</misses>
				<total>2</total>
				<timestamp>4044.655313</timestamp>
			</report>
			<report>
				<misses>67500000</misses>
				<total>1</total>
				<timestamp>4050.657382</timestamp>
			</report>
			<report>
				<misses>67600000</misses>
				<total>1</total>
				<timestamp>4056.658029</timestamp>
			</report>
			<report>
				<misses>67700000</misses>
				<total>1</total>
				<timestamp>4062.658848</timestamp>
			</report>
			<report>
				<misses>67800000</misses>
				<total>2</total>
				<timestamp>4068.660295</timestamp>
			</report>
			<report>
				<misses>67900000</misses>
				<total>1</total>
				<timestamp>4074.661103</timestamp>
			</report>
			<report>
				<misses>68000000</misses>
				<total>1</total>
				<timestamp>4080.661870</timestamp>
			</report>
			<report>
				<misses>68100000</misses>
				<total>1</total>
				<timestamp>4086.662823</timestamp>
			</report>
			<report>
				<misses>68200000</misses>
				<total>0</total>
				<timestamp>4092.663214</timestamp>
			</report>
			<report>
				<misses>68300000</misses>
				<total>1</total>
				<timestamp>4098.664517</timestamp>
			</report>
			<report>
				<misses>68400000</misses>
				<total>2</total>
				<timestamp>4104.665751</timestamp>
			</report>
			<report>
				<misses>68500000</misses>
				<total>1</total>
				<timestamp>4110.667020</timestamp>
			</report>
			<report>
				<misses>68600000</misses>
				<total>1</total>
				<timestamp>4116.668313</timestamp>
			</report>
			<report>
				<misses>68700000</misses>
				<total>2</total>
				<timestamp>4122.669234</timestamp>
			</report>
			<report>
				<misses>68800000</misses>
				<total>1</total>
				<timestamp>4128.670385</timestamp>
			</report>
			<report>
				<misses>68900000</misses>
				<total>2</total>
				<timestamp>4134.671307</timestamp>
			</report>
			<report>
				<misses>69000000</misses>
				<total>1</total>
				<timestamp>4140.672924</timestamp>
			</report>
			<report>
				<misses>69100000</misses>
				<total>0</total>
				<timestamp>4146.674501</timestamp>
			</report>
			<report>
				<misses>69200000</misses>
				<total>1</total>
				<timestamp>4152.674766</timestamp>
			</report>
			<report>
				<misses>69300000</misses>
				<total>2</total>
				<timestamp>4158.676127</timestamp>
			</report>
			<report>
				<misses>69400000</misses>
				<total>1</total>
				<timestamp>4164.677175</timestamp>
			</report>
			<report>
				<misses>69500000</misses>
				<total>2</total>
				<timestamp>4170.677749</timestamp>
			</report>
			<report>
				<misses>69600000</misses>
				<total>1</total>
				<timestamp>4176.678909</timestamp>
			</report>
			<report>
				<misses>69700000</misses>
				<total>1</total>
				<timestamp>4182.680541</timestamp>
			</report>
			<report>
				<misses>69800000</misses>
				<total>0</total>
				<timestamp>4188.681015</timestamp>
			</report>
			<report>
				<misses>69900000</misses>
				<total>1</total>
				<timestamp>4194.681892</timestamp>
			</report>
			<report>
				<misses>70000000</misses>
				<total>1</total>
				<timestamp>4200.683355</timestamp>
			</report>
			<report>
				<misses>70100000</misses>
				<total>1</total>
				<timestamp>4206.683793</timestamp>
			</report>
			<report>
				<misses>70200000</misses>
				<total>2</total>
				<timestamp>4212.685702</timestamp>
			</report>
			<report>
				<misses>70300000</misses>
				<total>1</total>
				<timestamp>4218.687650</timestamp>
			</report>
			<report>
				<misses>70400000</misses>
				<total>1</total>
				<timestamp>4224.688237</timestamp>
			</report>
			<report>
				<misses>70500000</misses>
				<total>2</total>
				<timestamp>4230.688910</timestamp>
			</report>
			<report>
				<misses>70600000</misses>
				<total>1</total>
				<timestamp>4236.689365</timestamp>
			</report>
			<report>
				<misses>70700000</misses>
				<total>1</total>
				<timestamp>4242.689939</timestamp>
			</report>
			<report>
				<misses>70800000</misses>
				<total>0</total>
				<timestamp>4248.690477</timestamp>
			</report>
			<report>
				<misses>70900000</misses>
				<total>1</total>
				<timestamp>4254.691427</timestamp>
			</report>
			<report>
				<misses>71000000</misses>
				<total>2</total>
				<timestamp>4260.691752</timestamp>
			</report>
			<report>
				<misses>71100000</misses>
				<total>2</total>
				<timestamp>4266.692578</timestamp>
			</report>
			<report>
				<misses>71200000</misses>
				<total>1</total>
				<timestamp>4272.693553</timestamp>
			</report>
			<report>
				<misses>71300000</misses>
				<total>1</total>
				<timestamp>4278.694150</timestamp>
			</report>
			<report>
				<misses>71400000</misses>
				<total>1</total>
				<timestamp>4284.694772</timestamp>
			</report>
			<report>
				<misses>71500000</misses>
				<total>1</total>
				<timestamp>4290.695731</timestamp>
			</report>
			<report>
				<misses>71600000</misses>
				<total>2</total>
				<timestamp>4296.697133</timestamp>
			</report>
			<report>
				<misses>71700000</misses>
				<total>1</total>
				<timestamp>4302.697740</timestamp>
			</report>
			<report>
				<misses>71800000</misses>
				<total>1</total>
				<timestamp>4308.698582</timestamp>
			</report>
			<report>
				<misses>71900000</misses>
				<total>2</total>
				<timestamp>4314.699136</timestamp>
			</report>
			<report>
				<misses>72000000</misses>
				<total>1</total>
				<timestamp>4320.700675</timestamp>
			</report>
			<report>
				<misses>72100000</misses>
				<total>1</total>
				<timestamp>4326.701036</timestamp>
			</report>
			<report>
				<misses>72200000</misses>
				<total>2</total>
				<timestamp>4332.702256</timestamp>
			</report>
			<report>
				<misses>72300000</misses>
				<total>2</total>
				<timestamp>4338.703067</timestamp>
			</report>
			<report>
				<misses>72400000</misses>
				<total>1</total>
				<timestamp>4344.704192</timestamp>
			</report>
			<report>
				<misses>72500000</misses>
				<total>1</total>
				<timestamp>4350.705407</timestamp>
			</report>
			<report>
				<misses>72600000</misses>
				<total>2</total>
				<timestamp>4356.706458</timestamp>
			</report>
			<report>
				<misses>72700000</misses>
				<total>1</total>
				<timestamp>4362.708242</timestamp>
			</report>
			<report>
				<misses>72800000</misses>
				<total>1</total>
				<timestamp>4368.709166</timestamp>
			</report>
			<report>
				<misses>72900000</misses>
				<total>2</total>
				<timestamp>4374.710313</timestamp>
			</report>
			<report>
				<misses>73000000</misses>
				<total>2</total>
				<timestamp>4380.711390</timestamp>
			</report>
			<report>
				<misses>73100000</misses>
				<total>2</total>
				<timestamp>4386.711646</timestamp>
			</report>
			<report>
				<misses>73200000</misses>
				<total>2</total>
				<timestamp>4392.712576</timestamp>
			</report>
			<report>
				<misses>73300000</misses>
				<total>1</total>
				<timestamp>4398.713971</timestamp>
			</report>
			<report>
				<misses>73400000</misses>
				<total>2</total>
				<timestamp>4404.715013</timestamp>
			</report>
			<report>
				<misses>73500000</misses>
				<total>2</total>
				<timestamp>4410.715612</timestamp>
			</report>
			<report>
				<misses>73600000</misses>
				<total>1</total>
				<timestamp>4416.716436</timestamp>
			</report>
			<report>
				<misses>73700000</misses>
				<total>1</total>
				<timestamp>4422.718230</timestamp>
			</report>
			<report>
				<misses>73800000</misses>
				<total>2</total>
				<timestamp>4428.719443</timestamp>
			</report>
			<report>
				<misses>73900000</misses>
				<total>1</total>
				<timestamp>4434.719906</timestamp>
			</report>
			<report>
				<misses>74000000</misses>
				<total>1</total>
				<timestamp>4440.720989</timestamp>
			</report>
			<report>
				<misses>74100000</misses>
				<total>1</total>
				<timestamp>4446.722508</timestamp>
			</report>
			<report>
				<misses>74200000</misses>
				<total>2</total>
				<timestamp>4452.723433</timestamp>
			</report>
			<report>
				<misses>74300000</misses>
				<total>1</total>
				<timestamp>4458.724129</timestamp>
			</report>
			<report>
				<misses>74400000</misses>
				<total>1</total>
				<timestamp>4464.724984</timestamp>
			</report>
			<report>
				<misses>74500000</misses>
				<total>0</total>
				<timestamp>4470.726163</timestamp>
			</report>
			<report>
				<misses>74600000</misses>
				<total>2</total>
				<timestamp>4476.726673</timestamp>
			</report>
			<report>
				<misses>74700000</misses>
				<total>1</total>
				<timestamp>4482.727977</timestamp>
			</report>
			<report>
				<misses>74800000</misses>
				<total>1</total>
				<timestamp>4488.728832</timestamp>
			</report>
			<report>
				<misses>74900000</misses>
				<total>2</total>
				<timestamp>4494.729614</timestamp>
			</report>
			<report>
				<misses>75000000</misses>
				<total>2</total>
				<timestamp>4500.730499</timestamp>
			</report>
			<report>
				<misses>75100000</misses>
				<total>1</total>
				<timestamp>4506.732075</timestamp>
			</report>
			<report>
				<misses>75200000</misses>
				<total>1</total>
				<timestamp>4512.733268</timestamp>
			</report>
			<report>
				<misses>75300000</misses>
				<total>1</total>
				<timestamp>4518.733569</timestamp>
			</report>
			<report>
				<misses>75400000</misses>
				<total>2</total>
				<timestamp>4524.734549</timestamp>
			</report>
			<report>
				<misses>75500000</misses>
				<total>1</total>
				<timestamp>4530.735768</timestamp>
			</report>
			<report>
				<misses>75600000</misses>
				<total>1</total>
				<timestamp>4536.736596</timestamp>
			</report>
			<report>
				<misses>75700000</misses>
				<total>1</total>
				<timestamp>4542.737093</timestamp>
			</report>
			<report>
				<misses>75800000</misses>
				<total>2</total>
				<timestamp>4548.738500</timestamp>
			</report>
			<report>
				<misses>75900000</misses>
				<total>2</total>
				<timestamp>4554.740052</timestamp>
			</report>
			<report>
				<misses>76000000</misses>
				<total>1</total>
				<timestamp>4560.741062</timestamp>
			</report>
			<report>
				<misses>76100000</misses>
				<total>1</total>
				<timestamp>4566.742039</timestamp>
			</report>
			<report>
				<misses>76200000</misses>
				<total>2</total>
				<timestamp>4572.743154</timestamp>
			</report>
			<report>
				<misses>76300000</misses>
				<total>1</total>
				<timestamp>4578.744056</timestamp>
			</report>
			<report>
				<misses>76400000</misses>
				<total>1</total>
				<timestamp>4584.744802</timestamp>
			</report>
			<report>
				<misses>76500000</misses>
				<total>0</total>
				<timestamp>4590.746689</timestamp>
			</report>
			<report>
				<misses>76600000</misses>
				<total>0</total>
				<timestamp>4596.747176</timestamp>
			</report>
			<report>
				<misses>76700000</misses>
				<total>2</total>
				<timestamp>4602.747790</timestamp>
			</report>
			<report>
				<misses>76800000</misses>
				<total>1</total>
				<timestamp>4608.748581</timestamp>
			</report>
			<report>
				<misses>76900000</misses>
				<total>1</total>
				<timestamp>4614.749983</timestamp>
			</report>
			<report>
				<misses>77000000</misses>
				<total>2</total>
				<timestamp>4620.751533</timestamp>
			</report>
			<report>
				<misses>77100000</misses>
				<total>2</total>
				<timestamp>4626.751933</timestamp>
			</report>
			<report>
				<misses>77200000</misses>
				<total>1</total>
				<timestamp>4632.752836</timestamp>
			</report>
			<report>
				<misses>77300000</misses>
				<total>0</total>
				<timestamp>4638.753877</timestamp>
			</report>
			<report>
				<misses>77400000</misses>
				<total>1</total>
				<timestamp>4644.754209</timestamp>
			</report>
			<report>
				<misses>77500000</misses>
				<total>2</total>
				<timestamp>4650.755097</timestamp>
			</report>
			<report>
				<misses>77600000</misses>
				<total>1</total>
				<timestamp>4656.756321</timestamp>
			</report>
			<report>
				<misses>77700000</misses>
				<total>2</total>
				<timestamp>4662.757551</timestamp>
			</report>
			<report>
				<misses>77800000</misses>
				<total>2</total>
				<timestamp>4668.758523</timestamp>
			</report>
			<report>
				<misses>77900000</misses>
				<total>1</total>
				<timestamp>4674.759661</timestamp>
			</report>
			<report>
				<misses>78000000</misses>
				<total>1</total>
				<timestamp>4680.760343</timestamp>
			</report>
			<report>
				<misses>78100000</misses>
				<total>1</total>
				<timestamp>4686.761542</timestamp>
			</report>
			<report>
				<misses>78200000</misses>
				<total>2</total>
				<timestamp>4692.762412</timestamp>
			</report>
			<report>
				<misses>78300000</misses>
				<total>1</total>
				<timestamp>4698.763335</timestamp>
			</report>
			<report>
				<misses>78400000</misses>
				<total>1</total>
				<timestamp>4704.764011</timestamp>
			</report>
			<report>
				<misses>78500000</misses>
				<total>1</total>
				<timestamp>4710.764827</timestamp>
			</report>
			<report>
				<misses>78600000</misses>
				<total>1</total>
				<timestamp>4716.765251</timestamp>
			</report>
			<report>
				<misses>78700000</misses>
				<total>2</total>
				<timestamp>4722.766518</timestamp>
			</report>
			<report>
				<misses>78800000</misses>
				<total>2</total>
				<timestamp>4728.767597</timestamp>
			</report>
			<report>
				<misses>78900000</misses>
				<total>1</total>
				<timestamp>4734.769081</timestamp>
			</report>
			<report>
				<misses>79000000</misses>
				<total>1</total>
				<timestamp>4740.770624</timestamp>
			</report>
			<report>
				<misses>79100000</misses>
				<total>1</total>
				<timestamp>4746.771272</timestamp>
			</report>
			<report>
				<misses>79200000</misses>
				<total>1</total>
				<timestamp>4752.772587</timestamp>
			</report>
			<report>
				<misses>79300000</misses>
				<total>1</total>
				<timestamp>4758.774530</timestamp>
			</report>
			<report>
				<misses>79400000</misses>
				<total>1</total>
				<timestamp>4764.775920</timestamp>
			</report>
			<report>
				<misses>79500000</misses>
				<total>1</total>
				<timestamp>4770.776289</timestamp>
			</report>
			<report>
				<misses>79600000</misses>
				<total>1</total>
				<timestamp>4776.777306</timestamp>
			</report>
			<report>
				<misses>79700000</misses>
				<total>1</total>
				<timestamp>4782.778760</timestamp>
			</report>
			<report>
				<misses>79800000</misses>
				<total>2</total>
				<timestamp>4788.780057</timestamp>
			</report>
			<report>
				<misses>79900000</misses>
				<total>2</total>
				<timestamp>4794.780485</timestamp>
			</report>
			<report>
				<misses>80000000</misses>
				<total>1</total>
				<timestamp>4800.781645</timestamp>
			</report>
			<report>
				<misses>80100000</misses>
				<total>1</total>
				<timestamp>4806.782246</timestamp>
			</report>
			<report>
				<misses>80200000</misses>
				<total>0</total>
				<timestamp>4812.783179</timestamp>
			</report>
			<report>
				<misses>80300000</misses>
				<total>1</total>
				<timestamp>4818.785110</timestamp>
			</report>
			<report>
				<misses>80400000</misses>
				<total>1</total>
				<timestamp>4824.786317</timestamp>
			</report>
			<report>
				<misses>80500000</misses>
				<total>1</total>
				<timestamp>4830.787296</timestamp>
			</report>
			<report>
				<misses>80600000</misses>
				<total>0</total>
				<timestamp>4836.787566</timestamp>
			</report>
			<report>
				<misses>80700000</misses>
				<total>1</total>
				<timestamp>4842.789312</timestamp>
			</report>
			<report>
				<misses>80800000</misses>
				<total>1</total>
				<timestamp>4848.790230</timestamp>
			</report>
			<report>
				<misses>80900000</misses>
				<total>1</total>
				<timestamp>4854.790323</timestamp>
			</report>
			<report>
				<misses>81000000</misses>
				<total>0</total>
				<timestamp>4860.791753</timestamp>
			</report>
			<report>
				<misses>81100000</misses>
				<total>1</total>
				<timestamp>4866.792680</timestamp>
			</report>
			<report>
				<misses>81200000</misses>
				<total>1</total>
				<timestamp>4872.793146</timestamp>
			</report>
			<report>
				<misses>81300000</misses>
				<total>2</total>
				<timestamp>4878.794825</timestamp>
			</report>
			<report>
				<misses>81400000</misses>
				<total>2</total>
				<timestamp>4884.796167</timestamp>
			</report>
			<report>
				<misses>81500000</misses>
				<total>1</total>
				<timestamp>4890.797784</timestamp>
			</report>
			<report>
				<misses>81600000</misses>
				<total>1</total>
				<timestamp>4896.798734</timestamp>
			</report>
			<report>
				<misses>81700000</misses>
				<total>2</total>
				<timestamp>4902.799574</timestamp>
			</report>
			<report>
				<misses>81800000</misses>
				<total>1</total>
				<timestamp>4908.800330</timestamp>
			</report>
			<report>
				<misses>81900000</misses>
				<total>0</total>
				<timestamp>4914.801497</timestamp>
			</report>
			<report>
				<misses>82000000</misses>
				<total>1</total>
				<timestamp>4920.802218</timestamp>
			</report>
			<report>
				<misses>82100000</misses>
				<total>1</total>
				<timestamp>4926.803044</timestamp>
			</report>
			<report>
				<misses>82200000</misses>
				<total>2</total>
				<timestamp>4932.803920</timestamp>
			</report>
			<report>
				<misses>82300000</misses>
				<total>1</total>
				<timestamp>4938.804518</timestamp>
			</report>
			<report>
				<misses>82400000</misses>
				<total>1</total>
				<timestamp>4944.805247</timestamp>
			</report>
			<report>
				<misses>82500000</misses>
				<total>1</total>
				<timestamp>4950.806228</timestamp>
			</report>
			<report>
				<misses>82600000</misses>
				<total>1</total>
				<timestamp>4956.806894</timestamp>
			</report>
			<report>
				<misses>82700000</misses>
				<total>1</total>
				<timestamp>4962.808202</timestamp>
			</report>
			<report>
				<misses>82800000</misses>
				<total>1</total>
				<timestamp>4968.809591</timestamp>
			</report>
			<report>
				<misses>82900000</misses>
				<total>2</total>
				<timestamp>4974.810260</timestamp>
			</report>
			<report>
				<misses>83000000</misses>
				<total>1</total>
				<timestamp>4980.812170</timestamp>
			</report>
			<report>
				<misses>83100000</misses>
				<total>1</total>
				<timestamp>4986.813026</timestamp>
			</report>
			<report>
				<misses>83200000</misses>
				<total>1</total>
				<timestamp>4992.814347</timestamp>
			</report>
			<report>
				<misses>83300000</misses>
				<total>1</total>
				<timestamp>4998.814771</timestamp>
			</report>
			<report>
				<misses>83400000</misses>
				<total>1</total>
				<timestamp>5004.815764</timestamp>
			</report>
			<report>
				<misses>83500000</misses>
				<total>1</total>
				<timestamp>5010.816771</timestamp>
			</report>
			<report>
				<misses>83600000</misses>
				<total>1</total>
				<timestamp>5016.818337</timestamp>
			</report>
			<report>
				<misses>83700000</misses>
				<total>1</total>
				<timestamp>5022.819850</timestamp>
			</report>
			<report>
				<misses>83800000</misses>
				<total>2</total>
				<timestamp>5028.820664</timestamp>
			</report>
			<report>
				<misses>83900000</misses>
				<total>2</total>
				<timestamp>5034.821165</timestamp>
			</report>
			<report>
				<misses>84000000</misses>
				<total>1</total>
				<timestamp>5040.822573</timestamp>
			</report>
			<report>
				<misses>84100000</misses>
				<total>2</total>
				<timestamp>5046.823246</timestamp>
			</report>
			<report>
				<misses>84200000</misses>
				<total>0</total>
				<timestamp>5052.824000</timestamp>
			</report>
			<report>
				<misses>84300000</misses>
				<total>1</total>
				<timestamp>5058.825367</timestamp>
			</report>
			<report>
				<misses>84400000</misses>
				<total>1</total>
				<timestamp>5064.826812</timestamp>
			</report>
			<report>
				<misses>84500000</misses>
				<total>1</total>
				<timestamp>5070.827899</timestamp>
			</report>
			<report>
				<misses>84600000</misses>
				<total>1</total>
				<timestamp>5076.828711</timestamp>
			</report>
			<report>
				<misses>84700000</misses>
				<total>2</total>
				<timestamp>5082.829561</timestamp>
			</report>
			<report>
				<misses>84800000</misses>
				<total>0</total>
				<timestamp>5088.830131</timestamp>
			</report>
			<report>
				<misses>84900000</misses>
				<total>1</total>
				<timestamp>5094.830642</timestamp>
			</report>
			<report>
				<misses>85000000</misses>
				<total>1</total>
				<timestamp>5100.831498</timestamp>
			</report>
			<report>
				<misses>85100000</misses>
				<total>2</total>
				<timestamp>5106.833209</timestamp>
			</report>
			<report>
				<misses>85200000</misses>
				<total>1</total>
				<timestamp>5112.834074</timestamp>
			</report>
			<report>
				<misses>85300000</misses>
				<total>1</total>
				<timestamp>5118.835125</timestamp>
			</report>
			<report>
				<misses>85400000</misses>
				<total>0</total>
				<timestamp>5124.835462</timestamp>
			</report>
			<report>
				<misses>85500000</misses>
				<total>1</total>
				<timestamp>5130.836580</timestamp>
			</report>
			<report>
				<misses>85600000</misses>
				<total>1</total>
				<timestamp>5136.837361</timestamp>
			</report>
			<report>
				<misses>85700000</misses>
				<total>2</total>
				<timestamp>5142.838150</timestamp>
			</report>
			<report>
				<misses>85800000</misses>
				<total>0</total>
				<timestamp>5148.839337</timestamp>
			</report>
			<report>
				<misses>85900000</misses>
				<total>2</total>
				<timestamp>5154.841083</timestamp>
			</report>
			<report>
				<misses>86000000</misses>
				<total>1</total>
				<timestamp>5160.841944</timestamp>
			</report>
			<report>
				<misses>86100000</misses>
				<total>1</total>
				<timestamp>5166.843079</timestamp>
			</report>
			<report>
				<misses>86200000</misses>
				<total>2</total>
				<timestamp>5172.843799</timestamp>
			</report>
			<report>
				<misses>86300000</misses>
				<total>2</total>
				<timestamp>5178.844564</timestamp>
			</report>
			<report>
				<misses>86400000</misses>
				<total>1</total>
				<timestamp>5184.845962</timestamp>
			</report>
			<report>
				<misses>86500000</misses>
				<total>2</total>
				<timestamp>5190.846669</timestamp>
			</report>
			<report>
				<misses>86600000</misses>
				<total>1</total>
				<timestamp>5196.847410</timestamp>
			</report>
			<report>
				<misses>86700000</misses>
				<total>1</total>
				<timestamp>5202.848487</timestamp>
			</report>
			<report>
				<misses>86800000</misses>
				<total>1</total>
				<timestamp>5208.850409</timestamp>
			</report>
			<report>
				<misses>86900000</misses>
				<total>2</total>
				<timestamp>5214.851700</timestamp>
			</report>
			<report>
				<misses>87000000</misses>
				<total>2</total>
				<timestamp>5220.852255</timestamp>
			</report>
			<report>
				<misses>87100000</misses>
				<total>2</total>
				<timestamp>5226.853275</timestamp>
			</report>
			<report>
				<misses>87200000</misses>
				<total>1</total>
				<timestamp>5232.854271</timestamp>
			</report>
			<report>
				<misses>87300000</misses>
				<total>1</total>
				<timestamp>5238.854766</timestamp>
			</report>
			<report>
				<misses>87400000</misses>
				<total>2</total>
				<timestamp>5244.855487</timestamp>
			</report>
			<report>
				<misses>87500000</misses>
				<total>2</total>
				<timestamp>5250.856874</timestamp>
			</report>
			<report>
				<misses>87600000</misses>
				<total>2</total>
				<timestamp>5256.857709</timestamp>
			</report>
			<report>
				<misses>87700000</misses>
				<total>1</total>
				<timestamp>5262.858914</timestamp>
			</report>
			<report>
				<misses>87800000</misses>
				<total>1</total>
				<timestamp>5268.860332</timestamp>
			</report>
			<report>
				<misses>87900000</misses>
				<total>1</total>
				<timestamp>5274.860960</timestamp>
			</report>
			<report>
				<misses>88000000</misses>
				<total>1</total>
				<timestamp>5280.862502</timestamp>
			</report>
			<report>
				<misses>88100000</misses>
				<total>1</total>
				<timestamp>5286.863301</timestamp>
			</report>
			<report>
				<misses>88200000</misses>
				<total>1</total>
				<timestamp>5292.864488</timestamp>
			</report>
			<report>
				<misses>88300000</misses>
				<total>1</total>
				<timestamp>5298.864943</timestamp>
			</report>
			<report>
				<misses>88400000</misses>
				<total>1</total>
				<timestamp>5304.865866</timestamp>
			</report>
			<report>
				<misses>88500000</misses>
				<total>1</total>
				<timestamp>5310.866570</timestamp>
			</report>
			<report>
				<misses>88600000</misses>
				<total>1</total>
				<timestamp>5316.867299</timestamp>
			</report>
			<report>
				<misses>88700000</misses>
				<total>1</total>
				<timestamp>5322.868678</timestamp>
			</report>
			<report>
				<misses>88800000</misses>
				<total>1</total>
				<timestamp>5328.869101</timestamp>
			</report>
			<report>
				<misses>88900000</misses>
				<total>1</total>
				<timestamp>5334.870177</timestamp>
			</report>
			<report>
				<misses>89000000</misses>
				<total>1</total>
				<timestamp>5340.871262</timestamp>
			</report>
			<report>
				<misses>89100000</misses>
				<total>1</total>
				<timestamp>5346.872766</timestamp>
			</report>
			<report>
				<misses>89200000</misses>
				<total>1</total>
				<timestamp>5352.873612</timestamp>
			</report>
			<report>
				<misses>89300000</misses>
				<total>1</total>
				<timestamp>5358.875497</timestamp>
			</report>
			<report>
				<misses>89400000</misses>
				<total>2</total>
				<timestamp>5364.876227</timestamp>
			</report>
			<report>
				<misses>89500000</misses>
				<total>0</total>
				<timestamp>5370.876659</timestamp>
			</report>
			<report>
				<misses>89600000</misses>
				<total>0</total>
				<timestamp>5376.877917</timestamp>
			</report>
			<report>
				<misses>89700000</misses>
				<total>2</total>
				<timestamp>5382.879017</timestamp>
			</report>
			<report>
				<misses>89800000</misses>
				<total>2</total>
				<timestamp>5388.880568</timestamp>
			</report>
			<report>
				<misses>89900000</misses>
				<total>1</total>
				<timestamp>5394.882125</timestamp>
			</report>
			<report>
				<misses>90000000</misses>
				<total>1</total>
				<timestamp>5400.882625</timestamp>
			</report>
			<report>
				<misses>90100000</misses>
				<total>1</total>
				<timestamp>5406.883806</timestamp>
			</report>
			<report>
				<misses>90200000</misses>
				<total>1</total>
				<timestamp>5412.885130</timestamp>
			</report>
			<report>
				<misses>90300000</misses>
				<total>1</total>
				<timestamp>5418.885659</timestamp>
			</report>
			<report>
				<misses>90400000</misses>
				<total>1</total>
				<timestamp>5424.886084</timestamp>
			</report>
			<report>
				<misses>90500000</misses>
				<total>1</total>
				<timestamp>5430.886704</timestamp>
			</report>
			<report>
				<misses>90600000</misses>
				<total>1</total>
				<timestamp>5436.887880</timestamp>
			</report>
			<report>
				<misses>90700000</misses>
				<total>1</total>
				<timestamp>5442.888440</timestamp>
			</report>
			<report>
				<misses>90800000</misses>
				<total>1</total>
				<timestamp>5448.889723</timestamp>
			</report>
			<report>
				<misses>90900000</misses>
				<total>1</total>
				<timestamp>5454.890886</timestamp>
			</report>
			<report>
				<misses>91000000</misses>
				<total>1</total>
				<timestamp>5460.892072</timestamp>
			</report>
			<report>
				<misses>91100000</misses>
				<total>2</total>
				<timestamp>5466.892744</timestamp>
			</report>
			<report>
				<misses>91200000</misses>
				<total>1</total>
				<timestamp>5472.894199</timestamp>
			</report>
			<report>
				<misses>91300000</misses>
				<total>2</total>
				<timestamp>5478.894633</timestamp>
			</report>
			<report>
				<misses>91400000</misses>
				<total>1</total>
				<timestamp>5484.895680</timestamp>
			</report>
			<report>
				<misses>91500000</misses>
				<total>1</total>
				<timestamp>5490.896494</timestamp>
			</report>
			<report>
				<misses>91600000</misses>
				<total>2</total>
				<timestamp>5496.897326</timestamp>
			</report>
			<report>
				<misses>91700000</misses>
				<total>2</total>
				<timestamp>5502.897890</timestamp>
			</report>
			<report>
				<misses>91800000</misses>
				<total>2</total>
				<timestamp>5508.899212</timestamp>
			</report>
			<report>
				<misses>91900000</misses>
				<total>2</total>
				<timestamp>5514.901209</timestamp>
			</report>
			<report>
				<misses>92000000</misses>
				<total>1</total>
				<timestamp>5520.901750</timestamp>
			</report>
			<report>
				<misses>92100000</misses>
				<total>1</total>
				<timestamp>5526.902487</timestamp>
			</report>
			<report>
				<misses>92200000</misses>
				<total>2</total>
				<timestamp>5532.903509</timestamp>
			</report>
			<report>
				<misses>92300000</misses>
				<total>2</total>
				<timestamp>5538.904023</timestamp>
			</report>
			<report>
				<misses>92400000</misses>
				<total>1</total>
				<timestamp>5544.904746</timestamp>
			</report>
			<report>
				<misses>92500000</misses>
				<total>1</total>
				<timestamp>5550.905705</timestamp>
			</report>
			<report>
				<misses>92600000</misses>
				<total>2</total>
				<timestamp>5556.906290</timestamp>
			</report>
			<report>
				<misses>92700000</misses>
				<total>2</total>
				<timestamp>5562.907451</timestamp>
			</report>
			<report>
				<misses>92800000</misses>
				<total>2</total>
				<timestamp>5568.908763</timestamp>
			</report>
			<report>
				<misses>92900000</misses>
				<total>2</total>
				<timestamp>5574.910084</timestamp>
			</report>
			<report>
				<misses>93000000</misses>
				<total>1</total>
				<timestamp>5580.910792</timestamp>
			</report>
			<report>
				<misses>93100000</misses>
				<total>0</total>
				<timestamp>5586.911810</timestamp>
			</report>
			<report>
				<misses>93200000</misses>
				<total>2</total>
				<timestamp>5592.912952</timestamp>
			</report>
			<report>
				<misses>93300000</misses>
				<total>1</total>
				<timestamp>5598.914070</timestamp>
			</report>
			<report>
				<misses>93400000</misses>
				<total>0</total>
				<timestamp>5604.914856</timestamp>
			</report>
			<report>
				<misses>93500000</misses>
				<total>1</total>
				<timestamp>5610.916053</timestamp>
			</report>
			<report>
				<misses>93600000</misses>
				<total>1</total>
				<timestamp>5616.916785</timestamp>
			</report>
			<report>
				<misses>93700000</misses>
				<total>1</total>
				<timestamp>5622.917383</timestamp>
			</report>
			<report>
				<misses>93800000</misses>
				<total>2</total>
				<timestamp>5628.917959</timestamp>
			</report>
			<report>
				<misses>93900000</misses>
				<total>1</total>
				<timestamp>5634.919192</timestamp>
			</report>
			<report>
				<misses>94000000</misses>
				<total>1</total>
				<timestamp>5640.919413</timestamp>
			</report>
			<report>
				<misses>94100000</misses>
				<total>2</total>
				<timestamp>5646.920488</timestamp>
			</report>
			<report>
				<misses>94200000</misses>
				<total>0</total>
				<timestamp>5652.921320</timestamp>
			</report>
			<report>
				<misses>94300000</misses>
				<total>1</total>
				<timestamp>5658.921916</timestamp>
			</report>
			<report>
				<misses>94400000</misses>
				<total>1</total>
				<timestamp>5664.923400</timestamp>
			</report>
			<report>
				<misses>94500000</misses>
				<total>2</total>
				<timestamp>5670.925140</timestamp>
			</report>
			<report>
				<misses>94600000</misses>
				<total>2</total>
				<timestamp>5676.926226</timestamp>
			</report>
			<report>
				<misses>94700000</misses>
				<total>1</total>
				<timestamp>5682.926472</timestamp>
			</report>
			<report>
				<misses>94800000</misses>
				<total>1</total>
				<timestamp>5688.927860</timestamp>
			</report>
			<report>
				<misses>94900000</misses>
				<total>1</total>
				<timestamp>5694.929107</timestamp>
			</report>
			<report>
				<misses>95000000</misses>
				<total>2</total>
				<timestamp>5700.929785</timestamp>
			</report>
			<report>
				<misses>95100000</misses>
				<total>2</total>
				<timestamp>5706.930908</timestamp>
			</report>
			<report>
				<misses>95200000</misses>
				<total>2</total>
				<timestamp>5712.931556</timestamp>
			</report>
			<report>
				<misses>95300000</misses>
				<total>1</total>
				<timestamp>5718.932229</timestamp>
			</report>
			<report>
				<misses>95400000</misses>
				<total>0</total>
				<timestamp>5724.933432</timestamp>
			</report>
			<report>
				<misses>95500000</misses>
				<total>1</total>
				<timestamp>5730.934531</timestamp>
			</report>
			<report>
				<misses>95600000</misses>
				<total>2</total>
				<timestamp>5736.934638</timestamp>
			</report>
			<report>
				<misses>95700000</misses>
				<total>1</total>
				<timestamp>5742.935696</timestamp>
			</report>
			<report>
				<misses>95800000</misses>
				<total>2</total>
				<timestamp>5748.936803</timestamp>
			</report>
			<report>
				<misses>95900000</misses>
				<total>1</total>
				<timestamp>5754.937648</timestamp>
			</report>
			<report>
				<misses>96000000</misses>
				<total>2</total>
				<timestamp>5760.938882</timestamp>
			</report>
			<report>
				<misses>96100000</misses>
				<total>2</total>
				<timestamp>5766.940329</timestamp>
			</report>
			<report>
				<misses>96200000</misses>
				<total>2</total>
				<timestamp>5772.940860</timestamp>
			</report>
			<report>
				<misses>96300000</misses>
				<total>1</total>
				<timestamp>5778.941648</timestamp>
			</report>
			<report>
				<misses>96400000</misses>
				<total>1</total>
				<timestamp>5784.942628</timestamp>
			</report>
			<report>
				<misses>96500000</misses>
				<total>1</total>
				<timestamp>5790.943631</timestamp>
			</report>
			<report>
				<misses>96600000</misses>
				<total>1</total>
				<timestamp>5796.944288</timestamp>
			</report>
			<report>
				<misses>96700000</misses>
				<total>2</total>
				<timestamp>5802.945009</timestamp>
			</report>
			<report>
				<misses>96800000</misses>
				<total>1</total>
				<timestamp>5808.945224</timestamp>
			</report>
			<report>
				<misses>96900000</misses>
				<total>1</total>
				<timestamp>5814.946810</timestamp>
			</report>
			<report>
				<misses>97000000</misses>
				<total>2</total>
				<timestamp>5820.947357</timestamp>
			</report>
			<report>
				<misses>97100000</misses>
				<total>1</total>
				<timestamp>5826.948724</timestamp>
			</report>
			<report>
				<misses>97200000</misses>
				<total>2</total>
				<timestamp>5832.949245</timestamp>
			</report>
			<report>
				<misses>97300000</misses>
				<total>1</total>
				<timestamp>5838.950518</timestamp>
			</report>
			<report>
				<misses>97400000</misses>
				<total>1</total>
				<timestamp>5844.951077</timestamp>
			</report>
			<report>
				<misses>97500000</misses>
				<total>1</total>
				<timestamp>5850.951915</timestamp>
			</report>
			<report>
				<misses>97600000</misses>
				<total>1</total>
				<timestamp>5856.953229</timestamp>
			</report>
			<report>
				<misses>97700000</misses>
				<total>2</total>
				<timestamp>5862.954984</timestamp>
			</report>
			<report>
				<misses>97800000</misses>
				<total>0</total>
				<timestamp>5868.955979</timestamp>
			</report>
			<report>
				<misses>97900000</misses>
				<total>2</total>
				<timestamp>5874.956939</timestamp>
			</report>
			<report>
				<misses>98000000</misses>
				<total>2</total>
				<timestamp>5880.957802</timestamp>
			</report>
			<report>
				<misses>98100000</misses>
				<total>1</total>
				<timestamp>5886.959098</timestamp>
			</report>
			<report>
				<misses>98200000</misses>
				<total>2</total>
				<timestamp>5892.959620</timestamp>
			</report>
			<report>
				<misses>98300000</misses>
				<total>2</total>
				<timestamp>5898.960130</timestamp>
			</report>
			<report>
				<misses>98400000</misses>
				<total>1</total>
				<timestamp>5904.961647</timestamp>
			</report>
			<report>
				<misses>98500000</misses>
				<total>1</total>
				<timestamp>5910.962187</timestamp>
			</report>
			<report>
				<misses>98600000</misses>
				<total>1</total>
				<timestamp>5916.962952</timestamp>
			</report>
			<report>
				<misses>98700000</misses>
				<total>2</total>
				<timestamp>5922.963959</timestamp>
			</report>
			<report>
				<misses>98800000</misses>
				<total>1</total>
				<timestamp>5928.965229</timestamp>
			</report>
			<report>
				<misses>98900000</misses>
				<total>1</total>
				<timestamp>5934.966441</timestamp>
			</report>
			<report>
				<misses>99000000</misses>
				<total>2</total>
				<timestamp>5940.967208</timestamp>
			</report>
			<report>
				<misses>99100000</misses>
				<total>1</total>
				<timestamp>5946.968015</timestamp>
			</report>
			<report>
				<misses>99200000</misses>
				<total>1</total>
				<timestamp>5952.969075</timestamp>
			</report>
			<report>
				<misses>99300000</misses>
				<total>1</total>
				<timestamp>5958.969895</timestamp>
			</report>
			<report>
				<misses>99400000</misses>
				<total>2</total>
				<timestamp>5964.971268</timestamp>
			</report>
			<report>
				<misses>99500000</misses>
				<total>2</total>
				<timestamp>5970.972374</timestamp>
			</report>
			<report>
				<misses>99600000</misses>
				<total>2</total>
				<timestamp>5976.973572</timestamp>
			</report>
			<report>
				<misses>99700000</misses>
				<total>2</total>
				<timestamp>5982.973983</timestamp>
			</report>
			<report>
				<misses>99800000</misses>
				<total>1</total>
				<timestamp>5988.975969</timestamp>
			</report>
			<report>
				<misses>99900000</misses>
				<total>2</total>
				<timestamp>5994.976751</timestamp>
			</report>
			<report>
				<misses>100000000</misses>
				<total>2</total>
				<timestamp>6000.977161</timestamp>
			</report>
			<report>
				<misses>100100000</misses>
				<total>1</total>
				<timestamp>6006.978093</timestamp>
			</report>
			<report>
				<misses>100200000</misses>
				<total>1</total>
				<timestamp>6012.979011</timestamp>
			</report>
			<report>
				<misses>100300000</misses>
				<total>0</total>
				<timestamp>6018.979405</timestamp>
			</report>
			<report>
				<misses>100400000</misses>
				<total>1</total>
				<timestamp>6024.981115</timestamp>
			</report>
			<report>
				<misses>100500000</misses>
				<total>1</total>
				<timestamp>6030.981793</timestamp>
			</report>
			<report>
				<misses>100600000</misses>
				<total>0</total>
				<timestamp>6036.982620</timestamp>
			</report>
			<report>
				<misses>100700000</misses>
				<total>2</total>
				<timestamp>6042.983172</timestamp>
			</report>
			<report>
				<misses>100800000</misses>
				<total>2</total>
				<timestamp>6048.983577</timestamp>
			</report>
			<report>
				<misses>100900000</misses>
				<total>1</total>
				<timestamp>6054.984202</timestamp>
			</report>
			<report>
				<misses>101000000</misses>
				<total>2</total>
				<timestamp>6060.985090</timestamp>
			</report>
			<report>
				<misses>101100000</misses>
				<total>2</total>
				<timestamp>6066.986288</timestamp>
			</report>
			<report>
				<misses>101200000</misses>
				<total>1</total>
				<timestamp>6072.987105</timestamp>
			</report>
			<report>
				<misses>101300000</misses>
				<total>1</total>
				<timestamp>6078.988579</timestamp>
			</report>
			<report>
				<misses>101400000</misses>
				<total>1</total>
				<timestamp>6084.989180</timestamp>
			</report>
			<report>
				<misses>101500000</misses>
				<total>2</total>
				<timestamp>6090.990060</timestamp>
			</report>
			<report>
				<misses>101600000</misses>
				<total>1</total>
				<timestamp>6096.990985</timestamp>
			</report>
			<report>
				<misses>101700000</misses>
				<total>1</total>
				<timestamp>6102.992192</timestamp>
			</report>
			<report>
				<misses>101800000</misses>
				<total>2</total>
				<timestamp>6108.992627</timestamp>
			</report>
			<report>
				<misses>101900000</misses>
				<total>1</total>
				<timestamp>6114.994112</timestamp>
			</report>
			<report>
				<misses>102000000</misses>
				<total>1</total>
				<timestamp>6120.994966</timestamp>
			</report>
			<report>
				<misses>102100000</misses>
				<total>1</total>
				<timestamp>6126.995712</timestamp>
			</report>
			<report>
				<misses>102200000</misses>
				<total>1</total>
				<timestamp>6132.996526</timestamp>
			</report>
			<report>
				<misses>102300000</misses>
				<total>1</total>
				<timestamp>6138.997842</timestamp>
			</report>
			<report>
				<misses>102400000</misses>
				<total>1</total>
				<timestamp>6144.998935</timestamp>
			</report>
			<report>
				<misses>102500000</misses>
				<total>1</total>
				<timestamp>6151.000161</timestamp>
			</report>
			<report>
				<misses>102600000</misses>
				<total>1</total>
				<timestamp>6157.000394</timestamp>
			</report>
			<report>
				<misses>102700000</misses>
				<total>2</total>
				<timestamp>6163.001652</timestamp>
			</report>
			<report>
				<misses>102800000</misses>
				<total>1</total>
				<timestamp>6169.002481</timestamp>
			</report>
			<report>
				<misses>102900000</misses>
				<total>2</total>
				<timestamp>6175.003500</timestamp>
			</report>
			<report>
				<misses>103000000</misses>
				<total>0</total>
				<timestamp>6181.005008</timestamp>
			</report>
			<report>
				<misses>103100000</misses>
				<total>2</total>
				<timestamp>6187.006098</timestamp>
			</report>
			<report>
				<misses>103200000</misses>
				<total>1</total>
				<timestamp>6193.006714</timestamp>
			</report>
			<report>
				<misses>103300000</misses>
				<total>2</total>
				<timestamp>6199.007639</timestamp>
			</report>
			<report>
				<misses>103400000</misses>
				<total>2</total>
				<timestamp>6205.008489</timestamp>
			</report>
			<report>
				<misses>103500000</misses>
				<total>2</total>
				<timestamp>6211.009129</timestamp>
			</report>
			<report>
				<misses>103600000</misses>
				<total>1</total>
				<timestamp>6217.010030</timestamp>
			</report>
			<report>
				<misses>103700000</misses>
				<total>0</total>
				<timestamp>6223.010931</timestamp>
			</report>
			<report>
				<misses>103800000</misses>
				<total>2</total>
				<timestamp>6229.011425</timestamp>
			</report>
			<report>
				<misses>103900000</misses>
				<total>1</total>
				<timestamp>6235.012499</timestamp>
			</report>
			<report>
				<misses>104000000</misses>
				<total>1</total>
				<timestamp>6241.013647</timestamp>
			</report>
			<report>
				<misses>104100000</misses>
				<total>1</total>
				<timestamp>6247.014288</timestamp>
			</report>
			<report>
				<misses>104200000</misses>
				<total>2</total>
				<timestamp>6253.015096</timestamp>
			</report>
			<report>
				<misses>104300000</misses>
				<total>1</total>
				<timestamp>6259.016703</timestamp>
			</report>
			<report>
				<misses>104400000</misses>
				<total>2</total>
				<timestamp>6265.017950</timestamp>
			</report>
			<report>
				<misses>104500000</misses>
				<total>1</total>
				<timestamp>6271.018604</timestamp>
			</report>
			<report>
				<misses>104600000</misses>
				<total>1</total>
				<timestamp>6277.019701</timestamp>
			</report>
			<report>
				<misses>104700000</misses>
				<total>1</total>
				<timestamp>6283.020614</timestamp>
			</report>
			<report>
				<misses>104800000</misses>
				<total>1</total>
				<timestamp>6289.021236</timestamp>
			</report>
			<report>
				<misses>104900000</misses>
				<total>2</total>
				<timestamp>6295.021812</timestamp>
			</report>
			<report>
				<misses>105000000</misses>
				<total>2</total>
				<timestamp>6301.022893</timestamp>
			</report>
			<report>
				<misses>105100000</misses>
				<total>0</total>
				<timestamp>6307.023261</timestamp>
			</report>
			<report>
				<misses>105200000</misses>
				<total>2</total>
				<timestamp>6313.023789</timestamp>
			</report>
			<report>
				<misses>105300000</misses>
				<total>2</total>
				<timestamp>6319.025000</timestamp>
			</report>
			<report>
				<misses>105400000</misses>
				<total>2</total>
				<timestamp>6325.025415</timestamp>
			</report>
			<report>
				<misses>105500000</misses>
				<total>1</total>
				<timestamp>6331.026559</timestamp>
			</report>
			<report>
				<misses>105600000</misses>
				<total>1</total>
				<timestamp>6337.027066</timestamp>
			</report>
			<report>
				<misses>105700000</misses>
				<total>1</total>
				<timestamp>6343.027960</timestamp>
			</report>
			<report>
				<misses>105800000</misses>
				<total>0</total>
				<timestamp>6349.029139</timestamp>
			</report>
			<report>
				<misses>105900000</misses>
				<total>2</total>
				<timestamp>6355.029607</timestamp>
			</report>
			<report>
				<misses>106000000</misses>
				<total>1</total>
				<timestamp>6361.030746</timestamp>
			</report>
			<report>
				<misses>106100000</misses>
				<total>1</total>
				<timestamp>6367.032052</timestamp>
			</report>
			<report>
				<misses>106200000</misses>
				<total>0</total>
				<timestamp>6373.033895</timestamp>
			</report>
			<report>
				<misses>106300000</misses>
				<total>1</total>
				<timestamp>6379.034284</timestamp>
			</report>
			<report>
				<misses>106400000</misses>
				<total>1</total>
				<timestamp>6385.035370</timestamp>
			</report>
			<report>
				<misses>106500000</misses>
				<total>2</total>
				<timestamp>6391.036090</timestamp>
			</report>
			<report>
				<misses>106600000</misses>
				<total>0</total>
				<timestamp>6397.037369</timestamp>
			</report>
			<report>
				<misses>106700000</misses>
				<total>1</total>
				<timestamp>6403.038174</timestamp>
			</report>
			<report>
				<misses>106800000</misses>
				<total>1</total>
				<timestamp>6409.039089</timestamp>
			</report>
			<report>
				<misses>106900000</misses>
				<total>1</total>
				<timestamp>6415.039988</timestamp>
			</report>
			<report>
				<misses>107000000</misses>
				<total>0</total>
				<timestamp>6421.041447</timestamp>
			</report>
			<report>
				<misses>107100000</misses>
				<total>1</total>
				<timestamp>6427.041913</timestamp>
			</report>
			<report>
				<misses>107200000</misses>
				<total>2</total>
				<timestamp>6433.043144</timestamp>
			</report>
			<report>
				<misses>107300000</misses>
				<total>2</total>
				<timestamp>6439.044234</timestamp>
			</report>
			<report>
				<misses>107400000</misses>
				<total>2</total>
				<timestamp>6445.044953</timestamp>
			</report>
			<report>
				<misses>107500000</misses>
				<total>1</total>
				<timestamp>6451.045819</timestamp>
			</report>
			<report>
				<misses>107600000</misses>
				<total>1</total>
				<timestamp>6457.047767</timestamp>
			</report>
			<report>
				<misses>107700000</misses>
				<total>2</total>
				<timestamp>6463.048749</timestamp>
			</report>
			<report>
				<misses>107800000</misses>
				<total>2</total>
				<timestamp>6469.049592</timestamp>
			</report>
			<report>
				<misses>107900000</misses>
				<total>1</total>
				<timestamp>6475.050604</timestamp>
			</report>
			<report>
				<misses>108000000</misses>
				<total>2</total>
				<timestamp>6481.051213</timestamp>
			</report>
			<report>
				<misses>108100000</misses>
				<total>1</total>
				<timestamp>6487.051948</timestamp>
			</report>
			<report>
				<misses>108200000</misses>
				<total>0</total>
				<timestamp>6493.052836</timestamp>
			</report>
			<report>
				<misses>108300000</misses>
				<total>2</total>
				<timestamp>6499.054168</timestamp>
			</report>
			<report>
				<misses>108400000</misses>
				<total>1</total>
				<timestamp>6505.054689</timestamp>
			</report>
			<report>
				<misses>108500000</misses>
				<total>1</total>
				<timestamp>6511.055909</timestamp>
			</report>
			<report>
				<misses>108600000</misses>
				<total>1</total>
				<timestamp>6517.056906</timestamp>
			</report>
			<report>
				<misses>108700000</misses>
				<total>1</total>
				<timestamp>6523.057656</timestamp>
			</report>
			<report>
				<misses>108800000</misses>
				<total>1</total>
				<timestamp>6529.058272</timestamp>
			</report>
			<report>
				<misses>108900000</misses>
				<total>1</total>
				<timestamp>6535.060142</timestamp>
			</report>
			<report>
				<misses>109000000</misses>
				<total>0</total>
				<timestamp>6541.061053</timestamp>
			</report>
			<report>
				<misses>109100000</misses>
				<total>1</total>
				<timestamp>6547.062212</timestamp>
			</report>
			<report>
				<misses>109200000</misses>
				<total>2</total>
				<timestamp>6553.062544</timestamp>
			</report>
			<report>
				<misses>109300000</misses>
				<total>1</total>
				<timestamp>6559.063936</timestamp>
			</report>
			<report>
				<misses>109400000</misses>
				<total>2</total>
				<timestamp>6565.064724</timestamp>
			</report>
			<report>
				<misses>109500000</misses>
				<total>1</total>
				<timestamp>6571.065682</timestamp>
			</report>
			<report>
				<misses>109600000</misses>
				<total>1</total>
				<timestamp>6577.067075</timestamp>
			</report>
			<report>
				<misses>109700000</misses>
				<total>3</total>
				<timestamp>6583.067620</timestamp>
			</report>
			<report>
				<misses>109800000</misses>
				<total>1</total>
				<timestamp>6589.068555</timestamp>
			</report>
			<report>
				<misses>109900000</misses>
				<total>1</total>
				<timestamp>6595.069479</timestamp>
			</report>
			<report>
				<misses>110000000</misses>
				<total>1</total>
				<timestamp>6601.070570</timestamp>
			</report>
			<report>
				<misses>110100000</misses>
				<total>0</total>
				<timestamp>6607.071344</timestamp>
			</report>
			<report>
				<misses>110200000</misses>
				<total>1</total>
				<timestamp>6613.072398</timestamp>
			</report>
			<report>
				<misses>110300000</misses>
				<total>1</total>
				<timestamp>6619.074187</timestamp>
			</report>
			<report>
				<misses>110400000</misses>
				<total>1</total>
				<timestamp>6625.074662</timestamp>
			</report>
			<report>
				<misses>110500000</misses>
				<total>1</total>
				<timestamp>6631.075744</timestamp>
			</report>
			<report>
				<misses>110600000</misses>
				<total>2</total>
				<timestamp>6637.076469</timestamp>
			</report>
			<report>
				<misses>110700000</misses>
				<total>1</total>
				<timestamp>6643.076919</timestamp>
			</report>
			<report>
				<misses>110800000</misses>
				<total>1</total>
				<timestamp>6649.078270</timestamp>
			</report>
			<report>
				<misses>110900000</misses>
				<total>2</total>
				<timestamp>6655.079333</timestamp>
			</report>
			<report>
				<misses>111000000</misses>
				<total>2</total>
				<timestamp>6661.080452</timestamp>
			</report>
			<report>
				<misses>111100000</misses>
				<total>1</total>
				<timestamp>6667.082077</timestamp>
			</report>
			<report>
				<misses>111200000</misses>
				<total>1</total>
				<timestamp>6673.083051</timestamp>
			</report>
			<report>
				<misses>111300000</misses>
				<total>1</total>
				<timestamp>6679.084113</timestamp>
			</report>
			<report>
				<misses>111400000</misses>
				<total>1</total>
				<timestamp>6685.084793</timestamp>
			</report>
			<report>
				<misses>111500000</misses>
				<total>1</total>
				<timestamp>6691.085334</timestamp>
			</report>
			<report>
				<misses>111600000</misses>
				<total>1</total>
				<timestamp>6697.086091</timestamp>
			</report>
			<report>
				<misses>111700000</misses>
				<total>1</total>
				<timestamp>6703.087822</timestamp>
			</report>
			<report>
				<misses>111800000</misses>
				<total>2</total>
				<timestamp>6709.088835</timestamp>
			</report>
			<report>
				<misses>111900000</misses>
				<total>1</total>
				<timestamp>6715.090216</timestamp>
			</report>
			<report>
				<misses>112000000</misses>
				<total>1</total>
				<timestamp>6721.091290</timestamp>
			</report>
			<report>
				<misses>112100000</misses>
				<total>1</total>
				<timestamp>6727.092350</timestamp>
			</report>
			<report>
				<misses>112200000</misses>
				<total>1</total>
				<timestamp>6733.094718</timestamp>
			</report>
			<report>
				<misses>112300000</misses>
				<total>1</total>
				<timestamp>6739.095837</timestamp>
			</report>
			<report>
				<misses>112400000</misses>
				<total>1</total>
				<timestamp>6745.096583</timestamp>
			</report>
			<report>
				<misses>112500000</misses>
				<total>1</total>
				<timestamp>6751.097825</timestamp>
			</report>
			<report>
				<misses>112600000</misses>
				<total>2</total>
				<timestamp>6757.098893</timestamp>
			</report>
			<report>
				<misses>112700000</misses>
				<total>2</total>
				<timestamp>6763.099141</timestamp>
			</report>
			<report>
				<misses>112800000</misses>
				<total>0</total>
				<timestamp>6769.100273</timestamp>
			</report>
			<report>
				<misses>112900000</misses>
				<total>2</total>
				<timestamp>6775.101029</timestamp>
			</report>
			<report>
				<misses>113000000</misses>
				<total>0</total>
				<timestamp>6781.102639</timestamp>
			</report>
			<report>
				<misses>113100000</misses>
				<total>1</total>
				<timestamp>6787.103638</timestamp>
			</report>
			<report>
				<misses>113200000</misses>
				<total>2</total>
				<timestamp>6793.104170</timestamp>
			</report>
			<report>
				<misses>113300000</misses>
				<total>1</total>
				<timestamp>6799.105194</timestamp>
			</report>
			<report>
				<misses>113400000</misses>
				<total>2</total>
				<timestamp>6805.106214</timestamp>
			</report>
			<report>
				<misses>113500000</misses>
				<total>0</total>
				<timestamp>6811.106576</timestamp>
			</report>
			<report>
				<misses>113600000</misses>
				<total>1</total>
				<timestamp>6817.107805</timestamp>
			</report>
			<report>
				<misses>113700000</misses>
				<total>2</total>
				<timestamp>6823.108991</timestamp>
			</report>
			<report>
				<misses>113800000</misses>
				<total>2</total>
				<timestamp>6829.109512</timestamp>
			</report>
			<report>
				<misses>113900000</misses>
				<total>1</total>
				<timestamp>6835.110755</timestamp>
			</report>
			<report>
				<misses>114000000</misses>
				<total>2</total>
				<timestamp>6841.111794</timestamp>
			</report>
			<report>
				<misses>114100000</misses>
				<total>2</total>
				<timestamp>6847.112509</timestamp>
			</report>
			<report>
				<misses>114200000</misses>
				<total>2</total>
				<timestamp>6853.113336</timestamp>
			</report>
			<report>
				<misses>114300000</misses>
				<total>1</total>
				<timestamp>6859.114626</timestamp>
			</report>
			<report>
				<misses>114400000</misses>
				<total>2</total>
				<timestamp>6865.116430</timestamp>
			</report>
			<report>
				<misses>114500000</misses>
				<total>1</total>
				<timestamp>6871.116712</timestamp>
			</report>
			<report>
				<misses>114600000</misses>
				<total>1</total>
				<timestamp>6877.118094</timestamp>
			</report>
			<report>
				<misses>114700000</misses>
				<total>1</total>
				<timestamp>6883.119657</timestamp>
			</report>
			<report>
				<misses>114800000</misses>
				<total>0</total>
				<timestamp>6889.120345</timestamp>
			</report>
			<report>
				<misses>114900000</misses>
				<total>2</total>
				<timestamp>6895.121034</timestamp>
			</report>
			<report>
				<misses>115000000</misses>
				<total>1</total>
				<timestamp>6901.121389</timestamp>
			</report>
			<report>
				<misses>115100000</misses>
				<total>1</total>
				<timestamp>6907.122255</timestamp>
			</report>
			<report>
				<misses>115200000</misses>
				<total>2</total>
				<timestamp>6913.123936</timestamp>
			</report>
			<report>
				<misses>115300000</misses>
				<total>1</total>
				<timestamp>6919.125040</timestamp>
			</report>
			<report>
				<misses>115400000</misses>
				<total>2</total>
				<timestamp>6925.125436</timestamp>
			</report>
			<report>
				<misses>115500000</misses>
				<total>1</total>
				<timestamp>6931.126323</timestamp>
			</report>
			<report>
				<misses>115600000</misses>
				<total>1</total>
				<timestamp>6937.127013</timestamp>
			</report>
			<report>
				<misses>115700000</misses>
				<total>1</total>
				<timestamp>6943.127386</timestamp>
			</report>
			<report>
				<misses>115800000</misses>
				<total>2</total>
				<timestamp>6949.129075</timestamp>
			</report>
			<report>
				<misses>115900000</misses>
				<total>1</total>
				<timestamp>6955.130057</timestamp>
			</report>
			<report>
				<misses>116000000</misses>
				<total>1</total>
				<timestamp>6961.131089</timestamp>
			</report>
			<report>
				<misses>116100000</misses>
				<total>1</total>
				<timestamp>6967.132168</timestamp>
			</report>
			<report>
				<misses>116200000</misses>
				<total>2</total>
				<timestamp>6973.133047</timestamp>
			</report>
			<report>
				<misses>116300000</misses>
				<total>1</total>
				<timestamp>6979.133668</timestamp>
			</report>
			<report>
				<misses>116400000</misses>
				<total>2</total>
				<timestamp>6985.134232</timestamp>
			</report>
			<report>
				<misses>116500000</misses>
				<total>1</total>
				<timestamp>6991.135364</timestamp>
			</report>
			<report>
				<misses>116600000</misses>
				<total>2</total>
				<timestamp>6997.135799</timestamp>
			</report>
			<report>
				<misses>116700000</misses>
				<total>1</total>
				<timestamp>7003.136369</timestamp>
			</report>
			<report>
				<misses>116800000</misses>
				<total>1</total>
				<timestamp>7009.137121</timestamp>
			</report>
			<report>
				<misses>116900000</misses>
				<total>1</total>
				<timestamp>7015.137619</timestamp>
			</report>
			<report>
				<misses>117000000</misses>
				<total>1</total>
				<timestamp>7021.138527</timestamp>
			</report>
			<report>
				<misses>117100000</misses>
				<total>1</total>
				<timestamp>7027.140105</timestamp>
			</report>
			<report>
				<misses>117200000</misses>
				<total>1</total>
				<timestamp>7033.140622</timestamp>
			</report>
			<report>
				<misses>117300000</misses>
				<total>1</total>
				<timestamp>7039.142271</timestamp>
			</report>
			<report>
				<misses>117400000</misses>
				<total>2</total>
				<timestamp>7045.142770</timestamp>
			</report>
			<report>
				<misses>117500000</misses>
				<total>1</total>
				<timestamp>7051.143736</timestamp>
			</report>
			<report>
				<misses>117600000</misses>
				<total>1</total>
				<timestamp>7057.144450</timestamp>
			</report>
			<report>
				<misses>117700000</misses>
				<total>0</total>
				<timestamp>7063.145446</timestamp>
			</report>
			<report>
				<misses>117800000</misses>
				<total>2</total>
				<timestamp>7069.146473</timestamp>
			</report>
			<report>
				<misses>117900000</misses>
				<total>1</total>
				<timestamp>7075.147152</timestamp>
			</report>
			<report>
				<misses>118000000</misses>
				<total>2</total>
				<timestamp>7081.147988</timestamp>
			</report>
			<report>
				<misses>118100000</misses>
				<total>1</total>
				<timestamp>7087.149604</timestamp>
			</report>
			<report>
				<misses>118200000</misses>
				<total>1</total>
				<timestamp>7093.150856</timestamp>
			</report>
			<report>
				<misses>118300000</misses>
				<total>2</total>
				<timestamp>7099.151988</timestamp>
			</report>
			<report>
				<misses>118400000</misses>
				<total>1</total>
				<timestamp>7105.152598</timestamp>
			</report>
			<report>
				<misses>118500000</misses>
				<total>2</total>
				<timestamp>7111.153762</timestamp>
			</report>
			<report>
				<misses>118600000</misses>
				<total>1</total>
				<timestamp>7117.154928</timestamp>
			</report>
			<report>
				<misses>118700000</misses>
				<total>2</total>
				<timestamp>7123.155955</timestamp>
			</report>
			<report>
				<misses>118800000</misses>
				<total>2</total>
				<timestamp>7129.156981</timestamp>
			</report>
			<report>
				<misses>118900000</misses>
				<total>1</total>
				<timestamp>7135.157798</timestamp>
			</report>
			<report>
				<misses>119000000</misses>
				<total>2</total>
				<timestamp>7141.158107</timestamp>
			</report>
			<report>
				<misses>119100000</misses>
				<total>1</total>
				<timestamp>7147.158675</timestamp>
			</report>
			<report>
				<misses>119200000</misses>
				<total>1</total>
				<timestamp>7153.159511</timestamp>
			</report>
			<report>
				<misses>119300000</misses>
				<total>1</total>
				<timestamp>7159.160236</timestamp>
			</report>
			<report>
				<misses>119400000</misses>
				<total>1</total>
				<timestamp>7165.161328</timestamp>
			</report>
			<report>
				<misses>119500000</misses>
				<total>2</total>
				<timestamp>7171.162431</timestamp>
			</report>
			<report>
				<misses>119600000</misses>
				<total>2</total>
				<timestamp>7177.162871</timestamp>
			</report>
			<report>
				<misses>119700000</misses>
				<total>1</total>
				<timestamp>7183.163785</timestamp>
			</report>
			<report>
				<misses>119800000</misses>
				<total>1</total>
				<timestamp>7189.164549</timestamp>
			</report>
			<report>
				<misses>119900000</misses>
				<total>2</total>
				<timestamp>7195.165873</timestamp>
			</report>
		</query>
	</custom>
	<ethtool_statistic>
		<rx_packets>
			<start>796402845</start>
			<end>1144921929</end>
		</rx_packets>
		<tx_packets>
			<start>2167948048</start>
			<end>3330072313</end>
		</tx_packets>
		<rx_dropped>
			<start>0</start>
			<end>0</end>
		</rx_dropped>
		<tx_dropped>
			<start>0</start>
			<end>0</end>
		</tx_dropped>
		<collisions>
			<start>0</start>
			<end>0</end>
		</collisions>
		<port_tx_errors>
			<start>0</start>
			<end>0</end>
		</port_tx_errors>
		<port_rx_dropped>
			<start>0</start>
			<end>0</end>
		</port_rx_dropped>
		<port_tx_dropped_link_down>
			<start>0</start>
			<end>0</end>
		</port_tx_dropped_link_down>
	</ethtool_statistic>
	<ip_statistic>
		<mtu>
			<start>9000</start>
			<end>9000</end>
		</mtu>
		<rx_bytes>
			<start>6831750593552</start>
			<end>9948177336150</end>
		</rx_bytes>
		<rx_packets>
			<start>796402938</start>
			<end>1144921998</end>
		</rx_packets>
		<rx_errors>
			<start>0</start>
			<end>0</end>
		</rx_errors>
		<rx_dropped>
			<start>0</start>
			<end>0</end>
		</rx_dropped>
		<rx_missed>
			<start>0</start>
			<end>0</end>
		</rx_missed>
		<rx_mcast>
			<start>811</start>
			<end>945</end>
		</rx_mcast>
		<tx_bytes>
			<start>11066350073674</start>
			<end>20707512307082</end>
		</tx_bytes>
		<tx_packets>
			<start>2167948108</start>
			<end>3330072362</end>
		</tx_packets>
		<tx_errors>
			<start>0</start>
			<end>0</end>
		</tx_errors>
		<tx_dropped>
			<start>0</start>
			<end>0</end>
		</tx_dropped>
		<tx_carrier>
			<start>0</start>
			<end>0</end>
		</tx_carrier>
		<tx_collisions>
			<start>0</start>
			<end>0</end>
		</tx_collisions>
	</ip_statistic>
	<netstat_statistic>
		<udp_pkg_rec>
			<start>1235790762</start>
			<end>1584309198</end>
		</udp_pkg_rec>
		<udp_pkg_snt>
			<start>3282611697</start>
			<end>3604948858</end>
		</udp_pkg_snt>
		<udp_rec_err>
			<start>9640295</start>
			<end>9640295</end>
		</udp_rec_err>
		<udp_rec_buf_err>
			<start>9640295</start>
			<end>9640295</end>
		</udp_rec_buf_err>
		<udp_snt_buf_err>
			<start>0</start>
			<end>0</end>
		</udp_snt_buf_err>
	</netstat_statistic>
</test_results>
