<?xml version="1.0"?>
<test_results>
	<status>STATUS_SUCCESS</status>
	<custom>
		<num_loss>-1</num_loss>
		<num_total>-1</num_total>
		<num_misses>-1</num_misses>
		<elapsed_time>-1.000000</elapsed_time>
		<query />
	</custom>
	<ethtool_statistic>
		<rx_packets>
			<start>1114117675</start>
			<end>1322015621</end>
		</rx_packets>
		<tx_packets>
			<start>12848</start>
			<end>13174</end>
		</tx_packets>
		<rx_dropped>
			<start>452</start>
			<end>760</end>
		</rx_dropped>
		<tx_dropped>
			<start>0</start>
			<end>0</end>
		</tx_dropped>
		<collisions>
			<start>0</start>
			<end>0</end>
		</collisions>
		<port_tx_errors>
			<start>0</start>
			<end>0</end>
		</port_tx_errors>
		<port_rx_dropped>
			<start>0</start>
			<end>0</end>
		</port_rx_dropped>
		<port_tx_dropped_link_down>
			<start>0</start>
			<end>0</end>
		</port_tx_dropped_link_down>
	</ethtool_statistic>
	<ip_statistic>
		<mtu>
			<start>1500</start>
			<end>1500</end>
		</mtu>
		<rx_bytes>
			<start>246203582500</start>
			<end>517836696776</end>
		</rx_bytes>
		<rx_packets>
			<start>1114117675</start>
			<end>1322015621</end>
		</rx_packets>
		<rx_errors>
			<start>0</start>
			<end>0</end>
		</rx_errors>
		<rx_dropped>
			<start>452</start>
			<end>760</end>
		</rx_dropped>
		<rx_missed>
			<start>0</start>
			<end>0</end>
		</rx_missed>
		<rx_mcast>
			<start>5475</start>
			<end>5475</end>
		</rx_mcast>
		<tx_bytes>
			<start>811675</start>
			<end>830135</end>
		</tx_bytes>
		<tx_packets>
			<start>12848</start>
			<end>13174</end>
		</tx_packets>
		<tx_errors>
			<start>0</start>
			<end>0</end>
		</tx_errors>
		<tx_dropped>
			<start>0</start>
			<end>0</end>
		</tx_dropped>
		<tx_carrier>
			<start>0</start>
			<end>0</end>
		</tx_carrier>
		<tx_collisions>
			<start>0</start>
			<end>0</end>
		</tx_collisions>
	</ip_statistic>
	<netstat_statistic>
		<udp_pkg_rec>
			<start>1490470490</start>
			<end>1548665455</end>
		</udp_pkg_rec>
		<udp_pkg_snt>
			<start>505946676</start>
			<end>535602840</end>
		</udp_pkg_snt>
		<udp_rec_err>
			<start>26812611</start>
			<end>29457152</end>
		</udp_rec_err>
		<udp_rec_buf_err>
			<start>26812611</start>
			<end>29457152</end>
		</udp_rec_buf_err>
		<udp_snt_buf_err>
			<start>0</start>
			<end>0</end>
		</udp_snt_buf_err>
	</netstat_statistic>
</test_results>
