<?xml version="1.0"?>
<test_results>
	<status>STATUS_SUCCESS</status>
	<custom>
		<num_loss>6</num_loss>
		<num_total>29999824</num_total>
		<num_misses>0</num_misses>
		<elapsed_time>7199.950809</elapsed_time>
	</custom>
	<ethtool_statistic>
		<rx_packets>
			<start>15107394917</start>
			<end>15399256233</end>
		</rx_packets>
		<tx_packets>
			<start>20399595734</start>
			<end>20840897452</end>
		</tx_packets>
		<rx_dropped>
			<start>0</start>
			<end>0</end>
		</rx_dropped>
		<tx_dropped>
			<start>0</start>
			<end>0</end>
		</tx_dropped>
		<collisions>
			<start>0</start>
			<end>0</end>
		</collisions>
		<port_tx_errors>
			<start>-1</start>
			<end>-1</end>
		</port_tx_errors>
		<port_rx_dropped>
			<start>-1</start>
			<end>-1</end>
		</port_rx_dropped>
		<port_tx_dropped_link_down>
			<start>-1</start>
			<end>-1</end>
		</port_tx_dropped_link_down>
	</ethtool_statistic>
	<ip_statistic>
		<mtu>
			<start>9000</start>
			<end>9000</end>
		</mtu>
		<rx_bytes>
			<start>135769969932464</start>
			<end>138393778789938</end>
		</rx_bytes>
		<rx_packets>
			<start>15107395040</start>
			<end>15399256342</end>
		</rx_packets>
		<rx_errors>
			<start>0</start>
			<end>0</end>
		</rx_errors>
		<rx_dropped>
			<start>0</start>
			<end>0</end>
		</rx_dropped>
		<rx_missed>
			<start>1944</start>
			<end>1944</end>
		</rx_missed>
		<rx_mcast>
			<start>9879</start>
			<end>10013</end>
		</rx_mcast>
		<tx_bytes>
			<start>165900434086730</start>
			<end>169668519596747</end>
		</tx_bytes>
		<tx_packets>
			<start>20399595761</start>
			<end>20840897501</end>
		</tx_packets>
		<tx_errors>
			<start>0</start>
			<end>0</end>
		</tx_errors>
		<tx_dropped>
			<start>0</start>
			<end>0</end>
		</tx_dropped>
		<tx_carrier>
			<start>0</start>
			<end>0</end>
		</tx_carrier>
		<tx_collisions>
			<start>0</start>
			<end>0</end>
		</tx_collisions>
	</ip_statistic>
</test_results>
