<?xml version="1.0"?>
<test_results>
	<status>STATUS_SUCCESS</status>
	<custom>
		<num_loss>1707464</num_loss>
		<num_total>2000001</num_total>
		<num_misses>56</num_misses>
		<elapsed_time>219.984402</elapsed_time>
		<query>
			<report>
				<misses>10000</misses>
				<total>10000</total>
			</report>
			<report>
				<misses>20000</misses>
				<total>19999</total>
			</report>
			<report>
				<misses>30000</misses>
				<total>29998</total>
			</report>
			<report>
				<misses>40000</misses>
				<total>39997</total>
			</report>
			<report>
				<misses>50000</misses>
				<total>49996</total>
			</report>
			<report>
				<misses>60000</misses>
				<total>59995</total>
			</report>
			<report>
				<misses>70000</misses>
				<total>68824</total>
			</report>
			<report>
				<misses>80000</misses>
				<total>75690</total>
			</report>
			<report>
				<misses>90000</misses>
				<total>75703</total>
			</report>
			<report>
				<misses>100000</misses>
				<total>75704</total>
			</report>
			<report>
				<misses>110000</misses>
				<total>75713</total>
			</report>
			<report>
				<misses>120000</misses>
				<total>84458</total>
			</report>
			<report>
				<misses>130000</misses>
				<total>94457</total>
			</report>
			<report>
				<misses>140000</misses>
				<total>104456</total>
			</report>
			<report>
				<misses>150000</misses>
				<total>114455</total>
			</report>
			<report>
				<misses>160000</misses>
				<total>124454</total>
			</report>
			<report>
				<misses>170000</misses>
				<total>134453</total>
			</report>
			<report>
				<misses>180000</misses>
				<total>144452</total>
			</report>
			<report>
				<misses>190000</misses>
				<total>154451</total>
			</report>
			<report>
				<misses>200000</misses>
				<total>164450</total>
			</report>
			<report>
				<misses>210000</misses>
				<total>174449</total>
			</report>
			<report>
				<misses>220000</misses>
				<total>184448</total>
			</report>
			<report>
				<misses>230000</misses>
				<total>194447</total>
			</report>
			<report>
				<misses>240000</misses>
				<total>204446</total>
			</report>
			<report>
				<misses>250000</misses>
				<total>214445</total>
			</report>
			<report>
				<misses>260000</misses>
				<total>224444</total>
			</report>
			<report>
				<misses>270000</misses>
				<total>234443</total>
			</report>
			<report>
				<misses>280000</misses>
				<total>244442</total>
			</report>
			<report>
				<misses>290000</misses>
				<total>254441</total>
			</report>
			<report>
				<misses>300000</misses>
				<total>264440</total>
			</report>
			<report>
				<misses>310000</misses>
				<total>274439</total>
			</report>
			<report>
				<misses>320000</misses>
				<total>282378</total>
			</report>
			<report>
				<misses>330000</misses>
				<total>290592</total>
			</report>
			<report>
				<misses>340000</misses>
				<total>291025</total>
			</report>
			<report>
				<misses>350000</misses>
				<total>301024</total>
			</report>
			<report>
				<misses>360000</misses>
				<total>308564</total>
			</report>
			<report>
				<misses>370000</misses>
				<total>308585</total>
			</report>
			<report>
				<misses>380000</misses>
				<total>315512</total>
			</report>
			<report>
				<misses>390000</misses>
				<total>325511</total>
			</report>
			<report>
				<misses>400000</misses>
				<total>335510</total>
			</report>
			<report>
				<misses>410000</misses>
				<total>345509</total>
			</report>
			<report>
				<misses>420000</misses>
				<total>355508</total>
			</report>
			<report>
				<misses>430000</misses>
				<total>365507</total>
			</report>
			<report>
				<misses>440000</misses>
				<total>375506</total>
			</report>
			<report>
				<misses>450000</misses>
				<total>385505</total>
			</report>
			<report>
				<misses>460000</misses>
				<total>395504</total>
			</report>
			<report>
				<misses>470000</misses>
				<total>405503</total>
			</report>
			<report>
				<misses>480000</misses>
				<total>415502</total>
			</report>
			<report>
				<misses>490000</misses>
				<total>425501</total>
			</report>
			<report>
				<misses>500000</misses>
				<total>435500</total>
			</report>
			<report>
				<misses>510000</misses>
				<total>445499</total>
			</report>
			<report>
				<misses>520000</misses>
				<total>455498</total>
			</report>
			<report>
				<misses>530000</misses>
				<total>465497</total>
			</report>
			<report>
				<misses>540000</misses>
				<total>475496</total>
			</report>
			<report>
				<misses>550000</misses>
				<total>485495</total>
			</report>
			<report>
				<misses>560000</misses>
				<total>495494</total>
			</report>
			<report>
				<misses>570000</misses>
				<total>502506</total>
			</report>
			<report>
				<misses>580000</misses>
				<total>511070</total>
			</report>
			<report>
				<misses>590000</misses>
				<total>519029</total>
			</report>
			<report>
				<misses>600000</misses>
				<total>519030</total>
			</report>
			<report>
				<misses>610000</misses>
				<total>519032</total>
			</report>
			<report>
				<misses>620000</misses>
				<total>519050</total>
			</report>
			<report>
				<misses>630000</misses>
				<total>528574</total>
			</report>
			<report>
				<misses>640000</misses>
				<total>538573</total>
			</report>
			<report>
				<misses>650000</misses>
				<total>548572</total>
			</report>
			<report>
				<misses>660000</misses>
				<total>558571</total>
			</report>
			<report>
				<misses>670000</misses>
				<total>568570</total>
			</report>
			<report>
				<misses>680000</misses>
				<total>578569</total>
			</report>
			<report>
				<misses>690000</misses>
				<total>588568</total>
			</report>
			<report>
				<misses>700000</misses>
				<total>598567</total>
			</report>
			<report>
				<misses>710000</misses>
				<total>608566</total>
			</report>
			<report>
				<misses>720000</misses>
				<total>618565</total>
			</report>
			<report>
				<misses>730000</misses>
				<total>628564</total>
			</report>
			<report>
				<misses>740000</misses>
				<total>638563</total>
			</report>
			<report>
				<misses>750000</misses>
				<total>648562</total>
			</report>
			<report>
				<misses>760000</misses>
				<total>658561</total>
			</report>
			<report>
				<misses>770000</misses>
				<total>668560</total>
			</report>
			<report>
				<misses>780000</misses>
				<total>678559</total>
			</report>
			<report>
				<misses>790000</misses>
				<total>688558</total>
			</report>
			<report>
				<misses>800000</misses>
				<total>698557</total>
			</report>
			<report>
				<misses>810000</misses>
				<total>708556</total>
			</report>
			<report>
				<misses>820000</misses>
				<total>716941</total>
			</report>
			<report>
				<misses>830000</misses>
				<total>722841</total>
			</report>
			<report>
				<misses>840000</misses>
				<total>732840</total>
			</report>
			<report>
				<misses>850000</misses>
				<total>742839</total>
			</report>
			<report>
				<misses>860000</misses>
				<total>752838</total>
			</report>
			<report>
				<misses>870000</misses>
				<total>757306</total>
			</report>
			<report>
				<misses>880000</misses>
				<total>757313</total>
			</report>
			<report>
				<misses>890000</misses>
				<total>757317</total>
			</report>
			<report>
				<misses>900000</misses>
				<total>757353</total>
			</report>
			<report>
				<misses>910000</misses>
				<total>761331</total>
			</report>
			<report>
				<misses>920000</misses>
				<total>771330</total>
			</report>
			<report>
				<misses>930000</misses>
				<total>781329</total>
			</report>
			<report>
				<misses>940000</misses>
				<total>791328</total>
			</report>
			<report>
				<misses>950000</misses>
				<total>801327</total>
			</report>
			<report>
				<misses>960000</misses>
				<total>811326</total>
			</report>
			<report>
				<misses>970000</misses>
				<total>821325</total>
			</report>
			<report>
				<misses>980000</misses>
				<total>831324</total>
			</report>
			<report>
				<misses>990000</misses>
				<total>841323</total>
			</report>
			<report>
				<misses>1000000</misses>
				<total>851322</total>
			</report>
			<report>
				<misses>1010000</misses>
				<total>861321</total>
			</report>
			<report>
				<misses>1020000</misses>
				<total>871320</total>
			</report>
			<report>
				<misses>1030000</misses>
				<total>881319</total>
			</report>
			<report>
				<misses>1040000</misses>
				<total>891318</total>
			</report>
			<report>
				<misses>1050000</misses>
				<total>901317</total>
			</report>
			<report>
				<misses>1060000</misses>
				<total>911316</total>
			</report>
			<report>
				<misses>1070000</misses>
				<total>921315</total>
			</report>
			<report>
				<misses>1080000</misses>
				<total>931314</total>
			</report>
			<report>
				<misses>1090000</misses>
				<total>941313</total>
			</report>
			<report>
				<misses>1100000</misses>
				<total>946238</total>
			</report>
			<report>
				<misses>1110000</misses>
				<total>954779</total>
			</report>
			<report>
				<misses>1120000</misses>
				<total>964778</total>
			</report>
			<report>
				<misses>1130000</misses>
				<total>969193</total>
			</report>
			<report>
				<misses>1140000</misses>
				<total>977395</total>
			</report>
			<report>
				<misses>1150000</misses>
				<total>980645</total>
			</report>
			<report>
				<misses>1160000</misses>
				<total>980653</total>
			</report>
			<report>
				<misses>1170000</misses>
				<total>980660</total>
			</report>
			<report>
				<misses>1180000</misses>
				<total>980674</total>
			</report>
			<report>
				<misses>1190000</misses>
				<total>982170</total>
			</report>
			<report>
				<misses>1200000</misses>
				<total>992169</total>
			</report>
			<report>
				<misses>1210000</misses>
				<total>1002168</total>
			</report>
			<report>
				<misses>1220000</misses>
				<total>1012167</total>
			</report>
			<report>
				<misses>1230000</misses>
				<total>1022166</total>
			</report>
			<report>
				<misses>1240000</misses>
				<total>1032165</total>
			</report>
			<report>
				<misses>1250000</misses>
				<total>1042164</total>
			</report>
			<report>
				<misses>1260000</misses>
				<total>1052163</total>
			</report>
			<report>
				<misses>1270000</misses>
				<total>1062162</total>
			</report>
			<report>
				<misses>1280000</misses>
				<total>1072161</total>
			</report>
			<report>
				<misses>1290000</misses>
				<total>1082160</total>
			</report>
			<report>
				<misses>1300000</misses>
				<total>1092159</total>
			</report>
			<report>
				<misses>1310000</misses>
				<total>1102158</total>
			</report>
			<report>
				<misses>1320000</misses>
				<total>1112157</total>
			</report>
			<report>
				<misses>1330000</misses>
				<total>1122156</total>
			</report>
			<report>
				<misses>1340000</misses>
				<total>1132155</total>
			</report>
			<report>
				<misses>1350000</misses>
				<total>1142154</total>
			</report>
			<report>
				<misses>1360000</misses>
				<total>1152153</total>
			</report>
			<report>
				<misses>1370000</misses>
				<total>1162152</total>
			</report>
			<report>
				<misses>1380000</misses>
				<total>1163534</total>
			</report>
			<report>
				<misses>1390000</misses>
				<total>1163553</total>
			</report>
			<report>
				<misses>1400000</misses>
				<total>1170960</total>
			</report>
			<report>
				<misses>1410000</misses>
				<total>1177440</total>
			</report>
			<report>
				<misses>1420000</misses>
				<total>1183795</total>
			</report>
			<report>
				<misses>1430000</misses>
				<total>1192128</total>
			</report>
			<report>
				<misses>1440000</misses>
				<total>1202127</total>
			</report>
			<report>
				<misses>1450000</misses>
				<total>1212126</total>
			</report>
			<report>
				<misses>1460000</misses>
				<total>1222125</total>
			</report>
			<report>
				<misses>1470000</misses>
				<total>1232124</total>
			</report>
			<report>
				<misses>1480000</misses>
				<total>1242123</total>
			</report>
			<report>
				<misses>1490000</misses>
				<total>1252122</total>
			</report>
			<report>
				<misses>1500000</misses>
				<total>1262121</total>
			</report>
			<report>
				<misses>1510000</misses>
				<total>1272120</total>
			</report>
			<report>
				<misses>1520000</misses>
				<total>1282119</total>
			</report>
			<report>
				<misses>1530000</misses>
				<total>1292118</total>
			</report>
			<report>
				<misses>1540000</misses>
				<total>1302117</total>
			</report>
			<report>
				<misses>1550000</misses>
				<total>1312116</total>
			</report>
			<report>
				<misses>1560000</misses>
				<total>1322115</total>
			</report>
			<report>
				<misses>1570000</misses>
				<total>1332114</total>
			</report>
			<report>
				<misses>1580000</misses>
				<total>1342113</total>
			</report>
			<report>
				<misses>1590000</misses>
				<total>1352112</total>
			</report>
			<report>
				<misses>1600000</misses>
				<total>1362111</total>
			</report>
			<report>
				<misses>1610000</misses>
				<total>1372110</total>
			</report>
			<report>
				<misses>1620000</misses>
				<total>1382109</total>
			</report>
			<report>
				<misses>1630000</misses>
				<total>1392108</total>
			</report>
			<report>
				<misses>1640000</misses>
				<total>1394523</total>
			</report>
			<report>
				<misses>1650000</misses>
				<total>1399183</total>
			</report>
			<report>
				<misses>1660000</misses>
				<total>1405432</total>
			</report>
			<report>
				<misses>1670000</misses>
				<total>1412041</total>
			</report>
			<report>
				<misses>1680000</misses>
				<total>1420716</total>
			</report>
			<report>
				<misses>1690000</misses>
				<total>1430715</total>
			</report>
			<report>
				<misses>1700000</misses>
				<total>1440714</total>
			</report>
			<report>
				<misses>1710000</misses>
				<total>1450713</total>
			</report>
			<report>
				<misses>1720000</misses>
				<total>1460712</total>
			</report>
			<report>
				<misses>1730000</misses>
				<total>1470711</total>
			</report>
			<report>
				<misses>1740000</misses>
				<total>1480710</total>
			</report>
			<report>
				<misses>1750000</misses>
				<total>1490709</total>
			</report>
			<report>
				<misses>1760000</misses>
				<total>1500708</total>
			</report>
			<report>
				<misses>1770000</misses>
				<total>1510707</total>
			</report>
			<report>
				<misses>1780000</misses>
				<total>1520706</total>
			</report>
			<report>
				<misses>1790000</misses>
				<total>1530705</total>
			</report>
			<report>
				<misses>1800000</misses>
				<total>1540704</total>
			</report>
			<report>
				<misses>1810000</misses>
				<total>1550703</total>
			</report>
			<report>
				<misses>1820000</misses>
				<total>1560702</total>
			</report>
			<report>
				<misses>1830000</misses>
				<total>1570701</total>
			</report>
			<report>
				<misses>1840000</misses>
				<total>1580700</total>
			</report>
			<report>
				<misses>1850000</misses>
				<total>1590699</total>
			</report>
			<report>
				<misses>1860000</misses>
				<total>1600698</total>
			</report>
			<report>
				<misses>1870000</misses>
				<total>1610697</total>
			</report>
			<report>
				<misses>1880000</misses>
				<total>1616865</total>
			</report>
			<report>
				<misses>1890000</misses>
				<total>1619348</total>
			</report>
			<report>
				<misses>1900000</misses>
				<total>1619360</total>
			</report>
			<report>
				<misses>1910000</misses>
				<total>1627788</total>
			</report>
			<report>
				<misses>1920000</misses>
				<total>1629976</total>
			</report>
			<report>
				<misses>1930000</misses>
				<total>1637471</total>
			</report>
			<report>
				<misses>1940000</misses>
				<total>1647470</total>
			</report>
			<report>
				<misses>1950000</misses>
				<total>1657469</total>
			</report>
			<report>
				<misses>1960000</misses>
				<total>1667468</total>
			</report>
			<report>
				<misses>1970000</misses>
				<total>1677467</total>
			</report>
			<report>
				<misses>1980000</misses>
				<total>1687466</total>
			</report>
			<report>
				<misses>1990000</misses>
				<total>1697465</total>
			</report>
			<report>
				<misses>2000000</misses>
				<total>1707464</total>
			</report>
		</query>
	</custom>
	<ethtool_statistic>
		<rx_packets>
			<start>17191366157</start>
			<end>17201837019</end>
		</rx_packets>
		<tx_packets>
			<start>20202146211</start>
			<end>20224428174</end>
		</tx_packets>
		<rx_dropped>
			<start>267</start>
			<end>267</end>
		</rx_dropped>
		<tx_dropped>
			<start>0</start>
			<end>0</end>
		</tx_dropped>
		<collisions>
			<start>0</start>
			<end>0</end>
		</collisions>
		<port_tx_errors>
			<start>0</start>
			<end>0</end>
		</port_tx_errors>
		<port_rx_dropped>
			<start>0</start>
			<end>0</end>
		</port_rx_dropped>
		<port_tx_dropped_link_down>
			<start>0</start>
			<end>0</end>
		</port_tx_dropped_link_down>
	</ethtool_statistic>
	<ip_statistic>
		<mtu>
			<start>9000</start>
			<end>9000</end>
		</mtu>
		<rx_bytes>
			<start>154537234097369</start>
			<end>154631363455067</end>
		</rx_bytes>
		<rx_packets>
			<start>17191366231</start>
			<end>17201837074</end>
		</rx_packets>
		<rx_errors>
			<start>0</start>
			<end>0</end>
		</rx_errors>
		<rx_dropped>
			<start>273</start>
			<end>273</end>
		</rx_dropped>
		<rx_missed>
			<start>0</start>
			<end>0</end>
		</rx_missed>
		<rx_mcast>
			<start>12403</start>
			<end>12404</end>
		</rx_mcast>
		<tx_bytes>
			<start>137706932415357</start>
			<end>137893966089845</end>
		</tx_bytes>
		<tx_packets>
			<start>20202146253</start>
			<end>20224428223</end>
		</tx_packets>
		<tx_errors>
			<start>0</start>
			<end>0</end>
		</tx_errors>
		<tx_dropped>
			<start>0</start>
			<end>0</end>
		</tx_dropped>
		<tx_carrier>
			<start>0</start>
			<end>0</end>
		</tx_carrier>
		<tx_collisions>
			<start>0</start>
			<end>0</end>
		</tx_collisions>
	</ip_statistic>
	<netstat_statistic>
		<udp_pkg_rec>
			<start>16909475381</start>
			<end>16919372186</end>
		</udp_pkg_rec>
		<udp_pkg_snt>
			<start>16858376255</start>
			<end>16866660102</end>
		</udp_pkg_snt>
		<udp_rec_err>
			<start>283886646</start>
			<end>284460477</end>
		</udp_rec_err>
		<udp_rec_buf_err>
			<start>283886646</start>
			<end>284460477</end>
		</udp_rec_buf_err>
		<udp_snt_buf_err>
			<start>28</start>
			<end>28</end>
		</udp_snt_buf_err>
	</netstat_statistic>
</test_results>
