<?xml version="1.0"?>
<test_results>
	<status>STATUS_SUCCESS</status>
	<custom>
		<num_loss>232</num_loss>
		<num_total>5691532</num_total>
		<num_misses>114296773</num_misses>
		<elapsed_time>299.970625</elapsed_time>
		<query>
			<report>
				<misses>100001</misses>
				<total>0</total>
				<timestamp>5.251430</timestamp>
			</report>
			<report>
				<misses>200001</misses>
				<total>47</total>
				<timestamp>10.513017</timestamp>
			</report>
			<report>
				<misses>300001</misses>
				<total>47</total>
				<timestamp>15.777654</timestamp>
			</report>
			<report>
				<misses>400001</misses>
				<total>47</total>
				<timestamp>21.051972</timestamp>
			</report>
			<report>
				<misses>500001</misses>
				<total>47</total>
				<timestamp>26.331163</timestamp>
			</report>
			<report>
				<misses>600001</misses>
				<total>47</total>
				<timestamp>31.604620</timestamp>
			</report>
			<report>
				<misses>700001</misses>
				<total>47</total>
				<timestamp>36.874639</timestamp>
			</report>
			<report>
				<misses>800001</misses>
				<total>47</total>
				<timestamp>42.148235</timestamp>
			</report>
			<report>
				<misses>900001</misses>
				<total>47</total>
				<timestamp>47.427757</timestamp>
			</report>
			<report>
				<misses>1000001</misses>
				<total>47</total>
				<timestamp>52.710831</timestamp>
			</report>
			<report>
				<misses>1100001</misses>
				<total>47</total>
				<timestamp>57.997433</timestamp>
			</report>
			<report>
				<misses>1200001</misses>
				<total>47</total>
				<timestamp>63.270279</timestamp>
			</report>
			<report>
				<misses>1300001</misses>
				<total>47</total>
				<timestamp>68.553479</timestamp>
			</report>
			<report>
				<misses>1400001</misses>
				<total>92</total>
				<timestamp>73.824017</timestamp>
			</report>
			<report>
				<misses>1500001</misses>
				<total>92</total>
				<timestamp>79.093671</timestamp>
			</report>
			<report>
				<misses>1600001</misses>
				<total>92</total>
				<timestamp>84.366948</timestamp>
			</report>
			<report>
				<misses>1700001</misses>
				<total>92</total>
				<timestamp>89.642024</timestamp>
			</report>
			<report>
				<misses>1800001</misses>
				<total>92</total>
				<timestamp>94.928289</timestamp>
			</report>
			<report>
				<misses>1900001</misses>
				<total>92</total>
				<timestamp>100.206265</timestamp>
			</report>
			<report>
				<misses>2000001</misses>
				<total>92</total>
				<timestamp>105.483157</timestamp>
			</report>
			<report>
				<misses>2100001</misses>
				<total>92</total>
				<timestamp>110.741112</timestamp>
			</report>
			<report>
				<misses>2200001</misses>
				<total>92</total>
				<timestamp>115.996734</timestamp>
			</report>
			<report>
				<misses>2300001</misses>
				<total>92</total>
				<timestamp>121.258304</timestamp>
			</report>
			<report>
				<misses>2400001</misses>
				<total>92</total>
				<timestamp>126.520140</timestamp>
			</report>
			<report>
				<misses>2500001</misses>
				<total>139</total>
				<timestamp>131.780647</timestamp>
			</report>
			<report>
				<misses>2600001</misses>
				<total>139</total>
				<timestamp>137.043765</timestamp>
			</report>
			<report>
				<misses>2700001</misses>
				<total>139</total>
				<timestamp>142.312681</timestamp>
			</report>
			<report>
				<misses>2800001</misses>
				<total>139</total>
				<timestamp>147.575333</timestamp>
			</report>
			<report>
				<misses>2900001</misses>
				<total>139</total>
				<timestamp>152.837038</timestamp>
			</report>
			<report>
				<misses>3000001</misses>
				<total>139</total>
				<timestamp>158.117113</timestamp>
			</report>
			<report>
				<misses>3100001</misses>
				<total>139</total>
				<timestamp>163.403436</timestamp>
			</report>
			<report>
				<misses>3200001</misses>
				<total>139</total>
				<timestamp>168.677818</timestamp>
			</report>
			<report>
				<misses>3300001</misses>
				<total>139</total>
				<timestamp>173.950715</timestamp>
			</report>
			<report>
				<misses>3400001</misses>
				<total>139</total>
				<timestamp>179.239106</timestamp>
			</report>
			<report>
				<misses>3500001</misses>
				<total>139</total>
				<timestamp>184.523625</timestamp>
			</report>
			<report>
				<misses>3600001</misses>
				<total>186</total>
				<timestamp>189.808633</timestamp>
			</report>
			<report>
				<misses>3700001</misses>
				<total>186</total>
				<timestamp>195.083149</timestamp>
			</report>
			<report>
				<misses>3800001</misses>
				<total>186</total>
				<timestamp>200.362767</timestamp>
			</report>
			<report>
				<misses>3900001</misses>
				<total>186</total>
				<timestamp>205.637622</timestamp>
			</report>
			<report>
				<misses>4000001</misses>
				<total>186</total>
				<timestamp>210.924587</timestamp>
			</report>
			<report>
				<misses>4100001</misses>
				<total>186</total>
				<timestamp>216.195567</timestamp>
			</report>
			<report>
				<misses>4200001</misses>
				<total>186</total>
				<timestamp>221.459082</timestamp>
			</report>
			<report>
				<misses>4300001</misses>
				<total>186</total>
				<timestamp>226.715681</timestamp>
			</report>
			<report>
				<misses>4400001</misses>
				<total>186</total>
				<timestamp>231.972721</timestamp>
			</report>
			<report>
				<misses>4500001</misses>
				<total>186</total>
				<timestamp>237.228450</timestamp>
			</report>
			<report>
				<misses>4600001</misses>
				<total>186</total>
				<timestamp>242.494207</timestamp>
			</report>
			<report>
				<misses>4700001</misses>
				<total>186</total>
				<timestamp>247.763873</timestamp>
			</report>
			<report>
				<misses>4800001</misses>
				<total>232</total>
				<timestamp>253.019748</timestamp>
			</report>
			<report>
				<misses>4900001</misses>
				<total>232</total>
				<timestamp>258.275347</timestamp>
			</report>
			<report>
				<misses>5000001</misses>
				<total>232</total>
				<timestamp>263.535470</timestamp>
			</report>
			<report>
				<misses>5100001</misses>
				<total>232</total>
				<timestamp>268.799464</timestamp>
			</report>
			<report>
				<misses>5200001</misses>
				<total>232</total>
				<timestamp>274.066799</timestamp>
			</report>
			<report>
				<misses>5300001</misses>
				<total>232</total>
				<timestamp>279.348292</timestamp>
			</report>
			<report>
				<misses>5400001</misses>
				<total>232</total>
				<timestamp>284.633182</timestamp>
			</report>
			<report>
				<misses>5500001</misses>
				<total>232</total>
				<timestamp>289.899084</timestamp>
			</report>
			<report>
				<misses>5600001</misses>
				<total>232</total>
				<timestamp>295.152913</timestamp>
			</report>
		</query>
	</custom>
	<ethtool_statistic>
		<rx_packets>
			<start>244285278</start>
			<end>290099140</end>
		</rx_packets>
		<tx_packets>
			<start>294376009</start>
			<end>339907949</end>
		</tx_packets>
		<rx_dropped>
			<start>0</start>
			<end>0</end>
		</rx_dropped>
		<tx_dropped>
			<start>0</start>
			<end>0</end>
		</tx_dropped>
		<collisions>
			<start>0</start>
			<end>0</end>
		</collisions>
		<port_tx_errors>
			<start>0</start>
			<end>0</end>
		</port_tx_errors>
		<port_rx_dropped>
			<start>0</start>
			<end>0</end>
		</port_rx_dropped>
		<port_tx_dropped_link_down>
			<start>0</start>
			<end>0</end>
		</port_tx_dropped_link_down>
	</ethtool_statistic>
	<ip_statistic>
		<mtu>
			<start>9000</start>
			<end>9000</end>
		</mtu>
		<rx_bytes>
			<start>1371245734720</start>
			<end>1745085763418</end>
		</rx_bytes>
		<rx_packets>
			<start>244285278</start>
			<end>290099140</end>
		</rx_packets>
		<rx_errors>
			<start>0</start>
			<end>0</end>
		</rx_errors>
		<rx_dropped>
			<start>0</start>
			<end>0</end>
		</rx_dropped>
		<rx_missed>
			<start>0</start>
			<end>0</end>
		</rx_missed>
		<rx_mcast>
			<start>6</start>
			<end>6</end>
		</rx_mcast>
		<tx_bytes>
			<start>1481085703903</start>
			<end>1852625263867</end>
		</tx_bytes>
		<tx_packets>
			<start>294376009</start>
			<end>339907949</end>
		</tx_packets>
		<tx_errors>
			<start>0</start>
			<end>0</end>
		</tx_errors>
		<tx_dropped>
			<start>0</start>
			<end>0</end>
		</tx_dropped>
		<tx_carrier>
			<start>0</start>
			<end>0</end>
		</tx_carrier>
		<tx_collisions>
			<start>0</start>
			<end>0</end>
		</tx_collisions>
	</ip_statistic>
	<netstat_statistic>
		<udp_pkg_rec>
			<start>1665302674</start>
			<end>1705594010</end>
		</udp_pkg_rec>
		<udp_pkg_snt>
			<start>1794353150</start>
			<end>1839912532</end>
		</udp_pkg_snt>
		<udp_rec_err>
			<start>0</start>
			<end>0</end>
		</udp_rec_err>
		<udp_rec_buf_err>
			<start>0</start>
			<end>0</end>
		</udp_rec_buf_err>
		<udp_snt_buf_err>
			<start>0</start>
			<end>0</end>
		</udp_snt_buf_err>
	</netstat_statistic>
</test_results>
