<?xml version="1.0"?>
<test_results>
	<status>STATUS_SUCCESS</status>
	<custom>
		<num_loss>-1</num_loss>
		<num_total>-1</num_total>
		<num_misses>-1</num_misses>
		<elapsed_time>-1.000000</elapsed_time>
		<query />
	</custom>
	<ethtool_statistic>
		<rx_packets>
			<start>-1</start>
			<end>-1</end>
		</rx_packets>
		<tx_packets>
			<start>-1</start>
			<end>-1</end>
		</tx_packets>
		<rx_dropped>
			<start>-1</start>
			<end>-1</end>
		</rx_dropped>
		<tx_dropped>
			<start>-1</start>
			<end>-1</end>
		</tx_dropped>
		<collisions>
			<start>-1</start>
			<end>-1</end>
		</collisions>
		<port_tx_errors>
			<start>-1</start>
			<end>-1</end>
		</port_tx_errors>
		<port_rx_dropped>
			<start>-1</start>
			<end>-1</end>
		</port_rx_dropped>
		<port_tx_dropped_link_down>
			<start>-1</start>
			<end>-1</end>
		</port_tx_dropped_link_down>
	</ethtool_statistic>
	<ip_statistic>
		<mtu>
			<start>9000</start>
			<end>9000</end>
		</mtu>
		<rx_bytes>
			<start>61873907216</start>
			<end>3117184097459</end>
		</rx_bytes>
		<rx_packets>
			<start>491523526</start>
			<end>833765802</end>
		</rx_packets>
		<rx_errors>
			<start>0</start>
			<end>0</end>
		</rx_errors>
		<rx_dropped>
			<start>0</start>
			<end>0</end>
		</rx_dropped>
		<rx_missed>
			<start>0</start>
			<end>0</end>
		</rx_missed>
		<rx_mcast>
			<start>492</start>
			<end>510</end>
		</rx_mcast>
		<tx_bytes>
			<start>57582731276</start>
			<end>3429269307158</end>
		</tx_bytes>
		<tx_packets>
			<start>457531023</start>
			<end>835139075</end>
		</tx_packets>
		<tx_errors>
			<start>0</start>
			<end>0</end>
		</tx_errors>
		<tx_dropped>
			<start>0</start>
			<end>0</end>
		</tx_dropped>
		<tx_carrier>
			<start>0</start>
			<end>0</end>
		</tx_carrier>
		<tx_collisions>
			<start>0</start>
			<end>0</end>
		</tx_collisions>
	</ip_statistic>
	<netstat_statistic>
		<udp_pkg_rec>
			<start>491961054</start>
			<end>834222553</end>
		</udp_pkg_rec>
		<udp_pkg_snt>
			<start>457969041</start>
			<end>835596323</end>
		</udp_pkg_snt>
		<udp_rec_err>
			<start>0</start>
			<end>0</end>
		</udp_rec_err>
		<udp_rec_buf_err>
			<start>0</start>
			<end>0</end>
		</udp_rec_buf_err>
		<udp_snt_buf_err>
			<start>0</start>
			<end>0</end>
		</udp_snt_buf_err>
	</netstat_statistic>
</test_results>
