<?xml version="1.0"?>
<test_results>
	<status>STATUS_SUCCESS</status>
	<custom>
		<num_loss>4520417</num_loss>
		<num_total>5000001</num_total>
		<num_misses>55</num_misses>
		<elapsed_time>550.000778</elapsed_time>
		<query>
			<report>
				<misses>100000</misses>
				<total>79482</total>
				<timestamp>11.001420</timestamp>
			</report>
			<report>
				<misses>200000</misses>
				<total>179481</total>
				<timestamp>22.001425</timestamp>
			</report>
			<report>
				<misses>300000</misses>
				<total>269140</total>
				<timestamp>33.001730</timestamp>
			</report>
			<report>
				<misses>400000</misses>
				<total>343489</total>
				<timestamp>44.001596</timestamp>
			</report>
			<report>
				<misses>500000</misses>
				<total>443488</total>
				<timestamp>55.001563</timestamp>
			</report>
			<report>
				<misses>600000</misses>
				<total>520766</total>
				<timestamp>66.001543</timestamp>
			</report>
			<report>
				<misses>700000</misses>
				<total>620765</total>
				<timestamp>77.001615</timestamp>
			</report>
			<report>
				<misses>800000</misses>
				<total>718931</total>
				<timestamp>88.001695</timestamp>
			</report>
			<report>
				<misses>900000</misses>
				<total>800816</total>
				<timestamp>99.001657</timestamp>
			</report>
			<report>
				<misses>1000000</misses>
				<total>900815</total>
				<timestamp>110.001701</timestamp>
			</report>
			<report>
				<misses>1100000</misses>
				<total>984184</total>
				<timestamp>121.001711</timestamp>
			</report>
			<report>
				<misses>1200000</misses>
				<total>1084183</total>
				<timestamp>132.001670</timestamp>
			</report>
			<report>
				<misses>1300000</misses>
				<total>1178359</total>
				<timestamp>143.001676</timestamp>
			</report>
			<report>
				<misses>1400000</misses>
				<total>1271044</total>
				<timestamp>154.001605</timestamp>
			</report>
			<report>
				<misses>1500000</misses>
				<total>1371043</total>
				<timestamp>165.001633</timestamp>
			</report>
			<report>
				<misses>1600000</misses>
				<total>1450378</total>
				<timestamp>176.001729</timestamp>
			</report>
			<report>
				<misses>1700000</misses>
				<total>1550377</total>
				<timestamp>187.001617</timestamp>
			</report>
			<report>
				<misses>1800000</misses>
				<total>1642724</total>
				<timestamp>198.001492</timestamp>
			</report>
			<report>
				<misses>1900000</misses>
				<total>1729845</total>
				<timestamp>209.001414</timestamp>
			</report>
			<report>
				<misses>2000000</misses>
				<total>1829844</total>
				<timestamp>220.001261</timestamp>
			</report>
			<report>
				<misses>2100000</misses>
				<total>1908969</total>
				<timestamp>231.001181</timestamp>
			</report>
			<report>
				<misses>2200000</misses>
				<total>2008968</total>
				<timestamp>242.001040</timestamp>
			</report>
			<report>
				<misses>2300000</misses>
				<total>2099182</total>
				<timestamp>253.000946</timestamp>
			</report>
			<report>
				<misses>2400000</misses>
				<total>2173060</total>
				<timestamp>264.000950</timestamp>
			</report>
			<report>
				<misses>2500000</misses>
				<total>2273059</total>
				<timestamp>275.000943</timestamp>
			</report>
			<report>
				<misses>2600000</misses>
				<total>2353985</total>
				<timestamp>286.000918</timestamp>
			</report>
			<report>
				<misses>2700000</misses>
				<total>2453984</total>
				<timestamp>297.000913</timestamp>
			</report>
			<report>
				<misses>2800000</misses>
				<total>2551157</total>
				<timestamp>308.000933</timestamp>
			</report>
			<report>
				<misses>2900000</misses>
				<total>2632427</total>
				<timestamp>319.000941</timestamp>
			</report>
			<report>
				<misses>3000000</misses>
				<total>2732426</total>
				<timestamp>330.001293</timestamp>
			</report>
			<report>
				<misses>3100000</misses>
				<total>2811131</total>
				<timestamp>341.001324</timestamp>
			</report>
			<report>
				<misses>3200000</misses>
				<total>2909905</total>
				<timestamp>352.001408</timestamp>
			</report>
			<report>
				<misses>3300000</misses>
				<total>3008270</total>
				<timestamp>363.001340</timestamp>
			</report>
			<report>
				<misses>3400000</misses>
				<total>3085002</total>
				<timestamp>374.001345</timestamp>
			</report>
			<report>
				<misses>3500000</misses>
				<total>3185001</total>
				<timestamp>385.001494</timestamp>
			</report>
			<report>
				<misses>3600000</misses>
				<total>3261189</total>
				<timestamp>396.001429</timestamp>
			</report>
			<report>
				<misses>3700000</misses>
				<total>3356233</total>
				<timestamp>407.001533</timestamp>
			</report>
			<report>
				<misses>3800000</misses>
				<total>3453120</total>
				<timestamp>418.001392</timestamp>
			</report>
			<report>
				<misses>3900000</misses>
				<total>3527507</total>
				<timestamp>429.001257</timestamp>
			</report>
			<report>
				<misses>4000000</misses>
				<total>3627506</total>
				<timestamp>440.001270</timestamp>
			</report>
			<report>
				<misses>4100000</misses>
				<total>3686213</total>
				<timestamp>451.001165</timestamp>
			</report>
			<report>
				<misses>4200000</misses>
				<total>3786212</total>
				<timestamp>462.001132</timestamp>
			</report>
			<report>
				<misses>4300000</misses>
				<total>3876234</total>
				<timestamp>473.001042</timestamp>
			</report>
			<report>
				<misses>4400000</misses>
				<total>3965058</total>
				<timestamp>484.001103</timestamp>
			</report>
			<report>
				<misses>4500000</misses>
				<total>4065057</total>
				<timestamp>495.001047</timestamp>
			</report>
			<report>
				<misses>4600000</misses>
				<total>4144117</total>
				<timestamp>506.001065</timestamp>
			</report>
			<report>
				<misses>4700000</misses>
				<total>4244116</total>
				<timestamp>517.000960</timestamp>
			</report>
			<report>
				<misses>4800000</misses>
				<total>4333253</total>
				<timestamp>528.000826</timestamp>
			</report>
			<report>
				<misses>4900000</misses>
				<total>4420418</total>
				<timestamp>539.000765</timestamp>
			</report>
			<report>
				<misses>5000000</misses>
				<total>4520417</total>
				<timestamp>550.000751</timestamp>
			</report>
		</query>
	</custom>
	<ethtool_statistic>
		<rx_packets>
			<start>3582687056</start>
			<end>3608523070</end>
		</rx_packets>
		<tx_packets>
			<start>3921656893</start>
			<end>3977160447</end>
		</tx_packets>
		<rx_dropped>
			<start>0</start>
			<end>0</end>
		</rx_dropped>
		<tx_dropped>
			<start>0</start>
			<end>0</end>
		</tx_dropped>
		<collisions>
			<start>0</start>
			<end>0</end>
		</collisions>
		<port_tx_errors>
			<start>0</start>
			<end>0</end>
		</port_tx_errors>
		<port_rx_dropped>
			<start>0</start>
			<end>0</end>
		</port_rx_dropped>
		<port_tx_dropped_link_down>
			<start>0</start>
			<end>0</end>
		</port_tx_dropped_link_down>
	</ethtool_statistic>
	<ip_statistic>
		<mtu>
			<start>9000</start>
			<end>9000</end>
		</mtu>
		<rx_bytes>
			<start>32207152979492</start>
			<end>32439413212817</end>
		</rx_bytes>
		<rx_packets>
			<start>3582687192</start>
			<end>3608523156</end>
		</rx_packets>
		<rx_errors>
			<start>0</start>
			<end>0</end>
		</rx_errors>
		<rx_dropped>
			<start>0</start>
			<end>0</end>
		</rx_dropped>
		<rx_missed>
			<start>0</start>
			<end>0</end>
		</rx_missed>
		<rx_mcast>
			<start>782</start>
			<end>788</end>
		</rx_mcast>
		<tx_bytes>
			<start>23187617666474</start>
			<end>23653392367976</end>
		</tx_bytes>
		<tx_packets>
			<start>3921656938</start>
			<end>3977160483</end>
		</tx_packets>
		<tx_errors>
			<start>0</start>
			<end>0</end>
		</tx_errors>
		<tx_dropped>
			<start>0</start>
			<end>0</end>
		</tx_dropped>
		<tx_carrier>
			<start>0</start>
			<end>0</end>
		</tx_carrier>
		<tx_collisions>
			<start>0</start>
			<end>0</end>
		</tx_collisions>
	</ip_statistic>
	<netstat_statistic>
		<udp_pkg_rec>
			<start>3383605431</start>
			<end>3407990853</end>
		</udp_pkg_rec>
		<udp_pkg_snt>
			<start>3730174536</start>
			<end>3750682525</end>
		</udp_pkg_snt>
		<udp_rec_err>
			<start>199392942</start>
			<end>200845854</end>
		</udp_rec_err>
		<udp_rec_buf_err>
			<start>199392942</start>
			<end>200845854</end>
		</udp_rec_buf_err>
		<udp_snt_buf_err>
			<start>0</start>
			<end>0</end>
		</udp_snt_buf_err>
	</netstat_statistic>
</test_results>
