<?xml version="1.0"?>
<test_results>
	<status>STATUS_SUCCESS</status>
	<custom>
		<num_loss>923680</num_loss>
		<num_total>1000001</num_total>
		<num_misses>103</num_misses>
		<elapsed_time>110.011447</elapsed_time>
		<query>
			<report>
				<misses>1000000</misses>
				<total>923680</total>
			</report>
		</query>
	</custom>
	<ethtool_statistic>
		<rx_packets>
			<start>16847506804</start>
			<end>16852856272</end>
		</rx_packets>
		<tx_packets>
			<start>19578536501</start>
			<end>19589747304</end>
		</tx_packets>
		<rx_dropped>
			<start>63</start>
			<end>63</end>
		</rx_dropped>
		<tx_dropped>
			<start>0</start>
			<end>0</end>
		</tx_dropped>
		<collisions>
			<start>0</start>
			<end>0</end>
		</collisions>
		<port_tx_errors>
			<start>0</start>
			<end>0</end>
		</port_tx_errors>
		<port_rx_dropped>
			<start>0</start>
			<end>0</end>
		</port_rx_dropped>
		<port_tx_dropped_link_down>
			<start>0</start>
			<end>0</end>
		</port_tx_dropped_link_down>
	</ethtool_statistic>
	<ip_statistic>
		<mtu>
			<start>9000</start>
			<end>9000</end>
		</mtu>
		<rx_bytes>
			<start>151446020065959</start>
			<end>151494111099106</end>
		</rx_bytes>
		<rx_packets>
			<start>16847506861</start>
			<end>16852856348</end>
		</rx_packets>
		<rx_errors>
			<start>0</start>
			<end>0</end>
		</rx_errors>
		<rx_dropped>
			<start>69</start>
			<end>69</end>
		</rx_dropped>
		<rx_missed>
			<start>0</start>
			<end>0</end>
		</rx_missed>
		<rx_mcast>
			<start>12298</start>
			<end>12298</end>
		</rx_mcast>
		<tx_bytes>
			<start>132447526048660</start>
			<end>132541670572826</end>
		</tx_bytes>
		<tx_packets>
			<start>19578536558</start>
			<end>19589747360</end>
		</tx_packets>
		<tx_errors>
			<start>0</start>
			<end>0</end>
		</tx_errors>
		<tx_dropped>
			<start>0</start>
			<end>0</end>
		</tx_dropped>
		<tx_carrier>
			<start>0</start>
			<end>0</end>
		</tx_carrier>
		<tx_collisions>
			<start>0</start>
			<end>0</end>
		</tx_collisions>
	</ip_statistic>
	<netstat_statistic>
		<udp_pkg_rec>
			<start>16578503687</start>
			<end>16583635326</end>
		</udp_pkg_rec>
		<udp_pkg_snt>
			<start>16600328611</start>
			<end>16604539650</end>
		</udp_pkg_snt>
		<udp_rec_err>
			<start>271001106</start>
			<end>271218864</end>
		</udp_rec_err>
		<udp_rec_buf_err>
			<start>271001106</start>
			<end>271218864</end>
		</udp_rec_buf_err>
		<udp_snt_buf_err>
			<start>28</start>
			<end>28</end>
		</udp_snt_buf_err>
	</netstat_statistic>
</test_results>
