<?xml version="1.0"?>
<test_results>
	<status>STATUS_SUCCESS</status>
	<custom>
		<num_loss>0</num_loss>
		<num_total>55379116</num_total>
		<num_misses>295</num_misses>
		<elapsed_time>7199.251544</elapsed_time>
		<query>
			<report>
				<misses>100000</misses>
				<total>0</total>
				<timestamp>13.000206</timestamp>
			</report>
			<report>
				<misses>200000</misses>
				<total>1</total>
				<timestamp>26.000096</timestamp>
			</report>
			<report>
				<misses>300000</misses>
				<total>1</total>
				<timestamp>38.999952</timestamp>
			</report>
			<report>
				<misses>400000</misses>
				<total>1</total>
				<timestamp>51.999909</timestamp>
			</report>
			<report>
				<misses>500000</misses>
				<total>0</total>
				<timestamp>64.999877</timestamp>
			</report>
			<report>
				<misses>600000</misses>
				<total>1</total>
				<timestamp>77.999799</timestamp>
			</report>
			<report>
				<misses>700000</misses>
				<total>1</total>
				<timestamp>90.999818</timestamp>
			</report>
			<report>
				<misses>800000</misses>
				<total>1</total>
				<timestamp>103.999686</timestamp>
			</report>
			<report>
				<misses>900000</misses>
				<total>0</total>
				<timestamp>116.999550</timestamp>
			</report>
			<report>
				<misses>1000000</misses>
				<total>1</total>
				<timestamp>129.999415</timestamp>
			</report>
			<report>
				<misses>1100000</misses>
				<total>1</total>
				<timestamp>142.999321</timestamp>
			</report>
			<report>
				<misses>1200000</misses>
				<total>1</total>
				<timestamp>155.999169</timestamp>
			</report>
			<report>
				<misses>1300000</misses>
				<total>0</total>
				<timestamp>168.999038</timestamp>
			</report>
			<report>
				<misses>1400000</misses>
				<total>0</total>
				<timestamp>181.998913</timestamp>
			</report>
			<report>
				<misses>1500000</misses>
				<total>1</total>
				<timestamp>194.998764</timestamp>
			</report>
			<report>
				<misses>1600000</misses>
				<total>1</total>
				<timestamp>207.998797</timestamp>
			</report>
			<report>
				<misses>1700000</misses>
				<total>1</total>
				<timestamp>220.998640</timestamp>
			</report>
			<report>
				<misses>1800000</misses>
				<total>0</total>
				<timestamp>233.998507</timestamp>
			</report>
			<report>
				<misses>1900000</misses>
				<total>1</total>
				<timestamp>246.998398</timestamp>
			</report>
			<report>
				<misses>2000000</misses>
				<total>0</total>
				<timestamp>259.998265</timestamp>
			</report>
			<report>
				<misses>2100000</misses>
				<total>0</total>
				<timestamp>272.998149</timestamp>
			</report>
			<report>
				<misses>2200000</misses>
				<total>0</total>
				<timestamp>285.997987</timestamp>
			</report>
			<report>
				<misses>2300000</misses>
				<total>0</total>
				<timestamp>298.997873</timestamp>
			</report>
			<report>
				<misses>2400000</misses>
				<total>1</total>
				<timestamp>311.997776</timestamp>
			</report>
			<report>
				<misses>2500000</misses>
				<total>1</total>
				<timestamp>324.997621</timestamp>
			</report>
			<report>
				<misses>2600000</misses>
				<total>0</total>
				<timestamp>337.997477</timestamp>
			</report>
			<report>
				<misses>2700000</misses>
				<total>0</total>
				<timestamp>350.997360</timestamp>
			</report>
			<report>
				<misses>2800000</misses>
				<total>0</total>
				<timestamp>363.997212</timestamp>
			</report>
			<report>
				<misses>2900000</misses>
				<total>1</total>
				<timestamp>376.997204</timestamp>
			</report>
			<report>
				<misses>3000000</misses>
				<total>1</total>
				<timestamp>389.997088</timestamp>
			</report>
			<report>
				<misses>3100000</misses>
				<total>0</total>
				<timestamp>402.997096</timestamp>
			</report>
			<report>
				<misses>3200000</misses>
				<total>1</total>
				<timestamp>415.997130</timestamp>
			</report>
			<report>
				<misses>3300000</misses>
				<total>0</total>
				<timestamp>428.996963</timestamp>
			</report>
			<report>
				<misses>3400000</misses>
				<total>1</total>
				<timestamp>441.996989</timestamp>
			</report>
			<report>
				<misses>3500000</misses>
				<total>0</total>
				<timestamp>454.996842</timestamp>
			</report>
			<report>
				<misses>3600000</misses>
				<total>1</total>
				<timestamp>467.996702</timestamp>
			</report>
			<report>
				<misses>3700000</misses>
				<total>1</total>
				<timestamp>480.996555</timestamp>
			</report>
			<report>
				<misses>3800000</misses>
				<total>0</total>
				<timestamp>493.996414</timestamp>
			</report>
			<report>
				<misses>3900000</misses>
				<total>1</total>
				<timestamp>506.996318</timestamp>
			</report>
			<report>
				<misses>4000000</misses>
				<total>1</total>
				<timestamp>519.996169</timestamp>
			</report>
			<report>
				<misses>4100000</misses>
				<total>1</total>
				<timestamp>532.996045</timestamp>
			</report>
			<report>
				<misses>4200000</misses>
				<total>1</total>
				<timestamp>545.996304</timestamp>
			</report>
			<report>
				<misses>4300000</misses>
				<total>0</total>
				<timestamp>558.996166</timestamp>
			</report>
			<report>
				<misses>4400000</misses>
				<total>0</total>
				<timestamp>571.996185</timestamp>
			</report>
			<report>
				<misses>4500000</misses>
				<total>0</total>
				<timestamp>584.996304</timestamp>
			</report>
			<report>
				<misses>4600000</misses>
				<total>1</total>
				<timestamp>597.996162</timestamp>
			</report>
			<report>
				<misses>4700000</misses>
				<total>1</total>
				<timestamp>610.996029</timestamp>
			</report>
			<report>
				<misses>4800000</misses>
				<total>1</total>
				<timestamp>623.995918</timestamp>
			</report>
			<report>
				<misses>4900000</misses>
				<total>0</total>
				<timestamp>636.995776</timestamp>
			</report>
			<report>
				<misses>5000000</misses>
				<total>1</total>
				<timestamp>649.995685</timestamp>
			</report>
			<report>
				<misses>5100000</misses>
				<total>0</total>
				<timestamp>662.995605</timestamp>
			</report>
			<report>
				<misses>5200000</misses>
				<total>1</total>
				<timestamp>675.995521</timestamp>
			</report>
			<report>
				<misses>5300000</misses>
				<total>0</total>
				<timestamp>688.995390</timestamp>
			</report>
			<report>
				<misses>5400000</misses>
				<total>1</total>
				<timestamp>701.995263</timestamp>
			</report>
			<report>
				<misses>5500000</misses>
				<total>1</total>
				<timestamp>714.996430</timestamp>
			</report>
			<report>
				<misses>5600000</misses>
				<total>1</total>
				<timestamp>727.997468</timestamp>
			</report>
			<report>
				<misses>5700000</misses>
				<total>1</total>
				<timestamp>740.997377</timestamp>
			</report>
			<report>
				<misses>5800000</misses>
				<total>1</total>
				<timestamp>753.997467</timestamp>
			</report>
			<report>
				<misses>5900000</misses>
				<total>0</total>
				<timestamp>766.997619</timestamp>
			</report>
			<report>
				<misses>6000000</misses>
				<total>1</total>
				<timestamp>779.997558</timestamp>
			</report>
			<report>
				<misses>6100000</misses>
				<total>1</total>
				<timestamp>792.997503</timestamp>
			</report>
			<report>
				<misses>6200000</misses>
				<total>1</total>
				<timestamp>805.997600</timestamp>
			</report>
			<report>
				<misses>6300000</misses>
				<total>1</total>
				<timestamp>818.997556</timestamp>
			</report>
			<report>
				<misses>6400000</misses>
				<total>0</total>
				<timestamp>831.997513</timestamp>
			</report>
			<report>
				<misses>6500000</misses>
				<total>0</total>
				<timestamp>844.997359</timestamp>
			</report>
			<report>
				<misses>6600000</misses>
				<total>0</total>
				<timestamp>857.997233</timestamp>
			</report>
			<report>
				<misses>6700000</misses>
				<total>0</total>
				<timestamp>870.997148</timestamp>
			</report>
			<report>
				<misses>6800000</misses>
				<total>0</total>
				<timestamp>883.997345</timestamp>
			</report>
			<report>
				<misses>6900000</misses>
				<total>0</total>
				<timestamp>896.997339</timestamp>
			</report>
			<report>
				<misses>7000000</misses>
				<total>1</total>
				<timestamp>909.997214</timestamp>
			</report>
			<report>
				<misses>7100000</misses>
				<total>0</total>
				<timestamp>922.997235</timestamp>
			</report>
			<report>
				<misses>7200000</misses>
				<total>1</total>
				<timestamp>935.997087</timestamp>
			</report>
			<report>
				<misses>7300000</misses>
				<total>1</total>
				<timestamp>948.997077</timestamp>
			</report>
			<report>
				<misses>7400000</misses>
				<total>1</total>
				<timestamp>961.996972</timestamp>
			</report>
			<report>
				<misses>7500000</misses>
				<total>0</total>
				<timestamp>974.996807</timestamp>
			</report>
			<report>
				<misses>7600000</misses>
				<total>1</total>
				<timestamp>987.996689</timestamp>
			</report>
			<report>
				<misses>7700000</misses>
				<total>0</total>
				<timestamp>1000.996687</timestamp>
			</report>
			<report>
				<misses>7800000</misses>
				<total>0</total>
				<timestamp>1013.996561</timestamp>
			</report>
			<report>
				<misses>7900000</misses>
				<total>1</total>
				<timestamp>1026.996647</timestamp>
			</report>
			<report>
				<misses>8000000</misses>
				<total>0</total>
				<timestamp>1039.996603</timestamp>
			</report>
			<report>
				<misses>8100000</misses>
				<total>1</total>
				<timestamp>1052.996440</timestamp>
			</report>
			<report>
				<misses>8200000</misses>
				<total>0</total>
				<timestamp>1065.996299</timestamp>
			</report>
			<report>
				<misses>8300000</misses>
				<total>1</total>
				<timestamp>1078.996207</timestamp>
			</report>
			<report>
				<misses>8400000</misses>
				<total>1</total>
				<timestamp>1091.996162</timestamp>
			</report>
			<report>
				<misses>8500000</misses>
				<total>0</total>
				<timestamp>1104.996030</timestamp>
			</report>
			<report>
				<misses>8600000</misses>
				<total>0</total>
				<timestamp>1117.995901</timestamp>
			</report>
			<report>
				<misses>8700000</misses>
				<total>0</total>
				<timestamp>1130.997335</timestamp>
			</report>
			<report>
				<misses>8800000</misses>
				<total>1</total>
				<timestamp>1143.997503</timestamp>
			</report>
			<report>
				<misses>8900000</misses>
				<total>1</total>
				<timestamp>1156.997596</timestamp>
			</report>
			<report>
				<misses>9000000</misses>
				<total>0</total>
				<timestamp>1169.997470</timestamp>
			</report>
			<report>
				<misses>9100000</misses>
				<total>0</total>
				<timestamp>1182.997480</timestamp>
			</report>
			<report>
				<misses>9200000</misses>
				<total>1</total>
				<timestamp>1195.997372</timestamp>
			</report>
			<report>
				<misses>9300000</misses>
				<total>0</total>
				<timestamp>1208.997332</timestamp>
			</report>
			<report>
				<misses>9400000</misses>
				<total>1</total>
				<timestamp>1221.997463</timestamp>
			</report>
			<report>
				<misses>9500000</misses>
				<total>1</total>
				<timestamp>1234.997350</timestamp>
			</report>
			<report>
				<misses>9600000</misses>
				<total>0</total>
				<timestamp>1247.997199</timestamp>
			</report>
			<report>
				<misses>9700000</misses>
				<total>1</total>
				<timestamp>1260.997093</timestamp>
			</report>
			<report>
				<misses>9800000</misses>
				<total>0</total>
				<timestamp>1273.996999</timestamp>
			</report>
			<report>
				<misses>9900000</misses>
				<total>0</total>
				<timestamp>1286.996846</timestamp>
			</report>
			<report>
				<misses>10000000</misses>
				<total>1</total>
				<timestamp>1299.996985</timestamp>
			</report>
			<report>
				<misses>10100000</misses>
				<total>1</total>
				<timestamp>1312.996901</timestamp>
			</report>
			<report>
				<misses>10200000</misses>
				<total>0</total>
				<timestamp>1325.996864</timestamp>
			</report>
			<report>
				<misses>10300000</misses>
				<total>0</total>
				<timestamp>1338.996762</timestamp>
			</report>
			<report>
				<misses>10400000</misses>
				<total>0</total>
				<timestamp>1351.996742</timestamp>
			</report>
			<report>
				<misses>10500000</misses>
				<total>1</total>
				<timestamp>1364.996642</timestamp>
			</report>
			<report>
				<misses>10600000</misses>
				<total>0</total>
				<timestamp>1377.996544</timestamp>
			</report>
			<report>
				<misses>10700000</misses>
				<total>1</total>
				<timestamp>1390.996461</timestamp>
			</report>
			<report>
				<misses>10800000</misses>
				<total>0</total>
				<timestamp>1403.996294</timestamp>
			</report>
			<report>
				<misses>10900000</misses>
				<total>1</total>
				<timestamp>1416.996321</timestamp>
			</report>
			<report>
				<misses>11000000</misses>
				<total>1</total>
				<timestamp>1429.996309</timestamp>
			</report>
			<report>
				<misses>11100000</misses>
				<total>0</total>
				<timestamp>1442.996173</timestamp>
			</report>
			<report>
				<misses>11200000</misses>
				<total>1</total>
				<timestamp>1455.996053</timestamp>
			</report>
			<report>
				<misses>11300000</misses>
				<total>1</total>
				<timestamp>1468.995910</timestamp>
			</report>
			<report>
				<misses>11400000</misses>
				<total>0</total>
				<timestamp>1481.995825</timestamp>
			</report>
			<report>
				<misses>11500000</misses>
				<total>0</total>
				<timestamp>1494.995655</timestamp>
			</report>
			<report>
				<misses>11600000</misses>
				<total>1</total>
				<timestamp>1507.995674</timestamp>
			</report>
			<report>
				<misses>11700000</misses>
				<total>1</total>
				<timestamp>1520.995527</timestamp>
			</report>
			<report>
				<misses>11800000</misses>
				<total>1</total>
				<timestamp>1533.995387</timestamp>
			</report>
			<report>
				<misses>11900000</misses>
				<total>0</total>
				<timestamp>1546.995401</timestamp>
			</report>
			<report>
				<misses>12000000</misses>
				<total>1</total>
				<timestamp>1559.995530</timestamp>
			</report>
			<report>
				<misses>12100000</misses>
				<total>0</total>
				<timestamp>1572.995661</timestamp>
			</report>
			<report>
				<misses>12200000</misses>
				<total>1</total>
				<timestamp>1585.995658</timestamp>
			</report>
			<report>
				<misses>12300000</misses>
				<total>0</total>
				<timestamp>1598.995560</timestamp>
			</report>
			<report>
				<misses>12400000</misses>
				<total>0</total>
				<timestamp>1611.995403</timestamp>
			</report>
			<report>
				<misses>12500000</misses>
				<total>1</total>
				<timestamp>1624.995432</timestamp>
			</report>
			<report>
				<misses>12600000</misses>
				<total>1</total>
				<timestamp>1637.995260</timestamp>
			</report>
			<report>
				<misses>12700000</misses>
				<total>1</total>
				<timestamp>1650.995128</timestamp>
			</report>
			<report>
				<misses>12800000</misses>
				<total>0</total>
				<timestamp>1663.995006</timestamp>
			</report>
			<report>
				<misses>12900000</misses>
				<total>1</total>
				<timestamp>1676.994904</timestamp>
			</report>
			<report>
				<misses>13000000</misses>
				<total>1</total>
				<timestamp>1689.994743</timestamp>
			</report>
			<report>
				<misses>13100000</misses>
				<total>1</total>
				<timestamp>1702.994638</timestamp>
			</report>
			<report>
				<misses>13200000</misses>
				<total>0</total>
				<timestamp>1715.994516</timestamp>
			</report>
			<report>
				<misses>13300000</misses>
				<total>1</total>
				<timestamp>1728.994494</timestamp>
			</report>
			<report>
				<misses>13400000</misses>
				<total>0</total>
				<timestamp>1741.994366</timestamp>
			</report>
			<report>
				<misses>13500000</misses>
				<total>1</total>
				<timestamp>1754.994480</timestamp>
			</report>
			<report>
				<misses>13600000</misses>
				<total>1</total>
				<timestamp>1767.994353</timestamp>
			</report>
			<report>
				<misses>13700000</misses>
				<total>0</total>
				<timestamp>1780.994220</timestamp>
			</report>
			<report>
				<misses>13800000</misses>
				<total>1</total>
				<timestamp>1793.994082</timestamp>
			</report>
			<report>
				<misses>13900000</misses>
				<total>0</total>
				<timestamp>1806.994106</timestamp>
			</report>
			<report>
				<misses>14000000</misses>
				<total>1</total>
				<timestamp>1819.994012</timestamp>
			</report>
			<report>
				<misses>14100000</misses>
				<total>1</total>
				<timestamp>1832.993964</timestamp>
			</report>
			<report>
				<misses>14200000</misses>
				<total>0</total>
				<timestamp>1845.993833</timestamp>
			</report>
			<report>
				<misses>14300000</misses>
				<total>1</total>
				<timestamp>1858.993957</timestamp>
			</report>
			<report>
				<misses>14400000</misses>
				<total>0</total>
				<timestamp>1871.994218</timestamp>
			</report>
			<report>
				<misses>14500000</misses>
				<total>1</total>
				<timestamp>1884.994211</timestamp>
			</report>
			<report>
				<misses>14600000</misses>
				<total>0</total>
				<timestamp>1897.994096</timestamp>
			</report>
			<report>
				<misses>14700000</misses>
				<total>1</total>
				<timestamp>1910.993978</timestamp>
			</report>
			<report>
				<misses>14800000</misses>
				<total>0</total>
				<timestamp>1923.993878</timestamp>
			</report>
			<report>
				<misses>14900000</misses>
				<total>1</total>
				<timestamp>1936.993721</timestamp>
			</report>
			<report>
				<misses>15000000</misses>
				<total>0</total>
				<timestamp>1949.993566</timestamp>
			</report>
			<report>
				<misses>15100000</misses>
				<total>1</total>
				<timestamp>1962.993569</timestamp>
			</report>
			<report>
				<misses>15200000</misses>
				<total>1</total>
				<timestamp>1975.993473</timestamp>
			</report>
			<report>
				<misses>15300000</misses>
				<total>0</total>
				<timestamp>1988.993377</timestamp>
			</report>
			<report>
				<misses>15400000</misses>
				<total>0</total>
				<timestamp>2001.993343</timestamp>
			</report>
			<report>
				<misses>15500000</misses>
				<total>1</total>
				<timestamp>2014.993186</timestamp>
			</report>
			<report>
				<misses>15600000</misses>
				<total>1</total>
				<timestamp>2027.993053</timestamp>
			</report>
			<report>
				<misses>15700000</misses>
				<total>0</total>
				<timestamp>2040.992928</timestamp>
			</report>
			<report>
				<misses>15800000</misses>
				<total>0</total>
				<timestamp>2053.992799</timestamp>
			</report>
			<report>
				<misses>15900000</misses>
				<total>1</total>
				<timestamp>2066.992676</timestamp>
			</report>
			<report>
				<misses>16000000</misses>
				<total>1</total>
				<timestamp>2079.992542</timestamp>
			</report>
			<report>
				<misses>16100000</misses>
				<total>0</total>
				<timestamp>2092.992401</timestamp>
			</report>
			<report>
				<misses>16200000</misses>
				<total>1</total>
				<timestamp>2105.992407</timestamp>
			</report>
			<report>
				<misses>16300000</misses>
				<total>1</total>
				<timestamp>2118.992288</timestamp>
			</report>
			<report>
				<misses>16400000</misses>
				<total>1</total>
				<timestamp>2131.992147</timestamp>
			</report>
			<report>
				<misses>16500000</misses>
				<total>1</total>
				<timestamp>2144.992532</timestamp>
			</report>
			<report>
				<misses>16600000</misses>
				<total>0</total>
				<timestamp>2157.992421</timestamp>
			</report>
			<report>
				<misses>16700000</misses>
				<total>1</total>
				<timestamp>2170.992269</timestamp>
			</report>
			<report>
				<misses>16800000</misses>
				<total>1</total>
				<timestamp>2183.992137</timestamp>
			</report>
			<report>
				<misses>16900000</misses>
				<total>0</total>
				<timestamp>2196.992061</timestamp>
			</report>
			<report>
				<misses>17000000</misses>
				<total>0</total>
				<timestamp>2209.991884</timestamp>
			</report>
			<report>
				<misses>17100000</misses>
				<total>0</total>
				<timestamp>2222.992003</timestamp>
			</report>
			<report>
				<misses>17200000</misses>
				<total>0</total>
				<timestamp>2235.991884</timestamp>
			</report>
			<report>
				<misses>17300000</misses>
				<total>1</total>
				<timestamp>2248.992130</timestamp>
			</report>
			<report>
				<misses>17400000</misses>
				<total>1</total>
				<timestamp>2261.992008</timestamp>
			</report>
			<report>
				<misses>17500000</misses>
				<total>0</total>
				<timestamp>2274.992032</timestamp>
			</report>
			<report>
				<misses>17600000</misses>
				<total>1</total>
				<timestamp>2287.991896</timestamp>
			</report>
			<report>
				<misses>17700000</misses>
				<total>1</total>
				<timestamp>2300.991761</timestamp>
			</report>
			<report>
				<misses>17800000</misses>
				<total>1</total>
				<timestamp>2313.991638</timestamp>
			</report>
			<report>
				<misses>17900000</misses>
				<total>1</total>
				<timestamp>2326.991487</timestamp>
			</report>
			<report>
				<misses>18000000</misses>
				<total>1</total>
				<timestamp>2339.991361</timestamp>
			</report>
			<report>
				<misses>18100000</misses>
				<total>1</total>
				<timestamp>2352.991365</timestamp>
			</report>
			<report>
				<misses>18200000</misses>
				<total>0</total>
				<timestamp>2365.991268</timestamp>
			</report>
			<report>
				<misses>18300000</misses>
				<total>1</total>
				<timestamp>2378.991266</timestamp>
			</report>
			<report>
				<misses>18400000</misses>
				<total>1</total>
				<timestamp>2391.991357</timestamp>
			</report>
			<report>
				<misses>18500000</misses>
				<total>0</total>
				<timestamp>2404.991231</timestamp>
			</report>
			<report>
				<misses>18600000</misses>
				<total>1</total>
				<timestamp>2417.991363</timestamp>
			</report>
			<report>
				<misses>18700000</misses>
				<total>1</total>
				<timestamp>2430.991511</timestamp>
			</report>
			<report>
				<misses>18800000</misses>
				<total>0</total>
				<timestamp>2443.991373</timestamp>
			</report>
			<report>
				<misses>18900000</misses>
				<total>1</total>
				<timestamp>2456.991243</timestamp>
			</report>
			<report>
				<misses>19000000</misses>
				<total>0</total>
				<timestamp>2469.991129</timestamp>
			</report>
			<report>
				<misses>19100000</misses>
				<total>1</total>
				<timestamp>2482.990975</timestamp>
			</report>
			<report>
				<misses>19200000</misses>
				<total>0</total>
				<timestamp>2495.990974</timestamp>
			</report>
			<report>
				<misses>19300000</misses>
				<total>1</total>
				<timestamp>2508.990875</timestamp>
			</report>
			<report>
				<misses>19400000</misses>
				<total>1</total>
				<timestamp>2521.990717</timestamp>
			</report>
			<report>
				<misses>19500000</misses>
				<total>0</total>
				<timestamp>2534.990588</timestamp>
			</report>
			<report>
				<misses>19600000</misses>
				<total>0</total>
				<timestamp>2547.990495</timestamp>
			</report>
			<report>
				<misses>19700000</misses>
				<total>0</total>
				<timestamp>2560.990319</timestamp>
			</report>
			<report>
				<misses>19800000</misses>
				<total>1</total>
				<timestamp>2573.990196</timestamp>
			</report>
			<report>
				<misses>19900000</misses>
				<total>1</total>
				<timestamp>2586.990086</timestamp>
			</report>
			<report>
				<misses>20000000</misses>
				<total>1</total>
				<timestamp>2599.989940</timestamp>
			</report>
			<report>
				<misses>20100000</misses>
				<total>0</total>
				<timestamp>2612.989834</timestamp>
			</report>
			<report>
				<misses>20200000</misses>
				<total>1</total>
				<timestamp>2625.989925</timestamp>
			</report>
			<report>
				<misses>20300000</misses>
				<total>1</total>
				<timestamp>2638.989847</timestamp>
			</report>
			<report>
				<misses>20400000</misses>
				<total>1</total>
				<timestamp>2651.989721</timestamp>
			</report>
			<report>
				<misses>20500000</misses>
				<total>1</total>
				<timestamp>2664.989680</timestamp>
			</report>
			<report>
				<misses>20600000</misses>
				<total>1</total>
				<timestamp>2677.989682</timestamp>
			</report>
			<report>
				<misses>20700000</misses>
				<total>1</total>
				<timestamp>2690.989541</timestamp>
			</report>
			<report>
				<misses>20800000</misses>
				<total>0</total>
				<timestamp>2703.989434</timestamp>
			</report>
			<report>
				<misses>20900000</misses>
				<total>1</total>
				<timestamp>2716.989280</timestamp>
			</report>
			<report>
				<misses>21000000</misses>
				<total>1</total>
				<timestamp>2729.989202</timestamp>
			</report>
			<report>
				<misses>21100000</misses>
				<total>0</total>
				<timestamp>2742.989180</timestamp>
			</report>
			<report>
				<misses>21200000</misses>
				<total>0</total>
				<timestamp>2755.989148</timestamp>
			</report>
			<report>
				<misses>21300000</misses>
				<total>1</total>
				<timestamp>2768.989017</timestamp>
			</report>
			<report>
				<misses>21400000</misses>
				<total>0</total>
				<timestamp>2781.989158</timestamp>
			</report>
			<report>
				<misses>21500000</misses>
				<total>0</total>
				<timestamp>2794.989181</timestamp>
			</report>
			<report>
				<misses>21600000</misses>
				<total>1</total>
				<timestamp>2807.989167</timestamp>
			</report>
			<report>
				<misses>21700000</misses>
				<total>1</total>
				<timestamp>2820.989300</timestamp>
			</report>
			<report>
				<misses>21800000</misses>
				<total>1</total>
				<timestamp>2833.989200</timestamp>
			</report>
			<report>
				<misses>21900000</misses>
				<total>1</total>
				<timestamp>2846.989160</timestamp>
			</report>
			<report>
				<misses>22000000</misses>
				<total>1</total>
				<timestamp>2859.988979</timestamp>
			</report>
			<report>
				<misses>22100000</misses>
				<total>1</total>
				<timestamp>2872.988898</timestamp>
			</report>
			<report>
				<misses>22200000</misses>
				<total>0</total>
				<timestamp>2885.988908</timestamp>
			</report>
			<report>
				<misses>22300000</misses>
				<total>0</total>
				<timestamp>2898.988752</timestamp>
			</report>
			<report>
				<misses>22400000</misses>
				<total>1</total>
				<timestamp>2911.988644</timestamp>
			</report>
			<report>
				<misses>22500000</misses>
				<total>1</total>
				<timestamp>2924.988647</timestamp>
			</report>
			<report>
				<misses>22600000</misses>
				<total>1</total>
				<timestamp>2937.988759</timestamp>
			</report>
			<report>
				<misses>22700000</misses>
				<total>1</total>
				<timestamp>2950.988661</timestamp>
			</report>
			<report>
				<misses>22800000</misses>
				<total>1</total>
				<timestamp>2963.988589</timestamp>
			</report>
			<report>
				<misses>22900000</misses>
				<total>0</total>
				<timestamp>2976.988654</timestamp>
			</report>
			<report>
				<misses>23000000</misses>
				<total>1</total>
				<timestamp>2989.988767</timestamp>
			</report>
			<report>
				<misses>23100000</misses>
				<total>1</total>
				<timestamp>3002.988818</timestamp>
			</report>
			<report>
				<misses>23200000</misses>
				<total>1</total>
				<timestamp>3015.988782</timestamp>
			</report>
			<report>
				<misses>23300000</misses>
				<total>1</total>
				<timestamp>3028.988776</timestamp>
			</report>
			<report>
				<misses>23400000</misses>
				<total>1</total>
				<timestamp>3041.988681</timestamp>
			</report>
			<report>
				<misses>23500000</misses>
				<total>1</total>
				<timestamp>3054.988778</timestamp>
			</report>
			<report>
				<misses>23600000</misses>
				<total>0</total>
				<timestamp>3067.988642</timestamp>
			</report>
			<report>
				<misses>23700000</misses>
				<total>1</total>
				<timestamp>3080.988505</timestamp>
			</report>
			<report>
				<misses>23800000</misses>
				<total>1</total>
				<timestamp>3093.988374</timestamp>
			</report>
			<report>
				<misses>23900000</misses>
				<total>0</total>
				<timestamp>3106.988262</timestamp>
			</report>
			<report>
				<misses>24000000</misses>
				<total>1</total>
				<timestamp>3119.988255</timestamp>
			</report>
			<report>
				<misses>24100000</misses>
				<total>1</total>
				<timestamp>3132.988151</timestamp>
			</report>
			<report>
				<misses>24200000</misses>
				<total>1</total>
				<timestamp>3145.987985</timestamp>
			</report>
			<report>
				<misses>24300000</misses>
				<total>1</total>
				<timestamp>3158.987864</timestamp>
			</report>
			<report>
				<misses>24400000</misses>
				<total>1</total>
				<timestamp>3171.987726</timestamp>
			</report>
			<report>
				<misses>24500000</misses>
				<total>1</total>
				<timestamp>3184.987589</timestamp>
			</report>
			<report>
				<misses>24600000</misses>
				<total>1</total>
				<timestamp>3197.987467</timestamp>
			</report>
			<report>
				<misses>24700000</misses>
				<total>0</total>
				<timestamp>3210.987336</timestamp>
			</report>
			<report>
				<misses>24800000</misses>
				<total>1</total>
				<timestamp>3223.987215</timestamp>
			</report>
			<report>
				<misses>24900000</misses>
				<total>0</total>
				<timestamp>3236.987103</timestamp>
			</report>
			<report>
				<misses>25000000</misses>
				<total>1</total>
				<timestamp>3249.986981</timestamp>
			</report>
			<report>
				<misses>25100000</misses>
				<total>1</total>
				<timestamp>3262.986809</timestamp>
			</report>
			<report>
				<misses>25200000</misses>
				<total>1</total>
				<timestamp>3275.986684</timestamp>
			</report>
			<report>
				<misses>25300000</misses>
				<total>0</total>
				<timestamp>3288.986555</timestamp>
			</report>
			<report>
				<misses>25400000</misses>
				<total>0</total>
				<timestamp>3301.986434</timestamp>
			</report>
			<report>
				<misses>25500000</misses>
				<total>1</total>
				<timestamp>3314.986296</timestamp>
			</report>
			<report>
				<misses>25600000</misses>
				<total>1</total>
				<timestamp>3327.986173</timestamp>
			</report>
			<report>
				<misses>25700000</misses>
				<total>1</total>
				<timestamp>3340.986034</timestamp>
			</report>
			<report>
				<misses>25800000</misses>
				<total>1</total>
				<timestamp>3353.985905</timestamp>
			</report>
			<report>
				<misses>25900000</misses>
				<total>1</total>
				<timestamp>3366.985961</timestamp>
			</report>
			<report>
				<misses>26000000</misses>
				<total>1</total>
				<timestamp>3379.986114</timestamp>
			</report>
			<report>
				<misses>26100000</misses>
				<total>1</total>
				<timestamp>3392.986096</timestamp>
			</report>
			<report>
				<misses>26200000</misses>
				<total>1</total>
				<timestamp>3405.986300</timestamp>
			</report>
			<report>
				<misses>26300000</misses>
				<total>0</total>
				<timestamp>3418.986558</timestamp>
			</report>
			<report>
				<misses>26400000</misses>
				<total>1</total>
				<timestamp>3431.986441</timestamp>
			</report>
			<report>
				<misses>26500000</misses>
				<total>1</total>
				<timestamp>3444.986287</timestamp>
			</report>
			<report>
				<misses>26600000</misses>
				<total>1</total>
				<timestamp>3457.986154</timestamp>
			</report>
			<report>
				<misses>26700000</misses>
				<total>1</total>
				<timestamp>3470.986293</timestamp>
			</report>
			<report>
				<misses>26800000</misses>
				<total>1</total>
				<timestamp>3483.986209</timestamp>
			</report>
			<report>
				<misses>26900000</misses>
				<total>0</total>
				<timestamp>3496.986180</timestamp>
			</report>
			<report>
				<misses>27000000</misses>
				<total>0</total>
				<timestamp>3509.986062</timestamp>
			</report>
			<report>
				<misses>27100000</misses>
				<total>0</total>
				<timestamp>3522.985886</timestamp>
			</report>
			<report>
				<misses>27200000</misses>
				<total>0</total>
				<timestamp>3535.985935</timestamp>
			</report>
			<report>
				<misses>27300000</misses>
				<total>0</total>
				<timestamp>3548.985778</timestamp>
			</report>
			<report>
				<misses>27400000</misses>
				<total>1</total>
				<timestamp>3561.985640</timestamp>
			</report>
			<report>
				<misses>27500000</misses>
				<total>0</total>
				<timestamp>3574.985529</timestamp>
			</report>
			<report>
				<misses>27600000</misses>
				<total>1</total>
				<timestamp>3587.985386</timestamp>
			</report>
			<report>
				<misses>27700000</misses>
				<total>0</total>
				<timestamp>3600.985263</timestamp>
			</report>
			<report>
				<misses>27800000</misses>
				<total>0</total>
				<timestamp>3613.985117</timestamp>
			</report>
			<report>
				<misses>27900000</misses>
				<total>1</total>
				<timestamp>3626.984986</timestamp>
			</report>
			<report>
				<misses>28000000</misses>
				<total>1</total>
				<timestamp>3639.985043</timestamp>
			</report>
			<report>
				<misses>28100000</misses>
				<total>1</total>
				<timestamp>3652.985261</timestamp>
			</report>
			<report>
				<misses>28200000</misses>
				<total>1</total>
				<timestamp>3665.985125</timestamp>
			</report>
			<report>
				<misses>28300000</misses>
				<total>0</total>
				<timestamp>3678.985124</timestamp>
			</report>
			<report>
				<misses>28400000</misses>
				<total>1</total>
				<timestamp>3691.984987</timestamp>
			</report>
			<report>
				<misses>28500000</misses>
				<total>0</total>
				<timestamp>3704.984887</timestamp>
			</report>
			<report>
				<misses>28600000</misses>
				<total>1</total>
				<timestamp>3717.984738</timestamp>
			</report>
			<report>
				<misses>28700000</misses>
				<total>0</total>
				<timestamp>3730.984593</timestamp>
			</report>
			<report>
				<misses>28800000</misses>
				<total>1</total>
				<timestamp>3743.984469</timestamp>
			</report>
			<report>
				<misses>28900000</misses>
				<total>1</total>
				<timestamp>3756.984379</timestamp>
			</report>
			<report>
				<misses>29000000</misses>
				<total>0</total>
				<timestamp>3769.984340</timestamp>
			</report>
			<report>
				<misses>29100000</misses>
				<total>1</total>
				<timestamp>3782.984232</timestamp>
			</report>
			<report>
				<misses>29200000</misses>
				<total>1</total>
				<timestamp>3795.984116</timestamp>
			</report>
			<report>
				<misses>29300000</misses>
				<total>1</total>
				<timestamp>3808.983946</timestamp>
			</report>
			<report>
				<misses>29400000</misses>
				<total>1</total>
				<timestamp>3821.983833</timestamp>
			</report>
			<report>
				<misses>29500000</misses>
				<total>1</total>
				<timestamp>3834.983750</timestamp>
			</report>
			<report>
				<misses>29600000</misses>
				<total>1</total>
				<timestamp>3847.983695</timestamp>
			</report>
			<report>
				<misses>29700000</misses>
				<total>1</total>
				<timestamp>3860.983556</timestamp>
			</report>
			<report>
				<misses>29800000</misses>
				<total>0</total>
				<timestamp>3873.983482</timestamp>
			</report>
			<report>
				<misses>29900000</misses>
				<total>0</total>
				<timestamp>3886.983566</timestamp>
			</report>
			<report>
				<misses>30000000</misses>
				<total>0</total>
				<timestamp>3899.983424</timestamp>
			</report>
			<report>
				<misses>30100000</misses>
				<total>1</total>
				<timestamp>3912.983293</timestamp>
			</report>
			<report>
				<misses>30200000</misses>
				<total>1</total>
				<timestamp>3925.983171</timestamp>
			</report>
			<report>
				<misses>30300000</misses>
				<total>0</total>
				<timestamp>3938.983171</timestamp>
			</report>
			<report>
				<misses>30400000</misses>
				<total>0</total>
				<timestamp>3951.983171</timestamp>
			</report>
			<report>
				<misses>30500000</misses>
				<total>0</total>
				<timestamp>3964.983195</timestamp>
			</report>
			<report>
				<misses>30600000</misses>
				<total>1</total>
				<timestamp>3977.983168</timestamp>
			</report>
			<report>
				<misses>30700000</misses>
				<total>0</total>
				<timestamp>3990.983042</timestamp>
			</report>
			<report>
				<misses>30800000</misses>
				<total>1</total>
				<timestamp>4003.982913</timestamp>
			</report>
			<report>
				<misses>30900000</misses>
				<total>1</total>
				<timestamp>4016.982781</timestamp>
			</report>
			<report>
				<misses>31000000</misses>
				<total>1</total>
				<timestamp>4029.982669</timestamp>
			</report>
			<report>
				<misses>31100000</misses>
				<total>0</total>
				<timestamp>4042.982572</timestamp>
			</report>
			<report>
				<misses>31200000</misses>
				<total>1</total>
				<timestamp>4055.982472</timestamp>
			</report>
			<report>
				<misses>31300000</misses>
				<total>0</total>
				<timestamp>4068.982382</timestamp>
			</report>
			<report>
				<misses>31400000</misses>
				<total>0</total>
				<timestamp>4081.982275</timestamp>
			</report>
			<report>
				<misses>31500000</misses>
				<total>0</total>
				<timestamp>4094.982258</timestamp>
			</report>
			<report>
				<misses>31600000</misses>
				<total>1</total>
				<timestamp>4107.982259</timestamp>
			</report>
			<report>
				<misses>31700000</misses>
				<total>1</total>
				<timestamp>4120.982131</timestamp>
			</report>
			<report>
				<misses>31800000</misses>
				<total>1</total>
				<timestamp>4133.982004</timestamp>
			</report>
			<report>
				<misses>31900000</misses>
				<total>1</total>
				<timestamp>4146.982000</timestamp>
			</report>
			<report>
				<misses>32000000</misses>
				<total>0</total>
				<timestamp>4159.981860</timestamp>
			</report>
			<report>
				<misses>32100000</misses>
				<total>0</total>
				<timestamp>4172.981768</timestamp>
			</report>
			<report>
				<misses>32200000</misses>
				<total>1</total>
				<timestamp>4185.981622</timestamp>
			</report>
			<report>
				<misses>32300000</misses>
				<total>1</total>
				<timestamp>4198.981523</timestamp>
			</report>
			<report>
				<misses>32400000</misses>
				<total>1</total>
				<timestamp>4211.981387</timestamp>
			</report>
			<report>
				<misses>32500000</misses>
				<total>0</total>
				<timestamp>4224.981332</timestamp>
			</report>
			<report>
				<misses>32600000</misses>
				<total>1</total>
				<timestamp>4237.981480</timestamp>
			</report>
			<report>
				<misses>32700000</misses>
				<total>0</total>
				<timestamp>4250.981355</timestamp>
			</report>
			<report>
				<misses>32800000</misses>
				<total>1</total>
				<timestamp>4263.981262</timestamp>
			</report>
			<report>
				<misses>32900000</misses>
				<total>0</total>
				<timestamp>4276.981223</timestamp>
			</report>
			<report>
				<misses>33000000</misses>
				<total>1</total>
				<timestamp>4289.981092</timestamp>
			</report>
			<report>
				<misses>33100000</misses>
				<total>1</total>
				<timestamp>4302.980966</timestamp>
			</report>
			<report>
				<misses>33200000</misses>
				<total>1</total>
				<timestamp>4315.980832</timestamp>
			</report>
			<report>
				<misses>33300000</misses>
				<total>1</total>
				<timestamp>4328.980706</timestamp>
			</report>
			<report>
				<misses>33400000</misses>
				<total>1</total>
				<timestamp>4341.980569</timestamp>
			</report>
			<report>
				<misses>33500000</misses>
				<total>1</total>
				<timestamp>4354.980453</timestamp>
			</report>
			<report>
				<misses>33600000</misses>
				<total>1</total>
				<timestamp>4367.980349</timestamp>
			</report>
			<report>
				<misses>33700000</misses>
				<total>0</total>
				<timestamp>4380.980306</timestamp>
			</report>
			<report>
				<misses>33800000</misses>
				<total>1</total>
				<timestamp>4393.980219</timestamp>
			</report>
			<report>
				<misses>33900000</misses>
				<total>1</total>
				<timestamp>4406.980219</timestamp>
			</report>
			<report>
				<misses>34000000</misses>
				<total>1</total>
				<timestamp>4419.980180</timestamp>
			</report>
			<report>
				<misses>34100000</misses>
				<total>1</total>
				<timestamp>4432.980096</timestamp>
			</report>
			<report>
				<misses>34200000</misses>
				<total>1</total>
				<timestamp>4445.980056</timestamp>
			</report>
			<report>
				<misses>34300000</misses>
				<total>0</total>
				<timestamp>4458.979912</timestamp>
			</report>
			<report>
				<misses>34400000</misses>
				<total>1</total>
				<timestamp>4471.979868</timestamp>
			</report>
			<report>
				<misses>34500000</misses>
				<total>1</total>
				<timestamp>4484.979792</timestamp>
			</report>
			<report>
				<misses>34600000</misses>
				<total>0</total>
				<timestamp>4497.979671</timestamp>
			</report>
			<report>
				<misses>34700000</misses>
				<total>0</total>
				<timestamp>4510.979545</timestamp>
			</report>
			<report>
				<misses>34800000</misses>
				<total>0</total>
				<timestamp>4523.979402</timestamp>
			</report>
			<report>
				<misses>34900000</misses>
				<total>1</total>
				<timestamp>4536.979262</timestamp>
			</report>
			<report>
				<misses>35000000</misses>
				<total>0</total>
				<timestamp>4549.979221</timestamp>
			</report>
			<report>
				<misses>35100000</misses>
				<total>0</total>
				<timestamp>4562.979215</timestamp>
			</report>
			<report>
				<misses>35200000</misses>
				<total>0</total>
				<timestamp>4575.979207</timestamp>
			</report>
			<report>
				<misses>35300000</misses>
				<total>0</total>
				<timestamp>4588.979141</timestamp>
			</report>
			<report>
				<misses>35400000</misses>
				<total>0</total>
				<timestamp>4601.979124</timestamp>
			</report>
			<report>
				<misses>35500000</misses>
				<total>1</total>
				<timestamp>4614.979099</timestamp>
			</report>
			<report>
				<misses>35600000</misses>
				<total>0</total>
				<timestamp>4627.979079</timestamp>
			</report>
			<report>
				<misses>35700000</misses>
				<total>1</total>
				<timestamp>4640.979080</timestamp>
			</report>
			<report>
				<misses>35800000</misses>
				<total>1</total>
				<timestamp>4653.979156</timestamp>
			</report>
			<report>
				<misses>35900000</misses>
				<total>1</total>
				<timestamp>4666.979131</timestamp>
			</report>
			<report>
				<misses>36000000</misses>
				<total>0</total>
				<timestamp>4679.979012</timestamp>
			</report>
			<report>
				<misses>36100000</misses>
				<total>0</total>
				<timestamp>4692.978876</timestamp>
			</report>
			<report>
				<misses>36200000</misses>
				<total>1</total>
				<timestamp>4705.978748</timestamp>
			</report>
			<report>
				<misses>36300000</misses>
				<total>1</total>
				<timestamp>4718.979014</timestamp>
			</report>
			<report>
				<misses>36400000</misses>
				<total>1</total>
				<timestamp>4731.978878</timestamp>
			</report>
			<report>
				<misses>36500000</misses>
				<total>1</total>
				<timestamp>4744.978744</timestamp>
			</report>
			<report>
				<misses>36600000</misses>
				<total>1</total>
				<timestamp>4757.978630</timestamp>
			</report>
			<report>
				<misses>36700000</misses>
				<total>1</total>
				<timestamp>4770.978554</timestamp>
			</report>
			<report>
				<misses>36800000</misses>
				<total>1</total>
				<timestamp>4783.978565</timestamp>
			</report>
			<report>
				<misses>36900000</misses>
				<total>1</total>
				<timestamp>4796.978561</timestamp>
			</report>
			<report>
				<misses>37000000</misses>
				<total>0</total>
				<timestamp>4809.978489</timestamp>
			</report>
			<report>
				<misses>37100000</misses>
				<total>1</total>
				<timestamp>4822.978492</timestamp>
			</report>
			<report>
				<misses>37200000</misses>
				<total>0</total>
				<timestamp>4835.978636</timestamp>
			</report>
			<report>
				<misses>37300000</misses>
				<total>0</total>
				<timestamp>4848.978626</timestamp>
			</report>
			<report>
				<misses>37400000</misses>
				<total>0</total>
				<timestamp>4861.978530</timestamp>
			</report>
			<report>
				<misses>37500000</misses>
				<total>0</total>
				<timestamp>4874.978491</timestamp>
			</report>
			<report>
				<misses>37600000</misses>
				<total>1</total>
				<timestamp>4887.978489</timestamp>
			</report>
			<report>
				<misses>37700000</misses>
				<total>1</total>
				<timestamp>4900.978627</timestamp>
			</report>
			<report>
				<misses>37800000</misses>
				<total>1</total>
				<timestamp>4913.978489</timestamp>
			</report>
			<report>
				<misses>37900000</misses>
				<total>1</total>
				<timestamp>4926.978485</timestamp>
			</report>
			<report>
				<misses>38000000</misses>
				<total>1</total>
				<timestamp>4939.978359</timestamp>
			</report>
			<report>
				<misses>38100000</misses>
				<total>0</total>
				<timestamp>4952.978562</timestamp>
			</report>
			<report>
				<misses>38200000</misses>
				<total>1</total>
				<timestamp>4965.978621</timestamp>
			</report>
			<report>
				<misses>38300000</misses>
				<total>0</total>
				<timestamp>4978.978610</timestamp>
			</report>
			<report>
				<misses>38400000</misses>
				<total>1</total>
				<timestamp>4991.978569</timestamp>
			</report>
			<report>
				<misses>38500000</misses>
				<total>0</total>
				<timestamp>5004.978488</timestamp>
			</report>
			<report>
				<misses>38600000</misses>
				<total>1</total>
				<timestamp>5017.978375</timestamp>
			</report>
			<report>
				<misses>38700000</misses>
				<total>1</total>
				<timestamp>5030.978237</timestamp>
			</report>
			<report>
				<misses>38800000</misses>
				<total>1</total>
				<timestamp>5043.978099</timestamp>
			</report>
			<report>
				<misses>38900000</misses>
				<total>0</total>
				<timestamp>5056.977991</timestamp>
			</report>
			<report>
				<misses>39000000</misses>
				<total>1</total>
				<timestamp>5069.977841</timestamp>
			</report>
			<report>
				<misses>39100000</misses>
				<total>0</total>
				<timestamp>5082.977711</timestamp>
			</report>
			<report>
				<misses>39200000</misses>
				<total>0</total>
				<timestamp>5095.977576</timestamp>
			</report>
			<report>
				<misses>39300000</misses>
				<total>1</total>
				<timestamp>5108.977444</timestamp>
			</report>
			<report>
				<misses>39400000</misses>
				<total>1</total>
				<timestamp>5121.977577</timestamp>
			</report>
			<report>
				<misses>39500000</misses>
				<total>1</total>
				<timestamp>5134.977497</timestamp>
			</report>
			<report>
				<misses>39600000</misses>
				<total>1</total>
				<timestamp>5147.977450</timestamp>
			</report>
			<report>
				<misses>39700000</misses>
				<total>1</total>
				<timestamp>5160.977452</timestamp>
			</report>
			<report>
				<misses>39800000</misses>
				<total>0</total>
				<timestamp>5173.977540</timestamp>
			</report>
			<report>
				<misses>39900000</misses>
				<total>0</total>
				<timestamp>5186.977617</timestamp>
			</report>
			<report>
				<misses>40000000</misses>
				<total>1</total>
				<timestamp>5199.977606</timestamp>
			</report>
			<report>
				<misses>40100000</misses>
				<total>0</total>
				<timestamp>5212.977963</timestamp>
			</report>
			<report>
				<misses>40200000</misses>
				<total>1</total>
				<timestamp>5225.978157</timestamp>
			</report>
			<report>
				<misses>40300000</misses>
				<total>1</total>
				<timestamp>5238.978094</timestamp>
			</report>
			<report>
				<misses>40400000</misses>
				<total>1</total>
				<timestamp>5251.977970</timestamp>
			</report>
			<report>
				<misses>40500000</misses>
				<total>1</total>
				<timestamp>5264.977847</timestamp>
			</report>
			<report>
				<misses>40600000</misses>
				<total>0</total>
				<timestamp>5277.978369</timestamp>
			</report>
			<report>
				<misses>40700000</misses>
				<total>1</total>
				<timestamp>5290.978353</timestamp>
			</report>
			<report>
				<misses>40800000</misses>
				<total>0</total>
				<timestamp>5303.978225</timestamp>
			</report>
			<report>
				<misses>40900000</misses>
				<total>0</total>
				<timestamp>5316.978621</timestamp>
			</report>
			<report>
				<misses>41000000</misses>
				<total>1</total>
				<timestamp>5329.978592</timestamp>
			</report>
			<report>
				<misses>41100000</misses>
				<total>0</total>
				<timestamp>5342.978608</timestamp>
			</report>
			<report>
				<misses>41200000</misses>
				<total>1</total>
				<timestamp>5355.978488</timestamp>
			</report>
			<report>
				<misses>41300000</misses>
				<total>1</total>
				<timestamp>5368.978365</timestamp>
			</report>
			<report>
				<misses>41400000</misses>
				<total>0</total>
				<timestamp>5381.978264</timestamp>
			</report>
			<report>
				<misses>41500000</misses>
				<total>1</total>
				<timestamp>5394.978093</timestamp>
			</report>
			<report>
				<misses>41600000</misses>
				<total>1</total>
				<timestamp>5407.977962</timestamp>
			</report>
			<report>
				<misses>41700000</misses>
				<total>1</total>
				<timestamp>5420.977831</timestamp>
			</report>
			<report>
				<misses>41800000</misses>
				<total>0</total>
				<timestamp>5433.977743</timestamp>
			</report>
			<report>
				<misses>41900000</misses>
				<total>1</total>
				<timestamp>5446.977699</timestamp>
			</report>
			<report>
				<misses>42000000</misses>
				<total>1</total>
				<timestamp>5459.977713</timestamp>
			</report>
			<report>
				<misses>42100000</misses>
				<total>1</total>
				<timestamp>5472.977700</timestamp>
			</report>
			<report>
				<misses>42200000</misses>
				<total>0</total>
				<timestamp>5485.977621</timestamp>
			</report>
			<report>
				<misses>42300000</misses>
				<total>0</total>
				<timestamp>5498.977446</timestamp>
			</report>
			<report>
				<misses>42400000</misses>
				<total>1</total>
				<timestamp>5511.977312</timestamp>
			</report>
			<report>
				<misses>42500000</misses>
				<total>0</total>
				<timestamp>5524.977331</timestamp>
			</report>
			<report>
				<misses>42600000</misses>
				<total>1</total>
				<timestamp>5537.977203</timestamp>
			</report>
			<report>
				<misses>42700000</misses>
				<total>0</total>
				<timestamp>5550.977064</timestamp>
			</report>
			<report>
				<misses>42800000</misses>
				<total>0</total>
				<timestamp>5563.977061</timestamp>
			</report>
			<report>
				<misses>42900000</misses>
				<total>0</total>
				<timestamp>5576.976926</timestamp>
			</report>
			<report>
				<misses>43000000</misses>
				<total>1</total>
				<timestamp>5589.976822</timestamp>
			</report>
			<report>
				<misses>43100000</misses>
				<total>0</total>
				<timestamp>5602.976673</timestamp>
			</report>
			<report>
				<misses>43200000</misses>
				<total>0</total>
				<timestamp>5615.976547</timestamp>
			</report>
			<report>
				<misses>43300000</misses>
				<total>0</total>
				<timestamp>5628.976570</timestamp>
			</report>
			<report>
				<misses>43400000</misses>
				<total>1</total>
				<timestamp>5641.976431</timestamp>
			</report>
			<report>
				<misses>43500000</misses>
				<total>1</total>
				<timestamp>5654.976339</timestamp>
			</report>
			<report>
				<misses>43600000</misses>
				<total>0</total>
				<timestamp>5667.976307</timestamp>
			</report>
			<report>
				<misses>43700000</misses>
				<total>1</total>
				<timestamp>5680.976236</timestamp>
			</report>
			<report>
				<misses>43800000</misses>
				<total>1</total>
				<timestamp>5693.976275</timestamp>
			</report>
			<report>
				<misses>43900000</misses>
				<total>1</total>
				<timestamp>5706.976155</timestamp>
			</report>
			<report>
				<misses>44000000</misses>
				<total>1</total>
				<timestamp>5719.976052</timestamp>
			</report>
			<report>
				<misses>44100000</misses>
				<total>1</total>
				<timestamp>5732.975881</timestamp>
			</report>
			<report>
				<misses>44200000</misses>
				<total>1</total>
				<timestamp>5745.975768</timestamp>
			</report>
			<report>
				<misses>44300000</misses>
				<total>1</total>
				<timestamp>5758.975629</timestamp>
			</report>
			<report>
				<misses>44400000</misses>
				<total>1</total>
				<timestamp>5771.975493</timestamp>
			</report>
			<report>
				<misses>44500000</misses>
				<total>1</total>
				<timestamp>5784.975603</timestamp>
			</report>
			<report>
				<misses>44600000</misses>
				<total>0</total>
				<timestamp>5797.975554</timestamp>
			</report>
			<report>
				<misses>44700000</misses>
				<total>1</total>
				<timestamp>5810.975586</timestamp>
			</report>
			<report>
				<misses>44800000</misses>
				<total>1</total>
				<timestamp>5823.975533</timestamp>
			</report>
			<report>
				<misses>44900000</misses>
				<total>1</total>
				<timestamp>5836.975363</timestamp>
			</report>
			<report>
				<misses>45000000</misses>
				<total>1</total>
				<timestamp>5849.975359</timestamp>
			</report>
			<report>
				<misses>45100000</misses>
				<total>1</total>
				<timestamp>5862.975237</timestamp>
			</report>
			<report>
				<misses>45200000</misses>
				<total>0</total>
				<timestamp>5875.975123</timestamp>
			</report>
			<report>
				<misses>45300000</misses>
				<total>1</total>
				<timestamp>5888.975005</timestamp>
			</report>
			<report>
				<misses>45400000</misses>
				<total>1</total>
				<timestamp>5901.974843</timestamp>
			</report>
			<report>
				<misses>45500000</misses>
				<total>0</total>
				<timestamp>5914.974848</timestamp>
			</report>
			<report>
				<misses>45600000</misses>
				<total>1</total>
				<timestamp>5927.974728</timestamp>
			</report>
			<report>
				<misses>45700000</misses>
				<total>0</total>
				<timestamp>5940.974591</timestamp>
			</report>
			<report>
				<misses>45800000</misses>
				<total>0</total>
				<timestamp>5953.974469</timestamp>
			</report>
			<report>
				<misses>45900000</misses>
				<total>0</total>
				<timestamp>5966.974328</timestamp>
			</report>
			<report>
				<misses>46000000</misses>
				<total>1</total>
				<timestamp>5979.974454</timestamp>
			</report>
			<report>
				<misses>46100000</misses>
				<total>1</total>
				<timestamp>5992.974362</timestamp>
			</report>
			<report>
				<misses>46200000</misses>
				<total>0</total>
				<timestamp>6005.974192</timestamp>
			</report>
			<report>
				<misses>46300000</misses>
				<total>1</total>
				<timestamp>6018.974185</timestamp>
			</report>
			<report>
				<misses>46400000</misses>
				<total>1</total>
				<timestamp>6031.974079</timestamp>
			</report>
			<report>
				<misses>46500000</misses>
				<total>1</total>
				<timestamp>6044.973956</timestamp>
			</report>
			<report>
				<misses>46600000</misses>
				<total>0</total>
				<timestamp>6057.973852</timestamp>
			</report>
			<report>
				<misses>46700000</misses>
				<total>1</total>
				<timestamp>6070.973677</timestamp>
			</report>
			<report>
				<misses>46800000</misses>
				<total>1</total>
				<timestamp>6083.973556</timestamp>
			</report>
			<report>
				<misses>46900000</misses>
				<total>1</total>
				<timestamp>6096.973438</timestamp>
			</report>
			<report>
				<misses>47000000</misses>
				<total>0</total>
				<timestamp>6109.973295</timestamp>
			</report>
			<report>
				<misses>47100000</misses>
				<total>1</total>
				<timestamp>6122.973151</timestamp>
			</report>
			<report>
				<misses>47200000</misses>
				<total>0</total>
				<timestamp>6135.973047</timestamp>
			</report>
			<report>
				<misses>47300000</misses>
				<total>1</total>
				<timestamp>6148.972905</timestamp>
			</report>
			<report>
				<misses>47400000</misses>
				<total>0</total>
				<timestamp>6161.972787</timestamp>
			</report>
			<report>
				<misses>47500000</misses>
				<total>1</total>
				<timestamp>6174.972769</timestamp>
			</report>
			<report>
				<misses>47600000</misses>
				<total>1</total>
				<timestamp>6187.972649</timestamp>
			</report>
			<report>
				<misses>47700000</misses>
				<total>1</total>
				<timestamp>6200.972536</timestamp>
			</report>
			<report>
				<misses>47800000</misses>
				<total>1</total>
				<timestamp>6213.972373</timestamp>
			</report>
			<report>
				<misses>47900000</misses>
				<total>0</total>
				<timestamp>6226.972258</timestamp>
			</report>
			<report>
				<misses>48000000</misses>
				<total>1</total>
				<timestamp>6239.972126</timestamp>
			</report>
			<report>
				<misses>48100000</misses>
				<total>1</total>
				<timestamp>6252.971996</timestamp>
			</report>
			<report>
				<misses>48200000</misses>
				<total>0</total>
				<timestamp>6265.971869</timestamp>
			</report>
			<report>
				<misses>48300000</misses>
				<total>1</total>
				<timestamp>6278.971719</timestamp>
			</report>
			<report>
				<misses>48400000</misses>
				<total>1</total>
				<timestamp>6291.971617</timestamp>
			</report>
			<report>
				<misses>48500000</misses>
				<total>0</total>
				<timestamp>6304.971472</timestamp>
			</report>
			<report>
				<misses>48600000</misses>
				<total>1</total>
				<timestamp>6317.971603</timestamp>
			</report>
			<report>
				<misses>48700000</misses>
				<total>1</total>
				<timestamp>6330.971610</timestamp>
			</report>
			<report>
				<misses>48800000</misses>
				<total>0</total>
				<timestamp>6343.971474</timestamp>
			</report>
			<report>
				<misses>48900000</misses>
				<total>0</total>
				<timestamp>6356.971723</timestamp>
			</report>
			<report>
				<misses>49000000</misses>
				<total>1</total>
				<timestamp>6369.971607</timestamp>
			</report>
			<report>
				<misses>49100000</misses>
				<total>1</total>
				<timestamp>6382.971499</timestamp>
			</report>
			<report>
				<misses>49200000</misses>
				<total>0</total>
				<timestamp>6395.971343</timestamp>
			</report>
			<report>
				<misses>49300000</misses>
				<total>1</total>
				<timestamp>6408.971245</timestamp>
			</report>
			<report>
				<misses>49400000</misses>
				<total>0</total>
				<timestamp>6421.971392</timestamp>
			</report>
			<report>
				<misses>49500000</misses>
				<total>1</total>
				<timestamp>6434.971341</timestamp>
			</report>
			<report>
				<misses>49600000</misses>
				<total>1</total>
				<timestamp>6447.971331</timestamp>
			</report>
			<report>
				<misses>49700000</misses>
				<total>1</total>
				<timestamp>6460.971330</timestamp>
			</report>
			<report>
				<misses>49800000</misses>
				<total>1</total>
				<timestamp>6473.971356</timestamp>
			</report>
			<report>
				<misses>49900000</misses>
				<total>0</total>
				<timestamp>6486.971214</timestamp>
			</report>
			<report>
				<misses>50000000</misses>
				<total>1</total>
				<timestamp>6499.971085</timestamp>
			</report>
			<report>
				<misses>50100000</misses>
				<total>0</total>
				<timestamp>6512.970950</timestamp>
			</report>
			<report>
				<misses>50200000</misses>
				<total>1</total>
				<timestamp>6525.970812</timestamp>
			</report>
			<report>
				<misses>50300000</misses>
				<total>1</total>
				<timestamp>6538.970716</timestamp>
			</report>
			<report>
				<misses>50400000</misses>
				<total>1</total>
				<timestamp>6551.970553</timestamp>
			</report>
			<report>
				<misses>50500000</misses>
				<total>0</total>
				<timestamp>6564.970696</timestamp>
			</report>
			<report>
				<misses>50600000</misses>
				<total>0</total>
				<timestamp>6577.970582</timestamp>
			</report>
			<report>
				<misses>50700000</misses>
				<total>1</total>
				<timestamp>6590.970568</timestamp>
			</report>
			<report>
				<misses>50800000</misses>
				<total>1</total>
				<timestamp>6603.970438</timestamp>
			</report>
			<report>
				<misses>50900000</misses>
				<total>1</total>
				<timestamp>6616.970290</timestamp>
			</report>
			<report>
				<misses>51000000</misses>
				<total>0</total>
				<timestamp>6629.970162</timestamp>
			</report>
			<report>
				<misses>51100000</misses>
				<total>1</total>
				<timestamp>6642.970025</timestamp>
			</report>
			<report>
				<misses>51200000</misses>
				<total>1</total>
				<timestamp>6655.969899</timestamp>
			</report>
			<report>
				<misses>51300000</misses>
				<total>0</total>
				<timestamp>6668.969789</timestamp>
			</report>
			<report>
				<misses>51400000</misses>
				<total>1</total>
				<timestamp>6681.969674</timestamp>
			</report>
			<report>
				<misses>51500000</misses>
				<total>0</total>
				<timestamp>6694.969517</timestamp>
			</report>
			<report>
				<misses>51600000</misses>
				<total>0</total>
				<timestamp>6707.969516</timestamp>
			</report>
			<report>
				<misses>51700000</misses>
				<total>0</total>
				<timestamp>6720.969390</timestamp>
			</report>
			<report>
				<misses>51800000</misses>
				<total>0</total>
				<timestamp>6733.969260</timestamp>
			</report>
			<report>
				<misses>51900000</misses>
				<total>1</total>
				<timestamp>6746.969260</timestamp>
			</report>
			<report>
				<misses>52000000</misses>
				<total>1</total>
				<timestamp>6759.969129</timestamp>
			</report>
			<report>
				<misses>52100000</misses>
				<total>1</total>
				<timestamp>6772.969006</timestamp>
			</report>
			<report>
				<misses>52200000</misses>
				<total>1</total>
				<timestamp>6785.968889</timestamp>
			</report>
			<report>
				<misses>52300000</misses>
				<total>1</total>
				<timestamp>6798.968738</timestamp>
			</report>
			<report>
				<misses>52400000</misses>
				<total>0</total>
				<timestamp>6811.968622</timestamp>
			</report>
			<report>
				<misses>52500000</misses>
				<total>0</total>
				<timestamp>6824.968479</timestamp>
			</report>
			<report>
				<misses>52600000</misses>
				<total>0</total>
				<timestamp>6837.968341</timestamp>
			</report>
			<report>
				<misses>52700000</misses>
				<total>1</total>
				<timestamp>6850.968221</timestamp>
			</report>
			<report>
				<misses>52800000</misses>
				<total>1</total>
				<timestamp>6863.968350</timestamp>
			</report>
			<report>
				<misses>52900000</misses>
				<total>0</total>
				<timestamp>6876.968225</timestamp>
			</report>
			<report>
				<misses>53000000</misses>
				<total>1</total>
				<timestamp>6889.968082</timestamp>
			</report>
			<report>
				<misses>53100000</misses>
				<total>1</total>
				<timestamp>6902.968232</timestamp>
			</report>
			<report>
				<misses>53200000</misses>
				<total>1</total>
				<timestamp>6915.968082</timestamp>
			</report>
			<report>
				<misses>53300000</misses>
				<total>1</total>
				<timestamp>6928.967967</timestamp>
			</report>
			<report>
				<misses>53400000</misses>
				<total>1</total>
				<timestamp>6941.967957</timestamp>
			</report>
			<report>
				<misses>53500000</misses>
				<total>0</total>
				<timestamp>6954.968213</timestamp>
			</report>
			<report>
				<misses>53600000</misses>
				<total>1</total>
				<timestamp>6967.968080</timestamp>
			</report>
			<report>
				<misses>53700000</misses>
				<total>1</total>
				<timestamp>6980.968089</timestamp>
			</report>
			<report>
				<misses>53800000</misses>
				<total>0</total>
				<timestamp>6993.968026</timestamp>
			</report>
			<report>
				<misses>53900000</misses>
				<total>0</total>
				<timestamp>7006.967996</timestamp>
			</report>
			<report>
				<misses>54000000</misses>
				<total>1</total>
				<timestamp>7019.967883</timestamp>
			</report>
			<report>
				<misses>54100000</misses>
				<total>1</total>
				<timestamp>7032.967686</timestamp>
			</report>
			<report>
				<misses>54200000</misses>
				<total>1</total>
				<timestamp>7045.967589</timestamp>
			</report>
			<report>
				<misses>54300000</misses>
				<total>0</total>
				<timestamp>7058.967480</timestamp>
			</report>
			<report>
				<misses>54400000</misses>
				<total>1</total>
				<timestamp>7071.967309</timestamp>
			</report>
			<report>
				<misses>54500000</misses>
				<total>1</total>
				<timestamp>7084.967180</timestamp>
			</report>
			<report>
				<misses>54600000</misses>
				<total>1</total>
				<timestamp>7097.967309</timestamp>
			</report>
			<report>
				<misses>54700000</misses>
				<total>1</total>
				<timestamp>7110.967231</timestamp>
			</report>
			<report>
				<misses>54800000</misses>
				<total>0</total>
				<timestamp>7123.967047</timestamp>
			</report>
			<report>
				<misses>54900000</misses>
				<total>0</total>
				<timestamp>7136.966966</timestamp>
			</report>
			<report>
				<misses>55000000</misses>
				<total>1</total>
				<timestamp>7149.966828</timestamp>
			</report>
			<report>
				<misses>55100000</misses>
				<total>1</total>
				<timestamp>7162.966844</timestamp>
			</report>
			<report>
				<misses>55200000</misses>
				<total>0</total>
				<timestamp>7175.966840</timestamp>
			</report>
			<report>
				<misses>55300000</misses>
				<total>1</total>
				<timestamp>7188.966686</timestamp>
			</report>
		</query>
	</custom>
	<ethtool_statistic>
		<rx_packets>
			<start>3620144590</start>
			<end>3620147122</end>
		</rx_packets>
		<tx_packets>
			<start>4024394633</start>
			<end>4467426393</end>
		</tx_packets>
		<rx_dropped>
			<start>0</start>
			<end>0</end>
		</rx_dropped>
		<tx_dropped>
			<start>0</start>
			<end>0</end>
		</tx_dropped>
		<collisions>
			<start>0</start>
			<end>0</end>
		</collisions>
		<port_tx_errors>
			<start>0</start>
			<end>0</end>
		</port_tx_errors>
		<port_rx_dropped>
			<start>0</start>
			<end>0</end>
		</port_rx_dropped>
		<port_tx_dropped_link_down>
			<start>0</start>
			<end>0</end>
		</port_tx_dropped_link_down>
	</ethtool_statistic>
	<ip_statistic>
		<mtu>
			<start>9000</start>
			<end>9000</end>
		</mtu>
		<rx_bytes>
			<start>32543886272788</start>
			<end>32543886677258</end>
		</rx_bytes>
		<rx_packets>
			<start>3620144590</start>
			<end>3620147122</end>
		</rx_packets>
		<rx_errors>
			<start>0</start>
			<end>0</end>
		</rx_errors>
		<rx_dropped>
			<start>0</start>
			<end>0</end>
		</rx_dropped>
		<rx_missed>
			<start>0</start>
			<end>0</end>
		</rx_missed>
		<rx_mcast>
			<start>800</start>
			<end>912</end>
		</rx_mcast>
		<tx_bytes>
			<start>24044825647842</start>
			<end>27659940670695</end>
		</tx_bytes>
		<tx_packets>
			<start>4024394633</start>
			<end>4467426393</end>
		</tx_packets>
		<tx_errors>
			<start>0</start>
			<end>0</end>
		</tx_errors>
		<tx_dropped>
			<start>0</start>
			<end>0</end>
		</tx_dropped>
		<tx_carrier>
			<start>0</start>
			<end>0</end>
		</tx_carrier>
		<tx_collisions>
			<start>0</start>
			<end>0</end>
		</tx_collisions>
	</ip_statistic>
	<netstat_statistic>
		<udp_pkg_rec>
			<start>3418994144</start>
			<end>3419034026</end>
		</udp_pkg_rec>
		<udp_pkg_snt>
			<start>3762921753</start>
			<end>3818358062</end>
		</udp_pkg_snt>
		<udp_rec_err>
			<start>201466989</start>
			<end>201466989</end>
		</udp_rec_err>
		<udp_rec_buf_err>
			<start>201466989</start>
			<end>201466989</end>
		</udp_rec_buf_err>
		<udp_snt_buf_err>
			<start>0</start>
			<end>0</end>
		</udp_snt_buf_err>
	</netstat_statistic>
</test_results>
