<?xml version="1.0"?>
<test_results>
	<status>STATUS_SUCCESS</status>
	<custom>
		<num_loss>3063474</num_loss>
		<num_total>3080000</num_total>
		<num_misses>82938274</num_misses>
		<elapsed_time>216.038135</elapsed_time>
		<query>
			<report>
				<misses>1001</misses>
				<total>16</total>
				<timestamp>0.076485</timestamp>
			</report>
			<report>
				<misses>2001</misses>
				<total>451</total>
				<timestamp>0.142098</timestamp>
			</report>
			<report>
				<misses>3001</misses>
				<total>1450</total>
				<timestamp>0.206240</timestamp>
			</report>
			<report>
				<misses>4001</misses>
				<total>2449</total>
				<timestamp>0.270449</timestamp>
			</report>
			<report>
				<misses>5001</misses>
				<total>3448</total>
				<timestamp>0.334475</timestamp>
			</report>
			<report>
				<misses>6001</misses>
				<total>4447</total>
				<timestamp>0.402392</timestamp>
			</report>
			<report>
				<misses>7001</misses>
				<total>5446</total>
				<timestamp>0.469501</timestamp>
			</report>
			<report>
				<misses>8001</misses>
				<total>6445</total>
				<timestamp>0.541136</timestamp>
			</report>
			<report>
				<misses>9001</misses>
				<total>7444</total>
				<timestamp>0.619566</timestamp>
			</report>
			<report>
				<misses>10001</misses>
				<total>8443</total>
				<timestamp>0.694000</timestamp>
			</report>
			<report>
				<misses>11001</misses>
				<total>9442</total>
				<timestamp>0.762899</timestamp>
			</report>
			<report>
				<misses>12001</misses>
				<total>10441</total>
				<timestamp>0.827225</timestamp>
			</report>
			<report>
				<misses>13001</misses>
				<total>11440</total>
				<timestamp>0.890947</timestamp>
			</report>
			<report>
				<misses>14001</misses>
				<total>12439</total>
				<timestamp>0.956998</timestamp>
			</report>
			<report>
				<misses>15001</misses>
				<total>13438</total>
				<timestamp>1.033755</timestamp>
			</report>
			<report>
				<misses>16001</misses>
				<total>14437</total>
				<timestamp>1.099557</timestamp>
			</report>
			<report>
				<misses>17001</misses>
				<total>15436</total>
				<timestamp>1.171997</timestamp>
			</report>
			<report>
				<misses>18001</misses>
				<total>16435</total>
				<timestamp>1.245328</timestamp>
			</report>
			<report>
				<misses>19001</misses>
				<total>17434</total>
				<timestamp>1.315228</timestamp>
			</report>
			<report>
				<misses>20001</misses>
				<total>18433</total>
				<timestamp>1.379966</timestamp>
			</report>
			<report>
				<misses>21001</misses>
				<total>19432</total>
				<timestamp>1.455052</timestamp>
			</report>
			<report>
				<misses>22001</misses>
				<total>20431</total>
				<timestamp>1.519870</timestamp>
			</report>
			<report>
				<misses>23001</misses>
				<total>21430</total>
				<timestamp>1.584250</timestamp>
			</report>
			<report>
				<misses>24001</misses>
				<total>22429</total>
				<timestamp>1.661807</timestamp>
			</report>
			<report>
				<misses>25001</misses>
				<total>23428</total>
				<timestamp>1.731092</timestamp>
			</report>
			<report>
				<misses>26001</misses>
				<total>24427</total>
				<timestamp>1.801396</timestamp>
			</report>
			<report>
				<misses>27001</misses>
				<total>25426</total>
				<timestamp>1.872945</timestamp>
			</report>
			<report>
				<misses>28001</misses>
				<total>26425</total>
				<timestamp>1.937242</timestamp>
			</report>
			<report>
				<misses>29001</misses>
				<total>27424</total>
				<timestamp>2.002104</timestamp>
			</report>
			<report>
				<misses>30001</misses>
				<total>28423</total>
				<timestamp>2.074688</timestamp>
			</report>
			<report>
				<misses>31001</misses>
				<total>29422</total>
				<timestamp>2.140200</timestamp>
			</report>
			<report>
				<misses>32001</misses>
				<total>30421</total>
				<timestamp>2.220383</timestamp>
			</report>
			<report>
				<misses>33001</misses>
				<total>31420</total>
				<timestamp>2.302558</timestamp>
			</report>
			<report>
				<misses>34001</misses>
				<total>32419</total>
				<timestamp>2.368702</timestamp>
			</report>
			<report>
				<misses>35001</misses>
				<total>33418</total>
				<timestamp>2.434312</timestamp>
			</report>
			<report>
				<misses>36001</misses>
				<total>34417</total>
				<timestamp>2.504305</timestamp>
			</report>
			<report>
				<misses>37001</misses>
				<total>35416</total>
				<timestamp>2.578746</timestamp>
			</report>
			<report>
				<misses>38001</misses>
				<total>36415</total>
				<timestamp>2.645119</timestamp>
			</report>
			<report>
				<misses>39001</misses>
				<total>37414</total>
				<timestamp>2.709132</timestamp>
			</report>
			<report>
				<misses>40001</misses>
				<total>38413</total>
				<timestamp>2.790253</timestamp>
			</report>
			<report>
				<misses>41001</misses>
				<total>39412</total>
				<timestamp>2.868206</timestamp>
			</report>
			<report>
				<misses>42001</misses>
				<total>40411</total>
				<timestamp>2.933971</timestamp>
			</report>
			<report>
				<misses>43001</misses>
				<total>41410</total>
				<timestamp>3.003130</timestamp>
			</report>
			<report>
				<misses>44001</misses>
				<total>42409</total>
				<timestamp>3.071747</timestamp>
			</report>
			<report>
				<misses>45001</misses>
				<total>43408</total>
				<timestamp>3.144354</timestamp>
			</report>
			<report>
				<misses>46001</misses>
				<total>44407</total>
				<timestamp>3.208811</timestamp>
			</report>
			<report>
				<misses>47001</misses>
				<total>45406</total>
				<timestamp>3.275914</timestamp>
			</report>
			<report>
				<misses>48001</misses>
				<total>46405</total>
				<timestamp>3.342926</timestamp>
			</report>
			<report>
				<misses>49001</misses>
				<total>47404</total>
				<timestamp>3.409790</timestamp>
			</report>
			<report>
				<misses>50001</misses>
				<total>48403</total>
				<timestamp>3.487558</timestamp>
			</report>
			<report>
				<misses>51001</misses>
				<total>49402</total>
				<timestamp>3.561527</timestamp>
			</report>
			<report>
				<misses>52001</misses>
				<total>50401</total>
				<timestamp>3.648312</timestamp>
			</report>
			<report>
				<misses>53001</misses>
				<total>51400</total>
				<timestamp>3.711737</timestamp>
			</report>
			<report>
				<misses>54001</misses>
				<total>52399</total>
				<timestamp>3.780436</timestamp>
			</report>
			<report>
				<misses>55001</misses>
				<total>53398</total>
				<timestamp>3.856817</timestamp>
			</report>
			<report>
				<misses>56001</misses>
				<total>54397</total>
				<timestamp>3.927311</timestamp>
			</report>
			<report>
				<misses>57001</misses>
				<total>55396</total>
				<timestamp>3.993337</timestamp>
			</report>
			<report>
				<misses>58001</misses>
				<total>56395</total>
				<timestamp>4.057456</timestamp>
			</report>
			<report>
				<misses>59001</misses>
				<total>57394</total>
				<timestamp>4.122547</timestamp>
			</report>
			<report>
				<misses>60001</misses>
				<total>58393</total>
				<timestamp>4.186252</timestamp>
			</report>
			<report>
				<misses>61001</misses>
				<total>59392</total>
				<timestamp>4.250386</timestamp>
			</report>
			<report>
				<misses>62001</misses>
				<total>60391</total>
				<timestamp>4.321198</timestamp>
			</report>
			<report>
				<misses>63001</misses>
				<total>61390</total>
				<timestamp>4.384291</timestamp>
			</report>
			<report>
				<misses>64001</misses>
				<total>62389</total>
				<timestamp>4.455262</timestamp>
			</report>
			<report>
				<misses>65001</misses>
				<total>63388</total>
				<timestamp>4.534799</timestamp>
			</report>
			<report>
				<misses>66001</misses>
				<total>64387</total>
				<timestamp>4.603818</timestamp>
			</report>
			<report>
				<misses>67001</misses>
				<total>65386</total>
				<timestamp>4.670178</timestamp>
			</report>
			<report>
				<misses>68001</misses>
				<total>66385</total>
				<timestamp>4.734705</timestamp>
			</report>
			<report>
				<misses>69001</misses>
				<total>67384</total>
				<timestamp>4.801247</timestamp>
			</report>
			<report>
				<misses>70001</misses>
				<total>68383</total>
				<timestamp>4.878083</timestamp>
			</report>
			<report>
				<misses>71001</misses>
				<total>69382</total>
				<timestamp>4.953328</timestamp>
			</report>
			<report>
				<misses>72001</misses>
				<total>70381</total>
				<timestamp>5.020199</timestamp>
			</report>
			<report>
				<misses>73001</misses>
				<total>71380</total>
				<timestamp>5.093318</timestamp>
			</report>
			<report>
				<misses>74001</misses>
				<total>72379</total>
				<timestamp>5.163425</timestamp>
			</report>
			<report>
				<misses>75001</misses>
				<total>73378</total>
				<timestamp>5.232829</timestamp>
			</report>
			<report>
				<misses>76001</misses>
				<total>74377</total>
				<timestamp>5.305825</timestamp>
			</report>
			<report>
				<misses>77001</misses>
				<total>75376</total>
				<timestamp>5.382098</timestamp>
			</report>
			<report>
				<misses>78001</misses>
				<total>76375</total>
				<timestamp>5.450419</timestamp>
			</report>
			<report>
				<misses>79001</misses>
				<total>77374</total>
				<timestamp>5.515343</timestamp>
			</report>
			<report>
				<misses>80001</misses>
				<total>78373</total>
				<timestamp>5.578684</timestamp>
			</report>
			<report>
				<misses>81001</misses>
				<total>79372</total>
				<timestamp>5.641172</timestamp>
			</report>
			<report>
				<misses>82001</misses>
				<total>80371</total>
				<timestamp>5.709324</timestamp>
			</report>
			<report>
				<misses>83001</misses>
				<total>81370</total>
				<timestamp>5.787440</timestamp>
			</report>
			<report>
				<misses>84001</misses>
				<total>82369</total>
				<timestamp>5.869305</timestamp>
			</report>
			<report>
				<misses>85001</misses>
				<total>83368</total>
				<timestamp>5.941923</timestamp>
			</report>
			<report>
				<misses>86001</misses>
				<total>84367</total>
				<timestamp>6.019559</timestamp>
			</report>
			<report>
				<misses>87001</misses>
				<total>85366</total>
				<timestamp>6.084448</timestamp>
			</report>
			<report>
				<misses>88001</misses>
				<total>86365</total>
				<timestamp>6.160319</timestamp>
			</report>
			<report>
				<misses>89001</misses>
				<total>87364</total>
				<timestamp>6.225141</timestamp>
			</report>
			<report>
				<misses>90001</misses>
				<total>88363</total>
				<timestamp>6.298650</timestamp>
			</report>
			<report>
				<misses>91001</misses>
				<total>89362</total>
				<timestamp>6.363392</timestamp>
			</report>
			<report>
				<misses>92001</misses>
				<total>90361</total>
				<timestamp>6.433033</timestamp>
			</report>
			<report>
				<misses>93001</misses>
				<total>91360</total>
				<timestamp>6.503676</timestamp>
			</report>
			<report>
				<misses>94001</misses>
				<total>92359</total>
				<timestamp>6.572700</timestamp>
			</report>
			<report>
				<misses>95001</misses>
				<total>93358</total>
				<timestamp>6.645121</timestamp>
			</report>
			<report>
				<misses>96001</misses>
				<total>94357</total>
				<timestamp>6.719282</timestamp>
			</report>
			<report>
				<misses>97001</misses>
				<total>95356</total>
				<timestamp>6.798074</timestamp>
			</report>
			<report>
				<misses>98001</misses>
				<total>96355</total>
				<timestamp>6.862414</timestamp>
			</report>
			<report>
				<misses>99001</misses>
				<total>97354</total>
				<timestamp>6.929456</timestamp>
			</report>
			<report>
				<misses>100001</misses>
				<total>98353</total>
				<timestamp>7.002839</timestamp>
			</report>
			<report>
				<misses>101001</misses>
				<total>99352</total>
				<timestamp>7.067843</timestamp>
			</report>
			<report>
				<misses>102001</misses>
				<total>100351</total>
				<timestamp>7.132140</timestamp>
			</report>
			<report>
				<misses>103001</misses>
				<total>101350</total>
				<timestamp>7.200934</timestamp>
			</report>
			<report>
				<misses>104001</misses>
				<total>102349</total>
				<timestamp>7.266788</timestamp>
			</report>
			<report>
				<misses>105001</misses>
				<total>103348</total>
				<timestamp>7.330671</timestamp>
			</report>
			<report>
				<misses>106001</misses>
				<total>104347</total>
				<timestamp>7.397216</timestamp>
			</report>
			<report>
				<misses>107001</misses>
				<total>105346</total>
				<timestamp>7.467548</timestamp>
			</report>
			<report>
				<misses>108001</misses>
				<total>106345</total>
				<timestamp>7.536870</timestamp>
			</report>
			<report>
				<misses>109001</misses>
				<total>107344</total>
				<timestamp>7.609880</timestamp>
			</report>
			<report>
				<misses>110001</misses>
				<total>108343</total>
				<timestamp>7.678087</timestamp>
			</report>
			<report>
				<misses>111001</misses>
				<total>109342</total>
				<timestamp>7.758566</timestamp>
			</report>
			<report>
				<misses>112001</misses>
				<total>110341</total>
				<timestamp>7.838195</timestamp>
			</report>
			<report>
				<misses>113001</misses>
				<total>111340</total>
				<timestamp>7.902873</timestamp>
			</report>
			<report>
				<misses>114001</misses>
				<total>112339</total>
				<timestamp>7.966896</timestamp>
			</report>
			<report>
				<misses>115001</misses>
				<total>113338</total>
				<timestamp>8.031104</timestamp>
			</report>
			<report>
				<misses>116001</misses>
				<total>114337</total>
				<timestamp>8.096842</timestamp>
			</report>
			<report>
				<misses>117001</misses>
				<total>115336</total>
				<timestamp>8.161547</timestamp>
			</report>
			<report>
				<misses>118001</misses>
				<total>116335</total>
				<timestamp>8.225891</timestamp>
			</report>
			<report>
				<misses>119001</misses>
				<total>117334</total>
				<timestamp>8.303021</timestamp>
			</report>
			<report>
				<misses>120001</misses>
				<total>118333</total>
				<timestamp>8.374782</timestamp>
			</report>
			<report>
				<misses>121001</misses>
				<total>119332</total>
				<timestamp>8.438998</timestamp>
			</report>
			<report>
				<misses>122001</misses>
				<total>120331</total>
				<timestamp>8.503886</timestamp>
			</report>
			<report>
				<misses>123001</misses>
				<total>121330</total>
				<timestamp>8.569234</timestamp>
			</report>
			<report>
				<misses>124001</misses>
				<total>122329</total>
				<timestamp>8.639957</timestamp>
			</report>
			<report>
				<misses>125001</misses>
				<total>123328</total>
				<timestamp>8.705152</timestamp>
			</report>
			<report>
				<misses>126001</misses>
				<total>124327</total>
				<timestamp>8.769634</timestamp>
			</report>
			<report>
				<misses>127001</misses>
				<total>125326</total>
				<timestamp>8.835702</timestamp>
			</report>
			<report>
				<misses>128001</misses>
				<total>126325</total>
				<timestamp>8.914800</timestamp>
			</report>
			<report>
				<misses>129001</misses>
				<total>127324</total>
				<timestamp>8.991712</timestamp>
			</report>
			<report>
				<misses>130001</misses>
				<total>128323</total>
				<timestamp>9.064787</timestamp>
			</report>
			<report>
				<misses>131001</misses>
				<total>129322</total>
				<timestamp>9.142796</timestamp>
			</report>
			<report>
				<misses>132001</misses>
				<total>130321</total>
				<timestamp>9.214326</timestamp>
			</report>
			<report>
				<misses>133001</misses>
				<total>131320</total>
				<timestamp>9.278582</timestamp>
			</report>
			<report>
				<misses>134001</misses>
				<total>132319</total>
				<timestamp>9.346381</timestamp>
			</report>
			<report>
				<misses>135001</misses>
				<total>133318</total>
				<timestamp>9.416802</timestamp>
			</report>
			<report>
				<misses>136001</misses>
				<total>134317</total>
				<timestamp>9.496450</timestamp>
			</report>
			<report>
				<misses>137001</misses>
				<total>135316</total>
				<timestamp>9.568889</timestamp>
			</report>
			<report>
				<misses>138001</misses>
				<total>136315</total>
				<timestamp>9.643614</timestamp>
			</report>
			<report>
				<misses>139001</misses>
				<total>137314</total>
				<timestamp>9.714366</timestamp>
			</report>
			<report>
				<misses>140001</misses>
				<total>138313</total>
				<timestamp>9.794407</timestamp>
			</report>
			<report>
				<misses>141001</misses>
				<total>139312</total>
				<timestamp>9.864130</timestamp>
			</report>
			<report>
				<misses>142001</misses>
				<total>140311</total>
				<timestamp>9.931461</timestamp>
			</report>
			<report>
				<misses>143001</misses>
				<total>141310</total>
				<timestamp>10.008367</timestamp>
			</report>
			<report>
				<misses>144001</misses>
				<total>142309</total>
				<timestamp>10.073838</timestamp>
			</report>
			<report>
				<misses>145001</misses>
				<total>143308</total>
				<timestamp>10.138308</timestamp>
			</report>
			<report>
				<misses>146001</misses>
				<total>144307</total>
				<timestamp>10.217559</timestamp>
			</report>
			<report>
				<misses>147001</misses>
				<total>145306</total>
				<timestamp>10.281716</timestamp>
			</report>
			<report>
				<misses>148001</misses>
				<total>146305</total>
				<timestamp>10.353196</timestamp>
			</report>
			<report>
				<misses>149001</misses>
				<total>147304</total>
				<timestamp>10.426893</timestamp>
			</report>
			<report>
				<misses>150001</misses>
				<total>148303</total>
				<timestamp>10.491880</timestamp>
			</report>
			<report>
				<misses>151001</misses>
				<total>149302</total>
				<timestamp>10.556435</timestamp>
			</report>
			<report>
				<misses>152001</misses>
				<total>150301</total>
				<timestamp>10.620883</timestamp>
			</report>
			<report>
				<misses>153001</misses>
				<total>151300</total>
				<timestamp>10.685772</timestamp>
			</report>
			<report>
				<misses>154001</misses>
				<total>152299</total>
				<timestamp>10.750107</timestamp>
			</report>
			<report>
				<misses>155001</misses>
				<total>153298</total>
				<timestamp>10.815330</timestamp>
			</report>
			<report>
				<misses>156001</misses>
				<total>154297</total>
				<timestamp>10.885170</timestamp>
			</report>
			<report>
				<misses>157001</misses>
				<total>155296</total>
				<timestamp>10.949892</timestamp>
			</report>
			<report>
				<misses>158001</misses>
				<total>156295</total>
				<timestamp>11.014020</timestamp>
			</report>
			<report>
				<misses>159001</misses>
				<total>157294</total>
				<timestamp>11.079792</timestamp>
			</report>
			<report>
				<misses>160001</misses>
				<total>158293</total>
				<timestamp>11.143873</timestamp>
			</report>
			<report>
				<misses>161001</misses>
				<total>159292</total>
				<timestamp>11.208247</timestamp>
			</report>
			<report>
				<misses>162001</misses>
				<total>160291</total>
				<timestamp>11.272729</timestamp>
			</report>
			<report>
				<misses>163001</misses>
				<total>161290</total>
				<timestamp>11.340474</timestamp>
			</report>
			<report>
				<misses>164001</misses>
				<total>162289</total>
				<timestamp>11.404575</timestamp>
			</report>
			<report>
				<misses>165001</misses>
				<total>163288</total>
				<timestamp>11.469943</timestamp>
			</report>
			<report>
				<misses>166001</misses>
				<total>164287</total>
				<timestamp>11.541998</timestamp>
			</report>
			<report>
				<misses>167001</misses>
				<total>165286</total>
				<timestamp>11.607856</timestamp>
			</report>
			<report>
				<misses>168001</misses>
				<total>166285</total>
				<timestamp>11.677115</timestamp>
			</report>
			<report>
				<misses>169001</misses>
				<total>167284</total>
				<timestamp>11.740766</timestamp>
			</report>
			<report>
				<misses>170001</misses>
				<total>168283</total>
				<timestamp>11.804011</timestamp>
			</report>
			<report>
				<misses>171001</misses>
				<total>169282</total>
				<timestamp>11.870955</timestamp>
			</report>
			<report>
				<misses>172001</misses>
				<total>170281</total>
				<timestamp>11.945289</timestamp>
			</report>
			<report>
				<misses>173001</misses>
				<total>171280</total>
				<timestamp>12.012563</timestamp>
			</report>
			<report>
				<misses>174001</misses>
				<total>172279</total>
				<timestamp>12.089808</timestamp>
			</report>
			<report>
				<misses>175001</misses>
				<total>173278</total>
				<timestamp>12.166159</timestamp>
			</report>
			<report>
				<misses>176001</misses>
				<total>174277</total>
				<timestamp>12.236783</timestamp>
			</report>
			<report>
				<misses>177001</misses>
				<total>175276</total>
				<timestamp>12.300315</timestamp>
			</report>
			<report>
				<misses>178001</misses>
				<total>176275</total>
				<timestamp>12.378845</timestamp>
			</report>
			<report>
				<misses>179001</misses>
				<total>177274</total>
				<timestamp>12.459985</timestamp>
			</report>
			<report>
				<misses>180001</misses>
				<total>178273</total>
				<timestamp>12.526889</timestamp>
			</report>
			<report>
				<misses>181001</misses>
				<total>179272</total>
				<timestamp>12.598733</timestamp>
			</report>
			<report>
				<misses>182001</misses>
				<total>180271</total>
				<timestamp>12.679162</timestamp>
			</report>
			<report>
				<misses>183001</misses>
				<total>181270</total>
				<timestamp>12.743078</timestamp>
			</report>
			<report>
				<misses>184001</misses>
				<total>182269</total>
				<timestamp>12.807300</timestamp>
			</report>
			<report>
				<misses>185001</misses>
				<total>183268</total>
				<timestamp>12.871243</timestamp>
			</report>
			<report>
				<misses>186001</misses>
				<total>184267</total>
				<timestamp>12.935432</timestamp>
			</report>
			<report>
				<misses>187001</misses>
				<total>185266</total>
				<timestamp>13.001418</timestamp>
			</report>
			<report>
				<misses>188001</misses>
				<total>186265</total>
				<timestamp>13.065663</timestamp>
			</report>
			<report>
				<misses>189001</misses>
				<total>187264</total>
				<timestamp>13.129997</timestamp>
			</report>
			<report>
				<misses>190001</misses>
				<total>188263</total>
				<timestamp>13.197854</timestamp>
			</report>
			<report>
				<misses>191001</misses>
				<total>189262</total>
				<timestamp>13.261903</timestamp>
			</report>
			<report>
				<misses>192001</misses>
				<total>190261</total>
				<timestamp>13.325673</timestamp>
			</report>
			<report>
				<misses>193001</misses>
				<total>191260</total>
				<timestamp>13.390147</timestamp>
			</report>
			<report>
				<misses>194001</misses>
				<total>192259</total>
				<timestamp>13.456244</timestamp>
			</report>
			<report>
				<misses>195001</misses>
				<total>193258</total>
				<timestamp>13.530840</timestamp>
			</report>
			<report>
				<misses>196001</misses>
				<total>194257</total>
				<timestamp>13.597058</timestamp>
			</report>
			<report>
				<misses>197001</misses>
				<total>195256</total>
				<timestamp>13.665259</timestamp>
			</report>
			<report>
				<misses>198001</misses>
				<total>196255</total>
				<timestamp>13.729970</timestamp>
			</report>
			<report>
				<misses>199001</misses>
				<total>197254</total>
				<timestamp>13.795397</timestamp>
			</report>
			<report>
				<misses>200001</misses>
				<total>198253</total>
				<timestamp>13.864172</timestamp>
			</report>
			<report>
				<misses>201001</misses>
				<total>199252</total>
				<timestamp>13.931550</timestamp>
			</report>
			<report>
				<misses>202001</misses>
				<total>200251</total>
				<timestamp>13.995859</timestamp>
			</report>
			<report>
				<misses>203001</misses>
				<total>201250</total>
				<timestamp>14.060777</timestamp>
			</report>
			<report>
				<misses>204001</misses>
				<total>202249</total>
				<timestamp>14.125859</timestamp>
			</report>
			<report>
				<misses>205001</misses>
				<total>203248</total>
				<timestamp>14.189473</timestamp>
			</report>
			<report>
				<misses>206001</misses>
				<total>204247</total>
				<timestamp>14.264063</timestamp>
			</report>
			<report>
				<misses>207001</misses>
				<total>205246</total>
				<timestamp>14.339420</timestamp>
			</report>
			<report>
				<misses>208001</misses>
				<total>206245</total>
				<timestamp>14.408118</timestamp>
			</report>
			<report>
				<misses>209001</misses>
				<total>207244</total>
				<timestamp>14.497632</timestamp>
			</report>
			<report>
				<misses>210001</misses>
				<total>208243</total>
				<timestamp>14.569737</timestamp>
			</report>
			<report>
				<misses>211001</misses>
				<total>209242</total>
				<timestamp>14.641778</timestamp>
			</report>
			<report>
				<misses>212001</misses>
				<total>210241</total>
				<timestamp>14.712030</timestamp>
			</report>
			<report>
				<misses>213001</misses>
				<total>211240</total>
				<timestamp>14.783807</timestamp>
			</report>
			<report>
				<misses>214001</misses>
				<total>212239</total>
				<timestamp>14.856290</timestamp>
			</report>
			<report>
				<misses>215001</misses>
				<total>213238</total>
				<timestamp>14.929324</timestamp>
			</report>
			<report>
				<misses>216001</misses>
				<total>214237</total>
				<timestamp>15.011031</timestamp>
			</report>
			<report>
				<misses>217001</misses>
				<total>215236</total>
				<timestamp>15.075137</timestamp>
			</report>
			<report>
				<misses>218001</misses>
				<total>216235</total>
				<timestamp>15.139998</timestamp>
			</report>
			<report>
				<misses>219001</misses>
				<total>217234</total>
				<timestamp>15.211349</timestamp>
			</report>
			<report>
				<misses>220001</misses>
				<total>218233</total>
				<timestamp>15.290289</timestamp>
			</report>
			<report>
				<misses>221001</misses>
				<total>219232</total>
				<timestamp>15.370206</timestamp>
			</report>
			<report>
				<misses>222001</misses>
				<total>220231</total>
				<timestamp>15.435158</timestamp>
			</report>
			<report>
				<misses>223001</misses>
				<total>221230</total>
				<timestamp>15.507042</timestamp>
			</report>
			<report>
				<misses>224001</misses>
				<total>222229</total>
				<timestamp>15.582113</timestamp>
			</report>
			<report>
				<misses>225001</misses>
				<total>223228</total>
				<timestamp>15.653644</timestamp>
			</report>
			<report>
				<misses>226001</misses>
				<total>224227</total>
				<timestamp>15.727858</timestamp>
			</report>
			<report>
				<misses>227001</misses>
				<total>225226</total>
				<timestamp>15.793042</timestamp>
			</report>
			<report>
				<misses>228001</misses>
				<total>226225</total>
				<timestamp>15.862012</timestamp>
			</report>
			<report>
				<misses>229001</misses>
				<total>227224</total>
				<timestamp>15.944303</timestamp>
			</report>
			<report>
				<misses>230001</misses>
				<total>228223</total>
				<timestamp>16.020276</timestamp>
			</report>
			<report>
				<misses>231001</misses>
				<total>229222</total>
				<timestamp>16.096148</timestamp>
			</report>
			<report>
				<misses>232001</misses>
				<total>230221</total>
				<timestamp>16.176237</timestamp>
			</report>
			<report>
				<misses>233001</misses>
				<total>231220</total>
				<timestamp>16.251093</timestamp>
			</report>
			<report>
				<misses>234001</misses>
				<total>232219</total>
				<timestamp>16.316888</timestamp>
			</report>
			<report>
				<misses>235001</misses>
				<total>233218</total>
				<timestamp>16.382231</timestamp>
			</report>
			<report>
				<misses>236001</misses>
				<total>234217</total>
				<timestamp>16.446809</timestamp>
			</report>
			<report>
				<misses>237001</misses>
				<total>235216</total>
				<timestamp>16.523305</timestamp>
			</report>
			<report>
				<misses>238001</misses>
				<total>236215</total>
				<timestamp>16.595185</timestamp>
			</report>
			<report>
				<misses>239001</misses>
				<total>237214</total>
				<timestamp>16.662438</timestamp>
			</report>
			<report>
				<misses>240001</misses>
				<total>238213</total>
				<timestamp>16.726156</timestamp>
			</report>
			<report>
				<misses>241001</misses>
				<total>239212</total>
				<timestamp>16.790305</timestamp>
			</report>
			<report>
				<misses>242001</misses>
				<total>240211</total>
				<timestamp>16.860656</timestamp>
			</report>
			<report>
				<misses>243001</misses>
				<total>241210</total>
				<timestamp>16.925093</timestamp>
			</report>
			<report>
				<misses>244001</misses>
				<total>242209</total>
				<timestamp>16.997921</timestamp>
			</report>
			<report>
				<misses>245001</misses>
				<total>243208</total>
				<timestamp>17.062858</timestamp>
			</report>
			<report>
				<misses>246001</misses>
				<total>244207</total>
				<timestamp>17.126754</timestamp>
			</report>
			<report>
				<misses>247001</misses>
				<total>245206</total>
				<timestamp>17.191388</timestamp>
			</report>
			<report>
				<misses>248001</misses>
				<total>246205</total>
				<timestamp>17.255814</timestamp>
			</report>
			<report>
				<misses>249001</misses>
				<total>247204</total>
				<timestamp>17.328467</timestamp>
			</report>
			<report>
				<misses>250001</misses>
				<total>248203</total>
				<timestamp>17.392862</timestamp>
			</report>
			<report>
				<misses>251001</misses>
				<total>249202</total>
				<timestamp>17.458404</timestamp>
			</report>
			<report>
				<misses>252001</misses>
				<total>250201</total>
				<timestamp>17.530226</timestamp>
			</report>
			<report>
				<misses>253001</misses>
				<total>251200</total>
				<timestamp>17.603840</timestamp>
			</report>
			<report>
				<misses>254001</misses>
				<total>252199</total>
				<timestamp>17.685040</timestamp>
			</report>
			<report>
				<misses>255001</misses>
				<total>253198</total>
				<timestamp>17.767297</timestamp>
			</report>
			<report>
				<misses>256001</misses>
				<total>254197</total>
				<timestamp>17.844413</timestamp>
			</report>
			<report>
				<misses>257001</misses>
				<total>255196</total>
				<timestamp>17.919453</timestamp>
			</report>
			<report>
				<misses>258001</misses>
				<total>256195</total>
				<timestamp>17.998995</timestamp>
			</report>
			<report>
				<misses>259001</misses>
				<total>257194</total>
				<timestamp>18.078652</timestamp>
			</report>
			<report>
				<misses>260001</misses>
				<total>258193</total>
				<timestamp>18.147257</timestamp>
			</report>
			<report>
				<misses>261001</misses>
				<total>259192</total>
				<timestamp>18.222209</timestamp>
			</report>
			<report>
				<misses>262001</misses>
				<total>260191</total>
				<timestamp>18.287283</timestamp>
			</report>
			<report>
				<misses>263001</misses>
				<total>261190</total>
				<timestamp>18.361200</timestamp>
			</report>
			<report>
				<misses>264001</misses>
				<total>262189</total>
				<timestamp>18.439628</timestamp>
			</report>
			<report>
				<misses>265001</misses>
				<total>263188</total>
				<timestamp>18.510054</timestamp>
			</report>
			<report>
				<misses>266001</misses>
				<total>264187</total>
				<timestamp>18.583075</timestamp>
			</report>
			<report>
				<misses>267001</misses>
				<total>265186</total>
				<timestamp>18.665629</timestamp>
			</report>
			<report>
				<misses>268001</misses>
				<total>266185</total>
				<timestamp>18.742659</timestamp>
			</report>
			<report>
				<misses>269001</misses>
				<total>267184</total>
				<timestamp>18.813069</timestamp>
			</report>
			<report>
				<misses>270001</misses>
				<total>268183</total>
				<timestamp>18.885387</timestamp>
			</report>
			<report>
				<misses>271001</misses>
				<total>269182</total>
				<timestamp>18.957819</timestamp>
			</report>
			<report>
				<misses>272001</misses>
				<total>270181</total>
				<timestamp>19.026654</timestamp>
			</report>
			<report>
				<misses>273001</misses>
				<total>271180</total>
				<timestamp>19.090966</timestamp>
			</report>
			<report>
				<misses>274001</misses>
				<total>272179</total>
				<timestamp>19.155192</timestamp>
			</report>
			<report>
				<misses>275001</misses>
				<total>273178</total>
				<timestamp>19.233573</timestamp>
			</report>
			<report>
				<misses>276001</misses>
				<total>274177</total>
				<timestamp>19.301372</timestamp>
			</report>
			<report>
				<misses>277001</misses>
				<total>275176</total>
				<timestamp>19.371920</timestamp>
			</report>
			<report>
				<misses>278001</misses>
				<total>276175</total>
				<timestamp>19.454950</timestamp>
			</report>
			<report>
				<misses>279001</misses>
				<total>277174</total>
				<timestamp>19.533006</timestamp>
			</report>
			<report>
				<misses>280001</misses>
				<total>278173</total>
				<timestamp>19.603410</timestamp>
			</report>
			<report>
				<misses>281001</misses>
				<total>279172</total>
				<timestamp>19.669877</timestamp>
			</report>
			<report>
				<misses>282001</misses>
				<total>280171</total>
				<timestamp>19.734761</timestamp>
			</report>
			<report>
				<misses>283001</misses>
				<total>281170</total>
				<timestamp>19.799384</timestamp>
			</report>
			<report>
				<misses>284001</misses>
				<total>282169</total>
				<timestamp>19.878067</timestamp>
			</report>
			<report>
				<misses>285001</misses>
				<total>283168</total>
				<timestamp>19.949959</timestamp>
			</report>
			<report>
				<misses>286001</misses>
				<total>284167</total>
				<timestamp>20.014264</timestamp>
			</report>
			<report>
				<misses>287001</misses>
				<total>285166</total>
				<timestamp>20.079431</timestamp>
			</report>
			<report>
				<misses>288001</misses>
				<total>286165</total>
				<timestamp>20.146122</timestamp>
			</report>
			<report>
				<misses>289001</misses>
				<total>287164</total>
				<timestamp>20.209749</timestamp>
			</report>
			<report>
				<misses>290001</misses>
				<total>288163</total>
				<timestamp>20.285624</timestamp>
			</report>
			<report>
				<misses>291001</misses>
				<total>289162</total>
				<timestamp>20.353086</timestamp>
			</report>
			<report>
				<misses>292001</misses>
				<total>290161</total>
				<timestamp>20.417630</timestamp>
			</report>
			<report>
				<misses>293001</misses>
				<total>291160</total>
				<timestamp>20.481823</timestamp>
			</report>
			<report>
				<misses>294001</misses>
				<total>292159</total>
				<timestamp>20.553858</timestamp>
			</report>
			<report>
				<misses>295001</misses>
				<total>293158</total>
				<timestamp>20.620024</timestamp>
			</report>
			<report>
				<misses>296001</misses>
				<total>294157</total>
				<timestamp>20.691012</timestamp>
			</report>
			<report>
				<misses>297001</misses>
				<total>295156</total>
				<timestamp>20.766278</timestamp>
			</report>
			<report>
				<misses>298001</misses>
				<total>296155</total>
				<timestamp>20.832211</timestamp>
			</report>
			<report>
				<misses>299001</misses>
				<total>297154</total>
				<timestamp>20.897983</timestamp>
			</report>
			<report>
				<misses>300001</misses>
				<total>298153</total>
				<timestamp>20.972358</timestamp>
			</report>
			<report>
				<misses>301001</misses>
				<total>299152</total>
				<timestamp>21.044892</timestamp>
			</report>
			<report>
				<misses>302001</misses>
				<total>300151</total>
				<timestamp>21.124177</timestamp>
			</report>
			<report>
				<misses>303001</misses>
				<total>301150</total>
				<timestamp>21.196870</timestamp>
			</report>
			<report>
				<misses>304001</misses>
				<total>302149</total>
				<timestamp>21.272308</timestamp>
			</report>
			<report>
				<misses>305001</misses>
				<total>303148</total>
				<timestamp>21.346069</timestamp>
			</report>
			<report>
				<misses>306001</misses>
				<total>304147</total>
				<timestamp>21.410089</timestamp>
			</report>
			<report>
				<misses>307001</misses>
				<total>305146</total>
				<timestamp>21.479164</timestamp>
			</report>
			<report>
				<misses>308001</misses>
				<total>306145</total>
				<timestamp>21.559794</timestamp>
			</report>
			<report>
				<misses>309001</misses>
				<total>307144</total>
				<timestamp>21.632849</timestamp>
			</report>
			<report>
				<misses>310001</misses>
				<total>308143</total>
				<timestamp>21.699116</timestamp>
			</report>
			<report>
				<misses>311001</misses>
				<total>309142</total>
				<timestamp>21.765421</timestamp>
			</report>
			<report>
				<misses>312001</misses>
				<total>310141</total>
				<timestamp>21.839129</timestamp>
			</report>
			<report>
				<misses>313001</misses>
				<total>311140</total>
				<timestamp>21.912867</timestamp>
			</report>
			<report>
				<misses>314001</misses>
				<total>312139</total>
				<timestamp>21.992073</timestamp>
			</report>
			<report>
				<misses>315001</misses>
				<total>313138</total>
				<timestamp>22.075035</timestamp>
			</report>
			<report>
				<misses>316001</misses>
				<total>314137</total>
				<timestamp>22.152986</timestamp>
			</report>
			<report>
				<misses>317001</misses>
				<total>315136</total>
				<timestamp>22.217846</timestamp>
			</report>
			<report>
				<misses>318001</misses>
				<total>316135</total>
				<timestamp>22.283237</timestamp>
			</report>
			<report>
				<misses>319001</misses>
				<total>317134</total>
				<timestamp>22.354178</timestamp>
			</report>
			<report>
				<misses>320001</misses>
				<total>318133</total>
				<timestamp>22.426044</timestamp>
			</report>
			<report>
				<misses>321001</misses>
				<total>319132</total>
				<timestamp>22.495317</timestamp>
			</report>
			<report>
				<misses>322001</misses>
				<total>320131</total>
				<timestamp>22.566121</timestamp>
			</report>
			<report>
				<misses>323001</misses>
				<total>321130</total>
				<timestamp>22.649097</timestamp>
			</report>
			<report>
				<misses>324001</misses>
				<total>322129</total>
				<timestamp>22.726134</timestamp>
			</report>
			<report>
				<misses>325001</misses>
				<total>323128</total>
				<timestamp>22.803869</timestamp>
			</report>
			<report>
				<misses>326001</misses>
				<total>324127</total>
				<timestamp>22.869711</timestamp>
			</report>
			<report>
				<misses>327001</misses>
				<total>325126</total>
				<timestamp>22.937089</timestamp>
			</report>
			<report>
				<misses>328001</misses>
				<total>326125</total>
				<timestamp>23.000789</timestamp>
			</report>
			<report>
				<misses>329001</misses>
				<total>327124</total>
				<timestamp>23.065794</timestamp>
			</report>
			<report>
				<misses>330001</misses>
				<total>328123</total>
				<timestamp>23.132065</timestamp>
			</report>
			<report>
				<misses>331001</misses>
				<total>329122</total>
				<timestamp>23.202184</timestamp>
			</report>
			<report>
				<misses>332001</misses>
				<total>330121</total>
				<timestamp>23.282976</timestamp>
			</report>
			<report>
				<misses>333001</misses>
				<total>331120</total>
				<timestamp>23.361692</timestamp>
			</report>
			<report>
				<misses>334001</misses>
				<total>332119</total>
				<timestamp>23.435879</timestamp>
			</report>
			<report>
				<misses>335001</misses>
				<total>333118</total>
				<timestamp>23.500856</timestamp>
			</report>
			<report>
				<misses>336001</misses>
				<total>334117</total>
				<timestamp>23.566316</timestamp>
			</report>
			<report>
				<misses>337001</misses>
				<total>335116</total>
				<timestamp>23.631813</timestamp>
			</report>
			<report>
				<misses>338001</misses>
				<total>336115</total>
				<timestamp>23.698979</timestamp>
			</report>
			<report>
				<misses>339001</misses>
				<total>337114</total>
				<timestamp>23.773860</timestamp>
			</report>
			<report>
				<misses>340001</misses>
				<total>338113</total>
				<timestamp>23.839699</timestamp>
			</report>
			<report>
				<misses>341001</misses>
				<total>339112</total>
				<timestamp>23.904682</timestamp>
			</report>
			<report>
				<misses>342001</misses>
				<total>340111</total>
				<timestamp>23.979814</timestamp>
			</report>
			<report>
				<misses>343001</misses>
				<total>341110</total>
				<timestamp>24.055784</timestamp>
			</report>
			<report>
				<misses>344001</misses>
				<total>342109</total>
				<timestamp>24.128967</timestamp>
			</report>
			<report>
				<misses>345001</misses>
				<total>343108</total>
				<timestamp>24.200739</timestamp>
			</report>
			<report>
				<misses>346001</misses>
				<total>344107</total>
				<timestamp>24.276384</timestamp>
			</report>
			<report>
				<misses>347001</misses>
				<total>345106</total>
				<timestamp>24.341212</timestamp>
			</report>
			<report>
				<misses>348001</misses>
				<total>346105</total>
				<timestamp>24.409762</timestamp>
			</report>
			<report>
				<misses>349001</misses>
				<total>347104</total>
				<timestamp>24.482378</timestamp>
			</report>
			<report>
				<misses>350001</misses>
				<total>348103</total>
				<timestamp>24.554655</timestamp>
			</report>
			<report>
				<misses>351001</misses>
				<total>349102</total>
				<timestamp>24.620009</timestamp>
			</report>
			<report>
				<misses>352001</misses>
				<total>350101</total>
				<timestamp>24.691032</timestamp>
			</report>
			<report>
				<misses>353001</misses>
				<total>351100</total>
				<timestamp>24.766360</timestamp>
			</report>
			<report>
				<misses>354001</misses>
				<total>352099</total>
				<timestamp>24.843548</timestamp>
			</report>
			<report>
				<misses>355001</misses>
				<total>353098</total>
				<timestamp>24.917301</timestamp>
			</report>
			<report>
				<misses>356001</misses>
				<total>354097</total>
				<timestamp>24.995414</timestamp>
			</report>
			<report>
				<misses>357001</misses>
				<total>355096</total>
				<timestamp>25.071460</timestamp>
			</report>
			<report>
				<misses>358001</misses>
				<total>356095</total>
				<timestamp>25.142432</timestamp>
			</report>
			<report>
				<misses>359001</misses>
				<total>357094</total>
				<timestamp>25.213603</timestamp>
			</report>
			<report>
				<misses>360001</misses>
				<total>358093</total>
				<timestamp>25.278004</timestamp>
			</report>
			<report>
				<misses>361001</misses>
				<total>359092</total>
				<timestamp>25.343117</timestamp>
			</report>
			<report>
				<misses>362001</misses>
				<total>360091</total>
				<timestamp>25.408869</timestamp>
			</report>
			<report>
				<misses>363001</misses>
				<total>361090</total>
				<timestamp>25.475869</timestamp>
			</report>
			<report>
				<misses>364001</misses>
				<total>362089</total>
				<timestamp>25.540889</timestamp>
			</report>
			<report>
				<misses>365001</misses>
				<total>363088</total>
				<timestamp>25.609154</timestamp>
			</report>
			<report>
				<misses>366001</misses>
				<total>364087</total>
				<timestamp>25.681334</timestamp>
			</report>
			<report>
				<misses>367001</misses>
				<total>365086</total>
				<timestamp>25.756328</timestamp>
			</report>
			<report>
				<misses>368001</misses>
				<total>366085</total>
				<timestamp>25.822275</timestamp>
			</report>
			<report>
				<misses>369001</misses>
				<total>367084</total>
				<timestamp>25.887184</timestamp>
			</report>
			<report>
				<misses>370001</misses>
				<total>368083</total>
				<timestamp>25.963578</timestamp>
			</report>
			<report>
				<misses>371001</misses>
				<total>369082</total>
				<timestamp>26.046168</timestamp>
			</report>
			<report>
				<misses>372001</misses>
				<total>370081</total>
				<timestamp>26.122541</timestamp>
			</report>
			<report>
				<misses>373001</misses>
				<total>371080</total>
				<timestamp>26.197051</timestamp>
			</report>
			<report>
				<misses>374001</misses>
				<total>372079</total>
				<timestamp>26.268268</timestamp>
			</report>
			<report>
				<misses>375001</misses>
				<total>373078</total>
				<timestamp>26.337861</timestamp>
			</report>
			<report>
				<misses>376001</misses>
				<total>374077</total>
				<timestamp>26.416848</timestamp>
			</report>
			<report>
				<misses>377001</misses>
				<total>375076</total>
				<timestamp>26.485076</timestamp>
			</report>
			<report>
				<misses>378001</misses>
				<total>376075</total>
				<timestamp>26.551124</timestamp>
			</report>
			<report>
				<misses>379001</misses>
				<total>377074</total>
				<timestamp>26.624423</timestamp>
			</report>
			<report>
				<misses>380001</misses>
				<total>378073</total>
				<timestamp>26.690578</timestamp>
			</report>
			<report>
				<misses>381001</misses>
				<total>379072</total>
				<timestamp>26.765696</timestamp>
			</report>
			<report>
				<misses>382001</misses>
				<total>380071</total>
				<timestamp>26.830013</timestamp>
			</report>
			<report>
				<misses>383001</misses>
				<total>381070</total>
				<timestamp>26.893742</timestamp>
			</report>
			<report>
				<misses>384001</misses>
				<total>382069</total>
				<timestamp>26.959631</timestamp>
			</report>
			<report>
				<misses>385001</misses>
				<total>383068</total>
				<timestamp>27.029376</timestamp>
			</report>
			<report>
				<misses>386001</misses>
				<total>384067</total>
				<timestamp>27.098842</timestamp>
			</report>
			<report>
				<misses>387001</misses>
				<total>385066</total>
				<timestamp>27.170345</timestamp>
			</report>
			<report>
				<misses>388001</misses>
				<total>386065</total>
				<timestamp>27.249892</timestamp>
			</report>
			<report>
				<misses>389001</misses>
				<total>387064</total>
				<timestamp>27.314891</timestamp>
			</report>
			<report>
				<misses>390001</misses>
				<total>388063</total>
				<timestamp>27.386704</timestamp>
			</report>
			<report>
				<misses>391001</misses>
				<total>389062</total>
				<timestamp>27.453017</timestamp>
			</report>
			<report>
				<misses>392001</misses>
				<total>390061</total>
				<timestamp>27.517957</timestamp>
			</report>
			<report>
				<misses>393001</misses>
				<total>391060</total>
				<timestamp>27.585782</timestamp>
			</report>
			<report>
				<misses>394001</misses>
				<total>392059</total>
				<timestamp>27.659249</timestamp>
			</report>
			<report>
				<misses>395001</misses>
				<total>393058</total>
				<timestamp>27.727373</timestamp>
			</report>
			<report>
				<misses>396001</misses>
				<total>394057</total>
				<timestamp>27.805861</timestamp>
			</report>
			<report>
				<misses>397001</misses>
				<total>395056</total>
				<timestamp>27.877223</timestamp>
			</report>
			<report>
				<misses>398001</misses>
				<total>396055</total>
				<timestamp>27.946393</timestamp>
			</report>
			<report>
				<misses>399001</misses>
				<total>397054</total>
				<timestamp>28.016670</timestamp>
			</report>
			<report>
				<misses>400001</misses>
				<total>398053</total>
				<timestamp>28.093916</timestamp>
			</report>
			<report>
				<misses>401001</misses>
				<total>399052</total>
				<timestamp>28.168099</timestamp>
			</report>
			<report>
				<misses>402001</misses>
				<total>400051</total>
				<timestamp>28.245855</timestamp>
			</report>
			<report>
				<misses>403001</misses>
				<total>401050</total>
				<timestamp>28.311539</timestamp>
			</report>
			<report>
				<misses>404001</misses>
				<total>402049</total>
				<timestamp>28.376249</timestamp>
			</report>
			<report>
				<misses>405001</misses>
				<total>403048</total>
				<timestamp>28.441062</timestamp>
			</report>
			<report>
				<misses>406001</misses>
				<total>404047</total>
				<timestamp>28.514269</timestamp>
			</report>
			<report>
				<misses>407001</misses>
				<total>405046</total>
				<timestamp>28.591774</timestamp>
			</report>
			<report>
				<misses>408001</misses>
				<total>406045</total>
				<timestamp>28.672092</timestamp>
			</report>
			<report>
				<misses>409001</misses>
				<total>407044</total>
				<timestamp>28.749272</timestamp>
			</report>
			<report>
				<misses>410001</misses>
				<total>408043</total>
				<timestamp>28.819128</timestamp>
			</report>
			<report>
				<misses>411001</misses>
				<total>409042</total>
				<timestamp>28.890268</timestamp>
			</report>
			<report>
				<misses>412001</misses>
				<total>410041</total>
				<timestamp>28.959659</timestamp>
			</report>
			<report>
				<misses>413001</misses>
				<total>411040</total>
				<timestamp>29.033921</timestamp>
			</report>
			<report>
				<misses>414001</misses>
				<total>412039</total>
				<timestamp>29.108275</timestamp>
			</report>
			<report>
				<misses>415001</misses>
				<total>413038</total>
				<timestamp>29.174357</timestamp>
			</report>
			<report>
				<misses>416001</misses>
				<total>414037</total>
				<timestamp>29.248805</timestamp>
			</report>
			<report>
				<misses>417001</misses>
				<total>415036</total>
				<timestamp>29.314999</timestamp>
			</report>
			<report>
				<misses>418001</misses>
				<total>416035</total>
				<timestamp>29.391880</timestamp>
			</report>
			<report>
				<misses>419001</misses>
				<total>417034</total>
				<timestamp>29.456665</timestamp>
			</report>
			<report>
				<misses>420001</misses>
				<total>418033</total>
				<timestamp>29.528586</timestamp>
			</report>
			<report>
				<misses>421001</misses>
				<total>419032</total>
				<timestamp>29.605645</timestamp>
			</report>
			<report>
				<misses>422001</misses>
				<total>420031</total>
				<timestamp>29.670509</timestamp>
			</report>
			<report>
				<misses>423001</misses>
				<total>421030</total>
				<timestamp>29.736382</timestamp>
			</report>
			<report>
				<misses>424001</misses>
				<total>422029</total>
				<timestamp>29.811593</timestamp>
			</report>
			<report>
				<misses>425001</misses>
				<total>423028</total>
				<timestamp>29.878118</timestamp>
			</report>
			<report>
				<misses>426001</misses>
				<total>424027</total>
				<timestamp>29.945678</timestamp>
			</report>
			<report>
				<misses>427001</misses>
				<total>425026</total>
				<timestamp>30.013671</timestamp>
			</report>
			<report>
				<misses>428001</misses>
				<total>426025</total>
				<timestamp>30.078236</timestamp>
			</report>
			<report>
				<misses>429001</misses>
				<total>427024</total>
				<timestamp>30.143202</timestamp>
			</report>
			<report>
				<misses>430001</misses>
				<total>427591</total>
				<timestamp>30.209584</timestamp>
			</report>
			<report>
				<misses>431001</misses>
				<total>427606</total>
				<timestamp>30.282045</timestamp>
			</report>
			<report>
				<misses>432001</misses>
				<total>427611</total>
				<timestamp>30.345840</timestamp>
			</report>
			<report>
				<misses>433001</misses>
				<total>427649</total>
				<timestamp>30.411109</timestamp>
			</report>
			<report>
				<misses>434001</misses>
				<total>428648</total>
				<timestamp>30.481033</timestamp>
			</report>
			<report>
				<misses>435001</misses>
				<total>429647</total>
				<timestamp>30.545516</timestamp>
			</report>
			<report>
				<misses>436001</misses>
				<total>430646</total>
				<timestamp>30.621140</timestamp>
			</report>
			<report>
				<misses>437001</misses>
				<total>431645</total>
				<timestamp>30.700748</timestamp>
			</report>
			<report>
				<misses>438001</misses>
				<total>432644</total>
				<timestamp>30.770795</timestamp>
			</report>
			<report>
				<misses>439001</misses>
				<total>433643</total>
				<timestamp>30.837206</timestamp>
			</report>
			<report>
				<misses>440001</misses>
				<total>434642</total>
				<timestamp>30.906382</timestamp>
			</report>
			<report>
				<misses>441001</misses>
				<total>435641</total>
				<timestamp>30.983587</timestamp>
			</report>
			<report>
				<misses>442001</misses>
				<total>436640</total>
				<timestamp>31.065095</timestamp>
			</report>
			<report>
				<misses>443001</misses>
				<total>437639</total>
				<timestamp>31.142575</timestamp>
			</report>
			<report>
				<misses>444001</misses>
				<total>438638</total>
				<timestamp>31.218365</timestamp>
			</report>
			<report>
				<misses>445001</misses>
				<total>439637</total>
				<timestamp>31.293563</timestamp>
			</report>
			<report>
				<misses>446001</misses>
				<total>440636</total>
				<timestamp>31.363602</timestamp>
			</report>
			<report>
				<misses>447001</misses>
				<total>441635</total>
				<timestamp>31.428014</timestamp>
			</report>
			<report>
				<misses>448001</misses>
				<total>442634</total>
				<timestamp>31.492193</timestamp>
			</report>
			<report>
				<misses>449001</misses>
				<total>443633</total>
				<timestamp>31.559317</timestamp>
			</report>
			<report>
				<misses>450001</misses>
				<total>444632</total>
				<timestamp>31.625352</timestamp>
			</report>
			<report>
				<misses>451001</misses>
				<total>445631</total>
				<timestamp>31.689286</timestamp>
			</report>
			<report>
				<misses>452001</misses>
				<total>446630</total>
				<timestamp>31.756750</timestamp>
			</report>
			<report>
				<misses>453001</misses>
				<total>447629</total>
				<timestamp>31.836366</timestamp>
			</report>
			<report>
				<misses>454001</misses>
				<total>448628</total>
				<timestamp>31.914028</timestamp>
			</report>
			<report>
				<misses>455001</misses>
				<total>449627</total>
				<timestamp>31.979956</timestamp>
			</report>
			<report>
				<misses>456001</misses>
				<total>450626</total>
				<timestamp>32.060931</timestamp>
			</report>
			<report>
				<misses>457001</misses>
				<total>451625</total>
				<timestamp>32.138244</timestamp>
			</report>
			<report>
				<misses>458001</misses>
				<total>452624</total>
				<timestamp>32.212882</timestamp>
			</report>
			<report>
				<misses>459001</misses>
				<total>453623</total>
				<timestamp>32.281684</timestamp>
			</report>
			<report>
				<misses>460001</misses>
				<total>454622</total>
				<timestamp>32.347306</timestamp>
			</report>
			<report>
				<misses>461001</misses>
				<total>455621</total>
				<timestamp>32.413636</timestamp>
			</report>
			<report>
				<misses>462001</misses>
				<total>456620</total>
				<timestamp>32.481556</timestamp>
			</report>
			<report>
				<misses>463001</misses>
				<total>457619</total>
				<timestamp>32.546285</timestamp>
			</report>
			<report>
				<misses>464001</misses>
				<total>458618</total>
				<timestamp>32.611764</timestamp>
			</report>
			<report>
				<misses>465001</misses>
				<total>459617</total>
				<timestamp>32.677349</timestamp>
			</report>
			<report>
				<misses>466001</misses>
				<total>460616</total>
				<timestamp>32.743278</timestamp>
			</report>
			<report>
				<misses>467001</misses>
				<total>461615</total>
				<timestamp>32.807373</timestamp>
			</report>
			<report>
				<misses>468001</misses>
				<total>462614</total>
				<timestamp>32.872415</timestamp>
			</report>
			<report>
				<misses>469001</misses>
				<total>463613</total>
				<timestamp>32.944392</timestamp>
			</report>
			<report>
				<misses>470001</misses>
				<total>464612</total>
				<timestamp>33.015833</timestamp>
			</report>
			<report>
				<misses>471001</misses>
				<total>465611</total>
				<timestamp>33.084218</timestamp>
			</report>
			<report>
				<misses>472001</misses>
				<total>466610</total>
				<timestamp>33.148303</timestamp>
			</report>
			<report>
				<misses>473001</misses>
				<total>467609</total>
				<timestamp>33.214967</timestamp>
			</report>
			<report>
				<misses>474001</misses>
				<total>468608</total>
				<timestamp>33.282042</timestamp>
			</report>
			<report>
				<misses>475001</misses>
				<total>469607</total>
				<timestamp>33.355907</timestamp>
			</report>
			<report>
				<misses>476001</misses>
				<total>470606</total>
				<timestamp>33.426749</timestamp>
			</report>
			<report>
				<misses>477001</misses>
				<total>471605</total>
				<timestamp>33.496735</timestamp>
			</report>
			<report>
				<misses>478001</misses>
				<total>472604</total>
				<timestamp>33.565124</timestamp>
			</report>
			<report>
				<misses>479001</misses>
				<total>473603</total>
				<timestamp>33.641027</timestamp>
			</report>
			<report>
				<misses>480001</misses>
				<total>474602</total>
				<timestamp>33.705628</timestamp>
			</report>
			<report>
				<misses>481001</misses>
				<total>475601</total>
				<timestamp>33.772543</timestamp>
			</report>
			<report>
				<misses>482001</misses>
				<total>476600</total>
				<timestamp>33.840563</timestamp>
			</report>
			<report>
				<misses>483001</misses>
				<total>477599</total>
				<timestamp>33.905646</timestamp>
			</report>
			<report>
				<misses>484001</misses>
				<total>478598</total>
				<timestamp>33.973130</timestamp>
			</report>
			<report>
				<misses>485001</misses>
				<total>479597</total>
				<timestamp>34.040164</timestamp>
			</report>
			<report>
				<misses>486001</misses>
				<total>480596</total>
				<timestamp>34.117996</timestamp>
			</report>
			<report>
				<misses>487001</misses>
				<total>481595</total>
				<timestamp>34.187191</timestamp>
			</report>
			<report>
				<misses>488001</misses>
				<total>482594</total>
				<timestamp>34.254535</timestamp>
			</report>
			<report>
				<misses>489001</misses>
				<total>483593</total>
				<timestamp>34.330157</timestamp>
			</report>
			<report>
				<misses>490001</misses>
				<total>484592</total>
				<timestamp>34.394993</timestamp>
			</report>
			<report>
				<misses>491001</misses>
				<total>485591</total>
				<timestamp>34.460257</timestamp>
			</report>
			<report>
				<misses>492001</misses>
				<total>486590</total>
				<timestamp>34.526074</timestamp>
			</report>
			<report>
				<misses>493001</misses>
				<total>487589</total>
				<timestamp>34.592367</timestamp>
			</report>
			<report>
				<misses>494001</misses>
				<total>488588</total>
				<timestamp>34.657468</timestamp>
			</report>
			<report>
				<misses>495001</misses>
				<total>489587</total>
				<timestamp>34.723714</timestamp>
			</report>
			<report>
				<misses>496001</misses>
				<total>490586</total>
				<timestamp>34.789507</timestamp>
			</report>
			<report>
				<misses>497001</misses>
				<total>491585</total>
				<timestamp>34.872149</timestamp>
			</report>
			<report>
				<misses>498001</misses>
				<total>492584</total>
				<timestamp>34.943537</timestamp>
			</report>
			<report>
				<misses>499001</misses>
				<total>493583</total>
				<timestamp>35.022494</timestamp>
			</report>
			<report>
				<misses>500001</misses>
				<total>494582</total>
				<timestamp>35.093573</timestamp>
			</report>
			<report>
				<misses>501001</misses>
				<total>495581</total>
				<timestamp>35.159052</timestamp>
			</report>
			<report>
				<misses>502001</misses>
				<total>496580</total>
				<timestamp>35.224899</timestamp>
			</report>
			<report>
				<misses>503001</misses>
				<total>497579</total>
				<timestamp>35.292825</timestamp>
			</report>
			<report>
				<misses>504001</misses>
				<total>498578</total>
				<timestamp>35.374052</timestamp>
			</report>
			<report>
				<misses>505001</misses>
				<total>499577</total>
				<timestamp>35.452248</timestamp>
			</report>
			<report>
				<misses>506001</misses>
				<total>500576</total>
				<timestamp>35.528203</timestamp>
			</report>
			<report>
				<misses>507001</misses>
				<total>501575</total>
				<timestamp>35.597152</timestamp>
			</report>
			<report>
				<misses>508001</misses>
				<total>502574</total>
				<timestamp>35.678783</timestamp>
			</report>
			<report>
				<misses>509001</misses>
				<total>503573</total>
				<timestamp>35.744514</timestamp>
			</report>
			<report>
				<misses>510001</misses>
				<total>504572</total>
				<timestamp>35.809117</timestamp>
			</report>
			<report>
				<misses>511001</misses>
				<total>505571</total>
				<timestamp>35.882976</timestamp>
			</report>
			<report>
				<misses>512001</misses>
				<total>506570</total>
				<timestamp>35.949588</timestamp>
			</report>
			<report>
				<misses>513001</misses>
				<total>507569</total>
				<timestamp>36.015058</timestamp>
			</report>
			<report>
				<misses>514001</misses>
				<total>508568</total>
				<timestamp>36.079627</timestamp>
			</report>
			<report>
				<misses>515001</misses>
				<total>509567</total>
				<timestamp>36.144372</timestamp>
			</report>
			<report>
				<misses>516001</misses>
				<total>510566</total>
				<timestamp>36.224584</timestamp>
			</report>
			<report>
				<misses>517001</misses>
				<total>511565</total>
				<timestamp>36.303305</timestamp>
			</report>
			<report>
				<misses>518001</misses>
				<total>512564</total>
				<timestamp>36.384172</timestamp>
			</report>
			<report>
				<misses>519001</misses>
				<total>513563</total>
				<timestamp>36.454266</timestamp>
			</report>
			<report>
				<misses>520001</misses>
				<total>514562</total>
				<timestamp>36.520042</timestamp>
			</report>
			<report>
				<misses>521001</misses>
				<total>515561</total>
				<timestamp>36.587620</timestamp>
			</report>
			<report>
				<misses>522001</misses>
				<total>516560</total>
				<timestamp>36.662346</timestamp>
			</report>
			<report>
				<misses>523001</misses>
				<total>517559</total>
				<timestamp>36.727844</timestamp>
			</report>
			<report>
				<misses>524001</misses>
				<total>518558</total>
				<timestamp>36.797630</timestamp>
			</report>
			<report>
				<misses>525001</misses>
				<total>519557</total>
				<timestamp>36.878192</timestamp>
			</report>
			<report>
				<misses>526001</misses>
				<total>520556</total>
				<timestamp>36.945701</timestamp>
			</report>
			<report>
				<misses>527001</misses>
				<total>521555</total>
				<timestamp>37.020186</timestamp>
			</report>
			<report>
				<misses>528001</misses>
				<total>522554</total>
				<timestamp>37.090036</timestamp>
			</report>
			<report>
				<misses>529001</misses>
				<total>523553</total>
				<timestamp>37.166268</timestamp>
			</report>
			<report>
				<misses>530001</misses>
				<total>524552</total>
				<timestamp>37.245048</timestamp>
			</report>
			<report>
				<misses>531001</misses>
				<total>525551</total>
				<timestamp>37.322778</timestamp>
			</report>
			<report>
				<misses>532001</misses>
				<total>526550</total>
				<timestamp>37.388506</timestamp>
			</report>
			<report>
				<misses>533001</misses>
				<total>527549</total>
				<timestamp>37.466543</timestamp>
			</report>
			<report>
				<misses>534001</misses>
				<total>528548</total>
				<timestamp>37.537649</timestamp>
			</report>
			<report>
				<misses>535001</misses>
				<total>529547</total>
				<timestamp>37.602519</timestamp>
			</report>
			<report>
				<misses>536001</misses>
				<total>530546</total>
				<timestamp>37.677751</timestamp>
			</report>
			<report>
				<misses>537001</misses>
				<total>531545</total>
				<timestamp>37.742702</timestamp>
			</report>
			<report>
				<misses>538001</misses>
				<total>532544</total>
				<timestamp>37.810030</timestamp>
			</report>
			<report>
				<misses>539001</misses>
				<total>533543</total>
				<timestamp>37.874991</timestamp>
			</report>
			<report>
				<misses>540001</misses>
				<total>534542</total>
				<timestamp>37.952660</timestamp>
			</report>
			<report>
				<misses>541001</misses>
				<total>535541</total>
				<timestamp>38.016458</timestamp>
			</report>
			<report>
				<misses>542001</misses>
				<total>536540</total>
				<timestamp>38.085626</timestamp>
			</report>
			<report>
				<misses>543001</misses>
				<total>537539</total>
				<timestamp>38.153262</timestamp>
			</report>
			<report>
				<misses>544001</misses>
				<total>538538</total>
				<timestamp>38.219227</timestamp>
			</report>
			<report>
				<misses>545001</misses>
				<total>539537</total>
				<timestamp>38.287761</timestamp>
			</report>
			<report>
				<misses>546001</misses>
				<total>540536</total>
				<timestamp>38.360946</timestamp>
			</report>
			<report>
				<misses>547001</misses>
				<total>541535</total>
				<timestamp>38.426145</timestamp>
			</report>
			<report>
				<misses>548001</misses>
				<total>542534</total>
				<timestamp>38.495130</timestamp>
			</report>
			<report>
				<misses>549001</misses>
				<total>543533</total>
				<timestamp>38.563720</timestamp>
			</report>
			<report>
				<misses>550001</misses>
				<total>544532</total>
				<timestamp>38.639530</timestamp>
			</report>
			<report>
				<misses>551001</misses>
				<total>545531</total>
				<timestamp>38.719424</timestamp>
			</report>
			<report>
				<misses>552001</misses>
				<total>546530</total>
				<timestamp>38.784444</timestamp>
			</report>
			<report>
				<misses>553001</misses>
				<total>547529</total>
				<timestamp>38.852906</timestamp>
			</report>
			<report>
				<misses>554001</misses>
				<total>548528</total>
				<timestamp>38.918814</timestamp>
			</report>
			<report>
				<misses>555001</misses>
				<total>549527</total>
				<timestamp>38.983216</timestamp>
			</report>
			<report>
				<misses>556001</misses>
				<total>550526</total>
				<timestamp>39.056809</timestamp>
			</report>
			<report>
				<misses>557001</misses>
				<total>551525</total>
				<timestamp>39.131523</timestamp>
			</report>
			<report>
				<misses>558001</misses>
				<total>552524</total>
				<timestamp>39.196268</timestamp>
			</report>
			<report>
				<misses>559001</misses>
				<total>553523</total>
				<timestamp>39.275074</timestamp>
			</report>
			<report>
				<misses>560001</misses>
				<total>554522</total>
				<timestamp>39.354095</timestamp>
			</report>
			<report>
				<misses>561001</misses>
				<total>555521</total>
				<timestamp>39.436767</timestamp>
			</report>
			<report>
				<misses>562001</misses>
				<total>556520</total>
				<timestamp>39.507733</timestamp>
			</report>
			<report>
				<misses>563001</misses>
				<total>557519</total>
				<timestamp>39.583927</timestamp>
			</report>
			<report>
				<misses>564001</misses>
				<total>558518</total>
				<timestamp>39.658444</timestamp>
			</report>
			<report>
				<misses>565001</misses>
				<total>559517</total>
				<timestamp>39.723522</timestamp>
			</report>
			<report>
				<misses>566001</misses>
				<total>560516</total>
				<timestamp>39.788823</timestamp>
			</report>
			<report>
				<misses>567001</misses>
				<total>561515</total>
				<timestamp>39.854218</timestamp>
			</report>
			<report>
				<misses>568001</misses>
				<total>562514</total>
				<timestamp>39.921817</timestamp>
			</report>
			<report>
				<misses>569001</misses>
				<total>563513</total>
				<timestamp>39.986974</timestamp>
			</report>
			<report>
				<misses>570001</misses>
				<total>564512</total>
				<timestamp>40.051886</timestamp>
			</report>
			<report>
				<misses>571001</misses>
				<total>565511</total>
				<timestamp>40.121565</timestamp>
			</report>
			<report>
				<misses>572001</misses>
				<total>566510</total>
				<timestamp>40.186993</timestamp>
			</report>
			<report>
				<misses>573001</misses>
				<total>567509</total>
				<timestamp>40.256496</timestamp>
			</report>
			<report>
				<misses>574001</misses>
				<total>568508</total>
				<timestamp>40.324708</timestamp>
			</report>
			<report>
				<misses>575001</misses>
				<total>569507</total>
				<timestamp>40.392610</timestamp>
			</report>
			<report>
				<misses>576001</misses>
				<total>570506</total>
				<timestamp>40.461586</timestamp>
			</report>
			<report>
				<misses>577001</misses>
				<total>571505</total>
				<timestamp>40.531194</timestamp>
			</report>
			<report>
				<misses>578001</misses>
				<total>572504</total>
				<timestamp>40.599155</timestamp>
			</report>
			<report>
				<misses>579001</misses>
				<total>573503</total>
				<timestamp>40.673458</timestamp>
			</report>
			<report>
				<misses>580001</misses>
				<total>574502</total>
				<timestamp>40.742494</timestamp>
			</report>
			<report>
				<misses>581001</misses>
				<total>575501</total>
				<timestamp>40.813803</timestamp>
			</report>
			<report>
				<misses>582001</misses>
				<total>576500</total>
				<timestamp>40.893931</timestamp>
			</report>
			<report>
				<misses>583001</misses>
				<total>577499</total>
				<timestamp>40.964237</timestamp>
			</report>
			<report>
				<misses>584001</misses>
				<total>578498</total>
				<timestamp>41.044947</timestamp>
			</report>
			<report>
				<misses>585001</misses>
				<total>579497</total>
				<timestamp>41.115594</timestamp>
			</report>
			<report>
				<misses>586001</misses>
				<total>580496</total>
				<timestamp>41.193234</timestamp>
			</report>
			<report>
				<misses>587001</misses>
				<total>581495</total>
				<timestamp>41.263538</timestamp>
			</report>
			<report>
				<misses>588001</misses>
				<total>582494</total>
				<timestamp>41.341846</timestamp>
			</report>
			<report>
				<misses>589001</misses>
				<total>583493</total>
				<timestamp>41.422075</timestamp>
			</report>
			<report>
				<misses>590001</misses>
				<total>584492</total>
				<timestamp>41.497698</timestamp>
			</report>
			<report>
				<misses>591001</misses>
				<total>585491</total>
				<timestamp>41.561215</timestamp>
			</report>
			<report>
				<misses>592001</misses>
				<total>586490</total>
				<timestamp>41.624492</timestamp>
			</report>
			<report>
				<misses>593001</misses>
				<total>587489</total>
				<timestamp>41.706568</timestamp>
			</report>
			<report>
				<misses>594001</misses>
				<total>588488</total>
				<timestamp>41.778461</timestamp>
			</report>
			<report>
				<misses>595001</misses>
				<total>589487</total>
				<timestamp>41.842893</timestamp>
			</report>
			<report>
				<misses>596001</misses>
				<total>590486</total>
				<timestamp>41.915585</timestamp>
			</report>
			<report>
				<misses>597001</misses>
				<total>591485</total>
				<timestamp>41.987793</timestamp>
			</report>
			<report>
				<misses>598001</misses>
				<total>592484</total>
				<timestamp>42.065240</timestamp>
			</report>
			<report>
				<misses>599001</misses>
				<total>593483</total>
				<timestamp>42.134972</timestamp>
			</report>
			<report>
				<misses>600001</misses>
				<total>594482</total>
				<timestamp>42.205746</timestamp>
			</report>
			<report>
				<misses>601001</misses>
				<total>595481</total>
				<timestamp>42.270945</timestamp>
			</report>
			<report>
				<misses>602001</misses>
				<total>596480</total>
				<timestamp>42.349604</timestamp>
			</report>
			<report>
				<misses>603001</misses>
				<total>597479</total>
				<timestamp>42.431638</timestamp>
			</report>
			<report>
				<misses>604001</misses>
				<total>598478</total>
				<timestamp>42.497845</timestamp>
			</report>
			<report>
				<misses>605001</misses>
				<total>599477</total>
				<timestamp>42.568014</timestamp>
			</report>
			<report>
				<misses>606001</misses>
				<total>600476</total>
				<timestamp>42.642992</timestamp>
			</report>
			<report>
				<misses>607001</misses>
				<total>601475</total>
				<timestamp>42.715046</timestamp>
			</report>
			<report>
				<misses>608001</misses>
				<total>602474</total>
				<timestamp>42.791840</timestamp>
			</report>
			<report>
				<misses>609001</misses>
				<total>603473</total>
				<timestamp>42.870730</timestamp>
			</report>
			<report>
				<misses>610001</misses>
				<total>604472</total>
				<timestamp>42.938199</timestamp>
			</report>
			<report>
				<misses>611001</misses>
				<total>605471</total>
				<timestamp>43.003615</timestamp>
			</report>
			<report>
				<misses>612001</misses>
				<total>606470</total>
				<timestamp>43.077047</timestamp>
			</report>
			<report>
				<misses>613001</misses>
				<total>607469</total>
				<timestamp>43.146741</timestamp>
			</report>
			<report>
				<misses>614001</misses>
				<total>608468</total>
				<timestamp>43.217095</timestamp>
			</report>
			<report>
				<misses>615001</misses>
				<total>609467</total>
				<timestamp>43.283984</timestamp>
			</report>
			<report>
				<misses>616001</misses>
				<total>610466</total>
				<timestamp>43.348179</timestamp>
			</report>
			<report>
				<misses>617001</misses>
				<total>611465</total>
				<timestamp>43.417459</timestamp>
			</report>
			<report>
				<misses>618001</misses>
				<total>612464</total>
				<timestamp>43.491479</timestamp>
			</report>
			<report>
				<misses>619001</misses>
				<total>613463</total>
				<timestamp>43.567588</timestamp>
			</report>
			<report>
				<misses>620001</misses>
				<total>614462</total>
				<timestamp>43.643187</timestamp>
			</report>
			<report>
				<misses>621001</misses>
				<total>615461</total>
				<timestamp>43.714063</timestamp>
			</report>
			<report>
				<misses>622001</misses>
				<total>616460</total>
				<timestamp>43.786565</timestamp>
			</report>
			<report>
				<misses>623001</misses>
				<total>617459</total>
				<timestamp>43.850450</timestamp>
			</report>
			<report>
				<misses>624001</misses>
				<total>618458</total>
				<timestamp>43.915159</timestamp>
			</report>
			<report>
				<misses>625001</misses>
				<total>619457</total>
				<timestamp>43.986866</timestamp>
			</report>
			<report>
				<misses>626001</misses>
				<total>620456</total>
				<timestamp>44.051745</timestamp>
			</report>
			<report>
				<misses>627001</misses>
				<total>621455</total>
				<timestamp>44.124199</timestamp>
			</report>
			<report>
				<misses>628001</misses>
				<total>622454</total>
				<timestamp>44.192573</timestamp>
			</report>
			<report>
				<misses>629001</misses>
				<total>623453</total>
				<timestamp>44.260959</timestamp>
			</report>
			<report>
				<misses>630001</misses>
				<total>624452</total>
				<timestamp>44.324815</timestamp>
			</report>
			<report>
				<misses>631001</misses>
				<total>625451</total>
				<timestamp>44.389647</timestamp>
			</report>
			<report>
				<misses>632001</misses>
				<total>626450</total>
				<timestamp>44.453980</timestamp>
			</report>
			<report>
				<misses>633001</misses>
				<total>627449</total>
				<timestamp>44.532775</timestamp>
			</report>
			<report>
				<misses>634001</misses>
				<total>628448</total>
				<timestamp>44.614575</timestamp>
			</report>
			<report>
				<misses>635001</misses>
				<total>629447</total>
				<timestamp>44.691183</timestamp>
			</report>
			<report>
				<misses>636001</misses>
				<total>630446</total>
				<timestamp>44.760160</timestamp>
			</report>
			<report>
				<misses>637001</misses>
				<total>631445</total>
				<timestamp>44.832467</timestamp>
			</report>
			<report>
				<misses>638001</misses>
				<total>632444</total>
				<timestamp>44.903864</timestamp>
			</report>
			<report>
				<misses>639001</misses>
				<total>633443</total>
				<timestamp>44.977573</timestamp>
			</report>
			<report>
				<misses>640001</misses>
				<total>634442</total>
				<timestamp>45.049715</timestamp>
			</report>
			<report>
				<misses>641001</misses>
				<total>635441</total>
				<timestamp>45.130452</timestamp>
			</report>
			<report>
				<misses>642001</misses>
				<total>636440</total>
				<timestamp>45.200562</timestamp>
			</report>
			<report>
				<misses>643001</misses>
				<total>637439</total>
				<timestamp>45.276748</timestamp>
			</report>
			<report>
				<misses>644001</misses>
				<total>638438</total>
				<timestamp>45.355622</timestamp>
			</report>
			<report>
				<misses>645001</misses>
				<total>639437</total>
				<timestamp>45.421546</timestamp>
			</report>
			<report>
				<misses>646001</misses>
				<total>640436</total>
				<timestamp>45.485718</timestamp>
			</report>
			<report>
				<misses>647001</misses>
				<total>641435</total>
				<timestamp>45.549738</timestamp>
			</report>
			<report>
				<misses>648001</misses>
				<total>642434</total>
				<timestamp>45.616055</timestamp>
			</report>
			<report>
				<misses>649001</misses>
				<total>643433</total>
				<timestamp>45.682893</timestamp>
			</report>
			<report>
				<misses>650001</misses>
				<total>644432</total>
				<timestamp>45.758624</timestamp>
			</report>
			<report>
				<misses>651001</misses>
				<total>645431</total>
				<timestamp>45.825579</timestamp>
			</report>
			<report>
				<misses>652001</misses>
				<total>646430</total>
				<timestamp>45.894473</timestamp>
			</report>
			<report>
				<misses>653001</misses>
				<total>647429</total>
				<timestamp>45.965554</timestamp>
			</report>
			<report>
				<misses>654001</misses>
				<total>648428</total>
				<timestamp>46.038602</timestamp>
			</report>
			<report>
				<misses>655001</misses>
				<total>649427</total>
				<timestamp>46.113977</timestamp>
			</report>
			<report>
				<misses>656001</misses>
				<total>650426</total>
				<timestamp>46.178736</timestamp>
			</report>
			<report>
				<misses>657001</misses>
				<total>651425</total>
				<timestamp>46.244417</timestamp>
			</report>
			<report>
				<misses>658001</misses>
				<total>652424</total>
				<timestamp>46.310484</timestamp>
			</report>
			<report>
				<misses>659001</misses>
				<total>653423</total>
				<timestamp>46.373116</timestamp>
			</report>
			<report>
				<misses>660001</misses>
				<total>654422</total>
				<timestamp>46.436793</timestamp>
			</report>
			<report>
				<misses>661001</misses>
				<total>655421</total>
				<timestamp>46.506431</timestamp>
			</report>
			<report>
				<misses>662001</misses>
				<total>656420</total>
				<timestamp>46.570479</timestamp>
			</report>
			<report>
				<misses>663001</misses>
				<total>657419</total>
				<timestamp>46.640950</timestamp>
			</report>
			<report>
				<misses>664001</misses>
				<total>658418</total>
				<timestamp>46.705636</timestamp>
			</report>
			<report>
				<misses>665001</misses>
				<total>659417</total>
				<timestamp>46.775902</timestamp>
			</report>
			<report>
				<misses>666001</misses>
				<total>660416</total>
				<timestamp>46.850227</timestamp>
			</report>
			<report>
				<misses>667001</misses>
				<total>661415</total>
				<timestamp>46.933390</timestamp>
			</report>
			<report>
				<misses>668001</misses>
				<total>662414</total>
				<timestamp>47.011049</timestamp>
			</report>
			<report>
				<misses>669001</misses>
				<total>663413</total>
				<timestamp>47.075506</timestamp>
			</report>
			<report>
				<misses>670001</misses>
				<total>664412</total>
				<timestamp>47.148640</timestamp>
			</report>
			<report>
				<misses>671001</misses>
				<total>665411</total>
				<timestamp>47.212613</timestamp>
			</report>
			<report>
				<misses>672001</misses>
				<total>666410</total>
				<timestamp>47.276986</timestamp>
			</report>
			<report>
				<misses>673001</misses>
				<total>667409</total>
				<timestamp>47.343630</timestamp>
			</report>
			<report>
				<misses>674001</misses>
				<total>668408</total>
				<timestamp>47.411758</timestamp>
			</report>
			<report>
				<misses>675001</misses>
				<total>669407</total>
				<timestamp>47.478996</timestamp>
			</report>
			<report>
				<misses>676001</misses>
				<total>670406</total>
				<timestamp>47.543788</timestamp>
			</report>
			<report>
				<misses>677001</misses>
				<total>671405</total>
				<timestamp>47.608934</timestamp>
			</report>
			<report>
				<misses>678001</misses>
				<total>672404</total>
				<timestamp>47.673832</timestamp>
			</report>
			<report>
				<misses>679001</misses>
				<total>673403</total>
				<timestamp>47.741276</timestamp>
			</report>
			<report>
				<misses>680001</misses>
				<total>674402</total>
				<timestamp>47.816063</timestamp>
			</report>
			<report>
				<misses>681001</misses>
				<total>675401</total>
				<timestamp>47.885398</timestamp>
			</report>
			<report>
				<misses>682001</misses>
				<total>676400</total>
				<timestamp>47.951106</timestamp>
			</report>
			<report>
				<misses>683001</misses>
				<total>677399</total>
				<timestamp>48.015105</timestamp>
			</report>
			<report>
				<misses>684001</misses>
				<total>678398</total>
				<timestamp>48.090168</timestamp>
			</report>
			<report>
				<misses>685001</misses>
				<total>679397</total>
				<timestamp>48.172011</timestamp>
			</report>
			<report>
				<misses>686001</misses>
				<total>680396</total>
				<timestamp>48.249593</timestamp>
			</report>
			<report>
				<misses>687001</misses>
				<total>681395</total>
				<timestamp>48.323117</timestamp>
			</report>
			<report>
				<misses>688001</misses>
				<total>682394</total>
				<timestamp>48.388002</timestamp>
			</report>
			<report>
				<misses>689001</misses>
				<total>683393</total>
				<timestamp>48.453876</timestamp>
			</report>
			<report>
				<misses>690001</misses>
				<total>684392</total>
				<timestamp>48.531104</timestamp>
			</report>
			<report>
				<misses>691001</misses>
				<total>685391</total>
				<timestamp>48.595269</timestamp>
			</report>
			<report>
				<misses>692001</misses>
				<total>686390</total>
				<timestamp>48.659752</timestamp>
			</report>
			<report>
				<misses>693001</misses>
				<total>687389</total>
				<timestamp>48.724446</timestamp>
			</report>
			<report>
				<misses>694001</misses>
				<total>688388</total>
				<timestamp>48.789193</timestamp>
			</report>
			<report>
				<misses>695001</misses>
				<total>689387</total>
				<timestamp>48.859095</timestamp>
			</report>
			<report>
				<misses>696001</misses>
				<total>690386</total>
				<timestamp>48.935203</timestamp>
			</report>
			<report>
				<misses>697001</misses>
				<total>691385</total>
				<timestamp>49.011080</timestamp>
			</report>
			<report>
				<misses>698001</misses>
				<total>692384</total>
				<timestamp>49.079400</timestamp>
			</report>
			<report>
				<misses>699001</misses>
				<total>693383</total>
				<timestamp>49.143955</timestamp>
			</report>
			<report>
				<misses>700001</misses>
				<total>694382</total>
				<timestamp>49.216721</timestamp>
			</report>
			<report>
				<misses>701001</misses>
				<total>695381</total>
				<timestamp>49.297600</timestamp>
			</report>
			<report>
				<misses>702001</misses>
				<total>696380</total>
				<timestamp>49.376059</timestamp>
			</report>
			<report>
				<misses>703001</misses>
				<total>697379</total>
				<timestamp>49.460595</timestamp>
			</report>
			<report>
				<misses>704001</misses>
				<total>698378</total>
				<timestamp>49.533740</timestamp>
			</report>
			<report>
				<misses>705001</misses>
				<total>699377</total>
				<timestamp>49.605065</timestamp>
			</report>
			<report>
				<misses>706001</misses>
				<total>700376</total>
				<timestamp>49.681213</timestamp>
			</report>
			<report>
				<misses>707001</misses>
				<total>701375</total>
				<timestamp>49.753801</timestamp>
			</report>
			<report>
				<misses>708001</misses>
				<total>702374</total>
				<timestamp>49.826900</timestamp>
			</report>
			<report>
				<misses>709001</misses>
				<total>703373</total>
				<timestamp>49.900766</timestamp>
			</report>
			<report>
				<misses>710001</misses>
				<total>704372</total>
				<timestamp>49.966633</timestamp>
			</report>
			<report>
				<misses>711001</misses>
				<total>705371</total>
				<timestamp>50.031543</timestamp>
			</report>
			<report>
				<misses>712001</misses>
				<total>706370</total>
				<timestamp>50.096425</timestamp>
			</report>
			<report>
				<misses>713001</misses>
				<total>707369</total>
				<timestamp>50.160441</timestamp>
			</report>
			<report>
				<misses>714001</misses>
				<total>708368</total>
				<timestamp>50.229857</timestamp>
			</report>
			<report>
				<misses>715001</misses>
				<total>709367</total>
				<timestamp>50.310798</timestamp>
			</report>
			<report>
				<misses>716001</misses>
				<total>710366</total>
				<timestamp>50.374607</timestamp>
			</report>
			<report>
				<misses>717001</misses>
				<total>711365</total>
				<timestamp>50.439170</timestamp>
			</report>
			<report>
				<misses>718001</misses>
				<total>712364</total>
				<timestamp>50.505720</timestamp>
			</report>
			<report>
				<misses>719001</misses>
				<total>713363</total>
				<timestamp>50.585530</timestamp>
			</report>
			<report>
				<misses>720001</misses>
				<total>714362</total>
				<timestamp>50.652612</timestamp>
			</report>
			<report>
				<misses>721001</misses>
				<total>715361</total>
				<timestamp>50.728691</timestamp>
			</report>
			<report>
				<misses>722001</misses>
				<total>716360</total>
				<timestamp>50.798679</timestamp>
			</report>
			<report>
				<misses>723001</misses>
				<total>717359</total>
				<timestamp>50.869879</timestamp>
			</report>
			<report>
				<misses>724001</misses>
				<total>718358</total>
				<timestamp>50.940443</timestamp>
			</report>
			<report>
				<misses>725001</misses>
				<total>719357</total>
				<timestamp>51.006951</timestamp>
			</report>
			<report>
				<misses>726001</misses>
				<total>720356</total>
				<timestamp>51.079108</timestamp>
			</report>
			<report>
				<misses>727001</misses>
				<total>721355</total>
				<timestamp>51.152917</timestamp>
			</report>
			<report>
				<misses>728001</misses>
				<total>722354</total>
				<timestamp>51.216613</timestamp>
			</report>
			<report>
				<misses>729001</misses>
				<total>723353</total>
				<timestamp>51.282925</timestamp>
			</report>
			<report>
				<misses>730001</misses>
				<total>724352</total>
				<timestamp>51.356093</timestamp>
			</report>
			<report>
				<misses>731001</misses>
				<total>725351</total>
				<timestamp>51.420524</timestamp>
			</report>
			<report>
				<misses>732001</misses>
				<total>726350</total>
				<timestamp>51.484403</timestamp>
			</report>
			<report>
				<misses>733001</misses>
				<total>727349</total>
				<timestamp>51.549500</timestamp>
			</report>
			<report>
				<misses>734001</misses>
				<total>728348</total>
				<timestamp>51.630226</timestamp>
			</report>
			<report>
				<misses>735001</misses>
				<total>729347</total>
				<timestamp>51.695603</timestamp>
			</report>
			<report>
				<misses>736001</misses>
				<total>730346</total>
				<timestamp>51.765910</timestamp>
			</report>
			<report>
				<misses>737001</misses>
				<total>731345</total>
				<timestamp>51.833731</timestamp>
			</report>
			<report>
				<misses>738001</misses>
				<total>732344</total>
				<timestamp>51.899461</timestamp>
			</report>
			<report>
				<misses>739001</misses>
				<total>733343</total>
				<timestamp>51.964775</timestamp>
			</report>
			<report>
				<misses>740001</misses>
				<total>734342</total>
				<timestamp>52.038778</timestamp>
			</report>
			<report>
				<misses>741001</misses>
				<total>735341</total>
				<timestamp>52.107424</timestamp>
			</report>
			<report>
				<misses>742001</misses>
				<total>736340</total>
				<timestamp>52.176922</timestamp>
			</report>
			<report>
				<misses>743001</misses>
				<total>737339</total>
				<timestamp>52.246414</timestamp>
			</report>
			<report>
				<misses>744001</misses>
				<total>738338</total>
				<timestamp>52.311462</timestamp>
			</report>
			<report>
				<misses>745001</misses>
				<total>739337</total>
				<timestamp>52.375430</timestamp>
			</report>
			<report>
				<misses>746001</misses>
				<total>740336</total>
				<timestamp>52.440486</timestamp>
			</report>
			<report>
				<misses>747001</misses>
				<total>741335</total>
				<timestamp>52.504937</timestamp>
			</report>
			<report>
				<misses>748001</misses>
				<total>742334</total>
				<timestamp>52.568956</timestamp>
			</report>
			<report>
				<misses>749001</misses>
				<total>743333</total>
				<timestamp>52.632622</timestamp>
			</report>
			<report>
				<misses>750001</misses>
				<total>744332</total>
				<timestamp>52.708420</timestamp>
			</report>
			<report>
				<misses>751001</misses>
				<total>745331</total>
				<timestamp>52.780557</timestamp>
			</report>
			<report>
				<misses>752001</misses>
				<total>746330</total>
				<timestamp>52.850086</timestamp>
			</report>
			<report>
				<misses>753001</misses>
				<total>747329</total>
				<timestamp>52.914537</timestamp>
			</report>
			<report>
				<misses>754001</misses>
				<total>748328</total>
				<timestamp>52.983159</timestamp>
			</report>
			<report>
				<misses>755001</misses>
				<total>749327</total>
				<timestamp>53.050962</timestamp>
			</report>
			<report>
				<misses>756001</misses>
				<total>750326</total>
				<timestamp>53.124927</timestamp>
			</report>
			<report>
				<misses>757001</misses>
				<total>751325</total>
				<timestamp>53.203115</timestamp>
			</report>
			<report>
				<misses>758001</misses>
				<total>752324</total>
				<timestamp>53.278912</timestamp>
			</report>
			<report>
				<misses>759001</misses>
				<total>753323</total>
				<timestamp>53.355963</timestamp>
			</report>
			<report>
				<misses>760001</misses>
				<total>754322</total>
				<timestamp>53.427834</timestamp>
			</report>
			<report>
				<misses>761001</misses>
				<total>755321</total>
				<timestamp>53.499408</timestamp>
			</report>
			<report>
				<misses>762001</misses>
				<total>756320</total>
				<timestamp>53.564127</timestamp>
			</report>
			<report>
				<misses>763001</misses>
				<total>757319</total>
				<timestamp>53.636804</timestamp>
			</report>
			<report>
				<misses>764001</misses>
				<total>758318</total>
				<timestamp>53.707938</timestamp>
			</report>
			<report>
				<misses>765001</misses>
				<total>759317</total>
				<timestamp>53.771748</timestamp>
			</report>
			<report>
				<misses>766001</misses>
				<total>760316</total>
				<timestamp>53.836013</timestamp>
			</report>
			<report>
				<misses>767001</misses>
				<total>761315</total>
				<timestamp>53.899996</timestamp>
			</report>
			<report>
				<misses>768001</misses>
				<total>762314</total>
				<timestamp>53.964537</timestamp>
			</report>
			<report>
				<misses>769001</misses>
				<total>763313</total>
				<timestamp>54.032146</timestamp>
			</report>
			<report>
				<misses>770001</misses>
				<total>764312</total>
				<timestamp>54.103562</timestamp>
			</report>
			<report>
				<misses>771001</misses>
				<total>765311</total>
				<timestamp>54.188130</timestamp>
			</report>
			<report>
				<misses>772001</misses>
				<total>766310</total>
				<timestamp>54.263847</timestamp>
			</report>
			<report>
				<misses>773001</misses>
				<total>767309</total>
				<timestamp>54.335570</timestamp>
			</report>
			<report>
				<misses>774001</misses>
				<total>768308</total>
				<timestamp>54.404670</timestamp>
			</report>
			<report>
				<misses>775001</misses>
				<total>769307</total>
				<timestamp>54.478245</timestamp>
			</report>
			<report>
				<misses>776001</misses>
				<total>770306</total>
				<timestamp>54.543192</timestamp>
			</report>
			<report>
				<misses>777001</misses>
				<total>771305</total>
				<timestamp>54.615138</timestamp>
			</report>
			<report>
				<misses>778001</misses>
				<total>772304</total>
				<timestamp>54.680089</timestamp>
			</report>
			<report>
				<misses>779001</misses>
				<total>773303</total>
				<timestamp>54.743758</timestamp>
			</report>
			<report>
				<misses>780001</misses>
				<total>774302</total>
				<timestamp>54.807483</timestamp>
			</report>
			<report>
				<misses>781001</misses>
				<total>775301</total>
				<timestamp>54.874213</timestamp>
			</report>
			<report>
				<misses>782001</misses>
				<total>776300</total>
				<timestamp>54.944818</timestamp>
			</report>
			<report>
				<misses>783001</misses>
				<total>777299</total>
				<timestamp>55.012544</timestamp>
			</report>
			<report>
				<misses>784001</misses>
				<total>778298</total>
				<timestamp>55.079624</timestamp>
			</report>
			<report>
				<misses>785001</misses>
				<total>779297</total>
				<timestamp>55.143141</timestamp>
			</report>
			<report>
				<misses>786001</misses>
				<total>780296</total>
				<timestamp>55.207515</timestamp>
			</report>
			<report>
				<misses>787001</misses>
				<total>781295</total>
				<timestamp>55.274416</timestamp>
			</report>
			<report>
				<misses>788001</misses>
				<total>782294</total>
				<timestamp>55.337987</timestamp>
			</report>
			<report>
				<misses>789001</misses>
				<total>783293</total>
				<timestamp>55.401743</timestamp>
			</report>
			<report>
				<misses>790001</misses>
				<total>784292</total>
				<timestamp>55.470684</timestamp>
			</report>
			<report>
				<misses>791001</misses>
				<total>785291</total>
				<timestamp>55.538352</timestamp>
			</report>
			<report>
				<misses>792001</misses>
				<total>786290</total>
				<timestamp>55.609807</timestamp>
			</report>
			<report>
				<misses>793001</misses>
				<total>787289</total>
				<timestamp>55.685613</timestamp>
			</report>
			<report>
				<misses>794001</misses>
				<total>788288</total>
				<timestamp>55.754724</timestamp>
			</report>
			<report>
				<misses>795001</misses>
				<total>789287</total>
				<timestamp>55.819587</timestamp>
			</report>
			<report>
				<misses>796001</misses>
				<total>790286</total>
				<timestamp>55.886057</timestamp>
			</report>
			<report>
				<misses>797001</misses>
				<total>791285</total>
				<timestamp>55.958651</timestamp>
			</report>
			<report>
				<misses>798001</misses>
				<total>792284</total>
				<timestamp>56.031091</timestamp>
			</report>
			<report>
				<misses>799001</misses>
				<total>793283</total>
				<timestamp>56.100618</timestamp>
			</report>
			<report>
				<misses>800001</misses>
				<total>794282</total>
				<timestamp>56.169989</timestamp>
			</report>
			<report>
				<misses>801001</misses>
				<total>795281</total>
				<timestamp>56.250039</timestamp>
			</report>
			<report>
				<misses>802001</misses>
				<total>796280</total>
				<timestamp>56.319055</timestamp>
			</report>
			<report>
				<misses>803001</misses>
				<total>797279</total>
				<timestamp>56.386486</timestamp>
			</report>
			<report>
				<misses>804001</misses>
				<total>798278</total>
				<timestamp>56.453786</timestamp>
			</report>
			<report>
				<misses>805001</misses>
				<total>799277</total>
				<timestamp>56.526544</timestamp>
			</report>
			<report>
				<misses>806001</misses>
				<total>800276</total>
				<timestamp>56.597957</timestamp>
			</report>
			<report>
				<misses>807001</misses>
				<total>801275</total>
				<timestamp>56.671087</timestamp>
			</report>
			<report>
				<misses>808001</misses>
				<total>802274</total>
				<timestamp>56.743385</timestamp>
			</report>
			<report>
				<misses>809001</misses>
				<total>803273</total>
				<timestamp>56.819461</timestamp>
			</report>
			<report>
				<misses>810001</misses>
				<total>804272</total>
				<timestamp>56.888380</timestamp>
			</report>
			<report>
				<misses>811001</misses>
				<total>805271</total>
				<timestamp>56.959639</timestamp>
			</report>
			<report>
				<misses>812001</misses>
				<total>806270</total>
				<timestamp>57.026599</timestamp>
			</report>
			<report>
				<misses>813001</misses>
				<total>807269</total>
				<timestamp>57.092062</timestamp>
			</report>
			<report>
				<misses>814001</misses>
				<total>808268</total>
				<timestamp>57.158809</timestamp>
			</report>
			<report>
				<misses>815001</misses>
				<total>809267</total>
				<timestamp>57.232434</timestamp>
			</report>
			<report>
				<misses>816001</misses>
				<total>810266</total>
				<timestamp>57.302045</timestamp>
			</report>
			<report>
				<misses>817001</misses>
				<total>811265</total>
				<timestamp>57.374596</timestamp>
			</report>
			<report>
				<misses>818001</misses>
				<total>812264</total>
				<timestamp>57.454765</timestamp>
			</report>
			<report>
				<misses>819001</misses>
				<total>813263</total>
				<timestamp>57.518505</timestamp>
			</report>
			<report>
				<misses>820001</misses>
				<total>814262</total>
				<timestamp>57.582353</timestamp>
			</report>
			<report>
				<misses>821001</misses>
				<total>815261</total>
				<timestamp>57.649783</timestamp>
			</report>
			<report>
				<misses>822001</misses>
				<total>816260</total>
				<timestamp>57.718895</timestamp>
			</report>
			<report>
				<misses>823001</misses>
				<total>817259</total>
				<timestamp>57.794114</timestamp>
			</report>
			<report>
				<misses>824001</misses>
				<total>818258</total>
				<timestamp>57.859430</timestamp>
			</report>
			<report>
				<misses>825001</misses>
				<total>819257</total>
				<timestamp>57.937719</timestamp>
			</report>
			<report>
				<misses>826001</misses>
				<total>820256</total>
				<timestamp>58.010652</timestamp>
			</report>
			<report>
				<misses>827001</misses>
				<total>821255</total>
				<timestamp>58.074456</timestamp>
			</report>
			<report>
				<misses>828001</misses>
				<total>822254</total>
				<timestamp>58.139633</timestamp>
			</report>
			<report>
				<misses>829001</misses>
				<total>823253</total>
				<timestamp>58.210202</timestamp>
			</report>
			<report>
				<misses>830001</misses>
				<total>824252</total>
				<timestamp>58.276611</timestamp>
			</report>
			<report>
				<misses>831001</misses>
				<total>825251</total>
				<timestamp>58.342307</timestamp>
			</report>
			<report>
				<misses>832001</misses>
				<total>826250</total>
				<timestamp>58.408455</timestamp>
			</report>
			<report>
				<misses>833001</misses>
				<total>827249</total>
				<timestamp>58.497895</timestamp>
			</report>
			<report>
				<misses>834001</misses>
				<total>828248</total>
				<timestamp>58.566628</timestamp>
			</report>
			<report>
				<misses>835001</misses>
				<total>829247</total>
				<timestamp>58.635764</timestamp>
			</report>
			<report>
				<misses>836001</misses>
				<total>830246</total>
				<timestamp>58.704512</timestamp>
			</report>
			<report>
				<misses>837001</misses>
				<total>831245</total>
				<timestamp>58.783490</timestamp>
			</report>
			<report>
				<misses>838001</misses>
				<total>832244</total>
				<timestamp>58.850498</timestamp>
			</report>
			<report>
				<misses>839001</misses>
				<total>833243</total>
				<timestamp>58.925805</timestamp>
			</report>
			<report>
				<misses>840001</misses>
				<total>834242</total>
				<timestamp>59.001539</timestamp>
			</report>
			<report>
				<misses>841001</misses>
				<total>835241</total>
				<timestamp>59.078019</timestamp>
			</report>
			<report>
				<misses>842001</misses>
				<total>836240</total>
				<timestamp>59.150013</timestamp>
			</report>
			<report>
				<misses>843001</misses>
				<total>837239</total>
				<timestamp>59.228782</timestamp>
			</report>
			<report>
				<misses>844001</misses>
				<total>838238</total>
				<timestamp>59.295655</timestamp>
			</report>
			<report>
				<misses>845001</misses>
				<total>839237</total>
				<timestamp>59.360617</timestamp>
			</report>
			<report>
				<misses>846001</misses>
				<total>840236</total>
				<timestamp>59.433584</timestamp>
			</report>
			<report>
				<misses>847001</misses>
				<total>841235</total>
				<timestamp>59.505109</timestamp>
			</report>
			<report>
				<misses>848001</misses>
				<total>842234</total>
				<timestamp>59.587551</timestamp>
			</report>
			<report>
				<misses>849001</misses>
				<total>843233</total>
				<timestamp>59.666978</timestamp>
			</report>
			<report>
				<misses>850001</misses>
				<total>844232</total>
				<timestamp>59.734462</timestamp>
			</report>
			<report>
				<misses>851001</misses>
				<total>845231</total>
				<timestamp>59.810606</timestamp>
			</report>
			<report>
				<misses>852001</misses>
				<total>846230</total>
				<timestamp>59.877334</timestamp>
			</report>
			<report>
				<misses>853001</misses>
				<total>847229</total>
				<timestamp>59.942154</timestamp>
			</report>
			<report>
				<misses>854001</misses>
				<total>848228</total>
				<timestamp>60.015018</timestamp>
			</report>
			<report>
				<misses>855001</misses>
				<total>849227</total>
				<timestamp>60.082417</timestamp>
			</report>
			<report>
				<misses>856001</misses>
				<total>850226</total>
				<timestamp>60.150559</timestamp>
			</report>
			<report>
				<misses>857001</misses>
				<total>851225</total>
				<timestamp>60.227446</timestamp>
			</report>
			<report>
				<misses>858001</misses>
				<total>852224</total>
				<timestamp>60.299576</timestamp>
			</report>
			<report>
				<misses>859001</misses>
				<total>853223</total>
				<timestamp>60.371822</timestamp>
			</report>
			<report>
				<misses>860001</misses>
				<total>854218</total>
				<timestamp>60.435452</timestamp>
			</report>
			<report>
				<misses>861001</misses>
				<total>855217</total>
				<timestamp>60.498951</timestamp>
			</report>
			<report>
				<misses>862001</misses>
				<total>856216</total>
				<timestamp>60.563650</timestamp>
			</report>
			<report>
				<misses>863001</misses>
				<total>857215</total>
				<timestamp>60.631372</timestamp>
			</report>
			<report>
				<misses>864001</misses>
				<total>858214</total>
				<timestamp>60.695486</timestamp>
			</report>
			<report>
				<misses>865001</misses>
				<total>859213</total>
				<timestamp>60.760065</timestamp>
			</report>
			<report>
				<misses>866001</misses>
				<total>860212</total>
				<timestamp>60.827664</timestamp>
			</report>
			<report>
				<misses>867001</misses>
				<total>861089</total>
				<timestamp>60.910599</timestamp>
			</report>
			<report>
				<misses>868001</misses>
				<total>861974</total>
				<timestamp>60.982738</timestamp>
			</report>
			<report>
				<misses>869001</misses>
				<total>862973</total>
				<timestamp>61.049942</timestamp>
			</report>
			<report>
				<misses>870001</misses>
				<total>863972</total>
				<timestamp>61.114075</timestamp>
			</report>
			<report>
				<misses>871001</misses>
				<total>864971</total>
				<timestamp>61.179045</timestamp>
			</report>
			<report>
				<misses>872001</misses>
				<total>865970</total>
				<timestamp>61.245178</timestamp>
			</report>
			<report>
				<misses>873001</misses>
				<total>866969</total>
				<timestamp>61.309064</timestamp>
			</report>
			<report>
				<misses>874001</misses>
				<total>867968</total>
				<timestamp>61.378776</timestamp>
			</report>
			<report>
				<misses>875001</misses>
				<total>868967</total>
				<timestamp>61.457427</timestamp>
			</report>
			<report>
				<misses>876001</misses>
				<total>869966</total>
				<timestamp>61.537110</timestamp>
			</report>
			<report>
				<misses>877001</misses>
				<total>870965</total>
				<timestamp>61.602931</timestamp>
			</report>
			<report>
				<misses>878001</misses>
				<total>871964</total>
				<timestamp>61.667449</timestamp>
			</report>
			<report>
				<misses>879001</misses>
				<total>872963</total>
				<timestamp>61.730967</timestamp>
			</report>
			<report>
				<misses>880001</misses>
				<total>873962</total>
				<timestamp>61.794439</timestamp>
			</report>
			<report>
				<misses>881001</misses>
				<total>874961</total>
				<timestamp>61.860457</timestamp>
			</report>
			<report>
				<misses>882001</misses>
				<total>875960</total>
				<timestamp>61.928408</timestamp>
			</report>
			<report>
				<misses>883001</misses>
				<total>876959</total>
				<timestamp>61.996388</timestamp>
			</report>
			<report>
				<misses>884001</misses>
				<total>877958</total>
				<timestamp>62.061988</timestamp>
			</report>
			<report>
				<misses>885001</misses>
				<total>878957</total>
				<timestamp>62.125894</timestamp>
			</report>
			<report>
				<misses>886001</misses>
				<total>879956</total>
				<timestamp>62.194883</timestamp>
			</report>
			<report>
				<misses>887001</misses>
				<total>880955</total>
				<timestamp>62.260047</timestamp>
			</report>
			<report>
				<misses>888001</misses>
				<total>881954</total>
				<timestamp>62.324071</timestamp>
			</report>
			<report>
				<misses>889001</misses>
				<total>882953</total>
				<timestamp>62.390375</timestamp>
			</report>
			<report>
				<misses>890001</misses>
				<total>883952</total>
				<timestamp>62.457360</timestamp>
			</report>
			<report>
				<misses>891001</misses>
				<total>884951</total>
				<timestamp>62.528952</timestamp>
			</report>
			<report>
				<misses>892001</misses>
				<total>885950</total>
				<timestamp>62.599365</timestamp>
			</report>
			<report>
				<misses>893001</misses>
				<total>886949</total>
				<timestamp>62.665843</timestamp>
			</report>
			<report>
				<misses>894001</misses>
				<total>887948</total>
				<timestamp>62.733283</timestamp>
			</report>
			<report>
				<misses>895001</misses>
				<total>888947</total>
				<timestamp>62.803087</timestamp>
			</report>
			<report>
				<misses>896001</misses>
				<total>889946</total>
				<timestamp>62.873732</timestamp>
			</report>
			<report>
				<misses>897001</misses>
				<total>890945</total>
				<timestamp>62.936309</timestamp>
			</report>
			<report>
				<misses>898001</misses>
				<total>891944</total>
				<timestamp>62.999080</timestamp>
			</report>
			<report>
				<misses>899001</misses>
				<total>892943</total>
				<timestamp>63.062452</timestamp>
			</report>
			<report>
				<misses>900001</misses>
				<total>893942</total>
				<timestamp>63.126632</timestamp>
			</report>
			<report>
				<misses>901001</misses>
				<total>894941</total>
				<timestamp>63.189743</timestamp>
			</report>
			<report>
				<misses>902001</misses>
				<total>895940</total>
				<timestamp>63.253789</timestamp>
			</report>
			<report>
				<misses>903001</misses>
				<total>896939</total>
				<timestamp>63.318565</timestamp>
			</report>
			<report>
				<misses>904001</misses>
				<total>897938</total>
				<timestamp>63.382835</timestamp>
			</report>
			<report>
				<misses>905001</misses>
				<total>898937</total>
				<timestamp>63.445881</timestamp>
			</report>
			<report>
				<misses>906001</misses>
				<total>899936</total>
				<timestamp>63.509931</timestamp>
			</report>
			<report>
				<misses>907001</misses>
				<total>900935</total>
				<timestamp>63.573704</timestamp>
			</report>
			<report>
				<misses>908001</misses>
				<total>901934</total>
				<timestamp>63.638545</timestamp>
			</report>
			<report>
				<misses>909001</misses>
				<total>902933</total>
				<timestamp>63.703330</timestamp>
			</report>
			<report>
				<misses>910001</misses>
				<total>903932</total>
				<timestamp>63.769556</timestamp>
			</report>
			<report>
				<misses>911001</misses>
				<total>904931</total>
				<timestamp>63.833608</timestamp>
			</report>
			<report>
				<misses>912001</misses>
				<total>905930</total>
				<timestamp>63.898033</timestamp>
			</report>
			<report>
				<misses>913001</misses>
				<total>906929</total>
				<timestamp>63.962558</timestamp>
			</report>
			<report>
				<misses>914001</misses>
				<total>907928</total>
				<timestamp>64.027434</timestamp>
			</report>
			<report>
				<misses>915001</misses>
				<total>908927</total>
				<timestamp>64.105443</timestamp>
			</report>
			<report>
				<misses>916001</misses>
				<total>909926</total>
				<timestamp>64.182463</timestamp>
			</report>
			<report>
				<misses>917001</misses>
				<total>910925</total>
				<timestamp>64.246370</timestamp>
			</report>
			<report>
				<misses>918001</misses>
				<total>911924</total>
				<timestamp>64.323970</timestamp>
			</report>
			<report>
				<misses>919001</misses>
				<total>912923</total>
				<timestamp>64.394302</timestamp>
			</report>
			<report>
				<misses>920001</misses>
				<total>913922</total>
				<timestamp>64.476732</timestamp>
			</report>
			<report>
				<misses>921001</misses>
				<total>914921</total>
				<timestamp>64.555329</timestamp>
			</report>
			<report>
				<misses>922001</misses>
				<total>915920</total>
				<timestamp>64.628961</timestamp>
			</report>
			<report>
				<misses>923001</misses>
				<total>916919</total>
				<timestamp>64.693352</timestamp>
			</report>
			<report>
				<misses>924001</misses>
				<total>917918</total>
				<timestamp>64.757980</timestamp>
			</report>
			<report>
				<misses>925001</misses>
				<total>918917</total>
				<timestamp>64.825500</timestamp>
			</report>
			<report>
				<misses>926001</misses>
				<total>919916</total>
				<timestamp>64.891617</timestamp>
			</report>
			<report>
				<misses>927001</misses>
				<total>920915</total>
				<timestamp>64.955555</timestamp>
			</report>
			<report>
				<misses>928001</misses>
				<total>921914</total>
				<timestamp>65.030644</timestamp>
			</report>
			<report>
				<misses>929001</misses>
				<total>922913</total>
				<timestamp>65.111560</timestamp>
			</report>
			<report>
				<misses>930001</misses>
				<total>923912</total>
				<timestamp>65.187753</timestamp>
			</report>
			<report>
				<misses>931001</misses>
				<total>924911</total>
				<timestamp>65.259117</timestamp>
			</report>
			<report>
				<misses>932001</misses>
				<total>925910</total>
				<timestamp>65.329606</timestamp>
			</report>
			<report>
				<misses>933001</misses>
				<total>926909</total>
				<timestamp>65.394566</timestamp>
			</report>
			<report>
				<misses>934001</misses>
				<total>927908</total>
				<timestamp>65.462718</timestamp>
			</report>
			<report>
				<misses>935001</misses>
				<total>928907</total>
				<timestamp>65.544367</timestamp>
			</report>
			<report>
				<misses>936001</misses>
				<total>929906</total>
				<timestamp>65.609542</timestamp>
			</report>
			<report>
				<misses>937001</misses>
				<total>930905</total>
				<timestamp>65.684105</timestamp>
			</report>
			<report>
				<misses>938001</misses>
				<total>931904</total>
				<timestamp>65.755732</timestamp>
			</report>
			<report>
				<misses>939001</misses>
				<total>932903</total>
				<timestamp>65.819977</timestamp>
			</report>
			<report>
				<misses>940001</misses>
				<total>933902</total>
				<timestamp>65.890311</timestamp>
			</report>
			<report>
				<misses>941001</misses>
				<total>934901</total>
				<timestamp>65.964423</timestamp>
			</report>
			<report>
				<misses>942001</misses>
				<total>935900</total>
				<timestamp>66.032784</timestamp>
			</report>
			<report>
				<misses>943001</misses>
				<total>936899</total>
				<timestamp>66.102819</timestamp>
			</report>
			<report>
				<misses>944001</misses>
				<total>937898</total>
				<timestamp>66.171476</timestamp>
			</report>
			<report>
				<misses>945001</misses>
				<total>938897</total>
				<timestamp>66.235650</timestamp>
			</report>
			<report>
				<misses>946001</misses>
				<total>939896</total>
				<timestamp>66.302755</timestamp>
			</report>
			<report>
				<misses>947001</misses>
				<total>940895</total>
				<timestamp>66.371345</timestamp>
			</report>
			<report>
				<misses>948001</misses>
				<total>941894</total>
				<timestamp>66.436879</timestamp>
			</report>
			<report>
				<misses>949001</misses>
				<total>942893</total>
				<timestamp>66.502099</timestamp>
			</report>
			<report>
				<misses>950001</misses>
				<total>943892</total>
				<timestamp>66.569329</timestamp>
			</report>
			<report>
				<misses>951001</misses>
				<total>944891</total>
				<timestamp>66.637356</timestamp>
			</report>
			<report>
				<misses>952001</misses>
				<total>945890</total>
				<timestamp>66.706468</timestamp>
			</report>
			<report>
				<misses>953001</misses>
				<total>946889</total>
				<timestamp>66.770641</timestamp>
			</report>
			<report>
				<misses>954001</misses>
				<total>947888</total>
				<timestamp>66.836115</timestamp>
			</report>
			<report>
				<misses>955001</misses>
				<total>948887</total>
				<timestamp>66.905767</timestamp>
			</report>
			<report>
				<misses>956001</misses>
				<total>949886</total>
				<timestamp>66.977408</timestamp>
			</report>
			<report>
				<misses>957001</misses>
				<total>950885</total>
				<timestamp>67.054976</timestamp>
			</report>
			<report>
				<misses>958001</misses>
				<total>951884</total>
				<timestamp>67.125042</timestamp>
			</report>
			<report>
				<misses>959001</misses>
				<total>952883</total>
				<timestamp>67.196736</timestamp>
			</report>
			<report>
				<misses>960001</misses>
				<total>953882</total>
				<timestamp>67.275455</timestamp>
			</report>
			<report>
				<misses>961001</misses>
				<total>954881</total>
				<timestamp>67.353907</timestamp>
			</report>
			<report>
				<misses>962001</misses>
				<total>955880</total>
				<timestamp>67.421629</timestamp>
			</report>
			<report>
				<misses>963001</misses>
				<total>956879</total>
				<timestamp>67.497270</timestamp>
			</report>
			<report>
				<misses>964001</misses>
				<total>957878</total>
				<timestamp>67.567935</timestamp>
			</report>
			<report>
				<misses>965001</misses>
				<total>958877</total>
				<timestamp>67.632058</timestamp>
			</report>
			<report>
				<misses>966001</misses>
				<total>959876</total>
				<timestamp>67.695730</timestamp>
			</report>
			<report>
				<misses>967001</misses>
				<total>960875</total>
				<timestamp>67.768745</timestamp>
			</report>
			<report>
				<misses>968001</misses>
				<total>961874</total>
				<timestamp>67.844406</timestamp>
			</report>
			<report>
				<misses>969001</misses>
				<total>962873</total>
				<timestamp>67.917629</timestamp>
			</report>
			<report>
				<misses>970001</misses>
				<total>963872</total>
				<timestamp>67.988838</timestamp>
			</report>
			<report>
				<misses>971001</misses>
				<total>964871</total>
				<timestamp>68.052507</timestamp>
			</report>
			<report>
				<misses>972001</misses>
				<total>965870</total>
				<timestamp>68.116853</timestamp>
			</report>
			<report>
				<misses>973001</misses>
				<total>966869</total>
				<timestamp>68.182313</timestamp>
			</report>
			<report>
				<misses>974001</misses>
				<total>967868</total>
				<timestamp>68.247143</timestamp>
			</report>
			<report>
				<misses>975001</misses>
				<total>968867</total>
				<timestamp>68.311349</timestamp>
			</report>
			<report>
				<misses>976001</misses>
				<total>969866</total>
				<timestamp>68.381498</timestamp>
			</report>
			<report>
				<misses>977001</misses>
				<total>970865</total>
				<timestamp>68.445416</timestamp>
			</report>
			<report>
				<misses>978001</misses>
				<total>971864</total>
				<timestamp>68.513784</timestamp>
			</report>
			<report>
				<misses>979001</misses>
				<total>972863</total>
				<timestamp>68.579638</timestamp>
			</report>
			<report>
				<misses>980001</misses>
				<total>973862</total>
				<timestamp>68.645693</timestamp>
			</report>
			<report>
				<misses>981001</misses>
				<total>974861</total>
				<timestamp>68.717616</timestamp>
			</report>
			<report>
				<misses>982001</misses>
				<total>975860</total>
				<timestamp>68.784015</timestamp>
			</report>
			<report>
				<misses>983001</misses>
				<total>976859</total>
				<timestamp>68.848364</timestamp>
			</report>
			<report>
				<misses>984001</misses>
				<total>977858</total>
				<timestamp>68.926059</timestamp>
			</report>
			<report>
				<misses>985001</misses>
				<total>978857</total>
				<timestamp>68.992577</timestamp>
			</report>
			<report>
				<misses>986001</misses>
				<total>979856</total>
				<timestamp>69.070613</timestamp>
			</report>
			<report>
				<misses>987001</misses>
				<total>980855</total>
				<timestamp>69.135896</timestamp>
			</report>
			<report>
				<misses>988001</misses>
				<total>981854</total>
				<timestamp>69.199712</timestamp>
			</report>
			<report>
				<misses>989001</misses>
				<total>982853</total>
				<timestamp>69.270971</timestamp>
			</report>
			<report>
				<misses>990001</misses>
				<total>983852</total>
				<timestamp>69.334862</timestamp>
			</report>
			<report>
				<misses>991001</misses>
				<total>984851</total>
				<timestamp>69.398420</timestamp>
			</report>
			<report>
				<misses>992001</misses>
				<total>985850</total>
				<timestamp>69.462933</timestamp>
			</report>
			<report>
				<misses>993001</misses>
				<total>986849</total>
				<timestamp>69.532103</timestamp>
			</report>
			<report>
				<misses>994001</misses>
				<total>987848</total>
				<timestamp>69.596074</timestamp>
			</report>
			<report>
				<misses>995001</misses>
				<total>988847</total>
				<timestamp>69.678313</timestamp>
			</report>
			<report>
				<misses>996001</misses>
				<total>989846</total>
				<timestamp>69.745686</timestamp>
			</report>
			<report>
				<misses>997001</misses>
				<total>990845</total>
				<timestamp>69.817466</timestamp>
			</report>
			<report>
				<misses>998001</misses>
				<total>991844</total>
				<timestamp>69.885404</timestamp>
			</report>
			<report>
				<misses>999001</misses>
				<total>992843</total>
				<timestamp>69.951675</timestamp>
			</report>
			<report>
				<misses>1000001</misses>
				<total>993842</total>
				<timestamp>70.023642</timestamp>
			</report>
			<report>
				<misses>1001001</misses>
				<total>994841</total>
				<timestamp>70.088985</timestamp>
			</report>
			<report>
				<misses>1002001</misses>
				<total>995840</total>
				<timestamp>70.161722</timestamp>
			</report>
			<report>
				<misses>1003001</misses>
				<total>996839</total>
				<timestamp>70.228320</timestamp>
			</report>
			<report>
				<misses>1004001</misses>
				<total>997838</total>
				<timestamp>70.295957</timestamp>
			</report>
			<report>
				<misses>1005001</misses>
				<total>998837</total>
				<timestamp>70.373602</timestamp>
			</report>
			<report>
				<misses>1006001</misses>
				<total>999836</total>
				<timestamp>70.456358</timestamp>
			</report>
			<report>
				<misses>1007001</misses>
				<total>1000835</total>
				<timestamp>70.525640</timestamp>
			</report>
			<report>
				<misses>1008001</misses>
				<total>1001834</total>
				<timestamp>70.589729</timestamp>
			</report>
			<report>
				<misses>1009001</misses>
				<total>1002833</total>
				<timestamp>70.655609</timestamp>
			</report>
			<report>
				<misses>1010001</misses>
				<total>1003832</total>
				<timestamp>70.721048</timestamp>
			</report>
			<report>
				<misses>1011001</misses>
				<total>1004831</total>
				<timestamp>70.785570</timestamp>
			</report>
			<report>
				<misses>1012001</misses>
				<total>1005830</total>
				<timestamp>70.856400</timestamp>
			</report>
			<report>
				<misses>1013001</misses>
				<total>1006829</total>
				<timestamp>70.930870</timestamp>
			</report>
			<report>
				<misses>1014001</misses>
				<total>1007828</total>
				<timestamp>71.007839</timestamp>
			</report>
			<report>
				<misses>1015001</misses>
				<total>1008827</total>
				<timestamp>71.081620</timestamp>
			</report>
			<report>
				<misses>1016001</misses>
				<total>1009826</total>
				<timestamp>71.160574</timestamp>
			</report>
			<report>
				<misses>1017001</misses>
				<total>1010825</total>
				<timestamp>71.230242</timestamp>
			</report>
			<report>
				<misses>1018001</misses>
				<total>1011824</total>
				<timestamp>71.300389</timestamp>
			</report>
			<report>
				<misses>1019001</misses>
				<total>1012823</total>
				<timestamp>71.366537</timestamp>
			</report>
			<report>
				<misses>1020001</misses>
				<total>1013822</total>
				<timestamp>71.438720</timestamp>
			</report>
			<report>
				<misses>1021001</misses>
				<total>1014821</total>
				<timestamp>71.506523</timestamp>
			</report>
			<report>
				<misses>1022001</misses>
				<total>1015820</total>
				<timestamp>71.570393</timestamp>
			</report>
			<report>
				<misses>1023001</misses>
				<total>1016819</total>
				<timestamp>71.637550</timestamp>
			</report>
			<report>
				<misses>1024001</misses>
				<total>1017818</total>
				<timestamp>71.711659</timestamp>
			</report>
			<report>
				<misses>1025001</misses>
				<total>1018817</total>
				<timestamp>71.776077</timestamp>
			</report>
			<report>
				<misses>1026001</misses>
				<total>1019816</total>
				<timestamp>71.840534</timestamp>
			</report>
			<report>
				<misses>1027001</misses>
				<total>1020815</total>
				<timestamp>71.903581</timestamp>
			</report>
			<report>
				<misses>1028001</misses>
				<total>1021814</total>
				<timestamp>71.965950</timestamp>
			</report>
			<report>
				<misses>1029001</misses>
				<total>1022813</total>
				<timestamp>72.028584</timestamp>
			</report>
			<report>
				<misses>1030001</misses>
				<total>1023812</total>
				<timestamp>72.091606</timestamp>
			</report>
			<report>
				<misses>1031001</misses>
				<total>1024811</total>
				<timestamp>72.162848</timestamp>
			</report>
			<report>
				<misses>1032001</misses>
				<total>1025810</total>
				<timestamp>72.225989</timestamp>
			</report>
			<report>
				<misses>1033001</misses>
				<total>1026809</total>
				<timestamp>72.288987</timestamp>
			</report>
			<report>
				<misses>1034001</misses>
				<total>1027808</total>
				<timestamp>72.352999</timestamp>
			</report>
			<report>
				<misses>1035001</misses>
				<total>1028807</total>
				<timestamp>72.416871</timestamp>
			</report>
			<report>
				<misses>1036001</misses>
				<total>1029806</total>
				<timestamp>72.483037</timestamp>
			</report>
			<report>
				<misses>1037001</misses>
				<total>1030805</total>
				<timestamp>72.558366</timestamp>
			</report>
			<report>
				<misses>1038001</misses>
				<total>1031804</total>
				<timestamp>72.637616</timestamp>
			</report>
			<report>
				<misses>1039001</misses>
				<total>1032803</total>
				<timestamp>72.702846</timestamp>
			</report>
			<report>
				<misses>1040001</misses>
				<total>1033802</total>
				<timestamp>72.767846</timestamp>
			</report>
			<report>
				<misses>1041001</misses>
				<total>1034801</total>
				<timestamp>72.841562</timestamp>
			</report>
			<report>
				<misses>1042001</misses>
				<total>1035800</total>
				<timestamp>72.905693</timestamp>
			</report>
			<report>
				<misses>1043001</misses>
				<total>1036799</total>
				<timestamp>72.976392</timestamp>
			</report>
			<report>
				<misses>1044001</misses>
				<total>1037798</total>
				<timestamp>73.041770</timestamp>
			</report>
			<report>
				<misses>1045001</misses>
				<total>1038797</total>
				<timestamp>73.106576</timestamp>
			</report>
			<report>
				<misses>1046001</misses>
				<total>1039796</total>
				<timestamp>73.182112</timestamp>
			</report>
			<report>
				<misses>1047001</misses>
				<total>1040795</total>
				<timestamp>73.253525</timestamp>
			</report>
			<report>
				<misses>1048001</misses>
				<total>1041794</total>
				<timestamp>73.315981</timestamp>
			</report>
			<report>
				<misses>1049001</misses>
				<total>1042793</total>
				<timestamp>73.393569</timestamp>
			</report>
			<report>
				<misses>1050001</misses>
				<total>1043792</total>
				<timestamp>73.477305</timestamp>
			</report>
			<report>
				<misses>1051001</misses>
				<total>1044791</total>
				<timestamp>73.552626</timestamp>
			</report>
			<report>
				<misses>1052001</misses>
				<total>1045790</total>
				<timestamp>73.620697</timestamp>
			</report>
			<report>
				<misses>1053001</misses>
				<total>1046789</total>
				<timestamp>73.684954</timestamp>
			</report>
			<report>
				<misses>1054001</misses>
				<total>1047788</total>
				<timestamp>73.751279</timestamp>
			</report>
			<report>
				<misses>1055001</misses>
				<total>1048787</total>
				<timestamp>73.826473</timestamp>
			</report>
			<report>
				<misses>1056001</misses>
				<total>1049786</total>
				<timestamp>73.891881</timestamp>
			</report>
			<report>
				<misses>1057001</misses>
				<total>1050785</total>
				<timestamp>73.956575</timestamp>
			</report>
			<report>
				<misses>1058001</misses>
				<total>1051784</total>
				<timestamp>74.026002</timestamp>
			</report>
			<report>
				<misses>1059001</misses>
				<total>1052783</total>
				<timestamp>74.103058</timestamp>
			</report>
			<report>
				<misses>1060001</misses>
				<total>1053782</total>
				<timestamp>74.173488</timestamp>
			</report>
			<report>
				<misses>1061001</misses>
				<total>1054781</total>
				<timestamp>74.241800</timestamp>
			</report>
			<report>
				<misses>1062001</misses>
				<total>1055780</total>
				<timestamp>74.305359</timestamp>
			</report>
			<report>
				<misses>1063001</misses>
				<total>1056779</total>
				<timestamp>74.368945</timestamp>
			</report>
			<report>
				<misses>1064001</misses>
				<total>1057778</total>
				<timestamp>74.434901</timestamp>
			</report>
			<report>
				<misses>1065001</misses>
				<total>1058777</total>
				<timestamp>74.506259</timestamp>
			</report>
			<report>
				<misses>1066001</misses>
				<total>1059776</total>
				<timestamp>74.573834</timestamp>
			</report>
			<report>
				<misses>1067001</misses>
				<total>1060775</total>
				<timestamp>74.638050</timestamp>
			</report>
			<report>
				<misses>1068001</misses>
				<total>1061774</total>
				<timestamp>74.702063</timestamp>
			</report>
			<report>
				<misses>1069001</misses>
				<total>1062773</total>
				<timestamp>74.770316</timestamp>
			</report>
			<report>
				<misses>1070001</misses>
				<total>1063772</total>
				<timestamp>74.851371</timestamp>
			</report>
			<report>
				<misses>1071001</misses>
				<total>1064771</total>
				<timestamp>74.927768</timestamp>
			</report>
			<report>
				<misses>1072001</misses>
				<total>1065770</total>
				<timestamp>74.998333</timestamp>
			</report>
			<report>
				<misses>1073001</misses>
				<total>1066769</total>
				<timestamp>75.067287</timestamp>
			</report>
			<report>
				<misses>1074001</misses>
				<total>1067768</total>
				<timestamp>75.144588</timestamp>
			</report>
			<report>
				<misses>1075001</misses>
				<total>1068767</total>
				<timestamp>75.219621</timestamp>
			</report>
			<report>
				<misses>1076001</misses>
				<total>1069766</total>
				<timestamp>75.299287</timestamp>
			</report>
			<report>
				<misses>1077001</misses>
				<total>1070765</total>
				<timestamp>75.377679</timestamp>
			</report>
			<report>
				<misses>1078001</misses>
				<total>1071764</total>
				<timestamp>75.451571</timestamp>
			</report>
			<report>
				<misses>1079001</misses>
				<total>1072763</total>
				<timestamp>75.525587</timestamp>
			</report>
			<report>
				<misses>1080001</misses>
				<total>1073762</total>
				<timestamp>75.595108</timestamp>
			</report>
			<report>
				<misses>1081001</misses>
				<total>1074761</total>
				<timestamp>75.659369</timestamp>
			</report>
			<report>
				<misses>1082001</misses>
				<total>1075760</total>
				<timestamp>75.737481</timestamp>
			</report>
			<report>
				<misses>1083001</misses>
				<total>1076759</total>
				<timestamp>75.802445</timestamp>
			</report>
			<report>
				<misses>1084001</misses>
				<total>1077758</total>
				<timestamp>75.867101</timestamp>
			</report>
			<report>
				<misses>1085001</misses>
				<total>1078757</total>
				<timestamp>75.930603</timestamp>
			</report>
			<report>
				<misses>1086001</misses>
				<total>1079756</total>
				<timestamp>76.004511</timestamp>
			</report>
			<report>
				<misses>1087001</misses>
				<total>1080755</total>
				<timestamp>76.076992</timestamp>
			</report>
			<report>
				<misses>1088001</misses>
				<total>1081754</total>
				<timestamp>76.151601</timestamp>
			</report>
			<report>
				<misses>1089001</misses>
				<total>1082753</total>
				<timestamp>76.231744</timestamp>
			</report>
			<report>
				<misses>1090001</misses>
				<total>1083752</total>
				<timestamp>76.309572</timestamp>
			</report>
			<report>
				<misses>1091001</misses>
				<total>1084751</total>
				<timestamp>76.378796</timestamp>
			</report>
			<report>
				<misses>1092001</misses>
				<total>1085750</total>
				<timestamp>76.449412</timestamp>
			</report>
			<report>
				<misses>1093001</misses>
				<total>1086749</total>
				<timestamp>76.513281</timestamp>
			</report>
			<report>
				<misses>1094001</misses>
				<total>1087748</total>
				<timestamp>76.578663</timestamp>
			</report>
			<report>
				<misses>1095001</misses>
				<total>1088747</total>
				<timestamp>76.645288</timestamp>
			</report>
			<report>
				<misses>1096001</misses>
				<total>1089746</total>
				<timestamp>76.714996</timestamp>
			</report>
			<report>
				<misses>1097001</misses>
				<total>1090745</total>
				<timestamp>76.782215</timestamp>
			</report>
			<report>
				<misses>1098001</misses>
				<total>1091744</total>
				<timestamp>76.855579</timestamp>
			</report>
			<report>
				<misses>1099001</misses>
				<total>1092743</total>
				<timestamp>76.919339</timestamp>
			</report>
			<report>
				<misses>1100001</misses>
				<total>1093742</total>
				<timestamp>76.983076</timestamp>
			</report>
			<report>
				<misses>1101001</misses>
				<total>1094741</total>
				<timestamp>77.055690</timestamp>
			</report>
			<report>
				<misses>1102001</misses>
				<total>1095740</total>
				<timestamp>77.134384</timestamp>
			</report>
			<report>
				<misses>1103001</misses>
				<total>1096739</total>
				<timestamp>77.204479</timestamp>
			</report>
			<report>
				<misses>1104001</misses>
				<total>1097738</total>
				<timestamp>77.270031</timestamp>
			</report>
			<report>
				<misses>1105001</misses>
				<total>1098737</total>
				<timestamp>77.335333</timestamp>
			</report>
			<report>
				<misses>1106001</misses>
				<total>1099736</total>
				<timestamp>77.406453</timestamp>
			</report>
			<report>
				<misses>1107001</misses>
				<total>1100735</total>
				<timestamp>77.489383</timestamp>
			</report>
			<report>
				<misses>1108001</misses>
				<total>1101734</total>
				<timestamp>77.571656</timestamp>
			</report>
			<report>
				<misses>1109001</misses>
				<total>1102733</total>
				<timestamp>77.646572</timestamp>
			</report>
			<report>
				<misses>1110001</misses>
				<total>1103732</total>
				<timestamp>77.713731</timestamp>
			</report>
			<report>
				<misses>1111001</misses>
				<total>1104731</total>
				<timestamp>77.777645</timestamp>
			</report>
			<report>
				<misses>1112001</misses>
				<total>1105730</total>
				<timestamp>77.841577</timestamp>
			</report>
			<report>
				<misses>1113001</misses>
				<total>1106729</total>
				<timestamp>77.904826</timestamp>
			</report>
			<report>
				<misses>1114001</misses>
				<total>1107728</total>
				<timestamp>77.969865</timestamp>
			</report>
			<report>
				<misses>1115001</misses>
				<total>1108727</total>
				<timestamp>78.032439</timestamp>
			</report>
			<report>
				<misses>1116001</misses>
				<total>1109726</total>
				<timestamp>78.094972</timestamp>
			</report>
			<report>
				<misses>1117001</misses>
				<total>1110725</total>
				<timestamp>78.156728</timestamp>
			</report>
			<report>
				<misses>1118001</misses>
				<total>1111724</total>
				<timestamp>78.221800</timestamp>
			</report>
			<report>
				<misses>1119001</misses>
				<total>1112723</total>
				<timestamp>78.285251</timestamp>
			</report>
			<report>
				<misses>1120001</misses>
				<total>1113722</total>
				<timestamp>78.349566</timestamp>
			</report>
			<report>
				<misses>1121001</misses>
				<total>1114721</total>
				<timestamp>78.414049</timestamp>
			</report>
			<report>
				<misses>1122001</misses>
				<total>1115720</total>
				<timestamp>78.490642</timestamp>
			</report>
			<report>
				<misses>1123001</misses>
				<total>1116719</total>
				<timestamp>78.562420</timestamp>
			</report>
			<report>
				<misses>1124001</misses>
				<total>1117718</total>
				<timestamp>78.626293</timestamp>
			</report>
			<report>
				<misses>1125001</misses>
				<total>1118717</total>
				<timestamp>78.702876</timestamp>
			</report>
			<report>
				<misses>1126001</misses>
				<total>1119716</total>
				<timestamp>78.777240</timestamp>
			</report>
			<report>
				<misses>1127001</misses>
				<total>1120715</total>
				<timestamp>78.841582</timestamp>
			</report>
			<report>
				<misses>1128001</misses>
				<total>1121714</total>
				<timestamp>78.905251</timestamp>
			</report>
			<report>
				<misses>1129001</misses>
				<total>1122713</total>
				<timestamp>78.968850</timestamp>
			</report>
			<report>
				<misses>1130001</misses>
				<total>1123712</total>
				<timestamp>79.032849</timestamp>
			</report>
			<report>
				<misses>1131001</misses>
				<total>1124711</total>
				<timestamp>79.096921</timestamp>
			</report>
			<report>
				<misses>1132001</misses>
				<total>1125710</total>
				<timestamp>79.160554</timestamp>
			</report>
			<report>
				<misses>1133001</misses>
				<total>1126709</total>
				<timestamp>79.226330</timestamp>
			</report>
			<report>
				<misses>1134001</misses>
				<total>1127708</total>
				<timestamp>79.297259</timestamp>
			</report>
			<report>
				<misses>1135001</misses>
				<total>1128707</total>
				<timestamp>79.368241</timestamp>
			</report>
			<report>
				<misses>1136001</misses>
				<total>1129706</total>
				<timestamp>79.447938</timestamp>
			</report>
			<report>
				<misses>1137001</misses>
				<total>1130705</total>
				<timestamp>79.514899</timestamp>
			</report>
			<report>
				<misses>1138001</misses>
				<total>1131704</total>
				<timestamp>79.587256</timestamp>
			</report>
			<report>
				<misses>1139001</misses>
				<total>1132703</total>
				<timestamp>79.658711</timestamp>
			</report>
			<report>
				<misses>1140001</misses>
				<total>1133702</total>
				<timestamp>79.736847</timestamp>
			</report>
			<report>
				<misses>1141001</misses>
				<total>1134701</total>
				<timestamp>79.801231</timestamp>
			</report>
			<report>
				<misses>1142001</misses>
				<total>1135700</total>
				<timestamp>79.864533</timestamp>
			</report>
			<report>
				<misses>1143001</misses>
				<total>1136699</total>
				<timestamp>79.928323</timestamp>
			</report>
			<report>
				<misses>1144001</misses>
				<total>1137698</total>
				<timestamp>79.990885</timestamp>
			</report>
			<report>
				<misses>1145001</misses>
				<total>1138697</total>
				<timestamp>80.055248</timestamp>
			</report>
			<report>
				<misses>1146001</misses>
				<total>1139696</total>
				<timestamp>80.119576</timestamp>
			</report>
			<report>
				<misses>1147001</misses>
				<total>1140695</total>
				<timestamp>80.184661</timestamp>
			</report>
			<report>
				<misses>1148001</misses>
				<total>1141694</total>
				<timestamp>80.261323</timestamp>
			</report>
			<report>
				<misses>1149001</misses>
				<total>1142693</total>
				<timestamp>80.325457</timestamp>
			</report>
			<report>
				<misses>1150001</misses>
				<total>1143692</total>
				<timestamp>80.400975</timestamp>
			</report>
			<report>
				<misses>1151001</misses>
				<total>1144691</total>
				<timestamp>80.464671</timestamp>
			</report>
			<report>
				<misses>1152001</misses>
				<total>1145690</total>
				<timestamp>80.539747</timestamp>
			</report>
			<report>
				<misses>1153001</misses>
				<total>1146689</total>
				<timestamp>80.619250</timestamp>
			</report>
			<report>
				<misses>1154001</misses>
				<total>1147688</total>
				<timestamp>80.689319</timestamp>
			</report>
			<report>
				<misses>1155001</misses>
				<total>1148687</total>
				<timestamp>80.764256</timestamp>
			</report>
			<report>
				<misses>1156001</misses>
				<total>1149686</total>
				<timestamp>80.833674</timestamp>
			</report>
			<report>
				<misses>1157001</misses>
				<total>1150685</total>
				<timestamp>80.910480</timestamp>
			</report>
			<report>
				<misses>1158001</misses>
				<total>1151684</total>
				<timestamp>80.974474</timestamp>
			</report>
			<report>
				<misses>1159001</misses>
				<total>1152683</total>
				<timestamp>81.041458</timestamp>
			</report>
			<report>
				<misses>1160001</misses>
				<total>1153682</total>
				<timestamp>81.105764</timestamp>
			</report>
			<report>
				<misses>1161001</misses>
				<total>1154681</total>
				<timestamp>81.179586</timestamp>
			</report>
			<report>
				<misses>1162001</misses>
				<total>1155680</total>
				<timestamp>81.243391</timestamp>
			</report>
			<report>
				<misses>1163001</misses>
				<total>1156679</total>
				<timestamp>81.307295</timestamp>
			</report>
			<report>
				<misses>1164001</misses>
				<total>1157678</total>
				<timestamp>81.384449</timestamp>
			</report>
			<report>
				<misses>1165001</misses>
				<total>1158677</total>
				<timestamp>81.449713</timestamp>
			</report>
			<report>
				<misses>1166001</misses>
				<total>1159676</total>
				<timestamp>81.518939</timestamp>
			</report>
			<report>
				<misses>1167001</misses>
				<total>1160675</total>
				<timestamp>81.586892</timestamp>
			</report>
			<report>
				<misses>1168001</misses>
				<total>1161674</total>
				<timestamp>81.650444</timestamp>
			</report>
			<report>
				<misses>1169001</misses>
				<total>1162673</total>
				<timestamp>81.714231</timestamp>
			</report>
			<report>
				<misses>1170001</misses>
				<total>1163672</total>
				<timestamp>81.780226</timestamp>
			</report>
			<report>
				<misses>1171001</misses>
				<total>1164671</total>
				<timestamp>81.845683</timestamp>
			</report>
			<report>
				<misses>1172001</misses>
				<total>1165670</total>
				<timestamp>81.917724</timestamp>
			</report>
			<report>
				<misses>1173001</misses>
				<total>1166669</total>
				<timestamp>81.988963</timestamp>
			</report>
			<report>
				<misses>1174001</misses>
				<total>1167668</total>
				<timestamp>82.060002</timestamp>
			</report>
			<report>
				<misses>1175001</misses>
				<total>1168667</total>
				<timestamp>82.127215</timestamp>
			</report>
			<report>
				<misses>1176001</misses>
				<total>1169666</total>
				<timestamp>82.195929</timestamp>
			</report>
			<report>
				<misses>1177001</misses>
				<total>1170665</total>
				<timestamp>82.260708</timestamp>
			</report>
			<report>
				<misses>1178001</misses>
				<total>1171664</total>
				<timestamp>82.324560</timestamp>
			</report>
			<report>
				<misses>1179001</misses>
				<total>1172663</total>
				<timestamp>82.398029</timestamp>
			</report>
			<report>
				<misses>1180001</misses>
				<total>1173662</total>
				<timestamp>82.468736</timestamp>
			</report>
			<report>
				<misses>1181001</misses>
				<total>1174661</total>
				<timestamp>82.547532</timestamp>
			</report>
			<report>
				<misses>1182001</misses>
				<total>1175660</total>
				<timestamp>82.623460</timestamp>
			</report>
			<report>
				<misses>1183001</misses>
				<total>1176659</total>
				<timestamp>82.687824</timestamp>
			</report>
			<report>
				<misses>1184001</misses>
				<total>1177658</total>
				<timestamp>82.761324</timestamp>
			</report>
			<report>
				<misses>1185001</misses>
				<total>1178657</total>
				<timestamp>82.832387</timestamp>
			</report>
			<report>
				<misses>1186001</misses>
				<total>1179656</total>
				<timestamp>82.913021</timestamp>
			</report>
			<report>
				<misses>1187001</misses>
				<total>1180655</total>
				<timestamp>82.989426</timestamp>
			</report>
			<report>
				<misses>1188001</misses>
				<total>1181654</total>
				<timestamp>83.062835</timestamp>
			</report>
			<report>
				<misses>1189001</misses>
				<total>1182653</total>
				<timestamp>83.128608</timestamp>
			</report>
			<report>
				<misses>1190001</misses>
				<total>1183652</total>
				<timestamp>83.195561</timestamp>
			</report>
			<report>
				<misses>1191001</misses>
				<total>1184651</total>
				<timestamp>83.260415</timestamp>
			</report>
			<report>
				<misses>1192001</misses>
				<total>1185650</total>
				<timestamp>83.328943</timestamp>
			</report>
			<report>
				<misses>1193001</misses>
				<total>1186649</total>
				<timestamp>83.394418</timestamp>
			</report>
			<report>
				<misses>1194001</misses>
				<total>1187648</total>
				<timestamp>83.462240</timestamp>
			</report>
			<report>
				<misses>1195001</misses>
				<total>1188647</total>
				<timestamp>83.534555</timestamp>
			</report>
			<report>
				<misses>1196001</misses>
				<total>1189646</total>
				<timestamp>83.610027</timestamp>
			</report>
			<report>
				<misses>1197001</misses>
				<total>1190645</total>
				<timestamp>83.679247</timestamp>
			</report>
			<report>
				<misses>1198001</misses>
				<total>1191644</total>
				<timestamp>83.753648</timestamp>
			</report>
			<report>
				<misses>1199001</misses>
				<total>1192643</total>
				<timestamp>83.827634</timestamp>
			</report>
			<report>
				<misses>1200001</misses>
				<total>1193642</total>
				<timestamp>83.909747</timestamp>
			</report>
			<report>
				<misses>1201001</misses>
				<total>1194641</total>
				<timestamp>83.980843</timestamp>
			</report>
			<report>
				<misses>1202001</misses>
				<total>1195640</total>
				<timestamp>84.049705</timestamp>
			</report>
			<report>
				<misses>1203001</misses>
				<total>1196639</total>
				<timestamp>84.114850</timestamp>
			</report>
			<report>
				<misses>1204001</misses>
				<total>1197638</total>
				<timestamp>84.182431</timestamp>
			</report>
			<report>
				<misses>1205001</misses>
				<total>1198637</total>
				<timestamp>84.246464</timestamp>
			</report>
			<report>
				<misses>1206001</misses>
				<total>1199636</total>
				<timestamp>84.314149</timestamp>
			</report>
			<report>
				<misses>1207001</misses>
				<total>1200635</total>
				<timestamp>84.380322</timestamp>
			</report>
			<report>
				<misses>1208001</misses>
				<total>1201634</total>
				<timestamp>84.449773</timestamp>
			</report>
			<report>
				<misses>1209001</misses>
				<total>1202633</total>
				<timestamp>84.513390</timestamp>
			</report>
			<report>
				<misses>1210001</misses>
				<total>1203632</total>
				<timestamp>84.576695</timestamp>
			</report>
			<report>
				<misses>1211001</misses>
				<total>1204631</total>
				<timestamp>84.644833</timestamp>
			</report>
			<report>
				<misses>1212001</misses>
				<total>1205630</total>
				<timestamp>84.715569</timestamp>
			</report>
			<report>
				<misses>1213001</misses>
				<total>1206629</total>
				<timestamp>84.785985</timestamp>
			</report>
			<report>
				<misses>1214001</misses>
				<total>1207628</total>
				<timestamp>84.867299</timestamp>
			</report>
			<report>
				<misses>1215001</misses>
				<total>1208627</total>
				<timestamp>84.949234</timestamp>
			</report>
			<report>
				<misses>1216001</misses>
				<total>1209626</total>
				<timestamp>85.026348</timestamp>
			</report>
			<report>
				<misses>1217001</misses>
				<total>1210625</total>
				<timestamp>85.096902</timestamp>
			</report>
			<report>
				<misses>1218001</misses>
				<total>1211624</total>
				<timestamp>85.162207</timestamp>
			</report>
			<report>
				<misses>1219001</misses>
				<total>1212623</total>
				<timestamp>85.225858</timestamp>
			</report>
			<report>
				<misses>1220001</misses>
				<total>1213622</total>
				<timestamp>85.289006</timestamp>
			</report>
			<report>
				<misses>1221001</misses>
				<total>1214621</total>
				<timestamp>85.351210</timestamp>
			</report>
			<report>
				<misses>1222001</misses>
				<total>1215620</total>
				<timestamp>85.412441</timestamp>
			</report>
			<report>
				<misses>1223001</misses>
				<total>1216619</total>
				<timestamp>85.475331</timestamp>
			</report>
			<report>
				<misses>1224001</misses>
				<total>1217618</total>
				<timestamp>85.539735</timestamp>
			</report>
			<report>
				<misses>1225001</misses>
				<total>1218617</total>
				<timestamp>85.612480</timestamp>
			</report>
			<report>
				<misses>1226001</misses>
				<total>1219616</total>
				<timestamp>85.676825</timestamp>
			</report>
			<report>
				<misses>1227001</misses>
				<total>1220615</total>
				<timestamp>85.746841</timestamp>
			</report>
			<report>
				<misses>1228001</misses>
				<total>1221614</total>
				<timestamp>85.809836</timestamp>
			</report>
			<report>
				<misses>1229001</misses>
				<total>1222613</total>
				<timestamp>85.884706</timestamp>
			</report>
			<report>
				<misses>1230001</misses>
				<total>1223612</total>
				<timestamp>85.952169</timestamp>
			</report>
			<report>
				<misses>1231001</misses>
				<total>1224611</total>
				<timestamp>86.031898</timestamp>
			</report>
			<report>
				<misses>1232001</misses>
				<total>1225610</total>
				<timestamp>86.095962</timestamp>
			</report>
			<report>
				<misses>1233001</misses>
				<total>1226609</total>
				<timestamp>86.161823</timestamp>
			</report>
			<report>
				<misses>1234001</misses>
				<total>1227608</total>
				<timestamp>86.229582</timestamp>
			</report>
			<report>
				<misses>1235001</misses>
				<total>1228607</total>
				<timestamp>86.307587</timestamp>
			</report>
			<report>
				<misses>1236001</misses>
				<total>1229606</total>
				<timestamp>86.388964</timestamp>
			</report>
			<report>
				<misses>1237001</misses>
				<total>1230605</total>
				<timestamp>86.453772</timestamp>
			</report>
			<report>
				<misses>1238001</misses>
				<total>1231604</total>
				<timestamp>86.517689</timestamp>
			</report>
			<report>
				<misses>1239001</misses>
				<total>1232603</total>
				<timestamp>86.581865</timestamp>
			</report>
			<report>
				<misses>1240001</misses>
				<total>1233602</total>
				<timestamp>86.645316</timestamp>
			</report>
			<report>
				<misses>1241001</misses>
				<total>1234601</total>
				<timestamp>86.718452</timestamp>
			</report>
			<report>
				<misses>1242001</misses>
				<total>1235600</total>
				<timestamp>86.791334</timestamp>
			</report>
			<report>
				<misses>1243001</misses>
				<total>1236599</total>
				<timestamp>86.855192</timestamp>
			</report>
			<report>
				<misses>1244001</misses>
				<total>1237598</total>
				<timestamp>86.939590</timestamp>
			</report>
			<report>
				<misses>1245001</misses>
				<total>1238597</total>
				<timestamp>87.003946</timestamp>
			</report>
			<report>
				<misses>1246001</misses>
				<total>1239596</total>
				<timestamp>87.073743</timestamp>
			</report>
			<report>
				<misses>1247001</misses>
				<total>1240595</total>
				<timestamp>87.142187</timestamp>
			</report>
			<report>
				<misses>1248001</misses>
				<total>1241594</total>
				<timestamp>87.205689</timestamp>
			</report>
			<report>
				<misses>1249001</misses>
				<total>1242593</total>
				<timestamp>87.269343</timestamp>
			</report>
			<report>
				<misses>1250001</misses>
				<total>1243592</total>
				<timestamp>87.336882</timestamp>
			</report>
			<report>
				<misses>1251001</misses>
				<total>1244591</total>
				<timestamp>87.405574</timestamp>
			</report>
			<report>
				<misses>1252001</misses>
				<total>1245590</total>
				<timestamp>87.470461</timestamp>
			</report>
			<report>
				<misses>1253001</misses>
				<total>1246589</total>
				<timestamp>87.534867</timestamp>
			</report>
			<report>
				<misses>1254001</misses>
				<total>1247588</total>
				<timestamp>87.598872</timestamp>
			</report>
			<report>
				<misses>1255001</misses>
				<total>1248587</total>
				<timestamp>87.667175</timestamp>
			</report>
			<report>
				<misses>1256001</misses>
				<total>1249586</total>
				<timestamp>87.748137</timestamp>
			</report>
			<report>
				<misses>1257001</misses>
				<total>1250585</total>
				<timestamp>87.818614</timestamp>
			</report>
			<report>
				<misses>1258001</misses>
				<total>1251584</total>
				<timestamp>87.898308</timestamp>
			</report>
			<report>
				<misses>1259001</misses>
				<total>1252583</total>
				<timestamp>87.974123</timestamp>
			</report>
			<report>
				<misses>1260001</misses>
				<total>1253582</total>
				<timestamp>88.051174</timestamp>
			</report>
			<report>
				<misses>1261001</misses>
				<total>1254581</total>
				<timestamp>88.122040</timestamp>
			</report>
			<report>
				<misses>1262001</misses>
				<total>1255580</total>
				<timestamp>88.187893</timestamp>
			</report>
			<report>
				<misses>1263001</misses>
				<total>1256579</total>
				<timestamp>88.257680</timestamp>
			</report>
			<report>
				<misses>1264001</misses>
				<total>1257578</total>
				<timestamp>88.321342</timestamp>
			</report>
			<report>
				<misses>1265001</misses>
				<total>1258577</total>
				<timestamp>88.394074</timestamp>
			</report>
			<report>
				<misses>1266001</misses>
				<total>1259576</total>
				<timestamp>88.469873</timestamp>
			</report>
			<report>
				<misses>1267001</misses>
				<total>1260575</total>
				<timestamp>88.548166</timestamp>
			</report>
			<report>
				<misses>1268001</misses>
				<total>1261574</total>
				<timestamp>88.627684</timestamp>
			</report>
			<report>
				<misses>1269001</misses>
				<total>1262573</total>
				<timestamp>88.707167</timestamp>
			</report>
			<report>
				<misses>1270001</misses>
				<total>1263572</total>
				<timestamp>88.774951</timestamp>
			</report>
			<report>
				<misses>1271001</misses>
				<total>1264571</total>
				<timestamp>88.845937</timestamp>
			</report>
			<report>
				<misses>1272001</misses>
				<total>1265570</total>
				<timestamp>88.924569</timestamp>
			</report>
			<report>
				<misses>1273001</misses>
				<total>1266569</total>
				<timestamp>89.000308</timestamp>
			</report>
			<report>
				<misses>1274001</misses>
				<total>1267568</total>
				<timestamp>89.065365</timestamp>
			</report>
			<report>
				<misses>1275001</misses>
				<total>1268567</total>
				<timestamp>89.135386</timestamp>
			</report>
			<report>
				<misses>1276001</misses>
				<total>1269566</total>
				<timestamp>89.198824</timestamp>
			</report>
			<report>
				<misses>1277001</misses>
				<total>1270565</total>
				<timestamp>89.261403</timestamp>
			</report>
			<report>
				<misses>1278001</misses>
				<total>1271564</total>
				<timestamp>89.332358</timestamp>
			</report>
			<report>
				<misses>1279001</misses>
				<total>1272563</total>
				<timestamp>89.399448</timestamp>
			</report>
			<report>
				<misses>1280001</misses>
				<total>1273562</total>
				<timestamp>89.464133</timestamp>
			</report>
			<report>
				<misses>1281001</misses>
				<total>1274561</total>
				<timestamp>89.529203</timestamp>
			</report>
			<report>
				<misses>1282001</misses>
				<total>1275560</total>
				<timestamp>89.593186</timestamp>
			</report>
			<report>
				<misses>1283001</misses>
				<total>1276559</total>
				<timestamp>89.659279</timestamp>
			</report>
			<report>
				<misses>1284001</misses>
				<total>1277558</total>
				<timestamp>89.722962</timestamp>
			</report>
			<report>
				<misses>1285001</misses>
				<total>1278557</total>
				<timestamp>89.796780</timestamp>
			</report>
			<report>
				<misses>1286001</misses>
				<total>1279556</total>
				<timestamp>89.859944</timestamp>
			</report>
			<report>
				<misses>1287001</misses>
				<total>1280555</total>
				<timestamp>89.931400</timestamp>
			</report>
			<report>
				<misses>1288001</misses>
				<total>1281554</total>
				<timestamp>89.997322</timestamp>
			</report>
			<report>
				<misses>1289001</misses>
				<total>1282553</total>
				<timestamp>90.077397</timestamp>
			</report>
			<report>
				<misses>1290001</misses>
				<total>1283552</total>
				<timestamp>90.148996</timestamp>
			</report>
			<report>
				<misses>1291001</misses>
				<total>1284551</total>
				<timestamp>90.220921</timestamp>
			</report>
			<report>
				<misses>1292001</misses>
				<total>1285550</total>
				<timestamp>90.285167</timestamp>
			</report>
			<report>
				<misses>1293001</misses>
				<total>1286549</total>
				<timestamp>90.351161</timestamp>
			</report>
			<report>
				<misses>1294001</misses>
				<total>1287548</total>
				<timestamp>90.425235</timestamp>
			</report>
			<report>
				<misses>1295001</misses>
				<total>1288547</total>
				<timestamp>90.492275</timestamp>
			</report>
			<report>
				<misses>1296001</misses>
				<total>1289546</total>
				<timestamp>90.569313</timestamp>
			</report>
			<report>
				<misses>1297001</misses>
				<total>1290349</total>
				<timestamp>90.639557</timestamp>
			</report>
			<report>
				<misses>1298001</misses>
				<total>1291348</total>
				<timestamp>90.704177</timestamp>
			</report>
			<report>
				<misses>1299001</misses>
				<total>1292347</total>
				<timestamp>90.771858</timestamp>
			</report>
			<report>
				<misses>1300001</misses>
				<total>1293346</total>
				<timestamp>90.835905</timestamp>
			</report>
			<report>
				<misses>1301001</misses>
				<total>1294345</total>
				<timestamp>90.909350</timestamp>
			</report>
			<report>
				<misses>1302001</misses>
				<total>1295344</total>
				<timestamp>90.982627</timestamp>
			</report>
			<report>
				<misses>1303001</misses>
				<total>1296343</total>
				<timestamp>91.047347</timestamp>
			</report>
			<report>
				<misses>1304001</misses>
				<total>1297275</total>
				<timestamp>91.112240</timestamp>
			</report>
			<report>
				<misses>1305001</misses>
				<total>1298062</total>
				<timestamp>91.175908</timestamp>
			</report>
			<report>
				<misses>1306001</misses>
				<total>1299061</total>
				<timestamp>91.238383</timestamp>
			</report>
			<report>
				<misses>1307001</misses>
				<total>1300060</total>
				<timestamp>91.313109</timestamp>
			</report>
			<report>
				<misses>1308001</misses>
				<total>1301059</total>
				<timestamp>91.375928</timestamp>
			</report>
			<report>
				<misses>1309001</misses>
				<total>1302058</total>
				<timestamp>91.439760</timestamp>
			</report>
			<report>
				<misses>1310001</misses>
				<total>1303057</total>
				<timestamp>91.517896</timestamp>
			</report>
			<report>
				<misses>1311001</misses>
				<total>1304056</total>
				<timestamp>91.586198</timestamp>
			</report>
			<report>
				<misses>1312001</misses>
				<total>1305055</total>
				<timestamp>91.671190</timestamp>
			</report>
			<report>
				<misses>1313001</misses>
				<total>1306054</total>
				<timestamp>91.744244</timestamp>
			</report>
			<report>
				<misses>1314001</misses>
				<total>1307053</total>
				<timestamp>91.808553</timestamp>
			</report>
			<report>
				<misses>1315001</misses>
				<total>1308052</total>
				<timestamp>91.880732</timestamp>
			</report>
			<report>
				<misses>1316001</misses>
				<total>1309051</total>
				<timestamp>91.958260</timestamp>
			</report>
			<report>
				<misses>1317001</misses>
				<total>1310050</total>
				<timestamp>92.030204</timestamp>
			</report>
			<report>
				<misses>1318001</misses>
				<total>1311049</total>
				<timestamp>92.093689</timestamp>
			</report>
			<report>
				<misses>1319001</misses>
				<total>1312048</total>
				<timestamp>92.172599</timestamp>
			</report>
			<report>
				<misses>1320001</misses>
				<total>1313047</total>
				<timestamp>92.246564</timestamp>
			</report>
			<report>
				<misses>1321001</misses>
				<total>1314046</total>
				<timestamp>92.316372</timestamp>
			</report>
			<report>
				<misses>1322001</misses>
				<total>1315045</total>
				<timestamp>92.386595</timestamp>
			</report>
			<report>
				<misses>1323001</misses>
				<total>1316044</total>
				<timestamp>92.452250</timestamp>
			</report>
			<report>
				<misses>1324001</misses>
				<total>1317043</total>
				<timestamp>92.516722</timestamp>
			</report>
			<report>
				<misses>1325001</misses>
				<total>1318042</total>
				<timestamp>92.581415</timestamp>
			</report>
			<report>
				<misses>1326001</misses>
				<total>1319041</total>
				<timestamp>92.650908</timestamp>
			</report>
			<report>
				<misses>1327001</misses>
				<total>1320040</total>
				<timestamp>92.715342</timestamp>
			</report>
			<report>
				<misses>1328001</misses>
				<total>1321039</total>
				<timestamp>92.783446</timestamp>
			</report>
			<report>
				<misses>1329001</misses>
				<total>1322038</total>
				<timestamp>92.861882</timestamp>
			</report>
			<report>
				<misses>1330001</misses>
				<total>1323037</total>
				<timestamp>92.942158</timestamp>
			</report>
			<report>
				<misses>1331001</misses>
				<total>1324036</total>
				<timestamp>93.010288</timestamp>
			</report>
			<report>
				<misses>1332001</misses>
				<total>1325035</total>
				<timestamp>93.078758</timestamp>
			</report>
			<report>
				<misses>1333001</misses>
				<total>1326034</total>
				<timestamp>93.153502</timestamp>
			</report>
			<report>
				<misses>1334001</misses>
				<total>1327033</total>
				<timestamp>93.226921</timestamp>
			</report>
			<report>
				<misses>1335001</misses>
				<total>1328032</total>
				<timestamp>93.290795</timestamp>
			</report>
			<report>
				<misses>1336001</misses>
				<total>1329031</total>
				<timestamp>93.356883</timestamp>
			</report>
			<report>
				<misses>1337001</misses>
				<total>1330030</total>
				<timestamp>93.434761</timestamp>
			</report>
			<report>
				<misses>1338001</misses>
				<total>1331029</total>
				<timestamp>93.505405</timestamp>
			</report>
			<report>
				<misses>1339001</misses>
				<total>1332028</total>
				<timestamp>93.568928</timestamp>
			</report>
			<report>
				<misses>1340001</misses>
				<total>1333027</total>
				<timestamp>93.632476</timestamp>
			</report>
			<report>
				<misses>1341001</misses>
				<total>1334026</total>
				<timestamp>93.699519</timestamp>
			</report>
			<report>
				<misses>1342001</misses>
				<total>1335025</total>
				<timestamp>93.781527</timestamp>
			</report>
			<report>
				<misses>1343001</misses>
				<total>1336024</total>
				<timestamp>93.853161</timestamp>
			</report>
			<report>
				<misses>1344001</misses>
				<total>1337023</total>
				<timestamp>93.916783</timestamp>
			</report>
			<report>
				<misses>1345001</misses>
				<total>1338022</total>
				<timestamp>93.994472</timestamp>
			</report>
			<report>
				<misses>1346001</misses>
				<total>1339021</total>
				<timestamp>94.074148</timestamp>
			</report>
			<report>
				<misses>1347001</misses>
				<total>1340020</total>
				<timestamp>94.146717</timestamp>
			</report>
			<report>
				<misses>1348001</misses>
				<total>1341019</total>
				<timestamp>94.210687</timestamp>
			</report>
			<report>
				<misses>1349001</misses>
				<total>1342018</total>
				<timestamp>94.281795</timestamp>
			</report>
			<report>
				<misses>1350001</misses>
				<total>1343017</total>
				<timestamp>94.346303</timestamp>
			</report>
			<report>
				<misses>1351001</misses>
				<total>1344016</total>
				<timestamp>94.414286</timestamp>
			</report>
			<report>
				<misses>1352001</misses>
				<total>1345015</total>
				<timestamp>94.490168</timestamp>
			</report>
			<report>
				<misses>1353001</misses>
				<total>1346014</total>
				<timestamp>94.567582</timestamp>
			</report>
			<report>
				<misses>1354001</misses>
				<total>1347013</total>
				<timestamp>94.641839</timestamp>
			</report>
			<report>
				<misses>1355001</misses>
				<total>1348012</total>
				<timestamp>94.710226</timestamp>
			</report>
			<report>
				<misses>1356001</misses>
				<total>1349011</total>
				<timestamp>94.786567</timestamp>
			</report>
			<report>
				<misses>1357001</misses>
				<total>1350010</total>
				<timestamp>94.859138</timestamp>
			</report>
			<report>
				<misses>1358001</misses>
				<total>1351009</total>
				<timestamp>94.922716</timestamp>
			</report>
			<report>
				<misses>1359001</misses>
				<total>1352008</total>
				<timestamp>94.996840</timestamp>
			</report>
			<report>
				<misses>1360001</misses>
				<total>1353007</total>
				<timestamp>95.061896</timestamp>
			</report>
			<report>
				<misses>1361001</misses>
				<total>1354006</total>
				<timestamp>95.125679</timestamp>
			</report>
			<report>
				<misses>1362001</misses>
				<total>1355005</total>
				<timestamp>95.191259</timestamp>
			</report>
			<report>
				<misses>1363001</misses>
				<total>1356004</total>
				<timestamp>95.262367</timestamp>
			</report>
			<report>
				<misses>1364001</misses>
				<total>1357003</total>
				<timestamp>95.326910</timestamp>
			</report>
			<report>
				<misses>1365001</misses>
				<total>1358002</total>
				<timestamp>95.390744</timestamp>
			</report>
			<report>
				<misses>1366001</misses>
				<total>1359001</total>
				<timestamp>95.458865</timestamp>
			</report>
			<report>
				<misses>1367001</misses>
				<total>1360000</total>
				<timestamp>95.531373</timestamp>
			</report>
			<report>
				<misses>1368001</misses>
				<total>1360999</total>
				<timestamp>95.611565</timestamp>
			</report>
			<report>
				<misses>1369001</misses>
				<total>1361998</total>
				<timestamp>95.690662</timestamp>
			</report>
			<report>
				<misses>1370001</misses>
				<total>1362997</total>
				<timestamp>95.756337</timestamp>
			</report>
			<report>
				<misses>1371001</misses>
				<total>1363996</total>
				<timestamp>95.830542</timestamp>
			</report>
			<report>
				<misses>1372001</misses>
				<total>1364995</total>
				<timestamp>95.905161</timestamp>
			</report>
			<report>
				<misses>1373001</misses>
				<total>1365994</total>
				<timestamp>95.986896</timestamp>
			</report>
			<report>
				<misses>1374001</misses>
				<total>1366993</total>
				<timestamp>96.054268</timestamp>
			</report>
			<report>
				<misses>1375001</misses>
				<total>1367992</total>
				<timestamp>96.121585</timestamp>
			</report>
			<report>
				<misses>1376001</misses>
				<total>1368991</total>
				<timestamp>96.197283</timestamp>
			</report>
			<report>
				<misses>1377001</misses>
				<total>1369990</total>
				<timestamp>96.274684</timestamp>
			</report>
			<report>
				<misses>1378001</misses>
				<total>1370989</total>
				<timestamp>96.350829</timestamp>
			</report>
			<report>
				<misses>1379001</misses>
				<total>1371988</total>
				<timestamp>96.417576</timestamp>
			</report>
			<report>
				<misses>1380001</misses>
				<total>1372987</total>
				<timestamp>96.485905</timestamp>
			</report>
			<report>
				<misses>1381001</misses>
				<total>1373986</total>
				<timestamp>96.555362</timestamp>
			</report>
			<report>
				<misses>1382001</misses>
				<total>1374985</total>
				<timestamp>96.619699</timestamp>
			</report>
			<report>
				<misses>1383001</misses>
				<total>1375984</total>
				<timestamp>96.684144</timestamp>
			</report>
			<report>
				<misses>1384001</misses>
				<total>1376983</total>
				<timestamp>96.761895</timestamp>
			</report>
			<report>
				<misses>1385001</misses>
				<total>1377982</total>
				<timestamp>96.839525</timestamp>
			</report>
			<report>
				<misses>1386001</misses>
				<total>1378981</total>
				<timestamp>96.904139</timestamp>
			</report>
			<report>
				<misses>1387001</misses>
				<total>1379980</total>
				<timestamp>96.968336</timestamp>
			</report>
			<report>
				<misses>1388001</misses>
				<total>1380979</total>
				<timestamp>97.031814</timestamp>
			</report>
			<report>
				<misses>1389001</misses>
				<total>1381978</total>
				<timestamp>97.095549</timestamp>
			</report>
			<report>
				<misses>1390001</misses>
				<total>1382977</total>
				<timestamp>97.159564</timestamp>
			</report>
			<report>
				<misses>1391001</misses>
				<total>1383976</total>
				<timestamp>97.231156</timestamp>
			</report>
			<report>
				<misses>1392001</misses>
				<total>1384975</total>
				<timestamp>97.294883</timestamp>
			</report>
			<report>
				<misses>1393001</misses>
				<total>1385974</total>
				<timestamp>97.358571</timestamp>
			</report>
			<report>
				<misses>1394001</misses>
				<total>1386973</total>
				<timestamp>97.423433</timestamp>
			</report>
			<report>
				<misses>1395001</misses>
				<total>1387972</total>
				<timestamp>97.487711</timestamp>
			</report>
			<report>
				<misses>1396001</misses>
				<total>1388971</total>
				<timestamp>97.551350</timestamp>
			</report>
			<report>
				<misses>1397001</misses>
				<total>1389970</total>
				<timestamp>97.621696</timestamp>
			</report>
			<report>
				<misses>1398001</misses>
				<total>1390969</total>
				<timestamp>97.691142</timestamp>
			</report>
			<report>
				<misses>1399001</misses>
				<total>1391968</total>
				<timestamp>97.756266</timestamp>
			</report>
			<report>
				<misses>1400001</misses>
				<total>1392967</total>
				<timestamp>97.823147</timestamp>
			</report>
			<report>
				<misses>1401001</misses>
				<total>1393966</total>
				<timestamp>97.890729</timestamp>
			</report>
			<report>
				<misses>1402001</misses>
				<total>1394965</total>
				<timestamp>97.960087</timestamp>
			</report>
			<report>
				<misses>1403001</misses>
				<total>1395964</total>
				<timestamp>98.027218</timestamp>
			</report>
			<report>
				<misses>1404001</misses>
				<total>1396963</total>
				<timestamp>98.091186</timestamp>
			</report>
			<report>
				<misses>1405001</misses>
				<total>1397962</total>
				<timestamp>98.169696</timestamp>
			</report>
			<report>
				<misses>1406001</misses>
				<total>1398961</total>
				<timestamp>98.234566</timestamp>
			</report>
			<report>
				<misses>1407001</misses>
				<total>1399960</total>
				<timestamp>98.311910</timestamp>
			</report>
			<report>
				<misses>1408001</misses>
				<total>1400959</total>
				<timestamp>98.383299</timestamp>
			</report>
			<report>
				<misses>1409001</misses>
				<total>1401958</total>
				<timestamp>98.459898</timestamp>
			</report>
			<report>
				<misses>1410001</misses>
				<total>1402957</total>
				<timestamp>98.539747</timestamp>
			</report>
			<report>
				<misses>1411001</misses>
				<total>1403956</total>
				<timestamp>98.609413</timestamp>
			</report>
			<report>
				<misses>1412001</misses>
				<total>1404955</total>
				<timestamp>98.671942</timestamp>
			</report>
			<report>
				<misses>1413001</misses>
				<total>1405954</total>
				<timestamp>98.747293</timestamp>
			</report>
			<report>
				<misses>1414001</misses>
				<total>1406953</total>
				<timestamp>98.822317</timestamp>
			</report>
			<report>
				<misses>1415001</misses>
				<total>1407952</total>
				<timestamp>98.898285</timestamp>
			</report>
			<report>
				<misses>1416001</misses>
				<total>1408951</total>
				<timestamp>98.972330</timestamp>
			</report>
			<report>
				<misses>1417001</misses>
				<total>1409950</total>
				<timestamp>99.036473</timestamp>
			</report>
			<report>
				<misses>1418001</misses>
				<total>1410949</total>
				<timestamp>99.101547</timestamp>
			</report>
			<report>
				<misses>1419001</misses>
				<total>1411948</total>
				<timestamp>99.171832</timestamp>
			</report>
			<report>
				<misses>1420001</misses>
				<total>1412947</total>
				<timestamp>99.245323</timestamp>
			</report>
			<report>
				<misses>1421001</misses>
				<total>1413946</total>
				<timestamp>99.319542</timestamp>
			</report>
			<report>
				<misses>1422001</misses>
				<total>1414945</total>
				<timestamp>99.401330</timestamp>
			</report>
			<report>
				<misses>1423001</misses>
				<total>1415944</total>
				<timestamp>99.475595</timestamp>
			</report>
			<report>
				<misses>1424001</misses>
				<total>1416943</total>
				<timestamp>99.539320</timestamp>
			</report>
			<report>
				<misses>1425001</misses>
				<total>1417942</total>
				<timestamp>99.607394</timestamp>
			</report>
			<report>
				<misses>1426001</misses>
				<total>1418941</total>
				<timestamp>99.671831</timestamp>
			</report>
			<report>
				<misses>1427001</misses>
				<total>1419940</total>
				<timestamp>99.741611</timestamp>
			</report>
			<report>
				<misses>1428001</misses>
				<total>1420939</total>
				<timestamp>99.812111</timestamp>
			</report>
			<report>
				<misses>1429001</misses>
				<total>1421938</total>
				<timestamp>99.886570</timestamp>
			</report>
			<report>
				<misses>1430001</misses>
				<total>1422937</total>
				<timestamp>99.957463</timestamp>
			</report>
			<report>
				<misses>1431001</misses>
				<total>1423936</total>
				<timestamp>100.024332</timestamp>
			</report>
			<report>
				<misses>1432001</misses>
				<total>1424935</total>
				<timestamp>100.089707</timestamp>
			</report>
			<report>
				<misses>1433001</misses>
				<total>1425934</total>
				<timestamp>100.170310</timestamp>
			</report>
			<report>
				<misses>1434001</misses>
				<total>1426933</total>
				<timestamp>100.241443</timestamp>
			</report>
			<report>
				<misses>1435001</misses>
				<total>1427932</total>
				<timestamp>100.316448</timestamp>
			</report>
			<report>
				<misses>1436001</misses>
				<total>1428931</total>
				<timestamp>100.381334</timestamp>
			</report>
			<report>
				<misses>1437001</misses>
				<total>1429930</total>
				<timestamp>100.445145</timestamp>
			</report>
			<report>
				<misses>1438001</misses>
				<total>1430929</total>
				<timestamp>100.517676</timestamp>
			</report>
			<report>
				<misses>1439001</misses>
				<total>1431928</total>
				<timestamp>100.596200</timestamp>
			</report>
			<report>
				<misses>1440001</misses>
				<total>1432927</total>
				<timestamp>100.673595</timestamp>
			</report>
			<report>
				<misses>1441001</misses>
				<total>1433926</total>
				<timestamp>100.737597</timestamp>
			</report>
			<report>
				<misses>1442001</misses>
				<total>1434925</total>
				<timestamp>100.816556</timestamp>
			</report>
			<report>
				<misses>1443001</misses>
				<total>1435924</total>
				<timestamp>100.880673</timestamp>
			</report>
			<report>
				<misses>1444001</misses>
				<total>1436923</total>
				<timestamp>100.950683</timestamp>
			</report>
			<report>
				<misses>1445001</misses>
				<total>1437922</total>
				<timestamp>101.015673</timestamp>
			</report>
			<report>
				<misses>1446001</misses>
				<total>1438921</total>
				<timestamp>101.080351</timestamp>
			</report>
			<report>
				<misses>1447001</misses>
				<total>1439920</total>
				<timestamp>101.144905</timestamp>
			</report>
			<report>
				<misses>1448001</misses>
				<total>1440919</total>
				<timestamp>101.208545</timestamp>
			</report>
			<report>
				<misses>1449001</misses>
				<total>1441918</total>
				<timestamp>101.281237</timestamp>
			</report>
			<report>
				<misses>1450001</misses>
				<total>1442917</total>
				<timestamp>101.345555</timestamp>
			</report>
			<report>
				<misses>1451001</misses>
				<total>1443916</total>
				<timestamp>101.409624</timestamp>
			</report>
			<report>
				<misses>1452001</misses>
				<total>1444915</total>
				<timestamp>101.477131</timestamp>
			</report>
			<report>
				<misses>1453001</misses>
				<total>1445914</total>
				<timestamp>101.540898</timestamp>
			</report>
			<report>
				<misses>1454001</misses>
				<total>1446913</total>
				<timestamp>101.604826</timestamp>
			</report>
			<report>
				<misses>1455001</misses>
				<total>1447912</total>
				<timestamp>101.669196</timestamp>
			</report>
			<report>
				<misses>1456001</misses>
				<total>1448911</total>
				<timestamp>101.743766</timestamp>
			</report>
			<report>
				<misses>1457001</misses>
				<total>1449910</total>
				<timestamp>101.817351</timestamp>
			</report>
			<report>
				<misses>1458001</misses>
				<total>1450909</total>
				<timestamp>101.881328</timestamp>
			</report>
			<report>
				<misses>1459001</misses>
				<total>1451908</total>
				<timestamp>101.953625</timestamp>
			</report>
			<report>
				<misses>1460001</misses>
				<total>1452907</total>
				<timestamp>102.023329</timestamp>
			</report>
			<report>
				<misses>1461001</misses>
				<total>1453906</total>
				<timestamp>102.085557</timestamp>
			</report>
			<report>
				<misses>1462001</misses>
				<total>1454905</total>
				<timestamp>102.149126</timestamp>
			</report>
			<report>
				<misses>1463001</misses>
				<total>1455904</total>
				<timestamp>102.212239</timestamp>
			</report>
			<report>
				<misses>1464001</misses>
				<total>1456903</total>
				<timestamp>102.275357</timestamp>
			</report>
			<report>
				<misses>1465001</misses>
				<total>1457902</total>
				<timestamp>102.338542</timestamp>
			</report>
			<report>
				<misses>1466001</misses>
				<total>1458901</total>
				<timestamp>102.402188</timestamp>
			</report>
			<report>
				<misses>1467001</misses>
				<total>1459900</total>
				<timestamp>102.472586</timestamp>
			</report>
			<report>
				<misses>1468001</misses>
				<total>1460899</total>
				<timestamp>102.547559</timestamp>
			</report>
			<report>
				<misses>1469001</misses>
				<total>1461898</total>
				<timestamp>102.613554</timestamp>
			</report>
			<report>
				<misses>1470001</misses>
				<total>1462897</total>
				<timestamp>102.680269</timestamp>
			</report>
			<report>
				<misses>1471001</misses>
				<total>1463896</total>
				<timestamp>102.746484</timestamp>
			</report>
			<report>
				<misses>1472001</misses>
				<total>1464895</total>
				<timestamp>102.811433</timestamp>
			</report>
			<report>
				<misses>1473001</misses>
				<total>1465894</total>
				<timestamp>102.874910</timestamp>
			</report>
			<report>
				<misses>1474001</misses>
				<total>1466893</total>
				<timestamp>102.938553</timestamp>
			</report>
			<report>
				<misses>1475001</misses>
				<total>1467892</total>
				<timestamp>103.010308</timestamp>
			</report>
			<report>
				<misses>1476001</misses>
				<total>1468891</total>
				<timestamp>103.078100</timestamp>
			</report>
			<report>
				<misses>1477001</misses>
				<total>1469890</total>
				<timestamp>103.142179</timestamp>
			</report>
			<report>
				<misses>1478001</misses>
				<total>1470889</total>
				<timestamp>103.209196</timestamp>
			</report>
			<report>
				<misses>1479001</misses>
				<total>1471888</total>
				<timestamp>103.277359</timestamp>
			</report>
			<report>
				<misses>1480001</misses>
				<total>1472887</total>
				<timestamp>103.340323</timestamp>
			</report>
			<report>
				<misses>1481001</misses>
				<total>1473886</total>
				<timestamp>103.408867</timestamp>
			</report>
			<report>
				<misses>1482001</misses>
				<total>1474885</total>
				<timestamp>103.477309</timestamp>
			</report>
			<report>
				<misses>1483001</misses>
				<total>1475884</total>
				<timestamp>103.549317</timestamp>
			</report>
			<report>
				<misses>1484001</misses>
				<total>1476883</total>
				<timestamp>103.630395</timestamp>
			</report>
			<report>
				<misses>1485001</misses>
				<total>1477882</total>
				<timestamp>103.700374</timestamp>
			</report>
			<report>
				<misses>1486001</misses>
				<total>1478881</total>
				<timestamp>103.769392</timestamp>
			</report>
			<report>
				<misses>1487001</misses>
				<total>1479880</total>
				<timestamp>103.846790</timestamp>
			</report>
			<report>
				<misses>1488001</misses>
				<total>1480879</total>
				<timestamp>103.919371</timestamp>
			</report>
			<report>
				<misses>1489001</misses>
				<total>1481878</total>
				<timestamp>103.984090</timestamp>
			</report>
			<report>
				<misses>1490001</misses>
				<total>1482877</total>
				<timestamp>104.048318</timestamp>
			</report>
			<report>
				<misses>1491001</misses>
				<total>1483876</total>
				<timestamp>104.115095</timestamp>
			</report>
			<report>
				<misses>1492001</misses>
				<total>1484875</total>
				<timestamp>104.185117</timestamp>
			</report>
			<report>
				<misses>1493001</misses>
				<total>1485874</total>
				<timestamp>104.259227</timestamp>
			</report>
			<report>
				<misses>1494001</misses>
				<total>1486873</total>
				<timestamp>104.325273</timestamp>
			</report>
			<report>
				<misses>1495001</misses>
				<total>1487872</total>
				<timestamp>104.390273</timestamp>
			</report>
			<report>
				<misses>1496001</misses>
				<total>1488871</total>
				<timestamp>104.454314</timestamp>
			</report>
			<report>
				<misses>1497001</misses>
				<total>1489870</total>
				<timestamp>104.518691</timestamp>
			</report>
			<report>
				<misses>1498001</misses>
				<total>1490869</total>
				<timestamp>104.582431</timestamp>
			</report>
			<report>
				<misses>1499001</misses>
				<total>1491868</total>
				<timestamp>104.646546</timestamp>
			</report>
			<report>
				<misses>1500001</misses>
				<total>1492867</total>
				<timestamp>104.712261</timestamp>
			</report>
			<report>
				<misses>1501001</misses>
				<total>1493866</total>
				<timestamp>104.777337</timestamp>
			</report>
			<report>
				<misses>1502001</misses>
				<total>1494865</total>
				<timestamp>104.846355</timestamp>
			</report>
			<report>
				<misses>1503001</misses>
				<total>1495864</total>
				<timestamp>104.910558</timestamp>
			</report>
			<report>
				<misses>1504001</misses>
				<total>1496863</total>
				<timestamp>104.974284</timestamp>
			</report>
			<report>
				<misses>1505001</misses>
				<total>1497862</total>
				<timestamp>105.052685</timestamp>
			</report>
			<report>
				<misses>1506001</misses>
				<total>1498861</total>
				<timestamp>105.124786</timestamp>
			</report>
			<report>
				<misses>1507001</misses>
				<total>1499860</total>
				<timestamp>105.189468</timestamp>
			</report>
			<report>
				<misses>1508001</misses>
				<total>1500859</total>
				<timestamp>105.252831</timestamp>
			</report>
			<report>
				<misses>1509001</misses>
				<total>1501858</total>
				<timestamp>105.316275</timestamp>
			</report>
			<report>
				<misses>1510001</misses>
				<total>1502857</total>
				<timestamp>105.380282</timestamp>
			</report>
			<report>
				<misses>1511001</misses>
				<total>1503856</total>
				<timestamp>105.451362</timestamp>
			</report>
			<report>
				<misses>1512001</misses>
				<total>1504855</total>
				<timestamp>105.524947</timestamp>
			</report>
			<report>
				<misses>1513001</misses>
				<total>1505854</total>
				<timestamp>105.595412</timestamp>
			</report>
			<report>
				<misses>1514001</misses>
				<total>1506853</total>
				<timestamp>105.666557</timestamp>
			</report>
			<report>
				<misses>1515001</misses>
				<total>1507852</total>
				<timestamp>105.744157</timestamp>
			</report>
			<report>
				<misses>1516001</misses>
				<total>1508851</total>
				<timestamp>105.811349</timestamp>
			</report>
			<report>
				<misses>1517001</misses>
				<total>1509850</total>
				<timestamp>105.894415</timestamp>
			</report>
			<report>
				<misses>1518001</misses>
				<total>1510849</total>
				<timestamp>105.971585</timestamp>
			</report>
			<report>
				<misses>1519001</misses>
				<total>1511848</total>
				<timestamp>106.035834</timestamp>
			</report>
			<report>
				<misses>1520001</misses>
				<total>1512847</total>
				<timestamp>106.105548</timestamp>
			</report>
			<report>
				<misses>1521001</misses>
				<total>1513846</total>
				<timestamp>106.183652</timestamp>
			</report>
			<report>
				<misses>1522001</misses>
				<total>1514845</total>
				<timestamp>106.249871</timestamp>
			</report>
			<report>
				<misses>1523001</misses>
				<total>1515844</total>
				<timestamp>106.313916</timestamp>
			</report>
			<report>
				<misses>1524001</misses>
				<total>1516843</total>
				<timestamp>106.385263</timestamp>
			</report>
			<report>
				<misses>1525001</misses>
				<total>1517842</total>
				<timestamp>106.468810</timestamp>
			</report>
			<report>
				<misses>1526001</misses>
				<total>1518841</total>
				<timestamp>106.532410</timestamp>
			</report>
			<report>
				<misses>1527001</misses>
				<total>1519840</total>
				<timestamp>106.607690</timestamp>
			</report>
			<report>
				<misses>1528001</misses>
				<total>1520839</total>
				<timestamp>106.676660</timestamp>
			</report>
			<report>
				<misses>1529001</misses>
				<total>1521838</total>
				<timestamp>106.742066</timestamp>
			</report>
			<report>
				<misses>1530001</misses>
				<total>1522837</total>
				<timestamp>106.806585</timestamp>
			</report>
			<report>
				<misses>1531001</misses>
				<total>1523836</total>
				<timestamp>106.870374</timestamp>
			</report>
			<report>
				<misses>1532001</misses>
				<total>1524835</total>
				<timestamp>106.947196</timestamp>
			</report>
			<report>
				<misses>1533001</misses>
				<total>1525834</total>
				<timestamp>107.010886</timestamp>
			</report>
			<report>
				<misses>1534001</misses>
				<total>1526833</total>
				<timestamp>107.072155</timestamp>
			</report>
			<report>
				<misses>1535001</misses>
				<total>1527832</total>
				<timestamp>107.133853</timestamp>
			</report>
			<report>
				<misses>1536001</misses>
				<total>1528831</total>
				<timestamp>107.209860</timestamp>
			</report>
			<report>
				<misses>1537001</misses>
				<total>1529830</total>
				<timestamp>107.275407</timestamp>
			</report>
			<report>
				<misses>1538001</misses>
				<total>1530829</total>
				<timestamp>107.348569</timestamp>
			</report>
			<report>
				<misses>1539001</misses>
				<total>1531828</total>
				<timestamp>107.416821</timestamp>
			</report>
			<report>
				<misses>1540001</misses>
				<total>1532827</total>
				<timestamp>107.479691</timestamp>
			</report>
			<report>
				<misses>1541001</misses>
				<total>1533826</total>
				<timestamp>107.542789</timestamp>
			</report>
			<report>
				<misses>1542001</misses>
				<total>1534825</total>
				<timestamp>107.607683</timestamp>
			</report>
			<report>
				<misses>1543001</misses>
				<total>1535824</total>
				<timestamp>107.678813</timestamp>
			</report>
			<report>
				<misses>1544001</misses>
				<total>1536823</total>
				<timestamp>107.750018</timestamp>
			</report>
			<report>
				<misses>1545001</misses>
				<total>1537822</total>
				<timestamp>107.818558</timestamp>
			</report>
			<report>
				<misses>1546001</misses>
				<total>1538821</total>
				<timestamp>107.882556</timestamp>
			</report>
			<report>
				<misses>1547001</misses>
				<total>1539820</total>
				<timestamp>107.946140</timestamp>
			</report>
			<report>
				<misses>1548001</misses>
				<total>1540819</total>
				<timestamp>108.009780</timestamp>
			</report>
			<report>
				<misses>1549001</misses>
				<total>1541818</total>
				<timestamp>108.073832</timestamp>
			</report>
			<report>
				<misses>1550001</misses>
				<total>1542817</total>
				<timestamp>108.137448</timestamp>
			</report>
			<report>
				<misses>1551001</misses>
				<total>1543816</total>
				<timestamp>108.201566</timestamp>
			</report>
			<report>
				<misses>1552001</misses>
				<total>1544815</total>
				<timestamp>108.265291</timestamp>
			</report>
			<report>
				<misses>1553001</misses>
				<total>1545814</total>
				<timestamp>108.328377</timestamp>
			</report>
			<report>
				<misses>1554001</misses>
				<total>1546813</total>
				<timestamp>108.390847</timestamp>
			</report>
			<report>
				<misses>1555001</misses>
				<total>1547812</total>
				<timestamp>108.452686</timestamp>
			</report>
			<report>
				<misses>1556001</misses>
				<total>1548811</total>
				<timestamp>108.518075</timestamp>
			</report>
			<report>
				<misses>1557001</misses>
				<total>1549810</total>
				<timestamp>108.588285</timestamp>
			</report>
			<report>
				<misses>1558001</misses>
				<total>1550809</total>
				<timestamp>108.650786</timestamp>
			</report>
			<report>
				<misses>1559001</misses>
				<total>1551808</total>
				<timestamp>108.712842</timestamp>
			</report>
			<report>
				<misses>1560001</misses>
				<total>1552807</total>
				<timestamp>108.774060</timestamp>
			</report>
			<report>
				<misses>1561001</misses>
				<total>1553806</total>
				<timestamp>108.848697</timestamp>
			</report>
			<report>
				<misses>1562001</misses>
				<total>1554805</total>
				<timestamp>108.920377</timestamp>
			</report>
			<report>
				<misses>1563001</misses>
				<total>1555804</total>
				<timestamp>108.989556</timestamp>
			</report>
			<report>
				<misses>1564001</misses>
				<total>1556803</total>
				<timestamp>109.062058</timestamp>
			</report>
			<report>
				<misses>1565001</misses>
				<total>1557802</total>
				<timestamp>109.133666</timestamp>
			</report>
			<report>
				<misses>1566001</misses>
				<total>1558801</total>
				<timestamp>109.207146</timestamp>
			</report>
			<report>
				<misses>1567001</misses>
				<total>1559800</total>
				<timestamp>109.270721</timestamp>
			</report>
			<report>
				<misses>1568001</misses>
				<total>1560799</total>
				<timestamp>109.336059</timestamp>
			</report>
			<report>
				<misses>1569001</misses>
				<total>1561798</total>
				<timestamp>109.405873</timestamp>
			</report>
			<report>
				<misses>1570001</misses>
				<total>1562797</total>
				<timestamp>109.477247</timestamp>
			</report>
			<report>
				<misses>1571001</misses>
				<total>1563796</total>
				<timestamp>109.545073</timestamp>
			</report>
			<report>
				<misses>1572001</misses>
				<total>1564795</total>
				<timestamp>109.617557</timestamp>
			</report>
			<report>
				<misses>1573001</misses>
				<total>1565794</total>
				<timestamp>109.691210</timestamp>
			</report>
			<report>
				<misses>1574001</misses>
				<total>1566793</total>
				<timestamp>109.769462</timestamp>
			</report>
			<report>
				<misses>1575001</misses>
				<total>1567792</total>
				<timestamp>109.842137</timestamp>
			</report>
			<report>
				<misses>1576001</misses>
				<total>1568791</total>
				<timestamp>109.907092</timestamp>
			</report>
			<report>
				<misses>1577001</misses>
				<total>1569790</total>
				<timestamp>109.980689</timestamp>
			</report>
			<report>
				<misses>1578001</misses>
				<total>1570789</total>
				<timestamp>110.055586</timestamp>
			</report>
			<report>
				<misses>1579001</misses>
				<total>1571788</total>
				<timestamp>110.134422</timestamp>
			</report>
			<report>
				<misses>1580001</misses>
				<total>1572787</total>
				<timestamp>110.205142</timestamp>
			</report>
			<report>
				<misses>1581001</misses>
				<total>1573786</total>
				<timestamp>110.275129</timestamp>
			</report>
			<report>
				<misses>1582001</misses>
				<total>1574785</total>
				<timestamp>110.347277</timestamp>
			</report>
			<report>
				<misses>1583001</misses>
				<total>1575784</total>
				<timestamp>110.411260</timestamp>
			</report>
			<report>
				<misses>1584001</misses>
				<total>1576783</total>
				<timestamp>110.477806</timestamp>
			</report>
			<report>
				<misses>1585001</misses>
				<total>1577782</total>
				<timestamp>110.541371</timestamp>
			</report>
			<report>
				<misses>1586001</misses>
				<total>1578781</total>
				<timestamp>110.605829</timestamp>
			</report>
			<report>
				<misses>1587001</misses>
				<total>1579780</total>
				<timestamp>110.673707</timestamp>
			</report>
			<report>
				<misses>1588001</misses>
				<total>1580779</total>
				<timestamp>110.741741</timestamp>
			</report>
			<report>
				<misses>1589001</misses>
				<total>1581778</total>
				<timestamp>110.811148</timestamp>
			</report>
			<report>
				<misses>1590001</misses>
				<total>1582777</total>
				<timestamp>110.884854</timestamp>
			</report>
			<report>
				<misses>1591001</misses>
				<total>1583776</total>
				<timestamp>110.954677</timestamp>
			</report>
			<report>
				<misses>1592001</misses>
				<total>1584775</total>
				<timestamp>111.027732</timestamp>
			</report>
			<report>
				<misses>1593001</misses>
				<total>1585774</total>
				<timestamp>111.094195</timestamp>
			</report>
			<report>
				<misses>1594001</misses>
				<total>1586773</total>
				<timestamp>111.169584</timestamp>
			</report>
			<report>
				<misses>1595001</misses>
				<total>1587772</total>
				<timestamp>111.239334</timestamp>
			</report>
			<report>
				<misses>1596001</misses>
				<total>1588771</total>
				<timestamp>111.304549</timestamp>
			</report>
			<report>
				<misses>1597001</misses>
				<total>1589770</total>
				<timestamp>111.371292</timestamp>
			</report>
			<report>
				<misses>1598001</misses>
				<total>1590769</total>
				<timestamp>111.448449</timestamp>
			</report>
			<report>
				<misses>1599001</misses>
				<total>1591768</total>
				<timestamp>111.522119</timestamp>
			</report>
			<report>
				<misses>1600001</misses>
				<total>1592767</total>
				<timestamp>111.590570</timestamp>
			</report>
			<report>
				<misses>1601001</misses>
				<total>1593766</total>
				<timestamp>111.668983</timestamp>
			</report>
			<report>
				<misses>1602001</misses>
				<total>1594765</total>
				<timestamp>111.735193</timestamp>
			</report>
			<report>
				<misses>1603001</misses>
				<total>1595764</total>
				<timestamp>111.806456</timestamp>
			</report>
			<report>
				<misses>1604001</misses>
				<total>1596763</total>
				<timestamp>111.874371</timestamp>
			</report>
			<report>
				<misses>1605001</misses>
				<total>1597762</total>
				<timestamp>111.936718</timestamp>
			</report>
			<report>
				<misses>1606001</misses>
				<total>1598761</total>
				<timestamp>112.011039</timestamp>
			</report>
			<report>
				<misses>1607001</misses>
				<total>1599760</total>
				<timestamp>112.077118</timestamp>
			</report>
			<report>
				<misses>1608001</misses>
				<total>1600759</total>
				<timestamp>112.143183</timestamp>
			</report>
			<report>
				<misses>1609001</misses>
				<total>1601758</total>
				<timestamp>112.218096</timestamp>
			</report>
			<report>
				<misses>1610001</misses>
				<total>1602757</total>
				<timestamp>112.295552</timestamp>
			</report>
			<report>
				<misses>1611001</misses>
				<total>1603756</total>
				<timestamp>112.368419</timestamp>
			</report>
			<report>
				<misses>1612001</misses>
				<total>1604755</total>
				<timestamp>112.442050</timestamp>
			</report>
			<report>
				<misses>1613001</misses>
				<total>1605754</total>
				<timestamp>112.512789</timestamp>
			</report>
			<report>
				<misses>1614001</misses>
				<total>1606753</total>
				<timestamp>112.574655</timestamp>
			</report>
			<report>
				<misses>1615001</misses>
				<total>1607752</total>
				<timestamp>112.644071</timestamp>
			</report>
			<report>
				<misses>1616001</misses>
				<total>1608751</total>
				<timestamp>112.711129</timestamp>
			</report>
			<report>
				<misses>1617001</misses>
				<total>1609750</total>
				<timestamp>112.779394</timestamp>
			</report>
			<report>
				<misses>1618001</misses>
				<total>1610749</total>
				<timestamp>112.849108</timestamp>
			</report>
			<report>
				<misses>1619001</misses>
				<total>1611748</total>
				<timestamp>112.923978</timestamp>
			</report>
			<report>
				<misses>1620001</misses>
				<total>1612747</total>
				<timestamp>112.987401</timestamp>
			</report>
			<report>
				<misses>1621001</misses>
				<total>1613746</total>
				<timestamp>113.050797</timestamp>
			</report>
			<report>
				<misses>1622001</misses>
				<total>1614745</total>
				<timestamp>113.114448</timestamp>
			</report>
			<report>
				<misses>1623001</misses>
				<total>1615744</total>
				<timestamp>113.178224</timestamp>
			</report>
			<report>
				<misses>1624001</misses>
				<total>1616743</total>
				<timestamp>113.242055</timestamp>
			</report>
			<report>
				<misses>1625001</misses>
				<total>1617742</total>
				<timestamp>113.306225</timestamp>
			</report>
			<report>
				<misses>1626001</misses>
				<total>1618741</total>
				<timestamp>113.375561</timestamp>
			</report>
			<report>
				<misses>1627001</misses>
				<total>1619740</total>
				<timestamp>113.442064</timestamp>
			</report>
			<report>
				<misses>1628001</misses>
				<total>1620739</total>
				<timestamp>113.507158</timestamp>
			</report>
			<report>
				<misses>1629001</misses>
				<total>1621738</total>
				<timestamp>113.572429</timestamp>
			</report>
			<report>
				<misses>1630001</misses>
				<total>1622737</total>
				<timestamp>113.641422</timestamp>
			</report>
			<report>
				<misses>1631001</misses>
				<total>1623736</total>
				<timestamp>113.704208</timestamp>
			</report>
			<report>
				<misses>1632001</misses>
				<total>1624735</total>
				<timestamp>113.779432</timestamp>
			</report>
			<report>
				<misses>1633001</misses>
				<total>1625734</total>
				<timestamp>113.844026</timestamp>
			</report>
			<report>
				<misses>1634001</misses>
				<total>1626733</total>
				<timestamp>113.905399</timestamp>
			</report>
			<report>
				<misses>1635001</misses>
				<total>1627732</total>
				<timestamp>113.980331</timestamp>
			</report>
			<report>
				<misses>1636001</misses>
				<total>1628731</total>
				<timestamp>114.044698</timestamp>
			</report>
			<report>
				<misses>1637001</misses>
				<total>1629730</total>
				<timestamp>114.121035</timestamp>
			</report>
			<report>
				<misses>1638001</misses>
				<total>1630729</total>
				<timestamp>114.203308</timestamp>
			</report>
			<report>
				<misses>1639001</misses>
				<total>1631728</total>
				<timestamp>114.278798</timestamp>
			</report>
			<report>
				<misses>1640001</misses>
				<total>1632727</total>
				<timestamp>114.342176</timestamp>
			</report>
			<report>
				<misses>1641001</misses>
				<total>1633726</total>
				<timestamp>114.407827</timestamp>
			</report>
			<report>
				<misses>1642001</misses>
				<total>1634725</total>
				<timestamp>114.474646</timestamp>
			</report>
			<report>
				<misses>1643001</misses>
				<total>1635724</total>
				<timestamp>114.557227</timestamp>
			</report>
			<report>
				<misses>1644001</misses>
				<total>1636723</total>
				<timestamp>114.634271</timestamp>
			</report>
			<report>
				<misses>1645001</misses>
				<total>1637722</total>
				<timestamp>114.701572</timestamp>
			</report>
			<report>
				<misses>1646001</misses>
				<total>1638721</total>
				<timestamp>114.773834</timestamp>
			</report>
			<report>
				<misses>1647001</misses>
				<total>1639720</total>
				<timestamp>114.839201</timestamp>
			</report>
			<report>
				<misses>1648001</misses>
				<total>1640719</total>
				<timestamp>114.907677</timestamp>
			</report>
			<report>
				<misses>1649001</misses>
				<total>1641718</total>
				<timestamp>114.972094</timestamp>
			</report>
			<report>
				<misses>1650001</misses>
				<total>1642717</total>
				<timestamp>115.036012</timestamp>
			</report>
			<report>
				<misses>1651001</misses>
				<total>1643716</total>
				<timestamp>115.108108</timestamp>
			</report>
			<report>
				<misses>1652001</misses>
				<total>1644715</total>
				<timestamp>115.173209</timestamp>
			</report>
			<report>
				<misses>1653001</misses>
				<total>1645714</total>
				<timestamp>115.240039</timestamp>
			</report>
			<report>
				<misses>1654001</misses>
				<total>1646713</total>
				<timestamp>115.304074</timestamp>
			</report>
			<report>
				<misses>1655001</misses>
				<total>1647712</total>
				<timestamp>115.378296</timestamp>
			</report>
			<report>
				<misses>1656001</misses>
				<total>1648711</total>
				<timestamp>115.450794</timestamp>
			</report>
			<report>
				<misses>1657001</misses>
				<total>1649710</total>
				<timestamp>115.522344</timestamp>
			</report>
			<report>
				<misses>1658001</misses>
				<total>1650709</total>
				<timestamp>115.598244</timestamp>
			</report>
			<report>
				<misses>1659001</misses>
				<total>1651708</total>
				<timestamp>115.679222</timestamp>
			</report>
			<report>
				<misses>1660001</misses>
				<total>1652707</total>
				<timestamp>115.750221</timestamp>
			</report>
			<report>
				<misses>1661001</misses>
				<total>1653706</total>
				<timestamp>115.813665</timestamp>
			</report>
			<report>
				<misses>1662001</misses>
				<total>1654705</total>
				<timestamp>115.877288</timestamp>
			</report>
			<report>
				<misses>1663001</misses>
				<total>1655704</total>
				<timestamp>115.939275</timestamp>
			</report>
			<report>
				<misses>1664001</misses>
				<total>1656703</total>
				<timestamp>116.009145</timestamp>
			</report>
			<report>
				<misses>1665001</misses>
				<total>1657702</total>
				<timestamp>116.075576</timestamp>
			</report>
			<report>
				<misses>1666001</misses>
				<total>1658701</total>
				<timestamp>116.143179</timestamp>
			</report>
			<report>
				<misses>1667001</misses>
				<total>1659700</total>
				<timestamp>116.227115</timestamp>
			</report>
			<report>
				<misses>1668001</misses>
				<total>1660699</total>
				<timestamp>116.305168</timestamp>
			</report>
			<report>
				<misses>1669001</misses>
				<total>1661698</total>
				<timestamp>116.375146</timestamp>
			</report>
			<report>
				<misses>1670001</misses>
				<total>1662697</total>
				<timestamp>116.447015</timestamp>
			</report>
			<report>
				<misses>1671001</misses>
				<total>1663696</total>
				<timestamp>116.511020</timestamp>
			</report>
			<report>
				<misses>1672001</misses>
				<total>1664695</total>
				<timestamp>116.576261</timestamp>
			</report>
			<report>
				<misses>1673001</misses>
				<total>1665694</total>
				<timestamp>116.656123</timestamp>
			</report>
			<report>
				<misses>1674001</misses>
				<total>1666693</total>
				<timestamp>116.734566</timestamp>
			</report>
			<report>
				<misses>1675001</misses>
				<total>1667692</total>
				<timestamp>116.806109</timestamp>
			</report>
			<report>
				<misses>1676001</misses>
				<total>1668691</total>
				<timestamp>116.870330</timestamp>
			</report>
			<report>
				<misses>1677001</misses>
				<total>1669690</total>
				<timestamp>116.934099</timestamp>
			</report>
			<report>
				<misses>1678001</misses>
				<total>1670689</total>
				<timestamp>116.998109</timestamp>
			</report>
			<report>
				<misses>1679001</misses>
				<total>1671688</total>
				<timestamp>117.072088</timestamp>
			</report>
			<report>
				<misses>1680001</misses>
				<total>1672687</total>
				<timestamp>117.135218</timestamp>
			</report>
			<report>
				<misses>1681001</misses>
				<total>1673686</total>
				<timestamp>117.210141</timestamp>
			</report>
			<report>
				<misses>1682001</misses>
				<total>1674685</total>
				<timestamp>117.278103</timestamp>
			</report>
			<report>
				<misses>1683001</misses>
				<total>1675684</total>
				<timestamp>117.342693</timestamp>
			</report>
			<report>
				<misses>1684001</misses>
				<total>1676683</total>
				<timestamp>117.419019</timestamp>
			</report>
			<report>
				<misses>1685001</misses>
				<total>1677682</total>
				<timestamp>117.486249</timestamp>
			</report>
			<report>
				<misses>1686001</misses>
				<total>1678681</total>
				<timestamp>117.549736</timestamp>
			</report>
			<report>
				<misses>1687001</misses>
				<total>1679680</total>
				<timestamp>117.621228</timestamp>
			</report>
			<report>
				<misses>1688001</misses>
				<total>1680679</total>
				<timestamp>117.694622</timestamp>
			</report>
			<report>
				<misses>1689001</misses>
				<total>1681678</total>
				<timestamp>117.763077</timestamp>
			</report>
			<report>
				<misses>1690001</misses>
				<total>1682677</total>
				<timestamp>117.833232</timestamp>
			</report>
			<report>
				<misses>1691001</misses>
				<total>1683676</total>
				<timestamp>117.900425</timestamp>
			</report>
			<report>
				<misses>1692001</misses>
				<total>1684675</total>
				<timestamp>117.965818</timestamp>
			</report>
			<report>
				<misses>1693001</misses>
				<total>1685674</total>
				<timestamp>118.034414</timestamp>
			</report>
			<report>
				<misses>1694001</misses>
				<total>1686673</total>
				<timestamp>118.097082</timestamp>
			</report>
			<report>
				<misses>1695001</misses>
				<total>1687672</total>
				<timestamp>118.159429</timestamp>
			</report>
			<report>
				<misses>1696001</misses>
				<total>1688671</total>
				<timestamp>118.221150</timestamp>
			</report>
			<report>
				<misses>1697001</misses>
				<total>1689670</total>
				<timestamp>118.284288</timestamp>
			</report>
			<report>
				<misses>1698001</misses>
				<total>1690669</total>
				<timestamp>118.347007</timestamp>
			</report>
			<report>
				<misses>1699001</misses>
				<total>1691668</total>
				<timestamp>118.411142</timestamp>
			</report>
			<report>
				<misses>1700001</misses>
				<total>1692667</total>
				<timestamp>118.488459</timestamp>
			</report>
			<report>
				<misses>1701001</misses>
				<total>1693666</total>
				<timestamp>118.558351</timestamp>
			</report>
			<report>
				<misses>1702001</misses>
				<total>1694665</total>
				<timestamp>118.628599</timestamp>
			</report>
			<report>
				<misses>1703001</misses>
				<total>1695664</total>
				<timestamp>118.696152</timestamp>
			</report>
			<report>
				<misses>1704001</misses>
				<total>1696663</total>
				<timestamp>118.760688</timestamp>
			</report>
			<report>
				<misses>1705001</misses>
				<total>1697662</total>
				<timestamp>118.842196</timestamp>
			</report>
			<report>
				<misses>1706001</misses>
				<total>1698661</total>
				<timestamp>118.922453</timestamp>
			</report>
			<report>
				<misses>1707001</misses>
				<total>1699660</total>
				<timestamp>118.992239</timestamp>
			</report>
			<report>
				<misses>1708001</misses>
				<total>1700659</total>
				<timestamp>119.065193</timestamp>
			</report>
			<report>
				<misses>1709001</misses>
				<total>1701658</total>
				<timestamp>119.143730</timestamp>
			</report>
			<report>
				<misses>1710001</misses>
				<total>1702657</total>
				<timestamp>119.212067</timestamp>
			</report>
			<report>
				<misses>1711001</misses>
				<total>1703656</total>
				<timestamp>119.284297</timestamp>
			</report>
			<report>
				<misses>1712001</misses>
				<total>1704655</total>
				<timestamp>119.351234</timestamp>
			</report>
			<report>
				<misses>1713001</misses>
				<total>1705654</total>
				<timestamp>119.419563</timestamp>
			</report>
			<report>
				<misses>1714001</misses>
				<total>1706653</total>
				<timestamp>119.495964</timestamp>
			</report>
			<report>
				<misses>1715001</misses>
				<total>1707652</total>
				<timestamp>119.559195</timestamp>
			</report>
			<report>
				<misses>1716001</misses>
				<total>1708651</total>
				<timestamp>119.622267</timestamp>
			</report>
			<report>
				<misses>1717001</misses>
				<total>1709650</total>
				<timestamp>119.693710</timestamp>
			</report>
			<report>
				<misses>1718001</misses>
				<total>1710649</total>
				<timestamp>119.771333</timestamp>
			</report>
			<report>
				<misses>1719001</misses>
				<total>1711648</total>
				<timestamp>119.842733</timestamp>
			</report>
			<report>
				<misses>1720001</misses>
				<total>1712647</total>
				<timestamp>119.914995</timestamp>
			</report>
			<report>
				<misses>1721001</misses>
				<total>1713646</total>
				<timestamp>119.985632</timestamp>
			</report>
			<report>
				<misses>1722001</misses>
				<total>1714645</total>
				<timestamp>120.050256</timestamp>
			</report>
			<report>
				<misses>1723001</misses>
				<total>1715644</total>
				<timestamp>120.115185</timestamp>
			</report>
			<report>
				<misses>1724001</misses>
				<total>1716643</total>
				<timestamp>120.188829</timestamp>
			</report>
			<report>
				<misses>1725001</misses>
				<total>1717642</total>
				<timestamp>120.253206</timestamp>
			</report>
			<report>
				<misses>1726001</misses>
				<total>1718641</total>
				<timestamp>120.316991</timestamp>
			</report>
			<report>
				<misses>1727001</misses>
				<total>1719640</total>
				<timestamp>120.393305</timestamp>
			</report>
			<report>
				<misses>1728001</misses>
				<total>1720639</total>
				<timestamp>120.457231</timestamp>
			</report>
			<report>
				<misses>1729001</misses>
				<total>1721638</total>
				<timestamp>120.522492</timestamp>
			</report>
			<report>
				<misses>1730001</misses>
				<total>1722637</total>
				<timestamp>120.586632</timestamp>
			</report>
			<report>
				<misses>1731001</misses>
				<total>1723636</total>
				<timestamp>120.655009</timestamp>
			</report>
			<report>
				<misses>1732001</misses>
				<total>1724635</total>
				<timestamp>120.727810</timestamp>
			</report>
			<report>
				<misses>1733001</misses>
				<total>1725634</total>
				<timestamp>120.796811</timestamp>
			</report>
			<report>
				<misses>1734001</misses>
				<total>1726552</total>
				<timestamp>120.862338</timestamp>
			</report>
			<report>
				<misses>1735001</misses>
				<total>1727551</total>
				<timestamp>120.926299</timestamp>
			</report>
			<report>
				<misses>1736001</misses>
				<total>1728550</total>
				<timestamp>120.993267</timestamp>
			</report>
			<report>
				<misses>1737001</misses>
				<total>1729549</total>
				<timestamp>121.062201</timestamp>
			</report>
			<report>
				<misses>1738001</misses>
				<total>1730548</total>
				<timestamp>121.125934</timestamp>
			</report>
			<report>
				<misses>1739001</misses>
				<total>1731547</total>
				<timestamp>121.190068</timestamp>
			</report>
			<report>
				<misses>1740001</misses>
				<total>1732546</total>
				<timestamp>121.258192</timestamp>
			</report>
			<report>
				<misses>1741001</misses>
				<total>1733298</total>
				<timestamp>121.335290</timestamp>
			</report>
			<report>
				<misses>1742001</misses>
				<total>1734117</total>
				<timestamp>121.400152</timestamp>
			</report>
			<report>
				<misses>1743001</misses>
				<total>1735116</total>
				<timestamp>121.464302</timestamp>
			</report>
			<report>
				<misses>1744001</misses>
				<total>1736115</total>
				<timestamp>121.533466</timestamp>
			</report>
			<report>
				<misses>1745001</misses>
				<total>1737114</total>
				<timestamp>121.606989</timestamp>
			</report>
			<report>
				<misses>1746001</misses>
				<total>1738113</total>
				<timestamp>121.677809</timestamp>
			</report>
			<report>
				<misses>1747001</misses>
				<total>1739112</total>
				<timestamp>121.751588</timestamp>
			</report>
			<report>
				<misses>1748001</misses>
				<total>1740111</total>
				<timestamp>121.815451</timestamp>
			</report>
			<report>
				<misses>1749001</misses>
				<total>1741110</total>
				<timestamp>121.888017</timestamp>
			</report>
			<report>
				<misses>1750001</misses>
				<total>1742109</total>
				<timestamp>121.953226</timestamp>
			</report>
			<report>
				<misses>1751001</misses>
				<total>1743108</total>
				<timestamp>122.023682</timestamp>
			</report>
			<report>
				<misses>1752001</misses>
				<total>1744107</total>
				<timestamp>122.087984</timestamp>
			</report>
			<report>
				<misses>1753001</misses>
				<total>1745106</total>
				<timestamp>122.160168</timestamp>
			</report>
			<report>
				<misses>1754001</misses>
				<total>1746105</total>
				<timestamp>122.224965</timestamp>
			</report>
			<report>
				<misses>1755001</misses>
				<total>1747104</total>
				<timestamp>122.299599</timestamp>
			</report>
			<report>
				<misses>1756001</misses>
				<total>1748103</total>
				<timestamp>122.381207</timestamp>
			</report>
			<report>
				<misses>1757001</misses>
				<total>1749102</total>
				<timestamp>122.454393</timestamp>
			</report>
			<report>
				<misses>1758001</misses>
				<total>1750101</total>
				<timestamp>122.526551</timestamp>
			</report>
			<report>
				<misses>1759001</misses>
				<total>1751100</total>
				<timestamp>122.603574</timestamp>
			</report>
			<report>
				<misses>1760001</misses>
				<total>1752099</total>
				<timestamp>122.681431</timestamp>
			</report>
			<report>
				<misses>1761001</misses>
				<total>1753098</total>
				<timestamp>122.744422</timestamp>
			</report>
			<report>
				<misses>1762001</misses>
				<total>1754097</total>
				<timestamp>122.808269</timestamp>
			</report>
			<report>
				<misses>1763001</misses>
				<total>1755096</total>
				<timestamp>122.871971</timestamp>
			</report>
			<report>
				<misses>1764001</misses>
				<total>1756095</total>
				<timestamp>122.937803</timestamp>
			</report>
			<report>
				<misses>1765001</misses>
				<total>1757094</total>
				<timestamp>123.002439</timestamp>
			</report>
			<report>
				<misses>1766001</misses>
				<total>1758093</total>
				<timestamp>123.066424</timestamp>
			</report>
			<report>
				<misses>1767001</misses>
				<total>1759092</total>
				<timestamp>123.133463</timestamp>
			</report>
			<report>
				<misses>1768001</misses>
				<total>1760091</total>
				<timestamp>123.199424</timestamp>
			</report>
			<report>
				<misses>1769001</misses>
				<total>1761090</total>
				<timestamp>123.263293</timestamp>
			</report>
			<report>
				<misses>1770001</misses>
				<total>1762089</total>
				<timestamp>123.327119</timestamp>
			</report>
			<report>
				<misses>1771001</misses>
				<total>1763088</total>
				<timestamp>123.391578</timestamp>
			</report>
			<report>
				<misses>1772001</misses>
				<total>1764087</total>
				<timestamp>123.468361</timestamp>
			</report>
			<report>
				<misses>1773001</misses>
				<total>1765086</total>
				<timestamp>123.537675</timestamp>
			</report>
			<report>
				<misses>1774001</misses>
				<total>1766085</total>
				<timestamp>123.605905</timestamp>
			</report>
			<report>
				<misses>1775001</misses>
				<total>1767084</total>
				<timestamp>123.688391</timestamp>
			</report>
			<report>
				<misses>1776001</misses>
				<total>1768083</total>
				<timestamp>123.754614</timestamp>
			</report>
			<report>
				<misses>1777001</misses>
				<total>1769082</total>
				<timestamp>123.825253</timestamp>
			</report>
			<report>
				<misses>1778001</misses>
				<total>1770081</total>
				<timestamp>123.890471</timestamp>
			</report>
			<report>
				<misses>1779001</misses>
				<total>1771080</total>
				<timestamp>123.953140</timestamp>
			</report>
			<report>
				<misses>1780001</misses>
				<total>1772079</total>
				<timestamp>124.018599</timestamp>
			</report>
			<report>
				<misses>1781001</misses>
				<total>1773078</total>
				<timestamp>124.086961</timestamp>
			</report>
			<report>
				<misses>1782001</misses>
				<total>1774077</total>
				<timestamp>124.159456</timestamp>
			</report>
			<report>
				<misses>1783001</misses>
				<total>1775076</total>
				<timestamp>124.231057</timestamp>
			</report>
			<report>
				<misses>1784001</misses>
				<total>1776075</total>
				<timestamp>124.308125</timestamp>
			</report>
			<report>
				<misses>1785001</misses>
				<total>1777074</total>
				<timestamp>124.380783</timestamp>
			</report>
			<report>
				<misses>1786001</misses>
				<total>1778073</total>
				<timestamp>124.448004</timestamp>
			</report>
			<report>
				<misses>1787001</misses>
				<total>1779072</total>
				<timestamp>124.510959</timestamp>
			</report>
			<report>
				<misses>1788001</misses>
				<total>1780071</total>
				<timestamp>124.581680</timestamp>
			</report>
			<report>
				<misses>1789001</misses>
				<total>1781070</total>
				<timestamp>124.651350</timestamp>
			</report>
			<report>
				<misses>1790001</misses>
				<total>1782069</total>
				<timestamp>124.715316</timestamp>
			</report>
			<report>
				<misses>1791001</misses>
				<total>1783068</total>
				<timestamp>124.784215</timestamp>
			</report>
			<report>
				<misses>1792001</misses>
				<total>1784067</total>
				<timestamp>124.859766</timestamp>
			</report>
			<report>
				<misses>1793001</misses>
				<total>1785066</total>
				<timestamp>124.930046</timestamp>
			</report>
			<report>
				<misses>1794001</misses>
				<total>1786065</total>
				<timestamp>125.004763</timestamp>
			</report>
			<report>
				<misses>1795001</misses>
				<total>1787064</total>
				<timestamp>125.073545</timestamp>
			</report>
			<report>
				<misses>1796001</misses>
				<total>1788063</total>
				<timestamp>125.137114</timestamp>
			</report>
			<report>
				<misses>1797001</misses>
				<total>1789062</total>
				<timestamp>125.200379</timestamp>
			</report>
			<report>
				<misses>1798001</misses>
				<total>1790061</total>
				<timestamp>125.264054</timestamp>
			</report>
			<report>
				<misses>1799001</misses>
				<total>1791060</total>
				<timestamp>125.327975</timestamp>
			</report>
			<report>
				<misses>1800001</misses>
				<total>1792059</total>
				<timestamp>125.392148</timestamp>
			</report>
			<report>
				<misses>1801001</misses>
				<total>1793058</total>
				<timestamp>125.456110</timestamp>
			</report>
			<report>
				<misses>1802001</misses>
				<total>1794057</total>
				<timestamp>125.525255</timestamp>
			</report>
			<report>
				<misses>1803001</misses>
				<total>1795056</total>
				<timestamp>125.597369</timestamp>
			</report>
			<report>
				<misses>1804001</misses>
				<total>1796055</total>
				<timestamp>125.661554</timestamp>
			</report>
			<report>
				<misses>1805001</misses>
				<total>1797054</total>
				<timestamp>125.728562</timestamp>
			</report>
			<report>
				<misses>1806001</misses>
				<total>1798053</total>
				<timestamp>125.792559</timestamp>
			</report>
			<report>
				<misses>1807001</misses>
				<total>1799052</total>
				<timestamp>125.861286</timestamp>
			</report>
			<report>
				<misses>1808001</misses>
				<total>1800051</total>
				<timestamp>125.931422</timestamp>
			</report>
			<report>
				<misses>1809001</misses>
				<total>1801050</total>
				<timestamp>125.995054</timestamp>
			</report>
			<report>
				<misses>1810001</misses>
				<total>1802049</total>
				<timestamp>126.058959</timestamp>
			</report>
			<report>
				<misses>1811001</misses>
				<total>1803048</total>
				<timestamp>126.122603</timestamp>
			</report>
			<report>
				<misses>1812001</misses>
				<total>1804047</total>
				<timestamp>126.186270</timestamp>
			</report>
			<report>
				<misses>1813001</misses>
				<total>1805046</total>
				<timestamp>126.249973</timestamp>
			</report>
			<report>
				<misses>1814001</misses>
				<total>1806045</total>
				<timestamp>126.321609</timestamp>
			</report>
			<report>
				<misses>1815001</misses>
				<total>1807044</total>
				<timestamp>126.389091</timestamp>
			</report>
			<report>
				<misses>1816001</misses>
				<total>1808043</total>
				<timestamp>126.460550</timestamp>
			</report>
			<report>
				<misses>1817001</misses>
				<total>1809042</total>
				<timestamp>126.524033</timestamp>
			</report>
			<report>
				<misses>1818001</misses>
				<total>1810041</total>
				<timestamp>126.595438</timestamp>
			</report>
			<report>
				<misses>1819001</misses>
				<total>1811040</total>
				<timestamp>126.675436</timestamp>
			</report>
			<report>
				<misses>1820001</misses>
				<total>1812039</total>
				<timestamp>126.739964</timestamp>
			</report>
			<report>
				<misses>1821001</misses>
				<total>1813038</total>
				<timestamp>126.803707</timestamp>
			</report>
			<report>
				<misses>1822001</misses>
				<total>1814037</total>
				<timestamp>126.868103</timestamp>
			</report>
			<report>
				<misses>1823001</misses>
				<total>1815036</total>
				<timestamp>126.943680</timestamp>
			</report>
			<report>
				<misses>1824001</misses>
				<total>1816035</total>
				<timestamp>127.007344</timestamp>
			</report>
			<report>
				<misses>1825001</misses>
				<total>1817034</total>
				<timestamp>127.081126</timestamp>
			</report>
			<report>
				<misses>1826001</misses>
				<total>1818033</total>
				<timestamp>127.147047</timestamp>
			</report>
			<report>
				<misses>1827001</misses>
				<total>1819032</total>
				<timestamp>127.211738</timestamp>
			</report>
			<report>
				<misses>1828001</misses>
				<total>1820031</total>
				<timestamp>127.283044</timestamp>
			</report>
			<report>
				<misses>1829001</misses>
				<total>1821030</total>
				<timestamp>127.349682</timestamp>
			</report>
			<report>
				<misses>1830001</misses>
				<total>1822029</total>
				<timestamp>127.415965</timestamp>
			</report>
			<report>
				<misses>1831001</misses>
				<total>1823028</total>
				<timestamp>127.486163</timestamp>
			</report>
			<report>
				<misses>1832001</misses>
				<total>1824027</total>
				<timestamp>127.551123</timestamp>
			</report>
			<report>
				<misses>1833001</misses>
				<total>1825026</total>
				<timestamp>127.615419</timestamp>
			</report>
			<report>
				<misses>1834001</misses>
				<total>1826025</total>
				<timestamp>127.682033</timestamp>
			</report>
			<report>
				<misses>1835001</misses>
				<total>1827024</total>
				<timestamp>127.747345</timestamp>
			</report>
			<report>
				<misses>1836001</misses>
				<total>1828023</total>
				<timestamp>127.812327</timestamp>
			</report>
			<report>
				<misses>1837001</misses>
				<total>1829022</total>
				<timestamp>127.876276</timestamp>
			</report>
			<report>
				<misses>1838001</misses>
				<total>1830021</total>
				<timestamp>127.941095</timestamp>
			</report>
			<report>
				<misses>1839001</misses>
				<total>1831020</total>
				<timestamp>128.012659</timestamp>
			</report>
			<report>
				<misses>1840001</misses>
				<total>1832019</total>
				<timestamp>128.077568</timestamp>
			</report>
			<report>
				<misses>1841001</misses>
				<total>1833018</total>
				<timestamp>128.141338</timestamp>
			</report>
			<report>
				<misses>1842001</misses>
				<total>1834017</total>
				<timestamp>128.205113</timestamp>
			</report>
			<report>
				<misses>1843001</misses>
				<total>1835016</total>
				<timestamp>128.285579</timestamp>
			</report>
			<report>
				<misses>1844001</misses>
				<total>1836015</total>
				<timestamp>128.360195</timestamp>
			</report>
			<report>
				<misses>1845001</misses>
				<total>1837014</total>
				<timestamp>128.435362</timestamp>
			</report>
			<report>
				<misses>1846001</misses>
				<total>1838013</total>
				<timestamp>128.512170</timestamp>
			</report>
			<report>
				<misses>1847001</misses>
				<total>1839012</total>
				<timestamp>128.575965</timestamp>
			</report>
			<report>
				<misses>1848001</misses>
				<total>1840011</total>
				<timestamp>128.639447</timestamp>
			</report>
			<report>
				<misses>1849001</misses>
				<total>1841010</total>
				<timestamp>128.714676</timestamp>
			</report>
			<report>
				<misses>1850001</misses>
				<total>1842009</total>
				<timestamp>128.789607</timestamp>
			</report>
			<report>
				<misses>1851001</misses>
				<total>1843008</total>
				<timestamp>128.866207</timestamp>
			</report>
			<report>
				<misses>1852001</misses>
				<total>1844007</total>
				<timestamp>128.935182</timestamp>
			</report>
			<report>
				<misses>1853001</misses>
				<total>1845006</total>
				<timestamp>129.004092</timestamp>
			</report>
			<report>
				<misses>1854001</misses>
				<total>1846005</total>
				<timestamp>129.078795</timestamp>
			</report>
			<report>
				<misses>1855001</misses>
				<total>1847004</total>
				<timestamp>129.149604</timestamp>
			</report>
			<report>
				<misses>1856001</misses>
				<total>1848003</total>
				<timestamp>129.219130</timestamp>
			</report>
			<report>
				<misses>1857001</misses>
				<total>1849002</total>
				<timestamp>129.284676</timestamp>
			</report>
			<report>
				<misses>1858001</misses>
				<total>1850001</total>
				<timestamp>129.349151</timestamp>
			</report>
			<report>
				<misses>1859001</misses>
				<total>1851000</total>
				<timestamp>129.417343</timestamp>
			</report>
			<report>
				<misses>1860001</misses>
				<total>1851999</total>
				<timestamp>129.490155</timestamp>
			</report>
			<report>
				<misses>1861001</misses>
				<total>1852998</total>
				<timestamp>129.555384</timestamp>
			</report>
			<report>
				<misses>1862001</misses>
				<total>1853997</total>
				<timestamp>129.621983</timestamp>
			</report>
			<report>
				<misses>1863001</misses>
				<total>1854996</total>
				<timestamp>129.689130</timestamp>
			</report>
			<report>
				<misses>1864001</misses>
				<total>1855995</total>
				<timestamp>129.765780</timestamp>
			</report>
			<report>
				<misses>1865001</misses>
				<total>1856994</total>
				<timestamp>129.833108</timestamp>
			</report>
			<report>
				<misses>1866001</misses>
				<total>1857993</total>
				<timestamp>129.910350</timestamp>
			</report>
			<report>
				<misses>1867001</misses>
				<total>1858992</total>
				<timestamp>129.990146</timestamp>
			</report>
			<report>
				<misses>1868001</misses>
				<total>1859991</total>
				<timestamp>130.069537</timestamp>
			</report>
			<report>
				<misses>1869001</misses>
				<total>1860990</total>
				<timestamp>130.139005</timestamp>
			</report>
			<report>
				<misses>1870001</misses>
				<total>1861989</total>
				<timestamp>130.211311</timestamp>
			</report>
			<report>
				<misses>1871001</misses>
				<total>1862988</total>
				<timestamp>130.276908</timestamp>
			</report>
			<report>
				<misses>1872001</misses>
				<total>1863987</total>
				<timestamp>130.355036</timestamp>
			</report>
			<report>
				<misses>1873001</misses>
				<total>1864986</total>
				<timestamp>130.419717</timestamp>
			</report>
			<report>
				<misses>1874001</misses>
				<total>1865985</total>
				<timestamp>130.490073</timestamp>
			</report>
			<report>
				<misses>1875001</misses>
				<total>1866984</total>
				<timestamp>130.553414</timestamp>
			</report>
			<report>
				<misses>1876001</misses>
				<total>1867983</total>
				<timestamp>130.618380</timestamp>
			</report>
			<report>
				<misses>1877001</misses>
				<total>1868982</total>
				<timestamp>130.696061</timestamp>
			</report>
			<report>
				<misses>1878001</misses>
				<total>1869981</total>
				<timestamp>130.773750</timestamp>
			</report>
			<report>
				<misses>1879001</misses>
				<total>1870980</total>
				<timestamp>130.853129</timestamp>
			</report>
			<report>
				<misses>1880001</misses>
				<total>1871979</total>
				<timestamp>130.921027</timestamp>
			</report>
			<report>
				<misses>1881001</misses>
				<total>1872978</total>
				<timestamp>130.984681</timestamp>
			</report>
			<report>
				<misses>1882001</misses>
				<total>1873977</total>
				<timestamp>131.048908</timestamp>
			</report>
			<report>
				<misses>1883001</misses>
				<total>1874976</total>
				<timestamp>131.112339</timestamp>
			</report>
			<report>
				<misses>1884001</misses>
				<total>1875975</total>
				<timestamp>131.176359</timestamp>
			</report>
			<report>
				<misses>1885001</misses>
				<total>1876974</total>
				<timestamp>131.240583</timestamp>
			</report>
			<report>
				<misses>1886001</misses>
				<total>1877973</total>
				<timestamp>131.306025</timestamp>
			</report>
			<report>
				<misses>1887001</misses>
				<total>1878972</total>
				<timestamp>131.378202</timestamp>
			</report>
			<report>
				<misses>1888001</misses>
				<total>1879971</total>
				<timestamp>131.456848</timestamp>
			</report>
			<report>
				<misses>1889001</misses>
				<total>1880970</total>
				<timestamp>131.537964</timestamp>
			</report>
			<report>
				<misses>1890001</misses>
				<total>1881969</total>
				<timestamp>131.617143</timestamp>
			</report>
			<report>
				<misses>1891001</misses>
				<total>1882968</total>
				<timestamp>131.684528</timestamp>
			</report>
			<report>
				<misses>1892001</misses>
				<total>1883967</total>
				<timestamp>131.750141</timestamp>
			</report>
			<report>
				<misses>1893001</misses>
				<total>1884966</total>
				<timestamp>131.813960</timestamp>
			</report>
			<report>
				<misses>1894001</misses>
				<total>1885965</total>
				<timestamp>131.878957</timestamp>
			</report>
			<report>
				<misses>1895001</misses>
				<total>1886964</total>
				<timestamp>131.951744</timestamp>
			</report>
			<report>
				<misses>1896001</misses>
				<total>1887963</total>
				<timestamp>132.024078</timestamp>
			</report>
			<report>
				<misses>1897001</misses>
				<total>1888962</total>
				<timestamp>132.092221</timestamp>
			</report>
			<report>
				<misses>1898001</misses>
				<total>1889961</total>
				<timestamp>132.171162</timestamp>
			</report>
			<report>
				<misses>1899001</misses>
				<total>1890960</total>
				<timestamp>132.234608</timestamp>
			</report>
			<report>
				<misses>1900001</misses>
				<total>1891959</total>
				<timestamp>132.299017</timestamp>
			</report>
			<report>
				<misses>1901001</misses>
				<total>1892958</total>
				<timestamp>132.363430</timestamp>
			</report>
			<report>
				<misses>1902001</misses>
				<total>1893957</total>
				<timestamp>132.434009</timestamp>
			</report>
			<report>
				<misses>1903001</misses>
				<total>1894956</total>
				<timestamp>132.506703</timestamp>
			</report>
			<report>
				<misses>1904001</misses>
				<total>1895955</total>
				<timestamp>132.570123</timestamp>
			</report>
			<report>
				<misses>1905001</misses>
				<total>1896954</total>
				<timestamp>132.634000</timestamp>
			</report>
			<report>
				<misses>1906001</misses>
				<total>1897953</total>
				<timestamp>132.702197</timestamp>
			</report>
			<report>
				<misses>1907001</misses>
				<total>1898952</total>
				<timestamp>132.778424</timestamp>
			</report>
			<report>
				<misses>1908001</misses>
				<total>1899951</total>
				<timestamp>132.858288</timestamp>
			</report>
			<report>
				<misses>1909001</misses>
				<total>1900950</total>
				<timestamp>132.933556</timestamp>
			</report>
			<report>
				<misses>1910001</misses>
				<total>1901949</total>
				<timestamp>132.999137</timestamp>
			</report>
			<report>
				<misses>1911001</misses>
				<total>1902948</total>
				<timestamp>133.071453</timestamp>
			</report>
			<report>
				<misses>1912001</misses>
				<total>1903947</total>
				<timestamp>133.145588</timestamp>
			</report>
			<report>
				<misses>1913001</misses>
				<total>1904946</total>
				<timestamp>133.216565</timestamp>
			</report>
			<report>
				<misses>1914001</misses>
				<total>1905945</total>
				<timestamp>133.290293</timestamp>
			</report>
			<report>
				<misses>1915001</misses>
				<total>1906944</total>
				<timestamp>133.354889</timestamp>
			</report>
			<report>
				<misses>1916001</misses>
				<total>1907943</total>
				<timestamp>133.418574</timestamp>
			</report>
			<report>
				<misses>1917001</misses>
				<total>1908942</total>
				<timestamp>133.481758</timestamp>
			</report>
			<report>
				<misses>1918001</misses>
				<total>1909941</total>
				<timestamp>133.546958</timestamp>
			</report>
			<report>
				<misses>1919001</misses>
				<total>1910940</total>
				<timestamp>133.622621</timestamp>
			</report>
			<report>
				<misses>1920001</misses>
				<total>1911939</total>
				<timestamp>133.691499</timestamp>
			</report>
			<report>
				<misses>1921001</misses>
				<total>1912938</total>
				<timestamp>133.769710</timestamp>
			</report>
			<report>
				<misses>1922001</misses>
				<total>1913937</total>
				<timestamp>133.837401</timestamp>
			</report>
			<report>
				<misses>1923001</misses>
				<total>1914936</total>
				<timestamp>133.911953</timestamp>
			</report>
			<report>
				<misses>1924001</misses>
				<total>1915935</total>
				<timestamp>133.992152</timestamp>
			</report>
			<report>
				<misses>1925001</misses>
				<total>1916934</total>
				<timestamp>134.055988</timestamp>
			</report>
			<report>
				<misses>1926001</misses>
				<total>1917933</total>
				<timestamp>134.120117</timestamp>
			</report>
			<report>
				<misses>1927001</misses>
				<total>1918932</total>
				<timestamp>134.188701</timestamp>
			</report>
			<report>
				<misses>1928001</misses>
				<total>1919931</total>
				<timestamp>134.261590</timestamp>
			</report>
			<report>
				<misses>1929001</misses>
				<total>1920930</total>
				<timestamp>134.328923</timestamp>
			</report>
			<report>
				<misses>1930001</misses>
				<total>1921929</total>
				<timestamp>134.397593</timestamp>
			</report>
			<report>
				<misses>1931001</misses>
				<total>1922928</total>
				<timestamp>134.463188</timestamp>
			</report>
			<report>
				<misses>1932001</misses>
				<total>1923927</total>
				<timestamp>134.527452</timestamp>
			</report>
			<report>
				<misses>1933001</misses>
				<total>1924926</total>
				<timestamp>134.598321</timestamp>
			</report>
			<report>
				<misses>1934001</misses>
				<total>1925925</total>
				<timestamp>134.670218</timestamp>
			</report>
			<report>
				<misses>1935001</misses>
				<total>1926924</total>
				<timestamp>134.739506</timestamp>
			</report>
			<report>
				<misses>1936001</misses>
				<total>1927923</total>
				<timestamp>134.803092</timestamp>
			</report>
			<report>
				<misses>1937001</misses>
				<total>1928922</total>
				<timestamp>134.867358</timestamp>
			</report>
			<report>
				<misses>1938001</misses>
				<total>1929921</total>
				<timestamp>134.930603</timestamp>
			</report>
			<report>
				<misses>1939001</misses>
				<total>1930920</total>
				<timestamp>134.994249</timestamp>
			</report>
			<report>
				<misses>1940001</misses>
				<total>1931919</total>
				<timestamp>135.058117</timestamp>
			</report>
			<report>
				<misses>1941001</misses>
				<total>1932918</total>
				<timestamp>135.122172</timestamp>
			</report>
			<report>
				<misses>1942001</misses>
				<total>1933917</total>
				<timestamp>135.190666</timestamp>
			</report>
			<report>
				<misses>1943001</misses>
				<total>1934916</total>
				<timestamp>135.254436</timestamp>
			</report>
			<report>
				<misses>1944001</misses>
				<total>1935915</total>
				<timestamp>135.327827</timestamp>
			</report>
			<report>
				<misses>1945001</misses>
				<total>1936914</total>
				<timestamp>135.392003</timestamp>
			</report>
			<report>
				<misses>1946001</misses>
				<total>1937913</total>
				<timestamp>135.464653</timestamp>
			</report>
			<report>
				<misses>1947001</misses>
				<total>1938912</total>
				<timestamp>135.550024</timestamp>
			</report>
			<report>
				<misses>1948001</misses>
				<total>1939911</total>
				<timestamp>135.636167</timestamp>
			</report>
			<report>
				<misses>1949001</misses>
				<total>1940910</total>
				<timestamp>135.706986</timestamp>
			</report>
			<report>
				<misses>1950001</misses>
				<total>1941909</total>
				<timestamp>135.770727</timestamp>
			</report>
			<report>
				<misses>1951001</misses>
				<total>1942908</total>
				<timestamp>135.836167</timestamp>
			</report>
			<report>
				<misses>1952001</misses>
				<total>1943907</total>
				<timestamp>135.900188</timestamp>
			</report>
			<report>
				<misses>1953001</misses>
				<total>1944906</total>
				<timestamp>135.963663</timestamp>
			</report>
			<report>
				<misses>1954001</misses>
				<total>1945905</total>
				<timestamp>136.036611</timestamp>
			</report>
			<report>
				<misses>1955001</misses>
				<total>1946904</total>
				<timestamp>136.113016</timestamp>
			</report>
			<report>
				<misses>1956001</misses>
				<total>1947903</total>
				<timestamp>136.178197</timestamp>
			</report>
			<report>
				<misses>1957001</misses>
				<total>1948902</total>
				<timestamp>136.250995</timestamp>
			</report>
			<report>
				<misses>1958001</misses>
				<total>1949901</total>
				<timestamp>136.323684</timestamp>
			</report>
			<report>
				<misses>1959001</misses>
				<total>1950900</total>
				<timestamp>136.389625</timestamp>
			</report>
			<report>
				<misses>1960001</misses>
				<total>1951899</total>
				<timestamp>136.453616</timestamp>
			</report>
			<report>
				<misses>1961001</misses>
				<total>1952898</total>
				<timestamp>136.524494</timestamp>
			</report>
			<report>
				<misses>1962001</misses>
				<total>1953897</total>
				<timestamp>136.588893</timestamp>
			</report>
			<report>
				<misses>1963001</misses>
				<total>1954896</total>
				<timestamp>136.653330</timestamp>
			</report>
			<report>
				<misses>1964001</misses>
				<total>1955895</total>
				<timestamp>136.718376</timestamp>
			</report>
			<report>
				<misses>1965001</misses>
				<total>1956894</total>
				<timestamp>136.783239</timestamp>
			</report>
			<report>
				<misses>1966001</misses>
				<total>1957893</total>
				<timestamp>136.849408</timestamp>
			</report>
			<report>
				<misses>1967001</misses>
				<total>1958892</total>
				<timestamp>136.913151</timestamp>
			</report>
			<report>
				<misses>1968001</misses>
				<total>1959891</total>
				<timestamp>136.980971</timestamp>
			</report>
			<report>
				<misses>1969001</misses>
				<total>1960890</total>
				<timestamp>137.053095</timestamp>
			</report>
			<report>
				<misses>1970001</misses>
				<total>1961889</total>
				<timestamp>137.126173</timestamp>
			</report>
			<report>
				<misses>1971001</misses>
				<total>1962888</total>
				<timestamp>137.198989</timestamp>
			</report>
			<report>
				<misses>1972001</misses>
				<total>1963887</total>
				<timestamp>137.264592</timestamp>
			</report>
			<report>
				<misses>1973001</misses>
				<total>1964886</total>
				<timestamp>137.337977</timestamp>
			</report>
			<report>
				<misses>1974001</misses>
				<total>1965885</total>
				<timestamp>137.415962</timestamp>
			</report>
			<report>
				<misses>1975001</misses>
				<total>1966884</total>
				<timestamp>137.485072</timestamp>
			</report>
			<report>
				<misses>1976001</misses>
				<total>1967883</total>
				<timestamp>137.548471</timestamp>
			</report>
			<report>
				<misses>1977001</misses>
				<total>1968882</total>
				<timestamp>137.613003</timestamp>
			</report>
			<report>
				<misses>1978001</misses>
				<total>1969881</total>
				<timestamp>137.676864</timestamp>
			</report>
			<report>
				<misses>1979001</misses>
				<total>1970880</total>
				<timestamp>137.745113</timestamp>
			</report>
			<report>
				<misses>1980001</misses>
				<total>1971879</total>
				<timestamp>137.809173</timestamp>
			</report>
			<report>
				<misses>1981001</misses>
				<total>1972878</total>
				<timestamp>137.877321</timestamp>
			</report>
			<report>
				<misses>1982001</misses>
				<total>1973877</total>
				<timestamp>137.944330</timestamp>
			</report>
			<report>
				<misses>1983001</misses>
				<total>1974876</total>
				<timestamp>138.020231</timestamp>
			</report>
			<report>
				<misses>1984001</misses>
				<total>1975875</total>
				<timestamp>138.087156</timestamp>
			</report>
			<report>
				<misses>1985001</misses>
				<total>1976874</total>
				<timestamp>138.150548</timestamp>
			</report>
			<report>
				<misses>1986001</misses>
				<total>1977873</total>
				<timestamp>138.214203</timestamp>
			</report>
			<report>
				<misses>1987001</misses>
				<total>1978872</total>
				<timestamp>138.277663</timestamp>
			</report>
			<report>
				<misses>1988001</misses>
				<total>1979871</total>
				<timestamp>138.343241</timestamp>
			</report>
			<report>
				<misses>1989001</misses>
				<total>1980870</total>
				<timestamp>138.406501</timestamp>
			</report>
			<report>
				<misses>1990001</misses>
				<total>1981869</total>
				<timestamp>138.471727</timestamp>
			</report>
			<report>
				<misses>1991001</misses>
				<total>1982868</total>
				<timestamp>138.547036</timestamp>
			</report>
			<report>
				<misses>1992001</misses>
				<total>1983867</total>
				<timestamp>138.613569</timestamp>
			</report>
			<report>
				<misses>1993001</misses>
				<total>1984866</total>
				<timestamp>138.678676</timestamp>
			</report>
			<report>
				<misses>1994001</misses>
				<total>1985865</total>
				<timestamp>138.750013</timestamp>
			</report>
			<report>
				<misses>1995001</misses>
				<total>1986864</total>
				<timestamp>138.813434</timestamp>
			</report>
			<report>
				<misses>1996001</misses>
				<total>1987863</total>
				<timestamp>138.892288</timestamp>
			</report>
			<report>
				<misses>1997001</misses>
				<total>1988862</total>
				<timestamp>138.955842</timestamp>
			</report>
			<report>
				<misses>1998001</misses>
				<total>1989861</total>
				<timestamp>139.019726</timestamp>
			</report>
			<report>
				<misses>1999001</misses>
				<total>1990860</total>
				<timestamp>139.083429</timestamp>
			</report>
			<report>
				<misses>2000001</misses>
				<total>1991859</total>
				<timestamp>139.152404</timestamp>
			</report>
			<report>
				<misses>2001001</misses>
				<total>1992858</total>
				<timestamp>139.217956</timestamp>
			</report>
			<report>
				<misses>2002001</misses>
				<total>1993857</total>
				<timestamp>139.285868</timestamp>
			</report>
			<report>
				<misses>2003001</misses>
				<total>1994856</total>
				<timestamp>139.351147</timestamp>
			</report>
			<report>
				<misses>2004001</misses>
				<total>1995855</total>
				<timestamp>139.423266</timestamp>
			</report>
			<report>
				<misses>2005001</misses>
				<total>1996854</total>
				<timestamp>139.489139</timestamp>
			</report>
			<report>
				<misses>2006001</misses>
				<total>1997853</total>
				<timestamp>139.555265</timestamp>
			</report>
			<report>
				<misses>2007001</misses>
				<total>1998852</total>
				<timestamp>139.619683</timestamp>
			</report>
			<report>
				<misses>2008001</misses>
				<total>1999851</total>
				<timestamp>139.686007</timestamp>
			</report>
			<report>
				<misses>2009001</misses>
				<total>2000850</total>
				<timestamp>139.750697</timestamp>
			</report>
			<report>
				<misses>2010001</misses>
				<total>2001849</total>
				<timestamp>139.824368</timestamp>
			</report>
			<report>
				<misses>2011001</misses>
				<total>2002848</total>
				<timestamp>139.890948</timestamp>
			</report>
			<report>
				<misses>2012001</misses>
				<total>2003847</total>
				<timestamp>139.970071</timestamp>
			</report>
			<report>
				<misses>2013001</misses>
				<total>2004846</total>
				<timestamp>140.039041</timestamp>
			</report>
			<report>
				<misses>2014001</misses>
				<total>2005845</total>
				<timestamp>140.103435</timestamp>
			</report>
			<report>
				<misses>2015001</misses>
				<total>2006844</total>
				<timestamp>140.176474</timestamp>
			</report>
			<report>
				<misses>2016001</misses>
				<total>2007843</total>
				<timestamp>140.240837</timestamp>
			</report>
			<report>
				<misses>2017001</misses>
				<total>2008842</total>
				<timestamp>140.316049</timestamp>
			</report>
			<report>
				<misses>2018001</misses>
				<total>2009841</total>
				<timestamp>140.394247</timestamp>
			</report>
			<report>
				<misses>2019001</misses>
				<total>2010840</total>
				<timestamp>140.469846</timestamp>
			</report>
			<report>
				<misses>2020001</misses>
				<total>2011839</total>
				<timestamp>140.549946</timestamp>
			</report>
			<report>
				<misses>2021001</misses>
				<total>2012838</total>
				<timestamp>140.615631</timestamp>
			</report>
			<report>
				<misses>2022001</misses>
				<total>2013837</total>
				<timestamp>140.683619</timestamp>
			</report>
			<report>
				<misses>2023001</misses>
				<total>2014836</total>
				<timestamp>140.749629</timestamp>
			</report>
			<report>
				<misses>2024001</misses>
				<total>2015835</total>
				<timestamp>140.820871</timestamp>
			</report>
			<report>
				<misses>2025001</misses>
				<total>2016834</total>
				<timestamp>140.885933</timestamp>
			</report>
			<report>
				<misses>2026001</misses>
				<total>2017833</total>
				<timestamp>140.954090</timestamp>
			</report>
			<report>
				<misses>2027001</misses>
				<total>2018832</total>
				<timestamp>141.035295</timestamp>
			</report>
			<report>
				<misses>2028001</misses>
				<total>2019831</total>
				<timestamp>141.105310</timestamp>
			</report>
			<report>
				<misses>2029001</misses>
				<total>2020830</total>
				<timestamp>141.174158</timestamp>
			</report>
			<report>
				<misses>2030001</misses>
				<total>2021829</total>
				<timestamp>141.242108</timestamp>
			</report>
			<report>
				<misses>2031001</misses>
				<total>2022828</total>
				<timestamp>141.309898</timestamp>
			</report>
			<report>
				<misses>2032001</misses>
				<total>2023827</total>
				<timestamp>141.384197</timestamp>
			</report>
			<report>
				<misses>2033001</misses>
				<total>2024826</total>
				<timestamp>141.456163</timestamp>
			</report>
			<report>
				<misses>2034001</misses>
				<total>2025825</total>
				<timestamp>141.528239</timestamp>
			</report>
			<report>
				<misses>2035001</misses>
				<total>2026824</total>
				<timestamp>141.603314</timestamp>
			</report>
			<report>
				<misses>2036001</misses>
				<total>2027823</total>
				<timestamp>141.675216</timestamp>
			</report>
			<report>
				<misses>2037001</misses>
				<total>2028822</total>
				<timestamp>141.749300</timestamp>
			</report>
			<report>
				<misses>2038001</misses>
				<total>2029821</total>
				<timestamp>141.815897</timestamp>
			</report>
			<report>
				<misses>2039001</misses>
				<total>2030820</total>
				<timestamp>141.893682</timestamp>
			</report>
			<report>
				<misses>2040001</misses>
				<total>2031819</total>
				<timestamp>141.972052</timestamp>
			</report>
			<report>
				<misses>2041001</misses>
				<total>2032818</total>
				<timestamp>142.050924</timestamp>
			</report>
			<report>
				<misses>2042001</misses>
				<total>2033817</total>
				<timestamp>142.121378</timestamp>
			</report>
			<report>
				<misses>2043001</misses>
				<total>2034816</total>
				<timestamp>142.195329</timestamp>
			</report>
			<report>
				<misses>2044001</misses>
				<total>2035815</total>
				<timestamp>142.259350</timestamp>
			</report>
			<report>
				<misses>2045001</misses>
				<total>2036814</total>
				<timestamp>142.324383</timestamp>
			</report>
			<report>
				<misses>2046001</misses>
				<total>2037813</total>
				<timestamp>142.403348</timestamp>
			</report>
			<report>
				<misses>2047001</misses>
				<total>2038812</total>
				<timestamp>142.469150</timestamp>
			</report>
			<report>
				<misses>2048001</misses>
				<total>2039811</total>
				<timestamp>142.537578</timestamp>
			</report>
			<report>
				<misses>2049001</misses>
				<total>2040810</total>
				<timestamp>142.605615</timestamp>
			</report>
			<report>
				<misses>2050001</misses>
				<total>2041809</total>
				<timestamp>142.676431</timestamp>
			</report>
			<report>
				<misses>2051001</misses>
				<total>2042808</total>
				<timestamp>142.741020</timestamp>
			</report>
			<report>
				<misses>2052001</misses>
				<total>2043807</total>
				<timestamp>142.805070</timestamp>
			</report>
			<report>
				<misses>2053001</misses>
				<total>2044806</total>
				<timestamp>142.869311</timestamp>
			</report>
			<report>
				<misses>2054001</misses>
				<total>2045805</total>
				<timestamp>142.934844</timestamp>
			</report>
			<report>
				<misses>2055001</misses>
				<total>2046804</total>
				<timestamp>143.004857</timestamp>
			</report>
			<report>
				<misses>2056001</misses>
				<total>2047803</total>
				<timestamp>143.081591</timestamp>
			</report>
			<report>
				<misses>2057001</misses>
				<total>2048802</total>
				<timestamp>143.148003</timestamp>
			</report>
			<report>
				<misses>2058001</misses>
				<total>2049801</total>
				<timestamp>143.211566</timestamp>
			</report>
			<report>
				<misses>2059001</misses>
				<total>2050800</total>
				<timestamp>143.279576</timestamp>
			</report>
			<report>
				<misses>2060001</misses>
				<total>2051799</total>
				<timestamp>143.354363</timestamp>
			</report>
			<report>
				<misses>2061001</misses>
				<total>2052798</total>
				<timestamp>143.418076</timestamp>
			</report>
			<report>
				<misses>2062001</misses>
				<total>2053797</total>
				<timestamp>143.481554</timestamp>
			</report>
			<report>
				<misses>2063001</misses>
				<total>2054796</total>
				<timestamp>143.550032</timestamp>
			</report>
			<report>
				<misses>2064001</misses>
				<total>2055795</total>
				<timestamp>143.617492</timestamp>
			</report>
			<report>
				<misses>2065001</misses>
				<total>2056794</total>
				<timestamp>143.689974</timestamp>
			</report>
			<report>
				<misses>2066001</misses>
				<total>2057793</total>
				<timestamp>143.756307</timestamp>
			</report>
			<report>
				<misses>2067001</misses>
				<total>2058792</total>
				<timestamp>143.821232</timestamp>
			</report>
			<report>
				<misses>2068001</misses>
				<total>2059791</total>
				<timestamp>143.893583</timestamp>
			</report>
			<report>
				<misses>2069001</misses>
				<total>2060790</total>
				<timestamp>143.975601</timestamp>
			</report>
			<report>
				<misses>2070001</misses>
				<total>2061789</total>
				<timestamp>144.041984</timestamp>
			</report>
			<report>
				<misses>2071001</misses>
				<total>2062788</total>
				<timestamp>144.105376</timestamp>
			</report>
			<report>
				<misses>2072001</misses>
				<total>2063787</total>
				<timestamp>144.173359</timestamp>
			</report>
			<report>
				<misses>2073001</misses>
				<total>2064786</total>
				<timestamp>144.256052</timestamp>
			</report>
			<report>
				<misses>2074001</misses>
				<total>2065785</total>
				<timestamp>144.324440</timestamp>
			</report>
			<report>
				<misses>2075001</misses>
				<total>2066784</total>
				<timestamp>144.388536</timestamp>
			</report>
			<report>
				<misses>2076001</misses>
				<total>2067783</total>
				<timestamp>144.458432</timestamp>
			</report>
			<report>
				<misses>2077001</misses>
				<total>2068782</total>
				<timestamp>144.522031</timestamp>
			</report>
			<report>
				<misses>2078001</misses>
				<total>2069781</total>
				<timestamp>144.586092</timestamp>
			</report>
			<report>
				<misses>2079001</misses>
				<total>2070780</total>
				<timestamp>144.649862</timestamp>
			</report>
			<report>
				<misses>2080001</misses>
				<total>2071779</total>
				<timestamp>144.716840</timestamp>
			</report>
			<report>
				<misses>2081001</misses>
				<total>2072778</total>
				<timestamp>144.783175</timestamp>
			</report>
			<report>
				<misses>2082001</misses>
				<total>2073777</total>
				<timestamp>144.846532</timestamp>
			</report>
			<report>
				<misses>2083001</misses>
				<total>2074776</total>
				<timestamp>144.914836</timestamp>
			</report>
			<report>
				<misses>2084001</misses>
				<total>2075775</total>
				<timestamp>144.985338</timestamp>
			</report>
			<report>
				<misses>2085001</misses>
				<total>2076774</total>
				<timestamp>145.052283</timestamp>
			</report>
			<report>
				<misses>2086001</misses>
				<total>2077773</total>
				<timestamp>145.127853</timestamp>
			</report>
			<report>
				<misses>2087001</misses>
				<total>2078772</total>
				<timestamp>145.201212</timestamp>
			</report>
			<report>
				<misses>2088001</misses>
				<total>2079771</total>
				<timestamp>145.273995</timestamp>
			</report>
			<report>
				<misses>2089001</misses>
				<total>2080770</total>
				<timestamp>145.338330</timestamp>
			</report>
			<report>
				<misses>2090001</misses>
				<total>2081769</total>
				<timestamp>145.403197</timestamp>
			</report>
			<report>
				<misses>2091001</misses>
				<total>2082768</total>
				<timestamp>145.468575</timestamp>
			</report>
			<report>
				<misses>2092001</misses>
				<total>2083767</total>
				<timestamp>145.537065</timestamp>
			</report>
			<report>
				<misses>2093001</misses>
				<total>2084766</total>
				<timestamp>145.602188</timestamp>
			</report>
			<report>
				<misses>2094001</misses>
				<total>2085765</total>
				<timestamp>145.669583</timestamp>
			</report>
			<report>
				<misses>2095001</misses>
				<total>2086764</total>
				<timestamp>145.742039</timestamp>
			</report>
			<report>
				<misses>2096001</misses>
				<total>2087763</total>
				<timestamp>145.805593</timestamp>
			</report>
			<report>
				<misses>2097001</misses>
				<total>2088762</total>
				<timestamp>145.869244</timestamp>
			</report>
			<report>
				<misses>2098001</misses>
				<total>2089761</total>
				<timestamp>145.937922</timestamp>
			</report>
			<report>
				<misses>2099001</misses>
				<total>2090760</total>
				<timestamp>146.007157</timestamp>
			</report>
			<report>
				<misses>2100001</misses>
				<total>2091759</total>
				<timestamp>146.081648</timestamp>
			</report>
			<report>
				<misses>2101001</misses>
				<total>2092758</total>
				<timestamp>146.145971</timestamp>
			</report>
			<report>
				<misses>2102001</misses>
				<total>2093757</total>
				<timestamp>146.219036</timestamp>
			</report>
			<report>
				<misses>2103001</misses>
				<total>2094756</total>
				<timestamp>146.283381</timestamp>
			</report>
			<report>
				<misses>2104001</misses>
				<total>2095755</total>
				<timestamp>146.353962</timestamp>
			</report>
			<report>
				<misses>2105001</misses>
				<total>2096754</total>
				<timestamp>146.421733</timestamp>
			</report>
			<report>
				<misses>2106001</misses>
				<total>2097753</total>
				<timestamp>146.491969</timestamp>
			</report>
			<report>
				<misses>2107001</misses>
				<total>2098752</total>
				<timestamp>146.560581</timestamp>
			</report>
			<report>
				<misses>2108001</misses>
				<total>2099751</total>
				<timestamp>146.627631</timestamp>
			</report>
			<report>
				<misses>2109001</misses>
				<total>2100750</total>
				<timestamp>146.701108</timestamp>
			</report>
			<report>
				<misses>2110001</misses>
				<total>2101749</total>
				<timestamp>146.764808</timestamp>
			</report>
			<report>
				<misses>2111001</misses>
				<total>2102748</total>
				<timestamp>146.847847</timestamp>
			</report>
			<report>
				<misses>2112001</misses>
				<total>2103747</total>
				<timestamp>146.915463</timestamp>
			</report>
			<report>
				<misses>2113001</misses>
				<total>2104746</total>
				<timestamp>146.988153</timestamp>
			</report>
			<report>
				<misses>2114001</misses>
				<total>2105745</total>
				<timestamp>147.060228</timestamp>
			</report>
			<report>
				<misses>2115001</misses>
				<total>2106744</total>
				<timestamp>147.133012</timestamp>
			</report>
			<report>
				<misses>2116001</misses>
				<total>2107743</total>
				<timestamp>147.200285</timestamp>
			</report>
			<report>
				<misses>2117001</misses>
				<total>2108742</total>
				<timestamp>147.270359</timestamp>
			</report>
			<report>
				<misses>2118001</misses>
				<total>2109741</total>
				<timestamp>147.336011</timestamp>
			</report>
			<report>
				<misses>2119001</misses>
				<total>2110740</total>
				<timestamp>147.400388</timestamp>
			</report>
			<report>
				<misses>2120001</misses>
				<total>2111739</total>
				<timestamp>147.464881</timestamp>
			</report>
			<report>
				<misses>2121001</misses>
				<total>2112738</total>
				<timestamp>147.529257</timestamp>
			</report>
			<report>
				<misses>2122001</misses>
				<total>2113737</total>
				<timestamp>147.597057</timestamp>
			</report>
			<report>
				<misses>2123001</misses>
				<total>2114736</total>
				<timestamp>147.682111</timestamp>
			</report>
			<report>
				<misses>2124001</misses>
				<total>2115735</total>
				<timestamp>147.747041</timestamp>
			</report>
			<report>
				<misses>2125001</misses>
				<total>2116734</total>
				<timestamp>147.810350</timestamp>
			</report>
			<report>
				<misses>2126001</misses>
				<total>2117733</total>
				<timestamp>147.874414</timestamp>
			</report>
			<report>
				<misses>2127001</misses>
				<total>2118732</total>
				<timestamp>147.938230</timestamp>
			</report>
			<report>
				<misses>2128001</misses>
				<total>2119731</total>
				<timestamp>148.016102</timestamp>
			</report>
			<report>
				<misses>2129001</misses>
				<total>2120730</total>
				<timestamp>148.085133</timestamp>
			</report>
			<report>
				<misses>2130001</misses>
				<total>2121729</total>
				<timestamp>148.153313</timestamp>
			</report>
			<report>
				<misses>2131001</misses>
				<total>2122728</total>
				<timestamp>148.231587</timestamp>
			</report>
			<report>
				<misses>2132001</misses>
				<total>2123727</total>
				<timestamp>148.309590</timestamp>
			</report>
			<report>
				<misses>2133001</misses>
				<total>2124726</total>
				<timestamp>148.377314</timestamp>
			</report>
			<report>
				<misses>2134001</misses>
				<total>2125725</total>
				<timestamp>148.441964</timestamp>
			</report>
			<report>
				<misses>2135001</misses>
				<total>2126724</total>
				<timestamp>148.512201</timestamp>
			</report>
			<report>
				<misses>2136001</misses>
				<total>2127723</total>
				<timestamp>148.578950</timestamp>
			</report>
			<report>
				<misses>2137001</misses>
				<total>2128722</total>
				<timestamp>148.649916</timestamp>
			</report>
			<report>
				<misses>2138001</misses>
				<total>2129721</total>
				<timestamp>148.714128</timestamp>
			</report>
			<report>
				<misses>2139001</misses>
				<total>2130720</total>
				<timestamp>148.778808</timestamp>
			</report>
			<report>
				<misses>2140001</misses>
				<total>2131719</total>
				<timestamp>148.850592</timestamp>
			</report>
			<report>
				<misses>2141001</misses>
				<total>2132718</total>
				<timestamp>148.928866</timestamp>
			</report>
			<report>
				<misses>2142001</misses>
				<total>2133717</total>
				<timestamp>149.005238</timestamp>
			</report>
			<report>
				<misses>2143001</misses>
				<total>2134716</total>
				<timestamp>149.077567</timestamp>
			</report>
			<report>
				<misses>2144001</misses>
				<total>2135715</total>
				<timestamp>149.156367</timestamp>
			</report>
			<report>
				<misses>2145001</misses>
				<total>2136714</total>
				<timestamp>149.227606</timestamp>
			</report>
			<report>
				<misses>2146001</misses>
				<total>2137713</total>
				<timestamp>149.307023</timestamp>
			</report>
			<report>
				<misses>2147001</misses>
				<total>2138712</total>
				<timestamp>149.381889</timestamp>
			</report>
			<report>
				<misses>2148001</misses>
				<total>2139711</total>
				<timestamp>149.446391</timestamp>
			</report>
			<report>
				<misses>2149001</misses>
				<total>2140710</total>
				<timestamp>149.516898</timestamp>
			</report>
			<report>
				<misses>2150001</misses>
				<total>2141709</total>
				<timestamp>149.588405</timestamp>
			</report>
			<report>
				<misses>2151001</misses>
				<total>2142708</total>
				<timestamp>149.652317</timestamp>
			</report>
			<report>
				<misses>2152001</misses>
				<total>2143707</total>
				<timestamp>149.717261</timestamp>
			</report>
			<report>
				<misses>2153001</misses>
				<total>2144706</total>
				<timestamp>149.781126</timestamp>
			</report>
			<report>
				<misses>2154001</misses>
				<total>2145705</total>
				<timestamp>149.845212</timestamp>
			</report>
			<report>
				<misses>2155001</misses>
				<total>2146704</total>
				<timestamp>149.908954</timestamp>
			</report>
			<report>
				<misses>2156001</misses>
				<total>2147703</total>
				<timestamp>149.972618</timestamp>
			</report>
			<report>
				<misses>2157001</misses>
				<total>2148702</total>
				<timestamp>150.036569</timestamp>
			</report>
			<report>
				<misses>2158001</misses>
				<total>2149701</total>
				<timestamp>150.102031</timestamp>
			</report>
			<report>
				<misses>2159001</misses>
				<total>2150700</total>
				<timestamp>150.166391</timestamp>
			</report>
			<report>
				<misses>2160001</misses>
				<total>2151699</total>
				<timestamp>150.238714</timestamp>
			</report>
			<report>
				<misses>2161001</misses>
				<total>2152698</total>
				<timestamp>150.312483</timestamp>
			</report>
			<report>
				<misses>2162001</misses>
				<total>2153697</total>
				<timestamp>150.384163</timestamp>
			</report>
			<report>
				<misses>2163001</misses>
				<total>2154696</total>
				<timestamp>150.447860</timestamp>
			</report>
			<report>
				<misses>2164001</misses>
				<total>2155695</total>
				<timestamp>150.517343</timestamp>
			</report>
			<report>
				<misses>2165001</misses>
				<total>2156694</total>
				<timestamp>150.587069</timestamp>
			</report>
			<report>
				<misses>2166001</misses>
				<total>2157693</total>
				<timestamp>150.660449</timestamp>
			</report>
			<report>
				<misses>2167001</misses>
				<total>2158692</total>
				<timestamp>150.727253</timestamp>
			</report>
			<report>
				<misses>2168001</misses>
				<total>2159691</total>
				<timestamp>150.791986</timestamp>
			</report>
			<report>
				<misses>2169001</misses>
				<total>2160690</total>
				<timestamp>150.855563</timestamp>
			</report>
			<report>
				<misses>2170001</misses>
				<total>2161689</total>
				<timestamp>150.921989</timestamp>
			</report>
			<report>
				<misses>2171001</misses>
				<total>2162688</total>
				<timestamp>150.985854</timestamp>
			</report>
			<report>
				<misses>2172001</misses>
				<total>2163092</total>
				<timestamp>151.056964</timestamp>
			</report>
			<report>
				<misses>2173001</misses>
				<total>2163094</total>
				<timestamp>151.135196</timestamp>
			</report>
			<report>
				<misses>2174001</misses>
				<total>2164084</total>
				<timestamp>151.203413</timestamp>
			</report>
			<report>
				<misses>2175001</misses>
				<total>2165083</total>
				<timestamp>151.280556</timestamp>
			</report>
			<report>
				<misses>2176001</misses>
				<total>2166082</total>
				<timestamp>151.358805</timestamp>
			</report>
			<report>
				<misses>2177001</misses>
				<total>2167081</total>
				<timestamp>151.426176</timestamp>
			</report>
			<report>
				<misses>2178001</misses>
				<total>2168080</total>
				<timestamp>151.497265</timestamp>
			</report>
			<report>
				<misses>2179001</misses>
				<total>2168468</total>
				<timestamp>151.569064</timestamp>
			</report>
			<report>
				<misses>2180001</misses>
				<total>2168479</total>
				<timestamp>151.645156</timestamp>
			</report>
			<report>
				<misses>2181001</misses>
				<total>2169110</total>
				<timestamp>151.726236</timestamp>
			</report>
			<report>
				<misses>2182001</misses>
				<total>2170109</total>
				<timestamp>151.798910</timestamp>
			</report>
			<report>
				<misses>2183001</misses>
				<total>2171108</total>
				<timestamp>151.865994</timestamp>
			</report>
			<report>
				<misses>2184001</misses>
				<total>2172107</total>
				<timestamp>151.940760</timestamp>
			</report>
			<report>
				<misses>2185001</misses>
				<total>2173106</total>
				<timestamp>152.009001</timestamp>
			</report>
			<report>
				<misses>2186001</misses>
				<total>2174105</total>
				<timestamp>152.081852</timestamp>
			</report>
			<report>
				<misses>2187001</misses>
				<total>2175104</total>
				<timestamp>152.157951</timestamp>
			</report>
			<report>
				<misses>2188001</misses>
				<total>2176103</total>
				<timestamp>152.224582</timestamp>
			</report>
			<report>
				<misses>2189001</misses>
				<total>2177102</total>
				<timestamp>152.289281</timestamp>
			</report>
			<report>
				<misses>2190001</misses>
				<total>2178101</total>
				<timestamp>152.367029</timestamp>
			</report>
			<report>
				<misses>2191001</misses>
				<total>2179100</total>
				<timestamp>152.447553</timestamp>
			</report>
			<report>
				<misses>2192001</misses>
				<total>2180099</total>
				<timestamp>152.530098</timestamp>
			</report>
			<report>
				<misses>2193001</misses>
				<total>2181098</total>
				<timestamp>152.603409</timestamp>
			</report>
			<report>
				<misses>2194001</misses>
				<total>2182097</total>
				<timestamp>152.678882</timestamp>
			</report>
			<report>
				<misses>2195001</misses>
				<total>2183096</total>
				<timestamp>152.743223</timestamp>
			</report>
			<report>
				<misses>2196001</misses>
				<total>2184095</total>
				<timestamp>152.825066</timestamp>
			</report>
			<report>
				<misses>2197001</misses>
				<total>2185094</total>
				<timestamp>152.899176</timestamp>
			</report>
			<report>
				<misses>2198001</misses>
				<total>2186093</total>
				<timestamp>152.970174</timestamp>
			</report>
			<report>
				<misses>2199001</misses>
				<total>2187092</total>
				<timestamp>153.034056</timestamp>
			</report>
			<report>
				<misses>2200001</misses>
				<total>2188091</total>
				<timestamp>153.103007</timestamp>
			</report>
			<report>
				<misses>2201001</misses>
				<total>2189090</total>
				<timestamp>153.181612</timestamp>
			</report>
			<report>
				<misses>2202001</misses>
				<total>2190089</total>
				<timestamp>153.256907</timestamp>
			</report>
			<report>
				<misses>2203001</misses>
				<total>2191088</total>
				<timestamp>153.321861</timestamp>
			</report>
			<report>
				<misses>2204001</misses>
				<total>2192087</total>
				<timestamp>153.389090</timestamp>
			</report>
			<report>
				<misses>2205001</misses>
				<total>2193086</total>
				<timestamp>153.463477</timestamp>
			</report>
			<report>
				<misses>2206001</misses>
				<total>2194085</total>
				<timestamp>153.527618</timestamp>
			</report>
			<report>
				<misses>2207001</misses>
				<total>2195084</total>
				<timestamp>153.592973</timestamp>
			</report>
			<report>
				<misses>2208001</misses>
				<total>2196083</total>
				<timestamp>153.656252</timestamp>
			</report>
			<report>
				<misses>2209001</misses>
				<total>2197082</total>
				<timestamp>153.720154</timestamp>
			</report>
			<report>
				<misses>2210001</misses>
				<total>2198081</total>
				<timestamp>153.783582</timestamp>
			</report>
			<report>
				<misses>2211001</misses>
				<total>2199080</total>
				<timestamp>153.854079</timestamp>
			</report>
			<report>
				<misses>2212001</misses>
				<total>2200079</total>
				<timestamp>153.935117</timestamp>
			</report>
			<report>
				<misses>2213001</misses>
				<total>2201078</total>
				<timestamp>154.008081</timestamp>
			</report>
			<report>
				<misses>2214001</misses>
				<total>2202077</total>
				<timestamp>154.073420</timestamp>
			</report>
			<report>
				<misses>2215001</misses>
				<total>2203076</total>
				<timestamp>154.151157</timestamp>
			</report>
			<report>
				<misses>2216001</misses>
				<total>2204075</total>
				<timestamp>154.218474</timestamp>
			</report>
			<report>
				<misses>2217001</misses>
				<total>2205074</total>
				<timestamp>154.284562</timestamp>
			</report>
			<report>
				<misses>2218001</misses>
				<total>2206073</total>
				<timestamp>154.374790</timestamp>
			</report>
			<report>
				<misses>2219001</misses>
				<total>2207072</total>
				<timestamp>154.446860</timestamp>
			</report>
			<report>
				<misses>2220001</misses>
				<total>2208071</total>
				<timestamp>154.516738</timestamp>
			</report>
			<report>
				<misses>2221001</misses>
				<total>2209070</total>
				<timestamp>154.581581</timestamp>
			</report>
			<report>
				<misses>2222001</misses>
				<total>2210069</total>
				<timestamp>154.645957</timestamp>
			</report>
			<report>
				<misses>2223001</misses>
				<total>2211068</total>
				<timestamp>154.715002</timestamp>
			</report>
			<report>
				<misses>2224001</misses>
				<total>2212067</total>
				<timestamp>154.780227</timestamp>
			</report>
			<report>
				<misses>2225001</misses>
				<total>2213066</total>
				<timestamp>154.845452</timestamp>
			</report>
			<report>
				<misses>2226001</misses>
				<total>2214065</total>
				<timestamp>154.928331</timestamp>
			</report>
			<report>
				<misses>2227001</misses>
				<total>2215064</total>
				<timestamp>154.994734</timestamp>
			</report>
			<report>
				<misses>2228001</misses>
				<total>2216063</total>
				<timestamp>155.073450</timestamp>
			</report>
			<report>
				<misses>2229001</misses>
				<total>2217062</total>
				<timestamp>155.137249</timestamp>
			</report>
			<report>
				<misses>2230001</misses>
				<total>2218061</total>
				<timestamp>155.201045</timestamp>
			</report>
			<report>
				<misses>2231001</misses>
				<total>2219060</total>
				<timestamp>155.264575</timestamp>
			</report>
			<report>
				<misses>2232001</misses>
				<total>2220059</total>
				<timestamp>155.327987</timestamp>
			</report>
			<report>
				<misses>2233001</misses>
				<total>2221058</total>
				<timestamp>155.401974</timestamp>
			</report>
			<report>
				<misses>2234001</misses>
				<total>2222057</total>
				<timestamp>155.475901</timestamp>
			</report>
			<report>
				<misses>2235001</misses>
				<total>2223056</total>
				<timestamp>155.550508</timestamp>
			</report>
			<report>
				<misses>2236001</misses>
				<total>2224055</total>
				<timestamp>155.624319</timestamp>
			</report>
			<report>
				<misses>2237001</misses>
				<total>2225054</total>
				<timestamp>155.689434</timestamp>
			</report>
			<report>
				<misses>2238001</misses>
				<total>2226053</total>
				<timestamp>155.755954</timestamp>
			</report>
			<report>
				<misses>2239001</misses>
				<total>2227052</total>
				<timestamp>155.825194</timestamp>
			</report>
			<report>
				<misses>2240001</misses>
				<total>2228051</total>
				<timestamp>155.899429</timestamp>
			</report>
			<report>
				<misses>2241001</misses>
				<total>2229050</total>
				<timestamp>155.966555</timestamp>
			</report>
			<report>
				<misses>2242001</misses>
				<total>2230049</total>
				<timestamp>156.029976</timestamp>
			</report>
			<report>
				<misses>2243001</misses>
				<total>2231048</total>
				<timestamp>156.094548</timestamp>
			</report>
			<report>
				<misses>2244001</misses>
				<total>2232047</total>
				<timestamp>156.174768</timestamp>
			</report>
			<report>
				<misses>2245001</misses>
				<total>2233046</total>
				<timestamp>156.250001</timestamp>
			</report>
			<report>
				<misses>2246001</misses>
				<total>2234045</total>
				<timestamp>156.317970</timestamp>
			</report>
			<report>
				<misses>2247001</misses>
				<total>2235044</total>
				<timestamp>156.381867</timestamp>
			</report>
			<report>
				<misses>2248001</misses>
				<total>2236043</total>
				<timestamp>156.445276</timestamp>
			</report>
			<report>
				<misses>2249001</misses>
				<total>2237042</total>
				<timestamp>156.511244</timestamp>
			</report>
			<report>
				<misses>2250001</misses>
				<total>2238041</total>
				<timestamp>156.587755</timestamp>
			</report>
			<report>
				<misses>2251001</misses>
				<total>2239040</total>
				<timestamp>156.653344</timestamp>
			</report>
			<report>
				<misses>2252001</misses>
				<total>2240039</total>
				<timestamp>156.727263</timestamp>
			</report>
			<report>
				<misses>2253001</misses>
				<total>2241038</total>
				<timestamp>156.793573</timestamp>
			</report>
			<report>
				<misses>2254001</misses>
				<total>2242037</total>
				<timestamp>156.860770</timestamp>
			</report>
			<report>
				<misses>2255001</misses>
				<total>2243036</total>
				<timestamp>156.929253</timestamp>
			</report>
			<report>
				<misses>2256001</misses>
				<total>2244035</total>
				<timestamp>156.995552</timestamp>
			</report>
			<report>
				<misses>2257001</misses>
				<total>2245034</total>
				<timestamp>157.059063</timestamp>
			</report>
			<report>
				<misses>2258001</misses>
				<total>2246033</total>
				<timestamp>157.135763</timestamp>
			</report>
			<report>
				<misses>2259001</misses>
				<total>2247032</total>
				<timestamp>157.199222</timestamp>
			</report>
			<report>
				<misses>2260001</misses>
				<total>2248031</total>
				<timestamp>157.263184</timestamp>
			</report>
			<report>
				<misses>2261001</misses>
				<total>2249030</total>
				<timestamp>157.334964</timestamp>
			</report>
			<report>
				<misses>2262001</misses>
				<total>2250029</total>
				<timestamp>157.405873</timestamp>
			</report>
			<report>
				<misses>2263001</misses>
				<total>2251028</total>
				<timestamp>157.478088</timestamp>
			</report>
			<report>
				<misses>2264001</misses>
				<total>2252027</total>
				<timestamp>157.544890</timestamp>
			</report>
			<report>
				<misses>2265001</misses>
				<total>2253026</total>
				<timestamp>157.609418</timestamp>
			</report>
			<report>
				<misses>2266001</misses>
				<total>2254025</total>
				<timestamp>157.673761</timestamp>
			</report>
			<report>
				<misses>2267001</misses>
				<total>2255024</total>
				<timestamp>157.738753</timestamp>
			</report>
			<report>
				<misses>2268001</misses>
				<total>2256023</total>
				<timestamp>157.815116</timestamp>
			</report>
			<report>
				<misses>2269001</misses>
				<total>2257022</total>
				<timestamp>157.878394</timestamp>
			</report>
			<report>
				<misses>2270001</misses>
				<total>2258021</total>
				<timestamp>157.952762</timestamp>
			</report>
			<report>
				<misses>2271001</misses>
				<total>2259020</total>
				<timestamp>158.031049</timestamp>
			</report>
			<report>
				<misses>2272001</misses>
				<total>2260019</total>
				<timestamp>158.095847</timestamp>
			</report>
			<report>
				<misses>2273001</misses>
				<total>2261018</total>
				<timestamp>158.167984</timestamp>
			</report>
			<report>
				<misses>2274001</misses>
				<total>2262017</total>
				<timestamp>158.237056</timestamp>
			</report>
			<report>
				<misses>2275001</misses>
				<total>2263016</total>
				<timestamp>158.300965</timestamp>
			</report>
			<report>
				<misses>2276001</misses>
				<total>2264015</total>
				<timestamp>158.364558</timestamp>
			</report>
			<report>
				<misses>2277001</misses>
				<total>2265014</total>
				<timestamp>158.443851</timestamp>
			</report>
			<report>
				<misses>2278001</misses>
				<total>2266013</total>
				<timestamp>158.520484</timestamp>
			</report>
			<report>
				<misses>2279001</misses>
				<total>2267012</total>
				<timestamp>158.588953</timestamp>
			</report>
			<report>
				<misses>2280001</misses>
				<total>2268011</total>
				<timestamp>158.652741</timestamp>
			</report>
			<report>
				<misses>2281001</misses>
				<total>2269010</total>
				<timestamp>158.716571</timestamp>
			</report>
			<report>
				<misses>2282001</misses>
				<total>2270009</total>
				<timestamp>158.786703</timestamp>
			</report>
			<report>
				<misses>2283001</misses>
				<total>2271008</total>
				<timestamp>158.864869</timestamp>
			</report>
			<report>
				<misses>2284001</misses>
				<total>2272007</total>
				<timestamp>158.929018</timestamp>
			</report>
			<report>
				<misses>2285001</misses>
				<total>2273006</total>
				<timestamp>158.992654</timestamp>
			</report>
			<report>
				<misses>2286001</misses>
				<total>2274005</total>
				<timestamp>159.066067</timestamp>
			</report>
			<report>
				<misses>2287001</misses>
				<total>2275004</total>
				<timestamp>159.139078</timestamp>
			</report>
			<report>
				<misses>2288001</misses>
				<total>2276003</total>
				<timestamp>159.213920</timestamp>
			</report>
			<report>
				<misses>2289001</misses>
				<total>2277002</total>
				<timestamp>159.282911</timestamp>
			</report>
			<report>
				<misses>2290001</misses>
				<total>2278001</total>
				<timestamp>159.356294</timestamp>
			</report>
			<report>
				<misses>2291001</misses>
				<total>2279000</total>
				<timestamp>159.428738</timestamp>
			</report>
			<report>
				<misses>2292001</misses>
				<total>2279999</total>
				<timestamp>159.503106</timestamp>
			</report>
			<report>
				<misses>2293001</misses>
				<total>2280998</total>
				<timestamp>159.570531</timestamp>
			</report>
			<report>
				<misses>2294001</misses>
				<total>2281997</total>
				<timestamp>159.634126</timestamp>
			</report>
			<report>
				<misses>2295001</misses>
				<total>2282996</total>
				<timestamp>159.702947</timestamp>
			</report>
			<report>
				<misses>2296001</misses>
				<total>2283995</total>
				<timestamp>159.776903</timestamp>
			</report>
			<report>
				<misses>2297001</misses>
				<total>2284994</total>
				<timestamp>159.848092</timestamp>
			</report>
			<report>
				<misses>2298001</misses>
				<total>2285993</total>
				<timestamp>159.912282</timestamp>
			</report>
			<report>
				<misses>2299001</misses>
				<total>2286992</total>
				<timestamp>159.982046</timestamp>
			</report>
			<report>
				<misses>2300001</misses>
				<total>2287991</total>
				<timestamp>160.055251</timestamp>
			</report>
			<report>
				<misses>2301001</misses>
				<total>2288990</total>
				<timestamp>160.126118</timestamp>
			</report>
			<report>
				<misses>2302001</misses>
				<total>2289989</total>
				<timestamp>160.204294</timestamp>
			</report>
			<report>
				<misses>2303001</misses>
				<total>2290988</total>
				<timestamp>160.285747</timestamp>
			</report>
			<report>
				<misses>2304001</misses>
				<total>2291987</total>
				<timestamp>160.360933</timestamp>
			</report>
			<report>
				<misses>2305001</misses>
				<total>2292986</total>
				<timestamp>160.436030</timestamp>
			</report>
			<report>
				<misses>2306001</misses>
				<total>2293985</total>
				<timestamp>160.512339</timestamp>
			</report>
			<report>
				<misses>2307001</misses>
				<total>2294984</total>
				<timestamp>160.579354</timestamp>
			</report>
			<report>
				<misses>2308001</misses>
				<total>2295983</total>
				<timestamp>160.652455</timestamp>
			</report>
			<report>
				<misses>2309001</misses>
				<total>2296982</total>
				<timestamp>160.720402</timestamp>
			</report>
			<report>
				<misses>2310001</misses>
				<total>2297981</total>
				<timestamp>160.792169</timestamp>
			</report>
			<report>
				<misses>2311001</misses>
				<total>2298980</total>
				<timestamp>160.866062</timestamp>
			</report>
			<report>
				<misses>2312001</misses>
				<total>2299979</total>
				<timestamp>160.939193</timestamp>
			</report>
			<report>
				<misses>2313001</misses>
				<total>2300978</total>
				<timestamp>161.010157</timestamp>
			</report>
			<report>
				<misses>2314001</misses>
				<total>2301977</total>
				<timestamp>161.075935</timestamp>
			</report>
			<report>
				<misses>2315001</misses>
				<total>2302976</total>
				<timestamp>161.149657</timestamp>
			</report>
			<report>
				<misses>2316001</misses>
				<total>2303975</total>
				<timestamp>161.220042</timestamp>
			</report>
			<report>
				<misses>2317001</misses>
				<total>2304974</total>
				<timestamp>161.291555</timestamp>
			</report>
			<report>
				<misses>2318001</misses>
				<total>2305973</total>
				<timestamp>161.369307</timestamp>
			</report>
			<report>
				<misses>2319001</misses>
				<total>2306972</total>
				<timestamp>161.447870</timestamp>
			</report>
			<report>
				<misses>2320001</misses>
				<total>2307971</total>
				<timestamp>161.512918</timestamp>
			</report>
			<report>
				<misses>2321001</misses>
				<total>2308970</total>
				<timestamp>161.582134</timestamp>
			</report>
			<report>
				<misses>2322001</misses>
				<total>2309969</total>
				<timestamp>161.661416</timestamp>
			</report>
			<report>
				<misses>2323001</misses>
				<total>2310968</total>
				<timestamp>161.743760</timestamp>
			</report>
			<report>
				<misses>2324001</misses>
				<total>2311967</total>
				<timestamp>161.819170</timestamp>
			</report>
			<report>
				<misses>2325001</misses>
				<total>2312966</total>
				<timestamp>161.900834</timestamp>
			</report>
			<report>
				<misses>2326001</misses>
				<total>2313965</total>
				<timestamp>161.966134</timestamp>
			</report>
			<report>
				<misses>2327001</misses>
				<total>2314964</total>
				<timestamp>162.030760</timestamp>
			</report>
			<report>
				<misses>2328001</misses>
				<total>2315963</total>
				<timestamp>162.096337</timestamp>
			</report>
			<report>
				<misses>2329001</misses>
				<total>2316962</total>
				<timestamp>162.160871</timestamp>
			</report>
			<report>
				<misses>2330001</misses>
				<total>2317961</total>
				<timestamp>162.224953</timestamp>
			</report>
			<report>
				<misses>2331001</misses>
				<total>2318960</total>
				<timestamp>162.294114</timestamp>
			</report>
			<report>
				<misses>2332001</misses>
				<total>2319959</total>
				<timestamp>162.371308</timestamp>
			</report>
			<report>
				<misses>2333001</misses>
				<total>2320958</total>
				<timestamp>162.445428</timestamp>
			</report>
			<report>
				<misses>2334001</misses>
				<total>2321957</total>
				<timestamp>162.517880</timestamp>
			</report>
			<report>
				<misses>2335001</misses>
				<total>2322956</total>
				<timestamp>162.596558</timestamp>
			</report>
			<report>
				<misses>2336001</misses>
				<total>2323955</total>
				<timestamp>162.671942</timestamp>
			</report>
			<report>
				<misses>2337001</misses>
				<total>2324954</total>
				<timestamp>162.738059</timestamp>
			</report>
			<report>
				<misses>2338001</misses>
				<total>2325953</total>
				<timestamp>162.802284</timestamp>
			</report>
			<report>
				<misses>2339001</misses>
				<total>2326952</total>
				<timestamp>162.868160</timestamp>
			</report>
			<report>
				<misses>2340001</misses>
				<total>2327951</total>
				<timestamp>162.939119</timestamp>
			</report>
			<report>
				<misses>2341001</misses>
				<total>2328950</total>
				<timestamp>163.012030</timestamp>
			</report>
			<report>
				<misses>2342001</misses>
				<total>2329949</total>
				<timestamp>163.091128</timestamp>
			</report>
			<report>
				<misses>2343001</misses>
				<total>2330948</total>
				<timestamp>163.156813</timestamp>
			</report>
			<report>
				<misses>2344001</misses>
				<total>2331947</total>
				<timestamp>163.225566</timestamp>
			</report>
			<report>
				<misses>2345001</misses>
				<total>2332946</total>
				<timestamp>163.292914</timestamp>
			</report>
			<report>
				<misses>2346001</misses>
				<total>2333945</total>
				<timestamp>163.357191</timestamp>
			</report>
			<report>
				<misses>2347001</misses>
				<total>2334944</total>
				<timestamp>163.422914</timestamp>
			</report>
			<report>
				<misses>2348001</misses>
				<total>2335943</total>
				<timestamp>163.495221</timestamp>
			</report>
			<report>
				<misses>2349001</misses>
				<total>2336942</total>
				<timestamp>163.576741</timestamp>
			</report>
			<report>
				<misses>2350001</misses>
				<total>2337941</total>
				<timestamp>163.652270</timestamp>
			</report>
			<report>
				<misses>2351001</misses>
				<total>2338940</total>
				<timestamp>163.729540</timestamp>
			</report>
			<report>
				<misses>2352001</misses>
				<total>2339939</total>
				<timestamp>163.795184</timestamp>
			</report>
			<report>
				<misses>2353001</misses>
				<total>2340938</total>
				<timestamp>163.863287</timestamp>
			</report>
			<report>
				<misses>2354001</misses>
				<total>2341937</total>
				<timestamp>163.929892</timestamp>
			</report>
			<report>
				<misses>2355001</misses>
				<total>2342936</total>
				<timestamp>164.000973</timestamp>
			</report>
			<report>
				<misses>2356001</misses>
				<total>2343935</total>
				<timestamp>164.076340</timestamp>
			</report>
			<report>
				<misses>2357001</misses>
				<total>2344934</total>
				<timestamp>164.141383</timestamp>
			</report>
			<report>
				<misses>2358001</misses>
				<total>2345933</total>
				<timestamp>164.216881</timestamp>
			</report>
			<report>
				<misses>2359001</misses>
				<total>2346932</total>
				<timestamp>164.291394</timestamp>
			</report>
			<report>
				<misses>2360001</misses>
				<total>2347931</total>
				<timestamp>164.363790</timestamp>
			</report>
			<report>
				<misses>2361001</misses>
				<total>2348930</total>
				<timestamp>164.441925</timestamp>
			</report>
			<report>
				<misses>2362001</misses>
				<total>2349929</total>
				<timestamp>164.511297</timestamp>
			</report>
			<report>
				<misses>2363001</misses>
				<total>2350928</total>
				<timestamp>164.581095</timestamp>
			</report>
			<report>
				<misses>2364001</misses>
				<total>2351927</total>
				<timestamp>164.649109</timestamp>
			</report>
			<report>
				<misses>2365001</misses>
				<total>2352926</total>
				<timestamp>164.722447</timestamp>
			</report>
			<report>
				<misses>2366001</misses>
				<total>2353925</total>
				<timestamp>164.788701</timestamp>
			</report>
			<report>
				<misses>2367001</misses>
				<total>2354924</total>
				<timestamp>164.860729</timestamp>
			</report>
			<report>
				<misses>2368001</misses>
				<total>2355923</total>
				<timestamp>164.938556</timestamp>
			</report>
			<report>
				<misses>2369001</misses>
				<total>2356922</total>
				<timestamp>165.014541</timestamp>
			</report>
			<report>
				<misses>2370001</misses>
				<total>2357921</total>
				<timestamp>165.089841</timestamp>
			</report>
			<report>
				<misses>2371001</misses>
				<total>2358920</total>
				<timestamp>165.163271</timestamp>
			</report>
			<report>
				<misses>2372001</misses>
				<total>2359919</total>
				<timestamp>165.228191</timestamp>
			</report>
			<report>
				<misses>2373001</misses>
				<total>2360918</total>
				<timestamp>165.292198</timestamp>
			</report>
			<report>
				<misses>2374001</misses>
				<total>2361917</total>
				<timestamp>165.362022</timestamp>
			</report>
			<report>
				<misses>2375001</misses>
				<total>2362916</total>
				<timestamp>165.441800</timestamp>
			</report>
			<report>
				<misses>2376001</misses>
				<total>2363915</total>
				<timestamp>165.513204</timestamp>
			</report>
			<report>
				<misses>2377001</misses>
				<total>2364914</total>
				<timestamp>165.590312</timestamp>
			</report>
			<report>
				<misses>2378001</misses>
				<total>2365913</total>
				<timestamp>165.657115</timestamp>
			</report>
			<report>
				<misses>2379001</misses>
				<total>2366912</total>
				<timestamp>165.726414</timestamp>
			</report>
			<report>
				<misses>2380001</misses>
				<total>2367911</total>
				<timestamp>165.792396</timestamp>
			</report>
			<report>
				<misses>2381001</misses>
				<total>2368910</total>
				<timestamp>165.862179</timestamp>
			</report>
			<report>
				<misses>2382001</misses>
				<total>2369909</total>
				<timestamp>165.927787</timestamp>
			</report>
			<report>
				<misses>2383001</misses>
				<total>2370908</total>
				<timestamp>165.998791</timestamp>
			</report>
			<report>
				<misses>2384001</misses>
				<total>2371907</total>
				<timestamp>166.076733</timestamp>
			</report>
			<report>
				<misses>2385001</misses>
				<total>2372906</total>
				<timestamp>166.141250</timestamp>
			</report>
			<report>
				<misses>2386001</misses>
				<total>2373905</total>
				<timestamp>166.212330</timestamp>
			</report>
			<report>
				<misses>2387001</misses>
				<total>2374904</total>
				<timestamp>166.284988</timestamp>
			</report>
			<report>
				<misses>2388001</misses>
				<total>2375903</total>
				<timestamp>166.353782</timestamp>
			</report>
			<report>
				<misses>2389001</misses>
				<total>2376902</total>
				<timestamp>166.431192</timestamp>
			</report>
			<report>
				<misses>2390001</misses>
				<total>2377901</total>
				<timestamp>166.503951</timestamp>
			</report>
			<report>
				<misses>2391001</misses>
				<total>2378900</total>
				<timestamp>166.569788</timestamp>
			</report>
			<report>
				<misses>2392001</misses>
				<total>2379899</total>
				<timestamp>166.635356</timestamp>
			</report>
			<report>
				<misses>2393001</misses>
				<total>2380898</total>
				<timestamp>166.701217</timestamp>
			</report>
			<report>
				<misses>2394001</misses>
				<total>2381897</total>
				<timestamp>166.770161</timestamp>
			</report>
			<report>
				<misses>2395001</misses>
				<total>2382896</total>
				<timestamp>166.849268</timestamp>
			</report>
			<report>
				<misses>2396001</misses>
				<total>2383895</total>
				<timestamp>166.920914</timestamp>
			</report>
			<report>
				<misses>2397001</misses>
				<total>2384894</total>
				<timestamp>166.986178</timestamp>
			</report>
			<report>
				<misses>2398001</misses>
				<total>2385893</total>
				<timestamp>167.050342</timestamp>
			</report>
			<report>
				<misses>2399001</misses>
				<total>2386892</total>
				<timestamp>167.135801</timestamp>
			</report>
			<report>
				<misses>2400001</misses>
				<total>2387891</total>
				<timestamp>167.211411</timestamp>
			</report>
			<report>
				<misses>2401001</misses>
				<total>2388890</total>
				<timestamp>167.279919</timestamp>
			</report>
			<report>
				<misses>2402001</misses>
				<total>2389889</total>
				<timestamp>167.351712</timestamp>
			</report>
			<report>
				<misses>2403001</misses>
				<total>2390888</total>
				<timestamp>167.422339</timestamp>
			</report>
			<report>
				<misses>2404001</misses>
				<total>2391887</total>
				<timestamp>167.486309</timestamp>
			</report>
			<report>
				<misses>2405001</misses>
				<total>2392886</total>
				<timestamp>167.558909</timestamp>
			</report>
			<report>
				<misses>2406001</misses>
				<total>2393885</total>
				<timestamp>167.626056</timestamp>
			</report>
			<report>
				<misses>2407001</misses>
				<total>2394884</total>
				<timestamp>167.690695</timestamp>
			</report>
			<report>
				<misses>2408001</misses>
				<total>2395883</total>
				<timestamp>167.763214</timestamp>
			</report>
			<report>
				<misses>2409001</misses>
				<total>2396882</total>
				<timestamp>167.836540</timestamp>
			</report>
			<report>
				<misses>2410001</misses>
				<total>2397881</total>
				<timestamp>167.905468</timestamp>
			</report>
			<report>
				<misses>2411001</misses>
				<total>2398880</total>
				<timestamp>167.973272</timestamp>
			</report>
			<report>
				<misses>2412001</misses>
				<total>2399879</total>
				<timestamp>168.037636</timestamp>
			</report>
			<report>
				<misses>2413001</misses>
				<total>2400878</total>
				<timestamp>168.102964</timestamp>
			</report>
			<report>
				<misses>2414001</misses>
				<total>2401877</total>
				<timestamp>168.171991</timestamp>
			</report>
			<report>
				<misses>2415001</misses>
				<total>2402876</total>
				<timestamp>168.235923</timestamp>
			</report>
			<report>
				<misses>2416001</misses>
				<total>2403875</total>
				<timestamp>168.300780</timestamp>
			</report>
			<report>
				<misses>2417001</misses>
				<total>2404874</total>
				<timestamp>168.367140</timestamp>
			</report>
			<report>
				<misses>2418001</misses>
				<total>2405873</total>
				<timestamp>168.438716</timestamp>
			</report>
			<report>
				<misses>2419001</misses>
				<total>2406872</total>
				<timestamp>168.515781</timestamp>
			</report>
			<report>
				<misses>2420001</misses>
				<total>2407871</total>
				<timestamp>168.584661</timestamp>
			</report>
			<report>
				<misses>2421001</misses>
				<total>2408870</total>
				<timestamp>168.650783</timestamp>
			</report>
			<report>
				<misses>2422001</misses>
				<total>2409869</total>
				<timestamp>168.715838</timestamp>
			</report>
			<report>
				<misses>2423001</misses>
				<total>2410868</total>
				<timestamp>168.780290</timestamp>
			</report>
			<report>
				<misses>2424001</misses>
				<total>2411867</total>
				<timestamp>168.844111</timestamp>
			</report>
			<report>
				<misses>2425001</misses>
				<total>2412866</total>
				<timestamp>168.914329</timestamp>
			</report>
			<report>
				<misses>2426001</misses>
				<total>2413865</total>
				<timestamp>168.986650</timestamp>
			</report>
			<report>
				<misses>2427001</misses>
				<total>2414864</total>
				<timestamp>169.058183</timestamp>
			</report>
			<report>
				<misses>2428001</misses>
				<total>2415863</total>
				<timestamp>169.126390</timestamp>
			</report>
			<report>
				<misses>2429001</misses>
				<total>2416862</total>
				<timestamp>169.190008</timestamp>
			</report>
			<report>
				<misses>2430001</misses>
				<total>2417861</total>
				<timestamp>169.254124</timestamp>
			</report>
			<report>
				<misses>2431001</misses>
				<total>2418860</total>
				<timestamp>169.320703</timestamp>
			</report>
			<report>
				<misses>2432001</misses>
				<total>2419859</total>
				<timestamp>169.393698</timestamp>
			</report>
			<report>
				<misses>2433001</misses>
				<total>2420858</total>
				<timestamp>169.459744</timestamp>
			</report>
			<report>
				<misses>2434001</misses>
				<total>2421857</total>
				<timestamp>169.530839</timestamp>
			</report>
			<report>
				<misses>2435001</misses>
				<total>2422856</total>
				<timestamp>169.596304</timestamp>
			</report>
			<report>
				<misses>2436001</misses>
				<total>2423855</total>
				<timestamp>169.660599</timestamp>
			</report>
			<report>
				<misses>2437001</misses>
				<total>2424854</total>
				<timestamp>169.733888</timestamp>
			</report>
			<report>
				<misses>2438001</misses>
				<total>2425853</total>
				<timestamp>169.803888</timestamp>
			</report>
			<report>
				<misses>2439001</misses>
				<total>2426852</total>
				<timestamp>169.868780</timestamp>
			</report>
			<report>
				<misses>2440001</misses>
				<total>2427851</total>
				<timestamp>169.937780</timestamp>
			</report>
			<report>
				<misses>2441001</misses>
				<total>2428850</total>
				<timestamp>170.002677</timestamp>
			</report>
			<report>
				<misses>2442001</misses>
				<total>2429849</total>
				<timestamp>170.078875</timestamp>
			</report>
			<report>
				<misses>2443001</misses>
				<total>2430848</total>
				<timestamp>170.155695</timestamp>
			</report>
			<report>
				<misses>2444001</misses>
				<total>2431847</total>
				<timestamp>170.223840</timestamp>
			</report>
			<report>
				<misses>2445001</misses>
				<total>2432846</total>
				<timestamp>170.291216</timestamp>
			</report>
			<report>
				<misses>2446001</misses>
				<total>2433845</total>
				<timestamp>170.355428</timestamp>
			</report>
			<report>
				<misses>2447001</misses>
				<total>2434844</total>
				<timestamp>170.431884</timestamp>
			</report>
			<report>
				<misses>2448001</misses>
				<total>2435843</total>
				<timestamp>170.500904</timestamp>
			</report>
			<report>
				<misses>2449001</misses>
				<total>2436842</total>
				<timestamp>170.568067</timestamp>
			</report>
			<report>
				<misses>2450001</misses>
				<total>2437841</total>
				<timestamp>170.634111</timestamp>
			</report>
			<report>
				<misses>2451001</misses>
				<total>2438840</total>
				<timestamp>170.706331</timestamp>
			</report>
			<report>
				<misses>2452001</misses>
				<total>2439839</total>
				<timestamp>170.775024</timestamp>
			</report>
			<report>
				<misses>2453001</misses>
				<total>2440838</total>
				<timestamp>170.839465</timestamp>
			</report>
			<report>
				<misses>2454001</misses>
				<total>2441837</total>
				<timestamp>170.904015</timestamp>
			</report>
			<report>
				<misses>2455001</misses>
				<total>2442836</total>
				<timestamp>170.968884</timestamp>
			</report>
			<report>
				<misses>2456001</misses>
				<total>2443835</total>
				<timestamp>171.045125</timestamp>
			</report>
			<report>
				<misses>2457001</misses>
				<total>2444834</total>
				<timestamp>171.110491</timestamp>
			</report>
			<report>
				<misses>2458001</misses>
				<total>2445833</total>
				<timestamp>171.192249</timestamp>
			</report>
			<report>
				<misses>2459001</misses>
				<total>2446832</total>
				<timestamp>171.260490</timestamp>
			</report>
			<report>
				<misses>2460001</misses>
				<total>2447831</total>
				<timestamp>171.331662</timestamp>
			</report>
			<report>
				<misses>2461001</misses>
				<total>2448830</total>
				<timestamp>171.402414</timestamp>
			</report>
			<report>
				<misses>2462001</misses>
				<total>2449829</total>
				<timestamp>171.473981</timestamp>
			</report>
			<report>
				<misses>2463001</misses>
				<total>2450828</total>
				<timestamp>171.538502</timestamp>
			</report>
			<report>
				<misses>2464001</misses>
				<total>2451827</total>
				<timestamp>171.604434</timestamp>
			</report>
			<report>
				<misses>2465001</misses>
				<total>2452826</total>
				<timestamp>171.678840</timestamp>
			</report>
			<report>
				<misses>2466001</misses>
				<total>2453825</total>
				<timestamp>171.746301</timestamp>
			</report>
			<report>
				<misses>2467001</misses>
				<total>2454824</total>
				<timestamp>171.812742</timestamp>
			</report>
			<report>
				<misses>2468001</misses>
				<total>2455823</total>
				<timestamp>171.879868</timestamp>
			</report>
			<report>
				<misses>2469001</misses>
				<total>2456822</total>
				<timestamp>171.947991</timestamp>
			</report>
			<report>
				<misses>2470001</misses>
				<total>2457821</total>
				<timestamp>172.022099</timestamp>
			</report>
			<report>
				<misses>2471001</misses>
				<total>2458820</total>
				<timestamp>172.088754</timestamp>
			</report>
			<report>
				<misses>2472001</misses>
				<total>2459819</total>
				<timestamp>172.158328</timestamp>
			</report>
			<report>
				<misses>2473001</misses>
				<total>2460818</total>
				<timestamp>172.224280</timestamp>
			</report>
			<report>
				<misses>2474001</misses>
				<total>2461817</total>
				<timestamp>172.292037</timestamp>
			</report>
			<report>
				<misses>2475001</misses>
				<total>2462816</total>
				<timestamp>172.368479</timestamp>
			</report>
			<report>
				<misses>2476001</misses>
				<total>2463815</total>
				<timestamp>172.442065</timestamp>
			</report>
			<report>
				<misses>2477001</misses>
				<total>2464814</total>
				<timestamp>172.519279</timestamp>
			</report>
			<report>
				<misses>2478001</misses>
				<total>2465813</total>
				<timestamp>172.598008</timestamp>
			</report>
			<report>
				<misses>2479001</misses>
				<total>2466812</total>
				<timestamp>172.677129</timestamp>
			</report>
			<report>
				<misses>2480001</misses>
				<total>2467811</total>
				<timestamp>172.752105</timestamp>
			</report>
			<report>
				<misses>2481001</misses>
				<total>2468810</total>
				<timestamp>172.832207</timestamp>
			</report>
			<report>
				<misses>2482001</misses>
				<total>2469809</total>
				<timestamp>172.916369</timestamp>
			</report>
			<report>
				<misses>2483001</misses>
				<total>2470808</total>
				<timestamp>172.986044</timestamp>
			</report>
			<report>
				<misses>2484001</misses>
				<total>2471807</total>
				<timestamp>173.052948</timestamp>
			</report>
			<report>
				<misses>2485001</misses>
				<total>2472806</total>
				<timestamp>173.118031</timestamp>
			</report>
			<report>
				<misses>2486001</misses>
				<total>2473805</total>
				<timestamp>173.184162</timestamp>
			</report>
			<report>
				<misses>2487001</misses>
				<total>2474804</total>
				<timestamp>173.250287</timestamp>
			</report>
			<report>
				<misses>2488001</misses>
				<total>2475803</total>
				<timestamp>173.327101</timestamp>
			</report>
			<report>
				<misses>2489001</misses>
				<total>2476802</total>
				<timestamp>173.406015</timestamp>
			</report>
			<report>
				<misses>2490001</misses>
				<total>2477801</total>
				<timestamp>173.473808</timestamp>
			</report>
			<report>
				<misses>2491001</misses>
				<total>2478800</total>
				<timestamp>173.538263</timestamp>
			</report>
			<report>
				<misses>2492001</misses>
				<total>2479799</total>
				<timestamp>173.603238</timestamp>
			</report>
			<report>
				<misses>2493001</misses>
				<total>2480798</total>
				<timestamp>173.679400</timestamp>
			</report>
			<report>
				<misses>2494001</misses>
				<total>2481797</total>
				<timestamp>173.750690</timestamp>
			</report>
			<report>
				<misses>2495001</misses>
				<total>2482796</total>
				<timestamp>173.814900</timestamp>
			</report>
			<report>
				<misses>2496001</misses>
				<total>2483795</total>
				<timestamp>173.885116</timestamp>
			</report>
			<report>
				<misses>2497001</misses>
				<total>2484794</total>
				<timestamp>173.958992</timestamp>
			</report>
			<report>
				<misses>2498001</misses>
				<total>2485793</total>
				<timestamp>174.028114</timestamp>
			</report>
			<report>
				<misses>2499001</misses>
				<total>2486792</total>
				<timestamp>174.112806</timestamp>
			</report>
			<report>
				<misses>2500001</misses>
				<total>2487791</total>
				<timestamp>174.181171</timestamp>
			</report>
			<report>
				<misses>2501001</misses>
				<total>2488790</total>
				<timestamp>174.247427</timestamp>
			</report>
			<report>
				<misses>2502001</misses>
				<total>2489789</total>
				<timestamp>174.314721</timestamp>
			</report>
			<report>
				<misses>2503001</misses>
				<total>2490788</total>
				<timestamp>174.379656</timestamp>
			</report>
			<report>
				<misses>2504001</misses>
				<total>2491787</total>
				<timestamp>174.443352</timestamp>
			</report>
			<report>
				<misses>2505001</misses>
				<total>2492786</total>
				<timestamp>174.512262</timestamp>
			</report>
			<report>
				<misses>2506001</misses>
				<total>2493785</total>
				<timestamp>174.587424</timestamp>
			</report>
			<report>
				<misses>2507001</misses>
				<total>2494784</total>
				<timestamp>174.664274</timestamp>
			</report>
			<report>
				<misses>2508001</misses>
				<total>2495783</total>
				<timestamp>174.730112</timestamp>
			</report>
			<report>
				<misses>2509001</misses>
				<total>2496782</total>
				<timestamp>174.794676</timestamp>
			</report>
			<report>
				<misses>2510001</misses>
				<total>2497781</total>
				<timestamp>174.860776</timestamp>
			</report>
			<report>
				<misses>2511001</misses>
				<total>2498780</total>
				<timestamp>174.935395</timestamp>
			</report>
			<report>
				<misses>2512001</misses>
				<total>2499779</total>
				<timestamp>175.011270</timestamp>
			</report>
			<report>
				<misses>2513001</misses>
				<total>2500778</total>
				<timestamp>175.084201</timestamp>
			</report>
			<report>
				<misses>2514001</misses>
				<total>2501777</total>
				<timestamp>175.154324</timestamp>
			</report>
			<report>
				<misses>2515001</misses>
				<total>2502776</total>
				<timestamp>175.225769</timestamp>
			</report>
			<report>
				<misses>2516001</misses>
				<total>2503775</total>
				<timestamp>175.296386</timestamp>
			</report>
			<report>
				<misses>2517001</misses>
				<total>2504774</total>
				<timestamp>175.374118</timestamp>
			</report>
			<report>
				<misses>2518001</misses>
				<total>2505773</total>
				<timestamp>175.443642</timestamp>
			</report>
			<report>
				<misses>2519001</misses>
				<total>2506772</total>
				<timestamp>175.517311</timestamp>
			</report>
			<report>
				<misses>2520001</misses>
				<total>2507771</total>
				<timestamp>175.591900</timestamp>
			</report>
			<report>
				<misses>2521001</misses>
				<total>2508770</total>
				<timestamp>175.669778</timestamp>
			</report>
			<report>
				<misses>2522001</misses>
				<total>2509769</total>
				<timestamp>175.753014</timestamp>
			</report>
			<report>
				<misses>2523001</misses>
				<total>2510768</total>
				<timestamp>175.828908</timestamp>
			</report>
			<report>
				<misses>2524001</misses>
				<total>2511767</total>
				<timestamp>175.897393</timestamp>
			</report>
			<report>
				<misses>2525001</misses>
				<total>2512766</total>
				<timestamp>175.970188</timestamp>
			</report>
			<report>
				<misses>2526001</misses>
				<total>2513765</total>
				<timestamp>176.041662</timestamp>
			</report>
			<report>
				<misses>2527001</misses>
				<total>2514764</total>
				<timestamp>176.111645</timestamp>
			</report>
			<report>
				<misses>2528001</misses>
				<total>2515763</total>
				<timestamp>176.182719</timestamp>
			</report>
			<report>
				<misses>2529001</misses>
				<total>2516762</total>
				<timestamp>176.249638</timestamp>
			</report>
			<report>
				<misses>2530001</misses>
				<total>2517761</total>
				<timestamp>176.315706</timestamp>
			</report>
			<report>
				<misses>2531001</misses>
				<total>2518760</total>
				<timestamp>176.391073</timestamp>
			</report>
			<report>
				<misses>2532001</misses>
				<total>2519759</total>
				<timestamp>176.455960</timestamp>
			</report>
			<report>
				<misses>2533001</misses>
				<total>2520758</total>
				<timestamp>176.522272</timestamp>
			</report>
			<report>
				<misses>2534001</misses>
				<total>2521757</total>
				<timestamp>176.593942</timestamp>
			</report>
			<report>
				<misses>2535001</misses>
				<total>2522756</total>
				<timestamp>176.664402</timestamp>
			</report>
			<report>
				<misses>2536001</misses>
				<total>2523755</total>
				<timestamp>176.737703</timestamp>
			</report>
			<report>
				<misses>2537001</misses>
				<total>2524754</total>
				<timestamp>176.802417</timestamp>
			</report>
			<report>
				<misses>2538001</misses>
				<total>2525753</total>
				<timestamp>176.866713</timestamp>
			</report>
			<report>
				<misses>2539001</misses>
				<total>2526752</total>
				<timestamp>176.931583</timestamp>
			</report>
			<report>
				<misses>2540001</misses>
				<total>2527751</total>
				<timestamp>176.996270</timestamp>
			</report>
			<report>
				<misses>2541001</misses>
				<total>2528750</total>
				<timestamp>177.064138</timestamp>
			</report>
			<report>
				<misses>2542001</misses>
				<total>2529749</total>
				<timestamp>177.139858</timestamp>
			</report>
			<report>
				<misses>2543001</misses>
				<total>2530748</total>
				<timestamp>177.211630</timestamp>
			</report>
			<report>
				<misses>2544001</misses>
				<total>2531747</total>
				<timestamp>177.288017</timestamp>
			</report>
			<report>
				<misses>2545001</misses>
				<total>2532746</total>
				<timestamp>177.363622</timestamp>
			</report>
			<report>
				<misses>2546001</misses>
				<total>2533745</total>
				<timestamp>177.438212</timestamp>
			</report>
			<report>
				<misses>2547001</misses>
				<total>2534744</total>
				<timestamp>177.512913</timestamp>
			</report>
			<report>
				<misses>2548001</misses>
				<total>2535743</total>
				<timestamp>177.577838</timestamp>
			</report>
			<report>
				<misses>2549001</misses>
				<total>2536742</total>
				<timestamp>177.647915</timestamp>
			</report>
			<report>
				<misses>2550001</misses>
				<total>2537741</total>
				<timestamp>177.717628</timestamp>
			</report>
			<report>
				<misses>2551001</misses>
				<total>2538740</total>
				<timestamp>177.794216</timestamp>
			</report>
			<report>
				<misses>2552001</misses>
				<total>2539739</total>
				<timestamp>177.873352</timestamp>
			</report>
			<report>
				<misses>2553001</misses>
				<total>2540738</total>
				<timestamp>177.944317</timestamp>
			</report>
			<report>
				<misses>2554001</misses>
				<total>2541737</total>
				<timestamp>178.013766</timestamp>
			</report>
			<report>
				<misses>2555001</misses>
				<total>2542736</total>
				<timestamp>178.081750</timestamp>
			</report>
			<report>
				<misses>2556001</misses>
				<total>2543735</total>
				<timestamp>178.148325</timestamp>
			</report>
			<report>
				<misses>2557001</misses>
				<total>2544734</total>
				<timestamp>178.223601</timestamp>
			</report>
			<report>
				<misses>2558001</misses>
				<total>2545733</total>
				<timestamp>178.304661</timestamp>
			</report>
			<report>
				<misses>2559001</misses>
				<total>2546732</total>
				<timestamp>178.374638</timestamp>
			</report>
			<report>
				<misses>2560001</misses>
				<total>2547731</total>
				<timestamp>178.446292</timestamp>
			</report>
			<report>
				<misses>2561001</misses>
				<total>2548730</total>
				<timestamp>178.514791</timestamp>
			</report>
			<report>
				<misses>2562001</misses>
				<total>2549729</total>
				<timestamp>178.579065</timestamp>
			</report>
			<report>
				<misses>2563001</misses>
				<total>2550728</total>
				<timestamp>178.643177</timestamp>
			</report>
			<report>
				<misses>2564001</misses>
				<total>2551727</total>
				<timestamp>178.710141</timestamp>
			</report>
			<report>
				<misses>2565001</misses>
				<total>2552726</total>
				<timestamp>178.785018</timestamp>
			</report>
			<report>
				<misses>2566001</misses>
				<total>2553725</total>
				<timestamp>178.850812</timestamp>
			</report>
			<report>
				<misses>2567001</misses>
				<total>2554724</total>
				<timestamp>178.923904</timestamp>
			</report>
			<report>
				<misses>2568001</misses>
				<total>2555723</total>
				<timestamp>178.990103</timestamp>
			</report>
			<report>
				<misses>2569001</misses>
				<total>2556722</total>
				<timestamp>179.056178</timestamp>
			</report>
			<report>
				<misses>2570001</misses>
				<total>2557721</total>
				<timestamp>179.128093</timestamp>
			</report>
			<report>
				<misses>2571001</misses>
				<total>2558720</total>
				<timestamp>179.194940</timestamp>
			</report>
			<report>
				<misses>2572001</misses>
				<total>2559719</total>
				<timestamp>179.258688</timestamp>
			</report>
			<report>
				<misses>2573001</misses>
				<total>2560718</total>
				<timestamp>179.326676</timestamp>
			</report>
			<report>
				<misses>2574001</misses>
				<total>2561717</total>
				<timestamp>179.396824</timestamp>
			</report>
			<report>
				<misses>2575001</misses>
				<total>2562716</total>
				<timestamp>179.462623</timestamp>
			</report>
			<report>
				<misses>2576001</misses>
				<total>2563715</total>
				<timestamp>179.526625</timestamp>
			</report>
			<report>
				<misses>2577001</misses>
				<total>2564714</total>
				<timestamp>179.590714</timestamp>
			</report>
			<report>
				<misses>2578001</misses>
				<total>2565713</total>
				<timestamp>179.657757</timestamp>
			</report>
			<report>
				<misses>2579001</misses>
				<total>2566712</total>
				<timestamp>179.742710</timestamp>
			</report>
			<report>
				<misses>2580001</misses>
				<total>2567711</total>
				<timestamp>179.820128</timestamp>
			</report>
			<report>
				<misses>2581001</misses>
				<total>2568710</total>
				<timestamp>179.886626</timestamp>
			</report>
			<report>
				<misses>2582001</misses>
				<total>2569709</total>
				<timestamp>179.951278</timestamp>
			</report>
			<report>
				<misses>2583001</misses>
				<total>2570708</total>
				<timestamp>180.016377</timestamp>
			</report>
			<report>
				<misses>2584001</misses>
				<total>2571707</total>
				<timestamp>180.082422</timestamp>
			</report>
			<report>
				<misses>2585001</misses>
				<total>2572706</total>
				<timestamp>180.148253</timestamp>
			</report>
			<report>
				<misses>2586001</misses>
				<total>2573705</total>
				<timestamp>180.213746</timestamp>
			</report>
			<report>
				<misses>2587001</misses>
				<total>2574704</total>
				<timestamp>180.278711</timestamp>
			</report>
			<report>
				<misses>2588001</misses>
				<total>2575703</total>
				<timestamp>180.343295</timestamp>
			</report>
			<report>
				<misses>2589001</misses>
				<total>2576702</total>
				<timestamp>180.409613</timestamp>
			</report>
			<report>
				<misses>2590001</misses>
				<total>2577701</total>
				<timestamp>180.476423</timestamp>
			</report>
			<report>
				<misses>2591001</misses>
				<total>2578700</total>
				<timestamp>180.540779</timestamp>
			</report>
			<report>
				<misses>2592001</misses>
				<total>2579699</total>
				<timestamp>180.604923</timestamp>
			</report>
			<report>
				<misses>2593001</misses>
				<total>2580698</total>
				<timestamp>180.668880</timestamp>
			</report>
			<report>
				<misses>2594001</misses>
				<total>2581697</total>
				<timestamp>180.733808</timestamp>
			</report>
			<report>
				<misses>2595001</misses>
				<total>2582696</total>
				<timestamp>180.803311</timestamp>
			</report>
			<report>
				<misses>2596001</misses>
				<total>2583695</total>
				<timestamp>180.883286</timestamp>
			</report>
			<report>
				<misses>2597001</misses>
				<total>2584694</total>
				<timestamp>180.962158</timestamp>
			</report>
			<report>
				<misses>2598001</misses>
				<total>2585693</total>
				<timestamp>181.032976</timestamp>
			</report>
			<report>
				<misses>2599001</misses>
				<total>2586692</total>
				<timestamp>181.097694</timestamp>
			</report>
			<report>
				<misses>2600001</misses>
				<total>2587691</total>
				<timestamp>181.166033</timestamp>
			</report>
			<report>
				<misses>2601001</misses>
				<total>2588510</total>
				<timestamp>181.243395</timestamp>
			</report>
			<report>
				<misses>2602001</misses>
				<total>2589509</total>
				<timestamp>181.314635</timestamp>
			</report>
			<report>
				<misses>2603001</misses>
				<total>2590508</total>
				<timestamp>181.389685</timestamp>
			</report>
			<report>
				<misses>2604001</misses>
				<total>2591507</total>
				<timestamp>181.469002</timestamp>
			</report>
			<report>
				<misses>2605001</misses>
				<total>2592506</total>
				<timestamp>181.547286</timestamp>
			</report>
			<report>
				<misses>2606001</misses>
				<total>2593505</total>
				<timestamp>181.625606</timestamp>
			</report>
			<report>
				<misses>2607001</misses>
				<total>2594504</total>
				<timestamp>181.704594</timestamp>
			</report>
			<report>
				<misses>2608001</misses>
				<total>2594873</total>
				<timestamp>181.781750</timestamp>
			</report>
			<report>
				<misses>2609001</misses>
				<total>2594875</total>
				<timestamp>181.853736</timestamp>
			</report>
			<report>
				<misses>2610001</misses>
				<total>2595195</total>
				<timestamp>181.920682</timestamp>
			</report>
			<report>
				<misses>2611001</misses>
				<total>2596194</total>
				<timestamp>181.985486</timestamp>
			</report>
			<report>
				<misses>2612001</misses>
				<total>2597193</total>
				<timestamp>182.061115</timestamp>
			</report>
			<report>
				<misses>2613001</misses>
				<total>2598192</total>
				<timestamp>182.125367</timestamp>
			</report>
			<report>
				<misses>2614001</misses>
				<total>2599191</total>
				<timestamp>182.192666</timestamp>
			</report>
			<report>
				<misses>2615001</misses>
				<total>2600190</total>
				<timestamp>182.256406</timestamp>
			</report>
			<report>
				<misses>2616001</misses>
				<total>2601189</total>
				<timestamp>182.322787</timestamp>
			</report>
			<report>
				<misses>2617001</misses>
				<total>2602188</total>
				<timestamp>182.386705</timestamp>
			</report>
			<report>
				<misses>2618001</misses>
				<total>2603187</total>
				<timestamp>182.458778</timestamp>
			</report>
			<report>
				<misses>2619001</misses>
				<total>2604186</total>
				<timestamp>182.526686</timestamp>
			</report>
			<report>
				<misses>2620001</misses>
				<total>2605185</total>
				<timestamp>182.590680</timestamp>
			</report>
			<report>
				<misses>2621001</misses>
				<total>2606184</total>
				<timestamp>182.650920</timestamp>
			</report>
			<report>
				<misses>2622001</misses>
				<total>2607183</total>
				<timestamp>182.720319</timestamp>
			</report>
			<report>
				<misses>2623001</misses>
				<total>2608182</total>
				<timestamp>182.784604</timestamp>
			</report>
			<report>
				<misses>2624001</misses>
				<total>2609181</total>
				<timestamp>182.857826</timestamp>
			</report>
			<report>
				<misses>2625001</misses>
				<total>2610180</total>
				<timestamp>182.924684</timestamp>
			</report>
			<report>
				<misses>2626001</misses>
				<total>2611179</total>
				<timestamp>182.995400</timestamp>
			</report>
			<report>
				<misses>2627001</misses>
				<total>2612178</total>
				<timestamp>183.060449</timestamp>
			</report>
			<report>
				<misses>2628001</misses>
				<total>2613177</total>
				<timestamp>183.130738</timestamp>
			</report>
			<report>
				<misses>2629001</misses>
				<total>2614176</total>
				<timestamp>183.195608</timestamp>
			</report>
			<report>
				<misses>2630001</misses>
				<total>2615175</total>
				<timestamp>183.262281</timestamp>
			</report>
			<report>
				<misses>2631001</misses>
				<total>2616174</total>
				<timestamp>183.330804</timestamp>
			</report>
			<report>
				<misses>2632001</misses>
				<total>2617173</total>
				<timestamp>183.397157</timestamp>
			</report>
			<report>
				<misses>2633001</misses>
				<total>2618172</total>
				<timestamp>183.471168</timestamp>
			</report>
			<report>
				<misses>2634001</misses>
				<total>2619171</total>
				<timestamp>183.544759</timestamp>
			</report>
			<report>
				<misses>2635001</misses>
				<total>2620170</total>
				<timestamp>183.612523</timestamp>
			</report>
			<report>
				<misses>2636001</misses>
				<total>2621169</total>
				<timestamp>183.688297</timestamp>
			</report>
			<report>
				<misses>2637001</misses>
				<total>2622168</total>
				<timestamp>183.767090</timestamp>
			</report>
			<report>
				<misses>2638001</misses>
				<total>2623167</total>
				<timestamp>183.833601</timestamp>
			</report>
			<report>
				<misses>2639001</misses>
				<total>2624166</total>
				<timestamp>183.898178</timestamp>
			</report>
			<report>
				<misses>2640001</misses>
				<total>2625165</total>
				<timestamp>183.964112</timestamp>
			</report>
			<report>
				<misses>2641001</misses>
				<total>2626164</total>
				<timestamp>184.039134</timestamp>
			</report>
			<report>
				<misses>2642001</misses>
				<total>2627163</total>
				<timestamp>184.109866</timestamp>
			</report>
			<report>
				<misses>2643001</misses>
				<total>2628162</total>
				<timestamp>184.183346</timestamp>
			</report>
			<report>
				<misses>2644001</misses>
				<total>2629161</total>
				<timestamp>184.257365</timestamp>
			</report>
			<report>
				<misses>2645001</misses>
				<total>2630160</total>
				<timestamp>184.325870</timestamp>
			</report>
			<report>
				<misses>2646001</misses>
				<total>2631159</total>
				<timestamp>184.396841</timestamp>
			</report>
			<report>
				<misses>2647001</misses>
				<total>2632158</total>
				<timestamp>184.469972</timestamp>
			</report>
			<report>
				<misses>2648001</misses>
				<total>2633157</total>
				<timestamp>184.542670</timestamp>
			</report>
			<report>
				<misses>2649001</misses>
				<total>2634156</total>
				<timestamp>184.608803</timestamp>
			</report>
			<report>
				<misses>2650001</misses>
				<total>2635155</total>
				<timestamp>184.672910</timestamp>
			</report>
			<report>
				<misses>2651001</misses>
				<total>2636154</total>
				<timestamp>184.740978</timestamp>
			</report>
			<report>
				<misses>2652001</misses>
				<total>2637153</total>
				<timestamp>184.806303</timestamp>
			</report>
			<report>
				<misses>2653001</misses>
				<total>2638152</total>
				<timestamp>184.878683</timestamp>
			</report>
			<report>
				<misses>2654001</misses>
				<total>2639151</total>
				<timestamp>184.951858</timestamp>
			</report>
			<report>
				<misses>2655001</misses>
				<total>2640150</total>
				<timestamp>185.018225</timestamp>
			</report>
			<report>
				<misses>2656001</misses>
				<total>2641149</total>
				<timestamp>185.083182</timestamp>
			</report>
			<report>
				<misses>2657001</misses>
				<total>2642148</total>
				<timestamp>185.152666</timestamp>
			</report>
			<report>
				<misses>2658001</misses>
				<total>2643147</total>
				<timestamp>185.219690</timestamp>
			</report>
			<report>
				<misses>2659001</misses>
				<total>2644146</total>
				<timestamp>185.284756</timestamp>
			</report>
			<report>
				<misses>2660001</misses>
				<total>2645145</total>
				<timestamp>185.356017</timestamp>
			</report>
			<report>
				<misses>2661001</misses>
				<total>2646144</total>
				<timestamp>185.424959</timestamp>
			</report>
			<report>
				<misses>2662001</misses>
				<total>2647143</total>
				<timestamp>185.498674</timestamp>
			</report>
			<report>
				<misses>2663001</misses>
				<total>2648142</total>
				<timestamp>185.571208</timestamp>
			</report>
			<report>
				<misses>2664001</misses>
				<total>2649141</total>
				<timestamp>185.644368</timestamp>
			</report>
			<report>
				<misses>2665001</misses>
				<total>2650140</total>
				<timestamp>185.724179</timestamp>
			</report>
			<report>
				<misses>2666001</misses>
				<total>2651139</total>
				<timestamp>185.794580</timestamp>
			</report>
			<report>
				<misses>2667001</misses>
				<total>2652138</total>
				<timestamp>185.859961</timestamp>
			</report>
			<report>
				<misses>2668001</misses>
				<total>2653137</total>
				<timestamp>185.930168</timestamp>
			</report>
			<report>
				<misses>2669001</misses>
				<total>2654136</total>
				<timestamp>186.006007</timestamp>
			</report>
			<report>
				<misses>2670001</misses>
				<total>2655135</total>
				<timestamp>186.072223</timestamp>
			</report>
			<report>
				<misses>2671001</misses>
				<total>2656134</total>
				<timestamp>186.140299</timestamp>
			</report>
			<report>
				<misses>2672001</misses>
				<total>2657133</total>
				<timestamp>186.208026</timestamp>
			</report>
			<report>
				<misses>2673001</misses>
				<total>2658132</total>
				<timestamp>186.273943</timestamp>
			</report>
			<report>
				<misses>2674001</misses>
				<total>2659131</total>
				<timestamp>186.346176</timestamp>
			</report>
			<report>
				<misses>2675001</misses>
				<total>2660130</total>
				<timestamp>186.414607</timestamp>
			</report>
			<report>
				<misses>2676001</misses>
				<total>2661129</total>
				<timestamp>186.498403</timestamp>
			</report>
			<report>
				<misses>2677001</misses>
				<total>2662128</total>
				<timestamp>186.568158</timestamp>
			</report>
			<report>
				<misses>2678001</misses>
				<total>2663127</total>
				<timestamp>186.639371</timestamp>
			</report>
			<report>
				<misses>2679001</misses>
				<total>2664126</total>
				<timestamp>186.701656</timestamp>
			</report>
			<report>
				<misses>2680001</misses>
				<total>2665125</total>
				<timestamp>186.777847</timestamp>
			</report>
			<report>
				<misses>2681001</misses>
				<total>2666124</total>
				<timestamp>186.859363</timestamp>
			</report>
			<report>
				<misses>2682001</misses>
				<total>2667123</total>
				<timestamp>186.938640</timestamp>
			</report>
			<report>
				<misses>2683001</misses>
				<total>2668122</total>
				<timestamp>187.005114</timestamp>
			</report>
			<report>
				<misses>2684001</misses>
				<total>2669121</total>
				<timestamp>187.071931</timestamp>
			</report>
			<report>
				<misses>2685001</misses>
				<total>2670120</total>
				<timestamp>187.136567</timestamp>
			</report>
			<report>
				<misses>2686001</misses>
				<total>2671119</total>
				<timestamp>187.204098</timestamp>
			</report>
			<report>
				<misses>2687001</misses>
				<total>2672118</total>
				<timestamp>187.278210</timestamp>
			</report>
			<report>
				<misses>2688001</misses>
				<total>2673117</total>
				<timestamp>187.349673</timestamp>
			</report>
			<report>
				<misses>2689001</misses>
				<total>2674116</total>
				<timestamp>187.426128</timestamp>
			</report>
			<report>
				<misses>2690001</misses>
				<total>2675115</total>
				<timestamp>187.495047</timestamp>
			</report>
			<report>
				<misses>2691001</misses>
				<total>2676114</total>
				<timestamp>187.561116</timestamp>
			</report>
			<report>
				<misses>2692001</misses>
				<total>2677113</total>
				<timestamp>187.630335</timestamp>
			</report>
			<report>
				<misses>2693001</misses>
				<total>2678112</total>
				<timestamp>187.704131</timestamp>
			</report>
			<report>
				<misses>2694001</misses>
				<total>2679111</total>
				<timestamp>187.775602</timestamp>
			</report>
			<report>
				<misses>2695001</misses>
				<total>2680110</total>
				<timestamp>187.851041</timestamp>
			</report>
			<report>
				<misses>2696001</misses>
				<total>2681109</total>
				<timestamp>187.917654</timestamp>
			</report>
			<report>
				<misses>2697001</misses>
				<total>2682108</total>
				<timestamp>187.984000</timestamp>
			</report>
			<report>
				<misses>2698001</misses>
				<total>2683107</total>
				<timestamp>188.056219</timestamp>
			</report>
			<report>
				<misses>2699001</misses>
				<total>2684106</total>
				<timestamp>188.120843</timestamp>
			</report>
			<report>
				<misses>2700001</misses>
				<total>2685105</total>
				<timestamp>188.184609</timestamp>
			</report>
			<report>
				<misses>2701001</misses>
				<total>2686104</total>
				<timestamp>188.257065</timestamp>
			</report>
			<report>
				<misses>2702001</misses>
				<total>2687103</total>
				<timestamp>188.334572</timestamp>
			</report>
			<report>
				<misses>2703001</misses>
				<total>2688102</total>
				<timestamp>188.410206</timestamp>
			</report>
			<report>
				<misses>2704001</misses>
				<total>2689101</total>
				<timestamp>188.486719</timestamp>
			</report>
			<report>
				<misses>2705001</misses>
				<total>2690100</total>
				<timestamp>188.552028</timestamp>
			</report>
			<report>
				<misses>2706001</misses>
				<total>2691099</total>
				<timestamp>188.629057</timestamp>
			</report>
			<report>
				<misses>2707001</misses>
				<total>2692098</total>
				<timestamp>188.709375</timestamp>
			</report>
			<report>
				<misses>2708001</misses>
				<total>2693097</total>
				<timestamp>188.775964</timestamp>
			</report>
			<report>
				<misses>2709001</misses>
				<total>2694096</total>
				<timestamp>188.843170</timestamp>
			</report>
			<report>
				<misses>2710001</misses>
				<total>2695095</total>
				<timestamp>188.918757</timestamp>
			</report>
			<report>
				<misses>2711001</misses>
				<total>2696094</total>
				<timestamp>188.984074</timestamp>
			</report>
			<report>
				<misses>2712001</misses>
				<total>2697093</total>
				<timestamp>189.048925</timestamp>
			</report>
			<report>
				<misses>2713001</misses>
				<total>2698092</total>
				<timestamp>189.113569</timestamp>
			</report>
			<report>
				<misses>2714001</misses>
				<total>2699091</total>
				<timestamp>189.195003</timestamp>
			</report>
			<report>
				<misses>2715001</misses>
				<total>2700090</total>
				<timestamp>189.276286</timestamp>
			</report>
			<report>
				<misses>2716001</misses>
				<total>2701089</total>
				<timestamp>189.343580</timestamp>
			</report>
			<report>
				<misses>2717001</misses>
				<total>2702088</total>
				<timestamp>189.416989</timestamp>
			</report>
			<report>
				<misses>2718001</misses>
				<total>2703087</total>
				<timestamp>189.488816</timestamp>
			</report>
			<report>
				<misses>2719001</misses>
				<total>2704086</total>
				<timestamp>189.561491</timestamp>
			</report>
			<report>
				<misses>2720001</misses>
				<total>2705085</total>
				<timestamp>189.626256</timestamp>
			</report>
			<report>
				<misses>2721001</misses>
				<total>2706084</total>
				<timestamp>189.691176</timestamp>
			</report>
			<report>
				<misses>2722001</misses>
				<total>2707083</total>
				<timestamp>189.766860</timestamp>
			</report>
			<report>
				<misses>2723001</misses>
				<total>2708082</total>
				<timestamp>189.833835</timestamp>
			</report>
			<report>
				<misses>2724001</misses>
				<total>2709081</total>
				<timestamp>189.908558</timestamp>
			</report>
			<report>
				<misses>2725001</misses>
				<total>2710080</total>
				<timestamp>189.979001</timestamp>
			</report>
			<report>
				<misses>2726001</misses>
				<total>2711079</total>
				<timestamp>190.044300</timestamp>
			</report>
			<report>
				<misses>2727001</misses>
				<total>2712078</total>
				<timestamp>190.111346</timestamp>
			</report>
			<report>
				<misses>2728001</misses>
				<total>2713077</total>
				<timestamp>190.187592</timestamp>
			</report>
			<report>
				<misses>2729001</misses>
				<total>2714076</total>
				<timestamp>190.263945</timestamp>
			</report>
			<report>
				<misses>2730001</misses>
				<total>2715075</total>
				<timestamp>190.341501</timestamp>
			</report>
			<report>
				<misses>2731001</misses>
				<total>2716074</total>
				<timestamp>190.408213</timestamp>
			</report>
			<report>
				<misses>2732001</misses>
				<total>2717073</total>
				<timestamp>190.489169</timestamp>
			</report>
			<report>
				<misses>2733001</misses>
				<total>2718072</total>
				<timestamp>190.561058</timestamp>
			</report>
			<report>
				<misses>2734001</misses>
				<total>2719071</total>
				<timestamp>190.631867</timestamp>
			</report>
			<report>
				<misses>2735001</misses>
				<total>2720070</total>
				<timestamp>190.699061</timestamp>
			</report>
			<report>
				<misses>2736001</misses>
				<total>2721069</total>
				<timestamp>190.764325</timestamp>
			</report>
			<report>
				<misses>2737001</misses>
				<total>2722068</total>
				<timestamp>190.830899</timestamp>
			</report>
			<report>
				<misses>2738001</misses>
				<total>2723067</total>
				<timestamp>190.903229</timestamp>
			</report>
			<report>
				<misses>2739001</misses>
				<total>2724066</total>
				<timestamp>190.969625</timestamp>
			</report>
			<report>
				<misses>2740001</misses>
				<total>2725065</total>
				<timestamp>191.034234</timestamp>
			</report>
			<report>
				<misses>2741001</misses>
				<total>2726064</total>
				<timestamp>191.099269</timestamp>
			</report>
			<report>
				<misses>2742001</misses>
				<total>2727063</total>
				<timestamp>191.171868</timestamp>
			</report>
			<report>
				<misses>2743001</misses>
				<total>2728062</total>
				<timestamp>191.243249</timestamp>
			</report>
			<report>
				<misses>2744001</misses>
				<total>2729061</total>
				<timestamp>191.307283</timestamp>
			</report>
			<report>
				<misses>2745001</misses>
				<total>2730060</total>
				<timestamp>191.372112</timestamp>
			</report>
			<report>
				<misses>2746001</misses>
				<total>2731059</total>
				<timestamp>191.436776</timestamp>
			</report>
			<report>
				<misses>2747001</misses>
				<total>2732058</total>
				<timestamp>191.504209</timestamp>
			</report>
			<report>
				<misses>2748001</misses>
				<total>2733057</total>
				<timestamp>191.569467</timestamp>
			</report>
			<report>
				<misses>2749001</misses>
				<total>2734056</total>
				<timestamp>191.638630</timestamp>
			</report>
			<report>
				<misses>2750001</misses>
				<total>2735055</total>
				<timestamp>191.710655</timestamp>
			</report>
			<report>
				<misses>2751001</misses>
				<total>2736054</total>
				<timestamp>191.785626</timestamp>
			</report>
			<report>
				<misses>2752001</misses>
				<total>2737053</total>
				<timestamp>191.867171</timestamp>
			</report>
			<report>
				<misses>2753001</misses>
				<total>2738052</total>
				<timestamp>191.934548</timestamp>
			</report>
			<report>
				<misses>2754001</misses>
				<total>2739051</total>
				<timestamp>191.999847</timestamp>
			</report>
			<report>
				<misses>2755001</misses>
				<total>2740050</total>
				<timestamp>192.084675</timestamp>
			</report>
			<report>
				<misses>2756001</misses>
				<total>2741049</total>
				<timestamp>192.149922</timestamp>
			</report>
			<report>
				<misses>2757001</misses>
				<total>2742048</total>
				<timestamp>192.215037</timestamp>
			</report>
			<report>
				<misses>2758001</misses>
				<total>2743047</total>
				<timestamp>192.279740</timestamp>
			</report>
			<report>
				<misses>2759001</misses>
				<total>2744046</total>
				<timestamp>192.348630</timestamp>
			</report>
			<report>
				<misses>2760001</misses>
				<total>2745045</total>
				<timestamp>192.417028</timestamp>
			</report>
			<report>
				<misses>2761001</misses>
				<total>2746044</total>
				<timestamp>192.482672</timestamp>
			</report>
			<report>
				<misses>2762001</misses>
				<total>2747043</total>
				<timestamp>192.546795</timestamp>
			</report>
			<report>
				<misses>2763001</misses>
				<total>2748042</total>
				<timestamp>192.611988</timestamp>
			</report>
			<report>
				<misses>2764001</misses>
				<total>2749041</total>
				<timestamp>192.676223</timestamp>
			</report>
			<report>
				<misses>2765001</misses>
				<total>2750040</total>
				<timestamp>192.743618</timestamp>
			</report>
			<report>
				<misses>2766001</misses>
				<total>2751039</total>
				<timestamp>192.812023</timestamp>
			</report>
			<report>
				<misses>2767001</misses>
				<total>2752038</total>
				<timestamp>192.893072</timestamp>
			</report>
			<report>
				<misses>2768001</misses>
				<total>2753037</total>
				<timestamp>192.962806</timestamp>
			</report>
			<report>
				<misses>2769001</misses>
				<total>2754036</total>
				<timestamp>193.040096</timestamp>
			</report>
			<report>
				<misses>2770001</misses>
				<total>2755035</total>
				<timestamp>193.104272</timestamp>
			</report>
			<report>
				<misses>2771001</misses>
				<total>2756034</total>
				<timestamp>193.170545</timestamp>
			</report>
			<report>
				<misses>2772001</misses>
				<total>2757033</total>
				<timestamp>193.244864</timestamp>
			</report>
			<report>
				<misses>2773001</misses>
				<total>2758032</total>
				<timestamp>193.309843</timestamp>
			</report>
			<report>
				<misses>2774001</misses>
				<total>2759031</total>
				<timestamp>193.374690</timestamp>
			</report>
			<report>
				<misses>2775001</misses>
				<total>2760030</total>
				<timestamp>193.439368</timestamp>
			</report>
			<report>
				<misses>2776001</misses>
				<total>2761029</total>
				<timestamp>193.505130</timestamp>
			</report>
			<report>
				<misses>2777001</misses>
				<total>2762028</total>
				<timestamp>193.570855</timestamp>
			</report>
			<report>
				<misses>2778001</misses>
				<total>2763027</total>
				<timestamp>193.637633</timestamp>
			</report>
			<report>
				<misses>2779001</misses>
				<total>2764026</total>
				<timestamp>193.704614</timestamp>
			</report>
			<report>
				<misses>2780001</misses>
				<total>2765025</total>
				<timestamp>193.774147</timestamp>
			</report>
			<report>
				<misses>2781001</misses>
				<total>2766024</total>
				<timestamp>193.850671</timestamp>
			</report>
			<report>
				<misses>2782001</misses>
				<total>2767023</total>
				<timestamp>193.915614</timestamp>
			</report>
			<report>
				<misses>2783001</misses>
				<total>2768022</total>
				<timestamp>193.983244</timestamp>
			</report>
			<report>
				<misses>2784001</misses>
				<total>2769021</total>
				<timestamp>194.063043</timestamp>
			</report>
			<report>
				<misses>2785001</misses>
				<total>2770020</total>
				<timestamp>194.127725</timestamp>
			</report>
			<report>
				<misses>2786001</misses>
				<total>2771019</total>
				<timestamp>194.192201</timestamp>
			</report>
			<report>
				<misses>2787001</misses>
				<total>2772018</total>
				<timestamp>194.255960</timestamp>
			</report>
			<report>
				<misses>2788001</misses>
				<total>2773017</total>
				<timestamp>194.325660</timestamp>
			</report>
			<report>
				<misses>2789001</misses>
				<total>2774016</total>
				<timestamp>194.396537</timestamp>
			</report>
			<report>
				<misses>2790001</misses>
				<total>2775015</total>
				<timestamp>194.471224</timestamp>
			</report>
			<report>
				<misses>2791001</misses>
				<total>2776014</total>
				<timestamp>194.546612</timestamp>
			</report>
			<report>
				<misses>2792001</misses>
				<total>2777013</total>
				<timestamp>194.619609</timestamp>
			</report>
			<report>
				<misses>2793001</misses>
				<total>2778012</total>
				<timestamp>194.688323</timestamp>
			</report>
			<report>
				<misses>2794001</misses>
				<total>2779011</total>
				<timestamp>194.758532</timestamp>
			</report>
			<report>
				<misses>2795001</misses>
				<total>2780010</total>
				<timestamp>194.831637</timestamp>
			</report>
			<report>
				<misses>2796001</misses>
				<total>2781009</total>
				<timestamp>194.910004</timestamp>
			</report>
			<report>
				<misses>2797001</misses>
				<total>2782008</total>
				<timestamp>194.987000</timestamp>
			</report>
			<report>
				<misses>2798001</misses>
				<total>2783007</total>
				<timestamp>195.060758</timestamp>
			</report>
			<report>
				<misses>2799001</misses>
				<total>2784006</total>
				<timestamp>195.136794</timestamp>
			</report>
			<report>
				<misses>2800001</misses>
				<total>2785005</total>
				<timestamp>195.215600</timestamp>
			</report>
			<report>
				<misses>2801001</misses>
				<total>2786004</total>
				<timestamp>195.289692</timestamp>
			</report>
			<report>
				<misses>2802001</misses>
				<total>2787003</total>
				<timestamp>195.358220</timestamp>
			</report>
			<report>
				<misses>2803001</misses>
				<total>2788002</total>
				<timestamp>195.425265</timestamp>
			</report>
			<report>
				<misses>2804001</misses>
				<total>2789001</total>
				<timestamp>195.491195</timestamp>
			</report>
			<report>
				<misses>2805001</misses>
				<total>2790000</total>
				<timestamp>195.563816</timestamp>
			</report>
			<report>
				<misses>2806001</misses>
				<total>2790999</total>
				<timestamp>195.636096</timestamp>
			</report>
			<report>
				<misses>2807001</misses>
				<total>2791998</total>
				<timestamp>195.700073</timestamp>
			</report>
			<report>
				<misses>2808001</misses>
				<total>2792997</total>
				<timestamp>195.764621</timestamp>
			</report>
			<report>
				<misses>2809001</misses>
				<total>2793996</total>
				<timestamp>195.832188</timestamp>
			</report>
			<report>
				<misses>2810001</misses>
				<total>2794995</total>
				<timestamp>195.909771</timestamp>
			</report>
			<report>
				<misses>2811001</misses>
				<total>2795994</total>
				<timestamp>195.986227</timestamp>
			</report>
			<report>
				<misses>2812001</misses>
				<total>2796993</total>
				<timestamp>196.052519</timestamp>
			</report>
			<report>
				<misses>2813001</misses>
				<total>2797992</total>
				<timestamp>196.125504</timestamp>
			</report>
			<report>
				<misses>2814001</misses>
				<total>2798991</total>
				<timestamp>196.210055</timestamp>
			</report>
			<report>
				<misses>2815001</misses>
				<total>2799990</total>
				<timestamp>196.284743</timestamp>
			</report>
			<report>
				<misses>2816001</misses>
				<total>2800989</total>
				<timestamp>196.356260</timestamp>
			</report>
			<report>
				<misses>2817001</misses>
				<total>2801988</total>
				<timestamp>196.422267</timestamp>
			</report>
			<report>
				<misses>2818001</misses>
				<total>2802987</total>
				<timestamp>196.487463</timestamp>
			</report>
			<report>
				<misses>2819001</misses>
				<total>2803986</total>
				<timestamp>196.551800</timestamp>
			</report>
			<report>
				<misses>2820001</misses>
				<total>2804985</total>
				<timestamp>196.616709</timestamp>
			</report>
			<report>
				<misses>2821001</misses>
				<total>2805984</total>
				<timestamp>196.680912</timestamp>
			</report>
			<report>
				<misses>2822001</misses>
				<total>2806983</total>
				<timestamp>196.746924</timestamp>
			</report>
			<report>
				<misses>2823001</misses>
				<total>2807982</total>
				<timestamp>196.818081</timestamp>
			</report>
			<report>
				<misses>2824001</misses>
				<total>2808981</total>
				<timestamp>196.899204</timestamp>
			</report>
			<report>
				<misses>2825001</misses>
				<total>2809980</total>
				<timestamp>196.978673</timestamp>
			</report>
			<report>
				<misses>2826001</misses>
				<total>2810979</total>
				<timestamp>197.051171</timestamp>
			</report>
			<report>
				<misses>2827001</misses>
				<total>2811978</total>
				<timestamp>197.126905</timestamp>
			</report>
			<report>
				<misses>2828001</misses>
				<total>2812977</total>
				<timestamp>197.191697</timestamp>
			</report>
			<report>
				<misses>2829001</misses>
				<total>2813976</total>
				<timestamp>197.256593</timestamp>
			</report>
			<report>
				<misses>2830001</misses>
				<total>2814975</total>
				<timestamp>197.327440</timestamp>
			</report>
			<report>
				<misses>2831001</misses>
				<total>2815974</total>
				<timestamp>197.404273</timestamp>
			</report>
			<report>
				<misses>2832001</misses>
				<total>2816973</total>
				<timestamp>197.469296</timestamp>
			</report>
			<report>
				<misses>2833001</misses>
				<total>2817972</total>
				<timestamp>197.538613</timestamp>
			</report>
			<report>
				<misses>2834001</misses>
				<total>2818971</total>
				<timestamp>197.605934</timestamp>
			</report>
			<report>
				<misses>2835001</misses>
				<total>2819970</total>
				<timestamp>197.669323</timestamp>
			</report>
			<report>
				<misses>2836001</misses>
				<total>2820969</total>
				<timestamp>197.743782</timestamp>
			</report>
			<report>
				<misses>2837001</misses>
				<total>2821968</total>
				<timestamp>197.811686</timestamp>
			</report>
			<report>
				<misses>2838001</misses>
				<total>2822967</total>
				<timestamp>197.891028</timestamp>
			</report>
			<report>
				<misses>2839001</misses>
				<total>2823966</total>
				<timestamp>197.969556</timestamp>
			</report>
			<report>
				<misses>2840001</misses>
				<total>2824965</total>
				<timestamp>198.041510</timestamp>
			</report>
			<report>
				<misses>2841001</misses>
				<total>2825964</total>
				<timestamp>198.115346</timestamp>
			</report>
			<report>
				<misses>2842001</misses>
				<total>2826963</total>
				<timestamp>198.187672</timestamp>
			</report>
			<report>
				<misses>2843001</misses>
				<total>2827962</total>
				<timestamp>198.256703</timestamp>
			</report>
			<report>
				<misses>2844001</misses>
				<total>2828961</total>
				<timestamp>198.322814</timestamp>
			</report>
			<report>
				<misses>2845001</misses>
				<total>2829960</total>
				<timestamp>198.386311</timestamp>
			</report>
			<report>
				<misses>2846001</misses>
				<total>2830959</total>
				<timestamp>198.450092</timestamp>
			</report>
			<report>
				<misses>2847001</misses>
				<total>2831958</total>
				<timestamp>198.552336</timestamp>
			</report>
			<report>
				<misses>2848001</misses>
				<total>2832957</total>
				<timestamp>198.643133</timestamp>
			</report>
			<report>
				<misses>2849001</misses>
				<total>2833956</total>
				<timestamp>198.721753</timestamp>
			</report>
			<report>
				<misses>2850001</misses>
				<total>2834955</total>
				<timestamp>198.798489</timestamp>
			</report>
			<report>
				<misses>2851001</misses>
				<total>2835954</total>
				<timestamp>198.880022</timestamp>
			</report>
			<report>
				<misses>2852001</misses>
				<total>2836953</total>
				<timestamp>198.948646</timestamp>
			</report>
			<report>
				<misses>2853001</misses>
				<total>2837952</total>
				<timestamp>199.022776</timestamp>
			</report>
			<report>
				<misses>2854001</misses>
				<total>2838951</total>
				<timestamp>199.088198</timestamp>
			</report>
			<report>
				<misses>2855001</misses>
				<total>2839950</total>
				<timestamp>199.154257</timestamp>
			</report>
			<report>
				<misses>2856001</misses>
				<total>2840949</total>
				<timestamp>199.221508</timestamp>
			</report>
			<report>
				<misses>2857001</misses>
				<total>2841948</total>
				<timestamp>199.286489</timestamp>
			</report>
			<report>
				<misses>2858001</misses>
				<total>2842947</total>
				<timestamp>199.364432</timestamp>
			</report>
			<report>
				<misses>2859001</misses>
				<total>2843946</total>
				<timestamp>199.435641</timestamp>
			</report>
			<report>
				<misses>2860001</misses>
				<total>2844945</total>
				<timestamp>199.512941</timestamp>
			</report>
			<report>
				<misses>2861001</misses>
				<total>2845944</total>
				<timestamp>199.592770</timestamp>
			</report>
			<report>
				<misses>2862001</misses>
				<total>2846943</total>
				<timestamp>199.660505</timestamp>
			</report>
			<report>
				<misses>2863001</misses>
				<total>2847942</total>
				<timestamp>199.737766</timestamp>
			</report>
			<report>
				<misses>2864001</misses>
				<total>2848941</total>
				<timestamp>199.810886</timestamp>
			</report>
			<report>
				<misses>2865001</misses>
				<total>2849940</total>
				<timestamp>199.880657</timestamp>
			</report>
			<report>
				<misses>2866001</misses>
				<total>2850939</total>
				<timestamp>199.946194</timestamp>
			</report>
			<report>
				<misses>2867001</misses>
				<total>2851938</total>
				<timestamp>200.014057</timestamp>
			</report>
			<report>
				<misses>2868001</misses>
				<total>2852937</total>
				<timestamp>200.081962</timestamp>
			</report>
			<report>
				<misses>2869001</misses>
				<total>2853936</total>
				<timestamp>200.149958</timestamp>
			</report>
			<report>
				<misses>2870001</misses>
				<total>2854935</total>
				<timestamp>200.220265</timestamp>
			</report>
			<report>
				<misses>2871001</misses>
				<total>2855934</total>
				<timestamp>200.285972</timestamp>
			</report>
			<report>
				<misses>2872001</misses>
				<total>2856933</total>
				<timestamp>200.351593</timestamp>
			</report>
			<report>
				<misses>2873001</misses>
				<total>2857932</total>
				<timestamp>200.423631</timestamp>
			</report>
			<report>
				<misses>2874001</misses>
				<total>2858931</total>
				<timestamp>200.488165</timestamp>
			</report>
			<report>
				<misses>2875001</misses>
				<total>2859930</total>
				<timestamp>200.552746</timestamp>
			</report>
			<report>
				<misses>2876001</misses>
				<total>2860929</total>
				<timestamp>200.625896</timestamp>
			</report>
			<report>
				<misses>2877001</misses>
				<total>2861928</total>
				<timestamp>200.689662</timestamp>
			</report>
			<report>
				<misses>2878001</misses>
				<total>2862927</total>
				<timestamp>200.759351</timestamp>
			</report>
			<report>
				<misses>2879001</misses>
				<total>2863926</total>
				<timestamp>200.838251</timestamp>
			</report>
			<report>
				<misses>2880001</misses>
				<total>2864925</total>
				<timestamp>200.913516</timestamp>
			</report>
			<report>
				<misses>2881001</misses>
				<total>2865924</total>
				<timestamp>200.980758</timestamp>
			</report>
			<report>
				<misses>2882001</misses>
				<total>2866923</total>
				<timestamp>201.045518</timestamp>
			</report>
			<report>
				<misses>2883001</misses>
				<total>2867922</total>
				<timestamp>201.110197</timestamp>
			</report>
			<report>
				<misses>2884001</misses>
				<total>2868921</total>
				<timestamp>201.181748</timestamp>
			</report>
			<report>
				<misses>2885001</misses>
				<total>2869920</total>
				<timestamp>201.254167</timestamp>
			</report>
			<report>
				<misses>2886001</misses>
				<total>2870919</total>
				<timestamp>201.318580</timestamp>
			</report>
			<report>
				<misses>2887001</misses>
				<total>2871918</total>
				<timestamp>201.390135</timestamp>
			</report>
			<report>
				<misses>2888001</misses>
				<total>2872917</total>
				<timestamp>201.467525</timestamp>
			</report>
			<report>
				<misses>2889001</misses>
				<total>2873916</total>
				<timestamp>201.538113</timestamp>
			</report>
			<report>
				<misses>2890001</misses>
				<total>2874915</total>
				<timestamp>201.610478</timestamp>
			</report>
			<report>
				<misses>2891001</misses>
				<total>2875914</total>
				<timestamp>201.683001</timestamp>
			</report>
			<report>
				<misses>2892001</misses>
				<total>2876913</total>
				<timestamp>201.746948</timestamp>
			</report>
			<report>
				<misses>2893001</misses>
				<total>2877912</total>
				<timestamp>201.811217</timestamp>
			</report>
			<report>
				<misses>2894001</misses>
				<total>2878911</total>
				<timestamp>201.877846</timestamp>
			</report>
			<report>
				<misses>2895001</misses>
				<total>2879910</total>
				<timestamp>201.947237</timestamp>
			</report>
			<report>
				<misses>2896001</misses>
				<total>2880909</total>
				<timestamp>202.026542</timestamp>
			</report>
			<report>
				<misses>2897001</misses>
				<total>2881908</total>
				<timestamp>202.096989</timestamp>
			</report>
			<report>
				<misses>2898001</misses>
				<total>2882907</total>
				<timestamp>202.166673</timestamp>
			</report>
			<report>
				<misses>2899001</misses>
				<total>2883906</total>
				<timestamp>202.243759</timestamp>
			</report>
			<report>
				<misses>2900001</misses>
				<total>2884905</total>
				<timestamp>202.320689</timestamp>
			</report>
			<report>
				<misses>2901001</misses>
				<total>2885904</total>
				<timestamp>202.400168</timestamp>
			</report>
			<report>
				<misses>2902001</misses>
				<total>2886903</total>
				<timestamp>202.476576</timestamp>
			</report>
			<report>
				<misses>2903001</misses>
				<total>2887902</total>
				<timestamp>202.543667</timestamp>
			</report>
			<report>
				<misses>2904001</misses>
				<total>2888901</total>
				<timestamp>202.619491</timestamp>
			</report>
			<report>
				<misses>2905001</misses>
				<total>2889900</total>
				<timestamp>202.695941</timestamp>
			</report>
			<report>
				<misses>2906001</misses>
				<total>2890899</total>
				<timestamp>202.761729</timestamp>
			</report>
			<report>
				<misses>2907001</misses>
				<total>2891898</total>
				<timestamp>202.827112</timestamp>
			</report>
			<report>
				<misses>2908001</misses>
				<total>2892897</total>
				<timestamp>202.892073</timestamp>
			</report>
			<report>
				<misses>2909001</misses>
				<total>2893896</total>
				<timestamp>202.957900</timestamp>
			</report>
			<report>
				<misses>2910001</misses>
				<total>2894895</total>
				<timestamp>203.022736</timestamp>
			</report>
			<report>
				<misses>2911001</misses>
				<total>2895894</total>
				<timestamp>203.098790</timestamp>
			</report>
			<report>
				<misses>2912001</misses>
				<total>2896893</total>
				<timestamp>203.176792</timestamp>
			</report>
			<report>
				<misses>2913001</misses>
				<total>2897892</total>
				<timestamp>203.244210</timestamp>
			</report>
			<report>
				<misses>2914001</misses>
				<total>2898891</total>
				<timestamp>203.311133</timestamp>
			</report>
			<report>
				<misses>2915001</misses>
				<total>2899890</total>
				<timestamp>203.376969</timestamp>
			</report>
			<report>
				<misses>2916001</misses>
				<total>2900889</total>
				<timestamp>203.449042</timestamp>
			</report>
			<report>
				<misses>2917001</misses>
				<total>2901888</total>
				<timestamp>203.527599</timestamp>
			</report>
			<report>
				<misses>2918001</misses>
				<total>2902887</total>
				<timestamp>203.610486</timestamp>
			</report>
			<report>
				<misses>2919001</misses>
				<total>2903886</total>
				<timestamp>203.679500</timestamp>
			</report>
			<report>
				<misses>2920001</misses>
				<total>2904885</total>
				<timestamp>203.751949</timestamp>
			</report>
			<report>
				<misses>2921001</misses>
				<total>2905884</total>
				<timestamp>203.818871</timestamp>
			</report>
			<report>
				<misses>2922001</misses>
				<total>2906883</total>
				<timestamp>203.883145</timestamp>
			</report>
			<report>
				<misses>2923001</misses>
				<total>2907882</total>
				<timestamp>203.947678</timestamp>
			</report>
			<report>
				<misses>2924001</misses>
				<total>2908881</total>
				<timestamp>204.026672</timestamp>
			</report>
			<report>
				<misses>2925001</misses>
				<total>2909880</total>
				<timestamp>204.096028</timestamp>
			</report>
			<report>
				<misses>2926001</misses>
				<total>2910879</total>
				<timestamp>204.160197</timestamp>
			</report>
			<report>
				<misses>2927001</misses>
				<total>2911878</total>
				<timestamp>204.231153</timestamp>
			</report>
			<report>
				<misses>2928001</misses>
				<total>2912877</total>
				<timestamp>204.302159</timestamp>
			</report>
			<report>
				<misses>2929001</misses>
				<total>2913876</total>
				<timestamp>204.381767</timestamp>
			</report>
			<report>
				<misses>2930001</misses>
				<total>2914875</total>
				<timestamp>204.459269</timestamp>
			</report>
			<report>
				<misses>2931001</misses>
				<total>2915874</total>
				<timestamp>204.527824</timestamp>
			</report>
			<report>
				<misses>2932001</misses>
				<total>2916873</total>
				<timestamp>204.592275</timestamp>
			</report>
			<report>
				<misses>2933001</misses>
				<total>2917872</total>
				<timestamp>204.657882</timestamp>
			</report>
			<report>
				<misses>2934001</misses>
				<total>2918871</total>
				<timestamp>204.724478</timestamp>
			</report>
			<report>
				<misses>2935001</misses>
				<total>2919870</total>
				<timestamp>204.789374</timestamp>
			</report>
			<report>
				<misses>2936001</misses>
				<total>2920869</total>
				<timestamp>204.855006</timestamp>
			</report>
			<report>
				<misses>2937001</misses>
				<total>2921868</total>
				<timestamp>204.918385</timestamp>
			</report>
			<report>
				<misses>2938001</misses>
				<total>2922867</total>
				<timestamp>204.995098</timestamp>
			</report>
			<report>
				<misses>2939001</misses>
				<total>2923866</total>
				<timestamp>205.060629</timestamp>
			</report>
			<report>
				<misses>2940001</misses>
				<total>2924865</total>
				<timestamp>205.131167</timestamp>
			</report>
			<report>
				<misses>2941001</misses>
				<total>2925864</total>
				<timestamp>205.200082</timestamp>
			</report>
			<report>
				<misses>2942001</misses>
				<total>2926863</total>
				<timestamp>205.263944</timestamp>
			</report>
			<report>
				<misses>2943001</misses>
				<total>2927862</total>
				<timestamp>205.332657</timestamp>
			</report>
			<report>
				<misses>2944001</misses>
				<total>2928861</total>
				<timestamp>205.399537</timestamp>
			</report>
			<report>
				<misses>2945001</misses>
				<total>2929860</total>
				<timestamp>205.476959</timestamp>
			</report>
			<report>
				<misses>2946001</misses>
				<total>2930859</total>
				<timestamp>205.550037</timestamp>
			</report>
			<report>
				<misses>2947001</misses>
				<total>2931858</total>
				<timestamp>205.617933</timestamp>
			</report>
			<report>
				<misses>2948001</misses>
				<total>2932857</total>
				<timestamp>205.687720</timestamp>
			</report>
			<report>
				<misses>2949001</misses>
				<total>2933856</total>
				<timestamp>205.755647</timestamp>
			</report>
			<report>
				<misses>2950001</misses>
				<total>2934855</total>
				<timestamp>205.823477</timestamp>
			</report>
			<report>
				<misses>2951001</misses>
				<total>2935854</total>
				<timestamp>205.890218</timestamp>
			</report>
			<report>
				<misses>2952001</misses>
				<total>2936853</total>
				<timestamp>205.959363</timestamp>
			</report>
			<report>
				<misses>2953001</misses>
				<total>2937852</total>
				<timestamp>206.024172</timestamp>
			</report>
			<report>
				<misses>2954001</misses>
				<total>2938851</total>
				<timestamp>206.089099</timestamp>
			</report>
			<report>
				<misses>2955001</misses>
				<total>2939850</total>
				<timestamp>206.152751</timestamp>
			</report>
			<report>
				<misses>2956001</misses>
				<total>2940849</total>
				<timestamp>206.219133</timestamp>
			</report>
			<report>
				<misses>2957001</misses>
				<total>2941848</total>
				<timestamp>206.297461</timestamp>
			</report>
			<report>
				<misses>2958001</misses>
				<total>2942847</total>
				<timestamp>206.374120</timestamp>
			</report>
			<report>
				<misses>2959001</misses>
				<total>2943846</total>
				<timestamp>206.445230</timestamp>
			</report>
			<report>
				<misses>2960001</misses>
				<total>2944845</total>
				<timestamp>206.514707</timestamp>
			</report>
			<report>
				<misses>2961001</misses>
				<total>2945844</total>
				<timestamp>206.579009</timestamp>
			</report>
			<report>
				<misses>2962001</misses>
				<total>2946843</total>
				<timestamp>206.660643</timestamp>
			</report>
			<report>
				<misses>2963001</misses>
				<total>2947842</total>
				<timestamp>206.738737</timestamp>
			</report>
			<report>
				<misses>2964001</misses>
				<total>2948841</total>
				<timestamp>206.813484</timestamp>
			</report>
			<report>
				<misses>2965001</misses>
				<total>2949840</total>
				<timestamp>206.883998</timestamp>
			</report>
			<report>
				<misses>2966001</misses>
				<total>2950839</total>
				<timestamp>206.950880</timestamp>
			</report>
			<report>
				<misses>2967001</misses>
				<total>2951838</total>
				<timestamp>207.028948</timestamp>
			</report>
			<report>
				<misses>2968001</misses>
				<total>2952837</total>
				<timestamp>207.098634</timestamp>
			</report>
			<report>
				<misses>2969001</misses>
				<total>2953836</total>
				<timestamp>207.168467</timestamp>
			</report>
			<report>
				<misses>2970001</misses>
				<total>2954835</total>
				<timestamp>207.240460</timestamp>
			</report>
			<report>
				<misses>2971001</misses>
				<total>2955834</total>
				<timestamp>207.311076</timestamp>
			</report>
			<report>
				<misses>2972001</misses>
				<total>2956833</total>
				<timestamp>207.384812</timestamp>
			</report>
			<report>
				<misses>2973001</misses>
				<total>2957832</total>
				<timestamp>207.464407</timestamp>
			</report>
			<report>
				<misses>2974001</misses>
				<total>2958831</total>
				<timestamp>207.529046</timestamp>
			</report>
			<report>
				<misses>2975001</misses>
				<total>2959830</total>
				<timestamp>207.592884</timestamp>
			</report>
			<report>
				<misses>2976001</misses>
				<total>2960829</total>
				<timestamp>207.658825</timestamp>
			</report>
			<report>
				<misses>2977001</misses>
				<total>2961828</total>
				<timestamp>207.725953</timestamp>
			</report>
			<report>
				<misses>2978001</misses>
				<total>2962827</total>
				<timestamp>207.792135</timestamp>
			</report>
			<report>
				<misses>2979001</misses>
				<total>2963826</total>
				<timestamp>207.858454</timestamp>
			</report>
			<report>
				<misses>2980001</misses>
				<total>2964825</total>
				<timestamp>207.928185</timestamp>
			</report>
			<report>
				<misses>2981001</misses>
				<total>2965824</total>
				<timestamp>207.992962</timestamp>
			</report>
			<report>
				<misses>2982001</misses>
				<total>2966823</total>
				<timestamp>208.063721</timestamp>
			</report>
			<report>
				<misses>2983001</misses>
				<total>2967822</total>
				<timestamp>208.127943</timestamp>
			</report>
			<report>
				<misses>2984001</misses>
				<total>2968821</total>
				<timestamp>208.205992</timestamp>
			</report>
			<report>
				<misses>2985001</misses>
				<total>2969820</total>
				<timestamp>208.288535</timestamp>
			</report>
			<report>
				<misses>2986001</misses>
				<total>2970819</total>
				<timestamp>208.362530</timestamp>
			</report>
			<report>
				<misses>2987001</misses>
				<total>2971818</total>
				<timestamp>208.427922</timestamp>
			</report>
			<report>
				<misses>2988001</misses>
				<total>2972817</total>
				<timestamp>208.493522</timestamp>
			</report>
			<report>
				<misses>2989001</misses>
				<total>2973816</total>
				<timestamp>208.562108</timestamp>
			</report>
			<report>
				<misses>2990001</misses>
				<total>2974815</total>
				<timestamp>208.638682</timestamp>
			</report>
			<report>
				<misses>2991001</misses>
				<total>2975814</total>
				<timestamp>208.708860</timestamp>
			</report>
			<report>
				<misses>2992001</misses>
				<total>2976813</total>
				<timestamp>208.782873</timestamp>
			</report>
			<report>
				<misses>2993001</misses>
				<total>2977812</total>
				<timestamp>208.861475</timestamp>
			</report>
			<report>
				<misses>2994001</misses>
				<total>2978811</total>
				<timestamp>208.933117</timestamp>
			</report>
			<report>
				<misses>2995001</misses>
				<total>2979810</total>
				<timestamp>209.000970</timestamp>
			</report>
			<report>
				<misses>2996001</misses>
				<total>2980809</total>
				<timestamp>209.074532</timestamp>
			</report>
			<report>
				<misses>2997001</misses>
				<total>2981808</total>
				<timestamp>209.151567</timestamp>
			</report>
			<report>
				<misses>2998001</misses>
				<total>2982807</total>
				<timestamp>209.227801</timestamp>
			</report>
			<report>
				<misses>2999001</misses>
				<total>2983806</total>
				<timestamp>209.304784</timestamp>
			</report>
			<report>
				<misses>3000001</misses>
				<total>2984805</total>
				<timestamp>209.371823</timestamp>
			</report>
			<report>
				<misses>3001001</misses>
				<total>2985804</total>
				<timestamp>209.437997</timestamp>
			</report>
			<report>
				<misses>3002001</misses>
				<total>2986803</total>
				<timestamp>209.517110</timestamp>
			</report>
			<report>
				<misses>3003001</misses>
				<total>2987802</total>
				<timestamp>209.598910</timestamp>
			</report>
			<report>
				<misses>3004001</misses>
				<total>2988801</total>
				<timestamp>209.663505</timestamp>
			</report>
			<report>
				<misses>3005001</misses>
				<total>2989800</total>
				<timestamp>209.733860</timestamp>
			</report>
			<report>
				<misses>3006001</misses>
				<total>2990799</total>
				<timestamp>209.809434</timestamp>
			</report>
			<report>
				<misses>3007001</misses>
				<total>2991798</total>
				<timestamp>209.874239</timestamp>
			</report>
			<report>
				<misses>3008001</misses>
				<total>2992797</total>
				<timestamp>209.937267</timestamp>
			</report>
			<report>
				<misses>3009001</misses>
				<total>2993796</total>
				<timestamp>210.007515</timestamp>
			</report>
			<report>
				<misses>3010001</misses>
				<total>2994795</total>
				<timestamp>210.084255</timestamp>
			</report>
			<report>
				<misses>3011001</misses>
				<total>2995794</total>
				<timestamp>210.161181</timestamp>
			</report>
			<report>
				<misses>3012001</misses>
				<total>2996793</total>
				<timestamp>210.231254</timestamp>
			</report>
			<report>
				<misses>3013001</misses>
				<total>2997792</total>
				<timestamp>210.295219</timestamp>
			</report>
			<report>
				<misses>3014001</misses>
				<total>2998791</total>
				<timestamp>210.367961</timestamp>
			</report>
			<report>
				<misses>3015001</misses>
				<total>2999790</total>
				<timestamp>210.442867</timestamp>
			</report>
			<report>
				<misses>3016001</misses>
				<total>3000789</total>
				<timestamp>210.511042</timestamp>
			</report>
			<report>
				<misses>3017001</misses>
				<total>3001788</total>
				<timestamp>210.589634</timestamp>
			</report>
			<report>
				<misses>3018001</misses>
				<total>3002787</total>
				<timestamp>210.668545</timestamp>
			</report>
			<report>
				<misses>3019001</misses>
				<total>3003786</total>
				<timestamp>210.742535</timestamp>
			</report>
			<report>
				<misses>3020001</misses>
				<total>3004785</total>
				<timestamp>210.809444</timestamp>
			</report>
			<report>
				<misses>3021001</misses>
				<total>3005784</total>
				<timestamp>210.873433</timestamp>
			</report>
			<report>
				<misses>3022001</misses>
				<total>3006783</total>
				<timestamp>210.937675</timestamp>
			</report>
			<report>
				<misses>3023001</misses>
				<total>3007782</total>
				<timestamp>211.001506</timestamp>
			</report>
			<report>
				<misses>3024001</misses>
				<total>3008781</total>
				<timestamp>211.065583</timestamp>
			</report>
			<report>
				<misses>3025001</misses>
				<total>3009780</total>
				<timestamp>211.129698</timestamp>
			</report>
			<report>
				<misses>3026001</misses>
				<total>3010779</total>
				<timestamp>211.194366</timestamp>
			</report>
			<report>
				<misses>3027001</misses>
				<total>3011778</total>
				<timestamp>211.260151</timestamp>
			</report>
			<report>
				<misses>3028001</misses>
				<total>3012777</total>
				<timestamp>211.336682</timestamp>
			</report>
			<report>
				<misses>3029001</misses>
				<total>3013776</total>
				<timestamp>211.417772</timestamp>
			</report>
			<report>
				<misses>3030001</misses>
				<total>3014746</total>
				<timestamp>211.482608</timestamp>
			</report>
			<report>
				<misses>3031001</misses>
				<total>3015745</total>
				<timestamp>211.552721</timestamp>
			</report>
			<report>
				<misses>3032001</misses>
				<total>3016744</total>
				<timestamp>211.622112</timestamp>
			</report>
			<report>
				<misses>3033001</misses>
				<total>3017743</total>
				<timestamp>211.700146</timestamp>
			</report>
			<report>
				<misses>3034001</misses>
				<total>3018742</total>
				<timestamp>211.771542</timestamp>
			</report>
			<report>
				<misses>3035001</misses>
				<total>3019741</total>
				<timestamp>211.843070</timestamp>
			</report>
			<report>
				<misses>3036001</misses>
				<total>3020740</total>
				<timestamp>211.922102</timestamp>
			</report>
			<report>
				<misses>3037001</misses>
				<total>3020993</total>
				<timestamp>211.986890</timestamp>
			</report>
			<report>
				<misses>3038001</misses>
				<total>3021516</total>
				<timestamp>212.063505</timestamp>
			</report>
			<report>
				<misses>3039001</misses>
				<total>3022515</total>
				<timestamp>212.130082</timestamp>
			</report>
			<report>
				<misses>3040001</misses>
				<total>3023514</total>
				<timestamp>212.201132</timestamp>
			</report>
			<report>
				<misses>3041001</misses>
				<total>3024513</total>
				<timestamp>212.265089</timestamp>
			</report>
			<report>
				<misses>3042001</misses>
				<total>3025512</total>
				<timestamp>212.329695</timestamp>
			</report>
			<report>
				<misses>3043001</misses>
				<total>3026511</total>
				<timestamp>212.394225</timestamp>
			</report>
			<report>
				<misses>3044001</misses>
				<total>3027510</total>
				<timestamp>212.458119</timestamp>
			</report>
			<report>
				<misses>3045001</misses>
				<total>3028509</total>
				<timestamp>212.523107</timestamp>
			</report>
			<report>
				<misses>3046001</misses>
				<total>3029508</total>
				<timestamp>212.587549</timestamp>
			</report>
			<report>
				<misses>3047001</misses>
				<total>3030507</total>
				<timestamp>212.654563</timestamp>
			</report>
			<report>
				<misses>3048001</misses>
				<total>3031506</total>
				<timestamp>212.720018</timestamp>
			</report>
			<report>
				<misses>3049001</misses>
				<total>3032505</total>
				<timestamp>212.789381</timestamp>
			</report>
			<report>
				<misses>3050001</misses>
				<total>3033504</total>
				<timestamp>212.861984</timestamp>
			</report>
			<report>
				<misses>3051001</misses>
				<total>3034503</total>
				<timestamp>212.941749</timestamp>
			</report>
			<report>
				<misses>3052001</misses>
				<total>3035502</total>
				<timestamp>213.009133</timestamp>
			</report>
			<report>
				<misses>3053001</misses>
				<total>3036501</total>
				<timestamp>213.080496</timestamp>
			</report>
			<report>
				<misses>3054001</misses>
				<total>3037500</total>
				<timestamp>213.152666</timestamp>
			</report>
			<report>
				<misses>3055001</misses>
				<total>3038499</total>
				<timestamp>213.224940</timestamp>
			</report>
			<report>
				<misses>3056001</misses>
				<total>3039498</total>
				<timestamp>213.299508</timestamp>
			</report>
			<report>
				<misses>3057001</misses>
				<total>3040497</total>
				<timestamp>213.372819</timestamp>
			</report>
			<report>
				<misses>3058001</misses>
				<total>3041496</total>
				<timestamp>213.445665</timestamp>
			</report>
			<report>
				<misses>3059001</misses>
				<total>3042495</total>
				<timestamp>213.520113</timestamp>
			</report>
			<report>
				<misses>3060001</misses>
				<total>3043494</total>
				<timestamp>213.592633</timestamp>
			</report>
			<report>
				<misses>3061001</misses>
				<total>3044493</total>
				<timestamp>213.665594</timestamp>
			</report>
			<report>
				<misses>3062001</misses>
				<total>3045492</total>
				<timestamp>213.741866</timestamp>
			</report>
			<report>
				<misses>3063001</misses>
				<total>3046491</total>
				<timestamp>213.815687</timestamp>
			</report>
			<report>
				<misses>3064001</misses>
				<total>3047490</total>
				<timestamp>213.892221</timestamp>
			</report>
			<report>
				<misses>3065001</misses>
				<total>3048489</total>
				<timestamp>213.968845</timestamp>
			</report>
			<report>
				<misses>3066001</misses>
				<total>3049488</total>
				<timestamp>214.036289</timestamp>
			</report>
			<report>
				<misses>3067001</misses>
				<total>3050487</total>
				<timestamp>214.113620</timestamp>
			</report>
			<report>
				<misses>3068001</misses>
				<total>3051486</total>
				<timestamp>214.185359</timestamp>
			</report>
			<report>
				<misses>3069001</misses>
				<total>3052485</total>
				<timestamp>214.251490</timestamp>
			</report>
			<report>
				<misses>3070001</misses>
				<total>3053484</total>
				<timestamp>214.327831</timestamp>
			</report>
			<report>
				<misses>3071001</misses>
				<total>3054483</total>
				<timestamp>214.400337</timestamp>
			</report>
			<report>
				<misses>3072001</misses>
				<total>3055482</total>
				<timestamp>214.470616</timestamp>
			</report>
			<report>
				<misses>3073001</misses>
				<total>3056481</total>
				<timestamp>214.536199</timestamp>
			</report>
			<report>
				<misses>3074001</misses>
				<total>3057480</total>
				<timestamp>214.613686</timestamp>
			</report>
			<report>
				<misses>3075001</misses>
				<total>3058479</total>
				<timestamp>214.678065</timestamp>
			</report>
			<report>
				<misses>3076001</misses>
				<total>3059478</total>
				<timestamp>214.756454</timestamp>
			</report>
			<report>
				<misses>3077001</misses>
				<total>3060477</total>
				<timestamp>214.838482</timestamp>
			</report>
			<report>
				<misses>3078001</misses>
				<total>3061476</total>
				<timestamp>214.906622</timestamp>
			</report>
			<report>
				<misses>3079001</misses>
				<total>3062475</total>
				<timestamp>214.973665</timestamp>
			</report>
		</query>
	</custom>
	<ethtool_statistic>
		<rx_packets>
			<start>6922385981</start>
			<end>6938532145</end>
		</rx_packets>
		<tx_packets>
			<start>11413637867</start>
			<end>11459360803</end>
		</tx_packets>
		<rx_dropped>
			<start>0</start>
			<end>0</end>
		</rx_dropped>
		<tx_dropped>
			<start>0</start>
			<end>0</end>
		</tx_dropped>
		<collisions>
			<start>0</start>
			<end>0</end>
		</collisions>
		<port_tx_errors>
			<start>0</start>
			<end>0</end>
		</port_tx_errors>
		<port_rx_dropped>
			<start>0</start>
			<end>0</end>
		</port_rx_dropped>
		<port_tx_dropped_link_down>
			<start>0</start>
			<end>0</end>
		</port_tx_dropped_link_down>
	</ethtool_statistic>
	<ip_statistic>
		<mtu>
			<start>9000</start>
			<end>9000</end>
		</mtu>
		<rx_bytes>
			<start>28456596015528</start>
			<end>28526968040520</end>
		</rx_bytes>
		<rx_packets>
			<start>6922386231</start>
			<end>6938532315</end>
		</rx_packets>
		<rx_errors>
			<start>0</start>
			<end>0</end>
		</rx_errors>
		<rx_dropped>
			<start>0</start>
			<end>0</end>
		</rx_dropped>
		<rx_missed>
			<start>0</start>
			<end>0</end>
		</rx_missed>
		<rx_mcast>
			<start>4891</start>
			<end>4895</end>
		</rx_mcast>
		<tx_bytes>
			<start>37858496031020</start>
			<end>38113963066178</end>
		</tx_bytes>
		<tx_packets>
			<start>11413637868</start>
			<end>11459360845</end>
		</tx_packets>
		<tx_errors>
			<start>0</start>
			<end>0</end>
		</tx_errors>
		<tx_dropped>
			<start>0</start>
			<end>0</end>
		</tx_dropped>
		<tx_carrier>
			<start>0</start>
			<end>0</end>
		</tx_carrier>
		<tx_collisions>
			<start>0</start>
			<end>0</end>
		</tx_collisions>
	</ip_statistic>
	<netstat_statistic>
		<udp_pkg_rec>
			<start>5903943148</start>
			<end>5918256660</end>
		</udp_pkg_rec>
		<udp_pkg_snt>
			<start>10305383099</start>
			<end>10329568676</end>
		</udp_pkg_snt>
		<udp_rec_err>
			<start>1020347945</start>
			<end>1022181621</end>
		</udp_rec_err>
		<udp_rec_buf_err>
			<start>1020347945</start>
			<end>1022181621</end>
		</udp_rec_buf_err>
		<udp_snt_buf_err>
			<start>0</start>
			<end>0</end>
		</udp_snt_buf_err>
	</netstat_statistic>
</test_results>
