<?xml version="1.0"?>
<test_results>
	<status>STATUS_SUCCESS</status>
	<custom>
		<num_loss>996603</num_loss>
		<num_total>1000001</num_total>
		<num_misses>153331</num_misses>
		<elapsed_time>69.200281</elapsed_time>
	</custom>
	<ethtool_statistic>
		<rx_packets>
			<start>13782847431</start>
			<end>13785853716</end>
		</rx_packets>
		<tx_packets>
			<start>18045815057</start>
			<end>18055878972</end>
		</tx_packets>
		<rx_dropped>
			<start>0</start>
			<end>0</end>
		</rx_dropped>
		<tx_dropped>
			<start>0</start>
			<end>0</end>
		</tx_dropped>
		<collisions>
			<start>0</start>
			<end>0</end>
		</collisions>
		<port_tx_errors>
			<start>-1</start>
			<end>-1</end>
		</port_tx_errors>
		<port_rx_dropped>
			<start>-1</start>
			<end>-1</end>
		</port_rx_dropped>
		<port_tx_dropped_link_down>
			<start>-1</start>
			<end>-1</end>
		</port_tx_dropped_link_down>
	</ethtool_statistic>
	<ip_statistic>
		<mtu>
			<start>9000</start>
			<end>9000</end>
		</mtu>
		<rx_bytes>
			<start>123862398906636</start>
			<end>123889425137501</end>
		</rx_bytes>
		<rx_packets>
			<start>13782847522</start>
			<end>13785853829</end>
		</rx_packets>
		<rx_errors>
			<start>0</start>
			<end>0</end>
		</rx_errors>
		<rx_dropped>
			<start>0</start>
			<end>0</end>
		</rx_dropped>
		<rx_missed>
			<start>1619</start>
			<end>1619</end>
		</rx_missed>
		<rx_mcast>
			<start>9251</start>
			<end>9251</end>
		</rx_mcast>
		<tx_bytes>
			<start>145935408243236</start>
			<end>146019242464791</end>
		</tx_bytes>
		<tx_packets>
			<start>18045815068</start>
			<end>18055878972</end>
		</tx_packets>
		<tx_errors>
			<start>0</start>
			<end>0</end>
		</tx_errors>
		<tx_dropped>
			<start>0</start>
			<end>0</end>
		</tx_dropped>
		<tx_carrier>
			<start>0</start>
			<end>0</end>
		</tx_carrier>
		<tx_collisions>
			<start>0</start>
			<end>0</end>
		</tx_collisions>
	</ip_statistic>
</test_results>
