<?xml version="1.0"?>
<test_results>
	<status>STATUS_SUCCESS</status>
	<custom>
		<num_loss>50</num_loss>
		<num_total>12273001</num_total>
		<num_misses>6</num_misses>
		<elapsed_time>3800.827429</elapsed_time>
		<query>
			<report>
				<misses>1001</misses>
				<total>1</total>
				<timestamp>0.310164</timestamp>
			</report>
			<report>
				<misses>2001</misses>
				<total>1</total>
				<timestamp>0.619867</timestamp>
			</report>
			<report>
				<misses>3001</misses>
				<total>1</total>
				<timestamp>0.929560</timestamp>
			</report>
			<report>
				<misses>4001</misses>
				<total>1</total>
				<timestamp>1.239228</timestamp>
			</report>
			<report>
				<misses>5001</misses>
				<total>1</total>
				<timestamp>1.548945</timestamp>
			</report>
			<report>
				<misses>6001</misses>
				<total>1</total>
				<timestamp>1.858687</timestamp>
			</report>
			<report>
				<misses>7001</misses>
				<total>1</total>
				<timestamp>2.168314</timestamp>
			</report>
			<report>
				<misses>8001</misses>
				<total>1</total>
				<timestamp>2.478005</timestamp>
			</report>
			<report>
				<misses>9001</misses>
				<total>1</total>
				<timestamp>2.787743</timestamp>
			</report>
			<report>
				<misses>10001</misses>
				<total>1</total>
				<timestamp>3.097421</timestamp>
			</report>
			<report>
				<misses>11001</misses>
				<total>1</total>
				<timestamp>3.407077</timestamp>
			</report>
			<report>
				<misses>12001</misses>
				<total>1</total>
				<timestamp>3.716845</timestamp>
			</report>
			<report>
				<misses>13001</misses>
				<total>1</total>
				<timestamp>4.026501</timestamp>
			</report>
			<report>
				<misses>14001</misses>
				<total>1</total>
				<timestamp>4.336142</timestamp>
			</report>
			<report>
				<misses>15001</misses>
				<total>1</total>
				<timestamp>4.645865</timestamp>
			</report>
			<report>
				<misses>16001</misses>
				<total>1</total>
				<timestamp>4.955560</timestamp>
			</report>
			<report>
				<misses>17001</misses>
				<total>1</total>
				<timestamp>5.265207</timestamp>
			</report>
			<report>
				<misses>18001</misses>
				<total>1</total>
				<timestamp>5.574924</timestamp>
			</report>
			<report>
				<misses>19001</misses>
				<total>1</total>
				<timestamp>5.884598</timestamp>
			</report>
			<report>
				<misses>20001</misses>
				<total>1</total>
				<timestamp>6.194301</timestamp>
			</report>
			<report>
				<misses>21001</misses>
				<total>1</total>
				<timestamp>6.503982</timestamp>
			</report>
			<report>
				<misses>22001</misses>
				<total>1</total>
				<timestamp>6.813677</timestamp>
			</report>
			<report>
				<misses>23001</misses>
				<total>1</total>
				<timestamp>7.123346</timestamp>
			</report>
			<report>
				<misses>24001</misses>
				<total>1</total>
				<timestamp>7.433052</timestamp>
			</report>
			<report>
				<misses>25001</misses>
				<total>1</total>
				<timestamp>7.742770</timestamp>
			</report>
			<report>
				<misses>26001</misses>
				<total>1</total>
				<timestamp>8.052500</timestamp>
			</report>
			<report>
				<misses>27001</misses>
				<total>1</total>
				<timestamp>8.362127</timestamp>
			</report>
			<report>
				<misses>28001</misses>
				<total>1</total>
				<timestamp>8.671879</timestamp>
			</report>
			<report>
				<misses>29001</misses>
				<total>1</total>
				<timestamp>8.981531</timestamp>
			</report>
			<report>
				<misses>30001</misses>
				<total>1</total>
				<timestamp>9.291190</timestamp>
			</report>
			<report>
				<misses>31001</misses>
				<total>1</total>
				<timestamp>9.600896</timestamp>
			</report>
			<report>
				<misses>32001</misses>
				<total>1</total>
				<timestamp>9.910577</timestamp>
			</report>
			<report>
				<misses>33001</misses>
				<total>1</total>
				<timestamp>10.220304</timestamp>
			</report>
			<report>
				<misses>34001</misses>
				<total>1</total>
				<timestamp>10.529936</timestamp>
			</report>
			<report>
				<misses>35001</misses>
				<total>1</total>
				<timestamp>10.839656</timestamp>
			</report>
			<report>
				<misses>36001</misses>
				<total>1</total>
				<timestamp>11.149370</timestamp>
			</report>
			<report>
				<misses>37001</misses>
				<total>1</total>
				<timestamp>11.459025</timestamp>
			</report>
			<report>
				<misses>38001</misses>
				<total>1</total>
				<timestamp>11.768727</timestamp>
			</report>
			<report>
				<misses>39001</misses>
				<total>1</total>
				<timestamp>12.078414</timestamp>
			</report>
			<report>
				<misses>40001</misses>
				<total>1</total>
				<timestamp>12.388087</timestamp>
			</report>
			<report>
				<misses>41001</misses>
				<total>1</total>
				<timestamp>12.697811</timestamp>
			</report>
			<report>
				<misses>42001</misses>
				<total>1</total>
				<timestamp>13.007512</timestamp>
			</report>
			<report>
				<misses>43001</misses>
				<total>1</total>
				<timestamp>13.317175</timestamp>
			</report>
			<report>
				<misses>44001</misses>
				<total>1</total>
				<timestamp>13.626854</timestamp>
			</report>
			<report>
				<misses>45001</misses>
				<total>1</total>
				<timestamp>13.936551</timestamp>
			</report>
			<report>
				<misses>46001</misses>
				<total>1</total>
				<timestamp>14.246226</timestamp>
			</report>
			<report>
				<misses>47001</misses>
				<total>1</total>
				<timestamp>14.555946</timestamp>
			</report>
			<report>
				<misses>48001</misses>
				<total>1</total>
				<timestamp>14.865655</timestamp>
			</report>
			<report>
				<misses>49001</misses>
				<total>1</total>
				<timestamp>15.175338</timestamp>
			</report>
			<report>
				<misses>50001</misses>
				<total>1</total>
				<timestamp>15.485006</timestamp>
			</report>
			<report>
				<misses>51001</misses>
				<total>1</total>
				<timestamp>15.794699</timestamp>
			</report>
			<report>
				<misses>52001</misses>
				<total>1</total>
				<timestamp>16.104745</timestamp>
			</report>
			<report>
				<misses>53001</misses>
				<total>1</total>
				<timestamp>16.414452</timestamp>
			</report>
			<report>
				<misses>54001</misses>
				<total>1</total>
				<timestamp>16.724049</timestamp>
			</report>
			<report>
				<misses>55001</misses>
				<total>1</total>
				<timestamp>17.033772</timestamp>
			</report>
			<report>
				<misses>56001</misses>
				<total>1</total>
				<timestamp>17.343472</timestamp>
			</report>
			<report>
				<misses>57001</misses>
				<total>1</total>
				<timestamp>17.653131</timestamp>
			</report>
			<report>
				<misses>58001</misses>
				<total>1</total>
				<timestamp>17.962833</timestamp>
			</report>
			<report>
				<misses>59001</misses>
				<total>1</total>
				<timestamp>18.272491</timestamp>
			</report>
			<report>
				<misses>60001</misses>
				<total>1</total>
				<timestamp>18.582188</timestamp>
			</report>
			<report>
				<misses>61001</misses>
				<total>1</total>
				<timestamp>18.891883</timestamp>
			</report>
			<report>
				<misses>62001</misses>
				<total>1</total>
				<timestamp>19.201639</timestamp>
			</report>
			<report>
				<misses>63001</misses>
				<total>1</total>
				<timestamp>19.511242</timestamp>
			</report>
			<report>
				<misses>64001</misses>
				<total>1</total>
				<timestamp>19.820929</timestamp>
			</report>
			<report>
				<misses>65001</misses>
				<total>1</total>
				<timestamp>20.130650</timestamp>
			</report>
			<report>
				<misses>66001</misses>
				<total>1</total>
				<timestamp>20.440336</timestamp>
			</report>
			<report>
				<misses>67001</misses>
				<total>1</total>
				<timestamp>20.750022</timestamp>
			</report>
			<report>
				<misses>68001</misses>
				<total>1</total>
				<timestamp>21.059735</timestamp>
			</report>
			<report>
				<misses>69001</misses>
				<total>1</total>
				<timestamp>21.369408</timestamp>
			</report>
			<report>
				<misses>70001</misses>
				<total>1</total>
				<timestamp>21.679083</timestamp>
			</report>
			<report>
				<misses>71001</misses>
				<total>1</total>
				<timestamp>21.988786</timestamp>
			</report>
			<report>
				<misses>72001</misses>
				<total>1</total>
				<timestamp>22.298521</timestamp>
			</report>
			<report>
				<misses>73001</misses>
				<total>1</total>
				<timestamp>22.608148</timestamp>
			</report>
			<report>
				<misses>74001</misses>
				<total>1</total>
				<timestamp>22.917851</timestamp>
			</report>
			<report>
				<misses>75001</misses>
				<total>1</total>
				<timestamp>23.227586</timestamp>
			</report>
			<report>
				<misses>76001</misses>
				<total>1</total>
				<timestamp>23.537239</timestamp>
			</report>
			<report>
				<misses>77001</misses>
				<total>1</total>
				<timestamp>23.846922</timestamp>
			</report>
			<report>
				<misses>78001</misses>
				<total>1</total>
				<timestamp>24.156608</timestamp>
			</report>
			<report>
				<misses>79001</misses>
				<total>1</total>
				<timestamp>24.466309</timestamp>
			</report>
			<report>
				<misses>80001</misses>
				<total>1</total>
				<timestamp>24.776012</timestamp>
			</report>
			<report>
				<misses>81001</misses>
				<total>1</total>
				<timestamp>25.085711</timestamp>
			</report>
			<report>
				<misses>82001</misses>
				<total>1</total>
				<timestamp>25.395386</timestamp>
			</report>
			<report>
				<misses>83001</misses>
				<total>1</total>
				<timestamp>25.705070</timestamp>
			</report>
			<report>
				<misses>84001</misses>
				<total>1</total>
				<timestamp>26.014775</timestamp>
			</report>
			<report>
				<misses>85001</misses>
				<total>1</total>
				<timestamp>26.324440</timestamp>
			</report>
			<report>
				<misses>86001</misses>
				<total>1</total>
				<timestamp>26.634134</timestamp>
			</report>
			<report>
				<misses>87001</misses>
				<total>1</total>
				<timestamp>26.943851</timestamp>
			</report>
			<report>
				<misses>88001</misses>
				<total>1</total>
				<timestamp>27.253590</timestamp>
			</report>
			<report>
				<misses>89001</misses>
				<total>1</total>
				<timestamp>27.563202</timestamp>
			</report>
			<report>
				<misses>90001</misses>
				<total>1</total>
				<timestamp>27.872904</timestamp>
			</report>
			<report>
				<misses>91001</misses>
				<total>1</total>
				<timestamp>28.182624</timestamp>
			</report>
			<report>
				<misses>92001</misses>
				<total>1</total>
				<timestamp>28.492272</timestamp>
			</report>
			<report>
				<misses>93001</misses>
				<total>1</total>
				<timestamp>28.801981</timestamp>
			</report>
			<report>
				<misses>94001</misses>
				<total>1</total>
				<timestamp>29.111659</timestamp>
			</report>
			<report>
				<misses>95001</misses>
				<total>1</total>
				<timestamp>29.421363</timestamp>
			</report>
			<report>
				<misses>96001</misses>
				<total>1</total>
				<timestamp>29.731045</timestamp>
			</report>
			<report>
				<misses>97001</misses>
				<total>1</total>
				<timestamp>30.040739</timestamp>
			</report>
			<report>
				<misses>98001</misses>
				<total>1</total>
				<timestamp>30.350423</timestamp>
			</report>
			<report>
				<misses>99001</misses>
				<total>1</total>
				<timestamp>30.660108</timestamp>
			</report>
			<report>
				<misses>100001</misses>
				<total>1</total>
				<timestamp>30.969819</timestamp>
			</report>
			<report>
				<misses>101001</misses>
				<total>1</total>
				<timestamp>31.279511</timestamp>
			</report>
			<report>
				<misses>102001</misses>
				<total>1</total>
				<timestamp>31.589190</timestamp>
			</report>
			<report>
				<misses>103001</misses>
				<total>1</total>
				<timestamp>31.898878</timestamp>
			</report>
			<report>
				<misses>104001</misses>
				<total>1</total>
				<timestamp>32.208595</timestamp>
			</report>
			<report>
				<misses>105001</misses>
				<total>1</total>
				<timestamp>32.518253</timestamp>
			</report>
			<report>
				<misses>106001</misses>
				<total>1</total>
				<timestamp>32.827951</timestamp>
			</report>
			<report>
				<misses>107001</misses>
				<total>1</total>
				<timestamp>33.137677</timestamp>
			</report>
			<report>
				<misses>108001</misses>
				<total>1</total>
				<timestamp>33.447361</timestamp>
			</report>
			<report>
				<misses>109001</misses>
				<total>1</total>
				<timestamp>33.757008</timestamp>
			</report>
			<report>
				<misses>110001</misses>
				<total>1</total>
				<timestamp>34.066710</timestamp>
			</report>
			<report>
				<misses>111001</misses>
				<total>1</total>
				<timestamp>34.376392</timestamp>
			</report>
			<report>
				<misses>112001</misses>
				<total>1</total>
				<timestamp>34.686093</timestamp>
			</report>
			<report>
				<misses>113001</misses>
				<total>1</total>
				<timestamp>34.995812</timestamp>
			</report>
			<report>
				<misses>114001</misses>
				<total>1</total>
				<timestamp>35.305508</timestamp>
			</report>
			<report>
				<misses>115001</misses>
				<total>1</total>
				<timestamp>35.615148</timestamp>
			</report>
			<report>
				<misses>116001</misses>
				<total>1</total>
				<timestamp>35.925154</timestamp>
			</report>
			<report>
				<misses>117001</misses>
				<total>1</total>
				<timestamp>36.234853</timestamp>
			</report>
			<report>
				<misses>118001</misses>
				<total>1</total>
				<timestamp>36.544577</timestamp>
			</report>
			<report>
				<misses>119001</misses>
				<total>1</total>
				<timestamp>36.854226</timestamp>
			</report>
			<report>
				<misses>120001</misses>
				<total>1</total>
				<timestamp>37.163895</timestamp>
			</report>
			<report>
				<misses>121001</misses>
				<total>1</total>
				<timestamp>37.473644</timestamp>
			</report>
			<report>
				<misses>122001</misses>
				<total>1</total>
				<timestamp>37.783315</timestamp>
			</report>
			<report>
				<misses>123001</misses>
				<total>1</total>
				<timestamp>38.092998</timestamp>
			</report>
			<report>
				<misses>124001</misses>
				<total>1</total>
				<timestamp>38.402667</timestamp>
			</report>
			<report>
				<misses>125001</misses>
				<total>1</total>
				<timestamp>38.712354</timestamp>
			</report>
			<report>
				<misses>126001</misses>
				<total>1</total>
				<timestamp>39.022052</timestamp>
			</report>
			<report>
				<misses>127001</misses>
				<total>1</total>
				<timestamp>39.331743</timestamp>
			</report>
			<report>
				<misses>128001</misses>
				<total>1</total>
				<timestamp>39.641454</timestamp>
			</report>
			<report>
				<misses>129001</misses>
				<total>1</total>
				<timestamp>39.951118</timestamp>
			</report>
			<report>
				<misses>130001</misses>
				<total>1</total>
				<timestamp>40.260819</timestamp>
			</report>
			<report>
				<misses>131001</misses>
				<total>1</total>
				<timestamp>40.570537</timestamp>
			</report>
			<report>
				<misses>132001</misses>
				<total>1</total>
				<timestamp>40.880180</timestamp>
			</report>
			<report>
				<misses>133001</misses>
				<total>1</total>
				<timestamp>41.189865</timestamp>
			</report>
			<report>
				<misses>134001</misses>
				<total>1</total>
				<timestamp>41.499583</timestamp>
			</report>
			<report>
				<misses>135001</misses>
				<total>1</total>
				<timestamp>41.809350</timestamp>
			</report>
			<report>
				<misses>136001</misses>
				<total>1</total>
				<timestamp>42.118951</timestamp>
			</report>
			<report>
				<misses>137001</misses>
				<total>1</total>
				<timestamp>42.428635</timestamp>
			</report>
			<report>
				<misses>138001</misses>
				<total>1</total>
				<timestamp>42.738327</timestamp>
			</report>
			<report>
				<misses>139001</misses>
				<total>1</total>
				<timestamp>43.048009</timestamp>
			</report>
			<report>
				<misses>140001</misses>
				<total>1</total>
				<timestamp>43.357718</timestamp>
			</report>
			<report>
				<misses>141001</misses>
				<total>1</total>
				<timestamp>43.667459</timestamp>
			</report>
			<report>
				<misses>142001</misses>
				<total>1</total>
				<timestamp>43.977115</timestamp>
			</report>
			<report>
				<misses>143001</misses>
				<total>1</total>
				<timestamp>44.286775</timestamp>
			</report>
			<report>
				<misses>144001</misses>
				<total>1</total>
				<timestamp>44.596479</timestamp>
			</report>
			<report>
				<misses>145001</misses>
				<total>1</total>
				<timestamp>44.906152</timestamp>
			</report>
			<report>
				<misses>146001</misses>
				<total>1</total>
				<timestamp>45.215863</timestamp>
			</report>
			<report>
				<misses>147001</misses>
				<total>1</total>
				<timestamp>45.525537</timestamp>
			</report>
			<report>
				<misses>148001</misses>
				<total>1</total>
				<timestamp>45.835268</timestamp>
			</report>
			<report>
				<misses>149001</misses>
				<total>1</total>
				<timestamp>46.144945</timestamp>
			</report>
			<report>
				<misses>150001</misses>
				<total>1</total>
				<timestamp>46.454646</timestamp>
			</report>
			<report>
				<misses>151001</misses>
				<total>1</total>
				<timestamp>46.764333</timestamp>
			</report>
			<report>
				<misses>152001</misses>
				<total>1</total>
				<timestamp>47.074010</timestamp>
			</report>
			<report>
				<misses>153001</misses>
				<total>1</total>
				<timestamp>47.383658</timestamp>
			</report>
			<report>
				<misses>154001</misses>
				<total>1</total>
				<timestamp>47.693412</timestamp>
			</report>
			<report>
				<misses>155001</misses>
				<total>1</total>
				<timestamp>48.003047</timestamp>
			</report>
			<report>
				<misses>156001</misses>
				<total>1</total>
				<timestamp>48.312761</timestamp>
			</report>
			<report>
				<misses>157001</misses>
				<total>1</total>
				<timestamp>48.622431</timestamp>
			</report>
			<report>
				<misses>158001</misses>
				<total>1</total>
				<timestamp>48.932150</timestamp>
			</report>
			<report>
				<misses>159001</misses>
				<total>1</total>
				<timestamp>49.241830</timestamp>
			</report>
			<report>
				<misses>160001</misses>
				<total>1</total>
				<timestamp>49.551546</timestamp>
			</report>
			<report>
				<misses>161001</misses>
				<total>1</total>
				<timestamp>49.861216</timestamp>
			</report>
			<report>
				<misses>162001</misses>
				<total>1</total>
				<timestamp>50.170946</timestamp>
			</report>
			<report>
				<misses>163001</misses>
				<total>1</total>
				<timestamp>50.480599</timestamp>
			</report>
			<report>
				<misses>164001</misses>
				<total>1</total>
				<timestamp>50.790308</timestamp>
			</report>
			<report>
				<misses>165001</misses>
				<total>1</total>
				<timestamp>51.099960</timestamp>
			</report>
			<report>
				<misses>166001</misses>
				<total>1</total>
				<timestamp>51.409673</timestamp>
			</report>
			<report>
				<misses>167001</misses>
				<total>1</total>
				<timestamp>51.719411</timestamp>
			</report>
			<report>
				<misses>168001</misses>
				<total>1</total>
				<timestamp>52.029039</timestamp>
			</report>
			<report>
				<misses>169001</misses>
				<total>1</total>
				<timestamp>52.338712</timestamp>
			</report>
			<report>
				<misses>170001</misses>
				<total>1</total>
				<timestamp>52.648441</timestamp>
			</report>
			<report>
				<misses>171001</misses>
				<total>1</total>
				<timestamp>52.958111</timestamp>
			</report>
			<report>
				<misses>172001</misses>
				<total>1</total>
				<timestamp>53.267798</timestamp>
			</report>
			<report>
				<misses>173001</misses>
				<total>1</total>
				<timestamp>53.577530</timestamp>
			</report>
			<report>
				<misses>174001</misses>
				<total>1</total>
				<timestamp>53.887165</timestamp>
			</report>
			<report>
				<misses>175001</misses>
				<total>1</total>
				<timestamp>54.196854</timestamp>
			</report>
			<report>
				<misses>176001</misses>
				<total>1</total>
				<timestamp>54.506564</timestamp>
			</report>
			<report>
				<misses>177001</misses>
				<total>1</total>
				<timestamp>54.816247</timestamp>
			</report>
			<report>
				<misses>178001</misses>
				<total>1</total>
				<timestamp>55.125931</timestamp>
			</report>
			<report>
				<misses>179001</misses>
				<total>1</total>
				<timestamp>55.435630</timestamp>
			</report>
			<report>
				<misses>180001</misses>
				<total>1</total>
				<timestamp>55.745315</timestamp>
			</report>
			<report>
				<misses>181001</misses>
				<total>1</total>
				<timestamp>56.054996</timestamp>
			</report>
			<report>
				<misses>182001</misses>
				<total>1</total>
				<timestamp>56.364692</timestamp>
			</report>
			<report>
				<misses>183001</misses>
				<total>1</total>
				<timestamp>56.674413</timestamp>
			</report>
			<report>
				<misses>184001</misses>
				<total>1</total>
				<timestamp>56.984093</timestamp>
			</report>
			<report>
				<misses>185001</misses>
				<total>1</total>
				<timestamp>57.293741</timestamp>
			</report>
			<report>
				<misses>186001</misses>
				<total>1</total>
				<timestamp>57.603515</timestamp>
			</report>
			<report>
				<misses>187001</misses>
				<total>1</total>
				<timestamp>57.913142</timestamp>
			</report>
			<report>
				<misses>188001</misses>
				<total>1</total>
				<timestamp>58.222865</timestamp>
			</report>
			<report>
				<misses>189001</misses>
				<total>1</total>
				<timestamp>58.532556</timestamp>
			</report>
			<report>
				<misses>190001</misses>
				<total>1</total>
				<timestamp>58.842188</timestamp>
			</report>
			<report>
				<misses>191001</misses>
				<total>1</total>
				<timestamp>59.151893</timestamp>
			</report>
			<report>
				<misses>192001</misses>
				<total>1</total>
				<timestamp>59.461594</timestamp>
			</report>
			<report>
				<misses>193001</misses>
				<total>1</total>
				<timestamp>59.771283</timestamp>
			</report>
			<report>
				<misses>194001</misses>
				<total>1</total>
				<timestamp>60.080961</timestamp>
			</report>
			<report>
				<misses>195001</misses>
				<total>1</total>
				<timestamp>60.390638</timestamp>
			</report>
			<report>
				<misses>196001</misses>
				<total>1</total>
				<timestamp>60.700371</timestamp>
			</report>
			<report>
				<misses>197001</misses>
				<total>1</total>
				<timestamp>61.010046</timestamp>
			</report>
			<report>
				<misses>198001</misses>
				<total>1</total>
				<timestamp>61.319755</timestamp>
			</report>
			<report>
				<misses>199001</misses>
				<total>1</total>
				<timestamp>61.629413</timestamp>
			</report>
			<report>
				<misses>200001</misses>
				<total>1</total>
				<timestamp>61.939092</timestamp>
			</report>
			<report>
				<misses>201001</misses>
				<total>1</total>
				<timestamp>62.248783</timestamp>
			</report>
			<report>
				<misses>202001</misses>
				<total>1</total>
				<timestamp>62.558508</timestamp>
			</report>
			<report>
				<misses>203001</misses>
				<total>1</total>
				<timestamp>62.868158</timestamp>
			</report>
			<report>
				<misses>204001</misses>
				<total>1</total>
				<timestamp>63.177875</timestamp>
			</report>
			<report>
				<misses>205001</misses>
				<total>1</total>
				<timestamp>63.487568</timestamp>
			</report>
			<report>
				<misses>206001</misses>
				<total>1</total>
				<timestamp>63.797272</timestamp>
			</report>
			<report>
				<misses>207001</misses>
				<total>1</total>
				<timestamp>64.106944</timestamp>
			</report>
			<report>
				<misses>208001</misses>
				<total>1</total>
				<timestamp>64.416637</timestamp>
			</report>
			<report>
				<misses>209001</misses>
				<total>1</total>
				<timestamp>64.726323</timestamp>
			</report>
			<report>
				<misses>210001</misses>
				<total>1</total>
				<timestamp>65.036005</timestamp>
			</report>
			<report>
				<misses>211001</misses>
				<total>1</total>
				<timestamp>65.345729</timestamp>
			</report>
			<report>
				<misses>212001</misses>
				<total>1</total>
				<timestamp>65.655403</timestamp>
			</report>
			<report>
				<misses>213001</misses>
				<total>1</total>
				<timestamp>65.965067</timestamp>
			</report>
			<report>
				<misses>214001</misses>
				<total>1</total>
				<timestamp>66.274770</timestamp>
			</report>
			<report>
				<misses>215001</misses>
				<total>1</total>
				<timestamp>66.584520</timestamp>
			</report>
			<report>
				<misses>216001</misses>
				<total>1</total>
				<timestamp>66.894215</timestamp>
			</report>
			<report>
				<misses>217001</misses>
				<total>1</total>
				<timestamp>67.203865</timestamp>
			</report>
			<report>
				<misses>218001</misses>
				<total>1</total>
				<timestamp>67.513575</timestamp>
			</report>
			<report>
				<misses>219001</misses>
				<total>1</total>
				<timestamp>67.823282</timestamp>
			</report>
			<report>
				<misses>220001</misses>
				<total>1</total>
				<timestamp>68.132907</timestamp>
			</report>
			<report>
				<misses>221001</misses>
				<total>1</total>
				<timestamp>68.442595</timestamp>
			</report>
			<report>
				<misses>222001</misses>
				<total>1</total>
				<timestamp>68.752303</timestamp>
			</report>
			<report>
				<misses>223001</misses>
				<total>1</total>
				<timestamp>69.061972</timestamp>
			</report>
			<report>
				<misses>224001</misses>
				<total>1</total>
				<timestamp>69.371694</timestamp>
			</report>
			<report>
				<misses>225001</misses>
				<total>1</total>
				<timestamp>69.681364</timestamp>
			</report>
			<report>
				<misses>226001</misses>
				<total>1</total>
				<timestamp>69.991047</timestamp>
			</report>
			<report>
				<misses>227001</misses>
				<total>1</total>
				<timestamp>70.300739</timestamp>
			</report>
			<report>
				<misses>228001</misses>
				<total>1</total>
				<timestamp>70.610510</timestamp>
			</report>
			<report>
				<misses>229001</misses>
				<total>1</total>
				<timestamp>70.920151</timestamp>
			</report>
			<report>
				<misses>230001</misses>
				<total>1</total>
				<timestamp>71.229825</timestamp>
			</report>
			<report>
				<misses>231001</misses>
				<total>1</total>
				<timestamp>71.539543</timestamp>
			</report>
			<report>
				<misses>232001</misses>
				<total>1</total>
				<timestamp>71.849184</timestamp>
			</report>
			<report>
				<misses>233001</misses>
				<total>1</total>
				<timestamp>72.158882</timestamp>
			</report>
			<report>
				<misses>234001</misses>
				<total>1</total>
				<timestamp>72.468585</timestamp>
			</report>
			<report>
				<misses>235001</misses>
				<total>1</total>
				<timestamp>72.778304</timestamp>
			</report>
			<report>
				<misses>236001</misses>
				<total>1</total>
				<timestamp>73.087947</timestamp>
			</report>
			<report>
				<misses>237001</misses>
				<total>1</total>
				<timestamp>73.397654</timestamp>
			</report>
			<report>
				<misses>238001</misses>
				<total>1</total>
				<timestamp>73.707320</timestamp>
			</report>
			<report>
				<misses>239001</misses>
				<total>1</total>
				<timestamp>74.017021</timestamp>
			</report>
			<report>
				<misses>240001</misses>
				<total>1</total>
				<timestamp>74.326716</timestamp>
			</report>
			<report>
				<misses>241001</misses>
				<total>1</total>
				<timestamp>74.636428</timestamp>
			</report>
			<report>
				<misses>242001</misses>
				<total>1</total>
				<timestamp>74.946109</timestamp>
			</report>
			<report>
				<misses>243001</misses>
				<total>1</total>
				<timestamp>75.255761</timestamp>
			</report>
			<report>
				<misses>244001</misses>
				<total>1</total>
				<timestamp>75.565480</timestamp>
			</report>
			<report>
				<misses>245001</misses>
				<total>1</total>
				<timestamp>75.875167</timestamp>
			</report>
			<report>
				<misses>246001</misses>
				<total>1</total>
				<timestamp>76.184848</timestamp>
			</report>
			<report>
				<misses>247001</misses>
				<total>1</total>
				<timestamp>76.494546</timestamp>
			</report>
			<report>
				<misses>248001</misses>
				<total>1</total>
				<timestamp>76.804276</timestamp>
			</report>
			<report>
				<misses>249001</misses>
				<total>1</total>
				<timestamp>77.113925</timestamp>
			</report>
			<report>
				<misses>250001</misses>
				<total>1</total>
				<timestamp>77.423603</timestamp>
			</report>
			<report>
				<misses>251001</misses>
				<total>1</total>
				<timestamp>77.733311</timestamp>
			</report>
			<report>
				<misses>252001</misses>
				<total>1</total>
				<timestamp>78.042987</timestamp>
			</report>
			<report>
				<misses>253001</misses>
				<total>1</total>
				<timestamp>78.352693</timestamp>
			</report>
			<report>
				<misses>254001</misses>
				<total>1</total>
				<timestamp>78.662434</timestamp>
			</report>
			<report>
				<misses>255001</misses>
				<total>1</total>
				<timestamp>78.972062</timestamp>
			</report>
			<report>
				<misses>256001</misses>
				<total>1</total>
				<timestamp>79.281749</timestamp>
			</report>
			<report>
				<misses>257001</misses>
				<total>1</total>
				<timestamp>79.591436</timestamp>
			</report>
			<report>
				<misses>258001</misses>
				<total>1</total>
				<timestamp>79.901165</timestamp>
			</report>
			<report>
				<misses>259001</misses>
				<total>1</total>
				<timestamp>80.210823</timestamp>
			</report>
			<report>
				<misses>260001</misses>
				<total>1</total>
				<timestamp>80.520505</timestamp>
			</report>
			<report>
				<misses>261001</misses>
				<total>1</total>
				<timestamp>80.830210</timestamp>
			</report>
			<report>
				<misses>262001</misses>
				<total>1</total>
				<timestamp>81.139887</timestamp>
			</report>
			<report>
				<misses>263001</misses>
				<total>1</total>
				<timestamp>81.449587</timestamp>
			</report>
			<report>
				<misses>264001</misses>
				<total>1</total>
				<timestamp>81.759267</timestamp>
			</report>
			<report>
				<misses>265001</misses>
				<total>1</total>
				<timestamp>82.068977</timestamp>
			</report>
			<report>
				<misses>266001</misses>
				<total>1</total>
				<timestamp>82.378663</timestamp>
			</report>
			<report>
				<misses>267001</misses>
				<total>1</total>
				<timestamp>82.688368</timestamp>
			</report>
			<report>
				<misses>268001</misses>
				<total>1</total>
				<timestamp>82.998012</timestamp>
			</report>
			<report>
				<misses>269001</misses>
				<total>1</total>
				<timestamp>83.307706</timestamp>
			</report>
			<report>
				<misses>270001</misses>
				<total>1</total>
				<timestamp>83.617394</timestamp>
			</report>
			<report>
				<misses>271001</misses>
				<total>1</total>
				<timestamp>83.927146</timestamp>
			</report>
			<report>
				<misses>272001</misses>
				<total>1</total>
				<timestamp>84.236789</timestamp>
			</report>
			<report>
				<misses>273001</misses>
				<total>1</total>
				<timestamp>84.546507</timestamp>
			</report>
			<report>
				<misses>274001</misses>
				<total>1</total>
				<timestamp>84.856213</timestamp>
			</report>
			<report>
				<misses>275001</misses>
				<total>1</total>
				<timestamp>85.165892</timestamp>
			</report>
			<report>
				<misses>276001</misses>
				<total>1</total>
				<timestamp>85.475565</timestamp>
			</report>
			<report>
				<misses>277001</misses>
				<total>1</total>
				<timestamp>85.785259</timestamp>
			</report>
			<report>
				<misses>278001</misses>
				<total>1</total>
				<timestamp>86.094931</timestamp>
			</report>
			<report>
				<misses>279001</misses>
				<total>1</total>
				<timestamp>86.404621</timestamp>
			</report>
			<report>
				<misses>280001</misses>
				<total>1</total>
				<timestamp>86.714351</timestamp>
			</report>
			<report>
				<misses>281001</misses>
				<total>1</total>
				<timestamp>87.024032</timestamp>
			</report>
			<report>
				<misses>282001</misses>
				<total>1</total>
				<timestamp>87.333691</timestamp>
			</report>
			<report>
				<misses>283001</misses>
				<total>1</total>
				<timestamp>87.643387</timestamp>
			</report>
			<report>
				<misses>284001</misses>
				<total>1</total>
				<timestamp>87.953129</timestamp>
			</report>
			<report>
				<misses>285001</misses>
				<total>1</total>
				<timestamp>88.262753</timestamp>
			</report>
			<report>
				<misses>286001</misses>
				<total>1</total>
				<timestamp>88.572476</timestamp>
			</report>
			<report>
				<misses>287001</misses>
				<total>1</total>
				<timestamp>88.882168</timestamp>
			</report>
			<report>
				<misses>288001</misses>
				<total>1</total>
				<timestamp>89.191810</timestamp>
			</report>
			<report>
				<misses>289001</misses>
				<total>1</total>
				<timestamp>89.501544</timestamp>
			</report>
			<report>
				<misses>290001</misses>
				<total>1</total>
				<timestamp>89.811221</timestamp>
			</report>
			<report>
				<misses>291001</misses>
				<total>1</total>
				<timestamp>90.120921</timestamp>
			</report>
			<report>
				<misses>292001</misses>
				<total>1</total>
				<timestamp>90.430598</timestamp>
			</report>
			<report>
				<misses>293001</misses>
				<total>1</total>
				<timestamp>90.740354</timestamp>
			</report>
			<report>
				<misses>294001</misses>
				<total>1</total>
				<timestamp>91.049969</timestamp>
			</report>
			<report>
				<misses>295001</misses>
				<total>1</total>
				<timestamp>91.359656</timestamp>
			</report>
			<report>
				<misses>296001</misses>
				<total>1</total>
				<timestamp>91.669364</timestamp>
			</report>
			<report>
				<misses>297001</misses>
				<total>1</total>
				<timestamp>91.979051</timestamp>
			</report>
			<report>
				<misses>298001</misses>
				<total>1</total>
				<timestamp>92.288723</timestamp>
			</report>
			<report>
				<misses>299001</misses>
				<total>1</total>
				<timestamp>92.598406</timestamp>
			</report>
			<report>
				<misses>300001</misses>
				<total>1</total>
				<timestamp>92.908099</timestamp>
			</report>
			<report>
				<misses>301001</misses>
				<total>1</total>
				<timestamp>93.217813</timestamp>
			</report>
			<report>
				<misses>302001</misses>
				<total>1</total>
				<timestamp>93.527521</timestamp>
			</report>
			<report>
				<misses>303001</misses>
				<total>1</total>
				<timestamp>93.837199</timestamp>
			</report>
			<report>
				<misses>304001</misses>
				<total>1</total>
				<timestamp>94.146874</timestamp>
			</report>
			<report>
				<misses>305001</misses>
				<total>1</total>
				<timestamp>94.456583</timestamp>
			</report>
			<report>
				<misses>306001</misses>
				<total>1</total>
				<timestamp>94.766280</timestamp>
			</report>
			<report>
				<misses>307001</misses>
				<total>1</total>
				<timestamp>95.075926</timestamp>
			</report>
			<report>
				<misses>308001</misses>
				<total>1</total>
				<timestamp>95.385624</timestamp>
			</report>
			<report>
				<misses>309001</misses>
				<total>1</total>
				<timestamp>95.695339</timestamp>
			</report>
			<report>
				<misses>310001</misses>
				<total>1</total>
				<timestamp>96.005009</timestamp>
			</report>
			<report>
				<misses>311001</misses>
				<total>1</total>
				<timestamp>96.314687</timestamp>
			</report>
			<report>
				<misses>312001</misses>
				<total>1</total>
				<timestamp>96.624434</timestamp>
			</report>
			<report>
				<misses>313001</misses>
				<total>1</total>
				<timestamp>96.934106</timestamp>
			</report>
			<report>
				<misses>314001</misses>
				<total>1</total>
				<timestamp>97.243765</timestamp>
			</report>
			<report>
				<misses>315001</misses>
				<total>1</total>
				<timestamp>97.553496</timestamp>
			</report>
			<report>
				<misses>316001</misses>
				<total>1</total>
				<timestamp>97.863157</timestamp>
			</report>
			<report>
				<misses>317001</misses>
				<total>1</total>
				<timestamp>98.172882</timestamp>
			</report>
			<report>
				<misses>318001</misses>
				<total>1</total>
				<timestamp>98.482530</timestamp>
			</report>
			<report>
				<misses>319001</misses>
				<total>1</total>
				<timestamp>98.792237</timestamp>
			</report>
			<report>
				<misses>320001</misses>
				<total>1</total>
				<timestamp>99.101890</timestamp>
			</report>
			<report>
				<misses>321001</misses>
				<total>1</total>
				<timestamp>99.411611</timestamp>
			</report>
			<report>
				<misses>322001</misses>
				<total>1</total>
				<timestamp>99.721267</timestamp>
			</report>
			<report>
				<misses>323001</misses>
				<total>1</total>
				<timestamp>100.030960</timestamp>
			</report>
			<report>
				<misses>324001</misses>
				<total>1</total>
				<timestamp>100.340662</timestamp>
			</report>
			<report>
				<misses>325001</misses>
				<total>1</total>
				<timestamp>100.650348</timestamp>
			</report>
			<report>
				<misses>326001</misses>
				<total>1</total>
				<timestamp>100.960043</timestamp>
			</report>
			<report>
				<misses>327001</misses>
				<total>1</total>
				<timestamp>101.269736</timestamp>
			</report>
			<report>
				<misses>328001</misses>
				<total>1</total>
				<timestamp>101.579437</timestamp>
			</report>
			<report>
				<misses>329001</misses>
				<total>1</total>
				<timestamp>101.889130</timestamp>
			</report>
			<report>
				<misses>330001</misses>
				<total>1</total>
				<timestamp>102.198800</timestamp>
			</report>
			<report>
				<misses>331001</misses>
				<total>1</total>
				<timestamp>102.508480</timestamp>
			</report>
			<report>
				<misses>332001</misses>
				<total>1</total>
				<timestamp>102.818185</timestamp>
			</report>
			<report>
				<misses>333001</misses>
				<total>1</total>
				<timestamp>103.127892</timestamp>
			</report>
			<report>
				<misses>334001</misses>
				<total>1</total>
				<timestamp>103.437565</timestamp>
			</report>
			<report>
				<misses>335001</misses>
				<total>1</total>
				<timestamp>103.747256</timestamp>
			</report>
			<report>
				<misses>336001</misses>
				<total>1</total>
				<timestamp>104.056930</timestamp>
			</report>
			<report>
				<misses>337001</misses>
				<total>1</total>
				<timestamp>104.366637</timestamp>
			</report>
			<report>
				<misses>338001</misses>
				<total>1</total>
				<timestamp>104.676325</timestamp>
			</report>
			<report>
				<misses>339001</misses>
				<total>1</total>
				<timestamp>104.986085</timestamp>
			</report>
			<report>
				<misses>340001</misses>
				<total>1</total>
				<timestamp>105.295698</timestamp>
			</report>
			<report>
				<misses>341001</misses>
				<total>2</total>
				<timestamp>105.605399</timestamp>
			</report>
			<report>
				<misses>342001</misses>
				<total>2</total>
				<timestamp>105.915135</timestamp>
			</report>
			<report>
				<misses>343001</misses>
				<total>2</total>
				<timestamp>106.224770</timestamp>
			</report>
			<report>
				<misses>344001</misses>
				<total>2</total>
				<timestamp>106.534540</timestamp>
			</report>
			<report>
				<misses>345001</misses>
				<total>2</total>
				<timestamp>106.844215</timestamp>
			</report>
			<report>
				<misses>346001</misses>
				<total>2</total>
				<timestamp>107.153838</timestamp>
			</report>
			<report>
				<misses>347001</misses>
				<total>2</total>
				<timestamp>107.463551</timestamp>
			</report>
			<report>
				<misses>348001</misses>
				<total>2</total>
				<timestamp>107.773227</timestamp>
			</report>
			<report>
				<misses>349001</misses>
				<total>2</total>
				<timestamp>108.082905</timestamp>
			</report>
			<report>
				<misses>350001</misses>
				<total>2</total>
				<timestamp>108.392598</timestamp>
			</report>
			<report>
				<misses>351001</misses>
				<total>2</total>
				<timestamp>108.702290</timestamp>
			</report>
			<report>
				<misses>352001</misses>
				<total>2</total>
				<timestamp>109.012017</timestamp>
			</report>
			<report>
				<misses>353001</misses>
				<total>2</total>
				<timestamp>109.321683</timestamp>
			</report>
			<report>
				<misses>354001</misses>
				<total>2</total>
				<timestamp>109.631354</timestamp>
			</report>
			<report>
				<misses>355001</misses>
				<total>2</total>
				<timestamp>109.941074</timestamp>
			</report>
			<report>
				<misses>356001</misses>
				<total>2</total>
				<timestamp>110.250740</timestamp>
			</report>
			<report>
				<misses>357001</misses>
				<total>2</total>
				<timestamp>110.560470</timestamp>
			</report>
			<report>
				<misses>358001</misses>
				<total>2</total>
				<timestamp>110.870131</timestamp>
			</report>
			<report>
				<misses>359001</misses>
				<total>2</total>
				<timestamp>111.179810</timestamp>
			</report>
			<report>
				<misses>360001</misses>
				<total>2</total>
				<timestamp>111.489552</timestamp>
			</report>
			<report>
				<misses>361001</misses>
				<total>2</total>
				<timestamp>111.799207</timestamp>
			</report>
			<report>
				<misses>362001</misses>
				<total>2</total>
				<timestamp>112.108882</timestamp>
			</report>
			<report>
				<misses>363001</misses>
				<total>2</total>
				<timestamp>112.418597</timestamp>
			</report>
			<report>
				<misses>364001</misses>
				<total>2</total>
				<timestamp>112.728268</timestamp>
			</report>
			<report>
				<misses>365001</misses>
				<total>2</total>
				<timestamp>113.038001</timestamp>
			</report>
			<report>
				<misses>366001</misses>
				<total>2</total>
				<timestamp>113.347685</timestamp>
			</report>
			<report>
				<misses>367001</misses>
				<total>2</total>
				<timestamp>113.657329</timestamp>
			</report>
			<report>
				<misses>368001</misses>
				<total>2</total>
				<timestamp>113.967058</timestamp>
			</report>
			<report>
				<misses>369001</misses>
				<total>2</total>
				<timestamp>114.276723</timestamp>
			</report>
			<report>
				<misses>370001</misses>
				<total>2</total>
				<timestamp>114.586407</timestamp>
			</report>
			<report>
				<misses>371001</misses>
				<total>2</total>
				<timestamp>114.896098</timestamp>
			</report>
			<report>
				<misses>372001</misses>
				<total>2</total>
				<timestamp>115.205785</timestamp>
			</report>
			<report>
				<misses>373001</misses>
				<total>3</total>
				<timestamp>115.515511</timestamp>
			</report>
			<report>
				<misses>374001</misses>
				<total>3</total>
				<timestamp>115.825171</timestamp>
			</report>
			<report>
				<misses>375001</misses>
				<total>3</total>
				<timestamp>116.134859</timestamp>
			</report>
			<report>
				<misses>376001</misses>
				<total>3</total>
				<timestamp>116.444560</timestamp>
			</report>
			<report>
				<misses>377001</misses>
				<total>3</total>
				<timestamp>116.754236</timestamp>
			</report>
			<report>
				<misses>378001</misses>
				<total>3</total>
				<timestamp>117.063997</timestamp>
			</report>
			<report>
				<misses>379001</misses>
				<total>3</total>
				<timestamp>117.373644</timestamp>
			</report>
			<report>
				<misses>380001</misses>
				<total>3</total>
				<timestamp>117.683329</timestamp>
			</report>
			<report>
				<misses>381001</misses>
				<total>3</total>
				<timestamp>117.993006</timestamp>
			</report>
			<report>
				<misses>382001</misses>
				<total>3</total>
				<timestamp>118.302679</timestamp>
			</report>
			<report>
				<misses>383001</misses>
				<total>3</total>
				<timestamp>118.612395</timestamp>
			</report>
			<report>
				<misses>384001</misses>
				<total>3</total>
				<timestamp>118.922076</timestamp>
			</report>
			<report>
				<misses>385001</misses>
				<total>3</total>
				<timestamp>119.231788</timestamp>
			</report>
			<report>
				<misses>386001</misses>
				<total>3</total>
				<timestamp>119.541462</timestamp>
			</report>
			<report>
				<misses>387001</misses>
				<total>3</total>
				<timestamp>119.851156</timestamp>
			</report>
			<report>
				<misses>388001</misses>
				<total>3</total>
				<timestamp>120.160815</timestamp>
			</report>
			<report>
				<misses>389001</misses>
				<total>3</total>
				<timestamp>120.470512</timestamp>
			</report>
			<report>
				<misses>390001</misses>
				<total>3</total>
				<timestamp>120.780205</timestamp>
			</report>
			<report>
				<misses>391001</misses>
				<total>3</total>
				<timestamp>121.089936</timestamp>
			</report>
			<report>
				<misses>392001</misses>
				<total>3</total>
				<timestamp>121.399573</timestamp>
			</report>
			<report>
				<misses>393001</misses>
				<total>3</total>
				<timestamp>121.709270</timestamp>
			</report>
			<report>
				<misses>394001</misses>
				<total>3</total>
				<timestamp>122.018958</timestamp>
			</report>
			<report>
				<misses>395001</misses>
				<total>3</total>
				<timestamp>122.328660</timestamp>
			</report>
			<report>
				<misses>396001</misses>
				<total>3</total>
				<timestamp>122.638337</timestamp>
			</report>
			<report>
				<misses>397001</misses>
				<total>3</total>
				<timestamp>122.948081</timestamp>
			</report>
			<report>
				<misses>398001</misses>
				<total>3</total>
				<timestamp>123.257717</timestamp>
			</report>
			<report>
				<misses>399001</misses>
				<total>3</total>
				<timestamp>123.567425</timestamp>
			</report>
			<report>
				<misses>400001</misses>
				<total>3</total>
				<timestamp>123.877113</timestamp>
			</report>
			<report>
				<misses>401001</misses>
				<total>3</total>
				<timestamp>124.186791</timestamp>
			</report>
			<report>
				<misses>402001</misses>
				<total>3</total>
				<timestamp>124.496487</timestamp>
			</report>
			<report>
				<misses>403001</misses>
				<total>3</total>
				<timestamp>124.806164</timestamp>
			</report>
			<report>
				<misses>404001</misses>
				<total>3</total>
				<timestamp>125.115955</timestamp>
			</report>
			<report>
				<misses>405001</misses>
				<total>3</total>
				<timestamp>125.425561</timestamp>
			</report>
			<report>
				<misses>406001</misses>
				<total>3</total>
				<timestamp>125.735245</timestamp>
			</report>
			<report>
				<misses>407001</misses>
				<total>3</total>
				<timestamp>126.044998</timestamp>
			</report>
			<report>
				<misses>408001</misses>
				<total>3</total>
				<timestamp>126.354643</timestamp>
			</report>
			<report>
				<misses>409001</misses>
				<total>3</total>
				<timestamp>126.664369</timestamp>
			</report>
			<report>
				<misses>410001</misses>
				<total>3</total>
				<timestamp>126.974080</timestamp>
			</report>
			<report>
				<misses>411001</misses>
				<total>3</total>
				<timestamp>127.283698</timestamp>
			</report>
			<report>
				<misses>412001</misses>
				<total>3</total>
				<timestamp>127.593392</timestamp>
			</report>
			<report>
				<misses>413001</misses>
				<total>3</total>
				<timestamp>127.903102</timestamp>
			</report>
			<report>
				<misses>414001</misses>
				<total>3</total>
				<timestamp>128.212787</timestamp>
			</report>
			<report>
				<misses>415001</misses>
				<total>3</total>
				<timestamp>128.522488</timestamp>
			</report>
			<report>
				<misses>416001</misses>
				<total>3</total>
				<timestamp>128.832143</timestamp>
			</report>
			<report>
				<misses>417001</misses>
				<total>3</total>
				<timestamp>129.141829</timestamp>
			</report>
			<report>
				<misses>418001</misses>
				<total>3</total>
				<timestamp>129.451516</timestamp>
			</report>
			<report>
				<misses>419001</misses>
				<total>3</total>
				<timestamp>129.761218</timestamp>
			</report>
			<report>
				<misses>420001</misses>
				<total>3</total>
				<timestamp>130.070961</timestamp>
			</report>
			<report>
				<misses>421001</misses>
				<total>3</total>
				<timestamp>130.380603</timestamp>
			</report>
			<report>
				<misses>422001</misses>
				<total>3</total>
				<timestamp>130.690291</timestamp>
			</report>
			<report>
				<misses>423001</misses>
				<total>3</total>
				<timestamp>130.999994</timestamp>
			</report>
			<report>
				<misses>424001</misses>
				<total>3</total>
				<timestamp>131.309667</timestamp>
			</report>
			<report>
				<misses>425001</misses>
				<total>3</total>
				<timestamp>131.619361</timestamp>
			</report>
			<report>
				<misses>426001</misses>
				<total>3</total>
				<timestamp>131.929064</timestamp>
			</report>
			<report>
				<misses>427001</misses>
				<total>3</total>
				<timestamp>132.238767</timestamp>
			</report>
			<report>
				<misses>428001</misses>
				<total>3</total>
				<timestamp>132.548431</timestamp>
			</report>
			<report>
				<misses>429001</misses>
				<total>3</total>
				<timestamp>132.858124</timestamp>
			</report>
			<report>
				<misses>430001</misses>
				<total>3</total>
				<timestamp>133.167832</timestamp>
			</report>
			<report>
				<misses>431001</misses>
				<total>3</total>
				<timestamp>133.477504</timestamp>
			</report>
			<report>
				<misses>432001</misses>
				<total>3</total>
				<timestamp>133.787182</timestamp>
			</report>
			<report>
				<misses>433001</misses>
				<total>3</total>
				<timestamp>134.096926</timestamp>
			</report>
			<report>
				<misses>434001</misses>
				<total>3</total>
				<timestamp>134.406565</timestamp>
			</report>
			<report>
				<misses>435001</misses>
				<total>3</total>
				<timestamp>134.716265</timestamp>
			</report>
			<report>
				<misses>436001</misses>
				<total>3</total>
				<timestamp>135.025948</timestamp>
			</report>
			<report>
				<misses>437001</misses>
				<total>3</total>
				<timestamp>135.335630</timestamp>
			</report>
			<report>
				<misses>438001</misses>
				<total>3</total>
				<timestamp>135.645344</timestamp>
			</report>
			<report>
				<misses>439001</misses>
				<total>3</total>
				<timestamp>135.955040</timestamp>
			</report>
			<report>
				<misses>440001</misses>
				<total>3</total>
				<timestamp>136.264701</timestamp>
			</report>
			<report>
				<misses>441001</misses>
				<total>3</total>
				<timestamp>136.574409</timestamp>
			</report>
			<report>
				<misses>442001</misses>
				<total>3</total>
				<timestamp>136.884099</timestamp>
			</report>
			<report>
				<misses>443001</misses>
				<total>3</total>
				<timestamp>137.193801</timestamp>
			</report>
			<report>
				<misses>444001</misses>
				<total>3</total>
				<timestamp>137.503476</timestamp>
			</report>
			<report>
				<misses>445001</misses>
				<total>3</total>
				<timestamp>137.813155</timestamp>
			</report>
			<report>
				<misses>446001</misses>
				<total>3</total>
				<timestamp>138.122880</timestamp>
			</report>
			<report>
				<misses>447001</misses>
				<total>3</total>
				<timestamp>138.432537</timestamp>
			</report>
			<report>
				<misses>448001</misses>
				<total>3</total>
				<timestamp>138.742222</timestamp>
			</report>
			<report>
				<misses>449001</misses>
				<total>3</total>
				<timestamp>139.051910</timestamp>
			</report>
			<report>
				<misses>450001</misses>
				<total>3</total>
				<timestamp>139.361630</timestamp>
			</report>
			<report>
				<misses>451001</misses>
				<total>3</total>
				<timestamp>139.671298</timestamp>
			</report>
			<report>
				<misses>452001</misses>
				<total>3</total>
				<timestamp>139.981007</timestamp>
			</report>
			<report>
				<misses>453001</misses>
				<total>3</total>
				<timestamp>140.290670</timestamp>
			</report>
			<report>
				<misses>454001</misses>
				<total>3</total>
				<timestamp>140.600386</timestamp>
			</report>
			<report>
				<misses>455001</misses>
				<total>3</total>
				<timestamp>140.910054</timestamp>
			</report>
			<report>
				<misses>456001</misses>
				<total>3</total>
				<timestamp>141.219755</timestamp>
			</report>
			<report>
				<misses>457001</misses>
				<total>3</total>
				<timestamp>141.529427</timestamp>
			</report>
			<report>
				<misses>458001</misses>
				<total>3</total>
				<timestamp>141.839135</timestamp>
			</report>
			<report>
				<misses>459001</misses>
				<total>3</total>
				<timestamp>142.148841</timestamp>
			</report>
			<report>
				<misses>460001</misses>
				<total>3</total>
				<timestamp>142.458505</timestamp>
			</report>
			<report>
				<misses>461001</misses>
				<total>3</total>
				<timestamp>142.768199</timestamp>
			</report>
			<report>
				<misses>462001</misses>
				<total>3</total>
				<timestamp>143.077896</timestamp>
			</report>
			<report>
				<misses>463001</misses>
				<total>3</total>
				<timestamp>143.387567</timestamp>
			</report>
			<report>
				<misses>464001</misses>
				<total>3</total>
				<timestamp>143.697269</timestamp>
			</report>
			<report>
				<misses>465001</misses>
				<total>3</total>
				<timestamp>144.006967</timestamp>
			</report>
			<report>
				<misses>466001</misses>
				<total>3</total>
				<timestamp>144.316651</timestamp>
			</report>
			<report>
				<misses>467001</misses>
				<total>3</total>
				<timestamp>144.626331</timestamp>
			</report>
			<report>
				<misses>468001</misses>
				<total>3</total>
				<timestamp>144.936009</timestamp>
			</report>
			<report>
				<misses>469001</misses>
				<total>3</total>
				<timestamp>145.245726</timestamp>
			</report>
			<report>
				<misses>470001</misses>
				<total>3</total>
				<timestamp>145.555412</timestamp>
			</report>
			<report>
				<misses>471001</misses>
				<total>3</total>
				<timestamp>145.865105</timestamp>
			</report>
			<report>
				<misses>472001</misses>
				<total>3</total>
				<timestamp>146.174788</timestamp>
			</report>
			<report>
				<misses>473001</misses>
				<total>3</total>
				<timestamp>146.484504</timestamp>
			</report>
			<report>
				<misses>474001</misses>
				<total>3</total>
				<timestamp>146.794178</timestamp>
			</report>
			<report>
				<misses>475001</misses>
				<total>3</total>
				<timestamp>147.103860</timestamp>
			</report>
			<report>
				<misses>476001</misses>
				<total>3</total>
				<timestamp>147.413532</timestamp>
			</report>
			<report>
				<misses>477001</misses>
				<total>3</total>
				<timestamp>147.723240</timestamp>
			</report>
			<report>
				<misses>478001</misses>
				<total>3</total>
				<timestamp>148.032997</timestamp>
			</report>
			<report>
				<misses>479001</misses>
				<total>3</total>
				<timestamp>148.342666</timestamp>
			</report>
			<report>
				<misses>480001</misses>
				<total>3</total>
				<timestamp>148.652300</timestamp>
			</report>
			<report>
				<misses>481001</misses>
				<total>3</total>
				<timestamp>148.962039</timestamp>
			</report>
			<report>
				<misses>482001</misses>
				<total>3</total>
				<timestamp>149.271681</timestamp>
			</report>
			<report>
				<misses>483001</misses>
				<total>3</total>
				<timestamp>149.581394</timestamp>
			</report>
			<report>
				<misses>484001</misses>
				<total>3</total>
				<timestamp>149.891073</timestamp>
			</report>
			<report>
				<misses>485001</misses>
				<total>3</total>
				<timestamp>150.200810</timestamp>
			</report>
			<report>
				<misses>486001</misses>
				<total>3</total>
				<timestamp>150.510469</timestamp>
			</report>
			<report>
				<misses>487001</misses>
				<total>3</total>
				<timestamp>150.820139</timestamp>
			</report>
			<report>
				<misses>488001</misses>
				<total>3</total>
				<timestamp>151.129884</timestamp>
			</report>
			<report>
				<misses>489001</misses>
				<total>3</total>
				<timestamp>151.439535</timestamp>
			</report>
			<report>
				<misses>490001</misses>
				<total>3</total>
				<timestamp>151.749215</timestamp>
			</report>
			<report>
				<misses>491001</misses>
				<total>3</total>
				<timestamp>152.058932</timestamp>
			</report>
			<report>
				<misses>492001</misses>
				<total>3</total>
				<timestamp>152.368588</timestamp>
			</report>
			<report>
				<misses>493001</misses>
				<total>3</total>
				<timestamp>152.678287</timestamp>
			</report>
			<report>
				<misses>494001</misses>
				<total>3</total>
				<timestamp>152.987972</timestamp>
			</report>
			<report>
				<misses>495001</misses>
				<total>3</total>
				<timestamp>153.297664</timestamp>
			</report>
			<report>
				<misses>496001</misses>
				<total>3</total>
				<timestamp>153.607376</timestamp>
			</report>
			<report>
				<misses>497001</misses>
				<total>3</total>
				<timestamp>153.917033</timestamp>
			</report>
			<report>
				<misses>498001</misses>
				<total>3</total>
				<timestamp>154.226769</timestamp>
			</report>
			<report>
				<misses>499001</misses>
				<total>3</total>
				<timestamp>154.536415</timestamp>
			</report>
			<report>
				<misses>500001</misses>
				<total>3</total>
				<timestamp>154.846119</timestamp>
			</report>
			<report>
				<misses>501001</misses>
				<total>3</total>
				<timestamp>155.155850</timestamp>
			</report>
			<report>
				<misses>502001</misses>
				<total>3</total>
				<timestamp>155.465508</timestamp>
			</report>
			<report>
				<misses>503001</misses>
				<total>3</total>
				<timestamp>155.775189</timestamp>
			</report>
			<report>
				<misses>504001</misses>
				<total>3</total>
				<timestamp>156.084910</timestamp>
			</report>
			<report>
				<misses>505001</misses>
				<total>3</total>
				<timestamp>156.394547</timestamp>
			</report>
			<report>
				<misses>506001</misses>
				<total>3</total>
				<timestamp>156.704263</timestamp>
			</report>
			<report>
				<misses>507001</misses>
				<total>3</total>
				<timestamp>157.013951</timestamp>
			</report>
			<report>
				<misses>508001</misses>
				<total>3</total>
				<timestamp>157.323677</timestamp>
			</report>
			<report>
				<misses>509001</misses>
				<total>3</total>
				<timestamp>157.633312</timestamp>
			</report>
			<report>
				<misses>510001</misses>
				<total>3</total>
				<timestamp>157.943041</timestamp>
			</report>
			<report>
				<misses>511001</misses>
				<total>3</total>
				<timestamp>158.252770</timestamp>
			</report>
			<report>
				<misses>512001</misses>
				<total>3</total>
				<timestamp>158.562391</timestamp>
			</report>
			<report>
				<misses>513001</misses>
				<total>3</total>
				<timestamp>158.872075</timestamp>
			</report>
			<report>
				<misses>514001</misses>
				<total>3</total>
				<timestamp>159.181783</timestamp>
			</report>
			<report>
				<misses>515001</misses>
				<total>3</total>
				<timestamp>159.491450</timestamp>
			</report>
			<report>
				<misses>516001</misses>
				<total>3</total>
				<timestamp>159.801154</timestamp>
			</report>
			<report>
				<misses>517001</misses>
				<total>3</total>
				<timestamp>160.110856</timestamp>
			</report>
			<report>
				<misses>518001</misses>
				<total>3</total>
				<timestamp>160.420598</timestamp>
			</report>
			<report>
				<misses>519001</misses>
				<total>3</total>
				<timestamp>160.730227</timestamp>
			</report>
			<report>
				<misses>520001</misses>
				<total>3</total>
				<timestamp>161.039914</timestamp>
			</report>
			<report>
				<misses>521001</misses>
				<total>3</total>
				<timestamp>161.349595</timestamp>
			</report>
			<report>
				<misses>522001</misses>
				<total>3</total>
				<timestamp>161.659285</timestamp>
			</report>
			<report>
				<misses>523001</misses>
				<total>3</total>
				<timestamp>161.968985</timestamp>
			</report>
			<report>
				<misses>524001</misses>
				<total>3</total>
				<timestamp>162.278736</timestamp>
			</report>
			<report>
				<misses>525001</misses>
				<total>3</total>
				<timestamp>162.588405</timestamp>
			</report>
			<report>
				<misses>526001</misses>
				<total>3</total>
				<timestamp>162.898084</timestamp>
			</report>
			<report>
				<misses>527001</misses>
				<total>3</total>
				<timestamp>163.207743</timestamp>
			</report>
			<report>
				<misses>528001</misses>
				<total>3</total>
				<timestamp>163.517431</timestamp>
			</report>
			<report>
				<misses>529001</misses>
				<total>3</total>
				<timestamp>163.827114</timestamp>
			</report>
			<report>
				<misses>530001</misses>
				<total>3</total>
				<timestamp>164.136839</timestamp>
			</report>
			<report>
				<misses>531001</misses>
				<total>3</total>
				<timestamp>164.446523</timestamp>
			</report>
			<report>
				<misses>532001</misses>
				<total>3</total>
				<timestamp>164.756185</timestamp>
			</report>
			<report>
				<misses>533001</misses>
				<total>3</total>
				<timestamp>165.065887</timestamp>
			</report>
			<report>
				<misses>534001</misses>
				<total>3</total>
				<timestamp>165.375565</timestamp>
			</report>
			<report>
				<misses>535001</misses>
				<total>3</total>
				<timestamp>165.685264</timestamp>
			</report>
			<report>
				<misses>536001</misses>
				<total>3</total>
				<timestamp>165.994957</timestamp>
			</report>
			<report>
				<misses>537001</misses>
				<total>3</total>
				<timestamp>166.304680</timestamp>
			</report>
			<report>
				<misses>538001</misses>
				<total>3</total>
				<timestamp>166.614361</timestamp>
			</report>
			<report>
				<misses>539001</misses>
				<total>3</total>
				<timestamp>166.924010</timestamp>
			</report>
			<report>
				<misses>540001</misses>
				<total>3</total>
				<timestamp>167.233735</timestamp>
			</report>
			<report>
				<misses>541001</misses>
				<total>3</total>
				<timestamp>167.543396</timestamp>
			</report>
			<report>
				<misses>542001</misses>
				<total>3</total>
				<timestamp>167.853095</timestamp>
			</report>
			<report>
				<misses>543001</misses>
				<total>3</total>
				<timestamp>168.162820</timestamp>
			</report>
			<report>
				<misses>544001</misses>
				<total>3</total>
				<timestamp>168.472480</timestamp>
			</report>
			<report>
				<misses>545001</misses>
				<total>3</total>
				<timestamp>168.782218</timestamp>
			</report>
			<report>
				<misses>546001</misses>
				<total>3</total>
				<timestamp>169.091850</timestamp>
			</report>
			<report>
				<misses>547001</misses>
				<total>3</total>
				<timestamp>169.401534</timestamp>
			</report>
			<report>
				<misses>548001</misses>
				<total>3</total>
				<timestamp>169.711223</timestamp>
			</report>
			<report>
				<misses>549001</misses>
				<total>3</total>
				<timestamp>170.020914</timestamp>
			</report>
			<report>
				<misses>550001</misses>
				<total>3</total>
				<timestamp>170.330694</timestamp>
			</report>
			<report>
				<misses>551001</misses>
				<total>3</total>
				<timestamp>170.640318</timestamp>
			</report>
			<report>
				<misses>552001</misses>
				<total>3</total>
				<timestamp>170.950023</timestamp>
			</report>
			<report>
				<misses>553001</misses>
				<total>3</total>
				<timestamp>171.259701</timestamp>
			</report>
			<report>
				<misses>554001</misses>
				<total>3</total>
				<timestamp>171.569363</timestamp>
			</report>
			<report>
				<misses>555001</misses>
				<total>3</total>
				<timestamp>171.879063</timestamp>
			</report>
			<report>
				<misses>556001</misses>
				<total>3</total>
				<timestamp>172.188798</timestamp>
			</report>
			<report>
				<misses>557001</misses>
				<total>3</total>
				<timestamp>172.498440</timestamp>
			</report>
			<report>
				<misses>558001</misses>
				<total>3</total>
				<timestamp>172.808145</timestamp>
			</report>
			<report>
				<misses>559001</misses>
				<total>3</total>
				<timestamp>173.117835</timestamp>
			</report>
			<report>
				<misses>560001</misses>
				<total>3</total>
				<timestamp>173.427554</timestamp>
			</report>
			<report>
				<misses>561001</misses>
				<total>3</total>
				<timestamp>173.737197</timestamp>
			</report>
			<report>
				<misses>562001</misses>
				<total>3</total>
				<timestamp>174.046885</timestamp>
			</report>
			<report>
				<misses>563001</misses>
				<total>3</total>
				<timestamp>174.356569</timestamp>
			</report>
			<report>
				<misses>564001</misses>
				<total>3</total>
				<timestamp>174.666253</timestamp>
			</report>
			<report>
				<misses>565001</misses>
				<total>3</total>
				<timestamp>174.975963</timestamp>
			</report>
			<report>
				<misses>566001</misses>
				<total>3</total>
				<timestamp>175.285662</timestamp>
			</report>
			<report>
				<misses>567001</misses>
				<total>3</total>
				<timestamp>175.595339</timestamp>
			</report>
			<report>
				<misses>568001</misses>
				<total>3</total>
				<timestamp>175.905019</timestamp>
			</report>
			<report>
				<misses>569001</misses>
				<total>3</total>
				<timestamp>176.214714</timestamp>
			</report>
			<report>
				<misses>570001</misses>
				<total>3</total>
				<timestamp>176.524418</timestamp>
			</report>
			<report>
				<misses>571001</misses>
				<total>3</total>
				<timestamp>176.834102</timestamp>
			</report>
			<report>
				<misses>572001</misses>
				<total>3</total>
				<timestamp>177.143779</timestamp>
			</report>
			<report>
				<misses>573001</misses>
				<total>3</total>
				<timestamp>177.453492</timestamp>
			</report>
			<report>
				<misses>574001</misses>
				<total>3</total>
				<timestamp>177.763152</timestamp>
			</report>
			<report>
				<misses>575001</misses>
				<total>3</total>
				<timestamp>178.072855</timestamp>
			</report>
			<report>
				<misses>576001</misses>
				<total>3</total>
				<timestamp>178.382536</timestamp>
			</report>
			<report>
				<misses>577001</misses>
				<total>3</total>
				<timestamp>178.692244</timestamp>
			</report>
			<report>
				<misses>578001</misses>
				<total>3</total>
				<timestamp>179.001933</timestamp>
			</report>
			<report>
				<misses>579001</misses>
				<total>3</total>
				<timestamp>179.311648</timestamp>
			</report>
			<report>
				<misses>580001</misses>
				<total>3</total>
				<timestamp>179.621308</timestamp>
			</report>
			<report>
				<misses>581001</misses>
				<total>3</total>
				<timestamp>179.931064</timestamp>
			</report>
			<report>
				<misses>582001</misses>
				<total>3</total>
				<timestamp>180.240726</timestamp>
			</report>
			<report>
				<misses>583001</misses>
				<total>3</total>
				<timestamp>180.550374</timestamp>
			</report>
			<report>
				<misses>584001</misses>
				<total>3</total>
				<timestamp>180.860091</timestamp>
			</report>
			<report>
				<misses>585001</misses>
				<total>3</total>
				<timestamp>181.169754</timestamp>
			</report>
			<report>
				<misses>586001</misses>
				<total>3</total>
				<timestamp>181.479463</timestamp>
			</report>
			<report>
				<misses>587001</misses>
				<total>3</total>
				<timestamp>181.789143</timestamp>
			</report>
			<report>
				<misses>588001</misses>
				<total>3</total>
				<timestamp>182.098821</timestamp>
			</report>
			<report>
				<misses>589001</misses>
				<total>3</total>
				<timestamp>182.408572</timestamp>
			</report>
			<report>
				<misses>590001</misses>
				<total>3</total>
				<timestamp>182.718208</timestamp>
			</report>
			<report>
				<misses>591001</misses>
				<total>3</total>
				<timestamp>183.027885</timestamp>
			</report>
			<report>
				<misses>592001</misses>
				<total>3</total>
				<timestamp>183.337612</timestamp>
			</report>
			<report>
				<misses>593001</misses>
				<total>3</total>
				<timestamp>183.647274</timestamp>
			</report>
			<report>
				<misses>594001</misses>
				<total>3</total>
				<timestamp>183.956959</timestamp>
			</report>
			<report>
				<misses>595001</misses>
				<total>3</total>
				<timestamp>184.266689</timestamp>
			</report>
			<report>
				<misses>596001</misses>
				<total>3</total>
				<timestamp>184.576342</timestamp>
			</report>
			<report>
				<misses>597001</misses>
				<total>3</total>
				<timestamp>184.886075</timestamp>
			</report>
			<report>
				<misses>598001</misses>
				<total>3</total>
				<timestamp>185.195750</timestamp>
			</report>
			<report>
				<misses>599001</misses>
				<total>3</total>
				<timestamp>185.505419</timestamp>
			</report>
			<report>
				<misses>600001</misses>
				<total>3</total>
				<timestamp>185.815096</timestamp>
			</report>
			<report>
				<misses>601001</misses>
				<total>3</total>
				<timestamp>186.124808</timestamp>
			</report>
			<report>
				<misses>602001</misses>
				<total>3</total>
				<timestamp>186.434486</timestamp>
			</report>
			<report>
				<misses>603001</misses>
				<total>3</total>
				<timestamp>186.744187</timestamp>
			</report>
			<report>
				<misses>604001</misses>
				<total>3</total>
				<timestamp>187.053868</timestamp>
			</report>
			<report>
				<misses>605001</misses>
				<total>3</total>
				<timestamp>187.363596</timestamp>
			</report>
			<report>
				<misses>606001</misses>
				<total>3</total>
				<timestamp>187.673236</timestamp>
			</report>
			<report>
				<misses>607001</misses>
				<total>3</total>
				<timestamp>187.982946</timestamp>
			</report>
			<report>
				<misses>608001</misses>
				<total>3</total>
				<timestamp>188.292671</timestamp>
			</report>
			<report>
				<misses>609001</misses>
				<total>3</total>
				<timestamp>188.602331</timestamp>
			</report>
			<report>
				<misses>610001</misses>
				<total>3</total>
				<timestamp>188.911998</timestamp>
			</report>
			<report>
				<misses>611001</misses>
				<total>3</total>
				<timestamp>189.221704</timestamp>
			</report>
			<report>
				<misses>612001</misses>
				<total>3</total>
				<timestamp>189.531373</timestamp>
			</report>
			<report>
				<misses>613001</misses>
				<total>3</total>
				<timestamp>189.841077</timestamp>
			</report>
			<report>
				<misses>614001</misses>
				<total>3</total>
				<timestamp>190.150756</timestamp>
			</report>
			<report>
				<misses>615001</misses>
				<total>3</total>
				<timestamp>190.460490</timestamp>
			</report>
			<report>
				<misses>616001</misses>
				<total>3</total>
				<timestamp>190.770150</timestamp>
			</report>
			<report>
				<misses>617001</misses>
				<total>3</total>
				<timestamp>191.079825</timestamp>
			</report>
			<report>
				<misses>618001</misses>
				<total>3</total>
				<timestamp>191.389545</timestamp>
			</report>
			<report>
				<misses>619001</misses>
				<total>3</total>
				<timestamp>191.699211</timestamp>
			</report>
			<report>
				<misses>620001</misses>
				<total>3</total>
				<timestamp>192.008952</timestamp>
			</report>
			<report>
				<misses>621001</misses>
				<total>3</total>
				<timestamp>192.318651</timestamp>
			</report>
			<report>
				<misses>622001</misses>
				<total>3</total>
				<timestamp>192.628275</timestamp>
			</report>
			<report>
				<misses>623001</misses>
				<total>3</total>
				<timestamp>192.938060</timestamp>
			</report>
			<report>
				<misses>624001</misses>
				<total>3</total>
				<timestamp>193.247675</timestamp>
			</report>
			<report>
				<misses>625001</misses>
				<total>3</total>
				<timestamp>193.557353</timestamp>
			</report>
			<report>
				<misses>626001</misses>
				<total>3</total>
				<timestamp>193.867048</timestamp>
			</report>
			<report>
				<misses>627001</misses>
				<total>3</total>
				<timestamp>194.176731</timestamp>
			</report>
			<report>
				<misses>628001</misses>
				<total>3</total>
				<timestamp>194.486431</timestamp>
			</report>
			<report>
				<misses>629001</misses>
				<total>3</total>
				<timestamp>194.796117</timestamp>
			</report>
			<report>
				<misses>630001</misses>
				<total>3</total>
				<timestamp>195.105806</timestamp>
			</report>
			<report>
				<misses>631001</misses>
				<total>3</total>
				<timestamp>195.415510</timestamp>
			</report>
			<report>
				<misses>632001</misses>
				<total>3</total>
				<timestamp>195.725192</timestamp>
			</report>
			<report>
				<misses>633001</misses>
				<total>3</total>
				<timestamp>196.034885</timestamp>
			</report>
			<report>
				<misses>634001</misses>
				<total>3</total>
				<timestamp>196.344582</timestamp>
			</report>
			<report>
				<misses>635001</misses>
				<total>3</total>
				<timestamp>196.654265</timestamp>
			</report>
			<report>
				<misses>636001</misses>
				<total>3</total>
				<timestamp>196.963967</timestamp>
			</report>
			<report>
				<misses>637001</misses>
				<total>4</total>
				<timestamp>197.273670</timestamp>
			</report>
			<report>
				<misses>638001</misses>
				<total>4</total>
				<timestamp>197.583325</timestamp>
			</report>
			<report>
				<misses>639001</misses>
				<total>4</total>
				<timestamp>197.893024</timestamp>
			</report>
			<report>
				<misses>640001</misses>
				<total>4</total>
				<timestamp>198.202737</timestamp>
			</report>
			<report>
				<misses>641001</misses>
				<total>4</total>
				<timestamp>198.512401</timestamp>
			</report>
			<report>
				<misses>642001</misses>
				<total>4</total>
				<timestamp>198.822083</timestamp>
			</report>
			<report>
				<misses>643001</misses>
				<total>4</total>
				<timestamp>199.131772</timestamp>
			</report>
			<report>
				<misses>644001</misses>
				<total>4</total>
				<timestamp>199.441497</timestamp>
			</report>
			<report>
				<misses>645001</misses>
				<total>4</total>
				<timestamp>199.751161</timestamp>
			</report>
			<report>
				<misses>646001</misses>
				<total>4</total>
				<timestamp>200.060851</timestamp>
			</report>
			<report>
				<misses>647001</misses>
				<total>4</total>
				<timestamp>200.370572</timestamp>
			</report>
			<report>
				<misses>648001</misses>
				<total>4</total>
				<timestamp>200.680226</timestamp>
			</report>
			<report>
				<misses>649001</misses>
				<total>4</total>
				<timestamp>200.989907</timestamp>
			</report>
			<report>
				<misses>650001</misses>
				<total>4</total>
				<timestamp>201.299647</timestamp>
			</report>
			<report>
				<misses>651001</misses>
				<total>4</total>
				<timestamp>201.609303</timestamp>
			</report>
			<report>
				<misses>652001</misses>
				<total>4</total>
				<timestamp>201.918981</timestamp>
			</report>
			<report>
				<misses>653001</misses>
				<total>4</total>
				<timestamp>202.228672</timestamp>
			</report>
			<report>
				<misses>654001</misses>
				<total>4</total>
				<timestamp>202.538366</timestamp>
			</report>
			<report>
				<misses>655001</misses>
				<total>4</total>
				<timestamp>202.848070</timestamp>
			</report>
			<report>
				<misses>656001</misses>
				<total>4</total>
				<timestamp>203.157778</timestamp>
			</report>
			<report>
				<misses>657001</misses>
				<total>4</total>
				<timestamp>203.467460</timestamp>
			</report>
			<report>
				<misses>658001</misses>
				<total>4</total>
				<timestamp>203.777149</timestamp>
			</report>
			<report>
				<misses>659001</misses>
				<total>4</total>
				<timestamp>204.086809</timestamp>
			</report>
			<report>
				<misses>660001</misses>
				<total>4</total>
				<timestamp>204.396547</timestamp>
			</report>
			<report>
				<misses>661001</misses>
				<total>4</total>
				<timestamp>204.706195</timestamp>
			</report>
			<report>
				<misses>662001</misses>
				<total>4</total>
				<timestamp>205.015888</timestamp>
			</report>
			<report>
				<misses>663001</misses>
				<total>4</total>
				<timestamp>205.325603</timestamp>
			</report>
			<report>
				<misses>664001</misses>
				<total>4</total>
				<timestamp>205.635262</timestamp>
			</report>
			<report>
				<misses>665001</misses>
				<total>4</total>
				<timestamp>205.944946</timestamp>
			</report>
			<report>
				<misses>666001</misses>
				<total>4</total>
				<timestamp>206.254661</timestamp>
			</report>
			<report>
				<misses>667001</misses>
				<total>4</total>
				<timestamp>206.564339</timestamp>
			</report>
			<report>
				<misses>668001</misses>
				<total>4</total>
				<timestamp>206.874030</timestamp>
			</report>
			<report>
				<misses>669001</misses>
				<total>4</total>
				<timestamp>207.183715</timestamp>
			</report>
			<report>
				<misses>670001</misses>
				<total>4</total>
				<timestamp>207.493495</timestamp>
			</report>
			<report>
				<misses>671001</misses>
				<total>4</total>
				<timestamp>207.803113</timestamp>
			</report>
			<report>
				<misses>672001</misses>
				<total>4</total>
				<timestamp>208.112788</timestamp>
			</report>
			<report>
				<misses>673001</misses>
				<total>4</total>
				<timestamp>208.422539</timestamp>
			</report>
			<report>
				<misses>674001</misses>
				<total>4</total>
				<timestamp>208.732180</timestamp>
			</report>
			<report>
				<misses>675001</misses>
				<total>4</total>
				<timestamp>209.041862</timestamp>
			</report>
			<report>
				<misses>676001</misses>
				<total>4</total>
				<timestamp>209.351578</timestamp>
			</report>
			<report>
				<misses>677001</misses>
				<total>4</total>
				<timestamp>209.661251</timestamp>
			</report>
			<report>
				<misses>678001</misses>
				<total>4</total>
				<timestamp>209.970933</timestamp>
			</report>
			<report>
				<misses>679001</misses>
				<total>4</total>
				<timestamp>210.280660</timestamp>
			</report>
			<report>
				<misses>680001</misses>
				<total>4</total>
				<timestamp>210.590293</timestamp>
			</report>
			<report>
				<misses>681001</misses>
				<total>4</total>
				<timestamp>210.900003</timestamp>
			</report>
			<report>
				<misses>682001</misses>
				<total>4</total>
				<timestamp>211.209701</timestamp>
			</report>
			<report>
				<misses>683001</misses>
				<total>4</total>
				<timestamp>211.519442</timestamp>
			</report>
			<report>
				<misses>684001</misses>
				<total>4</total>
				<timestamp>211.829072</timestamp>
			</report>
			<report>
				<misses>685001</misses>
				<total>4</total>
				<timestamp>212.138784</timestamp>
			</report>
			<report>
				<misses>686001</misses>
				<total>4</total>
				<timestamp>212.448503</timestamp>
			</report>
			<report>
				<misses>687001</misses>
				<total>4</total>
				<timestamp>212.758127</timestamp>
			</report>
			<report>
				<misses>688001</misses>
				<total>4</total>
				<timestamp>213.067861</timestamp>
			</report>
			<report>
				<misses>689001</misses>
				<total>4</total>
				<timestamp>213.377552</timestamp>
			</report>
			<report>
				<misses>690001</misses>
				<total>4</total>
				<timestamp>213.687212</timestamp>
			</report>
			<report>
				<misses>691001</misses>
				<total>4</total>
				<timestamp>213.996925</timestamp>
			</report>
			<report>
				<misses>692001</misses>
				<total>4</total>
				<timestamp>214.306594</timestamp>
			</report>
			<report>
				<misses>693001</misses>
				<total>4</total>
				<timestamp>214.616274</timestamp>
			</report>
			<report>
				<misses>694001</misses>
				<total>4</total>
				<timestamp>214.925967</timestamp>
			</report>
			<report>
				<misses>695001</misses>
				<total>4</total>
				<timestamp>215.235672</timestamp>
			</report>
			<report>
				<misses>696001</misses>
				<total>4</total>
				<timestamp>215.545384</timestamp>
			</report>
			<report>
				<misses>697001</misses>
				<total>4</total>
				<timestamp>215.855047</timestamp>
			</report>
			<report>
				<misses>698001</misses>
				<total>4</total>
				<timestamp>216.164764</timestamp>
			</report>
			<report>
				<misses>699001</misses>
				<total>4</total>
				<timestamp>216.474491</timestamp>
			</report>
			<report>
				<misses>700001</misses>
				<total>4</total>
				<timestamp>216.784107</timestamp>
			</report>
			<report>
				<misses>701001</misses>
				<total>4</total>
				<timestamp>217.093790</timestamp>
			</report>
			<report>
				<misses>702001</misses>
				<total>4</total>
				<timestamp>217.403501</timestamp>
			</report>
			<report>
				<misses>703001</misses>
				<total>4</total>
				<timestamp>217.713195</timestamp>
			</report>
			<report>
				<misses>704001</misses>
				<total>4</total>
				<timestamp>218.022870</timestamp>
			</report>
			<report>
				<misses>705001</misses>
				<total>4</total>
				<timestamp>218.332594</timestamp>
			</report>
			<report>
				<misses>706001</misses>
				<total>4</total>
				<timestamp>218.642257</timestamp>
			</report>
			<report>
				<misses>707001</misses>
				<total>4</total>
				<timestamp>218.951930</timestamp>
			</report>
			<report>
				<misses>708001</misses>
				<total>4</total>
				<timestamp>219.261625</timestamp>
			</report>
			<report>
				<misses>709001</misses>
				<total>4</total>
				<timestamp>219.571350</timestamp>
			</report>
			<report>
				<misses>710001</misses>
				<total>4</total>
				<timestamp>219.881002</timestamp>
			</report>
			<report>
				<misses>711001</misses>
				<total>4</total>
				<timestamp>220.190687</timestamp>
			</report>
			<report>
				<misses>712001</misses>
				<total>4</total>
				<timestamp>220.500405</timestamp>
			</report>
			<report>
				<misses>713001</misses>
				<total>4</total>
				<timestamp>220.810089</timestamp>
			</report>
			<report>
				<misses>714001</misses>
				<total>4</total>
				<timestamp>221.119765</timestamp>
			</report>
			<report>
				<misses>715001</misses>
				<total>4</total>
				<timestamp>221.429476</timestamp>
			</report>
			<report>
				<misses>716001</misses>
				<total>4</total>
				<timestamp>221.739153</timestamp>
			</report>
			<report>
				<misses>717001</misses>
				<total>4</total>
				<timestamp>222.048827</timestamp>
			</report>
			<report>
				<misses>718001</misses>
				<total>4</total>
				<timestamp>222.358563</timestamp>
			</report>
			<report>
				<misses>719001</misses>
				<total>4</total>
				<timestamp>222.668260</timestamp>
			</report>
			<report>
				<misses>720001</misses>
				<total>4</total>
				<timestamp>222.977909</timestamp>
			</report>
			<report>
				<misses>721001</misses>
				<total>4</total>
				<timestamp>223.287618</timestamp>
			</report>
			<report>
				<misses>722001</misses>
				<total>4</total>
				<timestamp>223.597300</timestamp>
			</report>
			<report>
				<misses>723001</misses>
				<total>4</total>
				<timestamp>223.906959</timestamp>
			</report>
			<report>
				<misses>724001</misses>
				<total>4</total>
				<timestamp>224.216662</timestamp>
			</report>
			<report>
				<misses>725001</misses>
				<total>4</total>
				<timestamp>224.526386</timestamp>
			</report>
			<report>
				<misses>726001</misses>
				<total>4</total>
				<timestamp>224.836056</timestamp>
			</report>
			<report>
				<misses>727001</misses>
				<total>4</total>
				<timestamp>225.145745</timestamp>
			</report>
			<report>
				<misses>728001</misses>
				<total>4</total>
				<timestamp>225.455493</timestamp>
			</report>
			<report>
				<misses>729001</misses>
				<total>4</total>
				<timestamp>225.765108</timestamp>
			</report>
			<report>
				<misses>730001</misses>
				<total>4</total>
				<timestamp>226.074825</timestamp>
			</report>
			<report>
				<misses>731001</misses>
				<total>4</total>
				<timestamp>226.384531</timestamp>
			</report>
			<report>
				<misses>732001</misses>
				<total>4</total>
				<timestamp>226.694182</timestamp>
			</report>
			<report>
				<misses>733001</misses>
				<total>4</total>
				<timestamp>227.003925</timestamp>
			</report>
			<report>
				<misses>734001</misses>
				<total>4</total>
				<timestamp>227.313580</timestamp>
			</report>
			<report>
				<misses>735001</misses>
				<total>4</total>
				<timestamp>227.623284</timestamp>
			</report>
			<report>
				<misses>736001</misses>
				<total>4</total>
				<timestamp>227.932931</timestamp>
			</report>
			<report>
				<misses>737001</misses>
				<total>4</total>
				<timestamp>228.242653</timestamp>
			</report>
			<report>
				<misses>738001</misses>
				<total>4</total>
				<timestamp>228.552322</timestamp>
			</report>
			<report>
				<misses>739001</misses>
				<total>4</total>
				<timestamp>228.862028</timestamp>
			</report>
			<report>
				<misses>740001</misses>
				<total>4</total>
				<timestamp>229.171695</timestamp>
			</report>
			<report>
				<misses>741001</misses>
				<total>4</total>
				<timestamp>229.481442</timestamp>
			</report>
			<report>
				<misses>742001</misses>
				<total>4</total>
				<timestamp>229.791107</timestamp>
			</report>
			<report>
				<misses>743001</misses>
				<total>4</total>
				<timestamp>230.100760</timestamp>
			</report>
			<report>
				<misses>744001</misses>
				<total>4</total>
				<timestamp>230.410490</timestamp>
			</report>
			<report>
				<misses>745001</misses>
				<total>4</total>
				<timestamp>230.720167</timestamp>
			</report>
			<report>
				<misses>746001</misses>
				<total>4</total>
				<timestamp>231.029854</timestamp>
			</report>
			<report>
				<misses>747001</misses>
				<total>4</total>
				<timestamp>231.339530</timestamp>
			</report>
			<report>
				<misses>748001</misses>
				<total>4</total>
				<timestamp>231.649245</timestamp>
			</report>
			<report>
				<misses>749001</misses>
				<total>4</total>
				<timestamp>231.958925</timestamp>
			</report>
			<report>
				<misses>750001</misses>
				<total>4</total>
				<timestamp>232.268597</timestamp>
			</report>
			<report>
				<misses>751001</misses>
				<total>4</total>
				<timestamp>232.578326</timestamp>
			</report>
			<report>
				<misses>752001</misses>
				<total>4</total>
				<timestamp>232.887988</timestamp>
			</report>
			<report>
				<misses>753001</misses>
				<total>4</total>
				<timestamp>233.197657</timestamp>
			</report>
			<report>
				<misses>754001</misses>
				<total>4</total>
				<timestamp>233.507380</timestamp>
			</report>
			<report>
				<misses>755001</misses>
				<total>4</total>
				<timestamp>233.817046</timestamp>
			</report>
			<report>
				<misses>756001</misses>
				<total>4</total>
				<timestamp>234.126768</timestamp>
			</report>
			<report>
				<misses>757001</misses>
				<total>4</total>
				<timestamp>234.436470</timestamp>
			</report>
			<report>
				<misses>758001</misses>
				<total>4</total>
				<timestamp>234.746129</timestamp>
			</report>
			<report>
				<misses>759001</misses>
				<total>4</total>
				<timestamp>235.055801</timestamp>
			</report>
			<report>
				<misses>760001</misses>
				<total>4</total>
				<timestamp>235.365526</timestamp>
			</report>
			<report>
				<misses>761001</misses>
				<total>4</total>
				<timestamp>235.675251</timestamp>
			</report>
			<report>
				<misses>762001</misses>
				<total>4</total>
				<timestamp>235.984890</timestamp>
			</report>
			<report>
				<misses>763001</misses>
				<total>4</total>
				<timestamp>236.294580</timestamp>
			</report>
			<report>
				<misses>764001</misses>
				<total>4</total>
				<timestamp>236.604270</timestamp>
			</report>
			<report>
				<misses>765001</misses>
				<total>4</total>
				<timestamp>236.913946</timestamp>
			</report>
			<report>
				<misses>766001</misses>
				<total>4</total>
				<timestamp>237.223654</timestamp>
			</report>
			<report>
				<misses>767001</misses>
				<total>4</total>
				<timestamp>237.533355</timestamp>
			</report>
			<report>
				<misses>768001</misses>
				<total>4</total>
				<timestamp>237.843022</timestamp>
			</report>
			<report>
				<misses>769001</misses>
				<total>4</total>
				<timestamp>238.152716</timestamp>
			</report>
			<report>
				<misses>770001</misses>
				<total>4</total>
				<timestamp>238.462413</timestamp>
			</report>
			<report>
				<misses>771001</misses>
				<total>4</total>
				<timestamp>238.772095</timestamp>
			</report>
			<report>
				<misses>772001</misses>
				<total>4</total>
				<timestamp>239.081785</timestamp>
			</report>
			<report>
				<misses>773001</misses>
				<total>4</total>
				<timestamp>239.391510</timestamp>
			</report>
			<report>
				<misses>774001</misses>
				<total>4</total>
				<timestamp>239.701194</timestamp>
			</report>
			<report>
				<misses>775001</misses>
				<total>4</total>
				<timestamp>240.010853</timestamp>
			</report>
			<report>
				<misses>776001</misses>
				<total>4</total>
				<timestamp>240.320556</timestamp>
			</report>
			<report>
				<misses>777001</misses>
				<total>4</total>
				<timestamp>240.630286</timestamp>
			</report>
			<report>
				<misses>778001</misses>
				<total>4</total>
				<timestamp>240.939911</timestamp>
			</report>
			<report>
				<misses>779001</misses>
				<total>4</total>
				<timestamp>241.249598</timestamp>
			</report>
			<report>
				<misses>780001</misses>
				<total>4</total>
				<timestamp>241.559306</timestamp>
			</report>
			<report>
				<misses>781001</misses>
				<total>4</total>
				<timestamp>241.869010</timestamp>
			</report>
			<report>
				<misses>782001</misses>
				<total>4</total>
				<timestamp>242.178684</timestamp>
			</report>
			<report>
				<misses>783001</misses>
				<total>4</total>
				<timestamp>242.488429</timestamp>
			</report>
			<report>
				<misses>784001</misses>
				<total>4</total>
				<timestamp>242.798080</timestamp>
			</report>
			<report>
				<misses>785001</misses>
				<total>4</total>
				<timestamp>243.107779</timestamp>
			</report>
			<report>
				<misses>786001</misses>
				<total>4</total>
				<timestamp>243.417448</timestamp>
			</report>
			<report>
				<misses>787001</misses>
				<total>4</total>
				<timestamp>243.727198</timestamp>
			</report>
			<report>
				<misses>788001</misses>
				<total>4</total>
				<timestamp>244.036813</timestamp>
			</report>
			<report>
				<misses>789001</misses>
				<total>4</total>
				<timestamp>244.346547</timestamp>
			</report>
			<report>
				<misses>790001</misses>
				<total>4</total>
				<timestamp>244.656263</timestamp>
			</report>
			<report>
				<misses>791001</misses>
				<total>4</total>
				<timestamp>244.965905</timestamp>
			</report>
			<report>
				<misses>792001</misses>
				<total>4</total>
				<timestamp>245.275614</timestamp>
			</report>
			<report>
				<misses>793001</misses>
				<total>4</total>
				<timestamp>245.585326</timestamp>
			</report>
			<report>
				<misses>794001</misses>
				<total>4</total>
				<timestamp>245.894996</timestamp>
			</report>
			<report>
				<misses>795001</misses>
				<total>4</total>
				<timestamp>246.204657</timestamp>
			</report>
			<report>
				<misses>796001</misses>
				<total>4</total>
				<timestamp>246.514385</timestamp>
			</report>
			<report>
				<misses>797001</misses>
				<total>4</total>
				<timestamp>246.824031</timestamp>
			</report>
			<report>
				<misses>798001</misses>
				<total>4</total>
				<timestamp>247.133749</timestamp>
			</report>
			<report>
				<misses>799001</misses>
				<total>4</total>
				<timestamp>247.443462</timestamp>
			</report>
			<report>
				<misses>800001</misses>
				<total>4</total>
				<timestamp>247.753106</timestamp>
			</report>
			<report>
				<misses>801001</misses>
				<total>4</total>
				<timestamp>248.062794</timestamp>
			</report>
			<report>
				<misses>802001</misses>
				<total>4</total>
				<timestamp>248.372478</timestamp>
			</report>
			<report>
				<misses>803001</misses>
				<total>4</total>
				<timestamp>248.682227</timestamp>
			</report>
			<report>
				<misses>804001</misses>
				<total>4</total>
				<timestamp>248.991866</timestamp>
			</report>
			<report>
				<misses>805001</misses>
				<total>4</total>
				<timestamp>249.301552</timestamp>
			</report>
			<report>
				<misses>806001</misses>
				<total>4</total>
				<timestamp>249.611259</timestamp>
			</report>
			<report>
				<misses>807001</misses>
				<total>4</total>
				<timestamp>249.920919</timestamp>
			</report>
			<report>
				<misses>808001</misses>
				<total>4</total>
				<timestamp>250.230615</timestamp>
			</report>
			<report>
				<misses>809001</misses>
				<total>4</total>
				<timestamp>250.540343</timestamp>
			</report>
			<report>
				<misses>810001</misses>
				<total>4</total>
				<timestamp>250.849998</timestamp>
			</report>
			<report>
				<misses>811001</misses>
				<total>4</total>
				<timestamp>251.159712</timestamp>
			</report>
			<report>
				<misses>812001</misses>
				<total>4</total>
				<timestamp>251.469381</timestamp>
			</report>
			<report>
				<misses>813001</misses>
				<total>4</total>
				<timestamp>251.779110</timestamp>
			</report>
			<report>
				<misses>814001</misses>
				<total>5</total>
				<timestamp>252.088747</timestamp>
			</report>
			<report>
				<misses>815001</misses>
				<total>5</total>
				<timestamp>252.398473</timestamp>
			</report>
			<report>
				<misses>816001</misses>
				<total>5</total>
				<timestamp>252.708173</timestamp>
			</report>
			<report>
				<misses>817001</misses>
				<total>5</total>
				<timestamp>253.017813</timestamp>
			</report>
			<report>
				<misses>818001</misses>
				<total>5</total>
				<timestamp>253.327520</timestamp>
			</report>
			<report>
				<misses>819001</misses>
				<total>5</total>
				<timestamp>253.637214</timestamp>
			</report>
			<report>
				<misses>820001</misses>
				<total>6</total>
				<timestamp>253.946904</timestamp>
			</report>
			<report>
				<misses>821001</misses>
				<total>6</total>
				<timestamp>254.256624</timestamp>
			</report>
			<report>
				<misses>822001</misses>
				<total>6</total>
				<timestamp>254.566334</timestamp>
			</report>
			<report>
				<misses>823001</misses>
				<total>6</total>
				<timestamp>254.875964</timestamp>
			</report>
			<report>
				<misses>824001</misses>
				<total>6</total>
				<timestamp>255.185662</timestamp>
			</report>
			<report>
				<misses>825001</misses>
				<total>6</total>
				<timestamp>255.495348</timestamp>
			</report>
			<report>
				<misses>826001</misses>
				<total>6</total>
				<timestamp>255.805058</timestamp>
			</report>
			<report>
				<misses>827001</misses>
				<total>6</total>
				<timestamp>256.114743</timestamp>
			</report>
			<report>
				<misses>828001</misses>
				<total>6</total>
				<timestamp>256.424448</timestamp>
			</report>
			<report>
				<misses>829001</misses>
				<total>6</total>
				<timestamp>256.734192</timestamp>
			</report>
			<report>
				<misses>830001</misses>
				<total>6</total>
				<timestamp>257.043806</timestamp>
			</report>
			<report>
				<misses>831001</misses>
				<total>6</total>
				<timestamp>257.353530</timestamp>
			</report>
			<report>
				<misses>832001</misses>
				<total>6</total>
				<timestamp>257.663244</timestamp>
			</report>
			<report>
				<misses>833001</misses>
				<total>6</total>
				<timestamp>257.972863</timestamp>
			</report>
			<report>
				<misses>834001</misses>
				<total>6</total>
				<timestamp>258.282573</timestamp>
			</report>
			<report>
				<misses>835001</misses>
				<total>6</total>
				<timestamp>258.592265</timestamp>
			</report>
			<report>
				<misses>836001</misses>
				<total>6</total>
				<timestamp>258.901950</timestamp>
			</report>
			<report>
				<misses>837001</misses>
				<total>6</total>
				<timestamp>259.211663</timestamp>
			</report>
			<report>
				<misses>838001</misses>
				<total>6</total>
				<timestamp>259.521384</timestamp>
			</report>
			<report>
				<misses>839001</misses>
				<total>6</total>
				<timestamp>259.831039</timestamp>
			</report>
			<report>
				<misses>840001</misses>
				<total>6</total>
				<timestamp>260.140724</timestamp>
			</report>
			<report>
				<misses>841001</misses>
				<total>6</total>
				<timestamp>260.450406</timestamp>
			</report>
			<report>
				<misses>842001</misses>
				<total>6</total>
				<timestamp>260.760130</timestamp>
			</report>
			<report>
				<misses>843001</misses>
				<total>6</total>
				<timestamp>261.069775</timestamp>
			</report>
			<report>
				<misses>844001</misses>
				<total>6</total>
				<timestamp>261.379485</timestamp>
			</report>
			<report>
				<misses>845001</misses>
				<total>6</total>
				<timestamp>261.689199</timestamp>
			</report>
			<report>
				<misses>846001</misses>
				<total>6</total>
				<timestamp>261.998844</timestamp>
			</report>
			<report>
				<misses>847001</misses>
				<total>6</total>
				<timestamp>262.308533</timestamp>
			</report>
			<report>
				<misses>848001</misses>
				<total>6</total>
				<timestamp>262.618265</timestamp>
			</report>
			<report>
				<misses>849001</misses>
				<total>6</total>
				<timestamp>262.927932</timestamp>
			</report>
			<report>
				<misses>850001</misses>
				<total>6</total>
				<timestamp>263.237654</timestamp>
			</report>
			<report>
				<misses>851001</misses>
				<total>6</total>
				<timestamp>263.547295</timestamp>
			</report>
			<report>
				<misses>852001</misses>
				<total>6</total>
				<timestamp>263.856987</timestamp>
			</report>
			<report>
				<misses>853001</misses>
				<total>6</total>
				<timestamp>264.166684</timestamp>
			</report>
			<report>
				<misses>854001</misses>
				<total>6</total>
				<timestamp>264.476358</timestamp>
			</report>
			<report>
				<misses>855001</misses>
				<total>6</total>
				<timestamp>264.786071</timestamp>
			</report>
			<report>
				<misses>856001</misses>
				<total>6</total>
				<timestamp>265.095753</timestamp>
			</report>
			<report>
				<misses>857001</misses>
				<total>6</total>
				<timestamp>265.405441</timestamp>
			</report>
			<report>
				<misses>858001</misses>
				<total>6</total>
				<timestamp>265.715129</timestamp>
			</report>
			<report>
				<misses>859001</misses>
				<total>6</total>
				<timestamp>266.024812</timestamp>
			</report>
			<report>
				<misses>860001</misses>
				<total>6</total>
				<timestamp>266.334515</timestamp>
			</report>
			<report>
				<misses>861001</misses>
				<total>6</total>
				<timestamp>266.644236</timestamp>
			</report>
			<report>
				<misses>862001</misses>
				<total>6</total>
				<timestamp>266.953892</timestamp>
			</report>
			<report>
				<misses>863001</misses>
				<total>6</total>
				<timestamp>267.263619</timestamp>
			</report>
			<report>
				<misses>864001</misses>
				<total>6</total>
				<timestamp>267.573287</timestamp>
			</report>
			<report>
				<misses>865001</misses>
				<total>6</total>
				<timestamp>267.883012</timestamp>
			</report>
			<report>
				<misses>866001</misses>
				<total>6</total>
				<timestamp>268.192655</timestamp>
			</report>
			<report>
				<misses>867001</misses>
				<total>6</total>
				<timestamp>268.502364</timestamp>
			</report>
			<report>
				<misses>868001</misses>
				<total>6</total>
				<timestamp>268.812080</timestamp>
			</report>
			<report>
				<misses>869001</misses>
				<total>6</total>
				<timestamp>269.121717</timestamp>
			</report>
			<report>
				<misses>870001</misses>
				<total>6</total>
				<timestamp>269.431420</timestamp>
			</report>
			<report>
				<misses>871001</misses>
				<total>6</total>
				<timestamp>269.741140</timestamp>
			</report>
			<report>
				<misses>872001</misses>
				<total>6</total>
				<timestamp>270.050795</timestamp>
			</report>
			<report>
				<misses>873001</misses>
				<total>6</total>
				<timestamp>270.360497</timestamp>
			</report>
			<report>
				<misses>874001</misses>
				<total>6</total>
				<timestamp>270.670186</timestamp>
			</report>
			<report>
				<misses>875001</misses>
				<total>6</total>
				<timestamp>270.979872</timestamp>
			</report>
			<report>
				<misses>876001</misses>
				<total>6</total>
				<timestamp>271.289619</timestamp>
			</report>
			<report>
				<misses>877001</misses>
				<total>6</total>
				<timestamp>271.599266</timestamp>
			</report>
			<report>
				<misses>878001</misses>
				<total>6</total>
				<timestamp>271.908940</timestamp>
			</report>
			<report>
				<misses>879001</misses>
				<total>6</total>
				<timestamp>272.218653</timestamp>
			</report>
			<report>
				<misses>880001</misses>
				<total>6</total>
				<timestamp>272.528327</timestamp>
			</report>
			<report>
				<misses>881001</misses>
				<total>6</total>
				<timestamp>272.838045</timestamp>
			</report>
			<report>
				<misses>882001</misses>
				<total>6</total>
				<timestamp>273.147704</timestamp>
			</report>
			<report>
				<misses>883001</misses>
				<total>6</total>
				<timestamp>273.457429</timestamp>
			</report>
			<report>
				<misses>884001</misses>
				<total>6</total>
				<timestamp>273.767078</timestamp>
			</report>
			<report>
				<misses>885001</misses>
				<total>6</total>
				<timestamp>274.076771</timestamp>
			</report>
			<report>
				<misses>886001</misses>
				<total>6</total>
				<timestamp>274.386470</timestamp>
			</report>
			<report>
				<misses>887001</misses>
				<total>6</total>
				<timestamp>274.696166</timestamp>
			</report>
			<report>
				<misses>888001</misses>
				<total>6</total>
				<timestamp>275.005821</timestamp>
			</report>
			<report>
				<misses>889001</misses>
				<total>6</total>
				<timestamp>275.315511</timestamp>
			</report>
			<report>
				<misses>890001</misses>
				<total>6</total>
				<timestamp>275.625202</timestamp>
			</report>
			<report>
				<misses>891001</misses>
				<total>6</total>
				<timestamp>275.934890</timestamp>
			</report>
			<report>
				<misses>892001</misses>
				<total>6</total>
				<timestamp>276.244579</timestamp>
			</report>
			<report>
				<misses>893001</misses>
				<total>6</total>
				<timestamp>276.554298</timestamp>
			</report>
			<report>
				<misses>894001</misses>
				<total>6</total>
				<timestamp>276.864023</timestamp>
			</report>
			<report>
				<misses>895001</misses>
				<total>6</total>
				<timestamp>277.173687</timestamp>
			</report>
			<report>
				<misses>896001</misses>
				<total>6</total>
				<timestamp>277.483362</timestamp>
			</report>
			<report>
				<misses>897001</misses>
				<total>6</total>
				<timestamp>277.793053</timestamp>
			</report>
			<report>
				<misses>898001</misses>
				<total>6</total>
				<timestamp>278.102738</timestamp>
			</report>
			<report>
				<misses>899001</misses>
				<total>6</total>
				<timestamp>278.412415</timestamp>
			</report>
			<report>
				<misses>900001</misses>
				<total>6</total>
				<timestamp>278.722137</timestamp>
			</report>
			<report>
				<misses>901001</misses>
				<total>6</total>
				<timestamp>279.031792</timestamp>
			</report>
			<report>
				<misses>902001</misses>
				<total>6</total>
				<timestamp>279.341473</timestamp>
			</report>
			<report>
				<misses>903001</misses>
				<total>6</total>
				<timestamp>279.651163</timestamp>
			</report>
			<report>
				<misses>904001</misses>
				<total>6</total>
				<timestamp>279.960863</timestamp>
			</report>
			<report>
				<misses>905001</misses>
				<total>6</total>
				<timestamp>280.270558</timestamp>
			</report>
			<report>
				<misses>906001</misses>
				<total>6</total>
				<timestamp>280.580243</timestamp>
			</report>
			<report>
				<misses>907001</misses>
				<total>6</total>
				<timestamp>280.890002</timestamp>
			</report>
			<report>
				<misses>908001</misses>
				<total>6</total>
				<timestamp>281.199631</timestamp>
			</report>
			<report>
				<misses>909001</misses>
				<total>6</total>
				<timestamp>281.509312</timestamp>
			</report>
			<report>
				<misses>910001</misses>
				<total>6</total>
				<timestamp>281.819028</timestamp>
			</report>
			<report>
				<misses>911001</misses>
				<total>6</total>
				<timestamp>282.128728</timestamp>
			</report>
			<report>
				<misses>912001</misses>
				<total>6</total>
				<timestamp>282.438376</timestamp>
			</report>
			<report>
				<misses>913001</misses>
				<total>6</total>
				<timestamp>282.748085</timestamp>
			</report>
			<report>
				<misses>914001</misses>
				<total>6</total>
				<timestamp>283.057777</timestamp>
			</report>
			<report>
				<misses>915001</misses>
				<total>6</total>
				<timestamp>283.367462</timestamp>
			</report>
			<report>
				<misses>916001</misses>
				<total>6</total>
				<timestamp>283.677159</timestamp>
			</report>
			<report>
				<misses>917001</misses>
				<total>6</total>
				<timestamp>283.986825</timestamp>
			</report>
			<report>
				<misses>918001</misses>
				<total>6</total>
				<timestamp>284.296523</timestamp>
			</report>
			<report>
				<misses>919001</misses>
				<total>6</total>
				<timestamp>284.606228</timestamp>
			</report>
			<report>
				<misses>920001</misses>
				<total>6</total>
				<timestamp>284.915971</timestamp>
			</report>
			<report>
				<misses>921001</misses>
				<total>6</total>
				<timestamp>285.225601</timestamp>
			</report>
			<report>
				<misses>922001</misses>
				<total>7</total>
				<timestamp>285.535278</timestamp>
			</report>
			<report>
				<misses>923001</misses>
				<total>7</total>
				<timestamp>285.845024</timestamp>
			</report>
			<report>
				<misses>924001</misses>
				<total>7</total>
				<timestamp>286.154656</timestamp>
			</report>
			<report>
				<misses>925001</misses>
				<total>7</total>
				<timestamp>286.464372</timestamp>
			</report>
			<report>
				<misses>926001</misses>
				<total>7</total>
				<timestamp>286.774064</timestamp>
			</report>
			<report>
				<misses>927001</misses>
				<total>7</total>
				<timestamp>287.083790</timestamp>
			</report>
			<report>
				<misses>928001</misses>
				<total>7</total>
				<timestamp>287.393432</timestamp>
			</report>
			<report>
				<misses>929001</misses>
				<total>7</total>
				<timestamp>287.703163</timestamp>
			</report>
			<report>
				<misses>930001</misses>
				<total>7</total>
				<timestamp>288.012815</timestamp>
			</report>
			<report>
				<misses>931001</misses>
				<total>7</total>
				<timestamp>288.322542</timestamp>
			</report>
			<report>
				<misses>932001</misses>
				<total>7</total>
				<timestamp>288.632186</timestamp>
			</report>
			<report>
				<misses>933001</misses>
				<total>7</total>
				<timestamp>288.941891</timestamp>
			</report>
			<report>
				<misses>934001</misses>
				<total>7</total>
				<timestamp>289.251579</timestamp>
			</report>
			<report>
				<misses>935001</misses>
				<total>7</total>
				<timestamp>289.561265</timestamp>
			</report>
			<report>
				<misses>936001</misses>
				<total>7</total>
				<timestamp>289.870979</timestamp>
			</report>
			<report>
				<misses>937001</misses>
				<total>7</total>
				<timestamp>290.180678</timestamp>
			</report>
			<report>
				<misses>938001</misses>
				<total>7</total>
				<timestamp>290.490335</timestamp>
			</report>
			<report>
				<misses>939001</misses>
				<total>7</total>
				<timestamp>290.800035</timestamp>
			</report>
			<report>
				<misses>940001</misses>
				<total>7</total>
				<timestamp>291.109711</timestamp>
			</report>
			<report>
				<misses>941001</misses>
				<total>7</total>
				<timestamp>291.419421</timestamp>
			</report>
			<report>
				<misses>942001</misses>
				<total>7</total>
				<timestamp>291.729148</timestamp>
			</report>
			<report>
				<misses>943001</misses>
				<total>7</total>
				<timestamp>292.038775</timestamp>
			</report>
			<report>
				<misses>944001</misses>
				<total>7</total>
				<timestamp>292.348470</timestamp>
			</report>
			<report>
				<misses>945001</misses>
				<total>7</total>
				<timestamp>292.658152</timestamp>
			</report>
			<report>
				<misses>946001</misses>
				<total>7</total>
				<timestamp>292.967854</timestamp>
			</report>
			<report>
				<misses>947001</misses>
				<total>7</total>
				<timestamp>293.277541</timestamp>
			</report>
			<report>
				<misses>948001</misses>
				<total>7</total>
				<timestamp>293.587262</timestamp>
			</report>
			<report>
				<misses>949001</misses>
				<total>7</total>
				<timestamp>293.896949</timestamp>
			</report>
			<report>
				<misses>950001</misses>
				<total>7</total>
				<timestamp>294.206621</timestamp>
			</report>
			<report>
				<misses>951001</misses>
				<total>7</total>
				<timestamp>294.516299</timestamp>
			</report>
			<report>
				<misses>952001</misses>
				<total>7</total>
				<timestamp>294.826047</timestamp>
			</report>
			<report>
				<misses>953001</misses>
				<total>7</total>
				<timestamp>295.135680</timestamp>
			</report>
			<report>
				<misses>954001</misses>
				<total>7</total>
				<timestamp>295.445370</timestamp>
			</report>
			<report>
				<misses>955001</misses>
				<total>7</total>
				<timestamp>295.755064</timestamp>
			</report>
			<report>
				<misses>956001</misses>
				<total>7</total>
				<timestamp>296.064776</timestamp>
			</report>
			<report>
				<misses>957001</misses>
				<total>7</total>
				<timestamp>296.374460</timestamp>
			</report>
			<report>
				<misses>958001</misses>
				<total>7</total>
				<timestamp>296.684111</timestamp>
			</report>
			<report>
				<misses>959001</misses>
				<total>7</total>
				<timestamp>296.993849</timestamp>
			</report>
			<report>
				<misses>960001</misses>
				<total>7</total>
				<timestamp>297.303533</timestamp>
			</report>
			<report>
				<misses>961001</misses>
				<total>7</total>
				<timestamp>297.613178</timestamp>
			</report>
			<report>
				<misses>962001</misses>
				<total>7</total>
				<timestamp>297.922871</timestamp>
			</report>
			<report>
				<misses>963001</misses>
				<total>7</total>
				<timestamp>298.232553</timestamp>
			</report>
			<report>
				<misses>964001</misses>
				<total>7</total>
				<timestamp>298.542298</timestamp>
			</report>
			<report>
				<misses>965001</misses>
				<total>7</total>
				<timestamp>298.851943</timestamp>
			</report>
			<report>
				<misses>966001</misses>
				<total>7</total>
				<timestamp>299.161667</timestamp>
			</report>
			<report>
				<misses>967001</misses>
				<total>7</total>
				<timestamp>299.471331</timestamp>
			</report>
			<report>
				<misses>968001</misses>
				<total>7</total>
				<timestamp>299.781042</timestamp>
			</report>
			<report>
				<misses>969001</misses>
				<total>7</total>
				<timestamp>300.090702</timestamp>
			</report>
			<report>
				<misses>970001</misses>
				<total>7</total>
				<timestamp>300.400414</timestamp>
			</report>
			<report>
				<misses>971001</misses>
				<total>7</total>
				<timestamp>300.710096</timestamp>
			</report>
			<report>
				<misses>972001</misses>
				<total>7</total>
				<timestamp>301.019882</timestamp>
			</report>
			<report>
				<misses>973001</misses>
				<total>7</total>
				<timestamp>301.329497</timestamp>
			</report>
			<report>
				<misses>974001</misses>
				<total>7</total>
				<timestamp>301.639194</timestamp>
			</report>
			<report>
				<misses>975001</misses>
				<total>7</total>
				<timestamp>301.948881</timestamp>
			</report>
			<report>
				<misses>976001</misses>
				<total>7</total>
				<timestamp>302.258539</timestamp>
			</report>
			<report>
				<misses>977001</misses>
				<total>7</total>
				<timestamp>302.568229</timestamp>
			</report>
			<report>
				<misses>978001</misses>
				<total>7</total>
				<timestamp>302.877960</timestamp>
			</report>
			<report>
				<misses>979001</misses>
				<total>7</total>
				<timestamp>303.187623</timestamp>
			</report>
			<report>
				<misses>980001</misses>
				<total>7</total>
				<timestamp>303.497301</timestamp>
			</report>
			<report>
				<misses>981001</misses>
				<total>7</total>
				<timestamp>303.807004</timestamp>
			</report>
			<report>
				<misses>982001</misses>
				<total>7</total>
				<timestamp>304.116715</timestamp>
			</report>
			<report>
				<misses>983001</misses>
				<total>7</total>
				<timestamp>304.426377</timestamp>
			</report>
			<report>
				<misses>984001</misses>
				<total>7</total>
				<timestamp>304.736072</timestamp>
			</report>
			<report>
				<misses>985001</misses>
				<total>7</total>
				<timestamp>305.045845</timestamp>
			</report>
			<report>
				<misses>986001</misses>
				<total>7</total>
				<timestamp>305.355452</timestamp>
			</report>
			<report>
				<misses>987001</misses>
				<total>7</total>
				<timestamp>305.665142</timestamp>
			</report>
			<report>
				<misses>988001</misses>
				<total>7</total>
				<timestamp>305.974838</timestamp>
			</report>
			<report>
				<misses>989001</misses>
				<total>7</total>
				<timestamp>306.284514</timestamp>
			</report>
			<report>
				<misses>990001</misses>
				<total>7</total>
				<timestamp>306.594204</timestamp>
			</report>
			<report>
				<misses>991001</misses>
				<total>7</total>
				<timestamp>306.903935</timestamp>
			</report>
			<report>
				<misses>992001</misses>
				<total>7</total>
				<timestamp>307.213596</timestamp>
			</report>
			<report>
				<misses>993001</misses>
				<total>7</total>
				<timestamp>307.523277</timestamp>
			</report>
			<report>
				<misses>994001</misses>
				<total>7</total>
				<timestamp>307.832977</timestamp>
			</report>
			<report>
				<misses>995001</misses>
				<total>7</total>
				<timestamp>308.142680</timestamp>
			</report>
			<report>
				<misses>996001</misses>
				<total>7</total>
				<timestamp>308.452368</timestamp>
			</report>
			<report>
				<misses>997001</misses>
				<total>7</total>
				<timestamp>308.762042</timestamp>
			</report>
			<report>
				<misses>998001</misses>
				<total>7</total>
				<timestamp>309.071745</timestamp>
			</report>
			<report>
				<misses>999001</misses>
				<total>7</total>
				<timestamp>309.381433</timestamp>
			</report>
			<report>
				<misses>1000001</misses>
				<total>7</total>
				<timestamp>309.691122</timestamp>
			</report>
			<report>
				<misses>1001001</misses>
				<total>7</total>
				<timestamp>310.000826</timestamp>
			</report>
			<report>
				<misses>1002001</misses>
				<total>7</total>
				<timestamp>310.310530</timestamp>
			</report>
			<report>
				<misses>1003001</misses>
				<total>7</total>
				<timestamp>310.620180</timestamp>
			</report>
			<report>
				<misses>1004001</misses>
				<total>7</total>
				<timestamp>310.929886</timestamp>
			</report>
			<report>
				<misses>1005001</misses>
				<total>7</total>
				<timestamp>311.239566</timestamp>
			</report>
			<report>
				<misses>1006001</misses>
				<total>7</total>
				<timestamp>311.549261</timestamp>
			</report>
			<report>
				<misses>1007001</misses>
				<total>7</total>
				<timestamp>311.858950</timestamp>
			</report>
			<report>
				<misses>1008001</misses>
				<total>7</total>
				<timestamp>312.168639</timestamp>
			</report>
			<report>
				<misses>1009001</misses>
				<total>7</total>
				<timestamp>312.478315</timestamp>
			</report>
			<report>
				<misses>1010001</misses>
				<total>7</total>
				<timestamp>312.788024</timestamp>
			</report>
			<report>
				<misses>1011001</misses>
				<total>7</total>
				<timestamp>313.097723</timestamp>
			</report>
			<report>
				<misses>1012001</misses>
				<total>7</total>
				<timestamp>313.407404</timestamp>
			</report>
			<report>
				<misses>1013001</misses>
				<total>7</total>
				<timestamp>313.717064</timestamp>
			</report>
			<report>
				<misses>1014001</misses>
				<total>7</total>
				<timestamp>314.026795</timestamp>
			</report>
			<report>
				<misses>1015001</misses>
				<total>7</total>
				<timestamp>314.336510</timestamp>
			</report>
			<report>
				<misses>1016001</misses>
				<total>7</total>
				<timestamp>314.646141</timestamp>
			</report>
			<report>
				<misses>1017001</misses>
				<total>7</total>
				<timestamp>314.955863</timestamp>
			</report>
			<report>
				<misses>1018001</misses>
				<total>7</total>
				<timestamp>315.265524</timestamp>
			</report>
			<report>
				<misses>1019001</misses>
				<total>7</total>
				<timestamp>315.575202</timestamp>
			</report>
			<report>
				<misses>1020001</misses>
				<total>7</total>
				<timestamp>315.884947</timestamp>
			</report>
			<report>
				<misses>1021001</misses>
				<total>7</total>
				<timestamp>316.194587</timestamp>
			</report>
			<report>
				<misses>1022001</misses>
				<total>7</total>
				<timestamp>316.504274</timestamp>
			</report>
			<report>
				<misses>1023001</misses>
				<total>7</total>
				<timestamp>316.814024</timestamp>
			</report>
			<report>
				<misses>1024001</misses>
				<total>7</total>
				<timestamp>317.123655</timestamp>
			</report>
			<report>
				<misses>1025001</misses>
				<total>7</total>
				<timestamp>317.433343</timestamp>
			</report>
			<report>
				<misses>1026001</misses>
				<total>7</total>
				<timestamp>317.743032</timestamp>
			</report>
			<report>
				<misses>1027001</misses>
				<total>7</total>
				<timestamp>318.052769</timestamp>
			</report>
			<report>
				<misses>1028001</misses>
				<total>7</total>
				<timestamp>318.362424</timestamp>
			</report>
			<report>
				<misses>1029001</misses>
				<total>7</total>
				<timestamp>318.672139</timestamp>
			</report>
			<report>
				<misses>1030001</misses>
				<total>7</total>
				<timestamp>318.981804</timestamp>
			</report>
			<report>
				<misses>1031001</misses>
				<total>7</total>
				<timestamp>319.291489</timestamp>
			</report>
			<report>
				<misses>1032001</misses>
				<total>7</total>
				<timestamp>319.601186</timestamp>
			</report>
			<report>
				<misses>1033001</misses>
				<total>7</total>
				<timestamp>319.910875</timestamp>
			</report>
			<report>
				<misses>1034001</misses>
				<total>7</total>
				<timestamp>320.220552</timestamp>
			</report>
			<report>
				<misses>1035001</misses>
				<total>7</total>
				<timestamp>320.530257</timestamp>
			</report>
			<report>
				<misses>1036001</misses>
				<total>7</total>
				<timestamp>320.839924</timestamp>
			</report>
			<report>
				<misses>1037001</misses>
				<total>7</total>
				<timestamp>321.149638</timestamp>
			</report>
			<report>
				<misses>1038001</misses>
				<total>7</total>
				<timestamp>321.459316</timestamp>
			</report>
			<report>
				<misses>1039001</misses>
				<total>7</total>
				<timestamp>321.769017</timestamp>
			</report>
			<report>
				<misses>1040001</misses>
				<total>7</total>
				<timestamp>322.078762</timestamp>
			</report>
			<report>
				<misses>1041001</misses>
				<total>7</total>
				<timestamp>322.388402</timestamp>
			</report>
			<report>
				<misses>1042001</misses>
				<total>7</total>
				<timestamp>322.698128</timestamp>
			</report>
			<report>
				<misses>1043001</misses>
				<total>7</total>
				<timestamp>323.007806</timestamp>
			</report>
			<report>
				<misses>1044001</misses>
				<total>7</total>
				<timestamp>323.317472</timestamp>
			</report>
			<report>
				<misses>1045001</misses>
				<total>7</total>
				<timestamp>323.627148</timestamp>
			</report>
			<report>
				<misses>1046001</misses>
				<total>7</total>
				<timestamp>323.936867</timestamp>
			</report>
			<report>
				<misses>1047001</misses>
				<total>7</total>
				<timestamp>324.246535</timestamp>
			</report>
			<report>
				<misses>1048001</misses>
				<total>7</total>
				<timestamp>324.556229</timestamp>
			</report>
			<report>
				<misses>1049001</misses>
				<total>7</total>
				<timestamp>324.865924</timestamp>
			</report>
			<report>
				<misses>1050001</misses>
				<total>7</total>
				<timestamp>325.175694</timestamp>
			</report>
			<report>
				<misses>1051001</misses>
				<total>7</total>
				<timestamp>325.485324</timestamp>
			</report>
			<report>
				<misses>1052001</misses>
				<total>7</total>
				<timestamp>325.795005</timestamp>
			</report>
			<report>
				<misses>1053001</misses>
				<total>7</total>
				<timestamp>326.104701</timestamp>
			</report>
			<report>
				<misses>1054001</misses>
				<total>7</total>
				<timestamp>326.414359</timestamp>
			</report>
			<report>
				<misses>1055001</misses>
				<total>7</total>
				<timestamp>326.724050</timestamp>
			</report>
			<report>
				<misses>1056001</misses>
				<total>7</total>
				<timestamp>327.033749</timestamp>
			</report>
			<report>
				<misses>1057001</misses>
				<total>7</total>
				<timestamp>327.343435</timestamp>
			</report>
			<report>
				<misses>1058001</misses>
				<total>7</total>
				<timestamp>327.653120</timestamp>
			</report>
			<report>
				<misses>1059001</misses>
				<total>7</total>
				<timestamp>327.962866</timestamp>
			</report>
			<report>
				<misses>1060001</misses>
				<total>7</total>
				<timestamp>328.272511</timestamp>
			</report>
			<report>
				<misses>1061001</misses>
				<total>7</total>
				<timestamp>328.582196</timestamp>
			</report>
			<report>
				<misses>1062001</misses>
				<total>7</total>
				<timestamp>328.891885</timestamp>
			</report>
			<report>
				<misses>1063001</misses>
				<total>7</total>
				<timestamp>329.201615</timestamp>
			</report>
			<report>
				<misses>1064001</misses>
				<total>7</total>
				<timestamp>329.511295</timestamp>
			</report>
			<report>
				<misses>1065001</misses>
				<total>7</total>
				<timestamp>329.820963</timestamp>
			</report>
			<report>
				<misses>1066001</misses>
				<total>7</total>
				<timestamp>330.130678</timestamp>
			</report>
			<report>
				<misses>1067001</misses>
				<total>7</total>
				<timestamp>330.440346</timestamp>
			</report>
			<report>
				<misses>1068001</misses>
				<total>7</total>
				<timestamp>330.750056</timestamp>
			</report>
			<report>
				<misses>1069001</misses>
				<total>7</total>
				<timestamp>331.059733</timestamp>
			</report>
			<report>
				<misses>1070001</misses>
				<total>7</total>
				<timestamp>331.369409</timestamp>
			</report>
			<report>
				<misses>1071001</misses>
				<total>7</total>
				<timestamp>331.679092</timestamp>
			</report>
			<report>
				<misses>1072001</misses>
				<total>7</total>
				<timestamp>331.988801</timestamp>
			</report>
			<report>
				<misses>1073001</misses>
				<total>7</total>
				<timestamp>332.298493</timestamp>
			</report>
			<report>
				<misses>1074001</misses>
				<total>7</total>
				<timestamp>332.608200</timestamp>
			</report>
			<report>
				<misses>1075001</misses>
				<total>7</total>
				<timestamp>332.917859</timestamp>
			</report>
			<report>
				<misses>1076001</misses>
				<total>7</total>
				<timestamp>333.227555</timestamp>
			</report>
			<report>
				<misses>1077001</misses>
				<total>7</total>
				<timestamp>333.537237</timestamp>
			</report>
			<report>
				<misses>1078001</misses>
				<total>7</total>
				<timestamp>333.846943</timestamp>
			</report>
			<report>
				<misses>1079001</misses>
				<total>7</total>
				<timestamp>334.156686</timestamp>
			</report>
			<report>
				<misses>1080001</misses>
				<total>7</total>
				<timestamp>334.466347</timestamp>
			</report>
			<report>
				<misses>1081001</misses>
				<total>7</total>
				<timestamp>334.776037</timestamp>
			</report>
			<report>
				<misses>1082001</misses>
				<total>7</total>
				<timestamp>335.085700</timestamp>
			</report>
			<report>
				<misses>1083001</misses>
				<total>7</total>
				<timestamp>335.395413</timestamp>
			</report>
			<report>
				<misses>1084001</misses>
				<total>7</total>
				<timestamp>335.705089</timestamp>
			</report>
			<report>
				<misses>1085001</misses>
				<total>7</total>
				<timestamp>336.014787</timestamp>
			</report>
			<report>
				<misses>1086001</misses>
				<total>7</total>
				<timestamp>336.324455</timestamp>
			</report>
			<report>
				<misses>1087001</misses>
				<total>7</total>
				<timestamp>336.634127</timestamp>
			</report>
			<report>
				<misses>1088001</misses>
				<total>7</total>
				<timestamp>336.943838</timestamp>
			</report>
			<report>
				<misses>1089001</misses>
				<total>7</total>
				<timestamp>337.253540</timestamp>
			</report>
			<report>
				<misses>1090001</misses>
				<total>7</total>
				<timestamp>337.563209</timestamp>
			</report>
			<report>
				<misses>1091001</misses>
				<total>7</total>
				<timestamp>337.872893</timestamp>
			</report>
			<report>
				<misses>1092001</misses>
				<total>7</total>
				<timestamp>338.182633</timestamp>
			</report>
			<report>
				<misses>1093001</misses>
				<total>7</total>
				<timestamp>338.492278</timestamp>
			</report>
			<report>
				<misses>1094001</misses>
				<total>7</total>
				<timestamp>338.801943</timestamp>
			</report>
			<report>
				<misses>1095001</misses>
				<total>7</total>
				<timestamp>339.111659</timestamp>
			</report>
			<report>
				<misses>1096001</misses>
				<total>6</total>
				<timestamp>339.421427</timestamp>
			</report>
			<report>
				<misses>1097001</misses>
				<total>7</total>
				<timestamp>339.731053</timestamp>
			</report>
			<report>
				<misses>1098001</misses>
				<total>7</total>
				<timestamp>340.040773</timestamp>
			</report>
			<report>
				<misses>1099001</misses>
				<total>7</total>
				<timestamp>340.350407</timestamp>
			</report>
			<report>
				<misses>1100001</misses>
				<total>7</total>
				<timestamp>340.660145</timestamp>
			</report>
			<report>
				<misses>1101001</misses>
				<total>7</total>
				<timestamp>340.969807</timestamp>
			</report>
			<report>
				<misses>1102001</misses>
				<total>7</total>
				<timestamp>341.279461</timestamp>
			</report>
			<report>
				<misses>1103001</misses>
				<total>7</total>
				<timestamp>341.589176</timestamp>
			</report>
			<report>
				<misses>1104001</misses>
				<total>7</total>
				<timestamp>341.898877</timestamp>
			</report>
			<report>
				<misses>1105001</misses>
				<total>7</total>
				<timestamp>342.208605</timestamp>
			</report>
			<report>
				<misses>1106001</misses>
				<total>7</total>
				<timestamp>342.518273</timestamp>
			</report>
			<report>
				<misses>1107001</misses>
				<total>7</total>
				<timestamp>342.827923</timestamp>
			</report>
			<report>
				<misses>1108001</misses>
				<total>7</total>
				<timestamp>343.137655</timestamp>
			</report>
			<report>
				<misses>1109001</misses>
				<total>7</total>
				<timestamp>343.447336</timestamp>
			</report>
			<report>
				<misses>1110001</misses>
				<total>7</total>
				<timestamp>343.756993</timestamp>
			</report>
			<report>
				<misses>1111001</misses>
				<total>7</total>
				<timestamp>344.066743</timestamp>
			</report>
			<report>
				<misses>1112001</misses>
				<total>7</total>
				<timestamp>344.376381</timestamp>
			</report>
			<report>
				<misses>1113001</misses>
				<total>7</total>
				<timestamp>344.686080</timestamp>
			</report>
			<report>
				<misses>1114001</misses>
				<total>7</total>
				<timestamp>344.995781</timestamp>
			</report>
			<report>
				<misses>1115001</misses>
				<total>7</total>
				<timestamp>345.305475</timestamp>
			</report>
			<report>
				<misses>1116001</misses>
				<total>7</total>
				<timestamp>345.615157</timestamp>
			</report>
			<report>
				<misses>1117001</misses>
				<total>7</total>
				<timestamp>345.924855</timestamp>
			</report>
			<report>
				<misses>1118001</misses>
				<total>7</total>
				<timestamp>346.234590</timestamp>
			</report>
			<report>
				<misses>1119001</misses>
				<total>7</total>
				<timestamp>346.544210</timestamp>
			</report>
			<report>
				<misses>1120001</misses>
				<total>7</total>
				<timestamp>346.853919</timestamp>
			</report>
			<report>
				<misses>1121001</misses>
				<total>7</total>
				<timestamp>347.163648</timestamp>
			</report>
			<report>
				<misses>1122001</misses>
				<total>7</total>
				<timestamp>347.473309</timestamp>
			</report>
			<report>
				<misses>1123001</misses>
				<total>7</total>
				<timestamp>347.782972</timestamp>
			</report>
			<report>
				<misses>1124001</misses>
				<total>7</total>
				<timestamp>348.092733</timestamp>
			</report>
			<report>
				<misses>1125001</misses>
				<total>7</total>
				<timestamp>348.402358</timestamp>
			</report>
			<report>
				<misses>1126001</misses>
				<total>7</total>
				<timestamp>348.712049</timestamp>
			</report>
			<report>
				<misses>1127001</misses>
				<total>7</total>
				<timestamp>349.021768</timestamp>
			</report>
			<report>
				<misses>1128001</misses>
				<total>7</total>
				<timestamp>349.331451</timestamp>
			</report>
			<report>
				<misses>1129001</misses>
				<total>7</total>
				<timestamp>349.641123</timestamp>
			</report>
			<report>
				<misses>1130001</misses>
				<total>7</total>
				<timestamp>349.950801</timestamp>
			</report>
			<report>
				<misses>1131001</misses>
				<total>7</total>
				<timestamp>350.260515</timestamp>
			</report>
			<report>
				<misses>1132001</misses>
				<total>7</total>
				<timestamp>350.570194</timestamp>
			</report>
			<report>
				<misses>1133001</misses>
				<total>7</total>
				<timestamp>350.879903</timestamp>
			</report>
			<report>
				<misses>1134001</misses>
				<total>7</total>
				<timestamp>351.189574</timestamp>
			</report>
			<report>
				<misses>1135001</misses>
				<total>7</total>
				<timestamp>351.499265</timestamp>
			</report>
			<report>
				<misses>1136001</misses>
				<total>7</total>
				<timestamp>351.808952</timestamp>
			</report>
			<report>
				<misses>1137001</misses>
				<total>7</total>
				<timestamp>352.118658</timestamp>
			</report>
			<report>
				<misses>1138001</misses>
				<total>7</total>
				<timestamp>352.428335</timestamp>
			</report>
			<report>
				<misses>1139001</misses>
				<total>7</total>
				<timestamp>352.738008</timestamp>
			</report>
			<report>
				<misses>1140001</misses>
				<total>7</total>
				<timestamp>353.047709</timestamp>
			</report>
			<report>
				<misses>1141001</misses>
				<total>7</total>
				<timestamp>353.357406</timestamp>
			</report>
			<report>
				<misses>1142001</misses>
				<total>7</total>
				<timestamp>353.667092</timestamp>
			</report>
			<report>
				<misses>1143001</misses>
				<total>7</total>
				<timestamp>353.976787</timestamp>
			</report>
			<report>
				<misses>1144001</misses>
				<total>7</total>
				<timestamp>354.286485</timestamp>
			</report>
			<report>
				<misses>1145001</misses>
				<total>7</total>
				<timestamp>354.596153</timestamp>
			</report>
			<report>
				<misses>1146001</misses>
				<total>7</total>
				<timestamp>354.905864</timestamp>
			</report>
			<report>
				<misses>1147001</misses>
				<total>7</total>
				<timestamp>355.215553</timestamp>
			</report>
			<report>
				<misses>1148001</misses>
				<total>7</total>
				<timestamp>355.525244</timestamp>
			</report>
			<report>
				<misses>1149001</misses>
				<total>7</total>
				<timestamp>355.834919</timestamp>
			</report>
			<report>
				<misses>1150001</misses>
				<total>7</total>
				<timestamp>356.144642</timestamp>
			</report>
			<report>
				<misses>1151001</misses>
				<total>7</total>
				<timestamp>356.454349</timestamp>
			</report>
			<report>
				<misses>1152001</misses>
				<total>7</total>
				<timestamp>356.763976</timestamp>
			</report>
			<report>
				<misses>1153001</misses>
				<total>7</total>
				<timestamp>357.073670</timestamp>
			</report>
			<report>
				<misses>1154001</misses>
				<total>7</total>
				<timestamp>357.383367</timestamp>
			</report>
			<report>
				<misses>1155001</misses>
				<total>7</total>
				<timestamp>357.693075</timestamp>
			</report>
			<report>
				<misses>1156001</misses>
				<total>7</total>
				<timestamp>358.002777</timestamp>
			</report>
			<report>
				<misses>1157001</misses>
				<total>7</total>
				<timestamp>358.312463</timestamp>
			</report>
			<report>
				<misses>1158001</misses>
				<total>7</total>
				<timestamp>358.622116</timestamp>
			</report>
			<report>
				<misses>1159001</misses>
				<total>7</total>
				<timestamp>358.931822</timestamp>
			</report>
			<report>
				<misses>1160001</misses>
				<total>7</total>
				<timestamp>359.241547</timestamp>
			</report>
			<report>
				<misses>1161001</misses>
				<total>7</total>
				<timestamp>359.551181</timestamp>
			</report>
			<report>
				<misses>1162001</misses>
				<total>7</total>
				<timestamp>359.860892</timestamp>
			</report>
			<report>
				<misses>1163001</misses>
				<total>7</total>
				<timestamp>360.170609</timestamp>
			</report>
			<report>
				<misses>1164001</misses>
				<total>7</total>
				<timestamp>360.480272</timestamp>
			</report>
			<report>
				<misses>1165001</misses>
				<total>7</total>
				<timestamp>360.789955</timestamp>
			</report>
			<report>
				<misses>1166001</misses>
				<total>7</total>
				<timestamp>361.099651</timestamp>
			</report>
			<report>
				<misses>1167001</misses>
				<total>7</total>
				<timestamp>361.409336</timestamp>
			</report>
			<report>
				<misses>1168001</misses>
				<total>7</total>
				<timestamp>361.719042</timestamp>
			</report>
			<report>
				<misses>1169001</misses>
				<total>7</total>
				<timestamp>362.028712</timestamp>
			</report>
			<report>
				<misses>1170001</misses>
				<total>7</total>
				<timestamp>362.338443</timestamp>
			</report>
			<report>
				<misses>1171001</misses>
				<total>7</total>
				<timestamp>362.648138</timestamp>
			</report>
			<report>
				<misses>1172001</misses>
				<total>7</total>
				<timestamp>362.957776</timestamp>
			</report>
			<report>
				<misses>1173001</misses>
				<total>7</total>
				<timestamp>363.267516</timestamp>
			</report>
			<report>
				<misses>1174001</misses>
				<total>7</total>
				<timestamp>363.577167</timestamp>
			</report>
			<report>
				<misses>1175001</misses>
				<total>7</total>
				<timestamp>363.886871</timestamp>
			</report>
			<report>
				<misses>1176001</misses>
				<total>7</total>
				<timestamp>364.196534</timestamp>
			</report>
			<report>
				<misses>1177001</misses>
				<total>7</total>
				<timestamp>364.506229</timestamp>
			</report>
			<report>
				<misses>1178001</misses>
				<total>7</total>
				<timestamp>364.815947</timestamp>
			</report>
			<report>
				<misses>1179001</misses>
				<total>7</total>
				<timestamp>365.125628</timestamp>
			</report>
			<report>
				<misses>1180001</misses>
				<total>7</total>
				<timestamp>365.435315</timestamp>
			</report>
			<report>
				<misses>1181001</misses>
				<total>7</total>
				<timestamp>365.745000</timestamp>
			</report>
			<report>
				<misses>1182001</misses>
				<total>7</total>
				<timestamp>366.054697</timestamp>
			</report>
			<report>
				<misses>1183001</misses>
				<total>7</total>
				<timestamp>366.364395</timestamp>
			</report>
			<report>
				<misses>1184001</misses>
				<total>7</total>
				<timestamp>366.674098</timestamp>
			</report>
			<report>
				<misses>1185001</misses>
				<total>7</total>
				<timestamp>366.983752</timestamp>
			</report>
			<report>
				<misses>1186001</misses>
				<total>7</total>
				<timestamp>367.293461</timestamp>
			</report>
			<report>
				<misses>1187001</misses>
				<total>7</total>
				<timestamp>367.603146</timestamp>
			</report>
			<report>
				<misses>1188001</misses>
				<total>7</total>
				<timestamp>367.912846</timestamp>
			</report>
			<report>
				<misses>1189001</misses>
				<total>7</total>
				<timestamp>368.222556</timestamp>
			</report>
			<report>
				<misses>1190001</misses>
				<total>7</total>
				<timestamp>368.532210</timestamp>
			</report>
			<report>
				<misses>1191001</misses>
				<total>7</total>
				<timestamp>368.841929</timestamp>
			</report>
			<report>
				<misses>1192001</misses>
				<total>7</total>
				<timestamp>369.151597</timestamp>
			</report>
			<report>
				<misses>1193001</misses>
				<total>7</total>
				<timestamp>369.461271</timestamp>
			</report>
			<report>
				<misses>1194001</misses>
				<total>7</total>
				<timestamp>369.770978</timestamp>
			</report>
			<report>
				<misses>1195001</misses>
				<total>7</total>
				<timestamp>370.080674</timestamp>
			</report>
			<report>
				<misses>1196001</misses>
				<total>7</total>
				<timestamp>370.390380</timestamp>
			</report>
			<report>
				<misses>1197001</misses>
				<total>7</total>
				<timestamp>370.700037</timestamp>
			</report>
			<report>
				<misses>1198001</misses>
				<total>7</total>
				<timestamp>371.009726</timestamp>
			</report>
			<report>
				<misses>1199001</misses>
				<total>7</total>
				<timestamp>371.319426</timestamp>
			</report>
			<report>
				<misses>1200001</misses>
				<total>7</total>
				<timestamp>371.629129</timestamp>
			</report>
			<report>
				<misses>1201001</misses>
				<total>7</total>
				<timestamp>371.938809</timestamp>
			</report>
			<report>
				<misses>1202001</misses>
				<total>7</total>
				<timestamp>372.248517</timestamp>
			</report>
			<report>
				<misses>1203001</misses>
				<total>7</total>
				<timestamp>372.558189</timestamp>
			</report>
			<report>
				<misses>1204001</misses>
				<total>7</total>
				<timestamp>372.867853</timestamp>
			</report>
			<report>
				<misses>1205001</misses>
				<total>7</total>
				<timestamp>373.177567</timestamp>
			</report>
			<report>
				<misses>1206001</misses>
				<total>7</total>
				<timestamp>373.487248</timestamp>
			</report>
			<report>
				<misses>1207001</misses>
				<total>7</total>
				<timestamp>373.796921</timestamp>
			</report>
			<report>
				<misses>1208001</misses>
				<total>7</total>
				<timestamp>374.106669</timestamp>
			</report>
			<report>
				<misses>1209001</misses>
				<total>7</total>
				<timestamp>374.416340</timestamp>
			</report>
			<report>
				<misses>1210001</misses>
				<total>7</total>
				<timestamp>374.725993</timestamp>
			</report>
			<report>
				<misses>1211001</misses>
				<total>7</total>
				<timestamp>375.035700</timestamp>
			</report>
			<report>
				<misses>1212001</misses>
				<total>7</total>
				<timestamp>375.345387</timestamp>
			</report>
			<report>
				<misses>1213001</misses>
				<total>7</total>
				<timestamp>375.655070</timestamp>
			</report>
			<report>
				<misses>1214001</misses>
				<total>7</total>
				<timestamp>375.964761</timestamp>
			</report>
			<report>
				<misses>1215001</misses>
				<total>7</total>
				<timestamp>376.274495</timestamp>
			</report>
			<report>
				<misses>1216001</misses>
				<total>7</total>
				<timestamp>376.584150</timestamp>
			</report>
			<report>
				<misses>1217001</misses>
				<total>7</total>
				<timestamp>376.893845</timestamp>
			</report>
			<report>
				<misses>1218001</misses>
				<total>7</total>
				<timestamp>377.203547</timestamp>
			</report>
			<report>
				<misses>1219001</misses>
				<total>7</total>
				<timestamp>377.513202</timestamp>
			</report>
			<report>
				<misses>1220001</misses>
				<total>7</total>
				<timestamp>377.822902</timestamp>
			</report>
			<report>
				<misses>1221001</misses>
				<total>7</total>
				<timestamp>378.132611</timestamp>
			</report>
			<report>
				<misses>1222001</misses>
				<total>7</total>
				<timestamp>378.442345</timestamp>
			</report>
			<report>
				<misses>1223001</misses>
				<total>7</total>
				<timestamp>378.751967</timestamp>
			</report>
			<report>
				<misses>1224001</misses>
				<total>7</total>
				<timestamp>379.061648</timestamp>
			</report>
			<report>
				<misses>1225001</misses>
				<total>7</total>
				<timestamp>379.371382</timestamp>
			</report>
			<report>
				<misses>1226001</misses>
				<total>7</total>
				<timestamp>379.681041</timestamp>
			</report>
			<report>
				<misses>1227001</misses>
				<total>7</total>
				<timestamp>379.990720</timestamp>
			</report>
			<report>
				<misses>1228001</misses>
				<total>7</total>
				<timestamp>380.300457</timestamp>
			</report>
			<report>
				<misses>1229001</misses>
				<total>7</total>
				<timestamp>380.610104</timestamp>
			</report>
			<report>
				<misses>1230001</misses>
				<total>7</total>
				<timestamp>380.919834</timestamp>
			</report>
			<report>
				<misses>1231001</misses>
				<total>7</total>
				<timestamp>381.229537</timestamp>
			</report>
			<report>
				<misses>1232001</misses>
				<total>7</total>
				<timestamp>381.539205</timestamp>
			</report>
			<report>
				<misses>1233001</misses>
				<total>7</total>
				<timestamp>381.848878</timestamp>
			</report>
			<report>
				<misses>1234001</misses>
				<total>7</total>
				<timestamp>382.158561</timestamp>
			</report>
			<report>
				<misses>1235001</misses>
				<total>7</total>
				<timestamp>382.468293</timestamp>
			</report>
			<report>
				<misses>1236001</misses>
				<total>7</total>
				<timestamp>382.777956</timestamp>
			</report>
			<report>
				<misses>1237001</misses>
				<total>7</total>
				<timestamp>383.087697</timestamp>
			</report>
			<report>
				<misses>1238001</misses>
				<total>7</total>
				<timestamp>383.397362</timestamp>
			</report>
			<report>
				<misses>1239001</misses>
				<total>7</total>
				<timestamp>383.707033</timestamp>
			</report>
			<report>
				<misses>1240001</misses>
				<total>7</total>
				<timestamp>384.016699</timestamp>
			</report>
			<report>
				<misses>1241001</misses>
				<total>7</total>
				<timestamp>384.326394</timestamp>
			</report>
			<report>
				<misses>1242001</misses>
				<total>7</total>
				<timestamp>384.636093</timestamp>
			</report>
			<report>
				<misses>1243001</misses>
				<total>7</total>
				<timestamp>384.945807</timestamp>
			</report>
			<report>
				<misses>1244001</misses>
				<total>7</total>
				<timestamp>385.255473</timestamp>
			</report>
			<report>
				<misses>1245001</misses>
				<total>7</total>
				<timestamp>385.565147</timestamp>
			</report>
			<report>
				<misses>1246001</misses>
				<total>7</total>
				<timestamp>385.874854</timestamp>
			</report>
			<report>
				<misses>1247001</misses>
				<total>7</total>
				<timestamp>386.184553</timestamp>
			</report>
			<report>
				<misses>1248001</misses>
				<total>7</total>
				<timestamp>386.494259</timestamp>
			</report>
			<report>
				<misses>1249001</misses>
				<total>7</total>
				<timestamp>386.803927</timestamp>
			</report>
			<report>
				<misses>1250001</misses>
				<total>7</total>
				<timestamp>387.113612</timestamp>
			</report>
			<report>
				<misses>1251001</misses>
				<total>7</total>
				<timestamp>387.423338</timestamp>
			</report>
			<report>
				<misses>1252001</misses>
				<total>7</total>
				<timestamp>387.732993</timestamp>
			</report>
			<report>
				<misses>1253001</misses>
				<total>7</total>
				<timestamp>388.042687</timestamp>
			</report>
			<report>
				<misses>1254001</misses>
				<total>7</total>
				<timestamp>388.352393</timestamp>
			</report>
			<report>
				<misses>1255001</misses>
				<total>7</total>
				<timestamp>388.662052</timestamp>
			</report>
			<report>
				<misses>1256001</misses>
				<total>7</total>
				<timestamp>388.971753</timestamp>
			</report>
			<report>
				<misses>1257001</misses>
				<total>7</total>
				<timestamp>389.281442</timestamp>
			</report>
			<report>
				<misses>1258001</misses>
				<total>7</total>
				<timestamp>389.591134</timestamp>
			</report>
			<report>
				<misses>1259001</misses>
				<total>7</total>
				<timestamp>389.900816</timestamp>
			</report>
			<report>
				<misses>1260001</misses>
				<total>7</total>
				<timestamp>390.210520</timestamp>
			</report>
			<report>
				<misses>1261001</misses>
				<total>7</total>
				<timestamp>390.520196</timestamp>
			</report>
			<report>
				<misses>1262001</misses>
				<total>7</total>
				<timestamp>390.829905</timestamp>
			</report>
			<report>
				<misses>1263001</misses>
				<total>7</total>
				<timestamp>391.139594</timestamp>
			</report>
			<report>
				<misses>1264001</misses>
				<total>7</total>
				<timestamp>391.449299</timestamp>
			</report>
			<report>
				<misses>1265001</misses>
				<total>7</total>
				<timestamp>391.758973</timestamp>
			</report>
			<report>
				<misses>1266001</misses>
				<total>7</total>
				<timestamp>392.068648</timestamp>
			</report>
			<report>
				<misses>1267001</misses>
				<total>7</total>
				<timestamp>392.378357</timestamp>
			</report>
			<report>
				<misses>1268001</misses>
				<total>7</total>
				<timestamp>392.688044</timestamp>
			</report>
			<report>
				<misses>1269001</misses>
				<total>7</total>
				<timestamp>392.997721</timestamp>
			</report>
			<report>
				<misses>1270001</misses>
				<total>7</total>
				<timestamp>393.307456</timestamp>
			</report>
			<report>
				<misses>1271001</misses>
				<total>7</total>
				<timestamp>393.617093</timestamp>
			</report>
			<report>
				<misses>1272001</misses>
				<total>7</total>
				<timestamp>393.926825</timestamp>
			</report>
			<report>
				<misses>1273001</misses>
				<total>7</total>
				<timestamp>394.236494</timestamp>
			</report>
			<report>
				<misses>1274001</misses>
				<total>7</total>
				<timestamp>394.546169</timestamp>
			</report>
			<report>
				<misses>1275001</misses>
				<total>7</total>
				<timestamp>394.855841</timestamp>
			</report>
			<report>
				<misses>1276001</misses>
				<total>7</total>
				<timestamp>395.165586</timestamp>
			</report>
			<report>
				<misses>1277001</misses>
				<total>7</total>
				<timestamp>395.475247</timestamp>
			</report>
			<report>
				<misses>1278001</misses>
				<total>7</total>
				<timestamp>395.784923</timestamp>
			</report>
			<report>
				<misses>1279001</misses>
				<total>7</total>
				<timestamp>396.094630</timestamp>
			</report>
			<report>
				<misses>1280001</misses>
				<total>7</total>
				<timestamp>396.404351</timestamp>
			</report>
			<report>
				<misses>1281001</misses>
				<total>7</total>
				<timestamp>396.714007</timestamp>
			</report>
			<report>
				<misses>1282001</misses>
				<total>7</total>
				<timestamp>397.023706</timestamp>
			</report>
			<report>
				<misses>1283001</misses>
				<total>7</total>
				<timestamp>397.333384</timestamp>
			</report>
			<report>
				<misses>1284001</misses>
				<total>7</total>
				<timestamp>397.643067</timestamp>
			</report>
			<report>
				<misses>1285001</misses>
				<total>7</total>
				<timestamp>397.952747</timestamp>
			</report>
			<report>
				<misses>1286001</misses>
				<total>7</total>
				<timestamp>398.262442</timestamp>
			</report>
			<report>
				<misses>1287001</misses>
				<total>7</total>
				<timestamp>398.572119</timestamp>
			</report>
			<report>
				<misses>1288001</misses>
				<total>7</total>
				<timestamp>398.881856</timestamp>
			</report>
			<report>
				<misses>1289001</misses>
				<total>7</total>
				<timestamp>399.191566</timestamp>
			</report>
			<report>
				<misses>1290001</misses>
				<total>7</total>
				<timestamp>399.501260</timestamp>
			</report>
			<report>
				<misses>1291001</misses>
				<total>7</total>
				<timestamp>399.810886</timestamp>
			</report>
			<report>
				<misses>1292001</misses>
				<total>7</total>
				<timestamp>400.120639</timestamp>
			</report>
			<report>
				<misses>1293001</misses>
				<total>7</total>
				<timestamp>400.430304</timestamp>
			</report>
			<report>
				<misses>1294001</misses>
				<total>7</total>
				<timestamp>400.740037</timestamp>
			</report>
			<report>
				<misses>1295001</misses>
				<total>7</total>
				<timestamp>401.049662</timestamp>
			</report>
			<report>
				<misses>1296001</misses>
				<total>7</total>
				<timestamp>401.359363</timestamp>
			</report>
			<report>
				<misses>1297001</misses>
				<total>7</total>
				<timestamp>401.669033</timestamp>
			</report>
			<report>
				<misses>1298001</misses>
				<total>7</total>
				<timestamp>401.978758</timestamp>
			</report>
			<report>
				<misses>1299001</misses>
				<total>7</total>
				<timestamp>402.288410</timestamp>
			</report>
			<report>
				<misses>1300001</misses>
				<total>7</total>
				<timestamp>402.598111</timestamp>
			</report>
			<report>
				<misses>1301001</misses>
				<total>7</total>
				<timestamp>402.907857</timestamp>
			</report>
			<report>
				<misses>1302001</misses>
				<total>7</total>
				<timestamp>403.217510</timestamp>
			</report>
			<report>
				<misses>1303001</misses>
				<total>7</total>
				<timestamp>403.527189</timestamp>
			</report>
			<report>
				<misses>1304001</misses>
				<total>7</total>
				<timestamp>403.836852</timestamp>
			</report>
			<report>
				<misses>1305001</misses>
				<total>7</total>
				<timestamp>404.146572</timestamp>
			</report>
			<report>
				<misses>1306001</misses>
				<total>7</total>
				<timestamp>404.456280</timestamp>
			</report>
			<report>
				<misses>1307001</misses>
				<total>7</total>
				<timestamp>404.765936</timestamp>
			</report>
			<report>
				<misses>1308001</misses>
				<total>7</total>
				<timestamp>405.075610</timestamp>
			</report>
			<report>
				<misses>1309001</misses>
				<total>7</total>
				<timestamp>405.385340</timestamp>
			</report>
			<report>
				<misses>1310001</misses>
				<total>7</total>
				<timestamp>405.694988</timestamp>
			</report>
			<report>
				<misses>1311001</misses>
				<total>7</total>
				<timestamp>406.004718</timestamp>
			</report>
			<report>
				<misses>1312001</misses>
				<total>7</total>
				<timestamp>406.314396</timestamp>
			</report>
			<report>
				<misses>1313001</misses>
				<total>7</total>
				<timestamp>406.624135</timestamp>
			</report>
			<report>
				<misses>1314001</misses>
				<total>7</total>
				<timestamp>406.933801</timestamp>
			</report>
			<report>
				<misses>1315001</misses>
				<total>7</total>
				<timestamp>407.243473</timestamp>
			</report>
			<report>
				<misses>1316001</misses>
				<total>7</total>
				<timestamp>407.553168</timestamp>
			</report>
			<report>
				<misses>1317001</misses>
				<total>7</total>
				<timestamp>407.862853</timestamp>
			</report>
			<report>
				<misses>1318001</misses>
				<total>7</total>
				<timestamp>408.172538</timestamp>
			</report>
			<report>
				<misses>1319001</misses>
				<total>7</total>
				<timestamp>408.482207</timestamp>
			</report>
			<report>
				<misses>1320001</misses>
				<total>7</total>
				<timestamp>408.791960</timestamp>
			</report>
			<report>
				<misses>1321001</misses>
				<total>7</total>
				<timestamp>409.101595</timestamp>
			</report>
			<report>
				<misses>1322001</misses>
				<total>7</total>
				<timestamp>409.411314</timestamp>
			</report>
			<report>
				<misses>1323001</misses>
				<total>7</total>
				<timestamp>409.720995</timestamp>
			</report>
			<report>
				<misses>1324001</misses>
				<total>7</total>
				<timestamp>410.030692</timestamp>
			</report>
			<report>
				<misses>1325001</misses>
				<total>7</total>
				<timestamp>410.340365</timestamp>
			</report>
			<report>
				<misses>1326001</misses>
				<total>7</total>
				<timestamp>410.650093</timestamp>
			</report>
			<report>
				<misses>1327001</misses>
				<total>7</total>
				<timestamp>410.959735</timestamp>
			</report>
			<report>
				<misses>1328001</misses>
				<total>7</total>
				<timestamp>411.269438</timestamp>
			</report>
			<report>
				<misses>1329001</misses>
				<total>7</total>
				<timestamp>411.579140</timestamp>
			</report>
			<report>
				<misses>1330001</misses>
				<total>7</total>
				<timestamp>411.888817</timestamp>
			</report>
			<report>
				<misses>1331001</misses>
				<total>7</total>
				<timestamp>412.198530</timestamp>
			</report>
			<report>
				<misses>1332001</misses>
				<total>7</total>
				<timestamp>412.508205</timestamp>
			</report>
			<report>
				<misses>1333001</misses>
				<total>7</total>
				<timestamp>412.817910</timestamp>
			</report>
			<report>
				<misses>1334001</misses>
				<total>7</total>
				<timestamp>413.127633</timestamp>
			</report>
			<report>
				<misses>1335001</misses>
				<total>7</total>
				<timestamp>413.437264</timestamp>
			</report>
			<report>
				<misses>1336001</misses>
				<total>7</total>
				<timestamp>413.746946</timestamp>
			</report>
			<report>
				<misses>1337001</misses>
				<total>7</total>
				<timestamp>414.056674</timestamp>
			</report>
			<report>
				<misses>1338001</misses>
				<total>7</total>
				<timestamp>414.366349</timestamp>
			</report>
			<report>
				<misses>1339001</misses>
				<total>7</total>
				<timestamp>414.676025</timestamp>
			</report>
			<report>
				<misses>1340001</misses>
				<total>7</total>
				<timestamp>414.985705</timestamp>
			</report>
			<report>
				<misses>1341001</misses>
				<total>7</total>
				<timestamp>415.295388</timestamp>
			</report>
			<report>
				<misses>1342001</misses>
				<total>7</total>
				<timestamp>415.605133</timestamp>
			</report>
			<report>
				<misses>1343001</misses>
				<total>7</total>
				<timestamp>415.914781</timestamp>
			</report>
			<report>
				<misses>1344001</misses>
				<total>7</total>
				<timestamp>416.224494</timestamp>
			</report>
			<report>
				<misses>1345001</misses>
				<total>7</total>
				<timestamp>416.534153</timestamp>
			</report>
			<report>
				<misses>1346001</misses>
				<total>7</total>
				<timestamp>416.843849</timestamp>
			</report>
			<report>
				<misses>1347001</misses>
				<total>7</total>
				<timestamp>417.153560</timestamp>
			</report>
			<report>
				<misses>1348001</misses>
				<total>7</total>
				<timestamp>417.463254</timestamp>
			</report>
			<report>
				<misses>1349001</misses>
				<total>7</total>
				<timestamp>417.772924</timestamp>
			</report>
			<report>
				<misses>1350001</misses>
				<total>7</total>
				<timestamp>418.082623</timestamp>
			</report>
			<report>
				<misses>1351001</misses>
				<total>7</total>
				<timestamp>418.392300</timestamp>
			</report>
			<report>
				<misses>1352001</misses>
				<total>7</total>
				<timestamp>418.701980</timestamp>
			</report>
			<report>
				<misses>1353001</misses>
				<total>7</total>
				<timestamp>419.011683</timestamp>
			</report>
			<report>
				<misses>1354001</misses>
				<total>7</total>
				<timestamp>419.321368</timestamp>
			</report>
			<report>
				<misses>1355001</misses>
				<total>7</total>
				<timestamp>419.631093</timestamp>
			</report>
			<report>
				<misses>1356001</misses>
				<total>7</total>
				<timestamp>419.940750</timestamp>
			</report>
			<report>
				<misses>1357001</misses>
				<total>7</total>
				<timestamp>420.250448</timestamp>
			</report>
			<report>
				<misses>1358001</misses>
				<total>7</total>
				<timestamp>420.560131</timestamp>
			</report>
			<report>
				<misses>1359001</misses>
				<total>7</total>
				<timestamp>420.869810</timestamp>
			</report>
			<report>
				<misses>1360001</misses>
				<total>7</total>
				<timestamp>421.179506</timestamp>
			</report>
			<report>
				<misses>1361001</misses>
				<total>7</total>
				<timestamp>421.489212</timestamp>
			</report>
			<report>
				<misses>1362001</misses>
				<total>7</total>
				<timestamp>421.798892</timestamp>
			</report>
			<report>
				<misses>1363001</misses>
				<total>7</total>
				<timestamp>422.108597</timestamp>
			</report>
			<report>
				<misses>1364001</misses>
				<total>7</total>
				<timestamp>422.418263</timestamp>
			</report>
			<report>
				<misses>1365001</misses>
				<total>7</total>
				<timestamp>422.727958</timestamp>
			</report>
			<report>
				<misses>1366001</misses>
				<total>7</total>
				<timestamp>423.037663</timestamp>
			</report>
			<report>
				<misses>1367001</misses>
				<total>7</total>
				<timestamp>423.347353</timestamp>
			</report>
			<report>
				<misses>1368001</misses>
				<total>7</total>
				<timestamp>423.657032</timestamp>
			</report>
			<report>
				<misses>1369001</misses>
				<total>7</total>
				<timestamp>423.966720</timestamp>
			</report>
			<report>
				<misses>1370001</misses>
				<total>7</total>
				<timestamp>424.276443</timestamp>
			</report>
			<report>
				<misses>1371001</misses>
				<total>7</total>
				<timestamp>424.586103</timestamp>
			</report>
			<report>
				<misses>1372001</misses>
				<total>7</total>
				<timestamp>424.895780</timestamp>
			</report>
			<report>
				<misses>1373001</misses>
				<total>7</total>
				<timestamp>425.205484</timestamp>
			</report>
			<report>
				<misses>1374001</misses>
				<total>7</total>
				<timestamp>425.515179</timestamp>
			</report>
			<report>
				<misses>1375001</misses>
				<total>7</total>
				<timestamp>425.824884</timestamp>
			</report>
			<report>
				<misses>1376001</misses>
				<total>7</total>
				<timestamp>426.134571</timestamp>
			</report>
			<report>
				<misses>1377001</misses>
				<total>7</total>
				<timestamp>426.444242</timestamp>
			</report>
			<report>
				<misses>1378001</misses>
				<total>7</total>
				<timestamp>426.753919</timestamp>
			</report>
			<report>
				<misses>1379001</misses>
				<total>7</total>
				<timestamp>427.063632</timestamp>
			</report>
			<report>
				<misses>1380001</misses>
				<total>7</total>
				<timestamp>427.373288</timestamp>
			</report>
			<report>
				<misses>1381001</misses>
				<total>7</total>
				<timestamp>427.683027</timestamp>
			</report>
			<report>
				<misses>1382001</misses>
				<total>7</total>
				<timestamp>427.992703</timestamp>
			</report>
			<report>
				<misses>1383001</misses>
				<total>7</total>
				<timestamp>428.302380</timestamp>
			</report>
			<report>
				<misses>1384001</misses>
				<total>7</total>
				<timestamp>428.612078</timestamp>
			</report>
			<report>
				<misses>1385001</misses>
				<total>7</total>
				<timestamp>428.921761</timestamp>
			</report>
			<report>
				<misses>1386001</misses>
				<total>7</total>
				<timestamp>429.231470</timestamp>
			</report>
			<report>
				<misses>1387001</misses>
				<total>7</total>
				<timestamp>429.541200</timestamp>
			</report>
			<report>
				<misses>1388001</misses>
				<total>7</total>
				<timestamp>429.850831</timestamp>
			</report>
			<report>
				<misses>1389001</misses>
				<total>7</total>
				<timestamp>430.160564</timestamp>
			</report>
			<report>
				<misses>1390001</misses>
				<total>7</total>
				<timestamp>430.470198</timestamp>
			</report>
			<report>
				<misses>1391001</misses>
				<total>7</total>
				<timestamp>430.779905</timestamp>
			</report>
			<report>
				<misses>1392001</misses>
				<total>7</total>
				<timestamp>431.089584</timestamp>
			</report>
			<report>
				<misses>1393001</misses>
				<total>7</total>
				<timestamp>431.399270</timestamp>
			</report>
			<report>
				<misses>1394001</misses>
				<total>7</total>
				<timestamp>431.708993</timestamp>
			</report>
			<report>
				<misses>1395001</misses>
				<total>7</total>
				<timestamp>432.018658</timestamp>
			</report>
			<report>
				<misses>1396001</misses>
				<total>7</total>
				<timestamp>432.328345</timestamp>
			</report>
			<report>
				<misses>1397001</misses>
				<total>7</total>
				<timestamp>432.638096</timestamp>
			</report>
			<report>
				<misses>1398001</misses>
				<total>7</total>
				<timestamp>432.947756</timestamp>
			</report>
			<report>
				<misses>1399001</misses>
				<total>7</total>
				<timestamp>433.257425</timestamp>
			</report>
			<report>
				<misses>1400001</misses>
				<total>7</total>
				<timestamp>433.567134</timestamp>
			</report>
			<report>
				<misses>1401001</misses>
				<total>7</total>
				<timestamp>433.876834</timestamp>
			</report>
			<report>
				<misses>1402001</misses>
				<total>7</total>
				<timestamp>434.186515</timestamp>
			</report>
			<report>
				<misses>1403001</misses>
				<total>7</total>
				<timestamp>434.496180</timestamp>
			</report>
			<report>
				<misses>1404001</misses>
				<total>7</total>
				<timestamp>434.805885</timestamp>
			</report>
			<report>
				<misses>1405001</misses>
				<total>7</total>
				<timestamp>435.115549</timestamp>
			</report>
			<report>
				<misses>1406001</misses>
				<total>7</total>
				<timestamp>435.425244</timestamp>
			</report>
			<report>
				<misses>1407001</misses>
				<total>7</total>
				<timestamp>435.734976</timestamp>
			</report>
			<report>
				<misses>1408001</misses>
				<total>7</total>
				<timestamp>436.044618</timestamp>
			</report>
			<report>
				<misses>1409001</misses>
				<total>7</total>
				<timestamp>436.354374</timestamp>
			</report>
			<report>
				<misses>1410001</misses>
				<total>7</total>
				<timestamp>436.664077</timestamp>
			</report>
			<report>
				<misses>1411001</misses>
				<total>7</total>
				<timestamp>436.973707</timestamp>
			</report>
			<report>
				<misses>1412001</misses>
				<total>7</total>
				<timestamp>437.283413</timestamp>
			</report>
			<report>
				<misses>1413001</misses>
				<total>7</total>
				<timestamp>437.593120</timestamp>
			</report>
			<report>
				<misses>1414001</misses>
				<total>7</total>
				<timestamp>437.902755</timestamp>
			</report>
			<report>
				<misses>1415001</misses>
				<total>7</total>
				<timestamp>438.212464</timestamp>
			</report>
			<report>
				<misses>1416001</misses>
				<total>7</total>
				<timestamp>438.522131</timestamp>
			</report>
			<report>
				<misses>1417001</misses>
				<total>7</total>
				<timestamp>438.831831</timestamp>
			</report>
			<report>
				<misses>1418001</misses>
				<total>7</total>
				<timestamp>439.141514</timestamp>
			</report>
			<report>
				<misses>1419001</misses>
				<total>7</total>
				<timestamp>439.451213</timestamp>
			</report>
			<report>
				<misses>1420001</misses>
				<total>7</total>
				<timestamp>439.760903</timestamp>
			</report>
			<report>
				<misses>1421001</misses>
				<total>7</total>
				<timestamp>440.070634</timestamp>
			</report>
			<report>
				<misses>1422001</misses>
				<total>7</total>
				<timestamp>440.380275</timestamp>
			</report>
			<report>
				<misses>1423001</misses>
				<total>7</total>
				<timestamp>440.689998</timestamp>
			</report>
			<report>
				<misses>1424001</misses>
				<total>7</total>
				<timestamp>440.999684</timestamp>
			</report>
			<report>
				<misses>1425001</misses>
				<total>7</total>
				<timestamp>441.309347</timestamp>
			</report>
			<report>
				<misses>1426001</misses>
				<total>7</total>
				<timestamp>441.619074</timestamp>
			</report>
			<report>
				<misses>1427001</misses>
				<total>7</total>
				<timestamp>441.928750</timestamp>
			</report>
			<report>
				<misses>1428001</misses>
				<total>7</total>
				<timestamp>442.238442</timestamp>
			</report>
			<report>
				<misses>1429001</misses>
				<total>7</total>
				<timestamp>442.548134</timestamp>
			</report>
			<report>
				<misses>1430001</misses>
				<total>7</total>
				<timestamp>442.857824</timestamp>
			</report>
			<report>
				<misses>1431001</misses>
				<total>7</total>
				<timestamp>443.167510</timestamp>
			</report>
			<report>
				<misses>1432001</misses>
				<total>7</total>
				<timestamp>443.477203</timestamp>
			</report>
			<report>
				<misses>1433001</misses>
				<total>7</total>
				<timestamp>443.786956</timestamp>
			</report>
			<report>
				<misses>1434001</misses>
				<total>7</total>
				<timestamp>444.096563</timestamp>
			</report>
			<report>
				<misses>1435001</misses>
				<total>7</total>
				<timestamp>444.406266</timestamp>
			</report>
			<report>
				<misses>1436001</misses>
				<total>7</total>
				<timestamp>444.715968</timestamp>
			</report>
			<report>
				<misses>1437001</misses>
				<total>7</total>
				<timestamp>445.025617</timestamp>
			</report>
			<report>
				<misses>1438001</misses>
				<total>7</total>
				<timestamp>445.335348</timestamp>
			</report>
			<report>
				<misses>1439001</misses>
				<total>7</total>
				<timestamp>445.645025</timestamp>
			</report>
			<report>
				<misses>1440001</misses>
				<total>7</total>
				<timestamp>445.954695</timestamp>
			</report>
			<report>
				<misses>1441001</misses>
				<total>7</total>
				<timestamp>446.264403</timestamp>
			</report>
			<report>
				<misses>1442001</misses>
				<total>7</total>
				<timestamp>446.574085</timestamp>
			</report>
			<report>
				<misses>1443001</misses>
				<total>7</total>
				<timestamp>446.883770</timestamp>
			</report>
			<report>
				<misses>1444001</misses>
				<total>7</total>
				<timestamp>447.193515</timestamp>
			</report>
			<report>
				<misses>1445001</misses>
				<total>7</total>
				<timestamp>447.503174</timestamp>
			</report>
			<report>
				<misses>1446001</misses>
				<total>7</total>
				<timestamp>447.812837</timestamp>
			</report>
			<report>
				<misses>1447001</misses>
				<total>7</total>
				<timestamp>448.122562</timestamp>
			</report>
			<report>
				<misses>1448001</misses>
				<total>7</total>
				<timestamp>448.432241</timestamp>
			</report>
			<report>
				<misses>1449001</misses>
				<total>7</total>
				<timestamp>448.742018</timestamp>
			</report>
			<report>
				<misses>1450001</misses>
				<total>7</total>
				<timestamp>449.051653</timestamp>
			</report>
			<report>
				<misses>1451001</misses>
				<total>7</total>
				<timestamp>449.361314</timestamp>
			</report>
			<report>
				<misses>1452001</misses>
				<total>7</total>
				<timestamp>449.671045</timestamp>
			</report>
			<report>
				<misses>1453001</misses>
				<total>7</total>
				<timestamp>449.980681</timestamp>
			</report>
			<report>
				<misses>1454001</misses>
				<total>7</total>
				<timestamp>450.290404</timestamp>
			</report>
			<report>
				<misses>1455001</misses>
				<total>7</total>
				<timestamp>450.600058</timestamp>
			</report>
			<report>
				<misses>1456001</misses>
				<total>7</total>
				<timestamp>450.909759</timestamp>
			</report>
			<report>
				<misses>1457001</misses>
				<total>7</total>
				<timestamp>451.219451</timestamp>
			</report>
			<report>
				<misses>1458001</misses>
				<total>7</total>
				<timestamp>451.529128</timestamp>
			</report>
			<report>
				<misses>1459001</misses>
				<total>7</total>
				<timestamp>451.838825</timestamp>
			</report>
			<report>
				<misses>1460001</misses>
				<total>7</total>
				<timestamp>452.148509</timestamp>
			</report>
			<report>
				<misses>1461001</misses>
				<total>7</total>
				<timestamp>452.458198</timestamp>
			</report>
			<report>
				<misses>1462001</misses>
				<total>7</total>
				<timestamp>452.767935</timestamp>
			</report>
			<report>
				<misses>1463001</misses>
				<total>7</total>
				<timestamp>453.077568</timestamp>
			</report>
			<report>
				<misses>1464001</misses>
				<total>7</total>
				<timestamp>453.387281</timestamp>
			</report>
			<report>
				<misses>1465001</misses>
				<total>7</total>
				<timestamp>453.696954</timestamp>
			</report>
			<report>
				<misses>1466001</misses>
				<total>7</total>
				<timestamp>454.006657</timestamp>
			</report>
			<report>
				<misses>1467001</misses>
				<total>7</total>
				<timestamp>454.316337</timestamp>
			</report>
			<report>
				<misses>1468001</misses>
				<total>7</total>
				<timestamp>454.626051</timestamp>
			</report>
			<report>
				<misses>1469001</misses>
				<total>7</total>
				<timestamp>454.935723</timestamp>
			</report>
			<report>
				<misses>1470001</misses>
				<total>7</total>
				<timestamp>455.245419</timestamp>
			</report>
			<report>
				<misses>1471001</misses>
				<total>7</total>
				<timestamp>455.555078</timestamp>
			</report>
			<report>
				<misses>1472001</misses>
				<total>7</total>
				<timestamp>455.864819</timestamp>
			</report>
			<report>
				<misses>1473001</misses>
				<total>7</total>
				<timestamp>456.174490</timestamp>
			</report>
			<report>
				<misses>1474001</misses>
				<total>7</total>
				<timestamp>456.484164</timestamp>
			</report>
			<report>
				<misses>1475001</misses>
				<total>7</total>
				<timestamp>456.793888</timestamp>
			</report>
			<report>
				<misses>1476001</misses>
				<total>7</total>
				<timestamp>457.103546</timestamp>
			</report>
			<report>
				<misses>1477001</misses>
				<total>7</total>
				<timestamp>457.413277</timestamp>
			</report>
			<report>
				<misses>1478001</misses>
				<total>7</total>
				<timestamp>457.722953</timestamp>
			</report>
			<report>
				<misses>1479001</misses>
				<total>7</total>
				<timestamp>458.032672</timestamp>
			</report>
			<report>
				<misses>1480001</misses>
				<total>7</total>
				<timestamp>458.342320</timestamp>
			</report>
			<report>
				<misses>1481001</misses>
				<total>7</total>
				<timestamp>458.652012</timestamp>
			</report>
			<report>
				<misses>1482001</misses>
				<total>7</total>
				<timestamp>458.961706</timestamp>
			</report>
			<report>
				<misses>1483001</misses>
				<total>7</total>
				<timestamp>459.271378</timestamp>
			</report>
			<report>
				<misses>1484001</misses>
				<total>7</total>
				<timestamp>459.581073</timestamp>
			</report>
			<report>
				<misses>1485001</misses>
				<total>7</total>
				<timestamp>459.890797</timestamp>
			</report>
			<report>
				<misses>1486001</misses>
				<total>7</total>
				<timestamp>460.200444</timestamp>
			</report>
			<report>
				<misses>1487001</misses>
				<total>7</total>
				<timestamp>460.510135</timestamp>
			</report>
			<report>
				<misses>1488001</misses>
				<total>7</total>
				<timestamp>460.819858</timestamp>
			</report>
			<report>
				<misses>1489001</misses>
				<total>7</total>
				<timestamp>461.129563</timestamp>
			</report>
			<report>
				<misses>1490001</misses>
				<total>7</total>
				<timestamp>461.439236</timestamp>
			</report>
			<report>
				<misses>1491001</misses>
				<total>7</total>
				<timestamp>461.748891</timestamp>
			</report>
			<report>
				<misses>1492001</misses>
				<total>7</total>
				<timestamp>462.058598</timestamp>
			</report>
			<report>
				<misses>1493001</misses>
				<total>7</total>
				<timestamp>462.368317</timestamp>
			</report>
			<report>
				<misses>1494001</misses>
				<total>7</total>
				<timestamp>462.678053</timestamp>
			</report>
			<report>
				<misses>1495001</misses>
				<total>7</total>
				<timestamp>462.987704</timestamp>
			</report>
			<report>
				<misses>1496001</misses>
				<total>7</total>
				<timestamp>463.297354</timestamp>
			</report>
			<report>
				<misses>1497001</misses>
				<total>7</total>
				<timestamp>463.607054</timestamp>
			</report>
			<report>
				<misses>1498001</misses>
				<total>7</total>
				<timestamp>463.916738</timestamp>
			</report>
			<report>
				<misses>1499001</misses>
				<total>7</total>
				<timestamp>464.226408</timestamp>
			</report>
			<report>
				<misses>1500001</misses>
				<total>7</total>
				<timestamp>464.536118</timestamp>
			</report>
			<report>
				<misses>1501001</misses>
				<total>7</total>
				<timestamp>464.845801</timestamp>
			</report>
			<report>
				<misses>1502001</misses>
				<total>7</total>
				<timestamp>465.155504</timestamp>
			</report>
			<report>
				<misses>1503001</misses>
				<total>7</total>
				<timestamp>465.465179</timestamp>
			</report>
			<report>
				<misses>1504001</misses>
				<total>7</total>
				<timestamp>465.774904</timestamp>
			</report>
			<report>
				<misses>1505001</misses>
				<total>7</total>
				<timestamp>466.084570</timestamp>
			</report>
			<report>
				<misses>1506001</misses>
				<total>7</total>
				<timestamp>466.394253</timestamp>
			</report>
			<report>
				<misses>1507001</misses>
				<total>7</total>
				<timestamp>466.703988</timestamp>
			</report>
			<report>
				<misses>1508001</misses>
				<total>7</total>
				<timestamp>467.013626</timestamp>
			</report>
			<report>
				<misses>1509001</misses>
				<total>7</total>
				<timestamp>467.323350</timestamp>
			</report>
			<report>
				<misses>1510001</misses>
				<total>7</total>
				<timestamp>467.633019</timestamp>
			</report>
			<report>
				<misses>1511001</misses>
				<total>7</total>
				<timestamp>467.942712</timestamp>
			</report>
			<report>
				<misses>1512001</misses>
				<total>7</total>
				<timestamp>468.252410</timestamp>
			</report>
			<report>
				<misses>1513001</misses>
				<total>7</total>
				<timestamp>468.562071</timestamp>
			</report>
			<report>
				<misses>1514001</misses>
				<total>7</total>
				<timestamp>468.871820</timestamp>
			</report>
			<report>
				<misses>1515001</misses>
				<total>7</total>
				<timestamp>469.181495</timestamp>
			</report>
			<report>
				<misses>1516001</misses>
				<total>7</total>
				<timestamp>469.491183</timestamp>
			</report>
			<report>
				<misses>1517001</misses>
				<total>7</total>
				<timestamp>469.800831</timestamp>
			</report>
			<report>
				<misses>1518001</misses>
				<total>7</total>
				<timestamp>470.110536</timestamp>
			</report>
			<report>
				<misses>1519001</misses>
				<total>7</total>
				<timestamp>470.420211</timestamp>
			</report>
			<report>
				<misses>1520001</misses>
				<total>7</total>
				<timestamp>470.729926</timestamp>
			</report>
			<report>
				<misses>1521001</misses>
				<total>7</total>
				<timestamp>471.039623</timestamp>
			</report>
			<report>
				<misses>1522001</misses>
				<total>7</total>
				<timestamp>471.349293</timestamp>
			</report>
			<report>
				<misses>1523001</misses>
				<total>7</total>
				<timestamp>471.658959</timestamp>
			</report>
			<report>
				<misses>1524001</misses>
				<total>7</total>
				<timestamp>471.968651</timestamp>
			</report>
			<report>
				<misses>1525001</misses>
				<total>7</total>
				<timestamp>472.278353</timestamp>
			</report>
			<report>
				<misses>1526001</misses>
				<total>7</total>
				<timestamp>472.588102</timestamp>
			</report>
			<report>
				<misses>1527001</misses>
				<total>7</total>
				<timestamp>472.897770</timestamp>
			</report>
			<report>
				<misses>1528001</misses>
				<total>7</total>
				<timestamp>473.207423</timestamp>
			</report>
			<report>
				<misses>1529001</misses>
				<total>7</total>
				<timestamp>473.517111</timestamp>
			</report>
			<report>
				<misses>1530001</misses>
				<total>7</total>
				<timestamp>473.826821</timestamp>
			</report>
			<report>
				<misses>1531001</misses>
				<total>7</total>
				<timestamp>474.136527</timestamp>
			</report>
			<report>
				<misses>1532001</misses>
				<total>7</total>
				<timestamp>474.446235</timestamp>
			</report>
			<report>
				<misses>1533001</misses>
				<total>7</total>
				<timestamp>474.755888</timestamp>
			</report>
			<report>
				<misses>1534001</misses>
				<total>7</total>
				<timestamp>475.065558</timestamp>
			</report>
			<report>
				<misses>1535001</misses>
				<total>7</total>
				<timestamp>475.375268</timestamp>
			</report>
			<report>
				<misses>1536001</misses>
				<total>7</total>
				<timestamp>475.684964</timestamp>
			</report>
			<report>
				<misses>1537001</misses>
				<total>7</total>
				<timestamp>475.994816</timestamp>
			</report>
			<report>
				<misses>1538001</misses>
				<total>7</total>
				<timestamp>476.304328</timestamp>
			</report>
			<report>
				<misses>1539001</misses>
				<total>7</total>
				<timestamp>476.614017</timestamp>
			</report>
			<report>
				<misses>1540001</misses>
				<total>7</total>
				<timestamp>476.923747</timestamp>
			</report>
			<report>
				<misses>1541001</misses>
				<total>7</total>
				<timestamp>477.233417</timestamp>
			</report>
			<report>
				<misses>1542001</misses>
				<total>7</total>
				<timestamp>477.543075</timestamp>
			</report>
			<report>
				<misses>1543001</misses>
				<total>7</total>
				<timestamp>477.852770</timestamp>
			</report>
			<report>
				<misses>1544001</misses>
				<total>7</total>
				<timestamp>478.162491</timestamp>
			</report>
			<report>
				<misses>1545001</misses>
				<total>7</total>
				<timestamp>478.472174</timestamp>
			</report>
			<report>
				<misses>1546001</misses>
				<total>7</total>
				<timestamp>478.781875</timestamp>
			</report>
			<report>
				<misses>1547001</misses>
				<total>7</total>
				<timestamp>479.091536</timestamp>
			</report>
			<report>
				<misses>1548001</misses>
				<total>7</total>
				<timestamp>479.401318</timestamp>
			</report>
			<report>
				<misses>1549001</misses>
				<total>7</total>
				<timestamp>479.710936</timestamp>
			</report>
			<report>
				<misses>1550001</misses>
				<total>7</total>
				<timestamp>480.020641</timestamp>
			</report>
			<report>
				<misses>1551001</misses>
				<total>7</total>
				<timestamp>480.330308</timestamp>
			</report>
			<report>
				<misses>1552001</misses>
				<total>7</total>
				<timestamp>480.640000</timestamp>
			</report>
			<report>
				<misses>1553001</misses>
				<total>7</total>
				<timestamp>480.949712</timestamp>
			</report>
			<report>
				<misses>1554001</misses>
				<total>7</total>
				<timestamp>481.259375</timestamp>
			</report>
			<report>
				<misses>1555001</misses>
				<total>7</total>
				<timestamp>481.569051</timestamp>
			</report>
			<report>
				<misses>1556001</misses>
				<total>7</total>
				<timestamp>481.878784</timestamp>
			</report>
			<report>
				<misses>1557001</misses>
				<total>7</total>
				<timestamp>482.188424</timestamp>
			</report>
			<report>
				<misses>1558001</misses>
				<total>7</total>
				<timestamp>482.498138</timestamp>
			</report>
			<report>
				<misses>1559001</misses>
				<total>7</total>
				<timestamp>482.807862</timestamp>
			</report>
			<report>
				<misses>1560001</misses>
				<total>7</total>
				<timestamp>483.117516</timestamp>
			</report>
			<report>
				<misses>1561001</misses>
				<total>7</total>
				<timestamp>483.427222</timestamp>
			</report>
			<report>
				<misses>1562001</misses>
				<total>7</total>
				<timestamp>483.736918</timestamp>
			</report>
			<report>
				<misses>1563001</misses>
				<total>7</total>
				<timestamp>484.046555</timestamp>
			</report>
			<report>
				<misses>1564001</misses>
				<total>7</total>
				<timestamp>484.356293</timestamp>
			</report>
			<report>
				<misses>1565001</misses>
				<total>7</total>
				<timestamp>484.665948</timestamp>
			</report>
			<report>
				<misses>1566001</misses>
				<total>7</total>
				<timestamp>484.975666</timestamp>
			</report>
			<report>
				<misses>1567001</misses>
				<total>7</total>
				<timestamp>485.285369</timestamp>
			</report>
			<report>
				<misses>1568001</misses>
				<total>7</total>
				<timestamp>485.595028</timestamp>
			</report>
			<report>
				<misses>1569001</misses>
				<total>7</total>
				<timestamp>485.904738</timestamp>
			</report>
			<report>
				<misses>1570001</misses>
				<total>7</total>
				<timestamp>486.214421</timestamp>
			</report>
			<report>
				<misses>1571001</misses>
				<total>7</total>
				<timestamp>486.524100</timestamp>
			</report>
			<report>
				<misses>1572001</misses>
				<total>7</total>
				<timestamp>486.833804</timestamp>
			</report>
			<report>
				<misses>1573001</misses>
				<total>7</total>
				<timestamp>487.143499</timestamp>
			</report>
			<report>
				<misses>1574001</misses>
				<total>7</total>
				<timestamp>487.453207</timestamp>
			</report>
			<report>
				<misses>1575001</misses>
				<total>7</total>
				<timestamp>487.762852</timestamp>
			</report>
			<report>
				<misses>1576001</misses>
				<total>7</total>
				<timestamp>488.072523</timestamp>
			</report>
			<report>
				<misses>1577001</misses>
				<total>7</total>
				<timestamp>488.382237</timestamp>
			</report>
			<report>
				<misses>1578001</misses>
				<total>7</total>
				<timestamp>488.691927</timestamp>
			</report>
			<report>
				<misses>1579001</misses>
				<total>7</total>
				<timestamp>489.001686</timestamp>
			</report>
			<report>
				<misses>1580001</misses>
				<total>7</total>
				<timestamp>489.311319</timestamp>
			</report>
			<report>
				<misses>1581001</misses>
				<total>7</total>
				<timestamp>489.620995</timestamp>
			</report>
			<report>
				<misses>1582001</misses>
				<total>7</total>
				<timestamp>489.930731</timestamp>
			</report>
			<report>
				<misses>1583001</misses>
				<total>7</total>
				<timestamp>490.240386</timestamp>
			</report>
			<report>
				<misses>1584001</misses>
				<total>7</total>
				<timestamp>490.550069</timestamp>
			</report>
			<report>
				<misses>1585001</misses>
				<total>7</total>
				<timestamp>490.859742</timestamp>
			</report>
			<report>
				<misses>1586001</misses>
				<total>7</total>
				<timestamp>491.169470</timestamp>
			</report>
			<report>
				<misses>1587001</misses>
				<total>7</total>
				<timestamp>491.479160</timestamp>
			</report>
			<report>
				<misses>1588001</misses>
				<total>7</total>
				<timestamp>491.788841</timestamp>
			</report>
			<report>
				<misses>1589001</misses>
				<total>7</total>
				<timestamp>492.098522</timestamp>
			</report>
			<report>
				<misses>1590001</misses>
				<total>7</total>
				<timestamp>492.408224</timestamp>
			</report>
			<report>
				<misses>1591001</misses>
				<total>7</total>
				<timestamp>492.717879</timestamp>
			</report>
			<report>
				<misses>1592001</misses>
				<total>7</total>
				<timestamp>493.027594</timestamp>
			</report>
			<report>
				<misses>1593001</misses>
				<total>7</total>
				<timestamp>493.337285</timestamp>
			</report>
			<report>
				<misses>1594001</misses>
				<total>7</total>
				<timestamp>493.646954</timestamp>
			</report>
			<report>
				<misses>1595001</misses>
				<total>7</total>
				<timestamp>493.956674</timestamp>
			</report>
			<report>
				<misses>1596001</misses>
				<total>7</total>
				<timestamp>494.266391</timestamp>
			</report>
			<report>
				<misses>1597001</misses>
				<total>7</total>
				<timestamp>494.576040</timestamp>
			</report>
			<report>
				<misses>1598001</misses>
				<total>7</total>
				<timestamp>494.885769</timestamp>
			</report>
			<report>
				<misses>1599001</misses>
				<total>7</total>
				<timestamp>495.195409</timestamp>
			</report>
			<report>
				<misses>1600001</misses>
				<total>7</total>
				<timestamp>495.505120</timestamp>
			</report>
			<report>
				<misses>1601001</misses>
				<total>7</total>
				<timestamp>495.814810</timestamp>
			</report>
			<report>
				<misses>1602001</misses>
				<total>7</total>
				<timestamp>496.124536</timestamp>
			</report>
			<report>
				<misses>1603001</misses>
				<total>7</total>
				<timestamp>496.434226</timestamp>
			</report>
			<report>
				<misses>1604001</misses>
				<total>7</total>
				<timestamp>496.743883</timestamp>
			</report>
			<report>
				<misses>1605001</misses>
				<total>7</total>
				<timestamp>497.053561</timestamp>
			</report>
			<report>
				<misses>1606001</misses>
				<total>7</total>
				<timestamp>497.363267</timestamp>
			</report>
			<report>
				<misses>1607001</misses>
				<total>7</total>
				<timestamp>497.672930</timestamp>
			</report>
			<report>
				<misses>1608001</misses>
				<total>7</total>
				<timestamp>497.982670</timestamp>
			</report>
			<report>
				<misses>1609001</misses>
				<total>7</total>
				<timestamp>498.292346</timestamp>
			</report>
			<report>
				<misses>1610001</misses>
				<total>7</total>
				<timestamp>498.602014</timestamp>
			</report>
			<report>
				<misses>1611001</misses>
				<total>7</total>
				<timestamp>498.911730</timestamp>
			</report>
			<report>
				<misses>1612001</misses>
				<total>7</total>
				<timestamp>499.221399</timestamp>
			</report>
			<report>
				<misses>1613001</misses>
				<total>7</total>
				<timestamp>499.531130</timestamp>
			</report>
			<report>
				<misses>1614001</misses>
				<total>7</total>
				<timestamp>499.840776</timestamp>
			</report>
			<report>
				<misses>1615001</misses>
				<total>7</total>
				<timestamp>500.150489</timestamp>
			</report>
			<report>
				<misses>1616001</misses>
				<total>7</total>
				<timestamp>500.460157</timestamp>
			</report>
			<report>
				<misses>1617001</misses>
				<total>7</total>
				<timestamp>500.769833</timestamp>
			</report>
			<report>
				<misses>1618001</misses>
				<total>7</total>
				<timestamp>501.079581</timestamp>
			</report>
			<report>
				<misses>1619001</misses>
				<total>8</total>
				<timestamp>501.389216</timestamp>
			</report>
			<report>
				<misses>1620001</misses>
				<total>8</total>
				<timestamp>501.698899</timestamp>
			</report>
			<report>
				<misses>1621001</misses>
				<total>8</total>
				<timestamp>502.008656</timestamp>
			</report>
			<report>
				<misses>1622001</misses>
				<total>8</total>
				<timestamp>502.318283</timestamp>
			</report>
			<report>
				<misses>1623001</misses>
				<total>8</total>
				<timestamp>502.627985</timestamp>
			</report>
			<report>
				<misses>1624001</misses>
				<total>8</total>
				<timestamp>502.937699</timestamp>
			</report>
			<report>
				<misses>1625001</misses>
				<total>8</total>
				<timestamp>503.247369</timestamp>
			</report>
			<report>
				<misses>1626001</misses>
				<total>8</total>
				<timestamp>503.557062</timestamp>
			</report>
			<report>
				<misses>1627001</misses>
				<total>8</total>
				<timestamp>503.866747</timestamp>
			</report>
			<report>
				<misses>1628001</misses>
				<total>8</total>
				<timestamp>504.176436</timestamp>
			</report>
			<report>
				<misses>1629001</misses>
				<total>8</total>
				<timestamp>504.486119</timestamp>
			</report>
			<report>
				<misses>1630001</misses>
				<total>8</total>
				<timestamp>504.795815</timestamp>
			</report>
			<report>
				<misses>1631001</misses>
				<total>8</total>
				<timestamp>505.105552</timestamp>
			</report>
			<report>
				<misses>1632001</misses>
				<total>8</total>
				<timestamp>505.415235</timestamp>
			</report>
			<report>
				<misses>1633001</misses>
				<total>8</total>
				<timestamp>505.724883</timestamp>
			</report>
			<report>
				<misses>1634001</misses>
				<total>8</total>
				<timestamp>506.034568</timestamp>
			</report>
			<report>
				<misses>1635001</misses>
				<total>8</total>
				<timestamp>506.344265</timestamp>
			</report>
			<report>
				<misses>1636001</misses>
				<total>8</total>
				<timestamp>506.653950</timestamp>
			</report>
			<report>
				<misses>1637001</misses>
				<total>8</total>
				<timestamp>506.963697</timestamp>
			</report>
			<report>
				<misses>1638001</misses>
				<total>8</total>
				<timestamp>507.273327</timestamp>
			</report>
			<report>
				<misses>1639001</misses>
				<total>8</total>
				<timestamp>507.583072</timestamp>
			</report>
			<report>
				<misses>1640001</misses>
				<total>8</total>
				<timestamp>507.892705</timestamp>
			</report>
			<report>
				<misses>1641001</misses>
				<total>8</total>
				<timestamp>508.202426</timestamp>
			</report>
			<report>
				<misses>1642001</misses>
				<total>8</total>
				<timestamp>508.512099</timestamp>
			</report>
			<report>
				<misses>1643001</misses>
				<total>8</total>
				<timestamp>508.821776</timestamp>
			</report>
			<report>
				<misses>1644001</misses>
				<total>8</total>
				<timestamp>509.131475</timestamp>
			</report>
			<report>
				<misses>1645001</misses>
				<total>8</total>
				<timestamp>509.441157</timestamp>
			</report>
			<report>
				<misses>1646001</misses>
				<total>8</total>
				<timestamp>509.750839</timestamp>
			</report>
			<report>
				<misses>1647001</misses>
				<total>8</total>
				<timestamp>510.060559</timestamp>
			</report>
			<report>
				<misses>1648001</misses>
				<total>8</total>
				<timestamp>510.370242</timestamp>
			</report>
			<report>
				<misses>1649001</misses>
				<total>8</total>
				<timestamp>510.679936</timestamp>
			</report>
			<report>
				<misses>1650001</misses>
				<total>8</total>
				<timestamp>510.989665</timestamp>
			</report>
			<report>
				<misses>1651001</misses>
				<total>8</total>
				<timestamp>511.299291</timestamp>
			</report>
			<report>
				<misses>1652001</misses>
				<total>8</total>
				<timestamp>511.609023</timestamp>
			</report>
			<report>
				<misses>1653001</misses>
				<total>8</total>
				<timestamp>511.918678</timestamp>
			</report>
			<report>
				<misses>1654001</misses>
				<total>8</total>
				<timestamp>512.228372</timestamp>
			</report>
			<report>
				<misses>1655001</misses>
				<total>8</total>
				<timestamp>512.538051</timestamp>
			</report>
			<report>
				<misses>1656001</misses>
				<total>8</total>
				<timestamp>512.847756</timestamp>
			</report>
			<report>
				<misses>1657001</misses>
				<total>8</total>
				<timestamp>513.157463</timestamp>
			</report>
			<report>
				<misses>1658001</misses>
				<total>8</total>
				<timestamp>513.467143</timestamp>
			</report>
			<report>
				<misses>1659001</misses>
				<total>8</total>
				<timestamp>513.776832</timestamp>
			</report>
			<report>
				<misses>1660001</misses>
				<total>8</total>
				<timestamp>514.086567</timestamp>
			</report>
			<report>
				<misses>1661001</misses>
				<total>8</total>
				<timestamp>514.396201</timestamp>
			</report>
			<report>
				<misses>1662001</misses>
				<total>8</total>
				<timestamp>514.705930</timestamp>
			</report>
			<report>
				<misses>1663001</misses>
				<total>8</total>
				<timestamp>515.015651</timestamp>
			</report>
			<report>
				<misses>1664001</misses>
				<total>8</total>
				<timestamp>515.325298</timestamp>
			</report>
			<report>
				<misses>1665001</misses>
				<total>8</total>
				<timestamp>515.634960</timestamp>
			</report>
			<report>
				<misses>1666001</misses>
				<total>8</total>
				<timestamp>515.944703</timestamp>
			</report>
			<report>
				<misses>1667001</misses>
				<total>8</total>
				<timestamp>516.254344</timestamp>
			</report>
			<report>
				<misses>1668001</misses>
				<total>8</total>
				<timestamp>516.564071</timestamp>
			</report>
			<report>
				<misses>1669001</misses>
				<total>8</total>
				<timestamp>516.873733</timestamp>
			</report>
			<report>
				<misses>1670001</misses>
				<total>8</total>
				<timestamp>517.183413</timestamp>
			</report>
			<report>
				<misses>1671001</misses>
				<total>8</total>
				<timestamp>517.493109</timestamp>
			</report>
			<report>
				<misses>1672001</misses>
				<total>8</total>
				<timestamp>517.802784</timestamp>
			</report>
			<report>
				<misses>1673001</misses>
				<total>8</total>
				<timestamp>518.112507</timestamp>
			</report>
			<report>
				<misses>1674001</misses>
				<total>8</total>
				<timestamp>518.422152</timestamp>
			</report>
			<report>
				<misses>1675001</misses>
				<total>8</total>
				<timestamp>518.731851</timestamp>
			</report>
			<report>
				<misses>1676001</misses>
				<total>8</total>
				<timestamp>519.041596</timestamp>
			</report>
			<report>
				<misses>1677001</misses>
				<total>8</total>
				<timestamp>519.351244</timestamp>
			</report>
			<report>
				<misses>1678001</misses>
				<total>8</total>
				<timestamp>519.660942</timestamp>
			</report>
			<report>
				<misses>1679001</misses>
				<total>8</total>
				<timestamp>519.970613</timestamp>
			</report>
			<report>
				<misses>1680001</misses>
				<total>8</total>
				<timestamp>520.280296</timestamp>
			</report>
			<report>
				<misses>1681001</misses>
				<total>8</total>
				<timestamp>520.590036</timestamp>
			</report>
			<report>
				<misses>1682001</misses>
				<total>8</total>
				<timestamp>520.899679</timestamp>
			</report>
			<report>
				<misses>1683001</misses>
				<total>8</total>
				<timestamp>521.209377</timestamp>
			</report>
			<report>
				<misses>1684001</misses>
				<total>8</total>
				<timestamp>521.519053</timestamp>
			</report>
			<report>
				<misses>1685001</misses>
				<total>8</total>
				<timestamp>521.828754</timestamp>
			</report>
			<report>
				<misses>1686001</misses>
				<total>8</total>
				<timestamp>522.138507</timestamp>
			</report>
			<report>
				<misses>1687001</misses>
				<total>8</total>
				<timestamp>522.448131</timestamp>
			</report>
			<report>
				<misses>1688001</misses>
				<total>8</total>
				<timestamp>522.757810</timestamp>
			</report>
			<report>
				<misses>1689001</misses>
				<total>8</total>
				<timestamp>523.067558</timestamp>
			</report>
			<report>
				<misses>1690001</misses>
				<total>8</total>
				<timestamp>523.377202</timestamp>
			</report>
			<report>
				<misses>1691001</misses>
				<total>8</total>
				<timestamp>523.686889</timestamp>
			</report>
			<report>
				<misses>1692001</misses>
				<total>8</total>
				<timestamp>523.996589</timestamp>
			</report>
			<report>
				<misses>1693001</misses>
				<total>8</total>
				<timestamp>524.306270</timestamp>
			</report>
			<report>
				<misses>1694001</misses>
				<total>8</total>
				<timestamp>524.615956</timestamp>
			</report>
			<report>
				<misses>1695001</misses>
				<total>8</total>
				<timestamp>524.925653</timestamp>
			</report>
			<report>
				<misses>1696001</misses>
				<total>8</total>
				<timestamp>525.235332</timestamp>
			</report>
			<report>
				<misses>1697001</misses>
				<total>8</total>
				<timestamp>525.545062</timestamp>
			</report>
			<report>
				<misses>1698001</misses>
				<total>8</total>
				<timestamp>525.854718</timestamp>
			</report>
			<report>
				<misses>1699001</misses>
				<total>8</total>
				<timestamp>526.164486</timestamp>
			</report>
			<report>
				<misses>1700001</misses>
				<total>8</total>
				<timestamp>526.474089</timestamp>
			</report>
			<report>
				<misses>1701001</misses>
				<total>8</total>
				<timestamp>526.783802</timestamp>
			</report>
			<report>
				<misses>1702001</misses>
				<total>8</total>
				<timestamp>527.093491</timestamp>
			</report>
			<report>
				<misses>1703001</misses>
				<total>8</total>
				<timestamp>527.403174</timestamp>
			</report>
			<report>
				<misses>1704001</misses>
				<total>8</total>
				<timestamp>527.712847</timestamp>
			</report>
			<report>
				<misses>1705001</misses>
				<total>8</total>
				<timestamp>528.022561</timestamp>
			</report>
			<report>
				<misses>1706001</misses>
				<total>8</total>
				<timestamp>528.332248</timestamp>
			</report>
			<report>
				<misses>1707001</misses>
				<total>8</total>
				<timestamp>528.641959</timestamp>
			</report>
			<report>
				<misses>1708001</misses>
				<total>8</total>
				<timestamp>528.951608</timestamp>
			</report>
			<report>
				<misses>1709001</misses>
				<total>8</total>
				<timestamp>529.261347</timestamp>
			</report>
			<report>
				<misses>1710001</misses>
				<total>8</total>
				<timestamp>529.571004</timestamp>
			</report>
			<report>
				<misses>1711001</misses>
				<total>8</total>
				<timestamp>529.880693</timestamp>
			</report>
			<report>
				<misses>1712001</misses>
				<total>8</total>
				<timestamp>530.190410</timestamp>
			</report>
			<report>
				<misses>1713001</misses>
				<total>8</total>
				<timestamp>530.500130</timestamp>
			</report>
			<report>
				<misses>1714001</misses>
				<total>8</total>
				<timestamp>530.809745</timestamp>
			</report>
			<report>
				<misses>1715001</misses>
				<total>8</total>
				<timestamp>531.119478</timestamp>
			</report>
			<report>
				<misses>1716001</misses>
				<total>8</total>
				<timestamp>531.429136</timestamp>
			</report>
			<report>
				<misses>1717001</misses>
				<total>8</total>
				<timestamp>531.738837</timestamp>
			</report>
			<report>
				<misses>1718001</misses>
				<total>8</total>
				<timestamp>532.048584</timestamp>
			</report>
			<report>
				<misses>1719001</misses>
				<total>8</total>
				<timestamp>532.358230</timestamp>
			</report>
			<report>
				<misses>1720001</misses>
				<total>8</total>
				<timestamp>532.667921</timestamp>
			</report>
			<report>
				<misses>1721001</misses>
				<total>8</total>
				<timestamp>532.977600</timestamp>
			</report>
			<report>
				<misses>1722001</misses>
				<total>8</total>
				<timestamp>533.287272</timestamp>
			</report>
			<report>
				<misses>1723001</misses>
				<total>8</total>
				<timestamp>533.596977</timestamp>
			</report>
			<report>
				<misses>1724001</misses>
				<total>8</total>
				<timestamp>533.906659</timestamp>
			</report>
			<report>
				<misses>1725001</misses>
				<total>8</total>
				<timestamp>534.216440</timestamp>
			</report>
			<report>
				<misses>1726001</misses>
				<total>8</total>
				<timestamp>534.526046</timestamp>
			</report>
			<report>
				<misses>1727001</misses>
				<total>8</total>
				<timestamp>534.835762</timestamp>
			</report>
			<report>
				<misses>1728001</misses>
				<total>8</total>
				<timestamp>535.145448</timestamp>
			</report>
			<report>
				<misses>1729001</misses>
				<total>8</total>
				<timestamp>535.455112</timestamp>
			</report>
			<report>
				<misses>1730001</misses>
				<total>8</total>
				<timestamp>535.764799</timestamp>
			</report>
			<report>
				<misses>1731001</misses>
				<total>8</total>
				<timestamp>536.074512</timestamp>
			</report>
			<report>
				<misses>1732001</misses>
				<total>8</total>
				<timestamp>536.384178</timestamp>
			</report>
			<report>
				<misses>1733001</misses>
				<total>8</total>
				<timestamp>536.693881</timestamp>
			</report>
			<report>
				<misses>1734001</misses>
				<total>8</total>
				<timestamp>537.003557</timestamp>
			</report>
			<report>
				<misses>1735001</misses>
				<total>8</total>
				<timestamp>537.313243</timestamp>
			</report>
			<report>
				<misses>1736001</misses>
				<total>8</total>
				<timestamp>537.622952</timestamp>
			</report>
			<report>
				<misses>1737001</misses>
				<total>8</total>
				<timestamp>537.932646</timestamp>
			</report>
			<report>
				<misses>1738001</misses>
				<total>8</total>
				<timestamp>538.242381</timestamp>
			</report>
			<report>
				<misses>1739001</misses>
				<total>8</total>
				<timestamp>538.552046</timestamp>
			</report>
			<report>
				<misses>1740001</misses>
				<total>8</total>
				<timestamp>538.861724</timestamp>
			</report>
			<report>
				<misses>1741001</misses>
				<total>8</total>
				<timestamp>539.171417</timestamp>
			</report>
			<report>
				<misses>1742001</misses>
				<total>8</total>
				<timestamp>539.481091</timestamp>
			</report>
			<report>
				<misses>1743001</misses>
				<total>8</total>
				<timestamp>539.790759</timestamp>
			</report>
			<report>
				<misses>1744001</misses>
				<total>8</total>
				<timestamp>540.100483</timestamp>
			</report>
			<report>
				<misses>1745001</misses>
				<total>8</total>
				<timestamp>540.410147</timestamp>
			</report>
			<report>
				<misses>1746001</misses>
				<total>8</total>
				<timestamp>540.719896</timestamp>
			</report>
			<report>
				<misses>1747001</misses>
				<total>8</total>
				<timestamp>541.029557</timestamp>
			</report>
			<report>
				<misses>1748001</misses>
				<total>8</total>
				<timestamp>541.339239</timestamp>
			</report>
			<report>
				<misses>1749001</misses>
				<total>8</total>
				<timestamp>541.648929</timestamp>
			</report>
			<report>
				<misses>1750001</misses>
				<total>8</total>
				<timestamp>541.958603</timestamp>
			</report>
			<report>
				<misses>1751001</misses>
				<total>8</total>
				<timestamp>542.268346</timestamp>
			</report>
			<report>
				<misses>1752001</misses>
				<total>8</total>
				<timestamp>542.577980</timestamp>
			</report>
			<report>
				<misses>1753001</misses>
				<total>8</total>
				<timestamp>542.887672</timestamp>
			</report>
			<report>
				<misses>1754001</misses>
				<total>8</total>
				<timestamp>543.197397</timestamp>
			</report>
			<report>
				<misses>1755001</misses>
				<total>8</total>
				<timestamp>543.507053</timestamp>
			</report>
			<report>
				<misses>1756001</misses>
				<total>8</total>
				<timestamp>543.816767</timestamp>
			</report>
			<report>
				<misses>1757001</misses>
				<total>8</total>
				<timestamp>544.126471</timestamp>
			</report>
			<report>
				<misses>1758001</misses>
				<total>8</total>
				<timestamp>544.436164</timestamp>
			</report>
			<report>
				<misses>1759001</misses>
				<total>8</total>
				<timestamp>544.745808</timestamp>
			</report>
			<report>
				<misses>1760001</misses>
				<total>8</total>
				<timestamp>545.055513</timestamp>
			</report>
			<report>
				<misses>1761001</misses>
				<total>8</total>
				<timestamp>545.365249</timestamp>
			</report>
			<report>
				<misses>1762001</misses>
				<total>8</total>
				<timestamp>545.674918</timestamp>
			</report>
			<report>
				<misses>1763001</misses>
				<total>8</total>
				<timestamp>545.984586</timestamp>
			</report>
			<report>
				<misses>1764001</misses>
				<total>8</total>
				<timestamp>546.294276</timestamp>
			</report>
			<report>
				<misses>1765001</misses>
				<total>8</total>
				<timestamp>546.603971</timestamp>
			</report>
			<report>
				<misses>1766001</misses>
				<total>8</total>
				<timestamp>546.913651</timestamp>
			</report>
			<report>
				<misses>1767001</misses>
				<total>8</total>
				<timestamp>547.223332</timestamp>
			</report>
			<report>
				<misses>1768001</misses>
				<total>8</total>
				<timestamp>547.533051</timestamp>
			</report>
			<report>
				<misses>1769001</misses>
				<total>8</total>
				<timestamp>547.842715</timestamp>
			</report>
			<report>
				<misses>1770001</misses>
				<total>8</total>
				<timestamp>548.152441</timestamp>
			</report>
			<report>
				<misses>1771001</misses>
				<total>8</total>
				<timestamp>548.462106</timestamp>
			</report>
			<report>
				<misses>1772001</misses>
				<total>8</total>
				<timestamp>548.771809</timestamp>
			</report>
			<report>
				<misses>1773001</misses>
				<total>8</total>
				<timestamp>549.081483</timestamp>
			</report>
			<report>
				<misses>1774001</misses>
				<total>8</total>
				<timestamp>549.391164</timestamp>
			</report>
			<report>
				<misses>1775001</misses>
				<total>8</total>
				<timestamp>549.700842</timestamp>
			</report>
			<report>
				<misses>1776001</misses>
				<total>8</total>
				<timestamp>550.010565</timestamp>
			</report>
			<report>
				<misses>1777001</misses>
				<total>8</total>
				<timestamp>550.320258</timestamp>
			</report>
			<report>
				<misses>1778001</misses>
				<total>8</total>
				<timestamp>550.629923</timestamp>
			</report>
			<report>
				<misses>1779001</misses>
				<total>8</total>
				<timestamp>550.939615</timestamp>
			</report>
			<report>
				<misses>1780001</misses>
				<total>8</total>
				<timestamp>551.249380</timestamp>
			</report>
			<report>
				<misses>1781001</misses>
				<total>8</total>
				<timestamp>551.559016</timestamp>
			</report>
			<report>
				<misses>1782001</misses>
				<total>8</total>
				<timestamp>551.868678</timestamp>
			</report>
			<report>
				<misses>1783001</misses>
				<total>8</total>
				<timestamp>552.178399</timestamp>
			</report>
			<report>
				<misses>1784001</misses>
				<total>8</total>
				<timestamp>552.488065</timestamp>
			</report>
			<report>
				<misses>1785001</misses>
				<total>8</total>
				<timestamp>552.797777</timestamp>
			</report>
			<report>
				<misses>1786001</misses>
				<total>8</total>
				<timestamp>553.107461</timestamp>
			</report>
			<report>
				<misses>1787001</misses>
				<total>8</total>
				<timestamp>553.417144</timestamp>
			</report>
			<report>
				<misses>1788001</misses>
				<total>8</total>
				<timestamp>553.726888</timestamp>
			</report>
			<report>
				<misses>1789001</misses>
				<total>8</total>
				<timestamp>554.036512</timestamp>
			</report>
			<report>
				<misses>1790001</misses>
				<total>8</total>
				<timestamp>554.346212</timestamp>
			</report>
			<report>
				<misses>1791001</misses>
				<total>8</total>
				<timestamp>554.655889</timestamp>
			</report>
			<report>
				<misses>1792001</misses>
				<total>8</total>
				<timestamp>554.965579</timestamp>
			</report>
			<report>
				<misses>1793001</misses>
				<total>8</total>
				<timestamp>555.275329</timestamp>
			</report>
			<report>
				<misses>1794001</misses>
				<total>8</total>
				<timestamp>555.584976</timestamp>
			</report>
			<report>
				<misses>1795001</misses>
				<total>8</total>
				<timestamp>555.894642</timestamp>
			</report>
			<report>
				<misses>1796001</misses>
				<total>8</total>
				<timestamp>556.204427</timestamp>
			</report>
			<report>
				<misses>1797001</misses>
				<total>8</total>
				<timestamp>556.514076</timestamp>
			</report>
			<report>
				<misses>1798001</misses>
				<total>8</total>
				<timestamp>556.823722</timestamp>
			</report>
			<report>
				<misses>1799001</misses>
				<total>8</total>
				<timestamp>557.133414</timestamp>
			</report>
			<report>
				<misses>1800001</misses>
				<total>8</total>
				<timestamp>557.443137</timestamp>
			</report>
			<report>
				<misses>1801001</misses>
				<total>8</total>
				<timestamp>557.752830</timestamp>
			</report>
			<report>
				<misses>1802001</misses>
				<total>8</total>
				<timestamp>558.062501</timestamp>
			</report>
			<report>
				<misses>1803001</misses>
				<total>8</total>
				<timestamp>558.372206</timestamp>
			</report>
			<report>
				<misses>1804001</misses>
				<total>8</total>
				<timestamp>558.681862</timestamp>
			</report>
			<report>
				<misses>1805001</misses>
				<total>8</total>
				<timestamp>558.991545</timestamp>
			</report>
			<report>
				<misses>1806001</misses>
				<total>8</total>
				<timestamp>559.301270</timestamp>
			</report>
			<report>
				<misses>1807001</misses>
				<total>8</total>
				<timestamp>559.610919</timestamp>
			</report>
			<report>
				<misses>1808001</misses>
				<total>8</total>
				<timestamp>559.920633</timestamp>
			</report>
			<report>
				<misses>1809001</misses>
				<total>8</total>
				<timestamp>560.230326</timestamp>
			</report>
			<report>
				<misses>1810001</misses>
				<total>8</total>
				<timestamp>560.540018</timestamp>
			</report>
			<report>
				<misses>1811001</misses>
				<total>8</total>
				<timestamp>560.849694</timestamp>
			</report>
			<report>
				<misses>1812001</misses>
				<total>8</total>
				<timestamp>561.159386</timestamp>
			</report>
			<report>
				<misses>1813001</misses>
				<total>8</total>
				<timestamp>561.469073</timestamp>
			</report>
			<report>
				<misses>1814001</misses>
				<total>8</total>
				<timestamp>561.778753</timestamp>
			</report>
			<report>
				<misses>1815001</misses>
				<total>8</total>
				<timestamp>562.088466</timestamp>
			</report>
			<report>
				<misses>1816001</misses>
				<total>8</total>
				<timestamp>562.398188</timestamp>
			</report>
			<report>
				<misses>1817001</misses>
				<total>8</total>
				<timestamp>562.707858</timestamp>
			</report>
			<report>
				<misses>1818001</misses>
				<total>8</total>
				<timestamp>563.017541</timestamp>
			</report>
			<report>
				<misses>1819001</misses>
				<total>8</total>
				<timestamp>563.327278</timestamp>
			</report>
			<report>
				<misses>1820001</misses>
				<total>8</total>
				<timestamp>563.636923</timestamp>
			</report>
			<report>
				<misses>1821001</misses>
				<total>8</total>
				<timestamp>563.946593</timestamp>
			</report>
			<report>
				<misses>1822001</misses>
				<total>8</total>
				<timestamp>564.256325</timestamp>
			</report>
			<report>
				<misses>1823001</misses>
				<total>8</total>
				<timestamp>564.565975</timestamp>
			</report>
			<report>
				<misses>1824001</misses>
				<total>8</total>
				<timestamp>564.875664</timestamp>
			</report>
			<report>
				<misses>1825001</misses>
				<total>8</total>
				<timestamp>565.185378</timestamp>
			</report>
			<report>
				<misses>1826001</misses>
				<total>8</total>
				<timestamp>565.495052</timestamp>
			</report>
			<report>
				<misses>1827001</misses>
				<total>8</total>
				<timestamp>565.804775</timestamp>
			</report>
			<report>
				<misses>1828001</misses>
				<total>8</total>
				<timestamp>566.114447</timestamp>
			</report>
			<report>
				<misses>1829001</misses>
				<total>8</total>
				<timestamp>566.424167</timestamp>
			</report>
			<report>
				<misses>1830001</misses>
				<total>8</total>
				<timestamp>566.733857</timestamp>
			</report>
			<report>
				<misses>1831001</misses>
				<total>8</total>
				<timestamp>567.043532</timestamp>
			</report>
			<report>
				<misses>1832001</misses>
				<total>8</total>
				<timestamp>567.353187</timestamp>
			</report>
			<report>
				<misses>1833001</misses>
				<total>8</total>
				<timestamp>567.662887</timestamp>
			</report>
			<report>
				<misses>1834001</misses>
				<total>8</total>
				<timestamp>567.972602</timestamp>
			</report>
			<report>
				<misses>1835001</misses>
				<total>8</total>
				<timestamp>568.282303</timestamp>
			</report>
			<report>
				<misses>1836001</misses>
				<total>8</total>
				<timestamp>568.591935</timestamp>
			</report>
			<report>
				<misses>1837001</misses>
				<total>8</total>
				<timestamp>568.901650</timestamp>
			</report>
			<report>
				<misses>1838001</misses>
				<total>8</total>
				<timestamp>569.211340</timestamp>
			</report>
			<report>
				<misses>1839001</misses>
				<total>8</total>
				<timestamp>569.521013</timestamp>
			</report>
			<report>
				<misses>1840001</misses>
				<total>8</total>
				<timestamp>569.830719</timestamp>
			</report>
			<report>
				<misses>1841001</misses>
				<total>8</total>
				<timestamp>570.140410</timestamp>
			</report>
			<report>
				<misses>1842001</misses>
				<total>8</total>
				<timestamp>570.450109</timestamp>
			</report>
			<report>
				<misses>1843001</misses>
				<total>8</total>
				<timestamp>570.759762</timestamp>
			</report>
			<report>
				<misses>1844001</misses>
				<total>8</total>
				<timestamp>571.069456</timestamp>
			</report>
			<report>
				<misses>1845001</misses>
				<total>8</total>
				<timestamp>571.379188</timestamp>
			</report>
			<report>
				<misses>1846001</misses>
				<total>8</total>
				<timestamp>571.689188</timestamp>
			</report>
			<report>
				<misses>1847001</misses>
				<total>8</total>
				<timestamp>571.998845</timestamp>
			</report>
			<report>
				<misses>1848001</misses>
				<total>8</total>
				<timestamp>572.308534</timestamp>
			</report>
			<report>
				<misses>1849001</misses>
				<total>8</total>
				<timestamp>572.618271</timestamp>
			</report>
			<report>
				<misses>1850001</misses>
				<total>8</total>
				<timestamp>572.927908</timestamp>
			</report>
			<report>
				<misses>1851001</misses>
				<total>8</total>
				<timestamp>573.237607</timestamp>
			</report>
			<report>
				<misses>1852001</misses>
				<total>9</total>
				<timestamp>573.547323</timestamp>
			</report>
			<report>
				<misses>1853001</misses>
				<total>9</total>
				<timestamp>573.856983</timestamp>
			</report>
			<report>
				<misses>1854001</misses>
				<total>9</total>
				<timestamp>574.166659</timestamp>
			</report>
			<report>
				<misses>1855001</misses>
				<total>9</total>
				<timestamp>574.476354</timestamp>
			</report>
			<report>
				<misses>1856001</misses>
				<total>9</total>
				<timestamp>574.786090</timestamp>
			</report>
			<report>
				<misses>1857001</misses>
				<total>9</total>
				<timestamp>575.095781</timestamp>
			</report>
			<report>
				<misses>1858001</misses>
				<total>9</total>
				<timestamp>575.405441</timestamp>
			</report>
			<report>
				<misses>1859001</misses>
				<total>9</total>
				<timestamp>575.715174</timestamp>
			</report>
			<report>
				<misses>1860001</misses>
				<total>9</total>
				<timestamp>576.024827</timestamp>
			</report>
			<report>
				<misses>1861001</misses>
				<total>9</total>
				<timestamp>576.334517</timestamp>
			</report>
			<report>
				<misses>1862001</misses>
				<total>9</total>
				<timestamp>576.644244</timestamp>
			</report>
			<report>
				<misses>1863001</misses>
				<total>9</total>
				<timestamp>576.953883</timestamp>
			</report>
			<report>
				<misses>1864001</misses>
				<total>9</total>
				<timestamp>577.263570</timestamp>
			</report>
			<report>
				<misses>1865001</misses>
				<total>9</total>
				<timestamp>577.573327</timestamp>
			</report>
			<report>
				<misses>1866001</misses>
				<total>9</total>
				<timestamp>577.882987</timestamp>
			</report>
			<report>
				<misses>1867001</misses>
				<total>9</total>
				<timestamp>578.192652</timestamp>
			</report>
			<report>
				<misses>1868001</misses>
				<total>9</total>
				<timestamp>578.502364</timestamp>
			</report>
			<report>
				<misses>1869001</misses>
				<total>9</total>
				<timestamp>578.812061</timestamp>
			</report>
			<report>
				<misses>1870001</misses>
				<total>9</total>
				<timestamp>579.121710</timestamp>
			</report>
			<report>
				<misses>1871001</misses>
				<total>9</total>
				<timestamp>579.431409</timestamp>
			</report>
			<report>
				<misses>1872001</misses>
				<total>9</total>
				<timestamp>579.741124</timestamp>
			</report>
			<report>
				<misses>1873001</misses>
				<total>9</total>
				<timestamp>580.050784</timestamp>
			</report>
			<report>
				<misses>1874001</misses>
				<total>9</total>
				<timestamp>580.360486</timestamp>
			</report>
			<report>
				<misses>1875001</misses>
				<total>9</total>
				<timestamp>580.670226</timestamp>
			</report>
			<report>
				<misses>1876001</misses>
				<total>9</total>
				<timestamp>580.979855</timestamp>
			</report>
			<report>
				<misses>1877001</misses>
				<total>9</total>
				<timestamp>581.289554</timestamp>
			</report>
			<report>
				<misses>1878001</misses>
				<total>9</total>
				<timestamp>581.599223</timestamp>
			</report>
			<report>
				<misses>1879001</misses>
				<total>9</total>
				<timestamp>581.908921</timestamp>
			</report>
			<report>
				<misses>1880001</misses>
				<total>9</total>
				<timestamp>582.218608</timestamp>
			</report>
			<report>
				<misses>1881001</misses>
				<total>9</total>
				<timestamp>582.528339</timestamp>
			</report>
			<report>
				<misses>1882001</misses>
				<total>9</total>
				<timestamp>582.837996</timestamp>
			</report>
			<report>
				<misses>1883001</misses>
				<total>9</total>
				<timestamp>583.147678</timestamp>
			</report>
			<report>
				<misses>1884001</misses>
				<total>9</total>
				<timestamp>583.457379</timestamp>
			</report>
			<report>
				<misses>1885001</misses>
				<total>9</total>
				<timestamp>583.767123</timestamp>
			</report>
			<report>
				<misses>1886001</misses>
				<total>9</total>
				<timestamp>584.076789</timestamp>
			</report>
			<report>
				<misses>1887001</misses>
				<total>9</total>
				<timestamp>584.386441</timestamp>
			</report>
			<report>
				<misses>1888001</misses>
				<total>9</total>
				<timestamp>584.696205</timestamp>
			</report>
			<report>
				<misses>1889001</misses>
				<total>9</total>
				<timestamp>585.005840</timestamp>
			</report>
			<report>
				<misses>1890001</misses>
				<total>9</total>
				<timestamp>585.315531</timestamp>
			</report>
			<report>
				<misses>1891001</misses>
				<total>9</total>
				<timestamp>585.625258</timestamp>
			</report>
			<report>
				<misses>1892001</misses>
				<total>9</total>
				<timestamp>585.934883</timestamp>
			</report>
			<report>
				<misses>1893001</misses>
				<total>9</total>
				<timestamp>586.244572</timestamp>
			</report>
			<report>
				<misses>1894001</misses>
				<total>9</total>
				<timestamp>586.554267</timestamp>
			</report>
			<report>
				<misses>1895001</misses>
				<total>9</total>
				<timestamp>586.863967</timestamp>
			</report>
			<report>
				<misses>1896001</misses>
				<total>9</total>
				<timestamp>587.173645</timestamp>
			</report>
			<report>
				<misses>1897001</misses>
				<total>9</total>
				<timestamp>587.483331</timestamp>
			</report>
			<report>
				<misses>1898001</misses>
				<total>9</total>
				<timestamp>587.793148</timestamp>
			</report>
			<report>
				<misses>1899001</misses>
				<total>9</total>
				<timestamp>588.102714</timestamp>
			</report>
			<report>
				<misses>1900001</misses>
				<total>9</total>
				<timestamp>588.412505</timestamp>
			</report>
			<report>
				<misses>1901001</misses>
				<total>9</total>
				<timestamp>588.722115</timestamp>
			</report>
			<report>
				<misses>1902001</misses>
				<total>9</total>
				<timestamp>589.031808</timestamp>
			</report>
			<report>
				<misses>1903001</misses>
				<total>9</total>
				<timestamp>589.341484</timestamp>
			</report>
			<report>
				<misses>1904001</misses>
				<total>9</total>
				<timestamp>589.651183</timestamp>
			</report>
			<report>
				<misses>1905001</misses>
				<total>9</total>
				<timestamp>589.960864</timestamp>
			</report>
			<report>
				<misses>1906001</misses>
				<total>9</total>
				<timestamp>590.270591</timestamp>
			</report>
			<report>
				<misses>1907001</misses>
				<total>9</total>
				<timestamp>590.580234</timestamp>
			</report>
			<report>
				<misses>1908001</misses>
				<total>9</total>
				<timestamp>590.889926</timestamp>
			</report>
			<report>
				<misses>1909001</misses>
				<total>9</total>
				<timestamp>591.199669</timestamp>
			</report>
			<report>
				<misses>1910001</misses>
				<total>9</total>
				<timestamp>591.509337</timestamp>
			</report>
			<report>
				<misses>1911001</misses>
				<total>9</total>
				<timestamp>591.819040</timestamp>
			</report>
			<report>
				<misses>1912001</misses>
				<total>9</total>
				<timestamp>592.128682</timestamp>
			</report>
			<report>
				<misses>1913001</misses>
				<total>9</total>
				<timestamp>592.438391</timestamp>
			</report>
			<report>
				<misses>1914001</misses>
				<total>9</total>
				<timestamp>592.748098</timestamp>
			</report>
			<report>
				<misses>1915001</misses>
				<total>9</total>
				<timestamp>593.057761</timestamp>
			</report>
			<report>
				<misses>1916001</misses>
				<total>9</total>
				<timestamp>593.367483</timestamp>
			</report>
			<report>
				<misses>1917001</misses>
				<total>9</total>
				<timestamp>593.677160</timestamp>
			</report>
			<report>
				<misses>1918001</misses>
				<total>9</total>
				<timestamp>593.986846</timestamp>
			</report>
			<report>
				<misses>1919001</misses>
				<total>9</total>
				<timestamp>594.296508</timestamp>
			</report>
			<report>
				<misses>1920001</misses>
				<total>9</total>
				<timestamp>594.606233</timestamp>
			</report>
			<report>
				<misses>1921001</misses>
				<total>9</total>
				<timestamp>594.915914</timestamp>
			</report>
			<report>
				<misses>1922001</misses>
				<total>9</total>
				<timestamp>595.225594</timestamp>
			</report>
			<report>
				<misses>1923001</misses>
				<total>9</total>
				<timestamp>595.535294</timestamp>
			</report>
			<report>
				<misses>1924001</misses>
				<total>9</total>
				<timestamp>595.845040</timestamp>
			</report>
			<report>
				<misses>1925001</misses>
				<total>9</total>
				<timestamp>596.154654</timestamp>
			</report>
			<report>
				<misses>1926001</misses>
				<total>9</total>
				<timestamp>596.464343</timestamp>
			</report>
			<report>
				<misses>1927001</misses>
				<total>9</total>
				<timestamp>596.774063</timestamp>
			</report>
			<report>
				<misses>1928001</misses>
				<total>9</total>
				<timestamp>597.083734</timestamp>
			</report>
			<report>
				<misses>1929001</misses>
				<total>9</total>
				<timestamp>597.393442</timestamp>
			</report>
			<report>
				<misses>1930001</misses>
				<total>9</total>
				<timestamp>597.703173</timestamp>
			</report>
			<report>
				<misses>1931001</misses>
				<total>9</total>
				<timestamp>598.012821</timestamp>
			</report>
			<report>
				<misses>1932001</misses>
				<total>9</total>
				<timestamp>598.322499</timestamp>
			</report>
			<report>
				<misses>1933001</misses>
				<total>9</total>
				<timestamp>598.632187</timestamp>
			</report>
			<report>
				<misses>1934001</misses>
				<total>9</total>
				<timestamp>598.941872</timestamp>
			</report>
			<report>
				<misses>1935001</misses>
				<total>9</total>
				<timestamp>599.251576</timestamp>
			</report>
			<report>
				<misses>1936001</misses>
				<total>9</total>
				<timestamp>599.561252</timestamp>
			</report>
			<report>
				<misses>1937001</misses>
				<total>9</total>
				<timestamp>599.871038</timestamp>
			</report>
			<report>
				<misses>1938001</misses>
				<total>9</total>
				<timestamp>600.180653</timestamp>
			</report>
			<report>
				<misses>1939001</misses>
				<total>9</total>
				<timestamp>600.490331</timestamp>
			</report>
			<report>
				<misses>1940001</misses>
				<total>9</total>
				<timestamp>600.800071</timestamp>
			</report>
			<report>
				<misses>1941001</misses>
				<total>9</total>
				<timestamp>601.109709</timestamp>
			</report>
			<report>
				<misses>1942001</misses>
				<total>9</total>
				<timestamp>601.419398</timestamp>
			</report>
			<report>
				<misses>1943001</misses>
				<total>9</total>
				<timestamp>601.729148</timestamp>
			</report>
			<report>
				<misses>1944001</misses>
				<total>9</total>
				<timestamp>602.038778</timestamp>
			</report>
			<report>
				<misses>1945001</misses>
				<total>9</total>
				<timestamp>602.348477</timestamp>
			</report>
			<report>
				<misses>1946001</misses>
				<total>9</total>
				<timestamp>602.658174</timestamp>
			</report>
			<report>
				<misses>1947001</misses>
				<total>9</total>
				<timestamp>602.967891</timestamp>
			</report>
			<report>
				<misses>1948001</misses>
				<total>9</total>
				<timestamp>603.277542</timestamp>
			</report>
			<report>
				<misses>1949001</misses>
				<total>9</total>
				<timestamp>603.587244</timestamp>
			</report>
			<report>
				<misses>1950001</misses>
				<total>9</total>
				<timestamp>603.896993</timestamp>
			</report>
			<report>
				<misses>1951001</misses>
				<total>9</total>
				<timestamp>604.206626</timestamp>
			</report>
			<report>
				<misses>1952001</misses>
				<total>9</total>
				<timestamp>604.516295</timestamp>
			</report>
			<report>
				<misses>1953001</misses>
				<total>9</total>
				<timestamp>604.825997</timestamp>
			</report>
			<report>
				<misses>1954001</misses>
				<total>9</total>
				<timestamp>605.135711</timestamp>
			</report>
			<report>
				<misses>1955001</misses>
				<total>9</total>
				<timestamp>605.445376</timestamp>
			</report>
			<report>
				<misses>1956001</misses>
				<total>9</total>
				<timestamp>605.755094</timestamp>
			</report>
			<report>
				<misses>1957001</misses>
				<total>9</total>
				<timestamp>606.064817</timestamp>
			</report>
			<report>
				<misses>1958001</misses>
				<total>9</total>
				<timestamp>606.374484</timestamp>
			</report>
			<report>
				<misses>1959001</misses>
				<total>9</total>
				<timestamp>606.684141</timestamp>
			</report>
			<report>
				<misses>1960001</misses>
				<total>9</total>
				<timestamp>606.993826</timestamp>
			</report>
			<report>
				<misses>1961001</misses>
				<total>9</total>
				<timestamp>607.303587</timestamp>
			</report>
			<report>
				<misses>1962001</misses>
				<total>9</total>
				<timestamp>607.613210</timestamp>
			</report>
			<report>
				<misses>1963001</misses>
				<total>9</total>
				<timestamp>607.922943</timestamp>
			</report>
			<report>
				<misses>1964001</misses>
				<total>9</total>
				<timestamp>608.232616</timestamp>
			</report>
			<report>
				<misses>1965001</misses>
				<total>9</total>
				<timestamp>608.542269</timestamp>
			</report>
			<report>
				<misses>1966001</misses>
				<total>9</total>
				<timestamp>608.852000</timestamp>
			</report>
			<report>
				<misses>1967001</misses>
				<total>9</total>
				<timestamp>609.161669</timestamp>
			</report>
			<report>
				<misses>1968001</misses>
				<total>9</total>
				<timestamp>609.471364</timestamp>
			</report>
			<report>
				<misses>1969001</misses>
				<total>9</total>
				<timestamp>609.781073</timestamp>
			</report>
			<report>
				<misses>1970001</misses>
				<total>9</total>
				<timestamp>610.090772</timestamp>
			</report>
			<report>
				<misses>1971001</misses>
				<total>9</total>
				<timestamp>610.400421</timestamp>
			</report>
			<report>
				<misses>1972001</misses>
				<total>9</total>
				<timestamp>610.710100</timestamp>
			</report>
			<report>
				<misses>1973001</misses>
				<total>9</total>
				<timestamp>611.019797</timestamp>
			</report>
			<report>
				<misses>1974001</misses>
				<total>9</total>
				<timestamp>611.329514</timestamp>
			</report>
			<report>
				<misses>1975001</misses>
				<total>9</total>
				<timestamp>611.639181</timestamp>
			</report>
			<report>
				<misses>1976001</misses>
				<total>9</total>
				<timestamp>611.948886</timestamp>
			</report>
			<report>
				<misses>1977001</misses>
				<total>9</total>
				<timestamp>612.258563</timestamp>
			</report>
			<report>
				<misses>1978001</misses>
				<total>9</total>
				<timestamp>612.568247</timestamp>
			</report>
			<report>
				<misses>1979001</misses>
				<total>9</total>
				<timestamp>612.877936</timestamp>
			</report>
			<report>
				<misses>1980001</misses>
				<total>9</total>
				<timestamp>613.187641</timestamp>
			</report>
			<report>
				<misses>1981001</misses>
				<total>9</total>
				<timestamp>613.497311</timestamp>
			</report>
			<report>
				<misses>1982001</misses>
				<total>9</total>
				<timestamp>613.807057</timestamp>
			</report>
			<report>
				<misses>1983001</misses>
				<total>9</total>
				<timestamp>614.116696</timestamp>
			</report>
			<report>
				<misses>1984001</misses>
				<total>9</total>
				<timestamp>614.426391</timestamp>
			</report>
			<report>
				<misses>1985001</misses>
				<total>9</total>
				<timestamp>614.736079</timestamp>
			</report>
			<report>
				<misses>1986001</misses>
				<total>9</total>
				<timestamp>615.045766</timestamp>
			</report>
			<report>
				<misses>1987001</misses>
				<total>9</total>
				<timestamp>615.355472</timestamp>
			</report>
			<report>
				<misses>1988001</misses>
				<total>9</total>
				<timestamp>615.665134</timestamp>
			</report>
			<report>
				<misses>1989001</misses>
				<total>9</total>
				<timestamp>615.974891</timestamp>
			</report>
			<report>
				<misses>1990001</misses>
				<total>9</total>
				<timestamp>616.284535</timestamp>
			</report>
			<report>
				<misses>1991001</misses>
				<total>9</total>
				<timestamp>616.594212</timestamp>
			</report>
			<report>
				<misses>1992001</misses>
				<total>9</total>
				<timestamp>616.903919</timestamp>
			</report>
			<report>
				<misses>1993001</misses>
				<total>9</total>
				<timestamp>617.213612</timestamp>
			</report>
			<report>
				<misses>1994001</misses>
				<total>9</total>
				<timestamp>617.523279</timestamp>
			</report>
			<report>
				<misses>1995001</misses>
				<total>9</total>
				<timestamp>617.833012</timestamp>
			</report>
			<report>
				<misses>1996001</misses>
				<total>9</total>
				<timestamp>618.142659</timestamp>
			</report>
			<report>
				<misses>1997001</misses>
				<total>9</total>
				<timestamp>618.452362</timestamp>
			</report>
			<report>
				<misses>1998001</misses>
				<total>9</total>
				<timestamp>618.762060</timestamp>
			</report>
			<report>
				<misses>1999001</misses>
				<total>9</total>
				<timestamp>619.071724</timestamp>
			</report>
			<report>
				<misses>2000001</misses>
				<total>9</total>
				<timestamp>619.381409</timestamp>
			</report>
			<report>
				<misses>2001001</misses>
				<total>9</total>
				<timestamp>619.691106</timestamp>
			</report>
			<report>
				<misses>2002001</misses>
				<total>9</total>
				<timestamp>620.000822</timestamp>
			</report>
			<report>
				<misses>2003001</misses>
				<total>9</total>
				<timestamp>620.310478</timestamp>
			</report>
			<report>
				<misses>2004001</misses>
				<total>9</total>
				<timestamp>620.620198</timestamp>
			</report>
			<report>
				<misses>2005001</misses>
				<total>9</total>
				<timestamp>620.929870</timestamp>
			</report>
			<report>
				<misses>2006001</misses>
				<total>9</total>
				<timestamp>621.239565</timestamp>
			</report>
			<report>
				<misses>2007001</misses>
				<total>9</total>
				<timestamp>621.549253</timestamp>
			</report>
			<report>
				<misses>2008001</misses>
				<total>9</total>
				<timestamp>621.858961</timestamp>
			</report>
			<report>
				<misses>2009001</misses>
				<total>9</total>
				<timestamp>622.168630</timestamp>
			</report>
			<report>
				<misses>2010001</misses>
				<total>9</total>
				<timestamp>622.478319</timestamp>
			</report>
			<report>
				<misses>2011001</misses>
				<total>9</total>
				<timestamp>622.788039</timestamp>
			</report>
			<report>
				<misses>2012001</misses>
				<total>9</total>
				<timestamp>623.097725</timestamp>
			</report>
			<report>
				<misses>2013001</misses>
				<total>9</total>
				<timestamp>623.407402</timestamp>
			</report>
			<report>
				<misses>2014001</misses>
				<total>9</total>
				<timestamp>623.717076</timestamp>
			</report>
			<report>
				<misses>2015001</misses>
				<total>9</total>
				<timestamp>624.026779</timestamp>
			</report>
			<report>
				<misses>2016001</misses>
				<total>9</total>
				<timestamp>624.336476</timestamp>
			</report>
			<report>
				<misses>2017001</misses>
				<total>9</total>
				<timestamp>624.646133</timestamp>
			</report>
			<report>
				<misses>2018001</misses>
				<total>9</total>
				<timestamp>624.955872</timestamp>
			</report>
			<report>
				<misses>2019001</misses>
				<total>9</total>
				<timestamp>625.265526</timestamp>
			</report>
			<report>
				<misses>2020001</misses>
				<total>9</total>
				<timestamp>625.575230</timestamp>
			</report>
			<report>
				<misses>2021001</misses>
				<total>9</total>
				<timestamp>625.884936</timestamp>
			</report>
			<report>
				<misses>2022001</misses>
				<total>9</total>
				<timestamp>626.194600</timestamp>
			</report>
			<report>
				<misses>2023001</misses>
				<total>9</total>
				<timestamp>626.504285</timestamp>
			</report>
			<report>
				<misses>2024001</misses>
				<total>9</total>
				<timestamp>626.813994</timestamp>
			</report>
			<report>
				<misses>2025001</misses>
				<total>9</total>
				<timestamp>627.123678</timestamp>
			</report>
			<report>
				<misses>2026001</misses>
				<total>9</total>
				<timestamp>627.433391</timestamp>
			</report>
			<report>
				<misses>2027001</misses>
				<total>9</total>
				<timestamp>627.743068</timestamp>
			</report>
			<report>
				<misses>2028001</misses>
				<total>9</total>
				<timestamp>628.052776</timestamp>
			</report>
			<report>
				<misses>2029001</misses>
				<total>9</total>
				<timestamp>628.362475</timestamp>
			</report>
			<report>
				<misses>2030001</misses>
				<total>9</total>
				<timestamp>628.672109</timestamp>
			</report>
			<report>
				<misses>2031001</misses>
				<total>9</total>
				<timestamp>628.981812</timestamp>
			</report>
			<report>
				<misses>2032001</misses>
				<total>9</total>
				<timestamp>629.291546</timestamp>
			</report>
			<report>
				<misses>2033001</misses>
				<total>9</total>
				<timestamp>629.601178</timestamp>
			</report>
			<report>
				<misses>2034001</misses>
				<total>9</total>
				<timestamp>629.910950</timestamp>
			</report>
			<report>
				<misses>2035001</misses>
				<total>9</total>
				<timestamp>630.220574</timestamp>
			</report>
			<report>
				<misses>2036001</misses>
				<total>9</total>
				<timestamp>630.530250</timestamp>
			</report>
			<report>
				<misses>2037001</misses>
				<total>9</total>
				<timestamp>630.839981</timestamp>
			</report>
			<report>
				<misses>2038001</misses>
				<total>9</total>
				<timestamp>631.149699</timestamp>
			</report>
			<report>
				<misses>2039001</misses>
				<total>9</total>
				<timestamp>631.459354</timestamp>
			</report>
			<report>
				<misses>2040001</misses>
				<total>9</total>
				<timestamp>631.769015</timestamp>
			</report>
			<report>
				<misses>2041001</misses>
				<total>9</total>
				<timestamp>632.078783</timestamp>
			</report>
			<report>
				<misses>2042001</misses>
				<total>9</total>
				<timestamp>632.388450</timestamp>
			</report>
			<report>
				<misses>2043001</misses>
				<total>9</total>
				<timestamp>632.698119</timestamp>
			</report>
			<report>
				<misses>2044001</misses>
				<total>9</total>
				<timestamp>633.007821</timestamp>
			</report>
			<report>
				<misses>2045001</misses>
				<total>9</total>
				<timestamp>633.317494</timestamp>
			</report>
			<report>
				<misses>2046001</misses>
				<total>9</total>
				<timestamp>633.627153</timestamp>
			</report>
			<report>
				<misses>2047001</misses>
				<total>9</total>
				<timestamp>633.936900</timestamp>
			</report>
			<report>
				<misses>2048001</misses>
				<total>9</total>
				<timestamp>634.246570</timestamp>
			</report>
			<report>
				<misses>2049001</misses>
				<total>9</total>
				<timestamp>634.556320</timestamp>
			</report>
			<report>
				<misses>2050001</misses>
				<total>9</total>
				<timestamp>634.865937</timestamp>
			</report>
			<report>
				<misses>2051001</misses>
				<total>9</total>
				<timestamp>635.175633</timestamp>
			</report>
			<report>
				<misses>2052001</misses>
				<total>9</total>
				<timestamp>635.485321</timestamp>
			</report>
			<report>
				<misses>2053001</misses>
				<total>9</total>
				<timestamp>635.795001</timestamp>
			</report>
			<report>
				<misses>2054001</misses>
				<total>9</total>
				<timestamp>636.104761</timestamp>
			</report>
			<report>
				<misses>2055001</misses>
				<total>9</total>
				<timestamp>636.414393</timestamp>
			</report>
			<report>
				<misses>2056001</misses>
				<total>9</total>
				<timestamp>636.724069</timestamp>
			</report>
			<report>
				<misses>2057001</misses>
				<total>9</total>
				<timestamp>637.033796</timestamp>
			</report>
			<report>
				<misses>2058001</misses>
				<total>9</total>
				<timestamp>637.343480</timestamp>
			</report>
			<report>
				<misses>2059001</misses>
				<total>9</total>
				<timestamp>637.653140</timestamp>
			</report>
			<report>
				<misses>2060001</misses>
				<total>9</total>
				<timestamp>637.962826</timestamp>
			</report>
			<report>
				<misses>2061001</misses>
				<total>9</total>
				<timestamp>638.272507</timestamp>
			</report>
			<report>
				<misses>2062001</misses>
				<total>9</total>
				<timestamp>638.582175</timestamp>
			</report>
			<report>
				<misses>2063001</misses>
				<total>9</total>
				<timestamp>638.891891</timestamp>
			</report>
			<report>
				<misses>2064001</misses>
				<total>9</total>
				<timestamp>639.201582</timestamp>
			</report>
			<report>
				<misses>2065001</misses>
				<total>9</total>
				<timestamp>639.511270</timestamp>
			</report>
			<report>
				<misses>2066001</misses>
				<total>9</total>
				<timestamp>639.820942</timestamp>
			</report>
			<report>
				<misses>2067001</misses>
				<total>9</total>
				<timestamp>640.130687</timestamp>
			</report>
			<report>
				<misses>2068001</misses>
				<total>9</total>
				<timestamp>640.440327</timestamp>
			</report>
			<report>
				<misses>2069001</misses>
				<total>9</total>
				<timestamp>640.750022</timestamp>
			</report>
			<report>
				<misses>2070001</misses>
				<total>9</total>
				<timestamp>641.059725</timestamp>
			</report>
			<report>
				<misses>2071001</misses>
				<total>9</total>
				<timestamp>641.369401</timestamp>
			</report>
			<report>
				<misses>2072001</misses>
				<total>9</total>
				<timestamp>641.679081</timestamp>
			</report>
			<report>
				<misses>2073001</misses>
				<total>9</total>
				<timestamp>641.988827</timestamp>
			</report>
			<report>
				<misses>2074001</misses>
				<total>9</total>
				<timestamp>642.298534</timestamp>
			</report>
			<report>
				<misses>2075001</misses>
				<total>9</total>
				<timestamp>642.608180</timestamp>
			</report>
			<report>
				<misses>2076001</misses>
				<total>9</total>
				<timestamp>642.917887</timestamp>
			</report>
			<report>
				<misses>2077001</misses>
				<total>9</total>
				<timestamp>643.227537</timestamp>
			</report>
			<report>
				<misses>2078001</misses>
				<total>9</total>
				<timestamp>643.537236</timestamp>
			</report>
			<report>
				<misses>2079001</misses>
				<total>9</total>
				<timestamp>643.846909</timestamp>
			</report>
			<report>
				<misses>2080001</misses>
				<total>9</total>
				<timestamp>644.156630</timestamp>
			</report>
			<report>
				<misses>2081001</misses>
				<total>9</total>
				<timestamp>644.466320</timestamp>
			</report>
			<report>
				<misses>2082001</misses>
				<total>9</total>
				<timestamp>644.776012</timestamp>
			</report>
			<report>
				<misses>2083001</misses>
				<total>9</total>
				<timestamp>645.085704</timestamp>
			</report>
			<report>
				<misses>2084001</misses>
				<total>9</total>
				<timestamp>645.395403</timestamp>
			</report>
			<report>
				<misses>2085001</misses>
				<total>9</total>
				<timestamp>645.705062</timestamp>
			</report>
			<report>
				<misses>2086001</misses>
				<total>9</total>
				<timestamp>646.014757</timestamp>
			</report>
			<report>
				<misses>2087001</misses>
				<total>9</total>
				<timestamp>646.324426</timestamp>
			</report>
			<report>
				<misses>2088001</misses>
				<total>9</total>
				<timestamp>646.634141</timestamp>
			</report>
			<report>
				<misses>2089001</misses>
				<total>9</total>
				<timestamp>646.943885</timestamp>
			</report>
			<report>
				<misses>2090001</misses>
				<total>9</total>
				<timestamp>647.253572</timestamp>
			</report>
			<report>
				<misses>2091001</misses>
				<total>9</total>
				<timestamp>647.563210</timestamp>
			</report>
			<report>
				<misses>2092001</misses>
				<total>9</total>
				<timestamp>647.872911</timestamp>
			</report>
			<report>
				<misses>2093001</misses>
				<total>9</total>
				<timestamp>648.182624</timestamp>
			</report>
			<report>
				<misses>2094001</misses>
				<total>9</total>
				<timestamp>648.492285</timestamp>
			</report>
			<report>
				<misses>2095001</misses>
				<total>9</total>
				<timestamp>648.801962</timestamp>
			</report>
			<report>
				<misses>2096001</misses>
				<total>9</total>
				<timestamp>649.111699</timestamp>
			</report>
			<report>
				<misses>2097001</misses>
				<total>9</total>
				<timestamp>649.421410</timestamp>
			</report>
			<report>
				<misses>2098001</misses>
				<total>9</total>
				<timestamp>649.731019</timestamp>
			</report>
			<report>
				<misses>2099001</misses>
				<total>9</total>
				<timestamp>650.040757</timestamp>
			</report>
			<report>
				<misses>2100001</misses>
				<total>9</total>
				<timestamp>650.350449</timestamp>
			</report>
			<report>
				<misses>2101001</misses>
				<total>9</total>
				<timestamp>650.660132</timestamp>
			</report>
			<report>
				<misses>2102001</misses>
				<total>9</total>
				<timestamp>650.969808</timestamp>
			</report>
			<report>
				<misses>2103001</misses>
				<total>9</total>
				<timestamp>651.279519</timestamp>
			</report>
			<report>
				<misses>2104001</misses>
				<total>9</total>
				<timestamp>651.589171</timestamp>
			</report>
			<report>
				<misses>2105001</misses>
				<total>9</total>
				<timestamp>651.898880</timestamp>
			</report>
			<report>
				<misses>2106001</misses>
				<total>9</total>
				<timestamp>652.208595</timestamp>
			</report>
			<report>
				<misses>2107001</misses>
				<total>9</total>
				<timestamp>652.518253</timestamp>
			</report>
			<report>
				<misses>2108001</misses>
				<total>9</total>
				<timestamp>652.827935</timestamp>
			</report>
			<report>
				<misses>2109001</misses>
				<total>9</total>
				<timestamp>653.137633</timestamp>
			</report>
			<report>
				<misses>2110001</misses>
				<total>9</total>
				<timestamp>653.447309</timestamp>
			</report>
			<report>
				<misses>2111001</misses>
				<total>9</total>
				<timestamp>653.757006</timestamp>
			</report>
			<report>
				<misses>2112001</misses>
				<total>9</total>
				<timestamp>654.066701</timestamp>
			</report>
			<report>
				<misses>2113001</misses>
				<total>9</total>
				<timestamp>654.376429</timestamp>
			</report>
			<report>
				<misses>2114001</misses>
				<total>9</total>
				<timestamp>654.686080</timestamp>
			</report>
			<report>
				<misses>2115001</misses>
				<total>9</total>
				<timestamp>654.995794</timestamp>
			</report>
			<report>
				<misses>2116001</misses>
				<total>9</total>
				<timestamp>655.305479</timestamp>
			</report>
			<report>
				<misses>2117001</misses>
				<total>9</total>
				<timestamp>655.615151</timestamp>
			</report>
			<report>
				<misses>2118001</misses>
				<total>9</total>
				<timestamp>655.924835</timestamp>
			</report>
			<report>
				<misses>2119001</misses>
				<total>9</total>
				<timestamp>656.234542</timestamp>
			</report>
			<report>
				<misses>2120001</misses>
				<total>9</total>
				<timestamp>656.544220</timestamp>
			</report>
			<report>
				<misses>2121001</misses>
				<total>9</total>
				<timestamp>656.853908</timestamp>
			</report>
			<report>
				<misses>2122001</misses>
				<total>9</total>
				<timestamp>657.163632</timestamp>
			</report>
			<report>
				<misses>2123001</misses>
				<total>9</total>
				<timestamp>657.473288</timestamp>
			</report>
			<report>
				<misses>2124001</misses>
				<total>9</total>
				<timestamp>657.782955</timestamp>
			</report>
			<report>
				<misses>2125001</misses>
				<total>9</total>
				<timestamp>658.092678</timestamp>
			</report>
			<report>
				<misses>2126001</misses>
				<total>9</total>
				<timestamp>658.402362</timestamp>
			</report>
			<report>
				<misses>2127001</misses>
				<total>9</total>
				<timestamp>658.712059</timestamp>
			</report>
			<report>
				<misses>2128001</misses>
				<total>9</total>
				<timestamp>659.021787</timestamp>
			</report>
			<report>
				<misses>2129001</misses>
				<total>9</total>
				<timestamp>659.331448</timestamp>
			</report>
			<report>
				<misses>2130001</misses>
				<total>9</total>
				<timestamp>659.641121</timestamp>
			</report>
			<report>
				<misses>2131001</misses>
				<total>9</total>
				<timestamp>659.950828</timestamp>
			</report>
			<report>
				<misses>2132001</misses>
				<total>9</total>
				<timestamp>660.260508</timestamp>
			</report>
			<report>
				<misses>2133001</misses>
				<total>9</total>
				<timestamp>660.570171</timestamp>
			</report>
			<report>
				<misses>2134001</misses>
				<total>9</total>
				<timestamp>660.879922</timestamp>
			</report>
			<report>
				<misses>2135001</misses>
				<total>9</total>
				<timestamp>661.189629</timestamp>
			</report>
			<report>
				<misses>2136001</misses>
				<total>9</total>
				<timestamp>661.499263</timestamp>
			</report>
			<report>
				<misses>2137001</misses>
				<total>9</total>
				<timestamp>661.808963</timestamp>
			</report>
			<report>
				<misses>2138001</misses>
				<total>9</total>
				<timestamp>662.118646</timestamp>
			</report>
			<report>
				<misses>2139001</misses>
				<total>9</total>
				<timestamp>662.428306</timestamp>
			</report>
			<report>
				<misses>2140001</misses>
				<total>9</total>
				<timestamp>662.738011</timestamp>
			</report>
			<report>
				<misses>2141001</misses>
				<total>9</total>
				<timestamp>663.047770</timestamp>
			</report>
			<report>
				<misses>2142001</misses>
				<total>9</total>
				<timestamp>663.357400</timestamp>
			</report>
			<report>
				<misses>2143001</misses>
				<total>9</total>
				<timestamp>663.667099</timestamp>
			</report>
			<report>
				<misses>2144001</misses>
				<total>9</total>
				<timestamp>663.976781</timestamp>
			</report>
			<report>
				<misses>2145001</misses>
				<total>9</total>
				<timestamp>664.286469</timestamp>
			</report>
			<report>
				<misses>2146001</misses>
				<total>9</total>
				<timestamp>664.596157</timestamp>
			</report>
			<report>
				<misses>2147001</misses>
				<total>9</total>
				<timestamp>664.905860</timestamp>
			</report>
			<report>
				<misses>2148001</misses>
				<total>9</total>
				<timestamp>665.215559</timestamp>
			</report>
			<report>
				<misses>2149001</misses>
				<total>9</total>
				<timestamp>665.525258</timestamp>
			</report>
			<report>
				<misses>2150001</misses>
				<total>9</total>
				<timestamp>665.834928</timestamp>
			</report>
			<report>
				<misses>2151001</misses>
				<total>9</total>
				<timestamp>666.144666</timestamp>
			</report>
			<report>
				<misses>2152001</misses>
				<total>9</total>
				<timestamp>666.454322</timestamp>
			</report>
			<report>
				<misses>2153001</misses>
				<total>9</total>
				<timestamp>666.763991</timestamp>
			</report>
			<report>
				<misses>2154001</misses>
				<total>9</total>
				<timestamp>667.073696</timestamp>
			</report>
			<report>
				<misses>2155001</misses>
				<total>9</total>
				<timestamp>667.383348</timestamp>
			</report>
			<report>
				<misses>2156001</misses>
				<total>9</total>
				<timestamp>667.693049</timestamp>
			</report>
			<report>
				<misses>2157001</misses>
				<total>9</total>
				<timestamp>668.002756</timestamp>
			</report>
			<report>
				<misses>2158001</misses>
				<total>9</total>
				<timestamp>668.312429</timestamp>
			</report>
			<report>
				<misses>2159001</misses>
				<total>9</total>
				<timestamp>668.622122</timestamp>
			</report>
			<report>
				<misses>2160001</misses>
				<total>9</total>
				<timestamp>668.931820</timestamp>
			</report>
			<report>
				<misses>2161001</misses>
				<total>9</total>
				<timestamp>669.241523</timestamp>
			</report>
			<report>
				<misses>2162001</misses>
				<total>9</total>
				<timestamp>669.551191</timestamp>
			</report>
			<report>
				<misses>2163001</misses>
				<total>9</total>
				<timestamp>669.860889</timestamp>
			</report>
			<report>
				<misses>2164001</misses>
				<total>9</total>
				<timestamp>670.170593</timestamp>
			</report>
			<report>
				<misses>2165001</misses>
				<total>9</total>
				<timestamp>670.480300</timestamp>
			</report>
			<report>
				<misses>2166001</misses>
				<total>9</total>
				<timestamp>670.789962</timestamp>
			</report>
			<report>
				<misses>2167001</misses>
				<total>9</total>
				<timestamp>671.099670</timestamp>
			</report>
			<report>
				<misses>2168001</misses>
				<total>9</total>
				<timestamp>671.409362</timestamp>
			</report>
			<report>
				<misses>2169001</misses>
				<total>9</total>
				<timestamp>671.719032</timestamp>
			</report>
			<report>
				<misses>2170001</misses>
				<total>9</total>
				<timestamp>672.028746</timestamp>
			</report>
			<report>
				<misses>2171001</misses>
				<total>9</total>
				<timestamp>672.338425</timestamp>
			</report>
			<report>
				<misses>2172001</misses>
				<total>9</total>
				<timestamp>672.648100</timestamp>
			</report>
			<report>
				<misses>2173001</misses>
				<total>9</total>
				<timestamp>672.957777</timestamp>
			</report>
			<report>
				<misses>2174001</misses>
				<total>9</total>
				<timestamp>673.267536</timestamp>
			</report>
			<report>
				<misses>2175001</misses>
				<total>9</total>
				<timestamp>673.577162</timestamp>
			</report>
			<report>
				<misses>2176001</misses>
				<total>9</total>
				<timestamp>673.886858</timestamp>
			</report>
			<report>
				<misses>2177001</misses>
				<total>9</total>
				<timestamp>674.196566</timestamp>
			</report>
			<report>
				<misses>2178001</misses>
				<total>9</total>
				<timestamp>674.506265</timestamp>
			</report>
			<report>
				<misses>2179001</misses>
				<total>9</total>
				<timestamp>674.815917</timestamp>
			</report>
			<report>
				<misses>2180001</misses>
				<total>9</total>
				<timestamp>675.125696</timestamp>
			</report>
			<report>
				<misses>2181001</misses>
				<total>9</total>
				<timestamp>675.435297</timestamp>
			</report>
			<report>
				<misses>2182001</misses>
				<total>9</total>
				<timestamp>675.744989</timestamp>
			</report>
			<report>
				<misses>2183001</misses>
				<total>9</total>
				<timestamp>676.054693</timestamp>
			</report>
			<report>
				<misses>2184001</misses>
				<total>9</total>
				<timestamp>676.364418</timestamp>
			</report>
			<report>
				<misses>2185001</misses>
				<total>9</total>
				<timestamp>676.674074</timestamp>
			</report>
			<report>
				<misses>2186001</misses>
				<total>9</total>
				<timestamp>676.983760</timestamp>
			</report>
			<report>
				<misses>2187001</misses>
				<total>9</total>
				<timestamp>677.293494</timestamp>
			</report>
			<report>
				<misses>2188001</misses>
				<total>9</total>
				<timestamp>677.603130</timestamp>
			</report>
			<report>
				<misses>2189001</misses>
				<total>9</total>
				<timestamp>677.912821</timestamp>
			</report>
			<report>
				<misses>2190001</misses>
				<total>9</total>
				<timestamp>678.222526</timestamp>
			</report>
			<report>
				<misses>2191001</misses>
				<total>9</total>
				<timestamp>678.532252</timestamp>
			</report>
			<report>
				<misses>2192001</misses>
				<total>9</total>
				<timestamp>678.841899</timestamp>
			</report>
			<report>
				<misses>2193001</misses>
				<total>9</total>
				<timestamp>679.151613</timestamp>
			</report>
			<report>
				<misses>2194001</misses>
				<total>9</total>
				<timestamp>679.461301</timestamp>
			</report>
			<report>
				<misses>2195001</misses>
				<total>9</total>
				<timestamp>679.770966</timestamp>
			</report>
			<report>
				<misses>2196001</misses>
				<total>9</total>
				<timestamp>680.080662</timestamp>
			</report>
			<report>
				<misses>2197001</misses>
				<total>9</total>
				<timestamp>680.390391</timestamp>
			</report>
			<report>
				<misses>2198001</misses>
				<total>9</total>
				<timestamp>680.700038</timestamp>
			</report>
			<report>
				<misses>2199001</misses>
				<total>9</total>
				<timestamp>681.009761</timestamp>
			</report>
			<report>
				<misses>2200001</misses>
				<total>9</total>
				<timestamp>681.319450</timestamp>
			</report>
			<report>
				<misses>2201001</misses>
				<total>9</total>
				<timestamp>681.629123</timestamp>
			</report>
			<report>
				<misses>2202001</misses>
				<total>9</total>
				<timestamp>681.938804</timestamp>
			</report>
			<report>
				<misses>2203001</misses>
				<total>9</total>
				<timestamp>682.248516</timestamp>
			</report>
			<report>
				<misses>2204001</misses>
				<total>9</total>
				<timestamp>682.558164</timestamp>
			</report>
			<report>
				<misses>2205001</misses>
				<total>9</total>
				<timestamp>682.867870</timestamp>
			</report>
			<report>
				<misses>2206001</misses>
				<total>9</total>
				<timestamp>683.177604</timestamp>
			</report>
			<report>
				<misses>2207001</misses>
				<total>9</total>
				<timestamp>683.487246</timestamp>
			</report>
			<report>
				<misses>2208001</misses>
				<total>9</total>
				<timestamp>683.796943</timestamp>
			</report>
			<report>
				<misses>2209001</misses>
				<total>9</total>
				<timestamp>684.106642</timestamp>
			</report>
			<report>
				<misses>2210001</misses>
				<total>9</total>
				<timestamp>684.416339</timestamp>
			</report>
			<report>
				<misses>2211001</misses>
				<total>9</total>
				<timestamp>684.726005</timestamp>
			</report>
			<report>
				<misses>2212001</misses>
				<total>9</total>
				<timestamp>685.035710</timestamp>
			</report>
			<report>
				<misses>2213001</misses>
				<total>9</total>
				<timestamp>685.345412</timestamp>
			</report>
			<report>
				<misses>2214001</misses>
				<total>9</total>
				<timestamp>685.655074</timestamp>
			</report>
			<report>
				<misses>2215001</misses>
				<total>9</total>
				<timestamp>685.964867</timestamp>
			</report>
			<report>
				<misses>2216001</misses>
				<total>9</total>
				<timestamp>686.274478</timestamp>
			</report>
			<report>
				<misses>2217001</misses>
				<total>9</total>
				<timestamp>686.584167</timestamp>
			</report>
			<report>
				<misses>2218001</misses>
				<total>9</total>
				<timestamp>686.893824</timestamp>
			</report>
			<report>
				<misses>2219001</misses>
				<total>9</total>
				<timestamp>687.203535</timestamp>
			</report>
			<report>
				<misses>2220001</misses>
				<total>9</total>
				<timestamp>687.513214</timestamp>
			</report>
			<report>
				<misses>2221001</misses>
				<total>9</total>
				<timestamp>687.822896</timestamp>
			</report>
			<report>
				<misses>2222001</misses>
				<total>9</total>
				<timestamp>688.132676</timestamp>
			</report>
			<report>
				<misses>2223001</misses>
				<total>9</total>
				<timestamp>688.442279</timestamp>
			</report>
			<report>
				<misses>2224001</misses>
				<total>9</total>
				<timestamp>688.751971</timestamp>
			</report>
			<report>
				<misses>2225001</misses>
				<total>9</total>
				<timestamp>689.061665</timestamp>
			</report>
			<report>
				<misses>2226001</misses>
				<total>9</total>
				<timestamp>689.371405</timestamp>
			</report>
			<report>
				<misses>2227001</misses>
				<total>9</total>
				<timestamp>689.681029</timestamp>
			</report>
			<report>
				<misses>2228001</misses>
				<total>9</total>
				<timestamp>689.990738</timestamp>
			</report>
			<report>
				<misses>2229001</misses>
				<total>9</total>
				<timestamp>690.300421</timestamp>
			</report>
			<report>
				<misses>2230001</misses>
				<total>9</total>
				<timestamp>690.610112</timestamp>
			</report>
			<report>
				<misses>2231001</misses>
				<total>9</total>
				<timestamp>690.919797</timestamp>
			</report>
			<report>
				<misses>2232001</misses>
				<total>9</total>
				<timestamp>691.229525</timestamp>
			</report>
			<report>
				<misses>2233001</misses>
				<total>9</total>
				<timestamp>691.539185</timestamp>
			</report>
			<report>
				<misses>2234001</misses>
				<total>9</total>
				<timestamp>691.848880</timestamp>
			</report>
			<report>
				<misses>2235001</misses>
				<total>9</total>
				<timestamp>692.158554</timestamp>
			</report>
			<report>
				<misses>2236001</misses>
				<total>9</total>
				<timestamp>692.468238</timestamp>
			</report>
			<report>
				<misses>2237001</misses>
				<total>9</total>
				<timestamp>692.777934</timestamp>
			</report>
			<report>
				<misses>2238001</misses>
				<total>9</total>
				<timestamp>693.087626</timestamp>
			</report>
			<report>
				<misses>2239001</misses>
				<total>9</total>
				<timestamp>693.397333</timestamp>
			</report>
			<report>
				<misses>2240001</misses>
				<total>9</total>
				<timestamp>693.707004</timestamp>
			</report>
			<report>
				<misses>2241001</misses>
				<total>9</total>
				<timestamp>694.016705</timestamp>
			</report>
			<report>
				<misses>2242001</misses>
				<total>9</total>
				<timestamp>694.326409</timestamp>
			</report>
			<report>
				<misses>2243001</misses>
				<total>9</total>
				<timestamp>694.636065</timestamp>
			</report>
			<report>
				<misses>2244001</misses>
				<total>9</total>
				<timestamp>694.945774</timestamp>
			</report>
			<report>
				<misses>2245001</misses>
				<total>9</total>
				<timestamp>695.255503</timestamp>
			</report>
			<report>
				<misses>2246001</misses>
				<total>9</total>
				<timestamp>695.565189</timestamp>
			</report>
			<report>
				<misses>2247001</misses>
				<total>9</total>
				<timestamp>695.874854</timestamp>
			</report>
			<report>
				<misses>2248001</misses>
				<total>9</total>
				<timestamp>696.184543</timestamp>
			</report>
			<report>
				<misses>2249001</misses>
				<total>9</total>
				<timestamp>696.494276</timestamp>
			</report>
			<report>
				<misses>2250001</misses>
				<total>9</total>
				<timestamp>696.803915</timestamp>
			</report>
			<report>
				<misses>2251001</misses>
				<total>9</total>
				<timestamp>697.113603</timestamp>
			</report>
			<report>
				<misses>2252001</misses>
				<total>9</total>
				<timestamp>697.423311</timestamp>
			</report>
			<report>
				<misses>2253001</misses>
				<total>9</total>
				<timestamp>697.732974</timestamp>
			</report>
			<report>
				<misses>2254001</misses>
				<total>9</total>
				<timestamp>698.042727</timestamp>
			</report>
			<report>
				<misses>2255001</misses>
				<total>9</total>
				<timestamp>698.352402</timestamp>
			</report>
			<report>
				<misses>2256001</misses>
				<total>9</total>
				<timestamp>698.662064</timestamp>
			</report>
			<report>
				<misses>2257001</misses>
				<total>9</total>
				<timestamp>698.971770</timestamp>
			</report>
			<report>
				<misses>2258001</misses>
				<total>9</total>
				<timestamp>699.281446</timestamp>
			</report>
			<report>
				<misses>2259001</misses>
				<total>9</total>
				<timestamp>699.591154</timestamp>
			</report>
			<report>
				<misses>2260001</misses>
				<total>9</total>
				<timestamp>699.900815</timestamp>
			</report>
			<report>
				<misses>2261001</misses>
				<total>9</total>
				<timestamp>700.210513</timestamp>
			</report>
			<report>
				<misses>2262001</misses>
				<total>9</total>
				<timestamp>700.520221</timestamp>
			</report>
			<report>
				<misses>2263001</misses>
				<total>9</total>
				<timestamp>700.829892</timestamp>
			</report>
			<report>
				<misses>2264001</misses>
				<total>9</total>
				<timestamp>701.139627</timestamp>
			</report>
			<report>
				<misses>2265001</misses>
				<total>9</total>
				<timestamp>701.449286</timestamp>
			</report>
			<report>
				<misses>2266001</misses>
				<total>9</total>
				<timestamp>701.758940</timestamp>
			</report>
			<report>
				<misses>2267001</misses>
				<total>9</total>
				<timestamp>702.068639</timestamp>
			</report>
			<report>
				<misses>2268001</misses>
				<total>9</total>
				<timestamp>702.378371</timestamp>
			</report>
			<report>
				<misses>2269001</misses>
				<total>9</total>
				<timestamp>702.688011</timestamp>
			</report>
			<report>
				<misses>2270001</misses>
				<total>9</total>
				<timestamp>702.997738</timestamp>
			</report>
			<report>
				<misses>2271001</misses>
				<total>9</total>
				<timestamp>703.307439</timestamp>
			</report>
			<report>
				<misses>2272001</misses>
				<total>9</total>
				<timestamp>703.617123</timestamp>
			</report>
			<report>
				<misses>2273001</misses>
				<total>9</total>
				<timestamp>703.926782</timestamp>
			</report>
			<report>
				<misses>2274001</misses>
				<total>9</total>
				<timestamp>704.236507</timestamp>
			</report>
			<report>
				<misses>2275001</misses>
				<total>9</total>
				<timestamp>704.546174</timestamp>
			</report>
			<report>
				<misses>2276001</misses>
				<total>9</total>
				<timestamp>704.855856</timestamp>
			</report>
			<report>
				<misses>2277001</misses>
				<total>9</total>
				<timestamp>705.165540</timestamp>
			</report>
			<report>
				<misses>2278001</misses>
				<total>9</total>
				<timestamp>705.475260</timestamp>
			</report>
			<report>
				<misses>2279001</misses>
				<total>9</total>
				<timestamp>705.784940</timestamp>
			</report>
			<report>
				<misses>2280001</misses>
				<total>9</total>
				<timestamp>706.094632</timestamp>
			</report>
			<report>
				<misses>2281001</misses>
				<total>9</total>
				<timestamp>706.404344</timestamp>
			</report>
			<report>
				<misses>2282001</misses>
				<total>9</total>
				<timestamp>706.714019</timestamp>
			</report>
			<report>
				<misses>2283001</misses>
				<total>9</total>
				<timestamp>707.023715</timestamp>
			</report>
			<report>
				<misses>2284001</misses>
				<total>9</total>
				<timestamp>707.333486</timestamp>
			</report>
			<report>
				<misses>2285001</misses>
				<total>9</total>
				<timestamp>707.643105</timestamp>
			</report>
			<report>
				<misses>2286001</misses>
				<total>9</total>
				<timestamp>707.952761</timestamp>
			</report>
			<report>
				<misses>2287001</misses>
				<total>9</total>
				<timestamp>708.262463</timestamp>
			</report>
			<report>
				<misses>2288001</misses>
				<total>9</total>
				<timestamp>708.572163</timestamp>
			</report>
			<report>
				<misses>2289001</misses>
				<total>9</total>
				<timestamp>708.881840</timestamp>
			</report>
			<report>
				<misses>2290001</misses>
				<total>9</total>
				<timestamp>709.191526</timestamp>
			</report>
			<report>
				<misses>2291001</misses>
				<total>9</total>
				<timestamp>709.501215</timestamp>
			</report>
			<report>
				<misses>2292001</misses>
				<total>9</total>
				<timestamp>709.810902</timestamp>
			</report>
			<report>
				<misses>2293001</misses>
				<total>9</total>
				<timestamp>710.120601</timestamp>
			</report>
			<report>
				<misses>2294001</misses>
				<total>9</total>
				<timestamp>710.430354</timestamp>
			</report>
			<report>
				<misses>2295001</misses>
				<total>9</total>
				<timestamp>710.739956</timestamp>
			</report>
			<report>
				<misses>2296001</misses>
				<total>9</total>
				<timestamp>711.049652</timestamp>
			</report>
			<report>
				<misses>2297001</misses>
				<total>9</total>
				<timestamp>711.359391</timestamp>
			</report>
			<report>
				<misses>2298001</misses>
				<total>9</total>
				<timestamp>711.669033</timestamp>
			</report>
			<report>
				<misses>2299001</misses>
				<total>9</total>
				<timestamp>711.978751</timestamp>
			</report>
			<report>
				<misses>2300001</misses>
				<total>9</total>
				<timestamp>712.288430</timestamp>
			</report>
			<report>
				<misses>2301001</misses>
				<total>9</total>
				<timestamp>712.598120</timestamp>
			</report>
			<report>
				<misses>2302001</misses>
				<total>9</total>
				<timestamp>712.907786</timestamp>
			</report>
			<report>
				<misses>2303001</misses>
				<total>9</total>
				<timestamp>713.217516</timestamp>
			</report>
			<report>
				<misses>2304001</misses>
				<total>9</total>
				<timestamp>713.527175</timestamp>
			</report>
			<report>
				<misses>2305001</misses>
				<total>9</total>
				<timestamp>713.836857</timestamp>
			</report>
			<report>
				<misses>2306001</misses>
				<total>9</total>
				<timestamp>714.146558</timestamp>
			</report>
			<report>
				<misses>2307001</misses>
				<total>9</total>
				<timestamp>714.456264</timestamp>
			</report>
			<report>
				<misses>2308001</misses>
				<total>9</total>
				<timestamp>714.765991</timestamp>
			</report>
			<report>
				<misses>2309001</misses>
				<total>9</total>
				<timestamp>715.075623</timestamp>
			</report>
			<report>
				<misses>2310001</misses>
				<total>9</total>
				<timestamp>715.385320</timestamp>
			</report>
			<report>
				<misses>2311001</misses>
				<total>9</total>
				<timestamp>715.695058</timestamp>
			</report>
			<report>
				<misses>2312001</misses>
				<total>9</total>
				<timestamp>716.004698</timestamp>
			</report>
			<report>
				<misses>2313001</misses>
				<total>9</total>
				<timestamp>716.314391</timestamp>
			</report>
			<report>
				<misses>2314001</misses>
				<total>9</total>
				<timestamp>716.624071</timestamp>
			</report>
			<report>
				<misses>2315001</misses>
				<total>9</total>
				<timestamp>716.933754</timestamp>
			</report>
			<report>
				<misses>2316001</misses>
				<total>10</total>
				<timestamp>717.243524</timestamp>
			</report>
			<report>
				<misses>2317001</misses>
				<total>10</total>
				<timestamp>717.553143</timestamp>
			</report>
			<report>
				<misses>2318001</misses>
				<total>10</total>
				<timestamp>717.862836</timestamp>
			</report>
			<report>
				<misses>2319001</misses>
				<total>10</total>
				<timestamp>718.172522</timestamp>
			</report>
			<report>
				<misses>2320001</misses>
				<total>10</total>
				<timestamp>718.482248</timestamp>
			</report>
			<report>
				<misses>2321001</misses>
				<total>10</total>
				<timestamp>718.791891</timestamp>
			</report>
			<report>
				<misses>2322001</misses>
				<total>10</total>
				<timestamp>719.101585</timestamp>
			</report>
			<report>
				<misses>2323001</misses>
				<total>10</total>
				<timestamp>719.411291</timestamp>
			</report>
			<report>
				<misses>2324001</misses>
				<total>10</total>
				<timestamp>719.720980</timestamp>
			</report>
			<report>
				<misses>2325001</misses>
				<total>10</total>
				<timestamp>720.030659</timestamp>
			</report>
			<report>
				<misses>2326001</misses>
				<total>10</total>
				<timestamp>720.340391</timestamp>
			</report>
			<report>
				<misses>2327001</misses>
				<total>10</total>
				<timestamp>720.650053</timestamp>
			</report>
			<report>
				<misses>2328001</misses>
				<total>10</total>
				<timestamp>720.959747</timestamp>
			</report>
			<report>
				<misses>2329001</misses>
				<total>10</total>
				<timestamp>721.269462</timestamp>
			</report>
			<report>
				<misses>2330001</misses>
				<total>10</total>
				<timestamp>721.579185</timestamp>
			</report>
			<report>
				<misses>2331001</misses>
				<total>10</total>
				<timestamp>721.888823</timestamp>
			</report>
			<report>
				<misses>2332001</misses>
				<total>10</total>
				<timestamp>722.198507</timestamp>
			</report>
			<report>
				<misses>2333001</misses>
				<total>10</total>
				<timestamp>722.508220</timestamp>
			</report>
			<report>
				<misses>2334001</misses>
				<total>10</total>
				<timestamp>722.817901</timestamp>
			</report>
			<report>
				<misses>2335001</misses>
				<total>10</total>
				<timestamp>723.127591</timestamp>
			</report>
			<report>
				<misses>2336001</misses>
				<total>10</total>
				<timestamp>723.437277</timestamp>
			</report>
			<report>
				<misses>2337001</misses>
				<total>10</total>
				<timestamp>723.746945</timestamp>
			</report>
			<report>
				<misses>2338001</misses>
				<total>10</total>
				<timestamp>724.056637</timestamp>
			</report>
			<report>
				<misses>2339001</misses>
				<total>10</total>
				<timestamp>724.366350</timestamp>
			</report>
			<report>
				<misses>2340001</misses>
				<total>10</total>
				<timestamp>724.676001</timestamp>
			</report>
			<report>
				<misses>2341001</misses>
				<total>10</total>
				<timestamp>724.985705</timestamp>
			</report>
			<report>
				<misses>2342001</misses>
				<total>10</total>
				<timestamp>725.295431</timestamp>
			</report>
			<report>
				<misses>2343001</misses>
				<total>10</total>
				<timestamp>725.605090</timestamp>
			</report>
			<report>
				<misses>2344001</misses>
				<total>10</total>
				<timestamp>725.914791</timestamp>
			</report>
			<report>
				<misses>2345001</misses>
				<total>10</total>
				<timestamp>726.224473</timestamp>
			</report>
			<report>
				<misses>2346001</misses>
				<total>10</total>
				<timestamp>726.534189</timestamp>
			</report>
			<report>
				<misses>2347001</misses>
				<total>10</total>
				<timestamp>726.843835</timestamp>
			</report>
			<report>
				<misses>2348001</misses>
				<total>10</total>
				<timestamp>727.153577</timestamp>
			</report>
			<report>
				<misses>2349001</misses>
				<total>10</total>
				<timestamp>727.463264</timestamp>
			</report>
			<report>
				<misses>2350001</misses>
				<total>10</total>
				<timestamp>727.772917</timestamp>
			</report>
			<report>
				<misses>2351001</misses>
				<total>10</total>
				<timestamp>728.082615</timestamp>
			</report>
			<report>
				<misses>2352001</misses>
				<total>10</total>
				<timestamp>728.392303</timestamp>
			</report>
			<report>
				<misses>2353001</misses>
				<total>10</total>
				<timestamp>728.702027</timestamp>
			</report>
			<report>
				<misses>2354001</misses>
				<total>10</total>
				<timestamp>729.011679</timestamp>
			</report>
			<report>
				<misses>2355001</misses>
				<total>10</total>
				<timestamp>729.321371</timestamp>
			</report>
			<report>
				<misses>2356001</misses>
				<total>10</total>
				<timestamp>729.631056</timestamp>
			</report>
			<report>
				<misses>2357001</misses>
				<total>10</total>
				<timestamp>729.940751</timestamp>
			</report>
			<report>
				<misses>2358001</misses>
				<total>10</total>
				<timestamp>730.250445</timestamp>
			</report>
			<report>
				<misses>2359001</misses>
				<total>10</total>
				<timestamp>730.560146</timestamp>
			</report>
			<report>
				<misses>2360001</misses>
				<total>10</total>
				<timestamp>730.869829</timestamp>
			</report>
			<report>
				<misses>2361001</misses>
				<total>10</total>
				<timestamp>731.179503</timestamp>
			</report>
			<report>
				<misses>2362001</misses>
				<total>10</total>
				<timestamp>731.489204</timestamp>
			</report>
			<report>
				<misses>2363001</misses>
				<total>10</total>
				<timestamp>731.798877</timestamp>
			</report>
			<report>
				<misses>2364001</misses>
				<total>10</total>
				<timestamp>732.108566</timestamp>
			</report>
			<report>
				<misses>2365001</misses>
				<total>10</total>
				<timestamp>732.418277</timestamp>
			</report>
			<report>
				<misses>2366001</misses>
				<total>10</total>
				<timestamp>732.727980</timestamp>
			</report>
			<report>
				<misses>2367001</misses>
				<total>10</total>
				<timestamp>733.037632</timestamp>
			</report>
			<report>
				<misses>2368001</misses>
				<total>10</total>
				<timestamp>733.347336</timestamp>
			</report>
			<report>
				<misses>2369001</misses>
				<total>10</total>
				<timestamp>733.657018</timestamp>
			</report>
			<report>
				<misses>2370001</misses>
				<total>10</total>
				<timestamp>733.966725</timestamp>
			</report>
			<report>
				<misses>2371001</misses>
				<total>10</total>
				<timestamp>734.276401</timestamp>
			</report>
			<report>
				<misses>2372001</misses>
				<total>10</total>
				<timestamp>734.586158</timestamp>
			</report>
			<report>
				<misses>2373001</misses>
				<total>10</total>
				<timestamp>734.895766</timestamp>
			</report>
			<report>
				<misses>2374001</misses>
				<total>10</total>
				<timestamp>735.205478</timestamp>
			</report>
			<report>
				<misses>2375001</misses>
				<total>10</total>
				<timestamp>735.515176</timestamp>
			</report>
			<report>
				<misses>2376001</misses>
				<total>10</total>
				<timestamp>735.824845</timestamp>
			</report>
			<report>
				<misses>2377001</misses>
				<total>10</total>
				<timestamp>736.134570</timestamp>
			</report>
			<report>
				<misses>2378001</misses>
				<total>10</total>
				<timestamp>736.444275</timestamp>
			</report>
			<report>
				<misses>2379001</misses>
				<total>10</total>
				<timestamp>736.753903</timestamp>
			</report>
			<report>
				<misses>2380001</misses>
				<total>10</total>
				<timestamp>737.063609</timestamp>
			</report>
			<report>
				<misses>2381001</misses>
				<total>10</total>
				<timestamp>737.373330</timestamp>
			</report>
			<report>
				<misses>2382001</misses>
				<total>10</total>
				<timestamp>737.683044</timestamp>
			</report>
			<report>
				<misses>2383001</misses>
				<total>10</total>
				<timestamp>737.992738</timestamp>
			</report>
			<report>
				<misses>2384001</misses>
				<total>10</total>
				<timestamp>738.302388</timestamp>
			</report>
			<report>
				<misses>2385001</misses>
				<total>10</total>
				<timestamp>738.612089</timestamp>
			</report>
			<report>
				<misses>2386001</misses>
				<total>10</total>
				<timestamp>738.921748</timestamp>
			</report>
			<report>
				<misses>2387001</misses>
				<total>10</total>
				<timestamp>739.231474</timestamp>
			</report>
			<report>
				<misses>2388001</misses>
				<total>10</total>
				<timestamp>739.541153</timestamp>
			</report>
			<report>
				<misses>2389001</misses>
				<total>10</total>
				<timestamp>739.850858</timestamp>
			</report>
			<report>
				<misses>2390001</misses>
				<total>10</total>
				<timestamp>740.160523</timestamp>
			</report>
			<report>
				<misses>2391001</misses>
				<total>10</total>
				<timestamp>740.470246</timestamp>
			</report>
			<report>
				<misses>2392001</misses>
				<total>10</total>
				<timestamp>740.779964</timestamp>
			</report>
			<report>
				<misses>2393001</misses>
				<total>10</total>
				<timestamp>741.089602</timestamp>
			</report>
			<report>
				<misses>2394001</misses>
				<total>10</total>
				<timestamp>741.399268</timestamp>
			</report>
			<report>
				<misses>2395001</misses>
				<total>10</total>
				<timestamp>741.708995</timestamp>
			</report>
			<report>
				<misses>2396001</misses>
				<total>10</total>
				<timestamp>742.018652</timestamp>
			</report>
			<report>
				<misses>2397001</misses>
				<total>10</total>
				<timestamp>742.328369</timestamp>
			</report>
			<report>
				<misses>2398001</misses>
				<total>10</total>
				<timestamp>742.638110</timestamp>
			</report>
			<report>
				<misses>2399001</misses>
				<total>10</total>
				<timestamp>742.947743</timestamp>
			</report>
			<report>
				<misses>2400001</misses>
				<total>10</total>
				<timestamp>743.257444</timestamp>
			</report>
			<report>
				<misses>2401001</misses>
				<total>10</total>
				<timestamp>743.567110</timestamp>
			</report>
			<report>
				<misses>2402001</misses>
				<total>10</total>
				<timestamp>743.876815</timestamp>
			</report>
			<report>
				<misses>2403001</misses>
				<total>10</total>
				<timestamp>744.186512</timestamp>
			</report>
			<report>
				<misses>2404001</misses>
				<total>10</total>
				<timestamp>744.496246</timestamp>
			</report>
			<report>
				<misses>2405001</misses>
				<total>10</total>
				<timestamp>744.805902</timestamp>
			</report>
			<report>
				<misses>2406001</misses>
				<total>10</total>
				<timestamp>745.115582</timestamp>
			</report>
			<report>
				<misses>2407001</misses>
				<total>10</total>
				<timestamp>745.425253</timestamp>
			</report>
			<report>
				<misses>2408001</misses>
				<total>10</total>
				<timestamp>745.735009</timestamp>
			</report>
			<report>
				<misses>2409001</misses>
				<total>10</total>
				<timestamp>746.044653</timestamp>
			</report>
			<report>
				<misses>2410001</misses>
				<total>10</total>
				<timestamp>746.354331</timestamp>
			</report>
			<report>
				<misses>2411001</misses>
				<total>10</total>
				<timestamp>746.664009</timestamp>
			</report>
			<report>
				<misses>2412001</misses>
				<total>10</total>
				<timestamp>746.973710</timestamp>
			</report>
			<report>
				<misses>2413001</misses>
				<total>10</total>
				<timestamp>747.283393</timestamp>
			</report>
			<report>
				<misses>2414001</misses>
				<total>10</total>
				<timestamp>747.593078</timestamp>
			</report>
			<report>
				<misses>2415001</misses>
				<total>10</total>
				<timestamp>747.902767</timestamp>
			</report>
			<report>
				<misses>2416001</misses>
				<total>10</total>
				<timestamp>748.212457</timestamp>
			</report>
			<report>
				<misses>2417001</misses>
				<total>10</total>
				<timestamp>748.522173</timestamp>
			</report>
			<report>
				<misses>2418001</misses>
				<total>10</total>
				<timestamp>748.831840</timestamp>
			</report>
			<report>
				<misses>2419001</misses>
				<total>10</total>
				<timestamp>749.141540</timestamp>
			</report>
			<report>
				<misses>2420001</misses>
				<total>10</total>
				<timestamp>749.451236</timestamp>
			</report>
			<report>
				<misses>2421001</misses>
				<total>10</total>
				<timestamp>749.760938</timestamp>
			</report>
			<report>
				<misses>2422001</misses>
				<total>10</total>
				<timestamp>750.070618</timestamp>
			</report>
			<report>
				<misses>2423001</misses>
				<total>10</total>
				<timestamp>750.380298</timestamp>
			</report>
			<report>
				<misses>2424001</misses>
				<total>10</total>
				<timestamp>750.690052</timestamp>
			</report>
			<report>
				<misses>2425001</misses>
				<total>10</total>
				<timestamp>750.999665</timestamp>
			</report>
			<report>
				<misses>2426001</misses>
				<total>10</total>
				<timestamp>751.309383</timestamp>
			</report>
			<report>
				<misses>2427001</misses>
				<total>10</total>
				<timestamp>751.619071</timestamp>
			</report>
			<report>
				<misses>2428001</misses>
				<total>10</total>
				<timestamp>751.928741</timestamp>
			</report>
			<report>
				<misses>2429001</misses>
				<total>10</total>
				<timestamp>752.238431</timestamp>
			</report>
			<report>
				<misses>2430001</misses>
				<total>10</total>
				<timestamp>752.548142</timestamp>
			</report>
			<report>
				<misses>2431001</misses>
				<total>10</total>
				<timestamp>752.857840</timestamp>
			</report>
			<report>
				<misses>2432001</misses>
				<total>10</total>
				<timestamp>753.167485</timestamp>
			</report>
			<report>
				<misses>2433001</misses>
				<total>10</total>
				<timestamp>753.477192</timestamp>
			</report>
			<report>
				<misses>2434001</misses>
				<total>10</total>
				<timestamp>753.786929</timestamp>
			</report>
			<report>
				<misses>2435001</misses>
				<total>10</total>
				<timestamp>754.096548</timestamp>
			</report>
			<report>
				<misses>2436001</misses>
				<total>10</total>
				<timestamp>754.406262</timestamp>
			</report>
			<report>
				<misses>2437001</misses>
				<total>10</total>
				<timestamp>754.715999</timestamp>
			</report>
			<report>
				<misses>2438001</misses>
				<total>10</total>
				<timestamp>755.025680</timestamp>
			</report>
			<report>
				<misses>2439001</misses>
				<total>10</total>
				<timestamp>755.335349</timestamp>
			</report>
			<report>
				<misses>2440001</misses>
				<total>10</total>
				<timestamp>755.645016</timestamp>
			</report>
			<report>
				<misses>2441001</misses>
				<total>10</total>
				<timestamp>755.954706</timestamp>
			</report>
			<report>
				<misses>2442001</misses>
				<total>10</total>
				<timestamp>756.264409</timestamp>
			</report>
			<report>
				<misses>2443001</misses>
				<total>10</total>
				<timestamp>756.574081</timestamp>
			</report>
			<report>
				<misses>2444001</misses>
				<total>10</total>
				<timestamp>756.883781</timestamp>
			</report>
			<report>
				<misses>2445001</misses>
				<total>10</total>
				<timestamp>757.193518</timestamp>
			</report>
			<report>
				<misses>2446001</misses>
				<total>10</total>
				<timestamp>757.503161</timestamp>
			</report>
			<report>
				<misses>2447001</misses>
				<total>10</total>
				<timestamp>757.812886</timestamp>
			</report>
			<report>
				<misses>2448001</misses>
				<total>10</total>
				<timestamp>758.122526</timestamp>
			</report>
			<report>
				<misses>2449001</misses>
				<total>10</total>
				<timestamp>758.432236</timestamp>
			</report>
			<report>
				<misses>2450001</misses>
				<total>10</total>
				<timestamp>758.741919</timestamp>
			</report>
			<report>
				<misses>2451001</misses>
				<total>10</total>
				<timestamp>759.051607</timestamp>
			</report>
			<report>
				<misses>2452001</misses>
				<total>10</total>
				<timestamp>759.361295</timestamp>
			</report>
			<report>
				<misses>2453001</misses>
				<total>10</total>
				<timestamp>759.671019</timestamp>
			</report>
			<report>
				<misses>2454001</misses>
				<total>10</total>
				<timestamp>759.980667</timestamp>
			</report>
			<report>
				<misses>2455001</misses>
				<total>10</total>
				<timestamp>760.290365</timestamp>
			</report>
			<report>
				<misses>2456001</misses>
				<total>10</total>
				<timestamp>760.600079</timestamp>
			</report>
			<report>
				<misses>2457001</misses>
				<total>10</total>
				<timestamp>760.909768</timestamp>
			</report>
			<report>
				<misses>2458001</misses>
				<total>10</total>
				<timestamp>761.219487</timestamp>
			</report>
			<report>
				<misses>2459001</misses>
				<total>10</total>
				<timestamp>761.529117</timestamp>
			</report>
			<report>
				<misses>2460001</misses>
				<total>10</total>
				<timestamp>761.838813</timestamp>
			</report>
			<report>
				<misses>2461001</misses>
				<total>10</total>
				<timestamp>762.148504</timestamp>
			</report>
			<report>
				<misses>2462001</misses>
				<total>10</total>
				<timestamp>762.458209</timestamp>
			</report>
			<report>
				<misses>2463001</misses>
				<total>10</total>
				<timestamp>762.767897</timestamp>
			</report>
			<report>
				<misses>2464001</misses>
				<total>10</total>
				<timestamp>763.077606</timestamp>
			</report>
			<report>
				<misses>2465001</misses>
				<total>10</total>
				<timestamp>763.387294</timestamp>
			</report>
			<report>
				<misses>2466001</misses>
				<total>10</total>
				<timestamp>763.696957</timestamp>
			</report>
			<report>
				<misses>2467001</misses>
				<total>10</total>
				<timestamp>764.006647</timestamp>
			</report>
			<report>
				<misses>2468001</misses>
				<total>10</total>
				<timestamp>764.316332</timestamp>
			</report>
			<report>
				<misses>2469001</misses>
				<total>10</total>
				<timestamp>764.626065</timestamp>
			</report>
			<report>
				<misses>2470001</misses>
				<total>10</total>
				<timestamp>764.935734</timestamp>
			</report>
			<report>
				<misses>2471001</misses>
				<total>10</total>
				<timestamp>765.245426</timestamp>
			</report>
			<report>
				<misses>2472001</misses>
				<total>10</total>
				<timestamp>765.555085</timestamp>
			</report>
			<report>
				<misses>2473001</misses>
				<total>10</total>
				<timestamp>765.864773</timestamp>
			</report>
			<report>
				<misses>2474001</misses>
				<total>10</total>
				<timestamp>766.174485</timestamp>
			</report>
			<report>
				<misses>2475001</misses>
				<total>10</total>
				<timestamp>766.484167</timestamp>
			</report>
			<report>
				<misses>2476001</misses>
				<total>10</total>
				<timestamp>766.793932</timestamp>
			</report>
			<report>
				<misses>2477001</misses>
				<total>10</total>
				<timestamp>767.103564</timestamp>
			</report>
			<report>
				<misses>2478001</misses>
				<total>10</total>
				<timestamp>767.413230</timestamp>
			</report>
			<report>
				<misses>2479001</misses>
				<total>10</total>
				<timestamp>767.722941</timestamp>
			</report>
			<report>
				<misses>2480001</misses>
				<total>10</total>
				<timestamp>768.032615</timestamp>
			</report>
			<report>
				<misses>2481001</misses>
				<total>10</total>
				<timestamp>768.342308</timestamp>
			</report>
			<report>
				<misses>2482001</misses>
				<total>10</total>
				<timestamp>768.652015</timestamp>
			</report>
			<report>
				<misses>2483001</misses>
				<total>10</total>
				<timestamp>768.961695</timestamp>
			</report>
			<report>
				<misses>2484001</misses>
				<total>10</total>
				<timestamp>769.271392</timestamp>
			</report>
			<report>
				<misses>2485001</misses>
				<total>10</total>
				<timestamp>769.581094</timestamp>
			</report>
			<report>
				<misses>2486001</misses>
				<total>10</total>
				<timestamp>769.890768</timestamp>
			</report>
			<report>
				<misses>2487001</misses>
				<total>10</total>
				<timestamp>770.200486</timestamp>
			</report>
			<report>
				<misses>2488001</misses>
				<total>10</total>
				<timestamp>770.510135</timestamp>
			</report>
			<report>
				<misses>2489001</misses>
				<total>10</total>
				<timestamp>770.819816</timestamp>
			</report>
			<report>
				<misses>2490001</misses>
				<total>10</total>
				<timestamp>771.129531</timestamp>
			</report>
			<report>
				<misses>2491001</misses>
				<total>10</total>
				<timestamp>771.439201</timestamp>
			</report>
			<report>
				<misses>2492001</misses>
				<total>10</total>
				<timestamp>771.748896</timestamp>
			</report>
			<report>
				<misses>2493001</misses>
				<total>10</total>
				<timestamp>772.058603</timestamp>
			</report>
			<report>
				<misses>2494001</misses>
				<total>10</total>
				<timestamp>772.368292</timestamp>
			</report>
			<report>
				<misses>2495001</misses>
				<total>10</total>
				<timestamp>772.677959</timestamp>
			</report>
			<report>
				<misses>2496001</misses>
				<total>10</total>
				<timestamp>772.987645</timestamp>
			</report>
			<report>
				<misses>2497001</misses>
				<total>10</total>
				<timestamp>773.297343</timestamp>
			</report>
			<report>
				<misses>2498001</misses>
				<total>10</total>
				<timestamp>773.607042</timestamp>
			</report>
			<report>
				<misses>2499001</misses>
				<total>10</total>
				<timestamp>773.916721</timestamp>
			</report>
			<report>
				<misses>2500001</misses>
				<total>10</total>
				<timestamp>774.226440</timestamp>
			</report>
			<report>
				<misses>2501001</misses>
				<total>10</total>
				<timestamp>774.536120</timestamp>
			</report>
			<report>
				<misses>2502001</misses>
				<total>10</total>
				<timestamp>774.845827</timestamp>
			</report>
			<report>
				<misses>2503001</misses>
				<total>10</total>
				<timestamp>775.155520</timestamp>
			</report>
			<report>
				<misses>2504001</misses>
				<total>10</total>
				<timestamp>775.465203</timestamp>
			</report>
			<report>
				<misses>2505001</misses>
				<total>10</total>
				<timestamp>775.774919</timestamp>
			</report>
			<report>
				<misses>2506001</misses>
				<total>10</total>
				<timestamp>776.084547</timestamp>
			</report>
			<report>
				<misses>2507001</misses>
				<total>10</total>
				<timestamp>776.394242</timestamp>
			</report>
			<report>
				<misses>2508001</misses>
				<total>10</total>
				<timestamp>776.703958</timestamp>
			</report>
			<report>
				<misses>2509001</misses>
				<total>10</total>
				<timestamp>777.013607</timestamp>
			</report>
			<report>
				<misses>2510001</misses>
				<total>10</total>
				<timestamp>777.323326</timestamp>
			</report>
			<report>
				<misses>2511001</misses>
				<total>10</total>
				<timestamp>777.633001</timestamp>
			</report>
			<report>
				<misses>2512001</misses>
				<total>10</total>
				<timestamp>777.942706</timestamp>
			</report>
			<report>
				<misses>2513001</misses>
				<total>10</total>
				<timestamp>778.252391</timestamp>
			</report>
			<report>
				<misses>2514001</misses>
				<total>10</total>
				<timestamp>778.562099</timestamp>
			</report>
			<report>
				<misses>2515001</misses>
				<total>10</total>
				<timestamp>778.871759</timestamp>
			</report>
			<report>
				<misses>2516001</misses>
				<total>10</total>
				<timestamp>779.181454</timestamp>
			</report>
			<report>
				<misses>2517001</misses>
				<total>10</total>
				<timestamp>779.491204</timestamp>
			</report>
			<report>
				<misses>2518001</misses>
				<total>10</total>
				<timestamp>779.800911</timestamp>
			</report>
			<report>
				<misses>2519001</misses>
				<total>10</total>
				<timestamp>780.110558</timestamp>
			</report>
			<report>
				<misses>2520001</misses>
				<total>10</total>
				<timestamp>780.420215</timestamp>
			</report>
			<report>
				<misses>2521001</misses>
				<total>10</total>
				<timestamp>780.729903</timestamp>
			</report>
			<report>
				<misses>2522001</misses>
				<total>10</total>
				<timestamp>781.039607</timestamp>
			</report>
			<report>
				<misses>2523001</misses>
				<total>10</total>
				<timestamp>781.349299</timestamp>
			</report>
			<report>
				<misses>2524001</misses>
				<total>10</total>
				<timestamp>781.658971</timestamp>
			</report>
			<report>
				<misses>2525001</misses>
				<total>10</total>
				<timestamp>781.968672</timestamp>
			</report>
			<report>
				<misses>2526001</misses>
				<total>10</total>
				<timestamp>782.278375</timestamp>
			</report>
			<report>
				<misses>2527001</misses>
				<total>10</total>
				<timestamp>782.588060</timestamp>
			</report>
			<report>
				<misses>2528001</misses>
				<total>10</total>
				<timestamp>782.897796</timestamp>
			</report>
			<report>
				<misses>2529001</misses>
				<total>10</total>
				<timestamp>783.207416</timestamp>
			</report>
			<report>
				<misses>2530001</misses>
				<total>10</total>
				<timestamp>783.517110</timestamp>
			</report>
			<report>
				<misses>2531001</misses>
				<total>10</total>
				<timestamp>783.826837</timestamp>
			</report>
			<report>
				<misses>2532001</misses>
				<total>10</total>
				<timestamp>784.136486</timestamp>
			</report>
			<report>
				<misses>2533001</misses>
				<total>10</total>
				<timestamp>784.446201</timestamp>
			</report>
			<report>
				<misses>2534001</misses>
				<total>10</total>
				<timestamp>784.755900</timestamp>
			</report>
			<report>
				<misses>2535001</misses>
				<total>10</total>
				<timestamp>785.065567</timestamp>
			</report>
			<report>
				<misses>2536001</misses>
				<total>10</total>
				<timestamp>785.375265</timestamp>
			</report>
			<report>
				<misses>2537001</misses>
				<total>10</total>
				<timestamp>785.685008</timestamp>
			</report>
			<report>
				<misses>2538001</misses>
				<total>10</total>
				<timestamp>785.994621</timestamp>
			</report>
			<report>
				<misses>2539001</misses>
				<total>10</total>
				<timestamp>786.304326</timestamp>
			</report>
			<report>
				<misses>2540001</misses>
				<total>10</total>
				<timestamp>786.614022</timestamp>
			</report>
			<report>
				<misses>2541001</misses>
				<total>10</total>
				<timestamp>786.923777</timestamp>
			</report>
			<report>
				<misses>2542001</misses>
				<total>10</total>
				<timestamp>787.233402</timestamp>
			</report>
			<report>
				<misses>2543001</misses>
				<total>10</total>
				<timestamp>787.543092</timestamp>
			</report>
			<report>
				<misses>2544001</misses>
				<total>10</total>
				<timestamp>787.852829</timestamp>
			</report>
			<report>
				<misses>2545001</misses>
				<total>10</total>
				<timestamp>788.162485</timestamp>
			</report>
			<report>
				<misses>2546001</misses>
				<total>10</total>
				<timestamp>788.472187</timestamp>
			</report>
			<report>
				<misses>2547001</misses>
				<total>10</total>
				<timestamp>788.781854</timestamp>
			</report>
			<report>
				<misses>2548001</misses>
				<total>10</total>
				<timestamp>789.091552</timestamp>
			</report>
			<report>
				<misses>2549001</misses>
				<total>10</total>
				<timestamp>789.401254</timestamp>
			</report>
			<report>
				<misses>2550001</misses>
				<total>10</total>
				<timestamp>789.710956</timestamp>
			</report>
			<report>
				<misses>2551001</misses>
				<total>10</total>
				<timestamp>790.020631</timestamp>
			</report>
			<report>
				<misses>2552001</misses>
				<total>10</total>
				<timestamp>790.330286</timestamp>
			</report>
			<report>
				<misses>2553001</misses>
				<total>10</total>
				<timestamp>790.640027</timestamp>
			</report>
			<report>
				<misses>2554001</misses>
				<total>10</total>
				<timestamp>790.949733</timestamp>
			</report>
			<report>
				<misses>2555001</misses>
				<total>10</total>
				<timestamp>791.259379</timestamp>
			</report>
			<report>
				<misses>2556001</misses>
				<total>10</total>
				<timestamp>791.569055</timestamp>
			</report>
			<report>
				<misses>2557001</misses>
				<total>10</total>
				<timestamp>791.878769</timestamp>
			</report>
			<report>
				<misses>2558001</misses>
				<total>10</total>
				<timestamp>792.188449</timestamp>
			</report>
			<report>
				<misses>2559001</misses>
				<total>10</total>
				<timestamp>792.498126</timestamp>
			</report>
			<report>
				<misses>2560001</misses>
				<total>10</total>
				<timestamp>792.807822</timestamp>
			</report>
			<report>
				<misses>2561001</misses>
				<total>10</total>
				<timestamp>793.117504</timestamp>
			</report>
			<report>
				<misses>2562001</misses>
				<total>10</total>
				<timestamp>793.427225</timestamp>
			</report>
			<report>
				<misses>2563001</misses>
				<total>10</total>
				<timestamp>793.736948</timestamp>
			</report>
			<report>
				<misses>2564001</misses>
				<total>10</total>
				<timestamp>794.046569</timestamp>
			</report>
			<report>
				<misses>2565001</misses>
				<total>10</total>
				<timestamp>794.356266</timestamp>
			</report>
			<report>
				<misses>2566001</misses>
				<total>10</total>
				<timestamp>794.665959</timestamp>
			</report>
			<report>
				<misses>2567001</misses>
				<total>10</total>
				<timestamp>794.975690</timestamp>
			</report>
			<report>
				<misses>2568001</misses>
				<total>10</total>
				<timestamp>795.285361</timestamp>
			</report>
			<report>
				<misses>2569001</misses>
				<total>10</total>
				<timestamp>795.595058</timestamp>
			</report>
			<report>
				<misses>2570001</misses>
				<total>10</total>
				<timestamp>795.904774</timestamp>
			</report>
			<report>
				<misses>2571001</misses>
				<total>10</total>
				<timestamp>796.214422</timestamp>
			</report>
			<report>
				<misses>2572001</misses>
				<total>10</total>
				<timestamp>796.524125</timestamp>
			</report>
			<report>
				<misses>2573001</misses>
				<total>10</total>
				<timestamp>796.833822</timestamp>
			</report>
			<report>
				<misses>2574001</misses>
				<total>10</total>
				<timestamp>797.143531</timestamp>
			</report>
			<report>
				<misses>2575001</misses>
				<total>10</total>
				<timestamp>797.453170</timestamp>
			</report>
			<report>
				<misses>2576001</misses>
				<total>10</total>
				<timestamp>797.762851</timestamp>
			</report>
			<report>
				<misses>2577001</misses>
				<total>10</total>
				<timestamp>798.072542</timestamp>
			</report>
			<report>
				<misses>2578001</misses>
				<total>10</total>
				<timestamp>798.382249</timestamp>
			</report>
			<report>
				<misses>2579001</misses>
				<total>10</total>
				<timestamp>798.691927</timestamp>
			</report>
			<report>
				<misses>2580001</misses>
				<total>10</total>
				<timestamp>799.001653</timestamp>
			</report>
			<report>
				<misses>2581001</misses>
				<total>10</total>
				<timestamp>799.311321</timestamp>
			</report>
			<report>
				<misses>2582001</misses>
				<total>10</total>
				<timestamp>799.620999</timestamp>
			</report>
			<report>
				<misses>2583001</misses>
				<total>10</total>
				<timestamp>799.930745</timestamp>
			</report>
			<report>
				<misses>2584001</misses>
				<total>10</total>
				<timestamp>800.240367</timestamp>
			</report>
			<report>
				<misses>2585001</misses>
				<total>10</total>
				<timestamp>800.550073</timestamp>
			</report>
			<report>
				<misses>2586001</misses>
				<total>10</total>
				<timestamp>800.859756</timestamp>
			</report>
			<report>
				<misses>2587001</misses>
				<total>10</total>
				<timestamp>801.169461</timestamp>
			</report>
			<report>
				<misses>2588001</misses>
				<total>10</total>
				<timestamp>801.479149</timestamp>
			</report>
			<report>
				<misses>2589001</misses>
				<total>10</total>
				<timestamp>801.788894</timestamp>
			</report>
			<report>
				<misses>2590001</misses>
				<total>10</total>
				<timestamp>802.098513</timestamp>
			</report>
			<report>
				<misses>2591001</misses>
				<total>10</total>
				<timestamp>802.408246</timestamp>
			</report>
			<report>
				<misses>2592001</misses>
				<total>10</total>
				<timestamp>802.717889</timestamp>
			</report>
			<report>
				<misses>2593001</misses>
				<total>10</total>
				<timestamp>803.027640</timestamp>
			</report>
			<report>
				<misses>2594001</misses>
				<total>10</total>
				<timestamp>803.337322</timestamp>
			</report>
			<report>
				<misses>2595001</misses>
				<total>10</total>
				<timestamp>803.646960</timestamp>
			</report>
			<report>
				<misses>2596001</misses>
				<total>10</total>
				<timestamp>803.956642</timestamp>
			</report>
			<report>
				<misses>2597001</misses>
				<total>10</total>
				<timestamp>804.266370</timestamp>
			</report>
			<report>
				<misses>2598001</misses>
				<total>10</total>
				<timestamp>804.576040</timestamp>
			</report>
			<report>
				<misses>2599001</misses>
				<total>10</total>
				<timestamp>804.885746</timestamp>
			</report>
			<report>
				<misses>2600001</misses>
				<total>10</total>
				<timestamp>805.195412</timestamp>
			</report>
			<report>
				<misses>2601001</misses>
				<total>10</total>
				<timestamp>805.505107</timestamp>
			</report>
			<report>
				<misses>2602001</misses>
				<total>10</total>
				<timestamp>805.814811</timestamp>
			</report>
			<report>
				<misses>2603001</misses>
				<total>10</total>
				<timestamp>806.124491</timestamp>
			</report>
			<report>
				<misses>2604001</misses>
				<total>10</total>
				<timestamp>806.434195</timestamp>
			</report>
			<report>
				<misses>2605001</misses>
				<total>10</total>
				<timestamp>806.743887</timestamp>
			</report>
			<report>
				<misses>2606001</misses>
				<total>10</total>
				<timestamp>807.053577</timestamp>
			</report>
			<report>
				<misses>2607001</misses>
				<total>10</total>
				<timestamp>807.363267</timestamp>
			</report>
			<report>
				<misses>2608001</misses>
				<total>10</total>
				<timestamp>807.672934</timestamp>
			</report>
			<report>
				<misses>2609001</misses>
				<total>10</total>
				<timestamp>807.982699</timestamp>
			</report>
			<report>
				<misses>2610001</misses>
				<total>10</total>
				<timestamp>808.292326</timestamp>
			</report>
			<report>
				<misses>2611001</misses>
				<total>10</total>
				<timestamp>808.601998</timestamp>
			</report>
			<report>
				<misses>2612001</misses>
				<total>10</total>
				<timestamp>808.911710</timestamp>
			</report>
			<report>
				<misses>2613001</misses>
				<total>10</total>
				<timestamp>809.221385</timestamp>
			</report>
			<report>
				<misses>2614001</misses>
				<total>10</total>
				<timestamp>809.531091</timestamp>
			</report>
			<report>
				<misses>2615001</misses>
				<total>10</total>
				<timestamp>809.840815</timestamp>
			</report>
			<report>
				<misses>2616001</misses>
				<total>10</total>
				<timestamp>810.150469</timestamp>
			</report>
			<report>
				<misses>2617001</misses>
				<total>10</total>
				<timestamp>810.460157</timestamp>
			</report>
			<report>
				<misses>2618001</misses>
				<total>10</total>
				<timestamp>810.769884</timestamp>
			</report>
			<report>
				<misses>2619001</misses>
				<total>10</total>
				<timestamp>811.079534</timestamp>
			</report>
			<report>
				<misses>2620001</misses>
				<total>10</total>
				<timestamp>811.389208</timestamp>
			</report>
			<report>
				<misses>2621001</misses>
				<total>10</total>
				<timestamp>811.698909</timestamp>
			</report>
			<report>
				<misses>2622001</misses>
				<total>10</total>
				<timestamp>812.008650</timestamp>
			</report>
			<report>
				<misses>2623001</misses>
				<total>10</total>
				<timestamp>812.318297</timestamp>
			</report>
			<report>
				<misses>2624001</misses>
				<total>10</total>
				<timestamp>812.627987</timestamp>
			</report>
			<report>
				<misses>2625001</misses>
				<total>10</total>
				<timestamp>812.937678</timestamp>
			</report>
			<report>
				<misses>2626001</misses>
				<total>10</total>
				<timestamp>813.247363</timestamp>
			</report>
			<report>
				<misses>2627001</misses>
				<total>10</total>
				<timestamp>813.557041</timestamp>
			</report>
			<report>
				<misses>2628001</misses>
				<total>10</total>
				<timestamp>813.866763</timestamp>
			</report>
			<report>
				<misses>2629001</misses>
				<total>10</total>
				<timestamp>814.176452</timestamp>
			</report>
			<report>
				<misses>2630001</misses>
				<total>10</total>
				<timestamp>814.486123</timestamp>
			</report>
			<report>
				<misses>2631001</misses>
				<total>10</total>
				<timestamp>814.795839</timestamp>
			</report>
			<report>
				<misses>2632001</misses>
				<total>10</total>
				<timestamp>815.105525</timestamp>
			</report>
			<report>
				<misses>2633001</misses>
				<total>10</total>
				<timestamp>815.415193</timestamp>
			</report>
			<report>
				<misses>2634001</misses>
				<total>10</total>
				<timestamp>815.724905</timestamp>
			</report>
			<report>
				<misses>2635001</misses>
				<total>10</total>
				<timestamp>816.034619</timestamp>
			</report>
			<report>
				<misses>2636001</misses>
				<total>10</total>
				<timestamp>816.344254</timestamp>
			</report>
			<report>
				<misses>2637001</misses>
				<total>10</total>
				<timestamp>816.653978</timestamp>
			</report>
			<report>
				<misses>2638001</misses>
				<total>10</total>
				<timestamp>816.963721</timestamp>
			</report>
			<report>
				<misses>2639001</misses>
				<total>10</total>
				<timestamp>817.273323</timestamp>
			</report>
			<report>
				<misses>2640001</misses>
				<total>10</total>
				<timestamp>817.583018</timestamp>
			</report>
			<report>
				<misses>2641001</misses>
				<total>10</total>
				<timestamp>817.892778</timestamp>
			</report>
			<report>
				<misses>2642001</misses>
				<total>10</total>
				<timestamp>818.202386</timestamp>
			</report>
			<report>
				<misses>2643001</misses>
				<total>10</total>
				<timestamp>818.512124</timestamp>
			</report>
			<report>
				<misses>2644001</misses>
				<total>10</total>
				<timestamp>818.821784</timestamp>
			</report>
			<report>
				<misses>2645001</misses>
				<total>10</total>
				<timestamp>819.131483</timestamp>
			</report>
			<report>
				<misses>2646001</misses>
				<total>10</total>
				<timestamp>819.441149</timestamp>
			</report>
			<report>
				<misses>2647001</misses>
				<total>10</total>
				<timestamp>819.750839</timestamp>
			</report>
			<report>
				<misses>2648001</misses>
				<total>10</total>
				<timestamp>820.060594</timestamp>
			</report>
			<report>
				<misses>2649001</misses>
				<total>10</total>
				<timestamp>820.370212</timestamp>
			</report>
			<report>
				<misses>2650001</misses>
				<total>10</total>
				<timestamp>820.679919</timestamp>
			</report>
			<report>
				<misses>2651001</misses>
				<total>10</total>
				<timestamp>820.989642</timestamp>
			</report>
			<report>
				<misses>2652001</misses>
				<total>10</total>
				<timestamp>821.299280</timestamp>
			</report>
			<report>
				<misses>2653001</misses>
				<total>10</total>
				<timestamp>821.608980</timestamp>
			</report>
			<report>
				<misses>2654001</misses>
				<total>10</total>
				<timestamp>821.918714</timestamp>
			</report>
			<report>
				<misses>2655001</misses>
				<total>10</total>
				<timestamp>822.228357</timestamp>
			</report>
			<report>
				<misses>2656001</misses>
				<total>10</total>
				<timestamp>822.538050</timestamp>
			</report>
			<report>
				<misses>2657001</misses>
				<total>10</total>
				<timestamp>822.847737</timestamp>
			</report>
			<report>
				<misses>2658001</misses>
				<total>10</total>
				<timestamp>823.157458</timestamp>
			</report>
			<report>
				<misses>2659001</misses>
				<total>10</total>
				<timestamp>823.467152</timestamp>
			</report>
			<report>
				<misses>2660001</misses>
				<total>10</total>
				<timestamp>823.776811</timestamp>
			</report>
			<report>
				<misses>2661001</misses>
				<total>10</total>
				<timestamp>824.086543</timestamp>
			</report>
			<report>
				<misses>2662001</misses>
				<total>10</total>
				<timestamp>824.396201</timestamp>
			</report>
			<report>
				<misses>2663001</misses>
				<total>10</total>
				<timestamp>824.705897</timestamp>
			</report>
			<report>
				<misses>2664001</misses>
				<total>10</total>
				<timestamp>825.015626</timestamp>
			</report>
			<report>
				<misses>2665001</misses>
				<total>10</total>
				<timestamp>825.325274</timestamp>
			</report>
			<report>
				<misses>2666001</misses>
				<total>10</total>
				<timestamp>825.634969</timestamp>
			</report>
			<report>
				<misses>2667001</misses>
				<total>10</total>
				<timestamp>825.944705</timestamp>
			</report>
			<report>
				<misses>2668001</misses>
				<total>10</total>
				<timestamp>826.254344</timestamp>
			</report>
			<report>
				<misses>2669001</misses>
				<total>10</total>
				<timestamp>826.564024</timestamp>
			</report>
			<report>
				<misses>2670001</misses>
				<total>10</total>
				<timestamp>826.873713</timestamp>
			</report>
			<report>
				<misses>2671001</misses>
				<total>10</total>
				<timestamp>827.183458</timestamp>
			</report>
			<report>
				<misses>2672001</misses>
				<total>10</total>
				<timestamp>827.493099</timestamp>
			</report>
			<report>
				<misses>2673001</misses>
				<total>10</total>
				<timestamp>827.802788</timestamp>
			</report>
			<report>
				<misses>2674001</misses>
				<total>10</total>
				<timestamp>828.112498</timestamp>
			</report>
			<report>
				<misses>2675001</misses>
				<total>10</total>
				<timestamp>828.422207</timestamp>
			</report>
			<report>
				<misses>2676001</misses>
				<total>10</total>
				<timestamp>828.731859</timestamp>
			</report>
			<report>
				<misses>2677001</misses>
				<total>10</total>
				<timestamp>829.041585</timestamp>
			</report>
			<report>
				<misses>2678001</misses>
				<total>10</total>
				<timestamp>829.351241</timestamp>
			</report>
			<report>
				<misses>2679001</misses>
				<total>10</total>
				<timestamp>829.660929</timestamp>
			</report>
			<report>
				<misses>2680001</misses>
				<total>10</total>
				<timestamp>829.970667</timestamp>
			</report>
			<report>
				<misses>2681001</misses>
				<total>10</total>
				<timestamp>830.280300</timestamp>
			</report>
			<report>
				<misses>2682001</misses>
				<total>10</total>
				<timestamp>830.590006</timestamp>
			</report>
			<report>
				<misses>2683001</misses>
				<total>10</total>
				<timestamp>830.899669</timestamp>
			</report>
			<report>
				<misses>2684001</misses>
				<total>10</total>
				<timestamp>831.209438</timestamp>
			</report>
			<report>
				<misses>2685001</misses>
				<total>10</total>
				<timestamp>831.519045</timestamp>
			</report>
			<report>
				<misses>2686001</misses>
				<total>10</total>
				<timestamp>831.828783</timestamp>
			</report>
			<report>
				<misses>2687001</misses>
				<total>10</total>
				<timestamp>832.138509</timestamp>
			</report>
			<report>
				<misses>2688001</misses>
				<total>10</total>
				<timestamp>832.448129</timestamp>
			</report>
			<report>
				<misses>2689001</misses>
				<total>10</total>
				<timestamp>832.757850</timestamp>
			</report>
			<report>
				<misses>2690001</misses>
				<total>10</total>
				<timestamp>833.067546</timestamp>
			</report>
			<report>
				<misses>2691001</misses>
				<total>10</total>
				<timestamp>833.377199</timestamp>
			</report>
			<report>
				<misses>2692001</misses>
				<total>10</total>
				<timestamp>833.686916</timestamp>
			</report>
			<report>
				<misses>2693001</misses>
				<total>10</total>
				<timestamp>833.996615</timestamp>
			</report>
			<report>
				<misses>2694001</misses>
				<total>10</total>
				<timestamp>834.306270</timestamp>
			</report>
			<report>
				<misses>2695001</misses>
				<total>10</total>
				<timestamp>834.615975</timestamp>
			</report>
			<report>
				<misses>2696001</misses>
				<total>10</total>
				<timestamp>834.925649</timestamp>
			</report>
			<report>
				<misses>2697001</misses>
				<total>10</total>
				<timestamp>835.235338</timestamp>
			</report>
			<report>
				<misses>2698001</misses>
				<total>10</total>
				<timestamp>835.545032</timestamp>
			</report>
			<report>
				<misses>2699001</misses>
				<total>10</total>
				<timestamp>835.854729</timestamp>
			</report>
			<report>
				<misses>2700001</misses>
				<total>10</total>
				<timestamp>836.164431</timestamp>
			</report>
			<report>
				<misses>2701001</misses>
				<total>10</total>
				<timestamp>836.474132</timestamp>
			</report>
			<report>
				<misses>2702001</misses>
				<total>10</total>
				<timestamp>836.783827</timestamp>
			</report>
			<report>
				<misses>2703001</misses>
				<total>10</total>
				<timestamp>837.093527</timestamp>
			</report>
			<report>
				<misses>2704001</misses>
				<total>10</total>
				<timestamp>837.403209</timestamp>
			</report>
			<report>
				<misses>2705001</misses>
				<total>10</total>
				<timestamp>837.712873</timestamp>
			</report>
			<report>
				<misses>2706001</misses>
				<total>10</total>
				<timestamp>838.022609</timestamp>
			</report>
			<report>
				<misses>2707001</misses>
				<total>10</total>
				<timestamp>838.332247</timestamp>
			</report>
			<report>
				<misses>2708001</misses>
				<total>10</total>
				<timestamp>838.641947</timestamp>
			</report>
			<report>
				<misses>2709001</misses>
				<total>10</total>
				<timestamp>838.951631</timestamp>
			</report>
			<report>
				<misses>2710001</misses>
				<total>10</total>
				<timestamp>839.261314</timestamp>
			</report>
			<report>
				<misses>2711001</misses>
				<total>10</total>
				<timestamp>839.570999</timestamp>
			</report>
			<report>
				<misses>2712001</misses>
				<total>10</total>
				<timestamp>839.880695</timestamp>
			</report>
			<report>
				<misses>2713001</misses>
				<total>10</total>
				<timestamp>840.190388</timestamp>
			</report>
			<report>
				<misses>2714001</misses>
				<total>10</total>
				<timestamp>840.500074</timestamp>
			</report>
			<report>
				<misses>2715001</misses>
				<total>10</total>
				<timestamp>840.809759</timestamp>
			</report>
			<report>
				<misses>2716001</misses>
				<total>10</total>
				<timestamp>841.119501</timestamp>
			</report>
			<report>
				<misses>2717001</misses>
				<total>10</total>
				<timestamp>841.429147</timestamp>
			</report>
			<report>
				<misses>2718001</misses>
				<total>10</total>
				<timestamp>841.738851</timestamp>
			</report>
			<report>
				<misses>2719001</misses>
				<total>10</total>
				<timestamp>842.048519</timestamp>
			</report>
			<report>
				<misses>2720001</misses>
				<total>10</total>
				<timestamp>842.358239</timestamp>
			</report>
			<report>
				<misses>2721001</misses>
				<total>10</total>
				<timestamp>842.667912</timestamp>
			</report>
			<report>
				<misses>2722001</misses>
				<total>10</total>
				<timestamp>842.977589</timestamp>
			</report>
			<report>
				<misses>2723001</misses>
				<total>10</total>
				<timestamp>843.287277</timestamp>
			</report>
			<report>
				<misses>2724001</misses>
				<total>10</total>
				<timestamp>843.596979</timestamp>
			</report>
			<report>
				<misses>2725001</misses>
				<total>10</total>
				<timestamp>843.906661</timestamp>
			</report>
			<report>
				<misses>2726001</misses>
				<total>10</total>
				<timestamp>844.216410</timestamp>
			</report>
			<report>
				<misses>2727001</misses>
				<total>10</total>
				<timestamp>844.526040</timestamp>
			</report>
			<report>
				<misses>2728001</misses>
				<total>10</total>
				<timestamp>844.835737</timestamp>
			</report>
			<report>
				<misses>2729001</misses>
				<total>10</total>
				<timestamp>845.145430</timestamp>
			</report>
			<report>
				<misses>2730001</misses>
				<total>10</total>
				<timestamp>845.455134</timestamp>
			</report>
			<report>
				<misses>2731001</misses>
				<total>10</total>
				<timestamp>845.764842</timestamp>
			</report>
			<report>
				<misses>2732001</misses>
				<total>10</total>
				<timestamp>846.074536</timestamp>
			</report>
			<report>
				<misses>2733001</misses>
				<total>10</total>
				<timestamp>846.384197</timestamp>
			</report>
			<report>
				<misses>2734001</misses>
				<total>10</total>
				<timestamp>846.693878</timestamp>
			</report>
			<report>
				<misses>2735001</misses>
				<total>10</total>
				<timestamp>847.003584</timestamp>
			</report>
			<report>
				<misses>2736001</misses>
				<total>10</total>
				<timestamp>847.313281</timestamp>
			</report>
			<report>
				<misses>2737001</misses>
				<total>10</total>
				<timestamp>847.622977</timestamp>
			</report>
			<report>
				<misses>2738001</misses>
				<total>10</total>
				<timestamp>847.932632</timestamp>
			</report>
			<report>
				<misses>2739001</misses>
				<total>10</total>
				<timestamp>848.242346</timestamp>
			</report>
			<report>
				<misses>2740001</misses>
				<total>10</total>
				<timestamp>848.552035</timestamp>
			</report>
			<report>
				<misses>2741001</misses>
				<total>10</total>
				<timestamp>848.861702</timestamp>
			</report>
			<report>
				<misses>2742001</misses>
				<total>10</total>
				<timestamp>849.171453</timestamp>
			</report>
			<report>
				<misses>2743001</misses>
				<total>10</total>
				<timestamp>849.481094</timestamp>
			</report>
			<report>
				<misses>2744001</misses>
				<total>10</total>
				<timestamp>849.790769</timestamp>
			</report>
			<report>
				<misses>2745001</misses>
				<total>10</total>
				<timestamp>850.100470</timestamp>
			</report>
			<report>
				<misses>2746001</misses>
				<total>10</total>
				<timestamp>850.410180</timestamp>
			</report>
			<report>
				<misses>2747001</misses>
				<total>10</total>
				<timestamp>850.719843</timestamp>
			</report>
			<report>
				<misses>2748001</misses>
				<total>10</total>
				<timestamp>851.029559</timestamp>
			</report>
			<report>
				<misses>2749001</misses>
				<total>10</total>
				<timestamp>851.339287</timestamp>
			</report>
			<report>
				<misses>2750001</misses>
				<total>10</total>
				<timestamp>851.648921</timestamp>
			</report>
			<report>
				<misses>2751001</misses>
				<total>10</total>
				<timestamp>851.958616</timestamp>
			</report>
			<report>
				<misses>2752001</misses>
				<total>10</total>
				<timestamp>852.268315</timestamp>
			</report>
			<report>
				<misses>2753001</misses>
				<total>10</total>
				<timestamp>852.577980</timestamp>
			</report>
			<report>
				<misses>2754001</misses>
				<total>10</total>
				<timestamp>852.887693</timestamp>
			</report>
			<report>
				<misses>2755001</misses>
				<total>10</total>
				<timestamp>853.197410</timestamp>
			</report>
			<report>
				<misses>2756001</misses>
				<total>10</total>
				<timestamp>853.507083</timestamp>
			</report>
			<report>
				<misses>2757001</misses>
				<total>10</total>
				<timestamp>853.816759</timestamp>
			</report>
			<report>
				<misses>2758001</misses>
				<total>10</total>
				<timestamp>854.126508</timestamp>
			</report>
			<report>
				<misses>2759001</misses>
				<total>10</total>
				<timestamp>854.436120</timestamp>
			</report>
			<report>
				<misses>2760001</misses>
				<total>10</total>
				<timestamp>854.745802</timestamp>
			</report>
			<report>
				<misses>2761001</misses>
				<total>10</total>
				<timestamp>855.055519</timestamp>
			</report>
			<report>
				<misses>2762001</misses>
				<total>10</total>
				<timestamp>855.365191</timestamp>
			</report>
			<report>
				<misses>2763001</misses>
				<total>10</total>
				<timestamp>855.674885</timestamp>
			</report>
			<report>
				<misses>2764001</misses>
				<total>10</total>
				<timestamp>855.984623</timestamp>
			</report>
			<report>
				<misses>2765001</misses>
				<total>10</total>
				<timestamp>856.294278</timestamp>
			</report>
			<report>
				<misses>2766001</misses>
				<total>10</total>
				<timestamp>856.603975</timestamp>
			</report>
			<report>
				<misses>2767001</misses>
				<total>10</total>
				<timestamp>856.913645</timestamp>
			</report>
			<report>
				<misses>2768001</misses>
				<total>10</total>
				<timestamp>857.223409</timestamp>
			</report>
			<report>
				<misses>2769001</misses>
				<total>10</total>
				<timestamp>857.533061</timestamp>
			</report>
			<report>
				<misses>2770001</misses>
				<total>10</total>
				<timestamp>857.842713</timestamp>
			</report>
			<report>
				<misses>2771001</misses>
				<total>10</total>
				<timestamp>858.152418</timestamp>
			</report>
			<report>
				<misses>2772001</misses>
				<total>10</total>
				<timestamp>858.462109</timestamp>
			</report>
			<report>
				<misses>2773001</misses>
				<total>10</total>
				<timestamp>858.771782</timestamp>
			</report>
			<report>
				<misses>2774001</misses>
				<total>10</total>
				<timestamp>859.081484</timestamp>
			</report>
			<report>
				<misses>2775001</misses>
				<total>10</total>
				<timestamp>859.391167</timestamp>
			</report>
			<report>
				<misses>2776001</misses>
				<total>10</total>
				<timestamp>859.700867</timestamp>
			</report>
			<report>
				<misses>2777001</misses>
				<total>10</total>
				<timestamp>860.010565</timestamp>
			</report>
			<report>
				<misses>2778001</misses>
				<total>10</total>
				<timestamp>860.320263</timestamp>
			</report>
			<report>
				<misses>2779001</misses>
				<total>10</total>
				<timestamp>860.629923</timestamp>
			</report>
			<report>
				<misses>2780001</misses>
				<total>10</total>
				<timestamp>860.939627</timestamp>
			</report>
			<report>
				<misses>2781001</misses>
				<total>10</total>
				<timestamp>861.249334</timestamp>
			</report>
			<report>
				<misses>2782001</misses>
				<total>10</total>
				<timestamp>861.559006</timestamp>
			</report>
			<report>
				<misses>2783001</misses>
				<total>10</total>
				<timestamp>861.868703</timestamp>
			</report>
			<report>
				<misses>2784001</misses>
				<total>10</total>
				<timestamp>862.178389</timestamp>
			</report>
			<report>
				<misses>2785001</misses>
				<total>10</total>
				<timestamp>862.488100</timestamp>
			</report>
			<report>
				<misses>2786001</misses>
				<total>10</total>
				<timestamp>862.797753</timestamp>
			</report>
			<report>
				<misses>2787001</misses>
				<total>10</total>
				<timestamp>863.107471</timestamp>
			</report>
			<report>
				<misses>2788001</misses>
				<total>10</total>
				<timestamp>863.417135</timestamp>
			</report>
			<report>
				<misses>2789001</misses>
				<total>10</total>
				<timestamp>863.726826</timestamp>
			</report>
			<report>
				<misses>2790001</misses>
				<total>10</total>
				<timestamp>864.036528</timestamp>
			</report>
			<report>
				<misses>2791001</misses>
				<total>10</total>
				<timestamp>864.346215</timestamp>
			</report>
			<report>
				<misses>2792001</misses>
				<total>10</total>
				<timestamp>864.655873</timestamp>
			</report>
			<report>
				<misses>2793001</misses>
				<total>10</total>
				<timestamp>864.965609</timestamp>
			</report>
			<report>
				<misses>2794001</misses>
				<total>10</total>
				<timestamp>865.275303</timestamp>
			</report>
			<report>
				<misses>2795001</misses>
				<total>10</total>
				<timestamp>865.584977</timestamp>
			</report>
			<report>
				<misses>2796001</misses>
				<total>10</total>
				<timestamp>865.894710</timestamp>
			</report>
			<report>
				<misses>2797001</misses>
				<total>10</total>
				<timestamp>866.204379</timestamp>
			</report>
			<report>
				<misses>2798001</misses>
				<total>10</total>
				<timestamp>866.514045</timestamp>
			</report>
			<report>
				<misses>2799001</misses>
				<total>10</total>
				<timestamp>866.823739</timestamp>
			</report>
			<report>
				<misses>2800001</misses>
				<total>10</total>
				<timestamp>867.133432</timestamp>
			</report>
			<report>
				<misses>2801001</misses>
				<total>10</total>
				<timestamp>867.443120</timestamp>
			</report>
			<report>
				<misses>2802001</misses>
				<total>10</total>
				<timestamp>867.752797</timestamp>
			</report>
			<report>
				<misses>2803001</misses>
				<total>10</total>
				<timestamp>868.062542</timestamp>
			</report>
			<report>
				<misses>2804001</misses>
				<total>10</total>
				<timestamp>868.372175</timestamp>
			</report>
			<report>
				<misses>2805001</misses>
				<total>10</total>
				<timestamp>868.681858</timestamp>
			</report>
			<report>
				<misses>2806001</misses>
				<total>10</total>
				<timestamp>868.991590</timestamp>
			</report>
			<report>
				<misses>2807001</misses>
				<total>10</total>
				<timestamp>869.301281</timestamp>
			</report>
			<report>
				<misses>2808001</misses>
				<total>10</total>
				<timestamp>869.610931</timestamp>
			</report>
			<report>
				<misses>2809001</misses>
				<total>10</total>
				<timestamp>869.920614</timestamp>
			</report>
			<report>
				<misses>2810001</misses>
				<total>10</total>
				<timestamp>870.230378</timestamp>
			</report>
			<report>
				<misses>2811001</misses>
				<total>10</total>
				<timestamp>870.540052</timestamp>
			</report>
			<report>
				<misses>2812001</misses>
				<total>10</total>
				<timestamp>870.849727</timestamp>
			</report>
			<report>
				<misses>2813001</misses>
				<total>10</total>
				<timestamp>871.159397</timestamp>
			</report>
			<report>
				<misses>2814001</misses>
				<total>10</total>
				<timestamp>871.469065</timestamp>
			</report>
			<report>
				<misses>2815001</misses>
				<total>10</total>
				<timestamp>871.778794</timestamp>
			</report>
			<report>
				<misses>2816001</misses>
				<total>10</total>
				<timestamp>872.088458</timestamp>
			</report>
			<report>
				<misses>2817001</misses>
				<total>10</total>
				<timestamp>872.398164</timestamp>
			</report>
			<report>
				<misses>2818001</misses>
				<total>10</total>
				<timestamp>872.707863</timestamp>
			</report>
			<report>
				<misses>2819001</misses>
				<total>10</total>
				<timestamp>873.017523</timestamp>
			</report>
			<report>
				<misses>2820001</misses>
				<total>10</total>
				<timestamp>873.327294</timestamp>
			</report>
			<report>
				<misses>2821001</misses>
				<total>10</total>
				<timestamp>873.636908</timestamp>
			</report>
			<report>
				<misses>2822001</misses>
				<total>10</total>
				<timestamp>873.946604</timestamp>
			</report>
			<report>
				<misses>2823001</misses>
				<total>10</total>
				<timestamp>874.256318</timestamp>
			</report>
			<report>
				<misses>2824001</misses>
				<total>10</total>
				<timestamp>874.565976</timestamp>
			</report>
			<report>
				<misses>2825001</misses>
				<total>10</total>
				<timestamp>874.875663</timestamp>
			</report>
			<report>
				<misses>2826001</misses>
				<total>10</total>
				<timestamp>875.185392</timestamp>
			</report>
			<report>
				<misses>2827001</misses>
				<total>10</total>
				<timestamp>875.495050</timestamp>
			</report>
			<report>
				<misses>2828001</misses>
				<total>10</total>
				<timestamp>875.804744</timestamp>
			</report>
			<report>
				<misses>2829001</misses>
				<total>10</total>
				<timestamp>876.114440</timestamp>
			</report>
			<report>
				<misses>2830001</misses>
				<total>10</total>
				<timestamp>876.424112</timestamp>
			</report>
			<report>
				<misses>2831001</misses>
				<total>10</total>
				<timestamp>876.733817</timestamp>
			</report>
			<report>
				<misses>2832001</misses>
				<total>10</total>
				<timestamp>877.043512</timestamp>
			</report>
			<report>
				<misses>2833001</misses>
				<total>10</total>
				<timestamp>877.353225</timestamp>
			</report>
			<report>
				<misses>2834001</misses>
				<total>10</total>
				<timestamp>877.662870</timestamp>
			</report>
			<report>
				<misses>2835001</misses>
				<total>10</total>
				<timestamp>877.972600</timestamp>
			</report>
			<report>
				<misses>2836001</misses>
				<total>10</total>
				<timestamp>878.282276</timestamp>
			</report>
			<report>
				<misses>2837001</misses>
				<total>10</total>
				<timestamp>878.591930</timestamp>
			</report>
			<report>
				<misses>2838001</misses>
				<total>10</total>
				<timestamp>878.901649</timestamp>
			</report>
			<report>
				<misses>2839001</misses>
				<total>10</total>
				<timestamp>879.211347</timestamp>
			</report>
			<report>
				<misses>2840001</misses>
				<total>10</total>
				<timestamp>879.521018</timestamp>
			</report>
			<report>
				<misses>2841001</misses>
				<total>10</total>
				<timestamp>879.830719</timestamp>
			</report>
			<report>
				<misses>2842001</misses>
				<total>10</total>
				<timestamp>880.140433</timestamp>
			</report>
			<report>
				<misses>2843001</misses>
				<total>10</total>
				<timestamp>880.450080</timestamp>
			</report>
			<report>
				<misses>2844001</misses>
				<total>10</total>
				<timestamp>880.759775</timestamp>
			</report>
			<report>
				<misses>2845001</misses>
				<total>10</total>
				<timestamp>881.069492</timestamp>
			</report>
			<report>
				<misses>2846001</misses>
				<total>10</total>
				<timestamp>881.379167</timestamp>
			</report>
			<report>
				<misses>2847001</misses>
				<total>10</total>
				<timestamp>881.688865</timestamp>
			</report>
			<report>
				<misses>2848001</misses>
				<total>10</total>
				<timestamp>881.998552</timestamp>
			</report>
			<report>
				<misses>2849001</misses>
				<total>10</total>
				<timestamp>882.308262</timestamp>
			</report>
			<report>
				<misses>2850001</misses>
				<total>10</total>
				<timestamp>882.617916</timestamp>
			</report>
			<report>
				<misses>2851001</misses>
				<total>10</total>
				<timestamp>882.927620</timestamp>
			</report>
			<report>
				<misses>2852001</misses>
				<total>10</total>
				<timestamp>883.237331</timestamp>
			</report>
			<report>
				<misses>2853001</misses>
				<total>10</total>
				<timestamp>883.546985</timestamp>
			</report>
			<report>
				<misses>2854001</misses>
				<total>10</total>
				<timestamp>883.856687</timestamp>
			</report>
			<report>
				<misses>2855001</misses>
				<total>10</total>
				<timestamp>884.166354</timestamp>
			</report>
			<report>
				<misses>2856001</misses>
				<total>10</total>
				<timestamp>884.476054</timestamp>
			</report>
			<report>
				<misses>2857001</misses>
				<total>10</total>
				<timestamp>884.785742</timestamp>
			</report>
			<report>
				<misses>2858001</misses>
				<total>10</total>
				<timestamp>885.095440</timestamp>
			</report>
			<report>
				<misses>2859001</misses>
				<total>10</total>
				<timestamp>885.405140</timestamp>
			</report>
			<report>
				<misses>2860001</misses>
				<total>10</total>
				<timestamp>885.714815</timestamp>
			</report>
			<report>
				<misses>2861001</misses>
				<total>10</total>
				<timestamp>886.024557</timestamp>
			</report>
			<report>
				<misses>2862001</misses>
				<total>10</total>
				<timestamp>886.334253</timestamp>
			</report>
			<report>
				<misses>2863001</misses>
				<total>10</total>
				<timestamp>886.643900</timestamp>
			</report>
			<report>
				<misses>2864001</misses>
				<total>10</total>
				<timestamp>886.953620</timestamp>
			</report>
			<report>
				<misses>2865001</misses>
				<total>10</total>
				<timestamp>887.263310</timestamp>
			</report>
			<report>
				<misses>2866001</misses>
				<total>10</total>
				<timestamp>887.572965</timestamp>
			</report>
			<report>
				<misses>2867001</misses>
				<total>10</total>
				<timestamp>887.882649</timestamp>
			</report>
			<report>
				<misses>2868001</misses>
				<total>10</total>
				<timestamp>888.192347</timestamp>
			</report>
			<report>
				<misses>2869001</misses>
				<total>10</total>
				<timestamp>888.502010</timestamp>
			</report>
			<report>
				<misses>2870001</misses>
				<total>10</total>
				<timestamp>888.811723</timestamp>
			</report>
			<report>
				<misses>2871001</misses>
				<total>10</total>
				<timestamp>889.121397</timestamp>
			</report>
			<report>
				<misses>2872001</misses>
				<total>10</total>
				<timestamp>889.431133</timestamp>
			</report>
			<report>
				<misses>2873001</misses>
				<total>11</total>
				<timestamp>889.740773</timestamp>
			</report>
			<report>
				<misses>2874001</misses>
				<total>11</total>
				<timestamp>890.050461</timestamp>
			</report>
			<report>
				<misses>2875001</misses>
				<total>11</total>
				<timestamp>890.360174</timestamp>
			</report>
			<report>
				<misses>2876001</misses>
				<total>11</total>
				<timestamp>890.669862</timestamp>
			</report>
			<report>
				<misses>2877001</misses>
				<total>11</total>
				<timestamp>890.979554</timestamp>
			</report>
			<report>
				<misses>2878001</misses>
				<total>11</total>
				<timestamp>891.289298</timestamp>
			</report>
			<report>
				<misses>2879001</misses>
				<total>11</total>
				<timestamp>891.598936</timestamp>
			</report>
			<report>
				<misses>2880001</misses>
				<total>11</total>
				<timestamp>891.908602</timestamp>
			</report>
			<report>
				<misses>2881001</misses>
				<total>11</total>
				<timestamp>892.218307</timestamp>
			</report>
			<report>
				<misses>2882001</misses>
				<total>11</total>
				<timestamp>892.527994</timestamp>
			</report>
			<report>
				<misses>2883001</misses>
				<total>11</total>
				<timestamp>892.837678</timestamp>
			</report>
			<report>
				<misses>2884001</misses>
				<total>11</total>
				<timestamp>893.147370</timestamp>
			</report>
			<report>
				<misses>2885001</misses>
				<total>11</total>
				<timestamp>893.457079</timestamp>
			</report>
			<report>
				<misses>2886001</misses>
				<total>11</total>
				<timestamp>893.766763</timestamp>
			</report>
			<report>
				<misses>2887001</misses>
				<total>11</total>
				<timestamp>894.076435</timestamp>
			</report>
			<report>
				<misses>2888001</misses>
				<total>11</total>
				<timestamp>894.386138</timestamp>
			</report>
			<report>
				<misses>2889001</misses>
				<total>11</total>
				<timestamp>894.695851</timestamp>
			</report>
			<report>
				<misses>2890001</misses>
				<total>11</total>
				<timestamp>895.005527</timestamp>
			</report>
			<report>
				<misses>2891001</misses>
				<total>11</total>
				<timestamp>895.315248</timestamp>
			</report>
			<report>
				<misses>2892001</misses>
				<total>11</total>
				<timestamp>895.624884</timestamp>
			</report>
			<report>
				<misses>2893001</misses>
				<total>11</total>
				<timestamp>895.934596</timestamp>
			</report>
			<report>
				<misses>2894001</misses>
				<total>11</total>
				<timestamp>896.244283</timestamp>
			</report>
			<report>
				<misses>2895001</misses>
				<total>11</total>
				<timestamp>896.553955</timestamp>
			</report>
			<report>
				<misses>2896001</misses>
				<total>11</total>
				<timestamp>896.863659</timestamp>
			</report>
			<report>
				<misses>2897001</misses>
				<total>11</total>
				<timestamp>897.173337</timestamp>
			</report>
			<report>
				<misses>2898001</misses>
				<total>11</total>
				<timestamp>897.483062</timestamp>
			</report>
			<report>
				<misses>2899001</misses>
				<total>11</total>
				<timestamp>897.792737</timestamp>
			</report>
			<report>
				<misses>2900001</misses>
				<total>11</total>
				<timestamp>898.102402</timestamp>
			</report>
			<report>
				<misses>2901001</misses>
				<total>11</total>
				<timestamp>898.412129</timestamp>
			</report>
			<report>
				<misses>2902001</misses>
				<total>11</total>
				<timestamp>898.721804</timestamp>
			</report>
			<report>
				<misses>2903001</misses>
				<total>11</total>
				<timestamp>899.031491</timestamp>
			</report>
			<report>
				<misses>2904001</misses>
				<total>11</total>
				<timestamp>899.341255</timestamp>
			</report>
			<report>
				<misses>2905001</misses>
				<total>11</total>
				<timestamp>899.650874</timestamp>
			</report>
			<report>
				<misses>2906001</misses>
				<total>11</total>
				<timestamp>899.960565</timestamp>
			</report>
			<report>
				<misses>2907001</misses>
				<total>11</total>
				<timestamp>900.270287</timestamp>
			</report>
			<report>
				<misses>2908001</misses>
				<total>11</total>
				<timestamp>900.579929</timestamp>
			</report>
			<report>
				<misses>2909001</misses>
				<total>11</total>
				<timestamp>900.889632</timestamp>
			</report>
			<report>
				<misses>2910001</misses>
				<total>11</total>
				<timestamp>901.199315</timestamp>
			</report>
			<report>
				<misses>2911001</misses>
				<total>11</total>
				<timestamp>901.509043</timestamp>
			</report>
			<report>
				<misses>2912001</misses>
				<total>11</total>
				<timestamp>901.818721</timestamp>
			</report>
			<report>
				<misses>2913001</misses>
				<total>11</total>
				<timestamp>902.128379</timestamp>
			</report>
			<report>
				<misses>2914001</misses>
				<total>11</total>
				<timestamp>902.438096</timestamp>
			</report>
			<report>
				<misses>2915001</misses>
				<total>11</total>
				<timestamp>902.747763</timestamp>
			</report>
			<report>
				<misses>2916001</misses>
				<total>11</total>
				<timestamp>903.057476</timestamp>
			</report>
			<report>
				<misses>2917001</misses>
				<total>11</total>
				<timestamp>903.367180</timestamp>
			</report>
			<report>
				<misses>2918001</misses>
				<total>11</total>
				<timestamp>903.676843</timestamp>
			</report>
			<report>
				<misses>2919001</misses>
				<total>14</total>
				<timestamp>903.986517</timestamp>
			</report>
			<report>
				<misses>2920001</misses>
				<total>14</total>
				<timestamp>904.296240</timestamp>
			</report>
			<report>
				<misses>2921001</misses>
				<total>14</total>
				<timestamp>904.605981</timestamp>
			</report>
			<report>
				<misses>2922001</misses>
				<total>14</total>
				<timestamp>904.915606</timestamp>
			</report>
			<report>
				<misses>2923001</misses>
				<total>14</total>
				<timestamp>905.225310</timestamp>
			</report>
			<report>
				<misses>2924001</misses>
				<total>14</total>
				<timestamp>905.534987</timestamp>
			</report>
			<report>
				<misses>2925001</misses>
				<total>14</total>
				<timestamp>905.844662</timestamp>
			</report>
			<report>
				<misses>2926001</misses>
				<total>14</total>
				<timestamp>906.154384</timestamp>
			</report>
			<report>
				<misses>2927001</misses>
				<total>14</total>
				<timestamp>906.464061</timestamp>
			</report>
			<report>
				<misses>2928001</misses>
				<total>14</total>
				<timestamp>906.773743</timestamp>
			</report>
			<report>
				<misses>2929001</misses>
				<total>14</total>
				<timestamp>907.083412</timestamp>
			</report>
			<report>
				<misses>2930001</misses>
				<total>14</total>
				<timestamp>907.393183</timestamp>
			</report>
			<report>
				<misses>2931001</misses>
				<total>14</total>
				<timestamp>907.702810</timestamp>
			</report>
			<report>
				<misses>2932001</misses>
				<total>14</total>
				<timestamp>908.012512</timestamp>
			</report>
			<report>
				<misses>2933001</misses>
				<total>14</total>
				<timestamp>908.322190</timestamp>
			</report>
			<report>
				<misses>2934001</misses>
				<total>14</total>
				<timestamp>908.631884</timestamp>
			</report>
			<report>
				<misses>2935001</misses>
				<total>14</total>
				<timestamp>908.941551</timestamp>
			</report>
			<report>
				<misses>2936001</misses>
				<total>14</total>
				<timestamp>909.251261</timestamp>
			</report>
			<report>
				<misses>2937001</misses>
				<total>14</total>
				<timestamp>909.560959</timestamp>
			</report>
			<report>
				<misses>2938001</misses>
				<total>14</total>
				<timestamp>909.870641</timestamp>
			</report>
			<report>
				<misses>2939001</misses>
				<total>14</total>
				<timestamp>910.180361</timestamp>
			</report>
			<report>
				<misses>2940001</misses>
				<total>14</total>
				<timestamp>910.490044</timestamp>
			</report>
			<report>
				<misses>2941001</misses>
				<total>14</total>
				<timestamp>910.799710</timestamp>
			</report>
			<report>
				<misses>2942001</misses>
				<total>14</total>
				<timestamp>911.109407</timestamp>
			</report>
			<report>
				<misses>2943001</misses>
				<total>14</total>
				<timestamp>911.419102</timestamp>
			</report>
			<report>
				<misses>2944001</misses>
				<total>14</total>
				<timestamp>911.728778</timestamp>
			</report>
			<report>
				<misses>2945001</misses>
				<total>14</total>
				<timestamp>912.038481</timestamp>
			</report>
			<report>
				<misses>2946001</misses>
				<total>14</total>
				<timestamp>912.348172</timestamp>
			</report>
			<report>
				<misses>2947001</misses>
				<total>14</total>
				<timestamp>912.657887</timestamp>
			</report>
			<report>
				<misses>2948001</misses>
				<total>14</total>
				<timestamp>912.967539</timestamp>
			</report>
			<report>
				<misses>2949001</misses>
				<total>14</total>
				<timestamp>913.277238</timestamp>
			</report>
			<report>
				<misses>2950001</misses>
				<total>14</total>
				<timestamp>913.586938</timestamp>
			</report>
			<report>
				<misses>2951001</misses>
				<total>14</total>
				<timestamp>913.896610</timestamp>
			</report>
			<report>
				<misses>2952001</misses>
				<total>14</total>
				<timestamp>914.206303</timestamp>
			</report>
			<report>
				<misses>2953001</misses>
				<total>14</total>
				<timestamp>914.516037</timestamp>
			</report>
			<report>
				<misses>2954001</misses>
				<total>14</total>
				<timestamp>914.825689</timestamp>
			</report>
			<report>
				<misses>2955001</misses>
				<total>14</total>
				<timestamp>915.135394</timestamp>
			</report>
			<report>
				<misses>2956001</misses>
				<total>14</total>
				<timestamp>915.445104</timestamp>
			</report>
			<report>
				<misses>2957001</misses>
				<total>14</total>
				<timestamp>915.754739</timestamp>
			</report>
			<report>
				<misses>2958001</misses>
				<total>14</total>
				<timestamp>916.064435</timestamp>
			</report>
			<report>
				<misses>2959001</misses>
				<total>14</total>
				<timestamp>916.374143</timestamp>
			</report>
			<report>
				<misses>2960001</misses>
				<total>14</total>
				<timestamp>916.683810</timestamp>
			</report>
			<report>
				<misses>2961001</misses>
				<total>14</total>
				<timestamp>916.993589</timestamp>
			</report>
			<report>
				<misses>2962001</misses>
				<total>14</total>
				<timestamp>917.303193</timestamp>
			</report>
			<report>
				<misses>2963001</misses>
				<total>14</total>
				<timestamp>917.612891</timestamp>
			</report>
			<report>
				<misses>2964001</misses>
				<total>14</total>
				<timestamp>917.922570</timestamp>
			</report>
			<report>
				<misses>2965001</misses>
				<total>14</total>
				<timestamp>918.232276</timestamp>
			</report>
			<report>
				<misses>2966001</misses>
				<total>14</total>
				<timestamp>918.541972</timestamp>
			</report>
			<report>
				<misses>2967001</misses>
				<total>14</total>
				<timestamp>918.851680</timestamp>
			</report>
			<report>
				<misses>2968001</misses>
				<total>14</total>
				<timestamp>919.161333</timestamp>
			</report>
			<report>
				<misses>2969001</misses>
				<total>14</total>
				<timestamp>919.471048</timestamp>
			</report>
			<report>
				<misses>2970001</misses>
				<total>14</total>
				<timestamp>919.780715</timestamp>
			</report>
			<report>
				<misses>2971001</misses>
				<total>14</total>
				<timestamp>920.090411</timestamp>
			</report>
			<report>
				<misses>2972001</misses>
				<total>14</total>
				<timestamp>920.400106</timestamp>
			</report>
			<report>
				<misses>2973001</misses>
				<total>14</total>
				<timestamp>920.709820</timestamp>
			</report>
			<report>
				<misses>2974001</misses>
				<total>14</total>
				<timestamp>921.019498</timestamp>
			</report>
			<report>
				<misses>2975001</misses>
				<total>14</total>
				<timestamp>921.329166</timestamp>
			</report>
			<report>
				<misses>2976001</misses>
				<total>14</total>
				<timestamp>921.638858</timestamp>
			</report>
			<report>
				<misses>2977001</misses>
				<total>14</total>
				<timestamp>921.948545</timestamp>
			</report>
			<report>
				<misses>2978001</misses>
				<total>14</total>
				<timestamp>922.258234</timestamp>
			</report>
			<report>
				<misses>2979001</misses>
				<total>14</total>
				<timestamp>922.567948</timestamp>
			</report>
			<report>
				<misses>2980001</misses>
				<total>14</total>
				<timestamp>922.877636</timestamp>
			</report>
			<report>
				<misses>2981001</misses>
				<total>14</total>
				<timestamp>923.187324</timestamp>
			</report>
			<report>
				<misses>2982001</misses>
				<total>14</total>
				<timestamp>923.497006</timestamp>
			</report>
			<report>
				<misses>2983001</misses>
				<total>14</total>
				<timestamp>923.806673</timestamp>
			</report>
			<report>
				<misses>2984001</misses>
				<total>14</total>
				<timestamp>924.116355</timestamp>
			</report>
			<report>
				<misses>2985001</misses>
				<total>14</total>
				<timestamp>924.426081</timestamp>
			</report>
			<report>
				<misses>2986001</misses>
				<total>14</total>
				<timestamp>924.735753</timestamp>
			</report>
			<report>
				<misses>2987001</misses>
				<total>14</total>
				<timestamp>925.045444</timestamp>
			</report>
			<report>
				<misses>2988001</misses>
				<total>14</total>
				<timestamp>925.355168</timestamp>
			</report>
			<report>
				<misses>2989001</misses>
				<total>14</total>
				<timestamp>925.664846</timestamp>
			</report>
			<report>
				<misses>2990001</misses>
				<total>14</total>
				<timestamp>925.974574</timestamp>
			</report>
			<report>
				<misses>2991001</misses>
				<total>14</total>
				<timestamp>926.284246</timestamp>
			</report>
			<report>
				<misses>2992001</misses>
				<total>14</total>
				<timestamp>926.593937</timestamp>
			</report>
			<report>
				<misses>2993001</misses>
				<total>14</total>
				<timestamp>926.903577</timestamp>
			</report>
			<report>
				<misses>2994001</misses>
				<total>14</total>
				<timestamp>927.213274</timestamp>
			</report>
			<report>
				<misses>2995001</misses>
				<total>14</total>
				<timestamp>927.522997</timestamp>
			</report>
			<report>
				<misses>2996001</misses>
				<total>14</total>
				<timestamp>927.832661</timestamp>
			</report>
			<report>
				<misses>2997001</misses>
				<total>14</total>
				<timestamp>928.142344</timestamp>
			</report>
			<report>
				<misses>2998001</misses>
				<total>14</total>
				<timestamp>928.452083</timestamp>
			</report>
			<report>
				<misses>2999001</misses>
				<total>14</total>
				<timestamp>928.761769</timestamp>
			</report>
			<report>
				<misses>3000001</misses>
				<total>14</total>
				<timestamp>929.071411</timestamp>
			</report>
			<report>
				<misses>3001001</misses>
				<total>14</total>
				<timestamp>929.381091</timestamp>
			</report>
			<report>
				<misses>3002001</misses>
				<total>14</total>
				<timestamp>929.690793</timestamp>
			</report>
			<report>
				<misses>3003001</misses>
				<total>14</total>
				<timestamp>930.000496</timestamp>
			</report>
			<report>
				<misses>3004001</misses>
				<total>14</total>
				<timestamp>930.310208</timestamp>
			</report>
			<report>
				<misses>3005001</misses>
				<total>14</total>
				<timestamp>930.619889</timestamp>
			</report>
			<report>
				<misses>3006001</misses>
				<total>14</total>
				<timestamp>930.929554</timestamp>
			</report>
			<report>
				<misses>3007001</misses>
				<total>14</total>
				<timestamp>931.239255</timestamp>
			</report>
			<report>
				<misses>3008001</misses>
				<total>14</total>
				<timestamp>931.548944</timestamp>
			</report>
			<report>
				<misses>3009001</misses>
				<total>14</total>
				<timestamp>931.858641</timestamp>
			</report>
			<report>
				<misses>3010001</misses>
				<total>14</total>
				<timestamp>932.168335</timestamp>
			</report>
			<report>
				<misses>3011001</misses>
				<total>14</total>
				<timestamp>932.478063</timestamp>
			</report>
			<report>
				<misses>3012001</misses>
				<total>14</total>
				<timestamp>932.787689</timestamp>
			</report>
			<report>
				<misses>3013001</misses>
				<total>14</total>
				<timestamp>933.097386</timestamp>
			</report>
			<report>
				<misses>3014001</misses>
				<total>14</total>
				<timestamp>933.407104</timestamp>
			</report>
			<report>
				<misses>3015001</misses>
				<total>14</total>
				<timestamp>933.716797</timestamp>
			</report>
			<report>
				<misses>3016001</misses>
				<total>14</total>
				<timestamp>934.026478</timestamp>
			</report>
			<report>
				<misses>3017001</misses>
				<total>14</total>
				<timestamp>934.336148</timestamp>
			</report>
			<report>
				<misses>3018001</misses>
				<total>14</total>
				<timestamp>934.645867</timestamp>
			</report>
			<report>
				<misses>3019001</misses>
				<total>14</total>
				<timestamp>934.955558</timestamp>
			</report>
			<report>
				<misses>3020001</misses>
				<total>14</total>
				<timestamp>935.265205</timestamp>
			</report>
			<report>
				<misses>3021001</misses>
				<total>14</total>
				<timestamp>935.574917</timestamp>
			</report>
			<report>
				<misses>3022001</misses>
				<total>14</total>
				<timestamp>935.884606</timestamp>
			</report>
			<report>
				<misses>3023001</misses>
				<total>14</total>
				<timestamp>936.194282</timestamp>
			</report>
			<report>
				<misses>3024001</misses>
				<total>14</total>
				<timestamp>936.503995</timestamp>
			</report>
			<report>
				<misses>3025001</misses>
				<total>14</total>
				<timestamp>936.813665</timestamp>
			</report>
			<report>
				<misses>3026001</misses>
				<total>14</total>
				<timestamp>937.123340</timestamp>
			</report>
			<report>
				<misses>3027001</misses>
				<total>14</total>
				<timestamp>937.433023</timestamp>
			</report>
			<report>
				<misses>3028001</misses>
				<total>14</total>
				<timestamp>937.742720</timestamp>
			</report>
			<report>
				<misses>3029001</misses>
				<total>14</total>
				<timestamp>938.052452</timestamp>
			</report>
			<report>
				<misses>3030001</misses>
				<total>14</total>
				<timestamp>938.362102</timestamp>
			</report>
			<report>
				<misses>3031001</misses>
				<total>14</total>
				<timestamp>938.671840</timestamp>
			</report>
			<report>
				<misses>3032001</misses>
				<total>14</total>
				<timestamp>938.981526</timestamp>
			</report>
			<report>
				<misses>3033001</misses>
				<total>14</total>
				<timestamp>939.291211</timestamp>
			</report>
			<report>
				<misses>3034001</misses>
				<total>14</total>
				<timestamp>939.600898</timestamp>
			</report>
			<report>
				<misses>3035001</misses>
				<total>14</total>
				<timestamp>939.910565</timestamp>
			</report>
			<report>
				<misses>3036001</misses>
				<total>14</total>
				<timestamp>940.220262</timestamp>
			</report>
			<report>
				<misses>3037001</misses>
				<total>14</total>
				<timestamp>940.529993</timestamp>
			</report>
			<report>
				<misses>3038001</misses>
				<total>14</total>
				<timestamp>940.839640</timestamp>
			</report>
			<report>
				<misses>3039001</misses>
				<total>14</total>
				<timestamp>941.149336</timestamp>
			</report>
			<report>
				<misses>3040001</misses>
				<total>14</total>
				<timestamp>941.459022</timestamp>
			</report>
			<report>
				<misses>3041001</misses>
				<total>14</total>
				<timestamp>941.768733</timestamp>
			</report>
			<report>
				<misses>3042001</misses>
				<total>14</total>
				<timestamp>942.078409</timestamp>
			</report>
			<report>
				<misses>3043001</misses>
				<total>14</total>
				<timestamp>942.388112</timestamp>
			</report>
			<report>
				<misses>3044001</misses>
				<total>14</total>
				<timestamp>942.697805</timestamp>
			</report>
			<report>
				<misses>3045001</misses>
				<total>14</total>
				<timestamp>943.007481</timestamp>
			</report>
			<report>
				<misses>3046001</misses>
				<total>14</total>
				<timestamp>943.317191</timestamp>
			</report>
			<report>
				<misses>3047001</misses>
				<total>14</total>
				<timestamp>943.626862</timestamp>
			</report>
			<report>
				<misses>3048001</misses>
				<total>14</total>
				<timestamp>943.936550</timestamp>
			</report>
			<report>
				<misses>3049001</misses>
				<total>14</total>
				<timestamp>944.246230</timestamp>
			</report>
			<report>
				<misses>3050001</misses>
				<total>14</total>
				<timestamp>944.555973</timestamp>
			</report>
			<report>
				<misses>3051001</misses>
				<total>14</total>
				<timestamp>944.865604</timestamp>
			</report>
			<report>
				<misses>3052001</misses>
				<total>14</total>
				<timestamp>945.175303</timestamp>
			</report>
			<report>
				<misses>3053001</misses>
				<total>14</total>
				<timestamp>945.485007</timestamp>
			</report>
			<report>
				<misses>3054001</misses>
				<total>14</total>
				<timestamp>945.794672</timestamp>
			</report>
			<report>
				<misses>3055001</misses>
				<total>14</total>
				<timestamp>946.104359</timestamp>
			</report>
			<report>
				<misses>3056001</misses>
				<total>14</total>
				<timestamp>946.414066</timestamp>
			</report>
			<report>
				<misses>3057001</misses>
				<total>14</total>
				<timestamp>946.723761</timestamp>
			</report>
			<report>
				<misses>3058001</misses>
				<total>14</total>
				<timestamp>947.033426</timestamp>
			</report>
			<report>
				<misses>3059001</misses>
				<total>14</total>
				<timestamp>947.343151</timestamp>
			</report>
			<report>
				<misses>3060001</misses>
				<total>14</total>
				<timestamp>947.652806</timestamp>
			</report>
			<report>
				<misses>3061001</misses>
				<total>14</total>
				<timestamp>947.962521</timestamp>
			</report>
			<report>
				<misses>3062001</misses>
				<total>14</total>
				<timestamp>948.272273</timestamp>
			</report>
			<report>
				<misses>3063001</misses>
				<total>14</total>
				<timestamp>948.581888</timestamp>
			</report>
			<report>
				<misses>3064001</misses>
				<total>14</total>
				<timestamp>948.891562</timestamp>
			</report>
			<report>
				<misses>3065001</misses>
				<total>14</total>
				<timestamp>949.201271</timestamp>
			</report>
			<report>
				<misses>3066001</misses>
				<total>14</total>
				<timestamp>949.510963</timestamp>
			</report>
			<report>
				<misses>3067001</misses>
				<total>15</total>
				<timestamp>949.820629</timestamp>
			</report>
			<report>
				<misses>3068001</misses>
				<total>15</total>
				<timestamp>950.130333</timestamp>
			</report>
			<report>
				<misses>3069001</misses>
				<total>15</total>
				<timestamp>950.440050</timestamp>
			</report>
			<report>
				<misses>3070001</misses>
				<total>15</total>
				<timestamp>950.749708</timestamp>
			</report>
			<report>
				<misses>3071001</misses>
				<total>15</total>
				<timestamp>951.059391</timestamp>
			</report>
			<report>
				<misses>3072001</misses>
				<total>15</total>
				<timestamp>951.369091</timestamp>
			</report>
			<report>
				<misses>3073001</misses>
				<total>15</total>
				<timestamp>951.678793</timestamp>
			</report>
			<report>
				<misses>3074001</misses>
				<total>15</total>
				<timestamp>951.988487</timestamp>
			</report>
			<report>
				<misses>3075001</misses>
				<total>15</total>
				<timestamp>952.298152</timestamp>
			</report>
			<report>
				<misses>3076001</misses>
				<total>15</total>
				<timestamp>952.607915</timestamp>
			</report>
			<report>
				<misses>3077001</misses>
				<total>15</total>
				<timestamp>952.917551</timestamp>
			</report>
			<report>
				<misses>3078001</misses>
				<total>15</total>
				<timestamp>953.227250</timestamp>
			</report>
			<report>
				<misses>3079001</misses>
				<total>15</total>
				<timestamp>953.536936</timestamp>
			</report>
			<report>
				<misses>3080001</misses>
				<total>15</total>
				<timestamp>953.846636</timestamp>
			</report>
			<report>
				<misses>3081001</misses>
				<total>15</total>
				<timestamp>954.156340</timestamp>
			</report>
			<report>
				<misses>3082001</misses>
				<total>15</total>
				<timestamp>954.466016</timestamp>
			</report>
			<report>
				<misses>3083001</misses>
				<total>15</total>
				<timestamp>954.775725</timestamp>
			</report>
			<report>
				<misses>3084001</misses>
				<total>15</total>
				<timestamp>955.085387</timestamp>
			</report>
			<report>
				<misses>3085001</misses>
				<total>15</total>
				<timestamp>955.395049</timestamp>
			</report>
			<report>
				<misses>3086001</misses>
				<total>15</total>
				<timestamp>955.704788</timestamp>
			</report>
			<report>
				<misses>3087001</misses>
				<total>15</total>
				<timestamp>956.014450</timestamp>
			</report>
			<report>
				<misses>3088001</misses>
				<total>15</total>
				<timestamp>956.324128</timestamp>
			</report>
			<report>
				<misses>3089001</misses>
				<total>15</total>
				<timestamp>956.633850</timestamp>
			</report>
			<report>
				<misses>3090001</misses>
				<total>15</total>
				<timestamp>956.943515</timestamp>
			</report>
			<report>
				<misses>3091001</misses>
				<total>15</total>
				<timestamp>957.253220</timestamp>
			</report>
			<report>
				<misses>3092001</misses>
				<total>15</total>
				<timestamp>957.562930</timestamp>
			</report>
			<report>
				<misses>3093001</misses>
				<total>15</total>
				<timestamp>957.872581</timestamp>
			</report>
			<report>
				<misses>3094001</misses>
				<total>15</total>
				<timestamp>958.182274</timestamp>
			</report>
			<report>
				<misses>3095001</misses>
				<total>15</total>
				<timestamp>958.491966</timestamp>
			</report>
			<report>
				<misses>3096001</misses>
				<total>15</total>
				<timestamp>958.801714</timestamp>
			</report>
			<report>
				<misses>3097001</misses>
				<total>15</total>
				<timestamp>959.111368</timestamp>
			</report>
			<report>
				<misses>3098001</misses>
				<total>15</total>
				<timestamp>959.421084</timestamp>
			</report>
			<report>
				<misses>3099001</misses>
				<total>15</total>
				<timestamp>959.730728</timestamp>
			</report>
			<report>
				<misses>3100001</misses>
				<total>15</total>
				<timestamp>960.040414</timestamp>
			</report>
			<report>
				<misses>3101001</misses>
				<total>15</total>
				<timestamp>960.350105</timestamp>
			</report>
			<report>
				<misses>3102001</misses>
				<total>15</total>
				<timestamp>960.659820</timestamp>
			</report>
			<report>
				<misses>3103001</misses>
				<total>15</total>
				<timestamp>960.969500</timestamp>
			</report>
			<report>
				<misses>3104001</misses>
				<total>15</total>
				<timestamp>961.279182</timestamp>
			</report>
			<report>
				<misses>3105001</misses>
				<total>15</total>
				<timestamp>961.588866</timestamp>
			</report>
			<report>
				<misses>3106001</misses>
				<total>15</total>
				<timestamp>961.898567</timestamp>
			</report>
			<report>
				<misses>3107001</misses>
				<total>15</total>
				<timestamp>962.208251</timestamp>
			</report>
			<report>
				<misses>3108001</misses>
				<total>15</total>
				<timestamp>962.517947</timestamp>
			</report>
			<report>
				<misses>3109001</misses>
				<total>15</total>
				<timestamp>962.827724</timestamp>
			</report>
			<report>
				<misses>3110001</misses>
				<total>15</total>
				<timestamp>963.137327</timestamp>
			</report>
			<report>
				<misses>3111001</misses>
				<total>15</total>
				<timestamp>963.447013</timestamp>
			</report>
			<report>
				<misses>3112001</misses>
				<total>15</total>
				<timestamp>963.756738</timestamp>
			</report>
			<report>
				<misses>3113001</misses>
				<total>15</total>
				<timestamp>964.066393</timestamp>
			</report>
			<report>
				<misses>3114001</misses>
				<total>15</total>
				<timestamp>964.376073</timestamp>
			</report>
			<report>
				<misses>3115001</misses>
				<total>15</total>
				<timestamp>964.685774</timestamp>
			</report>
			<report>
				<misses>3116001</misses>
				<total>15</total>
				<timestamp>964.995464</timestamp>
			</report>
			<report>
				<misses>3117001</misses>
				<total>15</total>
				<timestamp>965.305156</timestamp>
			</report>
			<report>
				<misses>3118001</misses>
				<total>15</total>
				<timestamp>965.614857</timestamp>
			</report>
			<report>
				<misses>3119001</misses>
				<total>15</total>
				<timestamp>965.924567</timestamp>
			</report>
			<report>
				<misses>3120001</misses>
				<total>15</total>
				<timestamp>966.234237</timestamp>
			</report>
			<report>
				<misses>3121001</misses>
				<total>15</total>
				<timestamp>966.543913</timestamp>
			</report>
			<report>
				<misses>3122001</misses>
				<total>15</total>
				<timestamp>966.853588</timestamp>
			</report>
			<report>
				<misses>3123001</misses>
				<total>15</total>
				<timestamp>967.163269</timestamp>
			</report>
			<report>
				<misses>3124001</misses>
				<total>15</total>
				<timestamp>967.472971</timestamp>
			</report>
			<report>
				<misses>3125001</misses>
				<total>15</total>
				<timestamp>967.782671</timestamp>
			</report>
			<report>
				<misses>3126001</misses>
				<total>15</total>
				<timestamp>968.092367</timestamp>
			</report>
			<report>
				<misses>3127001</misses>
				<total>15</total>
				<timestamp>968.402064</timestamp>
			</report>
			<report>
				<misses>3128001</misses>
				<total>15</total>
				<timestamp>968.711820</timestamp>
			</report>
			<report>
				<misses>3129001</misses>
				<total>15</total>
				<timestamp>969.021469</timestamp>
			</report>
			<report>
				<misses>3130001</misses>
				<total>15</total>
				<timestamp>969.331124</timestamp>
			</report>
			<report>
				<misses>3131001</misses>
				<total>15</total>
				<timestamp>969.640802</timestamp>
			</report>
			<report>
				<misses>3132001</misses>
				<total>15</total>
				<timestamp>969.950539</timestamp>
			</report>
			<report>
				<misses>3133001</misses>
				<total>15</total>
				<timestamp>970.260183</timestamp>
			</report>
			<report>
				<misses>3134001</misses>
				<total>15</total>
				<timestamp>970.569910</timestamp>
			</report>
			<report>
				<misses>3135001</misses>
				<total>15</total>
				<timestamp>970.879569</timestamp>
			</report>
			<report>
				<misses>3136001</misses>
				<total>15</total>
				<timestamp>971.189262</timestamp>
			</report>
			<report>
				<misses>3137001</misses>
				<total>15</total>
				<timestamp>971.498957</timestamp>
			</report>
			<report>
				<misses>3138001</misses>
				<total>15</total>
				<timestamp>971.808677</timestamp>
			</report>
			<report>
				<misses>3139001</misses>
				<total>15</total>
				<timestamp>972.118347</timestamp>
			</report>
			<report>
				<misses>3140001</misses>
				<total>15</total>
				<timestamp>972.427992</timestamp>
			</report>
			<report>
				<misses>3141001</misses>
				<total>15</total>
				<timestamp>972.737731</timestamp>
			</report>
			<report>
				<misses>3142001</misses>
				<total>15</total>
				<timestamp>973.047404</timestamp>
			</report>
			<report>
				<misses>3143001</misses>
				<total>15</total>
				<timestamp>973.357095</timestamp>
			</report>
			<report>
				<misses>3144001</misses>
				<total>15</total>
				<timestamp>973.666785</timestamp>
			</report>
			<report>
				<misses>3145001</misses>
				<total>15</total>
				<timestamp>973.976512</timestamp>
			</report>
			<report>
				<misses>3146001</misses>
				<total>15</total>
				<timestamp>974.286142</timestamp>
			</report>
			<report>
				<misses>3147001</misses>
				<total>15</total>
				<timestamp>974.595848</timestamp>
			</report>
			<report>
				<misses>3148001</misses>
				<total>15</total>
				<timestamp>974.905556</timestamp>
			</report>
			<report>
				<misses>3149001</misses>
				<total>15</total>
				<timestamp>975.215230</timestamp>
			</report>
			<report>
				<misses>3150001</misses>
				<total>17</total>
				<timestamp>975.524907</timestamp>
			</report>
			<report>
				<misses>3151001</misses>
				<total>17</total>
				<timestamp>975.834600</timestamp>
			</report>
			<report>
				<misses>3152001</misses>
				<total>17</total>
				<timestamp>976.144285</timestamp>
			</report>
			<report>
				<misses>3153001</misses>
				<total>17</total>
				<timestamp>976.454006</timestamp>
			</report>
			<report>
				<misses>3154001</misses>
				<total>17</total>
				<timestamp>976.763679</timestamp>
			</report>
			<report>
				<misses>3155001</misses>
				<total>17</total>
				<timestamp>977.073366</timestamp>
			</report>
			<report>
				<misses>3156001</misses>
				<total>17</total>
				<timestamp>977.383091</timestamp>
			</report>
			<report>
				<misses>3157001</misses>
				<total>17</total>
				<timestamp>977.692781</timestamp>
			</report>
			<report>
				<misses>3158001</misses>
				<total>17</total>
				<timestamp>978.002446</timestamp>
			</report>
			<report>
				<misses>3159001</misses>
				<total>17</total>
				<timestamp>978.312135</timestamp>
			</report>
			<report>
				<misses>3160001</misses>
				<total>17</total>
				<timestamp>978.621804</timestamp>
			</report>
			<report>
				<misses>3161001</misses>
				<total>17</total>
				<timestamp>978.931521</timestamp>
			</report>
			<report>
				<misses>3162001</misses>
				<total>17</total>
				<timestamp>979.241200</timestamp>
			</report>
			<report>
				<misses>3163001</misses>
				<total>17</total>
				<timestamp>979.550912</timestamp>
			</report>
			<report>
				<misses>3164001</misses>
				<total>17</total>
				<timestamp>979.860613</timestamp>
			</report>
			<report>
				<misses>3165001</misses>
				<total>17</total>
				<timestamp>980.170317</timestamp>
			</report>
			<report>
				<misses>3166001</misses>
				<total>17</total>
				<timestamp>980.479965</timestamp>
			</report>
			<report>
				<misses>3167001</misses>
				<total>17</total>
				<timestamp>980.789651</timestamp>
			</report>
			<report>
				<misses>3168001</misses>
				<total>17</total>
				<timestamp>981.099344</timestamp>
			</report>
			<report>
				<misses>3169001</misses>
				<total>17</total>
				<timestamp>981.409014</timestamp>
			</report>
			<report>
				<misses>3170001</misses>
				<total>17</total>
				<timestamp>981.718730</timestamp>
			</report>
			<report>
				<misses>3171001</misses>
				<total>17</total>
				<timestamp>982.028409</timestamp>
			</report>
			<report>
				<misses>3172001</misses>
				<total>17</total>
				<timestamp>982.338100</timestamp>
			</report>
			<report>
				<misses>3173001</misses>
				<total>17</total>
				<timestamp>982.647785</timestamp>
			</report>
			<report>
				<misses>3174001</misses>
				<total>17</total>
				<timestamp>982.957518</timestamp>
			</report>
			<report>
				<misses>3175001</misses>
				<total>17</total>
				<timestamp>983.267173</timestamp>
			</report>
			<report>
				<misses>3176001</misses>
				<total>17</total>
				<timestamp>983.576901</timestamp>
			</report>
			<report>
				<misses>3177001</misses>
				<total>17</total>
				<timestamp>983.886602</timestamp>
			</report>
			<report>
				<misses>3178001</misses>
				<total>17</total>
				<timestamp>984.196258</timestamp>
			</report>
			<report>
				<misses>3179001</misses>
				<total>17</total>
				<timestamp>984.505930</timestamp>
			</report>
			<report>
				<misses>3180001</misses>
				<total>17</total>
				<timestamp>984.815619</timestamp>
			</report>
			<report>
				<misses>3181001</misses>
				<total>18</total>
				<timestamp>985.125306</timestamp>
			</report>
			<report>
				<misses>3182001</misses>
				<total>18</total>
				<timestamp>985.434987</timestamp>
			</report>
			<report>
				<misses>3183001</misses>
				<total>18</total>
				<timestamp>985.744692</timestamp>
			</report>
			<report>
				<misses>3184001</misses>
				<total>18</total>
				<timestamp>986.054410</timestamp>
			</report>
			<report>
				<misses>3185001</misses>
				<total>18</total>
				<timestamp>986.364057</timestamp>
			</report>
			<report>
				<misses>3186001</misses>
				<total>18</total>
				<timestamp>986.673796</timestamp>
			</report>
			<report>
				<misses>3187001</misses>
				<total>18</total>
				<timestamp>986.983498</timestamp>
			</report>
			<report>
				<misses>3188001</misses>
				<total>18</total>
				<timestamp>987.293138</timestamp>
			</report>
			<report>
				<misses>3189001</misses>
				<total>18</total>
				<timestamp>987.602835</timestamp>
			</report>
			<report>
				<misses>3190001</misses>
				<total>18</total>
				<timestamp>987.912566</timestamp>
			</report>
			<report>
				<misses>3191001</misses>
				<total>18</total>
				<timestamp>988.222212</timestamp>
			</report>
			<report>
				<misses>3192001</misses>
				<total>18</total>
				<timestamp>988.531891</timestamp>
			</report>
			<report>
				<misses>3193001</misses>
				<total>18</total>
				<timestamp>988.841599</timestamp>
			</report>
			<report>
				<misses>3194001</misses>
				<total>18</total>
				<timestamp>989.151283</timestamp>
			</report>
			<report>
				<misses>3195001</misses>
				<total>18</total>
				<timestamp>989.460978</timestamp>
			</report>
			<report>
				<misses>3196001</misses>
				<total>18</total>
				<timestamp>989.770674</timestamp>
			</report>
			<report>
				<misses>3197001</misses>
				<total>18</total>
				<timestamp>990.080338</timestamp>
			</report>
			<report>
				<misses>3198001</misses>
				<total>18</total>
				<timestamp>990.390042</timestamp>
			</report>
			<report>
				<misses>3199001</misses>
				<total>18</total>
				<timestamp>990.699727</timestamp>
			</report>
			<report>
				<misses>3200001</misses>
				<total>18</total>
				<timestamp>991.009467</timestamp>
			</report>
			<report>
				<misses>3201001</misses>
				<total>18</total>
				<timestamp>991.319099</timestamp>
			</report>
			<report>
				<misses>3202001</misses>
				<total>18</total>
				<timestamp>991.628899</timestamp>
			</report>
			<report>
				<misses>3203001</misses>
				<total>19</total>
				<timestamp>991.938531</timestamp>
			</report>
			<report>
				<misses>3204001</misses>
				<total>19</total>
				<timestamp>992.248173</timestamp>
			</report>
			<report>
				<misses>3205001</misses>
				<total>19</total>
				<timestamp>992.557842</timestamp>
			</report>
			<report>
				<misses>3206001</misses>
				<total>19</total>
				<timestamp>992.867569</timestamp>
			</report>
			<report>
				<misses>3207001</misses>
				<total>19</total>
				<timestamp>993.177233</timestamp>
			</report>
			<report>
				<misses>3208001</misses>
				<total>19</total>
				<timestamp>993.486926</timestamp>
			</report>
			<report>
				<misses>3209001</misses>
				<total>19</total>
				<timestamp>993.796676</timestamp>
			</report>
			<report>
				<misses>3210001</misses>
				<total>19</total>
				<timestamp>994.106302</timestamp>
			</report>
			<report>
				<misses>3211001</misses>
				<total>19</total>
				<timestamp>994.416008</timestamp>
			</report>
			<report>
				<misses>3212001</misses>
				<total>19</total>
				<timestamp>994.725712</timestamp>
			</report>
			<report>
				<misses>3213001</misses>
				<total>19</total>
				<timestamp>995.035389</timestamp>
			</report>
			<report>
				<misses>3214001</misses>
				<total>19</total>
				<timestamp>995.345076</timestamp>
			</report>
			<report>
				<misses>3215001</misses>
				<total>19</total>
				<timestamp>995.654789</timestamp>
			</report>
			<report>
				<misses>3216001</misses>
				<total>19</total>
				<timestamp>995.964506</timestamp>
			</report>
			<report>
				<misses>3217001</misses>
				<total>19</total>
				<timestamp>996.274143</timestamp>
			</report>
			<report>
				<misses>3218001</misses>
				<total>19</total>
				<timestamp>996.583852</timestamp>
			</report>
			<report>
				<misses>3219001</misses>
				<total>19</total>
				<timestamp>996.893547</timestamp>
			</report>
			<report>
				<misses>3220001</misses>
				<total>19</total>
				<timestamp>997.203203</timestamp>
			</report>
			<report>
				<misses>3221001</misses>
				<total>19</total>
				<timestamp>997.512891</timestamp>
			</report>
			<report>
				<misses>3222001</misses>
				<total>19</total>
				<timestamp>997.822633</timestamp>
			</report>
			<report>
				<misses>3223001</misses>
				<total>19</total>
				<timestamp>998.132289</timestamp>
			</report>
			<report>
				<misses>3224001</misses>
				<total>19</total>
				<timestamp>998.441975</timestamp>
			</report>
			<report>
				<misses>3225001</misses>
				<total>19</total>
				<timestamp>998.751668</timestamp>
			</report>
			<report>
				<misses>3226001</misses>
				<total>19</total>
				<timestamp>999.061363</timestamp>
			</report>
			<report>
				<misses>3227001</misses>
				<total>19</total>
				<timestamp>999.371046</timestamp>
			</report>
			<report>
				<misses>3228001</misses>
				<total>19</total>
				<timestamp>999.680728</timestamp>
			</report>
			<report>
				<misses>3229001</misses>
				<total>19</total>
				<timestamp>999.990486</timestamp>
			</report>
			<report>
				<misses>3230001</misses>
				<total>19</total>
				<timestamp>1000.300123</timestamp>
			</report>
			<report>
				<misses>3231001</misses>
				<total>19</total>
				<timestamp>1000.609801</timestamp>
			</report>
			<report>
				<misses>3232001</misses>
				<total>19</total>
				<timestamp>1000.919498</timestamp>
			</report>
			<report>
				<misses>3233001</misses>
				<total>19</total>
				<timestamp>1001.229240</timestamp>
			</report>
			<report>
				<misses>3234001</misses>
				<total>19</total>
				<timestamp>1001.538871</timestamp>
			</report>
			<report>
				<misses>3235001</misses>
				<total>19</total>
				<timestamp>1001.848582</timestamp>
			</report>
			<report>
				<misses>3236001</misses>
				<total>19</total>
				<timestamp>1002.158245</timestamp>
			</report>
			<report>
				<misses>3237001</misses>
				<total>19</total>
				<timestamp>1002.467939</timestamp>
			</report>
			<report>
				<misses>3238001</misses>
				<total>19</total>
				<timestamp>1002.777637</timestamp>
			</report>
			<report>
				<misses>3239001</misses>
				<total>19</total>
				<timestamp>1003.087334</timestamp>
			</report>
			<report>
				<misses>3240001</misses>
				<total>19</total>
				<timestamp>1003.397007</timestamp>
			</report>
			<report>
				<misses>3241001</misses>
				<total>19</total>
				<timestamp>1003.706730</timestamp>
			</report>
			<report>
				<misses>3242001</misses>
				<total>19</total>
				<timestamp>1004.016420</timestamp>
			</report>
			<report>
				<misses>3243001</misses>
				<total>19</total>
				<timestamp>1004.326084</timestamp>
			</report>
			<report>
				<misses>3244001</misses>
				<total>19</total>
				<timestamp>1004.635769</timestamp>
			</report>
			<report>
				<misses>3245001</misses>
				<total>19</total>
				<timestamp>1004.945494</timestamp>
			</report>
			<report>
				<misses>3246001</misses>
				<total>19</total>
				<timestamp>1005.255250</timestamp>
			</report>
			<report>
				<misses>3247001</misses>
				<total>19</total>
				<timestamp>1005.564881</timestamp>
			</report>
			<report>
				<misses>3248001</misses>
				<total>19</total>
				<timestamp>1005.874589</timestamp>
			</report>
			<report>
				<misses>3249001</misses>
				<total>19</total>
				<timestamp>1006.184267</timestamp>
			</report>
			<report>
				<misses>3250001</misses>
				<total>19</total>
				<timestamp>1006.493930</timestamp>
			</report>
			<report>
				<misses>3251001</misses>
				<total>19</total>
				<timestamp>1006.803630</timestamp>
			</report>
			<report>
				<misses>3252001</misses>
				<total>19</total>
				<timestamp>1007.113312</timestamp>
			</report>
			<report>
				<misses>3253001</misses>
				<total>19</total>
				<timestamp>1007.422987</timestamp>
			</report>
			<report>
				<misses>3254001</misses>
				<total>19</total>
				<timestamp>1007.732691</timestamp>
			</report>
			<report>
				<misses>3255001</misses>
				<total>19</total>
				<timestamp>1008.042412</timestamp>
			</report>
			<report>
				<misses>3256001</misses>
				<total>19</total>
				<timestamp>1008.352056</timestamp>
			</report>
			<report>
				<misses>3257001</misses>
				<total>19</total>
				<timestamp>1008.661782</timestamp>
			</report>
			<report>
				<misses>3258001</misses>
				<total>19</total>
				<timestamp>1008.971454</timestamp>
			</report>
			<report>
				<misses>3259001</misses>
				<total>19</total>
				<timestamp>1009.281127</timestamp>
			</report>
			<report>
				<misses>3260001</misses>
				<total>19</total>
				<timestamp>1009.590829</timestamp>
			</report>
			<report>
				<misses>3261001</misses>
				<total>19</total>
				<timestamp>1009.900530</timestamp>
			</report>
			<report>
				<misses>3262001</misses>
				<total>19</total>
				<timestamp>1010.210195</timestamp>
			</report>
			<report>
				<misses>3263001</misses>
				<total>19</total>
				<timestamp>1010.519883</timestamp>
			</report>
			<report>
				<misses>3264001</misses>
				<total>19</total>
				<timestamp>1010.829617</timestamp>
			</report>
			<report>
				<misses>3265001</misses>
				<total>19</total>
				<timestamp>1011.139263</timestamp>
			</report>
			<report>
				<misses>3266001</misses>
				<total>19</total>
				<timestamp>1011.448944</timestamp>
			</report>
			<report>
				<misses>3267001</misses>
				<total>19</total>
				<timestamp>1011.758689</timestamp>
			</report>
			<report>
				<misses>3268001</misses>
				<total>19</total>
				<timestamp>1012.068380</timestamp>
			</report>
			<report>
				<misses>3269001</misses>
				<total>19</total>
				<timestamp>1012.378073</timestamp>
			</report>
			<report>
				<misses>3270001</misses>
				<total>19</total>
				<timestamp>1012.687747</timestamp>
			</report>
			<report>
				<misses>3271001</misses>
				<total>19</total>
				<timestamp>1012.997437</timestamp>
			</report>
			<report>
				<misses>3272001</misses>
				<total>19</total>
				<timestamp>1013.307108</timestamp>
			</report>
			<report>
				<misses>3273001</misses>
				<total>19</total>
				<timestamp>1013.616801</timestamp>
			</report>
			<report>
				<misses>3274001</misses>
				<total>19</total>
				<timestamp>1013.926538</timestamp>
			</report>
			<report>
				<misses>3275001</misses>
				<total>19</total>
				<timestamp>1014.236173</timestamp>
			</report>
			<report>
				<misses>3276001</misses>
				<total>19</total>
				<timestamp>1014.545862</timestamp>
			</report>
			<report>
				<misses>3277001</misses>
				<total>19</total>
				<timestamp>1014.855564</timestamp>
			</report>
			<report>
				<misses>3278001</misses>
				<total>19</total>
				<timestamp>1015.165244</timestamp>
			</report>
			<report>
				<misses>3279001</misses>
				<total>19</total>
				<timestamp>1015.474954</timestamp>
			</report>
			<report>
				<misses>3280001</misses>
				<total>19</total>
				<timestamp>1015.784613</timestamp>
			</report>
			<report>
				<misses>3281001</misses>
				<total>19</total>
				<timestamp>1016.094324</timestamp>
			</report>
			<report>
				<misses>3282001</misses>
				<total>19</total>
				<timestamp>1016.404005</timestamp>
			</report>
			<report>
				<misses>3283001</misses>
				<total>19</total>
				<timestamp>1016.713687</timestamp>
			</report>
			<report>
				<misses>3284001</misses>
				<total>19</total>
				<timestamp>1017.023388</timestamp>
			</report>
			<report>
				<misses>3285001</misses>
				<total>19</total>
				<timestamp>1017.333055</timestamp>
			</report>
			<report>
				<misses>3286001</misses>
				<total>19</total>
				<timestamp>1017.642771</timestamp>
			</report>
			<report>
				<misses>3287001</misses>
				<total>19</total>
				<timestamp>1017.952492</timestamp>
			</report>
			<report>
				<misses>3288001</misses>
				<total>19</total>
				<timestamp>1018.262144</timestamp>
			</report>
			<report>
				<misses>3289001</misses>
				<total>19</total>
				<timestamp>1018.571828</timestamp>
			</report>
			<report>
				<misses>3290001</misses>
				<total>19</total>
				<timestamp>1018.881561</timestamp>
			</report>
			<report>
				<misses>3291001</misses>
				<total>19</total>
				<timestamp>1019.191231</timestamp>
			</report>
			<report>
				<misses>3292001</misses>
				<total>19</total>
				<timestamp>1019.500902</timestamp>
			</report>
			<report>
				<misses>3293001</misses>
				<total>19</total>
				<timestamp>1019.810624</timestamp>
			</report>
			<report>
				<misses>3294001</misses>
				<total>19</total>
				<timestamp>1020.120353</timestamp>
			</report>
			<report>
				<misses>3295001</misses>
				<total>19</total>
				<timestamp>1020.429970</timestamp>
			</report>
			<report>
				<misses>3296001</misses>
				<total>19</total>
				<timestamp>1020.739661</timestamp>
			</report>
			<report>
				<misses>3297001</misses>
				<total>19</total>
				<timestamp>1021.049357</timestamp>
			</report>
			<report>
				<misses>3298001</misses>
				<total>19</total>
				<timestamp>1021.359037</timestamp>
			</report>
			<report>
				<misses>3299001</misses>
				<total>19</total>
				<timestamp>1021.668717</timestamp>
			</report>
			<report>
				<misses>3300001</misses>
				<total>19</total>
				<timestamp>1021.978447</timestamp>
			</report>
			<report>
				<misses>3301001</misses>
				<total>19</total>
				<timestamp>1022.288124</timestamp>
			</report>
			<report>
				<misses>3302001</misses>
				<total>19</total>
				<timestamp>1022.597811</timestamp>
			</report>
			<report>
				<misses>3303001</misses>
				<total>19</total>
				<timestamp>1022.907486</timestamp>
			</report>
			<report>
				<misses>3304001</misses>
				<total>19</total>
				<timestamp>1023.217174</timestamp>
			</report>
			<report>
				<misses>3305001</misses>
				<total>19</total>
				<timestamp>1023.526861</timestamp>
			</report>
			<report>
				<misses>3306001</misses>
				<total>19</total>
				<timestamp>1023.836579</timestamp>
			</report>
			<report>
				<misses>3307001</misses>
				<total>19</total>
				<timestamp>1024.146297</timestamp>
			</report>
			<report>
				<misses>3308001</misses>
				<total>19</total>
				<timestamp>1024.455937</timestamp>
			</report>
			<report>
				<misses>3309001</misses>
				<total>19</total>
				<timestamp>1024.765619</timestamp>
			</report>
			<report>
				<misses>3310001</misses>
				<total>19</total>
				<timestamp>1025.075352</timestamp>
			</report>
			<report>
				<misses>3311001</misses>
				<total>19</total>
				<timestamp>1025.385061</timestamp>
			</report>
			<report>
				<misses>3312001</misses>
				<total>19</total>
				<timestamp>1025.694675</timestamp>
			</report>
			<report>
				<misses>3313001</misses>
				<total>19</total>
				<timestamp>1026.004445</timestamp>
			</report>
			<report>
				<misses>3314001</misses>
				<total>19</total>
				<timestamp>1026.314069</timestamp>
			</report>
			<report>
				<misses>3315001</misses>
				<total>19</total>
				<timestamp>1026.623750</timestamp>
			</report>
			<report>
				<misses>3316001</misses>
				<total>19</total>
				<timestamp>1026.933467</timestamp>
			</report>
			<report>
				<misses>3317001</misses>
				<total>19</total>
				<timestamp>1027.243139</timestamp>
			</report>
			<report>
				<misses>3318001</misses>
				<total>19</total>
				<timestamp>1027.552828</timestamp>
			</report>
			<report>
				<misses>3319001</misses>
				<total>19</total>
				<timestamp>1027.862544</timestamp>
			</report>
			<report>
				<misses>3320001</misses>
				<total>19</total>
				<timestamp>1028.172236</timestamp>
			</report>
			<report>
				<misses>3321001</misses>
				<total>21</total>
				<timestamp>1028.481916</timestamp>
			</report>
			<report>
				<misses>3322001</misses>
				<total>21</total>
				<timestamp>1028.791609</timestamp>
			</report>
			<report>
				<misses>3323001</misses>
				<total>21</total>
				<timestamp>1029.101300</timestamp>
			</report>
			<report>
				<misses>3324001</misses>
				<total>21</total>
				<timestamp>1029.410985</timestamp>
			</report>
			<report>
				<misses>3325001</misses>
				<total>21</total>
				<timestamp>1029.720659</timestamp>
			</report>
			<report>
				<misses>3326001</misses>
				<total>21</total>
				<timestamp>1030.030375</timestamp>
			</report>
			<report>
				<misses>3327001</misses>
				<total>21</total>
				<timestamp>1030.340067</timestamp>
			</report>
			<report>
				<misses>3328001</misses>
				<total>21</total>
				<timestamp>1030.649787</timestamp>
			</report>
			<report>
				<misses>3329001</misses>
				<total>21</total>
				<timestamp>1030.959463</timestamp>
			</report>
			<report>
				<misses>3330001</misses>
				<total>21</total>
				<timestamp>1031.269116</timestamp>
			</report>
			<report>
				<misses>3331001</misses>
				<total>21</total>
				<timestamp>1031.578833</timestamp>
			</report>
			<report>
				<misses>3332001</misses>
				<total>21</total>
				<timestamp>1031.888514</timestamp>
			</report>
			<report>
				<misses>3333001</misses>
				<total>21</total>
				<timestamp>1032.198244</timestamp>
			</report>
			<report>
				<misses>3334001</misses>
				<total>21</total>
				<timestamp>1032.507891</timestamp>
			</report>
			<report>
				<misses>3335001</misses>
				<total>21</total>
				<timestamp>1032.817573</timestamp>
			</report>
			<report>
				<misses>3336001</misses>
				<total>21</total>
				<timestamp>1033.127361</timestamp>
			</report>
			<report>
				<misses>3337001</misses>
				<total>21</total>
				<timestamp>1033.436952</timestamp>
			</report>
			<report>
				<misses>3338001</misses>
				<total>21</total>
				<timestamp>1033.746658</timestamp>
			</report>
			<report>
				<misses>3339001</misses>
				<total>21</total>
				<timestamp>1034.056333</timestamp>
			</report>
			<report>
				<misses>3340001</misses>
				<total>21</total>
				<timestamp>1034.366031</timestamp>
			</report>
			<report>
				<misses>3341001</misses>
				<total>21</total>
				<timestamp>1034.675701</timestamp>
			</report>
			<report>
				<misses>3342001</misses>
				<total>21</total>
				<timestamp>1034.985423</timestamp>
			</report>
			<report>
				<misses>3343001</misses>
				<total>21</total>
				<timestamp>1035.295079</timestamp>
			</report>
			<report>
				<misses>3344001</misses>
				<total>21</total>
				<timestamp>1035.604805</timestamp>
			</report>
			<report>
				<misses>3345001</misses>
				<total>21</total>
				<timestamp>1035.914502</timestamp>
			</report>
			<report>
				<misses>3346001</misses>
				<total>21</total>
				<timestamp>1036.224170</timestamp>
			</report>
			<report>
				<misses>3347001</misses>
				<total>21</total>
				<timestamp>1036.533846</timestamp>
			</report>
			<report>
				<misses>3348001</misses>
				<total>21</total>
				<timestamp>1036.843580</timestamp>
			</report>
			<report>
				<misses>3349001</misses>
				<total>21</total>
				<timestamp>1037.153303</timestamp>
			</report>
			<report>
				<misses>3350001</misses>
				<total>21</total>
				<timestamp>1037.462909</timestamp>
			</report>
			<report>
				<misses>3351001</misses>
				<total>21</total>
				<timestamp>1037.772652</timestamp>
			</report>
			<report>
				<misses>3352001</misses>
				<total>21</total>
				<timestamp>1038.082330</timestamp>
			</report>
			<report>
				<misses>3353001</misses>
				<total>21</total>
				<timestamp>1038.392004</timestamp>
			</report>
			<report>
				<misses>3354001</misses>
				<total>21</total>
				<timestamp>1038.701704</timestamp>
			</report>
			<report>
				<misses>3355001</misses>
				<total>21</total>
				<timestamp>1039.011366</timestamp>
			</report>
			<report>
				<misses>3356001</misses>
				<total>21</total>
				<timestamp>1039.321053</timestamp>
			</report>
			<report>
				<misses>3357001</misses>
				<total>21</total>
				<timestamp>1039.630748</timestamp>
			</report>
			<report>
				<misses>3358001</misses>
				<total>21</total>
				<timestamp>1039.940443</timestamp>
			</report>
			<report>
				<misses>3359001</misses>
				<total>21</total>
				<timestamp>1040.250146</timestamp>
			</report>
			<report>
				<misses>3360001</misses>
				<total>21</total>
				<timestamp>1040.559828</timestamp>
			</report>
			<report>
				<misses>3361001</misses>
				<total>21</total>
				<timestamp>1040.869543</timestamp>
			</report>
			<report>
				<misses>3362001</misses>
				<total>21</total>
				<timestamp>1041.179235</timestamp>
			</report>
			<report>
				<misses>3363001</misses>
				<total>21</total>
				<timestamp>1041.488898</timestamp>
			</report>
			<report>
				<misses>3364001</misses>
				<total>21</total>
				<timestamp>1041.798605</timestamp>
			</report>
			<report>
				<misses>3365001</misses>
				<total>21</total>
				<timestamp>1042.108282</timestamp>
			</report>
			<report>
				<misses>3366001</misses>
				<total>21</total>
				<timestamp>1042.417946</timestamp>
			</report>
			<report>
				<misses>3367001</misses>
				<total>21</total>
				<timestamp>1042.727660</timestamp>
			</report>
			<report>
				<misses>3368001</misses>
				<total>21</total>
				<timestamp>1043.037338</timestamp>
			</report>
			<report>
				<misses>3369001</misses>
				<total>21</total>
				<timestamp>1043.347026</timestamp>
			</report>
			<report>
				<misses>3370001</misses>
				<total>21</total>
				<timestamp>1043.656722</timestamp>
			</report>
			<report>
				<misses>3371001</misses>
				<total>21</total>
				<timestamp>1043.966401</timestamp>
			</report>
			<report>
				<misses>3372001</misses>
				<total>21</total>
				<timestamp>1044.276093</timestamp>
			</report>
			<report>
				<misses>3373001</misses>
				<total>21</total>
				<timestamp>1044.585776</timestamp>
			</report>
			<report>
				<misses>3374001</misses>
				<total>21</total>
				<timestamp>1044.895514</timestamp>
			</report>
			<report>
				<misses>3375001</misses>
				<total>21</total>
				<timestamp>1045.205205</timestamp>
			</report>
			<report>
				<misses>3376001</misses>
				<total>21</total>
				<timestamp>1045.514858</timestamp>
			</report>
			<report>
				<misses>3377001</misses>
				<total>21</total>
				<timestamp>1045.824558</timestamp>
			</report>
			<report>
				<misses>3378001</misses>
				<total>21</total>
				<timestamp>1046.134229</timestamp>
			</report>
			<report>
				<misses>3379001</misses>
				<total>21</total>
				<timestamp>1046.443917</timestamp>
			</report>
			<report>
				<misses>3380001</misses>
				<total>21</total>
				<timestamp>1046.753627</timestamp>
			</report>
			<report>
				<misses>3381001</misses>
				<total>21</total>
				<timestamp>1047.063336</timestamp>
			</report>
			<report>
				<misses>3382001</misses>
				<total>21</total>
				<timestamp>1047.373001</timestamp>
			</report>
			<report>
				<misses>3383001</misses>
				<total>21</total>
				<timestamp>1047.682685</timestamp>
			</report>
			<report>
				<misses>3384001</misses>
				<total>21</total>
				<timestamp>1047.992384</timestamp>
			</report>
			<report>
				<misses>3385001</misses>
				<total>21</total>
				<timestamp>1048.302088</timestamp>
			</report>
			<report>
				<misses>3386001</misses>
				<total>21</total>
				<timestamp>1048.611777</timestamp>
			</report>
			<report>
				<misses>3387001</misses>
				<total>21</total>
				<timestamp>1048.921495</timestamp>
			</report>
			<report>
				<misses>3388001</misses>
				<total>21</total>
				<timestamp>1049.231162</timestamp>
			</report>
			<report>
				<misses>3389001</misses>
				<total>21</total>
				<timestamp>1049.540837</timestamp>
			</report>
			<report>
				<misses>3390001</misses>
				<total>21</total>
				<timestamp>1049.850520</timestamp>
			</report>
			<report>
				<misses>3391001</misses>
				<total>21</total>
				<timestamp>1050.160230</timestamp>
			</report>
			<report>
				<misses>3392001</misses>
				<total>21</total>
				<timestamp>1050.469905</timestamp>
			</report>
			<report>
				<misses>3393001</misses>
				<total>21</total>
				<timestamp>1050.779612</timestamp>
			</report>
			<report>
				<misses>3394001</misses>
				<total>21</total>
				<timestamp>1051.089299</timestamp>
			</report>
			<report>
				<misses>3395001</misses>
				<total>21</total>
				<timestamp>1051.398953</timestamp>
			</report>
			<report>
				<misses>3396001</misses>
				<total>21</total>
				<timestamp>1051.708646</timestamp>
			</report>
			<report>
				<misses>3397001</misses>
				<total>21</total>
				<timestamp>1052.018367</timestamp>
			</report>
			<report>
				<misses>3398001</misses>
				<total>21</total>
				<timestamp>1052.328054</timestamp>
			</report>
			<report>
				<misses>3399001</misses>
				<total>21</total>
				<timestamp>1052.637748</timestamp>
			</report>
			<report>
				<misses>3400001</misses>
				<total>21</total>
				<timestamp>1052.947452</timestamp>
			</report>
			<report>
				<misses>3401001</misses>
				<total>21</total>
				<timestamp>1053.257163</timestamp>
			</report>
			<report>
				<misses>3402001</misses>
				<total>21</total>
				<timestamp>1053.566832</timestamp>
			</report>
			<report>
				<misses>3403001</misses>
				<total>21</total>
				<timestamp>1053.876503</timestamp>
			</report>
			<report>
				<misses>3404001</misses>
				<total>21</total>
				<timestamp>1054.186174</timestamp>
			</report>
			<report>
				<misses>3405001</misses>
				<total>21</total>
				<timestamp>1054.495875</timestamp>
			</report>
			<report>
				<misses>3406001</misses>
				<total>21</total>
				<timestamp>1054.805567</timestamp>
			</report>
			<report>
				<misses>3407001</misses>
				<total>21</total>
				<timestamp>1055.115263</timestamp>
			</report>
			<report>
				<misses>3408001</misses>
				<total>21</total>
				<timestamp>1055.424938</timestamp>
			</report>
			<report>
				<misses>3409001</misses>
				<total>21</total>
				<timestamp>1055.734617</timestamp>
			</report>
			<report>
				<misses>3410001</misses>
				<total>21</total>
				<timestamp>1056.044320</timestamp>
			</report>
			<report>
				<misses>3411001</misses>
				<total>21</total>
				<timestamp>1056.354003</timestamp>
			</report>
			<report>
				<misses>3412001</misses>
				<total>21</total>
				<timestamp>1056.663749</timestamp>
			</report>
			<report>
				<misses>3413001</misses>
				<total>21</total>
				<timestamp>1056.973384</timestamp>
			</report>
			<report>
				<misses>3414001</misses>
				<total>21</total>
				<timestamp>1057.283083</timestamp>
			</report>
			<report>
				<misses>3415001</misses>
				<total>21</total>
				<timestamp>1057.592759</timestamp>
			</report>
			<report>
				<misses>3416001</misses>
				<total>21</total>
				<timestamp>1057.902486</timestamp>
			</report>
			<report>
				<misses>3417001</misses>
				<total>21</total>
				<timestamp>1058.212169</timestamp>
			</report>
			<report>
				<misses>3418001</misses>
				<total>21</total>
				<timestamp>1058.521845</timestamp>
			</report>
			<report>
				<misses>3419001</misses>
				<total>21</total>
				<timestamp>1058.831543</timestamp>
			</report>
			<report>
				<misses>3420001</misses>
				<total>21</total>
				<timestamp>1059.141231</timestamp>
			</report>
			<report>
				<misses>3421001</misses>
				<total>21</total>
				<timestamp>1059.450948</timestamp>
			</report>
			<report>
				<misses>3422001</misses>
				<total>21</total>
				<timestamp>1059.760608</timestamp>
			</report>
			<report>
				<misses>3423001</misses>
				<total>21</total>
				<timestamp>1060.070286</timestamp>
			</report>
			<report>
				<misses>3424001</misses>
				<total>21</total>
				<timestamp>1060.379981</timestamp>
			</report>
			<report>
				<misses>3425001</misses>
				<total>21</total>
				<timestamp>1060.689679</timestamp>
			</report>
			<report>
				<misses>3426001</misses>
				<total>21</total>
				<timestamp>1060.999362</timestamp>
			</report>
			<report>
				<misses>3427001</misses>
				<total>21</total>
				<timestamp>1061.309096</timestamp>
			</report>
			<report>
				<misses>3428001</misses>
				<total>21</total>
				<timestamp>1061.618727</timestamp>
			</report>
			<report>
				<misses>3429001</misses>
				<total>21</total>
				<timestamp>1061.928453</timestamp>
			</report>
			<report>
				<misses>3430001</misses>
				<total>21</total>
				<timestamp>1062.238111</timestamp>
			</report>
			<report>
				<misses>3431001</misses>
				<total>21</total>
				<timestamp>1062.547804</timestamp>
			</report>
			<report>
				<misses>3432001</misses>
				<total>21</total>
				<timestamp>1062.857515</timestamp>
			</report>
			<report>
				<misses>3433001</misses>
				<total>21</total>
				<timestamp>1063.167213</timestamp>
			</report>
			<report>
				<misses>3434001</misses>
				<total>21</total>
				<timestamp>1063.476897</timestamp>
			</report>
			<report>
				<misses>3435001</misses>
				<total>21</total>
				<timestamp>1063.786556</timestamp>
			</report>
			<report>
				<misses>3436001</misses>
				<total>21</total>
				<timestamp>1064.096262</timestamp>
			</report>
			<report>
				<misses>3437001</misses>
				<total>21</total>
				<timestamp>1064.405939</timestamp>
			</report>
			<report>
				<misses>3438001</misses>
				<total>21</total>
				<timestamp>1064.715642</timestamp>
			</report>
			<report>
				<misses>3439001</misses>
				<total>21</total>
				<timestamp>1065.025344</timestamp>
			</report>
			<report>
				<misses>3440001</misses>
				<total>21</total>
				<timestamp>1065.335072</timestamp>
			</report>
			<report>
				<misses>3441001</misses>
				<total>21</total>
				<timestamp>1065.644703</timestamp>
			</report>
			<report>
				<misses>3442001</misses>
				<total>21</total>
				<timestamp>1065.954385</timestamp>
			</report>
			<report>
				<misses>3443001</misses>
				<total>21</total>
				<timestamp>1066.264135</timestamp>
			</report>
			<report>
				<misses>3444001</misses>
				<total>21</total>
				<timestamp>1066.573813</timestamp>
			</report>
			<report>
				<misses>3445001</misses>
				<total>21</total>
				<timestamp>1066.883498</timestamp>
			</report>
			<report>
				<misses>3446001</misses>
				<total>21</total>
				<timestamp>1067.193199</timestamp>
			</report>
			<report>
				<misses>3447001</misses>
				<total>21</total>
				<timestamp>1067.502862</timestamp>
			</report>
			<report>
				<misses>3448001</misses>
				<total>21</total>
				<timestamp>1067.812551</timestamp>
			</report>
			<report>
				<misses>3449001</misses>
				<total>21</total>
				<timestamp>1068.122234</timestamp>
			</report>
			<report>
				<misses>3450001</misses>
				<total>21</total>
				<timestamp>1068.431959</timestamp>
			</report>
			<report>
				<misses>3451001</misses>
				<total>21</total>
				<timestamp>1068.741631</timestamp>
			</report>
			<report>
				<misses>3452001</misses>
				<total>21</total>
				<timestamp>1069.051302</timestamp>
			</report>
			<report>
				<misses>3453001</misses>
				<total>21</total>
				<timestamp>1069.361032</timestamp>
			</report>
			<report>
				<misses>3454001</misses>
				<total>21</total>
				<timestamp>1069.670674</timestamp>
			</report>
			<report>
				<misses>3455001</misses>
				<total>21</total>
				<timestamp>1069.980370</timestamp>
			</report>
			<report>
				<misses>3456001</misses>
				<total>21</total>
				<timestamp>1070.290042</timestamp>
			</report>
			<report>
				<misses>3457001</misses>
				<total>21</total>
				<timestamp>1070.599750</timestamp>
			</report>
			<report>
				<misses>3458001</misses>
				<total>21</total>
				<timestamp>1070.909437</timestamp>
			</report>
			<report>
				<misses>3459001</misses>
				<total>21</total>
				<timestamp>1071.219116</timestamp>
			</report>
			<report>
				<misses>3460001</misses>
				<total>21</total>
				<timestamp>1071.528818</timestamp>
			</report>
			<report>
				<misses>3461001</misses>
				<total>21</total>
				<timestamp>1071.838507</timestamp>
			</report>
			<report>
				<misses>3462001</misses>
				<total>21</total>
				<timestamp>1072.148182</timestamp>
			</report>
			<report>
				<misses>3463001</misses>
				<total>21</total>
				<timestamp>1072.457949</timestamp>
			</report>
			<report>
				<misses>3464001</misses>
				<total>21</total>
				<timestamp>1072.767576</timestamp>
			</report>
			<report>
				<misses>3465001</misses>
				<total>21</total>
				<timestamp>1073.077286</timestamp>
			</report>
			<report>
				<misses>3466001</misses>
				<total>21</total>
				<timestamp>1073.386994</timestamp>
			</report>
			<report>
				<misses>3467001</misses>
				<total>21</total>
				<timestamp>1073.696654</timestamp>
			</report>
			<report>
				<misses>3468001</misses>
				<total>21</total>
				<timestamp>1074.006377</timestamp>
			</report>
			<report>
				<misses>3469001</misses>
				<total>21</total>
				<timestamp>1074.316042</timestamp>
			</report>
			<report>
				<misses>3470001</misses>
				<total>21</total>
				<timestamp>1074.625733</timestamp>
			</report>
			<report>
				<misses>3471001</misses>
				<total>21</total>
				<timestamp>1074.935449</timestamp>
			</report>
			<report>
				<misses>3472001</misses>
				<total>21</total>
				<timestamp>1075.245127</timestamp>
			</report>
			<report>
				<misses>3473001</misses>
				<total>21</total>
				<timestamp>1075.554791</timestamp>
			</report>
			<report>
				<misses>3474001</misses>
				<total>21</total>
				<timestamp>1075.864503</timestamp>
			</report>
			<report>
				<misses>3475001</misses>
				<total>21</total>
				<timestamp>1076.174196</timestamp>
			</report>
			<report>
				<misses>3476001</misses>
				<total>21</total>
				<timestamp>1076.483899</timestamp>
			</report>
			<report>
				<misses>3477001</misses>
				<total>21</total>
				<timestamp>1076.793545</timestamp>
			</report>
			<report>
				<misses>3478001</misses>
				<total>21</total>
				<timestamp>1077.103273</timestamp>
			</report>
			<report>
				<misses>3479001</misses>
				<total>21</total>
				<timestamp>1077.412989</timestamp>
			</report>
			<report>
				<misses>3480001</misses>
				<total>21</total>
				<timestamp>1077.722617</timestamp>
			</report>
			<report>
				<misses>3481001</misses>
				<total>21</total>
				<timestamp>1078.032333</timestamp>
			</report>
			<report>
				<misses>3482001</misses>
				<total>21</total>
				<timestamp>1078.342039</timestamp>
			</report>
			<report>
				<misses>3483001</misses>
				<total>21</total>
				<timestamp>1078.651740</timestamp>
			</report>
			<report>
				<misses>3484001</misses>
				<total>21</total>
				<timestamp>1078.961386</timestamp>
			</report>
			<report>
				<misses>3485001</misses>
				<total>21</total>
				<timestamp>1079.271089</timestamp>
			</report>
			<report>
				<misses>3486001</misses>
				<total>21</total>
				<timestamp>1079.580758</timestamp>
			</report>
			<report>
				<misses>3487001</misses>
				<total>21</total>
				<timestamp>1079.890482</timestamp>
			</report>
			<report>
				<misses>3488001</misses>
				<total>21</total>
				<timestamp>1080.200134</timestamp>
			</report>
			<report>
				<misses>3489001</misses>
				<total>21</total>
				<timestamp>1080.509856</timestamp>
			</report>
			<report>
				<misses>3490001</misses>
				<total>21</total>
				<timestamp>1080.819504</timestamp>
			</report>
			<report>
				<misses>3491001</misses>
				<total>21</total>
				<timestamp>1081.129244</timestamp>
			</report>
			<report>
				<misses>3492001</misses>
				<total>21</total>
				<timestamp>1081.438956</timestamp>
			</report>
			<report>
				<misses>3493001</misses>
				<total>21</total>
				<timestamp>1081.748615</timestamp>
			</report>
			<report>
				<misses>3494001</misses>
				<total>21</total>
				<timestamp>1082.058264</timestamp>
			</report>
			<report>
				<misses>3495001</misses>
				<total>21</total>
				<timestamp>1082.367978</timestamp>
			</report>
			<report>
				<misses>3496001</misses>
				<total>21</total>
				<timestamp>1082.677652</timestamp>
			</report>
			<report>
				<misses>3497001</misses>
				<total>21</total>
				<timestamp>1082.987357</timestamp>
			</report>
			<report>
				<misses>3498001</misses>
				<total>21</total>
				<timestamp>1083.297028</timestamp>
			</report>
			<report>
				<misses>3499001</misses>
				<total>21</total>
				<timestamp>1083.606769</timestamp>
			</report>
			<report>
				<misses>3500001</misses>
				<total>21</total>
				<timestamp>1083.916409</timestamp>
			</report>
			<report>
				<misses>3501001</misses>
				<total>21</total>
				<timestamp>1084.226126</timestamp>
			</report>
			<report>
				<misses>3502001</misses>
				<total>21</total>
				<timestamp>1084.535801</timestamp>
			</report>
			<report>
				<misses>3503001</misses>
				<total>21</total>
				<timestamp>1084.845503</timestamp>
			</report>
			<report>
				<misses>3504001</misses>
				<total>21</total>
				<timestamp>1085.155162</timestamp>
			</report>
			<report>
				<misses>3505001</misses>
				<total>21</total>
				<timestamp>1085.464903</timestamp>
			</report>
			<report>
				<misses>3506001</misses>
				<total>21</total>
				<timestamp>1085.774571</timestamp>
			</report>
			<report>
				<misses>3507001</misses>
				<total>21</total>
				<timestamp>1086.084260</timestamp>
			</report>
			<report>
				<misses>3508001</misses>
				<total>21</total>
				<timestamp>1086.393956</timestamp>
			</report>
			<report>
				<misses>3509001</misses>
				<total>21</total>
				<timestamp>1086.703649</timestamp>
			</report>
			<report>
				<misses>3510001</misses>
				<total>21</total>
				<timestamp>1087.013336</timestamp>
			</report>
			<report>
				<misses>3511001</misses>
				<total>21</total>
				<timestamp>1087.323055</timestamp>
			</report>
			<report>
				<misses>3512001</misses>
				<total>21</total>
				<timestamp>1087.632735</timestamp>
			</report>
			<report>
				<misses>3513001</misses>
				<total>21</total>
				<timestamp>1087.942424</timestamp>
			</report>
			<report>
				<misses>3514001</misses>
				<total>21</total>
				<timestamp>1088.252073</timestamp>
			</report>
			<report>
				<misses>3515001</misses>
				<total>21</total>
				<timestamp>1088.561766</timestamp>
			</report>
			<report>
				<misses>3516001</misses>
				<total>21</total>
				<timestamp>1088.871468</timestamp>
			</report>
			<report>
				<misses>3517001</misses>
				<total>21</total>
				<timestamp>1089.181183</timestamp>
			</report>
			<report>
				<misses>3518001</misses>
				<total>21</total>
				<timestamp>1089.490851</timestamp>
			</report>
			<report>
				<misses>3519001</misses>
				<total>21</total>
				<timestamp>1089.800524</timestamp>
			</report>
			<report>
				<misses>3520001</misses>
				<total>21</total>
				<timestamp>1090.110246</timestamp>
			</report>
			<report>
				<misses>3521001</misses>
				<total>21</total>
				<timestamp>1090.419920</timestamp>
			</report>
			<report>
				<misses>3522001</misses>
				<total>21</total>
				<timestamp>1090.729625</timestamp>
			</report>
			<report>
				<misses>3523001</misses>
				<total>21</total>
				<timestamp>1091.039272</timestamp>
			</report>
			<report>
				<misses>3524001</misses>
				<total>21</total>
				<timestamp>1091.349008</timestamp>
			</report>
			<report>
				<misses>3525001</misses>
				<total>21</total>
				<timestamp>1091.658718</timestamp>
			</report>
			<report>
				<misses>3526001</misses>
				<total>21</total>
				<timestamp>1091.968427</timestamp>
			</report>
			<report>
				<misses>3527001</misses>
				<total>21</total>
				<timestamp>1092.278040</timestamp>
			</report>
			<report>
				<misses>3528001</misses>
				<total>21</total>
				<timestamp>1092.587731</timestamp>
			</report>
			<report>
				<misses>3529001</misses>
				<total>21</total>
				<timestamp>1092.897412</timestamp>
			</report>
			<report>
				<misses>3530001</misses>
				<total>21</total>
				<timestamp>1093.207122</timestamp>
			</report>
			<report>
				<misses>3531001</misses>
				<total>21</total>
				<timestamp>1093.516820</timestamp>
			</report>
			<report>
				<misses>3532001</misses>
				<total>21</total>
				<timestamp>1093.826507</timestamp>
			</report>
			<report>
				<misses>3533001</misses>
				<total>21</total>
				<timestamp>1094.136192</timestamp>
			</report>
			<report>
				<misses>3534001</misses>
				<total>21</total>
				<timestamp>1094.445904</timestamp>
			</report>
			<report>
				<misses>3535001</misses>
				<total>21</total>
				<timestamp>1094.755553</timestamp>
			</report>
			<report>
				<misses>3536001</misses>
				<total>21</total>
				<timestamp>1095.065292</timestamp>
			</report>
			<report>
				<misses>3537001</misses>
				<total>21</total>
				<timestamp>1095.374971</timestamp>
			</report>
			<report>
				<misses>3538001</misses>
				<total>21</total>
				<timestamp>1095.684660</timestamp>
			</report>
			<report>
				<misses>3539001</misses>
				<total>21</total>
				<timestamp>1095.994324</timestamp>
			</report>
			<report>
				<misses>3540001</misses>
				<total>21</total>
				<timestamp>1096.304007</timestamp>
			</report>
			<report>
				<misses>3541001</misses>
				<total>21</total>
				<timestamp>1096.613712</timestamp>
			</report>
			<report>
				<misses>3542001</misses>
				<total>21</total>
				<timestamp>1096.923406</timestamp>
			</report>
			<report>
				<misses>3543001</misses>
				<total>21</total>
				<timestamp>1097.233130</timestamp>
			</report>
			<report>
				<misses>3544001</misses>
				<total>21</total>
				<timestamp>1097.542860</timestamp>
			</report>
			<report>
				<misses>3545001</misses>
				<total>21</total>
				<timestamp>1097.852486</timestamp>
			</report>
			<report>
				<misses>3546001</misses>
				<total>21</total>
				<timestamp>1098.162178</timestamp>
			</report>
			<report>
				<misses>3547001</misses>
				<total>21</total>
				<timestamp>1098.471886</timestamp>
			</report>
			<report>
				<misses>3548001</misses>
				<total>21</total>
				<timestamp>1098.781570</timestamp>
			</report>
			<report>
				<misses>3549001</misses>
				<total>21</total>
				<timestamp>1099.091239</timestamp>
			</report>
			<report>
				<misses>3550001</misses>
				<total>21</total>
				<timestamp>1099.400924</timestamp>
			</report>
			<report>
				<misses>3551001</misses>
				<total>21</total>
				<timestamp>1099.710632</timestamp>
			</report>
			<report>
				<misses>3552001</misses>
				<total>21</total>
				<timestamp>1100.020324</timestamp>
			</report>
			<report>
				<misses>3553001</misses>
				<total>21</total>
				<timestamp>1100.329987</timestamp>
			</report>
			<report>
				<misses>3554001</misses>
				<total>21</total>
				<timestamp>1100.639668</timestamp>
			</report>
			<report>
				<misses>3555001</misses>
				<total>21</total>
				<timestamp>1100.949362</timestamp>
			</report>
			<report>
				<misses>3556001</misses>
				<total>21</total>
				<timestamp>1101.259074</timestamp>
			</report>
			<report>
				<misses>3557001</misses>
				<total>21</total>
				<timestamp>1101.568791</timestamp>
			</report>
			<report>
				<misses>3558001</misses>
				<total>21</total>
				<timestamp>1101.878465</timestamp>
			</report>
			<report>
				<misses>3559001</misses>
				<total>21</total>
				<timestamp>1102.188131</timestamp>
			</report>
			<report>
				<misses>3560001</misses>
				<total>21</total>
				<timestamp>1102.497860</timestamp>
			</report>
			<report>
				<misses>3561001</misses>
				<total>21</total>
				<timestamp>1102.807497</timestamp>
			</report>
			<report>
				<misses>3562001</misses>
				<total>21</total>
				<timestamp>1103.117229</timestamp>
			</report>
			<report>
				<misses>3563001</misses>
				<total>21</total>
				<timestamp>1103.426950</timestamp>
			</report>
			<report>
				<misses>3564001</misses>
				<total>21</total>
				<timestamp>1103.736610</timestamp>
			</report>
			<report>
				<misses>3565001</misses>
				<total>21</total>
				<timestamp>1104.046290</timestamp>
			</report>
			<report>
				<misses>3566001</misses>
				<total>21</total>
				<timestamp>1104.355955</timestamp>
			</report>
			<report>
				<misses>3567001</misses>
				<total>21</total>
				<timestamp>1104.665645</timestamp>
			</report>
			<report>
				<misses>3568001</misses>
				<total>21</total>
				<timestamp>1104.975337</timestamp>
			</report>
			<report>
				<misses>3569001</misses>
				<total>21</total>
				<timestamp>1105.285020</timestamp>
			</report>
			<report>
				<misses>3570001</misses>
				<total>21</total>
				<timestamp>1105.594786</timestamp>
			</report>
			<report>
				<misses>3571001</misses>
				<total>21</total>
				<timestamp>1105.904412</timestamp>
			</report>
			<report>
				<misses>3572001</misses>
				<total>21</total>
				<timestamp>1106.214084</timestamp>
			</report>
			<report>
				<misses>3573001</misses>
				<total>21</total>
				<timestamp>1106.523818</timestamp>
			</report>
			<report>
				<misses>3574001</misses>
				<total>21</total>
				<timestamp>1106.833499</timestamp>
			</report>
			<report>
				<misses>3575001</misses>
				<total>21</total>
				<timestamp>1107.143144</timestamp>
			</report>
			<report>
				<misses>3576001</misses>
				<total>21</total>
				<timestamp>1107.452901</timestamp>
			</report>
			<report>
				<misses>3577001</misses>
				<total>21</total>
				<timestamp>1107.762602</timestamp>
			</report>
			<report>
				<misses>3578001</misses>
				<total>21</total>
				<timestamp>1108.072242</timestamp>
			</report>
			<report>
				<misses>3579001</misses>
				<total>21</total>
				<timestamp>1108.381928</timestamp>
			</report>
			<report>
				<misses>3580001</misses>
				<total>21</total>
				<timestamp>1108.691613</timestamp>
			</report>
			<report>
				<misses>3581001</misses>
				<total>21</total>
				<timestamp>1109.001285</timestamp>
			</report>
			<report>
				<misses>3582001</misses>
				<total>21</total>
				<timestamp>1109.310978</timestamp>
			</report>
			<report>
				<misses>3583001</misses>
				<total>21</total>
				<timestamp>1109.620672</timestamp>
			</report>
			<report>
				<misses>3584001</misses>
				<total>21</total>
				<timestamp>1109.930390</timestamp>
			</report>
			<report>
				<misses>3585001</misses>
				<total>21</total>
				<timestamp>1110.240068</timestamp>
			</report>
			<report>
				<misses>3586001</misses>
				<total>21</total>
				<timestamp>1110.549818</timestamp>
			</report>
			<report>
				<misses>3587001</misses>
				<total>21</total>
				<timestamp>1110.859465</timestamp>
			</report>
			<report>
				<misses>3588001</misses>
				<total>21</total>
				<timestamp>1111.169141</timestamp>
			</report>
			<report>
				<misses>3589001</misses>
				<total>21</total>
				<timestamp>1111.478847</timestamp>
			</report>
			<report>
				<misses>3590001</misses>
				<total>21</total>
				<timestamp>1111.788507</timestamp>
			</report>
			<report>
				<misses>3591001</misses>
				<total>21</total>
				<timestamp>1112.098202</timestamp>
			</report>
			<report>
				<misses>3592001</misses>
				<total>21</total>
				<timestamp>1112.407890</timestamp>
			</report>
			<report>
				<misses>3593001</misses>
				<total>21</total>
				<timestamp>1112.717584</timestamp>
			</report>
			<report>
				<misses>3594001</misses>
				<total>21</total>
				<timestamp>1113.027279</timestamp>
			</report>
			<report>
				<misses>3595001</misses>
				<total>21</total>
				<timestamp>1113.336951</timestamp>
			</report>
			<report>
				<misses>3596001</misses>
				<total>21</total>
				<timestamp>1113.646670</timestamp>
			</report>
			<report>
				<misses>3597001</misses>
				<total>21</total>
				<timestamp>1113.956342</timestamp>
			</report>
			<report>
				<misses>3598001</misses>
				<total>21</total>
				<timestamp>1114.266025</timestamp>
			</report>
			<report>
				<misses>3599001</misses>
				<total>21</total>
				<timestamp>1114.575767</timestamp>
			</report>
			<report>
				<misses>3600001</misses>
				<total>21</total>
				<timestamp>1114.885408</timestamp>
			</report>
			<report>
				<misses>3601001</misses>
				<total>21</total>
				<timestamp>1115.195129</timestamp>
			</report>
			<report>
				<misses>3602001</misses>
				<total>21</total>
				<timestamp>1115.504792</timestamp>
			</report>
			<report>
				<misses>3603001</misses>
				<total>21</total>
				<timestamp>1115.814518</timestamp>
			</report>
			<report>
				<misses>3604001</misses>
				<total>21</total>
				<timestamp>1116.124201</timestamp>
			</report>
			<report>
				<misses>3605001</misses>
				<total>21</total>
				<timestamp>1116.433886</timestamp>
			</report>
			<report>
				<misses>3606001</misses>
				<total>21</total>
				<timestamp>1116.743538</timestamp>
			</report>
			<report>
				<misses>3607001</misses>
				<total>21</total>
				<timestamp>1117.053259</timestamp>
			</report>
			<report>
				<misses>3608001</misses>
				<total>21</total>
				<timestamp>1117.362941</timestamp>
			</report>
			<report>
				<misses>3609001</misses>
				<total>21</total>
				<timestamp>1117.672689</timestamp>
			</report>
			<report>
				<misses>3610001</misses>
				<total>21</total>
				<timestamp>1117.982322</timestamp>
			</report>
			<report>
				<misses>3611001</misses>
				<total>21</total>
				<timestamp>1118.292009</timestamp>
			</report>
			<report>
				<misses>3612001</misses>
				<total>21</total>
				<timestamp>1118.601722</timestamp>
			</report>
			<report>
				<misses>3613001</misses>
				<total>21</total>
				<timestamp>1118.911382</timestamp>
			</report>
			<report>
				<misses>3614001</misses>
				<total>21</total>
				<timestamp>1119.221105</timestamp>
			</report>
			<report>
				<misses>3615001</misses>
				<total>21</total>
				<timestamp>1119.530798</timestamp>
			</report>
			<report>
				<misses>3616001</misses>
				<total>21</total>
				<timestamp>1119.840467</timestamp>
			</report>
			<report>
				<misses>3617001</misses>
				<total>21</total>
				<timestamp>1120.150186</timestamp>
			</report>
			<report>
				<misses>3618001</misses>
				<total>21</total>
				<timestamp>1120.459837</timestamp>
			</report>
			<report>
				<misses>3619001</misses>
				<total>21</total>
				<timestamp>1120.769533</timestamp>
			</report>
			<report>
				<misses>3620001</misses>
				<total>21</total>
				<timestamp>1121.079262</timestamp>
			</report>
			<report>
				<misses>3621001</misses>
				<total>21</total>
				<timestamp>1121.388915</timestamp>
			</report>
			<report>
				<misses>3622001</misses>
				<total>21</total>
				<timestamp>1121.698636</timestamp>
			</report>
			<report>
				<misses>3623001</misses>
				<total>21</total>
				<timestamp>1122.008301</timestamp>
			</report>
			<report>
				<misses>3624001</misses>
				<total>21</total>
				<timestamp>1122.318038</timestamp>
			</report>
			<report>
				<misses>3625001</misses>
				<total>21</total>
				<timestamp>1122.627729</timestamp>
			</report>
			<report>
				<misses>3626001</misses>
				<total>21</total>
				<timestamp>1122.937370</timestamp>
			</report>
			<report>
				<misses>3627001</misses>
				<total>21</total>
				<timestamp>1123.247037</timestamp>
			</report>
			<report>
				<misses>3628001</misses>
				<total>21</total>
				<timestamp>1123.556763</timestamp>
			</report>
			<report>
				<misses>3629001</misses>
				<total>21</total>
				<timestamp>1123.866453</timestamp>
			</report>
			<report>
				<misses>3630001</misses>
				<total>21</total>
				<timestamp>1124.176107</timestamp>
			</report>
			<report>
				<misses>3631001</misses>
				<total>21</total>
				<timestamp>1124.485846</timestamp>
			</report>
			<report>
				<misses>3632001</misses>
				<total>21</total>
				<timestamp>1124.795515</timestamp>
			</report>
			<report>
				<misses>3633001</misses>
				<total>21</total>
				<timestamp>1125.105194</timestamp>
			</report>
			<report>
				<misses>3634001</misses>
				<total>21</total>
				<timestamp>1125.414863</timestamp>
			</report>
			<report>
				<misses>3635001</misses>
				<total>21</total>
				<timestamp>1125.724587</timestamp>
			</report>
			<report>
				<misses>3636001</misses>
				<total>21</total>
				<timestamp>1126.034251</timestamp>
			</report>
			<report>
				<misses>3637001</misses>
				<total>21</total>
				<timestamp>1126.343952</timestamp>
			</report>
			<report>
				<misses>3638001</misses>
				<total>21</total>
				<timestamp>1126.653668</timestamp>
			</report>
			<report>
				<misses>3639001</misses>
				<total>21</total>
				<timestamp>1126.963310</timestamp>
			</report>
			<report>
				<misses>3640001</misses>
				<total>21</total>
				<timestamp>1127.273075</timestamp>
			</report>
			<report>
				<misses>3641001</misses>
				<total>21</total>
				<timestamp>1127.582739</timestamp>
			</report>
			<report>
				<misses>3642001</misses>
				<total>21</total>
				<timestamp>1127.892391</timestamp>
			</report>
			<report>
				<misses>3643001</misses>
				<total>21</total>
				<timestamp>1128.202078</timestamp>
			</report>
			<report>
				<misses>3644001</misses>
				<total>21</total>
				<timestamp>1128.511808</timestamp>
			</report>
			<report>
				<misses>3645001</misses>
				<total>21</total>
				<timestamp>1128.821526</timestamp>
			</report>
			<report>
				<misses>3646001</misses>
				<total>21</total>
				<timestamp>1129.131139</timestamp>
			</report>
			<report>
				<misses>3647001</misses>
				<total>21</total>
				<timestamp>1129.440871</timestamp>
			</report>
			<report>
				<misses>3648001</misses>
				<total>21</total>
				<timestamp>1129.750607</timestamp>
			</report>
			<report>
				<misses>3649001</misses>
				<total>21</total>
				<timestamp>1130.060207</timestamp>
			</report>
			<report>
				<misses>3650001</misses>
				<total>21</total>
				<timestamp>1130.369973</timestamp>
			</report>
			<report>
				<misses>3651001</misses>
				<total>21</total>
				<timestamp>1130.679636</timestamp>
			</report>
			<report>
				<misses>3652001</misses>
				<total>21</total>
				<timestamp>1130.989303</timestamp>
			</report>
			<report>
				<misses>3653001</misses>
				<total>21</total>
				<timestamp>1131.298987</timestamp>
			</report>
			<report>
				<misses>3654001</misses>
				<total>21</total>
				<timestamp>1131.608674</timestamp>
			</report>
			<report>
				<misses>3655001</misses>
				<total>21</total>
				<timestamp>1131.918369</timestamp>
			</report>
			<report>
				<misses>3656001</misses>
				<total>21</total>
				<timestamp>1132.228046</timestamp>
			</report>
			<report>
				<misses>3657001</misses>
				<total>21</total>
				<timestamp>1132.537786</timestamp>
			</report>
			<report>
				<misses>3658001</misses>
				<total>21</total>
				<timestamp>1132.847444</timestamp>
			</report>
			<report>
				<misses>3659001</misses>
				<total>21</total>
				<timestamp>1133.157178</timestamp>
			</report>
			<report>
				<misses>3660001</misses>
				<total>21</total>
				<timestamp>1133.466820</timestamp>
			</report>
			<report>
				<misses>3661001</misses>
				<total>21</total>
				<timestamp>1133.776541</timestamp>
			</report>
			<report>
				<misses>3662001</misses>
				<total>21</total>
				<timestamp>1134.086207</timestamp>
			</report>
			<report>
				<misses>3663001</misses>
				<total>21</total>
				<timestamp>1134.395900</timestamp>
			</report>
			<report>
				<misses>3664001</misses>
				<total>21</total>
				<timestamp>1134.705661</timestamp>
			</report>
			<report>
				<misses>3665001</misses>
				<total>21</total>
				<timestamp>1135.015271</timestamp>
			</report>
			<report>
				<misses>3666001</misses>
				<total>21</total>
				<timestamp>1135.324955</timestamp>
			</report>
			<report>
				<misses>3667001</misses>
				<total>21</total>
				<timestamp>1135.634703</timestamp>
			</report>
			<report>
				<misses>3668001</misses>
				<total>21</total>
				<timestamp>1135.944384</timestamp>
			</report>
			<report>
				<misses>3669001</misses>
				<total>21</total>
				<timestamp>1136.254095</timestamp>
			</report>
			<report>
				<misses>3670001</misses>
				<total>21</total>
				<timestamp>1136.563740</timestamp>
			</report>
			<report>
				<misses>3671001</misses>
				<total>21</total>
				<timestamp>1136.873395</timestamp>
			</report>
			<report>
				<misses>3672001</misses>
				<total>21</total>
				<timestamp>1137.183114</timestamp>
			</report>
			<report>
				<misses>3673001</misses>
				<total>21</total>
				<timestamp>1137.492804</timestamp>
			</report>
			<report>
				<misses>3674001</misses>
				<total>21</total>
				<timestamp>1137.802500</timestamp>
			</report>
			<report>
				<misses>3675001</misses>
				<total>21</total>
				<timestamp>1138.112165</timestamp>
			</report>
			<report>
				<misses>3676001</misses>
				<total>21</total>
				<timestamp>1138.421882</timestamp>
			</report>
			<report>
				<misses>3677001</misses>
				<total>21</total>
				<timestamp>1138.731629</timestamp>
			</report>
			<report>
				<misses>3678001</misses>
				<total>21</total>
				<timestamp>1139.041269</timestamp>
			</report>
			<report>
				<misses>3679001</misses>
				<total>21</total>
				<timestamp>1139.350914</timestamp>
			</report>
			<report>
				<misses>3680001</misses>
				<total>21</total>
				<timestamp>1139.660661</timestamp>
			</report>
			<report>
				<misses>3681001</misses>
				<total>21</total>
				<timestamp>1139.970318</timestamp>
			</report>
			<report>
				<misses>3682001</misses>
				<total>21</total>
				<timestamp>1140.280051</timestamp>
			</report>
			<report>
				<misses>3683001</misses>
				<total>21</total>
				<timestamp>1140.589723</timestamp>
			</report>
			<report>
				<misses>3684001</misses>
				<total>21</total>
				<timestamp>1140.899368</timestamp>
			</report>
			<report>
				<misses>3685001</misses>
				<total>21</total>
				<timestamp>1141.209058</timestamp>
			</report>
			<report>
				<misses>3686001</misses>
				<total>21</total>
				<timestamp>1141.518762</timestamp>
			</report>
			<report>
				<misses>3687001</misses>
				<total>21</total>
				<timestamp>1141.828451</timestamp>
			</report>
			<report>
				<misses>3688001</misses>
				<total>21</total>
				<timestamp>1142.138173</timestamp>
			</report>
			<report>
				<misses>3689001</misses>
				<total>21</total>
				<timestamp>1142.447814</timestamp>
			</report>
			<report>
				<misses>3690001</misses>
				<total>21</total>
				<timestamp>1142.757588</timestamp>
			</report>
			<report>
				<misses>3691001</misses>
				<total>21</total>
				<timestamp>1143.067252</timestamp>
			</report>
			<report>
				<misses>3692001</misses>
				<total>21</total>
				<timestamp>1143.376900</timestamp>
			</report>
			<report>
				<misses>3693001</misses>
				<total>21</total>
				<timestamp>1143.686614</timestamp>
			</report>
			<report>
				<misses>3694001</misses>
				<total>21</total>
				<timestamp>1143.996287</timestamp>
			</report>
			<report>
				<misses>3695001</misses>
				<total>21</total>
				<timestamp>1144.305948</timestamp>
			</report>
			<report>
				<misses>3696001</misses>
				<total>21</total>
				<timestamp>1144.615685</timestamp>
			</report>
			<report>
				<misses>3697001</misses>
				<total>21</total>
				<timestamp>1144.925337</timestamp>
			</report>
			<report>
				<misses>3698001</misses>
				<total>21</total>
				<timestamp>1145.235027</timestamp>
			</report>
			<report>
				<misses>3699001</misses>
				<total>21</total>
				<timestamp>1145.544736</timestamp>
			</report>
			<report>
				<misses>3700001</misses>
				<total>21</total>
				<timestamp>1145.854435</timestamp>
			</report>
			<report>
				<misses>3701001</misses>
				<total>21</total>
				<timestamp>1146.164114</timestamp>
			</report>
			<report>
				<misses>3702001</misses>
				<total>21</total>
				<timestamp>1146.473806</timestamp>
			</report>
			<report>
				<misses>3703001</misses>
				<total>21</total>
				<timestamp>1146.783525</timestamp>
			</report>
			<report>
				<misses>3704001</misses>
				<total>21</total>
				<timestamp>1147.093184</timestamp>
			</report>
			<report>
				<misses>3705001</misses>
				<total>21</total>
				<timestamp>1147.402877</timestamp>
			</report>
			<report>
				<misses>3706001</misses>
				<total>21</total>
				<timestamp>1147.712595</timestamp>
			</report>
			<report>
				<misses>3707001</misses>
				<total>21</total>
				<timestamp>1148.022239</timestamp>
			</report>
			<report>
				<misses>3708001</misses>
				<total>21</total>
				<timestamp>1148.331962</timestamp>
			</report>
			<report>
				<misses>3709001</misses>
				<total>21</total>
				<timestamp>1148.641670</timestamp>
			</report>
			<report>
				<misses>3710001</misses>
				<total>21</total>
				<timestamp>1148.951329</timestamp>
			</report>
			<report>
				<misses>3711001</misses>
				<total>21</total>
				<timestamp>1149.261011</timestamp>
			</report>
			<report>
				<misses>3712001</misses>
				<total>21</total>
				<timestamp>1149.570711</timestamp>
			</report>
			<report>
				<misses>3713001</misses>
				<total>21</total>
				<timestamp>1149.880426</timestamp>
			</report>
			<report>
				<misses>3714001</misses>
				<total>21</total>
				<timestamp>1150.190074</timestamp>
			</report>
			<report>
				<misses>3715001</misses>
				<total>21</total>
				<timestamp>1150.499769</timestamp>
			</report>
			<report>
				<misses>3716001</misses>
				<total>21</total>
				<timestamp>1150.809553</timestamp>
			</report>
			<report>
				<misses>3717001</misses>
				<total>21</total>
				<timestamp>1151.119138</timestamp>
			</report>
			<report>
				<misses>3718001</misses>
				<total>21</total>
				<timestamp>1151.428853</timestamp>
			</report>
			<report>
				<misses>3719001</misses>
				<total>21</total>
				<timestamp>1151.738577</timestamp>
			</report>
			<report>
				<misses>3720001</misses>
				<total>21</total>
				<timestamp>1152.048230</timestamp>
			</report>
			<report>
				<misses>3721001</misses>
				<total>21</total>
				<timestamp>1152.357918</timestamp>
			</report>
			<report>
				<misses>3722001</misses>
				<total>21</total>
				<timestamp>1152.667636</timestamp>
			</report>
			<report>
				<misses>3723001</misses>
				<total>21</total>
				<timestamp>1152.977282</timestamp>
			</report>
			<report>
				<misses>3724001</misses>
				<total>21</total>
				<timestamp>1153.286978</timestamp>
			</report>
			<report>
				<misses>3725001</misses>
				<total>21</total>
				<timestamp>1153.596670</timestamp>
			</report>
			<report>
				<misses>3726001</misses>
				<total>21</total>
				<timestamp>1153.906359</timestamp>
			</report>
			<report>
				<misses>3727001</misses>
				<total>21</total>
				<timestamp>1154.216084</timestamp>
			</report>
			<report>
				<misses>3728001</misses>
				<total>21</total>
				<timestamp>1154.525766</timestamp>
			</report>
			<report>
				<misses>3729001</misses>
				<total>21</total>
				<timestamp>1154.835456</timestamp>
			</report>
			<report>
				<misses>3730001</misses>
				<total>21</total>
				<timestamp>1155.145137</timestamp>
			</report>
			<report>
				<misses>3731001</misses>
				<total>21</total>
				<timestamp>1155.454803</timestamp>
			</report>
			<report>
				<misses>3732001</misses>
				<total>21</total>
				<timestamp>1155.764501</timestamp>
			</report>
			<report>
				<misses>3733001</misses>
				<total>21</total>
				<timestamp>1156.074186</timestamp>
			</report>
			<report>
				<misses>3734001</misses>
				<total>21</total>
				<timestamp>1156.383914</timestamp>
			</report>
			<report>
				<misses>3735001</misses>
				<total>21</total>
				<timestamp>1156.693573</timestamp>
			</report>
			<report>
				<misses>3736001</misses>
				<total>21</total>
				<timestamp>1157.003265</timestamp>
			</report>
			<report>
				<misses>3737001</misses>
				<total>21</total>
				<timestamp>1157.312976</timestamp>
			</report>
			<report>
				<misses>3738001</misses>
				<total>21</total>
				<timestamp>1157.622653</timestamp>
			</report>
			<report>
				<misses>3739001</misses>
				<total>21</total>
				<timestamp>1157.932340</timestamp>
			</report>
			<report>
				<misses>3740001</misses>
				<total>21</total>
				<timestamp>1158.242021</timestamp>
			</report>
			<report>
				<misses>3741001</misses>
				<total>21</total>
				<timestamp>1158.551704</timestamp>
			</report>
			<report>
				<misses>3742001</misses>
				<total>21</total>
				<timestamp>1158.861444</timestamp>
			</report>
			<report>
				<misses>3743001</misses>
				<total>21</total>
				<timestamp>1159.171080</timestamp>
			</report>
			<report>
				<misses>3744001</misses>
				<total>21</total>
				<timestamp>1159.480795</timestamp>
			</report>
			<report>
				<misses>3745001</misses>
				<total>21</total>
				<timestamp>1159.790517</timestamp>
			</report>
			<report>
				<misses>3746001</misses>
				<total>21</total>
				<timestamp>1160.100146</timestamp>
			</report>
			<report>
				<misses>3747001</misses>
				<total>21</total>
				<timestamp>1160.409860</timestamp>
			</report>
			<report>
				<misses>3748001</misses>
				<total>21</total>
				<timestamp>1160.719579</timestamp>
			</report>
			<report>
				<misses>3749001</misses>
				<total>21</total>
				<timestamp>1161.029229</timestamp>
			</report>
			<report>
				<misses>3750001</misses>
				<total>21</total>
				<timestamp>1161.338935</timestamp>
			</report>
			<report>
				<misses>3751001</misses>
				<total>21</total>
				<timestamp>1161.648609</timestamp>
			</report>
			<report>
				<misses>3752001</misses>
				<total>21</total>
				<timestamp>1161.958307</timestamp>
			</report>
			<report>
				<misses>3753001</misses>
				<total>21</total>
				<timestamp>1162.268020</timestamp>
			</report>
			<report>
				<misses>3754001</misses>
				<total>21</total>
				<timestamp>1162.577688</timestamp>
			</report>
			<report>
				<misses>3755001</misses>
				<total>21</total>
				<timestamp>1162.887390</timestamp>
			</report>
			<report>
				<misses>3756001</misses>
				<total>21</total>
				<timestamp>1163.197047</timestamp>
			</report>
			<report>
				<misses>3757001</misses>
				<total>21</total>
				<timestamp>1163.506755</timestamp>
			</report>
			<report>
				<misses>3758001</misses>
				<total>21</total>
				<timestamp>1163.816457</timestamp>
			</report>
			<report>
				<misses>3759001</misses>
				<total>21</total>
				<timestamp>1164.126116</timestamp>
			</report>
			<report>
				<misses>3760001</misses>
				<total>21</total>
				<timestamp>1164.435806</timestamp>
			</report>
			<report>
				<misses>3761001</misses>
				<total>21</total>
				<timestamp>1164.745563</timestamp>
			</report>
			<report>
				<misses>3762001</misses>
				<total>21</total>
				<timestamp>1165.055210</timestamp>
			</report>
			<report>
				<misses>3763001</misses>
				<total>21</total>
				<timestamp>1165.364921</timestamp>
			</report>
			<report>
				<misses>3764001</misses>
				<total>21</total>
				<timestamp>1165.674575</timestamp>
			</report>
			<report>
				<misses>3765001</misses>
				<total>21</total>
				<timestamp>1165.984250</timestamp>
			</report>
			<report>
				<misses>3766001</misses>
				<total>21</total>
				<timestamp>1166.293967</timestamp>
			</report>
			<report>
				<misses>3767001</misses>
				<total>21</total>
				<timestamp>1166.603648</timestamp>
			</report>
			<report>
				<misses>3768001</misses>
				<total>21</total>
				<timestamp>1166.913355</timestamp>
			</report>
			<report>
				<misses>3769001</misses>
				<total>21</total>
				<timestamp>1167.223030</timestamp>
			</report>
			<report>
				<misses>3770001</misses>
				<total>21</total>
				<timestamp>1167.532733</timestamp>
			</report>
			<report>
				<misses>3771001</misses>
				<total>21</total>
				<timestamp>1167.842458</timestamp>
			</report>
			<report>
				<misses>3772001</misses>
				<total>21</total>
				<timestamp>1168.152086</timestamp>
			</report>
			<report>
				<misses>3773001</misses>
				<total>21</total>
				<timestamp>1168.461787</timestamp>
			</report>
			<report>
				<misses>3774001</misses>
				<total>21</total>
				<timestamp>1168.771476</timestamp>
			</report>
			<report>
				<misses>3775001</misses>
				<total>21</total>
				<timestamp>1169.081156</timestamp>
			</report>
			<report>
				<misses>3776001</misses>
				<total>21</total>
				<timestamp>1169.390895</timestamp>
			</report>
			<report>
				<misses>3777001</misses>
				<total>21</total>
				<timestamp>1169.700552</timestamp>
			</report>
			<report>
				<misses>3778001</misses>
				<total>21</total>
				<timestamp>1170.010223</timestamp>
			</report>
			<report>
				<misses>3779001</misses>
				<total>21</total>
				<timestamp>1170.319936</timestamp>
			</report>
			<report>
				<misses>3780001</misses>
				<total>21</total>
				<timestamp>1170.629603</timestamp>
			</report>
			<report>
				<misses>3781001</misses>
				<total>21</total>
				<timestamp>1170.939323</timestamp>
			</report>
			<report>
				<misses>3782001</misses>
				<total>21</total>
				<timestamp>1171.248983</timestamp>
			</report>
			<report>
				<misses>3783001</misses>
				<total>21</total>
				<timestamp>1171.558677</timestamp>
			</report>
			<report>
				<misses>3784001</misses>
				<total>21</total>
				<timestamp>1171.868401</timestamp>
			</report>
			<report>
				<misses>3785001</misses>
				<total>21</total>
				<timestamp>1172.178074</timestamp>
			</report>
			<report>
				<misses>3786001</misses>
				<total>21</total>
				<timestamp>1172.487749</timestamp>
			</report>
			<report>
				<misses>3787001</misses>
				<total>21</total>
				<timestamp>1172.797447</timestamp>
			</report>
			<report>
				<misses>3788001</misses>
				<total>21</total>
				<timestamp>1173.107149</timestamp>
			</report>
			<report>
				<misses>3789001</misses>
				<total>21</total>
				<timestamp>1173.416830</timestamp>
			</report>
			<report>
				<misses>3790001</misses>
				<total>21</total>
				<timestamp>1173.726552</timestamp>
			</report>
			<report>
				<misses>3791001</misses>
				<total>21</total>
				<timestamp>1174.036221</timestamp>
			</report>
			<report>
				<misses>3792001</misses>
				<total>21</total>
				<timestamp>1174.345917</timestamp>
			</report>
			<report>
				<misses>3793001</misses>
				<total>21</total>
				<timestamp>1174.655591</timestamp>
			</report>
			<report>
				<misses>3794001</misses>
				<total>21</total>
				<timestamp>1174.965317</timestamp>
			</report>
			<report>
				<misses>3795001</misses>
				<total>21</total>
				<timestamp>1175.274963</timestamp>
			</report>
			<report>
				<misses>3796001</misses>
				<total>21</total>
				<timestamp>1175.584659</timestamp>
			</report>
			<report>
				<misses>3797001</misses>
				<total>21</total>
				<timestamp>1175.894390</timestamp>
			</report>
			<report>
				<misses>3798001</misses>
				<total>21</total>
				<timestamp>1176.204032</timestamp>
			</report>
			<report>
				<misses>3799001</misses>
				<total>21</total>
				<timestamp>1176.513732</timestamp>
			</report>
			<report>
				<misses>3800001</misses>
				<total>21</total>
				<timestamp>1176.823461</timestamp>
			</report>
			<report>
				<misses>3801001</misses>
				<total>21</total>
				<timestamp>1177.133097</timestamp>
			</report>
			<report>
				<misses>3802001</misses>
				<total>21</total>
				<timestamp>1177.442801</timestamp>
			</report>
			<report>
				<misses>3803001</misses>
				<total>21</total>
				<timestamp>1177.752505</timestamp>
			</report>
			<report>
				<misses>3804001</misses>
				<total>21</total>
				<timestamp>1178.062208</timestamp>
			</report>
			<report>
				<misses>3805001</misses>
				<total>21</total>
				<timestamp>1178.371893</timestamp>
			</report>
			<report>
				<misses>3806001</misses>
				<total>21</total>
				<timestamp>1178.681553</timestamp>
			</report>
			<report>
				<misses>3807001</misses>
				<total>21</total>
				<timestamp>1178.991258</timestamp>
			</report>
			<report>
				<misses>3808001</misses>
				<total>21</total>
				<timestamp>1179.300953</timestamp>
			</report>
			<report>
				<misses>3809001</misses>
				<total>21</total>
				<timestamp>1179.610627</timestamp>
			</report>
			<report>
				<misses>3810001</misses>
				<total>21</total>
				<timestamp>1179.920335</timestamp>
			</report>
			<report>
				<misses>3811001</misses>
				<total>21</total>
				<timestamp>1180.230000</timestamp>
			</report>
			<report>
				<misses>3812001</misses>
				<total>21</total>
				<timestamp>1180.539691</timestamp>
			</report>
			<report>
				<misses>3813001</misses>
				<total>21</total>
				<timestamp>1180.849398</timestamp>
			</report>
			<report>
				<misses>3814001</misses>
				<total>21</total>
				<timestamp>1181.159075</timestamp>
			</report>
			<report>
				<misses>3815001</misses>
				<total>21</total>
				<timestamp>1181.468800</timestamp>
			</report>
			<report>
				<misses>3816001</misses>
				<total>21</total>
				<timestamp>1181.778470</timestamp>
			</report>
			<report>
				<misses>3817001</misses>
				<total>21</total>
				<timestamp>1182.088141</timestamp>
			</report>
			<report>
				<misses>3818001</misses>
				<total>21</total>
				<timestamp>1182.397861</timestamp>
			</report>
			<report>
				<misses>3819001</misses>
				<total>21</total>
				<timestamp>1182.707519</timestamp>
			</report>
			<report>
				<misses>3820001</misses>
				<total>21</total>
				<timestamp>1183.017215</timestamp>
			</report>
			<report>
				<misses>3821001</misses>
				<total>21</total>
				<timestamp>1183.326927</timestamp>
			</report>
			<report>
				<misses>3822001</misses>
				<total>21</total>
				<timestamp>1183.636638</timestamp>
			</report>
			<report>
				<misses>3823001</misses>
				<total>21</total>
				<timestamp>1183.946296</timestamp>
			</report>
			<report>
				<misses>3824001</misses>
				<total>21</total>
				<timestamp>1184.256009</timestamp>
			</report>
			<report>
				<misses>3825001</misses>
				<total>21</total>
				<timestamp>1184.565666</timestamp>
			</report>
			<report>
				<misses>3826001</misses>
				<total>21</total>
				<timestamp>1184.875362</timestamp>
			</report>
			<report>
				<misses>3827001</misses>
				<total>21</total>
				<timestamp>1185.185068</timestamp>
			</report>
			<report>
				<misses>3828001</misses>
				<total>21</total>
				<timestamp>1185.494742</timestamp>
			</report>
			<report>
				<misses>3829001</misses>
				<total>21</total>
				<timestamp>1185.804433</timestamp>
			</report>
			<report>
				<misses>3830001</misses>
				<total>21</total>
				<timestamp>1186.114105</timestamp>
			</report>
			<report>
				<misses>3831001</misses>
				<total>21</total>
				<timestamp>1186.423827</timestamp>
			</report>
			<report>
				<misses>3832001</misses>
				<total>21</total>
				<timestamp>1186.733507</timestamp>
			</report>
			<report>
				<misses>3833001</misses>
				<total>21</total>
				<timestamp>1187.043172</timestamp>
			</report>
			<report>
				<misses>3834001</misses>
				<total>21</total>
				<timestamp>1187.352872</timestamp>
			</report>
			<report>
				<misses>3835001</misses>
				<total>21</total>
				<timestamp>1187.662566</timestamp>
			</report>
			<report>
				<misses>3836001</misses>
				<total>21</total>
				<timestamp>1187.972330</timestamp>
			</report>
			<report>
				<misses>3837001</misses>
				<total>21</total>
				<timestamp>1188.281925</timestamp>
			</report>
			<report>
				<misses>3838001</misses>
				<total>21</total>
				<timestamp>1188.591630</timestamp>
			</report>
			<report>
				<misses>3839001</misses>
				<total>21</total>
				<timestamp>1188.901352</timestamp>
			</report>
			<report>
				<misses>3840001</misses>
				<total>21</total>
				<timestamp>1189.211006</timestamp>
			</report>
			<report>
				<misses>3841001</misses>
				<total>21</total>
				<timestamp>1189.520700</timestamp>
			</report>
			<report>
				<misses>3842001</misses>
				<total>21</total>
				<timestamp>1189.830395</timestamp>
			</report>
			<report>
				<misses>3843001</misses>
				<total>21</total>
				<timestamp>1190.140079</timestamp>
			</report>
			<report>
				<misses>3844001</misses>
				<total>21</total>
				<timestamp>1190.449814</timestamp>
			</report>
			<report>
				<misses>3845001</misses>
				<total>21</total>
				<timestamp>1190.759479</timestamp>
			</report>
			<report>
				<misses>3846001</misses>
				<total>21</total>
				<timestamp>1191.069148</timestamp>
			</report>
			<report>
				<misses>3847001</misses>
				<total>21</total>
				<timestamp>1191.378892</timestamp>
			</report>
			<report>
				<misses>3848001</misses>
				<total>21</total>
				<timestamp>1191.688589</timestamp>
			</report>
			<report>
				<misses>3849001</misses>
				<total>21</total>
				<timestamp>1191.998269</timestamp>
			</report>
			<report>
				<misses>3850001</misses>
				<total>21</total>
				<timestamp>1192.307932</timestamp>
			</report>
			<report>
				<misses>3851001</misses>
				<total>21</total>
				<timestamp>1192.617639</timestamp>
			</report>
			<report>
				<misses>3852001</misses>
				<total>21</total>
				<timestamp>1192.927305</timestamp>
			</report>
			<report>
				<misses>3853001</misses>
				<total>21</total>
				<timestamp>1193.236996</timestamp>
			</report>
			<report>
				<misses>3854001</misses>
				<total>21</total>
				<timestamp>1193.546755</timestamp>
			</report>
			<report>
				<misses>3855001</misses>
				<total>21</total>
				<timestamp>1193.856408</timestamp>
			</report>
			<report>
				<misses>3856001</misses>
				<total>21</total>
				<timestamp>1194.166057</timestamp>
			</report>
			<report>
				<misses>3857001</misses>
				<total>21</total>
				<timestamp>1194.475746</timestamp>
			</report>
			<report>
				<misses>3858001</misses>
				<total>21</total>
				<timestamp>1194.785450</timestamp>
			</report>
			<report>
				<misses>3859001</misses>
				<total>21</total>
				<timestamp>1195.095116</timestamp>
			</report>
			<report>
				<misses>3860001</misses>
				<total>21</total>
				<timestamp>1195.404802</timestamp>
			</report>
			<report>
				<misses>3861001</misses>
				<total>21</total>
				<timestamp>1195.714523</timestamp>
			</report>
			<report>
				<misses>3862001</misses>
				<total>21</total>
				<timestamp>1196.024290</timestamp>
			</report>
			<report>
				<misses>3863001</misses>
				<total>21</total>
				<timestamp>1196.333938</timestamp>
			</report>
			<report>
				<misses>3864001</misses>
				<total>21</total>
				<timestamp>1196.643600</timestamp>
			</report>
			<report>
				<misses>3865001</misses>
				<total>21</total>
				<timestamp>1196.953315</timestamp>
			</report>
			<report>
				<misses>3866001</misses>
				<total>21</total>
				<timestamp>1197.262975</timestamp>
			</report>
			<report>
				<misses>3867001</misses>
				<total>21</total>
				<timestamp>1197.572627</timestamp>
			</report>
			<report>
				<misses>3868001</misses>
				<total>21</total>
				<timestamp>1197.882355</timestamp>
			</report>
			<report>
				<misses>3869001</misses>
				<total>21</total>
				<timestamp>1198.192018</timestamp>
			</report>
			<report>
				<misses>3870001</misses>
				<total>21</total>
				<timestamp>1198.501735</timestamp>
			</report>
			<report>
				<misses>3871001</misses>
				<total>21</total>
				<timestamp>1198.811397</timestamp>
			</report>
			<report>
				<misses>3872001</misses>
				<total>21</total>
				<timestamp>1199.121093</timestamp>
			</report>
			<report>
				<misses>3873001</misses>
				<total>21</total>
				<timestamp>1199.430791</timestamp>
			</report>
			<report>
				<misses>3874001</misses>
				<total>21</total>
				<timestamp>1199.740497</timestamp>
			</report>
			<report>
				<misses>3875001</misses>
				<total>21</total>
				<timestamp>1200.050222</timestamp>
			</report>
			<report>
				<misses>3876001</misses>
				<total>21</total>
				<timestamp>1200.359885</timestamp>
			</report>
			<report>
				<misses>3877001</misses>
				<total>21</total>
				<timestamp>1200.669575</timestamp>
			</report>
			<report>
				<misses>3878001</misses>
				<total>21</total>
				<timestamp>1200.979241</timestamp>
			</report>
			<report>
				<misses>3879001</misses>
				<total>21</total>
				<timestamp>1201.288918</timestamp>
			</report>
			<report>
				<misses>3880001</misses>
				<total>21</total>
				<timestamp>1201.598627</timestamp>
			</report>
			<report>
				<misses>3881001</misses>
				<total>21</total>
				<timestamp>1201.908306</timestamp>
			</report>
			<report>
				<misses>3882001</misses>
				<total>21</total>
				<timestamp>1202.217998</timestamp>
			</report>
			<report>
				<misses>3883001</misses>
				<total>21</total>
				<timestamp>1202.527689</timestamp>
			</report>
			<report>
				<misses>3884001</misses>
				<total>21</total>
				<timestamp>1202.837396</timestamp>
			</report>
			<report>
				<misses>3885001</misses>
				<total>21</total>
				<timestamp>1203.147059</timestamp>
			</report>
			<report>
				<misses>3886001</misses>
				<total>21</total>
				<timestamp>1203.456800</timestamp>
			</report>
			<report>
				<misses>3887001</misses>
				<total>21</total>
				<timestamp>1203.766458</timestamp>
			</report>
			<report>
				<misses>3888001</misses>
				<total>21</total>
				<timestamp>1204.076238</timestamp>
			</report>
			<report>
				<misses>3889001</misses>
				<total>21</total>
				<timestamp>1204.385822</timestamp>
			</report>
			<report>
				<misses>3890001</misses>
				<total>21</total>
				<timestamp>1204.695523</timestamp>
			</report>
			<report>
				<misses>3891001</misses>
				<total>21</total>
				<timestamp>1205.005258</timestamp>
			</report>
			<report>
				<misses>3892001</misses>
				<total>21</total>
				<timestamp>1205.314914</timestamp>
			</report>
			<report>
				<misses>3893001</misses>
				<total>21</total>
				<timestamp>1205.624594</timestamp>
			</report>
			<report>
				<misses>3894001</misses>
				<total>21</total>
				<timestamp>1205.934316</timestamp>
			</report>
			<report>
				<misses>3895001</misses>
				<total>21</total>
				<timestamp>1206.243983</timestamp>
			</report>
			<report>
				<misses>3896001</misses>
				<total>21</total>
				<timestamp>1206.553655</timestamp>
			</report>
			<report>
				<misses>3897001</misses>
				<total>21</total>
				<timestamp>1206.863341</timestamp>
			</report>
			<report>
				<misses>3898001</misses>
				<total>21</total>
				<timestamp>1207.173029</timestamp>
			</report>
			<report>
				<misses>3899001</misses>
				<total>21</total>
				<timestamp>1207.482721</timestamp>
			</report>
			<report>
				<misses>3900001</misses>
				<total>21</total>
				<timestamp>1207.792401</timestamp>
			</report>
			<report>
				<misses>3901001</misses>
				<total>21</total>
				<timestamp>1208.102162</timestamp>
			</report>
			<report>
				<misses>3902001</misses>
				<total>21</total>
				<timestamp>1208.411794</timestamp>
			</report>
			<report>
				<misses>3903001</misses>
				<total>21</total>
				<timestamp>1208.721489</timestamp>
			</report>
			<report>
				<misses>3904001</misses>
				<total>21</total>
				<timestamp>1209.031194</timestamp>
			</report>
			<report>
				<misses>3905001</misses>
				<total>21</total>
				<timestamp>1209.340855</timestamp>
			</report>
			<report>
				<misses>3906001</misses>
				<total>21</total>
				<timestamp>1209.650566</timestamp>
			</report>
			<report>
				<misses>3907001</misses>
				<total>21</total>
				<timestamp>1209.960267</timestamp>
			</report>
			<report>
				<misses>3908001</misses>
				<total>21</total>
				<timestamp>1210.269927</timestamp>
			</report>
			<report>
				<misses>3909001</misses>
				<total>21</total>
				<timestamp>1210.579682</timestamp>
			</report>
			<report>
				<misses>3910001</misses>
				<total>21</total>
				<timestamp>1210.889318</timestamp>
			</report>
			<report>
				<misses>3911001</misses>
				<total>21</total>
				<timestamp>1211.199010</timestamp>
			</report>
			<report>
				<misses>3912001</misses>
				<total>21</total>
				<timestamp>1211.508701</timestamp>
			</report>
			<report>
				<misses>3913001</misses>
				<total>21</total>
				<timestamp>1211.818411</timestamp>
			</report>
			<report>
				<misses>3914001</misses>
				<total>21</total>
				<timestamp>1212.128095</timestamp>
			</report>
			<report>
				<misses>3915001</misses>
				<total>21</total>
				<timestamp>1212.437772</timestamp>
			</report>
			<report>
				<misses>3916001</misses>
				<total>21</total>
				<timestamp>1212.747463</timestamp>
			</report>
			<report>
				<misses>3917001</misses>
				<total>21</total>
				<timestamp>1213.057189</timestamp>
			</report>
			<report>
				<misses>3918001</misses>
				<total>21</total>
				<timestamp>1213.366832</timestamp>
			</report>
			<report>
				<misses>3919001</misses>
				<total>21</total>
				<timestamp>1213.676553</timestamp>
			</report>
			<report>
				<misses>3920001</misses>
				<total>21</total>
				<timestamp>1213.986232</timestamp>
			</report>
			<report>
				<misses>3921001</misses>
				<total>21</total>
				<timestamp>1214.295901</timestamp>
			</report>
			<report>
				<misses>3922001</misses>
				<total>21</total>
				<timestamp>1214.605674</timestamp>
			</report>
			<report>
				<misses>3923001</misses>
				<total>21</total>
				<timestamp>1214.915288</timestamp>
			</report>
			<report>
				<misses>3924001</misses>
				<total>21</total>
				<timestamp>1215.224987</timestamp>
			</report>
			<report>
				<misses>3925001</misses>
				<total>21</total>
				<timestamp>1215.534692</timestamp>
			</report>
			<report>
				<misses>3926001</misses>
				<total>21</total>
				<timestamp>1215.844398</timestamp>
			</report>
			<report>
				<misses>3927001</misses>
				<total>21</total>
				<timestamp>1216.154054</timestamp>
			</report>
			<report>
				<misses>3928001</misses>
				<total>21</total>
				<timestamp>1216.463776</timestamp>
			</report>
			<report>
				<misses>3929001</misses>
				<total>21</total>
				<timestamp>1216.773443</timestamp>
			</report>
			<report>
				<misses>3930001</misses>
				<total>21</total>
				<timestamp>1217.083135</timestamp>
			</report>
			<report>
				<misses>3931001</misses>
				<total>21</total>
				<timestamp>1217.392831</timestamp>
			</report>
			<report>
				<misses>3932001</misses>
				<total>21</total>
				<timestamp>1217.702501</timestamp>
			</report>
			<report>
				<misses>3933001</misses>
				<total>21</total>
				<timestamp>1218.012190</timestamp>
			</report>
			<report>
				<misses>3934001</misses>
				<total>21</total>
				<timestamp>1218.321879</timestamp>
			</report>
			<report>
				<misses>3935001</misses>
				<total>21</total>
				<timestamp>1218.631623</timestamp>
			</report>
			<report>
				<misses>3936001</misses>
				<total>21</total>
				<timestamp>1218.941262</timestamp>
			</report>
			<report>
				<misses>3937001</misses>
				<total>21</total>
				<timestamp>1219.250950</timestamp>
			</report>
			<report>
				<misses>3938001</misses>
				<total>21</total>
				<timestamp>1219.560652</timestamp>
			</report>
			<report>
				<misses>3939001</misses>
				<total>21</total>
				<timestamp>1219.870329</timestamp>
			</report>
			<report>
				<misses>3940001</misses>
				<total>21</total>
				<timestamp>1220.180026</timestamp>
			</report>
			<report>
				<misses>3941001</misses>
				<total>21</total>
				<timestamp>1220.489736</timestamp>
			</report>
			<report>
				<misses>3942001</misses>
				<total>21</total>
				<timestamp>1220.799424</timestamp>
			</report>
			<report>
				<misses>3943001</misses>
				<total>21</total>
				<timestamp>1221.109166</timestamp>
			</report>
			<report>
				<misses>3944001</misses>
				<total>21</total>
				<timestamp>1221.418781</timestamp>
			</report>
			<report>
				<misses>3945001</misses>
				<total>21</total>
				<timestamp>1221.728505</timestamp>
			</report>
			<report>
				<misses>3946001</misses>
				<total>21</total>
				<timestamp>1222.038163</timestamp>
			</report>
			<report>
				<misses>3947001</misses>
				<total>21</total>
				<timestamp>1222.347887</timestamp>
			</report>
			<report>
				<misses>3948001</misses>
				<total>21</total>
				<timestamp>1222.657557</timestamp>
			</report>
			<report>
				<misses>3949001</misses>
				<total>21</total>
				<timestamp>1222.967228</timestamp>
			</report>
			<report>
				<misses>3950001</misses>
				<total>21</total>
				<timestamp>1223.276923</timestamp>
			</report>
			<report>
				<misses>3951001</misses>
				<total>21</total>
				<timestamp>1223.586638</timestamp>
			</report>
			<report>
				<misses>3952001</misses>
				<total>21</total>
				<timestamp>1223.896336</timestamp>
			</report>
			<report>
				<misses>3953001</misses>
				<total>21</total>
				<timestamp>1224.206026</timestamp>
			</report>
			<report>
				<misses>3954001</misses>
				<total>21</total>
				<timestamp>1224.515690</timestamp>
			</report>
			<report>
				<misses>3955001</misses>
				<total>21</total>
				<timestamp>1224.825368</timestamp>
			</report>
			<report>
				<misses>3956001</misses>
				<total>21</total>
				<timestamp>1225.135119</timestamp>
			</report>
			<report>
				<misses>3957001</misses>
				<total>21</total>
				<timestamp>1225.444767</timestamp>
			</report>
			<report>
				<misses>3958001</misses>
				<total>21</total>
				<timestamp>1225.754427</timestamp>
			</report>
			<report>
				<misses>3959001</misses>
				<total>21</total>
				<timestamp>1226.064152</timestamp>
			</report>
			<report>
				<misses>3960001</misses>
				<total>21</total>
				<timestamp>1226.373844</timestamp>
			</report>
			<report>
				<misses>3961001</misses>
				<total>21</total>
				<timestamp>1226.683505</timestamp>
			</report>
			<report>
				<misses>3962001</misses>
				<total>21</total>
				<timestamp>1226.993209</timestamp>
			</report>
			<report>
				<misses>3963001</misses>
				<total>21</total>
				<timestamp>1227.302862</timestamp>
			</report>
			<report>
				<misses>3964001</misses>
				<total>21</total>
				<timestamp>1227.612551</timestamp>
			</report>
			<report>
				<misses>3965001</misses>
				<total>21</total>
				<timestamp>1227.922283</timestamp>
			</report>
			<report>
				<misses>3966001</misses>
				<total>21</total>
				<timestamp>1228.232058</timestamp>
			</report>
			<report>
				<misses>3967001</misses>
				<total>21</total>
				<timestamp>1228.541655</timestamp>
			</report>
			<report>
				<misses>3968001</misses>
				<total>21</total>
				<timestamp>1228.851331</timestamp>
			</report>
			<report>
				<misses>3969001</misses>
				<total>21</total>
				<timestamp>1229.161070</timestamp>
			</report>
			<report>
				<misses>3970001</misses>
				<total>21</total>
				<timestamp>1229.470720</timestamp>
			</report>
			<report>
				<misses>3971001</misses>
				<total>21</total>
				<timestamp>1229.780399</timestamp>
			</report>
			<report>
				<misses>3972001</misses>
				<total>21</total>
				<timestamp>1230.090138</timestamp>
			</report>
			<report>
				<misses>3973001</misses>
				<total>21</total>
				<timestamp>1230.399801</timestamp>
			</report>
			<report>
				<misses>3974001</misses>
				<total>21</total>
				<timestamp>1230.709503</timestamp>
			</report>
			<report>
				<misses>3975001</misses>
				<total>21</total>
				<timestamp>1231.019162</timestamp>
			</report>
			<report>
				<misses>3976001</misses>
				<total>21</total>
				<timestamp>1231.328851</timestamp>
			</report>
			<report>
				<misses>3977001</misses>
				<total>21</total>
				<timestamp>1231.638540</timestamp>
			</report>
			<report>
				<misses>3978001</misses>
				<total>21</total>
				<timestamp>1231.948248</timestamp>
			</report>
			<report>
				<misses>3979001</misses>
				<total>21</total>
				<timestamp>1232.257948</timestamp>
			</report>
			<report>
				<misses>3980001</misses>
				<total>21</total>
				<timestamp>1232.567649</timestamp>
			</report>
			<report>
				<misses>3981001</misses>
				<total>21</total>
				<timestamp>1232.877304</timestamp>
			</report>
			<report>
				<misses>3982001</misses>
				<total>21</total>
				<timestamp>1233.187021</timestamp>
			</report>
			<report>
				<misses>3983001</misses>
				<total>21</total>
				<timestamp>1233.496697</timestamp>
			</report>
			<report>
				<misses>3984001</misses>
				<total>21</total>
				<timestamp>1233.806391</timestamp>
			</report>
			<report>
				<misses>3985001</misses>
				<total>21</total>
				<timestamp>1234.116075</timestamp>
			</report>
			<report>
				<misses>3986001</misses>
				<total>21</total>
				<timestamp>1234.425762</timestamp>
			</report>
			<report>
				<misses>3987001</misses>
				<total>21</total>
				<timestamp>1234.735455</timestamp>
			</report>
			<report>
				<misses>3988001</misses>
				<total>21</total>
				<timestamp>1235.045171</timestamp>
			</report>
			<report>
				<misses>3989001</misses>
				<total>21</total>
				<timestamp>1235.354860</timestamp>
			</report>
			<report>
				<misses>3990001</misses>
				<total>21</total>
				<timestamp>1235.664536</timestamp>
			</report>
			<report>
				<misses>3991001</misses>
				<total>21</total>
				<timestamp>1235.974225</timestamp>
			</report>
			<report>
				<misses>3992001</misses>
				<total>21</total>
				<timestamp>1236.283924</timestamp>
			</report>
			<report>
				<misses>3993001</misses>
				<total>21</total>
				<timestamp>1236.593628</timestamp>
			</report>
			<report>
				<misses>3994001</misses>
				<total>21</total>
				<timestamp>1236.903267</timestamp>
			</report>
			<report>
				<misses>3995001</misses>
				<total>21</total>
				<timestamp>1237.213002</timestamp>
			</report>
			<report>
				<misses>3996001</misses>
				<total>21</total>
				<timestamp>1237.522660</timestamp>
			</report>
			<report>
				<misses>3997001</misses>
				<total>21</total>
				<timestamp>1237.832338</timestamp>
			</report>
			<report>
				<misses>3998001</misses>
				<total>21</total>
				<timestamp>1238.142067</timestamp>
			</report>
			<report>
				<misses>3999001</misses>
				<total>21</total>
				<timestamp>1238.451721</timestamp>
			</report>
			<report>
				<misses>4000001</misses>
				<total>21</total>
				<timestamp>1238.761397</timestamp>
			</report>
			<report>
				<misses>4001001</misses>
				<total>21</total>
				<timestamp>1239.071118</timestamp>
			</report>
			<report>
				<misses>4002001</misses>
				<total>21</total>
				<timestamp>1239.380806</timestamp>
			</report>
			<report>
				<misses>4003001</misses>
				<total>21</total>
				<timestamp>1239.690528</timestamp>
			</report>
			<report>
				<misses>4004001</misses>
				<total>21</total>
				<timestamp>1240.000173</timestamp>
			</report>
			<report>
				<misses>4005001</misses>
				<total>21</total>
				<timestamp>1240.309896</timestamp>
			</report>
			<report>
				<misses>4006001</misses>
				<total>21</total>
				<timestamp>1240.619557</timestamp>
			</report>
			<report>
				<misses>4007001</misses>
				<total>21</total>
				<timestamp>1240.929248</timestamp>
			</report>
			<report>
				<misses>4008001</misses>
				<total>21</total>
				<timestamp>1241.238998</timestamp>
			</report>
			<report>
				<misses>4009001</misses>
				<total>21</total>
				<timestamp>1241.548637</timestamp>
			</report>
			<report>
				<misses>4010001</misses>
				<total>21</total>
				<timestamp>1241.858309</timestamp>
			</report>
			<report>
				<misses>4011001</misses>
				<total>21</total>
				<timestamp>1242.168026</timestamp>
			</report>
			<report>
				<misses>4012001</misses>
				<total>21</total>
				<timestamp>1242.477686</timestamp>
			</report>
			<report>
				<misses>4013001</misses>
				<total>21</total>
				<timestamp>1242.787375</timestamp>
			</report>
			<report>
				<misses>4014001</misses>
				<total>21</total>
				<timestamp>1243.097125</timestamp>
			</report>
			<report>
				<misses>4015001</misses>
				<total>21</total>
				<timestamp>1243.406776</timestamp>
			</report>
			<report>
				<misses>4016001</misses>
				<total>21</total>
				<timestamp>1243.716490</timestamp>
			</report>
			<report>
				<misses>4017001</misses>
				<total>21</total>
				<timestamp>1244.026140</timestamp>
			</report>
			<report>
				<misses>4018001</misses>
				<total>21</total>
				<timestamp>1244.335915</timestamp>
			</report>
			<report>
				<misses>4019001</misses>
				<total>21</total>
				<timestamp>1244.645571</timestamp>
			</report>
			<report>
				<misses>4020001</misses>
				<total>21</total>
				<timestamp>1244.955216</timestamp>
			</report>
			<report>
				<misses>4021001</misses>
				<total>21</total>
				<timestamp>1245.264985</timestamp>
			</report>
			<report>
				<misses>4022001</misses>
				<total>21</total>
				<timestamp>1245.574595</timestamp>
			</report>
			<report>
				<misses>4023001</misses>
				<total>21</total>
				<timestamp>1245.884328</timestamp>
			</report>
			<report>
				<misses>4024001</misses>
				<total>21</total>
				<timestamp>1246.194007</timestamp>
			</report>
			<report>
				<misses>4025001</misses>
				<total>21</total>
				<timestamp>1246.503688</timestamp>
			</report>
			<report>
				<misses>4026001</misses>
				<total>21</total>
				<timestamp>1246.813352</timestamp>
			</report>
			<report>
				<misses>4027001</misses>
				<total>21</total>
				<timestamp>1247.123053</timestamp>
			</report>
			<report>
				<misses>4028001</misses>
				<total>21</total>
				<timestamp>1247.432753</timestamp>
			</report>
			<report>
				<misses>4029001</misses>
				<total>21</total>
				<timestamp>1247.742423</timestamp>
			</report>
			<report>
				<misses>4030001</misses>
				<total>21</total>
				<timestamp>1248.052108</timestamp>
			</report>
			<report>
				<misses>4031001</misses>
				<total>21</total>
				<timestamp>1248.361830</timestamp>
			</report>
			<report>
				<misses>4032001</misses>
				<total>21</total>
				<timestamp>1248.671502</timestamp>
			</report>
			<report>
				<misses>4033001</misses>
				<total>21</total>
				<timestamp>1248.981195</timestamp>
			</report>
			<report>
				<misses>4034001</misses>
				<total>21</total>
				<timestamp>1249.290949</timestamp>
			</report>
			<report>
				<misses>4035001</misses>
				<total>21</total>
				<timestamp>1249.600563</timestamp>
			</report>
			<report>
				<misses>4036001</misses>
				<total>21</total>
				<timestamp>1249.910275</timestamp>
			</report>
			<report>
				<misses>4037001</misses>
				<total>21</total>
				<timestamp>1250.219987</timestamp>
			</report>
			<report>
				<misses>4038001</misses>
				<total>21</total>
				<timestamp>1250.529647</timestamp>
			</report>
			<report>
				<misses>4039001</misses>
				<total>21</total>
				<timestamp>1250.839324</timestamp>
			</report>
			<report>
				<misses>4040001</misses>
				<total>21</total>
				<timestamp>1251.149062</timestamp>
			</report>
			<report>
				<misses>4041001</misses>
				<total>21</total>
				<timestamp>1251.458743</timestamp>
			</report>
			<report>
				<misses>4042001</misses>
				<total>21</total>
				<timestamp>1251.768385</timestamp>
			</report>
			<report>
				<misses>4043001</misses>
				<total>21</total>
				<timestamp>1252.078115</timestamp>
			</report>
			<report>
				<misses>4044001</misses>
				<total>21</total>
				<timestamp>1252.387772</timestamp>
			</report>
			<report>
				<misses>4045001</misses>
				<total>21</total>
				<timestamp>1252.697503</timestamp>
			</report>
			<report>
				<misses>4046001</misses>
				<total>21</total>
				<timestamp>1253.007200</timestamp>
			</report>
			<report>
				<misses>4047001</misses>
				<total>21</total>
				<timestamp>1253.316916</timestamp>
			</report>
			<report>
				<misses>4048001</misses>
				<total>21</total>
				<timestamp>1253.626519</timestamp>
			</report>
			<report>
				<misses>4049001</misses>
				<total>21</total>
				<timestamp>1253.936227</timestamp>
			</report>
			<report>
				<misses>4050001</misses>
				<total>21</total>
				<timestamp>1254.245927</timestamp>
			</report>
			<report>
				<misses>4051001</misses>
				<total>21</total>
				<timestamp>1254.555631</timestamp>
			</report>
			<report>
				<misses>4052001</misses>
				<total>21</total>
				<timestamp>1254.865278</timestamp>
			</report>
			<report>
				<misses>4053001</misses>
				<total>21</total>
				<timestamp>1255.175041</timestamp>
			</report>
			<report>
				<misses>4054001</misses>
				<total>21</total>
				<timestamp>1255.484687</timestamp>
			</report>
			<report>
				<misses>4055001</misses>
				<total>21</total>
				<timestamp>1255.794360</timestamp>
			</report>
			<report>
				<misses>4056001</misses>
				<total>21</total>
				<timestamp>1256.104053</timestamp>
			</report>
			<report>
				<misses>4057001</misses>
				<total>21</total>
				<timestamp>1256.413795</timestamp>
			</report>
			<report>
				<misses>4058001</misses>
				<total>21</total>
				<timestamp>1256.723472</timestamp>
			</report>
			<report>
				<misses>4059001</misses>
				<total>21</total>
				<timestamp>1257.033139</timestamp>
			</report>
			<report>
				<misses>4060001</misses>
				<total>21</total>
				<timestamp>1257.342862</timestamp>
			</report>
			<report>
				<misses>4061001</misses>
				<total>21</total>
				<timestamp>1257.652532</timestamp>
			</report>
			<report>
				<misses>4062001</misses>
				<total>21</total>
				<timestamp>1257.962181</timestamp>
			</report>
			<report>
				<misses>4063001</misses>
				<total>21</total>
				<timestamp>1258.271893</timestamp>
			</report>
			<report>
				<misses>4064001</misses>
				<total>21</total>
				<timestamp>1258.581587</timestamp>
			</report>
			<report>
				<misses>4065001</misses>
				<total>21</total>
				<timestamp>1258.891247</timestamp>
			</report>
			<report>
				<misses>4066001</misses>
				<total>21</total>
				<timestamp>1259.200975</timestamp>
			</report>
			<report>
				<misses>4067001</misses>
				<total>21</total>
				<timestamp>1259.510628</timestamp>
			</report>
			<report>
				<misses>4068001</misses>
				<total>21</total>
				<timestamp>1259.820332</timestamp>
			</report>
			<report>
				<misses>4069001</misses>
				<total>21</total>
				<timestamp>1260.130022</timestamp>
			</report>
			<report>
				<misses>4070001</misses>
				<total>21</total>
				<timestamp>1260.439710</timestamp>
			</report>
			<report>
				<misses>4071001</misses>
				<total>21</total>
				<timestamp>1260.749446</timestamp>
			</report>
			<report>
				<misses>4072001</misses>
				<total>21</total>
				<timestamp>1261.059097</timestamp>
			</report>
			<report>
				<misses>4073001</misses>
				<total>21</total>
				<timestamp>1261.368838</timestamp>
			</report>
			<report>
				<misses>4074001</misses>
				<total>21</total>
				<timestamp>1261.678546</timestamp>
			</report>
			<report>
				<misses>4075001</misses>
				<total>21</total>
				<timestamp>1261.988182</timestamp>
			</report>
			<report>
				<misses>4076001</misses>
				<total>21</total>
				<timestamp>1262.297880</timestamp>
			</report>
			<report>
				<misses>4077001</misses>
				<total>21</total>
				<timestamp>1262.607542</timestamp>
			</report>
			<report>
				<misses>4078001</misses>
				<total>21</total>
				<timestamp>1262.917261</timestamp>
			</report>
			<report>
				<misses>4079001</misses>
				<total>21</total>
				<timestamp>1263.226974</timestamp>
			</report>
			<report>
				<misses>4080001</misses>
				<total>21</total>
				<timestamp>1263.536634</timestamp>
			</report>
			<report>
				<misses>4081001</misses>
				<total>21</total>
				<timestamp>1263.846325</timestamp>
			</report>
			<report>
				<misses>4082001</misses>
				<total>21</total>
				<timestamp>1264.156069</timestamp>
			</report>
			<report>
				<misses>4083001</misses>
				<total>21</total>
				<timestamp>1264.465692</timestamp>
			</report>
			<report>
				<misses>4084001</misses>
				<total>21</total>
				<timestamp>1264.775421</timestamp>
			</report>
			<report>
				<misses>4085001</misses>
				<total>21</total>
				<timestamp>1265.085079</timestamp>
			</report>
			<report>
				<misses>4086001</misses>
				<total>21</total>
				<timestamp>1265.394793</timestamp>
			</report>
			<report>
				<misses>4087001</misses>
				<total>21</total>
				<timestamp>1265.704460</timestamp>
			</report>
			<report>
				<misses>4088001</misses>
				<total>21</total>
				<timestamp>1266.014183</timestamp>
			</report>
			<report>
				<misses>4089001</misses>
				<total>21</total>
				<timestamp>1266.323891</timestamp>
			</report>
			<report>
				<misses>4090001</misses>
				<total>21</total>
				<timestamp>1266.633564</timestamp>
			</report>
			<report>
				<misses>4091001</misses>
				<total>21</total>
				<timestamp>1266.943207</timestamp>
			</report>
			<report>
				<misses>4092001</misses>
				<total>21</total>
				<timestamp>1267.252928</timestamp>
			</report>
			<report>
				<misses>4093001</misses>
				<total>21</total>
				<timestamp>1267.562632</timestamp>
			</report>
			<report>
				<misses>4094001</misses>
				<total>21</total>
				<timestamp>1267.872281</timestamp>
			</report>
			<report>
				<misses>4095001</misses>
				<total>21</total>
				<timestamp>1268.181966</timestamp>
			</report>
			<report>
				<misses>4096001</misses>
				<total>21</total>
				<timestamp>1268.491669</timestamp>
			</report>
			<report>
				<misses>4097001</misses>
				<total>21</total>
				<timestamp>1268.801347</timestamp>
			</report>
			<report>
				<misses>4098001</misses>
				<total>21</total>
				<timestamp>1269.111024</timestamp>
			</report>
			<report>
				<misses>4099001</misses>
				<total>21</total>
				<timestamp>1269.420771</timestamp>
			</report>
			<report>
				<misses>4100001</misses>
				<total>21</total>
				<timestamp>1269.730418</timestamp>
			</report>
			<report>
				<misses>4101001</misses>
				<total>21</total>
				<timestamp>1270.040095</timestamp>
			</report>
			<report>
				<misses>4102001</misses>
				<total>21</total>
				<timestamp>1270.349806</timestamp>
			</report>
			<report>
				<misses>4103001</misses>
				<total>21</total>
				<timestamp>1270.659551</timestamp>
			</report>
			<report>
				<misses>4104001</misses>
				<total>21</total>
				<timestamp>1270.969184</timestamp>
			</report>
			<report>
				<misses>4105001</misses>
				<total>21</total>
				<timestamp>1271.278905</timestamp>
			</report>
			<report>
				<misses>4106001</misses>
				<total>21</total>
				<timestamp>1271.588561</timestamp>
			</report>
			<report>
				<misses>4107001</misses>
				<total>21</total>
				<timestamp>1271.898249</timestamp>
			</report>
			<report>
				<misses>4108001</misses>
				<total>21</total>
				<timestamp>1272.207943</timestamp>
			</report>
			<report>
				<misses>4109001</misses>
				<total>21</total>
				<timestamp>1272.517640</timestamp>
			</report>
			<report>
				<misses>4110001</misses>
				<total>21</total>
				<timestamp>1272.827353</timestamp>
			</report>
			<report>
				<misses>4111001</misses>
				<total>22</total>
				<timestamp>1273.136995</timestamp>
			</report>
			<report>
				<misses>4112001</misses>
				<total>22</total>
				<timestamp>1273.446734</timestamp>
			</report>
			<report>
				<misses>4113001</misses>
				<total>22</total>
				<timestamp>1273.756413</timestamp>
			</report>
			<report>
				<misses>4114001</misses>
				<total>22</total>
				<timestamp>1274.066059</timestamp>
			</report>
			<report>
				<misses>4115001</misses>
				<total>22</total>
				<timestamp>1274.375776</timestamp>
			</report>
			<report>
				<misses>4116001</misses>
				<total>22</total>
				<timestamp>1274.685472</timestamp>
			</report>
			<report>
				<misses>4117001</misses>
				<total>22</total>
				<timestamp>1274.995141</timestamp>
			</report>
			<report>
				<misses>4118001</misses>
				<total>22</total>
				<timestamp>1275.304878</timestamp>
			</report>
			<report>
				<misses>4119001</misses>
				<total>22</total>
				<timestamp>1275.614537</timestamp>
			</report>
			<report>
				<misses>4120001</misses>
				<total>22</total>
				<timestamp>1275.924230</timestamp>
			</report>
			<report>
				<misses>4121001</misses>
				<total>22</total>
				<timestamp>1276.233919</timestamp>
			</report>
			<report>
				<misses>4122001</misses>
				<total>22</total>
				<timestamp>1276.543589</timestamp>
			</report>
			<report>
				<misses>4123001</misses>
				<total>22</total>
				<timestamp>1276.853322</timestamp>
			</report>
			<report>
				<misses>4124001</misses>
				<total>22</total>
				<timestamp>1277.162990</timestamp>
			</report>
			<report>
				<misses>4125001</misses>
				<total>22</total>
				<timestamp>1277.472686</timestamp>
			</report>
			<report>
				<misses>4126001</misses>
				<total>22</total>
				<timestamp>1277.782380</timestamp>
			</report>
			<report>
				<misses>4127001</misses>
				<total>22</total>
				<timestamp>1278.092040</timestamp>
			</report>
			<report>
				<misses>4128001</misses>
				<total>22</total>
				<timestamp>1278.401747</timestamp>
			</report>
			<report>
				<misses>4129001</misses>
				<total>22</total>
				<timestamp>1278.711456</timestamp>
			</report>
			<report>
				<misses>4130001</misses>
				<total>22</total>
				<timestamp>1279.021169</timestamp>
			</report>
			<report>
				<misses>4131001</misses>
				<total>22</total>
				<timestamp>1279.330986</timestamp>
			</report>
			<report>
				<misses>4132001</misses>
				<total>22</total>
				<timestamp>1279.640499</timestamp>
			</report>
			<report>
				<misses>4133001</misses>
				<total>22</total>
				<timestamp>1279.950181</timestamp>
			</report>
			<report>
				<misses>4134001</misses>
				<total>22</total>
				<timestamp>1280.259895</timestamp>
			</report>
			<report>
				<misses>4135001</misses>
				<total>22</total>
				<timestamp>1280.569572</timestamp>
			</report>
			<report>
				<misses>4136001</misses>
				<total>22</total>
				<timestamp>1280.879259</timestamp>
			</report>
			<report>
				<misses>4137001</misses>
				<total>22</total>
				<timestamp>1281.188938</timestamp>
			</report>
			<report>
				<misses>4138001</misses>
				<total>22</total>
				<timestamp>1281.498678</timestamp>
			</report>
			<report>
				<misses>4139001</misses>
				<total>22</total>
				<timestamp>1281.808368</timestamp>
			</report>
			<report>
				<misses>4140001</misses>
				<total>22</total>
				<timestamp>1282.118054</timestamp>
			</report>
			<report>
				<misses>4141001</misses>
				<total>22</total>
				<timestamp>1282.427734</timestamp>
			</report>
			<report>
				<misses>4142001</misses>
				<total>22</total>
				<timestamp>1282.737439</timestamp>
			</report>
			<report>
				<misses>4143001</misses>
				<total>22</total>
				<timestamp>1283.047078</timestamp>
			</report>
			<report>
				<misses>4144001</misses>
				<total>22</total>
				<timestamp>1283.356824</timestamp>
			</report>
			<report>
				<misses>4145001</misses>
				<total>22</total>
				<timestamp>1283.666487</timestamp>
			</report>
			<report>
				<misses>4146001</misses>
				<total>22</total>
				<timestamp>1283.976177</timestamp>
			</report>
			<report>
				<misses>4147001</misses>
				<total>22</total>
				<timestamp>1284.285842</timestamp>
			</report>
			<report>
				<misses>4148001</misses>
				<total>22</total>
				<timestamp>1284.595529</timestamp>
			</report>
			<report>
				<misses>4149001</misses>
				<total>22</total>
				<timestamp>1284.905247</timestamp>
			</report>
			<report>
				<misses>4150001</misses>
				<total>22</total>
				<timestamp>1285.214927</timestamp>
			</report>
			<report>
				<misses>4151001</misses>
				<total>22</total>
				<timestamp>1285.524640</timestamp>
			</report>
			<report>
				<misses>4152001</misses>
				<total>22</total>
				<timestamp>1285.834296</timestamp>
			</report>
			<report>
				<misses>4153001</misses>
				<total>22</total>
				<timestamp>1286.143978</timestamp>
			</report>
			<report>
				<misses>4154001</misses>
				<total>22</total>
				<timestamp>1286.453719</timestamp>
			</report>
			<report>
				<misses>4155001</misses>
				<total>22</total>
				<timestamp>1286.763363</timestamp>
			</report>
			<report>
				<misses>4156001</misses>
				<total>22</total>
				<timestamp>1287.073046</timestamp>
			</report>
			<report>
				<misses>4157001</misses>
				<total>22</total>
				<timestamp>1287.382778</timestamp>
			</report>
			<report>
				<misses>4158001</misses>
				<total>22</total>
				<timestamp>1287.692438</timestamp>
			</report>
			<report>
				<misses>4159001</misses>
				<total>22</total>
				<timestamp>1288.002151</timestamp>
			</report>
			<report>
				<misses>4160001</misses>
				<total>22</total>
				<timestamp>1288.311837</timestamp>
			</report>
			<report>
				<misses>4161001</misses>
				<total>22</total>
				<timestamp>1288.621502</timestamp>
			</report>
			<report>
				<misses>4162001</misses>
				<total>22</total>
				<timestamp>1288.931205</timestamp>
			</report>
			<report>
				<misses>4163001</misses>
				<total>22</total>
				<timestamp>1289.240926</timestamp>
			</report>
			<report>
				<misses>4164001</misses>
				<total>22</total>
				<timestamp>1289.550613</timestamp>
			</report>
			<report>
				<misses>4165001</misses>
				<total>22</total>
				<timestamp>1289.860328</timestamp>
			</report>
			<report>
				<misses>4166001</misses>
				<total>22</total>
				<timestamp>1290.169958</timestamp>
			</report>
			<report>
				<misses>4167001</misses>
				<total>22</total>
				<timestamp>1290.479681</timestamp>
			</report>
			<report>
				<misses>4168001</misses>
				<total>22</total>
				<timestamp>1290.789368</timestamp>
			</report>
			<report>
				<misses>4169001</misses>
				<total>22</total>
				<timestamp>1291.099037</timestamp>
			</report>
			<report>
				<misses>4170001</misses>
				<total>22</total>
				<timestamp>1291.408733</timestamp>
			</report>
			<report>
				<misses>4171001</misses>
				<total>22</total>
				<timestamp>1291.718434</timestamp>
			</report>
			<report>
				<misses>4172001</misses>
				<total>22</total>
				<timestamp>1292.028106</timestamp>
			</report>
			<report>
				<misses>4173001</misses>
				<total>22</total>
				<timestamp>1292.337793</timestamp>
			</report>
			<report>
				<misses>4174001</misses>
				<total>22</total>
				<timestamp>1292.647507</timestamp>
			</report>
			<report>
				<misses>4175001</misses>
				<total>22</total>
				<timestamp>1292.957175</timestamp>
			</report>
			<report>
				<misses>4176001</misses>
				<total>22</total>
				<timestamp>1293.266868</timestamp>
			</report>
			<report>
				<misses>4177001</misses>
				<total>22</total>
				<timestamp>1293.576594</timestamp>
			</report>
			<report>
				<misses>4178001</misses>
				<total>22</total>
				<timestamp>1293.886276</timestamp>
			</report>
			<report>
				<misses>4179001</misses>
				<total>22</total>
				<timestamp>1294.195934</timestamp>
			</report>
			<report>
				<misses>4180001</misses>
				<total>22</total>
				<timestamp>1294.505631</timestamp>
			</report>
			<report>
				<misses>4181001</misses>
				<total>22</total>
				<timestamp>1294.815318</timestamp>
			</report>
			<report>
				<misses>4182001</misses>
				<total>22</total>
				<timestamp>1295.124998</timestamp>
			</report>
			<report>
				<misses>4183001</misses>
				<total>22</total>
				<timestamp>1295.434721</timestamp>
			</report>
			<report>
				<misses>4184001</misses>
				<total>22</total>
				<timestamp>1295.744382</timestamp>
			</report>
			<report>
				<misses>4185001</misses>
				<total>22</total>
				<timestamp>1296.054086</timestamp>
			</report>
			<report>
				<misses>4186001</misses>
				<total>22</total>
				<timestamp>1296.363762</timestamp>
			</report>
			<report>
				<misses>4187001</misses>
				<total>22</total>
				<timestamp>1296.673473</timestamp>
			</report>
			<report>
				<misses>4188001</misses>
				<total>22</total>
				<timestamp>1296.983130</timestamp>
			</report>
			<report>
				<misses>4189001</misses>
				<total>22</total>
				<timestamp>1297.292832</timestamp>
			</report>
			<report>
				<misses>4190001</misses>
				<total>22</total>
				<timestamp>1297.602565</timestamp>
			</report>
			<report>
				<misses>4191001</misses>
				<total>22</total>
				<timestamp>1297.912209</timestamp>
			</report>
			<report>
				<misses>4192001</misses>
				<total>22</total>
				<timestamp>1298.221900</timestamp>
			</report>
			<report>
				<misses>4193001</misses>
				<total>22</total>
				<timestamp>1298.531628</timestamp>
			</report>
			<report>
				<misses>4194001</misses>
				<total>22</total>
				<timestamp>1298.841293</timestamp>
			</report>
			<report>
				<misses>4195001</misses>
				<total>22</total>
				<timestamp>1299.151008</timestamp>
			</report>
			<report>
				<misses>4196001</misses>
				<total>22</total>
				<timestamp>1299.460700</timestamp>
			</report>
			<report>
				<misses>4197001</misses>
				<total>22</total>
				<timestamp>1299.770359</timestamp>
			</report>
			<report>
				<misses>4198001</misses>
				<total>22</total>
				<timestamp>1300.080033</timestamp>
			</report>
			<report>
				<misses>4199001</misses>
				<total>22</total>
				<timestamp>1300.389792</timestamp>
			</report>
			<report>
				<misses>4200001</misses>
				<total>22</total>
				<timestamp>1300.699429</timestamp>
			</report>
			<report>
				<misses>4201001</misses>
				<total>22</total>
				<timestamp>1301.009109</timestamp>
			</report>
			<report>
				<misses>4202001</misses>
				<total>22</total>
				<timestamp>1301.318815</timestamp>
			</report>
			<report>
				<misses>4203001</misses>
				<total>22</total>
				<timestamp>1301.628496</timestamp>
			</report>
			<report>
				<misses>4204001</misses>
				<total>22</total>
				<timestamp>1301.938196</timestamp>
			</report>
			<report>
				<misses>4205001</misses>
				<total>22</total>
				<timestamp>1302.247864</timestamp>
			</report>
			<report>
				<misses>4206001</misses>
				<total>22</total>
				<timestamp>1302.557599</timestamp>
			</report>
			<report>
				<misses>4207001</misses>
				<total>22</total>
				<timestamp>1302.867235</timestamp>
			</report>
			<report>
				<misses>4208001</misses>
				<total>22</total>
				<timestamp>1303.176973</timestamp>
			</report>
			<report>
				<misses>4209001</misses>
				<total>22</total>
				<timestamp>1303.486638</timestamp>
			</report>
			<report>
				<misses>4210001</misses>
				<total>22</total>
				<timestamp>1303.796352</timestamp>
			</report>
			<report>
				<misses>4211001</misses>
				<total>22</total>
				<timestamp>1304.106027</timestamp>
			</report>
			<report>
				<misses>4212001</misses>
				<total>22</total>
				<timestamp>1304.415711</timestamp>
			</report>
			<report>
				<misses>4213001</misses>
				<total>22</total>
				<timestamp>1304.725380</timestamp>
			</report>
			<report>
				<misses>4214001</misses>
				<total>22</total>
				<timestamp>1305.035067</timestamp>
			</report>
			<report>
				<misses>4215001</misses>
				<total>22</total>
				<timestamp>1305.344756</timestamp>
			</report>
			<report>
				<misses>4216001</misses>
				<total>22</total>
				<timestamp>1305.654460</timestamp>
			</report>
			<report>
				<misses>4217001</misses>
				<total>22</total>
				<timestamp>1305.964222</timestamp>
			</report>
			<report>
				<misses>4218001</misses>
				<total>22</total>
				<timestamp>1306.273847</timestamp>
			</report>
			<report>
				<misses>4219001</misses>
				<total>22</total>
				<timestamp>1306.583594</timestamp>
			</report>
			<report>
				<misses>4220001</misses>
				<total>22</total>
				<timestamp>1306.893212</timestamp>
			</report>
			<report>
				<misses>4221001</misses>
				<total>22</total>
				<timestamp>1307.202988</timestamp>
			</report>
			<report>
				<misses>4222001</misses>
				<total>22</total>
				<timestamp>1307.512647</timestamp>
			</report>
			<report>
				<misses>4223001</misses>
				<total>22</total>
				<timestamp>1307.822295</timestamp>
			</report>
			<report>
				<misses>4224001</misses>
				<total>22</total>
				<timestamp>1308.132017</timestamp>
			</report>
			<report>
				<misses>4225001</misses>
				<total>22</total>
				<timestamp>1308.441690</timestamp>
			</report>
			<report>
				<misses>4226001</misses>
				<total>22</total>
				<timestamp>1308.751373</timestamp>
			</report>
			<report>
				<misses>4227001</misses>
				<total>22</total>
				<timestamp>1309.061064</timestamp>
			</report>
			<report>
				<misses>4228001</misses>
				<total>22</total>
				<timestamp>1309.370748</timestamp>
			</report>
			<report>
				<misses>4229001</misses>
				<total>22</total>
				<timestamp>1309.680421</timestamp>
			</report>
			<report>
				<misses>4230001</misses>
				<total>22</total>
				<timestamp>1309.990128</timestamp>
			</report>
			<report>
				<misses>4231001</misses>
				<total>22</total>
				<timestamp>1310.299811</timestamp>
			</report>
			<report>
				<misses>4232001</misses>
				<total>22</total>
				<timestamp>1310.609553</timestamp>
			</report>
			<report>
				<misses>4233001</misses>
				<total>22</total>
				<timestamp>1310.919176</timestamp>
			</report>
			<report>
				<misses>4234001</misses>
				<total>22</total>
				<timestamp>1311.228867</timestamp>
			</report>
			<report>
				<misses>4235001</misses>
				<total>22</total>
				<timestamp>1311.538599</timestamp>
			</report>
			<report>
				<misses>4236001</misses>
				<total>22</total>
				<timestamp>1311.848285</timestamp>
			</report>
			<report>
				<misses>4237001</misses>
				<total>22</total>
				<timestamp>1312.157958</timestamp>
			</report>
			<report>
				<misses>4238001</misses>
				<total>22</total>
				<timestamp>1312.467654</timestamp>
			</report>
			<report>
				<misses>4239001</misses>
				<total>22</total>
				<timestamp>1312.777331</timestamp>
			</report>
			<report>
				<misses>4240001</misses>
				<total>22</total>
				<timestamp>1313.087044</timestamp>
			</report>
			<report>
				<misses>4241001</misses>
				<total>22</total>
				<timestamp>1313.396730</timestamp>
			</report>
			<report>
				<misses>4242001</misses>
				<total>22</total>
				<timestamp>1313.706454</timestamp>
			</report>
			<report>
				<misses>4243001</misses>
				<total>22</total>
				<timestamp>1314.016105</timestamp>
			</report>
			<report>
				<misses>4244001</misses>
				<total>22</total>
				<timestamp>1314.325792</timestamp>
			</report>
			<report>
				<misses>4245001</misses>
				<total>22</total>
				<timestamp>1314.635507</timestamp>
			</report>
			<report>
				<misses>4246001</misses>
				<total>22</total>
				<timestamp>1314.945186</timestamp>
			</report>
			<report>
				<misses>4247001</misses>
				<total>22</total>
				<timestamp>1315.254844</timestamp>
			</report>
			<report>
				<misses>4248001</misses>
				<total>22</total>
				<timestamp>1315.564542</timestamp>
			</report>
			<report>
				<misses>4249001</misses>
				<total>22</total>
				<timestamp>1315.874224</timestamp>
			</report>
			<report>
				<misses>4250001</misses>
				<total>22</total>
				<timestamp>1316.183912</timestamp>
			</report>
			<report>
				<misses>4251001</misses>
				<total>22</total>
				<timestamp>1316.493640</timestamp>
			</report>
			<report>
				<misses>4252001</misses>
				<total>22</total>
				<timestamp>1316.803283</timestamp>
			</report>
			<report>
				<misses>4253001</misses>
				<total>22</total>
				<timestamp>1317.112997</timestamp>
			</report>
			<report>
				<misses>4254001</misses>
				<total>22</total>
				<timestamp>1317.422686</timestamp>
			</report>
			<report>
				<misses>4255001</misses>
				<total>22</total>
				<timestamp>1317.732385</timestamp>
			</report>
			<report>
				<misses>4256001</misses>
				<total>22</total>
				<timestamp>1318.042071</timestamp>
			</report>
			<report>
				<misses>4257001</misses>
				<total>22</total>
				<timestamp>1318.351753</timestamp>
			</report>
			<report>
				<misses>4258001</misses>
				<total>22</total>
				<timestamp>1318.661500</timestamp>
			</report>
			<report>
				<misses>4259001</misses>
				<total>22</total>
				<timestamp>1318.971136</timestamp>
			</report>
			<report>
				<misses>4260001</misses>
				<total>22</total>
				<timestamp>1319.280843</timestamp>
			</report>
			<report>
				<misses>4261001</misses>
				<total>22</total>
				<timestamp>1319.590520</timestamp>
			</report>
			<report>
				<misses>4262001</misses>
				<total>22</total>
				<timestamp>1319.900191</timestamp>
			</report>
			<report>
				<misses>4263001</misses>
				<total>22</total>
				<timestamp>1320.209882</timestamp>
			</report>
			<report>
				<misses>4264001</misses>
				<total>22</total>
				<timestamp>1320.519638</timestamp>
			</report>
			<report>
				<misses>4265001</misses>
				<total>22</total>
				<timestamp>1320.829267</timestamp>
			</report>
			<report>
				<misses>4266001</misses>
				<total>22</total>
				<timestamp>1321.138961</timestamp>
			</report>
			<report>
				<misses>4267001</misses>
				<total>22</total>
				<timestamp>1321.448650</timestamp>
			</report>
			<report>
				<misses>4268001</misses>
				<total>22</total>
				<timestamp>1321.758441</timestamp>
			</report>
			<report>
				<misses>4269001</misses>
				<total>22</total>
				<timestamp>1322.068040</timestamp>
			</report>
			<report>
				<misses>4270001</misses>
				<total>22</total>
				<timestamp>1322.377718</timestamp>
			</report>
			<report>
				<misses>4271001</misses>
				<total>22</total>
				<timestamp>1322.687460</timestamp>
			</report>
			<report>
				<misses>4272001</misses>
				<total>22</total>
				<timestamp>1322.997150</timestamp>
			</report>
			<report>
				<misses>4273001</misses>
				<total>22</total>
				<timestamp>1323.306802</timestamp>
			</report>
			<report>
				<misses>4274001</misses>
				<total>22</total>
				<timestamp>1323.616514</timestamp>
			</report>
			<report>
				<misses>4275001</misses>
				<total>23</total>
				<timestamp>1323.926165</timestamp>
			</report>
			<report>
				<misses>4276001</misses>
				<total>23</total>
				<timestamp>1324.235862</timestamp>
			</report>
			<report>
				<misses>4277001</misses>
				<total>23</total>
				<timestamp>1324.545564</timestamp>
			</report>
			<report>
				<misses>4278001</misses>
				<total>23</total>
				<timestamp>1324.855256</timestamp>
			</report>
			<report>
				<misses>4279001</misses>
				<total>23</total>
				<timestamp>1325.164919</timestamp>
			</report>
			<report>
				<misses>4280001</misses>
				<total>23</total>
				<timestamp>1325.474629</timestamp>
			</report>
			<report>
				<misses>4281001</misses>
				<total>23</total>
				<timestamp>1325.784365</timestamp>
			</report>
			<report>
				<misses>4282001</misses>
				<total>23</total>
				<timestamp>1326.094009</timestamp>
			</report>
			<report>
				<misses>4283001</misses>
				<total>23</total>
				<timestamp>1326.403681</timestamp>
			</report>
			<report>
				<misses>4284001</misses>
				<total>23</total>
				<timestamp>1326.713413</timestamp>
			</report>
			<report>
				<misses>4285001</misses>
				<total>23</total>
				<timestamp>1327.023099</timestamp>
			</report>
			<report>
				<misses>4286001</misses>
				<total>23</total>
				<timestamp>1327.332757</timestamp>
			</report>
			<report>
				<misses>4287001</misses>
				<total>23</total>
				<timestamp>1327.642447</timestamp>
			</report>
			<report>
				<misses>4288001</misses>
				<total>23</total>
				<timestamp>1327.952125</timestamp>
			</report>
			<report>
				<misses>4289001</misses>
				<total>22</total>
				<timestamp>1328.261864</timestamp>
			</report>
			<report>
				<misses>4290001</misses>
				<total>23</total>
				<timestamp>1328.571586</timestamp>
			</report>
			<report>
				<misses>4291001</misses>
				<total>23</total>
				<timestamp>1328.881266</timestamp>
			</report>
			<report>
				<misses>4292001</misses>
				<total>23</total>
				<timestamp>1329.190891</timestamp>
			</report>
			<report>
				<misses>4293001</misses>
				<total>23</total>
				<timestamp>1329.500604</timestamp>
			</report>
			<report>
				<misses>4294001</misses>
				<total>23</total>
				<timestamp>1329.810268</timestamp>
			</report>
			<report>
				<misses>4295001</misses>
				<total>23</total>
				<timestamp>1330.119963</timestamp>
			</report>
			<report>
				<misses>4296001</misses>
				<total>23</total>
				<timestamp>1330.429652</timestamp>
			</report>
			<report>
				<misses>4297001</misses>
				<total>23</total>
				<timestamp>1330.739385</timestamp>
			</report>
			<report>
				<misses>4298001</misses>
				<total>23</total>
				<timestamp>1331.049031</timestamp>
			</report>
			<report>
				<misses>4299001</misses>
				<total>23</total>
				<timestamp>1331.358745</timestamp>
			</report>
			<report>
				<misses>4300001</misses>
				<total>23</total>
				<timestamp>1331.668476</timestamp>
			</report>
			<report>
				<misses>4301001</misses>
				<total>23</total>
				<timestamp>1331.978165</timestamp>
			</report>
			<report>
				<misses>4302001</misses>
				<total>23</total>
				<timestamp>1332.287803</timestamp>
			</report>
			<report>
				<misses>4303001</misses>
				<total>23</total>
				<timestamp>1332.597541</timestamp>
			</report>
			<report>
				<misses>4304001</misses>
				<total>23</total>
				<timestamp>1332.907204</timestamp>
			</report>
			<report>
				<misses>4305001</misses>
				<total>23</total>
				<timestamp>1333.216873</timestamp>
			</report>
			<report>
				<misses>4306001</misses>
				<total>23</total>
				<timestamp>1333.526568</timestamp>
			</report>
			<report>
				<misses>4307001</misses>
				<total>23</total>
				<timestamp>1333.836274</timestamp>
			</report>
			<report>
				<misses>4308001</misses>
				<total>23</total>
				<timestamp>1334.145946</timestamp>
			</report>
			<report>
				<misses>4309001</misses>
				<total>23</total>
				<timestamp>1334.455627</timestamp>
			</report>
			<report>
				<misses>4310001</misses>
				<total>23</total>
				<timestamp>1334.765357</timestamp>
			</report>
			<report>
				<misses>4311001</misses>
				<total>23</total>
				<timestamp>1335.075003</timestamp>
			</report>
			<report>
				<misses>4312001</misses>
				<total>23</total>
				<timestamp>1335.384687</timestamp>
			</report>
			<report>
				<misses>4313001</misses>
				<total>23</total>
				<timestamp>1335.694371</timestamp>
			</report>
			<report>
				<misses>4314001</misses>
				<total>23</total>
				<timestamp>1336.004108</timestamp>
			</report>
			<report>
				<misses>4315001</misses>
				<total>23</total>
				<timestamp>1336.313805</timestamp>
			</report>
			<report>
				<misses>4316001</misses>
				<total>23</total>
				<timestamp>1336.623484</timestamp>
			</report>
			<report>
				<misses>4317001</misses>
				<total>23</total>
				<timestamp>1336.933172</timestamp>
			</report>
			<report>
				<misses>4318001</misses>
				<total>23</total>
				<timestamp>1337.242830</timestamp>
			</report>
			<report>
				<misses>4319001</misses>
				<total>23</total>
				<timestamp>1337.552580</timestamp>
			</report>
			<report>
				<misses>4320001</misses>
				<total>23</total>
				<timestamp>1337.862211</timestamp>
			</report>
			<report>
				<misses>4321001</misses>
				<total>23</total>
				<timestamp>1338.171937</timestamp>
			</report>
			<report>
				<misses>4322001</misses>
				<total>23</total>
				<timestamp>1338.481609</timestamp>
			</report>
			<report>
				<misses>4323001</misses>
				<total>23</total>
				<timestamp>1338.791310</timestamp>
			</report>
			<report>
				<misses>4324001</misses>
				<total>23</total>
				<timestamp>1339.100990</timestamp>
			</report>
			<report>
				<misses>4325001</misses>
				<total>23</total>
				<timestamp>1339.410655</timestamp>
			</report>
			<report>
				<misses>4326001</misses>
				<total>23</total>
				<timestamp>1339.720352</timestamp>
			</report>
			<report>
				<misses>4327001</misses>
				<total>23</total>
				<timestamp>1340.030058</timestamp>
			</report>
			<report>
				<misses>4328001</misses>
				<total>23</total>
				<timestamp>1340.339730</timestamp>
			</report>
			<report>
				<misses>4329001</misses>
				<total>23</total>
				<timestamp>1340.649462</timestamp>
			</report>
			<report>
				<misses>4330001</misses>
				<total>23</total>
				<timestamp>1340.959115</timestamp>
			</report>
			<report>
				<misses>4331001</misses>
				<total>23</total>
				<timestamp>1341.268808</timestamp>
			</report>
			<report>
				<misses>4332001</misses>
				<total>23</total>
				<timestamp>1341.578504</timestamp>
			</report>
			<report>
				<misses>4333001</misses>
				<total>23</total>
				<timestamp>1341.888192</timestamp>
			</report>
			<report>
				<misses>4334001</misses>
				<total>23</total>
				<timestamp>1342.197867</timestamp>
			</report>
			<report>
				<misses>4335001</misses>
				<total>23</total>
				<timestamp>1342.507567</timestamp>
			</report>
			<report>
				<misses>4336001</misses>
				<total>23</total>
				<timestamp>1342.817314</timestamp>
			</report>
			<report>
				<misses>4337001</misses>
				<total>23</total>
				<timestamp>1343.126995</timestamp>
			</report>
			<report>
				<misses>4338001</misses>
				<total>23</total>
				<timestamp>1343.436631</timestamp>
			</report>
			<report>
				<misses>4339001</misses>
				<total>23</total>
				<timestamp>1343.746338</timestamp>
			</report>
			<report>
				<misses>4340001</misses>
				<total>23</total>
				<timestamp>1344.056012</timestamp>
			</report>
			<report>
				<misses>4341001</misses>
				<total>23</total>
				<timestamp>1344.365694</timestamp>
			</report>
			<report>
				<misses>4342001</misses>
				<total>23</total>
				<timestamp>1344.675448</timestamp>
			</report>
			<report>
				<misses>4343001</misses>
				<total>23</total>
				<timestamp>1344.985129</timestamp>
			</report>
			<report>
				<misses>4344001</misses>
				<total>23</total>
				<timestamp>1345.294793</timestamp>
			</report>
			<report>
				<misses>4345001</misses>
				<total>23</total>
				<timestamp>1345.604476</timestamp>
			</report>
			<report>
				<misses>4346001</misses>
				<total>23</total>
				<timestamp>1345.914173</timestamp>
			</report>
			<report>
				<misses>4347001</misses>
				<total>23</total>
				<timestamp>1346.223844</timestamp>
			</report>
			<report>
				<misses>4348001</misses>
				<total>23</total>
				<timestamp>1346.533550</timestamp>
			</report>
			<report>
				<misses>4349001</misses>
				<total>23</total>
				<timestamp>1346.843250</timestamp>
			</report>
			<report>
				<misses>4350001</misses>
				<total>23</total>
				<timestamp>1347.152914</timestamp>
			</report>
			<report>
				<misses>4351001</misses>
				<total>23</total>
				<timestamp>1347.462604</timestamp>
			</report>
			<report>
				<misses>4352001</misses>
				<total>23</total>
				<timestamp>1347.772308</timestamp>
			</report>
			<report>
				<misses>4353001</misses>
				<total>23</total>
				<timestamp>1348.081988</timestamp>
			</report>
			<report>
				<misses>4354001</misses>
				<total>23</total>
				<timestamp>1348.391666</timestamp>
			</report>
			<report>
				<misses>4355001</misses>
				<total>23</total>
				<timestamp>1348.701450</timestamp>
			</report>
			<report>
				<misses>4356001</misses>
				<total>23</total>
				<timestamp>1349.011046</timestamp>
			</report>
			<report>
				<misses>4357001</misses>
				<total>23</total>
				<timestamp>1349.320753</timestamp>
			</report>
			<report>
				<misses>4358001</misses>
				<total>23</total>
				<timestamp>1349.630459</timestamp>
			</report>
			<report>
				<misses>4359001</misses>
				<total>23</total>
				<timestamp>1349.940121</timestamp>
			</report>
			<report>
				<misses>4360001</misses>
				<total>23</total>
				<timestamp>1350.249809</timestamp>
			</report>
			<report>
				<misses>4361001</misses>
				<total>23</total>
				<timestamp>1350.559515</timestamp>
			</report>
			<report>
				<misses>4362001</misses>
				<total>23</total>
				<timestamp>1350.869257</timestamp>
			</report>
			<report>
				<misses>4363001</misses>
				<total>23</total>
				<timestamp>1351.178884</timestamp>
			</report>
			<report>
				<misses>4364001</misses>
				<total>23</total>
				<timestamp>1351.488596</timestamp>
			</report>
			<report>
				<misses>4365001</misses>
				<total>23</total>
				<timestamp>1351.798274</timestamp>
			</report>
			<report>
				<misses>4366001</misses>
				<total>23</total>
				<timestamp>1352.107945</timestamp>
			</report>
			<report>
				<misses>4367001</misses>
				<total>23</total>
				<timestamp>1352.417651</timestamp>
			</report>
			<report>
				<misses>4368001</misses>
				<total>23</total>
				<timestamp>1352.727361</timestamp>
			</report>
			<report>
				<misses>4369001</misses>
				<total>23</total>
				<timestamp>1353.037036</timestamp>
			</report>
			<report>
				<misses>4370001</misses>
				<total>23</total>
				<timestamp>1353.346747</timestamp>
			</report>
			<report>
				<misses>4371001</misses>
				<total>23</total>
				<timestamp>1353.656390</timestamp>
			</report>
			<report>
				<misses>4372001</misses>
				<total>23</total>
				<timestamp>1353.966146</timestamp>
			</report>
			<report>
				<misses>4373001</misses>
				<total>23</total>
				<timestamp>1354.275783</timestamp>
			</report>
			<report>
				<misses>4374001</misses>
				<total>23</total>
				<timestamp>1354.585479</timestamp>
			</report>
			<report>
				<misses>4375001</misses>
				<total>23</total>
				<timestamp>1354.895169</timestamp>
			</report>
			<report>
				<misses>4376001</misses>
				<total>23</total>
				<timestamp>1355.204862</timestamp>
			</report>
			<report>
				<misses>4377001</misses>
				<total>23</total>
				<timestamp>1355.514552</timestamp>
			</report>
			<report>
				<misses>4378001</misses>
				<total>23</total>
				<timestamp>1355.824257</timestamp>
			</report>
			<report>
				<misses>4379001</misses>
				<total>23</total>
				<timestamp>1356.133967</timestamp>
			</report>
			<report>
				<misses>4380001</misses>
				<total>23</total>
				<timestamp>1356.443634</timestamp>
			</report>
			<report>
				<misses>4381001</misses>
				<total>23</total>
				<timestamp>1356.753307</timestamp>
			</report>
			<report>
				<misses>4382001</misses>
				<total>23</total>
				<timestamp>1357.062985</timestamp>
			</report>
			<report>
				<misses>4383001</misses>
				<total>23</total>
				<timestamp>1357.372688</timestamp>
			</report>
			<report>
				<misses>4384001</misses>
				<total>23</total>
				<timestamp>1357.682388</timestamp>
			</report>
			<report>
				<misses>4385001</misses>
				<total>23</total>
				<timestamp>1357.992093</timestamp>
			</report>
			<report>
				<misses>4386001</misses>
				<total>23</total>
				<timestamp>1358.301740</timestamp>
			</report>
			<report>
				<misses>4387001</misses>
				<total>23</total>
				<timestamp>1358.611452</timestamp>
			</report>
			<report>
				<misses>4388001</misses>
				<total>23</total>
				<timestamp>1358.921179</timestamp>
			</report>
			<report>
				<misses>4389001</misses>
				<total>23</total>
				<timestamp>1359.230822</timestamp>
			</report>
			<report>
				<misses>4390001</misses>
				<total>23</total>
				<timestamp>1359.540538</timestamp>
			</report>
			<report>
				<misses>4391001</misses>
				<total>23</total>
				<timestamp>1359.850247</timestamp>
			</report>
			<report>
				<misses>4392001</misses>
				<total>23</total>
				<timestamp>1360.159900</timestamp>
			</report>
			<report>
				<misses>4393001</misses>
				<total>23</total>
				<timestamp>1360.469581</timestamp>
			</report>
			<report>
				<misses>4394001</misses>
				<total>23</total>
				<timestamp>1360.779298</timestamp>
			</report>
			<report>
				<misses>4395001</misses>
				<total>23</total>
				<timestamp>1361.088963</timestamp>
			</report>
			<report>
				<misses>4396001</misses>
				<total>23</total>
				<timestamp>1361.398669</timestamp>
			</report>
			<report>
				<misses>4397001</misses>
				<total>23</total>
				<timestamp>1361.708394</timestamp>
			</report>
			<report>
				<misses>4398001</misses>
				<total>23</total>
				<timestamp>1362.018026</timestamp>
			</report>
			<report>
				<misses>4399001</misses>
				<total>23</total>
				<timestamp>1362.327702</timestamp>
			</report>
			<report>
				<misses>4400001</misses>
				<total>23</total>
				<timestamp>1362.637479</timestamp>
			</report>
			<report>
				<misses>4401001</misses>
				<total>23</total>
				<timestamp>1362.947100</timestamp>
			</report>
			<report>
				<misses>4402001</misses>
				<total>23</total>
				<timestamp>1363.256826</timestamp>
			</report>
			<report>
				<misses>4403001</misses>
				<total>23</total>
				<timestamp>1363.566484</timestamp>
			</report>
			<report>
				<misses>4404001</misses>
				<total>23</total>
				<timestamp>1363.876210</timestamp>
			</report>
			<report>
				<misses>4405001</misses>
				<total>23</total>
				<timestamp>1364.185879</timestamp>
			</report>
			<report>
				<misses>4406001</misses>
				<total>23</total>
				<timestamp>1364.495562</timestamp>
			</report>
			<report>
				<misses>4407001</misses>
				<total>23</total>
				<timestamp>1364.805329</timestamp>
			</report>
			<report>
				<misses>4408001</misses>
				<total>23</total>
				<timestamp>1365.114956</timestamp>
			</report>
			<report>
				<misses>4409001</misses>
				<total>23</total>
				<timestamp>1365.424621</timestamp>
			</report>
			<report>
				<misses>4410001</misses>
				<total>23</total>
				<timestamp>1365.734314</timestamp>
			</report>
			<report>
				<misses>4411001</misses>
				<total>23</total>
				<timestamp>1366.043999</timestamp>
			</report>
			<report>
				<misses>4412001</misses>
				<total>23</total>
				<timestamp>1366.353705</timestamp>
			</report>
			<report>
				<misses>4413001</misses>
				<total>23</total>
				<timestamp>1366.663370</timestamp>
			</report>
			<report>
				<misses>4414001</misses>
				<total>23</total>
				<timestamp>1366.973068</timestamp>
			</report>
			<report>
				<misses>4415001</misses>
				<total>23</total>
				<timestamp>1367.282761</timestamp>
			</report>
			<report>
				<misses>4416001</misses>
				<total>23</total>
				<timestamp>1367.592450</timestamp>
			</report>
			<report>
				<misses>4417001</misses>
				<total>23</total>
				<timestamp>1367.902183</timestamp>
			</report>
			<report>
				<misses>4418001</misses>
				<total>23</total>
				<timestamp>1368.211846</timestamp>
			</report>
			<report>
				<misses>4419001</misses>
				<total>23</total>
				<timestamp>1368.521527</timestamp>
			</report>
			<report>
				<misses>4420001</misses>
				<total>23</total>
				<timestamp>1368.831200</timestamp>
			</report>
			<report>
				<misses>4421001</misses>
				<total>23</total>
				<timestamp>1369.140904</timestamp>
			</report>
			<report>
				<misses>4422001</misses>
				<total>23</total>
				<timestamp>1369.450644</timestamp>
			</report>
			<report>
				<misses>4423001</misses>
				<total>23</total>
				<timestamp>1369.760293</timestamp>
			</report>
			<report>
				<misses>4424001</misses>
				<total>23</total>
				<timestamp>1370.069978</timestamp>
			</report>
			<report>
				<misses>4425001</misses>
				<total>23</total>
				<timestamp>1370.379682</timestamp>
			</report>
			<report>
				<misses>4426001</misses>
				<total>23</total>
				<timestamp>1370.689355</timestamp>
			</report>
			<report>
				<misses>4427001</misses>
				<total>23</total>
				<timestamp>1370.999074</timestamp>
			</report>
			<report>
				<misses>4428001</misses>
				<total>23</total>
				<timestamp>1371.308790</timestamp>
			</report>
			<report>
				<misses>4429001</misses>
				<total>23</total>
				<timestamp>1371.618428</timestamp>
			</report>
			<report>
				<misses>4430001</misses>
				<total>23</total>
				<timestamp>1371.928122</timestamp>
			</report>
			<report>
				<misses>4431001</misses>
				<total>23</total>
				<timestamp>1372.237826</timestamp>
			</report>
			<report>
				<misses>4432001</misses>
				<total>23</total>
				<timestamp>1372.547510</timestamp>
			</report>
			<report>
				<misses>4433001</misses>
				<total>23</total>
				<timestamp>1372.857205</timestamp>
			</report>
			<report>
				<misses>4434001</misses>
				<total>23</total>
				<timestamp>1373.166896</timestamp>
			</report>
			<report>
				<misses>4435001</misses>
				<total>23</total>
				<timestamp>1373.476561</timestamp>
			</report>
			<report>
				<misses>4436001</misses>
				<total>23</total>
				<timestamp>1373.786297</timestamp>
			</report>
			<report>
				<misses>4437001</misses>
				<total>23</total>
				<timestamp>1374.095985</timestamp>
			</report>
			<report>
				<misses>4438001</misses>
				<total>23</total>
				<timestamp>1374.405658</timestamp>
			</report>
			<report>
				<misses>4439001</misses>
				<total>23</total>
				<timestamp>1374.715336</timestamp>
			</report>
			<report>
				<misses>4440001</misses>
				<total>23</total>
				<timestamp>1375.025053</timestamp>
			</report>
			<report>
				<misses>4441001</misses>
				<total>23</total>
				<timestamp>1375.334723</timestamp>
			</report>
			<report>
				<misses>4442001</misses>
				<total>23</total>
				<timestamp>1375.644400</timestamp>
			</report>
			<report>
				<misses>4443001</misses>
				<total>23</total>
				<timestamp>1375.954131</timestamp>
			</report>
			<report>
				<misses>4444001</misses>
				<total>23</total>
				<timestamp>1376.263773</timestamp>
			</report>
			<report>
				<misses>4445001</misses>
				<total>23</total>
				<timestamp>1376.573479</timestamp>
			</report>
			<report>
				<misses>4446001</misses>
				<total>23</total>
				<timestamp>1376.883166</timestamp>
			</report>
			<report>
				<misses>4447001</misses>
				<total>23</total>
				<timestamp>1377.192869</timestamp>
			</report>
			<report>
				<misses>4448001</misses>
				<total>23</total>
				<timestamp>1377.502536</timestamp>
			</report>
			<report>
				<misses>4449001</misses>
				<total>23</total>
				<timestamp>1377.812263</timestamp>
			</report>
			<report>
				<misses>4450001</misses>
				<total>23</total>
				<timestamp>1378.121904</timestamp>
			</report>
			<report>
				<misses>4451001</misses>
				<total>23</total>
				<timestamp>1378.431596</timestamp>
			</report>
			<report>
				<misses>4452001</misses>
				<total>23</total>
				<timestamp>1378.741306</timestamp>
			</report>
			<report>
				<misses>4453001</misses>
				<total>23</total>
				<timestamp>1379.051004</timestamp>
			</report>
			<report>
				<misses>4454001</misses>
				<total>23</total>
				<timestamp>1379.360655</timestamp>
			</report>
			<report>
				<misses>4455001</misses>
				<total>23</total>
				<timestamp>1379.670355</timestamp>
			</report>
			<report>
				<misses>4456001</misses>
				<total>23</total>
				<timestamp>1379.980132</timestamp>
			</report>
			<report>
				<misses>4457001</misses>
				<total>23</total>
				<timestamp>1380.289735</timestamp>
			</report>
			<report>
				<misses>4458001</misses>
				<total>25</total>
				<timestamp>1380.599416</timestamp>
			</report>
			<report>
				<misses>4459001</misses>
				<total>25</total>
				<timestamp>1380.909165</timestamp>
			</report>
			<report>
				<misses>4460001</misses>
				<total>25</total>
				<timestamp>1381.218810</timestamp>
			</report>
			<report>
				<misses>4461001</misses>
				<total>25</total>
				<timestamp>1381.528515</timestamp>
			</report>
			<report>
				<misses>4462001</misses>
				<total>25</total>
				<timestamp>1381.838260</timestamp>
			</report>
			<report>
				<misses>4463001</misses>
				<total>25</total>
				<timestamp>1382.147896</timestamp>
			</report>
			<report>
				<misses>4464001</misses>
				<total>25</total>
				<timestamp>1382.457587</timestamp>
			</report>
			<report>
				<misses>4465001</misses>
				<total>25</total>
				<timestamp>1382.767283</timestamp>
			</report>
			<report>
				<misses>4466001</misses>
				<total>25</total>
				<timestamp>1383.076983</timestamp>
			</report>
			<report>
				<misses>4467001</misses>
				<total>25</total>
				<timestamp>1383.386664</timestamp>
			</report>
			<report>
				<misses>4468001</misses>
				<total>25</total>
				<timestamp>1383.696330</timestamp>
			</report>
			<report>
				<misses>4469001</misses>
				<total>25</total>
				<timestamp>1384.006038</timestamp>
			</report>
			<report>
				<misses>4470001</misses>
				<total>25</total>
				<timestamp>1384.315748</timestamp>
			</report>
			<report>
				<misses>4471001</misses>
				<total>25</total>
				<timestamp>1384.625417</timestamp>
			</report>
			<report>
				<misses>4472001</misses>
				<total>25</total>
				<timestamp>1384.935184</timestamp>
			</report>
			<report>
				<misses>4473001</misses>
				<total>25</total>
				<timestamp>1385.244823</timestamp>
			</report>
			<report>
				<misses>4474001</misses>
				<total>25</total>
				<timestamp>1385.554507</timestamp>
			</report>
			<report>
				<misses>4475001</misses>
				<total>25</total>
				<timestamp>1385.864175</timestamp>
			</report>
			<report>
				<misses>4476001</misses>
				<total>25</total>
				<timestamp>1386.173850</timestamp>
			</report>
			<report>
				<misses>4477001</misses>
				<total>25</total>
				<timestamp>1386.483546</timestamp>
			</report>
			<report>
				<misses>4478001</misses>
				<total>25</total>
				<timestamp>1386.793236</timestamp>
			</report>
			<report>
				<misses>4479001</misses>
				<total>25</total>
				<timestamp>1387.102937</timestamp>
			</report>
			<report>
				<misses>4480001</misses>
				<total>25</total>
				<timestamp>1387.412647</timestamp>
			</report>
			<report>
				<misses>4481001</misses>
				<total>25</total>
				<timestamp>1387.722305</timestamp>
			</report>
			<report>
				<misses>4482001</misses>
				<total>25</total>
				<timestamp>1388.032006</timestamp>
			</report>
			<report>
				<misses>4483001</misses>
				<total>25</total>
				<timestamp>1388.341697</timestamp>
			</report>
			<report>
				<misses>4484001</misses>
				<total>25</total>
				<timestamp>1388.651370</timestamp>
			</report>
			<report>
				<misses>4485001</misses>
				<total>25</total>
				<timestamp>1388.961063</timestamp>
			</report>
			<report>
				<misses>4486001</misses>
				<total>25</total>
				<timestamp>1389.270766</timestamp>
			</report>
			<report>
				<misses>4487001</misses>
				<total>25</total>
				<timestamp>1389.580443</timestamp>
			</report>
			<report>
				<misses>4488001</misses>
				<total>25</total>
				<timestamp>1389.890162</timestamp>
			</report>
			<report>
				<misses>4489001</misses>
				<total>25</total>
				<timestamp>1390.199841</timestamp>
			</report>
			<report>
				<misses>4490001</misses>
				<total>25</total>
				<timestamp>1390.509510</timestamp>
			</report>
			<report>
				<misses>4491001</misses>
				<total>25</total>
				<timestamp>1390.819208</timestamp>
			</report>
			<report>
				<misses>4492001</misses>
				<total>25</total>
				<timestamp>1391.128882</timestamp>
			</report>
			<report>
				<misses>4493001</misses>
				<total>25</total>
				<timestamp>1391.438601</timestamp>
			</report>
			<report>
				<misses>4494001</misses>
				<total>25</total>
				<timestamp>1391.748264</timestamp>
			</report>
			<report>
				<misses>4495001</misses>
				<total>25</total>
				<timestamp>1392.058018</timestamp>
			</report>
			<report>
				<misses>4496001</misses>
				<total>25</total>
				<timestamp>1392.367648</timestamp>
			</report>
			<report>
				<misses>4497001</misses>
				<total>25</total>
				<timestamp>1392.677363</timestamp>
			</report>
			<report>
				<misses>4498001</misses>
				<total>25</total>
				<timestamp>1392.987086</timestamp>
			</report>
			<report>
				<misses>4499001</misses>
				<total>25</total>
				<timestamp>1393.296726</timestamp>
			</report>
			<report>
				<misses>4500001</misses>
				<total>25</total>
				<timestamp>1393.606418</timestamp>
			</report>
			<report>
				<misses>4501001</misses>
				<total>25</total>
				<timestamp>1393.916151</timestamp>
			</report>
			<report>
				<misses>4502001</misses>
				<total>25</total>
				<timestamp>1394.225804</timestamp>
			</report>
			<report>
				<misses>4503001</misses>
				<total>25</total>
				<timestamp>1394.535502</timestamp>
			</report>
			<report>
				<misses>4504001</misses>
				<total>25</total>
				<timestamp>1394.845204</timestamp>
			</report>
			<report>
				<misses>4505001</misses>
				<total>25</total>
				<timestamp>1395.154880</timestamp>
			</report>
			<report>
				<misses>4506001</misses>
				<total>25</total>
				<timestamp>1395.464574</timestamp>
			</report>
			<report>
				<misses>4507001</misses>
				<total>25</total>
				<timestamp>1395.774236</timestamp>
			</report>
			<report>
				<misses>4508001</misses>
				<total>25</total>
				<timestamp>1396.084008</timestamp>
			</report>
			<report>
				<misses>4509001</misses>
				<total>25</total>
				<timestamp>1396.393620</timestamp>
			</report>
			<report>
				<misses>4510001</misses>
				<total>25</total>
				<timestamp>1396.703313</timestamp>
			</report>
			<report>
				<misses>4511001</misses>
				<total>25</total>
				<timestamp>1397.013018</timestamp>
			</report>
			<report>
				<misses>4512001</misses>
				<total>25</total>
				<timestamp>1397.322733</timestamp>
			</report>
			<report>
				<misses>4513001</misses>
				<total>25</total>
				<timestamp>1397.632387</timestamp>
			</report>
			<report>
				<misses>4514001</misses>
				<total>25</total>
				<timestamp>1397.942115</timestamp>
			</report>
			<report>
				<misses>4515001</misses>
				<total>25</total>
				<timestamp>1398.251812</timestamp>
			</report>
			<report>
				<misses>4516001</misses>
				<total>25</total>
				<timestamp>1398.561471</timestamp>
			</report>
			<report>
				<misses>4517001</misses>
				<total>25</total>
				<timestamp>1398.871139</timestamp>
			</report>
			<report>
				<misses>4518001</misses>
				<total>25</total>
				<timestamp>1399.180849</timestamp>
			</report>
			<report>
				<misses>4519001</misses>
				<total>25</total>
				<timestamp>1399.490531</timestamp>
			</report>
			<report>
				<misses>4520001</misses>
				<total>25</total>
				<timestamp>1399.800217</timestamp>
			</report>
			<report>
				<misses>4521001</misses>
				<total>25</total>
				<timestamp>1400.109924</timestamp>
			</report>
			<report>
				<misses>4522001</misses>
				<total>25</total>
				<timestamp>1400.419625</timestamp>
			</report>
			<report>
				<misses>4523001</misses>
				<total>25</total>
				<timestamp>1400.729289</timestamp>
			</report>
			<report>
				<misses>4524001</misses>
				<total>25</total>
				<timestamp>1401.038995</timestamp>
			</report>
			<report>
				<misses>4525001</misses>
				<total>25</total>
				<timestamp>1401.348654</timestamp>
			</report>
			<report>
				<misses>4526001</misses>
				<total>25</total>
				<timestamp>1401.658353</timestamp>
			</report>
			<report>
				<misses>4527001</misses>
				<total>25</total>
				<timestamp>1401.968087</timestamp>
			</report>
			<report>
				<misses>4528001</misses>
				<total>25</total>
				<timestamp>1402.277751</timestamp>
			</report>
			<report>
				<misses>4529001</misses>
				<total>25</total>
				<timestamp>1402.587433</timestamp>
			</report>
			<report>
				<misses>4530001</misses>
				<total>25</total>
				<timestamp>1402.897120</timestamp>
			</report>
			<report>
				<misses>4531001</misses>
				<total>25</total>
				<timestamp>1403.206836</timestamp>
			</report>
			<report>
				<misses>4532001</misses>
				<total>25</total>
				<timestamp>1403.516516</timestamp>
			</report>
			<report>
				<misses>4533001</misses>
				<total>25</total>
				<timestamp>1403.826203</timestamp>
			</report>
			<report>
				<misses>4534001</misses>
				<total>25</total>
				<timestamp>1404.135949</timestamp>
			</report>
			<report>
				<misses>4535001</misses>
				<total>25</total>
				<timestamp>1404.445554</timestamp>
			</report>
			<report>
				<misses>4536001</misses>
				<total>25</total>
				<timestamp>1404.755244</timestamp>
			</report>
			<report>
				<misses>4537001</misses>
				<total>25</total>
				<timestamp>1405.064966</timestamp>
			</report>
			<report>
				<misses>4538001</misses>
				<total>25</total>
				<timestamp>1405.374663</timestamp>
			</report>
			<report>
				<misses>4539001</misses>
				<total>25</total>
				<timestamp>1405.684368</timestamp>
			</report>
			<report>
				<misses>4540001</misses>
				<total>25</total>
				<timestamp>1405.994028</timestamp>
			</report>
			<report>
				<misses>4541001</misses>
				<total>25</total>
				<timestamp>1406.303734</timestamp>
			</report>
			<report>
				<misses>4542001</misses>
				<total>25</total>
				<timestamp>1406.613390</timestamp>
			</report>
			<report>
				<misses>4543001</misses>
				<total>25</total>
				<timestamp>1406.923075</timestamp>
			</report>
			<report>
				<misses>4544001</misses>
				<total>25</total>
				<timestamp>1407.232770</timestamp>
			</report>
			<report>
				<misses>4545001</misses>
				<total>25</total>
				<timestamp>1407.542489</timestamp>
			</report>
			<report>
				<misses>4546001</misses>
				<total>25</total>
				<timestamp>1407.852171</timestamp>
			</report>
			<report>
				<misses>4547001</misses>
				<total>25</total>
				<timestamp>1408.161880</timestamp>
			</report>
			<report>
				<misses>4548001</misses>
				<total>25</total>
				<timestamp>1408.471543</timestamp>
			</report>
			<report>
				<misses>4549001</misses>
				<total>25</total>
				<timestamp>1408.781228</timestamp>
			</report>
			<report>
				<misses>4550001</misses>
				<total>25</total>
				<timestamp>1409.090923</timestamp>
			</report>
			<report>
				<misses>4551001</misses>
				<total>25</total>
				<timestamp>1409.400644</timestamp>
			</report>
			<report>
				<misses>4552001</misses>
				<total>25</total>
				<timestamp>1409.710314</timestamp>
			</report>
			<report>
				<misses>4553001</misses>
				<total>25</total>
				<timestamp>1410.019990</timestamp>
			</report>
			<report>
				<misses>4554001</misses>
				<total>25</total>
				<timestamp>1410.329669</timestamp>
			</report>
			<report>
				<misses>4555001</misses>
				<total>25</total>
				<timestamp>1410.639372</timestamp>
			</report>
			<report>
				<misses>4556001</misses>
				<total>25</total>
				<timestamp>1410.949065</timestamp>
			</report>
			<report>
				<misses>4557001</misses>
				<total>25</total>
				<timestamp>1411.258747</timestamp>
			</report>
			<report>
				<misses>4558001</misses>
				<total>25</total>
				<timestamp>1411.568489</timestamp>
			</report>
			<report>
				<misses>4559001</misses>
				<total>25</total>
				<timestamp>1411.878174</timestamp>
			</report>
			<report>
				<misses>4560001</misses>
				<total>25</total>
				<timestamp>1412.187820</timestamp>
			</report>
			<report>
				<misses>4561001</misses>
				<total>25</total>
				<timestamp>1412.497501</timestamp>
			</report>
			<report>
				<misses>4562001</misses>
				<total>25</total>
				<timestamp>1412.807235</timestamp>
			</report>
			<report>
				<misses>4563001</misses>
				<total>25</total>
				<timestamp>1413.116946</timestamp>
			</report>
			<report>
				<misses>4564001</misses>
				<total>25</total>
				<timestamp>1413.426578</timestamp>
			</report>
			<report>
				<misses>4565001</misses>
				<total>26</total>
				<timestamp>1413.736263</timestamp>
			</report>
			<report>
				<misses>4566001</misses>
				<total>26</total>
				<timestamp>1414.045964</timestamp>
			</report>
			<report>
				<misses>4567001</misses>
				<total>26</total>
				<timestamp>1414.355678</timestamp>
			</report>
			<report>
				<misses>4568001</misses>
				<total>26</total>
				<timestamp>1414.665360</timestamp>
			</report>
			<report>
				<misses>4569001</misses>
				<total>26</total>
				<timestamp>1414.975031</timestamp>
			</report>
			<report>
				<misses>4570001</misses>
				<total>26</total>
				<timestamp>1415.284750</timestamp>
			</report>
			<report>
				<misses>4571001</misses>
				<total>26</total>
				<timestamp>1415.594398</timestamp>
			</report>
			<report>
				<misses>4572001</misses>
				<total>26</total>
				<timestamp>1415.904100</timestamp>
			</report>
			<report>
				<misses>4573001</misses>
				<total>26</total>
				<timestamp>1416.213872</timestamp>
			</report>
			<report>
				<misses>4574001</misses>
				<total>26</total>
				<timestamp>1416.523484</timestamp>
			</report>
			<report>
				<misses>4575001</misses>
				<total>26</total>
				<timestamp>1416.833171</timestamp>
			</report>
			<report>
				<misses>4576001</misses>
				<total>26</total>
				<timestamp>1417.142863</timestamp>
			</report>
			<report>
				<misses>4577001</misses>
				<total>26</total>
				<timestamp>1417.452556</timestamp>
			</report>
			<report>
				<misses>4578001</misses>
				<total>26</total>
				<timestamp>1417.762245</timestamp>
			</report>
			<report>
				<misses>4579001</misses>
				<total>26</total>
				<timestamp>1418.071954</timestamp>
			</report>
			<report>
				<misses>4580001</misses>
				<total>26</total>
				<timestamp>1418.381649</timestamp>
			</report>
			<report>
				<misses>4581001</misses>
				<total>26</total>
				<timestamp>1418.691304</timestamp>
			</report>
			<report>
				<misses>4582001</misses>
				<total>26</total>
				<timestamp>1419.000998</timestamp>
			</report>
			<report>
				<misses>4583001</misses>
				<total>26</total>
				<timestamp>1419.310723</timestamp>
			</report>
			<report>
				<misses>4584001</misses>
				<total>26</total>
				<timestamp>1419.620382</timestamp>
			</report>
			<report>
				<misses>4585001</misses>
				<total>26</total>
				<timestamp>1419.930067</timestamp>
			</report>
			<report>
				<misses>4586001</misses>
				<total>26</total>
				<timestamp>1420.239849</timestamp>
			</report>
			<report>
				<misses>4587001</misses>
				<total>26</total>
				<timestamp>1420.549458</timestamp>
			</report>
			<report>
				<misses>4588001</misses>
				<total>26</total>
				<timestamp>1420.859123</timestamp>
			</report>
			<report>
				<misses>4589001</misses>
				<total>26</total>
				<timestamp>1421.168875</timestamp>
			</report>
			<report>
				<misses>4590001</misses>
				<total>26</total>
				<timestamp>1421.478555</timestamp>
			</report>
			<report>
				<misses>4591001</misses>
				<total>26</total>
				<timestamp>1421.788207</timestamp>
			</report>
			<report>
				<misses>4592001</misses>
				<total>26</total>
				<timestamp>1422.097962</timestamp>
			</report>
			<report>
				<misses>4593001</misses>
				<total>26</total>
				<timestamp>1422.407613</timestamp>
			</report>
			<report>
				<misses>4594001</misses>
				<total>26</total>
				<timestamp>1422.717281</timestamp>
			</report>
			<report>
				<misses>4595001</misses>
				<total>26</total>
				<timestamp>1423.026976</timestamp>
			</report>
			<report>
				<misses>4596001</misses>
				<total>26</total>
				<timestamp>1423.336687</timestamp>
			</report>
			<report>
				<misses>4597001</misses>
				<total>26</total>
				<timestamp>1423.646356</timestamp>
			</report>
			<report>
				<misses>4598001</misses>
				<total>26</total>
				<timestamp>1423.956049</timestamp>
			</report>
			<report>
				<misses>4599001</misses>
				<total>26</total>
				<timestamp>1424.265740</timestamp>
			</report>
			<report>
				<misses>4600001</misses>
				<total>26</total>
				<timestamp>1424.575406</timestamp>
			</report>
			<report>
				<misses>4601001</misses>
				<total>26</total>
				<timestamp>1424.885086</timestamp>
			</report>
			<report>
				<misses>4602001</misses>
				<total>26</total>
				<timestamp>1425.194837</timestamp>
			</report>
			<report>
				<misses>4603001</misses>
				<total>26</total>
				<timestamp>1425.504488</timestamp>
			</report>
			<report>
				<misses>4604001</misses>
				<total>26</total>
				<timestamp>1425.814159</timestamp>
			</report>
			<report>
				<misses>4605001</misses>
				<total>26</total>
				<timestamp>1426.123909</timestamp>
			</report>
			<report>
				<misses>4606001</misses>
				<total>26</total>
				<timestamp>1426.433584</timestamp>
			</report>
			<report>
				<misses>4607001</misses>
				<total>26</total>
				<timestamp>1426.743240</timestamp>
			</report>
			<report>
				<misses>4608001</misses>
				<total>26</total>
				<timestamp>1427.052937</timestamp>
			</report>
			<report>
				<misses>4609001</misses>
				<total>26</total>
				<timestamp>1427.362623</timestamp>
			</report>
			<report>
				<misses>4610001</misses>
				<total>26</total>
				<timestamp>1427.672334</timestamp>
			</report>
			<report>
				<misses>4611001</misses>
				<total>26</total>
				<timestamp>1427.982020</timestamp>
			</report>
			<report>
				<misses>4612001</misses>
				<total>26</total>
				<timestamp>1428.291767</timestamp>
			</report>
			<report>
				<misses>4613001</misses>
				<total>26</total>
				<timestamp>1428.601365</timestamp>
			</report>
			<report>
				<misses>4614001</misses>
				<total>26</total>
				<timestamp>1428.911066</timestamp>
			</report>
			<report>
				<misses>4615001</misses>
				<total>26</total>
				<timestamp>1429.220800</timestamp>
			</report>
			<report>
				<misses>4616001</misses>
				<total>26</total>
				<timestamp>1429.530457</timestamp>
			</report>
			<report>
				<misses>4617001</misses>
				<total>26</total>
				<timestamp>1429.840126</timestamp>
			</report>
			<report>
				<misses>4618001</misses>
				<total>26</total>
				<timestamp>1430.149862</timestamp>
			</report>
			<report>
				<misses>4619001</misses>
				<total>26</total>
				<timestamp>1430.459522</timestamp>
			</report>
			<report>
				<misses>4620001</misses>
				<total>26</total>
				<timestamp>1430.769200</timestamp>
			</report>
			<report>
				<misses>4621001</misses>
				<total>26</total>
				<timestamp>1431.078928</timestamp>
			</report>
			<report>
				<misses>4622001</misses>
				<total>26</total>
				<timestamp>1431.388601</timestamp>
			</report>
			<report>
				<misses>4623001</misses>
				<total>26</total>
				<timestamp>1431.698281</timestamp>
			</report>
			<report>
				<misses>4624001</misses>
				<total>26</total>
				<timestamp>1432.007963</timestamp>
			</report>
			<report>
				<misses>4625001</misses>
				<total>26</total>
				<timestamp>1432.317662</timestamp>
			</report>
			<report>
				<misses>4626001</misses>
				<total>26</total>
				<timestamp>1432.627368</timestamp>
			</report>
			<report>
				<misses>4627001</misses>
				<total>26</total>
				<timestamp>1432.937043</timestamp>
			</report>
			<report>
				<misses>4628001</misses>
				<total>26</total>
				<timestamp>1433.246782</timestamp>
			</report>
			<report>
				<misses>4629001</misses>
				<total>26</total>
				<timestamp>1433.556410</timestamp>
			</report>
			<report>
				<misses>4630001</misses>
				<total>26</total>
				<timestamp>1433.866096</timestamp>
			</report>
			<report>
				<misses>4631001</misses>
				<total>26</total>
				<timestamp>1434.175862</timestamp>
			</report>
			<report>
				<misses>4632001</misses>
				<total>26</total>
				<timestamp>1434.485523</timestamp>
			</report>
			<report>
				<misses>4633001</misses>
				<total>26</total>
				<timestamp>1434.795250</timestamp>
			</report>
			<report>
				<misses>4634001</misses>
				<total>26</total>
				<timestamp>1435.104888</timestamp>
			</report>
			<report>
				<misses>4635001</misses>
				<total>26</total>
				<timestamp>1435.414550</timestamp>
			</report>
			<report>
				<misses>4636001</misses>
				<total>26</total>
				<timestamp>1435.724267</timestamp>
			</report>
			<report>
				<misses>4637001</misses>
				<total>26</total>
				<timestamp>1436.033940</timestamp>
			</report>
			<report>
				<misses>4638001</misses>
				<total>26</total>
				<timestamp>1436.343650</timestamp>
			</report>
			<report>
				<misses>4639001</misses>
				<total>26</total>
				<timestamp>1436.653317</timestamp>
			</report>
			<report>
				<misses>4640001</misses>
				<total>26</total>
				<timestamp>1436.963034</timestamp>
			</report>
			<report>
				<misses>4641001</misses>
				<total>26</total>
				<timestamp>1437.272767</timestamp>
			</report>
			<report>
				<misses>4642001</misses>
				<total>26</total>
				<timestamp>1437.582391</timestamp>
			</report>
			<report>
				<misses>4643001</misses>
				<total>26</total>
				<timestamp>1437.892091</timestamp>
			</report>
			<report>
				<misses>4644001</misses>
				<total>26</total>
				<timestamp>1438.201800</timestamp>
			</report>
			<report>
				<misses>4645001</misses>
				<total>26</total>
				<timestamp>1438.511486</timestamp>
			</report>
			<report>
				<misses>4646001</misses>
				<total>26</total>
				<timestamp>1438.821167</timestamp>
			</report>
			<report>
				<misses>4647001</misses>
				<total>26</total>
				<timestamp>1439.130850</timestamp>
			</report>
			<report>
				<misses>4648001</misses>
				<total>26</total>
				<timestamp>1439.440570</timestamp>
			</report>
			<report>
				<misses>4649001</misses>
				<total>26</total>
				<timestamp>1439.750210</timestamp>
			</report>
			<report>
				<misses>4650001</misses>
				<total>26</total>
				<timestamp>1440.059911</timestamp>
			</report>
			<report>
				<misses>4651001</misses>
				<total>26</total>
				<timestamp>1440.369650</timestamp>
			</report>
			<report>
				<misses>4652001</misses>
				<total>26</total>
				<timestamp>1440.679342</timestamp>
			</report>
			<report>
				<misses>4653001</misses>
				<total>26</total>
				<timestamp>1440.988989</timestamp>
			</report>
			<report>
				<misses>4654001</misses>
				<total>26</total>
				<timestamp>1441.298729</timestamp>
			</report>
			<report>
				<misses>4655001</misses>
				<total>26</total>
				<timestamp>1441.608371</timestamp>
			</report>
			<report>
				<misses>4656001</misses>
				<total>26</total>
				<timestamp>1441.918103</timestamp>
			</report>
			<report>
				<misses>4657001</misses>
				<total>26</total>
				<timestamp>1442.227802</timestamp>
			</report>
			<report>
				<misses>4658001</misses>
				<total>26</total>
				<timestamp>1442.537468</timestamp>
			</report>
			<report>
				<misses>4659001</misses>
				<total>26</total>
				<timestamp>1442.847135</timestamp>
			</report>
			<report>
				<misses>4660001</misses>
				<total>26</total>
				<timestamp>1443.156831</timestamp>
			</report>
			<report>
				<misses>4661001</misses>
				<total>26</total>
				<timestamp>1443.466515</timestamp>
			</report>
			<report>
				<misses>4662001</misses>
				<total>26</total>
				<timestamp>1443.776189</timestamp>
			</report>
			<report>
				<misses>4663001</misses>
				<total>26</total>
				<timestamp>1444.085900</timestamp>
			</report>
			<report>
				<misses>4664001</misses>
				<total>26</total>
				<timestamp>1444.395628</timestamp>
			</report>
			<report>
				<misses>4665001</misses>
				<total>26</total>
				<timestamp>1444.705265</timestamp>
			</report>
			<report>
				<misses>4666001</misses>
				<total>26</total>
				<timestamp>1445.014957</timestamp>
			</report>
			<report>
				<misses>4667001</misses>
				<total>26</total>
				<timestamp>1445.324719</timestamp>
			</report>
			<report>
				<misses>4668001</misses>
				<total>26</total>
				<timestamp>1445.634346</timestamp>
			</report>
			<report>
				<misses>4669001</misses>
				<total>26</total>
				<timestamp>1445.944068</timestamp>
			</report>
			<report>
				<misses>4670001</misses>
				<total>26</total>
				<timestamp>1446.253731</timestamp>
			</report>
			<report>
				<misses>4671001</misses>
				<total>26</total>
				<timestamp>1446.563418</timestamp>
			</report>
			<report>
				<misses>4672001</misses>
				<total>26</total>
				<timestamp>1446.873098</timestamp>
			</report>
			<report>
				<misses>4673001</misses>
				<total>26</total>
				<timestamp>1447.182788</timestamp>
			</report>
			<report>
				<misses>4674001</misses>
				<total>26</total>
				<timestamp>1447.492479</timestamp>
			</report>
			<report>
				<misses>4675001</misses>
				<total>26</total>
				<timestamp>1447.802162</timestamp>
			</report>
			<report>
				<misses>4676001</misses>
				<total>26</total>
				<timestamp>1448.111870</timestamp>
			</report>
			<report>
				<misses>4677001</misses>
				<total>26</total>
				<timestamp>1448.421583</timestamp>
			</report>
			<report>
				<misses>4678001</misses>
				<total>26</total>
				<timestamp>1448.731242</timestamp>
			</report>
			<report>
				<misses>4679001</misses>
				<total>26</total>
				<timestamp>1449.040930</timestamp>
			</report>
			<report>
				<misses>4680001</misses>
				<total>26</total>
				<timestamp>1449.350672</timestamp>
			</report>
			<report>
				<misses>4681001</misses>
				<total>26</total>
				<timestamp>1449.660303</timestamp>
			</report>
			<report>
				<misses>4682001</misses>
				<total>26</total>
				<timestamp>1449.970001</timestamp>
			</report>
			<report>
				<misses>4683001</misses>
				<total>26</total>
				<timestamp>1450.279743</timestamp>
			</report>
			<report>
				<misses>4684001</misses>
				<total>26</total>
				<timestamp>1450.589404</timestamp>
			</report>
			<report>
				<misses>4685001</misses>
				<total>26</total>
				<timestamp>1450.899042</timestamp>
			</report>
			<report>
				<misses>4686001</misses>
				<total>26</total>
				<timestamp>1451.208778</timestamp>
			</report>
			<report>
				<misses>4687001</misses>
				<total>26</total>
				<timestamp>1451.518456</timestamp>
			</report>
			<report>
				<misses>4688001</misses>
				<total>26</total>
				<timestamp>1451.828149</timestamp>
			</report>
			<report>
				<misses>4689001</misses>
				<total>26</total>
				<timestamp>1452.137816</timestamp>
			</report>
			<report>
				<misses>4690001</misses>
				<total>26</total>
				<timestamp>1452.447520</timestamp>
			</report>
			<report>
				<misses>4691001</misses>
				<total>26</total>
				<timestamp>1452.757195</timestamp>
			</report>
			<report>
				<misses>4692001</misses>
				<total>26</total>
				<timestamp>1453.066907</timestamp>
			</report>
			<report>
				<misses>4693001</misses>
				<total>26</total>
				<timestamp>1453.376632</timestamp>
			</report>
			<report>
				<misses>4694001</misses>
				<total>26</total>
				<timestamp>1453.686288</timestamp>
			</report>
			<report>
				<misses>4695001</misses>
				<total>26</total>
				<timestamp>1453.996041</timestamp>
			</report>
			<report>
				<misses>4696001</misses>
				<total>26</total>
				<timestamp>1454.305668</timestamp>
			</report>
			<report>
				<misses>4697001</misses>
				<total>26</total>
				<timestamp>1454.615365</timestamp>
			</report>
			<report>
				<misses>4698001</misses>
				<total>26</total>
				<timestamp>1454.925031</timestamp>
			</report>
			<report>
				<misses>4699001</misses>
				<total>26</total>
				<timestamp>1455.234758</timestamp>
			</report>
			<report>
				<misses>4700001</misses>
				<total>26</total>
				<timestamp>1455.544472</timestamp>
			</report>
			<report>
				<misses>4701001</misses>
				<total>26</total>
				<timestamp>1455.854093</timestamp>
			</report>
			<report>
				<misses>4702001</misses>
				<total>26</total>
				<timestamp>1456.163805</timestamp>
			</report>
			<report>
				<misses>4703001</misses>
				<total>26</total>
				<timestamp>1456.473498</timestamp>
			</report>
			<report>
				<misses>4704001</misses>
				<total>26</total>
				<timestamp>1456.783191</timestamp>
			</report>
			<report>
				<misses>4705001</misses>
				<total>26</total>
				<timestamp>1457.092875</timestamp>
			</report>
			<report>
				<misses>4706001</misses>
				<total>26</total>
				<timestamp>1457.402592</timestamp>
			</report>
			<report>
				<misses>4707001</misses>
				<total>26</total>
				<timestamp>1457.712275</timestamp>
			</report>
			<report>
				<misses>4708001</misses>
				<total>26</total>
				<timestamp>1458.021927</timestamp>
			</report>
			<report>
				<misses>4709001</misses>
				<total>26</total>
				<timestamp>1458.331631</timestamp>
			</report>
			<report>
				<misses>4710001</misses>
				<total>26</total>
				<timestamp>1458.641321</timestamp>
			</report>
			<report>
				<misses>4711001</misses>
				<total>26</total>
				<timestamp>1458.951009</timestamp>
			</report>
			<report>
				<misses>4712001</misses>
				<total>26</total>
				<timestamp>1459.260717</timestamp>
			</report>
			<report>
				<misses>4713001</misses>
				<total>26</total>
				<timestamp>1459.570413</timestamp>
			</report>
			<report>
				<misses>4714001</misses>
				<total>26</total>
				<timestamp>1459.880084</timestamp>
			</report>
			<report>
				<misses>4715001</misses>
				<total>26</total>
				<timestamp>1460.189773</timestamp>
			</report>
			<report>
				<misses>4716001</misses>
				<total>26</total>
				<timestamp>1460.499490</timestamp>
			</report>
			<report>
				<misses>4717001</misses>
				<total>26</total>
				<timestamp>1460.809156</timestamp>
			</report>
			<report>
				<misses>4718001</misses>
				<total>26</total>
				<timestamp>1461.118833</timestamp>
			</report>
			<report>
				<misses>4719001</misses>
				<total>26</total>
				<timestamp>1461.428578</timestamp>
			</report>
			<report>
				<misses>4720001</misses>
				<total>26</total>
				<timestamp>1461.738222</timestamp>
			</report>
			<report>
				<misses>4721001</misses>
				<total>26</total>
				<timestamp>1462.047914</timestamp>
			</report>
			<report>
				<misses>4722001</misses>
				<total>26</total>
				<timestamp>1462.357648</timestamp>
			</report>
			<report>
				<misses>4723001</misses>
				<total>26</total>
				<timestamp>1462.667283</timestamp>
			</report>
			<report>
				<misses>4724001</misses>
				<total>26</total>
				<timestamp>1462.976998</timestamp>
			</report>
			<report>
				<misses>4725001</misses>
				<total>26</total>
				<timestamp>1463.286685</timestamp>
			</report>
			<report>
				<misses>4726001</misses>
				<total>26</total>
				<timestamp>1463.596356</timestamp>
			</report>
			<report>
				<misses>4727001</misses>
				<total>26</total>
				<timestamp>1463.906031</timestamp>
			</report>
			<report>
				<misses>4728001</misses>
				<total>26</total>
				<timestamp>1464.215740</timestamp>
			</report>
			<report>
				<misses>4729001</misses>
				<total>26</total>
				<timestamp>1464.525433</timestamp>
			</report>
			<report>
				<misses>4730001</misses>
				<total>26</total>
				<timestamp>1464.835090</timestamp>
			</report>
			<report>
				<misses>4731001</misses>
				<total>26</total>
				<timestamp>1465.144845</timestamp>
			</report>
			<report>
				<misses>4732001</misses>
				<total>26</total>
				<timestamp>1465.454537</timestamp>
			</report>
			<report>
				<misses>4733001</misses>
				<total>26</total>
				<timestamp>1465.764172</timestamp>
			</report>
			<report>
				<misses>4734001</misses>
				<total>26</total>
				<timestamp>1466.073890</timestamp>
			</report>
			<report>
				<misses>4735001</misses>
				<total>26</total>
				<timestamp>1466.383587</timestamp>
			</report>
			<report>
				<misses>4736001</misses>
				<total>26</total>
				<timestamp>1466.693265</timestamp>
			</report>
			<report>
				<misses>4737001</misses>
				<total>26</total>
				<timestamp>1467.002947</timestamp>
			</report>
			<report>
				<misses>4738001</misses>
				<total>26</total>
				<timestamp>1467.312693</timestamp>
			</report>
			<report>
				<misses>4739001</misses>
				<total>26</total>
				<timestamp>1467.622369</timestamp>
			</report>
			<report>
				<misses>4740001</misses>
				<total>26</total>
				<timestamp>1467.932003</timestamp>
			</report>
			<report>
				<misses>4741001</misses>
				<total>26</total>
				<timestamp>1468.241696</timestamp>
			</report>
			<report>
				<misses>4742001</misses>
				<total>26</total>
				<timestamp>1468.551401</timestamp>
			</report>
			<report>
				<misses>4743001</misses>
				<total>26</total>
				<timestamp>1468.861115</timestamp>
			</report>
			<report>
				<misses>4744001</misses>
				<total>26</total>
				<timestamp>1469.170781</timestamp>
			</report>
			<report>
				<misses>4745001</misses>
				<total>26</total>
				<timestamp>1469.480532</timestamp>
			</report>
			<report>
				<misses>4746001</misses>
				<total>26</total>
				<timestamp>1469.790166</timestamp>
			</report>
			<report>
				<misses>4747001</misses>
				<total>26</total>
				<timestamp>1470.099839</timestamp>
			</report>
			<report>
				<misses>4748001</misses>
				<total>26</total>
				<timestamp>1470.409559</timestamp>
			</report>
			<report>
				<misses>4749001</misses>
				<total>26</total>
				<timestamp>1470.719216</timestamp>
			</report>
			<report>
				<misses>4750001</misses>
				<total>26</total>
				<timestamp>1471.028918</timestamp>
			</report>
			<report>
				<misses>4751001</misses>
				<total>26</total>
				<timestamp>1471.338645</timestamp>
			</report>
			<report>
				<misses>4752001</misses>
				<total>26</total>
				<timestamp>1471.648298</timestamp>
			</report>
			<report>
				<misses>4753001</misses>
				<total>26</total>
				<timestamp>1471.957998</timestamp>
			</report>
			<report>
				<misses>4754001</misses>
				<total>26</total>
				<timestamp>1472.267698</timestamp>
			</report>
			<report>
				<misses>4755001</misses>
				<total>26</total>
				<timestamp>1472.577369</timestamp>
			</report>
			<report>
				<misses>4756001</misses>
				<total>26</total>
				<timestamp>1472.887074</timestamp>
			</report>
			<report>
				<misses>4757001</misses>
				<total>26</total>
				<timestamp>1473.196769</timestamp>
			</report>
			<report>
				<misses>4758001</misses>
				<total>26</total>
				<timestamp>1473.506508</timestamp>
			</report>
			<report>
				<misses>4759001</misses>
				<total>26</total>
				<timestamp>1473.816137</timestamp>
			</report>
			<report>
				<misses>4760001</misses>
				<total>26</total>
				<timestamp>1474.125817</timestamp>
			</report>
			<report>
				<misses>4761001</misses>
				<total>26</total>
				<timestamp>1474.435581</timestamp>
			</report>
			<report>
				<misses>4762001</misses>
				<total>26</total>
				<timestamp>1474.745199</timestamp>
			</report>
			<report>
				<misses>4763001</misses>
				<total>26</total>
				<timestamp>1475.054879</timestamp>
			</report>
			<report>
				<misses>4764001</misses>
				<total>26</total>
				<timestamp>1475.364636</timestamp>
			</report>
			<report>
				<misses>4765001</misses>
				<total>26</total>
				<timestamp>1475.674268</timestamp>
			</report>
			<report>
				<misses>4766001</misses>
				<total>26</total>
				<timestamp>1475.983964</timestamp>
			</report>
			<report>
				<misses>4767001</misses>
				<total>26</total>
				<timestamp>1476.293645</timestamp>
			</report>
			<report>
				<misses>4768001</misses>
				<total>26</total>
				<timestamp>1476.603392</timestamp>
			</report>
			<report>
				<misses>4769001</misses>
				<total>26</total>
				<timestamp>1476.913069</timestamp>
			</report>
			<report>
				<misses>4770001</misses>
				<total>26</total>
				<timestamp>1477.222733</timestamp>
			</report>
			<report>
				<misses>4771001</misses>
				<total>26</total>
				<timestamp>1477.532453</timestamp>
			</report>
			<report>
				<misses>4772001</misses>
				<total>26</total>
				<timestamp>1477.842095</timestamp>
			</report>
			<report>
				<misses>4773001</misses>
				<total>26</total>
				<timestamp>1478.151775</timestamp>
			</report>
			<report>
				<misses>4774001</misses>
				<total>26</total>
				<timestamp>1478.461539</timestamp>
			</report>
			<report>
				<misses>4775001</misses>
				<total>26</total>
				<timestamp>1478.771157</timestamp>
			</report>
			<report>
				<misses>4776001</misses>
				<total>26</total>
				<timestamp>1479.080864</timestamp>
			</report>
			<report>
				<misses>4777001</misses>
				<total>26</total>
				<timestamp>1479.390559</timestamp>
			</report>
			<report>
				<misses>4778001</misses>
				<total>26</total>
				<timestamp>1479.700292</timestamp>
			</report>
			<report>
				<misses>4779001</misses>
				<total>26</total>
				<timestamp>1480.009926</timestamp>
			</report>
			<report>
				<misses>4780001</misses>
				<total>26</total>
				<timestamp>1480.319637</timestamp>
			</report>
			<report>
				<misses>4781001</misses>
				<total>26</total>
				<timestamp>1480.629296</timestamp>
			</report>
			<report>
				<misses>4782001</misses>
				<total>26</total>
				<timestamp>1480.938986</timestamp>
			</report>
			<report>
				<misses>4783001</misses>
				<total>26</total>
				<timestamp>1481.248697</timestamp>
			</report>
			<report>
				<misses>4784001</misses>
				<total>26</total>
				<timestamp>1481.558421</timestamp>
			</report>
			<report>
				<misses>4785001</misses>
				<total>26</total>
				<timestamp>1481.868059</timestamp>
			</report>
			<report>
				<misses>4786001</misses>
				<total>26</total>
				<timestamp>1482.177755</timestamp>
			</report>
			<report>
				<misses>4787001</misses>
				<total>26</total>
				<timestamp>1482.487471</timestamp>
			</report>
			<report>
				<misses>4788001</misses>
				<total>26</total>
				<timestamp>1482.797141</timestamp>
			</report>
			<report>
				<misses>4789001</misses>
				<total>26</total>
				<timestamp>1483.106837</timestamp>
			</report>
			<report>
				<misses>4790001</misses>
				<total>26</total>
				<timestamp>1483.416595</timestamp>
			</report>
			<report>
				<misses>4791001</misses>
				<total>26</total>
				<timestamp>1483.726223</timestamp>
			</report>
			<report>
				<misses>4792001</misses>
				<total>26</total>
				<timestamp>1484.035887</timestamp>
			</report>
			<report>
				<misses>4793001</misses>
				<total>26</total>
				<timestamp>1484.345653</timestamp>
			</report>
			<report>
				<misses>4794001</misses>
				<total>26</total>
				<timestamp>1484.655287</timestamp>
			</report>
			<report>
				<misses>4795001</misses>
				<total>26</total>
				<timestamp>1484.964965</timestamp>
			</report>
			<report>
				<misses>4796001</misses>
				<total>26</total>
				<timestamp>1485.274676</timestamp>
			</report>
			<report>
				<misses>4797001</misses>
				<total>26</total>
				<timestamp>1485.584404</timestamp>
			</report>
			<report>
				<misses>4798001</misses>
				<total>26</total>
				<timestamp>1485.894029</timestamp>
			</report>
			<report>
				<misses>4799001</misses>
				<total>26</total>
				<timestamp>1486.203733</timestamp>
			</report>
			<report>
				<misses>4800001</misses>
				<total>26</total>
				<timestamp>1486.513437</timestamp>
			</report>
			<report>
				<misses>4801001</misses>
				<total>26</total>
				<timestamp>1486.823101</timestamp>
			</report>
			<report>
				<misses>4802001</misses>
				<total>26</total>
				<timestamp>1487.132801</timestamp>
			</report>
			<report>
				<misses>4803001</misses>
				<total>26</total>
				<timestamp>1487.442554</timestamp>
			</report>
			<report>
				<misses>4804001</misses>
				<total>26</total>
				<timestamp>1487.752181</timestamp>
			</report>
			<report>
				<misses>4805001</misses>
				<total>26</total>
				<timestamp>1488.061859</timestamp>
			</report>
			<report>
				<misses>4806001</misses>
				<total>26</total>
				<timestamp>1488.371577</timestamp>
			</report>
			<report>
				<misses>4807001</misses>
				<total>26</total>
				<timestamp>1488.681243</timestamp>
			</report>
			<report>
				<misses>4808001</misses>
				<total>26</total>
				<timestamp>1488.990942</timestamp>
			</report>
			<report>
				<misses>4809001</misses>
				<total>26</total>
				<timestamp>1489.300624</timestamp>
			</report>
			<report>
				<misses>4810001</misses>
				<total>26</total>
				<timestamp>1489.610366</timestamp>
			</report>
			<report>
				<misses>4811001</misses>
				<total>26</total>
				<timestamp>1489.919997</timestamp>
			</report>
			<report>
				<misses>4812001</misses>
				<total>26</total>
				<timestamp>1490.229698</timestamp>
			</report>
			<report>
				<misses>4813001</misses>
				<total>26</total>
				<timestamp>1490.539441</timestamp>
			</report>
			<report>
				<misses>4814001</misses>
				<total>26</total>
				<timestamp>1490.849071</timestamp>
			</report>
			<report>
				<misses>4815001</misses>
				<total>26</total>
				<timestamp>1491.158759</timestamp>
			</report>
			<report>
				<misses>4816001</misses>
				<total>26</total>
				<timestamp>1491.468506</timestamp>
			</report>
			<report>
				<misses>4817001</misses>
				<total>26</total>
				<timestamp>1491.778146</timestamp>
			</report>
			<report>
				<misses>4818001</misses>
				<total>26</total>
				<timestamp>1492.087846</timestamp>
			</report>
			<report>
				<misses>4819001</misses>
				<total>26</total>
				<timestamp>1492.397548</timestamp>
			</report>
			<report>
				<misses>4820001</misses>
				<total>26</total>
				<timestamp>1492.707259</timestamp>
			</report>
			<report>
				<misses>4821001</misses>
				<total>26</total>
				<timestamp>1493.016909</timestamp>
			</report>
			<report>
				<misses>4822001</misses>
				<total>26</total>
				<timestamp>1493.326584</timestamp>
			</report>
			<report>
				<misses>4823001</misses>
				<total>26</total>
				<timestamp>1493.636296</timestamp>
			</report>
			<report>
				<misses>4824001</misses>
				<total>26</total>
				<timestamp>1493.945962</timestamp>
			</report>
			<report>
				<misses>4825001</misses>
				<total>26</total>
				<timestamp>1494.255660</timestamp>
			</report>
			<report>
				<misses>4826001</misses>
				<total>26</total>
				<timestamp>1494.565401</timestamp>
			</report>
			<report>
				<misses>4827001</misses>
				<total>26</total>
				<timestamp>1494.875045</timestamp>
			</report>
			<report>
				<misses>4828001</misses>
				<total>26</total>
				<timestamp>1495.184753</timestamp>
			</report>
			<report>
				<misses>4829001</misses>
				<total>26</total>
				<timestamp>1495.494492</timestamp>
			</report>
			<report>
				<misses>4830001</misses>
				<total>26</total>
				<timestamp>1495.804122</timestamp>
			</report>
			<report>
				<misses>4831001</misses>
				<total>26</total>
				<timestamp>1496.113831</timestamp>
			</report>
			<report>
				<misses>4832001</misses>
				<total>26</total>
				<timestamp>1496.423518</timestamp>
			</report>
			<report>
				<misses>4833001</misses>
				<total>26</total>
				<timestamp>1496.733168</timestamp>
			</report>
			<report>
				<misses>4834001</misses>
				<total>26</total>
				<timestamp>1497.042856</timestamp>
			</report>
			<report>
				<misses>4835001</misses>
				<total>26</total>
				<timestamp>1497.352570</timestamp>
			</report>
			<report>
				<misses>4836001</misses>
				<total>26</total>
				<timestamp>1497.662253</timestamp>
			</report>
			<report>
				<misses>4837001</misses>
				<total>26</total>
				<timestamp>1497.971948</timestamp>
			</report>
			<report>
				<misses>4838001</misses>
				<total>26</total>
				<timestamp>1498.281614</timestamp>
			</report>
			<report>
				<misses>4839001</misses>
				<total>26</total>
				<timestamp>1498.591355</timestamp>
			</report>
			<report>
				<misses>4840001</misses>
				<total>26</total>
				<timestamp>1498.901045</timestamp>
			</report>
			<report>
				<misses>4841001</misses>
				<total>26</total>
				<timestamp>1499.210727</timestamp>
			</report>
			<report>
				<misses>4842001</misses>
				<total>26</total>
				<timestamp>1499.520379</timestamp>
			</report>
			<report>
				<misses>4843001</misses>
				<total>26</total>
				<timestamp>1499.830078</timestamp>
			</report>
			<report>
				<misses>4844001</misses>
				<total>26</total>
				<timestamp>1500.139755</timestamp>
			</report>
			<report>
				<misses>4845001</misses>
				<total>26</total>
				<timestamp>1500.449475</timestamp>
			</report>
			<report>
				<misses>4846001</misses>
				<total>26</total>
				<timestamp>1500.759159</timestamp>
			</report>
			<report>
				<misses>4847001</misses>
				<total>26</total>
				<timestamp>1501.068868</timestamp>
			</report>
			<report>
				<misses>4848001</misses>
				<total>26</total>
				<timestamp>1501.378546</timestamp>
			</report>
			<report>
				<misses>4849001</misses>
				<total>26</total>
				<timestamp>1501.688288</timestamp>
			</report>
			<report>
				<misses>4850001</misses>
				<total>26</total>
				<timestamp>1501.997917</timestamp>
			</report>
			<report>
				<misses>4851001</misses>
				<total>26</total>
				<timestamp>1502.307617</timestamp>
			</report>
			<report>
				<misses>4852001</misses>
				<total>26</total>
				<timestamp>1502.617320</timestamp>
			</report>
			<report>
				<misses>4853001</misses>
				<total>26</total>
				<timestamp>1502.926980</timestamp>
			</report>
			<report>
				<misses>4854001</misses>
				<total>26</total>
				<timestamp>1503.236695</timestamp>
			</report>
			<report>
				<misses>4855001</misses>
				<total>26</total>
				<timestamp>1503.546382</timestamp>
			</report>
			<report>
				<misses>4856001</misses>
				<total>26</total>
				<timestamp>1503.856046</timestamp>
			</report>
			<report>
				<misses>4857001</misses>
				<total>26</total>
				<timestamp>1504.165761</timestamp>
			</report>
			<report>
				<misses>4858001</misses>
				<total>26</total>
				<timestamp>1504.475470</timestamp>
			</report>
			<report>
				<misses>4859001</misses>
				<total>26</total>
				<timestamp>1504.785106</timestamp>
			</report>
			<report>
				<misses>4860001</misses>
				<total>26</total>
				<timestamp>1505.094817</timestamp>
			</report>
			<report>
				<misses>4861001</misses>
				<total>26</total>
				<timestamp>1505.404530</timestamp>
			</report>
			<report>
				<misses>4862001</misses>
				<total>26</total>
				<timestamp>1505.714257</timestamp>
			</report>
			<report>
				<misses>4863001</misses>
				<total>26</total>
				<timestamp>1506.023876</timestamp>
			</report>
			<report>
				<misses>4864001</misses>
				<total>26</total>
				<timestamp>1506.333624</timestamp>
			</report>
			<report>
				<misses>4865001</misses>
				<total>26</total>
				<timestamp>1506.643304</timestamp>
			</report>
			<report>
				<misses>4866001</misses>
				<total>26</total>
				<timestamp>1506.952984</timestamp>
			</report>
			<report>
				<misses>4867001</misses>
				<total>26</total>
				<timestamp>1507.262654</timestamp>
			</report>
			<report>
				<misses>4868001</misses>
				<total>26</total>
				<timestamp>1507.572345</timestamp>
			</report>
			<report>
				<misses>4869001</misses>
				<total>26</total>
				<timestamp>1507.882018</timestamp>
			</report>
			<report>
				<misses>4870001</misses>
				<total>26</total>
				<timestamp>1508.191705</timestamp>
			</report>
			<report>
				<misses>4871001</misses>
				<total>26</total>
				<timestamp>1508.501429</timestamp>
			</report>
			<report>
				<misses>4872001</misses>
				<total>26</total>
				<timestamp>1508.811103</timestamp>
			</report>
			<report>
				<misses>4873001</misses>
				<total>26</total>
				<timestamp>1509.120781</timestamp>
			</report>
			<report>
				<misses>4874001</misses>
				<total>26</total>
				<timestamp>1509.430515</timestamp>
			</report>
			<report>
				<misses>4875001</misses>
				<total>26</total>
				<timestamp>1509.740167</timestamp>
			</report>
			<report>
				<misses>4876001</misses>
				<total>26</total>
				<timestamp>1510.049846</timestamp>
			</report>
			<report>
				<misses>4877001</misses>
				<total>26</total>
				<timestamp>1510.359549</timestamp>
			</report>
			<report>
				<misses>4878001</misses>
				<total>26</total>
				<timestamp>1510.669293</timestamp>
			</report>
			<report>
				<misses>4879001</misses>
				<total>26</total>
				<timestamp>1510.978941</timestamp>
			</report>
			<report>
				<misses>4880001</misses>
				<total>26</total>
				<timestamp>1511.288641</timestamp>
			</report>
			<report>
				<misses>4881001</misses>
				<total>26</total>
				<timestamp>1511.598318</timestamp>
			</report>
			<report>
				<misses>4882001</misses>
				<total>26</total>
				<timestamp>1511.907994</timestamp>
			</report>
			<report>
				<misses>4883001</misses>
				<total>26</total>
				<timestamp>1512.217697</timestamp>
			</report>
			<report>
				<misses>4884001</misses>
				<total>26</total>
				<timestamp>1512.527415</timestamp>
			</report>
			<report>
				<misses>4885001</misses>
				<total>26</total>
				<timestamp>1512.837068</timestamp>
			</report>
			<report>
				<misses>4886001</misses>
				<total>26</total>
				<timestamp>1513.146772</timestamp>
			</report>
			<report>
				<misses>4887001</misses>
				<total>26</total>
				<timestamp>1513.456441</timestamp>
			</report>
			<report>
				<misses>4888001</misses>
				<total>26</total>
				<timestamp>1513.766196</timestamp>
			</report>
			<report>
				<misses>4889001</misses>
				<total>26</total>
				<timestamp>1514.075825</timestamp>
			</report>
			<report>
				<misses>4890001</misses>
				<total>26</total>
				<timestamp>1514.385530</timestamp>
			</report>
			<report>
				<misses>4891001</misses>
				<total>26</total>
				<timestamp>1514.695228</timestamp>
			</report>
			<report>
				<misses>4892001</misses>
				<total>26</total>
				<timestamp>1515.004888</timestamp>
			</report>
			<report>
				<misses>4893001</misses>
				<total>26</total>
				<timestamp>1515.314585</timestamp>
			</report>
			<report>
				<misses>4894001</misses>
				<total>26</total>
				<timestamp>1515.624282</timestamp>
			</report>
			<report>
				<misses>4895001</misses>
				<total>26</total>
				<timestamp>1515.933965</timestamp>
			</report>
			<report>
				<misses>4896001</misses>
				<total>26</total>
				<timestamp>1516.243707</timestamp>
			</report>
			<report>
				<misses>4897001</misses>
				<total>26</total>
				<timestamp>1516.553385</timestamp>
			</report>
			<report>
				<misses>4898001</misses>
				<total>26</total>
				<timestamp>1516.863041</timestamp>
			</report>
			<report>
				<misses>4899001</misses>
				<total>26</total>
				<timestamp>1517.172775</timestamp>
			</report>
			<report>
				<misses>4900001</misses>
				<total>26</total>
				<timestamp>1517.482413</timestamp>
			</report>
			<report>
				<misses>4901001</misses>
				<total>26</total>
				<timestamp>1517.792112</timestamp>
			</report>
			<report>
				<misses>4902001</misses>
				<total>26</total>
				<timestamp>1518.101786</timestamp>
			</report>
			<report>
				<misses>4903001</misses>
				<total>26</total>
				<timestamp>1518.411526</timestamp>
			</report>
			<report>
				<misses>4904001</misses>
				<total>26</total>
				<timestamp>1518.721246</timestamp>
			</report>
			<report>
				<misses>4905001</misses>
				<total>26</total>
				<timestamp>1519.030859</timestamp>
			</report>
			<report>
				<misses>4906001</misses>
				<total>26</total>
				<timestamp>1519.340563</timestamp>
			</report>
			<report>
				<misses>4907001</misses>
				<total>26</total>
				<timestamp>1519.650246</timestamp>
			</report>
			<report>
				<misses>4908001</misses>
				<total>26</total>
				<timestamp>1519.959952</timestamp>
			</report>
			<report>
				<misses>4909001</misses>
				<total>26</total>
				<timestamp>1520.269647</timestamp>
			</report>
			<report>
				<misses>4910001</misses>
				<total>26</total>
				<timestamp>1520.579364</timestamp>
			</report>
			<report>
				<misses>4911001</misses>
				<total>26</total>
				<timestamp>1520.888996</timestamp>
			</report>
			<report>
				<misses>4912001</misses>
				<total>26</total>
				<timestamp>1521.198694</timestamp>
			</report>
			<report>
				<misses>4913001</misses>
				<total>26</total>
				<timestamp>1521.508428</timestamp>
			</report>
			<report>
				<misses>4914001</misses>
				<total>26</total>
				<timestamp>1521.818094</timestamp>
			</report>
			<report>
				<misses>4915001</misses>
				<total>26</total>
				<timestamp>1522.127784</timestamp>
			</report>
			<report>
				<misses>4916001</misses>
				<total>26</total>
				<timestamp>1522.437477</timestamp>
			</report>
			<report>
				<misses>4917001</misses>
				<total>26</total>
				<timestamp>1522.747213</timestamp>
			</report>
			<report>
				<misses>4918001</misses>
				<total>26</total>
				<timestamp>1523.056872</timestamp>
			</report>
			<report>
				<misses>4919001</misses>
				<total>26</total>
				<timestamp>1523.366553</timestamp>
			</report>
			<report>
				<misses>4920001</misses>
				<total>26</total>
				<timestamp>1523.676252</timestamp>
			</report>
			<report>
				<misses>4921001</misses>
				<total>26</total>
				<timestamp>1523.985905</timestamp>
			</report>
			<report>
				<misses>4922001</misses>
				<total>26</total>
				<timestamp>1524.295599</timestamp>
			</report>
			<report>
				<misses>4923001</misses>
				<total>26</total>
				<timestamp>1524.605332</timestamp>
			</report>
			<report>
				<misses>4924001</misses>
				<total>26</total>
				<timestamp>1524.914961</timestamp>
			</report>
			<report>
				<misses>4925001</misses>
				<total>26</total>
				<timestamp>1525.224681</timestamp>
			</report>
			<report>
				<misses>4926001</misses>
				<total>26</total>
				<timestamp>1525.534363</timestamp>
			</report>
			<report>
				<misses>4927001</misses>
				<total>26</total>
				<timestamp>1525.844059</timestamp>
			</report>
			<report>
				<misses>4928001</misses>
				<total>26</total>
				<timestamp>1526.153732</timestamp>
			</report>
			<report>
				<misses>4929001</misses>
				<total>26</total>
				<timestamp>1526.463439</timestamp>
			</report>
			<report>
				<misses>4930001</misses>
				<total>26</total>
				<timestamp>1526.773149</timestamp>
			</report>
			<report>
				<misses>4931001</misses>
				<total>26</total>
				<timestamp>1527.082815</timestamp>
			</report>
			<report>
				<misses>4932001</misses>
				<total>26</total>
				<timestamp>1527.392540</timestamp>
			</report>
			<report>
				<misses>4933001</misses>
				<total>26</total>
				<timestamp>1527.702203</timestamp>
			</report>
			<report>
				<misses>4934001</misses>
				<total>26</total>
				<timestamp>1528.011906</timestamp>
			</report>
			<report>
				<misses>4935001</misses>
				<total>26</total>
				<timestamp>1528.321596</timestamp>
			</report>
			<report>
				<misses>4936001</misses>
				<total>26</total>
				<timestamp>1528.631298</timestamp>
			</report>
			<report>
				<misses>4937001</misses>
				<total>26</total>
				<timestamp>1528.940940</timestamp>
			</report>
			<report>
				<misses>4938001</misses>
				<total>26</total>
				<timestamp>1529.250680</timestamp>
			</report>
			<report>
				<misses>4939001</misses>
				<total>26</total>
				<timestamp>1529.560321</timestamp>
			</report>
			<report>
				<misses>4940001</misses>
				<total>26</total>
				<timestamp>1529.870026</timestamp>
			</report>
			<report>
				<misses>4941001</misses>
				<total>26</total>
				<timestamp>1530.179719</timestamp>
			</report>
			<report>
				<misses>4942001</misses>
				<total>26</total>
				<timestamp>1530.489397</timestamp>
			</report>
			<report>
				<misses>4943001</misses>
				<total>26</total>
				<timestamp>1530.799133</timestamp>
			</report>
			<report>
				<misses>4944001</misses>
				<total>26</total>
				<timestamp>1531.108776</timestamp>
			</report>
			<report>
				<misses>4945001</misses>
				<total>26</total>
				<timestamp>1531.418505</timestamp>
			</report>
			<report>
				<misses>4946001</misses>
				<total>26</total>
				<timestamp>1531.728209</timestamp>
			</report>
			<report>
				<misses>4947001</misses>
				<total>26</total>
				<timestamp>1532.037835</timestamp>
			</report>
			<report>
				<misses>4948001</misses>
				<total>26</total>
				<timestamp>1532.347559</timestamp>
			</report>
			<report>
				<misses>4949001</misses>
				<total>26</total>
				<timestamp>1532.657327</timestamp>
			</report>
			<report>
				<misses>4950001</misses>
				<total>26</total>
				<timestamp>1532.966907</timestamp>
			</report>
			<report>
				<misses>4951001</misses>
				<total>26</total>
				<timestamp>1533.276635</timestamp>
			</report>
			<report>
				<misses>4952001</misses>
				<total>26</total>
				<timestamp>1533.586284</timestamp>
			</report>
			<report>
				<misses>4953001</misses>
				<total>26</total>
				<timestamp>1533.895985</timestamp>
			</report>
			<report>
				<misses>4954001</misses>
				<total>26</total>
				<timestamp>1534.205674</timestamp>
			</report>
			<report>
				<misses>4955001</misses>
				<total>26</total>
				<timestamp>1534.515357</timestamp>
			</report>
			<report>
				<misses>4956001</misses>
				<total>26</total>
				<timestamp>1534.825095</timestamp>
			</report>
			<report>
				<misses>4957001</misses>
				<total>26</total>
				<timestamp>1535.134753</timestamp>
			</report>
			<report>
				<misses>4958001</misses>
				<total>26</total>
				<timestamp>1535.444423</timestamp>
			</report>
			<report>
				<misses>4959001</misses>
				<total>26</total>
				<timestamp>1535.754144</timestamp>
			</report>
			<report>
				<misses>4960001</misses>
				<total>26</total>
				<timestamp>1536.063820</timestamp>
			</report>
			<report>
				<misses>4961001</misses>
				<total>26</total>
				<timestamp>1536.373510</timestamp>
			</report>
			<report>
				<misses>4962001</misses>
				<total>26</total>
				<timestamp>1536.683225</timestamp>
			</report>
			<report>
				<misses>4963001</misses>
				<total>26</total>
				<timestamp>1536.992872</timestamp>
			</report>
			<report>
				<misses>4964001</misses>
				<total>26</total>
				<timestamp>1537.302579</timestamp>
			</report>
			<report>
				<misses>4965001</misses>
				<total>26</total>
				<timestamp>1537.612262</timestamp>
			</report>
			<report>
				<misses>4966001</misses>
				<total>26</total>
				<timestamp>1537.921932</timestamp>
			</report>
			<report>
				<misses>4967001</misses>
				<total>26</total>
				<timestamp>1538.231631</timestamp>
			</report>
			<report>
				<misses>4968001</misses>
				<total>26</total>
				<timestamp>1538.541324</timestamp>
			</report>
			<report>
				<misses>4969001</misses>
				<total>26</total>
				<timestamp>1538.851083</timestamp>
			</report>
			<report>
				<misses>4970001</misses>
				<total>26</total>
				<timestamp>1539.160710</timestamp>
			</report>
			<report>
				<misses>4971001</misses>
				<total>26</total>
				<timestamp>1539.470405</timestamp>
			</report>
			<report>
				<misses>4972001</misses>
				<total>26</total>
				<timestamp>1539.780107</timestamp>
			</report>
			<report>
				<misses>4973001</misses>
				<total>26</total>
				<timestamp>1540.089782</timestamp>
			</report>
			<report>
				<misses>4974001</misses>
				<total>26</total>
				<timestamp>1540.399495</timestamp>
			</report>
			<report>
				<misses>4975001</misses>
				<total>26</total>
				<timestamp>1540.709182</timestamp>
			</report>
			<report>
				<misses>4976001</misses>
				<total>26</total>
				<timestamp>1541.018855</timestamp>
			</report>
			<report>
				<misses>4977001</misses>
				<total>27</total>
				<timestamp>1541.328553</timestamp>
			</report>
			<report>
				<misses>4978001</misses>
				<total>27</total>
				<timestamp>1541.638275</timestamp>
			</report>
			<report>
				<misses>4979001</misses>
				<total>27</total>
				<timestamp>1541.947908</timestamp>
			</report>
			<report>
				<misses>4980001</misses>
				<total>27</total>
				<timestamp>1542.257617</timestamp>
			</report>
			<report>
				<misses>4981001</misses>
				<total>27</total>
				<timestamp>1542.567303</timestamp>
			</report>
			<report>
				<misses>4982001</misses>
				<total>27</total>
				<timestamp>1542.877057</timestamp>
			</report>
			<report>
				<misses>4983001</misses>
				<total>27</total>
				<timestamp>1543.186702</timestamp>
			</report>
			<report>
				<misses>4984001</misses>
				<total>27</total>
				<timestamp>1543.496372</timestamp>
			</report>
			<report>
				<misses>4985001</misses>
				<total>27</total>
				<timestamp>1543.806095</timestamp>
			</report>
			<report>
				<misses>4986001</misses>
				<total>27</total>
				<timestamp>1544.115770</timestamp>
			</report>
			<report>
				<misses>4987001</misses>
				<total>27</total>
				<timestamp>1544.425484</timestamp>
			</report>
			<report>
				<misses>4988001</misses>
				<total>27</total>
				<timestamp>1544.735180</timestamp>
			</report>
			<report>
				<misses>4989001</misses>
				<total>27</total>
				<timestamp>1545.044832</timestamp>
			</report>
			<report>
				<misses>4990001</misses>
				<total>27</total>
				<timestamp>1545.354529</timestamp>
			</report>
			<report>
				<misses>4991001</misses>
				<total>27</total>
				<timestamp>1545.664216</timestamp>
			</report>
			<report>
				<misses>4992001</misses>
				<total>27</total>
				<timestamp>1545.973913</timestamp>
			</report>
			<report>
				<misses>4993001</misses>
				<total>27</total>
				<timestamp>1546.283601</timestamp>
			</report>
			<report>
				<misses>4994001</misses>
				<total>27</total>
				<timestamp>1546.593289</timestamp>
			</report>
			<report>
				<misses>4995001</misses>
				<total>27</total>
				<timestamp>1546.902998</timestamp>
			</report>
			<report>
				<misses>4996001</misses>
				<total>27</total>
				<timestamp>1547.212677</timestamp>
			</report>
			<report>
				<misses>4997001</misses>
				<total>27</total>
				<timestamp>1547.522351</timestamp>
			</report>
			<report>
				<misses>4998001</misses>
				<total>27</total>
				<timestamp>1547.832066</timestamp>
			</report>
			<report>
				<misses>4999001</misses>
				<total>27</total>
				<timestamp>1548.141724</timestamp>
			</report>
			<report>
				<misses>5000001</misses>
				<total>27</total>
				<timestamp>1548.451416</timestamp>
			</report>
			<report>
				<misses>5001001</misses>
				<total>27</total>
				<timestamp>1548.761109</timestamp>
			</report>
			<report>
				<misses>5002001</misses>
				<total>27</total>
				<timestamp>1549.070793</timestamp>
			</report>
			<report>
				<misses>5003001</misses>
				<total>27</total>
				<timestamp>1549.380492</timestamp>
			</report>
			<report>
				<misses>5004001</misses>
				<total>27</total>
				<timestamp>1549.690176</timestamp>
			</report>
			<report>
				<misses>5005001</misses>
				<total>27</total>
				<timestamp>1549.999876</timestamp>
			</report>
			<report>
				<misses>5006001</misses>
				<total>27</total>
				<timestamp>1550.309618</timestamp>
			</report>
			<report>
				<misses>5007001</misses>
				<total>27</total>
				<timestamp>1550.619231</timestamp>
			</report>
			<report>
				<misses>5008001</misses>
				<total>27</total>
				<timestamp>1550.929060</timestamp>
			</report>
			<report>
				<misses>5009001</misses>
				<total>27</total>
				<timestamp>1551.238630</timestamp>
			</report>
			<report>
				<misses>5010001</misses>
				<total>27</total>
				<timestamp>1551.548326</timestamp>
			</report>
			<report>
				<misses>5011001</misses>
				<total>27</total>
				<timestamp>1551.858020</timestamp>
			</report>
			<report>
				<misses>5012001</misses>
				<total>27</total>
				<timestamp>1552.167700</timestamp>
			</report>
			<report>
				<misses>5013001</misses>
				<total>27</total>
				<timestamp>1552.477372</timestamp>
			</report>
			<report>
				<misses>5014001</misses>
				<total>27</total>
				<timestamp>1552.787075</timestamp>
			</report>
			<report>
				<misses>5015001</misses>
				<total>27</total>
				<timestamp>1553.096785</timestamp>
			</report>
			<report>
				<misses>5016001</misses>
				<total>27</total>
				<timestamp>1553.406470</timestamp>
			</report>
			<report>
				<misses>5017001</misses>
				<total>27</total>
				<timestamp>1553.716146</timestamp>
			</report>
			<report>
				<misses>5018001</misses>
				<total>27</total>
				<timestamp>1554.025847</timestamp>
			</report>
			<report>
				<misses>5019001</misses>
				<total>27</total>
				<timestamp>1554.335517</timestamp>
			</report>
			<report>
				<misses>5020001</misses>
				<total>27</total>
				<timestamp>1554.645232</timestamp>
			</report>
			<report>
				<misses>5021001</misses>
				<total>27</total>
				<timestamp>1554.954937</timestamp>
			</report>
			<report>
				<misses>5022001</misses>
				<total>27</total>
				<timestamp>1555.264613</timestamp>
			</report>
			<report>
				<misses>5023001</misses>
				<total>27</total>
				<timestamp>1555.574298</timestamp>
			</report>
			<report>
				<misses>5024001</misses>
				<total>27</total>
				<timestamp>1555.883992</timestamp>
			</report>
			<report>
				<misses>5025001</misses>
				<total>27</total>
				<timestamp>1556.193656</timestamp>
			</report>
			<report>
				<misses>5026001</misses>
				<total>27</total>
				<timestamp>1556.503358</timestamp>
			</report>
			<report>
				<misses>5027001</misses>
				<total>27</total>
				<timestamp>1556.813108</timestamp>
			</report>
			<report>
				<misses>5028001</misses>
				<total>27</total>
				<timestamp>1557.122722</timestamp>
			</report>
			<report>
				<misses>5029001</misses>
				<total>27</total>
				<timestamp>1557.432446</timestamp>
			</report>
			<report>
				<misses>5030001</misses>
				<total>27</total>
				<timestamp>1557.742137</timestamp>
			</report>
			<report>
				<misses>5031001</misses>
				<total>27</total>
				<timestamp>1558.051806</timestamp>
			</report>
			<report>
				<misses>5032001</misses>
				<total>27</total>
				<timestamp>1558.361500</timestamp>
			</report>
			<report>
				<misses>5033001</misses>
				<total>27</total>
				<timestamp>1558.671176</timestamp>
			</report>
			<report>
				<misses>5034001</misses>
				<total>27</total>
				<timestamp>1558.980882</timestamp>
			</report>
			<report>
				<misses>5035001</misses>
				<total>27</total>
				<timestamp>1559.290562</timestamp>
			</report>
			<report>
				<misses>5036001</misses>
				<total>27</total>
				<timestamp>1559.600262</timestamp>
			</report>
			<report>
				<misses>5037001</misses>
				<total>27</total>
				<timestamp>1559.910032</timestamp>
			</report>
			<report>
				<misses>5038001</misses>
				<total>27</total>
				<timestamp>1560.219639</timestamp>
			</report>
			<report>
				<misses>5039001</misses>
				<total>27</total>
				<timestamp>1560.529333</timestamp>
			</report>
			<report>
				<misses>5040001</misses>
				<total>27</total>
				<timestamp>1560.839098</timestamp>
			</report>
			<report>
				<misses>5041001</misses>
				<total>27</total>
				<timestamp>1561.148702</timestamp>
			</report>
			<report>
				<misses>5042001</misses>
				<total>27</total>
				<timestamp>1561.458382</timestamp>
			</report>
			<report>
				<misses>5043001</misses>
				<total>27</total>
				<timestamp>1561.768098</timestamp>
			</report>
			<report>
				<misses>5044001</misses>
				<total>27</total>
				<timestamp>1562.077787</timestamp>
			</report>
			<report>
				<misses>5045001</misses>
				<total>27</total>
				<timestamp>1562.387480</timestamp>
			</report>
			<report>
				<misses>5046001</misses>
				<total>27</total>
				<timestamp>1562.697157</timestamp>
			</report>
			<report>
				<misses>5047001</misses>
				<total>27</total>
				<timestamp>1563.006844</timestamp>
			</report>
			<report>
				<misses>5048001</misses>
				<total>27</total>
				<timestamp>1563.316542</timestamp>
			</report>
			<report>
				<misses>5049001</misses>
				<total>27</total>
				<timestamp>1563.626223</timestamp>
			</report>
			<report>
				<misses>5050001</misses>
				<total>27</total>
				<timestamp>1563.935964</timestamp>
			</report>
			<report>
				<misses>5051001</misses>
				<total>27</total>
				<timestamp>1564.245660</timestamp>
			</report>
			<report>
				<misses>5052001</misses>
				<total>27</total>
				<timestamp>1564.555301</timestamp>
			</report>
			<report>
				<misses>5053001</misses>
				<total>27</total>
				<timestamp>1564.864998</timestamp>
			</report>
			<report>
				<misses>5054001</misses>
				<total>27</total>
				<timestamp>1565.174716</timestamp>
			</report>
			<report>
				<misses>5055001</misses>
				<total>27</total>
				<timestamp>1565.484379</timestamp>
			</report>
			<report>
				<misses>5056001</misses>
				<total>27</total>
				<timestamp>1565.794072</timestamp>
			</report>
			<report>
				<misses>5057001</misses>
				<total>27</total>
				<timestamp>1566.103750</timestamp>
			</report>
			<report>
				<misses>5058001</misses>
				<total>27</total>
				<timestamp>1566.413443</timestamp>
			</report>
			<report>
				<misses>5059001</misses>
				<total>27</total>
				<timestamp>1566.723131</timestamp>
			</report>
			<report>
				<misses>5060001</misses>
				<total>27</total>
				<timestamp>1567.032901</timestamp>
			</report>
			<report>
				<misses>5061001</misses>
				<total>27</total>
				<timestamp>1567.342504</timestamp>
			</report>
			<report>
				<misses>5062001</misses>
				<total>27</total>
				<timestamp>1567.652191</timestamp>
			</report>
			<report>
				<misses>5063001</misses>
				<total>27</total>
				<timestamp>1567.961944</timestamp>
			</report>
			<report>
				<misses>5064001</misses>
				<total>27</total>
				<timestamp>1568.271567</timestamp>
			</report>
			<report>
				<misses>5065001</misses>
				<total>27</total>
				<timestamp>1568.581272</timestamp>
			</report>
			<report>
				<misses>5066001</misses>
				<total>27</total>
				<timestamp>1568.890960</timestamp>
			</report>
			<report>
				<misses>5067001</misses>
				<total>27</total>
				<timestamp>1569.200652</timestamp>
			</report>
			<report>
				<misses>5068001</misses>
				<total>27</total>
				<timestamp>1569.510346</timestamp>
			</report>
			<report>
				<misses>5069001</misses>
				<total>27</total>
				<timestamp>1569.820038</timestamp>
			</report>
			<report>
				<misses>5070001</misses>
				<total>27</total>
				<timestamp>1570.129713</timestamp>
			</report>
			<report>
				<misses>5071001</misses>
				<total>27</total>
				<timestamp>1570.439444</timestamp>
			</report>
			<report>
				<misses>5072001</misses>
				<total>27</total>
				<timestamp>1570.749103</timestamp>
			</report>
			<report>
				<misses>5073001</misses>
				<total>27</total>
				<timestamp>1571.058847</timestamp>
			</report>
			<report>
				<misses>5074001</misses>
				<total>27</total>
				<timestamp>1571.368491</timestamp>
			</report>
			<report>
				<misses>5075001</misses>
				<total>27</total>
				<timestamp>1571.678159</timestamp>
			</report>
			<report>
				<misses>5076001</misses>
				<total>27</total>
				<timestamp>1571.987907</timestamp>
			</report>
			<report>
				<misses>5077001</misses>
				<total>27</total>
				<timestamp>1572.297576</timestamp>
			</report>
			<report>
				<misses>5078001</misses>
				<total>27</total>
				<timestamp>1572.607250</timestamp>
			</report>
			<report>
				<misses>5079001</misses>
				<total>27</total>
				<timestamp>1572.916958</timestamp>
			</report>
			<report>
				<misses>5080001</misses>
				<total>27</total>
				<timestamp>1573.226624</timestamp>
			</report>
			<report>
				<misses>5081001</misses>
				<total>27</total>
				<timestamp>1573.536306</timestamp>
			</report>
			<report>
				<misses>5082001</misses>
				<total>27</total>
				<timestamp>1573.846026</timestamp>
			</report>
			<report>
				<misses>5083001</misses>
				<total>27</total>
				<timestamp>1574.155682</timestamp>
			</report>
			<report>
				<misses>5084001</misses>
				<total>27</total>
				<timestamp>1574.465415</timestamp>
			</report>
			<report>
				<misses>5085001</misses>
				<total>27</total>
				<timestamp>1574.775047</timestamp>
			</report>
			<report>
				<misses>5086001</misses>
				<total>27</total>
				<timestamp>1575.084767</timestamp>
			</report>
			<report>
				<misses>5087001</misses>
				<total>27</total>
				<timestamp>1575.394475</timestamp>
			</report>
			<report>
				<misses>5088001</misses>
				<total>27</total>
				<timestamp>1575.704130</timestamp>
			</report>
			<report>
				<misses>5089001</misses>
				<total>27</total>
				<timestamp>1576.013866</timestamp>
			</report>
			<report>
				<misses>5090001</misses>
				<total>27</total>
				<timestamp>1576.323518</timestamp>
			</report>
			<report>
				<misses>5091001</misses>
				<total>27</total>
				<timestamp>1576.633207</timestamp>
			</report>
			<report>
				<misses>5092001</misses>
				<total>27</total>
				<timestamp>1576.942887</timestamp>
			</report>
			<report>
				<misses>5093001</misses>
				<total>27</total>
				<timestamp>1577.252608</timestamp>
			</report>
			<report>
				<misses>5094001</misses>
				<total>27</total>
				<timestamp>1577.562258</timestamp>
			</report>
			<report>
				<misses>5095001</misses>
				<total>27</total>
				<timestamp>1577.871984</timestamp>
			</report>
			<report>
				<misses>5096001</misses>
				<total>27</total>
				<timestamp>1578.181655</timestamp>
			</report>
			<report>
				<misses>5097001</misses>
				<total>27</total>
				<timestamp>1578.491346</timestamp>
			</report>
			<report>
				<misses>5098001</misses>
				<total>27</total>
				<timestamp>1578.801053</timestamp>
			</report>
			<report>
				<misses>5099001</misses>
				<total>27</total>
				<timestamp>1579.110732</timestamp>
			</report>
			<report>
				<misses>5100001</misses>
				<total>27</total>
				<timestamp>1579.420440</timestamp>
			</report>
			<report>
				<misses>5101001</misses>
				<total>27</total>
				<timestamp>1579.730089</timestamp>
			</report>
			<report>
				<misses>5102001</misses>
				<total>27</total>
				<timestamp>1580.039819</timestamp>
			</report>
			<report>
				<misses>5103001</misses>
				<total>27</total>
				<timestamp>1580.349521</timestamp>
			</report>
			<report>
				<misses>5104001</misses>
				<total>27</total>
				<timestamp>1580.659160</timestamp>
			</report>
			<report>
				<misses>5105001</misses>
				<total>27</total>
				<timestamp>1580.968969</timestamp>
			</report>
			<report>
				<misses>5106001</misses>
				<total>27</total>
				<timestamp>1581.278548</timestamp>
			</report>
			<report>
				<misses>5107001</misses>
				<total>27</total>
				<timestamp>1581.588249</timestamp>
			</report>
			<report>
				<misses>5108001</misses>
				<total>27</total>
				<timestamp>1581.897956</timestamp>
			</report>
			<report>
				<misses>5109001</misses>
				<total>27</total>
				<timestamp>1582.207615</timestamp>
			</report>
			<report>
				<misses>5110001</misses>
				<total>27</total>
				<timestamp>1582.517309</timestamp>
			</report>
			<report>
				<misses>5111001</misses>
				<total>27</total>
				<timestamp>1582.826998</timestamp>
			</report>
			<report>
				<misses>5112001</misses>
				<total>27</total>
				<timestamp>1583.136721</timestamp>
			</report>
			<report>
				<misses>5113001</misses>
				<total>27</total>
				<timestamp>1583.446370</timestamp>
			</report>
			<report>
				<misses>5114001</misses>
				<total>27</total>
				<timestamp>1583.756079</timestamp>
			</report>
			<report>
				<misses>5115001</misses>
				<total>27</total>
				<timestamp>1584.065815</timestamp>
			</report>
			<report>
				<misses>5116001</misses>
				<total>27</total>
				<timestamp>1584.375475</timestamp>
			</report>
			<report>
				<misses>5117001</misses>
				<total>27</total>
				<timestamp>1584.685168</timestamp>
			</report>
			<report>
				<misses>5118001</misses>
				<total>27</total>
				<timestamp>1584.994917</timestamp>
			</report>
			<report>
				<misses>5119001</misses>
				<total>27</total>
				<timestamp>1585.304528</timestamp>
			</report>
			<report>
				<misses>5120001</misses>
				<total>27</total>
				<timestamp>1585.614225</timestamp>
			</report>
			<report>
				<misses>5121001</misses>
				<total>27</total>
				<timestamp>1585.923936</timestamp>
			</report>
			<report>
				<misses>5122001</misses>
				<total>27</total>
				<timestamp>1586.233616</timestamp>
			</report>
			<report>
				<misses>5123001</misses>
				<total>27</total>
				<timestamp>1586.543324</timestamp>
			</report>
			<report>
				<misses>5124001</misses>
				<total>27</total>
				<timestamp>1586.852965</timestamp>
			</report>
			<report>
				<misses>5125001</misses>
				<total>27</total>
				<timestamp>1587.162677</timestamp>
			</report>
			<report>
				<misses>5126001</misses>
				<total>27</total>
				<timestamp>1587.472366</timestamp>
			</report>
			<report>
				<misses>5127001</misses>
				<total>27</total>
				<timestamp>1587.782041</timestamp>
			</report>
			<report>
				<misses>5128001</misses>
				<total>27</total>
				<timestamp>1588.091805</timestamp>
			</report>
			<report>
				<misses>5129001</misses>
				<total>27</total>
				<timestamp>1588.401436</timestamp>
			</report>
			<report>
				<misses>5130001</misses>
				<total>27</total>
				<timestamp>1588.711139</timestamp>
			</report>
			<report>
				<misses>5131001</misses>
				<total>27</total>
				<timestamp>1589.020839</timestamp>
			</report>
			<report>
				<misses>5132001</misses>
				<total>27</total>
				<timestamp>1589.330511</timestamp>
			</report>
			<report>
				<misses>5133001</misses>
				<total>27</total>
				<timestamp>1589.640170</timestamp>
			</report>
			<report>
				<misses>5134001</misses>
				<total>27</total>
				<timestamp>1589.949895</timestamp>
			</report>
			<report>
				<misses>5135001</misses>
				<total>27</total>
				<timestamp>1590.259588</timestamp>
			</report>
			<report>
				<misses>5136001</misses>
				<total>27</total>
				<timestamp>1590.569275</timestamp>
			</report>
			<report>
				<misses>5137001</misses>
				<total>27</total>
				<timestamp>1590.878952</timestamp>
			</report>
			<report>
				<misses>5138001</misses>
				<total>27</total>
				<timestamp>1591.188658</timestamp>
			</report>
			<report>
				<misses>5139001</misses>
				<total>27</total>
				<timestamp>1591.498380</timestamp>
			</report>
			<report>
				<misses>5140001</misses>
				<total>27</total>
				<timestamp>1591.808035</timestamp>
			</report>
			<report>
				<misses>5141001</misses>
				<total>27</total>
				<timestamp>1592.117736</timestamp>
			</report>
			<report>
				<misses>5142001</misses>
				<total>27</total>
				<timestamp>1592.427387</timestamp>
			</report>
			<report>
				<misses>5143001</misses>
				<total>27</total>
				<timestamp>1592.737087</timestamp>
			</report>
			<report>
				<misses>5144001</misses>
				<total>27</total>
				<timestamp>1593.046787</timestamp>
			</report>
			<report>
				<misses>5145001</misses>
				<total>27</total>
				<timestamp>1593.356516</timestamp>
			</report>
			<report>
				<misses>5146001</misses>
				<total>27</total>
				<timestamp>1593.666144</timestamp>
			</report>
			<report>
				<misses>5147001</misses>
				<total>27</total>
				<timestamp>1593.975865</timestamp>
			</report>
			<report>
				<misses>5148001</misses>
				<total>27</total>
				<timestamp>1594.285570</timestamp>
			</report>
			<report>
				<misses>5149001</misses>
				<total>27</total>
				<timestamp>1594.595232</timestamp>
			</report>
			<report>
				<misses>5150001</misses>
				<total>27</total>
				<timestamp>1594.904925</timestamp>
			</report>
			<report>
				<misses>5151001</misses>
				<total>27</total>
				<timestamp>1595.214633</timestamp>
			</report>
			<report>
				<misses>5152001</misses>
				<total>27</total>
				<timestamp>1595.524347</timestamp>
			</report>
			<report>
				<misses>5153001</misses>
				<total>27</total>
				<timestamp>1595.833983</timestamp>
			</report>
			<report>
				<misses>5154001</misses>
				<total>27</total>
				<timestamp>1596.143770</timestamp>
			</report>
			<report>
				<misses>5155001</misses>
				<total>27</total>
				<timestamp>1596.453360</timestamp>
			</report>
			<report>
				<misses>5156001</misses>
				<total>27</total>
				<timestamp>1596.763103</timestamp>
			</report>
			<report>
				<misses>5157001</misses>
				<total>27</total>
				<timestamp>1597.072771</timestamp>
			</report>
			<report>
				<misses>5158001</misses>
				<total>27</total>
				<timestamp>1597.382459</timestamp>
			</report>
			<report>
				<misses>5159001</misses>
				<total>27</total>
				<timestamp>1597.692126</timestamp>
			</report>
			<report>
				<misses>5160001</misses>
				<total>27</total>
				<timestamp>1598.001831</timestamp>
			</report>
			<report>
				<misses>5161001</misses>
				<total>27</total>
				<timestamp>1598.311520</timestamp>
			</report>
			<report>
				<misses>5162001</misses>
				<total>27</total>
				<timestamp>1598.621265</timestamp>
			</report>
			<report>
				<misses>5163001</misses>
				<total>27</total>
				<timestamp>1598.930891</timestamp>
			</report>
			<report>
				<misses>5164001</misses>
				<total>27</total>
				<timestamp>1599.240597</timestamp>
			</report>
			<report>
				<misses>5165001</misses>
				<total>27</total>
				<timestamp>1599.550264</timestamp>
			</report>
			<report>
				<misses>5166001</misses>
				<total>27</total>
				<timestamp>1599.859978</timestamp>
			</report>
			<report>
				<misses>5167001</misses>
				<total>27</total>
				<timestamp>1600.169652</timestamp>
			</report>
			<report>
				<misses>5168001</misses>
				<total>27</total>
				<timestamp>1600.479354</timestamp>
			</report>
			<report>
				<misses>5169001</misses>
				<total>27</total>
				<timestamp>1600.789034</timestamp>
			</report>
			<report>
				<misses>5170001</misses>
				<total>27</total>
				<timestamp>1601.098740</timestamp>
			</report>
			<report>
				<misses>5171001</misses>
				<total>27</total>
				<timestamp>1601.408426</timestamp>
			</report>
			<report>
				<misses>5172001</misses>
				<total>27</total>
				<timestamp>1601.718106</timestamp>
			</report>
			<report>
				<misses>5173001</misses>
				<total>27</total>
				<timestamp>1602.027812</timestamp>
			</report>
			<report>
				<misses>5174001</misses>
				<total>27</total>
				<timestamp>1602.337495</timestamp>
			</report>
			<report>
				<misses>5175001</misses>
				<total>27</total>
				<timestamp>1602.647180</timestamp>
			</report>
			<report>
				<misses>5176001</misses>
				<total>27</total>
				<timestamp>1602.956877</timestamp>
			</report>
			<report>
				<misses>5177001</misses>
				<total>27</total>
				<timestamp>1603.266532</timestamp>
			</report>
			<report>
				<misses>5178001</misses>
				<total>27</total>
				<timestamp>1603.576247</timestamp>
			</report>
			<report>
				<misses>5179001</misses>
				<total>27</total>
				<timestamp>1603.885924</timestamp>
			</report>
			<report>
				<misses>5180001</misses>
				<total>27</total>
				<timestamp>1604.195709</timestamp>
			</report>
			<report>
				<misses>5181001</misses>
				<total>27</total>
				<timestamp>1604.505293</timestamp>
			</report>
			<report>
				<misses>5182001</misses>
				<total>27</total>
				<timestamp>1604.815026</timestamp>
			</report>
			<report>
				<misses>5183001</misses>
				<total>27</total>
				<timestamp>1605.124693</timestamp>
			</report>
			<report>
				<misses>5184001</misses>
				<total>27</total>
				<timestamp>1605.434367</timestamp>
			</report>
			<report>
				<misses>5185001</misses>
				<total>27</total>
				<timestamp>1605.744092</timestamp>
			</report>
			<report>
				<misses>5186001</misses>
				<total>27</total>
				<timestamp>1606.053767</timestamp>
			</report>
			<report>
				<misses>5187001</misses>
				<total>27</total>
				<timestamp>1606.363468</timestamp>
			</report>
			<report>
				<misses>5188001</misses>
				<total>27</total>
				<timestamp>1606.673168</timestamp>
			</report>
			<report>
				<misses>5189001</misses>
				<total>27</total>
				<timestamp>1606.982823</timestamp>
			</report>
			<report>
				<misses>5190001</misses>
				<total>27</total>
				<timestamp>1607.292541</timestamp>
			</report>
			<report>
				<misses>5191001</misses>
				<total>27</total>
				<timestamp>1607.602224</timestamp>
			</report>
			<report>
				<misses>5192001</misses>
				<total>27</total>
				<timestamp>1607.911907</timestamp>
			</report>
			<report>
				<misses>5193001</misses>
				<total>27</total>
				<timestamp>1608.221612</timestamp>
			</report>
			<report>
				<misses>5194001</misses>
				<total>27</total>
				<timestamp>1608.531272</timestamp>
			</report>
			<report>
				<misses>5195001</misses>
				<total>27</total>
				<timestamp>1608.840980</timestamp>
			</report>
			<report>
				<misses>5196001</misses>
				<total>27</total>
				<timestamp>1609.150704</timestamp>
			</report>
			<report>
				<misses>5197001</misses>
				<total>27</total>
				<timestamp>1609.460361</timestamp>
			</report>
			<report>
				<misses>5198001</misses>
				<total>27</total>
				<timestamp>1609.770091</timestamp>
			</report>
			<report>
				<misses>5199001</misses>
				<total>27</total>
				<timestamp>1610.079763</timestamp>
			</report>
			<report>
				<misses>5200001</misses>
				<total>27</total>
				<timestamp>1610.389438</timestamp>
			</report>
			<report>
				<misses>5201001</misses>
				<total>27</total>
				<timestamp>1610.699117</timestamp>
			</report>
			<report>
				<misses>5202001</misses>
				<total>27</total>
				<timestamp>1611.008831</timestamp>
			</report>
			<report>
				<misses>5203001</misses>
				<total>27</total>
				<timestamp>1611.318517</timestamp>
			</report>
			<report>
				<misses>5204001</misses>
				<total>27</total>
				<timestamp>1611.628206</timestamp>
			</report>
			<report>
				<misses>5205001</misses>
				<total>27</total>
				<timestamp>1611.937867</timestamp>
			</report>
			<report>
				<misses>5206001</misses>
				<total>27</total>
				<timestamp>1612.247561</timestamp>
			</report>
			<report>
				<misses>5207001</misses>
				<total>27</total>
				<timestamp>1612.557248</timestamp>
			</report>
			<report>
				<misses>5208001</misses>
				<total>27</total>
				<timestamp>1612.866929</timestamp>
			</report>
			<report>
				<misses>5209001</misses>
				<total>27</total>
				<timestamp>1613.176664</timestamp>
			</report>
			<report>
				<misses>5210001</misses>
				<total>27</total>
				<timestamp>1613.486316</timestamp>
			</report>
			<report>
				<misses>5211001</misses>
				<total>27</total>
				<timestamp>1613.796020</timestamp>
			</report>
			<report>
				<misses>5212001</misses>
				<total>27</total>
				<timestamp>1614.105725</timestamp>
			</report>
			<report>
				<misses>5213001</misses>
				<total>27</total>
				<timestamp>1614.415402</timestamp>
			</report>
			<report>
				<misses>5214001</misses>
				<total>27</total>
				<timestamp>1614.725093</timestamp>
			</report>
			<report>
				<misses>5215001</misses>
				<total>27</total>
				<timestamp>1615.034791</timestamp>
			</report>
			<report>
				<misses>5216001</misses>
				<total>27</total>
				<timestamp>1615.344462</timestamp>
			</report>
			<report>
				<misses>5217001</misses>
				<total>27</total>
				<timestamp>1615.654168</timestamp>
			</report>
			<report>
				<misses>5218001</misses>
				<total>27</total>
				<timestamp>1615.963842</timestamp>
			</report>
			<report>
				<misses>5219001</misses>
				<total>27</total>
				<timestamp>1616.273569</timestamp>
			</report>
			<report>
				<misses>5220001</misses>
				<total>27</total>
				<timestamp>1616.583232</timestamp>
			</report>
			<report>
				<misses>5221001</misses>
				<total>27</total>
				<timestamp>1616.892941</timestamp>
			</report>
			<report>
				<misses>5222001</misses>
				<total>27</total>
				<timestamp>1617.202607</timestamp>
			</report>
			<report>
				<misses>5223001</misses>
				<total>27</total>
				<timestamp>1617.512304</timestamp>
			</report>
			<report>
				<misses>5224001</misses>
				<total>27</total>
				<timestamp>1617.821978</timestamp>
			</report>
			<report>
				<misses>5225001</misses>
				<total>27</total>
				<timestamp>1618.131708</timestamp>
			</report>
			<report>
				<misses>5226001</misses>
				<total>27</total>
				<timestamp>1618.441368</timestamp>
			</report>
			<report>
				<misses>5227001</misses>
				<total>27</total>
				<timestamp>1618.751064</timestamp>
			</report>
			<report>
				<misses>5228001</misses>
				<total>27</total>
				<timestamp>1619.060750</timestamp>
			</report>
			<report>
				<misses>5229001</misses>
				<total>27</total>
				<timestamp>1619.370427</timestamp>
			</report>
			<report>
				<misses>5230001</misses>
				<total>27</total>
				<timestamp>1619.680129</timestamp>
			</report>
			<report>
				<misses>5231001</misses>
				<total>27</total>
				<timestamp>1619.989823</timestamp>
			</report>
			<report>
				<misses>5232001</misses>
				<total>27</total>
				<timestamp>1620.299540</timestamp>
			</report>
			<report>
				<misses>5233001</misses>
				<total>27</total>
				<timestamp>1620.609182</timestamp>
			</report>
			<report>
				<misses>5234001</misses>
				<total>27</total>
				<timestamp>1620.918889</timestamp>
			</report>
			<report>
				<misses>5235001</misses>
				<total>27</total>
				<timestamp>1621.228577</timestamp>
			</report>
			<report>
				<misses>5236001</misses>
				<total>27</total>
				<timestamp>1621.538271</timestamp>
			</report>
			<report>
				<misses>5237001</misses>
				<total>27</total>
				<timestamp>1621.847957</timestamp>
			</report>
			<report>
				<misses>5238001</misses>
				<total>27</total>
				<timestamp>1622.157654</timestamp>
			</report>
			<report>
				<misses>5239001</misses>
				<total>27</total>
				<timestamp>1622.467331</timestamp>
			</report>
			<report>
				<misses>5240001</misses>
				<total>27</total>
				<timestamp>1622.777068</timestamp>
			</report>
			<report>
				<misses>5241001</misses>
				<total>27</total>
				<timestamp>1623.086718</timestamp>
			</report>
			<report>
				<misses>5242001</misses>
				<total>27</total>
				<timestamp>1623.396389</timestamp>
			</report>
			<report>
				<misses>5243001</misses>
				<total>27</total>
				<timestamp>1623.706096</timestamp>
			</report>
			<report>
				<misses>5244001</misses>
				<total>27</total>
				<timestamp>1624.015803</timestamp>
			</report>
			<report>
				<misses>5245001</misses>
				<total>27</total>
				<timestamp>1624.325474</timestamp>
			</report>
			<report>
				<misses>5246001</misses>
				<total>27</total>
				<timestamp>1624.635176</timestamp>
			</report>
			<report>
				<misses>5247001</misses>
				<total>27</total>
				<timestamp>1624.944840</timestamp>
			</report>
			<report>
				<misses>5248001</misses>
				<total>27</total>
				<timestamp>1625.254563</timestamp>
			</report>
			<report>
				<misses>5249001</misses>
				<total>27</total>
				<timestamp>1625.564242</timestamp>
			</report>
			<report>
				<misses>5250001</misses>
				<total>27</total>
				<timestamp>1625.873931</timestamp>
			</report>
			<report>
				<misses>5251001</misses>
				<total>27</total>
				<timestamp>1626.183706</timestamp>
			</report>
			<report>
				<misses>5252001</misses>
				<total>27</total>
				<timestamp>1626.493287</timestamp>
			</report>
			<report>
				<misses>5253001</misses>
				<total>27</total>
				<timestamp>1626.803015</timestamp>
			</report>
			<report>
				<misses>5254001</misses>
				<total>27</total>
				<timestamp>1627.112682</timestamp>
			</report>
			<report>
				<misses>5255001</misses>
				<total>27</total>
				<timestamp>1627.422371</timestamp>
			</report>
			<report>
				<misses>5256001</misses>
				<total>27</total>
				<timestamp>1627.732054</timestamp>
			</report>
			<report>
				<misses>5257001</misses>
				<total>27</total>
				<timestamp>1628.041782</timestamp>
			</report>
			<report>
				<misses>5258001</misses>
				<total>27</total>
				<timestamp>1628.351432</timestamp>
			</report>
			<report>
				<misses>5259001</misses>
				<total>27</total>
				<timestamp>1628.661128</timestamp>
			</report>
			<report>
				<misses>5260001</misses>
				<total>27</total>
				<timestamp>1628.970840</timestamp>
			</report>
			<report>
				<misses>5261001</misses>
				<total>27</total>
				<timestamp>1629.280531</timestamp>
			</report>
			<report>
				<misses>5262001</misses>
				<total>27</total>
				<timestamp>1629.590221</timestamp>
			</report>
			<report>
				<misses>5263001</misses>
				<total>27</total>
				<timestamp>1629.899900</timestamp>
			</report>
			<report>
				<misses>5264001</misses>
				<total>27</total>
				<timestamp>1630.209616</timestamp>
			</report>
			<report>
				<misses>5265001</misses>
				<total>27</total>
				<timestamp>1630.519276</timestamp>
			</report>
			<report>
				<misses>5266001</misses>
				<total>27</total>
				<timestamp>1630.828951</timestamp>
			</report>
			<report>
				<misses>5267001</misses>
				<total>27</total>
				<timestamp>1631.138691</timestamp>
			</report>
			<report>
				<misses>5268001</misses>
				<total>27</total>
				<timestamp>1631.448331</timestamp>
			</report>
			<report>
				<misses>5269001</misses>
				<total>27</total>
				<timestamp>1631.758037</timestamp>
			</report>
			<report>
				<misses>5270001</misses>
				<total>27</total>
				<timestamp>1632.067715</timestamp>
			</report>
			<report>
				<misses>5271001</misses>
				<total>27</total>
				<timestamp>1632.377398</timestamp>
			</report>
			<report>
				<misses>5272001</misses>
				<total>27</total>
				<timestamp>1632.687116</timestamp>
			</report>
			<report>
				<misses>5273001</misses>
				<total>27</total>
				<timestamp>1632.996801</timestamp>
			</report>
			<report>
				<misses>5274001</misses>
				<total>27</total>
				<timestamp>1633.306545</timestamp>
			</report>
			<report>
				<misses>5275001</misses>
				<total>27</total>
				<timestamp>1633.616196</timestamp>
			</report>
			<report>
				<misses>5276001</misses>
				<total>27</total>
				<timestamp>1633.925879</timestamp>
			</report>
			<report>
				<misses>5277001</misses>
				<total>27</total>
				<timestamp>1634.235547</timestamp>
			</report>
			<report>
				<misses>5278001</misses>
				<total>27</total>
				<timestamp>1634.545258</timestamp>
			</report>
			<report>
				<misses>5279001</misses>
				<total>27</total>
				<timestamp>1634.854963</timestamp>
			</report>
			<report>
				<misses>5280001</misses>
				<total>27</total>
				<timestamp>1635.164613</timestamp>
			</report>
			<report>
				<misses>5281001</misses>
				<total>27</total>
				<timestamp>1635.474310</timestamp>
			</report>
			<report>
				<misses>5282001</misses>
				<total>27</total>
				<timestamp>1635.784013</timestamp>
			</report>
			<report>
				<misses>5283001</misses>
				<total>27</total>
				<timestamp>1636.093695</timestamp>
			</report>
			<report>
				<misses>5284001</misses>
				<total>27</total>
				<timestamp>1636.403382</timestamp>
			</report>
			<report>
				<misses>5285001</misses>
				<total>27</total>
				<timestamp>1636.713103</timestamp>
			</report>
			<report>
				<misses>5286001</misses>
				<total>27</total>
				<timestamp>1637.022768</timestamp>
			</report>
			<report>
				<misses>5287001</misses>
				<total>27</total>
				<timestamp>1637.332457</timestamp>
			</report>
			<report>
				<misses>5288001</misses>
				<total>27</total>
				<timestamp>1637.642143</timestamp>
			</report>
			<report>
				<misses>5289001</misses>
				<total>27</total>
				<timestamp>1637.951836</timestamp>
			</report>
			<report>
				<misses>5290001</misses>
				<total>27</total>
				<timestamp>1638.261554</timestamp>
			</report>
			<report>
				<misses>5291001</misses>
				<total>27</total>
				<timestamp>1638.571214</timestamp>
			</report>
			<report>
				<misses>5292001</misses>
				<total>27</total>
				<timestamp>1638.880899</timestamp>
			</report>
			<report>
				<misses>5293001</misses>
				<total>27</total>
				<timestamp>1639.190621</timestamp>
			</report>
			<report>
				<misses>5294001</misses>
				<total>27</total>
				<timestamp>1639.500275</timestamp>
			</report>
			<report>
				<misses>5295001</misses>
				<total>27</total>
				<timestamp>1639.809978</timestamp>
			</report>
			<report>
				<misses>5296001</misses>
				<total>27</total>
				<timestamp>1640.119650</timestamp>
			</report>
			<report>
				<misses>5297001</misses>
				<total>27</total>
				<timestamp>1640.429373</timestamp>
			</report>
			<report>
				<misses>5298001</misses>
				<total>27</total>
				<timestamp>1640.739040</timestamp>
			</report>
			<report>
				<misses>5299001</misses>
				<total>27</total>
				<timestamp>1641.048719</timestamp>
			</report>
			<report>
				<misses>5300001</misses>
				<total>27</total>
				<timestamp>1641.358440</timestamp>
			</report>
			<report>
				<misses>5301001</misses>
				<total>27</total>
				<timestamp>1641.668112</timestamp>
			</report>
			<report>
				<misses>5302001</misses>
				<total>27</total>
				<timestamp>1641.977822</timestamp>
			</report>
			<report>
				<misses>5303001</misses>
				<total>27</total>
				<timestamp>1642.287529</timestamp>
			</report>
			<report>
				<misses>5304001</misses>
				<total>27</total>
				<timestamp>1642.597178</timestamp>
			</report>
			<report>
				<misses>5305001</misses>
				<total>27</total>
				<timestamp>1642.906858</timestamp>
			</report>
			<report>
				<misses>5306001</misses>
				<total>27</total>
				<timestamp>1643.216581</timestamp>
			</report>
			<report>
				<misses>5307001</misses>
				<total>27</total>
				<timestamp>1643.526240</timestamp>
			</report>
			<report>
				<misses>5308001</misses>
				<total>27</total>
				<timestamp>1643.835955</timestamp>
			</report>
			<report>
				<misses>5309001</misses>
				<total>27</total>
				<timestamp>1644.145648</timestamp>
			</report>
			<report>
				<misses>5310001</misses>
				<total>27</total>
				<timestamp>1644.455321</timestamp>
			</report>
			<report>
				<misses>5311001</misses>
				<total>27</total>
				<timestamp>1644.765016</timestamp>
			</report>
			<report>
				<misses>5312001</misses>
				<total>27</total>
				<timestamp>1645.074708</timestamp>
			</report>
			<report>
				<misses>5313001</misses>
				<total>27</total>
				<timestamp>1645.384430</timestamp>
			</report>
			<report>
				<misses>5314001</misses>
				<total>27</total>
				<timestamp>1645.694087</timestamp>
			</report>
			<report>
				<misses>5315001</misses>
				<total>27</total>
				<timestamp>1646.003762</timestamp>
			</report>
			<report>
				<misses>5316001</misses>
				<total>27</total>
				<timestamp>1646.313527</timestamp>
			</report>
			<report>
				<misses>5317001</misses>
				<total>27</total>
				<timestamp>1646.623152</timestamp>
			</report>
			<report>
				<misses>5318001</misses>
				<total>27</total>
				<timestamp>1646.932838</timestamp>
			</report>
			<report>
				<misses>5319001</misses>
				<total>27</total>
				<timestamp>1647.242566</timestamp>
			</report>
			<report>
				<misses>5320001</misses>
				<total>27</total>
				<timestamp>1647.552254</timestamp>
			</report>
			<report>
				<misses>5321001</misses>
				<total>27</total>
				<timestamp>1647.861909</timestamp>
			</report>
			<report>
				<misses>5322001</misses>
				<total>27</total>
				<timestamp>1648.171620</timestamp>
			</report>
			<report>
				<misses>5323001</misses>
				<total>27</total>
				<timestamp>1648.481308</timestamp>
			</report>
			<report>
				<misses>5324001</misses>
				<total>27</total>
				<timestamp>1648.790992</timestamp>
			</report>
			<report>
				<misses>5325001</misses>
				<total>27</total>
				<timestamp>1649.100701</timestamp>
			</report>
			<report>
				<misses>5326001</misses>
				<total>27</total>
				<timestamp>1649.410378</timestamp>
			</report>
			<report>
				<misses>5327001</misses>
				<total>27</total>
				<timestamp>1649.720053</timestamp>
			</report>
			<report>
				<misses>5328001</misses>
				<total>27</total>
				<timestamp>1650.029758</timestamp>
			</report>
			<report>
				<misses>5329001</misses>
				<total>27</total>
				<timestamp>1650.339420</timestamp>
			</report>
			<report>
				<misses>5330001</misses>
				<total>27</total>
				<timestamp>1650.649097</timestamp>
			</report>
			<report>
				<misses>5331001</misses>
				<total>27</total>
				<timestamp>1650.958796</timestamp>
			</report>
			<report>
				<misses>5332001</misses>
				<total>27</total>
				<timestamp>1651.268533</timestamp>
			</report>
			<report>
				<misses>5333001</misses>
				<total>27</total>
				<timestamp>1651.578190</timestamp>
			</report>
			<report>
				<misses>5334001</misses>
				<total>27</total>
				<timestamp>1651.887886</timestamp>
			</report>
			<report>
				<misses>5335001</misses>
				<total>27</total>
				<timestamp>1652.197616</timestamp>
			</report>
			<report>
				<misses>5336001</misses>
				<total>27</total>
				<timestamp>1652.507258</timestamp>
			</report>
			<report>
				<misses>5337001</misses>
				<total>27</total>
				<timestamp>1652.816968</timestamp>
			</report>
			<report>
				<misses>5338001</misses>
				<total>27</total>
				<timestamp>1653.126646</timestamp>
			</report>
			<report>
				<misses>5339001</misses>
				<total>27</total>
				<timestamp>1653.436369</timestamp>
			</report>
			<report>
				<misses>5340001</misses>
				<total>27</total>
				<timestamp>1653.746018</timestamp>
			</report>
			<report>
				<misses>5341001</misses>
				<total>27</total>
				<timestamp>1654.055720</timestamp>
			</report>
			<report>
				<misses>5342001</misses>
				<total>27</total>
				<timestamp>1654.365383</timestamp>
			</report>
			<report>
				<misses>5343001</misses>
				<total>27</total>
				<timestamp>1654.675083</timestamp>
			</report>
			<report>
				<misses>5344001</misses>
				<total>27</total>
				<timestamp>1654.984779</timestamp>
			</report>
			<report>
				<misses>5345001</misses>
				<total>27</total>
				<timestamp>1655.294506</timestamp>
			</report>
			<report>
				<misses>5346001</misses>
				<total>27</total>
				<timestamp>1655.604175</timestamp>
			</report>
			<report>
				<misses>5347001</misses>
				<total>27</total>
				<timestamp>1655.913841</timestamp>
			</report>
			<report>
				<misses>5348001</misses>
				<total>27</total>
				<timestamp>1656.223635</timestamp>
			</report>
			<report>
				<misses>5349001</misses>
				<total>27</total>
				<timestamp>1656.533224</timestamp>
			</report>
			<report>
				<misses>5350001</misses>
				<total>27</total>
				<timestamp>1656.842906</timestamp>
			</report>
			<report>
				<misses>5351001</misses>
				<total>27</total>
				<timestamp>1657.152598</timestamp>
			</report>
			<report>
				<misses>5352001</misses>
				<total>27</total>
				<timestamp>1657.462341</timestamp>
			</report>
			<report>
				<misses>5353001</misses>
				<total>26</total>
				<timestamp>1657.772082</timestamp>
			</report>
			<report>
				<misses>5354001</misses>
				<total>27</total>
				<timestamp>1658.081681</timestamp>
			</report>
			<report>
				<misses>5355001</misses>
				<total>27</total>
				<timestamp>1658.391379</timestamp>
			</report>
			<report>
				<misses>5356001</misses>
				<total>27</total>
				<timestamp>1658.701060</timestamp>
			</report>
			<report>
				<misses>5357001</misses>
				<total>27</total>
				<timestamp>1659.010756</timestamp>
			</report>
			<report>
				<misses>5358001</misses>
				<total>27</total>
				<timestamp>1659.320480</timestamp>
			</report>
			<report>
				<misses>5359001</misses>
				<total>27</total>
				<timestamp>1659.630115</timestamp>
			</report>
			<report>
				<misses>5360001</misses>
				<total>27</total>
				<timestamp>1659.939799</timestamp>
			</report>
			<report>
				<misses>5361001</misses>
				<total>27</total>
				<timestamp>1660.249507</timestamp>
			</report>
			<report>
				<misses>5362001</misses>
				<total>27</total>
				<timestamp>1660.559188</timestamp>
			</report>
			<report>
				<misses>5363001</misses>
				<total>27</total>
				<timestamp>1660.868892</timestamp>
			</report>
			<report>
				<misses>5364001</misses>
				<total>27</total>
				<timestamp>1661.178560</timestamp>
			</report>
			<report>
				<misses>5365001</misses>
				<total>27</total>
				<timestamp>1661.488310</timestamp>
			</report>
			<report>
				<misses>5366001</misses>
				<total>27</total>
				<timestamp>1661.797951</timestamp>
			</report>
			<report>
				<misses>5367001</misses>
				<total>27</total>
				<timestamp>1662.107661</timestamp>
			</report>
			<report>
				<misses>5368001</misses>
				<total>27</total>
				<timestamp>1662.417364</timestamp>
			</report>
			<report>
				<misses>5369001</misses>
				<total>27</total>
				<timestamp>1662.727068</timestamp>
			</report>
			<report>
				<misses>5370001</misses>
				<total>27</total>
				<timestamp>1663.036711</timestamp>
			</report>
			<report>
				<misses>5371001</misses>
				<total>27</total>
				<timestamp>1663.346485</timestamp>
			</report>
			<report>
				<misses>5372001</misses>
				<total>27</total>
				<timestamp>1663.656127</timestamp>
			</report>
			<report>
				<misses>5373001</misses>
				<total>27</total>
				<timestamp>1663.965791</timestamp>
			</report>
			<report>
				<misses>5374001</misses>
				<total>27</total>
				<timestamp>1664.275492</timestamp>
			</report>
			<report>
				<misses>5375001</misses>
				<total>27</total>
				<timestamp>1664.585176</timestamp>
			</report>
			<report>
				<misses>5376001</misses>
				<total>27</total>
				<timestamp>1664.894877</timestamp>
			</report>
			<report>
				<misses>5377001</misses>
				<total>27</total>
				<timestamp>1665.204554</timestamp>
			</report>
			<report>
				<misses>5378001</misses>
				<total>27</total>
				<timestamp>1665.514259</timestamp>
			</report>
			<report>
				<misses>5379001</misses>
				<total>27</total>
				<timestamp>1665.823990</timestamp>
			</report>
			<report>
				<misses>5380001</misses>
				<total>27</total>
				<timestamp>1666.133644</timestamp>
			</report>
			<report>
				<misses>5381001</misses>
				<total>27</total>
				<timestamp>1666.443329</timestamp>
			</report>
			<report>
				<misses>5382001</misses>
				<total>27</total>
				<timestamp>1666.753023</timestamp>
			</report>
			<report>
				<misses>5383001</misses>
				<total>27</total>
				<timestamp>1667.062686</timestamp>
			</report>
			<report>
				<misses>5384001</misses>
				<total>27</total>
				<timestamp>1667.372422</timestamp>
			</report>
			<report>
				<misses>5385001</misses>
				<total>27</total>
				<timestamp>1667.682059</timestamp>
			</report>
			<report>
				<misses>5386001</misses>
				<total>27</total>
				<timestamp>1667.991761</timestamp>
			</report>
			<report>
				<misses>5387001</misses>
				<total>27</total>
				<timestamp>1668.301487</timestamp>
			</report>
			<report>
				<misses>5388001</misses>
				<total>27</total>
				<timestamp>1668.611122</timestamp>
			</report>
			<report>
				<misses>5389001</misses>
				<total>27</total>
				<timestamp>1668.920826</timestamp>
			</report>
			<report>
				<misses>5390001</misses>
				<total>27</total>
				<timestamp>1669.230515</timestamp>
			</report>
			<report>
				<misses>5391001</misses>
				<total>27</total>
				<timestamp>1669.540207</timestamp>
			</report>
			<report>
				<misses>5392001</misses>
				<total>27</total>
				<timestamp>1669.849871</timestamp>
			</report>
			<report>
				<misses>5393001</misses>
				<total>27</total>
				<timestamp>1670.159584</timestamp>
			</report>
			<report>
				<misses>5394001</misses>
				<total>27</total>
				<timestamp>1670.469315</timestamp>
			</report>
			<report>
				<misses>5395001</misses>
				<total>27</total>
				<timestamp>1670.778992</timestamp>
			</report>
			<report>
				<misses>5396001</misses>
				<total>27</total>
				<timestamp>1671.088656</timestamp>
			</report>
			<report>
				<misses>5397001</misses>
				<total>27</total>
				<timestamp>1671.398425</timestamp>
			</report>
			<report>
				<misses>5398001</misses>
				<total>27</total>
				<timestamp>1671.708089</timestamp>
			</report>
			<report>
				<misses>5399001</misses>
				<total>27</total>
				<timestamp>1672.017732</timestamp>
			</report>
			<report>
				<misses>5400001</misses>
				<total>27</total>
				<timestamp>1672.327424</timestamp>
			</report>
			<report>
				<misses>5401001</misses>
				<total>27</total>
				<timestamp>1672.637100</timestamp>
			</report>
			<report>
				<misses>5402001</misses>
				<total>27</total>
				<timestamp>1672.946808</timestamp>
			</report>
			<report>
				<misses>5403001</misses>
				<total>27</total>
				<timestamp>1673.256539</timestamp>
			</report>
			<report>
				<misses>5404001</misses>
				<total>27</total>
				<timestamp>1673.566234</timestamp>
			</report>
			<report>
				<misses>5405001</misses>
				<total>27</total>
				<timestamp>1673.875885</timestamp>
			</report>
			<report>
				<misses>5406001</misses>
				<total>27</total>
				<timestamp>1674.185596</timestamp>
			</report>
			<report>
				<misses>5407001</misses>
				<total>27</total>
				<timestamp>1674.495275</timestamp>
			</report>
			<report>
				<misses>5408001</misses>
				<total>27</total>
				<timestamp>1674.804924</timestamp>
			</report>
			<report>
				<misses>5409001</misses>
				<total>27</total>
				<timestamp>1675.114631</timestamp>
			</report>
			<report>
				<misses>5410001</misses>
				<total>27</total>
				<timestamp>1675.424336</timestamp>
			</report>
			<report>
				<misses>5411001</misses>
				<total>27</total>
				<timestamp>1675.734011</timestamp>
			</report>
			<report>
				<misses>5412001</misses>
				<total>27</total>
				<timestamp>1676.043698</timestamp>
			</report>
			<report>
				<misses>5413001</misses>
				<total>27</total>
				<timestamp>1676.353425</timestamp>
			</report>
			<report>
				<misses>5414001</misses>
				<total>27</total>
				<timestamp>1676.663071</timestamp>
			</report>
			<report>
				<misses>5415001</misses>
				<total>27</total>
				<timestamp>1676.972764</timestamp>
			</report>
			<report>
				<misses>5416001</misses>
				<total>27</total>
				<timestamp>1677.282485</timestamp>
			</report>
			<report>
				<misses>5417001</misses>
				<total>27</total>
				<timestamp>1677.592158</timestamp>
			</report>
			<report>
				<misses>5418001</misses>
				<total>27</total>
				<timestamp>1677.901849</timestamp>
			</report>
			<report>
				<misses>5419001</misses>
				<total>27</total>
				<timestamp>1678.211559</timestamp>
			</report>
			<report>
				<misses>5420001</misses>
				<total>27</total>
				<timestamp>1678.521268</timestamp>
			</report>
			<report>
				<misses>5421001</misses>
				<total>27</total>
				<timestamp>1678.830905</timestamp>
			</report>
			<report>
				<misses>5422001</misses>
				<total>27</total>
				<timestamp>1679.140598</timestamp>
			</report>
			<report>
				<misses>5423001</misses>
				<total>27</total>
				<timestamp>1679.450299</timestamp>
			</report>
			<report>
				<misses>5424001</misses>
				<total>27</total>
				<timestamp>1679.759967</timestamp>
			</report>
			<report>
				<misses>5425001</misses>
				<total>27</total>
				<timestamp>1680.069662</timestamp>
			</report>
			<report>
				<misses>5426001</misses>
				<total>27</total>
				<timestamp>1680.379375</timestamp>
			</report>
			<report>
				<misses>5427001</misses>
				<total>27</total>
				<timestamp>1680.689079</timestamp>
			</report>
			<report>
				<misses>5428001</misses>
				<total>27</total>
				<timestamp>1680.998755</timestamp>
			</report>
			<report>
				<misses>5429001</misses>
				<total>27</total>
				<timestamp>1681.308446</timestamp>
			</report>
			<report>
				<misses>5430001</misses>
				<total>27</total>
				<timestamp>1681.618126</timestamp>
			</report>
			<report>
				<misses>5431001</misses>
				<total>27</total>
				<timestamp>1681.927820</timestamp>
			</report>
			<report>
				<misses>5432001</misses>
				<total>27</total>
				<timestamp>1682.237517</timestamp>
			</report>
			<report>
				<misses>5433001</misses>
				<total>27</total>
				<timestamp>1682.547185</timestamp>
			</report>
			<report>
				<misses>5434001</misses>
				<total>27</total>
				<timestamp>1682.856902</timestamp>
			</report>
			<report>
				<misses>5435001</misses>
				<total>27</total>
				<timestamp>1683.166585</timestamp>
			</report>
			<report>
				<misses>5436001</misses>
				<total>27</total>
				<timestamp>1683.476275</timestamp>
			</report>
			<report>
				<misses>5437001</misses>
				<total>27</total>
				<timestamp>1683.785939</timestamp>
			</report>
			<report>
				<misses>5438001</misses>
				<total>27</total>
				<timestamp>1684.095640</timestamp>
			</report>
			<report>
				<misses>5439001</misses>
				<total>27</total>
				<timestamp>1684.405356</timestamp>
			</report>
			<report>
				<misses>5440001</misses>
				<total>27</total>
				<timestamp>1684.715001</timestamp>
			</report>
			<report>
				<misses>5441001</misses>
				<total>27</total>
				<timestamp>1685.024730</timestamp>
			</report>
			<report>
				<misses>5442001</misses>
				<total>27</total>
				<timestamp>1685.334418</timestamp>
			</report>
			<report>
				<misses>5443001</misses>
				<total>27</total>
				<timestamp>1685.644095</timestamp>
			</report>
			<report>
				<misses>5444001</misses>
				<total>27</total>
				<timestamp>1685.953779</timestamp>
			</report>
			<report>
				<misses>5445001</misses>
				<total>27</total>
				<timestamp>1686.263484</timestamp>
			</report>
			<report>
				<misses>5446001</misses>
				<total>27</total>
				<timestamp>1686.573192</timestamp>
			</report>
			<report>
				<misses>5447001</misses>
				<total>27</total>
				<timestamp>1686.882856</timestamp>
			</report>
			<report>
				<misses>5448001</misses>
				<total>27</total>
				<timestamp>1687.192558</timestamp>
			</report>
			<report>
				<misses>5449001</misses>
				<total>27</total>
				<timestamp>1687.502221</timestamp>
			</report>
			<report>
				<misses>5450001</misses>
				<total>27</total>
				<timestamp>1687.811958</timestamp>
			</report>
			<report>
				<misses>5451001</misses>
				<total>27</total>
				<timestamp>1688.121628</timestamp>
			</report>
			<report>
				<misses>5452001</misses>
				<total>27</total>
				<timestamp>1688.431317</timestamp>
			</report>
			<report>
				<misses>5453001</misses>
				<total>27</total>
				<timestamp>1688.741011</timestamp>
			</report>
			<report>
				<misses>5454001</misses>
				<total>27</total>
				<timestamp>1689.050672</timestamp>
			</report>
			<report>
				<misses>5455001</misses>
				<total>27</total>
				<timestamp>1689.360384</timestamp>
			</report>
			<report>
				<misses>5456001</misses>
				<total>27</total>
				<timestamp>1689.670067</timestamp>
			</report>
			<report>
				<misses>5457001</misses>
				<total>27</total>
				<timestamp>1689.979748</timestamp>
			</report>
			<report>
				<misses>5458001</misses>
				<total>27</total>
				<timestamp>1690.289471</timestamp>
			</report>
			<report>
				<misses>5459001</misses>
				<total>27</total>
				<timestamp>1690.599166</timestamp>
			</report>
			<report>
				<misses>5460001</misses>
				<total>27</total>
				<timestamp>1690.908831</timestamp>
			</report>
			<report>
				<misses>5461001</misses>
				<total>27</total>
				<timestamp>1691.218504</timestamp>
			</report>
			<report>
				<misses>5462001</misses>
				<total>27</total>
				<timestamp>1691.528205</timestamp>
			</report>
			<report>
				<misses>5463001</misses>
				<total>27</total>
				<timestamp>1691.837906</timestamp>
			</report>
			<report>
				<misses>5464001</misses>
				<total>27</total>
				<timestamp>1692.147577</timestamp>
			</report>
			<report>
				<misses>5465001</misses>
				<total>27</total>
				<timestamp>1692.457270</timestamp>
			</report>
			<report>
				<misses>5466001</misses>
				<total>27</total>
				<timestamp>1692.766968</timestamp>
			</report>
			<report>
				<misses>5467001</misses>
				<total>27</total>
				<timestamp>1693.076671</timestamp>
			</report>
			<report>
				<misses>5468001</misses>
				<total>27</total>
				<timestamp>1693.386329</timestamp>
			</report>
			<report>
				<misses>5469001</misses>
				<total>27</total>
				<timestamp>1693.696070</timestamp>
			</report>
			<report>
				<misses>5470001</misses>
				<total>27</total>
				<timestamp>1694.005716</timestamp>
			</report>
			<report>
				<misses>5471001</misses>
				<total>27</total>
				<timestamp>1694.315400</timestamp>
			</report>
			<report>
				<misses>5472001</misses>
				<total>27</total>
				<timestamp>1694.625096</timestamp>
			</report>
			<report>
				<misses>5473001</misses>
				<total>27</total>
				<timestamp>1694.934813</timestamp>
			</report>
			<report>
				<misses>5474001</misses>
				<total>27</total>
				<timestamp>1695.244479</timestamp>
			</report>
			<report>
				<misses>5475001</misses>
				<total>27</total>
				<timestamp>1695.554214</timestamp>
			</report>
			<report>
				<misses>5476001</misses>
				<total>27</total>
				<timestamp>1695.863872</timestamp>
			</report>
			<report>
				<misses>5477001</misses>
				<total>27</total>
				<timestamp>1696.173568</timestamp>
			</report>
			<report>
				<misses>5478001</misses>
				<total>27</total>
				<timestamp>1696.483259</timestamp>
			</report>
			<report>
				<misses>5479001</misses>
				<total>27</total>
				<timestamp>1696.792917</timestamp>
			</report>
			<report>
				<misses>5480001</misses>
				<total>27</total>
				<timestamp>1697.102637</timestamp>
			</report>
			<report>
				<misses>5481001</misses>
				<total>27</total>
				<timestamp>1697.412346</timestamp>
			</report>
			<report>
				<misses>5482001</misses>
				<total>27</total>
				<timestamp>1697.722005</timestamp>
			</report>
			<report>
				<misses>5483001</misses>
				<total>27</total>
				<timestamp>1698.031690</timestamp>
			</report>
			<report>
				<misses>5484001</misses>
				<total>27</total>
				<timestamp>1698.341409</timestamp>
			</report>
			<report>
				<misses>5485001</misses>
				<total>27</total>
				<timestamp>1698.651085</timestamp>
			</report>
			<report>
				<misses>5486001</misses>
				<total>27</total>
				<timestamp>1698.960753</timestamp>
			</report>
			<report>
				<misses>5487001</misses>
				<total>27</total>
				<timestamp>1699.270472</timestamp>
			</report>
			<report>
				<misses>5488001</misses>
				<total>27</total>
				<timestamp>1699.580136</timestamp>
			</report>
			<report>
				<misses>5489001</misses>
				<total>27</total>
				<timestamp>1699.889835</timestamp>
			</report>
			<report>
				<misses>5490001</misses>
				<total>27</total>
				<timestamp>1700.199604</timestamp>
			</report>
			<report>
				<misses>5491001</misses>
				<total>27</total>
				<timestamp>1700.509209</timestamp>
			</report>
			<report>
				<misses>5492001</misses>
				<total>27</total>
				<timestamp>1700.818875</timestamp>
			</report>
			<report>
				<misses>5493001</misses>
				<total>27</total>
				<timestamp>1701.128593</timestamp>
			</report>
			<report>
				<misses>5494001</misses>
				<total>27</total>
				<timestamp>1701.438269</timestamp>
			</report>
			<report>
				<misses>5495001</misses>
				<total>27</total>
				<timestamp>1701.748006</timestamp>
			</report>
			<report>
				<misses>5496001</misses>
				<total>27</total>
				<timestamp>1702.057650</timestamp>
			</report>
			<report>
				<misses>5497001</misses>
				<total>27</total>
				<timestamp>1702.367351</timestamp>
			</report>
			<report>
				<misses>5498001</misses>
				<total>27</total>
				<timestamp>1702.677054</timestamp>
			</report>
			<report>
				<misses>5499001</misses>
				<total>27</total>
				<timestamp>1702.986767</timestamp>
			</report>
			<report>
				<misses>5500001</misses>
				<total>27</total>
				<timestamp>1703.296419</timestamp>
			</report>
			<report>
				<misses>5501001</misses>
				<total>27</total>
				<timestamp>1703.606097</timestamp>
			</report>
			<report>
				<misses>5502001</misses>
				<total>27</total>
				<timestamp>1703.915792</timestamp>
			</report>
			<report>
				<misses>5503001</misses>
				<total>27</total>
				<timestamp>1704.225491</timestamp>
			</report>
			<report>
				<misses>5504001</misses>
				<total>27</total>
				<timestamp>1704.535183</timestamp>
			</report>
			<report>
				<misses>5505001</misses>
				<total>27</total>
				<timestamp>1704.844862</timestamp>
			</report>
			<report>
				<misses>5506001</misses>
				<total>27</total>
				<timestamp>1705.154544</timestamp>
			</report>
			<report>
				<misses>5507001</misses>
				<total>27</total>
				<timestamp>1705.464265</timestamp>
			</report>
			<report>
				<misses>5508001</misses>
				<total>27</total>
				<timestamp>1705.773957</timestamp>
			</report>
			<report>
				<misses>5509001</misses>
				<total>27</total>
				<timestamp>1706.083603</timestamp>
			</report>
			<report>
				<misses>5510001</misses>
				<total>27</total>
				<timestamp>1706.393316</timestamp>
			</report>
			<report>
				<misses>5511001</misses>
				<total>27</total>
				<timestamp>1706.703040</timestamp>
			</report>
			<report>
				<misses>5512001</misses>
				<total>27</total>
				<timestamp>1707.012696</timestamp>
			</report>
			<report>
				<misses>5513001</misses>
				<total>27</total>
				<timestamp>1707.322410</timestamp>
			</report>
			<report>
				<misses>5514001</misses>
				<total>27</total>
				<timestamp>1707.632096</timestamp>
			</report>
			<report>
				<misses>5515001</misses>
				<total>27</total>
				<timestamp>1707.941769</timestamp>
			</report>
			<report>
				<misses>5516001</misses>
				<total>27</total>
				<timestamp>1708.251450</timestamp>
			</report>
			<report>
				<misses>5517001</misses>
				<total>27</total>
				<timestamp>1708.561152</timestamp>
			</report>
			<report>
				<misses>5518001</misses>
				<total>27</total>
				<timestamp>1708.870827</timestamp>
			</report>
			<report>
				<misses>5519001</misses>
				<total>27</total>
				<timestamp>1709.180529</timestamp>
			</report>
			<report>
				<misses>5520001</misses>
				<total>27</total>
				<timestamp>1709.490222</timestamp>
			</report>
			<report>
				<misses>5521001</misses>
				<total>27</total>
				<timestamp>1709.799911</timestamp>
			</report>
			<report>
				<misses>5522001</misses>
				<total>27</total>
				<timestamp>1710.109588</timestamp>
			</report>
			<report>
				<misses>5523001</misses>
				<total>27</total>
				<timestamp>1710.419299</timestamp>
			</report>
			<report>
				<misses>5524001</misses>
				<total>27</total>
				<timestamp>1710.729023</timestamp>
			</report>
			<report>
				<misses>5525001</misses>
				<total>27</total>
				<timestamp>1711.038706</timestamp>
			</report>
			<report>
				<misses>5526001</misses>
				<total>27</total>
				<timestamp>1711.348386</timestamp>
			</report>
			<report>
				<misses>5527001</misses>
				<total>27</total>
				<timestamp>1711.658069</timestamp>
			</report>
			<report>
				<misses>5528001</misses>
				<total>27</total>
				<timestamp>1711.967748</timestamp>
			</report>
			<report>
				<misses>5529001</misses>
				<total>27</total>
				<timestamp>1712.277429</timestamp>
			</report>
			<report>
				<misses>5530001</misses>
				<total>27</total>
				<timestamp>1712.587137</timestamp>
			</report>
			<report>
				<misses>5531001</misses>
				<total>27</total>
				<timestamp>1712.896816</timestamp>
			</report>
			<report>
				<misses>5532001</misses>
				<total>27</total>
				<timestamp>1713.206530</timestamp>
			</report>
			<report>
				<misses>5533001</misses>
				<total>27</total>
				<timestamp>1713.516174</timestamp>
			</report>
			<report>
				<misses>5534001</misses>
				<total>27</total>
				<timestamp>1713.825891</timestamp>
			</report>
			<report>
				<misses>5535001</misses>
				<total>27</total>
				<timestamp>1714.135586</timestamp>
			</report>
			<report>
				<misses>5536001</misses>
				<total>27</total>
				<timestamp>1714.445281</timestamp>
			</report>
			<report>
				<misses>5537001</misses>
				<total>27</total>
				<timestamp>1714.754947</timestamp>
			</report>
			<report>
				<misses>5538001</misses>
				<total>27</total>
				<timestamp>1715.064624</timestamp>
			</report>
			<report>
				<misses>5539001</misses>
				<total>27</total>
				<timestamp>1715.374335</timestamp>
			</report>
			<report>
				<misses>5540001</misses>
				<total>27</total>
				<timestamp>1715.684030</timestamp>
			</report>
			<report>
				<misses>5541001</misses>
				<total>27</total>
				<timestamp>1715.993712</timestamp>
			</report>
			<report>
				<misses>5542001</misses>
				<total>27</total>
				<timestamp>1716.303423</timestamp>
			</report>
			<report>
				<misses>5543001</misses>
				<total>27</total>
				<timestamp>1716.613111</timestamp>
			</report>
			<report>
				<misses>5544001</misses>
				<total>27</total>
				<timestamp>1716.922807</timestamp>
			</report>
			<report>
				<misses>5545001</misses>
				<total>27</total>
				<timestamp>1717.232565</timestamp>
			</report>
			<report>
				<misses>5546001</misses>
				<total>27</total>
				<timestamp>1717.542176</timestamp>
			</report>
			<report>
				<misses>5547001</misses>
				<total>27</total>
				<timestamp>1717.851844</timestamp>
			</report>
			<report>
				<misses>5548001</misses>
				<total>27</total>
				<timestamp>1718.161535</timestamp>
			</report>
			<report>
				<misses>5549001</misses>
				<total>27</total>
				<timestamp>1718.471219</timestamp>
			</report>
			<report>
				<misses>5550001</misses>
				<total>27</total>
				<timestamp>1718.781010</timestamp>
			</report>
			<report>
				<misses>5551001</misses>
				<total>27</total>
				<timestamp>1719.090625</timestamp>
			</report>
			<report>
				<misses>5552001</misses>
				<total>27</total>
				<timestamp>1719.400305</timestamp>
			</report>
			<report>
				<misses>5553001</misses>
				<total>27</total>
				<timestamp>1719.710024</timestamp>
			</report>
			<report>
				<misses>5554001</misses>
				<total>27</total>
				<timestamp>1720.019711</timestamp>
			</report>
			<report>
				<misses>5555001</misses>
				<total>27</total>
				<timestamp>1720.329362</timestamp>
			</report>
			<report>
				<misses>5556001</misses>
				<total>27</total>
				<timestamp>1720.639069</timestamp>
			</report>
			<report>
				<misses>5557001</misses>
				<total>27</total>
				<timestamp>1720.948743</timestamp>
			</report>
			<report>
				<misses>5558001</misses>
				<total>27</total>
				<timestamp>1721.258445</timestamp>
			</report>
			<report>
				<misses>5559001</misses>
				<total>27</total>
				<timestamp>1721.568123</timestamp>
			</report>
			<report>
				<misses>5560001</misses>
				<total>27</total>
				<timestamp>1721.877856</timestamp>
			</report>
			<report>
				<misses>5561001</misses>
				<total>27</total>
				<timestamp>1722.187527</timestamp>
			</report>
			<report>
				<misses>5562001</misses>
				<total>27</total>
				<timestamp>1722.497205</timestamp>
			</report>
			<report>
				<misses>5563001</misses>
				<total>27</total>
				<timestamp>1722.806897</timestamp>
			</report>
			<report>
				<misses>5564001</misses>
				<total>27</total>
				<timestamp>1723.116575</timestamp>
			</report>
			<report>
				<misses>5565001</misses>
				<total>27</total>
				<timestamp>1723.426267</timestamp>
			</report>
			<report>
				<misses>5566001</misses>
				<total>27</total>
				<timestamp>1723.735954</timestamp>
			</report>
			<report>
				<misses>5567001</misses>
				<total>27</total>
				<timestamp>1724.045633</timestamp>
			</report>
			<report>
				<misses>5568001</misses>
				<total>27</total>
				<timestamp>1724.355349</timestamp>
			</report>
			<report>
				<misses>5569001</misses>
				<total>27</total>
				<timestamp>1724.665054</timestamp>
			</report>
			<report>
				<misses>5570001</misses>
				<total>27</total>
				<timestamp>1724.974706</timestamp>
			</report>
			<report>
				<misses>5571001</misses>
				<total>27</total>
				<timestamp>1725.284397</timestamp>
			</report>
			<report>
				<misses>5572001</misses>
				<total>27</total>
				<timestamp>1725.594135</timestamp>
			</report>
			<report>
				<misses>5573001</misses>
				<total>27</total>
				<timestamp>1725.903786</timestamp>
			</report>
			<report>
				<misses>5574001</misses>
				<total>27</total>
				<timestamp>1726.213500</timestamp>
			</report>
			<report>
				<misses>5575001</misses>
				<total>27</total>
				<timestamp>1726.523171</timestamp>
			</report>
			<report>
				<misses>5576001</misses>
				<total>27</total>
				<timestamp>1726.832873</timestamp>
			</report>
			<report>
				<misses>5577001</misses>
				<total>27</total>
				<timestamp>1727.142550</timestamp>
			</report>
			<report>
				<misses>5578001</misses>
				<total>27</total>
				<timestamp>1727.452248</timestamp>
			</report>
			<report>
				<misses>5579001</misses>
				<total>27</total>
				<timestamp>1727.761933</timestamp>
			</report>
			<report>
				<misses>5580001</misses>
				<total>27</total>
				<timestamp>1728.071640</timestamp>
			</report>
			<report>
				<misses>5581001</misses>
				<total>27</total>
				<timestamp>1728.381308</timestamp>
			</report>
			<report>
				<misses>5582001</misses>
				<total>27</total>
				<timestamp>1728.691012</timestamp>
			</report>
			<report>
				<misses>5583001</misses>
				<total>27</total>
				<timestamp>1729.000701</timestamp>
			</report>
			<report>
				<misses>5584001</misses>
				<total>27</total>
				<timestamp>1729.310379</timestamp>
			</report>
			<report>
				<misses>5585001</misses>
				<total>27</total>
				<timestamp>1729.620070</timestamp>
			</report>
			<report>
				<misses>5586001</misses>
				<total>27</total>
				<timestamp>1729.929764</timestamp>
			</report>
			<report>
				<misses>5587001</misses>
				<total>27</total>
				<timestamp>1730.239448</timestamp>
			</report>
			<report>
				<misses>5588001</misses>
				<total>27</total>
				<timestamp>1730.549161</timestamp>
			</report>
			<report>
				<misses>5589001</misses>
				<total>27</total>
				<timestamp>1730.858862</timestamp>
			</report>
			<report>
				<misses>5590001</misses>
				<total>27</total>
				<timestamp>1731.168560</timestamp>
			</report>
			<report>
				<misses>5591001</misses>
				<total>27</total>
				<timestamp>1731.478197</timestamp>
			</report>
			<report>
				<misses>5592001</misses>
				<total>27</total>
				<timestamp>1731.787904</timestamp>
			</report>
			<report>
				<misses>5593001</misses>
				<total>27</total>
				<timestamp>1732.097574</timestamp>
			</report>
			<report>
				<misses>5594001</misses>
				<total>27</total>
				<timestamp>1732.407271</timestamp>
			</report>
			<report>
				<misses>5595001</misses>
				<total>27</total>
				<timestamp>1732.716988</timestamp>
			</report>
			<report>
				<misses>5596001</misses>
				<total>27</total>
				<timestamp>1733.026663</timestamp>
			</report>
			<report>
				<misses>5597001</misses>
				<total>27</total>
				<timestamp>1733.336390</timestamp>
			</report>
			<report>
				<misses>5598001</misses>
				<total>27</total>
				<timestamp>1733.646036</timestamp>
			</report>
			<report>
				<misses>5599001</misses>
				<total>27</total>
				<timestamp>1733.955753</timestamp>
			</report>
			<report>
				<misses>5600001</misses>
				<total>27</total>
				<timestamp>1734.265460</timestamp>
			</report>
			<report>
				<misses>5601001</misses>
				<total>27</total>
				<timestamp>1734.575118</timestamp>
			</report>
			<report>
				<misses>5602001</misses>
				<total>27</total>
				<timestamp>1734.884820</timestamp>
			</report>
			<report>
				<misses>5603001</misses>
				<total>27</total>
				<timestamp>1735.194517</timestamp>
			</report>
			<report>
				<misses>5604001</misses>
				<total>27</total>
				<timestamp>1735.504184</timestamp>
			</report>
			<report>
				<misses>5605001</misses>
				<total>27</total>
				<timestamp>1735.813878</timestamp>
			</report>
			<report>
				<misses>5606001</misses>
				<total>27</total>
				<timestamp>1736.123584</timestamp>
			</report>
			<report>
				<misses>5607001</misses>
				<total>27</total>
				<timestamp>1736.433252</timestamp>
			</report>
			<report>
				<misses>5608001</misses>
				<total>27</total>
				<timestamp>1736.743001</timestamp>
			</report>
			<report>
				<misses>5609001</misses>
				<total>27</total>
				<timestamp>1737.052629</timestamp>
			</report>
			<report>
				<misses>5610001</misses>
				<total>27</total>
				<timestamp>1737.362293</timestamp>
			</report>
			<report>
				<misses>5611001</misses>
				<total>27</total>
				<timestamp>1737.671999</timestamp>
			</report>
			<report>
				<misses>5612001</misses>
				<total>27</total>
				<timestamp>1737.981724</timestamp>
			</report>
			<report>
				<misses>5613001</misses>
				<total>27</total>
				<timestamp>1738.291407</timestamp>
			</report>
			<report>
				<misses>5614001</misses>
				<total>27</total>
				<timestamp>1738.601081</timestamp>
			</report>
			<report>
				<misses>5615001</misses>
				<total>27</total>
				<timestamp>1738.910850</timestamp>
			</report>
			<report>
				<misses>5616001</misses>
				<total>27</total>
				<timestamp>1739.220485</timestamp>
			</report>
			<report>
				<misses>5617001</misses>
				<total>27</total>
				<timestamp>1739.530153</timestamp>
			</report>
			<report>
				<misses>5618001</misses>
				<total>27</total>
				<timestamp>1739.839857</timestamp>
			</report>
			<report>
				<misses>5619001</misses>
				<total>27</total>
				<timestamp>1740.149540</timestamp>
			</report>
			<report>
				<misses>5620001</misses>
				<total>27</total>
				<timestamp>1740.459214</timestamp>
			</report>
			<report>
				<misses>5621001</misses>
				<total>27</total>
				<timestamp>1740.768948</timestamp>
			</report>
			<report>
				<misses>5622001</misses>
				<total>27</total>
				<timestamp>1741.078671</timestamp>
			</report>
			<report>
				<misses>5623001</misses>
				<total>27</total>
				<timestamp>1741.388319</timestamp>
			</report>
			<report>
				<misses>5624001</misses>
				<total>27</total>
				<timestamp>1741.697987</timestamp>
			</report>
			<report>
				<misses>5625001</misses>
				<total>27</total>
				<timestamp>1742.007665</timestamp>
			</report>
			<report>
				<misses>5626001</misses>
				<total>27</total>
				<timestamp>1742.317351</timestamp>
			</report>
			<report>
				<misses>5627001</misses>
				<total>27</total>
				<timestamp>1742.627070</timestamp>
			</report>
			<report>
				<misses>5628001</misses>
				<total>27</total>
				<timestamp>1742.936794</timestamp>
			</report>
			<report>
				<misses>5629001</misses>
				<total>27</total>
				<timestamp>1743.246427</timestamp>
			</report>
			<report>
				<misses>5630001</misses>
				<total>27</total>
				<timestamp>1743.556110</timestamp>
			</report>
			<report>
				<misses>5631001</misses>
				<total>27</total>
				<timestamp>1743.865836</timestamp>
			</report>
			<report>
				<misses>5632001</misses>
				<total>27</total>
				<timestamp>1744.175526</timestamp>
			</report>
			<report>
				<misses>5633001</misses>
				<total>27</total>
				<timestamp>1744.485190</timestamp>
			</report>
			<report>
				<misses>5634001</misses>
				<total>27</total>
				<timestamp>1744.794904</timestamp>
			</report>
			<report>
				<misses>5635001</misses>
				<total>27</total>
				<timestamp>1745.104575</timestamp>
			</report>
			<report>
				<misses>5636001</misses>
				<total>27</total>
				<timestamp>1745.414273</timestamp>
			</report>
			<report>
				<misses>5637001</misses>
				<total>27</total>
				<timestamp>1745.723963</timestamp>
			</report>
			<report>
				<misses>5638001</misses>
				<total>27</total>
				<timestamp>1746.033651</timestamp>
			</report>
			<report>
				<misses>5639001</misses>
				<total>27</total>
				<timestamp>1746.343339</timestamp>
			</report>
			<report>
				<misses>5640001</misses>
				<total>27</total>
				<timestamp>1746.653032</timestamp>
			</report>
			<report>
				<misses>5641001</misses>
				<total>27</total>
				<timestamp>1746.962716</timestamp>
			</report>
			<report>
				<misses>5642001</misses>
				<total>27</total>
				<timestamp>1747.272383</timestamp>
			</report>
			<report>
				<misses>5643001</misses>
				<total>27</total>
				<timestamp>1747.582104</timestamp>
			</report>
			<report>
				<misses>5644001</misses>
				<total>27</total>
				<timestamp>1747.891775</timestamp>
			</report>
			<report>
				<misses>5645001</misses>
				<total>27</total>
				<timestamp>1748.201505</timestamp>
			</report>
			<report>
				<misses>5646001</misses>
				<total>27</total>
				<timestamp>1748.511148</timestamp>
			</report>
			<report>
				<misses>5647001</misses>
				<total>27</total>
				<timestamp>1748.820895</timestamp>
			</report>
			<report>
				<misses>5648001</misses>
				<total>27</total>
				<timestamp>1749.130540</timestamp>
			</report>
			<report>
				<misses>5649001</misses>
				<total>27</total>
				<timestamp>1749.440224</timestamp>
			</report>
			<report>
				<misses>5650001</misses>
				<total>27</total>
				<timestamp>1749.749939</timestamp>
			</report>
			<report>
				<misses>5651001</misses>
				<total>27</total>
				<timestamp>1750.059622</timestamp>
			</report>
			<report>
				<misses>5652001</misses>
				<total>27</total>
				<timestamp>1750.369312</timestamp>
			</report>
			<report>
				<misses>5653001</misses>
				<total>27</total>
				<timestamp>1750.678990</timestamp>
			</report>
			<report>
				<misses>5654001</misses>
				<total>27</total>
				<timestamp>1750.988733</timestamp>
			</report>
			<report>
				<misses>5655001</misses>
				<total>27</total>
				<timestamp>1751.298358</timestamp>
			</report>
			<report>
				<misses>5656001</misses>
				<total>27</total>
				<timestamp>1751.608137</timestamp>
			</report>
			<report>
				<misses>5657001</misses>
				<total>27</total>
				<timestamp>1751.917744</timestamp>
			</report>
			<report>
				<misses>5658001</misses>
				<total>27</total>
				<timestamp>1752.227489</timestamp>
			</report>
			<report>
				<misses>5659001</misses>
				<total>27</total>
				<timestamp>1752.537124</timestamp>
			</report>
			<report>
				<misses>5660001</misses>
				<total>27</total>
				<timestamp>1752.846875</timestamp>
			</report>
			<report>
				<misses>5661001</misses>
				<total>27</total>
				<timestamp>1753.156520</timestamp>
			</report>
			<report>
				<misses>5662001</misses>
				<total>27</total>
				<timestamp>1753.466203</timestamp>
			</report>
			<report>
				<misses>5663001</misses>
				<total>27</total>
				<timestamp>1753.775881</timestamp>
			</report>
			<report>
				<misses>5664001</misses>
				<total>27</total>
				<timestamp>1754.085594</timestamp>
			</report>
			<report>
				<misses>5665001</misses>
				<total>27</total>
				<timestamp>1754.395271</timestamp>
			</report>
			<report>
				<misses>5666001</misses>
				<total>27</total>
				<timestamp>1754.704946</timestamp>
			</report>
			<report>
				<misses>5667001</misses>
				<total>27</total>
				<timestamp>1755.014643</timestamp>
			</report>
			<report>
				<misses>5668001</misses>
				<total>27</total>
				<timestamp>1755.324363</timestamp>
			</report>
			<report>
				<misses>5669001</misses>
				<total>27</total>
				<timestamp>1755.634059</timestamp>
			</report>
			<report>
				<misses>5670001</misses>
				<total>27</total>
				<timestamp>1755.943727</timestamp>
			</report>
			<report>
				<misses>5671001</misses>
				<total>27</total>
				<timestamp>1756.253420</timestamp>
			</report>
			<report>
				<misses>5672001</misses>
				<total>27</total>
				<timestamp>1756.563092</timestamp>
			</report>
			<report>
				<misses>5673001</misses>
				<total>27</total>
				<timestamp>1756.872824</timestamp>
			</report>
			<report>
				<misses>5674001</misses>
				<total>27</total>
				<timestamp>1757.182559</timestamp>
			</report>
			<report>
				<misses>5675001</misses>
				<total>27</total>
				<timestamp>1757.492192</timestamp>
			</report>
			<report>
				<misses>5676001</misses>
				<total>27</total>
				<timestamp>1757.801893</timestamp>
			</report>
			<report>
				<misses>5677001</misses>
				<total>27</total>
				<timestamp>1758.111558</timestamp>
			</report>
			<report>
				<misses>5678001</misses>
				<total>27</total>
				<timestamp>1758.421224</timestamp>
			</report>
			<report>
				<misses>5679001</misses>
				<total>27</total>
				<timestamp>1758.730923</timestamp>
			</report>
			<report>
				<misses>5680001</misses>
				<total>27</total>
				<timestamp>1759.040648</timestamp>
			</report>
			<report>
				<misses>5681001</misses>
				<total>27</total>
				<timestamp>1759.350361</timestamp>
			</report>
			<report>
				<misses>5682001</misses>
				<total>27</total>
				<timestamp>1759.660006</timestamp>
			</report>
			<report>
				<misses>5683001</misses>
				<total>27</total>
				<timestamp>1759.969717</timestamp>
			</report>
			<report>
				<misses>5684001</misses>
				<total>27</total>
				<timestamp>1760.279376</timestamp>
			</report>
			<report>
				<misses>5685001</misses>
				<total>27</total>
				<timestamp>1760.589059</timestamp>
			</report>
			<report>
				<misses>5686001</misses>
				<total>27</total>
				<timestamp>1760.898759</timestamp>
			</report>
			<report>
				<misses>5687001</misses>
				<total>27</total>
				<timestamp>1761.208438</timestamp>
			</report>
			<report>
				<misses>5688001</misses>
				<total>27</total>
				<timestamp>1761.518151</timestamp>
			</report>
			<report>
				<misses>5689001</misses>
				<total>27</total>
				<timestamp>1761.827820</timestamp>
			</report>
			<report>
				<misses>5690001</misses>
				<total>27</total>
				<timestamp>1762.137520</timestamp>
			</report>
			<report>
				<misses>5691001</misses>
				<total>27</total>
				<timestamp>1762.447239</timestamp>
			</report>
			<report>
				<misses>5692001</misses>
				<total>27</total>
				<timestamp>1762.756898</timestamp>
			</report>
			<report>
				<misses>5693001</misses>
				<total>27</total>
				<timestamp>1763.066582</timestamp>
			</report>
			<report>
				<misses>5694001</misses>
				<total>27</total>
				<timestamp>1763.376276</timestamp>
			</report>
			<report>
				<misses>5695001</misses>
				<total>27</total>
				<timestamp>1763.686002</timestamp>
			</report>
			<report>
				<misses>5696001</misses>
				<total>27</total>
				<timestamp>1763.995716</timestamp>
			</report>
			<report>
				<misses>5697001</misses>
				<total>27</total>
				<timestamp>1764.305339</timestamp>
			</report>
			<report>
				<misses>5698001</misses>
				<total>27</total>
				<timestamp>1764.615027</timestamp>
			</report>
			<report>
				<misses>5699001</misses>
				<total>27</total>
				<timestamp>1764.924752</timestamp>
			</report>
			<report>
				<misses>5700001</misses>
				<total>27</total>
				<timestamp>1765.234412</timestamp>
			</report>
			<report>
				<misses>5701001</misses>
				<total>27</total>
				<timestamp>1765.544105</timestamp>
			</report>
			<report>
				<misses>5702001</misses>
				<total>27</total>
				<timestamp>1765.853785</timestamp>
			</report>
			<report>
				<misses>5703001</misses>
				<total>27</total>
				<timestamp>1766.163496</timestamp>
			</report>
			<report>
				<misses>5704001</misses>
				<total>27</total>
				<timestamp>1766.473174</timestamp>
			</report>
			<report>
				<misses>5705001</misses>
				<total>27</total>
				<timestamp>1766.782866</timestamp>
			</report>
			<report>
				<misses>5706001</misses>
				<total>27</total>
				<timestamp>1767.092548</timestamp>
			</report>
			<report>
				<misses>5707001</misses>
				<total>27</total>
				<timestamp>1767.402228</timestamp>
			</report>
			<report>
				<misses>5708001</misses>
				<total>27</total>
				<timestamp>1767.711938</timestamp>
			</report>
			<report>
				<misses>5709001</misses>
				<total>27</total>
				<timestamp>1768.021645</timestamp>
			</report>
			<report>
				<misses>5710001</misses>
				<total>27</total>
				<timestamp>1768.331301</timestamp>
			</report>
			<report>
				<misses>5711001</misses>
				<total>27</total>
				<timestamp>1768.641008</timestamp>
			</report>
			<report>
				<misses>5712001</misses>
				<total>27</total>
				<timestamp>1768.950710</timestamp>
			</report>
			<report>
				<misses>5713001</misses>
				<total>27</total>
				<timestamp>1769.260369</timestamp>
			</report>
			<report>
				<misses>5714001</misses>
				<total>27</total>
				<timestamp>1769.570058</timestamp>
			</report>
			<report>
				<misses>5715001</misses>
				<total>27</total>
				<timestamp>1769.879783</timestamp>
			</report>
			<report>
				<misses>5716001</misses>
				<total>27</total>
				<timestamp>1770.189458</timestamp>
			</report>
			<report>
				<misses>5717001</misses>
				<total>27</total>
				<timestamp>1770.499144</timestamp>
			</report>
			<report>
				<misses>5718001</misses>
				<total>27</total>
				<timestamp>1770.808811</timestamp>
			</report>
			<report>
				<misses>5719001</misses>
				<total>27</total>
				<timestamp>1771.118518</timestamp>
			</report>
			<report>
				<misses>5720001</misses>
				<total>27</total>
				<timestamp>1771.428214</timestamp>
			</report>
			<report>
				<misses>5721001</misses>
				<total>27</total>
				<timestamp>1771.738248</timestamp>
			</report>
			<report>
				<misses>5722001</misses>
				<total>27</total>
				<timestamp>1772.047905</timestamp>
			</report>
			<report>
				<misses>5723001</misses>
				<total>27</total>
				<timestamp>1772.357628</timestamp>
			</report>
			<report>
				<misses>5724001</misses>
				<total>27</total>
				<timestamp>1772.667288</timestamp>
			</report>
			<report>
				<misses>5725001</misses>
				<total>27</total>
				<timestamp>1772.977006</timestamp>
			</report>
			<report>
				<misses>5726001</misses>
				<total>27</total>
				<timestamp>1773.286652</timestamp>
			</report>
			<report>
				<misses>5727001</misses>
				<total>27</total>
				<timestamp>1773.596341</timestamp>
			</report>
			<report>
				<misses>5728001</misses>
				<total>27</total>
				<timestamp>1773.906067</timestamp>
			</report>
			<report>
				<misses>5729001</misses>
				<total>27</total>
				<timestamp>1774.215772</timestamp>
			</report>
			<report>
				<misses>5730001</misses>
				<total>27</total>
				<timestamp>1774.525432</timestamp>
			</report>
			<report>
				<misses>5731001</misses>
				<total>27</total>
				<timestamp>1774.835127</timestamp>
			</report>
			<report>
				<misses>5732001</misses>
				<total>27</total>
				<timestamp>1775.144797</timestamp>
			</report>
			<report>
				<misses>5733001</misses>
				<total>27</total>
				<timestamp>1775.454502</timestamp>
			</report>
			<report>
				<misses>5734001</misses>
				<total>27</total>
				<timestamp>1775.764185</timestamp>
			</report>
			<report>
				<misses>5735001</misses>
				<total>27</total>
				<timestamp>1776.073872</timestamp>
			</report>
			<report>
				<misses>5736001</misses>
				<total>27</total>
				<timestamp>1776.383571</timestamp>
			</report>
			<report>
				<misses>5737001</misses>
				<total>27</total>
				<timestamp>1776.693241</timestamp>
			</report>
			<report>
				<misses>5738001</misses>
				<total>27</total>
				<timestamp>1777.002942</timestamp>
			</report>
			<report>
				<misses>5739001</misses>
				<total>27</total>
				<timestamp>1777.312665</timestamp>
			</report>
			<report>
				<misses>5740001</misses>
				<total>27</total>
				<timestamp>1777.622333</timestamp>
			</report>
			<report>
				<misses>5741001</misses>
				<total>27</total>
				<timestamp>1777.932051</timestamp>
			</report>
			<report>
				<misses>5742001</misses>
				<total>27</total>
				<timestamp>1778.241743</timestamp>
			</report>
			<report>
				<misses>5743001</misses>
				<total>27</total>
				<timestamp>1778.551383</timestamp>
			</report>
			<report>
				<misses>5744001</misses>
				<total>27</total>
				<timestamp>1778.861072</timestamp>
			</report>
			<report>
				<misses>5745001</misses>
				<total>27</total>
				<timestamp>1779.170782</timestamp>
			</report>
			<report>
				<misses>5746001</misses>
				<total>27</total>
				<timestamp>1779.480492</timestamp>
			</report>
			<report>
				<misses>5747001</misses>
				<total>27</total>
				<timestamp>1779.790165</timestamp>
			</report>
			<report>
				<misses>5748001</misses>
				<total>27</total>
				<timestamp>1780.099844</timestamp>
			</report>
			<report>
				<misses>5749001</misses>
				<total>27</total>
				<timestamp>1780.409665</timestamp>
			</report>
			<report>
				<misses>5750001</misses>
				<total>27</total>
				<timestamp>1780.719225</timestamp>
			</report>
			<report>
				<misses>5751001</misses>
				<total>27</total>
				<timestamp>1781.028927</timestamp>
			</report>
			<report>
				<misses>5752001</misses>
				<total>27</total>
				<timestamp>1781.338649</timestamp>
			</report>
			<report>
				<misses>5753001</misses>
				<total>27</total>
				<timestamp>1781.648280</timestamp>
			</report>
			<report>
				<misses>5754001</misses>
				<total>27</total>
				<timestamp>1781.957984</timestamp>
			</report>
			<report>
				<misses>5755001</misses>
				<total>27</total>
				<timestamp>1782.267730</timestamp>
			</report>
			<report>
				<misses>5756001</misses>
				<total>27</total>
				<timestamp>1782.577377</timestamp>
			</report>
			<report>
				<misses>5757001</misses>
				<total>27</total>
				<timestamp>1782.887071</timestamp>
			</report>
			<report>
				<misses>5758001</misses>
				<total>27</total>
				<timestamp>1783.196768</timestamp>
			</report>
			<report>
				<misses>5759001</misses>
				<total>27</total>
				<timestamp>1783.506453</timestamp>
			</report>
			<report>
				<misses>5760001</misses>
				<total>27</total>
				<timestamp>1783.816134</timestamp>
			</report>
			<report>
				<misses>5761001</misses>
				<total>27</total>
				<timestamp>1784.125828</timestamp>
			</report>
			<report>
				<misses>5762001</misses>
				<total>27</total>
				<timestamp>1784.435533</timestamp>
			</report>
			<report>
				<misses>5763001</misses>
				<total>28</total>
				<timestamp>1784.745198</timestamp>
			</report>
			<report>
				<misses>5764001</misses>
				<total>28</total>
				<timestamp>1785.054879</timestamp>
			</report>
			<report>
				<misses>5765001</misses>
				<total>28</total>
				<timestamp>1785.364604</timestamp>
			</report>
			<report>
				<misses>5766001</misses>
				<total>28</total>
				<timestamp>1785.674276</timestamp>
			</report>
			<report>
				<misses>5767001</misses>
				<total>28</total>
				<timestamp>1785.983955</timestamp>
			</report>
			<report>
				<misses>5768001</misses>
				<total>28</total>
				<timestamp>1786.293668</timestamp>
			</report>
			<report>
				<misses>5769001</misses>
				<total>28</total>
				<timestamp>1786.603333</timestamp>
			</report>
			<report>
				<misses>5770001</misses>
				<total>28</total>
				<timestamp>1786.913039</timestamp>
			</report>
			<report>
				<misses>5771001</misses>
				<total>28</total>
				<timestamp>1787.222750</timestamp>
			</report>
			<report>
				<misses>5772001</misses>
				<total>28</total>
				<timestamp>1787.532461</timestamp>
			</report>
			<report>
				<misses>5773001</misses>
				<total>28</total>
				<timestamp>1787.842092</timestamp>
			</report>
			<report>
				<misses>5774001</misses>
				<total>28</total>
				<timestamp>1788.151787</timestamp>
			</report>
			<report>
				<misses>5775001</misses>
				<total>28</total>
				<timestamp>1788.461566</timestamp>
			</report>
			<report>
				<misses>5776001</misses>
				<total>28</total>
				<timestamp>1788.771167</timestamp>
			</report>
			<report>
				<misses>5777001</misses>
				<total>28</total>
				<timestamp>1789.080872</timestamp>
			</report>
			<report>
				<misses>5778001</misses>
				<total>28</total>
				<timestamp>1789.390573</timestamp>
			</report>
			<report>
				<misses>5779001</misses>
				<total>28</total>
				<timestamp>1789.700280</timestamp>
			</report>
			<report>
				<misses>5780001</misses>
				<total>28</total>
				<timestamp>1790.009928</timestamp>
			</report>
			<report>
				<misses>5781001</misses>
				<total>28</total>
				<timestamp>1790.319678</timestamp>
			</report>
			<report>
				<misses>5782001</misses>
				<total>28</total>
				<timestamp>1790.629334</timestamp>
			</report>
			<report>
				<misses>5783001</misses>
				<total>28</total>
				<timestamp>1790.939025</timestamp>
			</report>
			<report>
				<misses>5784001</misses>
				<total>28</total>
				<timestamp>1791.248717</timestamp>
			</report>
			<report>
				<misses>5785001</misses>
				<total>28</total>
				<timestamp>1791.558377</timestamp>
			</report>
			<report>
				<misses>5786001</misses>
				<total>28</total>
				<timestamp>1791.868081</timestamp>
			</report>
			<report>
				<misses>5787001</misses>
				<total>28</total>
				<timestamp>1792.177770</timestamp>
			</report>
			<report>
				<misses>5788001</misses>
				<total>28</total>
				<timestamp>1792.487491</timestamp>
			</report>
			<report>
				<misses>5789001</misses>
				<total>29</total>
				<timestamp>1792.797197</timestamp>
			</report>
			<report>
				<misses>5790001</misses>
				<total>29</total>
				<timestamp>1793.106827</timestamp>
			</report>
			<report>
				<misses>5791001</misses>
				<total>29</total>
				<timestamp>1793.416540</timestamp>
			</report>
			<report>
				<misses>5792001</misses>
				<total>29</total>
				<timestamp>1793.726210</timestamp>
			</report>
			<report>
				<misses>5793001</misses>
				<total>29</total>
				<timestamp>1794.035923</timestamp>
			</report>
			<report>
				<misses>5794001</misses>
				<total>29</total>
				<timestamp>1794.345642</timestamp>
			</report>
			<report>
				<misses>5795001</misses>
				<total>29</total>
				<timestamp>1794.655275</timestamp>
			</report>
			<report>
				<misses>5796001</misses>
				<total>29</total>
				<timestamp>1794.964950</timestamp>
			</report>
			<report>
				<misses>5797001</misses>
				<total>29</total>
				<timestamp>1795.274694</timestamp>
			</report>
			<report>
				<misses>5798001</misses>
				<total>29</total>
				<timestamp>1795.584340</timestamp>
			</report>
			<report>
				<misses>5799001</misses>
				<total>29</total>
				<timestamp>1795.894027</timestamp>
			</report>
			<report>
				<misses>5800001</misses>
				<total>29</total>
				<timestamp>1796.203732</timestamp>
			</report>
			<report>
				<misses>5801001</misses>
				<total>29</total>
				<timestamp>1796.513475</timestamp>
			</report>
			<report>
				<misses>5802001</misses>
				<total>29</total>
				<timestamp>1796.823095</timestamp>
			</report>
			<report>
				<misses>5803001</misses>
				<total>29</total>
				<timestamp>1797.132798</timestamp>
			</report>
			<report>
				<misses>5804001</misses>
				<total>29</total>
				<timestamp>1797.442523</timestamp>
			</report>
			<report>
				<misses>5805001</misses>
				<total>29</total>
				<timestamp>1797.752205</timestamp>
			</report>
			<report>
				<misses>5806001</misses>
				<total>29</total>
				<timestamp>1798.061870</timestamp>
			</report>
			<report>
				<misses>5807001</misses>
				<total>29</total>
				<timestamp>1798.371580</timestamp>
			</report>
			<report>
				<misses>5808001</misses>
				<total>29</total>
				<timestamp>1798.681232</timestamp>
			</report>
			<report>
				<misses>5809001</misses>
				<total>29</total>
				<timestamp>1798.990928</timestamp>
			</report>
			<report>
				<misses>5810001</misses>
				<total>29</total>
				<timestamp>1799.300634</timestamp>
			</report>
			<report>
				<misses>5811001</misses>
				<total>29</total>
				<timestamp>1799.610302</timestamp>
			</report>
			<report>
				<misses>5812001</misses>
				<total>29</total>
				<timestamp>1799.920005</timestamp>
			</report>
			<report>
				<misses>5813001</misses>
				<total>29</total>
				<timestamp>1800.229705</timestamp>
			</report>
			<report>
				<misses>5814001</misses>
				<total>29</total>
				<timestamp>1800.539398</timestamp>
			</report>
			<report>
				<misses>5815001</misses>
				<total>29</total>
				<timestamp>1800.849054</timestamp>
			</report>
			<report>
				<misses>5816001</misses>
				<total>29</total>
				<timestamp>1801.158758</timestamp>
			</report>
			<report>
				<misses>5817001</misses>
				<total>29</total>
				<timestamp>1801.468485</timestamp>
			</report>
			<report>
				<misses>5818001</misses>
				<total>29</total>
				<timestamp>1801.778153</timestamp>
			</report>
			<report>
				<misses>5819001</misses>
				<total>29</total>
				<timestamp>1802.087847</timestamp>
			</report>
			<report>
				<misses>5820001</misses>
				<total>29</total>
				<timestamp>1802.397573</timestamp>
			</report>
			<report>
				<misses>5821001</misses>
				<total>29</total>
				<timestamp>1802.707211</timestamp>
			</report>
			<report>
				<misses>5822001</misses>
				<total>29</total>
				<timestamp>1803.016937</timestamp>
			</report>
			<report>
				<misses>5823001</misses>
				<total>29</total>
				<timestamp>1803.326657</timestamp>
			</report>
			<report>
				<misses>5824001</misses>
				<total>29</total>
				<timestamp>1803.636286</timestamp>
			</report>
			<report>
				<misses>5825001</misses>
				<total>29</total>
				<timestamp>1803.946013</timestamp>
			</report>
			<report>
				<misses>5826001</misses>
				<total>29</total>
				<timestamp>1804.255705</timestamp>
			</report>
			<report>
				<misses>5827001</misses>
				<total>29</total>
				<timestamp>1804.565419</timestamp>
			</report>
			<report>
				<misses>5828001</misses>
				<total>29</total>
				<timestamp>1804.875050</timestamp>
			</report>
			<report>
				<misses>5829001</misses>
				<total>29</total>
				<timestamp>1805.184731</timestamp>
			</report>
			<report>
				<misses>5830001</misses>
				<total>29</total>
				<timestamp>1805.494434</timestamp>
			</report>
			<report>
				<misses>5831001</misses>
				<total>29</total>
				<timestamp>1805.804124</timestamp>
			</report>
			<report>
				<misses>5832001</misses>
				<total>29</total>
				<timestamp>1806.113825</timestamp>
			</report>
			<report>
				<misses>5833001</misses>
				<total>29</total>
				<timestamp>1806.423520</timestamp>
			</report>
			<report>
				<misses>5834001</misses>
				<total>29</total>
				<timestamp>1806.733201</timestamp>
			</report>
			<report>
				<misses>5835001</misses>
				<total>29</total>
				<timestamp>1807.042882</timestamp>
			</report>
			<report>
				<misses>5836001</misses>
				<total>29</total>
				<timestamp>1807.352587</timestamp>
			</report>
			<report>
				<misses>5837001</misses>
				<total>29</total>
				<timestamp>1807.662265</timestamp>
			</report>
			<report>
				<misses>5838001</misses>
				<total>29</total>
				<timestamp>1807.971966</timestamp>
			</report>
			<report>
				<misses>5839001</misses>
				<total>29</total>
				<timestamp>1808.281661</timestamp>
			</report>
			<report>
				<misses>5840001</misses>
				<total>29</total>
				<timestamp>1808.591380</timestamp>
			</report>
			<report>
				<misses>5841001</misses>
				<total>29</total>
				<timestamp>1808.901010</timestamp>
			</report>
			<report>
				<misses>5842001</misses>
				<total>29</total>
				<timestamp>1809.210696</timestamp>
			</report>
			<report>
				<misses>5843001</misses>
				<total>29</total>
				<timestamp>1809.520422</timestamp>
			</report>
			<report>
				<misses>5844001</misses>
				<total>29</total>
				<timestamp>1809.830078</timestamp>
			</report>
			<report>
				<misses>5845001</misses>
				<total>29</total>
				<timestamp>1810.139804</timestamp>
			</report>
			<report>
				<misses>5846001</misses>
				<total>29</total>
				<timestamp>1810.449504</timestamp>
			</report>
			<report>
				<misses>5847001</misses>
				<total>29</total>
				<timestamp>1810.759193</timestamp>
			</report>
			<report>
				<misses>5848001</misses>
				<total>29</total>
				<timestamp>1811.068857</timestamp>
			</report>
			<report>
				<misses>5849001</misses>
				<total>29</total>
				<timestamp>1811.378578</timestamp>
			</report>
			<report>
				<misses>5850001</misses>
				<total>29</total>
				<timestamp>1811.688233</timestamp>
			</report>
			<report>
				<misses>5851001</misses>
				<total>29</total>
				<timestamp>1811.997914</timestamp>
			</report>
			<report>
				<misses>5852001</misses>
				<total>29</total>
				<timestamp>1812.307617</timestamp>
			</report>
			<report>
				<misses>5853001</misses>
				<total>29</total>
				<timestamp>1812.617307</timestamp>
			</report>
			<report>
				<misses>5854001</misses>
				<total>29</total>
				<timestamp>1812.926993</timestamp>
			</report>
			<report>
				<misses>5855001</misses>
				<total>29</total>
				<timestamp>1813.236703</timestamp>
			</report>
			<report>
				<misses>5856001</misses>
				<total>29</total>
				<timestamp>1813.546394</timestamp>
			</report>
			<report>
				<misses>5857001</misses>
				<total>29</total>
				<timestamp>1813.856101</timestamp>
			</report>
			<report>
				<misses>5858001</misses>
				<total>29</total>
				<timestamp>1814.165749</timestamp>
			</report>
			<report>
				<misses>5859001</misses>
				<total>29</total>
				<timestamp>1814.475495</timestamp>
			</report>
			<report>
				<misses>5860001</misses>
				<total>29</total>
				<timestamp>1814.785136</timestamp>
			</report>
			<report>
				<misses>5861001</misses>
				<total>29</total>
				<timestamp>1815.094841</timestamp>
			</report>
			<report>
				<misses>5862001</misses>
				<total>29</total>
				<timestamp>1815.404542</timestamp>
			</report>
			<report>
				<misses>5863001</misses>
				<total>29</total>
				<timestamp>1815.714227</timestamp>
			</report>
			<report>
				<misses>5864001</misses>
				<total>29</total>
				<timestamp>1816.023912</timestamp>
			</report>
			<report>
				<misses>5865001</misses>
				<total>29</total>
				<timestamp>1816.333565</timestamp>
			</report>
			<report>
				<misses>5866001</misses>
				<total>29</total>
				<timestamp>1816.643304</timestamp>
			</report>
			<report>
				<misses>5867001</misses>
				<total>29</total>
				<timestamp>1816.952984</timestamp>
			</report>
			<report>
				<misses>5868001</misses>
				<total>29</total>
				<timestamp>1817.262641</timestamp>
			</report>
			<report>
				<misses>5869001</misses>
				<total>29</total>
				<timestamp>1817.572353</timestamp>
			</report>
			<report>
				<misses>5870001</misses>
				<total>29</total>
				<timestamp>1817.882047</timestamp>
			</report>
			<report>
				<misses>5871001</misses>
				<total>29</total>
				<timestamp>1818.191746</timestamp>
			</report>
			<report>
				<misses>5872001</misses>
				<total>29</total>
				<timestamp>1818.501408</timestamp>
			</report>
			<report>
				<misses>5873001</misses>
				<total>29</total>
				<timestamp>1818.811100</timestamp>
			</report>
			<report>
				<misses>5874001</misses>
				<total>29</total>
				<timestamp>1819.120809</timestamp>
			</report>
			<report>
				<misses>5875001</misses>
				<total>29</total>
				<timestamp>1819.430530</timestamp>
			</report>
			<report>
				<misses>5876001</misses>
				<total>29</total>
				<timestamp>1819.740166</timestamp>
			</report>
			<report>
				<misses>5877001</misses>
				<total>29</total>
				<timestamp>1820.049887</timestamp>
			</report>
			<report>
				<misses>5878001</misses>
				<total>29</total>
				<timestamp>1820.359576</timestamp>
			</report>
			<report>
				<misses>5879001</misses>
				<total>29</total>
				<timestamp>1820.669301</timestamp>
			</report>
			<report>
				<misses>5880001</misses>
				<total>29</total>
				<timestamp>1820.978918</timestamp>
			</report>
			<report>
				<misses>5881001</misses>
				<total>29</total>
				<timestamp>1821.288609</timestamp>
			</report>
			<report>
				<misses>5882001</misses>
				<total>29</total>
				<timestamp>1821.598381</timestamp>
			</report>
			<report>
				<misses>5883001</misses>
				<total>29</total>
				<timestamp>1821.908016</timestamp>
			</report>
			<report>
				<misses>5884001</misses>
				<total>29</total>
				<timestamp>1822.217665</timestamp>
			</report>
			<report>
				<misses>5885001</misses>
				<total>29</total>
				<timestamp>1822.527371</timestamp>
			</report>
			<report>
				<misses>5886001</misses>
				<total>29</total>
				<timestamp>1822.837070</timestamp>
			</report>
			<report>
				<misses>5887001</misses>
				<total>29</total>
				<timestamp>1823.146780</timestamp>
			</report>
			<report>
				<misses>5888001</misses>
				<total>30</total>
				<timestamp>1823.456445</timestamp>
			</report>
			<report>
				<misses>5889001</misses>
				<total>30</total>
				<timestamp>1823.766180</timestamp>
			</report>
			<report>
				<misses>5890001</misses>
				<total>30</total>
				<timestamp>1824.075838</timestamp>
			</report>
			<report>
				<misses>5891001</misses>
				<total>30</total>
				<timestamp>1824.385504</timestamp>
			</report>
			<report>
				<misses>5892001</misses>
				<total>30</total>
				<timestamp>1824.695262</timestamp>
			</report>
			<report>
				<misses>5893001</misses>
				<total>30</total>
				<timestamp>1825.004913</timestamp>
			</report>
			<report>
				<misses>5894001</misses>
				<total>30</total>
				<timestamp>1825.314595</timestamp>
			</report>
			<report>
				<misses>5895001</misses>
				<total>30</total>
				<timestamp>1825.624361</timestamp>
			</report>
			<report>
				<misses>5896001</misses>
				<total>30</total>
				<timestamp>1825.933967</timestamp>
			</report>
			<report>
				<misses>5897001</misses>
				<total>30</total>
				<timestamp>1826.243655</timestamp>
			</report>
			<report>
				<misses>5898001</misses>
				<total>30</total>
				<timestamp>1826.553379</timestamp>
			</report>
			<report>
				<misses>5899001</misses>
				<total>30</total>
				<timestamp>1826.863035</timestamp>
			</report>
			<report>
				<misses>5900001</misses>
				<total>30</total>
				<timestamp>1827.172761</timestamp>
			</report>
			<report>
				<misses>5901001</misses>
				<total>30</total>
				<timestamp>1827.482442</timestamp>
			</report>
			<report>
				<misses>5902001</misses>
				<total>30</total>
				<timestamp>1827.792104</timestamp>
			</report>
			<report>
				<misses>5903001</misses>
				<total>30</total>
				<timestamp>1828.101801</timestamp>
			</report>
			<report>
				<misses>5904001</misses>
				<total>30</total>
				<timestamp>1828.411522</timestamp>
			</report>
			<report>
				<misses>5905001</misses>
				<total>30</total>
				<timestamp>1828.721210</timestamp>
			</report>
			<report>
				<misses>5906001</misses>
				<total>30</total>
				<timestamp>1829.030895</timestamp>
			</report>
			<report>
				<misses>5907001</misses>
				<total>30</total>
				<timestamp>1829.340573</timestamp>
			</report>
			<report>
				<misses>5908001</misses>
				<total>30</total>
				<timestamp>1829.650262</timestamp>
			</report>
			<report>
				<misses>5909001</misses>
				<total>30</total>
				<timestamp>1829.959923</timestamp>
			</report>
			<report>
				<misses>5910001</misses>
				<total>30</total>
				<timestamp>1830.269632</timestamp>
			</report>
			<report>
				<misses>5911001</misses>
				<total>30</total>
				<timestamp>1830.579326</timestamp>
			</report>
			<report>
				<misses>5912001</misses>
				<total>30</total>
				<timestamp>1830.889019</timestamp>
			</report>
			<report>
				<misses>5913001</misses>
				<total>30</total>
				<timestamp>1831.198741</timestamp>
			</report>
			<report>
				<misses>5914001</misses>
				<total>30</total>
				<timestamp>1831.508398</timestamp>
			</report>
			<report>
				<misses>5915001</misses>
				<total>30</total>
				<timestamp>1831.818078</timestamp>
			</report>
			<report>
				<misses>5916001</misses>
				<total>30</total>
				<timestamp>1832.127831</timestamp>
			</report>
			<report>
				<misses>5917001</misses>
				<total>30</total>
				<timestamp>1832.437484</timestamp>
			</report>
			<report>
				<misses>5918001</misses>
				<total>30</total>
				<timestamp>1832.747153</timestamp>
			</report>
			<report>
				<misses>5919001</misses>
				<total>30</total>
				<timestamp>1833.056833</timestamp>
			</report>
			<report>
				<misses>5920001</misses>
				<total>30</total>
				<timestamp>1833.366538</timestamp>
			</report>
			<report>
				<misses>5921001</misses>
				<total>30</total>
				<timestamp>1833.676273</timestamp>
			</report>
			<report>
				<misses>5922001</misses>
				<total>30</total>
				<timestamp>1833.985915</timestamp>
			</report>
			<report>
				<misses>5923001</misses>
				<total>30</total>
				<timestamp>1834.295584</timestamp>
			</report>
			<report>
				<misses>5924001</misses>
				<total>30</total>
				<timestamp>1834.605313</timestamp>
			</report>
			<report>
				<misses>5925001</misses>
				<total>30</total>
				<timestamp>1834.914984</timestamp>
			</report>
			<report>
				<misses>5926001</misses>
				<total>30</total>
				<timestamp>1835.224649</timestamp>
			</report>
			<report>
				<misses>5927001</misses>
				<total>30</total>
				<timestamp>1835.534358</timestamp>
			</report>
			<report>
				<misses>5928001</misses>
				<total>30</total>
				<timestamp>1835.844045</timestamp>
			</report>
			<report>
				<misses>5929001</misses>
				<total>30</total>
				<timestamp>1836.153717</timestamp>
			</report>
			<report>
				<misses>5930001</misses>
				<total>30</total>
				<timestamp>1836.463413</timestamp>
			</report>
			<report>
				<misses>5931001</misses>
				<total>30</total>
				<timestamp>1836.773128</timestamp>
			</report>
			<report>
				<misses>5932001</misses>
				<total>30</total>
				<timestamp>1837.082828</timestamp>
			</report>
			<report>
				<misses>5933001</misses>
				<total>30</total>
				<timestamp>1837.392503</timestamp>
			</report>
			<report>
				<misses>5934001</misses>
				<total>30</total>
				<timestamp>1837.702248</timestamp>
			</report>
			<report>
				<misses>5935001</misses>
				<total>30</total>
				<timestamp>1838.011872</timestamp>
			</report>
			<report>
				<misses>5936001</misses>
				<total>30</total>
				<timestamp>1838.321569</timestamp>
			</report>
			<report>
				<misses>5937001</misses>
				<total>30</total>
				<timestamp>1838.631270</timestamp>
			</report>
			<report>
				<misses>5938001</misses>
				<total>30</total>
				<timestamp>1838.940939</timestamp>
			</report>
			<report>
				<misses>5939001</misses>
				<total>30</total>
				<timestamp>1839.250659</timestamp>
			</report>
			<report>
				<misses>5940001</misses>
				<total>30</total>
				<timestamp>1839.560359</timestamp>
			</report>
			<report>
				<misses>5941001</misses>
				<total>30</total>
				<timestamp>1839.870010</timestamp>
			</report>
			<report>
				<misses>5942001</misses>
				<total>30</total>
				<timestamp>1840.179686</timestamp>
			</report>
			<report>
				<misses>5943001</misses>
				<total>30</total>
				<timestamp>1840.489425</timestamp>
			</report>
			<report>
				<misses>5944001</misses>
				<total>30</total>
				<timestamp>1840.799078</timestamp>
			</report>
			<report>
				<misses>5945001</misses>
				<total>30</total>
				<timestamp>1841.108770</timestamp>
			</report>
			<report>
				<misses>5946001</misses>
				<total>30</total>
				<timestamp>1841.418528</timestamp>
			</report>
			<report>
				<misses>5947001</misses>
				<total>30</total>
				<timestamp>1841.728217</timestamp>
			</report>
			<report>
				<misses>5948001</misses>
				<total>30</total>
				<timestamp>1842.037864</timestamp>
			</report>
			<report>
				<misses>5949001</misses>
				<total>30</total>
				<timestamp>1842.347531</timestamp>
			</report>
			<report>
				<misses>5950001</misses>
				<total>30</total>
				<timestamp>1842.657245</timestamp>
			</report>
			<report>
				<misses>5951001</misses>
				<total>30</total>
				<timestamp>1842.966935</timestamp>
			</report>
			<report>
				<misses>5952001</misses>
				<total>30</total>
				<timestamp>1843.276651</timestamp>
			</report>
			<report>
				<misses>5953001</misses>
				<total>30</total>
				<timestamp>1843.586293</timestamp>
			</report>
			<report>
				<misses>5954001</misses>
				<total>30</total>
				<timestamp>1843.895997</timestamp>
			</report>
			<report>
				<misses>5955001</misses>
				<total>30</total>
				<timestamp>1844.205713</timestamp>
			</report>
			<report>
				<misses>5956001</misses>
				<total>30</total>
				<timestamp>1844.515367</timestamp>
			</report>
			<report>
				<misses>5957001</misses>
				<total>30</total>
				<timestamp>1844.825084</timestamp>
			</report>
			<report>
				<misses>5958001</misses>
				<total>30</total>
				<timestamp>1845.134786</timestamp>
			</report>
			<report>
				<misses>5959001</misses>
				<total>30</total>
				<timestamp>1845.444458</timestamp>
			</report>
			<report>
				<misses>5960001</misses>
				<total>30</total>
				<timestamp>1845.754174</timestamp>
			</report>
			<report>
				<misses>5961001</misses>
				<total>30</total>
				<timestamp>1846.063819</timestamp>
			</report>
			<report>
				<misses>5962001</misses>
				<total>30</total>
				<timestamp>1846.373542</timestamp>
			</report>
			<report>
				<misses>5963001</misses>
				<total>30</total>
				<timestamp>1846.683222</timestamp>
			</report>
			<report>
				<misses>5964001</misses>
				<total>30</total>
				<timestamp>1846.992879</timestamp>
			</report>
			<report>
				<misses>5965001</misses>
				<total>30</total>
				<timestamp>1847.302654</timestamp>
			</report>
			<report>
				<misses>5966001</misses>
				<total>30</total>
				<timestamp>1847.612273</timestamp>
			</report>
			<report>
				<misses>5967001</misses>
				<total>30</total>
				<timestamp>1847.921972</timestamp>
			</report>
			<report>
				<misses>5968001</misses>
				<total>30</total>
				<timestamp>1848.231659</timestamp>
			</report>
			<report>
				<misses>5969001</misses>
				<total>30</total>
				<timestamp>1848.541348</timestamp>
			</report>
			<report>
				<misses>5970001</misses>
				<total>30</total>
				<timestamp>1848.851015</timestamp>
			</report>
			<report>
				<misses>5971001</misses>
				<total>30</total>
				<timestamp>1849.160709</timestamp>
			</report>
			<report>
				<misses>5972001</misses>
				<total>30</total>
				<timestamp>1849.470403</timestamp>
			</report>
			<report>
				<misses>5973001</misses>
				<total>30</total>
				<timestamp>1849.780174</timestamp>
			</report>
			<report>
				<misses>5974001</misses>
				<total>30</total>
				<timestamp>1850.089789</timestamp>
			</report>
			<report>
				<misses>5975001</misses>
				<total>30</total>
				<timestamp>1850.399499</timestamp>
			</report>
			<report>
				<misses>5976001</misses>
				<total>30</total>
				<timestamp>1850.709194</timestamp>
			</report>
			<report>
				<misses>5977001</misses>
				<total>30</total>
				<timestamp>1851.018869</timestamp>
			</report>
			<report>
				<misses>5978001</misses>
				<total>30</total>
				<timestamp>1851.328576</timestamp>
			</report>
			<report>
				<misses>5979001</misses>
				<total>30</total>
				<timestamp>1851.638304</timestamp>
			</report>
			<report>
				<misses>5980001</misses>
				<total>30</total>
				<timestamp>1851.947933</timestamp>
			</report>
			<report>
				<misses>5981001</misses>
				<total>30</total>
				<timestamp>1852.257636</timestamp>
			</report>
			<report>
				<misses>5982001</misses>
				<total>30</total>
				<timestamp>1852.567321</timestamp>
			</report>
			<report>
				<misses>5983001</misses>
				<total>30</total>
				<timestamp>1852.877011</timestamp>
			</report>
			<report>
				<misses>5984001</misses>
				<total>30</total>
				<timestamp>1853.186725</timestamp>
			</report>
			<report>
				<misses>5985001</misses>
				<total>30</total>
				<timestamp>1853.496385</timestamp>
			</report>
			<report>
				<misses>5986001</misses>
				<total>30</total>
				<timestamp>1853.806112</timestamp>
			</report>
			<report>
				<misses>5987001</misses>
				<total>30</total>
				<timestamp>1854.115784</timestamp>
			</report>
			<report>
				<misses>5988001</misses>
				<total>30</total>
				<timestamp>1854.425467</timestamp>
			</report>
			<report>
				<misses>5989001</misses>
				<total>30</total>
				<timestamp>1854.735173</timestamp>
			</report>
			<report>
				<misses>5990001</misses>
				<total>30</total>
				<timestamp>1855.044809</timestamp>
			</report>
			<report>
				<misses>5991001</misses>
				<total>30</total>
				<timestamp>1855.354509</timestamp>
			</report>
			<report>
				<misses>5992001</misses>
				<total>30</total>
				<timestamp>1855.664263</timestamp>
			</report>
			<report>
				<misses>5993001</misses>
				<total>30</total>
				<timestamp>1855.973890</timestamp>
			</report>
			<report>
				<misses>5994001</misses>
				<total>30</total>
				<timestamp>1856.283614</timestamp>
			</report>
			<report>
				<misses>5995001</misses>
				<total>30</total>
				<timestamp>1856.593279</timestamp>
			</report>
			<report>
				<misses>5996001</misses>
				<total>30</total>
				<timestamp>1856.902983</timestamp>
			</report>
			<report>
				<misses>5997001</misses>
				<total>30</total>
				<timestamp>1857.212678</timestamp>
			</report>
			<report>
				<misses>5998001</misses>
				<total>30</total>
				<timestamp>1857.522353</timestamp>
			</report>
			<report>
				<misses>5999001</misses>
				<total>30</total>
				<timestamp>1857.832082</timestamp>
			</report>
			<report>
				<misses>6000001</misses>
				<total>30</total>
				<timestamp>1858.141763</timestamp>
			</report>
			<report>
				<misses>6001001</misses>
				<total>30</total>
				<timestamp>1858.451429</timestamp>
			</report>
			<report>
				<misses>6002001</misses>
				<total>30</total>
				<timestamp>1858.761112</timestamp>
			</report>
			<report>
				<misses>6003001</misses>
				<total>30</total>
				<timestamp>1859.070804</timestamp>
			</report>
			<report>
				<misses>6004001</misses>
				<total>30</total>
				<timestamp>1859.380537</timestamp>
			</report>
			<report>
				<misses>6005001</misses>
				<total>30</total>
				<timestamp>1859.690209</timestamp>
			</report>
			<report>
				<misses>6006001</misses>
				<total>30</total>
				<timestamp>1859.999876</timestamp>
			</report>
			<report>
				<misses>6007001</misses>
				<total>30</total>
				<timestamp>1860.309585</timestamp>
			</report>
			<report>
				<misses>6008001</misses>
				<total>30</total>
				<timestamp>1860.619262</timestamp>
			</report>
			<report>
				<misses>6009001</misses>
				<total>30</total>
				<timestamp>1860.928969</timestamp>
			</report>
			<report>
				<misses>6010001</misses>
				<total>30</total>
				<timestamp>1861.238650</timestamp>
			</report>
			<report>
				<misses>6011001</misses>
				<total>30</total>
				<timestamp>1861.548302</timestamp>
			</report>
			<report>
				<misses>6012001</misses>
				<total>30</total>
				<timestamp>1861.858054</timestamp>
			</report>
			<report>
				<misses>6013001</misses>
				<total>30</total>
				<timestamp>1862.167704</timestamp>
			</report>
			<report>
				<misses>6014001</misses>
				<total>30</total>
				<timestamp>1862.477391</timestamp>
			</report>
			<report>
				<misses>6015001</misses>
				<total>30</total>
				<timestamp>1862.787100</timestamp>
			</report>
			<report>
				<misses>6016001</misses>
				<total>30</total>
				<timestamp>1863.096773</timestamp>
			</report>
			<report>
				<misses>6017001</misses>
				<total>30</total>
				<timestamp>1863.406494</timestamp>
			</report>
			<report>
				<misses>6018001</misses>
				<total>30</total>
				<timestamp>1863.716167</timestamp>
			</report>
			<report>
				<misses>6019001</misses>
				<total>30</total>
				<timestamp>1864.025840</timestamp>
			</report>
			<report>
				<misses>6020001</misses>
				<total>30</total>
				<timestamp>1864.335568</timestamp>
			</report>
			<report>
				<misses>6021001</misses>
				<total>30</total>
				<timestamp>1864.645221</timestamp>
			</report>
			<report>
				<misses>6022001</misses>
				<total>30</total>
				<timestamp>1864.954901</timestamp>
			</report>
			<report>
				<misses>6023001</misses>
				<total>30</total>
				<timestamp>1865.264585</timestamp>
			</report>
			<report>
				<misses>6024001</misses>
				<total>30</total>
				<timestamp>1865.574287</timestamp>
			</report>
			<report>
				<misses>6025001</misses>
				<total>30</total>
				<timestamp>1865.884004</timestamp>
			</report>
			<report>
				<misses>6026001</misses>
				<total>30</total>
				<timestamp>1866.193670</timestamp>
			</report>
			<report>
				<misses>6027001</misses>
				<total>30</total>
				<timestamp>1866.503356</timestamp>
			</report>
			<report>
				<misses>6028001</misses>
				<total>30</total>
				<timestamp>1866.813052</timestamp>
			</report>
			<report>
				<misses>6029001</misses>
				<total>30</total>
				<timestamp>1867.122794</timestamp>
			</report>
			<report>
				<misses>6030001</misses>
				<total>30</total>
				<timestamp>1867.432459</timestamp>
			</report>
			<report>
				<misses>6031001</misses>
				<total>30</total>
				<timestamp>1867.742112</timestamp>
			</report>
			<report>
				<misses>6032001</misses>
				<total>30</total>
				<timestamp>1868.051823</timestamp>
			</report>
			<report>
				<misses>6033001</misses>
				<total>30</total>
				<timestamp>1868.361517</timestamp>
			</report>
			<report>
				<misses>6034001</misses>
				<total>30</total>
				<timestamp>1868.671184</timestamp>
			</report>
			<report>
				<misses>6035001</misses>
				<total>30</total>
				<timestamp>1868.980873</timestamp>
			</report>
			<report>
				<misses>6036001</misses>
				<total>30</total>
				<timestamp>1869.290566</timestamp>
			</report>
			<report>
				<misses>6037001</misses>
				<total>30</total>
				<timestamp>1869.600271</timestamp>
			</report>
			<report>
				<misses>6038001</misses>
				<total>30</total>
				<timestamp>1869.909973</timestamp>
			</report>
			<report>
				<misses>6039001</misses>
				<total>30</total>
				<timestamp>1870.219675</timestamp>
			</report>
			<report>
				<misses>6040001</misses>
				<total>30</total>
				<timestamp>1870.529351</timestamp>
			</report>
			<report>
				<misses>6041001</misses>
				<total>30</total>
				<timestamp>1870.839077</timestamp>
			</report>
			<report>
				<misses>6042001</misses>
				<total>30</total>
				<timestamp>1871.148721</timestamp>
			</report>
			<report>
				<misses>6043001</misses>
				<total>30</total>
				<timestamp>1871.458385</timestamp>
			</report>
			<report>
				<misses>6044001</misses>
				<total>30</total>
				<timestamp>1871.768100</timestamp>
			</report>
			<report>
				<misses>6045001</misses>
				<total>30</total>
				<timestamp>1872.077778</timestamp>
			</report>
			<report>
				<misses>6046001</misses>
				<total>30</total>
				<timestamp>1872.387487</timestamp>
			</report>
			<report>
				<misses>6047001</misses>
				<total>30</total>
				<timestamp>1872.697154</timestamp>
			</report>
			<report>
				<misses>6048001</misses>
				<total>30</total>
				<timestamp>1873.006860</timestamp>
			</report>
			<report>
				<misses>6049001</misses>
				<total>30</total>
				<timestamp>1873.316523</timestamp>
			</report>
			<report>
				<misses>6050001</misses>
				<total>30</total>
				<timestamp>1873.626223</timestamp>
			</report>
			<report>
				<misses>6051001</misses>
				<total>30</total>
				<timestamp>1873.935911</timestamp>
			</report>
			<report>
				<misses>6052001</misses>
				<total>30</total>
				<timestamp>1874.245617</timestamp>
			</report>
			<report>
				<misses>6053001</misses>
				<total>30</total>
				<timestamp>1874.555342</timestamp>
			</report>
			<report>
				<misses>6054001</misses>
				<total>30</total>
				<timestamp>1874.865026</timestamp>
			</report>
			<report>
				<misses>6055001</misses>
				<total>30</total>
				<timestamp>1875.174704</timestamp>
			</report>
			<report>
				<misses>6056001</misses>
				<total>30</total>
				<timestamp>1875.484376</timestamp>
			</report>
			<report>
				<misses>6057001</misses>
				<total>30</total>
				<timestamp>1875.794079</timestamp>
			</report>
			<report>
				<misses>6058001</misses>
				<total>30</total>
				<timestamp>1876.103766</timestamp>
			</report>
			<report>
				<misses>6059001</misses>
				<total>30</total>
				<timestamp>1876.413430</timestamp>
			</report>
			<report>
				<misses>6060001</misses>
				<total>30</total>
				<timestamp>1876.723127</timestamp>
			</report>
			<report>
				<misses>6061001</misses>
				<total>30</total>
				<timestamp>1877.032816</timestamp>
			</report>
			<report>
				<misses>6062001</misses>
				<total>30</total>
				<timestamp>1877.342539</timestamp>
			</report>
			<report>
				<misses>6063001</misses>
				<total>30</total>
				<timestamp>1877.652200</timestamp>
			</report>
			<report>
				<misses>6064001</misses>
				<total>30</total>
				<timestamp>1877.961911</timestamp>
			</report>
			<report>
				<misses>6065001</misses>
				<total>30</total>
				<timestamp>1878.271599</timestamp>
			</report>
			<report>
				<misses>6066001</misses>
				<total>30</total>
				<timestamp>1878.581277</timestamp>
			</report>
			<report>
				<misses>6067001</misses>
				<total>30</total>
				<timestamp>1878.891005</timestamp>
			</report>
			<report>
				<misses>6068001</misses>
				<total>30</total>
				<timestamp>1879.200655</timestamp>
			</report>
			<report>
				<misses>6069001</misses>
				<total>30</total>
				<timestamp>1879.510333</timestamp>
			</report>
			<report>
				<misses>6070001</misses>
				<total>30</total>
				<timestamp>1879.820057</timestamp>
			</report>
			<report>
				<misses>6071001</misses>
				<total>31</total>
				<timestamp>1880.129701</timestamp>
			</report>
			<report>
				<misses>6072001</misses>
				<total>31</total>
				<timestamp>1880.439425</timestamp>
			</report>
			<report>
				<misses>6073001</misses>
				<total>31</total>
				<timestamp>1880.749131</timestamp>
			</report>
			<report>
				<misses>6074001</misses>
				<total>31</total>
				<timestamp>1881.058777</timestamp>
			</report>
			<report>
				<misses>6075001</misses>
				<total>31</total>
				<timestamp>1881.368473</timestamp>
			</report>
			<report>
				<misses>6076001</misses>
				<total>31</total>
				<timestamp>1881.678160</timestamp>
			</report>
			<report>
				<misses>6077001</misses>
				<total>31</total>
				<timestamp>1881.987856</timestamp>
			</report>
			<report>
				<misses>6078001</misses>
				<total>31</total>
				<timestamp>1882.297548</timestamp>
			</report>
			<report>
				<misses>6079001</misses>
				<total>31</total>
				<timestamp>1882.607221</timestamp>
			</report>
			<report>
				<misses>6080001</misses>
				<total>31</total>
				<timestamp>1882.916957</timestamp>
			</report>
			<report>
				<misses>6081001</misses>
				<total>31</total>
				<timestamp>1883.226636</timestamp>
			</report>
			<report>
				<misses>6082001</misses>
				<total>31</total>
				<timestamp>1883.536318</timestamp>
			</report>
			<report>
				<misses>6083001</misses>
				<total>31</total>
				<timestamp>1883.846002</timestamp>
			</report>
			<report>
				<misses>6084001</misses>
				<total>31</total>
				<timestamp>1884.155704</timestamp>
			</report>
			<report>
				<misses>6085001</misses>
				<total>31</total>
				<timestamp>1884.465388</timestamp>
			</report>
			<report>
				<misses>6086001</misses>
				<total>31</total>
				<timestamp>1884.775091</timestamp>
			</report>
			<report>
				<misses>6087001</misses>
				<total>31</total>
				<timestamp>1885.084762</timestamp>
			</report>
			<report>
				<misses>6088001</misses>
				<total>31</total>
				<timestamp>1885.394444</timestamp>
			</report>
			<report>
				<misses>6089001</misses>
				<total>31</total>
				<timestamp>1885.704132</timestamp>
			</report>
			<report>
				<misses>6090001</misses>
				<total>31</total>
				<timestamp>1886.013852</timestamp>
			</report>
			<report>
				<misses>6091001</misses>
				<total>31</total>
				<timestamp>1886.323551</timestamp>
			</report>
			<report>
				<misses>6092001</misses>
				<total>31</total>
				<timestamp>1886.633223</timestamp>
			</report>
			<report>
				<misses>6093001</misses>
				<total>31</total>
				<timestamp>1886.942939</timestamp>
			</report>
			<report>
				<misses>6094001</misses>
				<total>31</total>
				<timestamp>1887.252591</timestamp>
			</report>
			<report>
				<misses>6095001</misses>
				<total>31</total>
				<timestamp>1887.562286</timestamp>
			</report>
			<report>
				<misses>6096001</misses>
				<total>31</total>
				<timestamp>1887.872010</timestamp>
			</report>
			<report>
				<misses>6097001</misses>
				<total>31</total>
				<timestamp>1888.181718</timestamp>
			</report>
			<report>
				<misses>6098001</misses>
				<total>31</total>
				<timestamp>1888.491400</timestamp>
			</report>
			<report>
				<misses>6099001</misses>
				<total>31</total>
				<timestamp>1888.801064</timestamp>
			</report>
			<report>
				<misses>6100001</misses>
				<total>31</total>
				<timestamp>1889.110722</timestamp>
			</report>
			<report>
				<misses>6101001</misses>
				<total>31</total>
				<timestamp>1889.420434</timestamp>
			</report>
			<report>
				<misses>6102001</misses>
				<total>31</total>
				<timestamp>1889.730134</timestamp>
			</report>
			<report>
				<misses>6103001</misses>
				<total>31</total>
				<timestamp>1890.039852</timestamp>
			</report>
			<report>
				<misses>6104001</misses>
				<total>31</total>
				<timestamp>1890.349521</timestamp>
			</report>
			<report>
				<misses>6105001</misses>
				<total>31</total>
				<timestamp>1890.659196</timestamp>
			</report>
			<report>
				<misses>6106001</misses>
				<total>31</total>
				<timestamp>1890.968927</timestamp>
			</report>
			<report>
				<misses>6107001</misses>
				<total>31</total>
				<timestamp>1891.278576</timestamp>
			</report>
			<report>
				<misses>6108001</misses>
				<total>31</total>
				<timestamp>1891.588253</timestamp>
			</report>
			<report>
				<misses>6109001</misses>
				<total>31</total>
				<timestamp>1891.897973</timestamp>
			</report>
			<report>
				<misses>6110001</misses>
				<total>31</total>
				<timestamp>1892.207666</timestamp>
			</report>
			<report>
				<misses>6111001</misses>
				<total>31</total>
				<timestamp>1892.517333</timestamp>
			</report>
			<report>
				<misses>6112001</misses>
				<total>31</total>
				<timestamp>1892.827020</timestamp>
			</report>
			<report>
				<misses>6113001</misses>
				<total>31</total>
				<timestamp>1893.136717</timestamp>
			</report>
			<report>
				<misses>6114001</misses>
				<total>31</total>
				<timestamp>1893.446394</timestamp>
			</report>
			<report>
				<misses>6115001</misses>
				<total>31</total>
				<timestamp>1893.756098</timestamp>
			</report>
			<report>
				<misses>6116001</misses>
				<total>31</total>
				<timestamp>1894.065780</timestamp>
			</report>
			<report>
				<misses>6117001</misses>
				<total>31</total>
				<timestamp>1894.375510</timestamp>
			</report>
			<report>
				<misses>6118001</misses>
				<total>31</total>
				<timestamp>1894.685145</timestamp>
			</report>
			<report>
				<misses>6119001</misses>
				<total>31</total>
				<timestamp>1894.994908</timestamp>
			</report>
			<report>
				<misses>6120001</misses>
				<total>31</total>
				<timestamp>1895.304561</timestamp>
			</report>
			<report>
				<misses>6121001</misses>
				<total>31</total>
				<timestamp>1895.614215</timestamp>
			</report>
			<report>
				<misses>6122001</misses>
				<total>31</total>
				<timestamp>1895.923985</timestamp>
			</report>
			<report>
				<misses>6123001</misses>
				<total>31</total>
				<timestamp>1896.233615</timestamp>
			</report>
			<report>
				<misses>6124001</misses>
				<total>31</total>
				<timestamp>1896.543287</timestamp>
			</report>
			<report>
				<misses>6125001</misses>
				<total>31</total>
				<timestamp>1896.852985</timestamp>
			</report>
			<report>
				<misses>6126001</misses>
				<total>31</total>
				<timestamp>1897.162658</timestamp>
			</report>
			<report>
				<misses>6127001</misses>
				<total>31</total>
				<timestamp>1897.472406</timestamp>
			</report>
			<report>
				<misses>6128001</misses>
				<total>31</total>
				<timestamp>1897.782043</timestamp>
			</report>
			<report>
				<misses>6129001</misses>
				<total>31</total>
				<timestamp>1898.091768</timestamp>
			</report>
			<report>
				<misses>6130001</misses>
				<total>31</total>
				<timestamp>1898.401440</timestamp>
			</report>
			<report>
				<misses>6131001</misses>
				<total>31</total>
				<timestamp>1898.711111</timestamp>
			</report>
			<report>
				<misses>6132001</misses>
				<total>31</total>
				<timestamp>1899.020822</timestamp>
			</report>
			<report>
				<misses>6133001</misses>
				<total>31</total>
				<timestamp>1899.330550</timestamp>
			</report>
			<report>
				<misses>6134001</misses>
				<total>31</total>
				<timestamp>1899.640220</timestamp>
			</report>
			<report>
				<misses>6135001</misses>
				<total>31</total>
				<timestamp>1899.949884</timestamp>
			</report>
			<report>
				<misses>6136001</misses>
				<total>31</total>
				<timestamp>1900.259584</timestamp>
			</report>
			<report>
				<misses>6137001</misses>
				<total>31</total>
				<timestamp>1900.569261</timestamp>
			</report>
			<report>
				<misses>6138001</misses>
				<total>31</total>
				<timestamp>1900.878953</timestamp>
			</report>
			<report>
				<misses>6139001</misses>
				<total>31</total>
				<timestamp>1901.188694</timestamp>
			</report>
			<report>
				<misses>6140001</misses>
				<total>31</total>
				<timestamp>1901.498357</timestamp>
			</report>
			<report>
				<misses>6141001</misses>
				<total>31</total>
				<timestamp>1901.808052</timestamp>
			</report>
			<report>
				<misses>6142001</misses>
				<total>31</total>
				<timestamp>1902.117723</timestamp>
			</report>
			<report>
				<misses>6143001</misses>
				<total>31</total>
				<timestamp>1902.427406</timestamp>
			</report>
			<report>
				<misses>6144001</misses>
				<total>31</total>
				<timestamp>1902.737098</timestamp>
			</report>
			<report>
				<misses>6145001</misses>
				<total>31</total>
				<timestamp>1903.046792</timestamp>
			</report>
			<report>
				<misses>6146001</misses>
				<total>31</total>
				<timestamp>1903.356491</timestamp>
			</report>
			<report>
				<misses>6147001</misses>
				<total>31</total>
				<timestamp>1903.666193</timestamp>
			</report>
			<report>
				<misses>6148001</misses>
				<total>31</total>
				<timestamp>1903.975894</timestamp>
			</report>
			<report>
				<misses>6149001</misses>
				<total>31</total>
				<timestamp>1904.285543</timestamp>
			</report>
			<report>
				<misses>6150001</misses>
				<total>31</total>
				<timestamp>1904.595240</timestamp>
			</report>
			<report>
				<misses>6151001</misses>
				<total>31</total>
				<timestamp>1904.904932</timestamp>
			</report>
			<report>
				<misses>6152001</misses>
				<total>31</total>
				<timestamp>1905.214620</timestamp>
			</report>
			<report>
				<misses>6153001</misses>
				<total>31</total>
				<timestamp>1905.524352</timestamp>
			</report>
			<report>
				<misses>6154001</misses>
				<total>31</total>
				<timestamp>1905.833985</timestamp>
			</report>
			<report>
				<misses>6155001</misses>
				<total>31</total>
				<timestamp>1906.143692</timestamp>
			</report>
			<report>
				<misses>6156001</misses>
				<total>31</total>
				<timestamp>1906.453356</timestamp>
			</report>
			<report>
				<misses>6157001</misses>
				<total>31</total>
				<timestamp>1906.763069</timestamp>
			</report>
			<report>
				<misses>6158001</misses>
				<total>31</total>
				<timestamp>1907.072825</timestamp>
			</report>
			<report>
				<misses>6159001</misses>
				<total>31</total>
				<timestamp>1907.382460</timestamp>
			</report>
			<report>
				<misses>6160001</misses>
				<total>31</total>
				<timestamp>1907.692126</timestamp>
			</report>
			<report>
				<misses>6161001</misses>
				<total>31</total>
				<timestamp>1908.001847</timestamp>
			</report>
			<report>
				<misses>6162001</misses>
				<total>31</total>
				<timestamp>1908.311516</timestamp>
			</report>
			<report>
				<misses>6163001</misses>
				<total>31</total>
				<timestamp>1908.621200</timestamp>
			</report>
			<report>
				<misses>6164001</misses>
				<total>31</total>
				<timestamp>1908.930896</timestamp>
			</report>
			<report>
				<misses>6165001</misses>
				<total>31</total>
				<timestamp>1909.240586</timestamp>
			</report>
			<report>
				<misses>6166001</misses>
				<total>31</total>
				<timestamp>1909.550256</timestamp>
			</report>
			<report>
				<misses>6167001</misses>
				<total>31</total>
				<timestamp>1909.859955</timestamp>
			</report>
			<report>
				<misses>6168001</misses>
				<total>31</total>
				<timestamp>1910.169648</timestamp>
			</report>
			<report>
				<misses>6169001</misses>
				<total>31</total>
				<timestamp>1910.479396</timestamp>
			</report>
			<report>
				<misses>6170001</misses>
				<total>31</total>
				<timestamp>1910.789020</timestamp>
			</report>
			<report>
				<misses>6171001</misses>
				<total>31</total>
				<timestamp>1911.098734</timestamp>
			</report>
			<report>
				<misses>6172001</misses>
				<total>31</total>
				<timestamp>1911.408405</timestamp>
			</report>
			<report>
				<misses>6173001</misses>
				<total>31</total>
				<timestamp>1911.718096</timestamp>
			</report>
			<report>
				<misses>6174001</misses>
				<total>31</total>
				<timestamp>1912.027801</timestamp>
			</report>
			<report>
				<misses>6175001</misses>
				<total>31</total>
				<timestamp>1912.337503</timestamp>
			</report>
			<report>
				<misses>6176001</misses>
				<total>31</total>
				<timestamp>1912.647157</timestamp>
			</report>
			<report>
				<misses>6177001</misses>
				<total>31</total>
				<timestamp>1912.956859</timestamp>
			</report>
			<report>
				<misses>6178001</misses>
				<total>31</total>
				<timestamp>1913.266549</timestamp>
			</report>
			<report>
				<misses>6179001</misses>
				<total>31</total>
				<timestamp>1913.576210</timestamp>
			</report>
			<report>
				<misses>6180001</misses>
				<total>31</total>
				<timestamp>1913.885920</timestamp>
			</report>
			<report>
				<misses>6181001</misses>
				<total>31</total>
				<timestamp>1914.195611</timestamp>
			</report>
			<report>
				<misses>6182001</misses>
				<total>31</total>
				<timestamp>1914.505309</timestamp>
			</report>
			<report>
				<misses>6183001</misses>
				<total>31</total>
				<timestamp>1914.814988</timestamp>
			</report>
			<report>
				<misses>6184001</misses>
				<total>31</total>
				<timestamp>1915.124709</timestamp>
			</report>
			<report>
				<misses>6185001</misses>
				<total>31</total>
				<timestamp>1915.434390</timestamp>
			</report>
			<report>
				<misses>6186001</misses>
				<total>31</total>
				<timestamp>1915.744069</timestamp>
			</report>
			<report>
				<misses>6187001</misses>
				<total>31</total>
				<timestamp>1916.053765</timestamp>
			</report>
			<report>
				<misses>6188001</misses>
				<total>31</total>
				<timestamp>1916.363467</timestamp>
			</report>
			<report>
				<misses>6189001</misses>
				<total>31</total>
				<timestamp>1916.673132</timestamp>
			</report>
			<report>
				<misses>6190001</misses>
				<total>31</total>
				<timestamp>1916.982844</timestamp>
			</report>
			<report>
				<misses>6191001</misses>
				<total>31</total>
				<timestamp>1917.292523</timestamp>
			</report>
			<report>
				<misses>6192001</misses>
				<total>31</total>
				<timestamp>1917.602194</timestamp>
			</report>
			<report>
				<misses>6193001</misses>
				<total>31</total>
				<timestamp>1917.911891</timestamp>
			</report>
			<report>
				<misses>6194001</misses>
				<total>31</total>
				<timestamp>1918.221608</timestamp>
			</report>
			<report>
				<misses>6195001</misses>
				<total>31</total>
				<timestamp>1918.531273</timestamp>
			</report>
			<report>
				<misses>6196001</misses>
				<total>31</total>
				<timestamp>1918.840985</timestamp>
			</report>
			<report>
				<misses>6197001</misses>
				<total>31</total>
				<timestamp>1919.150674</timestamp>
			</report>
			<report>
				<misses>6198001</misses>
				<total>31</total>
				<timestamp>1919.460337</timestamp>
			</report>
			<report>
				<misses>6199001</misses>
				<total>31</total>
				<timestamp>1919.770030</timestamp>
			</report>
			<report>
				<misses>6200001</misses>
				<total>31</total>
				<timestamp>1920.079758</timestamp>
			</report>
			<report>
				<misses>6201001</misses>
				<total>31</total>
				<timestamp>1920.389424</timestamp>
			</report>
			<report>
				<misses>6202001</misses>
				<total>31</total>
				<timestamp>1920.699115</timestamp>
			</report>
			<report>
				<misses>6203001</misses>
				<total>31</total>
				<timestamp>1921.008832</timestamp>
			</report>
			<report>
				<misses>6204001</misses>
				<total>31</total>
				<timestamp>1921.318498</timestamp>
			</report>
			<report>
				<misses>6205001</misses>
				<total>31</total>
				<timestamp>1921.628158</timestamp>
			</report>
			<report>
				<misses>6206001</misses>
				<total>31</total>
				<timestamp>1921.937889</timestamp>
			</report>
			<report>
				<misses>6207001</misses>
				<total>31</total>
				<timestamp>1922.247564</timestamp>
			</report>
			<report>
				<misses>6208001</misses>
				<total>31</total>
				<timestamp>1922.557258</timestamp>
			</report>
			<report>
				<misses>6209001</misses>
				<total>31</total>
				<timestamp>1922.866932</timestamp>
			</report>
			<report>
				<misses>6210001</misses>
				<total>31</total>
				<timestamp>1923.176673</timestamp>
			</report>
			<report>
				<misses>6211001</misses>
				<total>31</total>
				<timestamp>1923.486367</timestamp>
			</report>
			<report>
				<misses>6212001</misses>
				<total>31</total>
				<timestamp>1923.796016</timestamp>
			</report>
			<report>
				<misses>6213001</misses>
				<total>31</total>
				<timestamp>1924.105740</timestamp>
			</report>
			<report>
				<misses>6214001</misses>
				<total>31</total>
				<timestamp>1924.415414</timestamp>
			</report>
			<report>
				<misses>6215001</misses>
				<total>31</total>
				<timestamp>1924.725080</timestamp>
			</report>
			<report>
				<misses>6216001</misses>
				<total>31</total>
				<timestamp>1925.034805</timestamp>
			</report>
			<report>
				<misses>6217001</misses>
				<total>31</total>
				<timestamp>1925.344485</timestamp>
			</report>
			<report>
				<misses>6218001</misses>
				<total>31</total>
				<timestamp>1925.654147</timestamp>
			</report>
			<report>
				<misses>6219001</misses>
				<total>31</total>
				<timestamp>1925.963859</timestamp>
			</report>
			<report>
				<misses>6220001</misses>
				<total>31</total>
				<timestamp>1926.273551</timestamp>
			</report>
			<report>
				<misses>6221001</misses>
				<total>31</total>
				<timestamp>1926.583212</timestamp>
			</report>
			<report>
				<misses>6222001</misses>
				<total>31</total>
				<timestamp>1926.892921</timestamp>
			</report>
			<report>
				<misses>6223001</misses>
				<total>31</total>
				<timestamp>1927.202653</timestamp>
			</report>
			<report>
				<misses>6224001</misses>
				<total>31</total>
				<timestamp>1927.512282</timestamp>
			</report>
			<report>
				<misses>6225001</misses>
				<total>31</total>
				<timestamp>1927.821974</timestamp>
			</report>
			<report>
				<misses>6226001</misses>
				<total>31</total>
				<timestamp>1928.131697</timestamp>
			</report>
			<report>
				<misses>6227001</misses>
				<total>31</total>
				<timestamp>1928.441372</timestamp>
			</report>
			<report>
				<misses>6228001</misses>
				<total>31</total>
				<timestamp>1928.751037</timestamp>
			</report>
			<report>
				<misses>6229001</misses>
				<total>31</total>
				<timestamp>1929.060776</timestamp>
			</report>
			<report>
				<misses>6230001</misses>
				<total>31</total>
				<timestamp>1929.370438</timestamp>
			</report>
			<report>
				<misses>6231001</misses>
				<total>31</total>
				<timestamp>1929.680141</timestamp>
			</report>
			<report>
				<misses>6232001</misses>
				<total>31</total>
				<timestamp>1929.989830</timestamp>
			</report>
			<report>
				<misses>6233001</misses>
				<total>31</total>
				<timestamp>1930.299486</timestamp>
			</report>
			<report>
				<misses>6234001</misses>
				<total>31</total>
				<timestamp>1930.609218</timestamp>
			</report>
			<report>
				<misses>6235001</misses>
				<total>31</total>
				<timestamp>1930.918876</timestamp>
			</report>
			<report>
				<misses>6236001</misses>
				<total>31</total>
				<timestamp>1931.228676</timestamp>
			</report>
			<report>
				<misses>6237001</misses>
				<total>31</total>
				<timestamp>1931.538289</timestamp>
			</report>
			<report>
				<misses>6238001</misses>
				<total>31</total>
				<timestamp>1931.847963</timestamp>
			</report>
			<report>
				<misses>6239001</misses>
				<total>31</total>
				<timestamp>1932.157649</timestamp>
			</report>
			<report>
				<misses>6240001</misses>
				<total>31</total>
				<timestamp>1932.467348</timestamp>
			</report>
			<report>
				<misses>6241001</misses>
				<total>31</total>
				<timestamp>1932.777014</timestamp>
			</report>
			<report>
				<misses>6242001</misses>
				<total>31</total>
				<timestamp>1933.086746</timestamp>
			</report>
			<report>
				<misses>6243001</misses>
				<total>31</total>
				<timestamp>1933.396378</timestamp>
			</report>
			<report>
				<misses>6244001</misses>
				<total>31</total>
				<timestamp>1933.706071</timestamp>
			</report>
			<report>
				<misses>6245001</misses>
				<total>31</total>
				<timestamp>1934.015770</timestamp>
			</report>
			<report>
				<misses>6246001</misses>
				<total>31</total>
				<timestamp>1934.325490</timestamp>
			</report>
			<report>
				<misses>6247001</misses>
				<total>31</total>
				<timestamp>1934.635154</timestamp>
			</report>
			<report>
				<misses>6248001</misses>
				<total>31</total>
				<timestamp>1934.944843</timestamp>
			</report>
			<report>
				<misses>6249001</misses>
				<total>31</total>
				<timestamp>1935.254569</timestamp>
			</report>
			<report>
				<misses>6250001</misses>
				<total>31</total>
				<timestamp>1935.564228</timestamp>
			</report>
			<report>
				<misses>6251001</misses>
				<total>31</total>
				<timestamp>1935.873904</timestamp>
			</report>
			<report>
				<misses>6252001</misses>
				<total>31</total>
				<timestamp>1936.183675</timestamp>
			</report>
			<report>
				<misses>6253001</misses>
				<total>31</total>
				<timestamp>1936.493310</timestamp>
			</report>
			<report>
				<misses>6254001</misses>
				<total>31</total>
				<timestamp>1936.802983</timestamp>
			</report>
			<report>
				<misses>6255001</misses>
				<total>31</total>
				<timestamp>1937.112737</timestamp>
			</report>
			<report>
				<misses>6256001</misses>
				<total>31</total>
				<timestamp>1937.422349</timestamp>
			</report>
			<report>
				<misses>6257001</misses>
				<total>31</total>
				<timestamp>1937.732063</timestamp>
			</report>
			<report>
				<misses>6258001</misses>
				<total>31</total>
				<timestamp>1938.041760</timestamp>
			</report>
			<report>
				<misses>6259001</misses>
				<total>31</total>
				<timestamp>1938.351431</timestamp>
			</report>
			<report>
				<misses>6260001</misses>
				<total>31</total>
				<timestamp>1938.661169</timestamp>
			</report>
			<report>
				<misses>6261001</misses>
				<total>31</total>
				<timestamp>1938.970813</timestamp>
			</report>
			<report>
				<misses>6262001</misses>
				<total>31</total>
				<timestamp>1939.280609</timestamp>
			</report>
			<report>
				<misses>6263001</misses>
				<total>31</total>
				<timestamp>1939.590225</timestamp>
			</report>
			<report>
				<misses>6264001</misses>
				<total>31</total>
				<timestamp>1939.899902</timestamp>
			</report>
			<report>
				<misses>6265001</misses>
				<total>31</total>
				<timestamp>1940.209614</timestamp>
			</report>
			<report>
				<misses>6266001</misses>
				<total>31</total>
				<timestamp>1940.519260</timestamp>
			</report>
			<report>
				<misses>6267001</misses>
				<total>31</total>
				<timestamp>1940.828959</timestamp>
			</report>
			<report>
				<misses>6268001</misses>
				<total>31</total>
				<timestamp>1941.138704</timestamp>
			</report>
			<report>
				<misses>6269001</misses>
				<total>31</total>
				<timestamp>1941.448330</timestamp>
			</report>
			<report>
				<misses>6270001</misses>
				<total>31</total>
				<timestamp>1941.758026</timestamp>
			</report>
			<report>
				<misses>6271001</misses>
				<total>31</total>
				<timestamp>1942.067730</timestamp>
			</report>
			<report>
				<misses>6272001</misses>
				<total>31</total>
				<timestamp>1942.377417</timestamp>
			</report>
			<report>
				<misses>6273001</misses>
				<total>31</total>
				<timestamp>1942.687149</timestamp>
			</report>
			<report>
				<misses>6274001</misses>
				<total>31</total>
				<timestamp>1942.996796</timestamp>
			</report>
			<report>
				<misses>6275001</misses>
				<total>31</total>
				<timestamp>1943.306510</timestamp>
			</report>
			<report>
				<misses>6276001</misses>
				<total>31</total>
				<timestamp>1943.616176</timestamp>
			</report>
			<report>
				<misses>6277001</misses>
				<total>31</total>
				<timestamp>1943.925865</timestamp>
			</report>
			<report>
				<misses>6278001</misses>
				<total>31</total>
				<timestamp>1944.235582</timestamp>
			</report>
			<report>
				<misses>6279001</misses>
				<total>31</total>
				<timestamp>1944.545241</timestamp>
			</report>
			<report>
				<misses>6280001</misses>
				<total>31</total>
				<timestamp>1944.854930</timestamp>
			</report>
			<report>
				<misses>6281001</misses>
				<total>31</total>
				<timestamp>1945.164659</timestamp>
			</report>
			<report>
				<misses>6282001</misses>
				<total>31</total>
				<timestamp>1945.474311</timestamp>
			</report>
			<report>
				<misses>6283001</misses>
				<total>31</total>
				<timestamp>1945.784002</timestamp>
			</report>
			<report>
				<misses>6284001</misses>
				<total>31</total>
				<timestamp>1946.093698</timestamp>
			</report>
			<report>
				<misses>6285001</misses>
				<total>31</total>
				<timestamp>1946.403382</timestamp>
			</report>
			<report>
				<misses>6286001</misses>
				<total>31</total>
				<timestamp>1946.713092</timestamp>
			</report>
			<report>
				<misses>6287001</misses>
				<total>31</total>
				<timestamp>1947.022755</timestamp>
			</report>
			<report>
				<misses>6288001</misses>
				<total>31</total>
				<timestamp>1947.332452</timestamp>
			</report>
			<report>
				<misses>6289001</misses>
				<total>31</total>
				<timestamp>1947.642173</timestamp>
			</report>
			<report>
				<misses>6290001</misses>
				<total>31</total>
				<timestamp>1947.951835</timestamp>
			</report>
			<report>
				<misses>6291001</misses>
				<total>31</total>
				<timestamp>1948.261580</timestamp>
			</report>
			<report>
				<misses>6292001</misses>
				<total>31</total>
				<timestamp>1948.571215</timestamp>
			</report>
			<report>
				<misses>6293001</misses>
				<total>31</total>
				<timestamp>1948.880911</timestamp>
			</report>
			<report>
				<misses>6294001</misses>
				<total>31</total>
				<timestamp>1949.190596</timestamp>
			</report>
			<report>
				<misses>6295001</misses>
				<total>31</total>
				<timestamp>1949.500285</timestamp>
			</report>
			<report>
				<misses>6296001</misses>
				<total>31</total>
				<timestamp>1949.809960</timestamp>
			</report>
			<report>
				<misses>6297001</misses>
				<total>31</total>
				<timestamp>1950.119683</timestamp>
			</report>
			<report>
				<misses>6298001</misses>
				<total>31</total>
				<timestamp>1950.429359</timestamp>
			</report>
			<report>
				<misses>6299001</misses>
				<total>31</total>
				<timestamp>1950.739031</timestamp>
			</report>
			<report>
				<misses>6300001</misses>
				<total>31</total>
				<timestamp>1951.048746</timestamp>
			</report>
			<report>
				<misses>6301001</misses>
				<total>31</total>
				<timestamp>1951.358431</timestamp>
			</report>
			<report>
				<misses>6302001</misses>
				<total>31</total>
				<timestamp>1951.668115</timestamp>
			</report>
			<report>
				<misses>6303001</misses>
				<total>31</total>
				<timestamp>1951.977805</timestamp>
			</report>
			<report>
				<misses>6304001</misses>
				<total>31</total>
				<timestamp>1952.287503</timestamp>
			</report>
			<report>
				<misses>6305001</misses>
				<total>31</total>
				<timestamp>1952.597171</timestamp>
			</report>
			<report>
				<misses>6306001</misses>
				<total>31</total>
				<timestamp>1952.906887</timestamp>
			</report>
			<report>
				<misses>6307001</misses>
				<total>31</total>
				<timestamp>1953.216552</timestamp>
			</report>
			<report>
				<misses>6308001</misses>
				<total>31</total>
				<timestamp>1953.526231</timestamp>
			</report>
			<report>
				<misses>6309001</misses>
				<total>31</total>
				<timestamp>1953.835936</timestamp>
			</report>
			<report>
				<misses>6310001</misses>
				<total>31</total>
				<timestamp>1954.145655</timestamp>
			</report>
			<report>
				<misses>6311001</misses>
				<total>31</total>
				<timestamp>1954.455312</timestamp>
			</report>
			<report>
				<misses>6312001</misses>
				<total>31</total>
				<timestamp>1954.765020</timestamp>
			</report>
			<report>
				<misses>6313001</misses>
				<total>31</total>
				<timestamp>1955.074673</timestamp>
			</report>
			<report>
				<misses>6314001</misses>
				<total>31</total>
				<timestamp>1955.384378</timestamp>
			</report>
			<report>
				<misses>6315001</misses>
				<total>31</total>
				<timestamp>1955.694117</timestamp>
			</report>
			<report>
				<misses>6316001</misses>
				<total>31</total>
				<timestamp>1956.003771</timestamp>
			</report>
			<report>
				<misses>6317001</misses>
				<total>31</total>
				<timestamp>1956.313539</timestamp>
			</report>
			<report>
				<misses>6318001</misses>
				<total>31</total>
				<timestamp>1956.623140</timestamp>
			</report>
			<report>
				<misses>6319001</misses>
				<total>31</total>
				<timestamp>1956.932851</timestamp>
			</report>
			<report>
				<misses>6320001</misses>
				<total>31</total>
				<timestamp>1957.242541</timestamp>
			</report>
			<report>
				<misses>6321001</misses>
				<total>31</total>
				<timestamp>1957.552236</timestamp>
			</report>
			<report>
				<misses>6322001</misses>
				<total>31</total>
				<timestamp>1957.861903</timestamp>
			</report>
			<report>
				<misses>6323001</misses>
				<total>31</total>
				<timestamp>1958.171602</timestamp>
			</report>
			<report>
				<misses>6324001</misses>
				<total>31</total>
				<timestamp>1958.481303</timestamp>
			</report>
			<report>
				<misses>6325001</misses>
				<total>31</total>
				<timestamp>1958.791021</timestamp>
			</report>
			<report>
				<misses>6326001</misses>
				<total>31</total>
				<timestamp>1959.100677</timestamp>
			</report>
			<report>
				<misses>6327001</misses>
				<total>31</total>
				<timestamp>1959.410365</timestamp>
			</report>
			<report>
				<misses>6328001</misses>
				<total>31</total>
				<timestamp>1959.720060</timestamp>
			</report>
			<report>
				<misses>6329001</misses>
				<total>31</total>
				<timestamp>1960.029732</timestamp>
			</report>
			<report>
				<misses>6330001</misses>
				<total>31</total>
				<timestamp>1960.339450</timestamp>
			</report>
			<report>
				<misses>6331001</misses>
				<total>31</total>
				<timestamp>1960.649136</timestamp>
			</report>
			<report>
				<misses>6332001</misses>
				<total>31</total>
				<timestamp>1960.958801</timestamp>
			</report>
			<report>
				<misses>6333001</misses>
				<total>31</total>
				<timestamp>1961.268567</timestamp>
			</report>
			<report>
				<misses>6334001</misses>
				<total>31</total>
				<timestamp>1961.578184</timestamp>
			</report>
			<report>
				<misses>6335001</misses>
				<total>31</total>
				<timestamp>1961.887874</timestamp>
			</report>
			<report>
				<misses>6336001</misses>
				<total>31</total>
				<timestamp>1962.197597</timestamp>
			</report>
			<report>
				<misses>6337001</misses>
				<total>31</total>
				<timestamp>1962.507282</timestamp>
			</report>
			<report>
				<misses>6338001</misses>
				<total>31</total>
				<timestamp>1962.816954</timestamp>
			</report>
			<report>
				<misses>6339001</misses>
				<total>31</total>
				<timestamp>1963.126637</timestamp>
			</report>
			<report>
				<misses>6340001</misses>
				<total>31</total>
				<timestamp>1963.436359</timestamp>
			</report>
			<report>
				<misses>6341001</misses>
				<total>31</total>
				<timestamp>1963.746038</timestamp>
			</report>
			<report>
				<misses>6342001</misses>
				<total>31</total>
				<timestamp>1964.055705</timestamp>
			</report>
			<report>
				<misses>6343001</misses>
				<total>31</total>
				<timestamp>1964.365393</timestamp>
			</report>
			<report>
				<misses>6344001</misses>
				<total>31</total>
				<timestamp>1964.675077</timestamp>
			</report>
			<report>
				<misses>6345001</misses>
				<total>31</total>
				<timestamp>1964.984770</timestamp>
			</report>
			<report>
				<misses>6346001</misses>
				<total>31</total>
				<timestamp>1965.294499</timestamp>
			</report>
			<report>
				<misses>6347001</misses>
				<total>31</total>
				<timestamp>1965.604195</timestamp>
			</report>
			<report>
				<misses>6348001</misses>
				<total>31</total>
				<timestamp>1965.913854</timestamp>
			</report>
			<report>
				<misses>6349001</misses>
				<total>31</total>
				<timestamp>1966.223587</timestamp>
			</report>
			<report>
				<misses>6350001</misses>
				<total>31</total>
				<timestamp>1966.533221</timestamp>
			</report>
			<report>
				<misses>6351001</misses>
				<total>31</total>
				<timestamp>1966.842939</timestamp>
			</report>
			<report>
				<misses>6352001</misses>
				<total>31</total>
				<timestamp>1967.152630</timestamp>
			</report>
			<report>
				<misses>6353001</misses>
				<total>31</total>
				<timestamp>1967.462295</timestamp>
			</report>
			<report>
				<misses>6354001</misses>
				<total>31</total>
				<timestamp>1967.771987</timestamp>
			</report>
			<report>
				<misses>6355001</misses>
				<total>31</total>
				<timestamp>1968.081681</timestamp>
			</report>
			<report>
				<misses>6356001</misses>
				<total>31</total>
				<timestamp>1968.391383</timestamp>
			</report>
			<report>
				<misses>6357001</misses>
				<total>31</total>
				<timestamp>1968.701085</timestamp>
			</report>
			<report>
				<misses>6358001</misses>
				<total>31</total>
				<timestamp>1969.010743</timestamp>
			</report>
			<report>
				<misses>6359001</misses>
				<total>31</total>
				<timestamp>1969.320506</timestamp>
			</report>
			<report>
				<misses>6360001</misses>
				<total>31</total>
				<timestamp>1969.630121</timestamp>
			</report>
			<report>
				<misses>6361001</misses>
				<total>31</total>
				<timestamp>1969.939829</timestamp>
			</report>
			<report>
				<misses>6362001</misses>
				<total>31</total>
				<timestamp>1970.249516</timestamp>
			</report>
			<report>
				<misses>6363001</misses>
				<total>31</total>
				<timestamp>1970.559215</timestamp>
			</report>
			<report>
				<misses>6364001</misses>
				<total>31</total>
				<timestamp>1970.868896</timestamp>
			</report>
			<report>
				<misses>6365001</misses>
				<total>31</total>
				<timestamp>1971.178606</timestamp>
			</report>
			<report>
				<misses>6366001</misses>
				<total>31</total>
				<timestamp>1971.488296</timestamp>
			</report>
			<report>
				<misses>6367001</misses>
				<total>31</total>
				<timestamp>1971.797972</timestamp>
			</report>
			<report>
				<misses>6368001</misses>
				<total>31</total>
				<timestamp>1972.107637</timestamp>
			</report>
			<report>
				<misses>6369001</misses>
				<total>31</total>
				<timestamp>1972.417361</timestamp>
			</report>
			<report>
				<misses>6370001</misses>
				<total>31</total>
				<timestamp>1972.727064</timestamp>
			</report>
			<report>
				<misses>6371001</misses>
				<total>31</total>
				<timestamp>1973.036709</timestamp>
			</report>
			<report>
				<misses>6372001</misses>
				<total>31</total>
				<timestamp>1973.346392</timestamp>
			</report>
			<report>
				<misses>6373001</misses>
				<total>31</total>
				<timestamp>1973.656128</timestamp>
			</report>
			<report>
				<misses>6374001</misses>
				<total>31</total>
				<timestamp>1973.965780</timestamp>
			</report>
			<report>
				<misses>6375001</misses>
				<total>31</total>
				<timestamp>1974.275529</timestamp>
			</report>
			<report>
				<misses>6376001</misses>
				<total>31</total>
				<timestamp>1974.585166</timestamp>
			</report>
			<report>
				<misses>6377001</misses>
				<total>31</total>
				<timestamp>1974.894862</timestamp>
			</report>
			<report>
				<misses>6378001</misses>
				<total>31</total>
				<timestamp>1975.204545</timestamp>
			</report>
			<report>
				<misses>6379001</misses>
				<total>31</total>
				<timestamp>1975.514285</timestamp>
			</report>
			<report>
				<misses>6380001</misses>
				<total>31</total>
				<timestamp>1975.823913</timestamp>
			</report>
			<report>
				<misses>6381001</misses>
				<total>31</total>
				<timestamp>1976.133622</timestamp>
			</report>
			<report>
				<misses>6382001</misses>
				<total>31</total>
				<timestamp>1976.443379</timestamp>
			</report>
			<report>
				<misses>6383001</misses>
				<total>31</total>
				<timestamp>1976.752990</timestamp>
			</report>
			<report>
				<misses>6384001</misses>
				<total>31</total>
				<timestamp>1977.062687</timestamp>
			</report>
			<report>
				<misses>6385001</misses>
				<total>31</total>
				<timestamp>1977.372399</timestamp>
			</report>
			<report>
				<misses>6386001</misses>
				<total>31</total>
				<timestamp>1977.682067</timestamp>
			</report>
			<report>
				<misses>6387001</misses>
				<total>31</total>
				<timestamp>1977.991748</timestamp>
			</report>
			<report>
				<misses>6388001</misses>
				<total>31</total>
				<timestamp>1978.301462</timestamp>
			</report>
			<report>
				<misses>6389001</misses>
				<total>31</total>
				<timestamp>1978.611138</timestamp>
			</report>
			<report>
				<misses>6390001</misses>
				<total>31</total>
				<timestamp>1978.920860</timestamp>
			</report>
			<report>
				<misses>6391001</misses>
				<total>31</total>
				<timestamp>1979.230521</timestamp>
			</report>
			<report>
				<misses>6392001</misses>
				<total>31</total>
				<timestamp>1979.540206</timestamp>
			</report>
			<report>
				<misses>6393001</misses>
				<total>31</total>
				<timestamp>1979.849914</timestamp>
			</report>
			<report>
				<misses>6394001</misses>
				<total>31</total>
				<timestamp>1980.159643</timestamp>
			</report>
			<report>
				<misses>6395001</misses>
				<total>31</total>
				<timestamp>1980.469315</timestamp>
			</report>
			<report>
				<misses>6396001</misses>
				<total>31</total>
				<timestamp>1980.779007</timestamp>
			</report>
			<report>
				<misses>6397001</misses>
				<total>31</total>
				<timestamp>1981.088672</timestamp>
			</report>
			<report>
				<misses>6398001</misses>
				<total>31</total>
				<timestamp>1981.398357</timestamp>
			</report>
			<report>
				<misses>6399001</misses>
				<total>31</total>
				<timestamp>1981.708085</timestamp>
			</report>
			<report>
				<misses>6400001</misses>
				<total>31</total>
				<timestamp>1982.017752</timestamp>
			</report>
			<report>
				<misses>6401001</misses>
				<total>31</total>
				<timestamp>1982.327443</timestamp>
			</report>
			<report>
				<misses>6402001</misses>
				<total>31</total>
				<timestamp>1982.637141</timestamp>
			</report>
			<report>
				<misses>6403001</misses>
				<total>31</total>
				<timestamp>1982.946831</timestamp>
			</report>
			<report>
				<misses>6404001</misses>
				<total>31</total>
				<timestamp>1983.256499</timestamp>
			</report>
			<report>
				<misses>6405001</misses>
				<total>31</total>
				<timestamp>1983.566172</timestamp>
			</report>
			<report>
				<misses>6406001</misses>
				<total>31</total>
				<timestamp>1983.875872</timestamp>
			</report>
			<report>
				<misses>6407001</misses>
				<total>31</total>
				<timestamp>1984.185555</timestamp>
			</report>
			<report>
				<misses>6408001</misses>
				<total>31</total>
				<timestamp>1984.495277</timestamp>
			</report>
			<report>
				<misses>6409001</misses>
				<total>31</total>
				<timestamp>1984.804973</timestamp>
			</report>
			<report>
				<misses>6410001</misses>
				<total>31</total>
				<timestamp>1985.114626</timestamp>
			</report>
			<report>
				<misses>6411001</misses>
				<total>31</total>
				<timestamp>1985.424389</timestamp>
			</report>
			<report>
				<misses>6412001</misses>
				<total>31</total>
				<timestamp>1985.734029</timestamp>
			</report>
			<report>
				<misses>6413001</misses>
				<total>31</total>
				<timestamp>1986.043707</timestamp>
			</report>
			<report>
				<misses>6414001</misses>
				<total>31</total>
				<timestamp>1986.353412</timestamp>
			</report>
			<report>
				<misses>6415001</misses>
				<total>31</total>
				<timestamp>1986.663073</timestamp>
			</report>
			<report>
				<misses>6416001</misses>
				<total>31</total>
				<timestamp>1986.972773</timestamp>
			</report>
			<report>
				<misses>6417001</misses>
				<total>31</total>
				<timestamp>1987.282461</timestamp>
			</report>
			<report>
				<misses>6418001</misses>
				<total>31</total>
				<timestamp>1987.592147</timestamp>
			</report>
			<report>
				<misses>6419001</misses>
				<total>31</total>
				<timestamp>1987.901824</timestamp>
			</report>
			<report>
				<misses>6420001</misses>
				<total>31</total>
				<timestamp>1988.211546</timestamp>
			</report>
			<report>
				<misses>6421001</misses>
				<total>31</total>
				<timestamp>1988.521235</timestamp>
			</report>
			<report>
				<misses>6422001</misses>
				<total>31</total>
				<timestamp>1988.830933</timestamp>
			</report>
			<report>
				<misses>6423001</misses>
				<total>31</total>
				<timestamp>1989.140615</timestamp>
			</report>
			<report>
				<misses>6424001</misses>
				<total>31</total>
				<timestamp>1989.450315</timestamp>
			</report>
			<report>
				<misses>6425001</misses>
				<total>31</total>
				<timestamp>1989.760028</timestamp>
			</report>
			<report>
				<misses>6426001</misses>
				<total>31</total>
				<timestamp>1990.069677</timestamp>
			</report>
			<report>
				<misses>6427001</misses>
				<total>31</total>
				<timestamp>1990.379359</timestamp>
			</report>
			<report>
				<misses>6428001</misses>
				<total>31</total>
				<timestamp>1990.689042</timestamp>
			</report>
			<report>
				<misses>6429001</misses>
				<total>31</total>
				<timestamp>1990.998759</timestamp>
			</report>
			<report>
				<misses>6430001</misses>
				<total>31</total>
				<timestamp>1991.308450</timestamp>
			</report>
			<report>
				<misses>6431001</misses>
				<total>31</total>
				<timestamp>1991.618103</timestamp>
			</report>
			<report>
				<misses>6432001</misses>
				<total>31</total>
				<timestamp>1991.927799</timestamp>
			</report>
			<report>
				<misses>6433001</misses>
				<total>31</total>
				<timestamp>1992.237516</timestamp>
			</report>
			<report>
				<misses>6434001</misses>
				<total>31</total>
				<timestamp>1992.547238</timestamp>
			</report>
			<report>
				<misses>6435001</misses>
				<total>31</total>
				<timestamp>1992.856872</timestamp>
			</report>
			<report>
				<misses>6436001</misses>
				<total>31</total>
				<timestamp>1993.166567</timestamp>
			</report>
			<report>
				<misses>6437001</misses>
				<total>31</total>
				<timestamp>1993.476255</timestamp>
			</report>
			<report>
				<misses>6438001</misses>
				<total>31</total>
				<timestamp>1993.785951</timestamp>
			</report>
			<report>
				<misses>6439001</misses>
				<total>31</total>
				<timestamp>1994.095647</timestamp>
			</report>
			<report>
				<misses>6440001</misses>
				<total>31</total>
				<timestamp>1994.405352</timestamp>
			</report>
			<report>
				<misses>6441001</misses>
				<total>31</total>
				<timestamp>1994.715044</timestamp>
			</report>
			<report>
				<misses>6442001</misses>
				<total>31</total>
				<timestamp>1995.024722</timestamp>
			</report>
			<report>
				<misses>6443001</misses>
				<total>31</total>
				<timestamp>1995.334420</timestamp>
			</report>
			<report>
				<misses>6444001</misses>
				<total>31</total>
				<timestamp>1995.644075</timestamp>
			</report>
			<report>
				<misses>6445001</misses>
				<total>31</total>
				<timestamp>1995.953811</timestamp>
			</report>
			<report>
				<misses>6446001</misses>
				<total>31</total>
				<timestamp>1996.263470</timestamp>
			</report>
			<report>
				<misses>6447001</misses>
				<total>31</total>
				<timestamp>1996.573193</timestamp>
			</report>
			<report>
				<misses>6448001</misses>
				<total>31</total>
				<timestamp>1996.882830</timestamp>
			</report>
			<report>
				<misses>6449001</misses>
				<total>31</total>
				<timestamp>1997.192534</timestamp>
			</report>
			<report>
				<misses>6450001</misses>
				<total>31</total>
				<timestamp>1997.502231</timestamp>
			</report>
			<report>
				<misses>6451001</misses>
				<total>31</total>
				<timestamp>1997.811912</timestamp>
			</report>
			<report>
				<misses>6452001</misses>
				<total>31</total>
				<timestamp>1998.121615</timestamp>
			</report>
			<report>
				<misses>6453001</misses>
				<total>31</total>
				<timestamp>1998.431305</timestamp>
			</report>
			<report>
				<misses>6454001</misses>
				<total>31</total>
				<timestamp>1998.740980</timestamp>
			</report>
			<report>
				<misses>6455001</misses>
				<total>31</total>
				<timestamp>1999.050662</timestamp>
			</report>
			<report>
				<misses>6456001</misses>
				<total>31</total>
				<timestamp>1999.360353</timestamp>
			</report>
			<report>
				<misses>6457001</misses>
				<total>31</total>
				<timestamp>1999.670048</timestamp>
			</report>
			<report>
				<misses>6458001</misses>
				<total>31</total>
				<timestamp>1999.979751</timestamp>
			</report>
			<report>
				<misses>6459001</misses>
				<total>31</total>
				<timestamp>2000.289408</timestamp>
			</report>
			<report>
				<misses>6460001</misses>
				<total>31</total>
				<timestamp>2000.599143</timestamp>
			</report>
			<report>
				<misses>6461001</misses>
				<total>31</total>
				<timestamp>2000.908826</timestamp>
			</report>
			<report>
				<misses>6462001</misses>
				<total>31</total>
				<timestamp>2001.218492</timestamp>
			</report>
			<report>
				<misses>6463001</misses>
				<total>31</total>
				<timestamp>2001.528219</timestamp>
			</report>
			<report>
				<misses>6464001</misses>
				<total>31</total>
				<timestamp>2001.837902</timestamp>
			</report>
			<report>
				<misses>6465001</misses>
				<total>31</total>
				<timestamp>2002.147562</timestamp>
			</report>
			<report>
				<misses>6466001</misses>
				<total>31</total>
				<timestamp>2002.457351</timestamp>
			</report>
			<report>
				<misses>6467001</misses>
				<total>31</total>
				<timestamp>2002.766992</timestamp>
			</report>
			<report>
				<misses>6468001</misses>
				<total>31</total>
				<timestamp>2003.076679</timestamp>
			</report>
			<report>
				<misses>6469001</misses>
				<total>31</total>
				<timestamp>2003.386342</timestamp>
			</report>
			<report>
				<misses>6470001</misses>
				<total>31</total>
				<timestamp>2003.696036</timestamp>
			</report>
			<report>
				<misses>6471001</misses>
				<total>31</total>
				<timestamp>2004.005693</timestamp>
			</report>
			<report>
				<misses>6472001</misses>
				<total>31</total>
				<timestamp>2004.315425</timestamp>
			</report>
			<report>
				<misses>6473001</misses>
				<total>31</total>
				<timestamp>2004.625157</timestamp>
			</report>
			<report>
				<misses>6474001</misses>
				<total>31</total>
				<timestamp>2004.934786</timestamp>
			</report>
			<report>
				<misses>6475001</misses>
				<total>31</total>
				<timestamp>2005.244541</timestamp>
			</report>
			<report>
				<misses>6476001</misses>
				<total>31</total>
				<timestamp>2005.554184</timestamp>
			</report>
			<report>
				<misses>6477001</misses>
				<total>31</total>
				<timestamp>2005.863887</timestamp>
			</report>
			<report>
				<misses>6478001</misses>
				<total>31</total>
				<timestamp>2006.173554</timestamp>
			</report>
			<report>
				<misses>6479001</misses>
				<total>31</total>
				<timestamp>2006.483293</timestamp>
			</report>
			<report>
				<misses>6480001</misses>
				<total>31</total>
				<timestamp>2006.792925</timestamp>
			</report>
			<report>
				<misses>6481001</misses>
				<total>31</total>
				<timestamp>2007.102620</timestamp>
			</report>
			<report>
				<misses>6482001</misses>
				<total>31</total>
				<timestamp>2007.412391</timestamp>
			</report>
			<report>
				<misses>6483001</misses>
				<total>31</total>
				<timestamp>2007.722008</timestamp>
			</report>
			<report>
				<misses>6484001</misses>
				<total>31</total>
				<timestamp>2008.031681</timestamp>
			</report>
			<report>
				<misses>6485001</misses>
				<total>31</total>
				<timestamp>2008.341386</timestamp>
			</report>
			<report>
				<misses>6486001</misses>
				<total>31</total>
				<timestamp>2008.651097</timestamp>
			</report>
			<report>
				<misses>6487001</misses>
				<total>31</total>
				<timestamp>2008.960792</timestamp>
			</report>
			<report>
				<misses>6488001</misses>
				<total>31</total>
				<timestamp>2009.270466</timestamp>
			</report>
			<report>
				<misses>6489001</misses>
				<total>31</total>
				<timestamp>2009.580153</timestamp>
			</report>
			<report>
				<misses>6490001</misses>
				<total>31</total>
				<timestamp>2009.889865</timestamp>
			</report>
			<report>
				<misses>6491001</misses>
				<total>31</total>
				<timestamp>2010.199520</timestamp>
			</report>
			<report>
				<misses>6492001</misses>
				<total>31</total>
				<timestamp>2010.509223</timestamp>
			</report>
			<report>
				<misses>6493001</misses>
				<total>31</total>
				<timestamp>2010.818919</timestamp>
			</report>
			<report>
				<misses>6494001</misses>
				<total>31</total>
				<timestamp>2011.128585</timestamp>
			</report>
			<report>
				<misses>6495001</misses>
				<total>31</total>
				<timestamp>2011.438293</timestamp>
			</report>
			<report>
				<misses>6496001</misses>
				<total>31</total>
				<timestamp>2011.747976</timestamp>
			</report>
			<report>
				<misses>6497001</misses>
				<total>31</total>
				<timestamp>2012.057700</timestamp>
			</report>
			<report>
				<misses>6498001</misses>
				<total>31</total>
				<timestamp>2012.367346</timestamp>
			</report>
			<report>
				<misses>6499001</misses>
				<total>31</total>
				<timestamp>2012.677066</timestamp>
			</report>
			<report>
				<misses>6500001</misses>
				<total>31</total>
				<timestamp>2012.986732</timestamp>
			</report>
			<report>
				<misses>6501001</misses>
				<total>31</total>
				<timestamp>2013.296426</timestamp>
			</report>
			<report>
				<misses>6502001</misses>
				<total>31</total>
				<timestamp>2013.606123</timestamp>
			</report>
			<report>
				<misses>6503001</misses>
				<total>31</total>
				<timestamp>2013.915841</timestamp>
			</report>
			<report>
				<misses>6504001</misses>
				<total>31</total>
				<timestamp>2014.225535</timestamp>
			</report>
			<report>
				<misses>6505001</misses>
				<total>31</total>
				<timestamp>2014.535270</timestamp>
			</report>
			<report>
				<misses>6506001</misses>
				<total>31</total>
				<timestamp>2014.844894</timestamp>
			</report>
			<report>
				<misses>6507001</misses>
				<total>31</total>
				<timestamp>2015.154567</timestamp>
			</report>
			<report>
				<misses>6508001</misses>
				<total>31</total>
				<timestamp>2015.464280</timestamp>
			</report>
			<report>
				<misses>6509001</misses>
				<total>31</total>
				<timestamp>2015.773988</timestamp>
			</report>
			<report>
				<misses>6510001</misses>
				<total>31</total>
				<timestamp>2016.083632</timestamp>
			</report>
			<report>
				<misses>6511001</misses>
				<total>31</total>
				<timestamp>2016.393338</timestamp>
			</report>
			<report>
				<misses>6512001</misses>
				<total>31</total>
				<timestamp>2016.703013</timestamp>
			</report>
			<report>
				<misses>6513001</misses>
				<total>31</total>
				<timestamp>2017.012687</timestamp>
			</report>
			<report>
				<misses>6514001</misses>
				<total>31</total>
				<timestamp>2017.322386</timestamp>
			</report>
			<report>
				<misses>6515001</misses>
				<total>31</total>
				<timestamp>2017.632122</timestamp>
			</report>
			<report>
				<misses>6516001</misses>
				<total>31</total>
				<timestamp>2017.941770</timestamp>
			</report>
			<report>
				<misses>6517001</misses>
				<total>31</total>
				<timestamp>2018.251471</timestamp>
			</report>
			<report>
				<misses>6518001</misses>
				<total>31</total>
				<timestamp>2018.561145</timestamp>
			</report>
			<report>
				<misses>6519001</misses>
				<total>31</total>
				<timestamp>2018.870841</timestamp>
			</report>
			<report>
				<misses>6520001</misses>
				<total>31</total>
				<timestamp>2019.180535</timestamp>
			</report>
			<report>
				<misses>6521001</misses>
				<total>31</total>
				<timestamp>2019.490215</timestamp>
			</report>
			<report>
				<misses>6522001</misses>
				<total>31</total>
				<timestamp>2019.799921</timestamp>
			</report>
			<report>
				<misses>6523001</misses>
				<total>31</total>
				<timestamp>2020.109589</timestamp>
			</report>
			<report>
				<misses>6524001</misses>
				<total>31</total>
				<timestamp>2020.419282</timestamp>
			</report>
			<report>
				<misses>6525001</misses>
				<total>32</total>
				<timestamp>2020.729014</timestamp>
			</report>
			<report>
				<misses>6526001</misses>
				<total>32</total>
				<timestamp>2021.038701</timestamp>
			</report>
			<report>
				<misses>6527001</misses>
				<total>32</total>
				<timestamp>2021.348372</timestamp>
			</report>
			<report>
				<misses>6528001</misses>
				<total>32</total>
				<timestamp>2021.658077</timestamp>
			</report>
			<report>
				<misses>6529001</misses>
				<total>32</total>
				<timestamp>2021.967768</timestamp>
			</report>
			<report>
				<misses>6530001</misses>
				<total>32</total>
				<timestamp>2022.277482</timestamp>
			</report>
			<report>
				<misses>6531001</misses>
				<total>32</total>
				<timestamp>2022.587149</timestamp>
			</report>
			<report>
				<misses>6532001</misses>
				<total>32</total>
				<timestamp>2022.896804</timestamp>
			</report>
			<report>
				<misses>6533001</misses>
				<total>32</total>
				<timestamp>2023.206513</timestamp>
			</report>
			<report>
				<misses>6534001</misses>
				<total>32</total>
				<timestamp>2023.516233</timestamp>
			</report>
			<report>
				<misses>6535001</misses>
				<total>32</total>
				<timestamp>2023.825902</timestamp>
			</report>
			<report>
				<misses>6536001</misses>
				<total>32</total>
				<timestamp>2024.135592</timestamp>
			</report>
			<report>
				<misses>6537001</misses>
				<total>32</total>
				<timestamp>2024.445251</timestamp>
			</report>
			<report>
				<misses>6538001</misses>
				<total>32</total>
				<timestamp>2024.754934</timestamp>
			</report>
			<report>
				<misses>6539001</misses>
				<total>32</total>
				<timestamp>2025.064619</timestamp>
			</report>
			<report>
				<misses>6540001</misses>
				<total>32</total>
				<timestamp>2025.374320</timestamp>
			</report>
			<report>
				<misses>6541001</misses>
				<total>32</total>
				<timestamp>2025.684007</timestamp>
			</report>
			<report>
				<misses>6542001</misses>
				<total>32</total>
				<timestamp>2025.993722</timestamp>
			</report>
			<report>
				<misses>6543001</misses>
				<total>32</total>
				<timestamp>2026.303398</timestamp>
			</report>
			<report>
				<misses>6544001</misses>
				<total>32</total>
				<timestamp>2026.613073</timestamp>
			</report>
			<report>
				<misses>6545001</misses>
				<total>32</total>
				<timestamp>2026.922797</timestamp>
			</report>
			<report>
				<misses>6546001</misses>
				<total>32</total>
				<timestamp>2027.232499</timestamp>
			</report>
			<report>
				<misses>6547001</misses>
				<total>32</total>
				<timestamp>2027.542177</timestamp>
			</report>
			<report>
				<misses>6548001</misses>
				<total>32</total>
				<timestamp>2027.851887</timestamp>
			</report>
			<report>
				<misses>6549001</misses>
				<total>32</total>
				<timestamp>2028.161565</timestamp>
			</report>
			<report>
				<misses>6550001</misses>
				<total>32</total>
				<timestamp>2028.471237</timestamp>
			</report>
			<report>
				<misses>6551001</misses>
				<total>33</total>
				<timestamp>2028.780913</timestamp>
			</report>
			<report>
				<misses>6552001</misses>
				<total>33</total>
				<timestamp>2029.090619</timestamp>
			</report>
			<report>
				<misses>6553001</misses>
				<total>33</total>
				<timestamp>2029.400294</timestamp>
			</report>
			<report>
				<misses>6554001</misses>
				<total>33</total>
				<timestamp>2029.710020</timestamp>
			</report>
			<report>
				<misses>6555001</misses>
				<total>33</total>
				<timestamp>2030.019699</timestamp>
			</report>
			<report>
				<misses>6556001</misses>
				<total>33</total>
				<timestamp>2030.329374</timestamp>
			</report>
			<report>
				<misses>6557001</misses>
				<total>33</total>
				<timestamp>2030.639085</timestamp>
			</report>
			<report>
				<misses>6558001</misses>
				<total>33</total>
				<timestamp>2030.948767</timestamp>
			</report>
			<report>
				<misses>6559001</misses>
				<total>33</total>
				<timestamp>2031.258448</timestamp>
			</report>
			<report>
				<misses>6560001</misses>
				<total>33</total>
				<timestamp>2031.568176</timestamp>
			</report>
			<report>
				<misses>6561001</misses>
				<total>33</total>
				<timestamp>2031.877848</timestamp>
			</report>
			<report>
				<misses>6562001</misses>
				<total>33</total>
				<timestamp>2032.187570</timestamp>
			</report>
			<report>
				<misses>6563001</misses>
				<total>33</total>
				<timestamp>2032.497206</timestamp>
			</report>
			<report>
				<misses>6564001</misses>
				<total>33</total>
				<timestamp>2032.806897</timestamp>
			</report>
			<report>
				<misses>6565001</misses>
				<total>33</total>
				<timestamp>2033.116611</timestamp>
			</report>
			<report>
				<misses>6566001</misses>
				<total>33</total>
				<timestamp>2033.426266</timestamp>
			</report>
			<report>
				<misses>6567001</misses>
				<total>33</total>
				<timestamp>2033.735962</timestamp>
			</report>
			<report>
				<misses>6568001</misses>
				<total>33</total>
				<timestamp>2034.045704</timestamp>
			</report>
			<report>
				<misses>6569001</misses>
				<total>33</total>
				<timestamp>2034.355369</timestamp>
			</report>
			<report>
				<misses>6570001</misses>
				<total>33</total>
				<timestamp>2034.665038</timestamp>
			</report>
			<report>
				<misses>6571001</misses>
				<total>33</total>
				<timestamp>2034.974735</timestamp>
			</report>
			<report>
				<misses>6572001</misses>
				<total>33</total>
				<timestamp>2035.284405</timestamp>
			</report>
			<report>
				<misses>6573001</misses>
				<total>33</total>
				<timestamp>2035.594114</timestamp>
			</report>
			<report>
				<misses>6574001</misses>
				<total>33</total>
				<timestamp>2035.903839</timestamp>
			</report>
			<report>
				<misses>6575001</misses>
				<total>33</total>
				<timestamp>2036.213496</timestamp>
			</report>
			<report>
				<misses>6576001</misses>
				<total>33</total>
				<timestamp>2036.523147</timestamp>
			</report>
			<report>
				<misses>6577001</misses>
				<total>33</total>
				<timestamp>2036.832875</timestamp>
			</report>
			<report>
				<misses>6578001</misses>
				<total>33</total>
				<timestamp>2037.142569</timestamp>
			</report>
			<report>
				<misses>6579001</misses>
				<total>33</total>
				<timestamp>2037.452252</timestamp>
			</report>
			<report>
				<misses>6580001</misses>
				<total>33</total>
				<timestamp>2037.761966</timestamp>
			</report>
			<report>
				<misses>6581001</misses>
				<total>33</total>
				<timestamp>2038.071632</timestamp>
			</report>
			<report>
				<misses>6582001</misses>
				<total>33</total>
				<timestamp>2038.381356</timestamp>
			</report>
			<report>
				<misses>6583001</misses>
				<total>33</total>
				<timestamp>2038.691052</timestamp>
			</report>
			<report>
				<misses>6584001</misses>
				<total>33</total>
				<timestamp>2039.000699</timestamp>
			</report>
			<report>
				<misses>6585001</misses>
				<total>33</total>
				<timestamp>2039.310381</timestamp>
			</report>
			<report>
				<misses>6586001</misses>
				<total>33</total>
				<timestamp>2039.620105</timestamp>
			</report>
			<report>
				<misses>6587001</misses>
				<total>33</total>
				<timestamp>2039.929771</timestamp>
			</report>
			<report>
				<misses>6588001</misses>
				<total>33</total>
				<timestamp>2040.239444</timestamp>
			</report>
			<report>
				<misses>6589001</misses>
				<total>33</total>
				<timestamp>2040.549145</timestamp>
			</report>
			<report>
				<misses>6590001</misses>
				<total>33</total>
				<timestamp>2040.858841</timestamp>
			</report>
			<report>
				<misses>6591001</misses>
				<total>33</total>
				<timestamp>2041.168527</timestamp>
			</report>
			<report>
				<misses>6592001</misses>
				<total>33</total>
				<timestamp>2041.478204</timestamp>
			</report>
			<report>
				<misses>6593001</misses>
				<total>33</total>
				<timestamp>2041.787929</timestamp>
			</report>
			<report>
				<misses>6594001</misses>
				<total>33</total>
				<timestamp>2042.097583</timestamp>
			</report>
			<report>
				<misses>6595001</misses>
				<total>33</total>
				<timestamp>2042.407269</timestamp>
			</report>
			<report>
				<misses>6596001</misses>
				<total>33</total>
				<timestamp>2042.716988</timestamp>
			</report>
			<report>
				<misses>6597001</misses>
				<total>33</total>
				<timestamp>2043.026702</timestamp>
			</report>
			<report>
				<misses>6598001</misses>
				<total>33</total>
				<timestamp>2043.336358</timestamp>
			</report>
			<report>
				<misses>6599001</misses>
				<total>33</total>
				<timestamp>2043.646055</timestamp>
			</report>
			<report>
				<misses>6600001</misses>
				<total>33</total>
				<timestamp>2043.955783</timestamp>
			</report>
			<report>
				<misses>6601001</misses>
				<total>33</total>
				<timestamp>2044.265398</timestamp>
			</report>
			<report>
				<misses>6602001</misses>
				<total>33</total>
				<timestamp>2044.575095</timestamp>
			</report>
			<report>
				<misses>6603001</misses>
				<total>33</total>
				<timestamp>2044.884808</timestamp>
			</report>
			<report>
				<misses>6604001</misses>
				<total>33</total>
				<timestamp>2045.194525</timestamp>
			</report>
			<report>
				<misses>6605001</misses>
				<total>33</total>
				<timestamp>2045.504210</timestamp>
			</report>
			<report>
				<misses>6606001</misses>
				<total>33</total>
				<timestamp>2045.813881</timestamp>
			</report>
			<report>
				<misses>6607001</misses>
				<total>33</total>
				<timestamp>2046.123586</timestamp>
			</report>
			<report>
				<misses>6608001</misses>
				<total>33</total>
				<timestamp>2046.433239</timestamp>
			</report>
			<report>
				<misses>6609001</misses>
				<total>33</total>
				<timestamp>2046.743006</timestamp>
			</report>
			<report>
				<misses>6610001</misses>
				<total>33</total>
				<timestamp>2047.052620</timestamp>
			</report>
			<report>
				<misses>6611001</misses>
				<total>33</total>
				<timestamp>2047.362323</timestamp>
			</report>
			<report>
				<misses>6612001</misses>
				<total>33</total>
				<timestamp>2047.671985</timestamp>
			</report>
			<report>
				<misses>6613001</misses>
				<total>33</total>
				<timestamp>2047.981731</timestamp>
			</report>
			<report>
				<misses>6614001</misses>
				<total>33</total>
				<timestamp>2048.291383</timestamp>
			</report>
			<report>
				<misses>6615001</misses>
				<total>33</total>
				<timestamp>2048.601068</timestamp>
			</report>
			<report>
				<misses>6616001</misses>
				<total>33</total>
				<timestamp>2048.910800</timestamp>
			</report>
			<report>
				<misses>6617001</misses>
				<total>33</total>
				<timestamp>2049.220463</timestamp>
			</report>
			<report>
				<misses>6618001</misses>
				<total>33</total>
				<timestamp>2049.530167</timestamp>
			</report>
			<report>
				<misses>6619001</misses>
				<total>33</total>
				<timestamp>2049.839849</timestamp>
			</report>
			<report>
				<misses>6620001</misses>
				<total>33</total>
				<timestamp>2050.149533</timestamp>
			</report>
			<report>
				<misses>6621001</misses>
				<total>33</total>
				<timestamp>2050.459215</timestamp>
			</report>
			<report>
				<misses>6622001</misses>
				<total>33</total>
				<timestamp>2050.768902</timestamp>
			</report>
			<report>
				<misses>6623001</misses>
				<total>33</total>
				<timestamp>2051.078638</timestamp>
			</report>
			<report>
				<misses>6624001</misses>
				<total>33</total>
				<timestamp>2051.388289</timestamp>
			</report>
			<report>
				<misses>6625001</misses>
				<total>33</total>
				<timestamp>2051.697986</timestamp>
			</report>
			<report>
				<misses>6626001</misses>
				<total>33</total>
				<timestamp>2052.007701</timestamp>
			</report>
			<report>
				<misses>6627001</misses>
				<total>33</total>
				<timestamp>2052.317356</timestamp>
			</report>
			<report>
				<misses>6628001</misses>
				<total>33</total>
				<timestamp>2052.627067</timestamp>
			</report>
			<report>
				<misses>6629001</misses>
				<total>33</total>
				<timestamp>2052.936733</timestamp>
			</report>
			<report>
				<misses>6630001</misses>
				<total>33</total>
				<timestamp>2053.246422</timestamp>
			</report>
			<report>
				<misses>6631001</misses>
				<total>33</total>
				<timestamp>2053.556119</timestamp>
			</report>
			<report>
				<misses>6632001</misses>
				<total>33</total>
				<timestamp>2053.865836</timestamp>
			</report>
			<report>
				<misses>6633001</misses>
				<total>33</total>
				<timestamp>2054.175519</timestamp>
			</report>
			<report>
				<misses>6634001</misses>
				<total>33</total>
				<timestamp>2054.485184</timestamp>
			</report>
			<report>
				<misses>6635001</misses>
				<total>33</total>
				<timestamp>2054.794915</timestamp>
			</report>
			<report>
				<misses>6636001</misses>
				<total>33</total>
				<timestamp>2055.104580</timestamp>
			</report>
			<report>
				<misses>6637001</misses>
				<total>33</total>
				<timestamp>2055.414261</timestamp>
			</report>
			<report>
				<misses>6638001</misses>
				<total>33</total>
				<timestamp>2055.723985</timestamp>
			</report>
			<report>
				<misses>6639001</misses>
				<total>33</total>
				<timestamp>2056.033688</timestamp>
			</report>
			<report>
				<misses>6640001</misses>
				<total>33</total>
				<timestamp>2056.343342</timestamp>
			</report>
			<report>
				<misses>6641001</misses>
				<total>33</total>
				<timestamp>2056.653036</timestamp>
			</report>
			<report>
				<misses>6642001</misses>
				<total>33</total>
				<timestamp>2056.962743</timestamp>
			</report>
			<report>
				<misses>6643001</misses>
				<total>33</total>
				<timestamp>2057.272413</timestamp>
			</report>
			<report>
				<misses>6644001</misses>
				<total>33</total>
				<timestamp>2057.582082</timestamp>
			</report>
			<report>
				<misses>6645001</misses>
				<total>33</total>
				<timestamp>2057.891797</timestamp>
			</report>
			<report>
				<misses>6646001</misses>
				<total>33</total>
				<timestamp>2058.201497</timestamp>
			</report>
			<report>
				<misses>6647001</misses>
				<total>33</total>
				<timestamp>2058.511149</timestamp>
			</report>
			<report>
				<misses>6648001</misses>
				<total>33</total>
				<timestamp>2058.820889</timestamp>
			</report>
			<report>
				<misses>6649001</misses>
				<total>33</total>
				<timestamp>2059.130550</timestamp>
			</report>
			<report>
				<misses>6650001</misses>
				<total>33</total>
				<timestamp>2059.440234</timestamp>
			</report>
			<report>
				<misses>6651001</misses>
				<total>33</total>
				<timestamp>2059.749937</timestamp>
			</report>
			<report>
				<misses>6652001</misses>
				<total>33</total>
				<timestamp>2060.059626</timestamp>
			</report>
			<report>
				<misses>6653001</misses>
				<total>33</total>
				<timestamp>2060.369317</timestamp>
			</report>
			<report>
				<misses>6654001</misses>
				<total>33</total>
				<timestamp>2060.679051</timestamp>
			</report>
			<report>
				<misses>6655001</misses>
				<total>33</total>
				<timestamp>2060.988731</timestamp>
			</report>
			<report>
				<misses>6656001</misses>
				<total>33</total>
				<timestamp>2061.298368</timestamp>
			</report>
			<report>
				<misses>6657001</misses>
				<total>33</total>
				<timestamp>2061.608056</timestamp>
			</report>
			<report>
				<misses>6658001</misses>
				<total>33</total>
				<timestamp>2061.917835</timestamp>
			</report>
			<report>
				<misses>6659001</misses>
				<total>33</total>
				<timestamp>2062.227459</timestamp>
			</report>
			<report>
				<misses>6660001</misses>
				<total>33</total>
				<timestamp>2062.537132</timestamp>
			</report>
			<report>
				<misses>6661001</misses>
				<total>33</total>
				<timestamp>2062.846820</timestamp>
			</report>
			<report>
				<misses>6662001</misses>
				<total>33</total>
				<timestamp>2063.156512</timestamp>
			</report>
			<report>
				<misses>6663001</misses>
				<total>33</total>
				<timestamp>2063.466199</timestamp>
			</report>
			<report>
				<misses>6664001</misses>
				<total>33</total>
				<timestamp>2063.775897</timestamp>
			</report>
			<report>
				<misses>6665001</misses>
				<total>33</total>
				<timestamp>2064.085619</timestamp>
			</report>
			<report>
				<misses>6666001</misses>
				<total>33</total>
				<timestamp>2064.395259</timestamp>
			</report>
			<report>
				<misses>6667001</misses>
				<total>33</total>
				<timestamp>2064.704944</timestamp>
			</report>
			<report>
				<misses>6668001</misses>
				<total>33</total>
				<timestamp>2065.014663</timestamp>
			</report>
			<report>
				<misses>6669001</misses>
				<total>33</total>
				<timestamp>2065.324325</timestamp>
			</report>
			<report>
				<misses>6670001</misses>
				<total>33</total>
				<timestamp>2065.634021</timestamp>
			</report>
			<report>
				<misses>6671001</misses>
				<total>33</total>
				<timestamp>2065.943723</timestamp>
			</report>
			<report>
				<misses>6672001</misses>
				<total>33</total>
				<timestamp>2066.253407</timestamp>
			</report>
			<report>
				<misses>6673001</misses>
				<total>33</total>
				<timestamp>2066.563105</timestamp>
			</report>
			<report>
				<misses>6674001</misses>
				<total>33</total>
				<timestamp>2066.872817</timestamp>
			</report>
			<report>
				<misses>6675001</misses>
				<total>33</total>
				<timestamp>2067.182496</timestamp>
			</report>
			<report>
				<misses>6676001</misses>
				<total>33</total>
				<timestamp>2067.492154</timestamp>
			</report>
			<report>
				<misses>6677001</misses>
				<total>33</total>
				<timestamp>2067.801889</timestamp>
			</report>
			<report>
				<misses>6678001</misses>
				<total>33</total>
				<timestamp>2068.111547</timestamp>
			</report>
			<report>
				<misses>6679001</misses>
				<total>33</total>
				<timestamp>2068.421226</timestamp>
			</report>
			<report>
				<misses>6680001</misses>
				<total>33</total>
				<timestamp>2068.730909</timestamp>
			</report>
			<report>
				<misses>6681001</misses>
				<total>33</total>
				<timestamp>2069.040616</timestamp>
			</report>
			<report>
				<misses>6682001</misses>
				<total>33</total>
				<timestamp>2069.350303</timestamp>
			</report>
			<report>
				<misses>6683001</misses>
				<total>33</total>
				<timestamp>2069.660002</timestamp>
			</report>
			<report>
				<misses>6684001</misses>
				<total>33</total>
				<timestamp>2069.969721</timestamp>
			</report>
			<report>
				<misses>6685001</misses>
				<total>33</total>
				<timestamp>2070.279382</timestamp>
			</report>
			<report>
				<misses>6686001</misses>
				<total>33</total>
				<timestamp>2070.589058</timestamp>
			</report>
			<report>
				<misses>6687001</misses>
				<total>33</total>
				<timestamp>2070.898755</timestamp>
			</report>
			<report>
				<misses>6688001</misses>
				<total>33</total>
				<timestamp>2071.208480</timestamp>
			</report>
			<report>
				<misses>6689001</misses>
				<total>33</total>
				<timestamp>2071.518149</timestamp>
			</report>
			<report>
				<misses>6690001</misses>
				<total>33</total>
				<timestamp>2071.827861</timestamp>
			</report>
			<report>
				<misses>6691001</misses>
				<total>33</total>
				<timestamp>2072.137528</timestamp>
			</report>
			<report>
				<misses>6692001</misses>
				<total>33</total>
				<timestamp>2072.447213</timestamp>
			</report>
			<report>
				<misses>6693001</misses>
				<total>33</total>
				<timestamp>2072.756886</timestamp>
			</report>
			<report>
				<misses>6694001</misses>
				<total>33</total>
				<timestamp>2073.066593</timestamp>
			</report>
			<report>
				<misses>6695001</misses>
				<total>33</total>
				<timestamp>2073.376310</timestamp>
			</report>
			<report>
				<misses>6696001</misses>
				<total>33</total>
				<timestamp>2073.685967</timestamp>
			</report>
			<report>
				<misses>6697001</misses>
				<total>33</total>
				<timestamp>2073.995699</timestamp>
			</report>
			<report>
				<misses>6698001</misses>
				<total>33</total>
				<timestamp>2074.305351</timestamp>
			</report>
			<report>
				<misses>6699001</misses>
				<total>33</total>
				<timestamp>2074.615046</timestamp>
			</report>
			<report>
				<misses>6700001</misses>
				<total>33</total>
				<timestamp>2074.924772</timestamp>
			</report>
			<report>
				<misses>6701001</misses>
				<total>33</total>
				<timestamp>2075.234425</timestamp>
			</report>
			<report>
				<misses>6702001</misses>
				<total>33</total>
				<timestamp>2075.544132</timestamp>
			</report>
			<report>
				<misses>6703001</misses>
				<total>33</total>
				<timestamp>2075.853849</timestamp>
			</report>
			<report>
				<misses>6704001</misses>
				<total>33</total>
				<timestamp>2076.163551</timestamp>
			</report>
			<report>
				<misses>6705001</misses>
				<total>33</total>
				<timestamp>2076.473179</timestamp>
			</report>
			<report>
				<misses>6706001</misses>
				<total>33</total>
				<timestamp>2076.782889</timestamp>
			</report>
			<report>
				<misses>6707001</misses>
				<total>33</total>
				<timestamp>2077.092557</timestamp>
			</report>
			<report>
				<misses>6708001</misses>
				<total>33</total>
				<timestamp>2077.402237</timestamp>
			</report>
			<report>
				<misses>6709001</misses>
				<total>33</total>
				<timestamp>2077.711947</timestamp>
			</report>
			<report>
				<misses>6710001</misses>
				<total>33</total>
				<timestamp>2078.021653</timestamp>
			</report>
			<report>
				<misses>6711001</misses>
				<total>33</total>
				<timestamp>2078.331309</timestamp>
			</report>
			<report>
				<misses>6712001</misses>
				<total>33</total>
				<timestamp>2078.641021</timestamp>
			</report>
			<report>
				<misses>6713001</misses>
				<total>33</total>
				<timestamp>2078.950732</timestamp>
			</report>
			<report>
				<misses>6714001</misses>
				<total>33</total>
				<timestamp>2079.260380</timestamp>
			</report>
			<report>
				<misses>6715001</misses>
				<total>33</total>
				<timestamp>2079.570153</timestamp>
			</report>
			<report>
				<misses>6716001</misses>
				<total>33</total>
				<timestamp>2079.879785</timestamp>
			</report>
			<report>
				<misses>6717001</misses>
				<total>33</total>
				<timestamp>2080.189470</timestamp>
			</report>
			<report>
				<misses>6718001</misses>
				<total>33</total>
				<timestamp>2080.499145</timestamp>
			</report>
			<report>
				<misses>6719001</misses>
				<total>33</total>
				<timestamp>2080.808835</timestamp>
			</report>
			<report>
				<misses>6720001</misses>
				<total>33</total>
				<timestamp>2081.118572</timestamp>
			</report>
			<report>
				<misses>6721001</misses>
				<total>33</total>
				<timestamp>2081.428215</timestamp>
			</report>
			<report>
				<misses>6722001</misses>
				<total>33</total>
				<timestamp>2081.737910</timestamp>
			</report>
			<report>
				<misses>6723001</misses>
				<total>33</total>
				<timestamp>2082.047620</timestamp>
			</report>
			<report>
				<misses>6724001</misses>
				<total>33</total>
				<timestamp>2082.357285</timestamp>
			</report>
			<report>
				<misses>6725001</misses>
				<total>33</total>
				<timestamp>2082.666970</timestamp>
			</report>
			<report>
				<misses>6726001</misses>
				<total>33</total>
				<timestamp>2082.976688</timestamp>
			</report>
			<report>
				<misses>6727001</misses>
				<total>33</total>
				<timestamp>2083.286357</timestamp>
			</report>
			<report>
				<misses>6728001</misses>
				<total>33</total>
				<timestamp>2083.596076</timestamp>
			</report>
			<report>
				<misses>6729001</misses>
				<total>33</total>
				<timestamp>2083.905803</timestamp>
			</report>
			<report>
				<misses>6730001</misses>
				<total>33</total>
				<timestamp>2084.215422</timestamp>
			</report>
			<report>
				<misses>6731001</misses>
				<total>33</total>
				<timestamp>2084.525104</timestamp>
			</report>
			<report>
				<misses>6732001</misses>
				<total>33</total>
				<timestamp>2084.834800</timestamp>
			</report>
			<report>
				<misses>6733001</misses>
				<total>33</total>
				<timestamp>2085.144552</timestamp>
			</report>
			<report>
				<misses>6734001</misses>
				<total>33</total>
				<timestamp>2085.454184</timestamp>
			</report>
			<report>
				<misses>6735001</misses>
				<total>33</total>
				<timestamp>2085.763909</timestamp>
			</report>
			<report>
				<misses>6736001</misses>
				<total>33</total>
				<timestamp>2086.073606</timestamp>
			</report>
			<report>
				<misses>6737001</misses>
				<total>33</total>
				<timestamp>2086.383254</timestamp>
			</report>
			<report>
				<misses>6738001</misses>
				<total>33</total>
				<timestamp>2086.692925</timestamp>
			</report>
			<report>
				<misses>6739001</misses>
				<total>33</total>
				<timestamp>2087.002663</timestamp>
			</report>
			<report>
				<misses>6740001</misses>
				<total>33</total>
				<timestamp>2087.312325</timestamp>
			</report>
			<report>
				<misses>6741001</misses>
				<total>33</total>
				<timestamp>2087.622009</timestamp>
			</report>
			<report>
				<misses>6742001</misses>
				<total>33</total>
				<timestamp>2087.931725</timestamp>
			</report>
			<report>
				<misses>6743001</misses>
				<total>33</total>
				<timestamp>2088.241435</timestamp>
			</report>
			<report>
				<misses>6744001</misses>
				<total>33</total>
				<timestamp>2088.551115</timestamp>
			</report>
			<report>
				<misses>6745001</misses>
				<total>33</total>
				<timestamp>2088.860785</timestamp>
			</report>
			<report>
				<misses>6746001</misses>
				<total>33</total>
				<timestamp>2089.170490</timestamp>
			</report>
			<report>
				<misses>6747001</misses>
				<total>33</total>
				<timestamp>2089.480180</timestamp>
			</report>
			<report>
				<misses>6748001</misses>
				<total>33</total>
				<timestamp>2089.789878</timestamp>
			</report>
			<report>
				<misses>6749001</misses>
				<total>33</total>
				<timestamp>2090.099530</timestamp>
			</report>
			<report>
				<misses>6750001</misses>
				<total>33</total>
				<timestamp>2090.409245</timestamp>
			</report>
			<report>
				<misses>6751001</misses>
				<total>33</total>
				<timestamp>2090.718917</timestamp>
			</report>
			<report>
				<misses>6752001</misses>
				<total>33</total>
				<timestamp>2091.028642</timestamp>
			</report>
			<report>
				<misses>6753001</misses>
				<total>33</total>
				<timestamp>2091.338306</timestamp>
			</report>
			<report>
				<misses>6754001</misses>
				<total>33</total>
				<timestamp>2091.647994</timestamp>
			</report>
			<report>
				<misses>6755001</misses>
				<total>33</total>
				<timestamp>2091.957695</timestamp>
			</report>
			<report>
				<misses>6756001</misses>
				<total>33</total>
				<timestamp>2092.267379</timestamp>
			</report>
			<report>
				<misses>6757001</misses>
				<total>33</total>
				<timestamp>2092.577066</timestamp>
			</report>
			<report>
				<misses>6758001</misses>
				<total>33</total>
				<timestamp>2092.886771</timestamp>
			</report>
			<report>
				<misses>6759001</misses>
				<total>33</total>
				<timestamp>2093.196460</timestamp>
			</report>
			<report>
				<misses>6760001</misses>
				<total>33</total>
				<timestamp>2093.506146</timestamp>
			</report>
			<report>
				<misses>6761001</misses>
				<total>33</total>
				<timestamp>2093.815827</timestamp>
			</report>
			<report>
				<misses>6762001</misses>
				<total>33</total>
				<timestamp>2094.125541</timestamp>
			</report>
			<report>
				<misses>6763001</misses>
				<total>33</total>
				<timestamp>2094.435199</timestamp>
			</report>
			<report>
				<misses>6764001</misses>
				<total>33</total>
				<timestamp>2094.744927</timestamp>
			</report>
			<report>
				<misses>6765001</misses>
				<total>33</total>
				<timestamp>2095.054620</timestamp>
			</report>
			<report>
				<misses>6766001</misses>
				<total>33</total>
				<timestamp>2095.364303</timestamp>
			</report>
			<report>
				<misses>6767001</misses>
				<total>33</total>
				<timestamp>2095.673966</timestamp>
			</report>
			<report>
				<misses>6768001</misses>
				<total>33</total>
				<timestamp>2095.983643</timestamp>
			</report>
			<report>
				<misses>6769001</misses>
				<total>33</total>
				<timestamp>2096.293340</timestamp>
			</report>
			<report>
				<misses>6770001</misses>
				<total>33</total>
				<timestamp>2096.603033</timestamp>
			</report>
			<report>
				<misses>6771001</misses>
				<total>33</total>
				<timestamp>2096.912742</timestamp>
			</report>
			<report>
				<misses>6772001</misses>
				<total>33</total>
				<timestamp>2097.222397</timestamp>
			</report>
			<report>
				<misses>6773001</misses>
				<total>33</total>
				<timestamp>2097.532091</timestamp>
			</report>
			<report>
				<misses>6774001</misses>
				<total>33</total>
				<timestamp>2097.841787</timestamp>
			</report>
			<report>
				<misses>6775001</misses>
				<total>33</total>
				<timestamp>2098.151502</timestamp>
			</report>
			<report>
				<misses>6776001</misses>
				<total>33</total>
				<timestamp>2098.461166</timestamp>
			</report>
			<report>
				<misses>6777001</misses>
				<total>33</total>
				<timestamp>2098.770870</timestamp>
			</report>
			<report>
				<misses>6778001</misses>
				<total>33</total>
				<timestamp>2099.080613</timestamp>
			</report>
			<report>
				<misses>6779001</misses>
				<total>33</total>
				<timestamp>2099.390243</timestamp>
			</report>
			<report>
				<misses>6780001</misses>
				<total>33</total>
				<timestamp>2099.699964</timestamp>
			</report>
			<report>
				<misses>6781001</misses>
				<total>33</total>
				<timestamp>2100.009714</timestamp>
			</report>
			<report>
				<misses>6782001</misses>
				<total>33</total>
				<timestamp>2100.319307</timestamp>
			</report>
			<report>
				<misses>6783001</misses>
				<total>33</total>
				<timestamp>2100.629000</timestamp>
			</report>
			<report>
				<misses>6784001</misses>
				<total>33</total>
				<timestamp>2100.938720</timestamp>
			</report>
			<report>
				<misses>6785001</misses>
				<total>33</total>
				<timestamp>2101.248372</timestamp>
			</report>
			<report>
				<misses>6786001</misses>
				<total>33</total>
				<timestamp>2101.558076</timestamp>
			</report>
			<report>
				<misses>6787001</misses>
				<total>33</total>
				<timestamp>2101.867756</timestamp>
			</report>
			<report>
				<misses>6788001</misses>
				<total>33</total>
				<timestamp>2102.177470</timestamp>
			</report>
			<report>
				<misses>6789001</misses>
				<total>33</total>
				<timestamp>2102.487151</timestamp>
			</report>
			<report>
				<misses>6790001</misses>
				<total>33</total>
				<timestamp>2102.796842</timestamp>
			</report>
			<report>
				<misses>6791001</misses>
				<total>33</total>
				<timestamp>2103.106559</timestamp>
			</report>
			<report>
				<misses>6792001</misses>
				<total>33</total>
				<timestamp>2103.416210</timestamp>
			</report>
			<report>
				<misses>6793001</misses>
				<total>33</total>
				<timestamp>2103.725926</timestamp>
			</report>
			<report>
				<misses>6794001</misses>
				<total>33</total>
				<timestamp>2104.035613</timestamp>
			</report>
			<report>
				<misses>6795001</misses>
				<total>33</total>
				<timestamp>2104.345278</timestamp>
			</report>
			<report>
				<misses>6796001</misses>
				<total>33</total>
				<timestamp>2104.654980</timestamp>
			</report>
			<report>
				<misses>6797001</misses>
				<total>33</total>
				<timestamp>2104.964727</timestamp>
			</report>
			<report>
				<misses>6798001</misses>
				<total>33</total>
				<timestamp>2105.274388</timestamp>
			</report>
			<report>
				<misses>6799001</misses>
				<total>33</total>
				<timestamp>2105.584029</timestamp>
			</report>
			<report>
				<misses>6800001</misses>
				<total>33</total>
				<timestamp>2105.893719</timestamp>
			</report>
			<report>
				<misses>6801001</misses>
				<total>33</total>
				<timestamp>2106.203424</timestamp>
			</report>
			<report>
				<misses>6802001</misses>
				<total>33</total>
				<timestamp>2106.513100</timestamp>
			</report>
			<report>
				<misses>6803001</misses>
				<total>33</total>
				<timestamp>2106.822794</timestamp>
			</report>
			<report>
				<misses>6804001</misses>
				<total>33</total>
				<timestamp>2107.132538</timestamp>
			</report>
			<report>
				<misses>6805001</misses>
				<total>33</total>
				<timestamp>2107.442169</timestamp>
			</report>
			<report>
				<misses>6806001</misses>
				<total>33</total>
				<timestamp>2107.751870</timestamp>
			</report>
			<report>
				<misses>6807001</misses>
				<total>33</total>
				<timestamp>2108.061568</timestamp>
			</report>
			<report>
				<misses>6808001</misses>
				<total>33</total>
				<timestamp>2108.371241</timestamp>
			</report>
			<report>
				<misses>6809001</misses>
				<total>33</total>
				<timestamp>2108.680950</timestamp>
			</report>
			<report>
				<misses>6810001</misses>
				<total>33</total>
				<timestamp>2108.990659</timestamp>
			</report>
			<report>
				<misses>6811001</misses>
				<total>33</total>
				<timestamp>2109.300362</timestamp>
			</report>
			<report>
				<misses>6812001</misses>
				<total>33</total>
				<timestamp>2109.609983</timestamp>
			</report>
			<report>
				<misses>6813001</misses>
				<total>33</total>
				<timestamp>2109.919716</timestamp>
			</report>
			<report>
				<misses>6814001</misses>
				<total>33</total>
				<timestamp>2110.229396</timestamp>
			</report>
			<report>
				<misses>6815001</misses>
				<total>33</total>
				<timestamp>2110.539065</timestamp>
			</report>
			<report>
				<misses>6816001</misses>
				<total>33</total>
				<timestamp>2110.848754</timestamp>
			</report>
			<report>
				<misses>6817001</misses>
				<total>33</total>
				<timestamp>2111.158477</timestamp>
			</report>
			<report>
				<misses>6818001</misses>
				<total>33</total>
				<timestamp>2111.468144</timestamp>
			</report>
			<report>
				<misses>6819001</misses>
				<total>33</total>
				<timestamp>2111.777817</timestamp>
			</report>
			<report>
				<misses>6820001</misses>
				<total>33</total>
				<timestamp>2112.087526</timestamp>
			</report>
			<report>
				<misses>6821001</misses>
				<total>33</total>
				<timestamp>2112.397214</timestamp>
			</report>
			<report>
				<misses>6822001</misses>
				<total>33</total>
				<timestamp>2112.706916</timestamp>
			</report>
			<report>
				<misses>6823001</misses>
				<total>33</total>
				<timestamp>2113.016636</timestamp>
			</report>
			<report>
				<misses>6824001</misses>
				<total>33</total>
				<timestamp>2113.326276</timestamp>
			</report>
			<report>
				<misses>6825001</misses>
				<total>33</total>
				<timestamp>2113.635974</timestamp>
			</report>
			<report>
				<misses>6826001</misses>
				<total>33</total>
				<timestamp>2113.945680</timestamp>
			</report>
			<report>
				<misses>6827001</misses>
				<total>33</total>
				<timestamp>2114.255363</timestamp>
			</report>
			<report>
				<misses>6828001</misses>
				<total>33</total>
				<timestamp>2114.565034</timestamp>
			</report>
			<report>
				<misses>6829001</misses>
				<total>33</total>
				<timestamp>2114.874735</timestamp>
			</report>
			<report>
				<misses>6830001</misses>
				<total>33</total>
				<timestamp>2115.184464</timestamp>
			</report>
			<report>
				<misses>6831001</misses>
				<total>33</total>
				<timestamp>2115.494122</timestamp>
			</report>
			<report>
				<misses>6832001</misses>
				<total>33</total>
				<timestamp>2115.803803</timestamp>
			</report>
			<report>
				<misses>6833001</misses>
				<total>33</total>
				<timestamp>2116.113547</timestamp>
			</report>
			<report>
				<misses>6834001</misses>
				<total>33</total>
				<timestamp>2116.423170</timestamp>
			</report>
			<report>
				<misses>6835001</misses>
				<total>33</total>
				<timestamp>2116.732867</timestamp>
			</report>
			<report>
				<misses>6836001</misses>
				<total>33</total>
				<timestamp>2117.042587</timestamp>
			</report>
			<report>
				<misses>6837001</misses>
				<total>33</total>
				<timestamp>2117.352263</timestamp>
			</report>
			<report>
				<misses>6838001</misses>
				<total>33</total>
				<timestamp>2117.661944</timestamp>
			</report>
			<report>
				<misses>6839001</misses>
				<total>33</total>
				<timestamp>2117.971647</timestamp>
			</report>
			<report>
				<misses>6840001</misses>
				<total>33</total>
				<timestamp>2118.281350</timestamp>
			</report>
			<report>
				<misses>6841001</misses>
				<total>33</total>
				<timestamp>2118.591013</timestamp>
			</report>
			<report>
				<misses>6842001</misses>
				<total>33</total>
				<timestamp>2118.900730</timestamp>
			</report>
			<report>
				<misses>6843001</misses>
				<total>33</total>
				<timestamp>2119.210439</timestamp>
			</report>
			<report>
				<misses>6844001</misses>
				<total>33</total>
				<timestamp>2119.520073</timestamp>
			</report>
			<report>
				<misses>6845001</misses>
				<total>33</total>
				<timestamp>2119.829772</timestamp>
			</report>
			<report>
				<misses>6846001</misses>
				<total>33</total>
				<timestamp>2120.139501</timestamp>
			</report>
			<report>
				<misses>6847001</misses>
				<total>33</total>
				<timestamp>2120.449155</timestamp>
			</report>
			<report>
				<misses>6848001</misses>
				<total>33</total>
				<timestamp>2120.758843</timestamp>
			</report>
			<report>
				<misses>6849001</misses>
				<total>33</total>
				<timestamp>2121.068574</timestamp>
			</report>
			<report>
				<misses>6850001</misses>
				<total>33</total>
				<timestamp>2121.378242</timestamp>
			</report>
			<report>
				<misses>6851001</misses>
				<total>33</total>
				<timestamp>2121.687907</timestamp>
			</report>
			<report>
				<misses>6852001</misses>
				<total>33</total>
				<timestamp>2121.997613</timestamp>
			</report>
			<report>
				<misses>6853001</misses>
				<total>33</total>
				<timestamp>2122.307340</timestamp>
			</report>
			<report>
				<misses>6854001</misses>
				<total>33</total>
				<timestamp>2122.616963</timestamp>
			</report>
			<report>
				<misses>6855001</misses>
				<total>33</total>
				<timestamp>2122.926695</timestamp>
			</report>
			<report>
				<misses>6856001</misses>
				<total>33</total>
				<timestamp>2123.236425</timestamp>
			</report>
			<report>
				<misses>6857001</misses>
				<total>33</total>
				<timestamp>2123.546079</timestamp>
			</report>
			<report>
				<misses>6858001</misses>
				<total>33</total>
				<timestamp>2123.855737</timestamp>
			</report>
			<report>
				<misses>6859001</misses>
				<total>33</total>
				<timestamp>2124.165481</timestamp>
			</report>
			<report>
				<misses>6860001</misses>
				<total>33</total>
				<timestamp>2124.475186</timestamp>
			</report>
			<report>
				<misses>6861001</misses>
				<total>33</total>
				<timestamp>2124.784885</timestamp>
			</report>
			<report>
				<misses>6862001</misses>
				<total>33</total>
				<timestamp>2125.094545</timestamp>
			</report>
			<report>
				<misses>6863001</misses>
				<total>33</total>
				<timestamp>2125.404191</timestamp>
			</report>
			<report>
				<misses>6864001</misses>
				<total>33</total>
				<timestamp>2125.713913</timestamp>
			</report>
			<report>
				<misses>6865001</misses>
				<total>33</total>
				<timestamp>2126.023576</timestamp>
			</report>
			<report>
				<misses>6866001</misses>
				<total>33</total>
				<timestamp>2126.333291</timestamp>
			</report>
			<report>
				<misses>6867001</misses>
				<total>33</total>
				<timestamp>2126.642989</timestamp>
			</report>
			<report>
				<misses>6868001</misses>
				<total>33</total>
				<timestamp>2126.952663</timestamp>
			</report>
			<report>
				<misses>6869001</misses>
				<total>33</total>
				<timestamp>2127.262354</timestamp>
			</report>
			<report>
				<misses>6870001</misses>
				<total>33</total>
				<timestamp>2127.572012</timestamp>
			</report>
			<report>
				<misses>6871001</misses>
				<total>33</total>
				<timestamp>2127.881722</timestamp>
			</report>
			<report>
				<misses>6872001</misses>
				<total>33</total>
				<timestamp>2128.191457</timestamp>
			</report>
			<report>
				<misses>6873001</misses>
				<total>33</total>
				<timestamp>2128.501108</timestamp>
			</report>
			<report>
				<misses>6874001</misses>
				<total>33</total>
				<timestamp>2128.810789</timestamp>
			</report>
			<report>
				<misses>6875001</misses>
				<total>33</total>
				<timestamp>2129.120538</timestamp>
			</report>
			<report>
				<misses>6876001</misses>
				<total>33</total>
				<timestamp>2129.430165</timestamp>
			</report>
			<report>
				<misses>6877001</misses>
				<total>33</total>
				<timestamp>2129.739862</timestamp>
			</report>
			<report>
				<misses>6878001</misses>
				<total>33</total>
				<timestamp>2130.049551</timestamp>
			</report>
			<report>
				<misses>6879001</misses>
				<total>33</total>
				<timestamp>2130.359236</timestamp>
			</report>
			<report>
				<misses>6880001</misses>
				<total>33</total>
				<timestamp>2130.668922</timestamp>
			</report>
			<report>
				<misses>6881001</misses>
				<total>33</total>
				<timestamp>2130.978614</timestamp>
			</report>
			<report>
				<misses>6882001</misses>
				<total>33</total>
				<timestamp>2131.288316</timestamp>
			</report>
			<report>
				<misses>6883001</misses>
				<total>33</total>
				<timestamp>2131.597988</timestamp>
			</report>
			<report>
				<misses>6884001</misses>
				<total>33</total>
				<timestamp>2131.907680</timestamp>
			</report>
			<report>
				<misses>6885001</misses>
				<total>33</total>
				<timestamp>2132.217401</timestamp>
			</report>
			<report>
				<misses>6886001</misses>
				<total>33</total>
				<timestamp>2132.527059</timestamp>
			</report>
			<report>
				<misses>6887001</misses>
				<total>33</total>
				<timestamp>2132.836749</timestamp>
			</report>
			<report>
				<misses>6888001</misses>
				<total>33</total>
				<timestamp>2133.146527</timestamp>
			</report>
			<report>
				<misses>6889001</misses>
				<total>33</total>
				<timestamp>2133.456123</timestamp>
			</report>
			<report>
				<misses>6890001</misses>
				<total>33</total>
				<timestamp>2133.765835</timestamp>
			</report>
			<report>
				<misses>6891001</misses>
				<total>33</total>
				<timestamp>2134.075508</timestamp>
			</report>
			<report>
				<misses>6892001</misses>
				<total>33</total>
				<timestamp>2134.385221</timestamp>
			</report>
			<report>
				<misses>6893001</misses>
				<total>33</total>
				<timestamp>2134.694890</timestamp>
			</report>
			<report>
				<misses>6894001</misses>
				<total>33</total>
				<timestamp>2135.004598</timestamp>
			</report>
			<report>
				<misses>6895001</misses>
				<total>33</total>
				<timestamp>2135.314290</timestamp>
			</report>
			<report>
				<misses>6896001</misses>
				<total>33</total>
				<timestamp>2135.623963</timestamp>
			</report>
			<report>
				<misses>6897001</misses>
				<total>33</total>
				<timestamp>2135.933660</timestamp>
			</report>
			<report>
				<misses>6898001</misses>
				<total>33</total>
				<timestamp>2136.243361</timestamp>
			</report>
			<report>
				<misses>6899001</misses>
				<total>33</total>
				<timestamp>2136.553034</timestamp>
			</report>
			<report>
				<misses>6900001</misses>
				<total>33</total>
				<timestamp>2136.862730</timestamp>
			</report>
			<report>
				<misses>6901001</misses>
				<total>33</total>
				<timestamp>2137.172425</timestamp>
			</report>
			<report>
				<misses>6902001</misses>
				<total>33</total>
				<timestamp>2137.482107</timestamp>
			</report>
			<report>
				<misses>6903001</misses>
				<total>33</total>
				<timestamp>2137.791781</timestamp>
			</report>
			<report>
				<misses>6904001</misses>
				<total>33</total>
				<timestamp>2138.101503</timestamp>
			</report>
			<report>
				<misses>6905001</misses>
				<total>33</total>
				<timestamp>2138.411229</timestamp>
			</report>
			<report>
				<misses>6906001</misses>
				<total>33</total>
				<timestamp>2138.720871</timestamp>
			</report>
			<report>
				<misses>6907001</misses>
				<total>33</total>
				<timestamp>2139.030564</timestamp>
			</report>
			<report>
				<misses>6908001</misses>
				<total>33</total>
				<timestamp>2139.340279</timestamp>
			</report>
			<report>
				<misses>6909001</misses>
				<total>33</total>
				<timestamp>2139.649934</timestamp>
			</report>
			<report>
				<misses>6910001</misses>
				<total>33</total>
				<timestamp>2139.959674</timestamp>
			</report>
			<report>
				<misses>6911001</misses>
				<total>33</total>
				<timestamp>2140.269359</timestamp>
			</report>
			<report>
				<misses>6912001</misses>
				<total>33</total>
				<timestamp>2140.579018</timestamp>
			</report>
			<report>
				<misses>6913001</misses>
				<total>33</total>
				<timestamp>2140.888692</timestamp>
			</report>
			<report>
				<misses>6914001</misses>
				<total>33</total>
				<timestamp>2141.198384</timestamp>
			</report>
			<report>
				<misses>6915001</misses>
				<total>33</total>
				<timestamp>2141.508122</timestamp>
			</report>
			<report>
				<misses>6916001</misses>
				<total>33</total>
				<timestamp>2141.817804</timestamp>
			</report>
			<report>
				<misses>6917001</misses>
				<total>33</total>
				<timestamp>2142.127467</timestamp>
			</report>
			<report>
				<misses>6918001</misses>
				<total>33</total>
				<timestamp>2142.437136</timestamp>
			</report>
			<report>
				<misses>6919001</misses>
				<total>33</total>
				<timestamp>2142.746833</timestamp>
			</report>
			<report>
				<misses>6920001</misses>
				<total>33</total>
				<timestamp>2143.056554</timestamp>
			</report>
			<report>
				<misses>6921001</misses>
				<total>33</total>
				<timestamp>2143.366270</timestamp>
			</report>
			<report>
				<misses>6922001</misses>
				<total>33</total>
				<timestamp>2143.675942</timestamp>
			</report>
			<report>
				<misses>6923001</misses>
				<total>33</total>
				<timestamp>2143.985609</timestamp>
			</report>
			<report>
				<misses>6924001</misses>
				<total>33</total>
				<timestamp>2144.295330</timestamp>
			</report>
			<report>
				<misses>6925001</misses>
				<total>33</total>
				<timestamp>2144.604985</timestamp>
			</report>
			<report>
				<misses>6926001</misses>
				<total>33</total>
				<timestamp>2144.914675</timestamp>
			</report>
			<report>
				<misses>6927001</misses>
				<total>33</total>
				<timestamp>2145.224388</timestamp>
			</report>
			<report>
				<misses>6928001</misses>
				<total>33</total>
				<timestamp>2145.534043</timestamp>
			</report>
			<report>
				<misses>6929001</misses>
				<total>33</total>
				<timestamp>2145.843761</timestamp>
			</report>
			<report>
				<misses>6930001</misses>
				<total>33</total>
				<timestamp>2146.153424</timestamp>
			</report>
			<report>
				<misses>6931001</misses>
				<total>33</total>
				<timestamp>2146.463119</timestamp>
			</report>
			<report>
				<misses>6932001</misses>
				<total>33</total>
				<timestamp>2146.772814</timestamp>
			</report>
			<report>
				<misses>6933001</misses>
				<total>33</total>
				<timestamp>2147.082493</timestamp>
			</report>
			<report>
				<misses>6934001</misses>
				<total>33</total>
				<timestamp>2147.392225</timestamp>
			</report>
			<report>
				<misses>6935001</misses>
				<total>33</total>
				<timestamp>2147.701875</timestamp>
			</report>
			<report>
				<misses>6936001</misses>
				<total>33</total>
				<timestamp>2148.011582</timestamp>
			</report>
			<report>
				<misses>6937001</misses>
				<total>33</total>
				<timestamp>2148.321278</timestamp>
			</report>
			<report>
				<misses>6938001</misses>
				<total>33</total>
				<timestamp>2148.630947</timestamp>
			</report>
			<report>
				<misses>6939001</misses>
				<total>33</total>
				<timestamp>2148.940629</timestamp>
			</report>
			<report>
				<misses>6940001</misses>
				<total>33</total>
				<timestamp>2149.250383</timestamp>
			</report>
			<report>
				<misses>6941001</misses>
				<total>33</total>
				<timestamp>2149.560040</timestamp>
			</report>
			<report>
				<misses>6942001</misses>
				<total>33</total>
				<timestamp>2149.869705</timestamp>
			</report>
			<report>
				<misses>6943001</misses>
				<total>33</total>
				<timestamp>2150.179385</timestamp>
			</report>
			<report>
				<misses>6944001</misses>
				<total>33</total>
				<timestamp>2150.489088</timestamp>
			</report>
			<report>
				<misses>6945001</misses>
				<total>33</total>
				<timestamp>2150.798773</timestamp>
			</report>
			<report>
				<misses>6946001</misses>
				<total>33</total>
				<timestamp>2151.108486</timestamp>
			</report>
			<report>
				<misses>6947001</misses>
				<total>33</total>
				<timestamp>2151.418154</timestamp>
			</report>
			<report>
				<misses>6948001</misses>
				<total>33</total>
				<timestamp>2151.727844</timestamp>
			</report>
			<report>
				<misses>6949001</misses>
				<total>33</total>
				<timestamp>2152.037539</timestamp>
			</report>
			<report>
				<misses>6950001</misses>
				<total>33</total>
				<timestamp>2152.347240</timestamp>
			</report>
			<report>
				<misses>6951001</misses>
				<total>33</total>
				<timestamp>2152.656909</timestamp>
			</report>
			<report>
				<misses>6952001</misses>
				<total>33</total>
				<timestamp>2152.966600</timestamp>
			</report>
			<report>
				<misses>6953001</misses>
				<total>33</total>
				<timestamp>2153.276337</timestamp>
			</report>
			<report>
				<misses>6954001</misses>
				<total>33</total>
				<timestamp>2153.585994</timestamp>
			</report>
			<report>
				<misses>6955001</misses>
				<total>33</total>
				<timestamp>2153.895726</timestamp>
			</report>
			<report>
				<misses>6956001</misses>
				<total>33</total>
				<timestamp>2154.205376</timestamp>
			</report>
			<report>
				<misses>6957001</misses>
				<total>33</total>
				<timestamp>2154.515041</timestamp>
			</report>
			<report>
				<misses>6958001</misses>
				<total>33</total>
				<timestamp>2154.824756</timestamp>
			</report>
			<report>
				<misses>6959001</misses>
				<total>33</total>
				<timestamp>2155.134464</timestamp>
			</report>
			<report>
				<misses>6960001</misses>
				<total>33</total>
				<timestamp>2155.444201</timestamp>
			</report>
			<report>
				<misses>6961001</misses>
				<total>33</total>
				<timestamp>2155.753820</timestamp>
			</report>
			<report>
				<misses>6962001</misses>
				<total>33</total>
				<timestamp>2156.063503</timestamp>
			</report>
			<report>
				<misses>6963001</misses>
				<total>33</total>
				<timestamp>2156.373250</timestamp>
			</report>
			<report>
				<misses>6964001</misses>
				<total>33</total>
				<timestamp>2156.682908</timestamp>
			</report>
			<report>
				<misses>6965001</misses>
				<total>33</total>
				<timestamp>2156.992591</timestamp>
			</report>
			<report>
				<misses>6966001</misses>
				<total>33</total>
				<timestamp>2157.302284</timestamp>
			</report>
			<report>
				<misses>6967001</misses>
				<total>33</total>
				<timestamp>2157.611948</timestamp>
			</report>
			<report>
				<misses>6968001</misses>
				<total>33</total>
				<timestamp>2157.921651</timestamp>
			</report>
			<report>
				<misses>6969001</misses>
				<total>33</total>
				<timestamp>2158.231357</timestamp>
			</report>
			<report>
				<misses>6970001</misses>
				<total>33</total>
				<timestamp>2158.541023</timestamp>
			</report>
			<report>
				<misses>6971001</misses>
				<total>33</total>
				<timestamp>2158.850750</timestamp>
			</report>
			<report>
				<misses>6972001</misses>
				<total>33</total>
				<timestamp>2159.160406</timestamp>
			</report>
			<report>
				<misses>6973001</misses>
				<total>33</total>
				<timestamp>2159.470133</timestamp>
			</report>
			<report>
				<misses>6974001</misses>
				<total>33</total>
				<timestamp>2159.779772</timestamp>
			</report>
			<report>
				<misses>6975001</misses>
				<total>33</total>
				<timestamp>2160.089478</timestamp>
			</report>
			<report>
				<misses>6976001</misses>
				<total>33</total>
				<timestamp>2160.399203</timestamp>
			</report>
			<report>
				<misses>6977001</misses>
				<total>33</total>
				<timestamp>2160.708856</timestamp>
			</report>
			<report>
				<misses>6978001</misses>
				<total>33</total>
				<timestamp>2161.018558</timestamp>
			</report>
			<report>
				<misses>6979001</misses>
				<total>33</total>
				<timestamp>2161.328298</timestamp>
			</report>
			<report>
				<misses>6980001</misses>
				<total>33</total>
				<timestamp>2161.637912</timestamp>
			</report>
			<report>
				<misses>6981001</misses>
				<total>33</total>
				<timestamp>2161.947619</timestamp>
			</report>
			<report>
				<misses>6982001</misses>
				<total>33</total>
				<timestamp>2162.257327</timestamp>
			</report>
			<report>
				<misses>6983001</misses>
				<total>33</total>
				<timestamp>2162.566988</timestamp>
			</report>
			<report>
				<misses>6984001</misses>
				<total>33</total>
				<timestamp>2162.876677</timestamp>
			</report>
			<report>
				<misses>6985001</misses>
				<total>33</total>
				<timestamp>2163.186384</timestamp>
			</report>
			<report>
				<misses>6986001</misses>
				<total>33</total>
				<timestamp>2163.496076</timestamp>
			</report>
			<report>
				<misses>6987001</misses>
				<total>33</total>
				<timestamp>2163.805794</timestamp>
			</report>
			<report>
				<misses>6988001</misses>
				<total>33</total>
				<timestamp>2164.115461</timestamp>
			</report>
			<report>
				<misses>6989001</misses>
				<total>33</total>
				<timestamp>2164.425171</timestamp>
			</report>
			<report>
				<misses>6990001</misses>
				<total>33</total>
				<timestamp>2164.734823</timestamp>
			</report>
			<report>
				<misses>6991001</misses>
				<total>33</total>
				<timestamp>2165.044523</timestamp>
			</report>
			<report>
				<misses>6992001</misses>
				<total>33</total>
				<timestamp>2165.354231</timestamp>
			</report>
			<report>
				<misses>6993001</misses>
				<total>33</total>
				<timestamp>2165.663888</timestamp>
			</report>
			<report>
				<misses>6994001</misses>
				<total>33</total>
				<timestamp>2165.973595</timestamp>
			</report>
			<report>
				<misses>6995001</misses>
				<total>33</total>
				<timestamp>2166.283292</timestamp>
			</report>
			<report>
				<misses>6996001</misses>
				<total>33</total>
				<timestamp>2166.592969</timestamp>
			</report>
			<report>
				<misses>6997001</misses>
				<total>33</total>
				<timestamp>2166.902649</timestamp>
			</report>
			<report>
				<misses>6998001</misses>
				<total>33</total>
				<timestamp>2167.212340</timestamp>
			</report>
			<report>
				<misses>6999001</misses>
				<total>33</total>
				<timestamp>2167.522099</timestamp>
			</report>
			<report>
				<misses>7000001</misses>
				<total>33</total>
				<timestamp>2167.831752</timestamp>
			</report>
			<report>
				<misses>7001001</misses>
				<total>33</total>
				<timestamp>2168.141401</timestamp>
			</report>
			<report>
				<misses>7002001</misses>
				<total>33</total>
				<timestamp>2168.451140</timestamp>
			</report>
			<report>
				<misses>7003001</misses>
				<total>33</total>
				<timestamp>2168.760817</timestamp>
			</report>
			<report>
				<misses>7004001</misses>
				<total>33</total>
				<timestamp>2169.070489</timestamp>
			</report>
			<report>
				<misses>7005001</misses>
				<total>33</total>
				<timestamp>2169.380196</timestamp>
			</report>
			<report>
				<misses>7006001</misses>
				<total>33</total>
				<timestamp>2169.689873</timestamp>
			</report>
			<report>
				<misses>7007001</misses>
				<total>33</total>
				<timestamp>2169.999555</timestamp>
			</report>
			<report>
				<misses>7008001</misses>
				<total>33</total>
				<timestamp>2170.309277</timestamp>
			</report>
			<report>
				<misses>7009001</misses>
				<total>33</total>
				<timestamp>2170.618965</timestamp>
			</report>
			<report>
				<misses>7010001</misses>
				<total>33</total>
				<timestamp>2170.928621</timestamp>
			</report>
			<report>
				<misses>7011001</misses>
				<total>33</total>
				<timestamp>2171.238345</timestamp>
			</report>
			<report>
				<misses>7012001</misses>
				<total>33</total>
				<timestamp>2171.548011</timestamp>
			</report>
			<report>
				<misses>7013001</misses>
				<total>33</total>
				<timestamp>2171.857708</timestamp>
			</report>
			<report>
				<misses>7014001</misses>
				<total>33</total>
				<timestamp>2172.167387</timestamp>
			</report>
			<report>
				<misses>7015001</misses>
				<total>33</total>
				<timestamp>2172.477176</timestamp>
			</report>
			<report>
				<misses>7016001</misses>
				<total>33</total>
				<timestamp>2172.786780</timestamp>
			</report>
			<report>
				<misses>7017001</misses>
				<total>33</total>
				<timestamp>2173.096451</timestamp>
			</report>
			<report>
				<misses>7018001</misses>
				<total>33</total>
				<timestamp>2173.406227</timestamp>
			</report>
			<report>
				<misses>7019001</misses>
				<total>33</total>
				<timestamp>2173.715836</timestamp>
			</report>
			<report>
				<misses>7020001</misses>
				<total>33</total>
				<timestamp>2174.025533</timestamp>
			</report>
			<report>
				<misses>7021001</misses>
				<total>33</total>
				<timestamp>2174.335233</timestamp>
			</report>
			<report>
				<misses>7022001</misses>
				<total>33</total>
				<timestamp>2174.644902</timestamp>
			</report>
			<report>
				<misses>7023001</misses>
				<total>33</total>
				<timestamp>2174.954611</timestamp>
			</report>
			<report>
				<misses>7024001</misses>
				<total>33</total>
				<timestamp>2175.264290</timestamp>
			</report>
			<report>
				<misses>7025001</misses>
				<total>33</total>
				<timestamp>2175.574010</timestamp>
			</report>
			<report>
				<misses>7026001</misses>
				<total>33</total>
				<timestamp>2175.883670</timestamp>
			</report>
			<report>
				<misses>7027001</misses>
				<total>33</total>
				<timestamp>2176.193356</timestamp>
			</report>
			<report>
				<misses>7028001</misses>
				<total>33</total>
				<timestamp>2176.503098</timestamp>
			</report>
			<report>
				<misses>7029001</misses>
				<total>33</total>
				<timestamp>2176.812719</timestamp>
			</report>
			<report>
				<misses>7030001</misses>
				<total>33</total>
				<timestamp>2177.122435</timestamp>
			</report>
			<report>
				<misses>7031001</misses>
				<total>33</total>
				<timestamp>2177.432102</timestamp>
			</report>
			<report>
				<misses>7032001</misses>
				<total>33</total>
				<timestamp>2177.741794</timestamp>
			</report>
			<report>
				<misses>7033001</misses>
				<total>33</total>
				<timestamp>2178.051514</timestamp>
			</report>
			<report>
				<misses>7034001</misses>
				<total>33</total>
				<timestamp>2178.361193</timestamp>
			</report>
			<report>
				<misses>7035001</misses>
				<total>33</total>
				<timestamp>2178.670866</timestamp>
			</report>
			<report>
				<misses>7036001</misses>
				<total>33</total>
				<timestamp>2178.980609</timestamp>
			</report>
			<report>
				<misses>7037001</misses>
				<total>33</total>
				<timestamp>2179.290264</timestamp>
			</report>
			<report>
				<misses>7038001</misses>
				<total>33</total>
				<timestamp>2179.599984</timestamp>
			</report>
			<report>
				<misses>7039001</misses>
				<total>33</total>
				<timestamp>2179.909627</timestamp>
			</report>
			<report>
				<misses>7040001</misses>
				<total>33</total>
				<timestamp>2180.219320</timestamp>
			</report>
			<report>
				<misses>7041001</misses>
				<total>33</total>
				<timestamp>2180.529022</timestamp>
			</report>
			<report>
				<misses>7042001</misses>
				<total>33</total>
				<timestamp>2180.838698</timestamp>
			</report>
			<report>
				<misses>7043001</misses>
				<total>33</total>
				<timestamp>2181.148392</timestamp>
			</report>
			<report>
				<misses>7044001</misses>
				<total>33</total>
				<timestamp>2181.458109</timestamp>
			</report>
			<report>
				<misses>7045001</misses>
				<total>33</total>
				<timestamp>2181.767795</timestamp>
			</report>
			<report>
				<misses>7046001</misses>
				<total>33</total>
				<timestamp>2182.077499</timestamp>
			</report>
			<report>
				<misses>7047001</misses>
				<total>33</total>
				<timestamp>2182.387185</timestamp>
			</report>
			<report>
				<misses>7048001</misses>
				<total>33</total>
				<timestamp>2182.696847</timestamp>
			</report>
			<report>
				<misses>7049001</misses>
				<total>33</total>
				<timestamp>2183.006546</timestamp>
			</report>
			<report>
				<misses>7050001</misses>
				<total>33</total>
				<timestamp>2183.316268</timestamp>
			</report>
			<report>
				<misses>7051001</misses>
				<total>33</total>
				<timestamp>2183.625920</timestamp>
			</report>
			<report>
				<misses>7052001</misses>
				<total>33</total>
				<timestamp>2183.935622</timestamp>
			</report>
			<report>
				<misses>7053001</misses>
				<total>33</total>
				<timestamp>2184.245303</timestamp>
			</report>
			<report>
				<misses>7054001</misses>
				<total>33</total>
				<timestamp>2184.555047</timestamp>
			</report>
			<report>
				<misses>7055001</misses>
				<total>33</total>
				<timestamp>2184.864672</timestamp>
			</report>
			<report>
				<misses>7056001</misses>
				<total>33</total>
				<timestamp>2185.174368</timestamp>
			</report>
			<report>
				<misses>7057001</misses>
				<total>33</total>
				<timestamp>2185.484084</timestamp>
			</report>
			<report>
				<misses>7058001</misses>
				<total>33</total>
				<timestamp>2185.793741</timestamp>
			</report>
			<report>
				<misses>7059001</misses>
				<total>33</total>
				<timestamp>2186.103452</timestamp>
			</report>
			<report>
				<misses>7060001</misses>
				<total>33</total>
				<timestamp>2186.413169</timestamp>
			</report>
			<report>
				<misses>7061001</misses>
				<total>33</total>
				<timestamp>2186.722831</timestamp>
			</report>
			<report>
				<misses>7062001</misses>
				<total>33</total>
				<timestamp>2187.032580</timestamp>
			</report>
			<report>
				<misses>7063001</misses>
				<total>33</total>
				<timestamp>2187.342211</timestamp>
			</report>
			<report>
				<misses>7064001</misses>
				<total>33</total>
				<timestamp>2187.651885</timestamp>
			</report>
			<report>
				<misses>7065001</misses>
				<total>33</total>
				<timestamp>2187.961581</timestamp>
			</report>
			<report>
				<misses>7066001</misses>
				<total>33</total>
				<timestamp>2188.271288</timestamp>
			</report>
			<report>
				<misses>7067001</misses>
				<total>33</total>
				<timestamp>2188.581015</timestamp>
			</report>
			<report>
				<misses>7068001</misses>
				<total>33</total>
				<timestamp>2188.890655</timestamp>
			</report>
			<report>
				<misses>7069001</misses>
				<total>33</total>
				<timestamp>2189.200412</timestamp>
			</report>
			<report>
				<misses>7070001</misses>
				<total>33</total>
				<timestamp>2189.510053</timestamp>
			</report>
			<report>
				<misses>7071001</misses>
				<total>33</total>
				<timestamp>2189.819713</timestamp>
			</report>
			<report>
				<misses>7072001</misses>
				<total>33</total>
				<timestamp>2190.129404</timestamp>
			</report>
			<report>
				<misses>7073001</misses>
				<total>33</total>
				<timestamp>2190.439139</timestamp>
			</report>
			<report>
				<misses>7074001</misses>
				<total>33</total>
				<timestamp>2190.748800</timestamp>
			</report>
			<report>
				<misses>7075001</misses>
				<total>33</total>
				<timestamp>2191.058536</timestamp>
			</report>
			<report>
				<misses>7076001</misses>
				<total>33</total>
				<timestamp>2191.368200</timestamp>
			</report>
			<report>
				<misses>7077001</misses>
				<total>33</total>
				<timestamp>2191.677865</timestamp>
			</report>
			<report>
				<misses>7078001</misses>
				<total>33</total>
				<timestamp>2191.987552</timestamp>
			</report>
			<report>
				<misses>7079001</misses>
				<total>33</total>
				<timestamp>2192.297247</timestamp>
			</report>
			<report>
				<misses>7080001</misses>
				<total>33</total>
				<timestamp>2192.607003</timestamp>
			</report>
			<report>
				<misses>7081001</misses>
				<total>33</total>
				<timestamp>2192.916652</timestamp>
			</report>
			<report>
				<misses>7082001</misses>
				<total>33</total>
				<timestamp>2193.226316</timestamp>
			</report>
			<report>
				<misses>7083001</misses>
				<total>33</total>
				<timestamp>2193.536027</timestamp>
			</report>
			<report>
				<misses>7084001</misses>
				<total>33</total>
				<timestamp>2193.845675</timestamp>
			</report>
			<report>
				<misses>7085001</misses>
				<total>33</total>
				<timestamp>2194.155392</timestamp>
			</report>
			<report>
				<misses>7086001</misses>
				<total>33</total>
				<timestamp>2194.465124</timestamp>
			</report>
			<report>
				<misses>7087001</misses>
				<total>33</total>
				<timestamp>2194.774745</timestamp>
			</report>
			<report>
				<misses>7088001</misses>
				<total>33</total>
				<timestamp>2195.084462</timestamp>
			</report>
			<report>
				<misses>7089001</misses>
				<total>33</total>
				<timestamp>2195.394120</timestamp>
			</report>
			<report>
				<misses>7090001</misses>
				<total>33</total>
				<timestamp>2195.703807</timestamp>
			</report>
			<report>
				<misses>7091001</misses>
				<total>33</total>
				<timestamp>2196.013520</timestamp>
			</report>
			<report>
				<misses>7092001</misses>
				<total>33</total>
				<timestamp>2196.323208</timestamp>
			</report>
			<report>
				<misses>7093001</misses>
				<total>33</total>
				<timestamp>2196.632955</timestamp>
			</report>
			<report>
				<misses>7094001</misses>
				<total>33</total>
				<timestamp>2196.942602</timestamp>
			</report>
			<report>
				<misses>7095001</misses>
				<total>33</total>
				<timestamp>2197.252288</timestamp>
			</report>
			<report>
				<misses>7096001</misses>
				<total>33</total>
				<timestamp>2197.561969</timestamp>
			</report>
			<report>
				<misses>7097001</misses>
				<total>33</total>
				<timestamp>2197.871648</timestamp>
			</report>
			<report>
				<misses>7098001</misses>
				<total>33</total>
				<timestamp>2198.181335</timestamp>
			</report>
			<report>
				<misses>7099001</misses>
				<total>33</total>
				<timestamp>2198.491088</timestamp>
			</report>
			<report>
				<misses>7100001</misses>
				<total>33</total>
				<timestamp>2198.800755</timestamp>
			</report>
			<report>
				<misses>7101001</misses>
				<total>33</total>
				<timestamp>2199.110402</timestamp>
			</report>
			<report>
				<misses>7102001</misses>
				<total>33</total>
				<timestamp>2199.420131</timestamp>
			</report>
			<report>
				<misses>7103001</misses>
				<total>33</total>
				<timestamp>2199.729776</timestamp>
			</report>
			<report>
				<misses>7104001</misses>
				<total>33</total>
				<timestamp>2200.039512</timestamp>
			</report>
			<report>
				<misses>7105001</misses>
				<total>33</total>
				<timestamp>2200.349163</timestamp>
			</report>
			<report>
				<misses>7106001</misses>
				<total>33</total>
				<timestamp>2200.658914</timestamp>
			</report>
			<report>
				<misses>7107001</misses>
				<total>33</total>
				<timestamp>2200.968569</timestamp>
			</report>
			<report>
				<misses>7108001</misses>
				<total>33</total>
				<timestamp>2201.278268</timestamp>
			</report>
			<report>
				<misses>7109001</misses>
				<total>33</total>
				<timestamp>2201.587959</timestamp>
			</report>
			<report>
				<misses>7110001</misses>
				<total>33</total>
				<timestamp>2201.897626</timestamp>
			</report>
			<report>
				<misses>7111001</misses>
				<total>33</total>
				<timestamp>2202.207316</timestamp>
			</report>
			<report>
				<misses>7112001</misses>
				<total>33</total>
				<timestamp>2202.517033</timestamp>
			</report>
			<report>
				<misses>7113001</misses>
				<total>33</total>
				<timestamp>2202.826725</timestamp>
			</report>
			<report>
				<misses>7114001</misses>
				<total>33</total>
				<timestamp>2203.136409</timestamp>
			</report>
			<report>
				<misses>7115001</misses>
				<total>33</total>
				<timestamp>2203.446075</timestamp>
			</report>
			<report>
				<misses>7116001</misses>
				<total>33</total>
				<timestamp>2203.755765</timestamp>
			</report>
			<report>
				<misses>7117001</misses>
				<total>33</total>
				<timestamp>2204.065484</timestamp>
			</report>
			<report>
				<misses>7118001</misses>
				<total>33</total>
				<timestamp>2204.375168</timestamp>
			</report>
			<report>
				<misses>7119001</misses>
				<total>33</total>
				<timestamp>2204.684879</timestamp>
			</report>
			<report>
				<misses>7120001</misses>
				<total>33</total>
				<timestamp>2204.994531</timestamp>
			</report>
			<report>
				<misses>7121001</misses>
				<total>33</total>
				<timestamp>2205.304234</timestamp>
			</report>
			<report>
				<misses>7122001</misses>
				<total>33</total>
				<timestamp>2205.613952</timestamp>
			</report>
			<report>
				<misses>7123001</misses>
				<total>33</total>
				<timestamp>2205.923610</timestamp>
			</report>
			<report>
				<misses>7124001</misses>
				<total>33</total>
				<timestamp>2206.233301</timestamp>
			</report>
			<report>
				<misses>7125001</misses>
				<total>33</total>
				<timestamp>2206.542993</timestamp>
			</report>
			<report>
				<misses>7126001</misses>
				<total>33</total>
				<timestamp>2206.852673</timestamp>
			</report>
			<report>
				<misses>7127001</misses>
				<total>33</total>
				<timestamp>2207.162363</timestamp>
			</report>
			<report>
				<misses>7128001</misses>
				<total>33</total>
				<timestamp>2207.472066</timestamp>
			</report>
			<report>
				<misses>7129001</misses>
				<total>33</total>
				<timestamp>2207.781743</timestamp>
			</report>
			<report>
				<misses>7130001</misses>
				<total>33</total>
				<timestamp>2208.091415</timestamp>
			</report>
			<report>
				<misses>7131001</misses>
				<total>33</total>
				<timestamp>2208.401167</timestamp>
			</report>
			<report>
				<misses>7132001</misses>
				<total>33</total>
				<timestamp>2208.710831</timestamp>
			</report>
			<report>
				<misses>7133001</misses>
				<total>33</total>
				<timestamp>2209.020503</timestamp>
			</report>
			<report>
				<misses>7134001</misses>
				<total>33</total>
				<timestamp>2209.330187</timestamp>
			</report>
			<report>
				<misses>7135001</misses>
				<total>33</total>
				<timestamp>2209.639894</timestamp>
			</report>
			<report>
				<misses>7136001</misses>
				<total>33</total>
				<timestamp>2209.949570</timestamp>
			</report>
			<report>
				<misses>7137001</misses>
				<total>33</total>
				<timestamp>2210.259237</timestamp>
			</report>
			<report>
				<misses>7138001</misses>
				<total>33</total>
				<timestamp>2210.568959</timestamp>
			</report>
			<report>
				<misses>7139001</misses>
				<total>33</total>
				<timestamp>2210.878622</timestamp>
			</report>
			<report>
				<misses>7140001</misses>
				<total>33</total>
				<timestamp>2211.188340</timestamp>
			</report>
			<report>
				<misses>7141001</misses>
				<total>33</total>
				<timestamp>2211.498052</timestamp>
			</report>
			<report>
				<misses>7142001</misses>
				<total>33</total>
				<timestamp>2211.807726</timestamp>
			</report>
			<report>
				<misses>7143001</misses>
				<total>33</total>
				<timestamp>2212.117408</timestamp>
			</report>
			<report>
				<misses>7144001</misses>
				<total>33</total>
				<timestamp>2212.427100</timestamp>
			</report>
			<report>
				<misses>7145001</misses>
				<total>33</total>
				<timestamp>2212.736800</timestamp>
			</report>
			<report>
				<misses>7146001</misses>
				<total>33</total>
				<timestamp>2213.046481</timestamp>
			</report>
			<report>
				<misses>7147001</misses>
				<total>33</total>
				<timestamp>2213.356161</timestamp>
			</report>
			<report>
				<misses>7148001</misses>
				<total>33</total>
				<timestamp>2213.665854</timestamp>
			</report>
			<report>
				<misses>7149001</misses>
				<total>33</total>
				<timestamp>2213.975530</timestamp>
			</report>
			<report>
				<misses>7150001</misses>
				<total>33</total>
				<timestamp>2214.285264</timestamp>
			</report>
			<report>
				<misses>7151001</misses>
				<total>33</total>
				<timestamp>2214.594964</timestamp>
			</report>
			<report>
				<misses>7152001</misses>
				<total>33</total>
				<timestamp>2214.904596</timestamp>
			</report>
			<report>
				<misses>7153001</misses>
				<total>33</total>
				<timestamp>2215.214291</timestamp>
			</report>
			<report>
				<misses>7154001</misses>
				<total>33</total>
				<timestamp>2215.523977</timestamp>
			</report>
			<report>
				<misses>7155001</misses>
				<total>33</total>
				<timestamp>2215.833663</timestamp>
			</report>
			<report>
				<misses>7156001</misses>
				<total>33</total>
				<timestamp>2216.143363</timestamp>
			</report>
			<report>
				<misses>7157001</misses>
				<total>33</total>
				<timestamp>2216.453109</timestamp>
			</report>
			<report>
				<misses>7158001</misses>
				<total>33</total>
				<timestamp>2216.762751</timestamp>
			</report>
			<report>
				<misses>7159001</misses>
				<total>33</total>
				<timestamp>2217.072487</timestamp>
			</report>
			<report>
				<misses>7160001</misses>
				<total>33</total>
				<timestamp>2217.382125</timestamp>
			</report>
			<report>
				<misses>7161001</misses>
				<total>33</total>
				<timestamp>2217.691886</timestamp>
			</report>
			<report>
				<misses>7162001</misses>
				<total>33</total>
				<timestamp>2218.001529</timestamp>
			</report>
			<report>
				<misses>7163001</misses>
				<total>33</total>
				<timestamp>2218.311252</timestamp>
			</report>
			<report>
				<misses>7164001</misses>
				<total>33</total>
				<timestamp>2218.620871</timestamp>
			</report>
			<report>
				<misses>7165001</misses>
				<total>33</total>
				<timestamp>2218.930578</timestamp>
			</report>
			<report>
				<misses>7166001</misses>
				<total>33</total>
				<timestamp>2219.240298</timestamp>
			</report>
			<report>
				<misses>7167001</misses>
				<total>33</total>
				<timestamp>2219.549991</timestamp>
			</report>
			<report>
				<misses>7168001</misses>
				<total>33</total>
				<timestamp>2219.859655</timestamp>
			</report>
			<report>
				<misses>7169001</misses>
				<total>33</total>
				<timestamp>2220.169328</timestamp>
			</report>
			<report>
				<misses>7170001</misses>
				<total>33</total>
				<timestamp>2220.479028</timestamp>
			</report>
			<report>
				<misses>7171001</misses>
				<total>33</total>
				<timestamp>2220.788733</timestamp>
			</report>
			<report>
				<misses>7172001</misses>
				<total>33</total>
				<timestamp>2221.098411</timestamp>
			</report>
			<report>
				<misses>7173001</misses>
				<total>33</total>
				<timestamp>2221.408117</timestamp>
			</report>
			<report>
				<misses>7174001</misses>
				<total>33</total>
				<timestamp>2221.717855</timestamp>
			</report>
			<report>
				<misses>7175001</misses>
				<total>33</total>
				<timestamp>2222.027527</timestamp>
			</report>
			<report>
				<misses>7176001</misses>
				<total>33</total>
				<timestamp>2222.337171</timestamp>
			</report>
			<report>
				<misses>7177001</misses>
				<total>33</total>
				<timestamp>2222.646909</timestamp>
			</report>
			<report>
				<misses>7178001</misses>
				<total>33</total>
				<timestamp>2222.956569</timestamp>
			</report>
			<report>
				<misses>7179001</misses>
				<total>33</total>
				<timestamp>2223.266241</timestamp>
			</report>
			<report>
				<misses>7180001</misses>
				<total>33</total>
				<timestamp>2223.575923</timestamp>
			</report>
			<report>
				<misses>7181001</misses>
				<total>33</total>
				<timestamp>2223.885630</timestamp>
			</report>
			<report>
				<misses>7182001</misses>
				<total>33</total>
				<timestamp>2224.195353</timestamp>
			</report>
			<report>
				<misses>7183001</misses>
				<total>33</total>
				<timestamp>2224.505023</timestamp>
			</report>
			<report>
				<misses>7184001</misses>
				<total>33</total>
				<timestamp>2224.814683</timestamp>
			</report>
			<report>
				<misses>7185001</misses>
				<total>33</total>
				<timestamp>2225.124383</timestamp>
			</report>
			<report>
				<misses>7186001</misses>
				<total>33</total>
				<timestamp>2225.434066</timestamp>
			</report>
			<report>
				<misses>7187001</misses>
				<total>33</total>
				<timestamp>2225.743819</timestamp>
			</report>
			<report>
				<misses>7188001</misses>
				<total>33</total>
				<timestamp>2226.053475</timestamp>
			</report>
			<report>
				<misses>7189001</misses>
				<total>33</total>
				<timestamp>2226.363147</timestamp>
			</report>
			<report>
				<misses>7190001</misses>
				<total>33</total>
				<timestamp>2226.672837</timestamp>
			</report>
			<report>
				<misses>7191001</misses>
				<total>33</total>
				<timestamp>2226.982512</timestamp>
			</report>
			<report>
				<misses>7192001</misses>
				<total>33</total>
				<timestamp>2227.292186</timestamp>
			</report>
			<report>
				<misses>7193001</misses>
				<total>33</total>
				<timestamp>2227.601908</timestamp>
			</report>
			<report>
				<misses>7194001</misses>
				<total>33</total>
				<timestamp>2227.911591</timestamp>
			</report>
			<report>
				<misses>7195001</misses>
				<total>33</total>
				<timestamp>2228.221311</timestamp>
			</report>
			<report>
				<misses>7196001</misses>
				<total>33</total>
				<timestamp>2228.530976</timestamp>
			</report>
			<report>
				<misses>7197001</misses>
				<total>33</total>
				<timestamp>2228.840728</timestamp>
			</report>
			<report>
				<misses>7198001</misses>
				<total>33</total>
				<timestamp>2229.150372</timestamp>
			</report>
			<report>
				<misses>7199001</misses>
				<total>33</total>
				<timestamp>2229.460032</timestamp>
			</report>
			<report>
				<misses>7200001</misses>
				<total>33</total>
				<timestamp>2229.769754</timestamp>
			</report>
			<report>
				<misses>7201001</misses>
				<total>33</total>
				<timestamp>2230.079456</timestamp>
			</report>
			<report>
				<misses>7202001</misses>
				<total>33</total>
				<timestamp>2230.389156</timestamp>
			</report>
			<report>
				<misses>7203001</misses>
				<total>33</total>
				<timestamp>2230.698866</timestamp>
			</report>
			<report>
				<misses>7204001</misses>
				<total>33</total>
				<timestamp>2231.008486</timestamp>
			</report>
			<report>
				<misses>7205001</misses>
				<total>33</total>
				<timestamp>2231.318178</timestamp>
			</report>
			<report>
				<misses>7206001</misses>
				<total>33</total>
				<timestamp>2231.627895</timestamp>
			</report>
			<report>
				<misses>7207001</misses>
				<total>33</total>
				<timestamp>2231.937568</timestamp>
			</report>
			<report>
				<misses>7208001</misses>
				<total>33</total>
				<timestamp>2232.247256</timestamp>
			</report>
			<report>
				<misses>7209001</misses>
				<total>33</total>
				<timestamp>2232.556934</timestamp>
			</report>
			<report>
				<misses>7210001</misses>
				<total>33</total>
				<timestamp>2232.866654</timestamp>
			</report>
			<report>
				<misses>7211001</misses>
				<total>33</total>
				<timestamp>2233.176292</timestamp>
			</report>
			<report>
				<misses>7212001</misses>
				<total>33</total>
				<timestamp>2233.485990</timestamp>
			</report>
			<report>
				<misses>7213001</misses>
				<total>33</total>
				<timestamp>2233.795726</timestamp>
			</report>
			<report>
				<misses>7214001</misses>
				<total>33</total>
				<timestamp>2234.105406</timestamp>
			</report>
			<report>
				<misses>7215001</misses>
				<total>33</total>
				<timestamp>2234.415084</timestamp>
			</report>
			<report>
				<misses>7216001</misses>
				<total>33</total>
				<timestamp>2234.724763</timestamp>
			</report>
			<report>
				<misses>7217001</misses>
				<total>33</total>
				<timestamp>2235.034468</timestamp>
			</report>
			<report>
				<misses>7218001</misses>
				<total>33</total>
				<timestamp>2235.344139</timestamp>
			</report>
			<report>
				<misses>7219001</misses>
				<total>33</total>
				<timestamp>2235.653892</timestamp>
			</report>
			<report>
				<misses>7220001</misses>
				<total>33</total>
				<timestamp>2235.963508</timestamp>
			</report>
			<report>
				<misses>7221001</misses>
				<total>33</total>
				<timestamp>2236.273203</timestamp>
			</report>
			<report>
				<misses>7222001</misses>
				<total>33</total>
				<timestamp>2236.582954</timestamp>
			</report>
			<report>
				<misses>7223001</misses>
				<total>33</total>
				<timestamp>2236.892605</timestamp>
			</report>
			<report>
				<misses>7224001</misses>
				<total>33</total>
				<timestamp>2237.202269</timestamp>
			</report>
			<report>
				<misses>7225001</misses>
				<total>34</total>
				<timestamp>2237.511960</timestamp>
			</report>
			<report>
				<misses>7226001</misses>
				<total>34</total>
				<timestamp>2237.821669</timestamp>
			</report>
			<report>
				<misses>7227001</misses>
				<total>34</total>
				<timestamp>2238.131344</timestamp>
			</report>
			<report>
				<misses>7228001</misses>
				<total>34</total>
				<timestamp>2238.441041</timestamp>
			</report>
			<report>
				<misses>7229001</misses>
				<total>34</total>
				<timestamp>2238.750749</timestamp>
			</report>
			<report>
				<misses>7230001</misses>
				<total>34</total>
				<timestamp>2239.060465</timestamp>
			</report>
			<report>
				<misses>7231001</misses>
				<total>34</total>
				<timestamp>2239.370111</timestamp>
			</report>
			<report>
				<misses>7232001</misses>
				<total>34</total>
				<timestamp>2239.679823</timestamp>
			</report>
			<report>
				<misses>7233001</misses>
				<total>34</total>
				<timestamp>2239.989493</timestamp>
			</report>
			<report>
				<misses>7234001</misses>
				<total>34</total>
				<timestamp>2240.299179</timestamp>
			</report>
			<report>
				<misses>7235001</misses>
				<total>34</total>
				<timestamp>2240.608892</timestamp>
			</report>
			<report>
				<misses>7236001</misses>
				<total>34</total>
				<timestamp>2240.918598</timestamp>
			</report>
			<report>
				<misses>7237001</misses>
				<total>34</total>
				<timestamp>2241.228260</timestamp>
			</report>
			<report>
				<misses>7238001</misses>
				<total>34</total>
				<timestamp>2241.537972</timestamp>
			</report>
			<report>
				<misses>7239001</misses>
				<total>34</total>
				<timestamp>2241.847666</timestamp>
			</report>
			<report>
				<misses>7240001</misses>
				<total>34</total>
				<timestamp>2242.157315</timestamp>
			</report>
			<report>
				<misses>7241001</misses>
				<total>34</total>
				<timestamp>2242.467034</timestamp>
			</report>
			<report>
				<misses>7242001</misses>
				<total>34</total>
				<timestamp>2242.776725</timestamp>
			</report>
			<report>
				<misses>7243001</misses>
				<total>34</total>
				<timestamp>2243.086396</timestamp>
			</report>
			<report>
				<misses>7244001</misses>
				<total>34</total>
				<timestamp>2243.396130</timestamp>
			</report>
			<report>
				<misses>7245001</misses>
				<total>34</total>
				<timestamp>2243.705807</timestamp>
			</report>
			<report>
				<misses>7246001</misses>
				<total>34</total>
				<timestamp>2244.015460</timestamp>
			</report>
			<report>
				<misses>7247001</misses>
				<total>34</total>
				<timestamp>2244.325171</timestamp>
			</report>
			<report>
				<misses>7248001</misses>
				<total>34</total>
				<timestamp>2244.634844</timestamp>
			</report>
			<report>
				<misses>7249001</misses>
				<total>34</total>
				<timestamp>2244.944529</timestamp>
			</report>
			<report>
				<misses>7250001</misses>
				<total>34</total>
				<timestamp>2245.254218</timestamp>
			</report>
			<report>
				<misses>7251001</misses>
				<total>34</total>
				<timestamp>2245.563953</timestamp>
			</report>
			<report>
				<misses>7252001</misses>
				<total>34</total>
				<timestamp>2245.873691</timestamp>
			</report>
			<report>
				<misses>7253001</misses>
				<total>34</total>
				<timestamp>2246.183341</timestamp>
			</report>
			<report>
				<misses>7254001</misses>
				<total>34</total>
				<timestamp>2246.492985</timestamp>
			</report>
			<report>
				<misses>7255001</misses>
				<total>34</total>
				<timestamp>2246.802693</timestamp>
			</report>
			<report>
				<misses>7256001</misses>
				<total>34</total>
				<timestamp>2247.112364</timestamp>
			</report>
			<report>
				<misses>7257001</misses>
				<total>34</total>
				<timestamp>2247.422112</timestamp>
			</report>
			<report>
				<misses>7258001</misses>
				<total>34</total>
				<timestamp>2247.731788</timestamp>
			</report>
			<report>
				<misses>7259001</misses>
				<total>34</total>
				<timestamp>2248.041430</timestamp>
			</report>
			<report>
				<misses>7260001</misses>
				<total>34</total>
				<timestamp>2248.351145</timestamp>
			</report>
			<report>
				<misses>7261001</misses>
				<total>34</total>
				<timestamp>2248.660822</timestamp>
			</report>
			<report>
				<misses>7262001</misses>
				<total>34</total>
				<timestamp>2248.970497</timestamp>
			</report>
			<report>
				<misses>7263001</misses>
				<total>34</total>
				<timestamp>2249.280204</timestamp>
			</report>
			<report>
				<misses>7264001</misses>
				<total>34</total>
				<timestamp>2249.589900</timestamp>
			</report>
			<report>
				<misses>7265001</misses>
				<total>34</total>
				<timestamp>2249.899603</timestamp>
			</report>
			<report>
				<misses>7266001</misses>
				<total>34</total>
				<timestamp>2250.209273</timestamp>
			</report>
			<report>
				<misses>7267001</misses>
				<total>34</total>
				<timestamp>2250.518958</timestamp>
			</report>
			<report>
				<misses>7268001</misses>
				<total>34</total>
				<timestamp>2250.828672</timestamp>
			</report>
			<report>
				<misses>7269001</misses>
				<total>34</total>
				<timestamp>2251.138341</timestamp>
			</report>
			<report>
				<misses>7270001</misses>
				<total>34</total>
				<timestamp>2251.448072</timestamp>
			</report>
			<report>
				<misses>7271001</misses>
				<total>34</total>
				<timestamp>2251.757724</timestamp>
			</report>
			<report>
				<misses>7272001</misses>
				<total>34</total>
				<timestamp>2252.067390</timestamp>
			</report>
			<report>
				<misses>7273001</misses>
				<total>34</total>
				<timestamp>2252.377103</timestamp>
			</report>
			<report>
				<misses>7274001</misses>
				<total>34</total>
				<timestamp>2252.686818</timestamp>
			</report>
			<report>
				<misses>7275001</misses>
				<total>34</total>
				<timestamp>2252.996505</timestamp>
			</report>
			<report>
				<misses>7276001</misses>
				<total>34</total>
				<timestamp>2253.306172</timestamp>
			</report>
			<report>
				<misses>7277001</misses>
				<total>34</total>
				<timestamp>2253.615855</timestamp>
			</report>
			<report>
				<misses>7278001</misses>
				<total>34</total>
				<timestamp>2253.925547</timestamp>
			</report>
			<report>
				<misses>7279001</misses>
				<total>34</total>
				<timestamp>2254.235269</timestamp>
			</report>
			<report>
				<misses>7280001</misses>
				<total>34</total>
				<timestamp>2254.544932</timestamp>
			</report>
			<report>
				<misses>7281001</misses>
				<total>34</total>
				<timestamp>2254.854664</timestamp>
			</report>
			<report>
				<misses>7282001</misses>
				<total>34</total>
				<timestamp>2255.164315</timestamp>
			</report>
			<report>
				<misses>7283001</misses>
				<total>34</total>
				<timestamp>2255.474019</timestamp>
			</report>
			<report>
				<misses>7284001</misses>
				<total>34</total>
				<timestamp>2255.783753</timestamp>
			</report>
			<report>
				<misses>7285001</misses>
				<total>34</total>
				<timestamp>2256.093389</timestamp>
			</report>
			<report>
				<misses>7286001</misses>
				<total>34</total>
				<timestamp>2256.403087</timestamp>
			</report>
			<report>
				<misses>7287001</misses>
				<total>34</total>
				<timestamp>2256.712799</timestamp>
			</report>
			<report>
				<misses>7288001</misses>
				<total>34</total>
				<timestamp>2257.022489</timestamp>
			</report>
			<report>
				<misses>7289001</misses>
				<total>34</total>
				<timestamp>2257.332134</timestamp>
			</report>
			<report>
				<misses>7290001</misses>
				<total>34</total>
				<timestamp>2257.641845</timestamp>
			</report>
			<report>
				<misses>7291001</misses>
				<total>34</total>
				<timestamp>2257.951555</timestamp>
			</report>
			<report>
				<misses>7292001</misses>
				<total>34</total>
				<timestamp>2258.261230</timestamp>
			</report>
			<report>
				<misses>7293001</misses>
				<total>34</total>
				<timestamp>2258.570916</timestamp>
			</report>
			<report>
				<misses>7294001</misses>
				<total>34</total>
				<timestamp>2258.880593</timestamp>
			</report>
			<report>
				<misses>7295001</misses>
				<total>34</total>
				<timestamp>2259.190271</timestamp>
			</report>
			<report>
				<misses>7296001</misses>
				<total>34</total>
				<timestamp>2259.499987</timestamp>
			</report>
			<report>
				<misses>7297001</misses>
				<total>34</total>
				<timestamp>2259.809720</timestamp>
			</report>
			<report>
				<misses>7298001</misses>
				<total>34</total>
				<timestamp>2260.119377</timestamp>
			</report>
			<report>
				<misses>7299001</misses>
				<total>34</total>
				<timestamp>2260.429102</timestamp>
			</report>
			<report>
				<misses>7300001</misses>
				<total>34</total>
				<timestamp>2260.738732</timestamp>
			</report>
			<report>
				<misses>7301001</misses>
				<total>34</total>
				<timestamp>2261.048420</timestamp>
			</report>
			<report>
				<misses>7302001</misses>
				<total>34</total>
				<timestamp>2261.358109</timestamp>
			</report>
			<report>
				<misses>7303001</misses>
				<total>34</total>
				<timestamp>2261.667786</timestamp>
			</report>
			<report>
				<misses>7304001</misses>
				<total>34</total>
				<timestamp>2261.977487</timestamp>
			</report>
			<report>
				<misses>7305001</misses>
				<total>34</total>
				<timestamp>2262.287177</timestamp>
			</report>
			<report>
				<misses>7306001</misses>
				<total>34</total>
				<timestamp>2262.596856</timestamp>
			</report>
			<report>
				<misses>7307001</misses>
				<total>34</total>
				<timestamp>2262.906603</timestamp>
			</report>
			<report>
				<misses>7308001</misses>
				<total>34</total>
				<timestamp>2263.216252</timestamp>
			</report>
			<report>
				<misses>7309001</misses>
				<total>34</total>
				<timestamp>2263.525954</timestamp>
			</report>
			<report>
				<misses>7310001</misses>
				<total>34</total>
				<timestamp>2263.835635</timestamp>
			</report>
			<report>
				<misses>7311001</misses>
				<total>34</total>
				<timestamp>2264.145309</timestamp>
			</report>
			<report>
				<misses>7312001</misses>
				<total>34</total>
				<timestamp>2264.455005</timestamp>
			</report>
			<report>
				<misses>7313001</misses>
				<total>34</total>
				<timestamp>2264.764690</timestamp>
			</report>
			<report>
				<misses>7314001</misses>
				<total>34</total>
				<timestamp>2265.074390</timestamp>
			</report>
			<report>
				<misses>7315001</misses>
				<total>34</total>
				<timestamp>2265.384081</timestamp>
			</report>
			<report>
				<misses>7316001</misses>
				<total>34</total>
				<timestamp>2265.693816</timestamp>
			</report>
			<report>
				<misses>7317001</misses>
				<total>34</total>
				<timestamp>2266.003526</timestamp>
			</report>
			<report>
				<misses>7318001</misses>
				<total>34</total>
				<timestamp>2266.313173</timestamp>
			</report>
			<report>
				<misses>7319001</misses>
				<total>34</total>
				<timestamp>2266.622844</timestamp>
			</report>
			<report>
				<misses>7320001</misses>
				<total>34</total>
				<timestamp>2266.932533</timestamp>
			</report>
			<report>
				<misses>7321001</misses>
				<total>34</total>
				<timestamp>2267.242215</timestamp>
			</report>
			<report>
				<misses>7322001</misses>
				<total>34</total>
				<timestamp>2267.551904</timestamp>
			</report>
			<report>
				<misses>7323001</misses>
				<total>34</total>
				<timestamp>2267.861600</timestamp>
			</report>
			<report>
				<misses>7324001</misses>
				<total>34</total>
				<timestamp>2268.171292</timestamp>
			</report>
			<report>
				<misses>7325001</misses>
				<total>34</total>
				<timestamp>2268.480970</timestamp>
			</report>
			<report>
				<misses>7326001</misses>
				<total>34</total>
				<timestamp>2268.790669</timestamp>
			</report>
			<report>
				<misses>7327001</misses>
				<total>34</total>
				<timestamp>2269.100363</timestamp>
			</report>
			<report>
				<misses>7328001</misses>
				<total>34</total>
				<timestamp>2269.410057</timestamp>
			</report>
			<report>
				<misses>7329001</misses>
				<total>34</total>
				<timestamp>2269.719758</timestamp>
			</report>
			<report>
				<misses>7330001</misses>
				<total>34</total>
				<timestamp>2270.029446</timestamp>
			</report>
			<report>
				<misses>7331001</misses>
				<total>34</total>
				<timestamp>2270.339111</timestamp>
			</report>
			<report>
				<misses>7332001</misses>
				<total>34</total>
				<timestamp>2270.648806</timestamp>
			</report>
			<report>
				<misses>7333001</misses>
				<total>34</total>
				<timestamp>2270.958553</timestamp>
			</report>
			<report>
				<misses>7334001</misses>
				<total>34</total>
				<timestamp>2271.268229</timestamp>
			</report>
			<report>
				<misses>7335001</misses>
				<total>34</total>
				<timestamp>2271.577869</timestamp>
			</report>
			<report>
				<misses>7336001</misses>
				<total>34</total>
				<timestamp>2271.887616</timestamp>
			</report>
			<report>
				<misses>7337001</misses>
				<total>34</total>
				<timestamp>2272.197247</timestamp>
			</report>
			<report>
				<misses>7338001</misses>
				<total>34</total>
				<timestamp>2272.506950</timestamp>
			</report>
			<report>
				<misses>7339001</misses>
				<total>34</total>
				<timestamp>2272.816670</timestamp>
			</report>
			<report>
				<misses>7340001</misses>
				<total>34</total>
				<timestamp>2273.126327</timestamp>
			</report>
			<report>
				<misses>7341001</misses>
				<total>34</total>
				<timestamp>2273.436040</timestamp>
			</report>
			<report>
				<misses>7342001</misses>
				<total>34</total>
				<timestamp>2273.745692</timestamp>
			</report>
			<report>
				<misses>7343001</misses>
				<total>34</total>
				<timestamp>2274.055419</timestamp>
			</report>
			<report>
				<misses>7344001</misses>
				<total>34</total>
				<timestamp>2274.365082</timestamp>
			</report>
			<report>
				<misses>7345001</misses>
				<total>34</total>
				<timestamp>2274.674810</timestamp>
			</report>
			<report>
				<misses>7346001</misses>
				<total>34</total>
				<timestamp>2274.984505</timestamp>
			</report>
			<report>
				<misses>7347001</misses>
				<total>34</total>
				<timestamp>2275.294156</timestamp>
			</report>
			<report>
				<misses>7348001</misses>
				<total>34</total>
				<timestamp>2275.603831</timestamp>
			</report>
			<report>
				<misses>7349001</misses>
				<total>35</total>
				<timestamp>2275.913590</timestamp>
			</report>
			<report>
				<misses>7350001</misses>
				<total>35</total>
				<timestamp>2276.223223</timestamp>
			</report>
			<report>
				<misses>7351001</misses>
				<total>35</total>
				<timestamp>2276.532907</timestamp>
			</report>
			<report>
				<misses>7352001</misses>
				<total>35</total>
				<timestamp>2276.842653</timestamp>
			</report>
			<report>
				<misses>7353001</misses>
				<total>35</total>
				<timestamp>2277.152287</timestamp>
			</report>
			<report>
				<misses>7354001</misses>
				<total>35</total>
				<timestamp>2277.461995</timestamp>
			</report>
			<report>
				<misses>7355001</misses>
				<total>35</total>
				<timestamp>2277.771666</timestamp>
			</report>
			<report>
				<misses>7356001</misses>
				<total>35</total>
				<timestamp>2278.081431</timestamp>
			</report>
			<report>
				<misses>7357001</misses>
				<total>35</total>
				<timestamp>2278.391060</timestamp>
			</report>
			<report>
				<misses>7358001</misses>
				<total>35</total>
				<timestamp>2278.700743</timestamp>
			</report>
			<report>
				<misses>7359001</misses>
				<total>35</total>
				<timestamp>2279.010462</timestamp>
			</report>
			<report>
				<misses>7360001</misses>
				<total>35</total>
				<timestamp>2279.320125</timestamp>
			</report>
			<report>
				<misses>7361001</misses>
				<total>35</total>
				<timestamp>2279.629828</timestamp>
			</report>
			<report>
				<misses>7362001</misses>
				<total>35</total>
				<timestamp>2279.939541</timestamp>
			</report>
			<report>
				<misses>7363001</misses>
				<total>35</total>
				<timestamp>2280.249198</timestamp>
			</report>
			<report>
				<misses>7364001</misses>
				<total>35</total>
				<timestamp>2280.558898</timestamp>
			</report>
			<report>
				<misses>7365001</misses>
				<total>35</total>
				<timestamp>2280.868638</timestamp>
			</report>
			<report>
				<misses>7366001</misses>
				<total>35</total>
				<timestamp>2281.178266</timestamp>
			</report>
			<report>
				<misses>7367001</misses>
				<total>35</total>
				<timestamp>2281.487950</timestamp>
			</report>
			<report>
				<misses>7368001</misses>
				<total>35</total>
				<timestamp>2281.797693</timestamp>
			</report>
			<report>
				<misses>7369001</misses>
				<total>35</total>
				<timestamp>2282.107360</timestamp>
			</report>
			<report>
				<misses>7370001</misses>
				<total>35</total>
				<timestamp>2282.417031</timestamp>
			</report>
			<report>
				<misses>7371001</misses>
				<total>35</total>
				<timestamp>2282.726748</timestamp>
			</report>
			<report>
				<misses>7372001</misses>
				<total>35</total>
				<timestamp>2283.036451</timestamp>
			</report>
			<report>
				<misses>7373001</misses>
				<total>35</total>
				<timestamp>2283.346088</timestamp>
			</report>
			<report>
				<misses>7374001</misses>
				<total>35</total>
				<timestamp>2283.655790</timestamp>
			</report>
			<report>
				<misses>7375001</misses>
				<total>35</total>
				<timestamp>2283.965536</timestamp>
			</report>
			<report>
				<misses>7376001</misses>
				<total>35</total>
				<timestamp>2284.275169</timestamp>
			</report>
			<report>
				<misses>7377001</misses>
				<total>35</total>
				<timestamp>2284.584906</timestamp>
			</report>
			<report>
				<misses>7378001</misses>
				<total>35</total>
				<timestamp>2284.894576</timestamp>
			</report>
			<report>
				<misses>7379001</misses>
				<total>35</total>
				<timestamp>2285.204238</timestamp>
			</report>
			<report>
				<misses>7380001</misses>
				<total>35</total>
				<timestamp>2285.513916</timestamp>
			</report>
			<report>
				<misses>7381001</misses>
				<total>35</total>
				<timestamp>2285.823662</timestamp>
			</report>
			<report>
				<misses>7382001</misses>
				<total>35</total>
				<timestamp>2286.133316</timestamp>
			</report>
			<report>
				<misses>7383001</misses>
				<total>35</total>
				<timestamp>2286.442994</timestamp>
			</report>
			<report>
				<misses>7384001</misses>
				<total>35</total>
				<timestamp>2286.752700</timestamp>
			</report>
			<report>
				<misses>7385001</misses>
				<total>35</total>
				<timestamp>2287.062419</timestamp>
			</report>
			<report>
				<misses>7386001</misses>
				<total>35</total>
				<timestamp>2287.372057</timestamp>
			</report>
			<report>
				<misses>7387001</misses>
				<total>35</total>
				<timestamp>2287.681743</timestamp>
			</report>
			<report>
				<misses>7388001</misses>
				<total>35</total>
				<timestamp>2287.991487</timestamp>
			</report>
			<report>
				<misses>7389001</misses>
				<total>35</total>
				<timestamp>2288.301139</timestamp>
			</report>
			<report>
				<misses>7390001</misses>
				<total>35</total>
				<timestamp>2288.610833</timestamp>
			</report>
			<report>
				<misses>7391001</misses>
				<total>35</total>
				<timestamp>2288.920551</timestamp>
			</report>
			<report>
				<misses>7392001</misses>
				<total>35</total>
				<timestamp>2289.230216</timestamp>
			</report>
			<report>
				<misses>7393001</misses>
				<total>35</total>
				<timestamp>2289.539904</timestamp>
			</report>
			<report>
				<misses>7394001</misses>
				<total>35</total>
				<timestamp>2289.849593</timestamp>
			</report>
			<report>
				<misses>7395001</misses>
				<total>35</total>
				<timestamp>2290.159276</timestamp>
			</report>
			<report>
				<misses>7396001</misses>
				<total>35</total>
				<timestamp>2290.468988</timestamp>
			</report>
			<report>
				<misses>7397001</misses>
				<total>35</total>
				<timestamp>2290.778639</timestamp>
			</report>
			<report>
				<misses>7398001</misses>
				<total>35</total>
				<timestamp>2291.088379</timestamp>
			</report>
			<report>
				<misses>7399001</misses>
				<total>35</total>
				<timestamp>2291.398049</timestamp>
			</report>
			<report>
				<misses>7400001</misses>
				<total>35</total>
				<timestamp>2291.707752</timestamp>
			</report>
			<report>
				<misses>7401001</misses>
				<total>35</total>
				<timestamp>2292.017434</timestamp>
			</report>
			<report>
				<misses>7402001</misses>
				<total>35</total>
				<timestamp>2292.327133</timestamp>
			</report>
			<report>
				<misses>7403001</misses>
				<total>35</total>
				<timestamp>2292.636812</timestamp>
			</report>
			<report>
				<misses>7404001</misses>
				<total>35</total>
				<timestamp>2292.946540</timestamp>
			</report>
			<report>
				<misses>7405001</misses>
				<total>35</total>
				<timestamp>2293.256162</timestamp>
			</report>
			<report>
				<misses>7406001</misses>
				<total>35</total>
				<timestamp>2293.565847</timestamp>
			</report>
			<report>
				<misses>7407001</misses>
				<total>35</total>
				<timestamp>2293.875557</timestamp>
			</report>
			<report>
				<misses>7408001</misses>
				<total>35</total>
				<timestamp>2294.185247</timestamp>
			</report>
			<report>
				<misses>7409001</misses>
				<total>35</total>
				<timestamp>2294.494946</timestamp>
			</report>
			<report>
				<misses>7410001</misses>
				<total>35</total>
				<timestamp>2294.804679</timestamp>
			</report>
			<report>
				<misses>7411001</misses>
				<total>35</total>
				<timestamp>2295.114377</timestamp>
			</report>
			<report>
				<misses>7412001</misses>
				<total>35</total>
				<timestamp>2295.424018</timestamp>
			</report>
			<report>
				<misses>7413001</misses>
				<total>35</total>
				<timestamp>2295.733695</timestamp>
			</report>
			<report>
				<misses>7414001</misses>
				<total>35</total>
				<timestamp>2296.043395</timestamp>
			</report>
			<report>
				<misses>7415001</misses>
				<total>35</total>
				<timestamp>2296.353069</timestamp>
			</report>
			<report>
				<misses>7416001</misses>
				<total>35</total>
				<timestamp>2296.662769</timestamp>
			</report>
			<report>
				<misses>7417001</misses>
				<total>35</total>
				<timestamp>2296.972473</timestamp>
			</report>
			<report>
				<misses>7418001</misses>
				<total>35</total>
				<timestamp>2297.282145</timestamp>
			</report>
			<report>
				<misses>7419001</misses>
				<total>35</total>
				<timestamp>2297.591850</timestamp>
			</report>
			<report>
				<misses>7420001</misses>
				<total>35</total>
				<timestamp>2297.901565</timestamp>
			</report>
			<report>
				<misses>7421001</misses>
				<total>35</total>
				<timestamp>2298.211226</timestamp>
			</report>
			<report>
				<misses>7422001</misses>
				<total>35</total>
				<timestamp>2298.520929</timestamp>
			</report>
			<report>
				<misses>7423001</misses>
				<total>35</total>
				<timestamp>2298.830595</timestamp>
			</report>
			<report>
				<misses>7424001</misses>
				<total>35</total>
				<timestamp>2299.140338</timestamp>
			</report>
			<report>
				<misses>7425001</misses>
				<total>35</total>
				<timestamp>2299.449988</timestamp>
			</report>
			<report>
				<misses>7426001</misses>
				<total>35</total>
				<timestamp>2299.759674</timestamp>
			</report>
			<report>
				<misses>7427001</misses>
				<total>35</total>
				<timestamp>2300.069352</timestamp>
			</report>
			<report>
				<misses>7428001</misses>
				<total>35</total>
				<timestamp>2300.379025</timestamp>
			</report>
			<report>
				<misses>7429001</misses>
				<total>35</total>
				<timestamp>2300.688716</timestamp>
			</report>
			<report>
				<misses>7430001</misses>
				<total>35</total>
				<timestamp>2300.998447</timestamp>
			</report>
			<report>
				<misses>7431001</misses>
				<total>35</total>
				<timestamp>2301.308125</timestamp>
			</report>
			<report>
				<misses>7432001</misses>
				<total>35</total>
				<timestamp>2301.617807</timestamp>
			</report>
			<report>
				<misses>7433001</misses>
				<total>35</total>
				<timestamp>2301.927554</timestamp>
			</report>
			<report>
				<misses>7434001</misses>
				<total>35</total>
				<timestamp>2302.237180</timestamp>
			</report>
			<report>
				<misses>7435001</misses>
				<total>35</total>
				<timestamp>2302.546902</timestamp>
			</report>
			<report>
				<misses>7436001</misses>
				<total>35</total>
				<timestamp>2302.856577</timestamp>
			</report>
			<report>
				<misses>7437001</misses>
				<total>35</total>
				<timestamp>2303.166280</timestamp>
			</report>
			<report>
				<misses>7438001</misses>
				<total>35</total>
				<timestamp>2303.475940</timestamp>
			</report>
			<report>
				<misses>7439001</misses>
				<total>35</total>
				<timestamp>2303.785639</timestamp>
			</report>
			<report>
				<misses>7440001</misses>
				<total>35</total>
				<timestamp>2304.095351</timestamp>
			</report>
			<report>
				<misses>7441001</misses>
				<total>35</total>
				<timestamp>2304.405029</timestamp>
			</report>
			<report>
				<misses>7442001</misses>
				<total>35</total>
				<timestamp>2304.714726</timestamp>
			</report>
			<report>
				<misses>7443001</misses>
				<total>35</total>
				<timestamp>2305.024457</timestamp>
			</report>
			<report>
				<misses>7444001</misses>
				<total>35</total>
				<timestamp>2305.334076</timestamp>
			</report>
			<report>
				<misses>7445001</misses>
				<total>35</total>
				<timestamp>2305.643766</timestamp>
			</report>
			<report>
				<misses>7446001</misses>
				<total>35</total>
				<timestamp>2305.953477</timestamp>
			</report>
			<report>
				<misses>7447001</misses>
				<total>35</total>
				<timestamp>2306.263152</timestamp>
			</report>
			<report>
				<misses>7448001</misses>
				<total>35</total>
				<timestamp>2306.572853</timestamp>
			</report>
			<report>
				<misses>7449001</misses>
				<total>35</total>
				<timestamp>2306.882536</timestamp>
			</report>
			<report>
				<misses>7450001</misses>
				<total>35</total>
				<timestamp>2307.192221</timestamp>
			</report>
			<report>
				<misses>7451001</misses>
				<total>35</total>
				<timestamp>2307.501930</timestamp>
			</report>
			<report>
				<misses>7452001</misses>
				<total>35</total>
				<timestamp>2307.811613</timestamp>
			</report>
			<report>
				<misses>7453001</misses>
				<total>35</total>
				<timestamp>2308.121348</timestamp>
			</report>
			<report>
				<misses>7454001</misses>
				<total>35</total>
				<timestamp>2308.430992</timestamp>
			</report>
			<report>
				<misses>7455001</misses>
				<total>35</total>
				<timestamp>2308.740678</timestamp>
			</report>
			<report>
				<misses>7456001</misses>
				<total>35</total>
				<timestamp>2309.050356</timestamp>
			</report>
			<report>
				<misses>7457001</misses>
				<total>35</total>
				<timestamp>2309.360056</timestamp>
			</report>
			<report>
				<misses>7458001</misses>
				<total>35</total>
				<timestamp>2309.669780</timestamp>
			</report>
			<report>
				<misses>7459001</misses>
				<total>35</total>
				<timestamp>2309.979450</timestamp>
			</report>
			<report>
				<misses>7460001</misses>
				<total>35</total>
				<timestamp>2310.289136</timestamp>
			</report>
			<report>
				<misses>7461001</misses>
				<total>35</total>
				<timestamp>2310.598816</timestamp>
			</report>
			<report>
				<misses>7462001</misses>
				<total>35</total>
				<timestamp>2310.908543</timestamp>
			</report>
			<report>
				<misses>7463001</misses>
				<total>35</total>
				<timestamp>2311.218283</timestamp>
			</report>
			<report>
				<misses>7464001</misses>
				<total>35</total>
				<timestamp>2311.527916</timestamp>
			</report>
			<report>
				<misses>7465001</misses>
				<total>35</total>
				<timestamp>2311.837572</timestamp>
			</report>
			<report>
				<misses>7466001</misses>
				<total>35</total>
				<timestamp>2312.147301</timestamp>
			</report>
			<report>
				<misses>7467001</misses>
				<total>35</total>
				<timestamp>2312.456960</timestamp>
			</report>
			<report>
				<misses>7468001</misses>
				<total>35</total>
				<timestamp>2312.766681</timestamp>
			</report>
			<report>
				<misses>7469001</misses>
				<total>35</total>
				<timestamp>2313.076369</timestamp>
			</report>
			<report>
				<misses>7470001</misses>
				<total>35</total>
				<timestamp>2313.386044</timestamp>
			</report>
			<report>
				<misses>7471001</misses>
				<total>35</total>
				<timestamp>2313.695703</timestamp>
			</report>
			<report>
				<misses>7472001</misses>
				<total>35</total>
				<timestamp>2314.005430</timestamp>
			</report>
			<report>
				<misses>7473001</misses>
				<total>35</total>
				<timestamp>2314.315100</timestamp>
			</report>
			<report>
				<misses>7474001</misses>
				<total>35</total>
				<timestamp>2314.624771</timestamp>
			</report>
			<report>
				<misses>7475001</misses>
				<total>35</total>
				<timestamp>2314.934497</timestamp>
			</report>
			<report>
				<misses>7476001</misses>
				<total>35</total>
				<timestamp>2315.244238</timestamp>
			</report>
			<report>
				<misses>7477001</misses>
				<total>35</total>
				<timestamp>2315.553880</timestamp>
			</report>
			<report>
				<misses>7478001</misses>
				<total>35</total>
				<timestamp>2315.863566</timestamp>
			</report>
			<report>
				<misses>7479001</misses>
				<total>35</total>
				<timestamp>2316.173238</timestamp>
			</report>
			<report>
				<misses>7480001</misses>
				<total>35</total>
				<timestamp>2316.482957</timestamp>
			</report>
			<report>
				<misses>7481001</misses>
				<total>35</total>
				<timestamp>2316.792624</timestamp>
			</report>
			<report>
				<misses>7482001</misses>
				<total>35</total>
				<timestamp>2317.102329</timestamp>
			</report>
			<report>
				<misses>7483001</misses>
				<total>35</total>
				<timestamp>2317.412012</timestamp>
			</report>
			<report>
				<misses>7484001</misses>
				<total>35</total>
				<timestamp>2317.721695</timestamp>
			</report>
			<report>
				<misses>7485001</misses>
				<total>35</total>
				<timestamp>2318.031409</timestamp>
			</report>
			<report>
				<misses>7486001</misses>
				<total>35</total>
				<timestamp>2318.341068</timestamp>
			</report>
			<report>
				<misses>7487001</misses>
				<total>35</total>
				<timestamp>2318.650764</timestamp>
			</report>
			<report>
				<misses>7488001</misses>
				<total>35</total>
				<timestamp>2318.960481</timestamp>
			</report>
			<report>
				<misses>7489001</misses>
				<total>35</total>
				<timestamp>2319.270148</timestamp>
			</report>
			<report>
				<misses>7490001</misses>
				<total>35</total>
				<timestamp>2319.579922</timestamp>
			</report>
			<report>
				<misses>7491001</misses>
				<total>35</total>
				<timestamp>2319.889515</timestamp>
			</report>
			<report>
				<misses>7492001</misses>
				<total>35</total>
				<timestamp>2320.199273</timestamp>
			</report>
			<report>
				<misses>7493001</misses>
				<total>35</total>
				<timestamp>2320.508932</timestamp>
			</report>
			<report>
				<misses>7494001</misses>
				<total>35</total>
				<timestamp>2320.818613</timestamp>
			</report>
			<report>
				<misses>7495001</misses>
				<total>35</total>
				<timestamp>2321.128269</timestamp>
			</report>
			<report>
				<misses>7496001</misses>
				<total>35</total>
				<timestamp>2321.437999</timestamp>
			</report>
			<report>
				<misses>7497001</misses>
				<total>35</total>
				<timestamp>2321.747673</timestamp>
			</report>
			<report>
				<misses>7498001</misses>
				<total>35</total>
				<timestamp>2322.057384</timestamp>
			</report>
			<report>
				<misses>7499001</misses>
				<total>35</total>
				<timestamp>2322.367041</timestamp>
			</report>
			<report>
				<misses>7500001</misses>
				<total>35</total>
				<timestamp>2322.676734</timestamp>
			</report>
			<report>
				<misses>7501001</misses>
				<total>35</total>
				<timestamp>2322.986414</timestamp>
			</report>
			<report>
				<misses>7502001</misses>
				<total>35</total>
				<timestamp>2323.296119</timestamp>
			</report>
			<report>
				<misses>7503001</misses>
				<total>35</total>
				<timestamp>2323.605819</timestamp>
			</report>
			<report>
				<misses>7504001</misses>
				<total>35</total>
				<timestamp>2323.915515</timestamp>
			</report>
			<report>
				<misses>7505001</misses>
				<total>35</total>
				<timestamp>2324.225184</timestamp>
			</report>
			<report>
				<misses>7506001</misses>
				<total>35</total>
				<timestamp>2324.534891</timestamp>
			</report>
			<report>
				<misses>7507001</misses>
				<total>35</total>
				<timestamp>2324.844575</timestamp>
			</report>
			<report>
				<misses>7508001</misses>
				<total>35</total>
				<timestamp>2325.154303</timestamp>
			</report>
			<report>
				<misses>7509001</misses>
				<total>35</total>
				<timestamp>2325.463939</timestamp>
			</report>
			<report>
				<misses>7510001</misses>
				<total>35</total>
				<timestamp>2325.773657</timestamp>
			</report>
			<report>
				<misses>7511001</misses>
				<total>35</total>
				<timestamp>2326.083398</timestamp>
			</report>
			<report>
				<misses>7512001</misses>
				<total>35</total>
				<timestamp>2326.393008</timestamp>
			</report>
			<report>
				<misses>7513001</misses>
				<total>35</total>
				<timestamp>2326.702698</timestamp>
			</report>
			<report>
				<misses>7514001</misses>
				<total>35</total>
				<timestamp>2327.012396</timestamp>
			</report>
			<report>
				<misses>7515001</misses>
				<total>35</total>
				<timestamp>2327.322142</timestamp>
			</report>
			<report>
				<misses>7516001</misses>
				<total>35</total>
				<timestamp>2327.631771</timestamp>
			</report>
			<report>
				<misses>7517001</misses>
				<total>35</total>
				<timestamp>2327.941502</timestamp>
			</report>
			<report>
				<misses>7518001</misses>
				<total>35</total>
				<timestamp>2328.251160</timestamp>
			</report>
			<report>
				<misses>7519001</misses>
				<total>35</total>
				<timestamp>2328.560840</timestamp>
			</report>
			<report>
				<misses>7520001</misses>
				<total>35</total>
				<timestamp>2328.870525</timestamp>
			</report>
			<report>
				<misses>7521001</misses>
				<total>35</total>
				<timestamp>2329.180244</timestamp>
			</report>
			<report>
				<misses>7522001</misses>
				<total>35</total>
				<timestamp>2329.489904</timestamp>
			</report>
			<report>
				<misses>7523001</misses>
				<total>35</total>
				<timestamp>2329.799596</timestamp>
			</report>
			<report>
				<misses>7524001</misses>
				<total>35</total>
				<timestamp>2330.109296</timestamp>
			</report>
			<report>
				<misses>7525001</misses>
				<total>35</total>
				<timestamp>2330.418959</timestamp>
			</report>
			<report>
				<misses>7526001</misses>
				<total>35</total>
				<timestamp>2330.728670</timestamp>
			</report>
			<report>
				<misses>7527001</misses>
				<total>35</total>
				<timestamp>2331.038402</timestamp>
			</report>
			<report>
				<misses>7528001</misses>
				<total>35</total>
				<timestamp>2331.348083</timestamp>
			</report>
			<report>
				<misses>7529001</misses>
				<total>35</total>
				<timestamp>2331.657716</timestamp>
			</report>
			<report>
				<misses>7530001</misses>
				<total>35</total>
				<timestamp>2331.967434</timestamp>
			</report>
			<report>
				<misses>7531001</misses>
				<total>35</total>
				<timestamp>2332.277153</timestamp>
			</report>
			<report>
				<misses>7532001</misses>
				<total>35</total>
				<timestamp>2332.586788</timestamp>
			</report>
			<report>
				<misses>7533001</misses>
				<total>35</total>
				<timestamp>2332.896474</timestamp>
			</report>
			<report>
				<misses>7534001</misses>
				<total>35</total>
				<timestamp>2333.206207</timestamp>
			</report>
			<report>
				<misses>7535001</misses>
				<total>35</total>
				<timestamp>2333.515864</timestamp>
			</report>
			<report>
				<misses>7536001</misses>
				<total>35</total>
				<timestamp>2333.825562</timestamp>
			</report>
			<report>
				<misses>7537001</misses>
				<total>35</total>
				<timestamp>2334.135257</timestamp>
			</report>
			<report>
				<misses>7538001</misses>
				<total>35</total>
				<timestamp>2334.444942</timestamp>
			</report>
			<report>
				<misses>7539001</misses>
				<total>35</total>
				<timestamp>2334.754634</timestamp>
			</report>
			<report>
				<misses>7540001</misses>
				<total>35</total>
				<timestamp>2335.064329</timestamp>
			</report>
			<report>
				<misses>7541001</misses>
				<total>35</total>
				<timestamp>2335.374037</timestamp>
			</report>
			<report>
				<misses>7542001</misses>
				<total>35</total>
				<timestamp>2335.683705</timestamp>
			</report>
			<report>
				<misses>7543001</misses>
				<total>35</total>
				<timestamp>2335.993399</timestamp>
			</report>
			<report>
				<misses>7544001</misses>
				<total>35</total>
				<timestamp>2336.303111</timestamp>
			</report>
			<report>
				<misses>7545001</misses>
				<total>35</total>
				<timestamp>2336.612793</timestamp>
			</report>
			<report>
				<misses>7546001</misses>
				<total>35</total>
				<timestamp>2336.922521</timestamp>
			</report>
			<report>
				<misses>7547001</misses>
				<total>35</total>
				<timestamp>2337.232197</timestamp>
			</report>
			<report>
				<misses>7548001</misses>
				<total>35</total>
				<timestamp>2337.541861</timestamp>
			</report>
			<report>
				<misses>7549001</misses>
				<total>35</total>
				<timestamp>2337.851539</timestamp>
			</report>
			<report>
				<misses>7550001</misses>
				<total>35</total>
				<timestamp>2338.161221</timestamp>
			</report>
			<report>
				<misses>7551001</misses>
				<total>35</total>
				<timestamp>2338.470920</timestamp>
			</report>
			<report>
				<misses>7552001</misses>
				<total>35</total>
				<timestamp>2338.780605</timestamp>
			</report>
			<report>
				<misses>7553001</misses>
				<total>35</total>
				<timestamp>2339.090290</timestamp>
			</report>
			<report>
				<misses>7554001</misses>
				<total>35</total>
				<timestamp>2339.400013</timestamp>
			</report>
			<report>
				<misses>7555001</misses>
				<total>35</total>
				<timestamp>2339.709694</timestamp>
			</report>
			<report>
				<misses>7556001</misses>
				<total>35</total>
				<timestamp>2340.019375</timestamp>
			</report>
			<report>
				<misses>7557001</misses>
				<total>35</total>
				<timestamp>2340.329113</timestamp>
			</report>
			<report>
				<misses>7558001</misses>
				<total>35</total>
				<timestamp>2340.638768</timestamp>
			</report>
			<report>
				<misses>7559001</misses>
				<total>35</total>
				<timestamp>2340.948434</timestamp>
			</report>
			<report>
				<misses>7560001</misses>
				<total>35</total>
				<timestamp>2341.258123</timestamp>
			</report>
			<report>
				<misses>7561001</misses>
				<total>35</total>
				<timestamp>2341.567801</timestamp>
			</report>
			<report>
				<misses>7562001</misses>
				<total>35</total>
				<timestamp>2341.877564</timestamp>
			</report>
			<report>
				<misses>7563001</misses>
				<total>35</total>
				<timestamp>2342.187197</timestamp>
			</report>
			<report>
				<misses>7564001</misses>
				<total>35</total>
				<timestamp>2342.496882</timestamp>
			</report>
			<report>
				<misses>7565001</misses>
				<total>35</total>
				<timestamp>2342.806572</timestamp>
			</report>
			<report>
				<misses>7566001</misses>
				<total>35</total>
				<timestamp>2343.116269</timestamp>
			</report>
			<report>
				<misses>7567001</misses>
				<total>35</total>
				<timestamp>2343.425948</timestamp>
			</report>
			<report>
				<misses>7568001</misses>
				<total>35</total>
				<timestamp>2343.735645</timestamp>
			</report>
			<report>
				<misses>7569001</misses>
				<total>35</total>
				<timestamp>2344.045383</timestamp>
			</report>
			<report>
				<misses>7570001</misses>
				<total>35</total>
				<timestamp>2344.355042</timestamp>
			</report>
			<report>
				<misses>7571001</misses>
				<total>35</total>
				<timestamp>2344.664700</timestamp>
			</report>
			<report>
				<misses>7572001</misses>
				<total>35</total>
				<timestamp>2344.974415</timestamp>
			</report>
			<report>
				<misses>7573001</misses>
				<total>35</total>
				<timestamp>2345.284126</timestamp>
			</report>
			<report>
				<misses>7574001</misses>
				<total>35</total>
				<timestamp>2345.593843</timestamp>
			</report>
			<report>
				<misses>7575001</misses>
				<total>35</total>
				<timestamp>2345.903523</timestamp>
			</report>
			<report>
				<misses>7576001</misses>
				<total>35</total>
				<timestamp>2346.213171</timestamp>
			</report>
			<report>
				<misses>7577001</misses>
				<total>35</total>
				<timestamp>2346.522900</timestamp>
			</report>
			<report>
				<misses>7578001</misses>
				<total>35</total>
				<timestamp>2346.832540</timestamp>
			</report>
			<report>
				<misses>7579001</misses>
				<total>35</total>
				<timestamp>2347.142286</timestamp>
			</report>
			<report>
				<misses>7580001</misses>
				<total>35</total>
				<timestamp>2347.451920</timestamp>
			</report>
			<report>
				<misses>7581001</misses>
				<total>35</total>
				<timestamp>2347.761622</timestamp>
			</report>
			<report>
				<misses>7582001</misses>
				<total>35</total>
				<timestamp>2348.071284</timestamp>
			</report>
			<report>
				<misses>7583001</misses>
				<total>35</total>
				<timestamp>2348.381031</timestamp>
			</report>
			<report>
				<misses>7584001</misses>
				<total>35</total>
				<timestamp>2348.690695</timestamp>
			</report>
			<report>
				<misses>7585001</misses>
				<total>35</total>
				<timestamp>2349.000411</timestamp>
			</report>
			<report>
				<misses>7586001</misses>
				<total>35</total>
				<timestamp>2349.310072</timestamp>
			</report>
			<report>
				<misses>7587001</misses>
				<total>35</total>
				<timestamp>2349.619773</timestamp>
			</report>
			<report>
				<misses>7588001</misses>
				<total>35</total>
				<timestamp>2349.929471</timestamp>
			</report>
			<report>
				<misses>7589001</misses>
				<total>35</total>
				<timestamp>2350.239204</timestamp>
			</report>
			<report>
				<misses>7590001</misses>
				<total>35</total>
				<timestamp>2350.548820</timestamp>
			</report>
			<report>
				<misses>7591001</misses>
				<total>35</total>
				<timestamp>2350.858521</timestamp>
			</report>
			<report>
				<misses>7592001</misses>
				<total>35</total>
				<timestamp>2351.168211</timestamp>
			</report>
			<report>
				<misses>7593001</misses>
				<total>35</total>
				<timestamp>2351.477894</timestamp>
			</report>
			<report>
				<misses>7594001</misses>
				<total>35</total>
				<timestamp>2351.787616</timestamp>
			</report>
			<report>
				<misses>7595001</misses>
				<total>35</total>
				<timestamp>2352.097281</timestamp>
			</report>
			<report>
				<misses>7596001</misses>
				<total>35</total>
				<timestamp>2352.407017</timestamp>
			</report>
			<report>
				<misses>7597001</misses>
				<total>35</total>
				<timestamp>2352.716652</timestamp>
			</report>
			<report>
				<misses>7598001</misses>
				<total>35</total>
				<timestamp>2353.026368</timestamp>
			</report>
			<report>
				<misses>7599001</misses>
				<total>35</total>
				<timestamp>2353.336079</timestamp>
			</report>
			<report>
				<misses>7600001</misses>
				<total>35</total>
				<timestamp>2353.645760</timestamp>
			</report>
			<report>
				<misses>7601001</misses>
				<total>35</total>
				<timestamp>2353.955470</timestamp>
			</report>
			<report>
				<misses>7602001</misses>
				<total>35</total>
				<timestamp>2354.265123</timestamp>
			</report>
			<report>
				<misses>7603001</misses>
				<total>35</total>
				<timestamp>2354.574804</timestamp>
			</report>
			<report>
				<misses>7604001</misses>
				<total>35</total>
				<timestamp>2354.884517</timestamp>
			</report>
			<report>
				<misses>7605001</misses>
				<total>35</total>
				<timestamp>2355.194201</timestamp>
			</report>
			<report>
				<misses>7606001</misses>
				<total>35</total>
				<timestamp>2355.503865</timestamp>
			</report>
			<report>
				<misses>7607001</misses>
				<total>35</total>
				<timestamp>2355.813595</timestamp>
			</report>
			<report>
				<misses>7608001</misses>
				<total>35</total>
				<timestamp>2356.123253</timestamp>
			</report>
			<report>
				<misses>7609001</misses>
				<total>35</total>
				<timestamp>2356.432974</timestamp>
			</report>
			<report>
				<misses>7610001</misses>
				<total>35</total>
				<timestamp>2356.742638</timestamp>
			</report>
			<report>
				<misses>7611001</misses>
				<total>35</total>
				<timestamp>2357.052322</timestamp>
			</report>
			<report>
				<misses>7612001</misses>
				<total>35</total>
				<timestamp>2357.362002</timestamp>
			</report>
			<report>
				<misses>7613001</misses>
				<total>35</total>
				<timestamp>2357.671718</timestamp>
			</report>
			<report>
				<misses>7614001</misses>
				<total>35</total>
				<timestamp>2357.981383</timestamp>
			</report>
			<report>
				<misses>7615001</misses>
				<total>35</total>
				<timestamp>2358.291150</timestamp>
			</report>
			<report>
				<misses>7616001</misses>
				<total>35</total>
				<timestamp>2358.600762</timestamp>
			</report>
			<report>
				<misses>7617001</misses>
				<total>35</total>
				<timestamp>2358.910447</timestamp>
			</report>
			<report>
				<misses>7618001</misses>
				<total>35</total>
				<timestamp>2359.220193</timestamp>
			</report>
			<report>
				<misses>7619001</misses>
				<total>35</total>
				<timestamp>2359.529838</timestamp>
			</report>
			<report>
				<misses>7620001</misses>
				<total>35</total>
				<timestamp>2359.839515</timestamp>
			</report>
			<report>
				<misses>7621001</misses>
				<total>35</total>
				<timestamp>2360.149219</timestamp>
			</report>
			<report>
				<misses>7622001</misses>
				<total>35</total>
				<timestamp>2360.458966</timestamp>
			</report>
			<report>
				<misses>7623001</misses>
				<total>35</total>
				<timestamp>2360.768641</timestamp>
			</report>
			<report>
				<misses>7624001</misses>
				<total>35</total>
				<timestamp>2361.078302</timestamp>
			</report>
			<report>
				<misses>7625001</misses>
				<total>35</total>
				<timestamp>2361.388008</timestamp>
			</report>
			<report>
				<misses>7626001</misses>
				<total>35</total>
				<timestamp>2361.697658</timestamp>
			</report>
			<report>
				<misses>7627001</misses>
				<total>35</total>
				<timestamp>2362.007348</timestamp>
			</report>
			<report>
				<misses>7628001</misses>
				<total>35</total>
				<timestamp>2362.317074</timestamp>
			</report>
			<report>
				<misses>7629001</misses>
				<total>35</total>
				<timestamp>2362.626739</timestamp>
			</report>
			<report>
				<misses>7630001</misses>
				<total>35</total>
				<timestamp>2362.936479</timestamp>
			</report>
			<report>
				<misses>7631001</misses>
				<total>35</total>
				<timestamp>2363.246136</timestamp>
			</report>
			<report>
				<misses>7632001</misses>
				<total>35</total>
				<timestamp>2363.555822</timestamp>
			</report>
			<report>
				<misses>7633001</misses>
				<total>35</total>
				<timestamp>2363.865493</timestamp>
			</report>
			<report>
				<misses>7634001</misses>
				<total>35</total>
				<timestamp>2364.175207</timestamp>
			</report>
			<report>
				<misses>7635001</misses>
				<total>35</total>
				<timestamp>2364.484907</timestamp>
			</report>
			<report>
				<misses>7636001</misses>
				<total>35</total>
				<timestamp>2364.794572</timestamp>
			</report>
			<report>
				<misses>7637001</misses>
				<total>35</total>
				<timestamp>2365.104244</timestamp>
			</report>
			<report>
				<misses>7638001</misses>
				<total>35</total>
				<timestamp>2365.413966</timestamp>
			</report>
			<report>
				<misses>7639001</misses>
				<total>35</total>
				<timestamp>2365.723630</timestamp>
			</report>
			<report>
				<misses>7640001</misses>
				<total>35</total>
				<timestamp>2366.033327</timestamp>
			</report>
			<report>
				<misses>7641001</misses>
				<total>35</total>
				<timestamp>2366.343054</timestamp>
			</report>
			<report>
				<misses>7642001</misses>
				<total>35</total>
				<timestamp>2366.652712</timestamp>
			</report>
			<report>
				<misses>7643001</misses>
				<total>35</total>
				<timestamp>2366.962396</timestamp>
			</report>
			<report>
				<misses>7644001</misses>
				<total>35</total>
				<timestamp>2367.272105</timestamp>
			</report>
			<report>
				<misses>7645001</misses>
				<total>35</total>
				<timestamp>2367.581785</timestamp>
			</report>
			<report>
				<misses>7646001</misses>
				<total>35</total>
				<timestamp>2367.891482</timestamp>
			</report>
			<report>
				<misses>7647001</misses>
				<total>35</total>
				<timestamp>2368.201161</timestamp>
			</report>
			<report>
				<misses>7648001</misses>
				<total>35</total>
				<timestamp>2368.510882</timestamp>
			</report>
			<report>
				<misses>7649001</misses>
				<total>35</total>
				<timestamp>2368.820546</timestamp>
			</report>
			<report>
				<misses>7650001</misses>
				<total>35</total>
				<timestamp>2369.130220</timestamp>
			</report>
			<report>
				<misses>7651001</misses>
				<total>35</total>
				<timestamp>2369.439963</timestamp>
			</report>
			<report>
				<misses>7652001</misses>
				<total>35</total>
				<timestamp>2369.749613</timestamp>
			</report>
			<report>
				<misses>7653001</misses>
				<total>35</total>
				<timestamp>2370.059303</timestamp>
			</report>
			<report>
				<misses>7654001</misses>
				<total>35</total>
				<timestamp>2370.368987</timestamp>
			</report>
			<report>
				<misses>7655001</misses>
				<total>35</total>
				<timestamp>2370.678674</timestamp>
			</report>
			<report>
				<misses>7656001</misses>
				<total>35</total>
				<timestamp>2370.988379</timestamp>
			</report>
			<report>
				<misses>7657001</misses>
				<total>35</total>
				<timestamp>2371.298043</timestamp>
			</report>
			<report>
				<misses>7658001</misses>
				<total>35</total>
				<timestamp>2371.607756</timestamp>
			</report>
			<report>
				<misses>7659001</misses>
				<total>35</total>
				<timestamp>2371.917448</timestamp>
			</report>
			<report>
				<misses>7660001</misses>
				<total>35</total>
				<timestamp>2372.227179</timestamp>
			</report>
			<report>
				<misses>7661001</misses>
				<total>35</total>
				<timestamp>2372.536856</timestamp>
			</report>
			<report>
				<misses>7662001</misses>
				<total>35</total>
				<timestamp>2372.846530</timestamp>
			</report>
			<report>
				<misses>7663001</misses>
				<total>35</total>
				<timestamp>2373.156183</timestamp>
			</report>
			<report>
				<misses>7664001</misses>
				<total>35</total>
				<timestamp>2373.465884</timestamp>
			</report>
			<report>
				<misses>7665001</misses>
				<total>35</total>
				<timestamp>2373.775602</timestamp>
			</report>
			<report>
				<misses>7666001</misses>
				<total>35</total>
				<timestamp>2374.085298</timestamp>
			</report>
			<report>
				<misses>7667001</misses>
				<total>35</total>
				<timestamp>2374.394981</timestamp>
			</report>
			<report>
				<misses>7668001</misses>
				<total>35</total>
				<timestamp>2374.704654</timestamp>
			</report>
			<report>
				<misses>7669001</misses>
				<total>35</total>
				<timestamp>2375.014345</timestamp>
			</report>
			<report>
				<misses>7670001</misses>
				<total>35</total>
				<timestamp>2375.324031</timestamp>
			</report>
			<report>
				<misses>7671001</misses>
				<total>35</total>
				<timestamp>2375.633723</timestamp>
			</report>
			<report>
				<misses>7672001</misses>
				<total>35</total>
				<timestamp>2375.943415</timestamp>
			</report>
			<report>
				<misses>7673001</misses>
				<total>35</total>
				<timestamp>2376.253081</timestamp>
			</report>
			<report>
				<misses>7674001</misses>
				<total>35</total>
				<timestamp>2376.562848</timestamp>
			</report>
			<report>
				<misses>7675001</misses>
				<total>35</total>
				<timestamp>2376.872542</timestamp>
			</report>
			<report>
				<misses>7676001</misses>
				<total>35</total>
				<timestamp>2377.182175</timestamp>
			</report>
			<report>
				<misses>7677001</misses>
				<total>35</total>
				<timestamp>2377.491872</timestamp>
			</report>
			<report>
				<misses>7678001</misses>
				<total>35</total>
				<timestamp>2377.801585</timestamp>
			</report>
			<report>
				<misses>7679001</misses>
				<total>35</total>
				<timestamp>2378.111243</timestamp>
			</report>
			<report>
				<misses>7680001</misses>
				<total>35</total>
				<timestamp>2378.420918</timestamp>
			</report>
			<report>
				<misses>7681001</misses>
				<total>35</total>
				<timestamp>2378.730661</timestamp>
			</report>
			<report>
				<misses>7682001</misses>
				<total>35</total>
				<timestamp>2379.040346</timestamp>
			</report>
			<report>
				<misses>7683001</misses>
				<total>35</total>
				<timestamp>2379.349991</timestamp>
			</report>
			<report>
				<misses>7684001</misses>
				<total>35</total>
				<timestamp>2379.659688</timestamp>
			</report>
			<report>
				<misses>7685001</misses>
				<total>35</total>
				<timestamp>2379.969415</timestamp>
			</report>
			<report>
				<misses>7686001</misses>
				<total>35</total>
				<timestamp>2380.279065</timestamp>
			</report>
			<report>
				<misses>7687001</misses>
				<total>35</total>
				<timestamp>2380.588848</timestamp>
			</report>
			<report>
				<misses>7688001</misses>
				<total>35</total>
				<timestamp>2380.898465</timestamp>
			</report>
			<report>
				<misses>7689001</misses>
				<total>35</total>
				<timestamp>2381.208139</timestamp>
			</report>
			<report>
				<misses>7690001</misses>
				<total>35</total>
				<timestamp>2381.517836</timestamp>
			</report>
			<report>
				<misses>7691001</misses>
				<total>35</total>
				<timestamp>2381.827540</timestamp>
			</report>
			<report>
				<misses>7692001</misses>
				<total>35</total>
				<timestamp>2382.137232</timestamp>
			</report>
			<report>
				<misses>7693001</misses>
				<total>35</total>
				<timestamp>2382.446922</timestamp>
			</report>
			<report>
				<misses>7694001</misses>
				<total>35</total>
				<timestamp>2382.756617</timestamp>
			</report>
			<report>
				<misses>7695001</misses>
				<total>35</total>
				<timestamp>2383.066267</timestamp>
			</report>
			<report>
				<misses>7696001</misses>
				<total>35</total>
				<timestamp>2383.376000</timestamp>
			</report>
			<report>
				<misses>7697001</misses>
				<total>35</total>
				<timestamp>2383.685716</timestamp>
			</report>
			<report>
				<misses>7698001</misses>
				<total>35</total>
				<timestamp>2383.995353</timestamp>
			</report>
			<report>
				<misses>7699001</misses>
				<total>35</total>
				<timestamp>2384.305047</timestamp>
			</report>
			<report>
				<misses>7700001</misses>
				<total>35</total>
				<timestamp>2384.614800</timestamp>
			</report>
			<report>
				<misses>7701001</misses>
				<total>35</total>
				<timestamp>2384.924400</timestamp>
			</report>
			<report>
				<misses>7702001</misses>
				<total>35</total>
				<timestamp>2385.234122</timestamp>
			</report>
			<report>
				<misses>7703001</misses>
				<total>35</total>
				<timestamp>2385.543811</timestamp>
			</report>
			<report>
				<misses>7704001</misses>
				<total>35</total>
				<timestamp>2385.853515</timestamp>
			</report>
			<report>
				<misses>7705001</misses>
				<total>35</total>
				<timestamp>2386.163193</timestamp>
			</report>
			<report>
				<misses>7706001</misses>
				<total>35</total>
				<timestamp>2386.472860</timestamp>
			</report>
			<report>
				<misses>7707001</misses>
				<total>35</total>
				<timestamp>2386.782570</timestamp>
			</report>
			<report>
				<misses>7708001</misses>
				<total>35</total>
				<timestamp>2387.092291</timestamp>
			</report>
			<report>
				<misses>7709001</misses>
				<total>35</total>
				<timestamp>2387.401939</timestamp>
			</report>
			<report>
				<misses>7710001</misses>
				<total>35</total>
				<timestamp>2387.711633</timestamp>
			</report>
			<report>
				<misses>7711001</misses>
				<total>35</total>
				<timestamp>2388.021304</timestamp>
			</report>
			<report>
				<misses>7712001</misses>
				<total>35</total>
				<timestamp>2388.331034</timestamp>
			</report>
			<report>
				<misses>7713001</misses>
				<total>35</total>
				<timestamp>2388.640754</timestamp>
			</report>
			<report>
				<misses>7714001</misses>
				<total>35</total>
				<timestamp>2388.950390</timestamp>
			</report>
			<report>
				<misses>7715001</misses>
				<total>35</total>
				<timestamp>2389.260108</timestamp>
			</report>
			<report>
				<misses>7716001</misses>
				<total>35</total>
				<timestamp>2389.569830</timestamp>
			</report>
			<report>
				<misses>7717001</misses>
				<total>35</total>
				<timestamp>2389.879457</timestamp>
			</report>
			<report>
				<misses>7718001</misses>
				<total>35</total>
				<timestamp>2390.189168</timestamp>
			</report>
			<report>
				<misses>7719001</misses>
				<total>35</total>
				<timestamp>2390.498868</timestamp>
			</report>
			<report>
				<misses>7720001</misses>
				<total>35</total>
				<timestamp>2390.808561</timestamp>
			</report>
			<report>
				<misses>7721001</misses>
				<total>35</total>
				<timestamp>2391.118260</timestamp>
			</report>
			<report>
				<misses>7722001</misses>
				<total>35</total>
				<timestamp>2391.427904</timestamp>
			</report>
			<report>
				<misses>7723001</misses>
				<total>35</total>
				<timestamp>2391.737620</timestamp>
			</report>
			<report>
				<misses>7724001</misses>
				<total>35</total>
				<timestamp>2392.047287</timestamp>
			</report>
			<report>
				<misses>7725001</misses>
				<total>35</total>
				<timestamp>2392.356996</timestamp>
			</report>
			<report>
				<misses>7726001</misses>
				<total>35</total>
				<timestamp>2392.666700</timestamp>
			</report>
			<report>
				<misses>7727001</misses>
				<total>35</total>
				<timestamp>2392.976360</timestamp>
			</report>
			<report>
				<misses>7728001</misses>
				<total>35</total>
				<timestamp>2393.286043</timestamp>
			</report>
			<report>
				<misses>7729001</misses>
				<total>35</total>
				<timestamp>2393.595741</timestamp>
			</report>
			<report>
				<misses>7730001</misses>
				<total>35</total>
				<timestamp>2393.905436</timestamp>
			</report>
			<report>
				<misses>7731001</misses>
				<total>35</total>
				<timestamp>2394.215159</timestamp>
			</report>
			<report>
				<misses>7732001</misses>
				<total>35</total>
				<timestamp>2394.524838</timestamp>
			</report>
			<report>
				<misses>7733001</misses>
				<total>35</total>
				<timestamp>2394.834487</timestamp>
			</report>
			<report>
				<misses>7734001</misses>
				<total>35</total>
				<timestamp>2395.144194</timestamp>
			</report>
			<report>
				<misses>7735001</misses>
				<total>35</total>
				<timestamp>2395.453891</timestamp>
			</report>
			<report>
				<misses>7736001</misses>
				<total>35</total>
				<timestamp>2395.763578</timestamp>
			</report>
			<report>
				<misses>7737001</misses>
				<total>35</total>
				<timestamp>2396.073262</timestamp>
			</report>
			<report>
				<misses>7738001</misses>
				<total>35</total>
				<timestamp>2396.382940</timestamp>
			</report>
			<report>
				<misses>7739001</misses>
				<total>35</total>
				<timestamp>2396.692664</timestamp>
			</report>
			<report>
				<misses>7740001</misses>
				<total>35</total>
				<timestamp>2397.002330</timestamp>
			</report>
			<report>
				<misses>7741001</misses>
				<total>35</total>
				<timestamp>2397.312031</timestamp>
			</report>
			<report>
				<misses>7742001</misses>
				<total>35</total>
				<timestamp>2397.621700</timestamp>
			</report>
			<report>
				<misses>7743001</misses>
				<total>35</total>
				<timestamp>2397.931390</timestamp>
			</report>
			<report>
				<misses>7744001</misses>
				<total>35</total>
				<timestamp>2398.241106</timestamp>
			</report>
			<report>
				<misses>7745001</misses>
				<total>35</total>
				<timestamp>2398.550766</timestamp>
			</report>
			<report>
				<misses>7746001</misses>
				<total>35</total>
				<timestamp>2398.860483</timestamp>
			</report>
			<report>
				<misses>7747001</misses>
				<total>35</total>
				<timestamp>2399.170152</timestamp>
			</report>
			<report>
				<misses>7748001</misses>
				<total>35</total>
				<timestamp>2399.479855</timestamp>
			</report>
			<report>
				<misses>7749001</misses>
				<total>35</total>
				<timestamp>2399.789528</timestamp>
			</report>
			<report>
				<misses>7750001</misses>
				<total>35</total>
				<timestamp>2400.099223</timestamp>
			</report>
			<report>
				<misses>7751001</misses>
				<total>35</total>
				<timestamp>2400.408924</timestamp>
			</report>
			<report>
				<misses>7752001</misses>
				<total>35</total>
				<timestamp>2400.718666</timestamp>
			</report>
			<report>
				<misses>7753001</misses>
				<total>35</total>
				<timestamp>2401.028315</timestamp>
			</report>
			<report>
				<misses>7754001</misses>
				<total>35</total>
				<timestamp>2401.337990</timestamp>
			</report>
			<report>
				<misses>7755001</misses>
				<total>35</total>
				<timestamp>2401.647710</timestamp>
			</report>
			<report>
				<misses>7756001</misses>
				<total>35</total>
				<timestamp>2401.957386</timestamp>
			</report>
			<report>
				<misses>7757001</misses>
				<total>35</total>
				<timestamp>2402.267071</timestamp>
			</report>
			<report>
				<misses>7758001</misses>
				<total>35</total>
				<timestamp>2402.576817</timestamp>
			</report>
			<report>
				<misses>7759001</misses>
				<total>35</total>
				<timestamp>2402.886451</timestamp>
			</report>
			<report>
				<misses>7760001</misses>
				<total>35</total>
				<timestamp>2403.196121</timestamp>
			</report>
			<report>
				<misses>7761001</misses>
				<total>35</total>
				<timestamp>2403.505802</timestamp>
			</report>
			<report>
				<misses>7762001</misses>
				<total>35</total>
				<timestamp>2403.815493</timestamp>
			</report>
			<report>
				<misses>7763001</misses>
				<total>35</total>
				<timestamp>2404.125206</timestamp>
			</report>
			<report>
				<misses>7764001</misses>
				<total>35</total>
				<timestamp>2404.434892</timestamp>
			</report>
			<report>
				<misses>7765001</misses>
				<total>35</total>
				<timestamp>2404.744605</timestamp>
			</report>
			<report>
				<misses>7766001</misses>
				<total>35</total>
				<timestamp>2405.054263</timestamp>
			</report>
			<report>
				<misses>7767001</misses>
				<total>35</total>
				<timestamp>2405.363942</timestamp>
			</report>
			<report>
				<misses>7768001</misses>
				<total>35</total>
				<timestamp>2405.673704</timestamp>
			</report>
			<report>
				<misses>7769001</misses>
				<total>35</total>
				<timestamp>2405.983326</timestamp>
			</report>
			<report>
				<misses>7770001</misses>
				<total>35</total>
				<timestamp>2406.293025</timestamp>
			</report>
			<report>
				<misses>7771001</misses>
				<total>35</total>
				<timestamp>2406.602744</timestamp>
			</report>
			<report>
				<misses>7772001</misses>
				<total>35</total>
				<timestamp>2406.912412</timestamp>
			</report>
			<report>
				<misses>7773001</misses>
				<total>35</total>
				<timestamp>2407.222111</timestamp>
			</report>
			<report>
				<misses>7774001</misses>
				<total>35</total>
				<timestamp>2407.531789</timestamp>
			</report>
			<report>
				<misses>7775001</misses>
				<total>35</total>
				<timestamp>2407.841522</timestamp>
			</report>
			<report>
				<misses>7776001</misses>
				<total>35</total>
				<timestamp>2408.151201</timestamp>
			</report>
			<report>
				<misses>7777001</misses>
				<total>35</total>
				<timestamp>2408.460847</timestamp>
			</report>
			<report>
				<misses>7778001</misses>
				<total>35</total>
				<timestamp>2408.770538</timestamp>
			</report>
			<report>
				<misses>7779001</misses>
				<total>35</total>
				<timestamp>2409.080251</timestamp>
			</report>
			<report>
				<misses>7780001</misses>
				<total>35</total>
				<timestamp>2409.389968</timestamp>
			</report>
			<report>
				<misses>7781001</misses>
				<total>35</total>
				<timestamp>2409.699641</timestamp>
			</report>
			<report>
				<misses>7782001</misses>
				<total>35</total>
				<timestamp>2410.009294</timestamp>
			</report>
			<report>
				<misses>7783001</misses>
				<total>35</total>
				<timestamp>2410.318997</timestamp>
			</report>
			<report>
				<misses>7784001</misses>
				<total>35</total>
				<timestamp>2410.628684</timestamp>
			</report>
			<report>
				<misses>7785001</misses>
				<total>35</total>
				<timestamp>2410.938391</timestamp>
			</report>
			<report>
				<misses>7786001</misses>
				<total>35</total>
				<timestamp>2411.248051</timestamp>
			</report>
			<report>
				<misses>7787001</misses>
				<total>35</total>
				<timestamp>2411.557789</timestamp>
			</report>
			<report>
				<misses>7788001</misses>
				<total>35</total>
				<timestamp>2411.867477</timestamp>
			</report>
			<report>
				<misses>7789001</misses>
				<total>35</total>
				<timestamp>2412.177134</timestamp>
			</report>
			<report>
				<misses>7790001</misses>
				<total>35</total>
				<timestamp>2412.486809</timestamp>
			</report>
			<report>
				<misses>7791001</misses>
				<total>35</total>
				<timestamp>2412.796556</timestamp>
			</report>
			<report>
				<misses>7792001</misses>
				<total>35</total>
				<timestamp>2413.106201</timestamp>
			</report>
			<report>
				<misses>7793001</misses>
				<total>35</total>
				<timestamp>2413.415894</timestamp>
			</report>
			<report>
				<misses>7794001</misses>
				<total>35</total>
				<timestamp>2413.725701</timestamp>
			</report>
			<report>
				<misses>7795001</misses>
				<total>35</total>
				<timestamp>2414.035281</timestamp>
			</report>
			<report>
				<misses>7796001</misses>
				<total>35</total>
				<timestamp>2414.344970</timestamp>
			</report>
			<report>
				<misses>7797001</misses>
				<total>35</total>
				<timestamp>2414.654681</timestamp>
			</report>
			<report>
				<misses>7798001</misses>
				<total>35</total>
				<timestamp>2414.964350</timestamp>
			</report>
			<report>
				<misses>7799001</misses>
				<total>35</total>
				<timestamp>2415.274042</timestamp>
			</report>
			<report>
				<misses>7800001</misses>
				<total>35</total>
				<timestamp>2415.583764</timestamp>
			</report>
			<report>
				<misses>7801001</misses>
				<total>35</total>
				<timestamp>2415.893413</timestamp>
			</report>
			<report>
				<misses>7802001</misses>
				<total>35</total>
				<timestamp>2416.203117</timestamp>
			</report>
			<report>
				<misses>7803001</misses>
				<total>35</total>
				<timestamp>2416.512833</timestamp>
			</report>
			<report>
				<misses>7804001</misses>
				<total>35</total>
				<timestamp>2416.822536</timestamp>
			</report>
			<report>
				<misses>7805001</misses>
				<total>35</total>
				<timestamp>2417.132179</timestamp>
			</report>
			<report>
				<misses>7806001</misses>
				<total>35</total>
				<timestamp>2417.441877</timestamp>
			</report>
			<report>
				<misses>7807001</misses>
				<total>35</total>
				<timestamp>2417.751582</timestamp>
			</report>
			<report>
				<misses>7808001</misses>
				<total>35</total>
				<timestamp>2418.061267</timestamp>
			</report>
			<report>
				<misses>7809001</misses>
				<total>35</total>
				<timestamp>2418.370965</timestamp>
			</report>
			<report>
				<misses>7810001</misses>
				<total>35</total>
				<timestamp>2418.680640</timestamp>
			</report>
			<report>
				<misses>7811001</misses>
				<total>35</total>
				<timestamp>2418.990295</timestamp>
			</report>
			<report>
				<misses>7812001</misses>
				<total>35</total>
				<timestamp>2419.299993</timestamp>
			</report>
			<report>
				<misses>7813001</misses>
				<total>35</total>
				<timestamp>2419.609711</timestamp>
			</report>
			<report>
				<misses>7814001</misses>
				<total>35</total>
				<timestamp>2419.919383</timestamp>
			</report>
			<report>
				<misses>7815001</misses>
				<total>35</total>
				<timestamp>2420.229071</timestamp>
			</report>
			<report>
				<misses>7816001</misses>
				<total>35</total>
				<timestamp>2420.538777</timestamp>
			</report>
			<report>
				<misses>7817001</misses>
				<total>35</total>
				<timestamp>2420.848510</timestamp>
			</report>
			<report>
				<misses>7818001</misses>
				<total>35</total>
				<timestamp>2421.158129</timestamp>
			</report>
			<report>
				<misses>7819001</misses>
				<total>35</total>
				<timestamp>2421.467831</timestamp>
			</report>
			<report>
				<misses>7820001</misses>
				<total>35</total>
				<timestamp>2421.777564</timestamp>
			</report>
			<report>
				<misses>7821001</misses>
				<total>35</total>
				<timestamp>2422.087213</timestamp>
			</report>
			<report>
				<misses>7822001</misses>
				<total>35</total>
				<timestamp>2422.396908</timestamp>
			</report>
			<report>
				<misses>7823001</misses>
				<total>35</total>
				<timestamp>2422.706596</timestamp>
			</report>
			<report>
				<misses>7824001</misses>
				<total>35</total>
				<timestamp>2423.016279</timestamp>
			</report>
			<report>
				<misses>7825001</misses>
				<total>35</total>
				<timestamp>2423.325970</timestamp>
			</report>
			<report>
				<misses>7826001</misses>
				<total>35</total>
				<timestamp>2423.635700</timestamp>
			</report>
			<report>
				<misses>7827001</misses>
				<total>35</total>
				<timestamp>2423.945357</timestamp>
			</report>
			<report>
				<misses>7828001</misses>
				<total>35</total>
				<timestamp>2424.255057</timestamp>
			</report>
			<report>
				<misses>7829001</misses>
				<total>35</total>
				<timestamp>2424.564733</timestamp>
			</report>
			<report>
				<misses>7830001</misses>
				<total>35</total>
				<timestamp>2424.874462</timestamp>
			</report>
			<report>
				<misses>7831001</misses>
				<total>35</total>
				<timestamp>2425.184112</timestamp>
			</report>
			<report>
				<misses>7832001</misses>
				<total>35</total>
				<timestamp>2425.493829</timestamp>
			</report>
			<report>
				<misses>7833001</misses>
				<total>35</total>
				<timestamp>2425.803559</timestamp>
			</report>
			<report>
				<misses>7834001</misses>
				<total>35</total>
				<timestamp>2426.113170</timestamp>
			</report>
			<report>
				<misses>7835001</misses>
				<total>35</total>
				<timestamp>2426.422885</timestamp>
			</report>
			<report>
				<misses>7836001</misses>
				<total>35</total>
				<timestamp>2426.732595</timestamp>
			</report>
			<report>
				<misses>7837001</misses>
				<total>35</total>
				<timestamp>2427.042251</timestamp>
			</report>
			<report>
				<misses>7838001</misses>
				<total>35</total>
				<timestamp>2427.351986</timestamp>
			</report>
			<report>
				<misses>7839001</misses>
				<total>35</total>
				<timestamp>2427.661691</timestamp>
			</report>
			<report>
				<misses>7840001</misses>
				<total>35</total>
				<timestamp>2427.971326</timestamp>
			</report>
			<report>
				<misses>7841001</misses>
				<total>35</total>
				<timestamp>2428.281016</timestamp>
			</report>
			<report>
				<misses>7842001</misses>
				<total>35</total>
				<timestamp>2428.590721</timestamp>
			</report>
			<report>
				<misses>7843001</misses>
				<total>35</total>
				<timestamp>2428.900391</timestamp>
			</report>
			<report>
				<misses>7844001</misses>
				<total>35</total>
				<timestamp>2429.210076</timestamp>
			</report>
			<report>
				<misses>7845001</misses>
				<total>35</total>
				<timestamp>2429.519817</timestamp>
			</report>
			<report>
				<misses>7846001</misses>
				<total>35</total>
				<timestamp>2429.829533</timestamp>
			</report>
			<report>
				<misses>7847001</misses>
				<total>35</total>
				<timestamp>2430.139157</timestamp>
			</report>
			<report>
				<misses>7848001</misses>
				<total>35</total>
				<timestamp>2430.448866</timestamp>
			</report>
			<report>
				<misses>7849001</misses>
				<total>35</total>
				<timestamp>2430.758538</timestamp>
			</report>
			<report>
				<misses>7850001</misses>
				<total>35</total>
				<timestamp>2431.068222</timestamp>
			</report>
			<report>
				<misses>7851001</misses>
				<total>35</total>
				<timestamp>2431.377922</timestamp>
			</report>
			<report>
				<misses>7852001</misses>
				<total>35</total>
				<timestamp>2431.687650</timestamp>
			</report>
			<report>
				<misses>7853001</misses>
				<total>35</total>
				<timestamp>2431.997335</timestamp>
			</report>
			<report>
				<misses>7854001</misses>
				<total>35</total>
				<timestamp>2432.307024</timestamp>
			</report>
			<report>
				<misses>7855001</misses>
				<total>35</total>
				<timestamp>2432.616691</timestamp>
			</report>
			<report>
				<misses>7856001</misses>
				<total>35</total>
				<timestamp>2432.926354</timestamp>
			</report>
			<report>
				<misses>7857001</misses>
				<total>35</total>
				<timestamp>2433.236049</timestamp>
			</report>
			<report>
				<misses>7858001</misses>
				<total>35</total>
				<timestamp>2433.545733</timestamp>
			</report>
			<report>
				<misses>7859001</misses>
				<total>35</total>
				<timestamp>2433.855457</timestamp>
			</report>
			<report>
				<misses>7860001</misses>
				<total>35</total>
				<timestamp>2434.165145</timestamp>
			</report>
			<report>
				<misses>7861001</misses>
				<total>35</total>
				<timestamp>2434.474893</timestamp>
			</report>
			<report>
				<misses>7862001</misses>
				<total>35</total>
				<timestamp>2434.784546</timestamp>
			</report>
			<report>
				<misses>7863001</misses>
				<total>35</total>
				<timestamp>2435.094213</timestamp>
			</report>
			<report>
				<misses>7864001</misses>
				<total>35</total>
				<timestamp>2435.403898</timestamp>
			</report>
			<report>
				<misses>7865001</misses>
				<total>35</total>
				<timestamp>2435.713623</timestamp>
			</report>
			<report>
				<misses>7866001</misses>
				<total>35</total>
				<timestamp>2436.023276</timestamp>
			</report>
			<report>
				<misses>7867001</misses>
				<total>35</total>
				<timestamp>2436.332979</timestamp>
			</report>
			<report>
				<misses>7868001</misses>
				<total>35</total>
				<timestamp>2436.642651</timestamp>
			</report>
			<report>
				<misses>7869001</misses>
				<total>35</total>
				<timestamp>2436.952356</timestamp>
			</report>
			<report>
				<misses>7870001</misses>
				<total>35</total>
				<timestamp>2437.262047</timestamp>
			</report>
			<report>
				<misses>7871001</misses>
				<total>35</total>
				<timestamp>2437.571714</timestamp>
			</report>
			<report>
				<misses>7872001</misses>
				<total>35</total>
				<timestamp>2437.881460</timestamp>
			</report>
			<report>
				<misses>7873001</misses>
				<total>35</total>
				<timestamp>2438.191094</timestamp>
			</report>
			<report>
				<misses>7874001</misses>
				<total>35</total>
				<timestamp>2438.500834</timestamp>
			</report>
			<report>
				<misses>7875001</misses>
				<total>35</total>
				<timestamp>2438.810491</timestamp>
			</report>
			<report>
				<misses>7876001</misses>
				<total>35</total>
				<timestamp>2439.120219</timestamp>
			</report>
			<report>
				<misses>7877001</misses>
				<total>35</total>
				<timestamp>2439.429887</timestamp>
			</report>
			<report>
				<misses>7878001</misses>
				<total>35</total>
				<timestamp>2439.739564</timestamp>
			</report>
			<report>
				<misses>7879001</misses>
				<total>35</total>
				<timestamp>2440.049255</timestamp>
			</report>
			<report>
				<misses>7880001</misses>
				<total>35</total>
				<timestamp>2440.358934</timestamp>
			</report>
			<report>
				<misses>7881001</misses>
				<total>35</total>
				<timestamp>2440.668654</timestamp>
			</report>
			<report>
				<misses>7882001</misses>
				<total>35</total>
				<timestamp>2440.978311</timestamp>
			</report>
			<report>
				<misses>7883001</misses>
				<total>35</total>
				<timestamp>2441.288045</timestamp>
			</report>
			<report>
				<misses>7884001</misses>
				<total>35</total>
				<timestamp>2441.597677</timestamp>
			</report>
			<report>
				<misses>7885001</misses>
				<total>35</total>
				<timestamp>2441.907433</timestamp>
			</report>
			<report>
				<misses>7886001</misses>
				<total>35</total>
				<timestamp>2442.217066</timestamp>
			</report>
			<report>
				<misses>7887001</misses>
				<total>35</total>
				<timestamp>2442.526759</timestamp>
			</report>
			<report>
				<misses>7888001</misses>
				<total>35</total>
				<timestamp>2442.836469</timestamp>
			</report>
			<report>
				<misses>7889001</misses>
				<total>35</total>
				<timestamp>2443.146119</timestamp>
			</report>
			<report>
				<misses>7890001</misses>
				<total>35</total>
				<timestamp>2443.455854</timestamp>
			</report>
			<report>
				<misses>7891001</misses>
				<total>35</total>
				<timestamp>2443.765529</timestamp>
			</report>
			<report>
				<misses>7892001</misses>
				<total>35</total>
				<timestamp>2444.075211</timestamp>
			</report>
			<report>
				<misses>7893001</misses>
				<total>35</total>
				<timestamp>2444.384888</timestamp>
			</report>
			<report>
				<misses>7894001</misses>
				<total>35</total>
				<timestamp>2444.694608</timestamp>
			</report>
			<report>
				<misses>7895001</misses>
				<total>35</total>
				<timestamp>2445.004271</timestamp>
			</report>
			<report>
				<misses>7896001</misses>
				<total>35</total>
				<timestamp>2445.313965</timestamp>
			</report>
			<report>
				<misses>7897001</misses>
				<total>35</total>
				<timestamp>2445.623666</timestamp>
			</report>
			<report>
				<misses>7898001</misses>
				<total>35</total>
				<timestamp>2445.933419</timestamp>
			</report>
			<report>
				<misses>7899001</misses>
				<total>35</total>
				<timestamp>2446.243035</timestamp>
			</report>
			<report>
				<misses>7900001</misses>
				<total>35</total>
				<timestamp>2446.552726</timestamp>
			</report>
			<report>
				<misses>7901001</misses>
				<total>35</total>
				<timestamp>2446.862406</timestamp>
			</report>
			<report>
				<misses>7902001</misses>
				<total>35</total>
				<timestamp>2447.172098</timestamp>
			</report>
			<report>
				<misses>7903001</misses>
				<total>35</total>
				<timestamp>2447.481810</timestamp>
			</report>
			<report>
				<misses>7904001</misses>
				<total>35</total>
				<timestamp>2447.791548</timestamp>
			</report>
			<report>
				<misses>7905001</misses>
				<total>35</total>
				<timestamp>2448.101185</timestamp>
			</report>
			<report>
				<misses>7906001</misses>
				<total>35</total>
				<timestamp>2448.410858</timestamp>
			</report>
			<report>
				<misses>7907001</misses>
				<total>35</total>
				<timestamp>2448.720575</timestamp>
			</report>
			<report>
				<misses>7908001</misses>
				<total>35</total>
				<timestamp>2449.030246</timestamp>
			</report>
			<report>
				<misses>7909001</misses>
				<total>35</total>
				<timestamp>2449.339953</timestamp>
			</report>
			<report>
				<misses>7910001</misses>
				<total>35</total>
				<timestamp>2449.649630</timestamp>
			</report>
			<report>
				<misses>7911001</misses>
				<total>35</total>
				<timestamp>2449.959378</timestamp>
			</report>
			<report>
				<misses>7912001</misses>
				<total>35</total>
				<timestamp>2450.269003</timestamp>
			</report>
			<report>
				<misses>7913001</misses>
				<total>35</total>
				<timestamp>2450.578699</timestamp>
			</report>
			<report>
				<misses>7914001</misses>
				<total>35</total>
				<timestamp>2450.888412</timestamp>
			</report>
			<report>
				<misses>7915001</misses>
				<total>35</total>
				<timestamp>2451.198087</timestamp>
			</report>
			<report>
				<misses>7916001</misses>
				<total>35</total>
				<timestamp>2451.507811</timestamp>
			</report>
			<report>
				<misses>7917001</misses>
				<total>35</total>
				<timestamp>2451.817494</timestamp>
			</report>
			<report>
				<misses>7918001</misses>
				<total>35</total>
				<timestamp>2452.127153</timestamp>
			</report>
			<report>
				<misses>7919001</misses>
				<total>35</total>
				<timestamp>2452.436865</timestamp>
			</report>
			<report>
				<misses>7920001</misses>
				<total>35</total>
				<timestamp>2452.746541</timestamp>
			</report>
			<report>
				<misses>7921001</misses>
				<total>35</total>
				<timestamp>2453.056269</timestamp>
			</report>
			<report>
				<misses>7922001</misses>
				<total>35</total>
				<timestamp>2453.365905</timestamp>
			</report>
			<report>
				<misses>7923001</misses>
				<total>35</total>
				<timestamp>2453.675607</timestamp>
			</report>
			<report>
				<misses>7924001</misses>
				<total>35</total>
				<timestamp>2453.985315</timestamp>
			</report>
			<report>
				<misses>7925001</misses>
				<total>35</total>
				<timestamp>2454.295019</timestamp>
			</report>
			<report>
				<misses>7926001</misses>
				<total>35</total>
				<timestamp>2454.604658</timestamp>
			</report>
			<report>
				<misses>7927001</misses>
				<total>35</total>
				<timestamp>2454.914399</timestamp>
			</report>
			<report>
				<misses>7928001</misses>
				<total>35</total>
				<timestamp>2455.224043</timestamp>
			</report>
			<report>
				<misses>7929001</misses>
				<total>35</total>
				<timestamp>2455.533793</timestamp>
			</report>
			<report>
				<misses>7930001</misses>
				<total>35</total>
				<timestamp>2455.843439</timestamp>
			</report>
			<report>
				<misses>7931001</misses>
				<total>35</total>
				<timestamp>2456.153124</timestamp>
			</report>
			<report>
				<misses>7932001</misses>
				<total>35</total>
				<timestamp>2456.462833</timestamp>
			</report>
			<report>
				<misses>7933001</misses>
				<total>35</total>
				<timestamp>2456.772504</timestamp>
			</report>
			<report>
				<misses>7934001</misses>
				<total>35</total>
				<timestamp>2457.082244</timestamp>
			</report>
			<report>
				<misses>7935001</misses>
				<total>35</total>
				<timestamp>2457.391901</timestamp>
			</report>
			<report>
				<misses>7936001</misses>
				<total>35</total>
				<timestamp>2457.701602</timestamp>
			</report>
			<report>
				<misses>7937001</misses>
				<total>35</total>
				<timestamp>2458.011290</timestamp>
			</report>
			<report>
				<misses>7938001</misses>
				<total>35</total>
				<timestamp>2458.320955</timestamp>
			</report>
			<report>
				<misses>7939001</misses>
				<total>35</total>
				<timestamp>2458.630678</timestamp>
			</report>
			<report>
				<misses>7940001</misses>
				<total>35</total>
				<timestamp>2458.940353</timestamp>
			</report>
			<report>
				<misses>7941001</misses>
				<total>35</total>
				<timestamp>2459.250036</timestamp>
			</report>
			<report>
				<misses>7942001</misses>
				<total>35</total>
				<timestamp>2459.559703</timestamp>
			</report>
			<report>
				<misses>7943001</misses>
				<total>35</total>
				<timestamp>2459.869433</timestamp>
			</report>
			<report>
				<misses>7944001</misses>
				<total>35</total>
				<timestamp>2460.179084</timestamp>
			</report>
			<report>
				<misses>7945001</misses>
				<total>35</total>
				<timestamp>2460.488759</timestamp>
			</report>
			<report>
				<misses>7946001</misses>
				<total>35</total>
				<timestamp>2460.798474</timestamp>
			</report>
			<report>
				<misses>7947001</misses>
				<total>35</total>
				<timestamp>2461.108175</timestamp>
			</report>
			<report>
				<misses>7948001</misses>
				<total>35</total>
				<timestamp>2461.417858</timestamp>
			</report>
			<report>
				<misses>7949001</misses>
				<total>35</total>
				<timestamp>2461.727528</timestamp>
			</report>
			<report>
				<misses>7950001</misses>
				<total>35</total>
				<timestamp>2462.037269</timestamp>
			</report>
			<report>
				<misses>7951001</misses>
				<total>35</total>
				<timestamp>2462.346958</timestamp>
			</report>
			<report>
				<misses>7952001</misses>
				<total>35</total>
				<timestamp>2462.656613</timestamp>
			</report>
			<report>
				<misses>7953001</misses>
				<total>35</total>
				<timestamp>2462.966331</timestamp>
			</report>
			<report>
				<misses>7954001</misses>
				<total>35</total>
				<timestamp>2463.275984</timestamp>
			</report>
			<report>
				<misses>7955001</misses>
				<total>35</total>
				<timestamp>2463.585679</timestamp>
			</report>
			<report>
				<misses>7956001</misses>
				<total>35</total>
				<timestamp>2463.895417</timestamp>
			</report>
			<report>
				<misses>7957001</misses>
				<total>35</total>
				<timestamp>2464.205073</timestamp>
			</report>
			<report>
				<misses>7958001</misses>
				<total>35</total>
				<timestamp>2464.514726</timestamp>
			</report>
			<report>
				<misses>7959001</misses>
				<total>35</total>
				<timestamp>2464.824471</timestamp>
			</report>
			<report>
				<misses>7960001</misses>
				<total>35</total>
				<timestamp>2465.134118</timestamp>
			</report>
			<report>
				<misses>7961001</misses>
				<total>35</total>
				<timestamp>2465.443840</timestamp>
			</report>
			<report>
				<misses>7962001</misses>
				<total>35</total>
				<timestamp>2465.753522</timestamp>
			</report>
			<report>
				<misses>7963001</misses>
				<total>35</total>
				<timestamp>2466.063204</timestamp>
			</report>
			<report>
				<misses>7964001</misses>
				<total>35</total>
				<timestamp>2466.372876</timestamp>
			</report>
			<report>
				<misses>7965001</misses>
				<total>35</total>
				<timestamp>2466.682584</timestamp>
			</report>
			<report>
				<misses>7966001</misses>
				<total>35</total>
				<timestamp>2466.992291</timestamp>
			</report>
			<report>
				<misses>7967001</misses>
				<total>35</total>
				<timestamp>2467.301951</timestamp>
			</report>
			<report>
				<misses>7968001</misses>
				<total>35</total>
				<timestamp>2467.611651</timestamp>
			</report>
			<report>
				<misses>7969001</misses>
				<total>35</total>
				<timestamp>2467.921336</timestamp>
			</report>
			<report>
				<misses>7970001</misses>
				<total>35</total>
				<timestamp>2468.231024</timestamp>
			</report>
			<report>
				<misses>7971001</misses>
				<total>35</total>
				<timestamp>2468.540712</timestamp>
			</report>
			<report>
				<misses>7972001</misses>
				<total>35</total>
				<timestamp>2468.850426</timestamp>
			</report>
			<report>
				<misses>7973001</misses>
				<total>35</total>
				<timestamp>2469.160092</timestamp>
			</report>
			<report>
				<misses>7974001</misses>
				<total>35</total>
				<timestamp>2469.469785</timestamp>
			</report>
			<report>
				<misses>7975001</misses>
				<total>35</total>
				<timestamp>2469.779518</timestamp>
			</report>
			<report>
				<misses>7976001</misses>
				<total>35</total>
				<timestamp>2470.089165</timestamp>
			</report>
			<report>
				<misses>7977001</misses>
				<total>35</total>
				<timestamp>2470.398867</timestamp>
			</report>
			<report>
				<misses>7978001</misses>
				<total>35</total>
				<timestamp>2470.708569</timestamp>
			</report>
			<report>
				<misses>7979001</misses>
				<total>35</total>
				<timestamp>2471.018247</timestamp>
			</report>
			<report>
				<misses>7980001</misses>
				<total>35</total>
				<timestamp>2471.327922</timestamp>
			</report>
			<report>
				<misses>7981001</misses>
				<total>35</total>
				<timestamp>2471.637657</timestamp>
			</report>
			<report>
				<misses>7982001</misses>
				<total>35</total>
				<timestamp>2471.947377</timestamp>
			</report>
			<report>
				<misses>7983001</misses>
				<total>35</total>
				<timestamp>2472.256990</timestamp>
			</report>
			<report>
				<misses>7984001</misses>
				<total>35</total>
				<timestamp>2472.566705</timestamp>
			</report>
			<report>
				<misses>7985001</misses>
				<total>35</total>
				<timestamp>2472.876427</timestamp>
			</report>
			<report>
				<misses>7986001</misses>
				<total>35</total>
				<timestamp>2473.186140</timestamp>
			</report>
			<report>
				<misses>7987001</misses>
				<total>35</total>
				<timestamp>2473.495769</timestamp>
			</report>
			<report>
				<misses>7988001</misses>
				<total>35</total>
				<timestamp>2473.805467</timestamp>
			</report>
			<report>
				<misses>7989001</misses>
				<total>35</total>
				<timestamp>2474.115164</timestamp>
			</report>
			<report>
				<misses>7990001</misses>
				<total>35</total>
				<timestamp>2474.424812</timestamp>
			</report>
			<report>
				<misses>7991001</misses>
				<total>35</total>
				<timestamp>2474.734538</timestamp>
			</report>
			<report>
				<misses>7992001</misses>
				<total>35</total>
				<timestamp>2475.044272</timestamp>
			</report>
			<report>
				<misses>7993001</misses>
				<total>35</total>
				<timestamp>2475.353905</timestamp>
			</report>
			<report>
				<misses>7994001</misses>
				<total>35</total>
				<timestamp>2475.663606</timestamp>
			</report>
			<report>
				<misses>7995001</misses>
				<total>35</total>
				<timestamp>2475.973337</timestamp>
			</report>
			<report>
				<misses>7996001</misses>
				<total>35</total>
				<timestamp>2476.282956</timestamp>
			</report>
			<report>
				<misses>7997001</misses>
				<total>35</total>
				<timestamp>2476.592698</timestamp>
			</report>
			<report>
				<misses>7998001</misses>
				<total>35</total>
				<timestamp>2476.902354</timestamp>
			</report>
			<report>
				<misses>7999001</misses>
				<total>35</total>
				<timestamp>2477.212052</timestamp>
			</report>
			<report>
				<misses>8000001</misses>
				<total>35</total>
				<timestamp>2477.521716</timestamp>
			</report>
			<report>
				<misses>8001001</misses>
				<total>35</total>
				<timestamp>2477.831412</timestamp>
			</report>
			<report>
				<misses>8002001</misses>
				<total>35</total>
				<timestamp>2478.141100</timestamp>
			</report>
			<report>
				<misses>8003001</misses>
				<total>35</total>
				<timestamp>2478.450838</timestamp>
			</report>
			<report>
				<misses>8004001</misses>
				<total>35</total>
				<timestamp>2478.760494</timestamp>
			</report>
			<report>
				<misses>8005001</misses>
				<total>35</total>
				<timestamp>2479.070219</timestamp>
			</report>
			<report>
				<misses>8006001</misses>
				<total>35</total>
				<timestamp>2479.379852</timestamp>
			</report>
			<report>
				<misses>8007001</misses>
				<total>35</total>
				<timestamp>2479.689572</timestamp>
			</report>
			<report>
				<misses>8008001</misses>
				<total>35</total>
				<timestamp>2479.999260</timestamp>
			</report>
			<report>
				<misses>8009001</misses>
				<total>35</total>
				<timestamp>2480.308967</timestamp>
			</report>
			<report>
				<misses>8010001</misses>
				<total>35</total>
				<timestamp>2480.618639</timestamp>
			</report>
			<report>
				<misses>8011001</misses>
				<total>35</total>
				<timestamp>2480.928337</timestamp>
			</report>
			<report>
				<misses>8012001</misses>
				<total>35</total>
				<timestamp>2481.238008</timestamp>
			</report>
			<report>
				<misses>8013001</misses>
				<total>35</total>
				<timestamp>2481.547692</timestamp>
			</report>
			<report>
				<misses>8014001</misses>
				<total>35</total>
				<timestamp>2481.857388</timestamp>
			</report>
			<report>
				<misses>8015001</misses>
				<total>35</total>
				<timestamp>2482.167075</timestamp>
			</report>
			<report>
				<misses>8016001</misses>
				<total>35</total>
				<timestamp>2482.476768</timestamp>
			</report>
			<report>
				<misses>8017001</misses>
				<total>35</total>
				<timestamp>2482.786483</timestamp>
			</report>
			<report>
				<misses>8018001</misses>
				<total>35</total>
				<timestamp>2483.096179</timestamp>
			</report>
			<report>
				<misses>8019001</misses>
				<total>35</total>
				<timestamp>2483.405854</timestamp>
			</report>
			<report>
				<misses>8020001</misses>
				<total>35</total>
				<timestamp>2483.715530</timestamp>
			</report>
			<report>
				<misses>8021001</misses>
				<total>35</total>
				<timestamp>2484.025231</timestamp>
			</report>
			<report>
				<misses>8022001</misses>
				<total>35</total>
				<timestamp>2484.334911</timestamp>
			</report>
			<report>
				<misses>8023001</misses>
				<total>35</total>
				<timestamp>2484.644645</timestamp>
			</report>
			<report>
				<misses>8024001</misses>
				<total>35</total>
				<timestamp>2484.954304</timestamp>
			</report>
			<report>
				<misses>8025001</misses>
				<total>35</total>
				<timestamp>2485.263958</timestamp>
			</report>
			<report>
				<misses>8026001</misses>
				<total>35</total>
				<timestamp>2485.573662</timestamp>
			</report>
			<report>
				<misses>8027001</misses>
				<total>35</total>
				<timestamp>2485.883367</timestamp>
			</report>
			<report>
				<misses>8028001</misses>
				<total>35</total>
				<timestamp>2486.193129</timestamp>
			</report>
			<report>
				<misses>8029001</misses>
				<total>35</total>
				<timestamp>2486.502762</timestamp>
			</report>
			<report>
				<misses>8030001</misses>
				<total>35</total>
				<timestamp>2486.812452</timestamp>
			</report>
			<report>
				<misses>8031001</misses>
				<total>35</total>
				<timestamp>2487.122123</timestamp>
			</report>
			<report>
				<misses>8032001</misses>
				<total>35</total>
				<timestamp>2487.431805</timestamp>
			</report>
			<report>
				<misses>8033001</misses>
				<total>35</total>
				<timestamp>2487.741502</timestamp>
			</report>
			<report>
				<misses>8034001</misses>
				<total>35</total>
				<timestamp>2488.051243</timestamp>
			</report>
			<report>
				<misses>8035001</misses>
				<total>35</total>
				<timestamp>2488.360930</timestamp>
			</report>
			<report>
				<misses>8036001</misses>
				<total>35</total>
				<timestamp>2488.670590</timestamp>
			</report>
			<report>
				<misses>8037001</misses>
				<total>35</total>
				<timestamp>2488.980287</timestamp>
			</report>
			<report>
				<misses>8038001</misses>
				<total>35</total>
				<timestamp>2489.289934</timestamp>
			</report>
			<report>
				<misses>8039001</misses>
				<total>35</total>
				<timestamp>2489.599650</timestamp>
			</report>
			<report>
				<misses>8040001</misses>
				<total>35</total>
				<timestamp>2489.909317</timestamp>
			</report>
			<report>
				<misses>8041001</misses>
				<total>35</total>
				<timestamp>2490.219107</timestamp>
			</report>
			<report>
				<misses>8042001</misses>
				<total>35</total>
				<timestamp>2490.528720</timestamp>
			</report>
			<report>
				<misses>8043001</misses>
				<total>35</total>
				<timestamp>2490.838410</timestamp>
			</report>
			<report>
				<misses>8044001</misses>
				<total>35</total>
				<timestamp>2491.148181</timestamp>
			</report>
			<report>
				<misses>8045001</misses>
				<total>35</total>
				<timestamp>2491.457769</timestamp>
			</report>
			<report>
				<misses>8046001</misses>
				<total>35</total>
				<timestamp>2491.767464</timestamp>
			</report>
			<report>
				<misses>8047001</misses>
				<total>35</total>
				<timestamp>2492.077212</timestamp>
			</report>
			<report>
				<misses>8048001</misses>
				<total>35</total>
				<timestamp>2492.386849</timestamp>
			</report>
			<report>
				<misses>8049001</misses>
				<total>35</total>
				<timestamp>2492.696590</timestamp>
			</report>
			<report>
				<misses>8050001</misses>
				<total>35</total>
				<timestamp>2493.006234</timestamp>
			</report>
			<report>
				<misses>8051001</misses>
				<total>35</total>
				<timestamp>2493.315909</timestamp>
			</report>
			<report>
				<misses>8052001</misses>
				<total>35</total>
				<timestamp>2493.625619</timestamp>
			</report>
			<report>
				<misses>8053001</misses>
				<total>35</total>
				<timestamp>2493.935298</timestamp>
			</report>
			<report>
				<misses>8054001</misses>
				<total>35</total>
				<timestamp>2494.245015</timestamp>
			</report>
			<report>
				<misses>8055001</misses>
				<total>35</total>
				<timestamp>2494.554693</timestamp>
			</report>
			<report>
				<misses>8056001</misses>
				<total>35</total>
				<timestamp>2494.864361</timestamp>
			</report>
			<report>
				<misses>8057001</misses>
				<total>35</total>
				<timestamp>2495.174122</timestamp>
			</report>
			<report>
				<misses>8058001</misses>
				<total>35</total>
				<timestamp>2495.483728</timestamp>
			</report>
			<report>
				<misses>8059001</misses>
				<total>35</total>
				<timestamp>2495.793429</timestamp>
			</report>
			<report>
				<misses>8060001</misses>
				<total>35</total>
				<timestamp>2496.103129</timestamp>
			</report>
			<report>
				<misses>8061001</misses>
				<total>35</total>
				<timestamp>2496.412847</timestamp>
			</report>
			<report>
				<misses>8062001</misses>
				<total>35</total>
				<timestamp>2496.722529</timestamp>
			</report>
			<report>
				<misses>8063001</misses>
				<total>35</total>
				<timestamp>2497.032247</timestamp>
			</report>
			<report>
				<misses>8064001</misses>
				<total>35</total>
				<timestamp>2497.341886</timestamp>
			</report>
			<report>
				<misses>8065001</misses>
				<total>35</total>
				<timestamp>2497.651578</timestamp>
			</report>
			<report>
				<misses>8066001</misses>
				<total>35</total>
				<timestamp>2497.961257</timestamp>
			</report>
			<report>
				<misses>8067001</misses>
				<total>35</total>
				<timestamp>2498.270955</timestamp>
			</report>
			<report>
				<misses>8068001</misses>
				<total>35</total>
				<timestamp>2498.580709</timestamp>
			</report>
			<report>
				<misses>8069001</misses>
				<total>35</total>
				<timestamp>2498.890342</timestamp>
			</report>
			<report>
				<misses>8070001</misses>
				<total>35</total>
				<timestamp>2499.200106</timestamp>
			</report>
			<report>
				<misses>8071001</misses>
				<total>35</total>
				<timestamp>2499.509715</timestamp>
			</report>
			<report>
				<misses>8072001</misses>
				<total>35</total>
				<timestamp>2499.819409</timestamp>
			</report>
			<report>
				<misses>8073001</misses>
				<total>35</total>
				<timestamp>2500.129118</timestamp>
			</report>
			<report>
				<misses>8074001</misses>
				<total>35</total>
				<timestamp>2500.438777</timestamp>
			</report>
			<report>
				<misses>8075001</misses>
				<total>35</total>
				<timestamp>2500.748513</timestamp>
			</report>
			<report>
				<misses>8076001</misses>
				<total>35</total>
				<timestamp>2501.058208</timestamp>
			</report>
			<report>
				<misses>8077001</misses>
				<total>35</total>
				<timestamp>2501.367869</timestamp>
			</report>
			<report>
				<misses>8078001</misses>
				<total>35</total>
				<timestamp>2501.677588</timestamp>
			</report>
			<report>
				<misses>8079001</misses>
				<total>35</total>
				<timestamp>2501.987228</timestamp>
			</report>
			<report>
				<misses>8080001</misses>
				<total>35</total>
				<timestamp>2502.296958</timestamp>
			</report>
			<report>
				<misses>8081001</misses>
				<total>35</total>
				<timestamp>2502.606674</timestamp>
			</report>
			<report>
				<misses>8082001</misses>
				<total>35</total>
				<timestamp>2502.916312</timestamp>
			</report>
			<report>
				<misses>8083001</misses>
				<total>35</total>
				<timestamp>2503.225999</timestamp>
			</report>
			<report>
				<misses>8084001</misses>
				<total>35</total>
				<timestamp>2503.535691</timestamp>
			</report>
			<report>
				<misses>8085001</misses>
				<total>35</total>
				<timestamp>2503.845443</timestamp>
			</report>
			<report>
				<misses>8086001</misses>
				<total>35</total>
				<timestamp>2504.155088</timestamp>
			</report>
			<report>
				<misses>8087001</misses>
				<total>35</total>
				<timestamp>2504.464760</timestamp>
			</report>
			<report>
				<misses>8088001</misses>
				<total>35</total>
				<timestamp>2504.774442</timestamp>
			</report>
			<report>
				<misses>8089001</misses>
				<total>35</total>
				<timestamp>2505.084153</timestamp>
			</report>
			<report>
				<misses>8090001</misses>
				<total>35</total>
				<timestamp>2505.393826</timestamp>
			</report>
			<report>
				<misses>8091001</misses>
				<total>35</total>
				<timestamp>2505.703502</timestamp>
			</report>
			<report>
				<misses>8092001</misses>
				<total>35</total>
				<timestamp>2506.013205</timestamp>
			</report>
			<report>
				<misses>8093001</misses>
				<total>35</total>
				<timestamp>2506.322885</timestamp>
			</report>
			<report>
				<misses>8094001</misses>
				<total>35</total>
				<timestamp>2506.632606</timestamp>
			</report>
			<report>
				<misses>8095001</misses>
				<total>35</total>
				<timestamp>2506.942271</timestamp>
			</report>
			<report>
				<misses>8096001</misses>
				<total>35</total>
				<timestamp>2507.251989</timestamp>
			</report>
			<report>
				<misses>8097001</misses>
				<total>35</total>
				<timestamp>2507.561700</timestamp>
			</report>
			<report>
				<misses>8098001</misses>
				<total>35</total>
				<timestamp>2507.871345</timestamp>
			</report>
			<report>
				<misses>8099001</misses>
				<total>35</total>
				<timestamp>2508.181061</timestamp>
			</report>
			<report>
				<misses>8100001</misses>
				<total>35</total>
				<timestamp>2508.490729</timestamp>
			</report>
			<report>
				<misses>8101001</misses>
				<total>35</total>
				<timestamp>2508.800412</timestamp>
			</report>
			<report>
				<misses>8102001</misses>
				<total>35</total>
				<timestamp>2509.110127</timestamp>
			</report>
			<report>
				<misses>8103001</misses>
				<total>35</total>
				<timestamp>2509.419781</timestamp>
			</report>
			<report>
				<misses>8104001</misses>
				<total>35</total>
				<timestamp>2509.729515</timestamp>
			</report>
			<report>
				<misses>8105001</misses>
				<total>35</total>
				<timestamp>2510.039203</timestamp>
			</report>
			<report>
				<misses>8106001</misses>
				<total>35</total>
				<timestamp>2510.348869</timestamp>
			</report>
			<report>
				<misses>8107001</misses>
				<total>35</total>
				<timestamp>2510.658595</timestamp>
			</report>
			<report>
				<misses>8108001</misses>
				<total>35</total>
				<timestamp>2510.968249</timestamp>
			</report>
			<report>
				<misses>8109001</misses>
				<total>35</total>
				<timestamp>2511.277958</timestamp>
			</report>
			<report>
				<misses>8110001</misses>
				<total>35</total>
				<timestamp>2511.587644</timestamp>
			</report>
			<report>
				<misses>8111001</misses>
				<total>35</total>
				<timestamp>2511.897326</timestamp>
			</report>
			<report>
				<misses>8112001</misses>
				<total>35</total>
				<timestamp>2512.207031</timestamp>
			</report>
			<report>
				<misses>8113001</misses>
				<total>35</total>
				<timestamp>2512.516692</timestamp>
			</report>
			<report>
				<misses>8114001</misses>
				<total>35</total>
				<timestamp>2512.826381</timestamp>
			</report>
			<report>
				<misses>8115001</misses>
				<total>35</total>
				<timestamp>2513.136148</timestamp>
			</report>
			<report>
				<misses>8116001</misses>
				<total>35</total>
				<timestamp>2513.445774</timestamp>
			</report>
			<report>
				<misses>8117001</misses>
				<total>35</total>
				<timestamp>2513.755494</timestamp>
			</report>
			<report>
				<misses>8118001</misses>
				<total>35</total>
				<timestamp>2514.065165</timestamp>
			</report>
			<report>
				<misses>8119001</misses>
				<total>35</total>
				<timestamp>2514.374850</timestamp>
			</report>
			<report>
				<misses>8120001</misses>
				<total>35</total>
				<timestamp>2514.684545</timestamp>
			</report>
			<report>
				<misses>8121001</misses>
				<total>35</total>
				<timestamp>2514.994227</timestamp>
			</report>
			<report>
				<misses>8122001</misses>
				<total>35</total>
				<timestamp>2515.303931</timestamp>
			</report>
			<report>
				<misses>8123001</misses>
				<total>35</total>
				<timestamp>2515.613601</timestamp>
			</report>
			<report>
				<misses>8124001</misses>
				<total>35</total>
				<timestamp>2515.923321</timestamp>
			</report>
			<report>
				<misses>8125001</misses>
				<total>35</total>
				<timestamp>2516.233025</timestamp>
			</report>
			<report>
				<misses>8126001</misses>
				<total>35</total>
				<timestamp>2516.542684</timestamp>
			</report>
			<report>
				<misses>8127001</misses>
				<total>35</total>
				<timestamp>2516.852365</timestamp>
			</report>
			<report>
				<misses>8128001</misses>
				<total>35</total>
				<timestamp>2517.162138</timestamp>
			</report>
			<report>
				<misses>8129001</misses>
				<total>35</total>
				<timestamp>2517.471738</timestamp>
			</report>
			<report>
				<misses>8130001</misses>
				<total>35</total>
				<timestamp>2517.781475</timestamp>
			</report>
			<report>
				<misses>8131001</misses>
				<total>35</total>
				<timestamp>2518.091120</timestamp>
			</report>
			<report>
				<misses>8132001</misses>
				<total>35</total>
				<timestamp>2518.400819</timestamp>
			</report>
			<report>
				<misses>8133001</misses>
				<total>35</total>
				<timestamp>2518.710546</timestamp>
			</report>
			<report>
				<misses>8134001</misses>
				<total>35</total>
				<timestamp>2519.020189</timestamp>
			</report>
			<report>
				<misses>8135001</misses>
				<total>35</total>
				<timestamp>2519.329966</timestamp>
			</report>
			<report>
				<misses>8136001</misses>
				<total>35</total>
				<timestamp>2519.639579</timestamp>
			</report>
			<report>
				<misses>8137001</misses>
				<total>35</total>
				<timestamp>2519.949298</timestamp>
			</report>
			<report>
				<misses>8138001</misses>
				<total>35</total>
				<timestamp>2520.258974</timestamp>
			</report>
			<report>
				<misses>8139001</misses>
				<total>35</total>
				<timestamp>2520.568661</timestamp>
			</report>
			<report>
				<misses>8140001</misses>
				<total>35</total>
				<timestamp>2520.878338</timestamp>
			</report>
			<report>
				<misses>8141001</misses>
				<total>35</total>
				<timestamp>2521.188072</timestamp>
			</report>
			<report>
				<misses>8142001</misses>
				<total>35</total>
				<timestamp>2521.497753</timestamp>
			</report>
			<report>
				<misses>8143001</misses>
				<total>35</total>
				<timestamp>2521.807415</timestamp>
			</report>
			<report>
				<misses>8144001</misses>
				<total>35</total>
				<timestamp>2522.117085</timestamp>
			</report>
			<report>
				<misses>8145001</misses>
				<total>35</total>
				<timestamp>2522.426767</timestamp>
			</report>
			<report>
				<misses>8146001</misses>
				<total>35</total>
				<timestamp>2522.736492</timestamp>
			</report>
			<report>
				<misses>8147001</misses>
				<total>35</total>
				<timestamp>2523.046171</timestamp>
			</report>
			<report>
				<misses>8148001</misses>
				<total>35</total>
				<timestamp>2523.355845</timestamp>
			</report>
			<report>
				<misses>8149001</misses>
				<total>35</total>
				<timestamp>2523.665518</timestamp>
			</report>
			<report>
				<misses>8150001</misses>
				<total>35</total>
				<timestamp>2523.975228</timestamp>
			</report>
			<report>
				<misses>8151001</misses>
				<total>35</total>
				<timestamp>2524.284964</timestamp>
			</report>
			<report>
				<misses>8152001</misses>
				<total>35</total>
				<timestamp>2524.594630</timestamp>
			</report>
			<report>
				<misses>8153001</misses>
				<total>35</total>
				<timestamp>2524.904291</timestamp>
			</report>
			<report>
				<misses>8154001</misses>
				<total>35</total>
				<timestamp>2525.213992</timestamp>
			</report>
			<report>
				<misses>8155001</misses>
				<total>35</total>
				<timestamp>2525.523684</timestamp>
			</report>
			<report>
				<misses>8156001</misses>
				<total>35</total>
				<timestamp>2525.833367</timestamp>
			</report>
			<report>
				<misses>8157001</misses>
				<total>35</total>
				<timestamp>2526.143073</timestamp>
			</report>
			<report>
				<misses>8158001</misses>
				<total>35</total>
				<timestamp>2526.452740</timestamp>
			</report>
			<report>
				<misses>8159001</misses>
				<total>35</total>
				<timestamp>2526.762448</timestamp>
			</report>
			<report>
				<misses>8160001</misses>
				<total>35</total>
				<timestamp>2527.072104</timestamp>
			</report>
			<report>
				<misses>8161001</misses>
				<total>35</total>
				<timestamp>2527.381890</timestamp>
			</report>
			<report>
				<misses>8162001</misses>
				<total>35</total>
				<timestamp>2527.691524</timestamp>
			</report>
			<report>
				<misses>8163001</misses>
				<total>35</total>
				<timestamp>2528.001199</timestamp>
			</report>
			<report>
				<misses>8164001</misses>
				<total>35</total>
				<timestamp>2528.310929</timestamp>
			</report>
			<report>
				<misses>8165001</misses>
				<total>35</total>
				<timestamp>2528.620577</timestamp>
			</report>
			<report>
				<misses>8166001</misses>
				<total>35</total>
				<timestamp>2528.930265</timestamp>
			</report>
			<report>
				<misses>8167001</misses>
				<total>35</total>
				<timestamp>2529.240018</timestamp>
			</report>
			<report>
				<misses>8168001</misses>
				<total>35</total>
				<timestamp>2529.549683</timestamp>
			</report>
			<report>
				<misses>8169001</misses>
				<total>35</total>
				<timestamp>2529.859344</timestamp>
			</report>
			<report>
				<misses>8170001</misses>
				<total>35</total>
				<timestamp>2530.169028</timestamp>
			</report>
			<report>
				<misses>8171001</misses>
				<total>35</total>
				<timestamp>2530.478713</timestamp>
			</report>
			<report>
				<misses>8172001</misses>
				<total>35</total>
				<timestamp>2530.788403</timestamp>
			</report>
			<report>
				<misses>8173001</misses>
				<total>35</total>
				<timestamp>2531.098093</timestamp>
			</report>
			<report>
				<misses>8174001</misses>
				<total>35</total>
				<timestamp>2531.407859</timestamp>
			</report>
			<report>
				<misses>8175001</misses>
				<total>35</total>
				<timestamp>2531.717488</timestamp>
			</report>
			<report>
				<misses>8176001</misses>
				<total>35</total>
				<timestamp>2532.027157</timestamp>
			</report>
			<report>
				<misses>8177001</misses>
				<total>35</total>
				<timestamp>2532.336907</timestamp>
			</report>
			<report>
				<misses>8178001</misses>
				<total>35</total>
				<timestamp>2532.646590</timestamp>
			</report>
			<report>
				<misses>8179001</misses>
				<total>35</total>
				<timestamp>2532.956251</timestamp>
			</report>
			<report>
				<misses>8180001</misses>
				<total>35</total>
				<timestamp>2533.265932</timestamp>
			</report>
			<report>
				<misses>8181001</misses>
				<total>35</total>
				<timestamp>2533.575612</timestamp>
			</report>
			<report>
				<misses>8182001</misses>
				<total>35</total>
				<timestamp>2533.885310</timestamp>
			</report>
			<report>
				<misses>8183001</misses>
				<total>35</total>
				<timestamp>2534.194996</timestamp>
			</report>
			<report>
				<misses>8184001</misses>
				<total>35</total>
				<timestamp>2534.504691</timestamp>
			</report>
			<report>
				<misses>8185001</misses>
				<total>35</total>
				<timestamp>2534.814383</timestamp>
			</report>
			<report>
				<misses>8186001</misses>
				<total>35</total>
				<timestamp>2535.124082</timestamp>
			</report>
			<report>
				<misses>8187001</misses>
				<total>35</total>
				<timestamp>2535.433776</timestamp>
			</report>
			<report>
				<misses>8188001</misses>
				<total>35</total>
				<timestamp>2535.743453</timestamp>
			</report>
			<report>
				<misses>8189001</misses>
				<total>35</total>
				<timestamp>2536.053130</timestamp>
			</report>
			<report>
				<misses>8190001</misses>
				<total>35</total>
				<timestamp>2536.362913</timestamp>
			</report>
			<report>
				<misses>8191001</misses>
				<total>35</total>
				<timestamp>2536.672539</timestamp>
			</report>
			<report>
				<misses>8192001</misses>
				<total>35</total>
				<timestamp>2536.982222</timestamp>
			</report>
			<report>
				<misses>8193001</misses>
				<total>35</total>
				<timestamp>2537.291939</timestamp>
			</report>
			<report>
				<misses>8194001</misses>
				<total>35</total>
				<timestamp>2537.601620</timestamp>
			</report>
			<report>
				<misses>8195001</misses>
				<total>35</total>
				<timestamp>2537.911264</timestamp>
			</report>
			<report>
				<misses>8196001</misses>
				<total>35</total>
				<timestamp>2538.220969</timestamp>
			</report>
			<report>
				<misses>8197001</misses>
				<total>35</total>
				<timestamp>2538.530691</timestamp>
			</report>
			<report>
				<misses>8198001</misses>
				<total>35</total>
				<timestamp>2538.840372</timestamp>
			</report>
			<report>
				<misses>8199001</misses>
				<total>35</total>
				<timestamp>2539.150040</timestamp>
			</report>
			<report>
				<misses>8200001</misses>
				<total>35</total>
				<timestamp>2539.459763</timestamp>
			</report>
			<report>
				<misses>8201001</misses>
				<total>35</total>
				<timestamp>2539.769420</timestamp>
			</report>
			<report>
				<misses>8202001</misses>
				<total>35</total>
				<timestamp>2540.079111</timestamp>
			</report>
			<report>
				<misses>8203001</misses>
				<total>35</total>
				<timestamp>2540.388853</timestamp>
			</report>
			<report>
				<misses>8204001</misses>
				<total>35</total>
				<timestamp>2540.698524</timestamp>
			</report>
			<report>
				<misses>8205001</misses>
				<total>35</total>
				<timestamp>2541.008162</timestamp>
			</report>
			<report>
				<misses>8206001</misses>
				<total>35</total>
				<timestamp>2541.317882</timestamp>
			</report>
			<report>
				<misses>8207001</misses>
				<total>35</total>
				<timestamp>2541.627561</timestamp>
			</report>
			<report>
				<misses>8208001</misses>
				<total>35</total>
				<timestamp>2541.937245</timestamp>
			</report>
			<report>
				<misses>8209001</misses>
				<total>35</total>
				<timestamp>2542.246969</timestamp>
			</report>
			<report>
				<misses>8210001</misses>
				<total>35</total>
				<timestamp>2542.556615</timestamp>
			</report>
			<report>
				<misses>8211001</misses>
				<total>35</total>
				<timestamp>2542.866363</timestamp>
			</report>
			<report>
				<misses>8212001</misses>
				<total>35</total>
				<timestamp>2543.176036</timestamp>
			</report>
			<report>
				<misses>8213001</misses>
				<total>35</total>
				<timestamp>2543.485718</timestamp>
			</report>
			<report>
				<misses>8214001</misses>
				<total>35</total>
				<timestamp>2543.795409</timestamp>
			</report>
			<report>
				<misses>8215001</misses>
				<total>35</total>
				<timestamp>2544.105123</timestamp>
			</report>
			<report>
				<misses>8216001</misses>
				<total>35</total>
				<timestamp>2544.414833</timestamp>
			</report>
			<report>
				<misses>8217001</misses>
				<total>35</total>
				<timestamp>2544.724460</timestamp>
			</report>
			<report>
				<misses>8218001</misses>
				<total>35</total>
				<timestamp>2545.034149</timestamp>
			</report>
			<report>
				<misses>8219001</misses>
				<total>35</total>
				<timestamp>2545.343837</timestamp>
			</report>
			<report>
				<misses>8220001</misses>
				<total>35</total>
				<timestamp>2545.653521</timestamp>
			</report>
			<report>
				<misses>8221001</misses>
				<total>35</total>
				<timestamp>2545.963209</timestamp>
			</report>
			<report>
				<misses>8222001</misses>
				<total>35</total>
				<timestamp>2546.272928</timestamp>
			</report>
			<report>
				<misses>8223001</misses>
				<total>35</total>
				<timestamp>2546.582611</timestamp>
			</report>
			<report>
				<misses>8224001</misses>
				<total>35</total>
				<timestamp>2546.892289</timestamp>
			</report>
			<report>
				<misses>8225001</misses>
				<total>35</total>
				<timestamp>2547.201989</timestamp>
			</report>
			<report>
				<misses>8226001</misses>
				<total>35</total>
				<timestamp>2547.511675</timestamp>
			</report>
			<report>
				<misses>8227001</misses>
				<total>35</total>
				<timestamp>2547.821344</timestamp>
			</report>
			<report>
				<misses>8228001</misses>
				<total>35</total>
				<timestamp>2548.131073</timestamp>
			</report>
			<report>
				<misses>8229001</misses>
				<total>35</total>
				<timestamp>2548.440814</timestamp>
			</report>
			<report>
				<misses>8230001</misses>
				<total>35</total>
				<timestamp>2548.750453</timestamp>
			</report>
			<report>
				<misses>8231001</misses>
				<total>35</total>
				<timestamp>2549.060119</timestamp>
			</report>
			<report>
				<misses>8232001</misses>
				<total>35</total>
				<timestamp>2549.369824</timestamp>
			</report>
			<report>
				<misses>8233001</misses>
				<total>35</total>
				<timestamp>2549.679492</timestamp>
			</report>
			<report>
				<misses>8234001</misses>
				<total>35</total>
				<timestamp>2549.989187</timestamp>
			</report>
			<report>
				<misses>8235001</misses>
				<total>35</total>
				<timestamp>2550.298901</timestamp>
			</report>
			<report>
				<misses>8236001</misses>
				<total>35</total>
				<timestamp>2550.608576</timestamp>
			</report>
			<report>
				<misses>8237001</misses>
				<total>35</total>
				<timestamp>2550.918258</timestamp>
			</report>
			<report>
				<misses>8238001</misses>
				<total>35</total>
				<timestamp>2551.227975</timestamp>
			</report>
			<report>
				<misses>8239001</misses>
				<total>35</total>
				<timestamp>2551.537636</timestamp>
			</report>
			<report>
				<misses>8240001</misses>
				<total>35</total>
				<timestamp>2551.847311</timestamp>
			</report>
			<report>
				<misses>8241001</misses>
				<total>35</total>
				<timestamp>2552.157010</timestamp>
			</report>
			<report>
				<misses>8242001</misses>
				<total>35</total>
				<timestamp>2552.466790</timestamp>
			</report>
			<report>
				<misses>8243001</misses>
				<total>35</total>
				<timestamp>2552.776417</timestamp>
			</report>
			<report>
				<misses>8244001</misses>
				<total>35</total>
				<timestamp>2553.086082</timestamp>
			</report>
			<report>
				<misses>8245001</misses>
				<total>35</total>
				<timestamp>2553.395800</timestamp>
			</report>
			<report>
				<misses>8246001</misses>
				<total>35</total>
				<timestamp>2553.705481</timestamp>
			</report>
			<report>
				<misses>8247001</misses>
				<total>35</total>
				<timestamp>2554.015146</timestamp>
			</report>
			<report>
				<misses>8248001</misses>
				<total>35</total>
				<timestamp>2554.324873</timestamp>
			</report>
			<report>
				<misses>8249001</misses>
				<total>35</total>
				<timestamp>2554.634562</timestamp>
			</report>
			<report>
				<misses>8250001</misses>
				<total>35</total>
				<timestamp>2554.944232</timestamp>
			</report>
			<report>
				<misses>8251001</misses>
				<total>35</total>
				<timestamp>2555.253917</timestamp>
			</report>
			<report>
				<misses>8252001</misses>
				<total>35</total>
				<timestamp>2555.563643</timestamp>
			</report>
			<report>
				<misses>8253001</misses>
				<total>35</total>
				<timestamp>2555.873293</timestamp>
			</report>
			<report>
				<misses>8254001</misses>
				<total>35</total>
				<timestamp>2556.182982</timestamp>
			</report>
			<report>
				<misses>8255001</misses>
				<total>35</total>
				<timestamp>2556.492760</timestamp>
			</report>
			<report>
				<misses>8256001</misses>
				<total>35</total>
				<timestamp>2556.802426</timestamp>
			</report>
			<report>
				<misses>8257001</misses>
				<total>35</total>
				<timestamp>2557.112060</timestamp>
			</report>
			<report>
				<misses>8258001</misses>
				<total>35</total>
				<timestamp>2557.421782</timestamp>
			</report>
			<report>
				<misses>8259001</misses>
				<total>35</total>
				<timestamp>2557.731434</timestamp>
			</report>
			<report>
				<misses>8260001</misses>
				<total>35</total>
				<timestamp>2558.041116</timestamp>
			</report>
			<report>
				<misses>8261001</misses>
				<total>35</total>
				<timestamp>2558.350842</timestamp>
			</report>
			<report>
				<misses>8262001</misses>
				<total>35</total>
				<timestamp>2558.660503</timestamp>
			</report>
			<report>
				<misses>8263001</misses>
				<total>35</total>
				<timestamp>2558.970190</timestamp>
			</report>
			<report>
				<misses>8264001</misses>
				<total>35</total>
				<timestamp>2559.279948</timestamp>
			</report>
			<report>
				<misses>8265001</misses>
				<total>35</total>
				<timestamp>2559.589592</timestamp>
			</report>
			<report>
				<misses>8266001</misses>
				<total>35</total>
				<timestamp>2559.899285</timestamp>
			</report>
			<report>
				<misses>8267001</misses>
				<total>35</total>
				<timestamp>2560.208954</timestamp>
			</report>
			<report>
				<misses>8268001</misses>
				<total>35</total>
				<timestamp>2560.518722</timestamp>
			</report>
			<report>
				<misses>8269001</misses>
				<total>35</total>
				<timestamp>2560.828351</timestamp>
			</report>
			<report>
				<misses>8270001</misses>
				<total>35</total>
				<timestamp>2561.138017</timestamp>
			</report>
			<report>
				<misses>8271001</misses>
				<total>35</total>
				<timestamp>2561.447740</timestamp>
			</report>
			<report>
				<misses>8272001</misses>
				<total>35</total>
				<timestamp>2561.757431</timestamp>
			</report>
			<report>
				<misses>8273001</misses>
				<total>35</total>
				<timestamp>2562.067136</timestamp>
			</report>
			<report>
				<misses>8274001</misses>
				<total>35</total>
				<timestamp>2562.376788</timestamp>
			</report>
			<report>
				<misses>8275001</misses>
				<total>35</total>
				<timestamp>2562.686489</timestamp>
			</report>
			<report>
				<misses>8276001</misses>
				<total>35</total>
				<timestamp>2562.996160</timestamp>
			</report>
			<report>
				<misses>8277001</misses>
				<total>35</total>
				<timestamp>2563.305865</timestamp>
			</report>
			<report>
				<misses>8278001</misses>
				<total>35</total>
				<timestamp>2563.615575</timestamp>
			</report>
			<report>
				<misses>8279001</misses>
				<total>35</total>
				<timestamp>2563.925233</timestamp>
			</report>
			<report>
				<misses>8280001</misses>
				<total>35</total>
				<timestamp>2564.234910</timestamp>
			</report>
			<report>
				<misses>8281001</misses>
				<total>35</total>
				<timestamp>2564.544686</timestamp>
			</report>
			<report>
				<misses>8282001</misses>
				<total>35</total>
				<timestamp>2564.854291</timestamp>
			</report>
			<report>
				<misses>8283001</misses>
				<total>35</total>
				<timestamp>2565.163996</timestamp>
			</report>
			<report>
				<misses>8284001</misses>
				<total>35</total>
				<timestamp>2565.473703</timestamp>
			</report>
			<report>
				<misses>8285001</misses>
				<total>35</total>
				<timestamp>2565.783378</timestamp>
			</report>
			<report>
				<misses>8286001</misses>
				<total>35</total>
				<timestamp>2566.093100</timestamp>
			</report>
			<report>
				<misses>8287001</misses>
				<total>35</total>
				<timestamp>2566.402802</timestamp>
			</report>
			<report>
				<misses>8288001</misses>
				<total>35</total>
				<timestamp>2566.712455</timestamp>
			</report>
			<report>
				<misses>8289001</misses>
				<total>35</total>
				<timestamp>2567.022133</timestamp>
			</report>
			<report>
				<misses>8290001</misses>
				<total>35</total>
				<timestamp>2567.331857</timestamp>
			</report>
			<report>
				<misses>8291001</misses>
				<total>35</total>
				<timestamp>2567.641513</timestamp>
			</report>
			<report>
				<misses>8292001</misses>
				<total>35</total>
				<timestamp>2567.951250</timestamp>
			</report>
			<report>
				<misses>8293001</misses>
				<total>35</total>
				<timestamp>2568.260886</timestamp>
			</report>
			<report>
				<misses>8294001</misses>
				<total>35</total>
				<timestamp>2568.570635</timestamp>
			</report>
			<report>
				<misses>8295001</misses>
				<total>35</total>
				<timestamp>2568.880284</timestamp>
			</report>
			<report>
				<misses>8296001</misses>
				<total>35</total>
				<timestamp>2569.189967</timestamp>
			</report>
			<report>
				<misses>8297001</misses>
				<total>35</total>
				<timestamp>2569.499676</timestamp>
			</report>
			<report>
				<misses>8298001</misses>
				<total>35</total>
				<timestamp>2569.809339</timestamp>
			</report>
			<report>
				<misses>8299001</misses>
				<total>35</total>
				<timestamp>2570.119040</timestamp>
			</report>
			<report>
				<misses>8300001</misses>
				<total>35</total>
				<timestamp>2570.428739</timestamp>
			</report>
			<report>
				<misses>8301001</misses>
				<total>35</total>
				<timestamp>2570.738412</timestamp>
			</report>
			<report>
				<misses>8302001</misses>
				<total>35</total>
				<timestamp>2571.048093</timestamp>
			</report>
			<report>
				<misses>8303001</misses>
				<total>35</total>
				<timestamp>2571.357810</timestamp>
			</report>
			<report>
				<misses>8304001</misses>
				<total>35</total>
				<timestamp>2571.667517</timestamp>
			</report>
			<report>
				<misses>8305001</misses>
				<total>35</total>
				<timestamp>2571.977212</timestamp>
			</report>
			<report>
				<misses>8306001</misses>
				<total>35</total>
				<timestamp>2572.286912</timestamp>
			</report>
			<report>
				<misses>8307001</misses>
				<total>35</total>
				<timestamp>2572.596602</timestamp>
			</report>
			<report>
				<misses>8308001</misses>
				<total>35</total>
				<timestamp>2572.906250</timestamp>
			</report>
			<report>
				<misses>8309001</misses>
				<total>35</total>
				<timestamp>2573.215948</timestamp>
			</report>
			<report>
				<misses>8310001</misses>
				<total>35</total>
				<timestamp>2573.525674</timestamp>
			</report>
			<report>
				<misses>8311001</misses>
				<total>35</total>
				<timestamp>2573.835301</timestamp>
			</report>
			<report>
				<misses>8312001</misses>
				<total>35</total>
				<timestamp>2574.145037</timestamp>
			</report>
			<report>
				<misses>8313001</misses>
				<total>35</total>
				<timestamp>2574.454712</timestamp>
			</report>
			<report>
				<misses>8314001</misses>
				<total>35</total>
				<timestamp>2574.764369</timestamp>
			</report>
			<report>
				<misses>8315001</misses>
				<total>35</total>
				<timestamp>2575.074080</timestamp>
			</report>
			<report>
				<misses>8316001</misses>
				<total>35</total>
				<timestamp>2575.383761</timestamp>
			</report>
			<report>
				<misses>8317001</misses>
				<total>35</total>
				<timestamp>2575.693474</timestamp>
			</report>
			<report>
				<misses>8318001</misses>
				<total>35</total>
				<timestamp>2576.003164</timestamp>
			</report>
			<report>
				<misses>8319001</misses>
				<total>35</total>
				<timestamp>2576.312830</timestamp>
			</report>
			<report>
				<misses>8320001</misses>
				<total>35</total>
				<timestamp>2576.622561</timestamp>
			</report>
			<report>
				<misses>8321001</misses>
				<total>35</total>
				<timestamp>2576.932226</timestamp>
			</report>
			<report>
				<misses>8322001</misses>
				<total>35</total>
				<timestamp>2577.241908</timestamp>
			</report>
			<report>
				<misses>8323001</misses>
				<total>35</total>
				<timestamp>2577.551607</timestamp>
			</report>
			<report>
				<misses>8324001</misses>
				<total>35</total>
				<timestamp>2577.861307</timestamp>
			</report>
			<report>
				<misses>8325001</misses>
				<total>35</total>
				<timestamp>2578.170969</timestamp>
			</report>
			<report>
				<misses>8326001</misses>
				<total>35</total>
				<timestamp>2578.480695</timestamp>
			</report>
			<report>
				<misses>8327001</misses>
				<total>35</total>
				<timestamp>2578.790351</timestamp>
			</report>
			<report>
				<misses>8328001</misses>
				<total>35</total>
				<timestamp>2579.100049</timestamp>
			</report>
			<report>
				<misses>8329001</misses>
				<total>35</total>
				<timestamp>2579.409767</timestamp>
			</report>
			<report>
				<misses>8330001</misses>
				<total>35</total>
				<timestamp>2579.719411</timestamp>
			</report>
			<report>
				<misses>8331001</misses>
				<total>35</total>
				<timestamp>2580.029123</timestamp>
			</report>
			<report>
				<misses>8332001</misses>
				<total>35</total>
				<timestamp>2580.338802</timestamp>
			</report>
			<report>
				<misses>8333001</misses>
				<total>35</total>
				<timestamp>2580.648551</timestamp>
			</report>
			<report>
				<misses>8334001</misses>
				<total>35</total>
				<timestamp>2580.958209</timestamp>
			</report>
			<report>
				<misses>8335001</misses>
				<total>35</total>
				<timestamp>2581.267877</timestamp>
			</report>
			<report>
				<misses>8336001</misses>
				<total>35</total>
				<timestamp>2581.577622</timestamp>
			</report>
			<report>
				<misses>8337001</misses>
				<total>35</total>
				<timestamp>2581.887304</timestamp>
			</report>
			<report>
				<misses>8338001</misses>
				<total>35</total>
				<timestamp>2582.196958</timestamp>
			</report>
			<report>
				<misses>8339001</misses>
				<total>35</total>
				<timestamp>2582.506673</timestamp>
			</report>
			<report>
				<misses>8340001</misses>
				<total>35</total>
				<timestamp>2582.816346</timestamp>
			</report>
			<report>
				<misses>8341001</misses>
				<total>35</total>
				<timestamp>2583.126026</timestamp>
			</report>
			<report>
				<misses>8342001</misses>
				<total>35</total>
				<timestamp>2583.435736</timestamp>
			</report>
			<report>
				<misses>8343001</misses>
				<total>35</total>
				<timestamp>2583.745398</timestamp>
			</report>
			<report>
				<misses>8344001</misses>
				<total>35</total>
				<timestamp>2584.055145</timestamp>
			</report>
			<report>
				<misses>8345001</misses>
				<total>35</total>
				<timestamp>2584.364823</timestamp>
			</report>
			<report>
				<misses>8346001</misses>
				<total>35</total>
				<timestamp>2584.674551</timestamp>
			</report>
			<report>
				<misses>8347001</misses>
				<total>35</total>
				<timestamp>2584.984178</timestamp>
			</report>
			<report>
				<misses>8348001</misses>
				<total>35</total>
				<timestamp>2585.293837</timestamp>
			</report>
			<report>
				<misses>8349001</misses>
				<total>35</total>
				<timestamp>2585.603597</timestamp>
			</report>
			<report>
				<misses>8350001</misses>
				<total>35</total>
				<timestamp>2585.913264</timestamp>
			</report>
			<report>
				<misses>8351001</misses>
				<total>35</total>
				<timestamp>2586.222936</timestamp>
			</report>
			<report>
				<misses>8352001</misses>
				<total>35</total>
				<timestamp>2586.532698</timestamp>
			</report>
			<report>
				<misses>8353001</misses>
				<total>35</total>
				<timestamp>2586.842306</timestamp>
			</report>
			<report>
				<misses>8354001</misses>
				<total>35</total>
				<timestamp>2587.151999</timestamp>
			</report>
			<report>
				<misses>8355001</misses>
				<total>35</total>
				<timestamp>2587.461704</timestamp>
			</report>
			<report>
				<misses>8356001</misses>
				<total>35</total>
				<timestamp>2587.771378</timestamp>
			</report>
			<report>
				<misses>8357001</misses>
				<total>35</total>
				<timestamp>2588.081047</timestamp>
			</report>
			<report>
				<misses>8358001</misses>
				<total>35</total>
				<timestamp>2588.390765</timestamp>
			</report>
			<report>
				<misses>8359001</misses>
				<total>35</total>
				<timestamp>2588.700454</timestamp>
			</report>
			<report>
				<misses>8360001</misses>
				<total>35</total>
				<timestamp>2589.010136</timestamp>
			</report>
			<report>
				<misses>8361001</misses>
				<total>35</total>
				<timestamp>2589.319828</timestamp>
			</report>
			<report>
				<misses>8362001</misses>
				<total>35</total>
				<timestamp>2589.629569</timestamp>
			</report>
			<report>
				<misses>8363001</misses>
				<total>35</total>
				<timestamp>2589.939203</timestamp>
			</report>
			<report>
				<misses>8364001</misses>
				<total>35</total>
				<timestamp>2590.248886</timestamp>
			</report>
			<report>
				<misses>8365001</misses>
				<total>35</total>
				<timestamp>2590.558601</timestamp>
			</report>
			<report>
				<misses>8366001</misses>
				<total>35</total>
				<timestamp>2590.868261</timestamp>
			</report>
			<report>
				<misses>8367001</misses>
				<total>35</total>
				<timestamp>2591.177967</timestamp>
			</report>
			<report>
				<misses>8368001</misses>
				<total>35</total>
				<timestamp>2591.487656</timestamp>
			</report>
			<report>
				<misses>8369001</misses>
				<total>35</total>
				<timestamp>2591.797347</timestamp>
			</report>
			<report>
				<misses>8370001</misses>
				<total>35</total>
				<timestamp>2592.107038</timestamp>
			</report>
			<report>
				<misses>8371001</misses>
				<total>35</total>
				<timestamp>2592.416730</timestamp>
			</report>
			<report>
				<misses>8372001</misses>
				<total>35</total>
				<timestamp>2592.726498</timestamp>
			</report>
			<report>
				<misses>8373001</misses>
				<total>35</total>
				<timestamp>2593.036106</timestamp>
			</report>
			<report>
				<misses>8374001</misses>
				<total>35</total>
				<timestamp>2593.345783</timestamp>
			</report>
			<report>
				<misses>8375001</misses>
				<total>35</total>
				<timestamp>2593.655550</timestamp>
			</report>
			<report>
				<misses>8376001</misses>
				<total>35</total>
				<timestamp>2593.965182</timestamp>
			</report>
			<report>
				<misses>8377001</misses>
				<total>35</total>
				<timestamp>2594.274910</timestamp>
			</report>
			<report>
				<misses>8378001</misses>
				<total>35</total>
				<timestamp>2594.584548</timestamp>
			</report>
			<report>
				<misses>8379001</misses>
				<total>35</total>
				<timestamp>2594.894238</timestamp>
			</report>
			<report>
				<misses>8380001</misses>
				<total>35</total>
				<timestamp>2595.203920</timestamp>
			</report>
			<report>
				<misses>8381001</misses>
				<total>35</total>
				<timestamp>2595.513646</timestamp>
			</report>
			<report>
				<misses>8382001</misses>
				<total>35</total>
				<timestamp>2595.823303</timestamp>
			</report>
			<report>
				<misses>8383001</misses>
				<total>35</total>
				<timestamp>2596.132995</timestamp>
			</report>
			<report>
				<misses>8384001</misses>
				<total>35</total>
				<timestamp>2596.442680</timestamp>
			</report>
			<report>
				<misses>8385001</misses>
				<total>35</total>
				<timestamp>2596.752392</timestamp>
			</report>
			<report>
				<misses>8386001</misses>
				<total>35</total>
				<timestamp>2597.062063</timestamp>
			</report>
			<report>
				<misses>8387001</misses>
				<total>35</total>
				<timestamp>2597.371736</timestamp>
			</report>
			<report>
				<misses>8388001</misses>
				<total>35</total>
				<timestamp>2597.681493</timestamp>
			</report>
			<report>
				<misses>8389001</misses>
				<total>35</total>
				<timestamp>2597.991135</timestamp>
			</report>
			<report>
				<misses>8390001</misses>
				<total>35</total>
				<timestamp>2598.300823</timestamp>
			</report>
			<report>
				<misses>8391001</misses>
				<total>35</total>
				<timestamp>2598.610540</timestamp>
			</report>
			<report>
				<misses>8392001</misses>
				<total>35</total>
				<timestamp>2598.920231</timestamp>
			</report>
			<report>
				<misses>8393001</misses>
				<total>35</total>
				<timestamp>2599.229903</timestamp>
			</report>
			<report>
				<misses>8394001</misses>
				<total>35</total>
				<timestamp>2599.539592</timestamp>
			</report>
			<report>
				<misses>8395001</misses>
				<total>35</total>
				<timestamp>2599.849266</timestamp>
			</report>
			<report>
				<misses>8396001</misses>
				<total>35</total>
				<timestamp>2600.158987</timestamp>
			</report>
			<report>
				<misses>8397001</misses>
				<total>35</total>
				<timestamp>2600.468697</timestamp>
			</report>
			<report>
				<misses>8398001</misses>
				<total>35</total>
				<timestamp>2600.778356</timestamp>
			</report>
			<report>
				<misses>8399001</misses>
				<total>35</total>
				<timestamp>2601.088040</timestamp>
			</report>
			<report>
				<misses>8400001</misses>
				<total>35</total>
				<timestamp>2601.397725</timestamp>
			</report>
			<report>
				<misses>8401001</misses>
				<total>35</total>
				<timestamp>2601.707458</timestamp>
			</report>
			<report>
				<misses>8402001</misses>
				<total>35</total>
				<timestamp>2602.017117</timestamp>
			</report>
			<report>
				<misses>8403001</misses>
				<total>35</total>
				<timestamp>2602.326785</timestamp>
			</report>
			<report>
				<misses>8404001</misses>
				<total>35</total>
				<timestamp>2602.636501</timestamp>
			</report>
			<report>
				<misses>8405001</misses>
				<total>35</total>
				<timestamp>2602.946195</timestamp>
			</report>
			<report>
				<misses>8406001</misses>
				<total>35</total>
				<timestamp>2603.255888</timestamp>
			</report>
			<report>
				<misses>8407001</misses>
				<total>35</total>
				<timestamp>2603.565630</timestamp>
			</report>
			<report>
				<misses>8408001</misses>
				<total>35</total>
				<timestamp>2603.875235</timestamp>
			</report>
			<report>
				<misses>8409001</misses>
				<total>35</total>
				<timestamp>2604.184944</timestamp>
			</report>
			<report>
				<misses>8410001</misses>
				<total>35</total>
				<timestamp>2604.494636</timestamp>
			</report>
			<report>
				<misses>8411001</misses>
				<total>35</total>
				<timestamp>2604.804350</timestamp>
			</report>
			<report>
				<misses>8412001</misses>
				<total>35</total>
				<timestamp>2605.114013</timestamp>
			</report>
			<report>
				<misses>8413001</misses>
				<total>35</total>
				<timestamp>2605.423708</timestamp>
			</report>
			<report>
				<misses>8414001</misses>
				<total>35</total>
				<timestamp>2605.733404</timestamp>
			</report>
			<report>
				<misses>8415001</misses>
				<total>35</total>
				<timestamp>2606.043075</timestamp>
			</report>
			<report>
				<misses>8416001</misses>
				<total>35</total>
				<timestamp>2606.352780</timestamp>
			</report>
			<report>
				<misses>8417001</misses>
				<total>35</total>
				<timestamp>2606.662445</timestamp>
			</report>
			<report>
				<misses>8418001</misses>
				<total>35</total>
				<timestamp>2606.972167</timestamp>
			</report>
			<report>
				<misses>8419001</misses>
				<total>35</total>
				<timestamp>2607.281846</timestamp>
			</report>
			<report>
				<misses>8420001</misses>
				<total>35</total>
				<timestamp>2607.591562</timestamp>
			</report>
			<report>
				<misses>8421001</misses>
				<total>35</total>
				<timestamp>2607.901222</timestamp>
			</report>
			<report>
				<misses>8422001</misses>
				<total>35</total>
				<timestamp>2608.210925</timestamp>
			</report>
			<report>
				<misses>8423001</misses>
				<total>35</total>
				<timestamp>2608.520623</timestamp>
			</report>
			<report>
				<misses>8424001</misses>
				<total>35</total>
				<timestamp>2608.830342</timestamp>
			</report>
			<report>
				<misses>8425001</misses>
				<total>35</total>
				<timestamp>2609.139968</timestamp>
			</report>
			<report>
				<misses>8426001</misses>
				<total>35</total>
				<timestamp>2609.449663</timestamp>
			</report>
			<report>
				<misses>8427001</misses>
				<total>35</total>
				<timestamp>2609.759398</timestamp>
			</report>
			<report>
				<misses>8428001</misses>
				<total>35</total>
				<timestamp>2610.069067</timestamp>
			</report>
			<report>
				<misses>8429001</misses>
				<total>35</total>
				<timestamp>2610.378724</timestamp>
			</report>
			<report>
				<misses>8430001</misses>
				<total>35</total>
				<timestamp>2610.688437</timestamp>
			</report>
			<report>
				<misses>8431001</misses>
				<total>35</total>
				<timestamp>2610.998156</timestamp>
			</report>
			<report>
				<misses>8432001</misses>
				<total>35</total>
				<timestamp>2611.307808</timestamp>
			</report>
			<report>
				<misses>8433001</misses>
				<total>35</total>
				<timestamp>2611.617825</timestamp>
			</report>
			<report>
				<misses>8434001</misses>
				<total>35</total>
				<timestamp>2611.927520</timestamp>
			</report>
			<report>
				<misses>8435001</misses>
				<total>35</total>
				<timestamp>2612.237208</timestamp>
			</report>
			<report>
				<misses>8436001</misses>
				<total>35</total>
				<timestamp>2612.546885</timestamp>
			</report>
			<report>
				<misses>8437001</misses>
				<total>35</total>
				<timestamp>2612.856574</timestamp>
			</report>
			<report>
				<misses>8438001</misses>
				<total>35</total>
				<timestamp>2613.166242</timestamp>
			</report>
			<report>
				<misses>8439001</misses>
				<total>35</total>
				<timestamp>2613.475961</timestamp>
			</report>
			<report>
				<misses>8440001</misses>
				<total>35</total>
				<timestamp>2613.785636</timestamp>
			</report>
			<report>
				<misses>8441001</misses>
				<total>35</total>
				<timestamp>2614.095377</timestamp>
			</report>
			<report>
				<misses>8442001</misses>
				<total>35</total>
				<timestamp>2614.405039</timestamp>
			</report>
			<report>
				<misses>8443001</misses>
				<total>35</total>
				<timestamp>2614.714734</timestamp>
			</report>
			<report>
				<misses>8444001</misses>
				<total>35</total>
				<timestamp>2615.024432</timestamp>
			</report>
			<report>
				<misses>8445001</misses>
				<total>35</total>
				<timestamp>2615.334065</timestamp>
			</report>
			<report>
				<misses>8446001</misses>
				<total>35</total>
				<timestamp>2615.643780</timestamp>
			</report>
			<report>
				<misses>8447001</misses>
				<total>35</total>
				<timestamp>2615.953508</timestamp>
			</report>
			<report>
				<misses>8448001</misses>
				<total>35</total>
				<timestamp>2616.263163</timestamp>
			</report>
			<report>
				<misses>8449001</misses>
				<total>35</total>
				<timestamp>2616.572869</timestamp>
			</report>
			<report>
				<misses>8450001</misses>
				<total>35</total>
				<timestamp>2616.882553</timestamp>
			</report>
			<report>
				<misses>8451001</misses>
				<total>35</total>
				<timestamp>2617.192204</timestamp>
			</report>
			<report>
				<misses>8452001</misses>
				<total>35</total>
				<timestamp>2617.501901</timestamp>
			</report>
			<report>
				<misses>8453001</misses>
				<total>35</total>
				<timestamp>2617.811601</timestamp>
			</report>
			<report>
				<misses>8454001</misses>
				<total>35</total>
				<timestamp>2618.121321</timestamp>
			</report>
			<report>
				<misses>8455001</misses>
				<total>35</total>
				<timestamp>2618.431035</timestamp>
			</report>
			<report>
				<misses>8456001</misses>
				<total>35</total>
				<timestamp>2618.740714</timestamp>
			</report>
			<report>
				<misses>8457001</misses>
				<total>35</total>
				<timestamp>2619.050350</timestamp>
			</report>
			<report>
				<misses>8458001</misses>
				<total>35</total>
				<timestamp>2619.360036</timestamp>
			</report>
			<report>
				<misses>8459001</misses>
				<total>35</total>
				<timestamp>2619.669728</timestamp>
			</report>
			<report>
				<misses>8460001</misses>
				<total>35</total>
				<timestamp>2619.979471</timestamp>
			</report>
			<report>
				<misses>8461001</misses>
				<total>35</total>
				<timestamp>2620.289152</timestamp>
			</report>
			<report>
				<misses>8462001</misses>
				<total>35</total>
				<timestamp>2620.598814</timestamp>
			</report>
			<report>
				<misses>8463001</misses>
				<total>35</total>
				<timestamp>2620.908530</timestamp>
			</report>
			<report>
				<misses>8464001</misses>
				<total>35</total>
				<timestamp>2621.218183</timestamp>
			</report>
			<report>
				<misses>8465001</misses>
				<total>35</total>
				<timestamp>2621.527873</timestamp>
			</report>
			<report>
				<misses>8466001</misses>
				<total>35</total>
				<timestamp>2621.837588</timestamp>
			</report>
			<report>
				<misses>8467001</misses>
				<total>35</total>
				<timestamp>2622.147287</timestamp>
			</report>
			<report>
				<misses>8468001</misses>
				<total>35</total>
				<timestamp>2622.456960</timestamp>
			</report>
			<report>
				<misses>8469001</misses>
				<total>35</total>
				<timestamp>2622.766640</timestamp>
			</report>
			<report>
				<misses>8470001</misses>
				<total>35</total>
				<timestamp>2623.076325</timestamp>
			</report>
			<report>
				<misses>8471001</misses>
				<total>35</total>
				<timestamp>2623.386014</timestamp>
			</report>
			<report>
				<misses>8472001</misses>
				<total>35</total>
				<timestamp>2623.695705</timestamp>
			</report>
			<report>
				<misses>8473001</misses>
				<total>35</total>
				<timestamp>2624.005424</timestamp>
			</report>
			<report>
				<misses>8474001</misses>
				<total>35</total>
				<timestamp>2624.315131</timestamp>
			</report>
			<report>
				<misses>8475001</misses>
				<total>35</total>
				<timestamp>2624.624778</timestamp>
			</report>
			<report>
				<misses>8476001</misses>
				<total>35</total>
				<timestamp>2624.934519</timestamp>
			</report>
			<report>
				<misses>8477001</misses>
				<total>35</total>
				<timestamp>2625.244171</timestamp>
			</report>
			<report>
				<misses>8478001</misses>
				<total>35</total>
				<timestamp>2625.553862</timestamp>
			</report>
			<report>
				<misses>8479001</misses>
				<total>35</total>
				<timestamp>2625.863576</timestamp>
			</report>
			<report>
				<misses>8480001</misses>
				<total>35</total>
				<timestamp>2626.173324</timestamp>
			</report>
			<report>
				<misses>8481001</misses>
				<total>35</total>
				<timestamp>2626.482967</timestamp>
			</report>
			<report>
				<misses>8482001</misses>
				<total>35</total>
				<timestamp>2626.792635</timestamp>
			</report>
			<report>
				<misses>8483001</misses>
				<total>35</total>
				<timestamp>2627.102334</timestamp>
			</report>
			<report>
				<misses>8484001</misses>
				<total>35</total>
				<timestamp>2627.412051</timestamp>
			</report>
			<report>
				<misses>8485001</misses>
				<total>35</total>
				<timestamp>2627.721692</timestamp>
			</report>
			<report>
				<misses>8486001</misses>
				<total>35</total>
				<timestamp>2628.031393</timestamp>
			</report>
			<report>
				<misses>8487001</misses>
				<total>35</total>
				<timestamp>2628.341074</timestamp>
			</report>
			<report>
				<misses>8488001</misses>
				<total>35</total>
				<timestamp>2628.650746</timestamp>
			</report>
			<report>
				<misses>8489001</misses>
				<total>35</total>
				<timestamp>2628.960467</timestamp>
			</report>
			<report>
				<misses>8490001</misses>
				<total>35</total>
				<timestamp>2629.270134</timestamp>
			</report>
			<report>
				<misses>8491001</misses>
				<total>35</total>
				<timestamp>2629.579828</timestamp>
			</report>
			<report>
				<misses>8492001</misses>
				<total>35</total>
				<timestamp>2629.889545</timestamp>
			</report>
			<report>
				<misses>8493001</misses>
				<total>35</total>
				<timestamp>2630.199250</timestamp>
			</report>
			<report>
				<misses>8494001</misses>
				<total>35</total>
				<timestamp>2630.508957</timestamp>
			</report>
			<report>
				<misses>8495001</misses>
				<total>35</total>
				<timestamp>2630.818618</timestamp>
			</report>
			<report>
				<misses>8496001</misses>
				<total>35</total>
				<timestamp>2631.128288</timestamp>
			</report>
			<report>
				<misses>8497001</misses>
				<total>35</total>
				<timestamp>2631.437984</timestamp>
			</report>
			<report>
				<misses>8498001</misses>
				<total>35</total>
				<timestamp>2631.747671</timestamp>
			</report>
			<report>
				<misses>8499001</misses>
				<total>35</total>
				<timestamp>2632.057409</timestamp>
			</report>
			<report>
				<misses>8500001</misses>
				<total>35</total>
				<timestamp>2632.367057</timestamp>
			</report>
			<report>
				<misses>8501001</misses>
				<total>35</total>
				<timestamp>2632.676719</timestamp>
			</report>
			<report>
				<misses>8502001</misses>
				<total>35</total>
				<timestamp>2632.986419</timestamp>
			</report>
			<report>
				<misses>8503001</misses>
				<total>35</total>
				<timestamp>2633.296123</timestamp>
			</report>
			<report>
				<misses>8504001</misses>
				<total>35</total>
				<timestamp>2633.605843</timestamp>
			</report>
			<report>
				<misses>8505001</misses>
				<total>35</total>
				<timestamp>2633.915512</timestamp>
			</report>
			<report>
				<misses>8506001</misses>
				<total>35</total>
				<timestamp>2634.225250</timestamp>
			</report>
			<report>
				<misses>8507001</misses>
				<total>35</total>
				<timestamp>2634.534916</timestamp>
			</report>
			<report>
				<misses>8508001</misses>
				<total>35</total>
				<timestamp>2634.844549</timestamp>
			</report>
			<report>
				<misses>8509001</misses>
				<total>35</total>
				<timestamp>2635.154287</timestamp>
			</report>
			<report>
				<misses>8510001</misses>
				<total>35</total>
				<timestamp>2635.463961</timestamp>
			</report>
			<report>
				<misses>8511001</misses>
				<total>35</total>
				<timestamp>2635.773629</timestamp>
			</report>
			<report>
				<misses>8512001</misses>
				<total>35</total>
				<timestamp>2636.083343</timestamp>
			</report>
			<report>
				<misses>8513001</misses>
				<total>35</total>
				<timestamp>2636.393004</timestamp>
			</report>
			<report>
				<misses>8514001</misses>
				<total>35</total>
				<timestamp>2636.702678</timestamp>
			</report>
			<report>
				<misses>8515001</misses>
				<total>35</total>
				<timestamp>2637.012417</timestamp>
			</report>
			<report>
				<misses>8516001</misses>
				<total>35</total>
				<timestamp>2637.322061</timestamp>
			</report>
			<report>
				<misses>8517001</misses>
				<total>35</total>
				<timestamp>2637.631761</timestamp>
			</report>
			<report>
				<misses>8518001</misses>
				<total>35</total>
				<timestamp>2637.941487</timestamp>
			</report>
			<report>
				<misses>8519001</misses>
				<total>35</total>
				<timestamp>2638.251145</timestamp>
			</report>
			<report>
				<misses>8520001</misses>
				<total>35</total>
				<timestamp>2638.560863</timestamp>
			</report>
			<report>
				<misses>8521001</misses>
				<total>35</total>
				<timestamp>2638.870520</timestamp>
			</report>
			<report>
				<misses>8522001</misses>
				<total>35</total>
				<timestamp>2639.180206</timestamp>
			</report>
			<report>
				<misses>8523001</misses>
				<total>35</total>
				<timestamp>2639.489904</timestamp>
			</report>
			<report>
				<misses>8524001</misses>
				<total>35</total>
				<timestamp>2639.799598</timestamp>
			</report>
			<report>
				<misses>8525001</misses>
				<total>35</total>
				<timestamp>2640.109281</timestamp>
			</report>
			<report>
				<misses>8526001</misses>
				<total>35</total>
				<timestamp>2640.418971</timestamp>
			</report>
			<report>
				<misses>8527001</misses>
				<total>35</total>
				<timestamp>2640.728666</timestamp>
			</report>
			<report>
				<misses>8528001</misses>
				<total>35</total>
				<timestamp>2641.038385</timestamp>
			</report>
			<report>
				<misses>8529001</misses>
				<total>35</total>
				<timestamp>2641.348049</timestamp>
			</report>
			<report>
				<misses>8530001</misses>
				<total>35</total>
				<timestamp>2641.657758</timestamp>
			</report>
			<report>
				<misses>8531001</misses>
				<total>35</total>
				<timestamp>2641.967441</timestamp>
			</report>
			<report>
				<misses>8532001</misses>
				<total>35</total>
				<timestamp>2642.277141</timestamp>
			</report>
			<report>
				<misses>8533001</misses>
				<total>35</total>
				<timestamp>2642.586821</timestamp>
			</report>
			<report>
				<misses>8534001</misses>
				<total>35</total>
				<timestamp>2642.896545</timestamp>
			</report>
			<report>
				<misses>8535001</misses>
				<total>35</total>
				<timestamp>2643.206172</timestamp>
			</report>
			<report>
				<misses>8536001</misses>
				<total>35</total>
				<timestamp>2643.515885</timestamp>
			</report>
			<report>
				<misses>8537001</misses>
				<total>35</total>
				<timestamp>2643.825581</timestamp>
			</report>
			<report>
				<misses>8538001</misses>
				<total>35</total>
				<timestamp>2644.135286</timestamp>
			</report>
			<report>
				<misses>8539001</misses>
				<total>35</total>
				<timestamp>2644.444960</timestamp>
			</report>
			<report>
				<misses>8540001</misses>
				<total>35</total>
				<timestamp>2644.754673</timestamp>
			</report>
			<report>
				<misses>8541001</misses>
				<total>35</total>
				<timestamp>2645.064355</timestamp>
			</report>
			<report>
				<misses>8542001</misses>
				<total>35</total>
				<timestamp>2645.374032</timestamp>
			</report>
			<report>
				<misses>8543001</misses>
				<total>35</total>
				<timestamp>2645.683707</timestamp>
			</report>
			<report>
				<misses>8544001</misses>
				<total>35</total>
				<timestamp>2645.993426</timestamp>
			</report>
			<report>
				<misses>8545001</misses>
				<total>35</total>
				<timestamp>2646.303100</timestamp>
			</report>
			<report>
				<misses>8546001</misses>
				<total>35</total>
				<timestamp>2646.612785</timestamp>
			</report>
			<report>
				<misses>8547001</misses>
				<total>35</total>
				<timestamp>2646.922488</timestamp>
			</report>
			<report>
				<misses>8548001</misses>
				<total>35</total>
				<timestamp>2647.232181</timestamp>
			</report>
			<report>
				<misses>8549001</misses>
				<total>35</total>
				<timestamp>2647.541853</timestamp>
			</report>
			<report>
				<misses>8550001</misses>
				<total>35</total>
				<timestamp>2647.851529</timestamp>
			</report>
			<report>
				<misses>8551001</misses>
				<total>35</total>
				<timestamp>2648.161229</timestamp>
			</report>
			<report>
				<misses>8552001</misses>
				<total>35</total>
				<timestamp>2648.470926</timestamp>
			</report>
			<report>
				<misses>8553001</misses>
				<total>35</total>
				<timestamp>2648.780598</timestamp>
			</report>
			<report>
				<misses>8554001</misses>
				<total>35</total>
				<timestamp>2649.090332</timestamp>
			</report>
			<report>
				<misses>8555001</misses>
				<total>35</total>
				<timestamp>2649.399989</timestamp>
			</report>
			<report>
				<misses>8556001</misses>
				<total>35</total>
				<timestamp>2649.709678</timestamp>
			</report>
			<report>
				<misses>8557001</misses>
				<total>35</total>
				<timestamp>2650.019375</timestamp>
			</report>
			<report>
				<misses>8558001</misses>
				<total>35</total>
				<timestamp>2650.329059</timestamp>
			</report>
			<report>
				<misses>8559001</misses>
				<total>35</total>
				<timestamp>2650.638749</timestamp>
			</report>
			<report>
				<misses>8560001</misses>
				<total>35</total>
				<timestamp>2650.948434</timestamp>
			</report>
			<report>
				<misses>8561001</misses>
				<total>35</total>
				<timestamp>2651.258138</timestamp>
			</report>
			<report>
				<misses>8562001</misses>
				<total>35</total>
				<timestamp>2651.567814</timestamp>
			</report>
			<report>
				<misses>8563001</misses>
				<total>35</total>
				<timestamp>2651.877486</timestamp>
			</report>
			<report>
				<misses>8564001</misses>
				<total>35</total>
				<timestamp>2652.187214</timestamp>
			</report>
			<report>
				<misses>8565001</misses>
				<total>35</total>
				<timestamp>2652.496895</timestamp>
			</report>
			<report>
				<misses>8566001</misses>
				<total>35</total>
				<timestamp>2652.806567</timestamp>
			</report>
			<report>
				<misses>8567001</misses>
				<total>35</total>
				<timestamp>2653.116270</timestamp>
			</report>
			<report>
				<misses>8568001</misses>
				<total>35</total>
				<timestamp>2653.425951</timestamp>
			</report>
			<report>
				<misses>8569001</misses>
				<total>35</total>
				<timestamp>2653.735638</timestamp>
			</report>
			<report>
				<misses>8570001</misses>
				<total>35</total>
				<timestamp>2654.045334</timestamp>
			</report>
			<report>
				<misses>8571001</misses>
				<total>35</total>
				<timestamp>2654.355019</timestamp>
			</report>
			<report>
				<misses>8572001</misses>
				<total>35</total>
				<timestamp>2654.664755</timestamp>
			</report>
			<report>
				<misses>8573001</misses>
				<total>35</total>
				<timestamp>2654.974412</timestamp>
			</report>
			<report>
				<misses>8574001</misses>
				<total>35</total>
				<timestamp>2655.284123</timestamp>
			</report>
			<report>
				<misses>8575001</misses>
				<total>35</total>
				<timestamp>2655.593800</timestamp>
			</report>
			<report>
				<misses>8576001</misses>
				<total>35</total>
				<timestamp>2655.903522</timestamp>
			</report>
			<report>
				<misses>8577001</misses>
				<total>35</total>
				<timestamp>2656.213189</timestamp>
			</report>
			<report>
				<misses>8578001</misses>
				<total>35</total>
				<timestamp>2656.522874</timestamp>
			</report>
			<report>
				<misses>8579001</misses>
				<total>35</total>
				<timestamp>2656.832549</timestamp>
			</report>
			<report>
				<misses>8580001</misses>
				<total>35</total>
				<timestamp>2657.142251</timestamp>
			</report>
			<report>
				<misses>8581001</misses>
				<total>35</total>
				<timestamp>2657.451915</timestamp>
			</report>
			<report>
				<misses>8582001</misses>
				<total>35</total>
				<timestamp>2657.761607</timestamp>
			</report>
			<report>
				<misses>8583001</misses>
				<total>35</total>
				<timestamp>2658.071344</timestamp>
			</report>
			<report>
				<misses>8584001</misses>
				<total>35</total>
				<timestamp>2658.381008</timestamp>
			</report>
			<report>
				<misses>8585001</misses>
				<total>35</total>
				<timestamp>2658.690690</timestamp>
			</report>
			<report>
				<misses>8586001</misses>
				<total>35</total>
				<timestamp>2659.000416</timestamp>
			</report>
			<report>
				<misses>8587001</misses>
				<total>35</total>
				<timestamp>2659.310101</timestamp>
			</report>
			<report>
				<misses>8588001</misses>
				<total>35</total>
				<timestamp>2659.619779</timestamp>
			</report>
			<report>
				<misses>8589001</misses>
				<total>35</total>
				<timestamp>2659.929435</timestamp>
			</report>
			<report>
				<misses>8590001</misses>
				<total>35</total>
				<timestamp>2660.239154</timestamp>
			</report>
			<report>
				<misses>8591001</misses>
				<total>35</total>
				<timestamp>2660.548856</timestamp>
			</report>
			<report>
				<misses>8592001</misses>
				<total>35</total>
				<timestamp>2660.858517</timestamp>
			</report>
			<report>
				<misses>8593001</misses>
				<total>35</total>
				<timestamp>2661.168229</timestamp>
			</report>
			<report>
				<misses>8594001</misses>
				<total>35</total>
				<timestamp>2661.477905</timestamp>
			</report>
			<report>
				<misses>8595001</misses>
				<total>35</total>
				<timestamp>2661.787593</timestamp>
			</report>
			<report>
				<misses>8596001</misses>
				<total>35</total>
				<timestamp>2662.097271</timestamp>
			</report>
			<report>
				<misses>8597001</misses>
				<total>35</total>
				<timestamp>2662.406964</timestamp>
			</report>
			<report>
				<misses>8598001</misses>
				<total>35</total>
				<timestamp>2662.716677</timestamp>
			</report>
			<report>
				<misses>8599001</misses>
				<total>35</total>
				<timestamp>2663.026347</timestamp>
			</report>
			<report>
				<misses>8600001</misses>
				<total>35</total>
				<timestamp>2663.336046</timestamp>
			</report>
			<report>
				<misses>8601001</misses>
				<total>35</total>
				<timestamp>2663.645719</timestamp>
			</report>
			<report>
				<misses>8602001</misses>
				<total>35</total>
				<timestamp>2663.955396</timestamp>
			</report>
			<report>
				<misses>8603001</misses>
				<total>35</total>
				<timestamp>2664.265126</timestamp>
			</report>
			<report>
				<misses>8604001</misses>
				<total>35</total>
				<timestamp>2664.574804</timestamp>
			</report>
			<report>
				<misses>8605001</misses>
				<total>35</total>
				<timestamp>2664.884531</timestamp>
			</report>
			<report>
				<misses>8606001</misses>
				<total>35</total>
				<timestamp>2665.194177</timestamp>
			</report>
			<report>
				<misses>8607001</misses>
				<total>35</total>
				<timestamp>2665.503854</timestamp>
			</report>
			<report>
				<misses>8608001</misses>
				<total>35</total>
				<timestamp>2665.813553</timestamp>
			</report>
			<report>
				<misses>8609001</misses>
				<total>35</total>
				<timestamp>2666.123242</timestamp>
			</report>
			<report>
				<misses>8610001</misses>
				<total>35</total>
				<timestamp>2666.432996</timestamp>
			</report>
			<report>
				<misses>8611001</misses>
				<total>35</total>
				<timestamp>2666.742606</timestamp>
			</report>
			<report>
				<misses>8612001</misses>
				<total>35</total>
				<timestamp>2667.052359</timestamp>
			</report>
			<report>
				<misses>8613001</misses>
				<total>35</total>
				<timestamp>2667.362024</timestamp>
			</report>
			<report>
				<misses>8614001</misses>
				<total>35</total>
				<timestamp>2667.671727</timestamp>
			</report>
			<report>
				<misses>8615001</misses>
				<total>35</total>
				<timestamp>2667.981463</timestamp>
			</report>
			<report>
				<misses>8616001</misses>
				<total>35</total>
				<timestamp>2668.291093</timestamp>
			</report>
			<report>
				<misses>8617001</misses>
				<total>35</total>
				<timestamp>2668.600753</timestamp>
			</report>
			<report>
				<misses>8618001</misses>
				<total>35</total>
				<timestamp>2668.910499</timestamp>
			</report>
			<report>
				<misses>8619001</misses>
				<total>35</total>
				<timestamp>2669.220160</timestamp>
			</report>
			<report>
				<misses>8620001</misses>
				<total>35</total>
				<timestamp>2669.529831</timestamp>
			</report>
			<report>
				<misses>8621001</misses>
				<total>35</total>
				<timestamp>2669.839542</timestamp>
			</report>
			<report>
				<misses>8622001</misses>
				<total>35</total>
				<timestamp>2670.149245</timestamp>
			</report>
			<report>
				<misses>8623001</misses>
				<total>35</total>
				<timestamp>2670.458917</timestamp>
			</report>
			<report>
				<misses>8624001</misses>
				<total>35</total>
				<timestamp>2670.768605</timestamp>
			</report>
			<report>
				<misses>8625001</misses>
				<total>35</total>
				<timestamp>2671.078288</timestamp>
			</report>
			<report>
				<misses>8626001</misses>
				<total>35</total>
				<timestamp>2671.387998</timestamp>
			</report>
			<report>
				<misses>8627001</misses>
				<total>35</total>
				<timestamp>2671.697682</timestamp>
			</report>
			<report>
				<misses>8628001</misses>
				<total>35</total>
				<timestamp>2672.007359</timestamp>
			</report>
			<report>
				<misses>8629001</misses>
				<total>35</total>
				<timestamp>2672.317079</timestamp>
			</report>
			<report>
				<misses>8630001</misses>
				<total>35</total>
				<timestamp>2672.626748</timestamp>
			</report>
			<report>
				<misses>8631001</misses>
				<total>35</total>
				<timestamp>2672.936438</timestamp>
			</report>
			<report>
				<misses>8632001</misses>
				<total>35</total>
				<timestamp>2673.246125</timestamp>
			</report>
			<report>
				<misses>8633001</misses>
				<total>35</total>
				<timestamp>2673.555801</timestamp>
			</report>
			<report>
				<misses>8634001</misses>
				<total>35</total>
				<timestamp>2673.865494</timestamp>
			</report>
			<report>
				<misses>8635001</misses>
				<total>35</total>
				<timestamp>2674.175184</timestamp>
			</report>
			<report>
				<misses>8636001</misses>
				<total>35</total>
				<timestamp>2674.484901</timestamp>
			</report>
			<report>
				<misses>8637001</misses>
				<total>35</total>
				<timestamp>2674.794603</timestamp>
			</report>
			<report>
				<misses>8638001</misses>
				<total>35</total>
				<timestamp>2675.104269</timestamp>
			</report>
			<report>
				<misses>8639001</misses>
				<total>35</total>
				<timestamp>2675.413944</timestamp>
			</report>
			<report>
				<misses>8640001</misses>
				<total>35</total>
				<timestamp>2675.723632</timestamp>
			</report>
			<report>
				<misses>8641001</misses>
				<total>35</total>
				<timestamp>2676.033347</timestamp>
			</report>
			<report>
				<misses>8642001</misses>
				<total>35</total>
				<timestamp>2676.343022</timestamp>
			</report>
			<report>
				<misses>8643001</misses>
				<total>35</total>
				<timestamp>2676.652738</timestamp>
			</report>
			<report>
				<misses>8644001</misses>
				<total>35</total>
				<timestamp>2676.962390</timestamp>
			</report>
			<report>
				<misses>8645001</misses>
				<total>35</total>
				<timestamp>2677.272127</timestamp>
			</report>
			<report>
				<misses>8646001</misses>
				<total>35</total>
				<timestamp>2677.581792</timestamp>
			</report>
			<report>
				<misses>8647001</misses>
				<total>35</total>
				<timestamp>2677.891477</timestamp>
			</report>
			<report>
				<misses>8648001</misses>
				<total>35</total>
				<timestamp>2678.201171</timestamp>
			</report>
			<report>
				<misses>8649001</misses>
				<total>35</total>
				<timestamp>2678.510867</timestamp>
			</report>
			<report>
				<misses>8650001</misses>
				<total>35</total>
				<timestamp>2678.820553</timestamp>
			</report>
			<report>
				<misses>8651001</misses>
				<total>35</total>
				<timestamp>2679.130234</timestamp>
			</report>
			<report>
				<misses>8652001</misses>
				<total>35</total>
				<timestamp>2679.439974</timestamp>
			</report>
			<report>
				<misses>8653001</misses>
				<total>35</total>
				<timestamp>2679.749650</timestamp>
			</report>
			<report>
				<misses>8654001</misses>
				<total>35</total>
				<timestamp>2680.059275</timestamp>
			</report>
			<report>
				<misses>8655001</misses>
				<total>35</total>
				<timestamp>2680.368994</timestamp>
			</report>
			<report>
				<misses>8656001</misses>
				<total>35</total>
				<timestamp>2680.678696</timestamp>
			</report>
			<report>
				<misses>8657001</misses>
				<total>35</total>
				<timestamp>2680.988349</timestamp>
			</report>
			<report>
				<misses>8658001</misses>
				<total>35</total>
				<timestamp>2681.298078</timestamp>
			</report>
			<report>
				<misses>8659001</misses>
				<total>35</total>
				<timestamp>2681.607787</timestamp>
			</report>
			<report>
				<misses>8660001</misses>
				<total>35</total>
				<timestamp>2681.917464</timestamp>
			</report>
			<report>
				<misses>8661001</misses>
				<total>35</total>
				<timestamp>2682.227144</timestamp>
			</report>
			<report>
				<misses>8662001</misses>
				<total>35</total>
				<timestamp>2682.536836</timestamp>
			</report>
			<report>
				<misses>8663001</misses>
				<total>35</total>
				<timestamp>2682.846527</timestamp>
			</report>
			<report>
				<misses>8664001</misses>
				<total>35</total>
				<timestamp>2683.156203</timestamp>
			</report>
			<report>
				<misses>8665001</misses>
				<total>35</total>
				<timestamp>2683.465927</timestamp>
			</report>
			<report>
				<misses>8666001</misses>
				<total>35</total>
				<timestamp>2683.775575</timestamp>
			</report>
			<report>
				<misses>8667001</misses>
				<total>35</total>
				<timestamp>2684.085257</timestamp>
			</report>
			<report>
				<misses>8668001</misses>
				<total>35</total>
				<timestamp>2684.394947</timestamp>
			</report>
			<report>
				<misses>8669001</misses>
				<total>35</total>
				<timestamp>2684.704659</timestamp>
			</report>
			<report>
				<misses>8670001</misses>
				<total>35</total>
				<timestamp>2685.014320</timestamp>
			</report>
			<report>
				<misses>8671001</misses>
				<total>35</total>
				<timestamp>2685.324074</timestamp>
			</report>
			<report>
				<misses>8672001</misses>
				<total>35</total>
				<timestamp>2685.633720</timestamp>
			</report>
			<report>
				<misses>8673001</misses>
				<total>35</total>
				<timestamp>2685.943407</timestamp>
			</report>
			<report>
				<misses>8674001</misses>
				<total>35</total>
				<timestamp>2686.253139</timestamp>
			</report>
			<report>
				<misses>8675001</misses>
				<total>35</total>
				<timestamp>2686.562778</timestamp>
			</report>
			<report>
				<misses>8676001</misses>
				<total>35</total>
				<timestamp>2686.872482</timestamp>
			</report>
			<report>
				<misses>8677001</misses>
				<total>35</total>
				<timestamp>2687.182194</timestamp>
			</report>
			<report>
				<misses>8678001</misses>
				<total>35</total>
				<timestamp>2687.491859</timestamp>
			</report>
			<report>
				<misses>8679001</misses>
				<total>35</total>
				<timestamp>2687.801538</timestamp>
			</report>
			<report>
				<misses>8680001</misses>
				<total>35</total>
				<timestamp>2688.111251</timestamp>
			</report>
			<report>
				<misses>8681001</misses>
				<total>35</total>
				<timestamp>2688.420947</timestamp>
			</report>
			<report>
				<misses>8682001</misses>
				<total>35</total>
				<timestamp>2688.730646</timestamp>
			</report>
			<report>
				<misses>8683001</misses>
				<total>35</total>
				<timestamp>2689.040315</timestamp>
			</report>
			<report>
				<misses>8684001</misses>
				<total>35</total>
				<timestamp>2689.350014</timestamp>
			</report>
			<report>
				<misses>8685001</misses>
				<total>35</total>
				<timestamp>2689.659717</timestamp>
			</report>
			<report>
				<misses>8686001</misses>
				<total>35</total>
				<timestamp>2689.969376</timestamp>
			</report>
			<report>
				<misses>8687001</misses>
				<total>35</total>
				<timestamp>2690.279076</timestamp>
			</report>
			<report>
				<misses>8688001</misses>
				<total>35</total>
				<timestamp>2690.588789</timestamp>
			</report>
			<report>
				<misses>8689001</misses>
				<total>35</total>
				<timestamp>2690.898442</timestamp>
			</report>
			<report>
				<misses>8690001</misses>
				<total>35</total>
				<timestamp>2691.208136</timestamp>
			</report>
			<report>
				<misses>8691001</misses>
				<total>35</total>
				<timestamp>2691.517853</timestamp>
			</report>
			<report>
				<misses>8692001</misses>
				<total>35</total>
				<timestamp>2691.827546</timestamp>
			</report>
			<report>
				<misses>8693001</misses>
				<total>35</total>
				<timestamp>2692.137230</timestamp>
			</report>
			<report>
				<misses>8694001</misses>
				<total>35</total>
				<timestamp>2692.446917</timestamp>
			</report>
			<report>
				<misses>8695001</misses>
				<total>35</total>
				<timestamp>2692.756594</timestamp>
			</report>
			<report>
				<misses>8696001</misses>
				<total>35</total>
				<timestamp>2693.066264</timestamp>
			</report>
			<report>
				<misses>8697001</misses>
				<total>35</total>
				<timestamp>2693.375989</timestamp>
			</report>
			<report>
				<misses>8698001</misses>
				<total>35</total>
				<timestamp>2693.685659</timestamp>
			</report>
			<report>
				<misses>8699001</misses>
				<total>35</total>
				<timestamp>2693.995350</timestamp>
			</report>
			<report>
				<misses>8700001</misses>
				<total>35</total>
				<timestamp>2694.305030</timestamp>
			</report>
			<report>
				<misses>8701001</misses>
				<total>35</total>
				<timestamp>2694.614748</timestamp>
			</report>
			<report>
				<misses>8702001</misses>
				<total>35</total>
				<timestamp>2694.924433</timestamp>
			</report>
			<report>
				<misses>8703001</misses>
				<total>35</total>
				<timestamp>2695.234191</timestamp>
			</report>
			<report>
				<misses>8704001</misses>
				<total>35</total>
				<timestamp>2695.543838</timestamp>
			</report>
			<report>
				<misses>8705001</misses>
				<total>35</total>
				<timestamp>2695.853511</timestamp>
			</report>
			<report>
				<misses>8706001</misses>
				<total>35</total>
				<timestamp>2696.163163</timestamp>
			</report>
			<report>
				<misses>8707001</misses>
				<total>35</total>
				<timestamp>2696.472869</timestamp>
			</report>
			<report>
				<misses>8708001</misses>
				<total>35</total>
				<timestamp>2696.782564</timestamp>
			</report>
			<report>
				<misses>8709001</misses>
				<total>35</total>
				<timestamp>2697.092234</timestamp>
			</report>
			<report>
				<misses>8710001</misses>
				<total>35</total>
				<timestamp>2697.401981</timestamp>
			</report>
			<report>
				<misses>8711001</misses>
				<total>35</total>
				<timestamp>2697.711661</timestamp>
			</report>
			<report>
				<misses>8712001</misses>
				<total>35</total>
				<timestamp>2698.021327</timestamp>
			</report>
			<report>
				<misses>8713001</misses>
				<total>35</total>
				<timestamp>2698.331025</timestamp>
			</report>
			<report>
				<misses>8714001</misses>
				<total>35</total>
				<timestamp>2698.640729</timestamp>
			</report>
			<report>
				<misses>8715001</misses>
				<total>35</total>
				<timestamp>2698.950386</timestamp>
			</report>
			<report>
				<misses>8716001</misses>
				<total>35</total>
				<timestamp>2699.260078</timestamp>
			</report>
			<report>
				<misses>8717001</misses>
				<total>35</total>
				<timestamp>2699.569786</timestamp>
			</report>
			<report>
				<misses>8718001</misses>
				<total>35</total>
				<timestamp>2699.879476</timestamp>
			</report>
			<report>
				<misses>8719001</misses>
				<total>35</total>
				<timestamp>2700.189132</timestamp>
			</report>
			<report>
				<misses>8720001</misses>
				<total>35</total>
				<timestamp>2700.498829</timestamp>
			</report>
			<report>
				<misses>8721001</misses>
				<total>35</total>
				<timestamp>2700.808535</timestamp>
			</report>
			<report>
				<misses>8722001</misses>
				<total>35</total>
				<timestamp>2701.118226</timestamp>
			</report>
			<report>
				<misses>8723001</misses>
				<total>35</total>
				<timestamp>2701.427954</timestamp>
			</report>
			<report>
				<misses>8724001</misses>
				<total>35</total>
				<timestamp>2701.737636</timestamp>
			</report>
			<report>
				<misses>8725001</misses>
				<total>35</total>
				<timestamp>2702.047276</timestamp>
			</report>
			<report>
				<misses>8726001</misses>
				<total>35</total>
				<timestamp>2702.356980</timestamp>
			</report>
			<report>
				<misses>8727001</misses>
				<total>35</total>
				<timestamp>2702.666664</timestamp>
			</report>
			<report>
				<misses>8728001</misses>
				<total>35</total>
				<timestamp>2702.976357</timestamp>
			</report>
			<report>
				<misses>8729001</misses>
				<total>35</total>
				<timestamp>2703.286044</timestamp>
			</report>
			<report>
				<misses>8730001</misses>
				<total>35</total>
				<timestamp>2703.595802</timestamp>
			</report>
			<report>
				<misses>8731001</misses>
				<total>35</total>
				<timestamp>2703.905428</timestamp>
			</report>
			<report>
				<misses>8732001</misses>
				<total>35</total>
				<timestamp>2704.215128</timestamp>
			</report>
			<report>
				<misses>8733001</misses>
				<total>35</total>
				<timestamp>2704.524825</timestamp>
			</report>
			<report>
				<misses>8734001</misses>
				<total>35</total>
				<timestamp>2704.834498</timestamp>
			</report>
			<report>
				<misses>8735001</misses>
				<total>35</total>
				<timestamp>2705.144168</timestamp>
			</report>
			<report>
				<misses>8736001</misses>
				<total>35</total>
				<timestamp>2705.453897</timestamp>
			</report>
			<report>
				<misses>8737001</misses>
				<total>35</total>
				<timestamp>2705.763549</timestamp>
			</report>
			<report>
				<misses>8738001</misses>
				<total>35</total>
				<timestamp>2706.073254</timestamp>
			</report>
			<report>
				<misses>8739001</misses>
				<total>35</total>
				<timestamp>2706.382928</timestamp>
			</report>
			<report>
				<misses>8740001</misses>
				<total>35</total>
				<timestamp>2706.692674</timestamp>
			</report>
			<report>
				<misses>8741001</misses>
				<total>35</total>
				<timestamp>2707.002328</timestamp>
			</report>
			<report>
				<misses>8742001</misses>
				<total>35</total>
				<timestamp>2707.312015</timestamp>
			</report>
			<report>
				<misses>8743001</misses>
				<total>35</total>
				<timestamp>2707.621753</timestamp>
			</report>
			<report>
				<misses>8744001</misses>
				<total>35</total>
				<timestamp>2707.931403</timestamp>
			</report>
			<report>
				<misses>8745001</misses>
				<total>35</total>
				<timestamp>2708.241072</timestamp>
			</report>
			<report>
				<misses>8746001</misses>
				<total>35</total>
				<timestamp>2708.550815</timestamp>
			</report>
			<report>
				<misses>8747001</misses>
				<total>35</total>
				<timestamp>2708.860480</timestamp>
			</report>
			<report>
				<misses>8748001</misses>
				<total>35</total>
				<timestamp>2709.170137</timestamp>
			</report>
			<report>
				<misses>8749001</misses>
				<total>35</total>
				<timestamp>2709.479866</timestamp>
			</report>
			<report>
				<misses>8750001</misses>
				<total>35</total>
				<timestamp>2709.789553</timestamp>
			</report>
			<report>
				<misses>8751001</misses>
				<total>35</total>
				<timestamp>2710.099212</timestamp>
			</report>
			<report>
				<misses>8752001</misses>
				<total>35</total>
				<timestamp>2710.408915</timestamp>
			</report>
			<report>
				<misses>8753001</misses>
				<total>35</total>
				<timestamp>2710.718621</timestamp>
			</report>
			<report>
				<misses>8754001</misses>
				<total>35</total>
				<timestamp>2711.028289</timestamp>
			</report>
			<report>
				<misses>8755001</misses>
				<total>35</total>
				<timestamp>2711.337987</timestamp>
			</report>
			<report>
				<misses>8756001</misses>
				<total>35</total>
				<timestamp>2711.647785</timestamp>
			</report>
			<report>
				<misses>8757001</misses>
				<total>35</total>
				<timestamp>2711.957356</timestamp>
			</report>
			<report>
				<misses>8758001</misses>
				<total>35</total>
				<timestamp>2712.267043</timestamp>
			</report>
			<report>
				<misses>8759001</misses>
				<total>35</total>
				<timestamp>2712.576780</timestamp>
			</report>
			<report>
				<misses>8760001</misses>
				<total>35</total>
				<timestamp>2712.886431</timestamp>
			</report>
			<report>
				<misses>8761001</misses>
				<total>35</total>
				<timestamp>2713.196133</timestamp>
			</report>
			<report>
				<misses>8762001</misses>
				<total>35</total>
				<timestamp>2713.505847</timestamp>
			</report>
			<report>
				<misses>8763001</misses>
				<total>35</total>
				<timestamp>2713.815575</timestamp>
			</report>
			<report>
				<misses>8764001</misses>
				<total>35</total>
				<timestamp>2714.125200</timestamp>
			</report>
			<report>
				<misses>8765001</misses>
				<total>35</total>
				<timestamp>2714.434892</timestamp>
			</report>
			<report>
				<misses>8766001</misses>
				<total>35</total>
				<timestamp>2714.744622</timestamp>
			</report>
			<report>
				<misses>8767001</misses>
				<total>35</total>
				<timestamp>2715.054271</timestamp>
			</report>
			<report>
				<misses>8768001</misses>
				<total>35</total>
				<timestamp>2715.363956</timestamp>
			</report>
			<report>
				<misses>8769001</misses>
				<total>35</total>
				<timestamp>2715.673707</timestamp>
			</report>
			<report>
				<misses>8770001</misses>
				<total>35</total>
				<timestamp>2715.983386</timestamp>
			</report>
			<report>
				<misses>8771001</misses>
				<total>35</total>
				<timestamp>2716.293020</timestamp>
			</report>
			<report>
				<misses>8772001</misses>
				<total>35</total>
				<timestamp>2716.602757</timestamp>
			</report>
			<report>
				<misses>8773001</misses>
				<total>35</total>
				<timestamp>2716.912415</timestamp>
			</report>
			<report>
				<misses>8774001</misses>
				<total>35</total>
				<timestamp>2717.222102</timestamp>
			</report>
			<report>
				<misses>8775001</misses>
				<total>35</total>
				<timestamp>2717.531772</timestamp>
			</report>
			<report>
				<misses>8776001</misses>
				<total>35</total>
				<timestamp>2717.841491</timestamp>
			</report>
			<report>
				<misses>8777001</misses>
				<total>35</total>
				<timestamp>2718.151190</timestamp>
			</report>
			<report>
				<misses>8778001</misses>
				<total>35</total>
				<timestamp>2718.460861</timestamp>
			</report>
			<report>
				<misses>8779001</misses>
				<total>35</total>
				<timestamp>2718.770574</timestamp>
			</report>
			<report>
				<misses>8780001</misses>
				<total>35</total>
				<timestamp>2719.080239</timestamp>
			</report>
			<report>
				<misses>8781001</misses>
				<total>35</total>
				<timestamp>2719.389925</timestamp>
			</report>
			<report>
				<misses>8782001</misses>
				<total>35</total>
				<timestamp>2719.699682</timestamp>
			</report>
			<report>
				<misses>8783001</misses>
				<total>35</total>
				<timestamp>2720.009297</timestamp>
			</report>
			<report>
				<misses>8784001</misses>
				<total>35</total>
				<timestamp>2720.318987</timestamp>
			</report>
			<report>
				<misses>8785001</misses>
				<total>35</total>
				<timestamp>2720.628691</timestamp>
			</report>
			<report>
				<misses>8786001</misses>
				<total>35</total>
				<timestamp>2720.938370</timestamp>
			</report>
			<report>
				<misses>8787001</misses>
				<total>35</total>
				<timestamp>2721.248067</timestamp>
			</report>
			<report>
				<misses>8788001</misses>
				<total>35</total>
				<timestamp>2721.557794</timestamp>
			</report>
			<report>
				<misses>8789001</misses>
				<total>35</total>
				<timestamp>2721.867474</timestamp>
			</report>
			<report>
				<misses>8790001</misses>
				<total>35</total>
				<timestamp>2722.177141</timestamp>
			</report>
			<report>
				<misses>8791001</misses>
				<total>35</total>
				<timestamp>2722.486838</timestamp>
			</report>
			<report>
				<misses>8792001</misses>
				<total>35</total>
				<timestamp>2722.796536</timestamp>
			</report>
			<report>
				<misses>8793001</misses>
				<total>35</total>
				<timestamp>2723.106225</timestamp>
			</report>
			<report>
				<misses>8794001</misses>
				<total>35</total>
				<timestamp>2723.415909</timestamp>
			</report>
			<report>
				<misses>8795001</misses>
				<total>35</total>
				<timestamp>2723.725631</timestamp>
			</report>
			<report>
				<misses>8796001</misses>
				<total>35</total>
				<timestamp>2724.035336</timestamp>
			</report>
			<report>
				<misses>8797001</misses>
				<total>35</total>
				<timestamp>2724.344979</timestamp>
			</report>
			<report>
				<misses>8798001</misses>
				<total>35</total>
				<timestamp>2724.654675</timestamp>
			</report>
			<report>
				<misses>8799001</misses>
				<total>35</total>
				<timestamp>2724.964348</timestamp>
			</report>
			<report>
				<misses>8800001</misses>
				<total>35</total>
				<timestamp>2725.274044</timestamp>
			</report>
			<report>
				<misses>8801001</misses>
				<total>35</total>
				<timestamp>2725.583752</timestamp>
			</report>
			<report>
				<misses>8802001</misses>
				<total>35</total>
				<timestamp>2725.893440</timestamp>
			</report>
			<report>
				<misses>8803001</misses>
				<total>35</total>
				<timestamp>2726.203112</timestamp>
			</report>
			<report>
				<misses>8804001</misses>
				<total>35</total>
				<timestamp>2726.512790</timestamp>
			</report>
			<report>
				<misses>8805001</misses>
				<total>35</total>
				<timestamp>2726.822537</timestamp>
			</report>
			<report>
				<misses>8806001</misses>
				<total>35</total>
				<timestamp>2727.132184</timestamp>
			</report>
			<report>
				<misses>8807001</misses>
				<total>35</total>
				<timestamp>2727.441864</timestamp>
			</report>
			<report>
				<misses>8808001</misses>
				<total>35</total>
				<timestamp>2727.751650</timestamp>
			</report>
			<report>
				<misses>8809001</misses>
				<total>35</total>
				<timestamp>2728.061249</timestamp>
			</report>
			<report>
				<misses>8810001</misses>
				<total>35</total>
				<timestamp>2728.370935</timestamp>
			</report>
			<report>
				<misses>8811001</misses>
				<total>35</total>
				<timestamp>2728.680651</timestamp>
			</report>
			<report>
				<misses>8812001</misses>
				<total>35</total>
				<timestamp>2728.990315</timestamp>
			</report>
			<report>
				<misses>8813001</misses>
				<total>35</total>
				<timestamp>2729.299999</timestamp>
			</report>
			<report>
				<misses>8814001</misses>
				<total>35</total>
				<timestamp>2729.609702</timestamp>
			</report>
			<report>
				<misses>8815001</misses>
				<total>35</total>
				<timestamp>2729.919394</timestamp>
			</report>
			<report>
				<misses>8816001</misses>
				<total>35</total>
				<timestamp>2730.229075</timestamp>
			</report>
			<report>
				<misses>8817001</misses>
				<total>35</total>
				<timestamp>2730.538764</timestamp>
			</report>
			<report>
				<misses>8818001</misses>
				<total>35</total>
				<timestamp>2730.848460</timestamp>
			</report>
			<report>
				<misses>8819001</misses>
				<total>35</total>
				<timestamp>2731.158150</timestamp>
			</report>
			<report>
				<misses>8820001</misses>
				<total>35</total>
				<timestamp>2731.467836</timestamp>
			</report>
			<report>
				<misses>8821001</misses>
				<total>35</total>
				<timestamp>2731.777584</timestamp>
			</report>
			<report>
				<misses>8822001</misses>
				<total>35</total>
				<timestamp>2732.087208</timestamp>
			</report>
			<report>
				<misses>8823001</misses>
				<total>35</total>
				<timestamp>2732.396901</timestamp>
			</report>
			<report>
				<misses>8824001</misses>
				<total>35</total>
				<timestamp>2732.706624</timestamp>
			</report>
			<report>
				<misses>8825001</misses>
				<total>35</total>
				<timestamp>2733.016286</timestamp>
			</report>
			<report>
				<misses>8826001</misses>
				<total>35</total>
				<timestamp>2733.325986</timestamp>
			</report>
			<report>
				<misses>8827001</misses>
				<total>35</total>
				<timestamp>2733.635660</timestamp>
			</report>
			<report>
				<misses>8828001</misses>
				<total>35</total>
				<timestamp>2733.945355</timestamp>
			</report>
			<report>
				<misses>8829001</misses>
				<total>35</total>
				<timestamp>2734.255049</timestamp>
			</report>
			<report>
				<misses>8830001</misses>
				<total>35</total>
				<timestamp>2734.564757</timestamp>
			</report>
			<report>
				<misses>8831001</misses>
				<total>35</total>
				<timestamp>2734.874449</timestamp>
			</report>
			<report>
				<misses>8832001</misses>
				<total>35</total>
				<timestamp>2735.184127</timestamp>
			</report>
			<report>
				<misses>8833001</misses>
				<total>35</total>
				<timestamp>2735.493823</timestamp>
			</report>
			<report>
				<misses>8834001</misses>
				<total>35</total>
				<timestamp>2735.803558</timestamp>
			</report>
			<report>
				<misses>8835001</misses>
				<total>35</total>
				<timestamp>2736.113185</timestamp>
			</report>
			<report>
				<misses>8836001</misses>
				<total>35</total>
				<timestamp>2736.422883</timestamp>
			</report>
			<report>
				<misses>8837001</misses>
				<total>35</total>
				<timestamp>2736.732592</timestamp>
			</report>
			<report>
				<misses>8838001</misses>
				<total>35</total>
				<timestamp>2737.042254</timestamp>
			</report>
			<report>
				<misses>8839001</misses>
				<total>35</total>
				<timestamp>2737.351930</timestamp>
			</report>
			<report>
				<misses>8840001</misses>
				<total>35</total>
				<timestamp>2737.661675</timestamp>
			</report>
			<report>
				<misses>8841001</misses>
				<total>35</total>
				<timestamp>2737.971337</timestamp>
			</report>
			<report>
				<misses>8842001</misses>
				<total>35</total>
				<timestamp>2738.281027</timestamp>
			</report>
			<report>
				<misses>8843001</misses>
				<total>35</total>
				<timestamp>2738.590730</timestamp>
			</report>
			<report>
				<misses>8844001</misses>
				<total>35</total>
				<timestamp>2738.900435</timestamp>
			</report>
			<report>
				<misses>8845001</misses>
				<total>35</total>
				<timestamp>2739.210105</timestamp>
			</report>
			<report>
				<misses>8846001</misses>
				<total>35</total>
				<timestamp>2739.519803</timestamp>
			</report>
			<report>
				<misses>8847001</misses>
				<total>35</total>
				<timestamp>2739.829480</timestamp>
			</report>
			<report>
				<misses>8848001</misses>
				<total>35</total>
				<timestamp>2740.139154</timestamp>
			</report>
			<report>
				<misses>8849001</misses>
				<total>35</total>
				<timestamp>2740.448848</timestamp>
			</report>
			<report>
				<misses>8850001</misses>
				<total>35</total>
				<timestamp>2740.758573</timestamp>
			</report>
			<report>
				<misses>8851001</misses>
				<total>35</total>
				<timestamp>2741.068230</timestamp>
			</report>
			<report>
				<misses>8852001</misses>
				<total>35</total>
				<timestamp>2741.377904</timestamp>
			</report>
			<report>
				<misses>8853001</misses>
				<total>35</total>
				<timestamp>2741.687629</timestamp>
			</report>
			<report>
				<misses>8854001</misses>
				<total>35</total>
				<timestamp>2741.997297</timestamp>
			</report>
			<report>
				<misses>8855001</misses>
				<total>35</total>
				<timestamp>2742.306998</timestamp>
			</report>
			<report>
				<misses>8856001</misses>
				<total>35</total>
				<timestamp>2742.616699</timestamp>
			</report>
			<report>
				<misses>8857001</misses>
				<total>35</total>
				<timestamp>2742.926398</timestamp>
			</report>
			<report>
				<misses>8858001</misses>
				<total>35</total>
				<timestamp>2743.236080</timestamp>
			</report>
			<report>
				<misses>8859001</misses>
				<total>35</total>
				<timestamp>2743.545744</timestamp>
			</report>
			<report>
				<misses>8860001</misses>
				<total>35</total>
				<timestamp>2743.855477</timestamp>
			</report>
			<report>
				<misses>8861001</misses>
				<total>35</total>
				<timestamp>2744.165127</timestamp>
			</report>
			<report>
				<misses>8862001</misses>
				<total>35</total>
				<timestamp>2744.474812</timestamp>
			</report>
			<report>
				<misses>8863001</misses>
				<total>35</total>
				<timestamp>2744.784564</timestamp>
			</report>
			<report>
				<misses>8864001</misses>
				<total>35</total>
				<timestamp>2745.094210</timestamp>
			</report>
			<report>
				<misses>8865001</misses>
				<total>35</total>
				<timestamp>2745.403890</timestamp>
			</report>
			<report>
				<misses>8866001</misses>
				<total>35</total>
				<timestamp>2745.713586</timestamp>
			</report>
			<report>
				<misses>8867001</misses>
				<total>35</total>
				<timestamp>2746.023268</timestamp>
			</report>
			<report>
				<misses>8868001</misses>
				<total>35</total>
				<timestamp>2746.332945</timestamp>
			</report>
			<report>
				<misses>8869001</misses>
				<total>35</total>
				<timestamp>2746.642702</timestamp>
			</report>
			<report>
				<misses>8870001</misses>
				<total>35</total>
				<timestamp>2746.952330</timestamp>
			</report>
			<report>
				<misses>8871001</misses>
				<total>35</total>
				<timestamp>2747.262031</timestamp>
			</report>
			<report>
				<misses>8872001</misses>
				<total>35</total>
				<timestamp>2747.571704</timestamp>
			</report>
			<report>
				<misses>8873001</misses>
				<total>35</total>
				<timestamp>2747.881415</timestamp>
			</report>
			<report>
				<misses>8874001</misses>
				<total>35</total>
				<timestamp>2748.191096</timestamp>
			</report>
			<report>
				<misses>8875001</misses>
				<total>35</total>
				<timestamp>2748.500782</timestamp>
			</report>
			<report>
				<misses>8876001</misses>
				<total>35</total>
				<timestamp>2748.810532</timestamp>
			</report>
			<report>
				<misses>8877001</misses>
				<total>35</total>
				<timestamp>2749.120165</timestamp>
			</report>
			<report>
				<misses>8878001</misses>
				<total>35</total>
				<timestamp>2749.429847</timestamp>
			</report>
			<report>
				<misses>8879001</misses>
				<total>35</total>
				<timestamp>2749.739567</timestamp>
			</report>
			<report>
				<misses>8880001</misses>
				<total>35</total>
				<timestamp>2750.049224</timestamp>
			</report>
			<report>
				<misses>8881001</misses>
				<total>35</total>
				<timestamp>2750.358940</timestamp>
			</report>
			<report>
				<misses>8882001</misses>
				<total>35</total>
				<timestamp>2750.668650</timestamp>
			</report>
			<report>
				<misses>8883001</misses>
				<total>35</total>
				<timestamp>2750.978308</timestamp>
			</report>
			<report>
				<misses>8884001</misses>
				<total>35</total>
				<timestamp>2751.287982</timestamp>
			</report>
			<report>
				<misses>8885001</misses>
				<total>35</total>
				<timestamp>2751.597670</timestamp>
			</report>
			<report>
				<misses>8886001</misses>
				<total>35</total>
				<timestamp>2751.907375</timestamp>
			</report>
			<report>
				<misses>8887001</misses>
				<total>35</total>
				<timestamp>2752.217091</timestamp>
			</report>
			<report>
				<misses>8888001</misses>
				<total>35</total>
				<timestamp>2752.526788</timestamp>
			</report>
			<report>
				<misses>8889001</misses>
				<total>35</total>
				<timestamp>2752.836487</timestamp>
			</report>
			<report>
				<misses>8890001</misses>
				<total>35</total>
				<timestamp>2753.146127</timestamp>
			</report>
			<report>
				<misses>8891001</misses>
				<total>35</total>
				<timestamp>2753.455829</timestamp>
			</report>
			<report>
				<misses>8892001</misses>
				<total>35</total>
				<timestamp>2753.765536</timestamp>
			</report>
			<report>
				<misses>8893001</misses>
				<total>35</total>
				<timestamp>2754.075261</timestamp>
			</report>
			<report>
				<misses>8894001</misses>
				<total>35</total>
				<timestamp>2754.384913</timestamp>
			</report>
			<report>
				<misses>8895001</misses>
				<total>35</total>
				<timestamp>2754.694623</timestamp>
			</report>
			<report>
				<misses>8896001</misses>
				<total>35</total>
				<timestamp>2755.004275</timestamp>
			</report>
			<report>
				<misses>8897001</misses>
				<total>35</total>
				<timestamp>2755.313951</timestamp>
			</report>
			<report>
				<misses>8898001</misses>
				<total>35</total>
				<timestamp>2755.623645</timestamp>
			</report>
			<report>
				<misses>8899001</misses>
				<total>35</total>
				<timestamp>2755.933347</timestamp>
			</report>
			<report>
				<misses>8900001</misses>
				<total>35</total>
				<timestamp>2756.243088</timestamp>
			</report>
			<report>
				<misses>8901001</misses>
				<total>35</total>
				<timestamp>2756.552714</timestamp>
			</report>
			<report>
				<misses>8902001</misses>
				<total>35</total>
				<timestamp>2756.862422</timestamp>
			</report>
			<report>
				<misses>8903001</misses>
				<total>35</total>
				<timestamp>2757.172139</timestamp>
			</report>
			<report>
				<misses>8904001</misses>
				<total>35</total>
				<timestamp>2757.481776</timestamp>
			</report>
			<report>
				<misses>8905001</misses>
				<total>35</total>
				<timestamp>2757.791501</timestamp>
			</report>
			<report>
				<misses>8906001</misses>
				<total>35</total>
				<timestamp>2758.101152</timestamp>
			</report>
			<report>
				<misses>8907001</misses>
				<total>35</total>
				<timestamp>2758.410894</timestamp>
			</report>
			<report>
				<misses>8908001</misses>
				<total>35</total>
				<timestamp>2758.720565</timestamp>
			</report>
			<report>
				<misses>8909001</misses>
				<total>35</total>
				<timestamp>2759.030240</timestamp>
			</report>
			<report>
				<misses>8910001</misses>
				<total>35</total>
				<timestamp>2759.339933</timestamp>
			</report>
			<report>
				<misses>8911001</misses>
				<total>35</total>
				<timestamp>2759.649656</timestamp>
			</report>
			<report>
				<misses>8912001</misses>
				<total>35</total>
				<timestamp>2759.959348</timestamp>
			</report>
			<report>
				<misses>8913001</misses>
				<total>35</total>
				<timestamp>2760.268997</timestamp>
			</report>
			<report>
				<misses>8914001</misses>
				<total>35</total>
				<timestamp>2760.578673</timestamp>
			</report>
			<report>
				<misses>8915001</misses>
				<total>35</total>
				<timestamp>2760.888416</timestamp>
			</report>
			<report>
				<misses>8916001</misses>
				<total>35</total>
				<timestamp>2761.198099</timestamp>
			</report>
			<report>
				<misses>8917001</misses>
				<total>36</total>
				<timestamp>2761.507749</timestamp>
			</report>
			<report>
				<misses>8918001</misses>
				<total>36</total>
				<timestamp>2761.817501</timestamp>
			</report>
			<report>
				<misses>8919001</misses>
				<total>36</total>
				<timestamp>2762.127153</timestamp>
			</report>
			<report>
				<misses>8920001</misses>
				<total>36</total>
				<timestamp>2762.436828</timestamp>
			</report>
			<report>
				<misses>8921001</misses>
				<total>36</total>
				<timestamp>2762.746547</timestamp>
			</report>
			<report>
				<misses>8922001</misses>
				<total>36</total>
				<timestamp>2763.056209</timestamp>
			</report>
			<report>
				<misses>8923001</misses>
				<total>36</total>
				<timestamp>2763.365907</timestamp>
			</report>
			<report>
				<misses>8924001</misses>
				<total>36</total>
				<timestamp>2763.675621</timestamp>
			</report>
			<report>
				<misses>8925001</misses>
				<total>36</total>
				<timestamp>2763.985287</timestamp>
			</report>
			<report>
				<misses>8926001</misses>
				<total>36</total>
				<timestamp>2764.294994</timestamp>
			</report>
			<report>
				<misses>8927001</misses>
				<total>36</total>
				<timestamp>2764.604679</timestamp>
			</report>
			<report>
				<misses>8928001</misses>
				<total>36</total>
				<timestamp>2764.914388</timestamp>
			</report>
			<report>
				<misses>8929001</misses>
				<total>36</total>
				<timestamp>2765.224065</timestamp>
			</report>
			<report>
				<misses>8930001</misses>
				<total>36</total>
				<timestamp>2765.533742</timestamp>
			</report>
			<report>
				<misses>8931001</misses>
				<total>36</total>
				<timestamp>2765.843472</timestamp>
			</report>
			<report>
				<misses>8932001</misses>
				<total>36</total>
				<timestamp>2766.153133</timestamp>
			</report>
			<report>
				<misses>8933001</misses>
				<total>36</total>
				<timestamp>2766.462835</timestamp>
			</report>
			<report>
				<misses>8934001</misses>
				<total>36</total>
				<timestamp>2766.772571</timestamp>
			</report>
			<report>
				<misses>8935001</misses>
				<total>36</total>
				<timestamp>2767.082209</timestamp>
			</report>
			<report>
				<misses>8936001</misses>
				<total>36</total>
				<timestamp>2767.391880</timestamp>
			</report>
			<report>
				<misses>8937001</misses>
				<total>36</total>
				<timestamp>2767.701580</timestamp>
			</report>
			<report>
				<misses>8938001</misses>
				<total>36</total>
				<timestamp>2768.011299</timestamp>
			</report>
			<report>
				<misses>8939001</misses>
				<total>36</total>
				<timestamp>2768.320966</timestamp>
			</report>
			<report>
				<misses>8940001</misses>
				<total>36</total>
				<timestamp>2768.630647</timestamp>
			</report>
			<report>
				<misses>8941001</misses>
				<total>36</total>
				<timestamp>2768.940401</timestamp>
			</report>
			<report>
				<misses>8942001</misses>
				<total>36</total>
				<timestamp>2769.250011</timestamp>
			</report>
			<report>
				<misses>8943001</misses>
				<total>36</total>
				<timestamp>2769.559730</timestamp>
			</report>
			<report>
				<misses>8944001</misses>
				<total>36</total>
				<timestamp>2769.869481</timestamp>
			</report>
			<report>
				<misses>8945001</misses>
				<total>36</total>
				<timestamp>2770.179099</timestamp>
			</report>
			<report>
				<misses>8946001</misses>
				<total>36</total>
				<timestamp>2770.488773</timestamp>
			</report>
			<report>
				<misses>8947001</misses>
				<total>36</total>
				<timestamp>2770.798485</timestamp>
			</report>
			<report>
				<misses>8948001</misses>
				<total>36</total>
				<timestamp>2771.108165</timestamp>
			</report>
			<report>
				<misses>8949001</misses>
				<total>36</total>
				<timestamp>2771.417838</timestamp>
			</report>
			<report>
				<misses>8950001</misses>
				<total>36</total>
				<timestamp>2771.727545</timestamp>
			</report>
			<report>
				<misses>8951001</misses>
				<total>36</total>
				<timestamp>2772.037233</timestamp>
			</report>
			<report>
				<misses>8952001</misses>
				<total>36</total>
				<timestamp>2772.346928</timestamp>
			</report>
			<report>
				<misses>8953001</misses>
				<total>36</total>
				<timestamp>2772.656607</timestamp>
			</report>
			<report>
				<misses>8954001</misses>
				<total>36</total>
				<timestamp>2772.966317</timestamp>
			</report>
			<report>
				<misses>8955001</misses>
				<total>36</total>
				<timestamp>2773.276001</timestamp>
			</report>
			<report>
				<misses>8956001</misses>
				<total>36</total>
				<timestamp>2773.585708</timestamp>
			</report>
			<report>
				<misses>8957001</misses>
				<total>36</total>
				<timestamp>2773.895388</timestamp>
			</report>
			<report>
				<misses>8958001</misses>
				<total>36</total>
				<timestamp>2774.205068</timestamp>
			</report>
			<report>
				<misses>8959001</misses>
				<total>36</total>
				<timestamp>2774.514749</timestamp>
			</report>
			<report>
				<misses>8960001</misses>
				<total>36</total>
				<timestamp>2774.824524</timestamp>
			</report>
			<report>
				<misses>8961001</misses>
				<total>36</total>
				<timestamp>2775.134151</timestamp>
			</report>
			<report>
				<misses>8962001</misses>
				<total>36</total>
				<timestamp>2775.443830</timestamp>
			</report>
			<report>
				<misses>8963001</misses>
				<total>36</total>
				<timestamp>2775.753611</timestamp>
			</report>
			<report>
				<misses>8964001</misses>
				<total>36</total>
				<timestamp>2776.063188</timestamp>
			</report>
			<report>
				<misses>8965001</misses>
				<total>36</total>
				<timestamp>2776.372883</timestamp>
			</report>
			<report>
				<misses>8966001</misses>
				<total>36</total>
				<timestamp>2776.682581</timestamp>
			</report>
			<report>
				<misses>8967001</misses>
				<total>36</total>
				<timestamp>2776.992311</timestamp>
			</report>
			<report>
				<misses>8968001</misses>
				<total>36</total>
				<timestamp>2777.301962</timestamp>
			</report>
			<report>
				<misses>8969001</misses>
				<total>36</total>
				<timestamp>2777.611651</timestamp>
			</report>
			<report>
				<misses>8970001</misses>
				<total>36</total>
				<timestamp>2777.921341</timestamp>
			</report>
			<report>
				<misses>8971001</misses>
				<total>36</total>
				<timestamp>2778.231030</timestamp>
			</report>
			<report>
				<misses>8972001</misses>
				<total>36</total>
				<timestamp>2778.540735</timestamp>
			</report>
			<report>
				<misses>8973001</misses>
				<total>36</total>
				<timestamp>2778.850414</timestamp>
			</report>
			<report>
				<misses>8974001</misses>
				<total>36</total>
				<timestamp>2779.160094</timestamp>
			</report>
			<report>
				<misses>8975001</misses>
				<total>36</total>
				<timestamp>2779.469783</timestamp>
			</report>
			<report>
				<misses>8976001</misses>
				<total>36</total>
				<timestamp>2779.779487</timestamp>
			</report>
			<report>
				<misses>8977001</misses>
				<total>36</total>
				<timestamp>2780.089151</timestamp>
			</report>
			<report>
				<misses>8978001</misses>
				<total>36</total>
				<timestamp>2780.398858</timestamp>
			</report>
			<report>
				<misses>8979001</misses>
				<total>36</total>
				<timestamp>2780.708570</timestamp>
			</report>
			<report>
				<misses>8980001</misses>
				<total>36</total>
				<timestamp>2781.018310</timestamp>
			</report>
			<report>
				<misses>8981001</misses>
				<total>36</total>
				<timestamp>2781.327917</timestamp>
			</report>
			<report>
				<misses>8982001</misses>
				<total>36</total>
				<timestamp>2781.637631</timestamp>
			</report>
			<report>
				<misses>8983001</misses>
				<total>36</total>
				<timestamp>2781.947323</timestamp>
			</report>
			<report>
				<misses>8984001</misses>
				<total>36</total>
				<timestamp>2782.256993</timestamp>
			</report>
			<report>
				<misses>8985001</misses>
				<total>36</total>
				<timestamp>2782.566677</timestamp>
			</report>
			<report>
				<misses>8986001</misses>
				<total>36</total>
				<timestamp>2782.876398</timestamp>
			</report>
			<report>
				<misses>8987001</misses>
				<total>36</total>
				<timestamp>2783.186069</timestamp>
			</report>
			<report>
				<misses>8988001</misses>
				<total>36</total>
				<timestamp>2783.495778</timestamp>
			</report>
			<report>
				<misses>8989001</misses>
				<total>36</total>
				<timestamp>2783.805474</timestamp>
			</report>
			<report>
				<misses>8990001</misses>
				<total>36</total>
				<timestamp>2784.115157</timestamp>
			</report>
			<report>
				<misses>8991001</misses>
				<total>36</total>
				<timestamp>2784.424839</timestamp>
			</report>
			<report>
				<misses>8992001</misses>
				<total>36</total>
				<timestamp>2784.734540</timestamp>
			</report>
			<report>
				<misses>8993001</misses>
				<total>36</total>
				<timestamp>2785.044212</timestamp>
			</report>
			<report>
				<misses>8994001</misses>
				<total>36</total>
				<timestamp>2785.353895</timestamp>
			</report>
			<report>
				<misses>8995001</misses>
				<total>36</total>
				<timestamp>2785.663573</timestamp>
			</report>
			<report>
				<misses>8996001</misses>
				<total>36</total>
				<timestamp>2785.973297</timestamp>
			</report>
			<report>
				<misses>8997001</misses>
				<total>36</total>
				<timestamp>2786.282963</timestamp>
			</report>
			<report>
				<misses>8998001</misses>
				<total>36</total>
				<timestamp>2786.592657</timestamp>
			</report>
			<report>
				<misses>8999001</misses>
				<total>36</total>
				<timestamp>2786.902353</timestamp>
			</report>
			<report>
				<misses>9000001</misses>
				<total>36</total>
				<timestamp>2787.212029</timestamp>
			</report>
			<report>
				<misses>9001001</misses>
				<total>36</total>
				<timestamp>2787.521725</timestamp>
			</report>
			<report>
				<misses>9002001</misses>
				<total>36</total>
				<timestamp>2787.831417</timestamp>
			</report>
			<report>
				<misses>9003001</misses>
				<total>36</total>
				<timestamp>2788.141106</timestamp>
			</report>
			<report>
				<misses>9004001</misses>
				<total>36</total>
				<timestamp>2788.450810</timestamp>
			</report>
			<report>
				<misses>9005001</misses>
				<total>36</total>
				<timestamp>2788.760513</timestamp>
			</report>
			<report>
				<misses>9006001</misses>
				<total>36</total>
				<timestamp>2789.070194</timestamp>
			</report>
			<report>
				<misses>9007001</misses>
				<total>36</total>
				<timestamp>2789.379859</timestamp>
			</report>
			<report>
				<misses>9008001</misses>
				<total>36</total>
				<timestamp>2789.689564</timestamp>
			</report>
			<report>
				<misses>9009001</misses>
				<total>36</total>
				<timestamp>2789.999273</timestamp>
			</report>
			<report>
				<misses>9010001</misses>
				<total>36</total>
				<timestamp>2790.308920</timestamp>
			</report>
			<report>
				<misses>9011001</misses>
				<total>36</total>
				<timestamp>2790.618629</timestamp>
			</report>
			<report>
				<misses>9012001</misses>
				<total>36</total>
				<timestamp>2790.928356</timestamp>
			</report>
			<report>
				<misses>9013001</misses>
				<total>36</total>
				<timestamp>2791.238002</timestamp>
			</report>
			<report>
				<misses>9014001</misses>
				<total>36</total>
				<timestamp>2791.547685</timestamp>
			</report>
			<report>
				<misses>9015001</misses>
				<total>36</total>
				<timestamp>2791.857395</timestamp>
			</report>
			<report>
				<misses>9016001</misses>
				<total>36</total>
				<timestamp>2792.167076</timestamp>
			</report>
			<report>
				<misses>9017001</misses>
				<total>36</total>
				<timestamp>2792.476745</timestamp>
			</report>
			<report>
				<misses>9018001</misses>
				<total>36</total>
				<timestamp>2792.786452</timestamp>
			</report>
			<report>
				<misses>9019001</misses>
				<total>36</total>
				<timestamp>2793.096147</timestamp>
			</report>
			<report>
				<misses>9020001</misses>
				<total>36</total>
				<timestamp>2793.405827</timestamp>
			</report>
			<report>
				<misses>9021001</misses>
				<total>36</total>
				<timestamp>2793.715544</timestamp>
			</report>
			<report>
				<misses>9022001</misses>
				<total>36</total>
				<timestamp>2794.025267</timestamp>
			</report>
			<report>
				<misses>9023001</misses>
				<total>36</total>
				<timestamp>2794.334927</timestamp>
			</report>
			<report>
				<misses>9024001</misses>
				<total>36</total>
				<timestamp>2794.644581</timestamp>
			</report>
			<report>
				<misses>9025001</misses>
				<total>36</total>
				<timestamp>2794.954284</timestamp>
			</report>
			<report>
				<misses>9026001</misses>
				<total>36</total>
				<timestamp>2795.263961</timestamp>
			</report>
			<report>
				<misses>9027001</misses>
				<total>36</total>
				<timestamp>2795.573683</timestamp>
			</report>
			<report>
				<misses>9028001</misses>
				<total>36</total>
				<timestamp>2795.883388</timestamp>
			</report>
			<report>
				<misses>9029001</misses>
				<total>36</total>
				<timestamp>2796.193027</timestamp>
			</report>
			<report>
				<misses>9030001</misses>
				<total>36</total>
				<timestamp>2796.502744</timestamp>
			</report>
			<report>
				<misses>9031001</misses>
				<total>36</total>
				<timestamp>2796.812409</timestamp>
			</report>
			<report>
				<misses>9032001</misses>
				<total>36</total>
				<timestamp>2797.122196</timestamp>
			</report>
			<report>
				<misses>9033001</misses>
				<total>36</total>
				<timestamp>2797.431804</timestamp>
			</report>
			<report>
				<misses>9034001</misses>
				<total>36</total>
				<timestamp>2797.741482</timestamp>
			</report>
			<report>
				<misses>9035001</misses>
				<total>36</total>
				<timestamp>2798.051222</timestamp>
			</report>
			<report>
				<misses>9036001</misses>
				<total>36</total>
				<timestamp>2798.360874</timestamp>
			</report>
			<report>
				<misses>9037001</misses>
				<total>36</total>
				<timestamp>2798.670564</timestamp>
			</report>
			<report>
				<misses>9038001</misses>
				<total>36</total>
				<timestamp>2798.980289</timestamp>
			</report>
			<report>
				<misses>9039001</misses>
				<total>36</total>
				<timestamp>2799.289940</timestamp>
			</report>
			<report>
				<misses>9040001</misses>
				<total>36</total>
				<timestamp>2799.599642</timestamp>
			</report>
			<report>
				<misses>9041001</misses>
				<total>36</total>
				<timestamp>2799.909350</timestamp>
			</report>
			<report>
				<misses>9042001</misses>
				<total>36</total>
				<timestamp>2800.219007</timestamp>
			</report>
			<report>
				<misses>9043001</misses>
				<total>36</total>
				<timestamp>2800.528694</timestamp>
			</report>
			<report>
				<misses>9044001</misses>
				<total>36</total>
				<timestamp>2800.838430</timestamp>
			</report>
			<report>
				<misses>9045001</misses>
				<total>36</total>
				<timestamp>2801.148107</timestamp>
			</report>
			<report>
				<misses>9046001</misses>
				<total>36</total>
				<timestamp>2801.457760</timestamp>
			</report>
			<report>
				<misses>9047001</misses>
				<total>36</total>
				<timestamp>2801.767471</timestamp>
			</report>
			<report>
				<misses>9048001</misses>
				<total>36</total>
				<timestamp>2802.077187</timestamp>
			</report>
			<report>
				<misses>9049001</misses>
				<total>36</total>
				<timestamp>2802.386858</timestamp>
			</report>
			<report>
				<misses>9050001</misses>
				<total>36</total>
				<timestamp>2802.696549</timestamp>
			</report>
			<report>
				<misses>9051001</misses>
				<total>36</total>
				<timestamp>2803.006287</timestamp>
			</report>
			<report>
				<misses>9052001</misses>
				<total>36</total>
				<timestamp>2803.315953</timestamp>
			</report>
			<report>
				<misses>9053001</misses>
				<total>36</total>
				<timestamp>2803.625623</timestamp>
			</report>
			<report>
				<misses>9054001</misses>
				<total>36</total>
				<timestamp>2803.935327</timestamp>
			</report>
			<report>
				<misses>9055001</misses>
				<total>36</total>
				<timestamp>2804.245008</timestamp>
			</report>
			<report>
				<misses>9056001</misses>
				<total>36</total>
				<timestamp>2804.554686</timestamp>
			</report>
			<report>
				<misses>9057001</misses>
				<total>36</total>
				<timestamp>2804.864371</timestamp>
			</report>
			<report>
				<misses>9058001</misses>
				<total>36</total>
				<timestamp>2805.174062</timestamp>
			</report>
			<report>
				<misses>9059001</misses>
				<total>36</total>
				<timestamp>2805.483779</timestamp>
			</report>
			<report>
				<misses>9060001</misses>
				<total>36</total>
				<timestamp>2805.793469</timestamp>
			</report>
			<report>
				<misses>9061001</misses>
				<total>36</total>
				<timestamp>2806.103170</timestamp>
			</report>
			<report>
				<misses>9062001</misses>
				<total>36</total>
				<timestamp>2806.412841</timestamp>
			</report>
			<report>
				<misses>9063001</misses>
				<total>36</total>
				<timestamp>2806.722518</timestamp>
			</report>
			<report>
				<misses>9064001</misses>
				<total>36</total>
				<timestamp>2807.032192</timestamp>
			</report>
			<report>
				<misses>9065001</misses>
				<total>36</total>
				<timestamp>2807.341934</timestamp>
			</report>
			<report>
				<misses>9066001</misses>
				<total>36</total>
				<timestamp>2807.651574</timestamp>
			</report>
			<report>
				<misses>9067001</misses>
				<total>36</total>
				<timestamp>2807.961283</timestamp>
			</report>
			<report>
				<misses>9068001</misses>
				<total>36</total>
				<timestamp>2808.270973</timestamp>
			</report>
			<report>
				<misses>9069001</misses>
				<total>36</total>
				<timestamp>2808.580644</timestamp>
			</report>
			<report>
				<misses>9070001</misses>
				<total>36</total>
				<timestamp>2808.890368</timestamp>
			</report>
			<report>
				<misses>9071001</misses>
				<total>36</total>
				<timestamp>2809.200037</timestamp>
			</report>
			<report>
				<misses>9072001</misses>
				<total>36</total>
				<timestamp>2809.509735</timestamp>
			</report>
			<report>
				<misses>9073001</misses>
				<total>36</total>
				<timestamp>2809.819422</timestamp>
			</report>
			<report>
				<misses>9074001</misses>
				<total>36</total>
				<timestamp>2810.129109</timestamp>
			</report>
			<report>
				<misses>9075001</misses>
				<total>36</total>
				<timestamp>2810.438786</timestamp>
			</report>
			<report>
				<misses>9076001</misses>
				<total>36</total>
				<timestamp>2810.748486</timestamp>
			</report>
			<report>
				<misses>9077001</misses>
				<total>36</total>
				<timestamp>2811.058166</timestamp>
			</report>
			<report>
				<misses>9078001</misses>
				<total>36</total>
				<timestamp>2811.367854</timestamp>
			</report>
			<report>
				<misses>9079001</misses>
				<total>36</total>
				<timestamp>2811.677557</timestamp>
			</report>
			<report>
				<misses>9080001</misses>
				<total>36</total>
				<timestamp>2811.987284</timestamp>
			</report>
			<report>
				<misses>9081001</misses>
				<total>36</total>
				<timestamp>2812.296945</timestamp>
			</report>
			<report>
				<misses>9082001</misses>
				<total>36</total>
				<timestamp>2812.606602</timestamp>
			</report>
			<report>
				<misses>9083001</misses>
				<total>36</total>
				<timestamp>2812.916317</timestamp>
			</report>
			<report>
				<misses>9084001</misses>
				<total>36</total>
				<timestamp>2813.225988</timestamp>
			</report>
			<report>
				<misses>9085001</misses>
				<total>36</total>
				<timestamp>2813.535701</timestamp>
			</report>
			<report>
				<misses>9086001</misses>
				<total>36</total>
				<timestamp>2813.845360</timestamp>
			</report>
			<report>
				<misses>9087001</misses>
				<total>36</total>
				<timestamp>2814.155101</timestamp>
			</report>
			<report>
				<misses>9088001</misses>
				<total>36</total>
				<timestamp>2814.464746</timestamp>
			</report>
			<report>
				<misses>9089001</misses>
				<total>36</total>
				<timestamp>2814.774499</timestamp>
			</report>
			<report>
				<misses>9090001</misses>
				<total>36</total>
				<timestamp>2815.084149</timestamp>
			</report>
			<report>
				<misses>9091001</misses>
				<total>36</total>
				<timestamp>2815.393821</timestamp>
			</report>
			<report>
				<misses>9092001</misses>
				<total>36</total>
				<timestamp>2815.703500</timestamp>
			</report>
			<report>
				<misses>9093001</misses>
				<total>36</total>
				<timestamp>2816.013218</timestamp>
			</report>
			<report>
				<misses>9094001</misses>
				<total>36</total>
				<timestamp>2816.322890</timestamp>
			</report>
			<report>
				<misses>9095001</misses>
				<total>36</total>
				<timestamp>2816.632604</timestamp>
			</report>
			<report>
				<misses>9096001</misses>
				<total>36</total>
				<timestamp>2816.942325</timestamp>
			</report>
			<report>
				<misses>9097001</misses>
				<total>36</total>
				<timestamp>2817.251965</timestamp>
			</report>
			<report>
				<misses>9098001</misses>
				<total>36</total>
				<timestamp>2817.561674</timestamp>
			</report>
			<report>
				<misses>9099001</misses>
				<total>36</total>
				<timestamp>2817.871334</timestamp>
			</report>
			<report>
				<misses>9100001</misses>
				<total>36</total>
				<timestamp>2818.181094</timestamp>
			</report>
			<report>
				<misses>9101001</misses>
				<total>36</total>
				<timestamp>2818.490723</timestamp>
			</report>
			<report>
				<misses>9102001</misses>
				<total>36</total>
				<timestamp>2818.800400</timestamp>
			</report>
			<report>
				<misses>9103001</misses>
				<total>36</total>
				<timestamp>2819.110095</timestamp>
			</report>
			<report>
				<misses>9104001</misses>
				<total>36</total>
				<timestamp>2819.419786</timestamp>
			</report>
			<report>
				<misses>9105001</misses>
				<total>36</total>
				<timestamp>2819.729473</timestamp>
			</report>
			<report>
				<misses>9106001</misses>
				<total>36</total>
				<timestamp>2820.039188</timestamp>
			</report>
			<report>
				<misses>9107001</misses>
				<total>36</total>
				<timestamp>2820.348852</timestamp>
			</report>
			<report>
				<misses>9108001</misses>
				<total>36</total>
				<timestamp>2820.658542</timestamp>
			</report>
			<report>
				<misses>9109001</misses>
				<total>36</total>
				<timestamp>2820.968257</timestamp>
			</report>
			<report>
				<misses>9110001</misses>
				<total>36</total>
				<timestamp>2821.277935</timestamp>
			</report>
			<report>
				<misses>9111001</misses>
				<total>36</total>
				<timestamp>2821.587646</timestamp>
			</report>
			<report>
				<misses>9112001</misses>
				<total>36</total>
				<timestamp>2821.897352</timestamp>
			</report>
			<report>
				<misses>9113001</misses>
				<total>36</total>
				<timestamp>2822.207028</timestamp>
			</report>
			<report>
				<misses>9114001</misses>
				<total>36</total>
				<timestamp>2822.516738</timestamp>
			</report>
			<report>
				<misses>9115001</misses>
				<total>36</total>
				<timestamp>2822.826437</timestamp>
			</report>
			<report>
				<misses>9116001</misses>
				<total>36</total>
				<timestamp>2823.136080</timestamp>
			</report>
			<report>
				<misses>9117001</misses>
				<total>36</total>
				<timestamp>2823.445746</timestamp>
			</report>
			<report>
				<misses>9118001</misses>
				<total>36</total>
				<timestamp>2823.755477</timestamp>
			</report>
			<report>
				<misses>9119001</misses>
				<total>36</total>
				<timestamp>2824.065169</timestamp>
			</report>
			<report>
				<misses>9120001</misses>
				<total>36</total>
				<timestamp>2824.374825</timestamp>
			</report>
			<report>
				<misses>9121001</misses>
				<total>36</total>
				<timestamp>2824.684568</timestamp>
			</report>
			<report>
				<misses>9122001</misses>
				<total>36</total>
				<timestamp>2824.994216</timestamp>
			</report>
			<report>
				<misses>9123001</misses>
				<total>36</total>
				<timestamp>2825.303900</timestamp>
			</report>
			<report>
				<misses>9124001</misses>
				<total>36</total>
				<timestamp>2825.613618</timestamp>
			</report>
			<report>
				<misses>9125001</misses>
				<total>36</total>
				<timestamp>2825.923326</timestamp>
			</report>
			<report>
				<misses>9126001</misses>
				<total>36</total>
				<timestamp>2826.233045</timestamp>
			</report>
			<report>
				<misses>9127001</misses>
				<total>36</total>
				<timestamp>2826.542672</timestamp>
			</report>
			<report>
				<misses>9128001</misses>
				<total>36</total>
				<timestamp>2826.852349</timestamp>
			</report>
			<report>
				<misses>9129001</misses>
				<total>36</total>
				<timestamp>2827.162056</timestamp>
			</report>
			<report>
				<misses>9130001</misses>
				<total>36</total>
				<timestamp>2827.471726</timestamp>
			</report>
			<report>
				<misses>9131001</misses>
				<total>36</total>
				<timestamp>2827.781436</timestamp>
			</report>
			<report>
				<misses>9132001</misses>
				<total>36</total>
				<timestamp>2828.091140</timestamp>
			</report>
			<report>
				<misses>9133001</misses>
				<total>36</total>
				<timestamp>2828.400810</timestamp>
			</report>
			<report>
				<misses>9134001</misses>
				<total>36</total>
				<timestamp>2828.710522</timestamp>
			</report>
			<report>
				<misses>9135001</misses>
				<total>36</total>
				<timestamp>2829.020211</timestamp>
			</report>
			<report>
				<misses>9136001</misses>
				<total>36</total>
				<timestamp>2829.329877</timestamp>
			</report>
			<report>
				<misses>9137001</misses>
				<total>36</total>
				<timestamp>2829.639557</timestamp>
			</report>
			<report>
				<misses>9138001</misses>
				<total>36</total>
				<timestamp>2829.949293</timestamp>
			</report>
			<report>
				<misses>9139001</misses>
				<total>36</total>
				<timestamp>2830.259006</timestamp>
			</report>
			<report>
				<misses>9140001</misses>
				<total>36</total>
				<timestamp>2830.568679</timestamp>
			</report>
			<report>
				<misses>9141001</misses>
				<total>36</total>
				<timestamp>2830.878326</timestamp>
			</report>
			<report>
				<misses>9142001</misses>
				<total>36</total>
				<timestamp>2831.188057</timestamp>
			</report>
			<report>
				<misses>9143001</misses>
				<total>36</total>
				<timestamp>2831.497686</timestamp>
			</report>
			<report>
				<misses>9144001</misses>
				<total>36</total>
				<timestamp>2831.807405</timestamp>
			</report>
			<report>
				<misses>9145001</misses>
				<total>36</total>
				<timestamp>2832.117153</timestamp>
			</report>
			<report>
				<misses>9146001</misses>
				<total>36</total>
				<timestamp>2832.426768</timestamp>
			</report>
			<report>
				<misses>9147001</misses>
				<total>36</total>
				<timestamp>2832.736479</timestamp>
			</report>
			<report>
				<misses>9148001</misses>
				<total>36</total>
				<timestamp>2833.046194</timestamp>
			</report>
			<report>
				<misses>9149001</misses>
				<total>36</total>
				<timestamp>2833.355842</timestamp>
			</report>
			<report>
				<misses>9150001</misses>
				<total>36</total>
				<timestamp>2833.665563</timestamp>
			</report>
			<report>
				<misses>9151001</misses>
				<total>36</total>
				<timestamp>2833.975249</timestamp>
			</report>
			<report>
				<misses>9152001</misses>
				<total>36</total>
				<timestamp>2834.284931</timestamp>
			</report>
			<report>
				<misses>9153001</misses>
				<total>36</total>
				<timestamp>2834.594647</timestamp>
			</report>
			<report>
				<misses>9154001</misses>
				<total>36</total>
				<timestamp>2834.904311</timestamp>
			</report>
			<report>
				<misses>9155001</misses>
				<total>36</total>
				<timestamp>2835.214027</timestamp>
			</report>
			<report>
				<misses>9156001</misses>
				<total>36</total>
				<timestamp>2835.523675</timestamp>
			</report>
			<report>
				<misses>9157001</misses>
				<total>36</total>
				<timestamp>2835.833396</timestamp>
			</report>
			<report>
				<misses>9158001</misses>
				<total>36</total>
				<timestamp>2836.143068</timestamp>
			</report>
			<report>
				<misses>9159001</misses>
				<total>36</total>
				<timestamp>2836.452758</timestamp>
			</report>
			<report>
				<misses>9160001</misses>
				<total>36</total>
				<timestamp>2836.762443</timestamp>
			</report>
			<report>
				<misses>9161001</misses>
				<total>36</total>
				<timestamp>2837.072204</timestamp>
			</report>
			<report>
				<misses>9162001</misses>
				<total>36</total>
				<timestamp>2837.381839</timestamp>
			</report>
			<report>
				<misses>9163001</misses>
				<total>36</total>
				<timestamp>2837.691517</timestamp>
			</report>
			<report>
				<misses>9164001</misses>
				<total>36</total>
				<timestamp>2838.001221</timestamp>
			</report>
			<report>
				<misses>9165001</misses>
				<total>36</total>
				<timestamp>2838.310926</timestamp>
			</report>
			<report>
				<misses>9166001</misses>
				<total>36</total>
				<timestamp>2838.620609</timestamp>
			</report>
			<report>
				<misses>9167001</misses>
				<total>36</total>
				<timestamp>2838.930308</timestamp>
			</report>
			<report>
				<misses>9168001</misses>
				<total>36</total>
				<timestamp>2839.239951</timestamp>
			</report>
			<report>
				<misses>9169001</misses>
				<total>36</total>
				<timestamp>2839.549638</timestamp>
			</report>
			<report>
				<misses>9170001</misses>
				<total>36</total>
				<timestamp>2839.859335</timestamp>
			</report>
			<report>
				<misses>9171001</misses>
				<total>36</total>
				<timestamp>2840.169069</timestamp>
			</report>
			<report>
				<misses>9172001</misses>
				<total>36</total>
				<timestamp>2840.478744</timestamp>
			</report>
			<report>
				<misses>9173001</misses>
				<total>36</total>
				<timestamp>2840.788401</timestamp>
			</report>
			<report>
				<misses>9174001</misses>
				<total>36</total>
				<timestamp>2841.098104</timestamp>
			</report>
			<report>
				<misses>9175001</misses>
				<total>36</total>
				<timestamp>2841.407781</timestamp>
			</report>
			<report>
				<misses>9176001</misses>
				<total>36</total>
				<timestamp>2841.717503</timestamp>
			</report>
			<report>
				<misses>9177001</misses>
				<total>36</total>
				<timestamp>2842.027175</timestamp>
			</report>
			<report>
				<misses>9178001</misses>
				<total>36</total>
				<timestamp>2842.336899</timestamp>
			</report>
			<report>
				<misses>9179001</misses>
				<total>36</total>
				<timestamp>2842.646560</timestamp>
			</report>
			<report>
				<misses>9180001</misses>
				<total>36</total>
				<timestamp>2842.956250</timestamp>
			</report>
			<report>
				<misses>9181001</misses>
				<total>36</total>
				<timestamp>2843.265962</timestamp>
			</report>
			<report>
				<misses>9182001</misses>
				<total>36</total>
				<timestamp>2843.575661</timestamp>
			</report>
			<report>
				<misses>9183001</misses>
				<total>36</total>
				<timestamp>2843.885312</timestamp>
			</report>
			<report>
				<misses>9184001</misses>
				<total>36</total>
				<timestamp>2844.195005</timestamp>
			</report>
			<report>
				<misses>9185001</misses>
				<total>36</total>
				<timestamp>2844.504686</timestamp>
			</report>
			<report>
				<misses>9186001</misses>
				<total>36</total>
				<timestamp>2844.814390</timestamp>
			</report>
			<report>
				<misses>9187001</misses>
				<total>36</total>
				<timestamp>2845.124074</timestamp>
			</report>
			<report>
				<misses>9188001</misses>
				<total>36</total>
				<timestamp>2845.433777</timestamp>
			</report>
			<report>
				<misses>9189001</misses>
				<total>36</total>
				<timestamp>2845.743461</timestamp>
			</report>
			<report>
				<misses>9190001</misses>
				<total>36</total>
				<timestamp>2846.053136</timestamp>
			</report>
			<report>
				<misses>9191001</misses>
				<total>36</total>
				<timestamp>2846.362923</timestamp>
			</report>
			<report>
				<misses>9192001</misses>
				<total>36</total>
				<timestamp>2846.672558</timestamp>
			</report>
			<report>
				<misses>9193001</misses>
				<total>36</total>
				<timestamp>2846.982216</timestamp>
			</report>
			<report>
				<misses>9194001</misses>
				<total>36</total>
				<timestamp>2847.291908</timestamp>
			</report>
			<report>
				<misses>9195001</misses>
				<total>36</total>
				<timestamp>2847.601596</timestamp>
			</report>
			<report>
				<misses>9196001</misses>
				<total>36</total>
				<timestamp>2847.911277</timestamp>
			</report>
			<report>
				<misses>9197001</misses>
				<total>36</total>
				<timestamp>2848.221015</timestamp>
			</report>
			<report>
				<misses>9198001</misses>
				<total>36</total>
				<timestamp>2848.530691</timestamp>
			</report>
			<report>
				<misses>9199001</misses>
				<total>36</total>
				<timestamp>2848.840351</timestamp>
			</report>
			<report>
				<misses>9200001</misses>
				<total>36</total>
				<timestamp>2849.150051</timestamp>
			</report>
			<report>
				<misses>9201001</misses>
				<total>36</total>
				<timestamp>2849.459716</timestamp>
			</report>
			<report>
				<misses>9202001</misses>
				<total>36</total>
				<timestamp>2849.769413</timestamp>
			</report>
			<report>
				<misses>9203001</misses>
				<total>36</total>
				<timestamp>2850.079116</timestamp>
			</report>
			<report>
				<misses>9204001</misses>
				<total>36</total>
				<timestamp>2850.388785</timestamp>
			</report>
			<report>
				<misses>9205001</misses>
				<total>36</total>
				<timestamp>2850.698503</timestamp>
			</report>
			<report>
				<misses>9206001</misses>
				<total>36</total>
				<timestamp>2851.008186</timestamp>
			</report>
			<report>
				<misses>9207001</misses>
				<total>36</total>
				<timestamp>2851.317914</timestamp>
			</report>
			<report>
				<misses>9208001</misses>
				<total>36</total>
				<timestamp>2851.627553</timestamp>
			</report>
			<report>
				<misses>9209001</misses>
				<total>36</total>
				<timestamp>2851.937246</timestamp>
			</report>
			<report>
				<misses>9210001</misses>
				<total>36</total>
				<timestamp>2852.246998</timestamp>
			</report>
			<report>
				<misses>9211001</misses>
				<total>36</total>
				<timestamp>2852.556695</timestamp>
			</report>
			<report>
				<misses>9212001</misses>
				<total>36</total>
				<timestamp>2852.866396</timestamp>
			</report>
			<report>
				<misses>9213001</misses>
				<total>36</total>
				<timestamp>2853.176015</timestamp>
			</report>
			<report>
				<misses>9214001</misses>
				<total>36</total>
				<timestamp>2853.485679</timestamp>
			</report>
			<report>
				<misses>9215001</misses>
				<total>36</total>
				<timestamp>2853.795416</timestamp>
			</report>
			<report>
				<misses>9216001</misses>
				<total>36</total>
				<timestamp>2854.105099</timestamp>
			</report>
			<report>
				<misses>9217001</misses>
				<total>36</total>
				<timestamp>2854.414775</timestamp>
			</report>
			<report>
				<misses>9218001</misses>
				<total>36</total>
				<timestamp>2854.724494</timestamp>
			</report>
			<report>
				<misses>9219001</misses>
				<total>36</total>
				<timestamp>2855.034149</timestamp>
			</report>
			<report>
				<misses>9220001</misses>
				<total>36</total>
				<timestamp>2855.343883</timestamp>
			</report>
			<report>
				<misses>9221001</misses>
				<total>36</total>
				<timestamp>2855.653525</timestamp>
			</report>
			<report>
				<misses>9222001</misses>
				<total>36</total>
				<timestamp>2855.963224</timestamp>
			</report>
			<report>
				<misses>9223001</misses>
				<total>36</total>
				<timestamp>2856.272938</timestamp>
			</report>
			<report>
				<misses>9224001</misses>
				<total>36</total>
				<timestamp>2856.582591</timestamp>
			</report>
			<report>
				<misses>9225001</misses>
				<total>36</total>
				<timestamp>2856.892311</timestamp>
			</report>
			<report>
				<misses>9226001</misses>
				<total>36</total>
				<timestamp>2857.201980</timestamp>
			</report>
			<report>
				<misses>9227001</misses>
				<total>36</total>
				<timestamp>2857.511681</timestamp>
			</report>
			<report>
				<misses>9228001</misses>
				<total>36</total>
				<timestamp>2857.821367</timestamp>
			</report>
			<report>
				<misses>9229001</misses>
				<total>36</total>
				<timestamp>2858.131057</timestamp>
			</report>
			<report>
				<misses>9230001</misses>
				<total>36</total>
				<timestamp>2858.440754</timestamp>
			</report>
			<report>
				<misses>9231001</misses>
				<total>36</total>
				<timestamp>2858.750450</timestamp>
			</report>
			<report>
				<misses>9232001</misses>
				<total>36</total>
				<timestamp>2859.060131</timestamp>
			</report>
			<report>
				<misses>9233001</misses>
				<total>36</total>
				<timestamp>2859.369851</timestamp>
			</report>
			<report>
				<misses>9234001</misses>
				<total>36</total>
				<timestamp>2859.679500</timestamp>
			</report>
			<report>
				<misses>9235001</misses>
				<total>36</total>
				<timestamp>2859.989191</timestamp>
			</report>
			<report>
				<misses>9236001</misses>
				<total>36</total>
				<timestamp>2860.298880</timestamp>
			</report>
			<report>
				<misses>9237001</misses>
				<total>36</total>
				<timestamp>2860.608590</timestamp>
			</report>
			<report>
				<misses>9238001</misses>
				<total>36</total>
				<timestamp>2860.918256</timestamp>
			</report>
			<report>
				<misses>9239001</misses>
				<total>36</total>
				<timestamp>2861.227979</timestamp>
			</report>
			<report>
				<misses>9240001</misses>
				<total>36</total>
				<timestamp>2861.537666</timestamp>
			</report>
			<report>
				<misses>9241001</misses>
				<total>36</total>
				<timestamp>2861.847345</timestamp>
			</report>
			<report>
				<misses>9242001</misses>
				<total>36</total>
				<timestamp>2862.157007</timestamp>
			</report>
			<report>
				<misses>9243001</misses>
				<total>36</total>
				<timestamp>2862.466776</timestamp>
			</report>
			<report>
				<misses>9244001</misses>
				<total>36</total>
				<timestamp>2862.776462</timestamp>
			</report>
			<report>
				<misses>9245001</misses>
				<total>36</total>
				<timestamp>2863.086094</timestamp>
			</report>
			<report>
				<misses>9246001</misses>
				<total>36</total>
				<timestamp>2863.395783</timestamp>
			</report>
			<report>
				<misses>9247001</misses>
				<total>36</total>
				<timestamp>2863.705453</timestamp>
			</report>
			<report>
				<misses>9248001</misses>
				<total>36</total>
				<timestamp>2864.015144</timestamp>
			</report>
			<report>
				<misses>9249001</misses>
				<total>36</total>
				<timestamp>2864.324916</timestamp>
			</report>
			<report>
				<misses>9250001</misses>
				<total>36</total>
				<timestamp>2864.634541</timestamp>
			</report>
			<report>
				<misses>9251001</misses>
				<total>36</total>
				<timestamp>2864.944244</timestamp>
			</report>
			<report>
				<misses>9252001</misses>
				<total>36</total>
				<timestamp>2865.253921</timestamp>
			</report>
			<report>
				<misses>9253001</misses>
				<total>36</total>
				<timestamp>2865.563641</timestamp>
			</report>
			<report>
				<misses>9254001</misses>
				<total>36</total>
				<timestamp>2865.873325</timestamp>
			</report>
			<report>
				<misses>9255001</misses>
				<total>36</total>
				<timestamp>2866.183032</timestamp>
			</report>
			<report>
				<misses>9256001</misses>
				<total>36</total>
				<timestamp>2866.492716</timestamp>
			</report>
			<report>
				<misses>9257001</misses>
				<total>36</total>
				<timestamp>2866.802374</timestamp>
			</report>
			<report>
				<misses>9258001</misses>
				<total>36</total>
				<timestamp>2867.112072</timestamp>
			</report>
			<report>
				<misses>9259001</misses>
				<total>36</total>
				<timestamp>2867.421742</timestamp>
			</report>
			<report>
				<misses>9260001</misses>
				<total>36</total>
				<timestamp>2867.731466</timestamp>
			</report>
			<report>
				<misses>9261001</misses>
				<total>36</total>
				<timestamp>2868.041124</timestamp>
			</report>
			<report>
				<misses>9262001</misses>
				<total>36</total>
				<timestamp>2868.350820</timestamp>
			</report>
			<report>
				<misses>9263001</misses>
				<total>36</total>
				<timestamp>2868.660508</timestamp>
			</report>
			<report>
				<misses>9264001</misses>
				<total>36</total>
				<timestamp>2868.970197</timestamp>
			</report>
			<report>
				<misses>9265001</misses>
				<total>36</total>
				<timestamp>2869.279914</timestamp>
			</report>
			<report>
				<misses>9266001</misses>
				<total>36</total>
				<timestamp>2869.589576</timestamp>
			</report>
			<report>
				<misses>9267001</misses>
				<total>36</total>
				<timestamp>2869.899266</timestamp>
			</report>
			<report>
				<misses>9268001</misses>
				<total>36</total>
				<timestamp>2870.208953</timestamp>
			</report>
			<report>
				<misses>9269001</misses>
				<total>36</total>
				<timestamp>2870.518718</timestamp>
			</report>
			<report>
				<misses>9270001</misses>
				<total>36</total>
				<timestamp>2870.828344</timestamp>
			</report>
			<report>
				<misses>9271001</misses>
				<total>36</total>
				<timestamp>2871.138027</timestamp>
			</report>
			<report>
				<misses>9272001</misses>
				<total>36</total>
				<timestamp>2871.447756</timestamp>
			</report>
			<report>
				<misses>9273001</misses>
				<total>36</total>
				<timestamp>2871.757409</timestamp>
			</report>
			<report>
				<misses>9274001</misses>
				<total>36</total>
				<timestamp>2872.067121</timestamp>
			</report>
			<report>
				<misses>9275001</misses>
				<total>36</total>
				<timestamp>2872.376802</timestamp>
			</report>
			<report>
				<misses>9276001</misses>
				<total>36</total>
				<timestamp>2872.686495</timestamp>
			</report>
			<report>
				<misses>9277001</misses>
				<total>36</total>
				<timestamp>2872.996178</timestamp>
			</report>
			<report>
				<misses>9278001</misses>
				<total>36</total>
				<timestamp>2873.305904</timestamp>
			</report>
			<report>
				<misses>9279001</misses>
				<total>36</total>
				<timestamp>2873.615565</timestamp>
			</report>
			<report>
				<misses>9280001</misses>
				<total>36</total>
				<timestamp>2873.925237</timestamp>
			</report>
			<report>
				<misses>9281001</misses>
				<total>36</total>
				<timestamp>2874.234921</timestamp>
			</report>
			<report>
				<misses>9282001</misses>
				<total>36</total>
				<timestamp>2874.544625</timestamp>
			</report>
			<report>
				<misses>9283001</misses>
				<total>36</total>
				<timestamp>2874.854301</timestamp>
			</report>
			<report>
				<misses>9284001</misses>
				<total>36</total>
				<timestamp>2875.163993</timestamp>
			</report>
			<report>
				<misses>9285001</misses>
				<total>36</total>
				<timestamp>2875.473720</timestamp>
			</report>
			<report>
				<misses>9286001</misses>
				<total>36</total>
				<timestamp>2875.783412</timestamp>
			</report>
			<report>
				<misses>9287001</misses>
				<total>36</total>
				<timestamp>2876.093079</timestamp>
			</report>
			<report>
				<misses>9288001</misses>
				<total>36</total>
				<timestamp>2876.402784</timestamp>
			</report>
			<report>
				<misses>9289001</misses>
				<total>36</total>
				<timestamp>2876.712451</timestamp>
			</report>
			<report>
				<misses>9290001</misses>
				<total>36</total>
				<timestamp>2877.022130</timestamp>
			</report>
			<report>
				<misses>9291001</misses>
				<total>36</total>
				<timestamp>2877.331833</timestamp>
			</report>
			<report>
				<misses>9292001</misses>
				<total>36</total>
				<timestamp>2877.641510</timestamp>
			</report>
			<report>
				<misses>9293001</misses>
				<total>36</total>
				<timestamp>2877.951211</timestamp>
			</report>
			<report>
				<misses>9294001</misses>
				<total>36</total>
				<timestamp>2878.260900</timestamp>
			</report>
			<report>
				<misses>9295001</misses>
				<total>36</total>
				<timestamp>2878.570610</timestamp>
			</report>
			<report>
				<misses>9296001</misses>
				<total>36</total>
				<timestamp>2878.880364</timestamp>
			</report>
			<report>
				<misses>9297001</misses>
				<total>36</total>
				<timestamp>2879.189966</timestamp>
			</report>
			<report>
				<misses>9298001</misses>
				<total>36</total>
				<timestamp>2879.499718</timestamp>
			</report>
			<report>
				<misses>9299001</misses>
				<total>36</total>
				<timestamp>2879.809343</timestamp>
			</report>
			<report>
				<misses>9300001</misses>
				<total>36</total>
				<timestamp>2880.119042</timestamp>
			</report>
			<report>
				<misses>9301001</misses>
				<total>36</total>
				<timestamp>2880.428737</timestamp>
			</report>
			<report>
				<misses>9302001</misses>
				<total>36</total>
				<timestamp>2880.738411</timestamp>
			</report>
			<report>
				<misses>9303001</misses>
				<total>36</total>
				<timestamp>2881.048109</timestamp>
			</report>
			<report>
				<misses>9304001</misses>
				<total>36</total>
				<timestamp>2881.357805</timestamp>
			</report>
			<report>
				<misses>9305001</misses>
				<total>36</total>
				<timestamp>2881.667489</timestamp>
			</report>
			<report>
				<misses>9306001</misses>
				<total>36</total>
				<timestamp>2881.977177</timestamp>
			</report>
			<report>
				<misses>9307001</misses>
				<total>36</total>
				<timestamp>2882.286889</timestamp>
			</report>
			<report>
				<misses>9308001</misses>
				<total>36</total>
				<timestamp>2882.596590</timestamp>
			</report>
			<report>
				<misses>9309001</misses>
				<total>36</total>
				<timestamp>2882.906257</timestamp>
			</report>
			<report>
				<misses>9310001</misses>
				<total>36</total>
				<timestamp>2883.215942</timestamp>
			</report>
			<report>
				<misses>9311001</misses>
				<total>36</total>
				<timestamp>2883.525669</timestamp>
			</report>
			<report>
				<misses>9312001</misses>
				<total>36</total>
				<timestamp>2883.835320</timestamp>
			</report>
			<report>
				<misses>9313001</misses>
				<total>36</total>
				<timestamp>2884.144989</timestamp>
			</report>
			<report>
				<misses>9314001</misses>
				<total>36</total>
				<timestamp>2884.454722</timestamp>
			</report>
			<report>
				<misses>9315001</misses>
				<total>36</total>
				<timestamp>2884.764379</timestamp>
			</report>
			<report>
				<misses>9316001</misses>
				<total>36</total>
				<timestamp>2885.074086</timestamp>
			</report>
			<report>
				<misses>9317001</misses>
				<total>36</total>
				<timestamp>2885.383836</timestamp>
			</report>
			<report>
				<misses>9318001</misses>
				<total>36</total>
				<timestamp>2885.693470</timestamp>
			</report>
			<report>
				<misses>9319001</misses>
				<total>36</total>
				<timestamp>2886.003147</timestamp>
			</report>
			<report>
				<misses>9320001</misses>
				<total>36</total>
				<timestamp>2886.312851</timestamp>
			</report>
			<report>
				<misses>9321001</misses>
				<total>36</total>
				<timestamp>2886.622538</timestamp>
			</report>
			<report>
				<misses>9322001</misses>
				<total>36</total>
				<timestamp>2886.932220</timestamp>
			</report>
			<report>
				<misses>9323001</misses>
				<total>36</total>
				<timestamp>2887.241961</timestamp>
			</report>
			<report>
				<misses>9324001</misses>
				<total>36</total>
				<timestamp>2887.551611</timestamp>
			</report>
			<report>
				<misses>9325001</misses>
				<total>36</total>
				<timestamp>2887.861278</timestamp>
			</report>
			<report>
				<misses>9326001</misses>
				<total>36</total>
				<timestamp>2888.170958</timestamp>
			</report>
			<report>
				<misses>9327001</misses>
				<total>36</total>
				<timestamp>2888.480673</timestamp>
			</report>
			<report>
				<misses>9328001</misses>
				<total>36</total>
				<timestamp>2888.790348</timestamp>
			</report>
			<report>
				<misses>9329001</misses>
				<total>36</total>
				<timestamp>2889.100039</timestamp>
			</report>
			<report>
				<misses>9330001</misses>
				<total>36</total>
				<timestamp>2889.409754</timestamp>
			</report>
			<report>
				<misses>9331001</misses>
				<total>36</total>
				<timestamp>2889.719410</timestamp>
			</report>
			<report>
				<misses>9332001</misses>
				<total>36</total>
				<timestamp>2890.029112</timestamp>
			</report>
			<report>
				<misses>9333001</misses>
				<total>36</total>
				<timestamp>2890.338810</timestamp>
			</report>
			<report>
				<misses>9334001</misses>
				<total>36</total>
				<timestamp>2890.648551</timestamp>
			</report>
			<report>
				<misses>9335001</misses>
				<total>36</total>
				<timestamp>2890.958206</timestamp>
			</report>
			<report>
				<misses>9336001</misses>
				<total>36</total>
				<timestamp>2891.267882</timestamp>
			</report>
			<report>
				<misses>9337001</misses>
				<total>36</total>
				<timestamp>2891.577651</timestamp>
			</report>
			<report>
				<misses>9338001</misses>
				<total>36</total>
				<timestamp>2891.887246</timestamp>
			</report>
			<report>
				<misses>9339001</misses>
				<total>36</total>
				<timestamp>2892.196948</timestamp>
			</report>
			<report>
				<misses>9340001</misses>
				<total>36</total>
				<timestamp>2892.506628</timestamp>
			</report>
			<report>
				<misses>9341001</misses>
				<total>36</total>
				<timestamp>2892.816408</timestamp>
			</report>
			<report>
				<misses>9342001</misses>
				<total>36</total>
				<timestamp>2893.126007</timestamp>
			</report>
			<report>
				<misses>9343001</misses>
				<total>36</total>
				<timestamp>2893.435746</timestamp>
			</report>
			<report>
				<misses>9344001</misses>
				<total>36</total>
				<timestamp>2893.745408</timestamp>
			</report>
			<report>
				<misses>9345001</misses>
				<total>36</total>
				<timestamp>2894.055111</timestamp>
			</report>
			<report>
				<misses>9346001</misses>
				<total>36</total>
				<timestamp>2894.364784</timestamp>
			</report>
			<report>
				<misses>9347001</misses>
				<total>36</total>
				<timestamp>2894.674481</timestamp>
			</report>
			<report>
				<misses>9348001</misses>
				<total>36</total>
				<timestamp>2894.984166</timestamp>
			</report>
			<report>
				<misses>9349001</misses>
				<total>36</total>
				<timestamp>2895.293847</timestamp>
			</report>
			<report>
				<misses>9350001</misses>
				<total>36</total>
				<timestamp>2895.603580</timestamp>
			</report>
			<report>
				<misses>9351001</misses>
				<total>36</total>
				<timestamp>2895.913244</timestamp>
			</report>
			<report>
				<misses>9352001</misses>
				<total>36</total>
				<timestamp>2896.222924</timestamp>
			</report>
			<report>
				<misses>9353001</misses>
				<total>36</total>
				<timestamp>2896.532632</timestamp>
			</report>
			<report>
				<misses>9354001</misses>
				<total>36</total>
				<timestamp>2896.842314</timestamp>
			</report>
			<report>
				<misses>9355001</misses>
				<total>36</total>
				<timestamp>2897.151979</timestamp>
			</report>
			<report>
				<misses>9356001</misses>
				<total>36</total>
				<timestamp>2897.461695</timestamp>
			</report>
			<report>
				<misses>9357001</misses>
				<total>36</total>
				<timestamp>2897.771366</timestamp>
			</report>
			<report>
				<misses>9358001</misses>
				<total>36</total>
				<timestamp>2898.081062</timestamp>
			</report>
			<report>
				<misses>9359001</misses>
				<total>36</total>
				<timestamp>2898.390813</timestamp>
			</report>
			<report>
				<misses>9360001</misses>
				<total>36</total>
				<timestamp>2898.700444</timestamp>
			</report>
			<report>
				<misses>9361001</misses>
				<total>36</total>
				<timestamp>2899.010149</timestamp>
			</report>
			<report>
				<misses>9362001</misses>
				<total>36</total>
				<timestamp>2899.319867</timestamp>
			</report>
			<report>
				<misses>9363001</misses>
				<total>36</total>
				<timestamp>2899.629522</timestamp>
			</report>
			<report>
				<misses>9364001</misses>
				<total>36</total>
				<timestamp>2899.939197</timestamp>
			</report>
			<report>
				<misses>9365001</misses>
				<total>36</total>
				<timestamp>2900.248882</timestamp>
			</report>
			<report>
				<misses>9366001</misses>
				<total>36</total>
				<timestamp>2900.558584</timestamp>
			</report>
			<report>
				<misses>9367001</misses>
				<total>36</total>
				<timestamp>2900.868281</timestamp>
			</report>
			<report>
				<misses>9368001</misses>
				<total>36</total>
				<timestamp>2901.178006</timestamp>
			</report>
			<report>
				<misses>9369001</misses>
				<total>36</total>
				<timestamp>2901.487685</timestamp>
			</report>
			<report>
				<misses>9370001</misses>
				<total>36</total>
				<timestamp>2901.797327</timestamp>
			</report>
			<report>
				<misses>9371001</misses>
				<total>36</total>
				<timestamp>2902.107026</timestamp>
			</report>
			<report>
				<misses>9372001</misses>
				<total>36</total>
				<timestamp>2902.416714</timestamp>
			</report>
			<report>
				<misses>9373001</misses>
				<total>36</total>
				<timestamp>2902.726399</timestamp>
			</report>
			<report>
				<misses>9374001</misses>
				<total>36</total>
				<timestamp>2903.036085</timestamp>
			</report>
			<report>
				<misses>9375001</misses>
				<total>36</total>
				<timestamp>2903.345777</timestamp>
			</report>
			<report>
				<misses>9376001</misses>
				<total>36</total>
				<timestamp>2903.655540</timestamp>
			</report>
			<report>
				<misses>9377001</misses>
				<total>36</total>
				<timestamp>2903.965162</timestamp>
			</report>
			<report>
				<misses>9378001</misses>
				<total>36</total>
				<timestamp>2904.274857</timestamp>
			</report>
			<report>
				<misses>9379001</misses>
				<total>36</total>
				<timestamp>2904.584539</timestamp>
			</report>
			<report>
				<misses>9380001</misses>
				<total>36</total>
				<timestamp>2904.894224</timestamp>
			</report>
			<report>
				<misses>9381001</misses>
				<total>36</total>
				<timestamp>2905.203925</timestamp>
			</report>
			<report>
				<misses>9382001</misses>
				<total>36</total>
				<timestamp>2905.513617</timestamp>
			</report>
			<report>
				<misses>9383001</misses>
				<total>36</total>
				<timestamp>2905.823316</timestamp>
			</report>
			<report>
				<misses>9384001</misses>
				<total>36</total>
				<timestamp>2906.132993</timestamp>
			</report>
			<report>
				<misses>9385001</misses>
				<total>36</total>
				<timestamp>2906.442722</timestamp>
			</report>
			<report>
				<misses>9386001</misses>
				<total>36</total>
				<timestamp>2906.752358</timestamp>
			</report>
			<report>
				<misses>9387001</misses>
				<total>36</total>
				<timestamp>2907.062064</timestamp>
			</report>
			<report>
				<misses>9388001</misses>
				<total>36</total>
				<timestamp>2907.371746</timestamp>
			</report>
			<report>
				<misses>9389001</misses>
				<total>36</total>
				<timestamp>2907.681492</timestamp>
			</report>
			<report>
				<misses>9390001</misses>
				<total>36</total>
				<timestamp>2907.991120</timestamp>
			</report>
			<report>
				<misses>9391001</misses>
				<total>36</total>
				<timestamp>2908.300823</timestamp>
			</report>
			<report>
				<misses>9392001</misses>
				<total>36</total>
				<timestamp>2908.610549</timestamp>
			</report>
			<report>
				<misses>9393001</misses>
				<total>36</total>
				<timestamp>2908.920202</timestamp>
			</report>
			<report>
				<misses>9394001</misses>
				<total>36</total>
				<timestamp>2909.229895</timestamp>
			</report>
			<report>
				<misses>9395001</misses>
				<total>36</total>
				<timestamp>2909.539637</timestamp>
			</report>
			<report>
				<misses>9396001</misses>
				<total>36</total>
				<timestamp>2909.849281</timestamp>
			</report>
			<report>
				<misses>9397001</misses>
				<total>36</total>
				<timestamp>2910.158955</timestamp>
			</report>
			<report>
				<misses>9398001</misses>
				<total>36</total>
				<timestamp>2910.468688</timestamp>
			</report>
			<report>
				<misses>9399001</misses>
				<total>36</total>
				<timestamp>2910.778343</timestamp>
			</report>
			<report>
				<misses>9400001</misses>
				<total>36</total>
				<timestamp>2911.088050</timestamp>
			</report>
			<report>
				<misses>9401001</misses>
				<total>36</total>
				<timestamp>2911.397739</timestamp>
			</report>
			<report>
				<misses>9402001</misses>
				<total>36</total>
				<timestamp>2911.707432</timestamp>
			</report>
			<report>
				<misses>9403001</misses>
				<total>36</total>
				<timestamp>2912.017128</timestamp>
			</report>
			<report>
				<misses>9404001</misses>
				<total>36</total>
				<timestamp>2912.326833</timestamp>
			</report>
			<report>
				<misses>9405001</misses>
				<total>36</total>
				<timestamp>2912.636530</timestamp>
			</report>
			<report>
				<misses>9406001</misses>
				<total>36</total>
				<timestamp>2912.946187</timestamp>
			</report>
			<report>
				<misses>9407001</misses>
				<total>36</total>
				<timestamp>2913.255876</timestamp>
			</report>
			<report>
				<misses>9408001</misses>
				<total>36</total>
				<timestamp>2913.565570</timestamp>
			</report>
			<report>
				<misses>9409001</misses>
				<total>36</total>
				<timestamp>2913.875270</timestamp>
			</report>
			<report>
				<misses>9410001</misses>
				<total>36</total>
				<timestamp>2914.184962</timestamp>
			</report>
			<report>
				<misses>9411001</misses>
				<total>36</total>
				<timestamp>2914.494681</timestamp>
			</report>
			<report>
				<misses>9412001</misses>
				<total>36</total>
				<timestamp>2914.804339</timestamp>
			</report>
			<report>
				<misses>9413001</misses>
				<total>36</total>
				<timestamp>2915.114048</timestamp>
			</report>
			<report>
				<misses>9414001</misses>
				<total>36</total>
				<timestamp>2915.423692</timestamp>
			</report>
			<report>
				<misses>9415001</misses>
				<total>36</total>
				<timestamp>2915.733418</timestamp>
			</report>
			<report>
				<misses>9416001</misses>
				<total>36</total>
				<timestamp>2916.043090</timestamp>
			</report>
			<report>
				<misses>9417001</misses>
				<total>36</total>
				<timestamp>2916.352760</timestamp>
			</report>
			<report>
				<misses>9418001</misses>
				<total>36</total>
				<timestamp>2916.662475</timestamp>
			</report>
			<report>
				<misses>9419001</misses>
				<total>36</total>
				<timestamp>2916.972157</timestamp>
			</report>
			<report>
				<misses>9420001</misses>
				<total>36</total>
				<timestamp>2917.281847</timestamp>
			</report>
			<report>
				<misses>9421001</misses>
				<total>36</total>
				<timestamp>2917.591539</timestamp>
			</report>
			<report>
				<misses>9422001</misses>
				<total>36</total>
				<timestamp>2917.901220</timestamp>
			</report>
			<report>
				<misses>9423001</misses>
				<total>36</total>
				<timestamp>2918.210894</timestamp>
			</report>
			<report>
				<misses>9424001</misses>
				<total>36</total>
				<timestamp>2918.520631</timestamp>
			</report>
			<report>
				<misses>9425001</misses>
				<total>36</total>
				<timestamp>2918.830276</timestamp>
			</report>
			<report>
				<misses>9426001</misses>
				<total>36</total>
				<timestamp>2919.139973</timestamp>
			</report>
			<report>
				<misses>9427001</misses>
				<total>36</total>
				<timestamp>2919.449685</timestamp>
			</report>
			<report>
				<misses>9428001</misses>
				<total>36</total>
				<timestamp>2919.759357</timestamp>
			</report>
			<report>
				<misses>9429001</misses>
				<total>36</total>
				<timestamp>2920.069045</timestamp>
			</report>
			<report>
				<misses>9430001</misses>
				<total>36</total>
				<timestamp>2920.378773</timestamp>
			</report>
			<report>
				<misses>9431001</misses>
				<total>36</total>
				<timestamp>2920.688488</timestamp>
			</report>
			<report>
				<misses>9432001</misses>
				<total>36</total>
				<timestamp>2920.998114</timestamp>
			</report>
			<report>
				<misses>9433001</misses>
				<total>36</total>
				<timestamp>2921.307796</timestamp>
			</report>
			<report>
				<misses>9434001</misses>
				<total>36</total>
				<timestamp>2921.617596</timestamp>
			</report>
			<report>
				<misses>9435001</misses>
				<total>36</total>
				<timestamp>2921.927199</timestamp>
			</report>
			<report>
				<misses>9436001</misses>
				<total>36</total>
				<timestamp>2922.236872</timestamp>
			</report>
			<report>
				<misses>9437001</misses>
				<total>36</total>
				<timestamp>2922.546604</timestamp>
			</report>
			<report>
				<misses>9438001</misses>
				<total>36</total>
				<timestamp>2922.856247</timestamp>
			</report>
			<report>
				<misses>9439001</misses>
				<total>36</total>
				<timestamp>2923.165946</timestamp>
			</report>
			<report>
				<misses>9440001</misses>
				<total>36</total>
				<timestamp>2923.475711</timestamp>
			</report>
			<report>
				<misses>9441001</misses>
				<total>36</total>
				<timestamp>2923.785350</timestamp>
			</report>
			<report>
				<misses>9442001</misses>
				<total>36</total>
				<timestamp>2924.095011</timestamp>
			</report>
			<report>
				<misses>9443001</misses>
				<total>36</total>
				<timestamp>2924.404731</timestamp>
			</report>
			<report>
				<misses>9444001</misses>
				<total>36</total>
				<timestamp>2924.714394</timestamp>
			</report>
			<report>
				<misses>9445001</misses>
				<total>36</total>
				<timestamp>2925.024087</timestamp>
			</report>
			<report>
				<misses>9446001</misses>
				<total>36</total>
				<timestamp>2925.333824</timestamp>
			</report>
			<report>
				<misses>9447001</misses>
				<total>36</total>
				<timestamp>2925.643508</timestamp>
			</report>
			<report>
				<misses>9448001</misses>
				<total>36</total>
				<timestamp>2925.953165</timestamp>
			</report>
			<report>
				<misses>9449001</misses>
				<total>36</total>
				<timestamp>2926.262859</timestamp>
			</report>
			<report>
				<misses>9450001</misses>
				<total>36</total>
				<timestamp>2926.572551</timestamp>
			</report>
			<report>
				<misses>9451001</misses>
				<total>36</total>
				<timestamp>2926.882239</timestamp>
			</report>
			<report>
				<misses>9452001</misses>
				<total>36</total>
				<timestamp>2927.191909</timestamp>
			</report>
			<report>
				<misses>9453001</misses>
				<total>36</total>
				<timestamp>2927.501598</timestamp>
			</report>
			<report>
				<misses>9454001</misses>
				<total>36</total>
				<timestamp>2927.811304</timestamp>
			</report>
			<report>
				<misses>9455001</misses>
				<total>36</total>
				<timestamp>2928.121015</timestamp>
			</report>
			<report>
				<misses>9456001</misses>
				<total>36</total>
				<timestamp>2928.430682</timestamp>
			</report>
			<report>
				<misses>9457001</misses>
				<total>36</total>
				<timestamp>2928.740393</timestamp>
			</report>
			<report>
				<misses>9458001</misses>
				<total>36</total>
				<timestamp>2929.050077</timestamp>
			</report>
			<report>
				<misses>9459001</misses>
				<total>36</total>
				<timestamp>2929.359816</timestamp>
			</report>
			<report>
				<misses>9460001</misses>
				<total>36</total>
				<timestamp>2929.669451</timestamp>
			</report>
			<report>
				<misses>9461001</misses>
				<total>36</total>
				<timestamp>2929.979146</timestamp>
			</report>
			<report>
				<misses>9462001</misses>
				<total>36</total>
				<timestamp>2930.288813</timestamp>
			</report>
			<report>
				<misses>9463001</misses>
				<total>36</total>
				<timestamp>2930.598515</timestamp>
			</report>
			<report>
				<misses>9464001</misses>
				<total>36</total>
				<timestamp>2930.908180</timestamp>
			</report>
			<report>
				<misses>9465001</misses>
				<total>36</total>
				<timestamp>2931.217911</timestamp>
			</report>
			<report>
				<misses>9466001</misses>
				<total>36</total>
				<timestamp>2931.527574</timestamp>
			</report>
			<report>
				<misses>9467001</misses>
				<total>36</total>
				<timestamp>2931.837254</timestamp>
			</report>
			<report>
				<misses>9468001</misses>
				<total>36</total>
				<timestamp>2932.146955</timestamp>
			</report>
			<report>
				<misses>9469001</misses>
				<total>36</total>
				<timestamp>2932.456652</timestamp>
			</report>
			<report>
				<misses>9470001</misses>
				<total>36</total>
				<timestamp>2932.766375</timestamp>
			</report>
			<report>
				<misses>9471001</misses>
				<total>36</total>
				<timestamp>2933.076015</timestamp>
			</report>
			<report>
				<misses>9472001</misses>
				<total>36</total>
				<timestamp>2933.385719</timestamp>
			</report>
			<report>
				<misses>9473001</misses>
				<total>36</total>
				<timestamp>2933.695403</timestamp>
			</report>
			<report>
				<misses>9474001</misses>
				<total>36</total>
				<timestamp>2934.005099</timestamp>
			</report>
			<report>
				<misses>9475001</misses>
				<total>36</total>
				<timestamp>2934.314811</timestamp>
			</report>
			<report>
				<misses>9476001</misses>
				<total>36</total>
				<timestamp>2934.624496</timestamp>
			</report>
			<report>
				<misses>9477001</misses>
				<total>36</total>
				<timestamp>2934.934170</timestamp>
			</report>
			<report>
				<misses>9478001</misses>
				<total>36</total>
				<timestamp>2935.243870</timestamp>
			</report>
			<report>
				<misses>9479001</misses>
				<total>36</total>
				<timestamp>2935.553552</timestamp>
			</report>
			<report>
				<misses>9480001</misses>
				<total>36</total>
				<timestamp>2935.863264</timestamp>
			</report>
			<report>
				<misses>9481001</misses>
				<total>36</total>
				<timestamp>2936.172945</timestamp>
			</report>
			<report>
				<misses>9482001</misses>
				<total>36</total>
				<timestamp>2936.482649</timestamp>
			</report>
			<report>
				<misses>9483001</misses>
				<total>36</total>
				<timestamp>2936.792316</timestamp>
			</report>
			<report>
				<misses>9484001</misses>
				<total>36</total>
				<timestamp>2937.102064</timestamp>
			</report>
			<report>
				<misses>9485001</misses>
				<total>36</total>
				<timestamp>2937.411709</timestamp>
			</report>
			<report>
				<misses>9486001</misses>
				<total>36</total>
				<timestamp>2937.721392</timestamp>
			</report>
			<report>
				<misses>9487001</misses>
				<total>36</total>
				<timestamp>2938.031087</timestamp>
			</report>
			<report>
				<misses>9488001</misses>
				<total>36</total>
				<timestamp>2938.340765</timestamp>
			</report>
			<report>
				<misses>9489001</misses>
				<total>36</total>
				<timestamp>2938.650452</timestamp>
			</report>
			<report>
				<misses>9490001</misses>
				<total>36</total>
				<timestamp>2938.960134</timestamp>
			</report>
			<report>
				<misses>9491001</misses>
				<total>36</total>
				<timestamp>2939.269845</timestamp>
			</report>
			<report>
				<misses>9492001</misses>
				<total>36</total>
				<timestamp>2939.579546</timestamp>
			</report>
			<report>
				<misses>9493001</misses>
				<total>36</total>
				<timestamp>2939.889195</timestamp>
			</report>
			<report>
				<misses>9494001</misses>
				<total>36</total>
				<timestamp>2940.198881</timestamp>
			</report>
			<report>
				<misses>9495001</misses>
				<total>36</total>
				<timestamp>2940.508599</timestamp>
			</report>
			<report>
				<misses>9496001</misses>
				<total>36</total>
				<timestamp>2940.818274</timestamp>
			</report>
			<report>
				<misses>9497001</misses>
				<total>36</total>
				<timestamp>2941.127967</timestamp>
			</report>
			<report>
				<misses>9498001</misses>
				<total>36</total>
				<timestamp>2941.437666</timestamp>
			</report>
			<report>
				<misses>9499001</misses>
				<total>36</total>
				<timestamp>2941.747367</timestamp>
			</report>
			<report>
				<misses>9500001</misses>
				<total>36</total>
				<timestamp>2942.057045</timestamp>
			</report>
			<report>
				<misses>9501001</misses>
				<total>36</total>
				<timestamp>2942.366739</timestamp>
			</report>
			<report>
				<misses>9502001</misses>
				<total>36</total>
				<timestamp>2942.676451</timestamp>
			</report>
			<report>
				<misses>9503001</misses>
				<total>36</total>
				<timestamp>2942.986110</timestamp>
			</report>
			<report>
				<misses>9504001</misses>
				<total>36</total>
				<timestamp>2943.295795</timestamp>
			</report>
			<report>
				<misses>9505001</misses>
				<total>36</total>
				<timestamp>2943.605517</timestamp>
			</report>
			<report>
				<misses>9506001</misses>
				<total>36</total>
				<timestamp>2943.915220</timestamp>
			</report>
			<report>
				<misses>9507001</misses>
				<total>36</total>
				<timestamp>2944.224875</timestamp>
			</report>
			<report>
				<misses>9508001</misses>
				<total>36</total>
				<timestamp>2944.534567</timestamp>
			</report>
			<report>
				<misses>9509001</misses>
				<total>36</total>
				<timestamp>2944.844269</timestamp>
			</report>
			<report>
				<misses>9510001</misses>
				<total>36</total>
				<timestamp>2945.153947</timestamp>
			</report>
			<report>
				<misses>9511001</misses>
				<total>36</total>
				<timestamp>2945.463647</timestamp>
			</report>
			<report>
				<misses>9512001</misses>
				<total>36</total>
				<timestamp>2945.773320</timestamp>
			</report>
			<report>
				<misses>9513001</misses>
				<total>36</total>
				<timestamp>2946.083002</timestamp>
			</report>
			<report>
				<misses>9514001</misses>
				<total>36</total>
				<timestamp>2946.392694</timestamp>
			</report>
			<report>
				<misses>9515001</misses>
				<total>36</total>
				<timestamp>2946.702409</timestamp>
			</report>
			<report>
				<misses>9516001</misses>
				<total>36</total>
				<timestamp>2947.012081</timestamp>
			</report>
			<report>
				<misses>9517001</misses>
				<total>36</total>
				<timestamp>2947.321775</timestamp>
			</report>
			<report>
				<misses>9518001</misses>
				<total>36</total>
				<timestamp>2947.631458</timestamp>
			</report>
			<report>
				<misses>9519001</misses>
				<total>36</total>
				<timestamp>2947.941152</timestamp>
			</report>
			<report>
				<misses>9520001</misses>
				<total>36</total>
				<timestamp>2948.250827</timestamp>
			</report>
			<report>
				<misses>9521001</misses>
				<total>36</total>
				<timestamp>2948.560547</timestamp>
			</report>
			<report>
				<misses>9522001</misses>
				<total>36</total>
				<timestamp>2948.870239</timestamp>
			</report>
			<report>
				<misses>9523001</misses>
				<total>36</total>
				<timestamp>2949.179910</timestamp>
			</report>
			<report>
				<misses>9524001</misses>
				<total>36</total>
				<timestamp>2949.489596</timestamp>
			</report>
			<report>
				<misses>9525001</misses>
				<total>36</total>
				<timestamp>2949.799326</timestamp>
			</report>
			<report>
				<misses>9526001</misses>
				<total>36</total>
				<timestamp>2950.108979</timestamp>
			</report>
			<report>
				<misses>9527001</misses>
				<total>36</total>
				<timestamp>2950.418702</timestamp>
			</report>
			<report>
				<misses>9528001</misses>
				<total>36</total>
				<timestamp>2950.728426</timestamp>
			</report>
			<report>
				<misses>9529001</misses>
				<total>36</total>
				<timestamp>2951.038041</timestamp>
			</report>
			<report>
				<misses>9530001</misses>
				<total>36</total>
				<timestamp>2951.347726</timestamp>
			</report>
			<report>
				<misses>9531001</misses>
				<total>36</total>
				<timestamp>2951.657419</timestamp>
			</report>
			<report>
				<misses>9532001</misses>
				<total>36</total>
				<timestamp>2951.967111</timestamp>
			</report>
			<report>
				<misses>9533001</misses>
				<total>36</total>
				<timestamp>2952.276807</timestamp>
			</report>
			<report>
				<misses>9534001</misses>
				<total>36</total>
				<timestamp>2952.586491</timestamp>
			</report>
			<report>
				<misses>9535001</misses>
				<total>36</total>
				<timestamp>2952.896210</timestamp>
			</report>
			<report>
				<misses>9536001</misses>
				<total>36</total>
				<timestamp>2953.205872</timestamp>
			</report>
			<report>
				<misses>9537001</misses>
				<total>36</total>
				<timestamp>2953.515620</timestamp>
			</report>
			<report>
				<misses>9538001</misses>
				<total>36</total>
				<timestamp>2953.825272</timestamp>
			</report>
			<report>
				<misses>9539001</misses>
				<total>36</total>
				<timestamp>2954.134968</timestamp>
			</report>
			<report>
				<misses>9540001</misses>
				<total>36</total>
				<timestamp>2954.444705</timestamp>
			</report>
			<report>
				<misses>9541001</misses>
				<total>36</total>
				<timestamp>2954.754341</timestamp>
			</report>
			<report>
				<misses>9542001</misses>
				<total>36</total>
				<timestamp>2955.064020</timestamp>
			</report>
			<report>
				<misses>9543001</misses>
				<total>36</total>
				<timestamp>2955.373685</timestamp>
			</report>
			<report>
				<misses>9544001</misses>
				<total>36</total>
				<timestamp>2955.683395</timestamp>
			</report>
			<report>
				<misses>9545001</misses>
				<total>36</total>
				<timestamp>2955.993086</timestamp>
			</report>
			<report>
				<misses>9546001</misses>
				<total>36</total>
				<timestamp>2956.302771</timestamp>
			</report>
			<report>
				<misses>9547001</misses>
				<total>36</total>
				<timestamp>2956.612495</timestamp>
			</report>
			<report>
				<misses>9548001</misses>
				<total>36</total>
				<timestamp>2956.922180</timestamp>
			</report>
			<report>
				<misses>9549001</misses>
				<total>36</total>
				<timestamp>2957.231847</timestamp>
			</report>
			<report>
				<misses>9550001</misses>
				<total>36</total>
				<timestamp>2957.541536</timestamp>
			</report>
			<report>
				<misses>9551001</misses>
				<total>36</total>
				<timestamp>2957.851227</timestamp>
			</report>
			<report>
				<misses>9552001</misses>
				<total>36</total>
				<timestamp>2958.160908</timestamp>
			</report>
			<report>
				<misses>9553001</misses>
				<total>36</total>
				<timestamp>2958.470625</timestamp>
			</report>
			<report>
				<misses>9554001</misses>
				<total>36</total>
				<timestamp>2958.780305</timestamp>
			</report>
			<report>
				<misses>9555001</misses>
				<total>36</total>
				<timestamp>2959.089982</timestamp>
			</report>
			<report>
				<misses>9556001</misses>
				<total>36</total>
				<timestamp>2959.399679</timestamp>
			</report>
			<report>
				<misses>9557001</misses>
				<total>36</total>
				<timestamp>2959.709361</timestamp>
			</report>
			<report>
				<misses>9558001</misses>
				<total>36</total>
				<timestamp>2960.019044</timestamp>
			</report>
			<report>
				<misses>9559001</misses>
				<total>36</total>
				<timestamp>2960.328733</timestamp>
			</report>
			<report>
				<misses>9560001</misses>
				<total>36</total>
				<timestamp>2960.638457</timestamp>
			</report>
			<report>
				<misses>9561001</misses>
				<total>36</total>
				<timestamp>2960.948209</timestamp>
			</report>
			<report>
				<misses>9562001</misses>
				<total>36</total>
				<timestamp>2961.257845</timestamp>
			</report>
			<report>
				<misses>9563001</misses>
				<total>36</total>
				<timestamp>2961.567558</timestamp>
			</report>
			<report>
				<misses>9564001</misses>
				<total>36</total>
				<timestamp>2961.877215</timestamp>
			</report>
			<report>
				<misses>9565001</misses>
				<total>36</total>
				<timestamp>2962.186904</timestamp>
			</report>
			<report>
				<misses>9566001</misses>
				<total>36</total>
				<timestamp>2962.496586</timestamp>
			</report>
			<report>
				<misses>9567001</misses>
				<total>36</total>
				<timestamp>2962.806310</timestamp>
			</report>
			<report>
				<misses>9568001</misses>
				<total>36</total>
				<timestamp>2963.115969</timestamp>
			</report>
			<report>
				<misses>9569001</misses>
				<total>36</total>
				<timestamp>2963.425643</timestamp>
			</report>
			<report>
				<misses>9570001</misses>
				<total>36</total>
				<timestamp>2963.735361</timestamp>
			</report>
			<report>
				<misses>9571001</misses>
				<total>36</total>
				<timestamp>2964.045040</timestamp>
			</report>
			<report>
				<misses>9572001</misses>
				<total>36</total>
				<timestamp>2964.354724</timestamp>
			</report>
			<report>
				<misses>9573001</misses>
				<total>36</total>
				<timestamp>2964.664480</timestamp>
			</report>
			<report>
				<misses>9574001</misses>
				<total>36</total>
				<timestamp>2964.974101</timestamp>
			</report>
			<report>
				<misses>9575001</misses>
				<total>36</total>
				<timestamp>2965.283862</timestamp>
			</report>
			<report>
				<misses>9576001</misses>
				<total>36</total>
				<timestamp>2965.593538</timestamp>
			</report>
			<report>
				<misses>9577001</misses>
				<total>36</total>
				<timestamp>2965.903200</timestamp>
			</report>
			<report>
				<misses>9578001</misses>
				<total>36</total>
				<timestamp>2966.212858</timestamp>
			</report>
			<report>
				<misses>9579001</misses>
				<total>36</total>
				<timestamp>2966.522538</timestamp>
			</report>
			<report>
				<misses>9580001</misses>
				<total>36</total>
				<timestamp>2966.832251</timestamp>
			</report>
			<report>
				<misses>9581001</misses>
				<total>36</total>
				<timestamp>2967.141951</timestamp>
			</report>
			<report>
				<misses>9582001</misses>
				<total>36</total>
				<timestamp>2967.451632</timestamp>
			</report>
			<report>
				<misses>9583001</misses>
				<total>36</total>
				<timestamp>2967.761323</timestamp>
			</report>
			<report>
				<misses>9584001</misses>
				<total>36</total>
				<timestamp>2968.070995</timestamp>
			</report>
			<report>
				<misses>9585001</misses>
				<total>36</total>
				<timestamp>2968.380691</timestamp>
			</report>
			<report>
				<misses>9586001</misses>
				<total>36</total>
				<timestamp>2968.690387</timestamp>
			</report>
			<report>
				<misses>9587001</misses>
				<total>36</total>
				<timestamp>2969.000106</timestamp>
			</report>
			<report>
				<misses>9588001</misses>
				<total>36</total>
				<timestamp>2969.309771</timestamp>
			</report>
			<report>
				<misses>9589001</misses>
				<total>36</total>
				<timestamp>2969.619493</timestamp>
			</report>
			<report>
				<misses>9590001</misses>
				<total>36</total>
				<timestamp>2969.929206</timestamp>
			</report>
			<report>
				<misses>9591001</misses>
				<total>36</total>
				<timestamp>2970.238830</timestamp>
			</report>
			<report>
				<misses>9592001</misses>
				<total>36</total>
				<timestamp>2970.548547</timestamp>
			</report>
			<report>
				<misses>9593001</misses>
				<total>36</total>
				<timestamp>2970.858199</timestamp>
			</report>
			<report>
				<misses>9594001</misses>
				<total>36</total>
				<timestamp>2971.167946</timestamp>
			</report>
			<report>
				<misses>9595001</misses>
				<total>36</total>
				<timestamp>2971.477584</timestamp>
			</report>
			<report>
				<misses>9596001</misses>
				<total>36</total>
				<timestamp>2971.787272</timestamp>
			</report>
			<report>
				<misses>9597001</misses>
				<total>36</total>
				<timestamp>2972.096962</timestamp>
			</report>
			<report>
				<misses>9598001</misses>
				<total>36</total>
				<timestamp>2972.406659</timestamp>
			</report>
			<report>
				<misses>9599001</misses>
				<total>36</total>
				<timestamp>2972.716391</timestamp>
			</report>
			<report>
				<misses>9600001</misses>
				<total>36</total>
				<timestamp>2973.026045</timestamp>
			</report>
			<report>
				<misses>9601001</misses>
				<total>36</total>
				<timestamp>2973.335736</timestamp>
			</report>
			<report>
				<misses>9602001</misses>
				<total>36</total>
				<timestamp>2973.645441</timestamp>
			</report>
			<report>
				<misses>9603001</misses>
				<total>36</total>
				<timestamp>2973.955173</timestamp>
			</report>
			<report>
				<misses>9604001</misses>
				<total>36</total>
				<timestamp>2974.264805</timestamp>
			</report>
			<report>
				<misses>9605001</misses>
				<total>36</total>
				<timestamp>2974.574521</timestamp>
			</report>
			<report>
				<misses>9606001</misses>
				<total>36</total>
				<timestamp>2974.884193</timestamp>
			</report>
			<report>
				<misses>9607001</misses>
				<total>36</total>
				<timestamp>2975.193877</timestamp>
			</report>
			<report>
				<misses>9608001</misses>
				<total>36</total>
				<timestamp>2975.503599</timestamp>
			</report>
			<report>
				<misses>9609001</misses>
				<total>36</total>
				<timestamp>2975.813273</timestamp>
			</report>
			<report>
				<misses>9610001</misses>
				<total>36</total>
				<timestamp>2976.122941</timestamp>
			</report>
			<report>
				<misses>9611001</misses>
				<total>36</total>
				<timestamp>2976.432614</timestamp>
			</report>
			<report>
				<misses>9612001</misses>
				<total>36</total>
				<timestamp>2976.742315</timestamp>
			</report>
			<report>
				<misses>9613001</misses>
				<total>36</total>
				<timestamp>2977.052066</timestamp>
			</report>
			<report>
				<misses>9614001</misses>
				<total>36</total>
				<timestamp>2977.361685</timestamp>
			</report>
			<report>
				<misses>9615001</misses>
				<total>36</total>
				<timestamp>2977.671386</timestamp>
			</report>
			<report>
				<misses>9616001</misses>
				<total>36</total>
				<timestamp>2977.981117</timestamp>
			</report>
			<report>
				<misses>9617001</misses>
				<total>36</total>
				<timestamp>2978.290765</timestamp>
			</report>
			<report>
				<misses>9618001</misses>
				<total>36</total>
				<timestamp>2978.600489</timestamp>
			</report>
			<report>
				<misses>9619001</misses>
				<total>36</total>
				<timestamp>2978.910181</timestamp>
			</report>
			<report>
				<misses>9620001</misses>
				<total>36</total>
				<timestamp>2979.219838</timestamp>
			</report>
			<report>
				<misses>9621001</misses>
				<total>36</total>
				<timestamp>2979.529561</timestamp>
			</report>
			<report>
				<misses>9622001</misses>
				<total>36</total>
				<timestamp>2979.839212</timestamp>
			</report>
			<report>
				<misses>9623001</misses>
				<total>36</total>
				<timestamp>2980.148917</timestamp>
			</report>
			<report>
				<misses>9624001</misses>
				<total>36</total>
				<timestamp>2980.458583</timestamp>
			</report>
			<report>
				<misses>9625001</misses>
				<total>36</total>
				<timestamp>2980.768313</timestamp>
			</report>
			<report>
				<misses>9626001</misses>
				<total>36</total>
				<timestamp>2981.077962</timestamp>
			</report>
			<report>
				<misses>9627001</misses>
				<total>36</total>
				<timestamp>2981.387680</timestamp>
			</report>
			<report>
				<misses>9628001</misses>
				<total>36</total>
				<timestamp>2981.697388</timestamp>
			</report>
			<report>
				<misses>9629001</misses>
				<total>36</total>
				<timestamp>2982.007082</timestamp>
			</report>
			<report>
				<misses>9630001</misses>
				<total>36</total>
				<timestamp>2982.316727</timestamp>
			</report>
			<report>
				<misses>9631001</misses>
				<total>36</total>
				<timestamp>2982.626418</timestamp>
			</report>
			<report>
				<misses>9632001</misses>
				<total>36</total>
				<timestamp>2982.936113</timestamp>
			</report>
			<report>
				<misses>9633001</misses>
				<total>36</total>
				<timestamp>2983.245801</timestamp>
			</report>
			<report>
				<misses>9634001</misses>
				<total>36</total>
				<timestamp>2983.555536</timestamp>
			</report>
			<report>
				<misses>9635001</misses>
				<total>36</total>
				<timestamp>2983.865229</timestamp>
			</report>
			<report>
				<misses>9636001</misses>
				<total>36</total>
				<timestamp>2984.174881</timestamp>
			</report>
			<report>
				<misses>9637001</misses>
				<total>36</total>
				<timestamp>2984.484594</timestamp>
			</report>
			<report>
				<misses>9638001</misses>
				<total>36</total>
				<timestamp>2984.794269</timestamp>
			</report>
			<report>
				<misses>9639001</misses>
				<total>36</total>
				<timestamp>2985.103974</timestamp>
			</report>
			<report>
				<misses>9640001</misses>
				<total>36</total>
				<timestamp>2985.413645</timestamp>
			</report>
			<report>
				<misses>9641001</misses>
				<total>36</total>
				<timestamp>2985.723348</timestamp>
			</report>
			<report>
				<misses>9642001</misses>
				<total>36</total>
				<timestamp>2986.033029</timestamp>
			</report>
			<report>
				<misses>9643001</misses>
				<total>36</total>
				<timestamp>2986.342699</timestamp>
			</report>
			<report>
				<misses>9644001</misses>
				<total>36</total>
				<timestamp>2986.652416</timestamp>
			</report>
			<report>
				<misses>9645001</misses>
				<total>36</total>
				<timestamp>2986.962086</timestamp>
			</report>
			<report>
				<misses>9646001</misses>
				<total>36</total>
				<timestamp>2987.271780</timestamp>
			</report>
			<report>
				<misses>9647001</misses>
				<total>36</total>
				<timestamp>2987.581547</timestamp>
			</report>
			<report>
				<misses>9648001</misses>
				<total>36</total>
				<timestamp>2987.891187</timestamp>
			</report>
			<report>
				<misses>9649001</misses>
				<total>36</total>
				<timestamp>2988.200849</timestamp>
			</report>
			<report>
				<misses>9650001</misses>
				<total>36</total>
				<timestamp>2988.510543</timestamp>
			</report>
			<report>
				<misses>9651001</misses>
				<total>36</total>
				<timestamp>2988.820224</timestamp>
			</report>
			<report>
				<misses>9652001</misses>
				<total>36</total>
				<timestamp>2989.129910</timestamp>
			</report>
			<report>
				<misses>9653001</misses>
				<total>36</total>
				<timestamp>2989.439646</timestamp>
			</report>
			<report>
				<misses>9654001</misses>
				<total>36</total>
				<timestamp>2989.749329</timestamp>
			</report>
			<report>
				<misses>9655001</misses>
				<total>36</total>
				<timestamp>2990.059024</timestamp>
			</report>
			<report>
				<misses>9656001</misses>
				<total>36</total>
				<timestamp>2990.368679</timestamp>
			</report>
			<report>
				<misses>9657001</misses>
				<total>36</total>
				<timestamp>2990.678359</timestamp>
			</report>
			<report>
				<misses>9658001</misses>
				<total>36</total>
				<timestamp>2990.988219</timestamp>
			</report>
			<report>
				<misses>9659001</misses>
				<total>36</total>
				<timestamp>2991.297740</timestamp>
			</report>
			<report>
				<misses>9660001</misses>
				<total>36</total>
				<timestamp>2991.607428</timestamp>
			</report>
			<report>
				<misses>9661001</misses>
				<total>36</total>
				<timestamp>2991.917169</timestamp>
			</report>
			<report>
				<misses>9662001</misses>
				<total>36</total>
				<timestamp>2992.226829</timestamp>
			</report>
			<report>
				<misses>9663001</misses>
				<total>36</total>
				<timestamp>2992.536495</timestamp>
			</report>
			<report>
				<misses>9664001</misses>
				<total>36</total>
				<timestamp>2992.846200</timestamp>
			</report>
			<report>
				<misses>9665001</misses>
				<total>36</total>
				<timestamp>2993.155888</timestamp>
			</report>
			<report>
				<misses>9666001</misses>
				<total>36</total>
				<timestamp>2993.465594</timestamp>
			</report>
			<report>
				<misses>9667001</misses>
				<total>36</total>
				<timestamp>2993.775262</timestamp>
			</report>
			<report>
				<misses>9668001</misses>
				<total>36</total>
				<timestamp>2994.084954</timestamp>
			</report>
			<report>
				<misses>9669001</misses>
				<total>36</total>
				<timestamp>2994.394663</timestamp>
			</report>
			<report>
				<misses>9670001</misses>
				<total>36</total>
				<timestamp>2994.704334</timestamp>
			</report>
			<report>
				<misses>9671001</misses>
				<total>36</total>
				<timestamp>2995.014052</timestamp>
			</report>
			<report>
				<misses>9672001</misses>
				<total>36</total>
				<timestamp>2995.323695</timestamp>
			</report>
			<report>
				<misses>9673001</misses>
				<total>36</total>
				<timestamp>2995.633389</timestamp>
			</report>
			<report>
				<misses>9674001</misses>
				<total>36</total>
				<timestamp>2995.943103</timestamp>
			</report>
			<report>
				<misses>9675001</misses>
				<total>36</total>
				<timestamp>2996.252798</timestamp>
			</report>
			<report>
				<misses>9676001</misses>
				<total>36</total>
				<timestamp>2996.562513</timestamp>
			</report>
			<report>
				<misses>9677001</misses>
				<total>36</total>
				<timestamp>2996.872154</timestamp>
			</report>
			<report>
				<misses>9678001</misses>
				<total>36</total>
				<timestamp>2997.181851</timestamp>
			</report>
			<report>
				<misses>9679001</misses>
				<total>36</total>
				<timestamp>2997.491535</timestamp>
			</report>
			<report>
				<misses>9680001</misses>
				<total>36</total>
				<timestamp>2997.801256</timestamp>
			</report>
			<report>
				<misses>9681001</misses>
				<total>36</total>
				<timestamp>2998.110953</timestamp>
			</report>
			<report>
				<misses>9682001</misses>
				<total>36</total>
				<timestamp>2998.420625</timestamp>
			</report>
			<report>
				<misses>9683001</misses>
				<total>36</total>
				<timestamp>2998.730313</timestamp>
			</report>
			<report>
				<misses>9684001</misses>
				<total>36</total>
				<timestamp>2999.040017</timestamp>
			</report>
			<report>
				<misses>9685001</misses>
				<total>36</total>
				<timestamp>2999.349691</timestamp>
			</report>
			<report>
				<misses>9686001</misses>
				<total>36</total>
				<timestamp>2999.659374</timestamp>
			</report>
			<report>
				<misses>9687001</misses>
				<total>36</total>
				<timestamp>2999.969093</timestamp>
			</report>
			<report>
				<misses>9688001</misses>
				<total>36</total>
				<timestamp>3000.278740</timestamp>
			</report>
			<report>
				<misses>9689001</misses>
				<total>36</total>
				<timestamp>3000.588436</timestamp>
			</report>
			<report>
				<misses>9690001</misses>
				<total>36</total>
				<timestamp>3000.898134</timestamp>
			</report>
			<report>
				<misses>9691001</misses>
				<total>36</total>
				<timestamp>3001.207825</timestamp>
			</report>
			<report>
				<misses>9692001</misses>
				<total>36</total>
				<timestamp>3001.517499</timestamp>
			</report>
			<report>
				<misses>9693001</misses>
				<total>36</total>
				<timestamp>3001.827212</timestamp>
			</report>
			<report>
				<misses>9694001</misses>
				<total>36</total>
				<timestamp>3002.136921</timestamp>
			</report>
			<report>
				<misses>9695001</misses>
				<total>36</total>
				<timestamp>3002.446590</timestamp>
			</report>
			<report>
				<misses>9696001</misses>
				<total>36</total>
				<timestamp>3002.756280</timestamp>
			</report>
			<report>
				<misses>9697001</misses>
				<total>36</total>
				<timestamp>3003.065984</timestamp>
			</report>
			<report>
				<misses>9698001</misses>
				<total>36</total>
				<timestamp>3003.375659</timestamp>
			</report>
			<report>
				<misses>9699001</misses>
				<total>36</total>
				<timestamp>3003.685359</timestamp>
			</report>
			<report>
				<misses>9700001</misses>
				<total>36</total>
				<timestamp>3003.995049</timestamp>
			</report>
			<report>
				<misses>9701001</misses>
				<total>36</total>
				<timestamp>3004.304734</timestamp>
			</report>
			<report>
				<misses>9702001</misses>
				<total>36</total>
				<timestamp>3004.614420</timestamp>
			</report>
			<report>
				<misses>9703001</misses>
				<total>36</total>
				<timestamp>3004.924096</timestamp>
			</report>
			<report>
				<misses>9704001</misses>
				<total>36</total>
				<timestamp>3005.233810</timestamp>
			</report>
			<report>
				<misses>9705001</misses>
				<total>36</total>
				<timestamp>3005.543490</timestamp>
			</report>
			<report>
				<misses>9706001</misses>
				<total>36</total>
				<timestamp>3005.853212</timestamp>
			</report>
			<report>
				<misses>9707001</misses>
				<total>36</total>
				<timestamp>3006.162877</timestamp>
			</report>
			<report>
				<misses>9708001</misses>
				<total>36</total>
				<timestamp>3006.472549</timestamp>
			</report>
			<report>
				<misses>9709001</misses>
				<total>36</total>
				<timestamp>3006.782246</timestamp>
			</report>
			<report>
				<misses>9710001</misses>
				<total>36</total>
				<timestamp>3007.091920</timestamp>
			</report>
			<report>
				<misses>9711001</misses>
				<total>36</total>
				<timestamp>3007.401648</timestamp>
			</report>
			<report>
				<misses>9712001</misses>
				<total>36</total>
				<timestamp>3007.711317</timestamp>
			</report>
			<report>
				<misses>9713001</misses>
				<total>36</total>
				<timestamp>3008.021046</timestamp>
			</report>
			<report>
				<misses>9714001</misses>
				<total>36</total>
				<timestamp>3008.330697</timestamp>
			</report>
			<report>
				<misses>9715001</misses>
				<total>36</total>
				<timestamp>3008.640386</timestamp>
			</report>
			<report>
				<misses>9716001</misses>
				<total>36</total>
				<timestamp>3008.950133</timestamp>
			</report>
			<report>
				<misses>9717001</misses>
				<total>36</total>
				<timestamp>3009.259813</timestamp>
			</report>
			<report>
				<misses>9718001</misses>
				<total>36</total>
				<timestamp>3009.569480</timestamp>
			</report>
			<report>
				<misses>9719001</misses>
				<total>36</total>
				<timestamp>3009.879187</timestamp>
			</report>
			<report>
				<misses>9720001</misses>
				<total>36</total>
				<timestamp>3010.188857</timestamp>
			</report>
			<report>
				<misses>9721001</misses>
				<total>36</total>
				<timestamp>3010.498556</timestamp>
			</report>
			<report>
				<misses>9722001</misses>
				<total>36</total>
				<timestamp>3010.808224</timestamp>
			</report>
			<report>
				<misses>9723001</misses>
				<total>36</total>
				<timestamp>3011.117918</timestamp>
			</report>
			<report>
				<misses>9724001</misses>
				<total>36</total>
				<timestamp>3011.427616</timestamp>
			</report>
			<report>
				<misses>9725001</misses>
				<total>36</total>
				<timestamp>3011.737337</timestamp>
			</report>
			<report>
				<misses>9726001</misses>
				<total>36</total>
				<timestamp>3012.046996</timestamp>
			</report>
			<report>
				<misses>9727001</misses>
				<total>36</total>
				<timestamp>3012.356671</timestamp>
			</report>
			<report>
				<misses>9728001</misses>
				<total>36</total>
				<timestamp>3012.666439</timestamp>
			</report>
			<report>
				<misses>9729001</misses>
				<total>36</total>
				<timestamp>3012.976060</timestamp>
			</report>
			<report>
				<misses>9730001</misses>
				<total>36</total>
				<timestamp>3013.285757</timestamp>
			</report>
			<report>
				<misses>9731001</misses>
				<total>36</total>
				<timestamp>3013.595416</timestamp>
			</report>
			<report>
				<misses>9732001</misses>
				<total>36</total>
				<timestamp>3013.905166</timestamp>
			</report>
			<report>
				<misses>9733001</misses>
				<total>36</total>
				<timestamp>3014.214827</timestamp>
			</report>
			<report>
				<misses>9734001</misses>
				<total>36</total>
				<timestamp>3014.524505</timestamp>
			</report>
			<report>
				<misses>9735001</misses>
				<total>36</total>
				<timestamp>3014.834183</timestamp>
			</report>
			<report>
				<misses>9736001</misses>
				<total>36</total>
				<timestamp>3015.143880</timestamp>
			</report>
			<report>
				<misses>9737001</misses>
				<total>36</total>
				<timestamp>3015.453589</timestamp>
			</report>
			<report>
				<misses>9738001</misses>
				<total>36</total>
				<timestamp>3015.763247</timestamp>
			</report>
			<report>
				<misses>9739001</misses>
				<total>36</total>
				<timestamp>3016.072999</timestamp>
			</report>
			<report>
				<misses>9740001</misses>
				<total>36</total>
				<timestamp>3016.382661</timestamp>
			</report>
			<report>
				<misses>9741001</misses>
				<total>36</total>
				<timestamp>3016.692332</timestamp>
			</report>
			<report>
				<misses>9742001</misses>
				<total>36</total>
				<timestamp>3017.002008</timestamp>
			</report>
			<report>
				<misses>9743001</misses>
				<total>36</total>
				<timestamp>3017.311699</timestamp>
			</report>
			<report>
				<misses>9744001</misses>
				<total>36</total>
				<timestamp>3017.621399</timestamp>
			</report>
			<report>
				<misses>9745001</misses>
				<total>36</total>
				<timestamp>3017.931121</timestamp>
			</report>
			<report>
				<misses>9746001</misses>
				<total>36</total>
				<timestamp>3018.240803</timestamp>
			</report>
			<report>
				<misses>9747001</misses>
				<total>36</total>
				<timestamp>3018.550473</timestamp>
			</report>
			<report>
				<misses>9748001</misses>
				<total>36</total>
				<timestamp>3018.860198</timestamp>
			</report>
			<report>
				<misses>9749001</misses>
				<total>36</total>
				<timestamp>3019.169832</timestamp>
			</report>
			<report>
				<misses>9750001</misses>
				<total>36</total>
				<timestamp>3019.479545</timestamp>
			</report>
			<report>
				<misses>9751001</misses>
				<total>36</total>
				<timestamp>3019.789221</timestamp>
			</report>
			<report>
				<misses>9752001</misses>
				<total>36</total>
				<timestamp>3020.098934</timestamp>
			</report>
			<report>
				<misses>9753001</misses>
				<total>36</total>
				<timestamp>3020.408614</timestamp>
			</report>
			<report>
				<misses>9754001</misses>
				<total>36</total>
				<timestamp>3020.718309</timestamp>
			</report>
			<report>
				<misses>9755001</misses>
				<total>36</total>
				<timestamp>3021.027985</timestamp>
			</report>
			<report>
				<misses>9756001</misses>
				<total>36</total>
				<timestamp>3021.337670</timestamp>
			</report>
			<report>
				<misses>9757001</misses>
				<total>36</total>
				<timestamp>3021.647411</timestamp>
			</report>
			<report>
				<misses>9758001</misses>
				<total>36</total>
				<timestamp>3021.957079</timestamp>
			</report>
			<report>
				<misses>9759001</misses>
				<total>36</total>
				<timestamp>3022.266818</timestamp>
			</report>
			<report>
				<misses>9760001</misses>
				<total>36</total>
				<timestamp>3022.576427</timestamp>
			</report>
			<report>
				<misses>9761001</misses>
				<total>36</total>
				<timestamp>3022.886139</timestamp>
			</report>
			<report>
				<misses>9762001</misses>
				<total>36</total>
				<timestamp>3023.195822</timestamp>
			</report>
			<report>
				<misses>9763001</misses>
				<total>36</total>
				<timestamp>3023.505511</timestamp>
			</report>
			<report>
				<misses>9764001</misses>
				<total>36</total>
				<timestamp>3023.815204</timestamp>
			</report>
			<report>
				<misses>9765001</misses>
				<total>36</total>
				<timestamp>3024.124925</timestamp>
			</report>
			<report>
				<misses>9766001</misses>
				<total>36</total>
				<timestamp>3024.434627</timestamp>
			</report>
			<report>
				<misses>9767001</misses>
				<total>36</total>
				<timestamp>3024.744307</timestamp>
			</report>
			<report>
				<misses>9768001</misses>
				<total>36</total>
				<timestamp>3025.053946</timestamp>
			</report>
			<report>
				<misses>9769001</misses>
				<total>36</total>
				<timestamp>3025.363665</timestamp>
			</report>
			<report>
				<misses>9770001</misses>
				<total>36</total>
				<timestamp>3025.673383</timestamp>
			</report>
			<report>
				<misses>9771001</misses>
				<total>36</total>
				<timestamp>3025.983030</timestamp>
			</report>
			<report>
				<misses>9772001</misses>
				<total>36</total>
				<timestamp>3026.292734</timestamp>
			</report>
			<report>
				<misses>9773001</misses>
				<total>36</total>
				<timestamp>3026.602398</timestamp>
			</report>
			<report>
				<misses>9774001</misses>
				<total>36</total>
				<timestamp>3026.912112</timestamp>
			</report>
			<report>
				<misses>9775001</misses>
				<total>36</total>
				<timestamp>3027.221819</timestamp>
			</report>
			<report>
				<misses>9776001</misses>
				<total>36</total>
				<timestamp>3027.531493</timestamp>
			</report>
			<report>
				<misses>9777001</misses>
				<total>36</total>
				<timestamp>3027.841165</timestamp>
			</report>
			<report>
				<misses>9778001</misses>
				<total>36</total>
				<timestamp>3028.150856</timestamp>
			</report>
			<report>
				<misses>9779001</misses>
				<total>36</total>
				<timestamp>3028.460552</timestamp>
			</report>
			<report>
				<misses>9780001</misses>
				<total>36</total>
				<timestamp>3028.770242</timestamp>
			</report>
			<report>
				<misses>9781001</misses>
				<total>36</total>
				<timestamp>3029.079945</timestamp>
			</report>
			<report>
				<misses>9782001</misses>
				<total>36</total>
				<timestamp>3029.389621</timestamp>
			</report>
			<report>
				<misses>9783001</misses>
				<total>36</total>
				<timestamp>3029.699332</timestamp>
			</report>
			<report>
				<misses>9784001</misses>
				<total>36</total>
				<timestamp>3030.009011</timestamp>
			</report>
			<report>
				<misses>9785001</misses>
				<total>36</total>
				<timestamp>3030.318729</timestamp>
			</report>
			<report>
				<misses>9786001</misses>
				<total>36</total>
				<timestamp>3030.628369</timestamp>
			</report>
			<report>
				<misses>9787001</misses>
				<total>36</total>
				<timestamp>3030.938080</timestamp>
			</report>
			<report>
				<misses>9788001</misses>
				<total>36</total>
				<timestamp>3031.247776</timestamp>
			</report>
			<report>
				<misses>9789001</misses>
				<total>36</total>
				<timestamp>3031.557454</timestamp>
			</report>
			<report>
				<misses>9790001</misses>
				<total>36</total>
				<timestamp>3031.867139</timestamp>
			</report>
			<report>
				<misses>9791001</misses>
				<total>36</total>
				<timestamp>3032.176844</timestamp>
			</report>
			<report>
				<misses>9792001</misses>
				<total>36</total>
				<timestamp>3032.486517</timestamp>
			</report>
			<report>
				<misses>9793001</misses>
				<total>36</total>
				<timestamp>3032.796214</timestamp>
			</report>
			<report>
				<misses>9794001</misses>
				<total>36</total>
				<timestamp>3033.105891</timestamp>
			</report>
			<report>
				<misses>9795001</misses>
				<total>36</total>
				<timestamp>3033.415619</timestamp>
			</report>
			<report>
				<misses>9796001</misses>
				<total>36</total>
				<timestamp>3033.725301</timestamp>
			</report>
			<report>
				<misses>9797001</misses>
				<total>36</total>
				<timestamp>3034.034995</timestamp>
			</report>
			<report>
				<misses>9798001</misses>
				<total>36</total>
				<timestamp>3034.344678</timestamp>
			</report>
			<report>
				<misses>9799001</misses>
				<total>36</total>
				<timestamp>3034.654352</timestamp>
			</report>
			<report>
				<misses>9800001</misses>
				<total>36</total>
				<timestamp>3034.964063</timestamp>
			</report>
			<report>
				<misses>9801001</misses>
				<total>36</total>
				<timestamp>3035.273741</timestamp>
			</report>
			<report>
				<misses>9802001</misses>
				<total>36</total>
				<timestamp>3035.583458</timestamp>
			</report>
			<report>
				<misses>9803001</misses>
				<total>36</total>
				<timestamp>3035.893102</timestamp>
			</report>
			<report>
				<misses>9804001</misses>
				<total>36</total>
				<timestamp>3036.202811</timestamp>
			</report>
			<report>
				<misses>9805001</misses>
				<total>36</total>
				<timestamp>3036.512503</timestamp>
			</report>
			<report>
				<misses>9806001</misses>
				<total>36</total>
				<timestamp>3036.822173</timestamp>
			</report>
			<report>
				<misses>9807001</misses>
				<total>36</total>
				<timestamp>3037.131880</timestamp>
			</report>
			<report>
				<misses>9808001</misses>
				<total>36</total>
				<timestamp>3037.441537</timestamp>
			</report>
			<report>
				<misses>9809001</misses>
				<total>36</total>
				<timestamp>3037.751252</timestamp>
			</report>
			<report>
				<misses>9810001</misses>
				<total>36</total>
				<timestamp>3038.060957</timestamp>
			</report>
			<report>
				<misses>9811001</misses>
				<total>36</total>
				<timestamp>3038.370689</timestamp>
			</report>
			<report>
				<misses>9812001</misses>
				<total>36</total>
				<timestamp>3038.680305</timestamp>
			</report>
			<report>
				<misses>9813001</misses>
				<total>36</total>
				<timestamp>3038.989999</timestamp>
			</report>
			<report>
				<misses>9814001</misses>
				<total>36</total>
				<timestamp>3039.299727</timestamp>
			</report>
			<report>
				<misses>9815001</misses>
				<total>36</total>
				<timestamp>3039.609406</timestamp>
			</report>
			<report>
				<misses>9816001</misses>
				<total>36</total>
				<timestamp>3039.919084</timestamp>
			</report>
			<report>
				<misses>9817001</misses>
				<total>36</total>
				<timestamp>3040.228782</timestamp>
			</report>
			<report>
				<misses>9818001</misses>
				<total>36</total>
				<timestamp>3040.538482</timestamp>
			</report>
			<report>
				<misses>9819001</misses>
				<total>36</total>
				<timestamp>3040.848144</timestamp>
			</report>
			<report>
				<misses>9820001</misses>
				<total>36</total>
				<timestamp>3041.157857</timestamp>
			</report>
			<report>
				<misses>9821001</misses>
				<total>36</total>
				<timestamp>3041.467538</timestamp>
			</report>
			<report>
				<misses>9822001</misses>
				<total>36</total>
				<timestamp>3041.777255</timestamp>
			</report>
			<report>
				<misses>9823001</misses>
				<total>36</total>
				<timestamp>3042.086903</timestamp>
			</report>
			<report>
				<misses>9824001</misses>
				<total>36</total>
				<timestamp>3042.396610</timestamp>
			</report>
			<report>
				<misses>9825001</misses>
				<total>36</total>
				<timestamp>3042.706277</timestamp>
			</report>
			<report>
				<misses>9826001</misses>
				<total>36</total>
				<timestamp>3043.016007</timestamp>
			</report>
			<report>
				<misses>9827001</misses>
				<total>36</total>
				<timestamp>3043.325782</timestamp>
			</report>
			<report>
				<misses>9828001</misses>
				<total>36</total>
				<timestamp>3043.635408</timestamp>
			</report>
			<report>
				<misses>9829001</misses>
				<total>36</total>
				<timestamp>3043.945056</timestamp>
			</report>
			<report>
				<misses>9830001</misses>
				<total>36</total>
				<timestamp>3044.254777</timestamp>
			</report>
			<report>
				<misses>9831001</misses>
				<total>36</total>
				<timestamp>3044.564467</timestamp>
			</report>
			<report>
				<misses>9832001</misses>
				<total>36</total>
				<timestamp>3044.874141</timestamp>
			</report>
			<report>
				<misses>9833001</misses>
				<total>36</total>
				<timestamp>3045.183813</timestamp>
			</report>
			<report>
				<misses>9834001</misses>
				<total>36</total>
				<timestamp>3045.493506</timestamp>
			</report>
			<report>
				<misses>9835001</misses>
				<total>36</total>
				<timestamp>3045.803190</timestamp>
			</report>
			<report>
				<misses>9836001</misses>
				<total>36</total>
				<timestamp>3046.112880</timestamp>
			</report>
			<report>
				<misses>9837001</misses>
				<total>36</total>
				<timestamp>3046.422574</timestamp>
			</report>
			<report>
				<misses>9838001</misses>
				<total>36</total>
				<timestamp>3046.732240</timestamp>
			</report>
			<report>
				<misses>9839001</misses>
				<total>36</total>
				<timestamp>3047.041934</timestamp>
			</report>
			<report>
				<misses>9840001</misses>
				<total>36</total>
				<timestamp>3047.351705</timestamp>
			</report>
			<report>
				<misses>9841001</misses>
				<total>36</total>
				<timestamp>3047.661354</timestamp>
			</report>
			<report>
				<misses>9842001</misses>
				<total>36</total>
				<timestamp>3047.971063</timestamp>
			</report>
			<report>
				<misses>9843001</misses>
				<total>36</total>
				<timestamp>3048.280746</timestamp>
			</report>
			<report>
				<misses>9844001</misses>
				<total>36</total>
				<timestamp>3048.590393</timestamp>
			</report>
			<report>
				<misses>9845001</misses>
				<total>36</total>
				<timestamp>3048.900101</timestamp>
			</report>
			<report>
				<misses>9846001</misses>
				<total>36</total>
				<timestamp>3049.209787</timestamp>
			</report>
			<report>
				<misses>9847001</misses>
				<total>36</total>
				<timestamp>3049.519519</timestamp>
			</report>
			<report>
				<misses>9848001</misses>
				<total>36</total>
				<timestamp>3049.829199</timestamp>
			</report>
			<report>
				<misses>9849001</misses>
				<total>36</total>
				<timestamp>3050.138861</timestamp>
			</report>
			<report>
				<misses>9850001</misses>
				<total>36</total>
				<timestamp>3050.448556</timestamp>
			</report>
			<report>
				<misses>9851001</misses>
				<total>36</total>
				<timestamp>3050.758244</timestamp>
			</report>
			<report>
				<misses>9852001</misses>
				<total>36</total>
				<timestamp>3051.067911</timestamp>
			</report>
			<report>
				<misses>9853001</misses>
				<total>36</total>
				<timestamp>3051.377684</timestamp>
			</report>
			<report>
				<misses>9854001</misses>
				<total>36</total>
				<timestamp>3051.687305</timestamp>
			</report>
			<report>
				<misses>9855001</misses>
				<total>36</total>
				<timestamp>3051.996992</timestamp>
			</report>
			<report>
				<misses>9856001</misses>
				<total>36</total>
				<timestamp>3052.306690</timestamp>
			</report>
			<report>
				<misses>9857001</misses>
				<total>36</total>
				<timestamp>3052.616397</timestamp>
			</report>
			<report>
				<misses>9858001</misses>
				<total>36</total>
				<timestamp>3052.926074</timestamp>
			</report>
			<report>
				<misses>9859001</misses>
				<total>36</total>
				<timestamp>3053.235752</timestamp>
			</report>
			<report>
				<misses>9860001</misses>
				<total>36</total>
				<timestamp>3053.545439</timestamp>
			</report>
			<report>
				<misses>9861001</misses>
				<total>36</total>
				<timestamp>3053.855187</timestamp>
			</report>
			<report>
				<misses>9862001</misses>
				<total>36</total>
				<timestamp>3054.164846</timestamp>
			</report>
			<report>
				<misses>9863001</misses>
				<total>36</total>
				<timestamp>3054.474506</timestamp>
			</report>
			<report>
				<misses>9864001</misses>
				<total>36</total>
				<timestamp>3054.784185</timestamp>
			</report>
			<report>
				<misses>9865001</misses>
				<total>36</total>
				<timestamp>3055.093887</timestamp>
			</report>
			<report>
				<misses>9866001</misses>
				<total>36</total>
				<timestamp>3055.403625</timestamp>
			</report>
			<report>
				<misses>9867001</misses>
				<total>36</total>
				<timestamp>3055.713273</timestamp>
			</report>
			<report>
				<misses>9868001</misses>
				<total>36</total>
				<timestamp>3056.022957</timestamp>
			</report>
			<report>
				<misses>9869001</misses>
				<total>36</total>
				<timestamp>3056.332650</timestamp>
			</report>
			<report>
				<misses>9870001</misses>
				<total>36</total>
				<timestamp>3056.642325</timestamp>
			</report>
			<report>
				<misses>9871001</misses>
				<total>36</total>
				<timestamp>3056.952035</timestamp>
			</report>
			<report>
				<misses>9872001</misses>
				<total>36</total>
				<timestamp>3057.261724</timestamp>
			</report>
			<report>
				<misses>9873001</misses>
				<total>36</total>
				<timestamp>3057.571391</timestamp>
			</report>
			<report>
				<misses>9874001</misses>
				<total>36</total>
				<timestamp>3057.881121</timestamp>
			</report>
			<report>
				<misses>9875001</misses>
				<total>36</total>
				<timestamp>3058.190776</timestamp>
			</report>
			<report>
				<misses>9876001</misses>
				<total>36</total>
				<timestamp>3058.500511</timestamp>
			</report>
			<report>
				<misses>9877001</misses>
				<total>36</total>
				<timestamp>3058.810158</timestamp>
			</report>
			<report>
				<misses>9878001</misses>
				<total>36</total>
				<timestamp>3059.119856</timestamp>
			</report>
			<report>
				<misses>9879001</misses>
				<total>36</total>
				<timestamp>3059.429591</timestamp>
			</report>
			<report>
				<misses>9880001</misses>
				<total>36</total>
				<timestamp>3059.739228</timestamp>
			</report>
			<report>
				<misses>9881001</misses>
				<total>36</total>
				<timestamp>3060.048913</timestamp>
			</report>
			<report>
				<misses>9882001</misses>
				<total>36</total>
				<timestamp>3060.358709</timestamp>
			</report>
			<report>
				<misses>9883001</misses>
				<total>36</total>
				<timestamp>3060.668309</timestamp>
			</report>
			<report>
				<misses>9884001</misses>
				<total>36</total>
				<timestamp>3060.978038</timestamp>
			</report>
			<report>
				<misses>9885001</misses>
				<total>36</total>
				<timestamp>3061.287696</timestamp>
			</report>
			<report>
				<misses>9886001</misses>
				<total>36</total>
				<timestamp>3061.597383</timestamp>
			</report>
			<report>
				<misses>9887001</misses>
				<total>36</total>
				<timestamp>3061.907103</timestamp>
			</report>
			<report>
				<misses>9888001</misses>
				<total>36</total>
				<timestamp>3062.216737</timestamp>
			</report>
			<report>
				<misses>9889001</misses>
				<total>36</total>
				<timestamp>3062.526446</timestamp>
			</report>
			<report>
				<misses>9890001</misses>
				<total>36</total>
				<timestamp>3062.836121</timestamp>
			</report>
			<report>
				<misses>9891001</misses>
				<total>36</total>
				<timestamp>3063.145824</timestamp>
			</report>
			<report>
				<misses>9892001</misses>
				<total>36</total>
				<timestamp>3063.455556</timestamp>
			</report>
			<report>
				<misses>9893001</misses>
				<total>36</total>
				<timestamp>3063.765211</timestamp>
			</report>
			<report>
				<misses>9894001</misses>
				<total>36</total>
				<timestamp>3064.074962</timestamp>
			</report>
			<report>
				<misses>9895001</misses>
				<total>36</total>
				<timestamp>3064.384598</timestamp>
			</report>
			<report>
				<misses>9896001</misses>
				<total>36</total>
				<timestamp>3064.694291</timestamp>
			</report>
			<report>
				<misses>9897001</misses>
				<total>36</total>
				<timestamp>3065.003970</timestamp>
			</report>
			<report>
				<misses>9898001</misses>
				<total>36</total>
				<timestamp>3065.313671</timestamp>
			</report>
			<report>
				<misses>9899001</misses>
				<total>36</total>
				<timestamp>3065.623344</timestamp>
			</report>
			<report>
				<misses>9900001</misses>
				<total>36</total>
				<timestamp>3065.933036</timestamp>
			</report>
			<report>
				<misses>9901001</misses>
				<total>36</total>
				<timestamp>3066.242729</timestamp>
			</report>
			<report>
				<misses>9902001</misses>
				<total>36</total>
				<timestamp>3066.552429</timestamp>
			</report>
			<report>
				<misses>9903001</misses>
				<total>36</total>
				<timestamp>3066.862094</timestamp>
			</report>
			<report>
				<misses>9904001</misses>
				<total>36</total>
				<timestamp>3067.171790</timestamp>
			</report>
			<report>
				<misses>9905001</misses>
				<total>36</total>
				<timestamp>3067.481585</timestamp>
			</report>
			<report>
				<misses>9906001</misses>
				<total>36</total>
				<timestamp>3067.791181</timestamp>
			</report>
			<report>
				<misses>9907001</misses>
				<total>36</total>
				<timestamp>3068.100866</timestamp>
			</report>
			<report>
				<misses>9908001</misses>
				<total>36</total>
				<timestamp>3068.410591</timestamp>
			</report>
			<report>
				<misses>9909001</misses>
				<total>36</total>
				<timestamp>3068.720245</timestamp>
			</report>
			<report>
				<misses>9910001</misses>
				<total>36</total>
				<timestamp>3069.029920</timestamp>
			</report>
			<report>
				<misses>9911001</misses>
				<total>36</total>
				<timestamp>3069.339662</timestamp>
			</report>
			<report>
				<misses>9912001</misses>
				<total>36</total>
				<timestamp>3069.649334</timestamp>
			</report>
			<report>
				<misses>9913001</misses>
				<total>36</total>
				<timestamp>3069.959029</timestamp>
			</report>
			<report>
				<misses>9914001</misses>
				<total>36</total>
				<timestamp>3070.268696</timestamp>
			</report>
			<report>
				<misses>9915001</misses>
				<total>36</total>
				<timestamp>3070.578423</timestamp>
			</report>
			<report>
				<misses>9916001</misses>
				<total>36</total>
				<timestamp>3070.888075</timestamp>
			</report>
			<report>
				<misses>9917001</misses>
				<total>36</total>
				<timestamp>3071.197780</timestamp>
			</report>
			<report>
				<misses>9918001</misses>
				<total>36</total>
				<timestamp>3071.507500</timestamp>
			</report>
			<report>
				<misses>9919001</misses>
				<total>36</total>
				<timestamp>3071.817145</timestamp>
			</report>
			<report>
				<misses>9920001</misses>
				<total>36</total>
				<timestamp>3072.126854</timestamp>
			</report>
			<report>
				<misses>9921001</misses>
				<total>36</total>
				<timestamp>3072.436551</timestamp>
			</report>
			<report>
				<misses>9922001</misses>
				<total>36</total>
				<timestamp>3072.746231</timestamp>
			</report>
			<report>
				<misses>9923001</misses>
				<total>36</total>
				<timestamp>3073.055927</timestamp>
			</report>
			<report>
				<misses>9924001</misses>
				<total>36</total>
				<timestamp>3073.365665</timestamp>
			</report>
			<report>
				<misses>9925001</misses>
				<total>36</total>
				<timestamp>3073.675312</timestamp>
			</report>
			<report>
				<misses>9926001</misses>
				<total>36</total>
				<timestamp>3073.984967</timestamp>
			</report>
			<report>
				<misses>9927001</misses>
				<total>36</total>
				<timestamp>3074.294669</timestamp>
			</report>
			<report>
				<misses>9928001</misses>
				<total>36</total>
				<timestamp>3074.604349</timestamp>
			</report>
			<report>
				<misses>9929001</misses>
				<total>36</total>
				<timestamp>3074.914041</timestamp>
			</report>
			<report>
				<misses>9930001</misses>
				<total>36</total>
				<timestamp>3075.223747</timestamp>
			</report>
			<report>
				<misses>9931001</misses>
				<total>36</total>
				<timestamp>3075.533484</timestamp>
			</report>
			<report>
				<misses>9932001</misses>
				<total>36</total>
				<timestamp>3075.843114</timestamp>
			</report>
			<report>
				<misses>9933001</misses>
				<total>36</total>
				<timestamp>3076.152806</timestamp>
			</report>
			<report>
				<misses>9934001</misses>
				<total>36</total>
				<timestamp>3076.462522</timestamp>
			</report>
			<report>
				<misses>9935001</misses>
				<total>36</total>
				<timestamp>3076.772179</timestamp>
			</report>
			<report>
				<misses>9936001</misses>
				<total>36</total>
				<timestamp>3077.081907</timestamp>
			</report>
			<report>
				<misses>9937001</misses>
				<total>36</total>
				<timestamp>3077.391605</timestamp>
			</report>
			<report>
				<misses>9938001</misses>
				<total>36</total>
				<timestamp>3077.701297</timestamp>
			</report>
			<report>
				<misses>9939001</misses>
				<total>36</total>
				<timestamp>3078.010932</timestamp>
			</report>
			<report>
				<misses>9940001</misses>
				<total>36</total>
				<timestamp>3078.320628</timestamp>
			</report>
			<report>
				<misses>9941001</misses>
				<total>36</total>
				<timestamp>3078.630320</timestamp>
			</report>
			<report>
				<misses>9942001</misses>
				<total>36</total>
				<timestamp>3078.940023</timestamp>
			</report>
			<report>
				<misses>9943001</misses>
				<total>36</total>
				<timestamp>3079.249746</timestamp>
			</report>
			<report>
				<misses>9944001</misses>
				<total>36</total>
				<timestamp>3079.559414</timestamp>
			</report>
			<report>
				<misses>9945001</misses>
				<total>36</total>
				<timestamp>3079.869082</timestamp>
			</report>
			<report>
				<misses>9946001</misses>
				<total>36</total>
				<timestamp>3080.178770</timestamp>
			</report>
			<report>
				<misses>9947001</misses>
				<total>36</total>
				<timestamp>3080.488472</timestamp>
			</report>
			<report>
				<misses>9948001</misses>
				<total>36</total>
				<timestamp>3080.798169</timestamp>
			</report>
			<report>
				<misses>9949001</misses>
				<total>36</total>
				<timestamp>3081.107857</timestamp>
			</report>
			<report>
				<misses>9950001</misses>
				<total>36</total>
				<timestamp>3081.417581</timestamp>
			</report>
			<report>
				<misses>9951001</misses>
				<total>36</total>
				<timestamp>3081.727237</timestamp>
			</report>
			<report>
				<misses>9952001</misses>
				<total>36</total>
				<timestamp>3082.036919</timestamp>
			</report>
			<report>
				<misses>9953001</misses>
				<total>36</total>
				<timestamp>3082.346638</timestamp>
			</report>
			<report>
				<misses>9954001</misses>
				<total>36</total>
				<timestamp>3082.656291</timestamp>
			</report>
			<report>
				<misses>9955001</misses>
				<total>36</total>
				<timestamp>3082.965991</timestamp>
			</report>
			<report>
				<misses>9956001</misses>
				<total>36</total>
				<timestamp>3083.275671</timestamp>
			</report>
			<report>
				<misses>9957001</misses>
				<total>36</total>
				<timestamp>3083.585399</timestamp>
			</report>
			<report>
				<misses>9958001</misses>
				<total>36</total>
				<timestamp>3083.895091</timestamp>
			</report>
			<report>
				<misses>9959001</misses>
				<total>36</total>
				<timestamp>3084.204749</timestamp>
			</report>
			<report>
				<misses>9960001</misses>
				<total>36</total>
				<timestamp>3084.514466</timestamp>
			</report>
			<report>
				<misses>9961001</misses>
				<total>36</total>
				<timestamp>3084.824122</timestamp>
			</report>
			<report>
				<misses>9962001</misses>
				<total>36</total>
				<timestamp>3085.133857</timestamp>
			</report>
			<report>
				<misses>9963001</misses>
				<total>36</total>
				<timestamp>3085.443562</timestamp>
			</report>
			<report>
				<misses>9964001</misses>
				<total>36</total>
				<timestamp>3085.753203</timestamp>
			</report>
			<report>
				<misses>9965001</misses>
				<total>36</total>
				<timestamp>3086.062908</timestamp>
			</report>
			<report>
				<misses>9966001</misses>
				<total>36</total>
				<timestamp>3086.372585</timestamp>
			</report>
			<report>
				<misses>9967001</misses>
				<total>36</total>
				<timestamp>3086.682270</timestamp>
			</report>
			<report>
				<misses>9968001</misses>
				<total>36</total>
				<timestamp>3086.991957</timestamp>
			</report>
			<report>
				<misses>9969001</misses>
				<total>36</total>
				<timestamp>3087.301657</timestamp>
			</report>
			<report>
				<misses>9970001</misses>
				<total>36</total>
				<timestamp>3087.611347</timestamp>
			</report>
			<report>
				<misses>9971001</misses>
				<total>36</total>
				<timestamp>3087.921039</timestamp>
			</report>
			<report>
				<misses>9972001</misses>
				<total>36</total>
				<timestamp>3088.230713</timestamp>
			</report>
			<report>
				<misses>9973001</misses>
				<total>36</total>
				<timestamp>3088.540406</timestamp>
			</report>
			<report>
				<misses>9974001</misses>
				<total>36</total>
				<timestamp>3088.850096</timestamp>
			</report>
			<report>
				<misses>9975001</misses>
				<total>36</total>
				<timestamp>3089.159798</timestamp>
			</report>
			<report>
				<misses>9976001</misses>
				<total>36</total>
				<timestamp>3089.469528</timestamp>
			</report>
			<report>
				<misses>9977001</misses>
				<total>36</total>
				<timestamp>3089.779173</timestamp>
			</report>
			<report>
				<misses>9978001</misses>
				<total>36</total>
				<timestamp>3090.088877</timestamp>
			</report>
			<report>
				<misses>9979001</misses>
				<total>36</total>
				<timestamp>3090.398539</timestamp>
			</report>
			<report>
				<misses>9980001</misses>
				<total>36</total>
				<timestamp>3090.708249</timestamp>
			</report>
			<report>
				<misses>9981001</misses>
				<total>36</total>
				<timestamp>3091.017927</timestamp>
			</report>
			<report>
				<misses>9982001</misses>
				<total>36</total>
				<timestamp>3091.327611</timestamp>
			</report>
			<report>
				<misses>9983001</misses>
				<total>36</total>
				<timestamp>3091.637337</timestamp>
			</report>
			<report>
				<misses>9984001</misses>
				<total>36</total>
				<timestamp>3091.946997</timestamp>
			</report>
			<report>
				<misses>9985001</misses>
				<total>36</total>
				<timestamp>3092.256681</timestamp>
			</report>
			<report>
				<misses>9986001</misses>
				<total>36</total>
				<timestamp>3092.566414</timestamp>
			</report>
			<report>
				<misses>9987001</misses>
				<total>36</total>
				<timestamp>3092.876061</timestamp>
			</report>
			<report>
				<misses>9988001</misses>
				<total>36</total>
				<timestamp>3093.185756</timestamp>
			</report>
			<report>
				<misses>9989001</misses>
				<total>36</total>
				<timestamp>3093.495454</timestamp>
			</report>
			<report>
				<misses>9990001</misses>
				<total>36</total>
				<timestamp>3093.805125</timestamp>
			</report>
			<report>
				<misses>9991001</misses>
				<total>36</total>
				<timestamp>3094.114858</timestamp>
			</report>
			<report>
				<misses>9992001</misses>
				<total>36</total>
				<timestamp>3094.424526</timestamp>
			</report>
			<report>
				<misses>9993001</misses>
				<total>36</total>
				<timestamp>3094.734202</timestamp>
			</report>
			<report>
				<misses>9994001</misses>
				<total>36</total>
				<timestamp>3095.043897</timestamp>
			</report>
			<report>
				<misses>9995001</misses>
				<total>36</total>
				<timestamp>3095.353597</timestamp>
			</report>
			<report>
				<misses>9996001</misses>
				<total>36</total>
				<timestamp>3095.663274</timestamp>
			</report>
			<report>
				<misses>9997001</misses>
				<total>36</total>
				<timestamp>3095.972960</timestamp>
			</report>
			<report>
				<misses>9998001</misses>
				<total>36</total>
				<timestamp>3096.282662</timestamp>
			</report>
			<report>
				<misses>9999001</misses>
				<total>36</total>
				<timestamp>3096.592408</timestamp>
			</report>
			<report>
				<misses>10000001</misses>
				<total>36</total>
				<timestamp>3096.902020</timestamp>
			</report>
			<report>
				<misses>10001001</misses>
				<total>36</total>
				<timestamp>3097.211727</timestamp>
			</report>
			<report>
				<misses>10002001</misses>
				<total>36</total>
				<timestamp>3097.521414</timestamp>
			</report>
			<report>
				<misses>10003001</misses>
				<total>36</total>
				<timestamp>3097.831102</timestamp>
			</report>
			<report>
				<misses>10004001</misses>
				<total>36</total>
				<timestamp>3098.140828</timestamp>
			</report>
			<report>
				<misses>10005001</misses>
				<total>36</total>
				<timestamp>3098.450513</timestamp>
			</report>
			<report>
				<misses>10006001</misses>
				<total>36</total>
				<timestamp>3098.760176</timestamp>
			</report>
			<report>
				<misses>10007001</misses>
				<total>36</total>
				<timestamp>3099.069875</timestamp>
			</report>
			<report>
				<misses>10008001</misses>
				<total>36</total>
				<timestamp>3099.379569</timestamp>
			</report>
			<report>
				<misses>10009001</misses>
				<total>36</total>
				<timestamp>3099.689269</timestamp>
			</report>
			<report>
				<misses>10010001</misses>
				<total>36</total>
				<timestamp>3099.998931</timestamp>
			</report>
			<report>
				<misses>10011001</misses>
				<total>37</total>
				<timestamp>3100.308653</timestamp>
			</report>
			<report>
				<misses>10012001</misses>
				<total>37</total>
				<timestamp>3100.618373</timestamp>
			</report>
			<report>
				<misses>10013001</misses>
				<total>37</total>
				<timestamp>3100.927993</timestamp>
			</report>
			<report>
				<misses>10014001</misses>
				<total>37</total>
				<timestamp>3101.237707</timestamp>
			</report>
			<report>
				<misses>10015001</misses>
				<total>37</total>
				<timestamp>3101.547424</timestamp>
			</report>
			<report>
				<misses>10016001</misses>
				<total>37</total>
				<timestamp>3101.857069</timestamp>
			</report>
			<report>
				<misses>10017001</misses>
				<total>37</total>
				<timestamp>3102.166752</timestamp>
			</report>
			<report>
				<misses>10018001</misses>
				<total>37</total>
				<timestamp>3102.476473</timestamp>
			</report>
			<report>
				<misses>10019001</misses>
				<total>37</total>
				<timestamp>3102.786138</timestamp>
			</report>
			<report>
				<misses>10020001</misses>
				<total>37</total>
				<timestamp>3103.095848</timestamp>
			</report>
			<report>
				<misses>10021001</misses>
				<total>37</total>
				<timestamp>3103.405551</timestamp>
			</report>
			<report>
				<misses>10022001</misses>
				<total>37</total>
				<timestamp>3103.715234</timestamp>
			</report>
			<report>
				<misses>10023001</misses>
				<total>37</total>
				<timestamp>3104.024910</timestamp>
			</report>
			<report>
				<misses>10024001</misses>
				<total>37</total>
				<timestamp>3104.334604</timestamp>
			</report>
			<report>
				<misses>10025001</misses>
				<total>37</total>
				<timestamp>3104.644352</timestamp>
			</report>
			<report>
				<misses>10026001</misses>
				<total>37</total>
				<timestamp>3104.954000</timestamp>
			</report>
			<report>
				<misses>10027001</misses>
				<total>37</total>
				<timestamp>3105.263678</timestamp>
			</report>
			<report>
				<misses>10028001</misses>
				<total>37</total>
				<timestamp>3105.573416</timestamp>
			</report>
			<report>
				<misses>10029001</misses>
				<total>37</total>
				<timestamp>3105.883030</timestamp>
			</report>
			<report>
				<misses>10030001</misses>
				<total>37</total>
				<timestamp>3106.192775</timestamp>
			</report>
			<report>
				<misses>10031001</misses>
				<total>37</total>
				<timestamp>3106.502461</timestamp>
			</report>
			<report>
				<misses>10032001</misses>
				<total>37</total>
				<timestamp>3106.812172</timestamp>
			</report>
			<report>
				<misses>10033001</misses>
				<total>37</total>
				<timestamp>3107.121791</timestamp>
			</report>
			<report>
				<misses>10034001</misses>
				<total>37</total>
				<timestamp>3107.431496</timestamp>
			</report>
			<report>
				<misses>10035001</misses>
				<total>37</total>
				<timestamp>3107.741182</timestamp>
			</report>
			<report>
				<misses>10036001</misses>
				<total>37</total>
				<timestamp>3108.050867</timestamp>
			</report>
			<report>
				<misses>10037001</misses>
				<total>37</total>
				<timestamp>3108.360569</timestamp>
			</report>
			<report>
				<misses>10038001</misses>
				<total>37</total>
				<timestamp>3108.670327</timestamp>
			</report>
			<report>
				<misses>10039001</misses>
				<total>37</total>
				<timestamp>3108.979939</timestamp>
			</report>
			<report>
				<misses>10040001</misses>
				<total>37</total>
				<timestamp>3109.289636</timestamp>
			</report>
			<report>
				<misses>10041001</misses>
				<total>37</total>
				<timestamp>3109.599343</timestamp>
			</report>
			<report>
				<misses>10042001</misses>
				<total>37</total>
				<timestamp>3109.909002</timestamp>
			</report>
			<report>
				<misses>10043001</misses>
				<total>37</total>
				<timestamp>3110.218718</timestamp>
			</report>
			<report>
				<misses>10044001</misses>
				<total>37</total>
				<timestamp>3110.528399</timestamp>
			</report>
			<report>
				<misses>10045001</misses>
				<total>37</total>
				<timestamp>3110.838107</timestamp>
			</report>
			<report>
				<misses>10046001</misses>
				<total>37</total>
				<timestamp>3111.147758</timestamp>
			</report>
			<report>
				<misses>10047001</misses>
				<total>37</total>
				<timestamp>3111.457479</timestamp>
			</report>
			<report>
				<misses>10048001</misses>
				<total>37</total>
				<timestamp>3111.767154</timestamp>
			</report>
			<report>
				<misses>10049001</misses>
				<total>37</total>
				<timestamp>3112.076837</timestamp>
			</report>
			<report>
				<misses>10050001</misses>
				<total>37</total>
				<timestamp>3112.386538</timestamp>
			</report>
			<report>
				<misses>10051001</misses>
				<total>37</total>
				<timestamp>3112.696230</timestamp>
			</report>
			<report>
				<misses>10052001</misses>
				<total>37</total>
				<timestamp>3113.005907</timestamp>
			</report>
			<report>
				<misses>10053001</misses>
				<total>37</total>
				<timestamp>3113.315589</timestamp>
			</report>
			<report>
				<misses>10054001</misses>
				<total>37</total>
				<timestamp>3113.625371</timestamp>
			</report>
			<report>
				<misses>10055001</misses>
				<total>37</total>
				<timestamp>3113.934985</timestamp>
			</report>
			<report>
				<misses>10056001</misses>
				<total>37</total>
				<timestamp>3114.244673</timestamp>
			</report>
			<report>
				<misses>10057001</misses>
				<total>37</total>
				<timestamp>3114.554361</timestamp>
			</report>
			<report>
				<misses>10058001</misses>
				<total>37</total>
				<timestamp>3114.864053</timestamp>
			</report>
			<report>
				<misses>10059001</misses>
				<total>37</total>
				<timestamp>3115.173760</timestamp>
			</report>
			<report>
				<misses>10060001</misses>
				<total>37</total>
				<timestamp>3115.483428</timestamp>
			</report>
			<report>
				<misses>10061001</misses>
				<total>37</total>
				<timestamp>3115.793137</timestamp>
			</report>
			<report>
				<misses>10062001</misses>
				<total>37</total>
				<timestamp>3116.102820</timestamp>
			</report>
			<report>
				<misses>10063001</misses>
				<total>37</total>
				<timestamp>3116.412525</timestamp>
			</report>
			<report>
				<misses>10064001</misses>
				<total>37</total>
				<timestamp>3116.722222</timestamp>
			</report>
			<report>
				<misses>10065001</misses>
				<total>37</total>
				<timestamp>3117.031869</timestamp>
			</report>
			<report>
				<misses>10066001</misses>
				<total>37</total>
				<timestamp>3117.341570</timestamp>
			</report>
			<report>
				<misses>10067001</misses>
				<total>37</total>
				<timestamp>3117.651319</timestamp>
			</report>
			<report>
				<misses>10068001</misses>
				<total>37</total>
				<timestamp>3117.960973</timestamp>
			</report>
			<report>
				<misses>10069001</misses>
				<total>37</total>
				<timestamp>3118.270669</timestamp>
			</report>
			<report>
				<misses>10070001</misses>
				<total>37</total>
				<timestamp>3118.580342</timestamp>
			</report>
			<report>
				<misses>10071001</misses>
				<total>37</total>
				<timestamp>3118.890025</timestamp>
			</report>
			<report>
				<misses>10072001</misses>
				<total>37</total>
				<timestamp>3119.199776</timestamp>
			</report>
			<report>
				<misses>10073001</misses>
				<total>37</total>
				<timestamp>3119.509420</timestamp>
			</report>
			<report>
				<misses>10074001</misses>
				<total>37</total>
				<timestamp>3119.819104</timestamp>
			</report>
			<report>
				<misses>10075001</misses>
				<total>37</total>
				<timestamp>3120.128785</timestamp>
			</report>
			<report>
				<misses>10076001</misses>
				<total>37</total>
				<timestamp>3120.438490</timestamp>
			</report>
			<report>
				<misses>10077001</misses>
				<total>37</total>
				<timestamp>3120.748221</timestamp>
			</report>
			<report>
				<misses>10078001</misses>
				<total>37</total>
				<timestamp>3121.057898</timestamp>
			</report>
			<report>
				<misses>10079001</misses>
				<total>37</total>
				<timestamp>3121.367537</timestamp>
			</report>
			<report>
				<misses>10080001</misses>
				<total>37</total>
				<timestamp>3121.677250</timestamp>
			</report>
			<report>
				<misses>10081001</misses>
				<total>37</total>
				<timestamp>3121.986933</timestamp>
			</report>
			<report>
				<misses>10082001</misses>
				<total>37</total>
				<timestamp>3122.296639</timestamp>
			</report>
			<report>
				<misses>10083001</misses>
				<total>37</total>
				<timestamp>3122.606346</timestamp>
			</report>
			<report>
				<misses>10084001</misses>
				<total>37</total>
				<timestamp>3122.915987</timestamp>
			</report>
			<report>
				<misses>10085001</misses>
				<total>37</total>
				<timestamp>3123.225680</timestamp>
			</report>
			<report>
				<misses>10086001</misses>
				<total>37</total>
				<timestamp>3123.535364</timestamp>
			</report>
			<report>
				<misses>10087001</misses>
				<total>37</total>
				<timestamp>3123.845070</timestamp>
			</report>
			<report>
				<misses>10088001</misses>
				<total>37</total>
				<timestamp>3124.154757</timestamp>
			</report>
			<report>
				<misses>10089001</misses>
				<total>37</total>
				<timestamp>3124.464462</timestamp>
			</report>
			<report>
				<misses>10090001</misses>
				<total>37</total>
				<timestamp>3124.774168</timestamp>
			</report>
			<report>
				<misses>10091001</misses>
				<total>37</total>
				<timestamp>3125.083836</timestamp>
			</report>
			<report>
				<misses>10092001</misses>
				<total>37</total>
				<timestamp>3125.393586</timestamp>
			</report>
			<report>
				<misses>10093001</misses>
				<total>37</total>
				<timestamp>3125.703230</timestamp>
			</report>
			<report>
				<misses>10094001</misses>
				<total>37</total>
				<timestamp>3126.012888</timestamp>
			</report>
			<report>
				<misses>10095001</misses>
				<total>37</total>
				<timestamp>3126.322591</timestamp>
			</report>
			<report>
				<misses>10096001</misses>
				<total>37</total>
				<timestamp>3126.632291</timestamp>
			</report>
			<report>
				<misses>10097001</misses>
				<total>37</total>
				<timestamp>3126.941969</timestamp>
			</report>
			<report>
				<misses>10098001</misses>
				<total>37</total>
				<timestamp>3127.251644</timestamp>
			</report>
			<report>
				<misses>10099001</misses>
				<total>37</total>
				<timestamp>3127.561367</timestamp>
			</report>
			<report>
				<misses>10100001</misses>
				<total>37</total>
				<timestamp>3127.871055</timestamp>
			</report>
			<report>
				<misses>10101001</misses>
				<total>37</total>
				<timestamp>3128.180745</timestamp>
			</report>
			<report>
				<misses>10102001</misses>
				<total>37</total>
				<timestamp>3128.490412</timestamp>
			</report>
			<report>
				<misses>10103001</misses>
				<total>37</total>
				<timestamp>3128.800167</timestamp>
			</report>
			<report>
				<misses>10104001</misses>
				<total>37</total>
				<timestamp>3129.109810</timestamp>
			</report>
			<report>
				<misses>10105001</misses>
				<total>37</total>
				<timestamp>3129.419534</timestamp>
			</report>
			<report>
				<misses>10106001</misses>
				<total>37</total>
				<timestamp>3129.729177</timestamp>
			</report>
			<report>
				<misses>10107001</misses>
				<total>37</total>
				<timestamp>3130.038859</timestamp>
			</report>
			<report>
				<misses>10108001</misses>
				<total>37</total>
				<timestamp>3130.348610</timestamp>
			</report>
			<report>
				<misses>10109001</misses>
				<total>37</total>
				<timestamp>3130.658298</timestamp>
			</report>
			<report>
				<misses>10110001</misses>
				<total>37</total>
				<timestamp>3130.967963</timestamp>
			</report>
			<report>
				<misses>10111001</misses>
				<total>37</total>
				<timestamp>3131.277658</timestamp>
			</report>
			<report>
				<misses>10112001</misses>
				<total>37</total>
				<timestamp>3131.587332</timestamp>
			</report>
			<report>
				<misses>10113001</misses>
				<total>37</total>
				<timestamp>3131.897007</timestamp>
			</report>
			<report>
				<misses>10114001</misses>
				<total>37</total>
				<timestamp>3132.206714</timestamp>
			</report>
			<report>
				<misses>10115001</misses>
				<total>37</total>
				<timestamp>3132.516387</timestamp>
			</report>
			<report>
				<misses>10116001</misses>
				<total>37</total>
				<timestamp>3132.826115</timestamp>
			</report>
			<report>
				<misses>10117001</misses>
				<total>37</total>
				<timestamp>3133.135781</timestamp>
			</report>
			<report>
				<misses>10118001</misses>
				<total>37</total>
				<timestamp>3133.445501</timestamp>
			</report>
			<report>
				<misses>10119001</misses>
				<total>37</total>
				<timestamp>3133.755164</timestamp>
			</report>
			<report>
				<misses>10120001</misses>
				<total>37</total>
				<timestamp>3134.064884</timestamp>
			</report>
			<report>
				<misses>10121001</misses>
				<total>37</total>
				<timestamp>3134.374538</timestamp>
			</report>
			<report>
				<misses>10122001</misses>
				<total>37</total>
				<timestamp>3134.684239</timestamp>
			</report>
			<report>
				<misses>10123001</misses>
				<total>37</total>
				<timestamp>3134.993917</timestamp>
			</report>
			<report>
				<misses>10124001</misses>
				<total>37</total>
				<timestamp>3135.303661</timestamp>
			</report>
			<report>
				<misses>10125001</misses>
				<total>37</total>
				<timestamp>3135.613275</timestamp>
			</report>
			<report>
				<misses>10126001</misses>
				<total>37</total>
				<timestamp>3135.922985</timestamp>
			</report>
			<report>
				<misses>10127001</misses>
				<total>37</total>
				<timestamp>3136.232700</timestamp>
			</report>
			<report>
				<misses>10128001</misses>
				<total>37</total>
				<timestamp>3136.542345</timestamp>
			</report>
			<report>
				<misses>10129001</misses>
				<total>37</total>
				<timestamp>3136.852083</timestamp>
			</report>
			<report>
				<misses>10130001</misses>
				<total>37</total>
				<timestamp>3137.161757</timestamp>
			</report>
			<report>
				<misses>10131001</misses>
				<total>37</total>
				<timestamp>3137.471436</timestamp>
			</report>
			<report>
				<misses>10132001</misses>
				<total>37</total>
				<timestamp>3137.781161</timestamp>
			</report>
			<report>
				<misses>10133001</misses>
				<total>37</total>
				<timestamp>3138.090825</timestamp>
			</report>
			<report>
				<misses>10134001</misses>
				<total>37</total>
				<timestamp>3138.400525</timestamp>
			</report>
			<report>
				<misses>10135001</misses>
				<total>37</total>
				<timestamp>3138.710218</timestamp>
			</report>
			<report>
				<misses>10136001</misses>
				<total>37</total>
				<timestamp>3139.019877</timestamp>
			</report>
			<report>
				<misses>10137001</misses>
				<total>37</total>
				<timestamp>3139.329625</timestamp>
			</report>
			<report>
				<misses>10138001</misses>
				<total>37</total>
				<timestamp>3139.639260</timestamp>
			</report>
			<report>
				<misses>10139001</misses>
				<total>37</total>
				<timestamp>3139.948940</timestamp>
			</report>
			<report>
				<misses>10140001</misses>
				<total>37</total>
				<timestamp>3140.258635</timestamp>
			</report>
			<report>
				<misses>10141001</misses>
				<total>37</total>
				<timestamp>3140.568344</timestamp>
			</report>
			<report>
				<misses>10142001</misses>
				<total>37</total>
				<timestamp>3140.878042</timestamp>
			</report>
			<report>
				<misses>10143001</misses>
				<total>37</total>
				<timestamp>3141.187711</timestamp>
			</report>
			<report>
				<misses>10144001</misses>
				<total>37</total>
				<timestamp>3141.497392</timestamp>
			</report>
			<report>
				<misses>10145001</misses>
				<total>37</total>
				<timestamp>3141.807135</timestamp>
			</report>
			<report>
				<misses>10146001</misses>
				<total>37</total>
				<timestamp>3142.116774</timestamp>
			</report>
			<report>
				<misses>10147001</misses>
				<total>37</total>
				<timestamp>3142.426482</timestamp>
			</report>
			<report>
				<misses>10148001</misses>
				<total>37</total>
				<timestamp>3142.736206</timestamp>
			</report>
			<report>
				<misses>10149001</misses>
				<total>37</total>
				<timestamp>3143.045846</timestamp>
			</report>
			<report>
				<misses>10150001</misses>
				<total>37</total>
				<timestamp>3143.355585</timestamp>
			</report>
			<report>
				<misses>10151001</misses>
				<total>37</total>
				<timestamp>3143.665244</timestamp>
			</report>
			<report>
				<misses>10152001</misses>
				<total>37</total>
				<timestamp>3143.974916</timestamp>
			</report>
			<report>
				<misses>10153001</misses>
				<total>37</total>
				<timestamp>3144.284622</timestamp>
			</report>
			<report>
				<misses>10154001</misses>
				<total>37</total>
				<timestamp>3144.594299</timestamp>
			</report>
			<report>
				<misses>10155001</misses>
				<total>37</total>
				<timestamp>3144.904018</timestamp>
			</report>
			<report>
				<misses>10156001</misses>
				<total>37</total>
				<timestamp>3145.213684</timestamp>
			</report>
			<report>
				<misses>10157001</misses>
				<total>37</total>
				<timestamp>3145.523381</timestamp>
			</report>
			<report>
				<misses>10158001</misses>
				<total>37</total>
				<timestamp>3145.833108</timestamp>
			</report>
			<report>
				<misses>10159001</misses>
				<total>37</total>
				<timestamp>3146.142723</timestamp>
			</report>
			<report>
				<misses>10160001</misses>
				<total>37</total>
				<timestamp>3146.452453</timestamp>
			</report>
			<report>
				<misses>10161001</misses>
				<total>37</total>
				<timestamp>3146.762149</timestamp>
			</report>
			<report>
				<misses>10162001</misses>
				<total>37</total>
				<timestamp>3147.071825</timestamp>
			</report>
			<report>
				<misses>10163001</misses>
				<total>37</total>
				<timestamp>3147.381568</timestamp>
			</report>
			<report>
				<misses>10164001</misses>
				<total>37</total>
				<timestamp>3147.691207</timestamp>
			</report>
			<report>
				<misses>10165001</misses>
				<total>37</total>
				<timestamp>3148.000900</timestamp>
			</report>
			<report>
				<misses>10166001</misses>
				<total>37</total>
				<timestamp>3148.310616</timestamp>
			</report>
			<report>
				<misses>10167001</misses>
				<total>37</total>
				<timestamp>3148.620263</timestamp>
			</report>
			<report>
				<misses>10168001</misses>
				<total>37</total>
				<timestamp>3148.930003</timestamp>
			</report>
			<report>
				<misses>10169001</misses>
				<total>37</total>
				<timestamp>3149.239642</timestamp>
			</report>
			<report>
				<misses>10170001</misses>
				<total>37</total>
				<timestamp>3149.549340</timestamp>
			</report>
			<report>
				<misses>10171001</misses>
				<total>37</total>
				<timestamp>3149.859033</timestamp>
			</report>
			<report>
				<misses>10172001</misses>
				<total>37</total>
				<timestamp>3150.168730</timestamp>
			</report>
			<report>
				<misses>10173001</misses>
				<total>37</total>
				<timestamp>3150.478414</timestamp>
			</report>
			<report>
				<misses>10174001</misses>
				<total>37</total>
				<timestamp>3150.788162</timestamp>
			</report>
			<report>
				<misses>10175001</misses>
				<total>37</total>
				<timestamp>3151.097830</timestamp>
			</report>
			<report>
				<misses>10176001</misses>
				<total>37</total>
				<timestamp>3151.407527</timestamp>
			</report>
			<report>
				<misses>10177001</misses>
				<total>37</total>
				<timestamp>3151.717175</timestamp>
			</report>
			<report>
				<misses>10178001</misses>
				<total>37</total>
				<timestamp>3152.026895</timestamp>
			</report>
			<report>
				<misses>10179001</misses>
				<total>37</total>
				<timestamp>3152.336563</timestamp>
			</report>
			<report>
				<misses>10180001</misses>
				<total>37</total>
				<timestamp>3152.646227</timestamp>
			</report>
			<report>
				<misses>10181001</misses>
				<total>37</total>
				<timestamp>3152.956000</timestamp>
			</report>
			<report>
				<misses>10182001</misses>
				<total>37</total>
				<timestamp>3153.265672</timestamp>
			</report>
			<report>
				<misses>10183001</misses>
				<total>37</total>
				<timestamp>3153.575355</timestamp>
			</report>
			<report>
				<misses>10184001</misses>
				<total>37</total>
				<timestamp>3153.885062</timestamp>
			</report>
			<report>
				<misses>10185001</misses>
				<total>37</total>
				<timestamp>3154.194700</timestamp>
			</report>
			<report>
				<misses>10186001</misses>
				<total>37</total>
				<timestamp>3154.504380</timestamp>
			</report>
			<report>
				<misses>10187001</misses>
				<total>37</total>
				<timestamp>3154.814066</timestamp>
			</report>
			<report>
				<misses>10188001</misses>
				<total>37</total>
				<timestamp>3155.123746</timestamp>
			</report>
			<report>
				<misses>10189001</misses>
				<total>37</total>
				<timestamp>3155.433448</timestamp>
			</report>
			<report>
				<misses>10190001</misses>
				<total>37</total>
				<timestamp>3155.743155</timestamp>
			</report>
			<report>
				<misses>10191001</misses>
				<total>37</total>
				<timestamp>3156.052893</timestamp>
			</report>
			<report>
				<misses>10192001</misses>
				<total>37</total>
				<timestamp>3156.362548</timestamp>
			</report>
			<report>
				<misses>10193001</misses>
				<total>37</total>
				<timestamp>3156.672224</timestamp>
			</report>
			<report>
				<misses>10194001</misses>
				<total>37</total>
				<timestamp>3156.981913</timestamp>
			</report>
			<report>
				<misses>10195001</misses>
				<total>37</total>
				<timestamp>3157.291584</timestamp>
			</report>
			<report>
				<misses>10196001</misses>
				<total>37</total>
				<timestamp>3157.601270</timestamp>
			</report>
			<report>
				<misses>10197001</misses>
				<total>37</total>
				<timestamp>3157.910983</timestamp>
			</report>
			<report>
				<misses>10198001</misses>
				<total>37</total>
				<timestamp>3158.220666</timestamp>
			</report>
			<report>
				<misses>10199001</misses>
				<total>37</total>
				<timestamp>3158.530342</timestamp>
			</report>
			<report>
				<misses>10200001</misses>
				<total>37</total>
				<timestamp>3158.840078</timestamp>
			</report>
			<report>
				<misses>10201001</misses>
				<total>37</total>
				<timestamp>3159.149713</timestamp>
			</report>
			<report>
				<misses>10202001</misses>
				<total>37</total>
				<timestamp>3159.459420</timestamp>
			</report>
			<report>
				<misses>10203001</misses>
				<total>37</total>
				<timestamp>3159.769119</timestamp>
			</report>
			<report>
				<misses>10204001</misses>
				<total>37</total>
				<timestamp>3160.078848</timestamp>
			</report>
			<report>
				<misses>10205001</misses>
				<total>37</total>
				<timestamp>3160.388490</timestamp>
			</report>
			<report>
				<misses>10206001</misses>
				<total>37</total>
				<timestamp>3160.698188</timestamp>
			</report>
			<report>
				<misses>10207001</misses>
				<total>37</total>
				<timestamp>3161.007905</timestamp>
			</report>
			<report>
				<misses>10208001</misses>
				<total>37</total>
				<timestamp>3161.317549</timestamp>
			</report>
			<report>
				<misses>10209001</misses>
				<total>37</total>
				<timestamp>3161.627237</timestamp>
			</report>
			<report>
				<misses>10210001</misses>
				<total>38</total>
				<timestamp>3161.936964</timestamp>
			</report>
			<report>
				<misses>10211001</misses>
				<total>38</total>
				<timestamp>3162.246648</timestamp>
			</report>
			<report>
				<misses>10212001</misses>
				<total>38</total>
				<timestamp>3162.556355</timestamp>
			</report>
			<report>
				<misses>10213001</misses>
				<total>38</total>
				<timestamp>3162.866035</timestamp>
			</report>
			<report>
				<misses>10214001</misses>
				<total>38</total>
				<timestamp>3163.175728</timestamp>
			</report>
			<report>
				<misses>10215001</misses>
				<total>38</total>
				<timestamp>3163.485401</timestamp>
			</report>
			<report>
				<misses>10216001</misses>
				<total>38</total>
				<timestamp>3163.795085</timestamp>
			</report>
			<report>
				<misses>10217001</misses>
				<total>38</total>
				<timestamp>3164.104759</timestamp>
			</report>
			<report>
				<misses>10218001</misses>
				<total>38</total>
				<timestamp>3164.414548</timestamp>
			</report>
			<report>
				<misses>10219001</misses>
				<total>38</total>
				<timestamp>3164.724133</timestamp>
			</report>
			<report>
				<misses>10220001</misses>
				<total>38</total>
				<timestamp>3165.033831</timestamp>
			</report>
			<report>
				<misses>10221001</misses>
				<total>38</total>
				<timestamp>3165.343557</timestamp>
			</report>
			<report>
				<misses>10222001</misses>
				<total>38</total>
				<timestamp>3165.653200</timestamp>
			</report>
			<report>
				<misses>10223001</misses>
				<total>38</total>
				<timestamp>3165.962968</timestamp>
			</report>
			<report>
				<misses>10224001</misses>
				<total>38</total>
				<timestamp>3166.272625</timestamp>
			</report>
			<report>
				<misses>10225001</misses>
				<total>38</total>
				<timestamp>3166.582322</timestamp>
			</report>
			<report>
				<misses>10226001</misses>
				<total>38</total>
				<timestamp>3166.892006</timestamp>
			</report>
			<report>
				<misses>10227001</misses>
				<total>38</total>
				<timestamp>3167.201695</timestamp>
			</report>
			<report>
				<misses>10228001</misses>
				<total>38</total>
				<timestamp>3167.511404</timestamp>
			</report>
			<report>
				<misses>10229001</misses>
				<total>38</total>
				<timestamp>3167.821043</timestamp>
			</report>
			<report>
				<misses>10230001</misses>
				<total>38</total>
				<timestamp>3168.130744</timestamp>
			</report>
			<report>
				<misses>10231001</misses>
				<total>38</total>
				<timestamp>3168.440427</timestamp>
			</report>
			<report>
				<misses>10232001</misses>
				<total>38</total>
				<timestamp>3168.750129</timestamp>
			</report>
			<report>
				<misses>10233001</misses>
				<total>38</total>
				<timestamp>3169.059833</timestamp>
			</report>
			<report>
				<misses>10234001</misses>
				<total>38</total>
				<timestamp>3169.369511</timestamp>
			</report>
			<report>
				<misses>10235001</misses>
				<total>38</total>
				<timestamp>3169.679168</timestamp>
			</report>
			<report>
				<misses>10236001</misses>
				<total>38</total>
				<timestamp>3169.988961</timestamp>
			</report>
			<report>
				<misses>10237001</misses>
				<total>38</total>
				<timestamp>3170.298570</timestamp>
			</report>
			<report>
				<misses>10238001</misses>
				<total>38</total>
				<timestamp>3170.608263</timestamp>
			</report>
			<report>
				<misses>10239001</misses>
				<total>38</total>
				<timestamp>3170.917972</timestamp>
			</report>
			<report>
				<misses>10240001</misses>
				<total>38</total>
				<timestamp>3171.227639</timestamp>
			</report>
			<report>
				<misses>10241001</misses>
				<total>38</total>
				<timestamp>3171.537338</timestamp>
			</report>
			<report>
				<misses>10242001</misses>
				<total>38</total>
				<timestamp>3171.847063</timestamp>
			</report>
			<report>
				<misses>10243001</misses>
				<total>38</total>
				<timestamp>3172.156705</timestamp>
			</report>
			<report>
				<misses>10244001</misses>
				<total>38</total>
				<timestamp>3172.466447</timestamp>
			</report>
			<report>
				<misses>10245001</misses>
				<total>38</total>
				<timestamp>3172.776099</timestamp>
			</report>
			<report>
				<misses>10246001</misses>
				<total>38</total>
				<timestamp>3173.085784</timestamp>
			</report>
			<report>
				<misses>10247001</misses>
				<total>38</total>
				<timestamp>3173.395483</timestamp>
			</report>
			<report>
				<misses>10248001</misses>
				<total>38</total>
				<timestamp>3173.705158</timestamp>
			</report>
			<report>
				<misses>10249001</misses>
				<total>38</total>
				<timestamp>3174.014878</timestamp>
			</report>
			<report>
				<misses>10250001</misses>
				<total>38</total>
				<timestamp>3174.324531</timestamp>
			</report>
			<report>
				<misses>10251001</misses>
				<total>38</total>
				<timestamp>3174.634271</timestamp>
			</report>
			<report>
				<misses>10252001</misses>
				<total>38</total>
				<timestamp>3174.943914</timestamp>
			</report>
			<report>
				<misses>10253001</misses>
				<total>38</total>
				<timestamp>3175.253621</timestamp>
			</report>
			<report>
				<misses>10254001</misses>
				<total>38</total>
				<timestamp>3175.563302</timestamp>
			</report>
			<report>
				<misses>10255001</misses>
				<total>38</total>
				<timestamp>3175.873013</timestamp>
			</report>
			<report>
				<misses>10256001</misses>
				<total>38</total>
				<timestamp>3176.182684</timestamp>
			</report>
			<report>
				<misses>10257001</misses>
				<total>38</total>
				<timestamp>3176.492360</timestamp>
			</report>
			<report>
				<misses>10258001</misses>
				<total>38</total>
				<timestamp>3176.802036</timestamp>
			</report>
			<report>
				<misses>10259001</misses>
				<total>38</total>
				<timestamp>3177.111787</timestamp>
			</report>
			<report>
				<misses>10260001</misses>
				<total>38</total>
				<timestamp>3177.421443</timestamp>
			</report>
			<report>
				<misses>10261001</misses>
				<total>38</total>
				<timestamp>3177.731129</timestamp>
			</report>
			<report>
				<misses>10262001</misses>
				<total>38</total>
				<timestamp>3178.040879</timestamp>
			</report>
			<report>
				<misses>10263001</misses>
				<total>38</total>
				<timestamp>3178.350499</timestamp>
			</report>
			<report>
				<misses>10264001</misses>
				<total>38</total>
				<timestamp>3178.660197</timestamp>
			</report>
			<report>
				<misses>10265001</misses>
				<total>38</total>
				<timestamp>3178.969942</timestamp>
			</report>
			<report>
				<misses>10266001</misses>
				<total>38</total>
				<timestamp>3179.279593</timestamp>
			</report>
			<report>
				<misses>10267001</misses>
				<total>38</total>
				<timestamp>3179.589277</timestamp>
			</report>
			<report>
				<misses>10268001</misses>
				<total>38</total>
				<timestamp>3179.899015</timestamp>
			</report>
			<report>
				<misses>10269001</misses>
				<total>38</total>
				<timestamp>3180.208644</timestamp>
			</report>
			<report>
				<misses>10270001</misses>
				<total>38</total>
				<timestamp>3180.518327</timestamp>
			</report>
			<report>
				<misses>10271001</misses>
				<total>38</total>
				<timestamp>3180.828054</timestamp>
			</report>
			<report>
				<misses>10272001</misses>
				<total>38</total>
				<timestamp>3181.137713</timestamp>
			</report>
			<report>
				<misses>10273001</misses>
				<total>38</total>
				<timestamp>3181.447443</timestamp>
			</report>
			<report>
				<misses>10274001</misses>
				<total>38</total>
				<timestamp>3181.757104</timestamp>
			</report>
			<report>
				<misses>10275001</misses>
				<total>38</total>
				<timestamp>3182.066793</timestamp>
			</report>
			<report>
				<misses>10276001</misses>
				<total>38</total>
				<timestamp>3182.376535</timestamp>
			</report>
			<report>
				<misses>10277001</misses>
				<total>38</total>
				<timestamp>3182.686172</timestamp>
			</report>
			<report>
				<misses>10278001</misses>
				<total>38</total>
				<timestamp>3182.995924</timestamp>
			</report>
			<report>
				<misses>10279001</misses>
				<total>38</total>
				<timestamp>3183.305582</timestamp>
			</report>
			<report>
				<misses>10280001</misses>
				<total>38</total>
				<timestamp>3183.615256</timestamp>
			</report>
			<report>
				<misses>10281001</misses>
				<total>38</total>
				<timestamp>3183.924944</timestamp>
			</report>
			<report>
				<misses>10282001</misses>
				<total>38</total>
				<timestamp>3184.234631</timestamp>
			</report>
			<report>
				<misses>10283001</misses>
				<total>38</total>
				<timestamp>3184.544304</timestamp>
			</report>
			<report>
				<misses>10284001</misses>
				<total>38</total>
				<timestamp>3184.853998</timestamp>
			</report>
			<report>
				<misses>10285001</misses>
				<total>38</total>
				<timestamp>3185.163701</timestamp>
			</report>
			<report>
				<misses>10286001</misses>
				<total>38</total>
				<timestamp>3185.473454</timestamp>
			</report>
			<report>
				<misses>10287001</misses>
				<total>38</total>
				<timestamp>3185.783113</timestamp>
			</report>
			<report>
				<misses>10288001</misses>
				<total>38</total>
				<timestamp>3186.092822</timestamp>
			</report>
			<report>
				<misses>10289001</misses>
				<total>38</total>
				<timestamp>3186.402501</timestamp>
			</report>
			<report>
				<misses>10290001</misses>
				<total>38</total>
				<timestamp>3186.712126</timestamp>
			</report>
			<report>
				<misses>10291001</misses>
				<total>40</total>
				<timestamp>3187.021843</timestamp>
			</report>
			<report>
				<misses>10292001</misses>
				<total>40</total>
				<timestamp>3187.331515</timestamp>
			</report>
			<report>
				<misses>10293001</misses>
				<total>40</total>
				<timestamp>3187.641203</timestamp>
			</report>
			<report>
				<misses>10294001</misses>
				<total>40</total>
				<timestamp>3187.950912</timestamp>
			</report>
			<report>
				<misses>10295001</misses>
				<total>40</total>
				<timestamp>3188.260610</timestamp>
			</report>
			<report>
				<misses>10296001</misses>
				<total>40</total>
				<timestamp>3188.570290</timestamp>
			</report>
			<report>
				<misses>10297001</misses>
				<total>40</total>
				<timestamp>3188.879967</timestamp>
			</report>
			<report>
				<misses>10298001</misses>
				<total>40</total>
				<timestamp>3189.189680</timestamp>
			</report>
			<report>
				<misses>10299001</misses>
				<total>40</total>
				<timestamp>3189.499386</timestamp>
			</report>
			<report>
				<misses>10300001</misses>
				<total>40</total>
				<timestamp>3189.809062</timestamp>
			</report>
			<report>
				<misses>10301001</misses>
				<total>40</total>
				<timestamp>3190.118827</timestamp>
			</report>
			<report>
				<misses>10302001</misses>
				<total>40</total>
				<timestamp>3190.428482</timestamp>
			</report>
			<report>
				<misses>10303001</misses>
				<total>40</total>
				<timestamp>3190.738135</timestamp>
			</report>
			<report>
				<misses>10304001</misses>
				<total>40</total>
				<timestamp>3191.047824</timestamp>
			</report>
			<report>
				<misses>10305001</misses>
				<total>40</total>
				<timestamp>3191.357555</timestamp>
			</report>
			<report>
				<misses>10306001</misses>
				<total>40</total>
				<timestamp>3191.667182</timestamp>
			</report>
			<report>
				<misses>10307001</misses>
				<total>40</total>
				<timestamp>3191.976926</timestamp>
			</report>
			<report>
				<misses>10308001</misses>
				<total>40</total>
				<timestamp>3192.286574</timestamp>
			</report>
			<report>
				<misses>10309001</misses>
				<total>40</total>
				<timestamp>3192.596241</timestamp>
			</report>
			<report>
				<misses>10310001</misses>
				<total>40</total>
				<timestamp>3192.905932</timestamp>
			</report>
			<report>
				<misses>10311001</misses>
				<total>40</total>
				<timestamp>3193.215641</timestamp>
			</report>
			<report>
				<misses>10312001</misses>
				<total>40</total>
				<timestamp>3193.525332</timestamp>
			</report>
			<report>
				<misses>10313001</misses>
				<total>40</total>
				<timestamp>3193.834995</timestamp>
			</report>
			<report>
				<misses>10314001</misses>
				<total>40</total>
				<timestamp>3194.144763</timestamp>
			</report>
			<report>
				<misses>10315001</misses>
				<total>40</total>
				<timestamp>3194.454398</timestamp>
			</report>
			<report>
				<misses>10316001</misses>
				<total>40</total>
				<timestamp>3194.764072</timestamp>
			</report>
			<report>
				<misses>10317001</misses>
				<total>40</total>
				<timestamp>3195.073763</timestamp>
			</report>
			<report>
				<misses>10318001</misses>
				<total>40</total>
				<timestamp>3195.383495</timestamp>
			</report>
			<report>
				<misses>10319001</misses>
				<total>40</total>
				<timestamp>3195.693140</timestamp>
			</report>
			<report>
				<misses>10320001</misses>
				<total>40</total>
				<timestamp>3196.002850</timestamp>
			</report>
			<report>
				<misses>10321001</misses>
				<total>40</total>
				<timestamp>3196.312564</timestamp>
			</report>
			<report>
				<misses>10322001</misses>
				<total>40</total>
				<timestamp>3196.622215</timestamp>
			</report>
			<report>
				<misses>10323001</misses>
				<total>40</total>
				<timestamp>3196.931905</timestamp>
			</report>
			<report>
				<misses>10324001</misses>
				<total>40</total>
				<timestamp>3197.241588</timestamp>
			</report>
			<report>
				<misses>10325001</misses>
				<total>40</total>
				<timestamp>3197.551281</timestamp>
			</report>
			<report>
				<misses>10326001</misses>
				<total>40</total>
				<timestamp>3197.860969</timestamp>
			</report>
			<report>
				<misses>10327001</misses>
				<total>40</total>
				<timestamp>3198.170749</timestamp>
			</report>
			<report>
				<misses>10328001</misses>
				<total>40</total>
				<timestamp>3198.480362</timestamp>
			</report>
			<report>
				<misses>10329001</misses>
				<total>40</total>
				<timestamp>3198.790068</timestamp>
			</report>
			<report>
				<misses>10330001</misses>
				<total>40</total>
				<timestamp>3199.099743</timestamp>
			</report>
			<report>
				<misses>10331001</misses>
				<total>40</total>
				<timestamp>3199.409432</timestamp>
			</report>
			<report>
				<misses>10332001</misses>
				<total>40</total>
				<timestamp>3199.719132</timestamp>
			</report>
			<report>
				<misses>10333001</misses>
				<total>40</total>
				<timestamp>3200.028863</timestamp>
			</report>
			<report>
				<misses>10334001</misses>
				<total>40</total>
				<timestamp>3200.338526</timestamp>
			</report>
			<report>
				<misses>10335001</misses>
				<total>40</total>
				<timestamp>3200.648201</timestamp>
			</report>
			<report>
				<misses>10336001</misses>
				<total>40</total>
				<timestamp>3200.957879</timestamp>
			</report>
			<report>
				<misses>10337001</misses>
				<total>40</total>
				<timestamp>3201.267552</timestamp>
			</report>
			<report>
				<misses>10338001</misses>
				<total>40</total>
				<timestamp>3201.577254</timestamp>
			</report>
			<report>
				<misses>10339001</misses>
				<total>40</total>
				<timestamp>3201.886939</timestamp>
			</report>
			<report>
				<misses>10340001</misses>
				<total>40</total>
				<timestamp>3202.196716</timestamp>
			</report>
			<report>
				<misses>10341001</misses>
				<total>40</total>
				<timestamp>3202.506320</timestamp>
			</report>
			<report>
				<misses>10342001</misses>
				<total>40</total>
				<timestamp>3202.816036</timestamp>
			</report>
			<report>
				<misses>10343001</misses>
				<total>40</total>
				<timestamp>3203.125768</timestamp>
			</report>
			<report>
				<misses>10344001</misses>
				<total>40</total>
				<timestamp>3203.435388</timestamp>
			</report>
			<report>
				<misses>10345001</misses>
				<total>40</total>
				<timestamp>3203.745127</timestamp>
			</report>
			<report>
				<misses>10346001</misses>
				<total>40</total>
				<timestamp>3204.054820</timestamp>
			</report>
			<report>
				<misses>10347001</misses>
				<total>40</total>
				<timestamp>3204.364472</timestamp>
			</report>
			<report>
				<misses>10348001</misses>
				<total>40</total>
				<timestamp>3204.674147</timestamp>
			</report>
			<report>
				<misses>10349001</misses>
				<total>40</total>
				<timestamp>3204.983853</timestamp>
			</report>
			<report>
				<misses>10350001</misses>
				<total>40</total>
				<timestamp>3205.293532</timestamp>
			</report>
			<report>
				<misses>10351001</misses>
				<total>40</total>
				<timestamp>3205.603263</timestamp>
			</report>
			<report>
				<misses>10352001</misses>
				<total>40</total>
				<timestamp>3205.912915</timestamp>
			</report>
			<report>
				<misses>10353001</misses>
				<total>40</total>
				<timestamp>3206.222650</timestamp>
			</report>
			<report>
				<misses>10354001</misses>
				<total>40</total>
				<timestamp>3206.532303</timestamp>
			</report>
			<report>
				<misses>10355001</misses>
				<total>40</total>
				<timestamp>3206.842001</timestamp>
			</report>
			<report>
				<misses>10356001</misses>
				<total>40</total>
				<timestamp>3207.151732</timestamp>
			</report>
			<report>
				<misses>10357001</misses>
				<total>40</total>
				<timestamp>3207.461383</timestamp>
			</report>
			<report>
				<misses>10358001</misses>
				<total>40</total>
				<timestamp>3207.771051</timestamp>
			</report>
			<report>
				<misses>10359001</misses>
				<total>40</total>
				<timestamp>3208.080749</timestamp>
			</report>
			<report>
				<misses>10360001</misses>
				<total>40</total>
				<timestamp>3208.390456</timestamp>
			</report>
			<report>
				<misses>10361001</misses>
				<total>40</total>
				<timestamp>3208.700127</timestamp>
			</report>
			<report>
				<misses>10362001</misses>
				<total>40</total>
				<timestamp>3209.009824</timestamp>
			</report>
			<report>
				<misses>10363001</misses>
				<total>40</total>
				<timestamp>3209.319501</timestamp>
			</report>
			<report>
				<misses>10364001</misses>
				<total>40</total>
				<timestamp>3209.629204</timestamp>
			</report>
			<report>
				<misses>10365001</misses>
				<total>40</total>
				<timestamp>3209.938902</timestamp>
			</report>
			<report>
				<misses>10366001</misses>
				<total>40</total>
				<timestamp>3210.248593</timestamp>
			</report>
			<report>
				<misses>10367001</misses>
				<total>40</total>
				<timestamp>3210.558288</timestamp>
			</report>
			<report>
				<misses>10368001</misses>
				<total>40</total>
				<timestamp>3210.867971</timestamp>
			</report>
			<report>
				<misses>10369001</misses>
				<total>40</total>
				<timestamp>3211.177673</timestamp>
			</report>
			<report>
				<misses>10370001</misses>
				<total>40</total>
				<timestamp>3211.487330</timestamp>
			</report>
			<report>
				<misses>10371001</misses>
				<total>40</total>
				<timestamp>3211.797079</timestamp>
			</report>
			<report>
				<misses>10372001</misses>
				<total>40</total>
				<timestamp>3212.106804</timestamp>
			</report>
			<report>
				<misses>10373001</misses>
				<total>40</total>
				<timestamp>3212.416415</timestamp>
			</report>
			<report>
				<misses>10374001</misses>
				<total>40</total>
				<timestamp>3212.726100</timestamp>
			</report>
			<report>
				<misses>10375001</misses>
				<total>40</total>
				<timestamp>3213.035856</timestamp>
			</report>
			<report>
				<misses>10376001</misses>
				<total>40</total>
				<timestamp>3213.345544</timestamp>
			</report>
			<report>
				<misses>10377001</misses>
				<total>40</total>
				<timestamp>3213.655164</timestamp>
			</report>
			<report>
				<misses>10378001</misses>
				<total>40</total>
				<timestamp>3213.964874</timestamp>
			</report>
			<report>
				<misses>10379001</misses>
				<total>40</total>
				<timestamp>3214.274613</timestamp>
			</report>
			<report>
				<misses>10380001</misses>
				<total>40</total>
				<timestamp>3214.584260</timestamp>
			</report>
			<report>
				<misses>10381001</misses>
				<total>40</total>
				<timestamp>3214.893936</timestamp>
			</report>
			<report>
				<misses>10382001</misses>
				<total>40</total>
				<timestamp>3215.203614</timestamp>
			</report>
			<report>
				<misses>10383001</misses>
				<total>40</total>
				<timestamp>3215.513298</timestamp>
			</report>
			<report>
				<misses>10384001</misses>
				<total>40</total>
				<timestamp>3215.822984</timestamp>
			</report>
			<report>
				<misses>10385001</misses>
				<total>40</total>
				<timestamp>3216.132718</timestamp>
			</report>
			<report>
				<misses>10386001</misses>
				<total>40</total>
				<timestamp>3216.442375</timestamp>
			</report>
			<report>
				<misses>10387001</misses>
				<total>40</total>
				<timestamp>3216.752056</timestamp>
			</report>
			<report>
				<misses>10388001</misses>
				<total>40</total>
				<timestamp>3217.061754</timestamp>
			</report>
			<report>
				<misses>10389001</misses>
				<total>40</total>
				<timestamp>3217.371473</timestamp>
			</report>
			<report>
				<misses>10390001</misses>
				<total>40</total>
				<timestamp>3217.681115</timestamp>
			</report>
			<report>
				<misses>10391001</misses>
				<total>40</total>
				<timestamp>3217.990858</timestamp>
			</report>
			<report>
				<misses>10392001</misses>
				<total>40</total>
				<timestamp>3218.300573</timestamp>
			</report>
			<report>
				<misses>10393001</misses>
				<total>40</total>
				<timestamp>3218.610232</timestamp>
			</report>
			<report>
				<misses>10394001</misses>
				<total>40</total>
				<timestamp>3218.919908</timestamp>
			</report>
			<report>
				<misses>10395001</misses>
				<total>40</total>
				<timestamp>3219.229639</timestamp>
			</report>
			<report>
				<misses>10396001</misses>
				<total>40</total>
				<timestamp>3219.539287</timestamp>
			</report>
			<report>
				<misses>10397001</misses>
				<total>40</total>
				<timestamp>3219.848982</timestamp>
			</report>
			<report>
				<misses>10398001</misses>
				<total>40</total>
				<timestamp>3220.158660</timestamp>
			</report>
			<report>
				<misses>10399001</misses>
				<total>40</total>
				<timestamp>3220.468375</timestamp>
			</report>
			<report>
				<misses>10400001</misses>
				<total>40</total>
				<timestamp>3220.778039</timestamp>
			</report>
			<report>
				<misses>10401001</misses>
				<total>40</total>
				<timestamp>3221.087734</timestamp>
			</report>
			<report>
				<misses>10402001</misses>
				<total>40</total>
				<timestamp>3221.397413</timestamp>
			</report>
			<report>
				<misses>10403001</misses>
				<total>40</total>
				<timestamp>3221.707092</timestamp>
			</report>
			<report>
				<misses>10404001</misses>
				<total>40</total>
				<timestamp>3222.016819</timestamp>
			</report>
			<report>
				<misses>10405001</misses>
				<total>40</total>
				<timestamp>3222.326545</timestamp>
			</report>
			<report>
				<misses>10406001</misses>
				<total>40</total>
				<timestamp>3222.636204</timestamp>
			</report>
			<report>
				<misses>10407001</misses>
				<total>40</total>
				<timestamp>3222.945859</timestamp>
			</report>
			<report>
				<misses>10408001</misses>
				<total>40</total>
				<timestamp>3223.255578</timestamp>
			</report>
			<report>
				<misses>10409001</misses>
				<total>40</total>
				<timestamp>3223.565228</timestamp>
			</report>
			<report>
				<misses>10410001</misses>
				<total>40</total>
				<timestamp>3223.874935</timestamp>
			</report>
			<report>
				<misses>10411001</misses>
				<total>40</total>
				<timestamp>3224.184655</timestamp>
			</report>
			<report>
				<misses>10412001</misses>
				<total>40</total>
				<timestamp>3224.494329</timestamp>
			</report>
			<report>
				<misses>10413001</misses>
				<total>40</total>
				<timestamp>3224.804007</timestamp>
			</report>
			<report>
				<misses>10414001</misses>
				<total>40</total>
				<timestamp>3225.113721</timestamp>
			</report>
			<report>
				<misses>10415001</misses>
				<total>40</total>
				<timestamp>3225.423375</timestamp>
			</report>
			<report>
				<misses>10416001</misses>
				<total>40</total>
				<timestamp>3225.733082</timestamp>
			</report>
			<report>
				<misses>10417001</misses>
				<total>40</total>
				<timestamp>3226.042764</timestamp>
			</report>
			<report>
				<misses>10418001</misses>
				<total>40</total>
				<timestamp>3226.352515</timestamp>
			</report>
			<report>
				<misses>10419001</misses>
				<total>40</total>
				<timestamp>3226.662150</timestamp>
			</report>
			<report>
				<misses>10420001</misses>
				<total>40</total>
				<timestamp>3226.971845</timestamp>
			</report>
			<report>
				<misses>10421001</misses>
				<total>40</total>
				<timestamp>3227.281541</timestamp>
			</report>
			<report>
				<misses>10422001</misses>
				<total>40</total>
				<timestamp>3227.591224</timestamp>
			</report>
			<report>
				<misses>10423001</misses>
				<total>40</total>
				<timestamp>3227.900913</timestamp>
			</report>
			<report>
				<misses>10424001</misses>
				<total>40</total>
				<timestamp>3228.210653</timestamp>
			</report>
			<report>
				<misses>10425001</misses>
				<total>40</total>
				<timestamp>3228.520311</timestamp>
			</report>
			<report>
				<misses>10426001</misses>
				<total>40</total>
				<timestamp>3228.829977</timestamp>
			</report>
			<report>
				<misses>10427001</misses>
				<total>40</total>
				<timestamp>3229.139690</timestamp>
			</report>
			<report>
				<misses>10428001</misses>
				<total>40</total>
				<timestamp>3229.449349</timestamp>
			</report>
			<report>
				<misses>10429001</misses>
				<total>40</total>
				<timestamp>3229.759047</timestamp>
			</report>
			<report>
				<misses>10430001</misses>
				<total>40</total>
				<timestamp>3230.068763</timestamp>
			</report>
			<report>
				<misses>10431001</misses>
				<total>40</total>
				<timestamp>3230.378427</timestamp>
			</report>
			<report>
				<misses>10432001</misses>
				<total>40</total>
				<timestamp>3230.688138</timestamp>
			</report>
			<report>
				<misses>10433001</misses>
				<total>40</total>
				<timestamp>3230.997793</timestamp>
			</report>
			<report>
				<misses>10434001</misses>
				<total>40</total>
				<timestamp>3231.307547</timestamp>
			</report>
			<report>
				<misses>10435001</misses>
				<total>40</total>
				<timestamp>3231.617193</timestamp>
			</report>
			<report>
				<misses>10436001</misses>
				<total>40</total>
				<timestamp>3231.926877</timestamp>
			</report>
			<report>
				<misses>10437001</misses>
				<total>40</total>
				<timestamp>3232.236597</timestamp>
			</report>
			<report>
				<misses>10438001</misses>
				<total>40</total>
				<timestamp>3232.546262</timestamp>
			</report>
			<report>
				<misses>10439001</misses>
				<total>40</total>
				<timestamp>3232.855947</timestamp>
			</report>
			<report>
				<misses>10440001</misses>
				<total>40</total>
				<timestamp>3233.165644</timestamp>
			</report>
			<report>
				<misses>10441001</misses>
				<total>40</total>
				<timestamp>3233.475343</timestamp>
			</report>
			<report>
				<misses>10442001</misses>
				<total>40</total>
				<timestamp>3233.785021</timestamp>
			</report>
			<report>
				<misses>10443001</misses>
				<total>40</total>
				<timestamp>3234.094729</timestamp>
			</report>
			<report>
				<misses>10444001</misses>
				<total>40</total>
				<timestamp>3234.404411</timestamp>
			</report>
			<report>
				<misses>10445001</misses>
				<total>40</total>
				<timestamp>3234.714080</timestamp>
			</report>
			<report>
				<misses>10446001</misses>
				<total>40</total>
				<timestamp>3235.023777</timestamp>
			</report>
			<report>
				<misses>10447001</misses>
				<total>40</total>
				<timestamp>3235.333505</timestamp>
			</report>
			<report>
				<misses>10448001</misses>
				<total>40</total>
				<timestamp>3235.643143</timestamp>
			</report>
			<report>
				<misses>10449001</misses>
				<total>40</total>
				<timestamp>3235.952846</timestamp>
			</report>
			<report>
				<misses>10450001</misses>
				<total>40</total>
				<timestamp>3236.262555</timestamp>
			</report>
			<report>
				<misses>10451001</misses>
				<total>40</total>
				<timestamp>3236.572247</timestamp>
			</report>
			<report>
				<misses>10452001</misses>
				<total>40</total>
				<timestamp>3236.881920</timestamp>
			</report>
			<report>
				<misses>10453001</misses>
				<total>40</total>
				<timestamp>3237.191648</timestamp>
			</report>
			<report>
				<misses>10454001</misses>
				<total>40</total>
				<timestamp>3237.501295</timestamp>
			</report>
			<report>
				<misses>10455001</misses>
				<total>40</total>
				<timestamp>3237.810979</timestamp>
			</report>
			<report>
				<misses>10456001</misses>
				<total>40</total>
				<timestamp>3238.120663</timestamp>
			</report>
			<report>
				<misses>10457001</misses>
				<total>40</total>
				<timestamp>3238.430363</timestamp>
			</report>
			<report>
				<misses>10458001</misses>
				<total>40</total>
				<timestamp>3238.740059</timestamp>
			</report>
			<report>
				<misses>10459001</misses>
				<total>40</total>
				<timestamp>3239.049761</timestamp>
			</report>
			<report>
				<misses>10460001</misses>
				<total>40</total>
				<timestamp>3239.359461</timestamp>
			</report>
			<report>
				<misses>10461001</misses>
				<total>40</total>
				<timestamp>3239.669170</timestamp>
			</report>
			<report>
				<misses>10462001</misses>
				<total>40</total>
				<timestamp>3239.978804</timestamp>
			</report>
			<report>
				<misses>10463001</misses>
				<total>40</total>
				<timestamp>3240.288497</timestamp>
			</report>
			<report>
				<misses>10464001</misses>
				<total>40</total>
				<timestamp>3240.598210</timestamp>
			</report>
			<report>
				<misses>10465001</misses>
				<total>40</total>
				<timestamp>3240.907882</timestamp>
			</report>
			<report>
				<misses>10466001</misses>
				<total>40</total>
				<timestamp>3241.217587</timestamp>
			</report>
			<report>
				<misses>10467001</misses>
				<total>40</total>
				<timestamp>3241.527288</timestamp>
			</report>
			<report>
				<misses>10468001</misses>
				<total>40</total>
				<timestamp>3241.836952</timestamp>
			</report>
			<report>
				<misses>10469001</misses>
				<total>40</total>
				<timestamp>3242.146672</timestamp>
			</report>
			<report>
				<misses>10470001</misses>
				<total>40</total>
				<timestamp>3242.456348</timestamp>
			</report>
			<report>
				<misses>10471001</misses>
				<total>40</total>
				<timestamp>3242.766029</timestamp>
			</report>
			<report>
				<misses>10472001</misses>
				<total>40</total>
				<timestamp>3243.075792</timestamp>
			</report>
			<report>
				<misses>10473001</misses>
				<total>40</total>
				<timestamp>3243.385463</timestamp>
			</report>
			<report>
				<misses>10474001</misses>
				<total>40</total>
				<timestamp>3243.695134</timestamp>
			</report>
			<report>
				<misses>10475001</misses>
				<total>40</total>
				<timestamp>3244.004787</timestamp>
			</report>
			<report>
				<misses>10476001</misses>
				<total>40</total>
				<timestamp>3244.314510</timestamp>
			</report>
			<report>
				<misses>10477001</misses>
				<total>40</total>
				<timestamp>3244.624207</timestamp>
			</report>
			<report>
				<misses>10478001</misses>
				<total>40</total>
				<timestamp>3244.933849</timestamp>
			</report>
			<report>
				<misses>10479001</misses>
				<total>40</total>
				<timestamp>3245.243562</timestamp>
			</report>
			<report>
				<misses>10480001</misses>
				<total>40</total>
				<timestamp>3245.553317</timestamp>
			</report>
			<report>
				<misses>10481001</misses>
				<total>40</total>
				<timestamp>3245.862968</timestamp>
			</report>
			<report>
				<misses>10482001</misses>
				<total>40</total>
				<timestamp>3246.172626</timestamp>
			</report>
			<report>
				<misses>10483001</misses>
				<total>40</total>
				<timestamp>3246.482374</timestamp>
			</report>
			<report>
				<misses>10484001</misses>
				<total>40</total>
				<timestamp>3246.792014</timestamp>
			</report>
			<report>
				<misses>10485001</misses>
				<total>40</total>
				<timestamp>3247.101677</timestamp>
			</report>
			<report>
				<misses>10486001</misses>
				<total>40</total>
				<timestamp>3247.411405</timestamp>
			</report>
			<report>
				<misses>10487001</misses>
				<total>40</total>
				<timestamp>3247.721120</timestamp>
			</report>
			<report>
				<misses>10488001</misses>
				<total>40</total>
				<timestamp>3248.030784</timestamp>
			</report>
			<report>
				<misses>10489001</misses>
				<total>40</total>
				<timestamp>3248.340467</timestamp>
			</report>
			<report>
				<misses>10490001</misses>
				<total>40</total>
				<timestamp>3248.650142</timestamp>
			</report>
			<report>
				<misses>10491001</misses>
				<total>40</total>
				<timestamp>3248.959830</timestamp>
			</report>
			<report>
				<misses>10492001</misses>
				<total>40</total>
				<timestamp>3249.269570</timestamp>
			</report>
			<report>
				<misses>10493001</misses>
				<total>40</total>
				<timestamp>3249.579244</timestamp>
			</report>
			<report>
				<misses>10494001</misses>
				<total>40</total>
				<timestamp>3249.888917</timestamp>
			</report>
			<report>
				<misses>10495001</misses>
				<total>40</total>
				<timestamp>3250.198606</timestamp>
			</report>
			<report>
				<misses>10496001</misses>
				<total>40</total>
				<timestamp>3250.508329</timestamp>
			</report>
			<report>
				<misses>10497001</misses>
				<total>40</total>
				<timestamp>3250.817970</timestamp>
			</report>
			<report>
				<misses>10498001</misses>
				<total>40</total>
				<timestamp>3251.127665</timestamp>
			</report>
			<report>
				<misses>10499001</misses>
				<total>40</total>
				<timestamp>3251.437363</timestamp>
			</report>
			<report>
				<misses>10500001</misses>
				<total>40</total>
				<timestamp>3251.747082</timestamp>
			</report>
			<report>
				<misses>10501001</misses>
				<total>40</total>
				<timestamp>3252.056757</timestamp>
			</report>
			<report>
				<misses>10502001</misses>
				<total>40</total>
				<timestamp>3252.366453</timestamp>
			</report>
			<report>
				<misses>10503001</misses>
				<total>40</total>
				<timestamp>3252.676164</timestamp>
			</report>
			<report>
				<misses>10504001</misses>
				<total>40</total>
				<timestamp>3252.985867</timestamp>
			</report>
			<report>
				<misses>10505001</misses>
				<total>40</total>
				<timestamp>3253.295512</timestamp>
			</report>
			<report>
				<misses>10506001</misses>
				<total>40</total>
				<timestamp>3253.605208</timestamp>
			</report>
			<report>
				<misses>10507001</misses>
				<total>40</total>
				<timestamp>3253.914878</timestamp>
			</report>
			<report>
				<misses>10508001</misses>
				<total>40</total>
				<timestamp>3254.224597</timestamp>
			</report>
			<report>
				<misses>10509001</misses>
				<total>40</total>
				<timestamp>3254.534262</timestamp>
			</report>
			<report>
				<misses>10510001</misses>
				<total>40</total>
				<timestamp>3254.843949</timestamp>
			</report>
			<report>
				<misses>10511001</misses>
				<total>40</total>
				<timestamp>3255.153631</timestamp>
			</report>
			<report>
				<misses>10512001</misses>
				<total>40</total>
				<timestamp>3255.463375</timestamp>
			</report>
			<report>
				<misses>10513001</misses>
				<total>40</total>
				<timestamp>3255.773042</timestamp>
			</report>
			<report>
				<misses>10514001</misses>
				<total>40</total>
				<timestamp>3256.082713</timestamp>
			</report>
			<report>
				<misses>10515001</misses>
				<total>40</total>
				<timestamp>3256.392451</timestamp>
			</report>
			<report>
				<misses>10516001</misses>
				<total>40</total>
				<timestamp>3256.702070</timestamp>
			</report>
			<report>
				<misses>10517001</misses>
				<total>40</total>
				<timestamp>3257.011802</timestamp>
			</report>
			<report>
				<misses>10518001</misses>
				<total>40</total>
				<timestamp>3257.321486</timestamp>
			</report>
			<report>
				<misses>10519001</misses>
				<total>40</total>
				<timestamp>3257.631173</timestamp>
			</report>
			<report>
				<misses>10520001</misses>
				<total>40</total>
				<timestamp>3257.940841</timestamp>
			</report>
			<report>
				<misses>10521001</misses>
				<total>40</total>
				<timestamp>3258.250537</timestamp>
			</report>
			<report>
				<misses>10522001</misses>
				<total>40</total>
				<timestamp>3258.560220</timestamp>
			</report>
			<report>
				<misses>10523001</misses>
				<total>40</total>
				<timestamp>3258.869906</timestamp>
			</report>
			<report>
				<misses>10524001</misses>
				<total>40</total>
				<timestamp>3259.179647</timestamp>
			</report>
			<report>
				<misses>10525001</misses>
				<total>40</total>
				<timestamp>3259.489339</timestamp>
			</report>
			<report>
				<misses>10526001</misses>
				<total>40</total>
				<timestamp>3259.798964</timestamp>
			</report>
			<report>
				<misses>10527001</misses>
				<total>40</total>
				<timestamp>3260.108666</timestamp>
			</report>
			<report>
				<misses>10528001</misses>
				<total>40</total>
				<timestamp>3260.418354</timestamp>
			</report>
			<report>
				<misses>10529001</misses>
				<total>40</total>
				<timestamp>3260.728055</timestamp>
			</report>
			<report>
				<misses>10530001</misses>
				<total>40</total>
				<timestamp>3261.037750</timestamp>
			</report>
			<report>
				<misses>10531001</misses>
				<total>40</total>
				<timestamp>3261.347437</timestamp>
			</report>
			<report>
				<misses>10532001</misses>
				<total>40</total>
				<timestamp>3261.657136</timestamp>
			</report>
			<report>
				<misses>10533001</misses>
				<total>40</total>
				<timestamp>3261.966819</timestamp>
			</report>
			<report>
				<misses>10534001</misses>
				<total>40</total>
				<timestamp>3262.276543</timestamp>
			</report>
			<report>
				<misses>10535001</misses>
				<total>40</total>
				<timestamp>3262.586195</timestamp>
			</report>
			<report>
				<misses>10536001</misses>
				<total>40</total>
				<timestamp>3262.895873</timestamp>
			</report>
			<report>
				<misses>10537001</misses>
				<total>40</total>
				<timestamp>3263.205578</timestamp>
			</report>
			<report>
				<misses>10538001</misses>
				<total>40</total>
				<timestamp>3263.515303</timestamp>
			</report>
			<report>
				<misses>10539001</misses>
				<total>40</total>
				<timestamp>3263.824990</timestamp>
			</report>
			<report>
				<misses>10540001</misses>
				<total>40</total>
				<timestamp>3264.134624</timestamp>
			</report>
			<report>
				<misses>10541001</misses>
				<total>40</total>
				<timestamp>3264.444345</timestamp>
			</report>
			<report>
				<misses>10542001</misses>
				<total>40</total>
				<timestamp>3264.754061</timestamp>
			</report>
			<report>
				<misses>10543001</misses>
				<total>40</total>
				<timestamp>3265.063707</timestamp>
			</report>
			<report>
				<misses>10544001</misses>
				<total>40</total>
				<timestamp>3265.373425</timestamp>
			</report>
			<report>
				<misses>10545001</misses>
				<total>40</total>
				<timestamp>3265.683105</timestamp>
			</report>
			<report>
				<misses>10546001</misses>
				<total>40</total>
				<timestamp>3265.992781</timestamp>
			</report>
			<report>
				<misses>10547001</misses>
				<total>40</total>
				<timestamp>3266.302480</timestamp>
			</report>
			<report>
				<misses>10548001</misses>
				<total>40</total>
				<timestamp>3266.612181</timestamp>
			</report>
			<report>
				<misses>10549001</misses>
				<total>40</total>
				<timestamp>3266.921846</timestamp>
			</report>
			<report>
				<misses>10550001</misses>
				<total>40</total>
				<timestamp>3267.231583</timestamp>
			</report>
			<report>
				<misses>10551001</misses>
				<total>40</total>
				<timestamp>3267.541242</timestamp>
			</report>
			<report>
				<misses>10552001</misses>
				<total>40</total>
				<timestamp>3267.850914</timestamp>
			</report>
			<report>
				<misses>10553001</misses>
				<total>40</total>
				<timestamp>3268.160646</timestamp>
			</report>
			<report>
				<misses>10554001</misses>
				<total>40</total>
				<timestamp>3268.470335</timestamp>
			</report>
			<report>
				<misses>10555001</misses>
				<total>40</total>
				<timestamp>3268.780015</timestamp>
			</report>
			<report>
				<misses>10556001</misses>
				<total>40</total>
				<timestamp>3269.089664</timestamp>
			</report>
			<report>
				<misses>10557001</misses>
				<total>40</total>
				<timestamp>3269.399395</timestamp>
			</report>
			<report>
				<misses>10558001</misses>
				<total>40</total>
				<timestamp>3269.709064</timestamp>
			</report>
			<report>
				<misses>10559001</misses>
				<total>40</total>
				<timestamp>3270.018736</timestamp>
			</report>
			<report>
				<misses>10560001</misses>
				<total>40</total>
				<timestamp>3270.328449</timestamp>
			</report>
			<report>
				<misses>10561001</misses>
				<total>40</total>
				<timestamp>3270.638126</timestamp>
			</report>
			<report>
				<misses>10562001</misses>
				<total>40</total>
				<timestamp>3270.947833</timestamp>
			</report>
			<report>
				<misses>10563001</misses>
				<total>40</total>
				<timestamp>3271.257524</timestamp>
			</report>
			<report>
				<misses>10564001</misses>
				<total>40</total>
				<timestamp>3271.567252</timestamp>
			</report>
			<report>
				<misses>10565001</misses>
				<total>40</total>
				<timestamp>3271.876878</timestamp>
			</report>
			<report>
				<misses>10566001</misses>
				<total>40</total>
				<timestamp>3272.186588</timestamp>
			</report>
			<report>
				<misses>10567001</misses>
				<total>40</total>
				<timestamp>3272.496275</timestamp>
			</report>
			<report>
				<misses>10568001</misses>
				<total>40</total>
				<timestamp>3272.805938</timestamp>
			</report>
			<report>
				<misses>10569001</misses>
				<total>40</total>
				<timestamp>3273.115658</timestamp>
			</report>
			<report>
				<misses>10570001</misses>
				<total>40</total>
				<timestamp>3273.425414</timestamp>
			</report>
			<report>
				<misses>10571001</misses>
				<total>40</total>
				<timestamp>3273.735034</timestamp>
			</report>
			<report>
				<misses>10572001</misses>
				<total>40</total>
				<timestamp>3274.044757</timestamp>
			</report>
			<report>
				<misses>10573001</misses>
				<total>40</total>
				<timestamp>3274.354431</timestamp>
			</report>
			<report>
				<misses>10574001</misses>
				<total>40</total>
				<timestamp>3274.664138</timestamp>
			</report>
			<report>
				<misses>10575001</misses>
				<total>40</total>
				<timestamp>3274.973769</timestamp>
			</report>
			<report>
				<misses>10576001</misses>
				<total>40</total>
				<timestamp>3275.283481</timestamp>
			</report>
			<report>
				<misses>10577001</misses>
				<total>40</total>
				<timestamp>3275.593184</timestamp>
			</report>
			<report>
				<misses>10578001</misses>
				<total>40</total>
				<timestamp>3275.902849</timestamp>
			</report>
			<report>
				<misses>10579001</misses>
				<total>40</total>
				<timestamp>3276.212553</timestamp>
			</report>
			<report>
				<misses>10580001</misses>
				<total>40</total>
				<timestamp>3276.522278</timestamp>
			</report>
			<report>
				<misses>10581001</misses>
				<total>40</total>
				<timestamp>3276.831934</timestamp>
			</report>
			<report>
				<misses>10582001</misses>
				<total>40</total>
				<timestamp>3277.141614</timestamp>
			</report>
			<report>
				<misses>10583001</misses>
				<total>40</total>
				<timestamp>3277.451328</timestamp>
			</report>
			<report>
				<misses>10584001</misses>
				<total>40</total>
				<timestamp>3277.761016</timestamp>
			</report>
			<report>
				<misses>10585001</misses>
				<total>40</total>
				<timestamp>3278.070679</timestamp>
			</report>
			<report>
				<misses>10586001</misses>
				<total>41</total>
				<timestamp>3278.380396</timestamp>
			</report>
			<report>
				<misses>10587001</misses>
				<total>41</total>
				<timestamp>3278.690117</timestamp>
			</report>
			<report>
				<misses>10588001</misses>
				<total>41</total>
				<timestamp>3278.999773</timestamp>
			</report>
			<report>
				<misses>10589001</misses>
				<total>41</total>
				<timestamp>3279.309486</timestamp>
			</report>
			<report>
				<misses>10590001</misses>
				<total>41</total>
				<timestamp>3279.619159</timestamp>
			</report>
			<report>
				<misses>10591001</misses>
				<total>41</total>
				<timestamp>3279.928819</timestamp>
			</report>
			<report>
				<misses>10592001</misses>
				<total>41</total>
				<timestamp>3280.238504</timestamp>
			</report>
			<report>
				<misses>10593001</misses>
				<total>41</total>
				<timestamp>3280.548200</timestamp>
			</report>
			<report>
				<misses>10594001</misses>
				<total>41</total>
				<timestamp>3280.857887</timestamp>
			</report>
			<report>
				<misses>10595001</misses>
				<total>41</total>
				<timestamp>3281.167575</timestamp>
			</report>
			<report>
				<misses>10596001</misses>
				<total>41</total>
				<timestamp>3281.477274</timestamp>
			</report>
			<report>
				<misses>10597001</misses>
				<total>41</total>
				<timestamp>3281.786993</timestamp>
			</report>
			<report>
				<misses>10598001</misses>
				<total>41</total>
				<timestamp>3282.096659</timestamp>
			</report>
			<report>
				<misses>10599001</misses>
				<total>41</total>
				<timestamp>3282.406356</timestamp>
			</report>
			<report>
				<misses>10600001</misses>
				<total>41</total>
				<timestamp>3282.716041</timestamp>
			</report>
			<report>
				<misses>10601001</misses>
				<total>42</total>
				<timestamp>3283.025719</timestamp>
			</report>
			<report>
				<misses>10602001</misses>
				<total>42</total>
				<timestamp>3283.335416</timestamp>
			</report>
			<report>
				<misses>10603001</misses>
				<total>42</total>
				<timestamp>3283.645102</timestamp>
			</report>
			<report>
				<misses>10604001</misses>
				<total>42</total>
				<timestamp>3283.954841</timestamp>
			</report>
			<report>
				<misses>10605001</misses>
				<total>42</total>
				<timestamp>3284.264502</timestamp>
			</report>
			<report>
				<misses>10606001</misses>
				<total>42</total>
				<timestamp>3284.574215</timestamp>
			</report>
			<report>
				<misses>10607001</misses>
				<total>42</total>
				<timestamp>3284.883889</timestamp>
			</report>
			<report>
				<misses>10608001</misses>
				<total>42</total>
				<timestamp>3285.193558</timestamp>
			</report>
			<report>
				<misses>10609001</misses>
				<total>42</total>
				<timestamp>3285.503272</timestamp>
			</report>
			<report>
				<misses>10610001</misses>
				<total>42</total>
				<timestamp>3285.812941</timestamp>
			</report>
			<report>
				<misses>10611001</misses>
				<total>42</total>
				<timestamp>3286.122647</timestamp>
			</report>
			<report>
				<misses>10612001</misses>
				<total>42</total>
				<timestamp>3286.432334</timestamp>
			</report>
			<report>
				<misses>10613001</misses>
				<total>42</total>
				<timestamp>3286.742002</timestamp>
			</report>
			<report>
				<misses>10614001</misses>
				<total>42</total>
				<timestamp>3287.051705</timestamp>
			</report>
			<report>
				<misses>10615001</misses>
				<total>42</total>
				<timestamp>3287.361385</timestamp>
			</report>
			<report>
				<misses>10616001</misses>
				<total>42</total>
				<timestamp>3287.671093</timestamp>
			</report>
			<report>
				<misses>10617001</misses>
				<total>42</total>
				<timestamp>3287.980751</timestamp>
			</report>
			<report>
				<misses>10618001</misses>
				<total>42</total>
				<timestamp>3288.290487</timestamp>
			</report>
			<report>
				<misses>10619001</misses>
				<total>42</total>
				<timestamp>3288.600186</timestamp>
			</report>
			<report>
				<misses>10620001</misses>
				<total>42</total>
				<timestamp>3288.909852</timestamp>
			</report>
			<report>
				<misses>10621001</misses>
				<total>42</total>
				<timestamp>3289.219548</timestamp>
			</report>
			<report>
				<misses>10622001</misses>
				<total>42</total>
				<timestamp>3289.529262</timestamp>
			</report>
			<report>
				<misses>10623001</misses>
				<total>42</total>
				<timestamp>3289.838983</timestamp>
			</report>
			<report>
				<misses>10624001</misses>
				<total>42</total>
				<timestamp>3290.148603</timestamp>
			</report>
			<report>
				<misses>10625001</misses>
				<total>42</total>
				<timestamp>3290.458285</timestamp>
			</report>
			<report>
				<misses>10626001</misses>
				<total>42</total>
				<timestamp>3290.767983</timestamp>
			</report>
			<report>
				<misses>10627001</misses>
				<total>42</total>
				<timestamp>3291.077699</timestamp>
			</report>
			<report>
				<misses>10628001</misses>
				<total>42</total>
				<timestamp>3291.387359</timestamp>
			</report>
			<report>
				<misses>10629001</misses>
				<total>42</total>
				<timestamp>3291.697079</timestamp>
			</report>
			<report>
				<misses>10630001</misses>
				<total>42</total>
				<timestamp>3292.006747</timestamp>
			</report>
			<report>
				<misses>10631001</misses>
				<total>42</total>
				<timestamp>3292.316434</timestamp>
			</report>
			<report>
				<misses>10632001</misses>
				<total>42</total>
				<timestamp>3292.626185</timestamp>
			</report>
			<report>
				<misses>10633001</misses>
				<total>42</total>
				<timestamp>3292.935798</timestamp>
			</report>
			<report>
				<misses>10634001</misses>
				<total>42</total>
				<timestamp>3293.245502</timestamp>
			</report>
			<report>
				<misses>10635001</misses>
				<total>42</total>
				<timestamp>3293.555177</timestamp>
			</report>
			<report>
				<misses>10636001</misses>
				<total>42</total>
				<timestamp>3293.864882</timestamp>
			</report>
			<report>
				<misses>10637001</misses>
				<total>42</total>
				<timestamp>3294.174592</timestamp>
			</report>
			<report>
				<misses>10638001</misses>
				<total>42</total>
				<timestamp>3294.484318</timestamp>
			</report>
			<report>
				<misses>10639001</misses>
				<total>42</total>
				<timestamp>3294.793940</timestamp>
			</report>
			<report>
				<misses>10640001</misses>
				<total>42</total>
				<timestamp>3295.103645</timestamp>
			</report>
			<report>
				<misses>10641001</misses>
				<total>42</total>
				<timestamp>3295.413327</timestamp>
			</report>
			<report>
				<misses>10642001</misses>
				<total>42</total>
				<timestamp>3295.723023</timestamp>
			</report>
			<report>
				<misses>10643001</misses>
				<total>42</total>
				<timestamp>3296.032710</timestamp>
			</report>
			<report>
				<misses>10644001</misses>
				<total>42</total>
				<timestamp>3296.342397</timestamp>
			</report>
			<report>
				<misses>10645001</misses>
				<total>42</total>
				<timestamp>3296.652114</timestamp>
			</report>
			<report>
				<misses>10646001</misses>
				<total>42</total>
				<timestamp>3296.961771</timestamp>
			</report>
			<report>
				<misses>10647001</misses>
				<total>42</total>
				<timestamp>3297.271532</timestamp>
			</report>
			<report>
				<misses>10648001</misses>
				<total>42</total>
				<timestamp>3297.581169</timestamp>
			</report>
			<report>
				<misses>10649001</misses>
				<total>42</total>
				<timestamp>3297.890853</timestamp>
			</report>
			<report>
				<misses>10650001</misses>
				<total>42</total>
				<timestamp>3298.200533</timestamp>
			</report>
			<report>
				<misses>10651001</misses>
				<total>42</total>
				<timestamp>3298.510269</timestamp>
			</report>
			<report>
				<misses>10652001</misses>
				<total>42</total>
				<timestamp>3298.819920</timestamp>
			</report>
			<report>
				<misses>10653001</misses>
				<total>42</total>
				<timestamp>3299.129613</timestamp>
			</report>
			<report>
				<misses>10654001</misses>
				<total>42</total>
				<timestamp>3299.439291</timestamp>
			</report>
			<report>
				<misses>10655001</misses>
				<total>42</total>
				<timestamp>3299.748999</timestamp>
			</report>
			<report>
				<misses>10656001</misses>
				<total>42</total>
				<timestamp>3300.058688</timestamp>
			</report>
			<report>
				<misses>10657001</misses>
				<total>42</total>
				<timestamp>3300.368387</timestamp>
			</report>
			<report>
				<misses>10658001</misses>
				<total>42</total>
				<timestamp>3300.678063</timestamp>
			</report>
			<report>
				<misses>10659001</misses>
				<total>42</total>
				<timestamp>3300.987744</timestamp>
			</report>
			<report>
				<misses>10660001</misses>
				<total>42</total>
				<timestamp>3301.297453</timestamp>
			</report>
			<report>
				<misses>10661001</misses>
				<total>42</total>
				<timestamp>3301.607168</timestamp>
			</report>
			<report>
				<misses>10662001</misses>
				<total>42</total>
				<timestamp>3301.916843</timestamp>
			</report>
			<report>
				<misses>10663001</misses>
				<total>42</total>
				<timestamp>3302.226528</timestamp>
			</report>
			<report>
				<misses>10664001</misses>
				<total>42</total>
				<timestamp>3302.536240</timestamp>
			</report>
			<report>
				<misses>10665001</misses>
				<total>42</total>
				<timestamp>3302.845907</timestamp>
			</report>
			<report>
				<misses>10666001</misses>
				<total>42</total>
				<timestamp>3303.155566</timestamp>
			</report>
			<report>
				<misses>10667001</misses>
				<total>42</total>
				<timestamp>3303.465271</timestamp>
			</report>
			<report>
				<misses>10668001</misses>
				<total>42</total>
				<timestamp>3303.775015</timestamp>
			</report>
			<report>
				<misses>10669001</misses>
				<total>42</total>
				<timestamp>3304.084634</timestamp>
			</report>
			<report>
				<misses>10670001</misses>
				<total>42</total>
				<timestamp>3304.394326</timestamp>
			</report>
			<report>
				<misses>10671001</misses>
				<total>42</total>
				<timestamp>3304.704079</timestamp>
			</report>
			<report>
				<misses>10672001</misses>
				<total>42</total>
				<timestamp>3305.013705</timestamp>
			</report>
			<report>
				<misses>10673001</misses>
				<total>42</total>
				<timestamp>3305.323424</timestamp>
			</report>
			<report>
				<misses>10674001</misses>
				<total>42</total>
				<timestamp>3305.633108</timestamp>
			</report>
			<report>
				<misses>10675001</misses>
				<total>42</total>
				<timestamp>3305.942782</timestamp>
			</report>
			<report>
				<misses>10676001</misses>
				<total>42</total>
				<timestamp>3306.252487</timestamp>
			</report>
			<report>
				<misses>10677001</misses>
				<total>42</total>
				<timestamp>3306.562184</timestamp>
			</report>
			<report>
				<misses>10678001</misses>
				<total>42</total>
				<timestamp>3306.871895</timestamp>
			</report>
			<report>
				<misses>10679001</misses>
				<total>42</total>
				<timestamp>3307.181549</timestamp>
			</report>
			<report>
				<misses>10680001</misses>
				<total>42</total>
				<timestamp>3307.491235</timestamp>
			</report>
			<report>
				<misses>10681001</misses>
				<total>42</total>
				<timestamp>3307.800982</timestamp>
			</report>
			<report>
				<misses>10682001</misses>
				<total>42</total>
				<timestamp>3308.110611</timestamp>
			</report>
			<report>
				<misses>10683001</misses>
				<total>42</total>
				<timestamp>3308.420317</timestamp>
			</report>
			<report>
				<misses>10684001</misses>
				<total>42</total>
				<timestamp>3308.730037</timestamp>
			</report>
			<report>
				<misses>10685001</misses>
				<total>42</total>
				<timestamp>3309.039685</timestamp>
			</report>
			<report>
				<misses>10686001</misses>
				<total>42</total>
				<timestamp>3309.349367</timestamp>
			</report>
			<report>
				<misses>10687001</misses>
				<total>42</total>
				<timestamp>3309.659081</timestamp>
			</report>
			<report>
				<misses>10688001</misses>
				<total>42</total>
				<timestamp>3309.968759</timestamp>
			</report>
			<report>
				<misses>10689001</misses>
				<total>42</total>
				<timestamp>3310.278452</timestamp>
			</report>
			<report>
				<misses>10690001</misses>
				<total>42</total>
				<timestamp>3310.588162</timestamp>
			</report>
			<report>
				<misses>10691001</misses>
				<total>42</total>
				<timestamp>3310.897891</timestamp>
			</report>
			<report>
				<misses>10692001</misses>
				<total>42</total>
				<timestamp>3311.207520</timestamp>
			</report>
			<report>
				<misses>10693001</misses>
				<total>42</total>
				<timestamp>3311.517209</timestamp>
			</report>
			<report>
				<misses>10694001</misses>
				<total>42</total>
				<timestamp>3311.826905</timestamp>
			</report>
			<report>
				<misses>10695001</misses>
				<total>42</total>
				<timestamp>3312.136582</timestamp>
			</report>
			<report>
				<misses>10696001</misses>
				<total>42</total>
				<timestamp>3312.446290</timestamp>
			</report>
			<report>
				<misses>10697001</misses>
				<total>42</total>
				<timestamp>3312.756008</timestamp>
			</report>
			<report>
				<misses>10698001</misses>
				<total>42</total>
				<timestamp>3313.065663</timestamp>
			</report>
			<report>
				<misses>10699001</misses>
				<total>42</total>
				<timestamp>3313.375332</timestamp>
			</report>
			<report>
				<misses>10700001</misses>
				<total>42</total>
				<timestamp>3313.685059</timestamp>
			</report>
			<report>
				<misses>10701001</misses>
				<total>42</total>
				<timestamp>3313.994714</timestamp>
			</report>
			<report>
				<misses>10702001</misses>
				<total>42</total>
				<timestamp>3314.304398</timestamp>
			</report>
			<report>
				<misses>10703001</misses>
				<total>42</total>
				<timestamp>3314.614114</timestamp>
			</report>
			<report>
				<misses>10704001</misses>
				<total>42</total>
				<timestamp>3314.923790</timestamp>
			</report>
			<report>
				<misses>10705001</misses>
				<total>42</total>
				<timestamp>3315.233501</timestamp>
			</report>
			<report>
				<misses>10706001</misses>
				<total>42</total>
				<timestamp>3315.543184</timestamp>
			</report>
			<report>
				<misses>10707001</misses>
				<total>42</total>
				<timestamp>3315.852879</timestamp>
			</report>
			<report>
				<misses>10708001</misses>
				<total>42</total>
				<timestamp>3316.162586</timestamp>
			</report>
			<report>
				<misses>10709001</misses>
				<total>42</total>
				<timestamp>3316.472246</timestamp>
			</report>
			<report>
				<misses>10710001</misses>
				<total>42</total>
				<timestamp>3316.781975</timestamp>
			</report>
			<report>
				<misses>10711001</misses>
				<total>42</total>
				<timestamp>3317.091617</timestamp>
			</report>
			<report>
				<misses>10712001</misses>
				<total>42</total>
				<timestamp>3317.401324</timestamp>
			</report>
			<report>
				<misses>10713001</misses>
				<total>42</total>
				<timestamp>3317.711003</timestamp>
			</report>
			<report>
				<misses>10714001</misses>
				<total>42</total>
				<timestamp>3318.020709</timestamp>
			</report>
			<report>
				<misses>10715001</misses>
				<total>42</total>
				<timestamp>3318.330390</timestamp>
			</report>
			<report>
				<misses>10716001</misses>
				<total>42</total>
				<timestamp>3318.640123</timestamp>
			</report>
			<report>
				<misses>10717001</misses>
				<total>42</total>
				<timestamp>3318.949837</timestamp>
			</report>
			<report>
				<misses>10718001</misses>
				<total>42</total>
				<timestamp>3319.259509</timestamp>
			</report>
			<report>
				<misses>10719001</misses>
				<total>42</total>
				<timestamp>3319.569142</timestamp>
			</report>
			<report>
				<misses>10720001</misses>
				<total>42</total>
				<timestamp>3319.878850</timestamp>
			</report>
			<report>
				<misses>10721001</misses>
				<total>42</total>
				<timestamp>3320.188551</timestamp>
			</report>
			<report>
				<misses>10722001</misses>
				<total>42</total>
				<timestamp>3320.498241</timestamp>
			</report>
			<report>
				<misses>10723001</misses>
				<total>42</total>
				<timestamp>3320.807962</timestamp>
			</report>
			<report>
				<misses>10724001</misses>
				<total>42</total>
				<timestamp>3321.117603</timestamp>
			</report>
			<report>
				<misses>10725001</misses>
				<total>42</total>
				<timestamp>3321.427294</timestamp>
			</report>
			<report>
				<misses>10726001</misses>
				<total>42</total>
				<timestamp>3321.737029</timestamp>
			</report>
			<report>
				<misses>10727001</misses>
				<total>42</total>
				<timestamp>3322.046709</timestamp>
			</report>
			<report>
				<misses>10728001</misses>
				<total>42</total>
				<timestamp>3322.356351</timestamp>
			</report>
			<report>
				<misses>10729001</misses>
				<total>42</total>
				<timestamp>3322.666098</timestamp>
			</report>
			<report>
				<misses>10730001</misses>
				<total>42</total>
				<timestamp>3322.975757</timestamp>
			</report>
			<report>
				<misses>10731001</misses>
				<total>42</total>
				<timestamp>3323.285454</timestamp>
			</report>
			<report>
				<misses>10732001</misses>
				<total>42</total>
				<timestamp>3323.595121</timestamp>
			</report>
			<report>
				<misses>10733001</misses>
				<total>42</total>
				<timestamp>3323.904847</timestamp>
			</report>
			<report>
				<misses>10734001</misses>
				<total>42</total>
				<timestamp>3324.214494</timestamp>
			</report>
			<report>
				<misses>10735001</misses>
				<total>42</total>
				<timestamp>3324.524226</timestamp>
			</report>
			<report>
				<misses>10736001</misses>
				<total>42</total>
				<timestamp>3324.834000</timestamp>
			</report>
			<report>
				<misses>10737001</misses>
				<total>42</total>
				<timestamp>3325.143575</timestamp>
			</report>
			<report>
				<misses>10738001</misses>
				<total>42</total>
				<timestamp>3325.453292</timestamp>
			</report>
			<report>
				<misses>10739001</misses>
				<total>42</total>
				<timestamp>3325.762969</timestamp>
			</report>
			<report>
				<misses>10740001</misses>
				<total>42</total>
				<timestamp>3326.072627</timestamp>
			</report>
			<report>
				<misses>10741001</misses>
				<total>42</total>
				<timestamp>3326.382327</timestamp>
			</report>
			<report>
				<misses>10742001</misses>
				<total>42</total>
				<timestamp>3326.692092</timestamp>
			</report>
			<report>
				<misses>10743001</misses>
				<total>42</total>
				<timestamp>3327.001726</timestamp>
			</report>
			<report>
				<misses>10744001</misses>
				<total>42</total>
				<timestamp>3327.311375</timestamp>
			</report>
			<report>
				<misses>10745001</misses>
				<total>42</total>
				<timestamp>3327.621075</timestamp>
			</report>
			<report>
				<misses>10746001</misses>
				<total>42</total>
				<timestamp>3327.930786</timestamp>
			</report>
			<report>
				<misses>10747001</misses>
				<total>42</total>
				<timestamp>3328.240483</timestamp>
			</report>
			<report>
				<misses>10748001</misses>
				<total>42</total>
				<timestamp>3328.550164</timestamp>
			</report>
			<report>
				<misses>10749001</misses>
				<total>42</total>
				<timestamp>3328.859885</timestamp>
			</report>
			<report>
				<misses>10750001</misses>
				<total>42</total>
				<timestamp>3329.169559</timestamp>
			</report>
			<report>
				<misses>10751001</misses>
				<total>42</total>
				<timestamp>3329.479252</timestamp>
			</report>
			<report>
				<misses>10752001</misses>
				<total>42</total>
				<timestamp>3329.788918</timestamp>
			</report>
			<report>
				<misses>10753001</misses>
				<total>42</total>
				<timestamp>3330.098632</timestamp>
			</report>
			<report>
				<misses>10754001</misses>
				<total>42</total>
				<timestamp>3330.408316</timestamp>
			</report>
			<report>
				<misses>10755001</misses>
				<total>42</total>
				<timestamp>3330.718002</timestamp>
			</report>
			<report>
				<misses>10756001</misses>
				<total>42</total>
				<timestamp>3331.027673</timestamp>
			</report>
			<report>
				<misses>10757001</misses>
				<total>42</total>
				<timestamp>3331.337365</timestamp>
			</report>
			<report>
				<misses>10758001</misses>
				<total>42</total>
				<timestamp>3331.647103</timestamp>
			</report>
			<report>
				<misses>10759001</misses>
				<total>42</total>
				<timestamp>3331.956770</timestamp>
			</report>
			<report>
				<misses>10760001</misses>
				<total>42</total>
				<timestamp>3332.266444</timestamp>
			</report>
			<report>
				<misses>10761001</misses>
				<total>42</total>
				<timestamp>3332.576131</timestamp>
			</report>
			<report>
				<misses>10762001</misses>
				<total>42</total>
				<timestamp>3332.885831</timestamp>
			</report>
			<report>
				<misses>10763001</misses>
				<total>42</total>
				<timestamp>3333.195565</timestamp>
			</report>
			<report>
				<misses>10764001</misses>
				<total>42</total>
				<timestamp>3333.505206</timestamp>
			</report>
			<report>
				<misses>10765001</misses>
				<total>42</total>
				<timestamp>3333.814880</timestamp>
			</report>
			<report>
				<misses>10766001</misses>
				<total>42</total>
				<timestamp>3334.124608</timestamp>
			</report>
			<report>
				<misses>10767001</misses>
				<total>42</total>
				<timestamp>3334.434263</timestamp>
			</report>
			<report>
				<misses>10768001</misses>
				<total>42</total>
				<timestamp>3334.743995</timestamp>
			</report>
			<report>
				<misses>10769001</misses>
				<total>42</total>
				<timestamp>3335.053642</timestamp>
			</report>
			<report>
				<misses>10770001</misses>
				<total>42</total>
				<timestamp>3335.363354</timestamp>
			</report>
			<report>
				<misses>10771001</misses>
				<total>42</total>
				<timestamp>3335.673046</timestamp>
			</report>
			<report>
				<misses>10772001</misses>
				<total>42</total>
				<timestamp>3335.982754</timestamp>
			</report>
			<report>
				<misses>10773001</misses>
				<total>42</total>
				<timestamp>3336.292390</timestamp>
			</report>
			<report>
				<misses>10774001</misses>
				<total>42</total>
				<timestamp>3336.602121</timestamp>
			</report>
			<report>
				<misses>10775001</misses>
				<total>42</total>
				<timestamp>3336.911848</timestamp>
			</report>
			<report>
				<misses>10776001</misses>
				<total>42</total>
				<timestamp>3337.221545</timestamp>
			</report>
			<report>
				<misses>10777001</misses>
				<total>42</total>
				<timestamp>3337.531188</timestamp>
			</report>
			<report>
				<misses>10778001</misses>
				<total>42</total>
				<timestamp>3337.840859</timestamp>
			</report>
			<report>
				<misses>10779001</misses>
				<total>42</total>
				<timestamp>3338.150547</timestamp>
			</report>
			<report>
				<misses>10780001</misses>
				<total>42</total>
				<timestamp>3338.460266</timestamp>
			</report>
			<report>
				<misses>10781001</misses>
				<total>42</total>
				<timestamp>3338.769947</timestamp>
			</report>
			<report>
				<misses>10782001</misses>
				<total>42</total>
				<timestamp>3339.079620</timestamp>
			</report>
			<report>
				<misses>10783001</misses>
				<total>42</total>
				<timestamp>3339.389315</timestamp>
			</report>
			<report>
				<misses>10784001</misses>
				<total>42</total>
				<timestamp>3339.699016</timestamp>
			</report>
			<report>
				<misses>10785001</misses>
				<total>42</total>
				<timestamp>3340.008693</timestamp>
			</report>
			<report>
				<misses>10786001</misses>
				<total>42</total>
				<timestamp>3340.318392</timestamp>
			</report>
			<report>
				<misses>10787001</misses>
				<total>42</total>
				<timestamp>3340.628058</timestamp>
			</report>
			<report>
				<misses>10788001</misses>
				<total>42</total>
				<timestamp>3340.937784</timestamp>
			</report>
			<report>
				<misses>10789001</misses>
				<total>42</total>
				<timestamp>3341.247463</timestamp>
			</report>
			<report>
				<misses>10790001</misses>
				<total>42</total>
				<timestamp>3341.557151</timestamp>
			</report>
			<report>
				<misses>10791001</misses>
				<total>42</total>
				<timestamp>3341.866854</timestamp>
			</report>
			<report>
				<misses>10792001</misses>
				<total>42</total>
				<timestamp>3342.176546</timestamp>
			</report>
			<report>
				<misses>10793001</misses>
				<total>42</total>
				<timestamp>3342.486261</timestamp>
			</report>
			<report>
				<misses>10794001</misses>
				<total>42</total>
				<timestamp>3342.795906</timestamp>
			</report>
			<report>
				<misses>10795001</misses>
				<total>42</total>
				<timestamp>3343.105589</timestamp>
			</report>
			<report>
				<misses>10796001</misses>
				<total>42</total>
				<timestamp>3343.415314</timestamp>
			</report>
			<report>
				<misses>10797001</misses>
				<total>42</total>
				<timestamp>3343.724957</timestamp>
			</report>
			<report>
				<misses>10798001</misses>
				<total>42</total>
				<timestamp>3344.034717</timestamp>
			</report>
			<report>
				<misses>10799001</misses>
				<total>42</total>
				<timestamp>3344.344340</timestamp>
			</report>
			<report>
				<misses>10800001</misses>
				<total>42</total>
				<timestamp>3344.654046</timestamp>
			</report>
			<report>
				<misses>10801001</misses>
				<total>42</total>
				<timestamp>3344.963770</timestamp>
			</report>
			<report>
				<misses>10802001</misses>
				<total>42</total>
				<timestamp>3345.273421</timestamp>
			</report>
			<report>
				<misses>10803001</misses>
				<total>42</total>
				<timestamp>3345.583097</timestamp>
			</report>
			<report>
				<misses>10804001</misses>
				<total>42</total>
				<timestamp>3345.892793</timestamp>
			</report>
			<report>
				<misses>10805001</misses>
				<total>42</total>
				<timestamp>3346.202486</timestamp>
			</report>
			<report>
				<misses>10806001</misses>
				<total>42</total>
				<timestamp>3346.512165</timestamp>
			</report>
			<report>
				<misses>10807001</misses>
				<total>42</total>
				<timestamp>3346.821916</timestamp>
			</report>
			<report>
				<misses>10808001</misses>
				<total>42</total>
				<timestamp>3347.131574</timestamp>
			</report>
			<report>
				<misses>10809001</misses>
				<total>42</total>
				<timestamp>3347.441249</timestamp>
			</report>
			<report>
				<misses>10810001</misses>
				<total>42</total>
				<timestamp>3347.750934</timestamp>
			</report>
			<report>
				<misses>10811001</misses>
				<total>42</total>
				<timestamp>3348.060669</timestamp>
			</report>
			<report>
				<misses>10812001</misses>
				<total>42</total>
				<timestamp>3348.370358</timestamp>
			</report>
			<report>
				<misses>10813001</misses>
				<total>42</total>
				<timestamp>3348.680014</timestamp>
			</report>
			<report>
				<misses>10814001</misses>
				<total>42</total>
				<timestamp>3348.989711</timestamp>
			</report>
			<report>
				<misses>10815001</misses>
				<total>42</total>
				<timestamp>3349.299369</timestamp>
			</report>
			<report>
				<misses>10816001</misses>
				<total>42</total>
				<timestamp>3349.609064</timestamp>
			</report>
			<report>
				<misses>10817001</misses>
				<total>42</total>
				<timestamp>3349.918810</timestamp>
			</report>
			<report>
				<misses>10818001</misses>
				<total>42</total>
				<timestamp>3350.228472</timestamp>
			</report>
			<report>
				<misses>10819001</misses>
				<total>42</total>
				<timestamp>3350.538128</timestamp>
			</report>
			<report>
				<misses>10820001</misses>
				<total>42</total>
				<timestamp>3350.847809</timestamp>
			</report>
			<report>
				<misses>10821001</misses>
				<total>42</total>
				<timestamp>3351.157520</timestamp>
			</report>
			<report>
				<misses>10822001</misses>
				<total>42</total>
				<timestamp>3351.467210</timestamp>
			</report>
			<report>
				<misses>10823001</misses>
				<total>42</total>
				<timestamp>3351.776900</timestamp>
			</report>
			<report>
				<misses>10824001</misses>
				<total>42</total>
				<timestamp>3352.086587</timestamp>
			</report>
			<report>
				<misses>10825001</misses>
				<total>42</total>
				<timestamp>3352.396287</timestamp>
			</report>
			<report>
				<misses>10826001</misses>
				<total>42</total>
				<timestamp>3352.705962</timestamp>
			</report>
			<report>
				<misses>10827001</misses>
				<total>42</total>
				<timestamp>3353.015695</timestamp>
			</report>
			<report>
				<misses>10828001</misses>
				<total>42</total>
				<timestamp>3353.325361</timestamp>
			</report>
			<report>
				<misses>10829001</misses>
				<total>42</total>
				<timestamp>3353.635056</timestamp>
			</report>
			<report>
				<misses>10830001</misses>
				<total>42</total>
				<timestamp>3353.944780</timestamp>
			</report>
			<report>
				<misses>10831001</misses>
				<total>42</total>
				<timestamp>3354.254413</timestamp>
			</report>
			<report>
				<misses>10832001</misses>
				<total>42</total>
				<timestamp>3354.564110</timestamp>
			</report>
			<report>
				<misses>10833001</misses>
				<total>42</total>
				<timestamp>3354.873829</timestamp>
			</report>
			<report>
				<misses>10834001</misses>
				<total>42</total>
				<timestamp>3355.183485</timestamp>
			</report>
			<report>
				<misses>10835001</misses>
				<total>42</total>
				<timestamp>3355.493237</timestamp>
			</report>
			<report>
				<misses>10836001</misses>
				<total>42</total>
				<timestamp>3355.802885</timestamp>
			</report>
			<report>
				<misses>10837001</misses>
				<total>42</total>
				<timestamp>3356.112617</timestamp>
			</report>
			<report>
				<misses>10838001</misses>
				<total>42</total>
				<timestamp>3356.422299</timestamp>
			</report>
			<report>
				<misses>10839001</misses>
				<total>42</total>
				<timestamp>3356.731957</timestamp>
			</report>
			<report>
				<misses>10840001</misses>
				<total>42</total>
				<timestamp>3357.041662</timestamp>
			</report>
			<report>
				<misses>10841001</misses>
				<total>42</total>
				<timestamp>3357.351323</timestamp>
			</report>
			<report>
				<misses>10842001</misses>
				<total>42</total>
				<timestamp>3357.661040</timestamp>
			</report>
			<report>
				<misses>10843001</misses>
				<total>42</total>
				<timestamp>3357.970722</timestamp>
			</report>
			<report>
				<misses>10844001</misses>
				<total>42</total>
				<timestamp>3358.280393</timestamp>
			</report>
			<report>
				<misses>10845001</misses>
				<total>42</total>
				<timestamp>3358.590106</timestamp>
			</report>
			<report>
				<misses>10846001</misses>
				<total>42</total>
				<timestamp>3358.899773</timestamp>
			</report>
			<report>
				<misses>10847001</misses>
				<total>42</total>
				<timestamp>3359.209473</timestamp>
			</report>
			<report>
				<misses>10848001</misses>
				<total>42</total>
				<timestamp>3359.519156</timestamp>
			</report>
			<report>
				<misses>10849001</misses>
				<total>42</total>
				<timestamp>3359.828870</timestamp>
			</report>
			<report>
				<misses>10850001</misses>
				<total>42</total>
				<timestamp>3360.138565</timestamp>
			</report>
			<report>
				<misses>10851001</misses>
				<total>42</total>
				<timestamp>3360.448206</timestamp>
			</report>
			<report>
				<misses>10852001</misses>
				<total>42</total>
				<timestamp>3360.757931</timestamp>
			</report>
			<report>
				<misses>10853001</misses>
				<total>42</total>
				<timestamp>3361.067701</timestamp>
			</report>
			<report>
				<misses>10854001</misses>
				<total>42</total>
				<timestamp>3361.377305</timestamp>
			</report>
			<report>
				<misses>10855001</misses>
				<total>42</total>
				<timestamp>3361.686987</timestamp>
			</report>
			<report>
				<misses>10856001</misses>
				<total>42</total>
				<timestamp>3361.996696</timestamp>
			</report>
			<report>
				<misses>10857001</misses>
				<total>42</total>
				<timestamp>3362.306381</timestamp>
			</report>
			<report>
				<misses>10858001</misses>
				<total>42</total>
				<timestamp>3362.616060</timestamp>
			</report>
			<report>
				<misses>10859001</misses>
				<total>42</total>
				<timestamp>3362.925776</timestamp>
			</report>
			<report>
				<misses>10860001</misses>
				<total>42</total>
				<timestamp>3363.235449</timestamp>
			</report>
			<report>
				<misses>10861001</misses>
				<total>42</total>
				<timestamp>3363.545124</timestamp>
			</report>
			<report>
				<misses>10862001</misses>
				<total>42</total>
				<timestamp>3363.854846</timestamp>
			</report>
			<report>
				<misses>10863001</misses>
				<total>42</total>
				<timestamp>3364.164524</timestamp>
			</report>
			<report>
				<misses>10864001</misses>
				<total>42</total>
				<timestamp>3364.474183</timestamp>
			</report>
			<report>
				<misses>10865001</misses>
				<total>42</total>
				<timestamp>3364.783887</timestamp>
			</report>
			<report>
				<misses>10866001</misses>
				<total>42</total>
				<timestamp>3365.093593</timestamp>
			</report>
			<report>
				<misses>10867001</misses>
				<total>42</total>
				<timestamp>3365.403270</timestamp>
			</report>
			<report>
				<misses>10868001</misses>
				<total>42</total>
				<timestamp>3365.712955</timestamp>
			</report>
			<report>
				<misses>10869001</misses>
				<total>42</total>
				<timestamp>3366.022679</timestamp>
			</report>
			<report>
				<misses>10870001</misses>
				<total>42</total>
				<timestamp>3366.332345</timestamp>
			</report>
			<report>
				<misses>10871001</misses>
				<total>42</total>
				<timestamp>3366.642039</timestamp>
			</report>
			<report>
				<misses>10872001</misses>
				<total>42</total>
				<timestamp>3366.951774</timestamp>
			</report>
			<report>
				<misses>10873001</misses>
				<total>42</total>
				<timestamp>3367.261385</timestamp>
			</report>
			<report>
				<misses>10874001</misses>
				<total>42</total>
				<timestamp>3367.571097</timestamp>
			</report>
			<report>
				<misses>10875001</misses>
				<total>42</total>
				<timestamp>3367.880794</timestamp>
			</report>
			<report>
				<misses>10876001</misses>
				<total>42</total>
				<timestamp>3368.190515</timestamp>
			</report>
			<report>
				<misses>10877001</misses>
				<total>42</total>
				<timestamp>3368.500163</timestamp>
			</report>
			<report>
				<misses>10878001</misses>
				<total>42</total>
				<timestamp>3368.809868</timestamp>
			</report>
			<report>
				<misses>10879001</misses>
				<total>42</total>
				<timestamp>3369.119638</timestamp>
			</report>
			<report>
				<misses>10880001</misses>
				<total>42</total>
				<timestamp>3369.429231</timestamp>
			</report>
			<report>
				<misses>10881001</misses>
				<total>42</total>
				<timestamp>3369.738939</timestamp>
			</report>
			<report>
				<misses>10882001</misses>
				<total>42</total>
				<timestamp>3370.048634</timestamp>
			</report>
			<report>
				<misses>10883001</misses>
				<total>42</total>
				<timestamp>3370.358302</timestamp>
			</report>
			<report>
				<misses>10884001</misses>
				<total>42</total>
				<timestamp>3370.668056</timestamp>
			</report>
			<report>
				<misses>10885001</misses>
				<total>42</total>
				<timestamp>3370.977705</timestamp>
			</report>
			<report>
				<misses>10886001</misses>
				<total>42</total>
				<timestamp>3371.287390</timestamp>
			</report>
			<report>
				<misses>10887001</misses>
				<total>42</total>
				<timestamp>3371.597062</timestamp>
			</report>
			<report>
				<misses>10888001</misses>
				<total>42</total>
				<timestamp>3371.906785</timestamp>
			</report>
			<report>
				<misses>10889001</misses>
				<total>42</total>
				<timestamp>3372.216459</timestamp>
			</report>
			<report>
				<misses>10890001</misses>
				<total>42</total>
				<timestamp>3372.526144</timestamp>
			</report>
			<report>
				<misses>10891001</misses>
				<total>42</total>
				<timestamp>3372.835840</timestamp>
			</report>
			<report>
				<misses>10892001</misses>
				<total>42</total>
				<timestamp>3373.145529</timestamp>
			</report>
			<report>
				<misses>10893001</misses>
				<total>42</total>
				<timestamp>3373.455215</timestamp>
			</report>
			<report>
				<misses>10894001</misses>
				<total>42</total>
				<timestamp>3373.764886</timestamp>
			</report>
			<report>
				<misses>10895001</misses>
				<total>42</total>
				<timestamp>3374.074636</timestamp>
			</report>
			<report>
				<misses>10896001</misses>
				<total>42</total>
				<timestamp>3374.384284</timestamp>
			</report>
			<report>
				<misses>10897001</misses>
				<total>42</total>
				<timestamp>3374.694009</timestamp>
			</report>
			<report>
				<misses>10898001</misses>
				<total>42</total>
				<timestamp>3375.003671</timestamp>
			</report>
			<report>
				<misses>10899001</misses>
				<total>42</total>
				<timestamp>3375.313368</timestamp>
			</report>
			<report>
				<misses>10900001</misses>
				<total>42</total>
				<timestamp>3375.623040</timestamp>
			</report>
			<report>
				<misses>10901001</misses>
				<total>42</total>
				<timestamp>3375.932749</timestamp>
			</report>
			<report>
				<misses>10902001</misses>
				<total>42</total>
				<timestamp>3376.242418</timestamp>
			</report>
			<report>
				<misses>10903001</misses>
				<total>42</total>
				<timestamp>3376.552088</timestamp>
			</report>
			<report>
				<misses>10904001</misses>
				<total>42</total>
				<timestamp>3376.861803</timestamp>
			</report>
			<report>
				<misses>10905001</misses>
				<total>42</total>
				<timestamp>3377.171530</timestamp>
			</report>
			<report>
				<misses>10906001</misses>
				<total>42</total>
				<timestamp>3377.481196</timestamp>
			</report>
			<report>
				<misses>10907001</misses>
				<total>42</total>
				<timestamp>3377.790892</timestamp>
			</report>
			<report>
				<misses>10908001</misses>
				<total>42</total>
				<timestamp>3378.100586</timestamp>
			</report>
			<report>
				<misses>10909001</misses>
				<total>42</total>
				<timestamp>3378.410235</timestamp>
			</report>
			<report>
				<misses>10910001</misses>
				<total>42</total>
				<timestamp>3378.719946</timestamp>
			</report>
			<report>
				<misses>10911001</misses>
				<total>42</total>
				<timestamp>3379.029672</timestamp>
			</report>
			<report>
				<misses>10912001</misses>
				<total>42</total>
				<timestamp>3379.339302</timestamp>
			</report>
			<report>
				<misses>10913001</misses>
				<total>42</total>
				<timestamp>3379.649018</timestamp>
			</report>
			<report>
				<misses>10914001</misses>
				<total>42</total>
				<timestamp>3379.958710</timestamp>
			</report>
			<report>
				<misses>10915001</misses>
				<total>42</total>
				<timestamp>3380.268380</timestamp>
			</report>
			<report>
				<misses>10916001</misses>
				<total>42</total>
				<timestamp>3380.578075</timestamp>
			</report>
			<report>
				<misses>10917001</misses>
				<total>42</total>
				<timestamp>3380.887787</timestamp>
			</report>
			<report>
				<misses>10918001</misses>
				<total>42</total>
				<timestamp>3381.197467</timestamp>
			</report>
			<report>
				<misses>10919001</misses>
				<total>42</total>
				<timestamp>3381.507146</timestamp>
			</report>
			<report>
				<misses>10920001</misses>
				<total>42</total>
				<timestamp>3381.816852</timestamp>
			</report>
			<report>
				<misses>10921001</misses>
				<total>42</total>
				<timestamp>3382.126565</timestamp>
			</report>
			<report>
				<misses>10922001</misses>
				<total>42</total>
				<timestamp>3382.436223</timestamp>
			</report>
			<report>
				<misses>10923001</misses>
				<total>42</total>
				<timestamp>3382.745940</timestamp>
			</report>
			<report>
				<misses>10924001</misses>
				<total>42</total>
				<timestamp>3383.055625</timestamp>
			</report>
			<report>
				<misses>10925001</misses>
				<total>42</total>
				<timestamp>3383.365278</timestamp>
			</report>
			<report>
				<misses>10926001</misses>
				<total>42</total>
				<timestamp>3383.674993</timestamp>
			</report>
			<report>
				<misses>10927001</misses>
				<total>42</total>
				<timestamp>3383.984700</timestamp>
			</report>
			<report>
				<misses>10928001</misses>
				<total>42</total>
				<timestamp>3384.294357</timestamp>
			</report>
			<report>
				<misses>10929001</misses>
				<total>42</total>
				<timestamp>3384.604085</timestamp>
			</report>
			<report>
				<misses>10930001</misses>
				<total>42</total>
				<timestamp>3384.913756</timestamp>
			</report>
			<report>
				<misses>10931001</misses>
				<total>42</total>
				<timestamp>3385.223423</timestamp>
			</report>
			<report>
				<misses>10932001</misses>
				<total>42</total>
				<timestamp>3385.533117</timestamp>
			</report>
			<report>
				<misses>10933001</misses>
				<total>42</total>
				<timestamp>3385.842795</timestamp>
			</report>
			<report>
				<misses>10934001</misses>
				<total>42</total>
				<timestamp>3386.152554</timestamp>
			</report>
			<report>
				<misses>10935001</misses>
				<total>42</total>
				<timestamp>3386.462187</timestamp>
			</report>
			<report>
				<misses>10936001</misses>
				<total>42</total>
				<timestamp>3386.771877</timestamp>
			</report>
			<report>
				<misses>10937001</misses>
				<total>42</total>
				<timestamp>3387.081598</timestamp>
			</report>
			<report>
				<misses>10938001</misses>
				<total>42</total>
				<timestamp>3387.391252</timestamp>
			</report>
			<report>
				<misses>10939001</misses>
				<total>42</total>
				<timestamp>3387.700934</timestamp>
			</report>
			<report>
				<misses>10940001</misses>
				<total>42</total>
				<timestamp>3388.010666</timestamp>
			</report>
			<report>
				<misses>10941001</misses>
				<total>42</total>
				<timestamp>3388.320343</timestamp>
			</report>
			<report>
				<misses>10942001</misses>
				<total>42</total>
				<timestamp>3388.630007</timestamp>
			</report>
			<report>
				<misses>10943001</misses>
				<total>42</total>
				<timestamp>3388.939791</timestamp>
			</report>
			<report>
				<misses>10944001</misses>
				<total>42</total>
				<timestamp>3389.249394</timestamp>
			</report>
			<report>
				<misses>10945001</misses>
				<total>42</total>
				<timestamp>3389.559091</timestamp>
			</report>
			<report>
				<misses>10946001</misses>
				<total>42</total>
				<timestamp>3389.868767</timestamp>
			</report>
			<report>
				<misses>10947001</misses>
				<total>42</total>
				<timestamp>3390.178562</timestamp>
			</report>
			<report>
				<misses>10948001</misses>
				<total>42</total>
				<timestamp>3390.488173</timestamp>
			</report>
			<report>
				<misses>10949001</misses>
				<total>42</total>
				<timestamp>3390.797841</timestamp>
			</report>
			<report>
				<misses>10950001</misses>
				<total>42</total>
				<timestamp>3391.107534</timestamp>
			</report>
			<report>
				<misses>10951001</misses>
				<total>42</total>
				<timestamp>3391.417216</timestamp>
			</report>
			<report>
				<misses>10952001</misses>
				<total>42</total>
				<timestamp>3391.726913</timestamp>
			</report>
			<report>
				<misses>10953001</misses>
				<total>42</total>
				<timestamp>3392.036634</timestamp>
			</report>
			<report>
				<misses>10954001</misses>
				<total>42</total>
				<timestamp>3392.346287</timestamp>
			</report>
			<report>
				<misses>10955001</misses>
				<total>42</total>
				<timestamp>3392.655996</timestamp>
			</report>
			<report>
				<misses>10956001</misses>
				<total>42</total>
				<timestamp>3392.965683</timestamp>
			</report>
			<report>
				<misses>10957001</misses>
				<total>42</total>
				<timestamp>3393.275363</timestamp>
			</report>
			<report>
				<misses>10958001</misses>
				<total>42</total>
				<timestamp>3393.585072</timestamp>
			</report>
			<report>
				<misses>10959001</misses>
				<total>42</total>
				<timestamp>3393.894740</timestamp>
			</report>
			<report>
				<misses>10960001</misses>
				<total>42</total>
				<timestamp>3394.204460</timestamp>
			</report>
			<report>
				<misses>10961001</misses>
				<total>42</total>
				<timestamp>3394.514114</timestamp>
			</report>
			<report>
				<misses>10962001</misses>
				<total>42</total>
				<timestamp>3394.823870</timestamp>
			</report>
			<report>
				<misses>10963001</misses>
				<total>42</total>
				<timestamp>3395.133515</timestamp>
			</report>
			<report>
				<misses>10964001</misses>
				<total>42</total>
				<timestamp>3395.443206</timestamp>
			</report>
			<report>
				<misses>10965001</misses>
				<total>42</total>
				<timestamp>3395.752883</timestamp>
			</report>
			<report>
				<misses>10966001</misses>
				<total>42</total>
				<timestamp>3396.062615</timestamp>
			</report>
			<report>
				<misses>10967001</misses>
				<total>42</total>
				<timestamp>3396.372247</timestamp>
			</report>
			<report>
				<misses>10968001</misses>
				<total>42</total>
				<timestamp>3396.681965</timestamp>
			</report>
			<report>
				<misses>10969001</misses>
				<total>42</total>
				<timestamp>3396.991627</timestamp>
			</report>
			<report>
				<misses>10970001</misses>
				<total>42</total>
				<timestamp>3397.301354</timestamp>
			</report>
			<report>
				<misses>10971001</misses>
				<total>42</total>
				<timestamp>3397.611035</timestamp>
			</report>
			<report>
				<misses>10972001</misses>
				<total>42</total>
				<timestamp>3397.920711</timestamp>
			</report>
			<report>
				<misses>10973001</misses>
				<total>42</total>
				<timestamp>3398.230442</timestamp>
			</report>
			<report>
				<misses>10974001</misses>
				<total>42</total>
				<timestamp>3398.540097</timestamp>
			</report>
			<report>
				<misses>10975001</misses>
				<total>42</total>
				<timestamp>3398.849794</timestamp>
			</report>
			<report>
				<misses>10976001</misses>
				<total>42</total>
				<timestamp>3399.159512</timestamp>
			</report>
			<report>
				<misses>10977001</misses>
				<total>42</total>
				<timestamp>3399.469157</timestamp>
			</report>
			<report>
				<misses>10978001</misses>
				<total>42</total>
				<timestamp>3399.778857</timestamp>
			</report>
			<report>
				<misses>10979001</misses>
				<total>42</total>
				<timestamp>3400.088589</timestamp>
			</report>
			<report>
				<misses>10980001</misses>
				<total>42</total>
				<timestamp>3400.398227</timestamp>
			</report>
			<report>
				<misses>10981001</misses>
				<total>42</total>
				<timestamp>3400.707962</timestamp>
			</report>
			<report>
				<misses>10982001</misses>
				<total>42</total>
				<timestamp>3401.017649</timestamp>
			</report>
			<report>
				<misses>10983001</misses>
				<total>42</total>
				<timestamp>3401.327320</timestamp>
			</report>
			<report>
				<misses>10984001</misses>
				<total>42</total>
				<timestamp>3401.636992</timestamp>
			</report>
			<report>
				<misses>10985001</misses>
				<total>42</total>
				<timestamp>3401.946721</timestamp>
			</report>
			<report>
				<misses>10986001</misses>
				<total>42</total>
				<timestamp>3402.256424</timestamp>
			</report>
			<report>
				<misses>10987001</misses>
				<total>42</total>
				<timestamp>3402.566062</timestamp>
			</report>
			<report>
				<misses>10988001</misses>
				<total>42</total>
				<timestamp>3402.875784</timestamp>
			</report>
			<report>
				<misses>10989001</misses>
				<total>42</total>
				<timestamp>3403.185466</timestamp>
			</report>
			<report>
				<misses>10990001</misses>
				<total>42</total>
				<timestamp>3403.495130</timestamp>
			</report>
			<report>
				<misses>10991001</misses>
				<total>42</total>
				<timestamp>3403.804833</timestamp>
			</report>
			<report>
				<misses>10992001</misses>
				<total>42</total>
				<timestamp>3404.114567</timestamp>
			</report>
			<report>
				<misses>10993001</misses>
				<total>42</total>
				<timestamp>3404.424196</timestamp>
			</report>
			<report>
				<misses>10994001</misses>
				<total>42</total>
				<timestamp>3404.733903</timestamp>
			</report>
			<report>
				<misses>10995001</misses>
				<total>42</total>
				<timestamp>3405.043581</timestamp>
			</report>
			<report>
				<misses>10996001</misses>
				<total>42</total>
				<timestamp>3405.353271</timestamp>
			</report>
			<report>
				<misses>10997001</misses>
				<total>42</total>
				<timestamp>3405.662963</timestamp>
			</report>
			<report>
				<misses>10998001</misses>
				<total>42</total>
				<timestamp>3405.972667</timestamp>
			</report>
			<report>
				<misses>10999001</misses>
				<total>42</total>
				<timestamp>3406.282412</timestamp>
			</report>
			<report>
				<misses>11000001</misses>
				<total>42</total>
				<timestamp>3406.592049</timestamp>
			</report>
			<report>
				<misses>11001001</misses>
				<total>42</total>
				<timestamp>3406.901719</timestamp>
			</report>
			<report>
				<misses>11002001</misses>
				<total>42</total>
				<timestamp>3407.211455</timestamp>
			</report>
			<report>
				<misses>11003001</misses>
				<total>42</total>
				<timestamp>3407.521131</timestamp>
			</report>
			<report>
				<misses>11004001</misses>
				<total>42</total>
				<timestamp>3407.830841</timestamp>
			</report>
			<report>
				<misses>11005001</misses>
				<total>42</total>
				<timestamp>3408.140485</timestamp>
			</report>
			<report>
				<misses>11006001</misses>
				<total>42</total>
				<timestamp>3408.450173</timestamp>
			</report>
			<report>
				<misses>11007001</misses>
				<total>42</total>
				<timestamp>3408.759864</timestamp>
			</report>
			<report>
				<misses>11008001</misses>
				<total>42</total>
				<timestamp>3409.069564</timestamp>
			</report>
			<report>
				<misses>11009001</misses>
				<total>42</total>
				<timestamp>3409.379247</timestamp>
			</report>
			<report>
				<misses>11010001</misses>
				<total>42</total>
				<timestamp>3409.688939</timestamp>
			</report>
			<report>
				<misses>11011001</misses>
				<total>42</total>
				<timestamp>3409.998683</timestamp>
			</report>
			<report>
				<misses>11012001</misses>
				<total>42</total>
				<timestamp>3410.308345</timestamp>
			</report>
			<report>
				<misses>11013001</misses>
				<total>42</total>
				<timestamp>3410.618013</timestamp>
			</report>
			<report>
				<misses>11014001</misses>
				<total>42</total>
				<timestamp>3410.927700</timestamp>
			</report>
			<report>
				<misses>11015001</misses>
				<total>42</total>
				<timestamp>3411.237414</timestamp>
			</report>
			<report>
				<misses>11016001</misses>
				<total>42</total>
				<timestamp>3411.547105</timestamp>
			</report>
			<report>
				<misses>11017001</misses>
				<total>42</total>
				<timestamp>3411.856780</timestamp>
			</report>
			<report>
				<misses>11018001</misses>
				<total>42</total>
				<timestamp>3412.166465</timestamp>
			</report>
			<report>
				<misses>11019001</misses>
				<total>42</total>
				<timestamp>3412.476136</timestamp>
			</report>
			<report>
				<misses>11020001</misses>
				<total>42</total>
				<timestamp>3412.785833</timestamp>
			</report>
			<report>
				<misses>11021001</misses>
				<total>42</total>
				<timestamp>3413.095526</timestamp>
			</report>
			<report>
				<misses>11022001</misses>
				<total>42</total>
				<timestamp>3413.405222</timestamp>
			</report>
			<report>
				<misses>11023001</misses>
				<total>42</total>
				<timestamp>3413.714913</timestamp>
			</report>
			<report>
				<misses>11024001</misses>
				<total>42</total>
				<timestamp>3414.024604</timestamp>
			</report>
			<report>
				<misses>11025001</misses>
				<total>42</total>
				<timestamp>3414.334311</timestamp>
			</report>
			<report>
				<misses>11026001</misses>
				<total>42</total>
				<timestamp>3414.643989</timestamp>
			</report>
			<report>
				<misses>11027001</misses>
				<total>42</total>
				<timestamp>3414.953651</timestamp>
			</report>
			<report>
				<misses>11028001</misses>
				<total>42</total>
				<timestamp>3415.263403</timestamp>
			</report>
			<report>
				<misses>11029001</misses>
				<total>42</total>
				<timestamp>3415.573044</timestamp>
			</report>
			<report>
				<misses>11030001</misses>
				<total>42</total>
				<timestamp>3415.882765</timestamp>
			</report>
			<report>
				<misses>11031001</misses>
				<total>42</total>
				<timestamp>3416.192485</timestamp>
			</report>
			<report>
				<misses>11032001</misses>
				<total>42</total>
				<timestamp>3416.502127</timestamp>
			</report>
			<report>
				<misses>11033001</misses>
				<total>42</total>
				<timestamp>3416.811795</timestamp>
			</report>
			<report>
				<misses>11034001</misses>
				<total>42</total>
				<timestamp>3417.121507</timestamp>
			</report>
			<report>
				<misses>11035001</misses>
				<total>42</total>
				<timestamp>3417.431171</timestamp>
			</report>
			<report>
				<misses>11036001</misses>
				<total>42</total>
				<timestamp>3417.740865</timestamp>
			</report>
			<report>
				<misses>11037001</misses>
				<total>42</total>
				<timestamp>3418.050550</timestamp>
			</report>
			<report>
				<misses>11038001</misses>
				<total>42</total>
				<timestamp>3418.360288</timestamp>
			</report>
			<report>
				<misses>11039001</misses>
				<total>42</total>
				<timestamp>3418.669955</timestamp>
			</report>
			<report>
				<misses>11040001</misses>
				<total>42</total>
				<timestamp>3418.979666</timestamp>
			</report>
			<report>
				<misses>11041001</misses>
				<total>42</total>
				<timestamp>3419.289374</timestamp>
			</report>
			<report>
				<misses>11042001</misses>
				<total>42</total>
				<timestamp>3419.599026</timestamp>
			</report>
			<report>
				<misses>11043001</misses>
				<total>42</total>
				<timestamp>3419.908710</timestamp>
			</report>
			<report>
				<misses>11044001</misses>
				<total>42</total>
				<timestamp>3420.218468</timestamp>
			</report>
			<report>
				<misses>11045001</misses>
				<total>42</total>
				<timestamp>3420.528082</timestamp>
			</report>
			<report>
				<misses>11046001</misses>
				<total>42</total>
				<timestamp>3420.837765</timestamp>
			</report>
			<report>
				<misses>11047001</misses>
				<total>42</total>
				<timestamp>3421.147500</timestamp>
			</report>
			<report>
				<misses>11048001</misses>
				<total>42</total>
				<timestamp>3421.457151</timestamp>
			</report>
			<report>
				<misses>11049001</misses>
				<total>42</total>
				<timestamp>3421.766887</timestamp>
			</report>
			<report>
				<misses>11050001</misses>
				<total>42</total>
				<timestamp>3422.076535</timestamp>
			</report>
			<report>
				<misses>11051001</misses>
				<total>42</total>
				<timestamp>3422.386258</timestamp>
			</report>
			<report>
				<misses>11052001</misses>
				<total>42</total>
				<timestamp>3422.695909</timestamp>
			</report>
			<report>
				<misses>11053001</misses>
				<total>42</total>
				<timestamp>3423.005609</timestamp>
			</report>
			<report>
				<misses>11054001</misses>
				<total>42</total>
				<timestamp>3423.315317</timestamp>
			</report>
			<report>
				<misses>11055001</misses>
				<total>42</total>
				<timestamp>3423.624989</timestamp>
			</report>
			<report>
				<misses>11056001</misses>
				<total>42</total>
				<timestamp>3423.934701</timestamp>
			</report>
			<report>
				<misses>11057001</misses>
				<total>42</total>
				<timestamp>3424.244422</timestamp>
			</report>
			<report>
				<misses>11058001</misses>
				<total>42</total>
				<timestamp>3424.554073</timestamp>
			</report>
			<report>
				<misses>11059001</misses>
				<total>42</total>
				<timestamp>3424.863741</timestamp>
			</report>
			<report>
				<misses>11060001</misses>
				<total>42</total>
				<timestamp>3425.173478</timestamp>
			</report>
			<report>
				<misses>11061001</misses>
				<total>42</total>
				<timestamp>3425.483154</timestamp>
			</report>
			<report>
				<misses>11062001</misses>
				<total>42</total>
				<timestamp>3425.792818</timestamp>
			</report>
			<report>
				<misses>11063001</misses>
				<total>42</total>
				<timestamp>3426.102505</timestamp>
			</report>
			<report>
				<misses>11064001</misses>
				<total>42</total>
				<timestamp>3426.412201</timestamp>
			</report>
			<report>
				<misses>11065001</misses>
				<total>42</total>
				<timestamp>3426.721884</timestamp>
			</report>
			<report>
				<misses>11066001</misses>
				<total>42</total>
				<timestamp>3427.031598</timestamp>
			</report>
			<report>
				<misses>11067001</misses>
				<total>42</total>
				<timestamp>3427.341334</timestamp>
			</report>
			<report>
				<misses>11068001</misses>
				<total>42</total>
				<timestamp>3427.650944</timestamp>
			</report>
			<report>
				<misses>11069001</misses>
				<total>42</total>
				<timestamp>3427.960639</timestamp>
			</report>
			<report>
				<misses>11070001</misses>
				<total>42</total>
				<timestamp>3428.270350</timestamp>
			</report>
			<report>
				<misses>11071001</misses>
				<total>42</total>
				<timestamp>3428.580023</timestamp>
			</report>
			<report>
				<misses>11072001</misses>
				<total>42</total>
				<timestamp>3428.889699</timestamp>
			</report>
			<report>
				<misses>11073001</misses>
				<total>42</total>
				<timestamp>3429.199415</timestamp>
			</report>
			<report>
				<misses>11074001</misses>
				<total>42</total>
				<timestamp>3429.509094</timestamp>
			</report>
			<report>
				<misses>11075001</misses>
				<total>42</total>
				<timestamp>3429.818802</timestamp>
			</report>
			<report>
				<misses>11076001</misses>
				<total>42</total>
				<timestamp>3430.128488</timestamp>
			</report>
			<report>
				<misses>11077001</misses>
				<total>42</total>
				<timestamp>3430.438169</timestamp>
			</report>
			<report>
				<misses>11078001</misses>
				<total>42</total>
				<timestamp>3430.747863</timestamp>
			</report>
			<report>
				<misses>11079001</misses>
				<total>42</total>
				<timestamp>3431.057592</timestamp>
			</report>
			<report>
				<misses>11080001</misses>
				<total>42</total>
				<timestamp>3431.367275</timestamp>
			</report>
			<report>
				<misses>11081001</misses>
				<total>43</total>
				<timestamp>3431.676953</timestamp>
			</report>
			<report>
				<misses>11082001</misses>
				<total>43</total>
				<timestamp>3431.986606</timestamp>
			</report>
			<report>
				<misses>11083001</misses>
				<total>43</total>
				<timestamp>3432.296305</timestamp>
			</report>
			<report>
				<misses>11084001</misses>
				<total>43</total>
				<timestamp>3432.606016</timestamp>
			</report>
			<report>
				<misses>11085001</misses>
				<total>43</total>
				<timestamp>3432.915673</timestamp>
			</report>
			<report>
				<misses>11086001</misses>
				<total>43</total>
				<timestamp>3433.225414</timestamp>
			</report>
			<report>
				<misses>11087001</misses>
				<total>43</total>
				<timestamp>3433.535063</timestamp>
			</report>
			<report>
				<misses>11088001</misses>
				<total>43</total>
				<timestamp>3433.844755</timestamp>
			</report>
			<report>
				<misses>11089001</misses>
				<total>43</total>
				<timestamp>3434.154463</timestamp>
			</report>
			<report>
				<misses>11090001</misses>
				<total>43</total>
				<timestamp>3434.464147</timestamp>
			</report>
			<report>
				<misses>11091001</misses>
				<total>43</total>
				<timestamp>3434.773826</timestamp>
			</report>
			<report>
				<misses>11092001</misses>
				<total>43</total>
				<timestamp>3435.083534</timestamp>
			</report>
			<report>
				<misses>11093001</misses>
				<total>43</total>
				<timestamp>3435.393241</timestamp>
			</report>
			<report>
				<misses>11094001</misses>
				<total>43</total>
				<timestamp>3435.702915</timestamp>
			</report>
			<report>
				<misses>11095001</misses>
				<total>43</total>
				<timestamp>3436.012597</timestamp>
			</report>
			<report>
				<misses>11096001</misses>
				<total>43</total>
				<timestamp>3436.322315</timestamp>
			</report>
			<report>
				<misses>11097001</misses>
				<total>43</total>
				<timestamp>3436.631986</timestamp>
			</report>
			<report>
				<misses>11098001</misses>
				<total>43</total>
				<timestamp>3436.941676</timestamp>
			</report>
			<report>
				<misses>11099001</misses>
				<total>43</total>
				<timestamp>3437.251375</timestamp>
			</report>
			<report>
				<misses>11100001</misses>
				<total>43</total>
				<timestamp>3437.561035</timestamp>
			</report>
			<report>
				<misses>11101001</misses>
				<total>43</total>
				<timestamp>3437.870729</timestamp>
			</report>
			<report>
				<misses>11102001</misses>
				<total>43</total>
				<timestamp>3438.180426</timestamp>
			</report>
			<report>
				<misses>11103001</misses>
				<total>43</total>
				<timestamp>3438.490143</timestamp>
			</report>
			<report>
				<misses>11104001</misses>
				<total>43</total>
				<timestamp>3438.799796</timestamp>
			</report>
			<report>
				<misses>11105001</misses>
				<total>43</total>
				<timestamp>3439.109484</timestamp>
			</report>
			<report>
				<misses>11106001</misses>
				<total>43</total>
				<timestamp>3439.419226</timestamp>
			</report>
			<report>
				<misses>11107001</misses>
				<total>43</total>
				<timestamp>3439.728873</timestamp>
			</report>
			<report>
				<misses>11108001</misses>
				<total>43</total>
				<timestamp>3440.038572</timestamp>
			</report>
			<report>
				<misses>11109001</misses>
				<total>43</total>
				<timestamp>3440.348252</timestamp>
			</report>
			<report>
				<misses>11110001</misses>
				<total>43</total>
				<timestamp>3440.657937</timestamp>
			</report>
			<report>
				<misses>11111001</misses>
				<total>43</total>
				<timestamp>3440.967648</timestamp>
			</report>
			<report>
				<misses>11112001</misses>
				<total>43</total>
				<timestamp>3441.277366</timestamp>
			</report>
			<report>
				<misses>11113001</misses>
				<total>43</total>
				<timestamp>3441.587056</timestamp>
			</report>
			<report>
				<misses>11114001</misses>
				<total>43</total>
				<timestamp>3441.896727</timestamp>
			</report>
			<report>
				<misses>11115001</misses>
				<total>43</total>
				<timestamp>3442.206414</timestamp>
			</report>
			<report>
				<misses>11116001</misses>
				<total>43</total>
				<timestamp>3442.516106</timestamp>
			</report>
			<report>
				<misses>11117001</misses>
				<total>43</total>
				<timestamp>3442.825777</timestamp>
			</report>
			<report>
				<misses>11118001</misses>
				<total>43</total>
				<timestamp>3443.135470</timestamp>
			</report>
			<report>
				<misses>11119001</misses>
				<total>43</total>
				<timestamp>3443.445169</timestamp>
			</report>
			<report>
				<misses>11120001</misses>
				<total>43</total>
				<timestamp>3443.754865</timestamp>
			</report>
			<report>
				<misses>11121001</misses>
				<total>43</total>
				<timestamp>3444.064576</timestamp>
			</report>
			<report>
				<misses>11122001</misses>
				<total>43</total>
				<timestamp>3444.374291</timestamp>
			</report>
			<report>
				<misses>11123001</misses>
				<total>43</total>
				<timestamp>3444.683906</timestamp>
			</report>
			<report>
				<misses>11124001</misses>
				<total>43</total>
				<timestamp>3444.993605</timestamp>
			</report>
			<report>
				<misses>11125001</misses>
				<total>43</total>
				<timestamp>3445.303322</timestamp>
			</report>
			<report>
				<misses>11126001</misses>
				<total>43</total>
				<timestamp>3445.612962</timestamp>
			</report>
			<report>
				<misses>11127001</misses>
				<total>43</total>
				<timestamp>3445.922676</timestamp>
			</report>
			<report>
				<misses>11128001</misses>
				<total>43</total>
				<timestamp>3446.232347</timestamp>
			</report>
			<report>
				<misses>11129001</misses>
				<total>43</total>
				<timestamp>3446.542088</timestamp>
			</report>
			<report>
				<misses>11130001</misses>
				<total>43</total>
				<timestamp>3446.851751</timestamp>
			</report>
			<report>
				<misses>11131001</misses>
				<total>43</total>
				<timestamp>3447.161451</timestamp>
			</report>
			<report>
				<misses>11132001</misses>
				<total>43</total>
				<timestamp>3447.471131</timestamp>
			</report>
			<report>
				<misses>11133001</misses>
				<total>43</total>
				<timestamp>3447.780820</timestamp>
			</report>
			<report>
				<misses>11134001</misses>
				<total>43</total>
				<timestamp>3448.090509</timestamp>
			</report>
			<report>
				<misses>11135001</misses>
				<total>43</total>
				<timestamp>3448.400299</timestamp>
			</report>
			<report>
				<misses>11136001</misses>
				<total>43</total>
				<timestamp>3448.709864</timestamp>
			</report>
			<report>
				<misses>11137001</misses>
				<total>43</total>
				<timestamp>3449.019549</timestamp>
			</report>
			<report>
				<misses>11138001</misses>
				<total>43</total>
				<timestamp>3449.329303</timestamp>
			</report>
			<report>
				<misses>11139001</misses>
				<total>43</total>
				<timestamp>3449.638943</timestamp>
			</report>
			<report>
				<misses>11140001</misses>
				<total>43</total>
				<timestamp>3449.948637</timestamp>
			</report>
			<report>
				<misses>11141001</misses>
				<total>43</total>
				<timestamp>3450.258325</timestamp>
			</report>
			<report>
				<misses>11142001</misses>
				<total>43</total>
				<timestamp>3450.567998</timestamp>
			</report>
			<report>
				<misses>11143001</misses>
				<total>43</total>
				<timestamp>3450.877738</timestamp>
			</report>
			<report>
				<misses>11144001</misses>
				<total>43</total>
				<timestamp>3451.187428</timestamp>
			</report>
			<report>
				<misses>11145001</misses>
				<total>43</total>
				<timestamp>3451.497078</timestamp>
			</report>
			<report>
				<misses>11146001</misses>
				<total>43</total>
				<timestamp>3451.806787</timestamp>
			</report>
			<report>
				<misses>11147001</misses>
				<total>43</total>
				<timestamp>3452.116465</timestamp>
			</report>
			<report>
				<misses>11148001</misses>
				<total>43</total>
				<timestamp>3452.426195</timestamp>
			</report>
			<report>
				<misses>11149001</misses>
				<total>43</total>
				<timestamp>3452.735837</timestamp>
			</report>
			<report>
				<misses>11150001</misses>
				<total>43</total>
				<timestamp>3453.045525</timestamp>
			</report>
			<report>
				<misses>11151001</misses>
				<total>43</total>
				<timestamp>3453.355275</timestamp>
			</report>
			<report>
				<misses>11152001</misses>
				<total>43</total>
				<timestamp>3453.664925</timestamp>
			</report>
			<report>
				<misses>11153001</misses>
				<total>43</total>
				<timestamp>3453.974621</timestamp>
			</report>
			<report>
				<misses>11154001</misses>
				<total>43</total>
				<timestamp>3454.284317</timestamp>
			</report>
			<report>
				<misses>11155001</misses>
				<total>43</total>
				<timestamp>3454.593977</timestamp>
			</report>
			<report>
				<misses>11156001</misses>
				<total>43</total>
				<timestamp>3454.903688</timestamp>
			</report>
			<report>
				<misses>11157001</misses>
				<total>43</total>
				<timestamp>3455.213364</timestamp>
			</report>
			<report>
				<misses>11158001</misses>
				<total>43</total>
				<timestamp>3455.523077</timestamp>
			</report>
			<report>
				<misses>11159001</misses>
				<total>44</total>
				<timestamp>3455.832746</timestamp>
			</report>
			<report>
				<misses>11160001</misses>
				<total>44</total>
				<timestamp>3456.142468</timestamp>
			</report>
			<report>
				<misses>11161001</misses>
				<total>44</total>
				<timestamp>3456.452157</timestamp>
			</report>
			<report>
				<misses>11162001</misses>
				<total>44</total>
				<timestamp>3456.761813</timestamp>
			</report>
			<report>
				<misses>11163001</misses>
				<total>44</total>
				<timestamp>3457.071512</timestamp>
			</report>
			<report>
				<misses>11164001</misses>
				<total>44</total>
				<timestamp>3457.381265</timestamp>
			</report>
			<report>
				<misses>11165001</misses>
				<total>44</total>
				<timestamp>3457.690870</timestamp>
			</report>
			<report>
				<misses>11166001</misses>
				<total>44</total>
				<timestamp>3458.000581</timestamp>
			</report>
			<report>
				<misses>11167001</misses>
				<total>44</total>
				<timestamp>3458.310283</timestamp>
			</report>
			<report>
				<misses>11168001</misses>
				<total>44</total>
				<timestamp>3458.619945</timestamp>
			</report>
			<report>
				<misses>11169001</misses>
				<total>44</total>
				<timestamp>3458.929665</timestamp>
			</report>
			<report>
				<misses>11170001</misses>
				<total>44</total>
				<timestamp>3459.239362</timestamp>
			</report>
			<report>
				<misses>11171001</misses>
				<total>44</total>
				<timestamp>3459.549065</timestamp>
			</report>
			<report>
				<misses>11172001</misses>
				<total>44</total>
				<timestamp>3459.858741</timestamp>
			</report>
			<report>
				<misses>11173001</misses>
				<total>44</total>
				<timestamp>3460.168392</timestamp>
			</report>
			<report>
				<misses>11174001</misses>
				<total>44</total>
				<timestamp>3460.478110</timestamp>
			</report>
			<report>
				<misses>11175001</misses>
				<total>44</total>
				<timestamp>3460.787780</timestamp>
			</report>
			<report>
				<misses>11176001</misses>
				<total>44</total>
				<timestamp>3461.097506</timestamp>
			</report>
			<report>
				<misses>11177001</misses>
				<total>44</total>
				<timestamp>3461.407225</timestamp>
			</report>
			<report>
				<misses>11178001</misses>
				<total>44</total>
				<timestamp>3461.716854</timestamp>
			</report>
			<report>
				<misses>11179001</misses>
				<total>44</total>
				<timestamp>3462.026552</timestamp>
			</report>
			<report>
				<misses>11180001</misses>
				<total>44</total>
				<timestamp>3462.336226</timestamp>
			</report>
			<report>
				<misses>11181001</misses>
				<total>44</total>
				<timestamp>3462.645929</timestamp>
			</report>
			<report>
				<misses>11182001</misses>
				<total>44</total>
				<timestamp>3462.955615</timestamp>
			</report>
			<report>
				<misses>11183001</misses>
				<total>44</total>
				<timestamp>3463.265342</timestamp>
			</report>
			<report>
				<misses>11184001</misses>
				<total>44</total>
				<timestamp>3463.574990</timestamp>
			</report>
			<report>
				<misses>11185001</misses>
				<total>44</total>
				<timestamp>3463.884682</timestamp>
			</report>
			<report>
				<misses>11186001</misses>
				<total>44</total>
				<timestamp>3464.194432</timestamp>
			</report>
			<report>
				<misses>11187001</misses>
				<total>44</total>
				<timestamp>3464.504094</timestamp>
			</report>
			<report>
				<misses>11188001</misses>
				<total>44</total>
				<timestamp>3464.813760</timestamp>
			</report>
			<report>
				<misses>11189001</misses>
				<total>44</total>
				<timestamp>3465.123468</timestamp>
			</report>
			<report>
				<misses>11190001</misses>
				<total>44</total>
				<timestamp>3465.433193</timestamp>
			</report>
			<report>
				<misses>11191001</misses>
				<total>44</total>
				<timestamp>3465.742856</timestamp>
			</report>
			<report>
				<misses>11192001</misses>
				<total>44</total>
				<timestamp>3466.052525</timestamp>
			</report>
			<report>
				<misses>11193001</misses>
				<total>44</total>
				<timestamp>3466.362215</timestamp>
			</report>
			<report>
				<misses>11194001</misses>
				<total>44</total>
				<timestamp>3466.671885</timestamp>
			</report>
			<report>
				<misses>11195001</misses>
				<total>44</total>
				<timestamp>3466.981597</timestamp>
			</report>
			<report>
				<misses>11196001</misses>
				<total>44</total>
				<timestamp>3467.291293</timestamp>
			</report>
			<report>
				<misses>11197001</misses>
				<total>44</total>
				<timestamp>3467.600988</timestamp>
			</report>
			<report>
				<misses>11198001</misses>
				<total>44</total>
				<timestamp>3467.910655</timestamp>
			</report>
			<report>
				<misses>11199001</misses>
				<total>44</total>
				<timestamp>3468.220367</timestamp>
			</report>
			<report>
				<misses>11200001</misses>
				<total>44</total>
				<timestamp>3468.530111</timestamp>
			</report>
			<report>
				<misses>11201001</misses>
				<total>44</total>
				<timestamp>3468.839754</timestamp>
			</report>
			<report>
				<misses>11202001</misses>
				<total>44</total>
				<timestamp>3469.149463</timestamp>
			</report>
			<report>
				<misses>11203001</misses>
				<total>44</total>
				<timestamp>3469.459117</timestamp>
			</report>
			<report>
				<misses>11204001</misses>
				<total>44</total>
				<timestamp>3469.768788</timestamp>
			</report>
			<report>
				<misses>11205001</misses>
				<total>44</total>
				<timestamp>3470.078492</timestamp>
			</report>
			<report>
				<misses>11206001</misses>
				<total>44</total>
				<timestamp>3470.388209</timestamp>
			</report>
			<report>
				<misses>11207001</misses>
				<total>44</total>
				<timestamp>3470.697862</timestamp>
			</report>
			<report>
				<misses>11208001</misses>
				<total>44</total>
				<timestamp>3471.007573</timestamp>
			</report>
			<report>
				<misses>11209001</misses>
				<total>44</total>
				<timestamp>3471.317246</timestamp>
			</report>
			<report>
				<misses>11210001</misses>
				<total>44</total>
				<timestamp>3471.626955</timestamp>
			</report>
			<report>
				<misses>11211001</misses>
				<total>44</total>
				<timestamp>3471.936653</timestamp>
			</report>
			<report>
				<misses>11212001</misses>
				<total>44</total>
				<timestamp>3472.246335</timestamp>
			</report>
			<report>
				<misses>11213001</misses>
				<total>44</total>
				<timestamp>3472.556008</timestamp>
			</report>
			<report>
				<misses>11214001</misses>
				<total>44</total>
				<timestamp>3472.865716</timestamp>
			</report>
			<report>
				<misses>11215001</misses>
				<total>44</total>
				<timestamp>3473.175413</timestamp>
			</report>
			<report>
				<misses>11216001</misses>
				<total>44</total>
				<timestamp>3473.485149</timestamp>
			</report>
			<report>
				<misses>11217001</misses>
				<total>44</total>
				<timestamp>3473.794784</timestamp>
			</report>
			<report>
				<misses>11218001</misses>
				<total>44</total>
				<timestamp>3474.104470</timestamp>
			</report>
			<report>
				<misses>11219001</misses>
				<total>44</total>
				<timestamp>3474.414162</timestamp>
			</report>
			<report>
				<misses>11220001</misses>
				<total>44</total>
				<timestamp>3474.723851</timestamp>
			</report>
			<report>
				<misses>11221001</misses>
				<total>44</total>
				<timestamp>3475.033537</timestamp>
			</report>
			<report>
				<misses>11222001</misses>
				<total>44</total>
				<timestamp>3475.343237</timestamp>
			</report>
			<report>
				<misses>11223001</misses>
				<total>44</total>
				<timestamp>3475.652922</timestamp>
			</report>
			<report>
				<misses>11224001</misses>
				<total>44</total>
				<timestamp>3475.962661</timestamp>
			</report>
			<report>
				<misses>11225001</misses>
				<total>44</total>
				<timestamp>3476.272318</timestamp>
			</report>
			<report>
				<misses>11226001</misses>
				<total>44</total>
				<timestamp>3476.582005</timestamp>
			</report>
			<report>
				<misses>11227001</misses>
				<total>44</total>
				<timestamp>3476.891674</timestamp>
			</report>
			<report>
				<misses>11228001</misses>
				<total>44</total>
				<timestamp>3477.201362</timestamp>
			</report>
			<report>
				<misses>11229001</misses>
				<total>44</total>
				<timestamp>3477.511088</timestamp>
			</report>
			<report>
				<misses>11230001</misses>
				<total>44</total>
				<timestamp>3477.820764</timestamp>
			</report>
			<report>
				<misses>11231001</misses>
				<total>44</total>
				<timestamp>3478.130427</timestamp>
			</report>
			<report>
				<misses>11232001</misses>
				<total>44</total>
				<timestamp>3478.440128</timestamp>
			</report>
			<report>
				<misses>11233001</misses>
				<total>44</total>
				<timestamp>3478.749816</timestamp>
			</report>
			<report>
				<misses>11234001</misses>
				<total>44</total>
				<timestamp>3479.059536</timestamp>
			</report>
			<report>
				<misses>11235001</misses>
				<total>44</total>
				<timestamp>3479.369181</timestamp>
			</report>
			<report>
				<misses>11236001</misses>
				<total>44</total>
				<timestamp>3479.678924</timestamp>
			</report>
			<report>
				<misses>11237001</misses>
				<total>44</total>
				<timestamp>3479.988555</timestamp>
			</report>
			<report>
				<misses>11238001</misses>
				<total>44</total>
				<timestamp>3480.298256</timestamp>
			</report>
			<report>
				<misses>11239001</misses>
				<total>44</total>
				<timestamp>3480.607959</timestamp>
			</report>
			<report>
				<misses>11240001</misses>
				<total>44</total>
				<timestamp>3480.917626</timestamp>
			</report>
			<report>
				<misses>11241001</misses>
				<total>44</total>
				<timestamp>3481.227332</timestamp>
			</report>
			<report>
				<misses>11242001</misses>
				<total>44</total>
				<timestamp>3481.537059</timestamp>
			</report>
			<report>
				<misses>11243001</misses>
				<total>44</total>
				<timestamp>3481.846702</timestamp>
			</report>
			<report>
				<misses>11244001</misses>
				<total>44</total>
				<timestamp>3482.156414</timestamp>
			</report>
			<report>
				<misses>11245001</misses>
				<total>44</total>
				<timestamp>3482.466101</timestamp>
			</report>
			<report>
				<misses>11246001</misses>
				<total>44</total>
				<timestamp>3482.775770</timestamp>
			</report>
			<report>
				<misses>11247001</misses>
				<total>44</total>
				<timestamp>3483.085485</timestamp>
			</report>
			<report>
				<misses>11248001</misses>
				<total>44</total>
				<timestamp>3483.395162</timestamp>
			</report>
			<report>
				<misses>11249001</misses>
				<total>44</total>
				<timestamp>3483.704871</timestamp>
			</report>
			<report>
				<misses>11250001</misses>
				<total>44</total>
				<timestamp>3484.014545</timestamp>
			</report>
			<report>
				<misses>11251001</misses>
				<total>44</total>
				<timestamp>3484.324237</timestamp>
			</report>
			<report>
				<misses>11252001</misses>
				<total>44</total>
				<timestamp>3484.633914</timestamp>
			</report>
			<report>
				<misses>11253001</misses>
				<total>44</total>
				<timestamp>3484.943631</timestamp>
			</report>
			<report>
				<misses>11254001</misses>
				<total>44</total>
				<timestamp>3485.253317</timestamp>
			</report>
			<report>
				<misses>11255001</misses>
				<total>44</total>
				<timestamp>3485.563026</timestamp>
			</report>
			<report>
				<misses>11256001</misses>
				<total>44</total>
				<timestamp>3485.872714</timestamp>
			</report>
			<report>
				<misses>11257001</misses>
				<total>44</total>
				<timestamp>3486.182391</timestamp>
			</report>
			<report>
				<misses>11258001</misses>
				<total>44</total>
				<timestamp>3486.492069</timestamp>
			</report>
			<report>
				<misses>11259001</misses>
				<total>44</total>
				<timestamp>3486.801741</timestamp>
			</report>
			<report>
				<misses>11260001</misses>
				<total>44</total>
				<timestamp>3487.111425</timestamp>
			</report>
			<report>
				<misses>11261001</misses>
				<total>44</total>
				<timestamp>3487.421117</timestamp>
			</report>
			<report>
				<misses>11262001</misses>
				<total>44</total>
				<timestamp>3487.730870</timestamp>
			</report>
			<report>
				<misses>11263001</misses>
				<total>44</total>
				<timestamp>3488.040530</timestamp>
			</report>
			<report>
				<misses>11264001</misses>
				<total>44</total>
				<timestamp>3488.350220</timestamp>
			</report>
			<report>
				<misses>11265001</misses>
				<total>44</total>
				<timestamp>3488.659920</timestamp>
			</report>
			<report>
				<misses>11266001</misses>
				<total>44</total>
				<timestamp>3488.969571</timestamp>
			</report>
			<report>
				<misses>11267001</misses>
				<total>44</total>
				<timestamp>3489.279259</timestamp>
			</report>
			<report>
				<misses>11268001</misses>
				<total>44</total>
				<timestamp>3489.588984</timestamp>
			</report>
			<report>
				<misses>11269001</misses>
				<total>44</total>
				<timestamp>3489.898640</timestamp>
			</report>
			<report>
				<misses>11270001</misses>
				<total>44</total>
				<timestamp>3490.208326</timestamp>
			</report>
			<report>
				<misses>11271001</misses>
				<total>44</total>
				<timestamp>3490.518046</timestamp>
			</report>
			<report>
				<misses>11272001</misses>
				<total>44</total>
				<timestamp>3490.827703</timestamp>
			</report>
			<report>
				<misses>11273001</misses>
				<total>44</total>
				<timestamp>3491.137417</timestamp>
			</report>
			<report>
				<misses>11274001</misses>
				<total>44</total>
				<timestamp>3491.447127</timestamp>
			</report>
			<report>
				<misses>11275001</misses>
				<total>44</total>
				<timestamp>3491.756787</timestamp>
			</report>
			<report>
				<misses>11276001</misses>
				<total>44</total>
				<timestamp>3492.066485</timestamp>
			</report>
			<report>
				<misses>11277001</misses>
				<total>44</total>
				<timestamp>3492.376165</timestamp>
			</report>
			<report>
				<misses>11278001</misses>
				<total>44</total>
				<timestamp>3492.685938</timestamp>
			</report>
			<report>
				<misses>11279001</misses>
				<total>44</total>
				<timestamp>3492.995557</timestamp>
			</report>
			<report>
				<misses>11280001</misses>
				<total>44</total>
				<timestamp>3493.305240</timestamp>
			</report>
			<report>
				<misses>11281001</misses>
				<total>44</total>
				<timestamp>3493.614948</timestamp>
			</report>
			<report>
				<misses>11282001</misses>
				<total>44</total>
				<timestamp>3493.924665</timestamp>
			</report>
			<report>
				<misses>11283001</misses>
				<total>44</total>
				<timestamp>3494.234291</timestamp>
			</report>
			<report>
				<misses>11284001</misses>
				<total>44</total>
				<timestamp>3494.544012</timestamp>
			</report>
			<report>
				<misses>11285001</misses>
				<total>44</total>
				<timestamp>3494.853669</timestamp>
			</report>
			<report>
				<misses>11286001</misses>
				<total>44</total>
				<timestamp>3495.163378</timestamp>
			</report>
			<report>
				<misses>11287001</misses>
				<total>45</total>
				<timestamp>3495.473114</timestamp>
			</report>
			<report>
				<misses>11288001</misses>
				<total>45</total>
				<timestamp>3495.782762</timestamp>
			</report>
			<report>
				<misses>11289001</misses>
				<total>45</total>
				<timestamp>3496.092457</timestamp>
			</report>
			<report>
				<misses>11290001</misses>
				<total>45</total>
				<timestamp>3496.402142</timestamp>
			</report>
			<report>
				<misses>11291001</misses>
				<total>45</total>
				<timestamp>3496.711849</timestamp>
			</report>
			<report>
				<misses>11292001</misses>
				<total>45</total>
				<timestamp>3497.021543</timestamp>
			</report>
			<report>
				<misses>11293001</misses>
				<total>45</total>
				<timestamp>3497.331211</timestamp>
			</report>
			<report>
				<misses>11294001</misses>
				<total>45</total>
				<timestamp>3497.640925</timestamp>
			</report>
			<report>
				<misses>11295001</misses>
				<total>45</total>
				<timestamp>3497.950607</timestamp>
			</report>
			<report>
				<misses>11296001</misses>
				<total>45</total>
				<timestamp>3498.260273</timestamp>
			</report>
			<report>
				<misses>11297001</misses>
				<total>45</total>
				<timestamp>3498.570019</timestamp>
			</report>
			<report>
				<misses>11298001</misses>
				<total>45</total>
				<timestamp>3498.879681</timestamp>
			</report>
			<report>
				<misses>11299001</misses>
				<total>45</total>
				<timestamp>3499.189346</timestamp>
			</report>
			<report>
				<misses>11300001</misses>
				<total>45</total>
				<timestamp>3499.499063</timestamp>
			</report>
			<report>
				<misses>11301001</misses>
				<total>45</total>
				<timestamp>3499.808735</timestamp>
			</report>
			<report>
				<misses>11302001</misses>
				<total>45</total>
				<timestamp>3500.118421</timestamp>
			</report>
			<report>
				<misses>11303001</misses>
				<total>45</total>
				<timestamp>3500.428106</timestamp>
			</report>
			<report>
				<misses>11304001</misses>
				<total>45</total>
				<timestamp>3500.737800</timestamp>
			</report>
			<report>
				<misses>11305001</misses>
				<total>45</total>
				<timestamp>3501.047514</timestamp>
			</report>
			<report>
				<misses>11306001</misses>
				<total>45</total>
				<timestamp>3501.357179</timestamp>
			</report>
			<report>
				<misses>11307001</misses>
				<total>45</total>
				<timestamp>3501.666908</timestamp>
			</report>
			<report>
				<misses>11308001</misses>
				<total>45</total>
				<timestamp>3501.976553</timestamp>
			</report>
			<report>
				<misses>11309001</misses>
				<total>45</total>
				<timestamp>3502.286253</timestamp>
			</report>
			<report>
				<misses>11310001</misses>
				<total>45</total>
				<timestamp>3502.596008</timestamp>
			</report>
			<report>
				<misses>11311001</misses>
				<total>45</total>
				<timestamp>3502.905647</timestamp>
			</report>
			<report>
				<misses>11312001</misses>
				<total>45</total>
				<timestamp>3503.215311</timestamp>
			</report>
			<report>
				<misses>11313001</misses>
				<total>45</total>
				<timestamp>3503.524981</timestamp>
			</report>
			<report>
				<misses>11314001</misses>
				<total>45</total>
				<timestamp>3503.834684</timestamp>
			</report>
			<report>
				<misses>11315001</misses>
				<total>45</total>
				<timestamp>3504.144378</timestamp>
			</report>
			<report>
				<misses>11316001</misses>
				<total>45</total>
				<timestamp>3504.454082</timestamp>
			</report>
			<report>
				<misses>11317001</misses>
				<total>45</total>
				<timestamp>3504.763798</timestamp>
			</report>
			<report>
				<misses>11318001</misses>
				<total>45</total>
				<timestamp>3505.073473</timestamp>
			</report>
			<report>
				<misses>11319001</misses>
				<total>45</total>
				<timestamp>3505.383160</timestamp>
			</report>
			<report>
				<misses>11320001</misses>
				<total>45</total>
				<timestamp>3505.692865</timestamp>
			</report>
			<report>
				<misses>11321001</misses>
				<total>45</total>
				<timestamp>3506.002552</timestamp>
			</report>
			<report>
				<misses>11322001</misses>
				<total>45</total>
				<timestamp>3506.312263</timestamp>
			</report>
			<report>
				<misses>11323001</misses>
				<total>45</total>
				<timestamp>3506.621930</timestamp>
			</report>
			<report>
				<misses>11324001</misses>
				<total>45</total>
				<timestamp>3506.931612</timestamp>
			</report>
			<report>
				<misses>11325001</misses>
				<total>45</total>
				<timestamp>3507.241282</timestamp>
			</report>
			<report>
				<misses>11326001</misses>
				<total>45</total>
				<timestamp>3507.551002</timestamp>
			</report>
			<report>
				<misses>11327001</misses>
				<total>45</total>
				<timestamp>3507.860693</timestamp>
			</report>
			<report>
				<misses>11328001</misses>
				<total>45</total>
				<timestamp>3508.170362</timestamp>
			</report>
			<report>
				<misses>11329001</misses>
				<total>45</total>
				<timestamp>3508.480061</timestamp>
			</report>
			<report>
				<misses>11330001</misses>
				<total>45</total>
				<timestamp>3508.789784</timestamp>
			</report>
			<report>
				<misses>11331001</misses>
				<total>45</total>
				<timestamp>3509.099429</timestamp>
			</report>
			<report>
				<misses>11332001</misses>
				<total>45</total>
				<timestamp>3509.409161</timestamp>
			</report>
			<report>
				<misses>11333001</misses>
				<total>45</total>
				<timestamp>3509.718827</timestamp>
			</report>
			<report>
				<misses>11334001</misses>
				<total>45</total>
				<timestamp>3510.028518</timestamp>
			</report>
			<report>
				<misses>11335001</misses>
				<total>45</total>
				<timestamp>3510.338181</timestamp>
			</report>
			<report>
				<misses>11336001</misses>
				<total>45</total>
				<timestamp>3510.647894</timestamp>
			</report>
			<report>
				<misses>11337001</misses>
				<total>45</total>
				<timestamp>3510.957564</timestamp>
			</report>
			<report>
				<misses>11338001</misses>
				<total>45</total>
				<timestamp>3511.267251</timestamp>
			</report>
			<report>
				<misses>11339001</misses>
				<total>45</total>
				<timestamp>3511.576979</timestamp>
			</report>
			<report>
				<misses>11340001</misses>
				<total>45</total>
				<timestamp>3511.886629</timestamp>
			</report>
			<report>
				<misses>11341001</misses>
				<total>45</total>
				<timestamp>3512.196334</timestamp>
			</report>
			<report>
				<misses>11342001</misses>
				<total>45</total>
				<timestamp>3512.506008</timestamp>
			</report>
			<report>
				<misses>11343001</misses>
				<total>45</total>
				<timestamp>3512.815742</timestamp>
			</report>
			<report>
				<misses>11344001</misses>
				<total>45</total>
				<timestamp>3513.125408</timestamp>
			</report>
			<report>
				<misses>11345001</misses>
				<total>45</total>
				<timestamp>3513.435123</timestamp>
			</report>
			<report>
				<misses>11346001</misses>
				<total>45</total>
				<timestamp>3513.744794</timestamp>
			</report>
			<report>
				<misses>11347001</misses>
				<total>45</total>
				<timestamp>3514.054484</timestamp>
			</report>
			<report>
				<misses>11348001</misses>
				<total>45</total>
				<timestamp>3514.364161</timestamp>
			</report>
			<report>
				<misses>11349001</misses>
				<total>45</total>
				<timestamp>3514.673891</timestamp>
			</report>
			<report>
				<misses>11350001</misses>
				<total>45</total>
				<timestamp>3514.983549</timestamp>
			</report>
			<report>
				<misses>11351001</misses>
				<total>45</total>
				<timestamp>3515.293266</timestamp>
			</report>
			<report>
				<misses>11352001</misses>
				<total>45</total>
				<timestamp>3515.602955</timestamp>
			</report>
			<report>
				<misses>11353001</misses>
				<total>45</total>
				<timestamp>3515.912629</timestamp>
			</report>
			<report>
				<misses>11354001</misses>
				<total>45</total>
				<timestamp>3516.222286</timestamp>
			</report>
			<report>
				<misses>11355001</misses>
				<total>45</total>
				<timestamp>3516.531989</timestamp>
			</report>
			<report>
				<misses>11356001</misses>
				<total>45</total>
				<timestamp>3516.841707</timestamp>
			</report>
			<report>
				<misses>11357001</misses>
				<total>45</total>
				<timestamp>3517.151376</timestamp>
			</report>
			<report>
				<misses>11358001</misses>
				<total>45</total>
				<timestamp>3517.461115</timestamp>
			</report>
			<report>
				<misses>11359001</misses>
				<total>45</total>
				<timestamp>3517.770793</timestamp>
			</report>
			<report>
				<misses>11360001</misses>
				<total>45</total>
				<timestamp>3518.080485</timestamp>
			</report>
			<report>
				<misses>11361001</misses>
				<total>45</total>
				<timestamp>3518.390154</timestamp>
			</report>
			<report>
				<misses>11362001</misses>
				<total>45</total>
				<timestamp>3518.699877</timestamp>
			</report>
			<report>
				<misses>11363001</misses>
				<total>45</total>
				<timestamp>3519.009518</timestamp>
			</report>
			<report>
				<misses>11364001</misses>
				<total>45</total>
				<timestamp>3519.319184</timestamp>
			</report>
			<report>
				<misses>11365001</misses>
				<total>45</total>
				<timestamp>3519.628901</timestamp>
			</report>
			<report>
				<misses>11366001</misses>
				<total>45</total>
				<timestamp>3519.938589</timestamp>
			</report>
			<report>
				<misses>11367001</misses>
				<total>45</total>
				<timestamp>3520.248266</timestamp>
			</report>
			<report>
				<misses>11368001</misses>
				<total>45</total>
				<timestamp>3520.557987</timestamp>
			</report>
			<report>
				<misses>11369001</misses>
				<total>45</total>
				<timestamp>3520.867693</timestamp>
			</report>
			<report>
				<misses>11370001</misses>
				<total>45</total>
				<timestamp>3521.177384</timestamp>
			</report>
			<report>
				<misses>11371001</misses>
				<total>45</total>
				<timestamp>3521.487051</timestamp>
			</report>
			<report>
				<misses>11372001</misses>
				<total>45</total>
				<timestamp>3521.796754</timestamp>
			</report>
			<report>
				<misses>11373001</misses>
				<total>45</total>
				<timestamp>3522.106403</timestamp>
			</report>
			<report>
				<misses>11374001</misses>
				<total>45</total>
				<timestamp>3522.416119</timestamp>
			</report>
			<report>
				<misses>11375001</misses>
				<total>45</total>
				<timestamp>3522.725854</timestamp>
			</report>
			<report>
				<misses>11376001</misses>
				<total>45</total>
				<timestamp>3523.035494</timestamp>
			</report>
			<report>
				<misses>11377001</misses>
				<total>45</total>
				<timestamp>3523.345201</timestamp>
			</report>
			<report>
				<misses>11378001</misses>
				<total>45</total>
				<timestamp>3523.654898</timestamp>
			</report>
			<report>
				<misses>11379001</misses>
				<total>45</total>
				<timestamp>3523.964614</timestamp>
			</report>
			<report>
				<misses>11380001</misses>
				<total>45</total>
				<timestamp>3524.274251</timestamp>
			</report>
			<report>
				<misses>11381001</misses>
				<total>45</total>
				<timestamp>3524.583939</timestamp>
			</report>
			<report>
				<misses>11382001</misses>
				<total>45</total>
				<timestamp>3524.893658</timestamp>
			</report>
			<report>
				<misses>11383001</misses>
				<total>45</total>
				<timestamp>3525.203330</timestamp>
			</report>
			<report>
				<misses>11384001</misses>
				<total>45</total>
				<timestamp>3525.512989</timestamp>
			</report>
			<report>
				<misses>11385001</misses>
				<total>45</total>
				<timestamp>3525.822701</timestamp>
			</report>
			<report>
				<misses>11386001</misses>
				<total>45</total>
				<timestamp>3526.132396</timestamp>
			</report>
			<report>
				<misses>11387001</misses>
				<total>45</total>
				<timestamp>3526.442110</timestamp>
			</report>
			<report>
				<misses>11388001</misses>
				<total>45</total>
				<timestamp>3526.751790</timestamp>
			</report>
			<report>
				<misses>11389001</misses>
				<total>45</total>
				<timestamp>3527.061455</timestamp>
			</report>
			<report>
				<misses>11390001</misses>
				<total>45</total>
				<timestamp>3527.371140</timestamp>
			</report>
			<report>
				<misses>11391001</misses>
				<total>45</total>
				<timestamp>3527.680868</timestamp>
			</report>
			<report>
				<misses>11392001</misses>
				<total>45</total>
				<timestamp>3527.990527</timestamp>
			</report>
			<report>
				<misses>11393001</misses>
				<total>45</total>
				<timestamp>3528.300203</timestamp>
			</report>
			<report>
				<misses>11394001</misses>
				<total>45</total>
				<timestamp>3528.609987</timestamp>
			</report>
			<report>
				<misses>11395001</misses>
				<total>45</total>
				<timestamp>3528.919654</timestamp>
			</report>
			<report>
				<misses>11396001</misses>
				<total>45</total>
				<timestamp>3529.229279</timestamp>
			</report>
			<report>
				<misses>11397001</misses>
				<total>45</total>
				<timestamp>3529.538968</timestamp>
			</report>
			<report>
				<misses>11398001</misses>
				<total>45</total>
				<timestamp>3529.848702</timestamp>
			</report>
			<report>
				<misses>11399001</misses>
				<total>45</total>
				<timestamp>3530.158348</timestamp>
			</report>
			<report>
				<misses>11400001</misses>
				<total>45</total>
				<timestamp>3530.468085</timestamp>
			</report>
			<report>
				<misses>11401001</misses>
				<total>45</total>
				<timestamp>3530.777750</timestamp>
			</report>
			<report>
				<misses>11402001</misses>
				<total>45</total>
				<timestamp>3531.087415</timestamp>
			</report>
			<report>
				<misses>11403001</misses>
				<total>45</total>
				<timestamp>3531.397098</timestamp>
			</report>
			<report>
				<misses>11404001</misses>
				<total>45</total>
				<timestamp>3531.706801</timestamp>
			</report>
			<report>
				<misses>11405001</misses>
				<total>45</total>
				<timestamp>3532.016489</timestamp>
			</report>
			<report>
				<misses>11406001</misses>
				<total>45</total>
				<timestamp>3532.326161</timestamp>
			</report>
			<report>
				<misses>11407001</misses>
				<total>45</total>
				<timestamp>3532.635853</timestamp>
			</report>
			<report>
				<misses>11408001</misses>
				<total>45</total>
				<timestamp>3532.945560</timestamp>
			</report>
			<report>
				<misses>11409001</misses>
				<total>45</total>
				<timestamp>3533.255257</timestamp>
			</report>
			<report>
				<misses>11410001</misses>
				<total>45</total>
				<timestamp>3533.564970</timestamp>
			</report>
			<report>
				<misses>11411001</misses>
				<total>45</total>
				<timestamp>3533.874687</timestamp>
			</report>
			<report>
				<misses>11412001</misses>
				<total>45</total>
				<timestamp>3534.184334</timestamp>
			</report>
			<report>
				<misses>11413001</misses>
				<total>45</total>
				<timestamp>3534.494011</timestamp>
			</report>
			<report>
				<misses>11414001</misses>
				<total>45</total>
				<timestamp>3534.803702</timestamp>
			</report>
			<report>
				<misses>11415001</misses>
				<total>45</total>
				<timestamp>3535.113379</timestamp>
			</report>
			<report>
				<misses>11416001</misses>
				<total>45</total>
				<timestamp>3535.423068</timestamp>
			</report>
			<report>
				<misses>11417001</misses>
				<total>45</total>
				<timestamp>3535.732780</timestamp>
			</report>
			<report>
				<misses>11418001</misses>
				<total>45</total>
				<timestamp>3536.042500</timestamp>
			</report>
			<report>
				<misses>11419001</misses>
				<total>45</total>
				<timestamp>3536.352135</timestamp>
			</report>
			<report>
				<misses>11420001</misses>
				<total>45</total>
				<timestamp>3536.661818</timestamp>
			</report>
			<report>
				<misses>11421001</misses>
				<total>45</total>
				<timestamp>3536.971523</timestamp>
			</report>
			<report>
				<misses>11422001</misses>
				<total>45</total>
				<timestamp>3537.281202</timestamp>
			</report>
			<report>
				<misses>11423001</misses>
				<total>45</total>
				<timestamp>3537.590902</timestamp>
			</report>
			<report>
				<misses>11424001</misses>
				<total>45</total>
				<timestamp>3537.900619</timestamp>
			</report>
			<report>
				<misses>11425001</misses>
				<total>45</total>
				<timestamp>3538.210287</timestamp>
			</report>
			<report>
				<misses>11426001</misses>
				<total>45</total>
				<timestamp>3538.519978</timestamp>
			</report>
			<report>
				<misses>11427001</misses>
				<total>45</total>
				<timestamp>3538.829660</timestamp>
			</report>
			<report>
				<misses>11428001</misses>
				<total>45</total>
				<timestamp>3539.139354</timestamp>
			</report>
			<report>
				<misses>11429001</misses>
				<total>45</total>
				<timestamp>3539.449042</timestamp>
			</report>
			<report>
				<misses>11430001</misses>
				<total>45</total>
				<timestamp>3539.758747</timestamp>
			</report>
			<report>
				<misses>11431001</misses>
				<total>45</total>
				<timestamp>3540.068422</timestamp>
			</report>
			<report>
				<misses>11432001</misses>
				<total>45</total>
				<timestamp>3540.378148</timestamp>
			</report>
			<report>
				<misses>11433001</misses>
				<total>45</total>
				<timestamp>3540.687806</timestamp>
			</report>
			<report>
				<misses>11434001</misses>
				<total>45</total>
				<timestamp>3540.997488</timestamp>
			</report>
			<report>
				<misses>11435001</misses>
				<total>45</total>
				<timestamp>3541.307187</timestamp>
			</report>
			<report>
				<misses>11436001</misses>
				<total>45</total>
				<timestamp>3541.616903</timestamp>
			</report>
			<report>
				<misses>11437001</misses>
				<total>45</total>
				<timestamp>3541.926621</timestamp>
			</report>
			<report>
				<misses>11438001</misses>
				<total>45</total>
				<timestamp>3542.236239</timestamp>
			</report>
			<report>
				<misses>11439001</misses>
				<total>45</total>
				<timestamp>3542.545944</timestamp>
			</report>
			<report>
				<misses>11440001</misses>
				<total>45</total>
				<timestamp>3542.855676</timestamp>
			</report>
			<report>
				<misses>11441001</misses>
				<total>45</total>
				<timestamp>3543.165343</timestamp>
			</report>
			<report>
				<misses>11442001</misses>
				<total>45</total>
				<timestamp>3543.475019</timestamp>
			</report>
			<report>
				<misses>11443001</misses>
				<total>45</total>
				<timestamp>3543.784717</timestamp>
			</report>
			<report>
				<misses>11444001</misses>
				<total>45</total>
				<timestamp>3544.094390</timestamp>
			</report>
			<report>
				<misses>11445001</misses>
				<total>45</total>
				<timestamp>3544.404087</timestamp>
			</report>
			<report>
				<misses>11446001</misses>
				<total>45</total>
				<timestamp>3544.713777</timestamp>
			</report>
			<report>
				<misses>11447001</misses>
				<total>45</total>
				<timestamp>3545.023543</timestamp>
			</report>
			<report>
				<misses>11448001</misses>
				<total>45</total>
				<timestamp>3545.333194</timestamp>
			</report>
			<report>
				<misses>11449001</misses>
				<total>45</total>
				<timestamp>3545.642886</timestamp>
			</report>
			<report>
				<misses>11450001</misses>
				<total>45</total>
				<timestamp>3545.952538</timestamp>
			</report>
			<report>
				<misses>11451001</misses>
				<total>45</total>
				<timestamp>3546.262234</timestamp>
			</report>
			<report>
				<misses>11452001</misses>
				<total>45</total>
				<timestamp>3546.571902</timestamp>
			</report>
			<report>
				<misses>11453001</misses>
				<total>45</total>
				<timestamp>3546.881667</timestamp>
			</report>
			<report>
				<misses>11454001</misses>
				<total>45</total>
				<timestamp>3547.191304</timestamp>
			</report>
			<report>
				<misses>11455001</misses>
				<total>45</total>
				<timestamp>3547.500981</timestamp>
			</report>
			<report>
				<misses>11456001</misses>
				<total>45</total>
				<timestamp>3547.810681</timestamp>
			</report>
			<report>
				<misses>11457001</misses>
				<total>45</total>
				<timestamp>3548.120392</timestamp>
			</report>
			<report>
				<misses>11458001</misses>
				<total>45</total>
				<timestamp>3548.430070</timestamp>
			</report>
			<report>
				<misses>11459001</misses>
				<total>45</total>
				<timestamp>3548.739753</timestamp>
			</report>
			<report>
				<misses>11460001</misses>
				<total>45</total>
				<timestamp>3549.049421</timestamp>
			</report>
			<report>
				<misses>11461001</misses>
				<total>45</total>
				<timestamp>3549.359122</timestamp>
			</report>
			<report>
				<misses>11462001</misses>
				<total>45</total>
				<timestamp>3549.668828</timestamp>
			</report>
			<report>
				<misses>11463001</misses>
				<total>45</total>
				<timestamp>3549.978541</timestamp>
			</report>
			<report>
				<misses>11464001</misses>
				<total>45</total>
				<timestamp>3550.288210</timestamp>
			</report>
			<report>
				<misses>11465001</misses>
				<total>45</total>
				<timestamp>3550.597945</timestamp>
			</report>
			<report>
				<misses>11466001</misses>
				<total>45</total>
				<timestamp>3550.907565</timestamp>
			</report>
			<report>
				<misses>11467001</misses>
				<total>45</total>
				<timestamp>3551.217263</timestamp>
			</report>
			<report>
				<misses>11468001</misses>
				<total>45</total>
				<timestamp>3551.527002</timestamp>
			</report>
			<report>
				<misses>11469001</misses>
				<total>45</total>
				<timestamp>3551.836675</timestamp>
			</report>
			<report>
				<misses>11470001</misses>
				<total>45</total>
				<timestamp>3552.146376</timestamp>
			</report>
			<report>
				<misses>11471001</misses>
				<total>45</total>
				<timestamp>3552.456048</timestamp>
			</report>
			<report>
				<misses>11472001</misses>
				<total>45</total>
				<timestamp>3552.765714</timestamp>
			</report>
			<report>
				<misses>11473001</misses>
				<total>45</total>
				<timestamp>3553.075425</timestamp>
			</report>
			<report>
				<misses>11474001</misses>
				<total>45</total>
				<timestamp>3553.385148</timestamp>
			</report>
			<report>
				<misses>11475001</misses>
				<total>45</total>
				<timestamp>3553.694799</timestamp>
			</report>
			<report>
				<misses>11476001</misses>
				<total>45</total>
				<timestamp>3554.004534</timestamp>
			</report>
			<report>
				<misses>11477001</misses>
				<total>45</total>
				<timestamp>3554.314184</timestamp>
			</report>
			<report>
				<misses>11478001</misses>
				<total>45</total>
				<timestamp>3554.623850</timestamp>
			</report>
			<report>
				<misses>11479001</misses>
				<total>45</total>
				<timestamp>3554.933581</timestamp>
			</report>
			<report>
				<misses>11480001</misses>
				<total>45</total>
				<timestamp>3555.243247</timestamp>
			</report>
			<report>
				<misses>11481001</misses>
				<total>45</total>
				<timestamp>3555.552933</timestamp>
			</report>
			<report>
				<misses>11482001</misses>
				<total>45</total>
				<timestamp>3555.862692</timestamp>
			</report>
			<report>
				<misses>11483001</misses>
				<total>45</total>
				<timestamp>3556.172343</timestamp>
			</report>
			<report>
				<misses>11484001</misses>
				<total>45</total>
				<timestamp>3556.482002</timestamp>
			</report>
			<report>
				<misses>11485001</misses>
				<total>45</total>
				<timestamp>3556.791759</timestamp>
			</report>
			<report>
				<misses>11486001</misses>
				<total>45</total>
				<timestamp>3557.101399</timestamp>
			</report>
			<report>
				<misses>11487001</misses>
				<total>45</total>
				<timestamp>3557.411103</timestamp>
			</report>
			<report>
				<misses>11488001</misses>
				<total>45</total>
				<timestamp>3557.720759</timestamp>
			</report>
			<report>
				<misses>11489001</misses>
				<total>45</total>
				<timestamp>3558.030485</timestamp>
			</report>
			<report>
				<misses>11490001</misses>
				<total>45</total>
				<timestamp>3558.340146</timestamp>
			</report>
			<report>
				<misses>11491001</misses>
				<total>45</total>
				<timestamp>3558.649855</timestamp>
			</report>
			<report>
				<misses>11492001</misses>
				<total>45</total>
				<timestamp>3558.959535</timestamp>
			</report>
			<report>
				<misses>11493001</misses>
				<total>45</total>
				<timestamp>3559.269217</timestamp>
			</report>
			<report>
				<misses>11494001</misses>
				<total>45</total>
				<timestamp>3559.578901</timestamp>
			</report>
			<report>
				<misses>11495001</misses>
				<total>45</total>
				<timestamp>3559.888638</timestamp>
			</report>
			<report>
				<misses>11496001</misses>
				<total>45</total>
				<timestamp>3560.198312</timestamp>
			</report>
			<report>
				<misses>11497001</misses>
				<total>45</total>
				<timestamp>3560.507963</timestamp>
			</report>
			<report>
				<misses>11498001</misses>
				<total>45</total>
				<timestamp>3560.817662</timestamp>
			</report>
			<report>
				<misses>11499001</misses>
				<total>45</total>
				<timestamp>3561.127345</timestamp>
			</report>
			<report>
				<misses>11500001</misses>
				<total>45</total>
				<timestamp>3561.437039</timestamp>
			</report>
			<report>
				<misses>11501001</misses>
				<total>45</total>
				<timestamp>3561.746726</timestamp>
			</report>
			<report>
				<misses>11502001</misses>
				<total>45</total>
				<timestamp>3562.056443</timestamp>
			</report>
			<report>
				<misses>11503001</misses>
				<total>45</total>
				<timestamp>3562.366111</timestamp>
			</report>
			<report>
				<misses>11504001</misses>
				<total>45</total>
				<timestamp>3562.675794</timestamp>
			</report>
			<report>
				<misses>11505001</misses>
				<total>45</total>
				<timestamp>3562.985480</timestamp>
			</report>
			<report>
				<misses>11506001</misses>
				<total>45</total>
				<timestamp>3563.295159</timestamp>
			</report>
			<report>
				<misses>11507001</misses>
				<total>45</total>
				<timestamp>3563.604858</timestamp>
			</report>
			<report>
				<misses>11508001</misses>
				<total>45</total>
				<timestamp>3563.914582</timestamp>
			</report>
			<report>
				<misses>11509001</misses>
				<total>45</total>
				<timestamp>3564.224259</timestamp>
			</report>
			<report>
				<misses>11510001</misses>
				<total>45</total>
				<timestamp>3564.533925</timestamp>
			</report>
			<report>
				<misses>11511001</misses>
				<total>45</total>
				<timestamp>3564.843623</timestamp>
			</report>
			<report>
				<misses>11512001</misses>
				<total>45</total>
				<timestamp>3565.153326</timestamp>
			</report>
			<report>
				<misses>11513001</misses>
				<total>45</total>
				<timestamp>3565.463001</timestamp>
			</report>
			<report>
				<misses>11514001</misses>
				<total>45</total>
				<timestamp>3565.772703</timestamp>
			</report>
			<report>
				<misses>11515001</misses>
				<total>45</total>
				<timestamp>3566.082414</timestamp>
			</report>
			<report>
				<misses>11516001</misses>
				<total>45</total>
				<timestamp>3566.392072</timestamp>
			</report>
			<report>
				<misses>11517001</misses>
				<total>45</total>
				<timestamp>3566.701775</timestamp>
			</report>
			<report>
				<misses>11518001</misses>
				<total>45</total>
				<timestamp>3567.011501</timestamp>
			</report>
			<report>
				<misses>11519001</misses>
				<total>45</total>
				<timestamp>3567.321192</timestamp>
			</report>
			<report>
				<misses>11520001</misses>
				<total>45</total>
				<timestamp>3567.630855</timestamp>
			</report>
			<report>
				<misses>11521001</misses>
				<total>45</total>
				<timestamp>3567.940555</timestamp>
			</report>
			<report>
				<misses>11522001</misses>
				<total>45</total>
				<timestamp>3568.250253</timestamp>
			</report>
			<report>
				<misses>11523001</misses>
				<total>45</total>
				<timestamp>3568.559914</timestamp>
			</report>
			<report>
				<misses>11524001</misses>
				<total>45</total>
				<timestamp>3568.869599</timestamp>
			</report>
			<report>
				<misses>11525001</misses>
				<total>45</total>
				<timestamp>3569.179305</timestamp>
			</report>
			<report>
				<misses>11526001</misses>
				<total>45</total>
				<timestamp>3569.488996</timestamp>
			</report>
			<report>
				<misses>11527001</misses>
				<total>45</total>
				<timestamp>3569.798708</timestamp>
			</report>
			<report>
				<misses>11528001</misses>
				<total>45</total>
				<timestamp>3570.108423</timestamp>
			</report>
			<report>
				<misses>11529001</misses>
				<total>45</total>
				<timestamp>3570.418025</timestamp>
			</report>
			<report>
				<misses>11530001</misses>
				<total>45</total>
				<timestamp>3570.727753</timestamp>
			</report>
			<report>
				<misses>11531001</misses>
				<total>45</total>
				<timestamp>3571.037424</timestamp>
			</report>
			<report>
				<misses>11532001</misses>
				<total>45</total>
				<timestamp>3571.347113</timestamp>
			</report>
			<report>
				<misses>11533001</misses>
				<total>45</total>
				<timestamp>3571.656798</timestamp>
			</report>
			<report>
				<misses>11534001</misses>
				<total>45</total>
				<timestamp>3571.966539</timestamp>
			</report>
			<report>
				<misses>11535001</misses>
				<total>45</total>
				<timestamp>3572.276181</timestamp>
			</report>
			<report>
				<misses>11536001</misses>
				<total>45</total>
				<timestamp>3572.585883</timestamp>
			</report>
			<report>
				<misses>11537001</misses>
				<total>45</total>
				<timestamp>3572.895598</timestamp>
			</report>
			<report>
				<misses>11538001</misses>
				<total>45</total>
				<timestamp>3573.205271</timestamp>
			</report>
			<report>
				<misses>11539001</misses>
				<total>45</total>
				<timestamp>3573.514944</timestamp>
			</report>
			<report>
				<misses>11540001</misses>
				<total>45</total>
				<timestamp>3573.824641</timestamp>
			</report>
			<report>
				<misses>11541001</misses>
				<total>45</total>
				<timestamp>3574.134362</timestamp>
			</report>
			<report>
				<misses>11542001</misses>
				<total>45</total>
				<timestamp>3574.444014</timestamp>
			</report>
			<report>
				<misses>11543001</misses>
				<total>45</total>
				<timestamp>3574.753727</timestamp>
			</report>
			<report>
				<misses>11544001</misses>
				<total>45</total>
				<timestamp>3575.063422</timestamp>
			</report>
			<report>
				<misses>11545001</misses>
				<total>45</total>
				<timestamp>3575.373085</timestamp>
			</report>
			<report>
				<misses>11546001</misses>
				<total>45</total>
				<timestamp>3575.682782</timestamp>
			</report>
			<report>
				<misses>11547001</misses>
				<total>45</total>
				<timestamp>3575.992480</timestamp>
			</report>
			<report>
				<misses>11548001</misses>
				<total>45</total>
				<timestamp>3576.302140</timestamp>
			</report>
			<report>
				<misses>11549001</misses>
				<total>45</total>
				<timestamp>3576.611820</timestamp>
			</report>
			<report>
				<misses>11550001</misses>
				<total>45</total>
				<timestamp>3576.921543</timestamp>
			</report>
			<report>
				<misses>11551001</misses>
				<total>45</total>
				<timestamp>3577.231228</timestamp>
			</report>
			<report>
				<misses>11552001</misses>
				<total>45</total>
				<timestamp>3577.540921</timestamp>
			</report>
			<report>
				<misses>11553001</misses>
				<total>45</total>
				<timestamp>3577.850618</timestamp>
			</report>
			<report>
				<misses>11554001</misses>
				<total>45</total>
				<timestamp>3578.160306</timestamp>
			</report>
			<report>
				<misses>11555001</misses>
				<total>45</total>
				<timestamp>3578.469968</timestamp>
			</report>
			<report>
				<misses>11556001</misses>
				<total>45</total>
				<timestamp>3578.779664</timestamp>
			</report>
			<report>
				<misses>11557001</misses>
				<total>45</total>
				<timestamp>3579.089365</timestamp>
			</report>
			<report>
				<misses>11558001</misses>
				<total>45</total>
				<timestamp>3579.399043</timestamp>
			</report>
			<report>
				<misses>11559001</misses>
				<total>45</total>
				<timestamp>3579.708746</timestamp>
			</report>
			<report>
				<misses>11560001</misses>
				<total>45</total>
				<timestamp>3580.018433</timestamp>
			</report>
			<report>
				<misses>11561001</misses>
				<total>45</total>
				<timestamp>3580.328128</timestamp>
			</report>
			<report>
				<misses>11562001</misses>
				<total>45</total>
				<timestamp>3580.637814</timestamp>
			</report>
			<report>
				<misses>11563001</misses>
				<total>45</total>
				<timestamp>3580.947516</timestamp>
			</report>
			<report>
				<misses>11564001</misses>
				<total>45</total>
				<timestamp>3581.257240</timestamp>
			</report>
			<report>
				<misses>11565001</misses>
				<total>45</total>
				<timestamp>3581.566886</timestamp>
			</report>
			<report>
				<misses>11566001</misses>
				<total>45</total>
				<timestamp>3581.876594</timestamp>
			</report>
			<report>
				<misses>11567001</misses>
				<total>45</total>
				<timestamp>3582.186276</timestamp>
			</report>
			<report>
				<misses>11568001</misses>
				<total>45</total>
				<timestamp>3582.495936</timestamp>
			</report>
			<report>
				<misses>11569001</misses>
				<total>45</total>
				<timestamp>3582.805654</timestamp>
			</report>
			<report>
				<misses>11570001</misses>
				<total>45</total>
				<timestamp>3583.115344</timestamp>
			</report>
			<report>
				<misses>11571001</misses>
				<total>45</total>
				<timestamp>3583.425062</timestamp>
			</report>
			<report>
				<misses>11572001</misses>
				<total>45</total>
				<timestamp>3583.734743</timestamp>
			</report>
			<report>
				<misses>11573001</misses>
				<total>45</total>
				<timestamp>3584.044425</timestamp>
			</report>
			<report>
				<misses>11574001</misses>
				<total>45</total>
				<timestamp>3584.354091</timestamp>
			</report>
			<report>
				<misses>11575001</misses>
				<total>45</total>
				<timestamp>3584.663769</timestamp>
			</report>
			<report>
				<misses>11576001</misses>
				<total>45</total>
				<timestamp>3584.973504</timestamp>
			</report>
			<report>
				<misses>11577001</misses>
				<total>45</total>
				<timestamp>3585.283152</timestamp>
			</report>
			<report>
				<misses>11578001</misses>
				<total>45</total>
				<timestamp>3585.592868</timestamp>
			</report>
			<report>
				<misses>11579001</misses>
				<total>45</total>
				<timestamp>3585.902556</timestamp>
			</report>
			<report>
				<misses>11580001</misses>
				<total>45</total>
				<timestamp>3586.212265</timestamp>
			</report>
			<report>
				<misses>11581001</misses>
				<total>45</total>
				<timestamp>3586.521941</timestamp>
			</report>
			<report>
				<misses>11582001</misses>
				<total>45</total>
				<timestamp>3586.831606</timestamp>
			</report>
			<report>
				<misses>11583001</misses>
				<total>45</total>
				<timestamp>3587.141309</timestamp>
			</report>
			<report>
				<misses>11584001</misses>
				<total>46</total>
				<timestamp>3587.451015</timestamp>
			</report>
			<report>
				<misses>11585001</misses>
				<total>46</total>
				<timestamp>3587.760693</timestamp>
			</report>
			<report>
				<misses>11586001</misses>
				<total>46</total>
				<timestamp>3588.070388</timestamp>
			</report>
			<report>
				<misses>11587001</misses>
				<total>46</total>
				<timestamp>3588.380087</timestamp>
			</report>
			<report>
				<misses>11588001</misses>
				<total>46</total>
				<timestamp>3588.689790</timestamp>
			</report>
			<report>
				<misses>11589001</misses>
				<total>46</total>
				<timestamp>3588.999466</timestamp>
			</report>
			<report>
				<misses>11590001</misses>
				<total>46</total>
				<timestamp>3589.309124</timestamp>
			</report>
			<report>
				<misses>11591001</misses>
				<total>46</total>
				<timestamp>3589.618840</timestamp>
			</report>
			<report>
				<misses>11592001</misses>
				<total>46</total>
				<timestamp>3589.928550</timestamp>
			</report>
			<report>
				<misses>11593001</misses>
				<total>46</total>
				<timestamp>3590.238217</timestamp>
			</report>
			<report>
				<misses>11594001</misses>
				<total>46</total>
				<timestamp>3590.547910</timestamp>
			</report>
			<report>
				<misses>11595001</misses>
				<total>46</total>
				<timestamp>3590.857583</timestamp>
			</report>
			<report>
				<misses>11596001</misses>
				<total>46</total>
				<timestamp>3591.167310</timestamp>
			</report>
			<report>
				<misses>11597001</misses>
				<total>46</total>
				<timestamp>3591.476953</timestamp>
			</report>
			<report>
				<misses>11598001</misses>
				<total>46</total>
				<timestamp>3591.786644</timestamp>
			</report>
			<report>
				<misses>11599001</misses>
				<total>46</total>
				<timestamp>3592.096365</timestamp>
			</report>
			<report>
				<misses>11600001</misses>
				<total>46</total>
				<timestamp>3592.406040</timestamp>
			</report>
			<report>
				<misses>11601001</misses>
				<total>46</total>
				<timestamp>3592.715740</timestamp>
			</report>
			<report>
				<misses>11602001</misses>
				<total>46</total>
				<timestamp>3593.025455</timestamp>
			</report>
			<report>
				<misses>11603001</misses>
				<total>46</total>
				<timestamp>3593.335087</timestamp>
			</report>
			<report>
				<misses>11604001</misses>
				<total>46</total>
				<timestamp>3593.644796</timestamp>
			</report>
			<report>
				<misses>11605001</misses>
				<total>46</total>
				<timestamp>3593.954489</timestamp>
			</report>
			<report>
				<misses>11606001</misses>
				<total>46</total>
				<timestamp>3594.264197</timestamp>
			</report>
			<report>
				<misses>11607001</misses>
				<total>46</total>
				<timestamp>3594.573934</timestamp>
			</report>
			<report>
				<misses>11608001</misses>
				<total>46</total>
				<timestamp>3594.883569</timestamp>
			</report>
			<report>
				<misses>11609001</misses>
				<total>46</total>
				<timestamp>3595.193281</timestamp>
			</report>
			<report>
				<misses>11610001</misses>
				<total>46</total>
				<timestamp>3595.502928</timestamp>
			</report>
			<report>
				<misses>11611001</misses>
				<total>46</total>
				<timestamp>3595.812636</timestamp>
			</report>
			<report>
				<misses>11612001</misses>
				<total>46</total>
				<timestamp>3596.122336</timestamp>
			</report>
			<report>
				<misses>11613001</misses>
				<total>46</total>
				<timestamp>3596.431998</timestamp>
			</report>
			<report>
				<misses>11614001</misses>
				<total>46</total>
				<timestamp>3596.741680</timestamp>
			</report>
			<report>
				<misses>11615001</misses>
				<total>46</total>
				<timestamp>3597.051392</timestamp>
			</report>
			<report>
				<misses>11616001</misses>
				<total>46</total>
				<timestamp>3597.361064</timestamp>
			</report>
			<report>
				<misses>11617001</misses>
				<total>46</total>
				<timestamp>3597.670755</timestamp>
			</report>
			<report>
				<misses>11618001</misses>
				<total>46</total>
				<timestamp>3597.980481</timestamp>
			</report>
			<report>
				<misses>11619001</misses>
				<total>46</total>
				<timestamp>3598.290162</timestamp>
			</report>
			<report>
				<misses>11620001</misses>
				<total>46</total>
				<timestamp>3598.599836</timestamp>
			</report>
			<report>
				<misses>11621001</misses>
				<total>46</total>
				<timestamp>3598.909499</timestamp>
			</report>
			<report>
				<misses>11622001</misses>
				<total>46</total>
				<timestamp>3599.219249</timestamp>
			</report>
			<report>
				<misses>11623001</misses>
				<total>46</total>
				<timestamp>3599.528909</timestamp>
			</report>
			<report>
				<misses>11624001</misses>
				<total>46</total>
				<timestamp>3599.838626</timestamp>
			</report>
			<report>
				<misses>11625001</misses>
				<total>46</total>
				<timestamp>3600.148350</timestamp>
			</report>
			<report>
				<misses>11626001</misses>
				<total>46</total>
				<timestamp>3600.457974</timestamp>
			</report>
			<report>
				<misses>11627001</misses>
				<total>46</total>
				<timestamp>3600.767701</timestamp>
			</report>
			<report>
				<misses>11628001</misses>
				<total>46</total>
				<timestamp>3601.077385</timestamp>
			</report>
			<report>
				<misses>11629001</misses>
				<total>46</total>
				<timestamp>3601.387040</timestamp>
			</report>
			<report>
				<misses>11630001</misses>
				<total>46</total>
				<timestamp>3601.696725</timestamp>
			</report>
			<report>
				<misses>11631001</misses>
				<total>46</total>
				<timestamp>3602.006432</timestamp>
			</report>
			<report>
				<misses>11632001</misses>
				<total>46</total>
				<timestamp>3602.316116</timestamp>
			</report>
			<report>
				<misses>11633001</misses>
				<total>46</total>
				<timestamp>3602.625814</timestamp>
			</report>
			<report>
				<misses>11634001</misses>
				<total>46</total>
				<timestamp>3602.935509</timestamp>
			</report>
			<report>
				<misses>11635001</misses>
				<total>46</total>
				<timestamp>3603.245216</timestamp>
			</report>
			<report>
				<misses>11636001</misses>
				<total>46</total>
				<timestamp>3603.554885</timestamp>
			</report>
			<report>
				<misses>11637001</misses>
				<total>46</total>
				<timestamp>3603.864560</timestamp>
			</report>
			<report>
				<misses>11638001</misses>
				<total>46</total>
				<timestamp>3604.174271</timestamp>
			</report>
			<report>
				<misses>11639001</misses>
				<total>46</total>
				<timestamp>3604.483955</timestamp>
			</report>
			<report>
				<misses>11640001</misses>
				<total>46</total>
				<timestamp>3604.793628</timestamp>
			</report>
			<report>
				<misses>11641001</misses>
				<total>46</total>
				<timestamp>3605.103354</timestamp>
			</report>
			<report>
				<misses>11642001</misses>
				<total>46</total>
				<timestamp>3605.413017</timestamp>
			</report>
			<report>
				<misses>11643001</misses>
				<total>46</total>
				<timestamp>3605.722769</timestamp>
			</report>
			<report>
				<misses>11644001</misses>
				<total>46</total>
				<timestamp>3606.032406</timestamp>
			</report>
			<report>
				<misses>11645001</misses>
				<total>46</total>
				<timestamp>3606.342110</timestamp>
			</report>
			<report>
				<misses>11646001</misses>
				<total>46</total>
				<timestamp>3606.651782</timestamp>
			</report>
			<report>
				<misses>11647001</misses>
				<total>46</total>
				<timestamp>3606.961501</timestamp>
			</report>
			<report>
				<misses>11648001</misses>
				<total>46</total>
				<timestamp>3607.271190</timestamp>
			</report>
			<report>
				<misses>11649001</misses>
				<total>46</total>
				<timestamp>3607.580847</timestamp>
			</report>
			<report>
				<misses>11650001</misses>
				<total>46</total>
				<timestamp>3607.890567</timestamp>
			</report>
			<report>
				<misses>11651001</misses>
				<total>46</total>
				<timestamp>3608.200295</timestamp>
			</report>
			<report>
				<misses>11652001</misses>
				<total>46</total>
				<timestamp>3608.509920</timestamp>
			</report>
			<report>
				<misses>11653001</misses>
				<total>46</total>
				<timestamp>3608.819643</timestamp>
			</report>
			<report>
				<misses>11654001</misses>
				<total>46</total>
				<timestamp>3609.129317</timestamp>
			</report>
			<report>
				<misses>11655001</misses>
				<total>46</total>
				<timestamp>3609.438990</timestamp>
			</report>
			<report>
				<misses>11656001</misses>
				<total>46</total>
				<timestamp>3609.748683</timestamp>
			</report>
			<report>
				<misses>11657001</misses>
				<total>46</total>
				<timestamp>3610.058412</timestamp>
			</report>
			<report>
				<misses>11658001</misses>
				<total>46</total>
				<timestamp>3610.368171</timestamp>
			</report>
			<report>
				<misses>11659001</misses>
				<total>46</total>
				<timestamp>3610.677778</timestamp>
			</report>
			<report>
				<misses>11660001</misses>
				<total>46</total>
				<timestamp>3610.987489</timestamp>
			</report>
			<report>
				<misses>11661001</misses>
				<total>46</total>
				<timestamp>3611.297176</timestamp>
			</report>
			<report>
				<misses>11662001</misses>
				<total>46</total>
				<timestamp>3611.606821</timestamp>
			</report>
			<report>
				<misses>11663001</misses>
				<total>46</total>
				<timestamp>3611.916533</timestamp>
			</report>
			<report>
				<misses>11664001</misses>
				<total>46</total>
				<timestamp>3612.226217</timestamp>
			</report>
			<report>
				<misses>11665001</misses>
				<total>46</total>
				<timestamp>3612.535898</timestamp>
			</report>
			<report>
				<misses>11666001</misses>
				<total>46</total>
				<timestamp>3612.845621</timestamp>
			</report>
			<report>
				<misses>11667001</misses>
				<total>46</total>
				<timestamp>3613.155273</timestamp>
			</report>
			<report>
				<misses>11668001</misses>
				<total>46</total>
				<timestamp>3613.464944</timestamp>
			</report>
			<report>
				<misses>11669001</misses>
				<total>46</total>
				<timestamp>3613.774655</timestamp>
			</report>
			<report>
				<misses>11670001</misses>
				<total>46</total>
				<timestamp>3614.084334</timestamp>
			</report>
			<report>
				<misses>11671001</misses>
				<total>46</total>
				<timestamp>3614.394041</timestamp>
			</report>
			<report>
				<misses>11672001</misses>
				<total>46</total>
				<timestamp>3614.703744</timestamp>
			</report>
			<report>
				<misses>11673001</misses>
				<total>46</total>
				<timestamp>3615.013422</timestamp>
			</report>
			<report>
				<misses>11674001</misses>
				<total>46</total>
				<timestamp>3615.323131</timestamp>
			</report>
			<report>
				<misses>11675001</misses>
				<total>46</total>
				<timestamp>3615.632860</timestamp>
			</report>
			<report>
				<misses>11676001</misses>
				<total>46</total>
				<timestamp>3615.942501</timestamp>
			</report>
			<report>
				<misses>11677001</misses>
				<total>46</total>
				<timestamp>3616.252174</timestamp>
			</report>
			<report>
				<misses>11678001</misses>
				<total>46</total>
				<timestamp>3616.561853</timestamp>
			</report>
			<report>
				<misses>11679001</misses>
				<total>46</total>
				<timestamp>3616.871569</timestamp>
			</report>
			<report>
				<misses>11680001</misses>
				<total>46</total>
				<timestamp>3617.181253</timestamp>
			</report>
			<report>
				<misses>11681001</misses>
				<total>46</total>
				<timestamp>3617.490931</timestamp>
			</report>
			<report>
				<misses>11682001</misses>
				<total>46</total>
				<timestamp>3617.800649</timestamp>
			</report>
			<report>
				<misses>11683001</misses>
				<total>46</total>
				<timestamp>3618.110327</timestamp>
			</report>
			<report>
				<misses>11684001</misses>
				<total>46</total>
				<timestamp>3618.419985</timestamp>
			</report>
			<report>
				<misses>11685001</misses>
				<total>46</total>
				<timestamp>3618.729693</timestamp>
			</report>
			<report>
				<misses>11686001</misses>
				<total>46</total>
				<timestamp>3619.039385</timestamp>
			</report>
			<report>
				<misses>11687001</misses>
				<total>46</total>
				<timestamp>3619.349069</timestamp>
			</report>
			<report>
				<misses>11688001</misses>
				<total>46</total>
				<timestamp>3619.658762</timestamp>
			</report>
			<report>
				<misses>11689001</misses>
				<total>46</total>
				<timestamp>3619.968469</timestamp>
			</report>
			<report>
				<misses>11690001</misses>
				<total>46</total>
				<timestamp>3620.278143</timestamp>
			</report>
			<report>
				<misses>11691001</misses>
				<total>46</total>
				<timestamp>3620.587821</timestamp>
			</report>
			<report>
				<misses>11692001</misses>
				<total>46</total>
				<timestamp>3620.897520</timestamp>
			</report>
			<report>
				<misses>11693001</misses>
				<total>46</total>
				<timestamp>3621.207221</timestamp>
			</report>
			<report>
				<misses>11694001</misses>
				<total>46</total>
				<timestamp>3621.516900</timestamp>
			</report>
			<report>
				<misses>11695001</misses>
				<total>46</total>
				<timestamp>3621.826589</timestamp>
			</report>
			<report>
				<misses>11696001</misses>
				<total>46</total>
				<timestamp>3622.136281</timestamp>
			</report>
			<report>
				<misses>11697001</misses>
				<total>46</total>
				<timestamp>3622.446010</timestamp>
			</report>
			<report>
				<misses>11698001</misses>
				<total>46</total>
				<timestamp>3622.755650</timestamp>
			</report>
			<report>
				<misses>11699001</misses>
				<total>46</total>
				<timestamp>3623.065364</timestamp>
			</report>
			<report>
				<misses>11700001</misses>
				<total>46</total>
				<timestamp>3623.375041</timestamp>
			</report>
			<report>
				<misses>11701001</misses>
				<total>46</total>
				<timestamp>3623.684725</timestamp>
			</report>
			<report>
				<misses>11702001</misses>
				<total>46</total>
				<timestamp>3623.994418</timestamp>
			</report>
			<report>
				<misses>11703001</misses>
				<total>46</total>
				<timestamp>3624.304130</timestamp>
			</report>
			<report>
				<misses>11704001</misses>
				<total>46</total>
				<timestamp>3624.613801</timestamp>
			</report>
			<report>
				<misses>11705001</misses>
				<total>46</total>
				<timestamp>3624.923498</timestamp>
			</report>
			<report>
				<misses>11706001</misses>
				<total>46</total>
				<timestamp>3625.233222</timestamp>
			</report>
			<report>
				<misses>11707001</misses>
				<total>46</total>
				<timestamp>3625.542864</timestamp>
			</report>
			<report>
				<misses>11708001</misses>
				<total>46</total>
				<timestamp>3625.852563</timestamp>
			</report>
			<report>
				<misses>11709001</misses>
				<total>46</total>
				<timestamp>3626.162237</timestamp>
			</report>
			<report>
				<misses>11710001</misses>
				<total>46</total>
				<timestamp>3626.471934</timestamp>
			</report>
			<report>
				<misses>11711001</misses>
				<total>46</total>
				<timestamp>3626.781615</timestamp>
			</report>
			<report>
				<misses>11712001</misses>
				<total>46</total>
				<timestamp>3627.091303</timestamp>
			</report>
			<report>
				<misses>11713001</misses>
				<total>46</total>
				<timestamp>3627.401041</timestamp>
			</report>
			<report>
				<misses>11714001</misses>
				<total>46</total>
				<timestamp>3627.710700</timestamp>
			</report>
			<report>
				<misses>11715001</misses>
				<total>46</total>
				<timestamp>3628.020364</timestamp>
			</report>
			<report>
				<misses>11716001</misses>
				<total>46</total>
				<timestamp>3628.330075</timestamp>
			</report>
			<report>
				<misses>11717001</misses>
				<total>46</total>
				<timestamp>3628.639746</timestamp>
			</report>
			<report>
				<misses>11718001</misses>
				<total>46</total>
				<timestamp>3628.949453</timestamp>
			</report>
			<report>
				<misses>11719001</misses>
				<total>46</total>
				<timestamp>3629.259175</timestamp>
			</report>
			<report>
				<misses>11720001</misses>
				<total>46</total>
				<timestamp>3629.568824</timestamp>
			</report>
			<report>
				<misses>11721001</misses>
				<total>46</total>
				<timestamp>3629.878546</timestamp>
			</report>
			<report>
				<misses>11722001</misses>
				<total>46</total>
				<timestamp>3630.188246</timestamp>
			</report>
			<report>
				<misses>11723001</misses>
				<total>46</total>
				<timestamp>3630.497933</timestamp>
			</report>
			<report>
				<misses>11724001</misses>
				<total>46</total>
				<timestamp>3630.807617</timestamp>
			</report>
			<report>
				<misses>11725001</misses>
				<total>46</total>
				<timestamp>3631.117282</timestamp>
			</report>
			<report>
				<misses>11726001</misses>
				<total>46</total>
				<timestamp>3631.427033</timestamp>
			</report>
			<report>
				<misses>11727001</misses>
				<total>46</total>
				<timestamp>3631.736658</timestamp>
			</report>
			<report>
				<misses>11728001</misses>
				<total>46</total>
				<timestamp>3632.046366</timestamp>
			</report>
			<report>
				<misses>11729001</misses>
				<total>46</total>
				<timestamp>3632.356079</timestamp>
			</report>
			<report>
				<misses>11730001</misses>
				<total>46</total>
				<timestamp>3632.665751</timestamp>
			</report>
			<report>
				<misses>11731001</misses>
				<total>46</total>
				<timestamp>3632.975442</timestamp>
			</report>
			<report>
				<misses>11732001</misses>
				<total>46</total>
				<timestamp>3633.285148</timestamp>
			</report>
			<report>
				<misses>11733001</misses>
				<total>46</total>
				<timestamp>3633.594825</timestamp>
			</report>
			<report>
				<misses>11734001</misses>
				<total>46</total>
				<timestamp>3633.904545</timestamp>
			</report>
			<report>
				<misses>11735001</misses>
				<total>46</total>
				<timestamp>3634.214205</timestamp>
			</report>
			<report>
				<misses>11736001</misses>
				<total>46</total>
				<timestamp>3634.523896</timestamp>
			</report>
			<report>
				<misses>11737001</misses>
				<total>46</total>
				<timestamp>3634.833595</timestamp>
			</report>
			<report>
				<misses>11738001</misses>
				<total>46</total>
				<timestamp>3635.143250</timestamp>
			</report>
			<report>
				<misses>11739001</misses>
				<total>46</total>
				<timestamp>3635.453010</timestamp>
			</report>
			<report>
				<misses>11740001</misses>
				<total>46</total>
				<timestamp>3635.762638</timestamp>
			</report>
			<report>
				<misses>11741001</misses>
				<total>46</total>
				<timestamp>3636.072344</timestamp>
			</report>
			<report>
				<misses>11742001</misses>
				<total>46</total>
				<timestamp>3636.382034</timestamp>
			</report>
			<report>
				<misses>11743001</misses>
				<total>46</total>
				<timestamp>3636.691720</timestamp>
			</report>
			<report>
				<misses>11744001</misses>
				<total>46</total>
				<timestamp>3637.001391</timestamp>
			</report>
			<report>
				<misses>11745001</misses>
				<total>46</total>
				<timestamp>3637.311135</timestamp>
			</report>
			<report>
				<misses>11746001</misses>
				<total>46</total>
				<timestamp>3637.620807</timestamp>
			</report>
			<report>
				<misses>11747001</misses>
				<total>46</total>
				<timestamp>3637.930484</timestamp>
			</report>
			<report>
				<misses>11748001</misses>
				<total>46</total>
				<timestamp>3638.240156</timestamp>
			</report>
			<report>
				<misses>11749001</misses>
				<total>46</total>
				<timestamp>3638.549872</timestamp>
			</report>
			<report>
				<misses>11750001</misses>
				<total>46</total>
				<timestamp>3638.859527</timestamp>
			</report>
			<report>
				<misses>11751001</misses>
				<total>46</total>
				<timestamp>3639.169245</timestamp>
			</report>
			<report>
				<misses>11752001</misses>
				<total>46</total>
				<timestamp>3639.478930</timestamp>
			</report>
			<report>
				<misses>11753001</misses>
				<total>46</total>
				<timestamp>3639.788606</timestamp>
			</report>
			<report>
				<misses>11754001</misses>
				<total>46</total>
				<timestamp>3640.098276</timestamp>
			</report>
			<report>
				<misses>11755001</misses>
				<total>46</total>
				<timestamp>3640.407993</timestamp>
			</report>
			<report>
				<misses>11756001</misses>
				<total>46</total>
				<timestamp>3640.717678</timestamp>
			</report>
			<report>
				<misses>11757001</misses>
				<total>46</total>
				<timestamp>3641.027421</timestamp>
			</report>
			<report>
				<misses>11758001</misses>
				<total>46</total>
				<timestamp>3641.337101</timestamp>
			</report>
			<report>
				<misses>11759001</misses>
				<total>46</total>
				<timestamp>3641.646750</timestamp>
			</report>
			<report>
				<misses>11760001</misses>
				<total>46</total>
				<timestamp>3641.956474</timestamp>
			</report>
			<report>
				<misses>11761001</misses>
				<total>46</total>
				<timestamp>3642.266138</timestamp>
			</report>
			<report>
				<misses>11762001</misses>
				<total>46</total>
				<timestamp>3642.575805</timestamp>
			</report>
			<report>
				<misses>11763001</misses>
				<total>46</total>
				<timestamp>3642.885517</timestamp>
			</report>
			<report>
				<misses>11764001</misses>
				<total>46</total>
				<timestamp>3643.195194</timestamp>
			</report>
			<report>
				<misses>11765001</misses>
				<total>46</total>
				<timestamp>3643.504921</timestamp>
			</report>
			<report>
				<misses>11766001</misses>
				<total>46</total>
				<timestamp>3643.814562</timestamp>
			</report>
			<report>
				<misses>11767001</misses>
				<total>46</total>
				<timestamp>3644.124291</timestamp>
			</report>
			<report>
				<misses>11768001</misses>
				<total>46</total>
				<timestamp>3644.433975</timestamp>
			</report>
			<report>
				<misses>11769001</misses>
				<total>46</total>
				<timestamp>3644.743658</timestamp>
			</report>
			<report>
				<misses>11770001</misses>
				<total>46</total>
				<timestamp>3645.053359</timestamp>
			</report>
			<report>
				<misses>11771001</misses>
				<total>46</total>
				<timestamp>3645.363056</timestamp>
			</report>
			<report>
				<misses>11772001</misses>
				<total>46</total>
				<timestamp>3645.672717</timestamp>
			</report>
			<report>
				<misses>11773001</misses>
				<total>46</total>
				<timestamp>3645.982398</timestamp>
			</report>
			<report>
				<misses>11774001</misses>
				<total>46</total>
				<timestamp>3646.292100</timestamp>
			</report>
			<report>
				<misses>11775001</misses>
				<total>46</total>
				<timestamp>3646.601797</timestamp>
			</report>
			<report>
				<misses>11776001</misses>
				<total>46</total>
				<timestamp>3646.911519</timestamp>
			</report>
			<report>
				<misses>11777001</misses>
				<total>46</total>
				<timestamp>3647.221162</timestamp>
			</report>
			<report>
				<misses>11778001</misses>
				<total>46</total>
				<timestamp>3647.530886</timestamp>
			</report>
			<report>
				<misses>11779001</misses>
				<total>46</total>
				<timestamp>3647.840595</timestamp>
			</report>
			<report>
				<misses>11780001</misses>
				<total>46</total>
				<timestamp>3648.150240</timestamp>
			</report>
			<report>
				<misses>11781001</misses>
				<total>46</total>
				<timestamp>3648.459969</timestamp>
			</report>
			<report>
				<misses>11782001</misses>
				<total>46</total>
				<timestamp>3648.769629</timestamp>
			</report>
			<report>
				<misses>11783001</misses>
				<total>46</total>
				<timestamp>3649.079307</timestamp>
			</report>
			<report>
				<misses>11784001</misses>
				<total>46</total>
				<timestamp>3649.389007</timestamp>
			</report>
			<report>
				<misses>11785001</misses>
				<total>46</total>
				<timestamp>3649.698705</timestamp>
			</report>
			<report>
				<misses>11786001</misses>
				<total>46</total>
				<timestamp>3650.008379</timestamp>
			</report>
			<report>
				<misses>11787001</misses>
				<total>46</total>
				<timestamp>3650.318056</timestamp>
			</report>
			<report>
				<misses>11788001</misses>
				<total>46</total>
				<timestamp>3650.627791</timestamp>
			</report>
			<report>
				<misses>11789001</misses>
				<total>46</total>
				<timestamp>3650.937467</timestamp>
			</report>
			<report>
				<misses>11790001</misses>
				<total>46</total>
				<timestamp>3651.247127</timestamp>
			</report>
			<report>
				<misses>11791001</misses>
				<total>46</total>
				<timestamp>3651.556841</timestamp>
			</report>
			<report>
				<misses>11792001</misses>
				<total>46</total>
				<timestamp>3651.866516</timestamp>
			</report>
			<report>
				<misses>11793001</misses>
				<total>46</total>
				<timestamp>3652.176213</timestamp>
			</report>
			<report>
				<misses>11794001</misses>
				<total>46</total>
				<timestamp>3652.485939</timestamp>
			</report>
			<report>
				<misses>11795001</misses>
				<total>46</total>
				<timestamp>3652.795583</timestamp>
			</report>
			<report>
				<misses>11796001</misses>
				<total>46</total>
				<timestamp>3653.105267</timestamp>
			</report>
			<report>
				<misses>11797001</misses>
				<total>46</total>
				<timestamp>3653.414957</timestamp>
			</report>
			<report>
				<misses>11798001</misses>
				<total>46</total>
				<timestamp>3653.724657</timestamp>
			</report>
			<report>
				<misses>11799001</misses>
				<total>46</total>
				<timestamp>3654.034353</timestamp>
			</report>
			<report>
				<misses>11800001</misses>
				<total>46</total>
				<timestamp>3654.344036</timestamp>
			</report>
			<report>
				<misses>11801001</misses>
				<total>46</total>
				<timestamp>3654.653719</timestamp>
			</report>
			<report>
				<misses>11802001</misses>
				<total>46</total>
				<timestamp>3654.963444</timestamp>
			</report>
			<report>
				<misses>11803001</misses>
				<total>46</total>
				<timestamp>3655.273111</timestamp>
			</report>
			<report>
				<misses>11804001</misses>
				<total>46</total>
				<timestamp>3655.582875</timestamp>
			</report>
			<report>
				<misses>11805001</misses>
				<total>46</total>
				<timestamp>3655.892525</timestamp>
			</report>
			<report>
				<misses>11806001</misses>
				<total>46</total>
				<timestamp>3656.202178</timestamp>
			</report>
			<report>
				<misses>11807001</misses>
				<total>46</total>
				<timestamp>3656.511927</timestamp>
			</report>
			<report>
				<misses>11808001</misses>
				<total>46</total>
				<timestamp>3656.821547</timestamp>
			</report>
			<report>
				<misses>11809001</misses>
				<total>46</total>
				<timestamp>3657.131283</timestamp>
			</report>
			<report>
				<misses>11810001</misses>
				<total>46</total>
				<timestamp>3657.440965</timestamp>
			</report>
			<report>
				<misses>11811001</misses>
				<total>46</total>
				<timestamp>3657.750656</timestamp>
			</report>
			<report>
				<misses>11812001</misses>
				<total>47</total>
				<timestamp>3658.060311</timestamp>
			</report>
			<report>
				<misses>11813001</misses>
				<total>47</total>
				<timestamp>3658.370014</timestamp>
			</report>
			<report>
				<misses>11814001</misses>
				<total>47</total>
				<timestamp>3658.679781</timestamp>
			</report>
			<report>
				<misses>11815001</misses>
				<total>47</total>
				<timestamp>3658.989369</timestamp>
			</report>
			<report>
				<misses>11816001</misses>
				<total>47</total>
				<timestamp>3659.299068</timestamp>
			</report>
			<report>
				<misses>11817001</misses>
				<total>47</total>
				<timestamp>3659.608763</timestamp>
			</report>
			<report>
				<misses>11818001</misses>
				<total>47</total>
				<timestamp>3659.918457</timestamp>
			</report>
			<report>
				<misses>11819001</misses>
				<total>47</total>
				<timestamp>3660.228138</timestamp>
			</report>
			<report>
				<misses>11820001</misses>
				<total>47</total>
				<timestamp>3660.537861</timestamp>
			</report>
			<report>
				<misses>11821001</misses>
				<total>47</total>
				<timestamp>3660.847510</timestamp>
			</report>
			<report>
				<misses>11822001</misses>
				<total>47</total>
				<timestamp>3661.157211</timestamp>
			</report>
			<report>
				<misses>11823001</misses>
				<total>47</total>
				<timestamp>3661.466939</timestamp>
			</report>
			<report>
				<misses>11824001</misses>
				<total>47</total>
				<timestamp>3661.776589</timestamp>
			</report>
			<report>
				<misses>11825001</misses>
				<total>47</total>
				<timestamp>3662.086276</timestamp>
			</report>
			<report>
				<misses>11826001</misses>
				<total>47</total>
				<timestamp>3662.396014</timestamp>
			</report>
			<report>
				<misses>11827001</misses>
				<total>47</total>
				<timestamp>3662.705672</timestamp>
			</report>
			<report>
				<misses>11828001</misses>
				<total>47</total>
				<timestamp>3663.015388</timestamp>
			</report>
			<report>
				<misses>11829001</misses>
				<total>47</total>
				<timestamp>3663.325041</timestamp>
			</report>
			<report>
				<misses>11830001</misses>
				<total>47</total>
				<timestamp>3663.634749</timestamp>
			</report>
			<report>
				<misses>11831001</misses>
				<total>47</total>
				<timestamp>3663.944411</timestamp>
			</report>
			<report>
				<misses>11832001</misses>
				<total>47</total>
				<timestamp>3664.254123</timestamp>
			</report>
			<report>
				<misses>11833001</misses>
				<total>47</total>
				<timestamp>3664.563828</timestamp>
			</report>
			<report>
				<misses>11834001</misses>
				<total>47</total>
				<timestamp>3664.873516</timestamp>
			</report>
			<report>
				<misses>11835001</misses>
				<total>47</total>
				<timestamp>3665.183257</timestamp>
			</report>
			<report>
				<misses>11836001</misses>
				<total>47</total>
				<timestamp>3665.492888</timestamp>
			</report>
			<report>
				<misses>11837001</misses>
				<total>47</total>
				<timestamp>3665.802568</timestamp>
			</report>
			<report>
				<misses>11838001</misses>
				<total>47</total>
				<timestamp>3666.112249</timestamp>
			</report>
			<report>
				<misses>11839001</misses>
				<total>47</total>
				<timestamp>3666.421959</timestamp>
			</report>
			<report>
				<misses>11840001</misses>
				<total>47</total>
				<timestamp>3666.731650</timestamp>
			</report>
			<report>
				<misses>11841001</misses>
				<total>47</total>
				<timestamp>3667.041338</timestamp>
			</report>
			<report>
				<misses>11842001</misses>
				<total>47</total>
				<timestamp>3667.351031</timestamp>
			</report>
			<report>
				<misses>11843001</misses>
				<total>47</total>
				<timestamp>3667.660733</timestamp>
			</report>
			<report>
				<misses>11844001</misses>
				<total>47</total>
				<timestamp>3667.970390</timestamp>
			</report>
			<report>
				<misses>11845001</misses>
				<total>47</total>
				<timestamp>3668.280073</timestamp>
			</report>
			<report>
				<misses>11846001</misses>
				<total>47</total>
				<timestamp>3668.589817</timestamp>
			</report>
			<report>
				<misses>11847001</misses>
				<total>47</total>
				<timestamp>3668.899485</timestamp>
			</report>
			<report>
				<misses>11848001</misses>
				<total>47</total>
				<timestamp>3669.209171</timestamp>
			</report>
			<report>
				<misses>11849001</misses>
				<total>47</total>
				<timestamp>3669.518855</timestamp>
			</report>
			<report>
				<misses>11850001</misses>
				<total>47</total>
				<timestamp>3669.828533</timestamp>
			</report>
			<report>
				<misses>11851001</misses>
				<total>47</total>
				<timestamp>3670.138228</timestamp>
			</report>
			<report>
				<misses>11852001</misses>
				<total>47</total>
				<timestamp>3670.447950</timestamp>
			</report>
			<report>
				<misses>11853001</misses>
				<total>47</total>
				<timestamp>3670.757591</timestamp>
			</report>
			<report>
				<misses>11854001</misses>
				<total>47</total>
				<timestamp>3671.067326</timestamp>
			</report>
			<report>
				<misses>11855001</misses>
				<total>47</total>
				<timestamp>3671.376986</timestamp>
			</report>
			<report>
				<misses>11856001</misses>
				<total>47</total>
				<timestamp>3671.686687</timestamp>
			</report>
			<report>
				<misses>11857001</misses>
				<total>47</total>
				<timestamp>3671.996369</timestamp>
			</report>
			<report>
				<misses>11858001</misses>
				<total>47</total>
				<timestamp>3672.306061</timestamp>
			</report>
			<report>
				<misses>11859001</misses>
				<total>47</total>
				<timestamp>3672.615784</timestamp>
			</report>
			<report>
				<misses>11860001</misses>
				<total>47</total>
				<timestamp>3672.925427</timestamp>
			</report>
			<report>
				<misses>11861001</misses>
				<total>47</total>
				<timestamp>3673.235124</timestamp>
			</report>
			<report>
				<misses>11862001</misses>
				<total>47</total>
				<timestamp>3673.544843</timestamp>
			</report>
			<report>
				<misses>11863001</misses>
				<total>47</total>
				<timestamp>3673.854540</timestamp>
			</report>
			<report>
				<misses>11864001</misses>
				<total>47</total>
				<timestamp>3674.164214</timestamp>
			</report>
			<report>
				<misses>11865001</misses>
				<total>47</total>
				<timestamp>3674.473915</timestamp>
			</report>
			<report>
				<misses>11866001</misses>
				<total>47</total>
				<timestamp>3674.783568</timestamp>
			</report>
			<report>
				<misses>11867001</misses>
				<total>47</total>
				<timestamp>3675.093255</timestamp>
			</report>
			<report>
				<misses>11868001</misses>
				<total>47</total>
				<timestamp>3675.402975</timestamp>
			</report>
			<report>
				<misses>11869001</misses>
				<total>47</total>
				<timestamp>3675.712654</timestamp>
			</report>
			<report>
				<misses>11870001</misses>
				<total>47</total>
				<timestamp>3676.022332</timestamp>
			</report>
			<report>
				<misses>11871001</misses>
				<total>47</total>
				<timestamp>3676.332097</timestamp>
			</report>
			<report>
				<misses>11872001</misses>
				<total>47</total>
				<timestamp>3676.641749</timestamp>
			</report>
			<report>
				<misses>11873001</misses>
				<total>47</total>
				<timestamp>3676.951411</timestamp>
			</report>
			<report>
				<misses>11874001</misses>
				<total>47</total>
				<timestamp>3677.261113</timestamp>
			</report>
			<report>
				<misses>11875001</misses>
				<total>47</total>
				<timestamp>3677.570806</timestamp>
			</report>
			<report>
				<misses>11876001</misses>
				<total>47</total>
				<timestamp>3677.880478</timestamp>
			</report>
			<report>
				<misses>11877001</misses>
				<total>47</total>
				<timestamp>3678.190167</timestamp>
			</report>
			<report>
				<misses>11878001</misses>
				<total>47</total>
				<timestamp>3678.499873</timestamp>
			</report>
			<report>
				<misses>11879001</misses>
				<total>47</total>
				<timestamp>3678.809539</timestamp>
			</report>
			<report>
				<misses>11880001</misses>
				<total>47</total>
				<timestamp>3679.119283</timestamp>
			</report>
			<report>
				<misses>11881001</misses>
				<total>47</total>
				<timestamp>3679.428935</timestamp>
			</report>
			<report>
				<misses>11882001</misses>
				<total>47</total>
				<timestamp>3679.738664</timestamp>
			</report>
			<report>
				<misses>11883001</misses>
				<total>47</total>
				<timestamp>3680.048305</timestamp>
			</report>
			<report>
				<misses>11884001</misses>
				<total>47</total>
				<timestamp>3680.357998</timestamp>
			</report>
			<report>
				<misses>11885001</misses>
				<total>47</total>
				<timestamp>3680.667721</timestamp>
			</report>
			<report>
				<misses>11886001</misses>
				<total>47</total>
				<timestamp>3680.977362</timestamp>
			</report>
			<report>
				<misses>11887001</misses>
				<total>47</total>
				<timestamp>3681.287088</timestamp>
			</report>
			<report>
				<misses>11888001</misses>
				<total>47</total>
				<timestamp>3681.596832</timestamp>
			</report>
			<report>
				<misses>11889001</misses>
				<total>47</total>
				<timestamp>3681.906490</timestamp>
			</report>
			<report>
				<misses>11890001</misses>
				<total>47</total>
				<timestamp>3682.216151</timestamp>
			</report>
			<report>
				<misses>11891001</misses>
				<total>47</total>
				<timestamp>3682.525859</timestamp>
			</report>
			<report>
				<misses>11892001</misses>
				<total>47</total>
				<timestamp>3682.835554</timestamp>
			</report>
			<report>
				<misses>11893001</misses>
				<total>47</total>
				<timestamp>3683.145195</timestamp>
			</report>
			<report>
				<misses>11894001</misses>
				<total>47</total>
				<timestamp>3683.454910</timestamp>
			</report>
			<report>
				<misses>11895001</misses>
				<total>47</total>
				<timestamp>3683.764607</timestamp>
			</report>
			<report>
				<misses>11896001</misses>
				<total>47</total>
				<timestamp>3684.074268</timestamp>
			</report>
			<report>
				<misses>11897001</misses>
				<total>47</total>
				<timestamp>3684.383965</timestamp>
			</report>
			<report>
				<misses>11898001</misses>
				<total>47</total>
				<timestamp>3684.693705</timestamp>
			</report>
			<report>
				<misses>11899001</misses>
				<total>47</total>
				<timestamp>3685.003364</timestamp>
			</report>
			<report>
				<misses>11900001</misses>
				<total>47</total>
				<timestamp>3685.313027</timestamp>
			</report>
			<report>
				<misses>11901001</misses>
				<total>47</total>
				<timestamp>3685.622737</timestamp>
			</report>
			<report>
				<misses>11902001</misses>
				<total>47</total>
				<timestamp>3685.932417</timestamp>
			</report>
			<report>
				<misses>11903001</misses>
				<total>47</total>
				<timestamp>3686.242134</timestamp>
			</report>
			<report>
				<misses>11904001</misses>
				<total>47</total>
				<timestamp>3686.551832</timestamp>
			</report>
			<report>
				<misses>11905001</misses>
				<total>47</total>
				<timestamp>3686.861501</timestamp>
			</report>
			<report>
				<misses>11906001</misses>
				<total>47</total>
				<timestamp>3687.171164</timestamp>
			</report>
			<report>
				<misses>11907001</misses>
				<total>47</total>
				<timestamp>3687.480920</timestamp>
			</report>
			<report>
				<misses>11908001</misses>
				<total>47</total>
				<timestamp>3687.790553</timestamp>
			</report>
			<report>
				<misses>11909001</misses>
				<total>47</total>
				<timestamp>3688.100252</timestamp>
			</report>
			<report>
				<misses>11910001</misses>
				<total>47</total>
				<timestamp>3688.409926</timestamp>
			</report>
			<report>
				<misses>11911001</misses>
				<total>47</total>
				<timestamp>3688.719664</timestamp>
			</report>
			<report>
				<misses>11912001</misses>
				<total>47</total>
				<timestamp>3689.029341</timestamp>
			</report>
			<report>
				<misses>11913001</misses>
				<total>47</total>
				<timestamp>3689.339006</timestamp>
			</report>
			<report>
				<misses>11914001</misses>
				<total>47</total>
				<timestamp>3689.648707</timestamp>
			</report>
			<report>
				<misses>11915001</misses>
				<total>47</total>
				<timestamp>3689.958376</timestamp>
			</report>
			<report>
				<misses>11916001</misses>
				<total>47</total>
				<timestamp>3690.268091</timestamp>
			</report>
			<report>
				<misses>11917001</misses>
				<total>47</total>
				<timestamp>3690.577773</timestamp>
			</report>
			<report>
				<misses>11918001</misses>
				<total>47</total>
				<timestamp>3690.887505</timestamp>
			</report>
			<report>
				<misses>11919001</misses>
				<total>47</total>
				<timestamp>3691.197150</timestamp>
			</report>
			<report>
				<misses>11920001</misses>
				<total>47</total>
				<timestamp>3691.506847</timestamp>
			</report>
			<report>
				<misses>11921001</misses>
				<total>47</total>
				<timestamp>3691.816526</timestamp>
			</report>
			<report>
				<misses>11922001</misses>
				<total>47</total>
				<timestamp>3692.126258</timestamp>
			</report>
			<report>
				<misses>11923001</misses>
				<total>47</total>
				<timestamp>3692.435908</timestamp>
			</report>
			<report>
				<misses>11924001</misses>
				<total>47</total>
				<timestamp>3692.745654</timestamp>
			</report>
			<report>
				<misses>11925001</misses>
				<total>47</total>
				<timestamp>3693.055289</timestamp>
			</report>
			<report>
				<misses>11926001</misses>
				<total>47</total>
				<timestamp>3693.365003</timestamp>
			</report>
			<report>
				<misses>11927001</misses>
				<total>47</total>
				<timestamp>3693.674659</timestamp>
			</report>
			<report>
				<misses>11928001</misses>
				<total>47</total>
				<timestamp>3693.984403</timestamp>
			</report>
			<report>
				<misses>11929001</misses>
				<total>47</total>
				<timestamp>3694.294077</timestamp>
			</report>
			<report>
				<misses>11930001</misses>
				<total>47</total>
				<timestamp>3694.603790</timestamp>
			</report>
			<report>
				<misses>11931001</misses>
				<total>47</total>
				<timestamp>3694.913433</timestamp>
			</report>
			<report>
				<misses>11932001</misses>
				<total>47</total>
				<timestamp>3695.223154</timestamp>
			</report>
			<report>
				<misses>11933001</misses>
				<total>47</total>
				<timestamp>3695.532799</timestamp>
			</report>
			<report>
				<misses>11934001</misses>
				<total>47</total>
				<timestamp>3695.842513</timestamp>
			</report>
			<report>
				<misses>11935001</misses>
				<total>47</total>
				<timestamp>3696.152215</timestamp>
			</report>
			<report>
				<misses>11936001</misses>
				<total>47</total>
				<timestamp>3696.461874</timestamp>
			</report>
			<report>
				<misses>11937001</misses>
				<total>47</total>
				<timestamp>3696.771582</timestamp>
			</report>
			<report>
				<misses>11938001</misses>
				<total>47</total>
				<timestamp>3697.081261</timestamp>
			</report>
			<report>
				<misses>11939001</misses>
				<total>47</total>
				<timestamp>3697.390956</timestamp>
			</report>
			<report>
				<misses>11940001</misses>
				<total>47</total>
				<timestamp>3697.700651</timestamp>
			</report>
			<report>
				<misses>11941001</misses>
				<total>47</total>
				<timestamp>3698.010324</timestamp>
			</report>
			<report>
				<misses>11942001</misses>
				<total>47</total>
				<timestamp>3698.320007</timestamp>
			</report>
			<report>
				<misses>11943001</misses>
				<total>47</total>
				<timestamp>3698.629735</timestamp>
			</report>
			<report>
				<misses>11944001</misses>
				<total>47</total>
				<timestamp>3698.939400</timestamp>
			</report>
			<report>
				<misses>11945001</misses>
				<total>47</total>
				<timestamp>3699.249116</timestamp>
			</report>
			<report>
				<misses>11946001</misses>
				<total>47</total>
				<timestamp>3699.558781</timestamp>
			</report>
			<report>
				<misses>11947001</misses>
				<total>47</total>
				<timestamp>3699.868504</timestamp>
			</report>
			<report>
				<misses>11948001</misses>
				<total>47</total>
				<timestamp>3700.178168</timestamp>
			</report>
			<report>
				<misses>11949001</misses>
				<total>47</total>
				<timestamp>3700.487861</timestamp>
			</report>
			<report>
				<misses>11950001</misses>
				<total>47</total>
				<timestamp>3700.797553</timestamp>
			</report>
			<report>
				<misses>11951001</misses>
				<total>47</total>
				<timestamp>3701.107242</timestamp>
			</report>
			<report>
				<misses>11952001</misses>
				<total>47</total>
				<timestamp>3701.416925</timestamp>
			</report>
			<report>
				<misses>11953001</misses>
				<total>47</total>
				<timestamp>3701.726656</timestamp>
			</report>
			<report>
				<misses>11954001</misses>
				<total>47</total>
				<timestamp>3702.036286</timestamp>
			</report>
			<report>
				<misses>11955001</misses>
				<total>47</total>
				<timestamp>3702.345981</timestamp>
			</report>
			<report>
				<misses>11956001</misses>
				<total>47</total>
				<timestamp>3702.655676</timestamp>
			</report>
			<report>
				<misses>11957001</misses>
				<total>47</total>
				<timestamp>3702.965350</timestamp>
			</report>
			<report>
				<misses>11958001</misses>
				<total>47</total>
				<timestamp>3703.275106</timestamp>
			</report>
			<report>
				<misses>11959001</misses>
				<total>47</total>
				<timestamp>3703.584748</timestamp>
			</report>
			<report>
				<misses>11960001</misses>
				<total>47</total>
				<timestamp>3703.894437</timestamp>
			</report>
			<report>
				<misses>11961001</misses>
				<total>47</total>
				<timestamp>3704.204140</timestamp>
			</report>
			<report>
				<misses>11962001</misses>
				<total>47</total>
				<timestamp>3704.513814</timestamp>
			</report>
			<report>
				<misses>11963001</misses>
				<total>47</total>
				<timestamp>3704.823588</timestamp>
			</report>
			<report>
				<misses>11964001</misses>
				<total>47</total>
				<timestamp>3705.133204</timestamp>
			</report>
			<report>
				<misses>11965001</misses>
				<total>47</total>
				<timestamp>3705.442881</timestamp>
			</report>
			<report>
				<misses>11966001</misses>
				<total>47</total>
				<timestamp>3705.752622</timestamp>
			</report>
			<report>
				<misses>11967001</misses>
				<total>47</total>
				<timestamp>3706.062265</timestamp>
			</report>
			<report>
				<misses>11968001</misses>
				<total>47</total>
				<timestamp>3706.371969</timestamp>
			</report>
			<report>
				<misses>11969001</misses>
				<total>47</total>
				<timestamp>3706.681672</timestamp>
			</report>
			<report>
				<misses>11970001</misses>
				<total>47</total>
				<timestamp>3706.991349</timestamp>
			</report>
			<report>
				<misses>11971001</misses>
				<total>47</total>
				<timestamp>3707.301086</timestamp>
			</report>
			<report>
				<misses>11972001</misses>
				<total>47</total>
				<timestamp>3707.610712</timestamp>
			</report>
			<report>
				<misses>11973001</misses>
				<total>47</total>
				<timestamp>3707.920391</timestamp>
			</report>
			<report>
				<misses>11974001</misses>
				<total>47</total>
				<timestamp>3708.230096</timestamp>
			</report>
			<report>
				<misses>11975001</misses>
				<total>47</total>
				<timestamp>3708.539780</timestamp>
			</report>
			<report>
				<misses>11976001</misses>
				<total>47</total>
				<timestamp>3708.849521</timestamp>
			</report>
			<report>
				<misses>11977001</misses>
				<total>47</total>
				<timestamp>3709.159155</timestamp>
			</report>
			<report>
				<misses>11978001</misses>
				<total>47</total>
				<timestamp>3709.468861</timestamp>
			</report>
			<report>
				<misses>11979001</misses>
				<total>47</total>
				<timestamp>3709.778565</timestamp>
			</report>
			<report>
				<misses>11980001</misses>
				<total>47</total>
				<timestamp>3710.088233</timestamp>
			</report>
			<report>
				<misses>11981001</misses>
				<total>47</total>
				<timestamp>3710.397931</timestamp>
			</report>
			<report>
				<misses>11982001</misses>
				<total>47</total>
				<timestamp>3710.707649</timestamp>
			</report>
			<report>
				<misses>11983001</misses>
				<total>47</total>
				<timestamp>3711.017307</timestamp>
			</report>
			<report>
				<misses>11984001</misses>
				<total>47</total>
				<timestamp>3711.327029</timestamp>
			</report>
			<report>
				<misses>11985001</misses>
				<total>47</total>
				<timestamp>3711.636694</timestamp>
			</report>
			<report>
				<misses>11986001</misses>
				<total>47</total>
				<timestamp>3711.946369</timestamp>
			</report>
			<report>
				<misses>11987001</misses>
				<total>47</total>
				<timestamp>3712.256078</timestamp>
			</report>
			<report>
				<misses>11988001</misses>
				<total>47</total>
				<timestamp>3712.565793</timestamp>
			</report>
			<report>
				<misses>11989001</misses>
				<total>47</total>
				<timestamp>3712.875451</timestamp>
			</report>
			<report>
				<misses>11990001</misses>
				<total>47</total>
				<timestamp>3713.185128</timestamp>
			</report>
			<report>
				<misses>11991001</misses>
				<total>47</total>
				<timestamp>3713.494824</timestamp>
			</report>
			<report>
				<misses>11992001</misses>
				<total>47</total>
				<timestamp>3713.804528</timestamp>
			</report>
			<report>
				<misses>11993001</misses>
				<total>47</total>
				<timestamp>3714.114205</timestamp>
			</report>
			<report>
				<misses>11994001</misses>
				<total>47</total>
				<timestamp>3714.423883</timestamp>
			</report>
			<report>
				<misses>11995001</misses>
				<total>47</total>
				<timestamp>3714.733583</timestamp>
			</report>
			<report>
				<misses>11996001</misses>
				<total>47</total>
				<timestamp>3715.043270</timestamp>
			</report>
			<report>
				<misses>11997001</misses>
				<total>47</total>
				<timestamp>3715.352983</timestamp>
			</report>
			<report>
				<misses>11998001</misses>
				<total>47</total>
				<timestamp>3715.662683</timestamp>
			</report>
			<report>
				<misses>11999001</misses>
				<total>47</total>
				<timestamp>3715.972383</timestamp>
			</report>
			<report>
				<misses>12000001</misses>
				<total>47</total>
				<timestamp>3716.282038</timestamp>
			</report>
			<report>
				<misses>12001001</misses>
				<total>47</total>
				<timestamp>3716.591727</timestamp>
			</report>
			<report>
				<misses>12002001</misses>
				<total>47</total>
				<timestamp>3716.901415</timestamp>
			</report>
			<report>
				<misses>12003001</misses>
				<total>47</total>
				<timestamp>3717.211113</timestamp>
			</report>
			<report>
				<misses>12004001</misses>
				<total>47</total>
				<timestamp>3717.520802</timestamp>
			</report>
			<report>
				<misses>12005001</misses>
				<total>47</total>
				<timestamp>3717.830533</timestamp>
			</report>
			<report>
				<misses>12006001</misses>
				<total>47</total>
				<timestamp>3718.140207</timestamp>
			</report>
			<report>
				<misses>12007001</misses>
				<total>47</total>
				<timestamp>3718.449914</timestamp>
			</report>
			<report>
				<misses>12008001</misses>
				<total>47</total>
				<timestamp>3718.759549</timestamp>
			</report>
			<report>
				<misses>12009001</misses>
				<total>47</total>
				<timestamp>3719.069318</timestamp>
			</report>
			<report>
				<misses>12010001</misses>
				<total>47</total>
				<timestamp>3719.378998</timestamp>
			</report>
			<report>
				<misses>12011001</misses>
				<total>47</total>
				<timestamp>3719.688664</timestamp>
			</report>
			<report>
				<misses>12012001</misses>
				<total>47</total>
				<timestamp>3719.998404</timestamp>
			</report>
			<report>
				<misses>12013001</misses>
				<total>47</total>
				<timestamp>3720.308009</timestamp>
			</report>
			<report>
				<misses>12014001</misses>
				<total>47</total>
				<timestamp>3720.617699</timestamp>
			</report>
			<report>
				<misses>12015001</misses>
				<total>47</total>
				<timestamp>3720.927445</timestamp>
			</report>
			<report>
				<misses>12016001</misses>
				<total>47</total>
				<timestamp>3721.237117</timestamp>
			</report>
			<report>
				<misses>12017001</misses>
				<total>47</total>
				<timestamp>3721.546760</timestamp>
			</report>
			<report>
				<misses>12018001</misses>
				<total>47</total>
				<timestamp>3721.856492</timestamp>
			</report>
			<report>
				<misses>12019001</misses>
				<total>47</total>
				<timestamp>3722.166155</timestamp>
			</report>
			<report>
				<misses>12020001</misses>
				<total>47</total>
				<timestamp>3722.475854</timestamp>
			</report>
			<report>
				<misses>12021001</misses>
				<total>47</total>
				<timestamp>3722.785570</timestamp>
			</report>
			<report>
				<misses>12022001</misses>
				<total>47</total>
				<timestamp>3723.095212</timestamp>
			</report>
			<report>
				<misses>12023001</misses>
				<total>47</total>
				<timestamp>3723.404917</timestamp>
			</report>
			<report>
				<misses>12024001</misses>
				<total>47</total>
				<timestamp>3723.714612</timestamp>
			</report>
			<report>
				<misses>12025001</misses>
				<total>47</total>
				<timestamp>3724.024334</timestamp>
			</report>
			<report>
				<misses>12026001</misses>
				<total>47</total>
				<timestamp>3724.334009</timestamp>
			</report>
			<report>
				<misses>12027001</misses>
				<total>47</total>
				<timestamp>3724.643664</timestamp>
			</report>
			<report>
				<misses>12028001</misses>
				<total>47</total>
				<timestamp>3724.953376</timestamp>
			</report>
			<report>
				<misses>12029001</misses>
				<total>47</total>
				<timestamp>3725.263039</timestamp>
			</report>
			<report>
				<misses>12030001</misses>
				<total>47</total>
				<timestamp>3725.572727</timestamp>
			</report>
			<report>
				<misses>12031001</misses>
				<total>47</total>
				<timestamp>3725.882456</timestamp>
			</report>
			<report>
				<misses>12032001</misses>
				<total>47</total>
				<timestamp>3726.192118</timestamp>
			</report>
			<report>
				<misses>12033001</misses>
				<total>47</total>
				<timestamp>3726.501823</timestamp>
			</report>
			<report>
				<misses>12034001</misses>
				<total>47</total>
				<timestamp>3726.811547</timestamp>
			</report>
			<report>
				<misses>12035001</misses>
				<total>47</total>
				<timestamp>3727.121177</timestamp>
			</report>
			<report>
				<misses>12036001</misses>
				<total>47</total>
				<timestamp>3727.430895</timestamp>
			</report>
			<report>
				<misses>12037001</misses>
				<total>47</total>
				<timestamp>3727.740580</timestamp>
			</report>
			<report>
				<misses>12038001</misses>
				<total>47</total>
				<timestamp>3728.050267</timestamp>
			</report>
			<report>
				<misses>12039001</misses>
				<total>47</total>
				<timestamp>3728.359980</timestamp>
			</report>
			<report>
				<misses>12040001</misses>
				<total>47</total>
				<timestamp>3728.669644</timestamp>
			</report>
			<report>
				<misses>12041001</misses>
				<total>47</total>
				<timestamp>3728.979351</timestamp>
			</report>
			<report>
				<misses>12042001</misses>
				<total>47</total>
				<timestamp>3729.289008</timestamp>
			</report>
			<report>
				<misses>12043001</misses>
				<total>48</total>
				<timestamp>3729.598695</timestamp>
			</report>
			<report>
				<misses>12044001</misses>
				<total>48</total>
				<timestamp>3729.908459</timestamp>
			</report>
			<report>
				<misses>12045001</misses>
				<total>48</total>
				<timestamp>3730.218091</timestamp>
			</report>
			<report>
				<misses>12046001</misses>
				<total>48</total>
				<timestamp>3730.527779</timestamp>
			</report>
			<report>
				<misses>12047001</misses>
				<total>48</total>
				<timestamp>3730.837515</timestamp>
			</report>
			<report>
				<misses>12048001</misses>
				<total>48</total>
				<timestamp>3731.147164</timestamp>
			</report>
			<report>
				<misses>12049001</misses>
				<total>48</total>
				<timestamp>3731.456844</timestamp>
			</report>
			<report>
				<misses>12050001</misses>
				<total>48</total>
				<timestamp>3731.766550</timestamp>
			</report>
			<report>
				<misses>12051001</misses>
				<total>48</total>
				<timestamp>3732.076212</timestamp>
			</report>
			<report>
				<misses>12052001</misses>
				<total>48</total>
				<timestamp>3732.385961</timestamp>
			</report>
			<report>
				<misses>12053001</misses>
				<total>48</total>
				<timestamp>3732.695637</timestamp>
			</report>
			<report>
				<misses>12054001</misses>
				<total>48</total>
				<timestamp>3733.005321</timestamp>
			</report>
			<report>
				<misses>12055001</misses>
				<total>48</total>
				<timestamp>3733.314991</timestamp>
			</report>
			<report>
				<misses>12056001</misses>
				<total>48</total>
				<timestamp>3733.624690</timestamp>
			</report>
			<report>
				<misses>12057001</misses>
				<total>50</total>
				<timestamp>3733.934393</timestamp>
			</report>
			<report>
				<misses>12058001</misses>
				<total>50</total>
				<timestamp>3734.244065</timestamp>
			</report>
			<report>
				<misses>12059001</misses>
				<total>50</total>
				<timestamp>3734.553744</timestamp>
			</report>
			<report>
				<misses>12060001</misses>
				<total>50</total>
				<timestamp>3734.863431</timestamp>
			</report>
			<report>
				<misses>12061001</misses>
				<total>50</total>
				<timestamp>3735.173156</timestamp>
			</report>
			<report>
				<misses>12062001</misses>
				<total>50</total>
				<timestamp>3735.482811</timestamp>
			</report>
			<report>
				<misses>12063001</misses>
				<total>50</total>
				<timestamp>3735.792526</timestamp>
			</report>
			<report>
				<misses>12064001</misses>
				<total>50</total>
				<timestamp>3736.102193</timestamp>
			</report>
			<report>
				<misses>12065001</misses>
				<total>50</total>
				<timestamp>3736.411936</timestamp>
			</report>
			<report>
				<misses>12066001</misses>
				<total>50</total>
				<timestamp>3736.721585</timestamp>
			</report>
			<report>
				<misses>12067001</misses>
				<total>50</total>
				<timestamp>3737.031268</timestamp>
			</report>
			<report>
				<misses>12068001</misses>
				<total>50</total>
				<timestamp>3737.340979</timestamp>
			</report>
			<report>
				<misses>12069001</misses>
				<total>50</total>
				<timestamp>3737.650688</timestamp>
			</report>
			<report>
				<misses>12070001</misses>
				<total>50</total>
				<timestamp>3737.960341</timestamp>
			</report>
			<report>
				<misses>12071001</misses>
				<total>50</total>
				<timestamp>3738.270031</timestamp>
			</report>
			<report>
				<misses>12072001</misses>
				<total>50</total>
				<timestamp>3738.579729</timestamp>
			</report>
			<report>
				<misses>12073001</misses>
				<total>50</total>
				<timestamp>3738.889432</timestamp>
			</report>
			<report>
				<misses>12074001</misses>
				<total>50</total>
				<timestamp>3739.199103</timestamp>
			</report>
			<report>
				<misses>12075001</misses>
				<total>50</total>
				<timestamp>3739.508803</timestamp>
			</report>
			<report>
				<misses>12076001</misses>
				<total>50</total>
				<timestamp>3739.818498</timestamp>
			</report>
			<report>
				<misses>12077001</misses>
				<total>50</total>
				<timestamp>3740.128175</timestamp>
			</report>
			<report>
				<misses>12078001</misses>
				<total>50</total>
				<timestamp>3740.437901</timestamp>
			</report>
			<report>
				<misses>12079001</misses>
				<total>50</total>
				<timestamp>3740.747559</timestamp>
			</report>
			<report>
				<misses>12080001</misses>
				<total>50</total>
				<timestamp>3741.057243</timestamp>
			</report>
			<report>
				<misses>12081001</misses>
				<total>50</total>
				<timestamp>3741.366947</timestamp>
			</report>
			<report>
				<misses>12082001</misses>
				<total>50</total>
				<timestamp>3741.676615</timestamp>
			</report>
			<report>
				<misses>12083001</misses>
				<total>50</total>
				<timestamp>3741.986363</timestamp>
			</report>
			<report>
				<misses>12084001</misses>
				<total>50</total>
				<timestamp>3742.296022</timestamp>
			</report>
			<report>
				<misses>12085001</misses>
				<total>50</total>
				<timestamp>3742.605689</timestamp>
			</report>
			<report>
				<misses>12086001</misses>
				<total>50</total>
				<timestamp>3742.915396</timestamp>
			</report>
			<report>
				<misses>12087001</misses>
				<total>50</total>
				<timestamp>3743.225081</timestamp>
			</report>
			<report>
				<misses>12088001</misses>
				<total>50</total>
				<timestamp>3743.534747</timestamp>
			</report>
			<report>
				<misses>12089001</misses>
				<total>50</total>
				<timestamp>3743.844471</timestamp>
			</report>
			<report>
				<misses>12090001</misses>
				<total>50</total>
				<timestamp>3744.154148</timestamp>
			</report>
			<report>
				<misses>12091001</misses>
				<total>50</total>
				<timestamp>3744.463821</timestamp>
			</report>
			<report>
				<misses>12092001</misses>
				<total>50</total>
				<timestamp>3744.773537</timestamp>
			</report>
			<report>
				<misses>12093001</misses>
				<total>50</total>
				<timestamp>3745.083253</timestamp>
			</report>
			<report>
				<misses>12094001</misses>
				<total>50</total>
				<timestamp>3745.392935</timestamp>
			</report>
			<report>
				<misses>12095001</misses>
				<total>50</total>
				<timestamp>3745.702603</timestamp>
			</report>
			<report>
				<misses>12096001</misses>
				<total>50</total>
				<timestamp>3746.012300</timestamp>
			</report>
			<report>
				<misses>12097001</misses>
				<total>50</total>
				<timestamp>3746.321999</timestamp>
			</report>
			<report>
				<misses>12098001</misses>
				<total>50</total>
				<timestamp>3746.631647</timestamp>
			</report>
			<report>
				<misses>12099001</misses>
				<total>50</total>
				<timestamp>3746.941344</timestamp>
			</report>
			<report>
				<misses>12100001</misses>
				<total>50</total>
				<timestamp>3747.251023</timestamp>
			</report>
			<report>
				<misses>12101001</misses>
				<total>50</total>
				<timestamp>3747.560727</timestamp>
			</report>
			<report>
				<misses>12102001</misses>
				<total>50</total>
				<timestamp>3747.870437</timestamp>
			</report>
			<report>
				<misses>12103001</misses>
				<total>50</total>
				<timestamp>3748.180099</timestamp>
			</report>
			<report>
				<misses>12104001</misses>
				<total>50</total>
				<timestamp>3748.489810</timestamp>
			</report>
			<report>
				<misses>12105001</misses>
				<total>50</total>
				<timestamp>3748.799507</timestamp>
			</report>
			<report>
				<misses>12106001</misses>
				<total>50</total>
				<timestamp>3749.109197</timestamp>
			</report>
			<report>
				<misses>12107001</misses>
				<total>50</total>
				<timestamp>3749.418867</timestamp>
			</report>
			<report>
				<misses>12108001</misses>
				<total>50</total>
				<timestamp>3749.728587</timestamp>
			</report>
			<report>
				<misses>12109001</misses>
				<total>50</total>
				<timestamp>3750.038258</timestamp>
			</report>
			<report>
				<misses>12110001</misses>
				<total>50</total>
				<timestamp>3750.347944</timestamp>
			</report>
			<report>
				<misses>12111001</misses>
				<total>50</total>
				<timestamp>3750.657642</timestamp>
			</report>
			<report>
				<misses>12112001</misses>
				<total>50</total>
				<timestamp>3750.967331</timestamp>
			</report>
			<report>
				<misses>12113001</misses>
				<total>50</total>
				<timestamp>3751.277020</timestamp>
			</report>
			<report>
				<misses>12114001</misses>
				<total>50</total>
				<timestamp>3751.586707</timestamp>
			</report>
			<report>
				<misses>12115001</misses>
				<total>50</total>
				<timestamp>3751.896400</timestamp>
			</report>
			<report>
				<misses>12116001</misses>
				<total>50</total>
				<timestamp>3752.206060</timestamp>
			</report>
			<report>
				<misses>12117001</misses>
				<total>50</total>
				<timestamp>3752.515748</timestamp>
			</report>
			<report>
				<misses>12118001</misses>
				<total>50</total>
				<timestamp>3752.825469</timestamp>
			</report>
			<report>
				<misses>12119001</misses>
				<total>50</total>
				<timestamp>3753.135123</timestamp>
			</report>
			<report>
				<misses>12120001</misses>
				<total>50</total>
				<timestamp>3753.444865</timestamp>
			</report>
			<report>
				<misses>12121001</misses>
				<total>50</total>
				<timestamp>3753.754536</timestamp>
			</report>
			<report>
				<misses>12122001</misses>
				<total>50</total>
				<timestamp>3754.064294</timestamp>
			</report>
			<report>
				<misses>12123001</misses>
				<total>50</total>
				<timestamp>3754.373917</timestamp>
			</report>
			<report>
				<misses>12124001</misses>
				<total>50</total>
				<timestamp>3754.683597</timestamp>
			</report>
			<report>
				<misses>12125001</misses>
				<total>50</total>
				<timestamp>3754.993335</timestamp>
			</report>
			<report>
				<misses>12126001</misses>
				<total>50</total>
				<timestamp>3755.302971</timestamp>
			</report>
			<report>
				<misses>12127001</misses>
				<total>50</total>
				<timestamp>3755.612717</timestamp>
			</report>
			<report>
				<misses>12128001</misses>
				<total>50</total>
				<timestamp>3755.922378</timestamp>
			</report>
			<report>
				<misses>12129001</misses>
				<total>50</total>
				<timestamp>3756.232059</timestamp>
			</report>
			<report>
				<misses>12130001</misses>
				<total>50</total>
				<timestamp>3756.541777</timestamp>
			</report>
			<report>
				<misses>12131001</misses>
				<total>50</total>
				<timestamp>3756.851404</timestamp>
			</report>
			<report>
				<misses>12132001</misses>
				<total>50</total>
				<timestamp>3757.161113</timestamp>
			</report>
			<report>
				<misses>12133001</misses>
				<total>50</total>
				<timestamp>3757.470853</timestamp>
			</report>
			<report>
				<misses>12134001</misses>
				<total>50</total>
				<timestamp>3757.780502</timestamp>
			</report>
			<report>
				<misses>12135001</misses>
				<total>50</total>
				<timestamp>3758.090167</timestamp>
			</report>
			<report>
				<misses>12136001</misses>
				<total>50</total>
				<timestamp>3758.399869</timestamp>
			</report>
			<report>
				<misses>12137001</misses>
				<total>50</total>
				<timestamp>3758.709577</timestamp>
			</report>
			<report>
				<misses>12138001</misses>
				<total>50</total>
				<timestamp>3759.019264</timestamp>
			</report>
			<report>
				<misses>12139001</misses>
				<total>50</total>
				<timestamp>3759.328943</timestamp>
			</report>
			<report>
				<misses>12140001</misses>
				<total>50</total>
				<timestamp>3759.638626</timestamp>
			</report>
			<report>
				<misses>12141001</misses>
				<total>50</total>
				<timestamp>3759.948353</timestamp>
			</report>
			<report>
				<misses>12142001</misses>
				<total>50</total>
				<timestamp>3760.258028</timestamp>
			</report>
			<report>
				<misses>12143001</misses>
				<total>50</total>
				<timestamp>3760.567723</timestamp>
			</report>
			<report>
				<misses>12144001</misses>
				<total>50</total>
				<timestamp>3760.877413</timestamp>
			</report>
			<report>
				<misses>12145001</misses>
				<total>50</total>
				<timestamp>3761.187072</timestamp>
			</report>
			<report>
				<misses>12146001</misses>
				<total>50</total>
				<timestamp>3761.496769</timestamp>
			</report>
			<report>
				<misses>12147001</misses>
				<total>50</total>
				<timestamp>3761.806477</timestamp>
			</report>
			<report>
				<misses>12148001</misses>
				<total>50</total>
				<timestamp>3762.116221</timestamp>
			</report>
			<report>
				<misses>12149001</misses>
				<total>50</total>
				<timestamp>3762.425868</timestamp>
			</report>
			<report>
				<misses>12150001</misses>
				<total>50</total>
				<timestamp>3762.735541</timestamp>
			</report>
			<report>
				<misses>12151001</misses>
				<total>50</total>
				<timestamp>3763.045274</timestamp>
			</report>
			<report>
				<misses>12152001</misses>
				<total>50</total>
				<timestamp>3763.354918</timestamp>
			</report>
			<report>
				<misses>12153001</misses>
				<total>50</total>
				<timestamp>3763.664661</timestamp>
			</report>
			<report>
				<misses>12154001</misses>
				<total>50</total>
				<timestamp>3763.974313</timestamp>
			</report>
			<report>
				<misses>12155001</misses>
				<total>50</total>
				<timestamp>3764.284004</timestamp>
			</report>
			<report>
				<misses>12156001</misses>
				<total>50</total>
				<timestamp>3764.593670</timestamp>
			</report>
			<report>
				<misses>12157001</misses>
				<total>50</total>
				<timestamp>3764.903372</timestamp>
			</report>
			<report>
				<misses>12158001</misses>
				<total>50</total>
				<timestamp>3765.213058</timestamp>
			</report>
			<report>
				<misses>12159001</misses>
				<total>50</total>
				<timestamp>3765.522787</timestamp>
			</report>
			<report>
				<misses>12160001</misses>
				<total>50</total>
				<timestamp>3765.832427</timestamp>
			</report>
			<report>
				<misses>12161001</misses>
				<total>50</total>
				<timestamp>3766.142157</timestamp>
			</report>
			<report>
				<misses>12162001</misses>
				<total>50</total>
				<timestamp>3766.451825</timestamp>
			</report>
			<report>
				<misses>12163001</misses>
				<total>50</total>
				<timestamp>3766.761532</timestamp>
			</report>
			<report>
				<misses>12164001</misses>
				<total>50</total>
				<timestamp>3767.071243</timestamp>
			</report>
			<report>
				<misses>12165001</misses>
				<total>50</total>
				<timestamp>3767.380891</timestamp>
			</report>
			<report>
				<misses>12166001</misses>
				<total>50</total>
				<timestamp>3767.690577</timestamp>
			</report>
			<report>
				<misses>12167001</misses>
				<total>50</total>
				<timestamp>3768.000304</timestamp>
			</report>
			<report>
				<misses>12168001</misses>
				<total>50</total>
				<timestamp>3768.309957</timestamp>
			</report>
			<report>
				<misses>12169001</misses>
				<total>50</total>
				<timestamp>3768.619657</timestamp>
			</report>
			<report>
				<misses>12170001</misses>
				<total>50</total>
				<timestamp>3768.929346</timestamp>
			</report>
			<report>
				<misses>12171001</misses>
				<total>50</total>
				<timestamp>3769.239053</timestamp>
			</report>
			<report>
				<misses>12172001</misses>
				<total>50</total>
				<timestamp>3769.548772</timestamp>
			</report>
			<report>
				<misses>12173001</misses>
				<total>50</total>
				<timestamp>3769.858428</timestamp>
			</report>
			<report>
				<misses>12174001</misses>
				<total>50</total>
				<timestamp>3770.168121</timestamp>
			</report>
			<report>
				<misses>12175001</misses>
				<total>50</total>
				<timestamp>3770.477779</timestamp>
			</report>
			<report>
				<misses>12176001</misses>
				<total>50</total>
				<timestamp>3770.787532</timestamp>
			</report>
			<report>
				<misses>12177001</misses>
				<total>50</total>
				<timestamp>3771.097218</timestamp>
			</report>
			<report>
				<misses>12178001</misses>
				<total>50</total>
				<timestamp>3771.406869</timestamp>
			</report>
			<report>
				<misses>12179001</misses>
				<total>50</total>
				<timestamp>3771.716544</timestamp>
			</report>
			<report>
				<misses>12180001</misses>
				<total>50</total>
				<timestamp>3772.026250</timestamp>
			</report>
			<report>
				<misses>12181001</misses>
				<total>50</total>
				<timestamp>3772.335925</timestamp>
			</report>
			<report>
				<misses>12182001</misses>
				<total>50</total>
				<timestamp>3772.645634</timestamp>
			</report>
			<report>
				<misses>12183001</misses>
				<total>50</total>
				<timestamp>3772.955316</timestamp>
			</report>
			<report>
				<misses>12184001</misses>
				<total>50</total>
				<timestamp>3773.265029</timestamp>
			</report>
			<report>
				<misses>12185001</misses>
				<total>50</total>
				<timestamp>3773.574710</timestamp>
			</report>
			<report>
				<misses>12186001</misses>
				<total>50</total>
				<timestamp>3773.884371</timestamp>
			</report>
			<report>
				<misses>12187001</misses>
				<total>50</total>
				<timestamp>3774.194076</timestamp>
			</report>
			<report>
				<misses>12188001</misses>
				<total>50</total>
				<timestamp>3774.503750</timestamp>
			</report>
			<report>
				<misses>12189001</misses>
				<total>50</total>
				<timestamp>3774.813443</timestamp>
			</report>
			<report>
				<misses>12190001</misses>
				<total>50</total>
				<timestamp>3775.123178</timestamp>
			</report>
			<report>
				<misses>12191001</misses>
				<total>50</total>
				<timestamp>3775.432854</timestamp>
			</report>
			<report>
				<misses>12192001</misses>
				<total>50</total>
				<timestamp>3775.742516</timestamp>
			</report>
			<report>
				<misses>12193001</misses>
				<total>50</total>
				<timestamp>3776.052232</timestamp>
			</report>
			<report>
				<misses>12194001</misses>
				<total>50</total>
				<timestamp>3776.361896</timestamp>
			</report>
			<report>
				<misses>12195001</misses>
				<total>50</total>
				<timestamp>3776.671572</timestamp>
			</report>
			<report>
				<misses>12196001</misses>
				<total>50</total>
				<timestamp>3776.981294</timestamp>
			</report>
			<report>
				<misses>12197001</misses>
				<total>50</total>
				<timestamp>3777.290975</timestamp>
			</report>
			<report>
				<misses>12198001</misses>
				<total>50</total>
				<timestamp>3777.600666</timestamp>
			</report>
			<report>
				<misses>12199001</misses>
				<total>50</total>
				<timestamp>3777.910354</timestamp>
			</report>
			<report>
				<misses>12200001</misses>
				<total>50</total>
				<timestamp>3778.220051</timestamp>
			</report>
			<report>
				<misses>12201001</misses>
				<total>50</total>
				<timestamp>3778.529780</timestamp>
			</report>
			<report>
				<misses>12202001</misses>
				<total>50</total>
				<timestamp>3778.839419</timestamp>
			</report>
			<report>
				<misses>12203001</misses>
				<total>50</total>
				<timestamp>3779.149165</timestamp>
			</report>
			<report>
				<misses>12204001</misses>
				<total>50</total>
				<timestamp>3779.458847</timestamp>
			</report>
			<report>
				<misses>12205001</misses>
				<total>50</total>
				<timestamp>3779.768474</timestamp>
			</report>
			<report>
				<misses>12206001</misses>
				<total>50</total>
				<timestamp>3780.078191</timestamp>
			</report>
			<report>
				<misses>12207001</misses>
				<total>50</total>
				<timestamp>3780.387857</timestamp>
			</report>
			<report>
				<misses>12208001</misses>
				<total>50</total>
				<timestamp>3780.697551</timestamp>
			</report>
			<report>
				<misses>12209001</misses>
				<total>50</total>
				<timestamp>3781.007282</timestamp>
			</report>
			<report>
				<misses>12210001</misses>
				<total>50</total>
				<timestamp>3781.316937</timestamp>
			</report>
			<report>
				<misses>12211001</misses>
				<total>50</total>
				<timestamp>3781.626654</timestamp>
			</report>
			<report>
				<misses>12212001</misses>
				<total>50</total>
				<timestamp>3781.936317</timestamp>
			</report>
			<report>
				<misses>12213001</misses>
				<total>50</total>
				<timestamp>3782.246035</timestamp>
			</report>
			<report>
				<misses>12214001</misses>
				<total>50</total>
				<timestamp>3782.555701</timestamp>
			</report>
			<report>
				<misses>12215001</misses>
				<total>50</total>
				<timestamp>3782.865392</timestamp>
			</report>
			<report>
				<misses>12216001</misses>
				<total>50</total>
				<timestamp>3783.175138</timestamp>
			</report>
			<report>
				<misses>12217001</misses>
				<total>50</total>
				<timestamp>3783.484784</timestamp>
			</report>
			<report>
				<misses>12218001</misses>
				<total>50</total>
				<timestamp>3783.794472</timestamp>
			</report>
			<report>
				<misses>12219001</misses>
				<total>50</total>
				<timestamp>3784.104148</timestamp>
			</report>
			<report>
				<misses>12220001</misses>
				<total>50</total>
				<timestamp>3784.413840</timestamp>
			</report>
			<report>
				<misses>12221001</misses>
				<total>50</total>
				<timestamp>3784.723534</timestamp>
			</report>
			<report>
				<misses>12222001</misses>
				<total>50</total>
				<timestamp>3785.033233</timestamp>
			</report>
			<report>
				<misses>12223001</misses>
				<total>50</total>
				<timestamp>3785.342900</timestamp>
			</report>
			<report>
				<misses>12224001</misses>
				<total>50</total>
				<timestamp>3785.652586</timestamp>
			</report>
			<report>
				<misses>12225001</misses>
				<total>50</total>
				<timestamp>3785.962301</timestamp>
			</report>
			<report>
				<misses>12226001</misses>
				<total>50</total>
				<timestamp>3786.271983</timestamp>
			</report>
			<report>
				<misses>12227001</misses>
				<total>50</total>
				<timestamp>3786.581724</timestamp>
			</report>
			<report>
				<misses>12228001</misses>
				<total>50</total>
				<timestamp>3786.891384</timestamp>
			</report>
			<report>
				<misses>12229001</misses>
				<total>50</total>
				<timestamp>3787.201063</timestamp>
			</report>
			<report>
				<misses>12230001</misses>
				<total>50</total>
				<timestamp>3787.510750</timestamp>
			</report>
			<report>
				<misses>12231001</misses>
				<total>50</total>
				<timestamp>3787.820417</timestamp>
			</report>
			<report>
				<misses>12232001</misses>
				<total>50</total>
				<timestamp>3788.130137</timestamp>
			</report>
			<report>
				<misses>12233001</misses>
				<total>50</total>
				<timestamp>3788.439811</timestamp>
			</report>
			<report>
				<misses>12234001</misses>
				<total>50</total>
				<timestamp>3788.749535</timestamp>
			</report>
			<report>
				<misses>12235001</misses>
				<total>50</total>
				<timestamp>3789.059210</timestamp>
			</report>
			<report>
				<misses>12236001</misses>
				<total>50</total>
				<timestamp>3789.368867</timestamp>
			</report>
			<report>
				<misses>12237001</misses>
				<total>50</total>
				<timestamp>3789.678570</timestamp>
			</report>
			<report>
				<misses>12238001</misses>
				<total>50</total>
				<timestamp>3789.988306</timestamp>
			</report>
			<report>
				<misses>12239001</misses>
				<total>50</total>
				<timestamp>3790.297959</timestamp>
			</report>
			<report>
				<misses>12240001</misses>
				<total>50</total>
				<timestamp>3790.607654</timestamp>
			</report>
			<report>
				<misses>12241001</misses>
				<total>50</total>
				<timestamp>3790.917334</timestamp>
			</report>
			<report>
				<misses>12242001</misses>
				<total>50</total>
				<timestamp>3791.227034</timestamp>
			</report>
			<report>
				<misses>12243001</misses>
				<total>50</total>
				<timestamp>3791.536742</timestamp>
			</report>
			<report>
				<misses>12244001</misses>
				<total>50</total>
				<timestamp>3791.846395</timestamp>
			</report>
			<report>
				<misses>12245001</misses>
				<total>50</total>
				<timestamp>3792.156113</timestamp>
			</report>
			<report>
				<misses>12246001</misses>
				<total>50</total>
				<timestamp>3792.465793</timestamp>
			</report>
			<report>
				<misses>12247001</misses>
				<total>50</total>
				<timestamp>3792.775465</timestamp>
			</report>
			<report>
				<misses>12248001</misses>
				<total>50</total>
				<timestamp>3793.085196</timestamp>
			</report>
			<report>
				<misses>12249001</misses>
				<total>50</total>
				<timestamp>3793.394905</timestamp>
			</report>
			<report>
				<misses>12250001</misses>
				<total>50</total>
				<timestamp>3793.704526</timestamp>
			</report>
			<report>
				<misses>12251001</misses>
				<total>50</total>
				<timestamp>3794.014225</timestamp>
			</report>
			<report>
				<misses>12252001</misses>
				<total>50</total>
				<timestamp>3794.323919</timestamp>
			</report>
			<report>
				<misses>12253001</misses>
				<total>50</total>
				<timestamp>3794.633647</timestamp>
			</report>
			<report>
				<misses>12254001</misses>
				<total>50</total>
				<timestamp>3794.943296</timestamp>
			</report>
			<report>
				<misses>12255001</misses>
				<total>50</total>
				<timestamp>3795.253025</timestamp>
			</report>
			<report>
				<misses>12256001</misses>
				<total>50</total>
				<timestamp>3795.562673</timestamp>
			</report>
			<report>
				<misses>12257001</misses>
				<total>50</total>
				<timestamp>3795.872357</timestamp>
			</report>
			<report>
				<misses>12258001</misses>
				<total>50</total>
				<timestamp>3796.182082</timestamp>
			</report>
			<report>
				<misses>12259001</misses>
				<total>50</total>
				<timestamp>3796.491737</timestamp>
			</report>
			<report>
				<misses>12260001</misses>
				<total>50</total>
				<timestamp>3796.801458</timestamp>
			</report>
			<report>
				<misses>12261001</misses>
				<total>50</total>
				<timestamp>3797.111153</timestamp>
			</report>
			<report>
				<misses>12262001</misses>
				<total>50</total>
				<timestamp>3797.420805</timestamp>
			</report>
			<report>
				<misses>12263001</misses>
				<total>50</total>
				<timestamp>3797.730521</timestamp>
			</report>
			<report>
				<misses>12264001</misses>
				<total>50</total>
				<timestamp>3798.040236</timestamp>
			</report>
			<report>
				<misses>12265001</misses>
				<total>50</total>
				<timestamp>3798.349880</timestamp>
			</report>
			<report>
				<misses>12266001</misses>
				<total>50</total>
				<timestamp>3798.659571</timestamp>
			</report>
			<report>
				<misses>12267001</misses>
				<total>50</total>
				<timestamp>3798.969265</timestamp>
			</report>
			<report>
				<misses>12268001</misses>
				<total>50</total>
				<timestamp>3799.278982</timestamp>
			</report>
			<report>
				<misses>12269001</misses>
				<total>50</total>
				<timestamp>3799.588647</timestamp>
			</report>
			<report>
				<misses>12270001</misses>
				<total>50</total>
				<timestamp>3799.898339</timestamp>
			</report>
			<report>
				<misses>12271001</misses>
				<total>50</total>
				<timestamp>3800.208043</timestamp>
			</report>
			<report>
				<misses>12272001</misses>
				<total>50</total>
				<timestamp>3800.517703</timestamp>
			</report>
			<report>
				<misses>12273001</misses>
				<total>51</total>
				<timestamp>3800.827400</timestamp>
			</report>
		</query>
	</custom>
	<ethtool_statistic>
		<rx_packets>
			<start>9429398792</start>
			<end>9750236223</end>
		</rx_packets>
		<tx_packets>
			<start>15620480661</start>
			<end>16099094760</end>
		</tx_packets>
		<rx_dropped>
			<start>1251</start>
			<end>1251</end>
		</rx_dropped>
		<tx_dropped>
			<start>0</start>
			<end>0</end>
		</tx_dropped>
		<collisions>
			<start>0</start>
			<end>0</end>
		</collisions>
		<port_tx_errors>
			<start>0</start>
			<end>0</end>
		</port_tx_errors>
		<port_rx_dropped>
			<start>0</start>
			<end>0</end>
		</port_rx_dropped>
		<port_tx_dropped_link_down>
			<start>0</start>
			<end>0</end>
		</port_tx_dropped_link_down>
	</ethtool_statistic>
	<ip_statistic>
		<mtu>
			<start>9000</start>
			<end>9000</end>
		</mtu>
		<rx_bytes>
			<start>38539202026636</start>
			<end>39814723668377</end>
		</rx_bytes>
		<rx_packets>
			<start>9429399109</start>
			<end>9750236636</end>
		</rx_packets>
		<rx_errors>
			<start>0</start>
			<end>0</end>
		</rx_errors>
		<rx_dropped>
			<start>1251</start>
			<end>1251</end>
		</rx_dropped>
		<rx_missed>
			<start>0</start>
			<end>0</end>
		</rx_missed>
		<rx_mcast>
			<start>5238</start>
			<end>5279</end>
		</rx_mcast>
		<tx_bytes>
			<start>55092136644676</start>
			<end>56858239222424</end>
		</tx_bytes>
		<tx_packets>
			<start>15620480661</start>
			<end>16099094843</end>
		</tx_packets>
		<tx_errors>
			<start>0</start>
			<end>0</end>
		</tx_errors>
		<tx_dropped>
			<start>0</start>
			<end>0</end>
		</tx_dropped>
		<tx_carrier>
			<start>0</start>
			<end>0</end>
		</tx_carrier>
		<tx_collisions>
			<start>0</start>
			<end>0</end>
		</tx_collisions>
	</ip_statistic>
	<netstat_statistic>
		<udp_pkg_rec>
			<start>8007812145</start>
			<end>8259395268</end>
		</udp_pkg_rec>
		<udp_pkg_snt>
			<start>13490194982</start>
			<end>13883003822</end>
		</udp_pkg_snt>
		<udp_rec_err>
			<start>1423645439</start>
			<end>1492919083</end>
		</udp_rec_err>
		<udp_rec_buf_err>
			<start>1423645439</start>
			<end>1492919083</end>
		</udp_rec_buf_err>
		<udp_snt_buf_err>
			<start>0</start>
			<end>0</end>
		</udp_snt_buf_err>
	</netstat_statistic>
</test_results>
