<?xml version="1.0"?>
<test_results>
	<status>STATUS_SUCCESS</status>
	<custom>
		<num_loss>0</num_loss>
		<num_total>13184295</num_total>
		<num_misses>26804138</num_misses>
	</custom>
	<ethtool_statistic>
		<rx_packets>
			<start>1329646649</start>
			<end>1329646660</end>
		</rx_packets>
		<tx_packets>
			<start>9196008364</start>
			<end>9209192668</end>
		</tx_packets>
		<rx_dropped>
			<start>0</start>
			<end>0</end>
		</rx_dropped>
		<tx_dropped>
			<start>0</start>
			<end>0</end>
		</tx_dropped>
		<collisions>
			<start>0</start>
			<end>0</end>
		</collisions>
		<port_tx_errors>
			<start>-1</start>
			<end>-1</end>
		</port_tx_errors>
		<port_rx_dropped>
			<start>-1</start>
			<end>-1</end>
		</port_rx_dropped>
		<port_tx_dropped_link_down>
			<start>-1</start>
			<end>-1</end>
		</port_tx_dropped_link_down>
	</ethtool_statistic>
	<ip_statistic>
		<mtu>
			<start>1500</start>
			<end>1500</end>
		</mtu>
		<rx_bytes>
			<start>1737225219971</start>
			<end>1737225220911</end>
		</rx_bytes>
		<rx_packets>
			<start>1329646649</start>
			<end>1329646660</end>
		</rx_packets>
		<rx_errors>
			<start>0</start>
			<end>0</end>
		</rx_errors>
		<rx_dropped>
			<start>0</start>
			<end>0</end>
		</rx_dropped>
		<rx_missed>
			<start>86091</start>
			<end>86091</end>
		</rx_missed>
		<rx_mcast>
			<start>4786</start>
			<end>4790</end>
		</rx_mcast>
		<tx_bytes>
			<start>12072431748586</start>
			<end>12074040233366</end>
		</tx_bytes>
		<tx_packets>
			<start>9196008364</start>
			<end>9209192668</end>
		</tx_packets>
		<tx_errors>
			<start>0</start>
			<end>0</end>
		</tx_errors>
		<tx_dropped>
			<start>0</start>
			<end>0</end>
		</tx_dropped>
		<tx_carrier>
			<start>0</start>
			<end>0</end>
		</tx_carrier>
		<tx_collisions>
			<start>0</start>
			<end>0</end>
		</tx_collisions>
	</ip_statistic>
</test_results>
