<?xml version="1.0"?>
<test_results>
	<status>STATUS_SUCCESS</status>
	<custom>
		<num_loss>427</num_loss>
		<num_total>5000001</num_total>
		<num_misses>0</num_misses>
		<elapsed_time>1899.981248</elapsed_time>
		<query>
			<report>
				<misses>100000</misses>
				<total>6</total>
				<timestamp>37.999838</timestamp>
			</report>
			<report>
				<misses>200000</misses>
				<total>11</total>
				<timestamp>75.999408</timestamp>
			</report>
			<report>
				<misses>300000</misses>
				<total>12</total>
				<timestamp>113.999033</timestamp>
			</report>
			<report>
				<misses>400000</misses>
				<total>18</total>
				<timestamp>151.998656</timestamp>
			</report>
			<report>
				<misses>500000</misses>
				<total>25</total>
				<timestamp>189.998264</timestamp>
			</report>
			<report>
				<misses>600000</misses>
				<total>27</total>
				<timestamp>227.997878</timestamp>
			</report>
			<report>
				<misses>700000</misses>
				<total>37</total>
				<timestamp>265.997497</timestamp>
			</report>
			<report>
				<misses>800000</misses>
				<total>37</total>
				<timestamp>303.997113</timestamp>
			</report>
			<report>
				<misses>900000</misses>
				<total>45</total>
				<timestamp>341.996751</timestamp>
			</report>
			<report>
				<misses>1000000</misses>
				<total>54</total>
				<timestamp>379.996364</timestamp>
			</report>
			<report>
				<misses>1100000</misses>
				<total>61</total>
				<timestamp>417.996023</timestamp>
			</report>
			<report>
				<misses>1200000</misses>
				<total>65</total>
				<timestamp>455.995663</timestamp>
			</report>
			<report>
				<misses>1300000</misses>
				<total>73</total>
				<timestamp>493.995220</timestamp>
			</report>
			<report>
				<misses>1400000</misses>
				<total>85</total>
				<timestamp>531.994848</timestamp>
			</report>
			<report>
				<misses>1500000</misses>
				<total>103</total>
				<timestamp>569.994469</timestamp>
			</report>
			<report>
				<misses>1600000</misses>
				<total>122</total>
				<timestamp>607.994065</timestamp>
			</report>
			<report>
				<misses>1700000</misses>
				<total>131</total>
				<timestamp>645.993727</timestamp>
			</report>
			<report>
				<misses>1800000</misses>
				<total>141</total>
				<timestamp>683.993341</timestamp>
			</report>
			<report>
				<misses>1900000</misses>
				<total>150</total>
				<timestamp>721.992953</timestamp>
			</report>
			<report>
				<misses>2000000</misses>
				<total>159</total>
				<timestamp>759.992678</timestamp>
			</report>
			<report>
				<misses>2100000</misses>
				<total>184</total>
				<timestamp>797.992194</timestamp>
			</report>
			<report>
				<misses>2200000</misses>
				<total>195</total>
				<timestamp>835.991818</timestamp>
			</report>
			<report>
				<misses>2300000</misses>
				<total>204</total>
				<timestamp>873.991410</timestamp>
			</report>
			<report>
				<misses>2400000</misses>
				<total>218</total>
				<timestamp>911.991120</timestamp>
			</report>
			<report>
				<misses>2500000</misses>
				<total>225</total>
				<timestamp>949.990662</timestamp>
			</report>
			<report>
				<misses>2600000</misses>
				<total>230</total>
				<timestamp>987.990289</timestamp>
			</report>
			<report>
				<misses>2700000</misses>
				<total>236</total>
				<timestamp>1025.989936</timestamp>
			</report>
			<report>
				<misses>2800000</misses>
				<total>240</total>
				<timestamp>1063.989517</timestamp>
			</report>
			<report>
				<misses>2900000</misses>
				<total>244</total>
				<timestamp>1101.989159</timestamp>
			</report>
			<report>
				<misses>3000000</misses>
				<total>250</total>
				<timestamp>1139.988784</timestamp>
			</report>
			<report>
				<misses>3100000</misses>
				<total>261</total>
				<timestamp>1177.988428</timestamp>
			</report>
			<report>
				<misses>3200000</misses>
				<total>268</total>
				<timestamp>1215.988016</timestamp>
			</report>
			<report>
				<misses>3300000</misses>
				<total>273</total>
				<timestamp>1253.987613</timestamp>
			</report>
			<report>
				<misses>3400000</misses>
				<total>284</total>
				<timestamp>1291.987240</timestamp>
			</report>
			<report>
				<misses>3500000</misses>
				<total>291</total>
				<timestamp>1329.986872</timestamp>
			</report>
			<report>
				<misses>3600000</misses>
				<total>303</total>
				<timestamp>1367.986498</timestamp>
			</report>
			<report>
				<misses>3700000</misses>
				<total>305</total>
				<timestamp>1405.986106</timestamp>
			</report>
			<report>
				<misses>3800000</misses>
				<total>316</total>
				<timestamp>1443.985726</timestamp>
			</report>
			<report>
				<misses>3900000</misses>
				<total>318</total>
				<timestamp>1481.985348</timestamp>
			</report>
			<report>
				<misses>4000000</misses>
				<total>337</total>
				<timestamp>1519.985025</timestamp>
			</report>
			<report>
				<misses>4100000</misses>
				<total>346</total>
				<timestamp>1557.984611</timestamp>
			</report>
			<report>
				<misses>4200000</misses>
				<total>360</total>
				<timestamp>1595.984236</timestamp>
			</report>
			<report>
				<misses>4300000</misses>
				<total>363</total>
				<timestamp>1633.983838</timestamp>
			</report>
			<report>
				<misses>4400000</misses>
				<total>369</total>
				<timestamp>1671.983435</timestamp>
			</report>
			<report>
				<misses>4500000</misses>
				<total>374</total>
				<timestamp>1709.983077</timestamp>
			</report>
			<report>
				<misses>4600000</misses>
				<total>385</total>
				<timestamp>1747.982726</timestamp>
			</report>
			<report>
				<misses>4700000</misses>
				<total>389</total>
				<timestamp>1785.982366</timestamp>
			</report>
			<report>
				<misses>4800000</misses>
				<total>395</total>
				<timestamp>1823.981933</timestamp>
			</report>
			<report>
				<misses>4900000</misses>
				<total>400</total>
				<timestamp>1861.981546</timestamp>
			</report>
			<report>
				<misses>5000000</misses>
				<total>428</total>
				<timestamp>1899.981219</timestamp>
			</report>
		</query>
	</custom>
	<ethtool_statistic>
		<rx_packets>
			<start>5257595503</start>
			<end>5346289567</end>
		</rx_packets>
		<tx_packets>
			<start>6770177988</start>
			<end>6863399456</end>
		</tx_packets>
		<rx_dropped>
			<start>250</start>
			<end>250</end>
		</rx_dropped>
		<tx_dropped>
			<start>0</start>
			<end>0</end>
		</tx_dropped>
		<collisions>
			<start>0</start>
			<end>0</end>
		</collisions>
		<port_tx_errors>
			<start>0</start>
			<end>0</end>
		</port_tx_errors>
		<port_rx_dropped>
			<start>0</start>
			<end>0</end>
		</port_rx_dropped>
		<port_tx_dropped_link_down>
			<start>0</start>
			<end>0</end>
		</port_tx_dropped_link_down>
	</ethtool_statistic>
	<ip_statistic>
		<mtu>
			<start>9000</start>
			<end>9000</end>
		</mtu>
		<rx_bytes>
			<start>47264250383379</start>
			<end>48061601075451</end>
		</rx_bytes>
		<rx_packets>
			<start>5257595617</start>
			<end>5346289714</end>
		</rx_packets>
		<rx_errors>
			<start>0</start>
			<end>0</end>
		</rx_errors>
		<rx_dropped>
			<start>250</start>
			<end>250</end>
		</rx_dropped>
		<rx_missed>
			<start>0</start>
			<end>0</end>
		</rx_missed>
		<rx_mcast>
			<start>1531</start>
			<end>1562</end>
		</rx_mcast>
		<tx_bytes>
			<start>47265693759382</start>
			<end>48070547771990</end>
		</tx_bytes>
		<tx_packets>
			<start>6770178049</start>
			<end>6863399496</end>
		</tx_packets>
		<tx_errors>
			<start>0</start>
			<end>0</end>
		</tx_errors>
		<tx_dropped>
			<start>0</start>
			<end>0</end>
		</tx_dropped>
		<tx_carrier>
			<start>0</start>
			<end>0</end>
		</tx_carrier>
		<tx_collisions>
			<start>0</start>
			<end>0</end>
		</tx_collisions>
	</ip_statistic>
	<netstat_statistic>
		<udp_pkg_rec>
			<start>4977784319</start>
			<end>5062751233</end>
		</udp_pkg_rec>
		<udp_pkg_snt>
			<start>4966413843</start>
			<end>5024650105</end>
		</udp_pkg_snt>
		<udp_rec_err>
			<start>280366199</start>
			<end>284102973</end>
		</udp_rec_err>
		<udp_rec_buf_err>
			<start>280366199</start>
			<end>284102973</end>
		</udp_rec_buf_err>
		<udp_snt_buf_err>
			<start>0</start>
			<end>0</end>
		</udp_snt_buf_err>
	</netstat_statistic>
</test_results>
