<?xml version="1.0"?>
<test_results>
	<status>STATUS_SUCCESS</status>
	<custom>
		<num_loss>574192</num_loss>
		<num_total>5705695</num_total>
		<num_misses>114282600</num_misses>
		<elapsed_time>299.970597</elapsed_time>
		<query>
			<report>
				<misses>100001</misses>
				<total>97023</total>
				<timestamp>5.252154</timestamp>
			</report>
			<report>
				<misses>200001</misses>
				<total>197022</total>
				<timestamp>10.515660</timestamp>
			</report>
			<report>
				<misses>300001</misses>
				<total>297021</total>
				<timestamp>15.785027</timestamp>
			</report>
			<report>
				<misses>400001</misses>
				<total>397020</total>
				<timestamp>21.070066</timestamp>
			</report>
			<report>
				<misses>500001</misses>
				<total>497019</total>
				<timestamp>26.325084</timestamp>
			</report>
			<report>
				<misses>600001</misses>
				<total>574004</total>
				<timestamp>31.578800</timestamp>
			</report>
			<report>
				<misses>700001</misses>
				<total>574004</total>
				<timestamp>36.840299</timestamp>
			</report>
			<report>
				<misses>800001</misses>
				<total>574004</total>
				<timestamp>42.093958</timestamp>
			</report>
			<report>
				<misses>900001</misses>
				<total>574004</total>
				<timestamp>47.355855</timestamp>
			</report>
			<report>
				<misses>1000001</misses>
				<total>574004</total>
				<timestamp>52.608599</timestamp>
			</report>
			<report>
				<misses>1100001</misses>
				<total>574004</total>
				<timestamp>57.872377</timestamp>
			</report>
			<report>
				<misses>1200001</misses>
				<total>574053</total>
				<timestamp>63.134842</timestamp>
			</report>
			<report>
				<misses>1300001</misses>
				<total>574053</total>
				<timestamp>68.390729</timestamp>
			</report>
			<report>
				<misses>1400001</misses>
				<total>574053</total>
				<timestamp>73.643364</timestamp>
			</report>
			<report>
				<misses>1500001</misses>
				<total>574053</total>
				<timestamp>78.895174</timestamp>
			</report>
			<report>
				<misses>1600001</misses>
				<total>574053</total>
				<timestamp>84.147712</timestamp>
			</report>
			<report>
				<misses>1700001</misses>
				<total>574053</total>
				<timestamp>89.410348</timestamp>
			</report>
			<report>
				<misses>1800001</misses>
				<total>574053</total>
				<timestamp>94.662777</timestamp>
			</report>
			<report>
				<misses>1900001</misses>
				<total>574053</total>
				<timestamp>99.921395</timestamp>
			</report>
			<report>
				<misses>2000001</misses>
				<total>574053</total>
				<timestamp>105.177438</timestamp>
			</report>
			<report>
				<misses>2100001</misses>
				<total>574053</total>
				<timestamp>110.465006</timestamp>
			</report>
			<report>
				<misses>2200001</misses>
				<total>574053</total>
				<timestamp>115.738239</timestamp>
			</report>
			<report>
				<misses>2300001</misses>
				<total>574099</total>
				<timestamp>121.020082</timestamp>
			</report>
			<report>
				<misses>2400001</misses>
				<total>574099</total>
				<timestamp>126.276643</timestamp>
			</report>
			<report>
				<misses>2500001</misses>
				<total>574099</total>
				<timestamp>131.532232</timestamp>
			</report>
			<report>
				<misses>2600001</misses>
				<total>574099</total>
				<timestamp>136.793880</timestamp>
			</report>
			<report>
				<misses>2700001</misses>
				<total>574099</total>
				<timestamp>142.051107</timestamp>
			</report>
			<report>
				<misses>2800001</misses>
				<total>574099</total>
				<timestamp>147.308596</timestamp>
			</report>
			<report>
				<misses>2900001</misses>
				<total>574099</total>
				<timestamp>152.571453</timestamp>
			</report>
			<report>
				<misses>3000001</misses>
				<total>574099</total>
				<timestamp>157.825065</timestamp>
			</report>
			<report>
				<misses>3100001</misses>
				<total>574099</total>
				<timestamp>163.096581</timestamp>
			</report>
			<report>
				<misses>3200001</misses>
				<total>574099</total>
				<timestamp>168.352571</timestamp>
			</report>
			<report>
				<misses>3300001</misses>
				<total>574099</total>
				<timestamp>173.625452</timestamp>
			</report>
			<report>
				<misses>3400001</misses>
				<total>574099</total>
				<timestamp>178.882199</timestamp>
			</report>
			<report>
				<misses>3500001</misses>
				<total>574145</total>
				<timestamp>184.133420</timestamp>
			</report>
			<report>
				<misses>3600001</misses>
				<total>574145</total>
				<timestamp>189.384594</timestamp>
			</report>
			<report>
				<misses>3700001</misses>
				<total>574145</total>
				<timestamp>194.641690</timestamp>
			</report>
			<report>
				<misses>3800001</misses>
				<total>574145</total>
				<timestamp>199.895157</timestamp>
			</report>
			<report>
				<misses>3900001</misses>
				<total>574145</total>
				<timestamp>205.150379</timestamp>
			</report>
			<report>
				<misses>4000001</misses>
				<total>574145</total>
				<timestamp>210.400321</timestamp>
			</report>
			<report>
				<misses>4100001</misses>
				<total>574145</total>
				<timestamp>215.654763</timestamp>
			</report>
			<report>
				<misses>4200001</misses>
				<total>574145</total>
				<timestamp>220.909435</timestamp>
			</report>
			<report>
				<misses>4300001</misses>
				<total>574145</total>
				<timestamp>226.160437</timestamp>
			</report>
			<report>
				<misses>4400001</misses>
				<total>574145</total>
				<timestamp>231.412348</timestamp>
			</report>
			<report>
				<misses>4500001</misses>
				<total>574145</total>
				<timestamp>236.661498</timestamp>
			</report>
			<report>
				<misses>4600001</misses>
				<total>574192</total>
				<timestamp>241.911811</timestamp>
			</report>
			<report>
				<misses>4700001</misses>
				<total>574192</total>
				<timestamp>247.161371</timestamp>
			</report>
			<report>
				<misses>4800001</misses>
				<total>574192</total>
				<timestamp>252.410023</timestamp>
			</report>
			<report>
				<misses>4900001</misses>
				<total>574192</total>
				<timestamp>257.661997</timestamp>
			</report>
			<report>
				<misses>5000001</misses>
				<total>574192</total>
				<timestamp>262.911100</timestamp>
			</report>
			<report>
				<misses>5100001</misses>
				<total>574192</total>
				<timestamp>268.166612</timestamp>
			</report>
			<report>
				<misses>5200001</misses>
				<total>574192</total>
				<timestamp>273.415733</timestamp>
			</report>
			<report>
				<misses>5300001</misses>
				<total>574192</total>
				<timestamp>278.670050</timestamp>
			</report>
			<report>
				<misses>5400001</misses>
				<total>574192</total>
				<timestamp>283.918682</timestamp>
			</report>
			<report>
				<misses>5500001</misses>
				<total>574192</total>
				<timestamp>289.171558</timestamp>
			</report>
			<report>
				<misses>5600001</misses>
				<total>574192</total>
				<timestamp>294.423061</timestamp>
			</report>
			<report>
				<misses>5700001</misses>
				<total>574192</total>
				<timestamp>299.672000</timestamp>
			</report>
		</query>
	</custom>
	<ethtool_statistic>
		<rx_packets>
			<start>348016697</start>
			<end>393830982</end>
		</rx_packets>
		<tx_packets>
			<start>394010333</start>
			<end>439655685</end>
		</tx_packets>
		<rx_dropped>
			<start>0</start>
			<end>0</end>
		</rx_dropped>
		<tx_dropped>
			<start>0</start>
			<end>0</end>
		</tx_dropped>
		<collisions>
			<start>0</start>
			<end>0</end>
		</collisions>
		<port_tx_errors>
			<start>0</start>
			<end>0</end>
		</port_tx_errors>
		<port_rx_dropped>
			<start>0</start>
			<end>0</end>
		</port_rx_dropped>
		<port_tx_dropped_link_down>
			<start>0</start>
			<end>0</end>
		</port_tx_dropped_link_down>
	</ethtool_statistic>
	<ip_statistic>
		<mtu>
			<start>9000</start>
			<end>9000</end>
		</mtu>
		<rx_bytes>
			<start>1987968412807</start>
			<end>2361811067682</end>
		</rx_bytes>
		<rx_packets>
			<start>348016697</start>
			<end>393830982</end>
		</rx_packets>
		<rx_errors>
			<start>0</start>
			<end>0</end>
		</rx_errors>
		<rx_dropped>
			<start>0</start>
			<end>0</end>
		</rx_dropped>
		<rx_missed>
			<start>0</start>
			<end>0</end>
		</rx_missed>
		<rx_mcast>
			<start>6</start>
			<end>6</end>
		</rx_mcast>
		<tx_bytes>
			<start>2072937782756</start>
			<end>2445401871909</end>
		</tx_bytes>
		<tx_packets>
			<start>394010333</start>
			<end>439655685</end>
		</tx_packets>
		<tx_errors>
			<start>0</start>
			<end>0</end>
		</tx_errors>
		<tx_dropped>
			<start>0</start>
			<end>0</end>
		</tx_dropped>
		<tx_carrier>
			<start>0</start>
			<end>0</end>
		</tx_carrier>
		<tx_collisions>
			<start>0</start>
			<end>0</end>
		</tx_collisions>
	</ip_statistic>
	<netstat_statistic>
		<udp_pkg_rec>
			<start>2234716242</start>
			<end>2274947536</end>
		</udp_pkg_rec>
		<udp_pkg_snt>
			<start>2272130855</start>
			<end>2317804484</end>
		</udp_pkg_snt>
		<udp_rec_err>
			<start>0</start>
			<end>0</end>
		</udp_rec_err>
		<udp_rec_buf_err>
			<start>0</start>
			<end>0</end>
		</udp_rec_buf_err>
		<udp_snt_buf_err>
			<start>0</start>
			<end>0</end>
		</udp_snt_buf_err>
	</netstat_statistic>
</test_results>
