<?xml version="1.0"?>
<test_results>
	<status>STATUS_SUCCESS</status>
	<custom>
		<num_loss>9</num_loss>
		<num_total>115098179</num_total>
		<num_misses>-1530078552</num_misses>
		<elapsed_time>7199.964435</elapsed_time>
		<query>
			<report>
				<misses>100001</misses>
				<total>0</total>
				<timestamp>6.301943</timestamp>
			</report>
			<report>
				<misses>200001</misses>
				<total>0</total>
				<timestamp>12.529334</timestamp>
			</report>
			<report>
				<misses>300001</misses>
				<total>0</total>
				<timestamp>18.857266</timestamp>
			</report>
			<report>
				<misses>400001</misses>
				<total>1</total>
				<timestamp>25.174119</timestamp>
			</report>
			<report>
				<misses>500001</misses>
				<total>0</total>
				<timestamp>31.354823</timestamp>
			</report>
			<report>
				<misses>600001</misses>
				<total>1</total>
				<timestamp>37.547736</timestamp>
			</report>
			<report>
				<misses>700001</misses>
				<total>1</total>
				<timestamp>43.796074</timestamp>
			</report>
			<report>
				<misses>800001</misses>
				<total>1</total>
				<timestamp>49.724398</timestamp>
			</report>
			<report>
				<misses>900001</misses>
				<total>0</total>
				<timestamp>55.635892</timestamp>
			</report>
			<report>
				<misses>1000001</misses>
				<total>1</total>
				<timestamp>61.538771</timestamp>
			</report>
			<report>
				<misses>1100001</misses>
				<total>0</total>
				<timestamp>67.472942</timestamp>
			</report>
			<report>
				<misses>1200001</misses>
				<total>1</total>
				<timestamp>73.375516</timestamp>
			</report>
			<report>
				<misses>1300001</misses>
				<total>1</total>
				<timestamp>79.280228</timestamp>
			</report>
			<report>
				<misses>1400001</misses>
				<total>1</total>
				<timestamp>85.234743</timestamp>
			</report>
			<report>
				<misses>1500001</misses>
				<total>1</total>
				<timestamp>91.154380</timestamp>
			</report>
			<report>
				<misses>1600001</misses>
				<total>0</total>
				<timestamp>97.310648</timestamp>
			</report>
			<report>
				<misses>1700001</misses>
				<total>0</total>
				<timestamp>103.641900</timestamp>
			</report>
			<report>
				<misses>1800001</misses>
				<total>0</total>
				<timestamp>109.961781</timestamp>
			</report>
			<report>
				<misses>1900001</misses>
				<total>1</total>
				<timestamp>116.277563</timestamp>
			</report>
			<report>
				<misses>2000001</misses>
				<total>1</total>
				<timestamp>122.608663</timestamp>
			</report>
			<report>
				<misses>2100001</misses>
				<total>0</total>
				<timestamp>128.943956</timestamp>
			</report>
			<report>
				<misses>2200001</misses>
				<total>0</total>
				<timestamp>135.285606</timestamp>
			</report>
			<report>
				<misses>2300001</misses>
				<total>0</total>
				<timestamp>141.631883</timestamp>
			</report>
			<report>
				<misses>2400001</misses>
				<total>1</total>
				<timestamp>147.974139</timestamp>
			</report>
			<report>
				<misses>2500001</misses>
				<total>2</total>
				<timestamp>154.296181</timestamp>
			</report>
			<report>
				<misses>2600001</misses>
				<total>1</total>
				<timestamp>160.614470</timestamp>
			</report>
			<report>
				<misses>2700001</misses>
				<total>0</total>
				<timestamp>166.931292</timestamp>
			</report>
			<report>
				<misses>2800001</misses>
				<total>0</total>
				<timestamp>173.253379</timestamp>
			</report>
			<report>
				<misses>2900001</misses>
				<total>0</total>
				<timestamp>179.578385</timestamp>
			</report>
			<report>
				<misses>3000001</misses>
				<total>0</total>
				<timestamp>185.555500</timestamp>
			</report>
			<report>
				<misses>3100001</misses>
				<total>0</total>
				<timestamp>191.467422</timestamp>
			</report>
			<report>
				<misses>3200001</misses>
				<total>0</total>
				<timestamp>197.799287</timestamp>
			</report>
			<report>
				<misses>3300001</misses>
				<total>0</total>
				<timestamp>204.133862</timestamp>
			</report>
			<report>
				<misses>3400001</misses>
				<total>0</total>
				<timestamp>210.462898</timestamp>
			</report>
			<report>
				<misses>3500001</misses>
				<total>0</total>
				<timestamp>216.775117</timestamp>
			</report>
			<report>
				<misses>3600001</misses>
				<total>0</total>
				<timestamp>222.655693</timestamp>
			</report>
			<report>
				<misses>3700001</misses>
				<total>0</total>
				<timestamp>228.758065</timestamp>
			</report>
			<report>
				<misses>3800001</misses>
				<total>0</total>
				<timestamp>235.089084</timestamp>
			</report>
			<report>
				<misses>3900001</misses>
				<total>0</total>
				<timestamp>241.430488</timestamp>
			</report>
			<report>
				<misses>4000001</misses>
				<total>1</total>
				<timestamp>247.760246</timestamp>
			</report>
			<report>
				<misses>4100001</misses>
				<total>1</total>
				<timestamp>254.116771</timestamp>
			</report>
			<report>
				<misses>4200001</misses>
				<total>1</total>
				<timestamp>260.468604</timestamp>
			</report>
			<report>
				<misses>4300001</misses>
				<total>2</total>
				<timestamp>266.808368</timestamp>
			</report>
			<report>
				<misses>4400001</misses>
				<total>1</total>
				<timestamp>273.128837</timestamp>
			</report>
			<report>
				<misses>4500001</misses>
				<total>1</total>
				<timestamp>279.443660</timestamp>
			</report>
			<report>
				<misses>4600001</misses>
				<total>2</total>
				<timestamp>285.755347</timestamp>
			</report>
			<report>
				<misses>4700001</misses>
				<total>2</total>
				<timestamp>292.096204</timestamp>
			</report>
			<report>
				<misses>4800001</misses>
				<total>1</total>
				<timestamp>298.384231</timestamp>
			</report>
			<report>
				<misses>4900001</misses>
				<total>1</total>
				<timestamp>304.704924</timestamp>
			</report>
			<report>
				<misses>5000001</misses>
				<total>1</total>
				<timestamp>311.028751</timestamp>
			</report>
			<report>
				<misses>5100001</misses>
				<total>1</total>
				<timestamp>317.352982</timestamp>
			</report>
			<report>
				<misses>5200001</misses>
				<total>1</total>
				<timestamp>323.688744</timestamp>
			</report>
			<report>
				<misses>5300001</misses>
				<total>1</total>
				<timestamp>330.024949</timestamp>
			</report>
			<report>
				<misses>5400001</misses>
				<total>2</total>
				<timestamp>336.353695</timestamp>
			</report>
			<report>
				<misses>5500001</misses>
				<total>2</total>
				<timestamp>342.676470</timestamp>
			</report>
			<report>
				<misses>5600001</misses>
				<total>2</total>
				<timestamp>348.997754</timestamp>
			</report>
			<report>
				<misses>5700001</misses>
				<total>1</total>
				<timestamp>355.278504</timestamp>
			</report>
			<report>
				<misses>5800001</misses>
				<total>2</total>
				<timestamp>361.548795</timestamp>
			</report>
			<report>
				<misses>5900001</misses>
				<total>1</total>
				<timestamp>367.896407</timestamp>
			</report>
			<report>
				<misses>6000001</misses>
				<total>1</total>
				<timestamp>374.240386</timestamp>
			</report>
			<report>
				<misses>6100001</misses>
				<total>1</total>
				<timestamp>380.554467</timestamp>
			</report>
			<report>
				<misses>6200001</misses>
				<total>1</total>
				<timestamp>386.874791</timestamp>
			</report>
			<report>
				<misses>6300001</misses>
				<total>1</total>
				<timestamp>393.197556</timestamp>
			</report>
			<report>
				<misses>6400001</misses>
				<total>1</total>
				<timestamp>399.521131</timestamp>
			</report>
			<report>
				<misses>6500001</misses>
				<total>1</total>
				<timestamp>405.853309</timestamp>
			</report>
			<report>
				<misses>6600001</misses>
				<total>1</total>
				<timestamp>412.175583</timestamp>
			</report>
			<report>
				<misses>6700001</misses>
				<total>2</total>
				<timestamp>418.508323</timestamp>
			</report>
			<report>
				<misses>6800001</misses>
				<total>2</total>
				<timestamp>424.833678</timestamp>
			</report>
			<report>
				<misses>6900001</misses>
				<total>3</total>
				<timestamp>430.875794</timestamp>
			</report>
			<report>
				<misses>7000001</misses>
				<total>3</total>
				<timestamp>436.885846</timestamp>
			</report>
			<report>
				<misses>7100001</misses>
				<total>3</total>
				<timestamp>442.627656</timestamp>
			</report>
			<report>
				<misses>7200001</misses>
				<total>3</total>
				<timestamp>448.374993</timestamp>
			</report>
			<report>
				<misses>7300001</misses>
				<total>3</total>
				<timestamp>454.109765</timestamp>
			</report>
			<report>
				<misses>7400001</misses>
				<total>2</total>
				<timestamp>460.283706</timestamp>
			</report>
			<report>
				<misses>7500001</misses>
				<total>2</total>
				<timestamp>466.603860</timestamp>
			</report>
			<report>
				<misses>7600001</misses>
				<total>4</total>
				<timestamp>472.924704</timestamp>
			</report>
			<report>
				<misses>7700001</misses>
				<total>2</total>
				<timestamp>479.248857</timestamp>
			</report>
			<report>
				<misses>7800001</misses>
				<total>3</total>
				<timestamp>485.572048</timestamp>
			</report>
			<report>
				<misses>7900001</misses>
				<total>3</total>
				<timestamp>491.745615</timestamp>
			</report>
			<report>
				<misses>8000001</misses>
				<total>2</total>
				<timestamp>497.825814</timestamp>
			</report>
			<report>
				<misses>8100001</misses>
				<total>2</total>
				<timestamp>503.887252</timestamp>
			</report>
			<report>
				<misses>8200001</misses>
				<total>2</total>
				<timestamp>510.201722</timestamp>
			</report>
			<report>
				<misses>8300001</misses>
				<total>2</total>
				<timestamp>516.528946</timestamp>
			</report>
			<report>
				<misses>8400001</misses>
				<total>2</total>
				<timestamp>522.850829</timestamp>
			</report>
			<report>
				<misses>8500001</misses>
				<total>3</total>
				<timestamp>529.171383</timestamp>
			</report>
			<report>
				<misses>8600001</misses>
				<total>3</total>
				<timestamp>535.455287</timestamp>
			</report>
			<report>
				<misses>8700001</misses>
				<total>2</total>
				<timestamp>541.708372</timestamp>
			</report>
			<report>
				<misses>8800001</misses>
				<total>2</total>
				<timestamp>548.033940</timestamp>
			</report>
			<report>
				<misses>8900001</misses>
				<total>2</total>
				<timestamp>554.358190</timestamp>
			</report>
			<report>
				<misses>9000001</misses>
				<total>3</total>
				<timestamp>560.674189</timestamp>
			</report>
			<report>
				<misses>9100001</misses>
				<total>3</total>
				<timestamp>566.996421</timestamp>
			</report>
			<report>
				<misses>9200001</misses>
				<total>2</total>
				<timestamp>573.270642</timestamp>
			</report>
			<report>
				<misses>9300001</misses>
				<total>3</total>
				<timestamp>579.501894</timestamp>
			</report>
			<report>
				<misses>9400001</misses>
				<total>3</total>
				<timestamp>585.819104</timestamp>
			</report>
			<report>
				<misses>9500001</misses>
				<total>3</total>
				<timestamp>592.138741</timestamp>
			</report>
			<report>
				<misses>9600001</misses>
				<total>2</total>
				<timestamp>598.459340</timestamp>
			</report>
			<report>
				<misses>9700001</misses>
				<total>3</total>
				<timestamp>604.773400</timestamp>
			</report>
			<report>
				<misses>9800001</misses>
				<total>2</total>
				<timestamp>611.106351</timestamp>
			</report>
			<report>
				<misses>9900001</misses>
				<total>3</total>
				<timestamp>617.440084</timestamp>
			</report>
			<report>
				<misses>10000001</misses>
				<total>3</total>
				<timestamp>623.780461</timestamp>
			</report>
			<report>
				<misses>10100001</misses>
				<total>2</total>
				<timestamp>630.130868</timestamp>
			</report>
			<report>
				<misses>10200001</misses>
				<total>2</total>
				<timestamp>636.473023</timestamp>
			</report>
			<report>
				<misses>10300001</misses>
				<total>2</total>
				<timestamp>642.792526</timestamp>
			</report>
			<report>
				<misses>10400001</misses>
				<total>2</total>
				<timestamp>649.100823</timestamp>
			</report>
			<report>
				<misses>10500001</misses>
				<total>2</total>
				<timestamp>655.428149</timestamp>
			</report>
			<report>
				<misses>10600001</misses>
				<total>3</total>
				<timestamp>661.749851</timestamp>
			</report>
			<report>
				<misses>10700001</misses>
				<total>3</total>
				<timestamp>668.056927</timestamp>
			</report>
			<report>
				<misses>10800001</misses>
				<total>2</total>
				<timestamp>674.377897</timestamp>
			</report>
			<report>
				<misses>10900001</misses>
				<total>3</total>
				<timestamp>680.697310</timestamp>
			</report>
			<report>
				<misses>11000001</misses>
				<total>2</total>
				<timestamp>687.002671</timestamp>
			</report>
			<report>
				<misses>11100001</misses>
				<total>2</total>
				<timestamp>693.325260</timestamp>
			</report>
			<report>
				<misses>11200001</misses>
				<total>3</total>
				<timestamp>699.635604</timestamp>
			</report>
			<report>
				<misses>11300001</misses>
				<total>2</total>
				<timestamp>705.955345</timestamp>
			</report>
			<report>
				<misses>11400001</misses>
				<total>3</total>
				<timestamp>712.288952</timestamp>
			</report>
			<report>
				<misses>11500001</misses>
				<total>2</total>
				<timestamp>718.643013</timestamp>
			</report>
			<report>
				<misses>11600001</misses>
				<total>2</total>
				<timestamp>724.983662</timestamp>
			</report>
			<report>
				<misses>11700001</misses>
				<total>2</total>
				<timestamp>731.303852</timestamp>
			</report>
			<report>
				<misses>11800001</misses>
				<total>3</total>
				<timestamp>737.610572</timestamp>
			</report>
			<report>
				<misses>11900001</misses>
				<total>2</total>
				<timestamp>743.939219</timestamp>
			</report>
			<report>
				<misses>12000001</misses>
				<total>3</total>
				<timestamp>750.266139</timestamp>
			</report>
			<report>
				<misses>12100001</misses>
				<total>2</total>
				<timestamp>756.589008</timestamp>
			</report>
			<report>
				<misses>12200001</misses>
				<total>2</total>
				<timestamp>762.927383</timestamp>
			</report>
			<report>
				<misses>12300001</misses>
				<total>3</total>
				<timestamp>769.153634</timestamp>
			</report>
			<report>
				<misses>12400001</misses>
				<total>2</total>
				<timestamp>775.391568</timestamp>
			</report>
			<report>
				<misses>12500001</misses>
				<total>2</total>
				<timestamp>781.708664</timestamp>
			</report>
			<report>
				<misses>12600001</misses>
				<total>2</total>
				<timestamp>788.051307</timestamp>
			</report>
			<report>
				<misses>12700001</misses>
				<total>3</total>
				<timestamp>794.385167</timestamp>
			</report>
			<report>
				<misses>12800001</misses>
				<total>2</total>
				<timestamp>800.702769</timestamp>
			</report>
			<report>
				<misses>12900001</misses>
				<total>2</total>
				<timestamp>807.018803</timestamp>
			</report>
			<report>
				<misses>13000001</misses>
				<total>3</total>
				<timestamp>813.332639</timestamp>
			</report>
			<report>
				<misses>13100001</misses>
				<total>3</total>
				<timestamp>819.658289</timestamp>
			</report>
			<report>
				<misses>13200001</misses>
				<total>3</total>
				<timestamp>825.984269</timestamp>
			</report>
			<report>
				<misses>13300001</misses>
				<total>2</total>
				<timestamp>832.293634</timestamp>
			</report>
			<report>
				<misses>13400001</misses>
				<total>2</total>
				<timestamp>838.542880</timestamp>
			</report>
			<report>
				<misses>13500001</misses>
				<total>2</total>
				<timestamp>844.804213</timestamp>
			</report>
			<report>
				<misses>13600001</misses>
				<total>2</total>
				<timestamp>851.124969</timestamp>
			</report>
			<report>
				<misses>13700001</misses>
				<total>2</total>
				<timestamp>857.443462</timestamp>
			</report>
			<report>
				<misses>13800001</misses>
				<total>2</total>
				<timestamp>863.749044</timestamp>
			</report>
			<report>
				<misses>13900001</misses>
				<total>2</total>
				<timestamp>870.068585</timestamp>
			</report>
			<report>
				<misses>14000001</misses>
				<total>2</total>
				<timestamp>876.386033</timestamp>
			</report>
			<report>
				<misses>14100001</misses>
				<total>2</total>
				<timestamp>882.675011</timestamp>
			</report>
			<report>
				<misses>14200001</misses>
				<total>2</total>
				<timestamp>888.925779</timestamp>
			</report>
			<report>
				<misses>14300001</misses>
				<total>3</total>
				<timestamp>895.182361</timestamp>
			</report>
			<report>
				<misses>14400001</misses>
				<total>2</total>
				<timestamp>901.414503</timestamp>
			</report>
			<report>
				<misses>14500001</misses>
				<total>3</total>
				<timestamp>907.675569</timestamp>
			</report>
			<report>
				<misses>14600001</misses>
				<total>3</total>
				<timestamp>913.939539</timestamp>
			</report>
			<report>
				<misses>14700001</misses>
				<total>3</total>
				<timestamp>920.257289</timestamp>
			</report>
			<report>
				<misses>14800001</misses>
				<total>2</total>
				<timestamp>926.587957</timestamp>
			</report>
			<report>
				<misses>14900001</misses>
				<total>2</total>
				<timestamp>932.927769</timestamp>
			</report>
			<report>
				<misses>15000001</misses>
				<total>2</total>
				<timestamp>939.253901</timestamp>
			</report>
			<report>
				<misses>15100001</misses>
				<total>2</total>
				<timestamp>945.577588</timestamp>
			</report>
			<report>
				<misses>15200001</misses>
				<total>3</total>
				<timestamp>951.908119</timestamp>
			</report>
			<report>
				<misses>15300001</misses>
				<total>2</total>
				<timestamp>958.238255</timestamp>
			</report>
			<report>
				<misses>15400001</misses>
				<total>2</total>
				<timestamp>964.378811</timestamp>
			</report>
			<report>
				<misses>15500001</misses>
				<total>3</total>
				<timestamp>970.097947</timestamp>
			</report>
			<report>
				<misses>15600001</misses>
				<total>3</total>
				<timestamp>975.847490</timestamp>
			</report>
			<report>
				<misses>15700001</misses>
				<total>3</total>
				<timestamp>981.599514</timestamp>
			</report>
			<report>
				<misses>15800001</misses>
				<total>2</total>
				<timestamp>987.333463</timestamp>
			</report>
			<report>
				<misses>15900001</misses>
				<total>2</total>
				<timestamp>993.061710</timestamp>
			</report>
			<report>
				<misses>16000001</misses>
				<total>3</total>
				<timestamp>998.780292</timestamp>
			</report>
			<report>
				<misses>16100001</misses>
				<total>2</total>
				<timestamp>1004.532233</timestamp>
			</report>
			<report>
				<misses>16200001</misses>
				<total>2</total>
				<timestamp>1010.231551</timestamp>
			</report>
			<report>
				<misses>16300001</misses>
				<total>2</total>
				<timestamp>1016.002233</timestamp>
			</report>
			<report>
				<misses>16400001</misses>
				<total>2</total>
				<timestamp>1021.737274</timestamp>
			</report>
			<report>
				<misses>16500001</misses>
				<total>2</total>
				<timestamp>1027.462158</timestamp>
			</report>
			<report>
				<misses>16600001</misses>
				<total>3</total>
				<timestamp>1033.206482</timestamp>
			</report>
			<report>
				<misses>16700001</misses>
				<total>2</total>
				<timestamp>1038.982419</timestamp>
			</report>
			<report>
				<misses>16800001</misses>
				<total>3</total>
				<timestamp>1044.756498</timestamp>
			</report>
			<report>
				<misses>16900001</misses>
				<total>3</total>
				<timestamp>1050.478136</timestamp>
			</report>
			<report>
				<misses>17000001</misses>
				<total>3</total>
				<timestamp>1056.165006</timestamp>
			</report>
			<report>
				<misses>17100001</misses>
				<total>2</total>
				<timestamp>1062.185190</timestamp>
			</report>
			<report>
				<misses>17200001</misses>
				<total>2</total>
				<timestamp>1068.505901</timestamp>
			</report>
			<report>
				<misses>17300001</misses>
				<total>2</total>
				<timestamp>1074.830756</timestamp>
			</report>
			<report>
				<misses>17400001</misses>
				<total>2</total>
				<timestamp>1081.184607</timestamp>
			</report>
			<report>
				<misses>17500001</misses>
				<total>2</total>
				<timestamp>1087.514784</timestamp>
			</report>
			<report>
				<misses>17600001</misses>
				<total>2</total>
				<timestamp>1093.764964</timestamp>
			</report>
			<report>
				<misses>17700001</misses>
				<total>2</total>
				<timestamp>1100.067967</timestamp>
			</report>
			<report>
				<misses>17800001</misses>
				<total>3</total>
				<timestamp>1106.399179</timestamp>
			</report>
			<report>
				<misses>17900001</misses>
				<total>2</total>
				<timestamp>1112.724548</timestamp>
			</report>
			<report>
				<misses>18000001</misses>
				<total>2</total>
				<timestamp>1118.679569</timestamp>
			</report>
			<report>
				<misses>18100001</misses>
				<total>3</total>
				<timestamp>1124.581771</timestamp>
			</report>
			<report>
				<misses>18200001</misses>
				<total>3</total>
				<timestamp>1130.899460</timestamp>
			</report>
			<report>
				<misses>18300001</misses>
				<total>3</total>
				<timestamp>1137.220001</timestamp>
			</report>
			<report>
				<misses>18400001</misses>
				<total>3</total>
				<timestamp>1143.545368</timestamp>
			</report>
			<report>
				<misses>18500001</misses>
				<total>2</total>
				<timestamp>1149.861878</timestamp>
			</report>
			<report>
				<misses>18600001</misses>
				<total>3</total>
				<timestamp>1156.196792</timestamp>
			</report>
			<report>
				<misses>18700001</misses>
				<total>2</total>
				<timestamp>1162.548038</timestamp>
			</report>
			<report>
				<misses>18800001</misses>
				<total>2</total>
				<timestamp>1168.901474</timestamp>
			</report>
			<report>
				<misses>18900001</misses>
				<total>2</total>
				<timestamp>1175.237121</timestamp>
			</report>
			<report>
				<misses>19000001</misses>
				<total>2</total>
				<timestamp>1181.570573</timestamp>
			</report>
			<report>
				<misses>19100001</misses>
				<total>3</total>
				<timestamp>1187.898836</timestamp>
			</report>
			<report>
				<misses>19200001</misses>
				<total>2</total>
				<timestamp>1194.218650</timestamp>
			</report>
			<report>
				<misses>19300001</misses>
				<total>2</total>
				<timestamp>1200.528963</timestamp>
			</report>
			<report>
				<misses>19400001</misses>
				<total>2</total>
				<timestamp>1206.763323</timestamp>
			</report>
			<report>
				<misses>19500001</misses>
				<total>3</total>
				<timestamp>1213.086904</timestamp>
			</report>
			<report>
				<misses>19600001</misses>
				<total>2</total>
				<timestamp>1219.411505</timestamp>
			</report>
			<report>
				<misses>19700001</misses>
				<total>2</total>
				<timestamp>1225.758659</timestamp>
			</report>
			<report>
				<misses>19800001</misses>
				<total>3</total>
				<timestamp>1232.088626</timestamp>
			</report>
			<report>
				<misses>19900001</misses>
				<total>2</total>
				<timestamp>1238.412668</timestamp>
			</report>
			<report>
				<misses>20000001</misses>
				<total>3</total>
				<timestamp>1244.734245</timestamp>
			</report>
			<report>
				<misses>20100001</misses>
				<total>3</total>
				<timestamp>1251.062876</timestamp>
			</report>
			<report>
				<misses>20200001</misses>
				<total>3</total>
				<timestamp>1257.389154</timestamp>
			</report>
			<report>
				<misses>20300001</misses>
				<total>2</total>
				<timestamp>1263.719170</timestamp>
			</report>
			<report>
				<misses>20400001</misses>
				<total>3</total>
				<timestamp>1270.033164</timestamp>
			</report>
			<report>
				<misses>20500001</misses>
				<total>3</total>
				<timestamp>1276.358655</timestamp>
			</report>
			<report>
				<misses>20600001</misses>
				<total>3</total>
				<timestamp>1282.681639</timestamp>
			</report>
			<report>
				<misses>20700001</misses>
				<total>2</total>
				<timestamp>1289.011497</timestamp>
			</report>
			<report>
				<misses>20800001</misses>
				<total>2</total>
				<timestamp>1295.337454</timestamp>
			</report>
			<report>
				<misses>20900001</misses>
				<total>2</total>
				<timestamp>1301.658527</timestamp>
			</report>
			<report>
				<misses>21000001</misses>
				<total>3</total>
				<timestamp>1307.976294</timestamp>
			</report>
			<report>
				<misses>21100001</misses>
				<total>2</total>
				<timestamp>1314.296664</timestamp>
			</report>
			<report>
				<misses>21200001</misses>
				<total>2</total>
				<timestamp>1320.622834</timestamp>
			</report>
			<report>
				<misses>21300001</misses>
				<total>2</total>
				<timestamp>1326.946303</timestamp>
			</report>
			<report>
				<misses>21400001</misses>
				<total>2</total>
				<timestamp>1333.267458</timestamp>
			</report>
			<report>
				<misses>21500001</misses>
				<total>3</total>
				<timestamp>1339.588551</timestamp>
			</report>
			<report>
				<misses>21600001</misses>
				<total>2</total>
				<timestamp>1345.910810</timestamp>
			</report>
			<report>
				<misses>21700001</misses>
				<total>2</total>
				<timestamp>1352.232263</timestamp>
			</report>
			<report>
				<misses>21800001</misses>
				<total>2</total>
				<timestamp>1358.546102</timestamp>
			</report>
			<report>
				<misses>21900001</misses>
				<total>3</total>
				<timestamp>1364.775013</timestamp>
			</report>
			<report>
				<misses>22000001</misses>
				<total>3</total>
				<timestamp>1371.037379</timestamp>
			</report>
			<report>
				<misses>22100001</misses>
				<total>2</total>
				<timestamp>1377.363284</timestamp>
			</report>
			<report>
				<misses>22200001</misses>
				<total>3</total>
				<timestamp>1383.694756</timestamp>
			</report>
			<report>
				<misses>22300001</misses>
				<total>3</total>
				<timestamp>1390.040701</timestamp>
			</report>
			<report>
				<misses>22400001</misses>
				<total>2</total>
				<timestamp>1396.368551</timestamp>
			</report>
			<report>
				<misses>22500001</misses>
				<total>2</total>
				<timestamp>1402.686179</timestamp>
			</report>
			<report>
				<misses>22600001</misses>
				<total>3</total>
				<timestamp>1409.007749</timestamp>
			</report>
			<report>
				<misses>22700001</misses>
				<total>3</total>
				<timestamp>1415.326957</timestamp>
			</report>
			<report>
				<misses>22800001</misses>
				<total>3</total>
				<timestamp>1421.647520</timestamp>
			</report>
			<report>
				<misses>22900001</misses>
				<total>2</total>
				<timestamp>1427.969553</timestamp>
			</report>
			<report>
				<misses>23000001</misses>
				<total>2</total>
				<timestamp>1434.322994</timestamp>
			</report>
			<report>
				<misses>23100001</misses>
				<total>3</total>
				<timestamp>1440.669263</timestamp>
			</report>
			<report>
				<misses>23200001</misses>
				<total>2</total>
				<timestamp>1446.996870</timestamp>
			</report>
			<report>
				<misses>23300001</misses>
				<total>2</total>
				<timestamp>1453.324382</timestamp>
			</report>
			<report>
				<misses>23400001</misses>
				<total>2</total>
				<timestamp>1459.648470</timestamp>
			</report>
			<report>
				<misses>23500001</misses>
				<total>3</total>
				<timestamp>1465.968630</timestamp>
			</report>
			<report>
				<misses>23600001</misses>
				<total>2</total>
				<timestamp>1472.293740</timestamp>
			</report>
			<report>
				<misses>23700001</misses>
				<total>2</total>
				<timestamp>1478.629297</timestamp>
			</report>
			<report>
				<misses>23800001</misses>
				<total>3</total>
				<timestamp>1484.971261</timestamp>
			</report>
			<report>
				<misses>23900001</misses>
				<total>3</total>
				<timestamp>1491.302811</timestamp>
			</report>
			<report>
				<misses>24000001</misses>
				<total>2</total>
				<timestamp>1497.641267</timestamp>
			</report>
			<report>
				<misses>24100001</misses>
				<total>2</total>
				<timestamp>1503.962761</timestamp>
			</report>
			<report>
				<misses>24200001</misses>
				<total>3</total>
				<timestamp>1510.282489</timestamp>
			</report>
			<report>
				<misses>24300001</misses>
				<total>2</total>
				<timestamp>1516.600062</timestamp>
			</report>
			<report>
				<misses>24400001</misses>
				<total>2</total>
				<timestamp>1522.921559</timestamp>
			</report>
			<report>
				<misses>24500001</misses>
				<total>3</total>
				<timestamp>1529.240825</timestamp>
			</report>
			<report>
				<misses>24600001</misses>
				<total>2</total>
				<timestamp>1535.557787</timestamp>
			</report>
			<report>
				<misses>24700001</misses>
				<total>3</total>
				<timestamp>1541.879920</timestamp>
			</report>
			<report>
				<misses>24800001</misses>
				<total>2</total>
				<timestamp>1548.201927</timestamp>
			</report>
			<report>
				<misses>24900001</misses>
				<total>2</total>
				<timestamp>1554.528141</timestamp>
			</report>
			<report>
				<misses>25000001</misses>
				<total>2</total>
				<timestamp>1560.847002</timestamp>
			</report>
			<report>
				<misses>25100001</misses>
				<total>3</total>
				<timestamp>1567.170479</timestamp>
			</report>
			<report>
				<misses>25200001</misses>
				<total>3</total>
				<timestamp>1573.498480</timestamp>
			</report>
			<report>
				<misses>25300001</misses>
				<total>2</total>
				<timestamp>1579.822283</timestamp>
			</report>
			<report>
				<misses>25400001</misses>
				<total>2</total>
				<timestamp>1586.144749</timestamp>
			</report>
			<report>
				<misses>25500001</misses>
				<total>3</total>
				<timestamp>1592.463749</timestamp>
			</report>
			<report>
				<misses>25600001</misses>
				<total>2</total>
				<timestamp>1598.789124</timestamp>
			</report>
			<report>
				<misses>25700001</misses>
				<total>2</total>
				<timestamp>1605.101708</timestamp>
			</report>
			<report>
				<misses>25800001</misses>
				<total>3</total>
				<timestamp>1611.421836</timestamp>
			</report>
			<report>
				<misses>25900001</misses>
				<total>3</total>
				<timestamp>1617.745457</timestamp>
			</report>
			<report>
				<misses>26000001</misses>
				<total>3</total>
				<timestamp>1624.069806</timestamp>
			</report>
			<report>
				<misses>26100001</misses>
				<total>3</total>
				<timestamp>1630.389901</timestamp>
			</report>
			<report>
				<misses>26200001</misses>
				<total>3</total>
				<timestamp>1636.707381</timestamp>
			</report>
			<report>
				<misses>26300001</misses>
				<total>2</total>
				<timestamp>1643.029463</timestamp>
			</report>
			<report>
				<misses>26400001</misses>
				<total>3</total>
				<timestamp>1649.353644</timestamp>
			</report>
			<report>
				<misses>26500001</misses>
				<total>2</total>
				<timestamp>1655.650831</timestamp>
			</report>
			<report>
				<misses>26600001</misses>
				<total>2</total>
				<timestamp>1661.960904</timestamp>
			</report>
			<report>
				<misses>26700001</misses>
				<total>3</total>
				<timestamp>1668.280719</timestamp>
			</report>
			<report>
				<misses>26800001</misses>
				<total>2</total>
				<timestamp>1674.604509</timestamp>
			</report>
			<report>
				<misses>26900001</misses>
				<total>2</total>
				<timestamp>1680.940463</timestamp>
			</report>
			<report>
				<misses>27000001</misses>
				<total>2</total>
				<timestamp>1687.248292</timestamp>
			</report>
			<report>
				<misses>27100001</misses>
				<total>3</total>
				<timestamp>1693.521240</timestamp>
			</report>
			<report>
				<misses>27200001</misses>
				<total>3</total>
				<timestamp>1699.839311</timestamp>
			</report>
			<report>
				<misses>27300001</misses>
				<total>3</total>
				<timestamp>1706.163890</timestamp>
			</report>
			<report>
				<misses>27400001</misses>
				<total>4</total>
				<timestamp>1712.485245</timestamp>
			</report>
			<report>
				<misses>27500001</misses>
				<total>3</total>
				<timestamp>1718.814522</timestamp>
			</report>
			<report>
				<misses>27600001</misses>
				<total>3</total>
				<timestamp>1725.164354</timestamp>
			</report>
			<report>
				<misses>27700001</misses>
				<total>3</total>
				<timestamp>1731.507492</timestamp>
			</report>
			<report>
				<misses>27800001</misses>
				<total>4</total>
				<timestamp>1737.841335</timestamp>
			</report>
			<report>
				<misses>27900001</misses>
				<total>3</total>
				<timestamp>1744.157965</timestamp>
			</report>
			<report>
				<misses>28000001</misses>
				<total>4</total>
				<timestamp>1750.479195</timestamp>
			</report>
			<report>
				<misses>28100001</misses>
				<total>3</total>
				<timestamp>1756.801063</timestamp>
			</report>
			<report>
				<misses>28200001</misses>
				<total>3</total>
				<timestamp>1763.119736</timestamp>
			</report>
			<report>
				<misses>28300001</misses>
				<total>3</total>
				<timestamp>1769.371763</timestamp>
			</report>
			<report>
				<misses>28400001</misses>
				<total>3</total>
				<timestamp>1775.708544</timestamp>
			</report>
			<report>
				<misses>28500001</misses>
				<total>3</total>
				<timestamp>1782.021493</timestamp>
			</report>
			<report>
				<misses>28600001</misses>
				<total>3</total>
				<timestamp>1788.330373</timestamp>
			</report>
			<report>
				<misses>28700001</misses>
				<total>4</total>
				<timestamp>1794.657517</timestamp>
			</report>
			<report>
				<misses>28800001</misses>
				<total>3</total>
				<timestamp>1801.000214</timestamp>
			</report>
			<report>
				<misses>28900001</misses>
				<total>3</total>
				<timestamp>1807.327703</timestamp>
			</report>
			<report>
				<misses>29000001</misses>
				<total>4</total>
				<timestamp>1813.663791</timestamp>
			</report>
			<report>
				<misses>29100001</misses>
				<total>4</total>
				<timestamp>1819.974277</timestamp>
			</report>
			<report>
				<misses>29200001</misses>
				<total>3</total>
				<timestamp>1825.793356</timestamp>
			</report>
			<report>
				<misses>29300001</misses>
				<total>3</total>
				<timestamp>1831.548713</timestamp>
			</report>
			<report>
				<misses>29400001</misses>
				<total>4</total>
				<timestamp>1837.267829</timestamp>
			</report>
			<report>
				<misses>29500001</misses>
				<total>4</total>
				<timestamp>1842.993541</timestamp>
			</report>
			<report>
				<misses>29600001</misses>
				<total>3</total>
				<timestamp>1848.718304</timestamp>
			</report>
			<report>
				<misses>29700001</misses>
				<total>4</total>
				<timestamp>1854.775644</timestamp>
			</report>
			<report>
				<misses>29800001</misses>
				<total>4</total>
				<timestamp>1861.096158</timestamp>
			</report>
			<report>
				<misses>29900001</misses>
				<total>3</total>
				<timestamp>1867.422803</timestamp>
			</report>
			<report>
				<misses>30000001</misses>
				<total>3</total>
				<timestamp>1873.748364</timestamp>
			</report>
			<report>
				<misses>30100001</misses>
				<total>3</total>
				<timestamp>1880.069081</timestamp>
			</report>
			<report>
				<misses>30200001</misses>
				<total>4</total>
				<timestamp>1886.230757</timestamp>
			</report>
			<report>
				<misses>30300001</misses>
				<total>3</total>
				<timestamp>1892.437568</timestamp>
			</report>
			<report>
				<misses>30400001</misses>
				<total>4</total>
				<timestamp>1898.766100</timestamp>
			</report>
			<report>
				<misses>30500001</misses>
				<total>3</total>
				<timestamp>1905.090977</timestamp>
			</report>
			<report>
				<misses>30600001</misses>
				<total>4</total>
				<timestamp>1911.414614</timestamp>
			</report>
			<report>
				<misses>30700001</misses>
				<total>3</total>
				<timestamp>1917.740955</timestamp>
			</report>
			<report>
				<misses>30800001</misses>
				<total>3</total>
				<timestamp>1924.056236</timestamp>
			</report>
			<report>
				<misses>30900001</misses>
				<total>3</total>
				<timestamp>1930.395194</timestamp>
			</report>
			<report>
				<misses>31000001</misses>
				<total>3</total>
				<timestamp>1936.721010</timestamp>
			</report>
			<report>
				<misses>31100001</misses>
				<total>3</total>
				<timestamp>1943.037750</timestamp>
			</report>
			<report>
				<misses>31200001</misses>
				<total>3</total>
				<timestamp>1949.357765</timestamp>
			</report>
			<report>
				<misses>31300001</misses>
				<total>3</total>
				<timestamp>1955.670178</timestamp>
			</report>
			<report>
				<misses>31400001</misses>
				<total>4</total>
				<timestamp>1961.990015</timestamp>
			</report>
			<report>
				<misses>31500001</misses>
				<total>3</total>
				<timestamp>1968.313534</timestamp>
			</report>
			<report>
				<misses>31600001</misses>
				<total>3</total>
				<timestamp>1974.639813</timestamp>
			</report>
			<report>
				<misses>31700001</misses>
				<total>3</total>
				<timestamp>1980.976306</timestamp>
			</report>
			<report>
				<misses>31800001</misses>
				<total>4</total>
				<timestamp>1987.300734</timestamp>
			</report>
			<report>
				<misses>31900001</misses>
				<total>4</total>
				<timestamp>1993.644648</timestamp>
			</report>
			<report>
				<misses>32000001</misses>
				<total>3</total>
				<timestamp>1999.984055</timestamp>
			</report>
			<report>
				<misses>32100001</misses>
				<total>3</total>
				<timestamp>2006.313882</timestamp>
			</report>
			<report>
				<misses>32200001</misses>
				<total>3</total>
				<timestamp>2012.635332</timestamp>
			</report>
			<report>
				<misses>32300001</misses>
				<total>3</total>
				<timestamp>2018.952798</timestamp>
			</report>
			<report>
				<misses>32400001</misses>
				<total>4</total>
				<timestamp>2025.274819</timestamp>
			</report>
			<report>
				<misses>32500001</misses>
				<total>3</total>
				<timestamp>2031.043880</timestamp>
			</report>
			<report>
				<misses>32600001</misses>
				<total>4</total>
				<timestamp>2036.771106</timestamp>
			</report>
			<report>
				<misses>32700001</misses>
				<total>3</total>
				<timestamp>2042.530679</timestamp>
			</report>
			<report>
				<misses>32800001</misses>
				<total>4</total>
				<timestamp>2048.276774</timestamp>
			</report>
			<report>
				<misses>32900001</misses>
				<total>3</total>
				<timestamp>2054.212332</timestamp>
			</report>
			<report>
				<misses>33000001</misses>
				<total>4</total>
				<timestamp>2060.534993</timestamp>
			</report>
			<report>
				<misses>33100001</misses>
				<total>3</total>
				<timestamp>2066.861520</timestamp>
			</report>
			<report>
				<misses>33200001</misses>
				<total>3</total>
				<timestamp>2073.203925</timestamp>
			</report>
			<report>
				<misses>33300001</misses>
				<total>3</total>
				<timestamp>2079.552054</timestamp>
			</report>
			<report>
				<misses>33400001</misses>
				<total>3</total>
				<timestamp>2085.897606</timestamp>
			</report>
			<report>
				<misses>33500001</misses>
				<total>3</total>
				<timestamp>2091.861950</timestamp>
			</report>
			<report>
				<misses>33600001</misses>
				<total>3</total>
				<timestamp>2097.610561</timestamp>
			</report>
			<report>
				<misses>33700001</misses>
				<total>3</total>
				<timestamp>2103.894035</timestamp>
			</report>
			<report>
				<misses>33800001</misses>
				<total>4</total>
				<timestamp>2109.801532</timestamp>
			</report>
			<report>
				<misses>33900001</misses>
				<total>4</total>
				<timestamp>2115.866554</timestamp>
			</report>
			<report>
				<misses>34000001</misses>
				<total>4</total>
				<timestamp>2122.190113</timestamp>
			</report>
			<report>
				<misses>34100001</misses>
				<total>3</total>
				<timestamp>2128.509680</timestamp>
			</report>
			<report>
				<misses>34200001</misses>
				<total>3</total>
				<timestamp>2134.828468</timestamp>
			</report>
			<report>
				<misses>34300001</misses>
				<total>5</total>
				<timestamp>2140.892365</timestamp>
			</report>
			<report>
				<misses>34400001</misses>
				<total>3</total>
				<timestamp>2146.950666</timestamp>
			</report>
			<report>
				<misses>34500001</misses>
				<total>3</total>
				<timestamp>2153.007032</timestamp>
			</report>
			<report>
				<misses>34600001</misses>
				<total>3</total>
				<timestamp>2159.071884</timestamp>
			</report>
			<report>
				<misses>34700001</misses>
				<total>3</total>
				<timestamp>2165.267669</timestamp>
			</report>
			<report>
				<misses>34800001</misses>
				<total>3</total>
				<timestamp>2171.405871</timestamp>
			</report>
			<report>
				<misses>34900001</misses>
				<total>3</total>
				<timestamp>2177.716284</timestamp>
			</report>
			<report>
				<misses>35000001</misses>
				<total>3</total>
				<timestamp>2183.618618</timestamp>
			</report>
			<report>
				<misses>35100001</misses>
				<total>4</total>
				<timestamp>2189.509444</timestamp>
			</report>
			<report>
				<misses>35200001</misses>
				<total>3</total>
				<timestamp>2195.512150</timestamp>
			</report>
			<report>
				<misses>35300001</misses>
				<total>3</total>
				<timestamp>2201.838024</timestamp>
			</report>
			<report>
				<misses>35400001</misses>
				<total>3</total>
				<timestamp>2208.183891</timestamp>
			</report>
			<report>
				<misses>35500001</misses>
				<total>4</total>
				<timestamp>2214.526633</timestamp>
			</report>
			<report>
				<misses>35600001</misses>
				<total>4</total>
				<timestamp>2220.851495</timestamp>
			</report>
			<report>
				<misses>35700001</misses>
				<total>3</total>
				<timestamp>2227.167026</timestamp>
			</report>
			<report>
				<misses>35800001</misses>
				<total>3</total>
				<timestamp>2233.490183</timestamp>
			</report>
			<report>
				<misses>35900001</misses>
				<total>3</total>
				<timestamp>2239.833194</timestamp>
			</report>
			<report>
				<misses>36000001</misses>
				<total>4</total>
				<timestamp>2246.161184</timestamp>
			</report>
			<report>
				<misses>36100001</misses>
				<total>3</total>
				<timestamp>2252.494914</timestamp>
			</report>
			<report>
				<misses>36200001</misses>
				<total>4</total>
				<timestamp>2258.686299</timestamp>
			</report>
			<report>
				<misses>36300001</misses>
				<total>3</total>
				<timestamp>2265.003194</timestamp>
			</report>
			<report>
				<misses>36400001</misses>
				<total>3</total>
				<timestamp>2271.333219</timestamp>
			</report>
			<report>
				<misses>36500001</misses>
				<total>3</total>
				<timestamp>2277.655192</timestamp>
			</report>
			<report>
				<misses>36600001</misses>
				<total>3</total>
				<timestamp>2283.973896</timestamp>
			</report>
			<report>
				<misses>36700001</misses>
				<total>3</total>
				<timestamp>2290.255400</timestamp>
			</report>
			<report>
				<misses>36800001</misses>
				<total>4</total>
				<timestamp>2296.472852</timestamp>
			</report>
			<report>
				<misses>36900001</misses>
				<total>4</total>
				<timestamp>2302.703220</timestamp>
			</report>
			<report>
				<misses>37000001</misses>
				<total>3</total>
				<timestamp>2308.946278</timestamp>
			</report>
			<report>
				<misses>37100001</misses>
				<total>3</total>
				<timestamp>2315.166188</timestamp>
			</report>
			<report>
				<misses>37200001</misses>
				<total>3</total>
				<timestamp>2321.390750</timestamp>
			</report>
			<report>
				<misses>37300001</misses>
				<total>3</total>
				<timestamp>2327.616350</timestamp>
			</report>
			<report>
				<misses>37400001</misses>
				<total>3</total>
				<timestamp>2333.840121</timestamp>
			</report>
			<report>
				<misses>37500001</misses>
				<total>4</total>
				<timestamp>2340.049916</timestamp>
			</report>
			<report>
				<misses>37600001</misses>
				<total>3</total>
				<timestamp>2346.254203</timestamp>
			</report>
			<report>
				<misses>37700001</misses>
				<total>4</total>
				<timestamp>2352.471413</timestamp>
			</report>
			<report>
				<misses>37800001</misses>
				<total>3</total>
				<timestamp>2358.752379</timestamp>
			</report>
			<report>
				<misses>37900001</misses>
				<total>3</total>
				<timestamp>2365.085348</timestamp>
			</report>
			<report>
				<misses>38000001</misses>
				<total>3</total>
				<timestamp>2371.412112</timestamp>
			</report>
			<report>
				<misses>38100001</misses>
				<total>3</total>
				<timestamp>2377.755227</timestamp>
			</report>
			<report>
				<misses>38200001</misses>
				<total>3</total>
				<timestamp>2384.078374</timestamp>
			</report>
			<report>
				<misses>38300001</misses>
				<total>3</total>
				<timestamp>2390.411226</timestamp>
			</report>
			<report>
				<misses>38400001</misses>
				<total>4</total>
				<timestamp>2396.729717</timestamp>
			</report>
			<report>
				<misses>38500001</misses>
				<total>3</total>
				<timestamp>2403.059735</timestamp>
			</report>
			<report>
				<misses>38600001</misses>
				<total>5</total>
				<timestamp>2409.383223</timestamp>
			</report>
			<report>
				<misses>38700001</misses>
				<total>4</total>
				<timestamp>2415.704330</timestamp>
			</report>
			<report>
				<misses>38800001</misses>
				<total>4</total>
				<timestamp>2422.023337</timestamp>
			</report>
			<report>
				<misses>38900001</misses>
				<total>4</total>
				<timestamp>2428.340333</timestamp>
			</report>
			<report>
				<misses>39000001</misses>
				<total>4</total>
				<timestamp>2434.660575</timestamp>
			</report>
			<report>
				<misses>39100001</misses>
				<total>4</total>
				<timestamp>2440.980316</timestamp>
			</report>
			<report>
				<misses>39200001</misses>
				<total>4</total>
				<timestamp>2447.299675</timestamp>
			</report>
			<report>
				<misses>39300001</misses>
				<total>5</total>
				<timestamp>2453.618746</timestamp>
			</report>
			<report>
				<misses>39400001</misses>
				<total>5</total>
				<timestamp>2459.941869</timestamp>
			</report>
			<report>
				<misses>39500001</misses>
				<total>4</total>
				<timestamp>2466.265039</timestamp>
			</report>
			<report>
				<misses>39600001</misses>
				<total>4</total>
				<timestamp>2472.584596</timestamp>
			</report>
			<report>
				<misses>39700001</misses>
				<total>4</total>
				<timestamp>2478.903825</timestamp>
			</report>
			<report>
				<misses>39800001</misses>
				<total>4</total>
				<timestamp>2485.068266</timestamp>
			</report>
			<report>
				<misses>39900001</misses>
				<total>4</total>
				<timestamp>2491.388870</timestamp>
			</report>
			<report>
				<misses>40000001</misses>
				<total>5</total>
				<timestamp>2497.712787</timestamp>
			</report>
			<report>
				<misses>40100001</misses>
				<total>5</total>
				<timestamp>2504.033525</timestamp>
			</report>
			<report>
				<misses>40200001</misses>
				<total>4</total>
				<timestamp>2510.352340</timestamp>
			</report>
			<report>
				<misses>40300001</misses>
				<total>4</total>
				<timestamp>2516.674829</timestamp>
			</report>
			<report>
				<misses>40400001</misses>
				<total>4</total>
				<timestamp>2522.996630</timestamp>
			</report>
			<report>
				<misses>40500001</misses>
				<total>4</total>
				<timestamp>2529.163393</timestamp>
			</report>
			<report>
				<misses>40600001</misses>
				<total>4</total>
				<timestamp>2535.303471</timestamp>
			</report>
			<report>
				<misses>40700001</misses>
				<total>5</total>
				<timestamp>2541.570054</timestamp>
			</report>
			<report>
				<misses>40800001</misses>
				<total>4</total>
				<timestamp>2547.828271</timestamp>
			</report>
			<report>
				<misses>40900001</misses>
				<total>4</total>
				<timestamp>2554.062137</timestamp>
			</report>
			<report>
				<misses>41000001</misses>
				<total>5</total>
				<timestamp>2560.384488</timestamp>
			</report>
			<report>
				<misses>41100001</misses>
				<total>5</total>
				<timestamp>2566.689234</timestamp>
			</report>
			<report>
				<misses>41200001</misses>
				<total>4</total>
				<timestamp>2572.974097</timestamp>
			</report>
			<report>
				<misses>41300001</misses>
				<total>4</total>
				<timestamp>2579.282280</timestamp>
			</report>
			<report>
				<misses>41400001</misses>
				<total>4</total>
				<timestamp>2585.603699</timestamp>
			</report>
			<report>
				<misses>41500001</misses>
				<total>4</total>
				<timestamp>2591.846652</timestamp>
			</report>
			<report>
				<misses>41600001</misses>
				<total>4</total>
				<timestamp>2598.110243</timestamp>
			</report>
			<report>
				<misses>41700001</misses>
				<total>5</total>
				<timestamp>2604.388725</timestamp>
			</report>
			<report>
				<misses>41800001</misses>
				<total>5</total>
				<timestamp>2610.705841</timestamp>
			</report>
			<report>
				<misses>41900001</misses>
				<total>5</total>
				<timestamp>2617.018046</timestamp>
			</report>
			<report>
				<misses>42000001</misses>
				<total>5</total>
				<timestamp>2623.328515</timestamp>
			</report>
			<report>
				<misses>42100001</misses>
				<total>6</total>
				<timestamp>2629.639548</timestamp>
			</report>
			<report>
				<misses>42200001</misses>
				<total>4</total>
				<timestamp>2635.956651</timestamp>
			</report>
			<report>
				<misses>42300001</misses>
				<total>4</total>
				<timestamp>2642.280055</timestamp>
			</report>
			<report>
				<misses>42400001</misses>
				<total>4</total>
				<timestamp>2648.602388</timestamp>
			</report>
			<report>
				<misses>42500001</misses>
				<total>4</total>
				<timestamp>2654.929116</timestamp>
			</report>
			<report>
				<misses>42600001</misses>
				<total>4</total>
				<timestamp>2661.243745</timestamp>
			</report>
			<report>
				<misses>42700001</misses>
				<total>4</total>
				<timestamp>2666.964160</timestamp>
			</report>
			<report>
				<misses>42800001</misses>
				<total>4</total>
				<timestamp>2672.714095</timestamp>
			</report>
			<report>
				<misses>42900001</misses>
				<total>5</total>
				<timestamp>2678.756372</timestamp>
			</report>
			<report>
				<misses>43000001</misses>
				<total>5</total>
				<timestamp>2685.093220</timestamp>
			</report>
			<report>
				<misses>43100001</misses>
				<total>4</total>
				<timestamp>2691.429589</timestamp>
			</report>
			<report>
				<misses>43200001</misses>
				<total>4</total>
				<timestamp>2697.745906</timestamp>
			</report>
			<report>
				<misses>43300001</misses>
				<total>5</total>
				<timestamp>2703.687478</timestamp>
			</report>
			<report>
				<misses>43400001</misses>
				<total>4</total>
				<timestamp>2709.748791</timestamp>
			</report>
			<report>
				<misses>43500001</misses>
				<total>5</total>
				<timestamp>2715.941742</timestamp>
			</report>
			<report>
				<misses>43600001</misses>
				<total>4</total>
				<timestamp>2722.260732</timestamp>
			</report>
			<report>
				<misses>43700001</misses>
				<total>4</total>
				<timestamp>2728.577687</timestamp>
			</report>
			<report>
				<misses>43800001</misses>
				<total>5</total>
				<timestamp>2734.898920</timestamp>
			</report>
			<report>
				<misses>43900001</misses>
				<total>4</total>
				<timestamp>2741.177125</timestamp>
			</report>
			<report>
				<misses>44000001</misses>
				<total>4</total>
				<timestamp>2747.250320</timestamp>
			</report>
			<report>
				<misses>44100001</misses>
				<total>4</total>
				<timestamp>2753.279381</timestamp>
			</report>
			<report>
				<misses>44200001</misses>
				<total>5</total>
				<timestamp>2759.390050</timestamp>
			</report>
			<report>
				<misses>44300001</misses>
				<total>4</total>
				<timestamp>2765.721334</timestamp>
			</report>
			<report>
				<misses>44400001</misses>
				<total>5</total>
				<timestamp>2772.048016</timestamp>
			</report>
			<report>
				<misses>44500001</misses>
				<total>4</total>
				<timestamp>2778.406517</timestamp>
			</report>
			<report>
				<misses>44600001</misses>
				<total>4</total>
				<timestamp>2784.741377</timestamp>
			</report>
			<report>
				<misses>44700001</misses>
				<total>5</total>
				<timestamp>2791.075828</timestamp>
			</report>
			<report>
				<misses>44800001</misses>
				<total>4</total>
				<timestamp>2797.311427</timestamp>
			</report>
			<report>
				<misses>44900001</misses>
				<total>4</total>
				<timestamp>2803.632787</timestamp>
			</report>
			<report>
				<misses>45000001</misses>
				<total>5</total>
				<timestamp>2809.732583</timestamp>
			</report>
			<report>
				<misses>45100001</misses>
				<total>4</total>
				<timestamp>2815.788429</timestamp>
			</report>
			<report>
				<misses>45200001</misses>
				<total>4</total>
				<timestamp>2822.049458</timestamp>
			</report>
			<report>
				<misses>45300001</misses>
				<total>4</total>
				<timestamp>2828.359795</timestamp>
			</report>
			<report>
				<misses>45400001</misses>
				<total>4</total>
				<timestamp>2834.630859</timestamp>
			</report>
			<report>
				<misses>45500001</misses>
				<total>5</total>
				<timestamp>2840.857048</timestamp>
			</report>
			<report>
				<misses>45600001</misses>
				<total>4</total>
				<timestamp>2847.124401</timestamp>
			</report>
			<report>
				<misses>45700001</misses>
				<total>4</total>
				<timestamp>2853.456594</timestamp>
			</report>
			<report>
				<misses>45800001</misses>
				<total>4</total>
				<timestamp>2859.816214</timestamp>
			</report>
			<report>
				<misses>45900001</misses>
				<total>4</total>
				<timestamp>2866.172976</timestamp>
			</report>
			<report>
				<misses>46000001</misses>
				<total>5</total>
				<timestamp>2872.509139</timestamp>
			</report>
			<report>
				<misses>46100001</misses>
				<total>4</total>
				<timestamp>2878.834950</timestamp>
			</report>
			<report>
				<misses>46200001</misses>
				<total>5</total>
				<timestamp>2885.156602</timestamp>
			</report>
			<report>
				<misses>46300001</misses>
				<total>4</total>
				<timestamp>2891.040041</timestamp>
			</report>
			<report>
				<misses>46400001</misses>
				<total>5</total>
				<timestamp>2897.363200</timestamp>
			</report>
			<report>
				<misses>46500001</misses>
				<total>4</total>
				<timestamp>2903.590749</timestamp>
			</report>
			<report>
				<misses>46600001</misses>
				<total>4</total>
				<timestamp>2909.825539</timestamp>
			</report>
			<report>
				<misses>46700001</misses>
				<total>4</total>
				<timestamp>2916.093960</timestamp>
			</report>
			<report>
				<misses>46800001</misses>
				<total>5</total>
				<timestamp>2922.119357</timestamp>
			</report>
			<report>
				<misses>46900001</misses>
				<total>5</total>
				<timestamp>2928.448856</timestamp>
			</report>
			<report>
				<misses>47000001</misses>
				<total>4</total>
				<timestamp>2934.639480</timestamp>
			</report>
			<report>
				<misses>47100001</misses>
				<total>4</total>
				<timestamp>2940.963085</timestamp>
			</report>
			<report>
				<misses>47200001</misses>
				<total>5</total>
				<timestamp>2947.311807</timestamp>
			</report>
			<report>
				<misses>47300001</misses>
				<total>4</total>
				<timestamp>2953.645645</timestamp>
			</report>
			<report>
				<misses>47400001</misses>
				<total>4</total>
				<timestamp>2959.971041</timestamp>
			</report>
			<report>
				<misses>47500001</misses>
				<total>4</total>
				<timestamp>2966.322178</timestamp>
			</report>
			<report>
				<misses>47600001</misses>
				<total>5</total>
				<timestamp>2972.651233</timestamp>
			</report>
			<report>
				<misses>47700001</misses>
				<total>4</total>
				<timestamp>2978.980311</timestamp>
			</report>
			<report>
				<misses>47800001</misses>
				<total>4</total>
				<timestamp>2985.314971</timestamp>
			</report>
			<report>
				<misses>47900001</misses>
				<total>5</total>
				<timestamp>2991.654899</timestamp>
			</report>
			<report>
				<misses>48000001</misses>
				<total>5</total>
				<timestamp>2997.974960</timestamp>
			</report>
			<report>
				<misses>48100001</misses>
				<total>4</total>
				<timestamp>3004.294716</timestamp>
			</report>
			<report>
				<misses>48200001</misses>
				<total>4</total>
				<timestamp>3010.592085</timestamp>
			</report>
			<report>
				<misses>48300001</misses>
				<total>5</total>
				<timestamp>3016.901971</timestamp>
			</report>
			<report>
				<misses>48400001</misses>
				<total>5</total>
				<timestamp>3023.199796</timestamp>
			</report>
			<report>
				<misses>48500001</misses>
				<total>5</total>
				<timestamp>3029.527200</timestamp>
			</report>
			<report>
				<misses>48600001</misses>
				<total>5</total>
				<timestamp>3035.825631</timestamp>
			</report>
			<report>
				<misses>48700001</misses>
				<total>5</total>
				<timestamp>3042.154306</timestamp>
			</report>
			<report>
				<misses>48800001</misses>
				<total>4</total>
				<timestamp>3048.492788</timestamp>
			</report>
			<report>
				<misses>48900001</misses>
				<total>4</total>
				<timestamp>3054.817530</timestamp>
			</report>
			<report>
				<misses>49000001</misses>
				<total>5</total>
				<timestamp>3061.142844</timestamp>
			</report>
			<report>
				<misses>49100001</misses>
				<total>4</total>
				<timestamp>3067.469759</timestamp>
			</report>
			<report>
				<misses>49200001</misses>
				<total>5</total>
				<timestamp>3073.796761</timestamp>
			</report>
			<report>
				<misses>49300001</misses>
				<total>4</total>
				<timestamp>3080.121215</timestamp>
			</report>
			<report>
				<misses>49400001</misses>
				<total>4</total>
				<timestamp>3086.444230</timestamp>
			</report>
			<report>
				<misses>49500001</misses>
				<total>4</total>
				<timestamp>3092.768605</timestamp>
			</report>
			<report>
				<misses>49600001</misses>
				<total>4</total>
				<timestamp>3099.091080</timestamp>
			</report>
			<report>
				<misses>49700001</misses>
				<total>4</total>
				<timestamp>3105.410042</timestamp>
			</report>
			<report>
				<misses>49800001</misses>
				<total>4</total>
				<timestamp>3111.735394</timestamp>
			</report>
			<report>
				<misses>49900001</misses>
				<total>4</total>
				<timestamp>3117.941198</timestamp>
			</report>
			<report>
				<misses>50000001</misses>
				<total>5</total>
				<timestamp>3124.262395</timestamp>
			</report>
			<report>
				<misses>50100001</misses>
				<total>4</total>
				<timestamp>3130.366172</timestamp>
			</report>
			<report>
				<misses>50200001</misses>
				<total>4</total>
				<timestamp>3136.319721</timestamp>
			</report>
			<report>
				<misses>50300001</misses>
				<total>6</total>
				<timestamp>3142.463543</timestamp>
			</report>
			<report>
				<misses>50400001</misses>
				<total>5</total>
				<timestamp>3148.343971</timestamp>
			</report>
			<report>
				<misses>50500001</misses>
				<total>4</total>
				<timestamp>3154.372377</timestamp>
			</report>
			<report>
				<misses>50600001</misses>
				<total>4</total>
				<timestamp>3160.721393</timestamp>
			</report>
			<report>
				<misses>50700001</misses>
				<total>5</total>
				<timestamp>3166.977039</timestamp>
			</report>
			<report>
				<misses>50800001</misses>
				<total>4</total>
				<timestamp>3173.212165</timestamp>
			</report>
			<report>
				<misses>50900001</misses>
				<total>4</total>
				<timestamp>3179.480171</timestamp>
			</report>
			<report>
				<misses>51000001</misses>
				<total>4</total>
				<timestamp>3185.712657</timestamp>
			</report>
			<report>
				<misses>51100001</misses>
				<total>4</total>
				<timestamp>3191.937648</timestamp>
			</report>
			<report>
				<misses>51200001</misses>
				<total>4</total>
				<timestamp>3198.200214</timestamp>
			</report>
			<report>
				<misses>51300001</misses>
				<total>5</total>
				<timestamp>3204.527579</timestamp>
			</report>
			<report>
				<misses>51400001</misses>
				<total>5</total>
				<timestamp>3210.856922</timestamp>
			</report>
			<report>
				<misses>51500001</misses>
				<total>5</total>
				<timestamp>3217.146349</timestamp>
			</report>
			<report>
				<misses>51600001</misses>
				<total>5</total>
				<timestamp>3223.381122</timestamp>
			</report>
			<report>
				<misses>51700001</misses>
				<total>4</total>
				<timestamp>3229.626257</timestamp>
			</report>
			<report>
				<misses>51800001</misses>
				<total>5</total>
				<timestamp>3235.867371</timestamp>
			</report>
			<report>
				<misses>51900001</misses>
				<total>5</total>
				<timestamp>3242.112958</timestamp>
			</report>
			<report>
				<misses>52000001</misses>
				<total>5</total>
				<timestamp>3248.410420</timestamp>
			</report>
			<report>
				<misses>52100001</misses>
				<total>4</total>
				<timestamp>3254.764012</timestamp>
			</report>
			<report>
				<misses>52200001</misses>
				<total>4</total>
				<timestamp>3261.088193</timestamp>
			</report>
			<report>
				<misses>52300001</misses>
				<total>4</total>
				<timestamp>3267.441630</timestamp>
			</report>
			<report>
				<misses>52400001</misses>
				<total>5</total>
				<timestamp>3273.792007</timestamp>
			</report>
			<report>
				<misses>52500001</misses>
				<total>4</total>
				<timestamp>3280.124870</timestamp>
			</report>
			<report>
				<misses>52600001</misses>
				<total>5</total>
				<timestamp>3286.421812</timestamp>
			</report>
			<report>
				<misses>52700001</misses>
				<total>5</total>
				<timestamp>3292.668949</timestamp>
			</report>
			<report>
				<misses>52800001</misses>
				<total>5</total>
				<timestamp>3298.969396</timestamp>
			</report>
			<report>
				<misses>52900001</misses>
				<total>4</total>
				<timestamp>3305.271285</timestamp>
			</report>
			<report>
				<misses>53000001</misses>
				<total>5</total>
				<timestamp>3311.478731</timestamp>
			</report>
			<report>
				<misses>53100001</misses>
				<total>5</total>
				<timestamp>3317.728570</timestamp>
			</report>
			<report>
				<misses>53200001</misses>
				<total>5</total>
				<timestamp>3324.013859</timestamp>
			</report>
			<report>
				<misses>53300001</misses>
				<total>4</total>
				<timestamp>3330.332278</timestamp>
			</report>
			<report>
				<misses>53400001</misses>
				<total>4</total>
				<timestamp>3336.668054</timestamp>
			</report>
			<report>
				<misses>53500001</misses>
				<total>4</total>
				<timestamp>3342.990803</timestamp>
			</report>
			<report>
				<misses>53600001</misses>
				<total>4</total>
				<timestamp>3349.306767</timestamp>
			</report>
			<report>
				<misses>53700001</misses>
				<total>4</total>
				<timestamp>3355.619939</timestamp>
			</report>
			<report>
				<misses>53800001</misses>
				<total>4</total>
				<timestamp>3361.938705</timestamp>
			</report>
			<report>
				<misses>53900001</misses>
				<total>5</total>
				<timestamp>3368.263559</timestamp>
			</report>
			<report>
				<misses>54000001</misses>
				<total>4</total>
				<timestamp>3374.580934</timestamp>
			</report>
			<report>
				<misses>54100001</misses>
				<total>6</total>
				<timestamp>3380.904320</timestamp>
			</report>
			<report>
				<misses>54200001</misses>
				<total>6</total>
				<timestamp>3387.225450</timestamp>
			</report>
			<report>
				<misses>54300001</misses>
				<total>6</total>
				<timestamp>3393.540961</timestamp>
			</report>
			<report>
				<misses>54400001</misses>
				<total>6</total>
				<timestamp>3399.860162</timestamp>
			</report>
			<report>
				<misses>54500001</misses>
				<total>6</total>
				<timestamp>3406.189006</timestamp>
			</report>
			<report>
				<misses>54600001</misses>
				<total>5</total>
				<timestamp>3412.449768</timestamp>
			</report>
			<report>
				<misses>54700001</misses>
				<total>5</total>
				<timestamp>3418.702918</timestamp>
			</report>
			<report>
				<misses>54800001</misses>
				<total>6</total>
				<timestamp>3424.940741</timestamp>
			</report>
			<report>
				<misses>54900001</misses>
				<total>6</total>
				<timestamp>3431.187857</timestamp>
			</report>
			<report>
				<misses>55000001</misses>
				<total>6</total>
				<timestamp>3437.452163</timestamp>
			</report>
			<report>
				<misses>55100001</misses>
				<total>6</total>
				<timestamp>3443.761885</timestamp>
			</report>
			<report>
				<misses>55200001</misses>
				<total>5</total>
				<timestamp>3449.980600</timestamp>
			</report>
			<report>
				<misses>55300001</misses>
				<total>5</total>
				<timestamp>3456.250780</timestamp>
			</report>
			<report>
				<misses>55400001</misses>
				<total>5</total>
				<timestamp>3462.491088</timestamp>
			</report>
			<report>
				<misses>55500001</misses>
				<total>5</total>
				<timestamp>3468.724505</timestamp>
			</report>
			<report>
				<misses>55600001</misses>
				<total>6</total>
				<timestamp>3474.978179</timestamp>
			</report>
			<report>
				<misses>55700001</misses>
				<total>5</total>
				<timestamp>3481.234338</timestamp>
			</report>
			<report>
				<misses>55800001</misses>
				<total>6</total>
				<timestamp>3487.562511</timestamp>
			</report>
			<report>
				<misses>55900001</misses>
				<total>6</total>
				<timestamp>3493.892882</timestamp>
			</report>
			<report>
				<misses>56000001</misses>
				<total>5</total>
				<timestamp>3500.221126</timestamp>
			</report>
			<report>
				<misses>56100001</misses>
				<total>6</total>
				<timestamp>3506.561266</timestamp>
			</report>
			<report>
				<misses>56200001</misses>
				<total>5</total>
				<timestamp>3512.896849</timestamp>
			</report>
			<report>
				<misses>56300001</misses>
				<total>5</total>
				<timestamp>3519.220548</timestamp>
			</report>
			<report>
				<misses>56400001</misses>
				<total>6</total>
				<timestamp>3525.551040</timestamp>
			</report>
			<report>
				<misses>56500001</misses>
				<total>6</total>
				<timestamp>3531.870245</timestamp>
			</report>
			<report>
				<misses>56600001</misses>
				<total>7</total>
				<timestamp>3538.186096</timestamp>
			</report>
			<report>
				<misses>56700001</misses>
				<total>6</total>
				<timestamp>3544.518315</timestamp>
			</report>
			<report>
				<misses>56800001</misses>
				<total>6</total>
				<timestamp>3550.848727</timestamp>
			</report>
			<report>
				<misses>56900001</misses>
				<total>7</total>
				<timestamp>3557.177763</timestamp>
			</report>
			<report>
				<misses>57000001</misses>
				<total>6</total>
				<timestamp>3563.496668</timestamp>
			</report>
			<report>
				<misses>57100001</misses>
				<total>6</total>
				<timestamp>3569.827411</timestamp>
			</report>
			<report>
				<misses>57200001</misses>
				<total>6</total>
				<timestamp>3576.153447</timestamp>
			</report>
			<report>
				<misses>57300001</misses>
				<total>6</total>
				<timestamp>3582.478002</timestamp>
			</report>
			<report>
				<misses>57400001</misses>
				<total>6</total>
				<timestamp>3588.792997</timestamp>
			</report>
			<report>
				<misses>57500001</misses>
				<total>7</total>
				<timestamp>3595.115578</timestamp>
			</report>
			<report>
				<misses>57600001</misses>
				<total>7</total>
				<timestamp>3601.444662</timestamp>
			</report>
			<report>
				<misses>57700001</misses>
				<total>7</total>
				<timestamp>3607.792744</timestamp>
			</report>
			<report>
				<misses>57800001</misses>
				<total>6</total>
				<timestamp>3614.149072</timestamp>
			</report>
			<report>
				<misses>57900001</misses>
				<total>6</total>
				<timestamp>3620.504969</timestamp>
			</report>
			<report>
				<misses>58000001</misses>
				<total>6</total>
				<timestamp>3626.860704</timestamp>
			</report>
			<report>
				<misses>58100001</misses>
				<total>6</total>
				<timestamp>3632.847887</timestamp>
			</report>
			<report>
				<misses>58200001</misses>
				<total>6</total>
				<timestamp>3638.596708</timestamp>
			</report>
			<report>
				<misses>58300001</misses>
				<total>6</total>
				<timestamp>3644.311923</timestamp>
			</report>
			<report>
				<misses>58400001</misses>
				<total>6</total>
				<timestamp>3650.562769</timestamp>
			</report>
			<report>
				<misses>58500001</misses>
				<total>6</total>
				<timestamp>3656.883003</timestamp>
			</report>
			<report>
				<misses>58600001</misses>
				<total>6</total>
				<timestamp>3663.204055</timestamp>
			</report>
			<report>
				<misses>58700001</misses>
				<total>6</total>
				<timestamp>3669.521526</timestamp>
			</report>
			<report>
				<misses>58800001</misses>
				<total>6</total>
				<timestamp>3675.804627</timestamp>
			</report>
			<report>
				<misses>58900001</misses>
				<total>7</total>
				<timestamp>3682.125004</timestamp>
			</report>
			<report>
				<misses>59000001</misses>
				<total>7</total>
				<timestamp>3688.441663</timestamp>
			</report>
			<report>
				<misses>59100001</misses>
				<total>7</total>
				<timestamp>3694.690997</timestamp>
			</report>
			<report>
				<misses>59200001</misses>
				<total>7</total>
				<timestamp>3701.000805</timestamp>
			</report>
			<report>
				<misses>59300001</misses>
				<total>6</total>
				<timestamp>3707.317744</timestamp>
			</report>
			<report>
				<misses>59400001</misses>
				<total>6</total>
				<timestamp>3713.637034</timestamp>
			</report>
			<report>
				<misses>59500001</misses>
				<total>7</total>
				<timestamp>3719.953265</timestamp>
			</report>
			<report>
				<misses>59600001</misses>
				<total>7</total>
				<timestamp>3726.269174</timestamp>
			</report>
			<report>
				<misses>59700001</misses>
				<total>6</total>
				<timestamp>3732.591213</timestamp>
			</report>
			<report>
				<misses>59800001</misses>
				<total>6</total>
				<timestamp>3738.912395</timestamp>
			</report>
			<report>
				<misses>59900001</misses>
				<total>6</total>
				<timestamp>3745.231967</timestamp>
			</report>
			<report>
				<misses>60000001</misses>
				<total>7</total>
				<timestamp>3751.555383</timestamp>
			</report>
			<report>
				<misses>60100001</misses>
				<total>6</total>
				<timestamp>3757.874975</timestamp>
			</report>
			<report>
				<misses>60200001</misses>
				<total>7</total>
				<timestamp>3764.199224</timestamp>
			</report>
			<report>
				<misses>60300001</misses>
				<total>6</total>
				<timestamp>3770.522648</timestamp>
			</report>
			<report>
				<misses>60400001</misses>
				<total>7</total>
				<timestamp>3776.855970</timestamp>
			</report>
			<report>
				<misses>60500001</misses>
				<total>6</total>
				<timestamp>3783.183006</timestamp>
			</report>
			<report>
				<misses>60600001</misses>
				<total>7</total>
				<timestamp>3789.473631</timestamp>
			</report>
			<report>
				<misses>60700001</misses>
				<total>6</total>
				<timestamp>3795.801810</timestamp>
			</report>
			<report>
				<misses>60800001</misses>
				<total>6</total>
				<timestamp>3802.131869</timestamp>
			</report>
			<report>
				<misses>60900001</misses>
				<total>7</total>
				<timestamp>3808.468808</timestamp>
			</report>
			<report>
				<misses>61000001</misses>
				<total>6</total>
				<timestamp>3814.781350</timestamp>
			</report>
			<report>
				<misses>61100001</misses>
				<total>6</total>
				<timestamp>3820.504013</timestamp>
			</report>
			<report>
				<misses>61200001</misses>
				<total>7</total>
				<timestamp>3826.230679</timestamp>
			</report>
			<report>
				<misses>61300001</misses>
				<total>6</total>
				<timestamp>3832.266389</timestamp>
			</report>
			<report>
				<misses>61400001</misses>
				<total>6</total>
				<timestamp>3838.434490</timestamp>
			</report>
			<report>
				<misses>61500001</misses>
				<total>6</total>
				<timestamp>3844.471797</timestamp>
			</report>
			<report>
				<misses>61600001</misses>
				<total>7</total>
				<timestamp>3850.626379</timestamp>
			</report>
			<report>
				<misses>61700001</misses>
				<total>6</total>
				<timestamp>3856.952218</timestamp>
			</report>
			<report>
				<misses>61800001</misses>
				<total>6</total>
				<timestamp>3863.277570</timestamp>
			</report>
			<report>
				<misses>61900001</misses>
				<total>7</total>
				<timestamp>3869.618664</timestamp>
			</report>
			<report>
				<misses>62000001</misses>
				<total>6</total>
				<timestamp>3875.966836</timestamp>
			</report>
			<report>
				<misses>62100001</misses>
				<total>7</total>
				<timestamp>3882.032424</timestamp>
			</report>
			<report>
				<misses>62200001</misses>
				<total>6</total>
				<timestamp>3887.795845</timestamp>
			</report>
			<report>
				<misses>62300001</misses>
				<total>7</total>
				<timestamp>3893.550627</timestamp>
			</report>
			<report>
				<misses>62400001</misses>
				<total>6</total>
				<timestamp>3899.285850</timestamp>
			</report>
			<report>
				<misses>62500001</misses>
				<total>6</total>
				<timestamp>3905.330344</timestamp>
			</report>
			<report>
				<misses>62600001</misses>
				<total>6</total>
				<timestamp>3911.647062</timestamp>
			</report>
			<report>
				<misses>62700001</misses>
				<total>6</total>
				<timestamp>3917.971739</timestamp>
			</report>
			<report>
				<misses>62800001</misses>
				<total>6</total>
				<timestamp>3924.296404</timestamp>
			</report>
			<report>
				<misses>62900001</misses>
				<total>7</total>
				<timestamp>3930.605388</timestamp>
			</report>
			<report>
				<misses>63000001</misses>
				<total>6</total>
				<timestamp>3936.931461</timestamp>
			</report>
			<report>
				<misses>63100001</misses>
				<total>6</total>
				<timestamp>3943.252232</timestamp>
			</report>
			<report>
				<misses>63200001</misses>
				<total>7</total>
				<timestamp>3949.580157</timestamp>
			</report>
			<report>
				<misses>63300001</misses>
				<total>6</total>
				<timestamp>3955.901392</timestamp>
			</report>
			<report>
				<misses>63400001</misses>
				<total>6</total>
				<timestamp>3962.214294</timestamp>
			</report>
			<report>
				<misses>63500001</misses>
				<total>7</total>
				<timestamp>3968.546421</timestamp>
			</report>
			<report>
				<misses>63600001</misses>
				<total>6</total>
				<timestamp>3974.870860</timestamp>
			</report>
			<report>
				<misses>63700001</misses>
				<total>7</total>
				<timestamp>3981.197376</timestamp>
			</report>
			<report>
				<misses>63800001</misses>
				<total>7</total>
				<timestamp>3987.520522</timestamp>
			</report>
			<report>
				<misses>63900001</misses>
				<total>7</total>
				<timestamp>3993.842313</timestamp>
			</report>
			<report>
				<misses>64000001</misses>
				<total>6</total>
				<timestamp>4000.168280</timestamp>
			</report>
			<report>
				<misses>64100001</misses>
				<total>6</total>
				<timestamp>4006.495559</timestamp>
			</report>
			<report>
				<misses>64200001</misses>
				<total>6</total>
				<timestamp>4012.817369</timestamp>
			</report>
			<report>
				<misses>64300001</misses>
				<total>6</total>
				<timestamp>4019.144543</timestamp>
			</report>
			<report>
				<misses>64400001</misses>
				<total>7</total>
				<timestamp>4025.138782</timestamp>
			</report>
			<report>
				<misses>64500001</misses>
				<total>7</total>
				<timestamp>4031.009219</timestamp>
			</report>
			<report>
				<misses>64600001</misses>
				<total>6</total>
				<timestamp>4037.172197</timestamp>
			</report>
			<report>
				<misses>64700001</misses>
				<total>6</total>
				<timestamp>4043.488279</timestamp>
			</report>
			<report>
				<misses>64800001</misses>
				<total>6</total>
				<timestamp>4049.799696</timestamp>
			</report>
			<report>
				<misses>64900001</misses>
				<total>7</total>
				<timestamp>4056.120831</timestamp>
			</report>
			<report>
				<misses>65000001</misses>
				<total>6</total>
				<timestamp>4062.440419</timestamp>
			</report>
			<report>
				<misses>65100001</misses>
				<total>7</total>
				<timestamp>4068.759157</timestamp>
			</report>
			<report>
				<misses>65200001</misses>
				<total>6</total>
				<timestamp>4075.011110</timestamp>
			</report>
			<report>
				<misses>65300001</misses>
				<total>7</total>
				<timestamp>4081.255571</timestamp>
			</report>
			<report>
				<misses>65400001</misses>
				<total>7</total>
				<timestamp>4087.585952</timestamp>
			</report>
			<report>
				<misses>65500001</misses>
				<total>6</total>
				<timestamp>4093.913698</timestamp>
			</report>
			<report>
				<misses>65600001</misses>
				<total>7</total>
				<timestamp>4100.228108</timestamp>
			</report>
			<report>
				<misses>65700001</misses>
				<total>6</total>
				<timestamp>4106.539162</timestamp>
			</report>
			<report>
				<misses>65800001</misses>
				<total>6</total>
				<timestamp>4112.865716</timestamp>
			</report>
			<report>
				<misses>65900001</misses>
				<total>7</total>
				<timestamp>4119.198721</timestamp>
			</report>
			<report>
				<misses>66000001</misses>
				<total>8</total>
				<timestamp>4125.511487</timestamp>
			</report>
			<report>
				<misses>66100001</misses>
				<total>7</total>
				<timestamp>4131.829569</timestamp>
			</report>
			<report>
				<misses>66200001</misses>
				<total>8</total>
				<timestamp>4138.145768</timestamp>
			</report>
			<report>
				<misses>66300001</misses>
				<total>7</total>
				<timestamp>4144.450016</timestamp>
			</report>
			<report>
				<misses>66400001</misses>
				<total>7</total>
				<timestamp>4150.766251</timestamp>
			</report>
			<report>
				<misses>66500001</misses>
				<total>7</total>
				<timestamp>4157.096764</timestamp>
			</report>
			<report>
				<misses>66600001</misses>
				<total>8</total>
				<timestamp>4163.425610</timestamp>
			</report>
			<report>
				<misses>66700001</misses>
				<total>7</total>
				<timestamp>4169.744740</timestamp>
			</report>
			<report>
				<misses>66800001</misses>
				<total>7</total>
				<timestamp>4176.066467</timestamp>
			</report>
			<report>
				<misses>66900001</misses>
				<total>7</total>
				<timestamp>4182.390646</timestamp>
			</report>
			<report>
				<misses>67000001</misses>
				<total>7</total>
				<timestamp>4188.521910</timestamp>
			</report>
			<report>
				<misses>67100001</misses>
				<total>7</total>
				<timestamp>4194.845664</timestamp>
			</report>
			<report>
				<misses>67200001</misses>
				<total>7</total>
				<timestamp>4201.169874</timestamp>
			</report>
			<report>
				<misses>67300001</misses>
				<total>7</total>
				<timestamp>4207.490371</timestamp>
			</report>
			<report>
				<misses>67400001</misses>
				<total>8</total>
				<timestamp>4213.829516</timestamp>
			</report>
			<report>
				<misses>67500001</misses>
				<total>7</total>
				<timestamp>4220.172259</timestamp>
			</report>
			<report>
				<misses>67600001</misses>
				<total>7</total>
				<timestamp>4226.519828</timestamp>
			</report>
			<report>
				<misses>67700001</misses>
				<total>7</total>
				<timestamp>4232.739687</timestamp>
			</report>
			<report>
				<misses>67800001</misses>
				<total>8</total>
				<timestamp>4238.495832</timestamp>
			</report>
			<report>
				<misses>67900001</misses>
				<total>8</total>
				<timestamp>4244.232142</timestamp>
			</report>
			<report>
				<misses>68000001</misses>
				<total>7</total>
				<timestamp>4249.960546</timestamp>
			</report>
			<report>
				<misses>68100001</misses>
				<total>7</total>
				<timestamp>4256.242304</timestamp>
			</report>
			<report>
				<misses>68200001</misses>
				<total>8</total>
				<timestamp>4262.564663</timestamp>
			</report>
			<report>
				<misses>68300001</misses>
				<total>8</total>
				<timestamp>4268.890210</timestamp>
			</report>
			<report>
				<misses>68400001</misses>
				<total>7</total>
				<timestamp>4275.212298</timestamp>
			</report>
			<report>
				<misses>68500001</misses>
				<total>7</total>
				<timestamp>4281.531997</timestamp>
			</report>
			<report>
				<misses>68600001</misses>
				<total>7</total>
				<timestamp>4287.848277</timestamp>
			</report>
			<report>
				<misses>68700001</misses>
				<total>7</total>
				<timestamp>4294.178461</timestamp>
			</report>
			<report>
				<misses>68800001</misses>
				<total>8</total>
				<timestamp>4300.497893</timestamp>
			</report>
			<report>
				<misses>68900001</misses>
				<total>7</total>
				<timestamp>4306.814357</timestamp>
			</report>
			<report>
				<misses>69000001</misses>
				<total>8</total>
				<timestamp>4313.145502</timestamp>
			</report>
			<report>
				<misses>69100001</misses>
				<total>7</total>
				<timestamp>4319.472362</timestamp>
			</report>
			<report>
				<misses>69200001</misses>
				<total>7</total>
				<timestamp>4325.804721</timestamp>
			</report>
			<report>
				<misses>69300001</misses>
				<total>8</total>
				<timestamp>4332.121526</timestamp>
			</report>
			<report>
				<misses>69400001</misses>
				<total>7</total>
				<timestamp>4338.448350</timestamp>
			</report>
			<report>
				<misses>69500001</misses>
				<total>8</total>
				<timestamp>4344.778128</timestamp>
			</report>
			<report>
				<misses>69600001</misses>
				<total>7</total>
				<timestamp>4351.095413</timestamp>
			</report>
			<report>
				<misses>69700001</misses>
				<total>8</total>
				<timestamp>4357.407649</timestamp>
			</report>
			<report>
				<misses>69800001</misses>
				<total>7</total>
				<timestamp>4363.738679</timestamp>
			</report>
			<report>
				<misses>69900001</misses>
				<total>7</total>
				<timestamp>4369.859294</timestamp>
			</report>
			<report>
				<misses>70000001</misses>
				<total>8</total>
				<timestamp>4375.732008</timestamp>
			</report>
			<report>
				<misses>70100001</misses>
				<total>9</total>
				<timestamp>4381.592975</timestamp>
			</report>
			<report>
				<misses>70200001</misses>
				<total>8</total>
				<timestamp>4387.919789</timestamp>
			</report>
			<report>
				<misses>70300001</misses>
				<total>8</total>
				<timestamp>4394.238716</timestamp>
			</report>
			<report>
				<misses>70400001</misses>
				<total>8</total>
				<timestamp>4400.559454</timestamp>
			</report>
			<report>
				<misses>70500001</misses>
				<total>7</total>
				<timestamp>4406.881697</timestamp>
			</report>
			<report>
				<misses>70600001</misses>
				<total>7</total>
				<timestamp>4413.202634</timestamp>
			</report>
			<report>
				<misses>70700001</misses>
				<total>8</total>
				<timestamp>4419.516850</timestamp>
			</report>
			<report>
				<misses>70800001</misses>
				<total>7</total>
				<timestamp>4425.839559</timestamp>
			</report>
			<report>
				<misses>70900001</misses>
				<total>7</total>
				<timestamp>4432.041677</timestamp>
			</report>
			<report>
				<misses>71000001</misses>
				<total>7</total>
				<timestamp>4438.327239</timestamp>
			</report>
			<report>
				<misses>71100001</misses>
				<total>7</total>
				<timestamp>4444.650364</timestamp>
			</report>
			<report>
				<misses>71200001</misses>
				<total>8</total>
				<timestamp>4450.973420</timestamp>
			</report>
			<report>
				<misses>71300001</misses>
				<total>8</total>
				<timestamp>4457.294909</timestamp>
			</report>
			<report>
				<misses>71400001</misses>
				<total>8</total>
				<timestamp>4463.617155</timestamp>
			</report>
			<report>
				<misses>71500001</misses>
				<total>8</total>
				<timestamp>4469.936703</timestamp>
			</report>
			<report>
				<misses>71600001</misses>
				<total>7</total>
				<timestamp>4476.257195</timestamp>
			</report>
			<report>
				<misses>71700001</misses>
				<total>7</total>
				<timestamp>4482.578758</timestamp>
			</report>
			<report>
				<misses>71800001</misses>
				<total>8</total>
				<timestamp>4488.904749</timestamp>
			</report>
			<report>
				<misses>71900001</misses>
				<total>7</total>
				<timestamp>4495.233109</timestamp>
			</report>
			<report>
				<misses>72000001</misses>
				<total>8</total>
				<timestamp>4501.552503</timestamp>
			</report>
			<report>
				<misses>72100001</misses>
				<total>7</total>
				<timestamp>4507.868979</timestamp>
			</report>
			<report>
				<misses>72200001</misses>
				<total>8</total>
				<timestamp>4513.884634</timestamp>
			</report>
			<report>
				<misses>72300001</misses>
				<total>7</total>
				<timestamp>4519.643139</timestamp>
			</report>
			<report>
				<misses>72400001</misses>
				<total>8</total>
				<timestamp>4525.389247</timestamp>
			</report>
			<report>
				<misses>72500001</misses>
				<total>7</total>
				<timestamp>4531.138551</timestamp>
			</report>
			<report>
				<misses>72600001</misses>
				<total>7</total>
				<timestamp>4536.867296</timestamp>
			</report>
			<report>
				<misses>72700001</misses>
				<total>7</total>
				<timestamp>4542.655324</timestamp>
			</report>
			<report>
				<misses>72800001</misses>
				<total>7</total>
				<timestamp>4548.977659</timestamp>
			</report>
			<report>
				<misses>72900001</misses>
				<total>7</total>
				<timestamp>4555.300237</timestamp>
			</report>
			<report>
				<misses>73000001</misses>
				<total>7</total>
				<timestamp>4561.614345</timestamp>
			</report>
			<report>
				<misses>73100001</misses>
				<total>7</total>
				<timestamp>4567.914944</timestamp>
			</report>
			<report>
				<misses>73200001</misses>
				<total>7</total>
				<timestamp>4574.271687</timestamp>
			</report>
			<report>
				<misses>73300001</misses>
				<total>7</total>
				<timestamp>4580.605025</timestamp>
			</report>
			<report>
				<misses>73400001</misses>
				<total>7</total>
				<timestamp>4586.934972</timestamp>
			</report>
			<report>
				<misses>73500001</misses>
				<total>7</total>
				<timestamp>4593.258996</timestamp>
			</report>
			<report>
				<misses>73600001</misses>
				<total>8</total>
				<timestamp>4599.582809</timestamp>
			</report>
			<report>
				<misses>73700001</misses>
				<total>7</total>
				<timestamp>4605.906516</timestamp>
			</report>
			<report>
				<misses>73800001</misses>
				<total>7</total>
				<timestamp>4612.228181</timestamp>
			</report>
			<report>
				<misses>73900001</misses>
				<total>7</total>
				<timestamp>4618.548828</timestamp>
			</report>
			<report>
				<misses>74000001</misses>
				<total>7</total>
				<timestamp>4624.876786</timestamp>
			</report>
			<report>
				<misses>74100001</misses>
				<total>8</total>
				<timestamp>4631.201858</timestamp>
			</report>
			<report>
				<misses>74200001</misses>
				<total>8</total>
				<timestamp>4637.524672</timestamp>
			</report>
			<report>
				<misses>74300001</misses>
				<total>7</total>
				<timestamp>4643.851622</timestamp>
			</report>
			<report>
				<misses>74400001</misses>
				<total>8</total>
				<timestamp>4650.176683</timestamp>
			</report>
			<report>
				<misses>74500001</misses>
				<total>8</total>
				<timestamp>4656.499247</timestamp>
			</report>
			<report>
				<misses>74600001</misses>
				<total>7</total>
				<timestamp>4662.826222</timestamp>
			</report>
			<report>
				<misses>74700001</misses>
				<total>8</total>
				<timestamp>4669.150595</timestamp>
			</report>
			<report>
				<misses>74800001</misses>
				<total>7</total>
				<timestamp>4675.328083</timestamp>
			</report>
			<report>
				<misses>74900001</misses>
				<total>7</total>
				<timestamp>4681.523815</timestamp>
			</report>
			<report>
				<misses>75000001</misses>
				<total>8</total>
				<timestamp>4687.748878</timestamp>
			</report>
			<report>
				<misses>75100001</misses>
				<total>7</total>
				<timestamp>4693.796257</timestamp>
			</report>
			<report>
				<misses>75200001</misses>
				<total>7</total>
				<timestamp>4700.105219</timestamp>
			</report>
			<report>
				<misses>75300001</misses>
				<total>7</total>
				<timestamp>4706.428111</timestamp>
			</report>
			<report>
				<misses>75400001</misses>
				<total>7</total>
				<timestamp>4712.756151</timestamp>
			</report>
			<report>
				<misses>75500001</misses>
				<total>7</total>
				<timestamp>4719.079923</timestamp>
			</report>
			<report>
				<misses>75600001</misses>
				<total>8</total>
				<timestamp>4725.398252</timestamp>
			</report>
			<report>
				<misses>75700001</misses>
				<total>7</total>
				<timestamp>4731.708461</timestamp>
			</report>
			<report>
				<misses>75800001</misses>
				<total>8</total>
				<timestamp>4738.028303</timestamp>
			</report>
			<report>
				<misses>75900001</misses>
				<total>8</total>
				<timestamp>4744.350311</timestamp>
			</report>
			<report>
				<misses>76000001</misses>
				<total>7</total>
				<timestamp>4750.671970</timestamp>
			</report>
			<report>
				<misses>76100001</misses>
				<total>7</total>
				<timestamp>4756.991408</timestamp>
			</report>
			<report>
				<misses>76200001</misses>
				<total>7</total>
				<timestamp>4763.309033</timestamp>
			</report>
			<report>
				<misses>76300001</misses>
				<total>7</total>
				<timestamp>4769.628071</timestamp>
			</report>
			<report>
				<misses>76400001</misses>
				<total>7</total>
				<timestamp>4775.954173</timestamp>
			</report>
			<report>
				<misses>76500001</misses>
				<total>7</total>
				<timestamp>4782.277075</timestamp>
			</report>
			<report>
				<misses>76600001</misses>
				<total>8</total>
				<timestamp>4788.595146</timestamp>
			</report>
			<report>
				<misses>76700001</misses>
				<total>7</total>
				<timestamp>4794.911104</timestamp>
			</report>
			<report>
				<misses>76800001</misses>
				<total>8</total>
				<timestamp>4801.231093</timestamp>
			</report>
			<report>
				<misses>76900001</misses>
				<total>8</total>
				<timestamp>4807.568900</timestamp>
			</report>
			<report>
				<misses>77000001</misses>
				<total>8</total>
				<timestamp>4813.891606</timestamp>
			</report>
			<report>
				<misses>77100001</misses>
				<total>7</total>
				<timestamp>4820.187664</timestamp>
			</report>
			<report>
				<misses>77200001</misses>
				<total>7</total>
				<timestamp>4826.482081</timestamp>
			</report>
			<report>
				<misses>77300001</misses>
				<total>8</total>
				<timestamp>4832.797764</timestamp>
			</report>
			<report>
				<misses>77400001</misses>
				<total>8</total>
				<timestamp>4839.118786</timestamp>
			</report>
			<report>
				<misses>77500001</misses>
				<total>7</total>
				<timestamp>4845.436146</timestamp>
			</report>
			<report>
				<misses>77600001</misses>
				<total>8</total>
				<timestamp>4851.763926</timestamp>
			</report>
			<report>
				<misses>77700001</misses>
				<total>8</total>
				<timestamp>4858.088989</timestamp>
			</report>
			<report>
				<misses>77800001</misses>
				<total>7</total>
				<timestamp>4864.414470</timestamp>
			</report>
			<report>
				<misses>77900001</misses>
				<total>8</total>
				<timestamp>4870.729190</timestamp>
			</report>
			<report>
				<misses>78000001</misses>
				<total>8</total>
				<timestamp>4877.038123</timestamp>
			</report>
			<report>
				<misses>78100001</misses>
				<total>8</total>
				<timestamp>4883.378103</timestamp>
			</report>
			<report>
				<misses>78200001</misses>
				<total>7</total>
				<timestamp>4889.710710</timestamp>
			</report>
			<report>
				<misses>78300001</misses>
				<total>7</total>
				<timestamp>4896.027525</timestamp>
			</report>
			<report>
				<misses>78400001</misses>
				<total>7</total>
				<timestamp>4902.333469</timestamp>
			</report>
			<report>
				<misses>78500001</misses>
				<total>7</total>
				<timestamp>4908.657657</timestamp>
			</report>
			<report>
				<misses>78600001</misses>
				<total>8</total>
				<timestamp>4914.979171</timestamp>
			</report>
			<report>
				<misses>78700001</misses>
				<total>8</total>
				<timestamp>4921.321990</timestamp>
			</report>
			<report>
				<misses>78800001</misses>
				<total>7</total>
				<timestamp>4927.666329</timestamp>
			</report>
			<report>
				<misses>78900001</misses>
				<total>7</total>
				<timestamp>4933.916610</timestamp>
			</report>
			<report>
				<misses>79000001</misses>
				<total>7</total>
				<timestamp>4940.167770</timestamp>
			</report>
			<report>
				<misses>79100001</misses>
				<total>7</total>
				<timestamp>4946.411415</timestamp>
			</report>
			<report>
				<misses>79200001</misses>
				<total>7</total>
				<timestamp>4952.680110</timestamp>
			</report>
			<report>
				<misses>79300001</misses>
				<total>7</total>
				<timestamp>4958.989513</timestamp>
			</report>
			<report>
				<misses>79400001</misses>
				<total>7</total>
				<timestamp>4965.280639</timestamp>
			</report>
			<report>
				<misses>79500001</misses>
				<total>7</total>
				<timestamp>4971.595182</timestamp>
			</report>
			<report>
				<misses>79600001</misses>
				<total>8</total>
				<timestamp>4977.889882</timestamp>
			</report>
			<report>
				<misses>79700001</misses>
				<total>8</total>
				<timestamp>4984.150338</timestamp>
			</report>
			<report>
				<misses>79800001</misses>
				<total>8</total>
				<timestamp>4990.403638</timestamp>
			</report>
			<report>
				<misses>79900001</misses>
				<total>8</total>
				<timestamp>4996.652979</timestamp>
			</report>
			<report>
				<misses>80000001</misses>
				<total>7</total>
				<timestamp>5002.949150</timestamp>
			</report>
			<report>
				<misses>80100001</misses>
				<total>8</total>
				<timestamp>5009.248493</timestamp>
			</report>
			<report>
				<misses>80200001</misses>
				<total>8</total>
				<timestamp>5015.557450</timestamp>
			</report>
			<report>
				<misses>80300001</misses>
				<total>7</total>
				<timestamp>5021.858943</timestamp>
			</report>
			<report>
				<misses>80400001</misses>
				<total>7</total>
				<timestamp>5028.185874</timestamp>
			</report>
			<report>
				<misses>80500001</misses>
				<total>7</total>
				<timestamp>5034.508818</timestamp>
			</report>
			<report>
				<misses>80600001</misses>
				<total>8</total>
				<timestamp>5040.837738</timestamp>
			</report>
			<report>
				<misses>80700001</misses>
				<total>8</total>
				<timestamp>5047.169724</timestamp>
			</report>
			<report>
				<misses>80800001</misses>
				<total>8</total>
				<timestamp>5053.495371</timestamp>
			</report>
			<report>
				<misses>80900001</misses>
				<total>7</total>
				<timestamp>5059.806850</timestamp>
			</report>
			<report>
				<misses>81000001</misses>
				<total>7</total>
				<timestamp>5066.060801</timestamp>
			</report>
			<report>
				<misses>81100001</misses>
				<total>7</total>
				<timestamp>5072.397636</timestamp>
			</report>
			<report>
				<misses>81200001</misses>
				<total>7</total>
				<timestamp>5078.735404</timestamp>
			</report>
			<report>
				<misses>81300001</misses>
				<total>8</total>
				<timestamp>5085.070469</timestamp>
			</report>
			<report>
				<misses>81400001</misses>
				<total>8</total>
				<timestamp>5090.986568</timestamp>
			</report>
			<report>
				<misses>81500001</misses>
				<total>7</total>
				<timestamp>5097.286684</timestamp>
			</report>
			<report>
				<misses>81600001</misses>
				<total>7</total>
				<timestamp>5103.615694</timestamp>
			</report>
			<report>
				<misses>81700001</misses>
				<total>7</total>
				<timestamp>5109.600669</timestamp>
			</report>
			<report>
				<misses>81800001</misses>
				<total>8</total>
				<timestamp>5115.520939</timestamp>
			</report>
			<report>
				<misses>81900001</misses>
				<total>8</total>
				<timestamp>5121.683431</timestamp>
			</report>
			<report>
				<misses>82000001</misses>
				<total>8</total>
				<timestamp>5128.006785</timestamp>
			</report>
			<report>
				<misses>82100001</misses>
				<total>7</total>
				<timestamp>5134.326862</timestamp>
			</report>
			<report>
				<misses>82200001</misses>
				<total>7</total>
				<timestamp>5140.653012</timestamp>
			</report>
			<report>
				<misses>82300001</misses>
				<total>7</total>
				<timestamp>5147.000744</timestamp>
			</report>
			<report>
				<misses>82400001</misses>
				<total>7</total>
				<timestamp>5153.333643</timestamp>
			</report>
			<report>
				<misses>82500001</misses>
				<total>8</total>
				<timestamp>5159.663906</timestamp>
			</report>
			<report>
				<misses>82600001</misses>
				<total>8</total>
				<timestamp>5165.989312</timestamp>
			</report>
			<report>
				<misses>82700001</misses>
				<total>8</total>
				<timestamp>5172.327924</timestamp>
			</report>
			<report>
				<misses>82800001</misses>
				<total>7</total>
				<timestamp>5178.641088</timestamp>
			</report>
			<report>
				<misses>82900001</misses>
				<total>8</total>
				<timestamp>5184.972795</timestamp>
			</report>
			<report>
				<misses>83000001</misses>
				<total>8</total>
				<timestamp>5191.304272</timestamp>
			</report>
			<report>
				<misses>83100001</misses>
				<total>7</total>
				<timestamp>5197.618701</timestamp>
			</report>
			<report>
				<misses>83200001</misses>
				<total>7</total>
				<timestamp>5203.950433</timestamp>
			</report>
			<report>
				<misses>83300001</misses>
				<total>7</total>
				<timestamp>5210.271870</timestamp>
			</report>
			<report>
				<misses>83400001</misses>
				<total>7</total>
				<timestamp>5216.595134</timestamp>
			</report>
			<report>
				<misses>83500001</misses>
				<total>7</total>
				<timestamp>5222.916059</timestamp>
			</report>
			<report>
				<misses>83600001</misses>
				<total>7</total>
				<timestamp>5229.237193</timestamp>
			</report>
			<report>
				<misses>83700001</misses>
				<total>8</total>
				<timestamp>5235.556099</timestamp>
			</report>
			<report>
				<misses>83800001</misses>
				<total>7</total>
				<timestamp>5241.878101</timestamp>
			</report>
			<report>
				<misses>83900001</misses>
				<total>7</total>
				<timestamp>5248.225366</timestamp>
			</report>
			<report>
				<misses>84000001</misses>
				<total>8</total>
				<timestamp>5254.551908</timestamp>
			</report>
			<report>
				<misses>84100001</misses>
				<total>8</total>
				<timestamp>5260.877478</timestamp>
			</report>
			<report>
				<misses>84200001</misses>
				<total>7</total>
				<timestamp>5267.197560</timestamp>
			</report>
			<report>
				<misses>84300001</misses>
				<total>8</total>
				<timestamp>5273.513897</timestamp>
			</report>
			<report>
				<misses>84400001</misses>
				<total>7</total>
				<timestamp>5279.833562</timestamp>
			</report>
			<report>
				<misses>84500001</misses>
				<total>7</total>
				<timestamp>5286.154615</timestamp>
			</report>
			<report>
				<misses>84600001</misses>
				<total>7</total>
				<timestamp>5292.478434</timestamp>
			</report>
			<report>
				<misses>84700001</misses>
				<total>8</total>
				<timestamp>5298.812845</timestamp>
			</report>
			<report>
				<misses>84800001</misses>
				<total>7</total>
				<timestamp>5305.143724</timestamp>
			</report>
			<report>
				<misses>84900001</misses>
				<total>7</total>
				<timestamp>5311.458412</timestamp>
			</report>
			<report>
				<misses>85000001</misses>
				<total>7</total>
				<timestamp>5317.779423</timestamp>
			</report>
			<report>
				<misses>85100001</misses>
				<total>8</total>
				<timestamp>5324.110803</timestamp>
			</report>
			<report>
				<misses>85200001</misses>
				<total>7</total>
				<timestamp>5330.429283</timestamp>
			</report>
			<report>
				<misses>85300001</misses>
				<total>7</total>
				<timestamp>5336.747179</timestamp>
			</report>
			<report>
				<misses>85400001</misses>
				<total>7</total>
				<timestamp>5343.049308</timestamp>
			</report>
			<report>
				<misses>85500001</misses>
				<total>7</total>
				<timestamp>5349.371314</timestamp>
			</report>
			<report>
				<misses>85600001</misses>
				<total>8</total>
				<timestamp>5355.703349</timestamp>
			</report>
			<report>
				<misses>85700001</misses>
				<total>7</total>
				<timestamp>5362.042874</timestamp>
			</report>
			<report>
				<misses>85800001</misses>
				<total>8</total>
				<timestamp>5368.367293</timestamp>
			</report>
			<report>
				<misses>85900001</misses>
				<total>7</total>
				<timestamp>5374.688485</timestamp>
			</report>
			<report>
				<misses>86000001</misses>
				<total>7</total>
				<timestamp>5381.024713</timestamp>
			</report>
			<report>
				<misses>86100001</misses>
				<total>7</total>
				<timestamp>5387.360849</timestamp>
			</report>
			<report>
				<misses>86200001</misses>
				<total>7</total>
				<timestamp>5393.697493</timestamp>
			</report>
			<report>
				<misses>86300001</misses>
				<total>7</total>
				<timestamp>5400.023349</timestamp>
			</report>
			<report>
				<misses>86400001</misses>
				<total>7</total>
				<timestamp>5406.347729</timestamp>
			</report>
			<report>
				<misses>86500001</misses>
				<total>8</total>
				<timestamp>5412.666877</timestamp>
			</report>
			<report>
				<misses>86600001</misses>
				<total>7</total>
				<timestamp>5418.972499</timestamp>
			</report>
			<report>
				<misses>86700001</misses>
				<total>7</total>
				<timestamp>5425.282578</timestamp>
			</report>
			<report>
				<misses>86800001</misses>
				<total>8</total>
				<timestamp>5431.638080</timestamp>
			</report>
			<report>
				<misses>86900001</misses>
				<total>7</total>
				<timestamp>5437.748053</timestamp>
			</report>
			<report>
				<misses>87000001</misses>
				<total>8</total>
				<timestamp>5443.796368</timestamp>
			</report>
			<report>
				<misses>87100001</misses>
				<total>7</total>
				<timestamp>5450.105789</timestamp>
			</report>
			<report>
				<misses>87200001</misses>
				<total>8</total>
				<timestamp>5456.433176</timestamp>
			</report>
			<report>
				<misses>87300001</misses>
				<total>7</total>
				<timestamp>5462.750915</timestamp>
			</report>
			<report>
				<misses>87400001</misses>
				<total>7</total>
				<timestamp>5469.063684</timestamp>
			</report>
			<report>
				<misses>87500001</misses>
				<total>8</total>
				<timestamp>5475.286029</timestamp>
			</report>
			<report>
				<misses>87600001</misses>
				<total>8</total>
				<timestamp>5481.044456</timestamp>
			</report>
			<report>
				<misses>87700001</misses>
				<total>7</total>
				<timestamp>5486.785554</timestamp>
			</report>
			<report>
				<misses>87800001</misses>
				<total>7</total>
				<timestamp>5492.520746</timestamp>
			</report>
			<report>
				<misses>87900001</misses>
				<total>7</total>
				<timestamp>5498.542125</timestamp>
			</report>
			<report>
				<misses>88000001</misses>
				<total>7</total>
				<timestamp>5504.863906</timestamp>
			</report>
			<report>
				<misses>88100001</misses>
				<total>7</total>
				<timestamp>5511.186108</timestamp>
			</report>
			<report>
				<misses>88200001</misses>
				<total>7</total>
				<timestamp>5517.505347</timestamp>
			</report>
			<report>
				<misses>88300001</misses>
				<total>8</total>
				<timestamp>5523.830109</timestamp>
			</report>
			<report>
				<misses>88400001</misses>
				<total>7</total>
				<timestamp>5530.142574</timestamp>
			</report>
			<report>
				<misses>88500001</misses>
				<total>7</total>
				<timestamp>5536.478218</timestamp>
			</report>
			<report>
				<misses>88600001</misses>
				<total>7</total>
				<timestamp>5542.834137</timestamp>
			</report>
			<report>
				<misses>88700001</misses>
				<total>9</total>
				<timestamp>5549.179675</timestamp>
			</report>
			<report>
				<misses>88800001</misses>
				<total>9</total>
				<timestamp>5555.513378</timestamp>
			</report>
			<report>
				<misses>88900001</misses>
				<total>8</total>
				<timestamp>5561.837820</timestamp>
			</report>
			<report>
				<misses>89000001</misses>
				<total>9</total>
				<timestamp>5568.145993</timestamp>
			</report>
			<report>
				<misses>89100001</misses>
				<total>9</total>
				<timestamp>5574.472999</timestamp>
			</report>
			<report>
				<misses>89200001</misses>
				<total>9</total>
				<timestamp>5580.801014</timestamp>
			</report>
			<report>
				<misses>89300001</misses>
				<total>8</total>
				<timestamp>5587.119525</timestamp>
			</report>
			<report>
				<misses>89400001</misses>
				<total>9</total>
				<timestamp>5593.441229</timestamp>
			</report>
			<report>
				<misses>89500001</misses>
				<total>8</total>
				<timestamp>5599.745445</timestamp>
			</report>
			<report>
				<misses>89600001</misses>
				<total>8</total>
				<timestamp>5606.057722</timestamp>
			</report>
			<report>
				<misses>89700001</misses>
				<total>8</total>
				<timestamp>5612.376941</timestamp>
			</report>
			<report>
				<misses>89800001</misses>
				<total>8</total>
				<timestamp>5618.698864</timestamp>
			</report>
			<report>
				<misses>89900001</misses>
				<total>8</total>
				<timestamp>5625.020863</timestamp>
			</report>
			<report>
				<misses>90000001</misses>
				<total>9</total>
				<timestamp>5631.340452</timestamp>
			</report>
			<report>
				<misses>90100001</misses>
				<total>8</total>
				<timestamp>5637.662833</timestamp>
			</report>
			<report>
				<misses>90200001</misses>
				<total>9</total>
				<timestamp>5643.984269</timestamp>
			</report>
			<report>
				<misses>90300001</misses>
				<total>8</total>
				<timestamp>5650.302322</timestamp>
			</report>
			<report>
				<misses>90400001</misses>
				<total>9</total>
				<timestamp>5656.617540</timestamp>
			</report>
			<report>
				<misses>90500001</misses>
				<total>8</total>
				<timestamp>5662.937047</timestamp>
			</report>
			<report>
				<misses>90600001</misses>
				<total>9</total>
				<timestamp>5669.258380</timestamp>
			</report>
			<report>
				<misses>90700001</misses>
				<total>9</total>
				<timestamp>5675.577859</timestamp>
			</report>
			<report>
				<misses>90800001</misses>
				<total>8</total>
				<timestamp>5681.907352</timestamp>
			</report>
			<report>
				<misses>90900001</misses>
				<total>8</total>
				<timestamp>5688.235232</timestamp>
			</report>
			<report>
				<misses>91000001</misses>
				<total>9</total>
				<timestamp>5694.569739</timestamp>
			</report>
			<report>
				<misses>91100001</misses>
				<total>8</total>
				<timestamp>5700.890486</timestamp>
			</report>
			<report>
				<misses>91200001</misses>
				<total>9</total>
				<timestamp>5707.197002</timestamp>
			</report>
			<report>
				<misses>91300001</misses>
				<total>8</total>
				<timestamp>5713.495473</timestamp>
			</report>
			<report>
				<misses>91400001</misses>
				<total>8</total>
				<timestamp>5719.768047</timestamp>
			</report>
			<report>
				<misses>91500001</misses>
				<total>9</total>
				<timestamp>5726.012784</timestamp>
			</report>
			<report>
				<misses>91600001</misses>
				<total>8</total>
				<timestamp>5732.340583</timestamp>
			</report>
			<report>
				<misses>91700001</misses>
				<total>8</total>
				<timestamp>5738.664902</timestamp>
			</report>
			<report>
				<misses>91800001</misses>
				<total>8</total>
				<timestamp>5744.803796</timestamp>
			</report>
			<report>
				<misses>91900001</misses>
				<total>9</total>
				<timestamp>5750.688909</timestamp>
			</report>
			<report>
				<misses>92000001</misses>
				<total>8</total>
				<timestamp>5756.571888</timestamp>
			</report>
			<report>
				<misses>92100001</misses>
				<total>8</total>
				<timestamp>5762.465004</timestamp>
			</report>
			<report>
				<misses>92200001</misses>
				<total>8</total>
				<timestamp>5768.336323</timestamp>
			</report>
			<report>
				<misses>92300001</misses>
				<total>9</total>
				<timestamp>5774.240416</timestamp>
			</report>
			<report>
				<misses>92400001</misses>
				<total>8</total>
				<timestamp>5780.272217</timestamp>
			</report>
			<report>
				<misses>92500001</misses>
				<total>8</total>
				<timestamp>5786.607669</timestamp>
			</report>
			<report>
				<misses>92600001</misses>
				<total>8</total>
				<timestamp>5792.945459</timestamp>
			</report>
			<report>
				<misses>92700001</misses>
				<total>9</total>
				<timestamp>5799.271020</timestamp>
			</report>
			<report>
				<misses>92800001</misses>
				<total>9</total>
				<timestamp>5805.596581</timestamp>
			</report>
			<report>
				<misses>92900001</misses>
				<total>8</total>
				<timestamp>5811.905464</timestamp>
			</report>
			<report>
				<misses>93000001</misses>
				<total>8</total>
				<timestamp>5818.209241</timestamp>
			</report>
			<report>
				<misses>93100001</misses>
				<total>8</total>
				<timestamp>5824.535835</timestamp>
			</report>
			<report>
				<misses>93200001</misses>
				<total>9</total>
				<timestamp>5830.860559</timestamp>
			</report>
			<report>
				<misses>93300001</misses>
				<total>8</total>
				<timestamp>5837.123228</timestamp>
			</report>
			<report>
				<misses>93400001</misses>
				<total>8</total>
				<timestamp>5843.446516</timestamp>
			</report>
			<report>
				<misses>93500001</misses>
				<total>8</total>
				<timestamp>5849.768818</timestamp>
			</report>
			<report>
				<misses>93600001</misses>
				<total>9</total>
				<timestamp>5856.086211</timestamp>
			</report>
			<report>
				<misses>93700001</misses>
				<total>8</total>
				<timestamp>5862.407933</timestamp>
			</report>
			<report>
				<misses>93800001</misses>
				<total>9</total>
				<timestamp>5868.727485</timestamp>
			</report>
			<report>
				<misses>93900001</misses>
				<total>8</total>
				<timestamp>5875.048701</timestamp>
			</report>
			<report>
				<misses>94000001</misses>
				<total>8</total>
				<timestamp>5881.369736</timestamp>
			</report>
			<report>
				<misses>94100001</misses>
				<total>8</total>
				<timestamp>5887.689516</timestamp>
			</report>
			<report>
				<misses>94200001</misses>
				<total>8</total>
				<timestamp>5893.665869</timestamp>
			</report>
			<report>
				<misses>94300001</misses>
				<total>9</total>
				<timestamp>5899.922929</timestamp>
			</report>
			<report>
				<misses>94400001</misses>
				<total>8</total>
				<timestamp>5906.250218</timestamp>
			</report>
			<report>
				<misses>94500001</misses>
				<total>8</total>
				<timestamp>5912.585609</timestamp>
			</report>
			<report>
				<misses>94600001</misses>
				<total>8</total>
				<timestamp>5918.915784</timestamp>
			</report>
			<report>
				<misses>94700001</misses>
				<total>8</total>
				<timestamp>5925.253848</timestamp>
			</report>
			<report>
				<misses>94800001</misses>
				<total>8</total>
				<timestamp>5931.579872</timestamp>
			</report>
			<report>
				<misses>94900001</misses>
				<total>8</total>
				<timestamp>5937.903544</timestamp>
			</report>
			<report>
				<misses>95000001</misses>
				<total>10</total>
				<timestamp>5944.226978</timestamp>
			</report>
			<report>
				<misses>95100001</misses>
				<total>9</total>
				<timestamp>5950.546187</timestamp>
			</report>
			<report>
				<misses>95200001</misses>
				<total>9</total>
				<timestamp>5956.861530</timestamp>
			</report>
			<report>
				<misses>95300001</misses>
				<total>10</total>
				<timestamp>5963.164338</timestamp>
			</report>
			<report>
				<misses>95400001</misses>
				<total>10</total>
				<timestamp>5969.493813</timestamp>
			</report>
			<report>
				<misses>95500001</misses>
				<total>9</total>
				<timestamp>5975.839458</timestamp>
			</report>
			<report>
				<misses>95600001</misses>
				<total>9</total>
				<timestamp>5982.158674</timestamp>
			</report>
			<report>
				<misses>95700001</misses>
				<total>9</total>
				<timestamp>5988.336274</timestamp>
			</report>
			<report>
				<misses>95800001</misses>
				<total>9</total>
				<timestamp>5994.485929</timestamp>
			</report>
			<report>
				<misses>95900001</misses>
				<total>10</total>
				<timestamp>6000.808050</timestamp>
			</report>
			<report>
				<misses>96000001</misses>
				<total>9</total>
				<timestamp>6006.792928</timestamp>
			</report>
			<report>
				<misses>96100001</misses>
				<total>9</total>
				<timestamp>6012.695408</timestamp>
			</report>
			<report>
				<misses>96200001</misses>
				<total>9</total>
				<timestamp>6018.595382</timestamp>
			</report>
			<report>
				<misses>96300001</misses>
				<total>9</total>
				<timestamp>6024.471806</timestamp>
			</report>
			<report>
				<misses>96400001</misses>
				<total>10</total>
				<timestamp>6030.387381</timestamp>
			</report>
			<report>
				<misses>96500001</misses>
				<total>10</total>
				<timestamp>6036.253266</timestamp>
			</report>
			<report>
				<misses>96600001</misses>
				<total>9</total>
				<timestamp>6042.165171</timestamp>
			</report>
			<report>
				<misses>96700001</misses>
				<total>10</total>
				<timestamp>6048.059402</timestamp>
			</report>
			<report>
				<misses>96800001</misses>
				<total>9</total>
				<timestamp>6053.976240</timestamp>
			</report>
			<report>
				<misses>96900001</misses>
				<total>9</total>
				<timestamp>6059.901737</timestamp>
			</report>
			<report>
				<misses>97000001</misses>
				<total>10</total>
				<timestamp>6065.819142</timestamp>
			</report>
			<report>
				<misses>97100001</misses>
				<total>9</total>
				<timestamp>6072.006017</timestamp>
			</report>
			<report>
				<misses>97200001</misses>
				<total>9</total>
				<timestamp>6078.320494</timestamp>
			</report>
			<report>
				<misses>97300001</misses>
				<total>9</total>
				<timestamp>6084.650055</timestamp>
			</report>
			<report>
				<misses>97400001</misses>
				<total>9</total>
				<timestamp>6090.976953</timestamp>
			</report>
			<report>
				<misses>97500001</misses>
				<total>9</total>
				<timestamp>6097.298382</timestamp>
			</report>
			<report>
				<misses>97600001</misses>
				<total>9</total>
				<timestamp>6103.623151</timestamp>
			</report>
			<report>
				<misses>97700001</misses>
				<total>9</total>
				<timestamp>6109.949469</timestamp>
			</report>
			<report>
				<misses>97800001</misses>
				<total>10</total>
				<timestamp>6116.275250</timestamp>
			</report>
			<report>
				<misses>97900001</misses>
				<total>9</total>
				<timestamp>6122.618217</timestamp>
			</report>
			<report>
				<misses>98000001</misses>
				<total>9</total>
				<timestamp>6128.960590</timestamp>
			</report>
			<report>
				<misses>98100001</misses>
				<total>9</total>
				<timestamp>6135.291241</timestamp>
			</report>
			<report>
				<misses>98200001</misses>
				<total>10</total>
				<timestamp>6141.621264</timestamp>
			</report>
			<report>
				<misses>98300001</misses>
				<total>9</total>
				<timestamp>6147.887715</timestamp>
			</report>
			<report>
				<misses>98400001</misses>
				<total>10</total>
				<timestamp>6154.194723</timestamp>
			</report>
			<report>
				<misses>98500001</misses>
				<total>10</total>
				<timestamp>6160.504678</timestamp>
			</report>
			<report>
				<misses>98600001</misses>
				<total>9</total>
				<timestamp>6166.820147</timestamp>
			</report>
			<report>
				<misses>98700001</misses>
				<total>9</total>
				<timestamp>6173.147704</timestamp>
			</report>
			<report>
				<misses>98800001</misses>
				<total>10</total>
				<timestamp>6179.475306</timestamp>
			</report>
			<report>
				<misses>98900001</misses>
				<total>10</total>
				<timestamp>6185.797047</timestamp>
			</report>
			<report>
				<misses>99000001</misses>
				<total>9</total>
				<timestamp>6192.123301</timestamp>
			</report>
			<report>
				<misses>99100001</misses>
				<total>10</total>
				<timestamp>6198.450658</timestamp>
			</report>
			<report>
				<misses>99200001</misses>
				<total>9</total>
				<timestamp>6204.750437</timestamp>
			</report>
			<report>
				<misses>99300001</misses>
				<total>9</total>
				<timestamp>6211.102474</timestamp>
			</report>
			<report>
				<misses>99400001</misses>
				<total>9</total>
				<timestamp>6217.438368</timestamp>
			</report>
			<report>
				<misses>99500001</misses>
				<total>9</total>
				<timestamp>6223.756956</timestamp>
			</report>
			<report>
				<misses>99600001</misses>
				<total>10</total>
				<timestamp>6230.089266</timestamp>
			</report>
			<report>
				<misses>99700001</misses>
				<total>10</total>
				<timestamp>6236.412567</timestamp>
			</report>
			<report>
				<misses>99800001</misses>
				<total>9</total>
				<timestamp>6242.734467</timestamp>
			</report>
			<report>
				<misses>99900001</misses>
				<total>9</total>
				<timestamp>6248.999788</timestamp>
			</report>
			<report>
				<misses>100000001</misses>
				<total>10</total>
				<timestamp>6255.266872</timestamp>
			</report>
			<report>
				<misses>100100001</misses>
				<total>9</total>
				<timestamp>6261.530259</timestamp>
			</report>
			<report>
				<misses>100200001</misses>
				<total>9</total>
				<timestamp>6267.800354</timestamp>
			</report>
			<report>
				<misses>100300001</misses>
				<total>9</total>
				<timestamp>6274.149152</timestamp>
			</report>
			<report>
				<misses>100400001</misses>
				<total>10</total>
				<timestamp>6280.428925</timestamp>
			</report>
			<report>
				<misses>100500001</misses>
				<total>9</total>
				<timestamp>6286.701425</timestamp>
			</report>
			<report>
				<misses>100600001</misses>
				<total>9</total>
				<timestamp>6292.992043</timestamp>
			</report>
			<report>
				<misses>100700001</misses>
				<total>10</total>
				<timestamp>6299.310321</timestamp>
			</report>
			<report>
				<misses>100800001</misses>
				<total>9</total>
				<timestamp>6305.632755</timestamp>
			</report>
			<report>
				<misses>100900001</misses>
				<total>10</total>
				<timestamp>6311.922882</timestamp>
			</report>
			<report>
				<misses>101000001</misses>
				<total>10</total>
				<timestamp>6318.182572</timestamp>
			</report>
			<report>
				<misses>101100001</misses>
				<total>9</total>
				<timestamp>6324.438940</timestamp>
			</report>
			<report>
				<misses>101200001</misses>
				<total>9</total>
				<timestamp>6330.714558</timestamp>
			</report>
			<report>
				<misses>101300001</misses>
				<total>9</total>
				<timestamp>6336.987883</timestamp>
			</report>
			<report>
				<misses>101400001</misses>
				<total>9</total>
				<timestamp>6343.260040</timestamp>
			</report>
			<report>
				<misses>101500001</misses>
				<total>9</total>
				<timestamp>6349.520046</timestamp>
			</report>
			<report>
				<misses>101600001</misses>
				<total>9</total>
				<timestamp>6355.788586</timestamp>
			</report>
			<report>
				<misses>101700001</misses>
				<total>9</total>
				<timestamp>6362.062775</timestamp>
			</report>
			<report>
				<misses>101800001</misses>
				<total>9</total>
				<timestamp>6368.327800</timestamp>
			</report>
			<report>
				<misses>101900001</misses>
				<total>10</total>
				<timestamp>6374.593324</timestamp>
			</report>
			<report>
				<misses>102000001</misses>
				<total>9</total>
				<timestamp>6380.892717</timestamp>
			</report>
			<report>
				<misses>102100001</misses>
				<total>9</total>
				<timestamp>6387.199549</timestamp>
			</report>
			<report>
				<misses>102200001</misses>
				<total>9</total>
				<timestamp>6393.520088</timestamp>
			</report>
			<report>
				<misses>102300001</misses>
				<total>9</total>
				<timestamp>6399.844062</timestamp>
			</report>
			<report>
				<misses>102400001</misses>
				<total>9</total>
				<timestamp>6406.170147</timestamp>
			</report>
			<report>
				<misses>102500001</misses>
				<total>9</total>
				<timestamp>6412.491902</timestamp>
			</report>
			<report>
				<misses>102600001</misses>
				<total>9</total>
				<timestamp>6418.825262</timestamp>
			</report>
			<report>
				<misses>102700001</misses>
				<total>9</total>
				<timestamp>6425.159460</timestamp>
			</report>
			<report>
				<misses>102800001</misses>
				<total>9</total>
				<timestamp>6431.511064</timestamp>
			</report>
			<report>
				<misses>102900001</misses>
				<total>9</total>
				<timestamp>6437.844240</timestamp>
			</report>
			<report>
				<misses>103000001</misses>
				<total>10</total>
				<timestamp>6444.163057</timestamp>
			</report>
			<report>
				<misses>103100001</misses>
				<total>10</total>
				<timestamp>6450.482403</timestamp>
			</report>
			<report>
				<misses>103200001</misses>
				<total>10</total>
				<timestamp>6456.814058</timestamp>
			</report>
			<report>
				<misses>103300001</misses>
				<total>9</total>
				<timestamp>6463.137347</timestamp>
			</report>
			<report>
				<misses>103400001</misses>
				<total>10</total>
				<timestamp>6469.438663</timestamp>
			</report>
			<report>
				<misses>103500001</misses>
				<total>9</total>
				<timestamp>6475.770533</timestamp>
			</report>
			<report>
				<misses>103600001</misses>
				<total>9</total>
				<timestamp>6482.083619</timestamp>
			</report>
			<report>
				<misses>103700001</misses>
				<total>9</total>
				<timestamp>6487.958054</timestamp>
			</report>
			<report>
				<misses>103800001</misses>
				<total>10</total>
				<timestamp>6493.732948</timestamp>
			</report>
			<report>
				<misses>103900001</misses>
				<total>10</total>
				<timestamp>6499.453898</timestamp>
			</report>
			<report>
				<misses>104000001</misses>
				<total>9</total>
				<timestamp>6505.207391</timestamp>
			</report>
			<report>
				<misses>104100001</misses>
				<total>9</total>
				<timestamp>6510.952283</timestamp>
			</report>
			<report>
				<misses>104200001</misses>
				<total>10</total>
				<timestamp>6516.677440</timestamp>
			</report>
			<report>
				<misses>104300001</misses>
				<total>10</total>
				<timestamp>6522.439163</timestamp>
			</report>
			<report>
				<misses>104400001</misses>
				<total>10</total>
				<timestamp>6528.428711</timestamp>
			</report>
			<report>
				<misses>104500001</misses>
				<total>9</total>
				<timestamp>6534.743388</timestamp>
			</report>
			<report>
				<misses>104600001</misses>
				<total>10</total>
				<timestamp>6541.056970</timestamp>
			</report>
			<report>
				<misses>104700001</misses>
				<total>9</total>
				<timestamp>6547.370080</timestamp>
			</report>
			<report>
				<misses>104800001</misses>
				<total>9</total>
				<timestamp>6553.709790</timestamp>
			</report>
			<report>
				<misses>104900001</misses>
				<total>10</total>
				<timestamp>6560.039174</timestamp>
			</report>
			<report>
				<misses>105000001</misses>
				<total>9</total>
				<timestamp>6566.388124</timestamp>
			</report>
			<report>
				<misses>105100001</misses>
				<total>10</total>
				<timestamp>6572.711874</timestamp>
			</report>
			<report>
				<misses>105200001</misses>
				<total>10</total>
				<timestamp>6579.035242</timestamp>
			</report>
			<report>
				<misses>105300001</misses>
				<total>9</total>
				<timestamp>6585.362010</timestamp>
			</report>
			<report>
				<misses>105400001</misses>
				<total>9</total>
				<timestamp>6591.714766</timestamp>
			</report>
			<report>
				<misses>105500001</misses>
				<total>10</total>
				<timestamp>6598.047934</timestamp>
			</report>
			<report>
				<misses>105600001</misses>
				<total>9</total>
				<timestamp>6604.369732</timestamp>
			</report>
			<report>
				<misses>105700001</misses>
				<total>9</total>
				<timestamp>6610.692783</timestamp>
			</report>
			<report>
				<misses>105800001</misses>
				<total>9</total>
				<timestamp>6617.013009</timestamp>
			</report>
			<report>
				<misses>105900001</misses>
				<total>9</total>
				<timestamp>6623.335863</timestamp>
			</report>
			<report>
				<misses>106000001</misses>
				<total>9</total>
				<timestamp>6629.655442</timestamp>
			</report>
			<report>
				<misses>106100001</misses>
				<total>10</total>
				<timestamp>6635.998002</timestamp>
			</report>
			<report>
				<misses>106200001</misses>
				<total>9</total>
				<timestamp>6642.327516</timestamp>
			</report>
			<report>
				<misses>106300001</misses>
				<total>9</total>
				<timestamp>6648.646267</timestamp>
			</report>
			<report>
				<misses>106400001</misses>
				<total>9</total>
				<timestamp>6654.974703</timestamp>
			</report>
			<report>
				<misses>106500001</misses>
				<total>9</total>
				<timestamp>6661.291404</timestamp>
			</report>
			<report>
				<misses>106600001</misses>
				<total>10</total>
				<timestamp>6667.600736</timestamp>
			</report>
			<report>
				<misses>106700001</misses>
				<total>9</total>
				<timestamp>6673.933617</timestamp>
			</report>
			<report>
				<misses>106800001</misses>
				<total>9</total>
				<timestamp>6680.204937</timestamp>
			</report>
			<report>
				<misses>106900001</misses>
				<total>9</total>
				<timestamp>6686.419426</timestamp>
			</report>
			<report>
				<misses>107000001</misses>
				<total>9</total>
				<timestamp>6692.650345</timestamp>
			</report>
			<report>
				<misses>107100001</misses>
				<total>9</total>
				<timestamp>6698.927241</timestamp>
			</report>
			<report>
				<misses>107200001</misses>
				<total>9</total>
				<timestamp>6705.244657</timestamp>
			</report>
			<report>
				<misses>107300001</misses>
				<total>10</total>
				<timestamp>6711.493918</timestamp>
			</report>
			<report>
				<misses>107400001</misses>
				<total>10</total>
				<timestamp>6717.751785</timestamp>
			</report>
			<report>
				<misses>107500001</misses>
				<total>10</total>
				<timestamp>6723.935215</timestamp>
			</report>
			<report>
				<misses>107600001</misses>
				<total>10</total>
				<timestamp>6729.733504</timestamp>
			</report>
			<report>
				<misses>107700001</misses>
				<total>10</total>
				<timestamp>6735.758977</timestamp>
			</report>
			<report>
				<misses>107800001</misses>
				<total>9</total>
				<timestamp>6742.099337</timestamp>
			</report>
			<report>
				<misses>107900001</misses>
				<total>9</total>
				<timestamp>6748.423217</timestamp>
			</report>
			<report>
				<misses>108000001</misses>
				<total>9</total>
				<timestamp>6754.756341</timestamp>
			</report>
			<report>
				<misses>108100001</misses>
				<total>9</total>
				<timestamp>6761.097337</timestamp>
			</report>
			<report>
				<misses>108200001</misses>
				<total>10</total>
				<timestamp>6767.444968</timestamp>
			</report>
			<report>
				<misses>108300001</misses>
				<total>9</total>
				<timestamp>6773.728965</timestamp>
			</report>
			<report>
				<misses>108400001</misses>
				<total>10</total>
				<timestamp>6779.643766</timestamp>
			</report>
			<report>
				<misses>108500001</misses>
				<total>9</total>
				<timestamp>6785.527642</timestamp>
			</report>
			<report>
				<misses>108600001</misses>
				<total>9</total>
				<timestamp>6791.591994</timestamp>
			</report>
			<report>
				<misses>108700001</misses>
				<total>9</total>
				<timestamp>6797.912913</timestamp>
			</report>
			<report>
				<misses>108800001</misses>
				<total>9</total>
				<timestamp>6804.235097</timestamp>
			</report>
			<report>
				<misses>108900001</misses>
				<total>9</total>
				<timestamp>6810.556463</timestamp>
			</report>
			<report>
				<misses>109000001</misses>
				<total>10</total>
				<timestamp>6816.886771</timestamp>
			</report>
			<report>
				<misses>109100001</misses>
				<total>9</total>
				<timestamp>6823.218765</timestamp>
			</report>
			<report>
				<misses>109200001</misses>
				<total>10</total>
				<timestamp>6829.540335</timestamp>
			</report>
			<report>
				<misses>109300001</misses>
				<total>9</total>
				<timestamp>6835.874445</timestamp>
			</report>
			<report>
				<misses>109400001</misses>
				<total>9</total>
				<timestamp>6842.198549</timestamp>
			</report>
			<report>
				<misses>109500001</misses>
				<total>9</total>
				<timestamp>6848.476684</timestamp>
			</report>
			<report>
				<misses>109600001</misses>
				<total>10</total>
				<timestamp>6854.805817</timestamp>
			</report>
			<report>
				<misses>109700001</misses>
				<total>9</total>
				<timestamp>6861.085092</timestamp>
			</report>
			<report>
				<misses>109800001</misses>
				<total>9</total>
				<timestamp>6867.332176</timestamp>
			</report>
			<report>
				<misses>109900001</misses>
				<total>9</total>
				<timestamp>6873.576080</timestamp>
			</report>
			<report>
				<misses>110000001</misses>
				<total>9</total>
				<timestamp>6879.853090</timestamp>
			</report>
			<report>
				<misses>110100001</misses>
				<total>9</total>
				<timestamp>6886.169351</timestamp>
			</report>
			<report>
				<misses>110200001</misses>
				<total>10</total>
				<timestamp>6892.485331</timestamp>
			</report>
			<report>
				<misses>110300001</misses>
				<total>9</total>
				<timestamp>6898.828608</timestamp>
			</report>
			<report>
				<misses>110400001</misses>
				<total>9</total>
				<timestamp>6905.163399</timestamp>
			</report>
			<report>
				<misses>110500001</misses>
				<total>9</total>
				<timestamp>6911.509390</timestamp>
			</report>
			<report>
				<misses>110600001</misses>
				<total>9</total>
				<timestamp>6917.859112</timestamp>
			</report>
			<report>
				<misses>110700001</misses>
				<total>9</total>
				<timestamp>6923.989609</timestamp>
			</report>
			<report>
				<misses>110800001</misses>
				<total>9</total>
				<timestamp>6930.214627</timestamp>
			</report>
			<report>
				<misses>110900001</misses>
				<total>9</total>
				<timestamp>6936.539390</timestamp>
			</report>
			<report>
				<misses>111000001</misses>
				<total>9</total>
				<timestamp>6942.861296</timestamp>
			</report>
			<report>
				<misses>111100001</misses>
				<total>9</total>
				<timestamp>6949.184185</timestamp>
			</report>
			<report>
				<misses>111200001</misses>
				<total>9</total>
				<timestamp>6955.509775</timestamp>
			</report>
			<report>
				<misses>111300001</misses>
				<total>9</total>
				<timestamp>6961.832603</timestamp>
			</report>
			<report>
				<misses>111400001</misses>
				<total>10</total>
				<timestamp>6968.098786</timestamp>
			</report>
			<report>
				<misses>111500001</misses>
				<total>10</total>
				<timestamp>6974.409983</timestamp>
			</report>
			<report>
				<misses>111600001</misses>
				<total>9</total>
				<timestamp>6980.732917</timestamp>
			</report>
			<report>
				<misses>111700001</misses>
				<total>9</total>
				<timestamp>6987.056233</timestamp>
			</report>
			<report>
				<misses>111800001</misses>
				<total>9</total>
				<timestamp>6993.379230</timestamp>
			</report>
			<report>
				<misses>111900001</misses>
				<total>9</total>
				<timestamp>6999.706439</timestamp>
			</report>
			<report>
				<misses>112000001</misses>
				<total>10</total>
				<timestamp>7006.027761</timestamp>
			</report>
			<report>
				<misses>112100001</misses>
				<total>9</total>
				<timestamp>7012.347033</timestamp>
			</report>
			<report>
				<misses>112200001</misses>
				<total>10</total>
				<timestamp>7018.653571</timestamp>
			</report>
			<report>
				<misses>112300001</misses>
				<total>10</total>
				<timestamp>7024.965434</timestamp>
			</report>
			<report>
				<misses>112400001</misses>
				<total>9</total>
				<timestamp>7031.260511</timestamp>
			</report>
			<report>
				<misses>112500001</misses>
				<total>9</total>
				<timestamp>7037.069371</timestamp>
			</report>
			<report>
				<misses>112600001</misses>
				<total>10</total>
				<timestamp>7043.409033</timestamp>
			</report>
			<report>
				<misses>112700001</misses>
				<total>9</total>
				<timestamp>7049.736607</timestamp>
			</report>
			<report>
				<misses>112800001</misses>
				<total>10</total>
				<timestamp>7056.053792</timestamp>
			</report>
			<report>
				<misses>112900001</misses>
				<total>9</total>
				<timestamp>7062.366214</timestamp>
			</report>
			<report>
				<misses>113000001</misses>
				<total>10</total>
				<timestamp>7068.693316</timestamp>
			</report>
			<report>
				<misses>113100001</misses>
				<total>10</total>
				<timestamp>7075.028129</timestamp>
			</report>
			<report>
				<misses>113200001</misses>
				<total>10</total>
				<timestamp>7080.905419</timestamp>
			</report>
			<report>
				<misses>113300001</misses>
				<total>9</total>
				<timestamp>7086.804738</timestamp>
			</report>
			<report>
				<misses>113400001</misses>
				<total>9</total>
				<timestamp>7092.899127</timestamp>
			</report>
			<report>
				<misses>113500001</misses>
				<total>10</total>
				<timestamp>7098.962253</timestamp>
			</report>
			<report>
				<misses>113600001</misses>
				<total>9</total>
				<timestamp>7105.254958</timestamp>
			</report>
			<report>
				<misses>113700001</misses>
				<total>10</total>
				<timestamp>7111.577281</timestamp>
			</report>
			<report>
				<misses>113800001</misses>
				<total>10</total>
				<timestamp>7117.902058</timestamp>
			</report>
			<report>
				<misses>113900001</misses>
				<total>10</total>
				<timestamp>7124.231349</timestamp>
			</report>
			<report>
				<misses>114000001</misses>
				<total>10</total>
				<timestamp>7130.548803</timestamp>
			</report>
			<report>
				<misses>114100001</misses>
				<total>9</total>
				<timestamp>7136.862347</timestamp>
			</report>
			<report>
				<misses>114200001</misses>
				<total>10</total>
				<timestamp>7143.183151</timestamp>
			</report>
			<report>
				<misses>114300001</misses>
				<total>9</total>
				<timestamp>7149.509696</timestamp>
			</report>
			<report>
				<misses>114400001</misses>
				<total>9</total>
				<timestamp>7155.835731</timestamp>
			</report>
			<report>
				<misses>114500001</misses>
				<total>9</total>
				<timestamp>7162.159079</timestamp>
			</report>
			<report>
				<misses>114600001</misses>
				<total>9</total>
				<timestamp>7168.480334</timestamp>
			</report>
			<report>
				<misses>114700001</misses>
				<total>10</total>
				<timestamp>7174.796918</timestamp>
			</report>
			<report>
				<misses>114800001</misses>
				<total>9</total>
				<timestamp>7181.113226</timestamp>
			</report>
			<report>
				<misses>114900001</misses>
				<total>10</total>
				<timestamp>7187.435165</timestamp>
			</report>
			<report>
				<misses>115000001</misses>
				<total>10</total>
				<timestamp>7193.757776</timestamp>
			</report>
		</query>
	</custom>
	<ethtool_statistic>
		<rx_packets>
			<start>592300652</start>
			<end>1499761127</end>
		</rx_packets>
		<tx_packets>
			<start>1866131124</start>
			<end>2786910106</end>
		</tx_packets>
		<rx_dropped>
			<start>0</start>
			<end>0</end>
		</rx_dropped>
		<tx_dropped>
			<start>0</start>
			<end>0</end>
		</tx_dropped>
		<collisions>
			<start>0</start>
			<end>0</end>
		</collisions>
		<port_tx_errors>
			<start>0</start>
			<end>0</end>
		</port_tx_errors>
		<port_rx_dropped>
			<start>0</start>
			<end>0</end>
		</port_rx_dropped>
		<port_tx_dropped_link_down>
			<start>0</start>
			<end>0</end>
		</port_tx_dropped_link_down>
	</ethtool_statistic>
	<ip_statistic>
		<mtu>
			<start>9000</start>
			<end>9000</end>
		</mtu>
		<rx_bytes>
			<start>2718415828980</start>
			<end>10123268855608</end>
		</rx_bytes>
		<rx_packets>
			<start>592300924</start>
			<end>1499761127</end>
		</rx_packets>
		<rx_errors>
			<start>0</start>
			<end>0</end>
		</rx_errors>
		<rx_dropped>
			<start>0</start>
			<end>0</end>
		</rx_dropped>
		<rx_missed>
			<start>0</start>
			<end>0</end>
		</rx_missed>
		<rx_mcast>
			<start>152</start>
			<end>164</end>
		</rx_mcast>
		<tx_bytes>
			<start>6688783783324</start>
			<end>14202317976224</end>
		</tx_bytes>
		<tx_packets>
			<start>1866131124</start>
			<end>2786910106</end>
		</tx_packets>
		<tx_errors>
			<start>0</start>
			<end>0</end>
		</tx_errors>
		<tx_dropped>
			<start>0</start>
			<end>0</end>
		</tx_dropped>
		<tx_carrier>
			<start>0</start>
			<end>0</end>
		</tx_carrier>
		<tx_collisions>
			<start>0</start>
			<end>0</end>
		</tx_collisions>
	</ip_statistic>
	<netstat_statistic>
		<udp_pkg_rec>
			<start>2863432723</start>
			<end>3090246146</end>
		</udp_pkg_rec>
		<udp_pkg_snt>
			<start>5431263048</start>
			<end>5660183992</end>
		</udp_pkg_snt>
		<udp_rec_err>
			<start>0</start>
			<end>0</end>
		</udp_rec_err>
		<udp_rec_buf_err>
			<start>0</start>
			<end>0</end>
		</udp_rec_buf_err>
		<udp_snt_buf_err>
			<start>0</start>
			<end>0</end>
		</udp_snt_buf_err>
	</netstat_statistic>
</test_results>
