<?xml version="1.0"?>
<test_results>
	<status>STATUS_SUCCESS</status>
	<custom>
		<num_loss>97</num_loss>
		<num_total>5000001</num_total>
		<num_misses>100</num_misses>
		<elapsed_time>400.004130</elapsed_time>
		<query>
			<report>
				<misses>100000</misses>
				<total>0</total>
				<timestamp>8.000333</timestamp>
			</report>
			<report>
				<misses>200000</misses>
				<total>1</total>
				<timestamp>16.000589</timestamp>
			</report>
			<report>
				<misses>300000</misses>
				<total>2</total>
				<timestamp>24.001212</timestamp>
			</report>
			<report>
				<misses>400000</misses>
				<total>6</total>
				<timestamp>32.001152</timestamp>
			</report>
			<report>
				<misses>500000</misses>
				<total>9</total>
				<timestamp>40.001409</timestamp>
			</report>
			<report>
				<misses>600000</misses>
				<total>16</total>
				<timestamp>48.001588</timestamp>
			</report>
			<report>
				<misses>700000</misses>
				<total>17</total>
				<timestamp>56.001467</timestamp>
			</report>
			<report>
				<misses>800000</misses>
				<total>17</total>
				<timestamp>64.001377</timestamp>
			</report>
			<report>
				<misses>900000</misses>
				<total>17</total>
				<timestamp>72.001320</timestamp>
			</report>
			<report>
				<misses>1000000</misses>
				<total>17</total>
				<timestamp>80.001248</timestamp>
			</report>
			<report>
				<misses>1100000</misses>
				<total>18</total>
				<timestamp>88.001138</timestamp>
			</report>
			<report>
				<misses>1200000</misses>
				<total>19</total>
				<timestamp>96.001064</timestamp>
			</report>
			<report>
				<misses>1300000</misses>
				<total>19</total>
				<timestamp>104.000981</timestamp>
			</report>
			<report>
				<misses>1400000</misses>
				<total>23</total>
				<timestamp>112.000974</timestamp>
			</report>
			<report>
				<misses>1500000</misses>
				<total>24</total>
				<timestamp>120.000902</timestamp>
			</report>
			<report>
				<misses>1600000</misses>
				<total>25</total>
				<timestamp>128.000870</timestamp>
			</report>
			<report>
				<misses>1700000</misses>
				<total>27</total>
				<timestamp>136.000834</timestamp>
			</report>
			<report>
				<misses>1800000</misses>
				<total>32</total>
				<timestamp>144.000761</timestamp>
			</report>
			<report>
				<misses>1900000</misses>
				<total>36</total>
				<timestamp>152.000645</timestamp>
			</report>
			<report>
				<misses>2000000</misses>
				<total>38</total>
				<timestamp>160.000979</timestamp>
			</report>
			<report>
				<misses>2100000</misses>
				<total>43</total>
				<timestamp>168.001209</timestamp>
			</report>
			<report>
				<misses>2200000</misses>
				<total>45</total>
				<timestamp>176.001142</timestamp>
			</report>
			<report>
				<misses>2300000</misses>
				<total>48</total>
				<timestamp>184.001298</timestamp>
			</report>
			<report>
				<misses>2400000</misses>
				<total>53</total>
				<timestamp>192.001215</timestamp>
			</report>
			<report>
				<misses>2500000</misses>
				<total>56</total>
				<timestamp>200.001143</timestamp>
			</report>
			<report>
				<misses>2600000</misses>
				<total>58</total>
				<timestamp>208.001303</timestamp>
			</report>
			<report>
				<misses>2700000</misses>
				<total>58</total>
				<timestamp>216.001225</timestamp>
			</report>
			<report>
				<misses>2800000</misses>
				<total>60</total>
				<timestamp>224.001139</timestamp>
			</report>
			<report>
				<misses>2900000</misses>
				<total>60</total>
				<timestamp>232.001063</timestamp>
			</report>
			<report>
				<misses>3000000</misses>
				<total>60</total>
				<timestamp>240.000971</timestamp>
			</report>
			<report>
				<misses>3100000</misses>
				<total>60</total>
				<timestamp>248.000897</timestamp>
			</report>
			<report>
				<misses>3200000</misses>
				<total>60</total>
				<timestamp>256.000826</timestamp>
			</report>
			<report>
				<misses>3300000</misses>
				<total>63</total>
				<timestamp>264.001140</timestamp>
			</report>
			<report>
				<misses>3400000</misses>
				<total>63</total>
				<timestamp>272.001876</timestamp>
			</report>
			<report>
				<misses>3500000</misses>
				<total>63</total>
				<timestamp>280.002175</timestamp>
			</report>
			<report>
				<misses>3600000</misses>
				<total>63</total>
				<timestamp>288.002251</timestamp>
			</report>
			<report>
				<misses>3700000</misses>
				<total>72</total>
				<timestamp>296.002354</timestamp>
			</report>
			<report>
				<misses>3800000</misses>
				<total>72</total>
				<timestamp>304.002679</timestamp>
			</report>
			<report>
				<misses>3900000</misses>
				<total>72</total>
				<timestamp>312.002809</timestamp>
			</report>
			<report>
				<misses>4000000</misses>
				<total>73</total>
				<timestamp>320.003010</timestamp>
			</report>
			<report>
				<misses>4100000</misses>
				<total>75</total>
				<timestamp>328.003217</timestamp>
			</report>
			<report>
				<misses>4200000</misses>
				<total>76</total>
				<timestamp>336.003485</timestamp>
			</report>
			<report>
				<misses>4300000</misses>
				<total>78</total>
				<timestamp>344.003866</timestamp>
			</report>
			<report>
				<misses>4400000</misses>
				<total>81</total>
				<timestamp>352.003886</timestamp>
			</report>
			<report>
				<misses>4500000</misses>
				<total>85</total>
				<timestamp>360.004208</timestamp>
			</report>
			<report>
				<misses>4600000</misses>
				<total>85</total>
				<timestamp>368.004258</timestamp>
			</report>
			<report>
				<misses>4700000</misses>
				<total>88</total>
				<timestamp>376.004190</timestamp>
			</report>
			<report>
				<misses>4800000</misses>
				<total>91</total>
				<timestamp>384.004140</timestamp>
			</report>
			<report>
				<misses>4900000</misses>
				<total>94</total>
				<timestamp>392.004119</timestamp>
			</report>
			<report>
				<misses>5000000</misses>
				<total>97</total>
				<timestamp>400.004106</timestamp>
			</report>
		</query>
	</custom>
	<ethtool_statistic>
		<rx_packets>
			<start>2588156523</start>
			<end>2607007659</end>
		</rx_packets>
		<tx_packets>
			<start>2934527001</start>
			<end>2950840048</end>
		</tx_packets>
		<rx_dropped>
			<start>0</start>
			<end>0</end>
		</rx_dropped>
		<tx_dropped>
			<start>0</start>
			<end>0</end>
		</tx_dropped>
		<collisions>
			<start>0</start>
			<end>0</end>
		</collisions>
		<port_tx_errors>
			<start>0</start>
			<end>0</end>
		</port_tx_errors>
		<port_rx_dropped>
			<start>0</start>
			<end>0</end>
		</port_rx_dropped>
		<port_tx_dropped_link_down>
			<start>0</start>
			<end>0</end>
		</port_tx_dropped_link_down>
	</ethtool_statistic>
	<ip_statistic>
		<mtu>
			<start>9000</start>
			<end>9000</end>
		</mtu>
		<rx_bytes>
			<start>23266893443381</start>
			<end>23436363207860</end>
		</rx_bytes>
		<rx_packets>
			<start>2588156580</start>
			<end>2607007752</end>
		</rx_packets>
		<rx_errors>
			<start>0</start>
			<end>0</end>
		</rx_errors>
		<rx_dropped>
			<start>0</start>
			<end>0</end>
		</rx_dropped>
		<rx_missed>
			<start>0</start>
			<end>0</end>
		</rx_missed>
		<rx_mcast>
			<start>470</start>
			<end>476</end>
		</rx_mcast>
		<tx_bytes>
			<start>14504915445009</start>
			<end>14651327908149</end>
		</tx_bytes>
		<tx_packets>
			<start>2934527056</start>
			<end>2950840104</end>
		</tx_packets>
		<tx_errors>
			<start>0</start>
			<end>0</end>
		</tx_errors>
		<tx_dropped>
			<start>0</start>
			<end>0</end>
		</tx_dropped>
		<tx_carrier>
			<start>0</start>
			<end>0</end>
		</tx_carrier>
		<tx_collisions>
			<start>0</start>
			<end>0</end>
		</tx_collisions>
	</ip_statistic>
	<netstat_statistic>
		<udp_pkg_rec>
			<start>2438193566</start>
			<end>2456080286</end>
		</udp_pkg_rec>
		<udp_pkg_snt>
			<start>2934845559</start>
			<end>2951161659</end>
		</udp_pkg_snt>
		<udp_rec_err>
			<start>150214392</start>
			<end>151180897</end>
		</udp_rec_err>
		<udp_rec_buf_err>
			<start>150214392</start>
			<end>151180897</end>
		</udp_rec_buf_err>
		<udp_snt_buf_err>
			<start>0</start>
			<end>0</end>
		</udp_snt_buf_err>
	</netstat_statistic>
</test_results>
