<?xml version="1.0"?>
<test_results>
	<status>STATUS_SUCCESS</status>
	<custom>
		<num_loss>51</num_loss>
		<num_total>5605001</num_total>
		<num_misses>6</num_misses>
		<elapsed_time>1511.838486</elapsed_time>
		<query>
			<report>
				<misses>1001</misses>
				<total>1</total>
				<timestamp>0.269920</timestamp>
			</report>
			<report>
				<misses>2001</misses>
				<total>1</total>
				<timestamp>0.539711</timestamp>
			</report>
			<report>
				<misses>3001</misses>
				<total>1</total>
				<timestamp>0.809384</timestamp>
			</report>
			<report>
				<misses>4001</misses>
				<total>1</total>
				<timestamp>1.079105</timestamp>
			</report>
			<report>
				<misses>5001</misses>
				<total>1</total>
				<timestamp>1.348813</timestamp>
			</report>
			<report>
				<misses>6001</misses>
				<total>1</total>
				<timestamp>1.618546</timestamp>
			</report>
			<report>
				<misses>7001</misses>
				<total>0</total>
				<timestamp>1.888457</timestamp>
			</report>
			<report>
				<misses>8001</misses>
				<total>1</total>
				<timestamp>2.158024</timestamp>
			</report>
			<report>
				<misses>9001</misses>
				<total>1</total>
				<timestamp>2.427800</timestamp>
			</report>
			<report>
				<misses>10001</misses>
				<total>1</total>
				<timestamp>2.697557</timestamp>
			</report>
			<report>
				<misses>11001</misses>
				<total>1</total>
				<timestamp>2.967231</timestamp>
			</report>
			<report>
				<misses>12001</misses>
				<total>1</total>
				<timestamp>3.236961</timestamp>
			</report>
			<report>
				<misses>13001</misses>
				<total>1</total>
				<timestamp>3.506936</timestamp>
			</report>
			<report>
				<misses>14001</misses>
				<total>1</total>
				<timestamp>3.776669</timestamp>
			</report>
			<report>
				<misses>15001</misses>
				<total>1</total>
				<timestamp>4.046465</timestamp>
			</report>
			<report>
				<misses>16001</misses>
				<total>1</total>
				<timestamp>4.316155</timestamp>
			</report>
			<report>
				<misses>17001</misses>
				<total>1</total>
				<timestamp>4.585863</timestamp>
			</report>
			<report>
				<misses>18001</misses>
				<total>1</total>
				<timestamp>4.855621</timestamp>
			</report>
			<report>
				<misses>19001</misses>
				<total>1</total>
				<timestamp>5.125416</timestamp>
			</report>
			<report>
				<misses>20001</misses>
				<total>1</total>
				<timestamp>5.395068</timestamp>
			</report>
			<report>
				<misses>21001</misses>
				<total>1</total>
				<timestamp>5.664786</timestamp>
			</report>
			<report>
				<misses>22001</misses>
				<total>1</total>
				<timestamp>5.934536</timestamp>
			</report>
			<report>
				<misses>23001</misses>
				<total>1</total>
				<timestamp>6.204271</timestamp>
			</report>
			<report>
				<misses>24001</misses>
				<total>1</total>
				<timestamp>6.473971</timestamp>
			</report>
			<report>
				<misses>25001</misses>
				<total>1</total>
				<timestamp>6.743694</timestamp>
			</report>
			<report>
				<misses>26001</misses>
				<total>0</total>
				<timestamp>7.013540</timestamp>
			</report>
			<report>
				<misses>27001</misses>
				<total>1</total>
				<timestamp>7.283172</timestamp>
			</report>
			<report>
				<misses>28001</misses>
				<total>1</total>
				<timestamp>7.552910</timestamp>
			</report>
			<report>
				<misses>29001</misses>
				<total>1</total>
				<timestamp>7.822663</timestamp>
			</report>
			<report>
				<misses>30001</misses>
				<total>1</total>
				<timestamp>8.092409</timestamp>
			</report>
			<report>
				<misses>31001</misses>
				<total>1</total>
				<timestamp>8.362097</timestamp>
			</report>
			<report>
				<misses>32001</misses>
				<total>1</total>
				<timestamp>8.631810</timestamp>
			</report>
			<report>
				<misses>33001</misses>
				<total>1</total>
				<timestamp>8.901607</timestamp>
			</report>
			<report>
				<misses>34001</misses>
				<total>0</total>
				<timestamp>9.171422</timestamp>
			</report>
			<report>
				<misses>35001</misses>
				<total>1</total>
				<timestamp>9.441038</timestamp>
			</report>
			<report>
				<misses>36001</misses>
				<total>1</total>
				<timestamp>9.710742</timestamp>
			</report>
			<report>
				<misses>37001</misses>
				<total>1</total>
				<timestamp>9.980508</timestamp>
			</report>
			<report>
				<misses>38001</misses>
				<total>1</total>
				<timestamp>10.250512</timestamp>
			</report>
			<report>
				<misses>39001</misses>
				<total>1</total>
				<timestamp>10.520203</timestamp>
			</report>
			<report>
				<misses>40001</misses>
				<total>1</total>
				<timestamp>10.789951</timestamp>
			</report>
			<report>
				<misses>41001</misses>
				<total>1</total>
				<timestamp>11.059649</timestamp>
			</report>
			<report>
				<misses>42001</misses>
				<total>0</total>
				<timestamp>11.329494</timestamp>
			</report>
			<report>
				<misses>43001</misses>
				<total>1</total>
				<timestamp>11.599232</timestamp>
			</report>
			<report>
				<misses>44001</misses>
				<total>1</total>
				<timestamp>11.868881</timestamp>
			</report>
			<report>
				<misses>45001</misses>
				<total>1</total>
				<timestamp>12.138587</timestamp>
			</report>
			<report>
				<misses>46001</misses>
				<total>1</total>
				<timestamp>12.408383</timestamp>
			</report>
			<report>
				<misses>47001</misses>
				<total>1</total>
				<timestamp>12.678026</timestamp>
			</report>
			<report>
				<misses>48001</misses>
				<total>1</total>
				<timestamp>12.947750</timestamp>
			</report>
			<report>
				<misses>49001</misses>
				<total>1</total>
				<timestamp>13.217489</timestamp>
			</report>
			<report>
				<misses>50001</misses>
				<total>1</total>
				<timestamp>13.487224</timestamp>
			</report>
			<report>
				<misses>51001</misses>
				<total>1</total>
				<timestamp>13.756953</timestamp>
			</report>
			<report>
				<misses>52001</misses>
				<total>1</total>
				<timestamp>14.026715</timestamp>
			</report>
			<report>
				<misses>53001</misses>
				<total>0</total>
				<timestamp>14.296522</timestamp>
			</report>
			<report>
				<misses>54001</misses>
				<total>1</total>
				<timestamp>14.566150</timestamp>
			</report>
			<report>
				<misses>55001</misses>
				<total>1</total>
				<timestamp>14.835871</timestamp>
			</report>
			<report>
				<misses>56001</misses>
				<total>1</total>
				<timestamp>15.105609</timestamp>
			</report>
			<report>
				<misses>57001</misses>
				<total>0</total>
				<timestamp>15.375491</timestamp>
			</report>
			<report>
				<misses>58001</misses>
				<total>1</total>
				<timestamp>15.645045</timestamp>
			</report>
			<report>
				<misses>59001</misses>
				<total>1</total>
				<timestamp>15.914788</timestamp>
			</report>
			<report>
				<misses>60001</misses>
				<total>0</total>
				<timestamp>16.184609</timestamp>
			</report>
			<report>
				<misses>61001</misses>
				<total>0</total>
				<timestamp>16.454353</timestamp>
			</report>
			<report>
				<misses>62001</misses>
				<total>1</total>
				<timestamp>16.723992</timestamp>
			</report>
			<report>
				<misses>63001</misses>
				<total>1</total>
				<timestamp>16.993720</timestamp>
			</report>
			<report>
				<misses>64001</misses>
				<total>1</total>
				<timestamp>17.263448</timestamp>
			</report>
			<report>
				<misses>65001</misses>
				<total>1</total>
				<timestamp>17.533179</timestamp>
			</report>
			<report>
				<misses>66001</misses>
				<total>1</total>
				<timestamp>17.802922</timestamp>
			</report>
			<report>
				<misses>67001</misses>
				<total>1</total>
				<timestamp>18.072666</timestamp>
			</report>
			<report>
				<misses>68001</misses>
				<total>1</total>
				<timestamp>18.342413</timestamp>
			</report>
			<report>
				<misses>69001</misses>
				<total>1</total>
				<timestamp>18.612083</timestamp>
			</report>
			<report>
				<misses>70001</misses>
				<total>1</total>
				<timestamp>18.881813</timestamp>
			</report>
			<report>
				<misses>71001</misses>
				<total>1</total>
				<timestamp>19.151561</timestamp>
			</report>
			<report>
				<misses>72001</misses>
				<total>1</total>
				<timestamp>19.421329</timestamp>
			</report>
			<report>
				<misses>73001</misses>
				<total>1</total>
				<timestamp>19.691033</timestamp>
			</report>
			<report>
				<misses>74001</misses>
				<total>1</total>
				<timestamp>19.960780</timestamp>
			</report>
			<report>
				<misses>75001</misses>
				<total>1</total>
				<timestamp>20.230731</timestamp>
			</report>
			<report>
				<misses>76001</misses>
				<total>0</total>
				<timestamp>20.500554</timestamp>
			</report>
			<report>
				<misses>77001</misses>
				<total>1</total>
				<timestamp>20.770208</timestamp>
			</report>
			<report>
				<misses>78001</misses>
				<total>1</total>
				<timestamp>21.039932</timestamp>
			</report>
			<report>
				<misses>79001</misses>
				<total>1</total>
				<timestamp>21.309661</timestamp>
			</report>
			<report>
				<misses>80001</misses>
				<total>1</total>
				<timestamp>21.579483</timestamp>
			</report>
			<report>
				<misses>81001</misses>
				<total>1</total>
				<timestamp>21.849135</timestamp>
			</report>
			<report>
				<misses>82001</misses>
				<total>1</total>
				<timestamp>22.118862</timestamp>
			</report>
			<report>
				<misses>83001</misses>
				<total>1</total>
				<timestamp>22.388574</timestamp>
			</report>
			<report>
				<misses>84001</misses>
				<total>0</total>
				<timestamp>22.658430</timestamp>
			</report>
			<report>
				<misses>85001</misses>
				<total>1</total>
				<timestamp>22.928031</timestamp>
			</report>
			<report>
				<misses>86001</misses>
				<total>1</total>
				<timestamp>23.197803</timestamp>
			</report>
			<report>
				<misses>87001</misses>
				<total>1</total>
				<timestamp>23.467559</timestamp>
			</report>
			<report>
				<misses>88001</misses>
				<total>1</total>
				<timestamp>23.737297</timestamp>
			</report>
			<report>
				<misses>89001</misses>
				<total>1</total>
				<timestamp>24.006974</timestamp>
			</report>
			<report>
				<misses>90001</misses>
				<total>1</total>
				<timestamp>24.276690</timestamp>
			</report>
			<report>
				<misses>91001</misses>
				<total>1</total>
				<timestamp>24.546438</timestamp>
			</report>
			<report>
				<misses>92001</misses>
				<total>1</total>
				<timestamp>24.816162</timestamp>
			</report>
			<report>
				<misses>93001</misses>
				<total>1</total>
				<timestamp>25.085888</timestamp>
			</report>
			<report>
				<misses>94001</misses>
				<total>1</total>
				<timestamp>25.355614</timestamp>
			</report>
			<report>
				<misses>95001</misses>
				<total>1</total>
				<timestamp>25.625400</timestamp>
			</report>
			<report>
				<misses>96001</misses>
				<total>1</total>
				<timestamp>25.895083</timestamp>
			</report>
			<report>
				<misses>97001</misses>
				<total>1</total>
				<timestamp>26.164799</timestamp>
			</report>
			<report>
				<misses>98001</misses>
				<total>1</total>
				<timestamp>26.434534</timestamp>
			</report>
			<report>
				<misses>99001</misses>
				<total>1</total>
				<timestamp>26.704285</timestamp>
			</report>
			<report>
				<misses>100001</misses>
				<total>1</total>
				<timestamp>26.973990</timestamp>
			</report>
			<report>
				<misses>101001</misses>
				<total>1</total>
				<timestamp>27.243720</timestamp>
			</report>
			<report>
				<misses>102001</misses>
				<total>1</total>
				<timestamp>27.513517</timestamp>
			</report>
			<report>
				<misses>103001</misses>
				<total>1</total>
				<timestamp>27.783250</timestamp>
			</report>
			<report>
				<misses>104001</misses>
				<total>1</total>
				<timestamp>28.052918</timestamp>
			</report>
			<report>
				<misses>105001</misses>
				<total>1</total>
				<timestamp>28.322654</timestamp>
			</report>
			<report>
				<misses>106001</misses>
				<total>1</total>
				<timestamp>28.592385</timestamp>
			</report>
			<report>
				<misses>107001</misses>
				<total>1</total>
				<timestamp>28.862112</timestamp>
			</report>
			<report>
				<misses>108001</misses>
				<total>1</total>
				<timestamp>29.131963</timestamp>
			</report>
			<report>
				<misses>109001</misses>
				<total>1</total>
				<timestamp>29.401687</timestamp>
			</report>
			<report>
				<misses>110001</misses>
				<total>0</total>
				<timestamp>29.671421</timestamp>
			</report>
			<report>
				<misses>111001</misses>
				<total>1</total>
				<timestamp>29.941023</timestamp>
			</report>
			<report>
				<misses>112001</misses>
				<total>1</total>
				<timestamp>30.210879</timestamp>
			</report>
			<report>
				<misses>113001</misses>
				<total>1</total>
				<timestamp>30.480610</timestamp>
			</report>
			<report>
				<misses>114001</misses>
				<total>1</total>
				<timestamp>30.750330</timestamp>
			</report>
			<report>
				<misses>115001</misses>
				<total>1</total>
				<timestamp>31.020068</timestamp>
			</report>
			<report>
				<misses>116001</misses>
				<total>1</total>
				<timestamp>31.289672</timestamp>
			</report>
			<report>
				<misses>117001</misses>
				<total>1</total>
				<timestamp>31.559391</timestamp>
			</report>
			<report>
				<misses>118001</misses>
				<total>1</total>
				<timestamp>31.829130</timestamp>
			</report>
			<report>
				<misses>119001</misses>
				<total>1</total>
				<timestamp>32.098865</timestamp>
			</report>
			<report>
				<misses>120001</misses>
				<total>1</total>
				<timestamp>32.368628</timestamp>
			</report>
			<report>
				<misses>121001</misses>
				<total>0</total>
				<timestamp>32.638508</timestamp>
			</report>
			<report>
				<misses>122001</misses>
				<total>1</total>
				<timestamp>32.908065</timestamp>
			</report>
			<report>
				<misses>123001</misses>
				<total>1</total>
				<timestamp>33.177811</timestamp>
			</report>
			<report>
				<misses>124001</misses>
				<total>1</total>
				<timestamp>33.447506</timestamp>
			</report>
			<report>
				<misses>125001</misses>
				<total>1</total>
				<timestamp>33.717274</timestamp>
			</report>
			<report>
				<misses>126001</misses>
				<total>1</total>
				<timestamp>33.986989</timestamp>
			</report>
			<report>
				<misses>127001</misses>
				<total>1</total>
				<timestamp>34.256723</timestamp>
			</report>
			<report>
				<misses>128001</misses>
				<total>1</total>
				<timestamp>34.526467</timestamp>
			</report>
			<report>
				<misses>129001</misses>
				<total>0</total>
				<timestamp>34.796317</timestamp>
			</report>
			<report>
				<misses>130001</misses>
				<total>1</total>
				<timestamp>35.065899</timestamp>
			</report>
			<report>
				<misses>131001</misses>
				<total>1</total>
				<timestamp>35.335630</timestamp>
			</report>
			<report>
				<misses>132001</misses>
				<total>0</total>
				<timestamp>35.605485</timestamp>
			</report>
			<report>
				<misses>133001</misses>
				<total>1</total>
				<timestamp>35.875092</timestamp>
			</report>
			<report>
				<misses>134001</misses>
				<total>1</total>
				<timestamp>36.144806</timestamp>
			</report>
			<report>
				<misses>135001</misses>
				<total>1</total>
				<timestamp>36.414563</timestamp>
			</report>
			<report>
				<misses>136001</misses>
				<total>0</total>
				<timestamp>36.684358</timestamp>
			</report>
			<report>
				<misses>137001</misses>
				<total>1</total>
				<timestamp>36.953998</timestamp>
			</report>
			<report>
				<misses>138001</misses>
				<total>1</total>
				<timestamp>37.223741</timestamp>
			</report>
			<report>
				<misses>139001</misses>
				<total>1</total>
				<timestamp>37.493479</timestamp>
			</report>
			<report>
				<misses>140001</misses>
				<total>1</total>
				<timestamp>37.763219</timestamp>
			</report>
			<report>
				<misses>141001</misses>
				<total>1</total>
				<timestamp>38.032929</timestamp>
			</report>
			<report>
				<misses>142001</misses>
				<total>1</total>
				<timestamp>38.302675</timestamp>
			</report>
			<report>
				<misses>143001</misses>
				<total>1</total>
				<timestamp>38.572415</timestamp>
			</report>
			<report>
				<misses>144001</misses>
				<total>1</total>
				<timestamp>38.842127</timestamp>
			</report>
			<report>
				<misses>145001</misses>
				<total>1</total>
				<timestamp>39.111845</timestamp>
			</report>
			<report>
				<misses>146001</misses>
				<total>1</total>
				<timestamp>39.381606</timestamp>
			</report>
			<report>
				<misses>147001</misses>
				<total>1</total>
				<timestamp>39.651335</timestamp>
			</report>
			<report>
				<misses>148001</misses>
				<total>1</total>
				<timestamp>39.921030</timestamp>
			</report>
			<report>
				<misses>149001</misses>
				<total>1</total>
				<timestamp>40.190795</timestamp>
			</report>
			<report>
				<misses>150001</misses>
				<total>1</total>
				<timestamp>40.460526</timestamp>
			</report>
			<report>
				<misses>151001</misses>
				<total>0</total>
				<timestamp>40.730319</timestamp>
			</report>
			<report>
				<misses>152001</misses>
				<total>1</total>
				<timestamp>40.999964</timestamp>
			</report>
			<report>
				<misses>153001</misses>
				<total>1</total>
				<timestamp>41.269696</timestamp>
			</report>
			<report>
				<misses>154001</misses>
				<total>1</total>
				<timestamp>41.539534</timestamp>
			</report>
			<report>
				<misses>155001</misses>
				<total>1</total>
				<timestamp>41.809263</timestamp>
			</report>
			<report>
				<misses>156001</misses>
				<total>1</total>
				<timestamp>42.078870</timestamp>
			</report>
			<report>
				<misses>157001</misses>
				<total>1</total>
				<timestamp>42.348717</timestamp>
			</report>
			<report>
				<misses>158001</misses>
				<total>1</total>
				<timestamp>42.618452</timestamp>
			</report>
			<report>
				<misses>159001</misses>
				<total>1</total>
				<timestamp>42.888189</timestamp>
			</report>
			<report>
				<misses>160001</misses>
				<total>1</total>
				<timestamp>43.157905</timestamp>
			</report>
			<report>
				<misses>161001</misses>
				<total>1</total>
				<timestamp>43.427515</timestamp>
			</report>
			<report>
				<misses>162001</misses>
				<total>1</total>
				<timestamp>43.697371</timestamp>
			</report>
			<report>
				<misses>163001</misses>
				<total>1</total>
				<timestamp>43.966982</timestamp>
			</report>
			<report>
				<misses>164001</misses>
				<total>1</total>
				<timestamp>44.236829</timestamp>
			</report>
			<report>
				<misses>165001</misses>
				<total>1</total>
				<timestamp>44.506569</timestamp>
			</report>
			<report>
				<misses>166001</misses>
				<total>1</total>
				<timestamp>44.776294</timestamp>
			</report>
			<report>
				<misses>167001</misses>
				<total>1</total>
				<timestamp>45.045897</timestamp>
			</report>
			<report>
				<misses>168001</misses>
				<total>1</total>
				<timestamp>45.315628</timestamp>
			</report>
			<report>
				<misses>169001</misses>
				<total>1</total>
				<timestamp>45.585486</timestamp>
			</report>
			<report>
				<misses>170001</misses>
				<total>0</total>
				<timestamp>45.855212</timestamp>
			</report>
			<report>
				<misses>171001</misses>
				<total>1</total>
				<timestamp>46.124939</timestamp>
			</report>
			<report>
				<misses>172001</misses>
				<total>1</total>
				<timestamp>46.394674</timestamp>
			</report>
			<report>
				<misses>173001</misses>
				<total>1</total>
				<timestamp>46.664410</timestamp>
			</report>
			<report>
				<misses>174001</misses>
				<total>1</total>
				<timestamp>46.934136</timestamp>
			</report>
			<report>
				<misses>175001</misses>
				<total>1</total>
				<timestamp>47.203736</timestamp>
			</report>
			<report>
				<misses>176001</misses>
				<total>1</total>
				<timestamp>47.473596</timestamp>
			</report>
			<report>
				<misses>177001</misses>
				<total>1</total>
				<timestamp>47.743324</timestamp>
			</report>
			<report>
				<misses>178001</misses>
				<total>1</total>
				<timestamp>48.013057</timestamp>
			</report>
			<report>
				<misses>179001</misses>
				<total>1</total>
				<timestamp>48.282787</timestamp>
			</report>
			<report>
				<misses>180001</misses>
				<total>1</total>
				<timestamp>48.552515</timestamp>
			</report>
			<report>
				<misses>181001</misses>
				<total>1</total>
				<timestamp>48.822246</timestamp>
			</report>
			<report>
				<misses>182001</misses>
				<total>1</total>
				<timestamp>49.091855</timestamp>
			</report>
			<report>
				<misses>183001</misses>
				<total>1</total>
				<timestamp>49.361698</timestamp>
			</report>
			<report>
				<misses>184001</misses>
				<total>1</total>
				<timestamp>49.631433</timestamp>
			</report>
			<report>
				<misses>185001</misses>
				<total>0</total>
				<timestamp>49.901170</timestamp>
			</report>
			<report>
				<misses>186001</misses>
				<total>1</total>
				<timestamp>50.170894</timestamp>
			</report>
			<report>
				<misses>187001</misses>
				<total>1</total>
				<timestamp>50.440618</timestamp>
			</report>
			<report>
				<misses>188001</misses>
				<total>1</total>
				<timestamp>50.710350</timestamp>
			</report>
			<report>
				<misses>189001</misses>
				<total>1</total>
				<timestamp>50.980087</timestamp>
			</report>
			<report>
				<misses>190001</misses>
				<total>1</total>
				<timestamp>51.249686</timestamp>
			</report>
			<report>
				<misses>191001</misses>
				<total>1</total>
				<timestamp>51.519544</timestamp>
			</report>
			<report>
				<misses>192001</misses>
				<total>0</total>
				<timestamp>51.789270</timestamp>
			</report>
			<report>
				<misses>193001</misses>
				<total>1</total>
				<timestamp>52.058878</timestamp>
			</report>
			<report>
				<misses>194001</misses>
				<total>1</total>
				<timestamp>52.328610</timestamp>
			</report>
			<report>
				<misses>195001</misses>
				<total>1</total>
				<timestamp>52.598459</timestamp>
			</report>
			<report>
				<misses>196001</misses>
				<total>1</total>
				<timestamp>52.868195</timestamp>
			</report>
			<report>
				<misses>197001</misses>
				<total>1</total>
				<timestamp>53.137800</timestamp>
			</report>
			<report>
				<misses>198001</misses>
				<total>1</total>
				<timestamp>53.407656</timestamp>
			</report>
			<report>
				<misses>199001</misses>
				<total>1</total>
				<timestamp>53.677380</timestamp>
			</report>
			<report>
				<misses>200001</misses>
				<total>0</total>
				<timestamp>53.947147</timestamp>
			</report>
			<report>
				<misses>201001</misses>
				<total>1</total>
				<timestamp>54.216713</timestamp>
			</report>
			<report>
				<misses>202001</misses>
				<total>1</total>
				<timestamp>54.486569</timestamp>
			</report>
			<report>
				<misses>203001</misses>
				<total>0</total>
				<timestamp>54.756305</timestamp>
			</report>
			<report>
				<misses>204001</misses>
				<total>1</total>
				<timestamp>55.025913</timestamp>
			</report>
			<report>
				<misses>205001</misses>
				<total>1</total>
				<timestamp>55.295762</timestamp>
			</report>
			<report>
				<misses>206001</misses>
				<total>1</total>
				<timestamp>55.565493</timestamp>
			</report>
			<report>
				<misses>207001</misses>
				<total>0</total>
				<timestamp>55.835224</timestamp>
			</report>
			<report>
				<misses>208001</misses>
				<total>1</total>
				<timestamp>56.104825</timestamp>
			</report>
			<report>
				<misses>209001</misses>
				<total>1</total>
				<timestamp>56.374683</timestamp>
			</report>
			<report>
				<misses>210001</misses>
				<total>1</total>
				<timestamp>56.644409</timestamp>
			</report>
			<report>
				<misses>211001</misses>
				<total>0</total>
				<timestamp>56.914143</timestamp>
			</report>
			<report>
				<misses>212001</misses>
				<total>1</total>
				<timestamp>57.183875</timestamp>
			</report>
			<report>
				<misses>213001</misses>
				<total>1</total>
				<timestamp>57.453481</timestamp>
			</report>
			<report>
				<misses>214001</misses>
				<total>1</total>
				<timestamp>57.723335</timestamp>
			</report>
			<report>
				<misses>215001</misses>
				<total>1</total>
				<timestamp>57.992937</timestamp>
			</report>
			<report>
				<misses>216001</misses>
				<total>1</total>
				<timestamp>58.262794</timestamp>
			</report>
			<report>
				<misses>217001</misses>
				<total>1</total>
				<timestamp>58.532398</timestamp>
			</report>
			<report>
				<misses>218001</misses>
				<total>0</total>
				<timestamp>58.802255</timestamp>
			</report>
			<report>
				<misses>219001</misses>
				<total>1</total>
				<timestamp>59.071988</timestamp>
			</report>
			<report>
				<misses>220001</misses>
				<total>1</total>
				<timestamp>59.341716</timestamp>
			</report>
			<report>
				<misses>221001</misses>
				<total>1</total>
				<timestamp>59.611447</timestamp>
			</report>
			<report>
				<misses>222001</misses>
				<total>1</total>
				<timestamp>59.881173</timestamp>
			</report>
			<report>
				<misses>223001</misses>
				<total>1</total>
				<timestamp>60.150781</timestamp>
			</report>
			<report>
				<misses>224001</misses>
				<total>1</total>
				<timestamp>60.420506</timestamp>
			</report>
			<report>
				<misses>225001</misses>
				<total>1</total>
				<timestamp>60.690367</timestamp>
			</report>
			<report>
				<misses>226001</misses>
				<total>0</total>
				<timestamp>60.960096</timestamp>
			</report>
			<report>
				<misses>227001</misses>
				<total>1</total>
				<timestamp>61.229693</timestamp>
			</report>
			<report>
				<misses>228001</misses>
				<total>1</total>
				<timestamp>61.499428</timestamp>
			</report>
			<report>
				<misses>229001</misses>
				<total>1</total>
				<timestamp>61.769280</timestamp>
			</report>
			<report>
				<misses>230001</misses>
				<total>1</total>
				<timestamp>62.038893</timestamp>
			</report>
			<report>
				<misses>231001</misses>
				<total>1</total>
				<timestamp>62.308625</timestamp>
			</report>
			<report>
				<misses>232001</misses>
				<total>1</total>
				<timestamp>62.578475</timestamp>
			</report>
			<report>
				<misses>233001</misses>
				<total>0</total>
				<timestamp>62.848207</timestamp>
			</report>
			<report>
				<misses>234001</misses>
				<total>1</total>
				<timestamp>63.117937</timestamp>
			</report>
			<report>
				<misses>235001</misses>
				<total>1</total>
				<timestamp>63.387671</timestamp>
			</report>
			<report>
				<misses>236001</misses>
				<total>1</total>
				<timestamp>63.657389</timestamp>
			</report>
			<report>
				<misses>237001</misses>
				<total>1</total>
				<timestamp>63.927125</timestamp>
			</report>
			<report>
				<misses>238001</misses>
				<total>1</total>
				<timestamp>64.196728</timestamp>
			</report>
			<report>
				<misses>239001</misses>
				<total>1</total>
				<timestamp>64.466456</timestamp>
			</report>
			<report>
				<misses>240001</misses>
				<total>1</total>
				<timestamp>64.736312</timestamp>
			</report>
			<report>
				<misses>241001</misses>
				<total>0</total>
				<timestamp>65.006046</timestamp>
			</report>
			<report>
				<misses>242001</misses>
				<total>1</total>
				<timestamp>65.275778</timestamp>
			</report>
			<report>
				<misses>243001</misses>
				<total>1</total>
				<timestamp>65.545501</timestamp>
			</report>
			<report>
				<misses>244001</misses>
				<total>1</total>
				<timestamp>65.815231</timestamp>
			</report>
			<report>
				<misses>245001</misses>
				<total>1</total>
				<timestamp>66.084968</timestamp>
			</report>
			<report>
				<misses>246001</misses>
				<total>1</total>
				<timestamp>66.354691</timestamp>
			</report>
			<report>
				<misses>247001</misses>
				<total>1</total>
				<timestamp>66.624428</timestamp>
			</report>
			<report>
				<misses>248001</misses>
				<total>0</total>
				<timestamp>66.894152</timestamp>
			</report>
			<report>
				<misses>249001</misses>
				<total>1</total>
				<timestamp>67.163763</timestamp>
			</report>
			<report>
				<misses>250001</misses>
				<total>1</total>
				<timestamp>67.433613</timestamp>
			</report>
			<report>
				<misses>251001</misses>
				<total>1</total>
				<timestamp>67.703342</timestamp>
			</report>
			<report>
				<misses>252001</misses>
				<total>0</total>
				<timestamp>67.973071</timestamp>
			</report>
			<report>
				<misses>253001</misses>
				<total>1</total>
				<timestamp>68.242806</timestamp>
			</report>
			<report>
				<misses>254001</misses>
				<total>1</total>
				<timestamp>68.512536</timestamp>
			</report>
			<report>
				<misses>255001</misses>
				<total>0</total>
				<timestamp>68.782270</timestamp>
			</report>
			<report>
				<misses>256001</misses>
				<total>1</total>
				<timestamp>69.051994</timestamp>
			</report>
			<report>
				<misses>257001</misses>
				<total>1</total>
				<timestamp>69.321603</timestamp>
			</report>
			<report>
				<misses>258001</misses>
				<total>1</total>
				<timestamp>69.591460</timestamp>
			</report>
			<report>
				<misses>259001</misses>
				<total>1</total>
				<timestamp>69.861187</timestamp>
			</report>
			<report>
				<misses>260001</misses>
				<total>1</total>
				<timestamp>70.130785</timestamp>
			</report>
			<report>
				<misses>261001</misses>
				<total>1</total>
				<timestamp>70.400518</timestamp>
			</report>
			<report>
				<misses>262001</misses>
				<total>1</total>
				<timestamp>70.670249</timestamp>
			</report>
			<report>
				<misses>263001</misses>
				<total>1</total>
				<timestamp>70.940109</timestamp>
			</report>
			<report>
				<misses>264001</misses>
				<total>1</total>
				<timestamp>71.209713</timestamp>
			</report>
			<report>
				<misses>265001</misses>
				<total>1</total>
				<timestamp>71.479448</timestamp>
			</report>
			<report>
				<misses>266001</misses>
				<total>0</total>
				<timestamp>71.749255</timestamp>
			</report>
			<report>
				<misses>267001</misses>
				<total>0</total>
				<timestamp>72.018992</timestamp>
			</report>
			<report>
				<misses>268001</misses>
				<total>1</total>
				<timestamp>72.288633</timestamp>
			</report>
			<report>
				<misses>269001</misses>
				<total>1</total>
				<timestamp>72.558400</timestamp>
			</report>
			<report>
				<misses>270001</misses>
				<total>1</total>
				<timestamp>72.828105</timestamp>
			</report>
			<report>
				<misses>271001</misses>
				<total>1</total>
				<timestamp>73.097822</timestamp>
			</report>
			<report>
				<misses>272001</misses>
				<total>1</total>
				<timestamp>73.367559</timestamp>
			</report>
			<report>
				<misses>273001</misses>
				<total>1</total>
				<timestamp>73.637276</timestamp>
			</report>
			<report>
				<misses>274001</misses>
				<total>1</total>
				<timestamp>73.907060</timestamp>
			</report>
			<report>
				<misses>275001</misses>
				<total>1</total>
				<timestamp>74.176729</timestamp>
			</report>
			<report>
				<misses>276001</misses>
				<total>1</total>
				<timestamp>74.446491</timestamp>
			</report>
			<report>
				<misses>277001</misses>
				<total>1</total>
				<timestamp>74.716225</timestamp>
			</report>
			<report>
				<misses>278001</misses>
				<total>1</total>
				<timestamp>74.985988</timestamp>
			</report>
			<report>
				<misses>279001</misses>
				<total>1</total>
				<timestamp>75.255651</timestamp>
			</report>
			<report>
				<misses>280001</misses>
				<total>1</total>
				<timestamp>75.525388</timestamp>
			</report>
			<report>
				<misses>281001</misses>
				<total>0</total>
				<timestamp>75.795217</timestamp>
			</report>
			<report>
				<misses>282001</misses>
				<total>0</total>
				<timestamp>76.064989</timestamp>
			</report>
			<report>
				<misses>283001</misses>
				<total>1</total>
				<timestamp>76.334601</timestamp>
			</report>
			<report>
				<misses>284001</misses>
				<total>1</total>
				<timestamp>76.604345</timestamp>
			</report>
			<report>
				<misses>285001</misses>
				<total>0</total>
				<timestamp>76.874123</timestamp>
			</report>
			<report>
				<misses>286001</misses>
				<total>1</total>
				<timestamp>77.143761</timestamp>
			</report>
			<report>
				<misses>287001</misses>
				<total>1</total>
				<timestamp>77.413507</timestamp>
			</report>
			<report>
				<misses>288001</misses>
				<total>1</total>
				<timestamp>77.683227</timestamp>
			</report>
			<report>
				<misses>289001</misses>
				<total>1</total>
				<timestamp>77.952990</timestamp>
			</report>
			<report>
				<misses>290001</misses>
				<total>1</total>
				<timestamp>78.222683</timestamp>
			</report>
			<report>
				<misses>291001</misses>
				<total>1</total>
				<timestamp>78.492443</timestamp>
			</report>
			<report>
				<misses>292001</misses>
				<total>1</total>
				<timestamp>78.762198</timestamp>
			</report>
			<report>
				<misses>293001</misses>
				<total>1</total>
				<timestamp>79.031886</timestamp>
			</report>
			<report>
				<misses>294001</misses>
				<total>1</total>
				<timestamp>79.301680</timestamp>
			</report>
			<report>
				<misses>295001</misses>
				<total>1</total>
				<timestamp>79.571335</timestamp>
			</report>
			<report>
				<misses>296001</misses>
				<total>1</total>
				<timestamp>79.841071</timestamp>
			</report>
			<report>
				<misses>297001</misses>
				<total>1</total>
				<timestamp>80.110782</timestamp>
			</report>
			<report>
				<misses>298001</misses>
				<total>1</total>
				<timestamp>80.380518</timestamp>
			</report>
			<report>
				<misses>299001</misses>
				<total>1</total>
				<timestamp>80.650282</timestamp>
			</report>
			<report>
				<misses>300001</misses>
				<total>0</total>
				<timestamp>80.920095</timestamp>
			</report>
			<report>
				<misses>301001</misses>
				<total>1</total>
				<timestamp>81.189713</timestamp>
			</report>
			<report>
				<misses>302001</misses>
				<total>1</total>
				<timestamp>81.459444</timestamp>
			</report>
			<report>
				<misses>303001</misses>
				<total>0</total>
				<timestamp>81.729259</timestamp>
			</report>
			<report>
				<misses>304001</misses>
				<total>1</total>
				<timestamp>81.998987</timestamp>
			</report>
			<report>
				<misses>305001</misses>
				<total>1</total>
				<timestamp>82.268624</timestamp>
			</report>
			<report>
				<misses>306001</misses>
				<total>1</total>
				<timestamp>82.538356</timestamp>
			</report>
			<report>
				<misses>307001</misses>
				<total>0</total>
				<timestamp>82.808188</timestamp>
			</report>
			<report>
				<misses>308001</misses>
				<total>1</total>
				<timestamp>83.077879</timestamp>
			</report>
			<report>
				<misses>309001</misses>
				<total>1</total>
				<timestamp>83.347553</timestamp>
			</report>
			<report>
				<misses>310001</misses>
				<total>1</total>
				<timestamp>83.617304</timestamp>
			</report>
			<report>
				<misses>311001</misses>
				<total>0</total>
				<timestamp>83.887119</timestamp>
			</report>
			<report>
				<misses>312001</misses>
				<total>1</total>
				<timestamp>84.156744</timestamp>
			</report>
			<report>
				<misses>313001</misses>
				<total>1</total>
				<timestamp>84.426497</timestamp>
			</report>
			<report>
				<misses>314001</misses>
				<total>1</total>
				<timestamp>84.696210</timestamp>
			</report>
			<report>
				<misses>315001</misses>
				<total>0</total>
				<timestamp>84.966043</timestamp>
			</report>
			<report>
				<misses>316001</misses>
				<total>1</total>
				<timestamp>85.235677</timestamp>
			</report>
			<report>
				<misses>317001</misses>
				<total>1</total>
				<timestamp>85.505417</timestamp>
			</report>
			<report>
				<misses>318001</misses>
				<total>1</total>
				<timestamp>85.775162</timestamp>
			</report>
			<report>
				<misses>319001</misses>
				<total>1</total>
				<timestamp>86.044978</timestamp>
			</report>
			<report>
				<misses>320001</misses>
				<total>1</total>
				<timestamp>86.314591</timestamp>
			</report>
			<report>
				<misses>321001</misses>
				<total>1</total>
				<timestamp>86.584330</timestamp>
			</report>
			<report>
				<misses>322001</misses>
				<total>0</total>
				<timestamp>86.854150</timestamp>
			</report>
			<report>
				<misses>323001</misses>
				<total>1</total>
				<timestamp>87.123763</timestamp>
			</report>
			<report>
				<misses>324001</misses>
				<total>1</total>
				<timestamp>87.393515</timestamp>
			</report>
			<report>
				<misses>325001</misses>
				<total>1</total>
				<timestamp>87.663227</timestamp>
			</report>
			<report>
				<misses>326001</misses>
				<total>1</total>
				<timestamp>87.933059</timestamp>
			</report>
			<report>
				<misses>327001</misses>
				<total>1</total>
				<timestamp>88.202696</timestamp>
			</report>
			<report>
				<misses>328001</misses>
				<total>1</total>
				<timestamp>88.472433</timestamp>
			</report>
			<report>
				<misses>329001</misses>
				<total>1</total>
				<timestamp>88.742169</timestamp>
			</report>
			<report>
				<misses>330001</misses>
				<total>1</total>
				<timestamp>89.011893</timestamp>
			</report>
			<report>
				<misses>331001</misses>
				<total>1</total>
				<timestamp>89.281636</timestamp>
			</report>
			<report>
				<misses>332001</misses>
				<total>1</total>
				<timestamp>89.551337</timestamp>
			</report>
			<report>
				<misses>333001</misses>
				<total>1</total>
				<timestamp>89.821138</timestamp>
			</report>
			<report>
				<misses>334001</misses>
				<total>1</total>
				<timestamp>90.090836</timestamp>
			</report>
			<report>
				<misses>335001</misses>
				<total>1</total>
				<timestamp>90.360544</timestamp>
			</report>
			<report>
				<misses>336001</misses>
				<total>1</total>
				<timestamp>90.630285</timestamp>
			</report>
			<report>
				<misses>337001</misses>
				<total>1</total>
				<timestamp>90.900007</timestamp>
			</report>
			<report>
				<misses>338001</misses>
				<total>1</total>
				<timestamp>91.169762</timestamp>
			</report>
			<report>
				<misses>339001</misses>
				<total>1</total>
				<timestamp>91.439456</timestamp>
			</report>
			<report>
				<misses>340001</misses>
				<total>1</total>
				<timestamp>91.709180</timestamp>
			</report>
			<report>
				<misses>341001</misses>
				<total>0</total>
				<timestamp>91.978997</timestamp>
			</report>
			<report>
				<misses>342001</misses>
				<total>1</total>
				<timestamp>92.248672</timestamp>
			</report>
			<report>
				<misses>343001</misses>
				<total>1</total>
				<timestamp>92.518396</timestamp>
			</report>
			<report>
				<misses>344001</misses>
				<total>1</total>
				<timestamp>92.788132</timestamp>
			</report>
			<report>
				<misses>345001</misses>
				<total>1</total>
				<timestamp>93.057907</timestamp>
			</report>
			<report>
				<misses>346001</misses>
				<total>1</total>
				<timestamp>93.327564</timestamp>
			</report>
			<report>
				<misses>347001</misses>
				<total>1</total>
				<timestamp>93.597326</timestamp>
			</report>
			<report>
				<misses>348001</misses>
				<total>0</total>
				<timestamp>93.867114</timestamp>
			</report>
			<report>
				<misses>349001</misses>
				<total>0</total>
				<timestamp>94.136863</timestamp>
			</report>
			<report>
				<misses>350001</misses>
				<total>1</total>
				<timestamp>94.406481</timestamp>
			</report>
			<report>
				<misses>351001</misses>
				<total>1</total>
				<timestamp>94.676243</timestamp>
			</report>
			<report>
				<misses>352001</misses>
				<total>1</total>
				<timestamp>94.945962</timestamp>
			</report>
			<report>
				<misses>353001</misses>
				<total>1</total>
				<timestamp>95.215685</timestamp>
			</report>
			<report>
				<misses>354001</misses>
				<total>1</total>
				<timestamp>95.485420</timestamp>
			</report>
			<report>
				<misses>355001</misses>
				<total>1</total>
				<timestamp>95.755167</timestamp>
			</report>
			<report>
				<misses>356001</misses>
				<total>0</total>
				<timestamp>96.024997</timestamp>
			</report>
			<report>
				<misses>357001</misses>
				<total>1</total>
				<timestamp>96.294601</timestamp>
			</report>
			<report>
				<misses>358001</misses>
				<total>1</total>
				<timestamp>96.564369</timestamp>
			</report>
			<report>
				<misses>359001</misses>
				<total>1</total>
				<timestamp>96.834106</timestamp>
			</report>
			<report>
				<misses>360001</misses>
				<total>1</total>
				<timestamp>97.103863</timestamp>
			</report>
			<report>
				<misses>361001</misses>
				<total>1</total>
				<timestamp>97.373558</timestamp>
			</report>
			<report>
				<misses>362001</misses>
				<total>1</total>
				<timestamp>97.643243</timestamp>
			</report>
			<report>
				<misses>363001</misses>
				<total>0</total>
				<timestamp>97.913086</timestamp>
			</report>
			<report>
				<misses>364001</misses>
				<total>0</total>
				<timestamp>98.182837</timestamp>
			</report>
			<report>
				<misses>365001</misses>
				<total>1</total>
				<timestamp>98.452438</timestamp>
			</report>
			<report>
				<misses>366001</misses>
				<total>1</total>
				<timestamp>98.722171</timestamp>
			</report>
			<report>
				<misses>367001</misses>
				<total>1</total>
				<timestamp>98.991961</timestamp>
			</report>
			<report>
				<misses>368001</misses>
				<total>1</total>
				<timestamp>99.261651</timestamp>
			</report>
			<report>
				<misses>369001</misses>
				<total>1</total>
				<timestamp>99.531371</timestamp>
			</report>
			<report>
				<misses>370001</misses>
				<total>1</total>
				<timestamp>99.801134</timestamp>
			</report>
			<report>
				<misses>371001</misses>
				<total>0</total>
				<timestamp>100.070963</timestamp>
			</report>
			<report>
				<misses>372001</misses>
				<total>1</total>
				<timestamp>100.340563</timestamp>
			</report>
			<report>
				<misses>373001</misses>
				<total>1</total>
				<timestamp>100.610315</timestamp>
			</report>
			<report>
				<misses>374001</misses>
				<total>1</total>
				<timestamp>100.880056</timestamp>
			</report>
			<report>
				<misses>375001</misses>
				<total>1</total>
				<timestamp>101.149869</timestamp>
			</report>
			<report>
				<misses>376001</misses>
				<total>1</total>
				<timestamp>101.419603</timestamp>
			</report>
			<report>
				<misses>377001</misses>
				<total>1</total>
				<timestamp>101.689201</timestamp>
			</report>
			<report>
				<misses>378001</misses>
				<total>1</total>
				<timestamp>101.959050</timestamp>
			</report>
			<report>
				<misses>379001</misses>
				<total>1</total>
				<timestamp>102.228668</timestamp>
			</report>
			<report>
				<misses>380001</misses>
				<total>1</total>
				<timestamp>102.498515</timestamp>
			</report>
			<report>
				<misses>381001</misses>
				<total>1</total>
				<timestamp>102.768247</timestamp>
			</report>
			<report>
				<misses>382001</misses>
				<total>1</total>
				<timestamp>103.037977</timestamp>
			</report>
			<report>
				<misses>383001</misses>
				<total>1</total>
				<timestamp>103.307585</timestamp>
			</report>
			<report>
				<misses>384001</misses>
				<total>1</total>
				<timestamp>103.577435</timestamp>
			</report>
			<report>
				<misses>385001</misses>
				<total>1</total>
				<timestamp>103.847046</timestamp>
			</report>
			<report>
				<misses>386001</misses>
				<total>1</total>
				<timestamp>104.116899</timestamp>
			</report>
			<report>
				<misses>387001</misses>
				<total>1</total>
				<timestamp>104.386499</timestamp>
			</report>
			<report>
				<misses>388001</misses>
				<total>1</total>
				<timestamp>104.656244</timestamp>
			</report>
			<report>
				<misses>389001</misses>
				<total>0</total>
				<timestamp>104.926060</timestamp>
			</report>
			<report>
				<misses>390001</misses>
				<total>0</total>
				<timestamp>105.195809</timestamp>
			</report>
			<report>
				<misses>391001</misses>
				<total>1</total>
				<timestamp>105.465456</timestamp>
			</report>
			<report>
				<misses>392001</misses>
				<total>1</total>
				<timestamp>105.735146</timestamp>
			</report>
			<report>
				<misses>393001</misses>
				<total>1</total>
				<timestamp>106.004902</timestamp>
			</report>
			<report>
				<misses>394001</misses>
				<total>1</total>
				<timestamp>106.274609</timestamp>
			</report>
			<report>
				<misses>395001</misses>
				<total>1</total>
				<timestamp>106.544344</timestamp>
			</report>
			<report>
				<misses>396001</misses>
				<total>1</total>
				<timestamp>106.814087</timestamp>
			</report>
			<report>
				<misses>397001</misses>
				<total>0</total>
				<timestamp>107.083919</timestamp>
			</report>
			<report>
				<misses>398001</misses>
				<total>1</total>
				<timestamp>107.353518</timestamp>
			</report>
			<report>
				<misses>399001</misses>
				<total>1</total>
				<timestamp>107.623291</timestamp>
			</report>
			<report>
				<misses>400001</misses>
				<total>1</total>
				<timestamp>107.892982</timestamp>
			</report>
			<report>
				<misses>401001</misses>
				<total>0</total>
				<timestamp>108.162849</timestamp>
			</report>
			<report>
				<misses>402001</misses>
				<total>1</total>
				<timestamp>108.432450</timestamp>
			</report>
			<report>
				<misses>403001</misses>
				<total>1</total>
				<timestamp>108.702169</timestamp>
			</report>
			<report>
				<misses>404001</misses>
				<total>0</total>
				<timestamp>108.972006</timestamp>
			</report>
			<report>
				<misses>405001</misses>
				<total>1</total>
				<timestamp>109.241648</timestamp>
			</report>
			<report>
				<misses>406001</misses>
				<total>1</total>
				<timestamp>109.511403</timestamp>
			</report>
			<report>
				<misses>407001</misses>
				<total>0</total>
				<timestamp>109.781201</timestamp>
			</report>
			<report>
				<misses>408001</misses>
				<total>1</total>
				<timestamp>110.050895</timestamp>
			</report>
			<report>
				<misses>409001</misses>
				<total>1</total>
				<timestamp>110.320583</timestamp>
			</report>
			<report>
				<misses>410001</misses>
				<total>1</total>
				<timestamp>110.590320</timestamp>
			</report>
			<report>
				<misses>411001</misses>
				<total>1</total>
				<timestamp>110.860005</timestamp>
			</report>
			<report>
				<misses>412001</misses>
				<total>1</total>
				<timestamp>111.129741</timestamp>
			</report>
			<report>
				<misses>413001</misses>
				<total>1</total>
				<timestamp>111.399483</timestamp>
			</report>
			<report>
				<misses>414001</misses>
				<total>1</total>
				<timestamp>111.669220</timestamp>
			</report>
			<report>
				<misses>415001</misses>
				<total>1</total>
				<timestamp>111.938970</timestamp>
			</report>
			<report>
				<misses>416001</misses>
				<total>0</total>
				<timestamp>112.208769</timestamp>
			</report>
			<report>
				<misses>417001</misses>
				<total>1</total>
				<timestamp>112.478391</timestamp>
			</report>
			<report>
				<misses>418001</misses>
				<total>1</total>
				<timestamp>112.748125</timestamp>
			</report>
			<report>
				<misses>419001</misses>
				<total>1</total>
				<timestamp>113.017862</timestamp>
			</report>
			<report>
				<misses>420001</misses>
				<total>1</total>
				<timestamp>113.287601</timestamp>
			</report>
			<report>
				<misses>421001</misses>
				<total>1</total>
				<timestamp>113.557334</timestamp>
			</report>
			<report>
				<misses>422001</misses>
				<total>1</total>
				<timestamp>113.827049</timestamp>
			</report>
			<report>
				<misses>423001</misses>
				<total>0</total>
				<timestamp>114.096883</timestamp>
			</report>
			<report>
				<misses>424001</misses>
				<total>1</total>
				<timestamp>114.366532</timestamp>
			</report>
			<report>
				<misses>425001</misses>
				<total>1</total>
				<timestamp>114.636265</timestamp>
			</report>
			<report>
				<misses>426001</misses>
				<total>1</total>
				<timestamp>114.906000</timestamp>
			</report>
			<report>
				<misses>427001</misses>
				<total>1</total>
				<timestamp>115.175756</timestamp>
			</report>
			<report>
				<misses>428001</misses>
				<total>1</total>
				<timestamp>115.445451</timestamp>
			</report>
			<report>
				<misses>429001</misses>
				<total>1</total>
				<timestamp>115.715171</timestamp>
			</report>
			<report>
				<misses>430001</misses>
				<total>0</total>
				<timestamp>115.984999</timestamp>
			</report>
			<report>
				<misses>431001</misses>
				<total>0</total>
				<timestamp>116.254741</timestamp>
			</report>
			<report>
				<misses>432001</misses>
				<total>1</total>
				<timestamp>116.524355</timestamp>
			</report>
			<report>
				<misses>433001</misses>
				<total>1</total>
				<timestamp>116.794075</timestamp>
			</report>
			<report>
				<misses>434001</misses>
				<total>1</total>
				<timestamp>117.063822</timestamp>
			</report>
			<report>
				<misses>435001</misses>
				<total>1</total>
				<timestamp>117.333534</timestamp>
			</report>
			<report>
				<misses>436001</misses>
				<total>1</total>
				<timestamp>117.603265</timestamp>
			</report>
			<report>
				<misses>437001</misses>
				<total>1</total>
				<timestamp>117.873022</timestamp>
			</report>
			<report>
				<misses>438001</misses>
				<total>1</total>
				<timestamp>118.142735</timestamp>
			</report>
			<report>
				<misses>439001</misses>
				<total>1</total>
				<timestamp>118.412453</timestamp>
			</report>
			<report>
				<misses>440001</misses>
				<total>1</total>
				<timestamp>118.682214</timestamp>
			</report>
			<report>
				<misses>441001</misses>
				<total>1</total>
				<timestamp>118.951959</timestamp>
			</report>
			<report>
				<misses>442001</misses>
				<total>1</total>
				<timestamp>119.221726</timestamp>
			</report>
			<report>
				<misses>443001</misses>
				<total>1</total>
				<timestamp>119.491389</timestamp>
			</report>
			<report>
				<misses>444001</misses>
				<total>1</total>
				<timestamp>119.761153</timestamp>
			</report>
			<report>
				<misses>445001</misses>
				<total>1</total>
				<timestamp>120.030841</timestamp>
			</report>
			<report>
				<misses>446001</misses>
				<total>0</total>
				<timestamp>120.300737</timestamp>
			</report>
			<report>
				<misses>447001</misses>
				<total>1</total>
				<timestamp>120.570323</timestamp>
			</report>
			<report>
				<misses>448001</misses>
				<total>1</total>
				<timestamp>120.840029</timestamp>
			</report>
			<report>
				<misses>449001</misses>
				<total>0</total>
				<timestamp>121.109917</timestamp>
			</report>
			<report>
				<misses>450001</misses>
				<total>1</total>
				<timestamp>121.379530</timestamp>
			</report>
			<report>
				<misses>451001</misses>
				<total>1</total>
				<timestamp>121.649215</timestamp>
			</report>
			<report>
				<misses>452001</misses>
				<total>1</total>
				<timestamp>121.918956</timestamp>
			</report>
			<report>
				<misses>453001</misses>
				<total>1</total>
				<timestamp>122.188719</timestamp>
			</report>
			<report>
				<misses>454001</misses>
				<total>1</total>
				<timestamp>122.458412</timestamp>
			</report>
			<report>
				<misses>455001</misses>
				<total>1</total>
				<timestamp>122.728154</timestamp>
			</report>
			<report>
				<misses>456001</misses>
				<total>0</total>
				<timestamp>122.997949</timestamp>
			</report>
			<report>
				<misses>457001</misses>
				<total>1</total>
				<timestamp>123.267632</timestamp>
			</report>
			<report>
				<misses>458001</misses>
				<total>1</total>
				<timestamp>123.537342</timestamp>
			</report>
			<report>
				<misses>459001</misses>
				<total>1</total>
				<timestamp>123.807062</timestamp>
			</report>
			<report>
				<misses>460001</misses>
				<total>1</total>
				<timestamp>124.076803</timestamp>
			</report>
			<report>
				<misses>461001</misses>
				<total>1</total>
				<timestamp>124.346651</timestamp>
			</report>
			<report>
				<misses>462001</misses>
				<total>1</total>
				<timestamp>124.616249</timestamp>
			</report>
			<report>
				<misses>463001</misses>
				<total>1</total>
				<timestamp>124.885984</timestamp>
			</report>
			<report>
				<misses>464001</misses>
				<total>1</total>
				<timestamp>125.155833</timestamp>
			</report>
			<report>
				<misses>465001</misses>
				<total>1</total>
				<timestamp>125.425441</timestamp>
			</report>
			<report>
				<misses>466001</misses>
				<total>1</total>
				<timestamp>125.695170</timestamp>
			</report>
			<report>
				<misses>467001</misses>
				<total>1</total>
				<timestamp>125.965022</timestamp>
			</report>
			<report>
				<misses>468001</misses>
				<total>1</total>
				<timestamp>126.234753</timestamp>
			</report>
			<report>
				<misses>469001</misses>
				<total>1</total>
				<timestamp>126.504359</timestamp>
			</report>
			<report>
				<misses>470001</misses>
				<total>1</total>
				<timestamp>126.774079</timestamp>
			</report>
			<report>
				<misses>471001</misses>
				<total>0</total>
				<timestamp>127.043897</timestamp>
			</report>
			<report>
				<misses>472001</misses>
				<total>0</total>
				<timestamp>127.313680</timestamp>
			</report>
			<report>
				<misses>473001</misses>
				<total>1</total>
				<timestamp>127.583268</timestamp>
			</report>
			<report>
				<misses>474001</misses>
				<total>1</total>
				<timestamp>127.853011</timestamp>
			</report>
			<report>
				<misses>475001</misses>
				<total>1</total>
				<timestamp>128.122763</timestamp>
			</report>
			<report>
				<misses>476001</misses>
				<total>1</total>
				<timestamp>128.392481</timestamp>
			</report>
			<report>
				<misses>477001</misses>
				<total>1</total>
				<timestamp>128.662197</timestamp>
			</report>
			<report>
				<misses>478001</misses>
				<total>1</total>
				<timestamp>128.931922</timestamp>
			</report>
			<report>
				<misses>479001</misses>
				<total>0</total>
				<timestamp>129.201780</timestamp>
			</report>
			<report>
				<misses>480001</misses>
				<total>1</total>
				<timestamp>129.471386</timestamp>
			</report>
			<report>
				<misses>481001</misses>
				<total>1</total>
				<timestamp>129.741123</timestamp>
			</report>
			<report>
				<misses>482001</misses>
				<total>1</total>
				<timestamp>130.010843</timestamp>
			</report>
			<report>
				<misses>483001</misses>
				<total>1</total>
				<timestamp>130.280661</timestamp>
			</report>
			<report>
				<misses>484001</misses>
				<total>1</total>
				<timestamp>130.550364</timestamp>
			</report>
			<report>
				<misses>485001</misses>
				<total>1</total>
				<timestamp>130.820041</timestamp>
			</report>
			<report>
				<misses>486001</misses>
				<total>1</total>
				<timestamp>131.089772</timestamp>
			</report>
			<report>
				<misses>487001</misses>
				<total>0</total>
				<timestamp>131.359640</timestamp>
			</report>
			<report>
				<misses>488001</misses>
				<total>1</total>
				<timestamp>131.629217</timestamp>
			</report>
			<report>
				<misses>489001</misses>
				<total>1</total>
				<timestamp>131.898960</timestamp>
			</report>
			<report>
				<misses>490001</misses>
				<total>1</total>
				<timestamp>132.168699</timestamp>
			</report>
			<report>
				<misses>491001</misses>
				<total>1</total>
				<timestamp>132.438472</timestamp>
			</report>
			<report>
				<misses>492001</misses>
				<total>1</total>
				<timestamp>132.708145</timestamp>
			</report>
			<report>
				<misses>493001</misses>
				<total>1</total>
				<timestamp>132.977884</timestamp>
			</report>
			<report>
				<misses>494001</misses>
				<total>1</total>
				<timestamp>133.247636</timestamp>
			</report>
			<report>
				<misses>495001</misses>
				<total>1</total>
				<timestamp>133.517364</timestamp>
			</report>
			<report>
				<misses>496001</misses>
				<total>1</total>
				<timestamp>133.787084</timestamp>
			</report>
			<report>
				<misses>497001</misses>
				<total>1</total>
				<timestamp>134.056799</timestamp>
			</report>
			<report>
				<misses>498001</misses>
				<total>0</total>
				<timestamp>134.326624</timestamp>
			</report>
			<report>
				<misses>499001</misses>
				<total>1</total>
				<timestamp>134.596290</timestamp>
			</report>
			<report>
				<misses>500001</misses>
				<total>1</total>
				<timestamp>134.865982</timestamp>
			</report>
			<report>
				<misses>501001</misses>
				<total>1</total>
				<timestamp>135.135750</timestamp>
			</report>
			<report>
				<misses>502001</misses>
				<total>0</total>
				<timestamp>135.405608</timestamp>
			</report>
			<report>
				<misses>503001</misses>
				<total>1</total>
				<timestamp>135.675197</timestamp>
			</report>
			<report>
				<misses>504001</misses>
				<total>1</total>
				<timestamp>135.944930</timestamp>
			</report>
			<report>
				<misses>505001</misses>
				<total>1</total>
				<timestamp>136.214664</timestamp>
			</report>
			<report>
				<misses>506001</misses>
				<total>1</total>
				<timestamp>136.484374</timestamp>
			</report>
			<report>
				<misses>507001</misses>
				<total>1</total>
				<timestamp>136.754104</timestamp>
			</report>
			<report>
				<misses>508001</misses>
				<total>1</total>
				<timestamp>137.023870</timestamp>
			</report>
			<report>
				<misses>509001</misses>
				<total>1</total>
				<timestamp>137.293609</timestamp>
			</report>
			<report>
				<misses>510001</misses>
				<total>1</total>
				<timestamp>137.563285</timestamp>
			</report>
			<report>
				<misses>511001</misses>
				<total>1</total>
				<timestamp>137.833034</timestamp>
			</report>
			<report>
				<misses>512001</misses>
				<total>0</total>
				<timestamp>138.102823</timestamp>
			</report>
			<report>
				<misses>513001</misses>
				<total>0</total>
				<timestamp>138.372607</timestamp>
			</report>
			<report>
				<misses>514001</misses>
				<total>1</total>
				<timestamp>138.642202</timestamp>
			</report>
			<report>
				<misses>515001</misses>
				<total>1</total>
				<timestamp>138.911950</timestamp>
			</report>
			<report>
				<misses>516001</misses>
				<total>1</total>
				<timestamp>139.181798</timestamp>
			</report>
			<report>
				<misses>517001</misses>
				<total>1</total>
				<timestamp>139.451399</timestamp>
			</report>
			<report>
				<misses>518001</misses>
				<total>1</total>
				<timestamp>139.721132</timestamp>
			</report>
			<report>
				<misses>519001</misses>
				<total>1</total>
				<timestamp>139.990867</timestamp>
			</report>
			<report>
				<misses>520001</misses>
				<total>0</total>
				<timestamp>140.260717</timestamp>
			</report>
			<report>
				<misses>521001</misses>
				<total>1</total>
				<timestamp>140.530449</timestamp>
			</report>
			<report>
				<misses>522001</misses>
				<total>1</total>
				<timestamp>140.800179</timestamp>
			</report>
			<report>
				<misses>523001</misses>
				<total>1</total>
				<timestamp>141.069908</timestamp>
			</report>
			<report>
				<misses>524001</misses>
				<total>1</total>
				<timestamp>141.339629</timestamp>
			</report>
			<report>
				<misses>525001</misses>
				<total>1</total>
				<timestamp>141.609239</timestamp>
			</report>
			<report>
				<misses>526001</misses>
				<total>1</total>
				<timestamp>141.878969</timestamp>
			</report>
			<report>
				<misses>527001</misses>
				<total>0</total>
				<timestamp>142.148826</timestamp>
			</report>
			<report>
				<misses>528001</misses>
				<total>1</total>
				<timestamp>142.418558</timestamp>
			</report>
			<report>
				<misses>529001</misses>
				<total>1</total>
				<timestamp>142.688154</timestamp>
			</report>
			<report>
				<misses>530001</misses>
				<total>1</total>
				<timestamp>142.957883</timestamp>
			</report>
			<report>
				<misses>531001</misses>
				<total>1</total>
				<timestamp>143.227747</timestamp>
			</report>
			<report>
				<misses>532001</misses>
				<total>1</total>
				<timestamp>143.497474</timestamp>
			</report>
			<report>
				<misses>533001</misses>
				<total>1</total>
				<timestamp>143.767205</timestamp>
			</report>
			<report>
				<misses>534001</misses>
				<total>1</total>
				<timestamp>144.036937</timestamp>
			</report>
			<report>
				<misses>535001</misses>
				<total>1</total>
				<timestamp>144.306666</timestamp>
			</report>
			<report>
				<misses>536001</misses>
				<total>1</total>
				<timestamp>144.576267</timestamp>
			</report>
			<report>
				<misses>537001</misses>
				<total>1</total>
				<timestamp>144.846123</timestamp>
			</report>
			<report>
				<misses>538001</misses>
				<total>1</total>
				<timestamp>145.115854</timestamp>
			</report>
			<report>
				<misses>539001</misses>
				<total>1</total>
				<timestamp>145.385592</timestamp>
			</report>
			<report>
				<misses>540001</misses>
				<total>1</total>
				<timestamp>145.655190</timestamp>
			</report>
			<report>
				<misses>541001</misses>
				<total>1</total>
				<timestamp>145.924916</timestamp>
			</report>
			<report>
				<misses>542001</misses>
				<total>1</total>
				<timestamp>146.194775</timestamp>
			</report>
			<report>
				<misses>543001</misses>
				<total>1</total>
				<timestamp>146.464388</timestamp>
			</report>
			<report>
				<misses>544001</misses>
				<total>1</total>
				<timestamp>146.734098</timestamp>
			</report>
			<report>
				<misses>545001</misses>
				<total>1</total>
				<timestamp>147.003841</timestamp>
			</report>
			<report>
				<misses>546001</misses>
				<total>1</total>
				<timestamp>147.273694</timestamp>
			</report>
			<report>
				<misses>547001</misses>
				<total>1</total>
				<timestamp>147.543304</timestamp>
			</report>
			<report>
				<misses>548001</misses>
				<total>1</total>
				<timestamp>147.813035</timestamp>
			</report>
			<report>
				<misses>549001</misses>
				<total>1</total>
				<timestamp>148.082786</timestamp>
			</report>
			<report>
				<misses>550001</misses>
				<total>1</total>
				<timestamp>148.352606</timestamp>
			</report>
			<report>
				<misses>551001</misses>
				<total>1</total>
				<timestamp>148.622207</timestamp>
			</report>
			<report>
				<misses>552001</misses>
				<total>1</total>
				<timestamp>148.891957</timestamp>
			</report>
			<report>
				<misses>553001</misses>
				<total>1</total>
				<timestamp>149.161681</timestamp>
			</report>
			<report>
				<misses>554001</misses>
				<total>0</total>
				<timestamp>149.431551</timestamp>
			</report>
			<report>
				<misses>555001</misses>
				<total>1</total>
				<timestamp>149.701146</timestamp>
			</report>
			<report>
				<misses>556001</misses>
				<total>1</total>
				<timestamp>149.970860</timestamp>
			</report>
			<report>
				<misses>557001</misses>
				<total>1</total>
				<timestamp>150.240630</timestamp>
			</report>
			<report>
				<misses>558001</misses>
				<total>1</total>
				<timestamp>150.510381</timestamp>
			</report>
			<report>
				<misses>559001</misses>
				<total>1</total>
				<timestamp>150.780083</timestamp>
			</report>
			<report>
				<misses>560001</misses>
				<total>1</total>
				<timestamp>151.049805</timestamp>
			</report>
			<report>
				<misses>561001</misses>
				<total>0</total>
				<timestamp>151.319630</timestamp>
			</report>
			<report>
				<misses>562001</misses>
				<total>0</total>
				<timestamp>151.589350</timestamp>
			</report>
			<report>
				<misses>563001</misses>
				<total>1</total>
				<timestamp>151.858998</timestamp>
			</report>
			<report>
				<misses>564001</misses>
				<total>1</total>
				<timestamp>152.128742</timestamp>
			</report>
			<report>
				<misses>565001</misses>
				<total>1</total>
				<timestamp>152.398540</timestamp>
			</report>
			<report>
				<misses>566001</misses>
				<total>1</total>
				<timestamp>152.668170</timestamp>
			</report>
			<report>
				<misses>567001</misses>
				<total>1</total>
				<timestamp>152.937900</timestamp>
			</report>
			<report>
				<misses>568001</misses>
				<total>1</total>
				<timestamp>153.207631</timestamp>
			</report>
			<report>
				<misses>569001</misses>
				<total>1</total>
				<timestamp>153.477372</timestamp>
			</report>
			<report>
				<misses>570001</misses>
				<total>1</total>
				<timestamp>153.747089</timestamp>
			</report>
			<report>
				<misses>571001</misses>
				<total>1</total>
				<timestamp>154.016841</timestamp>
			</report>
			<report>
				<misses>572001</misses>
				<total>1</total>
				<timestamp>154.286627</timestamp>
			</report>
			<report>
				<misses>573001</misses>
				<total>1</total>
				<timestamp>154.556296</timestamp>
			</report>
			<report>
				<misses>574001</misses>
				<total>1</total>
				<timestamp>154.826001</timestamp>
			</report>
			<report>
				<misses>575001</misses>
				<total>1</total>
				<timestamp>155.095738</timestamp>
			</report>
			<report>
				<misses>576001</misses>
				<total>1</total>
				<timestamp>155.365487</timestamp>
			</report>
			<report>
				<misses>577001</misses>
				<total>1</total>
				<timestamp>155.635216</timestamp>
			</report>
			<report>
				<misses>578001</misses>
				<total>1</total>
				<timestamp>155.904936</timestamp>
			</report>
			<report>
				<misses>579001</misses>
				<total>1</total>
				<timestamp>156.174724</timestamp>
			</report>
			<report>
				<misses>580001</misses>
				<total>0</total>
				<timestamp>156.444491</timestamp>
			</report>
			<report>
				<misses>581001</misses>
				<total>1</total>
				<timestamp>156.714110</timestamp>
			</report>
			<report>
				<misses>582001</misses>
				<total>1</total>
				<timestamp>156.983879</timestamp>
			</report>
			<report>
				<misses>583001</misses>
				<total>1</total>
				<timestamp>157.253588</timestamp>
			</report>
			<report>
				<misses>584001</misses>
				<total>1</total>
				<timestamp>157.523326</timestamp>
			</report>
			<report>
				<misses>585001</misses>
				<total>1</total>
				<timestamp>157.793045</timestamp>
			</report>
			<report>
				<misses>586001</misses>
				<total>1</total>
				<timestamp>158.062795</timestamp>
			</report>
			<report>
				<misses>587001</misses>
				<total>0</total>
				<timestamp>158.332606</timestamp>
			</report>
			<report>
				<misses>588001</misses>
				<total>1</total>
				<timestamp>158.602225</timestamp>
			</report>
			<report>
				<misses>589001</misses>
				<total>1</total>
				<timestamp>158.871964</timestamp>
			</report>
			<report>
				<misses>590001</misses>
				<total>1</total>
				<timestamp>159.141722</timestamp>
			</report>
			<report>
				<misses>591001</misses>
				<total>1</total>
				<timestamp>159.411466</timestamp>
			</report>
			<report>
				<misses>592001</misses>
				<total>1</total>
				<timestamp>159.681151</timestamp>
			</report>
			<report>
				<misses>593001</misses>
				<total>1</total>
				<timestamp>159.950870</timestamp>
			</report>
			<report>
				<misses>594001</misses>
				<total>1</total>
				<timestamp>160.220610</timestamp>
			</report>
			<report>
				<misses>595001</misses>
				<total>1</total>
				<timestamp>160.490345</timestamp>
			</report>
			<report>
				<misses>596001</misses>
				<total>1</total>
				<timestamp>160.760068</timestamp>
			</report>
			<report>
				<misses>597001</misses>
				<total>1</total>
				<timestamp>161.029831</timestamp>
			</report>
			<report>
				<misses>598001</misses>
				<total>1</total>
				<timestamp>161.299577</timestamp>
			</report>
			<report>
				<misses>599001</misses>
				<total>1</total>
				<timestamp>161.569258</timestamp>
			</report>
			<report>
				<misses>600001</misses>
				<total>1</total>
				<timestamp>161.838980</timestamp>
			</report>
			<report>
				<misses>601001</misses>
				<total>1</total>
				<timestamp>162.108715</timestamp>
			</report>
			<report>
				<misses>602001</misses>
				<total>0</total>
				<timestamp>162.378570</timestamp>
			</report>
			<report>
				<misses>603001</misses>
				<total>1</total>
				<timestamp>162.648209</timestamp>
			</report>
			<report>
				<misses>604001</misses>
				<total>1</total>
				<timestamp>162.917948</timestamp>
			</report>
			<report>
				<misses>605001</misses>
				<total>1</total>
				<timestamp>163.187680</timestamp>
			</report>
			<report>
				<misses>606001</misses>
				<total>1</total>
				<timestamp>163.457369</timestamp>
			</report>
			<report>
				<misses>607001</misses>
				<total>1</total>
				<timestamp>163.727116</timestamp>
			</report>
			<report>
				<misses>608001</misses>
				<total>1</total>
				<timestamp>163.996845</timestamp>
			</report>
			<report>
				<misses>609001</misses>
				<total>1</total>
				<timestamp>164.266619</timestamp>
			</report>
			<report>
				<misses>610001</misses>
				<total>1</total>
				<timestamp>164.536317</timestamp>
			</report>
			<report>
				<misses>611001</misses>
				<total>1</total>
				<timestamp>164.806057</timestamp>
			</report>
			<report>
				<misses>612001</misses>
				<total>1</total>
				<timestamp>165.075744</timestamp>
			</report>
			<report>
				<misses>613001</misses>
				<total>1</total>
				<timestamp>165.345511</timestamp>
			</report>
			<report>
				<misses>614001</misses>
				<total>1</total>
				<timestamp>165.615213</timestamp>
			</report>
			<report>
				<misses>615001</misses>
				<total>1</total>
				<timestamp>165.884922</timestamp>
			</report>
			<report>
				<misses>616001</misses>
				<total>1</total>
				<timestamp>166.154686</timestamp>
			</report>
			<report>
				<misses>617001</misses>
				<total>1</total>
				<timestamp>166.424422</timestamp>
			</report>
			<report>
				<misses>618001</misses>
				<total>1</total>
				<timestamp>166.694124</timestamp>
			</report>
			<report>
				<misses>619001</misses>
				<total>1</total>
				<timestamp>166.963849</timestamp>
			</report>
			<report>
				<misses>620001</misses>
				<total>1</total>
				<timestamp>167.233645</timestamp>
			</report>
			<report>
				<misses>621001</misses>
				<total>0</total>
				<timestamp>167.503426</timestamp>
			</report>
			<report>
				<misses>622001</misses>
				<total>1</total>
				<timestamp>167.773050</timestamp>
			</report>
			<report>
				<misses>623001</misses>
				<total>1</total>
				<timestamp>168.042779</timestamp>
			</report>
			<report>
				<misses>624001</misses>
				<total>1</total>
				<timestamp>168.312536</timestamp>
			</report>
			<report>
				<misses>625001</misses>
				<total>1</total>
				<timestamp>168.582263</timestamp>
			</report>
			<report>
				<misses>626001</misses>
				<total>1</total>
				<timestamp>168.851962</timestamp>
			</report>
			<report>
				<misses>627001</misses>
				<total>1</total>
				<timestamp>169.121688</timestamp>
			</report>
			<report>
				<misses>628001</misses>
				<total>0</total>
				<timestamp>169.391523</timestamp>
			</report>
			<report>
				<misses>629001</misses>
				<total>1</total>
				<timestamp>169.661154</timestamp>
			</report>
			<report>
				<misses>630001</misses>
				<total>1</total>
				<timestamp>169.930900</timestamp>
			</report>
			<report>
				<misses>631001</misses>
				<total>1</total>
				<timestamp>170.200636</timestamp>
			</report>
			<report>
				<misses>632001</misses>
				<total>1</total>
				<timestamp>170.470386</timestamp>
			</report>
			<report>
				<misses>633001</misses>
				<total>1</total>
				<timestamp>170.740065</timestamp>
			</report>
			<report>
				<misses>634001</misses>
				<total>1</total>
				<timestamp>171.009851</timestamp>
			</report>
			<report>
				<misses>635001</misses>
				<total>0</total>
				<timestamp>171.279624</timestamp>
			</report>
			<report>
				<misses>636001</misses>
				<total>0</total>
				<timestamp>171.549399</timestamp>
			</report>
			<report>
				<misses>637001</misses>
				<total>1</total>
				<timestamp>171.819002</timestamp>
			</report>
			<report>
				<misses>638001</misses>
				<total>1</total>
				<timestamp>172.088751</timestamp>
			</report>
			<report>
				<misses>639001</misses>
				<total>1</total>
				<timestamp>172.358465</timestamp>
			</report>
			<report>
				<misses>640001</misses>
				<total>1</total>
				<timestamp>172.628198</timestamp>
			</report>
			<report>
				<misses>641001</misses>
				<total>1</total>
				<timestamp>172.897931</timestamp>
			</report>
			<report>
				<misses>642001</misses>
				<total>1</total>
				<timestamp>173.167653</timestamp>
			</report>
			<report>
				<misses>643001</misses>
				<total>0</total>
				<timestamp>173.437488</timestamp>
			</report>
			<report>
				<misses>644001</misses>
				<total>1</total>
				<timestamp>173.707109</timestamp>
			</report>
			<report>
				<misses>645001</misses>
				<total>1</total>
				<timestamp>173.976858</timestamp>
			</report>
			<report>
				<misses>646001</misses>
				<total>1</total>
				<timestamp>174.246632</timestamp>
			</report>
			<report>
				<misses>647001</misses>
				<total>1</total>
				<timestamp>174.516344</timestamp>
			</report>
			<report>
				<misses>648001</misses>
				<total>1</total>
				<timestamp>174.786039</timestamp>
			</report>
			<report>
				<misses>649001</misses>
				<total>1</total>
				<timestamp>175.055812</timestamp>
			</report>
			<report>
				<misses>650001</misses>
				<total>1</total>
				<timestamp>175.325558</timestamp>
			</report>
			<report>
				<misses>651001</misses>
				<total>1</total>
				<timestamp>175.595221</timestamp>
			</report>
			<report>
				<misses>652001</misses>
				<total>1</total>
				<timestamp>175.864976</timestamp>
			</report>
			<report>
				<misses>653001</misses>
				<total>1</total>
				<timestamp>176.134717</timestamp>
			</report>
			<report>
				<misses>654001</misses>
				<total>1</total>
				<timestamp>176.404476</timestamp>
			</report>
			<report>
				<misses>655001</misses>
				<total>1</total>
				<timestamp>176.674135</timestamp>
			</report>
			<report>
				<misses>656001</misses>
				<total>1</total>
				<timestamp>176.943882</timestamp>
			</report>
			<report>
				<misses>657001</misses>
				<total>1</total>
				<timestamp>177.213641</timestamp>
			</report>
			<report>
				<misses>658001</misses>
				<total>0</total>
				<timestamp>177.483466</timestamp>
			</report>
			<report>
				<misses>659001</misses>
				<total>1</total>
				<timestamp>177.753065</timestamp>
			</report>
			<report>
				<misses>660001</misses>
				<total>1</total>
				<timestamp>178.022834</timestamp>
			</report>
			<report>
				<misses>661001</misses>
				<total>0</total>
				<timestamp>178.292622</timestamp>
			</report>
			<report>
				<misses>662001</misses>
				<total>1</total>
				<timestamp>178.562316</timestamp>
			</report>
			<report>
				<misses>663001</misses>
				<total>1</total>
				<timestamp>178.831987</timestamp>
			</report>
			<report>
				<misses>664001</misses>
				<total>1</total>
				<timestamp>179.101740</timestamp>
			</report>
			<report>
				<misses>665001</misses>
				<total>1</total>
				<timestamp>179.371448</timestamp>
			</report>
			<report>
				<misses>666001</misses>
				<total>1</total>
				<timestamp>179.641181</timestamp>
			</report>
			<report>
				<misses>667001</misses>
				<total>1</total>
				<timestamp>179.910932</timestamp>
			</report>
			<report>
				<misses>668001</misses>
				<total>1</total>
				<timestamp>180.180623</timestamp>
			</report>
			<report>
				<misses>669001</misses>
				<total>1</total>
				<timestamp>180.450412</timestamp>
			</report>
			<report>
				<misses>670001</misses>
				<total>1</total>
				<timestamp>180.720106</timestamp>
			</report>
			<report>
				<misses>671001</misses>
				<total>1</total>
				<timestamp>180.989829</timestamp>
			</report>
			<report>
				<misses>672001</misses>
				<total>1</total>
				<timestamp>181.259567</timestamp>
			</report>
			<report>
				<misses>673001</misses>
				<total>0</total>
				<timestamp>181.529401</timestamp>
			</report>
			<report>
				<misses>674001</misses>
				<total>1</total>
				<timestamp>181.799012</timestamp>
			</report>
			<report>
				<misses>675001</misses>
				<total>1</total>
				<timestamp>182.068729</timestamp>
			</report>
			<report>
				<misses>676001</misses>
				<total>0</total>
				<timestamp>182.338557</timestamp>
			</report>
			<report>
				<misses>677001</misses>
				<total>0</total>
				<timestamp>182.608308</timestamp>
			</report>
			<report>
				<misses>678001</misses>
				<total>1</total>
				<timestamp>182.877928</timestamp>
			</report>
			<report>
				<misses>679001</misses>
				<total>1</total>
				<timestamp>183.147658</timestamp>
			</report>
			<report>
				<misses>680001</misses>
				<total>1</total>
				<timestamp>183.417442</timestamp>
			</report>
			<report>
				<misses>681001</misses>
				<total>1</total>
				<timestamp>183.687116</timestamp>
			</report>
			<report>
				<misses>682001</misses>
				<total>1</total>
				<timestamp>183.956854</timestamp>
			</report>
			<report>
				<misses>683001</misses>
				<total>1</total>
				<timestamp>184.226565</timestamp>
			</report>
			<report>
				<misses>684001</misses>
				<total>0</total>
				<timestamp>184.496436</timestamp>
			</report>
			<report>
				<misses>685001</misses>
				<total>1</total>
				<timestamp>184.766022</timestamp>
			</report>
			<report>
				<misses>686001</misses>
				<total>1</total>
				<timestamp>185.035784</timestamp>
			</report>
			<report>
				<misses>687001</misses>
				<total>1</total>
				<timestamp>185.305549</timestamp>
			</report>
			<report>
				<misses>688001</misses>
				<total>0</total>
				<timestamp>185.575310</timestamp>
			</report>
			<report>
				<misses>689001</misses>
				<total>1</total>
				<timestamp>185.844948</timestamp>
			</report>
			<report>
				<misses>690001</misses>
				<total>1</total>
				<timestamp>186.114689</timestamp>
			</report>
			<report>
				<misses>691001</misses>
				<total>1</total>
				<timestamp>186.384423</timestamp>
			</report>
			<report>
				<misses>692001</misses>
				<total>1</total>
				<timestamp>186.654127</timestamp>
			</report>
			<report>
				<misses>693001</misses>
				<total>1</total>
				<timestamp>186.923874</timestamp>
			</report>
			<report>
				<misses>694001</misses>
				<total>1</total>
				<timestamp>187.193626</timestamp>
			</report>
			<report>
				<misses>695001</misses>
				<total>2</total>
				<timestamp>187.463410</timestamp>
			</report>
			<report>
				<misses>696001</misses>
				<total>2</total>
				<timestamp>187.733098</timestamp>
			</report>
			<report>
				<misses>697001</misses>
				<total>2</total>
				<timestamp>188.002837</timestamp>
			</report>
			<report>
				<misses>698001</misses>
				<total>2</total>
				<timestamp>188.272537</timestamp>
			</report>
			<report>
				<misses>699001</misses>
				<total>2</total>
				<timestamp>188.542301</timestamp>
			</report>
			<report>
				<misses>700001</misses>
				<total>2</total>
				<timestamp>188.811984</timestamp>
			</report>
			<report>
				<misses>701001</misses>
				<total>2</total>
				<timestamp>189.081736</timestamp>
			</report>
			<report>
				<misses>702001</misses>
				<total>1</total>
				<timestamp>189.351535</timestamp>
			</report>
			<report>
				<misses>703001</misses>
				<total>1</total>
				<timestamp>189.621276</timestamp>
			</report>
			<report>
				<misses>704001</misses>
				<total>2</total>
				<timestamp>189.890904</timestamp>
			</report>
			<report>
				<misses>705001</misses>
				<total>2</total>
				<timestamp>190.160641</timestamp>
			</report>
			<report>
				<misses>706001</misses>
				<total>1</total>
				<timestamp>190.430509</timestamp>
			</report>
			<report>
				<misses>707001</misses>
				<total>1</total>
				<timestamp>190.700208</timestamp>
			</report>
			<report>
				<misses>708001</misses>
				<total>2</total>
				<timestamp>190.969828</timestamp>
			</report>
			<report>
				<misses>709001</misses>
				<total>2</total>
				<timestamp>191.239550</timestamp>
			</report>
			<report>
				<misses>710001</misses>
				<total>1</total>
				<timestamp>191.509385</timestamp>
			</report>
			<report>
				<misses>711001</misses>
				<total>2</total>
				<timestamp>191.779020</timestamp>
			</report>
			<report>
				<misses>712001</misses>
				<total>2</total>
				<timestamp>192.048759</timestamp>
			</report>
			<report>
				<misses>713001</misses>
				<total>2</total>
				<timestamp>192.318518</timestamp>
			</report>
			<report>
				<misses>714001</misses>
				<total>2</total>
				<timestamp>192.588293</timestamp>
			</report>
			<report>
				<misses>715001</misses>
				<total>2</total>
				<timestamp>192.857948</timestamp>
			</report>
			<report>
				<misses>716001</misses>
				<total>2</total>
				<timestamp>193.127716</timestamp>
			</report>
			<report>
				<misses>717001</misses>
				<total>1</total>
				<timestamp>193.397498</timestamp>
			</report>
			<report>
				<misses>718001</misses>
				<total>1</total>
				<timestamp>193.667241</timestamp>
			</report>
			<report>
				<misses>719001</misses>
				<total>2</total>
				<timestamp>193.936848</timestamp>
			</report>
			<report>
				<misses>720001</misses>
				<total>2</total>
				<timestamp>194.206587</timestamp>
			</report>
			<report>
				<misses>721001</misses>
				<total>2</total>
				<timestamp>194.476358</timestamp>
			</report>
			<report>
				<misses>722001</misses>
				<total>2</total>
				<timestamp>194.746048</timestamp>
			</report>
			<report>
				<misses>723001</misses>
				<total>2</total>
				<timestamp>195.015827</timestamp>
			</report>
			<report>
				<misses>724001</misses>
				<total>2</total>
				<timestamp>195.285530</timestamp>
			</report>
			<report>
				<misses>725001</misses>
				<total>1</total>
				<timestamp>195.555351</timestamp>
			</report>
			<report>
				<misses>726001</misses>
				<total>2</total>
				<timestamp>195.824990</timestamp>
			</report>
			<report>
				<misses>727001</misses>
				<total>2</total>
				<timestamp>196.094702</timestamp>
			</report>
			<report>
				<misses>728001</misses>
				<total>2</total>
				<timestamp>196.364495</timestamp>
			</report>
			<report>
				<misses>729001</misses>
				<total>2</total>
				<timestamp>196.634224</timestamp>
			</report>
			<report>
				<misses>730001</misses>
				<total>2</total>
				<timestamp>196.903889</timestamp>
			</report>
			<report>
				<misses>731001</misses>
				<total>2</total>
				<timestamp>197.173644</timestamp>
			</report>
			<report>
				<misses>732001</misses>
				<total>1</total>
				<timestamp>197.443487</timestamp>
			</report>
			<report>
				<misses>733001</misses>
				<total>1</total>
				<timestamp>197.713262</timestamp>
			</report>
			<report>
				<misses>734001</misses>
				<total>2</total>
				<timestamp>197.982874</timestamp>
			</report>
			<report>
				<misses>735001</misses>
				<total>2</total>
				<timestamp>198.252533</timestamp>
			</report>
			<report>
				<misses>736001</misses>
				<total>2</total>
				<timestamp>198.522279</timestamp>
			</report>
			<report>
				<misses>737001</misses>
				<total>2</total>
				<timestamp>198.792014</timestamp>
			</report>
			<report>
				<misses>738001</misses>
				<total>2</total>
				<timestamp>199.061731</timestamp>
			</report>
			<report>
				<misses>739001</misses>
				<total>2</total>
				<timestamp>199.331468</timestamp>
			</report>
			<report>
				<misses>740001</misses>
				<total>2</total>
				<timestamp>199.601253</timestamp>
			</report>
			<report>
				<misses>741001</misses>
				<total>2</total>
				<timestamp>199.870922</timestamp>
			</report>
			<report>
				<misses>742001</misses>
				<total>2</total>
				<timestamp>200.140674</timestamp>
			</report>
			<report>
				<misses>743001</misses>
				<total>1</total>
				<timestamp>200.410487</timestamp>
			</report>
			<report>
				<misses>744001</misses>
				<total>2</total>
				<timestamp>200.680208</timestamp>
			</report>
			<report>
				<misses>745001</misses>
				<total>2</total>
				<timestamp>200.949832</timestamp>
			</report>
			<report>
				<misses>746001</misses>
				<total>2</total>
				<timestamp>201.219582</timestamp>
			</report>
			<report>
				<misses>747001</misses>
				<total>2</total>
				<timestamp>201.489332</timestamp>
			</report>
			<report>
				<misses>748001</misses>
				<total>2</total>
				<timestamp>201.759043</timestamp>
			</report>
			<report>
				<misses>749001</misses>
				<total>2</total>
				<timestamp>202.028763</timestamp>
			</report>
			<report>
				<misses>750001</misses>
				<total>2</total>
				<timestamp>202.298534</timestamp>
			</report>
			<report>
				<misses>751001</misses>
				<total>1</total>
				<timestamp>202.568321</timestamp>
			</report>
			<report>
				<misses>752001</misses>
				<total>2</total>
				<timestamp>202.837973</timestamp>
			</report>
			<report>
				<misses>753001</misses>
				<total>2</total>
				<timestamp>203.107706</timestamp>
			</report>
			<report>
				<misses>754001</misses>
				<total>2</total>
				<timestamp>203.377410</timestamp>
			</report>
			<report>
				<misses>755001</misses>
				<total>2</total>
				<timestamp>203.647206</timestamp>
			</report>
			<report>
				<misses>756001</misses>
				<total>2</total>
				<timestamp>203.916874</timestamp>
			</report>
			<report>
				<misses>757001</misses>
				<total>2</total>
				<timestamp>204.186609</timestamp>
			</report>
			<report>
				<misses>758001</misses>
				<total>1</total>
				<timestamp>204.456424</timestamp>
			</report>
			<report>
				<misses>759001</misses>
				<total>1</total>
				<timestamp>204.726210</timestamp>
			</report>
			<report>
				<misses>760001</misses>
				<total>2</total>
				<timestamp>204.995800</timestamp>
			</report>
			<report>
				<misses>761001</misses>
				<total>2</total>
				<timestamp>205.265541</timestamp>
			</report>
			<report>
				<misses>762001</misses>
				<total>2</total>
				<timestamp>205.535301</timestamp>
			</report>
			<report>
				<misses>763001</misses>
				<total>2</total>
				<timestamp>205.804974</timestamp>
			</report>
			<report>
				<misses>764001</misses>
				<total>2</total>
				<timestamp>206.074724</timestamp>
			</report>
			<report>
				<misses>765001</misses>
				<total>2</total>
				<timestamp>206.344439</timestamp>
			</report>
			<report>
				<misses>766001</misses>
				<total>1</total>
				<timestamp>206.614297</timestamp>
			</report>
			<report>
				<misses>767001</misses>
				<total>2</total>
				<timestamp>206.883897</timestamp>
			</report>
			<report>
				<misses>768001</misses>
				<total>2</total>
				<timestamp>207.153642</timestamp>
			</report>
			<report>
				<misses>769001</misses>
				<total>2</total>
				<timestamp>207.423421</timestamp>
			</report>
			<report>
				<misses>770001</misses>
				<total>2</total>
				<timestamp>207.693211</timestamp>
			</report>
			<report>
				<misses>771001</misses>
				<total>2</total>
				<timestamp>207.962826</timestamp>
			</report>
			<report>
				<misses>772001</misses>
				<total>2</total>
				<timestamp>208.232568</timestamp>
			</report>
			<report>
				<misses>773001</misses>
				<total>1</total>
				<timestamp>208.502406</timestamp>
			</report>
			<report>
				<misses>774001</misses>
				<total>2</total>
				<timestamp>208.772019</timestamp>
			</report>
			<report>
				<misses>775001</misses>
				<total>2</total>
				<timestamp>209.041745</timestamp>
			</report>
			<report>
				<misses>776001</misses>
				<total>2</total>
				<timestamp>209.311490</timestamp>
			</report>
			<report>
				<misses>777001</misses>
				<total>2</total>
				<timestamp>209.581249</timestamp>
			</report>
			<report>
				<misses>778001</misses>
				<total>2</total>
				<timestamp>209.850921</timestamp>
			</report>
			<report>
				<misses>779001</misses>
				<total>2</total>
				<timestamp>210.120661</timestamp>
			</report>
			<report>
				<misses>780001</misses>
				<total>2</total>
				<timestamp>210.390452</timestamp>
			</report>
			<report>
				<misses>781001</misses>
				<total>2</total>
				<timestamp>210.660143</timestamp>
			</report>
			<report>
				<misses>782001</misses>
				<total>2</total>
				<timestamp>210.929875</timestamp>
			</report>
			<report>
				<misses>783001</misses>
				<total>2</total>
				<timestamp>211.199599</timestamp>
			</report>
			<report>
				<misses>784001</misses>
				<total>2</total>
				<timestamp>211.469333</timestamp>
			</report>
			<report>
				<misses>785001</misses>
				<total>1</total>
				<timestamp>211.739171</timestamp>
			</report>
			<report>
				<misses>786001</misses>
				<total>2</total>
				<timestamp>212.008773</timestamp>
			</report>
			<report>
				<misses>787001</misses>
				<total>2</total>
				<timestamp>212.278511</timestamp>
			</report>
			<report>
				<misses>788001</misses>
				<total>2</total>
				<timestamp>212.548241</timestamp>
			</report>
			<report>
				<misses>789001</misses>
				<total>2</total>
				<timestamp>212.817963</timestamp>
			</report>
			<report>
				<misses>790001</misses>
				<total>2</total>
				<timestamp>213.087703</timestamp>
			</report>
			<report>
				<misses>791001</misses>
				<total>2</total>
				<timestamp>213.357428</timestamp>
			</report>
			<report>
				<misses>792001</misses>
				<total>2</total>
				<timestamp>213.627200</timestamp>
			</report>
			<report>
				<misses>793001</misses>
				<total>2</total>
				<timestamp>213.896880</timestamp>
			</report>
			<report>
				<misses>794001</misses>
				<total>2</total>
				<timestamp>214.166634</timestamp>
			</report>
			<report>
				<misses>795001</misses>
				<total>2</total>
				<timestamp>214.436395</timestamp>
			</report>
			<report>
				<misses>796001</misses>
				<total>2</total>
				<timestamp>214.706113</timestamp>
			</report>
			<report>
				<misses>797001</misses>
				<total>2</total>
				<timestamp>214.975813</timestamp>
			</report>
			<report>
				<misses>798001</misses>
				<total>2</total>
				<timestamp>215.245563</timestamp>
			</report>
			<report>
				<misses>799001</misses>
				<total>1</total>
				<timestamp>215.515376</timestamp>
			</report>
			<report>
				<misses>800001</misses>
				<total>1</total>
				<timestamp>215.785114</timestamp>
			</report>
			<report>
				<misses>801001</misses>
				<total>2</total>
				<timestamp>216.054758</timestamp>
			</report>
			<report>
				<misses>802001</misses>
				<total>2</total>
				<timestamp>216.324451</timestamp>
			</report>
			<report>
				<misses>803001</misses>
				<total>2</total>
				<timestamp>216.594254</timestamp>
			</report>
			<report>
				<misses>804001</misses>
				<total>2</total>
				<timestamp>216.863905</timestamp>
			</report>
			<report>
				<misses>805001</misses>
				<total>2</total>
				<timestamp>217.133669</timestamp>
			</report>
			<report>
				<misses>806001</misses>
				<total>2</total>
				<timestamp>217.403388</timestamp>
			</report>
			<report>
				<misses>807001</misses>
				<total>2</total>
				<timestamp>217.673193</timestamp>
			</report>
			<report>
				<misses>808001</misses>
				<total>2</total>
				<timestamp>217.942838</timestamp>
			</report>
			<report>
				<misses>809001</misses>
				<total>2</total>
				<timestamp>218.212563</timestamp>
			</report>
			<report>
				<misses>810001</misses>
				<total>2</total>
				<timestamp>218.482332</timestamp>
			</report>
			<report>
				<misses>811001</misses>
				<total>2</total>
				<timestamp>218.752110</timestamp>
			</report>
			<report>
				<misses>812001</misses>
				<total>2</total>
				<timestamp>219.021752</timestamp>
			</report>
			<report>
				<misses>813001</misses>
				<total>2</total>
				<timestamp>219.291481</timestamp>
			</report>
			<report>
				<misses>814001</misses>
				<total>1</total>
				<timestamp>219.561324</timestamp>
			</report>
			<report>
				<misses>815001</misses>
				<total>2</total>
				<timestamp>219.830947</timestamp>
			</report>
			<report>
				<misses>816001</misses>
				<total>2</total>
				<timestamp>220.100680</timestamp>
			</report>
			<report>
				<misses>817001</misses>
				<total>2</total>
				<timestamp>220.370419</timestamp>
			</report>
			<report>
				<misses>818001</misses>
				<total>1</total>
				<timestamp>220.640218</timestamp>
			</report>
			<report>
				<misses>819001</misses>
				<total>2</total>
				<timestamp>220.909861</timestamp>
			</report>
			<report>
				<misses>820001</misses>
				<total>2</total>
				<timestamp>221.179617</timestamp>
			</report>
			<report>
				<misses>821001</misses>
				<total>2</total>
				<timestamp>221.449356</timestamp>
			</report>
			<report>
				<misses>822001</misses>
				<total>2</total>
				<timestamp>221.719099</timestamp>
			</report>
			<report>
				<misses>823001</misses>
				<total>2</total>
				<timestamp>221.988782</timestamp>
			</report>
			<report>
				<misses>824001</misses>
				<total>2</total>
				<timestamp>222.258523</timestamp>
			</report>
			<report>
				<misses>825001</misses>
				<total>2</total>
				<timestamp>222.528313</timestamp>
			</report>
			<report>
				<misses>826001</misses>
				<total>1</total>
				<timestamp>222.798125</timestamp>
			</report>
			<report>
				<misses>827001</misses>
				<total>2</total>
				<timestamp>223.067697</timestamp>
			</report>
			<report>
				<misses>828001</misses>
				<total>2</total>
				<timestamp>223.337436</timestamp>
			</report>
			<report>
				<misses>829001</misses>
				<total>2</total>
				<timestamp>223.607195</timestamp>
			</report>
			<report>
				<misses>830001</misses>
				<total>2</total>
				<timestamp>223.876891</timestamp>
			</report>
			<report>
				<misses>831001</misses>
				<total>2</total>
				<timestamp>224.146679</timestamp>
			</report>
			<report>
				<misses>832001</misses>
				<total>2</total>
				<timestamp>224.416371</timestamp>
			</report>
			<report>
				<misses>833001</misses>
				<total>1</total>
				<timestamp>224.686194</timestamp>
			</report>
			<report>
				<misses>834001</misses>
				<total>2</total>
				<timestamp>224.955832</timestamp>
			</report>
			<report>
				<misses>835001</misses>
				<total>2</total>
				<timestamp>225.225571</timestamp>
			</report>
			<report>
				<misses>836001</misses>
				<total>2</total>
				<timestamp>225.495286</timestamp>
			</report>
			<report>
				<misses>837001</misses>
				<total>2</total>
				<timestamp>225.765062</timestamp>
			</report>
			<report>
				<misses>838001</misses>
				<total>2</total>
				<timestamp>226.034756</timestamp>
			</report>
			<report>
				<misses>839001</misses>
				<total>2</total>
				<timestamp>226.304460</timestamp>
			</report>
			<report>
				<misses>840001</misses>
				<total>1</total>
				<timestamp>226.574295</timestamp>
			</report>
			<report>
				<misses>841001</misses>
				<total>2</total>
				<timestamp>226.843960</timestamp>
			</report>
			<report>
				<misses>842001</misses>
				<total>2</total>
				<timestamp>227.113655</timestamp>
			</report>
			<report>
				<misses>843001</misses>
				<total>2</total>
				<timestamp>227.383414</timestamp>
			</report>
			<report>
				<misses>844001</misses>
				<total>2</total>
				<timestamp>227.653148</timestamp>
			</report>
			<report>
				<misses>845001</misses>
				<total>2</total>
				<timestamp>227.922861</timestamp>
			</report>
			<report>
				<misses>846001</misses>
				<total>2</total>
				<timestamp>228.192577</timestamp>
			</report>
			<report>
				<misses>847001</misses>
				<total>2</total>
				<timestamp>228.462321</timestamp>
			</report>
			<report>
				<misses>848001</misses>
				<total>2</total>
				<timestamp>228.732110</timestamp>
			</report>
			<report>
				<misses>849001</misses>
				<total>2</total>
				<timestamp>229.001774</timestamp>
			</report>
			<report>
				<misses>850001</misses>
				<total>2</total>
				<timestamp>229.271516</timestamp>
			</report>
			<report>
				<misses>851001</misses>
				<total>2</total>
				<timestamp>229.541264</timestamp>
			</report>
			<report>
				<misses>852001</misses>
				<total>2</total>
				<timestamp>229.811037</timestamp>
			</report>
			<report>
				<misses>853001</misses>
				<total>2</total>
				<timestamp>230.080689</timestamp>
			</report>
			<report>
				<misses>854001</misses>
				<total>2</total>
				<timestamp>230.350416</timestamp>
			</report>
			<report>
				<misses>855001</misses>
				<total>1</total>
				<timestamp>230.620257</timestamp>
			</report>
			<report>
				<misses>856001</misses>
				<total>2</total>
				<timestamp>230.889880</timestamp>
			</report>
			<report>
				<misses>857001</misses>
				<total>2</total>
				<timestamp>231.159634</timestamp>
			</report>
			<report>
				<misses>858001</misses>
				<total>2</total>
				<timestamp>231.429319</timestamp>
			</report>
			<report>
				<misses>859001</misses>
				<total>2</total>
				<timestamp>231.699141</timestamp>
			</report>
			<report>
				<misses>860001</misses>
				<total>2</total>
				<timestamp>231.968796</timestamp>
			</report>
			<report>
				<misses>861001</misses>
				<total>2</total>
				<timestamp>232.238544</timestamp>
			</report>
			<report>
				<misses>862001</misses>
				<total>2</total>
				<timestamp>232.508263</timestamp>
			</report>
			<report>
				<misses>863001</misses>
				<total>2</total>
				<timestamp>232.778016</timestamp>
			</report>
			<report>
				<misses>864001</misses>
				<total>2</total>
				<timestamp>233.047721</timestamp>
			</report>
			<report>
				<misses>865001</misses>
				<total>2</total>
				<timestamp>233.317448</timestamp>
			</report>
			<report>
				<misses>866001</misses>
				<total>1</total>
				<timestamp>233.587251</timestamp>
			</report>
			<report>
				<misses>867001</misses>
				<total>1</total>
				<timestamp>233.856998</timestamp>
			</report>
			<report>
				<misses>868001</misses>
				<total>2</total>
				<timestamp>234.126641</timestamp>
			</report>
			<report>
				<misses>869001</misses>
				<total>2</total>
				<timestamp>234.396356</timestamp>
			</report>
			<report>
				<misses>870001</misses>
				<total>2</total>
				<timestamp>234.666137</timestamp>
			</report>
			<report>
				<misses>871001</misses>
				<total>2</total>
				<timestamp>234.935826</timestamp>
			</report>
			<report>
				<misses>872001</misses>
				<total>2</total>
				<timestamp>235.205549</timestamp>
			</report>
			<report>
				<misses>873001</misses>
				<total>2</total>
				<timestamp>235.475275</timestamp>
			</report>
			<report>
				<misses>874001</misses>
				<total>2</total>
				<timestamp>235.745038</timestamp>
			</report>
			<report>
				<misses>875001</misses>
				<total>2</total>
				<timestamp>236.014752</timestamp>
			</report>
			<report>
				<misses>876001</misses>
				<total>2</total>
				<timestamp>236.284511</timestamp>
			</report>
			<report>
				<misses>877001</misses>
				<total>2</total>
				<timestamp>236.554228</timestamp>
			</report>
			<report>
				<misses>878001</misses>
				<total>2</total>
				<timestamp>236.824019</timestamp>
			</report>
			<report>
				<misses>879001</misses>
				<total>2</total>
				<timestamp>237.093665</timestamp>
			</report>
			<report>
				<misses>880001</misses>
				<total>2</total>
				<timestamp>237.363404</timestamp>
			</report>
			<report>
				<misses>881001</misses>
				<total>1</total>
				<timestamp>237.633229</timestamp>
			</report>
			<report>
				<misses>882001</misses>
				<total>1</total>
				<timestamp>237.902977</timestamp>
			</report>
			<report>
				<misses>883001</misses>
				<total>2</total>
				<timestamp>238.172570</timestamp>
			</report>
			<report>
				<misses>884001</misses>
				<total>2</total>
				<timestamp>238.442307</timestamp>
			</report>
			<report>
				<misses>885001</misses>
				<total>2</total>
				<timestamp>238.712095</timestamp>
			</report>
			<report>
				<misses>886001</misses>
				<total>2</total>
				<timestamp>238.981776</timestamp>
			</report>
			<report>
				<misses>887001</misses>
				<total>2</total>
				<timestamp>239.251520</timestamp>
			</report>
			<report>
				<misses>888001</misses>
				<total>2</total>
				<timestamp>239.521220</timestamp>
			</report>
			<report>
				<misses>889001</misses>
				<total>1</total>
				<timestamp>239.791111</timestamp>
			</report>
			<report>
				<misses>890001</misses>
				<total>2</total>
				<timestamp>240.060684</timestamp>
			</report>
			<report>
				<misses>891001</misses>
				<total>2</total>
				<timestamp>240.330461</timestamp>
			</report>
			<report>
				<misses>892001</misses>
				<total>2</total>
				<timestamp>240.600211</timestamp>
			</report>
			<report>
				<misses>893001</misses>
				<total>2</total>
				<timestamp>240.869955</timestamp>
			</report>
			<report>
				<misses>894001</misses>
				<total>2</total>
				<timestamp>241.139602</timestamp>
			</report>
			<report>
				<misses>895001</misses>
				<total>2</total>
				<timestamp>241.409346</timestamp>
			</report>
			<report>
				<misses>896001</misses>
				<total>2</total>
				<timestamp>241.679095</timestamp>
			</report>
			<report>
				<misses>897001</misses>
				<total>2</total>
				<timestamp>241.948807</timestamp>
			</report>
			<report>
				<misses>898001</misses>
				<total>2</total>
				<timestamp>242.218524</timestamp>
			</report>
			<report>
				<misses>899001</misses>
				<total>2</total>
				<timestamp>242.488240</timestamp>
			</report>
			<report>
				<misses>900001</misses>
				<total>1</total>
				<timestamp>242.758069</timestamp>
			</report>
			<report>
				<misses>901001</misses>
				<total>2</total>
				<timestamp>243.027700</timestamp>
			</report>
			<report>
				<misses>902001</misses>
				<total>2</total>
				<timestamp>243.297458</timestamp>
			</report>
			<report>
				<misses>903001</misses>
				<total>2</total>
				<timestamp>243.567193</timestamp>
			</report>
			<report>
				<misses>904001</misses>
				<total>2</total>
				<timestamp>243.836954</timestamp>
			</report>
			<report>
				<misses>905001</misses>
				<total>2</total>
				<timestamp>244.106631</timestamp>
			</report>
			<report>
				<misses>906001</misses>
				<total>2</total>
				<timestamp>244.376388</timestamp>
			</report>
			<report>
				<misses>907001</misses>
				<total>1</total>
				<timestamp>244.646183</timestamp>
			</report>
			<report>
				<misses>908001</misses>
				<total>2</total>
				<timestamp>244.915971</timestamp>
			</report>
			<report>
				<misses>909001</misses>
				<total>2</total>
				<timestamp>245.185557</timestamp>
			</report>
			<report>
				<misses>910001</misses>
				<total>2</total>
				<timestamp>245.455264</timestamp>
			</report>
			<report>
				<misses>911001</misses>
				<total>3</total>
				<timestamp>245.725043</timestamp>
			</report>
			<report>
				<misses>912001</misses>
				<total>3</total>
				<timestamp>245.994747</timestamp>
			</report>
			<report>
				<misses>913001</misses>
				<total>3</total>
				<timestamp>246.264483</timestamp>
			</report>
			<report>
				<misses>914001</misses>
				<total>3</total>
				<timestamp>246.534218</timestamp>
			</report>
			<report>
				<misses>915001</misses>
				<total>2</total>
				<timestamp>246.804041</timestamp>
			</report>
			<report>
				<misses>916001</misses>
				<total>3</total>
				<timestamp>247.073672</timestamp>
			</report>
			<report>
				<misses>917001</misses>
				<total>3</total>
				<timestamp>247.343433</timestamp>
			</report>
			<report>
				<misses>918001</misses>
				<total>3</total>
				<timestamp>247.613149</timestamp>
			</report>
			<report>
				<misses>919001</misses>
				<total>3</total>
				<timestamp>247.882910</timestamp>
			</report>
			<report>
				<misses>920001</misses>
				<total>3</total>
				<timestamp>248.152573</timestamp>
			</report>
			<report>
				<misses>921001</misses>
				<total>3</total>
				<timestamp>248.422339</timestamp>
			</report>
			<report>
				<misses>922001</misses>
				<total>3</total>
				<timestamp>248.692045</timestamp>
			</report>
			<report>
				<misses>923001</misses>
				<total>3</total>
				<timestamp>248.961780</timestamp>
			</report>
			<report>
				<misses>924001</misses>
				<total>3</total>
				<timestamp>249.231496</timestamp>
			</report>
			<report>
				<misses>925001</misses>
				<total>3</total>
				<timestamp>249.501242</timestamp>
			</report>
			<report>
				<misses>926001</misses>
				<total>3</total>
				<timestamp>249.771007</timestamp>
			</report>
			<report>
				<misses>927001</misses>
				<total>3</total>
				<timestamp>250.040691</timestamp>
			</report>
			<report>
				<misses>928001</misses>
				<total>3</total>
				<timestamp>250.310425</timestamp>
			</report>
			<report>
				<misses>929001</misses>
				<total>3</total>
				<timestamp>250.580182</timestamp>
			</report>
			<report>
				<misses>930001</misses>
				<total>2</total>
				<timestamp>250.849991</timestamp>
			</report>
			<report>
				<misses>931001</misses>
				<total>3</total>
				<timestamp>251.119638</timestamp>
			</report>
			<report>
				<misses>932001</misses>
				<total>3</total>
				<timestamp>251.389334</timestamp>
			</report>
			<report>
				<misses>933001</misses>
				<total>3</total>
				<timestamp>251.659075</timestamp>
			</report>
			<report>
				<misses>934001</misses>
				<total>2</total>
				<timestamp>251.928924</timestamp>
			</report>
			<report>
				<misses>935001</misses>
				<total>3</total>
				<timestamp>252.198526</timestamp>
			</report>
			<report>
				<misses>936001</misses>
				<total>3</total>
				<timestamp>252.468261</timestamp>
			</report>
			<report>
				<misses>937001</misses>
				<total>3</total>
				<timestamp>252.738013</timestamp>
			</report>
			<report>
				<misses>938001</misses>
				<total>3</total>
				<timestamp>253.007728</timestamp>
			</report>
			<report>
				<misses>939001</misses>
				<total>3</total>
				<timestamp>253.277475</timestamp>
			</report>
			<report>
				<misses>940001</misses>
				<total>3</total>
				<timestamp>253.547194</timestamp>
			</report>
			<report>
				<misses>941001</misses>
				<total>2</total>
				<timestamp>253.817016</timestamp>
			</report>
			<report>
				<misses>942001</misses>
				<total>3</total>
				<timestamp>254.086659</timestamp>
			</report>
			<report>
				<misses>943001</misses>
				<total>3</total>
				<timestamp>254.356382</timestamp>
			</report>
			<report>
				<misses>944001</misses>
				<total>3</total>
				<timestamp>254.626106</timestamp>
			</report>
			<report>
				<misses>945001</misses>
				<total>3</total>
				<timestamp>254.895864</timestamp>
			</report>
			<report>
				<misses>946001</misses>
				<total>3</total>
				<timestamp>255.165564</timestamp>
			</report>
			<report>
				<misses>947001</misses>
				<total>2</total>
				<timestamp>255.435389</timestamp>
			</report>
			<report>
				<misses>948001</misses>
				<total>2</total>
				<timestamp>255.705111</timestamp>
			</report>
			<report>
				<misses>949001</misses>
				<total>2</total>
				<timestamp>255.974874</timestamp>
			</report>
			<report>
				<misses>950001</misses>
				<total>3</total>
				<timestamp>256.244493</timestamp>
			</report>
			<report>
				<misses>951001</misses>
				<total>3</total>
				<timestamp>256.514231</timestamp>
			</report>
			<report>
				<misses>952001</misses>
				<total>3</total>
				<timestamp>256.783976</timestamp>
			</report>
			<report>
				<misses>953001</misses>
				<total>3</total>
				<timestamp>257.053681</timestamp>
			</report>
			<report>
				<misses>954001</misses>
				<total>3</total>
				<timestamp>257.323449</timestamp>
			</report>
			<report>
				<misses>955001</misses>
				<total>3</total>
				<timestamp>257.593129</timestamp>
			</report>
			<report>
				<misses>956001</misses>
				<total>2</total>
				<timestamp>257.863040</timestamp>
			</report>
			<report>
				<misses>957001</misses>
				<total>3</total>
				<timestamp>258.132642</timestamp>
			</report>
			<report>
				<misses>958001</misses>
				<total>3</total>
				<timestamp>258.402326</timestamp>
			</report>
			<report>
				<misses>959001</misses>
				<total>3</total>
				<timestamp>258.672094</timestamp>
			</report>
			<report>
				<misses>960001</misses>
				<total>3</total>
				<timestamp>258.941841</timestamp>
			</report>
			<report>
				<misses>961001</misses>
				<total>3</total>
				<timestamp>259.211535</timestamp>
			</report>
			<report>
				<misses>962001</misses>
				<total>3</total>
				<timestamp>259.481262</timestamp>
			</report>
			<report>
				<misses>963001</misses>
				<total>3</total>
				<timestamp>259.751063</timestamp>
			</report>
			<report>
				<misses>964001</misses>
				<total>2</total>
				<timestamp>260.020861</timestamp>
			</report>
			<report>
				<misses>965001</misses>
				<total>3</total>
				<timestamp>260.290430</timestamp>
			</report>
			<report>
				<misses>966001</misses>
				<total>3</total>
				<timestamp>260.560156</timestamp>
			</report>
			<report>
				<misses>967001</misses>
				<total>3</total>
				<timestamp>260.829959</timestamp>
			</report>
			<report>
				<misses>968001</misses>
				<total>3</total>
				<timestamp>261.099629</timestamp>
			</report>
			<report>
				<misses>969001</misses>
				<total>3</total>
				<timestamp>261.369396</timestamp>
			</report>
			<report>
				<misses>970001</misses>
				<total>3</total>
				<timestamp>261.639097</timestamp>
			</report>
			<report>
				<misses>971001</misses>
				<total>2</total>
				<timestamp>261.908935</timestamp>
			</report>
			<report>
				<misses>972001</misses>
				<total>3</total>
				<timestamp>262.178569</timestamp>
			</report>
			<report>
				<misses>973001</misses>
				<total>3</total>
				<timestamp>262.448283</timestamp>
			</report>
			<report>
				<misses>974001</misses>
				<total>3</total>
				<timestamp>262.718072</timestamp>
			</report>
			<report>
				<misses>975001</misses>
				<total>2</total>
				<timestamp>262.987845</timestamp>
			</report>
			<report>
				<misses>976001</misses>
				<total>3</total>
				<timestamp>263.257482</timestamp>
			</report>
			<report>
				<misses>977001</misses>
				<total>3</total>
				<timestamp>263.527195</timestamp>
			</report>
			<report>
				<misses>978001</misses>
				<total>3</total>
				<timestamp>263.796961</timestamp>
			</report>
			<report>
				<misses>979001</misses>
				<total>3</total>
				<timestamp>264.066666</timestamp>
			</report>
			<report>
				<misses>980001</misses>
				<total>3</total>
				<timestamp>264.336393</timestamp>
			</report>
			<report>
				<misses>981001</misses>
				<total>3</total>
				<timestamp>264.606169</timestamp>
			</report>
			<report>
				<misses>982001</misses>
				<total>3</total>
				<timestamp>264.875972</timestamp>
			</report>
			<report>
				<misses>983001</misses>
				<total>3</total>
				<timestamp>265.145578</timestamp>
			</report>
			<report>
				<misses>984001</misses>
				<total>3</total>
				<timestamp>265.415432</timestamp>
			</report>
			<report>
				<misses>985001</misses>
				<total>3</total>
				<timestamp>265.685041</timestamp>
			</report>
			<report>
				<misses>986001</misses>
				<total>2</total>
				<timestamp>265.954929</timestamp>
			</report>
			<report>
				<misses>987001</misses>
				<total>3</total>
				<timestamp>266.224624</timestamp>
			</report>
			<report>
				<misses>988001</misses>
				<total>3</total>
				<timestamp>266.494230</timestamp>
			</report>
			<report>
				<misses>989001</misses>
				<total>3</total>
				<timestamp>266.763964</timestamp>
			</report>
			<report>
				<misses>990001</misses>
				<total>2</total>
				<timestamp>267.033815</timestamp>
			</report>
			<report>
				<misses>991001</misses>
				<total>3</total>
				<timestamp>267.303541</timestamp>
			</report>
			<report>
				<misses>992001</misses>
				<total>3</total>
				<timestamp>267.573278</timestamp>
			</report>
			<report>
				<misses>993001</misses>
				<total>3</total>
				<timestamp>267.843002</timestamp>
			</report>
			<report>
				<misses>994001</misses>
				<total>3</total>
				<timestamp>268.112605</timestamp>
			</report>
			<report>
				<misses>995001</misses>
				<total>3</total>
				<timestamp>268.382465</timestamp>
			</report>
			<report>
				<misses>996001</misses>
				<total>3</total>
				<timestamp>268.652198</timestamp>
			</report>
			<report>
				<misses>997001</misses>
				<total>3</total>
				<timestamp>268.921924</timestamp>
			</report>
			<report>
				<misses>998001</misses>
				<total>3</total>
				<timestamp>269.191654</timestamp>
			</report>
			<report>
				<misses>999001</misses>
				<total>3</total>
				<timestamp>269.461383</timestamp>
			</report>
			<report>
				<misses>1000001</misses>
				<total>3</total>
				<timestamp>269.731116</timestamp>
			</report>
			<report>
				<misses>1001001</misses>
				<total>3</total>
				<timestamp>270.000844</timestamp>
			</report>
			<report>
				<misses>1002001</misses>
				<total>3</total>
				<timestamp>270.270573</timestamp>
			</report>
			<report>
				<misses>1003001</misses>
				<total>3</total>
				<timestamp>270.540180</timestamp>
			</report>
			<report>
				<misses>1004001</misses>
				<total>2</total>
				<timestamp>270.810043</timestamp>
			</report>
			<report>
				<misses>1005001</misses>
				<total>2</total>
				<timestamp>271.079770</timestamp>
			</report>
			<report>
				<misses>1006001</misses>
				<total>3</total>
				<timestamp>271.349496</timestamp>
			</report>
			<report>
				<misses>1007001</misses>
				<total>3</total>
				<timestamp>271.619101</timestamp>
			</report>
			<report>
				<misses>1008001</misses>
				<total>3</total>
				<timestamp>271.888954</timestamp>
			</report>
			<report>
				<misses>1009001</misses>
				<total>3</total>
				<timestamp>272.158562</timestamp>
			</report>
			<report>
				<misses>1010001</misses>
				<total>3</total>
				<timestamp>272.428416</timestamp>
			</report>
			<report>
				<misses>1011001</misses>
				<total>3</total>
				<timestamp>272.698030</timestamp>
			</report>
			<report>
				<misses>1012001</misses>
				<total>3</total>
				<timestamp>272.967769</timestamp>
			</report>
			<report>
				<misses>1013001</misses>
				<total>3</total>
				<timestamp>273.237491</timestamp>
			</report>
			<report>
				<misses>1014001</misses>
				<total>3</total>
				<timestamp>273.507200</timestamp>
			</report>
			<report>
				<misses>1015001</misses>
				<total>3</total>
				<timestamp>273.776975</timestamp>
			</report>
			<report>
				<misses>1016001</misses>
				<total>3</total>
				<timestamp>274.046742</timestamp>
			</report>
			<report>
				<misses>1017001</misses>
				<total>3</total>
				<timestamp>274.316433</timestamp>
			</report>
			<report>
				<misses>1018001</misses>
				<total>3</total>
				<timestamp>274.586140</timestamp>
			</report>
			<report>
				<misses>1019001</misses>
				<total>2</total>
				<timestamp>274.856004</timestamp>
			</report>
			<report>
				<misses>1020001</misses>
				<total>3</total>
				<timestamp>275.125616</timestamp>
			</report>
			<report>
				<misses>1021001</misses>
				<total>3</total>
				<timestamp>275.395402</timestamp>
			</report>
			<report>
				<misses>1022001</misses>
				<total>3</total>
				<timestamp>275.665056</timestamp>
			</report>
			<report>
				<misses>1023001</misses>
				<total>3</total>
				<timestamp>275.934862</timestamp>
			</report>
			<report>
				<misses>1024001</misses>
				<total>3</total>
				<timestamp>276.204555</timestamp>
			</report>
			<report>
				<misses>1025001</misses>
				<total>3</total>
				<timestamp>276.474236</timestamp>
			</report>
			<report>
				<misses>1026001</misses>
				<total>3</total>
				<timestamp>276.743982</timestamp>
			</report>
			<report>
				<misses>1027001</misses>
				<total>3</total>
				<timestamp>277.013729</timestamp>
			</report>
			<report>
				<misses>1028001</misses>
				<total>3</total>
				<timestamp>277.283441</timestamp>
			</report>
			<report>
				<misses>1029001</misses>
				<total>3</total>
				<timestamp>277.553191</timestamp>
			</report>
			<report>
				<misses>1030001</misses>
				<total>3</total>
				<timestamp>277.822896</timestamp>
			</report>
			<report>
				<misses>1031001</misses>
				<total>2</total>
				<timestamp>278.092734</timestamp>
			</report>
			<report>
				<misses>1032001</misses>
				<total>3</total>
				<timestamp>278.362373</timestamp>
			</report>
			<report>
				<misses>1033001</misses>
				<total>3</total>
				<timestamp>278.632078</timestamp>
			</report>
			<report>
				<misses>1034001</misses>
				<total>3</total>
				<timestamp>278.901840</timestamp>
			</report>
			<report>
				<misses>1035001</misses>
				<total>3</total>
				<timestamp>279.171541</timestamp>
			</report>
			<report>
				<misses>1036001</misses>
				<total>3</total>
				<timestamp>279.441273</timestamp>
			</report>
			<report>
				<misses>1037001</misses>
				<total>3</total>
				<timestamp>279.711014</timestamp>
			</report>
			<report>
				<misses>1038001</misses>
				<total>2</total>
				<timestamp>279.980856</timestamp>
			</report>
			<report>
				<misses>1039001</misses>
				<total>3</total>
				<timestamp>280.250470</timestamp>
			</report>
			<report>
				<misses>1040001</misses>
				<total>3</total>
				<timestamp>280.520190</timestamp>
			</report>
			<report>
				<misses>1041001</misses>
				<total>3</total>
				<timestamp>280.789959</timestamp>
			</report>
			<report>
				<misses>1042001</misses>
				<total>3</total>
				<timestamp>281.059755</timestamp>
			</report>
			<report>
				<misses>1043001</misses>
				<total>3</total>
				<timestamp>281.329403</timestamp>
			</report>
			<report>
				<misses>1044001</misses>
				<total>3</total>
				<timestamp>281.599132</timestamp>
			</report>
			<report>
				<misses>1045001</misses>
				<total>2</total>
				<timestamp>281.868937</timestamp>
			</report>
			<report>
				<misses>1046001</misses>
				<total>3</total>
				<timestamp>282.138588</timestamp>
			</report>
			<report>
				<misses>1047001</misses>
				<total>3</total>
				<timestamp>282.408323</timestamp>
			</report>
			<report>
				<misses>1048001</misses>
				<total>3</total>
				<timestamp>282.678036</timestamp>
			</report>
			<report>
				<misses>1049001</misses>
				<total>3</total>
				<timestamp>282.947843</timestamp>
			</report>
			<report>
				<misses>1050001</misses>
				<total>3</total>
				<timestamp>283.217511</timestamp>
			</report>
			<report>
				<misses>1051001</misses>
				<total>3</total>
				<timestamp>283.487245</timestamp>
			</report>
			<report>
				<misses>1052001</misses>
				<total>3</total>
				<timestamp>283.756958</timestamp>
			</report>
			<report>
				<misses>1053001</misses>
				<total>3</total>
				<timestamp>284.026682</timestamp>
			</report>
			<report>
				<misses>1054001</misses>
				<total>3</total>
				<timestamp>284.296409</timestamp>
			</report>
			<report>
				<misses>1055001</misses>
				<total>3</total>
				<timestamp>284.566136</timestamp>
			</report>
			<report>
				<misses>1056001</misses>
				<total>3</total>
				<timestamp>284.835939</timestamp>
			</report>
			<report>
				<misses>1057001</misses>
				<total>2</total>
				<timestamp>285.105716</timestamp>
			</report>
			<report>
				<misses>1058001</misses>
				<total>3</total>
				<timestamp>285.375324</timestamp>
			</report>
			<report>
				<misses>1059001</misses>
				<total>3</total>
				<timestamp>285.645062</timestamp>
			</report>
			<report>
				<misses>1060001</misses>
				<total>3</total>
				<timestamp>285.914911</timestamp>
			</report>
			<report>
				<misses>1061001</misses>
				<total>3</total>
				<timestamp>286.184640</timestamp>
			</report>
			<report>
				<misses>1062001</misses>
				<total>3</total>
				<timestamp>286.454374</timestamp>
			</report>
			<report>
				<misses>1063001</misses>
				<total>3</total>
				<timestamp>286.723981</timestamp>
			</report>
			<report>
				<misses>1064001</misses>
				<total>2</total>
				<timestamp>286.993838</timestamp>
			</report>
			<report>
				<misses>1065001</misses>
				<total>3</total>
				<timestamp>287.263447</timestamp>
			</report>
			<report>
				<misses>1066001</misses>
				<total>3</total>
				<timestamp>287.533295</timestamp>
			</report>
			<report>
				<misses>1067001</misses>
				<total>3</total>
				<timestamp>287.803024</timestamp>
			</report>
			<report>
				<misses>1068001</misses>
				<total>3</total>
				<timestamp>288.072755</timestamp>
			</report>
			<report>
				<misses>1069001</misses>
				<total>3</total>
				<timestamp>288.342359</timestamp>
			</report>
			<report>
				<misses>1070001</misses>
				<total>3</total>
				<timestamp>288.612090</timestamp>
			</report>
			<report>
				<misses>1071001</misses>
				<total>2</total>
				<timestamp>288.881941</timestamp>
			</report>
			<report>
				<misses>1072001</misses>
				<total>3</total>
				<timestamp>289.151676</timestamp>
			</report>
			<report>
				<misses>1073001</misses>
				<total>3</total>
				<timestamp>289.421402</timestamp>
			</report>
			<report>
				<misses>1074001</misses>
				<total>3</total>
				<timestamp>289.691016</timestamp>
			</report>
			<report>
				<misses>1075001</misses>
				<total>3</total>
				<timestamp>289.960867</timestamp>
			</report>
			<report>
				<misses>1076001</misses>
				<total>3</total>
				<timestamp>290.230602</timestamp>
			</report>
			<report>
				<misses>1077001</misses>
				<total>3</total>
				<timestamp>290.500195</timestamp>
			</report>
			<report>
				<misses>1078001</misses>
				<total>3</total>
				<timestamp>290.769936</timestamp>
			</report>
			<report>
				<misses>1079001</misses>
				<total>3</total>
				<timestamp>291.039786</timestamp>
			</report>
			<report>
				<misses>1080001</misses>
				<total>3</total>
				<timestamp>291.309393</timestamp>
			</report>
			<report>
				<misses>1081001</misses>
				<total>3</total>
				<timestamp>291.579122</timestamp>
			</report>
			<report>
				<misses>1082001</misses>
				<total>3</total>
				<timestamp>291.848854</timestamp>
			</report>
			<report>
				<misses>1083001</misses>
				<total>3</total>
				<timestamp>292.118584</timestamp>
			</report>
			<report>
				<misses>1084001</misses>
				<total>3</total>
				<timestamp>292.388440</timestamp>
			</report>
			<report>
				<misses>1085001</misses>
				<total>3</total>
				<timestamp>292.658041</timestamp>
			</report>
			<report>
				<misses>1086001</misses>
				<total>3</total>
				<timestamp>292.927894</timestamp>
			</report>
			<report>
				<misses>1087001</misses>
				<total>2</total>
				<timestamp>293.197652</timestamp>
			</report>
			<report>
				<misses>1088001</misses>
				<total>3</total>
				<timestamp>293.467231</timestamp>
			</report>
			<report>
				<misses>1089001</misses>
				<total>3</total>
				<timestamp>293.736962</timestamp>
			</report>
			<report>
				<misses>1090001</misses>
				<total>3</total>
				<timestamp>294.006735</timestamp>
			</report>
			<report>
				<misses>1091001</misses>
				<total>3</total>
				<timestamp>294.276413</timestamp>
			</report>
			<report>
				<misses>1092001</misses>
				<total>3</total>
				<timestamp>294.546152</timestamp>
			</report>
			<report>
				<misses>1093001</misses>
				<total>3</total>
				<timestamp>294.815874</timestamp>
			</report>
			<report>
				<misses>1094001</misses>
				<total>3</total>
				<timestamp>295.085648</timestamp>
			</report>
			<report>
				<misses>1095001</misses>
				<total>3</total>
				<timestamp>295.355353</timestamp>
			</report>
			<report>
				<misses>1096001</misses>
				<total>3</total>
				<timestamp>295.625066</timestamp>
			</report>
			<report>
				<misses>1097001</misses>
				<total>3</total>
				<timestamp>295.894808</timestamp>
			</report>
			<report>
				<misses>1098001</misses>
				<total>3</total>
				<timestamp>296.164621</timestamp>
			</report>
			<report>
				<misses>1099001</misses>
				<total>3</total>
				<timestamp>296.434249</timestamp>
			</report>
			<report>
				<misses>1100001</misses>
				<total>3</total>
				<timestamp>296.704005</timestamp>
			</report>
			<report>
				<misses>1101001</misses>
				<total>3</total>
				<timestamp>296.973745</timestamp>
			</report>
			<report>
				<misses>1102001</misses>
				<total>2</total>
				<timestamp>297.243603</timestamp>
			</report>
			<report>
				<misses>1103001</misses>
				<total>3</total>
				<timestamp>297.513219</timestamp>
			</report>
			<report>
				<misses>1104001</misses>
				<total>3</total>
				<timestamp>297.782909</timestamp>
			</report>
			<report>
				<misses>1105001</misses>
				<total>3</total>
				<timestamp>298.052724</timestamp>
			</report>
			<report>
				<misses>1106001</misses>
				<total>3</total>
				<timestamp>298.322368</timestamp>
			</report>
			<report>
				<misses>1107001</misses>
				<total>3</total>
				<timestamp>298.592117</timestamp>
			</report>
			<report>
				<misses>1108001</misses>
				<total>3</total>
				<timestamp>298.861831</timestamp>
			</report>
			<report>
				<misses>1109001</misses>
				<total>3</total>
				<timestamp>299.131621</timestamp>
			</report>
			<report>
				<misses>1110001</misses>
				<total>3</total>
				<timestamp>299.401344</timestamp>
			</report>
			<report>
				<misses>1111001</misses>
				<total>3</total>
				<timestamp>299.671024</timestamp>
			</report>
			<report>
				<misses>1112001</misses>
				<total>3</total>
				<timestamp>299.940756</timestamp>
			</report>
			<report>
				<misses>1113001</misses>
				<total>2</total>
				<timestamp>300.210603</timestamp>
			</report>
			<report>
				<misses>1114001</misses>
				<total>2</total>
				<timestamp>300.480317</timestamp>
			</report>
			<report>
				<misses>1115001</misses>
				<total>3</total>
				<timestamp>300.749931</timestamp>
			</report>
			<report>
				<misses>1116001</misses>
				<total>2</total>
				<timestamp>301.019840</timestamp>
			</report>
			<report>
				<misses>1117001</misses>
				<total>3</total>
				<timestamp>301.289421</timestamp>
			</report>
			<report>
				<misses>1118001</misses>
				<total>3</total>
				<timestamp>301.559149</timestamp>
			</report>
			<report>
				<misses>1119001</misses>
				<total>3</total>
				<timestamp>301.828858</timestamp>
			</report>
			<report>
				<misses>1120001</misses>
				<total>2</total>
				<timestamp>302.098692</timestamp>
			</report>
			<report>
				<misses>1121001</misses>
				<total>3</total>
				<timestamp>302.368369</timestamp>
			</report>
			<report>
				<misses>1122001</misses>
				<total>3</total>
				<timestamp>302.638051</timestamp>
			</report>
			<report>
				<misses>1123001</misses>
				<total>3</total>
				<timestamp>302.907818</timestamp>
			</report>
			<report>
				<misses>1124001</misses>
				<total>3</total>
				<timestamp>303.177607</timestamp>
			</report>
			<report>
				<misses>1125001</misses>
				<total>3</total>
				<timestamp>303.447244</timestamp>
			</report>
			<report>
				<misses>1126001</misses>
				<total>3</total>
				<timestamp>303.716969</timestamp>
			</report>
			<report>
				<misses>1127001</misses>
				<total>2</total>
				<timestamp>303.986827</timestamp>
			</report>
			<report>
				<misses>1128001</misses>
				<total>3</total>
				<timestamp>304.256556</timestamp>
			</report>
			<report>
				<misses>1129001</misses>
				<total>3</total>
				<timestamp>304.526161</timestamp>
			</report>
			<report>
				<misses>1130001</misses>
				<total>3</total>
				<timestamp>304.796017</timestamp>
			</report>
			<report>
				<misses>1131001</misses>
				<total>3</total>
				<timestamp>305.065748</timestamp>
			</report>
			<report>
				<misses>1132001</misses>
				<total>3</total>
				<timestamp>305.335479</timestamp>
			</report>
			<report>
				<misses>1133001</misses>
				<total>3</total>
				<timestamp>305.605210</timestamp>
			</report>
			<report>
				<misses>1134001</misses>
				<total>3</total>
				<timestamp>305.874815</timestamp>
			</report>
			<report>
				<misses>1135001</misses>
				<total>3</total>
				<timestamp>306.144667</timestamp>
			</report>
			<report>
				<misses>1136001</misses>
				<total>3</total>
				<timestamp>306.414272</timestamp>
			</report>
			<report>
				<misses>1137001</misses>
				<total>3</total>
				<timestamp>306.684003</timestamp>
			</report>
			<report>
				<misses>1138001</misses>
				<total>3</total>
				<timestamp>306.953859</timestamp>
			</report>
			<report>
				<misses>1139001</misses>
				<total>2</total>
				<timestamp>307.223588</timestamp>
			</report>
			<report>
				<misses>1140001</misses>
				<total>3</total>
				<timestamp>307.493206</timestamp>
			</report>
			<report>
				<misses>1141001</misses>
				<total>3</total>
				<timestamp>307.762931</timestamp>
			</report>
			<report>
				<misses>1142001</misses>
				<total>2</total>
				<timestamp>308.032740</timestamp>
			</report>
			<report>
				<misses>1143001</misses>
				<total>3</total>
				<timestamp>308.302374</timestamp>
			</report>
			<report>
				<misses>1144001</misses>
				<total>3</total>
				<timestamp>308.572125</timestamp>
			</report>
			<report>
				<misses>1145001</misses>
				<total>3</total>
				<timestamp>308.841862</timestamp>
			</report>
			<report>
				<misses>1146001</misses>
				<total>3</total>
				<timestamp>309.111603</timestamp>
			</report>
			<report>
				<misses>1147001</misses>
				<total>3</total>
				<timestamp>309.381322</timestamp>
			</report>
			<report>
				<misses>1148001</misses>
				<total>3</total>
				<timestamp>309.651071</timestamp>
			</report>
			<report>
				<misses>1149001</misses>
				<total>3</total>
				<timestamp>309.920786</timestamp>
			</report>
			<report>
				<misses>1150001</misses>
				<total>3</total>
				<timestamp>310.190582</timestamp>
			</report>
			<report>
				<misses>1151001</misses>
				<total>3</total>
				<timestamp>310.460216</timestamp>
			</report>
			<report>
				<misses>1152001</misses>
				<total>3</total>
				<timestamp>310.729943</timestamp>
			</report>
			<report>
				<misses>1153001</misses>
				<total>3</total>
				<timestamp>310.999683</timestamp>
			</report>
			<report>
				<misses>1154001</misses>
				<total>3</total>
				<timestamp>311.269444</timestamp>
			</report>
			<report>
				<misses>1155001</misses>
				<total>3</total>
				<timestamp>311.539174</timestamp>
			</report>
			<report>
				<misses>1156001</misses>
				<total>3</total>
				<timestamp>311.808870</timestamp>
			</report>
			<report>
				<misses>1157001</misses>
				<total>3</total>
				<timestamp>312.078672</timestamp>
			</report>
			<report>
				<misses>1158001</misses>
				<total>2</total>
				<timestamp>312.348426</timestamp>
			</report>
			<report>
				<misses>1159001</misses>
				<total>3</total>
				<timestamp>312.618080</timestamp>
			</report>
			<report>
				<misses>1160001</misses>
				<total>3</total>
				<timestamp>312.887793</timestamp>
			</report>
			<report>
				<misses>1161001</misses>
				<total>3</total>
				<timestamp>313.157524</timestamp>
			</report>
			<report>
				<misses>1162001</misses>
				<total>3</total>
				<timestamp>313.427268</timestamp>
			</report>
			<report>
				<misses>1163001</misses>
				<total>3</total>
				<timestamp>313.696962</timestamp>
			</report>
			<report>
				<misses>1164001</misses>
				<total>3</total>
				<timestamp>313.966714</timestamp>
			</report>
			<report>
				<misses>1165001</misses>
				<total>3</total>
				<timestamp>314.236529</timestamp>
			</report>
			<report>
				<misses>1166001</misses>
				<total>3</total>
				<timestamp>314.506204</timestamp>
			</report>
			<report>
				<misses>1167001</misses>
				<total>3</total>
				<timestamp>314.775908</timestamp>
			</report>
			<report>
				<misses>1168001</misses>
				<total>3</total>
				<timestamp>315.045652</timestamp>
			</report>
			<report>
				<misses>1169001</misses>
				<total>2</total>
				<timestamp>315.315517</timestamp>
			</report>
			<report>
				<misses>1170001</misses>
				<total>3</total>
				<timestamp>315.585119</timestamp>
			</report>
			<report>
				<misses>1171001</misses>
				<total>3</total>
				<timestamp>315.854828</timestamp>
			</report>
			<report>
				<misses>1172001</misses>
				<total>3</total>
				<timestamp>316.124579</timestamp>
			</report>
			<report>
				<misses>1173001</misses>
				<total>3</total>
				<timestamp>316.394301</timestamp>
			</report>
			<report>
				<misses>1174001</misses>
				<total>3</total>
				<timestamp>316.664004</timestamp>
			</report>
			<report>
				<misses>1175001</misses>
				<total>3</total>
				<timestamp>316.933740</timestamp>
			</report>
			<report>
				<misses>1176001</misses>
				<total>3</total>
				<timestamp>317.203488</timestamp>
			</report>
			<report>
				<misses>1177001</misses>
				<total>3</total>
				<timestamp>317.473193</timestamp>
			</report>
			<report>
				<misses>1178001</misses>
				<total>3</total>
				<timestamp>317.742910</timestamp>
			</report>
			<report>
				<misses>1179001</misses>
				<total>3</total>
				<timestamp>318.012727</timestamp>
			</report>
			<report>
				<misses>1180001</misses>
				<total>3</total>
				<timestamp>318.282520</timestamp>
			</report>
			<report>
				<misses>1181001</misses>
				<total>3</total>
				<timestamp>318.552145</timestamp>
			</report>
			<report>
				<misses>1182001</misses>
				<total>3</total>
				<timestamp>318.821880</timestamp>
			</report>
			<report>
				<misses>1183001</misses>
				<total>2</total>
				<timestamp>319.091718</timestamp>
			</report>
			<report>
				<misses>1184001</misses>
				<total>3</total>
				<timestamp>319.361329</timestamp>
			</report>
			<report>
				<misses>1185001</misses>
				<total>3</total>
				<timestamp>319.631049</timestamp>
			</report>
			<report>
				<misses>1186001</misses>
				<total>3</total>
				<timestamp>319.900773</timestamp>
			</report>
			<report>
				<misses>1187001</misses>
				<total>3</total>
				<timestamp>320.170544</timestamp>
			</report>
			<report>
				<misses>1188001</misses>
				<total>3</total>
				<timestamp>320.440235</timestamp>
			</report>
			<report>
				<misses>1189001</misses>
				<total>3</total>
				<timestamp>320.709954</timestamp>
			</report>
			<report>
				<misses>1190001</misses>
				<total>3</total>
				<timestamp>320.979736</timestamp>
			</report>
			<report>
				<misses>1191001</misses>
				<total>3</total>
				<timestamp>321.249491</timestamp>
			</report>
			<report>
				<misses>1192001</misses>
				<total>3</total>
				<timestamp>321.519170</timestamp>
			</report>
			<report>
				<misses>1193001</misses>
				<total>3</total>
				<timestamp>321.788915</timestamp>
			</report>
			<report>
				<misses>1194001</misses>
				<total>3</total>
				<timestamp>322.058682</timestamp>
			</report>
			<report>
				<misses>1195001</misses>
				<total>2</total>
				<timestamp>322.328484</timestamp>
			</report>
			<report>
				<misses>1196001</misses>
				<total>3</total>
				<timestamp>322.598108</timestamp>
			</report>
			<report>
				<misses>1197001</misses>
				<total>3</total>
				<timestamp>322.867811</timestamp>
			</report>
			<report>
				<misses>1198001</misses>
				<total>3</total>
				<timestamp>323.137618</timestamp>
			</report>
			<report>
				<misses>1199001</misses>
				<total>3</total>
				<timestamp>323.407245</timestamp>
			</report>
			<report>
				<misses>1200001</misses>
				<total>3</total>
				<timestamp>323.676983</timestamp>
			</report>
			<report>
				<misses>1201001</misses>
				<total>3</total>
				<timestamp>323.946726</timestamp>
			</report>
			<report>
				<misses>1202001</misses>
				<total>2</total>
				<timestamp>324.216564</timestamp>
			</report>
			<report>
				<misses>1203001</misses>
				<total>3</total>
				<timestamp>324.486182</timestamp>
			</report>
			<report>
				<misses>1204001</misses>
				<total>3</total>
				<timestamp>324.755904</timestamp>
			</report>
			<report>
				<misses>1205001</misses>
				<total>3</total>
				<timestamp>325.025679</timestamp>
			</report>
			<report>
				<misses>1206001</misses>
				<total>3</total>
				<timestamp>325.295437</timestamp>
			</report>
			<report>
				<misses>1207001</misses>
				<total>3</total>
				<timestamp>325.565107</timestamp>
			</report>
			<report>
				<misses>1208001</misses>
				<total>3</total>
				<timestamp>325.834815</timestamp>
			</report>
			<report>
				<misses>1209001</misses>
				<total>2</total>
				<timestamp>326.104681</timestamp>
			</report>
			<report>
				<misses>1210001</misses>
				<total>2</total>
				<timestamp>326.374422</timestamp>
			</report>
			<report>
				<misses>1211001</misses>
				<total>3</total>
				<timestamp>326.644036</timestamp>
			</report>
			<report>
				<misses>1212001</misses>
				<total>3</total>
				<timestamp>326.913764</timestamp>
			</report>
			<report>
				<misses>1213001</misses>
				<total>3</total>
				<timestamp>327.183547</timestamp>
			</report>
			<report>
				<misses>1214001</misses>
				<total>3</total>
				<timestamp>327.453211</timestamp>
			</report>
			<report>
				<misses>1215001</misses>
				<total>3</total>
				<timestamp>327.722949</timestamp>
			</report>
			<report>
				<misses>1216001</misses>
				<total>3</total>
				<timestamp>327.992667</timestamp>
			</report>
			<report>
				<misses>1217001</misses>
				<total>3</total>
				<timestamp>328.262432</timestamp>
			</report>
			<report>
				<misses>1218001</misses>
				<total>3</total>
				<timestamp>328.532166</timestamp>
			</report>
			<report>
				<misses>1219001</misses>
				<total>3</total>
				<timestamp>328.801859</timestamp>
			</report>
			<report>
				<misses>1220001</misses>
				<total>3</total>
				<timestamp>329.071684</timestamp>
			</report>
			<report>
				<misses>1221001</misses>
				<total>3</total>
				<timestamp>329.341381</timestamp>
			</report>
			<report>
				<misses>1222001</misses>
				<total>3</total>
				<timestamp>329.611058</timestamp>
			</report>
			<report>
				<misses>1223001</misses>
				<total>3</total>
				<timestamp>329.880779</timestamp>
			</report>
			<report>
				<misses>1224001</misses>
				<total>3</total>
				<timestamp>330.150539</timestamp>
			</report>
			<report>
				<misses>1225001</misses>
				<total>3</total>
				<timestamp>330.420239</timestamp>
			</report>
			<report>
				<misses>1226001</misses>
				<total>3</total>
				<timestamp>330.689964</timestamp>
			</report>
			<report>
				<misses>1227001</misses>
				<total>3</total>
				<timestamp>330.959701</timestamp>
			</report>
			<report>
				<misses>1228001</misses>
				<total>2</total>
				<timestamp>331.229510</timestamp>
			</report>
			<report>
				<misses>1229001</misses>
				<total>3</total>
				<timestamp>331.499168</timestamp>
			</report>
			<report>
				<misses>1230001</misses>
				<total>3</total>
				<timestamp>331.768884</timestamp>
			</report>
			<report>
				<misses>1231001</misses>
				<total>3</total>
				<timestamp>332.038621</timestamp>
			</report>
			<report>
				<misses>1232001</misses>
				<total>2</total>
				<timestamp>332.308463</timestamp>
			</report>
			<report>
				<misses>1233001</misses>
				<total>3</total>
				<timestamp>332.578105</timestamp>
			</report>
			<report>
				<misses>1234001</misses>
				<total>3</total>
				<timestamp>332.847800</timestamp>
			</report>
			<report>
				<misses>1235001</misses>
				<total>2</total>
				<timestamp>333.117619</timestamp>
			</report>
			<report>
				<misses>1236001</misses>
				<total>2</total>
				<timestamp>333.387419</timestamp>
			</report>
			<report>
				<misses>1237001</misses>
				<total>3</total>
				<timestamp>333.656995</timestamp>
			</report>
			<report>
				<misses>1238001</misses>
				<total>3</total>
				<timestamp>333.926724</timestamp>
			</report>
			<report>
				<misses>1239001</misses>
				<total>2</total>
				<timestamp>334.196569</timestamp>
			</report>
			<report>
				<misses>1240001</misses>
				<total>3</total>
				<timestamp>334.466187</timestamp>
			</report>
			<report>
				<misses>1241001</misses>
				<total>3</total>
				<timestamp>334.735907</timestamp>
			</report>
			<report>
				<misses>1242001</misses>
				<total>3</total>
				<timestamp>335.005666</timestamp>
			</report>
			<report>
				<misses>1243001</misses>
				<total>2</total>
				<timestamp>335.275517</timestamp>
			</report>
			<report>
				<misses>1244001</misses>
				<total>3</total>
				<timestamp>335.545105</timestamp>
			</report>
			<report>
				<misses>1245001</misses>
				<total>3</total>
				<timestamp>335.814861</timestamp>
			</report>
			<report>
				<misses>1246001</misses>
				<total>3</total>
				<timestamp>336.084580</timestamp>
			</report>
			<report>
				<misses>1247001</misses>
				<total>3</total>
				<timestamp>336.354425</timestamp>
			</report>
			<report>
				<misses>1248001</misses>
				<total>3</total>
				<timestamp>336.624034</timestamp>
			</report>
			<report>
				<misses>1249001</misses>
				<total>2</total>
				<timestamp>336.893886</timestamp>
			</report>
			<report>
				<misses>1250001</misses>
				<total>2</total>
				<timestamp>337.163614</timestamp>
			</report>
			<report>
				<misses>1251001</misses>
				<total>2</total>
				<timestamp>337.433383</timestamp>
			</report>
			<report>
				<misses>1252001</misses>
				<total>3</total>
				<timestamp>337.703077</timestamp>
			</report>
			<report>
				<misses>1253001</misses>
				<total>3</total>
				<timestamp>337.972695</timestamp>
			</report>
			<report>
				<misses>1254001</misses>
				<total>3</total>
				<timestamp>338.242488</timestamp>
			</report>
			<report>
				<misses>1255001</misses>
				<total>3</total>
				<timestamp>338.512134</timestamp>
			</report>
			<report>
				<misses>1256001</misses>
				<total>3</total>
				<timestamp>338.781865</timestamp>
			</report>
			<report>
				<misses>1257001</misses>
				<total>3</total>
				<timestamp>339.051587</timestamp>
			</report>
			<report>
				<misses>1258001</misses>
				<total>2</total>
				<timestamp>339.321482</timestamp>
			</report>
			<report>
				<misses>1259001</misses>
				<total>3</total>
				<timestamp>339.591058</timestamp>
			</report>
			<report>
				<misses>1260001</misses>
				<total>3</total>
				<timestamp>339.860789</timestamp>
			</report>
			<report>
				<misses>1261001</misses>
				<total>2</total>
				<timestamp>340.130607</timestamp>
			</report>
			<report>
				<misses>1262001</misses>
				<total>3</total>
				<timestamp>340.400273</timestamp>
			</report>
			<report>
				<misses>1263001</misses>
				<total>3</total>
				<timestamp>340.670019</timestamp>
			</report>
			<report>
				<misses>1264001</misses>
				<total>3</total>
				<timestamp>340.939730</timestamp>
			</report>
			<report>
				<misses>1265001</misses>
				<total>3</total>
				<timestamp>341.209468</timestamp>
			</report>
			<report>
				<misses>1266001</misses>
				<total>3</total>
				<timestamp>341.479173</timestamp>
			</report>
			<report>
				<misses>1267001</misses>
				<total>3</total>
				<timestamp>341.748890</timestamp>
			</report>
			<report>
				<misses>1268001</misses>
				<total>3</total>
				<timestamp>342.018643</timestamp>
			</report>
			<report>
				<misses>1269001</misses>
				<total>2</total>
				<timestamp>342.288470</timestamp>
			</report>
			<report>
				<misses>1270001</misses>
				<total>3</total>
				<timestamp>342.558083</timestamp>
			</report>
			<report>
				<misses>1271001</misses>
				<total>3</total>
				<timestamp>342.827810</timestamp>
			</report>
			<report>
				<misses>1272001</misses>
				<total>3</total>
				<timestamp>343.097556</timestamp>
			</report>
			<report>
				<misses>1273001</misses>
				<total>3</total>
				<timestamp>343.367336</timestamp>
			</report>
			<report>
				<misses>1274001</misses>
				<total>3</total>
				<timestamp>343.637002</timestamp>
			</report>
			<report>
				<misses>1275001</misses>
				<total>3</total>
				<timestamp>343.906724</timestamp>
			</report>
			<report>
				<misses>1276001</misses>
				<total>4</total>
				<timestamp>344.176473</timestamp>
			</report>
			<report>
				<misses>1277001</misses>
				<total>4</total>
				<timestamp>344.446228</timestamp>
			</report>
			<report>
				<misses>1278001</misses>
				<total>4</total>
				<timestamp>344.715929</timestamp>
			</report>
			<report>
				<misses>1279001</misses>
				<total>4</total>
				<timestamp>344.985660</timestamp>
			</report>
			<report>
				<misses>1280001</misses>
				<total>4</total>
				<timestamp>345.255427</timestamp>
			</report>
			<report>
				<misses>1281001</misses>
				<total>4</total>
				<timestamp>345.525108</timestamp>
			</report>
			<report>
				<misses>1282001</misses>
				<total>4</total>
				<timestamp>345.794839</timestamp>
			</report>
			<report>
				<misses>1283001</misses>
				<total>4</total>
				<timestamp>346.064582</timestamp>
			</report>
			<report>
				<misses>1284001</misses>
				<total>4</total>
				<timestamp>346.334367</timestamp>
			</report>
			<report>
				<misses>1285001</misses>
				<total>4</total>
				<timestamp>346.604026</timestamp>
			</report>
			<report>
				<misses>1286001</misses>
				<total>4</total>
				<timestamp>346.873766</timestamp>
			</report>
			<report>
				<misses>1287001</misses>
				<total>4</total>
				<timestamp>347.143564</timestamp>
			</report>
			<report>
				<misses>1288001</misses>
				<total>4</total>
				<timestamp>347.413309</timestamp>
			</report>
			<report>
				<misses>1289001</misses>
				<total>4</total>
				<timestamp>347.682959</timestamp>
			</report>
			<report>
				<misses>1290001</misses>
				<total>4</total>
				<timestamp>347.952690</timestamp>
			</report>
			<report>
				<misses>1291001</misses>
				<total>3</total>
				<timestamp>348.222531</timestamp>
			</report>
			<report>
				<misses>1292001</misses>
				<total>3</total>
				<timestamp>348.492320</timestamp>
			</report>
			<report>
				<misses>1293001</misses>
				<total>4</total>
				<timestamp>348.761887</timestamp>
			</report>
			<report>
				<misses>1294001</misses>
				<total>4</total>
				<timestamp>349.031606</timestamp>
			</report>
			<report>
				<misses>1295001</misses>
				<total>4</total>
				<timestamp>349.301370</timestamp>
			</report>
			<report>
				<misses>1296001</misses>
				<total>4</total>
				<timestamp>349.571109</timestamp>
			</report>
			<report>
				<misses>1297001</misses>
				<total>4</total>
				<timestamp>349.840791</timestamp>
			</report>
			<report>
				<misses>1298001</misses>
				<total>4</total>
				<timestamp>350.110509</timestamp>
			</report>
			<report>
				<misses>1299001</misses>
				<total>4</total>
				<timestamp>350.380310</timestamp>
			</report>
			<report>
				<misses>1300001</misses>
				<total>4</total>
				<timestamp>350.650014</timestamp>
			</report>
			<report>
				<misses>1301001</misses>
				<total>4</total>
				<timestamp>350.919749</timestamp>
			</report>
			<report>
				<misses>1302001</misses>
				<total>4</total>
				<timestamp>351.189460</timestamp>
			</report>
			<report>
				<misses>1303001</misses>
				<total>3</total>
				<timestamp>351.459298</timestamp>
			</report>
			<report>
				<misses>1304001</misses>
				<total>4</total>
				<timestamp>351.728918</timestamp>
			</report>
			<report>
				<misses>1305001</misses>
				<total>4</total>
				<timestamp>351.998630</timestamp>
			</report>
			<report>
				<misses>1306001</misses>
				<total>4</total>
				<timestamp>352.268375</timestamp>
			</report>
			<report>
				<misses>1307001</misses>
				<total>4</total>
				<timestamp>352.538115</timestamp>
			</report>
			<report>
				<misses>1308001</misses>
				<total>4</total>
				<timestamp>352.807831</timestamp>
			</report>
			<report>
				<misses>1309001</misses>
				<total>4</total>
				<timestamp>353.077551</timestamp>
			</report>
			<report>
				<misses>1310001</misses>
				<total>3</total>
				<timestamp>353.347387</timestamp>
			</report>
			<report>
				<misses>1311001</misses>
				<total>4</total>
				<timestamp>353.617030</timestamp>
			</report>
			<report>
				<misses>1312001</misses>
				<total>4</total>
				<timestamp>353.886765</timestamp>
			</report>
			<report>
				<misses>1313001</misses>
				<total>4</total>
				<timestamp>354.156506</timestamp>
			</report>
			<report>
				<misses>1314001</misses>
				<total>4</total>
				<timestamp>354.426265</timestamp>
			</report>
			<report>
				<misses>1315001</misses>
				<total>4</total>
				<timestamp>354.695931</timestamp>
			</report>
			<report>
				<misses>1316001</misses>
				<total>4</total>
				<timestamp>354.965676</timestamp>
			</report>
			<report>
				<misses>1317001</misses>
				<total>4</total>
				<timestamp>355.235493</timestamp>
			</report>
			<report>
				<misses>1318001</misses>
				<total>3</total>
				<timestamp>355.505272</timestamp>
			</report>
			<report>
				<misses>1319001</misses>
				<total>4</total>
				<timestamp>355.774865</timestamp>
			</report>
			<report>
				<misses>1320001</misses>
				<total>4</total>
				<timestamp>356.044595</timestamp>
			</report>
			<report>
				<misses>1321001</misses>
				<total>4</total>
				<timestamp>356.314343</timestamp>
			</report>
			<report>
				<misses>1322001</misses>
				<total>4</total>
				<timestamp>356.584083</timestamp>
			</report>
			<report>
				<misses>1323001</misses>
				<total>4</total>
				<timestamp>356.853803</timestamp>
			</report>
			<report>
				<misses>1324001</misses>
				<total>4</total>
				<timestamp>357.123504</timestamp>
			</report>
			<report>
				<misses>1325001</misses>
				<total>3</total>
				<timestamp>357.393353</timestamp>
			</report>
			<report>
				<misses>1326001</misses>
				<total>4</total>
				<timestamp>357.662967</timestamp>
			</report>
			<report>
				<misses>1327001</misses>
				<total>4</total>
				<timestamp>357.932697</timestamp>
			</report>
			<report>
				<misses>1328001</misses>
				<total>4</total>
				<timestamp>358.202431</timestamp>
			</report>
			<report>
				<misses>1329001</misses>
				<total>4</total>
				<timestamp>358.472216</timestamp>
			</report>
			<report>
				<misses>1330001</misses>
				<total>4</total>
				<timestamp>358.741879</timestamp>
			</report>
			<report>
				<misses>1331001</misses>
				<total>4</total>
				<timestamp>359.011624</timestamp>
			</report>
			<report>
				<misses>1332001</misses>
				<total>3</total>
				<timestamp>359.281468</timestamp>
			</report>
			<report>
				<misses>1333001</misses>
				<total>4</total>
				<timestamp>359.551069</timestamp>
			</report>
			<report>
				<misses>1334001</misses>
				<total>4</total>
				<timestamp>359.820799</timestamp>
			</report>
			<report>
				<misses>1335001</misses>
				<total>4</total>
				<timestamp>360.090550</timestamp>
			</report>
			<report>
				<misses>1336001</misses>
				<total>4</total>
				<timestamp>360.360326</timestamp>
			</report>
			<report>
				<misses>1337001</misses>
				<total>4</total>
				<timestamp>360.630007</timestamp>
			</report>
			<report>
				<misses>1338001</misses>
				<total>4</total>
				<timestamp>360.899715</timestamp>
			</report>
			<report>
				<misses>1339001</misses>
				<total>4</total>
				<timestamp>361.169459</timestamp>
			</report>
			<report>
				<misses>1340001</misses>
				<total>4</total>
				<timestamp>361.439212</timestamp>
			</report>
			<report>
				<misses>1341001</misses>
				<total>4</total>
				<timestamp>361.708960</timestamp>
			</report>
			<report>
				<misses>1342001</misses>
				<total>5</total>
				<timestamp>361.978643</timestamp>
			</report>
			<report>
				<misses>1343001</misses>
				<total>4</total>
				<timestamp>362.248462</timestamp>
			</report>
			<report>
				<misses>1344001</misses>
				<total>4</total>
				<timestamp>362.518214</timestamp>
			</report>
			<report>
				<misses>1345001</misses>
				<total>5</total>
				<timestamp>362.787840</timestamp>
			</report>
			<report>
				<misses>1346001</misses>
				<total>5</total>
				<timestamp>363.057580</timestamp>
			</report>
			<report>
				<misses>1347001</misses>
				<total>4</total>
				<timestamp>363.327451</timestamp>
			</report>
			<report>
				<misses>1348001</misses>
				<total>5</total>
				<timestamp>363.597057</timestamp>
			</report>
			<report>
				<misses>1349001</misses>
				<total>5</total>
				<timestamp>363.866795</timestamp>
			</report>
			<report>
				<misses>1350001</misses>
				<total>5</total>
				<timestamp>364.136526</timestamp>
			</report>
			<report>
				<misses>1351001</misses>
				<total>5</total>
				<timestamp>364.406330</timestamp>
			</report>
			<report>
				<misses>1352001</misses>
				<total>5</total>
				<timestamp>364.675967</timestamp>
			</report>
			<report>
				<misses>1353001</misses>
				<total>5</total>
				<timestamp>364.945709</timestamp>
			</report>
			<report>
				<misses>1354001</misses>
				<total>4</total>
				<timestamp>365.215564</timestamp>
			</report>
			<report>
				<misses>1355001</misses>
				<total>5</total>
				<timestamp>365.485198</timestamp>
			</report>
			<report>
				<misses>1356001</misses>
				<total>5</total>
				<timestamp>365.754933</timestamp>
			</report>
			<report>
				<misses>1357001</misses>
				<total>5</total>
				<timestamp>366.024659</timestamp>
			</report>
			<report>
				<misses>1358001</misses>
				<total>4</total>
				<timestamp>366.294444</timestamp>
			</report>
			<report>
				<misses>1359001</misses>
				<total>4</total>
				<timestamp>366.564207</timestamp>
			</report>
			<report>
				<misses>1360001</misses>
				<total>5</total>
				<timestamp>366.833801</timestamp>
			</report>
			<report>
				<misses>1361001</misses>
				<total>5</total>
				<timestamp>367.103535</timestamp>
			</report>
			<report>
				<misses>1362001</misses>
				<total>5</total>
				<timestamp>367.373294</timestamp>
			</report>
			<report>
				<misses>1363001</misses>
				<total>5</total>
				<timestamp>367.642980</timestamp>
			</report>
			<report>
				<misses>1364001</misses>
				<total>5</total>
				<timestamp>367.912772</timestamp>
			</report>
			<report>
				<misses>1365001</misses>
				<total>5</total>
				<timestamp>368.182461</timestamp>
			</report>
			<report>
				<misses>1366001</misses>
				<total>4</total>
				<timestamp>368.452283</timestamp>
			</report>
			<report>
				<misses>1367001</misses>
				<total>5</total>
				<timestamp>368.721914</timestamp>
			</report>
			<report>
				<misses>1368001</misses>
				<total>5</total>
				<timestamp>368.991648</timestamp>
			</report>
			<report>
				<misses>1369001</misses>
				<total>5</total>
				<timestamp>369.261406</timestamp>
			</report>
			<report>
				<misses>1370001</misses>
				<total>5</total>
				<timestamp>369.531164</timestamp>
			</report>
			<report>
				<misses>1371001</misses>
				<total>5</total>
				<timestamp>369.800819</timestamp>
			</report>
			<report>
				<misses>1372001</misses>
				<total>5</total>
				<timestamp>370.070562</timestamp>
			</report>
			<report>
				<misses>1373001</misses>
				<total>5</total>
				<timestamp>370.340291</timestamp>
			</report>
			<report>
				<misses>1374001</misses>
				<total>4</total>
				<timestamp>370.610192</timestamp>
			</report>
			<report>
				<misses>1375001</misses>
				<total>5</total>
				<timestamp>370.879751</timestamp>
			</report>
			<report>
				<misses>1376001</misses>
				<total>5</total>
				<timestamp>371.149519</timestamp>
			</report>
			<report>
				<misses>1377001</misses>
				<total>5</total>
				<timestamp>371.419256</timestamp>
			</report>
			<report>
				<misses>1378001</misses>
				<total>5</total>
				<timestamp>371.688957</timestamp>
			</report>
			<report>
				<misses>1379001</misses>
				<total>5</total>
				<timestamp>371.958645</timestamp>
			</report>
			<report>
				<misses>1380001</misses>
				<total>5</total>
				<timestamp>372.228438</timestamp>
			</report>
			<report>
				<misses>1381001</misses>
				<total>5</total>
				<timestamp>372.498139</timestamp>
			</report>
			<report>
				<misses>1382001</misses>
				<total>5</total>
				<timestamp>372.767904</timestamp>
			</report>
			<report>
				<misses>1383001</misses>
				<total>5</total>
				<timestamp>373.037578</timestamp>
			</report>
			<report>
				<misses>1384001</misses>
				<total>5</total>
				<timestamp>373.307380</timestamp>
			</report>
			<report>
				<misses>1385001</misses>
				<total>4</total>
				<timestamp>373.577136</timestamp>
			</report>
			<report>
				<misses>1386001</misses>
				<total>5</total>
				<timestamp>373.846763</timestamp>
			</report>
			<report>
				<misses>1387001</misses>
				<total>5</total>
				<timestamp>374.116500</timestamp>
			</report>
			<report>
				<misses>1388001</misses>
				<total>5</total>
				<timestamp>374.386240</timestamp>
			</report>
			<report>
				<misses>1389001</misses>
				<total>5</total>
				<timestamp>374.655984</timestamp>
			</report>
			<report>
				<misses>1390001</misses>
				<total>5</total>
				<timestamp>374.925687</timestamp>
			</report>
			<report>
				<misses>1391001</misses>
				<total>5</total>
				<timestamp>375.195427</timestamp>
			</report>
			<report>
				<misses>1392001</misses>
				<total>5</total>
				<timestamp>375.465164</timestamp>
			</report>
			<report>
				<misses>1393001</misses>
				<total>5</total>
				<timestamp>375.734886</timestamp>
			</report>
			<report>
				<misses>1394001</misses>
				<total>5</total>
				<timestamp>376.004607</timestamp>
			</report>
			<report>
				<misses>1395001</misses>
				<total>5</total>
				<timestamp>376.274368</timestamp>
			</report>
			<report>
				<misses>1396001</misses>
				<total>5</total>
				<timestamp>376.544128</timestamp>
			</report>
			<report>
				<misses>1397001</misses>
				<total>5</total>
				<timestamp>376.813793</timestamp>
			</report>
			<report>
				<misses>1398001</misses>
				<total>5</total>
				<timestamp>377.083524</timestamp>
			</report>
			<report>
				<misses>1399001</misses>
				<total>4</total>
				<timestamp>377.353358</timestamp>
			</report>
			<report>
				<misses>1400001</misses>
				<total>4</total>
				<timestamp>377.623092</timestamp>
			</report>
			<report>
				<misses>1401001</misses>
				<total>5</total>
				<timestamp>377.892737</timestamp>
			</report>
			<report>
				<misses>1402001</misses>
				<total>5</total>
				<timestamp>378.162446</timestamp>
			</report>
			<report>
				<misses>1403001</misses>
				<total>5</total>
				<timestamp>378.432217</timestamp>
			</report>
			<report>
				<misses>1404001</misses>
				<total>5</total>
				<timestamp>378.701897</timestamp>
			</report>
			<report>
				<misses>1405001</misses>
				<total>5</total>
				<timestamp>378.971625</timestamp>
			</report>
			<report>
				<misses>1406001</misses>
				<total>5</total>
				<timestamp>379.241403</timestamp>
			</report>
			<report>
				<misses>1407001</misses>
				<total>5</total>
				<timestamp>379.511115</timestamp>
			</report>
			<report>
				<misses>1408001</misses>
				<total>5</total>
				<timestamp>379.780844</timestamp>
			</report>
			<report>
				<misses>1409001</misses>
				<total>5</total>
				<timestamp>380.050554</timestamp>
			</report>
			<report>
				<misses>1410001</misses>
				<total>5</total>
				<timestamp>380.320321</timestamp>
			</report>
			<report>
				<misses>1411001</misses>
				<total>5</total>
				<timestamp>380.590080</timestamp>
			</report>
			<report>
				<misses>1412001</misses>
				<total>5</total>
				<timestamp>380.859760</timestamp>
			</report>
			<report>
				<misses>1413001</misses>
				<total>5</total>
				<timestamp>381.129489</timestamp>
			</report>
			<report>
				<misses>1414001</misses>
				<total>5</total>
				<timestamp>381.399227</timestamp>
			</report>
			<report>
				<misses>1415001</misses>
				<total>5</total>
				<timestamp>381.668952</timestamp>
			</report>
			<report>
				<misses>1416001</misses>
				<total>5</total>
				<timestamp>381.938664</timestamp>
			</report>
			<report>
				<misses>1417001</misses>
				<total>5</total>
				<timestamp>382.208418</timestamp>
			</report>
			<report>
				<misses>1418001</misses>
				<total>5</total>
				<timestamp>382.478195</timestamp>
			</report>
			<report>
				<misses>1419001</misses>
				<total>5</total>
				<timestamp>382.747883</timestamp>
			</report>
			<report>
				<misses>1420001</misses>
				<total>5</total>
				<timestamp>383.017581</timestamp>
			</report>
			<report>
				<misses>1421001</misses>
				<total>5</total>
				<timestamp>383.287336</timestamp>
			</report>
			<report>
				<misses>1422001</misses>
				<total>6</total>
				<timestamp>383.557078</timestamp>
			</report>
			<report>
				<misses>1423001</misses>
				<total>6</total>
				<timestamp>383.826846</timestamp>
			</report>
			<report>
				<misses>1424001</misses>
				<total>6</total>
				<timestamp>384.096516</timestamp>
			</report>
			<report>
				<misses>1425001</misses>
				<total>5</total>
				<timestamp>384.366329</timestamp>
			</report>
			<report>
				<misses>1426001</misses>
				<total>6</total>
				<timestamp>384.636062</timestamp>
			</report>
			<report>
				<misses>1427001</misses>
				<total>6</total>
				<timestamp>384.905703</timestamp>
			</report>
			<report>
				<misses>1428001</misses>
				<total>6</total>
				<timestamp>385.175465</timestamp>
			</report>
			<report>
				<misses>1429001</misses>
				<total>6</total>
				<timestamp>385.445229</timestamp>
			</report>
			<report>
				<misses>1430001</misses>
				<total>6</total>
				<timestamp>385.714910</timestamp>
			</report>
			<report>
				<misses>1431001</misses>
				<total>6</total>
				<timestamp>385.984614</timestamp>
			</report>
			<report>
				<misses>1432001</misses>
				<total>6</total>
				<timestamp>386.254378</timestamp>
			</report>
			<report>
				<misses>1433001</misses>
				<total>5</total>
				<timestamp>386.524206</timestamp>
			</report>
			<report>
				<misses>1434001</misses>
				<total>6</total>
				<timestamp>386.793812</timestamp>
			</report>
			<report>
				<misses>1435001</misses>
				<total>6</total>
				<timestamp>387.063542</timestamp>
			</report>
			<report>
				<misses>1436001</misses>
				<total>6</total>
				<timestamp>387.333259</timestamp>
			</report>
			<report>
				<misses>1437001</misses>
				<total>6</total>
				<timestamp>387.603052</timestamp>
			</report>
			<report>
				<misses>1438001</misses>
				<total>6</total>
				<timestamp>387.872732</timestamp>
			</report>
			<report>
				<misses>1439001</misses>
				<total>6</total>
				<timestamp>388.142480</timestamp>
			</report>
			<report>
				<misses>1440001</misses>
				<total>5</total>
				<timestamp>388.412295</timestamp>
			</report>
			<report>
				<misses>1441001</misses>
				<total>5</total>
				<timestamp>388.682061</timestamp>
			</report>
			<report>
				<misses>1442001</misses>
				<total>6</total>
				<timestamp>388.951651</timestamp>
			</report>
			<report>
				<misses>1443001</misses>
				<total>6</total>
				<timestamp>389.221374</timestamp>
			</report>
			<report>
				<misses>1444001</misses>
				<total>6</total>
				<timestamp>389.491171</timestamp>
			</report>
			<report>
				<misses>1445001</misses>
				<total>6</total>
				<timestamp>389.760867</timestamp>
			</report>
			<report>
				<misses>1446001</misses>
				<total>6</total>
				<timestamp>390.030607</timestamp>
			</report>
			<report>
				<misses>1447001</misses>
				<total>6</total>
				<timestamp>390.300310</timestamp>
			</report>
			<report>
				<misses>1448001</misses>
				<total>6</total>
				<timestamp>390.570032</timestamp>
			</report>
			<report>
				<misses>1449001</misses>
				<total>6</total>
				<timestamp>390.839757</timestamp>
			</report>
			<report>
				<misses>1450001</misses>
				<total>6</total>
				<timestamp>391.109491</timestamp>
			</report>
			<report>
				<misses>1451001</misses>
				<total>6</total>
				<timestamp>391.379227</timestamp>
			</report>
			<report>
				<misses>1452001</misses>
				<total>6</total>
				<timestamp>391.648962</timestamp>
			</report>
			<report>
				<misses>1453001</misses>
				<total>5</total>
				<timestamp>391.918790</timestamp>
			</report>
			<report>
				<misses>1454001</misses>
				<total>6</total>
				<timestamp>392.188424</timestamp>
			</report>
			<report>
				<misses>1455001</misses>
				<total>6</total>
				<timestamp>392.458140</timestamp>
			</report>
			<report>
				<misses>1456001</misses>
				<total>5</total>
				<timestamp>392.728014</timestamp>
			</report>
			<report>
				<misses>1457001</misses>
				<total>6</total>
				<timestamp>392.997599</timestamp>
			</report>
			<report>
				<misses>1458001</misses>
				<total>6</total>
				<timestamp>393.267369</timestamp>
			</report>
			<report>
				<misses>1459001</misses>
				<total>6</total>
				<timestamp>393.537073</timestamp>
			</report>
			<report>
				<misses>1460001</misses>
				<total>6</total>
				<timestamp>393.806798</timestamp>
			</report>
			<report>
				<misses>1461001</misses>
				<total>6</total>
				<timestamp>394.076548</timestamp>
			</report>
			<report>
				<misses>1462001</misses>
				<total>6</total>
				<timestamp>394.346250</timestamp>
			</report>
			<report>
				<misses>1463001</misses>
				<total>6</total>
				<timestamp>394.615995</timestamp>
			</report>
			<report>
				<misses>1464001</misses>
				<total>6</total>
				<timestamp>394.885764</timestamp>
			</report>
			<report>
				<misses>1465001</misses>
				<total>6</total>
				<timestamp>395.155441</timestamp>
			</report>
			<report>
				<misses>1466001</misses>
				<total>6</total>
				<timestamp>395.425165</timestamp>
			</report>
			<report>
				<misses>1467001</misses>
				<total>5</total>
				<timestamp>395.694989</timestamp>
			</report>
			<report>
				<misses>1468001</misses>
				<total>6</total>
				<timestamp>395.964616</timestamp>
			</report>
			<report>
				<misses>1469001</misses>
				<total>6</total>
				<timestamp>396.234364</timestamp>
			</report>
			<report>
				<misses>1470001</misses>
				<total>5</total>
				<timestamp>396.504245</timestamp>
			</report>
			<report>
				<misses>1471001</misses>
				<total>6</total>
				<timestamp>396.773822</timestamp>
			</report>
			<report>
				<misses>1472001</misses>
				<total>6</total>
				<timestamp>397.043531</timestamp>
			</report>
			<report>
				<misses>1473001</misses>
				<total>6</total>
				<timestamp>397.313295</timestamp>
			</report>
			<report>
				<misses>1474001</misses>
				<total>6</total>
				<timestamp>397.583042</timestamp>
			</report>
			<report>
				<misses>1475001</misses>
				<total>6</total>
				<timestamp>397.852766</timestamp>
			</report>
			<report>
				<misses>1476001</misses>
				<total>6</total>
				<timestamp>398.122468</timestamp>
			</report>
			<report>
				<misses>1477001</misses>
				<total>6</total>
				<timestamp>398.392189</timestamp>
			</report>
			<report>
				<misses>1478001</misses>
				<total>6</total>
				<timestamp>398.661967</timestamp>
			</report>
			<report>
				<misses>1479001</misses>
				<total>6</total>
				<timestamp>398.931656</timestamp>
			</report>
			<report>
				<misses>1480001</misses>
				<total>6</total>
				<timestamp>399.201386</timestamp>
			</report>
			<report>
				<misses>1481001</misses>
				<total>5</total>
				<timestamp>399.471227</timestamp>
			</report>
			<report>
				<misses>1482001</misses>
				<total>5</total>
				<timestamp>399.740994</timestamp>
			</report>
			<report>
				<misses>1483001</misses>
				<total>6</total>
				<timestamp>400.010562</timestamp>
			</report>
			<report>
				<misses>1484001</misses>
				<total>6</total>
				<timestamp>400.280321</timestamp>
			</report>
			<report>
				<misses>1485001</misses>
				<total>6</total>
				<timestamp>400.550051</timestamp>
			</report>
			<report>
				<misses>1486001</misses>
				<total>6</total>
				<timestamp>400.819754</timestamp>
			</report>
			<report>
				<misses>1487001</misses>
				<total>6</total>
				<timestamp>401.089510</timestamp>
			</report>
			<report>
				<misses>1488001</misses>
				<total>6</total>
				<timestamp>401.359248</timestamp>
			</report>
			<report>
				<misses>1489001</misses>
				<total>5</total>
				<timestamp>401.629081</timestamp>
			</report>
			<report>
				<misses>1490001</misses>
				<total>6</total>
				<timestamp>401.898704</timestamp>
			</report>
			<report>
				<misses>1491001</misses>
				<total>6</total>
				<timestamp>402.168438</timestamp>
			</report>
			<report>
				<misses>1492001</misses>
				<total>6</total>
				<timestamp>402.438212</timestamp>
			</report>
			<report>
				<misses>1493001</misses>
				<total>6</total>
				<timestamp>402.707910</timestamp>
			</report>
			<report>
				<misses>1494001</misses>
				<total>6</total>
				<timestamp>402.977623</timestamp>
			</report>
			<report>
				<misses>1495001</misses>
				<total>6</total>
				<timestamp>403.247355</timestamp>
			</report>
			<report>
				<misses>1496001</misses>
				<total>6</total>
				<timestamp>403.517068</timestamp>
			</report>
			<report>
				<misses>1497001</misses>
				<total>6</total>
				<timestamp>403.786804</timestamp>
			</report>
			<report>
				<misses>1498001</misses>
				<total>6</total>
				<timestamp>404.056540</timestamp>
			</report>
			<report>
				<misses>1499001</misses>
				<total>6</total>
				<timestamp>404.326294</timestamp>
			</report>
			<report>
				<misses>1500001</misses>
				<total>5</total>
				<timestamp>404.596086</timestamp>
			</report>
			<report>
				<misses>1501001</misses>
				<total>6</total>
				<timestamp>404.865762</timestamp>
			</report>
			<report>
				<misses>1502001</misses>
				<total>6</total>
				<timestamp>405.135480</timestamp>
			</report>
			<report>
				<misses>1503001</misses>
				<total>6</total>
				<timestamp>405.405200</timestamp>
			</report>
			<report>
				<misses>1504001</misses>
				<total>6</total>
				<timestamp>405.674973</timestamp>
			</report>
			<report>
				<misses>1505001</misses>
				<total>6</total>
				<timestamp>405.944644</timestamp>
			</report>
			<report>
				<misses>1506001</misses>
				<total>6</total>
				<timestamp>406.214353</timestamp>
			</report>
			<report>
				<misses>1507001</misses>
				<total>6</total>
				<timestamp>406.484188</timestamp>
			</report>
			<report>
				<misses>1508001</misses>
				<total>5</total>
				<timestamp>406.753950</timestamp>
			</report>
			<report>
				<misses>1509001</misses>
				<total>6</total>
				<timestamp>407.023558</timestamp>
			</report>
			<report>
				<misses>1510001</misses>
				<total>6</total>
				<timestamp>407.293285</timestamp>
			</report>
			<report>
				<misses>1511001</misses>
				<total>6</total>
				<timestamp>407.563027</timestamp>
			</report>
			<report>
				<misses>1512001</misses>
				<total>5</total>
				<timestamp>407.832906</timestamp>
			</report>
			<report>
				<misses>1513001</misses>
				<total>6</total>
				<timestamp>408.102486</timestamp>
			</report>
			<report>
				<misses>1514001</misses>
				<total>6</total>
				<timestamp>408.372244</timestamp>
			</report>
			<report>
				<misses>1515001</misses>
				<total>6</total>
				<timestamp>408.641935</timestamp>
			</report>
			<report>
				<misses>1516001</misses>
				<total>6</total>
				<timestamp>408.911664</timestamp>
			</report>
			<report>
				<misses>1517001</misses>
				<total>6</total>
				<timestamp>409.181403</timestamp>
			</report>
			<report>
				<misses>1518001</misses>
				<total>6</total>
				<timestamp>409.451141</timestamp>
			</report>
			<report>
				<misses>1519001</misses>
				<total>6</total>
				<timestamp>409.720914</timestamp>
			</report>
			<report>
				<misses>1520001</misses>
				<total>6</total>
				<timestamp>409.990587</timestamp>
			</report>
			<report>
				<misses>1521001</misses>
				<total>6</total>
				<timestamp>410.260323</timestamp>
			</report>
			<report>
				<misses>1522001</misses>
				<total>6</total>
				<timestamp>410.530115</timestamp>
			</report>
			<report>
				<misses>1523001</misses>
				<total>5</total>
				<timestamp>410.799925</timestamp>
			</report>
			<report>
				<misses>1524001</misses>
				<total>6</total>
				<timestamp>411.069504</timestamp>
			</report>
			<report>
				<misses>1525001</misses>
				<total>6</total>
				<timestamp>411.339247</timestamp>
			</report>
			<report>
				<misses>1526001</misses>
				<total>6</total>
				<timestamp>411.609020</timestamp>
			</report>
			<report>
				<misses>1527001</misses>
				<total>6</total>
				<timestamp>411.878704</timestamp>
			</report>
			<report>
				<misses>1528001</misses>
				<total>6</total>
				<timestamp>412.148422</timestamp>
			</report>
			<report>
				<misses>1529001</misses>
				<total>6</total>
				<timestamp>412.418169</timestamp>
			</report>
			<report>
				<misses>1530001</misses>
				<total>5</total>
				<timestamp>412.688009</timestamp>
			</report>
			<report>
				<misses>1531001</misses>
				<total>6</total>
				<timestamp>412.957625</timestamp>
			</report>
			<report>
				<misses>1532001</misses>
				<total>6</total>
				<timestamp>413.227345</timestamp>
			</report>
			<report>
				<misses>1533001</misses>
				<total>5</total>
				<timestamp>413.497162</timestamp>
			</report>
			<report>
				<misses>1534001</misses>
				<total>6</total>
				<timestamp>413.766825</timestamp>
			</report>
			<report>
				<misses>1535001</misses>
				<total>6</total>
				<timestamp>414.036546</timestamp>
			</report>
			<report>
				<misses>1536001</misses>
				<total>6</total>
				<timestamp>414.306263</timestamp>
			</report>
			<report>
				<misses>1537001</misses>
				<total>5</total>
				<timestamp>414.576111</timestamp>
			</report>
			<report>
				<misses>1538001</misses>
				<total>6</total>
				<timestamp>414.845743</timestamp>
			</report>
			<report>
				<misses>1539001</misses>
				<total>6</total>
				<timestamp>415.115479</timestamp>
			</report>
			<report>
				<misses>1540001</misses>
				<total>6</total>
				<timestamp>415.385176</timestamp>
			</report>
			<report>
				<misses>1541001</misses>
				<total>6</total>
				<timestamp>415.654985</timestamp>
			</report>
			<report>
				<misses>1542001</misses>
				<total>6</total>
				<timestamp>415.924662</timestamp>
			</report>
			<report>
				<misses>1543001</misses>
				<total>6</total>
				<timestamp>416.194397</timestamp>
			</report>
			<report>
				<misses>1544001</misses>
				<total>6</total>
				<timestamp>416.464113</timestamp>
			</report>
			<report>
				<misses>1545001</misses>
				<total>6</total>
				<timestamp>416.733858</timestamp>
			</report>
			<report>
				<misses>1546001</misses>
				<total>6</total>
				<timestamp>417.003585</timestamp>
			</report>
			<report>
				<misses>1547001</misses>
				<total>6</total>
				<timestamp>417.273305</timestamp>
			</report>
			<report>
				<misses>1548001</misses>
				<total>6</total>
				<timestamp>417.543082</timestamp>
			</report>
			<report>
				<misses>1549001</misses>
				<total>5</total>
				<timestamp>417.812891</timestamp>
			</report>
			<report>
				<misses>1550001</misses>
				<total>6</total>
				<timestamp>418.082526</timestamp>
			</report>
			<report>
				<misses>1551001</misses>
				<total>6</total>
				<timestamp>418.352275</timestamp>
			</report>
			<report>
				<misses>1552001</misses>
				<total>6</total>
				<timestamp>418.621947</timestamp>
			</report>
			<report>
				<misses>1553001</misses>
				<total>6</total>
				<timestamp>418.891668</timestamp>
			</report>
			<report>
				<misses>1554001</misses>
				<total>6</total>
				<timestamp>419.161401</timestamp>
			</report>
			<report>
				<misses>1555001</misses>
				<total>6</total>
				<timestamp>419.431136</timestamp>
			</report>
			<report>
				<misses>1556001</misses>
				<total>5</total>
				<timestamp>419.700967</timestamp>
			</report>
			<report>
				<misses>1557001</misses>
				<total>7</total>
				<timestamp>419.970622</timestamp>
			</report>
			<report>
				<misses>1558001</misses>
				<total>7</total>
				<timestamp>420.240353</timestamp>
			</report>
			<report>
				<misses>1559001</misses>
				<total>7</total>
				<timestamp>420.510096</timestamp>
			</report>
			<report>
				<misses>1560001</misses>
				<total>7</total>
				<timestamp>420.779848</timestamp>
			</report>
			<report>
				<misses>1561001</misses>
				<total>7</total>
				<timestamp>421.049515</timestamp>
			</report>
			<report>
				<misses>1562001</misses>
				<total>7</total>
				<timestamp>421.319248</timestamp>
			</report>
			<report>
				<misses>1563001</misses>
				<total>7</total>
				<timestamp>421.589066</timestamp>
			</report>
			<report>
				<misses>1564001</misses>
				<total>6</total>
				<timestamp>421.858841</timestamp>
			</report>
			<report>
				<misses>1565001</misses>
				<total>7</total>
				<timestamp>422.128447</timestamp>
			</report>
			<report>
				<misses>1566001</misses>
				<total>7</total>
				<timestamp>422.398160</timestamp>
			</report>
			<report>
				<misses>1567001</misses>
				<total>7</total>
				<timestamp>422.667948</timestamp>
			</report>
			<report>
				<misses>1568001</misses>
				<total>7</total>
				<timestamp>422.937641</timestamp>
			</report>
			<report>
				<misses>1569001</misses>
				<total>7</total>
				<timestamp>423.207366</timestamp>
			</report>
			<report>
				<misses>1570001</misses>
				<total>7</total>
				<timestamp>423.477094</timestamp>
			</report>
			<report>
				<misses>1571001</misses>
				<total>7</total>
				<timestamp>423.746825</timestamp>
			</report>
			<report>
				<misses>1572001</misses>
				<total>7</total>
				<timestamp>424.016575</timestamp>
			</report>
			<report>
				<misses>1573001</misses>
				<total>7</total>
				<timestamp>424.286288</timestamp>
			</report>
			<report>
				<misses>1574001</misses>
				<total>7</total>
				<timestamp>424.556020</timestamp>
			</report>
			<report>
				<misses>1575001</misses>
				<total>7</total>
				<timestamp>424.825769</timestamp>
			</report>
			<report>
				<misses>1576001</misses>
				<total>7</total>
				<timestamp>425.095489</timestamp>
			</report>
			<report>
				<misses>1577001</misses>
				<total>7</total>
				<timestamp>425.365203</timestamp>
			</report>
			<report>
				<misses>1578001</misses>
				<total>7</total>
				<timestamp>425.634921</timestamp>
			</report>
			<report>
				<misses>1579001</misses>
				<total>6</total>
				<timestamp>425.904804</timestamp>
			</report>
			<report>
				<misses>1580001</misses>
				<total>7</total>
				<timestamp>426.174426</timestamp>
			</report>
			<report>
				<misses>1581001</misses>
				<total>7</total>
				<timestamp>426.444125</timestamp>
			</report>
			<report>
				<misses>1582001</misses>
				<total>7</total>
				<timestamp>426.713881</timestamp>
			</report>
			<report>
				<misses>1583001</misses>
				<total>7</total>
				<timestamp>426.983616</timestamp>
			</report>
			<report>
				<misses>1584001</misses>
				<total>7</total>
				<timestamp>427.253313</timestamp>
			</report>
			<report>
				<misses>1585001</misses>
				<total>7</total>
				<timestamp>427.523059</timestamp>
			</report>
			<report>
				<misses>1586001</misses>
				<total>7</total>
				<timestamp>427.792807</timestamp>
			</report>
			<report>
				<misses>1587001</misses>
				<total>7</total>
				<timestamp>428.062488</timestamp>
			</report>
			<report>
				<misses>1588001</misses>
				<total>7</total>
				<timestamp>428.332288</timestamp>
			</report>
			<report>
				<misses>1589001</misses>
				<total>7</total>
				<timestamp>428.602040</timestamp>
			</report>
			<report>
				<misses>1590001</misses>
				<total>6</total>
				<timestamp>428.871790</timestamp>
			</report>
			<report>
				<misses>1591001</misses>
				<total>7</total>
				<timestamp>429.141434</timestamp>
			</report>
			<report>
				<misses>1592001</misses>
				<total>7</total>
				<timestamp>429.411153</timestamp>
			</report>
			<report>
				<misses>1593001</misses>
				<total>7</total>
				<timestamp>429.680912</timestamp>
			</report>
			<report>
				<misses>1594001</misses>
				<total>8</total>
				<timestamp>429.950662</timestamp>
			</report>
			<report>
				<misses>1595001</misses>
				<total>8</total>
				<timestamp>430.220326</timestamp>
			</report>
			<report>
				<misses>1596001</misses>
				<total>8</total>
				<timestamp>430.490075</timestamp>
			</report>
			<report>
				<misses>1597001</misses>
				<total>7</total>
				<timestamp>430.759901</timestamp>
			</report>
			<report>
				<misses>1598001</misses>
				<total>8</total>
				<timestamp>431.029532</timestamp>
			</report>
			<report>
				<misses>1599001</misses>
				<total>9</total>
				<timestamp>431.299251</timestamp>
			</report>
			<report>
				<misses>1600001</misses>
				<total>9</total>
				<timestamp>431.569022</timestamp>
			</report>
			<report>
				<misses>1601001</misses>
				<total>9</total>
				<timestamp>431.838725</timestamp>
			</report>
			<report>
				<misses>1602001</misses>
				<total>9</total>
				<timestamp>432.108573</timestamp>
			</report>
			<report>
				<misses>1603001</misses>
				<total>9</total>
				<timestamp>432.378181</timestamp>
			</report>
			<report>
				<misses>1604001</misses>
				<total>9</total>
				<timestamp>432.648033</timestamp>
			</report>
			<report>
				<misses>1605001</misses>
				<total>8</total>
				<timestamp>432.917786</timestamp>
			</report>
			<report>
				<misses>1606001</misses>
				<total>9</total>
				<timestamp>433.187495</timestamp>
			</report>
			<report>
				<misses>1607001</misses>
				<total>9</total>
				<timestamp>433.457099</timestamp>
			</report>
			<report>
				<misses>1608001</misses>
				<total>9</total>
				<timestamp>433.726954</timestamp>
			</report>
			<report>
				<misses>1609001</misses>
				<total>8</total>
				<timestamp>433.996684</timestamp>
			</report>
			<report>
				<misses>1610001</misses>
				<total>9</total>
				<timestamp>434.266426</timestamp>
			</report>
			<report>
				<misses>1611001</misses>
				<total>9</total>
				<timestamp>434.536021</timestamp>
			</report>
			<report>
				<misses>1612001</misses>
				<total>8</total>
				<timestamp>434.805866</timestamp>
			</report>
			<report>
				<misses>1613001</misses>
				<total>9</total>
				<timestamp>435.075480</timestamp>
			</report>
			<report>
				<misses>1614001</misses>
				<total>9</total>
				<timestamp>435.345211</timestamp>
			</report>
			<report>
				<misses>1615001</misses>
				<total>9</total>
				<timestamp>435.614936</timestamp>
			</report>
			<report>
				<misses>1616001</misses>
				<total>9</total>
				<timestamp>435.884724</timestamp>
			</report>
			<report>
				<misses>1617001</misses>
				<total>9</total>
				<timestamp>436.154442</timestamp>
			</report>
			<report>
				<misses>1618001</misses>
				<total>9</total>
				<timestamp>436.424117</timestamp>
			</report>
			<report>
				<misses>1619001</misses>
				<total>9</total>
				<timestamp>436.693877</timestamp>
			</report>
			<report>
				<misses>1620001</misses>
				<total>9</total>
				<timestamp>436.963611</timestamp>
			</report>
			<report>
				<misses>1621001</misses>
				<total>9</total>
				<timestamp>437.233363</timestamp>
			</report>
			<report>
				<misses>1622001</misses>
				<total>9</total>
				<timestamp>437.503069</timestamp>
			</report>
			<report>
				<misses>1623001</misses>
				<total>9</total>
				<timestamp>437.772855</timestamp>
			</report>
			<report>
				<misses>1624001</misses>
				<total>9</total>
				<timestamp>438.042495</timestamp>
			</report>
			<report>
				<misses>1625001</misses>
				<total>9</total>
				<timestamp>438.312232</timestamp>
			</report>
			<report>
				<misses>1626001</misses>
				<total>9</total>
				<timestamp>438.582008</timestamp>
			</report>
			<report>
				<misses>1627001</misses>
				<total>9</total>
				<timestamp>438.851782</timestamp>
			</report>
			<report>
				<misses>1628001</misses>
				<total>9</total>
				<timestamp>439.121438</timestamp>
			</report>
			<report>
				<misses>1629001</misses>
				<total>9</total>
				<timestamp>439.391155</timestamp>
			</report>
			<report>
				<misses>1630001</misses>
				<total>8</total>
				<timestamp>439.660960</timestamp>
			</report>
			<report>
				<misses>1631001</misses>
				<total>8</total>
				<timestamp>439.930738</timestamp>
			</report>
			<report>
				<misses>1632001</misses>
				<total>9</total>
				<timestamp>440.200382</timestamp>
			</report>
			<report>
				<misses>1633001</misses>
				<total>9</total>
				<timestamp>440.470122</timestamp>
			</report>
			<report>
				<misses>1634001</misses>
				<total>9</total>
				<timestamp>440.739850</timestamp>
			</report>
			<report>
				<misses>1635001</misses>
				<total>9</total>
				<timestamp>441.009552</timestamp>
			</report>
			<report>
				<misses>1636001</misses>
				<total>9</total>
				<timestamp>441.279268</timestamp>
			</report>
			<report>
				<misses>1637001</misses>
				<total>9</total>
				<timestamp>441.549006</timestamp>
			</report>
			<report>
				<misses>1638001</misses>
				<total>9</total>
				<timestamp>441.818782</timestamp>
			</report>
			<report>
				<misses>1639001</misses>
				<total>9</total>
				<timestamp>442.088476</timestamp>
			</report>
			<report>
				<misses>1640001</misses>
				<total>9</total>
				<timestamp>442.358189</timestamp>
			</report>
			<report>
				<misses>1641001</misses>
				<total>9</total>
				<timestamp>442.627937</timestamp>
			</report>
			<report>
				<misses>1642001</misses>
				<total>9</total>
				<timestamp>442.897712</timestamp>
			</report>
			<report>
				<misses>1643001</misses>
				<total>9</total>
				<timestamp>443.167395</timestamp>
			</report>
			<report>
				<misses>1644001</misses>
				<total>9</total>
				<timestamp>443.437107</timestamp>
			</report>
			<report>
				<misses>1645001</misses>
				<total>8</total>
				<timestamp>443.706923</timestamp>
			</report>
			<report>
				<misses>1646001</misses>
				<total>8</total>
				<timestamp>443.976709</timestamp>
			</report>
			<report>
				<misses>1647001</misses>
				<total>9</total>
				<timestamp>444.246301</timestamp>
			</report>
			<report>
				<misses>1648001</misses>
				<total>9</total>
				<timestamp>444.516076</timestamp>
			</report>
			<report>
				<misses>1649001</misses>
				<total>9</total>
				<timestamp>444.785800</timestamp>
			</report>
			<report>
				<misses>1650001</misses>
				<total>10</total>
				<timestamp>445.055544</timestamp>
			</report>
			<report>
				<misses>1651001</misses>
				<total>10</total>
				<timestamp>445.325224</timestamp>
			</report>
			<report>
				<misses>1652001</misses>
				<total>10</total>
				<timestamp>445.594962</timestamp>
			</report>
			<report>
				<misses>1653001</misses>
				<total>9</total>
				<timestamp>445.864815</timestamp>
			</report>
			<report>
				<misses>1654001</misses>
				<total>10</total>
				<timestamp>446.134409</timestamp>
			</report>
			<report>
				<misses>1655001</misses>
				<total>10</total>
				<timestamp>446.404153</timestamp>
			</report>
			<report>
				<misses>1656001</misses>
				<total>10</total>
				<timestamp>446.673875</timestamp>
			</report>
			<report>
				<misses>1657001</misses>
				<total>10</total>
				<timestamp>446.943703</timestamp>
			</report>
			<report>
				<misses>1658001</misses>
				<total>10</total>
				<timestamp>447.213349</timestamp>
			</report>
			<report>
				<misses>1659001</misses>
				<total>10</total>
				<timestamp>447.483055</timestamp>
			</report>
			<report>
				<misses>1660001</misses>
				<total>10</total>
				<timestamp>447.752801</timestamp>
			</report>
			<report>
				<misses>1661001</misses>
				<total>9</total>
				<timestamp>448.022653</timestamp>
			</report>
			<report>
				<misses>1662001</misses>
				<total>10</total>
				<timestamp>448.292267</timestamp>
			</report>
			<report>
				<misses>1663001</misses>
				<total>10</total>
				<timestamp>448.561978</timestamp>
			</report>
			<report>
				<misses>1664001</misses>
				<total>9</total>
				<timestamp>448.831811</timestamp>
			</report>
			<report>
				<misses>1665001</misses>
				<total>10</total>
				<timestamp>449.101441</timestamp>
			</report>
			<report>
				<misses>1666001</misses>
				<total>10</total>
				<timestamp>449.371165</timestamp>
			</report>
			<report>
				<misses>1667001</misses>
				<total>10</total>
				<timestamp>449.640945</timestamp>
			</report>
			<report>
				<misses>1668001</misses>
				<total>9</total>
				<timestamp>449.910799</timestamp>
			</report>
			<report>
				<misses>1669001</misses>
				<total>10</total>
				<timestamp>450.180360</timestamp>
			</report>
			<report>
				<misses>1670001</misses>
				<total>10</total>
				<timestamp>450.450082</timestamp>
			</report>
			<report>
				<misses>1671001</misses>
				<total>9</total>
				<timestamp>450.719906</timestamp>
			</report>
			<report>
				<misses>1672001</misses>
				<total>9</total>
				<timestamp>450.989666</timestamp>
			</report>
			<report>
				<misses>1673001</misses>
				<total>10</total>
				<timestamp>451.259305</timestamp>
			</report>
			<report>
				<misses>1674001</misses>
				<total>10</total>
				<timestamp>451.529010</timestamp>
			</report>
			<report>
				<misses>1675001</misses>
				<total>10</total>
				<timestamp>451.798749</timestamp>
			</report>
			<report>
				<misses>1676001</misses>
				<total>10</total>
				<timestamp>452.068503</timestamp>
			</report>
			<report>
				<misses>1677001</misses>
				<total>10</total>
				<timestamp>452.338196</timestamp>
			</report>
			<report>
				<misses>1678001</misses>
				<total>10</total>
				<timestamp>452.607974</timestamp>
			</report>
			<report>
				<misses>1679001</misses>
				<total>9</total>
				<timestamp>452.877757</timestamp>
			</report>
			<report>
				<misses>1680001</misses>
				<total>10</total>
				<timestamp>453.147397</timestamp>
			</report>
			<report>
				<misses>1681001</misses>
				<total>10</total>
				<timestamp>453.417120</timestamp>
			</report>
			<report>
				<misses>1682001</misses>
				<total>10</total>
				<timestamp>453.686893</timestamp>
			</report>
			<report>
				<misses>1683001</misses>
				<total>10</total>
				<timestamp>453.956652</timestamp>
			</report>
			<report>
				<misses>1684001</misses>
				<total>10</total>
				<timestamp>454.226321</timestamp>
			</report>
			<report>
				<misses>1685001</misses>
				<total>10</total>
				<timestamp>454.496030</timestamp>
			</report>
			<report>
				<misses>1686001</misses>
				<total>10</total>
				<timestamp>454.765812</timestamp>
			</report>
			<report>
				<misses>1687001</misses>
				<total>10</total>
				<timestamp>455.035597</timestamp>
			</report>
			<report>
				<misses>1688001</misses>
				<total>10</total>
				<timestamp>455.305232</timestamp>
			</report>
			<report>
				<misses>1689001</misses>
				<total>10</total>
				<timestamp>455.574978</timestamp>
			</report>
			<report>
				<misses>1690001</misses>
				<total>10</total>
				<timestamp>455.844713</timestamp>
			</report>
			<report>
				<misses>1691001</misses>
				<total>10</total>
				<timestamp>456.114427</timestamp>
			</report>
			<report>
				<misses>1692001</misses>
				<total>10</total>
				<timestamp>456.384148</timestamp>
			</report>
			<report>
				<misses>1693001</misses>
				<total>10</total>
				<timestamp>456.653895</timestamp>
			</report>
			<report>
				<misses>1694001</misses>
				<total>10</total>
				<timestamp>456.923709</timestamp>
			</report>
			<report>
				<misses>1695001</misses>
				<total>10</total>
				<timestamp>457.193344</timestamp>
			</report>
			<report>
				<misses>1696001</misses>
				<total>10</total>
				<timestamp>457.463078</timestamp>
			</report>
			<report>
				<misses>1697001</misses>
				<total>9</total>
				<timestamp>457.732932</timestamp>
			</report>
			<report>
				<misses>1698001</misses>
				<total>9</total>
				<timestamp>458.002619</timestamp>
			</report>
			<report>
				<misses>1699001</misses>
				<total>10</total>
				<timestamp>458.272258</timestamp>
			</report>
			<report>
				<misses>1700001</misses>
				<total>10</total>
				<timestamp>458.542026</timestamp>
			</report>
			<report>
				<misses>1701001</misses>
				<total>10</total>
				<timestamp>458.811736</timestamp>
			</report>
			<report>
				<misses>1702001</misses>
				<total>9</total>
				<timestamp>459.081596</timestamp>
			</report>
			<report>
				<misses>1703001</misses>
				<total>10</total>
				<timestamp>459.351179</timestamp>
			</report>
			<report>
				<misses>1704001</misses>
				<total>10</total>
				<timestamp>459.620906</timestamp>
			</report>
			<report>
				<misses>1705001</misses>
				<total>10</total>
				<timestamp>459.890661</timestamp>
			</report>
			<report>
				<misses>1706001</misses>
				<total>10</total>
				<timestamp>460.160369</timestamp>
			</report>
			<report>
				<misses>1707001</misses>
				<total>10</total>
				<timestamp>460.430100</timestamp>
			</report>
			<report>
				<misses>1708001</misses>
				<total>10</total>
				<timestamp>460.699833</timestamp>
			</report>
			<report>
				<misses>1709001</misses>
				<total>10</total>
				<timestamp>460.969581</timestamp>
			</report>
			<report>
				<misses>1710001</misses>
				<total>10</total>
				<timestamp>461.239311</timestamp>
			</report>
			<report>
				<misses>1711001</misses>
				<total>10</total>
				<timestamp>461.509028</timestamp>
			</report>
			<report>
				<misses>1712001</misses>
				<total>10</total>
				<timestamp>461.778826</timestamp>
			</report>
			<report>
				<misses>1713001</misses>
				<total>9</total>
				<timestamp>462.048609</timestamp>
			</report>
			<report>
				<misses>1714001</misses>
				<total>10</total>
				<timestamp>462.318208</timestamp>
			</report>
			<report>
				<misses>1715001</misses>
				<total>10</total>
				<timestamp>462.587937</timestamp>
			</report>
			<report>
				<misses>1716001</misses>
				<total>9</total>
				<timestamp>462.857805</timestamp>
			</report>
			<report>
				<misses>1717001</misses>
				<total>10</total>
				<timestamp>463.127422</timestamp>
			</report>
			<report>
				<misses>1718001</misses>
				<total>10</total>
				<timestamp>463.397129</timestamp>
			</report>
			<report>
				<misses>1719001</misses>
				<total>10</total>
				<timestamp>463.666872</timestamp>
			</report>
			<report>
				<misses>1720001</misses>
				<total>10</total>
				<timestamp>463.936682</timestamp>
			</report>
			<report>
				<misses>1721001</misses>
				<total>10</total>
				<timestamp>464.206352</timestamp>
			</report>
			<report>
				<misses>1722001</misses>
				<total>10</total>
				<timestamp>464.476080</timestamp>
			</report>
			<report>
				<misses>1723001</misses>
				<total>10</total>
				<timestamp>464.745794</timestamp>
			</report>
			<report>
				<misses>1724001</misses>
				<total>10</total>
				<timestamp>465.015527</timestamp>
			</report>
			<report>
				<misses>1725001</misses>
				<total>10</total>
				<timestamp>465.285241</timestamp>
			</report>
			<report>
				<misses>1726001</misses>
				<total>10</total>
				<timestamp>465.554983</timestamp>
			</report>
			<report>
				<misses>1727001</misses>
				<total>9</total>
				<timestamp>465.824798</timestamp>
			</report>
			<report>
				<misses>1728001</misses>
				<total>9</total>
				<timestamp>466.094588</timestamp>
			</report>
			<report>
				<misses>1729001</misses>
				<total>10</total>
				<timestamp>466.364169</timestamp>
			</report>
			<report>
				<misses>1730001</misses>
				<total>10</total>
				<timestamp>466.633876</timestamp>
			</report>
			<report>
				<misses>1731001</misses>
				<total>10</total>
				<timestamp>466.903678</timestamp>
			</report>
			<report>
				<misses>1732001</misses>
				<total>10</total>
				<timestamp>467.173374</timestamp>
			</report>
			<report>
				<misses>1733001</misses>
				<total>10</total>
				<timestamp>467.443098</timestamp>
			</report>
			<report>
				<misses>1734001</misses>
				<total>10</total>
				<timestamp>467.712810</timestamp>
			</report>
			<report>
				<misses>1735001</misses>
				<total>9</total>
				<timestamp>467.982676</timestamp>
			</report>
			<report>
				<misses>1736001</misses>
				<total>10</total>
				<timestamp>468.252267</timestamp>
			</report>
			<report>
				<misses>1737001</misses>
				<total>10</total>
				<timestamp>468.522012</timestamp>
			</report>
			<report>
				<misses>1738001</misses>
				<total>10</total>
				<timestamp>468.791797</timestamp>
			</report>
			<report>
				<misses>1739001</misses>
				<total>10</total>
				<timestamp>469.061515</timestamp>
			</report>
			<report>
				<misses>1740001</misses>
				<total>10</total>
				<timestamp>469.331193</timestamp>
			</report>
			<report>
				<misses>1741001</misses>
				<total>10</total>
				<timestamp>469.600931</timestamp>
			</report>
			<report>
				<misses>1742001</misses>
				<total>10</total>
				<timestamp>469.870660</timestamp>
			</report>
			<report>
				<misses>1743001</misses>
				<total>9</total>
				<timestamp>470.140532</timestamp>
			</report>
			<report>
				<misses>1744001</misses>
				<total>10</total>
				<timestamp>470.410117</timestamp>
			</report>
			<report>
				<misses>1745001</misses>
				<total>10</total>
				<timestamp>470.679972</timestamp>
			</report>
			<report>
				<misses>1746001</misses>
				<total>9</total>
				<timestamp>470.949691</timestamp>
			</report>
			<report>
				<misses>1747001</misses>
				<total>10</total>
				<timestamp>471.219425</timestamp>
			</report>
			<report>
				<misses>1748001</misses>
				<total>10</total>
				<timestamp>471.489032</timestamp>
			</report>
			<report>
				<misses>1749001</misses>
				<total>10</total>
				<timestamp>471.758754</timestamp>
			</report>
			<report>
				<misses>1750001</misses>
				<total>10</total>
				<timestamp>472.028568</timestamp>
			</report>
			<report>
				<misses>1751001</misses>
				<total>10</total>
				<timestamp>472.298220</timestamp>
			</report>
			<report>
				<misses>1752001</misses>
				<total>10</total>
				<timestamp>472.567935</timestamp>
			</report>
			<report>
				<misses>1753001</misses>
				<total>9</total>
				<timestamp>472.837782</timestamp>
			</report>
			<report>
				<misses>1754001</misses>
				<total>9</total>
				<timestamp>473.107500</timestamp>
			</report>
			<report>
				<misses>1755001</misses>
				<total>10</total>
				<timestamp>473.377143</timestamp>
			</report>
			<report>
				<misses>1756001</misses>
				<total>10</total>
				<timestamp>473.646875</timestamp>
			</report>
			<report>
				<misses>1757001</misses>
				<total>10</total>
				<timestamp>473.916594</timestamp>
			</report>
			<report>
				<misses>1758001</misses>
				<total>10</total>
				<timestamp>474.186346</timestamp>
			</report>
			<report>
				<misses>1759001</misses>
				<total>10</total>
				<timestamp>474.456059</timestamp>
			</report>
			<report>
				<misses>1760001</misses>
				<total>10</total>
				<timestamp>474.725805</timestamp>
			</report>
			<report>
				<misses>1761001</misses>
				<total>10</total>
				<timestamp>474.995549</timestamp>
			</report>
			<report>
				<misses>1762001</misses>
				<total>10</total>
				<timestamp>475.265254</timestamp>
			</report>
			<report>
				<misses>1763001</misses>
				<total>10</total>
				<timestamp>475.534972</timestamp>
			</report>
			<report>
				<misses>1764001</misses>
				<total>10</total>
				<timestamp>475.804738</timestamp>
			</report>
			<report>
				<misses>1765001</misses>
				<total>10</total>
				<timestamp>476.074517</timestamp>
			</report>
			<report>
				<misses>1766001</misses>
				<total>10</total>
				<timestamp>476.344204</timestamp>
			</report>
			<report>
				<misses>1767001</misses>
				<total>11</total>
				<timestamp>476.613910</timestamp>
			</report>
			<report>
				<misses>1768001</misses>
				<total>10</total>
				<timestamp>476.883728</timestamp>
			</report>
			<report>
				<misses>1769001</misses>
				<total>10</total>
				<timestamp>477.153490</timestamp>
			</report>
			<report>
				<misses>1770001</misses>
				<total>11</total>
				<timestamp>477.423096</timestamp>
			</report>
			<report>
				<misses>1771001</misses>
				<total>11</total>
				<timestamp>477.692825</timestamp>
			</report>
			<report>
				<misses>1772001</misses>
				<total>11</total>
				<timestamp>477.962569</timestamp>
			</report>
			<report>
				<misses>1773001</misses>
				<total>11</total>
				<timestamp>478.232265</timestamp>
			</report>
			<report>
				<misses>1774001</misses>
				<total>11</total>
				<timestamp>478.501993</timestamp>
			</report>
			<report>
				<misses>1775001</misses>
				<total>11</total>
				<timestamp>478.771723</timestamp>
			</report>
			<report>
				<misses>1776001</misses>
				<total>10</total>
				<timestamp>479.041613</timestamp>
			</report>
			<report>
				<misses>1777001</misses>
				<total>11</total>
				<timestamp>479.311210</timestamp>
			</report>
			<report>
				<misses>1778001</misses>
				<total>11</total>
				<timestamp>479.580927</timestamp>
			</report>
			<report>
				<misses>1779001</misses>
				<total>11</total>
				<timestamp>479.850719</timestamp>
			</report>
			<report>
				<misses>1780001</misses>
				<total>10</total>
				<timestamp>480.120515</timestamp>
			</report>
			<report>
				<misses>1781001</misses>
				<total>11</total>
				<timestamp>480.390117</timestamp>
			</report>
			<report>
				<misses>1782001</misses>
				<total>11</total>
				<timestamp>480.659872</timestamp>
			</report>
			<report>
				<misses>1783001</misses>
				<total>11</total>
				<timestamp>480.929617</timestamp>
			</report>
			<report>
				<misses>1784001</misses>
				<total>11</total>
				<timestamp>481.199292</timestamp>
			</report>
			<report>
				<misses>1785001</misses>
				<total>11</total>
				<timestamp>481.469034</timestamp>
			</report>
			<report>
				<misses>1786001</misses>
				<total>11</total>
				<timestamp>481.738792</timestamp>
			</report>
			<report>
				<misses>1787001</misses>
				<total>11</total>
				<timestamp>482.008518</timestamp>
			</report>
			<report>
				<misses>1788001</misses>
				<total>11</total>
				<timestamp>482.278232</timestamp>
			</report>
			<report>
				<misses>1789001</misses>
				<total>11</total>
				<timestamp>482.547963</timestamp>
			</report>
			<report>
				<misses>1790001</misses>
				<total>11</total>
				<timestamp>482.817728</timestamp>
			</report>
			<report>
				<misses>1791001</misses>
				<total>11</total>
				<timestamp>483.087458</timestamp>
			</report>
			<report>
				<misses>1792001</misses>
				<total>11</total>
				<timestamp>483.357152</timestamp>
			</report>
			<report>
				<misses>1793001</misses>
				<total>11</total>
				<timestamp>483.626873</timestamp>
			</report>
			<report>
				<misses>1794001</misses>
				<total>10</total>
				<timestamp>483.896712</timestamp>
			</report>
			<report>
				<misses>1795001</misses>
				<total>11</total>
				<timestamp>484.166384</timestamp>
			</report>
			<report>
				<misses>1796001</misses>
				<total>10</total>
				<timestamp>484.436181</timestamp>
			</report>
			<report>
				<misses>1797001</misses>
				<total>11</total>
				<timestamp>484.705809</timestamp>
			</report>
			<report>
				<misses>1798001</misses>
				<total>11</total>
				<timestamp>484.975564</timestamp>
			</report>
			<report>
				<misses>1799001</misses>
				<total>11</total>
				<timestamp>485.245248</timestamp>
			</report>
			<report>
				<misses>1800001</misses>
				<total>11</total>
				<timestamp>485.514985</timestamp>
			</report>
			<report>
				<misses>1801001</misses>
				<total>11</total>
				<timestamp>485.784701</timestamp>
			</report>
			<report>
				<misses>1802001</misses>
				<total>10</total>
				<timestamp>486.054557</timestamp>
			</report>
			<report>
				<misses>1803001</misses>
				<total>11</total>
				<timestamp>486.324187</timestamp>
			</report>
			<report>
				<misses>1804001</misses>
				<total>11</total>
				<timestamp>486.593904</timestamp>
			</report>
			<report>
				<misses>1805001</misses>
				<total>11</total>
				<timestamp>486.863677</timestamp>
			</report>
			<report>
				<misses>1806001</misses>
				<total>10</total>
				<timestamp>487.133540</timestamp>
			</report>
			<report>
				<misses>1807001</misses>
				<total>11</total>
				<timestamp>487.403096</timestamp>
			</report>
			<report>
				<misses>1808001</misses>
				<total>11</total>
				<timestamp>487.672818</timestamp>
			</report>
			<report>
				<misses>1809001</misses>
				<total>11</total>
				<timestamp>487.942560</timestamp>
			</report>
			<report>
				<misses>1810001</misses>
				<total>10</total>
				<timestamp>488.212433</timestamp>
			</report>
			<report>
				<misses>1811001</misses>
				<total>11</total>
				<timestamp>488.482033</timestamp>
			</report>
			<report>
				<misses>1812001</misses>
				<total>11</total>
				<timestamp>488.751752</timestamp>
			</report>
			<report>
				<misses>1813001</misses>
				<total>11</total>
				<timestamp>489.021533</timestamp>
			</report>
			<report>
				<misses>1814001</misses>
				<total>11</total>
				<timestamp>489.291213</timestamp>
			</report>
			<report>
				<misses>1815001</misses>
				<total>11</total>
				<timestamp>489.560938</timestamp>
			</report>
			<report>
				<misses>1816001</misses>
				<total>10</total>
				<timestamp>489.830763</timestamp>
			</report>
			<report>
				<misses>1817001</misses>
				<total>11</total>
				<timestamp>490.100445</timestamp>
			</report>
			<report>
				<misses>1818001</misses>
				<total>11</total>
				<timestamp>490.370127</timestamp>
			</report>
			<report>
				<misses>1819001</misses>
				<total>11</total>
				<timestamp>490.639851</timestamp>
			</report>
			<report>
				<misses>1820001</misses>
				<total>11</total>
				<timestamp>490.909587</timestamp>
			</report>
			<report>
				<misses>1821001</misses>
				<total>10</total>
				<timestamp>491.179428</timestamp>
			</report>
			<report>
				<misses>1822001</misses>
				<total>11</total>
				<timestamp>491.449048</timestamp>
			</report>
			<report>
				<misses>1823001</misses>
				<total>11</total>
				<timestamp>491.718766</timestamp>
			</report>
			<report>
				<misses>1824001</misses>
				<total>11</total>
				<timestamp>491.988502</timestamp>
			</report>
			<report>
				<misses>1825001</misses>
				<total>11</total>
				<timestamp>492.258254</timestamp>
			</report>
			<report>
				<misses>1826001</misses>
				<total>11</total>
				<timestamp>492.527954</timestamp>
			</report>
			<report>
				<misses>1827001</misses>
				<total>11</total>
				<timestamp>492.797696</timestamp>
			</report>
			<report>
				<misses>1828001</misses>
				<total>11</total>
				<timestamp>493.067464</timestamp>
			</report>
			<report>
				<misses>1829001</misses>
				<total>11</total>
				<timestamp>493.337161</timestamp>
			</report>
			<report>
				<misses>1830001</misses>
				<total>11</total>
				<timestamp>493.606886</timestamp>
			</report>
			<report>
				<misses>1831001</misses>
				<total>11</total>
				<timestamp>493.876657</timestamp>
			</report>
			<report>
				<misses>1832001</misses>
				<total>10</total>
				<timestamp>494.146495</timestamp>
			</report>
			<report>
				<misses>1833001</misses>
				<total>11</total>
				<timestamp>494.416083</timestamp>
			</report>
			<report>
				<misses>1834001</misses>
				<total>11</total>
				<timestamp>494.685794</timestamp>
			</report>
			<report>
				<misses>1835001</misses>
				<total>10</total>
				<timestamp>494.955623</timestamp>
			</report>
			<report>
				<misses>1836001</misses>
				<total>10</total>
				<timestamp>495.225396</timestamp>
			</report>
			<report>
				<misses>1837001</misses>
				<total>11</total>
				<timestamp>495.494983</timestamp>
			</report>
			<report>
				<misses>1838001</misses>
				<total>11</total>
				<timestamp>495.764732</timestamp>
			</report>
			<report>
				<misses>1839001</misses>
				<total>11</total>
				<timestamp>496.034491</timestamp>
			</report>
			<report>
				<misses>1840001</misses>
				<total>11</total>
				<timestamp>496.304192</timestamp>
			</report>
			<report>
				<misses>1841001</misses>
				<total>11</total>
				<timestamp>496.573913</timestamp>
			</report>
			<report>
				<misses>1842001</misses>
				<total>11</total>
				<timestamp>496.843644</timestamp>
			</report>
			<report>
				<misses>1843001</misses>
				<total>10</total>
				<timestamp>497.113492</timestamp>
			</report>
			<report>
				<misses>1844001</misses>
				<total>11</total>
				<timestamp>497.383113</timestamp>
			</report>
			<report>
				<misses>1845001</misses>
				<total>11</total>
				<timestamp>497.652849</timestamp>
			</report>
			<report>
				<misses>1846001</misses>
				<total>11</total>
				<timestamp>497.922595</timestamp>
			</report>
			<report>
				<misses>1847001</misses>
				<total>10</total>
				<timestamp>498.192476</timestamp>
			</report>
			<report>
				<misses>1848001</misses>
				<total>11</total>
				<timestamp>498.462038</timestamp>
			</report>
			<report>
				<misses>1849001</misses>
				<total>11</total>
				<timestamp>498.731752</timestamp>
			</report>
			<report>
				<misses>1850001</misses>
				<total>10</total>
				<timestamp>499.001600</timestamp>
			</report>
			<report>
				<misses>1851001</misses>
				<total>11</total>
				<timestamp>499.271217</timestamp>
			</report>
			<report>
				<misses>1852001</misses>
				<total>11</total>
				<timestamp>499.540948</timestamp>
			</report>
			<report>
				<misses>1853001</misses>
				<total>11</total>
				<timestamp>499.810681</timestamp>
			</report>
			<report>
				<misses>1854001</misses>
				<total>11</total>
				<timestamp>500.080480</timestamp>
			</report>
			<report>
				<misses>1855001</misses>
				<total>11</total>
				<timestamp>500.350128</timestamp>
			</report>
			<report>
				<misses>1856001</misses>
				<total>11</total>
				<timestamp>500.619872</timestamp>
			</report>
			<report>
				<misses>1857001</misses>
				<total>11</total>
				<timestamp>500.889620</timestamp>
			</report>
			<report>
				<misses>1858001</misses>
				<total>11</total>
				<timestamp>501.159367</timestamp>
			</report>
			<report>
				<misses>1859001</misses>
				<total>11</total>
				<timestamp>501.429056</timestamp>
			</report>
			<report>
				<misses>1860001</misses>
				<total>11</total>
				<timestamp>501.698794</timestamp>
			</report>
			<report>
				<misses>1861001</misses>
				<total>11</total>
				<timestamp>501.968537</timestamp>
			</report>
			<report>
				<misses>1862001</misses>
				<total>11</total>
				<timestamp>502.238325</timestamp>
			</report>
			<report>
				<misses>1863001</misses>
				<total>11</total>
				<timestamp>502.507984</timestamp>
			</report>
			<report>
				<misses>1864001</misses>
				<total>11</total>
				<timestamp>502.777718</timestamp>
			</report>
			<report>
				<misses>1865001</misses>
				<total>10</total>
				<timestamp>503.047587</timestamp>
			</report>
			<report>
				<misses>1866001</misses>
				<total>11</total>
				<timestamp>503.317157</timestamp>
			</report>
			<report>
				<misses>1867001</misses>
				<total>11</total>
				<timestamp>503.586891</timestamp>
			</report>
			<report>
				<misses>1868001</misses>
				<total>11</total>
				<timestamp>503.856629</timestamp>
			</report>
			<report>
				<misses>1869001</misses>
				<total>10</total>
				<timestamp>504.126494</timestamp>
			</report>
			<report>
				<misses>1870001</misses>
				<total>11</total>
				<timestamp>504.396094</timestamp>
			</report>
			<report>
				<misses>1871001</misses>
				<total>11</total>
				<timestamp>504.665808</timestamp>
			</report>
			<report>
				<misses>1872001</misses>
				<total>11</total>
				<timestamp>504.935589</timestamp>
			</report>
			<report>
				<misses>1873001</misses>
				<total>11</total>
				<timestamp>505.205327</timestamp>
			</report>
			<report>
				<misses>1874001</misses>
				<total>11</total>
				<timestamp>505.475011</timestamp>
			</report>
			<report>
				<misses>1875001</misses>
				<total>11</total>
				<timestamp>505.744740</timestamp>
			</report>
			<report>
				<misses>1876001</misses>
				<total>10</total>
				<timestamp>506.014586</timestamp>
			</report>
			<report>
				<misses>1877001</misses>
				<total>10</total>
				<timestamp>506.284316</timestamp>
			</report>
			<report>
				<misses>1878001</misses>
				<total>11</total>
				<timestamp>506.553945</timestamp>
			</report>
			<report>
				<misses>1879001</misses>
				<total>11</total>
				<timestamp>506.823672</timestamp>
			</report>
			<report>
				<misses>1880001</misses>
				<total>11</total>
				<timestamp>507.093429</timestamp>
			</report>
			<report>
				<misses>1881001</misses>
				<total>11</total>
				<timestamp>507.363115</timestamp>
			</report>
			<report>
				<misses>1882001</misses>
				<total>11</total>
				<timestamp>507.632866</timestamp>
			</report>
			<report>
				<misses>1883001</misses>
				<total>11</total>
				<timestamp>507.902568</timestamp>
			</report>
			<report>
				<misses>1884001</misses>
				<total>11</total>
				<timestamp>508.172336</timestamp>
			</report>
			<report>
				<misses>1885001</misses>
				<total>11</total>
				<timestamp>508.442064</timestamp>
			</report>
			<report>
				<misses>1886001</misses>
				<total>11</total>
				<timestamp>508.711757</timestamp>
			</report>
			<report>
				<misses>1887001</misses>
				<total>11</total>
				<timestamp>508.981522</timestamp>
			</report>
			<report>
				<misses>1888001</misses>
				<total>11</total>
				<timestamp>509.251307</timestamp>
			</report>
			<report>
				<misses>1889001</misses>
				<total>11</total>
				<timestamp>509.520998</timestamp>
			</report>
			<report>
				<misses>1890001</misses>
				<total>11</total>
				<timestamp>509.790689</timestamp>
			</report>
			<report>
				<misses>1891001</misses>
				<total>10</total>
				<timestamp>510.060521</timestamp>
			</report>
			<report>
				<misses>1892001</misses>
				<total>10</total>
				<timestamp>510.330277</timestamp>
			</report>
			<report>
				<misses>1893001</misses>
				<total>11</total>
				<timestamp>510.599874</timestamp>
			</report>
			<report>
				<misses>1894001</misses>
				<total>11</total>
				<timestamp>510.869597</timestamp>
			</report>
			<report>
				<misses>1895001</misses>
				<total>11</total>
				<timestamp>511.139398</timestamp>
			</report>
			<report>
				<misses>1896001</misses>
				<total>11</total>
				<timestamp>511.409059</timestamp>
			</report>
			<report>
				<misses>1897001</misses>
				<total>11</total>
				<timestamp>511.678808</timestamp>
			</report>
			<report>
				<misses>1898001</misses>
				<total>11</total>
				<timestamp>511.948521</timestamp>
			</report>
			<report>
				<misses>1899001</misses>
				<total>11</total>
				<timestamp>512.218298</timestamp>
			</report>
			<report>
				<misses>1900001</misses>
				<total>11</total>
				<timestamp>512.487984</timestamp>
			</report>
			<report>
				<misses>1901001</misses>
				<total>11</total>
				<timestamp>512.757751</timestamp>
			</report>
			<report>
				<misses>1902001</misses>
				<total>11</total>
				<timestamp>513.027497</timestamp>
			</report>
			<report>
				<misses>1903001</misses>
				<total>10</total>
				<timestamp>513.297281</timestamp>
			</report>
			<report>
				<misses>1904001</misses>
				<total>11</total>
				<timestamp>513.566912</timestamp>
			</report>
			<report>
				<misses>1905001</misses>
				<total>11</total>
				<timestamp>513.836614</timestamp>
			</report>
			<report>
				<misses>1906001</misses>
				<total>11</total>
				<timestamp>514.106372</timestamp>
			</report>
			<report>
				<misses>1907001</misses>
				<total>10</total>
				<timestamp>514.376250</timestamp>
			</report>
			<report>
				<misses>1908001</misses>
				<total>11</total>
				<timestamp>514.645844</timestamp>
			</report>
			<report>
				<misses>1909001</misses>
				<total>11</total>
				<timestamp>514.915557</timestamp>
			</report>
			<report>
				<misses>1910001</misses>
				<total>10</total>
				<timestamp>515.185381</timestamp>
			</report>
			<report>
				<misses>1911001</misses>
				<total>11</total>
				<timestamp>515.455027</timestamp>
			</report>
			<report>
				<misses>1912001</misses>
				<total>11</total>
				<timestamp>515.724746</timestamp>
			</report>
			<report>
				<misses>1913001</misses>
				<total>12</total>
				<timestamp>515.994486</timestamp>
			</report>
			<report>
				<misses>1914001</misses>
				<total>11</total>
				<timestamp>516.264372</timestamp>
			</report>
			<report>
				<misses>1915001</misses>
				<total>12</total>
				<timestamp>516.533942</timestamp>
			</report>
			<report>
				<misses>1916001</misses>
				<total>12</total>
				<timestamp>516.803668</timestamp>
			</report>
			<report>
				<misses>1917001</misses>
				<total>12</total>
				<timestamp>517.073408</timestamp>
			</report>
			<report>
				<misses>1918001</misses>
				<total>11</total>
				<timestamp>517.343238</timestamp>
			</report>
			<report>
				<misses>1919001</misses>
				<total>12</total>
				<timestamp>517.612860</timestamp>
			</report>
			<report>
				<misses>1920001</misses>
				<total>12</total>
				<timestamp>517.882589</timestamp>
			</report>
			<report>
				<misses>1921001</misses>
				<total>12</total>
				<timestamp>518.152365</timestamp>
			</report>
			<report>
				<misses>1922001</misses>
				<total>12</total>
				<timestamp>518.422048</timestamp>
			</report>
			<report>
				<misses>1923001</misses>
				<total>12</total>
				<timestamp>518.691773</timestamp>
			</report>
			<report>
				<misses>1924001</misses>
				<total>12</total>
				<timestamp>518.961518</timestamp>
			</report>
			<report>
				<misses>1925001</misses>
				<total>12</total>
				<timestamp>519.231243</timestamp>
			</report>
			<report>
				<misses>1926001</misses>
				<total>12</total>
				<timestamp>519.500971</timestamp>
			</report>
			<report>
				<misses>1927001</misses>
				<total>12</total>
				<timestamp>519.770704</timestamp>
			</report>
			<report>
				<misses>1928001</misses>
				<total>12</total>
				<timestamp>520.040464</timestamp>
			</report>
			<report>
				<misses>1929001</misses>
				<total>12</total>
				<timestamp>520.310230</timestamp>
			</report>
			<report>
				<misses>1930001</misses>
				<total>12</total>
				<timestamp>520.579886</timestamp>
			</report>
			<report>
				<misses>1931001</misses>
				<total>12</total>
				<timestamp>520.849632</timestamp>
			</report>
			<report>
				<misses>1932001</misses>
				<total>11</total>
				<timestamp>521.119460</timestamp>
			</report>
			<report>
				<misses>1933001</misses>
				<total>12</total>
				<timestamp>521.389072</timestamp>
			</report>
			<report>
				<misses>1934001</misses>
				<total>12</total>
				<timestamp>521.658806</timestamp>
			</report>
			<report>
				<misses>1935001</misses>
				<total>12</total>
				<timestamp>521.928532</timestamp>
			</report>
			<report>
				<misses>1936001</misses>
				<total>12</total>
				<timestamp>522.198334</timestamp>
			</report>
			<report>
				<misses>1937001</misses>
				<total>12</total>
				<timestamp>522.468062</timestamp>
			</report>
			<report>
				<misses>1938001</misses>
				<total>12</total>
				<timestamp>522.737735</timestamp>
			</report>
			<report>
				<misses>1939001</misses>
				<total>12</total>
				<timestamp>523.007472</timestamp>
			</report>
			<report>
				<misses>1940001</misses>
				<total>12</total>
				<timestamp>523.277222</timestamp>
			</report>
			<report>
				<misses>1941001</misses>
				<total>12</total>
				<timestamp>523.546959</timestamp>
			</report>
			<report>
				<misses>1942001</misses>
				<total>12</total>
				<timestamp>523.816683</timestamp>
			</report>
			<report>
				<misses>1943001</misses>
				<total>12</total>
				<timestamp>524.086456</timestamp>
			</report>
			<report>
				<misses>1944001</misses>
				<total>11</total>
				<timestamp>524.356228</timestamp>
			</report>
			<report>
				<misses>1945001</misses>
				<total>12</total>
				<timestamp>524.625853</timestamp>
			</report>
			<report>
				<misses>1946001</misses>
				<total>17</total>
				<timestamp>524.895567</timestamp>
			</report>
			<report>
				<misses>1947001</misses>
				<total>17</total>
				<timestamp>525.165327</timestamp>
			</report>
			<report>
				<misses>1948001</misses>
				<total>17</total>
				<timestamp>525.435052</timestamp>
			</report>
			<report>
				<misses>1949001</misses>
				<total>17</total>
				<timestamp>525.704756</timestamp>
			</report>
			<report>
				<misses>1950001</misses>
				<total>17</total>
				<timestamp>525.974482</timestamp>
			</report>
			<report>
				<misses>1951001</misses>
				<total>16</total>
				<timestamp>526.244311</timestamp>
			</report>
			<report>
				<misses>1952001</misses>
				<total>17</total>
				<timestamp>526.513944</timestamp>
			</report>
			<report>
				<misses>1953001</misses>
				<total>17</total>
				<timestamp>526.783681</timestamp>
			</report>
			<report>
				<misses>1954001</misses>
				<total>17</total>
				<timestamp>527.053546</timestamp>
			</report>
			<report>
				<misses>1955001</misses>
				<total>17</total>
				<timestamp>527.323262</timestamp>
			</report>
			<report>
				<misses>1956001</misses>
				<total>17</total>
				<timestamp>527.592993</timestamp>
			</report>
			<report>
				<misses>1957001</misses>
				<total>17</total>
				<timestamp>527.862725</timestamp>
			</report>
			<report>
				<misses>1958001</misses>
				<total>17</total>
				<timestamp>528.132456</timestamp>
			</report>
			<report>
				<misses>1959001</misses>
				<total>17</total>
				<timestamp>528.402181</timestamp>
			</report>
			<report>
				<misses>1960001</misses>
				<total>17</total>
				<timestamp>528.671919</timestamp>
			</report>
			<report>
				<misses>1961001</misses>
				<total>17</total>
				<timestamp>528.941642</timestamp>
			</report>
			<report>
				<misses>1962001</misses>
				<total>17</total>
				<timestamp>529.211376</timestamp>
			</report>
			<report>
				<misses>1963001</misses>
				<total>17</total>
				<timestamp>529.480980</timestamp>
			</report>
			<report>
				<misses>1964001</misses>
				<total>17</total>
				<timestamp>529.750710</timestamp>
			</report>
			<report>
				<misses>1965001</misses>
				<total>17</total>
				<timestamp>530.020464</timestamp>
			</report>
			<report>
				<misses>1966001</misses>
				<total>17</total>
				<timestamp>530.290173</timestamp>
			</report>
			<report>
				<misses>1967001</misses>
				<total>17</total>
				<timestamp>530.559896</timestamp>
			</report>
			<report>
				<misses>1968001</misses>
				<total>17</total>
				<timestamp>530.829636</timestamp>
			</report>
			<report>
				<misses>1969001</misses>
				<total>17</total>
				<timestamp>531.099394</timestamp>
			</report>
			<report>
				<misses>1970001</misses>
				<total>17</total>
				<timestamp>531.369111</timestamp>
			</report>
			<report>
				<misses>1971001</misses>
				<total>17</total>
				<timestamp>531.638816</timestamp>
			</report>
			<report>
				<misses>1972001</misses>
				<total>17</total>
				<timestamp>531.908552</timestamp>
			</report>
			<report>
				<misses>1973001</misses>
				<total>16</total>
				<timestamp>532.178395</timestamp>
			</report>
			<report>
				<misses>1974001</misses>
				<total>17</total>
				<timestamp>532.448005</timestamp>
			</report>
			<report>
				<misses>1975001</misses>
				<total>17</total>
				<timestamp>532.717747</timestamp>
			</report>
			<report>
				<misses>1976001</misses>
				<total>17</total>
				<timestamp>532.987472</timestamp>
			</report>
			<report>
				<misses>1977001</misses>
				<total>17</total>
				<timestamp>533.257277</timestamp>
			</report>
			<report>
				<misses>1978001</misses>
				<total>17</total>
				<timestamp>533.526916</timestamp>
			</report>
			<report>
				<misses>1979001</misses>
				<total>17</total>
				<timestamp>533.796655</timestamp>
			</report>
			<report>
				<misses>1980001</misses>
				<total>17</total>
				<timestamp>534.066396</timestamp>
			</report>
			<report>
				<misses>1981001</misses>
				<total>16</total>
				<timestamp>534.336264</timestamp>
			</report>
			<report>
				<misses>1982001</misses>
				<total>17</total>
				<timestamp>534.605861</timestamp>
			</report>
			<report>
				<misses>1983001</misses>
				<total>17</total>
				<timestamp>534.875581</timestamp>
			</report>
			<report>
				<misses>1984001</misses>
				<total>17</total>
				<timestamp>535.145364</timestamp>
			</report>
			<report>
				<misses>1985001</misses>
				<total>16</total>
				<timestamp>535.415142</timestamp>
			</report>
			<report>
				<misses>1986001</misses>
				<total>17</total>
				<timestamp>535.684828</timestamp>
			</report>
			<report>
				<misses>1987001</misses>
				<total>17</total>
				<timestamp>535.954500</timestamp>
			</report>
			<report>
				<misses>1988001</misses>
				<total>16</total>
				<timestamp>536.224346</timestamp>
			</report>
			<report>
				<misses>1989001</misses>
				<total>17</total>
				<timestamp>536.493956</timestamp>
			</report>
			<report>
				<misses>1990001</misses>
				<total>17</total>
				<timestamp>536.763693</timestamp>
			</report>
			<report>
				<misses>1991001</misses>
				<total>17</total>
				<timestamp>537.033415</timestamp>
			</report>
			<report>
				<misses>1992001</misses>
				<total>16</total>
				<timestamp>537.303231</timestamp>
			</report>
			<report>
				<misses>1993001</misses>
				<total>17</total>
				<timestamp>537.572885</timestamp>
			</report>
			<report>
				<misses>1994001</misses>
				<total>17</total>
				<timestamp>537.842611</timestamp>
			</report>
			<report>
				<misses>1995001</misses>
				<total>17</total>
				<timestamp>538.112351</timestamp>
			</report>
			<report>
				<misses>1996001</misses>
				<total>17</total>
				<timestamp>538.382159</timestamp>
			</report>
			<report>
				<misses>1997001</misses>
				<total>17</total>
				<timestamp>538.651811</timestamp>
			</report>
			<report>
				<misses>1998001</misses>
				<total>17</total>
				<timestamp>538.921552</timestamp>
			</report>
			<report>
				<misses>1999001</misses>
				<total>16</total>
				<timestamp>539.191347</timestamp>
			</report>
			<report>
				<misses>2000001</misses>
				<total>16</total>
				<timestamp>539.461110</timestamp>
			</report>
			<report>
				<misses>2001001</misses>
				<total>17</total>
				<timestamp>539.730705</timestamp>
			</report>
			<report>
				<misses>2002001</misses>
				<total>17</total>
				<timestamp>540.000455</timestamp>
			</report>
			<report>
				<misses>2003001</misses>
				<total>17</total>
				<timestamp>540.270210</timestamp>
			</report>
			<report>
				<misses>2004001</misses>
				<total>17</total>
				<timestamp>540.539946</timestamp>
			</report>
			<report>
				<misses>2005001</misses>
				<total>17</total>
				<timestamp>540.809635</timestamp>
			</report>
			<report>
				<misses>2006001</misses>
				<total>17</total>
				<timestamp>541.079418</timestamp>
			</report>
			<report>
				<misses>2007001</misses>
				<total>16</total>
				<timestamp>541.349202</timestamp>
			</report>
			<report>
				<misses>2008001</misses>
				<total>17</total>
				<timestamp>541.618818</timestamp>
			</report>
			<report>
				<misses>2009001</misses>
				<total>17</total>
				<timestamp>541.888561</timestamp>
			</report>
			<report>
				<misses>2010001</misses>
				<total>17</total>
				<timestamp>542.158335</timestamp>
			</report>
			<report>
				<misses>2011001</misses>
				<total>17</total>
				<timestamp>542.428086</timestamp>
			</report>
			<report>
				<misses>2012001</misses>
				<total>17</total>
				<timestamp>542.697740</timestamp>
			</report>
			<report>
				<misses>2013001</misses>
				<total>17</total>
				<timestamp>542.967489</timestamp>
			</report>
			<report>
				<misses>2014001</misses>
				<total>16</total>
				<timestamp>543.237331</timestamp>
			</report>
			<report>
				<misses>2015001</misses>
				<total>17</total>
				<timestamp>543.506942</timestamp>
			</report>
			<report>
				<misses>2016001</misses>
				<total>17</total>
				<timestamp>543.776667</timestamp>
			</report>
			<report>
				<misses>2017001</misses>
				<total>17</total>
				<timestamp>544.046405</timestamp>
			</report>
			<report>
				<misses>2018001</misses>
				<total>17</total>
				<timestamp>544.316174</timestamp>
			</report>
			<report>
				<misses>2019001</misses>
				<total>17</total>
				<timestamp>544.585861</timestamp>
			</report>
			<report>
				<misses>2020001</misses>
				<total>17</total>
				<timestamp>544.855586</timestamp>
			</report>
			<report>
				<misses>2021001</misses>
				<total>17</total>
				<timestamp>545.125339</timestamp>
			</report>
			<report>
				<misses>2022001</misses>
				<total>17</total>
				<timestamp>545.395061</timestamp>
			</report>
			<report>
				<misses>2023001</misses>
				<total>17</total>
				<timestamp>545.664772</timestamp>
			</report>
			<report>
				<misses>2024001</misses>
				<total>17</total>
				<timestamp>545.934545</timestamp>
			</report>
			<report>
				<misses>2025001</misses>
				<total>16</total>
				<timestamp>546.204341</timestamp>
			</report>
			<report>
				<misses>2026001</misses>
				<total>17</total>
				<timestamp>546.474047</timestamp>
			</report>
			<report>
				<misses>2027001</misses>
				<total>17</total>
				<timestamp>546.743704</timestamp>
			</report>
			<report>
				<misses>2028001</misses>
				<total>17</total>
				<timestamp>547.013453</timestamp>
			</report>
			<report>
				<misses>2029001</misses>
				<total>17</total>
				<timestamp>547.283171</timestamp>
			</report>
			<report>
				<misses>2030001</misses>
				<total>17</total>
				<timestamp>547.552891</timestamp>
			</report>
			<report>
				<misses>2031001</misses>
				<total>17</total>
				<timestamp>547.822611</timestamp>
			</report>
			<report>
				<misses>2032001</misses>
				<total>17</total>
				<timestamp>548.092352</timestamp>
			</report>
			<report>
				<misses>2033001</misses>
				<total>17</total>
				<timestamp>548.362133</timestamp>
			</report>
			<report>
				<misses>2034001</misses>
				<total>17</total>
				<timestamp>548.631813</timestamp>
			</report>
			<report>
				<misses>2035001</misses>
				<total>17</total>
				<timestamp>548.901533</timestamp>
			</report>
			<report>
				<misses>2036001</misses>
				<total>17</total>
				<timestamp>549.171284</timestamp>
			</report>
			<report>
				<misses>2037001</misses>
				<total>17</total>
				<timestamp>549.441078</timestamp>
			</report>
			<report>
				<misses>2038001</misses>
				<total>17</total>
				<timestamp>549.710713</timestamp>
			</report>
			<report>
				<misses>2039001</misses>
				<total>17</total>
				<timestamp>549.980476</timestamp>
			</report>
			<report>
				<misses>2040001</misses>
				<total>17</total>
				<timestamp>550.250183</timestamp>
			</report>
			<report>
				<misses>2041001</misses>
				<total>19</total>
				<timestamp>550.519993</timestamp>
			</report>
			<report>
				<misses>2042001</misses>
				<total>19</total>
				<timestamp>550.789644</timestamp>
			</report>
			<report>
				<misses>2043001</misses>
				<total>19</total>
				<timestamp>551.059388</timestamp>
			</report>
			<report>
				<misses>2044001</misses>
				<total>19</total>
				<timestamp>551.329245</timestamp>
			</report>
			<report>
				<misses>2045001</misses>
				<total>19</total>
				<timestamp>551.598836</timestamp>
			</report>
			<report>
				<misses>2046001</misses>
				<total>19</total>
				<timestamp>551.868569</timestamp>
			</report>
			<report>
				<misses>2047001</misses>
				<total>19</total>
				<timestamp>552.138302</timestamp>
			</report>
			<report>
				<misses>2048001</misses>
				<total>18</total>
				<timestamp>552.408160</timestamp>
			</report>
			<report>
				<misses>2049001</misses>
				<total>19</total>
				<timestamp>552.677750</timestamp>
			</report>
			<report>
				<misses>2050001</misses>
				<total>19</total>
				<timestamp>552.947495</timestamp>
			</report>
			<report>
				<misses>2051001</misses>
				<total>19</total>
				<timestamp>553.217261</timestamp>
			</report>
			<report>
				<misses>2052001</misses>
				<total>19</total>
				<timestamp>553.487033</timestamp>
			</report>
			<report>
				<misses>2053001</misses>
				<total>19</total>
				<timestamp>553.756689</timestamp>
			</report>
			<report>
				<misses>2054001</misses>
				<total>19</total>
				<timestamp>554.026417</timestamp>
			</report>
			<report>
				<misses>2055001</misses>
				<total>18</total>
				<timestamp>554.296256</timestamp>
			</report>
			<report>
				<misses>2056001</misses>
				<total>19</total>
				<timestamp>554.565866</timestamp>
			</report>
			<report>
				<misses>2057001</misses>
				<total>19</total>
				<timestamp>554.835607</timestamp>
			</report>
			<report>
				<misses>2058001</misses>
				<total>19</total>
				<timestamp>555.105324</timestamp>
			</report>
			<report>
				<misses>2059001</misses>
				<total>19</total>
				<timestamp>555.375122</timestamp>
			</report>
			<report>
				<misses>2060001</misses>
				<total>19</total>
				<timestamp>555.644774</timestamp>
			</report>
			<report>
				<misses>2061001</misses>
				<total>19</total>
				<timestamp>555.914527</timestamp>
			</report>
			<report>
				<misses>2062001</misses>
				<total>19</total>
				<timestamp>556.184246</timestamp>
			</report>
			<report>
				<misses>2063001</misses>
				<total>19</total>
				<timestamp>556.454008</timestamp>
			</report>
			<report>
				<misses>2064001</misses>
				<total>19</total>
				<timestamp>556.723693</timestamp>
			</report>
			<report>
				<misses>2065001</misses>
				<total>19</total>
				<timestamp>556.993424</timestamp>
			</report>
			<report>
				<misses>2066001</misses>
				<total>19</total>
				<timestamp>557.263170</timestamp>
			</report>
			<report>
				<misses>2067001</misses>
				<total>18</total>
				<timestamp>557.533006</timestamp>
			</report>
			<report>
				<misses>2068001</misses>
				<total>19</total>
				<timestamp>557.802631</timestamp>
			</report>
			<report>
				<misses>2069001</misses>
				<total>19</total>
				<timestamp>558.072490</timestamp>
			</report>
			<report>
				<misses>2070001</misses>
				<total>19</total>
				<timestamp>558.342218</timestamp>
			</report>
			<report>
				<misses>2071001</misses>
				<total>19</total>
				<timestamp>558.611950</timestamp>
			</report>
			<report>
				<misses>2072001</misses>
				<total>19</total>
				<timestamp>558.881678</timestamp>
			</report>
			<report>
				<misses>2073001</misses>
				<total>19</total>
				<timestamp>559.151281</timestamp>
			</report>
			<report>
				<misses>2074001</misses>
				<total>19</total>
				<timestamp>559.421057</timestamp>
			</report>
			<report>
				<misses>2075001</misses>
				<total>19</total>
				<timestamp>559.690734</timestamp>
			</report>
			<report>
				<misses>2076001</misses>
				<total>19</total>
				<timestamp>559.960598</timestamp>
			</report>
			<report>
				<misses>2077001</misses>
				<total>19</total>
				<timestamp>560.230206</timestamp>
			</report>
			<report>
				<misses>2078001</misses>
				<total>19</total>
				<timestamp>560.500055</timestamp>
			</report>
			<report>
				<misses>2079001</misses>
				<total>19</total>
				<timestamp>560.769659</timestamp>
			</report>
			<report>
				<misses>2080001</misses>
				<total>19</total>
				<timestamp>561.039515</timestamp>
			</report>
			<report>
				<misses>2081001</misses>
				<total>18</total>
				<timestamp>561.309246</timestamp>
			</report>
			<report>
				<misses>2082001</misses>
				<total>18</total>
				<timestamp>561.578973</timestamp>
			</report>
			<report>
				<misses>2083001</misses>
				<total>19</total>
				<timestamp>561.848702</timestamp>
			</report>
			<report>
				<misses>2084001</misses>
				<total>19</total>
				<timestamp>562.118432</timestamp>
			</report>
			<report>
				<misses>2085001</misses>
				<total>19</total>
				<timestamp>562.388163</timestamp>
			</report>
			<report>
				<misses>2086001</misses>
				<total>19</total>
				<timestamp>562.657775</timestamp>
			</report>
			<report>
				<misses>2087001</misses>
				<total>19</total>
				<timestamp>562.927498</timestamp>
			</report>
			<report>
				<misses>2088001</misses>
				<total>19</total>
				<timestamp>563.197229</timestamp>
			</report>
			<report>
				<misses>2089001</misses>
				<total>18</total>
				<timestamp>563.467084</timestamp>
			</report>
			<report>
				<misses>2090001</misses>
				<total>19</total>
				<timestamp>563.736692</timestamp>
			</report>
			<report>
				<misses>2091001</misses>
				<total>19</total>
				<timestamp>564.006424</timestamp>
			</report>
			<report>
				<misses>2092001</misses>
				<total>19</total>
				<timestamp>564.276275</timestamp>
			</report>
			<report>
				<misses>2093001</misses>
				<total>19</total>
				<timestamp>564.546005</timestamp>
			</report>
			<report>
				<misses>2094001</misses>
				<total>19</total>
				<timestamp>564.815736</timestamp>
			</report>
			<report>
				<misses>2095001</misses>
				<total>19</total>
				<timestamp>565.085468</timestamp>
			</report>
			<report>
				<misses>2096001</misses>
				<total>18</total>
				<timestamp>565.355199</timestamp>
			</report>
			<report>
				<misses>2097001</misses>
				<total>19</total>
				<timestamp>565.624802</timestamp>
			</report>
			<report>
				<misses>2098001</misses>
				<total>19</total>
				<timestamp>565.894529</timestamp>
			</report>
			<report>
				<misses>2099001</misses>
				<total>19</total>
				<timestamp>566.164380</timestamp>
			</report>
			<report>
				<misses>2100001</misses>
				<total>19</total>
				<timestamp>566.434121</timestamp>
			</report>
			<report>
				<misses>2101001</misses>
				<total>19</total>
				<timestamp>566.703720</timestamp>
			</report>
			<report>
				<misses>2102001</misses>
				<total>19</total>
				<timestamp>566.973583</timestamp>
			</report>
			<report>
				<misses>2103001</misses>
				<total>19</total>
				<timestamp>567.243178</timestamp>
			</report>
			<report>
				<misses>2104001</misses>
				<total>19</total>
				<timestamp>567.513033</timestamp>
			</report>
			<report>
				<misses>2105001</misses>
				<total>19</total>
				<timestamp>567.782638</timestamp>
			</report>
			<report>
				<misses>2106001</misses>
				<total>19</total>
				<timestamp>568.052368</timestamp>
			</report>
			<report>
				<misses>2107001</misses>
				<total>19</total>
				<timestamp>568.322231</timestamp>
			</report>
			<report>
				<misses>2108001</misses>
				<total>18</total>
				<timestamp>568.591956</timestamp>
			</report>
			<report>
				<misses>2109001</misses>
				<total>19</total>
				<timestamp>568.861566</timestamp>
			</report>
			<report>
				<misses>2110001</misses>
				<total>19</total>
				<timestamp>569.131432</timestamp>
			</report>
			<report>
				<misses>2111001</misses>
				<total>19</total>
				<timestamp>569.401066</timestamp>
			</report>
			<report>
				<misses>2112001</misses>
				<total>19</total>
				<timestamp>569.670754</timestamp>
			</report>
			<report>
				<misses>2113001</misses>
				<total>19</total>
				<timestamp>569.940490</timestamp>
			</report>
			<report>
				<misses>2114001</misses>
				<total>19</total>
				<timestamp>570.210196</timestamp>
			</report>
			<report>
				<misses>2115001</misses>
				<total>18</total>
				<timestamp>570.480034</timestamp>
			</report>
			<report>
				<misses>2116001</misses>
				<total>19</total>
				<timestamp>570.749657</timestamp>
			</report>
			<report>
				<misses>2117001</misses>
				<total>19</total>
				<timestamp>571.019416</timestamp>
			</report>
			<report>
				<misses>2118001</misses>
				<total>19</total>
				<timestamp>571.289165</timestamp>
			</report>
			<report>
				<misses>2119001</misses>
				<total>19</total>
				<timestamp>571.558910</timestamp>
			</report>
			<report>
				<misses>2120001</misses>
				<total>19</total>
				<timestamp>571.828594</timestamp>
			</report>
			<report>
				<misses>2121001</misses>
				<total>19</total>
				<timestamp>572.098323</timestamp>
			</report>
			<report>
				<misses>2122001</misses>
				<total>18</total>
				<timestamp>572.368130</timestamp>
			</report>
			<report>
				<misses>2123001</misses>
				<total>19</total>
				<timestamp>572.637877</timestamp>
			</report>
			<report>
				<misses>2124001</misses>
				<total>19</total>
				<timestamp>572.907518</timestamp>
			</report>
			<report>
				<misses>2125001</misses>
				<total>19</total>
				<timestamp>573.177246</timestamp>
			</report>
			<report>
				<misses>2126001</misses>
				<total>19</total>
				<timestamp>573.447013</timestamp>
			</report>
			<report>
				<misses>2127001</misses>
				<total>19</total>
				<timestamp>573.716716</timestamp>
			</report>
			<report>
				<misses>2128001</misses>
				<total>19</total>
				<timestamp>573.986450</timestamp>
			</report>
			<report>
				<misses>2129001</misses>
				<total>18</total>
				<timestamp>574.256242</timestamp>
			</report>
			<report>
				<misses>2130001</misses>
				<total>19</total>
				<timestamp>574.525904</timestamp>
			</report>
			<report>
				<misses>2131001</misses>
				<total>19</total>
				<timestamp>574.795618</timestamp>
			</report>
			<report>
				<misses>2132001</misses>
				<total>19</total>
				<timestamp>575.065340</timestamp>
			</report>
			<report>
				<misses>2133001</misses>
				<total>19</total>
				<timestamp>575.335089</timestamp>
			</report>
			<report>
				<misses>2134001</misses>
				<total>19</total>
				<timestamp>575.604880</timestamp>
			</report>
			<report>
				<misses>2135001</misses>
				<total>19</total>
				<timestamp>575.874555</timestamp>
			</report>
			<report>
				<misses>2136001</misses>
				<total>19</total>
				<timestamp>576.144282</timestamp>
			</report>
			<report>
				<misses>2137001</misses>
				<total>18</total>
				<timestamp>576.414125</timestamp>
			</report>
			<report>
				<misses>2138001</misses>
				<total>19</total>
				<timestamp>576.683736</timestamp>
			</report>
			<report>
				<misses>2139001</misses>
				<total>19</total>
				<timestamp>576.953492</timestamp>
			</report>
			<report>
				<misses>2140001</misses>
				<total>18</total>
				<timestamp>577.223358</timestamp>
			</report>
			<report>
				<misses>2141001</misses>
				<total>19</total>
				<timestamp>577.492993</timestamp>
			</report>
			<report>
				<misses>2142001</misses>
				<total>19</total>
				<timestamp>577.762654</timestamp>
			</report>
			<report>
				<misses>2143001</misses>
				<total>19</total>
				<timestamp>578.032388</timestamp>
			</report>
			<report>
				<misses>2144001</misses>
				<total>19</total>
				<timestamp>578.302129</timestamp>
			</report>
			<report>
				<misses>2145001</misses>
				<total>19</total>
				<timestamp>578.571863</timestamp>
			</report>
			<report>
				<misses>2146001</misses>
				<total>19</total>
				<timestamp>578.841588</timestamp>
			</report>
			<report>
				<misses>2147001</misses>
				<total>19</total>
				<timestamp>579.111308</timestamp>
			</report>
			<report>
				<misses>2148001</misses>
				<total>19</total>
				<timestamp>579.381041</timestamp>
			</report>
			<report>
				<misses>2149001</misses>
				<total>18</total>
				<timestamp>579.650873</timestamp>
			</report>
			<report>
				<misses>2150001</misses>
				<total>19</total>
				<timestamp>579.920494</timestamp>
			</report>
			<report>
				<misses>2151001</misses>
				<total>19</total>
				<timestamp>580.190243</timestamp>
			</report>
			<report>
				<misses>2152001</misses>
				<total>19</total>
				<timestamp>580.459962</timestamp>
			</report>
			<report>
				<misses>2153001</misses>
				<total>18</total>
				<timestamp>580.729862</timestamp>
			</report>
			<report>
				<misses>2154001</misses>
				<total>19</total>
				<timestamp>580.999429</timestamp>
			</report>
			<report>
				<misses>2155001</misses>
				<total>19</total>
				<timestamp>581.269136</timestamp>
			</report>
			<report>
				<misses>2156001</misses>
				<total>19</total>
				<timestamp>581.538974</timestamp>
			</report>
			<report>
				<misses>2157001</misses>
				<total>19</total>
				<timestamp>581.808611</timestamp>
			</report>
			<report>
				<misses>2158001</misses>
				<total>19</total>
				<timestamp>582.078393</timestamp>
			</report>
			<report>
				<misses>2159001</misses>
				<total>19</total>
				<timestamp>582.348107</timestamp>
			</report>
			<report>
				<misses>2160001</misses>
				<total>19</total>
				<timestamp>582.617862</timestamp>
			</report>
			<report>
				<misses>2161001</misses>
				<total>19</total>
				<timestamp>582.887532</timestamp>
			</report>
			<report>
				<misses>2162001</misses>
				<total>19</total>
				<timestamp>583.157245</timestamp>
			</report>
			<report>
				<misses>2163001</misses>
				<total>19</total>
				<timestamp>583.427015</timestamp>
			</report>
			<report>
				<misses>2164001</misses>
				<total>19</total>
				<timestamp>583.696727</timestamp>
			</report>
			<report>
				<misses>2165001</misses>
				<total>19</total>
				<timestamp>583.966466</timestamp>
			</report>
			<report>
				<misses>2166001</misses>
				<total>19</total>
				<timestamp>584.236190</timestamp>
			</report>
			<report>
				<misses>2167001</misses>
				<total>19</total>
				<timestamp>584.505934</timestamp>
			</report>
			<report>
				<misses>2168001</misses>
				<total>19</total>
				<timestamp>584.775652</timestamp>
			</report>
			<report>
				<misses>2169001</misses>
				<total>19</total>
				<timestamp>585.045394</timestamp>
			</report>
			<report>
				<misses>2170001</misses>
				<total>19</total>
				<timestamp>585.315090</timestamp>
			</report>
			<report>
				<misses>2171001</misses>
				<total>19</total>
				<timestamp>585.584878</timestamp>
			</report>
			<report>
				<misses>2172001</misses>
				<total>19</total>
				<timestamp>585.854547</timestamp>
			</report>
			<report>
				<misses>2173001</misses>
				<total>19</total>
				<timestamp>586.124281</timestamp>
			</report>
			<report>
				<misses>2174001</misses>
				<total>19</total>
				<timestamp>586.394018</timestamp>
			</report>
			<report>
				<misses>2175001</misses>
				<total>18</total>
				<timestamp>586.663846</timestamp>
			</report>
			<report>
				<misses>2176001</misses>
				<total>19</total>
				<timestamp>586.933513</timestamp>
			</report>
			<report>
				<misses>2177001</misses>
				<total>19</total>
				<timestamp>587.203225</timestamp>
			</report>
			<report>
				<misses>2178001</misses>
				<total>18</total>
				<timestamp>587.473043</timestamp>
			</report>
			<report>
				<misses>2179001</misses>
				<total>19</total>
				<timestamp>587.742688</timestamp>
			</report>
			<report>
				<misses>2180001</misses>
				<total>19</total>
				<timestamp>588.012385</timestamp>
			</report>
			<report>
				<misses>2181001</misses>
				<total>19</total>
				<timestamp>588.282133</timestamp>
			</report>
			<report>
				<misses>2182001</misses>
				<total>19</total>
				<timestamp>588.551932</timestamp>
			</report>
			<report>
				<misses>2183001</misses>
				<total>19</total>
				<timestamp>588.821601</timestamp>
			</report>
			<report>
				<misses>2184001</misses>
				<total>19</total>
				<timestamp>589.091347</timestamp>
			</report>
			<report>
				<misses>2185001</misses>
				<total>19</total>
				<timestamp>589.361045</timestamp>
			</report>
			<report>
				<misses>2186001</misses>
				<total>19</total>
				<timestamp>589.630793</timestamp>
			</report>
			<report>
				<misses>2187001</misses>
				<total>19</total>
				<timestamp>589.900505</timestamp>
			</report>
			<report>
				<misses>2188001</misses>
				<total>19</total>
				<timestamp>590.170243</timestamp>
			</report>
			<report>
				<misses>2189001</misses>
				<total>19</total>
				<timestamp>590.439986</timestamp>
			</report>
			<report>
				<misses>2190001</misses>
				<total>18</total>
				<timestamp>590.709802</timestamp>
			</report>
			<report>
				<misses>2191001</misses>
				<total>19</total>
				<timestamp>590.979421</timestamp>
			</report>
			<report>
				<misses>2192001</misses>
				<total>19</total>
				<timestamp>591.249160</timestamp>
			</report>
			<report>
				<misses>2193001</misses>
				<total>19</total>
				<timestamp>591.518899</timestamp>
			</report>
			<report>
				<misses>2194001</misses>
				<total>19</total>
				<timestamp>591.788600</timestamp>
			</report>
			<report>
				<misses>2195001</misses>
				<total>19</total>
				<timestamp>592.058347</timestamp>
			</report>
			<report>
				<misses>2196001</misses>
				<total>19</total>
				<timestamp>592.328087</timestamp>
			</report>
			<report>
				<misses>2197001</misses>
				<total>19</total>
				<timestamp>592.597811</timestamp>
			</report>
			<report>
				<misses>2198001</misses>
				<total>19</total>
				<timestamp>592.867524</timestamp>
			</report>
			<report>
				<misses>2199001</misses>
				<total>19</total>
				<timestamp>593.137255</timestamp>
			</report>
			<report>
				<misses>2200001</misses>
				<total>19</total>
				<timestamp>593.407001</timestamp>
			</report>
			<report>
				<misses>2201001</misses>
				<total>19</total>
				<timestamp>593.676787</timestamp>
			</report>
			<report>
				<misses>2202001</misses>
				<total>19</total>
				<timestamp>593.946455</timestamp>
			</report>
			<report>
				<misses>2203001</misses>
				<total>19</total>
				<timestamp>594.216189</timestamp>
			</report>
			<report>
				<misses>2204001</misses>
				<total>18</total>
				<timestamp>594.486017</timestamp>
			</report>
			<report>
				<misses>2205001</misses>
				<total>18</total>
				<timestamp>594.755764</timestamp>
			</report>
			<report>
				<misses>2206001</misses>
				<total>19</total>
				<timestamp>595.025385</timestamp>
			</report>
			<report>
				<misses>2207001</misses>
				<total>19</total>
				<timestamp>595.295097</timestamp>
			</report>
			<report>
				<misses>2208001</misses>
				<total>19</total>
				<timestamp>595.564876</timestamp>
			</report>
			<report>
				<misses>2209001</misses>
				<total>18</total>
				<timestamp>595.834699</timestamp>
			</report>
			<report>
				<misses>2210001</misses>
				<total>19</total>
				<timestamp>596.104307</timestamp>
			</report>
			<report>
				<misses>2211001</misses>
				<total>19</total>
				<timestamp>596.374064</timestamp>
			</report>
			<report>
				<misses>2212001</misses>
				<total>19</total>
				<timestamp>596.643828</timestamp>
			</report>
			<report>
				<misses>2213001</misses>
				<total>19</total>
				<timestamp>596.913483</timestamp>
			</report>
			<report>
				<misses>2214001</misses>
				<total>19</total>
				<timestamp>597.183206</timestamp>
			</report>
			<report>
				<misses>2215001</misses>
				<total>19</total>
				<timestamp>597.452998</timestamp>
			</report>
			<report>
				<misses>2216001</misses>
				<total>18</total>
				<timestamp>597.722774</timestamp>
			</report>
			<report>
				<misses>2217001</misses>
				<total>20</total>
				<timestamp>597.992384</timestamp>
			</report>
			<report>
				<misses>2218001</misses>
				<total>20</total>
				<timestamp>598.262119</timestamp>
			</report>
			<report>
				<misses>2219001</misses>
				<total>20</total>
				<timestamp>598.531920</timestamp>
			</report>
			<report>
				<misses>2220001</misses>
				<total>20</total>
				<timestamp>598.801710</timestamp>
			</report>
			<report>
				<misses>2221001</misses>
				<total>20</total>
				<timestamp>599.071441</timestamp>
			</report>
			<report>
				<misses>2222001</misses>
				<total>20</total>
				<timestamp>599.341050</timestamp>
			</report>
			<report>
				<misses>2223001</misses>
				<total>20</total>
				<timestamp>599.610900</timestamp>
			</report>
			<report>
				<misses>2224001</misses>
				<total>20</total>
				<timestamp>599.880512</timestamp>
			</report>
			<report>
				<misses>2225001</misses>
				<total>20</total>
				<timestamp>600.150242</timestamp>
			</report>
			<report>
				<misses>2226001</misses>
				<total>20</total>
				<timestamp>600.420093</timestamp>
			</report>
			<report>
				<misses>2227001</misses>
				<total>20</total>
				<timestamp>600.689827</timestamp>
			</report>
			<report>
				<misses>2228001</misses>
				<total>20</total>
				<timestamp>600.959554</timestamp>
			</report>
			<report>
				<misses>2229001</misses>
				<total>20</total>
				<timestamp>601.229163</timestamp>
			</report>
			<report>
				<misses>2230001</misses>
				<total>19</total>
				<timestamp>601.499015</timestamp>
			</report>
			<report>
				<misses>2231001</misses>
				<total>19</total>
				<timestamp>601.768742</timestamp>
			</report>
			<report>
				<misses>2232001</misses>
				<total>20</total>
				<timestamp>602.038354</timestamp>
			</report>
			<report>
				<misses>2233001</misses>
				<total>20</total>
				<timestamp>602.308207</timestamp>
			</report>
			<report>
				<misses>2234001</misses>
				<total>20</total>
				<timestamp>602.577927</timestamp>
			</report>
			<report>
				<misses>2235001</misses>
				<total>20</total>
				<timestamp>602.847661</timestamp>
			</report>
			<report>
				<misses>2236001</misses>
				<total>20</total>
				<timestamp>603.117269</timestamp>
			</report>
			<report>
				<misses>2237001</misses>
				<total>20</total>
				<timestamp>603.387003</timestamp>
			</report>
			<report>
				<misses>2238001</misses>
				<total>19</total>
				<timestamp>603.656853</timestamp>
			</report>
			<report>
				<misses>2239001</misses>
				<total>20</total>
				<timestamp>603.926452</timestamp>
			</report>
			<report>
				<misses>2240001</misses>
				<total>20</total>
				<timestamp>604.196205</timestamp>
			</report>
			<report>
				<misses>2241001</misses>
				<total>20</total>
				<timestamp>604.465924</timestamp>
			</report>
			<report>
				<misses>2242001</misses>
				<total>20</total>
				<timestamp>604.735696</timestamp>
			</report>
			<report>
				<misses>2243001</misses>
				<total>20</total>
				<timestamp>605.005375</timestamp>
			</report>
			<report>
				<misses>2244001</misses>
				<total>20</total>
				<timestamp>605.275111</timestamp>
			</report>
			<report>
				<misses>2245001</misses>
				<total>20</total>
				<timestamp>605.544908</timestamp>
			</report>
			<report>
				<misses>2246001</misses>
				<total>19</total>
				<timestamp>605.814704</timestamp>
			</report>
			<report>
				<misses>2247001</misses>
				<total>20</total>
				<timestamp>606.084295</timestamp>
			</report>
			<report>
				<misses>2248001</misses>
				<total>20</total>
				<timestamp>606.354029</timestamp>
			</report>
			<report>
				<misses>2249001</misses>
				<total>20</total>
				<timestamp>606.623760</timestamp>
			</report>
			<report>
				<misses>2250001</misses>
				<total>20</total>
				<timestamp>606.893496</timestamp>
			</report>
			<report>
				<misses>2251001</misses>
				<total>20</total>
				<timestamp>607.163219</timestamp>
			</report>
			<report>
				<misses>2252001</misses>
				<total>20</total>
				<timestamp>607.432943</timestamp>
			</report>
			<report>
				<misses>2253001</misses>
				<total>19</total>
				<timestamp>607.702786</timestamp>
			</report>
			<report>
				<misses>2254001</misses>
				<total>20</total>
				<timestamp>607.972417</timestamp>
			</report>
			<report>
				<misses>2255001</misses>
				<total>20</total>
				<timestamp>608.242132</timestamp>
			</report>
			<report>
				<misses>2256001</misses>
				<total>20</total>
				<timestamp>608.511912</timestamp>
			</report>
			<report>
				<misses>2257001</misses>
				<total>19</total>
				<timestamp>608.781692</timestamp>
			</report>
			<report>
				<misses>2258001</misses>
				<total>20</total>
				<timestamp>609.051330</timestamp>
			</report>
			<report>
				<misses>2259001</misses>
				<total>20</total>
				<timestamp>609.321067</timestamp>
			</report>
			<report>
				<misses>2260001</misses>
				<total>20</total>
				<timestamp>609.590791</timestamp>
			</report>
			<report>
				<misses>2261001</misses>
				<total>20</total>
				<timestamp>609.860514</timestamp>
			</report>
			<report>
				<misses>2262001</misses>
				<total>20</total>
				<timestamp>610.130248</timestamp>
			</report>
			<report>
				<misses>2263001</misses>
				<total>20</total>
				<timestamp>610.400015</timestamp>
			</report>
			<report>
				<misses>2264001</misses>
				<total>20</total>
				<timestamp>610.669770</timestamp>
			</report>
			<report>
				<misses>2265001</misses>
				<total>20</total>
				<timestamp>610.939490</timestamp>
			</report>
			<report>
				<misses>2266001</misses>
				<total>20</total>
				<timestamp>611.209173</timestamp>
			</report>
			<report>
				<misses>2267001</misses>
				<total>20</total>
				<timestamp>611.478932</timestamp>
			</report>
			<report>
				<misses>2268001</misses>
				<total>20</total>
				<timestamp>611.748643</timestamp>
			</report>
			<report>
				<misses>2269001</misses>
				<total>20</total>
				<timestamp>612.018361</timestamp>
			</report>
			<report>
				<misses>2270001</misses>
				<total>20</total>
				<timestamp>612.288094</timestamp>
			</report>
			<report>
				<misses>2271001</misses>
				<total>19</total>
				<timestamp>612.557896</timestamp>
			</report>
			<report>
				<misses>2272001</misses>
				<total>19</total>
				<timestamp>612.827641</timestamp>
			</report>
			<report>
				<misses>2273001</misses>
				<total>20</total>
				<timestamp>613.097305</timestamp>
			</report>
			<report>
				<misses>2274001</misses>
				<total>20</total>
				<timestamp>613.367001</timestamp>
			</report>
			<report>
				<misses>2275001</misses>
				<total>20</total>
				<timestamp>613.636734</timestamp>
			</report>
			<report>
				<misses>2276001</misses>
				<total>20</total>
				<timestamp>613.906464</timestamp>
			</report>
			<report>
				<misses>2277001</misses>
				<total>20</total>
				<timestamp>614.176198</timestamp>
			</report>
			<report>
				<misses>2278001</misses>
				<total>20</total>
				<timestamp>614.445925</timestamp>
			</report>
			<report>
				<misses>2279001</misses>
				<total>19</total>
				<timestamp>614.715749</timestamp>
			</report>
			<report>
				<misses>2280001</misses>
				<total>20</total>
				<timestamp>614.985393</timestamp>
			</report>
			<report>
				<misses>2281001</misses>
				<total>20</total>
				<timestamp>615.255110</timestamp>
			</report>
			<report>
				<misses>2282001</misses>
				<total>20</total>
				<timestamp>615.524841</timestamp>
			</report>
			<report>
				<misses>2283001</misses>
				<total>20</total>
				<timestamp>615.794645</timestamp>
			</report>
			<report>
				<misses>2284001</misses>
				<total>20</total>
				<timestamp>616.064329</timestamp>
			</report>
			<report>
				<misses>2285001</misses>
				<total>20</total>
				<timestamp>616.334028</timestamp>
			</report>
			<report>
				<misses>2286001</misses>
				<total>20</total>
				<timestamp>616.603820</timestamp>
			</report>
			<report>
				<misses>2287001</misses>
				<total>20</total>
				<timestamp>616.873520</timestamp>
			</report>
			<report>
				<misses>2288001</misses>
				<total>20</total>
				<timestamp>617.143226</timestamp>
			</report>
			<report>
				<misses>2289001</misses>
				<total>20</total>
				<timestamp>617.412956</timestamp>
			</report>
			<report>
				<misses>2290001</misses>
				<total>20</total>
				<timestamp>617.682714</timestamp>
			</report>
			<report>
				<misses>2291001</misses>
				<total>20</total>
				<timestamp>617.952426</timestamp>
			</report>
			<report>
				<misses>2292001</misses>
				<total>20</total>
				<timestamp>618.222150</timestamp>
			</report>
			<report>
				<misses>2293001</misses>
				<total>20</total>
				<timestamp>618.491893</timestamp>
			</report>
			<report>
				<misses>2294001</misses>
				<total>20</total>
				<timestamp>618.761684</timestamp>
			</report>
			<report>
				<misses>2295001</misses>
				<total>20</total>
				<timestamp>619.031461</timestamp>
			</report>
			<report>
				<misses>2296001</misses>
				<total>20</total>
				<timestamp>619.301070</timestamp>
			</report>
			<report>
				<misses>2297001</misses>
				<total>20</total>
				<timestamp>619.570918</timestamp>
			</report>
			<report>
				<misses>2298001</misses>
				<total>20</total>
				<timestamp>619.840652</timestamp>
			</report>
			<report>
				<misses>2299001</misses>
				<total>20</total>
				<timestamp>620.110255</timestamp>
			</report>
			<report>
				<misses>2300001</misses>
				<total>20</total>
				<timestamp>620.379992</timestamp>
			</report>
			<report>
				<misses>2301001</misses>
				<total>20</total>
				<timestamp>620.649848</timestamp>
			</report>
			<report>
				<misses>2302001</misses>
				<total>19</total>
				<timestamp>620.919634</timestamp>
			</report>
			<report>
				<misses>2303001</misses>
				<total>20</total>
				<timestamp>621.189304</timestamp>
			</report>
			<report>
				<misses>2304001</misses>
				<total>20</total>
				<timestamp>621.458914</timestamp>
			</report>
			<report>
				<misses>2305001</misses>
				<total>20</total>
				<timestamp>621.728765</timestamp>
			</report>
			<report>
				<misses>2306001</misses>
				<total>20</total>
				<timestamp>621.998370</timestamp>
			</report>
			<report>
				<misses>2307001</misses>
				<total>20</total>
				<timestamp>622.268225</timestamp>
			</report>
			<report>
				<misses>2308001</misses>
				<total>20</total>
				<timestamp>622.537833</timestamp>
			</report>
			<report>
				<misses>2309001</misses>
				<total>19</total>
				<timestamp>622.807703</timestamp>
			</report>
			<report>
				<misses>2310001</misses>
				<total>20</total>
				<timestamp>623.077285</timestamp>
			</report>
			<report>
				<misses>2311001</misses>
				<total>20</total>
				<timestamp>623.347025</timestamp>
			</report>
			<report>
				<misses>2312001</misses>
				<total>20</total>
				<timestamp>623.616782</timestamp>
			</report>
			<report>
				<misses>2313001</misses>
				<total>19</total>
				<timestamp>623.886606</timestamp>
			</report>
			<report>
				<misses>2314001</misses>
				<total>20</total>
				<timestamp>624.156217</timestamp>
			</report>
			<report>
				<misses>2315001</misses>
				<total>20</total>
				<timestamp>624.425961</timestamp>
			</report>
			<report>
				<misses>2316001</misses>
				<total>20</total>
				<timestamp>624.695762</timestamp>
			</report>
			<report>
				<misses>2317001</misses>
				<total>20</total>
				<timestamp>624.965481</timestamp>
			</report>
			<report>
				<misses>2318001</misses>
				<total>20</total>
				<timestamp>625.235141</timestamp>
			</report>
			<report>
				<misses>2319001</misses>
				<total>20</total>
				<timestamp>625.504898</timestamp>
			</report>
			<report>
				<misses>2320001</misses>
				<total>19</total>
				<timestamp>625.774699</timestamp>
			</report>
			<report>
				<misses>2321001</misses>
				<total>20</total>
				<timestamp>626.044318</timestamp>
			</report>
			<report>
				<misses>2322001</misses>
				<total>19</total>
				<timestamp>626.314150</timestamp>
			</report>
			<report>
				<misses>2323001</misses>
				<total>20</total>
				<timestamp>626.583800</timestamp>
			</report>
			<report>
				<misses>2324001</misses>
				<total>20</total>
				<timestamp>626.853547</timestamp>
			</report>
			<report>
				<misses>2325001</misses>
				<total>20</total>
				<timestamp>627.123238</timestamp>
			</report>
			<report>
				<misses>2326001</misses>
				<total>20</total>
				<timestamp>627.392965</timestamp>
			</report>
			<report>
				<misses>2327001</misses>
				<total>19</total>
				<timestamp>627.662797</timestamp>
			</report>
			<report>
				<misses>2328001</misses>
				<total>19</total>
				<timestamp>627.932586</timestamp>
			</report>
			<report>
				<misses>2329001</misses>
				<total>20</total>
				<timestamp>628.202153</timestamp>
			</report>
			<report>
				<misses>2330001</misses>
				<total>20</total>
				<timestamp>628.471900</timestamp>
			</report>
			<report>
				<misses>2331001</misses>
				<total>20</total>
				<timestamp>628.741677</timestamp>
			</report>
			<report>
				<misses>2332001</misses>
				<total>22</total>
				<timestamp>629.011389</timestamp>
			</report>
			<report>
				<misses>2333001</misses>
				<total>22</total>
				<timestamp>629.281099</timestamp>
			</report>
			<report>
				<misses>2334001</misses>
				<total>22</total>
				<timestamp>629.550823</timestamp>
			</report>
			<report>
				<misses>2335001</misses>
				<total>21</total>
				<timestamp>629.820652</timestamp>
			</report>
			<report>
				<misses>2336001</misses>
				<total>22</total>
				<timestamp>630.090283</timestamp>
			</report>
			<report>
				<misses>2337001</misses>
				<total>22</total>
				<timestamp>630.360002</timestamp>
			</report>
			<report>
				<misses>2338001</misses>
				<total>22</total>
				<timestamp>630.629750</timestamp>
			</report>
			<report>
				<misses>2339001</misses>
				<total>22</total>
				<timestamp>630.899489</timestamp>
			</report>
			<report>
				<misses>2340001</misses>
				<total>22</total>
				<timestamp>631.169186</timestamp>
			</report>
			<report>
				<misses>2341001</misses>
				<total>22</total>
				<timestamp>631.438925</timestamp>
			</report>
			<report>
				<misses>2342001</misses>
				<total>21</total>
				<timestamp>631.708753</timestamp>
			</report>
			<report>
				<misses>2343001</misses>
				<total>21</total>
				<timestamp>631.978563</timestamp>
			</report>
			<report>
				<misses>2344001</misses>
				<total>21</total>
				<timestamp>632.248244</timestamp>
			</report>
			<report>
				<misses>2345001</misses>
				<total>22</total>
				<timestamp>632.517844</timestamp>
			</report>
			<report>
				<misses>2346001</misses>
				<total>22</total>
				<timestamp>632.787610</timestamp>
			</report>
			<report>
				<misses>2347001</misses>
				<total>22</total>
				<timestamp>633.057362</timestamp>
			</report>
			<report>
				<misses>2348001</misses>
				<total>22</total>
				<timestamp>633.327033</timestamp>
			</report>
			<report>
				<misses>2349001</misses>
				<total>22</total>
				<timestamp>633.596798</timestamp>
			</report>
			<report>
				<misses>2350001</misses>
				<total>22</total>
				<timestamp>633.866511</timestamp>
			</report>
			<report>
				<misses>2351001</misses>
				<total>22</total>
				<timestamp>634.136230</timestamp>
			</report>
			<report>
				<misses>2352001</misses>
				<total>22</total>
				<timestamp>634.405978</timestamp>
			</report>
			<report>
				<misses>2353001</misses>
				<total>21</total>
				<timestamp>634.675775</timestamp>
			</report>
			<report>
				<misses>2354001</misses>
				<total>21</total>
				<timestamp>634.945534</timestamp>
			</report>
			<report>
				<misses>2355001</misses>
				<total>22</total>
				<timestamp>635.215142</timestamp>
			</report>
			<report>
				<misses>2356001</misses>
				<total>23</total>
				<timestamp>635.484878</timestamp>
			</report>
			<report>
				<misses>2357001</misses>
				<total>23</total>
				<timestamp>635.754613</timestamp>
			</report>
			<report>
				<misses>2358001</misses>
				<total>23</total>
				<timestamp>636.024353</timestamp>
			</report>
			<report>
				<misses>2359001</misses>
				<total>23</total>
				<timestamp>636.294057</timestamp>
			</report>
			<report>
				<misses>2360001</misses>
				<total>23</total>
				<timestamp>636.563824</timestamp>
			</report>
			<report>
				<misses>2361001</misses>
				<total>22</total>
				<timestamp>636.833628</timestamp>
			</report>
			<report>
				<misses>2362001</misses>
				<total>23</total>
				<timestamp>637.103249</timestamp>
			</report>
			<report>
				<misses>2363001</misses>
				<total>23</total>
				<timestamp>637.372981</timestamp>
			</report>
			<report>
				<misses>2364001</misses>
				<total>23</total>
				<timestamp>637.642752</timestamp>
			</report>
			<report>
				<misses>2365001</misses>
				<total>23</total>
				<timestamp>637.912489</timestamp>
			</report>
			<report>
				<misses>2366001</misses>
				<total>23</total>
				<timestamp>638.182173</timestamp>
			</report>
			<report>
				<misses>2367001</misses>
				<total>23</total>
				<timestamp>638.451896</timestamp>
			</report>
			<report>
				<misses>2368001</misses>
				<total>22</total>
				<timestamp>638.721717</timestamp>
			</report>
			<report>
				<misses>2369001</misses>
				<total>22</total>
				<timestamp>638.991509</timestamp>
			</report>
			<report>
				<misses>2370001</misses>
				<total>22</total>
				<timestamp>639.261205</timestamp>
			</report>
			<report>
				<misses>2371001</misses>
				<total>23</total>
				<timestamp>639.530854</timestamp>
			</report>
			<report>
				<misses>2372001</misses>
				<total>23</total>
				<timestamp>639.800605</timestamp>
			</report>
			<report>
				<misses>2373001</misses>
				<total>23</total>
				<timestamp>640.070313</timestamp>
			</report>
			<report>
				<misses>2374001</misses>
				<total>23</total>
				<timestamp>640.340029</timestamp>
			</report>
			<report>
				<misses>2375001</misses>
				<total>23</total>
				<timestamp>640.609736</timestamp>
			</report>
			<report>
				<misses>2376001</misses>
				<total>22</total>
				<timestamp>640.879594</timestamp>
			</report>
			<report>
				<misses>2377001</misses>
				<total>23</total>
				<timestamp>641.149211</timestamp>
			</report>
			<report>
				<misses>2378001</misses>
				<total>23</total>
				<timestamp>641.418929</timestamp>
			</report>
			<report>
				<misses>2379001</misses>
				<total>23</total>
				<timestamp>641.688667</timestamp>
			</report>
			<report>
				<misses>2380001</misses>
				<total>23</total>
				<timestamp>641.958484</timestamp>
			</report>
			<report>
				<misses>2381001</misses>
				<total>23</total>
				<timestamp>642.228262</timestamp>
			</report>
			<report>
				<misses>2382001</misses>
				<total>23</total>
				<timestamp>642.497868</timestamp>
			</report>
			<report>
				<misses>2383001</misses>
				<total>23</total>
				<timestamp>642.767622</timestamp>
			</report>
			<report>
				<misses>2384001</misses>
				<total>23</total>
				<timestamp>643.037357</timestamp>
			</report>
			<report>
				<misses>2385001</misses>
				<total>23</total>
				<timestamp>643.307031</timestamp>
			</report>
			<report>
				<misses>2386001</misses>
				<total>23</total>
				<timestamp>643.576805</timestamp>
			</report>
			<report>
				<misses>2387001</misses>
				<total>23</total>
				<timestamp>643.846538</timestamp>
			</report>
			<report>
				<misses>2388001</misses>
				<total>23</total>
				<timestamp>644.116272</timestamp>
			</report>
			<report>
				<misses>2389001</misses>
				<total>23</total>
				<timestamp>644.385955</timestamp>
			</report>
			<report>
				<misses>2390001</misses>
				<total>23</total>
				<timestamp>644.655718</timestamp>
			</report>
			<report>
				<misses>2391001</misses>
				<total>23</total>
				<timestamp>644.925428</timestamp>
			</report>
			<report>
				<misses>2392001</misses>
				<total>23</total>
				<timestamp>645.195172</timestamp>
			</report>
			<report>
				<misses>2393001</misses>
				<total>23</total>
				<timestamp>645.464889</timestamp>
			</report>
			<report>
				<misses>2394001</misses>
				<total>22</total>
				<timestamp>645.734691</timestamp>
			</report>
			<report>
				<misses>2395001</misses>
				<total>23</total>
				<timestamp>646.004411</timestamp>
			</report>
			<report>
				<misses>2396001</misses>
				<total>23</total>
				<timestamp>646.274083</timestamp>
			</report>
			<report>
				<misses>2397001</misses>
				<total>23</total>
				<timestamp>646.543806</timestamp>
			</report>
			<report>
				<misses>2398001</misses>
				<total>23</total>
				<timestamp>646.813547</timestamp>
			</report>
			<report>
				<misses>2399001</misses>
				<total>23</total>
				<timestamp>647.083258</timestamp>
			</report>
			<report>
				<misses>2400001</misses>
				<total>23</total>
				<timestamp>647.353014</timestamp>
			</report>
			<report>
				<misses>2401001</misses>
				<total>23</total>
				<timestamp>647.622721</timestamp>
			</report>
			<report>
				<misses>2402001</misses>
				<total>22</total>
				<timestamp>647.892560</timestamp>
			</report>
			<report>
				<misses>2403001</misses>
				<total>23</total>
				<timestamp>648.162180</timestamp>
			</report>
			<report>
				<misses>2404001</misses>
				<total>23</total>
				<timestamp>648.431924</timestamp>
			</report>
			<report>
				<misses>2405001</misses>
				<total>23</total>
				<timestamp>648.701657</timestamp>
			</report>
			<report>
				<misses>2406001</misses>
				<total>23</total>
				<timestamp>648.971369</timestamp>
			</report>
			<report>
				<misses>2407001</misses>
				<total>23</total>
				<timestamp>649.241139</timestamp>
			</report>
			<report>
				<misses>2408001</misses>
				<total>23</total>
				<timestamp>649.510869</timestamp>
			</report>
			<report>
				<misses>2409001</misses>
				<total>22</total>
				<timestamp>649.780668</timestamp>
			</report>
			<report>
				<misses>2410001</misses>
				<total>22</total>
				<timestamp>650.050475</timestamp>
			</report>
			<report>
				<misses>2411001</misses>
				<total>23</total>
				<timestamp>650.320046</timestamp>
			</report>
			<report>
				<misses>2412001</misses>
				<total>23</total>
				<timestamp>650.589777</timestamp>
			</report>
			<report>
				<misses>2413001</misses>
				<total>23</total>
				<timestamp>650.859523</timestamp>
			</report>
			<report>
				<misses>2414001</misses>
				<total>23</total>
				<timestamp>651.129212</timestamp>
			</report>
			<report>
				<misses>2415001</misses>
				<total>23</total>
				<timestamp>651.398942</timestamp>
			</report>
			<report>
				<misses>2416001</misses>
				<total>23</total>
				<timestamp>651.668689</timestamp>
			</report>
			<report>
				<misses>2417001</misses>
				<total>22</total>
				<timestamp>651.938516</timestamp>
			</report>
			<report>
				<misses>2418001</misses>
				<total>23</total>
				<timestamp>652.208140</timestamp>
			</report>
			<report>
				<misses>2419001</misses>
				<total>23</total>
				<timestamp>652.477863</timestamp>
			</report>
			<report>
				<misses>2420001</misses>
				<total>23</total>
				<timestamp>652.747666</timestamp>
			</report>
			<report>
				<misses>2421001</misses>
				<total>22</total>
				<timestamp>653.017430</timestamp>
			</report>
			<report>
				<misses>2422001</misses>
				<total>23</total>
				<timestamp>653.287053</timestamp>
			</report>
			<report>
				<misses>2423001</misses>
				<total>23</total>
				<timestamp>653.556789</timestamp>
			</report>
			<report>
				<misses>2424001</misses>
				<total>22</total>
				<timestamp>653.826630</timestamp>
			</report>
			<report>
				<misses>2425001</misses>
				<total>23</total>
				<timestamp>654.096244</timestamp>
			</report>
			<report>
				<misses>2426001</misses>
				<total>23</total>
				<timestamp>654.365961</timestamp>
			</report>
			<report>
				<misses>2427001</misses>
				<total>23</total>
				<timestamp>654.635826</timestamp>
			</report>
			<report>
				<misses>2428001</misses>
				<total>23</total>
				<timestamp>654.905506</timestamp>
			</report>
			<report>
				<misses>2429001</misses>
				<total>23</total>
				<timestamp>655.175159</timestamp>
			</report>
			<report>
				<misses>2430001</misses>
				<total>23</total>
				<timestamp>655.444906</timestamp>
			</report>
			<report>
				<misses>2431001</misses>
				<total>23</total>
				<timestamp>655.714660</timestamp>
			</report>
			<report>
				<misses>2432001</misses>
				<total>23</total>
				<timestamp>655.984401</timestamp>
			</report>
			<report>
				<misses>2433001</misses>
				<total>23</total>
				<timestamp>656.254079</timestamp>
			</report>
			<report>
				<misses>2434001</misses>
				<total>23</total>
				<timestamp>656.523794</timestamp>
			</report>
			<report>
				<misses>2435001</misses>
				<total>23</total>
				<timestamp>656.793544</timestamp>
			</report>
			<report>
				<misses>2436001</misses>
				<total>23</total>
				<timestamp>657.063285</timestamp>
			</report>
			<report>
				<misses>2437001</misses>
				<total>23</total>
				<timestamp>657.333045</timestamp>
			</report>
			<report>
				<misses>2438001</misses>
				<total>23</total>
				<timestamp>657.602731</timestamp>
			</report>
			<report>
				<misses>2439001</misses>
				<total>23</total>
				<timestamp>657.872479</timestamp>
			</report>
			<report>
				<misses>2440001</misses>
				<total>23</total>
				<timestamp>658.142216</timestamp>
			</report>
			<report>
				<misses>2441001</misses>
				<total>23</total>
				<timestamp>658.411920</timestamp>
			</report>
			<report>
				<misses>2442001</misses>
				<total>23</total>
				<timestamp>658.681670</timestamp>
			</report>
			<report>
				<misses>2443001</misses>
				<total>23</total>
				<timestamp>658.951391</timestamp>
			</report>
			<report>
				<misses>2444001</misses>
				<total>23</total>
				<timestamp>659.221154</timestamp>
			</report>
			<report>
				<misses>2445001</misses>
				<total>23</total>
				<timestamp>659.490834</timestamp>
			</report>
			<report>
				<misses>2446001</misses>
				<total>23</total>
				<timestamp>659.760562</timestamp>
			</report>
			<report>
				<misses>2447001</misses>
				<total>23</total>
				<timestamp>660.030365</timestamp>
			</report>
			<report>
				<misses>2448001</misses>
				<total>23</total>
				<timestamp>660.300045</timestamp>
			</report>
			<report>
				<misses>2449001</misses>
				<total>23</total>
				<timestamp>660.569745</timestamp>
			</report>
			<report>
				<misses>2450001</misses>
				<total>22</total>
				<timestamp>660.839583</timestamp>
			</report>
			<report>
				<misses>2451001</misses>
				<total>23</total>
				<timestamp>661.109281</timestamp>
			</report>
			<report>
				<misses>2452001</misses>
				<total>23</total>
				<timestamp>661.378974</timestamp>
			</report>
			<report>
				<misses>2453001</misses>
				<total>23</total>
				<timestamp>661.648678</timestamp>
			</report>
			<report>
				<misses>2454001</misses>
				<total>23</total>
				<timestamp>661.918438</timestamp>
			</report>
			<report>
				<misses>2455001</misses>
				<total>23</total>
				<timestamp>662.188147</timestamp>
			</report>
			<report>
				<misses>2456001</misses>
				<total>22</total>
				<timestamp>662.457999</timestamp>
			</report>
			<report>
				<misses>2457001</misses>
				<total>23</total>
				<timestamp>662.727641</timestamp>
			</report>
			<report>
				<misses>2458001</misses>
				<total>22</total>
				<timestamp>662.997455</timestamp>
			</report>
			<report>
				<misses>2459001</misses>
				<total>23</total>
				<timestamp>663.267070</timestamp>
			</report>
			<report>
				<misses>2460001</misses>
				<total>23</total>
				<timestamp>663.536783</timestamp>
			</report>
			<report>
				<misses>2461001</misses>
				<total>23</total>
				<timestamp>663.806588</timestamp>
			</report>
			<report>
				<misses>2462001</misses>
				<total>23</total>
				<timestamp>664.076290</timestamp>
			</report>
			<report>
				<misses>2463001</misses>
				<total>23</total>
				<timestamp>664.345986</timestamp>
			</report>
			<report>
				<misses>2464001</misses>
				<total>23</total>
				<timestamp>664.615746</timestamp>
			</report>
			<report>
				<misses>2465001</misses>
				<total>22</total>
				<timestamp>664.885568</timestamp>
			</report>
			<report>
				<misses>2466001</misses>
				<total>23</total>
				<timestamp>665.155187</timestamp>
			</report>
			<report>
				<misses>2467001</misses>
				<total>23</total>
				<timestamp>665.424926</timestamp>
			</report>
			<report>
				<misses>2468001</misses>
				<total>23</total>
				<timestamp>665.694648</timestamp>
			</report>
			<report>
				<misses>2469001</misses>
				<total>23</total>
				<timestamp>665.964426</timestamp>
			</report>
			<report>
				<misses>2470001</misses>
				<total>23</total>
				<timestamp>666.234088</timestamp>
			</report>
			<report>
				<misses>2471001</misses>
				<total>23</total>
				<timestamp>666.503821</timestamp>
			</report>
			<report>
				<misses>2472001</misses>
				<total>23</total>
				<timestamp>666.773605</timestamp>
			</report>
			<report>
				<misses>2473001</misses>
				<total>23</total>
				<timestamp>667.043304</timestamp>
			</report>
			<report>
				<misses>2474001</misses>
				<total>23</total>
				<timestamp>667.313009</timestamp>
			</report>
			<report>
				<misses>2475001</misses>
				<total>23</total>
				<timestamp>667.582758</timestamp>
			</report>
			<report>
				<misses>2476001</misses>
				<total>22</total>
				<timestamp>667.852539</timestamp>
			</report>
			<report>
				<misses>2477001</misses>
				<total>22</total>
				<timestamp>668.122299</timestamp>
			</report>
			<report>
				<misses>2478001</misses>
				<total>23</total>
				<timestamp>668.391946</timestamp>
			</report>
			<report>
				<misses>2479001</misses>
				<total>23</total>
				<timestamp>668.661717</timestamp>
			</report>
			<report>
				<misses>2480001</misses>
				<total>23</total>
				<timestamp>668.931432</timestamp>
			</report>
			<report>
				<misses>2481001</misses>
				<total>23</total>
				<timestamp>669.201116</timestamp>
			</report>
			<report>
				<misses>2482001</misses>
				<total>23</total>
				<timestamp>669.470841</timestamp>
			</report>
			<report>
				<misses>2483001</misses>
				<total>23</total>
				<timestamp>669.740587</timestamp>
			</report>
			<report>
				<misses>2484001</misses>
				<total>22</total>
				<timestamp>670.010414</timestamp>
			</report>
			<report>
				<misses>2485001</misses>
				<total>23</total>
				<timestamp>670.280047</timestamp>
			</report>
			<report>
				<misses>2486001</misses>
				<total>23</total>
				<timestamp>670.549773</timestamp>
			</report>
			<report>
				<misses>2487001</misses>
				<total>23</total>
				<timestamp>670.819545</timestamp>
			</report>
			<report>
				<misses>2488001</misses>
				<total>23</total>
				<timestamp>671.089329</timestamp>
			</report>
			<report>
				<misses>2489001</misses>
				<total>23</total>
				<timestamp>671.358964</timestamp>
			</report>
			<report>
				<misses>2490001</misses>
				<total>23</total>
				<timestamp>671.628700</timestamp>
			</report>
			<report>
				<misses>2491001</misses>
				<total>23</total>
				<timestamp>671.898420</timestamp>
			</report>
			<report>
				<misses>2492001</misses>
				<total>22</total>
				<timestamp>672.168292</timestamp>
			</report>
			<report>
				<misses>2493001</misses>
				<total>23</total>
				<timestamp>672.437879</timestamp>
			</report>
			<report>
				<misses>2494001</misses>
				<total>23</total>
				<timestamp>672.707601</timestamp>
			</report>
			<report>
				<misses>2495001</misses>
				<total>23</total>
				<timestamp>672.977347</timestamp>
			</report>
			<report>
				<misses>2496001</misses>
				<total>23</total>
				<timestamp>673.247397</timestamp>
			</report>
			<report>
				<misses>2497001</misses>
				<total>23</total>
				<timestamp>673.517054</timestamp>
			</report>
			<report>
				<misses>2498001</misses>
				<total>23</total>
				<timestamp>673.786807</timestamp>
			</report>
			<report>
				<misses>2499001</misses>
				<total>23</total>
				<timestamp>674.056540</timestamp>
			</report>
			<report>
				<misses>2500001</misses>
				<total>23</total>
				<timestamp>674.326268</timestamp>
			</report>
			<report>
				<misses>2501001</misses>
				<total>23</total>
				<timestamp>674.595993</timestamp>
			</report>
			<report>
				<misses>2502001</misses>
				<total>23</total>
				<timestamp>674.865717</timestamp>
			</report>
			<report>
				<misses>2503001</misses>
				<total>23</total>
				<timestamp>675.135462</timestamp>
			</report>
			<report>
				<misses>2504001</misses>
				<total>22</total>
				<timestamp>675.405284</timestamp>
			</report>
			<report>
				<misses>2505001</misses>
				<total>23</total>
				<timestamp>675.674903</timestamp>
			</report>
			<report>
				<misses>2506001</misses>
				<total>23</total>
				<timestamp>675.944658</timestamp>
			</report>
			<report>
				<misses>2507001</misses>
				<total>23</total>
				<timestamp>676.214374</timestamp>
			</report>
			<report>
				<misses>2508001</misses>
				<total>23</total>
				<timestamp>676.484135</timestamp>
			</report>
			<report>
				<misses>2509001</misses>
				<total>23</total>
				<timestamp>676.753848</timestamp>
			</report>
			<report>
				<misses>2510001</misses>
				<total>23</total>
				<timestamp>677.023579</timestamp>
			</report>
			<report>
				<misses>2511001</misses>
				<total>23</total>
				<timestamp>677.293350</timestamp>
			</report>
			<report>
				<misses>2512001</misses>
				<total>23</total>
				<timestamp>677.563031</timestamp>
			</report>
			<report>
				<misses>2513001</misses>
				<total>23</total>
				<timestamp>677.832766</timestamp>
			</report>
			<report>
				<misses>2514001</misses>
				<total>23</total>
				<timestamp>678.102490</timestamp>
			</report>
			<report>
				<misses>2515001</misses>
				<total>23</total>
				<timestamp>678.372263</timestamp>
			</report>
			<report>
				<misses>2516001</misses>
				<total>23</total>
				<timestamp>678.641944</timestamp>
			</report>
			<report>
				<misses>2517001</misses>
				<total>23</total>
				<timestamp>678.911698</timestamp>
			</report>
			<report>
				<misses>2518001</misses>
				<total>22</total>
				<timestamp>679.181501</timestamp>
			</report>
			<report>
				<misses>2519001</misses>
				<total>22</total>
				<timestamp>679.451238</timestamp>
			</report>
			<report>
				<misses>2520001</misses>
				<total>23</total>
				<timestamp>679.720864</timestamp>
			</report>
			<report>
				<misses>2521001</misses>
				<total>23</total>
				<timestamp>679.990600</timestamp>
			</report>
			<report>
				<misses>2522001</misses>
				<total>23</total>
				<timestamp>680.260373</timestamp>
			</report>
			<report>
				<misses>2523001</misses>
				<total>23</total>
				<timestamp>680.530055</timestamp>
			</report>
			<report>
				<misses>2524001</misses>
				<total>23</total>
				<timestamp>680.799780</timestamp>
			</report>
			<report>
				<misses>2525001</misses>
				<total>23</total>
				<timestamp>681.069527</timestamp>
			</report>
			<report>
				<misses>2526001</misses>
				<total>23</total>
				<timestamp>681.339267</timestamp>
			</report>
			<report>
				<misses>2527001</misses>
				<total>23</total>
				<timestamp>681.608984</timestamp>
			</report>
			<report>
				<misses>2528001</misses>
				<total>23</total>
				<timestamp>681.878705</timestamp>
			</report>
			<report>
				<misses>2529001</misses>
				<total>23</total>
				<timestamp>682.148584</timestamp>
			</report>
			<report>
				<misses>2530001</misses>
				<total>23</total>
				<timestamp>682.418162</timestamp>
			</report>
			<report>
				<misses>2531001</misses>
				<total>23</total>
				<timestamp>682.687887</timestamp>
			</report>
			<report>
				<misses>2532001</misses>
				<total>23</total>
				<timestamp>682.957619</timestamp>
			</report>
			<report>
				<misses>2533001</misses>
				<total>22</total>
				<timestamp>683.227477</timestamp>
			</report>
			<report>
				<misses>2534001</misses>
				<total>23</total>
				<timestamp>683.497082</timestamp>
			</report>
			<report>
				<misses>2535001</misses>
				<total>22</total>
				<timestamp>683.766948</timestamp>
			</report>
			<report>
				<misses>2536001</misses>
				<total>23</total>
				<timestamp>684.036670</timestamp>
			</report>
			<report>
				<misses>2537001</misses>
				<total>26</total>
				<timestamp>684.306393</timestamp>
			</report>
			<report>
				<misses>2538001</misses>
				<total>26</total>
				<timestamp>684.576002</timestamp>
			</report>
			<report>
				<misses>2539001</misses>
				<total>26</total>
				<timestamp>684.845719</timestamp>
			</report>
			<report>
				<misses>2540001</misses>
				<total>26</total>
				<timestamp>685.115496</timestamp>
			</report>
			<report>
				<misses>2541001</misses>
				<total>26</total>
				<timestamp>685.385243</timestamp>
			</report>
			<report>
				<misses>2542001</misses>
				<total>26</total>
				<timestamp>685.654925</timestamp>
			</report>
			<report>
				<misses>2543001</misses>
				<total>26</total>
				<timestamp>685.924676</timestamp>
			</report>
			<report>
				<misses>2544001</misses>
				<total>26</total>
				<timestamp>686.194428</timestamp>
			</report>
			<report>
				<misses>2545001</misses>
				<total>26</total>
				<timestamp>686.464171</timestamp>
			</report>
			<report>
				<misses>2546001</misses>
				<total>26</total>
				<timestamp>686.733845</timestamp>
			</report>
			<report>
				<misses>2547001</misses>
				<total>26</total>
				<timestamp>687.003558</timestamp>
			</report>
			<report>
				<misses>2548001</misses>
				<total>25</total>
				<timestamp>687.273422</timestamp>
			</report>
			<report>
				<misses>2549001</misses>
				<total>25</total>
				<timestamp>687.543187</timestamp>
			</report>
			<report>
				<misses>2550001</misses>
				<total>26</total>
				<timestamp>687.812788</timestamp>
			</report>
			<report>
				<misses>2551001</misses>
				<total>26</total>
				<timestamp>688.082481</timestamp>
			</report>
			<report>
				<misses>2552001</misses>
				<total>26</total>
				<timestamp>688.352233</timestamp>
			</report>
			<report>
				<misses>2553001</misses>
				<total>26</total>
				<timestamp>688.621944</timestamp>
			</report>
			<report>
				<misses>2554001</misses>
				<total>26</total>
				<timestamp>688.891679</timestamp>
			</report>
			<report>
				<misses>2555001</misses>
				<total>26</total>
				<timestamp>689.161424</timestamp>
			</report>
			<report>
				<misses>2556001</misses>
				<total>26</total>
				<timestamp>689.431185</timestamp>
			</report>
			<report>
				<misses>2557001</misses>
				<total>26</total>
				<timestamp>689.700865</timestamp>
			</report>
			<report>
				<misses>2558001</misses>
				<total>26</total>
				<timestamp>689.970599</timestamp>
			</report>
			<report>
				<misses>2559001</misses>
				<total>26</total>
				<timestamp>690.240413</timestamp>
			</report>
			<report>
				<misses>2560001</misses>
				<total>26</total>
				<timestamp>690.510048</timestamp>
			</report>
			<report>
				<misses>2561001</misses>
				<total>26</total>
				<timestamp>690.779796</timestamp>
			</report>
			<report>
				<misses>2562001</misses>
				<total>26</total>
				<timestamp>691.049546</timestamp>
			</report>
			<report>
				<misses>2563001</misses>
				<total>26</total>
				<timestamp>691.319235</timestamp>
			</report>
			<report>
				<misses>2564001</misses>
				<total>26</total>
				<timestamp>691.588969</timestamp>
			</report>
			<report>
				<misses>2565001</misses>
				<total>26</total>
				<timestamp>691.858712</timestamp>
			</report>
			<report>
				<misses>2566001</misses>
				<total>26</total>
				<timestamp>692.128444</timestamp>
			</report>
			<report>
				<misses>2567001</misses>
				<total>25</total>
				<timestamp>692.398289</timestamp>
			</report>
			<report>
				<misses>2568001</misses>
				<total>26</total>
				<timestamp>692.667897</timestamp>
			</report>
			<report>
				<misses>2569001</misses>
				<total>26</total>
				<timestamp>692.937623</timestamp>
			</report>
			<report>
				<misses>2570001</misses>
				<total>26</total>
				<timestamp>693.207384</timestamp>
			</report>
			<report>
				<misses>2571001</misses>
				<total>26</total>
				<timestamp>693.477110</timestamp>
			</report>
			<report>
				<misses>2572001</misses>
				<total>26</total>
				<timestamp>693.746868</timestamp>
			</report>
			<report>
				<misses>2573001</misses>
				<total>26</total>
				<timestamp>694.016563</timestamp>
			</report>
			<report>
				<misses>2574001</misses>
				<total>26</total>
				<timestamp>694.286275</timestamp>
			</report>
			<report>
				<misses>2575001</misses>
				<total>25</total>
				<timestamp>694.556132</timestamp>
			</report>
			<report>
				<misses>2576001</misses>
				<total>25</total>
				<timestamp>694.825826</timestamp>
			</report>
			<report>
				<misses>2577001</misses>
				<total>26</total>
				<timestamp>695.095484</timestamp>
			</report>
			<report>
				<misses>2578001</misses>
				<total>26</total>
				<timestamp>695.365300</timestamp>
			</report>
			<report>
				<misses>2579001</misses>
				<total>26</total>
				<timestamp>695.634939</timestamp>
			</report>
			<report>
				<misses>2580001</misses>
				<total>26</total>
				<timestamp>695.904669</timestamp>
			</report>
			<report>
				<misses>2581001</misses>
				<total>26</total>
				<timestamp>696.174396</timestamp>
			</report>
			<report>
				<misses>2582001</misses>
				<total>25</total>
				<timestamp>696.444268</timestamp>
			</report>
			<report>
				<misses>2583001</misses>
				<total>26</total>
				<timestamp>696.713857</timestamp>
			</report>
			<report>
				<misses>2584001</misses>
				<total>26</total>
				<timestamp>696.983598</timestamp>
			</report>
			<report>
				<misses>2585001</misses>
				<total>26</total>
				<timestamp>697.253339</timestamp>
			</report>
			<report>
				<misses>2586001</misses>
				<total>25</total>
				<timestamp>697.523124</timestamp>
			</report>
			<report>
				<misses>2587001</misses>
				<total>26</total>
				<timestamp>697.792772</timestamp>
			</report>
			<report>
				<misses>2588001</misses>
				<total>26</total>
				<timestamp>698.062511</timestamp>
			</report>
			<report>
				<misses>2589001</misses>
				<total>26</total>
				<timestamp>698.332238</timestamp>
			</report>
			<report>
				<misses>2590001</misses>
				<total>26</total>
				<timestamp>698.601976</timestamp>
			</report>
			<report>
				<misses>2591001</misses>
				<total>26</total>
				<timestamp>698.871677</timestamp>
			</report>
			<report>
				<misses>2592001</misses>
				<total>26</total>
				<timestamp>699.141424</timestamp>
			</report>
			<report>
				<misses>2593001</misses>
				<total>25</total>
				<timestamp>699.411260</timestamp>
			</report>
			<report>
				<misses>2594001</misses>
				<total>26</total>
				<timestamp>699.680922</timestamp>
			</report>
			<report>
				<misses>2595001</misses>
				<total>26</total>
				<timestamp>699.950627</timestamp>
			</report>
			<report>
				<misses>2596001</misses>
				<total>26</total>
				<timestamp>700.220367</timestamp>
			</report>
			<report>
				<misses>2597001</misses>
				<total>26</total>
				<timestamp>700.490140</timestamp>
			</report>
			<report>
				<misses>2598001</misses>
				<total>26</total>
				<timestamp>700.759816</timestamp>
			</report>
			<report>
				<misses>2599001</misses>
				<total>26</total>
				<timestamp>701.029537</timestamp>
			</report>
			<report>
				<misses>2600001</misses>
				<total>25</total>
				<timestamp>701.299351</timestamp>
			</report>
			<report>
				<misses>2601001</misses>
				<total>25</total>
				<timestamp>701.569127</timestamp>
			</report>
			<report>
				<misses>2602001</misses>
				<total>26</total>
				<timestamp>701.838754</timestamp>
			</report>
			<report>
				<misses>2603001</misses>
				<total>26</total>
				<timestamp>702.108505</timestamp>
			</report>
			<report>
				<misses>2604001</misses>
				<total>26</total>
				<timestamp>702.378217</timestamp>
			</report>
			<report>
				<misses>2605001</misses>
				<total>26</total>
				<timestamp>702.647943</timestamp>
			</report>
			<report>
				<misses>2606001</misses>
				<total>26</total>
				<timestamp>702.917643</timestamp>
			</report>
			<report>
				<misses>2607001</misses>
				<total>26</total>
				<timestamp>703.187410</timestamp>
			</report>
			<report>
				<misses>2608001</misses>
				<total>25</total>
				<timestamp>703.457229</timestamp>
			</report>
			<report>
				<misses>2609001</misses>
				<total>26</total>
				<timestamp>703.726835</timestamp>
			</report>
			<report>
				<misses>2610001</misses>
				<total>26</total>
				<timestamp>703.996572</timestamp>
			</report>
			<report>
				<misses>2611001</misses>
				<total>26</total>
				<timestamp>704.266320</timestamp>
			</report>
			<report>
				<misses>2612001</misses>
				<total>26</total>
				<timestamp>704.536079</timestamp>
			</report>
			<report>
				<misses>2613001</misses>
				<total>26</total>
				<timestamp>704.805760</timestamp>
			</report>
			<report>
				<misses>2614001</misses>
				<total>25</total>
				<timestamp>705.075619</timestamp>
			</report>
			<report>
				<misses>2615001</misses>
				<total>26</total>
				<timestamp>705.345211</timestamp>
			</report>
			<report>
				<misses>2616001</misses>
				<total>25</total>
				<timestamp>705.615070</timestamp>
			</report>
			<report>
				<misses>2617001</misses>
				<total>26</total>
				<timestamp>705.884659</timestamp>
			</report>
			<report>
				<misses>2618001</misses>
				<total>26</total>
				<timestamp>706.154440</timestamp>
			</report>
			<report>
				<misses>2619001</misses>
				<total>26</total>
				<timestamp>706.424136</timestamp>
			</report>
			<report>
				<misses>2620001</misses>
				<total>26</total>
				<timestamp>706.693884</timestamp>
			</report>
			<report>
				<misses>2621001</misses>
				<total>26</total>
				<timestamp>706.963590</timestamp>
			</report>
			<report>
				<misses>2622001</misses>
				<total>26</total>
				<timestamp>707.233341</timestamp>
			</report>
			<report>
				<misses>2623001</misses>
				<total>25</total>
				<timestamp>707.503183</timestamp>
			</report>
			<report>
				<misses>2624001</misses>
				<total>26</total>
				<timestamp>707.772780</timestamp>
			</report>
			<report>
				<misses>2625001</misses>
				<total>26</total>
				<timestamp>708.042524</timestamp>
			</report>
			<report>
				<misses>2626001</misses>
				<total>26</total>
				<timestamp>708.312306</timestamp>
			</report>
			<report>
				<misses>2627001</misses>
				<total>26</total>
				<timestamp>708.581990</timestamp>
			</report>
			<report>
				<misses>2628001</misses>
				<total>26</total>
				<timestamp>708.851708</timestamp>
			</report>
			<report>
				<misses>2629001</misses>
				<total>26</total>
				<timestamp>709.121551</timestamp>
			</report>
			<report>
				<misses>2630001</misses>
				<total>26</total>
				<timestamp>709.391161</timestamp>
			</report>
			<report>
				<misses>2631001</misses>
				<total>26</total>
				<timestamp>709.661011</timestamp>
			</report>
			<report>
				<misses>2632001</misses>
				<total>26</total>
				<timestamp>709.930615</timestamp>
			</report>
			<report>
				<misses>2633001</misses>
				<total>26</total>
				<timestamp>710.200485</timestamp>
			</report>
			<report>
				<misses>2634001</misses>
				<total>25</total>
				<timestamp>710.470205</timestamp>
			</report>
			<report>
				<misses>2635001</misses>
				<total>26</total>
				<timestamp>710.739811</timestamp>
			</report>
			<report>
				<misses>2636001</misses>
				<total>26</total>
				<timestamp>711.009548</timestamp>
			</report>
			<report>
				<misses>2637001</misses>
				<total>26</total>
				<timestamp>711.279391</timestamp>
			</report>
			<report>
				<misses>2638001</misses>
				<total>26</total>
				<timestamp>711.549124</timestamp>
			</report>
			<report>
				<misses>2639001</misses>
				<total>26</total>
				<timestamp>711.818860</timestamp>
			</report>
			<report>
				<misses>2640001</misses>
				<total>26</total>
				<timestamp>712.088466</timestamp>
			</report>
			<report>
				<misses>2641001</misses>
				<total>26</total>
				<timestamp>712.358181</timestamp>
			</report>
			<report>
				<misses>2642001</misses>
				<total>25</total>
				<timestamp>712.628025</timestamp>
			</report>
			<report>
				<misses>2643001</misses>
				<total>26</total>
				<timestamp>712.897645</timestamp>
			</report>
			<report>
				<misses>2644001</misses>
				<total>26</total>
				<timestamp>713.167387</timestamp>
			</report>
			<report>
				<misses>2645001</misses>
				<total>26</total>
				<timestamp>713.437120</timestamp>
			</report>
			<report>
				<misses>2646001</misses>
				<total>26</total>
				<timestamp>713.706837</timestamp>
			</report>
			<report>
				<misses>2647001</misses>
				<total>26</total>
				<timestamp>713.976590</timestamp>
			</report>
			<report>
				<misses>2648001</misses>
				<total>26</total>
				<timestamp>714.246324</timestamp>
			</report>
			<report>
				<misses>2649001</misses>
				<total>25</total>
				<timestamp>714.516134</timestamp>
			</report>
			<report>
				<misses>2650001</misses>
				<total>26</total>
				<timestamp>714.785749</timestamp>
			</report>
			<report>
				<misses>2651001</misses>
				<total>26</total>
				<timestamp>715.055530</timestamp>
			</report>
			<report>
				<misses>2652001</misses>
				<total>26</total>
				<timestamp>715.325259</timestamp>
			</report>
			<report>
				<misses>2653001</misses>
				<total>25</total>
				<timestamp>715.595080</timestamp>
			</report>
			<report>
				<misses>2654001</misses>
				<total>26</total>
				<timestamp>715.864681</timestamp>
			</report>
			<report>
				<misses>2655001</misses>
				<total>26</total>
				<timestamp>716.134459</timestamp>
			</report>
			<report>
				<misses>2656001</misses>
				<total>25</total>
				<timestamp>716.404250</timestamp>
			</report>
			<report>
				<misses>2657001</misses>
				<total>26</total>
				<timestamp>716.673890</timestamp>
			</report>
			<report>
				<misses>2658001</misses>
				<total>26</total>
				<timestamp>716.943590</timestamp>
			</report>
			<report>
				<misses>2659001</misses>
				<total>26</total>
				<timestamp>717.213373</timestamp>
			</report>
			<report>
				<misses>2660001</misses>
				<total>26</total>
				<timestamp>717.483107</timestamp>
			</report>
			<report>
				<misses>2661001</misses>
				<total>26</total>
				<timestamp>717.752801</timestamp>
			</report>
			<report>
				<misses>2662001</misses>
				<total>28</total>
				<timestamp>718.022525</timestamp>
			</report>
			<report>
				<misses>2663001</misses>
				<total>28</total>
				<timestamp>718.292253</timestamp>
			</report>
			<report>
				<misses>2664001</misses>
				<total>28</total>
				<timestamp>718.562078</timestamp>
			</report>
			<report>
				<misses>2665001</misses>
				<total>27</total>
				<timestamp>718.831816</timestamp>
			</report>
			<report>
				<misses>2666001</misses>
				<total>28</total>
				<timestamp>719.101477</timestamp>
			</report>
			<report>
				<misses>2667001</misses>
				<total>28</total>
				<timestamp>719.371236</timestamp>
			</report>
			<report>
				<misses>2668001</misses>
				<total>27</total>
				<timestamp>719.641006</timestamp>
			</report>
			<report>
				<misses>2669001</misses>
				<total>28</total>
				<timestamp>719.910619</timestamp>
			</report>
			<report>
				<misses>2670001</misses>
				<total>28</total>
				<timestamp>720.180361</timestamp>
			</report>
			<report>
				<misses>2671001</misses>
				<total>28</total>
				<timestamp>720.450114</timestamp>
			</report>
			<report>
				<misses>2672001</misses>
				<total>28</total>
				<timestamp>720.719818</timestamp>
			</report>
			<report>
				<misses>2673001</misses>
				<total>28</total>
				<timestamp>720.989545</timestamp>
			</report>
			<report>
				<misses>2674001</misses>
				<total>28</total>
				<timestamp>721.259280</timestamp>
			</report>
			<report>
				<misses>2675001</misses>
				<total>27</total>
				<timestamp>721.529100</timestamp>
			</report>
			<report>
				<misses>2676001</misses>
				<total>28</total>
				<timestamp>721.798758</timestamp>
			</report>
			<report>
				<misses>2677001</misses>
				<total>28</total>
				<timestamp>722.068478</timestamp>
			</report>
			<report>
				<misses>2678001</misses>
				<total>28</total>
				<timestamp>722.338205</timestamp>
			</report>
			<report>
				<misses>2679001</misses>
				<total>28</total>
				<timestamp>722.607985</timestamp>
			</report>
			<report>
				<misses>2680001</misses>
				<total>28</total>
				<timestamp>722.877654</timestamp>
			</report>
			<report>
				<misses>2681001</misses>
				<total>28</total>
				<timestamp>723.147414</timestamp>
			</report>
			<report>
				<misses>2682001</misses>
				<total>27</total>
				<timestamp>723.417195</timestamp>
			</report>
			<report>
				<misses>2683001</misses>
				<total>28</total>
				<timestamp>723.686905</timestamp>
			</report>
			<report>
				<misses>2684001</misses>
				<total>28</total>
				<timestamp>723.956616</timestamp>
			</report>
			<report>
				<misses>2685001</misses>
				<total>28</total>
				<timestamp>724.226334</timestamp>
			</report>
			<report>
				<misses>2686001</misses>
				<total>28</total>
				<timestamp>724.496084</timestamp>
			</report>
			<report>
				<misses>2687001</misses>
				<total>28</total>
				<timestamp>724.765771</timestamp>
			</report>
			<report>
				<misses>2688001</misses>
				<total>28</total>
				<timestamp>725.035502</timestamp>
			</report>
			<report>
				<misses>2689001</misses>
				<total>28</total>
				<timestamp>725.305237</timestamp>
			</report>
			<report>
				<misses>2690001</misses>
				<total>27</total>
				<timestamp>725.575062</timestamp>
			</report>
			<report>
				<misses>2691001</misses>
				<total>28</total>
				<timestamp>725.844688</timestamp>
			</report>
			<report>
				<misses>2692001</misses>
				<total>28</total>
				<timestamp>726.114415</timestamp>
			</report>
			<report>
				<misses>2693001</misses>
				<total>28</total>
				<timestamp>726.384199</timestamp>
			</report>
			<report>
				<misses>2694001</misses>
				<total>27</total>
				<timestamp>726.653984</timestamp>
			</report>
			<report>
				<misses>2695001</misses>
				<total>28</total>
				<timestamp>726.923605</timestamp>
			</report>
			<report>
				<misses>2696001</misses>
				<total>28</total>
				<timestamp>727.193347</timestamp>
			</report>
			<report>
				<misses>2697001</misses>
				<total>27</total>
				<timestamp>727.463206</timestamp>
			</report>
			<report>
				<misses>2698001</misses>
				<total>28</total>
				<timestamp>727.732820</timestamp>
			</report>
			<report>
				<misses>2699001</misses>
				<total>28</total>
				<timestamp>728.002519</timestamp>
			</report>
			<report>
				<misses>2700001</misses>
				<total>28</total>
				<timestamp>728.272281</timestamp>
			</report>
			<report>
				<misses>2701001</misses>
				<total>28</total>
				<timestamp>728.542047</timestamp>
			</report>
			<report>
				<misses>2702001</misses>
				<total>28</total>
				<timestamp>728.811711</timestamp>
			</report>
			<report>
				<misses>2703001</misses>
				<total>28</total>
				<timestamp>729.081494</timestamp>
			</report>
			<report>
				<misses>2704001</misses>
				<total>28</total>
				<timestamp>729.351184</timestamp>
			</report>
			<report>
				<misses>2705001</misses>
				<total>28</total>
				<timestamp>729.620945</timestamp>
			</report>
			<report>
				<misses>2706001</misses>
				<total>28</total>
				<timestamp>729.890638</timestamp>
			</report>
			<report>
				<misses>2707001</misses>
				<total>28</total>
				<timestamp>730.160373</timestamp>
			</report>
			<report>
				<misses>2708001</misses>
				<total>28</total>
				<timestamp>730.430156</timestamp>
			</report>
			<report>
				<misses>2709001</misses>
				<total>28</total>
				<timestamp>730.699867</timestamp>
			</report>
			<report>
				<misses>2710001</misses>
				<total>28</total>
				<timestamp>730.969557</timestamp>
			</report>
			<report>
				<misses>2711001</misses>
				<total>28</total>
				<timestamp>731.239325</timestamp>
			</report>
			<report>
				<misses>2712001</misses>
				<total>28</total>
				<timestamp>731.509023</timestamp>
			</report>
			<report>
				<misses>2713001</misses>
				<total>28</total>
				<timestamp>731.778796</timestamp>
			</report>
			<report>
				<misses>2714001</misses>
				<total>28</total>
				<timestamp>732.048480</timestamp>
			</report>
			<report>
				<misses>2715001</misses>
				<total>28</total>
				<timestamp>732.318211</timestamp>
			</report>
			<report>
				<misses>2716001</misses>
				<total>27</total>
				<timestamp>732.588034</timestamp>
			</report>
			<report>
				<misses>2717001</misses>
				<total>28</total>
				<timestamp>732.857686</timestamp>
			</report>
			<report>
				<misses>2718001</misses>
				<total>28</total>
				<timestamp>733.127426</timestamp>
			</report>
			<report>
				<misses>2719001</misses>
				<total>28</total>
				<timestamp>733.397154</timestamp>
			</report>
			<report>
				<misses>2720001</misses>
				<total>28</total>
				<timestamp>733.666892</timestamp>
			</report>
			<report>
				<misses>2721001</misses>
				<total>28</total>
				<timestamp>733.936599</timestamp>
			</report>
			<report>
				<misses>2722001</misses>
				<total>28</total>
				<timestamp>734.206339</timestamp>
			</report>
			<report>
				<misses>2723001</misses>
				<total>27</total>
				<timestamp>734.476140</timestamp>
			</report>
			<report>
				<misses>2724001</misses>
				<total>27</total>
				<timestamp>734.745942</timestamp>
			</report>
			<report>
				<misses>2725001</misses>
				<total>28</total>
				<timestamp>735.015510</timestamp>
			</report>
			<report>
				<misses>2726001</misses>
				<total>28</total>
				<timestamp>735.285264</timestamp>
			</report>
			<report>
				<misses>2727001</misses>
				<total>28</total>
				<timestamp>735.554991</timestamp>
			</report>
			<report>
				<misses>2728001</misses>
				<total>28</total>
				<timestamp>735.824711</timestamp>
			</report>
			<report>
				<misses>2729001</misses>
				<total>28</total>
				<timestamp>736.094440</timestamp>
			</report>
			<report>
				<misses>2730001</misses>
				<total>28</total>
				<timestamp>736.364151</timestamp>
			</report>
			<report>
				<misses>2731001</misses>
				<total>27</total>
				<timestamp>736.634000</timestamp>
			</report>
			<report>
				<misses>2732001</misses>
				<total>28</total>
				<timestamp>736.903635</timestamp>
			</report>
			<report>
				<misses>2733001</misses>
				<total>28</total>
				<timestamp>737.173377</timestamp>
			</report>
			<report>
				<misses>2734001</misses>
				<total>28</total>
				<timestamp>737.443125</timestamp>
			</report>
			<report>
				<misses>2735001</misses>
				<total>28</total>
				<timestamp>737.712891</timestamp>
			</report>
			<report>
				<misses>2736001</misses>
				<total>28</total>
				<timestamp>737.982548</timestamp>
			</report>
			<report>
				<misses>2737001</misses>
				<total>28</total>
				<timestamp>738.252281</timestamp>
			</report>
			<report>
				<misses>2738001</misses>
				<total>27</total>
				<timestamp>738.522083</timestamp>
			</report>
			<report>
				<misses>2739001</misses>
				<total>28</total>
				<timestamp>738.791723</timestamp>
			</report>
			<report>
				<misses>2740001</misses>
				<total>28</total>
				<timestamp>739.061455</timestamp>
			</report>
			<report>
				<misses>2741001</misses>
				<total>28</total>
				<timestamp>739.331189</timestamp>
			</report>
			<report>
				<misses>2742001</misses>
				<total>28</total>
				<timestamp>739.600967</timestamp>
			</report>
			<report>
				<misses>2743001</misses>
				<total>28</total>
				<timestamp>739.870644</timestamp>
			</report>
			<report>
				<misses>2744001</misses>
				<total>28</total>
				<timestamp>740.140374</timestamp>
			</report>
			<report>
				<misses>2745001</misses>
				<total>28</total>
				<timestamp>740.410104</timestamp>
			</report>
			<report>
				<misses>2746001</misses>
				<total>28</total>
				<timestamp>740.679891</timestamp>
			</report>
			<report>
				<misses>2747001</misses>
				<total>28</total>
				<timestamp>740.949561</timestamp>
			</report>
			<report>
				<misses>2748001</misses>
				<total>28</total>
				<timestamp>741.219304</timestamp>
			</report>
			<report>
				<misses>2749001</misses>
				<total>27</total>
				<timestamp>741.489126</timestamp>
			</report>
			<report>
				<misses>2750001</misses>
				<total>27</total>
				<timestamp>741.758860</timestamp>
			</report>
			<report>
				<misses>2751001</misses>
				<total>28</total>
				<timestamp>742.028479</timestamp>
			</report>
			<report>
				<misses>2752001</misses>
				<total>28</total>
				<timestamp>742.298265</timestamp>
			</report>
			<report>
				<misses>2753001</misses>
				<total>28</total>
				<timestamp>742.567947</timestamp>
			</report>
			<report>
				<misses>2754001</misses>
				<total>27</total>
				<timestamp>742.837850</timestamp>
			</report>
			<report>
				<misses>2755001</misses>
				<total>28</total>
				<timestamp>743.107431</timestamp>
			</report>
			<report>
				<misses>2756001</misses>
				<total>28</total>
				<timestamp>743.377128</timestamp>
			</report>
			<report>
				<misses>2757001</misses>
				<total>27</total>
				<timestamp>743.646950</timestamp>
			</report>
			<report>
				<misses>2758001</misses>
				<total>28</total>
				<timestamp>743.916597</timestamp>
			</report>
			<report>
				<misses>2759001</misses>
				<total>28</total>
				<timestamp>744.186342</timestamp>
			</report>
			<report>
				<misses>2760001</misses>
				<total>28</total>
				<timestamp>744.456079</timestamp>
			</report>
			<report>
				<misses>2761001</misses>
				<total>28</total>
				<timestamp>744.725814</timestamp>
			</report>
			<report>
				<misses>2762001</misses>
				<total>28</total>
				<timestamp>744.995518</timestamp>
			</report>
			<report>
				<misses>2763001</misses>
				<total>28</total>
				<timestamp>745.265240</timestamp>
			</report>
			<report>
				<misses>2764001</misses>
				<total>27</total>
				<timestamp>745.535070</timestamp>
			</report>
			<report>
				<misses>2765001</misses>
				<total>27</total>
				<timestamp>745.804832</timestamp>
			</report>
			<report>
				<misses>2766001</misses>
				<total>28</total>
				<timestamp>746.074441</timestamp>
			</report>
			<report>
				<misses>2767001</misses>
				<total>28</total>
				<timestamp>746.344189</timestamp>
			</report>
			<report>
				<misses>2768001</misses>
				<total>28</total>
				<timestamp>746.613905</timestamp>
			</report>
			<report>
				<misses>2769001</misses>
				<total>28</total>
				<timestamp>746.883622</timestamp>
			</report>
			<report>
				<misses>2770001</misses>
				<total>28</total>
				<timestamp>747.153369</timestamp>
			</report>
			<report>
				<misses>2771001</misses>
				<total>28</total>
				<timestamp>747.423078</timestamp>
			</report>
			<report>
				<misses>2772001</misses>
				<total>27</total>
				<timestamp>747.692920</timestamp>
			</report>
			<report>
				<misses>2773001</misses>
				<total>28</total>
				<timestamp>747.962543</timestamp>
			</report>
			<report>
				<misses>2774001</misses>
				<total>28</total>
				<timestamp>748.232288</timestamp>
			</report>
			<report>
				<misses>2775001</misses>
				<total>28</total>
				<timestamp>748.502034</timestamp>
			</report>
			<report>
				<misses>2776001</misses>
				<total>28</total>
				<timestamp>748.771790</timestamp>
			</report>
			<report>
				<misses>2777001</misses>
				<total>28</total>
				<timestamp>749.041461</timestamp>
			</report>
			<report>
				<misses>2778001</misses>
				<total>28</total>
				<timestamp>749.311188</timestamp>
			</report>
			<report>
				<misses>2779001</misses>
				<total>27</total>
				<timestamp>749.581027</timestamp>
			</report>
			<report>
				<misses>2780001</misses>
				<total>28</total>
				<timestamp>749.850670</timestamp>
			</report>
			<report>
				<misses>2781001</misses>
				<total>28</total>
				<timestamp>750.120406</timestamp>
			</report>
			<report>
				<misses>2782001</misses>
				<total>28</total>
				<timestamp>750.390135</timestamp>
			</report>
			<report>
				<misses>2783001</misses>
				<total>27</total>
				<timestamp>750.659988</timestamp>
			</report>
			<report>
				<misses>2784001</misses>
				<total>28</total>
				<timestamp>750.929586</timestamp>
			</report>
			<report>
				<misses>2785001</misses>
				<total>28</total>
				<timestamp>751.199324</timestamp>
			</report>
			<report>
				<misses>2786001</misses>
				<total>28</total>
				<timestamp>751.469060</timestamp>
			</report>
			<report>
				<misses>2787001</misses>
				<total>28</total>
				<timestamp>751.738809</timestamp>
			</report>
			<report>
				<misses>2788001</misses>
				<total>28</total>
				<timestamp>752.008509</timestamp>
			</report>
			<report>
				<misses>2789001</misses>
				<total>28</total>
				<timestamp>752.278264</timestamp>
			</report>
			<report>
				<misses>2790001</misses>
				<total>28</total>
				<timestamp>752.548031</timestamp>
			</report>
			<report>
				<misses>2791001</misses>
				<total>27</total>
				<timestamp>752.817804</timestamp>
			</report>
			<report>
				<misses>2792001</misses>
				<total>28</total>
				<timestamp>753.087431</timestamp>
			</report>
			<report>
				<misses>2793001</misses>
				<total>28</total>
				<timestamp>753.357205</timestamp>
			</report>
			<report>
				<misses>2794001</misses>
				<total>27</total>
				<timestamp>753.627008</timestamp>
			</report>
			<report>
				<misses>2795001</misses>
				<total>28</total>
				<timestamp>753.896626</timestamp>
			</report>
			<report>
				<misses>2796001</misses>
				<total>28</total>
				<timestamp>754.166363</timestamp>
			</report>
			<report>
				<misses>2797001</misses>
				<total>28</total>
				<timestamp>754.436065</timestamp>
			</report>
			<report>
				<misses>2798001</misses>
				<total>28</total>
				<timestamp>754.705903</timestamp>
			</report>
			<report>
				<misses>2799001</misses>
				<total>28</total>
				<timestamp>754.975547</timestamp>
			</report>
			<report>
				<misses>2800001</misses>
				<total>28</total>
				<timestamp>755.245282</timestamp>
			</report>
			<report>
				<misses>2801001</misses>
				<total>28</total>
				<timestamp>755.515014</timestamp>
			</report>
			<report>
				<misses>2802001</misses>
				<total>28</total>
				<timestamp>755.784759</timestamp>
			</report>
			<report>
				<misses>2803001</misses>
				<total>28</total>
				<timestamp>756.054438</timestamp>
			</report>
			<report>
				<misses>2804001</misses>
				<total>28</total>
				<timestamp>756.324232</timestamp>
			</report>
			<report>
				<misses>2805001</misses>
				<total>28</total>
				<timestamp>756.593931</timestamp>
			</report>
			<report>
				<misses>2806001</misses>
				<total>27</total>
				<timestamp>756.863769</timestamp>
			</report>
			<report>
				<misses>2807001</misses>
				<total>28</total>
				<timestamp>757.133363</timestamp>
			</report>
			<report>
				<misses>2808001</misses>
				<total>28</total>
				<timestamp>757.403119</timestamp>
			</report>
			<report>
				<misses>2809001</misses>
				<total>28</total>
				<timestamp>757.672864</timestamp>
			</report>
			<report>
				<misses>2810001</misses>
				<total>28</total>
				<timestamp>757.942568</timestamp>
			</report>
			<report>
				<misses>2811001</misses>
				<total>28</total>
				<timestamp>758.212313</timestamp>
			</report>
			<report>
				<misses>2812001</misses>
				<total>28</total>
				<timestamp>758.482014</timestamp>
			</report>
			<report>
				<misses>2813001</misses>
				<total>27</total>
				<timestamp>758.751879</timestamp>
			</report>
			<report>
				<misses>2814001</misses>
				<total>28</total>
				<timestamp>759.021484</timestamp>
			</report>
			<report>
				<misses>2815001</misses>
				<total>28</total>
				<timestamp>759.291205</timestamp>
			</report>
			<report>
				<misses>2816001</misses>
				<total>28</total>
				<timestamp>759.560967</timestamp>
			</report>
			<report>
				<misses>2817001</misses>
				<total>28</total>
				<timestamp>759.830739</timestamp>
			</report>
			<report>
				<misses>2818001</misses>
				<total>28</total>
				<timestamp>760.100392</timestamp>
			</report>
			<report>
				<misses>2819001</misses>
				<total>28</total>
				<timestamp>760.370184</timestamp>
			</report>
			<report>
				<misses>2820001</misses>
				<total>27</total>
				<timestamp>760.639964</timestamp>
			</report>
			<report>
				<misses>2821001</misses>
				<total>28</total>
				<timestamp>760.909712</timestamp>
			</report>
			<report>
				<misses>2822001</misses>
				<total>28</total>
				<timestamp>761.179326</timestamp>
			</report>
			<report>
				<misses>2823001</misses>
				<total>28</total>
				<timestamp>761.449051</timestamp>
			</report>
			<report>
				<misses>2824001</misses>
				<total>27</total>
				<timestamp>761.718862</timestamp>
			</report>
			<report>
				<misses>2825001</misses>
				<total>28</total>
				<timestamp>761.988501</timestamp>
			</report>
			<report>
				<misses>2826001</misses>
				<total>28</total>
				<timestamp>762.258266</timestamp>
			</report>
			<report>
				<misses>2827001</misses>
				<total>28</total>
				<timestamp>762.527979</timestamp>
			</report>
			<report>
				<misses>2828001</misses>
				<total>27</total>
				<timestamp>762.797820</timestamp>
			</report>
			<report>
				<misses>2829001</misses>
				<total>28</total>
				<timestamp>763.067426</timestamp>
			</report>
			<report>
				<misses>2830001</misses>
				<total>28</total>
				<timestamp>763.337186</timestamp>
			</report>
			<report>
				<misses>2831001</misses>
				<total>28</total>
				<timestamp>763.606893</timestamp>
			</report>
			<report>
				<misses>2832001</misses>
				<total>27</total>
				<timestamp>763.876733</timestamp>
			</report>
			<report>
				<misses>2833001</misses>
				<total>28</total>
				<timestamp>764.146360</timestamp>
			</report>
			<report>
				<misses>2834001</misses>
				<total>28</total>
				<timestamp>764.416083</timestamp>
			</report>
			<report>
				<misses>2835001</misses>
				<total>28</total>
				<timestamp>764.685830</timestamp>
			</report>
			<report>
				<misses>2836001</misses>
				<total>28</total>
				<timestamp>764.955555</timestamp>
			</report>
			<report>
				<misses>2837001</misses>
				<total>28</total>
				<timestamp>765.225269</timestamp>
			</report>
			<report>
				<misses>2838001</misses>
				<total>28</total>
				<timestamp>765.495003</timestamp>
			</report>
			<report>
				<misses>2839001</misses>
				<total>28</total>
				<timestamp>765.764745</timestamp>
			</report>
			<report>
				<misses>2840001</misses>
				<total>28</total>
				<timestamp>766.034464</timestamp>
			</report>
			<report>
				<misses>2841001</misses>
				<total>28</total>
				<timestamp>766.304190</timestamp>
			</report>
			<report>
				<misses>2842001</misses>
				<total>28</total>
				<timestamp>766.573929</timestamp>
			</report>
			<report>
				<misses>2843001</misses>
				<total>28</total>
				<timestamp>766.843674</timestamp>
			</report>
			<report>
				<misses>2844001</misses>
				<total>28</total>
				<timestamp>767.113379</timestamp>
			</report>
			<report>
				<misses>2845001</misses>
				<total>28</total>
				<timestamp>767.383144</timestamp>
			</report>
			<report>
				<misses>2846001</misses>
				<total>28</total>
				<timestamp>767.652856</timestamp>
			</report>
			<report>
				<misses>2847001</misses>
				<total>27</total>
				<timestamp>767.922721</timestamp>
			</report>
			<report>
				<misses>2848001</misses>
				<total>28</total>
				<timestamp>768.192378</timestamp>
			</report>
			<report>
				<misses>2849001</misses>
				<total>28</total>
				<timestamp>768.462046</timestamp>
			</report>
			<report>
				<misses>2850001</misses>
				<total>28</total>
				<timestamp>768.731764</timestamp>
			</report>
			<report>
				<misses>2851001</misses>
				<total>28</total>
				<timestamp>769.001515</timestamp>
			</report>
			<report>
				<misses>2852001</misses>
				<total>28</total>
				<timestamp>769.271261</timestamp>
			</report>
			<report>
				<misses>2853001</misses>
				<total>28</total>
				<timestamp>769.540970</timestamp>
			</report>
			<report>
				<misses>2854001</misses>
				<total>27</total>
				<timestamp>769.810799</timestamp>
			</report>
			<report>
				<misses>2855001</misses>
				<total>28</total>
				<timestamp>770.080418</timestamp>
			</report>
			<report>
				<misses>2856001</misses>
				<total>28</total>
				<timestamp>770.350177</timestamp>
			</report>
			<report>
				<misses>2857001</misses>
				<total>28</total>
				<timestamp>770.619926</timestamp>
			</report>
			<report>
				<misses>2858001</misses>
				<total>28</total>
				<timestamp>770.889696</timestamp>
			</report>
			<report>
				<misses>2859001</misses>
				<total>28</total>
				<timestamp>771.159451</timestamp>
			</report>
			<report>
				<misses>2860001</misses>
				<total>28</total>
				<timestamp>771.429067</timestamp>
			</report>
			<report>
				<misses>2861001</misses>
				<total>27</total>
				<timestamp>771.698919</timestamp>
			</report>
			<report>
				<misses>2862001</misses>
				<total>28</total>
				<timestamp>771.968538</timestamp>
			</report>
			<report>
				<misses>2863001</misses>
				<total>28</total>
				<timestamp>772.238377</timestamp>
			</report>
			<report>
				<misses>2864001</misses>
				<total>28</total>
				<timestamp>772.508119</timestamp>
			</report>
			<report>
				<misses>2865001</misses>
				<total>28</total>
				<timestamp>772.777837</timestamp>
			</report>
			<report>
				<misses>2866001</misses>
				<total>28</total>
				<timestamp>773.047440</timestamp>
			</report>
			<report>
				<misses>2867001</misses>
				<total>28</total>
				<timestamp>773.317179</timestamp>
			</report>
			<report>
				<misses>2868001</misses>
				<total>28</total>
				<timestamp>773.586903</timestamp>
			</report>
			<report>
				<misses>2869001</misses>
				<total>28</total>
				<timestamp>773.856760</timestamp>
			</report>
			<report>
				<misses>2870001</misses>
				<total>28</total>
				<timestamp>774.126490</timestamp>
			</report>
			<report>
				<misses>2871001</misses>
				<total>28</total>
				<timestamp>774.396214</timestamp>
			</report>
			<report>
				<misses>2872001</misses>
				<total>28</total>
				<timestamp>774.665939</timestamp>
			</report>
			<report>
				<misses>2873001</misses>
				<total>28</total>
				<timestamp>774.935678</timestamp>
			</report>
			<report>
				<misses>2874001</misses>
				<total>28</total>
				<timestamp>775.205406</timestamp>
			</report>
			<report>
				<misses>2875001</misses>
				<total>28</total>
				<timestamp>775.475008</timestamp>
			</report>
			<report>
				<misses>2876001</misses>
				<total>28</total>
				<timestamp>775.744860</timestamp>
			</report>
			<report>
				<misses>2877001</misses>
				<total>28</total>
				<timestamp>776.014587</timestamp>
			</report>
			<report>
				<misses>2878001</misses>
				<total>28</total>
				<timestamp>776.284323</timestamp>
			</report>
			<report>
				<misses>2879001</misses>
				<total>28</total>
				<timestamp>776.553929</timestamp>
			</report>
			<report>
				<misses>2880001</misses>
				<total>28</total>
				<timestamp>776.823791</timestamp>
			</report>
			<report>
				<misses>2881001</misses>
				<total>28</total>
				<timestamp>777.093393</timestamp>
			</report>
			<report>
				<misses>2882001</misses>
				<total>28</total>
				<timestamp>777.363247</timestamp>
			</report>
			<report>
				<misses>2883001</misses>
				<total>28</total>
				<timestamp>777.632846</timestamp>
			</report>
			<report>
				<misses>2884001</misses>
				<total>28</total>
				<timestamp>777.902715</timestamp>
			</report>
			<report>
				<misses>2885001</misses>
				<total>28</total>
				<timestamp>778.172440</timestamp>
			</report>
			<report>
				<misses>2886001</misses>
				<total>28</total>
				<timestamp>778.442168</timestamp>
			</report>
			<report>
				<misses>2887001</misses>
				<total>28</total>
				<timestamp>778.711779</timestamp>
			</report>
			<report>
				<misses>2888001</misses>
				<total>27</total>
				<timestamp>778.981643</timestamp>
			</report>
			<report>
				<misses>2889001</misses>
				<total>28</total>
				<timestamp>779.251355</timestamp>
			</report>
			<report>
				<misses>2890001</misses>
				<total>28</total>
				<timestamp>779.520958</timestamp>
			</report>
			<report>
				<misses>2891001</misses>
				<total>28</total>
				<timestamp>779.790813</timestamp>
			</report>
			<report>
				<misses>2892001</misses>
				<total>28</total>
				<timestamp>780.060414</timestamp>
			</report>
			<report>
				<misses>2893001</misses>
				<total>28</total>
				<timestamp>780.330156</timestamp>
			</report>
			<report>
				<misses>2894001</misses>
				<total>28</total>
				<timestamp>780.599888</timestamp>
			</report>
			<report>
				<misses>2895001</misses>
				<total>27</total>
				<timestamp>780.869750</timestamp>
			</report>
			<report>
				<misses>2896001</misses>
				<total>28</total>
				<timestamp>781.139382</timestamp>
			</report>
			<report>
				<misses>2897001</misses>
				<total>28</total>
				<timestamp>781.409111</timestamp>
			</report>
			<report>
				<misses>2898001</misses>
				<total>28</total>
				<timestamp>781.678854</timestamp>
			</report>
			<report>
				<misses>2899001</misses>
				<total>28</total>
				<timestamp>781.948605</timestamp>
			</report>
			<report>
				<misses>2900001</misses>
				<total>28</total>
				<timestamp>782.218255</timestamp>
			</report>
			<report>
				<misses>2901001</misses>
				<total>28</total>
				<timestamp>782.487993</timestamp>
			</report>
			<report>
				<misses>2902001</misses>
				<total>27</total>
				<timestamp>782.757852</timestamp>
			</report>
			<report>
				<misses>2903001</misses>
				<total>28</total>
				<timestamp>783.027434</timestamp>
			</report>
			<report>
				<misses>2904001</misses>
				<total>28</total>
				<timestamp>783.297173</timestamp>
			</report>
			<report>
				<misses>2905001</misses>
				<total>28</total>
				<timestamp>783.566960</timestamp>
			</report>
			<report>
				<misses>2906001</misses>
				<total>28</total>
				<timestamp>783.836721</timestamp>
			</report>
			<report>
				<misses>2907001</misses>
				<total>28</total>
				<timestamp>784.106365</timestamp>
			</report>
			<report>
				<misses>2908001</misses>
				<total>28</total>
				<timestamp>784.376112</timestamp>
			</report>
			<report>
				<misses>2909001</misses>
				<total>28</total>
				<timestamp>784.645835</timestamp>
			</report>
			<report>
				<misses>2910001</misses>
				<total>27</total>
				<timestamp>784.915689</timestamp>
			</report>
			<report>
				<misses>2911001</misses>
				<total>28</total>
				<timestamp>785.185281</timestamp>
			</report>
			<report>
				<misses>2912001</misses>
				<total>28</total>
				<timestamp>785.455026</timestamp>
			</report>
			<report>
				<misses>2913001</misses>
				<total>28</total>
				<timestamp>785.724743</timestamp>
			</report>
			<report>
				<misses>2914001</misses>
				<total>28</total>
				<timestamp>785.994607</timestamp>
			</report>
			<report>
				<misses>2915001</misses>
				<total>28</total>
				<timestamp>786.264203</timestamp>
			</report>
			<report>
				<misses>2916001</misses>
				<total>28</total>
				<timestamp>786.533945</timestamp>
			</report>
			<report>
				<misses>2917001</misses>
				<total>28</total>
				<timestamp>786.803679</timestamp>
			</report>
			<report>
				<misses>2918001</misses>
				<total>28</total>
				<timestamp>787.073404</timestamp>
			</report>
			<report>
				<misses>2919001</misses>
				<total>28</total>
				<timestamp>787.343135</timestamp>
			</report>
			<report>
				<misses>2920001</misses>
				<total>28</total>
				<timestamp>787.612871</timestamp>
			</report>
			<report>
				<misses>2921001</misses>
				<total>28</total>
				<timestamp>787.882622</timestamp>
			</report>
			<report>
				<misses>2922001</misses>
				<total>28</total>
				<timestamp>788.152346</timestamp>
			</report>
			<report>
				<misses>2923001</misses>
				<total>28</total>
				<timestamp>788.422097</timestamp>
			</report>
			<report>
				<misses>2924001</misses>
				<total>28</total>
				<timestamp>788.691792</timestamp>
			</report>
			<report>
				<misses>2925001</misses>
				<total>28</total>
				<timestamp>788.961567</timestamp>
			</report>
			<report>
				<misses>2926001</misses>
				<total>28</total>
				<timestamp>789.231242</timestamp>
			</report>
			<report>
				<misses>2927001</misses>
				<total>28</total>
				<timestamp>789.500970</timestamp>
			</report>
			<report>
				<misses>2928001</misses>
				<total>27</total>
				<timestamp>789.770785</timestamp>
			</report>
			<report>
				<misses>2929001</misses>
				<total>28</total>
				<timestamp>790.040472</timestamp>
			</report>
			<report>
				<misses>2930001</misses>
				<total>28</total>
				<timestamp>790.310176</timestamp>
			</report>
			<report>
				<misses>2931001</misses>
				<total>28</total>
				<timestamp>790.579906</timestamp>
			</report>
			<report>
				<misses>2932001</misses>
				<total>28</total>
				<timestamp>790.849667</timestamp>
			</report>
			<report>
				<misses>2933001</misses>
				<total>28</total>
				<timestamp>791.119351</timestamp>
			</report>
			<report>
				<misses>2934001</misses>
				<total>28</total>
				<timestamp>791.389093</timestamp>
			</report>
			<report>
				<misses>2935001</misses>
				<total>28</total>
				<timestamp>791.658821</timestamp>
			</report>
			<report>
				<misses>2936001</misses>
				<total>28</total>
				<timestamp>791.928559</timestamp>
			</report>
			<report>
				<misses>2937001</misses>
				<total>28</total>
				<timestamp>792.198291</timestamp>
			</report>
			<report>
				<misses>2938001</misses>
				<total>28</total>
				<timestamp>792.467992</timestamp>
			</report>
			<report>
				<misses>2939001</misses>
				<total>28</total>
				<timestamp>792.737768</timestamp>
			</report>
			<report>
				<misses>2940001</misses>
				<total>28</total>
				<timestamp>793.007590</timestamp>
			</report>
			<report>
				<misses>2941001</misses>
				<total>28</total>
				<timestamp>793.277321</timestamp>
			</report>
			<report>
				<misses>2942001</misses>
				<total>27</total>
				<timestamp>793.547049</timestamp>
			</report>
			<report>
				<misses>2943001</misses>
				<total>28</total>
				<timestamp>793.816780</timestamp>
			</report>
			<report>
				<misses>2944001</misses>
				<total>28</total>
				<timestamp>794.086514</timestamp>
			</report>
			<report>
				<misses>2945001</misses>
				<total>28</total>
				<timestamp>794.356242</timestamp>
			</report>
			<report>
				<misses>2946001</misses>
				<total>28</total>
				<timestamp>794.625838</timestamp>
			</report>
			<report>
				<misses>2947001</misses>
				<total>28</total>
				<timestamp>794.895692</timestamp>
			</report>
			<report>
				<misses>2948001</misses>
				<total>28</total>
				<timestamp>795.165432</timestamp>
			</report>
			<report>
				<misses>2949001</misses>
				<total>28</total>
				<timestamp>795.435157</timestamp>
			</report>
			<report>
				<misses>2950001</misses>
				<total>28</total>
				<timestamp>795.704882</timestamp>
			</report>
			<report>
				<misses>2951001</misses>
				<total>27</total>
				<timestamp>795.974636</timestamp>
			</report>
			<report>
				<misses>2952001</misses>
				<total>28</total>
				<timestamp>796.244218</timestamp>
			</report>
			<report>
				<misses>2953001</misses>
				<total>28</total>
				<timestamp>796.513958</timestamp>
			</report>
			<report>
				<misses>2954001</misses>
				<total>28</total>
				<timestamp>796.783804</timestamp>
			</report>
			<report>
				<misses>2955001</misses>
				<total>27</total>
				<timestamp>797.053539</timestamp>
			</report>
			<report>
				<misses>2956001</misses>
				<total>28</total>
				<timestamp>797.323264</timestamp>
			</report>
			<report>
				<misses>2957001</misses>
				<total>28</total>
				<timestamp>797.592998</timestamp>
			</report>
			<report>
				<misses>2958001</misses>
				<total>28</total>
				<timestamp>797.862731</timestamp>
			</report>
			<report>
				<misses>2959001</misses>
				<total>27</total>
				<timestamp>798.132493</timestamp>
			</report>
			<report>
				<misses>2960001</misses>
				<total>28</total>
				<timestamp>798.402188</timestamp>
			</report>
			<report>
				<misses>2961001</misses>
				<total>28</total>
				<timestamp>798.671790</timestamp>
			</report>
			<report>
				<misses>2962001</misses>
				<total>27</total>
				<timestamp>798.941647</timestamp>
			</report>
			<report>
				<misses>2963001</misses>
				<total>28</total>
				<timestamp>799.211251</timestamp>
			</report>
			<report>
				<misses>2964001</misses>
				<total>28</total>
				<timestamp>799.481110</timestamp>
			</report>
			<report>
				<misses>2965001</misses>
				<total>28</total>
				<timestamp>799.750836</timestamp>
			</report>
			<report>
				<misses>2966001</misses>
				<total>28</total>
				<timestamp>800.020509</timestamp>
			</report>
			<report>
				<misses>2967001</misses>
				<total>28</total>
				<timestamp>800.290164</timestamp>
			</report>
			<report>
				<misses>2968001</misses>
				<total>28</total>
				<timestamp>800.559901</timestamp>
			</report>
			<report>
				<misses>2969001</misses>
				<total>27</total>
				<timestamp>800.829751</timestamp>
			</report>
			<report>
				<misses>2970001</misses>
				<total>27</total>
				<timestamp>801.099493</timestamp>
			</report>
			<report>
				<misses>2971001</misses>
				<total>28</total>
				<timestamp>801.369097</timestamp>
			</report>
			<report>
				<misses>2972001</misses>
				<total>28</total>
				<timestamp>801.638807</timestamp>
			</report>
			<report>
				<misses>2973001</misses>
				<total>28</total>
				<timestamp>801.908615</timestamp>
			</report>
			<report>
				<misses>2974001</misses>
				<total>28</total>
				<timestamp>802.178280</timestamp>
			</report>
			<report>
				<misses>2975001</misses>
				<total>28</total>
				<timestamp>802.448010</timestamp>
			</report>
			<report>
				<misses>2976001</misses>
				<total>28</total>
				<timestamp>802.717730</timestamp>
			</report>
			<report>
				<misses>2977001</misses>
				<total>27</total>
				<timestamp>802.987590</timestamp>
			</report>
			<report>
				<misses>2978001</misses>
				<total>28</total>
				<timestamp>803.257208</timestamp>
			</report>
			<report>
				<misses>2979001</misses>
				<total>28</total>
				<timestamp>803.526943</timestamp>
			</report>
			<report>
				<misses>2980001</misses>
				<total>28</total>
				<timestamp>803.796652</timestamp>
			</report>
			<report>
				<misses>2981001</misses>
				<total>27</total>
				<timestamp>804.066486</timestamp>
			</report>
			<report>
				<misses>2982001</misses>
				<total>28</total>
				<timestamp>804.336134</timestamp>
			</report>
			<report>
				<misses>2983001</misses>
				<total>28</total>
				<timestamp>804.605843</timestamp>
			</report>
			<report>
				<misses>2984001</misses>
				<total>28</total>
				<timestamp>804.875599</timestamp>
			</report>
			<report>
				<misses>2985001</misses>
				<total>27</total>
				<timestamp>805.145472</timestamp>
			</report>
			<report>
				<misses>2986001</misses>
				<total>28</total>
				<timestamp>805.415025</timestamp>
			</report>
			<report>
				<misses>2987001</misses>
				<total>28</total>
				<timestamp>805.684767</timestamp>
			</report>
			<report>
				<misses>2988001</misses>
				<total>27</total>
				<timestamp>805.954575</timestamp>
			</report>
			<report>
				<misses>2989001</misses>
				<total>28</total>
				<timestamp>806.224220</timestamp>
			</report>
			<report>
				<misses>2990001</misses>
				<total>28</total>
				<timestamp>806.493957</timestamp>
			</report>
			<report>
				<misses>2991001</misses>
				<total>28</total>
				<timestamp>806.763683</timestamp>
			</report>
			<report>
				<misses>2992001</misses>
				<total>28</total>
				<timestamp>807.033465</timestamp>
			</report>
			<report>
				<misses>2993001</misses>
				<total>28</total>
				<timestamp>807.303169</timestamp>
			</report>
			<report>
				<misses>2994001</misses>
				<total>28</total>
				<timestamp>807.572906</timestamp>
			</report>
			<report>
				<misses>2995001</misses>
				<total>27</total>
				<timestamp>807.842687</timestamp>
			</report>
			<report>
				<misses>2996001</misses>
				<total>27</total>
				<timestamp>808.112452</timestamp>
			</report>
			<report>
				<misses>2997001</misses>
				<total>28</total>
				<timestamp>808.382073</timestamp>
			</report>
			<report>
				<misses>2998001</misses>
				<total>28</total>
				<timestamp>808.651793</timestamp>
			</report>
			<report>
				<misses>2999001</misses>
				<total>28</total>
				<timestamp>808.921560</timestamp>
			</report>
			<report>
				<misses>3000001</misses>
				<total>28</total>
				<timestamp>809.191295</timestamp>
			</report>
			<report>
				<misses>3001001</misses>
				<total>28</total>
				<timestamp>809.460987</timestamp>
			</report>
			<report>
				<misses>3002001</misses>
				<total>28</total>
				<timestamp>809.730701</timestamp>
			</report>
			<report>
				<misses>3003001</misses>
				<total>28</total>
				<timestamp>810.000474</timestamp>
			</report>
			<report>
				<misses>3004001</misses>
				<total>28</total>
				<timestamp>810.270180</timestamp>
			</report>
			<report>
				<misses>3005001</misses>
				<total>28</total>
				<timestamp>810.539905</timestamp>
			</report>
			<report>
				<misses>3006001</misses>
				<total>28</total>
				<timestamp>810.809652</timestamp>
			</report>
			<report>
				<misses>3007001</misses>
				<total>28</total>
				<timestamp>811.079442</timestamp>
			</report>
			<report>
				<misses>3008001</misses>
				<total>28</total>
				<timestamp>811.349104</timestamp>
			</report>
			<report>
				<misses>3009001</misses>
				<total>28</total>
				<timestamp>811.618833</timestamp>
			</report>
			<report>
				<misses>3010001</misses>
				<total>28</total>
				<timestamp>811.888632</timestamp>
			</report>
			<report>
				<misses>3011001</misses>
				<total>28</total>
				<timestamp>812.158308</timestamp>
			</report>
			<report>
				<misses>3012001</misses>
				<total>28</total>
				<timestamp>812.428012</timestamp>
			</report>
			<report>
				<misses>3013001</misses>
				<total>28</total>
				<timestamp>812.697742</timestamp>
			</report>
			<report>
				<misses>3014001</misses>
				<total>28</total>
				<timestamp>812.967487</timestamp>
			</report>
			<report>
				<misses>3015001</misses>
				<total>28</total>
				<timestamp>813.237211</timestamp>
			</report>
			<report>
				<misses>3016001</misses>
				<total>28</total>
				<timestamp>813.506988</timestamp>
			</report>
			<report>
				<misses>3017001</misses>
				<total>28</total>
				<timestamp>813.776665</timestamp>
			</report>
			<report>
				<misses>3018001</misses>
				<total>28</total>
				<timestamp>814.046453</timestamp>
			</report>
			<report>
				<misses>3019001</misses>
				<total>28</total>
				<timestamp>814.316143</timestamp>
			</report>
			<report>
				<misses>3020001</misses>
				<total>28</total>
				<timestamp>814.585909</timestamp>
			</report>
			<report>
				<misses>3021001</misses>
				<total>28</total>
				<timestamp>814.855640</timestamp>
			</report>
			<report>
				<misses>3022001</misses>
				<total>28</total>
				<timestamp>815.125391</timestamp>
			</report>
			<report>
				<misses>3023001</misses>
				<total>28</total>
				<timestamp>815.395067</timestamp>
			</report>
			<report>
				<misses>3024001</misses>
				<total>28</total>
				<timestamp>815.664778</timestamp>
			</report>
			<report>
				<misses>3025001</misses>
				<total>28</total>
				<timestamp>815.934560</timestamp>
			</report>
			<report>
				<misses>3026001</misses>
				<total>27</total>
				<timestamp>816.204374</timestamp>
			</report>
			<report>
				<misses>3027001</misses>
				<total>28</total>
				<timestamp>816.473984</timestamp>
			</report>
			<report>
				<misses>3028001</misses>
				<total>28</total>
				<timestamp>816.743709</timestamp>
			</report>
			<report>
				<misses>3029001</misses>
				<total>28</total>
				<timestamp>817.013498</timestamp>
			</report>
			<report>
				<misses>3030001</misses>
				<total>28</total>
				<timestamp>817.283157</timestamp>
			</report>
			<report>
				<misses>3031001</misses>
				<total>28</total>
				<timestamp>817.552936</timestamp>
			</report>
			<report>
				<misses>3032001</misses>
				<total>28</total>
				<timestamp>817.822615</timestamp>
			</report>
			<report>
				<misses>3033001</misses>
				<total>28</total>
				<timestamp>818.092403</timestamp>
			</report>
			<report>
				<misses>3034001</misses>
				<total>28</total>
				<timestamp>818.362090</timestamp>
			</report>
			<report>
				<misses>3035001</misses>
				<total>28</total>
				<timestamp>818.631822</timestamp>
			</report>
			<report>
				<misses>3036001</misses>
				<total>27</total>
				<timestamp>818.901628</timestamp>
			</report>
			<report>
				<misses>3037001</misses>
				<total>27</total>
				<timestamp>819.171387</timestamp>
			</report>
			<report>
				<misses>3038001</misses>
				<total>28</total>
				<timestamp>819.441009</timestamp>
			</report>
			<report>
				<misses>3039001</misses>
				<total>28</total>
				<timestamp>819.710715</timestamp>
			</report>
			<report>
				<misses>3040001</misses>
				<total>28</total>
				<timestamp>819.980471</timestamp>
			</report>
			<report>
				<misses>3041001</misses>
				<total>28</total>
				<timestamp>820.250202</timestamp>
			</report>
			<report>
				<misses>3042001</misses>
				<total>28</total>
				<timestamp>820.519932</timestamp>
			</report>
			<report>
				<misses>3043001</misses>
				<total>28</total>
				<timestamp>820.789698</timestamp>
			</report>
			<report>
				<misses>3044001</misses>
				<total>27</total>
				<timestamp>821.059519</timestamp>
			</report>
			<report>
				<misses>3045001</misses>
				<total>28</total>
				<timestamp>821.329153</timestamp>
			</report>
			<report>
				<misses>3046001</misses>
				<total>28</total>
				<timestamp>821.598827</timestamp>
			</report>
			<report>
				<misses>3047001</misses>
				<total>28</total>
				<timestamp>821.868584</timestamp>
			</report>
			<report>
				<misses>3048001</misses>
				<total>28</total>
				<timestamp>822.138300</timestamp>
			</report>
			<report>
				<misses>3049001</misses>
				<total>28</total>
				<timestamp>822.408070</timestamp>
			</report>
			<report>
				<misses>3050001</misses>
				<total>28</total>
				<timestamp>822.677763</timestamp>
			</report>
			<report>
				<misses>3051001</misses>
				<total>27</total>
				<timestamp>822.947601</timestamp>
			</report>
			<report>
				<misses>3052001</misses>
				<total>28</total>
				<timestamp>823.217250</timestamp>
			</report>
			<report>
				<misses>3053001</misses>
				<total>28</total>
				<timestamp>823.486953</timestamp>
			</report>
			<report>
				<misses>3054001</misses>
				<total>28</total>
				<timestamp>823.756675</timestamp>
			</report>
			<report>
				<misses>3055001</misses>
				<total>28</total>
				<timestamp>824.026471</timestamp>
			</report>
			<report>
				<misses>3056001</misses>
				<total>28</total>
				<timestamp>824.296143</timestamp>
			</report>
			<report>
				<misses>3057001</misses>
				<total>28</total>
				<timestamp>824.565882</timestamp>
			</report>
			<report>
				<misses>3058001</misses>
				<total>28</total>
				<timestamp>824.835598</timestamp>
			</report>
			<report>
				<misses>3059001</misses>
				<total>28</total>
				<timestamp>825.105355</timestamp>
			</report>
			<report>
				<misses>3060001</misses>
				<total>28</total>
				<timestamp>825.375064</timestamp>
			</report>
			<report>
				<misses>3061001</misses>
				<total>28</total>
				<timestamp>825.644797</timestamp>
			</report>
			<report>
				<misses>3062001</misses>
				<total>28</total>
				<timestamp>825.914524</timestamp>
			</report>
			<report>
				<misses>3063001</misses>
				<total>27</total>
				<timestamp>826.184331</timestamp>
			</report>
			<report>
				<misses>3064001</misses>
				<total>28</total>
				<timestamp>826.453992</timestamp>
			</report>
			<report>
				<misses>3065001</misses>
				<total>28</total>
				<timestamp>826.723700</timestamp>
			</report>
			<report>
				<misses>3066001</misses>
				<total>27</total>
				<timestamp>826.993543</timestamp>
			</report>
			<report>
				<misses>3067001</misses>
				<total>27</total>
				<timestamp>827.263332</timestamp>
			</report>
			<report>
				<misses>3068001</misses>
				<total>28</total>
				<timestamp>827.532896</timestamp>
			</report>
			<report>
				<misses>3069001</misses>
				<total>28</total>
				<timestamp>827.802638</timestamp>
			</report>
			<report>
				<misses>3070001</misses>
				<total>28</total>
				<timestamp>828.072431</timestamp>
			</report>
			<report>
				<misses>3071001</misses>
				<total>28</total>
				<timestamp>828.342081</timestamp>
			</report>
			<report>
				<misses>3072001</misses>
				<total>28</total>
				<timestamp>828.611842</timestamp>
			</report>
			<report>
				<misses>3073001</misses>
				<total>28</total>
				<timestamp>828.881564</timestamp>
			</report>
			<report>
				<misses>3074001</misses>
				<total>28</total>
				<timestamp>829.151334</timestamp>
			</report>
			<report>
				<misses>3075001</misses>
				<total>28</total>
				<timestamp>829.421045</timestamp>
			</report>
			<report>
				<misses>3076001</misses>
				<total>28</total>
				<timestamp>829.690748</timestamp>
			</report>
			<report>
				<misses>3077001</misses>
				<total>28</total>
				<timestamp>829.960470</timestamp>
			</report>
			<report>
				<misses>3078001</misses>
				<total>27</total>
				<timestamp>830.230320</timestamp>
			</report>
			<report>
				<misses>3079001</misses>
				<total>28</total>
				<timestamp>830.499982</timestamp>
			</report>
			<report>
				<misses>3080001</misses>
				<total>28</total>
				<timestamp>830.769655</timestamp>
			</report>
			<report>
				<misses>3081001</misses>
				<total>28</total>
				<timestamp>831.039408</timestamp>
			</report>
			<report>
				<misses>3082001</misses>
				<total>28</total>
				<timestamp>831.309139</timestamp>
			</report>
			<report>
				<misses>3083001</misses>
				<total>28</total>
				<timestamp>831.578911</timestamp>
			</report>
			<report>
				<misses>3084001</misses>
				<total>28</total>
				<timestamp>831.848575</timestamp>
			</report>
			<report>
				<misses>3085001</misses>
				<total>27</total>
				<timestamp>832.118423</timestamp>
			</report>
			<report>
				<misses>3086001</misses>
				<total>28</total>
				<timestamp>832.388038</timestamp>
			</report>
			<report>
				<misses>3087001</misses>
				<total>28</total>
				<timestamp>832.657794</timestamp>
			</report>
			<report>
				<misses>3088001</misses>
				<total>28</total>
				<timestamp>832.927506</timestamp>
			</report>
			<report>
				<misses>3089001</misses>
				<total>28</total>
				<timestamp>833.197277</timestamp>
			</report>
			<report>
				<misses>3090001</misses>
				<total>28</total>
				<timestamp>833.466967</timestamp>
			</report>
			<report>
				<misses>3091001</misses>
				<total>28</total>
				<timestamp>833.736683</timestamp>
			</report>
			<report>
				<misses>3092001</misses>
				<total>28</total>
				<timestamp>834.006430</timestamp>
			</report>
			<report>
				<misses>3093001</misses>
				<total>27</total>
				<timestamp>834.276349</timestamp>
			</report>
			<report>
				<misses>3094001</misses>
				<total>28</total>
				<timestamp>834.545891</timestamp>
			</report>
			<report>
				<misses>3095001</misses>
				<total>28</total>
				<timestamp>834.815603</timestamp>
			</report>
			<report>
				<misses>3096001</misses>
				<total>28</total>
				<timestamp>835.085406</timestamp>
			</report>
			<report>
				<misses>3097001</misses>
				<total>28</total>
				<timestamp>835.355069</timestamp>
			</report>
			<report>
				<misses>3098001</misses>
				<total>28</total>
				<timestamp>835.624843</timestamp>
			</report>
			<report>
				<misses>3099001</misses>
				<total>28</total>
				<timestamp>835.894521</timestamp>
			</report>
			<report>
				<misses>3100001</misses>
				<total>27</total>
				<timestamp>836.164370</timestamp>
			</report>
			<report>
				<misses>3101001</misses>
				<total>28</total>
				<timestamp>836.434014</timestamp>
			</report>
			<report>
				<misses>3102001</misses>
				<total>28</total>
				<timestamp>836.703730</timestamp>
			</report>
			<report>
				<misses>3103001</misses>
				<total>28</total>
				<timestamp>836.973497</timestamp>
			</report>
			<report>
				<misses>3104001</misses>
				<total>28</total>
				<timestamp>837.243280</timestamp>
			</report>
			<report>
				<misses>3105001</misses>
				<total>28</total>
				<timestamp>837.512917</timestamp>
			</report>
			<report>
				<misses>3106001</misses>
				<total>28</total>
				<timestamp>837.782626</timestamp>
			</report>
			<report>
				<misses>3107001</misses>
				<total>28</total>
				<timestamp>838.052381</timestamp>
			</report>
			<report>
				<misses>3108001</misses>
				<total>27</total>
				<timestamp>838.322269</timestamp>
			</report>
			<report>
				<misses>3109001</misses>
				<total>28</total>
				<timestamp>838.591829</timestamp>
			</report>
			<report>
				<misses>3110001</misses>
				<total>28</total>
				<timestamp>838.861560</timestamp>
			</report>
			<report>
				<misses>3111001</misses>
				<total>27</total>
				<timestamp>839.131365</timestamp>
			</report>
			<report>
				<misses>3112001</misses>
				<total>28</total>
				<timestamp>839.401032</timestamp>
			</report>
			<report>
				<misses>3113001</misses>
				<total>28</total>
				<timestamp>839.670760</timestamp>
			</report>
			<report>
				<misses>3114001</misses>
				<total>28</total>
				<timestamp>839.940478</timestamp>
			</report>
			<report>
				<misses>3115001</misses>
				<total>28</total>
				<timestamp>840.210246</timestamp>
			</report>
			<report>
				<misses>3116001</misses>
				<total>28</total>
				<timestamp>840.479945</timestamp>
			</report>
			<report>
				<misses>3117001</misses>
				<total>28</total>
				<timestamp>840.749698</timestamp>
			</report>
			<report>
				<misses>3118001</misses>
				<total>28</total>
				<timestamp>841.019472</timestamp>
			</report>
			<report>
				<misses>3119001</misses>
				<total>27</total>
				<timestamp>841.289254</timestamp>
			</report>
			<report>
				<misses>3120001</misses>
				<total>27</total>
				<timestamp>841.558990</timestamp>
			</report>
			<report>
				<misses>3121001</misses>
				<total>28</total>
				<timestamp>841.828586</timestamp>
			</report>
			<report>
				<misses>3122001</misses>
				<total>28</total>
				<timestamp>842.098372</timestamp>
			</report>
			<report>
				<misses>3123001</misses>
				<total>28</total>
				<timestamp>842.368191</timestamp>
			</report>
			<report>
				<misses>3124001</misses>
				<total>28</total>
				<timestamp>842.637789</timestamp>
			</report>
			<report>
				<misses>3125001</misses>
				<total>28</total>
				<timestamp>842.907514</timestamp>
			</report>
			<report>
				<misses>3126001</misses>
				<total>27</total>
				<timestamp>843.177340</timestamp>
			</report>
			<report>
				<misses>3127001</misses>
				<total>28</total>
				<timestamp>843.446983</timestamp>
			</report>
			<report>
				<misses>3128001</misses>
				<total>28</total>
				<timestamp>843.716688</timestamp>
			</report>
			<report>
				<misses>3129001</misses>
				<total>28</total>
				<timestamp>843.986464</timestamp>
			</report>
			<report>
				<misses>3130001</misses>
				<total>28</total>
				<timestamp>844.256212</timestamp>
			</report>
			<report>
				<misses>3131001</misses>
				<total>28</total>
				<timestamp>844.525899</timestamp>
			</report>
			<report>
				<misses>3132001</misses>
				<total>28</total>
				<timestamp>844.795639</timestamp>
			</report>
			<report>
				<misses>3133001</misses>
				<total>28</total>
				<timestamp>845.065349</timestamp>
			</report>
			<report>
				<misses>3134001</misses>
				<total>28</total>
				<timestamp>845.335210</timestamp>
			</report>
			<report>
				<misses>3135001</misses>
				<total>28</total>
				<timestamp>845.604861</timestamp>
			</report>
			<report>
				<misses>3136001</misses>
				<total>28</total>
				<timestamp>845.874535</timestamp>
			</report>
			<report>
				<misses>3137001</misses>
				<total>28</total>
				<timestamp>846.144340</timestamp>
			</report>
			<report>
				<misses>3138001</misses>
				<total>28</total>
				<timestamp>846.413997</timestamp>
			</report>
			<report>
				<misses>3139001</misses>
				<total>28</total>
				<timestamp>846.683782</timestamp>
			</report>
			<report>
				<misses>3140001</misses>
				<total>28</total>
				<timestamp>846.953457</timestamp>
			</report>
			<report>
				<misses>3141001</misses>
				<total>27</total>
				<timestamp>847.223327</timestamp>
			</report>
			<report>
				<misses>3142001</misses>
				<total>28</total>
				<timestamp>847.492964</timestamp>
			</report>
			<report>
				<misses>3143001</misses>
				<total>28</total>
				<timestamp>847.762674</timestamp>
			</report>
			<report>
				<misses>3144001</misses>
				<total>28</total>
				<timestamp>848.032439</timestamp>
			</report>
			<report>
				<misses>3145001</misses>
				<total>28</total>
				<timestamp>848.302188</timestamp>
			</report>
			<report>
				<misses>3146001</misses>
				<total>28</total>
				<timestamp>848.571851</timestamp>
			</report>
			<report>
				<misses>3147001</misses>
				<total>28</total>
				<timestamp>848.841596</timestamp>
			</report>
			<report>
				<misses>3148001</misses>
				<total>28</total>
				<timestamp>849.111335</timestamp>
			</report>
			<report>
				<misses>3149001</misses>
				<total>28</total>
				<timestamp>849.381046</timestamp>
			</report>
			<report>
				<misses>3150001</misses>
				<total>28</total>
				<timestamp>849.650781</timestamp>
			</report>
			<report>
				<misses>3151001</misses>
				<total>28</total>
				<timestamp>849.920488</timestamp>
			</report>
			<report>
				<misses>3152001</misses>
				<total>28</total>
				<timestamp>850.190313</timestamp>
			</report>
			<report>
				<misses>3153001</misses>
				<total>28</total>
				<timestamp>850.459977</timestamp>
			</report>
			<report>
				<misses>3154001</misses>
				<total>28</total>
				<timestamp>850.729690</timestamp>
			</report>
			<report>
				<misses>3155001</misses>
				<total>28</total>
				<timestamp>850.999432</timestamp>
			</report>
			<report>
				<misses>3156001</misses>
				<total>28</total>
				<timestamp>851.269168</timestamp>
			</report>
			<report>
				<misses>3157001</misses>
				<total>28</total>
				<timestamp>851.538882</timestamp>
			</report>
			<report>
				<misses>3158001</misses>
				<total>28</total>
				<timestamp>851.808605</timestamp>
			</report>
			<report>
				<misses>3159001</misses>
				<total>28</total>
				<timestamp>852.078410</timestamp>
			</report>
			<report>
				<misses>3160001</misses>
				<total>27</total>
				<timestamp>852.348173</timestamp>
			</report>
			<report>
				<misses>3161001</misses>
				<total>28</total>
				<timestamp>852.617825</timestamp>
			</report>
			<report>
				<misses>3162001</misses>
				<total>28</total>
				<timestamp>852.887522</timestamp>
			</report>
			<report>
				<misses>3163001</misses>
				<total>28</total>
				<timestamp>853.157300</timestamp>
			</report>
			<report>
				<misses>3164001</misses>
				<total>28</total>
				<timestamp>853.426983</timestamp>
			</report>
			<report>
				<misses>3165001</misses>
				<total>28</total>
				<timestamp>853.696719</timestamp>
			</report>
			<report>
				<misses>3166001</misses>
				<total>28</total>
				<timestamp>853.966441</timestamp>
			</report>
			<report>
				<misses>3167001</misses>
				<total>28</total>
				<timestamp>854.236202</timestamp>
			</report>
			<report>
				<misses>3168001</misses>
				<total>28</total>
				<timestamp>854.505916</timestamp>
			</report>
			<report>
				<misses>3169001</misses>
				<total>28</total>
				<timestamp>854.775641</timestamp>
			</report>
			<report>
				<misses>3170001</misses>
				<total>28</total>
				<timestamp>855.045382</timestamp>
			</report>
			<report>
				<misses>3171001</misses>
				<total>28</total>
				<timestamp>855.315177</timestamp>
			</report>
			<report>
				<misses>3172001</misses>
				<total>28</total>
				<timestamp>855.584811</timestamp>
			</report>
			<report>
				<misses>3173001</misses>
				<total>28</total>
				<timestamp>855.854552</timestamp>
			</report>
			<report>
				<misses>3174001</misses>
				<total>27</total>
				<timestamp>856.124389</timestamp>
			</report>
			<report>
				<misses>3175001</misses>
				<total>28</total>
				<timestamp>856.394038</timestamp>
			</report>
			<report>
				<misses>3176001</misses>
				<total>28</total>
				<timestamp>856.663744</timestamp>
			</report>
			<report>
				<misses>3177001</misses>
				<total>28</total>
				<timestamp>856.933465</timestamp>
			</report>
			<report>
				<misses>3178001</misses>
				<total>28</total>
				<timestamp>857.203263</timestamp>
			</report>
			<report>
				<misses>3179001</misses>
				<total>28</total>
				<timestamp>857.472928</timestamp>
			</report>
			<report>
				<misses>3180001</misses>
				<total>28</total>
				<timestamp>857.742652</timestamp>
			</report>
			<report>
				<misses>3181001</misses>
				<total>28</total>
				<timestamp>858.012393</timestamp>
			</report>
			<report>
				<misses>3182001</misses>
				<total>28</total>
				<timestamp>858.282125</timestamp>
			</report>
			<report>
				<misses>3183001</misses>
				<total>28</total>
				<timestamp>858.551846</timestamp>
			</report>
			<report>
				<misses>3184001</misses>
				<total>28</total>
				<timestamp>858.821646</timestamp>
			</report>
			<report>
				<misses>3185001</misses>
				<total>28</total>
				<timestamp>859.091363</timestamp>
			</report>
			<report>
				<misses>3186001</misses>
				<total>27</total>
				<timestamp>859.361147</timestamp>
			</report>
			<report>
				<misses>3187001</misses>
				<total>28</total>
				<timestamp>859.630893</timestamp>
			</report>
			<report>
				<misses>3188001</misses>
				<total>28</total>
				<timestamp>859.900626</timestamp>
			</report>
			<report>
				<misses>3189001</misses>
				<total>27</total>
				<timestamp>860.170352</timestamp>
			</report>
			<report>
				<misses>3190001</misses>
				<total>28</total>
				<timestamp>860.440084</timestamp>
			</report>
			<report>
				<misses>3191001</misses>
				<total>28</total>
				<timestamp>860.709688</timestamp>
			</report>
			<report>
				<misses>3192001</misses>
				<total>28</total>
				<timestamp>860.979540</timestamp>
			</report>
			<report>
				<misses>3193001</misses>
				<total>28</total>
				<timestamp>861.249274</timestamp>
			</report>
			<report>
				<misses>3194001</misses>
				<total>28</total>
				<timestamp>861.518880</timestamp>
			</report>
			<report>
				<misses>3195001</misses>
				<total>28</total>
				<timestamp>861.788610</timestamp>
			</report>
			<report>
				<misses>3196001</misses>
				<total>28</total>
				<timestamp>862.058340</timestamp>
			</report>
			<report>
				<misses>3197001</misses>
				<total>27</total>
				<timestamp>862.328199</timestamp>
			</report>
			<report>
				<misses>3198001</misses>
				<total>28</total>
				<timestamp>862.597923</timestamp>
			</report>
			<report>
				<misses>3199001</misses>
				<total>28</total>
				<timestamp>862.867526</timestamp>
			</report>
			<report>
				<misses>3200001</misses>
				<total>28</total>
				<timestamp>863.137386</timestamp>
			</report>
			<report>
				<misses>3201001</misses>
				<total>28</total>
				<timestamp>863.407107</timestamp>
			</report>
			<report>
				<misses>3202001</misses>
				<total>28</total>
				<timestamp>863.676851</timestamp>
			</report>
			<report>
				<misses>3203001</misses>
				<total>28</total>
				<timestamp>863.946574</timestamp>
			</report>
			<report>
				<misses>3204001</misses>
				<total>28</total>
				<timestamp>864.216304</timestamp>
			</report>
			<report>
				<misses>3205001</misses>
				<total>28</total>
				<timestamp>864.486039</timestamp>
			</report>
			<report>
				<misses>3206001</misses>
				<total>28</total>
				<timestamp>864.755772</timestamp>
			</report>
			<report>
				<misses>3207001</misses>
				<total>28</total>
				<timestamp>865.025506</timestamp>
			</report>
			<report>
				<misses>3208001</misses>
				<total>27</total>
				<timestamp>865.295223</timestamp>
			</report>
			<report>
				<misses>3209001</misses>
				<total>28</total>
				<timestamp>865.564825</timestamp>
			</report>
			<report>
				<misses>3210001</misses>
				<total>28</total>
				<timestamp>865.834563</timestamp>
			</report>
			<report>
				<misses>3211001</misses>
				<total>28</total>
				<timestamp>866.104299</timestamp>
			</report>
			<report>
				<misses>3212001</misses>
				<total>28</total>
				<timestamp>866.374149</timestamp>
			</report>
			<report>
				<misses>3213001</misses>
				<total>28</total>
				<timestamp>866.643740</timestamp>
			</report>
			<report>
				<misses>3214001</misses>
				<total>28</total>
				<timestamp>866.913486</timestamp>
			</report>
			<report>
				<misses>3215001</misses>
				<total>27</total>
				<timestamp>867.183334</timestamp>
			</report>
			<report>
				<misses>3216001</misses>
				<total>27</total>
				<timestamp>867.453074</timestamp>
			</report>
			<report>
				<misses>3217001</misses>
				<total>28</total>
				<timestamp>867.722674</timestamp>
			</report>
			<report>
				<misses>3218001</misses>
				<total>28</total>
				<timestamp>867.992406</timestamp>
			</report>
			<report>
				<misses>3219001</misses>
				<total>28</total>
				<timestamp>868.262260</timestamp>
			</report>
			<report>
				<misses>3220001</misses>
				<total>28</total>
				<timestamp>868.531857</timestamp>
			</report>
			<report>
				<misses>3221001</misses>
				<total>28</total>
				<timestamp>868.801591</timestamp>
			</report>
			<report>
				<misses>3222001</misses>
				<total>28</total>
				<timestamp>869.071445</timestamp>
			</report>
			<report>
				<misses>3223001</misses>
				<total>27</total>
				<timestamp>869.341185</timestamp>
			</report>
			<report>
				<misses>3224001</misses>
				<total>28</total>
				<timestamp>869.610897</timestamp>
			</report>
			<report>
				<misses>3225001</misses>
				<total>28</total>
				<timestamp>869.880508</timestamp>
			</report>
			<report>
				<misses>3226001</misses>
				<total>28</total>
				<timestamp>870.150294</timestamp>
			</report>
			<report>
				<misses>3227001</misses>
				<total>27</total>
				<timestamp>870.420099</timestamp>
			</report>
			<report>
				<misses>3228001</misses>
				<total>28</total>
				<timestamp>870.689705</timestamp>
			</report>
			<report>
				<misses>3229001</misses>
				<total>28</total>
				<timestamp>870.959472</timestamp>
			</report>
			<report>
				<misses>3230001</misses>
				<total>28</total>
				<timestamp>871.229206</timestamp>
			</report>
			<report>
				<misses>3231001</misses>
				<total>28</total>
				<timestamp>871.498934</timestamp>
			</report>
			<report>
				<misses>3232001</misses>
				<total>28</total>
				<timestamp>871.768636</timestamp>
			</report>
			<report>
				<misses>3233001</misses>
				<total>28</total>
				<timestamp>872.038405</timestamp>
			</report>
			<report>
				<misses>3234001</misses>
				<total>27</total>
				<timestamp>872.308202</timestamp>
			</report>
			<report>
				<misses>3235001</misses>
				<total>28</total>
				<timestamp>872.577811</timestamp>
			</report>
			<report>
				<misses>3236001</misses>
				<total>28</total>
				<timestamp>872.847537</timestamp>
			</report>
			<report>
				<misses>3237001</misses>
				<total>28</total>
				<timestamp>873.117280</timestamp>
			</report>
			<report>
				<misses>3238001</misses>
				<total>28</total>
				<timestamp>873.387088</timestamp>
			</report>
			<report>
				<misses>3239001</misses>
				<total>28</total>
				<timestamp>873.656716</timestamp>
			</report>
			<report>
				<misses>3240001</misses>
				<total>28</total>
				<timestamp>873.926463</timestamp>
			</report>
			<report>
				<misses>3241001</misses>
				<total>28</total>
				<timestamp>874.196199</timestamp>
			</report>
			<report>
				<misses>3242001</misses>
				<total>27</total>
				<timestamp>874.466033</timestamp>
			</report>
			<report>
				<misses>3243001</misses>
				<total>28</total>
				<timestamp>874.735650</timestamp>
			</report>
			<report>
				<misses>3244001</misses>
				<total>28</total>
				<timestamp>875.005386</timestamp>
			</report>
			<report>
				<misses>3245001</misses>
				<total>28</total>
				<timestamp>875.275134</timestamp>
			</report>
			<report>
				<misses>3246001</misses>
				<total>28</total>
				<timestamp>875.544850</timestamp>
			</report>
			<report>
				<misses>3247001</misses>
				<total>28</total>
				<timestamp>875.814563</timestamp>
			</report>
			<report>
				<misses>3248001</misses>
				<total>28</total>
				<timestamp>876.084318</timestamp>
			</report>
			<report>
				<misses>3249001</misses>
				<total>27</total>
				<timestamp>876.354142</timestamp>
			</report>
			<report>
				<misses>3250001</misses>
				<total>28</total>
				<timestamp>876.623759</timestamp>
			</report>
			<report>
				<misses>3251001</misses>
				<total>28</total>
				<timestamp>876.893486</timestamp>
			</report>
			<report>
				<misses>3252001</misses>
				<total>28</total>
				<timestamp>877.163249</timestamp>
			</report>
			<report>
				<misses>3253001</misses>
				<total>28</total>
				<timestamp>877.433018</timestamp>
			</report>
			<report>
				<misses>3254001</misses>
				<total>28</total>
				<timestamp>877.702681</timestamp>
			</report>
			<report>
				<misses>3255001</misses>
				<total>28</total>
				<timestamp>877.972407</timestamp>
			</report>
			<report>
				<misses>3256001</misses>
				<total>27</total>
				<timestamp>878.242240</timestamp>
			</report>
			<report>
				<misses>3257001</misses>
				<total>28</total>
				<timestamp>878.511939</timestamp>
			</report>
			<report>
				<misses>3258001</misses>
				<total>28</total>
				<timestamp>878.781619</timestamp>
			</report>
			<report>
				<misses>3259001</misses>
				<total>28</total>
				<timestamp>879.051386</timestamp>
			</report>
			<report>
				<misses>3260001</misses>
				<total>28</total>
				<timestamp>879.321148</timestamp>
			</report>
			<report>
				<misses>3261001</misses>
				<total>28</total>
				<timestamp>879.590805</timestamp>
			</report>
			<report>
				<misses>3262001</misses>
				<total>28</total>
				<timestamp>879.860556</timestamp>
			</report>
			<report>
				<misses>3263001</misses>
				<total>28</total>
				<timestamp>880.130249</timestamp>
			</report>
			<report>
				<misses>3264001</misses>
				<total>27</total>
				<timestamp>880.400113</timestamp>
			</report>
			<report>
				<misses>3265001</misses>
				<total>28</total>
				<timestamp>880.669700</timestamp>
			</report>
			<report>
				<misses>3266001</misses>
				<total>28</total>
				<timestamp>880.939448</timestamp>
			</report>
			<report>
				<misses>3267001</misses>
				<total>28</total>
				<timestamp>881.209224</timestamp>
			</report>
			<report>
				<misses>3268001</misses>
				<total>28</total>
				<timestamp>881.478909</timestamp>
			</report>
			<report>
				<misses>3269001</misses>
				<total>28</total>
				<timestamp>881.748623</timestamp>
			</report>
			<report>
				<misses>3270001</misses>
				<total>27</total>
				<timestamp>882.018482</timestamp>
			</report>
			<report>
				<misses>3271001</misses>
				<total>28</total>
				<timestamp>882.288104</timestamp>
			</report>
			<report>
				<misses>3272001</misses>
				<total>28</total>
				<timestamp>882.557818</timestamp>
			</report>
			<report>
				<misses>3273001</misses>
				<total>28</total>
				<timestamp>882.827550</timestamp>
			</report>
			<report>
				<misses>3274001</misses>
				<total>28</total>
				<timestamp>883.097284</timestamp>
			</report>
			<report>
				<misses>3275001</misses>
				<total>27</total>
				<timestamp>883.367108</timestamp>
			</report>
			<report>
				<misses>3276001</misses>
				<total>29</total>
				<timestamp>883.636747</timestamp>
			</report>
			<report>
				<misses>3277001</misses>
				<total>29</total>
				<timestamp>883.906457</timestamp>
			</report>
			<report>
				<misses>3278001</misses>
				<total>29</total>
				<timestamp>884.176212</timestamp>
			</report>
			<report>
				<misses>3279001</misses>
				<total>29</total>
				<timestamp>884.446009</timestamp>
			</report>
			<report>
				<misses>3280001</misses>
				<total>29</total>
				<timestamp>884.715659</timestamp>
			</report>
			<report>
				<misses>3281001</misses>
				<total>29</total>
				<timestamp>884.985439</timestamp>
			</report>
			<report>
				<misses>3282001</misses>
				<total>29</total>
				<timestamp>885.255133</timestamp>
			</report>
			<report>
				<misses>3283001</misses>
				<total>29</total>
				<timestamp>885.524897</timestamp>
			</report>
			<report>
				<misses>3284001</misses>
				<total>29</total>
				<timestamp>885.794595</timestamp>
			</report>
			<report>
				<misses>3285001</misses>
				<total>29</total>
				<timestamp>886.064336</timestamp>
			</report>
			<report>
				<misses>3286001</misses>
				<total>29</total>
				<timestamp>886.334074</timestamp>
			</report>
			<report>
				<misses>3287001</misses>
				<total>29</total>
				<timestamp>886.603767</timestamp>
			</report>
			<report>
				<misses>3288001</misses>
				<total>29</total>
				<timestamp>886.873509</timestamp>
			</report>
			<report>
				<misses>3289001</misses>
				<total>29</total>
				<timestamp>887.143240</timestamp>
			</report>
			<report>
				<misses>3290001</misses>
				<total>29</total>
				<timestamp>887.413039</timestamp>
			</report>
			<report>
				<misses>3291001</misses>
				<total>29</total>
				<timestamp>887.682724</timestamp>
			</report>
			<report>
				<misses>3292001</misses>
				<total>29</total>
				<timestamp>887.952442</timestamp>
			</report>
			<report>
				<misses>3293001</misses>
				<total>29</total>
				<timestamp>888.222206</timestamp>
			</report>
			<report>
				<misses>3294001</misses>
				<total>29</total>
				<timestamp>888.491949</timestamp>
			</report>
			<report>
				<misses>3295001</misses>
				<total>29</total>
				<timestamp>888.761599</timestamp>
			</report>
			<report>
				<misses>3296001</misses>
				<total>29</total>
				<timestamp>889.031359</timestamp>
			</report>
			<report>
				<misses>3297001</misses>
				<total>28</total>
				<timestamp>889.301194</timestamp>
			</report>
			<report>
				<misses>3298001</misses>
				<total>28</total>
				<timestamp>889.570936</timestamp>
			</report>
			<report>
				<misses>3299001</misses>
				<total>29</total>
				<timestamp>889.840528</timestamp>
			</report>
			<report>
				<misses>3300001</misses>
				<total>29</total>
				<timestamp>890.110263</timestamp>
			</report>
			<report>
				<misses>3301001</misses>
				<total>29</total>
				<timestamp>890.380023</timestamp>
			</report>
			<report>
				<misses>3302001</misses>
				<total>29</total>
				<timestamp>890.649729</timestamp>
			</report>
			<report>
				<misses>3303001</misses>
				<total>29</total>
				<timestamp>890.919459</timestamp>
			</report>
			<report>
				<misses>3304001</misses>
				<total>29</total>
				<timestamp>891.189190</timestamp>
			</report>
			<report>
				<misses>3305001</misses>
				<total>28</total>
				<timestamp>891.459045</timestamp>
			</report>
			<report>
				<misses>3306001</misses>
				<total>29</total>
				<timestamp>891.728656</timestamp>
			</report>
			<report>
				<misses>3307001</misses>
				<total>29</total>
				<timestamp>891.998397</timestamp>
			</report>
			<report>
				<misses>3308001</misses>
				<total>29</total>
				<timestamp>892.268183</timestamp>
			</report>
			<report>
				<misses>3309001</misses>
				<total>29</total>
				<timestamp>892.537879</timestamp>
			</report>
			<report>
				<misses>3310001</misses>
				<total>29</total>
				<timestamp>892.807574</timestamp>
			</report>
			<report>
				<misses>3311001</misses>
				<total>29</total>
				<timestamp>893.077324</timestamp>
			</report>
			<report>
				<misses>3312001</misses>
				<total>29</total>
				<timestamp>893.347026</timestamp>
			</report>
			<report>
				<misses>3313001</misses>
				<total>29</total>
				<timestamp>893.616762</timestamp>
			</report>
			<report>
				<misses>3314001</misses>
				<total>29</total>
				<timestamp>893.886498</timestamp>
			</report>
			<report>
				<misses>3315001</misses>
				<total>29</total>
				<timestamp>894.156214</timestamp>
			</report>
			<report>
				<misses>3316001</misses>
				<total>29</total>
				<timestamp>894.425944</timestamp>
			</report>
			<report>
				<misses>3317001</misses>
				<total>29</total>
				<timestamp>894.695799</timestamp>
			</report>
			<report>
				<misses>3318001</misses>
				<total>29</total>
				<timestamp>894.965410</timestamp>
			</report>
			<report>
				<misses>3319001</misses>
				<total>29</total>
				<timestamp>895.235166</timestamp>
			</report>
			<report>
				<misses>3320001</misses>
				<total>29</total>
				<timestamp>895.504922</timestamp>
			</report>
			<report>
				<misses>3321001</misses>
				<total>28</total>
				<timestamp>895.774717</timestamp>
			</report>
			<report>
				<misses>3322001</misses>
				<total>29</total>
				<timestamp>896.044371</timestamp>
			</report>
			<report>
				<misses>3323001</misses>
				<total>28</total>
				<timestamp>896.314143</timestamp>
			</report>
			<report>
				<misses>3324001</misses>
				<total>29</total>
				<timestamp>896.583792</timestamp>
			</report>
			<report>
				<misses>3325001</misses>
				<total>29</total>
				<timestamp>896.853529</timestamp>
			</report>
			<report>
				<misses>3326001</misses>
				<total>29</total>
				<timestamp>897.123271</timestamp>
			</report>
			<report>
				<misses>3327001</misses>
				<total>29</total>
				<timestamp>897.392970</timestamp>
			</report>
			<report>
				<misses>3328001</misses>
				<total>29</total>
				<timestamp>897.662691</timestamp>
			</report>
			<report>
				<misses>3329001</misses>
				<total>29</total>
				<timestamp>897.932419</timestamp>
			</report>
			<report>
				<misses>3330001</misses>
				<total>29</total>
				<timestamp>898.202171</timestamp>
			</report>
			<report>
				<misses>3331001</misses>
				<total>29</total>
				<timestamp>898.471981</timestamp>
			</report>
			<report>
				<misses>3332001</misses>
				<total>29</total>
				<timestamp>898.741671</timestamp>
			</report>
			<report>
				<misses>3333001</misses>
				<total>29</total>
				<timestamp>899.011378</timestamp>
			</report>
			<report>
				<misses>3334001</misses>
				<total>29</total>
				<timestamp>899.281107</timestamp>
			</report>
			<report>
				<misses>3335001</misses>
				<total>29</total>
				<timestamp>899.550849</timestamp>
			</report>
			<report>
				<misses>3336001</misses>
				<total>29</total>
				<timestamp>899.820530</timestamp>
			</report>
			<report>
				<misses>3337001</misses>
				<total>29</total>
				<timestamp>900.090249</timestamp>
			</report>
			<report>
				<misses>3338001</misses>
				<total>28</total>
				<timestamp>900.360105</timestamp>
			</report>
			<report>
				<misses>3339001</misses>
				<total>29</total>
				<timestamp>900.629825</timestamp>
			</report>
			<report>
				<misses>3340001</misses>
				<total>29</total>
				<timestamp>900.899472</timestamp>
			</report>
			<report>
				<misses>3341001</misses>
				<total>30</total>
				<timestamp>901.169199</timestamp>
			</report>
			<report>
				<misses>3342001</misses>
				<total>29</total>
				<timestamp>901.439005</timestamp>
			</report>
			<report>
				<misses>3343001</misses>
				<total>30</total>
				<timestamp>901.708695</timestamp>
			</report>
			<report>
				<misses>3344001</misses>
				<total>30</total>
				<timestamp>901.978411</timestamp>
			</report>
			<report>
				<misses>3345001</misses>
				<total>30</total>
				<timestamp>902.248119</timestamp>
			</report>
			<report>
				<misses>3346001</misses>
				<total>30</total>
				<timestamp>902.517869</timestamp>
			</report>
			<report>
				<misses>3347001</misses>
				<total>30</total>
				<timestamp>902.787559</timestamp>
			</report>
			<report>
				<misses>3348001</misses>
				<total>30</total>
				<timestamp>903.057328</timestamp>
			</report>
			<report>
				<misses>3349001</misses>
				<total>30</total>
				<timestamp>903.327096</timestamp>
			</report>
			<report>
				<misses>3350001</misses>
				<total>29</total>
				<timestamp>903.596855</timestamp>
			</report>
			<report>
				<misses>3351001</misses>
				<total>30</total>
				<timestamp>903.866485</timestamp>
			</report>
			<report>
				<misses>3352001</misses>
				<total>30</total>
				<timestamp>904.136219</timestamp>
			</report>
			<report>
				<misses>3353001</misses>
				<total>29</total>
				<timestamp>904.406070</timestamp>
			</report>
			<report>
				<misses>3354001</misses>
				<total>30</total>
				<timestamp>904.675684</timestamp>
			</report>
			<report>
				<misses>3355001</misses>
				<total>30</total>
				<timestamp>904.945429</timestamp>
			</report>
			<report>
				<misses>3356001</misses>
				<total>30</total>
				<timestamp>905.215141</timestamp>
			</report>
			<report>
				<misses>3357001</misses>
				<total>29</total>
				<timestamp>905.484959</timestamp>
			</report>
			<report>
				<misses>3358001</misses>
				<total>30</total>
				<timestamp>905.754619</timestamp>
			</report>
			<report>
				<misses>3359001</misses>
				<total>30</total>
				<timestamp>906.024456</timestamp>
			</report>
			<report>
				<misses>3360001</misses>
				<total>30</total>
				<timestamp>906.294059</timestamp>
			</report>
			<report>
				<misses>3361001</misses>
				<total>30</total>
				<timestamp>906.563915</timestamp>
			</report>
			<report>
				<misses>3362001</misses>
				<total>30</total>
				<timestamp>906.833641</timestamp>
			</report>
			<report>
				<misses>3363001</misses>
				<total>30</total>
				<timestamp>907.103377</timestamp>
			</report>
			<report>
				<misses>3364001</misses>
				<total>30</total>
				<timestamp>907.373004</timestamp>
			</report>
			<report>
				<misses>3365001</misses>
				<total>30</total>
				<timestamp>907.642835</timestamp>
			</report>
			<report>
				<misses>3366001</misses>
				<total>30</total>
				<timestamp>907.912555</timestamp>
			</report>
			<report>
				<misses>3367001</misses>
				<total>30</total>
				<timestamp>908.182292</timestamp>
			</report>
			<report>
				<misses>3368001</misses>
				<total>30</total>
				<timestamp>908.451956</timestamp>
			</report>
			<report>
				<misses>3369001</misses>
				<total>30</total>
				<timestamp>908.721639</timestamp>
			</report>
			<report>
				<misses>3370001</misses>
				<total>30</total>
				<timestamp>908.991353</timestamp>
			</report>
			<report>
				<misses>3371001</misses>
				<total>30</total>
				<timestamp>909.261094</timestamp>
			</report>
			<report>
				<misses>3372001</misses>
				<total>29</total>
				<timestamp>909.530937</timestamp>
			</report>
			<report>
				<misses>3373001</misses>
				<total>30</total>
				<timestamp>909.800552</timestamp>
			</report>
			<report>
				<misses>3374001</misses>
				<total>30</total>
				<timestamp>910.070272</timestamp>
			</report>
			<report>
				<misses>3375001</misses>
				<total>31</total>
				<timestamp>910.340035</timestamp>
			</report>
			<report>
				<misses>3376001</misses>
				<total>31</total>
				<timestamp>910.609819</timestamp>
			</report>
			<report>
				<misses>3377001</misses>
				<total>30</total>
				<timestamp>910.879616</timestamp>
			</report>
			<report>
				<misses>3378001</misses>
				<total>31</total>
				<timestamp>911.149190</timestamp>
			</report>
			<report>
				<misses>3379001</misses>
				<total>31</total>
				<timestamp>911.418938</timestamp>
			</report>
			<report>
				<misses>3380001</misses>
				<total>30</total>
				<timestamp>911.688791</timestamp>
			</report>
			<report>
				<misses>3381001</misses>
				<total>31</total>
				<timestamp>911.958395</timestamp>
			</report>
			<report>
				<misses>3382001</misses>
				<total>31</total>
				<timestamp>912.228120</timestamp>
			</report>
			<report>
				<misses>3383001</misses>
				<total>31</total>
				<timestamp>912.497913</timestamp>
			</report>
			<report>
				<misses>3384001</misses>
				<total>31</total>
				<timestamp>912.767592</timestamp>
			</report>
			<report>
				<misses>3385001</misses>
				<total>31</total>
				<timestamp>913.037355</timestamp>
			</report>
			<report>
				<misses>3386001</misses>
				<total>31</total>
				<timestamp>913.307317</timestamp>
			</report>
			<report>
				<misses>3387001</misses>
				<total>31</total>
				<timestamp>913.577034</timestamp>
			</report>
			<report>
				<misses>3388001</misses>
				<total>31</total>
				<timestamp>913.846794</timestamp>
			</report>
			<report>
				<misses>3389001</misses>
				<total>31</total>
				<timestamp>914.116519</timestamp>
			</report>
			<report>
				<misses>3390001</misses>
				<total>31</total>
				<timestamp>914.386276</timestamp>
			</report>
			<report>
				<misses>3391001</misses>
				<total>31</total>
				<timestamp>914.656033</timestamp>
			</report>
			<report>
				<misses>3392001</misses>
				<total>31</total>
				<timestamp>914.925771</timestamp>
			</report>
			<report>
				<misses>3393001</misses>
				<total>31</total>
				<timestamp>915.195436</timestamp>
			</report>
			<report>
				<misses>3394001</misses>
				<total>31</total>
				<timestamp>915.465164</timestamp>
			</report>
			<report>
				<misses>3395001</misses>
				<total>31</total>
				<timestamp>915.734929</timestamp>
			</report>
			<report>
				<misses>3396001</misses>
				<total>31</total>
				<timestamp>916.004637</timestamp>
			</report>
			<report>
				<misses>3397001</misses>
				<total>31</total>
				<timestamp>916.274391</timestamp>
			</report>
			<report>
				<misses>3398001</misses>
				<total>31</total>
				<timestamp>916.544072</timestamp>
			</report>
			<report>
				<misses>3399001</misses>
				<total>31</total>
				<timestamp>916.813871</timestamp>
			</report>
			<report>
				<misses>3400001</misses>
				<total>31</total>
				<timestamp>917.083561</timestamp>
			</report>
			<report>
				<misses>3401001</misses>
				<total>31</total>
				<timestamp>917.353254</timestamp>
			</report>
			<report>
				<misses>3402001</misses>
				<total>30</total>
				<timestamp>917.623114</timestamp>
			</report>
			<report>
				<misses>3403001</misses>
				<total>31</total>
				<timestamp>917.892781</timestamp>
			</report>
			<report>
				<misses>3404001</misses>
				<total>31</total>
				<timestamp>918.162476</timestamp>
			</report>
			<report>
				<misses>3405001</misses>
				<total>31</total>
				<timestamp>918.432188</timestamp>
			</report>
			<report>
				<misses>3406001</misses>
				<total>31</total>
				<timestamp>918.701922</timestamp>
			</report>
			<report>
				<misses>3407001</misses>
				<total>30</total>
				<timestamp>918.971761</timestamp>
			</report>
			<report>
				<misses>3408001</misses>
				<total>31</total>
				<timestamp>919.241403</timestamp>
			</report>
			<report>
				<misses>3409001</misses>
				<total>31</total>
				<timestamp>919.511103</timestamp>
			</report>
			<report>
				<misses>3410001</misses>
				<total>31</total>
				<timestamp>919.780851</timestamp>
			</report>
			<report>
				<misses>3411001</misses>
				<total>31</total>
				<timestamp>920.050585</timestamp>
			</report>
			<report>
				<misses>3412001</misses>
				<total>31</total>
				<timestamp>920.320295</timestamp>
			</report>
			<report>
				<misses>3413001</misses>
				<total>31</total>
				<timestamp>920.590011</timestamp>
			</report>
			<report>
				<misses>3414001</misses>
				<total>30</total>
				<timestamp>920.859873</timestamp>
			</report>
			<report>
				<misses>3415001</misses>
				<total>31</total>
				<timestamp>921.129527</timestamp>
			</report>
			<report>
				<misses>3416001</misses>
				<total>31</total>
				<timestamp>921.399214</timestamp>
			</report>
			<report>
				<misses>3417001</misses>
				<total>31</total>
				<timestamp>921.668986</timestamp>
			</report>
			<report>
				<misses>3418001</misses>
				<total>30</total>
				<timestamp>921.938812</timestamp>
			</report>
			<report>
				<misses>3419001</misses>
				<total>31</total>
				<timestamp>922.208399</timestamp>
			</report>
			<report>
				<misses>3420001</misses>
				<total>31</total>
				<timestamp>922.478128</timestamp>
			</report>
			<report>
				<misses>3421001</misses>
				<total>30</total>
				<timestamp>922.747971</timestamp>
			</report>
			<report>
				<misses>3422001</misses>
				<total>30</total>
				<timestamp>923.017720</timestamp>
			</report>
			<report>
				<misses>3423001</misses>
				<total>31</total>
				<timestamp>923.287327</timestamp>
			</report>
			<report>
				<misses>3424001</misses>
				<total>31</total>
				<timestamp>923.557089</timestamp>
			</report>
			<report>
				<misses>3425001</misses>
				<total>31</total>
				<timestamp>923.826799</timestamp>
			</report>
			<report>
				<misses>3426001</misses>
				<total>31</total>
				<timestamp>924.096520</timestamp>
			</report>
			<report>
				<misses>3427001</misses>
				<total>31</total>
				<timestamp>924.366236</timestamp>
			</report>
			<report>
				<misses>3428001</misses>
				<total>31</total>
				<timestamp>924.635974</timestamp>
			</report>
			<report>
				<misses>3429001</misses>
				<total>31</total>
				<timestamp>924.905715</timestamp>
			</report>
			<report>
				<misses>3430001</misses>
				<total>31</total>
				<timestamp>925.175449</timestamp>
			</report>
			<report>
				<misses>3431001</misses>
				<total>31</total>
				<timestamp>925.445177</timestamp>
			</report>
			<report>
				<misses>3432001</misses>
				<total>31</total>
				<timestamp>925.714911</timestamp>
			</report>
			<report>
				<misses>3433001</misses>
				<total>31</total>
				<timestamp>925.984685</timestamp>
			</report>
			<report>
				<misses>3434001</misses>
				<total>31</total>
				<timestamp>926.254367</timestamp>
			</report>
			<report>
				<misses>3435001</misses>
				<total>31</total>
				<timestamp>926.524121</timestamp>
			</report>
			<report>
				<misses>3436001</misses>
				<total>31</total>
				<timestamp>926.793840</timestamp>
			</report>
			<report>
				<misses>3437001</misses>
				<total>31</total>
				<timestamp>927.063599</timestamp>
			</report>
			<report>
				<misses>3438001</misses>
				<total>31</total>
				<timestamp>927.333270</timestamp>
			</report>
			<report>
				<misses>3439001</misses>
				<total>31</total>
				<timestamp>927.603063</timestamp>
			</report>
			<report>
				<misses>3440001</misses>
				<total>31</total>
				<timestamp>927.872780</timestamp>
			</report>
			<report>
				<misses>3441001</misses>
				<total>31</total>
				<timestamp>928.142480</timestamp>
			</report>
			<report>
				<misses>3442001</misses>
				<total>31</total>
				<timestamp>928.412200</timestamp>
			</report>
			<report>
				<misses>3443001</misses>
				<total>31</total>
				<timestamp>928.681940</timestamp>
			</report>
			<report>
				<misses>3444001</misses>
				<total>31</total>
				<timestamp>928.951730</timestamp>
			</report>
			<report>
				<misses>3445001</misses>
				<total>31</total>
				<timestamp>929.221394</timestamp>
			</report>
			<report>
				<misses>3446001</misses>
				<total>31</total>
				<timestamp>929.491124</timestamp>
			</report>
			<report>
				<misses>3447001</misses>
				<total>31</total>
				<timestamp>929.760833</timestamp>
			</report>
			<report>
				<misses>3448001</misses>
				<total>30</total>
				<timestamp>930.030666</timestamp>
			</report>
			<report>
				<misses>3449001</misses>
				<total>31</total>
				<timestamp>930.300304</timestamp>
			</report>
			<report>
				<misses>3450001</misses>
				<total>31</total>
				<timestamp>930.570024</timestamp>
			</report>
			<report>
				<misses>3451001</misses>
				<total>31</total>
				<timestamp>930.839790</timestamp>
			</report>
			<report>
				<misses>3452001</misses>
				<total>31</total>
				<timestamp>931.109523</timestamp>
			</report>
			<report>
				<misses>3453001</misses>
				<total>31</total>
				<timestamp>931.379218</timestamp>
			</report>
			<report>
				<misses>3454001</misses>
				<total>31</total>
				<timestamp>931.648966</timestamp>
			</report>
			<report>
				<misses>3455001</misses>
				<total>30</total>
				<timestamp>931.918764</timestamp>
			</report>
			<report>
				<misses>3456001</misses>
				<total>31</total>
				<timestamp>932.188440</timestamp>
			</report>
			<report>
				<misses>3457001</misses>
				<total>31</total>
				<timestamp>932.458150</timestamp>
			</report>
			<report>
				<misses>3458001</misses>
				<total>31</total>
				<timestamp>932.727870</timestamp>
			</report>
			<report>
				<misses>3459001</misses>
				<total>31</total>
				<timestamp>932.997650</timestamp>
			</report>
			<report>
				<misses>3460001</misses>
				<total>31</total>
				<timestamp>933.267362</timestamp>
			</report>
			<report>
				<misses>3461001</misses>
				<total>31</total>
				<timestamp>933.537060</timestamp>
			</report>
			<report>
				<misses>3462001</misses>
				<total>30</total>
				<timestamp>933.806892</timestamp>
			</report>
			<report>
				<misses>3463001</misses>
				<total>30</total>
				<timestamp>934.076638</timestamp>
			</report>
			<report>
				<misses>3464001</misses>
				<total>31</total>
				<timestamp>934.346249</timestamp>
			</report>
			<report>
				<misses>3465001</misses>
				<total>31</total>
				<timestamp>934.615977</timestamp>
			</report>
			<report>
				<misses>3466001</misses>
				<total>31</total>
				<timestamp>934.885767</timestamp>
			</report>
			<report>
				<misses>3467001</misses>
				<total>31</total>
				<timestamp>935.155427</timestamp>
			</report>
			<report>
				<misses>3468001</misses>
				<total>31</total>
				<timestamp>935.425150</timestamp>
			</report>
			<report>
				<misses>3469001</misses>
				<total>31</total>
				<timestamp>935.694924</timestamp>
			</report>
			<report>
				<misses>3470001</misses>
				<total>31</total>
				<timestamp>935.964664</timestamp>
			</report>
			<report>
				<misses>3471001</misses>
				<total>31</total>
				<timestamp>936.234392</timestamp>
			</report>
			<report>
				<misses>3472001</misses>
				<total>31</total>
				<timestamp>936.504092</timestamp>
			</report>
			<report>
				<misses>3473001</misses>
				<total>31</total>
				<timestamp>936.773873</timestamp>
			</report>
			<report>
				<misses>3474001</misses>
				<total>31</total>
				<timestamp>937.043580</timestamp>
			</report>
			<report>
				<misses>3475001</misses>
				<total>31</total>
				<timestamp>937.313281</timestamp>
			</report>
			<report>
				<misses>3476001</misses>
				<total>31</total>
				<timestamp>937.582990</timestamp>
			</report>
			<report>
				<misses>3477001</misses>
				<total>31</total>
				<timestamp>937.852746</timestamp>
			</report>
			<report>
				<misses>3478001</misses>
				<total>31</total>
				<timestamp>938.122468</timestamp>
			</report>
			<report>
				<misses>3479001</misses>
				<total>31</total>
				<timestamp>938.392188</timestamp>
			</report>
			<report>
				<misses>3480001</misses>
				<total>31</total>
				<timestamp>938.661939</timestamp>
			</report>
			<report>
				<misses>3481001</misses>
				<total>31</total>
				<timestamp>938.931690</timestamp>
			</report>
			<report>
				<misses>3482001</misses>
				<total>31</total>
				<timestamp>939.201396</timestamp>
			</report>
			<report>
				<misses>3483001</misses>
				<total>31</total>
				<timestamp>939.471135</timestamp>
			</report>
			<report>
				<misses>3484001</misses>
				<total>31</total>
				<timestamp>939.740861</timestamp>
			</report>
			<report>
				<misses>3485001</misses>
				<total>31</total>
				<timestamp>940.010629</timestamp>
			</report>
			<report>
				<misses>3486001</misses>
				<total>31</total>
				<timestamp>940.280320</timestamp>
			</report>
			<report>
				<misses>3487001</misses>
				<total>31</total>
				<timestamp>940.550034</timestamp>
			</report>
			<report>
				<misses>3488001</misses>
				<total>30</total>
				<timestamp>940.819851</timestamp>
			</report>
			<report>
				<misses>3489001</misses>
				<total>30</total>
				<timestamp>941.089603</timestamp>
			</report>
			<report>
				<misses>3490001</misses>
				<total>31</total>
				<timestamp>941.359235</timestamp>
			</report>
			<report>
				<misses>3491001</misses>
				<total>31</total>
				<timestamp>941.628996</timestamp>
			</report>
			<report>
				<misses>3492001</misses>
				<total>31</total>
				<timestamp>941.898689</timestamp>
			</report>
			<report>
				<misses>3493001</misses>
				<total>31</total>
				<timestamp>942.168440</timestamp>
			</report>
			<report>
				<misses>3494001</misses>
				<total>31</total>
				<timestamp>942.438143</timestamp>
			</report>
			<report>
				<misses>3495001</misses>
				<total>31</total>
				<timestamp>942.707898</timestamp>
			</report>
			<report>
				<misses>3496001</misses>
				<total>30</total>
				<timestamp>942.977721</timestamp>
			</report>
			<report>
				<misses>3497001</misses>
				<total>31</total>
				<timestamp>943.247346</timestamp>
			</report>
			<report>
				<misses>3498001</misses>
				<total>31</total>
				<timestamp>943.517075</timestamp>
			</report>
			<report>
				<misses>3499001</misses>
				<total>31</total>
				<timestamp>943.786816</timestamp>
			</report>
			<report>
				<misses>3500001</misses>
				<total>31</total>
				<timestamp>944.056587</timestamp>
			</report>
			<report>
				<misses>3501001</misses>
				<total>31</total>
				<timestamp>944.326249</timestamp>
			</report>
			<report>
				<misses>3502001</misses>
				<total>31</total>
				<timestamp>944.595994</timestamp>
			</report>
			<report>
				<misses>3503001</misses>
				<total>30</total>
				<timestamp>944.865859</timestamp>
			</report>
			<report>
				<misses>3504001</misses>
				<total>31</total>
				<timestamp>945.135483</timestamp>
			</report>
			<report>
				<misses>3505001</misses>
				<total>31</total>
				<timestamp>945.405178</timestamp>
			</report>
			<report>
				<misses>3506001</misses>
				<total>31</total>
				<timestamp>945.674897</timestamp>
			</report>
			<report>
				<misses>3507001</misses>
				<total>31</total>
				<timestamp>945.944685</timestamp>
			</report>
			<report>
				<misses>3508001</misses>
				<total>31</total>
				<timestamp>946.214373</timestamp>
			</report>
			<report>
				<misses>3509001</misses>
				<total>31</total>
				<timestamp>946.484098</timestamp>
			</report>
			<report>
				<misses>3510001</misses>
				<total>31</total>
				<timestamp>946.753816</timestamp>
			</report>
			<report>
				<misses>3511001</misses>
				<total>31</total>
				<timestamp>947.023611</timestamp>
			</report>
			<report>
				<misses>3512001</misses>
				<total>31</total>
				<timestamp>947.293304</timestamp>
			</report>
			<report>
				<misses>3513001</misses>
				<total>31</total>
				<timestamp>947.563011</timestamp>
			</report>
			<report>
				<misses>3514001</misses>
				<total>31</total>
				<timestamp>947.832821</timestamp>
			</report>
			<report>
				<misses>3515001</misses>
				<total>31</total>
				<timestamp>948.102594</timestamp>
			</report>
			<report>
				<misses>3516001</misses>
				<total>31</total>
				<timestamp>948.372207</timestamp>
			</report>
			<report>
				<misses>3517001</misses>
				<total>31</total>
				<timestamp>948.641952</timestamp>
			</report>
			<report>
				<misses>3518001</misses>
				<total>31</total>
				<timestamp>948.911678</timestamp>
			</report>
			<report>
				<misses>3519001</misses>
				<total>31</total>
				<timestamp>949.181403</timestamp>
			</report>
			<report>
				<misses>3520001</misses>
				<total>31</total>
				<timestamp>949.451192</timestamp>
			</report>
			<report>
				<misses>3521001</misses>
				<total>31</total>
				<timestamp>949.720866</timestamp>
			</report>
			<report>
				<misses>3522001</misses>
				<total>30</total>
				<timestamp>949.990679</timestamp>
			</report>
			<report>
				<misses>3523001</misses>
				<total>31</total>
				<timestamp>950.260356</timestamp>
			</report>
			<report>
				<misses>3524001</misses>
				<total>31</total>
				<timestamp>950.530044</timestamp>
			</report>
			<report>
				<misses>3525001</misses>
				<total>31</total>
				<timestamp>950.799818</timestamp>
			</report>
			<report>
				<misses>3526001</misses>
				<total>31</total>
				<timestamp>951.069571</timestamp>
			</report>
			<report>
				<misses>3527001</misses>
				<total>31</total>
				<timestamp>951.339233</timestamp>
			</report>
			<report>
				<misses>3528001</misses>
				<total>31</total>
				<timestamp>951.608960</timestamp>
			</report>
			<report>
				<misses>3529001</misses>
				<total>30</total>
				<timestamp>951.878785</timestamp>
			</report>
			<report>
				<misses>3530001</misses>
				<total>30</total>
				<timestamp>952.148548</timestamp>
			</report>
			<report>
				<misses>3531001</misses>
				<total>31</total>
				<timestamp>952.418164</timestamp>
			</report>
			<report>
				<misses>3532001</misses>
				<total>31</total>
				<timestamp>952.687929</timestamp>
			</report>
			<report>
				<misses>3533001</misses>
				<total>31</total>
				<timestamp>952.957672</timestamp>
			</report>
			<report>
				<misses>3534001</misses>
				<total>31</total>
				<timestamp>953.227391</timestamp>
			</report>
			<report>
				<misses>3535001</misses>
				<total>31</total>
				<timestamp>953.497110</timestamp>
			</report>
			<report>
				<misses>3536001</misses>
				<total>31</total>
				<timestamp>953.766803</timestamp>
			</report>
			<report>
				<misses>3537001</misses>
				<total>30</total>
				<timestamp>954.036652</timestamp>
			</report>
			<report>
				<misses>3538001</misses>
				<total>31</total>
				<timestamp>954.306266</timestamp>
			</report>
			<report>
				<misses>3539001</misses>
				<total>31</total>
				<timestamp>954.575995</timestamp>
			</report>
			<report>
				<misses>3540001</misses>
				<total>31</total>
				<timestamp>954.845782</timestamp>
			</report>
			<report>
				<misses>3541001</misses>
				<total>31</total>
				<timestamp>955.115531</timestamp>
			</report>
			<report>
				<misses>3542001</misses>
				<total>31</total>
				<timestamp>955.385190</timestamp>
			</report>
			<report>
				<misses>3543001</misses>
				<total>31</total>
				<timestamp>955.654925</timestamp>
			</report>
			<report>
				<misses>3544001</misses>
				<total>30</total>
				<timestamp>955.924759</timestamp>
			</report>
			<report>
				<misses>3545001</misses>
				<total>30</total>
				<timestamp>956.194574</timestamp>
			</report>
			<report>
				<misses>3546001</misses>
				<total>31</total>
				<timestamp>956.464235</timestamp>
			</report>
			<report>
				<misses>3547001</misses>
				<total>31</total>
				<timestamp>956.733841</timestamp>
			</report>
			<report>
				<misses>3548001</misses>
				<total>30</total>
				<timestamp>957.003694</timestamp>
			</report>
			<report>
				<misses>3549001</misses>
				<total>31</total>
				<timestamp>957.273425</timestamp>
			</report>
			<report>
				<misses>3550001</misses>
				<total>31</total>
				<timestamp>957.543161</timestamp>
			</report>
			<report>
				<misses>3551001</misses>
				<total>31</total>
				<timestamp>957.812885</timestamp>
			</report>
			<report>
				<misses>3552001</misses>
				<total>31</total>
				<timestamp>958.082613</timestamp>
			</report>
			<report>
				<misses>3553001</misses>
				<total>31</total>
				<timestamp>958.352348</timestamp>
			</report>
			<report>
				<misses>3554001</misses>
				<total>31</total>
				<timestamp>958.621982</timestamp>
			</report>
			<report>
				<misses>3555001</misses>
				<total>31</total>
				<timestamp>958.891808</timestamp>
			</report>
			<report>
				<misses>3556001</misses>
				<total>30</total>
				<timestamp>959.161536</timestamp>
			</report>
			<report>
				<misses>3557001</misses>
				<total>31</total>
				<timestamp>959.431270</timestamp>
			</report>
			<report>
				<misses>3558001</misses>
				<total>31</total>
				<timestamp>959.700870</timestamp>
			</report>
			<report>
				<misses>3559001</misses>
				<total>31</total>
				<timestamp>959.970596</timestamp>
			</report>
			<report>
				<misses>3560001</misses>
				<total>31</total>
				<timestamp>960.240456</timestamp>
			</report>
			<report>
				<misses>3561001</misses>
				<total>31</total>
				<timestamp>960.510181</timestamp>
			</report>
			<report>
				<misses>3562001</misses>
				<total>31</total>
				<timestamp>960.779786</timestamp>
			</report>
			<report>
				<misses>3563001</misses>
				<total>31</total>
				<timestamp>961.049643</timestamp>
			</report>
			<report>
				<misses>3564001</misses>
				<total>31</total>
				<timestamp>961.319374</timestamp>
			</report>
			<report>
				<misses>3565001</misses>
				<total>31</total>
				<timestamp>961.588972</timestamp>
			</report>
			<report>
				<misses>3566001</misses>
				<total>31</total>
				<timestamp>961.858758</timestamp>
			</report>
			<report>
				<misses>3567001</misses>
				<total>31</total>
				<timestamp>962.128495</timestamp>
			</report>
			<report>
				<misses>3568001</misses>
				<total>31</total>
				<timestamp>962.398186</timestamp>
			</report>
			<report>
				<misses>3569001</misses>
				<total>31</total>
				<timestamp>962.667902</timestamp>
			</report>
			<report>
				<misses>3570001</misses>
				<total>31</total>
				<timestamp>962.937658</timestamp>
			</report>
			<report>
				<misses>3571001</misses>
				<total>31</total>
				<timestamp>963.207516</timestamp>
			</report>
			<report>
				<misses>3572001</misses>
				<total>31</total>
				<timestamp>963.477116</timestamp>
			</report>
			<report>
				<misses>3573001</misses>
				<total>31</total>
				<timestamp>963.746822</timestamp>
			</report>
			<report>
				<misses>3574001</misses>
				<total>31</total>
				<timestamp>964.016576</timestamp>
			</report>
			<report>
				<misses>3575001</misses>
				<total>30</total>
				<timestamp>964.286470</timestamp>
			</report>
			<report>
				<misses>3576001</misses>
				<total>31</total>
				<timestamp>964.556005</timestamp>
			</report>
			<report>
				<misses>3577001</misses>
				<total>31</total>
				<timestamp>964.825742</timestamp>
			</report>
			<report>
				<misses>3578001</misses>
				<total>30</total>
				<timestamp>965.095603</timestamp>
			</report>
			<report>
				<misses>3579001</misses>
				<total>31</total>
				<timestamp>965.365218</timestamp>
			</report>
			<report>
				<misses>3580001</misses>
				<total>31</total>
				<timestamp>965.634979</timestamp>
			</report>
			<report>
				<misses>3581001</misses>
				<total>31</total>
				<timestamp>965.904685</timestamp>
			</report>
			<report>
				<misses>3582001</misses>
				<total>31</total>
				<timestamp>966.174430</timestamp>
			</report>
			<report>
				<misses>3583001</misses>
				<total>31</total>
				<timestamp>966.444169</timestamp>
			</report>
			<report>
				<misses>3584001</misses>
				<total>31</total>
				<timestamp>966.713889</timestamp>
			</report>
			<report>
				<misses>3585001</misses>
				<total>30</total>
				<timestamp>966.983686</timestamp>
			</report>
			<report>
				<misses>3586001</misses>
				<total>31</total>
				<timestamp>967.253332</timestamp>
			</report>
			<report>
				<misses>3587001</misses>
				<total>31</total>
				<timestamp>967.523075</timestamp>
			</report>
			<report>
				<misses>3588001</misses>
				<total>31</total>
				<timestamp>967.792782</timestamp>
			</report>
			<report>
				<misses>3589001</misses>
				<total>31</total>
				<timestamp>968.062559</timestamp>
			</report>
			<report>
				<misses>3590001</misses>
				<total>31</total>
				<timestamp>968.332259</timestamp>
			</report>
			<report>
				<misses>3591001</misses>
				<total>31</total>
				<timestamp>968.601999</timestamp>
			</report>
			<report>
				<misses>3592001</misses>
				<total>31</total>
				<timestamp>968.871698</timestamp>
			</report>
			<report>
				<misses>3593001</misses>
				<total>30</total>
				<timestamp>969.141575</timestamp>
			</report>
			<report>
				<misses>3594001</misses>
				<total>31</total>
				<timestamp>969.411155</timestamp>
			</report>
			<report>
				<misses>3595001</misses>
				<total>31</total>
				<timestamp>969.680872</timestamp>
			</report>
			<report>
				<misses>3596001</misses>
				<total>30</total>
				<timestamp>969.950712</timestamp>
			</report>
			<report>
				<misses>3597001</misses>
				<total>31</total>
				<timestamp>970.220418</timestamp>
			</report>
			<report>
				<misses>3598001</misses>
				<total>31</total>
				<timestamp>970.490067</timestamp>
			</report>
			<report>
				<misses>3599001</misses>
				<total>31</total>
				<timestamp>970.759814</timestamp>
			</report>
			<report>
				<misses>3600001</misses>
				<total>31</total>
				<timestamp>971.029559</timestamp>
			</report>
			<report>
				<misses>3601001</misses>
				<total>31</total>
				<timestamp>971.299274</timestamp>
			</report>
			<report>
				<misses>3602001</misses>
				<total>31</total>
				<timestamp>971.568993</timestamp>
			</report>
			<report>
				<misses>3603001</misses>
				<total>31</total>
				<timestamp>971.838730</timestamp>
			</report>
			<report>
				<misses>3604001</misses>
				<total>30</total>
				<timestamp>972.108553</timestamp>
			</report>
			<report>
				<misses>3605001</misses>
				<total>31</total>
				<timestamp>972.378174</timestamp>
			</report>
			<report>
				<misses>3606001</misses>
				<total>31</total>
				<timestamp>972.647920</timestamp>
			</report>
			<report>
				<misses>3607001</misses>
				<total>31</total>
				<timestamp>972.917651</timestamp>
			</report>
			<report>
				<misses>3608001</misses>
				<total>31</total>
				<timestamp>973.187425</timestamp>
			</report>
			<report>
				<misses>3609001</misses>
				<total>31</total>
				<timestamp>973.457117</timestamp>
			</report>
			<report>
				<misses>3610001</misses>
				<total>31</total>
				<timestamp>973.726831</timestamp>
			</report>
			<report>
				<misses>3611001</misses>
				<total>30</total>
				<timestamp>973.996660</timestamp>
			</report>
			<report>
				<misses>3612001</misses>
				<total>31</total>
				<timestamp>974.266333</timestamp>
			</report>
			<report>
				<misses>3613001</misses>
				<total>31</total>
				<timestamp>974.536024</timestamp>
			</report>
			<report>
				<misses>3614001</misses>
				<total>31</total>
				<timestamp>974.805763</timestamp>
			</report>
			<report>
				<misses>3615001</misses>
				<total>31</total>
				<timestamp>975.075508</timestamp>
			</report>
			<report>
				<misses>3616001</misses>
				<total>31</total>
				<timestamp>975.345219</timestamp>
			</report>
			<report>
				<misses>3617001</misses>
				<total>31</total>
				<timestamp>975.614944</timestamp>
			</report>
			<report>
				<misses>3618001</misses>
				<total>30</total>
				<timestamp>975.884756</timestamp>
			</report>
			<report>
				<misses>3619001</misses>
				<total>31</total>
				<timestamp>976.154392</timestamp>
			</report>
			<report>
				<misses>3620001</misses>
				<total>31</total>
				<timestamp>976.424170</timestamp>
			</report>
			<report>
				<misses>3621001</misses>
				<total>31</total>
				<timestamp>976.693859</timestamp>
			</report>
			<report>
				<misses>3622001</misses>
				<total>31</total>
				<timestamp>976.963657</timestamp>
			</report>
			<report>
				<misses>3623001</misses>
				<total>30</total>
				<timestamp>977.233405</timestamp>
			</report>
			<report>
				<misses>3624001</misses>
				<total>31</total>
				<timestamp>977.503045</timestamp>
			</report>
			<report>
				<misses>3625001</misses>
				<total>31</total>
				<timestamp>977.772764</timestamp>
			</report>
			<report>
				<misses>3626001</misses>
				<total>31</total>
				<timestamp>978.042598</timestamp>
			</report>
			<report>
				<misses>3627001</misses>
				<total>30</total>
				<timestamp>978.312383</timestamp>
			</report>
			<report>
				<misses>3628001</misses>
				<total>31</total>
				<timestamp>978.581951</timestamp>
			</report>
			<report>
				<misses>3629001</misses>
				<total>31</total>
				<timestamp>978.851690</timestamp>
			</report>
			<report>
				<misses>3630001</misses>
				<total>31</total>
				<timestamp>979.121494</timestamp>
			</report>
			<report>
				<misses>3631001</misses>
				<total>31</total>
				<timestamp>979.391186</timestamp>
			</report>
			<report>
				<misses>3632001</misses>
				<total>31</total>
				<timestamp>979.660874</timestamp>
			</report>
			<report>
				<misses>3633001</misses>
				<total>31</total>
				<timestamp>979.930613</timestamp>
			</report>
			<report>
				<misses>3634001</misses>
				<total>30</total>
				<timestamp>980.200492</timestamp>
			</report>
			<report>
				<misses>3635001</misses>
				<total>31</total>
				<timestamp>980.470075</timestamp>
			</report>
			<report>
				<misses>3636001</misses>
				<total>31</total>
				<timestamp>980.739838</timestamp>
			</report>
			<report>
				<misses>3637001</misses>
				<total>30</total>
				<timestamp>981.009636</timestamp>
			</report>
			<report>
				<misses>3638001</misses>
				<total>30</total>
				<timestamp>981.279386</timestamp>
			</report>
			<report>
				<misses>3639001</misses>
				<total>31</total>
				<timestamp>981.549019</timestamp>
			</report>
			<report>
				<misses>3640001</misses>
				<total>31</total>
				<timestamp>981.818738</timestamp>
			</report>
			<report>
				<misses>3641001</misses>
				<total>30</total>
				<timestamp>982.088546</timestamp>
			</report>
			<report>
				<misses>3642001</misses>
				<total>31</total>
				<timestamp>982.358291</timestamp>
			</report>
			<report>
				<misses>3643001</misses>
				<total>31</total>
				<timestamp>982.627913</timestamp>
			</report>
			<report>
				<misses>3644001</misses>
				<total>31</total>
				<timestamp>982.897653</timestamp>
			</report>
			<report>
				<misses>3645001</misses>
				<total>30</total>
				<timestamp>983.167498</timestamp>
			</report>
			<report>
				<misses>3646001</misses>
				<total>31</total>
				<timestamp>983.437116</timestamp>
			</report>
			<report>
				<misses>3647001</misses>
				<total>31</total>
				<timestamp>983.706843</timestamp>
			</report>
			<report>
				<misses>3648001</misses>
				<total>31</total>
				<timestamp>983.976638</timestamp>
			</report>
			<report>
				<misses>3649001</misses>
				<total>31</total>
				<timestamp>984.246411</timestamp>
			</report>
			<report>
				<misses>3650001</misses>
				<total>31</total>
				<timestamp>984.516063</timestamp>
			</report>
			<report>
				<misses>3651001</misses>
				<total>31</total>
				<timestamp>984.785767</timestamp>
			</report>
			<report>
				<misses>3652001</misses>
				<total>30</total>
				<timestamp>985.055601</timestamp>
			</report>
			<report>
				<misses>3653001</misses>
				<total>30</total>
				<timestamp>985.325336</timestamp>
			</report>
			<report>
				<misses>3654001</misses>
				<total>31</total>
				<timestamp>985.594954</timestamp>
			</report>
			<report>
				<misses>3655001</misses>
				<total>31</total>
				<timestamp>985.864688</timestamp>
			</report>
			<report>
				<misses>3656001</misses>
				<total>31</total>
				<timestamp>986.134467</timestamp>
			</report>
			<report>
				<misses>3657001</misses>
				<total>31</total>
				<timestamp>986.404174</timestamp>
			</report>
			<report>
				<misses>3658001</misses>
				<total>31</total>
				<timestamp>986.673863</timestamp>
			</report>
			<report>
				<misses>3659001</misses>
				<total>31</total>
				<timestamp>986.943617</timestamp>
			</report>
			<report>
				<misses>3660001</misses>
				<total>30</total>
				<timestamp>987.213488</timestamp>
			</report>
			<report>
				<misses>3661001</misses>
				<total>31</total>
				<timestamp>987.483069</timestamp>
			</report>
			<report>
				<misses>3662001</misses>
				<total>31</total>
				<timestamp>987.752773</timestamp>
			</report>
			<report>
				<misses>3663001</misses>
				<total>31</total>
				<timestamp>988.022554</timestamp>
			</report>
			<report>
				<misses>3664001</misses>
				<total>31</total>
				<timestamp>988.292350</timestamp>
			</report>
			<report>
				<misses>3665001</misses>
				<total>31</total>
				<timestamp>988.561989</timestamp>
			</report>
			<report>
				<misses>3666001</misses>
				<total>31</total>
				<timestamp>988.831753</timestamp>
			</report>
			<report>
				<misses>3667001</misses>
				<total>30</total>
				<timestamp>989.101558</timestamp>
			</report>
			<report>
				<misses>3668001</misses>
				<total>31</total>
				<timestamp>989.371169</timestamp>
			</report>
			<report>
				<misses>3669001</misses>
				<total>31</total>
				<timestamp>989.640894</timestamp>
			</report>
			<report>
				<misses>3670001</misses>
				<total>31</total>
				<timestamp>989.910630</timestamp>
			</report>
			<report>
				<misses>3671001</misses>
				<total>31</total>
				<timestamp>990.180431</timestamp>
			</report>
			<report>
				<misses>3672001</misses>
				<total>31</total>
				<timestamp>990.450126</timestamp>
			</report>
			<report>
				<misses>3673001</misses>
				<total>31</total>
				<timestamp>990.719817</timestamp>
			</report>
			<report>
				<misses>3674001</misses>
				<total>31</total>
				<timestamp>990.989567</timestamp>
			</report>
			<report>
				<misses>3675001</misses>
				<total>31</total>
				<timestamp>991.259308</timestamp>
			</report>
			<report>
				<misses>3676001</misses>
				<total>31</total>
				<timestamp>991.529008</timestamp>
			</report>
			<report>
				<misses>3677001</misses>
				<total>31</total>
				<timestamp>991.798733</timestamp>
			</report>
			<report>
				<misses>3678001</misses>
				<total>31</total>
				<timestamp>992.068468</timestamp>
			</report>
			<report>
				<misses>3679001</misses>
				<total>30</total>
				<timestamp>992.338303</timestamp>
			</report>
			<report>
				<misses>3680001</misses>
				<total>31</total>
				<timestamp>992.607925</timestamp>
			</report>
			<report>
				<misses>3681001</misses>
				<total>31</total>
				<timestamp>992.877657</timestamp>
			</report>
			<report>
				<misses>3682001</misses>
				<total>31</total>
				<timestamp>993.147407</timestamp>
			</report>
			<report>
				<misses>3683001</misses>
				<total>31</total>
				<timestamp>993.417190</timestamp>
			</report>
			<report>
				<misses>3684001</misses>
				<total>31</total>
				<timestamp>993.686835</timestamp>
			</report>
			<report>
				<misses>3685001</misses>
				<total>31</total>
				<timestamp>993.956592</timestamp>
			</report>
			<report>
				<misses>3686001</misses>
				<total>31</total>
				<timestamp>994.226371</timestamp>
			</report>
			<report>
				<misses>3687001</misses>
				<total>31</total>
				<timestamp>994.496044</timestamp>
			</report>
			<report>
				<misses>3688001</misses>
				<total>31</total>
				<timestamp>994.765772</timestamp>
			</report>
			<report>
				<misses>3689001</misses>
				<total>31</total>
				<timestamp>995.035555</timestamp>
			</report>
			<report>
				<misses>3690001</misses>
				<total>31</total>
				<timestamp>995.305317</timestamp>
			</report>
			<report>
				<misses>3691001</misses>
				<total>31</total>
				<timestamp>995.574959</timestamp>
			</report>
			<report>
				<misses>3692001</misses>
				<total>31</total>
				<timestamp>995.844728</timestamp>
			</report>
			<report>
				<misses>3693001</misses>
				<total>30</total>
				<timestamp>996.114514</timestamp>
			</report>
			<report>
				<misses>3694001</misses>
				<total>30</total>
				<timestamp>996.384264</timestamp>
			</report>
			<report>
				<misses>3695001</misses>
				<total>31</total>
				<timestamp>996.653882</timestamp>
			</report>
			<report>
				<misses>3696001</misses>
				<total>31</total>
				<timestamp>996.923602</timestamp>
			</report>
			<report>
				<misses>3697001</misses>
				<total>31</total>
				<timestamp>997.193399</timestamp>
			</report>
			<report>
				<misses>3698001</misses>
				<total>31</total>
				<timestamp>997.463081</timestamp>
			</report>
			<report>
				<misses>3699001</misses>
				<total>31</total>
				<timestamp>997.732812</timestamp>
			</report>
			<report>
				<misses>3700001</misses>
				<total>31</total>
				<timestamp>998.002543</timestamp>
			</report>
			<report>
				<misses>3701001</misses>
				<total>31</total>
				<timestamp>998.272294</timestamp>
			</report>
			<report>
				<misses>3702001</misses>
				<total>31</total>
				<timestamp>998.541999</timestamp>
			</report>
			<report>
				<misses>3703001</misses>
				<total>31</total>
				<timestamp>998.811732</timestamp>
			</report>
			<report>
				<misses>3704001</misses>
				<total>31</total>
				<timestamp>999.081453</timestamp>
			</report>
			<report>
				<misses>3705001</misses>
				<total>31</total>
				<timestamp>999.351202</timestamp>
			</report>
			<report>
				<misses>3706001</misses>
				<total>31</total>
				<timestamp>999.620915</timestamp>
			</report>
			<report>
				<misses>3707001</misses>
				<total>31</total>
				<timestamp>999.890695</timestamp>
			</report>
			<report>
				<misses>3708001</misses>
				<total>30</total>
				<timestamp>1000.160483</timestamp>
			</report>
			<report>
				<misses>3709001</misses>
				<total>30</total>
				<timestamp>1000.430275</timestamp>
			</report>
			<report>
				<misses>3710001</misses>
				<total>31</total>
				<timestamp>1000.699838</timestamp>
			</report>
			<report>
				<misses>3711001</misses>
				<total>31</total>
				<timestamp>1000.969572</timestamp>
			</report>
			<report>
				<misses>3712001</misses>
				<total>31</total>
				<timestamp>1001.239362</timestamp>
			</report>
			<report>
				<misses>3713001</misses>
				<total>31</total>
				<timestamp>1001.509030</timestamp>
			</report>
			<report>
				<misses>3714001</misses>
				<total>31</total>
				<timestamp>1001.778747</timestamp>
			</report>
			<report>
				<misses>3715001</misses>
				<total>31</total>
				<timestamp>1002.048507</timestamp>
			</report>
			<report>
				<misses>3716001</misses>
				<total>31</total>
				<timestamp>1002.318229</timestamp>
			</report>
			<report>
				<misses>3717001</misses>
				<total>31</total>
				<timestamp>1002.587937</timestamp>
			</report>
			<report>
				<misses>3718001</misses>
				<total>31</total>
				<timestamp>1002.857662</timestamp>
			</report>
			<report>
				<misses>3719001</misses>
				<total>31</total>
				<timestamp>1003.127490</timestamp>
			</report>
			<report>
				<misses>3720001</misses>
				<total>31</total>
				<timestamp>1003.397158</timestamp>
			</report>
			<report>
				<misses>3721001</misses>
				<total>31</total>
				<timestamp>1003.666873</timestamp>
			</report>
			<report>
				<misses>3722001</misses>
				<total>31</total>
				<timestamp>1003.936599</timestamp>
			</report>
			<report>
				<misses>3723001</misses>
				<total>30</total>
				<timestamp>1004.206463</timestamp>
			</report>
			<report>
				<misses>3724001</misses>
				<total>31</total>
				<timestamp>1004.476049</timestamp>
			</report>
			<report>
				<misses>3725001</misses>
				<total>31</total>
				<timestamp>1004.745818</timestamp>
			</report>
			<report>
				<misses>3726001</misses>
				<total>31</total>
				<timestamp>1005.015542</timestamp>
			</report>
			<report>
				<misses>3727001</misses>
				<total>31</total>
				<timestamp>1005.285316</timestamp>
			</report>
			<report>
				<misses>3728001</misses>
				<total>31</total>
				<timestamp>1005.554983</timestamp>
			</report>
			<report>
				<misses>3729001</misses>
				<total>31</total>
				<timestamp>1005.824700</timestamp>
			</report>
			<report>
				<misses>3730001</misses>
				<total>31</total>
				<timestamp>1006.094436</timestamp>
			</report>
			<report>
				<misses>3731001</misses>
				<total>31</total>
				<timestamp>1006.364230</timestamp>
			</report>
			<report>
				<misses>3732001</misses>
				<total>31</total>
				<timestamp>1006.633902</timestamp>
			</report>
			<report>
				<misses>3733001</misses>
				<total>31</total>
				<timestamp>1006.903613</timestamp>
			</report>
			<report>
				<misses>3734001</misses>
				<total>31</total>
				<timestamp>1007.173436</timestamp>
			</report>
			<report>
				<misses>3735001</misses>
				<total>30</total>
				<timestamp>1007.443209</timestamp>
			</report>
			<report>
				<misses>3736001</misses>
				<total>31</total>
				<timestamp>1007.712818</timestamp>
			</report>
			<report>
				<misses>3737001</misses>
				<total>31</total>
				<timestamp>1007.982542</timestamp>
			</report>
			<report>
				<misses>3738001</misses>
				<total>31</total>
				<timestamp>1008.252340</timestamp>
			</report>
			<report>
				<misses>3739001</misses>
				<total>31</total>
				<timestamp>1008.522031</timestamp>
			</report>
			<report>
				<misses>3740001</misses>
				<total>31</total>
				<timestamp>1008.791738</timestamp>
			</report>
			<report>
				<misses>3741001</misses>
				<total>31</total>
				<timestamp>1009.061461</timestamp>
			</report>
			<report>
				<misses>3742001</misses>
				<total>30</total>
				<timestamp>1009.331316</timestamp>
			</report>
			<report>
				<misses>3743001</misses>
				<total>31</total>
				<timestamp>1009.600917</timestamp>
			</report>
			<report>
				<misses>3744001</misses>
				<total>31</total>
				<timestamp>1009.870652</timestamp>
			</report>
			<report>
				<misses>3745001</misses>
				<total>31</total>
				<timestamp>1010.140426</timestamp>
			</report>
			<report>
				<misses>3746001</misses>
				<total>30</total>
				<timestamp>1010.410217</timestamp>
			</report>
			<report>
				<misses>3747001</misses>
				<total>31</total>
				<timestamp>1010.679846</timestamp>
			</report>
			<report>
				<misses>3748001</misses>
				<total>31</total>
				<timestamp>1010.949583</timestamp>
			</report>
			<report>
				<misses>3749001</misses>
				<total>30</total>
				<timestamp>1011.219430</timestamp>
			</report>
			<report>
				<misses>3750001</misses>
				<total>31</total>
				<timestamp>1011.489057</timestamp>
			</report>
			<report>
				<misses>3751001</misses>
				<total>31</total>
				<timestamp>1011.758753</timestamp>
			</report>
			<report>
				<misses>3752001</misses>
				<total>31</total>
				<timestamp>1012.028503</timestamp>
			</report>
			<report>
				<misses>3753001</misses>
				<total>31</total>
				<timestamp>1012.298326</timestamp>
			</report>
			<report>
				<misses>3754001</misses>
				<total>31</total>
				<timestamp>1012.567954</timestamp>
			</report>
			<report>
				<misses>3755001</misses>
				<total>31</total>
				<timestamp>1012.837729</timestamp>
			</report>
			<report>
				<misses>3756001</misses>
				<total>30</total>
				<timestamp>1013.107541</timestamp>
			</report>
			<report>
				<misses>3757001</misses>
				<total>31</total>
				<timestamp>1013.377168</timestamp>
			</report>
			<report>
				<misses>3758001</misses>
				<total>31</total>
				<timestamp>1013.646866</timestamp>
			</report>
			<report>
				<misses>3759001</misses>
				<total>31</total>
				<timestamp>1013.916597</timestamp>
			</report>
			<report>
				<misses>3760001</misses>
				<total>31</total>
				<timestamp>1014.186396</timestamp>
			</report>
			<report>
				<misses>3761001</misses>
				<total>30</total>
				<timestamp>1014.456151</timestamp>
			</report>
			<report>
				<misses>3762001</misses>
				<total>31</total>
				<timestamp>1014.725804</timestamp>
			</report>
			<report>
				<misses>3763001</misses>
				<total>31</total>
				<timestamp>1014.995533</timestamp>
			</report>
			<report>
				<misses>3764001</misses>
				<total>31</total>
				<timestamp>1015.265280</timestamp>
			</report>
			<report>
				<misses>3765001</misses>
				<total>31</total>
				<timestamp>1015.534980</timestamp>
			</report>
			<report>
				<misses>3766001</misses>
				<total>31</total>
				<timestamp>1015.804703</timestamp>
			</report>
			<report>
				<misses>3767001</misses>
				<total>31</total>
				<timestamp>1016.074439</timestamp>
			</report>
			<report>
				<misses>3768001</misses>
				<total>31</total>
				<timestamp>1016.344229</timestamp>
			</report>
			<report>
				<misses>3769001</misses>
				<total>31</total>
				<timestamp>1016.613885</timestamp>
			</report>
			<report>
				<misses>3770001</misses>
				<total>31</total>
				<timestamp>1016.883628</timestamp>
			</report>
			<report>
				<misses>3771001</misses>
				<total>31</total>
				<timestamp>1017.153408</timestamp>
			</report>
			<report>
				<misses>3772001</misses>
				<total>30</total>
				<timestamp>1017.423245</timestamp>
			</report>
			<report>
				<misses>3773001</misses>
				<total>31</total>
				<timestamp>1017.692822</timestamp>
			</report>
			<report>
				<misses>3774001</misses>
				<total>31</total>
				<timestamp>1017.962582</timestamp>
			</report>
			<report>
				<misses>3775001</misses>
				<total>30</total>
				<timestamp>1018.232370</timestamp>
			</report>
			<report>
				<misses>3776001</misses>
				<total>30</total>
				<timestamp>1018.502138</timestamp>
			</report>
			<report>
				<misses>3777001</misses>
				<total>31</total>
				<timestamp>1018.771719</timestamp>
			</report>
			<report>
				<misses>3778001</misses>
				<total>31</total>
				<timestamp>1019.041492</timestamp>
			</report>
			<report>
				<misses>3779001</misses>
				<total>31</total>
				<timestamp>1019.311216</timestamp>
			</report>
			<report>
				<misses>3780001</misses>
				<total>31</total>
				<timestamp>1019.580942</timestamp>
			</report>
			<report>
				<misses>3781001</misses>
				<total>31</total>
				<timestamp>1019.850660</timestamp>
			</report>
			<report>
				<misses>3782001</misses>
				<total>31</total>
				<timestamp>1020.120390</timestamp>
			</report>
			<report>
				<misses>3783001</misses>
				<total>30</total>
				<timestamp>1020.390242</timestamp>
			</report>
			<report>
				<misses>3784001</misses>
				<total>31</total>
				<timestamp>1020.659866</timestamp>
			</report>
			<report>
				<misses>3785001</misses>
				<total>31</total>
				<timestamp>1020.929581</timestamp>
			</report>
			<report>
				<misses>3786001</misses>
				<total>31</total>
				<timestamp>1021.199365</timestamp>
			</report>
			<report>
				<misses>3787001</misses>
				<total>31</total>
				<timestamp>1021.469130</timestamp>
			</report>
			<report>
				<misses>3788001</misses>
				<total>31</total>
				<timestamp>1021.738754</timestamp>
			</report>
			<report>
				<misses>3789001</misses>
				<total>31</total>
				<timestamp>1022.008498</timestamp>
			</report>
			<report>
				<misses>3790001</misses>
				<total>31</total>
				<timestamp>1022.278222</timestamp>
			</report>
			<report>
				<misses>3791001</misses>
				<total>30</total>
				<timestamp>1022.548135</timestamp>
			</report>
			<report>
				<misses>3792001</misses>
				<total>31</total>
				<timestamp>1022.817694</timestamp>
			</report>
			<report>
				<misses>3793001</misses>
				<total>31</total>
				<timestamp>1023.087407</timestamp>
			</report>
			<report>
				<misses>3794001</misses>
				<total>31</total>
				<timestamp>1023.357201</timestamp>
			</report>
			<report>
				<misses>3795001</misses>
				<total>31</total>
				<timestamp>1023.626884</timestamp>
			</report>
			<report>
				<misses>3796001</misses>
				<total>31</total>
				<timestamp>1023.896608</timestamp>
			</report>
			<report>
				<misses>3797001</misses>
				<total>31</total>
				<timestamp>1024.166375</timestamp>
			</report>
			<report>
				<misses>3798001</misses>
				<total>31</total>
				<timestamp>1024.436105</timestamp>
			</report>
			<report>
				<misses>3799001</misses>
				<total>31</total>
				<timestamp>1024.705798</timestamp>
			</report>
			<report>
				<misses>3800001</misses>
				<total>31</total>
				<timestamp>1024.975521</timestamp>
			</report>
			<report>
				<misses>3801001</misses>
				<total>30</total>
				<timestamp>1025.245339</timestamp>
			</report>
			<report>
				<misses>3802001</misses>
				<total>30</total>
				<timestamp>1025.515085</timestamp>
			</report>
			<report>
				<misses>3803001</misses>
				<total>31</total>
				<timestamp>1025.784719</timestamp>
			</report>
			<report>
				<misses>3804001</misses>
				<total>31</total>
				<timestamp>1026.054447</timestamp>
			</report>
			<report>
				<misses>3805001</misses>
				<total>31</total>
				<timestamp>1026.324201</timestamp>
			</report>
			<report>
				<misses>3806001</misses>
				<total>31</total>
				<timestamp>1026.593926</timestamp>
			</report>
			<report>
				<misses>3807001</misses>
				<total>31</total>
				<timestamp>1026.863630</timestamp>
			</report>
			<report>
				<misses>3808001</misses>
				<total>31</total>
				<timestamp>1027.133390</timestamp>
			</report>
			<report>
				<misses>3809001</misses>
				<total>30</total>
				<timestamp>1027.403200</timestamp>
			</report>
			<report>
				<misses>3810001</misses>
				<total>31</total>
				<timestamp>1027.672847</timestamp>
			</report>
			<report>
				<misses>3811001</misses>
				<total>31</total>
				<timestamp>1027.942553</timestamp>
			</report>
			<report>
				<misses>3812001</misses>
				<total>31</total>
				<timestamp>1028.212304</timestamp>
			</report>
			<report>
				<misses>3813001</misses>
				<total>31</total>
				<timestamp>1028.482061</timestamp>
			</report>
			<report>
				<misses>3814001</misses>
				<total>31</total>
				<timestamp>1028.751754</timestamp>
			</report>
			<report>
				<misses>3815001</misses>
				<total>31</total>
				<timestamp>1029.021480</timestamp>
			</report>
			<report>
				<misses>3816001</misses>
				<total>31</total>
				<timestamp>1029.291215</timestamp>
			</report>
			<report>
				<misses>3817001</misses>
				<total>30</total>
				<timestamp>1029.561065</timestamp>
			</report>
			<report>
				<misses>3818001</misses>
				<total>31</total>
				<timestamp>1029.830667</timestamp>
			</report>
			<report>
				<misses>3819001</misses>
				<total>31</total>
				<timestamp>1030.100397</timestamp>
			</report>
			<report>
				<misses>3820001</misses>
				<total>31</total>
				<timestamp>1030.370214</timestamp>
			</report>
			<report>
				<misses>3821001</misses>
				<total>31</total>
				<timestamp>1030.639850</timestamp>
			</report>
			<report>
				<misses>3822001</misses>
				<total>31</total>
				<timestamp>1030.909581</timestamp>
			</report>
			<report>
				<misses>3823001</misses>
				<total>31</total>
				<timestamp>1031.179328</timestamp>
			</report>
			<report>
				<misses>3824001</misses>
				<total>30</total>
				<timestamp>1031.449170</timestamp>
			</report>
			<report>
				<misses>3825001</misses>
				<total>31</total>
				<timestamp>1031.718817</timestamp>
			</report>
			<report>
				<misses>3826001</misses>
				<total>31</total>
				<timestamp>1031.988500</timestamp>
			</report>
			<report>
				<misses>3827001</misses>
				<total>31</total>
				<timestamp>1032.258285</timestamp>
			</report>
			<report>
				<misses>3828001</misses>
				<total>31</total>
				<timestamp>1032.528047</timestamp>
			</report>
			<report>
				<misses>3829001</misses>
				<total>31</total>
				<timestamp>1032.797701</timestamp>
			</report>
			<report>
				<misses>3830001</misses>
				<total>31</total>
				<timestamp>1033.067438</timestamp>
			</report>
			<report>
				<misses>3831001</misses>
				<total>30</total>
				<timestamp>1033.337290</timestamp>
			</report>
			<report>
				<misses>3832001</misses>
				<total>30</total>
				<timestamp>1033.607044</timestamp>
			</report>
			<report>
				<misses>3833001</misses>
				<total>31</total>
				<timestamp>1033.876627</timestamp>
			</report>
			<report>
				<misses>3834001</misses>
				<total>31</total>
				<timestamp>1034.146360</timestamp>
			</report>
			<report>
				<misses>3835001</misses>
				<total>31</total>
				<timestamp>1034.416152</timestamp>
			</report>
			<report>
				<misses>3836001</misses>
				<total>31</total>
				<timestamp>1034.685823</timestamp>
			</report>
			<report>
				<misses>3837001</misses>
				<total>31</total>
				<timestamp>1034.955548</timestamp>
			</report>
			<report>
				<misses>3838001</misses>
				<total>31</total>
				<timestamp>1035.225299</timestamp>
			</report>
			<report>
				<misses>3839001</misses>
				<total>31</total>
				<timestamp>1035.495033</timestamp>
			</report>
			<report>
				<misses>3840001</misses>
				<total>31</total>
				<timestamp>1035.764731</timestamp>
			</report>
			<report>
				<misses>3841001</misses>
				<total>31</total>
				<timestamp>1036.034503</timestamp>
			</report>
			<report>
				<misses>3842001</misses>
				<total>31</total>
				<timestamp>1036.304251</timestamp>
			</report>
			<report>
				<misses>3843001</misses>
				<total>31</total>
				<timestamp>1036.573963</timestamp>
			</report>
			<report>
				<misses>3844001</misses>
				<total>31</total>
				<timestamp>1036.843646</timestamp>
			</report>
			<report>
				<misses>3845001</misses>
				<total>31</total>
				<timestamp>1037.113396</timestamp>
			</report>
			<report>
				<misses>3846001</misses>
				<total>31</total>
				<timestamp>1037.383163</timestamp>
			</report>
			<report>
				<misses>3847001</misses>
				<total>31</total>
				<timestamp>1037.652970</timestamp>
			</report>
			<report>
				<misses>3848001</misses>
				<total>31</total>
				<timestamp>1037.922592</timestamp>
			</report>
			<report>
				<misses>3849001</misses>
				<total>31</total>
				<timestamp>1038.192349</timestamp>
			</report>
			<report>
				<misses>3850001</misses>
				<total>31</total>
				<timestamp>1038.462186</timestamp>
			</report>
			<report>
				<misses>3851001</misses>
				<total>31</total>
				<timestamp>1038.731769</timestamp>
			</report>
			<report>
				<misses>3852001</misses>
				<total>31</total>
				<timestamp>1039.001502</timestamp>
			</report>
			<report>
				<misses>3853001</misses>
				<total>31</total>
				<timestamp>1039.271220</timestamp>
			</report>
			<report>
				<misses>3854001</misses>
				<total>31</total>
				<timestamp>1039.541004</timestamp>
			</report>
			<report>
				<misses>3855001</misses>
				<total>31</total>
				<timestamp>1039.810688</timestamp>
			</report>
			<report>
				<misses>3856001</misses>
				<total>31</total>
				<timestamp>1040.080443</timestamp>
			</report>
			<report>
				<misses>3857001</misses>
				<total>31</total>
				<timestamp>1040.350143</timestamp>
			</report>
			<report>
				<misses>3858001</misses>
				<total>30</total>
				<timestamp>1040.620005</timestamp>
			</report>
			<report>
				<misses>3859001</misses>
				<total>31</total>
				<timestamp>1040.889588</timestamp>
			</report>
			<report>
				<misses>3860001</misses>
				<total>31</total>
				<timestamp>1041.159335</timestamp>
			</report>
			<report>
				<misses>3861001</misses>
				<total>31</total>
				<timestamp>1041.429186</timestamp>
			</report>
			<report>
				<misses>3862001</misses>
				<total>31</total>
				<timestamp>1041.698785</timestamp>
			</report>
			<report>
				<misses>3863001</misses>
				<total>31</total>
				<timestamp>1041.968531</timestamp>
			</report>
			<report>
				<misses>3864001</misses>
				<total>31</total>
				<timestamp>1042.238377</timestamp>
			</report>
			<report>
				<misses>3865001</misses>
				<total>31</total>
				<timestamp>1042.508108</timestamp>
			</report>
			<report>
				<misses>3866001</misses>
				<total>31</total>
				<timestamp>1042.777708</timestamp>
			</report>
			<report>
				<misses>3867001</misses>
				<total>31</total>
				<timestamp>1043.047570</timestamp>
			</report>
			<report>
				<misses>3868001</misses>
				<total>31</total>
				<timestamp>1043.317171</timestamp>
			</report>
			<report>
				<misses>3869001</misses>
				<total>31</total>
				<timestamp>1043.586964</timestamp>
			</report>
			<report>
				<misses>3870001</misses>
				<total>31</total>
				<timestamp>1043.856751</timestamp>
			</report>
			<report>
				<misses>3871001</misses>
				<total>31</total>
				<timestamp>1044.126479</timestamp>
			</report>
			<report>
				<misses>3872001</misses>
				<total>30</total>
				<timestamp>1044.396224</timestamp>
			</report>
			<report>
				<misses>3873001</misses>
				<total>31</total>
				<timestamp>1044.665879</timestamp>
			</report>
			<report>
				<misses>3874001</misses>
				<total>31</total>
				<timestamp>1044.935562</timestamp>
			</report>
			<report>
				<misses>3875001</misses>
				<total>31</total>
				<timestamp>1045.205291</timestamp>
			</report>
			<report>
				<misses>3876001</misses>
				<total>31</total>
				<timestamp>1045.475074</timestamp>
			</report>
			<report>
				<misses>3877001</misses>
				<total>31</total>
				<timestamp>1045.744746</timestamp>
			</report>
			<report>
				<misses>3878001</misses>
				<total>31</total>
				<timestamp>1046.014483</timestamp>
			</report>
			<report>
				<misses>3879001</misses>
				<total>31</total>
				<timestamp>1046.284233</timestamp>
			</report>
			<report>
				<misses>3880001</misses>
				<total>31</total>
				<timestamp>1046.553968</timestamp>
			</report>
			<report>
				<misses>3881001</misses>
				<total>31</total>
				<timestamp>1046.823684</timestamp>
			</report>
			<report>
				<misses>3882001</misses>
				<total>31</total>
				<timestamp>1047.093393</timestamp>
			</report>
			<report>
				<misses>3883001</misses>
				<total>31</total>
				<timestamp>1047.363129</timestamp>
			</report>
			<report>
				<misses>3884001</misses>
				<total>30</total>
				<timestamp>1047.632963</timestamp>
			</report>
			<report>
				<misses>3885001</misses>
				<total>31</total>
				<timestamp>1047.902608</timestamp>
			</report>
			<report>
				<misses>3886001</misses>
				<total>31</total>
				<timestamp>1048.172325</timestamp>
			</report>
			<report>
				<misses>3887001</misses>
				<total>30</total>
				<timestamp>1048.442149</timestamp>
			</report>
			<report>
				<misses>3888001</misses>
				<total>31</total>
				<timestamp>1048.711764</timestamp>
			</report>
			<report>
				<misses>3889001</misses>
				<total>31</total>
				<timestamp>1048.981510</timestamp>
			</report>
			<report>
				<misses>3890001</misses>
				<total>31</total>
				<timestamp>1049.251258</timestamp>
			</report>
			<report>
				<misses>3891001</misses>
				<total>31</total>
				<timestamp>1049.521034</timestamp>
			</report>
			<report>
				<misses>3892001</misses>
				<total>31</total>
				<timestamp>1049.790687</timestamp>
			</report>
			<report>
				<misses>3893001</misses>
				<total>31</total>
				<timestamp>1050.060416</timestamp>
			</report>
			<report>
				<misses>3894001</misses>
				<total>31</total>
				<timestamp>1050.330171</timestamp>
			</report>
			<report>
				<misses>3895001</misses>
				<total>31</total>
				<timestamp>1050.599942</timestamp>
			</report>
			<report>
				<misses>3896001</misses>
				<total>31</total>
				<timestamp>1050.869606</timestamp>
			</report>
			<report>
				<misses>3897001</misses>
				<total>31</total>
				<timestamp>1051.139346</timestamp>
			</report>
			<report>
				<misses>3898001</misses>
				<total>30</total>
				<timestamp>1051.409163</timestamp>
			</report>
			<report>
				<misses>3899001</misses>
				<total>31</total>
				<timestamp>1051.678917</timestamp>
			</report>
			<report>
				<misses>3900001</misses>
				<total>31</total>
				<timestamp>1051.948524</timestamp>
			</report>
			<report>
				<misses>3901001</misses>
				<total>31</total>
				<timestamp>1052.218384</timestamp>
			</report>
			<report>
				<misses>3902001</misses>
				<total>31</total>
				<timestamp>1052.488122</timestamp>
			</report>
			<report>
				<misses>3903001</misses>
				<total>31</total>
				<timestamp>1052.757715</timestamp>
			</report>
			<report>
				<misses>3904001</misses>
				<total>30</total>
				<timestamp>1053.027573</timestamp>
			</report>
			<report>
				<misses>3905001</misses>
				<total>31</total>
				<timestamp>1053.297180</timestamp>
			</report>
			<report>
				<misses>3906001</misses>
				<total>31</total>
				<timestamp>1053.567033</timestamp>
			</report>
			<report>
				<misses>3907001</misses>
				<total>31</total>
				<timestamp>1053.836765</timestamp>
			</report>
			<report>
				<misses>3908001</misses>
				<total>31</total>
				<timestamp>1054.106368</timestamp>
			</report>
			<report>
				<misses>3909001</misses>
				<total>31</total>
				<timestamp>1054.376224</timestamp>
			</report>
			<report>
				<misses>3910001</misses>
				<total>31</total>
				<timestamp>1054.645964</timestamp>
			</report>
			<report>
				<misses>3911001</misses>
				<total>31</total>
				<timestamp>1054.915545</timestamp>
			</report>
			<report>
				<misses>3912001</misses>
				<total>31</total>
				<timestamp>1055.185414</timestamp>
			</report>
			<report>
				<misses>3913001</misses>
				<total>30</total>
				<timestamp>1055.455150</timestamp>
			</report>
			<report>
				<misses>3914001</misses>
				<total>31</total>
				<timestamp>1055.724877</timestamp>
			</report>
			<report>
				<misses>3915001</misses>
				<total>31</total>
				<timestamp>1055.994610</timestamp>
			</report>
			<report>
				<misses>3916001</misses>
				<total>31</total>
				<timestamp>1056.264339</timestamp>
			</report>
			<report>
				<misses>3917001</misses>
				<total>31</total>
				<timestamp>1056.534064</timestamp>
			</report>
			<report>
				<misses>3918001</misses>
				<total>31</total>
				<timestamp>1056.803670</timestamp>
			</report>
			<report>
				<misses>3919001</misses>
				<total>31</total>
				<timestamp>1057.073524</timestamp>
			</report>
			<report>
				<misses>3920001</misses>
				<total>31</total>
				<timestamp>1057.343254</timestamp>
			</report>
			<report>
				<misses>3921001</misses>
				<total>31</total>
				<timestamp>1057.612983</timestamp>
			</report>
			<report>
				<misses>3922001</misses>
				<total>31</total>
				<timestamp>1057.882596</timestamp>
			</report>
			<report>
				<misses>3923001</misses>
				<total>31</total>
				<timestamp>1058.152445</timestamp>
			</report>
			<report>
				<misses>3924001</misses>
				<total>31</total>
				<timestamp>1058.422177</timestamp>
			</report>
			<report>
				<misses>3925001</misses>
				<total>31</total>
				<timestamp>1058.691905</timestamp>
			</report>
			<report>
				<misses>3926001</misses>
				<total>31</total>
				<timestamp>1058.961637</timestamp>
			</report>
			<report>
				<misses>3927001</misses>
				<total>31</total>
				<timestamp>1059.231250</timestamp>
			</report>
			<report>
				<misses>3928001</misses>
				<total>30</total>
				<timestamp>1059.501108</timestamp>
			</report>
			<report>
				<misses>3929001</misses>
				<total>31</total>
				<timestamp>1059.770824</timestamp>
			</report>
			<report>
				<misses>3930001</misses>
				<total>31</total>
				<timestamp>1060.040564</timestamp>
			</report>
			<report>
				<misses>3931001</misses>
				<total>31</total>
				<timestamp>1060.310162</timestamp>
			</report>
			<report>
				<misses>3932001</misses>
				<total>30</total>
				<timestamp>1060.580014</timestamp>
			</report>
			<report>
				<misses>3933001</misses>
				<total>31</total>
				<timestamp>1060.849612</timestamp>
			</report>
			<report>
				<misses>3934001</misses>
				<total>31</total>
				<timestamp>1061.119351</timestamp>
			</report>
			<report>
				<misses>3935001</misses>
				<total>31</total>
				<timestamp>1061.389073</timestamp>
			</report>
			<report>
				<misses>3936001</misses>
				<total>31</total>
				<timestamp>1061.658822</timestamp>
			</report>
			<report>
				<misses>3937001</misses>
				<total>31</total>
				<timestamp>1061.928530</timestamp>
			</report>
			<report>
				<misses>3938001</misses>
				<total>31</total>
				<timestamp>1062.198269</timestamp>
			</report>
			<report>
				<misses>3939001</misses>
				<total>30</total>
				<timestamp>1062.468087</timestamp>
			</report>
			<report>
				<misses>3940001</misses>
				<total>30</total>
				<timestamp>1062.737859</timestamp>
			</report>
			<report>
				<misses>3941001</misses>
				<total>31</total>
				<timestamp>1063.007447</timestamp>
			</report>
			<report>
				<misses>3942001</misses>
				<total>31</total>
				<timestamp>1063.277173</timestamp>
			</report>
			<report>
				<misses>3943001</misses>
				<total>31</total>
				<timestamp>1063.546963</timestamp>
			</report>
			<report>
				<misses>3944001</misses>
				<total>31</total>
				<timestamp>1063.816639</timestamp>
			</report>
			<report>
				<misses>3945001</misses>
				<total>31</total>
				<timestamp>1064.086408</timestamp>
			</report>
			<report>
				<misses>3946001</misses>
				<total>31</total>
				<timestamp>1064.356107</timestamp>
			</report>
			<report>
				<misses>3947001</misses>
				<total>31</total>
				<timestamp>1064.625940</timestamp>
			</report>
			<report>
				<misses>3948001</misses>
				<total>31</total>
				<timestamp>1064.895556</timestamp>
			</report>
			<report>
				<misses>3949001</misses>
				<total>31</total>
				<timestamp>1065.165296</timestamp>
			</report>
			<report>
				<misses>3950001</misses>
				<total>31</total>
				<timestamp>1065.435102</timestamp>
			</report>
			<report>
				<misses>3951001</misses>
				<total>31</total>
				<timestamp>1065.704799</timestamp>
			</report>
			<report>
				<misses>3952001</misses>
				<total>31</total>
				<timestamp>1065.974505</timestamp>
			</report>
			<report>
				<misses>3953001</misses>
				<total>31</total>
				<timestamp>1066.244235</timestamp>
			</report>
			<report>
				<misses>3954001</misses>
				<total>31</total>
				<timestamp>1066.514017</timestamp>
			</report>
			<report>
				<misses>3955001</misses>
				<total>31</total>
				<timestamp>1066.783703</timestamp>
			</report>
			<report>
				<misses>3956001</misses>
				<total>31</total>
				<timestamp>1067.053430</timestamp>
			</report>
			<report>
				<misses>3957001</misses>
				<total>31</total>
				<timestamp>1067.323142</timestamp>
			</report>
			<report>
				<misses>3958001</misses>
				<total>31</total>
				<timestamp>1067.592936</timestamp>
			</report>
			<report>
				<misses>3959001</misses>
				<total>31</total>
				<timestamp>1067.862628</timestamp>
			</report>
			<report>
				<misses>3960001</misses>
				<total>31</total>
				<timestamp>1068.132392</timestamp>
			</report>
			<report>
				<misses>3961001</misses>
				<total>31</total>
				<timestamp>1068.402075</timestamp>
			</report>
			<report>
				<misses>3962001</misses>
				<total>31</total>
				<timestamp>1068.671841</timestamp>
			</report>
			<report>
				<misses>3963001</misses>
				<total>31</total>
				<timestamp>1068.941508</timestamp>
			</report>
			<report>
				<misses>3964001</misses>
				<total>31</total>
				<timestamp>1069.211255</timestamp>
			</report>
			<report>
				<misses>3965001</misses>
				<total>30</total>
				<timestamp>1069.481064</timestamp>
			</report>
			<report>
				<misses>3966001</misses>
				<total>30</total>
				<timestamp>1069.750843</timestamp>
			</report>
			<report>
				<misses>3967001</misses>
				<total>31</total>
				<timestamp>1070.020466</timestamp>
			</report>
			<report>
				<misses>3968001</misses>
				<total>31</total>
				<timestamp>1070.290180</timestamp>
			</report>
			<report>
				<misses>3969001</misses>
				<total>31</total>
				<timestamp>1070.559922</timestamp>
			</report>
			<report>
				<misses>3970001</misses>
				<total>31</total>
				<timestamp>1070.829633</timestamp>
			</report>
			<report>
				<misses>3971001</misses>
				<total>31</total>
				<timestamp>1071.099378</timestamp>
			</report>
			<report>
				<misses>3972001</misses>
				<total>31</total>
				<timestamp>1071.369094</timestamp>
			</report>
			<report>
				<misses>3973001</misses>
				<total>30</total>
				<timestamp>1071.638927</timestamp>
			</report>
			<report>
				<misses>3974001</misses>
				<total>31</total>
				<timestamp>1071.908591</timestamp>
			</report>
			<report>
				<misses>3975001</misses>
				<total>31</total>
				<timestamp>1072.178289</timestamp>
			</report>
			<report>
				<misses>3976001</misses>
				<total>31</total>
				<timestamp>1072.448043</timestamp>
			</report>
			<report>
				<misses>3977001</misses>
				<total>31</total>
				<timestamp>1072.717783</timestamp>
			</report>
			<report>
				<misses>3978001</misses>
				<total>31</total>
				<timestamp>1072.987507</timestamp>
			</report>
			<report>
				<misses>3979001</misses>
				<total>31</total>
				<timestamp>1073.257188</timestamp>
			</report>
			<report>
				<misses>3980001</misses>
				<total>31</total>
				<timestamp>1073.526939</timestamp>
			</report>
			<report>
				<misses>3981001</misses>
				<total>30</total>
				<timestamp>1073.796796</timestamp>
			</report>
			<report>
				<misses>3982001</misses>
				<total>31</total>
				<timestamp>1074.066389</timestamp>
			</report>
			<report>
				<misses>3983001</misses>
				<total>31</total>
				<timestamp>1074.336146</timestamp>
			</report>
			<report>
				<misses>3984001</misses>
				<total>31</total>
				<timestamp>1074.605869</timestamp>
			</report>
			<report>
				<misses>3985001</misses>
				<total>31</total>
				<timestamp>1074.875585</timestamp>
			</report>
			<report>
				<misses>3986001</misses>
				<total>31</total>
				<timestamp>1075.145338</timestamp>
			</report>
			<report>
				<misses>3987001</misses>
				<total>31</total>
				<timestamp>1075.415057</timestamp>
			</report>
			<report>
				<misses>3988001</misses>
				<total>30</total>
				<timestamp>1075.684883</timestamp>
			</report>
			<report>
				<misses>3989001</misses>
				<total>31</total>
				<timestamp>1075.954509</timestamp>
			</report>
			<report>
				<misses>3990001</misses>
				<total>31</total>
				<timestamp>1076.224241</timestamp>
			</report>
			<report>
				<misses>3991001</misses>
				<total>31</total>
				<timestamp>1076.493969</timestamp>
			</report>
			<report>
				<misses>3992001</misses>
				<total>31</total>
				<timestamp>1076.763749</timestamp>
			</report>
			<report>
				<misses>3993001</misses>
				<total>31</total>
				<timestamp>1077.033410</timestamp>
			</report>
			<report>
				<misses>3994001</misses>
				<total>31</total>
				<timestamp>1077.303132</timestamp>
			</report>
			<report>
				<misses>3995001</misses>
				<total>31</total>
				<timestamp>1077.572906</timestamp>
			</report>
			<report>
				<misses>3996001</misses>
				<total>31</total>
				<timestamp>1077.842603</timestamp>
			</report>
			<report>
				<misses>3997001</misses>
				<total>31</total>
				<timestamp>1078.112349</timestamp>
			</report>
			<report>
				<misses>3998001</misses>
				<total>31</total>
				<timestamp>1078.382064</timestamp>
			</report>
			<report>
				<misses>3999001</misses>
				<total>31</total>
				<timestamp>1078.651878</timestamp>
			</report>
			<report>
				<misses>4000001</misses>
				<total>31</total>
				<timestamp>1078.921539</timestamp>
			</report>
			<report>
				<misses>4001001</misses>
				<total>31</total>
				<timestamp>1079.191254</timestamp>
			</report>
			<report>
				<misses>4002001</misses>
				<total>31</total>
				<timestamp>1079.461008</timestamp>
			</report>
			<report>
				<misses>4003001</misses>
				<total>31</total>
				<timestamp>1079.730791</timestamp>
			</report>
			<report>
				<misses>4004001</misses>
				<total>31</total>
				<timestamp>1080.000449</timestamp>
			</report>
			<report>
				<misses>4005001</misses>
				<total>31</total>
				<timestamp>1080.270174</timestamp>
			</report>
			<report>
				<misses>4006001</misses>
				<total>31</total>
				<timestamp>1080.539980</timestamp>
			</report>
			<report>
				<misses>4007001</misses>
				<total>31</total>
				<timestamp>1080.809645</timestamp>
			</report>
			<report>
				<misses>4008001</misses>
				<total>31</total>
				<timestamp>1081.079371</timestamp>
			</report>
			<report>
				<misses>4009001</misses>
				<total>31</total>
				<timestamp>1081.349121</timestamp>
			</report>
			<report>
				<misses>4010001</misses>
				<total>31</total>
				<timestamp>1081.618854</timestamp>
			</report>
			<report>
				<misses>4011001</misses>
				<total>31</total>
				<timestamp>1081.888570</timestamp>
			</report>
			<report>
				<misses>4012001</misses>
				<total>31</total>
				<timestamp>1082.158291</timestamp>
			</report>
			<report>
				<misses>4013001</misses>
				<total>31</total>
				<timestamp>1082.428053</timestamp>
			</report>
			<report>
				<misses>4014001</misses>
				<total>30</total>
				<timestamp>1082.697859</timestamp>
			</report>
			<report>
				<misses>4015001</misses>
				<total>31</total>
				<timestamp>1082.967490</timestamp>
			</report>
			<report>
				<misses>4016001</misses>
				<total>31</total>
				<timestamp>1083.237192</timestamp>
			</report>
			<report>
				<misses>4017001</misses>
				<total>31</total>
				<timestamp>1083.506927</timestamp>
			</report>
			<report>
				<misses>4018001</misses>
				<total>31</total>
				<timestamp>1083.776739</timestamp>
			</report>
			<report>
				<misses>4019001</misses>
				<total>31</total>
				<timestamp>1084.046379</timestamp>
			</report>
			<report>
				<misses>4020001</misses>
				<total>31</total>
				<timestamp>1084.316126</timestamp>
			</report>
			<report>
				<misses>4021001</misses>
				<total>30</total>
				<timestamp>1084.585947</timestamp>
			</report>
			<report>
				<misses>4022001</misses>
				<total>31</total>
				<timestamp>1084.855577</timestamp>
			</report>
			<report>
				<misses>4023001</misses>
				<total>31</total>
				<timestamp>1085.125335</timestamp>
			</report>
			<report>
				<misses>4024001</misses>
				<total>31</total>
				<timestamp>1085.395044</timestamp>
			</report>
			<report>
				<misses>4025001</misses>
				<total>31</total>
				<timestamp>1085.664783</timestamp>
			</report>
			<report>
				<misses>4026001</misses>
				<total>31</total>
				<timestamp>1085.934490</timestamp>
			</report>
			<report>
				<misses>4027001</misses>
				<total>31</total>
				<timestamp>1086.204260</timestamp>
			</report>
			<report>
				<misses>4028001</misses>
				<total>31</total>
				<timestamp>1086.473966</timestamp>
			</report>
			<report>
				<misses>4029001</misses>
				<total>30</total>
				<timestamp>1086.743838</timestamp>
			</report>
			<report>
				<misses>4030001</misses>
				<total>31</total>
				<timestamp>1087.013433</timestamp>
			</report>
			<report>
				<misses>4031001</misses>
				<total>31</total>
				<timestamp>1087.283156</timestamp>
			</report>
			<report>
				<misses>4032001</misses>
				<total>31</total>
				<timestamp>1087.552940</timestamp>
			</report>
			<report>
				<misses>4033001</misses>
				<total>31</total>
				<timestamp>1087.822677</timestamp>
			</report>
			<report>
				<misses>4034001</misses>
				<total>31</total>
				<timestamp>1088.092361</timestamp>
			</report>
			<report>
				<misses>4035001</misses>
				<total>31</total>
				<timestamp>1088.362106</timestamp>
			</report>
			<report>
				<misses>4036001</misses>
				<total>31</total>
				<timestamp>1088.631828</timestamp>
			</report>
			<report>
				<misses>4037001</misses>
				<total>31</total>
				<timestamp>1088.901556</timestamp>
			</report>
			<report>
				<misses>4038001</misses>
				<total>31</total>
				<timestamp>1089.171274</timestamp>
			</report>
			<report>
				<misses>4039001</misses>
				<total>31</total>
				<timestamp>1089.441003</timestamp>
			</report>
			<report>
				<misses>4040001</misses>
				<total>31</total>
				<timestamp>1089.710810</timestamp>
			</report>
			<report>
				<misses>4041001</misses>
				<total>31</total>
				<timestamp>1089.980480</timestamp>
			</report>
			<report>
				<misses>4042001</misses>
				<total>31</total>
				<timestamp>1090.250221</timestamp>
			</report>
			<report>
				<misses>4043001</misses>
				<total>31</total>
				<timestamp>1090.519917</timestamp>
			</report>
			<report>
				<misses>4044001</misses>
				<total>30</total>
				<timestamp>1090.789782</timestamp>
			</report>
			<report>
				<misses>4045001</misses>
				<total>31</total>
				<timestamp>1091.059383</timestamp>
			</report>
			<report>
				<misses>4046001</misses>
				<total>31</total>
				<timestamp>1091.329160</timestamp>
			</report>
			<report>
				<misses>4047001</misses>
				<total>31</total>
				<timestamp>1091.598855</timestamp>
			</report>
			<report>
				<misses>4048001</misses>
				<total>30</total>
				<timestamp>1091.868681</timestamp>
			</report>
			<report>
				<misses>4049001</misses>
				<total>31</total>
				<timestamp>1092.138317</timestamp>
			</report>
			<report>
				<misses>4050001</misses>
				<total>31</total>
				<timestamp>1092.408036</timestamp>
			</report>
			<report>
				<misses>4051001</misses>
				<total>31</total>
				<timestamp>1092.677788</timestamp>
			</report>
			<report>
				<misses>4052001</misses>
				<total>31</total>
				<timestamp>1092.947519</timestamp>
			</report>
			<report>
				<misses>4053001</misses>
				<total>31</total>
				<timestamp>1093.217247</timestamp>
			</report>
			<report>
				<misses>4054001</misses>
				<total>31</total>
				<timestamp>1093.486939</timestamp>
			</report>
			<report>
				<misses>4055001</misses>
				<total>30</total>
				<timestamp>1093.756792</timestamp>
			</report>
			<report>
				<misses>4056001</misses>
				<total>31</total>
				<timestamp>1094.026408</timestamp>
			</report>
			<report>
				<misses>4057001</misses>
				<total>31</total>
				<timestamp>1094.296125</timestamp>
			</report>
			<report>
				<misses>4058001</misses>
				<total>31</total>
				<timestamp>1094.565886</timestamp>
			</report>
			<report>
				<misses>4059001</misses>
				<total>31</total>
				<timestamp>1094.835637</timestamp>
			</report>
			<report>
				<misses>4060001</misses>
				<total>31</total>
				<timestamp>1095.105334</timestamp>
			</report>
			<report>
				<misses>4061001</misses>
				<total>31</total>
				<timestamp>1095.375070</timestamp>
			</report>
			<report>
				<misses>4062001</misses>
				<total>31</total>
				<timestamp>1095.644797</timestamp>
			</report>
			<report>
				<misses>4063001</misses>
				<total>30</total>
				<timestamp>1095.914643</timestamp>
			</report>
			<report>
				<misses>4064001</misses>
				<total>31</total>
				<timestamp>1096.184237</timestamp>
			</report>
			<report>
				<misses>4065001</misses>
				<total>31</total>
				<timestamp>1096.453960</timestamp>
			</report>
			<report>
				<misses>4066001</misses>
				<total>31</total>
				<timestamp>1096.723753</timestamp>
			</report>
			<report>
				<misses>4067001</misses>
				<total>31</total>
				<timestamp>1096.993444</timestamp>
			</report>
			<report>
				<misses>4068001</misses>
				<total>31</total>
				<timestamp>1097.263149</timestamp>
			</report>
			<report>
				<misses>4069001</misses>
				<total>31</total>
				<timestamp>1097.532880</timestamp>
			</report>
			<report>
				<misses>4070001</misses>
				<total>30</total>
				<timestamp>1097.802767</timestamp>
			</report>
			<report>
				<misses>4071001</misses>
				<total>31</total>
				<timestamp>1098.072369</timestamp>
			</report>
			<report>
				<misses>4072001</misses>
				<total>31</total>
				<timestamp>1098.342065</timestamp>
			</report>
			<report>
				<misses>4073001</misses>
				<total>31</total>
				<timestamp>1098.611865</timestamp>
			</report>
			<report>
				<misses>4074001</misses>
				<total>31</total>
				<timestamp>1098.881543</timestamp>
			</report>
			<report>
				<misses>4075001</misses>
				<total>31</total>
				<timestamp>1099.151272</timestamp>
			</report>
			<report>
				<misses>4076001</misses>
				<total>31</total>
				<timestamp>1099.421000</timestamp>
			</report>
			<report>
				<misses>4077001</misses>
				<total>31</total>
				<timestamp>1099.690752</timestamp>
			</report>
			<report>
				<misses>4078001</misses>
				<total>31</total>
				<timestamp>1099.960487</timestamp>
			</report>
			<report>
				<misses>4079001</misses>
				<total>31</total>
				<timestamp>1100.230250</timestamp>
			</report>
			<report>
				<misses>4080001</misses>
				<total>31</total>
				<timestamp>1100.499926</timestamp>
			</report>
			<report>
				<misses>4081001</misses>
				<total>30</total>
				<timestamp>1100.769755</timestamp>
			</report>
			<report>
				<misses>4082001</misses>
				<total>31</total>
				<timestamp>1101.039418</timestamp>
			</report>
			<report>
				<misses>4083001</misses>
				<total>31</total>
				<timestamp>1101.309130</timestamp>
			</report>
			<report>
				<misses>4084001</misses>
				<total>31</total>
				<timestamp>1101.578888</timestamp>
			</report>
			<report>
				<misses>4085001</misses>
				<total>31</total>
				<timestamp>1101.848583</timestamp>
			</report>
			<report>
				<misses>4086001</misses>
				<total>31</total>
				<timestamp>1102.118328</timestamp>
			</report>
			<report>
				<misses>4087001</misses>
				<total>31</total>
				<timestamp>1102.388049</timestamp>
			</report>
			<report>
				<misses>4088001</misses>
				<total>31</total>
				<timestamp>1102.657822</timestamp>
			</report>
			<report>
				<misses>4089001</misses>
				<total>31</total>
				<timestamp>1102.927548</timestamp>
			</report>
			<report>
				<misses>4090001</misses>
				<total>31</total>
				<timestamp>1103.197227</timestamp>
			</report>
			<report>
				<misses>4091001</misses>
				<total>31</total>
				<timestamp>1103.466963</timestamp>
			</report>
			<report>
				<misses>4092001</misses>
				<total>30</total>
				<timestamp>1103.736800</timestamp>
			</report>
			<report>
				<misses>4093001</misses>
				<total>31</total>
				<timestamp>1104.006460</timestamp>
			</report>
			<report>
				<misses>4094001</misses>
				<total>31</total>
				<timestamp>1104.276157</timestamp>
			</report>
			<report>
				<misses>4095001</misses>
				<total>31</total>
				<timestamp>1104.545906</timestamp>
			</report>
			<report>
				<misses>4096001</misses>
				<total>30</total>
				<timestamp>1104.815706</timestamp>
			</report>
			<report>
				<misses>4097001</misses>
				<total>31</total>
				<timestamp>1105.085364</timestamp>
			</report>
			<report>
				<misses>4098001</misses>
				<total>31</total>
				<timestamp>1105.355063</timestamp>
			</report>
			<report>
				<misses>4099001</misses>
				<total>31</total>
				<timestamp>1105.624835</timestamp>
			</report>
			<report>
				<misses>4100001</misses>
				<total>31</total>
				<timestamp>1105.894607</timestamp>
			</report>
			<report>
				<misses>4101001</misses>
				<total>31</total>
				<timestamp>1106.164274</timestamp>
			</report>
			<report>
				<misses>4102001</misses>
				<total>31</total>
				<timestamp>1106.433985</timestamp>
			</report>
			<report>
				<misses>4103001</misses>
				<total>31</total>
				<timestamp>1106.703836</timestamp>
			</report>
			<report>
				<misses>4104001</misses>
				<total>31</total>
				<timestamp>1106.973611</timestamp>
			</report>
			<report>
				<misses>4105001</misses>
				<total>32</total>
				<timestamp>1107.243179</timestamp>
			</report>
			<report>
				<misses>4106001</misses>
				<total>32</total>
				<timestamp>1107.512921</timestamp>
			</report>
			<report>
				<misses>4107001</misses>
				<total>32</total>
				<timestamp>1107.782692</timestamp>
			</report>
			<report>
				<misses>4108001</misses>
				<total>32</total>
				<timestamp>1108.052379</timestamp>
			</report>
			<report>
				<misses>4109001</misses>
				<total>32</total>
				<timestamp>1108.322123</timestamp>
			</report>
			<report>
				<misses>4110001</misses>
				<total>32</total>
				<timestamp>1108.591871</timestamp>
			</report>
			<report>
				<misses>4111001</misses>
				<total>31</total>
				<timestamp>1108.861704</timestamp>
			</report>
			<report>
				<misses>4112001</misses>
				<total>32</total>
				<timestamp>1109.131292</timestamp>
			</report>
			<report>
				<misses>4113001</misses>
				<total>32</total>
				<timestamp>1109.401024</timestamp>
			</report>
			<report>
				<misses>4114001</misses>
				<total>32</total>
				<timestamp>1109.670797</timestamp>
			</report>
			<report>
				<misses>4115001</misses>
				<total>32</total>
				<timestamp>1109.940542</timestamp>
			</report>
			<report>
				<misses>4116001</misses>
				<total>32</total>
				<timestamp>1110.210201</timestamp>
			</report>
			<report>
				<misses>4117001</misses>
				<total>32</total>
				<timestamp>1110.479943</timestamp>
			</report>
			<report>
				<misses>4118001</misses>
				<total>32</total>
				<timestamp>1110.749712</timestamp>
			</report>
			<report>
				<misses>4119001</misses>
				<total>32</total>
				<timestamp>1111.019395</timestamp>
			</report>
			<report>
				<misses>4120001</misses>
				<total>32</total>
				<timestamp>1111.289150</timestamp>
			</report>
			<report>
				<misses>4121001</misses>
				<total>32</total>
				<timestamp>1111.558862</timestamp>
			</report>
			<report>
				<misses>4122001</misses>
				<total>32</total>
				<timestamp>1111.828609</timestamp>
			</report>
			<report>
				<misses>4123001</misses>
				<total>32</total>
				<timestamp>1112.098340</timestamp>
			</report>
			<report>
				<misses>4124001</misses>
				<total>32</total>
				<timestamp>1112.368059</timestamp>
			</report>
			<report>
				<misses>4125001</misses>
				<total>32</total>
				<timestamp>1112.637790</timestamp>
			</report>
			<report>
				<misses>4126001</misses>
				<total>32</total>
				<timestamp>1112.907542</timestamp>
			</report>
			<report>
				<misses>4127001</misses>
				<total>32</total>
				<timestamp>1113.177237</timestamp>
			</report>
			<report>
				<misses>4128001</misses>
				<total>32</total>
				<timestamp>1113.447001</timestamp>
			</report>
			<report>
				<misses>4129001</misses>
				<total>32</total>
				<timestamp>1113.716764</timestamp>
			</report>
			<report>
				<misses>4130001</misses>
				<total>31</total>
				<timestamp>1113.986539</timestamp>
			</report>
			<report>
				<misses>4131001</misses>
				<total>32</total>
				<timestamp>1114.256151</timestamp>
			</report>
			<report>
				<misses>4132001</misses>
				<total>32</total>
				<timestamp>1114.525904</timestamp>
			</report>
			<report>
				<misses>4133001</misses>
				<total>32</total>
				<timestamp>1114.795657</timestamp>
			</report>
			<report>
				<misses>4134001</misses>
				<total>32</total>
				<timestamp>1115.065346</timestamp>
			</report>
			<report>
				<misses>4135001</misses>
				<total>32</total>
				<timestamp>1115.335071</timestamp>
			</report>
			<report>
				<misses>4136001</misses>
				<total>32</total>
				<timestamp>1115.604802</timestamp>
			</report>
			<report>
				<misses>4137001</misses>
				<total>31</total>
				<timestamp>1115.874646</timestamp>
			</report>
			<report>
				<misses>4138001</misses>
				<total>32</total>
				<timestamp>1116.144257</timestamp>
			</report>
			<report>
				<misses>4139001</misses>
				<total>32</total>
				<timestamp>1116.413988</timestamp>
			</report>
			<report>
				<misses>4140001</misses>
				<total>32</total>
				<timestamp>1116.683782</timestamp>
			</report>
			<report>
				<misses>4141001</misses>
				<total>32</total>
				<timestamp>1116.953477</timestamp>
			</report>
			<report>
				<misses>4142001</misses>
				<total>32</total>
				<timestamp>1117.223185</timestamp>
			</report>
			<report>
				<misses>4143001</misses>
				<total>32</total>
				<timestamp>1117.492952</timestamp>
			</report>
			<report>
				<misses>4144001</misses>
				<total>31</total>
				<timestamp>1117.762754</timestamp>
			</report>
			<report>
				<misses>4145001</misses>
				<total>31</total>
				<timestamp>1118.032541</timestamp>
			</report>
			<report>
				<misses>4146001</misses>
				<total>32</total>
				<timestamp>1118.302115</timestamp>
			</report>
			<report>
				<misses>4147001</misses>
				<total>32</total>
				<timestamp>1118.571845</timestamp>
			</report>
			<report>
				<misses>4148001</misses>
				<total>32</total>
				<timestamp>1118.841628</timestamp>
			</report>
			<report>
				<misses>4149001</misses>
				<total>32</total>
				<timestamp>1119.111372</timestamp>
			</report>
			<report>
				<misses>4150001</misses>
				<total>32</total>
				<timestamp>1119.381031</timestamp>
			</report>
			<report>
				<misses>4151001</misses>
				<total>32</total>
				<timestamp>1119.650765</timestamp>
			</report>
			<report>
				<misses>4152001</misses>
				<total>31</total>
				<timestamp>1119.920625</timestamp>
			</report>
			<report>
				<misses>4153001</misses>
				<total>32</total>
				<timestamp>1120.190242</timestamp>
			</report>
			<report>
				<misses>4154001</misses>
				<total>32</total>
				<timestamp>1120.459951</timestamp>
			</report>
			<report>
				<misses>4155001</misses>
				<total>32</total>
				<timestamp>1120.729756</timestamp>
			</report>
			<report>
				<misses>4156001</misses>
				<total>32</total>
				<timestamp>1120.999479</timestamp>
			</report>
			<report>
				<misses>4157001</misses>
				<total>32</total>
				<timestamp>1121.269155</timestamp>
			</report>
			<report>
				<misses>4158001</misses>
				<total>32</total>
				<timestamp>1121.538911</timestamp>
			</report>
			<report>
				<misses>4159001</misses>
				<total>31</total>
				<timestamp>1121.808747</timestamp>
			</report>
			<report>
				<misses>4160001</misses>
				<total>31</total>
				<timestamp>1122.078499</timestamp>
			</report>
			<report>
				<misses>4161001</misses>
				<total>32</total>
				<timestamp>1122.348073</timestamp>
			</report>
			<report>
				<misses>4162001</misses>
				<total>32</total>
				<timestamp>1122.617804</timestamp>
			</report>
			<report>
				<misses>4163001</misses>
				<total>31</total>
				<timestamp>1122.887613</timestamp>
			</report>
			<report>
				<misses>4164001</misses>
				<total>32</total>
				<timestamp>1123.157266</timestamp>
			</report>
			<report>
				<misses>4165001</misses>
				<total>32</total>
				<timestamp>1123.426974</timestamp>
			</report>
			<report>
				<misses>4166001</misses>
				<total>32</total>
				<timestamp>1123.696722</timestamp>
			</report>
			<report>
				<misses>4167001</misses>
				<total>32</total>
				<timestamp>1123.966490</timestamp>
			</report>
			<report>
				<misses>4168001</misses>
				<total>32</total>
				<timestamp>1124.236172</timestamp>
			</report>
			<report>
				<misses>4169001</misses>
				<total>32</total>
				<timestamp>1124.505958</timestamp>
			</report>
			<report>
				<misses>4170001</misses>
				<total>31</total>
				<timestamp>1124.775713</timestamp>
			</report>
			<report>
				<misses>4171001</misses>
				<total>32</total>
				<timestamp>1125.045380</timestamp>
			</report>
			<report>
				<misses>4172001</misses>
				<total>32</total>
				<timestamp>1125.315106</timestamp>
			</report>
			<report>
				<misses>4173001</misses>
				<total>32</total>
				<timestamp>1125.584814</timestamp>
			</report>
			<report>
				<misses>4174001</misses>
				<total>32</total>
				<timestamp>1125.854565</timestamp>
			</report>
			<report>
				<misses>4175001</misses>
				<total>32</total>
				<timestamp>1126.124285</timestamp>
			</report>
			<report>
				<misses>4176001</misses>
				<total>32</total>
				<timestamp>1126.394043</timestamp>
			</report>
			<report>
				<misses>4177001</misses>
				<total>32</total>
				<timestamp>1126.663737</timestamp>
			</report>
			<report>
				<misses>4178001</misses>
				<total>31</total>
				<timestamp>1126.933585</timestamp>
			</report>
			<report>
				<misses>4179001</misses>
				<total>32</total>
				<timestamp>1127.203181</timestamp>
			</report>
			<report>
				<misses>4180001</misses>
				<total>32</total>
				<timestamp>1127.472925</timestamp>
			</report>
			<report>
				<misses>4181001</misses>
				<total>32</total>
				<timestamp>1127.742659</timestamp>
			</report>
			<report>
				<misses>4182001</misses>
				<total>32</total>
				<timestamp>1128.012447</timestamp>
			</report>
			<report>
				<misses>4183001</misses>
				<total>32</total>
				<timestamp>1128.282124</timestamp>
			</report>
			<report>
				<misses>4184001</misses>
				<total>32</total>
				<timestamp>1128.551860</timestamp>
			</report>
			<report>
				<misses>4185001</misses>
				<total>31</total>
				<timestamp>1128.821672</timestamp>
			</report>
			<report>
				<misses>4186001</misses>
				<total>31</total>
				<timestamp>1129.091446</timestamp>
			</report>
			<report>
				<misses>4187001</misses>
				<total>32</total>
				<timestamp>1129.361065</timestamp>
			</report>
			<report>
				<misses>4188001</misses>
				<total>32</total>
				<timestamp>1129.630791</timestamp>
			</report>
			<report>
				<misses>4189001</misses>
				<total>32</total>
				<timestamp>1129.900568</timestamp>
			</report>
			<report>
				<misses>4190001</misses>
				<total>32</total>
				<timestamp>1130.170229</timestamp>
			</report>
			<report>
				<misses>4191001</misses>
				<total>32</total>
				<timestamp>1130.439978</timestamp>
			</report>
			<report>
				<misses>4192001</misses>
				<total>32</total>
				<timestamp>1130.709705</timestamp>
			</report>
			<report>
				<misses>4193001</misses>
				<total>32</total>
				<timestamp>1130.979422</timestamp>
			</report>
			<report>
				<misses>4194001</misses>
				<total>32</total>
				<timestamp>1131.249157</timestamp>
			</report>
			<report>
				<misses>4195001</misses>
				<total>32</total>
				<timestamp>1131.518925</timestamp>
			</report>
			<report>
				<misses>4196001</misses>
				<total>32</total>
				<timestamp>1131.788673</timestamp>
			</report>
			<report>
				<misses>4197001</misses>
				<total>31</total>
				<timestamp>1132.058416</timestamp>
			</report>
			<report>
				<misses>4198001</misses>
				<total>32</total>
				<timestamp>1132.328065</timestamp>
			</report>
			<report>
				<misses>4199001</misses>
				<total>32</total>
				<timestamp>1132.597806</timestamp>
			</report>
			<report>
				<misses>4200001</misses>
				<total>31</total>
				<timestamp>1132.867648</timestamp>
			</report>
			<report>
				<misses>4201001</misses>
				<total>32</total>
				<timestamp>1133.137263</timestamp>
			</report>
			<report>
				<misses>4202001</misses>
				<total>32</total>
				<timestamp>1133.406978</timestamp>
			</report>
			<report>
				<misses>4203001</misses>
				<total>32</total>
				<timestamp>1133.676714</timestamp>
			</report>
			<report>
				<misses>4204001</misses>
				<total>31</total>
				<timestamp>1133.946537</timestamp>
			</report>
			<report>
				<misses>4205001</misses>
				<total>32</total>
				<timestamp>1134.216195</timestamp>
			</report>
			<report>
				<misses>4206001</misses>
				<total>32</total>
				<timestamp>1134.485900</timestamp>
			</report>
			<report>
				<misses>4207001</misses>
				<total>32</total>
				<timestamp>1134.755636</timestamp>
			</report>
			<report>
				<misses>4208001</misses>
				<total>31</total>
				<timestamp>1135.025513</timestamp>
			</report>
			<report>
				<misses>4209001</misses>
				<total>32</total>
				<timestamp>1135.295085</timestamp>
			</report>
			<report>
				<misses>4210001</misses>
				<total>32</total>
				<timestamp>1135.564849</timestamp>
			</report>
			<report>
				<misses>4211001</misses>
				<total>31</total>
				<timestamp>1135.834640</timestamp>
			</report>
			<report>
				<misses>4212001</misses>
				<total>31</total>
				<timestamp>1136.104430</timestamp>
			</report>
			<report>
				<misses>4213001</misses>
				<total>32</total>
				<timestamp>1136.374022</timestamp>
			</report>
			<report>
				<misses>4214001</misses>
				<total>32</total>
				<timestamp>1136.643749</timestamp>
			</report>
			<report>
				<misses>4215001</misses>
				<total>32</total>
				<timestamp>1136.913509</timestamp>
			</report>
			<report>
				<misses>4216001</misses>
				<total>32</total>
				<timestamp>1137.183207</timestamp>
			</report>
			<report>
				<misses>4217001</misses>
				<total>32</total>
				<timestamp>1137.452933</timestamp>
			</report>
			<report>
				<misses>4218001</misses>
				<total>32</total>
				<timestamp>1137.722691</timestamp>
			</report>
			<report>
				<misses>4219001</misses>
				<total>31</total>
				<timestamp>1137.992511</timestamp>
			</report>
			<report>
				<misses>4220001</misses>
				<total>32</total>
				<timestamp>1138.262127</timestamp>
			</report>
			<report>
				<misses>4221001</misses>
				<total>32</total>
				<timestamp>1138.531908</timestamp>
			</report>
			<report>
				<misses>4222001</misses>
				<total>32</total>
				<timestamp>1138.801631</timestamp>
			</report>
			<report>
				<misses>4223001</misses>
				<total>32</total>
				<timestamp>1139.071338</timestamp>
			</report>
			<report>
				<misses>4224001</misses>
				<total>32</total>
				<timestamp>1139.341041</timestamp>
			</report>
			<report>
				<misses>4225001</misses>
				<total>32</total>
				<timestamp>1139.610785</timestamp>
			</report>
			<report>
				<misses>4226001</misses>
				<total>32</total>
				<timestamp>1139.880527</timestamp>
			</report>
			<report>
				<misses>4227001</misses>
				<total>32</total>
				<timestamp>1140.150265</timestamp>
			</report>
			<report>
				<misses>4228001</misses>
				<total>32</total>
				<timestamp>1140.419994</timestamp>
			</report>
			<report>
				<misses>4229001</misses>
				<total>32</total>
				<timestamp>1140.689699</timestamp>
			</report>
			<report>
				<misses>4230001</misses>
				<total>32</total>
				<timestamp>1140.959485</timestamp>
			</report>
			<report>
				<misses>4231001</misses>
				<total>32</total>
				<timestamp>1141.229161</timestamp>
			</report>
			<report>
				<misses>4232001</misses>
				<total>32</total>
				<timestamp>1141.498888</timestamp>
			</report>
			<report>
				<misses>4233001</misses>
				<total>32</total>
				<timestamp>1141.768613</timestamp>
			</report>
			<report>
				<misses>4234001</misses>
				<total>31</total>
				<timestamp>1142.038502</timestamp>
			</report>
			<report>
				<misses>4235001</misses>
				<total>32</total>
				<timestamp>1142.308085</timestamp>
			</report>
			<report>
				<misses>4236001</misses>
				<total>32</total>
				<timestamp>1142.577855</timestamp>
			</report>
			<report>
				<misses>4237001</misses>
				<total>32</total>
				<timestamp>1142.847530</timestamp>
			</report>
			<report>
				<misses>4238001</misses>
				<total>31</total>
				<timestamp>1143.117387</timestamp>
			</report>
			<report>
				<misses>4239001</misses>
				<total>32</total>
				<timestamp>1143.387015</timestamp>
			</report>
			<report>
				<misses>4240001</misses>
				<total>32</total>
				<timestamp>1143.656731</timestamp>
			</report>
			<report>
				<misses>4241001</misses>
				<total>32</total>
				<timestamp>1143.926473</timestamp>
			</report>
			<report>
				<misses>4242001</misses>
				<total>32</total>
				<timestamp>1144.196238</timestamp>
			</report>
			<report>
				<misses>4243001</misses>
				<total>32</total>
				<timestamp>1144.465928</timestamp>
			</report>
			<report>
				<misses>4244001</misses>
				<total>32</total>
				<timestamp>1144.735666</timestamp>
			</report>
			<report>
				<misses>4245001</misses>
				<total>32</total>
				<timestamp>1145.005413</timestamp>
			</report>
			<report>
				<misses>4246001</misses>
				<total>32</total>
				<timestamp>1145.275101</timestamp>
			</report>
			<report>
				<misses>4247001</misses>
				<total>32</total>
				<timestamp>1145.544835</timestamp>
			</report>
			<report>
				<misses>4248001</misses>
				<total>32</total>
				<timestamp>1145.814589</timestamp>
			</report>
			<report>
				<misses>4249001</misses>
				<total>31</total>
				<timestamp>1146.084488</timestamp>
			</report>
			<report>
				<misses>4250001</misses>
				<total>32</total>
				<timestamp>1146.354094</timestamp>
			</report>
			<report>
				<misses>4251001</misses>
				<total>32</total>
				<timestamp>1146.623788</timestamp>
			</report>
			<report>
				<misses>4252001</misses>
				<total>31</total>
				<timestamp>1146.893577</timestamp>
			</report>
			<report>
				<misses>4253001</misses>
				<total>31</total>
				<timestamp>1147.163356</timestamp>
			</report>
			<report>
				<misses>4254001</misses>
				<total>32</total>
				<timestamp>1147.432969</timestamp>
			</report>
			<report>
				<misses>4255001</misses>
				<total>32</total>
				<timestamp>1147.702701</timestamp>
			</report>
			<report>
				<misses>4256001</misses>
				<total>32</total>
				<timestamp>1147.972440</timestamp>
			</report>
			<report>
				<misses>4257001</misses>
				<total>32</total>
				<timestamp>1148.242156</timestamp>
			</report>
			<report>
				<misses>4258001</misses>
				<total>32</total>
				<timestamp>1148.511884</timestamp>
			</report>
			<report>
				<misses>4259001</misses>
				<total>31</total>
				<timestamp>1148.781686</timestamp>
			</report>
			<report>
				<misses>4260001</misses>
				<total>31</total>
				<timestamp>1149.051426</timestamp>
			</report>
			<report>
				<misses>4261001</misses>
				<total>32</total>
				<timestamp>1149.321064</timestamp>
			</report>
			<report>
				<misses>4262001</misses>
				<total>32</total>
				<timestamp>1149.590795</timestamp>
			</report>
			<report>
				<misses>4263001</misses>
				<total>34</total>
				<timestamp>1149.860529</timestamp>
			</report>
			<report>
				<misses>4264001</misses>
				<total>34</total>
				<timestamp>1150.130340</timestamp>
			</report>
			<report>
				<misses>4265001</misses>
				<total>34</total>
				<timestamp>1150.399991</timestamp>
			</report>
			<report>
				<misses>4266001</misses>
				<total>34</total>
				<timestamp>1150.669715</timestamp>
			</report>
			<report>
				<misses>4267001</misses>
				<total>33</total>
				<timestamp>1150.939546</timestamp>
			</report>
			<report>
				<misses>4268001</misses>
				<total>33</total>
				<timestamp>1151.209281</timestamp>
			</report>
			<report>
				<misses>4269001</misses>
				<total>34</total>
				<timestamp>1151.478903</timestamp>
			</report>
			<report>
				<misses>4270001</misses>
				<total>34</total>
				<timestamp>1151.748642</timestamp>
			</report>
			<report>
				<misses>4271001</misses>
				<total>34</total>
				<timestamp>1152.018428</timestamp>
			</report>
			<report>
				<misses>4272001</misses>
				<total>34</total>
				<timestamp>1152.288145</timestamp>
			</report>
			<report>
				<misses>4273001</misses>
				<total>34</total>
				<timestamp>1152.557827</timestamp>
			</report>
			<report>
				<misses>4274001</misses>
				<total>34</total>
				<timestamp>1152.827631</timestamp>
			</report>
			<report>
				<misses>4275001</misses>
				<total>33</total>
				<timestamp>1153.097405</timestamp>
			</report>
			<report>
				<misses>4276001</misses>
				<total>34</total>
				<timestamp>1153.367009</timestamp>
			</report>
			<report>
				<misses>4277001</misses>
				<total>34</total>
				<timestamp>1153.636740</timestamp>
			</report>
			<report>
				<misses>4278001</misses>
				<total>34</total>
				<timestamp>1153.906498</timestamp>
			</report>
			<report>
				<misses>4279001</misses>
				<total>33</total>
				<timestamp>1154.176323</timestamp>
			</report>
			<report>
				<misses>4280001</misses>
				<total>34</total>
				<timestamp>1154.445930</timestamp>
			</report>
			<report>
				<misses>4281001</misses>
				<total>34</total>
				<timestamp>1154.715665</timestamp>
			</report>
			<report>
				<misses>4282001</misses>
				<total>33</total>
				<timestamp>1154.985513</timestamp>
			</report>
			<report>
				<misses>4283001</misses>
				<total>34</total>
				<timestamp>1155.255126</timestamp>
			</report>
			<report>
				<misses>4284001</misses>
				<total>34</total>
				<timestamp>1155.524982</timestamp>
			</report>
			<report>
				<misses>4285001</misses>
				<total>34</total>
				<timestamp>1155.794703</timestamp>
			</report>
			<report>
				<misses>4286001</misses>
				<total>34</total>
				<timestamp>1156.064436</timestamp>
			</report>
			<report>
				<misses>4287001</misses>
				<total>34</total>
				<timestamp>1156.334167</timestamp>
			</report>
			<report>
				<misses>4288001</misses>
				<total>34</total>
				<timestamp>1156.603895</timestamp>
			</report>
			<report>
				<misses>4289001</misses>
				<total>34</total>
				<timestamp>1156.873500</timestamp>
			</report>
			<report>
				<misses>4290001</misses>
				<total>34</total>
				<timestamp>1157.143250</timestamp>
			</report>
			<report>
				<misses>4291001</misses>
				<total>34</total>
				<timestamp>1157.412965</timestamp>
			</report>
			<report>
				<misses>4292001</misses>
				<total>34</total>
				<timestamp>1157.682689</timestamp>
			</report>
			<report>
				<misses>4293001</misses>
				<total>34</total>
				<timestamp>1157.952499</timestamp>
			</report>
			<report>
				<misses>4294001</misses>
				<total>33</total>
				<timestamp>1158.222257</timestamp>
			</report>
			<report>
				<misses>4295001</misses>
				<total>34</total>
				<timestamp>1158.491914</timestamp>
			</report>
			<report>
				<misses>4296001</misses>
				<total>34</total>
				<timestamp>1158.761656</timestamp>
			</report>
			<report>
				<misses>4297001</misses>
				<total>34</total>
				<timestamp>1159.031406</timestamp>
			</report>
			<report>
				<misses>4298001</misses>
				<total>34</total>
				<timestamp>1159.301076</timestamp>
			</report>
			<report>
				<misses>4299001</misses>
				<total>34</total>
				<timestamp>1159.570784</timestamp>
			</report>
			<report>
				<misses>4300001</misses>
				<total>34</total>
				<timestamp>1159.840531</timestamp>
			</report>
			<report>
				<misses>4301001</misses>
				<total>33</total>
				<timestamp>1160.110361</timestamp>
			</report>
			<report>
				<misses>4302001</misses>
				<total>34</total>
				<timestamp>1160.379981</timestamp>
			</report>
			<report>
				<misses>4303001</misses>
				<total>34</total>
				<timestamp>1160.649724</timestamp>
			</report>
			<report>
				<misses>4304001</misses>
				<total>34</total>
				<timestamp>1160.919433</timestamp>
			</report>
			<report>
				<misses>4305001</misses>
				<total>34</total>
				<timestamp>1161.189238</timestamp>
			</report>
			<report>
				<misses>4306001</misses>
				<total>34</total>
				<timestamp>1161.458917</timestamp>
			</report>
			<report>
				<misses>4307001</misses>
				<total>34</total>
				<timestamp>1161.728643</timestamp>
			</report>
			<report>
				<misses>4308001</misses>
				<total>34</total>
				<timestamp>1161.998404</timestamp>
			</report>
			<report>
				<misses>4309001</misses>
				<total>33</total>
				<timestamp>1162.268228</timestamp>
			</report>
			<report>
				<misses>4310001</misses>
				<total>34</total>
				<timestamp>1162.537822</timestamp>
			</report>
			<report>
				<misses>4311001</misses>
				<total>34</total>
				<timestamp>1162.807543</timestamp>
			</report>
			<report>
				<misses>4312001</misses>
				<total>34</total>
				<timestamp>1163.077342</timestamp>
			</report>
			<report>
				<misses>4313001</misses>
				<total>34</total>
				<timestamp>1163.347006</timestamp>
			</report>
			<report>
				<misses>4314001</misses>
				<total>34</total>
				<timestamp>1163.616755</timestamp>
			</report>
			<report>
				<misses>4315001</misses>
				<total>34</total>
				<timestamp>1163.886494</timestamp>
			</report>
			<report>
				<misses>4316001</misses>
				<total>34</total>
				<timestamp>1164.156250</timestamp>
			</report>
			<report>
				<misses>4317001</misses>
				<total>34</total>
				<timestamp>1164.425947</timestamp>
			</report>
			<report>
				<misses>4318001</misses>
				<total>34</total>
				<timestamp>1164.695695</timestamp>
			</report>
			<report>
				<misses>4319001</misses>
				<total>34</total>
				<timestamp>1164.965481</timestamp>
			</report>
			<report>
				<misses>4320001</misses>
				<total>33</total>
				<timestamp>1165.235229</timestamp>
			</report>
			<report>
				<misses>4321001</misses>
				<total>34</total>
				<timestamp>1165.504877</timestamp>
			</report>
			<report>
				<misses>4322001</misses>
				<total>34</total>
				<timestamp>1165.774590</timestamp>
			</report>
			<report>
				<misses>4323001</misses>
				<total>34</total>
				<timestamp>1166.044388</timestamp>
			</report>
			<report>
				<misses>4324001</misses>
				<total>34</total>
				<timestamp>1166.314084</timestamp>
			</report>
			<report>
				<misses>4325001</misses>
				<total>34</total>
				<timestamp>1166.583783</timestamp>
			</report>
			<report>
				<misses>4326001</misses>
				<total>34</total>
				<timestamp>1166.853527</timestamp>
			</report>
			<report>
				<misses>4327001</misses>
				<total>33</total>
				<timestamp>1167.123369</timestamp>
			</report>
			<report>
				<misses>4328001</misses>
				<total>34</total>
				<timestamp>1167.393098</timestamp>
			</report>
			<report>
				<misses>4329001</misses>
				<total>34</total>
				<timestamp>1167.662704</timestamp>
			</report>
			<report>
				<misses>4330001</misses>
				<total>33</total>
				<timestamp>1167.932550</timestamp>
			</report>
			<report>
				<misses>4331001</misses>
				<total>34</total>
				<timestamp>1168.202285</timestamp>
			</report>
			<report>
				<misses>4332001</misses>
				<total>34</total>
				<timestamp>1168.471897</timestamp>
			</report>
			<report>
				<misses>4333001</misses>
				<total>34</total>
				<timestamp>1168.741619</timestamp>
			</report>
			<report>
				<misses>4334001</misses>
				<total>33</total>
				<timestamp>1169.011481</timestamp>
			</report>
			<report>
				<misses>4335001</misses>
				<total>34</total>
				<timestamp>1169.281208</timestamp>
			</report>
			<report>
				<misses>4336001</misses>
				<total>34</total>
				<timestamp>1169.550932</timestamp>
			</report>
			<report>
				<misses>4337001</misses>
				<total>34</total>
				<timestamp>1169.820545</timestamp>
			</report>
			<report>
				<misses>4338001</misses>
				<total>34</total>
				<timestamp>1170.090399</timestamp>
			</report>
			<report>
				<misses>4339001</misses>
				<total>34</total>
				<timestamp>1170.360007</timestamp>
			</report>
			<report>
				<misses>4340001</misses>
				<total>34</total>
				<timestamp>1170.629729</timestamp>
			</report>
			<report>
				<misses>4341001</misses>
				<total>34</total>
				<timestamp>1170.899586</timestamp>
			</report>
			<report>
				<misses>4342001</misses>
				<total>34</total>
				<timestamp>1171.169316</timestamp>
			</report>
			<report>
				<misses>4343001</misses>
				<total>34</total>
				<timestamp>1171.438923</timestamp>
			</report>
			<report>
				<misses>4344001</misses>
				<total>34</total>
				<timestamp>1171.708651</timestamp>
			</report>
			<report>
				<misses>4345001</misses>
				<total>34</total>
				<timestamp>1171.978511</timestamp>
			</report>
			<report>
				<misses>4346001</misses>
				<total>34</total>
				<timestamp>1172.248242</timestamp>
			</report>
			<report>
				<misses>4347001</misses>
				<total>34</total>
				<timestamp>1172.517839</timestamp>
			</report>
			<report>
				<misses>4348001</misses>
				<total>34</total>
				<timestamp>1172.787563</timestamp>
			</report>
			<report>
				<misses>4349001</misses>
				<total>34</total>
				<timestamp>1173.057335</timestamp>
			</report>
			<report>
				<misses>4350001</misses>
				<total>34</total>
				<timestamp>1173.327044</timestamp>
			</report>
			<report>
				<misses>4351001</misses>
				<total>34</total>
				<timestamp>1173.596778</timestamp>
			</report>
			<report>
				<misses>4352001</misses>
				<total>34</total>
				<timestamp>1173.866489</timestamp>
			</report>
			<report>
				<misses>4353001</misses>
				<total>34</total>
				<timestamp>1174.136238</timestamp>
			</report>
			<report>
				<misses>4354001</misses>
				<total>34</total>
				<timestamp>1174.405954</timestamp>
			</report>
			<report>
				<misses>4355001</misses>
				<total>34</total>
				<timestamp>1174.675677</timestamp>
			</report>
			<report>
				<misses>4356001</misses>
				<total>35</total>
				<timestamp>1174.945419</timestamp>
			</report>
			<report>
				<misses>4357001</misses>
				<total>35</total>
				<timestamp>1175.215157</timestamp>
			</report>
			<report>
				<misses>4358001</misses>
				<total>35</total>
				<timestamp>1175.484870</timestamp>
			</report>
			<report>
				<misses>4359001</misses>
				<total>35</total>
				<timestamp>1175.754608</timestamp>
			</report>
			<report>
				<misses>4360001</misses>
				<total>35</total>
				<timestamp>1176.024382</timestamp>
			</report>
			<report>
				<misses>4361001</misses>
				<total>34</total>
				<timestamp>1176.294168</timestamp>
			</report>
			<report>
				<misses>4362001</misses>
				<total>35</total>
				<timestamp>1176.563790</timestamp>
			</report>
			<report>
				<misses>4363001</misses>
				<total>35</total>
				<timestamp>1176.833524</timestamp>
			</report>
			<report>
				<misses>4364001</misses>
				<total>35</total>
				<timestamp>1177.103266</timestamp>
			</report>
			<report>
				<misses>4365001</misses>
				<total>35</total>
				<timestamp>1177.372985</timestamp>
			</report>
			<report>
				<misses>4366001</misses>
				<total>35</total>
				<timestamp>1177.642706</timestamp>
			</report>
			<report>
				<misses>4367001</misses>
				<total>35</total>
				<timestamp>1177.912433</timestamp>
			</report>
			<report>
				<misses>4368001</misses>
				<total>34</total>
				<timestamp>1178.182271</timestamp>
			</report>
			<report>
				<misses>4369001</misses>
				<total>35</total>
				<timestamp>1178.451889</timestamp>
			</report>
			<report>
				<misses>4370001</misses>
				<total>35</total>
				<timestamp>1178.721631</timestamp>
			</report>
			<report>
				<misses>4371001</misses>
				<total>37</total>
				<timestamp>1178.991399</timestamp>
			</report>
			<report>
				<misses>4372001</misses>
				<total>37</total>
				<timestamp>1179.261134</timestamp>
			</report>
			<report>
				<misses>4373001</misses>
				<total>37</total>
				<timestamp>1179.530819</timestamp>
			</report>
			<report>
				<misses>4374001</misses>
				<total>37</total>
				<timestamp>1179.800597</timestamp>
			</report>
			<report>
				<misses>4375001</misses>
				<total>36</total>
				<timestamp>1180.070360</timestamp>
			</report>
			<report>
				<misses>4376001</misses>
				<total>37</total>
				<timestamp>1180.340016</timestamp>
			</report>
			<report>
				<misses>4377001</misses>
				<total>38</total>
				<timestamp>1180.609734</timestamp>
			</report>
			<report>
				<misses>4378001</misses>
				<total>38</total>
				<timestamp>1180.879464</timestamp>
			</report>
			<report>
				<misses>4379001</misses>
				<total>38</total>
				<timestamp>1181.149221</timestamp>
			</report>
			<report>
				<misses>4380001</misses>
				<total>38</total>
				<timestamp>1181.418933</timestamp>
			</report>
			<report>
				<misses>4381001</misses>
				<total>38</total>
				<timestamp>1181.688643</timestamp>
			</report>
			<report>
				<misses>4382001</misses>
				<total>38</total>
				<timestamp>1181.958420</timestamp>
			</report>
			<report>
				<misses>4383001</misses>
				<total>38</total>
				<timestamp>1182.228134</timestamp>
			</report>
			<report>
				<misses>4384001</misses>
				<total>38</total>
				<timestamp>1182.497874</timestamp>
			</report>
			<report>
				<misses>4385001</misses>
				<total>38</total>
				<timestamp>1182.767576</timestamp>
			</report>
			<report>
				<misses>4386001</misses>
				<total>38</total>
				<timestamp>1183.037361</timestamp>
			</report>
			<report>
				<misses>4387001</misses>
				<total>38</total>
				<timestamp>1183.307066</timestamp>
			</report>
			<report>
				<misses>4388001</misses>
				<total>38</total>
				<timestamp>1183.576780</timestamp>
			</report>
			<report>
				<misses>4389001</misses>
				<total>38</total>
				<timestamp>1183.846489</timestamp>
			</report>
			<report>
				<misses>4390001</misses>
				<total>37</total>
				<timestamp>1184.116335</timestamp>
			</report>
			<report>
				<misses>4391001</misses>
				<total>37</total>
				<timestamp>1184.386119</timestamp>
			</report>
			<report>
				<misses>4392001</misses>
				<total>38</total>
				<timestamp>1184.655687</timestamp>
			</report>
			<report>
				<misses>4393001</misses>
				<total>38</total>
				<timestamp>1184.925430</timestamp>
			</report>
			<report>
				<misses>4394001</misses>
				<total>37</total>
				<timestamp>1185.195239</timestamp>
			</report>
			<report>
				<misses>4395001</misses>
				<total>38</total>
				<timestamp>1185.464890</timestamp>
			</report>
			<report>
				<misses>4396001</misses>
				<total>38</total>
				<timestamp>1185.734616</timestamp>
			</report>
			<report>
				<misses>4397001</misses>
				<total>38</total>
				<timestamp>1186.004358</timestamp>
			</report>
			<report>
				<misses>4398001</misses>
				<total>38</total>
				<timestamp>1186.274104</timestamp>
			</report>
			<report>
				<misses>4399001</misses>
				<total>38</total>
				<timestamp>1186.543794</timestamp>
			</report>
			<report>
				<misses>4400001</misses>
				<total>38</total>
				<timestamp>1186.813567</timestamp>
			</report>
			<report>
				<misses>4401001</misses>
				<total>38</total>
				<timestamp>1187.083272</timestamp>
			</report>
			<report>
				<misses>4402001</misses>
				<total>37</total>
				<timestamp>1187.353090</timestamp>
			</report>
			<report>
				<misses>4403001</misses>
				<total>38</total>
				<timestamp>1187.622716</timestamp>
			</report>
			<report>
				<misses>4404001</misses>
				<total>38</total>
				<timestamp>1187.892526</timestamp>
			</report>
			<report>
				<misses>4405001</misses>
				<total>38</total>
				<timestamp>1188.162179</timestamp>
			</report>
			<report>
				<misses>4406001</misses>
				<total>38</total>
				<timestamp>1188.431908</timestamp>
			</report>
			<report>
				<misses>4407001</misses>
				<total>38</total>
				<timestamp>1188.701647</timestamp>
			</report>
			<report>
				<misses>4408001</misses>
				<total>38</total>
				<timestamp>1188.971383</timestamp>
			</report>
			<report>
				<misses>4409001</misses>
				<total>37</total>
				<timestamp>1189.241192</timestamp>
			</report>
			<report>
				<misses>4410001</misses>
				<total>38</total>
				<timestamp>1189.510823</timestamp>
			</report>
			<report>
				<misses>4411001</misses>
				<total>38</total>
				<timestamp>1189.780548</timestamp>
			</report>
			<report>
				<misses>4412001</misses>
				<total>38</total>
				<timestamp>1190.050329</timestamp>
			</report>
			<report>
				<misses>4413001</misses>
				<total>38</total>
				<timestamp>1190.320044</timestamp>
			</report>
			<report>
				<misses>4414001</misses>
				<total>38</total>
				<timestamp>1190.589764</timestamp>
			</report>
			<report>
				<misses>4415001</misses>
				<total>38</total>
				<timestamp>1190.859489</timestamp>
			</report>
			<report>
				<misses>4416001</misses>
				<total>37</total>
				<timestamp>1191.129294</timestamp>
			</report>
			<report>
				<misses>4417001</misses>
				<total>37</total>
				<timestamp>1191.399053</timestamp>
			</report>
			<report>
				<misses>4418001</misses>
				<total>38</total>
				<timestamp>1191.668689</timestamp>
			</report>
			<report>
				<misses>4419001</misses>
				<total>38</total>
				<timestamp>1191.938421</timestamp>
			</report>
			<report>
				<misses>4420001</misses>
				<total>38</total>
				<timestamp>1192.208184</timestamp>
			</report>
			<report>
				<misses>4421001</misses>
				<total>38</total>
				<timestamp>1192.477873</timestamp>
			</report>
			<report>
				<misses>4422001</misses>
				<total>38</total>
				<timestamp>1192.747628</timestamp>
			</report>
			<report>
				<misses>4423001</misses>
				<total>38</total>
				<timestamp>1193.017358</timestamp>
			</report>
			<report>
				<misses>4424001</misses>
				<total>37</total>
				<timestamp>1193.287164</timestamp>
			</report>
			<report>
				<misses>4425001</misses>
				<total>38</total>
				<timestamp>1193.556775</timestamp>
			</report>
			<report>
				<misses>4426001</misses>
				<total>38</total>
				<timestamp>1193.826513</timestamp>
			</report>
			<report>
				<misses>4427001</misses>
				<total>38</total>
				<timestamp>1194.096283</timestamp>
			</report>
			<report>
				<misses>4428001</misses>
				<total>38</total>
				<timestamp>1194.366042</timestamp>
			</report>
			<report>
				<misses>4429001</misses>
				<total>38</total>
				<timestamp>1194.635705</timestamp>
			</report>
			<report>
				<misses>4430001</misses>
				<total>38</total>
				<timestamp>1194.905448</timestamp>
			</report>
			<report>
				<misses>4431001</misses>
				<total>38</total>
				<timestamp>1195.175260</timestamp>
			</report>
			<report>
				<misses>4432001</misses>
				<total>38</total>
				<timestamp>1195.445038</timestamp>
			</report>
			<report>
				<misses>4433001</misses>
				<total>39</total>
				<timestamp>1195.714611</timestamp>
			</report>
			<report>
				<misses>4434001</misses>
				<total>39</total>
				<timestamp>1195.984343</timestamp>
			</report>
			<report>
				<misses>4435001</misses>
				<total>39</total>
				<timestamp>1196.254152</timestamp>
			</report>
			<report>
				<misses>4436001</misses>
				<total>39</total>
				<timestamp>1196.523821</timestamp>
			</report>
			<report>
				<misses>4437001</misses>
				<total>39</total>
				<timestamp>1196.793529</timestamp>
			</report>
			<report>
				<misses>4438001</misses>
				<total>39</total>
				<timestamp>1197.063282</timestamp>
			</report>
			<report>
				<misses>4439001</misses>
				<total>39</total>
				<timestamp>1197.333047</timestamp>
			</report>
			<report>
				<misses>4440001</misses>
				<total>39</total>
				<timestamp>1197.602715</timestamp>
			</report>
			<report>
				<misses>4441001</misses>
				<total>39</total>
				<timestamp>1197.872444</timestamp>
			</report>
			<report>
				<misses>4442001</misses>
				<total>39</total>
				<timestamp>1198.142245</timestamp>
			</report>
			<report>
				<misses>4443001</misses>
				<total>38</total>
				<timestamp>1198.412008</timestamp>
			</report>
			<report>
				<misses>4444001</misses>
				<total>39</total>
				<timestamp>1198.681649</timestamp>
			</report>
			<report>
				<misses>4445001</misses>
				<total>39</total>
				<timestamp>1198.951386</timestamp>
			</report>
			<report>
				<misses>4446001</misses>
				<total>38</total>
				<timestamp>1199.221232</timestamp>
			</report>
			<report>
				<misses>4447001</misses>
				<total>39</total>
				<timestamp>1199.490860</timestamp>
			</report>
			<report>
				<misses>4448001</misses>
				<total>39</total>
				<timestamp>1199.760562</timestamp>
			</report>
			<report>
				<misses>4449001</misses>
				<total>39</total>
				<timestamp>1200.030301</timestamp>
			</report>
			<report>
				<misses>4450001</misses>
				<total>38</total>
				<timestamp>1200.300114</timestamp>
			</report>
			<report>
				<misses>4451001</misses>
				<total>39</total>
				<timestamp>1200.569876</timestamp>
			</report>
			<report>
				<misses>4452001</misses>
				<total>39</total>
				<timestamp>1200.839491</timestamp>
			</report>
			<report>
				<misses>4453001</misses>
				<total>39</total>
				<timestamp>1201.109349</timestamp>
			</report>
			<report>
				<misses>4454001</misses>
				<total>39</total>
				<timestamp>1201.379074</timestamp>
			</report>
			<report>
				<misses>4455001</misses>
				<total>39</total>
				<timestamp>1201.648807</timestamp>
			</report>
			<report>
				<misses>4456001</misses>
				<total>39</total>
				<timestamp>1201.918538</timestamp>
			</report>
			<report>
				<misses>4457001</misses>
				<total>38</total>
				<timestamp>1202.188270</timestamp>
			</report>
			<report>
				<misses>4458001</misses>
				<total>38</total>
				<timestamp>1202.457999</timestamp>
			</report>
			<report>
				<misses>4459001</misses>
				<total>39</total>
				<timestamp>1202.727591</timestamp>
			</report>
			<report>
				<misses>4460001</misses>
				<total>39</total>
				<timestamp>1202.997364</timestamp>
			</report>
			<report>
				<misses>4461001</misses>
				<total>39</total>
				<timestamp>1203.267097</timestamp>
			</report>
			<report>
				<misses>4462001</misses>
				<total>39</total>
				<timestamp>1203.536792</timestamp>
			</report>
			<report>
				<misses>4463001</misses>
				<total>39</total>
				<timestamp>1203.806526</timestamp>
			</report>
			<report>
				<misses>4464001</misses>
				<total>39</total>
				<timestamp>1204.076283</timestamp>
			</report>
			<report>
				<misses>4465001</misses>
				<total>38</total>
				<timestamp>1204.346102</timestamp>
			</report>
			<report>
				<misses>4466001</misses>
				<total>39</total>
				<timestamp>1204.615700</timestamp>
			</report>
			<report>
				<misses>4467001</misses>
				<total>39</total>
				<timestamp>1204.885422</timestamp>
			</report>
			<report>
				<misses>4468001</misses>
				<total>39</total>
				<timestamp>1205.155218</timestamp>
			</report>
			<report>
				<misses>4469001</misses>
				<total>39</total>
				<timestamp>1205.424975</timestamp>
			</report>
			<report>
				<misses>4470001</misses>
				<total>39</total>
				<timestamp>1205.694625</timestamp>
			</report>
			<report>
				<misses>4471001</misses>
				<total>39</total>
				<timestamp>1205.964376</timestamp>
			</report>
			<report>
				<misses>4472001</misses>
				<total>38</total>
				<timestamp>1206.234218</timestamp>
			</report>
			<report>
				<misses>4473001</misses>
				<total>39</total>
				<timestamp>1206.503803</timestamp>
			</report>
			<report>
				<misses>4474001</misses>
				<total>39</total>
				<timestamp>1206.773554</timestamp>
			</report>
			<report>
				<misses>4475001</misses>
				<total>39</total>
				<timestamp>1207.043306</timestamp>
			</report>
			<report>
				<misses>4476001</misses>
				<total>38</total>
				<timestamp>1207.313104</timestamp>
			</report>
			<report>
				<misses>4477001</misses>
				<total>39</total>
				<timestamp>1207.582733</timestamp>
			</report>
			<report>
				<misses>4478001</misses>
				<total>39</total>
				<timestamp>1207.852457</timestamp>
			</report>
			<report>
				<misses>4479001</misses>
				<total>39</total>
				<timestamp>1208.122232</timestamp>
			</report>
			<report>
				<misses>4480001</misses>
				<total>39</total>
				<timestamp>1208.391994</timestamp>
			</report>
			<report>
				<misses>4481001</misses>
				<total>39</total>
				<timestamp>1208.661657</timestamp>
			</report>
			<report>
				<misses>4482001</misses>
				<total>39</total>
				<timestamp>1208.931407</timestamp>
			</report>
			<report>
				<misses>4483001</misses>
				<total>38</total>
				<timestamp>1209.201199</timestamp>
			</report>
			<report>
				<misses>4484001</misses>
				<total>38</total>
				<timestamp>1209.470964</timestamp>
			</report>
			<report>
				<misses>4485001</misses>
				<total>39</total>
				<timestamp>1209.740598</timestamp>
			</report>
			<report>
				<misses>4486001</misses>
				<total>39</total>
				<timestamp>1210.010349</timestamp>
			</report>
			<report>
				<misses>4487001</misses>
				<total>39</total>
				<timestamp>1210.280044</timestamp>
			</report>
			<report>
				<misses>4488001</misses>
				<total>39</total>
				<timestamp>1210.549776</timestamp>
			</report>
			<report>
				<misses>4489001</misses>
				<total>39</total>
				<timestamp>1210.819516</timestamp>
			</report>
			<report>
				<misses>4490001</misses>
				<total>39</total>
				<timestamp>1211.089227</timestamp>
			</report>
			<report>
				<misses>4491001</misses>
				<total>39</total>
				<timestamp>1211.359019</timestamp>
			</report>
			<report>
				<misses>4492001</misses>
				<total>39</total>
				<timestamp>1211.628695</timestamp>
			</report>
			<report>
				<misses>4493001</misses>
				<total>39</total>
				<timestamp>1211.898410</timestamp>
			</report>
			<report>
				<misses>4494001</misses>
				<total>39</total>
				<timestamp>1212.168194</timestamp>
			</report>
			<report>
				<misses>4495001</misses>
				<total>39</total>
				<timestamp>1212.437877</timestamp>
			</report>
			<report>
				<misses>4496001</misses>
				<total>39</total>
				<timestamp>1212.707612</timestamp>
			</report>
			<report>
				<misses>4497001</misses>
				<total>39</total>
				<timestamp>1212.977373</timestamp>
			</report>
			<report>
				<misses>4498001</misses>
				<total>38</total>
				<timestamp>1213.247167</timestamp>
			</report>
			<report>
				<misses>4499001</misses>
				<total>39</total>
				<timestamp>1213.516821</timestamp>
			</report>
			<report>
				<misses>4500001</misses>
				<total>39</total>
				<timestamp>1213.786542</timestamp>
			</report>
			<report>
				<misses>4501001</misses>
				<total>39</total>
				<timestamp>1214.056252</timestamp>
			</report>
			<report>
				<misses>4502001</misses>
				<total>39</total>
				<timestamp>1214.326028</timestamp>
			</report>
			<report>
				<misses>4503001</misses>
				<total>39</total>
				<timestamp>1214.595710</timestamp>
			</report>
			<report>
				<misses>4504001</misses>
				<total>39</total>
				<timestamp>1214.865443</timestamp>
			</report>
			<report>
				<misses>4505001</misses>
				<total>39</total>
				<timestamp>1215.135215</timestamp>
			</report>
			<report>
				<misses>4506001</misses>
				<total>39</total>
				<timestamp>1215.404897</timestamp>
			</report>
			<report>
				<misses>4507001</misses>
				<total>39</total>
				<timestamp>1215.674639</timestamp>
			</report>
			<report>
				<misses>4508001</misses>
				<total>39</total>
				<timestamp>1215.944383</timestamp>
			</report>
			<report>
				<misses>4509001</misses>
				<total>39</total>
				<timestamp>1216.214113</timestamp>
			</report>
			<report>
				<misses>4510001</misses>
				<total>38</total>
				<timestamp>1216.483913</timestamp>
			</report>
			<report>
				<misses>4511001</misses>
				<total>39</total>
				<timestamp>1216.753552</timestamp>
			</report>
			<report>
				<misses>4512001</misses>
				<total>39</total>
				<timestamp>1217.023314</timestamp>
			</report>
			<report>
				<misses>4513001</misses>
				<total>38</total>
				<timestamp>1217.293124</timestamp>
			</report>
			<report>
				<misses>4514001</misses>
				<total>39</total>
				<timestamp>1217.562756</timestamp>
			</report>
			<report>
				<misses>4515001</misses>
				<total>39</total>
				<timestamp>1217.832468</timestamp>
			</report>
			<report>
				<misses>4516001</misses>
				<total>39</total>
				<timestamp>1218.102255</timestamp>
			</report>
			<report>
				<misses>4517001</misses>
				<total>39</total>
				<timestamp>1218.371976</timestamp>
			</report>
			<report>
				<misses>4518001</misses>
				<total>39</total>
				<timestamp>1218.641676</timestamp>
			</report>
			<report>
				<misses>4519001</misses>
				<total>39</total>
				<timestamp>1218.911407</timestamp>
			</report>
			<report>
				<misses>4520001</misses>
				<total>39</total>
				<timestamp>1219.181192</timestamp>
			</report>
			<report>
				<misses>4521001</misses>
				<total>39</total>
				<timestamp>1219.450943</timestamp>
			</report>
			<report>
				<misses>4522001</misses>
				<total>39</total>
				<timestamp>1219.720581</timestamp>
			</report>
			<report>
				<misses>4523001</misses>
				<total>39</total>
				<timestamp>1219.990352</timestamp>
			</report>
			<report>
				<misses>4524001</misses>
				<total>39</total>
				<timestamp>1220.260126</timestamp>
			</report>
			<report>
				<misses>4525001</misses>
				<total>38</total>
				<timestamp>1220.529873</timestamp>
			</report>
			<report>
				<misses>4526001</misses>
				<total>39</total>
				<timestamp>1220.799507</timestamp>
			</report>
			<report>
				<misses>4527001</misses>
				<total>39</total>
				<timestamp>1221.069255</timestamp>
			</report>
			<report>
				<misses>4528001</misses>
				<total>39</total>
				<timestamp>1221.338978</timestamp>
			</report>
			<report>
				<misses>4529001</misses>
				<total>39</total>
				<timestamp>1221.608697</timestamp>
			</report>
			<report>
				<misses>4530001</misses>
				<total>39</total>
				<timestamp>1221.878449</timestamp>
			</report>
			<report>
				<misses>4531001</misses>
				<total>39</total>
				<timestamp>1222.148184</timestamp>
			</report>
			<report>
				<misses>4532001</misses>
				<total>38</total>
				<timestamp>1222.417995</timestamp>
			</report>
			<report>
				<misses>4533001</misses>
				<total>39</total>
				<timestamp>1222.687679</timestamp>
			</report>
			<report>
				<misses>4534001</misses>
				<total>39</total>
				<timestamp>1222.957373</timestamp>
			</report>
			<report>
				<misses>4535001</misses>
				<total>39</total>
				<timestamp>1223.227122</timestamp>
			</report>
			<report>
				<misses>4536001</misses>
				<total>39</total>
				<timestamp>1223.496886</timestamp>
			</report>
			<report>
				<misses>4537001</misses>
				<total>39</total>
				<timestamp>1223.766538</timestamp>
			</report>
			<report>
				<misses>4538001</misses>
				<total>39</total>
				<timestamp>1224.036307</timestamp>
			</report>
			<report>
				<misses>4539001</misses>
				<total>38</total>
				<timestamp>1224.306124</timestamp>
			</report>
			<report>
				<misses>4540001</misses>
				<total>38</total>
				<timestamp>1224.575862</timestamp>
			</report>
			<report>
				<misses>4541001</misses>
				<total>39</total>
				<timestamp>1224.845530</timestamp>
			</report>
			<report>
				<misses>4542001</misses>
				<total>39</total>
				<timestamp>1225.115198</timestamp>
			</report>
			<report>
				<misses>4543001</misses>
				<total>39</total>
				<timestamp>1225.384983</timestamp>
			</report>
			<report>
				<misses>4544001</misses>
				<total>39</total>
				<timestamp>1225.654662</timestamp>
			</report>
			<report>
				<misses>4545001</misses>
				<total>39</total>
				<timestamp>1225.924413</timestamp>
			</report>
			<report>
				<misses>4546001</misses>
				<total>39</total>
				<timestamp>1226.194116</timestamp>
			</report>
			<report>
				<misses>4547001</misses>
				<total>39</total>
				<timestamp>1226.463898</timestamp>
			</report>
			<report>
				<misses>4548001</misses>
				<total>39</total>
				<timestamp>1226.733573</timestamp>
			</report>
			<report>
				<misses>4549001</misses>
				<total>39</total>
				<timestamp>1227.003314</timestamp>
			</report>
			<report>
				<misses>4550001</misses>
				<total>39</total>
				<timestamp>1227.273065</timestamp>
			</report>
			<report>
				<misses>4551001</misses>
				<total>39</total>
				<timestamp>1227.542831</timestamp>
			</report>
			<report>
				<misses>4552001</misses>
				<total>39</total>
				<timestamp>1227.812534</timestamp>
			</report>
			<report>
				<misses>4553001</misses>
				<total>39</total>
				<timestamp>1228.082233</timestamp>
			</report>
			<report>
				<misses>4554001</misses>
				<total>39</total>
				<timestamp>1228.352077</timestamp>
			</report>
			<report>
				<misses>4555001</misses>
				<total>38</total>
				<timestamp>1228.621811</timestamp>
			</report>
			<report>
				<misses>4556001</misses>
				<total>39</total>
				<timestamp>1228.891412</timestamp>
			</report>
			<report>
				<misses>4557001</misses>
				<total>39</total>
				<timestamp>1229.161142</timestamp>
			</report>
			<report>
				<misses>4558001</misses>
				<total>38</total>
				<timestamp>1229.430998</timestamp>
			</report>
			<report>
				<misses>4559001</misses>
				<total>39</total>
				<timestamp>1229.700726</timestamp>
			</report>
			<report>
				<misses>4560001</misses>
				<total>39</total>
				<timestamp>1229.970464</timestamp>
			</report>
			<report>
				<misses>4561001</misses>
				<total>39</total>
				<timestamp>1230.240064</timestamp>
			</report>
			<report>
				<misses>4562001</misses>
				<total>39</total>
				<timestamp>1230.509917</timestamp>
			</report>
			<report>
				<misses>4563001</misses>
				<total>39</total>
				<timestamp>1230.779647</timestamp>
			</report>
			<report>
				<misses>4564001</misses>
				<total>39</total>
				<timestamp>1231.049375</timestamp>
			</report>
			<report>
				<misses>4565001</misses>
				<total>38</total>
				<timestamp>1231.319107</timestamp>
			</report>
			<report>
				<misses>4566001</misses>
				<total>38</total>
				<timestamp>1231.588840</timestamp>
			</report>
			<report>
				<misses>4567001</misses>
				<total>39</total>
				<timestamp>1231.858439</timestamp>
			</report>
			<report>
				<misses>4568001</misses>
				<total>39</total>
				<timestamp>1232.128166</timestamp>
			</report>
			<report>
				<misses>4569001</misses>
				<total>39</total>
				<timestamp>1232.397923</timestamp>
			</report>
			<report>
				<misses>4570001</misses>
				<total>39</total>
				<timestamp>1232.667637</timestamp>
			</report>
			<report>
				<misses>4571001</misses>
				<total>39</total>
				<timestamp>1232.937485</timestamp>
			</report>
			<report>
				<misses>4572001</misses>
				<total>39</total>
				<timestamp>1233.207215</timestamp>
			</report>
			<report>
				<misses>4573001</misses>
				<total>38</total>
				<timestamp>1233.476947</timestamp>
			</report>
			<report>
				<misses>4574001</misses>
				<total>39</total>
				<timestamp>1233.746546</timestamp>
			</report>
			<report>
				<misses>4575001</misses>
				<total>39</total>
				<timestamp>1234.016408</timestamp>
			</report>
			<report>
				<misses>4576001</misses>
				<total>39</total>
				<timestamp>1234.286137</timestamp>
			</report>
			<report>
				<misses>4577001</misses>
				<total>39</total>
				<timestamp>1234.555867</timestamp>
			</report>
			<report>
				<misses>4578001</misses>
				<total>39</total>
				<timestamp>1234.825473</timestamp>
			</report>
			<report>
				<misses>4579001</misses>
				<total>39</total>
				<timestamp>1235.095326</timestamp>
			</report>
			<report>
				<misses>4580001</misses>
				<total>39</total>
				<timestamp>1235.364932</timestamp>
			</report>
			<report>
				<misses>4581001</misses>
				<total>39</total>
				<timestamp>1235.634783</timestamp>
			</report>
			<report>
				<misses>4582001</misses>
				<total>39</total>
				<timestamp>1235.904386</timestamp>
			</report>
			<report>
				<misses>4583001</misses>
				<total>39</total>
				<timestamp>1236.174255</timestamp>
			</report>
			<report>
				<misses>4584001</misses>
				<total>39</total>
				<timestamp>1236.443895</timestamp>
			</report>
			<report>
				<misses>4585001</misses>
				<total>39</total>
				<timestamp>1236.713596</timestamp>
			</report>
			<report>
				<misses>4586001</misses>
				<total>39</total>
				<timestamp>1236.983327</timestamp>
			</report>
			<report>
				<misses>4587001</misses>
				<total>39</total>
				<timestamp>1237.253079</timestamp>
			</report>
			<report>
				<misses>4588001</misses>
				<total>39</total>
				<timestamp>1237.522767</timestamp>
			</report>
			<report>
				<misses>4589001</misses>
				<total>39</total>
				<timestamp>1237.792508</timestamp>
			</report>
			<report>
				<misses>4590001</misses>
				<total>39</total>
				<timestamp>1238.062239</timestamp>
			</report>
			<report>
				<misses>4591001</misses>
				<total>39</total>
				<timestamp>1238.331996</timestamp>
			</report>
			<report>
				<misses>4592001</misses>
				<total>38</total>
				<timestamp>1238.601776</timestamp>
			</report>
			<report>
				<misses>4593001</misses>
				<total>39</total>
				<timestamp>1238.871418</timestamp>
			</report>
			<report>
				<misses>4594001</misses>
				<total>39</total>
				<timestamp>1239.141161</timestamp>
			</report>
			<report>
				<misses>4595001</misses>
				<total>39</total>
				<timestamp>1239.410881</timestamp>
			</report>
			<report>
				<misses>4596001</misses>
				<total>39</total>
				<timestamp>1239.680629</timestamp>
			</report>
			<report>
				<misses>4597001</misses>
				<total>39</total>
				<timestamp>1239.950373</timestamp>
			</report>
			<report>
				<misses>4598001</misses>
				<total>39</total>
				<timestamp>1240.220074</timestamp>
			</report>
			<report>
				<misses>4599001</misses>
				<total>39</total>
				<timestamp>1240.489858</timestamp>
			</report>
			<report>
				<misses>4600001</misses>
				<total>39</total>
				<timestamp>1240.759516</timestamp>
			</report>
			<report>
				<misses>4601001</misses>
				<total>39</total>
				<timestamp>1241.029304</timestamp>
			</report>
			<report>
				<misses>4602001</misses>
				<total>39</total>
				<timestamp>1241.298989</timestamp>
			</report>
			<report>
				<misses>4603001</misses>
				<total>39</total>
				<timestamp>1241.568714</timestamp>
			</report>
			<report>
				<misses>4604001</misses>
				<total>39</total>
				<timestamp>1241.838447</timestamp>
			</report>
			<report>
				<misses>4605001</misses>
				<total>39</total>
				<timestamp>1242.108180</timestamp>
			</report>
			<report>
				<misses>4606001</misses>
				<total>39</total>
				<timestamp>1242.377909</timestamp>
			</report>
			<report>
				<misses>4607001</misses>
				<total>39</total>
				<timestamp>1242.647659</timestamp>
			</report>
			<report>
				<misses>4608001</misses>
				<total>39</total>
				<timestamp>1242.917373</timestamp>
			</report>
			<report>
				<misses>4609001</misses>
				<total>39</total>
				<timestamp>1243.187095</timestamp>
			</report>
			<report>
				<misses>4610001</misses>
				<total>39</total>
				<timestamp>1243.456867</timestamp>
			</report>
			<report>
				<misses>4611001</misses>
				<total>39</total>
				<timestamp>1243.726559</timestamp>
			</report>
			<report>
				<misses>4612001</misses>
				<total>39</total>
				<timestamp>1243.996275</timestamp>
			</report>
			<report>
				<misses>4613001</misses>
				<total>39</total>
				<timestamp>1244.266000</timestamp>
			</report>
			<report>
				<misses>4614001</misses>
				<total>38</total>
				<timestamp>1244.535849</timestamp>
			</report>
			<report>
				<misses>4615001</misses>
				<total>39</total>
				<timestamp>1244.805502</timestamp>
			</report>
			<report>
				<misses>4616001</misses>
				<total>39</total>
				<timestamp>1245.075230</timestamp>
			</report>
			<report>
				<misses>4617001</misses>
				<total>39</total>
				<timestamp>1245.344950</timestamp>
			</report>
			<report>
				<misses>4618001</misses>
				<total>39</total>
				<timestamp>1245.614678</timestamp>
			</report>
			<report>
				<misses>4619001</misses>
				<total>38</total>
				<timestamp>1245.884542</timestamp>
			</report>
			<report>
				<misses>4620001</misses>
				<total>39</total>
				<timestamp>1246.154161</timestamp>
			</report>
			<report>
				<misses>4621001</misses>
				<total>38</total>
				<timestamp>1246.423963</timestamp>
			</report>
			<report>
				<misses>4622001</misses>
				<total>39</total>
				<timestamp>1246.693609</timestamp>
			</report>
			<report>
				<misses>4623001</misses>
				<total>39</total>
				<timestamp>1246.963363</timestamp>
			</report>
			<report>
				<misses>4624001</misses>
				<total>39</total>
				<timestamp>1247.233055</timestamp>
			</report>
			<report>
				<misses>4625001</misses>
				<total>39</total>
				<timestamp>1247.502842</timestamp>
			</report>
			<report>
				<misses>4626001</misses>
				<total>39</total>
				<timestamp>1247.772509</timestamp>
			</report>
			<report>
				<misses>4627001</misses>
				<total>39</total>
				<timestamp>1248.042242</timestamp>
			</report>
			<report>
				<misses>4628001</misses>
				<total>39</total>
				<timestamp>1248.311968</timestamp>
			</report>
			<report>
				<misses>4629001</misses>
				<total>39</total>
				<timestamp>1248.581722</timestamp>
			</report>
			<report>
				<misses>4630001</misses>
				<total>39</total>
				<timestamp>1248.851427</timestamp>
			</report>
			<report>
				<misses>4631001</misses>
				<total>39</total>
				<timestamp>1249.121148</timestamp>
			</report>
			<report>
				<misses>4632001</misses>
				<total>39</total>
				<timestamp>1249.390895</timestamp>
			</report>
			<report>
				<misses>4633001</misses>
				<total>39</total>
				<timestamp>1249.660704</timestamp>
			</report>
			<report>
				<misses>4634001</misses>
				<total>39</total>
				<timestamp>1249.930351</timestamp>
			</report>
			<report>
				<misses>4635001</misses>
				<total>39</total>
				<timestamp>1250.200083</timestamp>
			</report>
			<report>
				<misses>4636001</misses>
				<total>38</total>
				<timestamp>1250.469926</timestamp>
			</report>
			<report>
				<misses>4637001</misses>
				<total>38</total>
				<timestamp>1250.739679</timestamp>
			</report>
			<report>
				<misses>4638001</misses>
				<total>39</total>
				<timestamp>1251.009392</timestamp>
			</report>
			<report>
				<misses>4639001</misses>
				<total>39</total>
				<timestamp>1251.279121</timestamp>
			</report>
			<report>
				<misses>4640001</misses>
				<total>38</total>
				<timestamp>1251.548855</timestamp>
			</report>
			<report>
				<misses>4641001</misses>
				<total>39</total>
				<timestamp>1251.818463</timestamp>
			</report>
			<report>
				<misses>4642001</misses>
				<total>39</total>
				<timestamp>1252.088314</timestamp>
			</report>
			<report>
				<misses>4643001</misses>
				<total>39</total>
				<timestamp>1252.358043</timestamp>
			</report>
			<report>
				<misses>4644001</misses>
				<total>40</total>
				<timestamp>1252.627781</timestamp>
			</report>
			<report>
				<misses>4645001</misses>
				<total>40</total>
				<timestamp>1252.897376</timestamp>
			</report>
			<report>
				<misses>4646001</misses>
				<total>40</total>
				<timestamp>1253.167116</timestamp>
			</report>
			<report>
				<misses>4647001</misses>
				<total>40</total>
				<timestamp>1253.436962</timestamp>
			</report>
			<report>
				<misses>4648001</misses>
				<total>40</total>
				<timestamp>1253.706698</timestamp>
			</report>
			<report>
				<misses>4649001</misses>
				<total>40</total>
				<timestamp>1253.976428</timestamp>
			</report>
			<report>
				<misses>4650001</misses>
				<total>40</total>
				<timestamp>1254.246157</timestamp>
			</report>
			<report>
				<misses>4651001</misses>
				<total>40</total>
				<timestamp>1254.515882</timestamp>
			</report>
			<report>
				<misses>4652001</misses>
				<total>40</total>
				<timestamp>1254.785618</timestamp>
			</report>
			<report>
				<misses>4653001</misses>
				<total>40</total>
				<timestamp>1255.055230</timestamp>
			</report>
			<report>
				<misses>4654001</misses>
				<total>40</total>
				<timestamp>1255.325079</timestamp>
			</report>
			<report>
				<misses>4655001</misses>
				<total>39</total>
				<timestamp>1255.594805</timestamp>
			</report>
			<report>
				<misses>4656001</misses>
				<total>40</total>
				<timestamp>1255.864408</timestamp>
			</report>
			<report>
				<misses>4657001</misses>
				<total>40</total>
				<timestamp>1256.134139</timestamp>
			</report>
			<report>
				<misses>4658001</misses>
				<total>40</total>
				<timestamp>1256.403991</timestamp>
			</report>
			<report>
				<misses>4659001</misses>
				<total>40</total>
				<timestamp>1256.673728</timestamp>
			</report>
			<report>
				<misses>4660001</misses>
				<total>40</total>
				<timestamp>1256.943323</timestamp>
			</report>
			<report>
				<misses>4661001</misses>
				<total>40</total>
				<timestamp>1257.213182</timestamp>
			</report>
			<report>
				<misses>4662001</misses>
				<total>39</total>
				<timestamp>1257.482923</timestamp>
			</report>
			<report>
				<misses>4663001</misses>
				<total>39</total>
				<timestamp>1257.752645</timestamp>
			</report>
			<report>
				<misses>4664001</misses>
				<total>40</total>
				<timestamp>1258.022254</timestamp>
			</report>
			<report>
				<misses>4665001</misses>
				<total>40</total>
				<timestamp>1258.292101</timestamp>
			</report>
			<report>
				<misses>4666001</misses>
				<total>40</total>
				<timestamp>1258.561834</timestamp>
			</report>
			<report>
				<misses>4667001</misses>
				<total>40</total>
				<timestamp>1258.831562</timestamp>
			</report>
			<report>
				<misses>4668001</misses>
				<total>40</total>
				<timestamp>1259.101170</timestamp>
			</report>
			<report>
				<misses>4669001</misses>
				<total>40</total>
				<timestamp>1259.370898</timestamp>
			</report>
			<report>
				<misses>4670001</misses>
				<total>40</total>
				<timestamp>1259.640758</timestamp>
			</report>
			<report>
				<misses>4671001</misses>
				<total>40</total>
				<timestamp>1259.910357</timestamp>
			</report>
			<report>
				<misses>4672001</misses>
				<total>40</total>
				<timestamp>1260.180218</timestamp>
			</report>
			<report>
				<misses>4673001</misses>
				<total>40</total>
				<timestamp>1260.449939</timestamp>
			</report>
			<report>
				<misses>4674001</misses>
				<total>39</total>
				<timestamp>1260.719676</timestamp>
			</report>
			<report>
				<misses>4675001</misses>
				<total>40</total>
				<timestamp>1260.989277</timestamp>
			</report>
			<report>
				<misses>4676001</misses>
				<total>40</total>
				<timestamp>1261.259013</timestamp>
			</report>
			<report>
				<misses>4677001</misses>
				<total>39</total>
				<timestamp>1261.528864</timestamp>
			</report>
			<report>
				<misses>4678001</misses>
				<total>40</total>
				<timestamp>1261.798591</timestamp>
			</report>
			<report>
				<misses>4679001</misses>
				<total>40</total>
				<timestamp>1262.068199</timestamp>
			</report>
			<report>
				<misses>4680001</misses>
				<total>40</total>
				<timestamp>1262.337929</timestamp>
			</report>
			<report>
				<misses>4681001</misses>
				<total>40</total>
				<timestamp>1262.607783</timestamp>
			</report>
			<report>
				<misses>4682001</misses>
				<total>40</total>
				<timestamp>1262.877513</timestamp>
			</report>
			<report>
				<misses>4683001</misses>
				<total>40</total>
				<timestamp>1263.147247</timestamp>
			</report>
			<report>
				<misses>4684001</misses>
				<total>40</total>
				<timestamp>1263.416974</timestamp>
			</report>
			<report>
				<misses>4685001</misses>
				<total>40</total>
				<timestamp>1263.686617</timestamp>
			</report>
			<report>
				<misses>4686001</misses>
				<total>40</total>
				<timestamp>1263.956436</timestamp>
			</report>
			<report>
				<misses>4687001</misses>
				<total>40</total>
				<timestamp>1264.226037</timestamp>
			</report>
			<report>
				<misses>4688001</misses>
				<total>40</total>
				<timestamp>1264.495899</timestamp>
			</report>
			<report>
				<misses>4689001</misses>
				<total>40</total>
				<timestamp>1264.765501</timestamp>
			</report>
			<report>
				<misses>4690001</misses>
				<total>40</total>
				<timestamp>1265.035232</timestamp>
			</report>
			<report>
				<misses>4691001</misses>
				<total>40</total>
				<timestamp>1265.304959</timestamp>
			</report>
			<report>
				<misses>4692001</misses>
				<total>40</total>
				<timestamp>1265.574821</timestamp>
			</report>
			<report>
				<misses>4693001</misses>
				<total>40</total>
				<timestamp>1265.844543</timestamp>
			</report>
			<report>
				<misses>4694001</misses>
				<total>40</total>
				<timestamp>1266.114149</timestamp>
			</report>
			<report>
				<misses>4695001</misses>
				<total>40</total>
				<timestamp>1266.384022</timestamp>
			</report>
			<report>
				<misses>4696001</misses>
				<total>39</total>
				<timestamp>1266.653732</timestamp>
			</report>
			<report>
				<misses>4697001</misses>
				<total>40</total>
				<timestamp>1266.923469</timestamp>
			</report>
			<report>
				<misses>4698001</misses>
				<total>41</total>
				<timestamp>1267.193070</timestamp>
			</report>
			<report>
				<misses>4699001</misses>
				<total>41</total>
				<timestamp>1267.462925</timestamp>
			</report>
			<report>
				<misses>4700001</misses>
				<total>41</total>
				<timestamp>1267.732656</timestamp>
			</report>
			<report>
				<misses>4701001</misses>
				<total>41</total>
				<timestamp>1268.002386</timestamp>
			</report>
			<report>
				<misses>4702001</misses>
				<total>41</total>
				<timestamp>1268.271995</timestamp>
			</report>
			<report>
				<misses>4703001</misses>
				<total>40</total>
				<timestamp>1268.541844</timestamp>
			</report>
			<report>
				<misses>4704001</misses>
				<total>40</total>
				<timestamp>1268.811573</timestamp>
			</report>
			<report>
				<misses>4705001</misses>
				<total>41</total>
				<timestamp>1269.081184</timestamp>
			</report>
			<report>
				<misses>4706001</misses>
				<total>41</total>
				<timestamp>1269.351034</timestamp>
			</report>
			<report>
				<misses>4707001</misses>
				<total>41</total>
				<timestamp>1269.620762</timestamp>
			</report>
			<report>
				<misses>4708001</misses>
				<total>41</total>
				<timestamp>1269.890369</timestamp>
			</report>
			<report>
				<misses>4709001</misses>
				<total>41</total>
				<timestamp>1270.160105</timestamp>
			</report>
			<report>
				<misses>4710001</misses>
				<total>41</total>
				<timestamp>1270.429834</timestamp>
			</report>
			<report>
				<misses>4711001</misses>
				<total>40</total>
				<timestamp>1270.699692</timestamp>
			</report>
			<report>
				<misses>4712001</misses>
				<total>41</total>
				<timestamp>1270.969413</timestamp>
			</report>
			<report>
				<misses>4713001</misses>
				<total>41</total>
				<timestamp>1271.239023</timestamp>
			</report>
			<report>
				<misses>4714001</misses>
				<total>41</total>
				<timestamp>1271.508876</timestamp>
			</report>
			<report>
				<misses>4715001</misses>
				<total>41</total>
				<timestamp>1271.778602</timestamp>
			</report>
			<report>
				<misses>4716001</misses>
				<total>41</total>
				<timestamp>1272.048211</timestamp>
			</report>
			<report>
				<misses>4717001</misses>
				<total>41</total>
				<timestamp>1272.318065</timestamp>
			</report>
			<report>
				<misses>4718001</misses>
				<total>40</total>
				<timestamp>1272.587794</timestamp>
			</report>
			<report>
				<misses>4719001</misses>
				<total>41</total>
				<timestamp>1272.857396</timestamp>
			</report>
			<report>
				<misses>4720001</misses>
				<total>41</total>
				<timestamp>1273.127147</timestamp>
			</report>
			<report>
				<misses>4721001</misses>
				<total>41</total>
				<timestamp>1273.396851</timestamp>
			</report>
			<report>
				<misses>4722001</misses>
				<total>41</total>
				<timestamp>1273.666653</timestamp>
			</report>
			<report>
				<misses>4723001</misses>
				<total>41</total>
				<timestamp>1273.936333</timestamp>
			</report>
			<report>
				<misses>4724001</misses>
				<total>41</total>
				<timestamp>1274.206045</timestamp>
			</report>
			<report>
				<misses>4725001</misses>
				<total>41</total>
				<timestamp>1274.475777</timestamp>
			</report>
			<report>
				<misses>4726001</misses>
				<total>41</total>
				<timestamp>1274.745553</timestamp>
			</report>
			<report>
				<misses>4727001</misses>
				<total>41</total>
				<timestamp>1275.015262</timestamp>
			</report>
			<report>
				<misses>4728001</misses>
				<total>41</total>
				<timestamp>1275.284988</timestamp>
			</report>
			<report>
				<misses>4729001</misses>
				<total>41</total>
				<timestamp>1275.554701</timestamp>
			</report>
			<report>
				<misses>4730001</misses>
				<total>40</total>
				<timestamp>1275.824530</timestamp>
			</report>
			<report>
				<misses>4731001</misses>
				<total>41</total>
				<timestamp>1276.094170</timestamp>
			</report>
			<report>
				<misses>4732001</misses>
				<total>41</total>
				<timestamp>1276.363895</timestamp>
			</report>
			<report>
				<misses>4733001</misses>
				<total>41</total>
				<timestamp>1276.633642</timestamp>
			</report>
			<report>
				<misses>4734001</misses>
				<total>41</total>
				<timestamp>1276.903347</timestamp>
			</report>
			<report>
				<misses>4735001</misses>
				<total>41</total>
				<timestamp>1277.173074</timestamp>
			</report>
			<report>
				<misses>4736001</misses>
				<total>41</total>
				<timestamp>1277.442795</timestamp>
			</report>
			<report>
				<misses>4737001</misses>
				<total>41</total>
				<timestamp>1277.712564</timestamp>
			</report>
			<report>
				<misses>4738001</misses>
				<total>41</total>
				<timestamp>1277.982277</timestamp>
			</report>
			<report>
				<misses>4739001</misses>
				<total>41</total>
				<timestamp>1278.252015</timestamp>
			</report>
			<report>
				<misses>4740001</misses>
				<total>41</total>
				<timestamp>1278.521719</timestamp>
			</report>
			<report>
				<misses>4741001</misses>
				<total>41</total>
				<timestamp>1278.791498</timestamp>
			</report>
			<report>
				<misses>4742001</misses>
				<total>41</total>
				<timestamp>1279.061198</timestamp>
			</report>
			<report>
				<misses>4743001</misses>
				<total>41</total>
				<timestamp>1279.330906</timestamp>
			</report>
			<report>
				<misses>4744001</misses>
				<total>40</total>
				<timestamp>1279.600764</timestamp>
			</report>
			<report>
				<misses>4745001</misses>
				<total>41</total>
				<timestamp>1279.870373</timestamp>
			</report>
			<report>
				<misses>4746001</misses>
				<total>41</total>
				<timestamp>1280.140112</timestamp>
			</report>
			<report>
				<misses>4747001</misses>
				<total>41</total>
				<timestamp>1280.409876</timestamp>
			</report>
			<report>
				<misses>4748001</misses>
				<total>41</total>
				<timestamp>1280.679637</timestamp>
			</report>
			<report>
				<misses>4749001</misses>
				<total>41</total>
				<timestamp>1280.949293</timestamp>
			</report>
			<report>
				<misses>4750001</misses>
				<total>41</total>
				<timestamp>1281.219014</timestamp>
			</report>
			<report>
				<misses>4751001</misses>
				<total>41</total>
				<timestamp>1281.488752</timestamp>
			</report>
			<report>
				<misses>4752001</misses>
				<total>40</total>
				<timestamp>1281.758626</timestamp>
			</report>
			<report>
				<misses>4753001</misses>
				<total>41</total>
				<timestamp>1282.028237</timestamp>
			</report>
			<report>
				<misses>4754001</misses>
				<total>41</total>
				<timestamp>1282.297946</timestamp>
			</report>
			<report>
				<misses>4755001</misses>
				<total>41</total>
				<timestamp>1282.567708</timestamp>
			</report>
			<report>
				<misses>4756001</misses>
				<total>40</total>
				<timestamp>1282.837512</timestamp>
			</report>
			<report>
				<misses>4757001</misses>
				<total>41</total>
				<timestamp>1283.107139</timestamp>
			</report>
			<report>
				<misses>4758001</misses>
				<total>41</total>
				<timestamp>1283.376867</timestamp>
			</report>
			<report>
				<misses>4759001</misses>
				<total>41</total>
				<timestamp>1283.646604</timestamp>
			</report>
			<report>
				<misses>4760001</misses>
				<total>41</total>
				<timestamp>1283.916346</timestamp>
			</report>
			<report>
				<misses>4761001</misses>
				<total>41</total>
				<timestamp>1284.186077</timestamp>
			</report>
			<report>
				<misses>4762001</misses>
				<total>41</total>
				<timestamp>1284.455804</timestamp>
			</report>
			<report>
				<misses>4763001</misses>
				<total>41</total>
				<timestamp>1284.725574</timestamp>
			</report>
			<report>
				<misses>4764001</misses>
				<total>41</total>
				<timestamp>1284.995239</timestamp>
			</report>
			<report>
				<misses>4765001</misses>
				<total>41</total>
				<timestamp>1285.264966</timestamp>
			</report>
			<report>
				<misses>4766001</misses>
				<total>41</total>
				<timestamp>1285.534713</timestamp>
			</report>
			<report>
				<misses>4767001</misses>
				<total>41</total>
				<timestamp>1285.804464</timestamp>
			</report>
			<report>
				<misses>4768001</misses>
				<total>41</total>
				<timestamp>1286.074167</timestamp>
			</report>
			<report>
				<misses>4769001</misses>
				<total>41</total>
				<timestamp>1286.343927</timestamp>
			</report>
			<report>
				<misses>4770001</misses>
				<total>40</total>
				<timestamp>1286.613725</timestamp>
			</report>
			<report>
				<misses>4771001</misses>
				<total>40</total>
				<timestamp>1286.883458</timestamp>
			</report>
			<report>
				<misses>4772001</misses>
				<total>41</total>
				<timestamp>1287.153108</timestamp>
			</report>
			<report>
				<misses>4773001</misses>
				<total>41</total>
				<timestamp>1287.422849</timestamp>
			</report>
			<report>
				<misses>4774001</misses>
				<total>41</total>
				<timestamp>1287.692597</timestamp>
			</report>
			<report>
				<misses>4775001</misses>
				<total>41</total>
				<timestamp>1287.962322</timestamp>
			</report>
			<report>
				<misses>4776001</misses>
				<total>41</total>
				<timestamp>1288.232008</timestamp>
			</report>
			<report>
				<misses>4777001</misses>
				<total>42</total>
				<timestamp>1288.501745</timestamp>
			</report>
			<report>
				<misses>4778001</misses>
				<total>41</total>
				<timestamp>1288.771578</timestamp>
			</report>
			<report>
				<misses>4779001</misses>
				<total>42</total>
				<timestamp>1289.041218</timestamp>
			</report>
			<report>
				<misses>4780001</misses>
				<total>42</total>
				<timestamp>1289.310953</timestamp>
			</report>
			<report>
				<misses>4781001</misses>
				<total>42</total>
				<timestamp>1289.580705</timestamp>
			</report>
			<report>
				<misses>4782001</misses>
				<total>42</total>
				<timestamp>1289.850449</timestamp>
			</report>
			<report>
				<misses>4783001</misses>
				<total>42</total>
				<timestamp>1290.120124</timestamp>
			</report>
			<report>
				<misses>4784001</misses>
				<total>42</total>
				<timestamp>1290.389857</timestamp>
			</report>
			<report>
				<misses>4785001</misses>
				<total>42</total>
				<timestamp>1290.659617</timestamp>
			</report>
			<report>
				<misses>4786001</misses>
				<total>41</total>
				<timestamp>1290.929440</timestamp>
			</report>
			<report>
				<misses>4787001</misses>
				<total>42</total>
				<timestamp>1291.199051</timestamp>
			</report>
			<report>
				<misses>4788001</misses>
				<total>42</total>
				<timestamp>1291.468800</timestamp>
			</report>
			<report>
				<misses>4789001</misses>
				<total>41</total>
				<timestamp>1291.738601</timestamp>
			</report>
			<report>
				<misses>4790001</misses>
				<total>42</total>
				<timestamp>1292.008232</timestamp>
			</report>
			<report>
				<misses>4791001</misses>
				<total>42</total>
				<timestamp>1292.278021</timestamp>
			</report>
			<report>
				<misses>4792001</misses>
				<total>42</total>
				<timestamp>1292.547685</timestamp>
			</report>
			<report>
				<misses>4793001</misses>
				<total>41</total>
				<timestamp>1292.817576</timestamp>
			</report>
			<report>
				<misses>4794001</misses>
				<total>42</total>
				<timestamp>1293.087162</timestamp>
			</report>
			<report>
				<misses>4795001</misses>
				<total>42</total>
				<timestamp>1293.356899</timestamp>
			</report>
			<report>
				<misses>4796001</misses>
				<total>42</total>
				<timestamp>1293.626676</timestamp>
			</report>
			<report>
				<misses>4797001</misses>
				<total>42</total>
				<timestamp>1293.896437</timestamp>
			</report>
			<report>
				<misses>4798001</misses>
				<total>42</total>
				<timestamp>1294.166068</timestamp>
			</report>
			<report>
				<misses>4799001</misses>
				<total>42</total>
				<timestamp>1294.435795</timestamp>
			</report>
			<report>
				<misses>4800001</misses>
				<total>42</total>
				<timestamp>1294.705523</timestamp>
			</report>
			<report>
				<misses>4801001</misses>
				<total>42</total>
				<timestamp>1294.975288</timestamp>
			</report>
			<report>
				<misses>4802001</misses>
				<total>42</total>
				<timestamp>1295.244987</timestamp>
			</report>
			<report>
				<misses>4803001</misses>
				<total>42</total>
				<timestamp>1295.514737</timestamp>
			</report>
			<report>
				<misses>4804001</misses>
				<total>42</total>
				<timestamp>1295.784527</timestamp>
			</report>
			<report>
				<misses>4805001</misses>
				<total>42</total>
				<timestamp>1296.054189</timestamp>
			</report>
			<report>
				<misses>4806001</misses>
				<total>42</total>
				<timestamp>1296.323926</timestamp>
			</report>
			<report>
				<misses>4807001</misses>
				<total>42</total>
				<timestamp>1296.593631</timestamp>
			</report>
			<report>
				<misses>4808001</misses>
				<total>42</total>
				<timestamp>1296.863392</timestamp>
			</report>
			<report>
				<misses>4809001</misses>
				<total>42</total>
				<timestamp>1297.133090</timestamp>
			</report>
			<report>
				<misses>4810001</misses>
				<total>42</total>
				<timestamp>1297.402854</timestamp>
			</report>
			<report>
				<misses>4811001</misses>
				<total>41</total>
				<timestamp>1297.672656</timestamp>
			</report>
			<report>
				<misses>4812001</misses>
				<total>41</total>
				<timestamp>1297.942401</timestamp>
			</report>
			<report>
				<misses>4813001</misses>
				<total>42</total>
				<timestamp>1298.212015</timestamp>
			</report>
			<report>
				<misses>4814001</misses>
				<total>42</total>
				<timestamp>1298.481741</timestamp>
			</report>
			<report>
				<misses>4815001</misses>
				<total>42</total>
				<timestamp>1298.751513</timestamp>
			</report>
			<report>
				<misses>4816001</misses>
				<total>42</total>
				<timestamp>1299.021222</timestamp>
			</report>
			<report>
				<misses>4817001</misses>
				<total>42</total>
				<timestamp>1299.290933</timestamp>
			</report>
			<report>
				<misses>4818001</misses>
				<total>42</total>
				<timestamp>1299.560663</timestamp>
			</report>
			<report>
				<misses>4819001</misses>
				<total>41</total>
				<timestamp>1299.830496</timestamp>
			</report>
			<report>
				<misses>4820001</misses>
				<total>42</total>
				<timestamp>1300.100131</timestamp>
			</report>
			<report>
				<misses>4821001</misses>
				<total>42</total>
				<timestamp>1300.369859</timestamp>
			</report>
			<report>
				<misses>4822001</misses>
				<total>42</total>
				<timestamp>1300.639600</timestamp>
			</report>
			<report>
				<misses>4823001</misses>
				<total>42</total>
				<timestamp>1300.909378</timestamp>
			</report>
			<report>
				<misses>4824001</misses>
				<total>42</total>
				<timestamp>1301.179047</timestamp>
			</report>
			<report>
				<misses>4825001</misses>
				<total>42</total>
				<timestamp>1301.448769</timestamp>
			</report>
			<report>
				<misses>4826001</misses>
				<total>41</total>
				<timestamp>1301.718606</timestamp>
			</report>
			<report>
				<misses>4827001</misses>
				<total>42</total>
				<timestamp>1301.988324</timestamp>
			</report>
			<report>
				<misses>4828001</misses>
				<total>42</total>
				<timestamp>1302.258052</timestamp>
			</report>
			<report>
				<misses>4829001</misses>
				<total>42</total>
				<timestamp>1302.527718</timestamp>
			</report>
			<report>
				<misses>4830001</misses>
				<total>42</total>
				<timestamp>1302.797444</timestamp>
			</report>
			<report>
				<misses>4831001</misses>
				<total>42</total>
				<timestamp>1303.067203</timestamp>
			</report>
			<report>
				<misses>4832001</misses>
				<total>42</total>
				<timestamp>1303.336907</timestamp>
			</report>
			<report>
				<misses>4833001</misses>
				<total>42</total>
				<timestamp>1303.606634</timestamp>
			</report>
			<report>
				<misses>4834001</misses>
				<total>41</total>
				<timestamp>1303.876496</timestamp>
			</report>
			<report>
				<misses>4835001</misses>
				<total>42</total>
				<timestamp>1304.146086</timestamp>
			</report>
			<report>
				<misses>4836001</misses>
				<total>42</total>
				<timestamp>1304.415805</timestamp>
			</report>
			<report>
				<misses>4837001</misses>
				<total>42</total>
				<timestamp>1304.685591</timestamp>
			</report>
			<report>
				<misses>4838001</misses>
				<total>42</total>
				<timestamp>1304.955332</timestamp>
			</report>
			<report>
				<misses>4839001</misses>
				<total>42</total>
				<timestamp>1305.225056</timestamp>
			</report>
			<report>
				<misses>4840001</misses>
				<total>42</total>
				<timestamp>1305.494734</timestamp>
			</report>
			<report>
				<misses>4841001</misses>
				<total>41</total>
				<timestamp>1305.764582</timestamp>
			</report>
			<report>
				<misses>4842001</misses>
				<total>42</total>
				<timestamp>1306.034244</timestamp>
			</report>
			<report>
				<misses>4843001</misses>
				<total>42</total>
				<timestamp>1306.303929</timestamp>
			</report>
			<report>
				<misses>4844001</misses>
				<total>42</total>
				<timestamp>1306.573653</timestamp>
			</report>
			<report>
				<misses>4845001</misses>
				<total>42</total>
				<timestamp>1306.843453</timestamp>
			</report>
			<report>
				<misses>4846001</misses>
				<total>42</total>
				<timestamp>1307.113128</timestamp>
			</report>
			<report>
				<misses>4847001</misses>
				<total>42</total>
				<timestamp>1307.382846</timestamp>
			</report>
			<report>
				<misses>4848001</misses>
				<total>42</total>
				<timestamp>1307.652580</timestamp>
			</report>
			<report>
				<misses>4849001</misses>
				<total>42</total>
				<timestamp>1307.922333</timestamp>
			</report>
			<report>
				<misses>4850001</misses>
				<total>42</total>
				<timestamp>1308.192047</timestamp>
			</report>
			<report>
				<misses>4851001</misses>
				<total>42</total>
				<timestamp>1308.461753</timestamp>
			</report>
			<report>
				<misses>4852001</misses>
				<total>42</total>
				<timestamp>1308.731489</timestamp>
			</report>
			<report>
				<misses>4853001</misses>
				<total>41</total>
				<timestamp>1309.001339</timestamp>
			</report>
			<report>
				<misses>4854001</misses>
				<total>42</total>
				<timestamp>1309.270954</timestamp>
			</report>
			<report>
				<misses>4855001</misses>
				<total>42</total>
				<timestamp>1309.540681</timestamp>
			</report>
			<report>
				<misses>4856001</misses>
				<total>42</total>
				<timestamp>1309.810428</timestamp>
			</report>
			<report>
				<misses>4857001</misses>
				<total>42</total>
				<timestamp>1310.080147</timestamp>
			</report>
			<report>
				<misses>4858001</misses>
				<total>42</total>
				<timestamp>1310.349877</timestamp>
			</report>
			<report>
				<misses>4859001</misses>
				<total>42</total>
				<timestamp>1310.619592</timestamp>
			</report>
			<report>
				<misses>4860001</misses>
				<total>41</total>
				<timestamp>1310.889437</timestamp>
			</report>
			<report>
				<misses>4861001</misses>
				<total>42</total>
				<timestamp>1311.159068</timestamp>
			</report>
			<report>
				<misses>4862001</misses>
				<total>42</total>
				<timestamp>1311.428830</timestamp>
			</report>
			<report>
				<misses>4863001</misses>
				<total>42</total>
				<timestamp>1311.698581</timestamp>
			</report>
			<report>
				<misses>4864001</misses>
				<total>42</total>
				<timestamp>1311.968318</timestamp>
			</report>
			<report>
				<misses>4865001</misses>
				<total>42</total>
				<timestamp>1312.237995</timestamp>
			</report>
			<report>
				<misses>4866001</misses>
				<total>42</total>
				<timestamp>1312.507707</timestamp>
			</report>
			<report>
				<misses>4867001</misses>
				<total>42</total>
				<timestamp>1312.777459</timestamp>
			</report>
			<report>
				<misses>4868001</misses>
				<total>41</total>
				<timestamp>1313.047319</timestamp>
			</report>
			<report>
				<misses>4869001</misses>
				<total>42</total>
				<timestamp>1313.316914</timestamp>
			</report>
			<report>
				<misses>4870001</misses>
				<total>42</total>
				<timestamp>1313.586643</timestamp>
			</report>
			<report>
				<misses>4871001</misses>
				<total>42</total>
				<timestamp>1313.856431</timestamp>
			</report>
			<report>
				<misses>4872001</misses>
				<total>42</total>
				<timestamp>1314.126106</timestamp>
			</report>
			<report>
				<misses>4873001</misses>
				<total>42</total>
				<timestamp>1314.395855</timestamp>
			</report>
			<report>
				<misses>4874001</misses>
				<total>42</total>
				<timestamp>1314.665571</timestamp>
			</report>
			<report>
				<misses>4875001</misses>
				<total>42</total>
				<timestamp>1314.935326</timestamp>
			</report>
			<report>
				<misses>4876001</misses>
				<total>42</total>
				<timestamp>1315.205017</timestamp>
			</report>
			<report>
				<misses>4877001</misses>
				<total>42</total>
				<timestamp>1315.474743</timestamp>
			</report>
			<report>
				<misses>4878001</misses>
				<total>42</total>
				<timestamp>1315.744523</timestamp>
			</report>
			<report>
				<misses>4879001</misses>
				<total>41</total>
				<timestamp>1316.014323</timestamp>
			</report>
			<report>
				<misses>4880001</misses>
				<total>42</total>
				<timestamp>1316.284053</timestamp>
			</report>
			<report>
				<misses>4881001</misses>
				<total>42</total>
				<timestamp>1316.553783</timestamp>
			</report>
			<report>
				<misses>4882001</misses>
				<total>41</total>
				<timestamp>1316.823516</timestamp>
			</report>
			<report>
				<misses>4883001</misses>
				<total>42</total>
				<timestamp>1317.093247</timestamp>
			</report>
			<report>
				<misses>4884001</misses>
				<total>42</total>
				<timestamp>1317.362978</timestamp>
			</report>
			<report>
				<misses>4885001</misses>
				<total>42</total>
				<timestamp>1317.632585</timestamp>
			</report>
			<report>
				<misses>4886001</misses>
				<total>42</total>
				<timestamp>1317.902442</timestamp>
			</report>
			<report>
				<misses>4887001</misses>
				<total>42</total>
				<timestamp>1318.172044</timestamp>
			</report>
			<report>
				<misses>4888001</misses>
				<total>42</total>
				<timestamp>1318.441896</timestamp>
			</report>
			<report>
				<misses>4889001</misses>
				<total>42</total>
				<timestamp>1318.711624</timestamp>
			</report>
			<report>
				<misses>4890001</misses>
				<total>42</total>
				<timestamp>1318.981355</timestamp>
			</report>
			<report>
				<misses>4891001</misses>
				<total>42</total>
				<timestamp>1319.251082</timestamp>
			</report>
			<report>
				<misses>4892001</misses>
				<total>42</total>
				<timestamp>1319.520687</timestamp>
			</report>
			<report>
				<misses>4893001</misses>
				<total>42</total>
				<timestamp>1319.790419</timestamp>
			</report>
			<report>
				<misses>4894001</misses>
				<total>42</total>
				<timestamp>1320.060275</timestamp>
			</report>
			<report>
				<misses>4895001</misses>
				<total>42</total>
				<timestamp>1320.330001</timestamp>
			</report>
			<report>
				<misses>4896001</misses>
				<total>42</total>
				<timestamp>1320.599609</timestamp>
			</report>
			<report>
				<misses>4897001</misses>
				<total>42</total>
				<timestamp>1320.869473</timestamp>
			</report>
			<report>
				<misses>4898001</misses>
				<total>42</total>
				<timestamp>1321.139073</timestamp>
			</report>
			<report>
				<misses>4899001</misses>
				<total>42</total>
				<timestamp>1321.408940</timestamp>
			</report>
			<report>
				<misses>4900001</misses>
				<total>42</total>
				<timestamp>1321.678652</timestamp>
			</report>
			<report>
				<misses>4901001</misses>
				<total>41</total>
				<timestamp>1321.948383</timestamp>
			</report>
			<report>
				<misses>4902001</misses>
				<total>42</total>
				<timestamp>1322.218112</timestamp>
			</report>
			<report>
				<misses>4903001</misses>
				<total>42</total>
				<timestamp>1322.487857</timestamp>
			</report>
			<report>
				<misses>4904001</misses>
				<total>42</total>
				<timestamp>1322.757570</timestamp>
			</report>
			<report>
				<misses>4905001</misses>
				<total>42</total>
				<timestamp>1323.027305</timestamp>
			</report>
			<report>
				<misses>4906001</misses>
				<total>42</total>
				<timestamp>1323.297035</timestamp>
			</report>
			<report>
				<misses>4907001</misses>
				<total>42</total>
				<timestamp>1323.566770</timestamp>
			</report>
			<report>
				<misses>4908001</misses>
				<total>42</total>
				<timestamp>1323.836490</timestamp>
			</report>
			<report>
				<misses>4909001</misses>
				<total>42</total>
				<timestamp>1324.106227</timestamp>
			</report>
			<report>
				<misses>4910001</misses>
				<total>42</total>
				<timestamp>1324.375957</timestamp>
			</report>
			<report>
				<misses>4911001</misses>
				<total>42</total>
				<timestamp>1324.645688</timestamp>
			</report>
			<report>
				<misses>4912001</misses>
				<total>42</total>
				<timestamp>1324.915415</timestamp>
			</report>
			<report>
				<misses>4913001</misses>
				<total>42</total>
				<timestamp>1325.185016</timestamp>
			</report>
			<report>
				<misses>4914001</misses>
				<total>42</total>
				<timestamp>1325.454749</timestamp>
			</report>
			<report>
				<misses>4915001</misses>
				<total>42</total>
				<timestamp>1325.724483</timestamp>
			</report>
			<report>
				<misses>4916001</misses>
				<total>42</total>
				<timestamp>1325.994211</timestamp>
			</report>
			<report>
				<misses>4917001</misses>
				<total>42</total>
				<timestamp>1326.264062</timestamp>
			</report>
			<report>
				<misses>4918001</misses>
				<total>42</total>
				<timestamp>1326.533792</timestamp>
			</report>
			<report>
				<misses>4919001</misses>
				<total>42</total>
				<timestamp>1326.803524</timestamp>
			</report>
			<report>
				<misses>4920001</misses>
				<total>42</total>
				<timestamp>1327.073253</timestamp>
			</report>
			<report>
				<misses>4921001</misses>
				<total>42</total>
				<timestamp>1327.342982</timestamp>
			</report>
			<report>
				<misses>4922001</misses>
				<total>42</total>
				<timestamp>1327.612716</timestamp>
			</report>
			<report>
				<misses>4923001</misses>
				<total>41</total>
				<timestamp>1327.882445</timestamp>
			</report>
			<report>
				<misses>4924001</misses>
				<total>42</total>
				<timestamp>1328.152174</timestamp>
			</report>
			<report>
				<misses>4925001</misses>
				<total>42</total>
				<timestamp>1328.421777</timestamp>
			</report>
			<report>
				<misses>4926001</misses>
				<total>42</total>
				<timestamp>1328.691637</timestamp>
			</report>
			<report>
				<misses>4927001</misses>
				<total>41</total>
				<timestamp>1328.961370</timestamp>
			</report>
			<report>
				<misses>4928001</misses>
				<total>42</total>
				<timestamp>1329.230968</timestamp>
			</report>
			<report>
				<misses>4929001</misses>
				<total>42</total>
				<timestamp>1329.500702</timestamp>
			</report>
			<report>
				<misses>4930001</misses>
				<total>42</total>
				<timestamp>1329.770566</timestamp>
			</report>
			<report>
				<misses>4931001</misses>
				<total>42</total>
				<timestamp>1330.040293</timestamp>
			</report>
			<report>
				<misses>4932001</misses>
				<total>42</total>
				<timestamp>1330.310019</timestamp>
			</report>
			<report>
				<misses>4933001</misses>
				<total>42</total>
				<timestamp>1330.579755</timestamp>
			</report>
			<report>
				<misses>4934001</misses>
				<total>42</total>
				<timestamp>1330.849479</timestamp>
			</report>
			<report>
				<misses>4935001</misses>
				<total>41</total>
				<timestamp>1331.119202</timestamp>
			</report>
			<report>
				<misses>4936001</misses>
				<total>42</total>
				<timestamp>1331.388934</timestamp>
			</report>
			<report>
				<misses>4937001</misses>
				<total>42</total>
				<timestamp>1331.658536</timestamp>
			</report>
			<report>
				<misses>4938001</misses>
				<total>42</total>
				<timestamp>1331.928314</timestamp>
			</report>
			<report>
				<misses>4939001</misses>
				<total>42</total>
				<timestamp>1332.198033</timestamp>
			</report>
			<report>
				<misses>4940001</misses>
				<total>42</total>
				<timestamp>1332.467738</timestamp>
			</report>
			<report>
				<misses>4941001</misses>
				<total>42</total>
				<timestamp>1332.737465</timestamp>
			</report>
			<report>
				<misses>4942001</misses>
				<total>42</total>
				<timestamp>1333.007198</timestamp>
			</report>
			<report>
				<misses>4943001</misses>
				<total>42</total>
				<timestamp>1333.276940</timestamp>
			</report>
			<report>
				<misses>4944001</misses>
				<total>42</total>
				<timestamp>1333.546645</timestamp>
			</report>
			<report>
				<misses>4945001</misses>
				<total>42</total>
				<timestamp>1333.816407</timestamp>
			</report>
			<report>
				<misses>4946001</misses>
				<total>42</total>
				<timestamp>1334.086193</timestamp>
			</report>
			<report>
				<misses>4947001</misses>
				<total>42</total>
				<timestamp>1334.355850</timestamp>
			</report>
			<report>
				<misses>4948001</misses>
				<total>42</total>
				<timestamp>1334.625564</timestamp>
			</report>
			<report>
				<misses>4949001</misses>
				<total>41</total>
				<timestamp>1334.895433</timestamp>
			</report>
			<report>
				<misses>4950001</misses>
				<total>42</total>
				<timestamp>1335.165039</timestamp>
			</report>
			<report>
				<misses>4951001</misses>
				<total>42</total>
				<timestamp>1335.434770</timestamp>
			</report>
			<report>
				<misses>4952001</misses>
				<total>42</total>
				<timestamp>1335.704500</timestamp>
			</report>
			<report>
				<misses>4953001</misses>
				<total>42</total>
				<timestamp>1335.974283</timestamp>
			</report>
			<report>
				<misses>4954001</misses>
				<total>42</total>
				<timestamp>1336.243941</timestamp>
			</report>
			<report>
				<misses>4955001</misses>
				<total>42</total>
				<timestamp>1336.513682</timestamp>
			</report>
			<report>
				<misses>4956001</misses>
				<total>42</total>
				<timestamp>1336.783392</timestamp>
			</report>
			<report>
				<misses>4957001</misses>
				<total>41</total>
				<timestamp>1337.053250</timestamp>
			</report>
			<report>
				<misses>4958001</misses>
				<total>42</total>
				<timestamp>1337.322867</timestamp>
			</report>
			<report>
				<misses>4959001</misses>
				<total>42</total>
				<timestamp>1337.592614</timestamp>
			</report>
			<report>
				<misses>4960001</misses>
				<total>42</total>
				<timestamp>1337.862359</timestamp>
			</report>
			<report>
				<misses>4961001</misses>
				<total>41</total>
				<timestamp>1338.132170</timestamp>
			</report>
			<report>
				<misses>4962001</misses>
				<total>42</total>
				<timestamp>1338.401777</timestamp>
			</report>
			<report>
				<misses>4963001</misses>
				<total>42</total>
				<timestamp>1338.671499</timestamp>
			</report>
			<report>
				<misses>4964001</misses>
				<total>42</total>
				<timestamp>1338.941245</timestamp>
			</report>
			<report>
				<misses>4965001</misses>
				<total>42</total>
				<timestamp>1339.210977</timestamp>
			</report>
			<report>
				<misses>4966001</misses>
				<total>42</total>
				<timestamp>1339.480702</timestamp>
			</report>
			<report>
				<misses>4967001</misses>
				<total>42</total>
				<timestamp>1339.750427</timestamp>
			</report>
			<report>
				<misses>4968001</misses>
				<total>41</total>
				<timestamp>1340.020273</timestamp>
			</report>
			<report>
				<misses>4969001</misses>
				<total>42</total>
				<timestamp>1340.289899</timestamp>
			</report>
			<report>
				<misses>4970001</misses>
				<total>42</total>
				<timestamp>1340.559628</timestamp>
			</report>
			<report>
				<misses>4971001</misses>
				<total>42</total>
				<timestamp>1340.829373</timestamp>
			</report>
			<report>
				<misses>4972001</misses>
				<total>42</total>
				<timestamp>1341.099078</timestamp>
			</report>
			<report>
				<misses>4973001</misses>
				<total>42</total>
				<timestamp>1341.368817</timestamp>
			</report>
			<report>
				<misses>4974001</misses>
				<total>42</total>
				<timestamp>1341.638561</timestamp>
			</report>
			<report>
				<misses>4975001</misses>
				<total>41</total>
				<timestamp>1341.908369</timestamp>
			</report>
			<report>
				<misses>4976001</misses>
				<total>41</total>
				<timestamp>1342.178187</timestamp>
			</report>
			<report>
				<misses>4977001</misses>
				<total>42</total>
				<timestamp>1342.447747</timestamp>
			</report>
			<report>
				<misses>4978001</misses>
				<total>42</total>
				<timestamp>1342.717474</timestamp>
			</report>
			<report>
				<misses>4979001</misses>
				<total>42</total>
				<timestamp>1342.987264</timestamp>
			</report>
			<report>
				<misses>4980001</misses>
				<total>42</total>
				<timestamp>1343.256936</timestamp>
			</report>
			<report>
				<misses>4981001</misses>
				<total>42</total>
				<timestamp>1343.526683</timestamp>
			</report>
			<report>
				<misses>4982001</misses>
				<total>42</total>
				<timestamp>1343.796390</timestamp>
			</report>
			<report>
				<misses>4983001</misses>
				<total>42</total>
				<timestamp>1344.066148</timestamp>
			</report>
			<report>
				<misses>4984001</misses>
				<total>42</total>
				<timestamp>1344.335885</timestamp>
			</report>
			<report>
				<misses>4985001</misses>
				<total>42</total>
				<timestamp>1344.605635</timestamp>
			</report>
			<report>
				<misses>4986001</misses>
				<total>42</total>
				<timestamp>1344.875345</timestamp>
			</report>
			<report>
				<misses>4987001</misses>
				<total>42</total>
				<timestamp>1345.145106</timestamp>
			</report>
			<report>
				<misses>4988001</misses>
				<total>42</total>
				<timestamp>1345.414777</timestamp>
			</report>
			<report>
				<misses>4989001</misses>
				<total>42</total>
				<timestamp>1345.684630</timestamp>
			</report>
			<report>
				<misses>4990001</misses>
				<total>41</total>
				<timestamp>1345.954337</timestamp>
			</report>
			<report>
				<misses>4991001</misses>
				<total>42</total>
				<timestamp>1346.223980</timestamp>
			</report>
			<report>
				<misses>4992001</misses>
				<total>42</total>
				<timestamp>1346.493697</timestamp>
			</report>
			<report>
				<misses>4993001</misses>
				<total>42</total>
				<timestamp>1346.763425</timestamp>
			</report>
			<report>
				<misses>4994001</misses>
				<total>42</total>
				<timestamp>1347.033206</timestamp>
			</report>
			<report>
				<misses>4995001</misses>
				<total>42</total>
				<timestamp>1347.302873</timestamp>
			</report>
			<report>
				<misses>4996001</misses>
				<total>42</total>
				<timestamp>1347.572608</timestamp>
			</report>
			<report>
				<misses>4997001</misses>
				<total>42</total>
				<timestamp>1347.842356</timestamp>
			</report>
			<report>
				<misses>4998001</misses>
				<total>42</total>
				<timestamp>1348.112149</timestamp>
			</report>
			<report>
				<misses>4999001</misses>
				<total>42</total>
				<timestamp>1348.381793</timestamp>
			</report>
			<report>
				<misses>5000001</misses>
				<total>42</total>
				<timestamp>1348.651550</timestamp>
			</report>
			<report>
				<misses>5001001</misses>
				<total>41</total>
				<timestamp>1348.921339</timestamp>
			</report>
			<report>
				<misses>5002001</misses>
				<total>41</total>
				<timestamp>1349.191108</timestamp>
			</report>
			<report>
				<misses>5003001</misses>
				<total>42</total>
				<timestamp>1349.460730</timestamp>
			</report>
			<report>
				<misses>5004001</misses>
				<total>42</total>
				<timestamp>1349.730439</timestamp>
			</report>
			<report>
				<misses>5005001</misses>
				<total>42</total>
				<timestamp>1350.000190</timestamp>
			</report>
			<report>
				<misses>5006001</misses>
				<total>42</total>
				<timestamp>1350.269914</timestamp>
			</report>
			<report>
				<misses>5007001</misses>
				<total>42</total>
				<timestamp>1350.539624</timestamp>
			</report>
			<report>
				<misses>5008001</misses>
				<total>42</total>
				<timestamp>1350.809366</timestamp>
			</report>
			<report>
				<misses>5009001</misses>
				<total>41</total>
				<timestamp>1351.079190</timestamp>
			</report>
			<report>
				<misses>5010001</misses>
				<total>42</total>
				<timestamp>1351.348886</timestamp>
			</report>
			<report>
				<misses>5011001</misses>
				<total>42</total>
				<timestamp>1351.618567</timestamp>
			</report>
			<report>
				<misses>5012001</misses>
				<total>42</total>
				<timestamp>1351.888304</timestamp>
			</report>
			<report>
				<misses>5013001</misses>
				<total>42</total>
				<timestamp>1352.158080</timestamp>
			</report>
			<report>
				<misses>5014001</misses>
				<total>42</total>
				<timestamp>1352.427774</timestamp>
			</report>
			<report>
				<misses>5015001</misses>
				<total>42</total>
				<timestamp>1352.697478</timestamp>
			</report>
			<report>
				<misses>5016001</misses>
				<total>41</total>
				<timestamp>1352.967299</timestamp>
			</report>
			<report>
				<misses>5017001</misses>
				<total>41</total>
				<timestamp>1353.237067</timestamp>
			</report>
			<report>
				<misses>5018001</misses>
				<total>42</total>
				<timestamp>1353.506676</timestamp>
			</report>
			<report>
				<misses>5019001</misses>
				<total>42</total>
				<timestamp>1353.776411</timestamp>
			</report>
			<report>
				<misses>5020001</misses>
				<total>42</total>
				<timestamp>1354.046160</timestamp>
			</report>
			<report>
				<misses>5021001</misses>
				<total>42</total>
				<timestamp>1354.315874</timestamp>
			</report>
			<report>
				<misses>5022001</misses>
				<total>42</total>
				<timestamp>1354.585584</timestamp>
			</report>
			<report>
				<misses>5023001</misses>
				<total>42</total>
				<timestamp>1354.855319</timestamp>
			</report>
			<report>
				<misses>5024001</misses>
				<total>41</total>
				<timestamp>1355.125179</timestamp>
			</report>
			<report>
				<misses>5025001</misses>
				<total>42</total>
				<timestamp>1355.394774</timestamp>
			</report>
			<report>
				<misses>5026001</misses>
				<total>42</total>
				<timestamp>1355.664527</timestamp>
			</report>
			<report>
				<misses>5027001</misses>
				<total>42</total>
				<timestamp>1355.934271</timestamp>
			</report>
			<report>
				<misses>5028001</misses>
				<total>42</total>
				<timestamp>1356.204043</timestamp>
			</report>
			<report>
				<misses>5029001</misses>
				<total>42</total>
				<timestamp>1356.473734</timestamp>
			</report>
			<report>
				<misses>5030001</misses>
				<total>42</total>
				<timestamp>1356.743433</timestamp>
			</report>
			<report>
				<misses>5031001</misses>
				<total>41</total>
				<timestamp>1357.013274</timestamp>
			</report>
			<report>
				<misses>5032001</misses>
				<total>41</total>
				<timestamp>1357.283025</timestamp>
			</report>
			<report>
				<misses>5033001</misses>
				<total>42</total>
				<timestamp>1357.552599</timestamp>
			</report>
			<report>
				<misses>5034001</misses>
				<total>42</total>
				<timestamp>1357.822351</timestamp>
			</report>
			<report>
				<misses>5035001</misses>
				<total>42</total>
				<timestamp>1358.092128</timestamp>
			</report>
			<report>
				<misses>5036001</misses>
				<total>42</total>
				<timestamp>1358.361803</timestamp>
			</report>
			<report>
				<misses>5037001</misses>
				<total>42</total>
				<timestamp>1358.631540</timestamp>
			</report>
			<report>
				<misses>5038001</misses>
				<total>42</total>
				<timestamp>1358.901254</timestamp>
			</report>
			<report>
				<misses>5039001</misses>
				<total>42</total>
				<timestamp>1359.171032</timestamp>
			</report>
			<report>
				<misses>5040001</misses>
				<total>42</total>
				<timestamp>1359.440742</timestamp>
			</report>
			<report>
				<misses>5041001</misses>
				<total>43</total>
				<timestamp>1359.710451</timestamp>
			</report>
			<report>
				<misses>5042001</misses>
				<total>43</total>
				<timestamp>1359.980255</timestamp>
			</report>
			<report>
				<misses>5043001</misses>
				<total>42</total>
				<timestamp>1360.250014</timestamp>
			</report>
			<report>
				<misses>5044001</misses>
				<total>43</total>
				<timestamp>1360.519662</timestamp>
			</report>
			<report>
				<misses>5045001</misses>
				<total>43</total>
				<timestamp>1360.789372</timestamp>
			</report>
			<report>
				<misses>5046001</misses>
				<total>43</total>
				<timestamp>1361.059099</timestamp>
			</report>
			<report>
				<misses>5047001</misses>
				<total>43</total>
				<timestamp>1361.328840</timestamp>
			</report>
			<report>
				<misses>5048001</misses>
				<total>43</total>
				<timestamp>1361.598550</timestamp>
			</report>
			<report>
				<misses>5049001</misses>
				<total>43</total>
				<timestamp>1361.868296</timestamp>
			</report>
			<report>
				<misses>5050001</misses>
				<total>43</total>
				<timestamp>1362.138155</timestamp>
			</report>
			<report>
				<misses>5051001</misses>
				<total>43</total>
				<timestamp>1362.407773</timestamp>
			</report>
			<report>
				<misses>5052001</misses>
				<total>43</total>
				<timestamp>1362.677499</timestamp>
			</report>
			<report>
				<misses>5053001</misses>
				<total>43</total>
				<timestamp>1362.947221</timestamp>
			</report>
			<report>
				<misses>5054001</misses>
				<total>43</total>
				<timestamp>1363.216988</timestamp>
			</report>
			<report>
				<misses>5055001</misses>
				<total>43</total>
				<timestamp>1363.486716</timestamp>
			</report>
			<report>
				<misses>5056001</misses>
				<total>43</total>
				<timestamp>1363.756415</timestamp>
			</report>
			<report>
				<misses>5057001</misses>
				<total>42</total>
				<timestamp>1364.026244</timestamp>
			</report>
			<report>
				<misses>5058001</misses>
				<total>42</total>
				<timestamp>1364.295977</timestamp>
			</report>
			<report>
				<misses>5059001</misses>
				<total>43</total>
				<timestamp>1364.565658</timestamp>
			</report>
			<report>
				<misses>5060001</misses>
				<total>43</total>
				<timestamp>1364.835355</timestamp>
			</report>
			<report>
				<misses>5061001</misses>
				<total>43</total>
				<timestamp>1365.105098</timestamp>
			</report>
			<report>
				<misses>5062001</misses>
				<total>43</total>
				<timestamp>1365.374794</timestamp>
			</report>
			<report>
				<misses>5063001</misses>
				<total>43</total>
				<timestamp>1365.644537</timestamp>
			</report>
			<report>
				<misses>5064001</misses>
				<total>43</total>
				<timestamp>1365.914237</timestamp>
			</report>
			<report>
				<misses>5065001</misses>
				<total>42</total>
				<timestamp>1366.184111</timestamp>
			</report>
			<report>
				<misses>5066001</misses>
				<total>43</total>
				<timestamp>1366.453710</timestamp>
			</report>
			<report>
				<misses>5067001</misses>
				<total>43</total>
				<timestamp>1366.723437</timestamp>
			</report>
			<report>
				<misses>5068001</misses>
				<total>43</total>
				<timestamp>1366.993194</timestamp>
			</report>
			<report>
				<misses>5069001</misses>
				<total>43</total>
				<timestamp>1367.262962</timestamp>
			</report>
			<report>
				<misses>5070001</misses>
				<total>43</total>
				<timestamp>1367.532631</timestamp>
			</report>
			<report>
				<misses>5071001</misses>
				<total>43</total>
				<timestamp>1367.802407</timestamp>
			</report>
			<report>
				<misses>5072001</misses>
				<total>42</total>
				<timestamp>1368.072209</timestamp>
			</report>
			<report>
				<misses>5073001</misses>
				<total>43</total>
				<timestamp>1368.341818</timestamp>
			</report>
			<report>
				<misses>5074001</misses>
				<total>43</total>
				<timestamp>1368.611571</timestamp>
			</report>
			<report>
				<misses>5075001</misses>
				<total>43</total>
				<timestamp>1368.881282</timestamp>
			</report>
			<report>
				<misses>5076001</misses>
				<total>43</total>
				<timestamp>1369.151078</timestamp>
			</report>
			<report>
				<misses>5077001</misses>
				<total>43</total>
				<timestamp>1369.420752</timestamp>
			</report>
			<report>
				<misses>5078001</misses>
				<total>43</total>
				<timestamp>1369.690489</timestamp>
			</report>
			<report>
				<misses>5079001</misses>
				<total>43</total>
				<timestamp>1369.960199</timestamp>
			</report>
			<report>
				<misses>5080001</misses>
				<total>43</total>
				<timestamp>1370.229949</timestamp>
			</report>
			<report>
				<misses>5081001</misses>
				<total>43</total>
				<timestamp>1370.499667</timestamp>
			</report>
			<report>
				<misses>5082001</misses>
				<total>43</total>
				<timestamp>1370.769388</timestamp>
			</report>
			<report>
				<misses>5083001</misses>
				<total>43</total>
				<timestamp>1371.039109</timestamp>
			</report>
			<report>
				<misses>5084001</misses>
				<total>42</total>
				<timestamp>1371.308947</timestamp>
			</report>
			<report>
				<misses>5085001</misses>
				<total>43</total>
				<timestamp>1371.578582</timestamp>
			</report>
			<report>
				<misses>5086001</misses>
				<total>43</total>
				<timestamp>1371.848335</timestamp>
			</report>
			<report>
				<misses>5087001</misses>
				<total>43</total>
				<timestamp>1372.118059</timestamp>
			</report>
			<report>
				<misses>5088001</misses>
				<total>43</total>
				<timestamp>1372.387767</timestamp>
			</report>
			<report>
				<misses>5089001</misses>
				<total>43</total>
				<timestamp>1372.657521</timestamp>
			</report>
			<report>
				<misses>5090001</misses>
				<total>43</total>
				<timestamp>1372.927218</timestamp>
			</report>
			<report>
				<misses>5091001</misses>
				<total>43</total>
				<timestamp>1373.196971</timestamp>
			</report>
			<report>
				<misses>5092001</misses>
				<total>43</total>
				<timestamp>1373.466740</timestamp>
			</report>
			<report>
				<misses>5093001</misses>
				<total>43</total>
				<timestamp>1373.736421</timestamp>
			</report>
			<report>
				<misses>5094001</misses>
				<total>43</total>
				<timestamp>1374.006161</timestamp>
			</report>
			<report>
				<misses>5095001</misses>
				<total>45</total>
				<timestamp>1374.275887</timestamp>
			</report>
			<report>
				<misses>5096001</misses>
				<total>45</total>
				<timestamp>1374.545612</timestamp>
			</report>
			<report>
				<misses>5097001</misses>
				<total>45</total>
				<timestamp>1374.815360</timestamp>
			</report>
			<report>
				<misses>5098001</misses>
				<total>45</total>
				<timestamp>1375.085056</timestamp>
			</report>
			<report>
				<misses>5099001</misses>
				<total>45</total>
				<timestamp>1375.354803</timestamp>
			</report>
			<report>
				<misses>5100001</misses>
				<total>45</total>
				<timestamp>1375.624529</timestamp>
			</report>
			<report>
				<misses>5101001</misses>
				<total>45</total>
				<timestamp>1375.894257</timestamp>
			</report>
			<report>
				<misses>5102001</misses>
				<total>45</total>
				<timestamp>1376.164061</timestamp>
			</report>
			<report>
				<misses>5103001</misses>
				<total>45</total>
				<timestamp>1376.433702</timestamp>
			</report>
			<report>
				<misses>5104001</misses>
				<total>45</total>
				<timestamp>1376.703511</timestamp>
			</report>
			<report>
				<misses>5105001</misses>
				<total>45</total>
				<timestamp>1376.973181</timestamp>
			</report>
			<report>
				<misses>5106001</misses>
				<total>44</total>
				<timestamp>1377.243025</timestamp>
			</report>
			<report>
				<misses>5107001</misses>
				<total>45</total>
				<timestamp>1377.512661</timestamp>
			</report>
			<report>
				<misses>5108001</misses>
				<total>45</total>
				<timestamp>1377.782399</timestamp>
			</report>
			<report>
				<misses>5109001</misses>
				<total>45</total>
				<timestamp>1378.052104</timestamp>
			</report>
			<report>
				<misses>5110001</misses>
				<total>44</total>
				<timestamp>1378.321920</timestamp>
			</report>
			<report>
				<misses>5111001</misses>
				<total>45</total>
				<timestamp>1378.591571</timestamp>
			</report>
			<report>
				<misses>5112001</misses>
				<total>45</total>
				<timestamp>1378.861290</timestamp>
			</report>
			<report>
				<misses>5113001</misses>
				<total>44</total>
				<timestamp>1379.131121</timestamp>
			</report>
			<report>
				<misses>5114001</misses>
				<total>44</total>
				<timestamp>1379.400901</timestamp>
			</report>
			<report>
				<misses>5115001</misses>
				<total>45</total>
				<timestamp>1379.670476</timestamp>
			</report>
			<report>
				<misses>5116001</misses>
				<total>45</total>
				<timestamp>1379.940206</timestamp>
			</report>
			<report>
				<misses>5117001</misses>
				<total>44</total>
				<timestamp>1380.210013</timestamp>
			</report>
			<report>
				<misses>5118001</misses>
				<total>45</total>
				<timestamp>1380.479656</timestamp>
			</report>
			<report>
				<misses>5119001</misses>
				<total>45</total>
				<timestamp>1380.749402</timestamp>
			</report>
			<report>
				<misses>5120001</misses>
				<total>45</total>
				<timestamp>1381.019117</timestamp>
			</report>
			<report>
				<misses>5121001</misses>
				<total>45</total>
				<timestamp>1381.288958</timestamp>
			</report>
			<report>
				<misses>5122001</misses>
				<total>45</total>
				<timestamp>1381.558592</timestamp>
			</report>
			<report>
				<misses>5123001</misses>
				<total>45</total>
				<timestamp>1381.828314</timestamp>
			</report>
			<report>
				<misses>5124001</misses>
				<total>45</total>
				<timestamp>1382.098078</timestamp>
			</report>
			<report>
				<misses>5125001</misses>
				<total>45</total>
				<timestamp>1382.367854</timestamp>
			</report>
			<report>
				<misses>5126001</misses>
				<total>45</total>
				<timestamp>1382.637536</timestamp>
			</report>
			<report>
				<misses>5127001</misses>
				<total>45</total>
				<timestamp>1382.907232</timestamp>
			</report>
			<report>
				<misses>5128001</misses>
				<total>45</total>
				<timestamp>1383.176990</timestamp>
			</report>
			<report>
				<misses>5129001</misses>
				<total>45</total>
				<timestamp>1383.446710</timestamp>
			</report>
			<report>
				<misses>5130001</misses>
				<total>45</total>
				<timestamp>1383.716418</timestamp>
			</report>
			<report>
				<misses>5131001</misses>
				<total>45</total>
				<timestamp>1383.986202</timestamp>
			</report>
			<report>
				<misses>5132001</misses>
				<total>44</total>
				<timestamp>1384.255987</timestamp>
			</report>
			<report>
				<misses>5133001</misses>
				<total>45</total>
				<timestamp>1384.525648</timestamp>
			</report>
			<report>
				<misses>5134001</misses>
				<total>45</total>
				<timestamp>1384.795349</timestamp>
			</report>
			<report>
				<misses>5135001</misses>
				<total>45</total>
				<timestamp>1385.065095</timestamp>
			</report>
			<report>
				<misses>5136001</misses>
				<total>45</total>
				<timestamp>1385.334808</timestamp>
			</report>
			<report>
				<misses>5137001</misses>
				<total>45</total>
				<timestamp>1385.604543</timestamp>
			</report>
			<report>
				<misses>5138001</misses>
				<total>45</total>
				<timestamp>1385.874260</timestamp>
			</report>
			<report>
				<misses>5139001</misses>
				<total>45</total>
				<timestamp>1386.144067</timestamp>
			</report>
			<report>
				<misses>5140001</misses>
				<total>44</total>
				<timestamp>1386.413870</timestamp>
			</report>
			<report>
				<misses>5141001</misses>
				<total>45</total>
				<timestamp>1386.683490</timestamp>
			</report>
			<report>
				<misses>5142001</misses>
				<total>45</total>
				<timestamp>1386.953175</timestamp>
			</report>
			<report>
				<misses>5143001</misses>
				<total>45</total>
				<timestamp>1387.222952</timestamp>
			</report>
			<report>
				<misses>5144001</misses>
				<total>45</total>
				<timestamp>1387.492628</timestamp>
			</report>
			<report>
				<misses>5145001</misses>
				<total>45</total>
				<timestamp>1387.762356</timestamp>
			</report>
			<report>
				<misses>5146001</misses>
				<total>45</total>
				<timestamp>1388.032107</timestamp>
			</report>
			<report>
				<misses>5147001</misses>
				<total>45</total>
				<timestamp>1388.301865</timestamp>
			</report>
			<report>
				<misses>5148001</misses>
				<total>44</total>
				<timestamp>1388.571709</timestamp>
			</report>
			<report>
				<misses>5149001</misses>
				<total>45</total>
				<timestamp>1388.841319</timestamp>
			</report>
			<report>
				<misses>5150001</misses>
				<total>45</total>
				<timestamp>1389.111041</timestamp>
			</report>
			<report>
				<misses>5151001</misses>
				<total>45</total>
				<timestamp>1389.380842</timestamp>
			</report>
			<report>
				<misses>5152001</misses>
				<total>45</total>
				<timestamp>1389.650516</timestamp>
			</report>
			<report>
				<misses>5153001</misses>
				<total>45</total>
				<timestamp>1389.920223</timestamp>
			</report>
			<report>
				<misses>5154001</misses>
				<total>44</total>
				<timestamp>1390.190052</timestamp>
			</report>
			<report>
				<misses>5155001</misses>
				<total>45</total>
				<timestamp>1390.459706</timestamp>
			</report>
			<report>
				<misses>5156001</misses>
				<total>45</total>
				<timestamp>1390.729433</timestamp>
			</report>
			<report>
				<misses>5157001</misses>
				<total>45</total>
				<timestamp>1390.999140</timestamp>
			</report>
			<report>
				<misses>5158001</misses>
				<total>45</total>
				<timestamp>1391.268943</timestamp>
			</report>
			<report>
				<misses>5159001</misses>
				<total>45</total>
				<timestamp>1391.538599</timestamp>
			</report>
			<report>
				<misses>5160001</misses>
				<total>45</total>
				<timestamp>1391.808360</timestamp>
			</report>
			<report>
				<misses>5161001</misses>
				<total>45</total>
				<timestamp>1392.078079</timestamp>
			</report>
			<report>
				<misses>5162001</misses>
				<total>45</total>
				<timestamp>1392.347818</timestamp>
			</report>
			<report>
				<misses>5163001</misses>
				<total>45</total>
				<timestamp>1392.617572</timestamp>
			</report>
			<report>
				<misses>5164001</misses>
				<total>45</total>
				<timestamp>1392.887247</timestamp>
			</report>
			<report>
				<misses>5165001</misses>
				<total>45</total>
				<timestamp>1393.156997</timestamp>
			</report>
			<report>
				<misses>5166001</misses>
				<total>45</total>
				<timestamp>1393.426726</timestamp>
			</report>
			<report>
				<misses>5167001</misses>
				<total>45</total>
				<timestamp>1393.696430</timestamp>
			</report>
			<report>
				<misses>5168001</misses>
				<total>45</total>
				<timestamp>1393.966182</timestamp>
			</report>
			<report>
				<misses>5169001</misses>
				<total>45</total>
				<timestamp>1394.235926</timestamp>
			</report>
			<report>
				<misses>5170001</misses>
				<total>45</total>
				<timestamp>1394.505609</timestamp>
			</report>
			<report>
				<misses>5171001</misses>
				<total>45</total>
				<timestamp>1394.775371</timestamp>
			</report>
			<report>
				<misses>5172001</misses>
				<total>45</total>
				<timestamp>1395.045083</timestamp>
			</report>
			<report>
				<misses>5173001</misses>
				<total>45</total>
				<timestamp>1395.314808</timestamp>
			</report>
			<report>
				<misses>5174001</misses>
				<total>45</total>
				<timestamp>1395.584542</timestamp>
			</report>
			<report>
				<misses>5175001</misses>
				<total>45</total>
				<timestamp>1395.854299</timestamp>
			</report>
			<report>
				<misses>5176001</misses>
				<total>45</total>
				<timestamp>1396.124006</timestamp>
			</report>
			<report>
				<misses>5177001</misses>
				<total>45</total>
				<timestamp>1396.393735</timestamp>
			</report>
			<report>
				<misses>5178001</misses>
				<total>45</total>
				<timestamp>1396.663482</timestamp>
			</report>
			<report>
				<misses>5179001</misses>
				<total>45</total>
				<timestamp>1396.933203</timestamp>
			</report>
			<report>
				<misses>5180001</misses>
				<total>45</total>
				<timestamp>1397.203008</timestamp>
			</report>
			<report>
				<misses>5181001</misses>
				<total>45</total>
				<timestamp>1397.472709</timestamp>
			</report>
			<report>
				<misses>5182001</misses>
				<total>45</total>
				<timestamp>1397.742373</timestamp>
			</report>
			<report>
				<misses>5183001</misses>
				<total>45</total>
				<timestamp>1398.012176</timestamp>
			</report>
			<report>
				<misses>5184001</misses>
				<total>45</total>
				<timestamp>1398.281856</timestamp>
			</report>
			<report>
				<misses>5185001</misses>
				<total>45</total>
				<timestamp>1398.551593</timestamp>
			</report>
			<report>
				<misses>5186001</misses>
				<total>45</total>
				<timestamp>1398.821299</timestamp>
			</report>
			<report>
				<misses>5187001</misses>
				<total>45</total>
				<timestamp>1399.091052</timestamp>
			</report>
			<report>
				<misses>5188001</misses>
				<total>45</total>
				<timestamp>1399.360771</timestamp>
			</report>
			<report>
				<misses>5189001</misses>
				<total>45</total>
				<timestamp>1399.630500</timestamp>
			</report>
			<report>
				<misses>5190001</misses>
				<total>45</total>
				<timestamp>1399.900245</timestamp>
			</report>
			<report>
				<misses>5191001</misses>
				<total>45</total>
				<timestamp>1400.169989</timestamp>
			</report>
			<report>
				<misses>5192001</misses>
				<total>45</total>
				<timestamp>1400.439759</timestamp>
			</report>
			<report>
				<misses>5193001</misses>
				<total>45</total>
				<timestamp>1400.709433</timestamp>
			</report>
			<report>
				<misses>5194001</misses>
				<total>45</total>
				<timestamp>1400.979154</timestamp>
			</report>
			<report>
				<misses>5195001</misses>
				<total>45</total>
				<timestamp>1401.249010</timestamp>
			</report>
			<report>
				<misses>5196001</misses>
				<total>44</total>
				<timestamp>1401.518765</timestamp>
			</report>
			<report>
				<misses>5197001</misses>
				<total>45</total>
				<timestamp>1401.788341</timestamp>
			</report>
			<report>
				<misses>5198001</misses>
				<total>45</total>
				<timestamp>1402.058075</timestamp>
			</report>
			<report>
				<misses>5199001</misses>
				<total>45</total>
				<timestamp>1402.327931</timestamp>
			</report>
			<report>
				<misses>5200001</misses>
				<total>45</total>
				<timestamp>1402.597529</timestamp>
			</report>
			<report>
				<misses>5201001</misses>
				<total>45</total>
				<timestamp>1402.867262</timestamp>
			</report>
			<report>
				<misses>5202001</misses>
				<total>45</total>
				<timestamp>1403.136991</timestamp>
			</report>
			<report>
				<misses>5203001</misses>
				<total>45</total>
				<timestamp>1403.406844</timestamp>
			</report>
			<report>
				<misses>5204001</misses>
				<total>45</total>
				<timestamp>1403.676472</timestamp>
			</report>
			<report>
				<misses>5205001</misses>
				<total>45</total>
				<timestamp>1403.946210</timestamp>
			</report>
			<report>
				<misses>5206001</misses>
				<total>45</total>
				<timestamp>1404.215900</timestamp>
			</report>
			<report>
				<misses>5207001</misses>
				<total>44</total>
				<timestamp>1404.485768</timestamp>
			</report>
			<report>
				<misses>5208001</misses>
				<total>45</total>
				<timestamp>1404.755372</timestamp>
			</report>
			<report>
				<misses>5209001</misses>
				<total>45</total>
				<timestamp>1405.025080</timestamp>
			</report>
			<report>
				<misses>5210001</misses>
				<total>45</total>
				<timestamp>1405.294894</timestamp>
			</report>
			<report>
				<misses>5211001</misses>
				<total>45</total>
				<timestamp>1405.564564</timestamp>
			</report>
			<report>
				<misses>5212001</misses>
				<total>45</total>
				<timestamp>1405.834317</timestamp>
			</report>
			<report>
				<misses>5213001</misses>
				<total>45</total>
				<timestamp>1406.104015</timestamp>
			</report>
			<report>
				<misses>5214001</misses>
				<total>44</total>
				<timestamp>1406.373854</timestamp>
			</report>
			<report>
				<misses>5215001</misses>
				<total>45</total>
				<timestamp>1406.643491</timestamp>
			</report>
			<report>
				<misses>5216001</misses>
				<total>45</total>
				<timestamp>1406.913208</timestamp>
			</report>
			<report>
				<misses>5217001</misses>
				<total>45</total>
				<timestamp>1407.182928</timestamp>
			</report>
			<report>
				<misses>5218001</misses>
				<total>45</total>
				<timestamp>1407.452736</timestamp>
			</report>
			<report>
				<misses>5219001</misses>
				<total>45</total>
				<timestamp>1407.722427</timestamp>
			</report>
			<report>
				<misses>5220001</misses>
				<total>45</total>
				<timestamp>1407.992156</timestamp>
			</report>
			<report>
				<misses>5221001</misses>
				<total>44</total>
				<timestamp>1408.261952</timestamp>
			</report>
			<report>
				<misses>5222001</misses>
				<total>44</total>
				<timestamp>1408.531742</timestamp>
			</report>
			<report>
				<misses>5223001</misses>
				<total>45</total>
				<timestamp>1408.801345</timestamp>
			</report>
			<report>
				<misses>5224001</misses>
				<total>45</total>
				<timestamp>1409.071054</timestamp>
			</report>
			<report>
				<misses>5225001</misses>
				<total>45</total>
				<timestamp>1409.340814</timestamp>
			</report>
			<report>
				<misses>5226001</misses>
				<total>45</total>
				<timestamp>1409.610521</timestamp>
			</report>
			<report>
				<misses>5227001</misses>
				<total>45</total>
				<timestamp>1409.880236</timestamp>
			</report>
			<report>
				<misses>5228001</misses>
				<total>45</total>
				<timestamp>1410.149954</timestamp>
			</report>
			<report>
				<misses>5229001</misses>
				<total>45</total>
				<timestamp>1410.419741</timestamp>
			</report>
			<report>
				<misses>5230001</misses>
				<total>45</total>
				<timestamp>1410.689465</timestamp>
			</report>
			<report>
				<misses>5231001</misses>
				<total>45</total>
				<timestamp>1410.959161</timestamp>
			</report>
			<report>
				<misses>5232001</misses>
				<total>45</total>
				<timestamp>1411.228895</timestamp>
			</report>
			<report>
				<misses>5233001</misses>
				<total>45</total>
				<timestamp>1411.498726</timestamp>
			</report>
			<report>
				<misses>5234001</misses>
				<total>45</total>
				<timestamp>1411.768361</timestamp>
			</report>
			<report>
				<misses>5235001</misses>
				<total>45</total>
				<timestamp>1412.038063</timestamp>
			</report>
			<report>
				<misses>5236001</misses>
				<total>44</total>
				<timestamp>1412.307921</timestamp>
			</report>
			<report>
				<misses>5237001</misses>
				<total>45</total>
				<timestamp>1412.577584</timestamp>
			</report>
			<report>
				<misses>5238001</misses>
				<total>45</total>
				<timestamp>1412.847305</timestamp>
			</report>
			<report>
				<misses>5239001</misses>
				<total>45</total>
				<timestamp>1413.117033</timestamp>
			</report>
			<report>
				<misses>5240001</misses>
				<total>45</total>
				<timestamp>1413.386776</timestamp>
			</report>
			<report>
				<misses>5241001</misses>
				<total>45</total>
				<timestamp>1413.656443</timestamp>
			</report>
			<report>
				<misses>5242001</misses>
				<total>45</total>
				<timestamp>1413.926176</timestamp>
			</report>
			<report>
				<misses>5243001</misses>
				<total>45</total>
				<timestamp>1414.195911</timestamp>
			</report>
			<report>
				<misses>5244001</misses>
				<total>44</total>
				<timestamp>1414.465793</timestamp>
			</report>
			<report>
				<misses>5245001</misses>
				<total>45</total>
				<timestamp>1414.735403</timestamp>
			</report>
			<report>
				<misses>5246001</misses>
				<total>45</total>
				<timestamp>1415.005114</timestamp>
			</report>
			<report>
				<misses>5247001</misses>
				<total>45</total>
				<timestamp>1415.274902</timestamp>
			</report>
			<report>
				<misses>5248001</misses>
				<total>44</total>
				<timestamp>1415.544670</timestamp>
			</report>
			<report>
				<misses>5249001</misses>
				<total>45</total>
				<timestamp>1415.814383</timestamp>
			</report>
			<report>
				<misses>5250001</misses>
				<total>45</total>
				<timestamp>1416.084022</timestamp>
			</report>
			<report>
				<misses>5251001</misses>
				<total>45</total>
				<timestamp>1416.353773</timestamp>
			</report>
			<report>
				<misses>5252001</misses>
				<total>45</total>
				<timestamp>1416.623482</timestamp>
			</report>
			<report>
				<misses>5253001</misses>
				<total>45</total>
				<timestamp>1416.893218</timestamp>
			</report>
			<report>
				<misses>5254001</misses>
				<total>45</total>
				<timestamp>1417.162948</timestamp>
			</report>
			<report>
				<misses>5255001</misses>
				<total>44</total>
				<timestamp>1417.432770</timestamp>
			</report>
			<report>
				<misses>5256001</misses>
				<total>45</total>
				<timestamp>1417.702420</timestamp>
			</report>
			<report>
				<misses>5257001</misses>
				<total>45</total>
				<timestamp>1417.972140</timestamp>
			</report>
			<report>
				<misses>5258001</misses>
				<total>45</total>
				<timestamp>1418.241901</timestamp>
			</report>
			<report>
				<misses>5259001</misses>
				<total>45</total>
				<timestamp>1418.511645</timestamp>
			</report>
			<report>
				<misses>5260001</misses>
				<total>45</total>
				<timestamp>1418.781371</timestamp>
			</report>
			<report>
				<misses>5261001</misses>
				<total>45</total>
				<timestamp>1419.051062</timestamp>
			</report>
			<report>
				<misses>5262001</misses>
				<total>44</total>
				<timestamp>1419.320902</timestamp>
			</report>
			<report>
				<misses>5263001</misses>
				<total>44</total>
				<timestamp>1419.590626</timestamp>
			</report>
			<report>
				<misses>5264001</misses>
				<total>45</total>
				<timestamp>1419.860249</timestamp>
			</report>
			<report>
				<misses>5265001</misses>
				<total>45</total>
				<timestamp>1420.129972</timestamp>
			</report>
			<report>
				<misses>5266001</misses>
				<total>45</total>
				<timestamp>1420.399764</timestamp>
			</report>
			<report>
				<misses>5267001</misses>
				<total>45</total>
				<timestamp>1420.669440</timestamp>
			</report>
			<report>
				<misses>5268001</misses>
				<total>45</total>
				<timestamp>1420.939162</timestamp>
			</report>
			<report>
				<misses>5269001</misses>
				<total>45</total>
				<timestamp>1421.208888</timestamp>
			</report>
			<report>
				<misses>5270001</misses>
				<total>44</total>
				<timestamp>1421.478759</timestamp>
			</report>
			<report>
				<misses>5271001</misses>
				<total>45</total>
				<timestamp>1421.748381</timestamp>
			</report>
			<report>
				<misses>5272001</misses>
				<total>45</total>
				<timestamp>1422.018082</timestamp>
			</report>
			<report>
				<misses>5273001</misses>
				<total>45</total>
				<timestamp>1422.287814</timestamp>
			</report>
			<report>
				<misses>5274001</misses>
				<total>46</total>
				<timestamp>1422.557630</timestamp>
			</report>
			<report>
				<misses>5275001</misses>
				<total>46</total>
				<timestamp>1422.827320</timestamp>
			</report>
			<report>
				<misses>5276001</misses>
				<total>46</total>
				<timestamp>1423.097055</timestamp>
			</report>
			<report>
				<misses>5277001</misses>
				<total>46</total>
				<timestamp>1423.366736</timestamp>
			</report>
			<report>
				<misses>5278001</misses>
				<total>45</total>
				<timestamp>1423.636594</timestamp>
			</report>
			<report>
				<misses>5279001</misses>
				<total>46</total>
				<timestamp>1423.906236</timestamp>
			</report>
			<report>
				<misses>5280001</misses>
				<total>46</total>
				<timestamp>1424.175940</timestamp>
			</report>
			<report>
				<misses>5281001</misses>
				<total>46</total>
				<timestamp>1424.445716</timestamp>
			</report>
			<report>
				<misses>5282001</misses>
				<total>46</total>
				<timestamp>1424.715402</timestamp>
			</report>
			<report>
				<misses>5283001</misses>
				<total>46</total>
				<timestamp>1424.985150</timestamp>
			</report>
			<report>
				<misses>5284001</misses>
				<total>46</total>
				<timestamp>1425.254852</timestamp>
			</report>
			<report>
				<misses>5285001</misses>
				<total>46</total>
				<timestamp>1425.524601</timestamp>
			</report>
			<report>
				<misses>5286001</misses>
				<total>46</total>
				<timestamp>1425.794349</timestamp>
			</report>
			<report>
				<misses>5287001</misses>
				<total>46</total>
				<timestamp>1426.064049</timestamp>
			</report>
			<report>
				<misses>5288001</misses>
				<total>46</total>
				<timestamp>1426.333831</timestamp>
			</report>
			<report>
				<misses>5289001</misses>
				<total>45</total>
				<timestamp>1426.603645</timestamp>
			</report>
			<report>
				<misses>5290001</misses>
				<total>46</total>
				<timestamp>1426.873229</timestamp>
			</report>
			<report>
				<misses>5291001</misses>
				<total>46</total>
				<timestamp>1427.142958</timestamp>
			</report>
			<report>
				<misses>5292001</misses>
				<total>46</total>
				<timestamp>1427.412709</timestamp>
			</report>
			<report>
				<misses>5293001</misses>
				<total>46</total>
				<timestamp>1427.682435</timestamp>
			</report>
			<report>
				<misses>5294001</misses>
				<total>46</total>
				<timestamp>1427.952159</timestamp>
			</report>
			<report>
				<misses>5295001</misses>
				<total>46</total>
				<timestamp>1428.221882</timestamp>
			</report>
			<report>
				<misses>5296001</misses>
				<total>47</total>
				<timestamp>1428.491674</timestamp>
			</report>
			<report>
				<misses>5297001</misses>
				<total>47</total>
				<timestamp>1428.761374</timestamp>
			</report>
			<report>
				<misses>5298001</misses>
				<total>47</total>
				<timestamp>1429.031079</timestamp>
			</report>
			<report>
				<misses>5299001</misses>
				<total>47</total>
				<timestamp>1429.300826</timestamp>
			</report>
			<report>
				<misses>5300001</misses>
				<total>47</total>
				<timestamp>1429.570645</timestamp>
			</report>
			<report>
				<misses>5301001</misses>
				<total>47</total>
				<timestamp>1429.840270</timestamp>
			</report>
			<report>
				<misses>5302001</misses>
				<total>47</total>
				<timestamp>1430.109986</timestamp>
			</report>
			<report>
				<misses>5303001</misses>
				<total>47</total>
				<timestamp>1430.379729</timestamp>
			</report>
			<report>
				<misses>5304001</misses>
				<total>47</total>
				<timestamp>1430.649530</timestamp>
			</report>
			<report>
				<misses>5305001</misses>
				<total>47</total>
				<timestamp>1430.919248</timestamp>
			</report>
			<report>
				<misses>5306001</misses>
				<total>47</total>
				<timestamp>1431.188903</timestamp>
			</report>
			<report>
				<misses>5307001</misses>
				<total>48</total>
				<timestamp>1431.458644</timestamp>
			</report>
			<report>
				<misses>5308001</misses>
				<total>48</total>
				<timestamp>1431.728382</timestamp>
			</report>
			<report>
				<misses>5309001</misses>
				<total>48</total>
				<timestamp>1431.998107</timestamp>
			</report>
			<report>
				<misses>5310001</misses>
				<total>48</total>
				<timestamp>1432.267840</timestamp>
			</report>
			<report>
				<misses>5311001</misses>
				<total>48</total>
				<timestamp>1432.537618</timestamp>
			</report>
			<report>
				<misses>5312001</misses>
				<total>48</total>
				<timestamp>1432.807292</timestamp>
			</report>
			<report>
				<misses>5313001</misses>
				<total>48</total>
				<timestamp>1433.077048</timestamp>
			</report>
			<report>
				<misses>5314001</misses>
				<total>48</total>
				<timestamp>1433.346755</timestamp>
			</report>
			<report>
				<misses>5315001</misses>
				<total>48</total>
				<timestamp>1433.616557</timestamp>
			</report>
			<report>
				<misses>5316001</misses>
				<total>48</total>
				<timestamp>1433.886239</timestamp>
			</report>
			<report>
				<misses>5317001</misses>
				<total>48</total>
				<timestamp>1434.155945</timestamp>
			</report>
			<report>
				<misses>5318001</misses>
				<total>47</total>
				<timestamp>1434.425788</timestamp>
			</report>
			<report>
				<misses>5319001</misses>
				<total>48</total>
				<timestamp>1434.695401</timestamp>
			</report>
			<report>
				<misses>5320001</misses>
				<total>48</total>
				<timestamp>1434.965159</timestamp>
			</report>
			<report>
				<misses>5321001</misses>
				<total>48</total>
				<timestamp>1435.234865</timestamp>
			</report>
			<report>
				<misses>5322001</misses>
				<total>47</total>
				<timestamp>1435.504682</timestamp>
			</report>
			<report>
				<misses>5323001</misses>
				<total>48</total>
				<timestamp>1435.774324</timestamp>
			</report>
			<report>
				<misses>5324001</misses>
				<total>48</total>
				<timestamp>1436.044059</timestamp>
			</report>
			<report>
				<misses>5325001</misses>
				<total>48</total>
				<timestamp>1436.313784</timestamp>
			</report>
			<report>
				<misses>5326001</misses>
				<total>48</total>
				<timestamp>1436.583634</timestamp>
			</report>
			<report>
				<misses>5327001</misses>
				<total>48</total>
				<timestamp>1436.853366</timestamp>
			</report>
			<report>
				<misses>5328001</misses>
				<total>48</total>
				<timestamp>1437.122973</timestamp>
			</report>
			<report>
				<misses>5329001</misses>
				<total>48</total>
				<timestamp>1437.392825</timestamp>
			</report>
			<report>
				<misses>5330001</misses>
				<total>47</total>
				<timestamp>1437.662557</timestamp>
			</report>
			<report>
				<misses>5331001</misses>
				<total>48</total>
				<timestamp>1437.932284</timestamp>
			</report>
			<report>
				<misses>5332001</misses>
				<total>48</total>
				<timestamp>1438.202018</timestamp>
			</report>
			<report>
				<misses>5333001</misses>
				<total>48</total>
				<timestamp>1438.471745</timestamp>
			</report>
			<report>
				<misses>5334001</misses>
				<total>48</total>
				<timestamp>1438.741480</timestamp>
			</report>
			<report>
				<misses>5335001</misses>
				<total>48</total>
				<timestamp>1439.011088</timestamp>
			</report>
			<report>
				<misses>5336001</misses>
				<total>48</total>
				<timestamp>1439.280947</timestamp>
			</report>
			<report>
				<misses>5337001</misses>
				<total>48</total>
				<timestamp>1439.550668</timestamp>
			</report>
			<report>
				<misses>5338001</misses>
				<total>48</total>
				<timestamp>1439.820265</timestamp>
			</report>
			<report>
				<misses>5339001</misses>
				<total>48</total>
				<timestamp>1440.090032</timestamp>
			</report>
			<report>
				<misses>5340001</misses>
				<total>48</total>
				<timestamp>1440.359771</timestamp>
			</report>
			<report>
				<misses>5341001</misses>
				<total>48</total>
				<timestamp>1440.629541</timestamp>
			</report>
			<report>
				<misses>5342001</misses>
				<total>48</total>
				<timestamp>1440.899199</timestamp>
			</report>
			<report>
				<misses>5343001</misses>
				<total>48</total>
				<timestamp>1441.168944</timestamp>
			</report>
			<report>
				<misses>5344001</misses>
				<total>48</total>
				<timestamp>1441.438687</timestamp>
			</report>
			<report>
				<misses>5345001</misses>
				<total>47</total>
				<timestamp>1441.708555</timestamp>
			</report>
			<report>
				<misses>5346001</misses>
				<total>48</total>
				<timestamp>1441.978122</timestamp>
			</report>
			<report>
				<misses>5347001</misses>
				<total>48</total>
				<timestamp>1442.247846</timestamp>
			</report>
			<report>
				<misses>5348001</misses>
				<total>48</total>
				<timestamp>1442.517606</timestamp>
			</report>
			<report>
				<misses>5349001</misses>
				<total>48</total>
				<timestamp>1442.787344</timestamp>
			</report>
			<report>
				<misses>5350001</misses>
				<total>48</total>
				<timestamp>1443.057032</timestamp>
			</report>
			<report>
				<misses>5351001</misses>
				<total>48</total>
				<timestamp>1443.326756</timestamp>
			</report>
			<report>
				<misses>5352001</misses>
				<total>47</total>
				<timestamp>1443.596628</timestamp>
			</report>
			<report>
				<misses>5353001</misses>
				<total>48</total>
				<timestamp>1443.866203</timestamp>
			</report>
			<report>
				<misses>5354001</misses>
				<total>48</total>
				<timestamp>1444.135950</timestamp>
			</report>
			<report>
				<misses>5355001</misses>
				<total>48</total>
				<timestamp>1444.405720</timestamp>
			</report>
			<report>
				<misses>5356001</misses>
				<total>48</total>
				<timestamp>1444.675488</timestamp>
			</report>
			<report>
				<misses>5357001</misses>
				<total>48</total>
				<timestamp>1444.945163</timestamp>
			</report>
			<report>
				<misses>5358001</misses>
				<total>48</total>
				<timestamp>1445.214849</timestamp>
			</report>
			<report>
				<misses>5359001</misses>
				<total>47</total>
				<timestamp>1445.484695</timestamp>
			</report>
			<report>
				<misses>5360001</misses>
				<total>47</total>
				<timestamp>1445.754451</timestamp>
			</report>
			<report>
				<misses>5361001</misses>
				<total>48</total>
				<timestamp>1446.024037</timestamp>
			</report>
			<report>
				<misses>5362001</misses>
				<total>48</total>
				<timestamp>1446.293779</timestamp>
			</report>
			<report>
				<misses>5363001</misses>
				<total>47</total>
				<timestamp>1446.563612</timestamp>
			</report>
			<report>
				<misses>5364001</misses>
				<total>48</total>
				<timestamp>1446.833256</timestamp>
			</report>
			<report>
				<misses>5365001</misses>
				<total>48</total>
				<timestamp>1447.102964</timestamp>
			</report>
			<report>
				<misses>5366001</misses>
				<total>48</total>
				<timestamp>1447.372698</timestamp>
			</report>
			<report>
				<misses>5367001</misses>
				<total>48</total>
				<timestamp>1447.642481</timestamp>
			</report>
			<report>
				<misses>5368001</misses>
				<total>48</total>
				<timestamp>1447.912163</timestamp>
			</report>
			<report>
				<misses>5369001</misses>
				<total>48</total>
				<timestamp>1448.181898</timestamp>
			</report>
			<report>
				<misses>5370001</misses>
				<total>47</total>
				<timestamp>1448.451708</timestamp>
			</report>
			<report>
				<misses>5371001</misses>
				<total>47</total>
				<timestamp>1448.721476</timestamp>
			</report>
			<report>
				<misses>5372001</misses>
				<total>48</total>
				<timestamp>1448.991090</timestamp>
			</report>
			<report>
				<misses>5373001</misses>
				<total>48</total>
				<timestamp>1449.260829</timestamp>
			</report>
			<report>
				<misses>5374001</misses>
				<total>48</total>
				<timestamp>1449.530565</timestamp>
			</report>
			<report>
				<misses>5375001</misses>
				<total>48</total>
				<timestamp>1449.800271</timestamp>
			</report>
			<report>
				<misses>5376001</misses>
				<total>48</total>
				<timestamp>1450.069999</timestamp>
			</report>
			<report>
				<misses>5377001</misses>
				<total>48</total>
				<timestamp>1450.339748</timestamp>
			</report>
			<report>
				<misses>5378001</misses>
				<total>47</total>
				<timestamp>1450.609571</timestamp>
			</report>
			<report>
				<misses>5379001</misses>
				<total>48</total>
				<timestamp>1450.879196</timestamp>
			</report>
			<report>
				<misses>5380001</misses>
				<total>48</total>
				<timestamp>1451.148924</timestamp>
			</report>
			<report>
				<misses>5381001</misses>
				<total>47</total>
				<timestamp>1451.418795</timestamp>
			</report>
			<report>
				<misses>5382001</misses>
				<total>48</total>
				<timestamp>1451.688447</timestamp>
			</report>
			<report>
				<misses>5383001</misses>
				<total>48</total>
				<timestamp>1451.958137</timestamp>
			</report>
			<report>
				<misses>5384001</misses>
				<total>48</total>
				<timestamp>1452.227854</timestamp>
			</report>
			<report>
				<misses>5385001</misses>
				<total>47</total>
				<timestamp>1452.497698</timestamp>
			</report>
			<report>
				<misses>5386001</misses>
				<total>48</total>
				<timestamp>1452.767372</timestamp>
			</report>
			<report>
				<misses>5387001</misses>
				<total>48</total>
				<timestamp>1453.037040</timestamp>
			</report>
			<report>
				<misses>5388001</misses>
				<total>48</total>
				<timestamp>1453.307064</timestamp>
			</report>
			<report>
				<misses>5389001</misses>
				<total>48</total>
				<timestamp>1453.576780</timestamp>
			</report>
			<report>
				<misses>5390001</misses>
				<total>48</total>
				<timestamp>1453.846554</timestamp>
			</report>
			<report>
				<misses>5391001</misses>
				<total>48</total>
				<timestamp>1454.116229</timestamp>
			</report>
			<report>
				<misses>5392001</misses>
				<total>48</total>
				<timestamp>1454.386013</timestamp>
			</report>
			<report>
				<misses>5393001</misses>
				<total>48</total>
				<timestamp>1454.655741</timestamp>
			</report>
			<report>
				<misses>5394001</misses>
				<total>47</total>
				<timestamp>1454.925553</timestamp>
			</report>
			<report>
				<misses>5395001</misses>
				<total>48</total>
				<timestamp>1455.195181</timestamp>
			</report>
			<report>
				<misses>5396001</misses>
				<total>48</total>
				<timestamp>1455.464880</timestamp>
			</report>
			<report>
				<misses>5397001</misses>
				<total>48</total>
				<timestamp>1455.734660</timestamp>
			</report>
			<report>
				<misses>5398001</misses>
				<total>48</total>
				<timestamp>1456.004410</timestamp>
			</report>
			<report>
				<misses>5399001</misses>
				<total>48</total>
				<timestamp>1456.274103</timestamp>
			</report>
			<report>
				<misses>5400001</misses>
				<total>48</total>
				<timestamp>1456.543809</timestamp>
			</report>
			<report>
				<misses>5401001</misses>
				<total>47</total>
				<timestamp>1456.813654</timestamp>
			</report>
			<report>
				<misses>5402001</misses>
				<total>47</total>
				<timestamp>1457.083405</timestamp>
			</report>
			<report>
				<misses>5403001</misses>
				<total>48</total>
				<timestamp>1457.353007</timestamp>
			</report>
			<report>
				<misses>5404001</misses>
				<total>48</total>
				<timestamp>1457.622728</timestamp>
			</report>
			<report>
				<misses>5405001</misses>
				<total>48</total>
				<timestamp>1457.892522</timestamp>
			</report>
			<report>
				<misses>5406001</misses>
				<total>48</total>
				<timestamp>1458.162211</timestamp>
			</report>
			<report>
				<misses>5407001</misses>
				<total>48</total>
				<timestamp>1458.431922</timestamp>
			</report>
			<report>
				<misses>5408001</misses>
				<total>48</total>
				<timestamp>1458.701661</timestamp>
			</report>
			<report>
				<misses>5409001</misses>
				<total>48</total>
				<timestamp>1458.971428</timestamp>
			</report>
			<report>
				<misses>5410001</misses>
				<total>48</total>
				<timestamp>1459.241097</timestamp>
			</report>
			<report>
				<misses>5411001</misses>
				<total>48</total>
				<timestamp>1459.510837</timestamp>
			</report>
			<report>
				<misses>5412001</misses>
				<total>48</total>
				<timestamp>1459.780625</timestamp>
			</report>
			<report>
				<misses>5413001</misses>
				<total>48</total>
				<timestamp>1460.050339</timestamp>
			</report>
			<report>
				<misses>5414001</misses>
				<total>48</total>
				<timestamp>1460.320013</timestamp>
			</report>
			<report>
				<misses>5415001</misses>
				<total>48</total>
				<timestamp>1460.589754</timestamp>
			</report>
			<report>
				<misses>5416001</misses>
				<total>48</total>
				<timestamp>1460.859497</timestamp>
			</report>
			<report>
				<misses>5417001</misses>
				<total>48</total>
				<timestamp>1461.129209</timestamp>
			</report>
			<report>
				<misses>5418001</misses>
				<total>48</total>
				<timestamp>1461.398974</timestamp>
			</report>
			<report>
				<misses>5419001</misses>
				<total>48</total>
				<timestamp>1461.668669</timestamp>
			</report>
			<report>
				<misses>5420001</misses>
				<total>47</total>
				<timestamp>1461.938507</timestamp>
			</report>
			<report>
				<misses>5421001</misses>
				<total>48</total>
				<timestamp>1462.208141</timestamp>
			</report>
			<report>
				<misses>5422001</misses>
				<total>48</total>
				<timestamp>1462.477859</timestamp>
			</report>
			<report>
				<misses>5423001</misses>
				<total>48</total>
				<timestamp>1462.747602</timestamp>
			</report>
			<report>
				<misses>5424001</misses>
				<total>48</total>
				<timestamp>1463.017350</timestamp>
			</report>
			<report>
				<misses>5425001</misses>
				<total>48</total>
				<timestamp>1463.287043</timestamp>
			</report>
			<report>
				<misses>5426001</misses>
				<total>48</total>
				<timestamp>1463.556771</timestamp>
			</report>
			<report>
				<misses>5427001</misses>
				<total>48</total>
				<timestamp>1463.826560</timestamp>
			</report>
			<report>
				<misses>5428001</misses>
				<total>47</total>
				<timestamp>1464.096365</timestamp>
			</report>
			<report>
				<misses>5429001</misses>
				<total>48</total>
				<timestamp>1464.365969</timestamp>
			</report>
			<report>
				<misses>5430001</misses>
				<total>48</total>
				<timestamp>1464.635707</timestamp>
			</report>
			<report>
				<misses>5431001</misses>
				<total>48</total>
				<timestamp>1464.905448</timestamp>
			</report>
			<report>
				<misses>5432001</misses>
				<total>48</total>
				<timestamp>1465.175186</timestamp>
			</report>
			<report>
				<misses>5433001</misses>
				<total>48</total>
				<timestamp>1465.444894</timestamp>
			</report>
			<report>
				<misses>5434001</misses>
				<total>48</total>
				<timestamp>1465.714627</timestamp>
			</report>
			<report>
				<misses>5435001</misses>
				<total>48</total>
				<timestamp>1465.984364</timestamp>
			</report>
			<report>
				<misses>5436001</misses>
				<total>48</total>
				<timestamp>1466.254086</timestamp>
			</report>
			<report>
				<misses>5437001</misses>
				<total>48</total>
				<timestamp>1466.523808</timestamp>
			</report>
			<report>
				<misses>5438001</misses>
				<total>48</total>
				<timestamp>1466.793607</timestamp>
			</report>
			<report>
				<misses>5439001</misses>
				<total>47</total>
				<timestamp>1467.063395</timestamp>
			</report>
			<report>
				<misses>5440001</misses>
				<total>48</total>
				<timestamp>1467.333125</timestamp>
			</report>
			<report>
				<misses>5441001</misses>
				<total>48</total>
				<timestamp>1467.602729</timestamp>
			</report>
			<report>
				<misses>5442001</misses>
				<total>47</total>
				<timestamp>1467.872589</timestamp>
			</report>
			<report>
				<misses>5443001</misses>
				<total>48</total>
				<timestamp>1468.142193</timestamp>
			</report>
			<report>
				<misses>5444001</misses>
				<total>48</total>
				<timestamp>1468.411922</timestamp>
			</report>
			<report>
				<misses>5445001</misses>
				<total>48</total>
				<timestamp>1468.681775</timestamp>
			</report>
			<report>
				<misses>5446001</misses>
				<total>48</total>
				<timestamp>1468.951500</timestamp>
			</report>
			<report>
				<misses>5447001</misses>
				<total>48</total>
				<timestamp>1469.221235</timestamp>
			</report>
			<report>
				<misses>5448001</misses>
				<total>48</total>
				<timestamp>1469.490852</timestamp>
			</report>
			<report>
				<misses>5449001</misses>
				<total>48</total>
				<timestamp>1469.760694</timestamp>
			</report>
			<report>
				<misses>5450001</misses>
				<total>47</total>
				<timestamp>1470.030479</timestamp>
			</report>
			<report>
				<misses>5451001</misses>
				<total>48</total>
				<timestamp>1470.300154</timestamp>
			</report>
			<report>
				<misses>5452001</misses>
				<total>48</total>
				<timestamp>1470.569884</timestamp>
			</report>
			<report>
				<misses>5453001</misses>
				<total>48</total>
				<timestamp>1470.839612</timestamp>
			</report>
			<report>
				<misses>5454001</misses>
				<total>48</total>
				<timestamp>1471.109346</timestamp>
			</report>
			<report>
				<misses>5455001</misses>
				<total>48</total>
				<timestamp>1471.378948</timestamp>
			</report>
			<report>
				<misses>5456001</misses>
				<total>48</total>
				<timestamp>1471.648799</timestamp>
			</report>
			<report>
				<misses>5457001</misses>
				<total>48</total>
				<timestamp>1471.918534</timestamp>
			</report>
			<report>
				<misses>5458001</misses>
				<total>48</total>
				<timestamp>1472.188262</timestamp>
			</report>
			<report>
				<misses>5459001</misses>
				<total>48</total>
				<timestamp>1472.457869</timestamp>
			</report>
			<report>
				<misses>5460001</misses>
				<total>48</total>
				<timestamp>1472.727597</timestamp>
			</report>
			<report>
				<misses>5461001</misses>
				<total>47</total>
				<timestamp>1472.997453</timestamp>
			</report>
			<report>
				<misses>5462001</misses>
				<total>48</total>
				<timestamp>1473.267063</timestamp>
			</report>
			<report>
				<misses>5463001</misses>
				<total>48</total>
				<timestamp>1473.536788</timestamp>
			</report>
			<report>
				<misses>5464001</misses>
				<total>48</total>
				<timestamp>1473.806529</timestamp>
			</report>
			<report>
				<misses>5465001</misses>
				<total>48</total>
				<timestamp>1474.076374</timestamp>
			</report>
			<report>
				<misses>5466001</misses>
				<total>48</total>
				<timestamp>1474.345984</timestamp>
			</report>
			<report>
				<misses>5467001</misses>
				<total>48</total>
				<timestamp>1474.615833</timestamp>
			</report>
			<report>
				<misses>5468001</misses>
				<total>48</total>
				<timestamp>1474.885572</timestamp>
			</report>
			<report>
				<misses>5469001</misses>
				<total>47</total>
				<timestamp>1475.155319</timestamp>
			</report>
			<report>
				<misses>5470001</misses>
				<total>48</total>
				<timestamp>1475.424902</timestamp>
			</report>
			<report>
				<misses>5471001</misses>
				<total>48</total>
				<timestamp>1475.694631</timestamp>
			</report>
			<report>
				<misses>5472001</misses>
				<total>48</total>
				<timestamp>1475.964493</timestamp>
			</report>
			<report>
				<misses>5473001</misses>
				<total>48</total>
				<timestamp>1476.234131</timestamp>
			</report>
			<report>
				<misses>5474001</misses>
				<total>48</total>
				<timestamp>1476.503812</timestamp>
			</report>
			<report>
				<misses>5475001</misses>
				<total>48</total>
				<timestamp>1476.773551</timestamp>
			</report>
			<report>
				<misses>5476001</misses>
				<total>48</total>
				<timestamp>1477.043277</timestamp>
			</report>
			<report>
				<misses>5477001</misses>
				<total>48</total>
				<timestamp>1477.313050</timestamp>
			</report>
			<report>
				<misses>5478001</misses>
				<total>47</total>
				<timestamp>1477.582831</timestamp>
			</report>
			<report>
				<misses>5479001</misses>
				<total>48</total>
				<timestamp>1477.852472</timestamp>
			</report>
			<report>
				<misses>5480001</misses>
				<total>47</total>
				<timestamp>1478.122300</timestamp>
			</report>
			<report>
				<misses>5481001</misses>
				<total>48</total>
				<timestamp>1478.391937</timestamp>
			</report>
			<report>
				<misses>5482001</misses>
				<total>48</total>
				<timestamp>1478.661682</timestamp>
			</report>
			<report>
				<misses>5483001</misses>
				<total>48</total>
				<timestamp>1478.931418</timestamp>
			</report>
			<report>
				<misses>5484001</misses>
				<total>48</total>
				<timestamp>1479.201120</timestamp>
			</report>
			<report>
				<misses>5485001</misses>
				<total>48</total>
				<timestamp>1479.470842</timestamp>
			</report>
			<report>
				<misses>5486001</misses>
				<total>48</total>
				<timestamp>1479.740575</timestamp>
			</report>
			<report>
				<misses>5487001</misses>
				<total>48</total>
				<timestamp>1480.010365</timestamp>
			</report>
			<report>
				<misses>5488001</misses>
				<total>48</total>
				<timestamp>1480.280051</timestamp>
			</report>
			<report>
				<misses>5489001</misses>
				<total>48</total>
				<timestamp>1480.549759</timestamp>
			</report>
			<report>
				<misses>5490001</misses>
				<total>48</total>
				<timestamp>1480.819500</timestamp>
			</report>
			<report>
				<misses>5491001</misses>
				<total>48</total>
				<timestamp>1481.089261</timestamp>
			</report>
			<report>
				<misses>5492001</misses>
				<total>48</total>
				<timestamp>1481.358953</timestamp>
			</report>
			<report>
				<misses>5493001</misses>
				<total>48</total>
				<timestamp>1481.628692</timestamp>
			</report>
			<report>
				<misses>5494001</misses>
				<total>47</total>
				<timestamp>1481.898507</timestamp>
			</report>
			<report>
				<misses>5495001</misses>
				<total>48</total>
				<timestamp>1482.168208</timestamp>
			</report>
			<report>
				<misses>5496001</misses>
				<total>48</total>
				<timestamp>1482.437874</timestamp>
			</report>
			<report>
				<misses>5497001</misses>
				<total>48</total>
				<timestamp>1482.707618</timestamp>
			</report>
			<report>
				<misses>5498001</misses>
				<total>48</total>
				<timestamp>1482.977363</timestamp>
			</report>
			<report>
				<misses>5499001</misses>
				<total>48</total>
				<timestamp>1483.247093</timestamp>
			</report>
			<report>
				<misses>5500001</misses>
				<total>48</total>
				<timestamp>1483.516787</timestamp>
			</report>
			<report>
				<misses>5501001</misses>
				<total>48</total>
				<timestamp>1483.786529</timestamp>
			</report>
			<report>
				<misses>5502001</misses>
				<total>48</total>
				<timestamp>1484.056357</timestamp>
			</report>
			<report>
				<misses>5503001</misses>
				<total>49</total>
				<timestamp>1484.325970</timestamp>
			</report>
			<report>
				<misses>5504001</misses>
				<total>49</total>
				<timestamp>1484.595739</timestamp>
			</report>
			<report>
				<misses>5505001</misses>
				<total>49</total>
				<timestamp>1484.865475</timestamp>
			</report>
			<report>
				<misses>5506001</misses>
				<total>49</total>
				<timestamp>1485.135242</timestamp>
			</report>
			<report>
				<misses>5507001</misses>
				<total>49</total>
				<timestamp>1485.404894</timestamp>
			</report>
			<report>
				<misses>5508001</misses>
				<total>49</total>
				<timestamp>1485.674623</timestamp>
			</report>
			<report>
				<misses>5509001</misses>
				<total>48</total>
				<timestamp>1485.944470</timestamp>
			</report>
			<report>
				<misses>5510001</misses>
				<total>48</total>
				<timestamp>1486.214244</timestamp>
			</report>
			<report>
				<misses>5511001</misses>
				<total>49</total>
				<timestamp>1486.483822</timestamp>
			</report>
			<report>
				<misses>5512001</misses>
				<total>49</total>
				<timestamp>1486.753542</timestamp>
			</report>
			<report>
				<misses>5513001</misses>
				<total>49</total>
				<timestamp>1487.023279</timestamp>
			</report>
			<report>
				<misses>5514001</misses>
				<total>49</total>
				<timestamp>1487.293037</timestamp>
			</report>
			<report>
				<misses>5515001</misses>
				<total>49</total>
				<timestamp>1487.562751</timestamp>
			</report>
			<report>
				<misses>5516001</misses>
				<total>49</total>
				<timestamp>1487.832476</timestamp>
			</report>
			<report>
				<misses>5517001</misses>
				<total>49</total>
				<timestamp>1488.102253</timestamp>
			</report>
			<report>
				<misses>5518001</misses>
				<total>49</total>
				<timestamp>1488.371979</timestamp>
			</report>
			<report>
				<misses>5519001</misses>
				<total>49</total>
				<timestamp>1488.641667</timestamp>
			</report>
			<report>
				<misses>5520001</misses>
				<total>49</total>
				<timestamp>1488.911463</timestamp>
			</report>
			<report>
				<misses>5521001</misses>
				<total>49</total>
				<timestamp>1489.181147</timestamp>
			</report>
			<report>
				<misses>5522001</misses>
				<total>49</total>
				<timestamp>1489.450870</timestamp>
			</report>
			<report>
				<misses>5523001</misses>
				<total>49</total>
				<timestamp>1489.720609</timestamp>
			</report>
			<report>
				<misses>5524001</misses>
				<total>49</total>
				<timestamp>1489.990361</timestamp>
			</report>
			<report>
				<misses>5525001</misses>
				<total>48</total>
				<timestamp>1490.260200</timestamp>
			</report>
			<report>
				<misses>5526001</misses>
				<total>49</total>
				<timestamp>1490.529788</timestamp>
			</report>
			<report>
				<misses>5527001</misses>
				<total>49</total>
				<timestamp>1490.799513</timestamp>
			</report>
			<report>
				<misses>5528001</misses>
				<total>49</total>
				<timestamp>1491.069300</timestamp>
			</report>
			<report>
				<misses>5529001</misses>
				<total>49</total>
				<timestamp>1491.339007</timestamp>
			</report>
			<report>
				<misses>5530001</misses>
				<total>49</total>
				<timestamp>1491.608733</timestamp>
			</report>
			<report>
				<misses>5531001</misses>
				<total>49</total>
				<timestamp>1491.878443</timestamp>
			</report>
			<report>
				<misses>5532001</misses>
				<total>49</total>
				<timestamp>1492.148219</timestamp>
			</report>
			<report>
				<misses>5533001</misses>
				<total>49</total>
				<timestamp>1492.417927</timestamp>
			</report>
			<report>
				<misses>5534001</misses>
				<total>49</total>
				<timestamp>1492.687636</timestamp>
			</report>
			<report>
				<misses>5535001</misses>
				<total>49</total>
				<timestamp>1492.957354</timestamp>
			</report>
			<report>
				<misses>5536001</misses>
				<total>49</total>
				<timestamp>1493.227163</timestamp>
			</report>
			<report>
				<misses>5537001</misses>
				<total>49</total>
				<timestamp>1493.496808</timestamp>
			</report>
			<report>
				<misses>5538001</misses>
				<total>49</total>
				<timestamp>1493.766549</timestamp>
			</report>
			<report>
				<misses>5539001</misses>
				<total>49</total>
				<timestamp>1494.036276</timestamp>
			</report>
			<report>
				<misses>5540001</misses>
				<total>49</total>
				<timestamp>1494.306129</timestamp>
			</report>
			<report>
				<misses>5541001</misses>
				<total>49</total>
				<timestamp>1494.575864</timestamp>
			</report>
			<report>
				<misses>5542001</misses>
				<total>49</total>
				<timestamp>1494.845584</timestamp>
			</report>
			<report>
				<misses>5543001</misses>
				<total>48</total>
				<timestamp>1495.115316</timestamp>
			</report>
			<report>
				<misses>5544001</misses>
				<total>49</total>
				<timestamp>1495.384944</timestamp>
			</report>
			<report>
				<misses>5545001</misses>
				<total>49</total>
				<timestamp>1495.654667</timestamp>
			</report>
			<report>
				<misses>5546001</misses>
				<total>49</total>
				<timestamp>1495.924423</timestamp>
			</report>
			<report>
				<misses>5547001</misses>
				<total>49</total>
				<timestamp>1496.194167</timestamp>
			</report>
			<report>
				<misses>5548001</misses>
				<total>49</total>
				<timestamp>1496.463821</timestamp>
			</report>
			<report>
				<misses>5549001</misses>
				<total>49</total>
				<timestamp>1496.733571</timestamp>
			</report>
			<report>
				<misses>5550001</misses>
				<total>48</total>
				<timestamp>1497.003387</timestamp>
			</report>
			<report>
				<misses>5551001</misses>
				<total>49</total>
				<timestamp>1497.273029</timestamp>
			</report>
			<report>
				<misses>5552001</misses>
				<total>49</total>
				<timestamp>1497.542766</timestamp>
			</report>
			<report>
				<misses>5553001</misses>
				<total>49</total>
				<timestamp>1497.812506</timestamp>
			</report>
			<report>
				<misses>5554001</misses>
				<total>48</total>
				<timestamp>1498.082304</timestamp>
			</report>
			<report>
				<misses>5555001</misses>
				<total>49</total>
				<timestamp>1498.351983</timestamp>
			</report>
			<report>
				<misses>5556001</misses>
				<total>49</total>
				<timestamp>1498.621682</timestamp>
			</report>
			<report>
				<misses>5557001</misses>
				<total>49</total>
				<timestamp>1498.891407</timestamp>
			</report>
			<report>
				<misses>5558001</misses>
				<total>49</total>
				<timestamp>1499.161165</timestamp>
			</report>
			<report>
				<misses>5559001</misses>
				<total>49</total>
				<timestamp>1499.430917</timestamp>
			</report>
			<report>
				<misses>5560001</misses>
				<total>49</total>
				<timestamp>1499.700591</timestamp>
			</report>
			<report>
				<misses>5561001</misses>
				<total>49</total>
				<timestamp>1499.970426</timestamp>
			</report>
			<report>
				<misses>5562001</misses>
				<total>49</total>
				<timestamp>1500.240134</timestamp>
			</report>
			<report>
				<misses>5563001</misses>
				<total>49</total>
				<timestamp>1500.509778</timestamp>
			</report>
			<report>
				<misses>5564001</misses>
				<total>49</total>
				<timestamp>1500.779530</timestamp>
			</report>
			<report>
				<misses>5565001</misses>
				<total>49</total>
				<timestamp>1501.049245</timestamp>
			</report>
			<report>
				<misses>5566001</misses>
				<total>49</total>
				<timestamp>1501.318995</timestamp>
			</report>
			<report>
				<misses>5567001</misses>
				<total>49</total>
				<timestamp>1501.588695</timestamp>
			</report>
			<report>
				<misses>5568001</misses>
				<total>49</total>
				<timestamp>1501.858446</timestamp>
			</report>
			<report>
				<misses>5569001</misses>
				<total>49</total>
				<timestamp>1502.128194</timestamp>
			</report>
			<report>
				<misses>5570001</misses>
				<total>49</total>
				<timestamp>1502.397899</timestamp>
			</report>
			<report>
				<misses>5571001</misses>
				<total>49</total>
				<timestamp>1502.667626</timestamp>
			</report>
			<report>
				<misses>5572001</misses>
				<total>49</total>
				<timestamp>1502.937365</timestamp>
			</report>
			<report>
				<misses>5573001</misses>
				<total>49</total>
				<timestamp>1503.207081</timestamp>
			</report>
			<report>
				<misses>5574001</misses>
				<total>49</total>
				<timestamp>1503.476817</timestamp>
			</report>
			<report>
				<misses>5575001</misses>
				<total>49</total>
				<timestamp>1503.746553</timestamp>
			</report>
			<report>
				<misses>5576001</misses>
				<total>48</total>
				<timestamp>1504.016354</timestamp>
			</report>
			<report>
				<misses>5577001</misses>
				<total>49</total>
				<timestamp>1504.286102</timestamp>
			</report>
			<report>
				<misses>5578001</misses>
				<total>50</total>
				<timestamp>1504.555728</timestamp>
			</report>
			<report>
				<misses>5579001</misses>
				<total>50</total>
				<timestamp>1504.825463</timestamp>
			</report>
			<report>
				<misses>5580001</misses>
				<total>50</total>
				<timestamp>1505.095238</timestamp>
			</report>
			<report>
				<misses>5581001</misses>
				<total>50</total>
				<timestamp>1505.364933</timestamp>
			</report>
			<report>
				<misses>5582001</misses>
				<total>50</total>
				<timestamp>1505.634653</timestamp>
			</report>
			<report>
				<misses>5583001</misses>
				<total>50</total>
				<timestamp>1505.904457</timestamp>
			</report>
			<report>
				<misses>5584001</misses>
				<total>49</total>
				<timestamp>1506.174231</timestamp>
			</report>
			<report>
				<misses>5585001</misses>
				<total>50</total>
				<timestamp>1506.443863</timestamp>
			</report>
			<report>
				<misses>5586001</misses>
				<total>50</total>
				<timestamp>1506.713562</timestamp>
			</report>
			<report>
				<misses>5587001</misses>
				<total>50</total>
				<timestamp>1506.983336</timestamp>
			</report>
			<report>
				<misses>5588001</misses>
				<total>50</total>
				<timestamp>1507.253076</timestamp>
			</report>
			<report>
				<misses>5589001</misses>
				<total>50</total>
				<timestamp>1507.522803</timestamp>
			</report>
			<report>
				<misses>5590001</misses>
				<total>50</total>
				<timestamp>1507.792491</timestamp>
			</report>
			<report>
				<misses>5591001</misses>
				<total>50</total>
				<timestamp>1508.062258</timestamp>
			</report>
			<report>
				<misses>5592001</misses>
				<total>50</total>
				<timestamp>1508.332062</timestamp>
			</report>
			<report>
				<misses>5593001</misses>
				<total>50</total>
				<timestamp>1508.601692</timestamp>
			</report>
			<report>
				<misses>5594001</misses>
				<total>50</total>
				<timestamp>1508.871412</timestamp>
			</report>
			<report>
				<misses>5595001</misses>
				<total>50</total>
				<timestamp>1509.141155</timestamp>
			</report>
			<report>
				<misses>5596001</misses>
				<total>50</total>
				<timestamp>1509.410914</timestamp>
			</report>
			<report>
				<misses>5597001</misses>
				<total>50</total>
				<timestamp>1509.680612</timestamp>
			</report>
			<report>
				<misses>5598001</misses>
				<total>50</total>
				<timestamp>1509.950469</timestamp>
			</report>
			<report>
				<misses>5599001</misses>
				<total>49</total>
				<timestamp>1510.220196</timestamp>
			</report>
			<report>
				<misses>5600001</misses>
				<total>50</total>
				<timestamp>1510.489928</timestamp>
			</report>
			<report>
				<misses>5601001</misses>
				<total>50</total>
				<timestamp>1510.759535</timestamp>
			</report>
			<report>
				<misses>5602001</misses>
				<total>50</total>
				<timestamp>1511.029383</timestamp>
			</report>
			<report>
				<misses>5603001</misses>
				<total>50</total>
				<timestamp>1511.299118</timestamp>
			</report>
			<report>
				<misses>5604001</misses>
				<total>50</total>
				<timestamp>1511.568721</timestamp>
			</report>
			<report>
				<misses>5605001</misses>
				<total>52</total>
				<timestamp>1511.838456</timestamp>
			</report>
		</query>
	</custom>
	<ethtool_statistic>
		<rx_packets>
			<start>8283884938</start>
			<end>8411653256</end>
		</rx_packets>
		<tx_packets>
			<start>13866681463</start>
			<end>14064678752</end>
		</tx_packets>
		<rx_dropped>
			<start>828</start>
			<end>828</end>
		</rx_dropped>
		<tx_dropped>
			<start>0</start>
			<end>0</end>
		</tx_dropped>
		<collisions>
			<start>0</start>
			<end>0</end>
		</collisions>
		<port_tx_errors>
			<start>0</start>
			<end>0</end>
		</port_tx_errors>
		<port_rx_dropped>
			<start>0</start>
			<end>0</end>
		</port_rx_dropped>
		<port_tx_dropped_link_down>
			<start>0</start>
			<end>0</end>
		</port_tx_dropped_link_down>
	</ethtool_statistic>
	<ip_statistic>
		<mtu>
			<start>9000</start>
			<end>9000</end>
		</mtu>
		<rx_bytes>
			<start>33957182519055</start>
			<end>34465396071783</end>
		</rx_bytes>
		<rx_packets>
			<start>8283885088</start>
			<end>8411653392</end>
		</rx_packets>
		<rx_errors>
			<start>0</start>
			<end>0</end>
		</rx_errors>
		<rx_dropped>
			<start>828</start>
			<end>828</end>
		</rx_dropped>
		<rx_missed>
			<start>0</start>
			<end>0</end>
		</rx_missed>
		<rx_mcast>
			<start>5079</start>
			<end>5091</end>
		</rx_mcast>
		<tx_bytes>
			<start>48532172934372</start>
			<end>49284886980398</end>
		</tx_bytes>
		<tx_packets>
			<start>13866681490</start>
			<end>14064678801</end>
		</tx_packets>
		<tx_errors>
			<start>0</start>
			<end>0</end>
		</tx_errors>
		<tx_dropped>
			<start>0</start>
			<end>0</end>
		</tx_dropped>
		<tx_carrier>
			<start>0</start>
			<end>0</end>
		</tx_carrier>
		<tx_collisions>
			<start>0</start>
			<end>0</end>
		</tx_collisions>
	</ip_statistic>
	<netstat_statistic>
		<udp_pkg_rec>
			<start>7048285425</start>
			<end>7149826686</end>
		</udp_pkg_rec>
		<udp_pkg_snt>
			<start>12065498943</start>
			<end>12224308330</end>
		</udp_pkg_snt>
		<udp_rec_err>
			<start>1237587861</start>
			<end>1263822595</end>
		</udp_rec_err>
		<udp_rec_buf_err>
			<start>1237587861</start>
			<end>1263822595</end>
		</udp_rec_buf_err>
		<udp_snt_buf_err>
			<start>0</start>
			<end>0</end>
		</udp_snt_buf_err>
	</netstat_statistic>
</test_results>
