<?xml version="1.0"?>
<test_results>
	<status>STATUS_SUCCESS</status>
	<custom>
		<num_loss>1153704</num_loss>
		<num_total>1474000</num_total>
		<num_misses>1102</num_misses>
		<elapsed_time>163.099168</elapsed_time>
		<query>
			<report>
				<misses>1001</misses>
				<total>1000</total>
				<timestamp>0.110163</timestamp>
			</report>
			<report>
				<misses>2001</misses>
				<total>1999</total>
				<timestamp>0.220173</timestamp>
			</report>
			<report>
				<misses>3001</misses>
				<total>2998</total>
				<timestamp>0.330161</timestamp>
			</report>
			<report>
				<misses>4001</misses>
				<total>3997</total>
				<timestamp>0.440058</timestamp>
			</report>
			<report>
				<misses>5001</misses>
				<total>4996</total>
				<timestamp>0.550007</timestamp>
			</report>
			<report>
				<misses>6001</misses>
				<total>5995</total>
				<timestamp>0.659990</timestamp>
			</report>
			<report>
				<misses>7001</misses>
				<total>6994</total>
				<timestamp>0.769964</timestamp>
			</report>
			<report>
				<misses>8001</misses>
				<total>7993</total>
				<timestamp>0.879845</timestamp>
			</report>
			<report>
				<misses>9001</misses>
				<total>8992</total>
				<timestamp>0.989749</timestamp>
			</report>
			<report>
				<misses>10001</misses>
				<total>9991</total>
				<timestamp>1.099628</timestamp>
			</report>
			<report>
				<misses>11001</misses>
				<total>10990</total>
				<timestamp>1.209563</timestamp>
			</report>
			<report>
				<misses>12001</misses>
				<total>11989</total>
				<timestamp>1.319566</timestamp>
			</report>
			<report>
				<misses>13001</misses>
				<total>12988</total>
				<timestamp>1.429519</timestamp>
			</report>
			<report>
				<misses>14001</misses>
				<total>13987</total>
				<timestamp>1.539494</timestamp>
			</report>
			<report>
				<misses>15001</misses>
				<total>14986</total>
				<timestamp>1.649482</timestamp>
			</report>
			<report>
				<misses>16001</misses>
				<total>15985</total>
				<timestamp>1.759424</timestamp>
			</report>
			<report>
				<misses>17001</misses>
				<total>16984</total>
				<timestamp>1.869384</timestamp>
			</report>
			<report>
				<misses>18001</misses>
				<total>17983</total>
				<timestamp>1.979321</timestamp>
			</report>
			<report>
				<misses>19001</misses>
				<total>18982</total>
				<timestamp>2.089248</timestamp>
			</report>
			<report>
				<misses>20001</misses>
				<total>19981</total>
				<timestamp>2.199276</timestamp>
			</report>
			<report>
				<misses>21001</misses>
				<total>20980</total>
				<timestamp>2.309212</timestamp>
			</report>
			<report>
				<misses>22001</misses>
				<total>21979</total>
				<timestamp>2.419163</timestamp>
			</report>
			<report>
				<misses>23001</misses>
				<total>22978</total>
				<timestamp>2.529157</timestamp>
			</report>
			<report>
				<misses>24001</misses>
				<total>23977</total>
				<timestamp>2.639143</timestamp>
			</report>
			<report>
				<misses>25001</misses>
				<total>24976</total>
				<timestamp>2.749181</timestamp>
			</report>
			<report>
				<misses>26001</misses>
				<total>25975</total>
				<timestamp>2.859155</timestamp>
			</report>
			<report>
				<misses>27001</misses>
				<total>26974</total>
				<timestamp>2.969169</timestamp>
			</report>
			<report>
				<misses>28001</misses>
				<total>27973</total>
				<timestamp>3.079167</timestamp>
			</report>
			<report>
				<misses>29001</misses>
				<total>28972</total>
				<timestamp>3.189147</timestamp>
			</report>
			<report>
				<misses>30001</misses>
				<total>29971</total>
				<timestamp>3.299160</timestamp>
			</report>
			<report>
				<misses>31001</misses>
				<total>30970</total>
				<timestamp>3.409127</timestamp>
			</report>
			<report>
				<misses>32001</misses>
				<total>31969</total>
				<timestamp>3.519162</timestamp>
			</report>
			<report>
				<misses>33001</misses>
				<total>32968</total>
				<timestamp>3.629060</timestamp>
			</report>
			<report>
				<misses>34001</misses>
				<total>33967</total>
				<timestamp>3.738964</timestamp>
			</report>
			<report>
				<misses>35001</misses>
				<total>34966</total>
				<timestamp>3.848883</timestamp>
			</report>
			<report>
				<misses>36001</misses>
				<total>35965</total>
				<timestamp>3.958752</timestamp>
			</report>
			<report>
				<misses>37001</misses>
				<total>36964</total>
				<timestamp>4.068649</timestamp>
			</report>
			<report>
				<misses>38001</misses>
				<total>37963</total>
				<timestamp>4.178555</timestamp>
			</report>
			<report>
				<misses>39001</misses>
				<total>38962</total>
				<timestamp>4.288488</timestamp>
			</report>
			<report>
				<misses>40001</misses>
				<total>39961</total>
				<timestamp>4.398478</timestamp>
			</report>
			<report>
				<misses>41001</misses>
				<total>40960</total>
				<timestamp>4.508515</timestamp>
			</report>
			<report>
				<misses>42001</misses>
				<total>41959</total>
				<timestamp>4.618475</timestamp>
			</report>
			<report>
				<misses>43001</misses>
				<total>42958</total>
				<timestamp>4.728470</timestamp>
			</report>
			<report>
				<misses>44001</misses>
				<total>43957</total>
				<timestamp>4.838443</timestamp>
			</report>
			<report>
				<misses>45001</misses>
				<total>44956</total>
				<timestamp>4.948341</timestamp>
			</report>
			<report>
				<misses>46001</misses>
				<total>45955</total>
				<timestamp>5.058308</timestamp>
			</report>
			<report>
				<misses>47001</misses>
				<total>46954</total>
				<timestamp>5.168290</timestamp>
			</report>
			<report>
				<misses>48001</misses>
				<total>47953</total>
				<timestamp>5.278359</timestamp>
			</report>
			<report>
				<misses>49001</misses>
				<total>48952</total>
				<timestamp>5.388329</timestamp>
			</report>
			<report>
				<misses>50001</misses>
				<total>49951</total>
				<timestamp>5.498635</timestamp>
			</report>
			<report>
				<misses>51001</misses>
				<total>50950</total>
				<timestamp>5.608526</timestamp>
			</report>
			<report>
				<misses>52001</misses>
				<total>51949</total>
				<timestamp>5.718474</timestamp>
			</report>
			<report>
				<misses>53001</misses>
				<total>52948</total>
				<timestamp>5.828510</timestamp>
			</report>
			<report>
				<misses>54001</misses>
				<total>53947</total>
				<timestamp>5.938415</timestamp>
			</report>
			<report>
				<misses>55001</misses>
				<total>54946</total>
				<timestamp>6.048356</timestamp>
			</report>
			<report>
				<misses>56001</misses>
				<total>55945</total>
				<timestamp>6.158346</timestamp>
			</report>
			<report>
				<misses>57001</misses>
				<total>56944</total>
				<timestamp>6.268336</timestamp>
			</report>
			<report>
				<misses>58001</misses>
				<total>57943</total>
				<timestamp>6.378218</timestamp>
			</report>
			<report>
				<misses>59001</misses>
				<total>58942</total>
				<timestamp>6.488200</timestamp>
			</report>
			<report>
				<misses>60001</misses>
				<total>59941</total>
				<timestamp>6.598133</timestamp>
			</report>
			<report>
				<misses>61001</misses>
				<total>60940</total>
				<timestamp>6.708147</timestamp>
			</report>
			<report>
				<misses>62001</misses>
				<total>61939</total>
				<timestamp>6.818182</timestamp>
			</report>
			<report>
				<misses>63001</misses>
				<total>62938</total>
				<timestamp>6.928099</timestamp>
			</report>
			<report>
				<misses>64001</misses>
				<total>63937</total>
				<timestamp>7.037989</timestamp>
			</report>
			<report>
				<misses>65001</misses>
				<total>64936</total>
				<timestamp>7.147853</timestamp>
			</report>
			<report>
				<misses>66001</misses>
				<total>65935</total>
				<timestamp>7.257759</timestamp>
			</report>
			<report>
				<misses>67001</misses>
				<total>66934</total>
				<timestamp>7.367654</timestamp>
			</report>
			<report>
				<misses>68001</misses>
				<total>67933</total>
				<timestamp>7.477616</timestamp>
			</report>
			<report>
				<misses>69001</misses>
				<total>68932</total>
				<timestamp>7.587608</timestamp>
			</report>
			<report>
				<misses>70001</misses>
				<total>69931</total>
				<timestamp>7.697548</timestamp>
			</report>
			<report>
				<misses>71001</misses>
				<total>70930</total>
				<timestamp>7.807425</timestamp>
			</report>
			<report>
				<misses>72001</misses>
				<total>71929</total>
				<timestamp>7.917756</timestamp>
			</report>
			<report>
				<misses>73001</misses>
				<total>72928</total>
				<timestamp>8.027698</timestamp>
			</report>
			<report>
				<misses>74001</misses>
				<total>73927</total>
				<timestamp>8.137676</timestamp>
			</report>
			<report>
				<misses>75001</misses>
				<total>74926</total>
				<timestamp>8.247586</timestamp>
			</report>
			<report>
				<misses>76001</misses>
				<total>75925</total>
				<timestamp>8.357561</timestamp>
			</report>
			<report>
				<misses>77001</misses>
				<total>76924</total>
				<timestamp>8.467519</timestamp>
			</report>
			<report>
				<misses>78001</misses>
				<total>77923</total>
				<timestamp>8.577488</timestamp>
			</report>
			<report>
				<misses>79001</misses>
				<total>78922</total>
				<timestamp>8.687470</timestamp>
			</report>
			<report>
				<misses>80001</misses>
				<total>79921</total>
				<timestamp>8.797442</timestamp>
			</report>
			<report>
				<misses>81001</misses>
				<total>80920</total>
				<timestamp>8.907461</timestamp>
			</report>
			<report>
				<misses>82001</misses>
				<total>81919</total>
				<timestamp>9.017468</timestamp>
			</report>
			<report>
				<misses>83001</misses>
				<total>82918</total>
				<timestamp>9.127500</timestamp>
			</report>
			<report>
				<misses>84001</misses>
				<total>83917</total>
				<timestamp>9.237464</timestamp>
			</report>
			<report>
				<misses>85001</misses>
				<total>84916</total>
				<timestamp>9.347474</timestamp>
			</report>
			<report>
				<misses>86001</misses>
				<total>85915</total>
				<timestamp>9.457491</timestamp>
			</report>
			<report>
				<misses>87001</misses>
				<total>86624</total>
				<timestamp>9.567461</timestamp>
			</report>
			<report>
				<misses>88001</misses>
				<total>86624</total>
				<timestamp>9.677479</timestamp>
			</report>
			<report>
				<misses>89001</misses>
				<total>86624</total>
				<timestamp>9.787482</timestamp>
			</report>
			<report>
				<misses>90001</misses>
				<total>86624</total>
				<timestamp>9.897486</timestamp>
			</report>
			<report>
				<misses>91001</misses>
				<total>86624</total>
				<timestamp>10.007527</timestamp>
			</report>
			<report>
				<misses>92001</misses>
				<total>86624</total>
				<timestamp>10.117462</timestamp>
			</report>
			<report>
				<misses>93001</misses>
				<total>86624</total>
				<timestamp>10.227422</timestamp>
			</report>
			<report>
				<misses>94001</misses>
				<total>86625</total>
				<timestamp>10.337332</timestamp>
			</report>
			<report>
				<misses>95001</misses>
				<total>86627</total>
				<timestamp>10.447242</timestamp>
			</report>
			<report>
				<misses>96001</misses>
				<total>86629</total>
				<timestamp>10.557309</timestamp>
			</report>
			<report>
				<misses>97001</misses>
				<total>86629</total>
				<timestamp>10.667249</timestamp>
			</report>
			<report>
				<misses>98001</misses>
				<total>86629</total>
				<timestamp>10.777270</timestamp>
			</report>
			<report>
				<misses>99001</misses>
				<total>86629</total>
				<timestamp>10.887244</timestamp>
			</report>
			<report>
				<misses>100001</misses>
				<total>86629</total>
				<timestamp>10.997244</timestamp>
			</report>
			<report>
				<misses>101001</misses>
				<total>86629</total>
				<timestamp>11.107262</timestamp>
			</report>
			<report>
				<misses>102001</misses>
				<total>86629</total>
				<timestamp>11.217234</timestamp>
			</report>
			<report>
				<misses>103001</misses>
				<total>86629</total>
				<timestamp>11.327114</timestamp>
			</report>
			<report>
				<misses>104001</misses>
				<total>86628</total>
				<timestamp>11.437120</timestamp>
			</report>
			<report>
				<misses>105001</misses>
				<total>86629</total>
				<timestamp>11.547087</timestamp>
			</report>
			<report>
				<misses>106001</misses>
				<total>86629</total>
				<timestamp>11.656973</timestamp>
			</report>
			<report>
				<misses>107001</misses>
				<total>86629</total>
				<timestamp>11.766868</timestamp>
			</report>
			<report>
				<misses>108001</misses>
				<total>86640</total>
				<timestamp>11.876773</timestamp>
			</report>
			<report>
				<misses>109001</misses>
				<total>86640</total>
				<timestamp>11.986670</timestamp>
			</report>
			<report>
				<misses>110001</misses>
				<total>86640</total>
				<timestamp>12.096587</timestamp>
			</report>
			<report>
				<misses>111001</misses>
				<total>86641</total>
				<timestamp>12.206619</timestamp>
			</report>
			<report>
				<misses>112001</misses>
				<total>86645</total>
				<timestamp>12.316572</timestamp>
			</report>
			<report>
				<misses>113001</misses>
				<total>86645</total>
				<timestamp>12.426460</timestamp>
			</report>
			<report>
				<misses>114001</misses>
				<total>86645</total>
				<timestamp>12.536319</timestamp>
			</report>
			<report>
				<misses>115001</misses>
				<total>86645</total>
				<timestamp>12.646243</timestamp>
			</report>
			<report>
				<misses>116001</misses>
				<total>86645</total>
				<timestamp>12.756250</timestamp>
			</report>
			<report>
				<misses>117001</misses>
				<total>86645</total>
				<timestamp>12.866253</timestamp>
			</report>
			<report>
				<misses>118001</misses>
				<total>86645</total>
				<timestamp>12.976217</timestamp>
			</report>
			<report>
				<misses>119001</misses>
				<total>86647</total>
				<timestamp>13.086210</timestamp>
			</report>
			<report>
				<misses>120001</misses>
				<total>86647</total>
				<timestamp>13.196132</timestamp>
			</report>
			<report>
				<misses>121001</misses>
				<total>86655</total>
				<timestamp>13.306078</timestamp>
			</report>
			<report>
				<misses>122001</misses>
				<total>86654</total>
				<timestamp>13.416085</timestamp>
			</report>
			<report>
				<misses>123001</misses>
				<total>86654</total>
				<timestamp>13.526083</timestamp>
			</report>
			<report>
				<misses>124001</misses>
				<total>86654</total>
				<timestamp>13.635995</timestamp>
			</report>
			<report>
				<misses>125001</misses>
				<total>86655</total>
				<timestamp>13.745877</timestamp>
			</report>
			<report>
				<misses>126001</misses>
				<total>86655</total>
				<timestamp>13.855778</timestamp>
			</report>
			<report>
				<misses>127001</misses>
				<total>86655</total>
				<timestamp>13.965658</timestamp>
			</report>
			<report>
				<misses>128001</misses>
				<total>86655</total>
				<timestamp>14.075558</timestamp>
			</report>
			<report>
				<misses>129001</misses>
				<total>86658</total>
				<timestamp>14.185481</timestamp>
			</report>
			<report>
				<misses>130001</misses>
				<total>86658</total>
				<timestamp>14.295472</timestamp>
			</report>
			<report>
				<misses>131001</misses>
				<total>86658</total>
				<timestamp>14.405398</timestamp>
			</report>
			<report>
				<misses>132001</misses>
				<total>86660</total>
				<timestamp>14.515381</timestamp>
			</report>
			<report>
				<misses>133001</misses>
				<total>86660</total>
				<timestamp>14.625349</timestamp>
			</report>
			<report>
				<misses>134001</misses>
				<total>86660</total>
				<timestamp>14.735248</timestamp>
			</report>
			<report>
				<misses>135001</misses>
				<total>86660</total>
				<timestamp>14.845150</timestamp>
			</report>
			<report>
				<misses>136001</misses>
				<total>86660</total>
				<timestamp>14.955168</timestamp>
			</report>
			<report>
				<misses>137001</misses>
				<total>86660</total>
				<timestamp>15.065131</timestamp>
			</report>
			<report>
				<misses>138001</misses>
				<total>86660</total>
				<timestamp>15.175079</timestamp>
			</report>
			<report>
				<misses>139001</misses>
				<total>86660</total>
				<timestamp>15.285069</timestamp>
			</report>
			<report>
				<misses>140001</misses>
				<total>86660</total>
				<timestamp>15.395062</timestamp>
			</report>
			<report>
				<misses>141001</misses>
				<total>86660</total>
				<timestamp>15.505074</timestamp>
			</report>
			<report>
				<misses>142001</misses>
				<total>86671</total>
				<timestamp>15.615086</timestamp>
			</report>
			<report>
				<misses>143001</misses>
				<total>86671</total>
				<timestamp>15.725221</timestamp>
			</report>
			<report>
				<misses>144001</misses>
				<total>86674</total>
				<timestamp>15.835214</timestamp>
			</report>
			<report>
				<misses>145001</misses>
				<total>86675</total>
				<timestamp>15.945111</timestamp>
			</report>
			<report>
				<misses>146001</misses>
				<total>86676</total>
				<timestamp>16.055094</timestamp>
			</report>
			<report>
				<misses>147001</misses>
				<total>87055</total>
				<timestamp>16.165060</timestamp>
			</report>
			<report>
				<misses>148001</misses>
				<total>88054</total>
				<timestamp>16.275119</timestamp>
			</report>
			<report>
				<misses>149001</misses>
				<total>89053</total>
				<timestamp>16.385063</timestamp>
			</report>
			<report>
				<misses>150001</misses>
				<total>90052</total>
				<timestamp>16.495048</timestamp>
			</report>
			<report>
				<misses>151001</misses>
				<total>91051</total>
				<timestamp>16.605117</timestamp>
			</report>
			<report>
				<misses>152001</misses>
				<total>92050</total>
				<timestamp>16.715213</timestamp>
			</report>
			<report>
				<misses>153001</misses>
				<total>93049</total>
				<timestamp>16.825268</timestamp>
			</report>
			<report>
				<misses>154001</misses>
				<total>94048</total>
				<timestamp>16.935278</timestamp>
			</report>
			<report>
				<misses>155001</misses>
				<total>95047</total>
				<timestamp>17.045230</timestamp>
			</report>
			<report>
				<misses>156001</misses>
				<total>96046</total>
				<timestamp>17.155172</timestamp>
			</report>
			<report>
				<misses>157001</misses>
				<total>97045</total>
				<timestamp>17.265194</timestamp>
			</report>
			<report>
				<misses>158001</misses>
				<total>98044</total>
				<timestamp>17.375130</timestamp>
			</report>
			<report>
				<misses>159001</misses>
				<total>99043</total>
				<timestamp>17.485102</timestamp>
			</report>
			<report>
				<misses>160001</misses>
				<total>100042</total>
				<timestamp>17.595132</timestamp>
			</report>
			<report>
				<misses>161001</misses>
				<total>101041</total>
				<timestamp>17.705093</timestamp>
			</report>
			<report>
				<misses>162001</misses>
				<total>102040</total>
				<timestamp>17.815050</timestamp>
			</report>
			<report>
				<misses>163001</misses>
				<total>103039</total>
				<timestamp>17.925141</timestamp>
			</report>
			<report>
				<misses>164001</misses>
				<total>104038</total>
				<timestamp>18.035111</timestamp>
			</report>
			<report>
				<misses>165001</misses>
				<total>105037</total>
				<timestamp>18.145110</timestamp>
			</report>
			<report>
				<misses>166001</misses>
				<total>106036</total>
				<timestamp>18.255352</timestamp>
			</report>
			<report>
				<misses>167001</misses>
				<total>107035</total>
				<timestamp>18.365280</timestamp>
			</report>
			<report>
				<misses>168001</misses>
				<total>108034</total>
				<timestamp>18.475286</timestamp>
			</report>
			<report>
				<misses>169001</misses>
				<total>109033</total>
				<timestamp>18.585277</timestamp>
			</report>
			<report>
				<misses>170001</misses>
				<total>110032</total>
				<timestamp>18.695294</timestamp>
			</report>
			<report>
				<misses>171001</misses>
				<total>111031</total>
				<timestamp>18.805263</timestamp>
			</report>
			<report>
				<misses>172001</misses>
				<total>112030</total>
				<timestamp>18.915291</timestamp>
			</report>
			<report>
				<misses>173001</misses>
				<total>113029</total>
				<timestamp>19.025267</timestamp>
			</report>
			<report>
				<misses>174001</misses>
				<total>114028</total>
				<timestamp>19.135238</timestamp>
			</report>
			<report>
				<misses>175001</misses>
				<total>115027</total>
				<timestamp>19.245219</timestamp>
			</report>
			<report>
				<misses>176001</misses>
				<total>116026</total>
				<timestamp>19.355190</timestamp>
			</report>
			<report>
				<misses>177001</misses>
				<total>117025</total>
				<timestamp>19.465190</timestamp>
			</report>
			<report>
				<misses>178001</misses>
				<total>118024</total>
				<timestamp>19.575162</timestamp>
			</report>
			<report>
				<misses>179001</misses>
				<total>119023</total>
				<timestamp>19.685146</timestamp>
			</report>
			<report>
				<misses>180001</misses>
				<total>120022</total>
				<timestamp>19.795053</timestamp>
			</report>
			<report>
				<misses>181001</misses>
				<total>121021</total>
				<timestamp>19.905035</timestamp>
			</report>
			<report>
				<misses>182001</misses>
				<total>122020</total>
				<timestamp>20.015285</timestamp>
			</report>
			<report>
				<misses>183001</misses>
				<total>123019</total>
				<timestamp>20.125245</timestamp>
			</report>
			<report>
				<misses>184001</misses>
				<total>124018</total>
				<timestamp>20.235175</timestamp>
			</report>
			<report>
				<misses>185001</misses>
				<total>125017</total>
				<timestamp>20.345175</timestamp>
			</report>
			<report>
				<misses>186001</misses>
				<total>126016</total>
				<timestamp>20.455178</timestamp>
			</report>
			<report>
				<misses>187001</misses>
				<total>127015</total>
				<timestamp>20.565209</timestamp>
			</report>
			<report>
				<misses>188001</misses>
				<total>128014</total>
				<timestamp>20.675191</timestamp>
			</report>
			<report>
				<misses>189001</misses>
				<total>129013</total>
				<timestamp>20.785204</timestamp>
			</report>
			<report>
				<misses>190001</misses>
				<total>130012</total>
				<timestamp>20.895191</timestamp>
			</report>
			<report>
				<misses>191001</misses>
				<total>131011</total>
				<timestamp>21.005238</timestamp>
			</report>
			<report>
				<misses>192001</misses>
				<total>132010</total>
				<timestamp>21.115143</timestamp>
			</report>
			<report>
				<misses>193001</misses>
				<total>133009</total>
				<timestamp>21.225089</timestamp>
			</report>
			<report>
				<misses>194001</misses>
				<total>134008</total>
				<timestamp>21.335116</timestamp>
			</report>
			<report>
				<misses>195001</misses>
				<total>135007</total>
				<timestamp>21.445041</timestamp>
			</report>
			<report>
				<misses>196001</misses>
				<total>136006</total>
				<timestamp>21.554923</timestamp>
			</report>
			<report>
				<misses>197001</misses>
				<total>137005</total>
				<timestamp>21.664808</timestamp>
			</report>
			<report>
				<misses>198001</misses>
				<total>138004</total>
				<timestamp>21.774681</timestamp>
			</report>
			<report>
				<misses>199001</misses>
				<total>139003</total>
				<timestamp>21.884627</timestamp>
			</report>
			<report>
				<misses>200001</misses>
				<total>140002</total>
				<timestamp>21.994616</timestamp>
			</report>
			<report>
				<misses>201001</misses>
				<total>141001</total>
				<timestamp>22.104624</timestamp>
			</report>
			<report>
				<misses>202001</misses>
				<total>142000</total>
				<timestamp>22.214556</timestamp>
			</report>
			<report>
				<misses>203001</misses>
				<total>142999</total>
				<timestamp>22.324459</timestamp>
			</report>
			<report>
				<misses>204001</misses>
				<total>143998</total>
				<timestamp>22.434366</timestamp>
			</report>
			<report>
				<misses>205001</misses>
				<total>144997</total>
				<timestamp>22.544236</timestamp>
			</report>
			<report>
				<misses>206001</misses>
				<total>145996</total>
				<timestamp>22.654228</timestamp>
			</report>
			<report>
				<misses>207001</misses>
				<total>146995</total>
				<timestamp>22.764192</timestamp>
			</report>
			<report>
				<misses>208001</misses>
				<total>147994</total>
				<timestamp>22.874162</timestamp>
			</report>
			<report>
				<misses>209001</misses>
				<total>148993</total>
				<timestamp>22.984184</timestamp>
			</report>
			<report>
				<misses>210001</misses>
				<total>149992</total>
				<timestamp>23.094173</timestamp>
			</report>
			<report>
				<misses>211001</misses>
				<total>150991</total>
				<timestamp>23.204164</timestamp>
			</report>
			<report>
				<misses>212001</misses>
				<total>151990</total>
				<timestamp>23.314232</timestamp>
			</report>
			<report>
				<misses>213001</misses>
				<total>152989</total>
				<timestamp>23.424182</timestamp>
			</report>
			<report>
				<misses>214001</misses>
				<total>153988</total>
				<timestamp>23.534215</timestamp>
			</report>
			<report>
				<misses>215001</misses>
				<total>154987</total>
				<timestamp>23.644233</timestamp>
			</report>
			<report>
				<misses>216001</misses>
				<total>155986</total>
				<timestamp>23.754186</timestamp>
			</report>
			<report>
				<misses>217001</misses>
				<total>156985</total>
				<timestamp>23.864132</timestamp>
			</report>
			<report>
				<misses>218001</misses>
				<total>157984</total>
				<timestamp>23.974066</timestamp>
			</report>
			<report>
				<misses>219001</misses>
				<total>158983</total>
				<timestamp>24.084113</timestamp>
			</report>
			<report>
				<misses>220001</misses>
				<total>159982</total>
				<timestamp>24.194100</timestamp>
			</report>
			<report>
				<misses>221001</misses>
				<total>160981</total>
				<timestamp>24.304086</timestamp>
			</report>
			<report>
				<misses>222001</misses>
				<total>161980</total>
				<timestamp>24.414110</timestamp>
			</report>
			<report>
				<misses>223001</misses>
				<total>162979</total>
				<timestamp>24.524069</timestamp>
			</report>
			<report>
				<misses>224001</misses>
				<total>163978</total>
				<timestamp>24.634085</timestamp>
			</report>
			<report>
				<misses>225001</misses>
				<total>164977</total>
				<timestamp>24.744092</timestamp>
			</report>
			<report>
				<misses>226001</misses>
				<total>165976</total>
				<timestamp>24.854123</timestamp>
			</report>
			<report>
				<misses>227001</misses>
				<total>166975</total>
				<timestamp>24.964156</timestamp>
			</report>
			<report>
				<misses>228001</misses>
				<total>167974</total>
				<timestamp>25.074082</timestamp>
			</report>
			<report>
				<misses>229001</misses>
				<total>168973</total>
				<timestamp>25.184093</timestamp>
			</report>
			<report>
				<misses>230001</misses>
				<total>169972</total>
				<timestamp>25.294052</timestamp>
			</report>
			<report>
				<misses>231001</misses>
				<total>170971</total>
				<timestamp>25.403902</timestamp>
			</report>
			<report>
				<misses>232001</misses>
				<total>171970</total>
				<timestamp>25.513889</timestamp>
			</report>
			<report>
				<misses>233001</misses>
				<total>172969</total>
				<timestamp>25.623795</timestamp>
			</report>
			<report>
				<misses>234001</misses>
				<total>173968</total>
				<timestamp>25.733738</timestamp>
			</report>
			<report>
				<misses>235001</misses>
				<total>174967</total>
				<timestamp>25.843686</timestamp>
			</report>
			<report>
				<misses>236001</misses>
				<total>175966</total>
				<timestamp>25.953591</timestamp>
			</report>
			<report>
				<misses>237001</misses>
				<total>176965</total>
				<timestamp>26.063566</timestamp>
			</report>
			<report>
				<misses>238001</misses>
				<total>177964</total>
				<timestamp>26.173499</timestamp>
			</report>
			<report>
				<misses>239001</misses>
				<total>178963</total>
				<timestamp>26.283369</timestamp>
			</report>
			<report>
				<misses>240001</misses>
				<total>179962</total>
				<timestamp>26.393267</timestamp>
			</report>
			<report>
				<misses>241001</misses>
				<total>180961</total>
				<timestamp>26.503309</timestamp>
			</report>
			<report>
				<misses>242001</misses>
				<total>181960</total>
				<timestamp>26.613259</timestamp>
			</report>
			<report>
				<misses>243001</misses>
				<total>182959</total>
				<timestamp>26.723190</timestamp>
			</report>
			<report>
				<misses>244001</misses>
				<total>183958</total>
				<timestamp>26.833170</timestamp>
			</report>
			<report>
				<misses>245001</misses>
				<total>184957</total>
				<timestamp>26.943122</timestamp>
			</report>
			<report>
				<misses>246001</misses>
				<total>185956</total>
				<timestamp>27.053059</timestamp>
			</report>
			<report>
				<misses>247001</misses>
				<total>186955</total>
				<timestamp>27.162995</timestamp>
			</report>
			<report>
				<misses>248001</misses>
				<total>187954</total>
				<timestamp>27.273043</timestamp>
			</report>
			<report>
				<misses>249001</misses>
				<total>188953</total>
				<timestamp>27.383018</timestamp>
			</report>
			<report>
				<misses>250001</misses>
				<total>189952</total>
				<timestamp>27.493007</timestamp>
			</report>
			<report>
				<misses>251001</misses>
				<total>190951</total>
				<timestamp>27.603018</timestamp>
			</report>
			<report>
				<misses>252001</misses>
				<total>191950</total>
				<timestamp>27.712991</timestamp>
			</report>
			<report>
				<misses>253001</misses>
				<total>192949</total>
				<timestamp>27.822984</timestamp>
			</report>
			<report>
				<misses>254001</misses>
				<total>193948</total>
				<timestamp>27.932978</timestamp>
			</report>
			<report>
				<misses>255001</misses>
				<total>194947</total>
				<timestamp>28.042995</timestamp>
			</report>
			<report>
				<misses>256001</misses>
				<total>195946</total>
				<timestamp>28.152983</timestamp>
			</report>
			<report>
				<misses>257001</misses>
				<total>196945</total>
				<timestamp>28.263002</timestamp>
			</report>
			<report>
				<misses>258001</misses>
				<total>197944</total>
				<timestamp>28.372998</timestamp>
			</report>
			<report>
				<misses>259001</misses>
				<total>198943</total>
				<timestamp>28.482977</timestamp>
			</report>
			<report>
				<misses>260001</misses>
				<total>199942</total>
				<timestamp>28.593122</timestamp>
			</report>
			<report>
				<misses>261001</misses>
				<total>200941</total>
				<timestamp>28.703100</timestamp>
			</report>
			<report>
				<misses>262001</misses>
				<total>201940</total>
				<timestamp>28.813140</timestamp>
			</report>
			<report>
				<misses>263001</misses>
				<total>202939</total>
				<timestamp>28.923169</timestamp>
			</report>
			<report>
				<misses>264001</misses>
				<total>203938</total>
				<timestamp>29.033328</timestamp>
			</report>
			<report>
				<misses>265001</misses>
				<total>204937</total>
				<timestamp>29.143261</timestamp>
			</report>
			<report>
				<misses>266001</misses>
				<total>205936</total>
				<timestamp>29.253182</timestamp>
			</report>
			<report>
				<misses>267001</misses>
				<total>206935</total>
				<timestamp>29.363206</timestamp>
			</report>
			<report>
				<misses>268001</misses>
				<total>207934</total>
				<timestamp>29.473147</timestamp>
			</report>
			<report>
				<misses>269001</misses>
				<total>208933</total>
				<timestamp>29.583138</timestamp>
			</report>
			<report>
				<misses>270001</misses>
				<total>209932</total>
				<timestamp>29.693043</timestamp>
			</report>
			<report>
				<misses>271001</misses>
				<total>210931</total>
				<timestamp>29.802981</timestamp>
			</report>
			<report>
				<misses>272001</misses>
				<total>211930</total>
				<timestamp>29.912999</timestamp>
			</report>
			<report>
				<misses>273001</misses>
				<total>212929</total>
				<timestamp>30.022996</timestamp>
			</report>
			<report>
				<misses>274001</misses>
				<total>213928</total>
				<timestamp>30.132975</timestamp>
			</report>
			<report>
				<misses>275001</misses>
				<total>214927</total>
				<timestamp>30.242982</timestamp>
			</report>
			<report>
				<misses>276001</misses>
				<total>215926</total>
				<timestamp>30.352974</timestamp>
			</report>
			<report>
				<misses>277001</misses>
				<total>216925</total>
				<timestamp>30.462976</timestamp>
			</report>
			<report>
				<misses>278001</misses>
				<total>217924</total>
				<timestamp>30.572987</timestamp>
			</report>
			<report>
				<misses>279001</misses>
				<total>218923</total>
				<timestamp>30.682977</timestamp>
			</report>
			<report>
				<misses>280001</misses>
				<total>219922</total>
				<timestamp>30.793008</timestamp>
			</report>
			<report>
				<misses>281001</misses>
				<total>220921</total>
				<timestamp>30.902967</timestamp>
			</report>
			<report>
				<misses>282001</misses>
				<total>221920</total>
				<timestamp>31.012961</timestamp>
			</report>
			<report>
				<misses>283001</misses>
				<total>222919</total>
				<timestamp>31.123032</timestamp>
			</report>
			<report>
				<misses>284001</misses>
				<total>223918</total>
				<timestamp>31.232979</timestamp>
			</report>
			<report>
				<misses>285001</misses>
				<total>224917</total>
				<timestamp>31.343015</timestamp>
			</report>
			<report>
				<misses>286001</misses>
				<total>225916</total>
				<timestamp>31.453052</timestamp>
			</report>
			<report>
				<misses>287001</misses>
				<total>226915</total>
				<timestamp>31.562957</timestamp>
			</report>
			<report>
				<misses>288001</misses>
				<total>227914</total>
				<timestamp>31.672981</timestamp>
			</report>
			<report>
				<misses>289001</misses>
				<total>228913</total>
				<timestamp>31.783060</timestamp>
			</report>
			<report>
				<misses>290001</misses>
				<total>229912</total>
				<timestamp>31.893011</timestamp>
			</report>
			<report>
				<misses>291001</misses>
				<total>230911</total>
				<timestamp>32.002968</timestamp>
			</report>
			<report>
				<misses>292001</misses>
				<total>231910</total>
				<timestamp>32.113019</timestamp>
			</report>
			<report>
				<misses>293001</misses>
				<total>232909</total>
				<timestamp>32.223028</timestamp>
			</report>
			<report>
				<misses>294001</misses>
				<total>233908</total>
				<timestamp>32.333000</timestamp>
			</report>
			<report>
				<misses>295001</misses>
				<total>234907</total>
				<timestamp>32.443011</timestamp>
			</report>
			<report>
				<misses>296001</misses>
				<total>235906</total>
				<timestamp>32.553056</timestamp>
			</report>
			<report>
				<misses>297001</misses>
				<total>236905</total>
				<timestamp>32.663006</timestamp>
			</report>
			<report>
				<misses>298001</misses>
				<total>237904</total>
				<timestamp>32.773014</timestamp>
			</report>
			<report>
				<misses>299001</misses>
				<total>238903</total>
				<timestamp>32.882950</timestamp>
			</report>
			<report>
				<misses>300001</misses>
				<total>239902</total>
				<timestamp>32.992833</timestamp>
			</report>
			<report>
				<misses>301001</misses>
				<total>240901</total>
				<timestamp>33.102765</timestamp>
			</report>
			<report>
				<misses>302001</misses>
				<total>241900</total>
				<timestamp>33.212689</timestamp>
			</report>
			<report>
				<misses>303001</misses>
				<total>242899</total>
				<timestamp>33.322596</timestamp>
			</report>
			<report>
				<misses>304001</misses>
				<total>243898</total>
				<timestamp>33.432500</timestamp>
			</report>
			<report>
				<misses>305001</misses>
				<total>244897</total>
				<timestamp>33.542383</timestamp>
			</report>
			<report>
				<misses>306001</misses>
				<total>245896</total>
				<timestamp>33.652248</timestamp>
			</report>
			<report>
				<misses>307001</misses>
				<total>246895</total>
				<timestamp>33.762189</timestamp>
			</report>
			<report>
				<misses>308001</misses>
				<total>247894</total>
				<timestamp>33.872134</timestamp>
			</report>
			<report>
				<misses>309001</misses>
				<total>248893</total>
				<timestamp>33.982023</timestamp>
			</report>
			<report>
				<misses>310001</misses>
				<total>249892</total>
				<timestamp>34.091954</timestamp>
			</report>
			<report>
				<misses>311001</misses>
				<total>250891</total>
				<timestamp>34.201812</timestamp>
			</report>
			<report>
				<misses>312001</misses>
				<total>251890</total>
				<timestamp>34.311718</timestamp>
			</report>
			<report>
				<misses>313001</misses>
				<total>252889</total>
				<timestamp>34.421586</timestamp>
			</report>
			<report>
				<misses>314001</misses>
				<total>253888</total>
				<timestamp>34.531760</timestamp>
			</report>
			<report>
				<misses>315001</misses>
				<total>254887</total>
				<timestamp>34.641697</timestamp>
			</report>
			<report>
				<misses>316001</misses>
				<total>255886</total>
				<timestamp>34.751595</timestamp>
			</report>
			<report>
				<misses>317001</misses>
				<total>256885</total>
				<timestamp>34.861503</timestamp>
			</report>
			<report>
				<misses>318001</misses>
				<total>257884</total>
				<timestamp>34.971377</timestamp>
			</report>
			<report>
				<misses>319001</misses>
				<total>258883</total>
				<timestamp>35.081338</timestamp>
			</report>
			<report>
				<misses>320001</misses>
				<total>259882</total>
				<timestamp>35.191337</timestamp>
			</report>
			<report>
				<misses>321001</misses>
				<total>260881</total>
				<timestamp>35.301313</timestamp>
			</report>
			<report>
				<misses>322001</misses>
				<total>261880</total>
				<timestamp>35.411284</timestamp>
			</report>
			<report>
				<misses>323001</misses>
				<total>262879</total>
				<timestamp>35.521156</timestamp>
			</report>
			<report>
				<misses>324001</misses>
				<total>263878</total>
				<timestamp>35.631038</timestamp>
			</report>
			<report>
				<misses>325001</misses>
				<total>264877</total>
				<timestamp>35.741017</timestamp>
			</report>
			<report>
				<misses>326001</misses>
				<total>265876</total>
				<timestamp>35.851078</timestamp>
			</report>
			<report>
				<misses>327001</misses>
				<total>266875</total>
				<timestamp>35.960999</timestamp>
			</report>
			<report>
				<misses>328001</misses>
				<total>267874</total>
				<timestamp>36.071007</timestamp>
			</report>
			<report>
				<misses>329001</misses>
				<total>268873</total>
				<timestamp>36.181075</timestamp>
			</report>
			<report>
				<misses>330001</misses>
				<total>269872</total>
				<timestamp>36.290969</timestamp>
			</report>
			<report>
				<misses>331001</misses>
				<total>270871</total>
				<timestamp>36.400839</timestamp>
			</report>
			<report>
				<misses>332001</misses>
				<total>271870</total>
				<timestamp>36.510724</timestamp>
			</report>
			<report>
				<misses>333001</misses>
				<total>272869</total>
				<timestamp>36.620634</timestamp>
			</report>
			<report>
				<misses>334001</misses>
				<total>273868</total>
				<timestamp>36.730519</timestamp>
			</report>
			<report>
				<misses>335001</misses>
				<total>274867</total>
				<timestamp>36.840389</timestamp>
			</report>
			<report>
				<misses>336001</misses>
				<total>275866</total>
				<timestamp>36.950336</timestamp>
			</report>
			<report>
				<misses>337001</misses>
				<total>276865</total>
				<timestamp>37.060364</timestamp>
			</report>
			<report>
				<misses>338001</misses>
				<total>277864</total>
				<timestamp>37.170314</timestamp>
			</report>
			<report>
				<misses>339001</misses>
				<total>278863</total>
				<timestamp>37.280340</timestamp>
			</report>
			<report>
				<misses>340001</misses>
				<total>279862</total>
				<timestamp>37.390305</timestamp>
			</report>
			<report>
				<misses>341001</misses>
				<total>280861</total>
				<timestamp>37.500267</timestamp>
			</report>
			<report>
				<misses>342001</misses>
				<total>281860</total>
				<timestamp>37.610177</timestamp>
			</report>
			<report>
				<misses>343001</misses>
				<total>282859</total>
				<timestamp>37.720161</timestamp>
			</report>
			<report>
				<misses>344001</misses>
				<total>283858</total>
				<timestamp>37.830084</timestamp>
			</report>
			<report>
				<misses>345001</misses>
				<total>284857</total>
				<timestamp>37.939977</timestamp>
			</report>
			<report>
				<misses>346001</misses>
				<total>285856</total>
				<timestamp>38.049844</timestamp>
			</report>
			<report>
				<misses>347001</misses>
				<total>286855</total>
				<timestamp>38.159723</timestamp>
			</report>
			<report>
				<misses>348001</misses>
				<total>287854</total>
				<timestamp>38.269767</timestamp>
			</report>
			<report>
				<misses>349001</misses>
				<total>288853</total>
				<timestamp>38.379730</timestamp>
			</report>
			<report>
				<misses>350001</misses>
				<total>289852</total>
				<timestamp>38.489632</timestamp>
			</report>
			<report>
				<misses>351001</misses>
				<total>290851</total>
				<timestamp>38.599507</timestamp>
			</report>
			<report>
				<misses>352001</misses>
				<total>291850</total>
				<timestamp>38.709415</timestamp>
			</report>
			<report>
				<misses>353001</misses>
				<total>292849</total>
				<timestamp>38.819335</timestamp>
			</report>
			<report>
				<misses>354001</misses>
				<total>293848</total>
				<timestamp>38.929340</timestamp>
			</report>
			<report>
				<misses>355001</misses>
				<total>294847</total>
				<timestamp>39.039329</timestamp>
			</report>
			<report>
				<misses>356001</misses>
				<total>295846</total>
				<timestamp>39.149340</timestamp>
			</report>
			<report>
				<misses>357001</misses>
				<total>296590</total>
				<timestamp>39.259309</timestamp>
			</report>
			<report>
				<misses>358001</misses>
				<total>296590</total>
				<timestamp>39.369170</timestamp>
			</report>
			<report>
				<misses>359001</misses>
				<total>296590</total>
				<timestamp>39.479069</timestamp>
			</report>
			<report>
				<misses>360001</misses>
				<total>296590</total>
				<timestamp>39.589064</timestamp>
			</report>
			<report>
				<misses>361001</misses>
				<total>296590</total>
				<timestamp>39.699025</timestamp>
			</report>
			<report>
				<misses>362001</misses>
				<total>296590</total>
				<timestamp>39.809019</timestamp>
			</report>
			<report>
				<misses>363001</misses>
				<total>297010</total>
				<timestamp>39.919045</timestamp>
			</report>
			<report>
				<misses>364001</misses>
				<total>298009</total>
				<timestamp>40.029054</timestamp>
			</report>
			<report>
				<misses>365001</misses>
				<total>299008</total>
				<timestamp>40.139018</timestamp>
			</report>
			<report>
				<misses>366001</misses>
				<total>300007</total>
				<timestamp>40.249198</timestamp>
			</report>
			<report>
				<misses>367001</misses>
				<total>301006</total>
				<timestamp>40.359064</timestamp>
			</report>
			<report>
				<misses>368001</misses>
				<total>302005</total>
				<timestamp>40.469043</timestamp>
			</report>
			<report>
				<misses>369001</misses>
				<total>303004</total>
				<timestamp>40.579070</timestamp>
			</report>
			<report>
				<misses>370001</misses>
				<total>304003</total>
				<timestamp>40.689070</timestamp>
			</report>
			<report>
				<misses>371001</misses>
				<total>304714</total>
				<timestamp>40.799050</timestamp>
			</report>
			<report>
				<misses>372001</misses>
				<total>304715</total>
				<timestamp>40.909049</timestamp>
			</report>
			<report>
				<misses>373001</misses>
				<total>304792</total>
				<timestamp>41.019075</timestamp>
			</report>
			<report>
				<misses>374001</misses>
				<total>305791</total>
				<timestamp>41.129056</timestamp>
			</report>
			<report>
				<misses>375001</misses>
				<total>306790</total>
				<timestamp>41.238972</timestamp>
			</report>
			<report>
				<misses>376001</misses>
				<total>307789</total>
				<timestamp>41.348957</timestamp>
			</report>
			<report>
				<misses>377001</misses>
				<total>308788</total>
				<timestamp>41.458949</timestamp>
			</report>
			<report>
				<misses>378001</misses>
				<total>309787</total>
				<timestamp>41.568976</timestamp>
			</report>
			<report>
				<misses>379001</misses>
				<total>310786</total>
				<timestamp>41.678922</timestamp>
			</report>
			<report>
				<misses>380001</misses>
				<total>311785</total>
				<timestamp>41.788942</timestamp>
			</report>
			<report>
				<misses>381001</misses>
				<total>312784</total>
				<timestamp>41.898901</timestamp>
			</report>
			<report>
				<misses>382001</misses>
				<total>313783</total>
				<timestamp>42.008907</timestamp>
			</report>
			<report>
				<misses>383001</misses>
				<total>314782</total>
				<timestamp>42.118922</timestamp>
			</report>
			<report>
				<misses>384001</misses>
				<total>315781</total>
				<timestamp>42.228915</timestamp>
			</report>
			<report>
				<misses>385001</misses>
				<total>316458</total>
				<timestamp>42.338989</timestamp>
			</report>
			<report>
				<misses>386001</misses>
				<total>316458</total>
				<timestamp>42.448913</timestamp>
			</report>
			<report>
				<misses>387001</misses>
				<total>316458</total>
				<timestamp>42.558874</timestamp>
			</report>
			<report>
				<misses>388001</misses>
				<total>316458</total>
				<timestamp>42.668733</timestamp>
			</report>
			<report>
				<misses>389001</misses>
				<total>316460</total>
				<timestamp>42.778656</timestamp>
			</report>
			<report>
				<misses>390001</misses>
				<total>316460</total>
				<timestamp>42.888597</timestamp>
			</report>
			<report>
				<misses>391001</misses>
				<total>316461</total>
				<timestamp>42.998532</timestamp>
			</report>
			<report>
				<misses>392001</misses>
				<total>316459</total>
				<timestamp>43.108574</timestamp>
			</report>
			<report>
				<misses>393001</misses>
				<total>316460</total>
				<timestamp>43.218573</timestamp>
			</report>
			<report>
				<misses>394001</misses>
				<total>316460</total>
				<timestamp>43.328520</timestamp>
			</report>
			<report>
				<misses>395001</misses>
				<total>316460</total>
				<timestamp>43.438460</timestamp>
			</report>
			<report>
				<misses>396001</misses>
				<total>316460</total>
				<timestamp>43.548431</timestamp>
			</report>
			<report>
				<misses>397001</misses>
				<total>316460</total>
				<timestamp>43.658316</timestamp>
			</report>
			<report>
				<misses>398001</misses>
				<total>316461</total>
				<timestamp>43.768213</timestamp>
			</report>
			<report>
				<misses>399001</misses>
				<total>316460</total>
				<timestamp>43.878101</timestamp>
			</report>
			<report>
				<misses>400001</misses>
				<total>316460</total>
				<timestamp>43.987977</timestamp>
			</report>
			<report>
				<misses>401001</misses>
				<total>316460</total>
				<timestamp>44.097945</timestamp>
			</report>
			<report>
				<misses>402001</misses>
				<total>316460</total>
				<timestamp>44.207939</timestamp>
			</report>
			<report>
				<misses>403001</misses>
				<total>316460</total>
				<timestamp>44.317939</timestamp>
			</report>
			<report>
				<misses>404001</misses>
				<total>316460</total>
				<timestamp>44.427947</timestamp>
			</report>
			<report>
				<misses>405001</misses>
				<total>316460</total>
				<timestamp>44.537978</timestamp>
			</report>
			<report>
				<misses>406001</misses>
				<total>316461</total>
				<timestamp>44.647858</timestamp>
			</report>
			<report>
				<misses>407001</misses>
				<total>316460</total>
				<timestamp>44.757762</timestamp>
			</report>
			<report>
				<misses>408001</misses>
				<total>316461</total>
				<timestamp>44.867631</timestamp>
			</report>
			<report>
				<misses>409001</misses>
				<total>316460</total>
				<timestamp>44.977592</timestamp>
			</report>
			<report>
				<misses>410001</misses>
				<total>316459</total>
				<timestamp>45.087578</timestamp>
			</report>
			<report>
				<misses>411001</misses>
				<total>316460</total>
				<timestamp>45.197592</timestamp>
			</report>
			<report>
				<misses>412001</misses>
				<total>316460</total>
				<timestamp>45.307515</timestamp>
			</report>
			<report>
				<misses>413001</misses>
				<total>316460</total>
				<timestamp>45.417426</timestamp>
			</report>
			<report>
				<misses>414001</misses>
				<total>316460</total>
				<timestamp>45.527335</timestamp>
			</report>
			<report>
				<misses>415001</misses>
				<total>316464</total>
				<timestamp>45.637184</timestamp>
			</report>
			<report>
				<misses>416001</misses>
				<total>316464</total>
				<timestamp>45.747140</timestamp>
			</report>
			<report>
				<misses>417001</misses>
				<total>316464</total>
				<timestamp>45.857102</timestamp>
			</report>
			<report>
				<misses>418001</misses>
				<total>316464</total>
				<timestamp>45.967014</timestamp>
			</report>
			<report>
				<misses>419001</misses>
				<total>316464</total>
				<timestamp>46.077032</timestamp>
			</report>
			<report>
				<misses>420001</misses>
				<total>316464</total>
				<timestamp>46.187021</timestamp>
			</report>
			<report>
				<misses>421001</misses>
				<total>316490</total>
				<timestamp>46.297022</timestamp>
			</report>
			<report>
				<misses>422001</misses>
				<total>316490</total>
				<timestamp>46.407018</timestamp>
			</report>
			<report>
				<misses>423001</misses>
				<total>316504</total>
				<timestamp>46.517011</timestamp>
			</report>
			<report>
				<misses>424001</misses>
				<total>316504</total>
				<timestamp>46.626917</timestamp>
			</report>
			<report>
				<misses>425001</misses>
				<total>317352</total>
				<timestamp>46.736943</timestamp>
			</report>
			<report>
				<misses>426001</misses>
				<total>318351</total>
				<timestamp>46.846918</timestamp>
			</report>
			<report>
				<misses>427001</misses>
				<total>319350</total>
				<timestamp>46.956932</timestamp>
			</report>
			<report>
				<misses>428001</misses>
				<total>320349</total>
				<timestamp>47.066911</timestamp>
			</report>
			<report>
				<misses>429001</misses>
				<total>321348</total>
				<timestamp>47.176914</timestamp>
			</report>
			<report>
				<misses>430001</misses>
				<total>322347</total>
				<timestamp>47.286936</timestamp>
			</report>
			<report>
				<misses>431001</misses>
				<total>323346</total>
				<timestamp>47.396948</timestamp>
			</report>
			<report>
				<misses>432001</misses>
				<total>324345</total>
				<timestamp>47.506918</timestamp>
			</report>
			<report>
				<misses>433001</misses>
				<total>325344</total>
				<timestamp>47.617009</timestamp>
			</report>
			<report>
				<misses>434001</misses>
				<total>326343</total>
				<timestamp>47.726880</timestamp>
			</report>
			<report>
				<misses>435001</misses>
				<total>327342</total>
				<timestamp>47.836783</timestamp>
			</report>
			<report>
				<misses>436001</misses>
				<total>328341</total>
				<timestamp>47.946643</timestamp>
			</report>
			<report>
				<misses>437001</misses>
				<total>329340</total>
				<timestamp>48.056558</timestamp>
			</report>
			<report>
				<misses>438001</misses>
				<total>330339</total>
				<timestamp>48.166466</timestamp>
			</report>
			<report>
				<misses>439001</misses>
				<total>331338</total>
				<timestamp>48.276479</timestamp>
			</report>
			<report>
				<misses>440001</misses>
				<total>332337</total>
				<timestamp>48.386483</timestamp>
			</report>
			<report>
				<misses>441001</misses>
				<total>333336</total>
				<timestamp>48.496455</timestamp>
			</report>
			<report>
				<misses>442001</misses>
				<total>334335</total>
				<timestamp>48.606354</timestamp>
			</report>
			<report>
				<misses>443001</misses>
				<total>335334</total>
				<timestamp>48.716330</timestamp>
			</report>
			<report>
				<misses>444001</misses>
				<total>336333</total>
				<timestamp>48.826201</timestamp>
			</report>
			<report>
				<misses>445001</misses>
				<total>337332</total>
				<timestamp>48.936182</timestamp>
			</report>
			<report>
				<misses>446001</misses>
				<total>338331</total>
				<timestamp>49.046202</timestamp>
			</report>
			<report>
				<misses>447001</misses>
				<total>339330</total>
				<timestamp>49.156099</timestamp>
			</report>
			<report>
				<misses>448001</misses>
				<total>340329</total>
				<timestamp>49.266051</timestamp>
			</report>
			<report>
				<misses>449001</misses>
				<total>341328</total>
				<timestamp>49.376057</timestamp>
			</report>
			<report>
				<misses>450001</misses>
				<total>342327</total>
				<timestamp>49.486014</timestamp>
			</report>
			<report>
				<misses>451001</misses>
				<total>343326</total>
				<timestamp>49.596008</timestamp>
			</report>
			<report>
				<misses>452001</misses>
				<total>344325</total>
				<timestamp>49.706005</timestamp>
			</report>
			<report>
				<misses>453001</misses>
				<total>345324</total>
				<timestamp>49.815944</timestamp>
			</report>
			<report>
				<misses>454001</misses>
				<total>346323</total>
				<timestamp>49.925930</timestamp>
			</report>
			<report>
				<misses>455001</misses>
				<total>347322</total>
				<timestamp>50.035991</timestamp>
			</report>
			<report>
				<misses>456001</misses>
				<total>348321</total>
				<timestamp>50.145932</timestamp>
			</report>
			<report>
				<misses>457001</misses>
				<total>349320</total>
				<timestamp>50.255931</timestamp>
			</report>
			<report>
				<misses>458001</misses>
				<total>350319</total>
				<timestamp>50.365893</timestamp>
			</report>
			<report>
				<misses>459001</misses>
				<total>351318</total>
				<timestamp>50.475861</timestamp>
			</report>
			<report>
				<misses>460001</misses>
				<total>352317</total>
				<timestamp>50.585838</timestamp>
			</report>
			<report>
				<misses>461001</misses>
				<total>353316</total>
				<timestamp>50.695847</timestamp>
			</report>
			<report>
				<misses>462001</misses>
				<total>354315</total>
				<timestamp>50.805841</timestamp>
			</report>
			<report>
				<misses>463001</misses>
				<total>355314</total>
				<timestamp>50.915839</timestamp>
			</report>
			<report>
				<misses>464001</misses>
				<total>356313</total>
				<timestamp>51.025867</timestamp>
			</report>
			<report>
				<misses>465001</misses>
				<total>357312</total>
				<timestamp>51.135826</timestamp>
			</report>
			<report>
				<misses>466001</misses>
				<total>358311</total>
				<timestamp>51.245833</timestamp>
			</report>
			<report>
				<misses>467001</misses>
				<total>359310</total>
				<timestamp>51.355797</timestamp>
			</report>
			<report>
				<misses>468001</misses>
				<total>360309</total>
				<timestamp>51.465681</timestamp>
			</report>
			<report>
				<misses>469001</misses>
				<total>361308</total>
				<timestamp>51.575577</timestamp>
			</report>
			<report>
				<misses>470001</misses>
				<total>362307</total>
				<timestamp>51.685472</timestamp>
			</report>
			<report>
				<misses>471001</misses>
				<total>363306</total>
				<timestamp>51.795476</timestamp>
			</report>
			<report>
				<misses>472001</misses>
				<total>364305</total>
				<timestamp>51.905477</timestamp>
			</report>
			<report>
				<misses>473001</misses>
				<total>365304</total>
				<timestamp>52.015466</timestamp>
			</report>
			<report>
				<misses>474001</misses>
				<total>366303</total>
				<timestamp>52.125340</timestamp>
			</report>
			<report>
				<misses>475001</misses>
				<total>367302</total>
				<timestamp>52.235226</timestamp>
			</report>
			<report>
				<misses>476001</misses>
				<total>368301</total>
				<timestamp>52.345102</timestamp>
			</report>
			<report>
				<misses>477001</misses>
				<total>369300</total>
				<timestamp>52.455014</timestamp>
			</report>
			<report>
				<misses>478001</misses>
				<total>370299</total>
				<timestamp>52.564955</timestamp>
			</report>
			<report>
				<misses>479001</misses>
				<total>371298</total>
				<timestamp>52.674939</timestamp>
			</report>
			<report>
				<misses>480001</misses>
				<total>372297</total>
				<timestamp>52.785220</timestamp>
			</report>
			<report>
				<misses>481001</misses>
				<total>373296</total>
				<timestamp>52.895152</timestamp>
			</report>
			<report>
				<misses>482001</misses>
				<total>374295</total>
				<timestamp>53.005142</timestamp>
			</report>
			<report>
				<misses>483001</misses>
				<total>375294</total>
				<timestamp>53.114996</timestamp>
			</report>
			<report>
				<misses>484001</misses>
				<total>376293</total>
				<timestamp>53.224956</timestamp>
			</report>
			<report>
				<misses>485001</misses>
				<total>377292</total>
				<timestamp>53.334955</timestamp>
			</report>
			<report>
				<misses>486001</misses>
				<total>378291</total>
				<timestamp>53.444961</timestamp>
			</report>
			<report>
				<misses>487001</misses>
				<total>379290</total>
				<timestamp>53.555063</timestamp>
			</report>
			<report>
				<misses>488001</misses>
				<total>380289</total>
				<timestamp>53.665033</timestamp>
			</report>
			<report>
				<misses>489001</misses>
				<total>381288</total>
				<timestamp>53.774966</timestamp>
			</report>
			<report>
				<misses>490001</misses>
				<total>382287</total>
				<timestamp>53.884973</timestamp>
			</report>
			<report>
				<misses>491001</misses>
				<total>383286</total>
				<timestamp>53.994900</timestamp>
			</report>
			<report>
				<misses>492001</misses>
				<total>384285</total>
				<timestamp>54.104832</timestamp>
			</report>
			<report>
				<misses>493001</misses>
				<total>385284</total>
				<timestamp>54.214808</timestamp>
			</report>
			<report>
				<misses>494001</misses>
				<total>386283</total>
				<timestamp>54.324703</timestamp>
			</report>
			<report>
				<misses>495001</misses>
				<total>387282</total>
				<timestamp>54.434584</timestamp>
			</report>
			<report>
				<misses>496001</misses>
				<total>388281</total>
				<timestamp>54.544451</timestamp>
			</report>
			<report>
				<misses>497001</misses>
				<total>389280</total>
				<timestamp>54.654341</timestamp>
			</report>
			<report>
				<misses>498001</misses>
				<total>390279</total>
				<timestamp>54.764229</timestamp>
			</report>
			<report>
				<misses>499001</misses>
				<total>391278</total>
				<timestamp>54.874113</timestamp>
			</report>
			<report>
				<misses>500001</misses>
				<total>392277</total>
				<timestamp>54.984027</timestamp>
			</report>
			<report>
				<misses>501001</misses>
				<total>393276</total>
				<timestamp>55.093882</timestamp>
			</report>
			<report>
				<misses>502001</misses>
				<total>394275</total>
				<timestamp>55.203822</timestamp>
			</report>
			<report>
				<misses>503001</misses>
				<total>395274</total>
				<timestamp>55.313873</timestamp>
			</report>
			<report>
				<misses>504001</misses>
				<total>396273</total>
				<timestamp>55.423827</timestamp>
			</report>
			<report>
				<misses>505001</misses>
				<total>397272</total>
				<timestamp>55.533844</timestamp>
			</report>
			<report>
				<misses>506001</misses>
				<total>398271</total>
				<timestamp>55.643849</timestamp>
			</report>
			<report>
				<misses>507001</misses>
				<total>399270</total>
				<timestamp>55.753864</timestamp>
			</report>
			<report>
				<misses>508001</misses>
				<total>400269</total>
				<timestamp>55.863806</timestamp>
			</report>
			<report>
				<misses>509001</misses>
				<total>401268</total>
				<timestamp>55.973697</timestamp>
			</report>
			<report>
				<misses>510001</misses>
				<total>402267</total>
				<timestamp>56.083652</timestamp>
			</report>
			<report>
				<misses>511001</misses>
				<total>403266</total>
				<timestamp>56.193573</timestamp>
			</report>
			<report>
				<misses>512001</misses>
				<total>404265</total>
				<timestamp>56.303457</timestamp>
			</report>
			<report>
				<misses>513001</misses>
				<total>405264</total>
				<timestamp>56.413365</timestamp>
			</report>
			<report>
				<misses>514001</misses>
				<total>406263</total>
				<timestamp>56.523350</timestamp>
			</report>
			<report>
				<misses>515001</misses>
				<total>407262</total>
				<timestamp>56.633252</timestamp>
			</report>
			<report>
				<misses>516001</misses>
				<total>408261</total>
				<timestamp>56.743129</timestamp>
			</report>
			<report>
				<misses>517001</misses>
				<total>409260</total>
				<timestamp>56.853015</timestamp>
			</report>
			<report>
				<misses>518001</misses>
				<total>410259</total>
				<timestamp>56.962953</timestamp>
			</report>
			<report>
				<misses>519001</misses>
				<total>411258</total>
				<timestamp>57.072945</timestamp>
			</report>
			<report>
				<misses>520001</misses>
				<total>412257</total>
				<timestamp>57.182961</timestamp>
			</report>
			<report>
				<misses>521001</misses>
				<total>413256</total>
				<timestamp>57.293011</timestamp>
			</report>
			<report>
				<misses>522001</misses>
				<total>414255</total>
				<timestamp>57.402931</timestamp>
			</report>
			<report>
				<misses>523001</misses>
				<total>415254</total>
				<timestamp>57.512858</timestamp>
			</report>
			<report>
				<misses>524001</misses>
				<total>416253</total>
				<timestamp>57.622801</timestamp>
			</report>
			<report>
				<misses>525001</misses>
				<total>417252</total>
				<timestamp>57.732709</timestamp>
			</report>
			<report>
				<misses>526001</misses>
				<total>418251</total>
				<timestamp>57.842592</timestamp>
			</report>
			<report>
				<misses>527001</misses>
				<total>419250</total>
				<timestamp>57.952552</timestamp>
			</report>
			<report>
				<misses>528001</misses>
				<total>420249</total>
				<timestamp>58.062459</timestamp>
			</report>
			<report>
				<misses>529001</misses>
				<total>421248</total>
				<timestamp>58.172361</timestamp>
			</report>
			<report>
				<misses>530001</misses>
				<total>422247</total>
				<timestamp>58.282259</timestamp>
			</report>
			<report>
				<misses>531001</misses>
				<total>423246</total>
				<timestamp>58.392122</timestamp>
			</report>
			<report>
				<misses>532001</misses>
				<total>424245</total>
				<timestamp>58.502025</timestamp>
			</report>
			<report>
				<misses>533001</misses>
				<total>425244</total>
				<timestamp>58.611957</timestamp>
			</report>
			<report>
				<misses>534001</misses>
				<total>426243</total>
				<timestamp>58.721948</timestamp>
			</report>
			<report>
				<misses>535001</misses>
				<total>427242</total>
				<timestamp>58.831850</timestamp>
			</report>
			<report>
				<misses>536001</misses>
				<total>428241</total>
				<timestamp>58.941930</timestamp>
			</report>
			<report>
				<misses>537001</misses>
				<total>429240</total>
				<timestamp>59.051884</timestamp>
			</report>
			<report>
				<misses>538001</misses>
				<total>430239</total>
				<timestamp>59.161865</timestamp>
			</report>
			<report>
				<misses>539001</misses>
				<total>431238</total>
				<timestamp>59.271879</timestamp>
			</report>
			<report>
				<misses>540001</misses>
				<total>432237</total>
				<timestamp>59.381883</timestamp>
			</report>
			<report>
				<misses>541001</misses>
				<total>433236</total>
				<timestamp>59.491894</timestamp>
			</report>
			<report>
				<misses>542001</misses>
				<total>434235</total>
				<timestamp>59.601845</timestamp>
			</report>
			<report>
				<misses>543001</misses>
				<total>435234</total>
				<timestamp>59.711931</timestamp>
			</report>
			<report>
				<misses>544001</misses>
				<total>436233</total>
				<timestamp>59.821865</timestamp>
			</report>
			<report>
				<misses>545001</misses>
				<total>437232</total>
				<timestamp>59.931835</timestamp>
			</report>
			<report>
				<misses>546001</misses>
				<total>438231</total>
				<timestamp>60.041787</timestamp>
			</report>
			<report>
				<misses>547001</misses>
				<total>439230</total>
				<timestamp>60.151866</timestamp>
			</report>
			<report>
				<misses>548001</misses>
				<total>440229</total>
				<timestamp>60.261822</timestamp>
			</report>
			<report>
				<misses>549001</misses>
				<total>441228</total>
				<timestamp>60.371795</timestamp>
			</report>
			<report>
				<misses>550001</misses>
				<total>442227</total>
				<timestamp>60.481777</timestamp>
			</report>
			<report>
				<misses>551001</misses>
				<total>443226</total>
				<timestamp>60.591786</timestamp>
			</report>
			<report>
				<misses>552001</misses>
				<total>444225</total>
				<timestamp>60.702026</timestamp>
			</report>
			<report>
				<misses>553001</misses>
				<total>445224</total>
				<timestamp>60.811946</timestamp>
			</report>
			<report>
				<misses>554001</misses>
				<total>446223</total>
				<timestamp>60.921852</timestamp>
			</report>
			<report>
				<misses>555001</misses>
				<total>447222</total>
				<timestamp>61.031848</timestamp>
			</report>
			<report>
				<misses>556001</misses>
				<total>448221</total>
				<timestamp>61.141852</timestamp>
			</report>
			<report>
				<misses>557001</misses>
				<total>449220</total>
				<timestamp>61.251926</timestamp>
			</report>
			<report>
				<misses>558001</misses>
				<total>450219</total>
				<timestamp>61.361850</timestamp>
			</report>
			<report>
				<misses>559001</misses>
				<total>451218</total>
				<timestamp>61.471821</timestamp>
			</report>
			<report>
				<misses>560001</misses>
				<total>452217</total>
				<timestamp>61.581922</timestamp>
			</report>
			<report>
				<misses>561001</misses>
				<total>453216</total>
				<timestamp>61.691853</timestamp>
			</report>
			<report>
				<misses>562001</misses>
				<total>454215</total>
				<timestamp>61.801870</timestamp>
			</report>
			<report>
				<misses>563001</misses>
				<total>455214</total>
				<timestamp>61.911864</timestamp>
			</report>
			<report>
				<misses>564001</misses>
				<total>456213</total>
				<timestamp>62.021839</timestamp>
			</report>
			<report>
				<misses>565001</misses>
				<total>457212</total>
				<timestamp>62.131782</timestamp>
			</report>
			<report>
				<misses>566001</misses>
				<total>458211</total>
				<timestamp>62.241781</timestamp>
			</report>
			<report>
				<misses>567001</misses>
				<total>459210</total>
				<timestamp>62.351788</timestamp>
			</report>
			<report>
				<misses>568001</misses>
				<total>460209</total>
				<timestamp>62.461767</timestamp>
			</report>
			<report>
				<misses>569001</misses>
				<total>461208</total>
				<timestamp>62.571708</timestamp>
			</report>
			<report>
				<misses>570001</misses>
				<total>462207</total>
				<timestamp>62.681605</timestamp>
			</report>
			<report>
				<misses>571001</misses>
				<total>463206</total>
				<timestamp>62.791591</timestamp>
			</report>
			<report>
				<misses>572001</misses>
				<total>464205</total>
				<timestamp>62.901492</timestamp>
			</report>
			<report>
				<misses>573001</misses>
				<total>465204</total>
				<timestamp>63.011445</timestamp>
			</report>
			<report>
				<misses>574001</misses>
				<total>466203</total>
				<timestamp>63.121380</timestamp>
			</report>
			<report>
				<misses>575001</misses>
				<total>467202</total>
				<timestamp>63.231317</timestamp>
			</report>
			<report>
				<misses>576001</misses>
				<total>468201</total>
				<timestamp>63.341256</timestamp>
			</report>
			<report>
				<misses>577001</misses>
				<total>469200</total>
				<timestamp>63.451153</timestamp>
			</report>
			<report>
				<misses>578001</misses>
				<total>470199</total>
				<timestamp>63.561046</timestamp>
			</report>
			<report>
				<misses>579001</misses>
				<total>471198</total>
				<timestamp>63.670949</timestamp>
			</report>
			<report>
				<misses>580001</misses>
				<total>472197</total>
				<timestamp>63.780903</timestamp>
			</report>
			<report>
				<misses>581001</misses>
				<total>473196</total>
				<timestamp>63.890921</timestamp>
			</report>
			<report>
				<misses>582001</misses>
				<total>474195</total>
				<timestamp>64.000893</timestamp>
			</report>
			<report>
				<misses>583001</misses>
				<total>475194</total>
				<timestamp>64.110888</timestamp>
			</report>
			<report>
				<misses>584001</misses>
				<total>476193</total>
				<timestamp>64.220856</timestamp>
			</report>
			<report>
				<misses>585001</misses>
				<total>477192</total>
				<timestamp>64.330893</timestamp>
			</report>
			<report>
				<misses>586001</misses>
				<total>478191</total>
				<timestamp>64.440844</timestamp>
			</report>
			<report>
				<misses>587001</misses>
				<total>479190</total>
				<timestamp>64.550859</timestamp>
			</report>
			<report>
				<misses>588001</misses>
				<total>480189</total>
				<timestamp>64.660921</timestamp>
			</report>
			<report>
				<misses>589001</misses>
				<total>481188</total>
				<timestamp>64.770833</timestamp>
			</report>
			<report>
				<misses>590001</misses>
				<total>482187</total>
				<timestamp>64.880824</timestamp>
			</report>
			<report>
				<misses>591001</misses>
				<total>483186</total>
				<timestamp>64.990835</timestamp>
			</report>
			<report>
				<misses>592001</misses>
				<total>484185</total>
				<timestamp>65.100772</timestamp>
			</report>
			<report>
				<misses>593001</misses>
				<total>485184</total>
				<timestamp>65.210835</timestamp>
			</report>
			<report>
				<misses>594001</misses>
				<total>486183</total>
				<timestamp>65.320834</timestamp>
			</report>
			<report>
				<misses>595001</misses>
				<total>487182</total>
				<timestamp>65.430791</timestamp>
			</report>
			<report>
				<misses>596001</misses>
				<total>488181</total>
				<timestamp>65.540825</timestamp>
			</report>
			<report>
				<misses>597001</misses>
				<total>489180</total>
				<timestamp>65.650753</timestamp>
			</report>
			<report>
				<misses>598001</misses>
				<total>490179</total>
				<timestamp>65.760843</timestamp>
			</report>
			<report>
				<misses>599001</misses>
				<total>491178</total>
				<timestamp>65.870835</timestamp>
			</report>
			<report>
				<misses>600001</misses>
				<total>492177</total>
				<timestamp>65.980840</timestamp>
			</report>
			<report>
				<misses>601001</misses>
				<total>493176</total>
				<timestamp>66.090740</timestamp>
			</report>
			<report>
				<misses>602001</misses>
				<total>494175</total>
				<timestamp>66.200605</timestamp>
			</report>
			<report>
				<misses>603001</misses>
				<total>495174</total>
				<timestamp>66.310555</timestamp>
			</report>
			<report>
				<misses>604001</misses>
				<total>496173</total>
				<timestamp>66.420566</timestamp>
			</report>
			<report>
				<misses>605001</misses>
				<total>497172</total>
				<timestamp>66.530560</timestamp>
			</report>
			<report>
				<misses>606001</misses>
				<total>498171</total>
				<timestamp>66.640496</timestamp>
			</report>
			<report>
				<misses>607001</misses>
				<total>499170</total>
				<timestamp>66.750388</timestamp>
			</report>
			<report>
				<misses>608001</misses>
				<total>500169</total>
				<timestamp>66.860332</timestamp>
			</report>
			<report>
				<misses>609001</misses>
				<total>501168</total>
				<timestamp>66.970341</timestamp>
			</report>
			<report>
				<misses>610001</misses>
				<total>502167</total>
				<timestamp>67.080277</timestamp>
			</report>
			<report>
				<misses>611001</misses>
				<total>503166</total>
				<timestamp>67.190154</timestamp>
			</report>
			<report>
				<misses>612001</misses>
				<total>504165</total>
				<timestamp>67.300076</timestamp>
			</report>
			<report>
				<misses>613001</misses>
				<total>505164</total>
				<timestamp>67.409944</timestamp>
			</report>
			<report>
				<misses>614001</misses>
				<total>506163</total>
				<timestamp>67.519885</timestamp>
			</report>
			<report>
				<misses>615001</misses>
				<total>507162</total>
				<timestamp>67.629867</timestamp>
			</report>
			<report>
				<misses>616001</misses>
				<total>508161</total>
				<timestamp>67.739877</timestamp>
			</report>
			<report>
				<misses>617001</misses>
				<total>509160</total>
				<timestamp>67.849884</timestamp>
			</report>
			<report>
				<misses>618001</misses>
				<total>510159</total>
				<timestamp>67.959881</timestamp>
			</report>
			<report>
				<misses>619001</misses>
				<total>511158</total>
				<timestamp>68.069889</timestamp>
			</report>
			<report>
				<misses>620001</misses>
				<total>512157</total>
				<timestamp>68.179916</timestamp>
			</report>
			<report>
				<misses>621001</misses>
				<total>513156</total>
				<timestamp>68.289880</timestamp>
			</report>
			<report>
				<misses>622001</misses>
				<total>514155</total>
				<timestamp>68.399881</timestamp>
			</report>
			<report>
				<misses>623001</misses>
				<total>515154</total>
				<timestamp>68.509886</timestamp>
			</report>
			<report>
				<misses>624001</misses>
				<total>516153</total>
				<timestamp>68.619948</timestamp>
			</report>
			<report>
				<misses>625001</misses>
				<total>517152</total>
				<timestamp>68.729897</timestamp>
			</report>
			<report>
				<misses>626001</misses>
				<total>518151</total>
				<timestamp>68.839881</timestamp>
			</report>
			<report>
				<misses>627001</misses>
				<total>519150</total>
				<timestamp>68.949882</timestamp>
			</report>
			<report>
				<misses>628001</misses>
				<total>520149</total>
				<timestamp>69.059856</timestamp>
			</report>
			<report>
				<misses>629001</misses>
				<total>521148</total>
				<timestamp>69.169791</timestamp>
			</report>
			<report>
				<misses>630001</misses>
				<total>522147</total>
				<timestamp>69.279810</timestamp>
			</report>
			<report>
				<misses>631001</misses>
				<total>523146</total>
				<timestamp>69.389803</timestamp>
			</report>
			<report>
				<misses>632001</misses>
				<total>524145</total>
				<timestamp>69.499778</timestamp>
			</report>
			<report>
				<misses>633001</misses>
				<total>525144</total>
				<timestamp>69.609785</timestamp>
			</report>
			<report>
				<misses>634001</misses>
				<total>526143</total>
				<timestamp>69.719793</timestamp>
			</report>
			<report>
				<misses>635001</misses>
				<total>527142</total>
				<timestamp>69.829774</timestamp>
			</report>
			<report>
				<misses>636001</misses>
				<total>528141</total>
				<timestamp>69.939818</timestamp>
			</report>
			<report>
				<misses>637001</misses>
				<total>528244</total>
				<timestamp>70.049797</timestamp>
			</report>
			<report>
				<misses>638001</misses>
				<total>528244</total>
				<timestamp>70.159781</timestamp>
			</report>
			<report>
				<misses>639001</misses>
				<total>528245</total>
				<timestamp>70.269798</timestamp>
			</report>
			<report>
				<misses>640001</misses>
				<total>528244</total>
				<timestamp>70.379800</timestamp>
			</report>
			<report>
				<misses>641001</misses>
				<total>528662</total>
				<timestamp>70.489776</timestamp>
			</report>
			<report>
				<misses>642001</misses>
				<total>529661</total>
				<timestamp>70.599814</timestamp>
			</report>
			<report>
				<misses>643001</misses>
				<total>530660</total>
				<timestamp>70.709801</timestamp>
			</report>
			<report>
				<misses>644001</misses>
				<total>531659</total>
				<timestamp>70.819739</timestamp>
			</report>
			<report>
				<misses>645001</misses>
				<total>532658</total>
				<timestamp>70.929730</timestamp>
			</report>
			<report>
				<misses>646001</misses>
				<total>533657</total>
				<timestamp>71.039641</timestamp>
			</report>
			<report>
				<misses>647001</misses>
				<total>534656</total>
				<timestamp>71.149574</timestamp>
			</report>
			<report>
				<misses>648001</misses>
				<total>535655</total>
				<timestamp>71.259494</timestamp>
			</report>
			<report>
				<misses>649001</misses>
				<total>536654</total>
				<timestamp>71.369399</timestamp>
			</report>
			<report>
				<misses>650001</misses>
				<total>537653</total>
				<timestamp>71.479329</timestamp>
			</report>
			<report>
				<misses>651001</misses>
				<total>537724</total>
				<timestamp>71.589344</timestamp>
			</report>
			<report>
				<misses>652001</misses>
				<total>537724</total>
				<timestamp>71.699325</timestamp>
			</report>
			<report>
				<misses>653001</misses>
				<total>537724</total>
				<timestamp>71.809334</timestamp>
			</report>
			<report>
				<misses>654001</misses>
				<total>537724</total>
				<timestamp>71.919336</timestamp>
			</report>
			<report>
				<misses>655001</misses>
				<total>537724</total>
				<timestamp>72.029274</timestamp>
			</report>
			<report>
				<misses>656001</misses>
				<total>537724</total>
				<timestamp>72.139175</timestamp>
			</report>
			<report>
				<misses>657001</misses>
				<total>537724</total>
				<timestamp>72.249059</timestamp>
			</report>
			<report>
				<misses>658001</misses>
				<total>537724</total>
				<timestamp>72.358945</timestamp>
			</report>
			<report>
				<misses>659001</misses>
				<total>537724</total>
				<timestamp>72.468859</timestamp>
			</report>
			<report>
				<misses>660001</misses>
				<total>537724</total>
				<timestamp>72.578781</timestamp>
			</report>
			<report>
				<misses>661001</misses>
				<total>537725</total>
				<timestamp>72.688750</timestamp>
			</report>
			<report>
				<misses>662001</misses>
				<total>537725</total>
				<timestamp>72.798635</timestamp>
			</report>
			<report>
				<misses>663001</misses>
				<total>537725</total>
				<timestamp>72.908581</timestamp>
			</report>
			<report>
				<misses>664001</misses>
				<total>537725</total>
				<timestamp>73.018584</timestamp>
			</report>
			<report>
				<misses>665001</misses>
				<total>538614</total>
				<timestamp>73.128573</timestamp>
			</report>
			<report>
				<misses>666001</misses>
				<total>539613</total>
				<timestamp>73.238517</timestamp>
			</report>
			<report>
				<misses>667001</misses>
				<total>540612</total>
				<timestamp>73.348406</timestamp>
			</report>
			<report>
				<misses>668001</misses>
				<total>541611</total>
				<timestamp>73.458334</timestamp>
			</report>
			<report>
				<misses>669001</misses>
				<total>542610</total>
				<timestamp>73.568324</timestamp>
			</report>
			<report>
				<misses>670001</misses>
				<total>543609</total>
				<timestamp>73.678329</timestamp>
			</report>
			<report>
				<misses>671001</misses>
				<total>544608</total>
				<timestamp>73.788346</timestamp>
			</report>
			<report>
				<misses>672001</misses>
				<total>545607</total>
				<timestamp>73.898322</timestamp>
			</report>
			<report>
				<misses>673001</misses>
				<total>546606</total>
				<timestamp>74.008181</timestamp>
			</report>
			<report>
				<misses>674001</misses>
				<total>547605</total>
				<timestamp>74.118065</timestamp>
			</report>
			<report>
				<misses>675001</misses>
				<total>548604</total>
				<timestamp>74.227965</timestamp>
			</report>
			<report>
				<misses>676001</misses>
				<total>549603</total>
				<timestamp>74.337897</timestamp>
			</report>
			<report>
				<misses>677001</misses>
				<total>550602</total>
				<timestamp>74.447900</timestamp>
			</report>
			<report>
				<misses>678001</misses>
				<total>551601</total>
				<timestamp>74.557848</timestamp>
			</report>
			<report>
				<misses>679001</misses>
				<total>552600</total>
				<timestamp>74.667830</timestamp>
			</report>
			<report>
				<misses>680001</misses>
				<total>553599</total>
				<timestamp>74.777769</timestamp>
			</report>
			<report>
				<misses>681001</misses>
				<total>554598</total>
				<timestamp>74.887849</timestamp>
			</report>
			<report>
				<misses>682001</misses>
				<total>555597</total>
				<timestamp>74.997761</timestamp>
			</report>
			<report>
				<misses>683001</misses>
				<total>556596</total>
				<timestamp>75.107675</timestamp>
			</report>
			<report>
				<misses>684001</misses>
				<total>557595</total>
				<timestamp>75.217683</timestamp>
			</report>
			<report>
				<misses>685001</misses>
				<total>558594</total>
				<timestamp>75.327793</timestamp>
			</report>
			<report>
				<misses>686001</misses>
				<total>559593</total>
				<timestamp>75.437785</timestamp>
			</report>
			<report>
				<misses>687001</misses>
				<total>560592</total>
				<timestamp>75.547766</timestamp>
			</report>
			<report>
				<misses>688001</misses>
				<total>560913</total>
				<timestamp>75.657739</timestamp>
			</report>
			<report>
				<misses>689001</misses>
				<total>560912</total>
				<timestamp>75.767733</timestamp>
			</report>
			<report>
				<misses>690001</misses>
				<total>560913</total>
				<timestamp>75.877704</timestamp>
			</report>
			<report>
				<misses>691001</misses>
				<total>560912</total>
				<timestamp>75.987712</timestamp>
			</report>
			<report>
				<misses>692001</misses>
				<total>560914</total>
				<timestamp>76.097726</timestamp>
			</report>
			<report>
				<misses>693001</misses>
				<total>561899</total>
				<timestamp>76.207709</timestamp>
			</report>
			<report>
				<misses>694001</misses>
				<total>562898</total>
				<timestamp>76.317698</timestamp>
			</report>
			<report>
				<misses>695001</misses>
				<total>563897</total>
				<timestamp>76.427703</timestamp>
			</report>
			<report>
				<misses>696001</misses>
				<total>564896</total>
				<timestamp>76.537755</timestamp>
			</report>
			<report>
				<misses>697001</misses>
				<total>565527</total>
				<timestamp>76.647773</timestamp>
			</report>
			<report>
				<misses>698001</misses>
				<total>565528</total>
				<timestamp>76.757836</timestamp>
			</report>
			<report>
				<misses>699001</misses>
				<total>565528</total>
				<timestamp>76.867739</timestamp>
			</report>
			<report>
				<misses>700001</misses>
				<total>565527</total>
				<timestamp>76.977729</timestamp>
			</report>
			<report>
				<misses>701001</misses>
				<total>565527</total>
				<timestamp>77.087745</timestamp>
			</report>
			<report>
				<misses>702001</misses>
				<total>565528</total>
				<timestamp>77.197756</timestamp>
			</report>
			<report>
				<misses>703001</misses>
				<total>565529</total>
				<timestamp>77.307832</timestamp>
			</report>
			<report>
				<misses>704001</misses>
				<total>565545</total>
				<timestamp>77.417740</timestamp>
			</report>
			<report>
				<misses>705001</misses>
				<total>565548</total>
				<timestamp>77.527673</timestamp>
			</report>
			<report>
				<misses>706001</misses>
				<total>565548</total>
				<timestamp>77.637745</timestamp>
			</report>
			<report>
				<misses>707001</misses>
				<total>565548</total>
				<timestamp>77.747741</timestamp>
			</report>
			<report>
				<misses>708001</misses>
				<total>565548</total>
				<timestamp>77.857708</timestamp>
			</report>
			<report>
				<misses>709001</misses>
				<total>565548</total>
				<timestamp>77.967684</timestamp>
			</report>
			<report>
				<misses>710001</misses>
				<total>565548</total>
				<timestamp>78.077731</timestamp>
			</report>
			<report>
				<misses>711001</misses>
				<total>565548</total>
				<timestamp>78.187673</timestamp>
			</report>
			<report>
				<misses>712001</misses>
				<total>565548</total>
				<timestamp>78.297710</timestamp>
			</report>
			<report>
				<misses>713001</misses>
				<total>565561</total>
				<timestamp>78.407681</timestamp>
			</report>
			<report>
				<misses>714001</misses>
				<total>565561</total>
				<timestamp>78.517727</timestamp>
			</report>
			<report>
				<misses>715001</misses>
				<total>565561</total>
				<timestamp>78.627704</timestamp>
			</report>
			<report>
				<misses>716001</misses>
				<total>565561</total>
				<timestamp>78.737720</timestamp>
			</report>
			<report>
				<misses>717001</misses>
				<total>565561</total>
				<timestamp>78.847699</timestamp>
			</report>
			<report>
				<misses>718001</misses>
				<total>565561</total>
				<timestamp>78.957717</timestamp>
			</report>
			<report>
				<misses>719001</misses>
				<total>565561</total>
				<timestamp>79.067693</timestamp>
			</report>
			<report>
				<misses>720001</misses>
				<total>565561</total>
				<timestamp>79.177689</timestamp>
			</report>
			<report>
				<misses>721001</misses>
				<total>565562</total>
				<timestamp>79.287674</timestamp>
			</report>
			<report>
				<misses>722001</misses>
				<total>565561</total>
				<timestamp>79.397694</timestamp>
			</report>
			<report>
				<misses>723001</misses>
				<total>565561</total>
				<timestamp>79.507727</timestamp>
			</report>
			<report>
				<misses>724001</misses>
				<total>565561</total>
				<timestamp>79.617699</timestamp>
			</report>
			<report>
				<misses>725001</misses>
				<total>565561</total>
				<timestamp>79.727655</timestamp>
			</report>
			<report>
				<misses>726001</misses>
				<total>565561</total>
				<timestamp>79.837587</timestamp>
			</report>
			<report>
				<misses>727001</misses>
				<total>565562</total>
				<timestamp>79.947744</timestamp>
			</report>
			<report>
				<misses>728001</misses>
				<total>565562</total>
				<timestamp>80.057819</timestamp>
			</report>
			<report>
				<misses>729001</misses>
				<total>565562</total>
				<timestamp>80.167760</timestamp>
			</report>
			<report>
				<misses>730001</misses>
				<total>565562</total>
				<timestamp>80.277665</timestamp>
			</report>
			<report>
				<misses>731001</misses>
				<total>565562</total>
				<timestamp>80.387777</timestamp>
			</report>
			<report>
				<misses>732001</misses>
				<total>565562</total>
				<timestamp>80.497821</timestamp>
			</report>
			<report>
				<misses>733001</misses>
				<total>565563</total>
				<timestamp>80.607802</timestamp>
			</report>
			<report>
				<misses>734001</misses>
				<total>565563</total>
				<timestamp>80.717782</timestamp>
			</report>
			<report>
				<misses>735001</misses>
				<total>566311</total>
				<timestamp>80.827835</timestamp>
			</report>
			<report>
				<misses>736001</misses>
				<total>567310</total>
				<timestamp>80.937803</timestamp>
			</report>
			<report>
				<misses>737001</misses>
				<total>568309</total>
				<timestamp>81.047819</timestamp>
			</report>
			<report>
				<misses>738001</misses>
				<total>569308</total>
				<timestamp>81.157870</timestamp>
			</report>
			<report>
				<misses>739001</misses>
				<total>570307</total>
				<timestamp>81.267782</timestamp>
			</report>
			<report>
				<misses>740001</misses>
				<total>571306</total>
				<timestamp>81.377755</timestamp>
			</report>
			<report>
				<misses>741001</misses>
				<total>572305</total>
				<timestamp>81.487712</timestamp>
			</report>
			<report>
				<misses>742001</misses>
				<total>573304</total>
				<timestamp>81.597632</timestamp>
			</report>
			<report>
				<misses>743001</misses>
				<total>574303</total>
				<timestamp>81.707651</timestamp>
			</report>
			<report>
				<misses>744001</misses>
				<total>575302</total>
				<timestamp>81.817614</timestamp>
			</report>
			<report>
				<misses>745001</misses>
				<total>576301</total>
				<timestamp>81.927510</timestamp>
			</report>
			<report>
				<misses>746001</misses>
				<total>577300</total>
				<timestamp>82.037417</timestamp>
			</report>
			<report>
				<misses>747001</misses>
				<total>578299</total>
				<timestamp>82.147336</timestamp>
			</report>
			<report>
				<misses>748001</misses>
				<total>579298</total>
				<timestamp>82.257392</timestamp>
			</report>
			<report>
				<misses>749001</misses>
				<total>580297</total>
				<timestamp>82.367333</timestamp>
			</report>
			<report>
				<misses>750001</misses>
				<total>581296</total>
				<timestamp>82.477397</timestamp>
			</report>
			<report>
				<misses>751001</misses>
				<total>582295</total>
				<timestamp>82.587316</timestamp>
			</report>
			<report>
				<misses>752001</misses>
				<total>583294</total>
				<timestamp>82.697179</timestamp>
			</report>
			<report>
				<misses>753001</misses>
				<total>584293</total>
				<timestamp>82.807181</timestamp>
			</report>
			<report>
				<misses>754001</misses>
				<total>585292</total>
				<timestamp>82.917190</timestamp>
			</report>
			<report>
				<misses>755001</misses>
				<total>586291</total>
				<timestamp>83.027079</timestamp>
			</report>
			<report>
				<misses>756001</misses>
				<total>587290</total>
				<timestamp>83.136973</timestamp>
			</report>
			<report>
				<misses>757001</misses>
				<total>588289</total>
				<timestamp>83.246903</timestamp>
			</report>
			<report>
				<misses>758001</misses>
				<total>589288</total>
				<timestamp>83.356892</timestamp>
			</report>
			<report>
				<misses>759001</misses>
				<total>590287</total>
				<timestamp>83.466976</timestamp>
			</report>
			<report>
				<misses>760001</misses>
				<total>591286</total>
				<timestamp>83.576906</timestamp>
			</report>
			<report>
				<misses>761001</misses>
				<total>592285</total>
				<timestamp>83.686980</timestamp>
			</report>
			<report>
				<misses>762001</misses>
				<total>593284</total>
				<timestamp>83.796909</timestamp>
			</report>
			<report>
				<misses>763001</misses>
				<total>594283</total>
				<timestamp>83.906874</timestamp>
			</report>
			<report>
				<misses>764001</misses>
				<total>595282</total>
				<timestamp>84.016798</timestamp>
			</report>
			<report>
				<misses>765001</misses>
				<total>596281</total>
				<timestamp>84.126846</timestamp>
			</report>
			<report>
				<misses>766001</misses>
				<total>597280</total>
				<timestamp>84.236890</timestamp>
			</report>
			<report>
				<misses>767001</misses>
				<total>598279</total>
				<timestamp>84.346809</timestamp>
			</report>
			<report>
				<misses>768001</misses>
				<total>599278</total>
				<timestamp>84.456777</timestamp>
			</report>
			<report>
				<misses>769001</misses>
				<total>600277</total>
				<timestamp>84.566674</timestamp>
			</report>
			<report>
				<misses>770001</misses>
				<total>601276</total>
				<timestamp>84.676702</timestamp>
			</report>
			<report>
				<misses>771001</misses>
				<total>602275</total>
				<timestamp>84.786772</timestamp>
			</report>
			<report>
				<misses>772001</misses>
				<total>603274</total>
				<timestamp>84.896654</timestamp>
			</report>
			<report>
				<misses>773001</misses>
				<total>604273</total>
				<timestamp>85.006626</timestamp>
			</report>
			<report>
				<misses>774001</misses>
				<total>605272</total>
				<timestamp>85.116600</timestamp>
			</report>
			<report>
				<misses>775001</misses>
				<total>606271</total>
				<timestamp>85.226659</timestamp>
			</report>
			<report>
				<misses>776001</misses>
				<total>607270</total>
				<timestamp>85.336613</timestamp>
			</report>
			<report>
				<misses>777001</misses>
				<total>608269</total>
				<timestamp>85.446595</timestamp>
			</report>
			<report>
				<misses>778001</misses>
				<total>609268</total>
				<timestamp>85.556655</timestamp>
			</report>
			<report>
				<misses>779001</misses>
				<total>610267</total>
				<timestamp>85.666605</timestamp>
			</report>
			<report>
				<misses>780001</misses>
				<total>611266</total>
				<timestamp>85.776671</timestamp>
			</report>
			<report>
				<misses>781001</misses>
				<total>612265</total>
				<timestamp>85.886701</timestamp>
			</report>
			<report>
				<misses>782001</misses>
				<total>613264</total>
				<timestamp>85.996735</timestamp>
			</report>
			<report>
				<misses>783001</misses>
				<total>614263</total>
				<timestamp>86.106804</timestamp>
			</report>
			<report>
				<misses>784001</misses>
				<total>615262</total>
				<timestamp>86.216787</timestamp>
			</report>
			<report>
				<misses>785001</misses>
				<total>616261</total>
				<timestamp>86.326798</timestamp>
			</report>
			<report>
				<misses>786001</misses>
				<total>617260</total>
				<timestamp>86.436857</timestamp>
			</report>
			<report>
				<misses>787001</misses>
				<total>618259</total>
				<timestamp>86.546796</timestamp>
			</report>
			<report>
				<misses>788001</misses>
				<total>619258</total>
				<timestamp>86.656766</timestamp>
			</report>
			<report>
				<misses>789001</misses>
				<total>620257</total>
				<timestamp>86.766728</timestamp>
			</report>
			<report>
				<misses>790001</misses>
				<total>621256</total>
				<timestamp>86.876655</timestamp>
			</report>
			<report>
				<misses>791001</misses>
				<total>622255</total>
				<timestamp>86.986612</timestamp>
			</report>
			<report>
				<misses>792001</misses>
				<total>623254</total>
				<timestamp>87.096585</timestamp>
			</report>
			<report>
				<misses>793001</misses>
				<total>624253</total>
				<timestamp>87.206638</timestamp>
			</report>
			<report>
				<misses>794001</misses>
				<total>625252</total>
				<timestamp>87.316604</timestamp>
			</report>
			<report>
				<misses>795001</misses>
				<total>626251</total>
				<timestamp>87.426661</timestamp>
			</report>
			<report>
				<misses>796001</misses>
				<total>627250</total>
				<timestamp>87.536650</timestamp>
			</report>
			<report>
				<misses>797001</misses>
				<total>628249</total>
				<timestamp>87.646601</timestamp>
			</report>
			<report>
				<misses>798001</misses>
				<total>629248</total>
				<timestamp>87.756646</timestamp>
			</report>
			<report>
				<misses>799001</misses>
				<total>630247</total>
				<timestamp>87.866609</timestamp>
			</report>
			<report>
				<misses>800001</misses>
				<total>631246</total>
				<timestamp>87.976618</timestamp>
			</report>
			<report>
				<misses>801001</misses>
				<total>632245</total>
				<timestamp>88.086642</timestamp>
			</report>
			<report>
				<misses>802001</misses>
				<total>633244</total>
				<timestamp>88.196639</timestamp>
			</report>
			<report>
				<misses>803001</misses>
				<total>634243</total>
				<timestamp>88.306585</timestamp>
			</report>
			<report>
				<misses>804001</misses>
				<total>635242</total>
				<timestamp>88.416590</timestamp>
			</report>
			<report>
				<misses>805001</misses>
				<total>636241</total>
				<timestamp>88.526621</timestamp>
			</report>
			<report>
				<misses>806001</misses>
				<total>637240</total>
				<timestamp>88.636652</timestamp>
			</report>
			<report>
				<misses>807001</misses>
				<total>638239</total>
				<timestamp>88.746609</timestamp>
			</report>
			<report>
				<misses>808001</misses>
				<total>639238</total>
				<timestamp>88.856611</timestamp>
			</report>
			<report>
				<misses>809001</misses>
				<total>640237</total>
				<timestamp>88.966631</timestamp>
			</report>
			<report>
				<misses>810001</misses>
				<total>641236</total>
				<timestamp>89.076652</timestamp>
			</report>
			<report>
				<misses>811001</misses>
				<total>642235</total>
				<timestamp>89.186647</timestamp>
			</report>
			<report>
				<misses>812001</misses>
				<total>643234</total>
				<timestamp>89.296652</timestamp>
			</report>
			<report>
				<misses>813001</misses>
				<total>644233</total>
				<timestamp>89.406516</timestamp>
			</report>
			<report>
				<misses>814001</misses>
				<total>645232</total>
				<timestamp>89.516466</timestamp>
			</report>
			<report>
				<misses>815001</misses>
				<total>646231</total>
				<timestamp>89.626518</timestamp>
			</report>
			<report>
				<misses>816001</misses>
				<total>647230</total>
				<timestamp>89.736469</timestamp>
			</report>
			<report>
				<misses>817001</misses>
				<total>648229</total>
				<timestamp>89.846520</timestamp>
			</report>
			<report>
				<misses>818001</misses>
				<total>649228</total>
				<timestamp>89.956425</timestamp>
			</report>
			<report>
				<misses>819001</misses>
				<total>650227</total>
				<timestamp>90.066344</timestamp>
			</report>
			<report>
				<misses>820001</misses>
				<total>651226</total>
				<timestamp>90.176197</timestamp>
			</report>
			<report>
				<misses>821001</misses>
				<total>652225</total>
				<timestamp>90.286083</timestamp>
			</report>
			<report>
				<misses>822001</misses>
				<total>653224</total>
				<timestamp>90.395974</timestamp>
			</report>
			<report>
				<misses>823001</misses>
				<total>654223</total>
				<timestamp>90.505872</timestamp>
			</report>
			<report>
				<misses>824001</misses>
				<total>655222</total>
				<timestamp>90.615758</timestamp>
			</report>
			<report>
				<misses>825001</misses>
				<total>656221</total>
				<timestamp>90.725761</timestamp>
			</report>
			<report>
				<misses>826001</misses>
				<total>657220</total>
				<timestamp>90.835727</timestamp>
			</report>
			<report>
				<misses>827001</misses>
				<total>658219</total>
				<timestamp>90.945752</timestamp>
			</report>
			<report>
				<misses>828001</misses>
				<total>659218</total>
				<timestamp>91.055781</timestamp>
			</report>
			<report>
				<misses>829001</misses>
				<total>660217</total>
				<timestamp>91.165698</timestamp>
			</report>
			<report>
				<misses>830001</misses>
				<total>661216</total>
				<timestamp>91.275766</timestamp>
			</report>
			<report>
				<misses>831001</misses>
				<total>662215</total>
				<timestamp>91.385729</timestamp>
			</report>
			<report>
				<misses>832001</misses>
				<total>663214</total>
				<timestamp>91.495736</timestamp>
			</report>
			<report>
				<misses>833001</misses>
				<total>664213</total>
				<timestamp>91.605764</timestamp>
			</report>
			<report>
				<misses>834001</misses>
				<total>665212</total>
				<timestamp>91.715752</timestamp>
			</report>
			<report>
				<misses>835001</misses>
				<total>666211</total>
				<timestamp>91.825789</timestamp>
			</report>
			<report>
				<misses>836001</misses>
				<total>667210</total>
				<timestamp>91.935737</timestamp>
			</report>
			<report>
				<misses>837001</misses>
				<total>668209</total>
				<timestamp>92.045645</timestamp>
			</report>
			<report>
				<misses>838001</misses>
				<total>669208</total>
				<timestamp>92.155607</timestamp>
			</report>
			<report>
				<misses>839001</misses>
				<total>670207</total>
				<timestamp>92.265648</timestamp>
			</report>
			<report>
				<misses>840001</misses>
				<total>671206</total>
				<timestamp>92.375641</timestamp>
			</report>
			<report>
				<misses>841001</misses>
				<total>672205</total>
				<timestamp>92.485662</timestamp>
			</report>
			<report>
				<misses>842001</misses>
				<total>673204</total>
				<timestamp>92.595624</timestamp>
			</report>
			<report>
				<misses>843001</misses>
				<total>674203</total>
				<timestamp>92.705625</timestamp>
			</report>
			<report>
				<misses>844001</misses>
				<total>675202</total>
				<timestamp>92.815561</timestamp>
			</report>
			<report>
				<misses>845001</misses>
				<total>676201</total>
				<timestamp>92.925519</timestamp>
			</report>
			<report>
				<misses>846001</misses>
				<total>677200</total>
				<timestamp>93.035449</timestamp>
			</report>
			<report>
				<misses>847001</misses>
				<total>678199</total>
				<timestamp>93.145362</timestamp>
			</report>
			<report>
				<misses>848001</misses>
				<total>679198</total>
				<timestamp>93.255341</timestamp>
			</report>
			<report>
				<misses>849001</misses>
				<total>680197</total>
				<timestamp>93.365193</timestamp>
			</report>
			<report>
				<misses>850001</misses>
				<total>681196</total>
				<timestamp>93.475082</timestamp>
			</report>
			<report>
				<misses>851001</misses>
				<total>682195</total>
				<timestamp>93.585000</timestamp>
			</report>
			<report>
				<misses>852001</misses>
				<total>683194</total>
				<timestamp>93.694897</timestamp>
			</report>
			<report>
				<misses>853001</misses>
				<total>684193</total>
				<timestamp>93.804787</timestamp>
			</report>
			<report>
				<misses>854001</misses>
				<total>685192</total>
				<timestamp>93.914740</timestamp>
			</report>
			<report>
				<misses>855001</misses>
				<total>686191</total>
				<timestamp>94.024722</timestamp>
			</report>
			<report>
				<misses>856001</misses>
				<total>687190</total>
				<timestamp>94.134753</timestamp>
			</report>
			<report>
				<misses>857001</misses>
				<total>688189</total>
				<timestamp>94.244755</timestamp>
			</report>
			<report>
				<misses>858001</misses>
				<total>689188</total>
				<timestamp>94.354670</timestamp>
			</report>
			<report>
				<misses>859001</misses>
				<total>690187</total>
				<timestamp>94.464631</timestamp>
			</report>
			<report>
				<misses>860001</misses>
				<total>691186</total>
				<timestamp>94.574671</timestamp>
			</report>
			<report>
				<misses>861001</misses>
				<total>692185</total>
				<timestamp>94.684601</timestamp>
			</report>
			<report>
				<misses>862001</misses>
				<total>693184</total>
				<timestamp>94.794585</timestamp>
			</report>
			<report>
				<misses>863001</misses>
				<total>694183</total>
				<timestamp>94.904634</timestamp>
			</report>
			<report>
				<misses>864001</misses>
				<total>695182</total>
				<timestamp>95.014649</timestamp>
			</report>
			<report>
				<misses>865001</misses>
				<total>696181</total>
				<timestamp>95.124645</timestamp>
			</report>
			<report>
				<misses>866001</misses>
				<total>697180</total>
				<timestamp>95.234615</timestamp>
			</report>
			<report>
				<misses>867001</misses>
				<total>698179</total>
				<timestamp>95.344585</timestamp>
			</report>
			<report>
				<misses>868001</misses>
				<total>699178</total>
				<timestamp>95.454584</timestamp>
			</report>
			<report>
				<misses>869001</misses>
				<total>700177</total>
				<timestamp>95.564645</timestamp>
			</report>
			<report>
				<misses>870001</misses>
				<total>701176</total>
				<timestamp>95.674612</timestamp>
			</report>
			<report>
				<misses>871001</misses>
				<total>702175</total>
				<timestamp>95.784635</timestamp>
			</report>
			<report>
				<misses>872001</misses>
				<total>703174</total>
				<timestamp>95.894648</timestamp>
			</report>
			<report>
				<misses>873001</misses>
				<total>704173</total>
				<timestamp>96.004655</timestamp>
			</report>
			<report>
				<misses>874001</misses>
				<total>705172</total>
				<timestamp>96.114734</timestamp>
			</report>
			<report>
				<misses>875001</misses>
				<total>706171</total>
				<timestamp>96.224721</timestamp>
			</report>
			<report>
				<misses>876001</misses>
				<total>707170</total>
				<timestamp>96.334880</timestamp>
			</report>
			<report>
				<misses>877001</misses>
				<total>708169</total>
				<timestamp>96.444796</timestamp>
			</report>
			<report>
				<misses>878001</misses>
				<total>709168</total>
				<timestamp>96.554684</timestamp>
			</report>
			<report>
				<misses>879001</misses>
				<total>710167</total>
				<timestamp>96.664611</timestamp>
			</report>
			<report>
				<misses>880001</misses>
				<total>711166</total>
				<timestamp>96.774678</timestamp>
			</report>
			<report>
				<misses>881001</misses>
				<total>712165</total>
				<timestamp>96.884604</timestamp>
			</report>
			<report>
				<misses>882001</misses>
				<total>713164</total>
				<timestamp>96.994631</timestamp>
			</report>
			<report>
				<misses>883001</misses>
				<total>714163</total>
				<timestamp>97.104649</timestamp>
			</report>
			<report>
				<misses>884001</misses>
				<total>715162</total>
				<timestamp>97.214637</timestamp>
			</report>
			<report>
				<misses>885001</misses>
				<total>716161</total>
				<timestamp>97.324711</timestamp>
			</report>
			<report>
				<misses>886001</misses>
				<total>717160</total>
				<timestamp>97.434701</timestamp>
			</report>
			<report>
				<misses>887001</misses>
				<total>718159</total>
				<timestamp>97.544768</timestamp>
			</report>
			<report>
				<misses>888001</misses>
				<total>719158</total>
				<timestamp>97.654757</timestamp>
			</report>
			<report>
				<misses>889001</misses>
				<total>720157</total>
				<timestamp>97.764692</timestamp>
			</report>
			<report>
				<misses>890001</misses>
				<total>721156</total>
				<timestamp>97.874590</timestamp>
			</report>
			<report>
				<misses>891001</misses>
				<total>722155</total>
				<timestamp>97.984685</timestamp>
			</report>
			<report>
				<misses>892001</misses>
				<total>723154</total>
				<timestamp>98.094643</timestamp>
			</report>
			<report>
				<misses>893001</misses>
				<total>724153</total>
				<timestamp>98.204680</timestamp>
			</report>
			<report>
				<misses>894001</misses>
				<total>725152</total>
				<timestamp>98.314635</timestamp>
			</report>
			<report>
				<misses>895001</misses>
				<total>726151</total>
				<timestamp>98.424645</timestamp>
			</report>
			<report>
				<misses>896001</misses>
				<total>727150</total>
				<timestamp>98.534636</timestamp>
			</report>
			<report>
				<misses>897001</misses>
				<total>728149</total>
				<timestamp>98.644629</timestamp>
			</report>
			<report>
				<misses>898001</misses>
				<total>729148</total>
				<timestamp>98.754683</timestamp>
			</report>
			<report>
				<misses>899001</misses>
				<total>730147</total>
				<timestamp>98.864603</timestamp>
			</report>
			<report>
				<misses>900001</misses>
				<total>731146</total>
				<timestamp>98.974604</timestamp>
			</report>
			<report>
				<misses>901001</misses>
				<total>732145</total>
				<timestamp>99.084633</timestamp>
			</report>
			<report>
				<misses>902001</misses>
				<total>733144</total>
				<timestamp>99.194610</timestamp>
			</report>
			<report>
				<misses>903001</misses>
				<total>734143</total>
				<timestamp>99.304684</timestamp>
			</report>
			<report>
				<misses>904001</misses>
				<total>735142</total>
				<timestamp>99.414646</timestamp>
			</report>
			<report>
				<misses>905001</misses>
				<total>736141</total>
				<timestamp>99.524644</timestamp>
			</report>
			<report>
				<misses>906001</misses>
				<total>737140</total>
				<timestamp>99.634622</timestamp>
			</report>
			<report>
				<misses>907001</misses>
				<total>738139</total>
				<timestamp>99.744621</timestamp>
			</report>
			<report>
				<misses>908001</misses>
				<total>739138</total>
				<timestamp>99.854627</timestamp>
			</report>
			<report>
				<misses>909001</misses>
				<total>740137</total>
				<timestamp>99.964571</timestamp>
			</report>
			<report>
				<misses>910001</misses>
				<total>741136</total>
				<timestamp>100.074452</timestamp>
			</report>
			<report>
				<misses>911001</misses>
				<total>742135</total>
				<timestamp>100.184334</timestamp>
			</report>
			<report>
				<misses>912001</misses>
				<total>743134</total>
				<timestamp>100.294223</timestamp>
			</report>
			<report>
				<misses>913001</misses>
				<total>744133</total>
				<timestamp>100.404104</timestamp>
			</report>
			<report>
				<misses>914001</misses>
				<total>745132</total>
				<timestamp>100.514011</timestamp>
			</report>
			<report>
				<misses>915001</misses>
				<total>746131</total>
				<timestamp>100.623897</timestamp>
			</report>
			<report>
				<misses>916001</misses>
				<total>747130</total>
				<timestamp>100.733777</timestamp>
			</report>
			<report>
				<misses>917001</misses>
				<total>748129</total>
				<timestamp>100.843719</timestamp>
			</report>
			<report>
				<misses>918001</misses>
				<total>749128</total>
				<timestamp>100.953721</timestamp>
			</report>
			<report>
				<misses>919001</misses>
				<total>750127</total>
				<timestamp>101.063678</timestamp>
			</report>
			<report>
				<misses>920001</misses>
				<total>751126</total>
				<timestamp>101.173789</timestamp>
			</report>
			<report>
				<misses>921001</misses>
				<total>752125</total>
				<timestamp>101.283778</timestamp>
			</report>
			<report>
				<misses>922001</misses>
				<total>753124</total>
				<timestamp>101.393674</timestamp>
			</report>
			<report>
				<misses>923001</misses>
				<total>754123</total>
				<timestamp>101.503627</timestamp>
			</report>
			<report>
				<misses>924001</misses>
				<total>755122</total>
				<timestamp>101.613615</timestamp>
			</report>
			<report>
				<misses>925001</misses>
				<total>756121</total>
				<timestamp>101.723683</timestamp>
			</report>
			<report>
				<misses>926001</misses>
				<total>757120</total>
				<timestamp>101.833595</timestamp>
			</report>
			<report>
				<misses>927001</misses>
				<total>758119</total>
				<timestamp>101.943657</timestamp>
			</report>
			<report>
				<misses>928001</misses>
				<total>759118</total>
				<timestamp>102.053725</timestamp>
			</report>
			<report>
				<misses>929001</misses>
				<total>760117</total>
				<timestamp>102.163773</timestamp>
			</report>
			<report>
				<misses>930001</misses>
				<total>761116</total>
				<timestamp>102.273770</timestamp>
			</report>
			<report>
				<misses>931001</misses>
				<total>762115</total>
				<timestamp>102.383721</timestamp>
			</report>
			<report>
				<misses>932001</misses>
				<total>763114</total>
				<timestamp>102.493733</timestamp>
			</report>
			<report>
				<misses>933001</misses>
				<total>764113</total>
				<timestamp>102.603726</timestamp>
			</report>
			<report>
				<misses>934001</misses>
				<total>765112</total>
				<timestamp>102.713732</timestamp>
			</report>
			<report>
				<misses>935001</misses>
				<total>766111</total>
				<timestamp>102.823697</timestamp>
			</report>
			<report>
				<misses>936001</misses>
				<total>767110</total>
				<timestamp>102.933740</timestamp>
			</report>
			<report>
				<misses>937001</misses>
				<total>768109</total>
				<timestamp>103.043747</timestamp>
			</report>
			<report>
				<misses>938001</misses>
				<total>769108</total>
				<timestamp>103.153738</timestamp>
			</report>
			<report>
				<misses>939001</misses>
				<total>770107</total>
				<timestamp>103.263758</timestamp>
			</report>
			<report>
				<misses>940001</misses>
				<total>771106</total>
				<timestamp>103.373762</timestamp>
			</report>
			<report>
				<misses>941001</misses>
				<total>772105</total>
				<timestamp>103.483701</timestamp>
			</report>
			<report>
				<misses>942001</misses>
				<total>773104</total>
				<timestamp>103.593753</timestamp>
			</report>
			<report>
				<misses>943001</misses>
				<total>774103</total>
				<timestamp>103.703671</timestamp>
			</report>
			<report>
				<misses>944001</misses>
				<total>775102</total>
				<timestamp>103.813663</timestamp>
			</report>
			<report>
				<misses>945001</misses>
				<total>776101</total>
				<timestamp>103.923659</timestamp>
			</report>
			<report>
				<misses>946001</misses>
				<total>777100</total>
				<timestamp>104.033691</timestamp>
			</report>
			<report>
				<misses>947001</misses>
				<total>778099</total>
				<timestamp>104.143703</timestamp>
			</report>
			<report>
				<misses>948001</misses>
				<total>779098</total>
				<timestamp>104.253739</timestamp>
			</report>
			<report>
				<misses>949001</misses>
				<total>780097</total>
				<timestamp>104.363729</timestamp>
			</report>
			<report>
				<misses>950001</misses>
				<total>781096</total>
				<timestamp>104.473679</timestamp>
			</report>
			<report>
				<misses>951001</misses>
				<total>782095</total>
				<timestamp>104.583655</timestamp>
			</report>
			<report>
				<misses>952001</misses>
				<total>783094</total>
				<timestamp>104.693673</timestamp>
			</report>
			<report>
				<misses>953001</misses>
				<total>784093</total>
				<timestamp>104.803574</timestamp>
			</report>
			<report>
				<misses>954001</misses>
				<total>785092</total>
				<timestamp>104.913544</timestamp>
			</report>
			<report>
				<misses>955001</misses>
				<total>786091</total>
				<timestamp>105.023560</timestamp>
			</report>
			<report>
				<misses>956001</misses>
				<total>787090</total>
				<timestamp>105.133532</timestamp>
			</report>
			<report>
				<misses>957001</misses>
				<total>788089</total>
				<timestamp>105.243555</timestamp>
			</report>
			<report>
				<misses>958001</misses>
				<total>789088</total>
				<timestamp>105.353527</timestamp>
			</report>
			<report>
				<misses>959001</misses>
				<total>790087</total>
				<timestamp>105.463547</timestamp>
			</report>
			<report>
				<misses>960001</misses>
				<total>791086</total>
				<timestamp>105.573524</timestamp>
			</report>
			<report>
				<misses>961001</misses>
				<total>792085</total>
				<timestamp>105.683519</timestamp>
			</report>
			<report>
				<misses>962001</misses>
				<total>793084</total>
				<timestamp>105.793493</timestamp>
			</report>
			<report>
				<misses>963001</misses>
				<total>794083</total>
				<timestamp>105.903632</timestamp>
			</report>
			<report>
				<misses>964001</misses>
				<total>795082</total>
				<timestamp>106.013573</timestamp>
			</report>
			<report>
				<misses>965001</misses>
				<total>796081</total>
				<timestamp>106.123483</timestamp>
			</report>
			<report>
				<misses>966001</misses>
				<total>797080</total>
				<timestamp>106.233395</timestamp>
			</report>
			<report>
				<misses>967001</misses>
				<total>797712</total>
				<timestamp>106.343380</timestamp>
			</report>
			<report>
				<misses>968001</misses>
				<total>797712</total>
				<timestamp>106.453359</timestamp>
			</report>
			<report>
				<misses>969001</misses>
				<total>797712</total>
				<timestamp>106.563215</timestamp>
			</report>
			<report>
				<misses>970001</misses>
				<total>797712</total>
				<timestamp>106.673109</timestamp>
			</report>
			<report>
				<misses>971001</misses>
				<total>797712</total>
				<timestamp>106.783005</timestamp>
			</report>
			<report>
				<misses>972001</misses>
				<total>797713</total>
				<timestamp>106.892906</timestamp>
			</report>
			<report>
				<misses>973001</misses>
				<total>797713</total>
				<timestamp>107.002781</timestamp>
			</report>
			<report>
				<misses>974001</misses>
				<total>797714</total>
				<timestamp>107.112676</timestamp>
			</report>
			<report>
				<misses>975001</misses>
				<total>797713</total>
				<timestamp>107.222644</timestamp>
			</report>
			<report>
				<misses>976001</misses>
				<total>797715</total>
				<timestamp>107.332599</timestamp>
			</report>
			<report>
				<misses>977001</misses>
				<total>797715</total>
				<timestamp>107.442531</timestamp>
			</report>
			<report>
				<misses>978001</misses>
				<total>797715</total>
				<timestamp>107.552545</timestamp>
			</report>
			<report>
				<misses>979001</misses>
				<total>797715</total>
				<timestamp>107.662535</timestamp>
			</report>
			<report>
				<misses>980001</misses>
				<total>797717</total>
				<timestamp>107.772522</timestamp>
			</report>
			<report>
				<misses>981001</misses>
				<total>797717</total>
				<timestamp>107.882509</timestamp>
			</report>
			<report>
				<misses>982001</misses>
				<total>797717</total>
				<timestamp>107.992510</timestamp>
			</report>
			<report>
				<misses>983001</misses>
				<total>797718</total>
				<timestamp>108.102586</timestamp>
			</report>
			<report>
				<misses>984001</misses>
				<total>797720</total>
				<timestamp>108.212555</timestamp>
			</report>
			<report>
				<misses>985001</misses>
				<total>797721</total>
				<timestamp>108.322497</timestamp>
			</report>
			<report>
				<misses>986001</misses>
				<total>797721</total>
				<timestamp>108.432550</timestamp>
			</report>
			<report>
				<misses>987001</misses>
				<total>797720</total>
				<timestamp>108.542593</timestamp>
			</report>
			<report>
				<misses>988001</misses>
				<total>797721</total>
				<timestamp>108.652504</timestamp>
			</report>
			<report>
				<misses>989001</misses>
				<total>797721</total>
				<timestamp>108.762467</timestamp>
			</report>
			<report>
				<misses>990001</misses>
				<total>797721</total>
				<timestamp>108.872335</timestamp>
			</report>
			<report>
				<misses>991001</misses>
				<total>797721</total>
				<timestamp>108.982238</timestamp>
			</report>
			<report>
				<misses>992001</misses>
				<total>797724</total>
				<timestamp>109.092123</timestamp>
			</report>
			<report>
				<misses>993001</misses>
				<total>797724</total>
				<timestamp>109.202004</timestamp>
			</report>
			<report>
				<misses>994001</misses>
				<total>797725</total>
				<timestamp>109.311901</timestamp>
			</report>
			<report>
				<misses>995001</misses>
				<total>797724</total>
				<timestamp>109.421842</timestamp>
			</report>
			<report>
				<misses>996001</misses>
				<total>797725</total>
				<timestamp>109.531812</timestamp>
			</report>
			<report>
				<misses>997001</misses>
				<total>797729</total>
				<timestamp>109.641769</timestamp>
			</report>
			<report>
				<misses>998001</misses>
				<total>797730</total>
				<timestamp>109.751703</timestamp>
			</report>
			<report>
				<misses>999001</misses>
				<total>797730</total>
				<timestamp>109.861631</timestamp>
			</report>
			<report>
				<misses>1000001</misses>
				<total>797730</total>
				<timestamp>109.971672</timestamp>
			</report>
			<report>
				<misses>1001001</misses>
				<total>797730</total>
				<timestamp>110.081642</timestamp>
			</report>
			<report>
				<misses>1002001</misses>
				<total>797730</total>
				<timestamp>110.191607</timestamp>
			</report>
			<report>
				<misses>1003001</misses>
				<total>797730</total>
				<timestamp>110.301493</timestamp>
			</report>
			<report>
				<misses>1004001</misses>
				<total>797731</total>
				<timestamp>110.411377</timestamp>
			</report>
			<report>
				<misses>1005001</misses>
				<total>797731</total>
				<timestamp>110.521227</timestamp>
			</report>
			<report>
				<misses>1006001</misses>
				<total>797732</total>
				<timestamp>110.631128</timestamp>
			</report>
			<report>
				<misses>1007001</misses>
				<total>797731</total>
				<timestamp>110.741076</timestamp>
			</report>
			<report>
				<misses>1008001</misses>
				<total>797733</total>
				<timestamp>110.851021</timestamp>
			</report>
			<report>
				<misses>1009001</misses>
				<total>797733</total>
				<timestamp>110.960963</timestamp>
			</report>
			<report>
				<misses>1010001</misses>
				<total>797734</total>
				<timestamp>111.070916</timestamp>
			</report>
			<report>
				<misses>1011001</misses>
				<total>797736</total>
				<timestamp>111.180810</timestamp>
			</report>
			<report>
				<misses>1012001</misses>
				<total>797736</total>
				<timestamp>111.290745</timestamp>
			</report>
			<report>
				<misses>1013001</misses>
				<total>797736</total>
				<timestamp>111.400765</timestamp>
			</report>
			<report>
				<misses>1014001</misses>
				<total>797736</total>
				<timestamp>111.510715</timestamp>
			</report>
			<report>
				<misses>1015001</misses>
				<total>797736</total>
				<timestamp>111.620679</timestamp>
			</report>
			<report>
				<misses>1016001</misses>
				<total>797736</total>
				<timestamp>111.730595</timestamp>
			</report>
			<report>
				<misses>1017001</misses>
				<total>797736</total>
				<timestamp>111.840588</timestamp>
			</report>
			<report>
				<misses>1018001</misses>
				<total>797737</total>
				<timestamp>111.950525</timestamp>
			</report>
			<report>
				<misses>1019001</misses>
				<total>797750</total>
				<timestamp>112.060594</timestamp>
			</report>
			<report>
				<misses>1020001</misses>
				<total>797751</total>
				<timestamp>112.170539</timestamp>
			</report>
			<report>
				<misses>1021001</misses>
				<total>797750</total>
				<timestamp>112.280523</timestamp>
			</report>
			<report>
				<misses>1022001</misses>
				<total>797750</total>
				<timestamp>112.390527</timestamp>
			</report>
			<report>
				<misses>1023001</misses>
				<total>797750</total>
				<timestamp>112.500505</timestamp>
			</report>
			<report>
				<misses>1024001</misses>
				<total>797750</total>
				<timestamp>112.610470</timestamp>
			</report>
			<report>
				<misses>1025001</misses>
				<total>797750</total>
				<timestamp>112.720471</timestamp>
			</report>
			<report>
				<misses>1026001</misses>
				<total>797750</total>
				<timestamp>112.830485</timestamp>
			</report>
			<report>
				<misses>1027001</misses>
				<total>797750</total>
				<timestamp>112.940459</timestamp>
			</report>
			<report>
				<misses>1028001</misses>
				<total>797750</total>
				<timestamp>113.050402</timestamp>
			</report>
			<report>
				<misses>1029001</misses>
				<total>797750</total>
				<timestamp>113.160448</timestamp>
			</report>
			<report>
				<misses>1030001</misses>
				<total>797750</total>
				<timestamp>113.270379</timestamp>
			</report>
			<report>
				<misses>1031001</misses>
				<total>797750</total>
				<timestamp>113.380310</timestamp>
			</report>
			<report>
				<misses>1032001</misses>
				<total>797750</total>
				<timestamp>113.490337</timestamp>
			</report>
			<report>
				<misses>1033001</misses>
				<total>797750</total>
				<timestamp>113.600354</timestamp>
			</report>
			<report>
				<misses>1034001</misses>
				<total>797753</total>
				<timestamp>113.710257</timestamp>
			</report>
			<report>
				<misses>1035001</misses>
				<total>797764</total>
				<timestamp>113.820135</timestamp>
			</report>
			<report>
				<misses>1036001</misses>
				<total>797764</total>
				<timestamp>113.930043</timestamp>
			</report>
			<report>
				<misses>1037001</misses>
				<total>797764</total>
				<timestamp>114.039921</timestamp>
			</report>
			<report>
				<misses>1038001</misses>
				<total>797764</total>
				<timestamp>114.149819</timestamp>
			</report>
			<report>
				<misses>1039001</misses>
				<total>797765</total>
				<timestamp>114.259723</timestamp>
			</report>
			<report>
				<misses>1040001</misses>
				<total>797767</total>
				<timestamp>114.369632</timestamp>
			</report>
			<report>
				<misses>1041001</misses>
				<total>797767</total>
				<timestamp>114.479775</timestamp>
			</report>
			<report>
				<misses>1042001</misses>
				<total>797767</total>
				<timestamp>114.589699</timestamp>
			</report>
			<report>
				<misses>1043001</misses>
				<total>797767</total>
				<timestamp>114.699609</timestamp>
			</report>
			<report>
				<misses>1044001</misses>
				<total>797767</total>
				<timestamp>114.809586</timestamp>
			</report>
			<report>
				<misses>1045001</misses>
				<total>797768</total>
				<timestamp>114.919591</timestamp>
			</report>
			<report>
				<misses>1046001</misses>
				<total>797768</total>
				<timestamp>115.029602</timestamp>
			</report>
			<report>
				<misses>1047001</misses>
				<total>797768</total>
				<timestamp>115.139598</timestamp>
			</report>
			<report>
				<misses>1048001</misses>
				<total>797995</total>
				<timestamp>115.249646</timestamp>
			</report>
			<report>
				<misses>1049001</misses>
				<total>798994</total>
				<timestamp>115.359682</timestamp>
			</report>
			<report>
				<misses>1050001</misses>
				<total>799993</total>
				<timestamp>115.469633</timestamp>
			</report>
			<report>
				<misses>1051001</misses>
				<total>800992</total>
				<timestamp>115.579623</timestamp>
			</report>
			<report>
				<misses>1052001</misses>
				<total>801991</total>
				<timestamp>115.689564</timestamp>
			</report>
			<report>
				<misses>1053001</misses>
				<total>802990</total>
				<timestamp>115.799503</timestamp>
			</report>
			<report>
				<misses>1054001</misses>
				<total>803989</total>
				<timestamp>115.909448</timestamp>
			</report>
			<report>
				<misses>1055001</misses>
				<total>804988</total>
				<timestamp>116.019502</timestamp>
			</report>
			<report>
				<misses>1056001</misses>
				<total>805987</total>
				<timestamp>116.129428</timestamp>
			</report>
			<report>
				<misses>1057001</misses>
				<total>806986</total>
				<timestamp>116.239513</timestamp>
			</report>
			<report>
				<misses>1058001</misses>
				<total>807985</total>
				<timestamp>116.349458</timestamp>
			</report>
			<report>
				<misses>1059001</misses>
				<total>808984</total>
				<timestamp>116.459439</timestamp>
			</report>
			<report>
				<misses>1060001</misses>
				<total>809983</total>
				<timestamp>116.569500</timestamp>
			</report>
			<report>
				<misses>1061001</misses>
				<total>810982</total>
				<timestamp>116.679414</timestamp>
			</report>
			<report>
				<misses>1062001</misses>
				<total>811981</total>
				<timestamp>116.789418</timestamp>
			</report>
			<report>
				<misses>1063001</misses>
				<total>812980</total>
				<timestamp>116.899424</timestamp>
			</report>
			<report>
				<misses>1064001</misses>
				<total>813979</total>
				<timestamp>117.009491</timestamp>
			</report>
			<report>
				<misses>1065001</misses>
				<total>814978</total>
				<timestamp>117.119468</timestamp>
			</report>
			<report>
				<misses>1066001</misses>
				<total>815977</total>
				<timestamp>117.229512</timestamp>
			</report>
			<report>
				<misses>1067001</misses>
				<total>816976</total>
				<timestamp>117.339466</timestamp>
			</report>
			<report>
				<misses>1068001</misses>
				<total>817975</total>
				<timestamp>117.449553</timestamp>
			</report>
			<report>
				<misses>1069001</misses>
				<total>818974</total>
				<timestamp>117.559589</timestamp>
			</report>
			<report>
				<misses>1070001</misses>
				<total>819973</total>
				<timestamp>117.669571</timestamp>
			</report>
			<report>
				<misses>1071001</misses>
				<total>820972</total>
				<timestamp>117.779594</timestamp>
			</report>
			<report>
				<misses>1072001</misses>
				<total>821971</total>
				<timestamp>117.889578</timestamp>
			</report>
			<report>
				<misses>1073001</misses>
				<total>822970</total>
				<timestamp>117.999623</timestamp>
			</report>
			<report>
				<misses>1074001</misses>
				<total>823969</total>
				<timestamp>118.109614</timestamp>
			</report>
			<report>
				<misses>1075001</misses>
				<total>824968</total>
				<timestamp>118.219602</timestamp>
			</report>
			<report>
				<misses>1076001</misses>
				<total>825967</total>
				<timestamp>118.329561</timestamp>
			</report>
			<report>
				<misses>1077001</misses>
				<total>826966</total>
				<timestamp>118.439580</timestamp>
			</report>
			<report>
				<misses>1078001</misses>
				<total>827965</total>
				<timestamp>118.549545</timestamp>
			</report>
			<report>
				<misses>1079001</misses>
				<total>828964</total>
				<timestamp>118.659578</timestamp>
			</report>
			<report>
				<misses>1080001</misses>
				<total>829963</total>
				<timestamp>118.769562</timestamp>
			</report>
			<report>
				<misses>1081001</misses>
				<total>830962</total>
				<timestamp>118.879572</timestamp>
			</report>
			<report>
				<misses>1082001</misses>
				<total>831961</total>
				<timestamp>118.989565</timestamp>
			</report>
			<report>
				<misses>1083001</misses>
				<total>832960</total>
				<timestamp>119.099573</timestamp>
			</report>
			<report>
				<misses>1084001</misses>
				<total>833959</total>
				<timestamp>119.209575</timestamp>
			</report>
			<report>
				<misses>1085001</misses>
				<total>834958</total>
				<timestamp>119.319570</timestamp>
			</report>
			<report>
				<misses>1086001</misses>
				<total>835957</total>
				<timestamp>119.429567</timestamp>
			</report>
			<report>
				<misses>1087001</misses>
				<total>836956</total>
				<timestamp>119.539579</timestamp>
			</report>
			<report>
				<misses>1088001</misses>
				<total>837955</total>
				<timestamp>119.649573</timestamp>
			</report>
			<report>
				<misses>1089001</misses>
				<total>838954</total>
				<timestamp>119.759500</timestamp>
			</report>
			<report>
				<misses>1090001</misses>
				<total>839953</total>
				<timestamp>119.869457</timestamp>
			</report>
			<report>
				<misses>1091001</misses>
				<total>840952</total>
				<timestamp>119.979449</timestamp>
			</report>
			<report>
				<misses>1092001</misses>
				<total>841951</total>
				<timestamp>120.089441</timestamp>
			</report>
			<report>
				<misses>1093001</misses>
				<total>842950</total>
				<timestamp>120.199489</timestamp>
			</report>
			<report>
				<misses>1094001</misses>
				<total>843949</total>
				<timestamp>120.309417</timestamp>
			</report>
			<report>
				<misses>1095001</misses>
				<total>844948</total>
				<timestamp>120.419461</timestamp>
			</report>
			<report>
				<misses>1096001</misses>
				<total>845947</total>
				<timestamp>120.529480</timestamp>
			</report>
			<report>
				<misses>1097001</misses>
				<total>846946</total>
				<timestamp>120.639468</timestamp>
			</report>
			<report>
				<misses>1098001</misses>
				<total>847945</total>
				<timestamp>120.749515</timestamp>
			</report>
			<report>
				<misses>1099001</misses>
				<total>848944</total>
				<timestamp>120.859418</timestamp>
			</report>
			<report>
				<misses>1100001</misses>
				<total>849943</total>
				<timestamp>120.969454</timestamp>
			</report>
			<report>
				<misses>1101001</misses>
				<total>850942</total>
				<timestamp>121.079417</timestamp>
			</report>
			<report>
				<misses>1102001</misses>
				<total>851941</total>
				<timestamp>121.189446</timestamp>
			</report>
			<report>
				<misses>1103001</misses>
				<total>852940</total>
				<timestamp>121.299432</timestamp>
			</report>
			<report>
				<misses>1104001</misses>
				<total>853939</total>
				<timestamp>121.409466</timestamp>
			</report>
			<report>
				<misses>1105001</misses>
				<total>854938</total>
				<timestamp>121.519468</timestamp>
			</report>
			<report>
				<misses>1106001</misses>
				<total>855937</total>
				<timestamp>121.629477</timestamp>
			</report>
			<report>
				<misses>1107001</misses>
				<total>856936</total>
				<timestamp>121.739452</timestamp>
			</report>
			<report>
				<misses>1108001</misses>
				<total>857935</total>
				<timestamp>121.849488</timestamp>
			</report>
			<report>
				<misses>1109001</misses>
				<total>858934</total>
				<timestamp>121.959415</timestamp>
			</report>
			<report>
				<misses>1110001</misses>
				<total>859933</total>
				<timestamp>122.069439</timestamp>
			</report>
			<report>
				<misses>1111001</misses>
				<total>860932</total>
				<timestamp>122.179512</timestamp>
			</report>
			<report>
				<misses>1112001</misses>
				<total>861931</total>
				<timestamp>122.289479</timestamp>
			</report>
			<report>
				<misses>1113001</misses>
				<total>862930</total>
				<timestamp>122.399474</timestamp>
			</report>
			<report>
				<misses>1114001</misses>
				<total>863929</total>
				<timestamp>122.509440</timestamp>
			</report>
			<report>
				<misses>1115001</misses>
				<total>864928</total>
				<timestamp>122.619455</timestamp>
			</report>
			<report>
				<misses>1116001</misses>
				<total>865927</total>
				<timestamp>122.729646</timestamp>
			</report>
			<report>
				<misses>1117001</misses>
				<total>866926</total>
				<timestamp>122.839610</timestamp>
			</report>
			<report>
				<misses>1118001</misses>
				<total>867925</total>
				<timestamp>122.949590</timestamp>
			</report>
			<report>
				<misses>1119001</misses>
				<total>868924</total>
				<timestamp>123.059546</timestamp>
			</report>
			<report>
				<misses>1120001</misses>
				<total>869923</total>
				<timestamp>123.169507</timestamp>
			</report>
			<report>
				<misses>1121001</misses>
				<total>870922</total>
				<timestamp>123.279408</timestamp>
			</report>
			<report>
				<misses>1122001</misses>
				<total>871921</total>
				<timestamp>123.389462</timestamp>
			</report>
			<report>
				<misses>1123001</misses>
				<total>872920</total>
				<timestamp>123.499446</timestamp>
			</report>
			<report>
				<misses>1124001</misses>
				<total>873919</total>
				<timestamp>123.609462</timestamp>
			</report>
			<report>
				<misses>1125001</misses>
				<total>874918</total>
				<timestamp>123.719407</timestamp>
			</report>
			<report>
				<misses>1126001</misses>
				<total>875917</total>
				<timestamp>123.829420</timestamp>
			</report>
			<report>
				<misses>1127001</misses>
				<total>876916</total>
				<timestamp>123.939424</timestamp>
			</report>
			<report>
				<misses>1128001</misses>
				<total>877915</total>
				<timestamp>124.049591</timestamp>
			</report>
			<report>
				<misses>1129001</misses>
				<total>878914</total>
				<timestamp>124.159518</timestamp>
			</report>
			<report>
				<misses>1130001</misses>
				<total>879913</total>
				<timestamp>124.269566</timestamp>
			</report>
			<report>
				<misses>1131001</misses>
				<total>880912</total>
				<timestamp>124.379601</timestamp>
			</report>
			<report>
				<misses>1132001</misses>
				<total>881911</total>
				<timestamp>124.489511</timestamp>
			</report>
			<report>
				<misses>1133001</misses>
				<total>882910</total>
				<timestamp>124.599443</timestamp>
			</report>
			<report>
				<misses>1134001</misses>
				<total>883909</total>
				<timestamp>124.709454</timestamp>
			</report>
			<report>
				<misses>1135001</misses>
				<total>884908</total>
				<timestamp>124.819516</timestamp>
			</report>
			<report>
				<misses>1136001</misses>
				<total>885907</total>
				<timestamp>124.929417</timestamp>
			</report>
			<report>
				<misses>1137001</misses>
				<total>886906</total>
				<timestamp>125.039467</timestamp>
			</report>
			<report>
				<misses>1138001</misses>
				<total>887905</total>
				<timestamp>125.149484</timestamp>
			</report>
			<report>
				<misses>1139001</misses>
				<total>888904</total>
				<timestamp>125.259394</timestamp>
			</report>
			<report>
				<misses>1140001</misses>
				<total>889903</total>
				<timestamp>125.369298</timestamp>
			</report>
			<report>
				<misses>1141001</misses>
				<total>890902</total>
				<timestamp>125.479160</timestamp>
			</report>
			<report>
				<misses>1142001</misses>
				<total>891901</total>
				<timestamp>125.589060</timestamp>
			</report>
			<report>
				<misses>1143001</misses>
				<total>892900</total>
				<timestamp>125.698930</timestamp>
			</report>
			<report>
				<misses>1144001</misses>
				<total>893899</total>
				<timestamp>125.808851</timestamp>
			</report>
			<report>
				<misses>1145001</misses>
				<total>894898</total>
				<timestamp>125.918717</timestamp>
			</report>
			<report>
				<misses>1146001</misses>
				<total>895897</total>
				<timestamp>126.028622</timestamp>
			</report>
			<report>
				<misses>1147001</misses>
				<total>896896</total>
				<timestamp>126.138603</timestamp>
			</report>
			<report>
				<misses>1148001</misses>
				<total>897895</total>
				<timestamp>126.248524</timestamp>
			</report>
			<report>
				<misses>1149001</misses>
				<total>898894</total>
				<timestamp>126.358454</timestamp>
			</report>
			<report>
				<misses>1150001</misses>
				<total>899893</total>
				<timestamp>126.468460</timestamp>
			</report>
			<report>
				<misses>1151001</misses>
				<total>900892</total>
				<timestamp>126.578469</timestamp>
			</report>
			<report>
				<misses>1152001</misses>
				<total>901891</total>
				<timestamp>126.688551</timestamp>
			</report>
			<report>
				<misses>1153001</misses>
				<total>902890</total>
				<timestamp>126.798551</timestamp>
			</report>
			<report>
				<misses>1154001</misses>
				<total>903889</total>
				<timestamp>126.908568</timestamp>
			</report>
			<report>
				<misses>1155001</misses>
				<total>904888</total>
				<timestamp>127.018537</timestamp>
			</report>
			<report>
				<misses>1156001</misses>
				<total>905887</total>
				<timestamp>127.128548</timestamp>
			</report>
			<report>
				<misses>1157001</misses>
				<total>906886</total>
				<timestamp>127.238552</timestamp>
			</report>
			<report>
				<misses>1158001</misses>
				<total>907885</total>
				<timestamp>127.348538</timestamp>
			</report>
			<report>
				<misses>1159001</misses>
				<total>908884</total>
				<timestamp>127.458527</timestamp>
			</report>
			<report>
				<misses>1160001</misses>
				<total>909883</total>
				<timestamp>127.568418</timestamp>
			</report>
			<report>
				<misses>1161001</misses>
				<total>910882</total>
				<timestamp>127.678364</timestamp>
			</report>
			<report>
				<misses>1162001</misses>
				<total>911881</total>
				<timestamp>127.788374</timestamp>
			</report>
			<report>
				<misses>1163001</misses>
				<total>912880</total>
				<timestamp>127.898346</timestamp>
			</report>
			<report>
				<misses>1164001</misses>
				<total>913879</total>
				<timestamp>128.008325</timestamp>
			</report>
			<report>
				<misses>1165001</misses>
				<total>914878</total>
				<timestamp>128.118344</timestamp>
			</report>
			<report>
				<misses>1166001</misses>
				<total>915877</total>
				<timestamp>128.228287</timestamp>
			</report>
			<report>
				<misses>1167001</misses>
				<total>916876</total>
				<timestamp>128.338398</timestamp>
			</report>
			<report>
				<misses>1168001</misses>
				<total>917875</total>
				<timestamp>128.448341</timestamp>
			</report>
			<report>
				<misses>1169001</misses>
				<total>918874</total>
				<timestamp>128.558335</timestamp>
			</report>
			<report>
				<misses>1170001</misses>
				<total>919873</total>
				<timestamp>128.668383</timestamp>
			</report>
			<report>
				<misses>1171001</misses>
				<total>920872</total>
				<timestamp>128.778378</timestamp>
			</report>
			<report>
				<misses>1172001</misses>
				<total>921871</total>
				<timestamp>128.888338</timestamp>
			</report>
			<report>
				<misses>1173001</misses>
				<total>922870</total>
				<timestamp>128.998368</timestamp>
			</report>
			<report>
				<misses>1174001</misses>
				<total>923869</total>
				<timestamp>129.108368</timestamp>
			</report>
			<report>
				<misses>1175001</misses>
				<total>924868</total>
				<timestamp>129.218326</timestamp>
			</report>
			<report>
				<misses>1176001</misses>
				<total>925867</total>
				<timestamp>129.328371</timestamp>
			</report>
			<report>
				<misses>1177001</misses>
				<total>926866</total>
				<timestamp>129.438339</timestamp>
			</report>
			<report>
				<misses>1178001</misses>
				<total>927865</total>
				<timestamp>129.548353</timestamp>
			</report>
			<report>
				<misses>1179001</misses>
				<total>928864</total>
				<timestamp>129.658316</timestamp>
			</report>
			<report>
				<misses>1180001</misses>
				<total>929863</total>
				<timestamp>129.768383</timestamp>
			</report>
			<report>
				<misses>1181001</misses>
				<total>930862</total>
				<timestamp>129.878367</timestamp>
			</report>
			<report>
				<misses>1182001</misses>
				<total>931861</total>
				<timestamp>129.988452</timestamp>
			</report>
			<report>
				<misses>1183001</misses>
				<total>932860</total>
				<timestamp>130.098459</timestamp>
			</report>
			<report>
				<misses>1184001</misses>
				<total>933859</total>
				<timestamp>130.208560</timestamp>
			</report>
			<report>
				<misses>1185001</misses>
				<total>934858</total>
				<timestamp>130.318576</timestamp>
			</report>
			<report>
				<misses>1186001</misses>
				<total>935857</total>
				<timestamp>130.428546</timestamp>
			</report>
			<report>
				<misses>1187001</misses>
				<total>936856</total>
				<timestamp>130.538536</timestamp>
			</report>
			<report>
				<misses>1188001</misses>
				<total>937855</total>
				<timestamp>130.648530</timestamp>
			</report>
			<report>
				<misses>1189001</misses>
				<total>938854</total>
				<timestamp>130.758484</timestamp>
			</report>
			<report>
				<misses>1190001</misses>
				<total>939853</total>
				<timestamp>130.868451</timestamp>
			</report>
			<report>
				<misses>1191001</misses>
				<total>940852</total>
				<timestamp>130.978539</timestamp>
			</report>
			<report>
				<misses>1192001</misses>
				<total>941851</total>
				<timestamp>131.088564</timestamp>
			</report>
			<report>
				<misses>1193001</misses>
				<total>942850</total>
				<timestamp>131.198554</timestamp>
			</report>
			<report>
				<misses>1194001</misses>
				<total>943849</total>
				<timestamp>131.308576</timestamp>
			</report>
			<report>
				<misses>1195001</misses>
				<total>944848</total>
				<timestamp>131.418578</timestamp>
			</report>
			<report>
				<misses>1196001</misses>
				<total>945847</total>
				<timestamp>131.528529</timestamp>
			</report>
			<report>
				<misses>1197001</misses>
				<total>946846</total>
				<timestamp>131.638640</timestamp>
			</report>
			<report>
				<misses>1198001</misses>
				<total>947845</total>
				<timestamp>131.748559</timestamp>
			</report>
			<report>
				<misses>1199001</misses>
				<total>948844</total>
				<timestamp>131.858577</timestamp>
			</report>
			<report>
				<misses>1200001</misses>
				<total>949843</total>
				<timestamp>131.968518</timestamp>
			</report>
			<report>
				<misses>1201001</misses>
				<total>950842</total>
				<timestamp>132.078464</timestamp>
			</report>
			<report>
				<misses>1202001</misses>
				<total>951841</total>
				<timestamp>132.188500</timestamp>
			</report>
			<report>
				<misses>1203001</misses>
				<total>952840</total>
				<timestamp>132.298504</timestamp>
			</report>
			<report>
				<misses>1204001</misses>
				<total>953839</total>
				<timestamp>132.408478</timestamp>
			</report>
			<report>
				<misses>1205001</misses>
				<total>954838</total>
				<timestamp>132.518487</timestamp>
			</report>
			<report>
				<misses>1206001</misses>
				<total>955837</total>
				<timestamp>132.628461</timestamp>
			</report>
			<report>
				<misses>1207001</misses>
				<total>956836</total>
				<timestamp>132.738491</timestamp>
			</report>
			<report>
				<misses>1208001</misses>
				<total>957835</total>
				<timestamp>132.848487</timestamp>
			</report>
			<report>
				<misses>1209001</misses>
				<total>958834</total>
				<timestamp>132.958565</timestamp>
			</report>
			<report>
				<misses>1210001</misses>
				<total>959833</total>
				<timestamp>133.068566</timestamp>
			</report>
			<report>
				<misses>1211001</misses>
				<total>960832</total>
				<timestamp>133.178629</timestamp>
			</report>
			<report>
				<misses>1212001</misses>
				<total>961831</total>
				<timestamp>133.288562</timestamp>
			</report>
			<report>
				<misses>1213001</misses>
				<total>962830</total>
				<timestamp>133.398612</timestamp>
			</report>
			<report>
				<misses>1214001</misses>
				<total>963829</total>
				<timestamp>133.508605</timestamp>
			</report>
			<report>
				<misses>1215001</misses>
				<total>964828</total>
				<timestamp>133.618621</timestamp>
			</report>
			<report>
				<misses>1216001</misses>
				<total>965827</total>
				<timestamp>133.728564</timestamp>
			</report>
			<report>
				<misses>1217001</misses>
				<total>966826</total>
				<timestamp>133.838578</timestamp>
			</report>
			<report>
				<misses>1218001</misses>
				<total>967825</total>
				<timestamp>133.948558</timestamp>
			</report>
			<report>
				<misses>1219001</misses>
				<total>968824</total>
				<timestamp>134.058541</timestamp>
			</report>
			<report>
				<misses>1220001</misses>
				<total>969823</total>
				<timestamp>134.168598</timestamp>
			</report>
			<report>
				<misses>1221001</misses>
				<total>970822</total>
				<timestamp>134.278636</timestamp>
			</report>
			<report>
				<misses>1222001</misses>
				<total>971821</total>
				<timestamp>134.388543</timestamp>
			</report>
			<report>
				<misses>1223001</misses>
				<total>972820</total>
				<timestamp>134.498548</timestamp>
			</report>
			<report>
				<misses>1224001</misses>
				<total>973819</total>
				<timestamp>134.608548</timestamp>
			</report>
			<report>
				<misses>1225001</misses>
				<total>974818</total>
				<timestamp>134.718569</timestamp>
			</report>
			<report>
				<misses>1226001</misses>
				<total>975817</total>
				<timestamp>134.828624</timestamp>
			</report>
			<report>
				<misses>1227001</misses>
				<total>976816</total>
				<timestamp>134.938522</timestamp>
			</report>
			<report>
				<misses>1228001</misses>
				<total>977815</total>
				<timestamp>135.048512</timestamp>
			</report>
			<report>
				<misses>1229001</misses>
				<total>978814</total>
				<timestamp>135.158449</timestamp>
			</report>
			<report>
				<misses>1230001</misses>
				<total>979813</total>
				<timestamp>135.268469</timestamp>
			</report>
			<report>
				<misses>1231001</misses>
				<total>980812</total>
				<timestamp>135.378460</timestamp>
			</report>
			<report>
				<misses>1232001</misses>
				<total>981811</total>
				<timestamp>135.488495</timestamp>
			</report>
			<report>
				<misses>1233001</misses>
				<total>982810</total>
				<timestamp>135.598553</timestamp>
			</report>
			<report>
				<misses>1234001</misses>
				<total>983809</total>
				<timestamp>135.708537</timestamp>
			</report>
			<report>
				<misses>1235001</misses>
				<total>984808</total>
				<timestamp>135.818513</timestamp>
			</report>
			<report>
				<misses>1236001</misses>
				<total>985807</total>
				<timestamp>135.928469</timestamp>
			</report>
			<report>
				<misses>1237001</misses>
				<total>986806</total>
				<timestamp>136.038483</timestamp>
			</report>
			<report>
				<misses>1238001</misses>
				<total>987805</total>
				<timestamp>136.148481</timestamp>
			</report>
			<report>
				<misses>1239001</misses>
				<total>988804</total>
				<timestamp>136.258472</timestamp>
			</report>
			<report>
				<misses>1240001</misses>
				<total>989803</total>
				<timestamp>136.368489</timestamp>
			</report>
			<report>
				<misses>1241001</misses>
				<total>990802</total>
				<timestamp>136.478449</timestamp>
			</report>
			<report>
				<misses>1242001</misses>
				<total>991801</total>
				<timestamp>136.588514</timestamp>
			</report>
			<report>
				<misses>1243001</misses>
				<total>992800</total>
				<timestamp>136.698544</timestamp>
			</report>
			<report>
				<misses>1244001</misses>
				<total>993799</total>
				<timestamp>136.808557</timestamp>
			</report>
			<report>
				<misses>1245001</misses>
				<total>994798</total>
				<timestamp>136.918504</timestamp>
			</report>
			<report>
				<misses>1246001</misses>
				<total>995797</total>
				<timestamp>137.028461</timestamp>
			</report>
			<report>
				<misses>1247001</misses>
				<total>996796</total>
				<timestamp>137.138514</timestamp>
			</report>
			<report>
				<misses>1248001</misses>
				<total>997795</total>
				<timestamp>137.248429</timestamp>
			</report>
			<report>
				<misses>1249001</misses>
				<total>998794</total>
				<timestamp>137.358459</timestamp>
			</report>
			<report>
				<misses>1250001</misses>
				<total>999793</total>
				<timestamp>137.468505</timestamp>
			</report>
			<report>
				<misses>1251001</misses>
				<total>1000792</total>
				<timestamp>137.578495</timestamp>
			</report>
			<report>
				<misses>1252001</misses>
				<total>1001791</total>
				<timestamp>137.688447</timestamp>
			</report>
			<report>
				<misses>1253001</misses>
				<total>1002790</total>
				<timestamp>137.798453</timestamp>
			</report>
			<report>
				<misses>1254001</misses>
				<total>1003789</total>
				<timestamp>137.908455</timestamp>
			</report>
			<report>
				<misses>1255001</misses>
				<total>1004788</total>
				<timestamp>138.018460</timestamp>
			</report>
			<report>
				<misses>1256001</misses>
				<total>1005787</total>
				<timestamp>138.128509</timestamp>
			</report>
			<report>
				<misses>1257001</misses>
				<total>1006786</total>
				<timestamp>138.238492</timestamp>
			</report>
			<report>
				<misses>1258001</misses>
				<total>1007785</total>
				<timestamp>138.348443</timestamp>
			</report>
			<report>
				<misses>1259001</misses>
				<total>1008784</total>
				<timestamp>138.458451</timestamp>
			</report>
			<report>
				<misses>1260001</misses>
				<total>1009696</total>
				<timestamp>138.568450</timestamp>
			</report>
			<report>
				<misses>1261001</misses>
				<total>1010606</total>
				<timestamp>138.678453</timestamp>
			</report>
			<report>
				<misses>1262001</misses>
				<total>1011605</total>
				<timestamp>138.788450</timestamp>
			</report>
			<report>
				<misses>1263001</misses>
				<total>1012604</total>
				<timestamp>138.898472</timestamp>
			</report>
			<report>
				<misses>1264001</misses>
				<total>1013603</total>
				<timestamp>139.008405</timestamp>
			</report>
			<report>
				<misses>1265001</misses>
				<total>1014586</total>
				<timestamp>139.118342</timestamp>
			</report>
			<report>
				<misses>1266001</misses>
				<total>1015585</total>
				<timestamp>139.228364</timestamp>
			</report>
			<report>
				<misses>1267001</misses>
				<total>1016584</total>
				<timestamp>139.338285</timestamp>
			</report>
			<report>
				<misses>1268001</misses>
				<total>1017583</total>
				<timestamp>139.448166</timestamp>
			</report>
			<report>
				<misses>1269001</misses>
				<total>1018582</total>
				<timestamp>139.558057</timestamp>
			</report>
			<report>
				<misses>1270001</misses>
				<total>1019581</total>
				<timestamp>139.667965</timestamp>
			</report>
			<report>
				<misses>1271001</misses>
				<total>1020580</total>
				<timestamp>139.777832</timestamp>
			</report>
			<report>
				<misses>1272001</misses>
				<total>1021579</total>
				<timestamp>139.887774</timestamp>
			</report>
			<report>
				<misses>1273001</misses>
				<total>1022578</total>
				<timestamp>139.997785</timestamp>
			</report>
			<report>
				<misses>1274001</misses>
				<total>1023459</total>
				<timestamp>140.107711</timestamp>
			</report>
			<report>
				<misses>1275001</misses>
				<total>1023460</total>
				<timestamp>140.217658</timestamp>
			</report>
			<report>
				<misses>1276001</misses>
				<total>1023459</total>
				<timestamp>140.327637</timestamp>
			</report>
			<report>
				<misses>1277001</misses>
				<total>1023459</total>
				<timestamp>140.437546</timestamp>
			</report>
			<report>
				<misses>1278001</misses>
				<total>1023460</total>
				<timestamp>140.547523</timestamp>
			</report>
			<report>
				<misses>1279001</misses>
				<total>1023459</total>
				<timestamp>140.657420</timestamp>
			</report>
			<report>
				<misses>1280001</misses>
				<total>1023459</total>
				<timestamp>140.767284</timestamp>
			</report>
			<report>
				<misses>1281001</misses>
				<total>1023459</total>
				<timestamp>140.877207</timestamp>
			</report>
			<report>
				<misses>1282001</misses>
				<total>1023459</total>
				<timestamp>140.987046</timestamp>
			</report>
			<report>
				<misses>1283001</misses>
				<total>1023459</total>
				<timestamp>141.096945</timestamp>
			</report>
			<report>
				<misses>1284001</misses>
				<total>1023460</total>
				<timestamp>141.206835</timestamp>
			</report>
			<report>
				<misses>1285001</misses>
				<total>1023459</total>
				<timestamp>141.316750</timestamp>
			</report>
			<report>
				<misses>1286001</misses>
				<total>1023459</total>
				<timestamp>141.426644</timestamp>
			</report>
			<report>
				<misses>1287001</misses>
				<total>1023459</total>
				<timestamp>141.536554</timestamp>
			</report>
			<report>
				<misses>1288001</misses>
				<total>1023459</total>
				<timestamp>141.646593</timestamp>
			</report>
			<report>
				<misses>1289001</misses>
				<total>1023459</total>
				<timestamp>141.756604</timestamp>
			</report>
			<report>
				<misses>1290001</misses>
				<total>1023464</total>
				<timestamp>141.866583</timestamp>
			</report>
			<report>
				<misses>1291001</misses>
				<total>1023464</total>
				<timestamp>141.976609</timestamp>
			</report>
			<report>
				<misses>1292001</misses>
				<total>1023464</total>
				<timestamp>142.086564</timestamp>
			</report>
			<report>
				<misses>1293001</misses>
				<total>1023466</total>
				<timestamp>142.196505</timestamp>
			</report>
			<report>
				<misses>1294001</misses>
				<total>1023466</total>
				<timestamp>142.306486</timestamp>
			</report>
			<report>
				<misses>1295001</misses>
				<total>1023466</total>
				<timestamp>142.416484</timestamp>
			</report>
			<report>
				<misses>1296001</misses>
				<total>1023466</total>
				<timestamp>142.526493</timestamp>
			</report>
			<report>
				<misses>1297001</misses>
				<total>1023466</total>
				<timestamp>142.636470</timestamp>
			</report>
			<report>
				<misses>1298001</misses>
				<total>1023466</total>
				<timestamp>142.746488</timestamp>
			</report>
			<report>
				<misses>1299001</misses>
				<total>1023495</total>
				<timestamp>142.856429</timestamp>
			</report>
			<report>
				<misses>1300001</misses>
				<total>1023495</total>
				<timestamp>142.966325</timestamp>
			</report>
			<report>
				<misses>1301001</misses>
				<total>1023495</total>
				<timestamp>143.076272</timestamp>
			</report>
			<report>
				<misses>1302001</misses>
				<total>1023495</total>
				<timestamp>143.186264</timestamp>
			</report>
			<report>
				<misses>1303001</misses>
				<total>1023495</total>
				<timestamp>143.296268</timestamp>
			</report>
			<report>
				<misses>1304001</misses>
				<total>1023495</total>
				<timestamp>143.406312</timestamp>
			</report>
			<report>
				<misses>1305001</misses>
				<total>1023495</total>
				<timestamp>143.516281</timestamp>
			</report>
			<report>
				<misses>1306001</misses>
				<total>1023495</total>
				<timestamp>143.626255</timestamp>
			</report>
			<report>
				<misses>1307001</misses>
				<total>1023495</total>
				<timestamp>143.736261</timestamp>
			</report>
			<report>
				<misses>1308001</misses>
				<total>1023495</total>
				<timestamp>143.846192</timestamp>
			</report>
			<report>
				<misses>1309001</misses>
				<total>1023495</total>
				<timestamp>143.956080</timestamp>
			</report>
			<report>
				<misses>1310001</misses>
				<total>1023495</total>
				<timestamp>144.065952</timestamp>
			</report>
			<report>
				<misses>1311001</misses>
				<total>1023495</total>
				<timestamp>144.175851</timestamp>
			</report>
			<report>
				<misses>1312001</misses>
				<total>1023496</total>
				<timestamp>144.285747</timestamp>
			</report>
			<report>
				<misses>1313001</misses>
				<total>1023496</total>
				<timestamp>144.395633</timestamp>
			</report>
			<report>
				<misses>1314001</misses>
				<total>1023495</total>
				<timestamp>144.505574</timestamp>
			</report>
			<report>
				<misses>1315001</misses>
				<total>1023495</total>
				<timestamp>144.615559</timestamp>
			</report>
			<report>
				<misses>1316001</misses>
				<total>1023495</total>
				<timestamp>144.725497</timestamp>
			</report>
			<report>
				<misses>1317001</misses>
				<total>1023494</total>
				<timestamp>144.835476</timestamp>
			</report>
			<report>
				<misses>1318001</misses>
				<total>1023497</total>
				<timestamp>144.945479</timestamp>
			</report>
			<report>
				<misses>1319001</misses>
				<total>1023497</total>
				<timestamp>145.055473</timestamp>
			</report>
			<report>
				<misses>1320001</misses>
				<total>1023497</total>
				<timestamp>145.165455</timestamp>
			</report>
			<report>
				<misses>1321001</misses>
				<total>1023497</total>
				<timestamp>145.275497</timestamp>
			</report>
			<report>
				<misses>1322001</misses>
				<total>1023497</total>
				<timestamp>145.385471</timestamp>
			</report>
			<report>
				<misses>1323001</misses>
				<total>1023497</total>
				<timestamp>145.495421</timestamp>
			</report>
			<report>
				<misses>1324001</misses>
				<total>1023497</total>
				<timestamp>145.605410</timestamp>
			</report>
			<report>
				<misses>1325001</misses>
				<total>1023497</total>
				<timestamp>145.715392</timestamp>
			</report>
			<report>
				<misses>1326001</misses>
				<total>1023497</total>
				<timestamp>145.825334</timestamp>
			</report>
			<report>
				<misses>1327001</misses>
				<total>1023501</total>
				<timestamp>145.935324</timestamp>
			</report>
			<report>
				<misses>1328001</misses>
				<total>1023500</total>
				<timestamp>146.045254</timestamp>
			</report>
			<report>
				<misses>1329001</misses>
				<total>1023506</total>
				<timestamp>146.155256</timestamp>
			</report>
			<report>
				<misses>1330001</misses>
				<total>1023508</total>
				<timestamp>146.265238</timestamp>
			</report>
			<report>
				<misses>1331001</misses>
				<total>1023508</total>
				<timestamp>146.375258</timestamp>
			</report>
			<report>
				<misses>1332001</misses>
				<total>1023508</total>
				<timestamp>146.485231</timestamp>
			</report>
			<report>
				<misses>1333001</misses>
				<total>1023508</total>
				<timestamp>146.595332</timestamp>
			</report>
			<report>
				<misses>1334001</misses>
				<total>1023508</total>
				<timestamp>146.705265</timestamp>
			</report>
			<report>
				<misses>1335001</misses>
				<total>1023508</total>
				<timestamp>146.815352</timestamp>
			</report>
			<report>
				<misses>1336001</misses>
				<total>1023508</total>
				<timestamp>146.925347</timestamp>
			</report>
			<report>
				<misses>1337001</misses>
				<total>1023515</total>
				<timestamp>147.035413</timestamp>
			</report>
			<report>
				<misses>1338001</misses>
				<total>1023515</total>
				<timestamp>147.145342</timestamp>
			</report>
			<report>
				<misses>1339001</misses>
				<total>1023515</total>
				<timestamp>147.255305</timestamp>
			</report>
			<report>
				<misses>1340001</misses>
				<total>1023515</total>
				<timestamp>147.365253</timestamp>
			</report>
			<report>
				<misses>1341001</misses>
				<total>1023515</total>
				<timestamp>147.475258</timestamp>
			</report>
			<report>
				<misses>1342001</misses>
				<total>1023515</total>
				<timestamp>147.585224</timestamp>
			</report>
			<report>
				<misses>1343001</misses>
				<total>1023515</total>
				<timestamp>147.695096</timestamp>
			</report>
			<report>
				<misses>1344001</misses>
				<total>1023834</total>
				<timestamp>147.804976</timestamp>
			</report>
			<report>
				<misses>1345001</misses>
				<total>1024833</total>
				<timestamp>147.914883</timestamp>
			</report>
			<report>
				<misses>1346001</misses>
				<total>1025832</total>
				<timestamp>148.024763</timestamp>
			</report>
			<report>
				<misses>1347001</misses>
				<total>1026831</total>
				<timestamp>148.134673</timestamp>
			</report>
			<report>
				<misses>1348001</misses>
				<total>1027830</total>
				<timestamp>148.244547</timestamp>
			</report>
			<report>
				<misses>1349001</misses>
				<total>1028829</total>
				<timestamp>148.354452</timestamp>
			</report>
			<report>
				<misses>1350001</misses>
				<total>1029828</total>
				<timestamp>148.464319</timestamp>
			</report>
			<report>
				<misses>1351001</misses>
				<total>1030827</total>
				<timestamp>148.574290</timestamp>
			</report>
			<report>
				<misses>1352001</misses>
				<total>1031826</total>
				<timestamp>148.684237</timestamp>
			</report>
			<report>
				<misses>1353001</misses>
				<total>1032825</total>
				<timestamp>148.794118</timestamp>
			</report>
			<report>
				<misses>1354001</misses>
				<total>1033824</total>
				<timestamp>148.904043</timestamp>
			</report>
			<report>
				<misses>1355001</misses>
				<total>1034823</total>
				<timestamp>149.013979</timestamp>
			</report>
			<report>
				<misses>1356001</misses>
				<total>1035822</total>
				<timestamp>149.123891</timestamp>
			</report>
			<report>
				<misses>1357001</misses>
				<total>1036821</total>
				<timestamp>149.233773</timestamp>
			</report>
			<report>
				<misses>1358001</misses>
				<total>1037820</total>
				<timestamp>149.343694</timestamp>
			</report>
			<report>
				<misses>1359001</misses>
				<total>1038819</total>
				<timestamp>149.453673</timestamp>
			</report>
			<report>
				<misses>1360001</misses>
				<total>1039818</total>
				<timestamp>149.563562</timestamp>
			</report>
			<report>
				<misses>1361001</misses>
				<total>1040817</total>
				<timestamp>149.673472</timestamp>
			</report>
			<report>
				<misses>1362001</misses>
				<total>1041816</total>
				<timestamp>149.783464</timestamp>
			</report>
			<report>
				<misses>1363001</misses>
				<total>1042815</total>
				<timestamp>149.893365</timestamp>
			</report>
			<report>
				<misses>1364001</misses>
				<total>1043814</total>
				<timestamp>150.003356</timestamp>
			</report>
			<report>
				<misses>1365001</misses>
				<total>1044813</total>
				<timestamp>150.113300</timestamp>
			</report>
			<report>
				<misses>1366001</misses>
				<total>1045812</total>
				<timestamp>150.223257</timestamp>
			</report>
			<report>
				<misses>1367001</misses>
				<total>1046811</total>
				<timestamp>150.333313</timestamp>
			</report>
			<report>
				<misses>1368001</misses>
				<total>1047810</total>
				<timestamp>150.443240</timestamp>
			</report>
			<report>
				<misses>1369001</misses>
				<total>1048809</total>
				<timestamp>150.553223</timestamp>
			</report>
			<report>
				<misses>1370001</misses>
				<total>1049808</total>
				<timestamp>150.663122</timestamp>
			</report>
			<report>
				<misses>1371001</misses>
				<total>1050807</total>
				<timestamp>150.773005</timestamp>
			</report>
			<report>
				<misses>1372001</misses>
				<total>1051806</total>
				<timestamp>150.882903</timestamp>
			</report>
			<report>
				<misses>1373001</misses>
				<total>1052805</total>
				<timestamp>150.992780</timestamp>
			</report>
			<report>
				<misses>1374001</misses>
				<total>1053804</total>
				<timestamp>151.102670</timestamp>
			</report>
			<report>
				<misses>1375001</misses>
				<total>1054803</total>
				<timestamp>151.212547</timestamp>
			</report>
			<report>
				<misses>1376001</misses>
				<total>1055802</total>
				<timestamp>151.322559</timestamp>
			</report>
			<report>
				<misses>1377001</misses>
				<total>1056801</total>
				<timestamp>151.432505</timestamp>
			</report>
			<report>
				<misses>1378001</misses>
				<total>1057800</total>
				<timestamp>151.542468</timestamp>
			</report>
			<report>
				<misses>1379001</misses>
				<total>1058799</total>
				<timestamp>151.652403</timestamp>
			</report>
			<report>
				<misses>1380001</misses>
				<total>1059798</total>
				<timestamp>151.762385</timestamp>
			</report>
			<report>
				<misses>1381001</misses>
				<total>1060797</total>
				<timestamp>151.872374</timestamp>
			</report>
			<report>
				<misses>1382001</misses>
				<total>1061796</total>
				<timestamp>151.982407</timestamp>
			</report>
			<report>
				<misses>1383001</misses>
				<total>1062795</total>
				<timestamp>152.092362</timestamp>
			</report>
			<report>
				<misses>1384001</misses>
				<total>1063794</total>
				<timestamp>152.202317</timestamp>
			</report>
			<report>
				<misses>1385001</misses>
				<total>1064793</total>
				<timestamp>152.312262</timestamp>
			</report>
			<report>
				<misses>1386001</misses>
				<total>1065792</total>
				<timestamp>152.422296</timestamp>
			</report>
			<report>
				<misses>1387001</misses>
				<total>1066791</total>
				<timestamp>152.532278</timestamp>
			</report>
			<report>
				<misses>1388001</misses>
				<total>1067790</total>
				<timestamp>152.642305</timestamp>
			</report>
			<report>
				<misses>1389001</misses>
				<total>1068789</total>
				<timestamp>152.752250</timestamp>
			</report>
			<report>
				<misses>1390001</misses>
				<total>1069788</total>
				<timestamp>152.862125</timestamp>
			</report>
			<report>
				<misses>1391001</misses>
				<total>1070787</total>
				<timestamp>152.972018</timestamp>
			</report>
			<report>
				<misses>1392001</misses>
				<total>1071786</total>
				<timestamp>153.081897</timestamp>
			</report>
			<report>
				<misses>1393001</misses>
				<total>1072785</total>
				<timestamp>153.191808</timestamp>
			</report>
			<report>
				<misses>1394001</misses>
				<total>1073784</total>
				<timestamp>153.301699</timestamp>
			</report>
			<report>
				<misses>1395001</misses>
				<total>1074783</total>
				<timestamp>153.411598</timestamp>
			</report>
			<report>
				<misses>1396001</misses>
				<total>1075782</total>
				<timestamp>153.521531</timestamp>
			</report>
			<report>
				<misses>1397001</misses>
				<total>1076781</total>
				<timestamp>153.631536</timestamp>
			</report>
			<report>
				<misses>1398001</misses>
				<total>1077780</total>
				<timestamp>153.741529</timestamp>
			</report>
			<report>
				<misses>1399001</misses>
				<total>1078779</total>
				<timestamp>153.851524</timestamp>
			</report>
			<report>
				<misses>1400001</misses>
				<total>1079778</total>
				<timestamp>153.961538</timestamp>
			</report>
			<report>
				<misses>1401001</misses>
				<total>1080777</total>
				<timestamp>154.071536</timestamp>
			</report>
			<report>
				<misses>1402001</misses>
				<total>1081776</total>
				<timestamp>154.181529</timestamp>
			</report>
			<report>
				<misses>1403001</misses>
				<total>1082775</total>
				<timestamp>154.291525</timestamp>
			</report>
			<report>
				<misses>1404001</misses>
				<total>1083774</total>
				<timestamp>154.401471</timestamp>
			</report>
			<report>
				<misses>1405001</misses>
				<total>1084773</total>
				<timestamp>154.511419</timestamp>
			</report>
			<report>
				<misses>1406001</misses>
				<total>1085772</total>
				<timestamp>154.621399</timestamp>
			</report>
			<report>
				<misses>1407001</misses>
				<total>1086771</total>
				<timestamp>154.731391</timestamp>
			</report>
			<report>
				<misses>1408001</misses>
				<total>1087770</total>
				<timestamp>154.841391</timestamp>
			</report>
			<report>
				<misses>1409001</misses>
				<total>1088769</total>
				<timestamp>154.951462</timestamp>
			</report>
			<report>
				<misses>1410001</misses>
				<total>1089768</total>
				<timestamp>155.061394</timestamp>
			</report>
			<report>
				<misses>1411001</misses>
				<total>1090767</total>
				<timestamp>155.171385</timestamp>
			</report>
			<report>
				<misses>1412001</misses>
				<total>1091766</total>
				<timestamp>155.281420</timestamp>
			</report>
			<report>
				<misses>1413001</misses>
				<total>1092765</total>
				<timestamp>155.391427</timestamp>
			</report>
			<report>
				<misses>1414001</misses>
				<total>1093764</total>
				<timestamp>155.501457</timestamp>
			</report>
			<report>
				<misses>1415001</misses>
				<total>1094763</total>
				<timestamp>155.611365</timestamp>
			</report>
			<report>
				<misses>1416001</misses>
				<total>1095762</total>
				<timestamp>155.721295</timestamp>
			</report>
			<report>
				<misses>1417001</misses>
				<total>1096761</total>
				<timestamp>155.831280</timestamp>
			</report>
			<report>
				<misses>1418001</misses>
				<total>1097760</total>
				<timestamp>155.941252</timestamp>
			</report>
			<report>
				<misses>1419001</misses>
				<total>1098759</total>
				<timestamp>156.051272</timestamp>
			</report>
			<report>
				<misses>1420001</misses>
				<total>1099758</total>
				<timestamp>156.161253</timestamp>
			</report>
			<report>
				<misses>1421001</misses>
				<total>1100757</total>
				<timestamp>156.271174</timestamp>
			</report>
			<report>
				<misses>1422001</misses>
				<total>1101756</total>
				<timestamp>156.381176</timestamp>
			</report>
			<report>
				<misses>1423001</misses>
				<total>1102755</total>
				<timestamp>156.491191</timestamp>
			</report>
			<report>
				<misses>1424001</misses>
				<total>1103754</total>
				<timestamp>156.601126</timestamp>
			</report>
			<report>
				<misses>1425001</misses>
				<total>1104753</total>
				<timestamp>156.711028</timestamp>
			</report>
			<report>
				<misses>1426001</misses>
				<total>1105752</total>
				<timestamp>156.820914</timestamp>
			</report>
			<report>
				<misses>1427001</misses>
				<total>1106751</total>
				<timestamp>156.930802</timestamp>
			</report>
			<report>
				<misses>1428001</misses>
				<total>1107750</total>
				<timestamp>157.040686</timestamp>
			</report>
			<report>
				<misses>1429001</misses>
				<total>1108749</total>
				<timestamp>157.150574</timestamp>
			</report>
			<report>
				<misses>1430001</misses>
				<total>1109748</total>
				<timestamp>157.260479</timestamp>
			</report>
			<report>
				<misses>1431001</misses>
				<total>1110747</total>
				<timestamp>157.370370</timestamp>
			</report>
			<report>
				<misses>1432001</misses>
				<total>1111746</total>
				<timestamp>157.480332</timestamp>
			</report>
			<report>
				<misses>1433001</misses>
				<total>1112745</total>
				<timestamp>157.590350</timestamp>
			</report>
			<report>
				<misses>1434001</misses>
				<total>1113744</total>
				<timestamp>157.700287</timestamp>
			</report>
			<report>
				<misses>1435001</misses>
				<total>1114743</total>
				<timestamp>157.810338</timestamp>
			</report>
			<report>
				<misses>1436001</misses>
				<total>1115742</total>
				<timestamp>157.920275</timestamp>
			</report>
			<report>
				<misses>1437001</misses>
				<total>1116741</total>
				<timestamp>158.030188</timestamp>
			</report>
			<report>
				<misses>1438001</misses>
				<total>1117740</total>
				<timestamp>158.140198</timestamp>
			</report>
			<report>
				<misses>1439001</misses>
				<total>1118739</total>
				<timestamp>158.250305</timestamp>
			</report>
			<report>
				<misses>1440001</misses>
				<total>1119738</total>
				<timestamp>158.360320</timestamp>
			</report>
			<report>
				<misses>1441001</misses>
				<total>1120737</total>
				<timestamp>158.470285</timestamp>
			</report>
			<report>
				<misses>1442001</misses>
				<total>1121736</total>
				<timestamp>158.580329</timestamp>
			</report>
			<report>
				<misses>1443001</misses>
				<total>1122735</total>
				<timestamp>158.690329</timestamp>
			</report>
			<report>
				<misses>1444001</misses>
				<total>1123734</total>
				<timestamp>158.800328</timestamp>
			</report>
			<report>
				<misses>1445001</misses>
				<total>1124733</total>
				<timestamp>158.910328</timestamp>
			</report>
			<report>
				<misses>1446001</misses>
				<total>1125732</total>
				<timestamp>159.020324</timestamp>
			</report>
			<report>
				<misses>1447001</misses>
				<total>1126731</total>
				<timestamp>159.130337</timestamp>
			</report>
			<report>
				<misses>1448001</misses>
				<total>1127730</total>
				<timestamp>159.240327</timestamp>
			</report>
			<report>
				<misses>1449001</misses>
				<total>1128729</total>
				<timestamp>159.350347</timestamp>
			</report>
			<report>
				<misses>1450001</misses>
				<total>1129728</total>
				<timestamp>159.460309</timestamp>
			</report>
			<report>
				<misses>1451001</misses>
				<total>1130727</total>
				<timestamp>159.570330</timestamp>
			</report>
			<report>
				<misses>1452001</misses>
				<total>1131726</total>
				<timestamp>159.680317</timestamp>
			</report>
			<report>
				<misses>1453001</misses>
				<total>1132725</total>
				<timestamp>159.790298</timestamp>
			</report>
			<report>
				<misses>1454001</misses>
				<total>1133724</total>
				<timestamp>159.900299</timestamp>
			</report>
			<report>
				<misses>1455001</misses>
				<total>1134723</total>
				<timestamp>160.010316</timestamp>
			</report>
			<report>
				<misses>1456001</misses>
				<total>1135722</total>
				<timestamp>160.120348</timestamp>
			</report>
			<report>
				<misses>1457001</misses>
				<total>1136721</total>
				<timestamp>160.230237</timestamp>
			</report>
			<report>
				<misses>1458001</misses>
				<total>1137720</total>
				<timestamp>160.340203</timestamp>
			</report>
			<report>
				<misses>1459001</misses>
				<total>1138719</total>
				<timestamp>160.450231</timestamp>
			</report>
			<report>
				<misses>1460001</misses>
				<total>1139718</total>
				<timestamp>160.560169</timestamp>
			</report>
			<report>
				<misses>1461001</misses>
				<total>1140717</total>
				<timestamp>160.670169</timestamp>
			</report>
			<report>
				<misses>1462001</misses>
				<total>1141716</total>
				<timestamp>160.780027</timestamp>
			</report>
			<report>
				<misses>1463001</misses>
				<total>1142715</total>
				<timestamp>160.889985</timestamp>
			</report>
			<report>
				<misses>1464001</misses>
				<total>1143714</total>
				<timestamp>160.999938</timestamp>
			</report>
			<report>
				<misses>1465001</misses>
				<total>1144713</total>
				<timestamp>161.109800</timestamp>
			</report>
			<report>
				<misses>1466001</misses>
				<total>1145712</total>
				<timestamp>161.219690</timestamp>
			</report>
			<report>
				<misses>1467001</misses>
				<total>1146711</total>
				<timestamp>161.329589</timestamp>
			</report>
			<report>
				<misses>1468001</misses>
				<total>1147710</total>
				<timestamp>161.439543</timestamp>
			</report>
			<report>
				<misses>1469001</misses>
				<total>1148709</total>
				<timestamp>161.549515</timestamp>
			</report>
			<report>
				<misses>1470001</misses>
				<total>1149708</total>
				<timestamp>161.659529</timestamp>
			</report>
			<report>
				<misses>1471001</misses>
				<total>1150707</total>
				<timestamp>161.769528</timestamp>
			</report>
			<report>
				<misses>1472001</misses>
				<total>1151706</total>
				<timestamp>161.879483</timestamp>
			</report>
			<report>
				<misses>1473001</misses>
				<total>1152705</total>
				<timestamp>161.989376</timestamp>
			</report>
		</query>
	</custom>
	<ethtool_statistic>
		<rx_packets>
			<start>7066331587</start>
			<end>7080212396</end>
		</rx_packets>
		<tx_packets>
			<start>11791093524</start>
			<end>11819597461</end>
		</tx_packets>
		<rx_dropped>
			<start>421</start>
			<end>421</end>
		</rx_dropped>
		<tx_dropped>
			<start>0</start>
			<end>0</end>
		</tx_dropped>
		<collisions>
			<start>0</start>
			<end>0</end>
		</collisions>
		<port_tx_errors>
			<start>0</start>
			<end>0</end>
		</port_tx_errors>
		<port_rx_dropped>
			<start>0</start>
			<end>0</end>
		</port_rx_dropped>
		<port_tx_dropped_link_down>
			<start>0</start>
			<end>0</end>
		</port_tx_dropped_link_down>
	</ethtool_statistic>
	<ip_statistic>
		<mtu>
			<start>9000</start>
			<end>9000</end>
		</mtu>
		<rx_bytes>
			<start>29080908367221</start>
			<end>29136814394029</end>
		</rx_bytes>
		<rx_packets>
			<start>7066331646</start>
			<end>7080212516</end>
		</rx_packets>
		<rx_errors>
			<start>0</start>
			<end>0</end>
		</rx_errors>
		<rx_dropped>
			<start>421</start>
			<end>421</end>
		</rx_dropped>
		<rx_missed>
			<start>0</start>
			<end>0</end>
		</rx_missed>
		<rx_mcast>
			<start>4915</start>
			<end>4916</end>
		</rx_mcast>
		<tx_bytes>
			<start>39831975087216</start>
			<end>39970631068014</end>
		</tx_bytes>
		<tx_packets>
			<start>11791093725</start>
			<end>11819597978</end>
		</tx_packets>
		<tx_errors>
			<start>0</start>
			<end>0</end>
		</tx_errors>
		<tx_dropped>
			<start>0</start>
			<end>0</end>
		</tx_dropped>
		<tx_carrier>
			<start>0</start>
			<end>0</end>
		</tx_carrier>
		<tx_collisions>
			<start>0</start>
			<end>0</end>
		</tx_collisions>
	</ip_statistic>
	<netstat_statistic>
		<udp_pkg_rec>
			<start>6031923972</start>
			<end>6043925854</end>
		</udp_pkg_rec>
		<udp_pkg_snt>
			<start>10524618315</start>
			<end>10542816132</end>
		</udp_pkg_snt>
		<udp_rec_err>
			<start>1036321781</start>
			<end>1038201707</end>
		</udp_rec_err>
		<udp_rec_buf_err>
			<start>1036321781</start>
			<end>1038201707</end>
		</udp_rec_buf_err>
		<udp_snt_buf_err>
			<start>0</start>
			<end>0</end>
		</udp_snt_buf_err>
	</netstat_statistic>
</test_results>
